<?xml version="1.0" encoding="UTF-8"?>
<TestRun id="93dce00a-bf1f-4050-983b-d4a23826b773" name="TestResults" runUser="NT AUTHORITY\SYSTEM" xmlns="http://microsoft.com/schemas/VisualStudio/TeamTest/2010">
  <TestSettings name="Build Server Test Run" id="e954ff61-9c88-47b1-98ce-1a6fc7354954">
    <Description>This is a default test run configuration for a build server test run.</Description>
    <Deployment userDeploymentRoot="C:\BuildAgent\work\c1e1d8ccf6867220\Vulcan\AnalysisResults" useDefaultDeploymentRoot="false" enabled="false" runDeploymentRoot="TestResults[9]" />
    <NamingScheme baseName="TestResults" appendTimeStamp="false" useDefault="false" />
    <Execution>
      <TestTypeSpecific>
        <WebTestRunConfiguration testTypeId="4e7599fa-5ecb-43e9-a887-cd63cf72d207">
          <Browser name="Internet Explorer 7.0">
            <Headers>
              <Header name="User-Agent" value="Mozilla/4.0 (compatible; MSIE 7.0; Windows NT 5.1)" />
              <Header name="Accept" value="*/*" />
              <Header name="Accept-Language" value="{{$IEAcceptLanguage}}" />
              <Header name="Accept-Encoding" value="GZIP" />
            </Headers>
          </Browser>
        </WebTestRunConfiguration>
      </TestTypeSpecific>
      <AgentRule name="Execution Agents">
      </AgentRule>
    </Execution>
  </TestSettings>
  <Times creation="2010-04-22T02:16:54.1498272-07:00" queuing="2010-04-22T02:16:54.5404881-07:00" start="2010-04-22T02:16:54.6873531-07:00" finish="2010-04-22T02:17:36.8097125-07:00" />
  <ResultSummary outcome="Failed">
    <Counters total="235" executed="235" passed="173" error="0" failed="62" timeout="0" aborted="0" inconclusive="0" passedButRunAborted="0" notRunnable="0" notExecuted="0" disconnected="0" warning="0" completed="0" inProgress="0" pending="0" />
  </ResultSummary>
  <TestDefinitions>
    <UnitTest name="Templates_Package" storage="c:\buildagent\work\c1e1d8ccf6867220\vulcan\vulcantests\bin\anycpu\sign\vulcan.tests.dll" id="f5685f34-4148-d2eb-337e-e1889c02db78">
      <Execution id="4b39edfb-f284-491d-8511-d494e76513e2" />
      <TestMethod codeBase="C:/BuildAgent/work/c1e1d8ccf6867220/Vulcan/VulcanTests/bin/AnyCPU/Sign/Vulcan.Tests.DLL" adapterTypeName="Microsoft.VisualStudio.TestTools.TestTypes.Unit.UnitTestAdapter, Microsoft.VisualStudio.QualityTools.Tips.UnitTest.Adapter, Version=10.0.0.0, Culture=neutral, PublicKeyToken=b03f5f7f11d50a3a" className="VulcanTests.Ssis2008EmitterTests.Ssis2008EmitterTemplateTests, Vulcan.Tests, Version=1.0.0.0, Culture=neutral, PublicKeyToken=null" name="Templates_Package" />
    </UnitTest>
    <UnitTest name="CloneTable_BasicTable_IdentityKey_AddIdentityKey" storage="c:\buildagent\work\c1e1d8ccf6867220\vulcan\vulcantests\bin\anycpu\sign\vulcan.tests.dll" id="1b1d4ad9-af8e-68a0-7c0f-b10e0a47daf5">
      <Execution id="e33656d6-d059-428c-9395-32e53718396e" />
      <TestMethod codeBase="C:/BuildAgent/work/c1e1d8ccf6867220/Vulcan/VulcanTests/bin/AnyCPU/Sign/Vulcan.Tests.DLL" adapterTypeName="Microsoft.VisualStudio.TestTools.TestTypes.Unit.UnitTestAdapter, Microsoft.VisualStudio.QualityTools.Tips.UnitTest.Adapter, Version=10.0.0.0, Culture=neutral, PublicKeyToken=b03f5f7f11d50a3a" className="VulcanTests.AstLowererCloneTableTests, Vulcan.Tests, Version=1.0.0.0, Culture=neutral, PublicKeyToken=null" name="CloneTable_BasicTable_IdentityKey_AddIdentityKey" />
    </UnitTest>
    <UnitTest name="Table_StaticSourceBadBitValue" storage="c:\buildagent\work\c1e1d8ccf6867220\vulcan\vulcantests\bin\anycpu\sign\vulcan.tests.dll" id="44e34b86-55da-39f2-0b4c-f3e3fd71a856">
      <Execution id="8feab53e-9cd7-491b-8464-f5f824e916e9" />
      <TestMethod codeBase="C:/BuildAgent/work/c1e1d8ccf6867220/Vulcan/VulcanTests/bin/AnyCPU/Sign/Vulcan.Tests.DLL" adapterTypeName="Microsoft.VisualStudio.TestTools.TestTypes.Unit.UnitTestAdapter, Microsoft.VisualStudio.QualityTools.Tips.UnitTest.Adapter, Version=10.0.0.0, Culture=neutral, PublicKeyToken=b03f5f7f11d50a3a" className="VulcanTests.AstTableNodeTests, Vulcan.Tests, Version=1.0.0.0, Culture=neutral, PublicKeyToken=null" name="Table_StaticSourceBadBitValue" />
    </UnitTest>
    <UnitTest name="CloneTable_FullTable_MultipleKeys_CloneKeysTrue" storage="c:\buildagent\work\c1e1d8ccf6867220\vulcan\vulcantests\bin\anycpu\sign\vulcan.tests.dll" id="d4bbed1f-634b-1eee-a2ee-371e02c0f287">
      <Execution id="d79a27da-6eef-4553-8fcc-2b8f64d4596f" />
      <TestMethod codeBase="C:/BuildAgent/work/c1e1d8ccf6867220/Vulcan/VulcanTests/bin/AnyCPU/Sign/Vulcan.Tests.DLL" adapterTypeName="Microsoft.VisualStudio.TestTools.TestTypes.Unit.UnitTestAdapter, Microsoft.VisualStudio.QualityTools.Tips.UnitTest.Adapter, Version=10.0.0.0, Culture=neutral, PublicKeyToken=b03f5f7f11d50a3a" className="VulcanTests.AstLowererCloneTableTests, Vulcan.Tests, Version=1.0.0.0, Culture=neutral, PublicKeyToken=null" name="CloneTable_FullTable_MultipleKeys_CloneKeysTrue" />
    </UnitTest>
    <UnitTest name="Attribute_DimensionAttributeWithMultipleKeyColumns" storage="c:\buildagent\work\c1e1d8ccf6867220\vulcan\vulcantests\bin\anycpu\sign\vulcan.tests.dll" id="7ff1df09-c9b6-9a24-426c-e4ad20e41201">
      <Execution id="3c5f8648-f646-4fd9-b137-e964bb33a38b" />
      <TestMethod codeBase="C:/BuildAgent/work/c1e1d8ccf6867220/Vulcan/VulcanTests/bin/AnyCPU/Sign/Vulcan.Tests.DLL" adapterTypeName="Microsoft.VisualStudio.TestTools.TestTypes.Unit.UnitTestAdapter, Microsoft.VisualStudio.QualityTools.Tips.UnitTest.Adapter, Version=10.0.0.0, Culture=neutral, PublicKeyToken=b03f5f7f11d50a3a" className="VulcanTests.AstDimensionNodeTests, Vulcan.Tests, Version=1.0.0.0, Culture=neutral, PublicKeyToken=null" name="Attribute_DimensionAttributeWithMultipleKeyColumns" />
    </UnitTest>
    <UnitTest name="StoredProcedure_PrecedenceConstraint" storage="c:\buildagent\work\c1e1d8ccf6867220\vulcan\vulcantests\bin\anycpu\sign\vulcan.tests.dll" id="5be38c6d-35ee-e447-3092-8c010608bfef">
      <Execution id="db6cec14-73c2-46e0-9365-a00d547c4c25" />
      <TestMethod codeBase="C:/BuildAgent/work/c1e1d8ccf6867220/Vulcan/VulcanTests/bin/AnyCPU/Sign/Vulcan.Tests.DLL" adapterTypeName="Microsoft.VisualStudio.TestTools.TestTypes.Unit.UnitTestAdapter, Microsoft.VisualStudio.QualityTools.Tips.UnitTest.Adapter, Version=10.0.0.0, Culture=neutral, PublicKeyToken=b03f5f7f11d50a3a" className="VulcanTests.AstLowererPackageTests, Vulcan.Tests, Version=1.0.0.0, Culture=neutral, PublicKeyToken=null" name="StoredProcedure_PrecedenceConstraint" />
    </UnitTest>
    <UnitTest name="DataSourceView_TwoMeasureGroupsSameFact" storage="c:\buildagent\work\c1e1d8ccf6867220\vulcan\vulcantests\bin\anycpu\sign\vulcan.tests.dll" id="6931d0af-3d95-e098-c636-e32fcb8bf44d">
      <Execution id="4eb39ad3-e169-443d-af68-618d8f184f2c" />
      <TestMethod codeBase="C:/BuildAgent/work/c1e1d8ccf6867220/Vulcan/VulcanTests/bin/AnyCPU/Sign/Vulcan.Tests.DLL" adapterTypeName="Microsoft.VisualStudio.TestTools.TestTypes.Unit.UnitTestAdapter, Microsoft.VisualStudio.QualityTools.Tips.UnitTest.Adapter, Version=10.0.0.0, Culture=neutral, PublicKeyToken=b03f5f7f11d50a3a" className="VulcanTests.Ssas2008EmitterTests.Ssas2008EmitterDataSourceViewTests, Vulcan.Tests, Version=1.0.0.0, Culture=neutral, PublicKeyToken=null" name="DataSourceView_TwoMeasureGroupsSameFact" />
    </UnitTest>
    <UnitTest name="Container_Variables" storage="c:\buildagent\work\c1e1d8ccf6867220\vulcan\vulcantests\bin\anycpu\sign\vulcan.tests.dll" id="54fd0b92-8f4e-b78a-f2f2-08a74aae9e90">
      <Execution id="03eb1fc3-14de-41a0-83f7-d2cc4beb1a65" />
      <TestMethod codeBase="C:/BuildAgent/work/c1e1d8ccf6867220/Vulcan/VulcanTests/bin/AnyCPU/Sign/Vulcan.Tests.DLL" adapterTypeName="Microsoft.VisualStudio.TestTools.TestTypes.Unit.UnitTestAdapter, Microsoft.VisualStudio.QualityTools.Tips.UnitTest.Adapter, Version=10.0.0.0, Culture=neutral, PublicKeyToken=b03f5f7f11d50a3a" className="VulcanTests.Ssis2008EmitterTests.Ssis2008EmitterTaskTests, Vulcan.Tests, Version=1.0.0.0, Culture=neutral, PublicKeyToken=null" name="Container_Variables" />
    </UnitTest>
    <UnitTest name="Principal_WindowsGroup" storage="c:\buildagent\work\c1e1d8ccf6867220\vulcan\vulcantests\bin\anycpu\sign\vulcan.tests.dll" id="c72a7203-73ad-ca33-0cbc-63ace5c61baf">
      <Execution id="35da3130-5bed-473a-80fe-3ca8e532d4f9" />
      <TestMethod codeBase="C:/BuildAgent/work/c1e1d8ccf6867220/Vulcan/VulcanTests/bin/AnyCPU/Sign/Vulcan.Tests.DLL" adapterTypeName="Microsoft.VisualStudio.TestTools.TestTypes.Unit.UnitTestAdapter, Microsoft.VisualStudio.QualityTools.Tips.UnitTest.Adapter, Version=10.0.0.0, Culture=neutral, PublicKeyToken=b03f5f7f11d50a3a" className="VulcanTests.AstLowererPrincipalTests, Vulcan.Tests, Version=1.0.0.0, Culture=neutral, PublicKeyToken=null" name="Principal_WindowsGroup" />
    </UnitTest>
    <UnitTest name="CloneTable_FullTable_Default" storage="c:\buildagent\work\c1e1d8ccf6867220\vulcan\vulcantests\bin\anycpu\sign\vulcan.tests.dll" id="5dbbe750-7e4b-8965-656e-2ad3bb0409af">
      <Execution id="9b9ee160-3ce1-443f-9ee0-e79e5415b187" />
      <TestMethod codeBase="C:/BuildAgent/work/c1e1d8ccf6867220/Vulcan/VulcanTests/bin/AnyCPU/Sign/Vulcan.Tests.DLL" adapterTypeName="Microsoft.VisualStudio.TestTools.TestTypes.Unit.UnitTestAdapter, Microsoft.VisualStudio.QualityTools.Tips.UnitTest.Adapter, Version=10.0.0.0, Culture=neutral, PublicKeyToken=b03f5f7f11d50a3a" className="VulcanTests.AstLowererCloneTableTests, Vulcan.Tests, Version=1.0.0.0, Culture=neutral, PublicKeyToken=null" name="CloneTable_FullTable_Default" />
    </UnitTest>
    <UnitTest name="Etl_Transformations_SortBasic" storage="c:\buildagent\work\c1e1d8ccf6867220\vulcan\vulcantests\bin\anycpu\sign\vulcan.tests.dll" id="06bec740-3e5a-2459-0d88-f2d172ca50f1">
      <Execution id="22d1f889-48e2-4061-a7af-4dc94b6026bb" />
      <TestMethod codeBase="C:/BuildAgent/work/c1e1d8ccf6867220/Vulcan/VulcanTests/bin/AnyCPU/Sign/Vulcan.Tests.DLL" adapterTypeName="Microsoft.VisualStudio.TestTools.TestTypes.Unit.UnitTestAdapter, Microsoft.VisualStudio.QualityTools.Tips.UnitTest.Adapter, Version=10.0.0.0, Culture=neutral, PublicKeyToken=b03f5f7f11d50a3a" className="VulcanTests.Ssis2008EmitterTests.Ssis2008EmitterEtlTests, Vulcan.Tests, Version=1.0.0.0, Culture=neutral, PublicKeyToken=null" name="Etl_Transformations_SortBasic" />
    </UnitTest>
    <UnitTest name="Cube_Calculations" storage="c:\buildagent\work\c1e1d8ccf6867220\vulcan\vulcantests\bin\anycpu\sign\vulcan.tests.dll" id="d401bc94-40ba-afac-53fc-8cf870a428da">
      <Execution id="49e8fa71-1abb-4302-8f81-e9e57cbc1358" />
      <TestMethod codeBase="C:/BuildAgent/work/c1e1d8ccf6867220/Vulcan/VulcanTests/bin/AnyCPU/Sign/Vulcan.Tests.DLL" adapterTypeName="Microsoft.VisualStudio.TestTools.TestTypes.Unit.UnitTestAdapter, Microsoft.VisualStudio.QualityTools.Tips.UnitTest.Adapter, Version=10.0.0.0, Culture=neutral, PublicKeyToken=b03f5f7f11d50a3a" className="VulcanTests.Ssas2008EmitterTests.Ssas2008EmitterCubeTests, Vulcan.Tests, Version=1.0.0.0, Culture=neutral, PublicKeyToken=null" name="Cube_Calculations" />
    </UnitTest>
    <UnitTest name="Cube_Kpi" storage="c:\buildagent\work\c1e1d8ccf6867220\vulcan\vulcantests\bin\anycpu\sign\vulcan.tests.dll" id="3c499f81-2798-1752-241f-2880a3cdf90e">
      <Execution id="b2dac860-1da6-42e0-aac8-64a42bc01487" />
      <TestMethod codeBase="C:/BuildAgent/work/c1e1d8ccf6867220/Vulcan/VulcanTests/bin/AnyCPU/Sign/Vulcan.Tests.DLL" adapterTypeName="Microsoft.VisualStudio.TestTools.TestTypes.Unit.UnitTestAdapter, Microsoft.VisualStudio.QualityTools.Tips.UnitTest.Adapter, Version=10.0.0.0, Culture=neutral, PublicKeyToken=b03f5f7f11d50a3a" className="VulcanTests.Ssas2008EmitterTests.Ssas2008EmitterCubeTests, Vulcan.Tests, Version=1.0.0.0, Culture=neutral, PublicKeyToken=null" name="Cube_Kpi" />
    </UnitTest>
    <UnitTest name="Table_StaticSourceDuplicateKeyValues" storage="c:\buildagent\work\c1e1d8ccf6867220\vulcan\vulcantests\bin\anycpu\sign\vulcan.tests.dll" id="8ddde8d1-62ee-9348-c793-5d0a6d2eb141">
      <Execution id="19711c8f-cffe-4b22-8547-9715340a9837" />
      <TestMethod codeBase="C:/BuildAgent/work/c1e1d8ccf6867220/Vulcan/VulcanTests/bin/AnyCPU/Sign/Vulcan.Tests.DLL" adapterTypeName="Microsoft.VisualStudio.TestTools.TestTypes.Unit.UnitTestAdapter, Microsoft.VisualStudio.QualityTools.Tips.UnitTest.Adapter, Version=10.0.0.0, Culture=neutral, PublicKeyToken=b03f5f7f11d50a3a" className="VulcanTests.AstTableNodeTests, Vulcan.Tests, Version=1.0.0.0, Culture=neutral, PublicKeyToken=null" name="Table_StaticSourceDuplicateKeyValues" />
    </UnitTest>
    <UnitTest name="CalculatedMemberAssociatedMeasureGroup" storage="c:\buildagent\work\c1e1d8ccf6867220\vulcan\vulcantests\bin\anycpu\sign\vulcan.tests.dll" id="1e307603-9cc5-6187-9fd4-c62f632f26fe">
      <Execution id="ec1b57a0-8c55-425c-b578-adfbc107530c" />
      <TestMethod codeBase="C:/BuildAgent/work/c1e1d8ccf6867220/Vulcan/VulcanTests/bin/AnyCPU/Sign/Vulcan.Tests.DLL" adapterTypeName="Microsoft.VisualStudio.TestTools.TestTypes.Unit.UnitTestAdapter, Microsoft.VisualStudio.QualityTools.Tips.UnitTest.Adapter, Version=10.0.0.0, Culture=neutral, PublicKeyToken=b03f5f7f11d50a3a" className="VulcanTests.Ssas2008EmitterTests.Ssas2008EmitterCalculationTests, Vulcan.Tests, Version=1.0.0.0, Culture=neutral, PublicKeyToken=null" name="CalculatedMemberAssociatedMeasureGroup" />
    </UnitTest>
    <UnitTest name="Schema_BasicAndEmpty" storage="c:\buildagent\work\c1e1d8ccf6867220\vulcan\vulcantests\bin\anycpu\sign\vulcan.tests.dll" id="dd8e7ae0-e758-e846-5a93-10f70d19335a">
      <Execution id="84143628-9797-467e-8958-fd283656582c" />
      <TestMethod codeBase="C:/BuildAgent/work/c1e1d8ccf6867220/Vulcan/VulcanTests/bin/AnyCPU/Sign/Vulcan.Tests.DLL" adapterTypeName="Microsoft.VisualStudio.TestTools.TestTypes.Unit.UnitTestAdapter, Microsoft.VisualStudio.QualityTools.Tips.UnitTest.Adapter, Version=10.0.0.0, Culture=neutral, PublicKeyToken=b03f5f7f11d50a3a" className="VulcanTests.AstLowererSchemaTests, Vulcan.Tests, Version=1.0.0.0, Culture=neutral, PublicKeyToken=null" name="Schema_BasicAndEmpty" />
    </UnitTest>
    <UnitTest name="CloneTable_BasicAndEmpty" storage="c:\buildagent\work\c1e1d8ccf6867220\vulcan\vulcantests\bin\anycpu\sign\vulcan.tests.dll" id="48a44f0b-aefa-ae73-f430-5b02d7fe47ab">
      <Execution id="81c09e99-59c7-49fa-af81-470d81d37d0d" />
      <TestMethod codeBase="C:/BuildAgent/work/c1e1d8ccf6867220/Vulcan/VulcanTests/bin/AnyCPU/Sign/Vulcan.Tests.DLL" adapterTypeName="Microsoft.VisualStudio.TestTools.TestTypes.Unit.UnitTestAdapter, Microsoft.VisualStudio.QualityTools.Tips.UnitTest.Adapter, Version=10.0.0.0, Culture=neutral, PublicKeyToken=b03f5f7f11d50a3a" className="VulcanTests.AstLowererCloneTableTests, Vulcan.Tests, Version=1.0.0.0, Culture=neutral, PublicKeyToken=null" name="CloneTable_BasicAndEmpty" />
    </UnitTest>
    <UnitTest name="Etl_DelayValidation" storage="c:\buildagent\work\c1e1d8ccf6867220\vulcan\vulcantests\bin\anycpu\sign\vulcan.tests.dll" id="5a45f3e0-567f-242e-bd09-f554a65dd7fd">
      <Execution id="cc19a921-f75b-47fd-a15d-1b04f4ecfa4a" />
      <TestMethod codeBase="C:/BuildAgent/work/c1e1d8ccf6867220/Vulcan/VulcanTests/bin/AnyCPU/Sign/Vulcan.Tests.DLL" adapterTypeName="Microsoft.VisualStudio.TestTools.TestTypes.Unit.UnitTestAdapter, Microsoft.VisualStudio.QualityTools.Tips.UnitTest.Adapter, Version=10.0.0.0, Culture=neutral, PublicKeyToken=b03f5f7f11d50a3a" className="VulcanTests.Ssis2008EmitterTests.Ssis2008EmitterEtlTests, Vulcan.Tests, Version=1.0.0.0, Culture=neutral, PublicKeyToken=null" name="Etl_DelayValidation" />
    </UnitTest>
    <UnitTest name="TestEnumerate" storage="c:\buildagent\work\c1e1d8ccf6867220\vulcan\vulcantests\bin\anycpu\sign\vulcan.tests.dll" id="b7dcdc76-44bc-f7da-aaf6-0bc400532718">
      <Execution id="1282d05a-7d82-4e49-a3c3-bb5b9c9038d4" />
      <TestMethod codeBase="C:/BuildAgent/work/c1e1d8ccf6867220/Vulcan/VulcanTests/bin/AnyCPU/Sign/Vulcan.Tests.DLL" adapterTypeName="Microsoft.VisualStudio.TestTools.TestTypes.Unit.UnitTestAdapter, Microsoft.VisualStudio.QualityTools.Tips.UnitTest.Adapter, Version=10.0.0.0, Culture=neutral, PublicKeyToken=b03f5f7f11d50a3a" className="UtilityTest.TreeNodeTest, Vulcan.Tests, Version=1.0.0.0, Culture=neutral, PublicKeyToken=null" name="TestEnumerate" />
    </UnitTest>
    <UnitTest name="Cube_Aggregations" storage="c:\buildagent\work\c1e1d8ccf6867220\vulcan\vulcantests\bin\anycpu\sign\vulcan.tests.dll" id="0f4d3854-a603-b805-ce7b-41e97d4adb57">
      <Execution id="cc0e9105-acaf-4dd6-9037-8ae61c728fb2" />
      <TestMethod codeBase="C:/BuildAgent/work/c1e1d8ccf6867220/Vulcan/VulcanTests/bin/AnyCPU/Sign/Vulcan.Tests.DLL" adapterTypeName="Microsoft.VisualStudio.TestTools.TestTypes.Unit.UnitTestAdapter, Microsoft.VisualStudio.QualityTools.Tips.UnitTest.Adapter, Version=10.0.0.0, Culture=neutral, PublicKeyToken=b03f5f7f11d50a3a" className="VulcanTests.Ssas2008EmitterTests.Ssas2008EmitterPartitionTests, Vulcan.Tests, Version=1.0.0.0, Culture=neutral, PublicKeyToken=null" name="Cube_Aggregations" />
    </UnitTest>
    <UnitTest name="Etl_Transformations_OleDBCommandBasic" storage="c:\buildagent\work\c1e1d8ccf6867220\vulcan\vulcantests\bin\anycpu\sign\vulcan.tests.dll" id="88844a1b-445d-b958-dacc-49c120782127">
      <Execution id="4fd6162b-1ca1-46c4-81bf-62844c14a7b3" />
      <TestMethod codeBase="C:/BuildAgent/work/c1e1d8ccf6867220/Vulcan/VulcanTests/bin/AnyCPU/Sign/Vulcan.Tests.DLL" adapterTypeName="Microsoft.VisualStudio.TestTools.TestTypes.Unit.UnitTestAdapter, Microsoft.VisualStudio.QualityTools.Tips.UnitTest.Adapter, Version=10.0.0.0, Culture=neutral, PublicKeyToken=b03f5f7f11d50a3a" className="VulcanTests.Ssis2008EmitterTests.Ssis2008EmitterEtlTests, Vulcan.Tests, Version=1.0.0.0, Culture=neutral, PublicKeyToken=null" name="Etl_Transformations_OleDBCommandBasic" />
    </UnitTest>
    <UnitTest name="Table_StaticSource_NoEmitMergePackage" storage="c:\buildagent\work\c1e1d8ccf6867220\vulcan\vulcantests\bin\anycpu\sign\vulcan.tests.dll" id="17790aae-7771-59e4-ebb5-a5b327afffbe">
      <Execution id="276f7a89-7c2f-480a-9e71-26f3fddf3bc4" />
      <TestMethod codeBase="C:/BuildAgent/work/c1e1d8ccf6867220/Vulcan/VulcanTests/bin/AnyCPU/Sign/Vulcan.Tests.DLL" adapterTypeName="Microsoft.VisualStudio.TestTools.TestTypes.Unit.UnitTestAdapter, Microsoft.VisualStudio.QualityTools.Tips.UnitTest.Adapter, Version=10.0.0.0, Culture=neutral, PublicKeyToken=b03f5f7f11d50a3a" className="VulcanTests.AstLowererTableTests, Vulcan.Tests, Version=1.0.0.0, Culture=neutral, PublicKeyToken=null" name="Table_StaticSource_NoEmitMergePackage" />
    </UnitTest>
    <UnitTest name="Package_NoEmit" storage="c:\buildagent\work\c1e1d8ccf6867220\vulcan\vulcantests\bin\anycpu\sign\vulcan.tests.dll" id="94157383-91f7-0549-5b19-c7399d37a967">
      <Execution id="1b71c249-3944-4d9c-8ec3-999fc657c4d7" />
      <TestMethod codeBase="C:/BuildAgent/work/c1e1d8ccf6867220/Vulcan/VulcanTests/bin/AnyCPU/Sign/Vulcan.Tests.DLL" adapterTypeName="Microsoft.VisualStudio.TestTools.TestTypes.Unit.UnitTestAdapter, Microsoft.VisualStudio.QualityTools.Tips.UnitTest.Adapter, Version=10.0.0.0, Culture=neutral, PublicKeyToken=b03f5f7f11d50a3a" className="VulcanTests.AstLowererPackageTests, Vulcan.Tests, Version=1.0.0.0, Culture=neutral, PublicKeyToken=null" name="Package_NoEmit" />
    </UnitTest>
    <UnitTest name="Etl_Transformations_DestinationFastLoad" storage="c:\buildagent\work\c1e1d8ccf6867220\vulcan\vulcantests\bin\anycpu\sign\vulcan.tests.dll" id="8bd300d8-482c-9bed-7759-4ad5002a66ac">
      <Execution id="69738b09-4e60-464c-a46c-2f5056b72810" />
      <TestMethod codeBase="C:/BuildAgent/work/c1e1d8ccf6867220/Vulcan/VulcanTests/bin/AnyCPU/Sign/Vulcan.Tests.DLL" adapterTypeName="Microsoft.VisualStudio.TestTools.TestTypes.Unit.UnitTestAdapter, Microsoft.VisualStudio.QualityTools.Tips.UnitTest.Adapter, Version=10.0.0.0, Culture=neutral, PublicKeyToken=b03f5f7f11d50a3a" className="VulcanTests.Ssis2008EmitterTests.Ssis2008EmitterEtlTests, Vulcan.Tests, Version=1.0.0.0, Culture=neutral, PublicKeyToken=null" name="Etl_Transformations_DestinationFastLoad" />
    </UnitTest>
    <UnitTest name="Package_DelayValidation" storage="c:\buildagent\work\c1e1d8ccf6867220\vulcan\vulcantests\bin\anycpu\sign\vulcan.tests.dll" id="d8ef532b-e149-a2d9-db12-3134c1176fb8">
      <Execution id="24dfef45-d731-4cef-835c-c7d2de0f7677" />
      <TestMethod codeBase="C:/BuildAgent/work/c1e1d8ccf6867220/Vulcan/VulcanTests/bin/AnyCPU/Sign/Vulcan.Tests.DLL" adapterTypeName="Microsoft.VisualStudio.TestTools.TestTypes.Unit.UnitTestAdapter, Microsoft.VisualStudio.QualityTools.Tips.UnitTest.Adapter, Version=10.0.0.0, Culture=neutral, PublicKeyToken=b03f5f7f11d50a3a" className="VulcanTests.Ssis2008EmitterTests.Ssis2008EmitterPackageTests, Vulcan.Tests, Version=1.0.0.0, Culture=neutral, PublicKeyToken=null" name="Package_DelayValidation" />
    </UnitTest>
    <UnitTest name="CloneTable_FullTable_MultipleKeys_CloneAllFalseAndAddMultipleKeys" storage="c:\buildagent\work\c1e1d8ccf6867220\vulcan\vulcantests\bin\anycpu\sign\vulcan.tests.dll" id="cfe42f3b-4a33-cabb-9ff8-474703335ca1">
      <Execution id="29e8d710-05c3-46c8-9dee-6bd60a3e52de" />
      <TestMethod codeBase="C:/BuildAgent/work/c1e1d8ccf6867220/Vulcan/VulcanTests/bin/AnyCPU/Sign/Vulcan.Tests.DLL" adapterTypeName="Microsoft.VisualStudio.TestTools.TestTypes.Unit.UnitTestAdapter, Microsoft.VisualStudio.QualityTools.Tips.UnitTest.Adapter, Version=10.0.0.0, Culture=neutral, PublicKeyToken=b03f5f7f11d50a3a" className="VulcanTests.AstLowererCloneTableTests, Vulcan.Tests, Version=1.0.0.0, Culture=neutral, PublicKeyToken=null" name="CloneTable_FullTable_MultipleKeys_CloneAllFalseAndAddMultipleKeys" />
    </UnitTest>
    <UnitTest name="Etl_Transformations_QuerySourceBasic" storage="c:\buildagent\work\c1e1d8ccf6867220\vulcan\vulcantests\bin\anycpu\sign\vulcan.tests.dll" id="4b940163-cbb2-9c54-7950-abdc93f18ac5">
      <Execution id="dedbce60-8134-45d1-ac0e-d53e988f7877" />
      <TestMethod codeBase="C:/BuildAgent/work/c1e1d8ccf6867220/Vulcan/VulcanTests/bin/AnyCPU/Sign/Vulcan.Tests.DLL" adapterTypeName="Microsoft.VisualStudio.TestTools.TestTypes.Unit.UnitTestAdapter, Microsoft.VisualStudio.QualityTools.Tips.UnitTest.Adapter, Version=10.0.0.0, Culture=neutral, PublicKeyToken=b03f5f7f11d50a3a" className="VulcanTests.Ssis2008EmitterTests.Ssis2008EmitterEtlTests, Vulcan.Tests, Version=1.0.0.0, Culture=neutral, PublicKeyToken=null" name="Etl_Transformations_QuerySourceBasic" />
    </UnitTest>
    <UnitTest name="CloneTable_BasicTable_PrimaryKey_AddColumnsAndPrimaryKey" storage="c:\buildagent\work\c1e1d8ccf6867220\vulcan\vulcantests\bin\anycpu\sign\vulcan.tests.dll" id="80c909dd-1d62-5a64-c407-e1753b053302">
      <Execution id="2c4d67bf-9064-4043-8592-981d7f2ef337" />
      <TestMethod codeBase="C:/BuildAgent/work/c1e1d8ccf6867220/Vulcan/VulcanTests/bin/AnyCPU/Sign/Vulcan.Tests.DLL" adapterTypeName="Microsoft.VisualStudio.TestTools.TestTypes.Unit.UnitTestAdapter, Microsoft.VisualStudio.QualityTools.Tips.UnitTest.Adapter, Version=10.0.0.0, Culture=neutral, PublicKeyToken=b03f5f7f11d50a3a" className="VulcanTests.AstLowererCloneTableTests, Vulcan.Tests, Version=1.0.0.0, Culture=neutral, PublicKeyToken=null" name="CloneTable_BasicTable_PrimaryKey_AddColumnsAndPrimaryKey" />
    </UnitTest>
    <UnitTest name="CloneTable_FullTable_CloneAllTrueAndAddEverything" storage="c:\buildagent\work\c1e1d8ccf6867220\vulcan\vulcantests\bin\anycpu\sign\vulcan.tests.dll" id="8cd1c51f-c952-4e72-62a8-935fa1f81048">
      <Execution id="55d4f0a8-35c0-4809-b073-be4405abac2d" />
      <TestMethod codeBase="C:/BuildAgent/work/c1e1d8ccf6867220/Vulcan/VulcanTests/bin/AnyCPU/Sign/Vulcan.Tests.DLL" adapterTypeName="Microsoft.VisualStudio.TestTools.TestTypes.Unit.UnitTestAdapter, Microsoft.VisualStudio.QualityTools.Tips.UnitTest.Adapter, Version=10.0.0.0, Culture=neutral, PublicKeyToken=b03f5f7f11d50a3a" className="VulcanTests.AstLowererCloneTableTests, Vulcan.Tests, Version=1.0.0.0, Culture=neutral, PublicKeyToken=null" name="CloneTable_FullTable_CloneAllTrueAndAddEverything" />
    </UnitTest>
    <UnitTest name="Table_StaticSourceValidation" storage="c:\buildagent\work\c1e1d8ccf6867220\vulcan\vulcantests\bin\anycpu\sign\vulcan.tests.dll" id="cdda292a-f991-f7b6-9404-61cd09b58dde">
      <Execution id="f18f4eb4-84ff-41c4-9f76-f2f03389e463" />
      <TestMethod codeBase="C:/BuildAgent/work/c1e1d8ccf6867220/Vulcan/VulcanTests/bin/AnyCPU/Sign/Vulcan.Tests.DLL" adapterTypeName="Microsoft.VisualStudio.TestTools.TestTypes.Unit.UnitTestAdapter, Microsoft.VisualStudio.QualityTools.Tips.UnitTest.Adapter, Version=10.0.0.0, Culture=neutral, PublicKeyToken=b03f5f7f11d50a3a" className="VulcanTests.AstTableNodeTests, Vulcan.Tests, Version=1.0.0.0, Culture=neutral, PublicKeyToken=null" name="Table_StaticSourceValidation" />
    </UnitTest>
    <UnitTest name="Etl_Transformations_DerivedColumnBasic" storage="c:\buildagent\work\c1e1d8ccf6867220\vulcan\vulcantests\bin\anycpu\sign\vulcan.tests.dll" id="d3a24021-991f-3b2a-90d4-d6a171dd3009">
      <Execution id="b3c5f480-c87b-4ade-822a-67c2ca863977" />
      <TestMethod codeBase="C:/BuildAgent/work/c1e1d8ccf6867220/Vulcan/VulcanTests/bin/AnyCPU/Sign/Vulcan.Tests.DLL" adapterTypeName="Microsoft.VisualStudio.TestTools.TestTypes.Unit.UnitTestAdapter, Microsoft.VisualStudio.QualityTools.Tips.UnitTest.Adapter, Version=10.0.0.0, Culture=neutral, PublicKeyToken=b03f5f7f11d50a3a" className="VulcanTests.Ssis2008EmitterTests.Ssis2008EmitterEtlTests, Vulcan.Tests, Version=1.0.0.0, Culture=neutral, PublicKeyToken=null" name="Etl_Transformations_DerivedColumnBasic" />
    </UnitTest>
    <UnitTest name="Container_ConstraintModeLinear" storage="c:\buildagent\work\c1e1d8ccf6867220\vulcan\vulcantests\bin\anycpu\sign\vulcan.tests.dll" id="da80210e-ee97-1636-5924-f8558de8d6db">
      <Execution id="a5ea9463-7b9c-4705-a8fc-5a066580cad5" />
      <TestMethod codeBase="C:/BuildAgent/work/c1e1d8ccf6867220/Vulcan/VulcanTests/bin/AnyCPU/Sign/Vulcan.Tests.DLL" adapterTypeName="Microsoft.VisualStudio.TestTools.TestTypes.Unit.UnitTestAdapter, Microsoft.VisualStudio.QualityTools.Tips.UnitTest.Adapter, Version=10.0.0.0, Culture=neutral, PublicKeyToken=b03f5f7f11d50a3a" className="VulcanTests.Ssis2008EmitterTests.Ssis2008EmitterTaskTests, Vulcan.Tests, Version=1.0.0.0, Culture=neutral, PublicKeyToken=null" name="Container_ConstraintModeLinear" />
    </UnitTest>
    <UnitTest name="Merge_WithEvent" storage="c:\buildagent\work\c1e1d8ccf6867220\vulcan\vulcantests\bin\anycpu\sign\vulcan.tests.dll" id="1be47856-2711-72e7-2877-d20464c10aed">
      <Execution id="83ba936f-9530-4b2a-8ac4-d757ba59c1a7" />
      <TestMethod codeBase="C:/BuildAgent/work/c1e1d8ccf6867220/Vulcan/VulcanTests/bin/AnyCPU/Sign/Vulcan.Tests.DLL" adapterTypeName="Microsoft.VisualStudio.TestTools.TestTypes.Unit.UnitTestAdapter, Microsoft.VisualStudio.QualityTools.Tips.UnitTest.Adapter, Version=10.0.0.0, Culture=neutral, PublicKeyToken=b03f5f7f11d50a3a" className="VulcanTests.AstLowererPackageTests, Vulcan.Tests, Version=1.0.0.0, Culture=neutral, PublicKeyToken=null" name="Merge_WithEvent" />
    </UnitTest>
    <UnitTest name="StoredProcedure_ParametersDefault" storage="c:\buildagent\work\c1e1d8ccf6867220\vulcan\vulcantests\bin\anycpu\sign\vulcan.tests.dll" id="f4a85836-8c32-fb28-ffcb-6401d7e9b590">
      <Execution id="98c7fa9f-276b-4538-9c01-9cec2cb31ac1" />
      <TestMethod codeBase="C:/BuildAgent/work/c1e1d8ccf6867220/Vulcan/VulcanTests/bin/AnyCPU/Sign/Vulcan.Tests.DLL" adapterTypeName="Microsoft.VisualStudio.TestTools.TestTypes.Unit.UnitTestAdapter, Microsoft.VisualStudio.QualityTools.Tips.UnitTest.Adapter, Version=10.0.0.0, Culture=neutral, PublicKeyToken=b03f5f7f11d50a3a" className="VulcanTests.AstLowererPackageTests, Vulcan.Tests, Version=1.0.0.0, Culture=neutral, PublicKeyToken=null" name="StoredProcedure_ParametersDefault" />
    </UnitTest>
    <UnitTest name="Table_PermissionBasic" storage="c:\buildagent\work\c1e1d8ccf6867220\vulcan\vulcantests\bin\anycpu\sign\vulcan.tests.dll" id="9a36e55a-a835-253e-6063-dacda3b7f055">
      <Execution id="f6c8029b-6f48-49fc-b5f5-f478edfb3948" />
      <TestMethod codeBase="C:/BuildAgent/work/c1e1d8ccf6867220/Vulcan/VulcanTests/bin/AnyCPU/Sign/Vulcan.Tests.DLL" adapterTypeName="Microsoft.VisualStudio.TestTools.TestTypes.Unit.UnitTestAdapter, Microsoft.VisualStudio.QualityTools.Tips.UnitTest.Adapter, Version=10.0.0.0, Culture=neutral, PublicKeyToken=b03f5f7f11d50a3a" className="VulcanTests.AstLowererTableTests, Vulcan.Tests, Version=1.0.0.0, Culture=neutral, PublicKeyToken=null" name="Table_PermissionBasic" />
    </UnitTest>
    <UnitTest name="Dimension_RecursiveRelationship" storage="c:\buildagent\work\c1e1d8ccf6867220\vulcan\vulcantests\bin\anycpu\sign\vulcan.tests.dll" id="876dfb0f-dd35-891f-0f72-e9b557c2bf74">
      <Execution id="b86cf1c9-d525-4794-903b-191431c5791f" />
      <TestMethod codeBase="C:/BuildAgent/work/c1e1d8ccf6867220/Vulcan/VulcanTests/bin/AnyCPU/Sign/Vulcan.Tests.DLL" adapterTypeName="Microsoft.VisualStudio.TestTools.TestTypes.Unit.UnitTestAdapter, Microsoft.VisualStudio.QualityTools.Tips.UnitTest.Adapter, Version=10.0.0.0, Culture=neutral, PublicKeyToken=b03f5f7f11d50a3a" className="VulcanTests.AstDimensionNodeTests, Vulcan.Tests, Version=1.0.0.0, Culture=neutral, PublicKeyToken=null" name="Dimension_RecursiveRelationship" />
    </UnitTest>
    <UnitTest name="Attribute_NameWithSpace" storage="c:\buildagent\work\c1e1d8ccf6867220\vulcan\vulcantests\bin\anycpu\sign\vulcan.tests.dll" id="5def7753-7590-4434-c690-bc32c812a2cf">
      <Execution id="78bd6c3a-e942-49cf-8e9a-c0d7641a6e39" />
      <TestMethod codeBase="C:/BuildAgent/work/c1e1d8ccf6867220/Vulcan/VulcanTests/bin/AnyCPU/Sign/Vulcan.Tests.DLL" adapterTypeName="Microsoft.VisualStudio.TestTools.TestTypes.Unit.UnitTestAdapter, Microsoft.VisualStudio.QualityTools.Tips.UnitTest.Adapter, Version=10.0.0.0, Culture=neutral, PublicKeyToken=b03f5f7f11d50a3a" className="VulcanTests.AstDimensionNodeTests, Vulcan.Tests, Version=1.0.0.0, Culture=neutral, PublicKeyToken=null" name="Attribute_NameWithSpace" />
    </UnitTest>
    <UnitTest name="Cube_Measures" storage="c:\buildagent\work\c1e1d8ccf6867220\vulcan\vulcantests\bin\anycpu\sign\vulcan.tests.dll" id="87cfb13c-90e8-bbed-52ea-aeea27046685">
      <Execution id="b891cb08-b697-4bd7-bcff-a80ce81a0e0b" />
      <TestMethod codeBase="C:/BuildAgent/work/c1e1d8ccf6867220/Vulcan/VulcanTests/bin/AnyCPU/Sign/Vulcan.Tests.DLL" adapterTypeName="Microsoft.VisualStudio.TestTools.TestTypes.Unit.UnitTestAdapter, Microsoft.VisualStudio.QualityTools.Tips.UnitTest.Adapter, Version=10.0.0.0, Culture=neutral, PublicKeyToken=b03f5f7f11d50a3a" className="VulcanTests.Ssas2008EmitterTests.Ssas2008EmitterCubeTests, Vulcan.Tests, Version=1.0.0.0, Culture=neutral, PublicKeyToken=null" name="Cube_Measures" />
    </UnitTest>
    <UnitTest name="ExecuteSql_Basic" storage="c:\buildagent\work\c1e1d8ccf6867220\vulcan\vulcantests\bin\anycpu\sign\vulcan.tests.dll" id="43b70eff-bd72-be3d-02f6-1c8ce836014f">
      <Execution id="a0b21620-9a92-4902-b827-b5a767049b21" />
      <TestMethod codeBase="C:/BuildAgent/work/c1e1d8ccf6867220/Vulcan/VulcanTests/bin/AnyCPU/Sign/Vulcan.Tests.DLL" adapterTypeName="Microsoft.VisualStudio.TestTools.TestTypes.Unit.UnitTestAdapter, Microsoft.VisualStudio.QualityTools.Tips.UnitTest.Adapter, Version=10.0.0.0, Culture=neutral, PublicKeyToken=b03f5f7f11d50a3a" className="VulcanTests.Ssis2008EmitterTests.Ssis2008EmitterTaskTests, Vulcan.Tests, Version=1.0.0.0, Culture=neutral, PublicKeyToken=null" name="ExecuteSql_Basic" />
    </UnitTest>
    <UnitTest name="Container_TransactionModeRequiredTransaction" storage="c:\buildagent\work\c1e1d8ccf6867220\vulcan\vulcantests\bin\anycpu\sign\vulcan.tests.dll" id="133231f0-00b3-5b41-070f-6bec58b9740c">
      <Execution id="c73063a1-2c61-44fc-8636-2d5a9f7bfd5b" />
      <TestMethod codeBase="C:/BuildAgent/work/c1e1d8ccf6867220/Vulcan/VulcanTests/bin/AnyCPU/Sign/Vulcan.Tests.DLL" adapterTypeName="Microsoft.VisualStudio.TestTools.TestTypes.Unit.UnitTestAdapter, Microsoft.VisualStudio.QualityTools.Tips.UnitTest.Adapter, Version=10.0.0.0, Culture=neutral, PublicKeyToken=b03f5f7f11d50a3a" className="VulcanTests.Ssis2008EmitterTests.Ssis2008EmitterTaskTests, Vulcan.Tests, Version=1.0.0.0, Culture=neutral, PublicKeyToken=null" name="Container_TransactionModeRequiredTransaction" />
    </UnitTest>
    <UnitTest name="Cube_ProactiveCachingTableNotificationClient" storage="c:\buildagent\work\c1e1d8ccf6867220\vulcan\vulcantests\bin\anycpu\sign\vulcan.tests.dll" id="3d6e1b40-bcf5-4683-b84a-300b3c51c70b">
      <Execution id="4a00054d-6740-46f9-aa2d-ba06552374d5" />
      <TestMethod codeBase="C:/BuildAgent/work/c1e1d8ccf6867220/Vulcan/VulcanTests/bin/AnyCPU/Sign/Vulcan.Tests.DLL" adapterTypeName="Microsoft.VisualStudio.TestTools.TestTypes.Unit.UnitTestAdapter, Microsoft.VisualStudio.QualityTools.Tips.UnitTest.Adapter, Version=10.0.0.0, Culture=neutral, PublicKeyToken=b03f5f7f11d50a3a" className="VulcanTests.Ssas2008EmitterTests.Ssas2008EmitterPartitionTests, Vulcan.Tests, Version=1.0.0.0, Culture=neutral, PublicKeyToken=null" name="Cube_ProactiveCachingTableNotificationClient" />
    </UnitTest>
    <UnitTest name="Package_OleDBConnectionManager" storage="c:\buildagent\work\c1e1d8ccf6867220\vulcan\vulcantests\bin\anycpu\sign\vulcan.tests.dll" id="5ac0a621-1e37-a1d8-93ee-8ed8d9740be8">
      <Execution id="042ba44b-c1ad-4171-89ad-cfd3d92df82e" />
      <TestMethod codeBase="C:/BuildAgent/work/c1e1d8ccf6867220/Vulcan/VulcanTests/bin/AnyCPU/Sign/Vulcan.Tests.DLL" adapterTypeName="Microsoft.VisualStudio.TestTools.TestTypes.Unit.UnitTestAdapter, Microsoft.VisualStudio.QualityTools.Tips.UnitTest.Adapter, Version=10.0.0.0, Culture=neutral, PublicKeyToken=b03f5f7f11d50a3a" className="VulcanTests.SsisEmitterTests.SsisEmitterPackageTests, Vulcan.Tests, Version=1.0.0.0, Culture=neutral, PublicKeyToken=null" name="Package_OleDBConnectionManager" />
    </UnitTest>
    <UnitTest name="Container_ConstraintModeParallel" storage="c:\buildagent\work\c1e1d8ccf6867220\vulcan\vulcantests\bin\anycpu\sign\vulcan.tests.dll" id="cd8953ec-6e0d-63f8-2b8b-57dfae93748b">
      <Execution id="a10c69c5-7cbc-41f2-b3aa-a1b99671934b" />
      <TestMethod codeBase="C:/BuildAgent/work/c1e1d8ccf6867220/Vulcan/VulcanTests/bin/AnyCPU/Sign/Vulcan.Tests.DLL" adapterTypeName="Microsoft.VisualStudio.TestTools.TestTypes.Unit.UnitTestAdapter, Microsoft.VisualStudio.QualityTools.Tips.UnitTest.Adapter, Version=10.0.0.0, Culture=neutral, PublicKeyToken=b03f5f7f11d50a3a" className="VulcanTests.Ssis2008EmitterTests.Ssis2008EmitterTaskTests, Vulcan.Tests, Version=1.0.0.0, Culture=neutral, PublicKeyToken=null" name="Container_ConstraintModeParallel" />
    </UnitTest>
    <UnitTest name="Table_CustomExtensions" storage="c:\buildagent\work\c1e1d8ccf6867220\vulcan\vulcantests\bin\anycpu\sign\vulcan.tests.dll" id="730b45b9-5c6b-baea-1b72-e1e4b0e2c060">
      <Execution id="19a88be3-2921-4c5e-83c7-7ebe750c4e73" />
      <TestMethod codeBase="C:/BuildAgent/work/c1e1d8ccf6867220/Vulcan/VulcanTests/bin/AnyCPU/Sign/Vulcan.Tests.DLL" adapterTypeName="Microsoft.VisualStudio.TestTools.TestTypes.Unit.UnitTestAdapter, Microsoft.VisualStudio.QualityTools.Tips.UnitTest.Adapter, Version=10.0.0.0, Culture=neutral, PublicKeyToken=b03f5f7f11d50a3a" className="VulcanTests.AstLowererTableTests, Vulcan.Tests, Version=1.0.0.0, Culture=neutral, PublicKeyToken=null" name="Table_CustomExtensions" />
    </UnitTest>
    <UnitTest name="Cube_ProactiveCachingTableNotificationServer" storage="c:\buildagent\work\c1e1d8ccf6867220\vulcan\vulcantests\bin\anycpu\sign\vulcan.tests.dll" id="915d04ef-5c1a-d1d9-e72f-7a21f08bc7ba">
      <Execution id="72c7b0c8-135c-4c07-80dc-a92d5ec55396" />
      <TestMethod codeBase="C:/BuildAgent/work/c1e1d8ccf6867220/Vulcan/VulcanTests/bin/AnyCPU/Sign/Vulcan.Tests.DLL" adapterTypeName="Microsoft.VisualStudio.TestTools.TestTypes.Unit.UnitTestAdapter, Microsoft.VisualStudio.QualityTools.Tips.UnitTest.Adapter, Version=10.0.0.0, Culture=neutral, PublicKeyToken=b03f5f7f11d50a3a" className="VulcanTests.Ssas2008EmitterTests.Ssas2008EmitterPartitionTests, Vulcan.Tests, Version=1.0.0.0, Culture=neutral, PublicKeyToken=null" name="Cube_ProactiveCachingTableNotificationServer" />
    </UnitTest>
    <UnitTest name="Package_Configurations_AutoCreateSql" storage="c:\buildagent\work\c1e1d8ccf6867220\vulcan\vulcantests\bin\anycpu\sign\vulcan.tests.dll" id="c079bd56-dee5-cc85-df2b-2638426aa9bd">
      <Execution id="c958acb9-b1f9-46e2-a02d-760f49492428" />
      <TestMethod codeBase="C:/BuildAgent/work/c1e1d8ccf6867220/Vulcan/VulcanTests/bin/AnyCPU/Sign/Vulcan.Tests.DLL" adapterTypeName="Microsoft.VisualStudio.TestTools.TestTypes.Unit.UnitTestAdapter, Microsoft.VisualStudio.QualityTools.Tips.UnitTest.Adapter, Version=10.0.0.0, Culture=neutral, PublicKeyToken=b03f5f7f11d50a3a" className="VulcanTests.SsisEmitterTests.SsisEmitterPackageTests, Vulcan.Tests, Version=1.0.0.0, Culture=neutral, PublicKeyToken=null" name="Package_Configurations_AutoCreateSql" />
    </UnitTest>
    <UnitTest name="Table_Column_PermissionBasic" storage="c:\buildagent\work\c1e1d8ccf6867220\vulcan\vulcantests\bin\anycpu\sign\vulcan.tests.dll" id="b41b8ea5-01e0-b4b1-a895-bc9877bcb53f">
      <Execution id="73b699b8-6260-48a2-b0cf-8f9ae65cefc7" />
      <TestMethod codeBase="C:/BuildAgent/work/c1e1d8ccf6867220/Vulcan/VulcanTests/bin/AnyCPU/Sign/Vulcan.Tests.DLL" adapterTypeName="Microsoft.VisualStudio.TestTools.TestTypes.Unit.UnitTestAdapter, Microsoft.VisualStudio.QualityTools.Tips.UnitTest.Adapter, Version=10.0.0.0, Culture=neutral, PublicKeyToken=b03f5f7f11d50a3a" className="VulcanTests.AstLowererTableTests, Vulcan.Tests, Version=1.0.0.0, Culture=neutral, PublicKeyToken=null" name="Table_Column_PermissionBasic" />
    </UnitTest>
    <UnitTest name="CloneTable_BasicTable_IdentityKey_AddColumnsAndIdentityKey" storage="c:\buildagent\work\c1e1d8ccf6867220\vulcan\vulcantests\bin\anycpu\sign\vulcan.tests.dll" id="87307261-dd35-f781-191d-8a39af1406d6">
      <Execution id="a4c7b6b0-b0bb-4a6b-b37d-c9d21e3a8299" />
      <TestMethod codeBase="C:/BuildAgent/work/c1e1d8ccf6867220/Vulcan/VulcanTests/bin/AnyCPU/Sign/Vulcan.Tests.DLL" adapterTypeName="Microsoft.VisualStudio.TestTools.TestTypes.Unit.UnitTestAdapter, Microsoft.VisualStudio.QualityTools.Tips.UnitTest.Adapter, Version=10.0.0.0, Culture=neutral, PublicKeyToken=b03f5f7f11d50a3a" className="VulcanTests.AstLowererCloneTableTests, Vulcan.Tests, Version=1.0.0.0, Culture=neutral, PublicKeyToken=null" name="CloneTable_BasicTable_IdentityKey_AddColumnsAndIdentityKey" />
    </UnitTest>
    <UnitTest name="CloneTable_BasicTable_Indexes_AddIndexes" storage="c:\buildagent\work\c1e1d8ccf6867220\vulcan\vulcantests\bin\anycpu\sign\vulcan.tests.dll" id="da3e5ecc-f7ea-f0c6-7b5b-6ece22768e57">
      <Execution id="28e86e76-1849-4966-b11f-6d2989e507d2" />
      <TestMethod codeBase="C:/BuildAgent/work/c1e1d8ccf6867220/Vulcan/VulcanTests/bin/AnyCPU/Sign/Vulcan.Tests.DLL" adapterTypeName="Microsoft.VisualStudio.TestTools.TestTypes.Unit.UnitTestAdapter, Microsoft.VisualStudio.QualityTools.Tips.UnitTest.Adapter, Version=10.0.0.0, Culture=neutral, PublicKeyToken=b03f5f7f11d50a3a" className="VulcanTests.AstLowererCloneTableTests, Vulcan.Tests, Version=1.0.0.0, Culture=neutral, PublicKeyToken=null" name="CloneTable_BasicTable_Indexes_AddIndexes" />
    </UnitTest>
    <UnitTest name="CloneTable_FullTable_CloneAllFalseAndAddEverything" storage="c:\buildagent\work\c1e1d8ccf6867220\vulcan\vulcantests\bin\anycpu\sign\vulcan.tests.dll" id="61beb98f-b897-c33e-a8ea-3c00c3a291ca">
      <Execution id="0fd175da-b81a-464c-92b2-a204c09e10d8" />
      <TestMethod codeBase="C:/BuildAgent/work/c1e1d8ccf6867220/Vulcan/VulcanTests/bin/AnyCPU/Sign/Vulcan.Tests.DLL" adapterTypeName="Microsoft.VisualStudio.TestTools.TestTypes.Unit.UnitTestAdapter, Microsoft.VisualStudio.QualityTools.Tips.UnitTest.Adapter, Version=10.0.0.0, Culture=neutral, PublicKeyToken=b03f5f7f11d50a3a" className="VulcanTests.AstLowererCloneTableTests, Vulcan.Tests, Version=1.0.0.0, Culture=neutral, PublicKeyToken=null" name="CloneTable_FullTable_CloneAllFalseAndAddEverything" />
    </UnitTest>
    <UnitTest name="Table_StaticSourceValues" storage="c:\buildagent\work\c1e1d8ccf6867220\vulcan\vulcantests\bin\anycpu\sign\vulcan.tests.dll" id="6d07095c-1369-a08f-3fef-978a01e50c05">
      <Execution id="05149d37-ac50-474a-8bfe-44cdf9e2d25e" />
      <TestMethod codeBase="C:/BuildAgent/work/c1e1d8ccf6867220/Vulcan/VulcanTests/bin/AnyCPU/Sign/Vulcan.Tests.DLL" adapterTypeName="Microsoft.VisualStudio.TestTools.TestTypes.Unit.UnitTestAdapter, Microsoft.VisualStudio.QualityTools.Tips.UnitTest.Adapter, Version=10.0.0.0, Culture=neutral, PublicKeyToken=b03f5f7f11d50a3a" className="VulcanTests.AstTableNodeTests, Vulcan.Tests, Version=1.0.0.0, Culture=neutral, PublicKeyToken=null" name="Table_StaticSourceValues" />
    </UnitTest>
    <UnitTest name="Table_BasicAndEmpty" storage="c:\buildagent\work\c1e1d8ccf6867220\vulcan\vulcantests\bin\anycpu\sign\vulcan.tests.dll" id="924b790b-c7ac-9a05-ed3e-9b44af5df45a">
      <Execution id="fcda82f7-fe2a-467b-8acf-e23284b4482b" />
      <TestMethod codeBase="C:/BuildAgent/work/c1e1d8ccf6867220/Vulcan/VulcanTests/bin/AnyCPU/Sign/Vulcan.Tests.DLL" adapterTypeName="Microsoft.VisualStudio.TestTools.TestTypes.Unit.UnitTestAdapter, Microsoft.VisualStudio.QualityTools.Tips.UnitTest.Adapter, Version=10.0.0.0, Culture=neutral, PublicKeyToken=b03f5f7f11d50a3a" className="VulcanTests.AstLowererTableTests, Vulcan.Tests, Version=1.0.0.0, Culture=neutral, PublicKeyToken=null" name="Table_BasicAndEmpty" />
    </UnitTest>
    <UnitTest name="Package_Events" storage="c:\buildagent\work\c1e1d8ccf6867220\vulcan\vulcantests\bin\anycpu\sign\vulcan.tests.dll" id="96ca07e7-84a0-be37-9f51-81ca9d8fea94">
      <Execution id="bd587781-d61b-4de9-b350-315c7f7774b2" />
      <TestMethod codeBase="C:/BuildAgent/work/c1e1d8ccf6867220/Vulcan/VulcanTests/bin/AnyCPU/Sign/Vulcan.Tests.DLL" adapterTypeName="Microsoft.VisualStudio.TestTools.TestTypes.Unit.UnitTestAdapter, Microsoft.VisualStudio.QualityTools.Tips.UnitTest.Adapter, Version=10.0.0.0, Culture=neutral, PublicKeyToken=b03f5f7f11d50a3a" className="VulcanTests.SsisEmitterTests.SsisEmitterPackageTests, Vulcan.Tests, Version=1.0.0.0, Culture=neutral, PublicKeyToken=null" name="Package_Events" />
    </UnitTest>
    <UnitTest name="Etl_Transformations_LookupBasic" storage="c:\buildagent\work\c1e1d8ccf6867220\vulcan\vulcantests\bin\anycpu\sign\vulcan.tests.dll" id="d0ff9554-35c4-a8d1-ef86-6af57fe6d2c8">
      <Execution id="cfe25f51-2807-4e54-be52-40f2fe7d873c" />
      <TestMethod codeBase="C:/BuildAgent/work/c1e1d8ccf6867220/Vulcan/VulcanTests/bin/AnyCPU/Sign/Vulcan.Tests.DLL" adapterTypeName="Microsoft.VisualStudio.TestTools.TestTypes.Unit.UnitTestAdapter, Microsoft.VisualStudio.QualityTools.Tips.UnitTest.Adapter, Version=10.0.0.0, Culture=neutral, PublicKeyToken=b03f5f7f11d50a3a" className="VulcanTests.Ssis2008EmitterTests.Ssis2008EmitterEtlTests, Vulcan.Tests, Version=1.0.0.0, Culture=neutral, PublicKeyToken=null" name="Etl_Transformations_LookupBasic" />
    </UnitTest>
    <UnitTest name="TestRemoveWithParentNullMethodology" storage="c:\buildagent\work\c1e1d8ccf6867220\vulcan\vulcantests\bin\anycpu\sign\vulcan.tests.dll" id="2512de25-33ec-f422-9f7d-ee6a984b4b1b">
      <Execution id="f29b131b-83ff-4686-8ff2-53b875afae03" />
      <TestMethod codeBase="C:/BuildAgent/work/c1e1d8ccf6867220/Vulcan/VulcanTests/bin/AnyCPU/Sign/Vulcan.Tests.DLL" adapterTypeName="Microsoft.VisualStudio.TestTools.TestTypes.Unit.UnitTestAdapter, Microsoft.VisualStudio.QualityTools.Tips.UnitTest.Adapter, Version=10.0.0.0, Culture=neutral, PublicKeyToken=b03f5f7f11d50a3a" className="UtilityTest.TreeNodeTest, Vulcan.Tests, Version=1.0.0.0, Culture=neutral, PublicKeyToken=null" name="TestRemoveWithParentNullMethodology" />
    </UnitTest>
    <UnitTest name="Taskflow_TaskflowReverseTopologicalSort" storage="c:\buildagent\work\c1e1d8ccf6867220\vulcan\vulcantests\bin\anycpu\sign\vulcan.tests.dll" id="afe3956b-989b-0e70-b524-8431525c6b1d">
      <Execution id="0a3cd949-ff47-4c7e-8b3e-643338a76cd2" />
      <TestMethod codeBase="C:/BuildAgent/work/c1e1d8ccf6867220/Vulcan/VulcanTests/bin/AnyCPU/Sign/Vulcan.Tests.DLL" adapterTypeName="Microsoft.VisualStudio.TestTools.TestTypes.Unit.UnitTestAdapter, Microsoft.VisualStudio.QualityTools.Tips.UnitTest.Adapter, Version=10.0.0.0, Culture=neutral, PublicKeyToken=b03f5f7f11d50a3a" className="VulcanTests.Ssis2008EmitterTests.Ssis2008EmitterTaskTests, Vulcan.Tests, Version=1.0.0.0, Culture=neutral, PublicKeyToken=null" name="Taskflow_TaskflowReverseTopologicalSort" />
    </UnitTest>
    <UnitTest name="AnalysisServicesExecuteDdl_Variable" storage="c:\buildagent\work\c1e1d8ccf6867220\vulcan\vulcantests\bin\anycpu\sign\vulcan.tests.dll" id="2ed5e0b5-aa07-4109-f915-84b809da777c">
      <Execution id="1cdb7aac-6fc5-4261-b181-4b25923967d7" />
      <TestMethod codeBase="C:/BuildAgent/work/c1e1d8ccf6867220/Vulcan/VulcanTests/bin/AnyCPU/Sign/Vulcan.Tests.DLL" adapterTypeName="Microsoft.VisualStudio.TestTools.TestTypes.Unit.UnitTestAdapter, Microsoft.VisualStudio.QualityTools.Tips.UnitTest.Adapter, Version=10.0.0.0, Culture=neutral, PublicKeyToken=b03f5f7f11d50a3a" className="VulcanTests.SsisEmitterTests.SsisEmitterTaskTests, Vulcan.Tests, Version=1.0.0.0, Culture=neutral, PublicKeyToken=null" name="AnalysisServicesExecuteDdl_Variable" />
    </UnitTest>
    <UnitTest name="Etl_Basic" storage="c:\buildagent\work\c1e1d8ccf6867220\vulcan\vulcantests\bin\anycpu\sign\vulcan.tests.dll" id="6aec4afd-f1f3-4c31-976e-a71daf411788">
      <Execution id="911add9e-9532-4fc7-84f9-53a0335dd975" />
      <TestMethod codeBase="C:/BuildAgent/work/c1e1d8ccf6867220/Vulcan/VulcanTests/bin/AnyCPU/Sign/Vulcan.Tests.DLL" adapterTypeName="Microsoft.VisualStudio.TestTools.TestTypes.Unit.UnitTestAdapter, Microsoft.VisualStudio.QualityTools.Tips.UnitTest.Adapter, Version=10.0.0.0, Culture=neutral, PublicKeyToken=b03f5f7f11d50a3a" className="VulcanTests.Ssis2008EmitterTests.Ssis2008EmitterEtlTests, Vulcan.Tests, Version=1.0.0.0, Culture=neutral, PublicKeyToken=null" name="Etl_Basic" />
    </UnitTest>
    <UnitTest name="CloneTable_BasicTable_MultipleKeys_AddColumnsAndMultipleKeys" storage="c:\buildagent\work\c1e1d8ccf6867220\vulcan\vulcantests\bin\anycpu\sign\vulcan.tests.dll" id="490348b4-832d-841e-4d87-33178f2c4291">
      <Execution id="0405723b-03f8-4ecb-a334-3cdf579df858" />
      <TestMethod codeBase="C:/BuildAgent/work/c1e1d8ccf6867220/Vulcan/VulcanTests/bin/AnyCPU/Sign/Vulcan.Tests.DLL" adapterTypeName="Microsoft.VisualStudio.TestTools.TestTypes.Unit.UnitTestAdapter, Microsoft.VisualStudio.QualityTools.Tips.UnitTest.Adapter, Version=10.0.0.0, Culture=neutral, PublicKeyToken=b03f5f7f11d50a3a" className="VulcanTests.AstLowererCloneTableTests, Vulcan.Tests, Version=1.0.0.0, Culture=neutral, PublicKeyToken=null" name="CloneTable_BasicTable_MultipleKeys_AddColumnsAndMultipleKeys" />
    </UnitTest>
    <UnitTest name="TestAdd" storage="c:\buildagent\work\c1e1d8ccf6867220\vulcan\vulcantests\bin\anycpu\sign\vulcan.tests.dll" id="9d82caa3-2688-30e5-555f-9721f9e3e18e">
      <Execution id="148729ea-c21d-4269-8a02-9073758a498f" />
      <TestMethod codeBase="C:/BuildAgent/work/c1e1d8ccf6867220/Vulcan/VulcanTests/bin/AnyCPU/Sign/Vulcan.Tests.DLL" adapterTypeName="Microsoft.VisualStudio.TestTools.TestTypes.Unit.UnitTestAdapter, Microsoft.VisualStudio.QualityTools.Tips.UnitTest.Adapter, Version=10.0.0.0, Culture=neutral, PublicKeyToken=b03f5f7f11d50a3a" className="UtilityTest.TreeNodeTest, Vulcan.Tests, Version=1.0.0.0, Culture=neutral, PublicKeyToken=null" name="TestAdd" />
    </UnitTest>
    <UnitTest name="Dimension_Translation" storage="c:\buildagent\work\c1e1d8ccf6867220\vulcan\vulcantests\bin\anycpu\sign\vulcan.tests.dll" id="1374a703-4567-74ae-1b14-e9d61384a5da">
      <Execution id="940e5f16-25f4-4757-b423-077ec5035d0e" />
      <TestMethod codeBase="C:/BuildAgent/work/c1e1d8ccf6867220/Vulcan/VulcanTests/bin/AnyCPU/Sign/Vulcan.Tests.DLL" adapterTypeName="Microsoft.VisualStudio.TestTools.TestTypes.Unit.UnitTestAdapter, Microsoft.VisualStudio.QualityTools.Tips.UnitTest.Adapter, Version=10.0.0.0, Culture=neutral, PublicKeyToken=b03f5f7f11d50a3a" className="VulcanTests.Ssas2008EmitterTests.Ssas2008EmitterDimensionTests, Vulcan.Tests, Version=1.0.0.0, Culture=neutral, PublicKeyToken=null" name="Dimension_Translation" />
    </UnitTest>
    <UnitTest name="Container_Events" storage="c:\buildagent\work\c1e1d8ccf6867220\vulcan\vulcantests\bin\anycpu\sign\vulcan.tests.dll" id="a62c1c77-bc05-ad90-ced5-81c8d40da85d">
      <Execution id="cf5cf213-309e-4132-9e80-97355131d2c4" />
      <TestMethod codeBase="C:/BuildAgent/work/c1e1d8ccf6867220/Vulcan/VulcanTests/bin/AnyCPU/Sign/Vulcan.Tests.DLL" adapterTypeName="Microsoft.VisualStudio.TestTools.TestTypes.Unit.UnitTestAdapter, Microsoft.VisualStudio.QualityTools.Tips.UnitTest.Adapter, Version=10.0.0.0, Culture=neutral, PublicKeyToken=b03f5f7f11d50a3a" className="VulcanTests.Ssis2008EmitterTests.Ssis2008EmitterTaskTests, Vulcan.Tests, Version=1.0.0.0, Culture=neutral, PublicKeyToken=null" name="Container_Events" />
    </UnitTest>
    <UnitTest name="Etl_IsolationLevelChaos" storage="c:\buildagent\work\c1e1d8ccf6867220\vulcan\vulcantests\bin\anycpu\sign\vulcan.tests.dll" id="8045d46a-893f-499e-18bf-e084646847d3">
      <Execution id="499f5551-d00a-4c21-b410-a65521a03b08" />
      <TestMethod codeBase="C:/BuildAgent/work/c1e1d8ccf6867220/Vulcan/VulcanTests/bin/AnyCPU/Sign/Vulcan.Tests.DLL" adapterTypeName="Microsoft.VisualStudio.TestTools.TestTypes.Unit.UnitTestAdapter, Microsoft.VisualStudio.QualityTools.Tips.UnitTest.Adapter, Version=10.0.0.0, Culture=neutral, PublicKeyToken=b03f5f7f11d50a3a" className="VulcanTests.Ssis2008EmitterTests.Ssis2008EmitterEtlTests, Vulcan.Tests, Version=1.0.0.0, Culture=neutral, PublicKeyToken=null" name="Etl_IsolationLevelChaos" />
    </UnitTest>
    <UnitTest name="StoredProcedure_ParametersReadOnly" storage="c:\buildagent\work\c1e1d8ccf6867220\vulcan\vulcantests\bin\anycpu\sign\vulcan.tests.dll" id="ff0e7abc-c5ee-40dc-58b7-62698359f3f7">
      <Execution id="15637e7b-570a-4760-aae9-20f50f64184b" />
      <TestMethod codeBase="C:/BuildAgent/work/c1e1d8ccf6867220/Vulcan/VulcanTests/bin/AnyCPU/Sign/Vulcan.Tests.DLL" adapterTypeName="Microsoft.VisualStudio.TestTools.TestTypes.Unit.UnitTestAdapter, Microsoft.VisualStudio.QualityTools.Tips.UnitTest.Adapter, Version=10.0.0.0, Culture=neutral, PublicKeyToken=b03f5f7f11d50a3a" className="VulcanTests.AstLowererPackageTests, Vulcan.Tests, Version=1.0.0.0, Culture=neutral, PublicKeyToken=null" name="StoredProcedure_ParametersReadOnly" />
    </UnitTest>
    <UnitTest name="RetryContainer_Basic" storage="c:\buildagent\work\c1e1d8ccf6867220\vulcan\vulcantests\bin\anycpu\sign\vulcan.tests.dll" id="6500e344-3c21-1255-002f-e8123cbdf729">
      <Execution id="50956b4a-6f56-4aa9-ad66-32d110e55949" />
      <TestMethod codeBase="C:/BuildAgent/work/c1e1d8ccf6867220/Vulcan/VulcanTests/bin/AnyCPU/Sign/Vulcan.Tests.DLL" adapterTypeName="Microsoft.VisualStudio.TestTools.TestTypes.Unit.UnitTestAdapter, Microsoft.VisualStudio.QualityTools.Tips.UnitTest.Adapter, Version=10.0.0.0, Culture=neutral, PublicKeyToken=b03f5f7f11d50a3a" className="VulcanTests.AstLowererPackageTests, Vulcan.Tests, Version=1.0.0.0, Culture=neutral, PublicKeyToken=null" name="RetryContainer_Basic" />
    </UnitTest>
    <UnitTest name="DimensionRelationship_RolePlaying" storage="c:\buildagent\work\c1e1d8ccf6867220\vulcan\vulcantests\bin\anycpu\sign\vulcan.tests.dll" id="c2fe96f0-b416-c9c0-8421-eed60981585c">
      <Execution id="2f63a6b1-553e-4905-b2bf-0cf3af21e5b3" />
      <TestMethod codeBase="C:/BuildAgent/work/c1e1d8ccf6867220/Vulcan/VulcanTests/bin/AnyCPU/Sign/Vulcan.Tests.DLL" adapterTypeName="Microsoft.VisualStudio.TestTools.TestTypes.Unit.UnitTestAdapter, Microsoft.VisualStudio.QualityTools.Tips.UnitTest.Adapter, Version=10.0.0.0, Culture=neutral, PublicKeyToken=b03f5f7f11d50a3a" className="VulcanTests.Ssas2008EmitterTests.Ssas2008EmitterDimensionRelationshipTests, Vulcan.Tests, Version=1.0.0.0, Culture=neutral, PublicKeyToken=null" name="DimensionRelationship_RolePlaying" />
    </UnitTest>
    <UnitTest name="Principal_NoEmit" storage="c:\buildagent\work\c1e1d8ccf6867220\vulcan\vulcantests\bin\anycpu\sign\vulcan.tests.dll" id="c1810f9f-f568-0638-2859-751834fcf8b8">
      <Execution id="0b0e3541-2f4c-4e4e-b1cc-280a3d3e0f4a" />
      <TestMethod codeBase="C:/BuildAgent/work/c1e1d8ccf6867220/Vulcan/VulcanTests/bin/AnyCPU/Sign/Vulcan.Tests.DLL" adapterTypeName="Microsoft.VisualStudio.TestTools.TestTypes.Unit.UnitTestAdapter, Microsoft.VisualStudio.QualityTools.Tips.UnitTest.Adapter, Version=10.0.0.0, Culture=neutral, PublicKeyToken=b03f5f7f11d50a3a" className="VulcanTests.AstLowererPrincipalTests, Vulcan.Tests, Version=1.0.0.0, Culture=neutral, PublicKeyToken=null" name="Principal_NoEmit" />
    </UnitTest>
    <UnitTest name="Table_LateArriving" storage="c:\buildagent\work\c1e1d8ccf6867220\vulcan\vulcantests\bin\anycpu\sign\vulcan.tests.dll" id="7debae5a-cbb5-e2ab-ec08-0d9975f39189">
      <Execution id="d4eb78d0-a1bb-48ba-a6ed-f9f39ee3c37c" />
      <TestMethod codeBase="C:/BuildAgent/work/c1e1d8ccf6867220/Vulcan/VulcanTests/bin/AnyCPU/Sign/Vulcan.Tests.DLL" adapterTypeName="Microsoft.VisualStudio.TestTools.TestTypes.Unit.UnitTestAdapter, Microsoft.VisualStudio.QualityTools.Tips.UnitTest.Adapter, Version=10.0.0.0, Culture=neutral, PublicKeyToken=b03f5f7f11d50a3a" className="VulcanTests.AstLowererTableTests, Vulcan.Tests, Version=1.0.0.0, Culture=neutral, PublicKeyToken=null" name="Table_LateArriving" />
    </UnitTest>
    <UnitTest name="Principal_DatabasePermissions" storage="c:\buildagent\work\c1e1d8ccf6867220\vulcan\vulcantests\bin\anycpu\sign\vulcan.tests.dll" id="147eb792-33f0-d224-015a-85c3ba90358c">
      <Execution id="742efe9b-80ac-491b-9ec0-c7ef2f808c76" />
      <TestMethod codeBase="C:/BuildAgent/work/c1e1d8ccf6867220/Vulcan/VulcanTests/bin/AnyCPU/Sign/Vulcan.Tests.DLL" adapterTypeName="Microsoft.VisualStudio.TestTools.TestTypes.Unit.UnitTestAdapter, Microsoft.VisualStudio.QualityTools.Tips.UnitTest.Adapter, Version=10.0.0.0, Culture=neutral, PublicKeyToken=b03f5f7f11d50a3a" className="VulcanTests.AstLowererPrincipalTests, Vulcan.Tests, Version=1.0.0.0, Culture=neutral, PublicKeyToken=null" name="Principal_DatabasePermissions" />
    </UnitTest>
    <UnitTest name="Cube_NullProactiveCachingSource" storage="c:\buildagent\work\c1e1d8ccf6867220\vulcan\vulcantests\bin\anycpu\sign\vulcan.tests.dll" id="12ee225e-595c-3fb4-2bde-496e7fe93cfd">
      <Execution id="b4bcf6ca-c1c0-415c-8846-8ea251b136bc" />
      <TestMethod codeBase="C:/BuildAgent/work/c1e1d8ccf6867220/Vulcan/VulcanTests/bin/AnyCPU/Sign/Vulcan.Tests.DLL" adapterTypeName="Microsoft.VisualStudio.TestTools.TestTypes.Unit.UnitTestAdapter, Microsoft.VisualStudio.QualityTools.Tips.UnitTest.Adapter, Version=10.0.0.0, Culture=neutral, PublicKeyToken=b03f5f7f11d50a3a" className="VulcanTests.Ssas2008EmitterTests.Ssas2008EmitterPartitionTests, Vulcan.Tests, Version=1.0.0.0, Culture=neutral, PublicKeyToken=null" name="Cube_NullProactiveCachingSource" />
    </UnitTest>
    <UnitTest name="CloneTable_FullTable_IdentityKey_CloneAllTrueAndAddIdentityKey" storage="c:\buildagent\work\c1e1d8ccf6867220\vulcan\vulcantests\bin\anycpu\sign\vulcan.tests.dll" id="823bf34e-0f3e-d533-b40a-6691931a899a">
      <Execution id="b64045ec-57f3-44cc-aaee-c1a8e8b73379" />
      <TestMethod codeBase="C:/BuildAgent/work/c1e1d8ccf6867220/Vulcan/VulcanTests/bin/AnyCPU/Sign/Vulcan.Tests.DLL" adapterTypeName="Microsoft.VisualStudio.TestTools.TestTypes.Unit.UnitTestAdapter, Microsoft.VisualStudio.QualityTools.Tips.UnitTest.Adapter, Version=10.0.0.0, Culture=neutral, PublicKeyToken=b03f5f7f11d50a3a" className="VulcanTests.AstLowererCloneTableTests, Vulcan.Tests, Version=1.0.0.0, Culture=neutral, PublicKeyToken=null" name="CloneTable_FullTable_IdentityKey_CloneAllTrueAndAddIdentityKey" />
    </UnitTest>
    <UnitTest name="Etl_Transformations_SortDefault" storage="c:\buildagent\work\c1e1d8ccf6867220\vulcan\vulcantests\bin\anycpu\sign\vulcan.tests.dll" id="c220c1de-78ab-cca1-a9e0-899de1f3c124">
      <Execution id="62de812a-0f77-4c73-9bb5-015dbe14f8ae" />
      <TestMethod codeBase="C:/BuildAgent/work/c1e1d8ccf6867220/Vulcan/VulcanTests/bin/AnyCPU/Sign/Vulcan.Tests.DLL" adapterTypeName="Microsoft.VisualStudio.TestTools.TestTypes.Unit.UnitTestAdapter, Microsoft.VisualStudio.QualityTools.Tips.UnitTest.Adapter, Version=10.0.0.0, Culture=neutral, PublicKeyToken=b03f5f7f11d50a3a" className="VulcanTests.Ssis2008EmitterTests.Ssis2008EmitterEtlTests, Vulcan.Tests, Version=1.0.0.0, Culture=neutral, PublicKeyToken=null" name="Etl_Transformations_SortDefault" />
    </UnitTest>
    <UnitTest name="Cube_CubeDimensionSameName" storage="c:\buildagent\work\c1e1d8ccf6867220\vulcan\vulcantests\bin\anycpu\sign\vulcan.tests.dll" id="e3e90e19-a891-de78-0082-84ca03c5431e">
      <Execution id="afdc9a40-537d-4624-bc80-a8a06e25f14e" />
      <TestMethod codeBase="C:/BuildAgent/work/c1e1d8ccf6867220/Vulcan/VulcanTests/bin/AnyCPU/Sign/Vulcan.Tests.DLL" adapterTypeName="Microsoft.VisualStudio.TestTools.TestTypes.Unit.UnitTestAdapter, Microsoft.VisualStudio.QualityTools.Tips.UnitTest.Adapter, Version=10.0.0.0, Culture=neutral, PublicKeyToken=b03f5f7f11d50a3a" className="VulcanTests.AstCubeNodeTests, Vulcan.Tests, Version=1.0.0.0, Culture=neutral, PublicKeyToken=null" name="Cube_CubeDimensionSameName" />
    </UnitTest>
    <UnitTest name="CloneTable_BasicTable_AddEverything" storage="c:\buildagent\work\c1e1d8ccf6867220\vulcan\vulcantests\bin\anycpu\sign\vulcan.tests.dll" id="f019928d-348e-3798-a78c-212935ed13c7">
      <Execution id="90038e92-ee9c-431b-8ac6-1992d6ba3842" />
      <TestMethod codeBase="C:/BuildAgent/work/c1e1d8ccf6867220/Vulcan/VulcanTests/bin/AnyCPU/Sign/Vulcan.Tests.DLL" adapterTypeName="Microsoft.VisualStudio.TestTools.TestTypes.Unit.UnitTestAdapter, Microsoft.VisualStudio.QualityTools.Tips.UnitTest.Adapter, Version=10.0.0.0, Culture=neutral, PublicKeyToken=b03f5f7f11d50a3a" className="VulcanTests.AstLowererCloneTableTests, Vulcan.Tests, Version=1.0.0.0, Culture=neutral, PublicKeyToken=null" name="CloneTable_BasicTable_AddEverything" />
    </UnitTest>
    <UnitTest name="Variable_WithUnderscore" storage="c:\buildagent\work\c1e1d8ccf6867220\vulcan\vulcantests\bin\anycpu\sign\vulcan.tests.dll" id="6e8aa6c3-f068-5527-7b4d-937cd0de7059">
      <Execution id="7231173b-2d9f-47ec-8171-d6f899bb09a3" />
      <TestMethod codeBase="C:/BuildAgent/work/c1e1d8ccf6867220/Vulcan/VulcanTests/bin/AnyCPU/Sign/Vulcan.Tests.DLL" adapterTypeName="Microsoft.VisualStudio.TestTools.TestTypes.Unit.UnitTestAdapter, Microsoft.VisualStudio.QualityTools.Tips.UnitTest.Adapter, Version=10.0.0.0, Culture=neutral, PublicKeyToken=b03f5f7f11d50a3a" className="VulcanTests.AstPackageNodeTests, Vulcan.Tests, Version=1.0.0.0, Culture=neutral, PublicKeyToken=null" name="Variable_WithUnderscore" />
    </UnitTest>
    <UnitTest name="DataSourceView_MultipleKeysReferringToSameTable" storage="c:\buildagent\work\c1e1d8ccf6867220\vulcan\vulcantests\bin\anycpu\sign\vulcan.tests.dll" id="f27305fa-985b-eec0-8b4e-8bf6c2a7d716">
      <Execution id="e4fd12ce-efcf-4336-880d-82e6518372c6" />
      <TestMethod codeBase="C:/BuildAgent/work/c1e1d8ccf6867220/Vulcan/VulcanTests/bin/AnyCPU/Sign/Vulcan.Tests.DLL" adapterTypeName="Microsoft.VisualStudio.TestTools.TestTypes.Unit.UnitTestAdapter, Microsoft.VisualStudio.QualityTools.Tips.UnitTest.Adapter, Version=10.0.0.0, Culture=neutral, PublicKeyToken=b03f5f7f11d50a3a" className="VulcanTests.Ssas2008EmitterTests.Ssas2008EmitterDataSourceViewTests, Vulcan.Tests, Version=1.0.0.0, Culture=neutral, PublicKeyToken=null" name="DataSourceView_MultipleKeysReferringToSameTable" />
    </UnitTest>
    <UnitTest name="ExecuteSql_CoreProperties" storage="c:\buildagent\work\c1e1d8ccf6867220\vulcan\vulcantests\bin\anycpu\sign\vulcan.tests.dll" id="591dbb46-ee45-71a5-11ca-c45245751c38">
      <Execution id="62d7edfe-4096-4bd2-bb45-176685907973" />
      <TestMethod codeBase="C:/BuildAgent/work/c1e1d8ccf6867220/Vulcan/VulcanTests/bin/AnyCPU/Sign/Vulcan.Tests.DLL" adapterTypeName="Microsoft.VisualStudio.TestTools.TestTypes.Unit.UnitTestAdapter, Microsoft.VisualStudio.QualityTools.Tips.UnitTest.Adapter, Version=10.0.0.0, Culture=neutral, PublicKeyToken=b03f5f7f11d50a3a" className="VulcanTests.SsisEmitterTests.SsisEmitterTaskTests, Vulcan.Tests, Version=1.0.0.0, Culture=neutral, PublicKeyToken=null" name="ExecuteSql_CoreProperties" />
    </UnitTest>
    <UnitTest name="Package_EmptyPackage" storage="c:\buildagent\work\c1e1d8ccf6867220\vulcan\vulcantests\bin\anycpu\sign\vulcan.tests.dll" id="fcae1157-cc3b-2e85-571f-ab6572a78634">
      <Execution id="3cee98ff-7910-4e80-8ce3-3d4fcc065841" />
      <TestMethod codeBase="C:/BuildAgent/work/c1e1d8ccf6867220/Vulcan/VulcanTests/bin/AnyCPU/Sign/Vulcan.Tests.DLL" adapterTypeName="Microsoft.VisualStudio.TestTools.TestTypes.Unit.UnitTestAdapter, Microsoft.VisualStudio.QualityTools.Tips.UnitTest.Adapter, Version=10.0.0.0, Culture=neutral, PublicKeyToken=b03f5f7f11d50a3a" className="VulcanTests.SsisEmitterTests.SsisEmitterPackageTests, Vulcan.Tests, Version=1.0.0.0, Culture=neutral, PublicKeyToken=null" name="Package_EmptyPackage" />
    </UnitTest>
    <UnitTest name="Cube_ServerNotification" storage="c:\buildagent\work\c1e1d8ccf6867220\vulcan\vulcantests\bin\anycpu\sign\vulcan.tests.dll" id="1e99d015-ce0d-afee-1013-4d4d8c4fa402">
      <Execution id="aa4b3383-d6a8-4150-b17d-750a5c0af296" />
      <TestMethod codeBase="C:/BuildAgent/work/c1e1d8ccf6867220/Vulcan/VulcanTests/bin/AnyCPU/Sign/Vulcan.Tests.DLL" adapterTypeName="Microsoft.VisualStudio.TestTools.TestTypes.Unit.UnitTestAdapter, Microsoft.VisualStudio.QualityTools.Tips.UnitTest.Adapter, Version=10.0.0.0, Culture=neutral, PublicKeyToken=b03f5f7f11d50a3a" className="VulcanTests.Ssas2008EmitterTests.Ssas2008EmitterPartitionTests, Vulcan.Tests, Version=1.0.0.0, Culture=neutral, PublicKeyToken=null" name="Cube_ServerNotification" />
    </UnitTest>
    <UnitTest name="Etl_Transformations_TransformationTemplateInstanceBasic" storage="c:\buildagent\work\c1e1d8ccf6867220\vulcan\vulcantests\bin\anycpu\sign\vulcan.tests.dll" id="af6a01bf-2e64-46dc-61d0-bcddbc1e955a">
      <Execution id="22847bb9-02ac-49ff-97ba-b7452a0039fa" />
      <TestMethod codeBase="C:/BuildAgent/work/c1e1d8ccf6867220/Vulcan/VulcanTests/bin/AnyCPU/Sign/Vulcan.Tests.DLL" adapterTypeName="Microsoft.VisualStudio.TestTools.TestTypes.Unit.UnitTestAdapter, Microsoft.VisualStudio.QualityTools.Tips.UnitTest.Adapter, Version=10.0.0.0, Culture=neutral, PublicKeyToken=b03f5f7f11d50a3a" className="VulcanTests.Ssis2008EmitterTests.Ssis2008EmitterEtlTests, Vulcan.Tests, Version=1.0.0.0, Culture=neutral, PublicKeyToken=null" name="Etl_Transformations_TransformationTemplateInstanceBasic" />
    </UnitTest>
    <UnitTest name="DataSource_Basic" storage="c:\buildagent\work\c1e1d8ccf6867220\vulcan\vulcantests\bin\anycpu\sign\vulcan.tests.dll" id="a0e4c3d2-ce7e-3cb8-f1fa-24cfcba5123f">
      <Execution id="50d3981c-4e28-4bc4-b18c-fec639fe9f5c" />
      <TestMethod codeBase="C:/BuildAgent/work/c1e1d8ccf6867220/Vulcan/VulcanTests/bin/AnyCPU/Sign/Vulcan.Tests.DLL" adapterTypeName="Microsoft.VisualStudio.TestTools.TestTypes.Unit.UnitTestAdapter, Microsoft.VisualStudio.QualityTools.Tips.UnitTest.Adapter, Version=10.0.0.0, Culture=neutral, PublicKeyToken=b03f5f7f11d50a3a" className="VulcanTests.Ssas2008EmitterTests.Ssas2008EmitterDataSourceTests, Vulcan.Tests, Version=1.0.0.0, Culture=neutral, PublicKeyToken=null" name="DataSource_Basic" />
    </UnitTest>
    <UnitTest name="Table_Column_Types" storage="c:\buildagent\work\c1e1d8ccf6867220\vulcan\vulcantests\bin\anycpu\sign\vulcan.tests.dll" id="8816bbc5-ea9d-2fdd-6b4e-b000a8ac4f05">
      <Execution id="cbb3ed76-2582-4778-aa1a-2940322ca498" />
      <TestMethod codeBase="C:/BuildAgent/work/c1e1d8ccf6867220/Vulcan/VulcanTests/bin/AnyCPU/Sign/Vulcan.Tests.DLL" adapterTypeName="Microsoft.VisualStudio.TestTools.TestTypes.Unit.UnitTestAdapter, Microsoft.VisualStudio.QualityTools.Tips.UnitTest.Adapter, Version=10.0.0.0, Culture=neutral, PublicKeyToken=b03f5f7f11d50a3a" className="VulcanTests.AstLowererTableTests, Vulcan.Tests, Version=1.0.0.0, Culture=neutral, PublicKeyToken=null" name="Table_Column_Types" />
    </UnitTest>
    <UnitTest name="Principal_ApplicationRole" storage="c:\buildagent\work\c1e1d8ccf6867220\vulcan\vulcantests\bin\anycpu\sign\vulcan.tests.dll" id="1db5dc0b-acc5-b391-21c6-38e735731bd0">
      <Execution id="75a2f4fd-46e7-400d-b48f-e6618cf48d1d" />
      <TestMethod codeBase="C:/BuildAgent/work/c1e1d8ccf6867220/Vulcan/VulcanTests/bin/AnyCPU/Sign/Vulcan.Tests.DLL" adapterTypeName="Microsoft.VisualStudio.TestTools.TestTypes.Unit.UnitTestAdapter, Microsoft.VisualStudio.QualityTools.Tips.UnitTest.Adapter, Version=10.0.0.0, Culture=neutral, PublicKeyToken=b03f5f7f11d50a3a" className="VulcanTests.AstLowererPrincipalTests, Vulcan.Tests, Version=1.0.0.0, Culture=neutral, PublicKeyToken=null" name="Principal_ApplicationRole" />
    </UnitTest>
    <UnitTest name="Container_TransactionModeNoTransaction" storage="c:\buildagent\work\c1e1d8ccf6867220\vulcan\vulcantests\bin\anycpu\sign\vulcan.tests.dll" id="1b10d8de-ecae-0176-5a05-e64f61245248">
      <Execution id="2750b620-fe49-4f1e-93d3-c36bd807cd8e" />
      <TestMethod codeBase="C:/BuildAgent/work/c1e1d8ccf6867220/Vulcan/VulcanTests/bin/AnyCPU/Sign/Vulcan.Tests.DLL" adapterTypeName="Microsoft.VisualStudio.TestTools.TestTypes.Unit.UnitTestAdapter, Microsoft.VisualStudio.QualityTools.Tips.UnitTest.Adapter, Version=10.0.0.0, Culture=neutral, PublicKeyToken=b03f5f7f11d50a3a" className="VulcanTests.Ssis2008EmitterTests.Ssis2008EmitterTaskTests, Vulcan.Tests, Version=1.0.0.0, Culture=neutral, PublicKeyToken=null" name="Container_TransactionModeNoTransaction" />
    </UnitTest>
    <UnitTest name="Role_Admin" storage="c:\buildagent\work\c1e1d8ccf6867220\vulcan\vulcantests\bin\anycpu\sign\vulcan.tests.dll" id="4a6cb78a-b307-389f-7fdd-3481b282ae36">
      <Execution id="fee595c6-7076-4cfe-8b67-6725720ef2d3" />
      <TestMethod codeBase="C:/BuildAgent/work/c1e1d8ccf6867220/Vulcan/VulcanTests/bin/AnyCPU/Sign/Vulcan.Tests.DLL" adapterTypeName="Microsoft.VisualStudio.TestTools.TestTypes.Unit.UnitTestAdapter, Microsoft.VisualStudio.QualityTools.Tips.UnitTest.Adapter, Version=10.0.0.0, Culture=neutral, PublicKeyToken=b03f5f7f11d50a3a" className="VulcanTests.Ssas2008EmitterTests.Ssas2008EmitterRoleTests, Vulcan.Tests, Version=1.0.0.0, Culture=neutral, PublicKeyToken=null" name="Role_Admin" />
    </UnitTest>
    <UnitTest name="Package_TransactionModeRequiredTransaction" storage="c:\buildagent\work\c1e1d8ccf6867220\vulcan\vulcantests\bin\anycpu\sign\vulcan.tests.dll" id="3b8bf8eb-26c0-2bec-344a-341bfe514677">
      <Execution id="a99749dd-590c-4601-b2a7-e6b0a41bd313" />
      <TestMethod codeBase="C:/BuildAgent/work/c1e1d8ccf6867220/Vulcan/VulcanTests/bin/AnyCPU/Sign/Vulcan.Tests.DLL" adapterTypeName="Microsoft.VisualStudio.TestTools.TestTypes.Unit.UnitTestAdapter, Microsoft.VisualStudio.QualityTools.Tips.UnitTest.Adapter, Version=10.0.0.0, Culture=neutral, PublicKeyToken=b03f5f7f11d50a3a" className="VulcanTests.Ssis2008EmitterTests.Ssis2008EmitterPackageTests, Vulcan.Tests, Version=1.0.0.0, Culture=neutral, PublicKeyToken=null" name="Package_TransactionModeRequiredTransaction" />
    </UnitTest>
    <UnitTest name="Dimension_Hierarchy" storage="c:\buildagent\work\c1e1d8ccf6867220\vulcan\vulcantests\bin\anycpu\sign\vulcan.tests.dll" id="084259f9-104b-4edc-27e9-65e71afa82ca">
      <Execution id="894ae5ec-3a04-4f5d-8c69-a52d41029c6d" />
      <TestMethod codeBase="C:/BuildAgent/work/c1e1d8ccf6867220/Vulcan/VulcanTests/bin/AnyCPU/Sign/Vulcan.Tests.DLL" adapterTypeName="Microsoft.VisualStudio.TestTools.TestTypes.Unit.UnitTestAdapter, Microsoft.VisualStudio.QualityTools.Tips.UnitTest.Adapter, Version=10.0.0.0, Culture=neutral, PublicKeyToken=b03f5f7f11d50a3a" className="VulcanTests.Ssas2008EmitterTests.Ssas2008EmitterDimensionTests, Vulcan.Tests, Version=1.0.0.0, Culture=neutral, PublicKeyToken=null" name="Dimension_Hierarchy" />
    </UnitTest>
    <UnitTest name="Container_VariableExpression" storage="c:\buildagent\work\c1e1d8ccf6867220\vulcan\vulcantests\bin\anycpu\sign\vulcan.tests.dll" id="f6d846ae-5095-b5fb-e328-61cd2e30456d">
      <Execution id="edf80b74-728d-4a14-b80b-6ac04b303323" />
      <TestMethod codeBase="C:/BuildAgent/work/c1e1d8ccf6867220/Vulcan/VulcanTests/bin/AnyCPU/Sign/Vulcan.Tests.DLL" adapterTypeName="Microsoft.VisualStudio.TestTools.TestTypes.Unit.UnitTestAdapter, Microsoft.VisualStudio.QualityTools.Tips.UnitTest.Adapter, Version=10.0.0.0, Culture=neutral, PublicKeyToken=b03f5f7f11d50a3a" className="VulcanTests.Ssis2008EmitterTests.Ssis2008EmitterTaskTests, Vulcan.Tests, Version=1.0.0.0, Culture=neutral, PublicKeyToken=null" name="Container_VariableExpression" />
    </UnitTest>
    <UnitTest name="Cube_Partitions" storage="c:\buildagent\work\c1e1d8ccf6867220\vulcan\vulcantests\bin\anycpu\sign\vulcan.tests.dll" id="f37d4825-54df-ffb1-2b42-ee78db417be7">
      <Execution id="1080e5e7-3b8a-4063-923d-d3ca038bc843" />
      <TestMethod codeBase="C:/BuildAgent/work/c1e1d8ccf6867220/Vulcan/VulcanTests/bin/AnyCPU/Sign/Vulcan.Tests.DLL" adapterTypeName="Microsoft.VisualStudio.TestTools.TestTypes.Unit.UnitTestAdapter, Microsoft.VisualStudio.QualityTools.Tips.UnitTest.Adapter, Version=10.0.0.0, Culture=neutral, PublicKeyToken=b03f5f7f11d50a3a" className="VulcanTests.Ssas2008EmitterTests.Ssas2008EmitterPartitionTests, Vulcan.Tests, Version=1.0.0.0, Culture=neutral, PublicKeyToken=null" name="Cube_Partitions" />
    </UnitTest>
    <UnitTest name="Dimension_Snowflake" storage="c:\buildagent\work\c1e1d8ccf6867220\vulcan\vulcantests\bin\anycpu\sign\vulcan.tests.dll" id="07bfc2bf-8f18-27b1-ed7f-102a08507d47">
      <Execution id="00671891-9b40-4493-835a-17f6e42b032f" />
      <TestMethod codeBase="C:/BuildAgent/work/c1e1d8ccf6867220/Vulcan/VulcanTests/bin/AnyCPU/Sign/Vulcan.Tests.DLL" adapterTypeName="Microsoft.VisualStudio.TestTools.TestTypes.Unit.UnitTestAdapter, Microsoft.VisualStudio.QualityTools.Tips.UnitTest.Adapter, Version=10.0.0.0, Culture=neutral, PublicKeyToken=b03f5f7f11d50a3a" className="VulcanTests.Ssas2008EmitterTests.Ssas2008EmitterDimensionTests, Vulcan.Tests, Version=1.0.0.0, Culture=neutral, PublicKeyToken=null" name="Dimension_Snowflake" />
    </UnitTest>
    <UnitTest name="Principal_SqlUser" storage="c:\buildagent\work\c1e1d8ccf6867220\vulcan\vulcantests\bin\anycpu\sign\vulcan.tests.dll" id="b42cb581-0ff1-4824-b59d-b562971d3661">
      <Execution id="ed1a6ac6-8c4e-481c-b31d-ec1606504ebc" />
      <TestMethod codeBase="C:/BuildAgent/work/c1e1d8ccf6867220/Vulcan/VulcanTests/bin/AnyCPU/Sign/Vulcan.Tests.DLL" adapterTypeName="Microsoft.VisualStudio.TestTools.TestTypes.Unit.UnitTestAdapter, Microsoft.VisualStudio.QualityTools.Tips.UnitTest.Adapter, Version=10.0.0.0, Culture=neutral, PublicKeyToken=b03f5f7f11d50a3a" className="VulcanTests.AstLowererPrincipalTests, Vulcan.Tests, Version=1.0.0.0, Culture=neutral, PublicKeyToken=null" name="Principal_SqlUser" />
    </UnitTest>
    <UnitTest name="Table_Index_Properties" storage="c:\buildagent\work\c1e1d8ccf6867220\vulcan\vulcantests\bin\anycpu\sign\vulcan.tests.dll" id="1794d721-1fc2-8b71-8134-425363b09b2a">
      <Execution id="fd99fc3d-8d03-481c-adbf-8f06dba3babe" />
      <TestMethod codeBase="C:/BuildAgent/work/c1e1d8ccf6867220/Vulcan/VulcanTests/bin/AnyCPU/Sign/Vulcan.Tests.DLL" adapterTypeName="Microsoft.VisualStudio.TestTools.TestTypes.Unit.UnitTestAdapter, Microsoft.VisualStudio.QualityTools.Tips.UnitTest.Adapter, Version=10.0.0.0, Culture=neutral, PublicKeyToken=b03f5f7f11d50a3a" className="VulcanTests.AstLowererTableTests, Vulcan.Tests, Version=1.0.0.0, Culture=neutral, PublicKeyToken=null" name="Table_Index_Properties" />
    </UnitTest>
    <UnitTest name="Dimension_Ordering" storage="c:\buildagent\work\c1e1d8ccf6867220\vulcan\vulcantests\bin\anycpu\sign\vulcan.tests.dll" id="d48a9c5a-a080-ca5d-5ae3-be3d31f99a26">
      <Execution id="a4c8e232-29de-4d2c-a5f8-51f94340900e" />
      <TestMethod codeBase="C:/BuildAgent/work/c1e1d8ccf6867220/Vulcan/VulcanTests/bin/AnyCPU/Sign/Vulcan.Tests.DLL" adapterTypeName="Microsoft.VisualStudio.TestTools.TestTypes.Unit.UnitTestAdapter, Microsoft.VisualStudio.QualityTools.Tips.UnitTest.Adapter, Version=10.0.0.0, Culture=neutral, PublicKeyToken=b03f5f7f11d50a3a" className="VulcanTests.Ssas2008EmitterTests.Ssas2008EmitterDimensionTests, Vulcan.Tests, Version=1.0.0.0, Culture=neutral, PublicKeyToken=null" name="Dimension_Ordering" />
    </UnitTest>
    <UnitTest name="CloneTable_FullTable_UniqueKey_CloneAllTrueAndAddUniqueKey" storage="c:\buildagent\work\c1e1d8ccf6867220\vulcan\vulcantests\bin\anycpu\sign\vulcan.tests.dll" id="285b343d-847d-9a92-937a-e203668515cf">
      <Execution id="edba845b-95cd-4d95-ba01-57398556185f" />
      <TestMethod codeBase="C:/BuildAgent/work/c1e1d8ccf6867220/Vulcan/VulcanTests/bin/AnyCPU/Sign/Vulcan.Tests.DLL" adapterTypeName="Microsoft.VisualStudio.TestTools.TestTypes.Unit.UnitTestAdapter, Microsoft.VisualStudio.QualityTools.Tips.UnitTest.Adapter, Version=10.0.0.0, Culture=neutral, PublicKeyToken=b03f5f7f11d50a3a" className="VulcanTests.AstLowererCloneTableTests, Vulcan.Tests, Version=1.0.0.0, Culture=neutral, PublicKeyToken=null" name="CloneTable_FullTable_UniqueKey_CloneAllTrueAndAddUniqueKey" />
    </UnitTest>
    <UnitTest name="StoredProcedure_Schema" storage="c:\buildagent\work\c1e1d8ccf6867220\vulcan\vulcantests\bin\anycpu\sign\vulcan.tests.dll" id="14385a63-51b1-0380-f32a-f001d10be915">
      <Execution id="dc6999cb-ef3b-4044-ab8b-7d536841fb86" />
      <TestMethod codeBase="C:/BuildAgent/work/c1e1d8ccf6867220/Vulcan/VulcanTests/bin/AnyCPU/Sign/Vulcan.Tests.DLL" adapterTypeName="Microsoft.VisualStudio.TestTools.TestTypes.Unit.UnitTestAdapter, Microsoft.VisualStudio.QualityTools.Tips.UnitTest.Adapter, Version=10.0.0.0, Culture=neutral, PublicKeyToken=b03f5f7f11d50a3a" className="VulcanTests.AstLowererPackageTests, Vulcan.Tests, Version=1.0.0.0, Culture=neutral, PublicKeyToken=null" name="StoredProcedure_Schema" />
    </UnitTest>
    <UnitTest name="Schema_CustomExtensions" storage="c:\buildagent\work\c1e1d8ccf6867220\vulcan\vulcantests\bin\anycpu\sign\vulcan.tests.dll" id="1fcdadbf-24af-f82b-b5d5-927ef78dfedf">
      <Execution id="675aec2d-0580-47fd-b672-a1ef741f655c" />
      <TestMethod codeBase="C:/BuildAgent/work/c1e1d8ccf6867220/Vulcan/VulcanTests/bin/AnyCPU/Sign/Vulcan.Tests.DLL" adapterTypeName="Microsoft.VisualStudio.TestTools.TestTypes.Unit.UnitTestAdapter, Microsoft.VisualStudio.QualityTools.Tips.UnitTest.Adapter, Version=10.0.0.0, Culture=neutral, PublicKeyToken=b03f5f7f11d50a3a" className="VulcanTests.AstLowererSchemaTests, Vulcan.Tests, Version=1.0.0.0, Culture=neutral, PublicKeyToken=null" name="Schema_CustomExtensions" />
    </UnitTest>
    <UnitTest name="Etl_TransformationOrderCyclic" storage="c:\buildagent\work\c1e1d8ccf6867220\vulcan\vulcantests\bin\anycpu\sign\vulcan.tests.dll" id="fd850645-e1c9-0a56-9094-55e3a12feaed">
      <Execution id="a75cd813-40ec-4941-839b-28bff25a6f53" />
      <TestMethod codeBase="C:/BuildAgent/work/c1e1d8ccf6867220/Vulcan/VulcanTests/bin/AnyCPU/Sign/Vulcan.Tests.DLL" adapterTypeName="Microsoft.VisualStudio.TestTools.TestTypes.Unit.UnitTestAdapter, Microsoft.VisualStudio.QualityTools.Tips.UnitTest.Adapter, Version=10.0.0.0, Culture=neutral, PublicKeyToken=b03f5f7f11d50a3a" className="VulcanTests.Ssis2008EmitterTests.Ssis2008EmitterEtlTests, Vulcan.Tests, Version=1.0.0.0, Culture=neutral, PublicKeyToken=null" name="Etl_TransformationOrderCyclic" />
    </UnitTest>
    <UnitTest name="CloneTable_FullTable_MultipleKeys_CloneKeysFalse" storage="c:\buildagent\work\c1e1d8ccf6867220\vulcan\vulcantests\bin\anycpu\sign\vulcan.tests.dll" id="777ee719-aa8b-88e8-a4ed-f77907bca48a">
      <Execution id="7a1ea0ed-ae69-445c-ad65-575c056870e3" />
      <TestMethod codeBase="C:/BuildAgent/work/c1e1d8ccf6867220/Vulcan/VulcanTests/bin/AnyCPU/Sign/Vulcan.Tests.DLL" adapterTypeName="Microsoft.VisualStudio.TestTools.TestTypes.Unit.UnitTestAdapter, Microsoft.VisualStudio.QualityTools.Tips.UnitTest.Adapter, Version=10.0.0.0, Culture=neutral, PublicKeyToken=b03f5f7f11d50a3a" className="VulcanTests.AstLowererCloneTableTests, Vulcan.Tests, Version=1.0.0.0, Culture=neutral, PublicKeyToken=null" name="CloneTable_FullTable_MultipleKeys_CloneKeysFalse" />
    </UnitTest>
    <UnitTest name="Package_IsolationLevelChaos" storage="c:\buildagent\work\c1e1d8ccf6867220\vulcan\vulcantests\bin\anycpu\sign\vulcan.tests.dll" id="4b398132-89d5-d0e7-05a1-5d816127545d">
      <Execution id="badbcbd9-9f70-4412-977f-0c975b604167" />
      <TestMethod codeBase="C:/BuildAgent/work/c1e1d8ccf6867220/Vulcan/VulcanTests/bin/AnyCPU/Sign/Vulcan.Tests.DLL" adapterTypeName="Microsoft.VisualStudio.TestTools.TestTypes.Unit.UnitTestAdapter, Microsoft.VisualStudio.QualityTools.Tips.UnitTest.Adapter, Version=10.0.0.0, Culture=neutral, PublicKeyToken=b03f5f7f11d50a3a" className="VulcanTests.Ssis2008EmitterTests.Ssis2008EmitterPackageTests, Vulcan.Tests, Version=1.0.0.0, Culture=neutral, PublicKeyToken=null" name="Package_IsolationLevelChaos" />
    </UnitTest>
    <UnitTest name="ForLoop_Basic" storage="c:\buildagent\work\c1e1d8ccf6867220\vulcan\vulcantests\bin\anycpu\sign\vulcan.tests.dll" id="e3a63282-7af5-92f4-e1bd-c6501f7f34f6">
      <Execution id="4634320d-462d-4d5a-a309-7eec03d7b451" />
      <TestMethod codeBase="C:/BuildAgent/work/c1e1d8ccf6867220/Vulcan/VulcanTests/bin/AnyCPU/Sign/Vulcan.Tests.DLL" adapterTypeName="Microsoft.VisualStudio.TestTools.TestTypes.Unit.UnitTestAdapter, Microsoft.VisualStudio.QualityTools.Tips.UnitTest.Adapter, Version=10.0.0.0, Culture=neutral, PublicKeyToken=b03f5f7f11d50a3a" className="VulcanTests.Ssis2008EmitterTests.Ssis2008EmitterTaskTests, Vulcan.Tests, Version=1.0.0.0, Culture=neutral, PublicKeyToken=null" name="ForLoop_Basic" />
    </UnitTest>
    <UnitTest name="Etl_Transformations_QuerySourceParameters" storage="c:\buildagent\work\c1e1d8ccf6867220\vulcan\vulcantests\bin\anycpu\sign\vulcan.tests.dll" id="764a6571-edf0-ca50-2e31-8819e637f095">
      <Execution id="ef6edd53-7183-4ad0-aab8-4c97ad325577" />
      <TestMethod codeBase="C:/BuildAgent/work/c1e1d8ccf6867220/Vulcan/VulcanTests/bin/AnyCPU/Sign/Vulcan.Tests.DLL" adapterTypeName="Microsoft.VisualStudio.TestTools.TestTypes.Unit.UnitTestAdapter, Microsoft.VisualStudio.QualityTools.Tips.UnitTest.Adapter, Version=10.0.0.0, Culture=neutral, PublicKeyToken=b03f5f7f11d50a3a" className="VulcanTests.Ssis2008EmitterTests.Ssis2008EmitterEtlTests, Vulcan.Tests, Version=1.0.0.0, Culture=neutral, PublicKeyToken=null" name="Etl_Transformations_QuerySourceParameters" />
    </UnitTest>
    <UnitTest name="Dimension_NoKeyAttribute" storage="c:\buildagent\work\c1e1d8ccf6867220\vulcan\vulcantests\bin\anycpu\sign\vulcan.tests.dll" id="0039db06-a76a-1863-016a-1402bcebae48">
      <Execution id="5f320648-30e3-4c31-a6b4-b6b6bfd0a507" />
      <TestMethod codeBase="C:/BuildAgent/work/c1e1d8ccf6867220/Vulcan/VulcanTests/bin/AnyCPU/Sign/Vulcan.Tests.DLL" adapterTypeName="Microsoft.VisualStudio.TestTools.TestTypes.Unit.UnitTestAdapter, Microsoft.VisualStudio.QualityTools.Tips.UnitTest.Adapter, Version=10.0.0.0, Culture=neutral, PublicKeyToken=b03f5f7f11d50a3a" className="VulcanTests.AstDimensionNodeTests, Vulcan.Tests, Version=1.0.0.0, Culture=neutral, PublicKeyToken=null" name="Dimension_NoKeyAttribute" />
    </UnitTest>
    <UnitTest name="CloneTable_BasicTable_UniqueKey_AddColumnsAndUniqueKey" storage="c:\buildagent\work\c1e1d8ccf6867220\vulcan\vulcantests\bin\anycpu\sign\vulcan.tests.dll" id="c4260f19-d172-2d6f-60b6-1cfb14e1ccd2">
      <Execution id="c6b31652-e29c-4f04-a5cf-755ba43eee96" />
      <TestMethod codeBase="C:/BuildAgent/work/c1e1d8ccf6867220/Vulcan/VulcanTests/bin/AnyCPU/Sign/Vulcan.Tests.DLL" adapterTypeName="Microsoft.VisualStudio.TestTools.TestTypes.Unit.UnitTestAdapter, Microsoft.VisualStudio.QualityTools.Tips.UnitTest.Adapter, Version=10.0.0.0, Culture=neutral, PublicKeyToken=b03f5f7f11d50a3a" className="VulcanTests.AstLowererCloneTableTests, Vulcan.Tests, Version=1.0.0.0, Culture=neutral, PublicKeyToken=null" name="CloneTable_BasicTable_UniqueKey_AddColumnsAndUniqueKey" />
    </UnitTest>
    <UnitTest name="Merge_UpdateTargetTable" storage="c:\buildagent\work\c1e1d8ccf6867220\vulcan\vulcantests\bin\anycpu\sign\vulcan.tests.dll" id="2d1222c2-5a86-cdd3-5c38-37723763be17">
      <Execution id="b93ee08f-8162-41c2-9c9d-53d7cb43d217" />
      <TestMethod codeBase="C:/BuildAgent/work/c1e1d8ccf6867220/Vulcan/VulcanTests/bin/AnyCPU/Sign/Vulcan.Tests.DLL" adapterTypeName="Microsoft.VisualStudio.TestTools.TestTypes.Unit.UnitTestAdapter, Microsoft.VisualStudio.QualityTools.Tips.UnitTest.Adapter, Version=10.0.0.0, Culture=neutral, PublicKeyToken=b03f5f7f11d50a3a" className="VulcanTests.AstLowererPackageTests, Vulcan.Tests, Version=1.0.0.0, Culture=neutral, PublicKeyToken=null" name="Merge_UpdateTargetTable" />
    </UnitTest>
    <UnitTest name="Package_TransformationTemplateInstance" storage="c:\buildagent\work\c1e1d8ccf6867220\vulcan\vulcantests\bin\anycpu\sign\vulcan.tests.dll" id="e2c638c7-aa81-5c41-2279-e79d49c4bfd0">
      <Execution id="8a9dc171-7df7-4839-9904-631671a9564b" />
      <TestMethod codeBase="C:/BuildAgent/work/c1e1d8ccf6867220/Vulcan/VulcanTests/bin/AnyCPU/Sign/Vulcan.Tests.DLL" adapterTypeName="Microsoft.VisualStudio.TestTools.TestTypes.Unit.UnitTestAdapter, Microsoft.VisualStudio.QualityTools.Tips.UnitTest.Adapter, Version=10.0.0.0, Culture=neutral, PublicKeyToken=b03f5f7f11d50a3a" className="VulcanTests.AstLowererPackageTests, Vulcan.Tests, Version=1.0.0.0, Culture=neutral, PublicKeyToken=null" name="Package_TransformationTemplateInstance" />
    </UnitTest>
    <UnitTest name="Taskflow_TaskOrder" storage="c:\buildagent\work\c1e1d8ccf6867220\vulcan\vulcantests\bin\anycpu\sign\vulcan.tests.dll" id="79b02fef-f0cd-bd64-85ba-dd90d4bd26f5">
      <Execution id="84dd337d-8275-48e4-80e1-53ba8f024910" />
      <TestMethod codeBase="C:/BuildAgent/work/c1e1d8ccf6867220/Vulcan/VulcanTests/bin/AnyCPU/Sign/Vulcan.Tests.DLL" adapterTypeName="Microsoft.VisualStudio.TestTools.TestTypes.Unit.UnitTestAdapter, Microsoft.VisualStudio.QualityTools.Tips.UnitTest.Adapter, Version=10.0.0.0, Culture=neutral, PublicKeyToken=b03f5f7f11d50a3a" className="VulcanTests.Ssis2008EmitterTests.Ssis2008EmitterTaskTests, Vulcan.Tests, Version=1.0.0.0, Culture=neutral, PublicKeyToken=null" name="Taskflow_TaskOrder" />
    </UnitTest>
    <UnitTest name="StoredProcedure_ParametersBasic" storage="c:\buildagent\work\c1e1d8ccf6867220\vulcan\vulcantests\bin\anycpu\sign\vulcan.tests.dll" id="e14b5b3b-4656-87d2-543d-14601f0f628d">
      <Execution id="5bcca82b-2669-41eb-b385-7c5b308d5c47" />
      <TestMethod codeBase="C:/BuildAgent/work/c1e1d8ccf6867220/Vulcan/VulcanTests/bin/AnyCPU/Sign/Vulcan.Tests.DLL" adapterTypeName="Microsoft.VisualStudio.TestTools.TestTypes.Unit.UnitTestAdapter, Microsoft.VisualStudio.QualityTools.Tips.UnitTest.Adapter, Version=10.0.0.0, Culture=neutral, PublicKeyToken=b03f5f7f11d50a3a" className="VulcanTests.AstLowererPackageTests, Vulcan.Tests, Version=1.0.0.0, Culture=neutral, PublicKeyToken=null" name="StoredProcedure_ParametersBasic" />
    </UnitTest>
    <UnitTest name="Cube_Actions" storage="c:\buildagent\work\c1e1d8ccf6867220\vulcan\vulcantests\bin\anycpu\sign\vulcan.tests.dll" id="f18c0df0-f29f-8733-55e1-1ec5f73e48e2">
      <Execution id="d3c2098f-69e6-4759-8a12-f9cb573af634" />
      <TestMethod codeBase="C:/BuildAgent/work/c1e1d8ccf6867220/Vulcan/VulcanTests/bin/AnyCPU/Sign/Vulcan.Tests.DLL" adapterTypeName="Microsoft.VisualStudio.TestTools.TestTypes.Unit.UnitTestAdapter, Microsoft.VisualStudio.QualityTools.Tips.UnitTest.Adapter, Version=10.0.0.0, Culture=neutral, PublicKeyToken=b03f5f7f11d50a3a" className="VulcanTests.Ssas2008EmitterTests.Ssas2008EmitterCubeTests, Vulcan.Tests, Version=1.0.0.0, Culture=neutral, PublicKeyToken=null" name="Cube_Actions" />
    </UnitTest>
    <UnitTest name="Table_Column_Properties" storage="c:\buildagent\work\c1e1d8ccf6867220\vulcan\vulcantests\bin\anycpu\sign\vulcan.tests.dll" id="4805e4e8-2c12-2672-ad60-9c4c73a63e32">
      <Execution id="44542667-0f31-4436-902f-40af62252a07" />
      <TestMethod codeBase="C:/BuildAgent/work/c1e1d8ccf6867220/Vulcan/VulcanTests/bin/AnyCPU/Sign/Vulcan.Tests.DLL" adapterTypeName="Microsoft.VisualStudio.TestTools.TestTypes.Unit.UnitTestAdapter, Microsoft.VisualStudio.QualityTools.Tips.UnitTest.Adapter, Version=10.0.0.0, Culture=neutral, PublicKeyToken=b03f5f7f11d50a3a" className="VulcanTests.AstLowererTableTests, Vulcan.Tests, Version=1.0.0.0, Culture=neutral, PublicKeyToken=null" name="Table_Column_Properties" />
    </UnitTest>
    <UnitTest name="Cube_ProactiveCachingScheduledPollingIncrementalUpdates" storage="c:\buildagent\work\c1e1d8ccf6867220\vulcan\vulcantests\bin\anycpu\sign\vulcan.tests.dll" id="b6cdafe1-1bdd-7ad9-e07a-e76ba6951f5c">
      <Execution id="ac334abb-d604-48b2-8f62-a1d237aff4f2" />
      <TestMethod codeBase="C:/BuildAgent/work/c1e1d8ccf6867220/Vulcan/VulcanTests/bin/AnyCPU/Sign/Vulcan.Tests.DLL" adapterTypeName="Microsoft.VisualStudio.TestTools.TestTypes.Unit.UnitTestAdapter, Microsoft.VisualStudio.QualityTools.Tips.UnitTest.Adapter, Version=10.0.0.0, Culture=neutral, PublicKeyToken=b03f5f7f11d50a3a" className="VulcanTests.Ssas2008EmitterTests.Ssas2008EmitterPartitionTests, Vulcan.Tests, Version=1.0.0.0, Culture=neutral, PublicKeyToken=null" name="Cube_ProactiveCachingScheduledPollingIncrementalUpdates" />
    </UnitTest>
    <UnitTest name="DimensionRelationship_Referenced" storage="c:\buildagent\work\c1e1d8ccf6867220\vulcan\vulcantests\bin\anycpu\sign\vulcan.tests.dll" id="afebadca-06bd-756f-4b81-62072dee04db">
      <Execution id="d1997e25-79b7-453b-8975-40f194b34533" />
      <TestMethod codeBase="C:/BuildAgent/work/c1e1d8ccf6867220/Vulcan/VulcanTests/bin/AnyCPU/Sign/Vulcan.Tests.DLL" adapterTypeName="Microsoft.VisualStudio.TestTools.TestTypes.Unit.UnitTestAdapter, Microsoft.VisualStudio.QualityTools.Tips.UnitTest.Adapter, Version=10.0.0.0, Culture=neutral, PublicKeyToken=b03f5f7f11d50a3a" className="VulcanTests.Ssas2008EmitterTests.Ssas2008EmitterDimensionRelationshipTests, Vulcan.Tests, Version=1.0.0.0, Culture=neutral, PublicKeyToken=null" name="DimensionRelationship_Referenced" />
    </UnitTest>
    <UnitTest name="Schema_NoEmit" storage="c:\buildagent\work\c1e1d8ccf6867220\vulcan\vulcantests\bin\anycpu\sign\vulcan.tests.dll" id="7528a310-3770-c2fe-792d-086a47c766dc">
      <Execution id="9c6cdc4f-13ec-413a-8adc-1db479b770ca" />
      <TestMethod codeBase="C:/BuildAgent/work/c1e1d8ccf6867220/Vulcan/VulcanTests/bin/AnyCPU/Sign/Vulcan.Tests.DLL" adapterTypeName="Microsoft.VisualStudio.TestTools.TestTypes.Unit.UnitTestAdapter, Microsoft.VisualStudio.QualityTools.Tips.UnitTest.Adapter, Version=10.0.0.0, Culture=neutral, PublicKeyToken=b03f5f7f11d50a3a" className="VulcanTests.AstLowererSchemaTests, Vulcan.Tests, Version=1.0.0.0, Culture=neutral, PublicKeyToken=null" name="Schema_NoEmit" />
    </UnitTest>
    <UnitTest name="Package_Schema" storage="c:\buildagent\work\c1e1d8ccf6867220\vulcan\vulcantests\bin\anycpu\sign\vulcan.tests.dll" id="1347e8c4-91aa-be06-f3d0-8e7cda34c889">
      <Execution id="96616c28-0085-496c-b65e-b39922e31b36" />
      <TestMethod codeBase="C:/BuildAgent/work/c1e1d8ccf6867220/Vulcan/VulcanTests/bin/AnyCPU/Sign/Vulcan.Tests.DLL" adapterTypeName="Microsoft.VisualStudio.TestTools.TestTypes.Unit.UnitTestAdapter, Microsoft.VisualStudio.QualityTools.Tips.UnitTest.Adapter, Version=10.0.0.0, Culture=neutral, PublicKeyToken=b03f5f7f11d50a3a" className="VulcanTests.Ssis2008EmitterTests.Ssis2008EmitterPackageTests, Vulcan.Tests, Version=1.0.0.0, Culture=neutral, PublicKeyToken=null" name="Package_Schema" />
    </UnitTest>
    <UnitTest name="Cube_DistinctCount" storage="c:\buildagent\work\c1e1d8ccf6867220\vulcan\vulcantests\bin\anycpu\sign\vulcan.tests.dll" id="b96f406a-8a3c-8f55-a542-9570256fd35b">
      <Execution id="464c9644-770d-4631-963c-20240b97e9d3" />
      <TestMethod codeBase="C:/BuildAgent/work/c1e1d8ccf6867220/Vulcan/VulcanTests/bin/AnyCPU/Sign/Vulcan.Tests.DLL" adapterTypeName="Microsoft.VisualStudio.TestTools.TestTypes.Unit.UnitTestAdapter, Microsoft.VisualStudio.QualityTools.Tips.UnitTest.Adapter, Version=10.0.0.0, Culture=neutral, PublicKeyToken=b03f5f7f11d50a3a" className="VulcanTests.Ssas2008EmitterTests.Ssas2008EmitterCubeTests, Vulcan.Tests, Version=1.0.0.0, Culture=neutral, PublicKeyToken=null" name="Cube_DistinctCount" />
    </UnitTest>
    <UnitTest name="Table_SpacedTable" storage="c:\buildagent\work\c1e1d8ccf6867220\vulcan\vulcantests\bin\anycpu\sign\vulcan.tests.dll" id="7cb124d4-0ee5-dd8a-02e1-96ad4a08d0f0">
      <Execution id="2bb97388-1a88-41d5-8f98-7950b42d6951" />
      <TestMethod codeBase="C:/BuildAgent/work/c1e1d8ccf6867220/Vulcan/VulcanTests/bin/AnyCPU/Sign/Vulcan.Tests.DLL" adapterTypeName="Microsoft.VisualStudio.TestTools.TestTypes.Unit.UnitTestAdapter, Microsoft.VisualStudio.QualityTools.Tips.UnitTest.Adapter, Version=10.0.0.0, Culture=neutral, PublicKeyToken=b03f5f7f11d50a3a" className="VulcanTests.AstLowererTableTests, Vulcan.Tests, Version=1.0.0.0, Culture=neutral, PublicKeyToken=null" name="Table_SpacedTable" />
    </UnitTest>
    <UnitTest name="Merge_NoUpdate" storage="c:\buildagent\work\c1e1d8ccf6867220\vulcan\vulcantests\bin\anycpu\sign\vulcan.tests.dll" id="39cc03e7-ef0f-cad1-a022-accc8bba6319">
      <Execution id="a3299dfb-2485-40c5-bb7c-d17c5b7ee8f4" />
      <TestMethod codeBase="C:/BuildAgent/work/c1e1d8ccf6867220/Vulcan/VulcanTests/bin/AnyCPU/Sign/Vulcan.Tests.DLL" adapterTypeName="Microsoft.VisualStudio.TestTools.TestTypes.Unit.UnitTestAdapter, Microsoft.VisualStudio.QualityTools.Tips.UnitTest.Adapter, Version=10.0.0.0, Culture=neutral, PublicKeyToken=b03f5f7f11d50a3a" className="VulcanTests.AstLowererPackageTests, Vulcan.Tests, Version=1.0.0.0, Culture=neutral, PublicKeyToken=null" name="Merge_NoUpdate" />
    </UnitTest>
    <UnitTest name="CloneTable_BasicTable_AddColumn" storage="c:\buildagent\work\c1e1d8ccf6867220\vulcan\vulcantests\bin\anycpu\sign\vulcan.tests.dll" id="acbb402c-05ce-dcf3-1ca5-22f5b8ae3004">
      <Execution id="7ac965bf-b604-4ed7-9ffa-113794b942b1" />
      <TestMethod codeBase="C:/BuildAgent/work/c1e1d8ccf6867220/Vulcan/VulcanTests/bin/AnyCPU/Sign/Vulcan.Tests.DLL" adapterTypeName="Microsoft.VisualStudio.TestTools.TestTypes.Unit.UnitTestAdapter, Microsoft.VisualStudio.QualityTools.Tips.UnitTest.Adapter, Version=10.0.0.0, Culture=neutral, PublicKeyToken=b03f5f7f11d50a3a" className="VulcanTests.AstLowererCloneTableTests, Vulcan.Tests, Version=1.0.0.0, Culture=neutral, PublicKeyToken=null" name="CloneTable_BasicTable_AddColumn" />
    </UnitTest>
    <UnitTest name="Container_Basic" storage="c:\buildagent\work\c1e1d8ccf6867220\vulcan\vulcantests\bin\anycpu\sign\vulcan.tests.dll" id="29acdcbc-21d9-fc77-0151-19c0584133ee">
      <Execution id="1fc6e1a2-e0a3-45ed-8b52-65cf81bc23de" />
      <TestMethod codeBase="C:/BuildAgent/work/c1e1d8ccf6867220/Vulcan/VulcanTests/bin/AnyCPU/Sign/Vulcan.Tests.DLL" adapterTypeName="Microsoft.VisualStudio.TestTools.TestTypes.Unit.UnitTestAdapter, Microsoft.VisualStudio.QualityTools.Tips.UnitTest.Adapter, Version=10.0.0.0, Culture=neutral, PublicKeyToken=b03f5f7f11d50a3a" className="VulcanTests.Ssis2008EmitterTests.Ssis2008EmitterTaskTests, Vulcan.Tests, Version=1.0.0.0, Culture=neutral, PublicKeyToken=null" name="Container_Basic" />
    </UnitTest>
    <UnitTest name="CloneTable_FullTable_CloneAllTrue" storage="c:\buildagent\work\c1e1d8ccf6867220\vulcan\vulcantests\bin\anycpu\sign\vulcan.tests.dll" id="648558f8-12c1-aa8a-c829-f0d56c297ac4">
      <Execution id="374f2f02-c118-4f84-8fee-4d2d99786cc6" />
      <TestMethod codeBase="C:/BuildAgent/work/c1e1d8ccf6867220/Vulcan/VulcanTests/bin/AnyCPU/Sign/Vulcan.Tests.DLL" adapterTypeName="Microsoft.VisualStudio.TestTools.TestTypes.Unit.UnitTestAdapter, Microsoft.VisualStudio.QualityTools.Tips.UnitTest.Adapter, Version=10.0.0.0, Culture=neutral, PublicKeyToken=b03f5f7f11d50a3a" className="VulcanTests.AstLowererCloneTableTests, Vulcan.Tests, Version=1.0.0.0, Culture=neutral, PublicKeyToken=null" name="CloneTable_FullTable_CloneAllTrue" />
    </UnitTest>
    <UnitTest name="Package_PrecedenceConstraints" storage="c:\buildagent\work\c1e1d8ccf6867220\vulcan\vulcantests\bin\anycpu\sign\vulcan.tests.dll" id="4346f110-d1cb-bb2c-36ac-3e2c82c1df81">
      <Execution id="a99e5a7d-0c6a-4cf5-b9f0-7dac07b5d829" />
      <TestMethod codeBase="C:/BuildAgent/work/c1e1d8ccf6867220/Vulcan/VulcanTests/bin/AnyCPU/Sign/Vulcan.Tests.DLL" adapterTypeName="Microsoft.VisualStudio.TestTools.TestTypes.Unit.UnitTestAdapter, Microsoft.VisualStudio.QualityTools.Tips.UnitTest.Adapter, Version=10.0.0.0, Culture=neutral, PublicKeyToken=b03f5f7f11d50a3a" className="VulcanTests.Ssis2008EmitterTests.Ssis2008EmitterPackageTests, Vulcan.Tests, Version=1.0.0.0, Culture=neutral, PublicKeyToken=null" name="Package_PrecedenceConstraints" />
    </UnitTest>
    <UnitTest name="Merge_DisableScd" storage="c:\buildagent\work\c1e1d8ccf6867220\vulcan\vulcantests\bin\anycpu\sign\vulcan.tests.dll" id="60fd485a-fe26-c4fc-bb36-ef041cad84df">
      <Execution id="cf4f203f-3a53-49b4-a1aa-1460802053a4" />
      <TestMethod codeBase="C:/BuildAgent/work/c1e1d8ccf6867220/Vulcan/VulcanTests/bin/AnyCPU/Sign/Vulcan.Tests.DLL" adapterTypeName="Microsoft.VisualStudio.TestTools.TestTypes.Unit.UnitTestAdapter, Microsoft.VisualStudio.QualityTools.Tips.UnitTest.Adapter, Version=10.0.0.0, Culture=neutral, PublicKeyToken=b03f5f7f11d50a3a" className="VulcanTests.AstLowererPackageTests, Vulcan.Tests, Version=1.0.0.0, Culture=neutral, PublicKeyToken=null" name="Merge_DisableScd" />
    </UnitTest>
    <UnitTest name="CloneTable_FullTable_MultipleKeys_CloneAllTrueAndAddMultipleKeys" storage="c:\buildagent\work\c1e1d8ccf6867220\vulcan\vulcantests\bin\anycpu\sign\vulcan.tests.dll" id="5deb5ca0-b4cf-175c-ab57-0da2ac0f7954">
      <Execution id="f71aa900-69ac-475e-9b38-08a2a022312d" />
      <TestMethod codeBase="C:/BuildAgent/work/c1e1d8ccf6867220/Vulcan/VulcanTests/bin/AnyCPU/Sign/Vulcan.Tests.DLL" adapterTypeName="Microsoft.VisualStudio.TestTools.TestTypes.Unit.UnitTestAdapter, Microsoft.VisualStudio.QualityTools.Tips.UnitTest.Adapter, Version=10.0.0.0, Culture=neutral, PublicKeyToken=b03f5f7f11d50a3a" className="VulcanTests.AstLowererCloneTableTests, Vulcan.Tests, Version=1.0.0.0, Culture=neutral, PublicKeyToken=null" name="CloneTable_FullTable_MultipleKeys_CloneAllTrueAndAddMultipleKeys" />
    </UnitTest>
    <UnitTest name="Package_SystemVariables" storage="c:\buildagent\work\c1e1d8ccf6867220\vulcan\vulcantests\bin\anycpu\sign\vulcan.tests.dll" id="dce75f6a-2ef5-1d55-71d0-d1881ce9efb3">
      <Execution id="caa081a2-e6b8-4230-bd33-258fe155a406" />
      <TestMethod codeBase="C:/BuildAgent/work/c1e1d8ccf6867220/Vulcan/VulcanTests/bin/AnyCPU/Sign/Vulcan.Tests.DLL" adapterTypeName="Microsoft.VisualStudio.TestTools.TestTypes.Unit.UnitTestAdapter, Microsoft.VisualStudio.QualityTools.Tips.UnitTest.Adapter, Version=10.0.0.0, Culture=neutral, PublicKeyToken=b03f5f7f11d50a3a" className="VulcanTests.Ssis2008EmitterTests.Ssis2008EmitterPackageTests, Vulcan.Tests, Version=1.0.0.0, Culture=neutral, PublicKeyToken=null" name="Package_SystemVariables" />
    </UnitTest>
    <UnitTest name="Cube_ProactiveCachingScheduledPolling" storage="c:\buildagent\work\c1e1d8ccf6867220\vulcan\vulcantests\bin\anycpu\sign\vulcan.tests.dll" id="59f45bb5-912b-1d1e-c56c-1e62c1843075">
      <Execution id="0b566d3c-5d82-48ce-a54f-27f7c6759b15" />
      <TestMethod codeBase="C:/BuildAgent/work/c1e1d8ccf6867220/Vulcan/VulcanTests/bin/AnyCPU/Sign/Vulcan.Tests.DLL" adapterTypeName="Microsoft.VisualStudio.TestTools.TestTypes.Unit.UnitTestAdapter, Microsoft.VisualStudio.QualityTools.Tips.UnitTest.Adapter, Version=10.0.0.0, Culture=neutral, PublicKeyToken=b03f5f7f11d50a3a" className="VulcanTests.Ssas2008EmitterTests.Ssas2008EmitterPartitionTests, Vulcan.Tests, Version=1.0.0.0, Culture=neutral, PublicKeyToken=null" name="Cube_ProactiveCachingScheduledPolling" />
    </UnitTest>
    <UnitTest name="Cube_Perspectives" storage="c:\buildagent\work\c1e1d8ccf6867220\vulcan\vulcantests\bin\anycpu\sign\vulcan.tests.dll" id="f778edf3-3682-a6e1-2095-10ef4134e195">
      <Execution id="b4a144c3-9f9f-43c6-b871-24772f978bd5" />
      <TestMethod codeBase="C:/BuildAgent/work/c1e1d8ccf6867220/Vulcan/VulcanTests/bin/AnyCPU/Sign/Vulcan.Tests.DLL" adapterTypeName="Microsoft.VisualStudio.TestTools.TestTypes.Unit.UnitTestAdapter, Microsoft.VisualStudio.QualityTools.Tips.UnitTest.Adapter, Version=10.0.0.0, Culture=neutral, PublicKeyToken=b03f5f7f11d50a3a" className="VulcanTests.Ssas2008EmitterTests.Ssas2008EmitterCubeTests, Vulcan.Tests, Version=1.0.0.0, Culture=neutral, PublicKeyToken=null" name="Cube_Perspectives" />
    </UnitTest>
    <UnitTest name="Merge_UnspecifiedColumnDefaultUsageType" storage="c:\buildagent\work\c1e1d8ccf6867220\vulcan\vulcantests\bin\anycpu\sign\vulcan.tests.dll" id="df417eee-2587-b4a7-9b4b-5d955fdd5d8b">
      <Execution id="4b093dc4-33af-4f70-826d-a3d2d07a7603" />
      <TestMethod codeBase="C:/BuildAgent/work/c1e1d8ccf6867220/Vulcan/VulcanTests/bin/AnyCPU/Sign/Vulcan.Tests.DLL" adapterTypeName="Microsoft.VisualStudio.TestTools.TestTypes.Unit.UnitTestAdapter, Microsoft.VisualStudio.QualityTools.Tips.UnitTest.Adapter, Version=10.0.0.0, Culture=neutral, PublicKeyToken=b03f5f7f11d50a3a" className="VulcanTests.AstLowererPackageTests, Vulcan.Tests, Version=1.0.0.0, Culture=neutral, PublicKeyToken=null" name="Merge_UnspecifiedColumnDefaultUsageType" />
    </UnitTest>
    <UnitTest name="Package_BasicAndEmpty" storage="c:\buildagent\work\c1e1d8ccf6867220\vulcan\vulcantests\bin\anycpu\sign\vulcan.tests.dll" id="8208ce8e-4623-50ba-7d41-e7d571fde043">
      <Execution id="f4cfacbc-76b9-4c52-af81-f92cd16a2fbd" />
      <TestMethod codeBase="C:/BuildAgent/work/c1e1d8ccf6867220/Vulcan/VulcanTests/bin/AnyCPU/Sign/Vulcan.Tests.DLL" adapterTypeName="Microsoft.VisualStudio.TestTools.TestTypes.Unit.UnitTestAdapter, Microsoft.VisualStudio.QualityTools.Tips.UnitTest.Adapter, Version=10.0.0.0, Culture=neutral, PublicKeyToken=b03f5f7f11d50a3a" className="VulcanTests.AstLowererPackageTests, Vulcan.Tests, Version=1.0.0.0, Culture=neutral, PublicKeyToken=null" name="Package_BasicAndEmpty" />
    </UnitTest>
    <UnitTest name="StoredProcedure_ParametersOutput" storage="c:\buildagent\work\c1e1d8ccf6867220\vulcan\vulcantests\bin\anycpu\sign\vulcan.tests.dll" id="e22dfcc3-ffd5-2132-f085-ac0749af87c9">
      <Execution id="8d1226b8-3e63-4c69-b641-c80d58226d6a" />
      <TestMethod codeBase="C:/BuildAgent/work/c1e1d8ccf6867220/Vulcan/VulcanTests/bin/AnyCPU/Sign/Vulcan.Tests.DLL" adapterTypeName="Microsoft.VisualStudio.TestTools.TestTypes.Unit.UnitTestAdapter, Microsoft.VisualStudio.QualityTools.Tips.UnitTest.Adapter, Version=10.0.0.0, Culture=neutral, PublicKeyToken=b03f5f7f11d50a3a" className="VulcanTests.AstLowererPackageTests, Vulcan.Tests, Version=1.0.0.0, Culture=neutral, PublicKeyToken=null" name="StoredProcedure_ParametersOutput" />
    </UnitTest>
    <UnitTest name="CommitPersistentVariable_Basic" storage="c:\buildagent\work\c1e1d8ccf6867220\vulcan\vulcantests\bin\anycpu\sign\vulcan.tests.dll" id="0e2c069e-f86c-c003-d8dc-f19b313e2e87">
      <Execution id="25a63675-c0bb-492e-9265-0911b5cb36ff" />
      <TestMethod codeBase="C:/BuildAgent/work/c1e1d8ccf6867220/Vulcan/VulcanTests/bin/AnyCPU/Sign/Vulcan.Tests.DLL" adapterTypeName="Microsoft.VisualStudio.TestTools.TestTypes.Unit.UnitTestAdapter, Microsoft.VisualStudio.QualityTools.Tips.UnitTest.Adapter, Version=10.0.0.0, Culture=neutral, PublicKeyToken=b03f5f7f11d50a3a" className="VulcanTests.Ssis2008EmitterTests.Ssis2008EmitterTaskTests, Vulcan.Tests, Version=1.0.0.0, Culture=neutral, PublicKeyToken=null" name="CommitPersistentVariable_Basic" />
    </UnitTest>
    <UnitTest name="StoredProcedure_Basic" storage="c:\buildagent\work\c1e1d8ccf6867220\vulcan\vulcantests\bin\anycpu\sign\vulcan.tests.dll" id="6b877421-5707-97e0-97c7-e782922ca1ad">
      <Execution id="82bea249-53d9-4ade-9553-1bad6963aedf" />
      <TestMethod codeBase="C:/BuildAgent/work/c1e1d8ccf6867220/Vulcan/VulcanTests/bin/AnyCPU/Sign/Vulcan.Tests.DLL" adapterTypeName="Microsoft.VisualStudio.TestTools.TestTypes.Unit.UnitTestAdapter, Microsoft.VisualStudio.QualityTools.Tips.UnitTest.Adapter, Version=10.0.0.0, Culture=neutral, PublicKeyToken=b03f5f7f11d50a3a" className="VulcanTests.AstLowererPackageTests, Vulcan.Tests, Version=1.0.0.0, Culture=neutral, PublicKeyToken=null" name="StoredProcedure_Basic" />
    </UnitTest>
    <UnitTest name="CloneTable_FullTable_CloneAllFalse" storage="c:\buildagent\work\c1e1d8ccf6867220\vulcan\vulcantests\bin\anycpu\sign\vulcan.tests.dll" id="f6d60fe5-16fc-9129-0c37-82aab28ca4a9">
      <Execution id="4b3b8e6f-5098-46e2-8fde-505708272ce0" />
      <TestMethod codeBase="C:/BuildAgent/work/c1e1d8ccf6867220/Vulcan/VulcanTests/bin/AnyCPU/Sign/Vulcan.Tests.DLL" adapterTypeName="Microsoft.VisualStudio.TestTools.TestTypes.Unit.UnitTestAdapter, Microsoft.VisualStudio.QualityTools.Tips.UnitTest.Adapter, Version=10.0.0.0, Culture=neutral, PublicKeyToken=b03f5f7f11d50a3a" className="VulcanTests.AstLowererCloneTableTests, Vulcan.Tests, Version=1.0.0.0, Culture=neutral, PublicKeyToken=null" name="CloneTable_FullTable_CloneAllFalse" />
    </UnitTest>
    <UnitTest name="Table_UniqueKey_ColumnProperties" storage="c:\buildagent\work\c1e1d8ccf6867220\vulcan\vulcantests\bin\anycpu\sign\vulcan.tests.dll" id="d5c6b7ae-1c30-93c6-4fd6-c075f5032b7d">
      <Execution id="5f2fed4a-1238-4360-bc82-d9bd7598f973" />
      <TestMethod codeBase="C:/BuildAgent/work/c1e1d8ccf6867220/Vulcan/VulcanTests/bin/AnyCPU/Sign/Vulcan.Tests.DLL" adapterTypeName="Microsoft.VisualStudio.TestTools.TestTypes.Unit.UnitTestAdapter, Microsoft.VisualStudio.QualityTools.Tips.UnitTest.Adapter, Version=10.0.0.0, Culture=neutral, PublicKeyToken=b03f5f7f11d50a3a" className="VulcanTests.AstLowererTableTests, Vulcan.Tests, Version=1.0.0.0, Culture=neutral, PublicKeyToken=null" name="Table_UniqueKey_ColumnProperties" />
    </UnitTest>
    <UnitTest name="CloneTable_FullTable_Indexes_CloneIndexesTrue" storage="c:\buildagent\work\c1e1d8ccf6867220\vulcan\vulcantests\bin\anycpu\sign\vulcan.tests.dll" id="5da6a91f-1090-11f6-ecb0-da20b3ecd886">
      <Execution id="a0c28b1b-c89c-461b-8355-3f52d323ab6e" />
      <TestMethod codeBase="C:/BuildAgent/work/c1e1d8ccf6867220/Vulcan/VulcanTests/bin/AnyCPU/Sign/Vulcan.Tests.DLL" adapterTypeName="Microsoft.VisualStudio.TestTools.TestTypes.Unit.UnitTestAdapter, Microsoft.VisualStudio.QualityTools.Tips.UnitTest.Adapter, Version=10.0.0.0, Culture=neutral, PublicKeyToken=b03f5f7f11d50a3a" className="VulcanTests.AstLowererCloneTableTests, Vulcan.Tests, Version=1.0.0.0, Culture=neutral, PublicKeyToken=null" name="CloneTable_FullTable_Indexes_CloneIndexesTrue" />
    </UnitTest>
    <UnitTest name="CalculatedMemberMeasureFormat" storage="c:\buildagent\work\c1e1d8ccf6867220\vulcan\vulcantests\bin\anycpu\sign\vulcan.tests.dll" id="d4dd639d-b29c-4083-c931-9790d67ca557">
      <Execution id="68c34049-4f1f-45b9-aac1-20132c042785" />
      <TestMethod codeBase="C:/BuildAgent/work/c1e1d8ccf6867220/Vulcan/VulcanTests/bin/AnyCPU/Sign/Vulcan.Tests.DLL" adapterTypeName="Microsoft.VisualStudio.TestTools.TestTypes.Unit.UnitTestAdapter, Microsoft.VisualStudio.QualityTools.Tips.UnitTest.Adapter, Version=10.0.0.0, Culture=neutral, PublicKeyToken=b03f5f7f11d50a3a" className="VulcanTests.Ssas2008EmitterTests.Ssas2008EmitterCalculationTests, Vulcan.Tests, Version=1.0.0.0, Culture=neutral, PublicKeyToken=null" name="CalculatedMemberMeasureFormat" />
    </UnitTest>
    <UnitTest name="Cube_Translations" storage="c:\buildagent\work\c1e1d8ccf6867220\vulcan\vulcantests\bin\anycpu\sign\vulcan.tests.dll" id="39da06b8-da9a-5e14-1f69-ff07783ddf10">
      <Execution id="6ae099d2-40bf-41c1-bd54-e657bf4db582" />
      <TestMethod codeBase="C:/BuildAgent/work/c1e1d8ccf6867220/Vulcan/VulcanTests/bin/AnyCPU/Sign/Vulcan.Tests.DLL" adapterTypeName="Microsoft.VisualStudio.TestTools.TestTypes.Unit.UnitTestAdapter, Microsoft.VisualStudio.QualityTools.Tips.UnitTest.Adapter, Version=10.0.0.0, Culture=neutral, PublicKeyToken=b03f5f7f11d50a3a" className="VulcanTests.Ssas2008EmitterTests.Ssas2008EmitterCubeTests, Vulcan.Tests, Version=1.0.0.0, Culture=neutral, PublicKeyToken=null" name="Cube_Translations" />
    </UnitTest>
    <UnitTest name="Transformation_DerivedColumnBasic" storage="c:\buildagent\work\c1e1d8ccf6867220\vulcan\vulcantests\bin\anycpu\sign\vulcan.tests.dll" id="ce31ff2b-59db-5554-da4d-d205f18a9129">
      <Execution id="84f79837-f8b1-43d2-9cfe-378ac99bb14a" />
      <TestMethod codeBase="C:/BuildAgent/work/c1e1d8ccf6867220/Vulcan/VulcanTests/bin/AnyCPU/Sign/Vulcan.Tests.DLL" adapterTypeName="Microsoft.VisualStudio.TestTools.TestTypes.Unit.UnitTestAdapter, Microsoft.VisualStudio.QualityTools.Tips.UnitTest.Adapter, Version=10.0.0.0, Culture=neutral, PublicKeyToken=b03f5f7f11d50a3a" className="VulcanTests.TemplateTransformationTests, Vulcan.Tests, Version=1.0.0.0, Culture=neutral, PublicKeyToken=null" name="Transformation_DerivedColumnBasic" />
    </UnitTest>
    <UnitTest name="Table_Index_ColumnProperties" storage="c:\buildagent\work\c1e1d8ccf6867220\vulcan\vulcantests\bin\anycpu\sign\vulcan.tests.dll" id="70b0e396-a65f-8ff3-5097-2323b999b44d">
      <Execution id="74373fc2-c3d7-4f61-a9ee-908a1b9aafd2" />
      <TestMethod codeBase="C:/BuildAgent/work/c1e1d8ccf6867220/Vulcan/VulcanTests/bin/AnyCPU/Sign/Vulcan.Tests.DLL" adapterTypeName="Microsoft.VisualStudio.TestTools.TestTypes.Unit.UnitTestAdapter, Microsoft.VisualStudio.QualityTools.Tips.UnitTest.Adapter, Version=10.0.0.0, Culture=neutral, PublicKeyToken=b03f5f7f11d50a3a" className="VulcanTests.AstLowererTableTests, Vulcan.Tests, Version=1.0.0.0, Culture=neutral, PublicKeyToken=null" name="Table_Index_ColumnProperties" />
    </UnitTest>
    <UnitTest name="CloneTable_FullTable_IdentityKey_CloneAllFalseAndAddIdentityKey" storage="c:\buildagent\work\c1e1d8ccf6867220\vulcan\vulcantests\bin\anycpu\sign\vulcan.tests.dll" id="cb2b613c-5eec-2ca0-e1d0-1b34a5951599">
      <Execution id="9ab04b6e-93d1-483d-84b8-cc1f71042ada" />
      <TestMethod codeBase="C:/BuildAgent/work/c1e1d8ccf6867220/Vulcan/VulcanTests/bin/AnyCPU/Sign/Vulcan.Tests.DLL" adapterTypeName="Microsoft.VisualStudio.TestTools.TestTypes.Unit.UnitTestAdapter, Microsoft.VisualStudio.QualityTools.Tips.UnitTest.Adapter, Version=10.0.0.0, Culture=neutral, PublicKeyToken=b03f5f7f11d50a3a" className="VulcanTests.AstLowererCloneTableTests, Vulcan.Tests, Version=1.0.0.0, Culture=neutral, PublicKeyToken=null" name="CloneTable_FullTable_IdentityKey_CloneAllFalseAndAddIdentityKey" />
    </UnitTest>
    <UnitTest name="Table_StaticSource_Basic" storage="c:\buildagent\work\c1e1d8ccf6867220\vulcan\vulcantests\bin\anycpu\sign\vulcan.tests.dll" id="5cdf29e9-f21f-1ac1-73c1-8e610507a243">
      <Execution id="e57a2081-f288-4b5b-a6d4-970684b3a7b0" />
      <TestMethod codeBase="C:/BuildAgent/work/c1e1d8ccf6867220/Vulcan/VulcanTests/bin/AnyCPU/Sign/Vulcan.Tests.DLL" adapterTypeName="Microsoft.VisualStudio.TestTools.TestTypes.Unit.UnitTestAdapter, Microsoft.VisualStudio.QualityTools.Tips.UnitTest.Adapter, Version=10.0.0.0, Culture=neutral, PublicKeyToken=b03f5f7f11d50a3a" className="VulcanTests.AstLowererTableTests, Vulcan.Tests, Version=1.0.0.0, Culture=neutral, PublicKeyToken=null" name="Table_StaticSource_Basic" />
    </UnitTest>
    <UnitTest name="CloneTable_BasicTable_MultipleKeys_AddMultipleKeys" storage="c:\buildagent\work\c1e1d8ccf6867220\vulcan\vulcantests\bin\anycpu\sign\vulcan.tests.dll" id="8258bf30-f91f-2874-b3a5-df7b06aab7b0">
      <Execution id="0cac2537-dc18-4bc6-96ea-79bc74e6382d" />
      <TestMethod codeBase="C:/BuildAgent/work/c1e1d8ccf6867220/Vulcan/VulcanTests/bin/AnyCPU/Sign/Vulcan.Tests.DLL" adapterTypeName="Microsoft.VisualStudio.TestTools.TestTypes.Unit.UnitTestAdapter, Microsoft.VisualStudio.QualityTools.Tips.UnitTest.Adapter, Version=10.0.0.0, Culture=neutral, PublicKeyToken=b03f5f7f11d50a3a" className="VulcanTests.AstLowererCloneTableTests, Vulcan.Tests, Version=1.0.0.0, Culture=neutral, PublicKeyToken=null" name="CloneTable_BasicTable_MultipleKeys_AddMultipleKeys" />
    </UnitTest>
    <UnitTest name="StoredProcedure_Permission" storage="c:\buildagent\work\c1e1d8ccf6867220\vulcan\vulcantests\bin\anycpu\sign\vulcan.tests.dll" id="457b3044-9413-799b-c6e9-1e4f2e5da8fc">
      <Execution id="41a65346-3bf5-4bea-8331-f38dd6845e4f" />
      <TestMethod codeBase="C:/BuildAgent/work/c1e1d8ccf6867220/Vulcan/VulcanTests/bin/AnyCPU/Sign/Vulcan.Tests.DLL" adapterTypeName="Microsoft.VisualStudio.TestTools.TestTypes.Unit.UnitTestAdapter, Microsoft.VisualStudio.QualityTools.Tips.UnitTest.Adapter, Version=10.0.0.0, Culture=neutral, PublicKeyToken=b03f5f7f11d50a3a" className="VulcanTests.AstLowererPackageTests, Vulcan.Tests, Version=1.0.0.0, Culture=neutral, PublicKeyToken=null" name="StoredProcedure_Permission" />
    </UnitTest>
    <UnitTest name="Merge_DelayValidation" storage="c:\buildagent\work\c1e1d8ccf6867220\vulcan\vulcantests\bin\anycpu\sign\vulcan.tests.dll" id="7aa5c5d7-9f22-0c87-8d06-93de7695f9cd">
      <Execution id="4dc5ccae-b045-444f-a59f-1c899024159b" />
      <TestMethod codeBase="C:/BuildAgent/work/c1e1d8ccf6867220/Vulcan/VulcanTests/bin/AnyCPU/Sign/Vulcan.Tests.DLL" adapterTypeName="Microsoft.VisualStudio.TestTools.TestTypes.Unit.UnitTestAdapter, Microsoft.VisualStudio.QualityTools.Tips.UnitTest.Adapter, Version=10.0.0.0, Culture=neutral, PublicKeyToken=b03f5f7f11d50a3a" className="VulcanTests.AstLowererPackageTests, Vulcan.Tests, Version=1.0.0.0, Culture=neutral, PublicKeyToken=null" name="Merge_DelayValidation" />
    </UnitTest>
    <UnitTest name="Table_Column_Scd" storage="c:\buildagent\work\c1e1d8ccf6867220\vulcan\vulcantests\bin\anycpu\sign\vulcan.tests.dll" id="8ffa97a4-94ff-5762-bc24-fa8e3d6a7945">
      <Execution id="635278d6-0dec-4d24-8db8-3e1bcf4210e1" />
      <TestMethod codeBase="C:/BuildAgent/work/c1e1d8ccf6867220/Vulcan/VulcanTests/bin/AnyCPU/Sign/Vulcan.Tests.DLL" adapterTypeName="Microsoft.VisualStudio.TestTools.TestTypes.Unit.UnitTestAdapter, Microsoft.VisualStudio.QualityTools.Tips.UnitTest.Adapter, Version=10.0.0.0, Culture=neutral, PublicKeyToken=b03f5f7f11d50a3a" className="VulcanTests.AstLowererTableTests, Vulcan.Tests, Version=1.0.0.0, Culture=neutral, PublicKeyToken=null" name="Table_Column_Scd" />
    </UnitTest>
    <UnitTest name="Dimension_Basic" storage="c:\buildagent\work\c1e1d8ccf6867220\vulcan\vulcantests\bin\anycpu\sign\vulcan.tests.dll" id="052695d4-dd39-dbb8-6513-330cf54aff68">
      <Execution id="14107201-793e-4b45-9ccf-e0e90f80a7f9" />
      <TestMethod codeBase="C:/BuildAgent/work/c1e1d8ccf6867220/Vulcan/VulcanTests/bin/AnyCPU/Sign/Vulcan.Tests.DLL" adapterTypeName="Microsoft.VisualStudio.TestTools.TestTypes.Unit.UnitTestAdapter, Microsoft.VisualStudio.QualityTools.Tips.UnitTest.Adapter, Version=10.0.0.0, Culture=neutral, PublicKeyToken=b03f5f7f11d50a3a" className="VulcanTests.Ssas2008EmitterTests.Ssas2008EmitterDimensionTests, Vulcan.Tests, Version=1.0.0.0, Culture=neutral, PublicKeyToken=null" name="Dimension_Basic" />
    </UnitTest>
    <UnitTest name="Table_Column_DefaultValues" storage="c:\buildagent\work\c1e1d8ccf6867220\vulcan\vulcantests\bin\anycpu\sign\vulcan.tests.dll" id="d86b9d3b-c2bb-9c4e-801d-ba94f9e7357f">
      <Execution id="82ee9aa2-588a-49db-bc34-5d3837ff731b" />
      <TestMethod codeBase="C:/BuildAgent/work/c1e1d8ccf6867220/Vulcan/VulcanTests/bin/AnyCPU/Sign/Vulcan.Tests.DLL" adapterTypeName="Microsoft.VisualStudio.TestTools.TestTypes.Unit.UnitTestAdapter, Microsoft.VisualStudio.QualityTools.Tips.UnitTest.Adapter, Version=10.0.0.0, Culture=neutral, PublicKeyToken=b03f5f7f11d50a3a" className="VulcanTests.AstLowererTableTests, Vulcan.Tests, Version=1.0.0.0, Culture=neutral, PublicKeyToken=null" name="Table_Column_DefaultValues" />
    </UnitTest>
    <UnitTest name="Package_TransactionModeNoTransaction" storage="c:\buildagent\work\c1e1d8ccf6867220\vulcan\vulcantests\bin\anycpu\sign\vulcan.tests.dll" id="90ee3489-5f1a-9e9a-705c-bfe3bda6f54d">
      <Execution id="0afe0725-6fd6-4790-91f6-404a6f3b72df" />
      <TestMethod codeBase="C:/BuildAgent/work/c1e1d8ccf6867220/Vulcan/VulcanTests/bin/AnyCPU/Sign/Vulcan.Tests.DLL" adapterTypeName="Microsoft.VisualStudio.TestTools.TestTypes.Unit.UnitTestAdapter, Microsoft.VisualStudio.QualityTools.Tips.UnitTest.Adapter, Version=10.0.0.0, Culture=neutral, PublicKeyToken=b03f5f7f11d50a3a" className="VulcanTests.Ssis2008EmitterTests.Ssis2008EmitterPackageTests, Vulcan.Tests, Version=1.0.0.0, Culture=neutral, PublicKeyToken=null" name="Package_TransactionModeNoTransaction" />
    </UnitTest>
    <UnitTest name="Package_Variables" storage="c:\buildagent\work\c1e1d8ccf6867220\vulcan\vulcantests\bin\anycpu\sign\vulcan.tests.dll" id="8dcaf0b0-f17f-487b-1e98-eb7c6eaaaa4e">
      <Execution id="e93441bf-5df9-424d-a761-25d0ad3a40d9" />
      <TestMethod codeBase="C:/BuildAgent/work/c1e1d8ccf6867220/Vulcan/VulcanTests/bin/AnyCPU/Sign/Vulcan.Tests.DLL" adapterTypeName="Microsoft.VisualStudio.TestTools.TestTypes.Unit.UnitTestAdapter, Microsoft.VisualStudio.QualityTools.Tips.UnitTest.Adapter, Version=10.0.0.0, Culture=neutral, PublicKeyToken=b03f5f7f11d50a3a" className="VulcanTests.SsisEmitterTests.SsisEmitterPackageTests, Vulcan.Tests, Version=1.0.0.0, Culture=neutral, PublicKeyToken=null" name="Package_Variables" />
    </UnitTest>
    <UnitTest name="IsNullPatcher_ValidateExternalMetadata" storage="c:\buildagent\work\c1e1d8ccf6867220\vulcan\vulcantests\bin\anycpu\sign\vulcan.tests.dll" id="0fad9a47-d5ef-e9a4-4ce7-ab1c54dbf305">
      <Execution id="85111972-2e9c-4a87-9388-c6b88193b90c" />
      <TestMethod codeBase="C:/BuildAgent/work/c1e1d8ccf6867220/Vulcan/VulcanTests/bin/AnyCPU/Sign/Vulcan.Tests.DLL" adapterTypeName="Microsoft.VisualStudio.TestTools.TestTypes.Unit.UnitTestAdapter, Microsoft.VisualStudio.QualityTools.Tips.UnitTest.Adapter, Version=10.0.0.0, Culture=neutral, PublicKeyToken=b03f5f7f11d50a3a" className="VulcanTests.AstLowererPackageTests, Vulcan.Tests, Version=1.0.0.0, Culture=neutral, PublicKeyToken=null" name="IsNullPatcher_ValidateExternalMetadata" />
    </UnitTest>
    <UnitTest name="Principal_DatabaseRole" storage="c:\buildagent\work\c1e1d8ccf6867220\vulcan\vulcantests\bin\anycpu\sign\vulcan.tests.dll" id="f9abbf63-7a7f-75fb-23ee-e8740e1f5877">
      <Execution id="3f167f7f-f1af-4c47-8f30-c7ebdb96b052" />
      <TestMethod codeBase="C:/BuildAgent/work/c1e1d8ccf6867220/Vulcan/VulcanTests/bin/AnyCPU/Sign/Vulcan.Tests.DLL" adapterTypeName="Microsoft.VisualStudio.TestTools.TestTypes.Unit.UnitTestAdapter, Microsoft.VisualStudio.QualityTools.Tips.UnitTest.Adapter, Version=10.0.0.0, Culture=neutral, PublicKeyToken=b03f5f7f11d50a3a" className="VulcanTests.AstLowererPrincipalTests, Vulcan.Tests, Version=1.0.0.0, Culture=neutral, PublicKeyToken=null" name="Principal_DatabaseRole" />
    </UnitTest>
    <UnitTest name="Package_AccessConnection" storage="c:\buildagent\work\c1e1d8ccf6867220\vulcan\vulcantests\bin\anycpu\sign\vulcan.tests.dll" id="d54e5e66-c31a-6313-7c83-b398de2cb619">
      <Execution id="5bf68bd4-e1bb-4bb5-be32-512c13519b9b" />
      <TestMethod codeBase="C:/BuildAgent/work/c1e1d8ccf6867220/Vulcan/VulcanTests/bin/AnyCPU/Sign/Vulcan.Tests.DLL" adapterTypeName="Microsoft.VisualStudio.TestTools.TestTypes.Unit.UnitTestAdapter, Microsoft.VisualStudio.QualityTools.Tips.UnitTest.Adapter, Version=10.0.0.0, Culture=neutral, PublicKeyToken=b03f5f7f11d50a3a" className="VulcanTests.Ssis2008EmitterTests.Ssis2008EmitterPackageTests, Vulcan.Tests, Version=1.0.0.0, Culture=neutral, PublicKeyToken=null" name="Package_AccessConnection" />
    </UnitTest>
    <UnitTest name="Schema_Permissions" storage="c:\buildagent\work\c1e1d8ccf6867220\vulcan\vulcantests\bin\anycpu\sign\vulcan.tests.dll" id="dfa861b4-fd63-28b0-1e1e-0640d1ea88d2">
      <Execution id="ac5c7e12-d697-4eaa-96bf-ed150840d122" />
      <TestMethod codeBase="C:/BuildAgent/work/c1e1d8ccf6867220/Vulcan/VulcanTests/bin/AnyCPU/Sign/Vulcan.Tests.DLL" adapterTypeName="Microsoft.VisualStudio.TestTools.TestTypes.Unit.UnitTestAdapter, Microsoft.VisualStudio.QualityTools.Tips.UnitTest.Adapter, Version=10.0.0.0, Culture=neutral, PublicKeyToken=b03f5f7f11d50a3a" className="VulcanTests.AstLowererSchemaTests, Vulcan.Tests, Version=1.0.0.0, Culture=neutral, PublicKeyToken=null" name="Schema_Permissions" />
    </UnitTest>
    <UnitTest name="ExecutePackage_File" storage="c:\buildagent\work\c1e1d8ccf6867220\vulcan\vulcantests\bin\anycpu\sign\vulcan.tests.dll" id="1f86140f-89f8-911c-93e7-fbca6444cfce">
      <Execution id="b16a654a-7fae-4079-969d-fe405945074d" />
      <TestMethod codeBase="C:/BuildAgent/work/c1e1d8ccf6867220/Vulcan/VulcanTests/bin/AnyCPU/Sign/Vulcan.Tests.DLL" adapterTypeName="Microsoft.VisualStudio.TestTools.TestTypes.Unit.UnitTestAdapter, Microsoft.VisualStudio.QualityTools.Tips.UnitTest.Adapter, Version=10.0.0.0, Culture=neutral, PublicKeyToken=b03f5f7f11d50a3a" className="VulcanTests.SsisEmitterTests.SsisEmitterTaskTests, Vulcan.Tests, Version=1.0.0.0, Culture=neutral, PublicKeyToken=null" name="ExecutePackage_File" />
    </UnitTest>
    <UnitTest name="Role_Basic" storage="c:\buildagent\work\c1e1d8ccf6867220\vulcan\vulcantests\bin\anycpu\sign\vulcan.tests.dll" id="3f0f6a3f-ef83-9a6c-2580-2ad905ba9f60">
      <Execution id="d06dab1b-0277-4a53-9a6e-12c752d3dab2" />
      <TestMethod codeBase="C:/BuildAgent/work/c1e1d8ccf6867220/Vulcan/VulcanTests/bin/AnyCPU/Sign/Vulcan.Tests.DLL" adapterTypeName="Microsoft.VisualStudio.TestTools.TestTypes.Unit.UnitTestAdapter, Microsoft.VisualStudio.QualityTools.Tips.UnitTest.Adapter, Version=10.0.0.0, Culture=neutral, PublicKeyToken=b03f5f7f11d50a3a" className="VulcanTests.Ssas2008EmitterTests.Ssas2008EmitterRoleTests, Vulcan.Tests, Version=1.0.0.0, Culture=neutral, PublicKeyToken=null" name="Role_Basic" />
    </UnitTest>
    <UnitTest name="ExecuteSql_Events" storage="c:\buildagent\work\c1e1d8ccf6867220\vulcan\vulcantests\bin\anycpu\sign\vulcan.tests.dll" id="f5d87b9d-723f-3e44-2979-9fe32e51f646">
      <Execution id="73fb0e73-cbff-4c69-870d-b87295c3e291" />
      <TestMethod codeBase="C:/BuildAgent/work/c1e1d8ccf6867220/Vulcan/VulcanTests/bin/AnyCPU/Sign/Vulcan.Tests.DLL" adapterTypeName="Microsoft.VisualStudio.TestTools.TestTypes.Unit.UnitTestAdapter, Microsoft.VisualStudio.QualityTools.Tips.UnitTest.Adapter, Version=10.0.0.0, Culture=neutral, PublicKeyToken=b03f5f7f11d50a3a" className="VulcanTests.SsisEmitterTests.SsisEmitterTaskTests, Vulcan.Tests, Version=1.0.0.0, Culture=neutral, PublicKeyToken=null" name="ExecuteSql_Events" />
    </UnitTest>
    <UnitTest name="Etl_Transformations_MulticastBasic" storage="c:\buildagent\work\c1e1d8ccf6867220\vulcan\vulcantests\bin\anycpu\sign\vulcan.tests.dll" id="3e115ff5-2a75-450e-cee0-8732dce51137">
      <Execution id="5cff87e5-e9c0-4e1d-8437-55f7ce4b8a5c" />
      <TestMethod codeBase="C:/BuildAgent/work/c1e1d8ccf6867220/Vulcan/VulcanTests/bin/AnyCPU/Sign/Vulcan.Tests.DLL" adapterTypeName="Microsoft.VisualStudio.TestTools.TestTypes.Unit.UnitTestAdapter, Microsoft.VisualStudio.QualityTools.Tips.UnitTest.Adapter, Version=10.0.0.0, Culture=neutral, PublicKeyToken=b03f5f7f11d50a3a" className="VulcanTests.Ssis2008EmitterTests.Ssis2008EmitterEtlTests, Vulcan.Tests, Version=1.0.0.0, Culture=neutral, PublicKeyToken=null" name="Etl_Transformations_MulticastBasic" />
    </UnitTest>
    <UnitTest name="CloneTable_BasicTable_UniqueKey_AddUniqueKey" storage="c:\buildagent\work\c1e1d8ccf6867220\vulcan\vulcantests\bin\anycpu\sign\vulcan.tests.dll" id="f6881c8f-e5b9-f224-4f99-14987770a668">
      <Execution id="9dbbfab7-19dd-4c97-a867-285ebb812287" />
      <TestMethod codeBase="C:/BuildAgent/work/c1e1d8ccf6867220/Vulcan/VulcanTests/bin/AnyCPU/Sign/Vulcan.Tests.DLL" adapterTypeName="Microsoft.VisualStudio.TestTools.TestTypes.Unit.UnitTestAdapter, Microsoft.VisualStudio.QualityTools.Tips.UnitTest.Adapter, Version=10.0.0.0, Culture=neutral, PublicKeyToken=b03f5f7f11d50a3a" className="VulcanTests.AstLowererCloneTableTests, Vulcan.Tests, Version=1.0.0.0, Culture=neutral, PublicKeyToken=null" name="CloneTable_BasicTable_UniqueKey_AddUniqueKey" />
    </UnitTest>
    <UnitTest name="CloneTable_FullTable_Indexes_CloneAllFalseAndAddIndexes" storage="c:\buildagent\work\c1e1d8ccf6867220\vulcan\vulcantests\bin\anycpu\sign\vulcan.tests.dll" id="90971743-6d6c-ef70-cbb6-fb8071ff5bec">
      <Execution id="665ed76c-b772-4b9d-9d1a-5cb26a0c9763" />
      <TestMethod codeBase="C:/BuildAgent/work/c1e1d8ccf6867220/Vulcan/VulcanTests/bin/AnyCPU/Sign/Vulcan.Tests.DLL" adapterTypeName="Microsoft.VisualStudio.TestTools.TestTypes.Unit.UnitTestAdapter, Microsoft.VisualStudio.QualityTools.Tips.UnitTest.Adapter, Version=10.0.0.0, Culture=neutral, PublicKeyToken=b03f5f7f11d50a3a" className="VulcanTests.AstLowererCloneTableTests, Vulcan.Tests, Version=1.0.0.0, Culture=neutral, PublicKeyToken=null" name="CloneTable_FullTable_Indexes_CloneAllFalseAndAddIndexes" />
    </UnitTest>
    <UnitTest name="Attribute_IsRelatedToKey" storage="c:\buildagent\work\c1e1d8ccf6867220\vulcan\vulcantests\bin\anycpu\sign\vulcan.tests.dll" id="71f410d6-d6f8-4e26-877b-218a8795b78f">
      <Execution id="af670652-a243-4791-8681-addfb057c9f4" />
      <TestMethod codeBase="C:/BuildAgent/work/c1e1d8ccf6867220/Vulcan/VulcanTests/bin/AnyCPU/Sign/Vulcan.Tests.DLL" adapterTypeName="Microsoft.VisualStudio.TestTools.TestTypes.Unit.UnitTestAdapter, Microsoft.VisualStudio.QualityTools.Tips.UnitTest.Adapter, Version=10.0.0.0, Culture=neutral, PublicKeyToken=b03f5f7f11d50a3a" className="VulcanTests.AstAttributeNodeTests, Vulcan.Tests, Version=1.0.0.0, Culture=neutral, PublicKeyToken=null" name="Attribute_IsRelatedToKey" />
    </UnitTest>
    <UnitTest name="Project_MultiplePackages" storage="c:\buildagent\work\c1e1d8ccf6867220\vulcan\vulcantests\bin\anycpu\sign\vulcan.tests.dll" id="102e335f-81d2-02d9-d6d1-87cc82b538dd">
      <Execution id="0b07c3f9-e39d-45ae-9918-524ad2f86ef1" />
      <TestMethod codeBase="C:/BuildAgent/work/c1e1d8ccf6867220/Vulcan/VulcanTests/bin/AnyCPU/Sign/Vulcan.Tests.DLL" adapterTypeName="Microsoft.VisualStudio.TestTools.TestTypes.Unit.UnitTestAdapter, Microsoft.VisualStudio.QualityTools.Tips.UnitTest.Adapter, Version=10.0.0.0, Culture=neutral, PublicKeyToken=b03f5f7f11d50a3a" className="VulcanTests.SsisEmitterTests.SsisEmitterProjectTests, Vulcan.Tests, Version=1.0.0.0, Culture=neutral, PublicKeyToken=null" name="Project_MultiplePackages" />
    </UnitTest>
    <UnitTest name="Project_Basic" storage="c:\buildagent\work\c1e1d8ccf6867220\vulcan\vulcantests\bin\anycpu\sign\vulcan.tests.dll" id="1987d618-0db3-077a-de86-cdb1777ab095">
      <Execution id="39d4f6cf-d8c5-4e52-85cb-c829eeeed169" />
      <TestMethod codeBase="C:/BuildAgent/work/c1e1d8ccf6867220/Vulcan/VulcanTests/bin/AnyCPU/Sign/Vulcan.Tests.DLL" adapterTypeName="Microsoft.VisualStudio.TestTools.TestTypes.Unit.UnitTestAdapter, Microsoft.VisualStudio.QualityTools.Tips.UnitTest.Adapter, Version=10.0.0.0, Culture=neutral, PublicKeyToken=b03f5f7f11d50a3a" className="VulcanTests.SsisEmitterTests.SsisEmitterProjectTests, Vulcan.Tests, Version=1.0.0.0, Culture=neutral, PublicKeyToken=null" name="Project_Basic" />
    </UnitTest>
    <UnitTest name="ExecuteSql_Parameters" storage="c:\buildagent\work\c1e1d8ccf6867220\vulcan\vulcantests\bin\anycpu\sign\vulcan.tests.dll" id="cbdce46f-95ba-019e-e325-762c66018143">
      <Execution id="a8822e45-8154-49dd-abcb-bef945013234" />
      <TestMethod codeBase="C:/BuildAgent/work/c1e1d8ccf6867220/Vulcan/VulcanTests/bin/AnyCPU/Sign/Vulcan.Tests.DLL" adapterTypeName="Microsoft.VisualStudio.TestTools.TestTypes.Unit.UnitTestAdapter, Microsoft.VisualStudio.QualityTools.Tips.UnitTest.Adapter, Version=10.0.0.0, Culture=neutral, PublicKeyToken=b03f5f7f11d50a3a" className="VulcanTests.SsisEmitterTests.SsisEmitterTaskTests, Vulcan.Tests, Version=1.0.0.0, Culture=neutral, PublicKeyToken=null" name="ExecuteSql_Parameters" />
    </UnitTest>
    <UnitTest name="Dimension_ColumnTypes" storage="c:\buildagent\work\c1e1d8ccf6867220\vulcan\vulcantests\bin\anycpu\sign\vulcan.tests.dll" id="fc433d90-0595-5f22-037b-9728a623c09d">
      <Execution id="6e113d80-9da0-4438-a50a-b45f1bc71a92" />
      <TestMethod codeBase="C:/BuildAgent/work/c1e1d8ccf6867220/Vulcan/VulcanTests/bin/AnyCPU/Sign/Vulcan.Tests.DLL" adapterTypeName="Microsoft.VisualStudio.TestTools.TestTypes.Unit.UnitTestAdapter, Microsoft.VisualStudio.QualityTools.Tips.UnitTest.Adapter, Version=10.0.0.0, Culture=neutral, PublicKeyToken=b03f5f7f11d50a3a" className="VulcanTests.Ssas2008EmitterTests.Ssas2008EmitterDimensionTests, Vulcan.Tests, Version=1.0.0.0, Culture=neutral, PublicKeyToken=null" name="Dimension_ColumnTypes" />
    </UnitTest>
    <UnitTest name="Package_TaskOrder" storage="c:\buildagent\work\c1e1d8ccf6867220\vulcan\vulcantests\bin\anycpu\sign\vulcan.tests.dll" id="0941dd1d-5892-eb80-67e0-c8182f66d4b1">
      <Execution id="756f75f7-c6eb-43c5-9ca3-db83fbeab959" />
      <TestMethod codeBase="C:/BuildAgent/work/c1e1d8ccf6867220/Vulcan/VulcanTests/bin/AnyCPU/Sign/Vulcan.Tests.DLL" adapterTypeName="Microsoft.VisualStudio.TestTools.TestTypes.Unit.UnitTestAdapter, Microsoft.VisualStudio.QualityTools.Tips.UnitTest.Adapter, Version=10.0.0.0, Culture=neutral, PublicKeyToken=b03f5f7f11d50a3a" className="VulcanTests.Ssis2008EmitterTests.Ssis2008EmitterPackageTests, Vulcan.Tests, Version=1.0.0.0, Culture=neutral, PublicKeyToken=null" name="Package_TaskOrder" />
    </UnitTest>
    <UnitTest name="Etl_QuerySourceSpace" storage="c:\buildagent\work\c1e1d8ccf6867220\vulcan\vulcantests\bin\anycpu\sign\vulcan.tests.dll" id="3c857393-b29f-2e39-c143-02b7b6bbb145">
      <Execution id="48aaba8d-8761-4345-ac98-279efc399eec" />
      <TestMethod codeBase="C:/BuildAgent/work/c1e1d8ccf6867220/Vulcan/VulcanTests/bin/AnyCPU/Sign/Vulcan.Tests.DLL" adapterTypeName="Microsoft.VisualStudio.TestTools.TestTypes.Unit.UnitTestAdapter, Microsoft.VisualStudio.QualityTools.Tips.UnitTest.Adapter, Version=10.0.0.0, Culture=neutral, PublicKeyToken=b03f5f7f11d50a3a" className="VulcanTests.Ssis2008EmitterTests.Ssis2008EmitterEtlTests, Vulcan.Tests, Version=1.0.0.0, Culture=neutral, PublicKeyToken=null" name="Etl_QuerySourceSpace" />
    </UnitTest>
    <UnitTest name="Table_StaticSourceEscapedQuotes" storage="c:\buildagent\work\c1e1d8ccf6867220\vulcan\vulcantests\bin\anycpu\sign\vulcan.tests.dll" id="c9aac1ae-f2c4-280c-8332-76bc3d13cc9a">
      <Execution id="02fa1e0e-7c6b-45e3-9214-f41003a717b4" />
      <TestMethod codeBase="C:/BuildAgent/work/c1e1d8ccf6867220/Vulcan/VulcanTests/bin/AnyCPU/Sign/Vulcan.Tests.DLL" adapterTypeName="Microsoft.VisualStudio.TestTools.TestTypes.Unit.UnitTestAdapter, Microsoft.VisualStudio.QualityTools.Tips.UnitTest.Adapter, Version=10.0.0.0, Culture=neutral, PublicKeyToken=b03f5f7f11d50a3a" className="VulcanTests.AstTableNodeTests, Vulcan.Tests, Version=1.0.0.0, Culture=neutral, PublicKeyToken=null" name="Table_StaticSourceEscapedQuotes" />
    </UnitTest>
    <UnitTest name="IsNullPatcher_MultipleColumns" storage="c:\buildagent\work\c1e1d8ccf6867220\vulcan\vulcantests\bin\anycpu\sign\vulcan.tests.dll" id="63880208-b526-c058-ea9d-49202d599497">
      <Execution id="10e78ea9-03ba-4d37-90b5-6eefd55c61bb" />
      <TestMethod codeBase="C:/BuildAgent/work/c1e1d8ccf6867220/Vulcan/VulcanTests/bin/AnyCPU/Sign/Vulcan.Tests.DLL" adapterTypeName="Microsoft.VisualStudio.TestTools.TestTypes.Unit.UnitTestAdapter, Microsoft.VisualStudio.QualityTools.Tips.UnitTest.Adapter, Version=10.0.0.0, Culture=neutral, PublicKeyToken=b03f5f7f11d50a3a" className="VulcanTests.AstLowererPackageTests, Vulcan.Tests, Version=1.0.0.0, Culture=neutral, PublicKeyToken=null" name="IsNullPatcher_MultipleColumns" />
    </UnitTest>
    <UnitTest name="Principal_WindowsUser" storage="c:\buildagent\work\c1e1d8ccf6867220\vulcan\vulcantests\bin\anycpu\sign\vulcan.tests.dll" id="7a52f4e0-d561-c4b3-66f7-584536cd6ea6">
      <Execution id="f9e0c68c-b34b-44d7-8790-6c973d96c35b" />
      <TestMethod codeBase="C:/BuildAgent/work/c1e1d8ccf6867220/Vulcan/VulcanTests/bin/AnyCPU/Sign/Vulcan.Tests.DLL" adapterTypeName="Microsoft.VisualStudio.TestTools.TestTypes.Unit.UnitTestAdapter, Microsoft.VisualStudio.QualityTools.Tips.UnitTest.Adapter, Version=10.0.0.0, Culture=neutral, PublicKeyToken=b03f5f7f11d50a3a" className="VulcanTests.AstLowererPrincipalTests, Vulcan.Tests, Version=1.0.0.0, Culture=neutral, PublicKeyToken=null" name="Principal_WindowsUser" />
    </UnitTest>
    <UnitTest name="Etl_Transformations_DerivedColumnErrorRowDisposition" storage="c:\buildagent\work\c1e1d8ccf6867220\vulcan\vulcantests\bin\anycpu\sign\vulcan.tests.dll" id="c3312d45-b37d-8274-3963-fc92ad9aa6ed">
      <Execution id="2ae326af-a175-4a77-9be2-4f9da45243a8" />
      <TestMethod codeBase="C:/BuildAgent/work/c1e1d8ccf6867220/Vulcan/VulcanTests/bin/AnyCPU/Sign/Vulcan.Tests.DLL" adapterTypeName="Microsoft.VisualStudio.TestTools.TestTypes.Unit.UnitTestAdapter, Microsoft.VisualStudio.QualityTools.Tips.UnitTest.Adapter, Version=10.0.0.0, Culture=neutral, PublicKeyToken=b03f5f7f11d50a3a" className="VulcanTests.Ssis2008EmitterTests.Ssis2008EmitterEtlTests, Vulcan.Tests, Version=1.0.0.0, Culture=neutral, PublicKeyToken=null" name="Etl_Transformations_DerivedColumnErrorRowDisposition" />
    </UnitTest>
    <UnitTest name="Table_PrimaryKey_Properties" storage="c:\buildagent\work\c1e1d8ccf6867220\vulcan\vulcantests\bin\anycpu\sign\vulcan.tests.dll" id="33f820e0-dbd9-ffdb-9239-52c7bf2d596a">
      <Execution id="142a168e-4381-4288-a379-b71389a7ade2" />
      <TestMethod codeBase="C:/BuildAgent/work/c1e1d8ccf6867220/Vulcan/VulcanTests/bin/AnyCPU/Sign/Vulcan.Tests.DLL" adapterTypeName="Microsoft.VisualStudio.TestTools.TestTypes.Unit.UnitTestAdapter, Microsoft.VisualStudio.QualityTools.Tips.UnitTest.Adapter, Version=10.0.0.0, Culture=neutral, PublicKeyToken=b03f5f7f11d50a3a" className="VulcanTests.AstLowererTableTests, Vulcan.Tests, Version=1.0.0.0, Culture=neutral, PublicKeyToken=null" name="Table_PrimaryKey_Properties" />
    </UnitTest>
    <UnitTest name="Container_DelayValidation" storage="c:\buildagent\work\c1e1d8ccf6867220\vulcan\vulcantests\bin\anycpu\sign\vulcan.tests.dll" id="d4b1af0d-c38b-0e88-03a3-d406f2bd0e98">
      <Execution id="77a03a90-0302-46db-8b07-4e2037e5d048" />
      <TestMethod codeBase="C:/BuildAgent/work/c1e1d8ccf6867220/Vulcan/VulcanTests/bin/AnyCPU/Sign/Vulcan.Tests.DLL" adapterTypeName="Microsoft.VisualStudio.TestTools.TestTypes.Unit.UnitTestAdapter, Microsoft.VisualStudio.QualityTools.Tips.UnitTest.Adapter, Version=10.0.0.0, Culture=neutral, PublicKeyToken=b03f5f7f11d50a3a" className="VulcanTests.Ssis2008EmitterTests.Ssis2008EmitterTaskTests, Vulcan.Tests, Version=1.0.0.0, Culture=neutral, PublicKeyToken=null" name="Container_DelayValidation" />
    </UnitTest>
    <UnitTest name="Container_IsolationLevelChaos" storage="c:\buildagent\work\c1e1d8ccf6867220\vulcan\vulcantests\bin\anycpu\sign\vulcan.tests.dll" id="02223cd1-e988-099c-7340-6a37cd827075">
      <Execution id="ae184035-0836-4ac2-b7e4-4c9eaf70cc08" />
      <TestMethod codeBase="C:/BuildAgent/work/c1e1d8ccf6867220/Vulcan/VulcanTests/bin/AnyCPU/Sign/Vulcan.Tests.DLL" adapterTypeName="Microsoft.VisualStudio.TestTools.TestTypes.Unit.UnitTestAdapter, Microsoft.VisualStudio.QualityTools.Tips.UnitTest.Adapter, Version=10.0.0.0, Culture=neutral, PublicKeyToken=b03f5f7f11d50a3a" className="VulcanTests.Ssis2008EmitterTests.Ssis2008EmitterTaskTests, Vulcan.Tests, Version=1.0.0.0, Culture=neutral, PublicKeyToken=null" name="Container_IsolationLevelChaos" />
    </UnitTest>
    <UnitTest name="CloneTable_BasicTable_PrimaryKey_AddPrimaryKey" storage="c:\buildagent\work\c1e1d8ccf6867220\vulcan\vulcantests\bin\anycpu\sign\vulcan.tests.dll" id="117a3648-616a-6178-f97a-35b41eef5e15">
      <Execution id="99f8a6b6-0f62-4120-aa17-a720d599019f" />
      <TestMethod codeBase="C:/BuildAgent/work/c1e1d8ccf6867220/Vulcan/VulcanTests/bin/AnyCPU/Sign/Vulcan.Tests.DLL" adapterTypeName="Microsoft.VisualStudio.TestTools.TestTypes.Unit.UnitTestAdapter, Microsoft.VisualStudio.QualityTools.Tips.UnitTest.Adapter, Version=10.0.0.0, Culture=neutral, PublicKeyToken=b03f5f7f11d50a3a" className="VulcanTests.AstLowererCloneTableTests, Vulcan.Tests, Version=1.0.0.0, Culture=neutral, PublicKeyToken=null" name="CloneTable_BasicTable_PrimaryKey_AddPrimaryKey" />
    </UnitTest>
    <UnitTest name="Merge_Basic" storage="c:\buildagent\work\c1e1d8ccf6867220\vulcan\vulcantests\bin\anycpu\sign\vulcan.tests.dll" id="81d07ce2-30e7-d151-1e23-3d5a80dfc210">
      <Execution id="2f0cec05-aba4-45f9-a52e-b6aae88207a5" />
      <TestMethod codeBase="C:/BuildAgent/work/c1e1d8ccf6867220/Vulcan/VulcanTests/bin/AnyCPU/Sign/Vulcan.Tests.DLL" adapterTypeName="Microsoft.VisualStudio.TestTools.TestTypes.Unit.UnitTestAdapter, Microsoft.VisualStudio.QualityTools.Tips.UnitTest.Adapter, Version=10.0.0.0, Culture=neutral, PublicKeyToken=b03f5f7f11d50a3a" className="VulcanTests.AstLowererPackageTests, Vulcan.Tests, Version=1.0.0.0, Culture=neutral, PublicKeyToken=null" name="Merge_Basic" />
    </UnitTest>
    <UnitTest name="Table_UniqueKey_Properties" storage="c:\buildagent\work\c1e1d8ccf6867220\vulcan\vulcantests\bin\anycpu\sign\vulcan.tests.dll" id="5e4e6370-97b6-9dfb-b998-668ff69fd670">
      <Execution id="a4c73b48-f644-470f-9cc6-af9c8c162e19" />
      <TestMethod codeBase="C:/BuildAgent/work/c1e1d8ccf6867220/Vulcan/VulcanTests/bin/AnyCPU/Sign/Vulcan.Tests.DLL" adapterTypeName="Microsoft.VisualStudio.TestTools.TestTypes.Unit.UnitTestAdapter, Microsoft.VisualStudio.QualityTools.Tips.UnitTest.Adapter, Version=10.0.0.0, Culture=neutral, PublicKeyToken=b03f5f7f11d50a3a" className="VulcanTests.AstLowererTableTests, Vulcan.Tests, Version=1.0.0.0, Culture=neutral, PublicKeyToken=null" name="Table_UniqueKey_Properties" />
    </UnitTest>
    <UnitTest name="EtlNode_HasDuplicateTransformNames" storage="c:\buildagent\work\c1e1d8ccf6867220\vulcan\vulcantests\bin\anycpu\sign\vulcan.tests.dll" id="4d56e203-0b3b-fb28-83e6-b090f90bf976">
      <Execution id="904d4d78-1ce8-4c71-a728-16bff94d67be" />
      <TestMethod codeBase="C:/BuildAgent/work/c1e1d8ccf6867220/Vulcan/VulcanTests/bin/AnyCPU/Sign/Vulcan.Tests.DLL" adapterTypeName="Microsoft.VisualStudio.TestTools.TestTypes.Unit.UnitTestAdapter, Microsoft.VisualStudio.QualityTools.Tips.UnitTest.Adapter, Version=10.0.0.0, Culture=neutral, PublicKeyToken=b03f5f7f11d50a3a" className="VulcanTests.AstPackageNodeTests, Vulcan.Tests, Version=1.0.0.0, Culture=neutral, PublicKeyToken=null" name="EtlNode_HasDuplicateTransformNames" />
    </UnitTest>
    <UnitTest name="CloneTable_FullTable_UniqueKey_CloneAllFalseAndAddUniqueKey" storage="c:\buildagent\work\c1e1d8ccf6867220\vulcan\vulcantests\bin\anycpu\sign\vulcan.tests.dll" id="9345f3da-6d13-b8bd-48f5-f42a231290fc">
      <Execution id="b0f0a68f-cac0-4ced-9eaa-adf955f29876" />
      <TestMethod codeBase="C:/BuildAgent/work/c1e1d8ccf6867220/Vulcan/VulcanTests/bin/AnyCPU/Sign/Vulcan.Tests.DLL" adapterTypeName="Microsoft.VisualStudio.TestTools.TestTypes.Unit.UnitTestAdapter, Microsoft.VisualStudio.QualityTools.Tips.UnitTest.Adapter, Version=10.0.0.0, Culture=neutral, PublicKeyToken=b03f5f7f11d50a3a" className="VulcanTests.AstLowererCloneTableTests, Vulcan.Tests, Version=1.0.0.0, Culture=neutral, PublicKeyToken=null" name="CloneTable_FullTable_UniqueKey_CloneAllFalseAndAddUniqueKey" />
    </UnitTest>
    <UnitTest name="Etl_Transformations_ConditionalSplitBasic" storage="c:\buildagent\work\c1e1d8ccf6867220\vulcan\vulcantests\bin\anycpu\sign\vulcan.tests.dll" id="0aeabbbd-73b8-76fd-5e33-4bb3acc5ed03">
      <Execution id="e6b642d5-aa11-4f25-a5be-7c2a238b1b61" />
      <TestMethod codeBase="C:/BuildAgent/work/c1e1d8ccf6867220/Vulcan/VulcanTests/bin/AnyCPU/Sign/Vulcan.Tests.DLL" adapterTypeName="Microsoft.VisualStudio.TestTools.TestTypes.Unit.UnitTestAdapter, Microsoft.VisualStudio.QualityTools.Tips.UnitTest.Adapter, Version=10.0.0.0, Culture=neutral, PublicKeyToken=b03f5f7f11d50a3a" className="VulcanTests.Ssis2008EmitterTests.Ssis2008EmitterEtlTests, Vulcan.Tests, Version=1.0.0.0, Culture=neutral, PublicKeyToken=null" name="Etl_Transformations_ConditionalSplitBasic" />
    </UnitTest>
    <UnitTest name="CloneTable_BasicTable_Indexes_AddColumnsAndIndexes" storage="c:\buildagent\work\c1e1d8ccf6867220\vulcan\vulcantests\bin\anycpu\sign\vulcan.tests.dll" id="e9bb3e36-af74-8175-e00a-24dcd7c7432c">
      <Execution id="9173ee03-49e3-4241-98a9-25e24b3fe178" />
      <TestMethod codeBase="C:/BuildAgent/work/c1e1d8ccf6867220/Vulcan/VulcanTests/bin/AnyCPU/Sign/Vulcan.Tests.DLL" adapterTypeName="Microsoft.VisualStudio.TestTools.TestTypes.Unit.UnitTestAdapter, Microsoft.VisualStudio.QualityTools.Tips.UnitTest.Adapter, Version=10.0.0.0, Culture=neutral, PublicKeyToken=b03f5f7f11d50a3a" className="VulcanTests.AstLowererCloneTableTests, Vulcan.Tests, Version=1.0.0.0, Culture=neutral, PublicKeyToken=null" name="CloneTable_BasicTable_Indexes_AddColumnsAndIndexes" />
    </UnitTest>
    <UnitTest name="ExecuteSql_ResultSetFull" storage="c:\buildagent\work\c1e1d8ccf6867220\vulcan\vulcantests\bin\anycpu\sign\vulcan.tests.dll" id="d1b4336a-be64-724f-6c58-f0d6de4e9b1e">
      <Execution id="4ba705b6-2a37-4c09-87d4-7cf357cd64ee" />
      <TestMethod codeBase="C:/BuildAgent/work/c1e1d8ccf6867220/Vulcan/VulcanTests/bin/AnyCPU/Sign/Vulcan.Tests.DLL" adapterTypeName="Microsoft.VisualStudio.TestTools.TestTypes.Unit.UnitTestAdapter, Microsoft.VisualStudio.QualityTools.Tips.UnitTest.Adapter, Version=10.0.0.0, Culture=neutral, PublicKeyToken=b03f5f7f11d50a3a" className="VulcanTests.SsisEmitterTests.SsisEmitterTaskTests, Vulcan.Tests, Version=1.0.0.0, Culture=neutral, PublicKeyToken=null" name="ExecuteSql_ResultSetFull" />
    </UnitTest>
    <UnitTest name="Etl_Events" storage="c:\buildagent\work\c1e1d8ccf6867220\vulcan\vulcantests\bin\anycpu\sign\vulcan.tests.dll" id="c6309200-e9dc-6b9b-a398-c794d8303e26">
      <Execution id="84450bca-a00c-40ed-8664-d4b7bdebfdc0" />
      <TestMethod codeBase="C:/BuildAgent/work/c1e1d8ccf6867220/Vulcan/VulcanTests/bin/AnyCPU/Sign/Vulcan.Tests.DLL" adapterTypeName="Microsoft.VisualStudio.TestTools.TestTypes.Unit.UnitTestAdapter, Microsoft.VisualStudio.QualityTools.Tips.UnitTest.Adapter, Version=10.0.0.0, Culture=neutral, PublicKeyToken=b03f5f7f11d50a3a" className="VulcanTests.Ssis2008EmitterTests.Ssis2008EmitterEtlTests, Vulcan.Tests, Version=1.0.0.0, Culture=neutral, PublicKeyToken=null" name="Etl_Events" />
    </UnitTest>
    <UnitTest name="Etl_Transformations_UnionAllBasic" storage="c:\buildagent\work\c1e1d8ccf6867220\vulcan\vulcantests\bin\anycpu\sign\vulcan.tests.dll" id="92bb8e0c-ba4b-d6ba-4651-fe2e90dfed2d">
      <Execution id="4aa0a0dd-32ae-48a8-a28f-8700171f017f" />
      <TestMethod codeBase="C:/BuildAgent/work/c1e1d8ccf6867220/Vulcan/VulcanTests/bin/AnyCPU/Sign/Vulcan.Tests.DLL" adapterTypeName="Microsoft.VisualStudio.TestTools.TestTypes.Unit.UnitTestAdapter, Microsoft.VisualStudio.QualityTools.Tips.UnitTest.Adapter, Version=10.0.0.0, Culture=neutral, PublicKeyToken=b03f5f7f11d50a3a" className="VulcanTests.Ssis2008EmitterTests.Ssis2008EmitterEtlTests, Vulcan.Tests, Version=1.0.0.0, Culture=neutral, PublicKeyToken=null" name="Etl_Transformations_UnionAllBasic" />
    </UnitTest>
    <UnitTest name="Container_PrecedenceConstraints" storage="c:\buildagent\work\c1e1d8ccf6867220\vulcan\vulcantests\bin\anycpu\sign\vulcan.tests.dll" id="efb456b9-c379-c129-7526-46fc7e747d8b">
      <Execution id="e15ac3e7-7e4c-4401-894d-0af3e55dba0d" />
      <TestMethod codeBase="C:/BuildAgent/work/c1e1d8ccf6867220/Vulcan/VulcanTests/bin/AnyCPU/Sign/Vulcan.Tests.DLL" adapterTypeName="Microsoft.VisualStudio.TestTools.TestTypes.Unit.UnitTestAdapter, Microsoft.VisualStudio.QualityTools.Tips.UnitTest.Adapter, Version=10.0.0.0, Culture=neutral, PublicKeyToken=b03f5f7f11d50a3a" className="VulcanTests.Ssis2008EmitterTests.Ssis2008EmitterTaskTests, Vulcan.Tests, Version=1.0.0.0, Culture=neutral, PublicKeyToken=null" name="Container_PrecedenceConstraints" />
    </UnitTest>
    <UnitTest name="Cube_Basic" storage="c:\buildagent\work\c1e1d8ccf6867220\vulcan\vulcantests\bin\anycpu\sign\vulcan.tests.dll" id="ba62f038-fefc-af41-aaa5-8e542f7f3e57">
      <Execution id="9fbf3b70-3407-459b-bb55-02aa96fbddbe" />
      <TestMethod codeBase="C:/BuildAgent/work/c1e1d8ccf6867220/Vulcan/VulcanTests/bin/AnyCPU/Sign/Vulcan.Tests.DLL" adapterTypeName="Microsoft.VisualStudio.TestTools.TestTypes.Unit.UnitTestAdapter, Microsoft.VisualStudio.QualityTools.Tips.UnitTest.Adapter, Version=10.0.0.0, Culture=neutral, PublicKeyToken=b03f5f7f11d50a3a" className="VulcanTests.Ssas2008EmitterTests.Ssas2008EmitterCubeTests, Vulcan.Tests, Version=1.0.0.0, Culture=neutral, PublicKeyToken=null" name="Cube_Basic" />
    </UnitTest>
    <UnitTest name="Taskflow_DataflowReverseTopologicalSort" storage="c:\buildagent\work\c1e1d8ccf6867220\vulcan\vulcantests\bin\anycpu\sign\vulcan.tests.dll" id="731e9f07-b98d-c6da-ecb6-b3e16b3a04a5">
      <Execution id="39bcb1c5-b3fa-432b-977b-4b8f079f64c0" />
      <TestMethod codeBase="C:/BuildAgent/work/c1e1d8ccf6867220/Vulcan/VulcanTests/bin/AnyCPU/Sign/Vulcan.Tests.DLL" adapterTypeName="Microsoft.VisualStudio.TestTools.TestTypes.Unit.UnitTestAdapter, Microsoft.VisualStudio.QualityTools.Tips.UnitTest.Adapter, Version=10.0.0.0, Culture=neutral, PublicKeyToken=b03f5f7f11d50a3a" className="VulcanTests.Ssis2008EmitterTests.Ssis2008EmitterTaskTests, Vulcan.Tests, Version=1.0.0.0, Culture=neutral, PublicKeyToken=null" name="Taskflow_DataflowReverseTopologicalSort" />
    </UnitTest>
    <UnitTest name="DimensionRelationship_ManyToMany" storage="c:\buildagent\work\c1e1d8ccf6867220\vulcan\vulcantests\bin\anycpu\sign\vulcan.tests.dll" id="f147a24d-9e63-3369-32d3-d106a417134a">
      <Execution id="2a0db9e1-4c83-4110-ae02-b5276af59d28" />
      <TestMethod codeBase="C:/BuildAgent/work/c1e1d8ccf6867220/Vulcan/VulcanTests/bin/AnyCPU/Sign/Vulcan.Tests.DLL" adapterTypeName="Microsoft.VisualStudio.TestTools.TestTypes.Unit.UnitTestAdapter, Microsoft.VisualStudio.QualityTools.Tips.UnitTest.Adapter, Version=10.0.0.0, Culture=neutral, PublicKeyToken=b03f5f7f11d50a3a" className="VulcanTests.Ssas2008EmitterTests.Ssas2008EmitterDimensionRelationshipTests, Vulcan.Tests, Version=1.0.0.0, Culture=neutral, PublicKeyToken=null" name="DimensionRelationship_ManyToMany" />
    </UnitTest>
    <UnitTest name="IsNullPatcher_Basic" storage="c:\buildagent\work\c1e1d8ccf6867220\vulcan\vulcantests\bin\anycpu\sign\vulcan.tests.dll" id="f7d965da-0c6c-76ef-3528-5ed5d87a239e">
      <Execution id="bd4646f5-441a-4ff9-a0ee-2ff8ef5588e0" />
      <TestMethod codeBase="C:/BuildAgent/work/c1e1d8ccf6867220/Vulcan/VulcanTests/bin/AnyCPU/Sign/Vulcan.Tests.DLL" adapterTypeName="Microsoft.VisualStudio.TestTools.TestTypes.Unit.UnitTestAdapter, Microsoft.VisualStudio.QualityTools.Tips.UnitTest.Adapter, Version=10.0.0.0, Culture=neutral, PublicKeyToken=b03f5f7f11d50a3a" className="VulcanTests.AstLowererPackageTests, Vulcan.Tests, Version=1.0.0.0, Culture=neutral, PublicKeyToken=null" name="IsNullPatcher_Basic" />
    </UnitTest>
    <UnitTest name="Package_Log" storage="c:\buildagent\work\c1e1d8ccf6867220\vulcan\vulcantests\bin\anycpu\sign\vulcan.tests.dll" id="b2309445-5203-8286-ddaa-02c31685a5ba">
      <Execution id="8ff0441f-7f0f-4f20-a377-70d7c620af38" />
      <TestMethod codeBase="C:/BuildAgent/work/c1e1d8ccf6867220/Vulcan/VulcanTests/bin/AnyCPU/Sign/Vulcan.Tests.DLL" adapterTypeName="Microsoft.VisualStudio.TestTools.TestTypes.Unit.UnitTestAdapter, Microsoft.VisualStudio.QualityTools.Tips.UnitTest.Adapter, Version=10.0.0.0, Culture=neutral, PublicKeyToken=b03f5f7f11d50a3a" className="VulcanTests.Ssis2008EmitterTests.Ssis2008EmitterPackageTests, Vulcan.Tests, Version=1.0.0.0, Culture=neutral, PublicKeyToken=null" name="Package_Log" />
    </UnitTest>
    <UnitTest name="CloneTable_FullTable_Indexes_CloneIndexesFalse" storage="c:\buildagent\work\c1e1d8ccf6867220\vulcan\vulcantests\bin\anycpu\sign\vulcan.tests.dll" id="9ddcab80-70b4-f705-00e1-5039e853b32f">
      <Execution id="8aecbc29-d5c0-4052-bbdb-f3783872d2ca" />
      <TestMethod codeBase="C:/BuildAgent/work/c1e1d8ccf6867220/Vulcan/VulcanTests/bin/AnyCPU/Sign/Vulcan.Tests.DLL" adapterTypeName="Microsoft.VisualStudio.TestTools.TestTypes.Unit.UnitTestAdapter, Microsoft.VisualStudio.QualityTools.Tips.UnitTest.Adapter, Version=10.0.0.0, Culture=neutral, PublicKeyToken=b03f5f7f11d50a3a" className="VulcanTests.AstLowererCloneTableTests, Vulcan.Tests, Version=1.0.0.0, Culture=neutral, PublicKeyToken=null" name="CloneTable_FullTable_Indexes_CloneIndexesFalse" />
    </UnitTest>
    <UnitTest name="Merge_PrecedenceConstraint" storage="c:\buildagent\work\c1e1d8ccf6867220\vulcan\vulcantests\bin\anycpu\sign\vulcan.tests.dll" id="ce16c7bf-061b-8426-557f-547f0720287b">
      <Execution id="adce4e7a-fe63-4fdc-b23e-96fb6a7186d9" />
      <TestMethod codeBase="C:/BuildAgent/work/c1e1d8ccf6867220/Vulcan/VulcanTests/bin/AnyCPU/Sign/Vulcan.Tests.DLL" adapterTypeName="Microsoft.VisualStudio.TestTools.TestTypes.Unit.UnitTestAdapter, Microsoft.VisualStudio.QualityTools.Tips.UnitTest.Adapter, Version=10.0.0.0, Culture=neutral, PublicKeyToken=b03f5f7f11d50a3a" className="VulcanTests.AstLowererPackageTests, Vulcan.Tests, Version=1.0.0.0, Culture=neutral, PublicKeyToken=null" name="Merge_PrecedenceConstraint" />
    </UnitTest>
    <UnitTest name="BulkInsert_Basic" storage="c:\buildagent\work\c1e1d8ccf6867220\vulcan\vulcantests\bin\anycpu\sign\vulcan.tests.dll" id="7c0d4484-9980-49d0-54e0-a8a86792b85b">
      <Execution id="ed4ce54a-869b-4e2f-89ec-9f5e9226d59b" />
      <TestMethod codeBase="C:/BuildAgent/work/c1e1d8ccf6867220/Vulcan/VulcanTests/bin/AnyCPU/Sign/Vulcan.Tests.DLL" adapterTypeName="Microsoft.VisualStudio.TestTools.TestTypes.Unit.UnitTestAdapter, Microsoft.VisualStudio.QualityTools.Tips.UnitTest.Adapter, Version=10.0.0.0, Culture=neutral, PublicKeyToken=b03f5f7f11d50a3a" className="VulcanTests.SsisEmitterTests.SsisEmitterTaskTests, Vulcan.Tests, Version=1.0.0.0, Culture=neutral, PublicKeyToken=null" name="BulkInsert_Basic" />
    </UnitTest>
    <UnitTest name="Etl_PrecedenceConstraints" storage="c:\buildagent\work\c1e1d8ccf6867220\vulcan\vulcantests\bin\anycpu\sign\vulcan.tests.dll" id="27b363dc-9b38-9188-939c-74f5ba372eda">
      <Execution id="e52e16bd-c263-4761-baa0-7d606f9cd0cb" />
      <TestMethod codeBase="C:/BuildAgent/work/c1e1d8ccf6867220/Vulcan/VulcanTests/bin/AnyCPU/Sign/Vulcan.Tests.DLL" adapterTypeName="Microsoft.VisualStudio.TestTools.TestTypes.Unit.UnitTestAdapter, Microsoft.VisualStudio.QualityTools.Tips.UnitTest.Adapter, Version=10.0.0.0, Culture=neutral, PublicKeyToken=b03f5f7f11d50a3a" className="VulcanTests.Ssis2008EmitterTests.Ssis2008EmitterEtlTests, Vulcan.Tests, Version=1.0.0.0, Culture=neutral, PublicKeyToken=null" name="Etl_PrecedenceConstraints" />
    </UnitTest>
    <UnitTest name="Package_Configurations_AutoCreateXml" storage="c:\buildagent\work\c1e1d8ccf6867220\vulcan\vulcantests\bin\anycpu\sign\vulcan.tests.dll" id="8095f6a4-60b4-9c46-93a5-19b797bd6a3b">
      <Execution id="f54f5ca7-b42d-4391-a0b3-d21dffa76bee" />
      <TestMethod codeBase="C:/BuildAgent/work/c1e1d8ccf6867220/Vulcan/VulcanTests/bin/AnyCPU/Sign/Vulcan.Tests.DLL" adapterTypeName="Microsoft.VisualStudio.TestTools.TestTypes.Unit.UnitTestAdapter, Microsoft.VisualStudio.QualityTools.Tips.UnitTest.Adapter, Version=10.0.0.0, Culture=neutral, PublicKeyToken=b03f5f7f11d50a3a" className="VulcanTests.SsisEmitterTests.SsisEmitterPackageTests, Vulcan.Tests, Version=1.0.0.0, Culture=neutral, PublicKeyToken=null" name="Package_Configurations_AutoCreateXml" />
    </UnitTest>
    <UnitTest name="Package_ConstraintModeParallel" storage="c:\buildagent\work\c1e1d8ccf6867220\vulcan\vulcantests\bin\anycpu\sign\vulcan.tests.dll" id="ffcc6b48-3139-43ab-569c-1bffdfd260c6">
      <Execution id="9e686810-05ed-45d5-829c-8a8bf69cf2ab" />
      <TestMethod codeBase="C:/BuildAgent/work/c1e1d8ccf6867220/Vulcan/VulcanTests/bin/AnyCPU/Sign/Vulcan.Tests.DLL" adapterTypeName="Microsoft.VisualStudio.TestTools.TestTypes.Unit.UnitTestAdapter, Microsoft.VisualStudio.QualityTools.Tips.UnitTest.Adapter, Version=10.0.0.0, Culture=neutral, PublicKeyToken=b03f5f7f11d50a3a" className="VulcanTests.Ssis2008EmitterTests.Ssis2008EmitterPackageTests, Vulcan.Tests, Version=1.0.0.0, Culture=neutral, PublicKeyToken=null" name="Package_ConstraintModeParallel" />
    </UnitTest>
    <UnitTest name="Package_ConstraintModeLinear" storage="c:\buildagent\work\c1e1d8ccf6867220\vulcan\vulcantests\bin\anycpu\sign\vulcan.tests.dll" id="1f44e2f8-0186-39f4-190d-7864da709963">
      <Execution id="3666ae1b-3874-42ab-afb6-8a66a742d6e2" />
      <TestMethod codeBase="C:/BuildAgent/work/c1e1d8ccf6867220/Vulcan/VulcanTests/bin/AnyCPU/Sign/Vulcan.Tests.DLL" adapterTypeName="Microsoft.VisualStudio.TestTools.TestTypes.Unit.UnitTestAdapter, Microsoft.VisualStudio.QualityTools.Tips.UnitTest.Adapter, Version=10.0.0.0, Culture=neutral, PublicKeyToken=b03f5f7f11d50a3a" className="VulcanTests.Ssis2008EmitterTests.Ssis2008EmitterPackageTests, Vulcan.Tests, Version=1.0.0.0, Culture=neutral, PublicKeyToken=null" name="Package_ConstraintModeLinear" />
    </UnitTest>
    <UnitTest name="CloneTable_FullTable_PrimaryKey_CloneAllFalseAndAddPrimaryKey" storage="c:\buildagent\work\c1e1d8ccf6867220\vulcan\vulcantests\bin\anycpu\sign\vulcan.tests.dll" id="58a100a9-15d3-004e-f1a5-b2681a39f748">
      <Execution id="259c343f-750b-444f-8b57-0506cdda5af0" />
      <TestMethod codeBase="C:/BuildAgent/work/c1e1d8ccf6867220/Vulcan/VulcanTests/bin/AnyCPU/Sign/Vulcan.Tests.DLL" adapterTypeName="Microsoft.VisualStudio.TestTools.TestTypes.Unit.UnitTestAdapter, Microsoft.VisualStudio.QualityTools.Tips.UnitTest.Adapter, Version=10.0.0.0, Culture=neutral, PublicKeyToken=b03f5f7f11d50a3a" className="VulcanTests.AstLowererCloneTableTests, Vulcan.Tests, Version=1.0.0.0, Culture=neutral, PublicKeyToken=null" name="CloneTable_FullTable_PrimaryKey_CloneAllFalseAndAddPrimaryKey" />
    </UnitTest>
    <UnitTest name="Package_Variables" storage="c:\buildagent\work\c1e1d8ccf6867220\vulcan\vulcantests\bin\anycpu\sign\vulcan.tests.dll" id="a1316ed9-e8d1-b0ea-b7ab-b97dbf0c95e5">
      <Execution id="9c30ecc6-6b62-416c-a371-a1b8de6004e0" />
      <TestMethod codeBase="C:/BuildAgent/work/c1e1d8ccf6867220/Vulcan/VulcanTests/bin/AnyCPU/Sign/Vulcan.Tests.DLL" adapterTypeName="Microsoft.VisualStudio.TestTools.TestTypes.Unit.UnitTestAdapter, Microsoft.VisualStudio.QualityTools.Tips.UnitTest.Adapter, Version=10.0.0.0, Culture=neutral, PublicKeyToken=b03f5f7f11d50a3a" className="VulcanTests.Ssis2008EmitterTests.Ssis2008EmitterPackageTests, Vulcan.Tests, Version=1.0.0.0, Culture=neutral, PublicKeyToken=null" name="Package_Variables" />
    </UnitTest>
    <UnitTest name="CloneTable_FullTable_AddColumns" storage="c:\buildagent\work\c1e1d8ccf6867220\vulcan\vulcantests\bin\anycpu\sign\vulcan.tests.dll" id="8eb96cf4-5e6b-f0a4-ecde-6c243a99cb85">
      <Execution id="c18b0d1d-16c4-42ee-aee6-adc4e40ea76a" />
      <TestMethod codeBase="C:/BuildAgent/work/c1e1d8ccf6867220/Vulcan/VulcanTests/bin/AnyCPU/Sign/Vulcan.Tests.DLL" adapterTypeName="Microsoft.VisualStudio.TestTools.TestTypes.Unit.UnitTestAdapter, Microsoft.VisualStudio.QualityTools.Tips.UnitTest.Adapter, Version=10.0.0.0, Culture=neutral, PublicKeyToken=b03f5f7f11d50a3a" className="VulcanTests.AstLowererCloneTableTests, Vulcan.Tests, Version=1.0.0.0, Culture=neutral, PublicKeyToken=null" name="CloneTable_FullTable_AddColumns" />
    </UnitTest>
    <UnitTest name="ExecutePackage_Sql" storage="c:\buildagent\work\c1e1d8ccf6867220\vulcan\vulcantests\bin\anycpu\sign\vulcan.tests.dll" id="6ccb298d-af20-a533-eb36-9de04161abd3">
      <Execution id="469dc787-661b-4e18-a863-1b376ee08016" />
      <TestMethod codeBase="C:/BuildAgent/work/c1e1d8ccf6867220/Vulcan/VulcanTests/bin/AnyCPU/Sign/Vulcan.Tests.DLL" adapterTypeName="Microsoft.VisualStudio.TestTools.TestTypes.Unit.UnitTestAdapter, Microsoft.VisualStudio.QualityTools.Tips.UnitTest.Adapter, Version=10.0.0.0, Culture=neutral, PublicKeyToken=b03f5f7f11d50a3a" className="VulcanTests.SsisEmitterTests.SsisEmitterTaskTests, Vulcan.Tests, Version=1.0.0.0, Culture=neutral, PublicKeyToken=null" name="ExecutePackage_Sql" />
    </UnitTest>
    <UnitTest name="Package_Executables" storage="c:\buildagent\work\c1e1d8ccf6867220\vulcan\vulcantests\bin\anycpu\sign\vulcan.tests.dll" id="68d00bda-21f9-1029-89b8-f1a573bbb314">
      <Execution id="5dc59c11-d4e6-493b-9d48-7c8f7609536a" />
      <TestMethod codeBase="C:/BuildAgent/work/c1e1d8ccf6867220/Vulcan/VulcanTests/bin/AnyCPU/Sign/Vulcan.Tests.DLL" adapterTypeName="Microsoft.VisualStudio.TestTools.TestTypes.Unit.UnitTestAdapter, Microsoft.VisualStudio.QualityTools.Tips.UnitTest.Adapter, Version=10.0.0.0, Culture=neutral, PublicKeyToken=b03f5f7f11d50a3a" className="VulcanTests.SsisEmitterTests.SsisEmitterPackageTests, Vulcan.Tests, Version=1.0.0.0, Culture=neutral, PublicKeyToken=null" name="Package_Executables" />
    </UnitTest>
    <UnitTest name="DataSourceView_NoUniqueConstraint" storage="c:\buildagent\work\c1e1d8ccf6867220\vulcan\vulcantests\bin\anycpu\sign\vulcan.tests.dll" id="cadbaa20-d1c1-cc97-c968-565bf0734170">
      <Execution id="383bd49b-f8df-4251-93d5-90423522dc14" />
      <TestMethod codeBase="C:/BuildAgent/work/c1e1d8ccf6867220/Vulcan/VulcanTests/bin/AnyCPU/Sign/Vulcan.Tests.DLL" adapterTypeName="Microsoft.VisualStudio.TestTools.TestTypes.Unit.UnitTestAdapter, Microsoft.VisualStudio.QualityTools.Tips.UnitTest.Adapter, Version=10.0.0.0, Culture=neutral, PublicKeyToken=b03f5f7f11d50a3a" className="VulcanTests.Ssas2008EmitterTests.Ssas2008EmitterDataSourceViewTests, Vulcan.Tests, Version=1.0.0.0, Culture=neutral, PublicKeyToken=null" name="DataSourceView_NoUniqueConstraint" />
    </UnitTest>
    <UnitTest name="StoredProcedure_Event" storage="c:\buildagent\work\c1e1d8ccf6867220\vulcan\vulcantests\bin\anycpu\sign\vulcan.tests.dll" id="f7be0885-34af-c0d2-b74b-f8d5a5e3a795">
      <Execution id="91230a5d-5d51-4fcd-bede-0938d657835e" />
      <TestMethod codeBase="C:/BuildAgent/work/c1e1d8ccf6867220/Vulcan/VulcanTests/bin/AnyCPU/Sign/Vulcan.Tests.DLL" adapterTypeName="Microsoft.VisualStudio.TestTools.TestTypes.Unit.UnitTestAdapter, Microsoft.VisualStudio.QualityTools.Tips.UnitTest.Adapter, Version=10.0.0.0, Culture=neutral, PublicKeyToken=b03f5f7f11d50a3a" className="VulcanTests.AstLowererPackageTests, Vulcan.Tests, Version=1.0.0.0, Culture=neutral, PublicKeyToken=null" name="StoredProcedure_Event" />
    </UnitTest>
    <UnitTest name="Table_Schema" storage="c:\buildagent\work\c1e1d8ccf6867220\vulcan\vulcantests\bin\anycpu\sign\vulcan.tests.dll" id="7d14f545-bbf2-2590-6f5e-6e7fc27db82f">
      <Execution id="facef0c9-cbe0-4596-b649-533da488cb1f" />
      <TestMethod codeBase="C:/BuildAgent/work/c1e1d8ccf6867220/Vulcan/VulcanTests/bin/AnyCPU/Sign/Vulcan.Tests.DLL" adapterTypeName="Microsoft.VisualStudio.TestTools.TestTypes.Unit.UnitTestAdapter, Microsoft.VisualStudio.QualityTools.Tips.UnitTest.Adapter, Version=10.0.0.0, Culture=neutral, PublicKeyToken=b03f5f7f11d50a3a" className="VulcanTests.AstLowererTableTests, Vulcan.Tests, Version=1.0.0.0, Culture=neutral, PublicKeyToken=null" name="Table_Schema" />
    </UnitTest>
    <UnitTest name="CloneTable_FullTable_Indexes_CloneAllTrueAndAddIndexes" storage="c:\buildagent\work\c1e1d8ccf6867220\vulcan\vulcantests\bin\anycpu\sign\vulcan.tests.dll" id="7e219c81-b5b6-4142-b628-2992ef2ab400">
      <Execution id="b22c2cba-b704-470b-ac38-35f116c76c09" />
      <TestMethod codeBase="C:/BuildAgent/work/c1e1d8ccf6867220/Vulcan/VulcanTests/bin/AnyCPU/Sign/Vulcan.Tests.DLL" adapterTypeName="Microsoft.VisualStudio.TestTools.TestTypes.Unit.UnitTestAdapter, Microsoft.VisualStudio.QualityTools.Tips.UnitTest.Adapter, Version=10.0.0.0, Culture=neutral, PublicKeyToken=b03f5f7f11d50a3a" className="VulcanTests.AstLowererCloneTableTests, Vulcan.Tests, Version=1.0.0.0, Culture=neutral, PublicKeyToken=null" name="CloneTable_FullTable_Indexes_CloneAllTrueAndAddIndexes" />
    </UnitTest>
    <UnitTest name="ExecuteSql_Basic" storage="c:\buildagent\work\c1e1d8ccf6867220\vulcan\vulcantests\bin\anycpu\sign\vulcan.tests.dll" id="e53c20d1-5e0c-3f92-3a96-7ac4b75c9384">
      <Execution id="1ee1a5fd-0f02-47b0-8fc2-6c7d169e8a57" />
      <TestMethod codeBase="C:/BuildAgent/work/c1e1d8ccf6867220/Vulcan/VulcanTests/bin/AnyCPU/Sign/Vulcan.Tests.DLL" adapterTypeName="Microsoft.VisualStudio.TestTools.TestTypes.Unit.UnitTestAdapter, Microsoft.VisualStudio.QualityTools.Tips.UnitTest.Adapter, Version=10.0.0.0, Culture=neutral, PublicKeyToken=b03f5f7f11d50a3a" className="VulcanTests.SsisEmitterTests.SsisEmitterTaskTests, Vulcan.Tests, Version=1.0.0.0, Culture=neutral, PublicKeyToken=null" name="ExecuteSql_Basic" />
    </UnitTest>
    <UnitTest name="Attribute_RecursiveRelationship" storage="c:\buildagent\work\c1e1d8ccf6867220\vulcan\vulcantests\bin\anycpu\sign\vulcan.tests.dll" id="7b648b89-48ea-a5ca-3eec-30486a670978">
      <Execution id="892d48da-45c2-41a3-8be8-802a40b6cf85" />
      <TestMethod codeBase="C:/BuildAgent/work/c1e1d8ccf6867220/Vulcan/VulcanTests/bin/AnyCPU/Sign/Vulcan.Tests.DLL" adapterTypeName="Microsoft.VisualStudio.TestTools.TestTypes.Unit.UnitTestAdapter, Microsoft.VisualStudio.QualityTools.Tips.UnitTest.Adapter, Version=10.0.0.0, Culture=neutral, PublicKeyToken=b03f5f7f11d50a3a" className="VulcanTests.AstAttributeNodeTests, Vulcan.Tests, Version=1.0.0.0, Culture=neutral, PublicKeyToken=null" name="Attribute_RecursiveRelationship" />
    </UnitTest>
    <UnitTest name="ExecuteSql_CoreProperties" storage="c:\buildagent\work\c1e1d8ccf6867220\vulcan\vulcantests\bin\anycpu\sign\vulcan.tests.dll" id="4c204af8-ae98-4ed4-7234-82362979e62f">
      <Execution id="e846adcf-8bc8-4aad-8b09-274630448794" />
      <TestMethod codeBase="C:/BuildAgent/work/c1e1d8ccf6867220/Vulcan/VulcanTests/bin/AnyCPU/Sign/Vulcan.Tests.DLL" adapterTypeName="Microsoft.VisualStudio.TestTools.TestTypes.Unit.UnitTestAdapter, Microsoft.VisualStudio.QualityTools.Tips.UnitTest.Adapter, Version=10.0.0.0, Culture=neutral, PublicKeyToken=b03f5f7f11d50a3a" className="VulcanTests.Ssis2008EmitterTests.Ssis2008EmitterTaskTests, Vulcan.Tests, Version=1.0.0.0, Culture=neutral, PublicKeyToken=null" name="ExecuteSql_CoreProperties" />
    </UnitTest>
    <UnitTest name="Merge_Columns" storage="c:\buildagent\work\c1e1d8ccf6867220\vulcan\vulcantests\bin\anycpu\sign\vulcan.tests.dll" id="01cd0809-f465-d039-ac73-353f51a7ff0d">
      <Execution id="fc9cfaf6-5898-46d0-85fb-397b1bc528c6" />
      <TestMethod codeBase="C:/BuildAgent/work/c1e1d8ccf6867220/Vulcan/VulcanTests/bin/AnyCPU/Sign/Vulcan.Tests.DLL" adapterTypeName="Microsoft.VisualStudio.TestTools.TestTypes.Unit.UnitTestAdapter, Microsoft.VisualStudio.QualityTools.Tips.UnitTest.Adapter, Version=10.0.0.0, Culture=neutral, PublicKeyToken=b03f5f7f11d50a3a" className="VulcanTests.AstLowererPackageTests, Vulcan.Tests, Version=1.0.0.0, Culture=neutral, PublicKeyToken=null" name="Merge_Columns" />
    </UnitTest>
    <UnitTest name="TestCount" storage="c:\buildagent\work\c1e1d8ccf6867220\vulcan\vulcantests\bin\anycpu\sign\vulcan.tests.dll" id="c23f99e9-b8f4-f983-f028-1c3e59cb8750">
      <Execution id="3c7717f5-5a00-4c21-8576-024a55fe6b71" />
      <TestMethod codeBase="C:/BuildAgent/work/c1e1d8ccf6867220/Vulcan/VulcanTests/bin/AnyCPU/Sign/Vulcan.Tests.DLL" adapterTypeName="Microsoft.VisualStudio.TestTools.TestTypes.Unit.UnitTestAdapter, Microsoft.VisualStudio.QualityTools.Tips.UnitTest.Adapter, Version=10.0.0.0, Culture=neutral, PublicKeyToken=b03f5f7f11d50a3a" className="UtilityTest.TreeNodeTest, Vulcan.Tests, Version=1.0.0.0, Culture=neutral, PublicKeyToken=null" name="TestCount" />
    </UnitTest>
    <UnitTest name="Package_VariableExpression" storage="c:\buildagent\work\c1e1d8ccf6867220\vulcan\vulcantests\bin\anycpu\sign\vulcan.tests.dll" id="e24baaa3-77c3-24aa-9ff9-d94cc12eb18b">
      <Execution id="ef0db8f7-56bd-4bb5-82e4-222f93865551" />
      <TestMethod codeBase="C:/BuildAgent/work/c1e1d8ccf6867220/Vulcan/VulcanTests/bin/AnyCPU/Sign/Vulcan.Tests.DLL" adapterTypeName="Microsoft.VisualStudio.TestTools.TestTypes.Unit.UnitTestAdapter, Microsoft.VisualStudio.QualityTools.Tips.UnitTest.Adapter, Version=10.0.0.0, Culture=neutral, PublicKeyToken=b03f5f7f11d50a3a" className="VulcanTests.Ssis2008EmitterTests.Ssis2008EmitterPackageTests, Vulcan.Tests, Version=1.0.0.0, Culture=neutral, PublicKeyToken=null" name="Package_VariableExpression" />
    </UnitTest>
    <UnitTest name="Package_Expressions" storage="c:\buildagent\work\c1e1d8ccf6867220\vulcan\vulcantests\bin\anycpu\sign\vulcan.tests.dll" id="a824607c-b4f7-776b-cb2c-96961ce73d2b">
      <Execution id="f1e7a875-66d0-4345-a238-1266bbeb15ef" />
      <TestMethod codeBase="C:/BuildAgent/work/c1e1d8ccf6867220/Vulcan/VulcanTests/bin/AnyCPU/Sign/Vulcan.Tests.DLL" adapterTypeName="Microsoft.VisualStudio.TestTools.TestTypes.Unit.UnitTestAdapter, Microsoft.VisualStudio.QualityTools.Tips.UnitTest.Adapter, Version=10.0.0.0, Culture=neutral, PublicKeyToken=b03f5f7f11d50a3a" className="VulcanTests.SsisEmitterTests.SsisEmitterPackageTests, Vulcan.Tests, Version=1.0.0.0, Culture=neutral, PublicKeyToken=null" name="Package_Expressions" />
    </UnitTest>
    <UnitTest name="TestRemoveWithChildrenRemoveMethodology" storage="c:\buildagent\work\c1e1d8ccf6867220\vulcan\vulcantests\bin\anycpu\sign\vulcan.tests.dll" id="8404b6b9-0823-d03a-4459-6356f7acd186">
      <Execution id="4e3f0f39-94a9-4908-bbd0-729bbe2df150" />
      <TestMethod codeBase="C:/BuildAgent/work/c1e1d8ccf6867220/Vulcan/VulcanTests/bin/AnyCPU/Sign/Vulcan.Tests.DLL" adapterTypeName="Microsoft.VisualStudio.TestTools.TestTypes.Unit.UnitTestAdapter, Microsoft.VisualStudio.QualityTools.Tips.UnitTest.Adapter, Version=10.0.0.0, Culture=neutral, PublicKeyToken=b03f5f7f11d50a3a" className="UtilityTest.TreeNodeTest, Vulcan.Tests, Version=1.0.0.0, Culture=neutral, PublicKeyToken=null" name="TestRemoveWithChildrenRemoveMethodology" />
    </UnitTest>
    <UnitTest name="ExecutePackage_Basic" storage="c:\buildagent\work\c1e1d8ccf6867220\vulcan\vulcantests\bin\anycpu\sign\vulcan.tests.dll" id="3b4cb942-c9c1-096b-e74b-678a864121bc">
      <Execution id="496241f6-c8de-4191-9694-786e5cbe8d5d" />
      <TestMethod codeBase="C:/BuildAgent/work/c1e1d8ccf6867220/Vulcan/VulcanTests/bin/AnyCPU/Sign/Vulcan.Tests.DLL" adapterTypeName="Microsoft.VisualStudio.TestTools.TestTypes.Unit.UnitTestAdapter, Microsoft.VisualStudio.QualityTools.Tips.UnitTest.Adapter, Version=10.0.0.0, Culture=neutral, PublicKeyToken=b03f5f7f11d50a3a" className="VulcanTests.Ssis2008EmitterTests.Ssis2008EmitterTaskTests, Vulcan.Tests, Version=1.0.0.0, Culture=neutral, PublicKeyToken=null" name="ExecutePackage_Basic" />
    </UnitTest>
    <UnitTest name="Table_Index_Basic" storage="c:\buildagent\work\c1e1d8ccf6867220\vulcan\vulcantests\bin\anycpu\sign\vulcan.tests.dll" id="7a941737-e78b-d27f-a826-94609f423151">
      <Execution id="3b3ee00a-1830-4cf0-9a89-084ba173f132" />
      <TestMethod codeBase="C:/BuildAgent/work/c1e1d8ccf6867220/Vulcan/VulcanTests/bin/AnyCPU/Sign/Vulcan.Tests.DLL" adapterTypeName="Microsoft.VisualStudio.TestTools.TestTypes.Unit.UnitTestAdapter, Microsoft.VisualStudio.QualityTools.Tips.UnitTest.Adapter, Version=10.0.0.0, Culture=neutral, PublicKeyToken=b03f5f7f11d50a3a" className="VulcanTests.AstLowererTableTests, Vulcan.Tests, Version=1.0.0.0, Culture=neutral, PublicKeyToken=null" name="Table_Index_Basic" />
    </UnitTest>
    <UnitTest name="CloneTable_FullTable_PrimaryKey_CloneAllTrueAndAddPrimaryKey" storage="c:\buildagent\work\c1e1d8ccf6867220\vulcan\vulcantests\bin\anycpu\sign\vulcan.tests.dll" id="17eb71f4-4807-c909-2838-08a7ed78fb3e">
      <Execution id="59191799-789c-4c4f-becf-f9aad96e967f" />
      <TestMethod codeBase="C:/BuildAgent/work/c1e1d8ccf6867220/Vulcan/VulcanTests/bin/AnyCPU/Sign/Vulcan.Tests.DLL" adapterTypeName="Microsoft.VisualStudio.TestTools.TestTypes.Unit.UnitTestAdapter, Microsoft.VisualStudio.QualityTools.Tips.UnitTest.Adapter, Version=10.0.0.0, Culture=neutral, PublicKeyToken=b03f5f7f11d50a3a" className="VulcanTests.AstLowererCloneTableTests, Vulcan.Tests, Version=1.0.0.0, Culture=neutral, PublicKeyToken=null" name="CloneTable_FullTable_PrimaryKey_CloneAllTrueAndAddPrimaryKey" />
    </UnitTest>
    <UnitTest name="AnalysisServicesExecuteDdl_File" storage="c:\buildagent\work\c1e1d8ccf6867220\vulcan\vulcantests\bin\anycpu\sign\vulcan.tests.dll" id="ef10f361-43a9-450a-9597-8da838ab766f">
      <Execution id="47dd4f48-206a-4d1b-8fd4-e2de3c67feb9" />
      <TestMethod codeBase="C:/BuildAgent/work/c1e1d8ccf6867220/Vulcan/VulcanTests/bin/AnyCPU/Sign/Vulcan.Tests.DLL" adapterTypeName="Microsoft.VisualStudio.TestTools.TestTypes.Unit.UnitTestAdapter, Microsoft.VisualStudio.QualityTools.Tips.UnitTest.Adapter, Version=10.0.0.0, Culture=neutral, PublicKeyToken=b03f5f7f11d50a3a" className="VulcanTests.SsisEmitterTests.SsisEmitterTaskTests, Vulcan.Tests, Version=1.0.0.0, Culture=neutral, PublicKeyToken=null" name="AnalysisServicesExecuteDdl_File" />
    </UnitTest>
    <UnitTest name="Table_PrimaryKey_ColumnProperties" storage="c:\buildagent\work\c1e1d8ccf6867220\vulcan\vulcantests\bin\anycpu\sign\vulcan.tests.dll" id="195ddd83-238f-1554-003a-e02d5e3c98d1">
      <Execution id="a0133d59-9ae6-4368-b57e-8f2a4c3d27da" />
      <TestMethod codeBase="C:/BuildAgent/work/c1e1d8ccf6867220/Vulcan/VulcanTests/bin/AnyCPU/Sign/Vulcan.Tests.DLL" adapterTypeName="Microsoft.VisualStudio.TestTools.TestTypes.Unit.UnitTestAdapter, Microsoft.VisualStudio.QualityTools.Tips.UnitTest.Adapter, Version=10.0.0.0, Culture=neutral, PublicKeyToken=b03f5f7f11d50a3a" className="VulcanTests.AstLowererTableTests, Vulcan.Tests, Version=1.0.0.0, Culture=neutral, PublicKeyToken=null" name="Table_PrimaryKey_ColumnProperties" />
    </UnitTest>
    <UnitTest name="RowCount_Basic" storage="c:\buildagent\work\c1e1d8ccf6867220\vulcan\vulcantests\bin\anycpu\sign\vulcan.tests.dll" id="fd091ad0-0026-e8cb-4532-61439aba3edc">
      <Execution id="90c8e761-639f-4a2a-ad35-988d945ccb35" />
      <TestMethod codeBase="C:/BuildAgent/work/c1e1d8ccf6867220/Vulcan/VulcanTests/bin/AnyCPU/Sign/Vulcan.Tests.DLL" adapterTypeName="Microsoft.VisualStudio.TestTools.TestTypes.Unit.UnitTestAdapter, Microsoft.VisualStudio.QualityTools.Tips.UnitTest.Adapter, Version=10.0.0.0, Culture=neutral, PublicKeyToken=b03f5f7f11d50a3a" className="VulcanTests.Ssis2008EmitterTests.Ssis2008EmitterEtlTests, Vulcan.Tests, Version=1.0.0.0, Culture=neutral, PublicKeyToken=null" name="RowCount_Basic" />
    </UnitTest>
    <UnitTest name="Package_ConnectionWithUserName" storage="c:\buildagent\work\c1e1d8ccf6867220\vulcan\vulcantests\bin\anycpu\sign\vulcan.tests.dll" id="a08fc025-6f0a-d78a-9ba4-1578891206bf">
      <Execution id="a6ca3762-4f71-4fa6-b82a-1bf900bb005e" />
      <TestMethod codeBase="C:/BuildAgent/work/c1e1d8ccf6867220/Vulcan/VulcanTests/bin/AnyCPU/Sign/Vulcan.Tests.DLL" adapterTypeName="Microsoft.VisualStudio.TestTools.TestTypes.Unit.UnitTestAdapter, Microsoft.VisualStudio.QualityTools.Tips.UnitTest.Adapter, Version=10.0.0.0, Culture=neutral, PublicKeyToken=b03f5f7f11d50a3a" className="VulcanTests.Ssis2008EmitterTests.Ssis2008EmitterPackageTests, Vulcan.Tests, Version=1.0.0.0, Culture=neutral, PublicKeyToken=null" name="Package_ConnectionWithUserName" />
    </UnitTest>
    <UnitTest name="Package_LogProvider" storage="c:\buildagent\work\c1e1d8ccf6867220\vulcan\vulcantests\bin\anycpu\sign\vulcan.tests.dll" id="4a09165f-fd6d-59ce-b502-6f2f82bf14cc">
      <Execution id="07a9c520-2d85-4035-9507-29e92674b6ad" />
      <TestMethod codeBase="C:/BuildAgent/work/c1e1d8ccf6867220/Vulcan/VulcanTests/bin/AnyCPU/Sign/Vulcan.Tests.DLL" adapterTypeName="Microsoft.VisualStudio.TestTools.TestTypes.Unit.UnitTestAdapter, Microsoft.VisualStudio.QualityTools.Tips.UnitTest.Adapter, Version=10.0.0.0, Culture=neutral, PublicKeyToken=b03f5f7f11d50a3a" className="VulcanTests.SsisEmitterTests.SsisEmitterPackageTests, Vulcan.Tests, Version=1.0.0.0, Culture=neutral, PublicKeyToken=null" name="Package_LogProvider" />
    </UnitTest>
    <UnitTest name="CloneTable_FullTable_CloneAllTrueAndAddColumns" storage="c:\buildagent\work\c1e1d8ccf6867220\vulcan\vulcantests\bin\anycpu\sign\vulcan.tests.dll" id="e6f45300-5677-d38d-23e4-e88bfb5fcaf1">
      <Execution id="e96042cb-6ff3-4806-b8e1-9a57740890c1" />
      <TestMethod codeBase="C:/BuildAgent/work/c1e1d8ccf6867220/Vulcan/VulcanTests/bin/AnyCPU/Sign/Vulcan.Tests.DLL" adapterTypeName="Microsoft.VisualStudio.TestTools.TestTypes.Unit.UnitTestAdapter, Microsoft.VisualStudio.QualityTools.Tips.UnitTest.Adapter, Version=10.0.0.0, Culture=neutral, PublicKeyToken=b03f5f7f11d50a3a" className="VulcanTests.AstLowererCloneTableTests, Vulcan.Tests, Version=1.0.0.0, Culture=neutral, PublicKeyToken=null" name="CloneTable_FullTable_CloneAllTrueAndAddColumns" />
    </UnitTest>
    <UnitTest name="CloneTable_CloneKeys" storage="c:\buildagent\work\c1e1d8ccf6867220\vulcan\vulcantests\bin\anycpu\sign\vulcan.tests.dll" id="d0727025-2ff3-0657-16c9-24b3598ec684">
      <Execution id="c76c84eb-ce32-4cad-9d4d-343646588eec" />
      <TestMethod codeBase="C:/BuildAgent/work/c1e1d8ccf6867220/Vulcan/VulcanTests/bin/AnyCPU/Sign/Vulcan.Tests.DLL" adapterTypeName="Microsoft.VisualStudio.TestTools.TestTypes.Unit.UnitTestAdapter, Microsoft.VisualStudio.QualityTools.Tips.UnitTest.Adapter, Version=10.0.0.0, Culture=neutral, PublicKeyToken=b03f5f7f11d50a3a" className="VulcanTests.AstLowererCloneTableTests, Vulcan.Tests, Version=1.0.0.0, Culture=neutral, PublicKeyToken=null" name="CloneTable_CloneKeys" />
    </UnitTest>
    <UnitTest name="Etl_Transformations_XmlSourceBasic" storage="c:\buildagent\work\c1e1d8ccf6867220\vulcan\vulcantests\bin\anycpu\sign\vulcan.tests.dll" id="d96886ac-74d3-8710-f587-2717d994ab66">
      <Execution id="199dbd13-b183-425c-9de6-ffc303a4aed6" />
      <TestMethod codeBase="C:/BuildAgent/work/c1e1d8ccf6867220/Vulcan/VulcanTests/bin/AnyCPU/Sign/Vulcan.Tests.DLL" adapterTypeName="Microsoft.VisualStudio.TestTools.TestTypes.Unit.UnitTestAdapter, Microsoft.VisualStudio.QualityTools.Tips.UnitTest.Adapter, Version=10.0.0.0, Culture=neutral, PublicKeyToken=b03f5f7f11d50a3a" className="VulcanTests.Ssis2008EmitterTests.Ssis2008EmitterEtlTests, Vulcan.Tests, Version=1.0.0.0, Culture=neutral, PublicKeyToken=null" name="Etl_Transformations_XmlSourceBasic" />
    </UnitTest>
    <UnitTest name="Package_Events" storage="c:\buildagent\work\c1e1d8ccf6867220\vulcan\vulcantests\bin\anycpu\sign\vulcan.tests.dll" id="e18bf159-229c-04e5-8a07-d39cf1271df5">
      <Execution id="5167f76f-d801-413f-b376-f68b5989a87b" />
      <TestMethod codeBase="C:/BuildAgent/work/c1e1d8ccf6867220/Vulcan/VulcanTests/bin/AnyCPU/Sign/Vulcan.Tests.DLL" adapterTypeName="Microsoft.VisualStudio.TestTools.TestTypes.Unit.UnitTestAdapter, Microsoft.VisualStudio.QualityTools.Tips.UnitTest.Adapter, Version=10.0.0.0, Culture=neutral, PublicKeyToken=b03f5f7f11d50a3a" className="VulcanTests.Ssis2008EmitterTests.Ssis2008EmitterPackageTests, Vulcan.Tests, Version=1.0.0.0, Culture=neutral, PublicKeyToken=null" name="Package_Events" />
    </UnitTest>
    <UnitTest name="Table_IdentityKey_Basic" storage="c:\buildagent\work\c1e1d8ccf6867220\vulcan\vulcantests\bin\anycpu\sign\vulcan.tests.dll" id="1aa5bc09-8ba9-9bfc-d262-48ae29077ca1">
      <Execution id="df4573b1-d8f0-4893-8d9b-b7309f8a997a" />
      <TestMethod codeBase="C:/BuildAgent/work/c1e1d8ccf6867220/Vulcan/VulcanTests/bin/AnyCPU/Sign/Vulcan.Tests.DLL" adapterTypeName="Microsoft.VisualStudio.TestTools.TestTypes.Unit.UnitTestAdapter, Microsoft.VisualStudio.QualityTools.Tips.UnitTest.Adapter, Version=10.0.0.0, Culture=neutral, PublicKeyToken=b03f5f7f11d50a3a" className="VulcanTests.AstLowererTableTests, Vulcan.Tests, Version=1.0.0.0, Culture=neutral, PublicKeyToken=null" name="Table_IdentityKey_Basic" />
    </UnitTest>
    <UnitTest name="CloneTable_FullTable_CloneAllFalseAndAddColumns" storage="c:\buildagent\work\c1e1d8ccf6867220\vulcan\vulcantests\bin\anycpu\sign\vulcan.tests.dll" id="1c2aeaf1-8a28-f7e3-e12e-03d583f84c85">
      <Execution id="f0c51264-fc80-4faa-893a-bfd5536bfad7" />
      <TestMethod codeBase="C:/BuildAgent/work/c1e1d8ccf6867220/Vulcan/VulcanTests/bin/AnyCPU/Sign/Vulcan.Tests.DLL" adapterTypeName="Microsoft.VisualStudio.TestTools.TestTypes.Unit.UnitTestAdapter, Microsoft.VisualStudio.QualityTools.Tips.UnitTest.Adapter, Version=10.0.0.0, Culture=neutral, PublicKeyToken=b03f5f7f11d50a3a" className="VulcanTests.AstLowererCloneTableTests, Vulcan.Tests, Version=1.0.0.0, Culture=neutral, PublicKeyToken=null" name="CloneTable_FullTable_CloneAllFalseAndAddColumns" />
    </UnitTest>
    <UnitTest name="Cube_ClientNotification" storage="c:\buildagent\work\c1e1d8ccf6867220\vulcan\vulcantests\bin\anycpu\sign\vulcan.tests.dll" id="edc0ac61-b7cf-4b5e-1f0c-4217dfc012dc">
      <Execution id="8bc9fc4c-2fca-4e55-a2d5-80fed9bb5746" />
      <TestMethod codeBase="C:/BuildAgent/work/c1e1d8ccf6867220/Vulcan/VulcanTests/bin/AnyCPU/Sign/Vulcan.Tests.DLL" adapterTypeName="Microsoft.VisualStudio.TestTools.TestTypes.Unit.UnitTestAdapter, Microsoft.VisualStudio.QualityTools.Tips.UnitTest.Adapter, Version=10.0.0.0, Culture=neutral, PublicKeyToken=b03f5f7f11d50a3a" className="VulcanTests.Ssas2008EmitterTests.Ssas2008EmitterPartitionTests, Vulcan.Tests, Version=1.0.0.0, Culture=neutral, PublicKeyToken=null" name="Cube_ClientNotification" />
    </UnitTest>
    <UnitTest name="AnalysisServicesExecuteDdl_DirectInput" storage="c:\buildagent\work\c1e1d8ccf6867220\vulcan\vulcantests\bin\anycpu\sign\vulcan.tests.dll" id="a121ec7e-2f98-0954-3d5f-a6f4078e8ffd">
      <Execution id="67a8010c-62cb-4744-9627-0931870e8fe7" />
      <TestMethod codeBase="C:/BuildAgent/work/c1e1d8ccf6867220/Vulcan/VulcanTests/bin/AnyCPU/Sign/Vulcan.Tests.DLL" adapterTypeName="Microsoft.VisualStudio.TestTools.TestTypes.Unit.UnitTestAdapter, Microsoft.VisualStudio.QualityTools.Tips.UnitTest.Adapter, Version=10.0.0.0, Culture=neutral, PublicKeyToken=b03f5f7f11d50a3a" className="VulcanTests.SsisEmitterTests.SsisEmitterTaskTests, Vulcan.Tests, Version=1.0.0.0, Culture=neutral, PublicKeyToken=null" name="AnalysisServicesExecuteDdl_DirectInput" />
    </UnitTest>
    <UnitTest name="Merge_IsolationLevel" storage="c:\buildagent\work\c1e1d8ccf6867220\vulcan\vulcantests\bin\anycpu\sign\vulcan.tests.dll" id="b94b74f3-8e2d-f9c4-39d4-1fb6264ef490">
      <Execution id="a21639e8-6bf5-4595-8a5b-ce92629ffa43" />
      <TestMethod codeBase="C:/BuildAgent/work/c1e1d8ccf6867220/Vulcan/VulcanTests/bin/AnyCPU/Sign/Vulcan.Tests.DLL" adapterTypeName="Microsoft.VisualStudio.TestTools.TestTypes.Unit.UnitTestAdapter, Microsoft.VisualStudio.QualityTools.Tips.UnitTest.Adapter, Version=10.0.0.0, Culture=neutral, PublicKeyToken=b03f5f7f11d50a3a" className="VulcanTests.AstLowererPackageTests, Vulcan.Tests, Version=1.0.0.0, Culture=neutral, PublicKeyToken=null" name="Merge_IsolationLevel" />
    </UnitTest>
    <UnitTest name="Cube_Hierarchy" storage="c:\buildagent\work\c1e1d8ccf6867220\vulcan\vulcantests\bin\anycpu\sign\vulcan.tests.dll" id="149374da-a406-d08a-f492-570df8a8565b">
      <Execution id="2c1a3336-c4ca-4cf4-964e-9330b0105881" />
      <TestMethod codeBase="C:/BuildAgent/work/c1e1d8ccf6867220/Vulcan/VulcanTests/bin/AnyCPU/Sign/Vulcan.Tests.DLL" adapterTypeName="Microsoft.VisualStudio.TestTools.TestTypes.Unit.UnitTestAdapter, Microsoft.VisualStudio.QualityTools.Tips.UnitTest.Adapter, Version=10.0.0.0, Culture=neutral, PublicKeyToken=b03f5f7f11d50a3a" className="VulcanTests.Ssas2008EmitterTests.Ssas2008EmitterCubeTests, Vulcan.Tests, Version=1.0.0.0, Culture=neutral, PublicKeyToken=null" name="Cube_Hierarchy" />
    </UnitTest>
    <UnitTest name="Hierarchy_IsNatural" storage="c:\buildagent\work\c1e1d8ccf6867220\vulcan\vulcantests\bin\anycpu\sign\vulcan.tests.dll" id="16008278-016e-ae6f-8df0-cbe77beab160">
      <Execution id="3ece5251-6052-4286-9726-3fae23e51a0b" />
      <TestMethod codeBase="C:/BuildAgent/work/c1e1d8ccf6867220/Vulcan/VulcanTests/bin/AnyCPU/Sign/Vulcan.Tests.DLL" adapterTypeName="Microsoft.VisualStudio.TestTools.TestTypes.Unit.UnitTestAdapter, Microsoft.VisualStudio.QualityTools.Tips.UnitTest.Adapter, Version=10.0.0.0, Culture=neutral, PublicKeyToken=b03f5f7f11d50a3a" className="VulcanTests.AstDimensionHierarchyNodeTests, Vulcan.Tests, Version=1.0.0.0, Culture=neutral, PublicKeyToken=null" name="Hierarchy_IsNatural" />
    </UnitTest>
    <UnitTest name="TestRemoveWithChildrenClearMethodology" storage="c:\buildagent\work\c1e1d8ccf6867220\vulcan\vulcantests\bin\anycpu\sign\vulcan.tests.dll" id="54eae71b-37cd-b0e8-bc13-a0f55b616fee">
      <Execution id="32496fbd-1ab2-48c1-89f1-195238599849" />
      <TestMethod codeBase="C:/BuildAgent/work/c1e1d8ccf6867220/Vulcan/VulcanTests/bin/AnyCPU/Sign/Vulcan.Tests.DLL" adapterTypeName="Microsoft.VisualStudio.TestTools.TestTypes.Unit.UnitTestAdapter, Microsoft.VisualStudio.QualityTools.Tips.UnitTest.Adapter, Version=10.0.0.0, Culture=neutral, PublicKeyToken=b03f5f7f11d50a3a" className="UtilityTest.TreeNodeTest, Vulcan.Tests, Version=1.0.0.0, Culture=neutral, PublicKeyToken=null" name="TestRemoveWithChildrenClearMethodology" />
    </UnitTest>
    <UnitTest name="Etl_Transformations_DestinationBasic" storage="c:\buildagent\work\c1e1d8ccf6867220\vulcan\vulcantests\bin\anycpu\sign\vulcan.tests.dll" id="9cba9362-7146-62fe-3c78-2cdcad704ef4">
      <Execution id="3c55f914-0c05-4c86-9d8b-f22d93512ed7" />
      <TestMethod codeBase="C:/BuildAgent/work/c1e1d8ccf6867220/Vulcan/VulcanTests/bin/AnyCPU/Sign/Vulcan.Tests.DLL" adapterTypeName="Microsoft.VisualStudio.TestTools.TestTypes.Unit.UnitTestAdapter, Microsoft.VisualStudio.QualityTools.Tips.UnitTest.Adapter, Version=10.0.0.0, Culture=neutral, PublicKeyToken=b03f5f7f11d50a3a" className="VulcanTests.Ssis2008EmitterTests.Ssis2008EmitterEtlTests, Vulcan.Tests, Version=1.0.0.0, Culture=neutral, PublicKeyToken=null" name="Etl_Transformations_DestinationBasic" />
    </UnitTest>
    <UnitTest name="Etl_Transformations_UnionAllTransformationOrder" storage="c:\buildagent\work\c1e1d8ccf6867220\vulcan\vulcantests\bin\anycpu\sign\vulcan.tests.dll" id="3b833b69-9671-5e37-280b-4a560568e333">
      <Execution id="5052f954-0d27-40ee-8907-836529bcd97e" />
      <TestMethod codeBase="C:/BuildAgent/work/c1e1d8ccf6867220/Vulcan/VulcanTests/bin/AnyCPU/Sign/Vulcan.Tests.DLL" adapterTypeName="Microsoft.VisualStudio.TestTools.TestTypes.Unit.UnitTestAdapter, Microsoft.VisualStudio.QualityTools.Tips.UnitTest.Adapter, Version=10.0.0.0, Culture=neutral, PublicKeyToken=b03f5f7f11d50a3a" className="VulcanTests.Ssis2008EmitterTests.Ssis2008EmitterEtlTests, Vulcan.Tests, Version=1.0.0.0, Culture=neutral, PublicKeyToken=null" name="Etl_Transformations_UnionAllTransformationOrder" />
    </UnitTest>
    <UnitTest name="Table_PrimaryKey_Basic" storage="c:\buildagent\work\c1e1d8ccf6867220\vulcan\vulcantests\bin\anycpu\sign\vulcan.tests.dll" id="9c61f27b-88db-f5d1-7a06-8c599b2166e9">
      <Execution id="1c13c027-be91-4c34-8414-fd98e8beda06" />
      <TestMethod codeBase="C:/BuildAgent/work/c1e1d8ccf6867220/Vulcan/VulcanTests/bin/AnyCPU/Sign/Vulcan.Tests.DLL" adapterTypeName="Microsoft.VisualStudio.TestTools.TestTypes.Unit.UnitTestAdapter, Microsoft.VisualStudio.QualityTools.Tips.UnitTest.Adapter, Version=10.0.0.0, Culture=neutral, PublicKeyToken=b03f5f7f11d50a3a" className="VulcanTests.AstLowererTableTests, Vulcan.Tests, Version=1.0.0.0, Culture=neutral, PublicKeyToken=null" name="Table_PrimaryKey_Basic" />
    </UnitTest>
    <UnitTest name="Table_UniqueKey_Basic" storage="c:\buildagent\work\c1e1d8ccf6867220\vulcan\vulcantests\bin\anycpu\sign\vulcan.tests.dll" id="018605e8-df01-984e-0a0d-37a9e4f7511c">
      <Execution id="5c543dcd-f9bd-4da4-96ae-355921cd59b5" />
      <TestMethod codeBase="C:/BuildAgent/work/c1e1d8ccf6867220/Vulcan/VulcanTests/bin/AnyCPU/Sign/Vulcan.Tests.DLL" adapterTypeName="Microsoft.VisualStudio.TestTools.TestTypes.Unit.UnitTestAdapter, Microsoft.VisualStudio.QualityTools.Tips.UnitTest.Adapter, Version=10.0.0.0, Culture=neutral, PublicKeyToken=b03f5f7f11d50a3a" className="VulcanTests.AstLowererTableTests, Vulcan.Tests, Version=1.0.0.0, Culture=neutral, PublicKeyToken=null" name="Table_UniqueKey_Basic" />
    </UnitTest>
  </TestDefinitions>
  <TestLists>
    <TestList name="Results Not in a List" id="8c84fa94-04c1-424b-9868-57a2d4851a1d" />
    <TestList name="All Loaded Results" id="19431567-8539-422a-85d7-44ee4e166bda" />
  </TestLists>
  <TestEntries>
    <TestEntry testId="9d82caa3-2688-30e5-555f-9721f9e3e18e" executionId="148729ea-c21d-4269-8a02-9073758a498f" testListId="8c84fa94-04c1-424b-9868-57a2d4851a1d" />
    <TestEntry testId="c23f99e9-b8f4-f983-f028-1c3e59cb8750" executionId="3c7717f5-5a00-4c21-8576-024a55fe6b71" testListId="8c84fa94-04c1-424b-9868-57a2d4851a1d" />
    <TestEntry testId="b7dcdc76-44bc-f7da-aaf6-0bc400532718" executionId="1282d05a-7d82-4e49-a3c3-bb5b9c9038d4" testListId="8c84fa94-04c1-424b-9868-57a2d4851a1d" />
    <TestEntry testId="54eae71b-37cd-b0e8-bc13-a0f55b616fee" executionId="32496fbd-1ab2-48c1-89f1-195238599849" testListId="8c84fa94-04c1-424b-9868-57a2d4851a1d" />
    <TestEntry testId="8404b6b9-0823-d03a-4459-6356f7acd186" executionId="4e3f0f39-94a9-4908-bbd0-729bbe2df150" testListId="8c84fa94-04c1-424b-9868-57a2d4851a1d" />
    <TestEntry testId="2512de25-33ec-f422-9f7d-ee6a984b4b1b" executionId="f29b131b-83ff-4686-8ff2-53b875afae03" testListId="8c84fa94-04c1-424b-9868-57a2d4851a1d" />
    <TestEntry testId="71f410d6-d6f8-4e26-877b-218a8795b78f" executionId="af670652-a243-4791-8681-addfb057c9f4" testListId="8c84fa94-04c1-424b-9868-57a2d4851a1d" />
    <TestEntry testId="7b648b89-48ea-a5ca-3eec-30486a670978" executionId="892d48da-45c2-41a3-8be8-802a40b6cf85" testListId="8c84fa94-04c1-424b-9868-57a2d4851a1d" />
    <TestEntry testId="e3e90e19-a891-de78-0082-84ca03c5431e" executionId="afdc9a40-537d-4624-bc80-a8a06e25f14e" testListId="8c84fa94-04c1-424b-9868-57a2d4851a1d" />
    <TestEntry testId="16008278-016e-ae6f-8df0-cbe77beab160" executionId="3ece5251-6052-4286-9726-3fae23e51a0b" testListId="8c84fa94-04c1-424b-9868-57a2d4851a1d" />
    <TestEntry testId="7ff1df09-c9b6-9a24-426c-e4ad20e41201" executionId="3c5f8648-f646-4fd9-b137-e964bb33a38b" testListId="8c84fa94-04c1-424b-9868-57a2d4851a1d" />
    <TestEntry testId="5def7753-7590-4434-c690-bc32c812a2cf" executionId="78bd6c3a-e942-49cf-8e9a-c0d7641a6e39" testListId="8c84fa94-04c1-424b-9868-57a2d4851a1d" />
    <TestEntry testId="0039db06-a76a-1863-016a-1402bcebae48" executionId="5f320648-30e3-4c31-a6b4-b6b6bfd0a507" testListId="8c84fa94-04c1-424b-9868-57a2d4851a1d" />
    <TestEntry testId="876dfb0f-dd35-891f-0f72-e9b557c2bf74" executionId="b86cf1c9-d525-4794-903b-191431c5791f" testListId="8c84fa94-04c1-424b-9868-57a2d4851a1d" />
    <TestEntry testId="48a44f0b-aefa-ae73-f430-5b02d7fe47ab" executionId="81c09e99-59c7-49fa-af81-470d81d37d0d" testListId="8c84fa94-04c1-424b-9868-57a2d4851a1d" />
    <TestEntry testId="acbb402c-05ce-dcf3-1ca5-22f5b8ae3004" executionId="7ac965bf-b604-4ed7-9ffa-113794b942b1" testListId="8c84fa94-04c1-424b-9868-57a2d4851a1d" />
    <TestEntry testId="f019928d-348e-3798-a78c-212935ed13c7" executionId="90038e92-ee9c-431b-8ac6-1992d6ba3842" testListId="8c84fa94-04c1-424b-9868-57a2d4851a1d" />
    <TestEntry testId="87307261-dd35-f781-191d-8a39af1406d6" executionId="a4c7b6b0-b0bb-4a6b-b37d-c9d21e3a8299" testListId="8c84fa94-04c1-424b-9868-57a2d4851a1d" />
    <TestEntry testId="1b1d4ad9-af8e-68a0-7c0f-b10e0a47daf5" executionId="e33656d6-d059-428c-9395-32e53718396e" testListId="8c84fa94-04c1-424b-9868-57a2d4851a1d" />
    <TestEntry testId="e9bb3e36-af74-8175-e00a-24dcd7c7432c" executionId="9173ee03-49e3-4241-98a9-25e24b3fe178" testListId="8c84fa94-04c1-424b-9868-57a2d4851a1d" />
    <TestEntry testId="da3e5ecc-f7ea-f0c6-7b5b-6ece22768e57" executionId="28e86e76-1849-4966-b11f-6d2989e507d2" testListId="8c84fa94-04c1-424b-9868-57a2d4851a1d" />
    <TestEntry testId="490348b4-832d-841e-4d87-33178f2c4291" executionId="0405723b-03f8-4ecb-a334-3cdf579df858" testListId="8c84fa94-04c1-424b-9868-57a2d4851a1d" />
    <TestEntry testId="8258bf30-f91f-2874-b3a5-df7b06aab7b0" executionId="0cac2537-dc18-4bc6-96ea-79bc74e6382d" testListId="8c84fa94-04c1-424b-9868-57a2d4851a1d" />
    <TestEntry testId="80c909dd-1d62-5a64-c407-e1753b053302" executionId="2c4d67bf-9064-4043-8592-981d7f2ef337" testListId="8c84fa94-04c1-424b-9868-57a2d4851a1d" />
    <TestEntry testId="117a3648-616a-6178-f97a-35b41eef5e15" executionId="99f8a6b6-0f62-4120-aa17-a720d599019f" testListId="8c84fa94-04c1-424b-9868-57a2d4851a1d" />
    <TestEntry testId="c4260f19-d172-2d6f-60b6-1cfb14e1ccd2" executionId="c6b31652-e29c-4f04-a5cf-755ba43eee96" testListId="8c84fa94-04c1-424b-9868-57a2d4851a1d" />
    <TestEntry testId="f6881c8f-e5b9-f224-4f99-14987770a668" executionId="9dbbfab7-19dd-4c97-a867-285ebb812287" testListId="8c84fa94-04c1-424b-9868-57a2d4851a1d" />
    <TestEntry testId="d0727025-2ff3-0657-16c9-24b3598ec684" executionId="c76c84eb-ce32-4cad-9d4d-343646588eec" testListId="8c84fa94-04c1-424b-9868-57a2d4851a1d" />
    <TestEntry testId="8eb96cf4-5e6b-f0a4-ecde-6c243a99cb85" executionId="c18b0d1d-16c4-42ee-aee6-adc4e40ea76a" testListId="8c84fa94-04c1-424b-9868-57a2d4851a1d" />
    <TestEntry testId="f6d60fe5-16fc-9129-0c37-82aab28ca4a9" executionId="4b3b8e6f-5098-46e2-8fde-505708272ce0" testListId="8c84fa94-04c1-424b-9868-57a2d4851a1d" />
    <TestEntry testId="1c2aeaf1-8a28-f7e3-e12e-03d583f84c85" executionId="f0c51264-fc80-4faa-893a-bfd5536bfad7" testListId="8c84fa94-04c1-424b-9868-57a2d4851a1d" />
    <TestEntry testId="61beb98f-b897-c33e-a8ea-3c00c3a291ca" executionId="0fd175da-b81a-464c-92b2-a204c09e10d8" testListId="8c84fa94-04c1-424b-9868-57a2d4851a1d" />
    <TestEntry testId="648558f8-12c1-aa8a-c829-f0d56c297ac4" executionId="374f2f02-c118-4f84-8fee-4d2d99786cc6" testListId="8c84fa94-04c1-424b-9868-57a2d4851a1d" />
    <TestEntry testId="e6f45300-5677-d38d-23e4-e88bfb5fcaf1" executionId="e96042cb-6ff3-4806-b8e1-9a57740890c1" testListId="8c84fa94-04c1-424b-9868-57a2d4851a1d" />
    <TestEntry testId="8cd1c51f-c952-4e72-62a8-935fa1f81048" executionId="55d4f0a8-35c0-4809-b073-be4405abac2d" testListId="8c84fa94-04c1-424b-9868-57a2d4851a1d" />
    <TestEntry testId="5dbbe750-7e4b-8965-656e-2ad3bb0409af" executionId="9b9ee160-3ce1-443f-9ee0-e79e5415b187" testListId="8c84fa94-04c1-424b-9868-57a2d4851a1d" />
    <TestEntry testId="cb2b613c-5eec-2ca0-e1d0-1b34a5951599" executionId="9ab04b6e-93d1-483d-84b8-cc1f71042ada" testListId="8c84fa94-04c1-424b-9868-57a2d4851a1d" />
    <TestEntry testId="823bf34e-0f3e-d533-b40a-6691931a899a" executionId="b64045ec-57f3-44cc-aaee-c1a8e8b73379" testListId="8c84fa94-04c1-424b-9868-57a2d4851a1d" />
    <TestEntry testId="90971743-6d6c-ef70-cbb6-fb8071ff5bec" executionId="665ed76c-b772-4b9d-9d1a-5cb26a0c9763" testListId="8c84fa94-04c1-424b-9868-57a2d4851a1d" />
    <TestEntry testId="7e219c81-b5b6-4142-b628-2992ef2ab400" executionId="b22c2cba-b704-470b-ac38-35f116c76c09" testListId="8c84fa94-04c1-424b-9868-57a2d4851a1d" />
    <TestEntry testId="9ddcab80-70b4-f705-00e1-5039e853b32f" executionId="8aecbc29-d5c0-4052-bbdb-f3783872d2ca" testListId="8c84fa94-04c1-424b-9868-57a2d4851a1d" />
    <TestEntry testId="5da6a91f-1090-11f6-ecb0-da20b3ecd886" executionId="a0c28b1b-c89c-461b-8355-3f52d323ab6e" testListId="8c84fa94-04c1-424b-9868-57a2d4851a1d" />
    <TestEntry testId="cfe42f3b-4a33-cabb-9ff8-474703335ca1" executionId="29e8d710-05c3-46c8-9dee-6bd60a3e52de" testListId="8c84fa94-04c1-424b-9868-57a2d4851a1d" />
    <TestEntry testId="5deb5ca0-b4cf-175c-ab57-0da2ac0f7954" executionId="f71aa900-69ac-475e-9b38-08a2a022312d" testListId="8c84fa94-04c1-424b-9868-57a2d4851a1d" />
    <TestEntry testId="777ee719-aa8b-88e8-a4ed-f77907bca48a" executionId="7a1ea0ed-ae69-445c-ad65-575c056870e3" testListId="8c84fa94-04c1-424b-9868-57a2d4851a1d" />
    <TestEntry testId="d4bbed1f-634b-1eee-a2ee-371e02c0f287" executionId="d79a27da-6eef-4553-8fcc-2b8f64d4596f" testListId="8c84fa94-04c1-424b-9868-57a2d4851a1d" />
    <TestEntry testId="58a100a9-15d3-004e-f1a5-b2681a39f748" executionId="259c343f-750b-444f-8b57-0506cdda5af0" testListId="8c84fa94-04c1-424b-9868-57a2d4851a1d" />
    <TestEntry testId="17eb71f4-4807-c909-2838-08a7ed78fb3e" executionId="59191799-789c-4c4f-becf-f9aad96e967f" testListId="8c84fa94-04c1-424b-9868-57a2d4851a1d" />
    <TestEntry testId="9345f3da-6d13-b8bd-48f5-f42a231290fc" executionId="b0f0a68f-cac0-4ced-9eaa-adf955f29876" testListId="8c84fa94-04c1-424b-9868-57a2d4851a1d" />
    <TestEntry testId="285b343d-847d-9a92-937a-e203668515cf" executionId="edba845b-95cd-4d95-ba01-57398556185f" testListId="8c84fa94-04c1-424b-9868-57a2d4851a1d" />
    <TestEntry testId="f7d965da-0c6c-76ef-3528-5ed5d87a239e" executionId="bd4646f5-441a-4ff9-a0ee-2ff8ef5588e0" testListId="8c84fa94-04c1-424b-9868-57a2d4851a1d" />
    <TestEntry testId="63880208-b526-c058-ea9d-49202d599497" executionId="10e78ea9-03ba-4d37-90b5-6eefd55c61bb" testListId="8c84fa94-04c1-424b-9868-57a2d4851a1d" />
    <TestEntry testId="0fad9a47-d5ef-e9a4-4ce7-ab1c54dbf305" executionId="85111972-2e9c-4a87-9388-c6b88193b90c" testListId="8c84fa94-04c1-424b-9868-57a2d4851a1d" />
    <TestEntry testId="81d07ce2-30e7-d151-1e23-3d5a80dfc210" executionId="2f0cec05-aba4-45f9-a52e-b6aae88207a5" testListId="8c84fa94-04c1-424b-9868-57a2d4851a1d" />
    <TestEntry testId="01cd0809-f465-d039-ac73-353f51a7ff0d" executionId="fc9cfaf6-5898-46d0-85fb-397b1bc528c6" testListId="8c84fa94-04c1-424b-9868-57a2d4851a1d" />
    <TestEntry testId="7aa5c5d7-9f22-0c87-8d06-93de7695f9cd" executionId="4dc5ccae-b045-444f-a59f-1c899024159b" testListId="8c84fa94-04c1-424b-9868-57a2d4851a1d" />
    <TestEntry testId="60fd485a-fe26-c4fc-bb36-ef041cad84df" executionId="cf4f203f-3a53-49b4-a1aa-1460802053a4" testListId="8c84fa94-04c1-424b-9868-57a2d4851a1d" />
    <TestEntry testId="b94b74f3-8e2d-f9c4-39d4-1fb6264ef490" executionId="a21639e8-6bf5-4595-8a5b-ce92629ffa43" testListId="8c84fa94-04c1-424b-9868-57a2d4851a1d" />
    <TestEntry testId="39cc03e7-ef0f-cad1-a022-accc8bba6319" executionId="a3299dfb-2485-40c5-bb7c-d17c5b7ee8f4" testListId="8c84fa94-04c1-424b-9868-57a2d4851a1d" />
    <TestEntry testId="ce16c7bf-061b-8426-557f-547f0720287b" executionId="adce4e7a-fe63-4fdc-b23e-96fb6a7186d9" testListId="8c84fa94-04c1-424b-9868-57a2d4851a1d" />
    <TestEntry testId="df417eee-2587-b4a7-9b4b-5d955fdd5d8b" executionId="4b093dc4-33af-4f70-826d-a3d2d07a7603" testListId="8c84fa94-04c1-424b-9868-57a2d4851a1d" />
    <TestEntry testId="2d1222c2-5a86-cdd3-5c38-37723763be17" executionId="b93ee08f-8162-41c2-9c9d-53d7cb43d217" testListId="8c84fa94-04c1-424b-9868-57a2d4851a1d" />
    <TestEntry testId="1be47856-2711-72e7-2877-d20464c10aed" executionId="83ba936f-9530-4b2a-8ac4-d757ba59c1a7" testListId="8c84fa94-04c1-424b-9868-57a2d4851a1d" />
    <TestEntry testId="8208ce8e-4623-50ba-7d41-e7d571fde043" executionId="f4cfacbc-76b9-4c52-af81-f92cd16a2fbd" testListId="8c84fa94-04c1-424b-9868-57a2d4851a1d" />
    <TestEntry testId="94157383-91f7-0549-5b19-c7399d37a967" executionId="1b71c249-3944-4d9c-8ec3-999fc657c4d7" testListId="8c84fa94-04c1-424b-9868-57a2d4851a1d" />
    <TestEntry testId="e2c638c7-aa81-5c41-2279-e79d49c4bfd0" executionId="8a9dc171-7df7-4839-9904-631671a9564b" testListId="8c84fa94-04c1-424b-9868-57a2d4851a1d" />
    <TestEntry testId="6500e344-3c21-1255-002f-e8123cbdf729" executionId="50956b4a-6f56-4aa9-ad66-32d110e55949" testListId="8c84fa94-04c1-424b-9868-57a2d4851a1d" />
    <TestEntry testId="6b877421-5707-97e0-97c7-e782922ca1ad" executionId="82bea249-53d9-4ade-9553-1bad6963aedf" testListId="8c84fa94-04c1-424b-9868-57a2d4851a1d" />
    <TestEntry testId="f7be0885-34af-c0d2-b74b-f8d5a5e3a795" executionId="91230a5d-5d51-4fcd-bede-0938d657835e" testListId="8c84fa94-04c1-424b-9868-57a2d4851a1d" />
    <TestEntry testId="e14b5b3b-4656-87d2-543d-14601f0f628d" executionId="5bcca82b-2669-41eb-b385-7c5b308d5c47" testListId="8c84fa94-04c1-424b-9868-57a2d4851a1d" />
    <TestEntry testId="f4a85836-8c32-fb28-ffcb-6401d7e9b590" executionId="98c7fa9f-276b-4538-9c01-9cec2cb31ac1" testListId="8c84fa94-04c1-424b-9868-57a2d4851a1d" />
    <TestEntry testId="e22dfcc3-ffd5-2132-f085-ac0749af87c9" executionId="8d1226b8-3e63-4c69-b641-c80d58226d6a" testListId="8c84fa94-04c1-424b-9868-57a2d4851a1d" />
    <TestEntry testId="ff0e7abc-c5ee-40dc-58b7-62698359f3f7" executionId="15637e7b-570a-4760-aae9-20f50f64184b" testListId="8c84fa94-04c1-424b-9868-57a2d4851a1d" />
    <TestEntry testId="457b3044-9413-799b-c6e9-1e4f2e5da8fc" executionId="41a65346-3bf5-4bea-8331-f38dd6845e4f" testListId="8c84fa94-04c1-424b-9868-57a2d4851a1d" />
    <TestEntry testId="5be38c6d-35ee-e447-3092-8c010608bfef" executionId="db6cec14-73c2-46e0-9365-a00d547c4c25" testListId="8c84fa94-04c1-424b-9868-57a2d4851a1d" />
    <TestEntry testId="14385a63-51b1-0380-f32a-f001d10be915" executionId="dc6999cb-ef3b-4044-ab8b-7d536841fb86" testListId="8c84fa94-04c1-424b-9868-57a2d4851a1d" />
    <TestEntry testId="1db5dc0b-acc5-b391-21c6-38e735731bd0" executionId="75a2f4fd-46e7-400d-b48f-e6618cf48d1d" testListId="8c84fa94-04c1-424b-9868-57a2d4851a1d" />
    <TestEntry testId="147eb792-33f0-d224-015a-85c3ba90358c" executionId="742efe9b-80ac-491b-9ec0-c7ef2f808c76" testListId="8c84fa94-04c1-424b-9868-57a2d4851a1d" />
    <TestEntry testId="f9abbf63-7a7f-75fb-23ee-e8740e1f5877" executionId="3f167f7f-f1af-4c47-8f30-c7ebdb96b052" testListId="8c84fa94-04c1-424b-9868-57a2d4851a1d" />
    <TestEntry testId="c1810f9f-f568-0638-2859-751834fcf8b8" executionId="0b0e3541-2f4c-4e4e-b1cc-280a3d3e0f4a" testListId="8c84fa94-04c1-424b-9868-57a2d4851a1d" />
    <TestEntry testId="b42cb581-0ff1-4824-b59d-b562971d3661" executionId="ed1a6ac6-8c4e-481c-b31d-ec1606504ebc" testListId="8c84fa94-04c1-424b-9868-57a2d4851a1d" />
    <TestEntry testId="c72a7203-73ad-ca33-0cbc-63ace5c61baf" executionId="35da3130-5bed-473a-80fe-3ca8e532d4f9" testListId="8c84fa94-04c1-424b-9868-57a2d4851a1d" />
    <TestEntry testId="7a52f4e0-d561-c4b3-66f7-584536cd6ea6" executionId="f9e0c68c-b34b-44d7-8790-6c973d96c35b" testListId="8c84fa94-04c1-424b-9868-57a2d4851a1d" />
    <TestEntry testId="dd8e7ae0-e758-e846-5a93-10f70d19335a" executionId="84143628-9797-467e-8958-fd283656582c" testListId="8c84fa94-04c1-424b-9868-57a2d4851a1d" />
    <TestEntry testId="1fcdadbf-24af-f82b-b5d5-927ef78dfedf" executionId="675aec2d-0580-47fd-b672-a1ef741f655c" testListId="8c84fa94-04c1-424b-9868-57a2d4851a1d" />
    <TestEntry testId="7528a310-3770-c2fe-792d-086a47c766dc" executionId="9c6cdc4f-13ec-413a-8adc-1db479b770ca" testListId="8c84fa94-04c1-424b-9868-57a2d4851a1d" />
    <TestEntry testId="dfa861b4-fd63-28b0-1e1e-0640d1ea88d2" executionId="ac5c7e12-d697-4eaa-96bf-ed150840d122" testListId="8c84fa94-04c1-424b-9868-57a2d4851a1d" />
    <TestEntry testId="924b790b-c7ac-9a05-ed3e-9b44af5df45a" executionId="fcda82f7-fe2a-467b-8acf-e23284b4482b" testListId="8c84fa94-04c1-424b-9868-57a2d4851a1d" />
    <TestEntry testId="d86b9d3b-c2bb-9c4e-801d-ba94f9e7357f" executionId="82ee9aa2-588a-49db-bc34-5d3837ff731b" testListId="8c84fa94-04c1-424b-9868-57a2d4851a1d" />
    <TestEntry testId="b41b8ea5-01e0-b4b1-a895-bc9877bcb53f" executionId="73b699b8-6260-48a2-b0cf-8f9ae65cefc7" testListId="8c84fa94-04c1-424b-9868-57a2d4851a1d" />
    <TestEntry testId="4805e4e8-2c12-2672-ad60-9c4c73a63e32" executionId="44542667-0f31-4436-902f-40af62252a07" testListId="8c84fa94-04c1-424b-9868-57a2d4851a1d" />
    <TestEntry testId="8ffa97a4-94ff-5762-bc24-fa8e3d6a7945" executionId="635278d6-0dec-4d24-8db8-3e1bcf4210e1" testListId="8c84fa94-04c1-424b-9868-57a2d4851a1d" />
    <TestEntry testId="8816bbc5-ea9d-2fdd-6b4e-b000a8ac4f05" executionId="cbb3ed76-2582-4778-aa1a-2940322ca498" testListId="8c84fa94-04c1-424b-9868-57a2d4851a1d" />
    <TestEntry testId="730b45b9-5c6b-baea-1b72-e1e4b0e2c060" executionId="19a88be3-2921-4c5e-83c7-7ebe750c4e73" testListId="8c84fa94-04c1-424b-9868-57a2d4851a1d" />
    <TestEntry testId="1aa5bc09-8ba9-9bfc-d262-48ae29077ca1" executionId="df4573b1-d8f0-4893-8d9b-b7309f8a997a" testListId="8c84fa94-04c1-424b-9868-57a2d4851a1d" />
    <TestEntry testId="7a941737-e78b-d27f-a826-94609f423151" executionId="3b3ee00a-1830-4cf0-9a89-084ba173f132" testListId="8c84fa94-04c1-424b-9868-57a2d4851a1d" />
    <TestEntry testId="70b0e396-a65f-8ff3-5097-2323b999b44d" executionId="74373fc2-c3d7-4f61-a9ee-908a1b9aafd2" testListId="8c84fa94-04c1-424b-9868-57a2d4851a1d" />
    <TestEntry testId="1794d721-1fc2-8b71-8134-425363b09b2a" executionId="fd99fc3d-8d03-481c-adbf-8f06dba3babe" testListId="8c84fa94-04c1-424b-9868-57a2d4851a1d" />
    <TestEntry testId="7debae5a-cbb5-e2ab-ec08-0d9975f39189" executionId="d4eb78d0-a1bb-48ba-a6ed-f9f39ee3c37c" testListId="8c84fa94-04c1-424b-9868-57a2d4851a1d" />
    <TestEntry testId="9a36e55a-a835-253e-6063-dacda3b7f055" executionId="f6c8029b-6f48-49fc-b5f5-f478edfb3948" testListId="8c84fa94-04c1-424b-9868-57a2d4851a1d" />
    <TestEntry testId="9c61f27b-88db-f5d1-7a06-8c599b2166e9" executionId="1c13c027-be91-4c34-8414-fd98e8beda06" testListId="8c84fa94-04c1-424b-9868-57a2d4851a1d" />
    <TestEntry testId="195ddd83-238f-1554-003a-e02d5e3c98d1" executionId="a0133d59-9ae6-4368-b57e-8f2a4c3d27da" testListId="8c84fa94-04c1-424b-9868-57a2d4851a1d" />
    <TestEntry testId="33f820e0-dbd9-ffdb-9239-52c7bf2d596a" executionId="142a168e-4381-4288-a379-b71389a7ade2" testListId="8c84fa94-04c1-424b-9868-57a2d4851a1d" />
    <TestEntry testId="7d14f545-bbf2-2590-6f5e-6e7fc27db82f" executionId="facef0c9-cbe0-4596-b649-533da488cb1f" testListId="8c84fa94-04c1-424b-9868-57a2d4851a1d" />
    <TestEntry testId="7cb124d4-0ee5-dd8a-02e1-96ad4a08d0f0" executionId="2bb97388-1a88-41d5-8f98-7950b42d6951" testListId="8c84fa94-04c1-424b-9868-57a2d4851a1d" />
    <TestEntry testId="5cdf29e9-f21f-1ac1-73c1-8e610507a243" executionId="e57a2081-f288-4b5b-a6d4-970684b3a7b0" testListId="8c84fa94-04c1-424b-9868-57a2d4851a1d" />
    <TestEntry testId="17790aae-7771-59e4-ebb5-a5b327afffbe" executionId="276f7a89-7c2f-480a-9e71-26f3fddf3bc4" testListId="8c84fa94-04c1-424b-9868-57a2d4851a1d" />
    <TestEntry testId="018605e8-df01-984e-0a0d-37a9e4f7511c" executionId="5c543dcd-f9bd-4da4-96ae-355921cd59b5" testListId="8c84fa94-04c1-424b-9868-57a2d4851a1d" />
    <TestEntry testId="d5c6b7ae-1c30-93c6-4fd6-c075f5032b7d" executionId="5f2fed4a-1238-4360-bc82-d9bd7598f973" testListId="8c84fa94-04c1-424b-9868-57a2d4851a1d" />
    <TestEntry testId="5e4e6370-97b6-9dfb-b998-668ff69fd670" executionId="a4c73b48-f644-470f-9cc6-af9c8c162e19" testListId="8c84fa94-04c1-424b-9868-57a2d4851a1d" />
    <TestEntry testId="4d56e203-0b3b-fb28-83e6-b090f90bf976" executionId="904d4d78-1ce8-4c71-a728-16bff94d67be" testListId="8c84fa94-04c1-424b-9868-57a2d4851a1d" />
    <TestEntry testId="6e8aa6c3-f068-5527-7b4d-937cd0de7059" executionId="7231173b-2d9f-47ec-8171-d6f899bb09a3" testListId="8c84fa94-04c1-424b-9868-57a2d4851a1d" />
    <TestEntry testId="44e34b86-55da-39f2-0b4c-f3e3fd71a856" executionId="8feab53e-9cd7-491b-8464-f5f824e916e9" testListId="8c84fa94-04c1-424b-9868-57a2d4851a1d" />
    <TestEntry testId="8ddde8d1-62ee-9348-c793-5d0a6d2eb141" executionId="19711c8f-cffe-4b22-8547-9715340a9837" testListId="8c84fa94-04c1-424b-9868-57a2d4851a1d" />
    <TestEntry testId="c9aac1ae-f2c4-280c-8332-76bc3d13cc9a" executionId="02fa1e0e-7c6b-45e3-9214-f41003a717b4" testListId="8c84fa94-04c1-424b-9868-57a2d4851a1d" />
    <TestEntry testId="cdda292a-f991-f7b6-9404-61cd09b58dde" executionId="f18f4eb4-84ff-41c4-9f76-f2f03389e463" testListId="8c84fa94-04c1-424b-9868-57a2d4851a1d" />
    <TestEntry testId="6d07095c-1369-a08f-3fef-978a01e50c05" executionId="05149d37-ac50-474a-8bfe-44cdf9e2d25e" testListId="8c84fa94-04c1-424b-9868-57a2d4851a1d" />
    <TestEntry testId="1e307603-9cc5-6187-9fd4-c62f632f26fe" executionId="ec1b57a0-8c55-425c-b578-adfbc107530c" testListId="8c84fa94-04c1-424b-9868-57a2d4851a1d" />
    <TestEntry testId="d4dd639d-b29c-4083-c931-9790d67ca557" executionId="68c34049-4f1f-45b9-aac1-20132c042785" testListId="8c84fa94-04c1-424b-9868-57a2d4851a1d" />
    <TestEntry testId="f18c0df0-f29f-8733-55e1-1ec5f73e48e2" executionId="d3c2098f-69e6-4759-8a12-f9cb573af634" testListId="8c84fa94-04c1-424b-9868-57a2d4851a1d" />
    <TestEntry testId="ba62f038-fefc-af41-aaa5-8e542f7f3e57" executionId="9fbf3b70-3407-459b-bb55-02aa96fbddbe" testListId="8c84fa94-04c1-424b-9868-57a2d4851a1d" />
    <TestEntry testId="d401bc94-40ba-afac-53fc-8cf870a428da" executionId="49e8fa71-1abb-4302-8f81-e9e57cbc1358" testListId="8c84fa94-04c1-424b-9868-57a2d4851a1d" />
    <TestEntry testId="b96f406a-8a3c-8f55-a542-9570256fd35b" executionId="464c9644-770d-4631-963c-20240b97e9d3" testListId="8c84fa94-04c1-424b-9868-57a2d4851a1d" />
    <TestEntry testId="149374da-a406-d08a-f492-570df8a8565b" executionId="2c1a3336-c4ca-4cf4-964e-9330b0105881" testListId="8c84fa94-04c1-424b-9868-57a2d4851a1d" />
    <TestEntry testId="3c499f81-2798-1752-241f-2880a3cdf90e" executionId="b2dac860-1da6-42e0-aac8-64a42bc01487" testListId="8c84fa94-04c1-424b-9868-57a2d4851a1d" />
    <TestEntry testId="87cfb13c-90e8-bbed-52ea-aeea27046685" executionId="b891cb08-b697-4bd7-bcff-a80ce81a0e0b" testListId="8c84fa94-04c1-424b-9868-57a2d4851a1d" />
    <TestEntry testId="f778edf3-3682-a6e1-2095-10ef4134e195" executionId="b4a144c3-9f9f-43c6-b871-24772f978bd5" testListId="8c84fa94-04c1-424b-9868-57a2d4851a1d" />
    <TestEntry testId="39da06b8-da9a-5e14-1f69-ff07783ddf10" executionId="6ae099d2-40bf-41c1-bd54-e657bf4db582" testListId="8c84fa94-04c1-424b-9868-57a2d4851a1d" />
    <TestEntry testId="a0e4c3d2-ce7e-3cb8-f1fa-24cfcba5123f" executionId="50d3981c-4e28-4bc4-b18c-fec639fe9f5c" testListId="8c84fa94-04c1-424b-9868-57a2d4851a1d" />
    <TestEntry testId="f27305fa-985b-eec0-8b4e-8bf6c2a7d716" executionId="e4fd12ce-efcf-4336-880d-82e6518372c6" testListId="8c84fa94-04c1-424b-9868-57a2d4851a1d" />
    <TestEntry testId="cadbaa20-d1c1-cc97-c968-565bf0734170" executionId="383bd49b-f8df-4251-93d5-90423522dc14" testListId="8c84fa94-04c1-424b-9868-57a2d4851a1d" />
    <TestEntry testId="6931d0af-3d95-e098-c636-e32fcb8bf44d" executionId="4eb39ad3-e169-443d-af68-618d8f184f2c" testListId="8c84fa94-04c1-424b-9868-57a2d4851a1d" />
    <TestEntry testId="f147a24d-9e63-3369-32d3-d106a417134a" executionId="2a0db9e1-4c83-4110-ae02-b5276af59d28" testListId="8c84fa94-04c1-424b-9868-57a2d4851a1d" />
    <TestEntry testId="afebadca-06bd-756f-4b81-62072dee04db" executionId="d1997e25-79b7-453b-8975-40f194b34533" testListId="8c84fa94-04c1-424b-9868-57a2d4851a1d" />
    <TestEntry testId="c2fe96f0-b416-c9c0-8421-eed60981585c" executionId="2f63a6b1-553e-4905-b2bf-0cf3af21e5b3" testListId="8c84fa94-04c1-424b-9868-57a2d4851a1d" />
    <TestEntry testId="052695d4-dd39-dbb8-6513-330cf54aff68" executionId="14107201-793e-4b45-9ccf-e0e90f80a7f9" testListId="8c84fa94-04c1-424b-9868-57a2d4851a1d" />
    <TestEntry testId="fc433d90-0595-5f22-037b-9728a623c09d" executionId="6e113d80-9da0-4438-a50a-b45f1bc71a92" testListId="8c84fa94-04c1-424b-9868-57a2d4851a1d" />
    <TestEntry testId="084259f9-104b-4edc-27e9-65e71afa82ca" executionId="894ae5ec-3a04-4f5d-8c69-a52d41029c6d" testListId="8c84fa94-04c1-424b-9868-57a2d4851a1d" />
    <TestEntry testId="d48a9c5a-a080-ca5d-5ae3-be3d31f99a26" executionId="a4c8e232-29de-4d2c-a5f8-51f94340900e" testListId="8c84fa94-04c1-424b-9868-57a2d4851a1d" />
    <TestEntry testId="07bfc2bf-8f18-27b1-ed7f-102a08507d47" executionId="00671891-9b40-4493-835a-17f6e42b032f" testListId="8c84fa94-04c1-424b-9868-57a2d4851a1d" />
    <TestEntry testId="1374a703-4567-74ae-1b14-e9d61384a5da" executionId="940e5f16-25f4-4757-b423-077ec5035d0e" testListId="8c84fa94-04c1-424b-9868-57a2d4851a1d" />
    <TestEntry testId="0f4d3854-a603-b805-ce7b-41e97d4adb57" executionId="cc0e9105-acaf-4dd6-9037-8ae61c728fb2" testListId="8c84fa94-04c1-424b-9868-57a2d4851a1d" />
    <TestEntry testId="edc0ac61-b7cf-4b5e-1f0c-4217dfc012dc" executionId="8bc9fc4c-2fca-4e55-a2d5-80fed9bb5746" testListId="8c84fa94-04c1-424b-9868-57a2d4851a1d" />
    <TestEntry testId="12ee225e-595c-3fb4-2bde-496e7fe93cfd" executionId="b4bcf6ca-c1c0-415c-8846-8ea251b136bc" testListId="8c84fa94-04c1-424b-9868-57a2d4851a1d" />
    <TestEntry testId="f37d4825-54df-ffb1-2b42-ee78db417be7" executionId="1080e5e7-3b8a-4063-923d-d3ca038bc843" testListId="8c84fa94-04c1-424b-9868-57a2d4851a1d" />
    <TestEntry testId="59f45bb5-912b-1d1e-c56c-1e62c1843075" executionId="0b566d3c-5d82-48ce-a54f-27f7c6759b15" testListId="8c84fa94-04c1-424b-9868-57a2d4851a1d" />
    <TestEntry testId="b6cdafe1-1bdd-7ad9-e07a-e76ba6951f5c" executionId="ac334abb-d604-48b2-8f62-a1d237aff4f2" testListId="8c84fa94-04c1-424b-9868-57a2d4851a1d" />
    <TestEntry testId="3d6e1b40-bcf5-4683-b84a-300b3c51c70b" executionId="4a00054d-6740-46f9-aa2d-ba06552374d5" testListId="8c84fa94-04c1-424b-9868-57a2d4851a1d" />
    <TestEntry testId="915d04ef-5c1a-d1d9-e72f-7a21f08bc7ba" executionId="72c7b0c8-135c-4c07-80dc-a92d5ec55396" testListId="8c84fa94-04c1-424b-9868-57a2d4851a1d" />
    <TestEntry testId="1e99d015-ce0d-afee-1013-4d4d8c4fa402" executionId="aa4b3383-d6a8-4150-b17d-750a5c0af296" testListId="8c84fa94-04c1-424b-9868-57a2d4851a1d" />
    <TestEntry testId="4a6cb78a-b307-389f-7fdd-3481b282ae36" executionId="fee595c6-7076-4cfe-8b67-6725720ef2d3" testListId="8c84fa94-04c1-424b-9868-57a2d4851a1d" />
    <TestEntry testId="3f0f6a3f-ef83-9a6c-2580-2ad905ba9f60" executionId="d06dab1b-0277-4a53-9a6e-12c752d3dab2" testListId="8c84fa94-04c1-424b-9868-57a2d4851a1d" />
    <TestEntry testId="6aec4afd-f1f3-4c31-976e-a71daf411788" executionId="911add9e-9532-4fc7-84f9-53a0335dd975" testListId="8c84fa94-04c1-424b-9868-57a2d4851a1d" />
    <TestEntry testId="5a45f3e0-567f-242e-bd09-f554a65dd7fd" executionId="cc19a921-f75b-47fd-a15d-1b04f4ecfa4a" testListId="8c84fa94-04c1-424b-9868-57a2d4851a1d" />
    <TestEntry testId="c6309200-e9dc-6b9b-a398-c794d8303e26" executionId="84450bca-a00c-40ed-8664-d4b7bdebfdc0" testListId="8c84fa94-04c1-424b-9868-57a2d4851a1d" />
    <TestEntry testId="8045d46a-893f-499e-18bf-e084646847d3" executionId="499f5551-d00a-4c21-b410-a65521a03b08" testListId="8c84fa94-04c1-424b-9868-57a2d4851a1d" />
    <TestEntry testId="27b363dc-9b38-9188-939c-74f5ba372eda" executionId="e52e16bd-c263-4761-baa0-7d606f9cd0cb" testListId="8c84fa94-04c1-424b-9868-57a2d4851a1d" />
    <TestEntry testId="3c857393-b29f-2e39-c143-02b7b6bbb145" executionId="48aaba8d-8761-4345-ac98-279efc399eec" testListId="8c84fa94-04c1-424b-9868-57a2d4851a1d" />
    <TestEntry testId="fd850645-e1c9-0a56-9094-55e3a12feaed" executionId="a75cd813-40ec-4941-839b-28bff25a6f53" testListId="8c84fa94-04c1-424b-9868-57a2d4851a1d" />
    <TestEntry testId="0aeabbbd-73b8-76fd-5e33-4bb3acc5ed03" executionId="e6b642d5-aa11-4f25-a5be-7c2a238b1b61" testListId="8c84fa94-04c1-424b-9868-57a2d4851a1d" />
    <TestEntry testId="d3a24021-991f-3b2a-90d4-d6a171dd3009" executionId="b3c5f480-c87b-4ade-822a-67c2ca863977" testListId="8c84fa94-04c1-424b-9868-57a2d4851a1d" />
    <TestEntry testId="c3312d45-b37d-8274-3963-fc92ad9aa6ed" executionId="2ae326af-a175-4a77-9be2-4f9da45243a8" testListId="8c84fa94-04c1-424b-9868-57a2d4851a1d" />
    <TestEntry testId="9cba9362-7146-62fe-3c78-2cdcad704ef4" executionId="3c55f914-0c05-4c86-9d8b-f22d93512ed7" testListId="8c84fa94-04c1-424b-9868-57a2d4851a1d" />
    <TestEntry testId="8bd300d8-482c-9bed-7759-4ad5002a66ac" executionId="69738b09-4e60-464c-a46c-2f5056b72810" testListId="8c84fa94-04c1-424b-9868-57a2d4851a1d" />
    <TestEntry testId="d0ff9554-35c4-a8d1-ef86-6af57fe6d2c8" executionId="cfe25f51-2807-4e54-be52-40f2fe7d873c" testListId="8c84fa94-04c1-424b-9868-57a2d4851a1d" />
    <TestEntry testId="3e115ff5-2a75-450e-cee0-8732dce51137" executionId="5cff87e5-e9c0-4e1d-8437-55f7ce4b8a5c" testListId="8c84fa94-04c1-424b-9868-57a2d4851a1d" />
    <TestEntry testId="88844a1b-445d-b958-dacc-49c120782127" executionId="4fd6162b-1ca1-46c4-81bf-62844c14a7b3" testListId="8c84fa94-04c1-424b-9868-57a2d4851a1d" />
    <TestEntry testId="4b940163-cbb2-9c54-7950-abdc93f18ac5" executionId="dedbce60-8134-45d1-ac0e-d53e988f7877" testListId="8c84fa94-04c1-424b-9868-57a2d4851a1d" />
    <TestEntry testId="764a6571-edf0-ca50-2e31-8819e637f095" executionId="ef6edd53-7183-4ad0-aab8-4c97ad325577" testListId="8c84fa94-04c1-424b-9868-57a2d4851a1d" />
    <TestEntry testId="06bec740-3e5a-2459-0d88-f2d172ca50f1" executionId="22d1f889-48e2-4061-a7af-4dc94b6026bb" testListId="8c84fa94-04c1-424b-9868-57a2d4851a1d" />
    <TestEntry testId="c220c1de-78ab-cca1-a9e0-899de1f3c124" executionId="62de812a-0f77-4c73-9bb5-015dbe14f8ae" testListId="8c84fa94-04c1-424b-9868-57a2d4851a1d" />
    <TestEntry testId="af6a01bf-2e64-46dc-61d0-bcddbc1e955a" executionId="22847bb9-02ac-49ff-97ba-b7452a0039fa" testListId="8c84fa94-04c1-424b-9868-57a2d4851a1d" />
    <TestEntry testId="92bb8e0c-ba4b-d6ba-4651-fe2e90dfed2d" executionId="4aa0a0dd-32ae-48a8-a28f-8700171f017f" testListId="8c84fa94-04c1-424b-9868-57a2d4851a1d" />
    <TestEntry testId="3b833b69-9671-5e37-280b-4a560568e333" executionId="5052f954-0d27-40ee-8907-836529bcd97e" testListId="8c84fa94-04c1-424b-9868-57a2d4851a1d" />
    <TestEntry testId="d96886ac-74d3-8710-f587-2717d994ab66" executionId="199dbd13-b183-425c-9de6-ffc303a4aed6" testListId="8c84fa94-04c1-424b-9868-57a2d4851a1d" />
    <TestEntry testId="fd091ad0-0026-e8cb-4532-61439aba3edc" executionId="90c8e761-639f-4a2a-ad35-988d945ccb35" testListId="8c84fa94-04c1-424b-9868-57a2d4851a1d" />
    <TestEntry testId="d54e5e66-c31a-6313-7c83-b398de2cb619" executionId="5bf68bd4-e1bb-4bb5-be32-512c13519b9b" testListId="8c84fa94-04c1-424b-9868-57a2d4851a1d" />
    <TestEntry testId="a08fc025-6f0a-d78a-9ba4-1578891206bf" executionId="a6ca3762-4f71-4fa6-b82a-1bf900bb005e" testListId="8c84fa94-04c1-424b-9868-57a2d4851a1d" />
    <TestEntry testId="1f44e2f8-0186-39f4-190d-7864da709963" executionId="3666ae1b-3874-42ab-afb6-8a66a742d6e2" testListId="8c84fa94-04c1-424b-9868-57a2d4851a1d" />
    <TestEntry testId="ffcc6b48-3139-43ab-569c-1bffdfd260c6" executionId="9e686810-05ed-45d5-829c-8a8bf69cf2ab" testListId="8c84fa94-04c1-424b-9868-57a2d4851a1d" />
    <TestEntry testId="d8ef532b-e149-a2d9-db12-3134c1176fb8" executionId="24dfef45-d731-4cef-835c-c7d2de0f7677" testListId="8c84fa94-04c1-424b-9868-57a2d4851a1d" />
    <TestEntry testId="e18bf159-229c-04e5-8a07-d39cf1271df5" executionId="5167f76f-d801-413f-b376-f68b5989a87b" testListId="8c84fa94-04c1-424b-9868-57a2d4851a1d" />
    <TestEntry testId="4b398132-89d5-d0e7-05a1-5d816127545d" executionId="badbcbd9-9f70-4412-977f-0c975b604167" testListId="8c84fa94-04c1-424b-9868-57a2d4851a1d" />
    <TestEntry testId="b2309445-5203-8286-ddaa-02c31685a5ba" executionId="8ff0441f-7f0f-4f20-a377-70d7c620af38" testListId="8c84fa94-04c1-424b-9868-57a2d4851a1d" />
    <TestEntry testId="4346f110-d1cb-bb2c-36ac-3e2c82c1df81" executionId="a99e5a7d-0c6a-4cf5-b9f0-7dac07b5d829" testListId="8c84fa94-04c1-424b-9868-57a2d4851a1d" />
    <TestEntry testId="1347e8c4-91aa-be06-f3d0-8e7cda34c889" executionId="96616c28-0085-496c-b65e-b39922e31b36" testListId="8c84fa94-04c1-424b-9868-57a2d4851a1d" />
    <TestEntry testId="dce75f6a-2ef5-1d55-71d0-d1881ce9efb3" executionId="caa081a2-e6b8-4230-bd33-258fe155a406" testListId="8c84fa94-04c1-424b-9868-57a2d4851a1d" />
    <TestEntry testId="0941dd1d-5892-eb80-67e0-c8182f66d4b1" executionId="756f75f7-c6eb-43c5-9ca3-db83fbeab959" testListId="8c84fa94-04c1-424b-9868-57a2d4851a1d" />
    <TestEntry testId="90ee3489-5f1a-9e9a-705c-bfe3bda6f54d" executionId="0afe0725-6fd6-4790-91f6-404a6f3b72df" testListId="8c84fa94-04c1-424b-9868-57a2d4851a1d" />
    <TestEntry testId="3b8bf8eb-26c0-2bec-344a-341bfe514677" executionId="a99749dd-590c-4601-b2a7-e6b0a41bd313" testListId="8c84fa94-04c1-424b-9868-57a2d4851a1d" />
    <TestEntry testId="e24baaa3-77c3-24aa-9ff9-d94cc12eb18b" executionId="ef0db8f7-56bd-4bb5-82e4-222f93865551" testListId="8c84fa94-04c1-424b-9868-57a2d4851a1d" />
    <TestEntry testId="a1316ed9-e8d1-b0ea-b7ab-b97dbf0c95e5" executionId="9c30ecc6-6b62-416c-a371-a1b8de6004e0" testListId="8c84fa94-04c1-424b-9868-57a2d4851a1d" />
    <TestEntry testId="0e2c069e-f86c-c003-d8dc-f19b313e2e87" executionId="25a63675-c0bb-492e-9265-0911b5cb36ff" testListId="8c84fa94-04c1-424b-9868-57a2d4851a1d" />
    <TestEntry testId="29acdcbc-21d9-fc77-0151-19c0584133ee" executionId="1fc6e1a2-e0a3-45ed-8b52-65cf81bc23de" testListId="8c84fa94-04c1-424b-9868-57a2d4851a1d" />
    <TestEntry testId="da80210e-ee97-1636-5924-f8558de8d6db" executionId="a5ea9463-7b9c-4705-a8fc-5a066580cad5" testListId="8c84fa94-04c1-424b-9868-57a2d4851a1d" />
    <TestEntry testId="cd8953ec-6e0d-63f8-2b8b-57dfae93748b" executionId="a10c69c5-7cbc-41f2-b3aa-a1b99671934b" testListId="8c84fa94-04c1-424b-9868-57a2d4851a1d" />
    <TestEntry testId="d4b1af0d-c38b-0e88-03a3-d406f2bd0e98" executionId="77a03a90-0302-46db-8b07-4e2037e5d048" testListId="8c84fa94-04c1-424b-9868-57a2d4851a1d" />
    <TestEntry testId="a62c1c77-bc05-ad90-ced5-81c8d40da85d" executionId="cf5cf213-309e-4132-9e80-97355131d2c4" testListId="8c84fa94-04c1-424b-9868-57a2d4851a1d" />
    <TestEntry testId="02223cd1-e988-099c-7340-6a37cd827075" executionId="ae184035-0836-4ac2-b7e4-4c9eaf70cc08" testListId="8c84fa94-04c1-424b-9868-57a2d4851a1d" />
    <TestEntry testId="efb456b9-c379-c129-7526-46fc7e747d8b" executionId="e15ac3e7-7e4c-4401-894d-0af3e55dba0d" testListId="8c84fa94-04c1-424b-9868-57a2d4851a1d" />
    <TestEntry testId="1b10d8de-ecae-0176-5a05-e64f61245248" executionId="2750b620-fe49-4f1e-93d3-c36bd807cd8e" testListId="8c84fa94-04c1-424b-9868-57a2d4851a1d" />
    <TestEntry testId="133231f0-00b3-5b41-070f-6bec58b9740c" executionId="c73063a1-2c61-44fc-8636-2d5a9f7bfd5b" testListId="8c84fa94-04c1-424b-9868-57a2d4851a1d" />
    <TestEntry testId="f6d846ae-5095-b5fb-e328-61cd2e30456d" executionId="edf80b74-728d-4a14-b80b-6ac04b303323" testListId="8c84fa94-04c1-424b-9868-57a2d4851a1d" />
    <TestEntry testId="54fd0b92-8f4e-b78a-f2f2-08a74aae9e90" executionId="03eb1fc3-14de-41a0-83f7-d2cc4beb1a65" testListId="8c84fa94-04c1-424b-9868-57a2d4851a1d" />
    <TestEntry testId="3b4cb942-c9c1-096b-e74b-678a864121bc" executionId="496241f6-c8de-4191-9694-786e5cbe8d5d" testListId="8c84fa94-04c1-424b-9868-57a2d4851a1d" />
    <TestEntry testId="43b70eff-bd72-be3d-02f6-1c8ce836014f" executionId="a0b21620-9a92-4902-b827-b5a767049b21" testListId="8c84fa94-04c1-424b-9868-57a2d4851a1d" />
    <TestEntry testId="4c204af8-ae98-4ed4-7234-82362979e62f" executionId="e846adcf-8bc8-4aad-8b09-274630448794" testListId="8c84fa94-04c1-424b-9868-57a2d4851a1d" />
    <TestEntry testId="e3a63282-7af5-92f4-e1bd-c6501f7f34f6" executionId="4634320d-462d-4d5a-a309-7eec03d7b451" testListId="8c84fa94-04c1-424b-9868-57a2d4851a1d" />
    <TestEntry testId="731e9f07-b98d-c6da-ecb6-b3e16b3a04a5" executionId="39bcb1c5-b3fa-432b-977b-4b8f079f64c0" testListId="8c84fa94-04c1-424b-9868-57a2d4851a1d" />
    <TestEntry testId="afe3956b-989b-0e70-b524-8431525c6b1d" executionId="0a3cd949-ff47-4c7e-8b3e-643338a76cd2" testListId="8c84fa94-04c1-424b-9868-57a2d4851a1d" />
    <TestEntry testId="79b02fef-f0cd-bd64-85ba-dd90d4bd26f5" executionId="84dd337d-8275-48e4-80e1-53ba8f024910" testListId="8c84fa94-04c1-424b-9868-57a2d4851a1d" />
    <TestEntry testId="f5685f34-4148-d2eb-337e-e1889c02db78" executionId="4b39edfb-f284-491d-8511-d494e76513e2" testListId="8c84fa94-04c1-424b-9868-57a2d4851a1d" />
    <TestEntry testId="c079bd56-dee5-cc85-df2b-2638426aa9bd" executionId="c958acb9-b1f9-46e2-a02d-760f49492428" testListId="8c84fa94-04c1-424b-9868-57a2d4851a1d" />
    <TestEntry testId="8095f6a4-60b4-9c46-93a5-19b797bd6a3b" executionId="f54f5ca7-b42d-4391-a0b3-d21dffa76bee" testListId="8c84fa94-04c1-424b-9868-57a2d4851a1d" />
    <TestEntry testId="fcae1157-cc3b-2e85-571f-ab6572a78634" executionId="3cee98ff-7910-4e80-8ce3-3d4fcc065841" testListId="8c84fa94-04c1-424b-9868-57a2d4851a1d" />
    <TestEntry testId="96ca07e7-84a0-be37-9f51-81ca9d8fea94" executionId="bd587781-d61b-4de9-b350-315c7f7774b2" testListId="8c84fa94-04c1-424b-9868-57a2d4851a1d" />
    <TestEntry testId="68d00bda-21f9-1029-89b8-f1a573bbb314" executionId="5dc59c11-d4e6-493b-9d48-7c8f7609536a" testListId="8c84fa94-04c1-424b-9868-57a2d4851a1d" />
    <TestEntry testId="a824607c-b4f7-776b-cb2c-96961ce73d2b" executionId="f1e7a875-66d0-4345-a238-1266bbeb15ef" testListId="8c84fa94-04c1-424b-9868-57a2d4851a1d" />
    <TestEntry testId="4a09165f-fd6d-59ce-b502-6f2f82bf14cc" executionId="07a9c520-2d85-4035-9507-29e92674b6ad" testListId="8c84fa94-04c1-424b-9868-57a2d4851a1d" />
    <TestEntry testId="5ac0a621-1e37-a1d8-93ee-8ed8d9740be8" executionId="042ba44b-c1ad-4171-89ad-cfd3d92df82e" testListId="8c84fa94-04c1-424b-9868-57a2d4851a1d" />
    <TestEntry testId="8dcaf0b0-f17f-487b-1e98-eb7c6eaaaa4e" executionId="e93441bf-5df9-424d-a761-25d0ad3a40d9" testListId="8c84fa94-04c1-424b-9868-57a2d4851a1d" />
    <TestEntry testId="1987d618-0db3-077a-de86-cdb1777ab095" executionId="39d4f6cf-d8c5-4e52-85cb-c829eeeed169" testListId="8c84fa94-04c1-424b-9868-57a2d4851a1d" />
    <TestEntry testId="102e335f-81d2-02d9-d6d1-87cc82b538dd" executionId="0b07c3f9-e39d-45ae-9918-524ad2f86ef1" testListId="8c84fa94-04c1-424b-9868-57a2d4851a1d" />
    <TestEntry testId="a121ec7e-2f98-0954-3d5f-a6f4078e8ffd" executionId="67a8010c-62cb-4744-9627-0931870e8fe7" testListId="8c84fa94-04c1-424b-9868-57a2d4851a1d" />
    <TestEntry testId="ef10f361-43a9-450a-9597-8da838ab766f" executionId="47dd4f48-206a-4d1b-8fd4-e2de3c67feb9" testListId="8c84fa94-04c1-424b-9868-57a2d4851a1d" />
    <TestEntry testId="2ed5e0b5-aa07-4109-f915-84b809da777c" executionId="1cdb7aac-6fc5-4261-b181-4b25923967d7" testListId="8c84fa94-04c1-424b-9868-57a2d4851a1d" />
    <TestEntry testId="7c0d4484-9980-49d0-54e0-a8a86792b85b" executionId="ed4ce54a-869b-4e2f-89ec-9f5e9226d59b" testListId="8c84fa94-04c1-424b-9868-57a2d4851a1d" />
    <TestEntry testId="1f86140f-89f8-911c-93e7-fbca6444cfce" executionId="b16a654a-7fae-4079-969d-fe405945074d" testListId="8c84fa94-04c1-424b-9868-57a2d4851a1d" />
    <TestEntry testId="6ccb298d-af20-a533-eb36-9de04161abd3" executionId="469dc787-661b-4e18-a863-1b376ee08016" testListId="8c84fa94-04c1-424b-9868-57a2d4851a1d" />
    <TestEntry testId="e53c20d1-5e0c-3f92-3a96-7ac4b75c9384" executionId="1ee1a5fd-0f02-47b0-8fc2-6c7d169e8a57" testListId="8c84fa94-04c1-424b-9868-57a2d4851a1d" />
    <TestEntry testId="591dbb46-ee45-71a5-11ca-c45245751c38" executionId="62d7edfe-4096-4bd2-bb45-176685907973" testListId="8c84fa94-04c1-424b-9868-57a2d4851a1d" />
    <TestEntry testId="f5d87b9d-723f-3e44-2979-9fe32e51f646" executionId="73fb0e73-cbff-4c69-870d-b87295c3e291" testListId="8c84fa94-04c1-424b-9868-57a2d4851a1d" />
    <TestEntry testId="cbdce46f-95ba-019e-e325-762c66018143" executionId="a8822e45-8154-49dd-abcb-bef945013234" testListId="8c84fa94-04c1-424b-9868-57a2d4851a1d" />
    <TestEntry testId="d1b4336a-be64-724f-6c58-f0d6de4e9b1e" executionId="4ba705b6-2a37-4c09-87d4-7cf357cd64ee" testListId="8c84fa94-04c1-424b-9868-57a2d4851a1d" />
    <TestEntry testId="ce31ff2b-59db-5554-da4d-d205f18a9129" executionId="84f79837-f8b1-43d2-9cfe-378ac99bb14a" testListId="8c84fa94-04c1-424b-9868-57a2d4851a1d" />
  </TestEntries>
  <Results>
    <UnitTestResult executionId="148729ea-c21d-4269-8a02-9073758a498f" testId="9d82caa3-2688-30e5-555f-9721f9e3e18e" testName="TestAdd" computerName="BUILDER1" duration="00:00:00.0533177" startTime="2010-04-22T02:16:54.7010605-07:00" endTime="2010-04-22T02:16:55.2160671-07:00" testType="13cdc9d9-ddb5-4fa4-a97d-d965ccfc6d4b" outcome="Passed" testListId="8c84fa94-04c1-424b-9868-57a2d4851a1d" relativeResultsDirectory="148729ea-c21d-4269-8a02-9073758a498f">
      <Output>
        <TextMessages>
          <Message>TestAdd: Added: UtilityTest.SimpleTreeObjectCollection: Name=Added Object 0, Depth=1, Parent=Root</Message>
          <Message>TestAdd: Added: UtilityTest.SimpleTreeObjectCollection: Name=Added Object 1, Depth=2, Parent=Added Object 0</Message>
          <Message>TestEnumerate: Found UtilityTest.SimpleTreeObjectCollection: Name=Root, Depth=0, Parent=&lt;NULL&gt;</Message>
          <Message>TestEnumerate: Found UtilityTest.SimpleTreeObjectCollection: Name=A0, Depth=1, Parent=Root</Message>
          <Message>TestEnumerate: Found UtilityTest.SimpleTreeObjectCollection: Name=A1, Depth=2, Parent=A0</Message>
          <Message>TestEnumerate: Found UtilityTest.SimpleTreeObjectCollection: Name=A2, Depth=3, Parent=A1</Message>
          <Message>TestEnumerate: Found UtilityTest.SimpleTreeObjectCollection: Name=B1, Depth=2, Parent=A0</Message>
          <Message>TestEnumerate: Found UtilityTest.SimpleTreeObjectCollection: Name=B2, Depth=3, Parent=B1</Message>
          <Message>TestEnumerate: Found UtilityTest.SimpleTreeObjectCollection: Name=Added Object 0, Depth=1, Parent=Root</Message>
          <Message>TestEnumerate: Found UtilityTest.SimpleTreeObjectCollection: Name=Added Object 1, Depth=2, Parent=Added Object 0</Message>
        </TextMessages>
      </Output>
    </UnitTestResult>
    <UnitTestResult executionId="3c7717f5-5a00-4c21-8576-024a55fe6b71" testId="c23f99e9-b8f4-f983-f028-1c3e59cb8750" testName="TestCount" computerName="BUILDER1" duration="00:00:00.0020333" startTime="2010-04-22T02:16:55.2170462-07:00" endTime="2010-04-22T02:16:55.2238999-07:00" testType="13cdc9d9-ddb5-4fa4-a97d-d965ccfc6d4b" outcome="Passed" testListId="8c84fa94-04c1-424b-9868-57a2d4851a1d" relativeResultsDirectory="3c7717f5-5a00-4c21-8576-024a55fe6b71">
      <Output>
        <TextMessages>
          <Message>TestCount: Simple Object Count = 6, RootNode.Count = 6</Message>
        </TextMessages>
      </Output>
    </UnitTestResult>
    <UnitTestResult executionId="1282d05a-7d82-4e49-a3c3-bb5b9c9038d4" testId="b7dcdc76-44bc-f7da-aaf6-0bc400532718" testName="TestEnumerate" computerName="BUILDER1" duration="00:00:00.0061737" startTime="2010-04-22T02:16:55.2248790-07:00" endTime="2010-04-22T02:16:55.2376073-07:00" testType="13cdc9d9-ddb5-4fa4-a97d-d965ccfc6d4b" outcome="Passed" testListId="8c84fa94-04c1-424b-9868-57a2d4851a1d" relativeResultsDirectory="1282d05a-7d82-4e49-a3c3-bb5b9c9038d4">
      <Output>
        <TextMessages>
          <Message>TestEnumerate: Found UtilityTest.SimpleTreeObjectCollection: Name=Root, Depth=0, Parent=&lt;NULL&gt;</Message>
          <Message>TestEnumerate: Found UtilityTest.SimpleTreeObjectCollection: Name=A0, Depth=1, Parent=Root</Message>
          <Message>TestEnumerate: Found UtilityTest.SimpleTreeObjectCollection: Name=A1, Depth=2, Parent=A0</Message>
          <Message>TestEnumerate: Found UtilityTest.SimpleTreeObjectCollection: Name=A2, Depth=3, Parent=A1</Message>
          <Message>TestEnumerate: Found UtilityTest.SimpleTreeObjectCollection: Name=B1, Depth=2, Parent=A0</Message>
          <Message>TestEnumerate: Found UtilityTest.SimpleTreeObjectCollection: Name=B2, Depth=3, Parent=B1</Message>
        </TextMessages>
      </Output>
    </UnitTestResult>
    <UnitTestResult executionId="32496fbd-1ab2-48c1-89f1-195238599849" testId="54eae71b-37cd-b0e8-bc13-a0f55b616fee" testName="TestRemoveWithChildrenClearMethodology" computerName="BUILDER1" duration="00:00:00.0159318" startTime="2010-04-22T02:16:55.2376073-07:00" endTime="2010-04-22T02:16:55.2591475-07:00" testType="13cdc9d9-ddb5-4fa4-a97d-d965ccfc6d4b" outcome="Passed" testListId="8c84fa94-04c1-424b-9868-57a2d4851a1d" relativeResultsDirectory="32496fbd-1ab2-48c1-89f1-195238599849">
      <Output>
        <TextMessages>
          <Message>TestRemoveWithChildrenClearMethodology: Removing all objects Depth-First</Message>
          <Message>TestRemoveWithChildrenClearMethodology: Removal List: Count=6</Message>
          <Message>TestRemoveWithChildrenClearMethodology: Attempting Remove with Children.Clear() methodology</Message>
          <Message>TestRemoveWithChildrenClearMethodology: Cleared UtilityTest.SimpleTreeObjectCollection: Name=B2, Depth=3, Parent=B1</Message>
          <Message>TestRemoveWithChildrenClearMethodology: Cleared UtilityTest.SimpleTreeObjectCollection: Name=B1, Depth=2, Parent=A0</Message>
          <Message>TestRemoveWithChildrenClearMethodology: Cleared UtilityTest.SimpleTreeObjectCollection: Name=A2, Depth=3, Parent=A1</Message>
          <Message>TestRemoveWithChildrenClearMethodology: Cleared UtilityTest.SimpleTreeObjectCollection: Name=A1, Depth=2, Parent=A0</Message>
          <Message>TestRemoveWithChildrenClearMethodology: Cleared UtilityTest.SimpleTreeObjectCollection: Name=A0, Depth=1, Parent=Root</Message>
          <Message>TestRemoveWithChildrenClearMethodology: Cleared UtilityTest.SimpleTreeObjectCollection: Name=Root, Depth=0, Parent=&lt;NULL&gt;</Message>
          <Message>TestRemoveWithChildrenClearMethodology: Enumerated UtilityTest.SimpleTreeObjectCollection: Name=B2, Depth=0, Parent=&lt;NULL&gt;</Message>
          <Message>TestRemoveWithChildrenClearMethodology: Enumerated UtilityTest.SimpleTreeObjectCollection: Name=B1, Depth=0, Parent=&lt;NULL&gt;</Message>
          <Message>TestRemoveWithChildrenClearMethodology: Enumerated UtilityTest.SimpleTreeObjectCollection: Name=A2, Depth=0, Parent=&lt;NULL&gt;</Message>
          <Message>TestRemoveWithChildrenClearMethodology: Enumerated UtilityTest.SimpleTreeObjectCollection: Name=A1, Depth=0, Parent=&lt;NULL&gt;</Message>
          <Message>TestRemoveWithChildrenClearMethodology: Enumerated UtilityTest.SimpleTreeObjectCollection: Name=A0, Depth=0, Parent=&lt;NULL&gt;</Message>
          <Message>TestRemoveWithChildrenClearMethodology: Enumerated UtilityTest.SimpleTreeObjectCollection: Name=Root, Depth=0, Parent=&lt;NULL&gt;</Message>
        </TextMessages>
      </Output>
    </UnitTestResult>
    <UnitTestResult executionId="4e3f0f39-94a9-4908-bbd0-729bbe2df150" testId="8404b6b9-0823-d03a-4459-6356f7acd186" testName="TestRemoveWithChildrenRemoveMethodology" computerName="BUILDER1" duration="00:00:00.0136679" startTime="2010-04-22T02:16:55.2601266-07:00" endTime="2010-04-22T02:16:55.2787295-07:00" testType="13cdc9d9-ddb5-4fa4-a97d-d965ccfc6d4b" outcome="Passed" testListId="8c84fa94-04c1-424b-9868-57a2d4851a1d" relativeResultsDirectory="4e3f0f39-94a9-4908-bbd0-729bbe2df150">
      <Output>
        <TextMessages>
          <Message>TestRemoveWithChildrenRemoveMethodology: Removing all objects Depth-First</Message>
          <Message>TestRemoveWithChildrenRemoveMethodology: Removal List: Count=6</Message>
          <Message>TestRemoveWithChildrenRemoveMethodology: Attempting Remove with Remove Children methodology</Message>
          <Message>TestRemoveWithChildrenRemoveMethodology: Removed UtilityTest.SimpleTreeObjectCollection: Name=B2, Depth=0, Parent=&lt;NULL&gt;</Message>
          <Message>TestRemoveWithChildrenRemoveMethodology: Removed UtilityTest.SimpleTreeObjectCollection: Name=A2, Depth=0, Parent=&lt;NULL&gt;</Message>
          <Message>TestRemoveWithChildrenRemoveMethodology: Removed UtilityTest.SimpleTreeObjectCollection: Name=A1, Depth=0, Parent=&lt;NULL&gt;</Message>
          <Message>TestRemoveWithChildrenRemoveMethodology: Removed UtilityTest.SimpleTreeObjectCollection: Name=B1, Depth=0, Parent=&lt;NULL&gt;</Message>
          <Message>TestRemoveWithChildrenRemoveMethodology: Removed UtilityTest.SimpleTreeObjectCollection: Name=A0, Depth=0, Parent=&lt;NULL&gt;</Message>
          <Message>TestRemoveWithChildrenRemoveMethodology: Enumerated UtilityTest.SimpleTreeObjectCollection: Name=B2, Depth=0, Parent=&lt;NULL&gt;</Message>
          <Message>TestRemoveWithChildrenRemoveMethodology: Enumerated UtilityTest.SimpleTreeObjectCollection: Name=B1, Depth=0, Parent=&lt;NULL&gt;</Message>
          <Message>TestRemoveWithChildrenRemoveMethodology: Enumerated UtilityTest.SimpleTreeObjectCollection: Name=A2, Depth=0, Parent=&lt;NULL&gt;</Message>
          <Message>TestRemoveWithChildrenRemoveMethodology: Enumerated UtilityTest.SimpleTreeObjectCollection: Name=A1, Depth=0, Parent=&lt;NULL&gt;</Message>
          <Message>TestRemoveWithChildrenRemoveMethodology: Enumerated UtilityTest.SimpleTreeObjectCollection: Name=A0, Depth=0, Parent=&lt;NULL&gt;</Message>
          <Message>TestRemoveWithChildrenRemoveMethodology: Enumerated UtilityTest.SimpleTreeObjectCollection: Name=Root, Depth=0, Parent=&lt;NULL&gt;</Message>
        </TextMessages>
      </Output>
    </UnitTestResult>
    <UnitTestResult executionId="f29b131b-83ff-4686-8ff2-53b875afae03" testId="2512de25-33ec-f422-9f7d-ee6a984b4b1b" testName="TestRemoveWithParentNullMethodology" computerName="BUILDER1" duration="00:00:00.0074406" startTime="2010-04-22T02:16:55.2797086-07:00" endTime="2010-04-22T02:16:55.2914578-07:00" testType="13cdc9d9-ddb5-4fa4-a97d-d965ccfc6d4b" outcome="Passed" testListId="8c84fa94-04c1-424b-9868-57a2d4851a1d" relativeResultsDirectory="f29b131b-83ff-4686-8ff2-53b875afae03">
      <Output>
        <TextMessages>
          <Message>TestRemoveWithParentNullMethodology: Removing all objects Depth-First</Message>
          <Message>TestRemoveWithParentNullMethodology: Removal List: Count=6</Message>
          <Message>TestRemoveWithParentNullMethodology: Attempting Remove with Parent=Null methodology</Message>
          <Message>TestRemoveWithParentNullMethodology: Removed UtilityTest.SimpleTreeObjectCollection: Name=B2, Depth=0, Parent=&lt;NULL&gt;</Message>
          <Message>TestRemoveWithParentNullMethodology: Removed UtilityTest.SimpleTreeObjectCollection: Name=B1, Depth=0, Parent=&lt;NULL&gt;</Message>
          <Message>TestRemoveWithParentNullMethodology: Removed UtilityTest.SimpleTreeObjectCollection: Name=A2, Depth=0, Parent=&lt;NULL&gt;</Message>
          <Message>TestRemoveWithParentNullMethodology: Removed UtilityTest.SimpleTreeObjectCollection: Name=A1, Depth=0, Parent=&lt;NULL&gt;</Message>
          <Message>TestRemoveWithParentNullMethodology: Removed UtilityTest.SimpleTreeObjectCollection: Name=A0, Depth=0, Parent=&lt;NULL&gt;</Message>
          <Message>TestRemoveWithParentNullMethodology: Removed UtilityTest.SimpleTreeObjectCollection: Name=Root, Depth=0, Parent=&lt;NULL&gt;</Message>
        </TextMessages>
      </Output>
    </UnitTestResult>
    <UnitTestResult executionId="af670652-a243-4791-8681-addfb057c9f4" testId="71f410d6-d6f8-4e26-877b-218a8795b78f" testName="Attribute_IsRelatedToKey" computerName="BUILDER1" duration="00:00:00.7232492" startTime="2010-04-22T02:16:55.2924369-07:00" endTime="2010-04-22T02:16:56.0218664-07:00" testType="13cdc9d9-ddb5-4fa4-a97d-d965ccfc6d4b" outcome="Passed" testListId="8c84fa94-04c1-424b-9868-57a2d4851a1d" relativeResultsDirectory="af670652-a243-4791-8681-addfb057c9f4">
    </UnitTestResult>
    <UnitTestResult executionId="892d48da-45c2-41a3-8be8-802a40b6cf85" testId="7b648b89-48ea-a5ca-3eec-30486a670978" testName="Attribute_RecursiveRelationship" computerName="BUILDER1" duration="00:00:00.0864253" startTime="2010-04-22T02:16:56.0238246-07:00" endTime="2010-04-22T02:16:56.1158600-07:00" testType="13cdc9d9-ddb5-4fa4-a97d-d965ccfc6d4b" outcome="Passed" testListId="8c84fa94-04c1-424b-9868-57a2d4851a1d" relativeResultsDirectory="892d48da-45c2-41a3-8be8-802a40b6cf85">
    </UnitTestResult>
    <UnitTestResult executionId="afdc9a40-537d-4624-bc80-a8a06e25f14e" testId="e3e90e19-a891-de78-0082-84ca03c5431e" testName="Cube_CubeDimensionSameName" computerName="BUILDER1" duration="00:00:00.1956926" startTime="2010-04-22T02:16:56.1168391-07:00" endTime="2010-04-22T02:16:56.3155964-07:00" testType="13cdc9d9-ddb5-4fa4-a97d-d965ccfc6d4b" outcome="Passed" testListId="8c84fa94-04c1-424b-9868-57a2d4851a1d" relativeResultsDirectory="afdc9a40-537d-4624-bc80-a8a06e25f14e">
    </UnitTestResult>
    <UnitTestResult executionId="3ece5251-6052-4286-9726-3fae23e51a0b" testId="16008278-016e-ae6f-8df0-cbe77beab160" testName="Hierarchy_IsNatural" computerName="BUILDER1" duration="00:00:00.0952802" startTime="2010-04-22T02:16:56.3185337-07:00" endTime="2010-04-22T02:16:56.4203601-07:00" testType="13cdc9d9-ddb5-4fa4-a97d-d965ccfc6d4b" outcome="Passed" testListId="8c84fa94-04c1-424b-9868-57a2d4851a1d" relativeResultsDirectory="3ece5251-6052-4286-9726-3fae23e51a0b">
    </UnitTestResult>
    <UnitTestResult executionId="3c5f8648-f646-4fd9-b137-e964bb33a38b" testId="7ff1df09-c9b6-9a24-426c-e4ad20e41201" testName="Attribute_DimensionAttributeWithMultipleKeyColumns" computerName="BUILDER1" duration="00:00:00.0790728" startTime="2010-04-22T02:16:56.4223183-07:00" endTime="2010-04-22T02:16:56.5065209-07:00" testType="13cdc9d9-ddb5-4fa4-a97d-d965ccfc6d4b" outcome="Passed" testListId="8c84fa94-04c1-424b-9868-57a2d4851a1d" relativeResultsDirectory="3c5f8648-f646-4fd9-b137-e964bb33a38b">
    </UnitTestResult>
    <UnitTestResult executionId="78bd6c3a-e942-49cf-8e9a-c0d7641a6e39" testId="5def7753-7590-4434-c690-bc32c812a2cf" testName="Attribute_NameWithSpace" computerName="BUILDER1" duration="00:00:00.1003992" startTime="2010-04-22T02:16:56.5075000-07:00" endTime="2010-04-22T02:16:56.6152010-07:00" testType="13cdc9d9-ddb5-4fa4-a97d-d965ccfc6d4b" outcome="Passed" testListId="8c84fa94-04c1-424b-9868-57a2d4851a1d" relativeResultsDirectory="78bd6c3a-e942-49cf-8e9a-c0d7641a6e39">
    </UnitTestResult>
    <UnitTestResult executionId="5f320648-30e3-4c31-a6b4-b6b6bfd0a507" testId="0039db06-a76a-1863-016a-1402bcebae48" testName="Dimension_NoKeyAttribute" computerName="BUILDER1" duration="00:00:00.1039013" startTime="2010-04-22T02:16:56.6161801-07:00" endTime="2010-04-22T02:16:56.7268184-07:00" testType="13cdc9d9-ddb5-4fa4-a97d-d965ccfc6d4b" outcome="Passed" testListId="8c84fa94-04c1-424b-9868-57a2d4851a1d" relativeResultsDirectory="5f320648-30e3-4c31-a6b4-b6b6bfd0a507">
    </UnitTestResult>
    <UnitTestResult executionId="b86cf1c9-d525-4794-903b-191431c5791f" testId="876dfb0f-dd35-891f-0f72-e9b557c2bf74" testName="Dimension_RecursiveRelationship" computerName="BUILDER1" duration="00:00:00.0835371" startTime="2010-04-22T02:16:56.7287766-07:00" endTime="2010-04-22T02:16:56.8178747-07:00" testType="13cdc9d9-ddb5-4fa4-a97d-d965ccfc6d4b" outcome="Passed" testListId="8c84fa94-04c1-424b-9868-57a2d4851a1d" relativeResultsDirectory="b86cf1c9-d525-4794-903b-191431c5791f">
    </UnitTestResult>
    <UnitTestResult executionId="81c09e99-59c7-49fa-af81-470d81d37d0d" testId="48a44f0b-aefa-ae73-f430-5b02d7fe47ab" testName="CloneTable_BasicAndEmpty" computerName="BUILDER1" duration="00:00:00.4882452" startTime="2010-04-22T02:16:56.8198329-07:00" endTime="2010-04-22T02:16:57.3142784-07:00" testType="13cdc9d9-ddb5-4fa4-a97d-d965ccfc6d4b" outcome="Passed" testListId="8c84fa94-04c1-424b-9868-57a2d4851a1d" relativeResultsDirectory="81c09e99-59c7-49fa-af81-470d81d37d0d">
    </UnitTestResult>
    <UnitTestResult executionId="7ac965bf-b604-4ed7-9ffa-113794b942b1" testId="acbb402c-05ce-dcf3-1ca5-22f5b8ae3004" testName="CloneTable_BasicTable_AddColumn" computerName="BUILDER1" duration="00:00:00.2348132" startTime="2010-04-22T02:16:57.3162366-07:00" endTime="2010-04-22T02:16:57.5570952-07:00" testType="13cdc9d9-ddb5-4fa4-a97d-d965ccfc6d4b" outcome="Passed" testListId="8c84fa94-04c1-424b-9868-57a2d4851a1d" relativeResultsDirectory="7ac965bf-b604-4ed7-9ffa-113794b942b1">
    </UnitTestResult>
    <UnitTestResult executionId="90038e92-ee9c-431b-8ac6-1992d6ba3842" testId="f019928d-348e-3798-a78c-212935ed13c7" testName="CloneTable_BasicTable_AddEverything" computerName="BUILDER1" duration="00:00:00.2084728" startTime="2010-04-22T02:16:57.5580743-07:00" endTime="2010-04-22T02:16:57.7715181-07:00" testType="13cdc9d9-ddb5-4fa4-a97d-d965ccfc6d4b" outcome="Passed" testListId="8c84fa94-04c1-424b-9868-57a2d4851a1d" relativeResultsDirectory="90038e92-ee9c-431b-8ac6-1992d6ba3842">
    </UnitTestResult>
    <UnitTestResult executionId="a4c7b6b0-b0bb-4a6b-b37d-c9d21e3a8299" testId="87307261-dd35-f781-191d-8a39af1406d6" testName="CloneTable_BasicTable_IdentityKey_AddColumnsAndIdentityKey" computerName="BUILDER1" duration="00:00:00.1989929" startTime="2010-04-22T02:16:57.7724972-07:00" endTime="2010-04-22T02:16:57.9751709-07:00" testType="13cdc9d9-ddb5-4fa4-a97d-d965ccfc6d4b" outcome="Passed" testListId="8c84fa94-04c1-424b-9868-57a2d4851a1d" relativeResultsDirectory="a4c7b6b0-b0bb-4a6b-b37d-c9d21e3a8299">
    </UnitTestResult>
    <UnitTestResult executionId="e33656d6-d059-428c-9395-32e53718396e" testId="1b1d4ad9-af8e-68a0-7c0f-b10e0a47daf5" testName="CloneTable_BasicTable_IdentityKey_AddIdentityKey" computerName="BUILDER1" duration="00:00:00.1969935" startTime="2010-04-22T02:16:57.9771291-07:00" endTime="2010-04-22T02:16:58.1798028-07:00" testType="13cdc9d9-ddb5-4fa4-a97d-d965ccfc6d4b" outcome="Passed" testListId="8c84fa94-04c1-424b-9868-57a2d4851a1d" relativeResultsDirectory="e33656d6-d059-428c-9395-32e53718396e">
    </UnitTestResult>
    <UnitTestResult executionId="9173ee03-49e3-4241-98a9-25e24b3fe178" testId="e9bb3e36-af74-8175-e00a-24dcd7c7432c" testName="CloneTable_BasicTable_Indexes_AddColumnsAndIndexes" computerName="BUILDER1" duration="00:00:00.1968468" startTime="2010-04-22T02:16:58.1817610-07:00" endTime="2010-04-22T02:16:58.3854138-07:00" testType="13cdc9d9-ddb5-4fa4-a97d-d965ccfc6d4b" outcome="Passed" testListId="8c84fa94-04c1-424b-9868-57a2d4851a1d" relativeResultsDirectory="9173ee03-49e3-4241-98a9-25e24b3fe178">
    </UnitTestResult>
    <UnitTestResult executionId="28e86e76-1849-4966-b11f-6d2989e507d2" testId="da3e5ecc-f7ea-f0c6-7b5b-6ece22768e57" testName="CloneTable_BasicTable_Indexes_AddIndexes" computerName="BUILDER1" duration="00:00:00.2384682" startTime="2010-04-22T02:16:58.3863929-07:00" endTime="2010-04-22T02:16:58.6282306-07:00" testType="13cdc9d9-ddb5-4fa4-a97d-d965ccfc6d4b" outcome="Passed" testListId="8c84fa94-04c1-424b-9868-57a2d4851a1d" relativeResultsDirectory="28e86e76-1849-4966-b11f-6d2989e507d2">
    </UnitTestResult>
    <UnitTestResult executionId="0405723b-03f8-4ecb-a334-3cdf579df858" testId="490348b4-832d-841e-4d87-33178f2c4291" testName="CloneTable_BasicTable_MultipleKeys_AddColumnsAndMultipleKeys" computerName="BUILDER1" duration="00:00:00.1870187" startTime="2010-04-22T02:16:58.6301888-07:00" endTime="2010-04-22T02:16:58.8240506-07:00" testType="13cdc9d9-ddb5-4fa4-a97d-d965ccfc6d4b" outcome="Passed" testListId="8c84fa94-04c1-424b-9868-57a2d4851a1d" relativeResultsDirectory="0405723b-03f8-4ecb-a334-3cdf579df858">
    </UnitTestResult>
    <UnitTestResult executionId="0cac2537-dc18-4bc6-96ea-79bc74e6382d" testId="8258bf30-f91f-2874-b3a5-df7b06aab7b0" testName="CloneTable_BasicTable_MultipleKeys_AddMultipleKeys" computerName="BUILDER1" duration="00:00:00.1957677" startTime="2010-04-22T02:16:58.8250297-07:00" endTime="2010-04-22T02:16:59.0267243-07:00" testType="13cdc9d9-ddb5-4fa4-a97d-d965ccfc6d4b" outcome="Passed" testListId="8c84fa94-04c1-424b-9868-57a2d4851a1d" relativeResultsDirectory="0cac2537-dc18-4bc6-96ea-79bc74e6382d">
    </UnitTestResult>
    <UnitTestResult executionId="2c4d67bf-9064-4043-8592-981d7f2ef337" testId="80c909dd-1d62-5a64-c407-e1753b053302" testName="CloneTable_BasicTable_PrimaryKey_AddColumnsAndPrimaryKey" computerName="BUILDER1" duration="00:00:00.2414672" startTime="2010-04-22T02:16:59.0286825-07:00" endTime="2010-04-22T02:16:59.2714993-07:00" testType="13cdc9d9-ddb5-4fa4-a97d-d965ccfc6d4b" outcome="Passed" testListId="8c84fa94-04c1-424b-9868-57a2d4851a1d" relativeResultsDirectory="2c4d67bf-9064-4043-8592-981d7f2ef337">
    </UnitTestResult>
    <UnitTestResult executionId="99f8a6b6-0f62-4120-aa17-a720d599019f" testId="117a3648-616a-6178-f97a-35b41eef5e15" testName="CloneTable_BasicTable_PrimaryKey_AddPrimaryKey" computerName="BUILDER1" duration="00:00:00.1969326" startTime="2010-04-22T02:16:59.2724784-07:00" endTime="2010-04-22T02:16:59.4731939-07:00" testType="13cdc9d9-ddb5-4fa4-a97d-d965ccfc6d4b" outcome="Passed" testListId="8c84fa94-04c1-424b-9868-57a2d4851a1d" relativeResultsDirectory="99f8a6b6-0f62-4120-aa17-a720d599019f">
    </UnitTestResult>
    <UnitTestResult executionId="c6b31652-e29c-4f04-a5cf-755ba43eee96" testId="c4260f19-d172-2d6f-60b6-1cfb14e1ccd2" testName="CloneTable_BasicTable_UniqueKey_AddColumnsAndUniqueKey" computerName="BUILDER1" duration="00:00:00.1962698" startTime="2010-04-22T02:16:59.4741730-07:00" endTime="2010-04-22T02:16:59.6768467-07:00" testType="13cdc9d9-ddb5-4fa4-a97d-d965ccfc6d4b" outcome="Passed" testListId="8c84fa94-04c1-424b-9868-57a2d4851a1d" relativeResultsDirectory="c6b31652-e29c-4f04-a5cf-755ba43eee96">
    </UnitTestResult>
    <UnitTestResult executionId="9dbbfab7-19dd-4c97-a867-285ebb812287" testId="f6881c8f-e5b9-f224-4f99-14987770a668" testName="CloneTable_BasicTable_UniqueKey_AddUniqueKey" computerName="BUILDER1" duration="00:00:00.2297800" startTime="2010-04-22T02:16:59.6788049-07:00" endTime="2010-04-22T02:16:59.9157471-07:00" testType="13cdc9d9-ddb5-4fa4-a97d-d965ccfc6d4b" outcome="Passed" testListId="8c84fa94-04c1-424b-9868-57a2d4851a1d" relativeResultsDirectory="9dbbfab7-19dd-4c97-a867-285ebb812287">
    </UnitTestResult>
    <UnitTestResult executionId="c76c84eb-ce32-4cad-9d4d-343646588eec" testId="d0727025-2ff3-0657-16c9-24b3598ec684" testName="CloneTable_CloneKeys" computerName="BUILDER1" duration="00:00:00.2441487" startTime="2010-04-22T02:16:59.9196635-07:00" endTime="2010-04-22T02:17:00.1634594-07:00" testType="13cdc9d9-ddb5-4fa4-a97d-d965ccfc6d4b" outcome="Passed" testListId="8c84fa94-04c1-424b-9868-57a2d4851a1d" relativeResultsDirectory="c76c84eb-ce32-4cad-9d4d-343646588eec">
    </UnitTestResult>
    <UnitTestResult executionId="c18b0d1d-16c4-42ee-aee6-adc4e40ea76a" testId="8eb96cf4-5e6b-f0a4-ecde-6c243a99cb85" testName="CloneTable_FullTable_AddColumns" computerName="BUILDER1" duration="00:00:00.2506036" startTime="2010-04-22T02:17:00.1683549-07:00" endTime="2010-04-22T02:17:00.4248791-07:00" testType="13cdc9d9-ddb5-4fa4-a97d-d965ccfc6d4b" outcome="Passed" testListId="8c84fa94-04c1-424b-9868-57a2d4851a1d" relativeResultsDirectory="c18b0d1d-16c4-42ee-aee6-adc4e40ea76a">
    </UnitTestResult>
    <UnitTestResult executionId="4b3b8e6f-5098-46e2-8fde-505708272ce0" testId="f6d60fe5-16fc-9129-0c37-82aab28ca4a9" testName="CloneTable_FullTable_CloneAllFalse" computerName="BUILDER1" duration="00:00:00.2126304" startTime="2010-04-22T02:17:00.4287955-07:00" endTime="2010-04-22T02:17:00.6481139-07:00" testType="13cdc9d9-ddb5-4fa4-a97d-d965ccfc6d4b" outcome="Passed" testListId="8c84fa94-04c1-424b-9868-57a2d4851a1d" relativeResultsDirectory="4b3b8e6f-5098-46e2-8fde-505708272ce0">
    </UnitTestResult>
    <UnitTestResult executionId="f0c51264-fc80-4faa-893a-bfd5536bfad7" testId="1c2aeaf1-8a28-f7e3-e12e-03d583f84c85" testName="CloneTable_FullTable_CloneAllFalseAndAddColumns" computerName="BUILDER1" duration="00:00:00.2042020" startTime="2010-04-22T02:17:00.6520303-07:00" endTime="2010-04-22T02:17:00.8537249-07:00" testType="13cdc9d9-ddb5-4fa4-a97d-d965ccfc6d4b" outcome="Passed" testListId="8c84fa94-04c1-424b-9868-57a2d4851a1d" relativeResultsDirectory="f0c51264-fc80-4faa-893a-bfd5536bfad7">
    </UnitTestResult>
    <UnitTestResult executionId="0fd175da-b81a-464c-92b2-a204c09e10d8" testId="61beb98f-b897-c33e-a8ea-3c00c3a291ca" testName="CloneTable_FullTable_CloneAllFalseAndAddEverything" computerName="BUILDER1" duration="00:00:00.2391726" startTime="2010-04-22T02:17:00.8576413-07:00" endTime="2010-04-22T02:17:01.1033954-07:00" testType="13cdc9d9-ddb5-4fa4-a97d-d965ccfc6d4b" outcome="Passed" testListId="8c84fa94-04c1-424b-9868-57a2d4851a1d" relativeResultsDirectory="0fd175da-b81a-464c-92b2-a204c09e10d8">
    </UnitTestResult>
    <UnitTestResult executionId="374f2f02-c118-4f84-8fee-4d2d99786cc6" testId="648558f8-12c1-aa8a-c829-f0d56c297ac4" testName="CloneTable_FullTable_CloneAllTrue" computerName="BUILDER1" duration="00:00:00.2068372" startTime="2010-04-22T02:17:01.1073118-07:00" endTime="2010-04-22T02:17:01.3207556-07:00" testType="13cdc9d9-ddb5-4fa4-a97d-d965ccfc6d4b" outcome="Passed" testListId="8c84fa94-04c1-424b-9868-57a2d4851a1d" relativeResultsDirectory="374f2f02-c118-4f84-8fee-4d2d99786cc6">
    </UnitTestResult>
    <UnitTestResult executionId="e96042cb-6ff3-4806-b8e1-9a57740890c1" testId="e6f45300-5677-d38d-23e4-e88bfb5fcaf1" testName="CloneTable_FullTable_CloneAllTrueAndAddColumns" computerName="BUILDER1" duration="00:00:00.2412288" startTime="2010-04-22T02:17:01.3246720-07:00" endTime="2010-04-22T02:17:01.5665097-07:00" testType="13cdc9d9-ddb5-4fa4-a97d-d965ccfc6d4b" outcome="Passed" testListId="8c84fa94-04c1-424b-9868-57a2d4851a1d" relativeResultsDirectory="e96042cb-6ff3-4806-b8e1-9a57740890c1">
    </UnitTestResult>
    <UnitTestResult executionId="55d4f0a8-35c0-4809-b073-be4405abac2d" testId="8cd1c51f-c952-4e72-62a8-935fa1f81048" testName="CloneTable_FullTable_CloneAllTrueAndAddEverything" computerName="BUILDER1" duration="00:00:00.2100153" startTime="2010-04-22T02:17:01.5704261-07:00" endTime="2010-04-22T02:17:01.7848490-07:00" testType="13cdc9d9-ddb5-4fa4-a97d-d965ccfc6d4b" outcome="Passed" testListId="8c84fa94-04c1-424b-9868-57a2d4851a1d" relativeResultsDirectory="55d4f0a8-35c0-4809-b073-be4405abac2d">
    </UnitTestResult>
    <UnitTestResult executionId="9b9ee160-3ce1-443f-9ee0-e79e5415b187" testId="5dbbe750-7e4b-8965-656e-2ad3bb0409af" testName="CloneTable_FullTable_Default" computerName="BUILDER1" duration="00:00:00.2523329" startTime="2010-04-22T02:17:01.7887654-07:00" endTime="2010-04-22T02:17:02.0482269-07:00" testType="13cdc9d9-ddb5-4fa4-a97d-d965ccfc6d4b" outcome="Passed" testListId="8c84fa94-04c1-424b-9868-57a2d4851a1d" relativeResultsDirectory="9b9ee160-3ce1-443f-9ee0-e79e5415b187">
    </UnitTestResult>
    <UnitTestResult executionId="9ab04b6e-93d1-483d-84b8-cc1f71042ada" testId="cb2b613c-5eec-2ca0-e1d0-1b34a5951599" testName="CloneTable_FullTable_IdentityKey_CloneAllFalseAndAddIdentityKey" computerName="BUILDER1" duration="00:00:00.2151538" startTime="2010-04-22T02:17:02.0511642-07:00" endTime="2010-04-22T02:17:02.2734199-07:00" testType="13cdc9d9-ddb5-4fa4-a97d-d965ccfc6d4b" outcome="Passed" testListId="8c84fa94-04c1-424b-9868-57a2d4851a1d" relativeResultsDirectory="9ab04b6e-93d1-483d-84b8-cc1f71042ada">
    </UnitTestResult>
    <UnitTestResult executionId="b64045ec-57f3-44cc-aaee-c1a8e8b73379" testId="823bf34e-0f3e-d533-b40a-6691931a899a" testName="CloneTable_FullTable_IdentityKey_CloneAllTrueAndAddIdentityKey" computerName="BUILDER1" duration="00:00:00.2465449" startTime="2010-04-22T02:17:02.2763572-07:00" endTime="2010-04-22T02:17:02.5289650-07:00" testType="13cdc9d9-ddb5-4fa4-a97d-d965ccfc6d4b" outcome="Passed" testListId="8c84fa94-04c1-424b-9868-57a2d4851a1d" relativeResultsDirectory="b64045ec-57f3-44cc-aaee-c1a8e8b73379">
    </UnitTestResult>
    <UnitTestResult executionId="665ed76c-b772-4b9d-9d1a-5cb26a0c9763" testId="90971743-6d6c-ef70-cbb6-fb8071ff5bec" testName="CloneTable_FullTable_Indexes_CloneAllFalseAndAddIndexes" computerName="BUILDER1" duration="00:00:00.2310216" startTime="2010-04-22T02:17:02.5338605-07:00" endTime="2010-04-22T02:17:02.7717818-07:00" testType="13cdc9d9-ddb5-4fa4-a97d-d965ccfc6d4b" outcome="Passed" testListId="8c84fa94-04c1-424b-9868-57a2d4851a1d" relativeResultsDirectory="665ed76c-b772-4b9d-9d1a-5cb26a0c9763">
    </UnitTestResult>
    <UnitTestResult executionId="b22c2cba-b704-470b-ac38-35f116c76c09" testId="7e219c81-b5b6-4142-b628-2992ef2ab400" testName="CloneTable_FullTable_Indexes_CloneAllTrueAndAddIndexes" computerName="BUILDER1" duration="00:00:00.2405487" startTime="2010-04-22T02:17:02.7756982-07:00" endTime="2010-04-22T02:17:03.0234105-07:00" testType="13cdc9d9-ddb5-4fa4-a97d-d965ccfc6d4b" outcome="Passed" testListId="8c84fa94-04c1-424b-9868-57a2d4851a1d" relativeResultsDirectory="b22c2cba-b704-470b-ac38-35f116c76c09">
    </UnitTestResult>
    <UnitTestResult executionId="8aecbc29-d5c0-4052-bbdb-f3783872d2ca" testId="9ddcab80-70b4-f705-00e1-5039e853b32f" testName="CloneTable_FullTable_Indexes_CloneIndexesFalse" computerName="BUILDER1" duration="00:00:00.2509946" startTime="2010-04-22T02:17:03.0273269-07:00" endTime="2010-04-22T02:17:03.2848302-07:00" testType="13cdc9d9-ddb5-4fa4-a97d-d965ccfc6d4b" outcome="Passed" testListId="8c84fa94-04c1-424b-9868-57a2d4851a1d" relativeResultsDirectory="8aecbc29-d5c0-4052-bbdb-f3783872d2ca">
    </UnitTestResult>
    <UnitTestResult executionId="a0c28b1b-c89c-461b-8355-3f52d323ab6e" testId="5da6a91f-1090-11f6-ecb0-da20b3ecd886" testName="CloneTable_FullTable_Indexes_CloneIndexesTrue" computerName="BUILDER1" duration="00:00:00.2383882" startTime="2010-04-22T02:17:03.2897257-07:00" endTime="2010-04-22T02:17:03.5345007-07:00" testType="13cdc9d9-ddb5-4fa4-a97d-d965ccfc6d4b" outcome="Passed" testListId="8c84fa94-04c1-424b-9868-57a2d4851a1d" relativeResultsDirectory="a0c28b1b-c89c-461b-8355-3f52d323ab6e">
    </UnitTestResult>
    <UnitTestResult executionId="29e8d710-05c3-46c8-9dee-6bd60a3e52de" testId="cfe42f3b-4a33-cabb-9ff8-474703335ca1" testName="CloneTable_FullTable_MultipleKeys_CloneAllFalseAndAddMultipleKeys" computerName="BUILDER1" duration="00:00:00.2685119" startTime="2010-04-22T02:17:03.5384171-07:00" endTime="2010-04-22T02:17:03.8145233-07:00" testType="13cdc9d9-ddb5-4fa4-a97d-d965ccfc6d4b" outcome="Passed" testListId="8c84fa94-04c1-424b-9868-57a2d4851a1d" relativeResultsDirectory="29e8d710-05c3-46c8-9dee-6bd60a3e52de">
    </UnitTestResult>
    <UnitTestResult executionId="f71aa900-69ac-475e-9b38-08a2a022312d" testId="5deb5ca0-b4cf-175c-ab57-0da2ac0f7954" testName="CloneTable_FullTable_MultipleKeys_CloneAllTrueAndAddMultipleKeys" computerName="BUILDER1" duration="00:00:00.2461532" startTime="2010-04-22T02:17:03.8194188-07:00" endTime="2010-04-22T02:17:04.0739848-07:00" testType="13cdc9d9-ddb5-4fa4-a97d-d965ccfc6d4b" outcome="Passed" testListId="8c84fa94-04c1-424b-9868-57a2d4851a1d" relativeResultsDirectory="f71aa900-69ac-475e-9b38-08a2a022312d">
    </UnitTestResult>
    <UnitTestResult executionId="7a1ea0ed-ae69-445c-ad65-575c056870e3" testId="777ee719-aa8b-88e8-a4ed-f77907bca48a" testName="CloneTable_FullTable_MultipleKeys_CloneKeysFalse" computerName="BUILDER1" duration="00:00:00.2369849" startTime="2010-04-22T02:17:04.0788803-07:00" endTime="2010-04-22T02:17:04.3226762-07:00" testType="13cdc9d9-ddb5-4fa4-a97d-d965ccfc6d4b" outcome="Passed" testListId="8c84fa94-04c1-424b-9868-57a2d4851a1d" relativeResultsDirectory="7a1ea0ed-ae69-445c-ad65-575c056870e3">
    </UnitTestResult>
    <UnitTestResult executionId="d79a27da-6eef-4553-8fcc-2b8f64d4596f" testId="d4bbed1f-634b-1eee-a2ee-371e02c0f287" testName="CloneTable_FullTable_MultipleKeys_CloneKeysTrue" computerName="BUILDER1" duration="00:00:00.2627238" startTime="2010-04-22T02:17:04.3285508-07:00" endTime="2010-04-22T02:17:04.5978033-07:00" testType="13cdc9d9-ddb5-4fa4-a97d-d965ccfc6d4b" outcome="Passed" testListId="8c84fa94-04c1-424b-9868-57a2d4851a1d" relativeResultsDirectory="d79a27da-6eef-4553-8fcc-2b8f64d4596f">
    </UnitTestResult>
    <UnitTestResult executionId="259c343f-750b-444f-8b57-0506cdda5af0" testId="58a100a9-15d3-004e-f1a5-b2681a39f748" testName="CloneTable_FullTable_PrimaryKey_CloneAllFalseAndAddPrimaryKey" computerName="BUILDER1" duration="00:00:00.2373280" startTime="2010-04-22T02:17:04.6026988-07:00" endTime="2010-04-22T02:17:04.8464947-07:00" testType="13cdc9d9-ddb5-4fa4-a97d-d965ccfc6d4b" outcome="Passed" testListId="8c84fa94-04c1-424b-9868-57a2d4851a1d" relativeResultsDirectory="259c343f-750b-444f-8b57-0506cdda5af0">
    </UnitTestResult>
    <UnitTestResult executionId="59191799-789c-4c4f-becf-f9aad96e967f" testId="17eb71f4-4807-c909-2838-08a7ed78fb3e" testName="CloneTable_FullTable_PrimaryKey_CloneAllTrueAndAddPrimaryKey" computerName="BUILDER1" duration="00:00:00.2311021" startTime="2010-04-22T02:17:04.8513902-07:00" endTime="2010-04-22T02:17:05.0893115-07:00" testType="13cdc9d9-ddb5-4fa4-a97d-d965ccfc6d4b" outcome="Passed" testListId="8c84fa94-04c1-424b-9868-57a2d4851a1d" relativeResultsDirectory="59191799-789c-4c4f-becf-f9aad96e967f">
    </UnitTestResult>
    <UnitTestResult executionId="b0f0a68f-cac0-4ced-9eaa-adf955f29876" testId="9345f3da-6d13-b8bd-48f5-f42a231290fc" testName="CloneTable_FullTable_UniqueKey_CloneAllFalseAndAddUniqueKey" computerName="BUILDER1" duration="00:00:00.2372783" startTime="2010-04-22T02:17:05.0942070-07:00" endTime="2010-04-22T02:17:05.3389820-07:00" testType="13cdc9d9-ddb5-4fa4-a97d-d965ccfc6d4b" outcome="Passed" testListId="8c84fa94-04c1-424b-9868-57a2d4851a1d" relativeResultsDirectory="b0f0a68f-cac0-4ced-9eaa-adf955f29876">
    </UnitTestResult>
    <UnitTestResult executionId="edba845b-95cd-4d95-ba01-57398556185f" testId="285b343d-847d-9a92-937a-e203668515cf" testName="CloneTable_FullTable_UniqueKey_CloneAllTrueAndAddUniqueKey" computerName="BUILDER1" duration="00:00:00.2489644" startTime="2010-04-22T02:17:05.3438775-07:00" endTime="2010-04-22T02:17:05.6004017-07:00" testType="13cdc9d9-ddb5-4fa4-a97d-d965ccfc6d4b" outcome="Passed" testListId="8c84fa94-04c1-424b-9868-57a2d4851a1d" relativeResultsDirectory="edba845b-95cd-4d95-ba01-57398556185f">
    </UnitTestResult>
    <UnitTestResult executionId="bd4646f5-441a-4ff9-a0ee-2ff8ef5588e0" testId="f7d965da-0c6c-76ef-3528-5ed5d87a239e" testName="IsNullPatcher_Basic" computerName="BUILDER1" duration="00:00:00.2516304" startTime="2010-04-22T02:17:05.6062763-07:00" endTime="2010-04-22T02:17:05.8657378-07:00" testType="13cdc9d9-ddb5-4fa4-a97d-d965ccfc6d4b" outcome="Passed" testListId="8c84fa94-04c1-424b-9868-57a2d4851a1d" relativeResultsDirectory="bd4646f5-441a-4ff9-a0ee-2ff8ef5588e0">
    </UnitTestResult>
    <UnitTestResult executionId="10e78ea9-03ba-4d37-90b5-6eefd55c61bb" testId="63880208-b526-c058-ea9d-49202d599497" testName="IsNullPatcher_MultipleColumns" computerName="BUILDER1" duration="00:00:00.2155967" startTime="2010-04-22T02:17:05.8706333-07:00" endTime="2010-04-22T02:17:06.0928890-07:00" testType="13cdc9d9-ddb5-4fa4-a97d-d965ccfc6d4b" outcome="Passed" testListId="8c84fa94-04c1-424b-9868-57a2d4851a1d" relativeResultsDirectory="10e78ea9-03ba-4d37-90b5-6eefd55c61bb">
    </UnitTestResult>
    <UnitTestResult executionId="85111972-2e9c-4a87-9388-c6b88193b90c" testId="0fad9a47-d5ef-e9a4-4ce7-ab1c54dbf305" testName="IsNullPatcher_ValidateExternalMetadata" computerName="BUILDER1" duration="00:00:00.2203669" startTime="2010-04-22T02:17:06.0968054-07:00" endTime="2010-04-22T02:17:06.3229775-07:00" testType="13cdc9d9-ddb5-4fa4-a97d-d965ccfc6d4b" outcome="Passed" testListId="8c84fa94-04c1-424b-9868-57a2d4851a1d" relativeResultsDirectory="85111972-2e9c-4a87-9388-c6b88193b90c">
    </UnitTestResult>
    <UnitTestResult executionId="2f0cec05-aba4-45f9-a52e-b6aae88207a5" testId="81d07ce2-30e7-d151-1e23-3d5a80dfc210" testName="Merge_Basic" computerName="BUILDER1" duration="00:00:00.3182645" startTime="2010-04-22T02:17:06.3278730-07:00" endTime="2010-04-22T02:17:06.6539133-07:00" testType="13cdc9d9-ddb5-4fa4-a97d-d965ccfc6d4b" outcome="Passed" testListId="8c84fa94-04c1-424b-9868-57a2d4851a1d" relativeResultsDirectory="2f0cec05-aba4-45f9-a52e-b6aae88207a5">
    </UnitTestResult>
    <UnitTestResult executionId="fc9cfaf6-5898-46d0-85fb-397b1bc528c6" testId="01cd0809-f465-d039-ac73-353f51a7ff0d" testName="Merge_Columns" computerName="BUILDER1" duration="00:00:00.2906727" startTime="2010-04-22T02:17:06.6578297-07:00" endTime="2010-04-22T02:17:06.9564552-07:00" testType="13cdc9d9-ddb5-4fa4-a97d-d965ccfc6d4b" outcome="Passed" testListId="8c84fa94-04c1-424b-9868-57a2d4851a1d" relativeResultsDirectory="fc9cfaf6-5898-46d0-85fb-397b1bc528c6">
    </UnitTestResult>
    <UnitTestResult executionId="4dc5ccae-b045-444f-a59f-1c899024159b" testId="7aa5c5d7-9f22-0c87-8d06-93de7695f9cd" testName="Merge_DelayValidation" computerName="BUILDER1" duration="00:00:00.2586341" startTime="2010-04-22T02:17:06.9613507-07:00" endTime="2010-04-22T02:17:07.2276659-07:00" testType="13cdc9d9-ddb5-4fa4-a97d-d965ccfc6d4b" outcome="Passed" testListId="8c84fa94-04c1-424b-9868-57a2d4851a1d" relativeResultsDirectory="4dc5ccae-b045-444f-a59f-1c899024159b">
    </UnitTestResult>
    <UnitTestResult executionId="cf4f203f-3a53-49b4-a1aa-1460802053a4" testId="60fd485a-fe26-c4fc-bb36-ef041cad84df" testName="Merge_DisableScd" computerName="BUILDER1" duration="00:00:00.2990268" startTime="2010-04-22T02:17:07.2325614-07:00" endTime="2010-04-22T02:17:07.5390197-07:00" testType="13cdc9d9-ddb5-4fa4-a97d-d965ccfc6d4b" outcome="Passed" testListId="8c84fa94-04c1-424b-9868-57a2d4851a1d" relativeResultsDirectory="cf4f203f-3a53-49b4-a1aa-1460802053a4">
    </UnitTestResult>
    <UnitTestResult executionId="a21639e8-6bf5-4595-8a5b-ce92629ffa43" testId="b94b74f3-8e2d-f9c4-39d4-1fb6264ef490" testName="Merge_IsolationLevel" computerName="BUILDER1" duration="00:00:00.2595490" startTime="2010-04-22T02:17:07.5429361-07:00" endTime="2010-04-22T02:17:07.8102304-07:00" testType="13cdc9d9-ddb5-4fa4-a97d-d965ccfc6d4b" outcome="Passed" testListId="8c84fa94-04c1-424b-9868-57a2d4851a1d" relativeResultsDirectory="a21639e8-6bf5-4595-8a5b-ce92629ffa43">
    </UnitTestResult>
    <UnitTestResult executionId="a3299dfb-2485-40c5-bb7c-d17c5b7ee8f4" testId="39cc03e7-ef0f-cad1-a022-accc8bba6319" testName="Merge_NoUpdate" computerName="BUILDER1" duration="00:00:00.3052521" startTime="2010-04-22T02:17:07.8161050-07:00" endTime="2010-04-22T02:17:08.1284379-07:00" testType="13cdc9d9-ddb5-4fa4-a97d-d965ccfc6d4b" outcome="Passed" testListId="8c84fa94-04c1-424b-9868-57a2d4851a1d" relativeResultsDirectory="a3299dfb-2485-40c5-bb7c-d17c5b7ee8f4">
    </UnitTestResult>
    <UnitTestResult executionId="adce4e7a-fe63-4fdc-b23e-96fb6a7186d9" testId="ce16c7bf-061b-8426-557f-547f0720287b" testName="Merge_PrecedenceConstraint" computerName="BUILDER1" duration="00:00:00.2790004" startTime="2010-04-22T02:17:08.1343125-07:00" endTime="2010-04-22T02:17:08.4202097-07:00" testType="13cdc9d9-ddb5-4fa4-a97d-d965ccfc6d4b" outcome="Passed" testListId="8c84fa94-04c1-424b-9868-57a2d4851a1d" relativeResultsDirectory="adce4e7a-fe63-4fdc-b23e-96fb6a7186d9">
    </UnitTestResult>
    <UnitTestResult executionId="4b093dc4-33af-4f70-826d-a3d2d07a7603" testId="df417eee-2587-b4a7-9b4b-5d955fdd5d8b" testName="Merge_UnspecifiedColumnDefaultUsageType" computerName="BUILDER1" duration="00:00:00.2676540" startTime="2010-04-22T02:17:08.4260843-07:00" endTime="2010-04-22T02:17:08.6992532-07:00" testType="13cdc9d9-ddb5-4fa4-a97d-d965ccfc6d4b" outcome="Passed" testListId="8c84fa94-04c1-424b-9868-57a2d4851a1d" relativeResultsDirectory="4b093dc4-33af-4f70-826d-a3d2d07a7603">
    </UnitTestResult>
    <UnitTestResult executionId="b93ee08f-8162-41c2-9c9d-53d7cb43d217" testId="2d1222c2-5a86-cdd3-5c38-37723763be17" testName="Merge_UpdateTargetTable" computerName="BUILDER1" duration="00:00:00.2260888" startTime="2010-04-22T02:17:08.7041487-07:00" endTime="2010-04-22T02:17:08.9381536-07:00" testType="13cdc9d9-ddb5-4fa4-a97d-d965ccfc6d4b" outcome="Passed" testListId="8c84fa94-04c1-424b-9868-57a2d4851a1d" relativeResultsDirectory="b93ee08f-8162-41c2-9c9d-53d7cb43d217">
    </UnitTestResult>
    <UnitTestResult executionId="83ba936f-9530-4b2a-8ac4-d757ba59c1a7" testId="1be47856-2711-72e7-2877-d20464c10aed" testName="Merge_WithEvent" computerName="BUILDER1" duration="00:00:00.2908556" startTime="2010-04-22T02:17:08.9450073-07:00" endTime="2010-04-22T02:17:09.2436328-07:00" testType="13cdc9d9-ddb5-4fa4-a97d-d965ccfc6d4b" outcome="Passed" testListId="8c84fa94-04c1-424b-9868-57a2d4851a1d" relativeResultsDirectory="83ba936f-9530-4b2a-8ac4-d757ba59c1a7">
    </UnitTestResult>
    <UnitTestResult executionId="f4cfacbc-76b9-4c52-af81-f92cd16a2fbd" testId="8208ce8e-4623-50ba-7d41-e7d571fde043" testName="Package_BasicAndEmpty" computerName="BUILDER1" duration="00:00:00.1722682" startTime="2010-04-22T02:17:09.2485283-07:00" endTime="2010-04-22T02:17:09.4257454-07:00" testType="13cdc9d9-ddb5-4fa4-a97d-d965ccfc6d4b" outcome="Passed" testListId="8c84fa94-04c1-424b-9868-57a2d4851a1d" relativeResultsDirectory="f4cfacbc-76b9-4c52-af81-f92cd16a2fbd">
    </UnitTestResult>
    <UnitTestResult executionId="1b71c249-3944-4d9c-8ec3-999fc657c4d7" testId="94157383-91f7-0549-5b19-c7399d37a967" testName="Package_NoEmit" computerName="BUILDER1" duration="00:00:00.1685781" startTime="2010-04-22T02:17:09.4316200-07:00" endTime="2010-04-22T02:17:09.6068789-07:00" testType="13cdc9d9-ddb5-4fa4-a97d-d965ccfc6d4b" outcome="Passed" testListId="8c84fa94-04c1-424b-9868-57a2d4851a1d" relativeResultsDirectory="1b71c249-3944-4d9c-8ec3-999fc657c4d7">
    </UnitTestResult>
    <UnitTestResult executionId="8a9dc171-7df7-4839-9904-631671a9564b" testId="e2c638c7-aa81-5c41-2279-e79d49c4bfd0" testName="Package_TransformationTemplateInstance" computerName="BUILDER1" duration="00:00:00.2428343" startTime="2010-04-22T02:17:09.6127535-07:00" endTime="2010-04-22T02:17:09.8634031-07:00" testType="13cdc9d9-ddb5-4fa4-a97d-d965ccfc6d4b" outcome="Passed" testListId="8c84fa94-04c1-424b-9868-57a2d4851a1d" relativeResultsDirectory="8a9dc171-7df7-4839-9904-631671a9564b">
    </UnitTestResult>
    <UnitTestResult executionId="50956b4a-6f56-4aa9-ad66-32d110e55949" testId="6500e344-3c21-1255-002f-e8123cbdf729" testName="RetryContainer_Basic" computerName="BUILDER1" duration="00:00:00.2066508" startTime="2010-04-22T02:17:09.8702568-07:00" endTime="2010-04-22T02:17:10.0817424-07:00" testType="13cdc9d9-ddb5-4fa4-a97d-d965ccfc6d4b" outcome="Passed" testListId="8c84fa94-04c1-424b-9868-57a2d4851a1d" relativeResultsDirectory="50956b4a-6f56-4aa9-ad66-32d110e55949">
    </UnitTestResult>
    <UnitTestResult executionId="82bea249-53d9-4ade-9553-1bad6963aedf" testId="6b877421-5707-97e0-97c7-e782922ca1ad" testName="StoredProcedure_Basic" computerName="BUILDER1" duration="00:00:00.2083795" startTime="2010-04-22T02:17:10.0925125-07:00" endTime="2010-04-22T02:17:10.3069354-07:00" testType="13cdc9d9-ddb5-4fa4-a97d-d965ccfc6d4b" outcome="Passed" testListId="8c84fa94-04c1-424b-9868-57a2d4851a1d" relativeResultsDirectory="82bea249-53d9-4ade-9553-1bad6963aedf">
    </UnitTestResult>
    <UnitTestResult executionId="91230a5d-5d51-4fcd-bede-0938d657835e" testId="f7be0885-34af-c0d2-b74b-f8d5a5e3a795" testName="StoredProcedure_Event" computerName="BUILDER1" duration="00:00:00.2386320" startTime="2010-04-22T02:17:10.3108518-07:00" endTime="2010-04-22T02:17:10.5566059-07:00" testType="13cdc9d9-ddb5-4fa4-a97d-d965ccfc6d4b" outcome="Passed" testListId="8c84fa94-04c1-424b-9868-57a2d4851a1d" relativeResultsDirectory="91230a5d-5d51-4fcd-bede-0938d657835e">
    </UnitTestResult>
    <UnitTestResult executionId="5bcca82b-2669-41eb-b385-7c5b308d5c47" testId="e14b5b3b-4656-87d2-543d-14601f0f628d" testName="StoredProcedure_ParametersBasic" computerName="BUILDER1" duration="00:00:00.1831521" startTime="2010-04-22T02:17:10.5585641-07:00" endTime="2010-04-22T02:17:10.7485095-07:00" testType="13cdc9d9-ddb5-4fa4-a97d-d965ccfc6d4b" outcome="Passed" testListId="8c84fa94-04c1-424b-9868-57a2d4851a1d" relativeResultsDirectory="5bcca82b-2669-41eb-b385-7c5b308d5c47">
    </UnitTestResult>
    <UnitTestResult executionId="98c7fa9f-276b-4538-9c01-9cec2cb31ac1" testId="f4a85836-8c32-fb28-ffcb-6401d7e9b590" testName="StoredProcedure_ParametersDefault" computerName="BUILDER1" duration="00:00:00.1832509" startTime="2010-04-22T02:17:10.7514468-07:00" endTime="2010-04-22T02:17:10.9413922-07:00" testType="13cdc9d9-ddb5-4fa4-a97d-d965ccfc6d4b" outcome="Passed" testListId="8c84fa94-04c1-424b-9868-57a2d4851a1d" relativeResultsDirectory="98c7fa9f-276b-4538-9c01-9cec2cb31ac1">
    </UnitTestResult>
    <UnitTestResult executionId="8d1226b8-3e63-4c69-b641-c80d58226d6a" testId="e22dfcc3-ffd5-2132-f085-ac0749af87c9" testName="StoredProcedure_ParametersOutput" computerName="BUILDER1" duration="00:00:00.2060798" startTime="2010-04-22T02:17:10.9462877-07:00" endTime="2010-04-22T02:17:11.1587524-07:00" testType="13cdc9d9-ddb5-4fa4-a97d-d965ccfc6d4b" outcome="Passed" testListId="8c84fa94-04c1-424b-9868-57a2d4851a1d" relativeResultsDirectory="8d1226b8-3e63-4c69-b641-c80d58226d6a">
    </UnitTestResult>
    <UnitTestResult executionId="15637e7b-570a-4760-aae9-20f50f64184b" testId="ff0e7abc-c5ee-40dc-58b7-62698359f3f7" testName="StoredProcedure_ParametersReadOnly" computerName="BUILDER1" duration="00:00:00.1822410" startTime="2010-04-22T02:17:11.1646270-07:00" endTime="2010-04-22T02:17:11.3526142-07:00" testType="13cdc9d9-ddb5-4fa4-a97d-d965ccfc6d4b" outcome="Passed" testListId="8c84fa94-04c1-424b-9868-57a2d4851a1d" relativeResultsDirectory="15637e7b-570a-4760-aae9-20f50f64184b">
    </UnitTestResult>
    <UnitTestResult executionId="41a65346-3bf5-4bea-8331-f38dd6845e4f" testId="457b3044-9413-799b-c6e9-1e4f2e5da8fc" testName="StoredProcedure_Permission" computerName="BUILDER1" duration="00:00:00.2413803" startTime="2010-04-22T02:17:11.3565306-07:00" endTime="2010-04-22T02:17:11.6042429-07:00" testType="13cdc9d9-ddb5-4fa4-a97d-d965ccfc6d4b" outcome="Passed" testListId="8c84fa94-04c1-424b-9868-57a2d4851a1d" relativeResultsDirectory="41a65346-3bf5-4bea-8331-f38dd6845e4f">
    </UnitTestResult>
    <UnitTestResult executionId="db6cec14-73c2-46e0-9365-a00d547c4c25" testId="5be38c6d-35ee-e447-3092-8c010608bfef" testName="StoredProcedure_PrecedenceConstraint" computerName="BUILDER1" duration="00:00:00.1874364" startTime="2010-04-22T02:17:11.6081593-07:00" endTime="2010-04-22T02:17:11.8030002-07:00" testType="13cdc9d9-ddb5-4fa4-a97d-d965ccfc6d4b" outcome="Passed" testListId="8c84fa94-04c1-424b-9868-57a2d4851a1d" relativeResultsDirectory="db6cec14-73c2-46e0-9365-a00d547c4c25">
    </UnitTestResult>
    <UnitTestResult executionId="dc6999cb-ef3b-4044-ab8b-7d536841fb86" testId="14385a63-51b1-0380-f32a-f001d10be915" testName="StoredProcedure_Schema" computerName="BUILDER1" duration="00:00:00.2015655" startTime="2010-04-22T02:17:11.8069166-07:00" endTime="2010-04-22T02:17:12.0144858-07:00" testType="13cdc9d9-ddb5-4fa4-a97d-d965ccfc6d4b" outcome="Passed" testListId="8c84fa94-04c1-424b-9868-57a2d4851a1d" relativeResultsDirectory="dc6999cb-ef3b-4044-ab8b-7d536841fb86">
    </UnitTestResult>
    <UnitTestResult executionId="75a2f4fd-46e7-400d-b48f-e6618cf48d1d" testId="1db5dc0b-acc5-b391-21c6-38e735731bd0" testName="Principal_ApplicationRole" computerName="BUILDER1" duration="00:00:00.2064750" startTime="2010-04-22T02:17:12.0174231-07:00" endTime="2010-04-22T02:17:12.2308669-07:00" testType="13cdc9d9-ddb5-4fa4-a97d-d965ccfc6d4b" outcome="Passed" testListId="8c84fa94-04c1-424b-9868-57a2d4851a1d" relativeResultsDirectory="75a2f4fd-46e7-400d-b48f-e6618cf48d1d">
    </UnitTestResult>
    <UnitTestResult executionId="742efe9b-80ac-491b-9ec0-c7ef2f808c76" testId="147eb792-33f0-d224-015a-85c3ba90358c" testName="Principal_DatabasePermissions" computerName="BUILDER1" duration="00:00:00.1849444" startTime="2010-04-22T02:17:12.2338042-07:00" endTime="2010-04-22T02:17:12.4257078-07:00" testType="13cdc9d9-ddb5-4fa4-a97d-d965ccfc6d4b" outcome="Passed" testListId="8c84fa94-04c1-424b-9868-57a2d4851a1d" relativeResultsDirectory="742efe9b-80ac-491b-9ec0-c7ef2f808c76">
    </UnitTestResult>
    <UnitTestResult executionId="3f167f7f-f1af-4c47-8f30-c7ebdb96b052" testId="f9abbf63-7a7f-75fb-23ee-e8740e1f5877" testName="Principal_DatabaseRole" computerName="BUILDER1" duration="00:00:00.1691484" startTime="2010-04-22T02:17:12.4286451-07:00" endTime="2010-04-22T02:17:12.6029249-07:00" testType="13cdc9d9-ddb5-4fa4-a97d-d965ccfc6d4b" outcome="Passed" testListId="8c84fa94-04c1-424b-9868-57a2d4851a1d" relativeResultsDirectory="3f167f7f-f1af-4c47-8f30-c7ebdb96b052">
    </UnitTestResult>
    <UnitTestResult executionId="0b0e3541-2f4c-4e4e-b1cc-280a3d3e0f4a" testId="c1810f9f-f568-0638-2859-751834fcf8b8" testName="Principal_NoEmit" computerName="BUILDER1" duration="00:00:00.1818623" startTime="2010-04-22T02:17:12.6078204-07:00" endTime="2010-04-22T02:17:12.7967867-07:00" testType="13cdc9d9-ddb5-4fa4-a97d-d965ccfc6d4b" outcome="Passed" testListId="8c84fa94-04c1-424b-9868-57a2d4851a1d" relativeResultsDirectory="0b0e3541-2f4c-4e4e-b1cc-280a3d3e0f4a">
    </UnitTestResult>
    <UnitTestResult executionId="ed1a6ac6-8c4e-481c-b31d-ec1606504ebc" testId="b42cb581-0ff1-4824-b59d-b562971d3661" testName="Principal_SqlUser" computerName="BUILDER1" duration="00:00:00.1945885" startTime="2010-04-22T02:17:12.7997240-07:00" endTime="2010-04-22T02:17:13.0014186-07:00" testType="13cdc9d9-ddb5-4fa4-a97d-d965ccfc6d4b" outcome="Passed" testListId="8c84fa94-04c1-424b-9868-57a2d4851a1d" relativeResultsDirectory="ed1a6ac6-8c4e-481c-b31d-ec1606504ebc">
    </UnitTestResult>
    <UnitTestResult executionId="35da3130-5bed-473a-80fe-3ca8e532d4f9" testId="c72a7203-73ad-ca33-0cbc-63ace5c61baf" testName="Principal_WindowsGroup" computerName="BUILDER1" duration="00:00:00.1872430" startTime="2010-04-22T02:17:13.0043559-07:00" endTime="2010-04-22T02:17:13.1982177-07:00" testType="13cdc9d9-ddb5-4fa4-a97d-d965ccfc6d4b" outcome="Passed" testListId="8c84fa94-04c1-424b-9868-57a2d4851a1d" relativeResultsDirectory="35da3130-5bed-473a-80fe-3ca8e532d4f9">
    </UnitTestResult>
    <UnitTestResult executionId="f9e0c68c-b34b-44d7-8790-6c973d96c35b" testId="7a52f4e0-d561-c4b3-66f7-584536cd6ea6" testName="Principal_WindowsUser" computerName="BUILDER1" duration="00:00:00.1804334" startTime="2010-04-22T02:17:13.2021341-07:00" endTime="2010-04-22T02:17:13.3891422-07:00" testType="13cdc9d9-ddb5-4fa4-a97d-d965ccfc6d4b" outcome="Passed" testListId="8c84fa94-04c1-424b-9868-57a2d4851a1d" relativeResultsDirectory="f9e0c68c-b34b-44d7-8790-6c973d96c35b">
    </UnitTestResult>
    <UnitTestResult executionId="84143628-9797-467e-8958-fd283656582c" testId="dd8e7ae0-e758-e846-5a93-10f70d19335a" testName="Schema_BasicAndEmpty" computerName="BUILDER1" duration="00:00:00.2159658" startTime="2010-04-22T02:17:13.3940377-07:00" endTime="2010-04-22T02:17:13.6172725-07:00" testType="13cdc9d9-ddb5-4fa4-a97d-d965ccfc6d4b" outcome="Passed" testListId="8c84fa94-04c1-424b-9868-57a2d4851a1d" relativeResultsDirectory="84143628-9797-467e-8958-fd283656582c">
    </UnitTestResult>
    <UnitTestResult executionId="675aec2d-0580-47fd-b672-a1ef741f655c" testId="1fcdadbf-24af-f82b-b5d5-927ef78dfedf" testName="Schema_CustomExtensions" computerName="BUILDER1" duration="00:00:00.2096427" startTime="2010-04-22T02:17:13.6221680-07:00" endTime="2010-04-22T02:17:13.8385491-07:00" testType="13cdc9d9-ddb5-4fa4-a97d-d965ccfc6d4b" outcome="Passed" testListId="8c84fa94-04c1-424b-9868-57a2d4851a1d" relativeResultsDirectory="675aec2d-0580-47fd-b672-a1ef741f655c">
    </UnitTestResult>
    <UnitTestResult executionId="9c6cdc4f-13ec-413a-8adc-1db479b770ca" testId="7528a310-3770-c2fe-792d-086a47c766dc" testName="Schema_NoEmit" computerName="BUILDER1" duration="00:00:00.1626300" startTime="2010-04-22T02:17:13.8424655-07:00" endTime="2010-04-22T02:17:14.0118498-07:00" testType="13cdc9d9-ddb5-4fa4-a97d-d965ccfc6d4b" outcome="Passed" testListId="8c84fa94-04c1-424b-9868-57a2d4851a1d" relativeResultsDirectory="9c6cdc4f-13ec-413a-8adc-1db479b770ca">
    </UnitTestResult>
    <UnitTestResult executionId="ac5c7e12-d697-4eaa-96bf-ed150840d122" testId="dfa861b4-fd63-28b0-1e1e-0640d1ea88d2" testName="Schema_Permissions" computerName="BUILDER1" duration="00:00:00.2330463" startTime="2010-04-22T02:17:14.0167453-07:00" endTime="2010-04-22T02:17:14.2556457-07:00" testType="13cdc9d9-ddb5-4fa4-a97d-d965ccfc6d4b" outcome="Passed" testListId="8c84fa94-04c1-424b-9868-57a2d4851a1d" relativeResultsDirectory="ac5c7e12-d697-4eaa-96bf-ed150840d122">
    </UnitTestResult>
    <UnitTestResult executionId="fcda82f7-fe2a-467b-8acf-e23284b4482b" testId="924b790b-c7ac-9a05-ed3e-9b44af5df45a" testName="Table_BasicAndEmpty" computerName="BUILDER1" duration="00:00:00.1823398" startTime="2010-04-22T02:17:14.2605412-07:00" endTime="2010-04-22T02:17:14.4504866-07:00" testType="13cdc9d9-ddb5-4fa4-a97d-d965ccfc6d4b" outcome="Passed" testListId="8c84fa94-04c1-424b-9868-57a2d4851a1d" relativeResultsDirectory="fcda82f7-fe2a-467b-8acf-e23284b4482b">
    </UnitTestResult>
    <UnitTestResult executionId="82ee9aa2-588a-49db-bc34-5d3837ff731b" testId="d86b9d3b-c2bb-9c4e-801d-ba94f9e7357f" testName="Table_Column_DefaultValues" computerName="BUILDER1" duration="00:00:00.1822417" startTime="2010-04-22T02:17:14.4583194-07:00" endTime="2010-04-22T02:17:14.6463066-07:00" testType="13cdc9d9-ddb5-4fa4-a97d-d965ccfc6d4b" outcome="Passed" testListId="8c84fa94-04c1-424b-9868-57a2d4851a1d" relativeResultsDirectory="82ee9aa2-588a-49db-bc34-5d3837ff731b">
    </UnitTestResult>
    <UnitTestResult executionId="73b699b8-6260-48a2-b0cf-8f9ae65cefc7" testId="b41b8ea5-01e0-b4b1-a895-bc9877bcb53f" testName="Table_Column_PermissionBasic" computerName="BUILDER1" duration="00:00:00.2302298" startTime="2010-04-22T02:17:14.6512021-07:00" endTime="2010-04-22T02:17:14.8871652-07:00" testType="13cdc9d9-ddb5-4fa4-a97d-d965ccfc6d4b" outcome="Passed" testListId="8c84fa94-04c1-424b-9868-57a2d4851a1d" relativeResultsDirectory="73b699b8-6260-48a2-b0cf-8f9ae65cefc7">
    </UnitTestResult>
    <UnitTestResult executionId="44542667-0f31-4436-902f-40af62252a07" testId="4805e4e8-2c12-2672-ad60-9c4c73a63e32" testName="Table_Column_Properties" computerName="BUILDER1" duration="00:00:00.1830575" startTime="2010-04-22T02:17:14.8910816-07:00" endTime="2010-04-22T02:17:15.0810270-07:00" testType="13cdc9d9-ddb5-4fa4-a97d-d965ccfc6d4b" outcome="Passed" testListId="8c84fa94-04c1-424b-9868-57a2d4851a1d" relativeResultsDirectory="44542667-0f31-4436-902f-40af62252a07">
    </UnitTestResult>
    <UnitTestResult executionId="635278d6-0dec-4d24-8db8-3e1bcf4210e1" testId="8ffa97a4-94ff-5762-bc24-fa8e3d6a7945" testName="Table_Column_Scd" computerName="BUILDER1" duration="00:00:00.1966227" startTime="2010-04-22T02:17:15.0859225-07:00" endTime="2010-04-22T02:17:15.2885962-07:00" testType="13cdc9d9-ddb5-4fa4-a97d-d965ccfc6d4b" outcome="Passed" testListId="8c84fa94-04c1-424b-9868-57a2d4851a1d" relativeResultsDirectory="635278d6-0dec-4d24-8db8-3e1bcf4210e1">
    </UnitTestResult>
    <UnitTestResult executionId="cbb3ed76-2582-4778-aa1a-2940322ca498" testId="8816bbc5-ea9d-2fdd-6b4e-b000a8ac4f05" testName="Table_Column_Types" computerName="BUILDER1" duration="00:00:00.2278537" startTime="2010-04-22T02:17:15.2925126-07:00" endTime="2010-04-22T02:17:15.5265175-07:00" testType="13cdc9d9-ddb5-4fa4-a97d-d965ccfc6d4b" outcome="Passed" testListId="8c84fa94-04c1-424b-9868-57a2d4851a1d" relativeResultsDirectory="cbb3ed76-2582-4778-aa1a-2940322ca498">
    </UnitTestResult>
    <UnitTestResult executionId="19a88be3-2921-4c5e-83c7-7ebe750c4e73" testId="730b45b9-5c6b-baea-1b72-e1e4b0e2c060" testName="Table_CustomExtensions" computerName="BUILDER1" duration="00:00:00.1958659" startTime="2010-04-22T02:17:15.5333712-07:00" endTime="2010-04-22T02:17:15.7360449-07:00" testType="13cdc9d9-ddb5-4fa4-a97d-d965ccfc6d4b" outcome="Passed" testListId="8c84fa94-04c1-424b-9868-57a2d4851a1d" relativeResultsDirectory="19a88be3-2921-4c5e-83c7-7ebe750c4e73">
    </UnitTestResult>
    <UnitTestResult executionId="df4573b1-d8f0-4893-8d9b-b7309f8a997a" testId="1aa5bc09-8ba9-9bfc-d262-48ae29077ca1" testName="Table_IdentityKey_Basic" computerName="BUILDER1" duration="00:00:00.1809011" startTime="2010-04-22T02:17:15.7438777-07:00" endTime="2010-04-22T02:17:15.9308858-07:00" testType="13cdc9d9-ddb5-4fa4-a97d-d965ccfc6d4b" outcome="Passed" testListId="8c84fa94-04c1-424b-9868-57a2d4851a1d" relativeResultsDirectory="df4573b1-d8f0-4893-8d9b-b7309f8a997a">
    </UnitTestResult>
    <UnitTestResult executionId="3b3ee00a-1830-4cf0-9a89-084ba173f132" testId="7a941737-e78b-d27f-a826-94609f423151" testName="Table_Index_Basic" computerName="BUILDER1" duration="00:00:00.2254018" startTime="2010-04-22T02:17:15.9387186-07:00" endTime="2010-04-22T02:17:16.1707653-07:00" testType="13cdc9d9-ddb5-4fa4-a97d-d965ccfc6d4b" outcome="Passed" testListId="8c84fa94-04c1-424b-9868-57a2d4851a1d" relativeResultsDirectory="3b3ee00a-1830-4cf0-9a89-084ba173f132">
    </UnitTestResult>
    <UnitTestResult executionId="74373fc2-c3d7-4f61-a9ee-908a1b9aafd2" testId="70b0e396-a65f-8ff3-5097-2323b999b44d" testName="Table_Index_ColumnProperties" computerName="BUILDER1" duration="00:00:00.1923404" startTime="2010-04-22T02:17:16.1795772-07:00" endTime="2010-04-22T02:17:16.3793136-07:00" testType="13cdc9d9-ddb5-4fa4-a97d-d965ccfc6d4b" outcome="Passed" testListId="8c84fa94-04c1-424b-9868-57a2d4851a1d" relativeResultsDirectory="74373fc2-c3d7-4f61-a9ee-908a1b9aafd2">
    </UnitTestResult>
    <UnitTestResult executionId="fd99fc3d-8d03-481c-adbf-8f06dba3babe" testId="1794d721-1fc2-8b71-8134-425363b09b2a" testName="Table_Index_Properties" computerName="BUILDER1" duration="00:00:00.1964015" startTime="2010-04-22T02:17:16.3881255-07:00" endTime="2010-04-22T02:17:16.5907992-07:00" testType="13cdc9d9-ddb5-4fa4-a97d-d965ccfc6d4b" outcome="Passed" testListId="8c84fa94-04c1-424b-9868-57a2d4851a1d" relativeResultsDirectory="fd99fc3d-8d03-481c-adbf-8f06dba3babe">
    </UnitTestResult>
    <UnitTestResult executionId="d4eb78d0-a1bb-48ba-a6ed-f9f39ee3c37c" testId="7debae5a-cbb5-e2ab-ec08-0d9975f39189" testName="Table_LateArriving" computerName="BUILDER1" duration="00:00:00.2194367" startTime="2010-04-22T02:17:16.5976529-07:00" endTime="2010-04-22T02:17:16.8238250-07:00" testType="13cdc9d9-ddb5-4fa4-a97d-d965ccfc6d4b" outcome="Passed" testListId="8c84fa94-04c1-424b-9868-57a2d4851a1d" relativeResultsDirectory="d4eb78d0-a1bb-48ba-a6ed-f9f39ee3c37c">
    </UnitTestResult>
    <UnitTestResult executionId="f6c8029b-6f48-49fc-b5f5-f478edfb3948" testId="9a36e55a-a835-253e-6063-dacda3b7f055" testName="Table_PermissionBasic" computerName="BUILDER1" duration="00:00:00.2084508" startTime="2010-04-22T02:17:16.8306787-07:00" endTime="2010-04-22T02:17:17.0470598-07:00" testType="13cdc9d9-ddb5-4fa4-a97d-d965ccfc6d4b" outcome="Passed" testListId="8c84fa94-04c1-424b-9868-57a2d4851a1d" relativeResultsDirectory="f6c8029b-6f48-49fc-b5f5-f478edfb3948">
    </UnitTestResult>
    <UnitTestResult executionId="1c13c027-be91-4c34-8414-fd98e8beda06" testId="9c61f27b-88db-f5d1-7a06-8c599b2166e9" testName="Table_PrimaryKey_Basic" computerName="BUILDER1" duration="00:00:00.2209485" startTime="2010-04-22T02:17:17.0539135-07:00" endTime="2010-04-22T02:17:17.2820438-07:00" testType="13cdc9d9-ddb5-4fa4-a97d-d965ccfc6d4b" outcome="Passed" testListId="8c84fa94-04c1-424b-9868-57a2d4851a1d" relativeResultsDirectory="1c13c027-be91-4c34-8414-fd98e8beda06">
    </UnitTestResult>
    <UnitTestResult executionId="a0133d59-9ae6-4368-b57e-8f2a4c3d27da" testId="195ddd83-238f-1554-003a-e02d5e3c98d1" testName="Table_PrimaryKey_ColumnProperties" computerName="BUILDER1" duration="00:00:00.1860414" startTime="2010-04-22T02:17:17.2888975-07:00" endTime="2010-04-22T02:17:17.4808011-07:00" testType="13cdc9d9-ddb5-4fa4-a97d-d965ccfc6d4b" outcome="Passed" testListId="8c84fa94-04c1-424b-9868-57a2d4851a1d" relativeResultsDirectory="a0133d59-9ae6-4368-b57e-8f2a4c3d27da">
    </UnitTestResult>
    <UnitTestResult executionId="142a168e-4381-4288-a379-b71389a7ade2" testId="33f820e0-dbd9-ffdb-9239-52c7bf2d596a" testName="Table_PrimaryKey_Properties" computerName="BUILDER1" duration="00:00:00.1879439" startTime="2010-04-22T02:17:17.4886339-07:00" endTime="2010-04-22T02:17:17.6824957-07:00" testType="13cdc9d9-ddb5-4fa4-a97d-d965ccfc6d4b" outcome="Passed" testListId="8c84fa94-04c1-424b-9868-57a2d4851a1d" relativeResultsDirectory="142a168e-4381-4288-a379-b71389a7ade2">
    </UnitTestResult>
    <UnitTestResult executionId="facef0c9-cbe0-4596-b649-533da488cb1f" testId="7d14f545-bbf2-2590-6f5e-6e7fc27db82f" testName="Table_Schema" computerName="BUILDER1" duration="00:00:00.2245613" startTime="2010-04-22T02:17:17.6913076-07:00" endTime="2010-04-22T02:17:17.9233543-07:00" testType="13cdc9d9-ddb5-4fa4-a97d-d965ccfc6d4b" outcome="Passed" testListId="8c84fa94-04c1-424b-9868-57a2d4851a1d" relativeResultsDirectory="facef0c9-cbe0-4596-b649-533da488cb1f">
    </UnitTestResult>
    <UnitTestResult executionId="2bb97388-1a88-41d5-8f98-7950b42d6951" testId="7cb124d4-0ee5-dd8a-02e1-96ad4a08d0f0" testName="Table_SpacedTable" computerName="BUILDER1" duration="00:00:00.1849408" startTime="2010-04-22T02:17:17.9311871-07:00" endTime="2010-04-22T02:17:18.1230907-07:00" testType="13cdc9d9-ddb5-4fa4-a97d-d965ccfc6d4b" outcome="Passed" testListId="8c84fa94-04c1-424b-9868-57a2d4851a1d" relativeResultsDirectory="2bb97388-1a88-41d5-8f98-7950b42d6951">
    </UnitTestResult>
    <UnitTestResult executionId="e57a2081-f288-4b5b-a6d4-970684b3a7b0" testId="5cdf29e9-f21f-1ac1-73c1-8e610507a243" testName="Table_StaticSource_Basic" computerName="BUILDER1" duration="00:00:00.0002242" startTime="2010-04-22T02:17:18.1299444-07:00" endTime="2010-04-22T02:17:18.1358190-07:00" testType="13cdc9d9-ddb5-4fa4-a97d-d965ccfc6d4b" outcome="Passed" testListId="8c84fa94-04c1-424b-9868-57a2d4851a1d" relativeResultsDirectory="e57a2081-f288-4b5b-a6d4-970684b3a7b0">
    </UnitTestResult>
    <UnitTestResult executionId="276f7a89-7c2f-480a-9e71-26f3fddf3bc4" testId="17790aae-7771-59e4-ebb5-a5b327afffbe" testName="Table_StaticSource_NoEmitMergePackage" computerName="BUILDER1" duration="00:00:00.2414670" startTime="2010-04-22T02:17:18.1416936-07:00" endTime="2010-04-22T02:17:18.3894059-07:00" testType="13cdc9d9-ddb5-4fa4-a97d-d965ccfc6d4b" outcome="Passed" testListId="8c84fa94-04c1-424b-9868-57a2d4851a1d" relativeResultsDirectory="276f7a89-7c2f-480a-9e71-26f3fddf3bc4">
    </UnitTestResult>
    <UnitTestResult executionId="5c543dcd-f9bd-4da4-96ae-355921cd59b5" testId="018605e8-df01-984e-0a0d-37a9e4f7511c" testName="Table_UniqueKey_Basic" computerName="BUILDER1" duration="00:00:00.1925560" startTime="2010-04-22T02:17:18.3952805-07:00" endTime="2010-04-22T02:17:18.5920796-07:00" testType="13cdc9d9-ddb5-4fa4-a97d-d965ccfc6d4b" outcome="Passed" testListId="8c84fa94-04c1-424b-9868-57a2d4851a1d" relativeResultsDirectory="5c543dcd-f9bd-4da4-96ae-355921cd59b5">
    </UnitTestResult>
    <UnitTestResult executionId="5f2fed4a-1238-4360-bc82-d9bd7598f973" testId="d5c6b7ae-1c30-93c6-4fd6-c075f5032b7d" testName="Table_UniqueKey_ColumnProperties" computerName="BUILDER1" duration="00:00:00.1864989" startTime="2010-04-22T02:17:18.5999124-07:00" endTime="2010-04-22T02:17:18.7918160-07:00" testType="13cdc9d9-ddb5-4fa4-a97d-d965ccfc6d4b" outcome="Passed" testListId="8c84fa94-04c1-424b-9868-57a2d4851a1d" relativeResultsDirectory="5f2fed4a-1238-4360-bc82-d9bd7598f973">
    </UnitTestResult>
    <UnitTestResult executionId="a4c73b48-f644-470f-9cc6-af9c8c162e19" testId="5e4e6370-97b6-9dfb-b998-668ff69fd670" testName="Table_UniqueKey_Properties" computerName="BUILDER1" duration="00:00:00.2175135" startTime="2010-04-22T02:17:18.7996488-07:00" endTime="2010-04-22T02:17:19.0238627-07:00" testType="13cdc9d9-ddb5-4fa4-a97d-d965ccfc6d4b" outcome="Passed" testListId="8c84fa94-04c1-424b-9868-57a2d4851a1d" relativeResultsDirectory="a4c73b48-f644-470f-9cc6-af9c8c162e19">
    </UnitTestResult>
    <UnitTestResult executionId="904d4d78-1ce8-4c71-a728-16bff94d67be" testId="4d56e203-0b3b-fb28-83e6-b090f90bf976" testName="EtlNode_HasDuplicateTransformNames" computerName="BUILDER1" duration="00:00:00.1024026" startTime="2010-04-22T02:17:19.0307164-07:00" endTime="2010-04-22T02:17:19.1403756-07:00" testType="13cdc9d9-ddb5-4fa4-a97d-d965ccfc6d4b" outcome="Passed" testListId="8c84fa94-04c1-424b-9868-57a2d4851a1d" relativeResultsDirectory="904d4d78-1ce8-4c71-a728-16bff94d67be">
    </UnitTestResult>
    <UnitTestResult executionId="7231173b-2d9f-47ec-8171-d6f899bb09a3" testId="6e8aa6c3-f068-5527-7b4d-937cd0de7059" testName="Variable_WithUnderscore" computerName="BUILDER1" duration="00:00:00.0838764" startTime="2010-04-22T02:17:19.1482084-07:00" endTime="2010-04-22T02:17:19.2373065-07:00" testType="13cdc9d9-ddb5-4fa4-a97d-d965ccfc6d4b" outcome="Passed" testListId="8c84fa94-04c1-424b-9868-57a2d4851a1d" relativeResultsDirectory="7231173b-2d9f-47ec-8171-d6f899bb09a3">
    </UnitTestResult>
    <UnitTestResult executionId="8feab53e-9cd7-491b-8464-f5f824e916e9" testId="44e34b86-55da-39f2-0b4c-f3e3fd71a856" testName="Table_StaticSourceBadBitValue" computerName="BUILDER1" duration="00:00:00.0958124" startTime="2010-04-22T02:17:19.2441602-07:00" endTime="2010-04-22T02:17:19.3459866-07:00" testType="13cdc9d9-ddb5-4fa4-a97d-d965ccfc6d4b" outcome="Passed" testListId="8c84fa94-04c1-424b-9868-57a2d4851a1d" relativeResultsDirectory="8feab53e-9cd7-491b-8464-f5f824e916e9">
    </UnitTestResult>
    <UnitTestResult executionId="19711c8f-cffe-4b22-8547-9715340a9837" testId="8ddde8d1-62ee-9348-c793-5d0a6d2eb141" testName="Table_StaticSourceDuplicateKeyValues" computerName="BUILDER1" duration="00:00:00.0862530" startTime="2010-04-22T02:17:19.3538194-07:00" endTime="2010-04-22T02:17:19.4448757-07:00" testType="13cdc9d9-ddb5-4fa4-a97d-d965ccfc6d4b" outcome="Passed" testListId="8c84fa94-04c1-424b-9868-57a2d4851a1d" relativeResultsDirectory="19711c8f-cffe-4b22-8547-9715340a9837">
    </UnitTestResult>
    <UnitTestResult executionId="02fa1e0e-7c6b-45e3-9214-f41003a717b4" testId="c9aac1ae-f2c4-280c-8332-76bc3d13cc9a" testName="Table_StaticSourceEscapedQuotes" computerName="BUILDER1" duration="00:00:00.0836996" startTime="2010-04-22T02:17:19.4527085-07:00" endTime="2010-04-22T02:17:19.5418066-07:00" testType="13cdc9d9-ddb5-4fa4-a97d-d965ccfc6d4b" outcome="Passed" testListId="8c84fa94-04c1-424b-9868-57a2d4851a1d" relativeResultsDirectory="02fa1e0e-7c6b-45e3-9214-f41003a717b4">
    </UnitTestResult>
    <UnitTestResult executionId="f18f4eb4-84ff-41c4-9f76-f2f03389e463" testId="cdda292a-f991-f7b6-9404-61cd09b58dde" testName="Table_StaticSourceValidation" computerName="BUILDER1" duration="00:00:00.1157748" startTime="2010-04-22T02:17:19.5476812-07:00" endTime="2010-04-22T02:17:19.6700687-07:00" testType="13cdc9d9-ddb5-4fa4-a97d-d965ccfc6d4b" outcome="Passed" testListId="8c84fa94-04c1-424b-9868-57a2d4851a1d" relativeResultsDirectory="f18f4eb4-84ff-41c4-9f76-f2f03389e463">
    </UnitTestResult>
    <UnitTestResult executionId="05149d37-ac50-474a-8bfe-44cdf9e2d25e" testId="6d07095c-1369-a08f-3fef-978a01e50c05" testName="Table_StaticSourceValues" computerName="BUILDER1" duration="00:00:00.0858337" startTime="2010-04-22T02:17:19.6808388-07:00" endTime="2010-04-22T02:17:19.7718951-07:00" testType="13cdc9d9-ddb5-4fa4-a97d-d965ccfc6d4b" outcome="Passed" testListId="8c84fa94-04c1-424b-9868-57a2d4851a1d" relativeResultsDirectory="05149d37-ac50-474a-8bfe-44cdf9e2d25e">
    </UnitTestResult>
    <UnitTestResult executionId="ec1b57a0-8c55-425c-b578-adfbc107530c" testId="1e307603-9cc5-6187-9fd4-c62f632f26fe" testName="CalculatedMemberAssociatedMeasureGroup" computerName="BUILDER1" duration="00:00:01.3045013" startTime="2010-04-22T02:17:19.7797279-07:00" endTime="2010-04-22T02:17:21.0897637-07:00" testType="13cdc9d9-ddb5-4fa4-a97d-d965ccfc6d4b" outcome="Passed" testListId="8c84fa94-04c1-424b-9868-57a2d4851a1d" relativeResultsDirectory="ec1b57a0-8c55-425c-b578-adfbc107530c">
      <Output>
        <StdOut>Emitted DataSource C:\BuildAgent\work\c1e1d8ccf6867220\Vulcan\AnalysisResults\TestResults[9]\Out\VulcanTests.Ssas2008EmitterTests_Calculation.CalculatedMemberAssociatedMG_PRE.xml_\SSAS\Conn1.ds
Emitted Dimension C:\BuildAgent\work\c1e1d8ccf6867220\Vulcan\AnalysisResults\TestResults[9]\Out\VulcanTests.Ssas2008EmitterTests_Calculation.CalculatedMemberAssociatedMG_PRE.xml_\SSAS\DimCustomer.dim
Emitted Cube C:\BuildAgent\work\c1e1d8ccf6867220\Vulcan\AnalysisResults\TestResults[9]\Out\VulcanTests.Ssas2008EmitterTests_Calculation.CalculatedMemberAssociatedMG_PRE.xml_\SSAS\InternetSales.cube</StdOut>
      </Output>
    </UnitTestResult>
    <UnitTestResult executionId="68c34049-4f1f-45b9-aac1-20132c042785" testId="d4dd639d-b29c-4083-c931-9790d67ca557" testName="CalculatedMemberMeasureFormat" computerName="BUILDER1" duration="00:00:00.2238529" startTime="2010-04-22T02:17:21.0966174-07:00" endTime="2010-04-22T02:17:21.3267059-07:00" testType="13cdc9d9-ddb5-4fa4-a97d-d965ccfc6d4b" outcome="Passed" testListId="8c84fa94-04c1-424b-9868-57a2d4851a1d" relativeResultsDirectory="68c34049-4f1f-45b9-aac1-20132c042785">
      <Output>
        <StdOut>Emitted DataSource C:\BuildAgent\work\c1e1d8ccf6867220\Vulcan\AnalysisResults\TestResults[9]\Out\VulcanTests.Ssas2008EmitterTests_Calculation.CalculatedMemberMeasureFormat_PRE.xml_\SSAS\Conn1.ds
Emitted Dimension C:\BuildAgent\work\c1e1d8ccf6867220\Vulcan\AnalysisResults\TestResults[9]\Out\VulcanTests.Ssas2008EmitterTests_Calculation.CalculatedMemberMeasureFormat_PRE.xml_\SSAS\DimCustomer.dim
Emitted Cube C:\BuildAgent\work\c1e1d8ccf6867220\Vulcan\AnalysisResults\TestResults[9]\Out\VulcanTests.Ssas2008EmitterTests_Calculation.CalculatedMemberMeasureFormat_PRE.xml_\SSAS\InternetSales.cube</StdOut>
      </Output>
    </UnitTestResult>
    <UnitTestResult executionId="d3c2098f-69e6-4759-8a12-f9cb573af634" testId="f18c0df0-f29f-8733-55e1-1ec5f73e48e2" testName="Cube_Actions" computerName="BUILDER1" duration="00:00:00.2470037" startTime="2010-04-22T02:17:21.3355178-07:00" endTime="2010-04-22T02:17:21.5881256-07:00" testType="13cdc9d9-ddb5-4fa4-a97d-d965ccfc6d4b" outcome="Passed" testListId="8c84fa94-04c1-424b-9868-57a2d4851a1d" relativeResultsDirectory="d3c2098f-69e6-4759-8a12-f9cb573af634">
      <Output>
        <StdOut>Emitted DataSource C:\BuildAgent\work\c1e1d8ccf6867220\Vulcan\AnalysisResults\TestResults[9]\Out\VulcanTests.Ssas2008EmitterTests_Cube.Actions_PRE.xml_\SSAS\Conn1.ds
Emitted Dimension C:\BuildAgent\work\c1e1d8ccf6867220\Vulcan\AnalysisResults\TestResults[9]\Out\VulcanTests.Ssas2008EmitterTests_Cube.Actions_PRE.xml_\SSAS\DimCustomer.dim
Emitted Cube C:\BuildAgent\work\c1e1d8ccf6867220\Vulcan\AnalysisResults\TestResults[9]\Out\VulcanTests.Ssas2008EmitterTests_Cube.Actions_PRE.xml_\SSAS\InternetSales.cube</StdOut>
      </Output>
    </UnitTestResult>
    <UnitTestResult executionId="9fbf3b70-3407-459b-bb55-02aa96fbddbe" testId="ba62f038-fefc-af41-aaa5-8e542f7f3e57" testName="Cube_Basic" computerName="BUILDER1" duration="00:00:00.1686727" startTime="2010-04-22T02:17:21.5959584-07:00" endTime="2010-04-22T02:17:21.7712173-07:00" testType="13cdc9d9-ddb5-4fa4-a97d-d965ccfc6d4b" outcome="Passed" testListId="8c84fa94-04c1-424b-9868-57a2d4851a1d" relativeResultsDirectory="9fbf3b70-3407-459b-bb55-02aa96fbddbe">
      <Output>
        <StdOut>Emitted DataSource C:\BuildAgent\work\c1e1d8ccf6867220\Vulcan\AnalysisResults\TestResults[9]\Out\VulcanTests.Ssas2008EmitterTests_Cube.Basic_PRE.xml_\SSAS\Conn1.ds
Emitted Dimension C:\BuildAgent\work\c1e1d8ccf6867220\Vulcan\AnalysisResults\TestResults[9]\Out\VulcanTests.Ssas2008EmitterTests_Cube.Basic_PRE.xml_\SSAS\DimCustomer.dim
Emitted Cube C:\BuildAgent\work\c1e1d8ccf6867220\Vulcan\AnalysisResults\TestResults[9]\Out\VulcanTests.Ssas2008EmitterTests_Cube.Basic_PRE.xml_\SSAS\InternetSales.cube</StdOut>
      </Output>
    </UnitTestResult>
    <UnitTestResult executionId="49e8fa71-1abb-4302-8f81-e9e57cbc1358" testId="d401bc94-40ba-afac-53fc-8cf870a428da" testName="Cube_Calculations" computerName="BUILDER1" duration="00:00:00.2171411" startTime="2010-04-22T02:17:21.7790501-07:00" endTime="2010-04-22T02:17:22.0013058-07:00" testType="13cdc9d9-ddb5-4fa4-a97d-d965ccfc6d4b" outcome="Passed" testListId="8c84fa94-04c1-424b-9868-57a2d4851a1d" relativeResultsDirectory="49e8fa71-1abb-4302-8f81-e9e57cbc1358">
      <Output>
        <StdOut>Emitted DataSource C:\BuildAgent\work\c1e1d8ccf6867220\Vulcan\AnalysisResults\TestResults[9]\Out\VulcanTests.Ssas2008EmitterTests_Cube.Calculations_PRE.xml_\SSAS\Conn1.ds
Emitted Dimension C:\BuildAgent\work\c1e1d8ccf6867220\Vulcan\AnalysisResults\TestResults[9]\Out\VulcanTests.Ssas2008EmitterTests_Cube.Calculations_PRE.xml_\SSAS\DimCustomer.dim
Emitted Cube C:\BuildAgent\work\c1e1d8ccf6867220\Vulcan\AnalysisResults\TestResults[9]\Out\VulcanTests.Ssas2008EmitterTests_Cube.Calculations_PRE.xml_\SSAS\InternetSales.cube</StdOut>
      </Output>
    </UnitTestResult>
    <UnitTestResult executionId="464c9644-770d-4631-963c-20240b97e9d3" testId="b96f406a-8a3c-8f55-a542-9570256fd35b" testName="Cube_DistinctCount" computerName="BUILDER1" duration="00:00:00.1826485" startTime="2010-04-22T02:17:22.0120759-07:00" endTime="2010-04-22T02:17:22.2010422-07:00" testType="13cdc9d9-ddb5-4fa4-a97d-d965ccfc6d4b" outcome="Passed" testListId="8c84fa94-04c1-424b-9868-57a2d4851a1d" relativeResultsDirectory="464c9644-770d-4631-963c-20240b97e9d3">
      <Output>
        <StdOut>Emitted DataSource C:\BuildAgent\work\c1e1d8ccf6867220\Vulcan\AnalysisResults\TestResults[9]\Out\VulcanTests.Ssas2008EmitterTests_Cube.DistinctCount_PRE.xml_\SSAS\AdventureWorksDW2008.ds
Emitted DataSource C:\BuildAgent\work\c1e1d8ccf6867220\Vulcan\AnalysisResults\TestResults[9]\Out\VulcanTests.Ssas2008EmitterTests_Cube.DistinctCount_PRE.xml_\SSAS\AdvWorksCube.ds
Emitted Dimension C:\BuildAgent\work\c1e1d8ccf6867220\Vulcan\AnalysisResults\TestResults[9]\Out\VulcanTests.Ssas2008EmitterTests_Cube.DistinctCount_PRE.xml_\SSAS\DimCustomer.dim
Emitted Cube C:\BuildAgent\work\c1e1d8ccf6867220\Vulcan\AnalysisResults\TestResults[9]\Out\VulcanTests.Ssas2008EmitterTests_Cube.DistinctCount_PRE.xml_\SSAS\InternetSales.cube</StdOut>
      </Output>
    </UnitTestResult>
    <UnitTestResult executionId="2c1a3336-c4ca-4cf4-964e-9330b0105881" testId="149374da-a406-d08a-f492-570df8a8565b" testName="Cube_Hierarchy" computerName="BUILDER1" duration="00:00:00.2610424" startTime="2010-04-22T02:17:22.2069168-07:00" endTime="2010-04-22T02:17:22.4742111-07:00" testType="13cdc9d9-ddb5-4fa4-a97d-d965ccfc6d4b" outcome="Passed" testListId="8c84fa94-04c1-424b-9868-57a2d4851a1d" relativeResultsDirectory="2c1a3336-c4ca-4cf4-964e-9330b0105881">
      <Output>
        <StdOut>Emitted DataSource C:\BuildAgent\work\c1e1d8ccf6867220\Vulcan\AnalysisResults\TestResults[9]\Out\VulcanTests.Ssas2008EmitterTests_Cube.Hierarchy_PRE.xml_\SSAS\Conn1.ds
Emitted Dimension C:\BuildAgent\work\c1e1d8ccf6867220\Vulcan\AnalysisResults\TestResults[9]\Out\VulcanTests.Ssas2008EmitterTests_Cube.Hierarchy_PRE.xml_\SSAS\DimGeography.dim
Emitted Cube C:\BuildAgent\work\c1e1d8ccf6867220\Vulcan\AnalysisResults\TestResults[9]\Out\VulcanTests.Ssas2008EmitterTests_Cube.Hierarchy_PRE.xml_\SSAS\InternetSales.cube</StdOut>
      </Output>
    </UnitTestResult>
    <UnitTestResult executionId="b2dac860-1da6-42e0-aac8-64a42bc01487" testId="3c499f81-2798-1752-241f-2880a3cdf90e" testName="Cube_Kpi" computerName="BUILDER1" duration="00:00:00.2057157" startTime="2010-04-22T02:17:22.4800857-07:00" endTime="2010-04-22T02:17:22.6915535-07:00" testType="13cdc9d9-ddb5-4fa4-a97d-d965ccfc6d4b" outcome="Passed" testListId="8c84fa94-04c1-424b-9868-57a2d4851a1d" relativeResultsDirectory="b2dac860-1da6-42e0-aac8-64a42bc01487">
      <Output>
        <StdOut>Emitted DataSource C:\BuildAgent\work\c1e1d8ccf6867220\Vulcan\AnalysisResults\TestResults[9]\Out\VulcanTests.Ssas2008EmitterTests_Cube.KPI_PRE.xml_\SSAS\Conn1.ds
Emitted Dimension C:\BuildAgent\work\c1e1d8ccf6867220\Vulcan\AnalysisResults\TestResults[9]\Out\VulcanTests.Ssas2008EmitterTests_Cube.KPI_PRE.xml_\SSAS\DimCustomer.dim
Emitted Cube C:\BuildAgent\work\c1e1d8ccf6867220\Vulcan\AnalysisResults\TestResults[9]\Out\VulcanTests.Ssas2008EmitterTests_Cube.KPI_PRE.xml_\SSAS\InternetSales.cube</StdOut>
      </Output>
    </UnitTestResult>
    <UnitTestResult executionId="b891cb08-b697-4bd7-bcff-a80ce81a0e0b" testId="87cfb13c-90e8-bbed-52ea-aeea27046685" testName="Cube_Measures" computerName="BUILDER1" duration="00:00:00.1765741" startTime="2010-04-22T02:17:22.6974275-07:00" endTime="2010-04-22T02:17:22.8785425-07:00" testType="13cdc9d9-ddb5-4fa4-a97d-d965ccfc6d4b" outcome="Passed" testListId="8c84fa94-04c1-424b-9868-57a2d4851a1d" relativeResultsDirectory="b891cb08-b697-4bd7-bcff-a80ce81a0e0b">
      <Output>
        <StdOut>Emitted DataSource C:\BuildAgent\work\c1e1d8ccf6867220\Vulcan\AnalysisResults\TestResults[9]\Out\VulcanTests.Ssas2008EmitterTests_Cube.Measures_PRE.xml_\SSAS\Conn1.ds
Emitted Dimension C:\BuildAgent\work\c1e1d8ccf6867220\Vulcan\AnalysisResults\TestResults[9]\Out\VulcanTests.Ssas2008EmitterTests_Cube.Measures_PRE.xml_\SSAS\DimCustomer.dim
Emitted Cube C:\BuildAgent\work\c1e1d8ccf6867220\Vulcan\AnalysisResults\TestResults[9]\Out\VulcanTests.Ssas2008EmitterTests_Cube.Measures_PRE.xml_\SSAS\InternetSales.cube</StdOut>
      </Output>
    </UnitTestResult>
    <UnitTestResult executionId="b4a144c3-9f9f-43c6-b871-24772f978bd5" testId="f778edf3-3682-a6e1-2095-10ef4134e195" testName="Cube_Perspectives" computerName="BUILDER1" duration="00:00:00.2889519" startTime="2010-04-22T02:17:22.8844165-07:00" endTime="2010-04-22T02:17:23.1800745-07:00" testType="13cdc9d9-ddb5-4fa4-a97d-d965ccfc6d4b" outcome="Passed" testListId="8c84fa94-04c1-424b-9868-57a2d4851a1d" relativeResultsDirectory="b4a144c3-9f9f-43c6-b871-24772f978bd5">
      <Output>
        <StdOut>Emitted DataSource C:\BuildAgent\work\c1e1d8ccf6867220\Vulcan\AnalysisResults\TestResults[9]\Out\VulcanTests.Ssas2008EmitterTests_Cube.Perspectives_PRE.xml_\SSAS\Conn1.ds
Emitted Dimension C:\BuildAgent\work\c1e1d8ccf6867220\Vulcan\AnalysisResults\TestResults[9]\Out\VulcanTests.Ssas2008EmitterTests_Cube.Perspectives_PRE.xml_\SSAS\DimCustomer.dim
Emitted Cube C:\BuildAgent\work\c1e1d8ccf6867220\Vulcan\AnalysisResults\TestResults[9]\Out\VulcanTests.Ssas2008EmitterTests_Cube.Perspectives_PRE.xml_\SSAS\InternetSales.cube</StdOut>
      </Output>
    </UnitTestResult>
    <UnitTestResult executionId="6ae099d2-40bf-41c1-bd54-e657bf4db582" testId="39da06b8-da9a-5e14-1f69-ff07783ddf10" testName="Cube_Translations" computerName="BUILDER1" duration="00:00:00.1949308" startTime="2010-04-22T02:17:23.1849695-07:00" endTime="2010-04-22T02:17:23.3856645-07:00" testType="13cdc9d9-ddb5-4fa4-a97d-d965ccfc6d4b" outcome="Passed" testListId="8c84fa94-04c1-424b-9868-57a2d4851a1d" relativeResultsDirectory="6ae099d2-40bf-41c1-bd54-e657bf4db582">
      <Output>
        <StdOut>Emitted DataSource C:\BuildAgent\work\c1e1d8ccf6867220\Vulcan\AnalysisResults\TestResults[9]\Out\VulcanTests.Ssas2008EmitterTests_Cube.Translations_PRE.xml_\SSAS\Conn1.ds
Emitted Dimension C:\BuildAgent\work\c1e1d8ccf6867220\Vulcan\AnalysisResults\TestResults[9]\Out\VulcanTests.Ssas2008EmitterTests_Cube.Translations_PRE.xml_\SSAS\DimCustomer.dim
Emitted Cube C:\BuildAgent\work\c1e1d8ccf6867220\Vulcan\AnalysisResults\TestResults[9]\Out\VulcanTests.Ssas2008EmitterTests_Cube.Translations_PRE.xml_\SSAS\InternetSales.cube</StdOut>
      </Output>
    </UnitTestResult>
    <UnitTestResult executionId="50d3981c-4e28-4bc4-b18c-fec639fe9f5c" testId="a0e4c3d2-ce7e-3cb8-f1fa-24cfcba5123f" testName="DataSource_Basic" computerName="BUILDER1" duration="00:00:00.1242090" startTime="2010-04-22T02:17:23.3915385-07:00" endTime="2010-04-22T02:17:23.5217455-07:00" testType="13cdc9d9-ddb5-4fa4-a97d-d965ccfc6d4b" outcome="Passed" testListId="8c84fa94-04c1-424b-9868-57a2d4851a1d" relativeResultsDirectory="50d3981c-4e28-4bc4-b18c-fec639fe9f5c">
      <Output>
        <StdOut>Emitted DataSource C:\BuildAgent\work\c1e1d8ccf6867220\Vulcan\AnalysisResults\TestResults[9]\Out\VulcanTests.Ssas2008EmitterTests_DataSource.Basic_PRE.xml_\SSAS\Conn1.ds
Emitted Cube C:\BuildAgent\work\c1e1d8ccf6867220\Vulcan\AnalysisResults\TestResults[9]\Out\VulcanTests.Ssas2008EmitterTests_DataSource.Basic_PRE.xml_\SSAS\Cube1.cube</StdOut>
      </Output>
    </UnitTestResult>
    <UnitTestResult executionId="e4fd12ce-efcf-4336-880d-82e6518372c6" testId="f27305fa-985b-eec0-8b4e-8bf6c2a7d716" testName="DataSourceView_MultipleKeysReferringToSameTable" computerName="BUILDER1" duration="00:00:00.2684748" startTime="2010-04-22T02:17:23.5295775-07:00" endTime="2010-04-22T02:17:23.8036975-07:00" testType="13cdc9d9-ddb5-4fa4-a97d-d965ccfc6d4b" outcome="Passed" testListId="8c84fa94-04c1-424b-9868-57a2d4851a1d" relativeResultsDirectory="e4fd12ce-efcf-4336-880d-82e6518372c6">
      <Output>
        <StdOut>Emitted DataSource C:\BuildAgent\work\c1e1d8ccf6867220\Vulcan\AnalysisResults\TestResults[9]\Out\VulcanTests.Ssas2008EmitterTests_DataSourceView.MultipleKeysReferringToSameTable_PRE.xml_\SSAS\AdventureWorksDW2008.ds
Emitted DataSource C:\BuildAgent\work\c1e1d8ccf6867220\Vulcan\AnalysisResults\TestResults[9]\Out\VulcanTests.Ssas2008EmitterTests_DataSourceView.MultipleKeysReferringToSameTable_PRE.xml_\SSAS\AdvWorksCube.ds
Emitted Dimension C:\BuildAgent\work\c1e1d8ccf6867220\Vulcan\AnalysisResults\TestResults[9]\Out\VulcanTests.Ssas2008EmitterTests_DataSourceView.MultipleKeysReferringToSameTable_PRE.xml_\SSAS\DimCustomer.dim
Emitted Dimension C:\BuildAgent\work\c1e1d8ccf6867220\Vulcan\AnalysisResults\TestResults[9]\Out\VulcanTests.Ssas2008EmitterTests_DataSourceView.MultipleKeysReferringToSameTable_PRE.xml_\SSAS\DimGeography.dim
Emitted Dimension C:\BuildAgent\work\c1e1d8ccf6867220\Vulcan\AnalysisResults\TestResults[9]\Out\VulcanTests.Ssas2008EmitterTests_DataSourceView.MultipleKeysReferringToSameTable_PRE.xml_\SSAS\DimReseller.dim
Emitted Cube C:\BuildAgent\work\c1e1d8ccf6867220\Vulcan\AnalysisResults\TestResults[9]\Out\VulcanTests.Ssas2008EmitterTests_DataSourceView.MultipleKeysReferringToSameTable_PRE.xml_\SSAS\AdvWorks.cube</StdOut>
      </Output>
    </UnitTestResult>
    <UnitTestResult executionId="383bd49b-f8df-4251-93d5-90423522dc14" testId="cadbaa20-d1c1-cc97-c968-565bf0734170" testName="DataSourceView_NoUniqueConstraint" computerName="BUILDER1" duration="00:00:00.1551650" startTime="2010-04-22T02:17:23.8095715-07:00" endTime="2010-04-22T02:17:23.9711065-07:00" testType="13cdc9d9-ddb5-4fa4-a97d-d965ccfc6d4b" outcome="Passed" testListId="8c84fa94-04c1-424b-9868-57a2d4851a1d" relativeResultsDirectory="383bd49b-f8df-4251-93d5-90423522dc14">
      <Output>
        <StdOut>Emitted DataSource C:\BuildAgent\work\c1e1d8ccf6867220\Vulcan\AnalysisResults\TestResults[9]\Out\VulcanTests.Ssas2008EmitterTests_DataSourceView.NoUniqueConstraint_PRE.xml_\SSAS\Conn1.ds
Emitted DataSource C:\BuildAgent\work\c1e1d8ccf6867220\Vulcan\AnalysisResults\TestResults[9]\Out\VulcanTests.Ssas2008EmitterTests_DataSourceView.NoUniqueConstraint_PRE.xml_\SSAS\CubeConn1.ds
Emitted Dimension C:\BuildAgent\work\c1e1d8ccf6867220\Vulcan\AnalysisResults\TestResults[9]\Out\VulcanTests.Ssas2008EmitterTests_DataSourceView.NoUniqueConstraint_PRE.xml_\SSAS\DimCustomer.dim
Emitted Cube C:\BuildAgent\work\c1e1d8ccf6867220\Vulcan\AnalysisResults\TestResults[9]\Out\VulcanTests.Ssas2008EmitterTests_DataSourceView.NoUniqueConstraint_PRE.xml_\SSAS\Cube1.cube</StdOut>
      </Output>
    </UnitTestResult>
    <UnitTestResult executionId="4eb39ad3-e169-443d-af68-618d8f184f2c" testId="6931d0af-3d95-e098-c636-e32fcb8bf44d" testName="DataSourceView_TwoMeasureGroupsSameFact" computerName="BUILDER1" duration="00:00:00.1539432" startTime="2010-04-22T02:17:23.9760015-07:00" endTime="2010-04-22T02:17:24.1355785-07:00" testType="13cdc9d9-ddb5-4fa4-a97d-d965ccfc6d4b" outcome="Passed" testListId="8c84fa94-04c1-424b-9868-57a2d4851a1d" relativeResultsDirectory="4eb39ad3-e169-443d-af68-618d8f184f2c">
      <Output>
        <StdOut>Emitted DataSource C:\BuildAgent\work\c1e1d8ccf6867220\Vulcan\AnalysisResults\TestResults[9]\Out\VulcanTests.Ssas2008EmitterTests_DataSourceView.TwoMeasureGroupsSameFact_PRE.xml_\SSAS\AdventureWorksDW2008.ds
Emitted DataSource C:\BuildAgent\work\c1e1d8ccf6867220\Vulcan\AnalysisResults\TestResults[9]\Out\VulcanTests.Ssas2008EmitterTests_DataSourceView.TwoMeasureGroupsSameFact_PRE.xml_\SSAS\AdvWorksCube.ds
Emitted Dimension C:\BuildAgent\work\c1e1d8ccf6867220\Vulcan\AnalysisResults\TestResults[9]\Out\VulcanTests.Ssas2008EmitterTests_DataSourceView.TwoMeasureGroupsSameFact_PRE.xml_\SSAS\DimCustomer.dim
Emitted Cube C:\BuildAgent\work\c1e1d8ccf6867220\Vulcan\AnalysisResults\TestResults[9]\Out\VulcanTests.Ssas2008EmitterTests_DataSourceView.TwoMeasureGroupsSameFact_PRE.xml_\SSAS\AdvWorks.cube</StdOut>
      </Output>
    </UnitTestResult>
    <UnitTestResult executionId="2a0db9e1-4c83-4110-ae02-b5276af59d28" testId="f147a24d-9e63-3369-32d3-d106a417134a" testName="DimensionRelationship_ManyToMany" computerName="BUILDER1" duration="00:00:00.2490499" startTime="2010-04-22T02:17:24.1404735-07:00" endTime="2010-04-22T02:17:24.3950135-07:00" testType="13cdc9d9-ddb5-4fa4-a97d-d965ccfc6d4b" outcome="Passed" testListId="8c84fa94-04c1-424b-9868-57a2d4851a1d" relativeResultsDirectory="2a0db9e1-4c83-4110-ae02-b5276af59d28">
      <Output>
        <StdOut>Emitted DataSource C:\BuildAgent\work\c1e1d8ccf6867220\Vulcan\AnalysisResults\TestResults[9]\Out\VulcanTests.Ssas2008EmitterTests_Cube.DimensionRelationships.ManyToMany_PRE.xml_\SSAS\Conn1.ds
Emitted Dimension C:\BuildAgent\work\c1e1d8ccf6867220\Vulcan\AnalysisResults\TestResults[9]\Out\VulcanTests.Ssas2008EmitterTests_Cube.DimensionRelationships.ManyToMany_PRE.xml_\SSAS\DimCustomer.dim
Emitted Dimension C:\BuildAgent\work\c1e1d8ccf6867220\Vulcan\AnalysisResults\TestResults[9]\Out\VulcanTests.Ssas2008EmitterTests_Cube.DimensionRelationships.ManyToMany_PRE.xml_\SSAS\DimGeography.dim
Emitted Cube C:\BuildAgent\work\c1e1d8ccf6867220\Vulcan\AnalysisResults\TestResults[9]\Out\VulcanTests.Ssas2008EmitterTests_Cube.DimensionRelationships.ManyToMany_PRE.xml_\SSAS\InternetSales.cube</StdOut>
      </Output>
    </UnitTestResult>
    <UnitTestResult executionId="d1997e25-79b7-453b-8975-40f194b34533" testId="afebadca-06bd-756f-4b81-62072dee04db" testName="DimensionRelationship_Referenced" computerName="BUILDER1" duration="00:00:00.1749634" startTime="2010-04-22T02:17:24.4018665-07:00" endTime="2010-04-22T02:17:24.5820025-07:00" testType="13cdc9d9-ddb5-4fa4-a97d-d965ccfc6d4b" outcome="Passed" testListId="8c84fa94-04c1-424b-9868-57a2d4851a1d" relativeResultsDirectory="d1997e25-79b7-453b-8975-40f194b34533">
      <Output>
        <StdOut>Emitted DataSource C:\BuildAgent\work\c1e1d8ccf6867220\Vulcan\AnalysisResults\TestResults[9]\Out\VulcanTests.Ssas2008EmitterTests_Cube.DimensionRelationships.Referenced_PRE.xml_\SSAS\Conn1.ds
Emitted Dimension C:\BuildAgent\work\c1e1d8ccf6867220\Vulcan\AnalysisResults\TestResults[9]\Out\VulcanTests.Ssas2008EmitterTests_Cube.DimensionRelationships.Referenced_PRE.xml_\SSAS\DimCustomer.dim
Emitted Dimension C:\BuildAgent\work\c1e1d8ccf6867220\Vulcan\AnalysisResults\TestResults[9]\Out\VulcanTests.Ssas2008EmitterTests_Cube.DimensionRelationships.Referenced_PRE.xml_\SSAS\DimGeography.dim
Emitted Cube C:\BuildAgent\work\c1e1d8ccf6867220\Vulcan\AnalysisResults\TestResults[9]\Out\VulcanTests.Ssas2008EmitterTests_Cube.DimensionRelationships.Referenced_PRE.xml_\SSAS\InternetSales.cube</StdOut>
      </Output>
    </UnitTestResult>
    <UnitTestResult executionId="2f63a6b1-553e-4905-b2bf-0cf3af21e5b3" testId="c2fe96f0-b416-c9c0-8421-eed60981585c" testName="DimensionRelationship_RolePlaying" computerName="BUILDER1" duration="00:00:00.1603544" startTime="2010-04-22T02:17:24.5859185-07:00" endTime="2010-04-22T02:17:24.7523485-07:00" testType="13cdc9d9-ddb5-4fa4-a97d-d965ccfc6d4b" outcome="Passed" testListId="8c84fa94-04c1-424b-9868-57a2d4851a1d" relativeResultsDirectory="2f63a6b1-553e-4905-b2bf-0cf3af21e5b3">
      <Output>
        <StdOut>Emitted DataSource C:\BuildAgent\work\c1e1d8ccf6867220\Vulcan\AnalysisResults\TestResults[9]\Out\VulcanTests.Ssas2008EmitterTests_Cube.DimensionRelationships.RolePlaying_PRE.xml_\SSAS\Conn1.ds
Emitted Dimension C:\BuildAgent\work\c1e1d8ccf6867220\Vulcan\AnalysisResults\TestResults[9]\Out\VulcanTests.Ssas2008EmitterTests_Cube.DimensionRelationships.RolePlaying_PRE.xml_\SSAS\DimDate.dim
Emitted Cube C:\BuildAgent\work\c1e1d8ccf6867220\Vulcan\AnalysisResults\TestResults[9]\Out\VulcanTests.Ssas2008EmitterTests_Cube.DimensionRelationships.RolePlaying_PRE.xml_\SSAS\InternetSales.cube</StdOut>
      </Output>
    </UnitTestResult>
    <UnitTestResult executionId="14107201-793e-4b45-9ccf-e0e90f80a7f9" testId="052695d4-dd39-dbb8-6513-330cf54aff68" testName="Dimension_Basic" computerName="BUILDER1" duration="00:00:00.2268613" startTime="2010-04-22T02:17:24.7572435-07:00" endTime="2010-04-22T02:17:24.9902455-07:00" testType="13cdc9d9-ddb5-4fa4-a97d-d965ccfc6d4b" outcome="Passed" testListId="8c84fa94-04c1-424b-9868-57a2d4851a1d" relativeResultsDirectory="14107201-793e-4b45-9ccf-e0e90f80a7f9">
      <Output>
        <StdOut>Emitted DataSource C:\BuildAgent\work\c1e1d8ccf6867220\Vulcan\AnalysisResults\TestResults[9]\Out\VulcanTests.Ssas2008EmitterTests_Dimension.Basic_PRE.xml_\SSAS\Conn1.ds
Emitted Dimension C:\BuildAgent\work\c1e1d8ccf6867220\Vulcan\AnalysisResults\TestResults[9]\Out\VulcanTests.Ssas2008EmitterTests_Dimension.Basic_PRE.xml_\SSAS\DimCustomer.dim
Emitted Cube C:\BuildAgent\work\c1e1d8ccf6867220\Vulcan\AnalysisResults\TestResults[9]\Out\VulcanTests.Ssas2008EmitterTests_Dimension.Basic_PRE.xml_\SSAS\Cube1.cube</StdOut>
      </Output>
    </UnitTestResult>
    <UnitTestResult executionId="6e113d80-9da0-4438-a50a-b45f1bc71a92" testId="fc433d90-0595-5f22-037b-9728a623c09d" testName="Dimension_ColumnTypes" computerName="BUILDER1" duration="00:00:00.1639807" startTime="2010-04-22T02:17:24.9951405-07:00" endTime="2010-04-22T02:17:25.1645075-07:00" testType="13cdc9d9-ddb5-4fa4-a97d-d965ccfc6d4b" outcome="Passed" testListId="8c84fa94-04c1-424b-9868-57a2d4851a1d" relativeResultsDirectory="6e113d80-9da0-4438-a50a-b45f1bc71a92">
      <Output>
        <StdOut>Emitted DataSource C:\BuildAgent\work\c1e1d8ccf6867220\Vulcan\AnalysisResults\TestResults[9]\Out\VulcanTests.Ssas2008EmitterTests_Dimension.ColumnTypes_PRE.xml_\SSAS\Conn1.ds
Emitted Dimension C:\BuildAgent\work\c1e1d8ccf6867220\Vulcan\AnalysisResults\TestResults[9]\Out\VulcanTests.Ssas2008EmitterTests_Dimension.ColumnTypes_PRE.xml_\SSAS\DimCustomer.dim
Emitted Cube C:\BuildAgent\work\c1e1d8ccf6867220\Vulcan\AnalysisResults\TestResults[9]\Out\VulcanTests.Ssas2008EmitterTests_Dimension.ColumnTypes_PRE.xml_\SSAS\Cube1.cube</StdOut>
      </Output>
    </UnitTestResult>
    <UnitTestResult executionId="894ae5ec-3a04-4f5d-8c69-a52d41029c6d" testId="084259f9-104b-4edc-27e9-65e71afa82ca" testName="Dimension_Hierarchy" computerName="BUILDER1" duration="00:00:00.1829478" startTime="2010-04-22T02:17:25.1694025-07:00" endTime="2010-04-22T02:17:25.3583495-07:00" testType="13cdc9d9-ddb5-4fa4-a97d-d965ccfc6d4b" outcome="Passed" testListId="8c84fa94-04c1-424b-9868-57a2d4851a1d" relativeResultsDirectory="894ae5ec-3a04-4f5d-8c69-a52d41029c6d">
      <Output>
        <StdOut>Emitted DataSource C:\BuildAgent\work\c1e1d8ccf6867220\Vulcan\AnalysisResults\TestResults[9]\Out\VulcanTests.Ssas2008EmitterTests_Dimension.Hierarchy_PRE.xml_\SSAS\Conn1.ds
Emitted Dimension C:\BuildAgent\work\c1e1d8ccf6867220\Vulcan\AnalysisResults\TestResults[9]\Out\VulcanTests.Ssas2008EmitterTests_Dimension.Hierarchy_PRE.xml_\SSAS\DimGeography.dim
Emitted Cube C:\BuildAgent\work\c1e1d8ccf6867220\Vulcan\AnalysisResults\TestResults[9]\Out\VulcanTests.Ssas2008EmitterTests_Dimension.Hierarchy_PRE.xml_\SSAS\Cube1.cube</StdOut>
      </Output>
    </UnitTestResult>
    <UnitTestResult executionId="a4c8e232-29de-4d2c-a5f8-51f94340900e" testId="d48a9c5a-a080-ca5d-5ae3-be3d31f99a26" testName="Dimension_Ordering" computerName="BUILDER1" duration="00:00:00.1934421" startTime="2010-04-22T02:17:25.3642235-07:00" endTime="2010-04-22T02:17:25.5629605-07:00" testType="13cdc9d9-ddb5-4fa4-a97d-d965ccfc6d4b" outcome="Passed" testListId="8c84fa94-04c1-424b-9868-57a2d4851a1d" relativeResultsDirectory="a4c8e232-29de-4d2c-a5f8-51f94340900e">
      <Output>
        <StdOut>Emitted DataSource C:\BuildAgent\work\c1e1d8ccf6867220\Vulcan\AnalysisResults\TestResults[9]\Out\VulcanTests.Ssas2008EmitterTests_Dimension.Ordering_PRE.xml_\SSAS\Conn1.ds
Emitted Dimension C:\BuildAgent\work\c1e1d8ccf6867220\Vulcan\AnalysisResults\TestResults[9]\Out\VulcanTests.Ssas2008EmitterTests_Dimension.Ordering_PRE.xml_\SSAS\DimCustomer.dim
Emitted Cube C:\BuildAgent\work\c1e1d8ccf6867220\Vulcan\AnalysisResults\TestResults[9]\Out\VulcanTests.Ssas2008EmitterTests_Dimension.Ordering_PRE.xml_\SSAS\Cube1.cube</StdOut>
      </Output>
    </UnitTestResult>
    <UnitTestResult executionId="00671891-9b40-4493-835a-17f6e42b032f" testId="07bfc2bf-8f18-27b1-ed7f-102a08507d47" testName="Dimension_Snowflake" computerName="BUILDER1" duration="00:00:00.1620472" startTime="2010-04-22T02:17:25.5678555-07:00" endTime="2010-04-22T02:17:25.7362435-07:00" testType="13cdc9d9-ddb5-4fa4-a97d-d965ccfc6d4b" outcome="Passed" testListId="8c84fa94-04c1-424b-9868-57a2d4851a1d" relativeResultsDirectory="00671891-9b40-4493-835a-17f6e42b032f">
      <Output>
        <StdOut>Emitted DataSource C:\BuildAgent\work\c1e1d8ccf6867220\Vulcan\AnalysisResults\TestResults[9]\Out\VulcanTests.Ssas2008EmitterTests_Dimension.Snowflake_PRE.xml_\SSAS\Conn1.ds
Emitted Dimension C:\BuildAgent\work\c1e1d8ccf6867220\Vulcan\AnalysisResults\TestResults[9]\Out\VulcanTests.Ssas2008EmitterTests_Dimension.Snowflake_PRE.xml_\SSAS\DimCustomer.dim
Emitted Cube C:\BuildAgent\work\c1e1d8ccf6867220\Vulcan\AnalysisResults\TestResults[9]\Out\VulcanTests.Ssas2008EmitterTests_Dimension.Snowflake_PRE.xml_\SSAS\InternetSales.cube</StdOut>
      </Output>
    </UnitTestResult>
    <UnitTestResult executionId="940e5f16-25f4-4757-b423-077ec5035d0e" testId="1374a703-4567-74ae-1b14-e9d61384a5da" testName="Dimension_Translation" computerName="BUILDER1" duration="00:00:00.1941979" startTime="2010-04-22T02:17:25.7421175-07:00" endTime="2010-04-22T02:17:25.9428125-07:00" testType="13cdc9d9-ddb5-4fa4-a97d-d965ccfc6d4b" outcome="Passed" testListId="8c84fa94-04c1-424b-9868-57a2d4851a1d" relativeResultsDirectory="940e5f16-25f4-4757-b423-077ec5035d0e">
      <Output>
        <StdOut>Emitted DataSource C:\BuildAgent\work\c1e1d8ccf6867220\Vulcan\AnalysisResults\TestResults[9]\Out\VulcanTests.Ssas2008EmitterTests_Dimension.Translation_PRE.xml_\SSAS\Conn1.ds
Emitted Dimension C:\BuildAgent\work\c1e1d8ccf6867220\Vulcan\AnalysisResults\TestResults[9]\Out\VulcanTests.Ssas2008EmitterTests_Dimension.Translation_PRE.xml_\SSAS\DimCustomer.dim
Emitted Cube C:\BuildAgent\work\c1e1d8ccf6867220\Vulcan\AnalysisResults\TestResults[9]\Out\VulcanTests.Ssas2008EmitterTests_Dimension.Translation_PRE.xml_\SSAS\Cube1.cube</StdOut>
      </Output>
    </UnitTestResult>
    <UnitTestResult executionId="cc0e9105-acaf-4dd6-9037-8ae61c728fb2" testId="0f4d3854-a603-b805-ce7b-41e97d4adb57" testName="Cube_Aggregations" computerName="BUILDER1" duration="00:00:00.3007825" startTime="2010-04-22T02:17:25.9496655-07:00" endTime="2010-04-22T02:17:26.2570715-07:00" testType="13cdc9d9-ddb5-4fa4-a97d-d965ccfc6d4b" outcome="Passed" testListId="8c84fa94-04c1-424b-9868-57a2d4851a1d" relativeResultsDirectory="cc0e9105-acaf-4dd6-9037-8ae61c728fb2">
      <Output>
        <StdOut>Emitted DataSource C:\BuildAgent\work\c1e1d8ccf6867220\Vulcan\AnalysisResults\TestResults[9]\Out\VulcanTests.Ssas2008EmitterTests_Cube.Aggregations_PRE.xml_\SSAS\Conn1.ds
Emitted Dimension C:\BuildAgent\work\c1e1d8ccf6867220\Vulcan\AnalysisResults\TestResults[9]\Out\VulcanTests.Ssas2008EmitterTests_Cube.Aggregations_PRE.xml_\SSAS\DimCustomer.dim
Emitted Cube C:\BuildAgent\work\c1e1d8ccf6867220\Vulcan\AnalysisResults\TestResults[9]\Out\VulcanTests.Ssas2008EmitterTests_Cube.Aggregations_PRE.xml_\SSAS\InternetSales.cube</StdOut>
      </Output>
    </UnitTestResult>
    <UnitTestResult executionId="8bc9fc4c-2fca-4e55-a2d5-80fed9bb5746" testId="edc0ac61-b7cf-4b5e-1f0c-4217dfc012dc" testName="Cube_ClientNotification" computerName="BUILDER1" duration="00:00:00.1920176" startTime="2010-04-22T02:17:26.2639245-07:00" endTime="2010-04-22T02:17:26.4626615-07:00" testType="13cdc9d9-ddb5-4fa4-a97d-d965ccfc6d4b" outcome="Passed" testListId="8c84fa94-04c1-424b-9868-57a2d4851a1d" relativeResultsDirectory="8bc9fc4c-2fca-4e55-a2d5-80fed9bb5746">
      <Output>
        <StdOut>Emitted DataSource C:\BuildAgent\work\c1e1d8ccf6867220\Vulcan\AnalysisResults\TestResults[9]\Out\VulcanTests.Ssas2008EmitterTests_Cube.ProactiveCaching.ClientNotification_PRE.xml_\SSAS\Conn1.ds
Emitted Dimension C:\BuildAgent\work\c1e1d8ccf6867220\Vulcan\AnalysisResults\TestResults[9]\Out\VulcanTests.Ssas2008EmitterTests_Cube.ProactiveCaching.ClientNotification_PRE.xml_\SSAS\DimCustomer.dim
Emitted Cube C:\BuildAgent\work\c1e1d8ccf6867220\Vulcan\AnalysisResults\TestResults[9]\Out\VulcanTests.Ssas2008EmitterTests_Cube.ProactiveCaching.ClientNotification_PRE.xml_\SSAS\InternetSales.cube</StdOut>
      </Output>
    </UnitTestResult>
    <UnitTestResult executionId="b4bcf6ca-c1c0-415c-8846-8ea251b136bc" testId="12ee225e-595c-3fb4-2bde-496e7fe93cfd" testName="Cube_NullProactiveCachingSource" computerName="BUILDER1" duration="00:00:00.1749317" startTime="2010-04-22T02:17:26.4714725-07:00" endTime="2010-04-22T02:17:26.6525875-07:00" testType="13cdc9d9-ddb5-4fa4-a97d-d965ccfc6d4b" outcome="Passed" testListId="8c84fa94-04c1-424b-9868-57a2d4851a1d" relativeResultsDirectory="b4bcf6ca-c1c0-415c-8846-8ea251b136bc">
      <Output>
        <StdOut>Emitted DataSource C:\BuildAgent\work\c1e1d8ccf6867220\Vulcan\AnalysisResults\TestResults[9]\Out\VulcanTests.Ssas2008EmitterTests_Cube.ProactiveCaching.NullProactiveCachingSource_PRE.xml_\SSAS\Conn1.ds
Emitted Dimension C:\BuildAgent\work\c1e1d8ccf6867220\Vulcan\AnalysisResults\TestResults[9]\Out\VulcanTests.Ssas2008EmitterTests_Cube.ProactiveCaching.NullProactiveCachingSource_PRE.xml_\SSAS\DimCustomer.dim
Emitted Cube C:\BuildAgent\work\c1e1d8ccf6867220\Vulcan\AnalysisResults\TestResults[9]\Out\VulcanTests.Ssas2008EmitterTests_Cube.ProactiveCaching.NullProactiveCachingSource_PRE.xml_\SSAS\InternetSales.cube</StdOut>
      </Output>
    </UnitTestResult>
    <UnitTestResult executionId="1080e5e7-3b8a-4063-923d-d3ca038bc843" testId="f37d4825-54df-ffb1-2b42-ee78db417be7" testName="Cube_Partitions" computerName="BUILDER1" duration="00:00:00.2253265" startTime="2010-04-22T02:17:26.6604195-07:00" endTime="2010-04-22T02:17:26.8914635-07:00" testType="13cdc9d9-ddb5-4fa4-a97d-d965ccfc6d4b" outcome="Passed" testListId="8c84fa94-04c1-424b-9868-57a2d4851a1d" relativeResultsDirectory="1080e5e7-3b8a-4063-923d-d3ca038bc843">
      <Output>
        <StdOut>Emitted DataSource C:\BuildAgent\work\c1e1d8ccf6867220\Vulcan\AnalysisResults\TestResults[9]\Out\VulcanTests.Ssas2008EmitterTests_Cube.Partitions_PRE.xml_\SSAS\Conn1.ds
Emitted Dimension C:\BuildAgent\work\c1e1d8ccf6867220\Vulcan\AnalysisResults\TestResults[9]\Out\VulcanTests.Ssas2008EmitterTests_Cube.Partitions_PRE.xml_\SSAS\DimCustomer.dim
Emitted Cube C:\BuildAgent\work\c1e1d8ccf6867220\Vulcan\AnalysisResults\TestResults[9]\Out\VulcanTests.Ssas2008EmitterTests_Cube.Partitions_PRE.xml_\SSAS\InternetSales.cube</StdOut>
      </Output>
    </UnitTestResult>
    <UnitTestResult executionId="0b566d3c-5d82-48ce-a54f-27f7c6759b15" testId="59f45bb5-912b-1d1e-c56c-1e62c1843075" testName="Cube_ProactiveCachingScheduledPolling" computerName="BUILDER1" duration="00:00:00.1852127" startTime="2010-04-22T02:17:26.8992955-07:00" endTime="2010-04-22T02:17:27.0902005-07:00" testType="13cdc9d9-ddb5-4fa4-a97d-d965ccfc6d4b" outcome="Passed" testListId="8c84fa94-04c1-424b-9868-57a2d4851a1d" relativeResultsDirectory="0b566d3c-5d82-48ce-a54f-27f7c6759b15">
      <Output>
        <StdOut>Emitted DataSource C:\BuildAgent\work\c1e1d8ccf6867220\Vulcan\AnalysisResults\TestResults[9]\Out\VulcanTests.Ssas2008EmitterTests_Cube.ProactiveCaching.ScheduledPolling_PRE.xml_\SSAS\Conn1.ds
Emitted Dimension C:\BuildAgent\work\c1e1d8ccf6867220\Vulcan\AnalysisResults\TestResults[9]\Out\VulcanTests.Ssas2008EmitterTests_Cube.ProactiveCaching.ScheduledPolling_PRE.xml_\SSAS\DimCustomer.dim
Emitted Cube C:\BuildAgent\work\c1e1d8ccf6867220\Vulcan\AnalysisResults\TestResults[9]\Out\VulcanTests.Ssas2008EmitterTests_Cube.ProactiveCaching.ScheduledPolling_PRE.xml_\SSAS\InternetSales.cube</StdOut>
      </Output>
    </UnitTestResult>
    <UnitTestResult executionId="ac334abb-d604-48b2-8f62-a1d237aff4f2" testId="b6cdafe1-1bdd-7ad9-e07a-e76ba6951f5c" testName="Cube_ProactiveCachingScheduledPollingIncrementalUpdates" computerName="BUILDER1" duration="00:00:00.1833560" startTime="2010-04-22T02:17:27.0960745-07:00" endTime="2010-04-22T02:17:27.2860005-07:00" testType="13cdc9d9-ddb5-4fa4-a97d-d965ccfc6d4b" outcome="Passed" testListId="8c84fa94-04c1-424b-9868-57a2d4851a1d" relativeResultsDirectory="ac334abb-d604-48b2-8f62-a1d237aff4f2">
      <Output>
        <StdOut>Emitted DataSource C:\BuildAgent\work\c1e1d8ccf6867220\Vulcan\AnalysisResults\TestResults[9]\Out\VulcanTests.Ssas2008EmitterTests_Cube.ProactiveCaching.ScheduledPollingIncrementalUpdates_PRE.xml_\SSAS\Conn1.ds
Emitted Dimension C:\BuildAgent\work\c1e1d8ccf6867220\Vulcan\AnalysisResults\TestResults[9]\Out\VulcanTests.Ssas2008EmitterTests_Cube.ProactiveCaching.ScheduledPollingIncrementalUpdates_PRE.xml_\SSAS\DimCustomer.dim
Emitted Cube C:\BuildAgent\work\c1e1d8ccf6867220\Vulcan\AnalysisResults\TestResults[9]\Out\VulcanTests.Ssas2008EmitterTests_Cube.ProactiveCaching.ScheduledPollingIncrementalUpdates_PRE.xml_\SSAS\InternetSales.cube</StdOut>
      </Output>
    </UnitTestResult>
    <UnitTestResult executionId="4a00054d-6740-46f9-aa2d-ba06552374d5" testId="3d6e1b40-bcf5-4683-b84a-300b3c51c70b" testName="Cube_ProactiveCachingTableNotificationClient" computerName="BUILDER1" duration="00:00:00.2234240" startTime="2010-04-22T02:17:27.2918745-07:00" endTime="2010-04-22T02:17:27.5209605-07:00" testType="13cdc9d9-ddb5-4fa4-a97d-d965ccfc6d4b" outcome="Passed" testListId="8c84fa94-04c1-424b-9868-57a2d4851a1d" relativeResultsDirectory="4a00054d-6740-46f9-aa2d-ba06552374d5">
      <Output>
        <StdOut>Emitted DataSource C:\BuildAgent\work\c1e1d8ccf6867220\Vulcan\AnalysisResults\TestResults[9]\Out\VulcanTests.Ssas2008EmitterTests_Cube.ProactiveCaching.TableNotificationsClient_PRE.xml_\SSAS\Conn1.ds
Emitted Dimension C:\BuildAgent\work\c1e1d8ccf6867220\Vulcan\AnalysisResults\TestResults[9]\Out\VulcanTests.Ssas2008EmitterTests_Cube.ProactiveCaching.TableNotificationsClient_PRE.xml_\SSAS\DimCustomer.dim
Emitted Cube C:\BuildAgent\work\c1e1d8ccf6867220\Vulcan\AnalysisResults\TestResults[9]\Out\VulcanTests.Ssas2008EmitterTests_Cube.ProactiveCaching.TableNotificationsClient_PRE.xml_\SSAS\InternetSales.cube</StdOut>
      </Output>
    </UnitTestResult>
    <UnitTestResult executionId="72c7b0c8-135c-4c07-80dc-a92d5ec55396" testId="915d04ef-5c1a-d1d9-e72f-7a21f08bc7ba" testName="Cube_ProactiveCachingTableNotificationServer" computerName="BUILDER1" duration="00:00:00.1840676" startTime="2010-04-22T02:17:27.5287925-07:00" endTime="2010-04-22T02:17:27.7187185-07:00" testType="13cdc9d9-ddb5-4fa4-a97d-d965ccfc6d4b" outcome="Passed" testListId="8c84fa94-04c1-424b-9868-57a2d4851a1d" relativeResultsDirectory="72c7b0c8-135c-4c07-80dc-a92d5ec55396">
      <Output>
        <StdOut>Emitted DataSource C:\BuildAgent\work\c1e1d8ccf6867220\Vulcan\AnalysisResults\TestResults[9]\Out\VulcanTests.Ssas2008EmitterTests_Cube.ProactiveCaching.TableNotificationsServer_PRE.xml_\SSAS\Conn1.ds
Emitted Dimension C:\BuildAgent\work\c1e1d8ccf6867220\Vulcan\AnalysisResults\TestResults[9]\Out\VulcanTests.Ssas2008EmitterTests_Cube.ProactiveCaching.TableNotificationsServer_PRE.xml_\SSAS\DimCustomer.dim
Emitted Cube C:\BuildAgent\work\c1e1d8ccf6867220\Vulcan\AnalysisResults\TestResults[9]\Out\VulcanTests.Ssas2008EmitterTests_Cube.ProactiveCaching.TableNotificationsServer_PRE.xml_\SSAS\InternetSales.cube</StdOut>
      </Output>
    </UnitTestResult>
    <UnitTestResult executionId="aa4b3383-d6a8-4150-b17d-750a5c0af296" testId="1e99d015-ce0d-afee-1013-4d4d8c4fa402" testName="Cube_ServerNotification" computerName="BUILDER1" duration="00:00:00.1788407" startTime="2010-04-22T02:17:27.7294875-07:00" endTime="2010-04-22T02:17:27.9145185-07:00" testType="13cdc9d9-ddb5-4fa4-a97d-d965ccfc6d4b" outcome="Passed" testListId="8c84fa94-04c1-424b-9868-57a2d4851a1d" relativeResultsDirectory="aa4b3383-d6a8-4150-b17d-750a5c0af296">
      <Output>
        <StdOut>Emitted DataSource C:\BuildAgent\work\c1e1d8ccf6867220\Vulcan\AnalysisResults\TestResults[9]\Out\VulcanTests.Ssas2008EmitterTests_Cube.ProactiveCaching.ServerNotification_PRE.xml_\SSAS\Conn1.ds
Emitted Dimension C:\BuildAgent\work\c1e1d8ccf6867220\Vulcan\AnalysisResults\TestResults[9]\Out\VulcanTests.Ssas2008EmitterTests_Cube.ProactiveCaching.ServerNotification_PRE.xml_\SSAS\DimCustomer.dim
Emitted Cube C:\BuildAgent\work\c1e1d8ccf6867220\Vulcan\AnalysisResults\TestResults[9]\Out\VulcanTests.Ssas2008EmitterTests_Cube.ProactiveCaching.ServerNotification_PRE.xml_\SSAS\InternetSales.cube</StdOut>
      </Output>
    </UnitTestResult>
    <UnitTestResult executionId="fee595c6-7076-4cfe-8b67-6725720ef2d3" testId="4a6cb78a-b307-389f-7fdd-3481b282ae36" testName="Role_Admin" computerName="BUILDER1" duration="00:00:00.2731286" startTime="2010-04-22T02:17:27.9213715-07:00" endTime="2010-04-22T02:17:28.2003865-07:00" testType="13cdc9d9-ddb5-4fa4-a97d-d965ccfc6d4b" outcome="Passed" testListId="8c84fa94-04c1-424b-9868-57a2d4851a1d" relativeResultsDirectory="fee595c6-7076-4cfe-8b67-6725720ef2d3">
      <Output>
        <StdOut>Emitted DataSource C:\BuildAgent\work\c1e1d8ccf6867220\Vulcan\AnalysisResults\TestResults[9]\Out\VulcanTests.Ssas2008EmitterTests_Role.Admin_PRE.xml_\SSAS\Conn1.ds
Emitted DataSource C:\BuildAgent\work\c1e1d8ccf6867220\Vulcan\AnalysisResults\TestResults[9]\Out\VulcanTests.Ssas2008EmitterTests_Role.Admin_PRE.xml_\SSAS\Conn2.ds
Emitted Role C:\BuildAgent\work\c1e1d8ccf6867220\Vulcan\AnalysisResults\TestResults[9]\Out\VulcanTests.Ssas2008EmitterTests_Role.Admin_PRE.xml_\SSAS\User.role
Emitted Dimension C:\BuildAgent\work\c1e1d8ccf6867220\Vulcan\AnalysisResults\TestResults[9]\Out\VulcanTests.Ssas2008EmitterTests_Role.Admin_PRE.xml_\SSAS\DimCustomer.dim
Emitted Cube C:\BuildAgent\work\c1e1d8ccf6867220\Vulcan\AnalysisResults\TestResults[9]\Out\VulcanTests.Ssas2008EmitterTests_Role.Admin_PRE.xml_\SSAS\Cube1.cube</StdOut>
      </Output>
    </UnitTestResult>
    <UnitTestResult executionId="d06dab1b-0277-4a53-9a6e-12c752d3dab2" testId="3f0f6a3f-ef83-9a6c-2580-2ad905ba9f60" testName="Role_Basic" computerName="BUILDER1" duration="00:00:00.2311028" startTime="2010-04-22T02:17:28.2072395-07:00" endTime="2010-04-22T02:17:28.4431785-07:00" testType="13cdc9d9-ddb5-4fa4-a97d-d965ccfc6d4b" outcome="Passed" testListId="8c84fa94-04c1-424b-9868-57a2d4851a1d" relativeResultsDirectory="d06dab1b-0277-4a53-9a6e-12c752d3dab2">
      <Output>
        <StdOut>Emitted DataSource C:\BuildAgent\work\c1e1d8ccf6867220\Vulcan\AnalysisResults\TestResults[9]\Out\VulcanTests.Ssas2008EmitterTests_Role.Basic_PRE.xml_\SSAS\Conn1.ds
Emitted DataSource C:\BuildAgent\work\c1e1d8ccf6867220\Vulcan\AnalysisResults\TestResults[9]\Out\VulcanTests.Ssas2008EmitterTests_Role.Basic_PRE.xml_\SSAS\Conn2.ds
Emitted Role C:\BuildAgent\work\c1e1d8ccf6867220\Vulcan\AnalysisResults\TestResults[9]\Out\VulcanTests.Ssas2008EmitterTests_Role.Basic_PRE.xml_\SSAS\User.role
Emitted Dimension C:\BuildAgent\work\c1e1d8ccf6867220\Vulcan\AnalysisResults\TestResults[9]\Out\VulcanTests.Ssas2008EmitterTests_Role.Basic_PRE.xml_\SSAS\DimCustomer.dim
Emitted Cube C:\BuildAgent\work\c1e1d8ccf6867220\Vulcan\AnalysisResults\TestResults[9]\Out\VulcanTests.Ssas2008EmitterTests_Role.Basic_PRE.xml_\SSAS\Cube1.cube</StdOut>
      </Output>
    </UnitTestResult>
    <UnitTestResult executionId="911add9e-9532-4fc7-84f9-53a0335dd975" testId="6aec4afd-f1f3-4c31-976e-a71daf411788" testName="Etl_Basic" computerName="BUILDER1" duration="00:00:00.0662221" startTime="2010-04-22T02:17:28.4510105-07:00" endTime="2010-04-22T02:17:28.5224775-07:00" testType="13cdc9d9-ddb5-4fa4-a97d-d965ccfc6d4b" outcome="Failed" testListId="8c84fa94-04c1-424b-9868-57a2d4851a1d" relativeResultsDirectory="911add9e-9532-4fc7-84f9-53a0335dd975">
      <Output>
        <ErrorInfo>
          <Message>Test method VulcanTests.Ssis2008EmitterTests.Ssis2008EmitterEtlTests.Etl_Basic threw exception: 
System.ComponentModel.Win32Exception: The system cannot find the file specified</Message>
          <StackTrace>    at System.Diagnostics.Process.StartWithCreateProcess(ProcessStartInfo startInfo)
   at System.Diagnostics.Process.Start()
   at VulcanTests.Ssis2008EmitterTests.SsisComparer.RunVulcan(String bimlFileName, String targetDirectoryPath) in c:\BuildAgent\work\c1e1d8ccf6867220\vulcan\VulcanTests\Ssis2008EmitterTests\SsisComparer.cs:line 141
   at VulcanTests.Ssis2008EmitterTests.SsisComparer.CompareBimlWithDirectory(String bimlFileName, String directoryPath) in c:\BuildAgent\work\c1e1d8ccf6867220\vulcan\VulcanTests\Ssis2008EmitterTests\SsisComparer.cs:line 59
   at VulcanTests.Ssis2008EmitterTests.SsisComparer.CompareResourceBimlWithDtsx(String bimlResourceName, String resourceDirectoryName) in c:\BuildAgent\work\c1e1d8ccf6867220\vulcan\VulcanTests\Ssis2008EmitterTests\SsisComparer.cs:line 48
   at VulcanTests.Ssis2008EmitterTests.Ssis2008EmitterEtlTests.Etl_Basic() in c:\BuildAgent\work\c1e1d8ccf6867220\vulcan\VulcanTests\Ssis2008EmitterTests\Ssis2008EmitterEtlTests.cs:line 13
</StackTrace>
        </ErrorInfo>
      </Output>
    </UnitTestResult>
    <UnitTestResult executionId="cc19a921-f75b-47fd-a15d-1b04f4ecfa4a" testId="5a45f3e0-567f-242e-bd09-f554a65dd7fd" testName="Etl_DelayValidation" computerName="BUILDER1" duration="00:00:00.0228425" startTime="2010-04-22T02:17:28.5303095-07:00" endTime="2010-04-22T02:17:28.5577215-07:00" testType="13cdc9d9-ddb5-4fa4-a97d-d965ccfc6d4b" outcome="Failed" testListId="8c84fa94-04c1-424b-9868-57a2d4851a1d" relativeResultsDirectory="cc19a921-f75b-47fd-a15d-1b04f4ecfa4a">
      <Output>
        <ErrorInfo>
          <Message>Test method VulcanTests.Ssis2008EmitterTests.Ssis2008EmitterEtlTests.Etl_DelayValidation threw exception: 
System.ComponentModel.Win32Exception: The system cannot find the file specified</Message>
          <StackTrace>    at System.Diagnostics.Process.StartWithCreateProcess(ProcessStartInfo startInfo)
   at System.Diagnostics.Process.Start()
   at VulcanTests.Ssis2008EmitterTests.SsisComparer.RunVulcan(String bimlFileName, String targetDirectoryPath) in c:\BuildAgent\work\c1e1d8ccf6867220\vulcan\VulcanTests\Ssis2008EmitterTests\SsisComparer.cs:line 141
   at VulcanTests.Ssis2008EmitterTests.SsisComparer.CompareBimlWithDirectory(String bimlFileName, String directoryPath) in c:\BuildAgent\work\c1e1d8ccf6867220\vulcan\VulcanTests\Ssis2008EmitterTests\SsisComparer.cs:line 59
   at VulcanTests.Ssis2008EmitterTests.SsisComparer.CompareResourceBimlWithDtsx(String bimlResourceName, String resourceDirectoryName) in c:\BuildAgent\work\c1e1d8ccf6867220\vulcan\VulcanTests\Ssis2008EmitterTests\SsisComparer.cs:line 48
   at VulcanTests.Ssis2008EmitterTests.Ssis2008EmitterEtlTests.Etl_DelayValidation() in c:\BuildAgent\work\c1e1d8ccf6867220\vulcan\VulcanTests\Ssis2008EmitterTests\Ssis2008EmitterEtlTests.cs:line 25
</StackTrace>
        </ErrorInfo>
      </Output>
    </UnitTestResult>
    <UnitTestResult executionId="84450bca-a00c-40ed-8664-d4b7bdebfdc0" testId="c6309200-e9dc-6b9b-a398-c794d8303e26" testName="Etl_Events" computerName="BUILDER1" duration="00:00:00.0223284" startTime="2010-04-22T02:17:28.5635955-07:00" endTime="2010-04-22T02:17:28.5919865-07:00" testType="13cdc9d9-ddb5-4fa4-a97d-d965ccfc6d4b" outcome="Failed" testListId="8c84fa94-04c1-424b-9868-57a2d4851a1d" relativeResultsDirectory="84450bca-a00c-40ed-8664-d4b7bdebfdc0">
      <Output>
        <ErrorInfo>
          <Message>Test method VulcanTests.Ssis2008EmitterTests.Ssis2008EmitterEtlTests.Etl_Events threw exception: 
System.ComponentModel.Win32Exception: The system cannot find the file specified</Message>
          <StackTrace>    at System.Diagnostics.Process.StartWithCreateProcess(ProcessStartInfo startInfo)
   at System.Diagnostics.Process.Start()
   at VulcanTests.Ssis2008EmitterTests.SsisComparer.RunVulcan(String bimlFileName, String targetDirectoryPath) in c:\BuildAgent\work\c1e1d8ccf6867220\vulcan\VulcanTests\Ssis2008EmitterTests\SsisComparer.cs:line 141
   at VulcanTests.Ssis2008EmitterTests.SsisComparer.CompareBimlWithDirectory(String bimlFileName, String directoryPath) in c:\BuildAgent\work\c1e1d8ccf6867220\vulcan\VulcanTests\Ssis2008EmitterTests\SsisComparer.cs:line 59
   at VulcanTests.Ssis2008EmitterTests.SsisComparer.CompareResourceBimlWithDtsx(String bimlResourceName, String resourceDirectoryName) in c:\BuildAgent\work\c1e1d8ccf6867220\vulcan\VulcanTests\Ssis2008EmitterTests\SsisComparer.cs:line 48
   at VulcanTests.Ssis2008EmitterTests.Ssis2008EmitterEtlTests.Etl_Events() in c:\BuildAgent\work\c1e1d8ccf6867220\vulcan\VulcanTests\Ssis2008EmitterTests\Ssis2008EmitterEtlTests.cs:line 37
</StackTrace>
        </ErrorInfo>
      </Output>
    </UnitTestResult>
    <UnitTestResult executionId="499f5551-d00a-4c21-b410-a65521a03b08" testId="8045d46a-893f-499e-18bf-e084646847d3" testName="Etl_IsolationLevelChaos" computerName="BUILDER1" duration="00:00:00.0238304" startTime="2010-04-22T02:17:28.6017765-07:00" endTime="2010-04-22T02:17:28.6321255-07:00" testType="13cdc9d9-ddb5-4fa4-a97d-d965ccfc6d4b" outcome="Failed" testListId="8c84fa94-04c1-424b-9868-57a2d4851a1d" relativeResultsDirectory="499f5551-d00a-4c21-b410-a65521a03b08">
      <Output>
        <ErrorInfo>
          <Message>Test method VulcanTests.Ssis2008EmitterTests.Ssis2008EmitterEtlTests.Etl_IsolationLevelChaos threw exception: 
System.ComponentModel.Win32Exception: The system cannot find the file specified</Message>
          <StackTrace>    at System.Diagnostics.Process.StartWithCreateProcess(ProcessStartInfo startInfo)
   at System.Diagnostics.Process.Start()
   at VulcanTests.Ssis2008EmitterTests.SsisComparer.RunVulcan(String bimlFileName, String targetDirectoryPath) in c:\BuildAgent\work\c1e1d8ccf6867220\vulcan\VulcanTests\Ssis2008EmitterTests\SsisComparer.cs:line 141
   at VulcanTests.Ssis2008EmitterTests.SsisComparer.CompareBimlWithDirectory(String bimlFileName, String directoryPath) in c:\BuildAgent\work\c1e1d8ccf6867220\vulcan\VulcanTests\Ssis2008EmitterTests\SsisComparer.cs:line 59
   at VulcanTests.Ssis2008EmitterTests.SsisComparer.CompareResourceBimlWithDtsx(String bimlResourceName, String resourceDirectoryName) in c:\BuildAgent\work\c1e1d8ccf6867220\vulcan\VulcanTests\Ssis2008EmitterTests\SsisComparer.cs:line 48
   at VulcanTests.Ssis2008EmitterTests.Ssis2008EmitterEtlTests.Etl_IsolationLevelChaos() in c:\BuildAgent\work\c1e1d8ccf6867220\vulcan\VulcanTests\Ssis2008EmitterTests\Ssis2008EmitterEtlTests.cs:line 31
</StackTrace>
        </ErrorInfo>
      </Output>
    </UnitTestResult>
    <UnitTestResult executionId="e52e16bd-c263-4761-baa0-7d606f9cd0cb" testId="27b363dc-9b38-9188-939c-74f5ba372eda" testName="Etl_PrecedenceConstraints" computerName="BUILDER1" duration="00:00:00.0199760" startTime="2010-04-22T02:17:28.6389785-07:00" endTime="2010-04-22T02:17:28.6634535-07:00" testType="13cdc9d9-ddb5-4fa4-a97d-d965ccfc6d4b" outcome="Failed" testListId="8c84fa94-04c1-424b-9868-57a2d4851a1d" relativeResultsDirectory="e52e16bd-c263-4761-baa0-7d606f9cd0cb">
      <Output>
        <ErrorInfo>
          <Message>Test method VulcanTests.Ssis2008EmitterTests.Ssis2008EmitterEtlTests.Etl_PrecedenceConstraints threw exception: 
System.ComponentModel.Win32Exception: The system cannot find the file specified</Message>
          <StackTrace>    at System.Diagnostics.Process.StartWithCreateProcess(ProcessStartInfo startInfo)
   at System.Diagnostics.Process.Start()
   at VulcanTests.Ssis2008EmitterTests.SsisComparer.RunVulcan(String bimlFileName, String targetDirectoryPath) in c:\BuildAgent\work\c1e1d8ccf6867220\vulcan\VulcanTests\Ssis2008EmitterTests\SsisComparer.cs:line 141
   at VulcanTests.Ssis2008EmitterTests.SsisComparer.CompareBimlWithDirectory(String bimlFileName, String directoryPath) in c:\BuildAgent\work\c1e1d8ccf6867220\vulcan\VulcanTests\Ssis2008EmitterTests\SsisComparer.cs:line 59
   at VulcanTests.Ssis2008EmitterTests.SsisComparer.CompareResourceBimlWithDtsx(String bimlResourceName, String resourceDirectoryName) in c:\BuildAgent\work\c1e1d8ccf6867220\vulcan\VulcanTests\Ssis2008EmitterTests\SsisComparer.cs:line 48
   at VulcanTests.Ssis2008EmitterTests.Ssis2008EmitterEtlTests.Etl_PrecedenceConstraints() in c:\BuildAgent\work\c1e1d8ccf6867220\vulcan\VulcanTests\Ssis2008EmitterTests\Ssis2008EmitterEtlTests.cs:line 43
</StackTrace>
        </ErrorInfo>
      </Output>
    </UnitTestResult>
    <UnitTestResult executionId="48aaba8d-8761-4345-ac98-279efc399eec" testId="3c857393-b29f-2e39-c143-02b7b6bbb145" testName="Etl_QuerySourceSpace" computerName="BUILDER1" duration="00:00:00.0288104" startTime="2010-04-22T02:17:28.6712855-07:00" endTime="2010-04-22T02:17:28.7045715-07:00" testType="13cdc9d9-ddb5-4fa4-a97d-d965ccfc6d4b" outcome="Failed" testListId="8c84fa94-04c1-424b-9868-57a2d4851a1d" relativeResultsDirectory="48aaba8d-8761-4345-ac98-279efc399eec">
      <Output>
        <ErrorInfo>
          <Message>Test method VulcanTests.Ssis2008EmitterTests.Ssis2008EmitterEtlTests.Etl_QuerySourceSpace threw exception: 
System.ComponentModel.Win32Exception: The system cannot find the file specified</Message>
          <StackTrace>    at System.Diagnostics.Process.StartWithCreateProcess(ProcessStartInfo startInfo)
   at System.Diagnostics.Process.Start()
   at VulcanTests.Ssis2008EmitterTests.SsisComparer.RunVulcan(String bimlFileName, String targetDirectoryPath) in c:\BuildAgent\work\c1e1d8ccf6867220\vulcan\VulcanTests\Ssis2008EmitterTests\SsisComparer.cs:line 141
   at VulcanTests.Ssis2008EmitterTests.SsisComparer.CompareBimlWithDirectory(String bimlFileName, String directoryPath) in c:\BuildAgent\work\c1e1d8ccf6867220\vulcan\VulcanTests\Ssis2008EmitterTests\SsisComparer.cs:line 59
   at VulcanTests.Ssis2008EmitterTests.SsisComparer.CompareResourceBimlWithDtsx(String bimlResourceName, String resourceDirectoryName) in c:\BuildAgent\work\c1e1d8ccf6867220\vulcan\VulcanTests\Ssis2008EmitterTests\SsisComparer.cs:line 48
   at VulcanTests.Ssis2008EmitterTests.Ssis2008EmitterEtlTests.Etl_QuerySourceSpace() in c:\BuildAgent\work\c1e1d8ccf6867220\vulcan\VulcanTests\Ssis2008EmitterTests\Ssis2008EmitterEtlTests.cs:line 19
</StackTrace>
        </ErrorInfo>
      </Output>
    </UnitTestResult>
    <UnitTestResult executionId="a75cd813-40ec-4941-839b-28bff25a6f53" testId="fd850645-e1c9-0a56-9094-55e3a12feaed" testName="Etl_TransformationOrderCyclic" computerName="BUILDER1" duration="00:00:00.0226377" startTime="2010-04-22T02:17:28.7114245-07:00" endTime="2010-04-22T02:17:28.7378575-07:00" testType="13cdc9d9-ddb5-4fa4-a97d-d965ccfc6d4b" outcome="Failed" testListId="8c84fa94-04c1-424b-9868-57a2d4851a1d" relativeResultsDirectory="a75cd813-40ec-4941-839b-28bff25a6f53">
      <Output>
        <ErrorInfo>
          <Message>Test method VulcanTests.Ssis2008EmitterTests.Ssis2008EmitterEtlTests.Etl_TransformationOrderCyclic threw exception: 
System.ComponentModel.Win32Exception: The system cannot find the file specified</Message>
          <StackTrace>    at System.Diagnostics.Process.StartWithCreateProcess(ProcessStartInfo startInfo)
   at System.Diagnostics.Process.Start()
   at VulcanTests.Ssis2008EmitterTests.SsisComparer.RunVulcan(String bimlFileName, String targetDirectoryPath) in c:\BuildAgent\work\c1e1d8ccf6867220\vulcan\VulcanTests\Ssis2008EmitterTests\SsisComparer.cs:line 141
   at VulcanTests.Ssis2008EmitterTests.SsisComparer.CompareBimlWithDirectory(String bimlFileName, String directoryPath) in c:\BuildAgent\work\c1e1d8ccf6867220\vulcan\VulcanTests\Ssis2008EmitterTests\SsisComparer.cs:line 59
   at VulcanTests.Ssis2008EmitterTests.SsisComparer.CompareResourceBimlWithDtsx(String bimlResourceName, String resourceDirectoryName) in c:\BuildAgent\work\c1e1d8ccf6867220\vulcan\VulcanTests\Ssis2008EmitterTests\SsisComparer.cs:line 48
   at VulcanTests.Ssis2008EmitterTests.Ssis2008EmitterEtlTests.Etl_TransformationOrderCyclic() in c:\BuildAgent\work\c1e1d8ccf6867220\vulcan\VulcanTests\Ssis2008EmitterTests\Ssis2008EmitterEtlTests.cs:line 173
</StackTrace>
        </ErrorInfo>
      </Output>
    </UnitTestResult>
    <UnitTestResult executionId="e6b642d5-aa11-4f25-a5be-7c2a238b1b61" testId="0aeabbbd-73b8-76fd-5e33-4bb3acc5ed03" testName="Etl_Transformations_ConditionalSplitBasic" computerName="BUILDER1" duration="00:00:00.0295902" startTime="2010-04-22T02:17:28.7447105-07:00" endTime="2010-04-22T02:17:28.8200935-07:00" testType="13cdc9d9-ddb5-4fa4-a97d-d965ccfc6d4b" outcome="Failed" testListId="8c84fa94-04c1-424b-9868-57a2d4851a1d" relativeResultsDirectory="e6b642d5-aa11-4f25-a5be-7c2a238b1b61">
      <Output>
        <ErrorInfo>
          <Message>Test method VulcanTests.Ssis2008EmitterTests.Ssis2008EmitterEtlTests.Etl_Transformations_ConditionalSplitBasic threw exception: 
System.ComponentModel.Win32Exception: The system cannot find the file specified</Message>
          <StackTrace>    at System.Diagnostics.Process.StartWithCreateProcess(ProcessStartInfo startInfo)
   at System.Diagnostics.Process.Start()
   at VulcanTests.Ssis2008EmitterTests.SsisComparer.RunVulcan(String bimlFileName, String targetDirectoryPath) in c:\BuildAgent\work\c1e1d8ccf6867220\vulcan\VulcanTests\Ssis2008EmitterTests\SsisComparer.cs:line 141
   at VulcanTests.Ssis2008EmitterTests.SsisComparer.CompareBimlWithDirectory(String bimlFileName, String directoryPath) in c:\BuildAgent\work\c1e1d8ccf6867220\vulcan\VulcanTests\Ssis2008EmitterTests\SsisComparer.cs:line 59
   at VulcanTests.Ssis2008EmitterTests.SsisComparer.CompareResourceBimlWithDtsx(String bimlResourceName, String resourceDirectoryName) in c:\BuildAgent\work\c1e1d8ccf6867220\vulcan\VulcanTests\Ssis2008EmitterTests\SsisComparer.cs:line 48
   at VulcanTests.Ssis2008EmitterTests.Ssis2008EmitterEtlTests.Etl_Transformations_ConditionalSplitBasic() in c:\BuildAgent\work\c1e1d8ccf6867220\vulcan\VulcanTests\Ssis2008EmitterTests\Ssis2008EmitterEtlTests.cs:line 81
</StackTrace>
        </ErrorInfo>
      </Output>
    </UnitTestResult>
    <UnitTestResult executionId="b3c5f480-c87b-4ade-822a-67c2ca863977" testId="d3a24021-991f-3b2a-90d4-d6a171dd3009" testName="Etl_Transformations_DerivedColumnBasic" computerName="BUILDER1" duration="00:00:00.0196995" startTime="2010-04-22T02:17:28.8279255-07:00" endTime="2010-04-22T02:17:28.8533795-07:00" testType="13cdc9d9-ddb5-4fa4-a97d-d965ccfc6d4b" outcome="Failed" testListId="8c84fa94-04c1-424b-9868-57a2d4851a1d" relativeResultsDirectory="b3c5f480-c87b-4ade-822a-67c2ca863977">
      <Output>
        <ErrorInfo>
          <Message>Test method VulcanTests.Ssis2008EmitterTests.Ssis2008EmitterEtlTests.Etl_Transformations_DerivedColumnBasic threw exception: 
System.ComponentModel.Win32Exception: The system cannot find the file specified</Message>
          <StackTrace>    at System.Diagnostics.Process.StartWithCreateProcess(ProcessStartInfo startInfo)
   at System.Diagnostics.Process.Start()
   at VulcanTests.Ssis2008EmitterTests.SsisComparer.RunVulcan(String bimlFileName, String targetDirectoryPath) in c:\BuildAgent\work\c1e1d8ccf6867220\vulcan\VulcanTests\Ssis2008EmitterTests\SsisComparer.cs:line 141
   at VulcanTests.Ssis2008EmitterTests.SsisComparer.CompareBimlWithDirectory(String bimlFileName, String directoryPath) in c:\BuildAgent\work\c1e1d8ccf6867220\vulcan\VulcanTests\Ssis2008EmitterTests\SsisComparer.cs:line 59
   at VulcanTests.Ssis2008EmitterTests.SsisComparer.CompareResourceBimlWithDtsx(String bimlResourceName, String resourceDirectoryName) in c:\BuildAgent\work\c1e1d8ccf6867220\vulcan\VulcanTests\Ssis2008EmitterTests\SsisComparer.cs:line 48
   at VulcanTests.Ssis2008EmitterTests.Ssis2008EmitterEtlTests.Etl_Transformations_DerivedColumnBasic() in c:\BuildAgent\work\c1e1d8ccf6867220\vulcan\VulcanTests\Ssis2008EmitterTests\Ssis2008EmitterEtlTests.cs:line 57
</StackTrace>
        </ErrorInfo>
      </Output>
    </UnitTestResult>
    <UnitTestResult executionId="2ae326af-a175-4a77-9be2-4f9da45243a8" testId="c3312d45-b37d-8274-3963-fc92ad9aa6ed" testName="Etl_Transformations_DerivedColumnErrorRowDisposition" computerName="BUILDER1" duration="00:00:00.0281292" startTime="2010-04-22T02:17:28.8592535-07:00" endTime="2010-04-22T02:17:28.8935185-07:00" testType="13cdc9d9-ddb5-4fa4-a97d-d965ccfc6d4b" outcome="Failed" testListId="8c84fa94-04c1-424b-9868-57a2d4851a1d" relativeResultsDirectory="2ae326af-a175-4a77-9be2-4f9da45243a8">
      <Output>
        <ErrorInfo>
          <Message>Test method VulcanTests.Ssis2008EmitterTests.Ssis2008EmitterEtlTests.Etl_Transformations_DerivedColumnErrorRowDisposition threw exception: 
System.ComponentModel.Win32Exception: The system cannot find the file specified</Message>
          <StackTrace>    at System.Diagnostics.Process.StartWithCreateProcess(ProcessStartInfo startInfo)
   at System.Diagnostics.Process.Start()
   at VulcanTests.Ssis2008EmitterTests.SsisComparer.RunVulcan(String bimlFileName, String targetDirectoryPath) in c:\BuildAgent\work\c1e1d8ccf6867220\vulcan\VulcanTests\Ssis2008EmitterTests\SsisComparer.cs:line 141
   at VulcanTests.Ssis2008EmitterTests.SsisComparer.CompareBimlWithDirectory(String bimlFileName, String directoryPath) in c:\BuildAgent\work\c1e1d8ccf6867220\vulcan\VulcanTests\Ssis2008EmitterTests\SsisComparer.cs:line 59
   at VulcanTests.Ssis2008EmitterTests.SsisComparer.CompareResourceBimlWithDtsx(String bimlResourceName, String resourceDirectoryName) in c:\BuildAgent\work\c1e1d8ccf6867220\vulcan\VulcanTests\Ssis2008EmitterTests\SsisComparer.cs:line 48
   at VulcanTests.Ssis2008EmitterTests.Ssis2008EmitterEtlTests.Etl_Transformations_DerivedColumnErrorRowDisposition() in c:\BuildAgent\work\c1e1d8ccf6867220\vulcan\VulcanTests\Ssis2008EmitterTests\Ssis2008EmitterEtlTests.cs:line 69
</StackTrace>
        </ErrorInfo>
      </Output>
    </UnitTestResult>
    <UnitTestResult executionId="3c55f914-0c05-4c86-9d8b-f22d93512ed7" testId="9cba9362-7146-62fe-3c78-2cdcad704ef4" testName="Etl_Transformations_DestinationBasic" computerName="BUILDER1" duration="00:00:00.0461934" startTime="2010-04-22T02:17:28.9023295-07:00" endTime="2010-04-22T02:17:28.9542165-07:00" testType="13cdc9d9-ddb5-4fa4-a97d-d965ccfc6d4b" outcome="Failed" testListId="8c84fa94-04c1-424b-9868-57a2d4851a1d" relativeResultsDirectory="3c55f914-0c05-4c86-9d8b-f22d93512ed7">
      <Output>
        <ErrorInfo>
          <Message>Test method VulcanTests.Ssis2008EmitterTests.Ssis2008EmitterEtlTests.Etl_Transformations_DestinationBasic threw exception: 
System.ComponentModel.Win32Exception: The system cannot find the file specified</Message>
          <StackTrace>    at System.Diagnostics.Process.StartWithCreateProcess(ProcessStartInfo startInfo)
   at System.Diagnostics.Process.Start()
   at VulcanTests.Ssis2008EmitterTests.SsisComparer.RunVulcan(String bimlFileName, String targetDirectoryPath) in c:\BuildAgent\work\c1e1d8ccf6867220\vulcan\VulcanTests\Ssis2008EmitterTests\SsisComparer.cs:line 141
   at VulcanTests.Ssis2008EmitterTests.SsisComparer.CompareBimlWithDirectory(String bimlFileName, String directoryPath) in c:\BuildAgent\work\c1e1d8ccf6867220\vulcan\VulcanTests\Ssis2008EmitterTests\SsisComparer.cs:line 59
   at VulcanTests.Ssis2008EmitterTests.SsisComparer.CompareResourceBimlWithDtsx(String bimlResourceName, String resourceDirectoryName) in c:\BuildAgent\work\c1e1d8ccf6867220\vulcan\VulcanTests\Ssis2008EmitterTests\SsisComparer.cs:line 48
   at VulcanTests.Ssis2008EmitterTests.Ssis2008EmitterEtlTests.Etl_Transformations_DestinationBasic() in c:\BuildAgent\work\c1e1d8ccf6867220\vulcan\VulcanTests\Ssis2008EmitterTests\Ssis2008EmitterEtlTests.cs:line 87
</StackTrace>
        </ErrorInfo>
      </Output>
    </UnitTestResult>
    <UnitTestResult executionId="69738b09-4e60-464c-a46c-2f5056b72810" testId="8bd300d8-482c-9bed-7759-4ad5002a66ac" testName="Etl_Transformations_DestinationFastLoad" computerName="BUILDER1" duration="00:00:00.0388643" startTime="2010-04-22T02:17:28.9591115-07:00" endTime="2010-04-22T02:17:29.0031665-07:00" testType="13cdc9d9-ddb5-4fa4-a97d-d965ccfc6d4b" outcome="Failed" testListId="8c84fa94-04c1-424b-9868-57a2d4851a1d" relativeResultsDirectory="69738b09-4e60-464c-a46c-2f5056b72810">
      <Output>
        <ErrorInfo>
          <Message>Test method VulcanTests.Ssis2008EmitterTests.Ssis2008EmitterEtlTests.Etl_Transformations_DestinationFastLoad threw exception: 
System.ComponentModel.Win32Exception: The system cannot find the file specified</Message>
          <StackTrace>    at System.Diagnostics.Process.StartWithCreateProcess(ProcessStartInfo startInfo)
   at System.Diagnostics.Process.Start()
   at VulcanTests.Ssis2008EmitterTests.SsisComparer.RunVulcan(String bimlFileName, String targetDirectoryPath) in c:\BuildAgent\work\c1e1d8ccf6867220\vulcan\VulcanTests\Ssis2008EmitterTests\SsisComparer.cs:line 141
   at VulcanTests.Ssis2008EmitterTests.SsisComparer.CompareBimlWithDirectory(String bimlFileName, String directoryPath) in c:\BuildAgent\work\c1e1d8ccf6867220\vulcan\VulcanTests\Ssis2008EmitterTests\SsisComparer.cs:line 59
   at VulcanTests.Ssis2008EmitterTests.SsisComparer.CompareResourceBimlWithDtsx(String bimlResourceName, String resourceDirectoryName) in c:\BuildAgent\work\c1e1d8ccf6867220\vulcan\VulcanTests\Ssis2008EmitterTests\SsisComparer.cs:line 48
   at VulcanTests.Ssis2008EmitterTests.Ssis2008EmitterEtlTests.Etl_Transformations_DestinationFastLoad() in c:\BuildAgent\work\c1e1d8ccf6867220\vulcan\VulcanTests\Ssis2008EmitterTests\Ssis2008EmitterEtlTests.cs:line 93
</StackTrace>
        </ErrorInfo>
      </Output>
    </UnitTestResult>
    <UnitTestResult executionId="cfe25f51-2807-4e54-be52-40f2fe7d873c" testId="d0ff9554-35c4-a8d1-ef86-6af57fe6d2c8" testName="Etl_Transformations_LookupBasic" computerName="BUILDER1" duration="00:00:00.0205686" startTime="2010-04-22T02:17:29.0119775-07:00" endTime="2010-04-22T02:17:29.0374315-07:00" testType="13cdc9d9-ddb5-4fa4-a97d-d965ccfc6d4b" outcome="Failed" testListId="8c84fa94-04c1-424b-9868-57a2d4851a1d" relativeResultsDirectory="cfe25f51-2807-4e54-be52-40f2fe7d873c">
      <Output>
        <ErrorInfo>
          <Message>Test method VulcanTests.Ssis2008EmitterTests.Ssis2008EmitterEtlTests.Etl_Transformations_LookupBasic threw exception: 
System.ComponentModel.Win32Exception: The system cannot find the file specified</Message>
          <StackTrace>    at System.Diagnostics.Process.StartWithCreateProcess(ProcessStartInfo startInfo)
   at System.Diagnostics.Process.Start()
   at VulcanTests.Ssis2008EmitterTests.SsisComparer.RunVulcan(String bimlFileName, String targetDirectoryPath) in c:\BuildAgent\work\c1e1d8ccf6867220\vulcan\VulcanTests\Ssis2008EmitterTests\SsisComparer.cs:line 141
   at VulcanTests.Ssis2008EmitterTests.SsisComparer.CompareBimlWithDirectory(String bimlFileName, String directoryPath) in c:\BuildAgent\work\c1e1d8ccf6867220\vulcan\VulcanTests\Ssis2008EmitterTests\SsisComparer.cs:line 59
   at VulcanTests.Ssis2008EmitterTests.SsisComparer.CompareResourceBimlWithDtsx(String bimlResourceName, String resourceDirectoryName) in c:\BuildAgent\work\c1e1d8ccf6867220\vulcan\VulcanTests\Ssis2008EmitterTests\SsisComparer.cs:line 48
   at VulcanTests.Ssis2008EmitterTests.Ssis2008EmitterEtlTests.Etl_Transformations_LookupBasic() in c:\BuildAgent\work\c1e1d8ccf6867220\vulcan\VulcanTests\Ssis2008EmitterTests\Ssis2008EmitterEtlTests.cs:line 101
</StackTrace>
        </ErrorInfo>
      </Output>
    </UnitTestResult>
    <UnitTestResult executionId="5cff87e5-e9c0-4e1d-8437-55f7ce4b8a5c" testId="3e115ff5-2a75-450e-cee0-8732dce51137" testName="Etl_Transformations_MulticastBasic" computerName="BUILDER1" duration="00:00:00.0265611" startTime="2010-04-22T02:17:29.0433055-07:00" endTime="2010-04-22T02:17:29.0765915-07:00" testType="13cdc9d9-ddb5-4fa4-a97d-d965ccfc6d4b" outcome="Failed" testListId="8c84fa94-04c1-424b-9868-57a2d4851a1d" relativeResultsDirectory="5cff87e5-e9c0-4e1d-8437-55f7ce4b8a5c">
      <Output>
        <ErrorInfo>
          <Message>Test method VulcanTests.Ssis2008EmitterTests.Ssis2008EmitterEtlTests.Etl_Transformations_MulticastBasic threw exception: 
System.ComponentModel.Win32Exception: The system cannot find the file specified</Message>
          <StackTrace>    at System.Diagnostics.Process.StartWithCreateProcess(ProcessStartInfo startInfo)
   at System.Diagnostics.Process.Start()
   at VulcanTests.Ssis2008EmitterTests.SsisComparer.RunVulcan(String bimlFileName, String targetDirectoryPath) in c:\BuildAgent\work\c1e1d8ccf6867220\vulcan\VulcanTests\Ssis2008EmitterTests\SsisComparer.cs:line 141
   at VulcanTests.Ssis2008EmitterTests.SsisComparer.CompareBimlWithDirectory(String bimlFileName, String directoryPath) in c:\BuildAgent\work\c1e1d8ccf6867220\vulcan\VulcanTests\Ssis2008EmitterTests\SsisComparer.cs:line 59
   at VulcanTests.Ssis2008EmitterTests.SsisComparer.CompareResourceBimlWithDtsx(String bimlResourceName, String resourceDirectoryName) in c:\BuildAgent\work\c1e1d8ccf6867220\vulcan\VulcanTests\Ssis2008EmitterTests\SsisComparer.cs:line 48
   at VulcanTests.Ssis2008EmitterTests.Ssis2008EmitterEtlTests.Etl_Transformations_MulticastBasic() in c:\BuildAgent\work\c1e1d8ccf6867220\vulcan\VulcanTests\Ssis2008EmitterTests\Ssis2008EmitterEtlTests.cs:line 109
</StackTrace>
        </ErrorInfo>
      </Output>
    </UnitTestResult>
    <UnitTestResult executionId="4fd6162b-1ca1-46c4-81bf-62844c14a7b3" testId="88844a1b-445d-b958-dacc-49c120782127" testName="Etl_Transformations_OleDBCommandBasic" computerName="BUILDER1" duration="00:00:00.0267369" startTime="2010-04-22T02:17:29.0805075-07:00" endTime="2010-04-22T02:17:29.1128145-07:00" testType="13cdc9d9-ddb5-4fa4-a97d-d965ccfc6d4b" outcome="Failed" testListId="8c84fa94-04c1-424b-9868-57a2d4851a1d" relativeResultsDirectory="4fd6162b-1ca1-46c4-81bf-62844c14a7b3">
      <Output>
        <ErrorInfo>
          <Message>Test method VulcanTests.Ssis2008EmitterTests.Ssis2008EmitterEtlTests.Etl_Transformations_OleDBCommandBasic threw exception: 
System.ComponentModel.Win32Exception: The system cannot find the file specified</Message>
          <StackTrace>    at System.Diagnostics.Process.StartWithCreateProcess(ProcessStartInfo startInfo)
   at System.Diagnostics.Process.Start()
   at VulcanTests.Ssis2008EmitterTests.SsisComparer.RunVulcan(String bimlFileName, String targetDirectoryPath) in c:\BuildAgent\work\c1e1d8ccf6867220\vulcan\VulcanTests\Ssis2008EmitterTests\SsisComparer.cs:line 141
   at VulcanTests.Ssis2008EmitterTests.SsisComparer.CompareBimlWithDirectory(String bimlFileName, String directoryPath) in c:\BuildAgent\work\c1e1d8ccf6867220\vulcan\VulcanTests\Ssis2008EmitterTests\SsisComparer.cs:line 59
   at VulcanTests.Ssis2008EmitterTests.SsisComparer.CompareResourceBimlWithDtsx(String bimlResourceName, String resourceDirectoryName) in c:\BuildAgent\work\c1e1d8ccf6867220\vulcan\VulcanTests\Ssis2008EmitterTests\SsisComparer.cs:line 48
   at VulcanTests.Ssis2008EmitterTests.Ssis2008EmitterEtlTests.Etl_Transformations_OleDBCommandBasic() in c:\BuildAgent\work\c1e1d8ccf6867220\vulcan\VulcanTests\Ssis2008EmitterTests\Ssis2008EmitterEtlTests.cs:line 115
</StackTrace>
        </ErrorInfo>
      </Output>
    </UnitTestResult>
    <UnitTestResult executionId="dedbce60-8134-45d1-ac0e-d53e988f7877" testId="4b940163-cbb2-9c54-7950-abdc93f18ac5" testName="Etl_Transformations_QuerySourceBasic" computerName="BUILDER1" duration="00:00:00.0272583" startTime="2010-04-22T02:17:29.1177095-07:00" endTime="2010-04-22T02:17:29.1509955-07:00" testType="13cdc9d9-ddb5-4fa4-a97d-d965ccfc6d4b" outcome="Failed" testListId="8c84fa94-04c1-424b-9868-57a2d4851a1d" relativeResultsDirectory="dedbce60-8134-45d1-ac0e-d53e988f7877">
      <Output>
        <ErrorInfo>
          <Message>Test method VulcanTests.Ssis2008EmitterTests.Ssis2008EmitterEtlTests.Etl_Transformations_QuerySourceBasic threw exception: 
System.ComponentModel.Win32Exception: The system cannot find the file specified</Message>
          <StackTrace>    at System.Diagnostics.Process.StartWithCreateProcess(ProcessStartInfo startInfo)
   at System.Diagnostics.Process.Start()
   at VulcanTests.Ssis2008EmitterTests.SsisComparer.RunVulcan(String bimlFileName, String targetDirectoryPath) in c:\BuildAgent\work\c1e1d8ccf6867220\vulcan\VulcanTests\Ssis2008EmitterTests\SsisComparer.cs:line 141
   at VulcanTests.Ssis2008EmitterTests.SsisComparer.CompareBimlWithDirectory(String bimlFileName, String directoryPath) in c:\BuildAgent\work\c1e1d8ccf6867220\vulcan\VulcanTests\Ssis2008EmitterTests\SsisComparer.cs:line 59
   at VulcanTests.Ssis2008EmitterTests.SsisComparer.CompareResourceBimlWithDtsx(String bimlResourceName, String resourceDirectoryName) in c:\BuildAgent\work\c1e1d8ccf6867220\vulcan\VulcanTests\Ssis2008EmitterTests\SsisComparer.cs:line 48
   at VulcanTests.Ssis2008EmitterTests.Ssis2008EmitterEtlTests.Etl_Transformations_QuerySourceBasic() in c:\BuildAgent\work\c1e1d8ccf6867220\vulcan\VulcanTests\Ssis2008EmitterTests\Ssis2008EmitterEtlTests.cs:line 51
</StackTrace>
        </ErrorInfo>
      </Output>
    </UnitTestResult>
    <UnitTestResult executionId="ef6edd53-7183-4ad0-aab8-4c97ad325577" testId="764a6571-edf0-ca50-2e31-8819e637f095" testName="Etl_Transformations_QuerySourceParameters" computerName="BUILDER1" duration="00:00:00.0280832" startTime="2010-04-22T02:17:29.1568695-07:00" endTime="2010-04-22T02:17:29.1911345-07:00" testType="13cdc9d9-ddb5-4fa4-a97d-d965ccfc6d4b" outcome="Failed" testListId="8c84fa94-04c1-424b-9868-57a2d4851a1d" relativeResultsDirectory="ef6edd53-7183-4ad0-aab8-4c97ad325577">
      <Output>
        <ErrorInfo>
          <Message>Test method VulcanTests.Ssis2008EmitterTests.Ssis2008EmitterEtlTests.Etl_Transformations_QuerySourceParameters threw exception: 
System.ComponentModel.Win32Exception: The system cannot find the file specified</Message>
          <StackTrace>    at System.Diagnostics.Process.StartWithCreateProcess(ProcessStartInfo startInfo)
   at System.Diagnostics.Process.Start()
   at VulcanTests.Ssis2008EmitterTests.SsisComparer.RunVulcan(String bimlFileName, String targetDirectoryPath) in c:\BuildAgent\work\c1e1d8ccf6867220\vulcan\VulcanTests\Ssis2008EmitterTests\SsisComparer.cs:line 141
   at VulcanTests.Ssis2008EmitterTests.SsisComparer.CompareBimlWithDirectory(String bimlFileName, String directoryPath) in c:\BuildAgent\work\c1e1d8ccf6867220\vulcan\VulcanTests\Ssis2008EmitterTests\SsisComparer.cs:line 59
   at VulcanTests.Ssis2008EmitterTests.SsisComparer.CompareResourceBimlWithDtsx(String bimlResourceName, String resourceDirectoryName) in c:\BuildAgent\work\c1e1d8ccf6867220\vulcan\VulcanTests\Ssis2008EmitterTests\SsisComparer.cs:line 48
   at VulcanTests.Ssis2008EmitterTests.Ssis2008EmitterEtlTests.Etl_Transformations_QuerySourceParameters() in c:\BuildAgent\work\c1e1d8ccf6867220\vulcan\VulcanTests\Ssis2008EmitterTests\Ssis2008EmitterEtlTests.cs:line 75
</StackTrace>
        </ErrorInfo>
      </Output>
    </UnitTestResult>
    <UnitTestResult executionId="22d1f889-48e2-4061-a7af-4dc94b6026bb" testId="06bec740-3e5a-2459-0d88-f2d172ca50f1" testName="Etl_Transformations_SortBasic" computerName="BUILDER1" duration="00:00:00.0289766" startTime="2010-04-22T02:17:29.1970085-07:00" endTime="2010-04-22T02:17:29.2332315-07:00" testType="13cdc9d9-ddb5-4fa4-a97d-d965ccfc6d4b" outcome="Failed" testListId="8c84fa94-04c1-424b-9868-57a2d4851a1d" relativeResultsDirectory="22d1f889-48e2-4061-a7af-4dc94b6026bb">
      <Output>
        <ErrorInfo>
          <Message>Test method VulcanTests.Ssis2008EmitterTests.Ssis2008EmitterEtlTests.Etl_Transformations_SortBasic threw exception: 
System.ComponentModel.Win32Exception: The system cannot find the file specified</Message>
          <StackTrace>    at System.Diagnostics.Process.StartWithCreateProcess(ProcessStartInfo startInfo)
   at System.Diagnostics.Process.Start()
   at VulcanTests.Ssis2008EmitterTests.SsisComparer.RunVulcan(String bimlFileName, String targetDirectoryPath) in c:\BuildAgent\work\c1e1d8ccf6867220\vulcan\VulcanTests\Ssis2008EmitterTests\SsisComparer.cs:line 141
   at VulcanTests.Ssis2008EmitterTests.SsisComparer.CompareBimlWithDirectory(String bimlFileName, String directoryPath) in c:\BuildAgent\work\c1e1d8ccf6867220\vulcan\VulcanTests\Ssis2008EmitterTests\SsisComparer.cs:line 59
   at VulcanTests.Ssis2008EmitterTests.SsisComparer.CompareResourceBimlWithDtsx(String bimlResourceName, String resourceDirectoryName) in c:\BuildAgent\work\c1e1d8ccf6867220\vulcan\VulcanTests\Ssis2008EmitterTests\SsisComparer.cs:line 48
   at VulcanTests.Ssis2008EmitterTests.Ssis2008EmitterEtlTests.Etl_Transformations_SortBasic() in c:\BuildAgent\work\c1e1d8ccf6867220\vulcan\VulcanTests\Ssis2008EmitterTests\Ssis2008EmitterEtlTests.cs:line 123
</StackTrace>
        </ErrorInfo>
      </Output>
    </UnitTestResult>
    <UnitTestResult executionId="62de812a-0f77-4c73-9bb5-015dbe14f8ae" testId="c220c1de-78ab-cca1-a9e0-899de1f3c124" testName="Etl_Transformations_SortDefault" computerName="BUILDER1" duration="00:00:00.0269095" startTime="2010-04-22T02:17:29.2381265-07:00" endTime="2010-04-22T02:17:29.2704335-07:00" testType="13cdc9d9-ddb5-4fa4-a97d-d965ccfc6d4b" outcome="Failed" testListId="8c84fa94-04c1-424b-9868-57a2d4851a1d" relativeResultsDirectory="62de812a-0f77-4c73-9bb5-015dbe14f8ae">
      <Output>
        <ErrorInfo>
          <Message>Test method VulcanTests.Ssis2008EmitterTests.Ssis2008EmitterEtlTests.Etl_Transformations_SortDefault threw exception: 
System.ComponentModel.Win32Exception: The system cannot find the file specified</Message>
          <StackTrace>    at System.Diagnostics.Process.StartWithCreateProcess(ProcessStartInfo startInfo)
   at System.Diagnostics.Process.Start()
   at VulcanTests.Ssis2008EmitterTests.SsisComparer.RunVulcan(String bimlFileName, String targetDirectoryPath) in c:\BuildAgent\work\c1e1d8ccf6867220\vulcan\VulcanTests\Ssis2008EmitterTests\SsisComparer.cs:line 141
   at VulcanTests.Ssis2008EmitterTests.SsisComparer.CompareBimlWithDirectory(String bimlFileName, String directoryPath) in c:\BuildAgent\work\c1e1d8ccf6867220\vulcan\VulcanTests\Ssis2008EmitterTests\SsisComparer.cs:line 59
   at VulcanTests.Ssis2008EmitterTests.SsisComparer.CompareResourceBimlWithDtsx(String bimlResourceName, String resourceDirectoryName) in c:\BuildAgent\work\c1e1d8ccf6867220\vulcan\VulcanTests\Ssis2008EmitterTests\SsisComparer.cs:line 48
   at VulcanTests.Ssis2008EmitterTests.Ssis2008EmitterEtlTests.Etl_Transformations_SortDefault() in c:\BuildAgent\work\c1e1d8ccf6867220\vulcan\VulcanTests\Ssis2008EmitterTests\Ssis2008EmitterEtlTests.cs:line 129
</StackTrace>
        </ErrorInfo>
      </Output>
    </UnitTestResult>
    <UnitTestResult executionId="22847bb9-02ac-49ff-97ba-b7452a0039fa" testId="af6a01bf-2e64-46dc-61d0-bcddbc1e955a" testName="Etl_Transformations_TransformationTemplateInstanceBasic" computerName="BUILDER1" duration="00:00:00.0241232" startTime="2010-04-22T02:17:29.2753285-07:00" endTime="2010-04-22T02:17:29.3056775-07:00" testType="13cdc9d9-ddb5-4fa4-a97d-d965ccfc6d4b" outcome="Failed" testListId="8c84fa94-04c1-424b-9868-57a2d4851a1d" relativeResultsDirectory="22847bb9-02ac-49ff-97ba-b7452a0039fa">
      <Output>
        <ErrorInfo>
          <Message>Test method VulcanTests.Ssis2008EmitterTests.Ssis2008EmitterEtlTests.Etl_Transformations_TransformationTemplateInstanceBasic threw exception: 
System.ComponentModel.Win32Exception: The system cannot find the file specified</Message>
          <StackTrace>    at System.Diagnostics.Process.StartWithCreateProcess(ProcessStartInfo startInfo)
   at System.Diagnostics.Process.Start()
   at VulcanTests.Ssis2008EmitterTests.SsisComparer.RunVulcan(String bimlFileName, String targetDirectoryPath) in c:\BuildAgent\work\c1e1d8ccf6867220\vulcan\VulcanTests\Ssis2008EmitterTests\SsisComparer.cs:line 141
   at VulcanTests.Ssis2008EmitterTests.SsisComparer.CompareBimlWithDirectory(String bimlFileName, String directoryPath) in c:\BuildAgent\work\c1e1d8ccf6867220\vulcan\VulcanTests\Ssis2008EmitterTests\SsisComparer.cs:line 59
   at VulcanTests.Ssis2008EmitterTests.SsisComparer.CompareResourceBimlWithDtsx(String bimlResourceName, String resourceDirectoryName) in c:\BuildAgent\work\c1e1d8ccf6867220\vulcan\VulcanTests\Ssis2008EmitterTests\SsisComparer.cs:line 48
   at VulcanTests.Ssis2008EmitterTests.Ssis2008EmitterEtlTests.Etl_Transformations_TransformationTemplateInstanceBasic() in c:\BuildAgent\work\c1e1d8ccf6867220\vulcan\VulcanTests\Ssis2008EmitterTests\Ssis2008EmitterEtlTests.cs:line 161
</StackTrace>
        </ErrorInfo>
      </Output>
    </UnitTestResult>
    <UnitTestResult executionId="4aa0a0dd-32ae-48a8-a28f-8700171f017f" testId="92bb8e0c-ba4b-d6ba-4651-fe2e90dfed2d" testName="Etl_Transformations_UnionAllBasic" computerName="BUILDER1" duration="00:00:00.0240781" startTime="2010-04-22T02:17:29.3115515-07:00" endTime="2010-04-22T02:17:29.3399425-07:00" testType="13cdc9d9-ddb5-4fa4-a97d-d965ccfc6d4b" outcome="Failed" testListId="8c84fa94-04c1-424b-9868-57a2d4851a1d" relativeResultsDirectory="4aa0a0dd-32ae-48a8-a28f-8700171f017f">
      <Output>
        <ErrorInfo>
          <Message>Test method VulcanTests.Ssis2008EmitterTests.Ssis2008EmitterEtlTests.Etl_Transformations_UnionAllBasic threw exception: 
System.ComponentModel.Win32Exception: The system cannot find the file specified</Message>
          <StackTrace>    at System.Diagnostics.Process.StartWithCreateProcess(ProcessStartInfo startInfo)
   at System.Diagnostics.Process.Start()
   at VulcanTests.Ssis2008EmitterTests.SsisComparer.RunVulcan(String bimlFileName, String targetDirectoryPath) in c:\BuildAgent\work\c1e1d8ccf6867220\vulcan\VulcanTests\Ssis2008EmitterTests\SsisComparer.cs:line 141
   at VulcanTests.Ssis2008EmitterTests.SsisComparer.CompareBimlWithDirectory(String bimlFileName, String directoryPath) in c:\BuildAgent\work\c1e1d8ccf6867220\vulcan\VulcanTests\Ssis2008EmitterTests\SsisComparer.cs:line 59
   at VulcanTests.Ssis2008EmitterTests.SsisComparer.CompareResourceBimlWithDtsx(String bimlResourceName, String resourceDirectoryName) in c:\BuildAgent\work\c1e1d8ccf6867220\vulcan\VulcanTests\Ssis2008EmitterTests\SsisComparer.cs:line 48
   at VulcanTests.Ssis2008EmitterTests.Ssis2008EmitterEtlTests.Etl_Transformations_UnionAllBasic() in c:\BuildAgent\work\c1e1d8ccf6867220\vulcan\VulcanTests\Ssis2008EmitterTests\Ssis2008EmitterEtlTests.cs:line 139
</StackTrace>
        </ErrorInfo>
      </Output>
    </UnitTestResult>
    <UnitTestResult executionId="5052f954-0d27-40ee-8907-836529bcd97e" testId="3b833b69-9671-5e37-280b-4a560568e333" testName="Etl_Transformations_UnionAllTransformationOrder" computerName="BUILDER1" duration="00:00:00.0229582" startTime="2010-04-22T02:17:29.3477745-07:00" endTime="2010-04-22T02:17:29.3771445-07:00" testType="13cdc9d9-ddb5-4fa4-a97d-d965ccfc6d4b" outcome="Failed" testListId="8c84fa94-04c1-424b-9868-57a2d4851a1d" relativeResultsDirectory="5052f954-0d27-40ee-8907-836529bcd97e">
      <Output>
        <ErrorInfo>
          <Message>Test method VulcanTests.Ssis2008EmitterTests.Ssis2008EmitterEtlTests.Etl_Transformations_UnionAllTransformationOrder threw exception: 
System.ComponentModel.Win32Exception: The system cannot find the file specified</Message>
          <StackTrace>    at System.Diagnostics.Process.StartWithCreateProcess(ProcessStartInfo startInfo)
   at System.Diagnostics.Process.Start()
   at VulcanTests.Ssis2008EmitterTests.SsisComparer.RunVulcan(String bimlFileName, String targetDirectoryPath) in c:\BuildAgent\work\c1e1d8ccf6867220\vulcan\VulcanTests\Ssis2008EmitterTests\SsisComparer.cs:line 141
   at VulcanTests.Ssis2008EmitterTests.SsisComparer.CompareBimlWithDirectory(String bimlFileName, String directoryPath) in c:\BuildAgent\work\c1e1d8ccf6867220\vulcan\VulcanTests\Ssis2008EmitterTests\SsisComparer.cs:line 59
   at VulcanTests.Ssis2008EmitterTests.SsisComparer.CompareResourceBimlWithDtsx(String bimlResourceName, String resourceDirectoryName) in c:\BuildAgent\work\c1e1d8ccf6867220\vulcan\VulcanTests\Ssis2008EmitterTests\SsisComparer.cs:line 48
   at VulcanTests.Ssis2008EmitterTests.Ssis2008EmitterEtlTests.Etl_Transformations_UnionAllTransformationOrder() in c:\BuildAgent\work\c1e1d8ccf6867220\vulcan\VulcanTests\Ssis2008EmitterTests\Ssis2008EmitterEtlTests.cs:line 145
</StackTrace>
        </ErrorInfo>
      </Output>
    </UnitTestResult>
    <UnitTestResult executionId="199dbd13-b183-425c-9de6-ffc303a4aed6" testId="d96886ac-74d3-8710-f587-2717d994ab66" testName="Etl_Transformations_XmlSourceBasic" computerName="BUILDER1" duration="00:00:00.0196423" startTime="2010-04-22T02:17:29.3830185-07:00" endTime="2010-04-22T02:17:29.4084725-07:00" testType="13cdc9d9-ddb5-4fa4-a97d-d965ccfc6d4b" outcome="Failed" testListId="8c84fa94-04c1-424b-9868-57a2d4851a1d" relativeResultsDirectory="199dbd13-b183-425c-9de6-ffc303a4aed6">
      <Output>
        <ErrorInfo>
          <Message>Test method VulcanTests.Ssis2008EmitterTests.Ssis2008EmitterEtlTests.Etl_Transformations_XmlSourceBasic threw exception: 
System.ComponentModel.Win32Exception: The system cannot find the file specified</Message>
          <StackTrace>    at System.Diagnostics.Process.StartWithCreateProcess(ProcessStartInfo startInfo)
   at System.Diagnostics.Process.Start()
   at VulcanTests.Ssis2008EmitterTests.SsisComparer.RunVulcan(String bimlFileName, String targetDirectoryPath) in c:\BuildAgent\work\c1e1d8ccf6867220\vulcan\VulcanTests\Ssis2008EmitterTests\SsisComparer.cs:line 141
   at VulcanTests.Ssis2008EmitterTests.SsisComparer.CompareBimlWithDirectory(String bimlFileName, String directoryPath) in c:\BuildAgent\work\c1e1d8ccf6867220\vulcan\VulcanTests\Ssis2008EmitterTests\SsisComparer.cs:line 59
   at VulcanTests.Ssis2008EmitterTests.SsisComparer.CompareResourceBimlWithDtsx(String bimlResourceName, String resourceDirectoryName) in c:\BuildAgent\work\c1e1d8ccf6867220\vulcan\VulcanTests\Ssis2008EmitterTests\SsisComparer.cs:line 48
   at VulcanTests.Ssis2008EmitterTests.Ssis2008EmitterEtlTests.Etl_Transformations_XmlSourceBasic() in c:\BuildAgent\work\c1e1d8ccf6867220\vulcan\VulcanTests\Ssis2008EmitterTests\Ssis2008EmitterEtlTests.cs:line 167
</StackTrace>
        </ErrorInfo>
      </Output>
    </UnitTestResult>
    <UnitTestResult executionId="90c8e761-639f-4a2a-ad35-988d945ccb35" testId="fd091ad0-0026-e8cb-4532-61439aba3edc" testName="RowCount_Basic" computerName="BUILDER1" duration="00:00:00.0270132" startTime="2010-04-22T02:17:29.4133675-07:00" endTime="2010-04-22T02:17:29.4456745-07:00" testType="13cdc9d9-ddb5-4fa4-a97d-d965ccfc6d4b" outcome="Failed" testListId="8c84fa94-04c1-424b-9868-57a2d4851a1d" relativeResultsDirectory="90c8e761-639f-4a2a-ad35-988d945ccb35">
      <Output>
        <ErrorInfo>
          <Message>Test method VulcanTests.Ssis2008EmitterTests.Ssis2008EmitterEtlTests.RowCount_Basic threw exception: 
System.ComponentModel.Win32Exception: The system cannot find the file specified</Message>
          <StackTrace>    at System.Diagnostics.Process.StartWithCreateProcess(ProcessStartInfo startInfo)
   at System.Diagnostics.Process.Start()
   at VulcanTests.Ssis2008EmitterTests.SsisComparer.RunVulcan(String bimlFileName, String targetDirectoryPath) in c:\BuildAgent\work\c1e1d8ccf6867220\vulcan\VulcanTests\Ssis2008EmitterTests\SsisComparer.cs:line 141
   at VulcanTests.Ssis2008EmitterTests.SsisComparer.CompareBimlWithDirectory(String bimlFileName, String directoryPath) in c:\BuildAgent\work\c1e1d8ccf6867220\vulcan\VulcanTests\Ssis2008EmitterTests\SsisComparer.cs:line 59
   at VulcanTests.Ssis2008EmitterTests.SsisComparer.CompareResourceBimlWithDtsx(String bimlResourceName, String resourceDirectoryName) in c:\BuildAgent\work\c1e1d8ccf6867220\vulcan\VulcanTests\Ssis2008EmitterTests\SsisComparer.cs:line 48
   at VulcanTests.Ssis2008EmitterTests.Ssis2008EmitterEtlTests.RowCount_Basic() in c:\BuildAgent\work\c1e1d8ccf6867220\vulcan\VulcanTests\Ssis2008EmitterTests\Ssis2008EmitterEtlTests.cs:line 63
</StackTrace>
        </ErrorInfo>
      </Output>
    </UnitTestResult>
    <UnitTestResult executionId="5bf68bd4-e1bb-4bb5-be32-512c13519b9b" testId="d54e5e66-c31a-6313-7c83-b398de2cb619" testName="Package_AccessConnection" computerName="BUILDER1" duration="00:00:00.0288174" startTime="2010-04-22T02:17:29.4525275-07:00" endTime="2010-04-22T02:17:29.4877715-07:00" testType="13cdc9d9-ddb5-4fa4-a97d-d965ccfc6d4b" outcome="Failed" testListId="8c84fa94-04c1-424b-9868-57a2d4851a1d" relativeResultsDirectory="5bf68bd4-e1bb-4bb5-be32-512c13519b9b">
      <Output>
        <ErrorInfo>
          <Message>Test method VulcanTests.Ssis2008EmitterTests.Ssis2008EmitterPackageTests.Package_AccessConnection threw exception: 
System.ComponentModel.Win32Exception: The system cannot find the file specified</Message>
          <StackTrace>    at System.Diagnostics.Process.StartWithCreateProcess(ProcessStartInfo startInfo)
   at System.Diagnostics.Process.Start()
   at VulcanTests.Ssis2008EmitterTests.SsisComparer.RunVulcan(String bimlFileName, String targetDirectoryPath) in c:\BuildAgent\work\c1e1d8ccf6867220\vulcan\VulcanTests\Ssis2008EmitterTests\SsisComparer.cs:line 141
   at VulcanTests.Ssis2008EmitterTests.SsisComparer.CompareBimlWithDirectory(String bimlFileName, String directoryPath) in c:\BuildAgent\work\c1e1d8ccf6867220\vulcan\VulcanTests\Ssis2008EmitterTests\SsisComparer.cs:line 59
   at VulcanTests.Ssis2008EmitterTests.SsisComparer.CompareResourceBimlWithDtsx(String bimlResourceName, String resourceDirectoryName) in c:\BuildAgent\work\c1e1d8ccf6867220\vulcan\VulcanTests\Ssis2008EmitterTests\SsisComparer.cs:line 48
   at VulcanTests.Ssis2008EmitterTests.Ssis2008EmitterPackageTests.Package_AccessConnection() in c:\BuildAgent\work\c1e1d8ccf6867220\vulcan\VulcanTests\Ssis2008EmitterTests\Ssis2008EmitterPackageTests.cs:line 100
</StackTrace>
        </ErrorInfo>
      </Output>
    </UnitTestResult>
    <UnitTestResult executionId="a6ca3762-4f71-4fa6-b82a-1bf900bb005e" testId="a08fc025-6f0a-d78a-9ba4-1578891206bf" testName="Package_ConnectionWithUserName" computerName="BUILDER1" duration="00:00:00.0304901" startTime="2010-04-22T02:17:29.4936455-07:00" endTime="2010-04-22T02:17:29.5298685-07:00" testType="13cdc9d9-ddb5-4fa4-a97d-d965ccfc6d4b" outcome="Failed" testListId="8c84fa94-04c1-424b-9868-57a2d4851a1d" relativeResultsDirectory="a6ca3762-4f71-4fa6-b82a-1bf900bb005e">
      <Output>
        <ErrorInfo>
          <Message>Test method VulcanTests.Ssis2008EmitterTests.Ssis2008EmitterPackageTests.Package_ConnectionWithUserName threw exception: 
System.ComponentModel.Win32Exception: The system cannot find the file specified</Message>
          <StackTrace>    at System.Diagnostics.Process.StartWithCreateProcess(ProcessStartInfo startInfo)
   at System.Diagnostics.Process.Start()
   at VulcanTests.Ssis2008EmitterTests.SsisComparer.RunVulcan(String bimlFileName, String targetDirectoryPath) in c:\BuildAgent\work\c1e1d8ccf6867220\vulcan\VulcanTests\Ssis2008EmitterTests\SsisComparer.cs:line 141
   at VulcanTests.Ssis2008EmitterTests.SsisComparer.CompareBimlWithDirectory(String bimlFileName, String directoryPath) in c:\BuildAgent\work\c1e1d8ccf6867220\vulcan\VulcanTests\Ssis2008EmitterTests\SsisComparer.cs:line 59
   at VulcanTests.Ssis2008EmitterTests.SsisComparer.CompareResourceBimlWithDtsx(String bimlResourceName, String resourceDirectoryName) in c:\BuildAgent\work\c1e1d8ccf6867220\vulcan\VulcanTests\Ssis2008EmitterTests\SsisComparer.cs:line 48
   at VulcanTests.Ssis2008EmitterTests.Ssis2008EmitterPackageTests.Package_ConnectionWithUserName() in c:\BuildAgent\work\c1e1d8ccf6867220\vulcan\VulcanTests\Ssis2008EmitterTests\Ssis2008EmitterPackageTests.cs:line 106
</StackTrace>
        </ErrorInfo>
      </Output>
    </UnitTestResult>
    <UnitTestResult executionId="3666ae1b-3874-42ab-afb6-8a66a742d6e2" testId="1f44e2f8-0186-39f4-190d-7864da709963" testName="Package_ConstraintModeLinear" computerName="BUILDER1" duration="00:00:00.0232277" startTime="2010-04-22T02:17:29.5357425-07:00" endTime="2010-04-22T02:17:29.5641335-07:00" testType="13cdc9d9-ddb5-4fa4-a97d-d965ccfc6d4b" outcome="Failed" testListId="8c84fa94-04c1-424b-9868-57a2d4851a1d" relativeResultsDirectory="3666ae1b-3874-42ab-afb6-8a66a742d6e2">
      <Output>
        <ErrorInfo>
          <Message>Test method VulcanTests.Ssis2008EmitterTests.Ssis2008EmitterPackageTests.Package_ConstraintModeLinear threw exception: 
System.ComponentModel.Win32Exception: The system cannot find the file specified</Message>
          <StackTrace>    at System.Diagnostics.Process.StartWithCreateProcess(ProcessStartInfo startInfo)
   at System.Diagnostics.Process.Start()
   at VulcanTests.Ssis2008EmitterTests.SsisComparer.RunVulcan(String bimlFileName, String targetDirectoryPath) in c:\BuildAgent\work\c1e1d8ccf6867220\vulcan\VulcanTests\Ssis2008EmitterTests\SsisComparer.cs:line 141
   at VulcanTests.Ssis2008EmitterTests.SsisComparer.CompareBimlWithDirectory(String bimlFileName, String directoryPath) in c:\BuildAgent\work\c1e1d8ccf6867220\vulcan\VulcanTests\Ssis2008EmitterTests\SsisComparer.cs:line 59
   at VulcanTests.Ssis2008EmitterTests.SsisComparer.CompareResourceBimlWithDtsx(String bimlResourceName, String resourceDirectoryName) in c:\BuildAgent\work\c1e1d8ccf6867220\vulcan\VulcanTests\Ssis2008EmitterTests\SsisComparer.cs:line 48
   at VulcanTests.Ssis2008EmitterTests.Ssis2008EmitterPackageTests.Package_ConstraintModeLinear() in c:\BuildAgent\work\c1e1d8ccf6867220\vulcan\VulcanTests\Ssis2008EmitterTests\Ssis2008EmitterPackageTests.cs:line 56
</StackTrace>
        </ErrorInfo>
      </Output>
    </UnitTestResult>
    <UnitTestResult executionId="9e686810-05ed-45d5-829c-8a8bf69cf2ab" testId="ffcc6b48-3139-43ab-569c-1bffdfd260c6" testName="Package_ConstraintModeParallel" computerName="BUILDER1" duration="00:00:00.0246932" startTime="2010-04-22T02:17:29.5690285-07:00" endTime="2010-04-22T02:17:29.6003565-07:00" testType="13cdc9d9-ddb5-4fa4-a97d-d965ccfc6d4b" outcome="Failed" testListId="8c84fa94-04c1-424b-9868-57a2d4851a1d" relativeResultsDirectory="9e686810-05ed-45d5-829c-8a8bf69cf2ab">
      <Output>
        <ErrorInfo>
          <Message>Test method VulcanTests.Ssis2008EmitterTests.Ssis2008EmitterPackageTests.Package_ConstraintModeParallel threw exception: 
System.ComponentModel.Win32Exception: The system cannot find the file specified</Message>
          <StackTrace>    at System.Diagnostics.Process.StartWithCreateProcess(ProcessStartInfo startInfo)
   at System.Diagnostics.Process.Start()
   at VulcanTests.Ssis2008EmitterTests.SsisComparer.RunVulcan(String bimlFileName, String targetDirectoryPath) in c:\BuildAgent\work\c1e1d8ccf6867220\vulcan\VulcanTests\Ssis2008EmitterTests\SsisComparer.cs:line 141
   at VulcanTests.Ssis2008EmitterTests.SsisComparer.CompareBimlWithDirectory(String bimlFileName, String directoryPath) in c:\BuildAgent\work\c1e1d8ccf6867220\vulcan\VulcanTests\Ssis2008EmitterTests\SsisComparer.cs:line 59
   at VulcanTests.Ssis2008EmitterTests.SsisComparer.CompareResourceBimlWithDtsx(String bimlResourceName, String resourceDirectoryName) in c:\BuildAgent\work\c1e1d8ccf6867220\vulcan\VulcanTests\Ssis2008EmitterTests\SsisComparer.cs:line 48
   at VulcanTests.Ssis2008EmitterTests.Ssis2008EmitterPackageTests.Package_ConstraintModeParallel() in c:\BuildAgent\work\c1e1d8ccf6867220\vulcan\VulcanTests\Ssis2008EmitterTests\Ssis2008EmitterPackageTests.cs:line 62
</StackTrace>
        </ErrorInfo>
      </Output>
    </UnitTestResult>
    <UnitTestResult executionId="24dfef45-d731-4cef-835c-c7d2de0f7677" testId="d8ef532b-e149-a2d9-db12-3134c1176fb8" testName="Package_DelayValidation" computerName="BUILDER1" duration="00:00:00.0242161" startTime="2010-04-22T02:17:29.6052515-07:00" endTime="2010-04-22T02:17:29.6346215-07:00" testType="13cdc9d9-ddb5-4fa4-a97d-d965ccfc6d4b" outcome="Failed" testListId="8c84fa94-04c1-424b-9868-57a2d4851a1d" relativeResultsDirectory="24dfef45-d731-4cef-835c-c7d2de0f7677">
      <Output>
        <ErrorInfo>
          <Message>Test method VulcanTests.Ssis2008EmitterTests.Ssis2008EmitterPackageTests.Package_DelayValidation threw exception: 
System.ComponentModel.Win32Exception: The system cannot find the file specified</Message>
          <StackTrace>    at System.Diagnostics.Process.StartWithCreateProcess(ProcessStartInfo startInfo)
   at System.Diagnostics.Process.Start()
   at VulcanTests.Ssis2008EmitterTests.SsisComparer.RunVulcan(String bimlFileName, String targetDirectoryPath) in c:\BuildAgent\work\c1e1d8ccf6867220\vulcan\VulcanTests\Ssis2008EmitterTests\SsisComparer.cs:line 141
   at VulcanTests.Ssis2008EmitterTests.SsisComparer.CompareBimlWithDirectory(String bimlFileName, String directoryPath) in c:\BuildAgent\work\c1e1d8ccf6867220\vulcan\VulcanTests\Ssis2008EmitterTests\SsisComparer.cs:line 59
   at VulcanTests.Ssis2008EmitterTests.SsisComparer.CompareResourceBimlWithDtsx(String bimlResourceName, String resourceDirectoryName) in c:\BuildAgent\work\c1e1d8ccf6867220\vulcan\VulcanTests\Ssis2008EmitterTests\SsisComparer.cs:line 48
   at VulcanTests.Ssis2008EmitterTests.Ssis2008EmitterPackageTests.Package_DelayValidation() in c:\BuildAgent\work\c1e1d8ccf6867220\vulcan\VulcanTests\Ssis2008EmitterTests\Ssis2008EmitterPackageTests.cs:line 68
</StackTrace>
        </ErrorInfo>
      </Output>
    </UnitTestResult>
    <UnitTestResult executionId="5167f76f-d801-413f-b376-f68b5989a87b" testId="e18bf159-229c-04e5-8a07-d39cf1271df5" testName="Package_Events" computerName="BUILDER1" duration="00:00:00.0230105" startTime="2010-04-22T02:17:29.6404955-07:00" endTime="2010-04-22T02:17:29.6688865-07:00" testType="13cdc9d9-ddb5-4fa4-a97d-d965ccfc6d4b" outcome="Failed" testListId="8c84fa94-04c1-424b-9868-57a2d4851a1d" relativeResultsDirectory="5167f76f-d801-413f-b376-f68b5989a87b">
      <Output>
        <ErrorInfo>
          <Message>Test method VulcanTests.Ssis2008EmitterTests.Ssis2008EmitterPackageTests.Package_Events threw exception: 
System.ComponentModel.Win32Exception: The system cannot find the file specified</Message>
          <StackTrace>    at System.Diagnostics.Process.StartWithCreateProcess(ProcessStartInfo startInfo)
   at System.Diagnostics.Process.Start()
   at VulcanTests.Ssis2008EmitterTests.SsisComparer.RunVulcan(String bimlFileName, String targetDirectoryPath) in c:\BuildAgent\work\c1e1d8ccf6867220\vulcan\VulcanTests\Ssis2008EmitterTests\SsisComparer.cs:line 141
   at VulcanTests.Ssis2008EmitterTests.SsisComparer.CompareBimlWithDirectory(String bimlFileName, String directoryPath) in c:\BuildAgent\work\c1e1d8ccf6867220\vulcan\VulcanTests\Ssis2008EmitterTests\SsisComparer.cs:line 59
   at VulcanTests.Ssis2008EmitterTests.SsisComparer.CompareResourceBimlWithDtsx(String bimlResourceName, String resourceDirectoryName) in c:\BuildAgent\work\c1e1d8ccf6867220\vulcan\VulcanTests\Ssis2008EmitterTests\SsisComparer.cs:line 48
   at VulcanTests.Ssis2008EmitterTests.Ssis2008EmitterPackageTests.Package_Events() in c:\BuildAgent\work\c1e1d8ccf6867220\vulcan\VulcanTests\Ssis2008EmitterTests\Ssis2008EmitterPackageTests.cs:line 19
</StackTrace>
        </ErrorInfo>
      </Output>
    </UnitTestResult>
    <UnitTestResult executionId="badbcbd9-9f70-4412-977f-0c975b604167" testId="4b398132-89d5-d0e7-05a1-5d816127545d" testName="Package_IsolationLevelChaos" computerName="BUILDER1" duration="00:00:00.0204623" startTime="2010-04-22T02:17:29.6747605-07:00" endTime="2010-04-22T02:17:29.7002145-07:00" testType="13cdc9d9-ddb5-4fa4-a97d-d965ccfc6d4b" outcome="Failed" testListId="8c84fa94-04c1-424b-9868-57a2d4851a1d" relativeResultsDirectory="badbcbd9-9f70-4412-977f-0c975b604167">
      <Output>
        <ErrorInfo>
          <Message>Test method VulcanTests.Ssis2008EmitterTests.Ssis2008EmitterPackageTests.Package_IsolationLevelChaos threw exception: 
System.ComponentModel.Win32Exception: The system cannot find the file specified</Message>
          <StackTrace>    at System.Diagnostics.Process.StartWithCreateProcess(ProcessStartInfo startInfo)
   at System.Diagnostics.Process.Start()
   at VulcanTests.Ssis2008EmitterTests.SsisComparer.RunVulcan(String bimlFileName, String targetDirectoryPath) in c:\BuildAgent\work\c1e1d8ccf6867220\vulcan\VulcanTests\Ssis2008EmitterTests\SsisComparer.cs:line 141
   at VulcanTests.Ssis2008EmitterTests.SsisComparer.CompareBimlWithDirectory(String bimlFileName, String directoryPath) in c:\BuildAgent\work\c1e1d8ccf6867220\vulcan\VulcanTests\Ssis2008EmitterTests\SsisComparer.cs:line 59
   at VulcanTests.Ssis2008EmitterTests.SsisComparer.CompareResourceBimlWithDtsx(String bimlResourceName, String resourceDirectoryName) in c:\BuildAgent\work\c1e1d8ccf6867220\vulcan\VulcanTests\Ssis2008EmitterTests\SsisComparer.cs:line 48
   at VulcanTests.Ssis2008EmitterTests.Ssis2008EmitterPackageTests.Package_IsolationLevelChaos() in c:\BuildAgent\work\c1e1d8ccf6867220\vulcan\VulcanTests\Ssis2008EmitterTests\Ssis2008EmitterPackageTests.cs:line 74
</StackTrace>
        </ErrorInfo>
      </Output>
    </UnitTestResult>
    <UnitTestResult executionId="8ff0441f-7f0f-4f20-a377-70d7c620af38" testId="b2309445-5203-8286-ddaa-02c31685a5ba" testName="Package_Log" computerName="BUILDER1" duration="00:00:00.0242032" startTime="2010-04-22T02:17:29.7051095-07:00" endTime="2010-04-22T02:17:29.7354585-07:00" testType="13cdc9d9-ddb5-4fa4-a97d-d965ccfc6d4b" outcome="Failed" testListId="8c84fa94-04c1-424b-9868-57a2d4851a1d" relativeResultsDirectory="8ff0441f-7f0f-4f20-a377-70d7c620af38">
      <Output>
        <ErrorInfo>
          <Message>Test method VulcanTests.Ssis2008EmitterTests.Ssis2008EmitterPackageTests.Package_Log threw exception: 
System.ComponentModel.Win32Exception: The system cannot find the file specified</Message>
          <StackTrace>    at System.Diagnostics.Process.StartWithCreateProcess(ProcessStartInfo startInfo)
   at System.Diagnostics.Process.Start()
   at VulcanTests.Ssis2008EmitterTests.SsisComparer.RunVulcan(String bimlFileName, String targetDirectoryPath) in c:\BuildAgent\work\c1e1d8ccf6867220\vulcan\VulcanTests\Ssis2008EmitterTests\SsisComparer.cs:line 141
   at VulcanTests.Ssis2008EmitterTests.SsisComparer.CompareBimlWithDirectory(String bimlFileName, String directoryPath) in c:\BuildAgent\work\c1e1d8ccf6867220\vulcan\VulcanTests\Ssis2008EmitterTests\SsisComparer.cs:line 59
   at VulcanTests.Ssis2008EmitterTests.SsisComparer.CompareResourceBimlWithDtsx(String bimlResourceName, String resourceDirectoryName) in c:\BuildAgent\work\c1e1d8ccf6867220\vulcan\VulcanTests\Ssis2008EmitterTests\SsisComparer.cs:line 48
   at VulcanTests.Ssis2008EmitterTests.Ssis2008EmitterPackageTests.Package_Log() in c:\BuildAgent\work\c1e1d8ccf6867220\vulcan\VulcanTests\Ssis2008EmitterTests\Ssis2008EmitterPackageTests.cs:line 50
</StackTrace>
        </ErrorInfo>
      </Output>
    </UnitTestResult>
    <UnitTestResult executionId="a99e5a7d-0c6a-4cf5-b9f0-7dac07b5d829" testId="4346f110-d1cb-bb2c-36ac-3e2c82c1df81" testName="Package_PrecedenceConstraints" computerName="BUILDER1" duration="00:00:00.0218815" startTime="2010-04-22T02:17:29.7413325-07:00" endTime="2010-04-22T02:17:29.7687445-07:00" testType="13cdc9d9-ddb5-4fa4-a97d-d965ccfc6d4b" outcome="Failed" testListId="8c84fa94-04c1-424b-9868-57a2d4851a1d" relativeResultsDirectory="a99e5a7d-0c6a-4cf5-b9f0-7dac07b5d829">
      <Output>
        <ErrorInfo>
          <Message>Test method VulcanTests.Ssis2008EmitterTests.Ssis2008EmitterPackageTests.Package_PrecedenceConstraints threw exception: 
System.ComponentModel.Win32Exception: The system cannot find the file specified</Message>
          <StackTrace>    at System.Diagnostics.Process.StartWithCreateProcess(ProcessStartInfo startInfo)
   at System.Diagnostics.Process.Start()
   at VulcanTests.Ssis2008EmitterTests.SsisComparer.RunVulcan(String bimlFileName, String targetDirectoryPath) in c:\BuildAgent\work\c1e1d8ccf6867220\vulcan\VulcanTests\Ssis2008EmitterTests\SsisComparer.cs:line 141
   at VulcanTests.Ssis2008EmitterTests.SsisComparer.CompareBimlWithDirectory(String bimlFileName, String directoryPath) in c:\BuildAgent\work\c1e1d8ccf6867220\vulcan\VulcanTests\Ssis2008EmitterTests\SsisComparer.cs:line 59
   at VulcanTests.Ssis2008EmitterTests.SsisComparer.CompareResourceBimlWithDtsx(String bimlResourceName, String resourceDirectoryName) in c:\BuildAgent\work\c1e1d8ccf6867220\vulcan\VulcanTests\Ssis2008EmitterTests\SsisComparer.cs:line 48
   at VulcanTests.Ssis2008EmitterTests.Ssis2008EmitterPackageTests.Package_PrecedenceConstraints() in c:\BuildAgent\work\c1e1d8ccf6867220\vulcan\VulcanTests\Ssis2008EmitterTests\Ssis2008EmitterPackageTests.cs:line 13
</StackTrace>
        </ErrorInfo>
      </Output>
    </UnitTestResult>
    <UnitTestResult executionId="96616c28-0085-496c-b65e-b39922e31b36" testId="1347e8c4-91aa-be06-f3d0-8e7cda34c889" testName="Package_Schema" computerName="BUILDER1" duration="00:00:00.0262938" startTime="2010-04-22T02:17:29.7736395-07:00" endTime="2010-04-22T02:17:29.8049675-07:00" testType="13cdc9d9-ddb5-4fa4-a97d-d965ccfc6d4b" outcome="Failed" testListId="8c84fa94-04c1-424b-9868-57a2d4851a1d" relativeResultsDirectory="96616c28-0085-496c-b65e-b39922e31b36">
      <Output>
        <ErrorInfo>
          <Message>Test method VulcanTests.Ssis2008EmitterTests.Ssis2008EmitterPackageTests.Package_Schema threw exception: 
System.ComponentModel.Win32Exception: The system cannot find the file specified</Message>
          <StackTrace>    at System.Diagnostics.Process.StartWithCreateProcess(ProcessStartInfo startInfo)
   at System.Diagnostics.Process.Start()
   at VulcanTests.Ssis2008EmitterTests.SsisComparer.RunVulcan(String bimlFileName, String targetDirectoryPath) in c:\BuildAgent\work\c1e1d8ccf6867220\vulcan\VulcanTests\Ssis2008EmitterTests\SsisComparer.cs:line 141
   at VulcanTests.Ssis2008EmitterTests.SsisComparer.CompareBimlWithDirectory(String bimlFileName, String directoryPath) in c:\BuildAgent\work\c1e1d8ccf6867220\vulcan\VulcanTests\Ssis2008EmitterTests\SsisComparer.cs:line 59
   at VulcanTests.Ssis2008EmitterTests.SsisComparer.CompareResourceBimlWithDtsx(String bimlResourceName, String resourceDirectoryName) in c:\BuildAgent\work\c1e1d8ccf6867220\vulcan\VulcanTests\Ssis2008EmitterTests\SsisComparer.cs:line 48
   at VulcanTests.Ssis2008EmitterTests.Ssis2008EmitterPackageTests.Package_Schema() in c:\BuildAgent\work\c1e1d8ccf6867220\vulcan\VulcanTests\Ssis2008EmitterTests\Ssis2008EmitterPackageTests.cs:line 44
</StackTrace>
        </ErrorInfo>
      </Output>
    </UnitTestResult>
    <UnitTestResult executionId="caa081a2-e6b8-4230-bd33-258fe155a406" testId="dce75f6a-2ef5-1d55-71d0-d1881ce9efb3" testName="Package_SystemVariables" computerName="BUILDER1" duration="00:00:00.0543120" startTime="2010-04-22T02:17:29.8098625-07:00" endTime="2010-04-22T02:17:29.8705605-07:00" testType="13cdc9d9-ddb5-4fa4-a97d-d965ccfc6d4b" outcome="Failed" testListId="8c84fa94-04c1-424b-9868-57a2d4851a1d" relativeResultsDirectory="caa081a2-e6b8-4230-bd33-258fe155a406">
      <Output>
        <ErrorInfo>
          <Message>Test method VulcanTests.Ssis2008EmitterTests.Ssis2008EmitterPackageTests.Package_SystemVariables threw exception: 
System.ComponentModel.Win32Exception: The system cannot find the file specified</Message>
          <StackTrace>    at System.Diagnostics.Process.StartWithCreateProcess(ProcessStartInfo startInfo)
   at System.Diagnostics.Process.Start()
   at VulcanTests.Ssis2008EmitterTests.SsisComparer.RunVulcan(String bimlFileName, String targetDirectoryPath) in c:\BuildAgent\work\c1e1d8ccf6867220\vulcan\VulcanTests\Ssis2008EmitterTests\SsisComparer.cs:line 141
   at VulcanTests.Ssis2008EmitterTests.SsisComparer.CompareBimlWithDirectory(String bimlFileName, String directoryPath) in c:\BuildAgent\work\c1e1d8ccf6867220\vulcan\VulcanTests\Ssis2008EmitterTests\SsisComparer.cs:line 59
   at VulcanTests.Ssis2008EmitterTests.SsisComparer.CompareResourceBimlWithDtsx(String bimlResourceName, String resourceDirectoryName) in c:\BuildAgent\work\c1e1d8ccf6867220\vulcan\VulcanTests\Ssis2008EmitterTests\SsisComparer.cs:line 48
   at VulcanTests.Ssis2008EmitterTests.Ssis2008EmitterPackageTests.Package_SystemVariables() in c:\BuildAgent\work\c1e1d8ccf6867220\vulcan\VulcanTests\Ssis2008EmitterTests\Ssis2008EmitterPackageTests.cs:line 31
</StackTrace>
        </ErrorInfo>
      </Output>
    </UnitTestResult>
    <UnitTestResult executionId="756f75f7-c6eb-43c5-9ca3-db83fbeab959" testId="0941dd1d-5892-eb80-67e0-c8182f66d4b1" testName="Package_TaskOrder" computerName="BUILDER1" duration="00:00:00.0269363" startTime="2010-04-22T02:17:29.8813295-07:00" endTime="2010-04-22T02:17:29.9136365-07:00" testType="13cdc9d9-ddb5-4fa4-a97d-d965ccfc6d4b" outcome="Failed" testListId="8c84fa94-04c1-424b-9868-57a2d4851a1d" relativeResultsDirectory="756f75f7-c6eb-43c5-9ca3-db83fbeab959">
      <Output>
        <ErrorInfo>
          <Message>Test method VulcanTests.Ssis2008EmitterTests.Ssis2008EmitterPackageTests.Package_TaskOrder threw exception: 
System.ComponentModel.Win32Exception: The system cannot find the file specified</Message>
          <StackTrace>    at System.Diagnostics.Process.StartWithCreateProcess(ProcessStartInfo startInfo)
   at System.Diagnostics.Process.Start()
   at VulcanTests.Ssis2008EmitterTests.SsisComparer.RunVulcan(String bimlFileName, String targetDirectoryPath) in c:\BuildAgent\work\c1e1d8ccf6867220\vulcan\VulcanTests\Ssis2008EmitterTests\SsisComparer.cs:line 141
   at VulcanTests.Ssis2008EmitterTests.SsisComparer.CompareBimlWithDirectory(String bimlFileName, String directoryPath) in c:\BuildAgent\work\c1e1d8ccf6867220\vulcan\VulcanTests\Ssis2008EmitterTests\SsisComparer.cs:line 59
   at VulcanTests.Ssis2008EmitterTests.SsisComparer.CompareResourceBimlWithDtsx(String bimlResourceName, String resourceDirectoryName) in c:\BuildAgent\work\c1e1d8ccf6867220\vulcan\VulcanTests\Ssis2008EmitterTests\SsisComparer.cs:line 48
   at VulcanTests.Ssis2008EmitterTests.Ssis2008EmitterPackageTests.Package_TaskOrder() in c:\BuildAgent\work\c1e1d8ccf6867220\vulcan\VulcanTests\Ssis2008EmitterTests\Ssis2008EmitterPackageTests.cs:line 92
</StackTrace>
        </ErrorInfo>
      </Output>
    </UnitTestResult>
    <UnitTestResult executionId="0afe0725-6fd6-4790-91f6-404a6f3b72df" testId="90ee3489-5f1a-9e9a-705c-bfe3bda6f54d" testName="Package_TransactionModeNoTransaction" computerName="BUILDER1" duration="00:00:00.0178546" startTime="2010-04-22T02:17:29.9253845-07:00" endTime="2010-04-22T02:17:29.9479015-07:00" testType="13cdc9d9-ddb5-4fa4-a97d-d965ccfc6d4b" outcome="Failed" testListId="8c84fa94-04c1-424b-9868-57a2d4851a1d" relativeResultsDirectory="0afe0725-6fd6-4790-91f6-404a6f3b72df">
      <Output>
        <ErrorInfo>
          <Message>Test method VulcanTests.Ssis2008EmitterTests.Ssis2008EmitterPackageTests.Package_TransactionModeNoTransaction threw exception: 
System.ComponentModel.Win32Exception: The system cannot find the file specified</Message>
          <StackTrace>    at System.Diagnostics.Process.StartWithCreateProcess(ProcessStartInfo startInfo)
   at System.Diagnostics.Process.Start()
   at VulcanTests.Ssis2008EmitterTests.SsisComparer.RunVulcan(String bimlFileName, String targetDirectoryPath) in c:\BuildAgent\work\c1e1d8ccf6867220\vulcan\VulcanTests\Ssis2008EmitterTests\SsisComparer.cs:line 141
   at VulcanTests.Ssis2008EmitterTests.SsisComparer.CompareBimlWithDirectory(String bimlFileName, String directoryPath) in c:\BuildAgent\work\c1e1d8ccf6867220\vulcan\VulcanTests\Ssis2008EmitterTests\SsisComparer.cs:line 59
   at VulcanTests.Ssis2008EmitterTests.SsisComparer.CompareResourceBimlWithDtsx(String bimlResourceName, String resourceDirectoryName) in c:\BuildAgent\work\c1e1d8ccf6867220\vulcan\VulcanTests\Ssis2008EmitterTests\SsisComparer.cs:line 48
   at VulcanTests.Ssis2008EmitterTests.Ssis2008EmitterPackageTests.Package_TransactionModeNoTransaction() in c:\BuildAgent\work\c1e1d8ccf6867220\vulcan\VulcanTests\Ssis2008EmitterTests\Ssis2008EmitterPackageTests.cs:line 80
</StackTrace>
        </ErrorInfo>
      </Output>
    </UnitTestResult>
    <UnitTestResult executionId="a99749dd-590c-4601-b2a7-e6b0a41bd313" testId="3b8bf8eb-26c0-2bec-344a-341bfe514677" testName="Package_TransactionModeRequiredTransaction" computerName="BUILDER1" duration="00:00:00.0233304" startTime="2010-04-22T02:17:29.9557335-07:00" endTime="2010-04-22T02:17:29.9851035-07:00" testType="13cdc9d9-ddb5-4fa4-a97d-d965ccfc6d4b" outcome="Failed" testListId="8c84fa94-04c1-424b-9868-57a2d4851a1d" relativeResultsDirectory="a99749dd-590c-4601-b2a7-e6b0a41bd313">
      <Output>
        <ErrorInfo>
          <Message>Test method VulcanTests.Ssis2008EmitterTests.Ssis2008EmitterPackageTests.Package_TransactionModeRequiredTransaction threw exception: 
System.ComponentModel.Win32Exception: The system cannot find the file specified</Message>
          <StackTrace>    at System.Diagnostics.Process.StartWithCreateProcess(ProcessStartInfo startInfo)
   at System.Diagnostics.Process.Start()
   at VulcanTests.Ssis2008EmitterTests.SsisComparer.RunVulcan(String bimlFileName, String targetDirectoryPath) in c:\BuildAgent\work\c1e1d8ccf6867220\vulcan\VulcanTests\Ssis2008EmitterTests\SsisComparer.cs:line 141
   at VulcanTests.Ssis2008EmitterTests.SsisComparer.CompareBimlWithDirectory(String bimlFileName, String directoryPath) in c:\BuildAgent\work\c1e1d8ccf6867220\vulcan\VulcanTests\Ssis2008EmitterTests\SsisComparer.cs:line 59
   at VulcanTests.Ssis2008EmitterTests.SsisComparer.CompareResourceBimlWithDtsx(String bimlResourceName, String resourceDirectoryName) in c:\BuildAgent\work\c1e1d8ccf6867220\vulcan\VulcanTests\Ssis2008EmitterTests\SsisComparer.cs:line 48
   at VulcanTests.Ssis2008EmitterTests.Ssis2008EmitterPackageTests.Package_TransactionModeRequiredTransaction() in c:\BuildAgent\work\c1e1d8ccf6867220\vulcan\VulcanTests\Ssis2008EmitterTests\Ssis2008EmitterPackageTests.cs:line 86
</StackTrace>
        </ErrorInfo>
      </Output>
    </UnitTestResult>
    <UnitTestResult executionId="ef0db8f7-56bd-4bb5-82e4-222f93865551" testId="e24baaa3-77c3-24aa-9ff9-d94cc12eb18b" testName="Package_VariableExpression" computerName="BUILDER1" duration="00:00:00.0201953" startTime="2010-04-22T02:17:29.9929355-07:00" endTime="2010-04-22T02:17:30.0183895-07:00" testType="13cdc9d9-ddb5-4fa4-a97d-d965ccfc6d4b" outcome="Failed" testListId="8c84fa94-04c1-424b-9868-57a2d4851a1d" relativeResultsDirectory="ef0db8f7-56bd-4bb5-82e4-222f93865551">
      <Output>
        <ErrorInfo>
          <Message>Test method VulcanTests.Ssis2008EmitterTests.Ssis2008EmitterPackageTests.Package_VariableExpression threw exception: 
System.ComponentModel.Win32Exception: The system cannot find the file specified</Message>
          <StackTrace>    at System.Diagnostics.Process.StartWithCreateProcess(ProcessStartInfo startInfo)
   at System.Diagnostics.Process.Start()
   at VulcanTests.Ssis2008EmitterTests.SsisComparer.RunVulcan(String bimlFileName, String targetDirectoryPath) in c:\BuildAgent\work\c1e1d8ccf6867220\vulcan\VulcanTests\Ssis2008EmitterTests\SsisComparer.cs:line 141
   at VulcanTests.Ssis2008EmitterTests.SsisComparer.CompareBimlWithDirectory(String bimlFileName, String directoryPath) in c:\BuildAgent\work\c1e1d8ccf6867220\vulcan\VulcanTests\Ssis2008EmitterTests\SsisComparer.cs:line 59
   at VulcanTests.Ssis2008EmitterTests.SsisComparer.CompareResourceBimlWithDtsx(String bimlResourceName, String resourceDirectoryName) in c:\BuildAgent\work\c1e1d8ccf6867220\vulcan\VulcanTests\Ssis2008EmitterTests\SsisComparer.cs:line 48
   at VulcanTests.Ssis2008EmitterTests.Ssis2008EmitterPackageTests.Package_VariableExpression() in c:\BuildAgent\work\c1e1d8ccf6867220\vulcan\VulcanTests\Ssis2008EmitterTests\Ssis2008EmitterPackageTests.cs:line 37
</StackTrace>
        </ErrorInfo>
      </Output>
    </UnitTestResult>
    <UnitTestResult executionId="9c30ecc6-6b62-416c-a371-a1b8de6004e0" testId="a1316ed9-e8d1-b0ea-b7ab-b97dbf0c95e5" testName="Package_Variables" computerName="BUILDER1" duration="00:00:00.0176459" startTime="2010-04-22T02:17:30.0252425-07:00" endTime="2010-04-22T02:17:30.0477595-07:00" testType="13cdc9d9-ddb5-4fa4-a97d-d965ccfc6d4b" outcome="Failed" testListId="8c84fa94-04c1-424b-9868-57a2d4851a1d" relativeResultsDirectory="9c30ecc6-6b62-416c-a371-a1b8de6004e0">
      <Output>
        <ErrorInfo>
          <Message>Test method VulcanTests.Ssis2008EmitterTests.Ssis2008EmitterPackageTests.Package_Variables threw exception: 
System.ComponentModel.Win32Exception: The system cannot find the file specified</Message>
          <StackTrace>    at System.Diagnostics.Process.StartWithCreateProcess(ProcessStartInfo startInfo)
   at System.Diagnostics.Process.Start()
   at VulcanTests.Ssis2008EmitterTests.SsisComparer.RunVulcan(String bimlFileName, String targetDirectoryPath) in c:\BuildAgent\work\c1e1d8ccf6867220\vulcan\VulcanTests\Ssis2008EmitterTests\SsisComparer.cs:line 141
   at VulcanTests.Ssis2008EmitterTests.SsisComparer.CompareBimlWithDirectory(String bimlFileName, String directoryPath) in c:\BuildAgent\work\c1e1d8ccf6867220\vulcan\VulcanTests\Ssis2008EmitterTests\SsisComparer.cs:line 59
   at VulcanTests.Ssis2008EmitterTests.SsisComparer.CompareResourceBimlWithDtsx(String bimlResourceName, String resourceDirectoryName) in c:\BuildAgent\work\c1e1d8ccf6867220\vulcan\VulcanTests\Ssis2008EmitterTests\SsisComparer.cs:line 48
   at VulcanTests.Ssis2008EmitterTests.Ssis2008EmitterPackageTests.Package_Variables() in c:\BuildAgent\work\c1e1d8ccf6867220\vulcan\VulcanTests\Ssis2008EmitterTests\Ssis2008EmitterPackageTests.cs:line 25
</StackTrace>
        </ErrorInfo>
      </Output>
    </UnitTestResult>
    <UnitTestResult executionId="25a63675-c0bb-492e-9265-0911b5cb36ff" testId="0e2c069e-f86c-c003-d8dc-f19b313e2e87" testName="CommitPersistentVariable_Basic" computerName="BUILDER1" duration="00:00:00.0262933" startTime="2010-04-22T02:17:30.0546125-07:00" endTime="2010-04-22T02:17:30.0859405-07:00" testType="13cdc9d9-ddb5-4fa4-a97d-d965ccfc6d4b" outcome="Failed" testListId="8c84fa94-04c1-424b-9868-57a2d4851a1d" relativeResultsDirectory="25a63675-c0bb-492e-9265-0911b5cb36ff">
      <Output>
        <ErrorInfo>
          <Message>Test method VulcanTests.Ssis2008EmitterTests.Ssis2008EmitterTaskTests.CommitPersistentVariable_Basic threw exception: 
System.ComponentModel.Win32Exception: The system cannot find the file specified</Message>
          <StackTrace>    at System.Diagnostics.Process.StartWithCreateProcess(ProcessStartInfo startInfo)
   at System.Diagnostics.Process.Start()
   at VulcanTests.Ssis2008EmitterTests.SsisComparer.RunVulcan(String bimlFileName, String targetDirectoryPath) in c:\BuildAgent\work\c1e1d8ccf6867220\vulcan\VulcanTests\Ssis2008EmitterTests\SsisComparer.cs:line 141
   at VulcanTests.Ssis2008EmitterTests.SsisComparer.CompareBimlWithDirectory(String bimlFileName, String directoryPath) in c:\BuildAgent\work\c1e1d8ccf6867220\vulcan\VulcanTests\Ssis2008EmitterTests\SsisComparer.cs:line 59
   at VulcanTests.Ssis2008EmitterTests.SsisComparer.CompareResourceBimlWithDtsx(String bimlResourceName, String resourceDirectoryName) in c:\BuildAgent\work\c1e1d8ccf6867220\vulcan\VulcanTests\Ssis2008EmitterTests\SsisComparer.cs:line 48
   at VulcanTests.Ssis2008EmitterTests.Ssis2008EmitterTaskTests.CommitPersistentVariable_Basic() in c:\BuildAgent\work\c1e1d8ccf6867220\vulcan\VulcanTests\Ssis2008EmitterTests\Ssis2008EmitterTaskTests.cs:line 31
</StackTrace>
        </ErrorInfo>
      </Output>
    </UnitTestResult>
    <UnitTestResult executionId="1fc6e1a2-e0a3-45ed-8b52-65cf81bc23de" testId="29acdcbc-21d9-fc77-0151-19c0584133ee" testName="Container_Basic" computerName="BUILDER1" duration="00:00:00.0188684" startTime="2010-04-22T02:17:30.0937725-07:00" endTime="2010-04-22T02:17:30.1182475-07:00" testType="13cdc9d9-ddb5-4fa4-a97d-d965ccfc6d4b" outcome="Failed" testListId="8c84fa94-04c1-424b-9868-57a2d4851a1d" relativeResultsDirectory="1fc6e1a2-e0a3-45ed-8b52-65cf81bc23de">
      <Output>
        <ErrorInfo>
          <Message>Test method VulcanTests.Ssis2008EmitterTests.Ssis2008EmitterTaskTests.Container_Basic threw exception: 
System.ComponentModel.Win32Exception: The system cannot find the file specified</Message>
          <StackTrace>    at System.Diagnostics.Process.StartWithCreateProcess(ProcessStartInfo startInfo)
   at System.Diagnostics.Process.Start()
   at VulcanTests.Ssis2008EmitterTests.SsisComparer.RunVulcan(String bimlFileName, String targetDirectoryPath) in c:\BuildAgent\work\c1e1d8ccf6867220\vulcan\VulcanTests\Ssis2008EmitterTests\SsisComparer.cs:line 141
   at VulcanTests.Ssis2008EmitterTests.SsisComparer.CompareBimlWithDirectory(String bimlFileName, String directoryPath) in c:\BuildAgent\work\c1e1d8ccf6867220\vulcan\VulcanTests\Ssis2008EmitterTests\SsisComparer.cs:line 59
   at VulcanTests.Ssis2008EmitterTests.SsisComparer.CompareResourceBimlWithDtsx(String bimlResourceName, String resourceDirectoryName) in c:\BuildAgent\work\c1e1d8ccf6867220\vulcan\VulcanTests\Ssis2008EmitterTests\SsisComparer.cs:line 48
   at VulcanTests.Ssis2008EmitterTests.Ssis2008EmitterTaskTests.Container_Basic() in c:\BuildAgent\work\c1e1d8ccf6867220\vulcan\VulcanTests\Ssis2008EmitterTests\Ssis2008EmitterTaskTests.cs:line 37
</StackTrace>
        </ErrorInfo>
      </Output>
    </UnitTestResult>
    <UnitTestResult executionId="a5ea9463-7b9c-4705-a8fc-5a066580cad5" testId="da80210e-ee97-1636-5924-f8558de8d6db" testName="Container_ConstraintModeLinear" computerName="BUILDER1" duration="00:00:00.0208912" startTime="2010-04-22T02:17:30.1251005-07:00" endTime="2010-04-22T02:17:30.1515335-07:00" testType="13cdc9d9-ddb5-4fa4-a97d-d965ccfc6d4b" outcome="Failed" testListId="8c84fa94-04c1-424b-9868-57a2d4851a1d" relativeResultsDirectory="a5ea9463-7b9c-4705-a8fc-5a066580cad5">
      <Output>
        <ErrorInfo>
          <Message>Test method VulcanTests.Ssis2008EmitterTests.Ssis2008EmitterTaskTests.Container_ConstraintModeLinear threw exception: 
System.ComponentModel.Win32Exception: The system cannot find the file specified</Message>
          <StackTrace>    at System.Diagnostics.Process.StartWithCreateProcess(ProcessStartInfo startInfo)
   at System.Diagnostics.Process.Start()
   at VulcanTests.Ssis2008EmitterTests.SsisComparer.RunVulcan(String bimlFileName, String targetDirectoryPath) in c:\BuildAgent\work\c1e1d8ccf6867220\vulcan\VulcanTests\Ssis2008EmitterTests\SsisComparer.cs:line 141
   at VulcanTests.Ssis2008EmitterTests.SsisComparer.CompareBimlWithDirectory(String bimlFileName, String directoryPath) in c:\BuildAgent\work\c1e1d8ccf6867220\vulcan\VulcanTests\Ssis2008EmitterTests\SsisComparer.cs:line 59
   at VulcanTests.Ssis2008EmitterTests.SsisComparer.CompareResourceBimlWithDtsx(String bimlResourceName, String resourceDirectoryName) in c:\BuildAgent\work\c1e1d8ccf6867220\vulcan\VulcanTests\Ssis2008EmitterTests\SsisComparer.cs:line 48
   at VulcanTests.Ssis2008EmitterTests.Ssis2008EmitterTaskTests.Container_ConstraintModeLinear() in c:\BuildAgent\work\c1e1d8ccf6867220\vulcan\VulcanTests\Ssis2008EmitterTests\Ssis2008EmitterTaskTests.cs:line 43
</StackTrace>
        </ErrorInfo>
      </Output>
    </UnitTestResult>
    <UnitTestResult executionId="a10c69c5-7cbc-41f2-b3aa-a1b99671934b" testId="cd8953ec-6e0d-63f8-2b8b-57dfae93748b" testName="Container_ConstraintModeParallel" computerName="BUILDER1" duration="00:00:00.0203354" startTime="2010-04-22T02:17:30.1583865-07:00" endTime="2010-04-22T02:17:30.1857985-07:00" testType="13cdc9d9-ddb5-4fa4-a97d-d965ccfc6d4b" outcome="Failed" testListId="8c84fa94-04c1-424b-9868-57a2d4851a1d" relativeResultsDirectory="a10c69c5-7cbc-41f2-b3aa-a1b99671934b">
      <Output>
        <ErrorInfo>
          <Message>Test method VulcanTests.Ssis2008EmitterTests.Ssis2008EmitterTaskTests.Container_ConstraintModeParallel threw exception: 
System.ComponentModel.Win32Exception: The system cannot find the file specified</Message>
          <StackTrace>    at System.Diagnostics.Process.StartWithCreateProcess(ProcessStartInfo startInfo)
   at System.Diagnostics.Process.Start()
   at VulcanTests.Ssis2008EmitterTests.SsisComparer.RunVulcan(String bimlFileName, String targetDirectoryPath) in c:\BuildAgent\work\c1e1d8ccf6867220\vulcan\VulcanTests\Ssis2008EmitterTests\SsisComparer.cs:line 141
   at VulcanTests.Ssis2008EmitterTests.SsisComparer.CompareBimlWithDirectory(String bimlFileName, String directoryPath) in c:\BuildAgent\work\c1e1d8ccf6867220\vulcan\VulcanTests\Ssis2008EmitterTests\SsisComparer.cs:line 59
   at VulcanTests.Ssis2008EmitterTests.SsisComparer.CompareResourceBimlWithDtsx(String bimlResourceName, String resourceDirectoryName) in c:\BuildAgent\work\c1e1d8ccf6867220\vulcan\VulcanTests\Ssis2008EmitterTests\SsisComparer.cs:line 48
   at VulcanTests.Ssis2008EmitterTests.Ssis2008EmitterTaskTests.Container_ConstraintModeParallel() in c:\BuildAgent\work\c1e1d8ccf6867220\vulcan\VulcanTests\Ssis2008EmitterTests\Ssis2008EmitterTaskTests.cs:line 49
</StackTrace>
        </ErrorInfo>
      </Output>
    </UnitTestResult>
    <UnitTestResult executionId="77a03a90-0302-46db-8b07-4e2037e5d048" testId="d4b1af0d-c38b-0e88-03a3-d406f2bd0e98" testName="Container_DelayValidation" computerName="BUILDER1" duration="00:00:00.0247010" startTime="2010-04-22T02:17:30.1955885-07:00" endTime="2010-04-22T02:17:30.2278955-07:00" testType="13cdc9d9-ddb5-4fa4-a97d-d965ccfc6d4b" outcome="Failed" testListId="8c84fa94-04c1-424b-9868-57a2d4851a1d" relativeResultsDirectory="77a03a90-0302-46db-8b07-4e2037e5d048">
      <Output>
        <ErrorInfo>
          <Message>Test method VulcanTests.Ssis2008EmitterTests.Ssis2008EmitterTaskTests.Container_DelayValidation threw exception: 
System.ComponentModel.Win32Exception: The system cannot find the file specified</Message>
          <StackTrace>    at System.Diagnostics.Process.StartWithCreateProcess(ProcessStartInfo startInfo)
   at System.Diagnostics.Process.Start()
   at VulcanTests.Ssis2008EmitterTests.SsisComparer.RunVulcan(String bimlFileName, String targetDirectoryPath) in c:\BuildAgent\work\c1e1d8ccf6867220\vulcan\VulcanTests\Ssis2008EmitterTests\SsisComparer.cs:line 141
   at VulcanTests.Ssis2008EmitterTests.SsisComparer.CompareBimlWithDirectory(String bimlFileName, String directoryPath) in c:\BuildAgent\work\c1e1d8ccf6867220\vulcan\VulcanTests\Ssis2008EmitterTests\SsisComparer.cs:line 59
   at VulcanTests.Ssis2008EmitterTests.SsisComparer.CompareResourceBimlWithDtsx(String bimlResourceName, String resourceDirectoryName) in c:\BuildAgent\work\c1e1d8ccf6867220\vulcan\VulcanTests\Ssis2008EmitterTests\SsisComparer.cs:line 48
   at VulcanTests.Ssis2008EmitterTests.Ssis2008EmitterTaskTests.Container_DelayValidation() in c:\BuildAgent\work\c1e1d8ccf6867220\vulcan\VulcanTests\Ssis2008EmitterTests\Ssis2008EmitterTaskTests.cs:line 55
</StackTrace>
        </ErrorInfo>
      </Output>
    </UnitTestResult>
    <UnitTestResult executionId="cf5cf213-309e-4132-9e80-97355131d2c4" testId="a62c1c77-bc05-ad90-ced5-81c8d40da85d" testName="Container_Events" computerName="BUILDER1" duration="00:00:00.0196686" startTime="2010-04-22T02:17:30.2347485-07:00" endTime="2010-04-22T02:17:30.2592235-07:00" testType="13cdc9d9-ddb5-4fa4-a97d-d965ccfc6d4b" outcome="Failed" testListId="8c84fa94-04c1-424b-9868-57a2d4851a1d" relativeResultsDirectory="cf5cf213-309e-4132-9e80-97355131d2c4">
      <Output>
        <ErrorInfo>
          <Message>Test method VulcanTests.Ssis2008EmitterTests.Ssis2008EmitterTaskTests.Container_Events threw exception: 
System.ComponentModel.Win32Exception: The system cannot find the file specified</Message>
          <StackTrace>    at System.Diagnostics.Process.StartWithCreateProcess(ProcessStartInfo startInfo)
   at System.Diagnostics.Process.Start()
   at VulcanTests.Ssis2008EmitterTests.SsisComparer.RunVulcan(String bimlFileName, String targetDirectoryPath) in c:\BuildAgent\work\c1e1d8ccf6867220\vulcan\VulcanTests\Ssis2008EmitterTests\SsisComparer.cs:line 141
   at VulcanTests.Ssis2008EmitterTests.SsisComparer.CompareBimlWithDirectory(String bimlFileName, String directoryPath) in c:\BuildAgent\work\c1e1d8ccf6867220\vulcan\VulcanTests\Ssis2008EmitterTests\SsisComparer.cs:line 59
   at VulcanTests.Ssis2008EmitterTests.SsisComparer.CompareResourceBimlWithDtsx(String bimlResourceName, String resourceDirectoryName) in c:\BuildAgent\work\c1e1d8ccf6867220\vulcan\VulcanTests\Ssis2008EmitterTests\SsisComparer.cs:line 48
   at VulcanTests.Ssis2008EmitterTests.Ssis2008EmitterTaskTests.Container_Events() in c:\BuildAgent\work\c1e1d8ccf6867220\vulcan\VulcanTests\Ssis2008EmitterTests\Ssis2008EmitterTaskTests.cs:line 92
</StackTrace>
        </ErrorInfo>
      </Output>
    </UnitTestResult>
    <UnitTestResult executionId="ae184035-0836-4ac2-b7e4-4c9eaf70cc08" testId="02223cd1-e988-099c-7340-6a37cd827075" testName="Container_IsolationLevelChaos" computerName="BUILDER1" duration="00:00:00.0200384" startTime="2010-04-22T02:17:30.2660765-07:00" endTime="2010-04-22T02:17:30.2915305-07:00" testType="13cdc9d9-ddb5-4fa4-a97d-d965ccfc6d4b" outcome="Failed" testListId="8c84fa94-04c1-424b-9868-57a2d4851a1d" relativeResultsDirectory="ae184035-0836-4ac2-b7e4-4c9eaf70cc08">
      <Output>
        <ErrorInfo>
          <Message>Test method VulcanTests.Ssis2008EmitterTests.Ssis2008EmitterTaskTests.Container_IsolationLevelChaos threw exception: 
System.ComponentModel.Win32Exception: The system cannot find the file specified</Message>
          <StackTrace>    at System.Diagnostics.Process.StartWithCreateProcess(ProcessStartInfo startInfo)
   at System.Diagnostics.Process.Start()
   at VulcanTests.Ssis2008EmitterTests.SsisComparer.RunVulcan(String bimlFileName, String targetDirectoryPath) in c:\BuildAgent\work\c1e1d8ccf6867220\vulcan\VulcanTests\Ssis2008EmitterTests\SsisComparer.cs:line 141
   at VulcanTests.Ssis2008EmitterTests.SsisComparer.CompareBimlWithDirectory(String bimlFileName, String directoryPath) in c:\BuildAgent\work\c1e1d8ccf6867220\vulcan\VulcanTests\Ssis2008EmitterTests\SsisComparer.cs:line 59
   at VulcanTests.Ssis2008EmitterTests.SsisComparer.CompareResourceBimlWithDtsx(String bimlResourceName, String resourceDirectoryName) in c:\BuildAgent\work\c1e1d8ccf6867220\vulcan\VulcanTests\Ssis2008EmitterTests\SsisComparer.cs:line 48
   at VulcanTests.Ssis2008EmitterTests.Ssis2008EmitterTaskTests.Container_IsolationLevelChaos() in c:\BuildAgent\work\c1e1d8ccf6867220\vulcan\VulcanTests\Ssis2008EmitterTests\Ssis2008EmitterTaskTests.cs:line 61
</StackTrace>
        </ErrorInfo>
      </Output>
    </UnitTestResult>
    <UnitTestResult executionId="e15ac3e7-7e4c-4401-894d-0af3e55dba0d" testId="efb456b9-c379-c129-7526-46fc7e747d8b" testName="Container_PrecedenceConstraints" computerName="BUILDER1" duration="00:00:00.0200439" startTime="2010-04-22T02:17:30.2993625-07:00" endTime="2010-04-22T02:17:30.3257955-07:00" testType="13cdc9d9-ddb5-4fa4-a97d-d965ccfc6d4b" outcome="Failed" testListId="8c84fa94-04c1-424b-9868-57a2d4851a1d" relativeResultsDirectory="e15ac3e7-7e4c-4401-894d-0af3e55dba0d">
      <Output>
        <ErrorInfo>
          <Message>Test method VulcanTests.Ssis2008EmitterTests.Ssis2008EmitterTaskTests.Container_PrecedenceConstraints threw exception: 
System.ComponentModel.Win32Exception: The system cannot find the file specified</Message>
          <StackTrace>    at System.Diagnostics.Process.StartWithCreateProcess(ProcessStartInfo startInfo)
   at System.Diagnostics.Process.Start()
   at VulcanTests.Ssis2008EmitterTests.SsisComparer.RunVulcan(String bimlFileName, String targetDirectoryPath) in c:\BuildAgent\work\c1e1d8ccf6867220\vulcan\VulcanTests\Ssis2008EmitterTests\SsisComparer.cs:line 141
   at VulcanTests.Ssis2008EmitterTests.SsisComparer.CompareBimlWithDirectory(String bimlFileName, String directoryPath) in c:\BuildAgent\work\c1e1d8ccf6867220\vulcan\VulcanTests\Ssis2008EmitterTests\SsisComparer.cs:line 59
   at VulcanTests.Ssis2008EmitterTests.SsisComparer.CompareResourceBimlWithDtsx(String bimlResourceName, String resourceDirectoryName) in c:\BuildAgent\work\c1e1d8ccf6867220\vulcan\VulcanTests\Ssis2008EmitterTests\SsisComparer.cs:line 48
   at VulcanTests.Ssis2008EmitterTests.Ssis2008EmitterTaskTests.Container_PrecedenceConstraints() in c:\BuildAgent\work\c1e1d8ccf6867220\vulcan\VulcanTests\Ssis2008EmitterTests\Ssis2008EmitterTaskTests.cs:line 86
</StackTrace>
        </ErrorInfo>
      </Output>
    </UnitTestResult>
    <UnitTestResult executionId="2750b620-fe49-4f1e-93d3-c36bd807cd8e" testId="1b10d8de-ecae-0176-5a05-e64f61245248" testName="Container_TransactionModeNoTransaction" computerName="BUILDER1" duration="00:00:00.0205242" startTime="2010-04-22T02:17:30.3336275-07:00" endTime="2010-04-22T02:17:30.3600605-07:00" testType="13cdc9d9-ddb5-4fa4-a97d-d965ccfc6d4b" outcome="Failed" testListId="8c84fa94-04c1-424b-9868-57a2d4851a1d" relativeResultsDirectory="2750b620-fe49-4f1e-93d3-c36bd807cd8e">
      <Output>
        <ErrorInfo>
          <Message>Test method VulcanTests.Ssis2008EmitterTests.Ssis2008EmitterTaskTests.Container_TransactionModeNoTransaction threw exception: 
System.ComponentModel.Win32Exception: The system cannot find the file specified</Message>
          <StackTrace>    at System.Diagnostics.Process.StartWithCreateProcess(ProcessStartInfo startInfo)
   at System.Diagnostics.Process.Start()
   at VulcanTests.Ssis2008EmitterTests.SsisComparer.RunVulcan(String bimlFileName, String targetDirectoryPath) in c:\BuildAgent\work\c1e1d8ccf6867220\vulcan\VulcanTests\Ssis2008EmitterTests\SsisComparer.cs:line 141
   at VulcanTests.Ssis2008EmitterTests.SsisComparer.CompareBimlWithDirectory(String bimlFileName, String directoryPath) in c:\BuildAgent\work\c1e1d8ccf6867220\vulcan\VulcanTests\Ssis2008EmitterTests\SsisComparer.cs:line 59
   at VulcanTests.Ssis2008EmitterTests.SsisComparer.CompareResourceBimlWithDtsx(String bimlResourceName, String resourceDirectoryName) in c:\BuildAgent\work\c1e1d8ccf6867220\vulcan\VulcanTests\Ssis2008EmitterTests\SsisComparer.cs:line 48
   at VulcanTests.Ssis2008EmitterTests.Ssis2008EmitterTaskTests.Container_TransactionModeNoTransaction() in c:\BuildAgent\work\c1e1d8ccf6867220\vulcan\VulcanTests\Ssis2008EmitterTests\Ssis2008EmitterTaskTests.cs:line 74
</StackTrace>
        </ErrorInfo>
      </Output>
    </UnitTestResult>
    <UnitTestResult executionId="c73063a1-2c61-44fc-8636-2d5a9f7bfd5b" testId="133231f0-00b3-5b41-070f-6bec58b9740c" testName="Container_TransactionModeRequiredTransaction" computerName="BUILDER1" duration="00:00:00.0209073" startTime="2010-04-22T02:17:30.3669135-07:00" endTime="2010-04-22T02:17:30.3943255-07:00" testType="13cdc9d9-ddb5-4fa4-a97d-d965ccfc6d4b" outcome="Failed" testListId="8c84fa94-04c1-424b-9868-57a2d4851a1d" relativeResultsDirectory="c73063a1-2c61-44fc-8636-2d5a9f7bfd5b">
      <Output>
        <ErrorInfo>
          <Message>Test method VulcanTests.Ssis2008EmitterTests.Ssis2008EmitterTaskTests.Container_TransactionModeRequiredTransaction threw exception: 
System.ComponentModel.Win32Exception: The system cannot find the file specified</Message>
          <StackTrace>    at System.Diagnostics.Process.StartWithCreateProcess(ProcessStartInfo startInfo)
   at System.Diagnostics.Process.Start()
   at VulcanTests.Ssis2008EmitterTests.SsisComparer.RunVulcan(String bimlFileName, String targetDirectoryPath) in c:\BuildAgent\work\c1e1d8ccf6867220\vulcan\VulcanTests\Ssis2008EmitterTests\SsisComparer.cs:line 141
   at VulcanTests.Ssis2008EmitterTests.SsisComparer.CompareBimlWithDirectory(String bimlFileName, String directoryPath) in c:\BuildAgent\work\c1e1d8ccf6867220\vulcan\VulcanTests\Ssis2008EmitterTests\SsisComparer.cs:line 59
   at VulcanTests.Ssis2008EmitterTests.SsisComparer.CompareResourceBimlWithDtsx(String bimlResourceName, String resourceDirectoryName) in c:\BuildAgent\work\c1e1d8ccf6867220\vulcan\VulcanTests\Ssis2008EmitterTests\SsisComparer.cs:line 48
   at VulcanTests.Ssis2008EmitterTests.Ssis2008EmitterTaskTests.Container_TransactionModeRequiredTransaction() in c:\BuildAgent\work\c1e1d8ccf6867220\vulcan\VulcanTests\Ssis2008EmitterTests\Ssis2008EmitterTaskTests.cs:line 80
</StackTrace>
        </ErrorInfo>
      </Output>
    </UnitTestResult>
    <UnitTestResult executionId="edf80b74-728d-4a14-b80b-6ac04b303323" testId="f6d846ae-5095-b5fb-e328-61cd2e30456d" testName="Container_VariableExpression" computerName="BUILDER1" duration="00:00:00.0200691" startTime="2010-04-22T02:17:30.4011785-07:00" endTime="2010-04-22T02:17:30.4276115-07:00" testType="13cdc9d9-ddb5-4fa4-a97d-d965ccfc6d4b" outcome="Failed" testListId="8c84fa94-04c1-424b-9868-57a2d4851a1d" relativeResultsDirectory="edf80b74-728d-4a14-b80b-6ac04b303323">
      <Output>
        <ErrorInfo>
          <Message>Test method VulcanTests.Ssis2008EmitterTests.Ssis2008EmitterTaskTests.Container_VariableExpression threw exception: 
System.ComponentModel.Win32Exception: The system cannot find the file specified</Message>
          <StackTrace>    at System.Diagnostics.Process.StartWithCreateProcess(ProcessStartInfo startInfo)
   at System.Diagnostics.Process.Start()
   at VulcanTests.Ssis2008EmitterTests.SsisComparer.RunVulcan(String bimlFileName, String targetDirectoryPath) in c:\BuildAgent\work\c1e1d8ccf6867220\vulcan\VulcanTests\Ssis2008EmitterTests\SsisComparer.cs:line 141
   at VulcanTests.Ssis2008EmitterTests.SsisComparer.CompareBimlWithDirectory(String bimlFileName, String directoryPath) in c:\BuildAgent\work\c1e1d8ccf6867220\vulcan\VulcanTests\Ssis2008EmitterTests\SsisComparer.cs:line 59
   at VulcanTests.Ssis2008EmitterTests.SsisComparer.CompareResourceBimlWithDtsx(String bimlResourceName, String resourceDirectoryName) in c:\BuildAgent\work\c1e1d8ccf6867220\vulcan\VulcanTests\Ssis2008EmitterTests\SsisComparer.cs:line 48
   at VulcanTests.Ssis2008EmitterTests.Ssis2008EmitterTaskTests.Container_VariableExpression() in c:\BuildAgent\work\c1e1d8ccf6867220\vulcan\VulcanTests\Ssis2008EmitterTests\Ssis2008EmitterTaskTests.cs:line 104
</StackTrace>
        </ErrorInfo>
      </Output>
    </UnitTestResult>
    <UnitTestResult executionId="03eb1fc3-14de-41a0-83f7-d2cc4beb1a65" testId="54fd0b92-8f4e-b78a-f2f2-08a74aae9e90" testName="Container_Variables" computerName="BUILDER1" duration="00:00:00.0190236" startTime="2010-04-22T02:17:30.4374015-07:00" endTime="2010-04-22T02:17:30.4618765-07:00" testType="13cdc9d9-ddb5-4fa4-a97d-d965ccfc6d4b" outcome="Failed" testListId="8c84fa94-04c1-424b-9868-57a2d4851a1d" relativeResultsDirectory="03eb1fc3-14de-41a0-83f7-d2cc4beb1a65">
      <Output>
        <ErrorInfo>
          <Message>Test method VulcanTests.Ssis2008EmitterTests.Ssis2008EmitterTaskTests.Container_Variables threw exception: 
System.ComponentModel.Win32Exception: The system cannot find the file specified</Message>
          <StackTrace>    at System.Diagnostics.Process.StartWithCreateProcess(ProcessStartInfo startInfo)
   at System.Diagnostics.Process.Start()
   at VulcanTests.Ssis2008EmitterTests.SsisComparer.RunVulcan(String bimlFileName, String targetDirectoryPath) in c:\BuildAgent\work\c1e1d8ccf6867220\vulcan\VulcanTests\Ssis2008EmitterTests\SsisComparer.cs:line 141
   at VulcanTests.Ssis2008EmitterTests.SsisComparer.CompareBimlWithDirectory(String bimlFileName, String directoryPath) in c:\BuildAgent\work\c1e1d8ccf6867220\vulcan\VulcanTests\Ssis2008EmitterTests\SsisComparer.cs:line 59
   at VulcanTests.Ssis2008EmitterTests.SsisComparer.CompareResourceBimlWithDtsx(String bimlResourceName, String resourceDirectoryName) in c:\BuildAgent\work\c1e1d8ccf6867220\vulcan\VulcanTests\Ssis2008EmitterTests\SsisComparer.cs:line 48
   at VulcanTests.Ssis2008EmitterTests.Ssis2008EmitterTaskTests.Container_Variables() in c:\BuildAgent\work\c1e1d8ccf6867220\vulcan\VulcanTests\Ssis2008EmitterTests\Ssis2008EmitterTaskTests.cs:line 98
</StackTrace>
        </ErrorInfo>
      </Output>
    </UnitTestResult>
    <UnitTestResult executionId="496241f6-c8de-4191-9694-786e5cbe8d5d" testId="3b4cb942-c9c1-096b-e74b-678a864121bc" testName="ExecutePackage_Basic" computerName="BUILDER1" duration="00:00:00.0200328" startTime="2010-04-22T02:17:30.4697085-07:00" endTime="2010-04-22T02:17:30.4951625-07:00" testType="13cdc9d9-ddb5-4fa4-a97d-d965ccfc6d4b" outcome="Failed" testListId="8c84fa94-04c1-424b-9868-57a2d4851a1d" relativeResultsDirectory="496241f6-c8de-4191-9694-786e5cbe8d5d">
      <Output>
        <ErrorInfo>
          <Message>Test method VulcanTests.Ssis2008EmitterTests.Ssis2008EmitterTaskTests.ExecutePackage_Basic threw exception: 
System.ComponentModel.Win32Exception: The system cannot find the file specified</Message>
          <StackTrace>    at System.Diagnostics.Process.StartWithCreateProcess(ProcessStartInfo startInfo)
   at System.Diagnostics.Process.Start()
   at VulcanTests.Ssis2008EmitterTests.SsisComparer.RunVulcan(String bimlFileName, String targetDirectoryPath) in c:\BuildAgent\work\c1e1d8ccf6867220\vulcan\VulcanTests\Ssis2008EmitterTests\SsisComparer.cs:line 141
   at VulcanTests.Ssis2008EmitterTests.SsisComparer.CompareBimlWithDirectory(String bimlFileName, String directoryPath) in c:\BuildAgent\work\c1e1d8ccf6867220\vulcan\VulcanTests\Ssis2008EmitterTests\SsisComparer.cs:line 59
   at VulcanTests.Ssis2008EmitterTests.SsisComparer.CompareResourceBimlWithDtsx(String bimlResourceName, String resourceDirectoryName) in c:\BuildAgent\work\c1e1d8ccf6867220\vulcan\VulcanTests\Ssis2008EmitterTests\SsisComparer.cs:line 48
   at VulcanTests.Ssis2008EmitterTests.Ssis2008EmitterTaskTests.ExecutePackage_Basic() in c:\BuildAgent\work\c1e1d8ccf6867220\vulcan\VulcanTests\Ssis2008EmitterTests\Ssis2008EmitterTaskTests.cs:line 25
</StackTrace>
        </ErrorInfo>
      </Output>
    </UnitTestResult>
    <UnitTestResult executionId="a0b21620-9a92-4902-b827-b5a767049b21" testId="43b70eff-bd72-be3d-02f6-1c8ce836014f" testName="ExecuteSql_Basic" computerName="BUILDER1" duration="00:00:00.0274979" startTime="2010-04-22T02:17:30.5020155-07:00" endTime="2010-04-22T02:17:30.5362805-07:00" testType="13cdc9d9-ddb5-4fa4-a97d-d965ccfc6d4b" outcome="Failed" testListId="8c84fa94-04c1-424b-9868-57a2d4851a1d" relativeResultsDirectory="a0b21620-9a92-4902-b827-b5a767049b21">
      <Output>
        <ErrorInfo>
          <Message>Test method VulcanTests.Ssis2008EmitterTests.Ssis2008EmitterTaskTests.ExecuteSql_Basic threw exception: 
System.ComponentModel.Win32Exception: The system cannot find the file specified</Message>
          <StackTrace>    at System.Diagnostics.Process.StartWithCreateProcess(ProcessStartInfo startInfo)
   at System.Diagnostics.Process.Start()
   at VulcanTests.Ssis2008EmitterTests.SsisComparer.RunVulcan(String bimlFileName, String targetDirectoryPath) in c:\BuildAgent\work\c1e1d8ccf6867220\vulcan\VulcanTests\Ssis2008EmitterTests\SsisComparer.cs:line 141
   at VulcanTests.Ssis2008EmitterTests.SsisComparer.CompareBimlWithDirectory(String bimlFileName, String directoryPath) in c:\BuildAgent\work\c1e1d8ccf6867220\vulcan\VulcanTests\Ssis2008EmitterTests\SsisComparer.cs:line 59
   at VulcanTests.Ssis2008EmitterTests.SsisComparer.CompareResourceBimlWithDtsx(String bimlResourceName, String resourceDirectoryName) in c:\BuildAgent\work\c1e1d8ccf6867220\vulcan\VulcanTests\Ssis2008EmitterTests\SsisComparer.cs:line 48
   at VulcanTests.Ssis2008EmitterTests.Ssis2008EmitterTaskTests.ExecuteSql_Basic() in c:\BuildAgent\work\c1e1d8ccf6867220\vulcan\VulcanTests\Ssis2008EmitterTests\Ssis2008EmitterTaskTests.cs:line 13
</StackTrace>
        </ErrorInfo>
      </Output>
    </UnitTestResult>
    <UnitTestResult executionId="e846adcf-8bc8-4aad-8b09-274630448794" testId="4c204af8-ae98-4ed4-7234-82362979e62f" testName="ExecuteSql_CoreProperties" computerName="BUILDER1" duration="00:00:00.0366712" startTime="2010-04-22T02:17:30.5431335-07:00" endTime="2010-04-22T02:17:30.5852305-07:00" testType="13cdc9d9-ddb5-4fa4-a97d-d965ccfc6d4b" outcome="Failed" testListId="8c84fa94-04c1-424b-9868-57a2d4851a1d" relativeResultsDirectory="e846adcf-8bc8-4aad-8b09-274630448794">
      <Output>
        <ErrorInfo>
          <Message>Test method VulcanTests.Ssis2008EmitterTests.Ssis2008EmitterTaskTests.ExecuteSql_CoreProperties threw exception: 
System.ComponentModel.Win32Exception: The system cannot find the file specified</Message>
          <StackTrace>    at System.Diagnostics.Process.StartWithCreateProcess(ProcessStartInfo startInfo)
   at System.Diagnostics.Process.Start()
   at VulcanTests.Ssis2008EmitterTests.SsisComparer.RunVulcan(String bimlFileName, String targetDirectoryPath) in c:\BuildAgent\work\c1e1d8ccf6867220\vulcan\VulcanTests\Ssis2008EmitterTests\SsisComparer.cs:line 141
   at VulcanTests.Ssis2008EmitterTests.SsisComparer.CompareBimlWithDirectory(String bimlFileName, String directoryPath) in c:\BuildAgent\work\c1e1d8ccf6867220\vulcan\VulcanTests\Ssis2008EmitterTests\SsisComparer.cs:line 59
   at VulcanTests.Ssis2008EmitterTests.SsisComparer.CompareResourceBimlWithDtsx(String bimlResourceName, String resourceDirectoryName) in c:\BuildAgent\work\c1e1d8ccf6867220\vulcan\VulcanTests\Ssis2008EmitterTests\SsisComparer.cs:line 48
   at VulcanTests.Ssis2008EmitterTests.Ssis2008EmitterTaskTests.ExecuteSql_CoreProperties() in c:\BuildAgent\work\c1e1d8ccf6867220\vulcan\VulcanTests\Ssis2008EmitterTests\Ssis2008EmitterTaskTests.cs:line 19
</StackTrace>
        </ErrorInfo>
      </Output>
    </UnitTestResult>
    <UnitTestResult executionId="4634320d-462d-4d5a-a309-7eec03d7b451" testId="e3a63282-7af5-92f4-e1bd-c6501f7f34f6" testName="ForLoop_Basic" computerName="BUILDER1" duration="00:00:00.0171739" startTime="2010-04-22T02:17:30.5920835-07:00" endTime="2010-04-22T02:17:30.6146005-07:00" testType="13cdc9d9-ddb5-4fa4-a97d-d965ccfc6d4b" outcome="Failed" testListId="8c84fa94-04c1-424b-9868-57a2d4851a1d" relativeResultsDirectory="4634320d-462d-4d5a-a309-7eec03d7b451">
      <Output>
        <ErrorInfo>
          <Message>Test method VulcanTests.Ssis2008EmitterTests.Ssis2008EmitterTaskTests.ForLoop_Basic threw exception: 
System.ComponentModel.Win32Exception: The system cannot find the file specified</Message>
          <StackTrace>    at System.Diagnostics.Process.StartWithCreateProcess(ProcessStartInfo startInfo)
   at System.Diagnostics.Process.Start()
   at VulcanTests.Ssis2008EmitterTests.SsisComparer.RunVulcan(String bimlFileName, String targetDirectoryPath) in c:\BuildAgent\work\c1e1d8ccf6867220\vulcan\VulcanTests\Ssis2008EmitterTests\SsisComparer.cs:line 141
   at VulcanTests.Ssis2008EmitterTests.SsisComparer.CompareBimlWithDirectory(String bimlFileName, String directoryPath) in c:\BuildAgent\work\c1e1d8ccf6867220\vulcan\VulcanTests\Ssis2008EmitterTests\SsisComparer.cs:line 59
   at VulcanTests.Ssis2008EmitterTests.SsisComparer.CompareResourceBimlWithDtsx(String bimlResourceName, String resourceDirectoryName) in c:\BuildAgent\work\c1e1d8ccf6867220\vulcan\VulcanTests\Ssis2008EmitterTests\SsisComparer.cs:line 48
   at VulcanTests.Ssis2008EmitterTests.Ssis2008EmitterTaskTests.ForLoop_Basic() in c:\BuildAgent\work\c1e1d8ccf6867220\vulcan\VulcanTests\Ssis2008EmitterTests\Ssis2008EmitterTaskTests.cs:line 110
</StackTrace>
        </ErrorInfo>
      </Output>
    </UnitTestResult>
    <UnitTestResult executionId="39bcb1c5-b3fa-432b-977b-4b8f079f64c0" testId="731e9f07-b98d-c6da-ecb6-b3e16b3a04a5" testName="Taskflow_DataflowReverseTopologicalSort" computerName="BUILDER1" duration="00:00:00.0266500" startTime="2010-04-22T02:17:30.6214535-07:00" endTime="2010-04-22T02:17:30.6537605-07:00" testType="13cdc9d9-ddb5-4fa4-a97d-d965ccfc6d4b" outcome="Failed" testListId="8c84fa94-04c1-424b-9868-57a2d4851a1d" relativeResultsDirectory="39bcb1c5-b3fa-432b-977b-4b8f079f64c0">
      <Output>
        <ErrorInfo>
          <Message>Test method VulcanTests.Ssis2008EmitterTests.Ssis2008EmitterTaskTests.Taskflow_DataflowReverseTopologicalSort threw exception: 
System.ComponentModel.Win32Exception: The system cannot find the file specified</Message>
          <StackTrace>    at System.Diagnostics.Process.StartWithCreateProcess(ProcessStartInfo startInfo)
   at System.Diagnostics.Process.Start()
   at VulcanTests.Ssis2008EmitterTests.SsisComparer.RunVulcan(String bimlFileName, String targetDirectoryPath) in c:\BuildAgent\work\c1e1d8ccf6867220\vulcan\VulcanTests\Ssis2008EmitterTests\SsisComparer.cs:line 141
   at VulcanTests.Ssis2008EmitterTests.SsisComparer.CompareBimlWithDirectory(String bimlFileName, String directoryPath) in c:\BuildAgent\work\c1e1d8ccf6867220\vulcan\VulcanTests\Ssis2008EmitterTests\SsisComparer.cs:line 59
   at VulcanTests.Ssis2008EmitterTests.SsisComparer.CompareResourceBimlWithDtsx(String bimlResourceName, String resourceDirectoryName) in c:\BuildAgent\work\c1e1d8ccf6867220\vulcan\VulcanTests\Ssis2008EmitterTests\SsisComparer.cs:line 48
   at VulcanTests.Ssis2008EmitterTests.Ssis2008EmitterTaskTests.Taskflow_DataflowReverseTopologicalSort() in c:\BuildAgent\work\c1e1d8ccf6867220\vulcan\VulcanTests\Ssis2008EmitterTests\Ssis2008EmitterTaskTests.cs:line 122
</StackTrace>
        </ErrorInfo>
      </Output>
    </UnitTestResult>
    <UnitTestResult executionId="0a3cd949-ff47-4c7e-8b3e-643338a76cd2" testId="afe3956b-989b-0e70-b524-8431525c6b1d" testName="Taskflow_TaskflowReverseTopologicalSort" computerName="BUILDER1" duration="00:00:00.0223222" startTime="2010-04-22T02:17:30.6606135-07:00" endTime="2010-04-22T02:17:30.6880255-07:00" testType="13cdc9d9-ddb5-4fa4-a97d-d965ccfc6d4b" outcome="Failed" testListId="8c84fa94-04c1-424b-9868-57a2d4851a1d" relativeResultsDirectory="0a3cd949-ff47-4c7e-8b3e-643338a76cd2">
      <Output>
        <ErrorInfo>
          <Message>Test method VulcanTests.Ssis2008EmitterTests.Ssis2008EmitterTaskTests.Taskflow_TaskflowReverseTopologicalSort threw exception: 
System.ComponentModel.Win32Exception: The system cannot find the file specified</Message>
          <StackTrace>    at System.Diagnostics.Process.StartWithCreateProcess(ProcessStartInfo startInfo)
   at System.Diagnostics.Process.Start()
   at VulcanTests.Ssis2008EmitterTests.SsisComparer.RunVulcan(String bimlFileName, String targetDirectoryPath) in c:\BuildAgent\work\c1e1d8ccf6867220\vulcan\VulcanTests\Ssis2008EmitterTests\SsisComparer.cs:line 141
   at VulcanTests.Ssis2008EmitterTests.SsisComparer.CompareBimlWithDirectory(String bimlFileName, String directoryPath) in c:\BuildAgent\work\c1e1d8ccf6867220\vulcan\VulcanTests\Ssis2008EmitterTests\SsisComparer.cs:line 59
   at VulcanTests.Ssis2008EmitterTests.SsisComparer.CompareResourceBimlWithDtsx(String bimlResourceName, String resourceDirectoryName) in c:\BuildAgent\work\c1e1d8ccf6867220\vulcan\VulcanTests\Ssis2008EmitterTests\SsisComparer.cs:line 48
   at VulcanTests.Ssis2008EmitterTests.Ssis2008EmitterTaskTests.Taskflow_TaskflowReverseTopologicalSort() in c:\BuildAgent\work\c1e1d8ccf6867220\vulcan\VulcanTests\Ssis2008EmitterTests\Ssis2008EmitterTaskTests.cs:line 128
</StackTrace>
        </ErrorInfo>
      </Output>
    </UnitTestResult>
    <UnitTestResult executionId="84dd337d-8275-48e4-80e1-53ba8f024910" testId="79b02fef-f0cd-bd64-85ba-dd90d4bd26f5" testName="Taskflow_TaskOrder" computerName="BUILDER1" duration="00:00:00.0196634" startTime="2010-04-22T02:17:30.6948785-07:00" endTime="2010-04-22T02:17:30.7203325-07:00" testType="13cdc9d9-ddb5-4fa4-a97d-d965ccfc6d4b" outcome="Failed" testListId="8c84fa94-04c1-424b-9868-57a2d4851a1d" relativeResultsDirectory="84dd337d-8275-48e4-80e1-53ba8f024910">
      <Output>
        <ErrorInfo>
          <Message>Test method VulcanTests.Ssis2008EmitterTests.Ssis2008EmitterTaskTests.Taskflow_TaskOrder threw exception: 
System.ComponentModel.Win32Exception: The system cannot find the file specified</Message>
          <StackTrace>    at System.Diagnostics.Process.StartWithCreateProcess(ProcessStartInfo startInfo)
   at System.Diagnostics.Process.Start()
   at VulcanTests.Ssis2008EmitterTests.SsisComparer.RunVulcan(String bimlFileName, String targetDirectoryPath) in c:\BuildAgent\work\c1e1d8ccf6867220\vulcan\VulcanTests\Ssis2008EmitterTests\SsisComparer.cs:line 141
   at VulcanTests.Ssis2008EmitterTests.SsisComparer.CompareBimlWithDirectory(String bimlFileName, String directoryPath) in c:\BuildAgent\work\c1e1d8ccf6867220\vulcan\VulcanTests\Ssis2008EmitterTests\SsisComparer.cs:line 59
   at VulcanTests.Ssis2008EmitterTests.SsisComparer.CompareResourceBimlWithDtsx(String bimlResourceName, String resourceDirectoryName) in c:\BuildAgent\work\c1e1d8ccf6867220\vulcan\VulcanTests\Ssis2008EmitterTests\SsisComparer.cs:line 48
   at VulcanTests.Ssis2008EmitterTests.Ssis2008EmitterTaskTests.Taskflow_TaskOrder() in c:\BuildAgent\work\c1e1d8ccf6867220\vulcan\VulcanTests\Ssis2008EmitterTests\Ssis2008EmitterTaskTests.cs:line 116
</StackTrace>
        </ErrorInfo>
      </Output>
    </UnitTestResult>
    <UnitTestResult executionId="4b39edfb-f284-491d-8511-d494e76513e2" testId="f5685f34-4148-d2eb-337e-e1889c02db78" testName="Templates_Package" computerName="BUILDER1" duration="00:00:00.0282797" startTime="2010-04-22T02:17:30.7262065-07:00" endTime="2010-04-22T02:17:30.7594925-07:00" testType="13cdc9d9-ddb5-4fa4-a97d-d965ccfc6d4b" outcome="Failed" testListId="8c84fa94-04c1-424b-9868-57a2d4851a1d" relativeResultsDirectory="4b39edfb-f284-491d-8511-d494e76513e2">
      <Output>
        <ErrorInfo>
          <Message>Test method VulcanTests.Ssis2008EmitterTests.Ssis2008EmitterTemplateTests.Templates_Package threw exception: 
System.ComponentModel.Win32Exception: The system cannot find the file specified</Message>
          <StackTrace>    at System.Diagnostics.Process.StartWithCreateProcess(ProcessStartInfo startInfo)
   at System.Diagnostics.Process.Start()
   at VulcanTests.Ssis2008EmitterTests.SsisComparer.RunVulcan(String bimlFileName, String targetDirectoryPath) in c:\BuildAgent\work\c1e1d8ccf6867220\vulcan\VulcanTests\Ssis2008EmitterTests\SsisComparer.cs:line 141
   at VulcanTests.Ssis2008EmitterTests.SsisComparer.CompareBimlWithDirectory(String bimlFileName, String directoryPath) in c:\BuildAgent\work\c1e1d8ccf6867220\vulcan\VulcanTests\Ssis2008EmitterTests\SsisComparer.cs:line 59
   at VulcanTests.Ssis2008EmitterTests.SsisComparer.CompareResourceBimlWithDtsx(String bimlResourceName, String resourceDirectoryName) in c:\BuildAgent\work\c1e1d8ccf6867220\vulcan\VulcanTests\Ssis2008EmitterTests\SsisComparer.cs:line 48
   at VulcanTests.Ssis2008EmitterTests.Ssis2008EmitterTemplateTests.Templates_Package() in c:\BuildAgent\work\c1e1d8ccf6867220\vulcan\VulcanTests\Ssis2008EmitterTests\Ssis2008EmitterTemplateTests.cs:line 13
</StackTrace>
        </ErrorInfo>
      </Output>
    </UnitTestResult>
    <UnitTestResult executionId="c958acb9-b1f9-46e2-a02d-760f49492428" testId="c079bd56-dee5-cc85-df2b-2638426aa9bd" testName="Package_Configurations_AutoCreateSql" computerName="BUILDER1" duration="00:00:00.2004276" startTime="2010-04-22T02:17:30.7673245-07:00" endTime="2010-04-22T02:17:30.9738935-07:00" testType="13cdc9d9-ddb5-4fa4-a97d-d965ccfc6d4b" outcome="Failed" testListId="8c84fa94-04c1-424b-9868-57a2d4851a1d" relativeResultsDirectory="c958acb9-b1f9-46e2-a02d-760f49492428">
      <Output>
        <StdErr>VulcanTests.SsisEmitterTests_Package.Configurations.AutogenerateSql_PRE.xml_.xml(22,41): Error ErrorGeneric: The 'ConfigurationSqlServerConnectionName' attribute is not declared.
VulcanTests.SsisEmitterTests_Package.Configurations.AutogenerateSql_PRE.xml_.xml(9,6): Error ErrorGeneric: Could not resolve reference to 'TestSqlConnection' of type 'Connection'. 'ConnectionName="TestSqlConnection"' is invalid.
VulcanTests.SsisEmitterTests_Package.Configurations.AutogenerateSql_PRE.xml_.xml(12,6): Error ErrorGeneric: Could not resolve reference to 'TestSqlConnection' of type 'Connection'. 'ConnectionName="TestSqlConnection"' is invalid.</StdErr>
        <ErrorInfo>
          <Message>Test method VulcanTests.SsisEmitterTests.SsisEmitterPackageTests.Package_Configurations_AutoCreateSql threw exception: 
System.InvalidOperationException: Fatal Error Occurred.</Message>
          <StackTrace>    at VulcanEngine.Kernel.PhaseWorkflow.ExecutePhaseWorkflowGraph(IIR rootIR) in c:\BuildAgent\work\c1e1d8ccf6867220\vulcan\VulcanEngine\Kernel\PhaseWorkflow.cs:line 174
   at VulcanTests.SsisEmitterTests.SsisEmitterComparer.RunVulcan(String bimlFileName, String targetDirectoryPath, String includeFileName) in c:\BuildAgent\work\c1e1d8ccf6867220\vulcan\VulcanTests\SsisEmitterTests\SsisIntermediateComparer.cs:line 160
   at VulcanTests.SsisEmitterTests.SsisEmitterComparer.CompareBimlWithDirectory(String bimlFileName, String directoryPath, String fileExtension, String includeFileName) in c:\BuildAgent\work\c1e1d8ccf6867220\vulcan\VulcanTests\SsisEmitterTests\SsisIntermediateComparer.cs:line 90
   at VulcanTests.SsisEmitterTests.SsisEmitterPackageTests.Package_Configurations_AutoCreateSql() in c:\BuildAgent\work\c1e1d8ccf6867220\vulcan\VulcanTests\SsisEmitterTests\SsisEmitterPackageTests.cs:line 79
</StackTrace>
        </ErrorInfo>
      </Output>
    </UnitTestResult>
    <UnitTestResult executionId="f54f5ca7-b42d-4391-a0b3-d21dffa76bee" testId="8095f6a4-60b4-9c46-93a5-19b797bd6a3b" testName="Package_Configurations_AutoCreateXml" computerName="BUILDER1" duration="00:00:00.4526342" startTime="2010-04-22T02:17:30.9817255-07:00" endTime="2010-04-22T02:17:31.4408765-07:00" testType="13cdc9d9-ddb5-4fa4-a97d-d965ccfc6d4b" outcome="Passed" testListId="8c84fa94-04c1-424b-9868-57a2d4851a1d" relativeResultsDirectory="f54f5ca7-b42d-4391-a0b3-d21dffa76bee">
    </UnitTestResult>
    <UnitTestResult executionId="3cee98ff-7910-4e80-8ce3-3d4fcc065841" testId="fcae1157-cc3b-2e85-571f-ab6572a78634" testName="Package_EmptyPackage" computerName="BUILDER1" duration="00:00:00.2259054" startTime="2010-04-22T02:17:31.4536035-07:00" endTime="2010-04-22T02:17:31.6826895-07:00" testType="13cdc9d9-ddb5-4fa4-a97d-d965ccfc6d4b" outcome="Passed" testListId="8c84fa94-04c1-424b-9868-57a2d4851a1d" relativeResultsDirectory="3cee98ff-7910-4e80-8ce3-3d4fcc065841">
    </UnitTestResult>
    <UnitTestResult executionId="bd587781-d61b-4de9-b350-315c7f7774b2" testId="96ca07e7-84a0-be37-9f51-81ca9d8fea94" testName="Package_Events" computerName="BUILDER1" duration="00:00:00.1870847" startTime="2010-04-22T02:17:31.6905215-07:00" endTime="2010-04-22T02:17:31.8833845-07:00" testType="13cdc9d9-ddb5-4fa4-a97d-d965ccfc6d4b" outcome="Passed" testListId="8c84fa94-04c1-424b-9868-57a2d4851a1d" relativeResultsDirectory="bd587781-d61b-4de9-b350-315c7f7774b2">
    </UnitTestResult>
    <UnitTestResult executionId="5dc59c11-d4e6-493b-9d48-7c8f7609536a" testId="68d00bda-21f9-1029-89b8-f1a573bbb314" testName="Package_Executables" computerName="BUILDER1" duration="00:00:00.2138428" startTime="2010-04-22T02:17:31.8912165-07:00" endTime="2010-04-22T02:17:32.1105125-07:00" testType="13cdc9d9-ddb5-4fa4-a97d-d965ccfc6d4b" outcome="Passed" testListId="8c84fa94-04c1-424b-9868-57a2d4851a1d" relativeResultsDirectory="5dc59c11-d4e6-493b-9d48-7c8f7609536a">
    </UnitTestResult>
    <UnitTestResult executionId="f1e7a875-66d0-4345-a238-1266bbeb15ef" testId="a824607c-b4f7-776b-cb2c-96961ce73d2b" testName="Package_Expressions" computerName="BUILDER1" duration="00:00:00.2646946" startTime="2010-04-22T02:17:32.1251975-07:00" endTime="2010-04-22T02:17:32.3963805-07:00" testType="13cdc9d9-ddb5-4fa4-a97d-d965ccfc6d4b" outcome="Passed" testListId="8c84fa94-04c1-424b-9868-57a2d4851a1d" relativeResultsDirectory="f1e7a875-66d0-4345-a238-1266bbeb15ef">
    </UnitTestResult>
    <UnitTestResult executionId="07a9c520-2d85-4035-9507-29e92674b6ad" testId="4a09165f-fd6d-59ce-b502-6f2f82bf14cc" testName="Package_LogProvider" computerName="BUILDER1" duration="00:00:00.2846867" startTime="2010-04-22T02:17:32.4169395-07:00" endTime="2010-04-22T02:17:32.7077025-07:00" testType="13cdc9d9-ddb5-4fa4-a97d-d965ccfc6d4b" outcome="Passed" testListId="8c84fa94-04c1-424b-9868-57a2d4851a1d" relativeResultsDirectory="07a9c520-2d85-4035-9507-29e92674b6ad">
    </UnitTestResult>
    <UnitTestResult executionId="042ba44b-c1ad-4171-89ad-cfd3d92df82e" testId="5ac0a621-1e37-a1d8-93ee-8ed8d9740be8" testName="Package_OleDBConnectionManager" computerName="BUILDER1" duration="00:00:00.1680662" startTime="2010-04-22T02:17:32.7145555-07:00" endTime="2010-04-22T02:17:32.8888175-07:00" testType="13cdc9d9-ddb5-4fa4-a97d-d965ccfc6d4b" outcome="Passed" testListId="8c84fa94-04c1-424b-9868-57a2d4851a1d" relativeResultsDirectory="042ba44b-c1ad-4171-89ad-cfd3d92df82e">
    </UnitTestResult>
    <UnitTestResult executionId="e93441bf-5df9-424d-a761-25d0ad3a40d9" testId="8dcaf0b0-f17f-487b-1e98-eb7c6eaaaa4e" testName="Package_Variables" computerName="BUILDER1" duration="00:00:00.3257026" startTime="2010-04-22T02:17:32.8946915-07:00" endTime="2010-04-22T02:17:33.2246145-07:00" testType="13cdc9d9-ddb5-4fa4-a97d-d965ccfc6d4b" outcome="Passed" testListId="8c84fa94-04c1-424b-9868-57a2d4851a1d" relativeResultsDirectory="e93441bf-5df9-424d-a761-25d0ad3a40d9">
    </UnitTestResult>
    <UnitTestResult executionId="39d4f6cf-d8c5-4e52-85cb-c829eeeed169" testId="1987d618-0db3-077a-de86-cdb1777ab095" testName="Project_Basic" computerName="BUILDER1" duration="00:00:00.1685862" startTime="2010-04-22T02:17:33.2334255-07:00" endTime="2010-04-22T02:17:33.4086665-07:00" testType="13cdc9d9-ddb5-4fa4-a97d-d965ccfc6d4b" outcome="Passed" testListId="8c84fa94-04c1-424b-9868-57a2d4851a1d" relativeResultsDirectory="39d4f6cf-d8c5-4e52-85cb-c829eeeed169">
    </UnitTestResult>
    <UnitTestResult executionId="0b07c3f9-e39d-45ae-9918-524ad2f86ef1" testId="102e335f-81d2-02d9-d6d1-87cc82b538dd" testName="Project_MultiplePackages" computerName="BUILDER1" duration="00:00:00.1722273" startTime="2010-04-22T02:17:33.4155195-07:00" endTime="2010-04-22T02:17:33.5927185-07:00" testType="13cdc9d9-ddb5-4fa4-a97d-d965ccfc6d4b" outcome="Failed" testListId="8c84fa94-04c1-424b-9868-57a2d4851a1d" relativeResultsDirectory="0b07c3f9-e39d-45ae-9918-524ad2f86ef1">
      <Output>
        <ErrorInfo>
          <Message>Test method VulcanTests.SsisEmitterTests.SsisEmitterProjectTests.Project_MultiplePackages threw exception: 
System.IndexOutOfRangeException: Index was outside the bounds of the array.</Message>
          <StackTrace>    at VulcanTests.SsisEmitterTests.SsisEmitterComparer.CompareDirectories(DirectoryInfo directoryInfo1, DirectoryInfo directoryInfo2, String fileExtensions) in c:\BuildAgent\work\c1e1d8ccf6867220\vulcan\VulcanTests\SsisEmitterTests\SsisIntermediateComparer.cs:line 104
   at VulcanTests.SsisEmitterTests.SsisEmitterComparer.CompareDirectories(DirectoryInfo directoryInfo1, DirectoryInfo directoryInfo2, String fileExtensions) in c:\BuildAgent\work\c1e1d8ccf6867220\vulcan\VulcanTests\SsisEmitterTests\SsisIntermediateComparer.cs:line 135
   at VulcanTests.SsisEmitterTests.SsisEmitterComparer.CompareDirectories(String directoryPath1, String directoryPath2, String fileExtension) in c:\BuildAgent\work\c1e1d8ccf6867220\vulcan\VulcanTests\SsisEmitterTests\SsisIntermediateComparer.cs:line 99
   at VulcanTests.SsisEmitterTests.SsisEmitterComparer.CompareBimlWithDirectory(String bimlFileName, String directoryPath, String fileExtension, String includeFileName) in c:\BuildAgent\work\c1e1d8ccf6867220\vulcan\VulcanTests\SsisEmitterTests\SsisIntermediateComparer.cs:line 92
   at VulcanTests.SsisEmitterTests.SsisEmitterProjectTests.Project_MultiplePackages() in c:\BuildAgent\work\c1e1d8ccf6867220\vulcan\VulcanTests\SsisEmitterTests\SsisEmitterProjectTests.cs:line 21
</StackTrace>
        </ErrorInfo>
      </Output>
    </UnitTestResult>
    <UnitTestResult executionId="67a8010c-62cb-4744-9627-0931870e8fe7" testId="a121ec7e-2f98-0954-3d5f-a6f4078e8ffd" testName="AnalysisServicesExecuteDdl_DirectInput" computerName="BUILDER1" duration="00:00:00.2347180" startTime="2010-04-22T02:17:33.5985925-07:00" endTime="2010-04-22T02:17:33.8394265-07:00" testType="13cdc9d9-ddb5-4fa4-a97d-d965ccfc6d4b" outcome="Passed" testListId="8c84fa94-04c1-424b-9868-57a2d4851a1d" relativeResultsDirectory="67a8010c-62cb-4744-9627-0931870e8fe7">
    </UnitTestResult>
    <UnitTestResult executionId="47dd4f48-206a-4d1b-8fd4-e2de3c67feb9" testId="ef10f361-43a9-450a-9597-8da838ab766f" testName="AnalysisServicesExecuteDdl_File" computerName="BUILDER1" duration="00:00:00.1812881" startTime="2010-04-22T02:17:33.8453005-07:00" endTime="2010-04-22T02:17:34.0322895-07:00" testType="13cdc9d9-ddb5-4fa4-a97d-d965ccfc6d4b" outcome="Passed" testListId="8c84fa94-04c1-424b-9868-57a2d4851a1d" relativeResultsDirectory="47dd4f48-206a-4d1b-8fd4-e2de3c67feb9">
    </UnitTestResult>
    <UnitTestResult executionId="1cdb7aac-6fc5-4261-b181-4b25923967d7" testId="2ed5e0b5-aa07-4109-f915-84b809da777c" testName="AnalysisServicesExecuteDdl_Variable" computerName="BUILDER1" duration="00:00:00.1886649" startTime="2010-04-22T02:17:34.0391425-07:00" endTime="2010-04-22T02:17:34.2329845-07:00" testType="13cdc9d9-ddb5-4fa4-a97d-d965ccfc6d4b" outcome="Passed" testListId="8c84fa94-04c1-424b-9868-57a2d4851a1d" relativeResultsDirectory="1cdb7aac-6fc5-4261-b181-4b25923967d7">
    </UnitTestResult>
    <UnitTestResult executionId="ed4ce54a-869b-4e2f-89ec-9f5e9226d59b" testId="7c0d4484-9980-49d0-54e0-a8a86792b85b" testName="BulkInsert_Basic" computerName="BUILDER1" duration="00:00:00.2489573" startTime="2010-04-22T02:17:34.2848715-07:00" endTime="2010-04-22T02:17:34.5394115-07:00" testType="13cdc9d9-ddb5-4fa4-a97d-d965ccfc6d4b" outcome="Passed" testListId="8c84fa94-04c1-424b-9868-57a2d4851a1d" relativeResultsDirectory="ed4ce54a-869b-4e2f-89ec-9f5e9226d59b">
    </UnitTestResult>
    <UnitTestResult executionId="b16a654a-7fae-4079-969d-fe405945074d" testId="1f86140f-89f8-911c-93e7-fbca6444cfce" testName="ExecutePackage_File" computerName="BUILDER1" duration="00:00:00.1949483" startTime="2010-04-22T02:17:34.5472435-07:00" endTime="2010-04-22T02:17:34.7469595-07:00" testType="13cdc9d9-ddb5-4fa4-a97d-d965ccfc6d4b" outcome="Passed" testListId="8c84fa94-04c1-424b-9868-57a2d4851a1d" relativeResultsDirectory="b16a654a-7fae-4079-969d-fe405945074d">
    </UnitTestResult>
    <UnitTestResult executionId="469dc787-661b-4e18-a863-1b376ee08016" testId="6ccb298d-af20-a533-eb36-9de04161abd3" testName="ExecutePackage_Sql" computerName="BUILDER1" duration="00:00:00.2789310" startTime="2010-04-22T02:17:34.7528335-07:00" endTime="2010-04-22T02:17:35.0377225-07:00" testType="13cdc9d9-ddb5-4fa4-a97d-d965ccfc6d4b" outcome="Passed" testListId="8c84fa94-04c1-424b-9868-57a2d4851a1d" relativeResultsDirectory="469dc787-661b-4e18-a863-1b376ee08016">
    </UnitTestResult>
    <UnitTestResult executionId="1ee1a5fd-0f02-47b0-8fc2-6c7d169e8a57" testId="e53c20d1-5e0c-3f92-3a96-7ac4b75c9384" testName="ExecuteSql_Basic" computerName="BUILDER1" duration="00:00:00.1936140" startTime="2010-04-22T02:17:35.0445755-07:00" endTime="2010-04-22T02:17:35.2442915-07:00" testType="13cdc9d9-ddb5-4fa4-a97d-d965ccfc6d4b" outcome="Passed" testListId="8c84fa94-04c1-424b-9868-57a2d4851a1d" relativeResultsDirectory="1ee1a5fd-0f02-47b0-8fc2-6c7d169e8a57">
    </UnitTestResult>
    <UnitTestResult executionId="62d7edfe-4096-4bd2-bb45-176685907973" testId="591dbb46-ee45-71a5-11ca-c45245751c38" testName="ExecuteSql_CoreProperties" computerName="BUILDER1" duration="00:00:00.4356486" startTime="2010-04-22T02:17:35.2521235-07:00" endTime="2010-04-22T02:17:35.6946315-07:00" testType="13cdc9d9-ddb5-4fa4-a97d-d965ccfc6d4b" outcome="Passed" testListId="8c84fa94-04c1-424b-9868-57a2d4851a1d" relativeResultsDirectory="62d7edfe-4096-4bd2-bb45-176685907973">
    </UnitTestResult>
    <UnitTestResult executionId="73fb0e73-cbff-4c69-870d-b87295c3e291" testId="f5d87b9d-723f-3e44-2979-9fe32e51f646" testName="ExecuteSql_Events" computerName="BUILDER1" duration="00:00:00.2030025" startTime="2010-04-22T02:17:35.7034425-07:00" endTime="2010-04-22T02:17:35.9119695-07:00" testType="13cdc9d9-ddb5-4fa4-a97d-d965ccfc6d4b" outcome="Passed" testListId="8c84fa94-04c1-424b-9868-57a2d4851a1d" relativeResultsDirectory="73fb0e73-cbff-4c69-870d-b87295c3e291">
    </UnitTestResult>
    <UnitTestResult executionId="a8822e45-8154-49dd-abcb-bef945013234" testId="cbdce46f-95ba-019e-e325-762c66018143" testName="ExecuteSql_Parameters" computerName="BUILDER1" duration="00:00:00.2345618" startTime="2010-04-22T02:17:35.9198015-07:00" endTime="2010-04-22T02:17:36.1606355-07:00" testType="13cdc9d9-ddb5-4fa4-a97d-d965ccfc6d4b" outcome="Passed" testListId="8c84fa94-04c1-424b-9868-57a2d4851a1d" relativeResultsDirectory="a8822e45-8154-49dd-abcb-bef945013234">
    </UnitTestResult>
    <UnitTestResult executionId="4ba705b6-2a37-4c09-87d4-7cf357cd64ee" testId="d1b4336a-be64-724f-6c58-f0d6de4e9b1e" testName="ExecuteSql_ResultSetFull" computerName="BUILDER1" duration="00:00:00.1951384" startTime="2010-04-22T02:17:36.1674885-07:00" endTime="2010-04-22T02:17:36.3681835-07:00" testType="13cdc9d9-ddb5-4fa4-a97d-d965ccfc6d4b" outcome="Passed" testListId="8c84fa94-04c1-424b-9868-57a2d4851a1d" relativeResultsDirectory="4ba705b6-2a37-4c09-87d4-7cf357cd64ee">
    </UnitTestResult>
    <UnitTestResult executionId="84f79837-f8b1-43d2-9cfe-378ac99bb14a" testId="ce31ff2b-59db-5554-da4d-d205f18a9129" testName="Transformation_DerivedColumnBasic" computerName="BUILDER1" duration="00:00:00.2935917" startTime="2010-04-22T02:17:36.3769945-07:00" endTime="2010-04-22T02:17:36.6765685-07:00" testType="13cdc9d9-ddb5-4fa4-a97d-d965ccfc6d4b" outcome="Passed" testListId="8c84fa94-04c1-424b-9868-57a2d4851a1d" relativeResultsDirectory="84f79837-f8b1-43d2-9cfe-378ac99bb14a">
    </UnitTestResult>
  </Results>
</TestRun>