<?xml version="1.0" encoding="UTF-8"?>
<TestRun id="a6b186f0-4a0c-4fdc-997c-194419e1e5de" name="TestResults" runUser="NT AUTHORITY\SYSTEM" xmlns="http://microsoft.com/schemas/VisualStudio/TeamTest/2010">
  <TestSettings name="Build Server Test Run" id="e954ff61-9c88-47b1-98ce-1a6fc7354954">
    <Description>This is a default test run configuration for a build server test run.</Description>
    <Deployment userDeploymentRoot="C:\BuildAgent\work\c1e1d8ccf6867220\Vulcan\AnalysisResults" useDefaultDeploymentRoot="false" enabled="false" runDeploymentRoot="TestResults[13]" />
    <NamingScheme baseName="TestResults" appendTimeStamp="false" useDefault="false" />
    <Execution>
      <TestTypeSpecific>
        <WebTestRunConfiguration testTypeId="4e7599fa-5ecb-43e9-a887-cd63cf72d207">
          <Browser name="Internet Explorer 7.0">
            <Headers>
              <Header name="User-Agent" value="Mozilla/4.0 (compatible; MSIE 7.0; Windows NT 5.1)" />
              <Header name="Accept" value="*/*" />
              <Header name="Accept-Language" value="{{$IEAcceptLanguage}}" />
              <Header name="Accept-Encoding" value="GZIP" />
            </Headers>
          </Browser>
        </WebTestRunConfiguration>
      </TestTypeSpecific>
      <AgentRule name="Execution Agents">
      </AgentRule>
    </Execution>
  </TestSettings>
  <Times creation="2010-04-22T17:45:20.6518921-07:00" queuing="2010-04-22T17:45:20.9639060-07:00" start="2010-04-22T17:45:21.1125772-07:00" finish="2010-04-22T17:48:56.0055978-07:00" />
  <ResultSummary outcome="Failed">
    <Counters total="237" executed="237" passed="232" error="0" failed="5" timeout="0" aborted="0" inconclusive="0" passedButRunAborted="0" notRunnable="0" notExecuted="0" disconnected="0" warning="0" completed="0" inProgress="0" pending="0" />
  </ResultSummary>
  <TestDefinitions>
    <UnitTest name="Templates_Package" storage="c:\buildagent\work\c1e1d8ccf6867220\vulcan\vulcantests\bin\anycpu\sign\vulcan.tests.dll" id="f5685f34-4148-d2eb-337e-e1889c02db78">
      <Execution id="d4f796df-6c5a-47e7-b391-43e520b5e688" />
      <TestMethod codeBase="C:/BuildAgent/work/c1e1d8ccf6867220/Vulcan/VulcanTests/bin/AnyCPU/Sign/Vulcan.Tests.DLL" adapterTypeName="Microsoft.VisualStudio.TestTools.TestTypes.Unit.UnitTestAdapter, Microsoft.VisualStudio.QualityTools.Tips.UnitTest.Adapter, Version=10.0.0.0, Culture=neutral, PublicKeyToken=b03f5f7f11d50a3a" className="VulcanTests.Ssis2008EmitterTests.Ssis2008EmitterTemplateTests, Vulcan.Tests, Version=1.0.0.0, Culture=neutral, PublicKeyToken=null" name="Templates_Package" />
    </UnitTest>
    <UnitTest name="CloneTable_BasicTable_IdentityKey_AddIdentityKey" storage="c:\buildagent\work\c1e1d8ccf6867220\vulcan\vulcantests\bin\anycpu\sign\vulcan.tests.dll" id="1b1d4ad9-af8e-68a0-7c0f-b10e0a47daf5">
      <Execution id="7cecc61d-ab4e-4ba8-922d-6d66312b440c" />
      <TestMethod codeBase="C:/BuildAgent/work/c1e1d8ccf6867220/Vulcan/VulcanTests/bin/AnyCPU/Sign/Vulcan.Tests.DLL" adapterTypeName="Microsoft.VisualStudio.TestTools.TestTypes.Unit.UnitTestAdapter, Microsoft.VisualStudio.QualityTools.Tips.UnitTest.Adapter, Version=10.0.0.0, Culture=neutral, PublicKeyToken=b03f5f7f11d50a3a" className="VulcanTests.AstLowererCloneTableTests, Vulcan.Tests, Version=1.0.0.0, Culture=neutral, PublicKeyToken=null" name="CloneTable_BasicTable_IdentityKey_AddIdentityKey" />
    </UnitTest>
    <UnitTest name="Table_StaticSourceBadBitValue" storage="c:\buildagent\work\c1e1d8ccf6867220\vulcan\vulcantests\bin\anycpu\sign\vulcan.tests.dll" id="44e34b86-55da-39f2-0b4c-f3e3fd71a856">
      <Execution id="9ffb6e5b-8508-48ad-94d6-fc9c3c6291c7" />
      <TestMethod codeBase="C:/BuildAgent/work/c1e1d8ccf6867220/Vulcan/VulcanTests/bin/AnyCPU/Sign/Vulcan.Tests.DLL" adapterTypeName="Microsoft.VisualStudio.TestTools.TestTypes.Unit.UnitTestAdapter, Microsoft.VisualStudio.QualityTools.Tips.UnitTest.Adapter, Version=10.0.0.0, Culture=neutral, PublicKeyToken=b03f5f7f11d50a3a" className="VulcanTests.AstTableNodeTests, Vulcan.Tests, Version=1.0.0.0, Culture=neutral, PublicKeyToken=null" name="Table_StaticSourceBadBitValue" />
    </UnitTest>
    <UnitTest name="CloneTable_FullTable_MultipleKeys_CloneKeysTrue" storage="c:\buildagent\work\c1e1d8ccf6867220\vulcan\vulcantests\bin\anycpu\sign\vulcan.tests.dll" id="d4bbed1f-634b-1eee-a2ee-371e02c0f287">
      <Execution id="93c6d110-00a3-422a-812a-834200d68d06" />
      <TestMethod codeBase="C:/BuildAgent/work/c1e1d8ccf6867220/Vulcan/VulcanTests/bin/AnyCPU/Sign/Vulcan.Tests.DLL" adapterTypeName="Microsoft.VisualStudio.TestTools.TestTypes.Unit.UnitTestAdapter, Microsoft.VisualStudio.QualityTools.Tips.UnitTest.Adapter, Version=10.0.0.0, Culture=neutral, PublicKeyToken=b03f5f7f11d50a3a" className="VulcanTests.AstLowererCloneTableTests, Vulcan.Tests, Version=1.0.0.0, Culture=neutral, PublicKeyToken=null" name="CloneTable_FullTable_MultipleKeys_CloneKeysTrue" />
    </UnitTest>
    <UnitTest name="Attribute_DimensionAttributeWithMultipleKeyColumns" storage="c:\buildagent\work\c1e1d8ccf6867220\vulcan\vulcantests\bin\anycpu\sign\vulcan.tests.dll" id="7ff1df09-c9b6-9a24-426c-e4ad20e41201">
      <Execution id="9a3ab7c0-02b5-4789-abe6-916c7092046d" />
      <TestMethod codeBase="C:/BuildAgent/work/c1e1d8ccf6867220/Vulcan/VulcanTests/bin/AnyCPU/Sign/Vulcan.Tests.DLL" adapterTypeName="Microsoft.VisualStudio.TestTools.TestTypes.Unit.UnitTestAdapter, Microsoft.VisualStudio.QualityTools.Tips.UnitTest.Adapter, Version=10.0.0.0, Culture=neutral, PublicKeyToken=b03f5f7f11d50a3a" className="VulcanTests.AstDimensionNodeTests, Vulcan.Tests, Version=1.0.0.0, Culture=neutral, PublicKeyToken=null" name="Attribute_DimensionAttributeWithMultipleKeyColumns" />
    </UnitTest>
    <UnitTest name="StoredProcedure_PrecedenceConstraint" storage="c:\buildagent\work\c1e1d8ccf6867220\vulcan\vulcantests\bin\anycpu\sign\vulcan.tests.dll" id="5be38c6d-35ee-e447-3092-8c010608bfef">
      <Execution id="28b03a6e-291a-4567-a6c3-718e88199938" />
      <TestMethod codeBase="C:/BuildAgent/work/c1e1d8ccf6867220/Vulcan/VulcanTests/bin/AnyCPU/Sign/Vulcan.Tests.DLL" adapterTypeName="Microsoft.VisualStudio.TestTools.TestTypes.Unit.UnitTestAdapter, Microsoft.VisualStudio.QualityTools.Tips.UnitTest.Adapter, Version=10.0.0.0, Culture=neutral, PublicKeyToken=b03f5f7f11d50a3a" className="VulcanTests.AstLowererPackageTests, Vulcan.Tests, Version=1.0.0.0, Culture=neutral, PublicKeyToken=null" name="StoredProcedure_PrecedenceConstraint" />
    </UnitTest>
    <UnitTest name="DataSourceView_TwoMeasureGroupsSameFact" storage="c:\buildagent\work\c1e1d8ccf6867220\vulcan\vulcantests\bin\anycpu\sign\vulcan.tests.dll" id="6931d0af-3d95-e098-c636-e32fcb8bf44d">
      <Execution id="4886fbd6-9c8d-4188-a093-f46c7ef91a42" />
      <TestMethod codeBase="C:/BuildAgent/work/c1e1d8ccf6867220/Vulcan/VulcanTests/bin/AnyCPU/Sign/Vulcan.Tests.DLL" adapterTypeName="Microsoft.VisualStudio.TestTools.TestTypes.Unit.UnitTestAdapter, Microsoft.VisualStudio.QualityTools.Tips.UnitTest.Adapter, Version=10.0.0.0, Culture=neutral, PublicKeyToken=b03f5f7f11d50a3a" className="VulcanTests.Ssas2008EmitterTests.Ssas2008EmitterDataSourceViewTests, Vulcan.Tests, Version=1.0.0.0, Culture=neutral, PublicKeyToken=null" name="DataSourceView_TwoMeasureGroupsSameFact" />
    </UnitTest>
    <UnitTest name="Container_Variables" storage="c:\buildagent\work\c1e1d8ccf6867220\vulcan\vulcantests\bin\anycpu\sign\vulcan.tests.dll" id="54fd0b92-8f4e-b78a-f2f2-08a74aae9e90">
      <Execution id="af43cd3c-e686-464f-8923-6c5cf47793d2" />
      <TestMethod codeBase="C:/BuildAgent/work/c1e1d8ccf6867220/Vulcan/VulcanTests/bin/AnyCPU/Sign/Vulcan.Tests.DLL" adapterTypeName="Microsoft.VisualStudio.TestTools.TestTypes.Unit.UnitTestAdapter, Microsoft.VisualStudio.QualityTools.Tips.UnitTest.Adapter, Version=10.0.0.0, Culture=neutral, PublicKeyToken=b03f5f7f11d50a3a" className="VulcanTests.Ssis2008EmitterTests.Ssis2008EmitterTaskTests, Vulcan.Tests, Version=1.0.0.0, Culture=neutral, PublicKeyToken=null" name="Container_Variables" />
    </UnitTest>
    <UnitTest name="Principal_WindowsGroup" storage="c:\buildagent\work\c1e1d8ccf6867220\vulcan\vulcantests\bin\anycpu\sign\vulcan.tests.dll" id="c72a7203-73ad-ca33-0cbc-63ace5c61baf">
      <Execution id="03e72168-c98b-4027-a94f-5b9361acc395" />
      <TestMethod codeBase="C:/BuildAgent/work/c1e1d8ccf6867220/Vulcan/VulcanTests/bin/AnyCPU/Sign/Vulcan.Tests.DLL" adapterTypeName="Microsoft.VisualStudio.TestTools.TestTypes.Unit.UnitTestAdapter, Microsoft.VisualStudio.QualityTools.Tips.UnitTest.Adapter, Version=10.0.0.0, Culture=neutral, PublicKeyToken=b03f5f7f11d50a3a" className="VulcanTests.AstLowererPrincipalTests, Vulcan.Tests, Version=1.0.0.0, Culture=neutral, PublicKeyToken=null" name="Principal_WindowsGroup" />
    </UnitTest>
    <UnitTest name="CloneTable_FullTable_Default" storage="c:\buildagent\work\c1e1d8ccf6867220\vulcan\vulcantests\bin\anycpu\sign\vulcan.tests.dll" id="5dbbe750-7e4b-8965-656e-2ad3bb0409af">
      <Execution id="1d12d5dc-7fca-4a2e-86d4-e695e38cdd4f" />
      <TestMethod codeBase="C:/BuildAgent/work/c1e1d8ccf6867220/Vulcan/VulcanTests/bin/AnyCPU/Sign/Vulcan.Tests.DLL" adapterTypeName="Microsoft.VisualStudio.TestTools.TestTypes.Unit.UnitTestAdapter, Microsoft.VisualStudio.QualityTools.Tips.UnitTest.Adapter, Version=10.0.0.0, Culture=neutral, PublicKeyToken=b03f5f7f11d50a3a" className="VulcanTests.AstLowererCloneTableTests, Vulcan.Tests, Version=1.0.0.0, Culture=neutral, PublicKeyToken=null" name="CloneTable_FullTable_Default" />
    </UnitTest>
    <UnitTest name="Etl_Transformations_SortBasic" storage="c:\buildagent\work\c1e1d8ccf6867220\vulcan\vulcantests\bin\anycpu\sign\vulcan.tests.dll" id="06bec740-3e5a-2459-0d88-f2d172ca50f1">
      <Execution id="4cba8ef8-f1ee-407f-ba8d-0407c3b01f12" />
      <TestMethod codeBase="C:/BuildAgent/work/c1e1d8ccf6867220/Vulcan/VulcanTests/bin/AnyCPU/Sign/Vulcan.Tests.DLL" adapterTypeName="Microsoft.VisualStudio.TestTools.TestTypes.Unit.UnitTestAdapter, Microsoft.VisualStudio.QualityTools.Tips.UnitTest.Adapter, Version=10.0.0.0, Culture=neutral, PublicKeyToken=b03f5f7f11d50a3a" className="VulcanTests.Ssis2008EmitterTests.Ssis2008EmitterEtlTests, Vulcan.Tests, Version=1.0.0.0, Culture=neutral, PublicKeyToken=null" name="Etl_Transformations_SortBasic" />
    </UnitTest>
    <UnitTest name="Cube_Calculations" storage="c:\buildagent\work\c1e1d8ccf6867220\vulcan\vulcantests\bin\anycpu\sign\vulcan.tests.dll" id="d401bc94-40ba-afac-53fc-8cf870a428da">
      <Execution id="c4849bb1-9062-4067-80a5-a147b130ba7b" />
      <TestMethod codeBase="C:/BuildAgent/work/c1e1d8ccf6867220/Vulcan/VulcanTests/bin/AnyCPU/Sign/Vulcan.Tests.DLL" adapterTypeName="Microsoft.VisualStudio.TestTools.TestTypes.Unit.UnitTestAdapter, Microsoft.VisualStudio.QualityTools.Tips.UnitTest.Adapter, Version=10.0.0.0, Culture=neutral, PublicKeyToken=b03f5f7f11d50a3a" className="VulcanTests.Ssas2008EmitterTests.Ssas2008EmitterCubeTests, Vulcan.Tests, Version=1.0.0.0, Culture=neutral, PublicKeyToken=null" name="Cube_Calculations" />
    </UnitTest>
    <UnitTest name="Cube_Kpi" storage="c:\buildagent\work\c1e1d8ccf6867220\vulcan\vulcantests\bin\anycpu\sign\vulcan.tests.dll" id="3c499f81-2798-1752-241f-2880a3cdf90e">
      <Execution id="a0655cd0-be09-4f23-8c9e-b76651656abc" />
      <TestMethod codeBase="C:/BuildAgent/work/c1e1d8ccf6867220/Vulcan/VulcanTests/bin/AnyCPU/Sign/Vulcan.Tests.DLL" adapterTypeName="Microsoft.VisualStudio.TestTools.TestTypes.Unit.UnitTestAdapter, Microsoft.VisualStudio.QualityTools.Tips.UnitTest.Adapter, Version=10.0.0.0, Culture=neutral, PublicKeyToken=b03f5f7f11d50a3a" className="VulcanTests.Ssas2008EmitterTests.Ssas2008EmitterCubeTests, Vulcan.Tests, Version=1.0.0.0, Culture=neutral, PublicKeyToken=null" name="Cube_Kpi" />
    </UnitTest>
    <UnitTest name="Table_StaticSourceDuplicateKeyValues" storage="c:\buildagent\work\c1e1d8ccf6867220\vulcan\vulcantests\bin\anycpu\sign\vulcan.tests.dll" id="8ddde8d1-62ee-9348-c793-5d0a6d2eb141">
      <Execution id="16baf193-bb0b-4710-9bae-95a1a335ec38" />
      <TestMethod codeBase="C:/BuildAgent/work/c1e1d8ccf6867220/Vulcan/VulcanTests/bin/AnyCPU/Sign/Vulcan.Tests.DLL" adapterTypeName="Microsoft.VisualStudio.TestTools.TestTypes.Unit.UnitTestAdapter, Microsoft.VisualStudio.QualityTools.Tips.UnitTest.Adapter, Version=10.0.0.0, Culture=neutral, PublicKeyToken=b03f5f7f11d50a3a" className="VulcanTests.AstTableNodeTests, Vulcan.Tests, Version=1.0.0.0, Culture=neutral, PublicKeyToken=null" name="Table_StaticSourceDuplicateKeyValues" />
    </UnitTest>
    <UnitTest name="CalculatedMemberAssociatedMeasureGroup" storage="c:\buildagent\work\c1e1d8ccf6867220\vulcan\vulcantests\bin\anycpu\sign\vulcan.tests.dll" id="1e307603-9cc5-6187-9fd4-c62f632f26fe">
      <Execution id="cb5ed350-0e50-4fcb-8d25-211473ac63be" />
      <TestMethod codeBase="C:/BuildAgent/work/c1e1d8ccf6867220/Vulcan/VulcanTests/bin/AnyCPU/Sign/Vulcan.Tests.DLL" adapterTypeName="Microsoft.VisualStudio.TestTools.TestTypes.Unit.UnitTestAdapter, Microsoft.VisualStudio.QualityTools.Tips.UnitTest.Adapter, Version=10.0.0.0, Culture=neutral, PublicKeyToken=b03f5f7f11d50a3a" className="VulcanTests.Ssas2008EmitterTests.Ssas2008EmitterCalculationTests, Vulcan.Tests, Version=1.0.0.0, Culture=neutral, PublicKeyToken=null" name="CalculatedMemberAssociatedMeasureGroup" />
    </UnitTest>
    <UnitTest name="Schema_BasicAndEmpty" storage="c:\buildagent\work\c1e1d8ccf6867220\vulcan\vulcantests\bin\anycpu\sign\vulcan.tests.dll" id="dd8e7ae0-e758-e846-5a93-10f70d19335a">
      <Execution id="1033220c-801c-404f-ad39-4e88cc4964f6" />
      <TestMethod codeBase="C:/BuildAgent/work/c1e1d8ccf6867220/Vulcan/VulcanTests/bin/AnyCPU/Sign/Vulcan.Tests.DLL" adapterTypeName="Microsoft.VisualStudio.TestTools.TestTypes.Unit.UnitTestAdapter, Microsoft.VisualStudio.QualityTools.Tips.UnitTest.Adapter, Version=10.0.0.0, Culture=neutral, PublicKeyToken=b03f5f7f11d50a3a" className="VulcanTests.AstLowererSchemaTests, Vulcan.Tests, Version=1.0.0.0, Culture=neutral, PublicKeyToken=null" name="Schema_BasicAndEmpty" />
    </UnitTest>
    <UnitTest name="CloneTable_BasicAndEmpty" storage="c:\buildagent\work\c1e1d8ccf6867220\vulcan\vulcantests\bin\anycpu\sign\vulcan.tests.dll" id="48a44f0b-aefa-ae73-f430-5b02d7fe47ab">
      <Execution id="fc589600-e97e-438f-ab50-4b8a77cc6bba" />
      <TestMethod codeBase="C:/BuildAgent/work/c1e1d8ccf6867220/Vulcan/VulcanTests/bin/AnyCPU/Sign/Vulcan.Tests.DLL" adapterTypeName="Microsoft.VisualStudio.TestTools.TestTypes.Unit.UnitTestAdapter, Microsoft.VisualStudio.QualityTools.Tips.UnitTest.Adapter, Version=10.0.0.0, Culture=neutral, PublicKeyToken=b03f5f7f11d50a3a" className="VulcanTests.AstLowererCloneTableTests, Vulcan.Tests, Version=1.0.0.0, Culture=neutral, PublicKeyToken=null" name="CloneTable_BasicAndEmpty" />
    </UnitTest>
    <UnitTest name="Etl_DelayValidation" storage="c:\buildagent\work\c1e1d8ccf6867220\vulcan\vulcantests\bin\anycpu\sign\vulcan.tests.dll" id="5a45f3e0-567f-242e-bd09-f554a65dd7fd">
      <Execution id="a4ca592a-3436-4895-84f2-e86a7206888c" />
      <TestMethod codeBase="C:/BuildAgent/work/c1e1d8ccf6867220/Vulcan/VulcanTests/bin/AnyCPU/Sign/Vulcan.Tests.DLL" adapterTypeName="Microsoft.VisualStudio.TestTools.TestTypes.Unit.UnitTestAdapter, Microsoft.VisualStudio.QualityTools.Tips.UnitTest.Adapter, Version=10.0.0.0, Culture=neutral, PublicKeyToken=b03f5f7f11d50a3a" className="VulcanTests.Ssis2008EmitterTests.Ssis2008EmitterEtlTests, Vulcan.Tests, Version=1.0.0.0, Culture=neutral, PublicKeyToken=null" name="Etl_DelayValidation" />
    </UnitTest>
    <UnitTest name="TestEnumerate" storage="c:\buildagent\work\c1e1d8ccf6867220\vulcan\vulcantests\bin\anycpu\sign\vulcan.tests.dll" id="b7dcdc76-44bc-f7da-aaf6-0bc400532718">
      <Execution id="84449be4-d4ef-47d3-90f2-5632b6f1cbf2" />
      <TestMethod codeBase="C:/BuildAgent/work/c1e1d8ccf6867220/Vulcan/VulcanTests/bin/AnyCPU/Sign/Vulcan.Tests.DLL" adapterTypeName="Microsoft.VisualStudio.TestTools.TestTypes.Unit.UnitTestAdapter, Microsoft.VisualStudio.QualityTools.Tips.UnitTest.Adapter, Version=10.0.0.0, Culture=neutral, PublicKeyToken=b03f5f7f11d50a3a" className="UtilityTest.TreeNodeTest, Vulcan.Tests, Version=1.0.0.0, Culture=neutral, PublicKeyToken=null" name="TestEnumerate" />
    </UnitTest>
    <UnitTest name="Cube_Aggregations" storage="c:\buildagent\work\c1e1d8ccf6867220\vulcan\vulcantests\bin\anycpu\sign\vulcan.tests.dll" id="0f4d3854-a603-b805-ce7b-41e97d4adb57">
      <Execution id="ff9bb047-3449-4a19-a646-1226f931ca87" />
      <TestMethod codeBase="C:/BuildAgent/work/c1e1d8ccf6867220/Vulcan/VulcanTests/bin/AnyCPU/Sign/Vulcan.Tests.DLL" adapterTypeName="Microsoft.VisualStudio.TestTools.TestTypes.Unit.UnitTestAdapter, Microsoft.VisualStudio.QualityTools.Tips.UnitTest.Adapter, Version=10.0.0.0, Culture=neutral, PublicKeyToken=b03f5f7f11d50a3a" className="VulcanTests.Ssas2008EmitterTests.Ssas2008EmitterPartitionTests, Vulcan.Tests, Version=1.0.0.0, Culture=neutral, PublicKeyToken=null" name="Cube_Aggregations" />
    </UnitTest>
    <UnitTest name="Etl_Transformations_OleDBCommandBasic" storage="c:\buildagent\work\c1e1d8ccf6867220\vulcan\vulcantests\bin\anycpu\sign\vulcan.tests.dll" id="88844a1b-445d-b958-dacc-49c120782127">
      <Execution id="a7392a45-ee02-4961-8bb5-71b68355a39e" />
      <TestMethod codeBase="C:/BuildAgent/work/c1e1d8ccf6867220/Vulcan/VulcanTests/bin/AnyCPU/Sign/Vulcan.Tests.DLL" adapterTypeName="Microsoft.VisualStudio.TestTools.TestTypes.Unit.UnitTestAdapter, Microsoft.VisualStudio.QualityTools.Tips.UnitTest.Adapter, Version=10.0.0.0, Culture=neutral, PublicKeyToken=b03f5f7f11d50a3a" className="VulcanTests.Ssis2008EmitterTests.Ssis2008EmitterEtlTests, Vulcan.Tests, Version=1.0.0.0, Culture=neutral, PublicKeyToken=null" name="Etl_Transformations_OleDBCommandBasic" />
    </UnitTest>
    <UnitTest name="Table_StaticSource_NoEmitMergePackage" storage="c:\buildagent\work\c1e1d8ccf6867220\vulcan\vulcantests\bin\anycpu\sign\vulcan.tests.dll" id="17790aae-7771-59e4-ebb5-a5b327afffbe">
      <Execution id="63d451b7-4db2-4cac-8d8d-430242b36d3b" />
      <TestMethod codeBase="C:/BuildAgent/work/c1e1d8ccf6867220/Vulcan/VulcanTests/bin/AnyCPU/Sign/Vulcan.Tests.DLL" adapterTypeName="Microsoft.VisualStudio.TestTools.TestTypes.Unit.UnitTestAdapter, Microsoft.VisualStudio.QualityTools.Tips.UnitTest.Adapter, Version=10.0.0.0, Culture=neutral, PublicKeyToken=b03f5f7f11d50a3a" className="VulcanTests.AstLowererTableTests, Vulcan.Tests, Version=1.0.0.0, Culture=neutral, PublicKeyToken=null" name="Table_StaticSource_NoEmitMergePackage" />
    </UnitTest>
    <UnitTest name="Package_NoEmit" storage="c:\buildagent\work\c1e1d8ccf6867220\vulcan\vulcantests\bin\anycpu\sign\vulcan.tests.dll" id="94157383-91f7-0549-5b19-c7399d37a967">
      <Execution id="49aa726b-4867-42a7-ae59-c0c75a3c4f4c" />
      <TestMethod codeBase="C:/BuildAgent/work/c1e1d8ccf6867220/Vulcan/VulcanTests/bin/AnyCPU/Sign/Vulcan.Tests.DLL" adapterTypeName="Microsoft.VisualStudio.TestTools.TestTypes.Unit.UnitTestAdapter, Microsoft.VisualStudio.QualityTools.Tips.UnitTest.Adapter, Version=10.0.0.0, Culture=neutral, PublicKeyToken=b03f5f7f11d50a3a" className="VulcanTests.AstLowererPackageTests, Vulcan.Tests, Version=1.0.0.0, Culture=neutral, PublicKeyToken=null" name="Package_NoEmit" />
    </UnitTest>
    <UnitTest name="Etl_Transformations_DestinationFastLoad" storage="c:\buildagent\work\c1e1d8ccf6867220\vulcan\vulcantests\bin\anycpu\sign\vulcan.tests.dll" id="8bd300d8-482c-9bed-7759-4ad5002a66ac">
      <Execution id="1594b198-fd57-42a3-b56a-dd8edd915196" />
      <TestMethod codeBase="C:/BuildAgent/work/c1e1d8ccf6867220/Vulcan/VulcanTests/bin/AnyCPU/Sign/Vulcan.Tests.DLL" adapterTypeName="Microsoft.VisualStudio.TestTools.TestTypes.Unit.UnitTestAdapter, Microsoft.VisualStudio.QualityTools.Tips.UnitTest.Adapter, Version=10.0.0.0, Culture=neutral, PublicKeyToken=b03f5f7f11d50a3a" className="VulcanTests.Ssis2008EmitterTests.Ssis2008EmitterEtlTests, Vulcan.Tests, Version=1.0.0.0, Culture=neutral, PublicKeyToken=null" name="Etl_Transformations_DestinationFastLoad" />
    </UnitTest>
    <UnitTest name="Package_DelayValidation" storage="c:\buildagent\work\c1e1d8ccf6867220\vulcan\vulcantests\bin\anycpu\sign\vulcan.tests.dll" id="d8ef532b-e149-a2d9-db12-3134c1176fb8">
      <Execution id="1ec807ae-78b5-461a-88e9-0d263c6af899" />
      <TestMethod codeBase="C:/BuildAgent/work/c1e1d8ccf6867220/Vulcan/VulcanTests/bin/AnyCPU/Sign/Vulcan.Tests.DLL" adapterTypeName="Microsoft.VisualStudio.TestTools.TestTypes.Unit.UnitTestAdapter, Microsoft.VisualStudio.QualityTools.Tips.UnitTest.Adapter, Version=10.0.0.0, Culture=neutral, PublicKeyToken=b03f5f7f11d50a3a" className="VulcanTests.Ssis2008EmitterTests.Ssis2008EmitterPackageTests, Vulcan.Tests, Version=1.0.0.0, Culture=neutral, PublicKeyToken=null" name="Package_DelayValidation" />
    </UnitTest>
    <UnitTest name="CloneTable_FullTable_MultipleKeys_CloneAllFalseAndAddMultipleKeys" storage="c:\buildagent\work\c1e1d8ccf6867220\vulcan\vulcantests\bin\anycpu\sign\vulcan.tests.dll" id="cfe42f3b-4a33-cabb-9ff8-474703335ca1">
      <Execution id="fc73446b-f158-4f7c-865a-1f675ab50ec1" />
      <TestMethod codeBase="C:/BuildAgent/work/c1e1d8ccf6867220/Vulcan/VulcanTests/bin/AnyCPU/Sign/Vulcan.Tests.DLL" adapterTypeName="Microsoft.VisualStudio.TestTools.TestTypes.Unit.UnitTestAdapter, Microsoft.VisualStudio.QualityTools.Tips.UnitTest.Adapter, Version=10.0.0.0, Culture=neutral, PublicKeyToken=b03f5f7f11d50a3a" className="VulcanTests.AstLowererCloneTableTests, Vulcan.Tests, Version=1.0.0.0, Culture=neutral, PublicKeyToken=null" name="CloneTable_FullTable_MultipleKeys_CloneAllFalseAndAddMultipleKeys" />
    </UnitTest>
    <UnitTest name="Etl_Transformations_QuerySourceBasic" storage="c:\buildagent\work\c1e1d8ccf6867220\vulcan\vulcantests\bin\anycpu\sign\vulcan.tests.dll" id="4b940163-cbb2-9c54-7950-abdc93f18ac5">
      <Execution id="9d1544dc-f94c-42b2-bc10-03ea79c89d0a" />
      <TestMethod codeBase="C:/BuildAgent/work/c1e1d8ccf6867220/Vulcan/VulcanTests/bin/AnyCPU/Sign/Vulcan.Tests.DLL" adapterTypeName="Microsoft.VisualStudio.TestTools.TestTypes.Unit.UnitTestAdapter, Microsoft.VisualStudio.QualityTools.Tips.UnitTest.Adapter, Version=10.0.0.0, Culture=neutral, PublicKeyToken=b03f5f7f11d50a3a" className="VulcanTests.Ssis2008EmitterTests.Ssis2008EmitterEtlTests, Vulcan.Tests, Version=1.0.0.0, Culture=neutral, PublicKeyToken=null" name="Etl_Transformations_QuerySourceBasic" />
    </UnitTest>
    <UnitTest name="CloneTable_BasicTable_PrimaryKey_AddColumnsAndPrimaryKey" storage="c:\buildagent\work\c1e1d8ccf6867220\vulcan\vulcantests\bin\anycpu\sign\vulcan.tests.dll" id="80c909dd-1d62-5a64-c407-e1753b053302">
      <Execution id="8a80a05e-4a56-464a-86e2-ceabb2cbe292" />
      <TestMethod codeBase="C:/BuildAgent/work/c1e1d8ccf6867220/Vulcan/VulcanTests/bin/AnyCPU/Sign/Vulcan.Tests.DLL" adapterTypeName="Microsoft.VisualStudio.TestTools.TestTypes.Unit.UnitTestAdapter, Microsoft.VisualStudio.QualityTools.Tips.UnitTest.Adapter, Version=10.0.0.0, Culture=neutral, PublicKeyToken=b03f5f7f11d50a3a" className="VulcanTests.AstLowererCloneTableTests, Vulcan.Tests, Version=1.0.0.0, Culture=neutral, PublicKeyToken=null" name="CloneTable_BasicTable_PrimaryKey_AddColumnsAndPrimaryKey" />
    </UnitTest>
    <UnitTest name="CloneTable_FullTable_CloneAllTrueAndAddEverything" storage="c:\buildagent\work\c1e1d8ccf6867220\vulcan\vulcantests\bin\anycpu\sign\vulcan.tests.dll" id="8cd1c51f-c952-4e72-62a8-935fa1f81048">
      <Execution id="d3aa5b12-dd4a-4cda-8246-3746f8563993" />
      <TestMethod codeBase="C:/BuildAgent/work/c1e1d8ccf6867220/Vulcan/VulcanTests/bin/AnyCPU/Sign/Vulcan.Tests.DLL" adapterTypeName="Microsoft.VisualStudio.TestTools.TestTypes.Unit.UnitTestAdapter, Microsoft.VisualStudio.QualityTools.Tips.UnitTest.Adapter, Version=10.0.0.0, Culture=neutral, PublicKeyToken=b03f5f7f11d50a3a" className="VulcanTests.AstLowererCloneTableTests, Vulcan.Tests, Version=1.0.0.0, Culture=neutral, PublicKeyToken=null" name="CloneTable_FullTable_CloneAllTrueAndAddEverything" />
    </UnitTest>
    <UnitTest name="Table_StaticSourceValidation" storage="c:\buildagent\work\c1e1d8ccf6867220\vulcan\vulcantests\bin\anycpu\sign\vulcan.tests.dll" id="cdda292a-f991-f7b6-9404-61cd09b58dde">
      <Execution id="15042835-6480-44b6-8190-ffb72bb5c15c" />
      <TestMethod codeBase="C:/BuildAgent/work/c1e1d8ccf6867220/Vulcan/VulcanTests/bin/AnyCPU/Sign/Vulcan.Tests.DLL" adapterTypeName="Microsoft.VisualStudio.TestTools.TestTypes.Unit.UnitTestAdapter, Microsoft.VisualStudio.QualityTools.Tips.UnitTest.Adapter, Version=10.0.0.0, Culture=neutral, PublicKeyToken=b03f5f7f11d50a3a" className="VulcanTests.AstTableNodeTests, Vulcan.Tests, Version=1.0.0.0, Culture=neutral, PublicKeyToken=null" name="Table_StaticSourceValidation" />
    </UnitTest>
    <UnitTest name="Etl_Transformations_DerivedColumnBasic" storage="c:\buildagent\work\c1e1d8ccf6867220\vulcan\vulcantests\bin\anycpu\sign\vulcan.tests.dll" id="d3a24021-991f-3b2a-90d4-d6a171dd3009">
      <Execution id="4ce3cd8e-b85d-4e5d-a4bc-0308f7dfeea8" />
      <TestMethod codeBase="C:/BuildAgent/work/c1e1d8ccf6867220/Vulcan/VulcanTests/bin/AnyCPU/Sign/Vulcan.Tests.DLL" adapterTypeName="Microsoft.VisualStudio.TestTools.TestTypes.Unit.UnitTestAdapter, Microsoft.VisualStudio.QualityTools.Tips.UnitTest.Adapter, Version=10.0.0.0, Culture=neutral, PublicKeyToken=b03f5f7f11d50a3a" className="VulcanTests.Ssis2008EmitterTests.Ssis2008EmitterEtlTests, Vulcan.Tests, Version=1.0.0.0, Culture=neutral, PublicKeyToken=null" name="Etl_Transformations_DerivedColumnBasic" />
    </UnitTest>
    <UnitTest name="Container_ConstraintModeLinear" storage="c:\buildagent\work\c1e1d8ccf6867220\vulcan\vulcantests\bin\anycpu\sign\vulcan.tests.dll" id="da80210e-ee97-1636-5924-f8558de8d6db">
      <Execution id="d1512f1d-f278-4f40-8423-a711f58f951a" />
      <TestMethod codeBase="C:/BuildAgent/work/c1e1d8ccf6867220/Vulcan/VulcanTests/bin/AnyCPU/Sign/Vulcan.Tests.DLL" adapterTypeName="Microsoft.VisualStudio.TestTools.TestTypes.Unit.UnitTestAdapter, Microsoft.VisualStudio.QualityTools.Tips.UnitTest.Adapter, Version=10.0.0.0, Culture=neutral, PublicKeyToken=b03f5f7f11d50a3a" className="VulcanTests.Ssis2008EmitterTests.Ssis2008EmitterTaskTests, Vulcan.Tests, Version=1.0.0.0, Culture=neutral, PublicKeyToken=null" name="Container_ConstraintModeLinear" />
    </UnitTest>
    <UnitTest name="Merge_WithEvent" storage="c:\buildagent\work\c1e1d8ccf6867220\vulcan\vulcantests\bin\anycpu\sign\vulcan.tests.dll" id="1be47856-2711-72e7-2877-d20464c10aed">
      <Execution id="8c549943-06da-4ccb-b44f-d66f45c4d6b8" />
      <TestMethod codeBase="C:/BuildAgent/work/c1e1d8ccf6867220/Vulcan/VulcanTests/bin/AnyCPU/Sign/Vulcan.Tests.DLL" adapterTypeName="Microsoft.VisualStudio.TestTools.TestTypes.Unit.UnitTestAdapter, Microsoft.VisualStudio.QualityTools.Tips.UnitTest.Adapter, Version=10.0.0.0, Culture=neutral, PublicKeyToken=b03f5f7f11d50a3a" className="VulcanTests.AstLowererPackageTests, Vulcan.Tests, Version=1.0.0.0, Culture=neutral, PublicKeyToken=null" name="Merge_WithEvent" />
    </UnitTest>
    <UnitTest name="StoredProcedure_ParametersDefault" storage="c:\buildagent\work\c1e1d8ccf6867220\vulcan\vulcantests\bin\anycpu\sign\vulcan.tests.dll" id="f4a85836-8c32-fb28-ffcb-6401d7e9b590">
      <Execution id="b0580483-7725-4598-8448-ce3742f1537c" />
      <TestMethod codeBase="C:/BuildAgent/work/c1e1d8ccf6867220/Vulcan/VulcanTests/bin/AnyCPU/Sign/Vulcan.Tests.DLL" adapterTypeName="Microsoft.VisualStudio.TestTools.TestTypes.Unit.UnitTestAdapter, Microsoft.VisualStudio.QualityTools.Tips.UnitTest.Adapter, Version=10.0.0.0, Culture=neutral, PublicKeyToken=b03f5f7f11d50a3a" className="VulcanTests.AstLowererPackageTests, Vulcan.Tests, Version=1.0.0.0, Culture=neutral, PublicKeyToken=null" name="StoredProcedure_ParametersDefault" />
    </UnitTest>
    <UnitTest name="Table_PermissionBasic" storage="c:\buildagent\work\c1e1d8ccf6867220\vulcan\vulcantests\bin\anycpu\sign\vulcan.tests.dll" id="9a36e55a-a835-253e-6063-dacda3b7f055">
      <Execution id="326dcd8c-5fa8-494a-858f-5cff4b96ad8f" />
      <TestMethod codeBase="C:/BuildAgent/work/c1e1d8ccf6867220/Vulcan/VulcanTests/bin/AnyCPU/Sign/Vulcan.Tests.DLL" adapterTypeName="Microsoft.VisualStudio.TestTools.TestTypes.Unit.UnitTestAdapter, Microsoft.VisualStudio.QualityTools.Tips.UnitTest.Adapter, Version=10.0.0.0, Culture=neutral, PublicKeyToken=b03f5f7f11d50a3a" className="VulcanTests.AstLowererTableTests, Vulcan.Tests, Version=1.0.0.0, Culture=neutral, PublicKeyToken=null" name="Table_PermissionBasic" />
    </UnitTest>
    <UnitTest name="Dimension_RecursiveRelationship" storage="c:\buildagent\work\c1e1d8ccf6867220\vulcan\vulcantests\bin\anycpu\sign\vulcan.tests.dll" id="876dfb0f-dd35-891f-0f72-e9b557c2bf74">
      <Execution id="d724cb16-de48-40bf-8f68-1b194c2401f9" />
      <TestMethod codeBase="C:/BuildAgent/work/c1e1d8ccf6867220/Vulcan/VulcanTests/bin/AnyCPU/Sign/Vulcan.Tests.DLL" adapterTypeName="Microsoft.VisualStudio.TestTools.TestTypes.Unit.UnitTestAdapter, Microsoft.VisualStudio.QualityTools.Tips.UnitTest.Adapter, Version=10.0.0.0, Culture=neutral, PublicKeyToken=b03f5f7f11d50a3a" className="VulcanTests.AstDimensionNodeTests, Vulcan.Tests, Version=1.0.0.0, Culture=neutral, PublicKeyToken=null" name="Dimension_RecursiveRelationship" />
    </UnitTest>
    <UnitTest name="Attribute_NameWithSpace" storage="c:\buildagent\work\c1e1d8ccf6867220\vulcan\vulcantests\bin\anycpu\sign\vulcan.tests.dll" id="5def7753-7590-4434-c690-bc32c812a2cf">
      <Execution id="2d3fe7fc-6321-47d6-97b8-3270870b8661" />
      <TestMethod codeBase="C:/BuildAgent/work/c1e1d8ccf6867220/Vulcan/VulcanTests/bin/AnyCPU/Sign/Vulcan.Tests.DLL" adapterTypeName="Microsoft.VisualStudio.TestTools.TestTypes.Unit.UnitTestAdapter, Microsoft.VisualStudio.QualityTools.Tips.UnitTest.Adapter, Version=10.0.0.0, Culture=neutral, PublicKeyToken=b03f5f7f11d50a3a" className="VulcanTests.AstDimensionNodeTests, Vulcan.Tests, Version=1.0.0.0, Culture=neutral, PublicKeyToken=null" name="Attribute_NameWithSpace" />
    </UnitTest>
    <UnitTest name="AnalysisServicesProcessing_Basic" storage="c:\buildagent\work\c1e1d8ccf6867220\vulcan\vulcantests\bin\anycpu\sign\vulcan.tests.dll" id="e94e49a3-a3fe-53d0-8792-3d79817baf1b">
      <Execution id="2cff9660-20db-452a-9318-5db814d605c3" />
      <TestMethod codeBase="C:/BuildAgent/work/c1e1d8ccf6867220/Vulcan/VulcanTests/bin/AnyCPU/Sign/Vulcan.Tests.DLL" adapterTypeName="Microsoft.VisualStudio.TestTools.TestTypes.Unit.UnitTestAdapter, Microsoft.VisualStudio.QualityTools.Tips.UnitTest.Adapter, Version=10.0.0.0, Culture=neutral, PublicKeyToken=b03f5f7f11d50a3a" className="VulcanTests.SsisEmitterTests.SsisEmitterTaskTests, Vulcan.Tests, Version=1.0.0.0, Culture=neutral, PublicKeyToken=null" name="AnalysisServicesProcessing_Basic" />
    </UnitTest>
    <UnitTest name="Cube_Measures" storage="c:\buildagent\work\c1e1d8ccf6867220\vulcan\vulcantests\bin\anycpu\sign\vulcan.tests.dll" id="87cfb13c-90e8-bbed-52ea-aeea27046685">
      <Execution id="43dced05-c7a4-47cc-9645-13f59fbe308b" />
      <TestMethod codeBase="C:/BuildAgent/work/c1e1d8ccf6867220/Vulcan/VulcanTests/bin/AnyCPU/Sign/Vulcan.Tests.DLL" adapterTypeName="Microsoft.VisualStudio.TestTools.TestTypes.Unit.UnitTestAdapter, Microsoft.VisualStudio.QualityTools.Tips.UnitTest.Adapter, Version=10.0.0.0, Culture=neutral, PublicKeyToken=b03f5f7f11d50a3a" className="VulcanTests.Ssas2008EmitterTests.Ssas2008EmitterCubeTests, Vulcan.Tests, Version=1.0.0.0, Culture=neutral, PublicKeyToken=null" name="Cube_Measures" />
    </UnitTest>
    <UnitTest name="ExecuteSql_Basic" storage="c:\buildagent\work\c1e1d8ccf6867220\vulcan\vulcantests\bin\anycpu\sign\vulcan.tests.dll" id="43b70eff-bd72-be3d-02f6-1c8ce836014f">
      <Execution id="7042d7c7-3997-4d46-b5dc-0ce4956dca62" />
      <TestMethod codeBase="C:/BuildAgent/work/c1e1d8ccf6867220/Vulcan/VulcanTests/bin/AnyCPU/Sign/Vulcan.Tests.DLL" adapterTypeName="Microsoft.VisualStudio.TestTools.TestTypes.Unit.UnitTestAdapter, Microsoft.VisualStudio.QualityTools.Tips.UnitTest.Adapter, Version=10.0.0.0, Culture=neutral, PublicKeyToken=b03f5f7f11d50a3a" className="VulcanTests.Ssis2008EmitterTests.Ssis2008EmitterTaskTests, Vulcan.Tests, Version=1.0.0.0, Culture=neutral, PublicKeyToken=null" name="ExecuteSql_Basic" />
    </UnitTest>
    <UnitTest name="Container_TransactionModeRequiredTransaction" storage="c:\buildagent\work\c1e1d8ccf6867220\vulcan\vulcantests\bin\anycpu\sign\vulcan.tests.dll" id="133231f0-00b3-5b41-070f-6bec58b9740c">
      <Execution id="e819293b-d204-4388-91bb-e8d9ad29709f" />
      <TestMethod codeBase="C:/BuildAgent/work/c1e1d8ccf6867220/Vulcan/VulcanTests/bin/AnyCPU/Sign/Vulcan.Tests.DLL" adapterTypeName="Microsoft.VisualStudio.TestTools.TestTypes.Unit.UnitTestAdapter, Microsoft.VisualStudio.QualityTools.Tips.UnitTest.Adapter, Version=10.0.0.0, Culture=neutral, PublicKeyToken=b03f5f7f11d50a3a" className="VulcanTests.Ssis2008EmitterTests.Ssis2008EmitterTaskTests, Vulcan.Tests, Version=1.0.0.0, Culture=neutral, PublicKeyToken=null" name="Container_TransactionModeRequiredTransaction" />
    </UnitTest>
    <UnitTest name="Cube_ProactiveCachingTableNotificationClient" storage="c:\buildagent\work\c1e1d8ccf6867220\vulcan\vulcantests\bin\anycpu\sign\vulcan.tests.dll" id="3d6e1b40-bcf5-4683-b84a-300b3c51c70b">
      <Execution id="df368396-3b8c-49bd-b549-9051179c07ee" />
      <TestMethod codeBase="C:/BuildAgent/work/c1e1d8ccf6867220/Vulcan/VulcanTests/bin/AnyCPU/Sign/Vulcan.Tests.DLL" adapterTypeName="Microsoft.VisualStudio.TestTools.TestTypes.Unit.UnitTestAdapter, Microsoft.VisualStudio.QualityTools.Tips.UnitTest.Adapter, Version=10.0.0.0, Culture=neutral, PublicKeyToken=b03f5f7f11d50a3a" className="VulcanTests.Ssas2008EmitterTests.Ssas2008EmitterPartitionTests, Vulcan.Tests, Version=1.0.0.0, Culture=neutral, PublicKeyToken=null" name="Cube_ProactiveCachingTableNotificationClient" />
    </UnitTest>
    <UnitTest name="Package_OleDBConnectionManager" storage="c:\buildagent\work\c1e1d8ccf6867220\vulcan\vulcantests\bin\anycpu\sign\vulcan.tests.dll" id="5ac0a621-1e37-a1d8-93ee-8ed8d9740be8">
      <Execution id="7e832536-545c-43f1-bdd3-42c3dbae7bd9" />
      <TestMethod codeBase="C:/BuildAgent/work/c1e1d8ccf6867220/Vulcan/VulcanTests/bin/AnyCPU/Sign/Vulcan.Tests.DLL" adapterTypeName="Microsoft.VisualStudio.TestTools.TestTypes.Unit.UnitTestAdapter, Microsoft.VisualStudio.QualityTools.Tips.UnitTest.Adapter, Version=10.0.0.0, Culture=neutral, PublicKeyToken=b03f5f7f11d50a3a" className="VulcanTests.SsisEmitterTests.SsisEmitterPackageTests, Vulcan.Tests, Version=1.0.0.0, Culture=neutral, PublicKeyToken=null" name="Package_OleDBConnectionManager" />
    </UnitTest>
    <UnitTest name="Container_ConstraintModeParallel" storage="c:\buildagent\work\c1e1d8ccf6867220\vulcan\vulcantests\bin\anycpu\sign\vulcan.tests.dll" id="cd8953ec-6e0d-63f8-2b8b-57dfae93748b">
      <Execution id="278dc507-3f94-4893-9d98-30e2fcb3e93e" />
      <TestMethod codeBase="C:/BuildAgent/work/c1e1d8ccf6867220/Vulcan/VulcanTests/bin/AnyCPU/Sign/Vulcan.Tests.DLL" adapterTypeName="Microsoft.VisualStudio.TestTools.TestTypes.Unit.UnitTestAdapter, Microsoft.VisualStudio.QualityTools.Tips.UnitTest.Adapter, Version=10.0.0.0, Culture=neutral, PublicKeyToken=b03f5f7f11d50a3a" className="VulcanTests.Ssis2008EmitterTests.Ssis2008EmitterTaskTests, Vulcan.Tests, Version=1.0.0.0, Culture=neutral, PublicKeyToken=null" name="Container_ConstraintModeParallel" />
    </UnitTest>
    <UnitTest name="Table_CustomExtensions" storage="c:\buildagent\work\c1e1d8ccf6867220\vulcan\vulcantests\bin\anycpu\sign\vulcan.tests.dll" id="730b45b9-5c6b-baea-1b72-e1e4b0e2c060">
      <Execution id="827af01b-a876-48fd-ab66-1a0171870515" />
      <TestMethod codeBase="C:/BuildAgent/work/c1e1d8ccf6867220/Vulcan/VulcanTests/bin/AnyCPU/Sign/Vulcan.Tests.DLL" adapterTypeName="Microsoft.VisualStudio.TestTools.TestTypes.Unit.UnitTestAdapter, Microsoft.VisualStudio.QualityTools.Tips.UnitTest.Adapter, Version=10.0.0.0, Culture=neutral, PublicKeyToken=b03f5f7f11d50a3a" className="VulcanTests.AstLowererTableTests, Vulcan.Tests, Version=1.0.0.0, Culture=neutral, PublicKeyToken=null" name="Table_CustomExtensions" />
    </UnitTest>
    <UnitTest name="Cube_ProactiveCachingTableNotificationServer" storage="c:\buildagent\work\c1e1d8ccf6867220\vulcan\vulcantests\bin\anycpu\sign\vulcan.tests.dll" id="915d04ef-5c1a-d1d9-e72f-7a21f08bc7ba">
      <Execution id="9330bc1b-0450-4718-b8f4-bf8db7ec5c7c" />
      <TestMethod codeBase="C:/BuildAgent/work/c1e1d8ccf6867220/Vulcan/VulcanTests/bin/AnyCPU/Sign/Vulcan.Tests.DLL" adapterTypeName="Microsoft.VisualStudio.TestTools.TestTypes.Unit.UnitTestAdapter, Microsoft.VisualStudio.QualityTools.Tips.UnitTest.Adapter, Version=10.0.0.0, Culture=neutral, PublicKeyToken=b03f5f7f11d50a3a" className="VulcanTests.Ssas2008EmitterTests.Ssas2008EmitterPartitionTests, Vulcan.Tests, Version=1.0.0.0, Culture=neutral, PublicKeyToken=null" name="Cube_ProactiveCachingTableNotificationServer" />
    </UnitTest>
    <UnitTest name="Package_Configurations_AutoCreateSql" storage="c:\buildagent\work\c1e1d8ccf6867220\vulcan\vulcantests\bin\anycpu\sign\vulcan.tests.dll" id="c079bd56-dee5-cc85-df2b-2638426aa9bd">
      <Execution id="8c4c06db-9aae-410f-97eb-d59a8ee6ecc9" />
      <TestMethod codeBase="C:/BuildAgent/work/c1e1d8ccf6867220/Vulcan/VulcanTests/bin/AnyCPU/Sign/Vulcan.Tests.DLL" adapterTypeName="Microsoft.VisualStudio.TestTools.TestTypes.Unit.UnitTestAdapter, Microsoft.VisualStudio.QualityTools.Tips.UnitTest.Adapter, Version=10.0.0.0, Culture=neutral, PublicKeyToken=b03f5f7f11d50a3a" className="VulcanTests.SsisEmitterTests.SsisEmitterPackageTests, Vulcan.Tests, Version=1.0.0.0, Culture=neutral, PublicKeyToken=null" name="Package_Configurations_AutoCreateSql" />
    </UnitTest>
    <UnitTest name="Table_Column_PermissionBasic" storage="c:\buildagent\work\c1e1d8ccf6867220\vulcan\vulcantests\bin\anycpu\sign\vulcan.tests.dll" id="b41b8ea5-01e0-b4b1-a895-bc9877bcb53f">
      <Execution id="50ed0f52-d3a8-4c8d-a066-deb78f7f7187" />
      <TestMethod codeBase="C:/BuildAgent/work/c1e1d8ccf6867220/Vulcan/VulcanTests/bin/AnyCPU/Sign/Vulcan.Tests.DLL" adapterTypeName="Microsoft.VisualStudio.TestTools.TestTypes.Unit.UnitTestAdapter, Microsoft.VisualStudio.QualityTools.Tips.UnitTest.Adapter, Version=10.0.0.0, Culture=neutral, PublicKeyToken=b03f5f7f11d50a3a" className="VulcanTests.AstLowererTableTests, Vulcan.Tests, Version=1.0.0.0, Culture=neutral, PublicKeyToken=null" name="Table_Column_PermissionBasic" />
    </UnitTest>
    <UnitTest name="CloneTable_BasicTable_IdentityKey_AddColumnsAndIdentityKey" storage="c:\buildagent\work\c1e1d8ccf6867220\vulcan\vulcantests\bin\anycpu\sign\vulcan.tests.dll" id="87307261-dd35-f781-191d-8a39af1406d6">
      <Execution id="ccf0a90e-64cd-4036-86e8-0f0527f2d5b9" />
      <TestMethod codeBase="C:/BuildAgent/work/c1e1d8ccf6867220/Vulcan/VulcanTests/bin/AnyCPU/Sign/Vulcan.Tests.DLL" adapterTypeName="Microsoft.VisualStudio.TestTools.TestTypes.Unit.UnitTestAdapter, Microsoft.VisualStudio.QualityTools.Tips.UnitTest.Adapter, Version=10.0.0.0, Culture=neutral, PublicKeyToken=b03f5f7f11d50a3a" className="VulcanTests.AstLowererCloneTableTests, Vulcan.Tests, Version=1.0.0.0, Culture=neutral, PublicKeyToken=null" name="CloneTable_BasicTable_IdentityKey_AddColumnsAndIdentityKey" />
    </UnitTest>
    <UnitTest name="CloneTable_BasicTable_Indexes_AddIndexes" storage="c:\buildagent\work\c1e1d8ccf6867220\vulcan\vulcantests\bin\anycpu\sign\vulcan.tests.dll" id="da3e5ecc-f7ea-f0c6-7b5b-6ece22768e57">
      <Execution id="cd389ece-7f63-47ac-88d0-ba7d772f02c6" />
      <TestMethod codeBase="C:/BuildAgent/work/c1e1d8ccf6867220/Vulcan/VulcanTests/bin/AnyCPU/Sign/Vulcan.Tests.DLL" adapterTypeName="Microsoft.VisualStudio.TestTools.TestTypes.Unit.UnitTestAdapter, Microsoft.VisualStudio.QualityTools.Tips.UnitTest.Adapter, Version=10.0.0.0, Culture=neutral, PublicKeyToken=b03f5f7f11d50a3a" className="VulcanTests.AstLowererCloneTableTests, Vulcan.Tests, Version=1.0.0.0, Culture=neutral, PublicKeyToken=null" name="CloneTable_BasicTable_Indexes_AddIndexes" />
    </UnitTest>
    <UnitTest name="CloneTable_FullTable_CloneAllFalseAndAddEverything" storage="c:\buildagent\work\c1e1d8ccf6867220\vulcan\vulcantests\bin\anycpu\sign\vulcan.tests.dll" id="61beb98f-b897-c33e-a8ea-3c00c3a291ca">
      <Execution id="dfea1077-09b2-46a0-b128-902c8d370c5d" />
      <TestMethod codeBase="C:/BuildAgent/work/c1e1d8ccf6867220/Vulcan/VulcanTests/bin/AnyCPU/Sign/Vulcan.Tests.DLL" adapterTypeName="Microsoft.VisualStudio.TestTools.TestTypes.Unit.UnitTestAdapter, Microsoft.VisualStudio.QualityTools.Tips.UnitTest.Adapter, Version=10.0.0.0, Culture=neutral, PublicKeyToken=b03f5f7f11d50a3a" className="VulcanTests.AstLowererCloneTableTests, Vulcan.Tests, Version=1.0.0.0, Culture=neutral, PublicKeyToken=null" name="CloneTable_FullTable_CloneAllFalseAndAddEverything" />
    </UnitTest>
    <UnitTest name="Table_StaticSourceValues" storage="c:\buildagent\work\c1e1d8ccf6867220\vulcan\vulcantests\bin\anycpu\sign\vulcan.tests.dll" id="6d07095c-1369-a08f-3fef-978a01e50c05">
      <Execution id="608026d5-519d-40e8-a898-d234355aaeb6" />
      <TestMethod codeBase="C:/BuildAgent/work/c1e1d8ccf6867220/Vulcan/VulcanTests/bin/AnyCPU/Sign/Vulcan.Tests.DLL" adapterTypeName="Microsoft.VisualStudio.TestTools.TestTypes.Unit.UnitTestAdapter, Microsoft.VisualStudio.QualityTools.Tips.UnitTest.Adapter, Version=10.0.0.0, Culture=neutral, PublicKeyToken=b03f5f7f11d50a3a" className="VulcanTests.AstTableNodeTests, Vulcan.Tests, Version=1.0.0.0, Culture=neutral, PublicKeyToken=null" name="Table_StaticSourceValues" />
    </UnitTest>
    <UnitTest name="Table_BasicAndEmpty" storage="c:\buildagent\work\c1e1d8ccf6867220\vulcan\vulcantests\bin\anycpu\sign\vulcan.tests.dll" id="924b790b-c7ac-9a05-ed3e-9b44af5df45a">
      <Execution id="ff09bd20-ea58-4fc0-a9c2-e2fbe4ecd44d" />
      <TestMethod codeBase="C:/BuildAgent/work/c1e1d8ccf6867220/Vulcan/VulcanTests/bin/AnyCPU/Sign/Vulcan.Tests.DLL" adapterTypeName="Microsoft.VisualStudio.TestTools.TestTypes.Unit.UnitTestAdapter, Microsoft.VisualStudio.QualityTools.Tips.UnitTest.Adapter, Version=10.0.0.0, Culture=neutral, PublicKeyToken=b03f5f7f11d50a3a" className="VulcanTests.AstLowererTableTests, Vulcan.Tests, Version=1.0.0.0, Culture=neutral, PublicKeyToken=null" name="Table_BasicAndEmpty" />
    </UnitTest>
    <UnitTest name="Package_Events" storage="c:\buildagent\work\c1e1d8ccf6867220\vulcan\vulcantests\bin\anycpu\sign\vulcan.tests.dll" id="96ca07e7-84a0-be37-9f51-81ca9d8fea94">
      <Execution id="b9ea6e2f-f9b8-4a75-b77d-ee9fca2787cc" />
      <TestMethod codeBase="C:/BuildAgent/work/c1e1d8ccf6867220/Vulcan/VulcanTests/bin/AnyCPU/Sign/Vulcan.Tests.DLL" adapterTypeName="Microsoft.VisualStudio.TestTools.TestTypes.Unit.UnitTestAdapter, Microsoft.VisualStudio.QualityTools.Tips.UnitTest.Adapter, Version=10.0.0.0, Culture=neutral, PublicKeyToken=b03f5f7f11d50a3a" className="VulcanTests.SsisEmitterTests.SsisEmitterPackageTests, Vulcan.Tests, Version=1.0.0.0, Culture=neutral, PublicKeyToken=null" name="Package_Events" />
    </UnitTest>
    <UnitTest name="Etl_Transformations_LookupBasic" storage="c:\buildagent\work\c1e1d8ccf6867220\vulcan\vulcantests\bin\anycpu\sign\vulcan.tests.dll" id="d0ff9554-35c4-a8d1-ef86-6af57fe6d2c8">
      <Execution id="f6739b9e-32c2-43b3-bb49-e05df737fcc5" />
      <TestMethod codeBase="C:/BuildAgent/work/c1e1d8ccf6867220/Vulcan/VulcanTests/bin/AnyCPU/Sign/Vulcan.Tests.DLL" adapterTypeName="Microsoft.VisualStudio.TestTools.TestTypes.Unit.UnitTestAdapter, Microsoft.VisualStudio.QualityTools.Tips.UnitTest.Adapter, Version=10.0.0.0, Culture=neutral, PublicKeyToken=b03f5f7f11d50a3a" className="VulcanTests.Ssis2008EmitterTests.Ssis2008EmitterEtlTests, Vulcan.Tests, Version=1.0.0.0, Culture=neutral, PublicKeyToken=null" name="Etl_Transformations_LookupBasic" />
    </UnitTest>
    <UnitTest name="TestRemoveWithParentNullMethodology" storage="c:\buildagent\work\c1e1d8ccf6867220\vulcan\vulcantests\bin\anycpu\sign\vulcan.tests.dll" id="2512de25-33ec-f422-9f7d-ee6a984b4b1b">
      <Execution id="88ca94b2-5144-42a6-bb1e-7b3fe01aa16d" />
      <TestMethod codeBase="C:/BuildAgent/work/c1e1d8ccf6867220/Vulcan/VulcanTests/bin/AnyCPU/Sign/Vulcan.Tests.DLL" adapterTypeName="Microsoft.VisualStudio.TestTools.TestTypes.Unit.UnitTestAdapter, Microsoft.VisualStudio.QualityTools.Tips.UnitTest.Adapter, Version=10.0.0.0, Culture=neutral, PublicKeyToken=b03f5f7f11d50a3a" className="UtilityTest.TreeNodeTest, Vulcan.Tests, Version=1.0.0.0, Culture=neutral, PublicKeyToken=null" name="TestRemoveWithParentNullMethodology" />
    </UnitTest>
    <UnitTest name="Taskflow_TaskflowReverseTopologicalSort" storage="c:\buildagent\work\c1e1d8ccf6867220\vulcan\vulcantests\bin\anycpu\sign\vulcan.tests.dll" id="afe3956b-989b-0e70-b524-8431525c6b1d">
      <Execution id="b0f02a75-b8dc-496f-a2a0-c1e9dd1be8c6" />
      <TestMethod codeBase="C:/BuildAgent/work/c1e1d8ccf6867220/Vulcan/VulcanTests/bin/AnyCPU/Sign/Vulcan.Tests.DLL" adapterTypeName="Microsoft.VisualStudio.TestTools.TestTypes.Unit.UnitTestAdapter, Microsoft.VisualStudio.QualityTools.Tips.UnitTest.Adapter, Version=10.0.0.0, Culture=neutral, PublicKeyToken=b03f5f7f11d50a3a" className="VulcanTests.Ssis2008EmitterTests.Ssis2008EmitterTaskTests, Vulcan.Tests, Version=1.0.0.0, Culture=neutral, PublicKeyToken=null" name="Taskflow_TaskflowReverseTopologicalSort" />
    </UnitTest>
    <UnitTest name="AnalysisServicesExecuteDdl_Variable" storage="c:\buildagent\work\c1e1d8ccf6867220\vulcan\vulcantests\bin\anycpu\sign\vulcan.tests.dll" id="2ed5e0b5-aa07-4109-f915-84b809da777c">
      <Execution id="bbfb0419-0e6b-49c4-a690-578662c6f08f" />
      <TestMethod codeBase="C:/BuildAgent/work/c1e1d8ccf6867220/Vulcan/VulcanTests/bin/AnyCPU/Sign/Vulcan.Tests.DLL" adapterTypeName="Microsoft.VisualStudio.TestTools.TestTypes.Unit.UnitTestAdapter, Microsoft.VisualStudio.QualityTools.Tips.UnitTest.Adapter, Version=10.0.0.0, Culture=neutral, PublicKeyToken=b03f5f7f11d50a3a" className="VulcanTests.SsisEmitterTests.SsisEmitterTaskTests, Vulcan.Tests, Version=1.0.0.0, Culture=neutral, PublicKeyToken=null" name="AnalysisServicesExecuteDdl_Variable" />
    </UnitTest>
    <UnitTest name="Etl_Basic" storage="c:\buildagent\work\c1e1d8ccf6867220\vulcan\vulcantests\bin\anycpu\sign\vulcan.tests.dll" id="6aec4afd-f1f3-4c31-976e-a71daf411788">
      <Execution id="8062b96c-5008-4ada-93e2-fe4b53fe9fb8" />
      <TestMethod codeBase="C:/BuildAgent/work/c1e1d8ccf6867220/Vulcan/VulcanTests/bin/AnyCPU/Sign/Vulcan.Tests.DLL" adapterTypeName="Microsoft.VisualStudio.TestTools.TestTypes.Unit.UnitTestAdapter, Microsoft.VisualStudio.QualityTools.Tips.UnitTest.Adapter, Version=10.0.0.0, Culture=neutral, PublicKeyToken=b03f5f7f11d50a3a" className="VulcanTests.Ssis2008EmitterTests.Ssis2008EmitterEtlTests, Vulcan.Tests, Version=1.0.0.0, Culture=neutral, PublicKeyToken=null" name="Etl_Basic" />
    </UnitTest>
    <UnitTest name="CloneTable_BasicTable_MultipleKeys_AddColumnsAndMultipleKeys" storage="c:\buildagent\work\c1e1d8ccf6867220\vulcan\vulcantests\bin\anycpu\sign\vulcan.tests.dll" id="490348b4-832d-841e-4d87-33178f2c4291">
      <Execution id="64ede0b1-3796-4298-b8ba-900e6bf29310" />
      <TestMethod codeBase="C:/BuildAgent/work/c1e1d8ccf6867220/Vulcan/VulcanTests/bin/AnyCPU/Sign/Vulcan.Tests.DLL" adapterTypeName="Microsoft.VisualStudio.TestTools.TestTypes.Unit.UnitTestAdapter, Microsoft.VisualStudio.QualityTools.Tips.UnitTest.Adapter, Version=10.0.0.0, Culture=neutral, PublicKeyToken=b03f5f7f11d50a3a" className="VulcanTests.AstLowererCloneTableTests, Vulcan.Tests, Version=1.0.0.0, Culture=neutral, PublicKeyToken=null" name="CloneTable_BasicTable_MultipleKeys_AddColumnsAndMultipleKeys" />
    </UnitTest>
    <UnitTest name="TestAdd" storage="c:\buildagent\work\c1e1d8ccf6867220\vulcan\vulcantests\bin\anycpu\sign\vulcan.tests.dll" id="9d82caa3-2688-30e5-555f-9721f9e3e18e">
      <Execution id="a0395767-ce9e-4e96-92c8-022bfee3bd8f" />
      <TestMethod codeBase="C:/BuildAgent/work/c1e1d8ccf6867220/Vulcan/VulcanTests/bin/AnyCPU/Sign/Vulcan.Tests.DLL" adapterTypeName="Microsoft.VisualStudio.TestTools.TestTypes.Unit.UnitTestAdapter, Microsoft.VisualStudio.QualityTools.Tips.UnitTest.Adapter, Version=10.0.0.0, Culture=neutral, PublicKeyToken=b03f5f7f11d50a3a" className="UtilityTest.TreeNodeTest, Vulcan.Tests, Version=1.0.0.0, Culture=neutral, PublicKeyToken=null" name="TestAdd" />
    </UnitTest>
    <UnitTest name="Dimension_Translation" storage="c:\buildagent\work\c1e1d8ccf6867220\vulcan\vulcantests\bin\anycpu\sign\vulcan.tests.dll" id="1374a703-4567-74ae-1b14-e9d61384a5da">
      <Execution id="2aee5c59-2906-411d-8477-49b7ea23a769" />
      <TestMethod codeBase="C:/BuildAgent/work/c1e1d8ccf6867220/Vulcan/VulcanTests/bin/AnyCPU/Sign/Vulcan.Tests.DLL" adapterTypeName="Microsoft.VisualStudio.TestTools.TestTypes.Unit.UnitTestAdapter, Microsoft.VisualStudio.QualityTools.Tips.UnitTest.Adapter, Version=10.0.0.0, Culture=neutral, PublicKeyToken=b03f5f7f11d50a3a" className="VulcanTests.Ssas2008EmitterTests.Ssas2008EmitterDimensionTests, Vulcan.Tests, Version=1.0.0.0, Culture=neutral, PublicKeyToken=null" name="Dimension_Translation" />
    </UnitTest>
    <UnitTest name="Container_Events" storage="c:\buildagent\work\c1e1d8ccf6867220\vulcan\vulcantests\bin\anycpu\sign\vulcan.tests.dll" id="a62c1c77-bc05-ad90-ced5-81c8d40da85d">
      <Execution id="336fe4e5-accd-46c3-a5d1-13d80ce1ca56" />
      <TestMethod codeBase="C:/BuildAgent/work/c1e1d8ccf6867220/Vulcan/VulcanTests/bin/AnyCPU/Sign/Vulcan.Tests.DLL" adapterTypeName="Microsoft.VisualStudio.TestTools.TestTypes.Unit.UnitTestAdapter, Microsoft.VisualStudio.QualityTools.Tips.UnitTest.Adapter, Version=10.0.0.0, Culture=neutral, PublicKeyToken=b03f5f7f11d50a3a" className="VulcanTests.Ssis2008EmitterTests.Ssis2008EmitterTaskTests, Vulcan.Tests, Version=1.0.0.0, Culture=neutral, PublicKeyToken=null" name="Container_Events" />
    </UnitTest>
    <UnitTest name="Etl_IsolationLevelChaos" storage="c:\buildagent\work\c1e1d8ccf6867220\vulcan\vulcantests\bin\anycpu\sign\vulcan.tests.dll" id="8045d46a-893f-499e-18bf-e084646847d3">
      <Execution id="27085361-d313-4390-a9a4-f800ec0181a3" />
      <TestMethod codeBase="C:/BuildAgent/work/c1e1d8ccf6867220/Vulcan/VulcanTests/bin/AnyCPU/Sign/Vulcan.Tests.DLL" adapterTypeName="Microsoft.VisualStudio.TestTools.TestTypes.Unit.UnitTestAdapter, Microsoft.VisualStudio.QualityTools.Tips.UnitTest.Adapter, Version=10.0.0.0, Culture=neutral, PublicKeyToken=b03f5f7f11d50a3a" className="VulcanTests.Ssis2008EmitterTests.Ssis2008EmitterEtlTests, Vulcan.Tests, Version=1.0.0.0, Culture=neutral, PublicKeyToken=null" name="Etl_IsolationLevelChaos" />
    </UnitTest>
    <UnitTest name="StoredProcedure_ParametersReadOnly" storage="c:\buildagent\work\c1e1d8ccf6867220\vulcan\vulcantests\bin\anycpu\sign\vulcan.tests.dll" id="ff0e7abc-c5ee-40dc-58b7-62698359f3f7">
      <Execution id="2920b261-59c4-405d-b192-aa5eb74c8e1b" />
      <TestMethod codeBase="C:/BuildAgent/work/c1e1d8ccf6867220/Vulcan/VulcanTests/bin/AnyCPU/Sign/Vulcan.Tests.DLL" adapterTypeName="Microsoft.VisualStudio.TestTools.TestTypes.Unit.UnitTestAdapter, Microsoft.VisualStudio.QualityTools.Tips.UnitTest.Adapter, Version=10.0.0.0, Culture=neutral, PublicKeyToken=b03f5f7f11d50a3a" className="VulcanTests.AstLowererPackageTests, Vulcan.Tests, Version=1.0.0.0, Culture=neutral, PublicKeyToken=null" name="StoredProcedure_ParametersReadOnly" />
    </UnitTest>
    <UnitTest name="RetryContainer_Basic" storage="c:\buildagent\work\c1e1d8ccf6867220\vulcan\vulcantests\bin\anycpu\sign\vulcan.tests.dll" id="6500e344-3c21-1255-002f-e8123cbdf729">
      <Execution id="7a665e42-e5e0-4e68-a98b-5eb87043d5f4" />
      <TestMethod codeBase="C:/BuildAgent/work/c1e1d8ccf6867220/Vulcan/VulcanTests/bin/AnyCPU/Sign/Vulcan.Tests.DLL" adapterTypeName="Microsoft.VisualStudio.TestTools.TestTypes.Unit.UnitTestAdapter, Microsoft.VisualStudio.QualityTools.Tips.UnitTest.Adapter, Version=10.0.0.0, Culture=neutral, PublicKeyToken=b03f5f7f11d50a3a" className="VulcanTests.AstLowererPackageTests, Vulcan.Tests, Version=1.0.0.0, Culture=neutral, PublicKeyToken=null" name="RetryContainer_Basic" />
    </UnitTest>
    <UnitTest name="DimensionRelationship_RolePlaying" storage="c:\buildagent\work\c1e1d8ccf6867220\vulcan\vulcantests\bin\anycpu\sign\vulcan.tests.dll" id="c2fe96f0-b416-c9c0-8421-eed60981585c">
      <Execution id="106d1669-8cf2-4ba7-b236-08f1a22e6be0" />
      <TestMethod codeBase="C:/BuildAgent/work/c1e1d8ccf6867220/Vulcan/VulcanTests/bin/AnyCPU/Sign/Vulcan.Tests.DLL" adapterTypeName="Microsoft.VisualStudio.TestTools.TestTypes.Unit.UnitTestAdapter, Microsoft.VisualStudio.QualityTools.Tips.UnitTest.Adapter, Version=10.0.0.0, Culture=neutral, PublicKeyToken=b03f5f7f11d50a3a" className="VulcanTests.Ssas2008EmitterTests.Ssas2008EmitterDimensionRelationshipTests, Vulcan.Tests, Version=1.0.0.0, Culture=neutral, PublicKeyToken=null" name="DimensionRelationship_RolePlaying" />
    </UnitTest>
    <UnitTest name="Principal_NoEmit" storage="c:\buildagent\work\c1e1d8ccf6867220\vulcan\vulcantests\bin\anycpu\sign\vulcan.tests.dll" id="c1810f9f-f568-0638-2859-751834fcf8b8">
      <Execution id="815de1cd-43e7-4ad8-88d7-e94f52295410" />
      <TestMethod codeBase="C:/BuildAgent/work/c1e1d8ccf6867220/Vulcan/VulcanTests/bin/AnyCPU/Sign/Vulcan.Tests.DLL" adapterTypeName="Microsoft.VisualStudio.TestTools.TestTypes.Unit.UnitTestAdapter, Microsoft.VisualStudio.QualityTools.Tips.UnitTest.Adapter, Version=10.0.0.0, Culture=neutral, PublicKeyToken=b03f5f7f11d50a3a" className="VulcanTests.AstLowererPrincipalTests, Vulcan.Tests, Version=1.0.0.0, Culture=neutral, PublicKeyToken=null" name="Principal_NoEmit" />
    </UnitTest>
    <UnitTest name="Table_LateArriving" storage="c:\buildagent\work\c1e1d8ccf6867220\vulcan\vulcantests\bin\anycpu\sign\vulcan.tests.dll" id="7debae5a-cbb5-e2ab-ec08-0d9975f39189">
      <Execution id="64cc4bc8-78d5-477d-80f3-2c4039f53ec8" />
      <TestMethod codeBase="C:/BuildAgent/work/c1e1d8ccf6867220/Vulcan/VulcanTests/bin/AnyCPU/Sign/Vulcan.Tests.DLL" adapterTypeName="Microsoft.VisualStudio.TestTools.TestTypes.Unit.UnitTestAdapter, Microsoft.VisualStudio.QualityTools.Tips.UnitTest.Adapter, Version=10.0.0.0, Culture=neutral, PublicKeyToken=b03f5f7f11d50a3a" className="VulcanTests.AstLowererTableTests, Vulcan.Tests, Version=1.0.0.0, Culture=neutral, PublicKeyToken=null" name="Table_LateArriving" />
    </UnitTest>
    <UnitTest name="Principal_DatabasePermissions" storage="c:\buildagent\work\c1e1d8ccf6867220\vulcan\vulcantests\bin\anycpu\sign\vulcan.tests.dll" id="147eb792-33f0-d224-015a-85c3ba90358c">
      <Execution id="8f3290cd-a650-4fa4-b0df-75303259cee6" />
      <TestMethod codeBase="C:/BuildAgent/work/c1e1d8ccf6867220/Vulcan/VulcanTests/bin/AnyCPU/Sign/Vulcan.Tests.DLL" adapterTypeName="Microsoft.VisualStudio.TestTools.TestTypes.Unit.UnitTestAdapter, Microsoft.VisualStudio.QualityTools.Tips.UnitTest.Adapter, Version=10.0.0.0, Culture=neutral, PublicKeyToken=b03f5f7f11d50a3a" className="VulcanTests.AstLowererPrincipalTests, Vulcan.Tests, Version=1.0.0.0, Culture=neutral, PublicKeyToken=null" name="Principal_DatabasePermissions" />
    </UnitTest>
    <UnitTest name="Cube_NullProactiveCachingSource" storage="c:\buildagent\work\c1e1d8ccf6867220\vulcan\vulcantests\bin\anycpu\sign\vulcan.tests.dll" id="12ee225e-595c-3fb4-2bde-496e7fe93cfd">
      <Execution id="50601925-9248-4936-893c-0796c3c20ca2" />
      <TestMethod codeBase="C:/BuildAgent/work/c1e1d8ccf6867220/Vulcan/VulcanTests/bin/AnyCPU/Sign/Vulcan.Tests.DLL" adapterTypeName="Microsoft.VisualStudio.TestTools.TestTypes.Unit.UnitTestAdapter, Microsoft.VisualStudio.QualityTools.Tips.UnitTest.Adapter, Version=10.0.0.0, Culture=neutral, PublicKeyToken=b03f5f7f11d50a3a" className="VulcanTests.Ssas2008EmitterTests.Ssas2008EmitterPartitionTests, Vulcan.Tests, Version=1.0.0.0, Culture=neutral, PublicKeyToken=null" name="Cube_NullProactiveCachingSource" />
    </UnitTest>
    <UnitTest name="CloneTable_FullTable_IdentityKey_CloneAllTrueAndAddIdentityKey" storage="c:\buildagent\work\c1e1d8ccf6867220\vulcan\vulcantests\bin\anycpu\sign\vulcan.tests.dll" id="823bf34e-0f3e-d533-b40a-6691931a899a">
      <Execution id="0891111b-d490-4d16-83b7-f692818bb979" />
      <TestMethod codeBase="C:/BuildAgent/work/c1e1d8ccf6867220/Vulcan/VulcanTests/bin/AnyCPU/Sign/Vulcan.Tests.DLL" adapterTypeName="Microsoft.VisualStudio.TestTools.TestTypes.Unit.UnitTestAdapter, Microsoft.VisualStudio.QualityTools.Tips.UnitTest.Adapter, Version=10.0.0.0, Culture=neutral, PublicKeyToken=b03f5f7f11d50a3a" className="VulcanTests.AstLowererCloneTableTests, Vulcan.Tests, Version=1.0.0.0, Culture=neutral, PublicKeyToken=null" name="CloneTable_FullTable_IdentityKey_CloneAllTrueAndAddIdentityKey" />
    </UnitTest>
    <UnitTest name="Etl_Transformations_SortDefault" storage="c:\buildagent\work\c1e1d8ccf6867220\vulcan\vulcantests\bin\anycpu\sign\vulcan.tests.dll" id="c220c1de-78ab-cca1-a9e0-899de1f3c124">
      <Execution id="b16af84f-7415-48d9-a66d-1d7d044cc348" />
      <TestMethod codeBase="C:/BuildAgent/work/c1e1d8ccf6867220/Vulcan/VulcanTests/bin/AnyCPU/Sign/Vulcan.Tests.DLL" adapterTypeName="Microsoft.VisualStudio.TestTools.TestTypes.Unit.UnitTestAdapter, Microsoft.VisualStudio.QualityTools.Tips.UnitTest.Adapter, Version=10.0.0.0, Culture=neutral, PublicKeyToken=b03f5f7f11d50a3a" className="VulcanTests.Ssis2008EmitterTests.Ssis2008EmitterEtlTests, Vulcan.Tests, Version=1.0.0.0, Culture=neutral, PublicKeyToken=null" name="Etl_Transformations_SortDefault" />
    </UnitTest>
    <UnitTest name="Cube_CubeDimensionSameName" storage="c:\buildagent\work\c1e1d8ccf6867220\vulcan\vulcantests\bin\anycpu\sign\vulcan.tests.dll" id="e3e90e19-a891-de78-0082-84ca03c5431e">
      <Execution id="62676883-ad1a-458b-a2b1-56bc69658958" />
      <TestMethod codeBase="C:/BuildAgent/work/c1e1d8ccf6867220/Vulcan/VulcanTests/bin/AnyCPU/Sign/Vulcan.Tests.DLL" adapterTypeName="Microsoft.VisualStudio.TestTools.TestTypes.Unit.UnitTestAdapter, Microsoft.VisualStudio.QualityTools.Tips.UnitTest.Adapter, Version=10.0.0.0, Culture=neutral, PublicKeyToken=b03f5f7f11d50a3a" className="VulcanTests.AstCubeNodeTests, Vulcan.Tests, Version=1.0.0.0, Culture=neutral, PublicKeyToken=null" name="Cube_CubeDimensionSameName" />
    </UnitTest>
    <UnitTest name="CloneTable_BasicTable_AddEverything" storage="c:\buildagent\work\c1e1d8ccf6867220\vulcan\vulcantests\bin\anycpu\sign\vulcan.tests.dll" id="f019928d-348e-3798-a78c-212935ed13c7">
      <Execution id="02ed2825-582e-4862-abbd-00705a7cd75a" />
      <TestMethod codeBase="C:/BuildAgent/work/c1e1d8ccf6867220/Vulcan/VulcanTests/bin/AnyCPU/Sign/Vulcan.Tests.DLL" adapterTypeName="Microsoft.VisualStudio.TestTools.TestTypes.Unit.UnitTestAdapter, Microsoft.VisualStudio.QualityTools.Tips.UnitTest.Adapter, Version=10.0.0.0, Culture=neutral, PublicKeyToken=b03f5f7f11d50a3a" className="VulcanTests.AstLowererCloneTableTests, Vulcan.Tests, Version=1.0.0.0, Culture=neutral, PublicKeyToken=null" name="CloneTable_BasicTable_AddEverything" />
    </UnitTest>
    <UnitTest name="Variable_WithUnderscore" storage="c:\buildagent\work\c1e1d8ccf6867220\vulcan\vulcantests\bin\anycpu\sign\vulcan.tests.dll" id="6e8aa6c3-f068-5527-7b4d-937cd0de7059">
      <Execution id="67a8528e-e650-4d67-9dce-b26559c69c70" />
      <TestMethod codeBase="C:/BuildAgent/work/c1e1d8ccf6867220/Vulcan/VulcanTests/bin/AnyCPU/Sign/Vulcan.Tests.DLL" adapterTypeName="Microsoft.VisualStudio.TestTools.TestTypes.Unit.UnitTestAdapter, Microsoft.VisualStudio.QualityTools.Tips.UnitTest.Adapter, Version=10.0.0.0, Culture=neutral, PublicKeyToken=b03f5f7f11d50a3a" className="VulcanTests.AstPackageNodeTests, Vulcan.Tests, Version=1.0.0.0, Culture=neutral, PublicKeyToken=null" name="Variable_WithUnderscore" />
    </UnitTest>
    <UnitTest name="DataSourceView_MultipleKeysReferringToSameTable" storage="c:\buildagent\work\c1e1d8ccf6867220\vulcan\vulcantests\bin\anycpu\sign\vulcan.tests.dll" id="f27305fa-985b-eec0-8b4e-8bf6c2a7d716">
      <Execution id="d6ad90e8-7a23-40aa-b174-23d3e521ff3f" />
      <TestMethod codeBase="C:/BuildAgent/work/c1e1d8ccf6867220/Vulcan/VulcanTests/bin/AnyCPU/Sign/Vulcan.Tests.DLL" adapterTypeName="Microsoft.VisualStudio.TestTools.TestTypes.Unit.UnitTestAdapter, Microsoft.VisualStudio.QualityTools.Tips.UnitTest.Adapter, Version=10.0.0.0, Culture=neutral, PublicKeyToken=b03f5f7f11d50a3a" className="VulcanTests.Ssas2008EmitterTests.Ssas2008EmitterDataSourceViewTests, Vulcan.Tests, Version=1.0.0.0, Culture=neutral, PublicKeyToken=null" name="DataSourceView_MultipleKeysReferringToSameTable" />
    </UnitTest>
    <UnitTest name="ExecuteSql_CoreProperties" storage="c:\buildagent\work\c1e1d8ccf6867220\vulcan\vulcantests\bin\anycpu\sign\vulcan.tests.dll" id="591dbb46-ee45-71a5-11ca-c45245751c38">
      <Execution id="7cb3ce14-2127-4a8d-88ef-edcf5dc6edd2" />
      <TestMethod codeBase="C:/BuildAgent/work/c1e1d8ccf6867220/Vulcan/VulcanTests/bin/AnyCPU/Sign/Vulcan.Tests.DLL" adapterTypeName="Microsoft.VisualStudio.TestTools.TestTypes.Unit.UnitTestAdapter, Microsoft.VisualStudio.QualityTools.Tips.UnitTest.Adapter, Version=10.0.0.0, Culture=neutral, PublicKeyToken=b03f5f7f11d50a3a" className="VulcanTests.SsisEmitterTests.SsisEmitterTaskTests, Vulcan.Tests, Version=1.0.0.0, Culture=neutral, PublicKeyToken=null" name="ExecuteSql_CoreProperties" />
    </UnitTest>
    <UnitTest name="Package_EmptyPackage" storage="c:\buildagent\work\c1e1d8ccf6867220\vulcan\vulcantests\bin\anycpu\sign\vulcan.tests.dll" id="fcae1157-cc3b-2e85-571f-ab6572a78634">
      <Execution id="c9bdba19-d6fb-43f1-9fd9-b2e871db24a0" />
      <TestMethod codeBase="C:/BuildAgent/work/c1e1d8ccf6867220/Vulcan/VulcanTests/bin/AnyCPU/Sign/Vulcan.Tests.DLL" adapterTypeName="Microsoft.VisualStudio.TestTools.TestTypes.Unit.UnitTestAdapter, Microsoft.VisualStudio.QualityTools.Tips.UnitTest.Adapter, Version=10.0.0.0, Culture=neutral, PublicKeyToken=b03f5f7f11d50a3a" className="VulcanTests.SsisEmitterTests.SsisEmitterPackageTests, Vulcan.Tests, Version=1.0.0.0, Culture=neutral, PublicKeyToken=null" name="Package_EmptyPackage" />
    </UnitTest>
    <UnitTest name="Cube_ServerNotification" storage="c:\buildagent\work\c1e1d8ccf6867220\vulcan\vulcantests\bin\anycpu\sign\vulcan.tests.dll" id="1e99d015-ce0d-afee-1013-4d4d8c4fa402">
      <Execution id="741d4840-b1a0-4f38-b040-c50c2233a0f3" />
      <TestMethod codeBase="C:/BuildAgent/work/c1e1d8ccf6867220/Vulcan/VulcanTests/bin/AnyCPU/Sign/Vulcan.Tests.DLL" adapterTypeName="Microsoft.VisualStudio.TestTools.TestTypes.Unit.UnitTestAdapter, Microsoft.VisualStudio.QualityTools.Tips.UnitTest.Adapter, Version=10.0.0.0, Culture=neutral, PublicKeyToken=b03f5f7f11d50a3a" className="VulcanTests.Ssas2008EmitterTests.Ssas2008EmitterPartitionTests, Vulcan.Tests, Version=1.0.0.0, Culture=neutral, PublicKeyToken=null" name="Cube_ServerNotification" />
    </UnitTest>
    <UnitTest name="Etl_Transformations_TransformationTemplateInstanceBasic" storage="c:\buildagent\work\c1e1d8ccf6867220\vulcan\vulcantests\bin\anycpu\sign\vulcan.tests.dll" id="af6a01bf-2e64-46dc-61d0-bcddbc1e955a">
      <Execution id="6e396532-feec-4a38-a882-675842081cfc" />
      <TestMethod codeBase="C:/BuildAgent/work/c1e1d8ccf6867220/Vulcan/VulcanTests/bin/AnyCPU/Sign/Vulcan.Tests.DLL" adapterTypeName="Microsoft.VisualStudio.TestTools.TestTypes.Unit.UnitTestAdapter, Microsoft.VisualStudio.QualityTools.Tips.UnitTest.Adapter, Version=10.0.0.0, Culture=neutral, PublicKeyToken=b03f5f7f11d50a3a" className="VulcanTests.Ssis2008EmitterTests.Ssis2008EmitterEtlTests, Vulcan.Tests, Version=1.0.0.0, Culture=neutral, PublicKeyToken=null" name="Etl_Transformations_TransformationTemplateInstanceBasic" />
    </UnitTest>
    <UnitTest name="DataSource_Basic" storage="c:\buildagent\work\c1e1d8ccf6867220\vulcan\vulcantests\bin\anycpu\sign\vulcan.tests.dll" id="a0e4c3d2-ce7e-3cb8-f1fa-24cfcba5123f">
      <Execution id="f2230a17-3194-40ef-8894-19184ddd89fe" />
      <TestMethod codeBase="C:/BuildAgent/work/c1e1d8ccf6867220/Vulcan/VulcanTests/bin/AnyCPU/Sign/Vulcan.Tests.DLL" adapterTypeName="Microsoft.VisualStudio.TestTools.TestTypes.Unit.UnitTestAdapter, Microsoft.VisualStudio.QualityTools.Tips.UnitTest.Adapter, Version=10.0.0.0, Culture=neutral, PublicKeyToken=b03f5f7f11d50a3a" className="VulcanTests.Ssas2008EmitterTests.Ssas2008EmitterDataSourceTests, Vulcan.Tests, Version=1.0.0.0, Culture=neutral, PublicKeyToken=null" name="DataSource_Basic" />
    </UnitTest>
    <UnitTest name="Table_Column_Types" storage="c:\buildagent\work\c1e1d8ccf6867220\vulcan\vulcantests\bin\anycpu\sign\vulcan.tests.dll" id="8816bbc5-ea9d-2fdd-6b4e-b000a8ac4f05">
      <Execution id="31442196-4f0b-4db8-80e2-cd1a9f261b4c" />
      <TestMethod codeBase="C:/BuildAgent/work/c1e1d8ccf6867220/Vulcan/VulcanTests/bin/AnyCPU/Sign/Vulcan.Tests.DLL" adapterTypeName="Microsoft.VisualStudio.TestTools.TestTypes.Unit.UnitTestAdapter, Microsoft.VisualStudio.QualityTools.Tips.UnitTest.Adapter, Version=10.0.0.0, Culture=neutral, PublicKeyToken=b03f5f7f11d50a3a" className="VulcanTests.AstLowererTableTests, Vulcan.Tests, Version=1.0.0.0, Culture=neutral, PublicKeyToken=null" name="Table_Column_Types" />
    </UnitTest>
    <UnitTest name="Principal_ApplicationRole" storage="c:\buildagent\work\c1e1d8ccf6867220\vulcan\vulcantests\bin\anycpu\sign\vulcan.tests.dll" id="1db5dc0b-acc5-b391-21c6-38e735731bd0">
      <Execution id="54b7e0af-6ea9-45ad-8522-0e73db0483d8" />
      <TestMethod codeBase="C:/BuildAgent/work/c1e1d8ccf6867220/Vulcan/VulcanTests/bin/AnyCPU/Sign/Vulcan.Tests.DLL" adapterTypeName="Microsoft.VisualStudio.TestTools.TestTypes.Unit.UnitTestAdapter, Microsoft.VisualStudio.QualityTools.Tips.UnitTest.Adapter, Version=10.0.0.0, Culture=neutral, PublicKeyToken=b03f5f7f11d50a3a" className="VulcanTests.AstLowererPrincipalTests, Vulcan.Tests, Version=1.0.0.0, Culture=neutral, PublicKeyToken=null" name="Principal_ApplicationRole" />
    </UnitTest>
    <UnitTest name="Container_TransactionModeNoTransaction" storage="c:\buildagent\work\c1e1d8ccf6867220\vulcan\vulcantests\bin\anycpu\sign\vulcan.tests.dll" id="1b10d8de-ecae-0176-5a05-e64f61245248">
      <Execution id="3136445f-d410-41c3-82bd-bc9ed4ca8d08" />
      <TestMethod codeBase="C:/BuildAgent/work/c1e1d8ccf6867220/Vulcan/VulcanTests/bin/AnyCPU/Sign/Vulcan.Tests.DLL" adapterTypeName="Microsoft.VisualStudio.TestTools.TestTypes.Unit.UnitTestAdapter, Microsoft.VisualStudio.QualityTools.Tips.UnitTest.Adapter, Version=10.0.0.0, Culture=neutral, PublicKeyToken=b03f5f7f11d50a3a" className="VulcanTests.Ssis2008EmitterTests.Ssis2008EmitterTaskTests, Vulcan.Tests, Version=1.0.0.0, Culture=neutral, PublicKeyToken=null" name="Container_TransactionModeNoTransaction" />
    </UnitTest>
    <UnitTest name="Role_Admin" storage="c:\buildagent\work\c1e1d8ccf6867220\vulcan\vulcantests\bin\anycpu\sign\vulcan.tests.dll" id="4a6cb78a-b307-389f-7fdd-3481b282ae36">
      <Execution id="b498e127-9f58-4bae-b9d9-d0d7365332d1" />
      <TestMethod codeBase="C:/BuildAgent/work/c1e1d8ccf6867220/Vulcan/VulcanTests/bin/AnyCPU/Sign/Vulcan.Tests.DLL" adapterTypeName="Microsoft.VisualStudio.TestTools.TestTypes.Unit.UnitTestAdapter, Microsoft.VisualStudio.QualityTools.Tips.UnitTest.Adapter, Version=10.0.0.0, Culture=neutral, PublicKeyToken=b03f5f7f11d50a3a" className="VulcanTests.Ssas2008EmitterTests.Ssas2008EmitterRoleTests, Vulcan.Tests, Version=1.0.0.0, Culture=neutral, PublicKeyToken=null" name="Role_Admin" />
    </UnitTest>
    <UnitTest name="Package_TransactionModeRequiredTransaction" storage="c:\buildagent\work\c1e1d8ccf6867220\vulcan\vulcantests\bin\anycpu\sign\vulcan.tests.dll" id="3b8bf8eb-26c0-2bec-344a-341bfe514677">
      <Execution id="ab321f52-d538-4088-bd19-4864831381e2" />
      <TestMethod codeBase="C:/BuildAgent/work/c1e1d8ccf6867220/Vulcan/VulcanTests/bin/AnyCPU/Sign/Vulcan.Tests.DLL" adapterTypeName="Microsoft.VisualStudio.TestTools.TestTypes.Unit.UnitTestAdapter, Microsoft.VisualStudio.QualityTools.Tips.UnitTest.Adapter, Version=10.0.0.0, Culture=neutral, PublicKeyToken=b03f5f7f11d50a3a" className="VulcanTests.Ssis2008EmitterTests.Ssis2008EmitterPackageTests, Vulcan.Tests, Version=1.0.0.0, Culture=neutral, PublicKeyToken=null" name="Package_TransactionModeRequiredTransaction" />
    </UnitTest>
    <UnitTest name="Dimension_Hierarchy" storage="c:\buildagent\work\c1e1d8ccf6867220\vulcan\vulcantests\bin\anycpu\sign\vulcan.tests.dll" id="084259f9-104b-4edc-27e9-65e71afa82ca">
      <Execution id="bcac4a60-013f-429d-b409-baaf9204beba" />
      <TestMethod codeBase="C:/BuildAgent/work/c1e1d8ccf6867220/Vulcan/VulcanTests/bin/AnyCPU/Sign/Vulcan.Tests.DLL" adapterTypeName="Microsoft.VisualStudio.TestTools.TestTypes.Unit.UnitTestAdapter, Microsoft.VisualStudio.QualityTools.Tips.UnitTest.Adapter, Version=10.0.0.0, Culture=neutral, PublicKeyToken=b03f5f7f11d50a3a" className="VulcanTests.Ssas2008EmitterTests.Ssas2008EmitterDimensionTests, Vulcan.Tests, Version=1.0.0.0, Culture=neutral, PublicKeyToken=null" name="Dimension_Hierarchy" />
    </UnitTest>
    <UnitTest name="Container_VariableExpression" storage="c:\buildagent\work\c1e1d8ccf6867220\vulcan\vulcantests\bin\anycpu\sign\vulcan.tests.dll" id="f6d846ae-5095-b5fb-e328-61cd2e30456d">
      <Execution id="f26a8c57-c259-4526-82e5-7968a06e9fe5" />
      <TestMethod codeBase="C:/BuildAgent/work/c1e1d8ccf6867220/Vulcan/VulcanTests/bin/AnyCPU/Sign/Vulcan.Tests.DLL" adapterTypeName="Microsoft.VisualStudio.TestTools.TestTypes.Unit.UnitTestAdapter, Microsoft.VisualStudio.QualityTools.Tips.UnitTest.Adapter, Version=10.0.0.0, Culture=neutral, PublicKeyToken=b03f5f7f11d50a3a" className="VulcanTests.Ssis2008EmitterTests.Ssis2008EmitterTaskTests, Vulcan.Tests, Version=1.0.0.0, Culture=neutral, PublicKeyToken=null" name="Container_VariableExpression" />
    </UnitTest>
    <UnitTest name="Cube_Partitions" storage="c:\buildagent\work\c1e1d8ccf6867220\vulcan\vulcantests\bin\anycpu\sign\vulcan.tests.dll" id="f37d4825-54df-ffb1-2b42-ee78db417be7">
      <Execution id="81815970-127e-435f-bc75-e12d3edee45a" />
      <TestMethod codeBase="C:/BuildAgent/work/c1e1d8ccf6867220/Vulcan/VulcanTests/bin/AnyCPU/Sign/Vulcan.Tests.DLL" adapterTypeName="Microsoft.VisualStudio.TestTools.TestTypes.Unit.UnitTestAdapter, Microsoft.VisualStudio.QualityTools.Tips.UnitTest.Adapter, Version=10.0.0.0, Culture=neutral, PublicKeyToken=b03f5f7f11d50a3a" className="VulcanTests.Ssas2008EmitterTests.Ssas2008EmitterPartitionTests, Vulcan.Tests, Version=1.0.0.0, Culture=neutral, PublicKeyToken=null" name="Cube_Partitions" />
    </UnitTest>
    <UnitTest name="Dimension_Snowflake" storage="c:\buildagent\work\c1e1d8ccf6867220\vulcan\vulcantests\bin\anycpu\sign\vulcan.tests.dll" id="07bfc2bf-8f18-27b1-ed7f-102a08507d47">
      <Execution id="e335ea56-3a3f-4302-811c-e2a1587d70cc" />
      <TestMethod codeBase="C:/BuildAgent/work/c1e1d8ccf6867220/Vulcan/VulcanTests/bin/AnyCPU/Sign/Vulcan.Tests.DLL" adapterTypeName="Microsoft.VisualStudio.TestTools.TestTypes.Unit.UnitTestAdapter, Microsoft.VisualStudio.QualityTools.Tips.UnitTest.Adapter, Version=10.0.0.0, Culture=neutral, PublicKeyToken=b03f5f7f11d50a3a" className="VulcanTests.Ssas2008EmitterTests.Ssas2008EmitterDimensionTests, Vulcan.Tests, Version=1.0.0.0, Culture=neutral, PublicKeyToken=null" name="Dimension_Snowflake" />
    </UnitTest>
    <UnitTest name="Principal_SqlUser" storage="c:\buildagent\work\c1e1d8ccf6867220\vulcan\vulcantests\bin\anycpu\sign\vulcan.tests.dll" id="b42cb581-0ff1-4824-b59d-b562971d3661">
      <Execution id="366f4e83-0943-4f40-be0b-70419a8205ae" />
      <TestMethod codeBase="C:/BuildAgent/work/c1e1d8ccf6867220/Vulcan/VulcanTests/bin/AnyCPU/Sign/Vulcan.Tests.DLL" adapterTypeName="Microsoft.VisualStudio.TestTools.TestTypes.Unit.UnitTestAdapter, Microsoft.VisualStudio.QualityTools.Tips.UnitTest.Adapter, Version=10.0.0.0, Culture=neutral, PublicKeyToken=b03f5f7f11d50a3a" className="VulcanTests.AstLowererPrincipalTests, Vulcan.Tests, Version=1.0.0.0, Culture=neutral, PublicKeyToken=null" name="Principal_SqlUser" />
    </UnitTest>
    <UnitTest name="Table_Index_Properties" storage="c:\buildagent\work\c1e1d8ccf6867220\vulcan\vulcantests\bin\anycpu\sign\vulcan.tests.dll" id="1794d721-1fc2-8b71-8134-425363b09b2a">
      <Execution id="7be339fe-7d27-468a-a0e3-dd49f8c61588" />
      <TestMethod codeBase="C:/BuildAgent/work/c1e1d8ccf6867220/Vulcan/VulcanTests/bin/AnyCPU/Sign/Vulcan.Tests.DLL" adapterTypeName="Microsoft.VisualStudio.TestTools.TestTypes.Unit.UnitTestAdapter, Microsoft.VisualStudio.QualityTools.Tips.UnitTest.Adapter, Version=10.0.0.0, Culture=neutral, PublicKeyToken=b03f5f7f11d50a3a" className="VulcanTests.AstLowererTableTests, Vulcan.Tests, Version=1.0.0.0, Culture=neutral, PublicKeyToken=null" name="Table_Index_Properties" />
    </UnitTest>
    <UnitTest name="Dimension_Ordering" storage="c:\buildagent\work\c1e1d8ccf6867220\vulcan\vulcantests\bin\anycpu\sign\vulcan.tests.dll" id="d48a9c5a-a080-ca5d-5ae3-be3d31f99a26">
      <Execution id="1e8dcf5d-b1ab-4747-8c6a-d551a32577c0" />
      <TestMethod codeBase="C:/BuildAgent/work/c1e1d8ccf6867220/Vulcan/VulcanTests/bin/AnyCPU/Sign/Vulcan.Tests.DLL" adapterTypeName="Microsoft.VisualStudio.TestTools.TestTypes.Unit.UnitTestAdapter, Microsoft.VisualStudio.QualityTools.Tips.UnitTest.Adapter, Version=10.0.0.0, Culture=neutral, PublicKeyToken=b03f5f7f11d50a3a" className="VulcanTests.Ssas2008EmitterTests.Ssas2008EmitterDimensionTests, Vulcan.Tests, Version=1.0.0.0, Culture=neutral, PublicKeyToken=null" name="Dimension_Ordering" />
    </UnitTest>
    <UnitTest name="CloneTable_FullTable_UniqueKey_CloneAllTrueAndAddUniqueKey" storage="c:\buildagent\work\c1e1d8ccf6867220\vulcan\vulcantests\bin\anycpu\sign\vulcan.tests.dll" id="285b343d-847d-9a92-937a-e203668515cf">
      <Execution id="8efa1698-ad7a-48f6-930c-435116fda5a0" />
      <TestMethod codeBase="C:/BuildAgent/work/c1e1d8ccf6867220/Vulcan/VulcanTests/bin/AnyCPU/Sign/Vulcan.Tests.DLL" adapterTypeName="Microsoft.VisualStudio.TestTools.TestTypes.Unit.UnitTestAdapter, Microsoft.VisualStudio.QualityTools.Tips.UnitTest.Adapter, Version=10.0.0.0, Culture=neutral, PublicKeyToken=b03f5f7f11d50a3a" className="VulcanTests.AstLowererCloneTableTests, Vulcan.Tests, Version=1.0.0.0, Culture=neutral, PublicKeyToken=null" name="CloneTable_FullTable_UniqueKey_CloneAllTrueAndAddUniqueKey" />
    </UnitTest>
    <UnitTest name="StoredProcedure_Schema" storage="c:\buildagent\work\c1e1d8ccf6867220\vulcan\vulcantests\bin\anycpu\sign\vulcan.tests.dll" id="14385a63-51b1-0380-f32a-f001d10be915">
      <Execution id="6f5bafbc-815d-4aef-9983-62ae6691ce7d" />
      <TestMethod codeBase="C:/BuildAgent/work/c1e1d8ccf6867220/Vulcan/VulcanTests/bin/AnyCPU/Sign/Vulcan.Tests.DLL" adapterTypeName="Microsoft.VisualStudio.TestTools.TestTypes.Unit.UnitTestAdapter, Microsoft.VisualStudio.QualityTools.Tips.UnitTest.Adapter, Version=10.0.0.0, Culture=neutral, PublicKeyToken=b03f5f7f11d50a3a" className="VulcanTests.AstLowererPackageTests, Vulcan.Tests, Version=1.0.0.0, Culture=neutral, PublicKeyToken=null" name="StoredProcedure_Schema" />
    </UnitTest>
    <UnitTest name="Schema_CustomExtensions" storage="c:\buildagent\work\c1e1d8ccf6867220\vulcan\vulcantests\bin\anycpu\sign\vulcan.tests.dll" id="1fcdadbf-24af-f82b-b5d5-927ef78dfedf">
      <Execution id="02493cfc-bf42-4692-8d3e-07f4cc857d19" />
      <TestMethod codeBase="C:/BuildAgent/work/c1e1d8ccf6867220/Vulcan/VulcanTests/bin/AnyCPU/Sign/Vulcan.Tests.DLL" adapterTypeName="Microsoft.VisualStudio.TestTools.TestTypes.Unit.UnitTestAdapter, Microsoft.VisualStudio.QualityTools.Tips.UnitTest.Adapter, Version=10.0.0.0, Culture=neutral, PublicKeyToken=b03f5f7f11d50a3a" className="VulcanTests.AstLowererSchemaTests, Vulcan.Tests, Version=1.0.0.0, Culture=neutral, PublicKeyToken=null" name="Schema_CustomExtensions" />
    </UnitTest>
    <UnitTest name="Etl_TransformationOrderCyclic" storage="c:\buildagent\work\c1e1d8ccf6867220\vulcan\vulcantests\bin\anycpu\sign\vulcan.tests.dll" id="fd850645-e1c9-0a56-9094-55e3a12feaed">
      <Execution id="9db34768-3635-447f-b8eb-98bb2dd6e27b" />
      <TestMethod codeBase="C:/BuildAgent/work/c1e1d8ccf6867220/Vulcan/VulcanTests/bin/AnyCPU/Sign/Vulcan.Tests.DLL" adapterTypeName="Microsoft.VisualStudio.TestTools.TestTypes.Unit.UnitTestAdapter, Microsoft.VisualStudio.QualityTools.Tips.UnitTest.Adapter, Version=10.0.0.0, Culture=neutral, PublicKeyToken=b03f5f7f11d50a3a" className="VulcanTests.Ssis2008EmitterTests.Ssis2008EmitterEtlTests, Vulcan.Tests, Version=1.0.0.0, Culture=neutral, PublicKeyToken=null" name="Etl_TransformationOrderCyclic" />
    </UnitTest>
    <UnitTest name="CloneTable_FullTable_MultipleKeys_CloneKeysFalse" storage="c:\buildagent\work\c1e1d8ccf6867220\vulcan\vulcantests\bin\anycpu\sign\vulcan.tests.dll" id="777ee719-aa8b-88e8-a4ed-f77907bca48a">
      <Execution id="a736959b-2a3c-4bed-89a0-336383ea21fd" />
      <TestMethod codeBase="C:/BuildAgent/work/c1e1d8ccf6867220/Vulcan/VulcanTests/bin/AnyCPU/Sign/Vulcan.Tests.DLL" adapterTypeName="Microsoft.VisualStudio.TestTools.TestTypes.Unit.UnitTestAdapter, Microsoft.VisualStudio.QualityTools.Tips.UnitTest.Adapter, Version=10.0.0.0, Culture=neutral, PublicKeyToken=b03f5f7f11d50a3a" className="VulcanTests.AstLowererCloneTableTests, Vulcan.Tests, Version=1.0.0.0, Culture=neutral, PublicKeyToken=null" name="CloneTable_FullTable_MultipleKeys_CloneKeysFalse" />
    </UnitTest>
    <UnitTest name="Package_IsolationLevelChaos" storage="c:\buildagent\work\c1e1d8ccf6867220\vulcan\vulcantests\bin\anycpu\sign\vulcan.tests.dll" id="4b398132-89d5-d0e7-05a1-5d816127545d">
      <Execution id="996ed50d-57a1-42af-9e62-ea693e85d5f6" />
      <TestMethod codeBase="C:/BuildAgent/work/c1e1d8ccf6867220/Vulcan/VulcanTests/bin/AnyCPU/Sign/Vulcan.Tests.DLL" adapterTypeName="Microsoft.VisualStudio.TestTools.TestTypes.Unit.UnitTestAdapter, Microsoft.VisualStudio.QualityTools.Tips.UnitTest.Adapter, Version=10.0.0.0, Culture=neutral, PublicKeyToken=b03f5f7f11d50a3a" className="VulcanTests.Ssis2008EmitterTests.Ssis2008EmitterPackageTests, Vulcan.Tests, Version=1.0.0.0, Culture=neutral, PublicKeyToken=null" name="Package_IsolationLevelChaos" />
    </UnitTest>
    <UnitTest name="ForLoop_Basic" storage="c:\buildagent\work\c1e1d8ccf6867220\vulcan\vulcantests\bin\anycpu\sign\vulcan.tests.dll" id="e3a63282-7af5-92f4-e1bd-c6501f7f34f6">
      <Execution id="ae1b2bcd-4c94-4b4a-9170-34c6974d3982" />
      <TestMethod codeBase="C:/BuildAgent/work/c1e1d8ccf6867220/Vulcan/VulcanTests/bin/AnyCPU/Sign/Vulcan.Tests.DLL" adapterTypeName="Microsoft.VisualStudio.TestTools.TestTypes.Unit.UnitTestAdapter, Microsoft.VisualStudio.QualityTools.Tips.UnitTest.Adapter, Version=10.0.0.0, Culture=neutral, PublicKeyToken=b03f5f7f11d50a3a" className="VulcanTests.Ssis2008EmitterTests.Ssis2008EmitterTaskTests, Vulcan.Tests, Version=1.0.0.0, Culture=neutral, PublicKeyToken=null" name="ForLoop_Basic" />
    </UnitTest>
    <UnitTest name="Etl_Transformations_QuerySourceParameters" storage="c:\buildagent\work\c1e1d8ccf6867220\vulcan\vulcantests\bin\anycpu\sign\vulcan.tests.dll" id="764a6571-edf0-ca50-2e31-8819e637f095">
      <Execution id="b56b9494-2d19-49ed-a6ad-b131fe7aeb61" />
      <TestMethod codeBase="C:/BuildAgent/work/c1e1d8ccf6867220/Vulcan/VulcanTests/bin/AnyCPU/Sign/Vulcan.Tests.DLL" adapterTypeName="Microsoft.VisualStudio.TestTools.TestTypes.Unit.UnitTestAdapter, Microsoft.VisualStudio.QualityTools.Tips.UnitTest.Adapter, Version=10.0.0.0, Culture=neutral, PublicKeyToken=b03f5f7f11d50a3a" className="VulcanTests.Ssis2008EmitterTests.Ssis2008EmitterEtlTests, Vulcan.Tests, Version=1.0.0.0, Culture=neutral, PublicKeyToken=null" name="Etl_Transformations_QuerySourceParameters" />
    </UnitTest>
    <UnitTest name="Dimension_NoKeyAttribute" storage="c:\buildagent\work\c1e1d8ccf6867220\vulcan\vulcantests\bin\anycpu\sign\vulcan.tests.dll" id="0039db06-a76a-1863-016a-1402bcebae48">
      <Execution id="bf9f60bc-ad13-42cd-9660-d1b37a91223b" />
      <TestMethod codeBase="C:/BuildAgent/work/c1e1d8ccf6867220/Vulcan/VulcanTests/bin/AnyCPU/Sign/Vulcan.Tests.DLL" adapterTypeName="Microsoft.VisualStudio.TestTools.TestTypes.Unit.UnitTestAdapter, Microsoft.VisualStudio.QualityTools.Tips.UnitTest.Adapter, Version=10.0.0.0, Culture=neutral, PublicKeyToken=b03f5f7f11d50a3a" className="VulcanTests.AstDimensionNodeTests, Vulcan.Tests, Version=1.0.0.0, Culture=neutral, PublicKeyToken=null" name="Dimension_NoKeyAttribute" />
    </UnitTest>
    <UnitTest name="CloneTable_BasicTable_UniqueKey_AddColumnsAndUniqueKey" storage="c:\buildagent\work\c1e1d8ccf6867220\vulcan\vulcantests\bin\anycpu\sign\vulcan.tests.dll" id="c4260f19-d172-2d6f-60b6-1cfb14e1ccd2">
      <Execution id="f819ee88-0eec-4213-86ae-c73affab5e52" />
      <TestMethod codeBase="C:/BuildAgent/work/c1e1d8ccf6867220/Vulcan/VulcanTests/bin/AnyCPU/Sign/Vulcan.Tests.DLL" adapterTypeName="Microsoft.VisualStudio.TestTools.TestTypes.Unit.UnitTestAdapter, Microsoft.VisualStudio.QualityTools.Tips.UnitTest.Adapter, Version=10.0.0.0, Culture=neutral, PublicKeyToken=b03f5f7f11d50a3a" className="VulcanTests.AstLowererCloneTableTests, Vulcan.Tests, Version=1.0.0.0, Culture=neutral, PublicKeyToken=null" name="CloneTable_BasicTable_UniqueKey_AddColumnsAndUniqueKey" />
    </UnitTest>
    <UnitTest name="Merge_UpdateTargetTable" storage="c:\buildagent\work\c1e1d8ccf6867220\vulcan\vulcantests\bin\anycpu\sign\vulcan.tests.dll" id="2d1222c2-5a86-cdd3-5c38-37723763be17">
      <Execution id="f648c27c-9795-4791-ac85-237d599412d9" />
      <TestMethod codeBase="C:/BuildAgent/work/c1e1d8ccf6867220/Vulcan/VulcanTests/bin/AnyCPU/Sign/Vulcan.Tests.DLL" adapterTypeName="Microsoft.VisualStudio.TestTools.TestTypes.Unit.UnitTestAdapter, Microsoft.VisualStudio.QualityTools.Tips.UnitTest.Adapter, Version=10.0.0.0, Culture=neutral, PublicKeyToken=b03f5f7f11d50a3a" className="VulcanTests.AstLowererPackageTests, Vulcan.Tests, Version=1.0.0.0, Culture=neutral, PublicKeyToken=null" name="Merge_UpdateTargetTable" />
    </UnitTest>
    <UnitTest name="Package_TransformationTemplateInstance" storage="c:\buildagent\work\c1e1d8ccf6867220\vulcan\vulcantests\bin\anycpu\sign\vulcan.tests.dll" id="e2c638c7-aa81-5c41-2279-e79d49c4bfd0">
      <Execution id="9d28d911-622e-49ca-9996-2b25828df871" />
      <TestMethod codeBase="C:/BuildAgent/work/c1e1d8ccf6867220/Vulcan/VulcanTests/bin/AnyCPU/Sign/Vulcan.Tests.DLL" adapterTypeName="Microsoft.VisualStudio.TestTools.TestTypes.Unit.UnitTestAdapter, Microsoft.VisualStudio.QualityTools.Tips.UnitTest.Adapter, Version=10.0.0.0, Culture=neutral, PublicKeyToken=b03f5f7f11d50a3a" className="VulcanTests.AstLowererPackageTests, Vulcan.Tests, Version=1.0.0.0, Culture=neutral, PublicKeyToken=null" name="Package_TransformationTemplateInstance" />
    </UnitTest>
    <UnitTest name="Taskflow_TaskOrder" storage="c:\buildagent\work\c1e1d8ccf6867220\vulcan\vulcantests\bin\anycpu\sign\vulcan.tests.dll" id="79b02fef-f0cd-bd64-85ba-dd90d4bd26f5">
      <Execution id="5e70eda1-1756-475f-86e9-238879d45abd" />
      <TestMethod codeBase="C:/BuildAgent/work/c1e1d8ccf6867220/Vulcan/VulcanTests/bin/AnyCPU/Sign/Vulcan.Tests.DLL" adapterTypeName="Microsoft.VisualStudio.TestTools.TestTypes.Unit.UnitTestAdapter, Microsoft.VisualStudio.QualityTools.Tips.UnitTest.Adapter, Version=10.0.0.0, Culture=neutral, PublicKeyToken=b03f5f7f11d50a3a" className="VulcanTests.Ssis2008EmitterTests.Ssis2008EmitterTaskTests, Vulcan.Tests, Version=1.0.0.0, Culture=neutral, PublicKeyToken=null" name="Taskflow_TaskOrder" />
    </UnitTest>
    <UnitTest name="StoredProcedure_ParametersBasic" storage="c:\buildagent\work\c1e1d8ccf6867220\vulcan\vulcantests\bin\anycpu\sign\vulcan.tests.dll" id="e14b5b3b-4656-87d2-543d-14601f0f628d">
      <Execution id="bb3e2205-cd6d-4953-8776-761a88d306e8" />
      <TestMethod codeBase="C:/BuildAgent/work/c1e1d8ccf6867220/Vulcan/VulcanTests/bin/AnyCPU/Sign/Vulcan.Tests.DLL" adapterTypeName="Microsoft.VisualStudio.TestTools.TestTypes.Unit.UnitTestAdapter, Microsoft.VisualStudio.QualityTools.Tips.UnitTest.Adapter, Version=10.0.0.0, Culture=neutral, PublicKeyToken=b03f5f7f11d50a3a" className="VulcanTests.AstLowererPackageTests, Vulcan.Tests, Version=1.0.0.0, Culture=neutral, PublicKeyToken=null" name="StoredProcedure_ParametersBasic" />
    </UnitTest>
    <UnitTest name="Cube_Actions" storage="c:\buildagent\work\c1e1d8ccf6867220\vulcan\vulcantests\bin\anycpu\sign\vulcan.tests.dll" id="f18c0df0-f29f-8733-55e1-1ec5f73e48e2">
      <Execution id="514bf58a-a50b-4d7c-b2cf-8ce29d57a2ae" />
      <TestMethod codeBase="C:/BuildAgent/work/c1e1d8ccf6867220/Vulcan/VulcanTests/bin/AnyCPU/Sign/Vulcan.Tests.DLL" adapterTypeName="Microsoft.VisualStudio.TestTools.TestTypes.Unit.UnitTestAdapter, Microsoft.VisualStudio.QualityTools.Tips.UnitTest.Adapter, Version=10.0.0.0, Culture=neutral, PublicKeyToken=b03f5f7f11d50a3a" className="VulcanTests.Ssas2008EmitterTests.Ssas2008EmitterCubeTests, Vulcan.Tests, Version=1.0.0.0, Culture=neutral, PublicKeyToken=null" name="Cube_Actions" />
    </UnitTest>
    <UnitTest name="Table_Column_Properties" storage="c:\buildagent\work\c1e1d8ccf6867220\vulcan\vulcantests\bin\anycpu\sign\vulcan.tests.dll" id="4805e4e8-2c12-2672-ad60-9c4c73a63e32">
      <Execution id="2a275fb6-629f-427a-abd7-5b66066102af" />
      <TestMethod codeBase="C:/BuildAgent/work/c1e1d8ccf6867220/Vulcan/VulcanTests/bin/AnyCPU/Sign/Vulcan.Tests.DLL" adapterTypeName="Microsoft.VisualStudio.TestTools.TestTypes.Unit.UnitTestAdapter, Microsoft.VisualStudio.QualityTools.Tips.UnitTest.Adapter, Version=10.0.0.0, Culture=neutral, PublicKeyToken=b03f5f7f11d50a3a" className="VulcanTests.AstLowererTableTests, Vulcan.Tests, Version=1.0.0.0, Culture=neutral, PublicKeyToken=null" name="Table_Column_Properties" />
    </UnitTest>
    <UnitTest name="Cube_ProactiveCachingScheduledPollingIncrementalUpdates" storage="c:\buildagent\work\c1e1d8ccf6867220\vulcan\vulcantests\bin\anycpu\sign\vulcan.tests.dll" id="b6cdafe1-1bdd-7ad9-e07a-e76ba6951f5c">
      <Execution id="b6c1f468-a23f-421a-8598-57cc41d77b54" />
      <TestMethod codeBase="C:/BuildAgent/work/c1e1d8ccf6867220/Vulcan/VulcanTests/bin/AnyCPU/Sign/Vulcan.Tests.DLL" adapterTypeName="Microsoft.VisualStudio.TestTools.TestTypes.Unit.UnitTestAdapter, Microsoft.VisualStudio.QualityTools.Tips.UnitTest.Adapter, Version=10.0.0.0, Culture=neutral, PublicKeyToken=b03f5f7f11d50a3a" className="VulcanTests.Ssas2008EmitterTests.Ssas2008EmitterPartitionTests, Vulcan.Tests, Version=1.0.0.0, Culture=neutral, PublicKeyToken=null" name="Cube_ProactiveCachingScheduledPollingIncrementalUpdates" />
    </UnitTest>
    <UnitTest name="DimensionRelationship_Referenced" storage="c:\buildagent\work\c1e1d8ccf6867220\vulcan\vulcantests\bin\anycpu\sign\vulcan.tests.dll" id="afebadca-06bd-756f-4b81-62072dee04db">
      <Execution id="ed5ce183-f1e7-43c1-8559-4108bb17421e" />
      <TestMethod codeBase="C:/BuildAgent/work/c1e1d8ccf6867220/Vulcan/VulcanTests/bin/AnyCPU/Sign/Vulcan.Tests.DLL" adapterTypeName="Microsoft.VisualStudio.TestTools.TestTypes.Unit.UnitTestAdapter, Microsoft.VisualStudio.QualityTools.Tips.UnitTest.Adapter, Version=10.0.0.0, Culture=neutral, PublicKeyToken=b03f5f7f11d50a3a" className="VulcanTests.Ssas2008EmitterTests.Ssas2008EmitterDimensionRelationshipTests, Vulcan.Tests, Version=1.0.0.0, Culture=neutral, PublicKeyToken=null" name="DimensionRelationship_Referenced" />
    </UnitTest>
    <UnitTest name="Schema_NoEmit" storage="c:\buildagent\work\c1e1d8ccf6867220\vulcan\vulcantests\bin\anycpu\sign\vulcan.tests.dll" id="7528a310-3770-c2fe-792d-086a47c766dc">
      <Execution id="370cb0a6-3214-4da0-8355-38e781acf365" />
      <TestMethod codeBase="C:/BuildAgent/work/c1e1d8ccf6867220/Vulcan/VulcanTests/bin/AnyCPU/Sign/Vulcan.Tests.DLL" adapterTypeName="Microsoft.VisualStudio.TestTools.TestTypes.Unit.UnitTestAdapter, Microsoft.VisualStudio.QualityTools.Tips.UnitTest.Adapter, Version=10.0.0.0, Culture=neutral, PublicKeyToken=b03f5f7f11d50a3a" className="VulcanTests.AstLowererSchemaTests, Vulcan.Tests, Version=1.0.0.0, Culture=neutral, PublicKeyToken=null" name="Schema_NoEmit" />
    </UnitTest>
    <UnitTest name="Package_Schema" storage="c:\buildagent\work\c1e1d8ccf6867220\vulcan\vulcantests\bin\anycpu\sign\vulcan.tests.dll" id="1347e8c4-91aa-be06-f3d0-8e7cda34c889">
      <Execution id="3bad994e-c14b-4101-b429-92d29a9c6ada" />
      <TestMethod codeBase="C:/BuildAgent/work/c1e1d8ccf6867220/Vulcan/VulcanTests/bin/AnyCPU/Sign/Vulcan.Tests.DLL" adapterTypeName="Microsoft.VisualStudio.TestTools.TestTypes.Unit.UnitTestAdapter, Microsoft.VisualStudio.QualityTools.Tips.UnitTest.Adapter, Version=10.0.0.0, Culture=neutral, PublicKeyToken=b03f5f7f11d50a3a" className="VulcanTests.Ssis2008EmitterTests.Ssis2008EmitterPackageTests, Vulcan.Tests, Version=1.0.0.0, Culture=neutral, PublicKeyToken=null" name="Package_Schema" />
    </UnitTest>
    <UnitTest name="Cube_DistinctCount" storage="c:\buildagent\work\c1e1d8ccf6867220\vulcan\vulcantests\bin\anycpu\sign\vulcan.tests.dll" id="b96f406a-8a3c-8f55-a542-9570256fd35b">
      <Execution id="ba44fdc2-8daf-472f-8b89-c45fcec3baf3" />
      <TestMethod codeBase="C:/BuildAgent/work/c1e1d8ccf6867220/Vulcan/VulcanTests/bin/AnyCPU/Sign/Vulcan.Tests.DLL" adapterTypeName="Microsoft.VisualStudio.TestTools.TestTypes.Unit.UnitTestAdapter, Microsoft.VisualStudio.QualityTools.Tips.UnitTest.Adapter, Version=10.0.0.0, Culture=neutral, PublicKeyToken=b03f5f7f11d50a3a" className="VulcanTests.Ssas2008EmitterTests.Ssas2008EmitterCubeTests, Vulcan.Tests, Version=1.0.0.0, Culture=neutral, PublicKeyToken=null" name="Cube_DistinctCount" />
    </UnitTest>
    <UnitTest name="Table_SpacedTable" storage="c:\buildagent\work\c1e1d8ccf6867220\vulcan\vulcantests\bin\anycpu\sign\vulcan.tests.dll" id="7cb124d4-0ee5-dd8a-02e1-96ad4a08d0f0">
      <Execution id="5ba07fc6-7050-40c7-8778-30d528263a5d" />
      <TestMethod codeBase="C:/BuildAgent/work/c1e1d8ccf6867220/Vulcan/VulcanTests/bin/AnyCPU/Sign/Vulcan.Tests.DLL" adapterTypeName="Microsoft.VisualStudio.TestTools.TestTypes.Unit.UnitTestAdapter, Microsoft.VisualStudio.QualityTools.Tips.UnitTest.Adapter, Version=10.0.0.0, Culture=neutral, PublicKeyToken=b03f5f7f11d50a3a" className="VulcanTests.AstLowererTableTests, Vulcan.Tests, Version=1.0.0.0, Culture=neutral, PublicKeyToken=null" name="Table_SpacedTable" />
    </UnitTest>
    <UnitTest name="Merge_NoUpdate" storage="c:\buildagent\work\c1e1d8ccf6867220\vulcan\vulcantests\bin\anycpu\sign\vulcan.tests.dll" id="39cc03e7-ef0f-cad1-a022-accc8bba6319">
      <Execution id="9759524f-9ed5-4128-a11a-d21a88424a39" />
      <TestMethod codeBase="C:/BuildAgent/work/c1e1d8ccf6867220/Vulcan/VulcanTests/bin/AnyCPU/Sign/Vulcan.Tests.DLL" adapterTypeName="Microsoft.VisualStudio.TestTools.TestTypes.Unit.UnitTestAdapter, Microsoft.VisualStudio.QualityTools.Tips.UnitTest.Adapter, Version=10.0.0.0, Culture=neutral, PublicKeyToken=b03f5f7f11d50a3a" className="VulcanTests.AstLowererPackageTests, Vulcan.Tests, Version=1.0.0.0, Culture=neutral, PublicKeyToken=null" name="Merge_NoUpdate" />
    </UnitTest>
    <UnitTest name="CloneTable_BasicTable_AddColumn" storage="c:\buildagent\work\c1e1d8ccf6867220\vulcan\vulcantests\bin\anycpu\sign\vulcan.tests.dll" id="acbb402c-05ce-dcf3-1ca5-22f5b8ae3004">
      <Execution id="84a24923-4468-4489-becc-dbd32ede3a41" />
      <TestMethod codeBase="C:/BuildAgent/work/c1e1d8ccf6867220/Vulcan/VulcanTests/bin/AnyCPU/Sign/Vulcan.Tests.DLL" adapterTypeName="Microsoft.VisualStudio.TestTools.TestTypes.Unit.UnitTestAdapter, Microsoft.VisualStudio.QualityTools.Tips.UnitTest.Adapter, Version=10.0.0.0, Culture=neutral, PublicKeyToken=b03f5f7f11d50a3a" className="VulcanTests.AstLowererCloneTableTests, Vulcan.Tests, Version=1.0.0.0, Culture=neutral, PublicKeyToken=null" name="CloneTable_BasicTable_AddColumn" />
    </UnitTest>
    <UnitTest name="Container_Basic" storage="c:\buildagent\work\c1e1d8ccf6867220\vulcan\vulcantests\bin\anycpu\sign\vulcan.tests.dll" id="29acdcbc-21d9-fc77-0151-19c0584133ee">
      <Execution id="9423966c-b043-4a43-9e70-058006c7b71a" />
      <TestMethod codeBase="C:/BuildAgent/work/c1e1d8ccf6867220/Vulcan/VulcanTests/bin/AnyCPU/Sign/Vulcan.Tests.DLL" adapterTypeName="Microsoft.VisualStudio.TestTools.TestTypes.Unit.UnitTestAdapter, Microsoft.VisualStudio.QualityTools.Tips.UnitTest.Adapter, Version=10.0.0.0, Culture=neutral, PublicKeyToken=b03f5f7f11d50a3a" className="VulcanTests.Ssis2008EmitterTests.Ssis2008EmitterTaskTests, Vulcan.Tests, Version=1.0.0.0, Culture=neutral, PublicKeyToken=null" name="Container_Basic" />
    </UnitTest>
    <UnitTest name="CloneTable_FullTable_CloneAllTrue" storage="c:\buildagent\work\c1e1d8ccf6867220\vulcan\vulcantests\bin\anycpu\sign\vulcan.tests.dll" id="648558f8-12c1-aa8a-c829-f0d56c297ac4">
      <Execution id="5b9e4e29-742d-424b-8f5b-d553a6ce626a" />
      <TestMethod codeBase="C:/BuildAgent/work/c1e1d8ccf6867220/Vulcan/VulcanTests/bin/AnyCPU/Sign/Vulcan.Tests.DLL" adapterTypeName="Microsoft.VisualStudio.TestTools.TestTypes.Unit.UnitTestAdapter, Microsoft.VisualStudio.QualityTools.Tips.UnitTest.Adapter, Version=10.0.0.0, Culture=neutral, PublicKeyToken=b03f5f7f11d50a3a" className="VulcanTests.AstLowererCloneTableTests, Vulcan.Tests, Version=1.0.0.0, Culture=neutral, PublicKeyToken=null" name="CloneTable_FullTable_CloneAllTrue" />
    </UnitTest>
    <UnitTest name="Package_PrecedenceConstraints" storage="c:\buildagent\work\c1e1d8ccf6867220\vulcan\vulcantests\bin\anycpu\sign\vulcan.tests.dll" id="4346f110-d1cb-bb2c-36ac-3e2c82c1df81">
      <Execution id="562ad3b4-1a45-44e5-a353-329392d38fd4" />
      <TestMethod codeBase="C:/BuildAgent/work/c1e1d8ccf6867220/Vulcan/VulcanTests/bin/AnyCPU/Sign/Vulcan.Tests.DLL" adapterTypeName="Microsoft.VisualStudio.TestTools.TestTypes.Unit.UnitTestAdapter, Microsoft.VisualStudio.QualityTools.Tips.UnitTest.Adapter, Version=10.0.0.0, Culture=neutral, PublicKeyToken=b03f5f7f11d50a3a" className="VulcanTests.Ssis2008EmitterTests.Ssis2008EmitterPackageTests, Vulcan.Tests, Version=1.0.0.0, Culture=neutral, PublicKeyToken=null" name="Package_PrecedenceConstraints" />
    </UnitTest>
    <UnitTest name="Merge_DisableScd" storage="c:\buildagent\work\c1e1d8ccf6867220\vulcan\vulcantests\bin\anycpu\sign\vulcan.tests.dll" id="60fd485a-fe26-c4fc-bb36-ef041cad84df">
      <Execution id="430e6586-add6-4298-8a95-96aaa1f89202" />
      <TestMethod codeBase="C:/BuildAgent/work/c1e1d8ccf6867220/Vulcan/VulcanTests/bin/AnyCPU/Sign/Vulcan.Tests.DLL" adapterTypeName="Microsoft.VisualStudio.TestTools.TestTypes.Unit.UnitTestAdapter, Microsoft.VisualStudio.QualityTools.Tips.UnitTest.Adapter, Version=10.0.0.0, Culture=neutral, PublicKeyToken=b03f5f7f11d50a3a" className="VulcanTests.AstLowererPackageTests, Vulcan.Tests, Version=1.0.0.0, Culture=neutral, PublicKeyToken=null" name="Merge_DisableScd" />
    </UnitTest>
    <UnitTest name="CloneTable_FullTable_MultipleKeys_CloneAllTrueAndAddMultipleKeys" storage="c:\buildagent\work\c1e1d8ccf6867220\vulcan\vulcantests\bin\anycpu\sign\vulcan.tests.dll" id="5deb5ca0-b4cf-175c-ab57-0da2ac0f7954">
      <Execution id="7914ec77-9f99-4f45-99ce-ec61adcf33f0" />
      <TestMethod codeBase="C:/BuildAgent/work/c1e1d8ccf6867220/Vulcan/VulcanTests/bin/AnyCPU/Sign/Vulcan.Tests.DLL" adapterTypeName="Microsoft.VisualStudio.TestTools.TestTypes.Unit.UnitTestAdapter, Microsoft.VisualStudio.QualityTools.Tips.UnitTest.Adapter, Version=10.0.0.0, Culture=neutral, PublicKeyToken=b03f5f7f11d50a3a" className="VulcanTests.AstLowererCloneTableTests, Vulcan.Tests, Version=1.0.0.0, Culture=neutral, PublicKeyToken=null" name="CloneTable_FullTable_MultipleKeys_CloneAllTrueAndAddMultipleKeys" />
    </UnitTest>
    <UnitTest name="Package_SystemVariables" storage="c:\buildagent\work\c1e1d8ccf6867220\vulcan\vulcantests\bin\anycpu\sign\vulcan.tests.dll" id="dce75f6a-2ef5-1d55-71d0-d1881ce9efb3">
      <Execution id="6b0eaf31-354d-4e8a-a9a1-572f613e1737" />
      <TestMethod codeBase="C:/BuildAgent/work/c1e1d8ccf6867220/Vulcan/VulcanTests/bin/AnyCPU/Sign/Vulcan.Tests.DLL" adapterTypeName="Microsoft.VisualStudio.TestTools.TestTypes.Unit.UnitTestAdapter, Microsoft.VisualStudio.QualityTools.Tips.UnitTest.Adapter, Version=10.0.0.0, Culture=neutral, PublicKeyToken=b03f5f7f11d50a3a" className="VulcanTests.Ssis2008EmitterTests.Ssis2008EmitterPackageTests, Vulcan.Tests, Version=1.0.0.0, Culture=neutral, PublicKeyToken=null" name="Package_SystemVariables" />
    </UnitTest>
    <UnitTest name="Cube_ProactiveCachingScheduledPolling" storage="c:\buildagent\work\c1e1d8ccf6867220\vulcan\vulcantests\bin\anycpu\sign\vulcan.tests.dll" id="59f45bb5-912b-1d1e-c56c-1e62c1843075">
      <Execution id="6c056718-37a3-4fa0-bc97-39bf1e2e5fb1" />
      <TestMethod codeBase="C:/BuildAgent/work/c1e1d8ccf6867220/Vulcan/VulcanTests/bin/AnyCPU/Sign/Vulcan.Tests.DLL" adapterTypeName="Microsoft.VisualStudio.TestTools.TestTypes.Unit.UnitTestAdapter, Microsoft.VisualStudio.QualityTools.Tips.UnitTest.Adapter, Version=10.0.0.0, Culture=neutral, PublicKeyToken=b03f5f7f11d50a3a" className="VulcanTests.Ssas2008EmitterTests.Ssas2008EmitterPartitionTests, Vulcan.Tests, Version=1.0.0.0, Culture=neutral, PublicKeyToken=null" name="Cube_ProactiveCachingScheduledPolling" />
    </UnitTest>
    <UnitTest name="Cube_Perspectives" storage="c:\buildagent\work\c1e1d8ccf6867220\vulcan\vulcantests\bin\anycpu\sign\vulcan.tests.dll" id="f778edf3-3682-a6e1-2095-10ef4134e195">
      <Execution id="0988d809-49a6-4de3-9672-077594a19db4" />
      <TestMethod codeBase="C:/BuildAgent/work/c1e1d8ccf6867220/Vulcan/VulcanTests/bin/AnyCPU/Sign/Vulcan.Tests.DLL" adapterTypeName="Microsoft.VisualStudio.TestTools.TestTypes.Unit.UnitTestAdapter, Microsoft.VisualStudio.QualityTools.Tips.UnitTest.Adapter, Version=10.0.0.0, Culture=neutral, PublicKeyToken=b03f5f7f11d50a3a" className="VulcanTests.Ssas2008EmitterTests.Ssas2008EmitterCubeTests, Vulcan.Tests, Version=1.0.0.0, Culture=neutral, PublicKeyToken=null" name="Cube_Perspectives" />
    </UnitTest>
    <UnitTest name="Merge_UnspecifiedColumnDefaultUsageType" storage="c:\buildagent\work\c1e1d8ccf6867220\vulcan\vulcantests\bin\anycpu\sign\vulcan.tests.dll" id="df417eee-2587-b4a7-9b4b-5d955fdd5d8b">
      <Execution id="eba73e8b-faa1-4370-a129-ced98e3348e0" />
      <TestMethod codeBase="C:/BuildAgent/work/c1e1d8ccf6867220/Vulcan/VulcanTests/bin/AnyCPU/Sign/Vulcan.Tests.DLL" adapterTypeName="Microsoft.VisualStudio.TestTools.TestTypes.Unit.UnitTestAdapter, Microsoft.VisualStudio.QualityTools.Tips.UnitTest.Adapter, Version=10.0.0.0, Culture=neutral, PublicKeyToken=b03f5f7f11d50a3a" className="VulcanTests.AstLowererPackageTests, Vulcan.Tests, Version=1.0.0.0, Culture=neutral, PublicKeyToken=null" name="Merge_UnspecifiedColumnDefaultUsageType" />
    </UnitTest>
    <UnitTest name="Package_BasicAndEmpty" storage="c:\buildagent\work\c1e1d8ccf6867220\vulcan\vulcantests\bin\anycpu\sign\vulcan.tests.dll" id="8208ce8e-4623-50ba-7d41-e7d571fde043">
      <Execution id="e5198862-e75d-4e08-b1ad-6d6cbbdc44e7" />
      <TestMethod codeBase="C:/BuildAgent/work/c1e1d8ccf6867220/Vulcan/VulcanTests/bin/AnyCPU/Sign/Vulcan.Tests.DLL" adapterTypeName="Microsoft.VisualStudio.TestTools.TestTypes.Unit.UnitTestAdapter, Microsoft.VisualStudio.QualityTools.Tips.UnitTest.Adapter, Version=10.0.0.0, Culture=neutral, PublicKeyToken=b03f5f7f11d50a3a" className="VulcanTests.AstLowererPackageTests, Vulcan.Tests, Version=1.0.0.0, Culture=neutral, PublicKeyToken=null" name="Package_BasicAndEmpty" />
    </UnitTest>
    <UnitTest name="StoredProcedure_ParametersOutput" storage="c:\buildagent\work\c1e1d8ccf6867220\vulcan\vulcantests\bin\anycpu\sign\vulcan.tests.dll" id="e22dfcc3-ffd5-2132-f085-ac0749af87c9">
      <Execution id="6d9bfa2d-b3ff-42db-9727-fff8a747007a" />
      <TestMethod codeBase="C:/BuildAgent/work/c1e1d8ccf6867220/Vulcan/VulcanTests/bin/AnyCPU/Sign/Vulcan.Tests.DLL" adapterTypeName="Microsoft.VisualStudio.TestTools.TestTypes.Unit.UnitTestAdapter, Microsoft.VisualStudio.QualityTools.Tips.UnitTest.Adapter, Version=10.0.0.0, Culture=neutral, PublicKeyToken=b03f5f7f11d50a3a" className="VulcanTests.AstLowererPackageTests, Vulcan.Tests, Version=1.0.0.0, Culture=neutral, PublicKeyToken=null" name="StoredProcedure_ParametersOutput" />
    </UnitTest>
    <UnitTest name="CommitPersistentVariable_Basic" storage="c:\buildagent\work\c1e1d8ccf6867220\vulcan\vulcantests\bin\anycpu\sign\vulcan.tests.dll" id="0e2c069e-f86c-c003-d8dc-f19b313e2e87">
      <Execution id="8917820d-0690-46a1-8eeb-d75fa21867b3" />
      <TestMethod codeBase="C:/BuildAgent/work/c1e1d8ccf6867220/Vulcan/VulcanTests/bin/AnyCPU/Sign/Vulcan.Tests.DLL" adapterTypeName="Microsoft.VisualStudio.TestTools.TestTypes.Unit.UnitTestAdapter, Microsoft.VisualStudio.QualityTools.Tips.UnitTest.Adapter, Version=10.0.0.0, Culture=neutral, PublicKeyToken=b03f5f7f11d50a3a" className="VulcanTests.Ssis2008EmitterTests.Ssis2008EmitterTaskTests, Vulcan.Tests, Version=1.0.0.0, Culture=neutral, PublicKeyToken=null" name="CommitPersistentVariable_Basic" />
    </UnitTest>
    <UnitTest name="StoredProcedure_Basic" storage="c:\buildagent\work\c1e1d8ccf6867220\vulcan\vulcantests\bin\anycpu\sign\vulcan.tests.dll" id="6b877421-5707-97e0-97c7-e782922ca1ad">
      <Execution id="a03040d5-9dbc-4563-add4-e25489c3e7cf" />
      <TestMethod codeBase="C:/BuildAgent/work/c1e1d8ccf6867220/Vulcan/VulcanTests/bin/AnyCPU/Sign/Vulcan.Tests.DLL" adapterTypeName="Microsoft.VisualStudio.TestTools.TestTypes.Unit.UnitTestAdapter, Microsoft.VisualStudio.QualityTools.Tips.UnitTest.Adapter, Version=10.0.0.0, Culture=neutral, PublicKeyToken=b03f5f7f11d50a3a" className="VulcanTests.AstLowererPackageTests, Vulcan.Tests, Version=1.0.0.0, Culture=neutral, PublicKeyToken=null" name="StoredProcedure_Basic" />
    </UnitTest>
    <UnitTest name="CloneTable_FullTable_CloneAllFalse" storage="c:\buildagent\work\c1e1d8ccf6867220\vulcan\vulcantests\bin\anycpu\sign\vulcan.tests.dll" id="f6d60fe5-16fc-9129-0c37-82aab28ca4a9">
      <Execution id="d5891b8f-4425-48cc-9268-8a5c920aa197" />
      <TestMethod codeBase="C:/BuildAgent/work/c1e1d8ccf6867220/Vulcan/VulcanTests/bin/AnyCPU/Sign/Vulcan.Tests.DLL" adapterTypeName="Microsoft.VisualStudio.TestTools.TestTypes.Unit.UnitTestAdapter, Microsoft.VisualStudio.QualityTools.Tips.UnitTest.Adapter, Version=10.0.0.0, Culture=neutral, PublicKeyToken=b03f5f7f11d50a3a" className="VulcanTests.AstLowererCloneTableTests, Vulcan.Tests, Version=1.0.0.0, Culture=neutral, PublicKeyToken=null" name="CloneTable_FullTable_CloneAllFalse" />
    </UnitTest>
    <UnitTest name="Table_UniqueKey_ColumnProperties" storage="c:\buildagent\work\c1e1d8ccf6867220\vulcan\vulcantests\bin\anycpu\sign\vulcan.tests.dll" id="d5c6b7ae-1c30-93c6-4fd6-c075f5032b7d">
      <Execution id="8b651258-ba50-4313-90de-b553eb96caaa" />
      <TestMethod codeBase="C:/BuildAgent/work/c1e1d8ccf6867220/Vulcan/VulcanTests/bin/AnyCPU/Sign/Vulcan.Tests.DLL" adapterTypeName="Microsoft.VisualStudio.TestTools.TestTypes.Unit.UnitTestAdapter, Microsoft.VisualStudio.QualityTools.Tips.UnitTest.Adapter, Version=10.0.0.0, Culture=neutral, PublicKeyToken=b03f5f7f11d50a3a" className="VulcanTests.AstLowererTableTests, Vulcan.Tests, Version=1.0.0.0, Culture=neutral, PublicKeyToken=null" name="Table_UniqueKey_ColumnProperties" />
    </UnitTest>
    <UnitTest name="CloneTable_FullTable_Indexes_CloneIndexesTrue" storage="c:\buildagent\work\c1e1d8ccf6867220\vulcan\vulcantests\bin\anycpu\sign\vulcan.tests.dll" id="5da6a91f-1090-11f6-ecb0-da20b3ecd886">
      <Execution id="2e01407c-901c-44bf-9cd1-f369c9baf8b0" />
      <TestMethod codeBase="C:/BuildAgent/work/c1e1d8ccf6867220/Vulcan/VulcanTests/bin/AnyCPU/Sign/Vulcan.Tests.DLL" adapterTypeName="Microsoft.VisualStudio.TestTools.TestTypes.Unit.UnitTestAdapter, Microsoft.VisualStudio.QualityTools.Tips.UnitTest.Adapter, Version=10.0.0.0, Culture=neutral, PublicKeyToken=b03f5f7f11d50a3a" className="VulcanTests.AstLowererCloneTableTests, Vulcan.Tests, Version=1.0.0.0, Culture=neutral, PublicKeyToken=null" name="CloneTable_FullTable_Indexes_CloneIndexesTrue" />
    </UnitTest>
    <UnitTest name="CalculatedMemberMeasureFormat" storage="c:\buildagent\work\c1e1d8ccf6867220\vulcan\vulcantests\bin\anycpu\sign\vulcan.tests.dll" id="d4dd639d-b29c-4083-c931-9790d67ca557">
      <Execution id="74a916e8-3d4c-4fb4-be84-77d717d1de8d" />
      <TestMethod codeBase="C:/BuildAgent/work/c1e1d8ccf6867220/Vulcan/VulcanTests/bin/AnyCPU/Sign/Vulcan.Tests.DLL" adapterTypeName="Microsoft.VisualStudio.TestTools.TestTypes.Unit.UnitTestAdapter, Microsoft.VisualStudio.QualityTools.Tips.UnitTest.Adapter, Version=10.0.0.0, Culture=neutral, PublicKeyToken=b03f5f7f11d50a3a" className="VulcanTests.Ssas2008EmitterTests.Ssas2008EmitterCalculationTests, Vulcan.Tests, Version=1.0.0.0, Culture=neutral, PublicKeyToken=null" name="CalculatedMemberMeasureFormat" />
    </UnitTest>
    <UnitTest name="Cube_Translations" storage="c:\buildagent\work\c1e1d8ccf6867220\vulcan\vulcantests\bin\anycpu\sign\vulcan.tests.dll" id="39da06b8-da9a-5e14-1f69-ff07783ddf10">
      <Execution id="16936438-94d3-424b-91d3-f08950d4da1b" />
      <TestMethod codeBase="C:/BuildAgent/work/c1e1d8ccf6867220/Vulcan/VulcanTests/bin/AnyCPU/Sign/Vulcan.Tests.DLL" adapterTypeName="Microsoft.VisualStudio.TestTools.TestTypes.Unit.UnitTestAdapter, Microsoft.VisualStudio.QualityTools.Tips.UnitTest.Adapter, Version=10.0.0.0, Culture=neutral, PublicKeyToken=b03f5f7f11d50a3a" className="VulcanTests.Ssas2008EmitterTests.Ssas2008EmitterCubeTests, Vulcan.Tests, Version=1.0.0.0, Culture=neutral, PublicKeyToken=null" name="Cube_Translations" />
    </UnitTest>
    <UnitTest name="Transformation_DerivedColumnBasic" storage="c:\buildagent\work\c1e1d8ccf6867220\vulcan\vulcantests\bin\anycpu\sign\vulcan.tests.dll" id="ce31ff2b-59db-5554-da4d-d205f18a9129">
      <Execution id="a4be7fb6-a96b-4a39-a596-fbaae2754dfb" />
      <TestMethod codeBase="C:/BuildAgent/work/c1e1d8ccf6867220/Vulcan/VulcanTests/bin/AnyCPU/Sign/Vulcan.Tests.DLL" adapterTypeName="Microsoft.VisualStudio.TestTools.TestTypes.Unit.UnitTestAdapter, Microsoft.VisualStudio.QualityTools.Tips.UnitTest.Adapter, Version=10.0.0.0, Culture=neutral, PublicKeyToken=b03f5f7f11d50a3a" className="VulcanTests.TemplateTransformationTests, Vulcan.Tests, Version=1.0.0.0, Culture=neutral, PublicKeyToken=null" name="Transformation_DerivedColumnBasic" />
    </UnitTest>
    <UnitTest name="Table_Index_ColumnProperties" storage="c:\buildagent\work\c1e1d8ccf6867220\vulcan\vulcantests\bin\anycpu\sign\vulcan.tests.dll" id="70b0e396-a65f-8ff3-5097-2323b999b44d">
      <Execution id="e72ddf94-5e8a-46f5-908d-041d9dc9585f" />
      <TestMethod codeBase="C:/BuildAgent/work/c1e1d8ccf6867220/Vulcan/VulcanTests/bin/AnyCPU/Sign/Vulcan.Tests.DLL" adapterTypeName="Microsoft.VisualStudio.TestTools.TestTypes.Unit.UnitTestAdapter, Microsoft.VisualStudio.QualityTools.Tips.UnitTest.Adapter, Version=10.0.0.0, Culture=neutral, PublicKeyToken=b03f5f7f11d50a3a" className="VulcanTests.AstLowererTableTests, Vulcan.Tests, Version=1.0.0.0, Culture=neutral, PublicKeyToken=null" name="Table_Index_ColumnProperties" />
    </UnitTest>
    <UnitTest name="CloneTable_FullTable_IdentityKey_CloneAllFalseAndAddIdentityKey" storage="c:\buildagent\work\c1e1d8ccf6867220\vulcan\vulcantests\bin\anycpu\sign\vulcan.tests.dll" id="cb2b613c-5eec-2ca0-e1d0-1b34a5951599">
      <Execution id="4b0987ca-f0ce-44fe-b212-f65e3cd052ac" />
      <TestMethod codeBase="C:/BuildAgent/work/c1e1d8ccf6867220/Vulcan/VulcanTests/bin/AnyCPU/Sign/Vulcan.Tests.DLL" adapterTypeName="Microsoft.VisualStudio.TestTools.TestTypes.Unit.UnitTestAdapter, Microsoft.VisualStudio.QualityTools.Tips.UnitTest.Adapter, Version=10.0.0.0, Culture=neutral, PublicKeyToken=b03f5f7f11d50a3a" className="VulcanTests.AstLowererCloneTableTests, Vulcan.Tests, Version=1.0.0.0, Culture=neutral, PublicKeyToken=null" name="CloneTable_FullTable_IdentityKey_CloneAllFalseAndAddIdentityKey" />
    </UnitTest>
    <UnitTest name="Table_StaticSource_Basic" storage="c:\buildagent\work\c1e1d8ccf6867220\vulcan\vulcantests\bin\anycpu\sign\vulcan.tests.dll" id="5cdf29e9-f21f-1ac1-73c1-8e610507a243">
      <Execution id="02c42a18-b09f-4dbe-84fa-235102e3232a" />
      <TestMethod codeBase="C:/BuildAgent/work/c1e1d8ccf6867220/Vulcan/VulcanTests/bin/AnyCPU/Sign/Vulcan.Tests.DLL" adapterTypeName="Microsoft.VisualStudio.TestTools.TestTypes.Unit.UnitTestAdapter, Microsoft.VisualStudio.QualityTools.Tips.UnitTest.Adapter, Version=10.0.0.0, Culture=neutral, PublicKeyToken=b03f5f7f11d50a3a" className="VulcanTests.AstLowererTableTests, Vulcan.Tests, Version=1.0.0.0, Culture=neutral, PublicKeyToken=null" name="Table_StaticSource_Basic" />
    </UnitTest>
    <UnitTest name="CloneTable_BasicTable_MultipleKeys_AddMultipleKeys" storage="c:\buildagent\work\c1e1d8ccf6867220\vulcan\vulcantests\bin\anycpu\sign\vulcan.tests.dll" id="8258bf30-f91f-2874-b3a5-df7b06aab7b0">
      <Execution id="d12dc648-a691-40be-8ca8-987548d49804" />
      <TestMethod codeBase="C:/BuildAgent/work/c1e1d8ccf6867220/Vulcan/VulcanTests/bin/AnyCPU/Sign/Vulcan.Tests.DLL" adapterTypeName="Microsoft.VisualStudio.TestTools.TestTypes.Unit.UnitTestAdapter, Microsoft.VisualStudio.QualityTools.Tips.UnitTest.Adapter, Version=10.0.0.0, Culture=neutral, PublicKeyToken=b03f5f7f11d50a3a" className="VulcanTests.AstLowererCloneTableTests, Vulcan.Tests, Version=1.0.0.0, Culture=neutral, PublicKeyToken=null" name="CloneTable_BasicTable_MultipleKeys_AddMultipleKeys" />
    </UnitTest>
    <UnitTest name="StoredProcedure_Permission" storage="c:\buildagent\work\c1e1d8ccf6867220\vulcan\vulcantests\bin\anycpu\sign\vulcan.tests.dll" id="457b3044-9413-799b-c6e9-1e4f2e5da8fc">
      <Execution id="65563769-ba16-4c91-adfe-dca72a9485e7" />
      <TestMethod codeBase="C:/BuildAgent/work/c1e1d8ccf6867220/Vulcan/VulcanTests/bin/AnyCPU/Sign/Vulcan.Tests.DLL" adapterTypeName="Microsoft.VisualStudio.TestTools.TestTypes.Unit.UnitTestAdapter, Microsoft.VisualStudio.QualityTools.Tips.UnitTest.Adapter, Version=10.0.0.0, Culture=neutral, PublicKeyToken=b03f5f7f11d50a3a" className="VulcanTests.AstLowererPackageTests, Vulcan.Tests, Version=1.0.0.0, Culture=neutral, PublicKeyToken=null" name="StoredProcedure_Permission" />
    </UnitTest>
    <UnitTest name="Merge_DelayValidation" storage="c:\buildagent\work\c1e1d8ccf6867220\vulcan\vulcantests\bin\anycpu\sign\vulcan.tests.dll" id="7aa5c5d7-9f22-0c87-8d06-93de7695f9cd">
      <Execution id="df5f2d07-021c-4eb6-840e-5b62c6e150f0" />
      <TestMethod codeBase="C:/BuildAgent/work/c1e1d8ccf6867220/Vulcan/VulcanTests/bin/AnyCPU/Sign/Vulcan.Tests.DLL" adapterTypeName="Microsoft.VisualStudio.TestTools.TestTypes.Unit.UnitTestAdapter, Microsoft.VisualStudio.QualityTools.Tips.UnitTest.Adapter, Version=10.0.0.0, Culture=neutral, PublicKeyToken=b03f5f7f11d50a3a" className="VulcanTests.AstLowererPackageTests, Vulcan.Tests, Version=1.0.0.0, Culture=neutral, PublicKeyToken=null" name="Merge_DelayValidation" />
    </UnitTest>
    <UnitTest name="Table_Column_Scd" storage="c:\buildagent\work\c1e1d8ccf6867220\vulcan\vulcantests\bin\anycpu\sign\vulcan.tests.dll" id="8ffa97a4-94ff-5762-bc24-fa8e3d6a7945">
      <Execution id="bd1a98fd-dfb8-47bf-8e10-c20ebeca9e03" />
      <TestMethod codeBase="C:/BuildAgent/work/c1e1d8ccf6867220/Vulcan/VulcanTests/bin/AnyCPU/Sign/Vulcan.Tests.DLL" adapterTypeName="Microsoft.VisualStudio.TestTools.TestTypes.Unit.UnitTestAdapter, Microsoft.VisualStudio.QualityTools.Tips.UnitTest.Adapter, Version=10.0.0.0, Culture=neutral, PublicKeyToken=b03f5f7f11d50a3a" className="VulcanTests.AstLowererTableTests, Vulcan.Tests, Version=1.0.0.0, Culture=neutral, PublicKeyToken=null" name="Table_Column_Scd" />
    </UnitTest>
    <UnitTest name="Dimension_Basic" storage="c:\buildagent\work\c1e1d8ccf6867220\vulcan\vulcantests\bin\anycpu\sign\vulcan.tests.dll" id="052695d4-dd39-dbb8-6513-330cf54aff68">
      <Execution id="a078969f-264b-4f5c-80fe-2a00965ad377" />
      <TestMethod codeBase="C:/BuildAgent/work/c1e1d8ccf6867220/Vulcan/VulcanTests/bin/AnyCPU/Sign/Vulcan.Tests.DLL" adapterTypeName="Microsoft.VisualStudio.TestTools.TestTypes.Unit.UnitTestAdapter, Microsoft.VisualStudio.QualityTools.Tips.UnitTest.Adapter, Version=10.0.0.0, Culture=neutral, PublicKeyToken=b03f5f7f11d50a3a" className="VulcanTests.Ssas2008EmitterTests.Ssas2008EmitterDimensionTests, Vulcan.Tests, Version=1.0.0.0, Culture=neutral, PublicKeyToken=null" name="Dimension_Basic" />
    </UnitTest>
    <UnitTest name="Table_Column_DefaultValues" storage="c:\buildagent\work\c1e1d8ccf6867220\vulcan\vulcantests\bin\anycpu\sign\vulcan.tests.dll" id="d86b9d3b-c2bb-9c4e-801d-ba94f9e7357f">
      <Execution id="8d866ad3-6c88-47f6-b5c9-99d0ab7f5650" />
      <TestMethod codeBase="C:/BuildAgent/work/c1e1d8ccf6867220/Vulcan/VulcanTests/bin/AnyCPU/Sign/Vulcan.Tests.DLL" adapterTypeName="Microsoft.VisualStudio.TestTools.TestTypes.Unit.UnitTestAdapter, Microsoft.VisualStudio.QualityTools.Tips.UnitTest.Adapter, Version=10.0.0.0, Culture=neutral, PublicKeyToken=b03f5f7f11d50a3a" className="VulcanTests.AstLowererTableTests, Vulcan.Tests, Version=1.0.0.0, Culture=neutral, PublicKeyToken=null" name="Table_Column_DefaultValues" />
    </UnitTest>
    <UnitTest name="Package_TransactionModeNoTransaction" storage="c:\buildagent\work\c1e1d8ccf6867220\vulcan\vulcantests\bin\anycpu\sign\vulcan.tests.dll" id="90ee3489-5f1a-9e9a-705c-bfe3bda6f54d">
      <Execution id="a0a0fd45-0617-4c96-9d08-91b7d3b2d4e1" />
      <TestMethod codeBase="C:/BuildAgent/work/c1e1d8ccf6867220/Vulcan/VulcanTests/bin/AnyCPU/Sign/Vulcan.Tests.DLL" adapterTypeName="Microsoft.VisualStudio.TestTools.TestTypes.Unit.UnitTestAdapter, Microsoft.VisualStudio.QualityTools.Tips.UnitTest.Adapter, Version=10.0.0.0, Culture=neutral, PublicKeyToken=b03f5f7f11d50a3a" className="VulcanTests.Ssis2008EmitterTests.Ssis2008EmitterPackageTests, Vulcan.Tests, Version=1.0.0.0, Culture=neutral, PublicKeyToken=null" name="Package_TransactionModeNoTransaction" />
    </UnitTest>
    <UnitTest name="Package_Variables" storage="c:\buildagent\work\c1e1d8ccf6867220\vulcan\vulcantests\bin\anycpu\sign\vulcan.tests.dll" id="8dcaf0b0-f17f-487b-1e98-eb7c6eaaaa4e">
      <Execution id="7ede830c-15ef-41d7-9c66-f656d2894adc" />
      <TestMethod codeBase="C:/BuildAgent/work/c1e1d8ccf6867220/Vulcan/VulcanTests/bin/AnyCPU/Sign/Vulcan.Tests.DLL" adapterTypeName="Microsoft.VisualStudio.TestTools.TestTypes.Unit.UnitTestAdapter, Microsoft.VisualStudio.QualityTools.Tips.UnitTest.Adapter, Version=10.0.0.0, Culture=neutral, PublicKeyToken=b03f5f7f11d50a3a" className="VulcanTests.SsisEmitterTests.SsisEmitterPackageTests, Vulcan.Tests, Version=1.0.0.0, Culture=neutral, PublicKeyToken=null" name="Package_Variables" />
    </UnitTest>
    <UnitTest name="IsNullPatcher_ValidateExternalMetadata" storage="c:\buildagent\work\c1e1d8ccf6867220\vulcan\vulcantests\bin\anycpu\sign\vulcan.tests.dll" id="0fad9a47-d5ef-e9a4-4ce7-ab1c54dbf305">
      <Execution id="0e94f81e-c89e-4b35-9232-a1916b3c30ac" />
      <TestMethod codeBase="C:/BuildAgent/work/c1e1d8ccf6867220/Vulcan/VulcanTests/bin/AnyCPU/Sign/Vulcan.Tests.DLL" adapterTypeName="Microsoft.VisualStudio.TestTools.TestTypes.Unit.UnitTestAdapter, Microsoft.VisualStudio.QualityTools.Tips.UnitTest.Adapter, Version=10.0.0.0, Culture=neutral, PublicKeyToken=b03f5f7f11d50a3a" className="VulcanTests.AstLowererPackageTests, Vulcan.Tests, Version=1.0.0.0, Culture=neutral, PublicKeyToken=null" name="IsNullPatcher_ValidateExternalMetadata" />
    </UnitTest>
    <UnitTest name="Principal_DatabaseRole" storage="c:\buildagent\work\c1e1d8ccf6867220\vulcan\vulcantests\bin\anycpu\sign\vulcan.tests.dll" id="f9abbf63-7a7f-75fb-23ee-e8740e1f5877">
      <Execution id="d56dd168-8f3f-4b2a-9839-0a841c06f507" />
      <TestMethod codeBase="C:/BuildAgent/work/c1e1d8ccf6867220/Vulcan/VulcanTests/bin/AnyCPU/Sign/Vulcan.Tests.DLL" adapterTypeName="Microsoft.VisualStudio.TestTools.TestTypes.Unit.UnitTestAdapter, Microsoft.VisualStudio.QualityTools.Tips.UnitTest.Adapter, Version=10.0.0.0, Culture=neutral, PublicKeyToken=b03f5f7f11d50a3a" className="VulcanTests.AstLowererPrincipalTests, Vulcan.Tests, Version=1.0.0.0, Culture=neutral, PublicKeyToken=null" name="Principal_DatabaseRole" />
    </UnitTest>
    <UnitTest name="Package_AccessConnection" storage="c:\buildagent\work\c1e1d8ccf6867220\vulcan\vulcantests\bin\anycpu\sign\vulcan.tests.dll" id="d54e5e66-c31a-6313-7c83-b398de2cb619">
      <Execution id="7e9f4d91-31bd-4f9f-90b3-9918ca9d5d99" />
      <TestMethod codeBase="C:/BuildAgent/work/c1e1d8ccf6867220/Vulcan/VulcanTests/bin/AnyCPU/Sign/Vulcan.Tests.DLL" adapterTypeName="Microsoft.VisualStudio.TestTools.TestTypes.Unit.UnitTestAdapter, Microsoft.VisualStudio.QualityTools.Tips.UnitTest.Adapter, Version=10.0.0.0, Culture=neutral, PublicKeyToken=b03f5f7f11d50a3a" className="VulcanTests.Ssis2008EmitterTests.Ssis2008EmitterPackageTests, Vulcan.Tests, Version=1.0.0.0, Culture=neutral, PublicKeyToken=null" name="Package_AccessConnection" />
    </UnitTest>
    <UnitTest name="Schema_Permissions" storage="c:\buildagent\work\c1e1d8ccf6867220\vulcan\vulcantests\bin\anycpu\sign\vulcan.tests.dll" id="dfa861b4-fd63-28b0-1e1e-0640d1ea88d2">
      <Execution id="e0c566d4-9029-4019-b493-2febf4ed3f3d" />
      <TestMethod codeBase="C:/BuildAgent/work/c1e1d8ccf6867220/Vulcan/VulcanTests/bin/AnyCPU/Sign/Vulcan.Tests.DLL" adapterTypeName="Microsoft.VisualStudio.TestTools.TestTypes.Unit.UnitTestAdapter, Microsoft.VisualStudio.QualityTools.Tips.UnitTest.Adapter, Version=10.0.0.0, Culture=neutral, PublicKeyToken=b03f5f7f11d50a3a" className="VulcanTests.AstLowererSchemaTests, Vulcan.Tests, Version=1.0.0.0, Culture=neutral, PublicKeyToken=null" name="Schema_Permissions" />
    </UnitTest>
    <UnitTest name="ExecutePackage_File" storage="c:\buildagent\work\c1e1d8ccf6867220\vulcan\vulcantests\bin\anycpu\sign\vulcan.tests.dll" id="1f86140f-89f8-911c-93e7-fbca6444cfce">
      <Execution id="b3a85748-24a8-4bd0-ad89-a201c464a7d9" />
      <TestMethod codeBase="C:/BuildAgent/work/c1e1d8ccf6867220/Vulcan/VulcanTests/bin/AnyCPU/Sign/Vulcan.Tests.DLL" adapterTypeName="Microsoft.VisualStudio.TestTools.TestTypes.Unit.UnitTestAdapter, Microsoft.VisualStudio.QualityTools.Tips.UnitTest.Adapter, Version=10.0.0.0, Culture=neutral, PublicKeyToken=b03f5f7f11d50a3a" className="VulcanTests.SsisEmitterTests.SsisEmitterTaskTests, Vulcan.Tests, Version=1.0.0.0, Culture=neutral, PublicKeyToken=null" name="ExecutePackage_File" />
    </UnitTest>
    <UnitTest name="Role_Basic" storage="c:\buildagent\work\c1e1d8ccf6867220\vulcan\vulcantests\bin\anycpu\sign\vulcan.tests.dll" id="3f0f6a3f-ef83-9a6c-2580-2ad905ba9f60">
      <Execution id="505e4c58-7d58-49e2-8b9e-0de49d956857" />
      <TestMethod codeBase="C:/BuildAgent/work/c1e1d8ccf6867220/Vulcan/VulcanTests/bin/AnyCPU/Sign/Vulcan.Tests.DLL" adapterTypeName="Microsoft.VisualStudio.TestTools.TestTypes.Unit.UnitTestAdapter, Microsoft.VisualStudio.QualityTools.Tips.UnitTest.Adapter, Version=10.0.0.0, Culture=neutral, PublicKeyToken=b03f5f7f11d50a3a" className="VulcanTests.Ssas2008EmitterTests.Ssas2008EmitterRoleTests, Vulcan.Tests, Version=1.0.0.0, Culture=neutral, PublicKeyToken=null" name="Role_Basic" />
    </UnitTest>
    <UnitTest name="ExecuteSql_Events" storage="c:\buildagent\work\c1e1d8ccf6867220\vulcan\vulcantests\bin\anycpu\sign\vulcan.tests.dll" id="f5d87b9d-723f-3e44-2979-9fe32e51f646">
      <Execution id="0a1475c4-4618-4b36-b0b5-4aaecbb61fe9" />
      <TestMethod codeBase="C:/BuildAgent/work/c1e1d8ccf6867220/Vulcan/VulcanTests/bin/AnyCPU/Sign/Vulcan.Tests.DLL" adapterTypeName="Microsoft.VisualStudio.TestTools.TestTypes.Unit.UnitTestAdapter, Microsoft.VisualStudio.QualityTools.Tips.UnitTest.Adapter, Version=10.0.0.0, Culture=neutral, PublicKeyToken=b03f5f7f11d50a3a" className="VulcanTests.SsisEmitterTests.SsisEmitterTaskTests, Vulcan.Tests, Version=1.0.0.0, Culture=neutral, PublicKeyToken=null" name="ExecuteSql_Events" />
    </UnitTest>
    <UnitTest name="Etl_Transformations_MulticastBasic" storage="c:\buildagent\work\c1e1d8ccf6867220\vulcan\vulcantests\bin\anycpu\sign\vulcan.tests.dll" id="3e115ff5-2a75-450e-cee0-8732dce51137">
      <Execution id="6a476b9e-49b7-4e75-92ce-aecef45bb860" />
      <TestMethod codeBase="C:/BuildAgent/work/c1e1d8ccf6867220/Vulcan/VulcanTests/bin/AnyCPU/Sign/Vulcan.Tests.DLL" adapterTypeName="Microsoft.VisualStudio.TestTools.TestTypes.Unit.UnitTestAdapter, Microsoft.VisualStudio.QualityTools.Tips.UnitTest.Adapter, Version=10.0.0.0, Culture=neutral, PublicKeyToken=b03f5f7f11d50a3a" className="VulcanTests.Ssis2008EmitterTests.Ssis2008EmitterEtlTests, Vulcan.Tests, Version=1.0.0.0, Culture=neutral, PublicKeyToken=null" name="Etl_Transformations_MulticastBasic" />
    </UnitTest>
    <UnitTest name="CloneTable_BasicTable_UniqueKey_AddUniqueKey" storage="c:\buildagent\work\c1e1d8ccf6867220\vulcan\vulcantests\bin\anycpu\sign\vulcan.tests.dll" id="f6881c8f-e5b9-f224-4f99-14987770a668">
      <Execution id="44d5456e-5c4c-444e-b169-2315ede97efa" />
      <TestMethod codeBase="C:/BuildAgent/work/c1e1d8ccf6867220/Vulcan/VulcanTests/bin/AnyCPU/Sign/Vulcan.Tests.DLL" adapterTypeName="Microsoft.VisualStudio.TestTools.TestTypes.Unit.UnitTestAdapter, Microsoft.VisualStudio.QualityTools.Tips.UnitTest.Adapter, Version=10.0.0.0, Culture=neutral, PublicKeyToken=b03f5f7f11d50a3a" className="VulcanTests.AstLowererCloneTableTests, Vulcan.Tests, Version=1.0.0.0, Culture=neutral, PublicKeyToken=null" name="CloneTable_BasicTable_UniqueKey_AddUniqueKey" />
    </UnitTest>
    <UnitTest name="CloneTable_FullTable_Indexes_CloneAllFalseAndAddIndexes" storage="c:\buildagent\work\c1e1d8ccf6867220\vulcan\vulcantests\bin\anycpu\sign\vulcan.tests.dll" id="90971743-6d6c-ef70-cbb6-fb8071ff5bec">
      <Execution id="d6730eff-e2fc-40a0-a6ec-4b2a1719a2d4" />
      <TestMethod codeBase="C:/BuildAgent/work/c1e1d8ccf6867220/Vulcan/VulcanTests/bin/AnyCPU/Sign/Vulcan.Tests.DLL" adapterTypeName="Microsoft.VisualStudio.TestTools.TestTypes.Unit.UnitTestAdapter, Microsoft.VisualStudio.QualityTools.Tips.UnitTest.Adapter, Version=10.0.0.0, Culture=neutral, PublicKeyToken=b03f5f7f11d50a3a" className="VulcanTests.AstLowererCloneTableTests, Vulcan.Tests, Version=1.0.0.0, Culture=neutral, PublicKeyToken=null" name="CloneTable_FullTable_Indexes_CloneAllFalseAndAddIndexes" />
    </UnitTest>
    <UnitTest name="Attribute_IsRelatedToKey" storage="c:\buildagent\work\c1e1d8ccf6867220\vulcan\vulcantests\bin\anycpu\sign\vulcan.tests.dll" id="71f410d6-d6f8-4e26-877b-218a8795b78f">
      <Execution id="5624ffbc-d67d-467b-9398-a4b3382a2f9e" />
      <TestMethod codeBase="C:/BuildAgent/work/c1e1d8ccf6867220/Vulcan/VulcanTests/bin/AnyCPU/Sign/Vulcan.Tests.DLL" adapterTypeName="Microsoft.VisualStudio.TestTools.TestTypes.Unit.UnitTestAdapter, Microsoft.VisualStudio.QualityTools.Tips.UnitTest.Adapter, Version=10.0.0.0, Culture=neutral, PublicKeyToken=b03f5f7f11d50a3a" className="VulcanTests.AstAttributeNodeTests, Vulcan.Tests, Version=1.0.0.0, Culture=neutral, PublicKeyToken=null" name="Attribute_IsRelatedToKey" />
    </UnitTest>
    <UnitTest name="Project_MultiplePackages" storage="c:\buildagent\work\c1e1d8ccf6867220\vulcan\vulcantests\bin\anycpu\sign\vulcan.tests.dll" id="102e335f-81d2-02d9-d6d1-87cc82b538dd">
      <Execution id="b75830cb-ba36-4fa7-ae8b-71d3f04281fc" />
      <TestMethod codeBase="C:/BuildAgent/work/c1e1d8ccf6867220/Vulcan/VulcanTests/bin/AnyCPU/Sign/Vulcan.Tests.DLL" adapterTypeName="Microsoft.VisualStudio.TestTools.TestTypes.Unit.UnitTestAdapter, Microsoft.VisualStudio.QualityTools.Tips.UnitTest.Adapter, Version=10.0.0.0, Culture=neutral, PublicKeyToken=b03f5f7f11d50a3a" className="VulcanTests.SsisEmitterTests.SsisEmitterProjectTests, Vulcan.Tests, Version=1.0.0.0, Culture=neutral, PublicKeyToken=null" name="Project_MultiplePackages" />
    </UnitTest>
    <UnitTest name="Project_Basic" storage="c:\buildagent\work\c1e1d8ccf6867220\vulcan\vulcantests\bin\anycpu\sign\vulcan.tests.dll" id="1987d618-0db3-077a-de86-cdb1777ab095">
      <Execution id="0c218064-7ec2-4b13-8122-f8ced077996f" />
      <TestMethod codeBase="C:/BuildAgent/work/c1e1d8ccf6867220/Vulcan/VulcanTests/bin/AnyCPU/Sign/Vulcan.Tests.DLL" adapterTypeName="Microsoft.VisualStudio.TestTools.TestTypes.Unit.UnitTestAdapter, Microsoft.VisualStudio.QualityTools.Tips.UnitTest.Adapter, Version=10.0.0.0, Culture=neutral, PublicKeyToken=b03f5f7f11d50a3a" className="VulcanTests.SsisEmitterTests.SsisEmitterProjectTests, Vulcan.Tests, Version=1.0.0.0, Culture=neutral, PublicKeyToken=null" name="Project_Basic" />
    </UnitTest>
    <UnitTest name="ExecuteSql_Parameters" storage="c:\buildagent\work\c1e1d8ccf6867220\vulcan\vulcantests\bin\anycpu\sign\vulcan.tests.dll" id="cbdce46f-95ba-019e-e325-762c66018143">
      <Execution id="45913751-4187-4e21-af99-117b6abab1a9" />
      <TestMethod codeBase="C:/BuildAgent/work/c1e1d8ccf6867220/Vulcan/VulcanTests/bin/AnyCPU/Sign/Vulcan.Tests.DLL" adapterTypeName="Microsoft.VisualStudio.TestTools.TestTypes.Unit.UnitTestAdapter, Microsoft.VisualStudio.QualityTools.Tips.UnitTest.Adapter, Version=10.0.0.0, Culture=neutral, PublicKeyToken=b03f5f7f11d50a3a" className="VulcanTests.SsisEmitterTests.SsisEmitterTaskTests, Vulcan.Tests, Version=1.0.0.0, Culture=neutral, PublicKeyToken=null" name="ExecuteSql_Parameters" />
    </UnitTest>
    <UnitTest name="Dimension_ColumnTypes" storage="c:\buildagent\work\c1e1d8ccf6867220\vulcan\vulcantests\bin\anycpu\sign\vulcan.tests.dll" id="fc433d90-0595-5f22-037b-9728a623c09d">
      <Execution id="bf4fb69b-1c19-468b-8424-1a51f5c3ebd1" />
      <TestMethod codeBase="C:/BuildAgent/work/c1e1d8ccf6867220/Vulcan/VulcanTests/bin/AnyCPU/Sign/Vulcan.Tests.DLL" adapterTypeName="Microsoft.VisualStudio.TestTools.TestTypes.Unit.UnitTestAdapter, Microsoft.VisualStudio.QualityTools.Tips.UnitTest.Adapter, Version=10.0.0.0, Culture=neutral, PublicKeyToken=b03f5f7f11d50a3a" className="VulcanTests.Ssas2008EmitterTests.Ssas2008EmitterDimensionTests, Vulcan.Tests, Version=1.0.0.0, Culture=neutral, PublicKeyToken=null" name="Dimension_ColumnTypes" />
    </UnitTest>
    <UnitTest name="Package_TaskOrder" storage="c:\buildagent\work\c1e1d8ccf6867220\vulcan\vulcantests\bin\anycpu\sign\vulcan.tests.dll" id="0941dd1d-5892-eb80-67e0-c8182f66d4b1">
      <Execution id="5f76901b-c502-45e6-b7be-2cbdf2c39b0a" />
      <TestMethod codeBase="C:/BuildAgent/work/c1e1d8ccf6867220/Vulcan/VulcanTests/bin/AnyCPU/Sign/Vulcan.Tests.DLL" adapterTypeName="Microsoft.VisualStudio.TestTools.TestTypes.Unit.UnitTestAdapter, Microsoft.VisualStudio.QualityTools.Tips.UnitTest.Adapter, Version=10.0.0.0, Culture=neutral, PublicKeyToken=b03f5f7f11d50a3a" className="VulcanTests.Ssis2008EmitterTests.Ssis2008EmitterPackageTests, Vulcan.Tests, Version=1.0.0.0, Culture=neutral, PublicKeyToken=null" name="Package_TaskOrder" />
    </UnitTest>
    <UnitTest name="Etl_QuerySourceSpace" storage="c:\buildagent\work\c1e1d8ccf6867220\vulcan\vulcantests\bin\anycpu\sign\vulcan.tests.dll" id="3c857393-b29f-2e39-c143-02b7b6bbb145">
      <Execution id="852041bf-9e2e-4e0c-9e47-9714c74c220b" />
      <TestMethod codeBase="C:/BuildAgent/work/c1e1d8ccf6867220/Vulcan/VulcanTests/bin/AnyCPU/Sign/Vulcan.Tests.DLL" adapterTypeName="Microsoft.VisualStudio.TestTools.TestTypes.Unit.UnitTestAdapter, Microsoft.VisualStudio.QualityTools.Tips.UnitTest.Adapter, Version=10.0.0.0, Culture=neutral, PublicKeyToken=b03f5f7f11d50a3a" className="VulcanTests.Ssis2008EmitterTests.Ssis2008EmitterEtlTests, Vulcan.Tests, Version=1.0.0.0, Culture=neutral, PublicKeyToken=null" name="Etl_QuerySourceSpace" />
    </UnitTest>
    <UnitTest name="Table_StaticSourceEscapedQuotes" storage="c:\buildagent\work\c1e1d8ccf6867220\vulcan\vulcantests\bin\anycpu\sign\vulcan.tests.dll" id="c9aac1ae-f2c4-280c-8332-76bc3d13cc9a">
      <Execution id="d0c628f2-01ad-4027-9a88-974a7a3b3396" />
      <TestMethod codeBase="C:/BuildAgent/work/c1e1d8ccf6867220/Vulcan/VulcanTests/bin/AnyCPU/Sign/Vulcan.Tests.DLL" adapterTypeName="Microsoft.VisualStudio.TestTools.TestTypes.Unit.UnitTestAdapter, Microsoft.VisualStudio.QualityTools.Tips.UnitTest.Adapter, Version=10.0.0.0, Culture=neutral, PublicKeyToken=b03f5f7f11d50a3a" className="VulcanTests.AstTableNodeTests, Vulcan.Tests, Version=1.0.0.0, Culture=neutral, PublicKeyToken=null" name="Table_StaticSourceEscapedQuotes" />
    </UnitTest>
    <UnitTest name="IsNullPatcher_MultipleColumns" storage="c:\buildagent\work\c1e1d8ccf6867220\vulcan\vulcantests\bin\anycpu\sign\vulcan.tests.dll" id="63880208-b526-c058-ea9d-49202d599497">
      <Execution id="34eaa92c-c129-4e65-b886-eedd4a068e7e" />
      <TestMethod codeBase="C:/BuildAgent/work/c1e1d8ccf6867220/Vulcan/VulcanTests/bin/AnyCPU/Sign/Vulcan.Tests.DLL" adapterTypeName="Microsoft.VisualStudio.TestTools.TestTypes.Unit.UnitTestAdapter, Microsoft.VisualStudio.QualityTools.Tips.UnitTest.Adapter, Version=10.0.0.0, Culture=neutral, PublicKeyToken=b03f5f7f11d50a3a" className="VulcanTests.AstLowererPackageTests, Vulcan.Tests, Version=1.0.0.0, Culture=neutral, PublicKeyToken=null" name="IsNullPatcher_MultipleColumns" />
    </UnitTest>
    <UnitTest name="Principal_WindowsUser" storage="c:\buildagent\work\c1e1d8ccf6867220\vulcan\vulcantests\bin\anycpu\sign\vulcan.tests.dll" id="7a52f4e0-d561-c4b3-66f7-584536cd6ea6">
      <Execution id="fdddbd98-ac78-4377-be5c-a69f549f9675" />
      <TestMethod codeBase="C:/BuildAgent/work/c1e1d8ccf6867220/Vulcan/VulcanTests/bin/AnyCPU/Sign/Vulcan.Tests.DLL" adapterTypeName="Microsoft.VisualStudio.TestTools.TestTypes.Unit.UnitTestAdapter, Microsoft.VisualStudio.QualityTools.Tips.UnitTest.Adapter, Version=10.0.0.0, Culture=neutral, PublicKeyToken=b03f5f7f11d50a3a" className="VulcanTests.AstLowererPrincipalTests, Vulcan.Tests, Version=1.0.0.0, Culture=neutral, PublicKeyToken=null" name="Principal_WindowsUser" />
    </UnitTest>
    <UnitTest name="Etl_Transformations_DerivedColumnErrorRowDisposition" storage="c:\buildagent\work\c1e1d8ccf6867220\vulcan\vulcantests\bin\anycpu\sign\vulcan.tests.dll" id="c3312d45-b37d-8274-3963-fc92ad9aa6ed">
      <Execution id="43b8bb6e-df11-4733-a1d5-1c02c51dd469" />
      <TestMethod codeBase="C:/BuildAgent/work/c1e1d8ccf6867220/Vulcan/VulcanTests/bin/AnyCPU/Sign/Vulcan.Tests.DLL" adapterTypeName="Microsoft.VisualStudio.TestTools.TestTypes.Unit.UnitTestAdapter, Microsoft.VisualStudio.QualityTools.Tips.UnitTest.Adapter, Version=10.0.0.0, Culture=neutral, PublicKeyToken=b03f5f7f11d50a3a" className="VulcanTests.Ssis2008EmitterTests.Ssis2008EmitterEtlTests, Vulcan.Tests, Version=1.0.0.0, Culture=neutral, PublicKeyToken=null" name="Etl_Transformations_DerivedColumnErrorRowDisposition" />
    </UnitTest>
    <UnitTest name="Table_PrimaryKey_Properties" storage="c:\buildagent\work\c1e1d8ccf6867220\vulcan\vulcantests\bin\anycpu\sign\vulcan.tests.dll" id="33f820e0-dbd9-ffdb-9239-52c7bf2d596a">
      <Execution id="abab5406-4098-4144-9ae4-c45869febebf" />
      <TestMethod codeBase="C:/BuildAgent/work/c1e1d8ccf6867220/Vulcan/VulcanTests/bin/AnyCPU/Sign/Vulcan.Tests.DLL" adapterTypeName="Microsoft.VisualStudio.TestTools.TestTypes.Unit.UnitTestAdapter, Microsoft.VisualStudio.QualityTools.Tips.UnitTest.Adapter, Version=10.0.0.0, Culture=neutral, PublicKeyToken=b03f5f7f11d50a3a" className="VulcanTests.AstLowererTableTests, Vulcan.Tests, Version=1.0.0.0, Culture=neutral, PublicKeyToken=null" name="Table_PrimaryKey_Properties" />
    </UnitTest>
    <UnitTest name="Container_DelayValidation" storage="c:\buildagent\work\c1e1d8ccf6867220\vulcan\vulcantests\bin\anycpu\sign\vulcan.tests.dll" id="d4b1af0d-c38b-0e88-03a3-d406f2bd0e98">
      <Execution id="d95c4100-8ffd-43ec-85e2-835a6c3c781b" />
      <TestMethod codeBase="C:/BuildAgent/work/c1e1d8ccf6867220/Vulcan/VulcanTests/bin/AnyCPU/Sign/Vulcan.Tests.DLL" adapterTypeName="Microsoft.VisualStudio.TestTools.TestTypes.Unit.UnitTestAdapter, Microsoft.VisualStudio.QualityTools.Tips.UnitTest.Adapter, Version=10.0.0.0, Culture=neutral, PublicKeyToken=b03f5f7f11d50a3a" className="VulcanTests.Ssis2008EmitterTests.Ssis2008EmitterTaskTests, Vulcan.Tests, Version=1.0.0.0, Culture=neutral, PublicKeyToken=null" name="Container_DelayValidation" />
    </UnitTest>
    <UnitTest name="Container_IsolationLevelChaos" storage="c:\buildagent\work\c1e1d8ccf6867220\vulcan\vulcantests\bin\anycpu\sign\vulcan.tests.dll" id="02223cd1-e988-099c-7340-6a37cd827075">
      <Execution id="714b44a8-184e-43fe-a090-0fa1d412685a" />
      <TestMethod codeBase="C:/BuildAgent/work/c1e1d8ccf6867220/Vulcan/VulcanTests/bin/AnyCPU/Sign/Vulcan.Tests.DLL" adapterTypeName="Microsoft.VisualStudio.TestTools.TestTypes.Unit.UnitTestAdapter, Microsoft.VisualStudio.QualityTools.Tips.UnitTest.Adapter, Version=10.0.0.0, Culture=neutral, PublicKeyToken=b03f5f7f11d50a3a" className="VulcanTests.Ssis2008EmitterTests.Ssis2008EmitterTaskTests, Vulcan.Tests, Version=1.0.0.0, Culture=neutral, PublicKeyToken=null" name="Container_IsolationLevelChaos" />
    </UnitTest>
    <UnitTest name="CloneTable_BasicTable_PrimaryKey_AddPrimaryKey" storage="c:\buildagent\work\c1e1d8ccf6867220\vulcan\vulcantests\bin\anycpu\sign\vulcan.tests.dll" id="117a3648-616a-6178-f97a-35b41eef5e15">
      <Execution id="d936067f-2e2d-42aa-8a66-0a2b0e6a6ec4" />
      <TestMethod codeBase="C:/BuildAgent/work/c1e1d8ccf6867220/Vulcan/VulcanTests/bin/AnyCPU/Sign/Vulcan.Tests.DLL" adapterTypeName="Microsoft.VisualStudio.TestTools.TestTypes.Unit.UnitTestAdapter, Microsoft.VisualStudio.QualityTools.Tips.UnitTest.Adapter, Version=10.0.0.0, Culture=neutral, PublicKeyToken=b03f5f7f11d50a3a" className="VulcanTests.AstLowererCloneTableTests, Vulcan.Tests, Version=1.0.0.0, Culture=neutral, PublicKeyToken=null" name="CloneTable_BasicTable_PrimaryKey_AddPrimaryKey" />
    </UnitTest>
    <UnitTest name="Merge_Basic" storage="c:\buildagent\work\c1e1d8ccf6867220\vulcan\vulcantests\bin\anycpu\sign\vulcan.tests.dll" id="81d07ce2-30e7-d151-1e23-3d5a80dfc210">
      <Execution id="a7044565-0792-4ca5-8108-7901612f3bea" />
      <TestMethod codeBase="C:/BuildAgent/work/c1e1d8ccf6867220/Vulcan/VulcanTests/bin/AnyCPU/Sign/Vulcan.Tests.DLL" adapterTypeName="Microsoft.VisualStudio.TestTools.TestTypes.Unit.UnitTestAdapter, Microsoft.VisualStudio.QualityTools.Tips.UnitTest.Adapter, Version=10.0.0.0, Culture=neutral, PublicKeyToken=b03f5f7f11d50a3a" className="VulcanTests.AstLowererPackageTests, Vulcan.Tests, Version=1.0.0.0, Culture=neutral, PublicKeyToken=null" name="Merge_Basic" />
    </UnitTest>
    <UnitTest name="Table_UniqueKey_Properties" storage="c:\buildagent\work\c1e1d8ccf6867220\vulcan\vulcantests\bin\anycpu\sign\vulcan.tests.dll" id="5e4e6370-97b6-9dfb-b998-668ff69fd670">
      <Execution id="9bc85cac-1d47-4e6e-9e9c-ce7e955cd81b" />
      <TestMethod codeBase="C:/BuildAgent/work/c1e1d8ccf6867220/Vulcan/VulcanTests/bin/AnyCPU/Sign/Vulcan.Tests.DLL" adapterTypeName="Microsoft.VisualStudio.TestTools.TestTypes.Unit.UnitTestAdapter, Microsoft.VisualStudio.QualityTools.Tips.UnitTest.Adapter, Version=10.0.0.0, Culture=neutral, PublicKeyToken=b03f5f7f11d50a3a" className="VulcanTests.AstLowererTableTests, Vulcan.Tests, Version=1.0.0.0, Culture=neutral, PublicKeyToken=null" name="Table_UniqueKey_Properties" />
    </UnitTest>
    <UnitTest name="EtlNode_HasDuplicateTransformNames" storage="c:\buildagent\work\c1e1d8ccf6867220\vulcan\vulcantests\bin\anycpu\sign\vulcan.tests.dll" id="4d56e203-0b3b-fb28-83e6-b090f90bf976">
      <Execution id="7246989b-4caa-4151-b806-c87dd7ac5af1" />
      <TestMethod codeBase="C:/BuildAgent/work/c1e1d8ccf6867220/Vulcan/VulcanTests/bin/AnyCPU/Sign/Vulcan.Tests.DLL" adapterTypeName="Microsoft.VisualStudio.TestTools.TestTypes.Unit.UnitTestAdapter, Microsoft.VisualStudio.QualityTools.Tips.UnitTest.Adapter, Version=10.0.0.0, Culture=neutral, PublicKeyToken=b03f5f7f11d50a3a" className="VulcanTests.AstPackageNodeTests, Vulcan.Tests, Version=1.0.0.0, Culture=neutral, PublicKeyToken=null" name="EtlNode_HasDuplicateTransformNames" />
    </UnitTest>
    <UnitTest name="CloneTable_FullTable_UniqueKey_CloneAllFalseAndAddUniqueKey" storage="c:\buildagent\work\c1e1d8ccf6867220\vulcan\vulcantests\bin\anycpu\sign\vulcan.tests.dll" id="9345f3da-6d13-b8bd-48f5-f42a231290fc">
      <Execution id="401c7d0b-a167-4410-89df-f935387e50d0" />
      <TestMethod codeBase="C:/BuildAgent/work/c1e1d8ccf6867220/Vulcan/VulcanTests/bin/AnyCPU/Sign/Vulcan.Tests.DLL" adapterTypeName="Microsoft.VisualStudio.TestTools.TestTypes.Unit.UnitTestAdapter, Microsoft.VisualStudio.QualityTools.Tips.UnitTest.Adapter, Version=10.0.0.0, Culture=neutral, PublicKeyToken=b03f5f7f11d50a3a" className="VulcanTests.AstLowererCloneTableTests, Vulcan.Tests, Version=1.0.0.0, Culture=neutral, PublicKeyToken=null" name="CloneTable_FullTable_UniqueKey_CloneAllFalseAndAddUniqueKey" />
    </UnitTest>
    <UnitTest name="Etl_Transformations_ConditionalSplitBasic" storage="c:\buildagent\work\c1e1d8ccf6867220\vulcan\vulcantests\bin\anycpu\sign\vulcan.tests.dll" id="0aeabbbd-73b8-76fd-5e33-4bb3acc5ed03">
      <Execution id="ae348ebf-119a-4a1c-af05-a37756e1a1a8" />
      <TestMethod codeBase="C:/BuildAgent/work/c1e1d8ccf6867220/Vulcan/VulcanTests/bin/AnyCPU/Sign/Vulcan.Tests.DLL" adapterTypeName="Microsoft.VisualStudio.TestTools.TestTypes.Unit.UnitTestAdapter, Microsoft.VisualStudio.QualityTools.Tips.UnitTest.Adapter, Version=10.0.0.0, Culture=neutral, PublicKeyToken=b03f5f7f11d50a3a" className="VulcanTests.Ssis2008EmitterTests.Ssis2008EmitterEtlTests, Vulcan.Tests, Version=1.0.0.0, Culture=neutral, PublicKeyToken=null" name="Etl_Transformations_ConditionalSplitBasic" />
    </UnitTest>
    <UnitTest name="CloneTable_BasicTable_Indexes_AddColumnsAndIndexes" storage="c:\buildagent\work\c1e1d8ccf6867220\vulcan\vulcantests\bin\anycpu\sign\vulcan.tests.dll" id="e9bb3e36-af74-8175-e00a-24dcd7c7432c">
      <Execution id="293c032c-43d9-4dc5-8113-7c17bd1311ca" />
      <TestMethod codeBase="C:/BuildAgent/work/c1e1d8ccf6867220/Vulcan/VulcanTests/bin/AnyCPU/Sign/Vulcan.Tests.DLL" adapterTypeName="Microsoft.VisualStudio.TestTools.TestTypes.Unit.UnitTestAdapter, Microsoft.VisualStudio.QualityTools.Tips.UnitTest.Adapter, Version=10.0.0.0, Culture=neutral, PublicKeyToken=b03f5f7f11d50a3a" className="VulcanTests.AstLowererCloneTableTests, Vulcan.Tests, Version=1.0.0.0, Culture=neutral, PublicKeyToken=null" name="CloneTable_BasicTable_Indexes_AddColumnsAndIndexes" />
    </UnitTest>
    <UnitTest name="ExecuteSql_ResultSetFull" storage="c:\buildagent\work\c1e1d8ccf6867220\vulcan\vulcantests\bin\anycpu\sign\vulcan.tests.dll" id="d1b4336a-be64-724f-6c58-f0d6de4e9b1e">
      <Execution id="f6a70caf-6c4b-4ae2-a83f-505f24b5df06" />
      <TestMethod codeBase="C:/BuildAgent/work/c1e1d8ccf6867220/Vulcan/VulcanTests/bin/AnyCPU/Sign/Vulcan.Tests.DLL" adapterTypeName="Microsoft.VisualStudio.TestTools.TestTypes.Unit.UnitTestAdapter, Microsoft.VisualStudio.QualityTools.Tips.UnitTest.Adapter, Version=10.0.0.0, Culture=neutral, PublicKeyToken=b03f5f7f11d50a3a" className="VulcanTests.SsisEmitterTests.SsisEmitterTaskTests, Vulcan.Tests, Version=1.0.0.0, Culture=neutral, PublicKeyToken=null" name="ExecuteSql_ResultSetFull" />
    </UnitTest>
    <UnitTest name="Etl_Events" storage="c:\buildagent\work\c1e1d8ccf6867220\vulcan\vulcantests\bin\anycpu\sign\vulcan.tests.dll" id="c6309200-e9dc-6b9b-a398-c794d8303e26">
      <Execution id="448c1292-7426-4477-bdb7-cd4788a75386" />
      <TestMethod codeBase="C:/BuildAgent/work/c1e1d8ccf6867220/Vulcan/VulcanTests/bin/AnyCPU/Sign/Vulcan.Tests.DLL" adapterTypeName="Microsoft.VisualStudio.TestTools.TestTypes.Unit.UnitTestAdapter, Microsoft.VisualStudio.QualityTools.Tips.UnitTest.Adapter, Version=10.0.0.0, Culture=neutral, PublicKeyToken=b03f5f7f11d50a3a" className="VulcanTests.Ssis2008EmitterTests.Ssis2008EmitterEtlTests, Vulcan.Tests, Version=1.0.0.0, Culture=neutral, PublicKeyToken=null" name="Etl_Events" />
    </UnitTest>
    <UnitTest name="Etl_Transformations_UnionAllBasic" storage="c:\buildagent\work\c1e1d8ccf6867220\vulcan\vulcantests\bin\anycpu\sign\vulcan.tests.dll" id="92bb8e0c-ba4b-d6ba-4651-fe2e90dfed2d">
      <Execution id="97ee6712-1bce-458c-9f0e-6285f8cf03e8" />
      <TestMethod codeBase="C:/BuildAgent/work/c1e1d8ccf6867220/Vulcan/VulcanTests/bin/AnyCPU/Sign/Vulcan.Tests.DLL" adapterTypeName="Microsoft.VisualStudio.TestTools.TestTypes.Unit.UnitTestAdapter, Microsoft.VisualStudio.QualityTools.Tips.UnitTest.Adapter, Version=10.0.0.0, Culture=neutral, PublicKeyToken=b03f5f7f11d50a3a" className="VulcanTests.Ssis2008EmitterTests.Ssis2008EmitterEtlTests, Vulcan.Tests, Version=1.0.0.0, Culture=neutral, PublicKeyToken=null" name="Etl_Transformations_UnionAllBasic" />
    </UnitTest>
    <UnitTest name="Container_PrecedenceConstraints" storage="c:\buildagent\work\c1e1d8ccf6867220\vulcan\vulcantests\bin\anycpu\sign\vulcan.tests.dll" id="efb456b9-c379-c129-7526-46fc7e747d8b">
      <Execution id="59f5e303-a5cb-4af7-a93c-5e5f3de0b7f1" />
      <TestMethod codeBase="C:/BuildAgent/work/c1e1d8ccf6867220/Vulcan/VulcanTests/bin/AnyCPU/Sign/Vulcan.Tests.DLL" adapterTypeName="Microsoft.VisualStudio.TestTools.TestTypes.Unit.UnitTestAdapter, Microsoft.VisualStudio.QualityTools.Tips.UnitTest.Adapter, Version=10.0.0.0, Culture=neutral, PublicKeyToken=b03f5f7f11d50a3a" className="VulcanTests.Ssis2008EmitterTests.Ssis2008EmitterTaskTests, Vulcan.Tests, Version=1.0.0.0, Culture=neutral, PublicKeyToken=null" name="Container_PrecedenceConstraints" />
    </UnitTest>
    <UnitTest name="Cube_Basic" storage="c:\buildagent\work\c1e1d8ccf6867220\vulcan\vulcantests\bin\anycpu\sign\vulcan.tests.dll" id="ba62f038-fefc-af41-aaa5-8e542f7f3e57">
      <Execution id="6c56ff27-7f92-4d23-9add-202d09da09aa" />
      <TestMethod codeBase="C:/BuildAgent/work/c1e1d8ccf6867220/Vulcan/VulcanTests/bin/AnyCPU/Sign/Vulcan.Tests.DLL" adapterTypeName="Microsoft.VisualStudio.TestTools.TestTypes.Unit.UnitTestAdapter, Microsoft.VisualStudio.QualityTools.Tips.UnitTest.Adapter, Version=10.0.0.0, Culture=neutral, PublicKeyToken=b03f5f7f11d50a3a" className="VulcanTests.Ssas2008EmitterTests.Ssas2008EmitterCubeTests, Vulcan.Tests, Version=1.0.0.0, Culture=neutral, PublicKeyToken=null" name="Cube_Basic" />
    </UnitTest>
    <UnitTest name="Taskflow_DataflowReverseTopologicalSort" storage="c:\buildagent\work\c1e1d8ccf6867220\vulcan\vulcantests\bin\anycpu\sign\vulcan.tests.dll" id="731e9f07-b98d-c6da-ecb6-b3e16b3a04a5">
      <Execution id="a78d4f70-6b89-4a72-b3c3-00df538914b3" />
      <TestMethod codeBase="C:/BuildAgent/work/c1e1d8ccf6867220/Vulcan/VulcanTests/bin/AnyCPU/Sign/Vulcan.Tests.DLL" adapterTypeName="Microsoft.VisualStudio.TestTools.TestTypes.Unit.UnitTestAdapter, Microsoft.VisualStudio.QualityTools.Tips.UnitTest.Adapter, Version=10.0.0.0, Culture=neutral, PublicKeyToken=b03f5f7f11d50a3a" className="VulcanTests.Ssis2008EmitterTests.Ssis2008EmitterTaskTests, Vulcan.Tests, Version=1.0.0.0, Culture=neutral, PublicKeyToken=null" name="Taskflow_DataflowReverseTopologicalSort" />
    </UnitTest>
    <UnitTest name="DimensionRelationship_ManyToMany" storage="c:\buildagent\work\c1e1d8ccf6867220\vulcan\vulcantests\bin\anycpu\sign\vulcan.tests.dll" id="f147a24d-9e63-3369-32d3-d106a417134a">
      <Execution id="3d6b41ad-c750-4aa7-971a-6e5cfe8ef71b" />
      <TestMethod codeBase="C:/BuildAgent/work/c1e1d8ccf6867220/Vulcan/VulcanTests/bin/AnyCPU/Sign/Vulcan.Tests.DLL" adapterTypeName="Microsoft.VisualStudio.TestTools.TestTypes.Unit.UnitTestAdapter, Microsoft.VisualStudio.QualityTools.Tips.UnitTest.Adapter, Version=10.0.0.0, Culture=neutral, PublicKeyToken=b03f5f7f11d50a3a" className="VulcanTests.Ssas2008EmitterTests.Ssas2008EmitterDimensionRelationshipTests, Vulcan.Tests, Version=1.0.0.0, Culture=neutral, PublicKeyToken=null" name="DimensionRelationship_ManyToMany" />
    </UnitTest>
    <UnitTest name="IsNullPatcher_Basic" storage="c:\buildagent\work\c1e1d8ccf6867220\vulcan\vulcantests\bin\anycpu\sign\vulcan.tests.dll" id="f7d965da-0c6c-76ef-3528-5ed5d87a239e">
      <Execution id="674a2cb0-671a-47f3-9d21-24b6dc528f18" />
      <TestMethod codeBase="C:/BuildAgent/work/c1e1d8ccf6867220/Vulcan/VulcanTests/bin/AnyCPU/Sign/Vulcan.Tests.DLL" adapterTypeName="Microsoft.VisualStudio.TestTools.TestTypes.Unit.UnitTestAdapter, Microsoft.VisualStudio.QualityTools.Tips.UnitTest.Adapter, Version=10.0.0.0, Culture=neutral, PublicKeyToken=b03f5f7f11d50a3a" className="VulcanTests.AstLowererPackageTests, Vulcan.Tests, Version=1.0.0.0, Culture=neutral, PublicKeyToken=null" name="IsNullPatcher_Basic" />
    </UnitTest>
    <UnitTest name="Package_Log" storage="c:\buildagent\work\c1e1d8ccf6867220\vulcan\vulcantests\bin\anycpu\sign\vulcan.tests.dll" id="b2309445-5203-8286-ddaa-02c31685a5ba">
      <Execution id="b999997f-e7be-468b-a0d7-6cbe040a02ff" />
      <TestMethod codeBase="C:/BuildAgent/work/c1e1d8ccf6867220/Vulcan/VulcanTests/bin/AnyCPU/Sign/Vulcan.Tests.DLL" adapterTypeName="Microsoft.VisualStudio.TestTools.TestTypes.Unit.UnitTestAdapter, Microsoft.VisualStudio.QualityTools.Tips.UnitTest.Adapter, Version=10.0.0.0, Culture=neutral, PublicKeyToken=b03f5f7f11d50a3a" className="VulcanTests.Ssis2008EmitterTests.Ssis2008EmitterPackageTests, Vulcan.Tests, Version=1.0.0.0, Culture=neutral, PublicKeyToken=null" name="Package_Log" />
    </UnitTest>
    <UnitTest name="CloneTable_FullTable_Indexes_CloneIndexesFalse" storage="c:\buildagent\work\c1e1d8ccf6867220\vulcan\vulcantests\bin\anycpu\sign\vulcan.tests.dll" id="9ddcab80-70b4-f705-00e1-5039e853b32f">
      <Execution id="62009bbb-277b-44b6-b910-e128b59bf2a1" />
      <TestMethod codeBase="C:/BuildAgent/work/c1e1d8ccf6867220/Vulcan/VulcanTests/bin/AnyCPU/Sign/Vulcan.Tests.DLL" adapterTypeName="Microsoft.VisualStudio.TestTools.TestTypes.Unit.UnitTestAdapter, Microsoft.VisualStudio.QualityTools.Tips.UnitTest.Adapter, Version=10.0.0.0, Culture=neutral, PublicKeyToken=b03f5f7f11d50a3a" className="VulcanTests.AstLowererCloneTableTests, Vulcan.Tests, Version=1.0.0.0, Culture=neutral, PublicKeyToken=null" name="CloneTable_FullTable_Indexes_CloneIndexesFalse" />
    </UnitTest>
    <UnitTest name="Merge_PrecedenceConstraint" storage="c:\buildagent\work\c1e1d8ccf6867220\vulcan\vulcantests\bin\anycpu\sign\vulcan.tests.dll" id="ce16c7bf-061b-8426-557f-547f0720287b">
      <Execution id="28608232-63ef-4c86-891c-919bebb079ea" />
      <TestMethod codeBase="C:/BuildAgent/work/c1e1d8ccf6867220/Vulcan/VulcanTests/bin/AnyCPU/Sign/Vulcan.Tests.DLL" adapterTypeName="Microsoft.VisualStudio.TestTools.TestTypes.Unit.UnitTestAdapter, Microsoft.VisualStudio.QualityTools.Tips.UnitTest.Adapter, Version=10.0.0.0, Culture=neutral, PublicKeyToken=b03f5f7f11d50a3a" className="VulcanTests.AstLowererPackageTests, Vulcan.Tests, Version=1.0.0.0, Culture=neutral, PublicKeyToken=null" name="Merge_PrecedenceConstraint" />
    </UnitTest>
    <UnitTest name="BulkInsert_Basic" storage="c:\buildagent\work\c1e1d8ccf6867220\vulcan\vulcantests\bin\anycpu\sign\vulcan.tests.dll" id="7c0d4484-9980-49d0-54e0-a8a86792b85b">
      <Execution id="db6ff215-4ca0-4514-81ec-f78f4b806cbf" />
      <TestMethod codeBase="C:/BuildAgent/work/c1e1d8ccf6867220/Vulcan/VulcanTests/bin/AnyCPU/Sign/Vulcan.Tests.DLL" adapterTypeName="Microsoft.VisualStudio.TestTools.TestTypes.Unit.UnitTestAdapter, Microsoft.VisualStudio.QualityTools.Tips.UnitTest.Adapter, Version=10.0.0.0, Culture=neutral, PublicKeyToken=b03f5f7f11d50a3a" className="VulcanTests.SsisEmitterTests.SsisEmitterTaskTests, Vulcan.Tests, Version=1.0.0.0, Culture=neutral, PublicKeyToken=null" name="BulkInsert_Basic" />
    </UnitTest>
    <UnitTest name="Etl_PrecedenceConstraints" storage="c:\buildagent\work\c1e1d8ccf6867220\vulcan\vulcantests\bin\anycpu\sign\vulcan.tests.dll" id="27b363dc-9b38-9188-939c-74f5ba372eda">
      <Execution id="1c9d09f1-7be9-4bf0-bfef-e19ddeeaee28" />
      <TestMethod codeBase="C:/BuildAgent/work/c1e1d8ccf6867220/Vulcan/VulcanTests/bin/AnyCPU/Sign/Vulcan.Tests.DLL" adapterTypeName="Microsoft.VisualStudio.TestTools.TestTypes.Unit.UnitTestAdapter, Microsoft.VisualStudio.QualityTools.Tips.UnitTest.Adapter, Version=10.0.0.0, Culture=neutral, PublicKeyToken=b03f5f7f11d50a3a" className="VulcanTests.Ssis2008EmitterTests.Ssis2008EmitterEtlTests, Vulcan.Tests, Version=1.0.0.0, Culture=neutral, PublicKeyToken=null" name="Etl_PrecedenceConstraints" />
    </UnitTest>
    <UnitTest name="Package_Configurations_AutoCreateXml" storage="c:\buildagent\work\c1e1d8ccf6867220\vulcan\vulcantests\bin\anycpu\sign\vulcan.tests.dll" id="8095f6a4-60b4-9c46-93a5-19b797bd6a3b">
      <Execution id="0227943f-d654-4d2a-bc3b-5cea88084498" />
      <TestMethod codeBase="C:/BuildAgent/work/c1e1d8ccf6867220/Vulcan/VulcanTests/bin/AnyCPU/Sign/Vulcan.Tests.DLL" adapterTypeName="Microsoft.VisualStudio.TestTools.TestTypes.Unit.UnitTestAdapter, Microsoft.VisualStudio.QualityTools.Tips.UnitTest.Adapter, Version=10.0.0.0, Culture=neutral, PublicKeyToken=b03f5f7f11d50a3a" className="VulcanTests.SsisEmitterTests.SsisEmitterPackageTests, Vulcan.Tests, Version=1.0.0.0, Culture=neutral, PublicKeyToken=null" name="Package_Configurations_AutoCreateXml" />
    </UnitTest>
    <UnitTest name="Package_ConstraintModeParallel" storage="c:\buildagent\work\c1e1d8ccf6867220\vulcan\vulcantests\bin\anycpu\sign\vulcan.tests.dll" id="ffcc6b48-3139-43ab-569c-1bffdfd260c6">
      <Execution id="95e64f09-08d6-4a05-ba7d-7046826ab6ed" />
      <TestMethod codeBase="C:/BuildAgent/work/c1e1d8ccf6867220/Vulcan/VulcanTests/bin/AnyCPU/Sign/Vulcan.Tests.DLL" adapterTypeName="Microsoft.VisualStudio.TestTools.TestTypes.Unit.UnitTestAdapter, Microsoft.VisualStudio.QualityTools.Tips.UnitTest.Adapter, Version=10.0.0.0, Culture=neutral, PublicKeyToken=b03f5f7f11d50a3a" className="VulcanTests.Ssis2008EmitterTests.Ssis2008EmitterPackageTests, Vulcan.Tests, Version=1.0.0.0, Culture=neutral, PublicKeyToken=null" name="Package_ConstraintModeParallel" />
    </UnitTest>
    <UnitTest name="ExecuteProcess_Basic" storage="c:\buildagent\work\c1e1d8ccf6867220\vulcan\vulcantests\bin\anycpu\sign\vulcan.tests.dll" id="47ccd4ea-532e-4bd2-6453-8e06424edae7">
      <Execution id="74c4c228-2825-475d-b5fa-70037f1a3dcf" />
      <TestMethod codeBase="C:/BuildAgent/work/c1e1d8ccf6867220/Vulcan/VulcanTests/bin/AnyCPU/Sign/Vulcan.Tests.DLL" adapterTypeName="Microsoft.VisualStudio.TestTools.TestTypes.Unit.UnitTestAdapter, Microsoft.VisualStudio.QualityTools.Tips.UnitTest.Adapter, Version=10.0.0.0, Culture=neutral, PublicKeyToken=b03f5f7f11d50a3a" className="VulcanTests.SsisEmitterTests.SsisEmitterTaskTests, Vulcan.Tests, Version=1.0.0.0, Culture=neutral, PublicKeyToken=null" name="ExecuteProcess_Basic" />
    </UnitTest>
    <UnitTest name="Package_ConstraintModeLinear" storage="c:\buildagent\work\c1e1d8ccf6867220\vulcan\vulcantests\bin\anycpu\sign\vulcan.tests.dll" id="1f44e2f8-0186-39f4-190d-7864da709963">
      <Execution id="df7395e4-2324-4474-861f-463c658968fb" />
      <TestMethod codeBase="C:/BuildAgent/work/c1e1d8ccf6867220/Vulcan/VulcanTests/bin/AnyCPU/Sign/Vulcan.Tests.DLL" adapterTypeName="Microsoft.VisualStudio.TestTools.TestTypes.Unit.UnitTestAdapter, Microsoft.VisualStudio.QualityTools.Tips.UnitTest.Adapter, Version=10.0.0.0, Culture=neutral, PublicKeyToken=b03f5f7f11d50a3a" className="VulcanTests.Ssis2008EmitterTests.Ssis2008EmitterPackageTests, Vulcan.Tests, Version=1.0.0.0, Culture=neutral, PublicKeyToken=null" name="Package_ConstraintModeLinear" />
    </UnitTest>
    <UnitTest name="CloneTable_FullTable_PrimaryKey_CloneAllFalseAndAddPrimaryKey" storage="c:\buildagent\work\c1e1d8ccf6867220\vulcan\vulcantests\bin\anycpu\sign\vulcan.tests.dll" id="58a100a9-15d3-004e-f1a5-b2681a39f748">
      <Execution id="11de267d-02ef-4d49-bb07-c3c31b3477be" />
      <TestMethod codeBase="C:/BuildAgent/work/c1e1d8ccf6867220/Vulcan/VulcanTests/bin/AnyCPU/Sign/Vulcan.Tests.DLL" adapterTypeName="Microsoft.VisualStudio.TestTools.TestTypes.Unit.UnitTestAdapter, Microsoft.VisualStudio.QualityTools.Tips.UnitTest.Adapter, Version=10.0.0.0, Culture=neutral, PublicKeyToken=b03f5f7f11d50a3a" className="VulcanTests.AstLowererCloneTableTests, Vulcan.Tests, Version=1.0.0.0, Culture=neutral, PublicKeyToken=null" name="CloneTable_FullTable_PrimaryKey_CloneAllFalseAndAddPrimaryKey" />
    </UnitTest>
    <UnitTest name="Package_Variables" storage="c:\buildagent\work\c1e1d8ccf6867220\vulcan\vulcantests\bin\anycpu\sign\vulcan.tests.dll" id="a1316ed9-e8d1-b0ea-b7ab-b97dbf0c95e5">
      <Execution id="4adf2b5e-5913-483f-9c35-a753b4fa8277" />
      <TestMethod codeBase="C:/BuildAgent/work/c1e1d8ccf6867220/Vulcan/VulcanTests/bin/AnyCPU/Sign/Vulcan.Tests.DLL" adapterTypeName="Microsoft.VisualStudio.TestTools.TestTypes.Unit.UnitTestAdapter, Microsoft.VisualStudio.QualityTools.Tips.UnitTest.Adapter, Version=10.0.0.0, Culture=neutral, PublicKeyToken=b03f5f7f11d50a3a" className="VulcanTests.Ssis2008EmitterTests.Ssis2008EmitterPackageTests, Vulcan.Tests, Version=1.0.0.0, Culture=neutral, PublicKeyToken=null" name="Package_Variables" />
    </UnitTest>
    <UnitTest name="CloneTable_FullTable_AddColumns" storage="c:\buildagent\work\c1e1d8ccf6867220\vulcan\vulcantests\bin\anycpu\sign\vulcan.tests.dll" id="8eb96cf4-5e6b-f0a4-ecde-6c243a99cb85">
      <Execution id="cbbb96ac-9b03-4655-bc7e-c93bb3e2bf5d" />
      <TestMethod codeBase="C:/BuildAgent/work/c1e1d8ccf6867220/Vulcan/VulcanTests/bin/AnyCPU/Sign/Vulcan.Tests.DLL" adapterTypeName="Microsoft.VisualStudio.TestTools.TestTypes.Unit.UnitTestAdapter, Microsoft.VisualStudio.QualityTools.Tips.UnitTest.Adapter, Version=10.0.0.0, Culture=neutral, PublicKeyToken=b03f5f7f11d50a3a" className="VulcanTests.AstLowererCloneTableTests, Vulcan.Tests, Version=1.0.0.0, Culture=neutral, PublicKeyToken=null" name="CloneTable_FullTable_AddColumns" />
    </UnitTest>
    <UnitTest name="ExecutePackage_Sql" storage="c:\buildagent\work\c1e1d8ccf6867220\vulcan\vulcantests\bin\anycpu\sign\vulcan.tests.dll" id="6ccb298d-af20-a533-eb36-9de04161abd3">
      <Execution id="886765b9-5d79-4b01-a87f-cf0dad5509f0" />
      <TestMethod codeBase="C:/BuildAgent/work/c1e1d8ccf6867220/Vulcan/VulcanTests/bin/AnyCPU/Sign/Vulcan.Tests.DLL" adapterTypeName="Microsoft.VisualStudio.TestTools.TestTypes.Unit.UnitTestAdapter, Microsoft.VisualStudio.QualityTools.Tips.UnitTest.Adapter, Version=10.0.0.0, Culture=neutral, PublicKeyToken=b03f5f7f11d50a3a" className="VulcanTests.SsisEmitterTests.SsisEmitterTaskTests, Vulcan.Tests, Version=1.0.0.0, Culture=neutral, PublicKeyToken=null" name="ExecutePackage_Sql" />
    </UnitTest>
    <UnitTest name="Package_Executables" storage="c:\buildagent\work\c1e1d8ccf6867220\vulcan\vulcantests\bin\anycpu\sign\vulcan.tests.dll" id="68d00bda-21f9-1029-89b8-f1a573bbb314">
      <Execution id="3f20a26a-aa4f-4b65-a16f-834693c80d83" />
      <TestMethod codeBase="C:/BuildAgent/work/c1e1d8ccf6867220/Vulcan/VulcanTests/bin/AnyCPU/Sign/Vulcan.Tests.DLL" adapterTypeName="Microsoft.VisualStudio.TestTools.TestTypes.Unit.UnitTestAdapter, Microsoft.VisualStudio.QualityTools.Tips.UnitTest.Adapter, Version=10.0.0.0, Culture=neutral, PublicKeyToken=b03f5f7f11d50a3a" className="VulcanTests.SsisEmitterTests.SsisEmitterPackageTests, Vulcan.Tests, Version=1.0.0.0, Culture=neutral, PublicKeyToken=null" name="Package_Executables" />
    </UnitTest>
    <UnitTest name="DataSourceView_NoUniqueConstraint" storage="c:\buildagent\work\c1e1d8ccf6867220\vulcan\vulcantests\bin\anycpu\sign\vulcan.tests.dll" id="cadbaa20-d1c1-cc97-c968-565bf0734170">
      <Execution id="27031124-72d8-4c56-b0bf-3efe1a908fc7" />
      <TestMethod codeBase="C:/BuildAgent/work/c1e1d8ccf6867220/Vulcan/VulcanTests/bin/AnyCPU/Sign/Vulcan.Tests.DLL" adapterTypeName="Microsoft.VisualStudio.TestTools.TestTypes.Unit.UnitTestAdapter, Microsoft.VisualStudio.QualityTools.Tips.UnitTest.Adapter, Version=10.0.0.0, Culture=neutral, PublicKeyToken=b03f5f7f11d50a3a" className="VulcanTests.Ssas2008EmitterTests.Ssas2008EmitterDataSourceViewTests, Vulcan.Tests, Version=1.0.0.0, Culture=neutral, PublicKeyToken=null" name="DataSourceView_NoUniqueConstraint" />
    </UnitTest>
    <UnitTest name="StoredProcedure_Event" storage="c:\buildagent\work\c1e1d8ccf6867220\vulcan\vulcantests\bin\anycpu\sign\vulcan.tests.dll" id="f7be0885-34af-c0d2-b74b-f8d5a5e3a795">
      <Execution id="7cb94e5c-0606-4c58-ac28-899456408991" />
      <TestMethod codeBase="C:/BuildAgent/work/c1e1d8ccf6867220/Vulcan/VulcanTests/bin/AnyCPU/Sign/Vulcan.Tests.DLL" adapterTypeName="Microsoft.VisualStudio.TestTools.TestTypes.Unit.UnitTestAdapter, Microsoft.VisualStudio.QualityTools.Tips.UnitTest.Adapter, Version=10.0.0.0, Culture=neutral, PublicKeyToken=b03f5f7f11d50a3a" className="VulcanTests.AstLowererPackageTests, Vulcan.Tests, Version=1.0.0.0, Culture=neutral, PublicKeyToken=null" name="StoredProcedure_Event" />
    </UnitTest>
    <UnitTest name="Table_Schema" storage="c:\buildagent\work\c1e1d8ccf6867220\vulcan\vulcantests\bin\anycpu\sign\vulcan.tests.dll" id="7d14f545-bbf2-2590-6f5e-6e7fc27db82f">
      <Execution id="f0230779-1e45-44ec-b64f-cd698b26b880" />
      <TestMethod codeBase="C:/BuildAgent/work/c1e1d8ccf6867220/Vulcan/VulcanTests/bin/AnyCPU/Sign/Vulcan.Tests.DLL" adapterTypeName="Microsoft.VisualStudio.TestTools.TestTypes.Unit.UnitTestAdapter, Microsoft.VisualStudio.QualityTools.Tips.UnitTest.Adapter, Version=10.0.0.0, Culture=neutral, PublicKeyToken=b03f5f7f11d50a3a" className="VulcanTests.AstLowererTableTests, Vulcan.Tests, Version=1.0.0.0, Culture=neutral, PublicKeyToken=null" name="Table_Schema" />
    </UnitTest>
    <UnitTest name="CloneTable_FullTable_Indexes_CloneAllTrueAndAddIndexes" storage="c:\buildagent\work\c1e1d8ccf6867220\vulcan\vulcantests\bin\anycpu\sign\vulcan.tests.dll" id="7e219c81-b5b6-4142-b628-2992ef2ab400">
      <Execution id="a0d508b6-7f41-46e3-86b9-c82789f3cc5f" />
      <TestMethod codeBase="C:/BuildAgent/work/c1e1d8ccf6867220/Vulcan/VulcanTests/bin/AnyCPU/Sign/Vulcan.Tests.DLL" adapterTypeName="Microsoft.VisualStudio.TestTools.TestTypes.Unit.UnitTestAdapter, Microsoft.VisualStudio.QualityTools.Tips.UnitTest.Adapter, Version=10.0.0.0, Culture=neutral, PublicKeyToken=b03f5f7f11d50a3a" className="VulcanTests.AstLowererCloneTableTests, Vulcan.Tests, Version=1.0.0.0, Culture=neutral, PublicKeyToken=null" name="CloneTable_FullTable_Indexes_CloneAllTrueAndAddIndexes" />
    </UnitTest>
    <UnitTest name="ExecuteSql_Basic" storage="c:\buildagent\work\c1e1d8ccf6867220\vulcan\vulcantests\bin\anycpu\sign\vulcan.tests.dll" id="e53c20d1-5e0c-3f92-3a96-7ac4b75c9384">
      <Execution id="41d9432e-79a4-430d-9423-7069ba97d865" />
      <TestMethod codeBase="C:/BuildAgent/work/c1e1d8ccf6867220/Vulcan/VulcanTests/bin/AnyCPU/Sign/Vulcan.Tests.DLL" adapterTypeName="Microsoft.VisualStudio.TestTools.TestTypes.Unit.UnitTestAdapter, Microsoft.VisualStudio.QualityTools.Tips.UnitTest.Adapter, Version=10.0.0.0, Culture=neutral, PublicKeyToken=b03f5f7f11d50a3a" className="VulcanTests.SsisEmitterTests.SsisEmitterTaskTests, Vulcan.Tests, Version=1.0.0.0, Culture=neutral, PublicKeyToken=null" name="ExecuteSql_Basic" />
    </UnitTest>
    <UnitTest name="Attribute_RecursiveRelationship" storage="c:\buildagent\work\c1e1d8ccf6867220\vulcan\vulcantests\bin\anycpu\sign\vulcan.tests.dll" id="7b648b89-48ea-a5ca-3eec-30486a670978">
      <Execution id="24ee953f-9f04-4976-851e-1d14802a5c92" />
      <TestMethod codeBase="C:/BuildAgent/work/c1e1d8ccf6867220/Vulcan/VulcanTests/bin/AnyCPU/Sign/Vulcan.Tests.DLL" adapterTypeName="Microsoft.VisualStudio.TestTools.TestTypes.Unit.UnitTestAdapter, Microsoft.VisualStudio.QualityTools.Tips.UnitTest.Adapter, Version=10.0.0.0, Culture=neutral, PublicKeyToken=b03f5f7f11d50a3a" className="VulcanTests.AstAttributeNodeTests, Vulcan.Tests, Version=1.0.0.0, Culture=neutral, PublicKeyToken=null" name="Attribute_RecursiveRelationship" />
    </UnitTest>
    <UnitTest name="ExecuteSql_CoreProperties" storage="c:\buildagent\work\c1e1d8ccf6867220\vulcan\vulcantests\bin\anycpu\sign\vulcan.tests.dll" id="4c204af8-ae98-4ed4-7234-82362979e62f">
      <Execution id="4a5fd2fc-02a6-4f1f-a269-56e38b8fcb3c" />
      <TestMethod codeBase="C:/BuildAgent/work/c1e1d8ccf6867220/Vulcan/VulcanTests/bin/AnyCPU/Sign/Vulcan.Tests.DLL" adapterTypeName="Microsoft.VisualStudio.TestTools.TestTypes.Unit.UnitTestAdapter, Microsoft.VisualStudio.QualityTools.Tips.UnitTest.Adapter, Version=10.0.0.0, Culture=neutral, PublicKeyToken=b03f5f7f11d50a3a" className="VulcanTests.Ssis2008EmitterTests.Ssis2008EmitterTaskTests, Vulcan.Tests, Version=1.0.0.0, Culture=neutral, PublicKeyToken=null" name="ExecuteSql_CoreProperties" />
    </UnitTest>
    <UnitTest name="Merge_Columns" storage="c:\buildagent\work\c1e1d8ccf6867220\vulcan\vulcantests\bin\anycpu\sign\vulcan.tests.dll" id="01cd0809-f465-d039-ac73-353f51a7ff0d">
      <Execution id="ab3939ce-3e02-46f6-b91d-c003bc4c9e8d" />
      <TestMethod codeBase="C:/BuildAgent/work/c1e1d8ccf6867220/Vulcan/VulcanTests/bin/AnyCPU/Sign/Vulcan.Tests.DLL" adapterTypeName="Microsoft.VisualStudio.TestTools.TestTypes.Unit.UnitTestAdapter, Microsoft.VisualStudio.QualityTools.Tips.UnitTest.Adapter, Version=10.0.0.0, Culture=neutral, PublicKeyToken=b03f5f7f11d50a3a" className="VulcanTests.AstLowererPackageTests, Vulcan.Tests, Version=1.0.0.0, Culture=neutral, PublicKeyToken=null" name="Merge_Columns" />
    </UnitTest>
    <UnitTest name="TestCount" storage="c:\buildagent\work\c1e1d8ccf6867220\vulcan\vulcantests\bin\anycpu\sign\vulcan.tests.dll" id="c23f99e9-b8f4-f983-f028-1c3e59cb8750">
      <Execution id="1bed4b6d-1d71-42e5-a243-b415d51d1bc8" />
      <TestMethod codeBase="C:/BuildAgent/work/c1e1d8ccf6867220/Vulcan/VulcanTests/bin/AnyCPU/Sign/Vulcan.Tests.DLL" adapterTypeName="Microsoft.VisualStudio.TestTools.TestTypes.Unit.UnitTestAdapter, Microsoft.VisualStudio.QualityTools.Tips.UnitTest.Adapter, Version=10.0.0.0, Culture=neutral, PublicKeyToken=b03f5f7f11d50a3a" className="UtilityTest.TreeNodeTest, Vulcan.Tests, Version=1.0.0.0, Culture=neutral, PublicKeyToken=null" name="TestCount" />
    </UnitTest>
    <UnitTest name="Package_VariableExpression" storage="c:\buildagent\work\c1e1d8ccf6867220\vulcan\vulcantests\bin\anycpu\sign\vulcan.tests.dll" id="e24baaa3-77c3-24aa-9ff9-d94cc12eb18b">
      <Execution id="09cf314e-c938-408d-a6f1-ae6d10984521" />
      <TestMethod codeBase="C:/BuildAgent/work/c1e1d8ccf6867220/Vulcan/VulcanTests/bin/AnyCPU/Sign/Vulcan.Tests.DLL" adapterTypeName="Microsoft.VisualStudio.TestTools.TestTypes.Unit.UnitTestAdapter, Microsoft.VisualStudio.QualityTools.Tips.UnitTest.Adapter, Version=10.0.0.0, Culture=neutral, PublicKeyToken=b03f5f7f11d50a3a" className="VulcanTests.Ssis2008EmitterTests.Ssis2008EmitterPackageTests, Vulcan.Tests, Version=1.0.0.0, Culture=neutral, PublicKeyToken=null" name="Package_VariableExpression" />
    </UnitTest>
    <UnitTest name="Package_Expressions" storage="c:\buildagent\work\c1e1d8ccf6867220\vulcan\vulcantests\bin\anycpu\sign\vulcan.tests.dll" id="a824607c-b4f7-776b-cb2c-96961ce73d2b">
      <Execution id="c62ef152-76a2-4695-8c09-c735c0b559bf" />
      <TestMethod codeBase="C:/BuildAgent/work/c1e1d8ccf6867220/Vulcan/VulcanTests/bin/AnyCPU/Sign/Vulcan.Tests.DLL" adapterTypeName="Microsoft.VisualStudio.TestTools.TestTypes.Unit.UnitTestAdapter, Microsoft.VisualStudio.QualityTools.Tips.UnitTest.Adapter, Version=10.0.0.0, Culture=neutral, PublicKeyToken=b03f5f7f11d50a3a" className="VulcanTests.SsisEmitterTests.SsisEmitterPackageTests, Vulcan.Tests, Version=1.0.0.0, Culture=neutral, PublicKeyToken=null" name="Package_Expressions" />
    </UnitTest>
    <UnitTest name="TestRemoveWithChildrenRemoveMethodology" storage="c:\buildagent\work\c1e1d8ccf6867220\vulcan\vulcantests\bin\anycpu\sign\vulcan.tests.dll" id="8404b6b9-0823-d03a-4459-6356f7acd186">
      <Execution id="c52ce6c4-7395-406e-9b8a-617a518c784b" />
      <TestMethod codeBase="C:/BuildAgent/work/c1e1d8ccf6867220/Vulcan/VulcanTests/bin/AnyCPU/Sign/Vulcan.Tests.DLL" adapterTypeName="Microsoft.VisualStudio.TestTools.TestTypes.Unit.UnitTestAdapter, Microsoft.VisualStudio.QualityTools.Tips.UnitTest.Adapter, Version=10.0.0.0, Culture=neutral, PublicKeyToken=b03f5f7f11d50a3a" className="UtilityTest.TreeNodeTest, Vulcan.Tests, Version=1.0.0.0, Culture=neutral, PublicKeyToken=null" name="TestRemoveWithChildrenRemoveMethodology" />
    </UnitTest>
    <UnitTest name="ExecutePackage_Basic" storage="c:\buildagent\work\c1e1d8ccf6867220\vulcan\vulcantests\bin\anycpu\sign\vulcan.tests.dll" id="3b4cb942-c9c1-096b-e74b-678a864121bc">
      <Execution id="8ecb5e32-55a2-4c73-936d-8c55daaed1f5" />
      <TestMethod codeBase="C:/BuildAgent/work/c1e1d8ccf6867220/Vulcan/VulcanTests/bin/AnyCPU/Sign/Vulcan.Tests.DLL" adapterTypeName="Microsoft.VisualStudio.TestTools.TestTypes.Unit.UnitTestAdapter, Microsoft.VisualStudio.QualityTools.Tips.UnitTest.Adapter, Version=10.0.0.0, Culture=neutral, PublicKeyToken=b03f5f7f11d50a3a" className="VulcanTests.Ssis2008EmitterTests.Ssis2008EmitterTaskTests, Vulcan.Tests, Version=1.0.0.0, Culture=neutral, PublicKeyToken=null" name="ExecutePackage_Basic" />
    </UnitTest>
    <UnitTest name="Table_Index_Basic" storage="c:\buildagent\work\c1e1d8ccf6867220\vulcan\vulcantests\bin\anycpu\sign\vulcan.tests.dll" id="7a941737-e78b-d27f-a826-94609f423151">
      <Execution id="8efa8cc7-5e25-44d3-b9e2-664642372da8" />
      <TestMethod codeBase="C:/BuildAgent/work/c1e1d8ccf6867220/Vulcan/VulcanTests/bin/AnyCPU/Sign/Vulcan.Tests.DLL" adapterTypeName="Microsoft.VisualStudio.TestTools.TestTypes.Unit.UnitTestAdapter, Microsoft.VisualStudio.QualityTools.Tips.UnitTest.Adapter, Version=10.0.0.0, Culture=neutral, PublicKeyToken=b03f5f7f11d50a3a" className="VulcanTests.AstLowererTableTests, Vulcan.Tests, Version=1.0.0.0, Culture=neutral, PublicKeyToken=null" name="Table_Index_Basic" />
    </UnitTest>
    <UnitTest name="CloneTable_FullTable_PrimaryKey_CloneAllTrueAndAddPrimaryKey" storage="c:\buildagent\work\c1e1d8ccf6867220\vulcan\vulcantests\bin\anycpu\sign\vulcan.tests.dll" id="17eb71f4-4807-c909-2838-08a7ed78fb3e">
      <Execution id="b42afd2f-b30a-482a-855f-85d6f9190edd" />
      <TestMethod codeBase="C:/BuildAgent/work/c1e1d8ccf6867220/Vulcan/VulcanTests/bin/AnyCPU/Sign/Vulcan.Tests.DLL" adapterTypeName="Microsoft.VisualStudio.TestTools.TestTypes.Unit.UnitTestAdapter, Microsoft.VisualStudio.QualityTools.Tips.UnitTest.Adapter, Version=10.0.0.0, Culture=neutral, PublicKeyToken=b03f5f7f11d50a3a" className="VulcanTests.AstLowererCloneTableTests, Vulcan.Tests, Version=1.0.0.0, Culture=neutral, PublicKeyToken=null" name="CloneTable_FullTable_PrimaryKey_CloneAllTrueAndAddPrimaryKey" />
    </UnitTest>
    <UnitTest name="AnalysisServicesExecuteDdl_File" storage="c:\buildagent\work\c1e1d8ccf6867220\vulcan\vulcantests\bin\anycpu\sign\vulcan.tests.dll" id="ef10f361-43a9-450a-9597-8da838ab766f">
      <Execution id="75d9d8d3-f668-4eb3-a9b7-acf8d586dd17" />
      <TestMethod codeBase="C:/BuildAgent/work/c1e1d8ccf6867220/Vulcan/VulcanTests/bin/AnyCPU/Sign/Vulcan.Tests.DLL" adapterTypeName="Microsoft.VisualStudio.TestTools.TestTypes.Unit.UnitTestAdapter, Microsoft.VisualStudio.QualityTools.Tips.UnitTest.Adapter, Version=10.0.0.0, Culture=neutral, PublicKeyToken=b03f5f7f11d50a3a" className="VulcanTests.SsisEmitterTests.SsisEmitterTaskTests, Vulcan.Tests, Version=1.0.0.0, Culture=neutral, PublicKeyToken=null" name="AnalysisServicesExecuteDdl_File" />
    </UnitTest>
    <UnitTest name="Table_PrimaryKey_ColumnProperties" storage="c:\buildagent\work\c1e1d8ccf6867220\vulcan\vulcantests\bin\anycpu\sign\vulcan.tests.dll" id="195ddd83-238f-1554-003a-e02d5e3c98d1">
      <Execution id="2772b9b4-a458-428a-80e0-4e36708c43c7" />
      <TestMethod codeBase="C:/BuildAgent/work/c1e1d8ccf6867220/Vulcan/VulcanTests/bin/AnyCPU/Sign/Vulcan.Tests.DLL" adapterTypeName="Microsoft.VisualStudio.TestTools.TestTypes.Unit.UnitTestAdapter, Microsoft.VisualStudio.QualityTools.Tips.UnitTest.Adapter, Version=10.0.0.0, Culture=neutral, PublicKeyToken=b03f5f7f11d50a3a" className="VulcanTests.AstLowererTableTests, Vulcan.Tests, Version=1.0.0.0, Culture=neutral, PublicKeyToken=null" name="Table_PrimaryKey_ColumnProperties" />
    </UnitTest>
    <UnitTest name="RowCount_Basic" storage="c:\buildagent\work\c1e1d8ccf6867220\vulcan\vulcantests\bin\anycpu\sign\vulcan.tests.dll" id="fd091ad0-0026-e8cb-4532-61439aba3edc">
      <Execution id="5a9d5380-0c22-41b9-9408-c01d9b8c13f4" />
      <TestMethod codeBase="C:/BuildAgent/work/c1e1d8ccf6867220/Vulcan/VulcanTests/bin/AnyCPU/Sign/Vulcan.Tests.DLL" adapterTypeName="Microsoft.VisualStudio.TestTools.TestTypes.Unit.UnitTestAdapter, Microsoft.VisualStudio.QualityTools.Tips.UnitTest.Adapter, Version=10.0.0.0, Culture=neutral, PublicKeyToken=b03f5f7f11d50a3a" className="VulcanTests.Ssis2008EmitterTests.Ssis2008EmitterEtlTests, Vulcan.Tests, Version=1.0.0.0, Culture=neutral, PublicKeyToken=null" name="RowCount_Basic" />
    </UnitTest>
    <UnitTest name="Package_ConnectionWithUserName" storage="c:\buildagent\work\c1e1d8ccf6867220\vulcan\vulcantests\bin\anycpu\sign\vulcan.tests.dll" id="a08fc025-6f0a-d78a-9ba4-1578891206bf">
      <Execution id="7051f6bd-8ab4-4ca8-ba61-128eee500c70" />
      <TestMethod codeBase="C:/BuildAgent/work/c1e1d8ccf6867220/Vulcan/VulcanTests/bin/AnyCPU/Sign/Vulcan.Tests.DLL" adapterTypeName="Microsoft.VisualStudio.TestTools.TestTypes.Unit.UnitTestAdapter, Microsoft.VisualStudio.QualityTools.Tips.UnitTest.Adapter, Version=10.0.0.0, Culture=neutral, PublicKeyToken=b03f5f7f11d50a3a" className="VulcanTests.Ssis2008EmitterTests.Ssis2008EmitterPackageTests, Vulcan.Tests, Version=1.0.0.0, Culture=neutral, PublicKeyToken=null" name="Package_ConnectionWithUserName" />
    </UnitTest>
    <UnitTest name="Package_LogProvider" storage="c:\buildagent\work\c1e1d8ccf6867220\vulcan\vulcantests\bin\anycpu\sign\vulcan.tests.dll" id="4a09165f-fd6d-59ce-b502-6f2f82bf14cc">
      <Execution id="e4b852e1-0f57-4f68-9f0e-b480c3f7ede9" />
      <TestMethod codeBase="C:/BuildAgent/work/c1e1d8ccf6867220/Vulcan/VulcanTests/bin/AnyCPU/Sign/Vulcan.Tests.DLL" adapterTypeName="Microsoft.VisualStudio.TestTools.TestTypes.Unit.UnitTestAdapter, Microsoft.VisualStudio.QualityTools.Tips.UnitTest.Adapter, Version=10.0.0.0, Culture=neutral, PublicKeyToken=b03f5f7f11d50a3a" className="VulcanTests.SsisEmitterTests.SsisEmitterPackageTests, Vulcan.Tests, Version=1.0.0.0, Culture=neutral, PublicKeyToken=null" name="Package_LogProvider" />
    </UnitTest>
    <UnitTest name="CloneTable_FullTable_CloneAllTrueAndAddColumns" storage="c:\buildagent\work\c1e1d8ccf6867220\vulcan\vulcantests\bin\anycpu\sign\vulcan.tests.dll" id="e6f45300-5677-d38d-23e4-e88bfb5fcaf1">
      <Execution id="07d41f54-8292-44a7-9168-c3284cb5471f" />
      <TestMethod codeBase="C:/BuildAgent/work/c1e1d8ccf6867220/Vulcan/VulcanTests/bin/AnyCPU/Sign/Vulcan.Tests.DLL" adapterTypeName="Microsoft.VisualStudio.TestTools.TestTypes.Unit.UnitTestAdapter, Microsoft.VisualStudio.QualityTools.Tips.UnitTest.Adapter, Version=10.0.0.0, Culture=neutral, PublicKeyToken=b03f5f7f11d50a3a" className="VulcanTests.AstLowererCloneTableTests, Vulcan.Tests, Version=1.0.0.0, Culture=neutral, PublicKeyToken=null" name="CloneTable_FullTable_CloneAllTrueAndAddColumns" />
    </UnitTest>
    <UnitTest name="CloneTable_CloneKeys" storage="c:\buildagent\work\c1e1d8ccf6867220\vulcan\vulcantests\bin\anycpu\sign\vulcan.tests.dll" id="d0727025-2ff3-0657-16c9-24b3598ec684">
      <Execution id="8353dcb9-95d2-40dc-ae19-a6b169757389" />
      <TestMethod codeBase="C:/BuildAgent/work/c1e1d8ccf6867220/Vulcan/VulcanTests/bin/AnyCPU/Sign/Vulcan.Tests.DLL" adapterTypeName="Microsoft.VisualStudio.TestTools.TestTypes.Unit.UnitTestAdapter, Microsoft.VisualStudio.QualityTools.Tips.UnitTest.Adapter, Version=10.0.0.0, Culture=neutral, PublicKeyToken=b03f5f7f11d50a3a" className="VulcanTests.AstLowererCloneTableTests, Vulcan.Tests, Version=1.0.0.0, Culture=neutral, PublicKeyToken=null" name="CloneTable_CloneKeys" />
    </UnitTest>
    <UnitTest name="Etl_Transformations_XmlSourceBasic" storage="c:\buildagent\work\c1e1d8ccf6867220\vulcan\vulcantests\bin\anycpu\sign\vulcan.tests.dll" id="d96886ac-74d3-8710-f587-2717d994ab66">
      <Execution id="b71c7d27-bdfb-4e95-bfe9-d9581b7c6856" />
      <TestMethod codeBase="C:/BuildAgent/work/c1e1d8ccf6867220/Vulcan/VulcanTests/bin/AnyCPU/Sign/Vulcan.Tests.DLL" adapterTypeName="Microsoft.VisualStudio.TestTools.TestTypes.Unit.UnitTestAdapter, Microsoft.VisualStudio.QualityTools.Tips.UnitTest.Adapter, Version=10.0.0.0, Culture=neutral, PublicKeyToken=b03f5f7f11d50a3a" className="VulcanTests.Ssis2008EmitterTests.Ssis2008EmitterEtlTests, Vulcan.Tests, Version=1.0.0.0, Culture=neutral, PublicKeyToken=null" name="Etl_Transformations_XmlSourceBasic" />
    </UnitTest>
    <UnitTest name="Package_Events" storage="c:\buildagent\work\c1e1d8ccf6867220\vulcan\vulcantests\bin\anycpu\sign\vulcan.tests.dll" id="e18bf159-229c-04e5-8a07-d39cf1271df5">
      <Execution id="b77b02a7-1bff-46fd-bfa5-412ce5c0a493" />
      <TestMethod codeBase="C:/BuildAgent/work/c1e1d8ccf6867220/Vulcan/VulcanTests/bin/AnyCPU/Sign/Vulcan.Tests.DLL" adapterTypeName="Microsoft.VisualStudio.TestTools.TestTypes.Unit.UnitTestAdapter, Microsoft.VisualStudio.QualityTools.Tips.UnitTest.Adapter, Version=10.0.0.0, Culture=neutral, PublicKeyToken=b03f5f7f11d50a3a" className="VulcanTests.Ssis2008EmitterTests.Ssis2008EmitterPackageTests, Vulcan.Tests, Version=1.0.0.0, Culture=neutral, PublicKeyToken=null" name="Package_Events" />
    </UnitTest>
    <UnitTest name="Table_IdentityKey_Basic" storage="c:\buildagent\work\c1e1d8ccf6867220\vulcan\vulcantests\bin\anycpu\sign\vulcan.tests.dll" id="1aa5bc09-8ba9-9bfc-d262-48ae29077ca1">
      <Execution id="f07e374b-6b90-4e15-9190-f3eb7a2a79ef" />
      <TestMethod codeBase="C:/BuildAgent/work/c1e1d8ccf6867220/Vulcan/VulcanTests/bin/AnyCPU/Sign/Vulcan.Tests.DLL" adapterTypeName="Microsoft.VisualStudio.TestTools.TestTypes.Unit.UnitTestAdapter, Microsoft.VisualStudio.QualityTools.Tips.UnitTest.Adapter, Version=10.0.0.0, Culture=neutral, PublicKeyToken=b03f5f7f11d50a3a" className="VulcanTests.AstLowererTableTests, Vulcan.Tests, Version=1.0.0.0, Culture=neutral, PublicKeyToken=null" name="Table_IdentityKey_Basic" />
    </UnitTest>
    <UnitTest name="CloneTable_FullTable_CloneAllFalseAndAddColumns" storage="c:\buildagent\work\c1e1d8ccf6867220\vulcan\vulcantests\bin\anycpu\sign\vulcan.tests.dll" id="1c2aeaf1-8a28-f7e3-e12e-03d583f84c85">
      <Execution id="f17852d9-96df-4b17-97ac-e56437a6de8d" />
      <TestMethod codeBase="C:/BuildAgent/work/c1e1d8ccf6867220/Vulcan/VulcanTests/bin/AnyCPU/Sign/Vulcan.Tests.DLL" adapterTypeName="Microsoft.VisualStudio.TestTools.TestTypes.Unit.UnitTestAdapter, Microsoft.VisualStudio.QualityTools.Tips.UnitTest.Adapter, Version=10.0.0.0, Culture=neutral, PublicKeyToken=b03f5f7f11d50a3a" className="VulcanTests.AstLowererCloneTableTests, Vulcan.Tests, Version=1.0.0.0, Culture=neutral, PublicKeyToken=null" name="CloneTable_FullTable_CloneAllFalseAndAddColumns" />
    </UnitTest>
    <UnitTest name="Cube_ClientNotification" storage="c:\buildagent\work\c1e1d8ccf6867220\vulcan\vulcantests\bin\anycpu\sign\vulcan.tests.dll" id="edc0ac61-b7cf-4b5e-1f0c-4217dfc012dc">
      <Execution id="c5cc2b1e-3f70-416a-a789-e584a2075770" />
      <TestMethod codeBase="C:/BuildAgent/work/c1e1d8ccf6867220/Vulcan/VulcanTests/bin/AnyCPU/Sign/Vulcan.Tests.DLL" adapterTypeName="Microsoft.VisualStudio.TestTools.TestTypes.Unit.UnitTestAdapter, Microsoft.VisualStudio.QualityTools.Tips.UnitTest.Adapter, Version=10.0.0.0, Culture=neutral, PublicKeyToken=b03f5f7f11d50a3a" className="VulcanTests.Ssas2008EmitterTests.Ssas2008EmitterPartitionTests, Vulcan.Tests, Version=1.0.0.0, Culture=neutral, PublicKeyToken=null" name="Cube_ClientNotification" />
    </UnitTest>
    <UnitTest name="AnalysisServicesExecuteDdl_DirectInput" storage="c:\buildagent\work\c1e1d8ccf6867220\vulcan\vulcantests\bin\anycpu\sign\vulcan.tests.dll" id="a121ec7e-2f98-0954-3d5f-a6f4078e8ffd">
      <Execution id="24fb09b5-7815-4b98-968c-e4ced7f7e90f" />
      <TestMethod codeBase="C:/BuildAgent/work/c1e1d8ccf6867220/Vulcan/VulcanTests/bin/AnyCPU/Sign/Vulcan.Tests.DLL" adapterTypeName="Microsoft.VisualStudio.TestTools.TestTypes.Unit.UnitTestAdapter, Microsoft.VisualStudio.QualityTools.Tips.UnitTest.Adapter, Version=10.0.0.0, Culture=neutral, PublicKeyToken=b03f5f7f11d50a3a" className="VulcanTests.SsisEmitterTests.SsisEmitterTaskTests, Vulcan.Tests, Version=1.0.0.0, Culture=neutral, PublicKeyToken=null" name="AnalysisServicesExecuteDdl_DirectInput" />
    </UnitTest>
    <UnitTest name="Merge_IsolationLevel" storage="c:\buildagent\work\c1e1d8ccf6867220\vulcan\vulcantests\bin\anycpu\sign\vulcan.tests.dll" id="b94b74f3-8e2d-f9c4-39d4-1fb6264ef490">
      <Execution id="2a672b08-b91d-441a-8416-badbd3927ca1" />
      <TestMethod codeBase="C:/BuildAgent/work/c1e1d8ccf6867220/Vulcan/VulcanTests/bin/AnyCPU/Sign/Vulcan.Tests.DLL" adapterTypeName="Microsoft.VisualStudio.TestTools.TestTypes.Unit.UnitTestAdapter, Microsoft.VisualStudio.QualityTools.Tips.UnitTest.Adapter, Version=10.0.0.0, Culture=neutral, PublicKeyToken=b03f5f7f11d50a3a" className="VulcanTests.AstLowererPackageTests, Vulcan.Tests, Version=1.0.0.0, Culture=neutral, PublicKeyToken=null" name="Merge_IsolationLevel" />
    </UnitTest>
    <UnitTest name="Cube_Hierarchy" storage="c:\buildagent\work\c1e1d8ccf6867220\vulcan\vulcantests\bin\anycpu\sign\vulcan.tests.dll" id="149374da-a406-d08a-f492-570df8a8565b">
      <Execution id="74218952-a776-4793-af47-fdaec4143f85" />
      <TestMethod codeBase="C:/BuildAgent/work/c1e1d8ccf6867220/Vulcan/VulcanTests/bin/AnyCPU/Sign/Vulcan.Tests.DLL" adapterTypeName="Microsoft.VisualStudio.TestTools.TestTypes.Unit.UnitTestAdapter, Microsoft.VisualStudio.QualityTools.Tips.UnitTest.Adapter, Version=10.0.0.0, Culture=neutral, PublicKeyToken=b03f5f7f11d50a3a" className="VulcanTests.Ssas2008EmitterTests.Ssas2008EmitterCubeTests, Vulcan.Tests, Version=1.0.0.0, Culture=neutral, PublicKeyToken=null" name="Cube_Hierarchy" />
    </UnitTest>
    <UnitTest name="Hierarchy_IsNatural" storage="c:\buildagent\work\c1e1d8ccf6867220\vulcan\vulcantests\bin\anycpu\sign\vulcan.tests.dll" id="16008278-016e-ae6f-8df0-cbe77beab160">
      <Execution id="7d717596-ac5a-42f0-ae6c-1abe59e9619e" />
      <TestMethod codeBase="C:/BuildAgent/work/c1e1d8ccf6867220/Vulcan/VulcanTests/bin/AnyCPU/Sign/Vulcan.Tests.DLL" adapterTypeName="Microsoft.VisualStudio.TestTools.TestTypes.Unit.UnitTestAdapter, Microsoft.VisualStudio.QualityTools.Tips.UnitTest.Adapter, Version=10.0.0.0, Culture=neutral, PublicKeyToken=b03f5f7f11d50a3a" className="VulcanTests.AstDimensionHierarchyNodeTests, Vulcan.Tests, Version=1.0.0.0, Culture=neutral, PublicKeyToken=null" name="Hierarchy_IsNatural" />
    </UnitTest>
    <UnitTest name="TestRemoveWithChildrenClearMethodology" storage="c:\buildagent\work\c1e1d8ccf6867220\vulcan\vulcantests\bin\anycpu\sign\vulcan.tests.dll" id="54eae71b-37cd-b0e8-bc13-a0f55b616fee">
      <Execution id="057a241c-cc65-4acb-a6d9-013229bc15e0" />
      <TestMethod codeBase="C:/BuildAgent/work/c1e1d8ccf6867220/Vulcan/VulcanTests/bin/AnyCPU/Sign/Vulcan.Tests.DLL" adapterTypeName="Microsoft.VisualStudio.TestTools.TestTypes.Unit.UnitTestAdapter, Microsoft.VisualStudio.QualityTools.Tips.UnitTest.Adapter, Version=10.0.0.0, Culture=neutral, PublicKeyToken=b03f5f7f11d50a3a" className="UtilityTest.TreeNodeTest, Vulcan.Tests, Version=1.0.0.0, Culture=neutral, PublicKeyToken=null" name="TestRemoveWithChildrenClearMethodology" />
    </UnitTest>
    <UnitTest name="Etl_Transformations_DestinationBasic" storage="c:\buildagent\work\c1e1d8ccf6867220\vulcan\vulcantests\bin\anycpu\sign\vulcan.tests.dll" id="9cba9362-7146-62fe-3c78-2cdcad704ef4">
      <Execution id="acde3871-96e5-427e-b95f-9c8a5c191210" />
      <TestMethod codeBase="C:/BuildAgent/work/c1e1d8ccf6867220/Vulcan/VulcanTests/bin/AnyCPU/Sign/Vulcan.Tests.DLL" adapterTypeName="Microsoft.VisualStudio.TestTools.TestTypes.Unit.UnitTestAdapter, Microsoft.VisualStudio.QualityTools.Tips.UnitTest.Adapter, Version=10.0.0.0, Culture=neutral, PublicKeyToken=b03f5f7f11d50a3a" className="VulcanTests.Ssis2008EmitterTests.Ssis2008EmitterEtlTests, Vulcan.Tests, Version=1.0.0.0, Culture=neutral, PublicKeyToken=null" name="Etl_Transformations_DestinationBasic" />
    </UnitTest>
    <UnitTest name="Etl_Transformations_UnionAllTransformationOrder" storage="c:\buildagent\work\c1e1d8ccf6867220\vulcan\vulcantests\bin\anycpu\sign\vulcan.tests.dll" id="3b833b69-9671-5e37-280b-4a560568e333">
      <Execution id="a6d739aa-e0a0-4f57-b06b-51befeb103b9" />
      <TestMethod codeBase="C:/BuildAgent/work/c1e1d8ccf6867220/Vulcan/VulcanTests/bin/AnyCPU/Sign/Vulcan.Tests.DLL" adapterTypeName="Microsoft.VisualStudio.TestTools.TestTypes.Unit.UnitTestAdapter, Microsoft.VisualStudio.QualityTools.Tips.UnitTest.Adapter, Version=10.0.0.0, Culture=neutral, PublicKeyToken=b03f5f7f11d50a3a" className="VulcanTests.Ssis2008EmitterTests.Ssis2008EmitterEtlTests, Vulcan.Tests, Version=1.0.0.0, Culture=neutral, PublicKeyToken=null" name="Etl_Transformations_UnionAllTransformationOrder" />
    </UnitTest>
    <UnitTest name="Table_PrimaryKey_Basic" storage="c:\buildagent\work\c1e1d8ccf6867220\vulcan\vulcantests\bin\anycpu\sign\vulcan.tests.dll" id="9c61f27b-88db-f5d1-7a06-8c599b2166e9">
      <Execution id="943c5ae4-3800-4618-bc77-22b0b6bce401" />
      <TestMethod codeBase="C:/BuildAgent/work/c1e1d8ccf6867220/Vulcan/VulcanTests/bin/AnyCPU/Sign/Vulcan.Tests.DLL" adapterTypeName="Microsoft.VisualStudio.TestTools.TestTypes.Unit.UnitTestAdapter, Microsoft.VisualStudio.QualityTools.Tips.UnitTest.Adapter, Version=10.0.0.0, Culture=neutral, PublicKeyToken=b03f5f7f11d50a3a" className="VulcanTests.AstLowererTableTests, Vulcan.Tests, Version=1.0.0.0, Culture=neutral, PublicKeyToken=null" name="Table_PrimaryKey_Basic" />
    </UnitTest>
    <UnitTest name="Table_UniqueKey_Basic" storage="c:\buildagent\work\c1e1d8ccf6867220\vulcan\vulcantests\bin\anycpu\sign\vulcan.tests.dll" id="018605e8-df01-984e-0a0d-37a9e4f7511c">
      <Execution id="70fbe627-f061-4cc8-9aec-03676c27c374" />
      <TestMethod codeBase="C:/BuildAgent/work/c1e1d8ccf6867220/Vulcan/VulcanTests/bin/AnyCPU/Sign/Vulcan.Tests.DLL" adapterTypeName="Microsoft.VisualStudio.TestTools.TestTypes.Unit.UnitTestAdapter, Microsoft.VisualStudio.QualityTools.Tips.UnitTest.Adapter, Version=10.0.0.0, Culture=neutral, PublicKeyToken=b03f5f7f11d50a3a" className="VulcanTests.AstLowererTableTests, Vulcan.Tests, Version=1.0.0.0, Culture=neutral, PublicKeyToken=null" name="Table_UniqueKey_Basic" />
    </UnitTest>
  </TestDefinitions>
  <TestLists>
    <TestList name="Results Not in a List" id="8c84fa94-04c1-424b-9868-57a2d4851a1d" />
    <TestList name="All Loaded Results" id="19431567-8539-422a-85d7-44ee4e166bda" />
  </TestLists>
  <TestEntries>
    <TestEntry testId="9d82caa3-2688-30e5-555f-9721f9e3e18e" executionId="a0395767-ce9e-4e96-92c8-022bfee3bd8f" testListId="8c84fa94-04c1-424b-9868-57a2d4851a1d" />
    <TestEntry testId="c23f99e9-b8f4-f983-f028-1c3e59cb8750" executionId="1bed4b6d-1d71-42e5-a243-b415d51d1bc8" testListId="8c84fa94-04c1-424b-9868-57a2d4851a1d" />
    <TestEntry testId="b7dcdc76-44bc-f7da-aaf6-0bc400532718" executionId="84449be4-d4ef-47d3-90f2-5632b6f1cbf2" testListId="8c84fa94-04c1-424b-9868-57a2d4851a1d" />
    <TestEntry testId="54eae71b-37cd-b0e8-bc13-a0f55b616fee" executionId="057a241c-cc65-4acb-a6d9-013229bc15e0" testListId="8c84fa94-04c1-424b-9868-57a2d4851a1d" />
    <TestEntry testId="8404b6b9-0823-d03a-4459-6356f7acd186" executionId="c52ce6c4-7395-406e-9b8a-617a518c784b" testListId="8c84fa94-04c1-424b-9868-57a2d4851a1d" />
    <TestEntry testId="2512de25-33ec-f422-9f7d-ee6a984b4b1b" executionId="88ca94b2-5144-42a6-bb1e-7b3fe01aa16d" testListId="8c84fa94-04c1-424b-9868-57a2d4851a1d" />
    <TestEntry testId="71f410d6-d6f8-4e26-877b-218a8795b78f" executionId="5624ffbc-d67d-467b-9398-a4b3382a2f9e" testListId="8c84fa94-04c1-424b-9868-57a2d4851a1d" />
    <TestEntry testId="7b648b89-48ea-a5ca-3eec-30486a670978" executionId="24ee953f-9f04-4976-851e-1d14802a5c92" testListId="8c84fa94-04c1-424b-9868-57a2d4851a1d" />
    <TestEntry testId="e3e90e19-a891-de78-0082-84ca03c5431e" executionId="62676883-ad1a-458b-a2b1-56bc69658958" testListId="8c84fa94-04c1-424b-9868-57a2d4851a1d" />
    <TestEntry testId="16008278-016e-ae6f-8df0-cbe77beab160" executionId="7d717596-ac5a-42f0-ae6c-1abe59e9619e" testListId="8c84fa94-04c1-424b-9868-57a2d4851a1d" />
    <TestEntry testId="7ff1df09-c9b6-9a24-426c-e4ad20e41201" executionId="9a3ab7c0-02b5-4789-abe6-916c7092046d" testListId="8c84fa94-04c1-424b-9868-57a2d4851a1d" />
    <TestEntry testId="5def7753-7590-4434-c690-bc32c812a2cf" executionId="2d3fe7fc-6321-47d6-97b8-3270870b8661" testListId="8c84fa94-04c1-424b-9868-57a2d4851a1d" />
    <TestEntry testId="0039db06-a76a-1863-016a-1402bcebae48" executionId="bf9f60bc-ad13-42cd-9660-d1b37a91223b" testListId="8c84fa94-04c1-424b-9868-57a2d4851a1d" />
    <TestEntry testId="876dfb0f-dd35-891f-0f72-e9b557c2bf74" executionId="d724cb16-de48-40bf-8f68-1b194c2401f9" testListId="8c84fa94-04c1-424b-9868-57a2d4851a1d" />
    <TestEntry testId="48a44f0b-aefa-ae73-f430-5b02d7fe47ab" executionId="fc589600-e97e-438f-ab50-4b8a77cc6bba" testListId="8c84fa94-04c1-424b-9868-57a2d4851a1d" />
    <TestEntry testId="acbb402c-05ce-dcf3-1ca5-22f5b8ae3004" executionId="84a24923-4468-4489-becc-dbd32ede3a41" testListId="8c84fa94-04c1-424b-9868-57a2d4851a1d" />
    <TestEntry testId="f019928d-348e-3798-a78c-212935ed13c7" executionId="02ed2825-582e-4862-abbd-00705a7cd75a" testListId="8c84fa94-04c1-424b-9868-57a2d4851a1d" />
    <TestEntry testId="87307261-dd35-f781-191d-8a39af1406d6" executionId="ccf0a90e-64cd-4036-86e8-0f0527f2d5b9" testListId="8c84fa94-04c1-424b-9868-57a2d4851a1d" />
    <TestEntry testId="1b1d4ad9-af8e-68a0-7c0f-b10e0a47daf5" executionId="7cecc61d-ab4e-4ba8-922d-6d66312b440c" testListId="8c84fa94-04c1-424b-9868-57a2d4851a1d" />
    <TestEntry testId="e9bb3e36-af74-8175-e00a-24dcd7c7432c" executionId="293c032c-43d9-4dc5-8113-7c17bd1311ca" testListId="8c84fa94-04c1-424b-9868-57a2d4851a1d" />
    <TestEntry testId="da3e5ecc-f7ea-f0c6-7b5b-6ece22768e57" executionId="cd389ece-7f63-47ac-88d0-ba7d772f02c6" testListId="8c84fa94-04c1-424b-9868-57a2d4851a1d" />
    <TestEntry testId="490348b4-832d-841e-4d87-33178f2c4291" executionId="64ede0b1-3796-4298-b8ba-900e6bf29310" testListId="8c84fa94-04c1-424b-9868-57a2d4851a1d" />
    <TestEntry testId="8258bf30-f91f-2874-b3a5-df7b06aab7b0" executionId="d12dc648-a691-40be-8ca8-987548d49804" testListId="8c84fa94-04c1-424b-9868-57a2d4851a1d" />
    <TestEntry testId="80c909dd-1d62-5a64-c407-e1753b053302" executionId="8a80a05e-4a56-464a-86e2-ceabb2cbe292" testListId="8c84fa94-04c1-424b-9868-57a2d4851a1d" />
    <TestEntry testId="117a3648-616a-6178-f97a-35b41eef5e15" executionId="d936067f-2e2d-42aa-8a66-0a2b0e6a6ec4" testListId="8c84fa94-04c1-424b-9868-57a2d4851a1d" />
    <TestEntry testId="c4260f19-d172-2d6f-60b6-1cfb14e1ccd2" executionId="f819ee88-0eec-4213-86ae-c73affab5e52" testListId="8c84fa94-04c1-424b-9868-57a2d4851a1d" />
    <TestEntry testId="f6881c8f-e5b9-f224-4f99-14987770a668" executionId="44d5456e-5c4c-444e-b169-2315ede97efa" testListId="8c84fa94-04c1-424b-9868-57a2d4851a1d" />
    <TestEntry testId="d0727025-2ff3-0657-16c9-24b3598ec684" executionId="8353dcb9-95d2-40dc-ae19-a6b169757389" testListId="8c84fa94-04c1-424b-9868-57a2d4851a1d" />
    <TestEntry testId="8eb96cf4-5e6b-f0a4-ecde-6c243a99cb85" executionId="cbbb96ac-9b03-4655-bc7e-c93bb3e2bf5d" testListId="8c84fa94-04c1-424b-9868-57a2d4851a1d" />
    <TestEntry testId="f6d60fe5-16fc-9129-0c37-82aab28ca4a9" executionId="d5891b8f-4425-48cc-9268-8a5c920aa197" testListId="8c84fa94-04c1-424b-9868-57a2d4851a1d" />
    <TestEntry testId="1c2aeaf1-8a28-f7e3-e12e-03d583f84c85" executionId="f17852d9-96df-4b17-97ac-e56437a6de8d" testListId="8c84fa94-04c1-424b-9868-57a2d4851a1d" />
    <TestEntry testId="61beb98f-b897-c33e-a8ea-3c00c3a291ca" executionId="dfea1077-09b2-46a0-b128-902c8d370c5d" testListId="8c84fa94-04c1-424b-9868-57a2d4851a1d" />
    <TestEntry testId="648558f8-12c1-aa8a-c829-f0d56c297ac4" executionId="5b9e4e29-742d-424b-8f5b-d553a6ce626a" testListId="8c84fa94-04c1-424b-9868-57a2d4851a1d" />
    <TestEntry testId="e6f45300-5677-d38d-23e4-e88bfb5fcaf1" executionId="07d41f54-8292-44a7-9168-c3284cb5471f" testListId="8c84fa94-04c1-424b-9868-57a2d4851a1d" />
    <TestEntry testId="8cd1c51f-c952-4e72-62a8-935fa1f81048" executionId="d3aa5b12-dd4a-4cda-8246-3746f8563993" testListId="8c84fa94-04c1-424b-9868-57a2d4851a1d" />
    <TestEntry testId="5dbbe750-7e4b-8965-656e-2ad3bb0409af" executionId="1d12d5dc-7fca-4a2e-86d4-e695e38cdd4f" testListId="8c84fa94-04c1-424b-9868-57a2d4851a1d" />
    <TestEntry testId="cb2b613c-5eec-2ca0-e1d0-1b34a5951599" executionId="4b0987ca-f0ce-44fe-b212-f65e3cd052ac" testListId="8c84fa94-04c1-424b-9868-57a2d4851a1d" />
    <TestEntry testId="823bf34e-0f3e-d533-b40a-6691931a899a" executionId="0891111b-d490-4d16-83b7-f692818bb979" testListId="8c84fa94-04c1-424b-9868-57a2d4851a1d" />
    <TestEntry testId="90971743-6d6c-ef70-cbb6-fb8071ff5bec" executionId="d6730eff-e2fc-40a0-a6ec-4b2a1719a2d4" testListId="8c84fa94-04c1-424b-9868-57a2d4851a1d" />
    <TestEntry testId="7e219c81-b5b6-4142-b628-2992ef2ab400" executionId="a0d508b6-7f41-46e3-86b9-c82789f3cc5f" testListId="8c84fa94-04c1-424b-9868-57a2d4851a1d" />
    <TestEntry testId="9ddcab80-70b4-f705-00e1-5039e853b32f" executionId="62009bbb-277b-44b6-b910-e128b59bf2a1" testListId="8c84fa94-04c1-424b-9868-57a2d4851a1d" />
    <TestEntry testId="5da6a91f-1090-11f6-ecb0-da20b3ecd886" executionId="2e01407c-901c-44bf-9cd1-f369c9baf8b0" testListId="8c84fa94-04c1-424b-9868-57a2d4851a1d" />
    <TestEntry testId="cfe42f3b-4a33-cabb-9ff8-474703335ca1" executionId="fc73446b-f158-4f7c-865a-1f675ab50ec1" testListId="8c84fa94-04c1-424b-9868-57a2d4851a1d" />
    <TestEntry testId="5deb5ca0-b4cf-175c-ab57-0da2ac0f7954" executionId="7914ec77-9f99-4f45-99ce-ec61adcf33f0" testListId="8c84fa94-04c1-424b-9868-57a2d4851a1d" />
    <TestEntry testId="777ee719-aa8b-88e8-a4ed-f77907bca48a" executionId="a736959b-2a3c-4bed-89a0-336383ea21fd" testListId="8c84fa94-04c1-424b-9868-57a2d4851a1d" />
    <TestEntry testId="d4bbed1f-634b-1eee-a2ee-371e02c0f287" executionId="93c6d110-00a3-422a-812a-834200d68d06" testListId="8c84fa94-04c1-424b-9868-57a2d4851a1d" />
    <TestEntry testId="58a100a9-15d3-004e-f1a5-b2681a39f748" executionId="11de267d-02ef-4d49-bb07-c3c31b3477be" testListId="8c84fa94-04c1-424b-9868-57a2d4851a1d" />
    <TestEntry testId="17eb71f4-4807-c909-2838-08a7ed78fb3e" executionId="b42afd2f-b30a-482a-855f-85d6f9190edd" testListId="8c84fa94-04c1-424b-9868-57a2d4851a1d" />
    <TestEntry testId="9345f3da-6d13-b8bd-48f5-f42a231290fc" executionId="401c7d0b-a167-4410-89df-f935387e50d0" testListId="8c84fa94-04c1-424b-9868-57a2d4851a1d" />
    <TestEntry testId="285b343d-847d-9a92-937a-e203668515cf" executionId="8efa1698-ad7a-48f6-930c-435116fda5a0" testListId="8c84fa94-04c1-424b-9868-57a2d4851a1d" />
    <TestEntry testId="f7d965da-0c6c-76ef-3528-5ed5d87a239e" executionId="674a2cb0-671a-47f3-9d21-24b6dc528f18" testListId="8c84fa94-04c1-424b-9868-57a2d4851a1d" />
    <TestEntry testId="63880208-b526-c058-ea9d-49202d599497" executionId="34eaa92c-c129-4e65-b886-eedd4a068e7e" testListId="8c84fa94-04c1-424b-9868-57a2d4851a1d" />
    <TestEntry testId="0fad9a47-d5ef-e9a4-4ce7-ab1c54dbf305" executionId="0e94f81e-c89e-4b35-9232-a1916b3c30ac" testListId="8c84fa94-04c1-424b-9868-57a2d4851a1d" />
    <TestEntry testId="81d07ce2-30e7-d151-1e23-3d5a80dfc210" executionId="a7044565-0792-4ca5-8108-7901612f3bea" testListId="8c84fa94-04c1-424b-9868-57a2d4851a1d" />
    <TestEntry testId="01cd0809-f465-d039-ac73-353f51a7ff0d" executionId="ab3939ce-3e02-46f6-b91d-c003bc4c9e8d" testListId="8c84fa94-04c1-424b-9868-57a2d4851a1d" />
    <TestEntry testId="7aa5c5d7-9f22-0c87-8d06-93de7695f9cd" executionId="df5f2d07-021c-4eb6-840e-5b62c6e150f0" testListId="8c84fa94-04c1-424b-9868-57a2d4851a1d" />
    <TestEntry testId="60fd485a-fe26-c4fc-bb36-ef041cad84df" executionId="430e6586-add6-4298-8a95-96aaa1f89202" testListId="8c84fa94-04c1-424b-9868-57a2d4851a1d" />
    <TestEntry testId="b94b74f3-8e2d-f9c4-39d4-1fb6264ef490" executionId="2a672b08-b91d-441a-8416-badbd3927ca1" testListId="8c84fa94-04c1-424b-9868-57a2d4851a1d" />
    <TestEntry testId="39cc03e7-ef0f-cad1-a022-accc8bba6319" executionId="9759524f-9ed5-4128-a11a-d21a88424a39" testListId="8c84fa94-04c1-424b-9868-57a2d4851a1d" />
    <TestEntry testId="ce16c7bf-061b-8426-557f-547f0720287b" executionId="28608232-63ef-4c86-891c-919bebb079ea" testListId="8c84fa94-04c1-424b-9868-57a2d4851a1d" />
    <TestEntry testId="df417eee-2587-b4a7-9b4b-5d955fdd5d8b" executionId="eba73e8b-faa1-4370-a129-ced98e3348e0" testListId="8c84fa94-04c1-424b-9868-57a2d4851a1d" />
    <TestEntry testId="2d1222c2-5a86-cdd3-5c38-37723763be17" executionId="f648c27c-9795-4791-ac85-237d599412d9" testListId="8c84fa94-04c1-424b-9868-57a2d4851a1d" />
    <TestEntry testId="1be47856-2711-72e7-2877-d20464c10aed" executionId="8c549943-06da-4ccb-b44f-d66f45c4d6b8" testListId="8c84fa94-04c1-424b-9868-57a2d4851a1d" />
    <TestEntry testId="8208ce8e-4623-50ba-7d41-e7d571fde043" executionId="e5198862-e75d-4e08-b1ad-6d6cbbdc44e7" testListId="8c84fa94-04c1-424b-9868-57a2d4851a1d" />
    <TestEntry testId="94157383-91f7-0549-5b19-c7399d37a967" executionId="49aa726b-4867-42a7-ae59-c0c75a3c4f4c" testListId="8c84fa94-04c1-424b-9868-57a2d4851a1d" />
    <TestEntry testId="e2c638c7-aa81-5c41-2279-e79d49c4bfd0" executionId="9d28d911-622e-49ca-9996-2b25828df871" testListId="8c84fa94-04c1-424b-9868-57a2d4851a1d" />
    <TestEntry testId="6500e344-3c21-1255-002f-e8123cbdf729" executionId="7a665e42-e5e0-4e68-a98b-5eb87043d5f4" testListId="8c84fa94-04c1-424b-9868-57a2d4851a1d" />
    <TestEntry testId="6b877421-5707-97e0-97c7-e782922ca1ad" executionId="a03040d5-9dbc-4563-add4-e25489c3e7cf" testListId="8c84fa94-04c1-424b-9868-57a2d4851a1d" />
    <TestEntry testId="f7be0885-34af-c0d2-b74b-f8d5a5e3a795" executionId="7cb94e5c-0606-4c58-ac28-899456408991" testListId="8c84fa94-04c1-424b-9868-57a2d4851a1d" />
    <TestEntry testId="e14b5b3b-4656-87d2-543d-14601f0f628d" executionId="bb3e2205-cd6d-4953-8776-761a88d306e8" testListId="8c84fa94-04c1-424b-9868-57a2d4851a1d" />
    <TestEntry testId="f4a85836-8c32-fb28-ffcb-6401d7e9b590" executionId="b0580483-7725-4598-8448-ce3742f1537c" testListId="8c84fa94-04c1-424b-9868-57a2d4851a1d" />
    <TestEntry testId="e22dfcc3-ffd5-2132-f085-ac0749af87c9" executionId="6d9bfa2d-b3ff-42db-9727-fff8a747007a" testListId="8c84fa94-04c1-424b-9868-57a2d4851a1d" />
    <TestEntry testId="ff0e7abc-c5ee-40dc-58b7-62698359f3f7" executionId="2920b261-59c4-405d-b192-aa5eb74c8e1b" testListId="8c84fa94-04c1-424b-9868-57a2d4851a1d" />
    <TestEntry testId="457b3044-9413-799b-c6e9-1e4f2e5da8fc" executionId="65563769-ba16-4c91-adfe-dca72a9485e7" testListId="8c84fa94-04c1-424b-9868-57a2d4851a1d" />
    <TestEntry testId="5be38c6d-35ee-e447-3092-8c010608bfef" executionId="28b03a6e-291a-4567-a6c3-718e88199938" testListId="8c84fa94-04c1-424b-9868-57a2d4851a1d" />
    <TestEntry testId="14385a63-51b1-0380-f32a-f001d10be915" executionId="6f5bafbc-815d-4aef-9983-62ae6691ce7d" testListId="8c84fa94-04c1-424b-9868-57a2d4851a1d" />
    <TestEntry testId="1db5dc0b-acc5-b391-21c6-38e735731bd0" executionId="54b7e0af-6ea9-45ad-8522-0e73db0483d8" testListId="8c84fa94-04c1-424b-9868-57a2d4851a1d" />
    <TestEntry testId="147eb792-33f0-d224-015a-85c3ba90358c" executionId="8f3290cd-a650-4fa4-b0df-75303259cee6" testListId="8c84fa94-04c1-424b-9868-57a2d4851a1d" />
    <TestEntry testId="f9abbf63-7a7f-75fb-23ee-e8740e1f5877" executionId="d56dd168-8f3f-4b2a-9839-0a841c06f507" testListId="8c84fa94-04c1-424b-9868-57a2d4851a1d" />
    <TestEntry testId="c1810f9f-f568-0638-2859-751834fcf8b8" executionId="815de1cd-43e7-4ad8-88d7-e94f52295410" testListId="8c84fa94-04c1-424b-9868-57a2d4851a1d" />
    <TestEntry testId="b42cb581-0ff1-4824-b59d-b562971d3661" executionId="366f4e83-0943-4f40-be0b-70419a8205ae" testListId="8c84fa94-04c1-424b-9868-57a2d4851a1d" />
    <TestEntry testId="c72a7203-73ad-ca33-0cbc-63ace5c61baf" executionId="03e72168-c98b-4027-a94f-5b9361acc395" testListId="8c84fa94-04c1-424b-9868-57a2d4851a1d" />
    <TestEntry testId="7a52f4e0-d561-c4b3-66f7-584536cd6ea6" executionId="fdddbd98-ac78-4377-be5c-a69f549f9675" testListId="8c84fa94-04c1-424b-9868-57a2d4851a1d" />
    <TestEntry testId="dd8e7ae0-e758-e846-5a93-10f70d19335a" executionId="1033220c-801c-404f-ad39-4e88cc4964f6" testListId="8c84fa94-04c1-424b-9868-57a2d4851a1d" />
    <TestEntry testId="1fcdadbf-24af-f82b-b5d5-927ef78dfedf" executionId="02493cfc-bf42-4692-8d3e-07f4cc857d19" testListId="8c84fa94-04c1-424b-9868-57a2d4851a1d" />
    <TestEntry testId="7528a310-3770-c2fe-792d-086a47c766dc" executionId="370cb0a6-3214-4da0-8355-38e781acf365" testListId="8c84fa94-04c1-424b-9868-57a2d4851a1d" />
    <TestEntry testId="dfa861b4-fd63-28b0-1e1e-0640d1ea88d2" executionId="e0c566d4-9029-4019-b493-2febf4ed3f3d" testListId="8c84fa94-04c1-424b-9868-57a2d4851a1d" />
    <TestEntry testId="924b790b-c7ac-9a05-ed3e-9b44af5df45a" executionId="ff09bd20-ea58-4fc0-a9c2-e2fbe4ecd44d" testListId="8c84fa94-04c1-424b-9868-57a2d4851a1d" />
    <TestEntry testId="d86b9d3b-c2bb-9c4e-801d-ba94f9e7357f" executionId="8d866ad3-6c88-47f6-b5c9-99d0ab7f5650" testListId="8c84fa94-04c1-424b-9868-57a2d4851a1d" />
    <TestEntry testId="b41b8ea5-01e0-b4b1-a895-bc9877bcb53f" executionId="50ed0f52-d3a8-4c8d-a066-deb78f7f7187" testListId="8c84fa94-04c1-424b-9868-57a2d4851a1d" />
    <TestEntry testId="4805e4e8-2c12-2672-ad60-9c4c73a63e32" executionId="2a275fb6-629f-427a-abd7-5b66066102af" testListId="8c84fa94-04c1-424b-9868-57a2d4851a1d" />
    <TestEntry testId="8ffa97a4-94ff-5762-bc24-fa8e3d6a7945" executionId="bd1a98fd-dfb8-47bf-8e10-c20ebeca9e03" testListId="8c84fa94-04c1-424b-9868-57a2d4851a1d" />
    <TestEntry testId="8816bbc5-ea9d-2fdd-6b4e-b000a8ac4f05" executionId="31442196-4f0b-4db8-80e2-cd1a9f261b4c" testListId="8c84fa94-04c1-424b-9868-57a2d4851a1d" />
    <TestEntry testId="730b45b9-5c6b-baea-1b72-e1e4b0e2c060" executionId="827af01b-a876-48fd-ab66-1a0171870515" testListId="8c84fa94-04c1-424b-9868-57a2d4851a1d" />
    <TestEntry testId="1aa5bc09-8ba9-9bfc-d262-48ae29077ca1" executionId="f07e374b-6b90-4e15-9190-f3eb7a2a79ef" testListId="8c84fa94-04c1-424b-9868-57a2d4851a1d" />
    <TestEntry testId="7a941737-e78b-d27f-a826-94609f423151" executionId="8efa8cc7-5e25-44d3-b9e2-664642372da8" testListId="8c84fa94-04c1-424b-9868-57a2d4851a1d" />
    <TestEntry testId="70b0e396-a65f-8ff3-5097-2323b999b44d" executionId="e72ddf94-5e8a-46f5-908d-041d9dc9585f" testListId="8c84fa94-04c1-424b-9868-57a2d4851a1d" />
    <TestEntry testId="1794d721-1fc2-8b71-8134-425363b09b2a" executionId="7be339fe-7d27-468a-a0e3-dd49f8c61588" testListId="8c84fa94-04c1-424b-9868-57a2d4851a1d" />
    <TestEntry testId="7debae5a-cbb5-e2ab-ec08-0d9975f39189" executionId="64cc4bc8-78d5-477d-80f3-2c4039f53ec8" testListId="8c84fa94-04c1-424b-9868-57a2d4851a1d" />
    <TestEntry testId="9a36e55a-a835-253e-6063-dacda3b7f055" executionId="326dcd8c-5fa8-494a-858f-5cff4b96ad8f" testListId="8c84fa94-04c1-424b-9868-57a2d4851a1d" />
    <TestEntry testId="9c61f27b-88db-f5d1-7a06-8c599b2166e9" executionId="943c5ae4-3800-4618-bc77-22b0b6bce401" testListId="8c84fa94-04c1-424b-9868-57a2d4851a1d" />
    <TestEntry testId="195ddd83-238f-1554-003a-e02d5e3c98d1" executionId="2772b9b4-a458-428a-80e0-4e36708c43c7" testListId="8c84fa94-04c1-424b-9868-57a2d4851a1d" />
    <TestEntry testId="33f820e0-dbd9-ffdb-9239-52c7bf2d596a" executionId="abab5406-4098-4144-9ae4-c45869febebf" testListId="8c84fa94-04c1-424b-9868-57a2d4851a1d" />
    <TestEntry testId="7d14f545-bbf2-2590-6f5e-6e7fc27db82f" executionId="f0230779-1e45-44ec-b64f-cd698b26b880" testListId="8c84fa94-04c1-424b-9868-57a2d4851a1d" />
    <TestEntry testId="7cb124d4-0ee5-dd8a-02e1-96ad4a08d0f0" executionId="5ba07fc6-7050-40c7-8778-30d528263a5d" testListId="8c84fa94-04c1-424b-9868-57a2d4851a1d" />
    <TestEntry testId="5cdf29e9-f21f-1ac1-73c1-8e610507a243" executionId="02c42a18-b09f-4dbe-84fa-235102e3232a" testListId="8c84fa94-04c1-424b-9868-57a2d4851a1d" />
    <TestEntry testId="17790aae-7771-59e4-ebb5-a5b327afffbe" executionId="63d451b7-4db2-4cac-8d8d-430242b36d3b" testListId="8c84fa94-04c1-424b-9868-57a2d4851a1d" />
    <TestEntry testId="018605e8-df01-984e-0a0d-37a9e4f7511c" executionId="70fbe627-f061-4cc8-9aec-03676c27c374" testListId="8c84fa94-04c1-424b-9868-57a2d4851a1d" />
    <TestEntry testId="d5c6b7ae-1c30-93c6-4fd6-c075f5032b7d" executionId="8b651258-ba50-4313-90de-b553eb96caaa" testListId="8c84fa94-04c1-424b-9868-57a2d4851a1d" />
    <TestEntry testId="5e4e6370-97b6-9dfb-b998-668ff69fd670" executionId="9bc85cac-1d47-4e6e-9e9c-ce7e955cd81b" testListId="8c84fa94-04c1-424b-9868-57a2d4851a1d" />
    <TestEntry testId="4d56e203-0b3b-fb28-83e6-b090f90bf976" executionId="7246989b-4caa-4151-b806-c87dd7ac5af1" testListId="8c84fa94-04c1-424b-9868-57a2d4851a1d" />
    <TestEntry testId="6e8aa6c3-f068-5527-7b4d-937cd0de7059" executionId="67a8528e-e650-4d67-9dce-b26559c69c70" testListId="8c84fa94-04c1-424b-9868-57a2d4851a1d" />
    <TestEntry testId="44e34b86-55da-39f2-0b4c-f3e3fd71a856" executionId="9ffb6e5b-8508-48ad-94d6-fc9c3c6291c7" testListId="8c84fa94-04c1-424b-9868-57a2d4851a1d" />
    <TestEntry testId="8ddde8d1-62ee-9348-c793-5d0a6d2eb141" executionId="16baf193-bb0b-4710-9bae-95a1a335ec38" testListId="8c84fa94-04c1-424b-9868-57a2d4851a1d" />
    <TestEntry testId="c9aac1ae-f2c4-280c-8332-76bc3d13cc9a" executionId="d0c628f2-01ad-4027-9a88-974a7a3b3396" testListId="8c84fa94-04c1-424b-9868-57a2d4851a1d" />
    <TestEntry testId="cdda292a-f991-f7b6-9404-61cd09b58dde" executionId="15042835-6480-44b6-8190-ffb72bb5c15c" testListId="8c84fa94-04c1-424b-9868-57a2d4851a1d" />
    <TestEntry testId="6d07095c-1369-a08f-3fef-978a01e50c05" executionId="608026d5-519d-40e8-a898-d234355aaeb6" testListId="8c84fa94-04c1-424b-9868-57a2d4851a1d" />
    <TestEntry testId="1e307603-9cc5-6187-9fd4-c62f632f26fe" executionId="cb5ed350-0e50-4fcb-8d25-211473ac63be" testListId="8c84fa94-04c1-424b-9868-57a2d4851a1d" />
    <TestEntry testId="d4dd639d-b29c-4083-c931-9790d67ca557" executionId="74a916e8-3d4c-4fb4-be84-77d717d1de8d" testListId="8c84fa94-04c1-424b-9868-57a2d4851a1d" />
    <TestEntry testId="f18c0df0-f29f-8733-55e1-1ec5f73e48e2" executionId="514bf58a-a50b-4d7c-b2cf-8ce29d57a2ae" testListId="8c84fa94-04c1-424b-9868-57a2d4851a1d" />
    <TestEntry testId="ba62f038-fefc-af41-aaa5-8e542f7f3e57" executionId="6c56ff27-7f92-4d23-9add-202d09da09aa" testListId="8c84fa94-04c1-424b-9868-57a2d4851a1d" />
    <TestEntry testId="d401bc94-40ba-afac-53fc-8cf870a428da" executionId="c4849bb1-9062-4067-80a5-a147b130ba7b" testListId="8c84fa94-04c1-424b-9868-57a2d4851a1d" />
    <TestEntry testId="b96f406a-8a3c-8f55-a542-9570256fd35b" executionId="ba44fdc2-8daf-472f-8b89-c45fcec3baf3" testListId="8c84fa94-04c1-424b-9868-57a2d4851a1d" />
    <TestEntry testId="149374da-a406-d08a-f492-570df8a8565b" executionId="74218952-a776-4793-af47-fdaec4143f85" testListId="8c84fa94-04c1-424b-9868-57a2d4851a1d" />
    <TestEntry testId="3c499f81-2798-1752-241f-2880a3cdf90e" executionId="a0655cd0-be09-4f23-8c9e-b76651656abc" testListId="8c84fa94-04c1-424b-9868-57a2d4851a1d" />
    <TestEntry testId="87cfb13c-90e8-bbed-52ea-aeea27046685" executionId="43dced05-c7a4-47cc-9645-13f59fbe308b" testListId="8c84fa94-04c1-424b-9868-57a2d4851a1d" />
    <TestEntry testId="f778edf3-3682-a6e1-2095-10ef4134e195" executionId="0988d809-49a6-4de3-9672-077594a19db4" testListId="8c84fa94-04c1-424b-9868-57a2d4851a1d" />
    <TestEntry testId="39da06b8-da9a-5e14-1f69-ff07783ddf10" executionId="16936438-94d3-424b-91d3-f08950d4da1b" testListId="8c84fa94-04c1-424b-9868-57a2d4851a1d" />
    <TestEntry testId="a0e4c3d2-ce7e-3cb8-f1fa-24cfcba5123f" executionId="f2230a17-3194-40ef-8894-19184ddd89fe" testListId="8c84fa94-04c1-424b-9868-57a2d4851a1d" />
    <TestEntry testId="f27305fa-985b-eec0-8b4e-8bf6c2a7d716" executionId="d6ad90e8-7a23-40aa-b174-23d3e521ff3f" testListId="8c84fa94-04c1-424b-9868-57a2d4851a1d" />
    <TestEntry testId="cadbaa20-d1c1-cc97-c968-565bf0734170" executionId="27031124-72d8-4c56-b0bf-3efe1a908fc7" testListId="8c84fa94-04c1-424b-9868-57a2d4851a1d" />
    <TestEntry testId="6931d0af-3d95-e098-c636-e32fcb8bf44d" executionId="4886fbd6-9c8d-4188-a093-f46c7ef91a42" testListId="8c84fa94-04c1-424b-9868-57a2d4851a1d" />
    <TestEntry testId="f147a24d-9e63-3369-32d3-d106a417134a" executionId="3d6b41ad-c750-4aa7-971a-6e5cfe8ef71b" testListId="8c84fa94-04c1-424b-9868-57a2d4851a1d" />
    <TestEntry testId="afebadca-06bd-756f-4b81-62072dee04db" executionId="ed5ce183-f1e7-43c1-8559-4108bb17421e" testListId="8c84fa94-04c1-424b-9868-57a2d4851a1d" />
    <TestEntry testId="c2fe96f0-b416-c9c0-8421-eed60981585c" executionId="106d1669-8cf2-4ba7-b236-08f1a22e6be0" testListId="8c84fa94-04c1-424b-9868-57a2d4851a1d" />
    <TestEntry testId="052695d4-dd39-dbb8-6513-330cf54aff68" executionId="a078969f-264b-4f5c-80fe-2a00965ad377" testListId="8c84fa94-04c1-424b-9868-57a2d4851a1d" />
    <TestEntry testId="fc433d90-0595-5f22-037b-9728a623c09d" executionId="bf4fb69b-1c19-468b-8424-1a51f5c3ebd1" testListId="8c84fa94-04c1-424b-9868-57a2d4851a1d" />
    <TestEntry testId="084259f9-104b-4edc-27e9-65e71afa82ca" executionId="bcac4a60-013f-429d-b409-baaf9204beba" testListId="8c84fa94-04c1-424b-9868-57a2d4851a1d" />
    <TestEntry testId="d48a9c5a-a080-ca5d-5ae3-be3d31f99a26" executionId="1e8dcf5d-b1ab-4747-8c6a-d551a32577c0" testListId="8c84fa94-04c1-424b-9868-57a2d4851a1d" />
    <TestEntry testId="07bfc2bf-8f18-27b1-ed7f-102a08507d47" executionId="e335ea56-3a3f-4302-811c-e2a1587d70cc" testListId="8c84fa94-04c1-424b-9868-57a2d4851a1d" />
    <TestEntry testId="1374a703-4567-74ae-1b14-e9d61384a5da" executionId="2aee5c59-2906-411d-8477-49b7ea23a769" testListId="8c84fa94-04c1-424b-9868-57a2d4851a1d" />
    <TestEntry testId="0f4d3854-a603-b805-ce7b-41e97d4adb57" executionId="ff9bb047-3449-4a19-a646-1226f931ca87" testListId="8c84fa94-04c1-424b-9868-57a2d4851a1d" />
    <TestEntry testId="edc0ac61-b7cf-4b5e-1f0c-4217dfc012dc" executionId="c5cc2b1e-3f70-416a-a789-e584a2075770" testListId="8c84fa94-04c1-424b-9868-57a2d4851a1d" />
    <TestEntry testId="12ee225e-595c-3fb4-2bde-496e7fe93cfd" executionId="50601925-9248-4936-893c-0796c3c20ca2" testListId="8c84fa94-04c1-424b-9868-57a2d4851a1d" />
    <TestEntry testId="f37d4825-54df-ffb1-2b42-ee78db417be7" executionId="81815970-127e-435f-bc75-e12d3edee45a" testListId="8c84fa94-04c1-424b-9868-57a2d4851a1d" />
    <TestEntry testId="59f45bb5-912b-1d1e-c56c-1e62c1843075" executionId="6c056718-37a3-4fa0-bc97-39bf1e2e5fb1" testListId="8c84fa94-04c1-424b-9868-57a2d4851a1d" />
    <TestEntry testId="b6cdafe1-1bdd-7ad9-e07a-e76ba6951f5c" executionId="b6c1f468-a23f-421a-8598-57cc41d77b54" testListId="8c84fa94-04c1-424b-9868-57a2d4851a1d" />
    <TestEntry testId="3d6e1b40-bcf5-4683-b84a-300b3c51c70b" executionId="df368396-3b8c-49bd-b549-9051179c07ee" testListId="8c84fa94-04c1-424b-9868-57a2d4851a1d" />
    <TestEntry testId="915d04ef-5c1a-d1d9-e72f-7a21f08bc7ba" executionId="9330bc1b-0450-4718-b8f4-bf8db7ec5c7c" testListId="8c84fa94-04c1-424b-9868-57a2d4851a1d" />
    <TestEntry testId="1e99d015-ce0d-afee-1013-4d4d8c4fa402" executionId="741d4840-b1a0-4f38-b040-c50c2233a0f3" testListId="8c84fa94-04c1-424b-9868-57a2d4851a1d" />
    <TestEntry testId="4a6cb78a-b307-389f-7fdd-3481b282ae36" executionId="b498e127-9f58-4bae-b9d9-d0d7365332d1" testListId="8c84fa94-04c1-424b-9868-57a2d4851a1d" />
    <TestEntry testId="3f0f6a3f-ef83-9a6c-2580-2ad905ba9f60" executionId="505e4c58-7d58-49e2-8b9e-0de49d956857" testListId="8c84fa94-04c1-424b-9868-57a2d4851a1d" />
    <TestEntry testId="6aec4afd-f1f3-4c31-976e-a71daf411788" executionId="8062b96c-5008-4ada-93e2-fe4b53fe9fb8" testListId="8c84fa94-04c1-424b-9868-57a2d4851a1d" />
    <TestEntry testId="5a45f3e0-567f-242e-bd09-f554a65dd7fd" executionId="a4ca592a-3436-4895-84f2-e86a7206888c" testListId="8c84fa94-04c1-424b-9868-57a2d4851a1d" />
    <TestEntry testId="c6309200-e9dc-6b9b-a398-c794d8303e26" executionId="448c1292-7426-4477-bdb7-cd4788a75386" testListId="8c84fa94-04c1-424b-9868-57a2d4851a1d" />
    <TestEntry testId="8045d46a-893f-499e-18bf-e084646847d3" executionId="27085361-d313-4390-a9a4-f800ec0181a3" testListId="8c84fa94-04c1-424b-9868-57a2d4851a1d" />
    <TestEntry testId="27b363dc-9b38-9188-939c-74f5ba372eda" executionId="1c9d09f1-7be9-4bf0-bfef-e19ddeeaee28" testListId="8c84fa94-04c1-424b-9868-57a2d4851a1d" />
    <TestEntry testId="3c857393-b29f-2e39-c143-02b7b6bbb145" executionId="852041bf-9e2e-4e0c-9e47-9714c74c220b" testListId="8c84fa94-04c1-424b-9868-57a2d4851a1d" />
    <TestEntry testId="fd850645-e1c9-0a56-9094-55e3a12feaed" executionId="9db34768-3635-447f-b8eb-98bb2dd6e27b" testListId="8c84fa94-04c1-424b-9868-57a2d4851a1d" />
    <TestEntry testId="0aeabbbd-73b8-76fd-5e33-4bb3acc5ed03" executionId="ae348ebf-119a-4a1c-af05-a37756e1a1a8" testListId="8c84fa94-04c1-424b-9868-57a2d4851a1d" />
    <TestEntry testId="d3a24021-991f-3b2a-90d4-d6a171dd3009" executionId="4ce3cd8e-b85d-4e5d-a4bc-0308f7dfeea8" testListId="8c84fa94-04c1-424b-9868-57a2d4851a1d" />
    <TestEntry testId="c3312d45-b37d-8274-3963-fc92ad9aa6ed" executionId="43b8bb6e-df11-4733-a1d5-1c02c51dd469" testListId="8c84fa94-04c1-424b-9868-57a2d4851a1d" />
    <TestEntry testId="9cba9362-7146-62fe-3c78-2cdcad704ef4" executionId="acde3871-96e5-427e-b95f-9c8a5c191210" testListId="8c84fa94-04c1-424b-9868-57a2d4851a1d" />
    <TestEntry testId="8bd300d8-482c-9bed-7759-4ad5002a66ac" executionId="1594b198-fd57-42a3-b56a-dd8edd915196" testListId="8c84fa94-04c1-424b-9868-57a2d4851a1d" />
    <TestEntry testId="d0ff9554-35c4-a8d1-ef86-6af57fe6d2c8" executionId="f6739b9e-32c2-43b3-bb49-e05df737fcc5" testListId="8c84fa94-04c1-424b-9868-57a2d4851a1d" />
    <TestEntry testId="3e115ff5-2a75-450e-cee0-8732dce51137" executionId="6a476b9e-49b7-4e75-92ce-aecef45bb860" testListId="8c84fa94-04c1-424b-9868-57a2d4851a1d" />
    <TestEntry testId="88844a1b-445d-b958-dacc-49c120782127" executionId="a7392a45-ee02-4961-8bb5-71b68355a39e" testListId="8c84fa94-04c1-424b-9868-57a2d4851a1d" />
    <TestEntry testId="4b940163-cbb2-9c54-7950-abdc93f18ac5" executionId="9d1544dc-f94c-42b2-bc10-03ea79c89d0a" testListId="8c84fa94-04c1-424b-9868-57a2d4851a1d" />
    <TestEntry testId="764a6571-edf0-ca50-2e31-8819e637f095" executionId="b56b9494-2d19-49ed-a6ad-b131fe7aeb61" testListId="8c84fa94-04c1-424b-9868-57a2d4851a1d" />
    <TestEntry testId="06bec740-3e5a-2459-0d88-f2d172ca50f1" executionId="4cba8ef8-f1ee-407f-ba8d-0407c3b01f12" testListId="8c84fa94-04c1-424b-9868-57a2d4851a1d" />
    <TestEntry testId="c220c1de-78ab-cca1-a9e0-899de1f3c124" executionId="b16af84f-7415-48d9-a66d-1d7d044cc348" testListId="8c84fa94-04c1-424b-9868-57a2d4851a1d" />
    <TestEntry testId="af6a01bf-2e64-46dc-61d0-bcddbc1e955a" executionId="6e396532-feec-4a38-a882-675842081cfc" testListId="8c84fa94-04c1-424b-9868-57a2d4851a1d" />
    <TestEntry testId="92bb8e0c-ba4b-d6ba-4651-fe2e90dfed2d" executionId="97ee6712-1bce-458c-9f0e-6285f8cf03e8" testListId="8c84fa94-04c1-424b-9868-57a2d4851a1d" />
    <TestEntry testId="3b833b69-9671-5e37-280b-4a560568e333" executionId="a6d739aa-e0a0-4f57-b06b-51befeb103b9" testListId="8c84fa94-04c1-424b-9868-57a2d4851a1d" />
    <TestEntry testId="d96886ac-74d3-8710-f587-2717d994ab66" executionId="b71c7d27-bdfb-4e95-bfe9-d9581b7c6856" testListId="8c84fa94-04c1-424b-9868-57a2d4851a1d" />
    <TestEntry testId="fd091ad0-0026-e8cb-4532-61439aba3edc" executionId="5a9d5380-0c22-41b9-9408-c01d9b8c13f4" testListId="8c84fa94-04c1-424b-9868-57a2d4851a1d" />
    <TestEntry testId="d54e5e66-c31a-6313-7c83-b398de2cb619" executionId="7e9f4d91-31bd-4f9f-90b3-9918ca9d5d99" testListId="8c84fa94-04c1-424b-9868-57a2d4851a1d" />
    <TestEntry testId="a08fc025-6f0a-d78a-9ba4-1578891206bf" executionId="7051f6bd-8ab4-4ca8-ba61-128eee500c70" testListId="8c84fa94-04c1-424b-9868-57a2d4851a1d" />
    <TestEntry testId="1f44e2f8-0186-39f4-190d-7864da709963" executionId="df7395e4-2324-4474-861f-463c658968fb" testListId="8c84fa94-04c1-424b-9868-57a2d4851a1d" />
    <TestEntry testId="ffcc6b48-3139-43ab-569c-1bffdfd260c6" executionId="95e64f09-08d6-4a05-ba7d-7046826ab6ed" testListId="8c84fa94-04c1-424b-9868-57a2d4851a1d" />
    <TestEntry testId="d8ef532b-e149-a2d9-db12-3134c1176fb8" executionId="1ec807ae-78b5-461a-88e9-0d263c6af899" testListId="8c84fa94-04c1-424b-9868-57a2d4851a1d" />
    <TestEntry testId="e18bf159-229c-04e5-8a07-d39cf1271df5" executionId="b77b02a7-1bff-46fd-bfa5-412ce5c0a493" testListId="8c84fa94-04c1-424b-9868-57a2d4851a1d" />
    <TestEntry testId="4b398132-89d5-d0e7-05a1-5d816127545d" executionId="996ed50d-57a1-42af-9e62-ea693e85d5f6" testListId="8c84fa94-04c1-424b-9868-57a2d4851a1d" />
    <TestEntry testId="b2309445-5203-8286-ddaa-02c31685a5ba" executionId="b999997f-e7be-468b-a0d7-6cbe040a02ff" testListId="8c84fa94-04c1-424b-9868-57a2d4851a1d" />
    <TestEntry testId="4346f110-d1cb-bb2c-36ac-3e2c82c1df81" executionId="562ad3b4-1a45-44e5-a353-329392d38fd4" testListId="8c84fa94-04c1-424b-9868-57a2d4851a1d" />
    <TestEntry testId="1347e8c4-91aa-be06-f3d0-8e7cda34c889" executionId="3bad994e-c14b-4101-b429-92d29a9c6ada" testListId="8c84fa94-04c1-424b-9868-57a2d4851a1d" />
    <TestEntry testId="dce75f6a-2ef5-1d55-71d0-d1881ce9efb3" executionId="6b0eaf31-354d-4e8a-a9a1-572f613e1737" testListId="8c84fa94-04c1-424b-9868-57a2d4851a1d" />
    <TestEntry testId="0941dd1d-5892-eb80-67e0-c8182f66d4b1" executionId="5f76901b-c502-45e6-b7be-2cbdf2c39b0a" testListId="8c84fa94-04c1-424b-9868-57a2d4851a1d" />
    <TestEntry testId="90ee3489-5f1a-9e9a-705c-bfe3bda6f54d" executionId="a0a0fd45-0617-4c96-9d08-91b7d3b2d4e1" testListId="8c84fa94-04c1-424b-9868-57a2d4851a1d" />
    <TestEntry testId="3b8bf8eb-26c0-2bec-344a-341bfe514677" executionId="ab321f52-d538-4088-bd19-4864831381e2" testListId="8c84fa94-04c1-424b-9868-57a2d4851a1d" />
    <TestEntry testId="e24baaa3-77c3-24aa-9ff9-d94cc12eb18b" executionId="09cf314e-c938-408d-a6f1-ae6d10984521" testListId="8c84fa94-04c1-424b-9868-57a2d4851a1d" />
    <TestEntry testId="a1316ed9-e8d1-b0ea-b7ab-b97dbf0c95e5" executionId="4adf2b5e-5913-483f-9c35-a753b4fa8277" testListId="8c84fa94-04c1-424b-9868-57a2d4851a1d" />
    <TestEntry testId="0e2c069e-f86c-c003-d8dc-f19b313e2e87" executionId="8917820d-0690-46a1-8eeb-d75fa21867b3" testListId="8c84fa94-04c1-424b-9868-57a2d4851a1d" />
    <TestEntry testId="29acdcbc-21d9-fc77-0151-19c0584133ee" executionId="9423966c-b043-4a43-9e70-058006c7b71a" testListId="8c84fa94-04c1-424b-9868-57a2d4851a1d" />
    <TestEntry testId="da80210e-ee97-1636-5924-f8558de8d6db" executionId="d1512f1d-f278-4f40-8423-a711f58f951a" testListId="8c84fa94-04c1-424b-9868-57a2d4851a1d" />
    <TestEntry testId="cd8953ec-6e0d-63f8-2b8b-57dfae93748b" executionId="278dc507-3f94-4893-9d98-30e2fcb3e93e" testListId="8c84fa94-04c1-424b-9868-57a2d4851a1d" />
    <TestEntry testId="d4b1af0d-c38b-0e88-03a3-d406f2bd0e98" executionId="d95c4100-8ffd-43ec-85e2-835a6c3c781b" testListId="8c84fa94-04c1-424b-9868-57a2d4851a1d" />
    <TestEntry testId="a62c1c77-bc05-ad90-ced5-81c8d40da85d" executionId="336fe4e5-accd-46c3-a5d1-13d80ce1ca56" testListId="8c84fa94-04c1-424b-9868-57a2d4851a1d" />
    <TestEntry testId="02223cd1-e988-099c-7340-6a37cd827075" executionId="714b44a8-184e-43fe-a090-0fa1d412685a" testListId="8c84fa94-04c1-424b-9868-57a2d4851a1d" />
    <TestEntry testId="efb456b9-c379-c129-7526-46fc7e747d8b" executionId="59f5e303-a5cb-4af7-a93c-5e5f3de0b7f1" testListId="8c84fa94-04c1-424b-9868-57a2d4851a1d" />
    <TestEntry testId="1b10d8de-ecae-0176-5a05-e64f61245248" executionId="3136445f-d410-41c3-82bd-bc9ed4ca8d08" testListId="8c84fa94-04c1-424b-9868-57a2d4851a1d" />
    <TestEntry testId="133231f0-00b3-5b41-070f-6bec58b9740c" executionId="e819293b-d204-4388-91bb-e8d9ad29709f" testListId="8c84fa94-04c1-424b-9868-57a2d4851a1d" />
    <TestEntry testId="f6d846ae-5095-b5fb-e328-61cd2e30456d" executionId="f26a8c57-c259-4526-82e5-7968a06e9fe5" testListId="8c84fa94-04c1-424b-9868-57a2d4851a1d" />
    <TestEntry testId="54fd0b92-8f4e-b78a-f2f2-08a74aae9e90" executionId="af43cd3c-e686-464f-8923-6c5cf47793d2" testListId="8c84fa94-04c1-424b-9868-57a2d4851a1d" />
    <TestEntry testId="3b4cb942-c9c1-096b-e74b-678a864121bc" executionId="8ecb5e32-55a2-4c73-936d-8c55daaed1f5" testListId="8c84fa94-04c1-424b-9868-57a2d4851a1d" />
    <TestEntry testId="43b70eff-bd72-be3d-02f6-1c8ce836014f" executionId="7042d7c7-3997-4d46-b5dc-0ce4956dca62" testListId="8c84fa94-04c1-424b-9868-57a2d4851a1d" />
    <TestEntry testId="4c204af8-ae98-4ed4-7234-82362979e62f" executionId="4a5fd2fc-02a6-4f1f-a269-56e38b8fcb3c" testListId="8c84fa94-04c1-424b-9868-57a2d4851a1d" />
    <TestEntry testId="e3a63282-7af5-92f4-e1bd-c6501f7f34f6" executionId="ae1b2bcd-4c94-4b4a-9170-34c6974d3982" testListId="8c84fa94-04c1-424b-9868-57a2d4851a1d" />
    <TestEntry testId="731e9f07-b98d-c6da-ecb6-b3e16b3a04a5" executionId="a78d4f70-6b89-4a72-b3c3-00df538914b3" testListId="8c84fa94-04c1-424b-9868-57a2d4851a1d" />
    <TestEntry testId="afe3956b-989b-0e70-b524-8431525c6b1d" executionId="b0f02a75-b8dc-496f-a2a0-c1e9dd1be8c6" testListId="8c84fa94-04c1-424b-9868-57a2d4851a1d" />
    <TestEntry testId="79b02fef-f0cd-bd64-85ba-dd90d4bd26f5" executionId="5e70eda1-1756-475f-86e9-238879d45abd" testListId="8c84fa94-04c1-424b-9868-57a2d4851a1d" />
    <TestEntry testId="f5685f34-4148-d2eb-337e-e1889c02db78" executionId="d4f796df-6c5a-47e7-b391-43e520b5e688" testListId="8c84fa94-04c1-424b-9868-57a2d4851a1d" />
    <TestEntry testId="c079bd56-dee5-cc85-df2b-2638426aa9bd" executionId="8c4c06db-9aae-410f-97eb-d59a8ee6ecc9" testListId="8c84fa94-04c1-424b-9868-57a2d4851a1d" />
    <TestEntry testId="8095f6a4-60b4-9c46-93a5-19b797bd6a3b" executionId="0227943f-d654-4d2a-bc3b-5cea88084498" testListId="8c84fa94-04c1-424b-9868-57a2d4851a1d" />
    <TestEntry testId="fcae1157-cc3b-2e85-571f-ab6572a78634" executionId="c9bdba19-d6fb-43f1-9fd9-b2e871db24a0" testListId="8c84fa94-04c1-424b-9868-57a2d4851a1d" />
    <TestEntry testId="96ca07e7-84a0-be37-9f51-81ca9d8fea94" executionId="b9ea6e2f-f9b8-4a75-b77d-ee9fca2787cc" testListId="8c84fa94-04c1-424b-9868-57a2d4851a1d" />
    <TestEntry testId="68d00bda-21f9-1029-89b8-f1a573bbb314" executionId="3f20a26a-aa4f-4b65-a16f-834693c80d83" testListId="8c84fa94-04c1-424b-9868-57a2d4851a1d" />
    <TestEntry testId="a824607c-b4f7-776b-cb2c-96961ce73d2b" executionId="c62ef152-76a2-4695-8c09-c735c0b559bf" testListId="8c84fa94-04c1-424b-9868-57a2d4851a1d" />
    <TestEntry testId="4a09165f-fd6d-59ce-b502-6f2f82bf14cc" executionId="e4b852e1-0f57-4f68-9f0e-b480c3f7ede9" testListId="8c84fa94-04c1-424b-9868-57a2d4851a1d" />
    <TestEntry testId="5ac0a621-1e37-a1d8-93ee-8ed8d9740be8" executionId="7e832536-545c-43f1-bdd3-42c3dbae7bd9" testListId="8c84fa94-04c1-424b-9868-57a2d4851a1d" />
    <TestEntry testId="8dcaf0b0-f17f-487b-1e98-eb7c6eaaaa4e" executionId="7ede830c-15ef-41d7-9c66-f656d2894adc" testListId="8c84fa94-04c1-424b-9868-57a2d4851a1d" />
    <TestEntry testId="1987d618-0db3-077a-de86-cdb1777ab095" executionId="0c218064-7ec2-4b13-8122-f8ced077996f" testListId="8c84fa94-04c1-424b-9868-57a2d4851a1d" />
    <TestEntry testId="102e335f-81d2-02d9-d6d1-87cc82b538dd" executionId="b75830cb-ba36-4fa7-ae8b-71d3f04281fc" testListId="8c84fa94-04c1-424b-9868-57a2d4851a1d" />
    <TestEntry testId="a121ec7e-2f98-0954-3d5f-a6f4078e8ffd" executionId="24fb09b5-7815-4b98-968c-e4ced7f7e90f" testListId="8c84fa94-04c1-424b-9868-57a2d4851a1d" />
    <TestEntry testId="ef10f361-43a9-450a-9597-8da838ab766f" executionId="75d9d8d3-f668-4eb3-a9b7-acf8d586dd17" testListId="8c84fa94-04c1-424b-9868-57a2d4851a1d" />
    <TestEntry testId="2ed5e0b5-aa07-4109-f915-84b809da777c" executionId="bbfb0419-0e6b-49c4-a690-578662c6f08f" testListId="8c84fa94-04c1-424b-9868-57a2d4851a1d" />
    <TestEntry testId="e94e49a3-a3fe-53d0-8792-3d79817baf1b" executionId="2cff9660-20db-452a-9318-5db814d605c3" testListId="8c84fa94-04c1-424b-9868-57a2d4851a1d" />
    <TestEntry testId="7c0d4484-9980-49d0-54e0-a8a86792b85b" executionId="db6ff215-4ca0-4514-81ec-f78f4b806cbf" testListId="8c84fa94-04c1-424b-9868-57a2d4851a1d" />
    <TestEntry testId="1f86140f-89f8-911c-93e7-fbca6444cfce" executionId="b3a85748-24a8-4bd0-ad89-a201c464a7d9" testListId="8c84fa94-04c1-424b-9868-57a2d4851a1d" />
    <TestEntry testId="6ccb298d-af20-a533-eb36-9de04161abd3" executionId="886765b9-5d79-4b01-a87f-cf0dad5509f0" testListId="8c84fa94-04c1-424b-9868-57a2d4851a1d" />
    <TestEntry testId="47ccd4ea-532e-4bd2-6453-8e06424edae7" executionId="74c4c228-2825-475d-b5fa-70037f1a3dcf" testListId="8c84fa94-04c1-424b-9868-57a2d4851a1d" />
    <TestEntry testId="e53c20d1-5e0c-3f92-3a96-7ac4b75c9384" executionId="41d9432e-79a4-430d-9423-7069ba97d865" testListId="8c84fa94-04c1-424b-9868-57a2d4851a1d" />
    <TestEntry testId="591dbb46-ee45-71a5-11ca-c45245751c38" executionId="7cb3ce14-2127-4a8d-88ef-edcf5dc6edd2" testListId="8c84fa94-04c1-424b-9868-57a2d4851a1d" />
    <TestEntry testId="f5d87b9d-723f-3e44-2979-9fe32e51f646" executionId="0a1475c4-4618-4b36-b0b5-4aaecbb61fe9" testListId="8c84fa94-04c1-424b-9868-57a2d4851a1d" />
    <TestEntry testId="cbdce46f-95ba-019e-e325-762c66018143" executionId="45913751-4187-4e21-af99-117b6abab1a9" testListId="8c84fa94-04c1-424b-9868-57a2d4851a1d" />
    <TestEntry testId="d1b4336a-be64-724f-6c58-f0d6de4e9b1e" executionId="f6a70caf-6c4b-4ae2-a83f-505f24b5df06" testListId="8c84fa94-04c1-424b-9868-57a2d4851a1d" />
    <TestEntry testId="ce31ff2b-59db-5554-da4d-d205f18a9129" executionId="a4be7fb6-a96b-4a39-a596-fbaae2754dfb" testListId="8c84fa94-04c1-424b-9868-57a2d4851a1d" />
  </TestEntries>
  <Results>
    <UnitTestResult executionId="a0395767-ce9e-4e96-92c8-022bfee3bd8f" testId="9d82caa3-2688-30e5-555f-9721f9e3e18e" testName="TestAdd" computerName="BUILDER1" duration="00:00:00.0543399" startTime="2010-04-22T17:45:21.1262706-07:00" endTime="2010-04-22T17:45:21.6661818-07:00" testType="13cdc9d9-ddb5-4fa4-a97d-d965ccfc6d4b" outcome="Passed" testListId="8c84fa94-04c1-424b-9868-57a2d4851a1d" relativeResultsDirectory="a0395767-ce9e-4e96-92c8-022bfee3bd8f">
      <Output>
        <TextMessages>
          <Message>TestAdd: Added: UtilityTest.SimpleTreeObjectCollection: Name=Added Object 0, Depth=1, Parent=Root</Message>
          <Message>TestAdd: Added: UtilityTest.SimpleTreeObjectCollection: Name=Added Object 1, Depth=2, Parent=Added Object 0</Message>
          <Message>TestEnumerate: Found UtilityTest.SimpleTreeObjectCollection: Name=Root, Depth=0, Parent=&lt;NULL&gt;</Message>
          <Message>TestEnumerate: Found UtilityTest.SimpleTreeObjectCollection: Name=A0, Depth=1, Parent=Root</Message>
          <Message>TestEnumerate: Found UtilityTest.SimpleTreeObjectCollection: Name=A1, Depth=2, Parent=A0</Message>
          <Message>TestEnumerate: Found UtilityTest.SimpleTreeObjectCollection: Name=A2, Depth=3, Parent=A1</Message>
          <Message>TestEnumerate: Found UtilityTest.SimpleTreeObjectCollection: Name=B1, Depth=2, Parent=A0</Message>
          <Message>TestEnumerate: Found UtilityTest.SimpleTreeObjectCollection: Name=B2, Depth=3, Parent=B1</Message>
          <Message>TestEnumerate: Found UtilityTest.SimpleTreeObjectCollection: Name=Added Object 0, Depth=1, Parent=Root</Message>
          <Message>TestEnumerate: Found UtilityTest.SimpleTreeObjectCollection: Name=Added Object 1, Depth=2, Parent=Added Object 0</Message>
        </TextMessages>
      </Output>
    </UnitTestResult>
    <UnitTestResult executionId="1bed4b6d-1d71-42e5-a243-b415d51d1bc8" testId="c23f99e9-b8f4-f983-f028-1c3e59cb8750" testName="TestCount" computerName="BUILDER1" duration="00:00:00.0020865" startTime="2010-04-22T17:45:21.6681380-07:00" endTime="2010-04-22T17:45:21.6759628-07:00" testType="13cdc9d9-ddb5-4fa4-a97d-d965ccfc6d4b" outcome="Passed" testListId="8c84fa94-04c1-424b-9868-57a2d4851a1d" relativeResultsDirectory="1bed4b6d-1d71-42e5-a243-b415d51d1bc8">
      <Output>
        <TextMessages>
          <Message>TestCount: Simple Object Count = 6, RootNode.Count = 6</Message>
        </TextMessages>
      </Output>
    </UnitTestResult>
    <UnitTestResult executionId="84449be4-d4ef-47d3-90f2-5632b6f1cbf2" testId="b7dcdc76-44bc-f7da-aaf6-0bc400532718" testName="TestEnumerate" computerName="BUILDER1" duration="00:00:00.0071273" startTime="2010-04-22T17:45:21.6769409-07:00" endTime="2010-04-22T17:45:21.6886781-07:00" testType="13cdc9d9-ddb5-4fa4-a97d-d965ccfc6d4b" outcome="Passed" testListId="8c84fa94-04c1-424b-9868-57a2d4851a1d" relativeResultsDirectory="84449be4-d4ef-47d3-90f2-5632b6f1cbf2">
      <Output>
        <TextMessages>
          <Message>TestEnumerate: Found UtilityTest.SimpleTreeObjectCollection: Name=Root, Depth=0, Parent=&lt;NULL&gt;</Message>
          <Message>TestEnumerate: Found UtilityTest.SimpleTreeObjectCollection: Name=A0, Depth=1, Parent=Root</Message>
          <Message>TestEnumerate: Found UtilityTest.SimpleTreeObjectCollection: Name=A1, Depth=2, Parent=A0</Message>
          <Message>TestEnumerate: Found UtilityTest.SimpleTreeObjectCollection: Name=A2, Depth=3, Parent=A1</Message>
          <Message>TestEnumerate: Found UtilityTest.SimpleTreeObjectCollection: Name=B1, Depth=2, Parent=A0</Message>
          <Message>TestEnumerate: Found UtilityTest.SimpleTreeObjectCollection: Name=B2, Depth=3, Parent=B1</Message>
        </TextMessages>
      </Output>
    </UnitTestResult>
    <UnitTestResult executionId="057a241c-cc65-4acb-a6d9-013229bc15e0" testId="54eae71b-37cd-b0e8-bc13-a0f55b616fee" testName="TestRemoveWithChildrenClearMethodology" computerName="BUILDER1" duration="00:00:00.0164246" startTime="2010-04-22T17:45:21.6896562-07:00" endTime="2010-04-22T17:45:21.7121525-07:00" testType="13cdc9d9-ddb5-4fa4-a97d-d965ccfc6d4b" outcome="Passed" testListId="8c84fa94-04c1-424b-9868-57a2d4851a1d" relativeResultsDirectory="057a241c-cc65-4acb-a6d9-013229bc15e0">
      <Output>
        <TextMessages>
          <Message>TestRemoveWithChildrenClearMethodology: Removing all objects Depth-First</Message>
          <Message>TestRemoveWithChildrenClearMethodology: Removal List: Count=6</Message>
          <Message>TestRemoveWithChildrenClearMethodology: Attempting Remove with Children.Clear() methodology</Message>
          <Message>TestRemoveWithChildrenClearMethodology: Cleared UtilityTest.SimpleTreeObjectCollection: Name=B2, Depth=3, Parent=B1</Message>
          <Message>TestRemoveWithChildrenClearMethodology: Cleared UtilityTest.SimpleTreeObjectCollection: Name=B1, Depth=2, Parent=A0</Message>
          <Message>TestRemoveWithChildrenClearMethodology: Cleared UtilityTest.SimpleTreeObjectCollection: Name=A2, Depth=3, Parent=A1</Message>
          <Message>TestRemoveWithChildrenClearMethodology: Cleared UtilityTest.SimpleTreeObjectCollection: Name=A1, Depth=2, Parent=A0</Message>
          <Message>TestRemoveWithChildrenClearMethodology: Cleared UtilityTest.SimpleTreeObjectCollection: Name=A0, Depth=1, Parent=Root</Message>
          <Message>TestRemoveWithChildrenClearMethodology: Cleared UtilityTest.SimpleTreeObjectCollection: Name=Root, Depth=0, Parent=&lt;NULL&gt;</Message>
          <Message>TestRemoveWithChildrenClearMethodology: Enumerated UtilityTest.SimpleTreeObjectCollection: Name=B2, Depth=0, Parent=&lt;NULL&gt;</Message>
          <Message>TestRemoveWithChildrenClearMethodology: Enumerated UtilityTest.SimpleTreeObjectCollection: Name=B1, Depth=0, Parent=&lt;NULL&gt;</Message>
          <Message>TestRemoveWithChildrenClearMethodology: Enumerated UtilityTest.SimpleTreeObjectCollection: Name=A2, Depth=0, Parent=&lt;NULL&gt;</Message>
          <Message>TestRemoveWithChildrenClearMethodology: Enumerated UtilityTest.SimpleTreeObjectCollection: Name=A1, Depth=0, Parent=&lt;NULL&gt;</Message>
          <Message>TestRemoveWithChildrenClearMethodology: Enumerated UtilityTest.SimpleTreeObjectCollection: Name=A0, Depth=0, Parent=&lt;NULL&gt;</Message>
          <Message>TestRemoveWithChildrenClearMethodology: Enumerated UtilityTest.SimpleTreeObjectCollection: Name=Root, Depth=0, Parent=&lt;NULL&gt;</Message>
        </TextMessages>
      </Output>
    </UnitTestResult>
    <UnitTestResult executionId="c52ce6c4-7395-406e-9b8a-617a518c784b" testId="8404b6b9-0823-d03a-4459-6356f7acd186" testName="TestRemoveWithChildrenRemoveMethodology" computerName="BUILDER1" duration="00:00:00.0160873" startTime="2010-04-22T17:45:21.7121525-07:00" endTime="2010-04-22T17:45:21.7346488-07:00" testType="13cdc9d9-ddb5-4fa4-a97d-d965ccfc6d4b" outcome="Passed" testListId="8c84fa94-04c1-424b-9868-57a2d4851a1d" relativeResultsDirectory="c52ce6c4-7395-406e-9b8a-617a518c784b">
      <Output>
        <TextMessages>
          <Message>TestRemoveWithChildrenRemoveMethodology: Removing all objects Depth-First</Message>
          <Message>TestRemoveWithChildrenRemoveMethodology: Removal List: Count=6</Message>
          <Message>TestRemoveWithChildrenRemoveMethodology: Attempting Remove with Remove Children methodology</Message>
          <Message>TestRemoveWithChildrenRemoveMethodology: Removed UtilityTest.SimpleTreeObjectCollection: Name=B2, Depth=0, Parent=&lt;NULL&gt;</Message>
          <Message>TestRemoveWithChildrenRemoveMethodology: Removed UtilityTest.SimpleTreeObjectCollection: Name=A2, Depth=0, Parent=&lt;NULL&gt;</Message>
          <Message>TestRemoveWithChildrenRemoveMethodology: Removed UtilityTest.SimpleTreeObjectCollection: Name=A1, Depth=0, Parent=&lt;NULL&gt;</Message>
          <Message>TestRemoveWithChildrenRemoveMethodology: Removed UtilityTest.SimpleTreeObjectCollection: Name=B1, Depth=0, Parent=&lt;NULL&gt;</Message>
          <Message>TestRemoveWithChildrenRemoveMethodology: Removed UtilityTest.SimpleTreeObjectCollection: Name=A0, Depth=0, Parent=&lt;NULL&gt;</Message>
          <Message>TestRemoveWithChildrenRemoveMethodology: Enumerated UtilityTest.SimpleTreeObjectCollection: Name=B2, Depth=0, Parent=&lt;NULL&gt;</Message>
          <Message>TestRemoveWithChildrenRemoveMethodology: Enumerated UtilityTest.SimpleTreeObjectCollection: Name=B1, Depth=0, Parent=&lt;NULL&gt;</Message>
          <Message>TestRemoveWithChildrenRemoveMethodology: Enumerated UtilityTest.SimpleTreeObjectCollection: Name=A2, Depth=0, Parent=&lt;NULL&gt;</Message>
          <Message>TestRemoveWithChildrenRemoveMethodology: Enumerated UtilityTest.SimpleTreeObjectCollection: Name=A1, Depth=0, Parent=&lt;NULL&gt;</Message>
          <Message>TestRemoveWithChildrenRemoveMethodology: Enumerated UtilityTest.SimpleTreeObjectCollection: Name=A0, Depth=0, Parent=&lt;NULL&gt;</Message>
          <Message>TestRemoveWithChildrenRemoveMethodology: Enumerated UtilityTest.SimpleTreeObjectCollection: Name=Root, Depth=0, Parent=&lt;NULL&gt;</Message>
        </TextMessages>
      </Output>
    </UnitTestResult>
    <UnitTestResult executionId="88ca94b2-5144-42a6-bb1e-7b3fe01aa16d" testId="2512de25-33ec-f422-9f7d-ee6a984b4b1b" testName="TestRemoveWithParentNullMethodology" computerName="BUILDER1" duration="00:00:00.0082239" startTime="2010-04-22T17:45:21.7346488-07:00" endTime="2010-04-22T17:45:21.7483422-07:00" testType="13cdc9d9-ddb5-4fa4-a97d-d965ccfc6d4b" outcome="Passed" testListId="8c84fa94-04c1-424b-9868-57a2d4851a1d" relativeResultsDirectory="88ca94b2-5144-42a6-bb1e-7b3fe01aa16d">
      <Output>
        <TextMessages>
          <Message>TestRemoveWithParentNullMethodology: Removing all objects Depth-First</Message>
          <Message>TestRemoveWithParentNullMethodology: Removal List: Count=6</Message>
          <Message>TestRemoveWithParentNullMethodology: Attempting Remove with Parent=Null methodology</Message>
          <Message>TestRemoveWithParentNullMethodology: Removed UtilityTest.SimpleTreeObjectCollection: Name=B2, Depth=0, Parent=&lt;NULL&gt;</Message>
          <Message>TestRemoveWithParentNullMethodology: Removed UtilityTest.SimpleTreeObjectCollection: Name=B1, Depth=0, Parent=&lt;NULL&gt;</Message>
          <Message>TestRemoveWithParentNullMethodology: Removed UtilityTest.SimpleTreeObjectCollection: Name=A2, Depth=0, Parent=&lt;NULL&gt;</Message>
          <Message>TestRemoveWithParentNullMethodology: Removed UtilityTest.SimpleTreeObjectCollection: Name=A1, Depth=0, Parent=&lt;NULL&gt;</Message>
          <Message>TestRemoveWithParentNullMethodology: Removed UtilityTest.SimpleTreeObjectCollection: Name=A0, Depth=0, Parent=&lt;NULL&gt;</Message>
          <Message>TestRemoveWithParentNullMethodology: Removed UtilityTest.SimpleTreeObjectCollection: Name=Root, Depth=0, Parent=&lt;NULL&gt;</Message>
        </TextMessages>
      </Output>
    </UnitTestResult>
    <UnitTestResult executionId="5624ffbc-d67d-467b-9398-a4b3382a2f9e" testId="71f410d6-d6f8-4e26-877b-218a8795b78f" testName="Attribute_IsRelatedToKey" computerName="BUILDER1" duration="00:00:00.8024917" startTime="2010-04-22T17:45:21.7493203-07:00" endTime="2010-04-22T17:45:22.5494061-07:00" testType="13cdc9d9-ddb5-4fa4-a97d-d965ccfc6d4b" outcome="Passed" testListId="8c84fa94-04c1-424b-9868-57a2d4851a1d" relativeResultsDirectory="5624ffbc-d67d-467b-9398-a4b3382a2f9e">
    </UnitTestResult>
    <UnitTestResult executionId="24ee953f-9f04-4976-851e-1d14802a5c92" testId="7b648b89-48ea-a5ca-3eec-30486a670978" testName="Attribute_RecursiveRelationship" computerName="BUILDER1" duration="00:00:00.0911815" startTime="2010-04-22T17:45:22.5503842-07:00" endTime="2010-04-22T17:45:22.6491723-07:00" testType="13cdc9d9-ddb5-4fa4-a97d-d965ccfc6d4b" outcome="Passed" testListId="8c84fa94-04c1-424b-9868-57a2d4851a1d" relativeResultsDirectory="24ee953f-9f04-4976-851e-1d14802a5c92">
    </UnitTestResult>
    <UnitTestResult executionId="62676883-ad1a-458b-a2b1-56bc69658958" testId="e3e90e19-a891-de78-0082-84ca03c5431e" testName="Cube_CubeDimensionSameName" computerName="BUILDER1" duration="00:00:00.1475356" startTime="2010-04-22T17:45:22.6491723-07:00" endTime="2010-04-22T17:45:22.8027340-07:00" testType="13cdc9d9-ddb5-4fa4-a97d-d965ccfc6d4b" outcome="Passed" testListId="8c84fa94-04c1-424b-9868-57a2d4851a1d" relativeResultsDirectory="62676883-ad1a-458b-a2b1-56bc69658958">
    </UnitTestResult>
    <UnitTestResult executionId="7d717596-ac5a-42f0-ae6c-1abe59e9619e" testId="16008278-016e-ae6f-8df0-cbe77beab160" testName="Hierarchy_IsNatural" computerName="BUILDER1" duration="00:00:00.0915167" startTime="2010-04-22T17:45:22.8046902-07:00" endTime="2010-04-22T17:45:22.8985878-07:00" testType="13cdc9d9-ddb5-4fa4-a97d-d965ccfc6d4b" outcome="Passed" testListId="8c84fa94-04c1-424b-9868-57a2d4851a1d" relativeResultsDirectory="7d717596-ac5a-42f0-ae6c-1abe59e9619e">
    </UnitTestResult>
    <UnitTestResult executionId="9a3ab7c0-02b5-4789-abe6-916c7092046d" testId="7ff1df09-c9b6-9a24-426c-e4ad20e41201" testName="Attribute_DimensionAttributeWithMultipleKeyColumns" computerName="BUILDER1" duration="00:00:00.0794591" startTime="2010-04-22T17:45:22.8995659-07:00" endTime="2010-04-22T17:45:22.9856387-07:00" testType="13cdc9d9-ddb5-4fa4-a97d-d965ccfc6d4b" outcome="Passed" testListId="8c84fa94-04c1-424b-9868-57a2d4851a1d" relativeResultsDirectory="9a3ab7c0-02b5-4789-abe6-916c7092046d">
    </UnitTestResult>
    <UnitTestResult executionId="2d3fe7fc-6321-47d6-97b8-3270870b8661" testId="5def7753-7590-4434-c690-bc32c812a2cf" testName="Attribute_NameWithSpace" computerName="BUILDER1" duration="00:00:00.1219346" startTime="2010-04-22T17:45:22.9866168-07:00" endTime="2010-04-22T17:45:23.1147479-07:00" testType="13cdc9d9-ddb5-4fa4-a97d-d965ccfc6d4b" outcome="Passed" testListId="8c84fa94-04c1-424b-9868-57a2d4851a1d" relativeResultsDirectory="2d3fe7fc-6321-47d6-97b8-3270870b8661">
    </UnitTestResult>
    <UnitTestResult executionId="bf9f60bc-ad13-42cd-9660-d1b37a91223b" testId="0039db06-a76a-1863-016a-1402bcebae48" testName="Dimension_NoKeyAttribute" computerName="BUILDER1" duration="00:00:00.0811107" startTime="2010-04-22T17:45:23.1157260-07:00" endTime="2010-04-22T17:45:23.2027769-07:00" testType="13cdc9d9-ddb5-4fa4-a97d-d965ccfc6d4b" outcome="Passed" testListId="8c84fa94-04c1-424b-9868-57a2d4851a1d" relativeResultsDirectory="bf9f60bc-ad13-42cd-9660-d1b37a91223b">
    </UnitTestResult>
    <UnitTestResult executionId="d724cb16-de48-40bf-8f68-1b194c2401f9" testId="876dfb0f-dd35-891f-0f72-e9b557c2bf74" testName="Dimension_RecursiveRelationship" computerName="BUILDER1" duration="00:00:00.0790336" startTime="2010-04-22T17:45:23.2037550-07:00" endTime="2010-04-22T17:45:23.2878716-07:00" testType="13cdc9d9-ddb5-4fa4-a97d-d965ccfc6d4b" outcome="Passed" testListId="8c84fa94-04c1-424b-9868-57a2d4851a1d" relativeResultsDirectory="d724cb16-de48-40bf-8f68-1b194c2401f9">
    </UnitTestResult>
    <UnitTestResult executionId="fc589600-e97e-438f-ab50-4b8a77cc6bba" testId="48a44f0b-aefa-ae73-f430-5b02d7fe47ab" testName="CloneTable_BasicAndEmpty" computerName="BUILDER1" duration="00:00:00.4646275" startTime="2010-04-22T17:45:23.2888497-07:00" endTime="2010-04-22T17:45:23.7593158-07:00" testType="13cdc9d9-ddb5-4fa4-a97d-d965ccfc6d4b" outcome="Passed" testListId="8c84fa94-04c1-424b-9868-57a2d4851a1d" relativeResultsDirectory="fc589600-e97e-438f-ab50-4b8a77cc6bba">
    </UnitTestResult>
    <UnitTestResult executionId="84a24923-4468-4489-becc-dbd32ede3a41" testId="acbb402c-05ce-dcf3-1ca5-22f5b8ae3004" testName="CloneTable_BasicTable_AddColumn" computerName="BUILDER1" duration="00:00:00.2067351" startTime="2010-04-22T17:45:23.7612720-07:00" endTime="2010-04-22T17:45:23.9744978-07:00" testType="13cdc9d9-ddb5-4fa4-a97d-d965ccfc6d4b" outcome="Passed" testListId="8c84fa94-04c1-424b-9868-57a2d4851a1d" relativeResultsDirectory="84a24923-4468-4489-becc-dbd32ede3a41">
    </UnitTestResult>
    <UnitTestResult executionId="02ed2825-582e-4862-abbd-00705a7cd75a" testId="f019928d-348e-3798-a78c-212935ed13c7" testName="CloneTable_BasicTable_AddEverything" computerName="BUILDER1" duration="00:00:00.2588351" startTime="2010-04-22T17:45:23.9764540-07:00" endTime="2010-04-22T17:45:24.2415191-07:00" testType="13cdc9d9-ddb5-4fa4-a97d-d965ccfc6d4b" outcome="Passed" testListId="8c84fa94-04c1-424b-9868-57a2d4851a1d" relativeResultsDirectory="02ed2825-582e-4862-abbd-00705a7cd75a">
    </UnitTestResult>
    <UnitTestResult executionId="ccf0a90e-64cd-4036-86e8-0f0527f2d5b9" testId="87307261-dd35-f781-191d-8a39af1406d6" testName="CloneTable_BasicTable_IdentityKey_AddColumnsAndIdentityKey" computerName="BUILDER1" duration="00:00:00.1927434" startTime="2010-04-22T17:45:24.2434753-07:00" endTime="2010-04-22T17:45:24.4420296-07:00" testType="13cdc9d9-ddb5-4fa4-a97d-d965ccfc6d4b" outcome="Passed" testListId="8c84fa94-04c1-424b-9868-57a2d4851a1d" relativeResultsDirectory="ccf0a90e-64cd-4036-86e8-0f0527f2d5b9">
    </UnitTestResult>
    <UnitTestResult executionId="7cecc61d-ab4e-4ba8-922d-6d66312b440c" testId="1b1d4ad9-af8e-68a0-7c0f-b10e0a47daf5" testName="CloneTable_BasicTable_IdentityKey_AddIdentityKey" computerName="BUILDER1" duration="00:00:00.2167664" startTime="2010-04-22T17:45:24.4430077-07:00" endTime="2010-04-22T17:45:24.6660145-07:00" testType="13cdc9d9-ddb5-4fa4-a97d-d965ccfc6d4b" outcome="Passed" testListId="8c84fa94-04c1-424b-9868-57a2d4851a1d" relativeResultsDirectory="7cecc61d-ab4e-4ba8-922d-6d66312b440c">
    </UnitTestResult>
    <UnitTestResult executionId="293c032c-43d9-4dc5-8113-7c17bd1311ca" testId="e9bb3e36-af74-8175-e00a-24dcd7c7432c" testName="CloneTable_BasicTable_Indexes_AddColumnsAndIndexes" computerName="BUILDER1" duration="00:00:00.1814529" startTime="2010-04-22T17:45:24.6669926-07:00" endTime="2010-04-22T17:45:24.8538097-07:00" testType="13cdc9d9-ddb5-4fa4-a97d-d965ccfc6d4b" outcome="Passed" testListId="8c84fa94-04c1-424b-9868-57a2d4851a1d" relativeResultsDirectory="293c032c-43d9-4dc5-8113-7c17bd1311ca">
    </UnitTestResult>
    <UnitTestResult executionId="cd389ece-7f63-47ac-88d0-ba7d772f02c6" testId="da3e5ecc-f7ea-f0c6-7b5b-6ece22768e57" testName="CloneTable_BasicTable_Indexes_AddIndexes" computerName="BUILDER1" duration="00:00:00.1907653" startTime="2010-04-22T17:45:24.8557659-07:00" endTime="2010-04-22T17:45:25.0523640-07:00" testType="13cdc9d9-ddb5-4fa4-a97d-d965ccfc6d4b" outcome="Passed" testListId="8c84fa94-04c1-424b-9868-57a2d4851a1d" relativeResultsDirectory="cd389ece-7f63-47ac-88d0-ba7d772f02c6">
    </UnitTestResult>
    <UnitTestResult executionId="64ede0b1-3796-4298-b8ba-900e6bf29310" testId="490348b4-832d-841e-4d87-33178f2c4291" testName="CloneTable_BasicTable_MultipleKeys_AddColumnsAndMultipleKeys" computerName="BUILDER1" duration="00:00:00.2213691" startTime="2010-04-22T17:45:25.0533421-07:00" endTime="2010-04-22T17:45:25.2802613-07:00" testType="13cdc9d9-ddb5-4fa4-a97d-d965ccfc6d4b" outcome="Passed" testListId="8c84fa94-04c1-424b-9868-57a2d4851a1d" relativeResultsDirectory="64ede0b1-3796-4298-b8ba-900e6bf29310">
    </UnitTestResult>
    <UnitTestResult executionId="d12dc648-a691-40be-8ca8-987548d49804" testId="8258bf30-f91f-2874-b3a5-df7b06aab7b0" testName="CloneTable_BasicTable_MultipleKeys_AddMultipleKeys" computerName="BUILDER1" duration="00:00:00.2010024" startTime="2010-04-22T17:45:25.2822175-07:00" endTime="2010-04-22T17:45:25.4895747-07:00" testType="13cdc9d9-ddb5-4fa4-a97d-d965ccfc6d4b" outcome="Passed" testListId="8c84fa94-04c1-424b-9868-57a2d4851a1d" relativeResultsDirectory="d12dc648-a691-40be-8ca8-987548d49804">
    </UnitTestResult>
    <UnitTestResult executionId="8a80a05e-4a56-464a-86e2-ceabb2cbe292" testId="80c909dd-1d62-5a64-c407-e1753b053302" testName="CloneTable_BasicTable_PrimaryKey_AddColumnsAndPrimaryKey" computerName="BUILDER1" duration="00:00:00.2250511" startTime="2010-04-22T17:45:25.4915309-07:00" endTime="2010-04-22T17:45:25.7223625-07:00" testType="13cdc9d9-ddb5-4fa4-a97d-d965ccfc6d4b" outcome="Passed" testListId="8c84fa94-04c1-424b-9868-57a2d4851a1d" relativeResultsDirectory="8a80a05e-4a56-464a-86e2-ceabb2cbe292">
    </UnitTestResult>
    <UnitTestResult executionId="d936067f-2e2d-42aa-8a66-0a2b0e6a6ec4" testId="117a3648-616a-6178-f97a-35b41eef5e15" testName="CloneTable_BasicTable_PrimaryKey_AddPrimaryKey" computerName="BUILDER1" duration="00:00:00.1930053" startTime="2010-04-22T17:45:25.7243187-07:00" endTime="2010-04-22T17:45:25.9248292-07:00" testType="13cdc9d9-ddb5-4fa4-a97d-d965ccfc6d4b" outcome="Passed" testListId="8c84fa94-04c1-424b-9868-57a2d4851a1d" relativeResultsDirectory="d936067f-2e2d-42aa-8a66-0a2b0e6a6ec4">
    </UnitTestResult>
    <UnitTestResult executionId="f819ee88-0eec-4213-86ae-c73affab5e52" testId="c4260f19-d172-2d6f-60b6-1cfb14e1ccd2" testName="CloneTable_BasicTable_UniqueKey_AddColumnsAndUniqueKey" computerName="BUILDER1" duration="00:00:00.2146577" startTime="2010-04-22T17:45:25.9267854-07:00" endTime="2010-04-22T17:45:26.1478360-07:00" testType="13cdc9d9-ddb5-4fa4-a97d-d965ccfc6d4b" outcome="Passed" testListId="8c84fa94-04c1-424b-9868-57a2d4851a1d" relativeResultsDirectory="f819ee88-0eec-4213-86ae-c73affab5e52">
    </UnitTestResult>
    <UnitTestResult executionId="44d5456e-5c4c-444e-b169-2315ede97efa" testId="f6881c8f-e5b9-f224-4f99-14987770a668" testName="CloneTable_BasicTable_UniqueKey_AddUniqueKey" computerName="BUILDER1" duration="00:00:00.2047163" startTime="2010-04-22T17:45:26.1497922-07:00" endTime="2010-04-22T17:45:26.3610618-07:00" testType="13cdc9d9-ddb5-4fa4-a97d-d965ccfc6d4b" outcome="Passed" testListId="8c84fa94-04c1-424b-9868-57a2d4851a1d" relativeResultsDirectory="44d5456e-5c4c-444e-b169-2315ede97efa">
    </UnitTestResult>
    <UnitTestResult executionId="8353dcb9-95d2-40dc-ae19-a6b169757389" testId="d0727025-2ff3-0657-16c9-24b3598ec684" testName="CloneTable_CloneKeys" computerName="BUILDER1" duration="00:00:00.2816301" startTime="2010-04-22T17:45:26.3620399-07:00" endTime="2010-04-22T17:45:26.6505794-07:00" testType="13cdc9d9-ddb5-4fa4-a97d-d965ccfc6d4b" outcome="Passed" testListId="8c84fa94-04c1-424b-9868-57a2d4851a1d" relativeResultsDirectory="8353dcb9-95d2-40dc-ae19-a6b169757389">
    </UnitTestResult>
    <UnitTestResult executionId="cbbb96ac-9b03-4655-bc7e-c93bb3e2bf5d" testId="8eb96cf4-5e6b-f0a4-ecde-6c243a99cb85" testName="CloneTable_FullTable_AddColumns" computerName="BUILDER1" duration="00:00:00.2768047" startTime="2010-04-22T17:45:26.6535137-07:00" endTime="2010-04-22T17:45:26.9361846-07:00" testType="13cdc9d9-ddb5-4fa4-a97d-d965ccfc6d4b" outcome="Passed" testListId="8c84fa94-04c1-424b-9868-57a2d4851a1d" relativeResultsDirectory="cbbb96ac-9b03-4655-bc7e-c93bb3e2bf5d">
    </UnitTestResult>
    <UnitTestResult executionId="d5891b8f-4425-48cc-9268-8a5c920aa197" testId="f6d60fe5-16fc-9129-0c37-82aab28ca4a9" testName="CloneTable_FullTable_CloneAllFalse" computerName="BUILDER1" duration="00:00:00.2520070" startTime="2010-04-22T17:45:26.9381408-07:00" endTime="2010-04-22T17:45:27.1973373-07:00" testType="13cdc9d9-ddb5-4fa4-a97d-d965ccfc6d4b" outcome="Passed" testListId="8c84fa94-04c1-424b-9868-57a2d4851a1d" relativeResultsDirectory="d5891b8f-4425-48cc-9268-8a5c920aa197">
    </UnitTestResult>
    <UnitTestResult executionId="f17852d9-96df-4b17-97ac-e56437a6de8d" testId="1c2aeaf1-8a28-f7e3-e12e-03d583f84c85" testName="CloneTable_FullTable_CloneAllFalseAndAddColumns" computerName="BUILDER1" duration="00:00:00.2720131" startTime="2010-04-22T17:45:27.1983154-07:00" endTime="2010-04-22T17:45:27.4790301-07:00" testType="13cdc9d9-ddb5-4fa4-a97d-d965ccfc6d4b" outcome="Passed" testListId="8c84fa94-04c1-424b-9868-57a2d4851a1d" relativeResultsDirectory="f17852d9-96df-4b17-97ac-e56437a6de8d">
    </UnitTestResult>
    <UnitTestResult executionId="dfea1077-09b2-46a0-b128-902c8d370c5d" testId="61beb98f-b897-c33e-a8ea-3c00c3a291ca" testName="CloneTable_FullTable_CloneAllFalseAndAddEverything" computerName="BUILDER1" duration="00:00:00.2392267" startTime="2010-04-22T17:45:27.4819644-07:00" endTime="2010-04-22T17:45:27.7264894-07:00" testType="13cdc9d9-ddb5-4fa4-a97d-d965ccfc6d4b" outcome="Passed" testListId="8c84fa94-04c1-424b-9868-57a2d4851a1d" relativeResultsDirectory="dfea1077-09b2-46a0-b128-902c8d370c5d">
    </UnitTestResult>
    <UnitTestResult executionId="5b9e4e29-742d-424b-8f5b-d553a6ce626a" testId="648558f8-12c1-aa8a-c829-f0d56c297ac4" testName="CloneTable_FullTable_CloneAllTrue" computerName="BUILDER1" duration="00:00:00.2281380" startTime="2010-04-22T17:45:27.7284456-07:00" endTime="2010-04-22T17:45:27.9631896-07:00" testType="13cdc9d9-ddb5-4fa4-a97d-d965ccfc6d4b" outcome="Passed" testListId="8c84fa94-04c1-424b-9868-57a2d4851a1d" relativeResultsDirectory="5b9e4e29-742d-424b-8f5b-d553a6ce626a">
    </UnitTestResult>
    <UnitTestResult executionId="07d41f54-8292-44a7-9168-c3284cb5471f" testId="e6f45300-5677-d38d-23e4-e88bfb5fcaf1" testName="CloneTable_FullTable_CloneAllTrueAndAddColumns" computerName="BUILDER1" duration="00:00:00.2563775" startTime="2010-04-22T17:45:27.9661239-07:00" endTime="2010-04-22T17:45:28.2302109-07:00" testType="13cdc9d9-ddb5-4fa4-a97d-d965ccfc6d4b" outcome="Passed" testListId="8c84fa94-04c1-424b-9868-57a2d4851a1d" relativeResultsDirectory="07d41f54-8292-44a7-9168-c3284cb5471f">
    </UnitTestResult>
    <UnitTestResult executionId="d3aa5b12-dd4a-4cda-8246-3746f8563993" testId="8cd1c51f-c952-4e72-62a8-935fa1f81048" testName="CloneTable_FullTable_CloneAllTrueAndAddEverything" computerName="BUILDER1" duration="00:00:00.2301233" startTime="2010-04-22T17:45:28.2311890-07:00" endTime="2010-04-22T17:45:28.4688673-07:00" testType="13cdc9d9-ddb5-4fa4-a97d-d965ccfc6d4b" outcome="Passed" testListId="8c84fa94-04c1-424b-9868-57a2d4851a1d" relativeResultsDirectory="d3aa5b12-dd4a-4cda-8246-3746f8563993">
    </UnitTestResult>
    <UnitTestResult executionId="1d12d5dc-7fca-4a2e-86d4-e695e38cdd4f" testId="5dbbe750-7e4b-8965-656e-2ad3bb0409af" testName="CloneTable_FullTable_Default" computerName="BUILDER1" duration="00:00:00.2400246" startTime="2010-04-22T17:45:28.4718016-07:00" endTime="2010-04-22T17:45:28.7182828-07:00" testType="13cdc9d9-ddb5-4fa4-a97d-d965ccfc6d4b" outcome="Passed" testListId="8c84fa94-04c1-424b-9868-57a2d4851a1d" relativeResultsDirectory="1d12d5dc-7fca-4a2e-86d4-e695e38cdd4f">
    </UnitTestResult>
    <UnitTestResult executionId="4b0987ca-f0ce-44fe-b212-f65e3cd052ac" testId="cb2b613c-5eec-2ca0-e1d0-1b34a5951599" testName="CloneTable_FullTable_IdentityKey_CloneAllFalseAndAddIdentityKey" computerName="BUILDER1" duration="00:00:00.2357880" startTime="2010-04-22T17:45:28.7221952-07:00" endTime="2010-04-22T17:45:28.9647640-07:00" testType="13cdc9d9-ddb5-4fa4-a97d-d965ccfc6d4b" outcome="Passed" testListId="8c84fa94-04c1-424b-9868-57a2d4851a1d" relativeResultsDirectory="4b0987ca-f0ce-44fe-b212-f65e3cd052ac">
    </UnitTestResult>
    <UnitTestResult executionId="0891111b-d490-4d16-83b7-f692818bb979" testId="823bf34e-0f3e-d533-b40a-6691931a899a" testName="CloneTable_FullTable_IdentityKey_CloneAllTrueAndAddIdentityKey" computerName="BUILDER1" duration="00:00:00.2362293" startTime="2010-04-22T17:45:28.9667202-07:00" endTime="2010-04-22T17:45:29.2102671-07:00" testType="13cdc9d9-ddb5-4fa4-a97d-d965ccfc6d4b" outcome="Passed" testListId="8c84fa94-04c1-424b-9868-57a2d4851a1d" relativeResultsDirectory="0891111b-d490-4d16-83b7-f692818bb979">
    </UnitTestResult>
    <UnitTestResult executionId="d6730eff-e2fc-40a0-a6ec-4b2a1719a2d4" testId="90971743-6d6c-ef70-cbb6-fb8071ff5bec" testName="CloneTable_FullTable_Indexes_CloneAllFalseAndAddIndexes" computerName="BUILDER1" duration="00:00:00.2687192" startTime="2010-04-22T17:45:29.2102671-07:00" endTime="2010-04-22T17:45:29.4900037-07:00" testType="13cdc9d9-ddb5-4fa4-a97d-d965ccfc6d4b" outcome="Passed" testListId="8c84fa94-04c1-424b-9868-57a2d4851a1d" relativeResultsDirectory="d6730eff-e2fc-40a0-a6ec-4b2a1719a2d4">
    </UnitTestResult>
    <UnitTestResult executionId="a0d508b6-7f41-46e3-86b9-c82789f3cc5f" testId="7e219c81-b5b6-4142-b628-2992ef2ab400" testName="CloneTable_FullTable_Indexes_CloneAllTrueAndAddIndexes" computerName="BUILDER1" duration="00:00:00.2616633" startTime="2010-04-22T17:45:29.4919599-07:00" endTime="2010-04-22T17:45:29.7619155-07:00" testType="13cdc9d9-ddb5-4fa4-a97d-d965ccfc6d4b" outcome="Passed" testListId="8c84fa94-04c1-424b-9868-57a2d4851a1d" relativeResultsDirectory="a0d508b6-7f41-46e3-86b9-c82789f3cc5f">
    </UnitTestResult>
    <UnitTestResult executionId="62009bbb-277b-44b6-b910-e128b59bf2a1" testId="9ddcab80-70b4-f705-00e1-5039e853b32f" testName="CloneTable_FullTable_Indexes_CloneIndexesFalse" computerName="BUILDER1" duration="00:00:00.2422670" startTime="2010-04-22T17:45:29.7648498-07:00" endTime="2010-04-22T17:45:30.0142653-07:00" testType="13cdc9d9-ddb5-4fa4-a97d-d965ccfc6d4b" outcome="Passed" testListId="8c84fa94-04c1-424b-9868-57a2d4851a1d" relativeResultsDirectory="62009bbb-277b-44b6-b910-e128b59bf2a1">
    </UnitTestResult>
    <UnitTestResult executionId="2e01407c-901c-44bf-9cd1-f369c9baf8b0" testId="5da6a91f-1090-11f6-ecb0-da20b3ecd886" testName="CloneTable_FullTable_Indexes_CloneIndexesTrue" computerName="BUILDER1" duration="00:00:00.2432150" startTime="2010-04-22T17:45:30.0171996-07:00" endTime="2010-04-22T17:45:30.2675932-07:00" testType="13cdc9d9-ddb5-4fa4-a97d-d965ccfc6d4b" outcome="Passed" testListId="8c84fa94-04c1-424b-9868-57a2d4851a1d" relativeResultsDirectory="2e01407c-901c-44bf-9cd1-f369c9baf8b0">
    </UnitTestResult>
    <UnitTestResult executionId="fc73446b-f158-4f7c-865a-1f675ab50ec1" testId="cfe42f3b-4a33-cabb-9ff8-474703335ca1" testName="CloneTable_FullTable_MultipleKeys_CloneAllFalseAndAddMultipleKeys" computerName="BUILDER1" duration="00:00:00.2369403" startTime="2010-04-22T17:45:30.2705275-07:00" endTime="2010-04-22T17:45:30.5130963-07:00" testType="13cdc9d9-ddb5-4fa4-a97d-d965ccfc6d4b" outcome="Passed" testListId="8c84fa94-04c1-424b-9868-57a2d4851a1d" relativeResultsDirectory="fc73446b-f158-4f7c-865a-1f675ab50ec1">
    </UnitTestResult>
    <UnitTestResult executionId="7914ec77-9f99-4f45-99ce-ec61adcf33f0" testId="5deb5ca0-b4cf-175c-ab57-0da2ac0f7954" testName="CloneTable_FullTable_MultipleKeys_CloneAllTrueAndAddMultipleKeys" computerName="BUILDER1" duration="00:00:00.2773873" startTime="2010-04-22T17:45:30.5160306-07:00" endTime="2010-04-22T17:45:30.7996796-07:00" testType="13cdc9d9-ddb5-4fa4-a97d-d965ccfc6d4b" outcome="Passed" testListId="8c84fa94-04c1-424b-9868-57a2d4851a1d" relativeResultsDirectory="7914ec77-9f99-4f45-99ce-ec61adcf33f0">
    </UnitTestResult>
    <UnitTestResult executionId="a736959b-2a3c-4bed-89a0-336383ea21fd" testId="777ee719-aa8b-88e8-a4ed-f77907bca48a" testName="CloneTable_FullTable_MultipleKeys_CloneKeysFalse" computerName="BUILDER1" duration="00:00:00.2257522" startTime="2010-04-22T17:45:30.8016358-07:00" endTime="2010-04-22T17:45:31.0354017-07:00" testType="13cdc9d9-ddb5-4fa4-a97d-d965ccfc6d4b" outcome="Passed" testListId="8c84fa94-04c1-424b-9868-57a2d4851a1d" relativeResultsDirectory="a736959b-2a3c-4bed-89a0-336383ea21fd">
    </UnitTestResult>
    <UnitTestResult executionId="93c6d110-00a3-422a-812a-834200d68d06" testId="d4bbed1f-634b-1eee-a2ee-371e02c0f287" testName="CloneTable_FullTable_MultipleKeys_CloneKeysTrue" computerName="BUILDER1" duration="00:00:00.2640216" startTime="2010-04-22T17:45:31.0383360-07:00" endTime="2010-04-22T17:45:31.3092697-07:00" testType="13cdc9d9-ddb5-4fa4-a97d-d965ccfc6d4b" outcome="Passed" testListId="8c84fa94-04c1-424b-9868-57a2d4851a1d" relativeResultsDirectory="93c6d110-00a3-422a-812a-834200d68d06">
    </UnitTestResult>
    <UnitTestResult executionId="11de267d-02ef-4d49-bb07-c3c31b3477be" testId="58a100a9-15d3-004e-f1a5-b2681a39f748" testName="CloneTable_FullTable_PrimaryKey_CloneAllFalseAndAddPrimaryKey" computerName="BUILDER1" duration="00:00:00.2339490" startTime="2010-04-22T17:45:31.3122040-07:00" endTime="2010-04-22T17:45:31.5518385-07:00" testType="13cdc9d9-ddb5-4fa4-a97d-d965ccfc6d4b" outcome="Passed" testListId="8c84fa94-04c1-424b-9868-57a2d4851a1d" relativeResultsDirectory="11de267d-02ef-4d49-bb07-c3c31b3477be">
    </UnitTestResult>
    <UnitTestResult executionId="b42afd2f-b30a-482a-855f-85d6f9190edd" testId="17eb71f4-4807-c909-2838-08a7ed78fb3e" testName="CloneTable_FullTable_PrimaryKey_CloneAllTrueAndAddPrimaryKey" computerName="BUILDER1" duration="00:00:00.2405652" startTime="2010-04-22T17:45:31.5567290-07:00" endTime="2010-04-22T17:45:31.8032102-07:00" testType="13cdc9d9-ddb5-4fa4-a97d-d965ccfc6d4b" outcome="Passed" testListId="8c84fa94-04c1-424b-9868-57a2d4851a1d" relativeResultsDirectory="b42afd2f-b30a-482a-855f-85d6f9190edd">
    </UnitTestResult>
    <UnitTestResult executionId="401c7d0b-a167-4410-89df-f935387e50d0" testId="9345f3da-6d13-b8bd-48f5-f42a231290fc" testName="CloneTable_FullTable_UniqueKey_CloneAllFalseAndAddUniqueKey" computerName="BUILDER1" duration="00:00:00.2499688" startTime="2010-04-22T17:45:31.8051664-07:00" endTime="2010-04-22T17:45:32.0614286-07:00" testType="13cdc9d9-ddb5-4fa4-a97d-d965ccfc6d4b" outcome="Passed" testListId="8c84fa94-04c1-424b-9868-57a2d4851a1d" relativeResultsDirectory="401c7d0b-a167-4410-89df-f935387e50d0">
    </UnitTestResult>
    <UnitTestResult executionId="8efa1698-ad7a-48f6-930c-435116fda5a0" testId="285b343d-847d-9a92-937a-e203668515cf" testName="CloneTable_FullTable_UniqueKey_CloneAllTrueAndAddUniqueKey" computerName="BUILDER1" duration="00:00:00.2310086" startTime="2010-04-22T17:45:32.0653410-07:00" endTime="2010-04-22T17:45:32.3020412-07:00" testType="13cdc9d9-ddb5-4fa4-a97d-d965ccfc6d4b" outcome="Passed" testListId="8c84fa94-04c1-424b-9868-57a2d4851a1d" relativeResultsDirectory="8efa1698-ad7a-48f6-930c-435116fda5a0">
    </UnitTestResult>
    <UnitTestResult executionId="674a2cb0-671a-47f3-9d21-24b6dc528f18" testId="f7d965da-0c6c-76ef-3528-5ed5d87a239e" testName="IsNullPatcher_Basic" computerName="BUILDER1" duration="00:00:00.2849179" startTime="2010-04-22T17:45:32.3059536-07:00" endTime="2010-04-22T17:45:32.5974274-07:00" testType="13cdc9d9-ddb5-4fa4-a97d-d965ccfc6d4b" outcome="Passed" testListId="8c84fa94-04c1-424b-9868-57a2d4851a1d" relativeResultsDirectory="674a2cb0-671a-47f3-9d21-24b6dc528f18">
    </UnitTestResult>
    <UnitTestResult executionId="34eaa92c-c129-4e65-b886-eedd4a068e7e" testId="63880208-b526-c058-ea9d-49202d599497" testName="IsNullPatcher_MultipleColumns" computerName="BUILDER1" duration="00:00:00.1778209" startTime="2010-04-22T17:45:32.6003617-07:00" endTime="2010-04-22T17:45:32.7832664-07:00" testType="13cdc9d9-ddb5-4fa4-a97d-d965ccfc6d4b" outcome="Passed" testListId="8c84fa94-04c1-424b-9868-57a2d4851a1d" relativeResultsDirectory="34eaa92c-c129-4e65-b886-eedd4a068e7e">
    </UnitTestResult>
    <UnitTestResult executionId="0e94f81e-c89e-4b35-9232-a1916b3c30ac" testId="0fad9a47-d5ef-e9a4-4ce7-ab1c54dbf305" testName="IsNullPatcher_ValidateExternalMetadata" computerName="BUILDER1" duration="00:00:00.2103352" startTime="2010-04-22T17:45:32.7862007-07:00" endTime="2010-04-22T17:45:33.0013827-07:00" testType="13cdc9d9-ddb5-4fa4-a97d-d965ccfc6d4b" outcome="Passed" testListId="8c84fa94-04c1-424b-9868-57a2d4851a1d" relativeResultsDirectory="0e94f81e-c89e-4b35-9232-a1916b3c30ac">
    </UnitTestResult>
    <UnitTestResult executionId="a7044565-0792-4ca5-8108-7901612f3bea" testId="81d07ce2-30e7-d151-1e23-3d5a80dfc210" testName="Merge_Basic" computerName="BUILDER1" duration="00:00:00.2420474" startTime="2010-04-22T17:45:33.0052951-07:00" endTime="2010-04-22T17:45:33.2537325-07:00" testType="13cdc9d9-ddb5-4fa4-a97d-d965ccfc6d4b" outcome="Passed" testListId="8c84fa94-04c1-424b-9868-57a2d4851a1d" relativeResultsDirectory="a7044565-0792-4ca5-8108-7901612f3bea">
    </UnitTestResult>
    <UnitTestResult executionId="ab3939ce-3e02-46f6-b91d-c003bc4c9e8d" testId="01cd0809-f465-d039-ac73-353f51a7ff0d" testName="Merge_Columns" computerName="BUILDER1" duration="00:00:00.2723949" startTime="2010-04-22T17:45:33.2586230-07:00" endTime="2010-04-22T17:45:33.5364034-07:00" testType="13cdc9d9-ddb5-4fa4-a97d-d965ccfc6d4b" outcome="Passed" testListId="8c84fa94-04c1-424b-9868-57a2d4851a1d" relativeResultsDirectory="ab3939ce-3e02-46f6-b91d-c003bc4c9e8d">
    </UnitTestResult>
    <UnitTestResult executionId="df5f2d07-021c-4eb6-840e-5b62c6e150f0" testId="7aa5c5d7-9f22-0c87-8d06-93de7695f9cd" testName="Merge_DelayValidation" computerName="BUILDER1" duration="00:00:00.2226324" startTime="2010-04-22T17:45:33.5403158-07:00" endTime="2010-04-22T17:45:33.7691912-07:00" testType="13cdc9d9-ddb5-4fa4-a97d-d965ccfc6d4b" outcome="Passed" testListId="8c84fa94-04c1-424b-9868-57a2d4851a1d" relativeResultsDirectory="df5f2d07-021c-4eb6-840e-5b62c6e150f0">
    </UnitTestResult>
    <UnitTestResult executionId="430e6586-add6-4298-8a95-96aaa1f89202" testId="60fd485a-fe26-c4fc-bb36-ef041cad84df" testName="Merge_DisableScd" computerName="BUILDER1" duration="00:00:00.2523626" startTime="2010-04-22T17:45:33.7740817-07:00" endTime="2010-04-22T17:45:34.0332782-07:00" testType="13cdc9d9-ddb5-4fa4-a97d-d965ccfc6d4b" outcome="Passed" testListId="8c84fa94-04c1-424b-9868-57a2d4851a1d" relativeResultsDirectory="430e6586-add6-4298-8a95-96aaa1f89202">
    </UnitTestResult>
    <UnitTestResult executionId="2a672b08-b91d-441a-8416-badbd3927ca1" testId="b94b74f3-8e2d-f9c4-39d4-1fb6264ef490" testName="Merge_IsolationLevel" computerName="BUILDER1" duration="00:00:00.2242099" startTime="2010-04-22T17:45:34.0371906-07:00" endTime="2010-04-22T17:45:34.2680222-07:00" testType="13cdc9d9-ddb5-4fa4-a97d-d965ccfc6d4b" outcome="Passed" testListId="8c84fa94-04c1-424b-9868-57a2d4851a1d" relativeResultsDirectory="2a672b08-b91d-441a-8416-badbd3927ca1">
    </UnitTestResult>
    <UnitTestResult executionId="9759524f-9ed5-4128-a11a-d21a88424a39" testId="39cc03e7-ef0f-cad1-a022-accc8bba6319" testName="Merge_NoUpdate" computerName="BUILDER1" duration="00:00:00.2679980" startTime="2010-04-22T17:45:34.2709565-07:00" endTime="2010-04-22T17:45:34.5438464-07:00" testType="13cdc9d9-ddb5-4fa4-a97d-d965ccfc6d4b" outcome="Passed" testListId="8c84fa94-04c1-424b-9868-57a2d4851a1d" relativeResultsDirectory="9759524f-9ed5-4128-a11a-d21a88424a39">
    </UnitTestResult>
    <UnitTestResult executionId="28608232-63ef-4c86-891c-919bebb079ea" testId="ce16c7bf-061b-8426-557f-547f0720287b" testName="Merge_PrecedenceConstraint" computerName="BUILDER1" duration="00:00:00.2264251" startTime="2010-04-22T17:45:34.5477588-07:00" endTime="2010-04-22T17:45:34.7805466-07:00" testType="13cdc9d9-ddb5-4fa4-a97d-d965ccfc6d4b" outcome="Passed" testListId="8c84fa94-04c1-424b-9868-57a2d4851a1d" relativeResultsDirectory="28608232-63ef-4c86-891c-919bebb079ea">
    </UnitTestResult>
    <UnitTestResult executionId="eba73e8b-faa1-4370-a129-ced98e3348e0" testId="df417eee-2587-b4a7-9b4b-5d955fdd5d8b" testName="Merge_UnspecifiedColumnDefaultUsageType" computerName="BUILDER1" duration="00:00:00.2710504" startTime="2010-04-22T17:45:34.7834809-07:00" endTime="2010-04-22T17:45:35.0612613-07:00" testType="13cdc9d9-ddb5-4fa4-a97d-d965ccfc6d4b" outcome="Passed" testListId="8c84fa94-04c1-424b-9868-57a2d4851a1d" relativeResultsDirectory="eba73e8b-faa1-4370-a129-ced98e3348e0">
    </UnitTestResult>
    <UnitTestResult executionId="f648c27c-9795-4791-ac85-237d599412d9" testId="2d1222c2-5a86-cdd3-5c38-37723763be17" testName="Merge_UpdateTargetTable" computerName="BUILDER1" duration="00:00:00.2198782" startTime="2010-04-22T17:45:35.0651737-07:00" endTime="2010-04-22T17:45:35.2911148-07:00" testType="13cdc9d9-ddb5-4fa4-a97d-d965ccfc6d4b" outcome="Passed" testListId="8c84fa94-04c1-424b-9868-57a2d4851a1d" relativeResultsDirectory="f648c27c-9795-4791-ac85-237d599412d9">
    </UnitTestResult>
    <UnitTestResult executionId="8c549943-06da-4ccb-b44f-d66f45c4d6b8" testId="1be47856-2711-72e7-2877-d20464c10aed" testName="Merge_WithEvent" computerName="BUILDER1" duration="00:00:00.2433085" startTime="2010-04-22T17:45:35.2950272-07:00" endTime="2010-04-22T17:45:35.5454208-07:00" testType="13cdc9d9-ddb5-4fa4-a97d-d965ccfc6d4b" outcome="Passed" testListId="8c84fa94-04c1-424b-9868-57a2d4851a1d" relativeResultsDirectory="8c549943-06da-4ccb-b44f-d66f45c4d6b8">
    </UnitTestResult>
    <UnitTestResult executionId="e5198862-e75d-4e08-b1ad-6d6cbbdc44e7" testId="8208ce8e-4623-50ba-7d41-e7d571fde043" testName="Package_BasicAndEmpty" computerName="BUILDER1" duration="00:00:00.1658921" startTime="2010-04-22T17:45:35.5483551-07:00" endTime="2010-04-22T17:45:35.7390846-07:00" testType="13cdc9d9-ddb5-4fa4-a97d-d965ccfc6d4b" outcome="Passed" testListId="8c84fa94-04c1-424b-9868-57a2d4851a1d" relativeResultsDirectory="e5198862-e75d-4e08-b1ad-6d6cbbdc44e7">
    </UnitTestResult>
    <UnitTestResult executionId="49aa726b-4867-42a7-ae59-c0c75a3c4f4c" testId="94157383-91f7-0549-5b19-c7399d37a967" testName="Package_NoEmit" computerName="BUILDER1" duration="00:00:00.1563403" startTime="2010-04-22T17:45:35.7410408-07:00" endTime="2010-04-22T17:45:35.9034054-07:00" testType="13cdc9d9-ddb5-4fa4-a97d-d965ccfc6d4b" outcome="Passed" testListId="8c84fa94-04c1-424b-9868-57a2d4851a1d" relativeResultsDirectory="49aa726b-4867-42a7-ae59-c0c75a3c4f4c">
    </UnitTestResult>
    <UnitTestResult executionId="9d28d911-622e-49ca-9996-2b25828df871" testId="e2c638c7-aa81-5c41-2279-e79d49c4bfd0" testName="Package_TransformationTemplateInstance" computerName="BUILDER1" duration="00:00:00.2341207" startTime="2010-04-22T17:45:35.9063397-07:00" endTime="2010-04-22T17:45:36.1469523-07:00" testType="13cdc9d9-ddb5-4fa4-a97d-d965ccfc6d4b" outcome="Passed" testListId="8c84fa94-04c1-424b-9868-57a2d4851a1d" relativeResultsDirectory="9d28d911-622e-49ca-9996-2b25828df871">
    </UnitTestResult>
    <UnitTestResult executionId="7a665e42-e5e0-4e68-a98b-5eb87043d5f4" testId="6500e344-3c21-1255-002f-e8123cbdf729" testName="RetryContainer_Basic" computerName="BUILDER1" duration="00:00:00.2011112" startTime="2010-04-22T17:45:36.1498866-07:00" endTime="2010-04-22T17:45:36.3582219-07:00" testType="13cdc9d9-ddb5-4fa4-a97d-d965ccfc6d4b" outcome="Passed" testListId="8c84fa94-04c1-424b-9868-57a2d4851a1d" relativeResultsDirectory="7a665e42-e5e0-4e68-a98b-5eb87043d5f4">
    </UnitTestResult>
    <UnitTestResult executionId="a03040d5-9dbc-4563-add4-e25489c3e7cf" testId="6b877421-5707-97e0-97c7-e782922ca1ad" testName="StoredProcedure_Basic" computerName="BUILDER1" duration="00:00:00.1831057" startTime="2010-04-22T17:45:36.3611562-07:00" endTime="2010-04-22T17:45:36.5499295-07:00" testType="13cdc9d9-ddb5-4fa4-a97d-d965ccfc6d4b" outcome="Passed" testListId="8c84fa94-04c1-424b-9868-57a2d4851a1d" relativeResultsDirectory="a03040d5-9dbc-4563-add4-e25489c3e7cf">
    </UnitTestResult>
    <UnitTestResult executionId="7cb94e5c-0606-4c58-ac28-899456408991" testId="f7be0885-34af-c0d2-b74b-f8d5a5e3a795" testName="StoredProcedure_Event" computerName="BUILDER1" duration="00:00:00.2156585" startTime="2010-04-22T17:45:36.5548200-07:00" endTime="2010-04-22T17:45:36.7748925-07:00" testType="13cdc9d9-ddb5-4fa4-a97d-d965ccfc6d4b" outcome="Passed" testListId="8c84fa94-04c1-424b-9868-57a2d4851a1d" relativeResultsDirectory="7cb94e5c-0606-4c58-ac28-899456408991">
    </UnitTestResult>
    <UnitTestResult executionId="bb3e2205-cd6d-4953-8776-761a88d306e8" testId="e14b5b3b-4656-87d2-543d-14601f0f628d" testName="StoredProcedure_ParametersBasic" computerName="BUILDER1" duration="00:00:00.1782197" startTime="2010-04-22T17:45:36.7778268-07:00" endTime="2010-04-22T17:45:36.9626877-07:00" testType="13cdc9d9-ddb5-4fa4-a97d-d965ccfc6d4b" outcome="Passed" testListId="8c84fa94-04c1-424b-9868-57a2d4851a1d" relativeResultsDirectory="bb3e2205-cd6d-4953-8776-761a88d306e8">
    </UnitTestResult>
    <UnitTestResult executionId="b0580483-7725-4598-8448-ce3742f1537c" testId="f4a85836-8c32-fb28-ffcb-6401d7e9b590" testName="StoredProcedure_ParametersDefault" computerName="BUILDER1" duration="00:00:00.1723922" startTime="2010-04-22T17:45:36.9666001-07:00" endTime="2010-04-22T17:45:37.1446143-07:00" testType="13cdc9d9-ddb5-4fa4-a97d-d965ccfc6d4b" outcome="Passed" testListId="8c84fa94-04c1-424b-9868-57a2d4851a1d" relativeResultsDirectory="b0580483-7725-4598-8448-ce3742f1537c">
    </UnitTestResult>
    <UnitTestResult executionId="6d9bfa2d-b3ff-42db-9727-fff8a747007a" testId="e22dfcc3-ffd5-2132-f085-ac0749af87c9" testName="StoredProcedure_ParametersOutput" computerName="BUILDER1" duration="00:00:00.1978949" startTime="2010-04-22T17:45:37.1475486-07:00" endTime="2010-04-22T17:45:37.3519715-07:00" testType="13cdc9d9-ddb5-4fa4-a97d-d965ccfc6d4b" outcome="Passed" testListId="8c84fa94-04c1-424b-9868-57a2d4851a1d" relativeResultsDirectory="6d9bfa2d-b3ff-42db-9727-fff8a747007a">
    </UnitTestResult>
    <UnitTestResult executionId="2920b261-59c4-405d-b192-aa5eb74c8e1b" testId="ff0e7abc-c5ee-40dc-58b7-62698359f3f7" testName="StoredProcedure_ParametersReadOnly" computerName="BUILDER1" duration="00:00:00.1623203" startTime="2010-04-22T17:45:37.3549058-07:00" endTime="2010-04-22T17:45:37.5231390-07:00" testType="13cdc9d9-ddb5-4fa4-a97d-d965ccfc6d4b" outcome="Passed" testListId="8c84fa94-04c1-424b-9868-57a2d4851a1d" relativeResultsDirectory="2920b261-59c4-405d-b192-aa5eb74c8e1b">
    </UnitTestResult>
    <UnitTestResult executionId="65563769-ba16-4c91-adfe-dca72a9485e7" testId="457b3044-9413-799b-c6e9-1e4f2e5da8fc" testName="StoredProcedure_Permission" computerName="BUILDER1" duration="00:00:00.2132307" startTime="2010-04-22T17:45:37.5260733-07:00" endTime="2010-04-22T17:45:37.7441896-07:00" testType="13cdc9d9-ddb5-4fa4-a97d-d965ccfc6d4b" outcome="Passed" testListId="8c84fa94-04c1-424b-9868-57a2d4851a1d" relativeResultsDirectory="65563769-ba16-4c91-adfe-dca72a9485e7">
    </UnitTestResult>
    <UnitTestResult executionId="28b03a6e-291a-4567-a6c3-718e88199938" testId="5be38c6d-35ee-e447-3092-8c010608bfef" testName="StoredProcedure_PrecedenceConstraint" computerName="BUILDER1" duration="00:00:00.2195221" startTime="2010-04-22T17:45:37.7520144-07:00" endTime="2010-04-22T17:45:37.9779555-07:00" testType="13cdc9d9-ddb5-4fa4-a97d-d965ccfc6d4b" outcome="Passed" testListId="8c84fa94-04c1-424b-9868-57a2d4851a1d" relativeResultsDirectory="28b03a6e-291a-4567-a6c3-718e88199938">
    </UnitTestResult>
    <UnitTestResult executionId="6f5bafbc-815d-4aef-9983-62ae6691ce7d" testId="14385a63-51b1-0380-f32a-f001d10be915" testName="StoredProcedure_Schema" computerName="BUILDER1" duration="00:00:00.2255179" startTime="2010-04-22T17:45:37.9808898-07:00" endTime="2010-04-22T17:45:38.2126995-07:00" testType="13cdc9d9-ddb5-4fa4-a97d-d965ccfc6d4b" outcome="Passed" testListId="8c84fa94-04c1-424b-9868-57a2d4851a1d" relativeResultsDirectory="6f5bafbc-815d-4aef-9983-62ae6691ce7d">
    </UnitTestResult>
    <UnitTestResult executionId="54b7e0af-6ea9-45ad-8522-0e73db0483d8" testId="1db5dc0b-acc5-b391-21c6-38e735731bd0" testName="Principal_ApplicationRole" computerName="BUILDER1" duration="00:00:00.2260746" startTime="2010-04-22T17:45:38.2205243-07:00" endTime="2010-04-22T17:45:38.4533121-07:00" testType="13cdc9d9-ddb5-4fa4-a97d-d965ccfc6d4b" outcome="Passed" testListId="8c84fa94-04c1-424b-9868-57a2d4851a1d" relativeResultsDirectory="54b7e0af-6ea9-45ad-8522-0e73db0483d8">
    </UnitTestResult>
    <UnitTestResult executionId="8f3290cd-a650-4fa4-b0df-75303259cee6" testId="147eb792-33f0-d224-015a-85c3ba90358c" testName="Principal_DatabasePermissions" computerName="BUILDER1" duration="00:00:00.1806528" startTime="2010-04-22T17:45:38.4582026-07:00" endTime="2010-04-22T17:45:38.6450197-07:00" testType="13cdc9d9-ddb5-4fa4-a97d-d965ccfc6d4b" outcome="Passed" testListId="8c84fa94-04c1-424b-9868-57a2d4851a1d" relativeResultsDirectory="8f3290cd-a650-4fa4-b0df-75303259cee6">
    </UnitTestResult>
    <UnitTestResult executionId="d56dd168-8f3f-4b2a-9839-0a841c06f507" testId="f9abbf63-7a7f-75fb-23ee-e8740e1f5877" testName="Principal_DatabaseRole" computerName="BUILDER1" duration="00:00:00.1607540" startTime="2010-04-22T17:45:38.6479540-07:00" endTime="2010-04-22T17:45:38.8142310-07:00" testType="13cdc9d9-ddb5-4fa4-a97d-d965ccfc6d4b" outcome="Passed" testListId="8c84fa94-04c1-424b-9868-57a2d4851a1d" relativeResultsDirectory="d56dd168-8f3f-4b2a-9839-0a841c06f507">
    </UnitTestResult>
    <UnitTestResult executionId="815de1cd-43e7-4ad8-88d7-e94f52295410" testId="c1810f9f-f568-0638-2859-751834fcf8b8" testName="Principal_NoEmit" computerName="BUILDER1" duration="00:00:00.2022808" startTime="2010-04-22T17:45:38.8181434-07:00" endTime="2010-04-22T17:45:39.0255006-07:00" testType="13cdc9d9-ddb5-4fa4-a97d-d965ccfc6d4b" outcome="Passed" testListId="8c84fa94-04c1-424b-9868-57a2d4851a1d" relativeResultsDirectory="815de1cd-43e7-4ad8-88d7-e94f52295410">
    </UnitTestResult>
    <UnitTestResult executionId="366f4e83-0943-4f40-be0b-70419a8205ae" testId="b42cb581-0ff1-4824-b59d-b562971d3661" testName="Principal_SqlUser" computerName="BUILDER1" duration="00:00:00.1648456" startTime="2010-04-22T17:45:39.0294130-07:00" endTime="2010-04-22T17:45:39.2005805-07:00" testType="13cdc9d9-ddb5-4fa4-a97d-d965ccfc6d4b" outcome="Passed" testListId="8c84fa94-04c1-424b-9868-57a2d4851a1d" relativeResultsDirectory="366f4e83-0943-4f40-be0b-70419a8205ae">
    </UnitTestResult>
    <UnitTestResult executionId="03e72168-c98b-4027-a94f-5b9361acc395" testId="c72a7203-73ad-ca33-0cbc-63ace5c61baf" testName="Principal_WindowsGroup" computerName="BUILDER1" duration="00:00:00.1611678" startTime="2010-04-22T17:45:39.2044929-07:00" endTime="2010-04-22T17:45:39.3707699-07:00" testType="13cdc9d9-ddb5-4fa4-a97d-d965ccfc6d4b" outcome="Passed" testListId="8c84fa94-04c1-424b-9868-57a2d4851a1d" relativeResultsDirectory="03e72168-c98b-4027-a94f-5b9361acc395">
    </UnitTestResult>
    <UnitTestResult executionId="fdddbd98-ac78-4377-be5c-a69f549f9675" testId="7a52f4e0-d561-c4b3-66f7-584536cd6ea6" testName="Principal_WindowsUser" computerName="BUILDER1" duration="00:00:00.1957805" startTime="2010-04-22T17:45:39.3766385-07:00" endTime="2010-04-22T17:45:39.5781271-07:00" testType="13cdc9d9-ddb5-4fa4-a97d-d965ccfc6d4b" outcome="Passed" testListId="8c84fa94-04c1-424b-9868-57a2d4851a1d" relativeResultsDirectory="fdddbd98-ac78-4377-be5c-a69f549f9675">
    </UnitTestResult>
    <UnitTestResult executionId="1033220c-801c-404f-ad39-4e88cc4964f6" testId="dd8e7ae0-e758-e846-5a93-10f70d19335a" testName="Schema_BasicAndEmpty" computerName="BUILDER1" duration="00:00:00.1728957" startTime="2010-04-22T17:45:39.5820395-07:00" endTime="2010-04-22T17:45:39.7620099-07:00" testType="13cdc9d9-ddb5-4fa4-a97d-d965ccfc6d4b" outcome="Passed" testListId="8c84fa94-04c1-424b-9868-57a2d4851a1d" relativeResultsDirectory="1033220c-801c-404f-ad39-4e88cc4964f6">
    </UnitTestResult>
    <UnitTestResult executionId="02493cfc-bf42-4692-8d3e-07f4cc857d19" testId="1fcdadbf-24af-f82b-b5d5-927ef78dfedf" testName="Schema_CustomExtensions" computerName="BUILDER1" duration="00:00:00.2171285" startTime="2010-04-22T17:45:39.7659223-07:00" endTime="2010-04-22T17:45:39.9899072-07:00" testType="13cdc9d9-ddb5-4fa4-a97d-d965ccfc6d4b" outcome="Passed" testListId="8c84fa94-04c1-424b-9868-57a2d4851a1d" relativeResultsDirectory="02493cfc-bf42-4692-8d3e-07f4cc857d19">
    </UnitTestResult>
    <UnitTestResult executionId="370cb0a6-3214-4da0-8355-38e781acf365" testId="7528a310-3770-c2fe-792d-086a47c766dc" testName="Schema_NoEmit" computerName="BUILDER1" duration="00:00:00.1389758" startTime="2010-04-22T17:45:39.9928415-07:00" endTime="2010-04-22T17:45:40.1385784-07:00" testType="13cdc9d9-ddb5-4fa4-a97d-d965ccfc6d4b" outcome="Passed" testListId="8c84fa94-04c1-424b-9868-57a2d4851a1d" relativeResultsDirectory="370cb0a6-3214-4da0-8355-38e781acf365">
    </UnitTestResult>
    <UnitTestResult executionId="e0c566d4-9029-4019-b493-2febf4ed3f3d" testId="dfa861b4-fd63-28b0-1e1e-0640d1ea88d2" testName="Schema_Permissions" computerName="BUILDER1" duration="00:00:00.1733251" startTime="2010-04-22T17:45:40.1434689-07:00" endTime="2010-04-22T17:45:40.3224612-07:00" testType="13cdc9d9-ddb5-4fa4-a97d-d965ccfc6d4b" outcome="Passed" testListId="8c84fa94-04c1-424b-9868-57a2d4851a1d" relativeResultsDirectory="e0c566d4-9029-4019-b493-2febf4ed3f3d">
    </UnitTestResult>
    <UnitTestResult executionId="ff09bd20-ea58-4fc0-a9c2-e2fbe4ecd44d" testId="924b790b-c7ac-9a05-ed3e-9b44af5df45a" testName="Table_BasicAndEmpty" computerName="BUILDER1" duration="00:00:00.1753726" startTime="2010-04-22T17:45:40.3263736-07:00" endTime="2010-04-22T17:45:40.5073221-07:00" testType="13cdc9d9-ddb5-4fa4-a97d-d965ccfc6d4b" outcome="Passed" testListId="8c84fa94-04c1-424b-9868-57a2d4851a1d" relativeResultsDirectory="ff09bd20-ea58-4fc0-a9c2-e2fbe4ecd44d">
    </UnitTestResult>
    <UnitTestResult executionId="8d866ad3-6c88-47f6-b5c9-99d0ab7f5650" testId="d86b9d3b-c2bb-9c4e-801d-ba94f9e7357f" testName="Table_Column_DefaultValues" computerName="BUILDER1" duration="00:00:00.1841097" startTime="2010-04-22T17:45:40.5112345-07:00" endTime="2010-04-22T17:45:40.7029421-07:00" testType="13cdc9d9-ddb5-4fa4-a97d-d965ccfc6d4b" outcome="Passed" testListId="8c84fa94-04c1-424b-9868-57a2d4851a1d" relativeResultsDirectory="8d866ad3-6c88-47f6-b5c9-99d0ab7f5650">
    </UnitTestResult>
    <UnitTestResult executionId="50ed0f52-d3a8-4c8d-a066-deb78f7f7187" testId="b41b8ea5-01e0-b4b1-a895-bc9877bcb53f" testName="Table_Column_PermissionBasic" computerName="BUILDER1" duration="00:00:00.2029609" startTime="2010-04-22T17:45:40.7058764-07:00" endTime="2010-04-22T17:45:40.9142117-07:00" testType="13cdc9d9-ddb5-4fa4-a97d-d965ccfc6d4b" outcome="Passed" testListId="8c84fa94-04c1-424b-9868-57a2d4851a1d" relativeResultsDirectory="50ed0f52-d3a8-4c8d-a066-deb78f7f7187">
    </UnitTestResult>
    <UnitTestResult executionId="2a275fb6-629f-427a-abd7-5b66066102af" testId="4805e4e8-2c12-2672-ad60-9c4c73a63e32" testName="Table_Column_Properties" computerName="BUILDER1" duration="00:00:00.2364249" startTime="2010-04-22T17:45:40.9191022-07:00" endTime="2010-04-22T17:45:41.1626491-07:00" testType="13cdc9d9-ddb5-4fa4-a97d-d965ccfc6d4b" outcome="Passed" testListId="8c84fa94-04c1-424b-9868-57a2d4851a1d" relativeResultsDirectory="2a275fb6-629f-427a-abd7-5b66066102af">
    </UnitTestResult>
    <UnitTestResult executionId="bd1a98fd-dfb8-47bf-8e10-c20ebeca9e03" testId="8ffa97a4-94ff-5762-bc24-fa8e3d6a7945" testName="Table_Column_Scd" computerName="BUILDER1" duration="00:00:00.1774689" startTime="2010-04-22T17:45:41.1665615-07:00" endTime="2010-04-22T17:45:41.3504443-07:00" testType="13cdc9d9-ddb5-4fa4-a97d-d965ccfc6d4b" outcome="Passed" testListId="8c84fa94-04c1-424b-9868-57a2d4851a1d" relativeResultsDirectory="bd1a98fd-dfb8-47bf-8e10-c20ebeca9e03">
    </UnitTestResult>
    <UnitTestResult executionId="31442196-4f0b-4db8-80e2-cd1a9f261b4c" testId="8816bbc5-ea9d-2fdd-6b4e-b000a8ac4f05" testName="Table_Column_Types" computerName="BUILDER1" duration="00:00:00.1821956" startTime="2010-04-22T17:45:41.3553348-07:00" endTime="2010-04-22T17:45:41.5431300-07:00" testType="13cdc9d9-ddb5-4fa4-a97d-d965ccfc6d4b" outcome="Passed" testListId="8c84fa94-04c1-424b-9868-57a2d4851a1d" relativeResultsDirectory="31442196-4f0b-4db8-80e2-cd1a9f261b4c">
    </UnitTestResult>
    <UnitTestResult executionId="827af01b-a876-48fd-ab66-1a0171870515" testId="730b45b9-5c6b-baea-1b72-e1e4b0e2c060" testName="Table_CustomExtensions" computerName="BUILDER1" duration="00:00:00.1918574" startTime="2010-04-22T17:45:41.5489986-07:00" endTime="2010-04-22T17:45:41.7768959-07:00" testType="13cdc9d9-ddb5-4fa4-a97d-d965ccfc6d4b" outcome="Passed" testListId="8c84fa94-04c1-424b-9868-57a2d4851a1d" relativeResultsDirectory="827af01b-a876-48fd-ab66-1a0171870515">
    </UnitTestResult>
    <UnitTestResult executionId="f07e374b-6b90-4e15-9190-f3eb7a2a79ef" testId="1aa5bc09-8ba9-9bfc-d262-48ae29077ca1" testName="Table_IdentityKey_Basic" computerName="BUILDER1" duration="00:00:00.1794977" startTime="2010-04-22T17:45:41.7827645-07:00" endTime="2010-04-22T17:45:41.9686035-07:00" testType="13cdc9d9-ddb5-4fa4-a97d-d965ccfc6d4b" outcome="Passed" testListId="8c84fa94-04c1-424b-9868-57a2d4851a1d" relativeResultsDirectory="f07e374b-6b90-4e15-9190-f3eb7a2a79ef">
    </UnitTestResult>
    <UnitTestResult executionId="8efa8cc7-5e25-44d3-b9e2-664642372da8" testId="7a941737-e78b-d27f-a826-94609f423151" testName="Table_Index_Basic" computerName="BUILDER1" duration="00:00:00.2064462" startTime="2010-04-22T17:45:41.9744721-07:00" endTime="2010-04-22T17:45:42.1808512-07:00" testType="13cdc9d9-ddb5-4fa4-a97d-d965ccfc6d4b" outcome="Passed" testListId="8c84fa94-04c1-424b-9868-57a2d4851a1d" relativeResultsDirectory="8efa8cc7-5e25-44d3-b9e2-664642372da8">
    </UnitTestResult>
    <UnitTestResult executionId="e72ddf94-5e8a-46f5-908d-041d9dc9585f" testId="70b0e396-a65f-8ff3-5097-2323b999b44d" testName="Table_Index_ColumnProperties" computerName="BUILDER1" duration="00:00:00.1814435" startTime="2010-04-22T17:45:42.1847636-07:00" endTime="2010-04-22T17:45:42.3725588-07:00" testType="13cdc9d9-ddb5-4fa4-a97d-d965ccfc6d4b" outcome="Passed" testListId="8c84fa94-04c1-424b-9868-57a2d4851a1d" relativeResultsDirectory="e72ddf94-5e8a-46f5-908d-041d9dc9585f">
    </UnitTestResult>
    <UnitTestResult executionId="7be339fe-7d27-468a-a0e3-dd49f8c61588" testId="1794d721-1fc2-8b71-8134-425363b09b2a" testName="Table_Index_Properties" computerName="BUILDER1" duration="00:00:00.1832772" startTime="2010-04-22T17:45:42.3794055-07:00" endTime="2010-04-22T17:45:42.5691569-07:00" testType="13cdc9d9-ddb5-4fa4-a97d-d965ccfc6d4b" outcome="Passed" testListId="8c84fa94-04c1-424b-9868-57a2d4851a1d" relativeResultsDirectory="7be339fe-7d27-468a-a0e3-dd49f8c61588">
    </UnitTestResult>
    <UnitTestResult executionId="64cc4bc8-78d5-477d-80f3-2c4039f53ec8" testId="7debae5a-cbb5-e2ab-ec08-0d9975f39189" testName="Table_LateArriving" computerName="BUILDER1" duration="00:00:00.2162756" startTime="2010-04-22T17:45:42.5750255-07:00" endTime="2010-04-22T17:45:42.7921637-07:00" testType="13cdc9d9-ddb5-4fa4-a97d-d965ccfc6d4b" outcome="Passed" testListId="8c84fa94-04c1-424b-9868-57a2d4851a1d" relativeResultsDirectory="64cc4bc8-78d5-477d-80f3-2c4039f53ec8">
    </UnitTestResult>
    <UnitTestResult executionId="326dcd8c-5fa8-494a-858f-5cff4b96ad8f" testId="9a36e55a-a835-253e-6063-dacda3b7f055" testName="Table_PermissionBasic" computerName="BUILDER1" duration="00:00:00.2068172" startTime="2010-04-22T17:45:42.7970542-07:00" endTime="2010-04-22T17:45:43.0083238-07:00" testType="13cdc9d9-ddb5-4fa4-a97d-d965ccfc6d4b" outcome="Passed" testListId="8c84fa94-04c1-424b-9868-57a2d4851a1d" relativeResultsDirectory="326dcd8c-5fa8-494a-858f-5cff4b96ad8f">
    </UnitTestResult>
    <UnitTestResult executionId="943c5ae4-3800-4618-bc77-22b0b6bce401" testId="9c61f27b-88db-f5d1-7a06-8c599b2166e9" testName="Table_PrimaryKey_Basic" computerName="BUILDER1" duration="00:00:00.1876583" startTime="2010-04-22T17:45:43.0141924-07:00" endTime="2010-04-22T17:45:43.2078562-07:00" testType="13cdc9d9-ddb5-4fa4-a97d-d965ccfc6d4b" outcome="Passed" testListId="8c84fa94-04c1-424b-9868-57a2d4851a1d" relativeResultsDirectory="943c5ae4-3800-4618-bc77-22b0b6bce401">
    </UnitTestResult>
    <UnitTestResult executionId="2772b9b4-a458-428a-80e0-4e36708c43c7" testId="195ddd83-238f-1554-003a-e02d5e3c98d1" testName="Table_PrimaryKey_ColumnProperties" computerName="BUILDER1" duration="00:00:00.2079065" startTime="2010-04-22T17:45:43.2127467-07:00" endTime="2010-04-22T17:45:43.4279287-07:00" testType="13cdc9d9-ddb5-4fa4-a97d-d965ccfc6d4b" outcome="Passed" testListId="8c84fa94-04c1-424b-9868-57a2d4851a1d" relativeResultsDirectory="2772b9b4-a458-428a-80e0-4e36708c43c7">
    </UnitTestResult>
    <UnitTestResult executionId="abab5406-4098-4144-9ae4-c45869febebf" testId="33f820e0-dbd9-ffdb-9239-52c7bf2d596a" testName="Table_PrimaryKey_Properties" computerName="BUILDER1" duration="00:00:00.1808654" startTime="2010-04-22T17:45:43.4328192-07:00" endTime="2010-04-22T17:45:43.6186582-07:00" testType="13cdc9d9-ddb5-4fa4-a97d-d965ccfc6d4b" outcome="Passed" testListId="8c84fa94-04c1-424b-9868-57a2d4851a1d" relativeResultsDirectory="abab5406-4098-4144-9ae4-c45869febebf">
    </UnitTestResult>
    <UnitTestResult executionId="f0230779-1e45-44ec-b64f-cd698b26b880" testId="7d14f545-bbf2-2590-6f5e-6e7fc27db82f" testName="Table_Schema" computerName="BUILDER1" duration="00:00:00.2437919" startTime="2010-04-22T17:45:43.6245268-07:00" endTime="2010-04-22T17:45:43.8749204-07:00" testType="13cdc9d9-ddb5-4fa4-a97d-d965ccfc6d4b" outcome="Passed" testListId="8c84fa94-04c1-424b-9868-57a2d4851a1d" relativeResultsDirectory="f0230779-1e45-44ec-b64f-cd698b26b880">
    </UnitTestResult>
    <UnitTestResult executionId="5ba07fc6-7050-40c7-8778-30d528263a5d" testId="7cb124d4-0ee5-dd8a-02e1-96ad4a08d0f0" testName="Table_SpacedTable" computerName="BUILDER1" duration="00:00:00.2255154" startTime="2010-04-22T17:45:43.8798109-07:00" endTime="2010-04-22T17:45:44.1125987-07:00" testType="13cdc9d9-ddb5-4fa4-a97d-d965ccfc6d4b" outcome="Passed" testListId="8c84fa94-04c1-424b-9868-57a2d4851a1d" relativeResultsDirectory="5ba07fc6-7050-40c7-8778-30d528263a5d">
    </UnitTestResult>
    <UnitTestResult executionId="02c42a18-b09f-4dbe-84fa-235102e3232a" testId="5cdf29e9-f21f-1ac1-73c1-8e610507a243" testName="Table_StaticSource_Basic" computerName="BUILDER1" duration="00:00:00.0001906" startTime="2010-04-22T17:45:44.1184673-07:00" endTime="2010-04-22T17:45:44.1243359-07:00" testType="13cdc9d9-ddb5-4fa4-a97d-d965ccfc6d4b" outcome="Passed" testListId="8c84fa94-04c1-424b-9868-57a2d4851a1d" relativeResultsDirectory="02c42a18-b09f-4dbe-84fa-235102e3232a">
    </UnitTestResult>
    <UnitTestResult executionId="63d451b7-4db2-4cac-8d8d-430242b36d3b" testId="17790aae-7771-59e4-ebb5-a5b327afffbe" testName="Table_StaticSource_NoEmitMergePackage" computerName="BUILDER1" duration="00:00:00.1840470" startTime="2010-04-22T17:45:44.1311826-07:00" endTime="2010-04-22T17:45:44.3160435-07:00" testType="13cdc9d9-ddb5-4fa4-a97d-d965ccfc6d4b" outcome="Passed" testListId="8c84fa94-04c1-424b-9868-57a2d4851a1d" relativeResultsDirectory="63d451b7-4db2-4cac-8d8d-430242b36d3b">
    </UnitTestResult>
    <UnitTestResult executionId="70fbe627-f061-4cc8-9aec-03676c27c374" testId="018605e8-df01-984e-0a0d-37a9e4f7511c" testName="Table_UniqueKey_Basic" computerName="BUILDER1" duration="00:00:00.2125644" startTime="2010-04-22T17:45:44.3219121-07:00" endTime="2010-04-22T17:45:44.5410065-07:00" testType="13cdc9d9-ddb5-4fa4-a97d-d965ccfc6d4b" outcome="Passed" testListId="8c84fa94-04c1-424b-9868-57a2d4851a1d" relativeResultsDirectory="70fbe627-f061-4cc8-9aec-03676c27c374">
    </UnitTestResult>
    <UnitTestResult executionId="8b651258-ba50-4313-90de-b553eb96caaa" testId="d5c6b7ae-1c30-93c6-4fd6-c075f5032b7d" testName="Table_UniqueKey_ColumnProperties" computerName="BUILDER1" duration="00:00:00.1874568" startTime="2010-04-22T17:45:44.5468751-07:00" endTime="2010-04-22T17:45:44.7415170-07:00" testType="13cdc9d9-ddb5-4fa4-a97d-d965ccfc6d4b" outcome="Passed" testListId="8c84fa94-04c1-424b-9868-57a2d4851a1d" relativeResultsDirectory="8b651258-ba50-4313-90de-b553eb96caaa">
    </UnitTestResult>
    <UnitTestResult executionId="9bc85cac-1d47-4e6e-9e9c-ce7e955cd81b" testId="5e4e6370-97b6-9dfb-b998-668ff69fd670" testName="Table_UniqueKey_Properties" computerName="BUILDER1" duration="00:00:00.2176119" startTime="2010-04-22T17:45:44.7473856-07:00" endTime="2010-04-22T17:45:44.9713705-07:00" testType="13cdc9d9-ddb5-4fa4-a97d-d965ccfc6d4b" outcome="Passed" testListId="8c84fa94-04c1-424b-9868-57a2d4851a1d" relativeResultsDirectory="9bc85cac-1d47-4e6e-9e9c-ce7e955cd81b">
    </UnitTestResult>
    <UnitTestResult executionId="7246989b-4caa-4151-b806-c87dd7ac5af1" testId="4d56e203-0b3b-fb28-83e6-b090f90bf976" testName="EtlNode_HasDuplicateTransformNames" computerName="BUILDER1" duration="00:00:00.0864092" startTime="2010-04-22T17:45:44.9772391-07:00" endTime="2010-04-22T17:45:45.0721148-07:00" testType="13cdc9d9-ddb5-4fa4-a97d-d965ccfc6d4b" outcome="Passed" testListId="8c84fa94-04c1-424b-9868-57a2d4851a1d" relativeResultsDirectory="7246989b-4caa-4151-b806-c87dd7ac5af1">
    </UnitTestResult>
    <UnitTestResult executionId="67a8528e-e650-4d67-9dce-b26559c69c70" testId="6e8aa6c3-f068-5527-7b4d-937cd0de7059" testName="Variable_WithUnderscore" computerName="BUILDER1" duration="00:00:00.0833328" startTime="2010-04-22T17:45:45.0779834-07:00" endTime="2010-04-22T17:45:45.1621000-07:00" testType="13cdc9d9-ddb5-4fa4-a97d-d965ccfc6d4b" outcome="Passed" testListId="8c84fa94-04c1-424b-9868-57a2d4851a1d" relativeResultsDirectory="67a8528e-e650-4d67-9dce-b26559c69c70">
    </UnitTestResult>
    <UnitTestResult executionId="9ffb6e5b-8508-48ad-94d6-fc9c3c6291c7" testId="44e34b86-55da-39f2-0b4c-f3e3fd71a856" testName="Table_StaticSourceBadBitValue" computerName="BUILDER1" duration="00:00:00.0953528" startTime="2010-04-22T17:45:45.1679686-07:00" endTime="2010-04-22T17:45:45.2696910-07:00" testType="13cdc9d9-ddb5-4fa4-a97d-d965ccfc6d4b" outcome="Passed" testListId="8c84fa94-04c1-424b-9868-57a2d4851a1d" relativeResultsDirectory="9ffb6e5b-8508-48ad-94d6-fc9c3c6291c7">
    </UnitTestResult>
    <UnitTestResult executionId="16baf193-bb0b-4710-9bae-95a1a335ec38" testId="8ddde8d1-62ee-9348-c793-5d0a6d2eb141" testName="Table_StaticSourceDuplicateKeyValues" computerName="BUILDER1" duration="00:00:00.0831565" startTime="2010-04-22T17:45:45.2765377-07:00" endTime="2010-04-22T17:45:45.3645667-07:00" testType="13cdc9d9-ddb5-4fa4-a97d-d965ccfc6d4b" outcome="Passed" testListId="8c84fa94-04c1-424b-9868-57a2d4851a1d" relativeResultsDirectory="16baf193-bb0b-4710-9bae-95a1a335ec38">
    </UnitTestResult>
    <UnitTestResult executionId="d0c628f2-01ad-4027-9a88-974a7a3b3396" testId="c9aac1ae-f2c4-280c-8332-76bc3d13cc9a" testName="Table_StaticSourceEscapedQuotes" computerName="BUILDER1" duration="00:00:00.0811182" startTime="2010-04-22T17:45:45.3704353-07:00" endTime="2010-04-22T17:45:45.4574862-07:00" testType="13cdc9d9-ddb5-4fa4-a97d-d965ccfc6d4b" outcome="Passed" testListId="8c84fa94-04c1-424b-9868-57a2d4851a1d" relativeResultsDirectory="d0c628f2-01ad-4027-9a88-974a7a3b3396">
    </UnitTestResult>
    <UnitTestResult executionId="15042835-6480-44b6-8190-ffb72bb5c15c" testId="cdda292a-f991-f7b6-9404-61cd09b58dde" testName="Table_StaticSourceValidation" computerName="BUILDER1" duration="00:00:00.0810700" startTime="2010-04-22T17:45:45.4633548-07:00" endTime="2010-04-22T17:45:45.5494276-07:00" testType="13cdc9d9-ddb5-4fa4-a97d-d965ccfc6d4b" outcome="Passed" testListId="8c84fa94-04c1-424b-9868-57a2d4851a1d" relativeResultsDirectory="15042835-6480-44b6-8190-ffb72bb5c15c">
    </UnitTestResult>
    <UnitTestResult executionId="608026d5-519d-40e8-a898-d234355aaeb6" testId="6d07095c-1369-a08f-3fef-978a01e50c05" testName="Table_StaticSourceValues" computerName="BUILDER1" duration="00:00:00.1172580" startTime="2010-04-22T17:45:45.5533400-07:00" endTime="2010-04-22T17:45:45.6765806-07:00" testType="13cdc9d9-ddb5-4fa4-a97d-d965ccfc6d4b" outcome="Passed" testListId="8c84fa94-04c1-424b-9868-57a2d4851a1d" relativeResultsDirectory="608026d5-519d-40e8-a898-d234355aaeb6">
    </UnitTestResult>
    <UnitTestResult executionId="cb5ed350-0e50-4fcb-8d25-211473ac63be" testId="1e307603-9cc5-6187-9fd4-c62f632f26fe" testName="CalculatedMemberAssociatedMeasureGroup" computerName="BUILDER1" duration="00:00:01.3206611" startTime="2010-04-22T17:45:45.6834273-07:00" endTime="2010-04-22T17:45:47.0116871-07:00" testType="13cdc9d9-ddb5-4fa4-a97d-d965ccfc6d4b" outcome="Passed" testListId="8c84fa94-04c1-424b-9868-57a2d4851a1d" relativeResultsDirectory="cb5ed350-0e50-4fcb-8d25-211473ac63be">
      <Output>
        <StdOut>Emitted DataSource C:\BuildAgent\work\c1e1d8ccf6867220\Vulcan\AnalysisResults\TestResults[13]\Out\VulcanTests.Ssas2008EmitterTests_Calculation.CalculatedMemberAssociatedMG_PRE.xml_\SSAS\Conn1.ds
Emitted Dimension C:\BuildAgent\work\c1e1d8ccf6867220\Vulcan\AnalysisResults\TestResults[13]\Out\VulcanTests.Ssas2008EmitterTests_Calculation.CalculatedMemberAssociatedMG_PRE.xml_\SSAS\DimCustomer.dim
Emitted Cube C:\BuildAgent\work\c1e1d8ccf6867220\Vulcan\AnalysisResults\TestResults[13]\Out\VulcanTests.Ssas2008EmitterTests_Calculation.CalculatedMemberAssociatedMG_PRE.xml_\SSAS\InternetSales.cube</StdOut>
      </Output>
    </UnitTestResult>
    <UnitTestResult executionId="74a916e8-3d4c-4fb4-be84-77d717d1de8d" testId="d4dd639d-b29c-4083-c931-9790d67ca557" testName="CalculatedMemberMeasureFormat" computerName="BUILDER1" duration="00:00:00.1639960" startTime="2010-04-22T17:45:47.0185338-07:00" endTime="2010-04-22T17:45:47.1877451-07:00" testType="13cdc9d9-ddb5-4fa4-a97d-d965ccfc6d4b" outcome="Passed" testListId="8c84fa94-04c1-424b-9868-57a2d4851a1d" relativeResultsDirectory="74a916e8-3d4c-4fb4-be84-77d717d1de8d">
      <Output>
        <StdOut>Emitted DataSource C:\BuildAgent\work\c1e1d8ccf6867220\Vulcan\AnalysisResults\TestResults[13]\Out\VulcanTests.Ssas2008EmitterTests_Calculation.CalculatedMemberMeasureFormat_PRE.xml_\SSAS\Conn1.ds
Emitted Dimension C:\BuildAgent\work\c1e1d8ccf6867220\Vulcan\AnalysisResults\TestResults[13]\Out\VulcanTests.Ssas2008EmitterTests_Calculation.CalculatedMemberMeasureFormat_PRE.xml_\SSAS\DimCustomer.dim
Emitted Cube C:\BuildAgent\work\c1e1d8ccf6867220\Vulcan\AnalysisResults\TestResults[13]\Out\VulcanTests.Ssas2008EmitterTests_Calculation.CalculatedMemberMeasureFormat_PRE.xml_\SSAS\InternetSales.cube</StdOut>
      </Output>
    </UnitTestResult>
    <UnitTestResult executionId="514bf58a-a50b-4d7c-b2cf-8ce29d57a2ae" testId="f18c0df0-f29f-8733-55e1-1ec5f73e48e2" testName="Cube_Actions" computerName="BUILDER1" duration="00:00:00.2603699" startTime="2010-04-22T17:45:47.1926356-07:00" endTime="2010-04-22T17:45:47.4586788-07:00" testType="13cdc9d9-ddb5-4fa4-a97d-d965ccfc6d4b" outcome="Passed" testListId="8c84fa94-04c1-424b-9868-57a2d4851a1d" relativeResultsDirectory="514bf58a-a50b-4d7c-b2cf-8ce29d57a2ae">
      <Output>
        <StdOut>Emitted DataSource C:\BuildAgent\work\c1e1d8ccf6867220\Vulcan\AnalysisResults\TestResults[13]\Out\VulcanTests.Ssas2008EmitterTests_Cube.Actions_PRE.xml_\SSAS\Conn1.ds
Emitted Dimension C:\BuildAgent\work\c1e1d8ccf6867220\Vulcan\AnalysisResults\TestResults[13]\Out\VulcanTests.Ssas2008EmitterTests_Cube.Actions_PRE.xml_\SSAS\DimCustomer.dim
Emitted Cube C:\BuildAgent\work\c1e1d8ccf6867220\Vulcan\AnalysisResults\TestResults[13]\Out\VulcanTests.Ssas2008EmitterTests_Cube.Actions_PRE.xml_\SSAS\InternetSales.cube</StdOut>
      </Output>
    </UnitTestResult>
    <UnitTestResult executionId="6c56ff27-7f92-4d23-9add-202d09da09aa" testId="ba62f038-fefc-af41-aaa5-8e542f7f3e57" testName="Cube_Basic" computerName="BUILDER1" duration="00:00:00.1627232" startTime="2010-04-22T17:45:47.4655255-07:00" endTime="2010-04-22T17:45:47.6327806-07:00" testType="13cdc9d9-ddb5-4fa4-a97d-d965ccfc6d4b" outcome="Passed" testListId="8c84fa94-04c1-424b-9868-57a2d4851a1d" relativeResultsDirectory="6c56ff27-7f92-4d23-9add-202d09da09aa">
      <Output>
        <StdOut>Emitted DataSource C:\BuildAgent\work\c1e1d8ccf6867220\Vulcan\AnalysisResults\TestResults[13]\Out\VulcanTests.Ssas2008EmitterTests_Cube.Basic_PRE.xml_\SSAS\Conn1.ds
Emitted Dimension C:\BuildAgent\work\c1e1d8ccf6867220\Vulcan\AnalysisResults\TestResults[13]\Out\VulcanTests.Ssas2008EmitterTests_Cube.Basic_PRE.xml_\SSAS\DimCustomer.dim
Emitted Cube C:\BuildAgent\work\c1e1d8ccf6867220\Vulcan\AnalysisResults\TestResults[13]\Out\VulcanTests.Ssas2008EmitterTests_Cube.Basic_PRE.xml_\SSAS\InternetSales.cube</StdOut>
      </Output>
    </UnitTestResult>
    <UnitTestResult executionId="c4849bb1-9062-4067-80a5-a147b130ba7b" testId="d401bc94-40ba-afac-53fc-8cf870a428da" testName="Cube_Calculations" computerName="BUILDER1" duration="00:00:00.1654986" startTime="2010-04-22T17:45:47.6376711-07:00" endTime="2010-04-22T17:45:47.8098167-07:00" testType="13cdc9d9-ddb5-4fa4-a97d-d965ccfc6d4b" outcome="Passed" testListId="8c84fa94-04c1-424b-9868-57a2d4851a1d" relativeResultsDirectory="c4849bb1-9062-4067-80a5-a147b130ba7b">
      <Output>
        <StdOut>Emitted DataSource C:\BuildAgent\work\c1e1d8ccf6867220\Vulcan\AnalysisResults\TestResults[13]\Out\VulcanTests.Ssas2008EmitterTests_Cube.Calculations_PRE.xml_\SSAS\Conn1.ds
Emitted Dimension C:\BuildAgent\work\c1e1d8ccf6867220\Vulcan\AnalysisResults\TestResults[13]\Out\VulcanTests.Ssas2008EmitterTests_Cube.Calculations_PRE.xml_\SSAS\DimCustomer.dim
Emitted Cube C:\BuildAgent\work\c1e1d8ccf6867220\Vulcan\AnalysisResults\TestResults[13]\Out\VulcanTests.Ssas2008EmitterTests_Cube.Calculations_PRE.xml_\SSAS\InternetSales.cube</StdOut>
      </Output>
    </UnitTestResult>
    <UnitTestResult executionId="ba44fdc2-8daf-472f-8b89-c45fcec3baf3" testId="b96f406a-8a3c-8f55-a542-9570256fd35b" testName="Cube_DistinctCount" computerName="BUILDER1" duration="00:00:00.1888837" startTime="2010-04-22T17:45:47.8156853-07:00" endTime="2010-04-22T17:45:48.0113053-07:00" testType="13cdc9d9-ddb5-4fa4-a97d-d965ccfc6d4b" outcome="Passed" testListId="8c84fa94-04c1-424b-9868-57a2d4851a1d" relativeResultsDirectory="ba44fdc2-8daf-472f-8b89-c45fcec3baf3">
      <Output>
        <StdOut>Emitted DataSource C:\BuildAgent\work\c1e1d8ccf6867220\Vulcan\AnalysisResults\TestResults[13]\Out\VulcanTests.Ssas2008EmitterTests_Cube.DistinctCount_PRE.xml_\SSAS\AdventureWorksDW2008.ds
Emitted DataSource C:\BuildAgent\work\c1e1d8ccf6867220\Vulcan\AnalysisResults\TestResults[13]\Out\VulcanTests.Ssas2008EmitterTests_Cube.DistinctCount_PRE.xml_\SSAS\AdvWorksCube.ds
Emitted Dimension C:\BuildAgent\work\c1e1d8ccf6867220\Vulcan\AnalysisResults\TestResults[13]\Out\VulcanTests.Ssas2008EmitterTests_Cube.DistinctCount_PRE.xml_\SSAS\DimCustomer.dim
Emitted Cube C:\BuildAgent\work\c1e1d8ccf6867220\Vulcan\AnalysisResults\TestResults[13]\Out\VulcanTests.Ssas2008EmitterTests_Cube.DistinctCount_PRE.xml_\SSAS\InternetSales.cube</StdOut>
      </Output>
    </UnitTestResult>
    <UnitTestResult executionId="74218952-a776-4793-af47-fdaec4143f85" testId="149374da-a406-d08a-f492-570df8a8565b" testName="Cube_Hierarchy" computerName="BUILDER1" duration="00:00:00.1903404" startTime="2010-04-22T17:45:48.0161958-07:00" endTime="2010-04-22T17:45:48.2127939-07:00" testType="13cdc9d9-ddb5-4fa4-a97d-d965ccfc6d4b" outcome="Passed" testListId="8c84fa94-04c1-424b-9868-57a2d4851a1d" relativeResultsDirectory="74218952-a776-4793-af47-fdaec4143f85">
      <Output>
        <StdOut>Emitted DataSource C:\BuildAgent\work\c1e1d8ccf6867220\Vulcan\AnalysisResults\TestResults[13]\Out\VulcanTests.Ssas2008EmitterTests_Cube.Hierarchy_PRE.xml_\SSAS\Conn1.ds
Emitted Dimension C:\BuildAgent\work\c1e1d8ccf6867220\Vulcan\AnalysisResults\TestResults[13]\Out\VulcanTests.Ssas2008EmitterTests_Cube.Hierarchy_PRE.xml_\SSAS\DimGeography.dim
Emitted Cube C:\BuildAgent\work\c1e1d8ccf6867220\Vulcan\AnalysisResults\TestResults[13]\Out\VulcanTests.Ssas2008EmitterTests_Cube.Hierarchy_PRE.xml_\SSAS\InternetSales.cube</StdOut>
      </Output>
    </UnitTestResult>
    <UnitTestResult executionId="a0655cd0-be09-4f23-8c9e-b76651656abc" testId="3c499f81-2798-1752-241f-2880a3cdf90e" testName="Cube_Kpi" computerName="BUILDER1" duration="00:00:00.1887549" startTime="2010-04-22T17:45:48.2196406-07:00" endTime="2010-04-22T17:45:48.4133044-07:00" testType="13cdc9d9-ddb5-4fa4-a97d-d965ccfc6d4b" outcome="Passed" testListId="8c84fa94-04c1-424b-9868-57a2d4851a1d" relativeResultsDirectory="a0655cd0-be09-4f23-8c9e-b76651656abc">
      <Output>
        <StdOut>Emitted DataSource C:\BuildAgent\work\c1e1d8ccf6867220\Vulcan\AnalysisResults\TestResults[13]\Out\VulcanTests.Ssas2008EmitterTests_Cube.KPI_PRE.xml_\SSAS\Conn1.ds
Emitted Dimension C:\BuildAgent\work\c1e1d8ccf6867220\Vulcan\AnalysisResults\TestResults[13]\Out\VulcanTests.Ssas2008EmitterTests_Cube.KPI_PRE.xml_\SSAS\DimCustomer.dim
Emitted Cube C:\BuildAgent\work\c1e1d8ccf6867220\Vulcan\AnalysisResults\TestResults[13]\Out\VulcanTests.Ssas2008EmitterTests_Cube.KPI_PRE.xml_\SSAS\InternetSales.cube</StdOut>
      </Output>
    </UnitTestResult>
    <UnitTestResult executionId="43dced05-c7a4-47cc-9645-13f59fbe308b" testId="87cfb13c-90e8-bbed-52ea-aeea27046685" testName="Cube_Measures" computerName="BUILDER1" duration="00:00:00.2195824" startTime="2010-04-22T17:45:48.4211292-07:00" endTime="2010-04-22T17:45:48.6460922-07:00" testType="13cdc9d9-ddb5-4fa4-a97d-d965ccfc6d4b" outcome="Passed" testListId="8c84fa94-04c1-424b-9868-57a2d4851a1d" relativeResultsDirectory="43dced05-c7a4-47cc-9645-13f59fbe308b">
      <Output>
        <StdOut>Emitted DataSource C:\BuildAgent\work\c1e1d8ccf6867220\Vulcan\AnalysisResults\TestResults[13]\Out\VulcanTests.Ssas2008EmitterTests_Cube.Measures_PRE.xml_\SSAS\Conn1.ds
Emitted Dimension C:\BuildAgent\work\c1e1d8ccf6867220\Vulcan\AnalysisResults\TestResults[13]\Out\VulcanTests.Ssas2008EmitterTests_Cube.Measures_PRE.xml_\SSAS\DimCustomer.dim
Emitted Cube C:\BuildAgent\work\c1e1d8ccf6867220\Vulcan\AnalysisResults\TestResults[13]\Out\VulcanTests.Ssas2008EmitterTests_Cube.Measures_PRE.xml_\SSAS\InternetSales.cube</StdOut>
      </Output>
    </UnitTestResult>
    <UnitTestResult executionId="0988d809-49a6-4de3-9672-077594a19db4" testId="f778edf3-3682-a6e1-2095-10ef4134e195" testName="Cube_Perspectives" computerName="BUILDER1" duration="00:00:00.2364745" startTime="2010-04-22T17:45:48.6529389-07:00" endTime="2010-04-22T17:45:48.8945296-07:00" testType="13cdc9d9-ddb5-4fa4-a97d-d965ccfc6d4b" outcome="Passed" testListId="8c84fa94-04c1-424b-9868-57a2d4851a1d" relativeResultsDirectory="0988d809-49a6-4de3-9672-077594a19db4">
      <Output>
        <StdOut>Emitted DataSource C:\BuildAgent\work\c1e1d8ccf6867220\Vulcan\AnalysisResults\TestResults[13]\Out\VulcanTests.Ssas2008EmitterTests_Cube.Perspectives_PRE.xml_\SSAS\Conn1.ds
Emitted Dimension C:\BuildAgent\work\c1e1d8ccf6867220\Vulcan\AnalysisResults\TestResults[13]\Out\VulcanTests.Ssas2008EmitterTests_Cube.Perspectives_PRE.xml_\SSAS\DimCustomer.dim
Emitted Cube C:\BuildAgent\work\c1e1d8ccf6867220\Vulcan\AnalysisResults\TestResults[13]\Out\VulcanTests.Ssas2008EmitterTests_Cube.Perspectives_PRE.xml_\SSAS\InternetSales.cube</StdOut>
      </Output>
    </UnitTestResult>
    <UnitTestResult executionId="16936438-94d3-424b-91d3-f08950d4da1b" testId="39da06b8-da9a-5e14-1f69-ff07783ddf10" testName="Cube_Translations" computerName="BUILDER1" duration="00:00:00.2268215" startTime="2010-04-22T17:45:48.9013763-07:00" endTime="2010-04-22T17:45:49.1302517-07:00" testType="13cdc9d9-ddb5-4fa4-a97d-d965ccfc6d4b" outcome="Passed" testListId="8c84fa94-04c1-424b-9868-57a2d4851a1d" relativeResultsDirectory="16936438-94d3-424b-91d3-f08950d4da1b">
      <Output>
        <StdOut>Emitted DataSource C:\BuildAgent\work\c1e1d8ccf6867220\Vulcan\AnalysisResults\TestResults[13]\Out\VulcanTests.Ssas2008EmitterTests_Cube.Translations_PRE.xml_\SSAS\Conn1.ds
Emitted Dimension C:\BuildAgent\work\c1e1d8ccf6867220\Vulcan\AnalysisResults\TestResults[13]\Out\VulcanTests.Ssas2008EmitterTests_Cube.Translations_PRE.xml_\SSAS\DimCustomer.dim
Emitted Cube C:\BuildAgent\work\c1e1d8ccf6867220\Vulcan\AnalysisResults\TestResults[13]\Out\VulcanTests.Ssas2008EmitterTests_Cube.Translations_PRE.xml_\SSAS\InternetSales.cube</StdOut>
      </Output>
    </UnitTestResult>
    <UnitTestResult executionId="f2230a17-3194-40ef-8894-19184ddd89fe" testId="a0e4c3d2-ce7e-3cb8-f1fa-24cfcba5123f" testName="DataSource_Basic" computerName="BUILDER1" duration="00:00:00.1209028" startTime="2010-04-22T17:45:49.1351422-07:00" endTime="2010-04-22T17:45:49.2622952-07:00" testType="13cdc9d9-ddb5-4fa4-a97d-d965ccfc6d4b" outcome="Passed" testListId="8c84fa94-04c1-424b-9868-57a2d4851a1d" relativeResultsDirectory="f2230a17-3194-40ef-8894-19184ddd89fe">
      <Output>
        <StdOut>Emitted DataSource C:\BuildAgent\work\c1e1d8ccf6867220\Vulcan\AnalysisResults\TestResults[13]\Out\VulcanTests.Ssas2008EmitterTests_DataSource.Basic_PRE.xml_\SSAS\Conn1.ds
Emitted Cube C:\BuildAgent\work\c1e1d8ccf6867220\Vulcan\AnalysisResults\TestResults[13]\Out\VulcanTests.Ssas2008EmitterTests_DataSource.Basic_PRE.xml_\SSAS\Cube1.cube</StdOut>
      </Output>
    </UnitTestResult>
    <UnitTestResult executionId="d6ad90e8-7a23-40aa-b174-23d3e521ff3f" testId="f27305fa-985b-eec0-8b4e-8bf6c2a7d716" testName="DataSourceView_MultipleKeysReferringToSameTable" computerName="BUILDER1" duration="00:00:00.1896582" startTime="2010-04-22T17:45:49.2662076-07:00" endTime="2010-04-22T17:45:49.4618276-07:00" testType="13cdc9d9-ddb5-4fa4-a97d-d965ccfc6d4b" outcome="Passed" testListId="8c84fa94-04c1-424b-9868-57a2d4851a1d" relativeResultsDirectory="d6ad90e8-7a23-40aa-b174-23d3e521ff3f">
      <Output>
        <StdOut>Emitted DataSource C:\BuildAgent\work\c1e1d8ccf6867220\Vulcan\AnalysisResults\TestResults[13]\Out\VulcanTests.Ssas2008EmitterTests_DataSourceView.MultipleKeysReferringToSameTable_PRE.xml_\SSAS\AdventureWorksDW2008.ds
Emitted DataSource C:\BuildAgent\work\c1e1d8ccf6867220\Vulcan\AnalysisResults\TestResults[13]\Out\VulcanTests.Ssas2008EmitterTests_DataSourceView.MultipleKeysReferringToSameTable_PRE.xml_\SSAS\AdvWorksCube.ds
Emitted Dimension C:\BuildAgent\work\c1e1d8ccf6867220\Vulcan\AnalysisResults\TestResults[13]\Out\VulcanTests.Ssas2008EmitterTests_DataSourceView.MultipleKeysReferringToSameTable_PRE.xml_\SSAS\DimCustomer.dim
Emitted Dimension C:\BuildAgent\work\c1e1d8ccf6867220\Vulcan\AnalysisResults\TestResults[13]\Out\VulcanTests.Ssas2008EmitterTests_DataSourceView.MultipleKeysReferringToSameTable_PRE.xml_\SSAS\DimGeography.dim
Emitted Dimension C:\BuildAgent\work\c1e1d8ccf6867220\Vulcan\AnalysisResults\TestResults[13]\Out\VulcanTests.Ssas2008EmitterTests_DataSourceView.MultipleKeysReferringToSameTable_PRE.xml_\SSAS\DimReseller.dim
Emitted Cube C:\BuildAgent\work\c1e1d8ccf6867220\Vulcan\AnalysisResults\TestResults[13]\Out\VulcanTests.Ssas2008EmitterTests_DataSourceView.MultipleKeysReferringToSameTable_PRE.xml_\SSAS\AdvWorks.cube</StdOut>
      </Output>
    </UnitTestResult>
    <UnitTestResult executionId="27031124-72d8-4c56-b0bf-3efe1a908fc7" testId="cadbaa20-d1c1-cc97-c968-565bf0734170" testName="DataSourceView_NoUniqueConstraint" computerName="BUILDER1" duration="00:00:00.1653684" startTime="2010-04-22T17:45:49.4676962-07:00" endTime="2010-04-22T17:45:49.6378856-07:00" testType="13cdc9d9-ddb5-4fa4-a97d-d965ccfc6d4b" outcome="Passed" testListId="8c84fa94-04c1-424b-9868-57a2d4851a1d" relativeResultsDirectory="27031124-72d8-4c56-b0bf-3efe1a908fc7">
      <Output>
        <StdOut>Emitted DataSource C:\BuildAgent\work\c1e1d8ccf6867220\Vulcan\AnalysisResults\TestResults[13]\Out\VulcanTests.Ssas2008EmitterTests_DataSourceView.NoUniqueConstraint_PRE.xml_\SSAS\Conn1.ds
Emitted DataSource C:\BuildAgent\work\c1e1d8ccf6867220\Vulcan\AnalysisResults\TestResults[13]\Out\VulcanTests.Ssas2008EmitterTests_DataSourceView.NoUniqueConstraint_PRE.xml_\SSAS\CubeConn1.ds
Emitted Dimension C:\BuildAgent\work\c1e1d8ccf6867220\Vulcan\AnalysisResults\TestResults[13]\Out\VulcanTests.Ssas2008EmitterTests_DataSourceView.NoUniqueConstraint_PRE.xml_\SSAS\DimCustomer.dim
Emitted Cube C:\BuildAgent\work\c1e1d8ccf6867220\Vulcan\AnalysisResults\TestResults[13]\Out\VulcanTests.Ssas2008EmitterTests_DataSourceView.NoUniqueConstraint_PRE.xml_\SSAS\Cube1.cube</StdOut>
      </Output>
    </UnitTestResult>
    <UnitTestResult executionId="4886fbd6-9c8d-4188-a093-f46c7ef91a42" testId="6931d0af-3d95-e098-c636-e32fcb8bf44d" testName="DataSourceView_TwoMeasureGroupsSameFact" computerName="BUILDER1" duration="00:00:00.1853599" startTime="2010-04-22T17:45:49.6437542-07:00" endTime="2010-04-22T17:45:49.8344837-07:00" testType="13cdc9d9-ddb5-4fa4-a97d-d965ccfc6d4b" outcome="Passed" testListId="8c84fa94-04c1-424b-9868-57a2d4851a1d" relativeResultsDirectory="4886fbd6-9c8d-4188-a093-f46c7ef91a42">
      <Output>
        <StdOut>Emitted DataSource C:\BuildAgent\work\c1e1d8ccf6867220\Vulcan\AnalysisResults\TestResults[13]\Out\VulcanTests.Ssas2008EmitterTests_DataSourceView.TwoMeasureGroupsSameFact_PRE.xml_\SSAS\AdventureWorksDW2008.ds
Emitted DataSource C:\BuildAgent\work\c1e1d8ccf6867220\Vulcan\AnalysisResults\TestResults[13]\Out\VulcanTests.Ssas2008EmitterTests_DataSourceView.TwoMeasureGroupsSameFact_PRE.xml_\SSAS\AdvWorksCube.ds
Emitted Dimension C:\BuildAgent\work\c1e1d8ccf6867220\Vulcan\AnalysisResults\TestResults[13]\Out\VulcanTests.Ssas2008EmitterTests_DataSourceView.TwoMeasureGroupsSameFact_PRE.xml_\SSAS\DimCustomer.dim
Emitted Cube C:\BuildAgent\work\c1e1d8ccf6867220\Vulcan\AnalysisResults\TestResults[13]\Out\VulcanTests.Ssas2008EmitterTests_DataSourceView.TwoMeasureGroupsSameFact_PRE.xml_\SSAS\AdvWorks.cube</StdOut>
      </Output>
    </UnitTestResult>
    <UnitTestResult executionId="3d6b41ad-c750-4aa7-971a-6e5cfe8ef71b" testId="f147a24d-9e63-3369-32d3-d106a417134a" testName="DimensionRelationship_ManyToMany" computerName="BUILDER1" duration="00:00:00.1715592" startTime="2010-04-22T17:45:49.8413304-07:00" endTime="2010-04-22T17:45:50.0173884-07:00" testType="13cdc9d9-ddb5-4fa4-a97d-d965ccfc6d4b" outcome="Passed" testListId="8c84fa94-04c1-424b-9868-57a2d4851a1d" relativeResultsDirectory="3d6b41ad-c750-4aa7-971a-6e5cfe8ef71b">
      <Output>
        <StdOut>Emitted DataSource C:\BuildAgent\work\c1e1d8ccf6867220\Vulcan\AnalysisResults\TestResults[13]\Out\VulcanTests.Ssas2008EmitterTests_Cube.DimensionRelationships.ManyToMany_PRE.xml_\SSAS\Conn1.ds
Emitted Dimension C:\BuildAgent\work\c1e1d8ccf6867220\Vulcan\AnalysisResults\TestResults[13]\Out\VulcanTests.Ssas2008EmitterTests_Cube.DimensionRelationships.ManyToMany_PRE.xml_\SSAS\DimCustomer.dim
Emitted Dimension C:\BuildAgent\work\c1e1d8ccf6867220\Vulcan\AnalysisResults\TestResults[13]\Out\VulcanTests.Ssas2008EmitterTests_Cube.DimensionRelationships.ManyToMany_PRE.xml_\SSAS\DimGeography.dim
Emitted Cube C:\BuildAgent\work\c1e1d8ccf6867220\Vulcan\AnalysisResults\TestResults[13]\Out\VulcanTests.Ssas2008EmitterTests_Cube.DimensionRelationships.ManyToMany_PRE.xml_\SSAS\InternetSales.cube</StdOut>
      </Output>
    </UnitTestResult>
    <UnitTestResult executionId="ed5ce183-f1e7-43c1-8559-4108bb17421e" testId="afebadca-06bd-756f-4b81-62072dee04db" testName="DimensionRelationship_Referenced" computerName="BUILDER1" duration="00:00:00.1677268" startTime="2010-04-22T17:45:50.0183665-07:00" endTime="2010-04-22T17:45:50.1934464-07:00" testType="13cdc9d9-ddb5-4fa4-a97d-d965ccfc6d4b" outcome="Passed" testListId="8c84fa94-04c1-424b-9868-57a2d4851a1d" relativeResultsDirectory="ed5ce183-f1e7-43c1-8559-4108bb17421e">
      <Output>
        <StdOut>Emitted DataSource C:\BuildAgent\work\c1e1d8ccf6867220\Vulcan\AnalysisResults\TestResults[13]\Out\VulcanTests.Ssas2008EmitterTests_Cube.DimensionRelationships.Referenced_PRE.xml_\SSAS\Conn1.ds
Emitted Dimension C:\BuildAgent\work\c1e1d8ccf6867220\Vulcan\AnalysisResults\TestResults[13]\Out\VulcanTests.Ssas2008EmitterTests_Cube.DimensionRelationships.Referenced_PRE.xml_\SSAS\DimCustomer.dim
Emitted Dimension C:\BuildAgent\work\c1e1d8ccf6867220\Vulcan\AnalysisResults\TestResults[13]\Out\VulcanTests.Ssas2008EmitterTests_Cube.DimensionRelationships.Referenced_PRE.xml_\SSAS\DimGeography.dim
Emitted Cube C:\BuildAgent\work\c1e1d8ccf6867220\Vulcan\AnalysisResults\TestResults[13]\Out\VulcanTests.Ssas2008EmitterTests_Cube.DimensionRelationships.Referenced_PRE.xml_\SSAS\InternetSales.cube</StdOut>
      </Output>
    </UnitTestResult>
    <UnitTestResult executionId="106d1669-8cf2-4ba7-b236-08f1a22e6be0" testId="c2fe96f0-b416-c9c0-8421-eed60981585c" testName="DimensionRelationship_RolePlaying" computerName="BUILDER1" duration="00:00:00.2057217" startTime="2010-04-22T17:45:50.2002931-07:00" endTime="2010-04-22T17:45:50.4105846-07:00" testType="13cdc9d9-ddb5-4fa4-a97d-d965ccfc6d4b" outcome="Passed" testListId="8c84fa94-04c1-424b-9868-57a2d4851a1d" relativeResultsDirectory="106d1669-8cf2-4ba7-b236-08f1a22e6be0">
      <Output>
        <StdOut>Emitted DataSource C:\BuildAgent\work\c1e1d8ccf6867220\Vulcan\AnalysisResults\TestResults[13]\Out\VulcanTests.Ssas2008EmitterTests_Cube.DimensionRelationships.RolePlaying_PRE.xml_\SSAS\Conn1.ds
Emitted Dimension C:\BuildAgent\work\c1e1d8ccf6867220\Vulcan\AnalysisResults\TestResults[13]\Out\VulcanTests.Ssas2008EmitterTests_Cube.DimensionRelationships.RolePlaying_PRE.xml_\SSAS\DimDate.dim
Emitted Cube C:\BuildAgent\work\c1e1d8ccf6867220\Vulcan\AnalysisResults\TestResults[13]\Out\VulcanTests.Ssas2008EmitterTests_Cube.DimensionRelationships.RolePlaying_PRE.xml_\SSAS\InternetSales.cube</StdOut>
      </Output>
    </UnitTestResult>
    <UnitTestResult executionId="a078969f-264b-4f5c-80fe-2a00965ad377" testId="052695d4-dd39-dbb8-6513-330cf54aff68" testName="Dimension_Basic" computerName="BUILDER1" duration="00:00:00.1447996" startTime="2010-04-22T17:45:50.4164532-07:00" endTime="2010-04-22T17:45:50.5661025-07:00" testType="13cdc9d9-ddb5-4fa4-a97d-d965ccfc6d4b" outcome="Passed" testListId="8c84fa94-04c1-424b-9868-57a2d4851a1d" relativeResultsDirectory="a078969f-264b-4f5c-80fe-2a00965ad377">
      <Output>
        <StdOut>Emitted DataSource C:\BuildAgent\work\c1e1d8ccf6867220\Vulcan\AnalysisResults\TestResults[13]\Out\VulcanTests.Ssas2008EmitterTests_Dimension.Basic_PRE.xml_\SSAS\Conn1.ds
Emitted Dimension C:\BuildAgent\work\c1e1d8ccf6867220\Vulcan\AnalysisResults\TestResults[13]\Out\VulcanTests.Ssas2008EmitterTests_Dimension.Basic_PRE.xml_\SSAS\DimCustomer.dim
Emitted Cube C:\BuildAgent\work\c1e1d8ccf6867220\Vulcan\AnalysisResults\TestResults[13]\Out\VulcanTests.Ssas2008EmitterTests_Dimension.Basic_PRE.xml_\SSAS\Cube1.cube</StdOut>
      </Output>
    </UnitTestResult>
    <UnitTestResult executionId="bf4fb69b-1c19-468b-8424-1a51f5c3ebd1" testId="fc433d90-0595-5f22-037b-9728a623c09d" testName="Dimension_ColumnTypes" computerName="BUILDER1" duration="00:00:00.1619519" startTime="2010-04-22T17:45:50.5719711-07:00" endTime="2010-04-22T17:45:50.7392262-07:00" testType="13cdc9d9-ddb5-4fa4-a97d-d965ccfc6d4b" outcome="Passed" testListId="8c84fa94-04c1-424b-9868-57a2d4851a1d" relativeResultsDirectory="bf4fb69b-1c19-468b-8424-1a51f5c3ebd1">
      <Output>
        <StdOut>Emitted DataSource C:\BuildAgent\work\c1e1d8ccf6867220\Vulcan\AnalysisResults\TestResults[13]\Out\VulcanTests.Ssas2008EmitterTests_Dimension.ColumnTypes_PRE.xml_\SSAS\Conn1.ds
Emitted Dimension C:\BuildAgent\work\c1e1d8ccf6867220\Vulcan\AnalysisResults\TestResults[13]\Out\VulcanTests.Ssas2008EmitterTests_Dimension.ColumnTypes_PRE.xml_\SSAS\DimCustomer.dim
Emitted Cube C:\BuildAgent\work\c1e1d8ccf6867220\Vulcan\AnalysisResults\TestResults[13]\Out\VulcanTests.Ssas2008EmitterTests_Dimension.ColumnTypes_PRE.xml_\SSAS\Cube1.cube</StdOut>
      </Output>
    </UnitTestResult>
    <UnitTestResult executionId="bcac4a60-013f-429d-b409-baaf9204beba" testId="084259f9-104b-4edc-27e9-65e71afa82ca" testName="Dimension_Hierarchy" computerName="BUILDER1" duration="00:00:00.2181293" startTime="2010-04-22T17:45:50.7460729-07:00" endTime="2010-04-22T17:45:50.9700578-07:00" testType="13cdc9d9-ddb5-4fa4-a97d-d965ccfc6d4b" outcome="Passed" testListId="8c84fa94-04c1-424b-9868-57a2d4851a1d" relativeResultsDirectory="bcac4a60-013f-429d-b409-baaf9204beba">
      <Output>
        <StdOut>Emitted DataSource C:\BuildAgent\work\c1e1d8ccf6867220\Vulcan\AnalysisResults\TestResults[13]\Out\VulcanTests.Ssas2008EmitterTests_Dimension.Hierarchy_PRE.xml_\SSAS\Conn1.ds
Emitted Dimension C:\BuildAgent\work\c1e1d8ccf6867220\Vulcan\AnalysisResults\TestResults[13]\Out\VulcanTests.Ssas2008EmitterTests_Dimension.Hierarchy_PRE.xml_\SSAS\DimGeography.dim
Emitted Cube C:\BuildAgent\work\c1e1d8ccf6867220\Vulcan\AnalysisResults\TestResults[13]\Out\VulcanTests.Ssas2008EmitterTests_Dimension.Hierarchy_PRE.xml_\SSAS\Cube1.cube</StdOut>
      </Output>
    </UnitTestResult>
    <UnitTestResult executionId="1e8dcf5d-b1ab-4747-8c6a-d551a32577c0" testId="d48a9c5a-a080-ca5d-5ae3-be3d31f99a26" testName="Dimension_Ordering" computerName="BUILDER1" duration="00:00:00.1449298" startTime="2010-04-22T17:45:50.9769045-07:00" endTime="2010-04-22T17:45:51.1275319-07:00" testType="13cdc9d9-ddb5-4fa4-a97d-d965ccfc6d4b" outcome="Passed" testListId="8c84fa94-04c1-424b-9868-57a2d4851a1d" relativeResultsDirectory="1e8dcf5d-b1ab-4747-8c6a-d551a32577c0">
      <Output>
        <StdOut>Emitted DataSource C:\BuildAgent\work\c1e1d8ccf6867220\Vulcan\AnalysisResults\TestResults[13]\Out\VulcanTests.Ssas2008EmitterTests_Dimension.Ordering_PRE.xml_\SSAS\Conn1.ds
Emitted Dimension C:\BuildAgent\work\c1e1d8ccf6867220\Vulcan\AnalysisResults\TestResults[13]\Out\VulcanTests.Ssas2008EmitterTests_Dimension.Ordering_PRE.xml_\SSAS\DimCustomer.dim
Emitted Cube C:\BuildAgent\work\c1e1d8ccf6867220\Vulcan\AnalysisResults\TestResults[13]\Out\VulcanTests.Ssas2008EmitterTests_Dimension.Ordering_PRE.xml_\SSAS\Cube1.cube</StdOut>
      </Output>
    </UnitTestResult>
    <UnitTestResult executionId="e335ea56-3a3f-4302-811c-e2a1587d70cc" testId="07bfc2bf-8f18-27b1-ed7f-102a08507d47" testName="Dimension_Snowflake" computerName="BUILDER1" duration="00:00:00.1576096" startTime="2010-04-22T17:45:51.1334005-07:00" endTime="2010-04-22T17:45:51.2967432-07:00" testType="13cdc9d9-ddb5-4fa4-a97d-d965ccfc6d4b" outcome="Passed" testListId="8c84fa94-04c1-424b-9868-57a2d4851a1d" relativeResultsDirectory="e335ea56-3a3f-4302-811c-e2a1587d70cc">
      <Output>
        <StdOut>Emitted DataSource C:\BuildAgent\work\c1e1d8ccf6867220\Vulcan\AnalysisResults\TestResults[13]\Out\VulcanTests.Ssas2008EmitterTests_Dimension.Snowflake_PRE.xml_\SSAS\Conn1.ds
Emitted Dimension C:\BuildAgent\work\c1e1d8ccf6867220\Vulcan\AnalysisResults\TestResults[13]\Out\VulcanTests.Ssas2008EmitterTests_Dimension.Snowflake_PRE.xml_\SSAS\DimCustomer.dim
Emitted Cube C:\BuildAgent\work\c1e1d8ccf6867220\Vulcan\AnalysisResults\TestResults[13]\Out\VulcanTests.Ssas2008EmitterTests_Dimension.Snowflake_PRE.xml_\SSAS\InternetSales.cube</StdOut>
      </Output>
    </UnitTestResult>
    <UnitTestResult executionId="2aee5c59-2906-411d-8477-49b7ea23a769" testId="1374a703-4567-74ae-1b14-e9d61384a5da" testName="Dimension_Translation" computerName="BUILDER1" duration="00:00:00.2219970" startTime="2010-04-22T17:45:51.3045680-07:00" endTime="2010-04-22T17:45:51.5305091-07:00" testType="13cdc9d9-ddb5-4fa4-a97d-d965ccfc6d4b" outcome="Passed" testListId="8c84fa94-04c1-424b-9868-57a2d4851a1d" relativeResultsDirectory="2aee5c59-2906-411d-8477-49b7ea23a769">
      <Output>
        <StdOut>Emitted DataSource C:\BuildAgent\work\c1e1d8ccf6867220\Vulcan\AnalysisResults\TestResults[13]\Out\VulcanTests.Ssas2008EmitterTests_Dimension.Translation_PRE.xml_\SSAS\Conn1.ds
Emitted Dimension C:\BuildAgent\work\c1e1d8ccf6867220\Vulcan\AnalysisResults\TestResults[13]\Out\VulcanTests.Ssas2008EmitterTests_Dimension.Translation_PRE.xml_\SSAS\DimCustomer.dim
Emitted Cube C:\BuildAgent\work\c1e1d8ccf6867220\Vulcan\AnalysisResults\TestResults[13]\Out\VulcanTests.Ssas2008EmitterTests_Dimension.Translation_PRE.xml_\SSAS\Cube1.cube</StdOut>
      </Output>
    </UnitTestResult>
    <UnitTestResult executionId="ff9bb047-3449-4a19-a646-1226f931ca87" testId="0f4d3854-a603-b805-ce7b-41e97d4adb57" testName="Cube_Aggregations" computerName="BUILDER1" duration="00:00:00.2465418" startTime="2010-04-22T17:45:51.5363777-07:00" endTime="2010-04-22T17:45:51.7897056-07:00" testType="13cdc9d9-ddb5-4fa4-a97d-d965ccfc6d4b" outcome="Passed" testListId="8c84fa94-04c1-424b-9868-57a2d4851a1d" relativeResultsDirectory="ff9bb047-3449-4a19-a646-1226f931ca87">
      <Output>
        <StdOut>Emitted DataSource C:\BuildAgent\work\c1e1d8ccf6867220\Vulcan\AnalysisResults\TestResults[13]\Out\VulcanTests.Ssas2008EmitterTests_Cube.Aggregations_PRE.xml_\SSAS\Conn1.ds
Emitted Dimension C:\BuildAgent\work\c1e1d8ccf6867220\Vulcan\AnalysisResults\TestResults[13]\Out\VulcanTests.Ssas2008EmitterTests_Cube.Aggregations_PRE.xml_\SSAS\DimCustomer.dim
Emitted Cube C:\BuildAgent\work\c1e1d8ccf6867220\Vulcan\AnalysisResults\TestResults[13]\Out\VulcanTests.Ssas2008EmitterTests_Cube.Aggregations_PRE.xml_\SSAS\InternetSales.cube</StdOut>
      </Output>
    </UnitTestResult>
    <UnitTestResult executionId="c5cc2b1e-3f70-416a-a789-e584a2075770" testId="edc0ac61-b7cf-4b5e-1f0c-4217dfc012dc" testName="Cube_ClientNotification" computerName="BUILDER1" duration="00:00:00.1807655" startTime="2010-04-22T17:45:51.7975304-07:00" endTime="2010-04-22T17:45:51.9833694-07:00" testType="13cdc9d9-ddb5-4fa4-a97d-d965ccfc6d4b" outcome="Passed" testListId="8c84fa94-04c1-424b-9868-57a2d4851a1d" relativeResultsDirectory="c5cc2b1e-3f70-416a-a789-e584a2075770">
      <Output>
        <StdOut>Emitted DataSource C:\BuildAgent\work\c1e1d8ccf6867220\Vulcan\AnalysisResults\TestResults[13]\Out\VulcanTests.Ssas2008EmitterTests_Cube.ProactiveCaching.ClientNotification_PRE.xml_\SSAS\Conn1.ds
Emitted Dimension C:\BuildAgent\work\c1e1d8ccf6867220\Vulcan\AnalysisResults\TestResults[13]\Out\VulcanTests.Ssas2008EmitterTests_Cube.ProactiveCaching.ClientNotification_PRE.xml_\SSAS\DimCustomer.dim
Emitted Cube C:\BuildAgent\work\c1e1d8ccf6867220\Vulcan\AnalysisResults\TestResults[13]\Out\VulcanTests.Ssas2008EmitterTests_Cube.ProactiveCaching.ClientNotification_PRE.xml_\SSAS\InternetSales.cube</StdOut>
      </Output>
    </UnitTestResult>
    <UnitTestResult executionId="50601925-9248-4936-893c-0796c3c20ca2" testId="12ee225e-595c-3fb4-2bde-496e7fe93cfd" testName="Cube_NullProactiveCachingSource" computerName="BUILDER1" duration="00:00:00.2402363" startTime="2010-04-22T17:45:51.9902161-07:00" endTime="2010-04-22T17:45:52.2357192-07:00" testType="13cdc9d9-ddb5-4fa4-a97d-d965ccfc6d4b" outcome="Passed" testListId="8c84fa94-04c1-424b-9868-57a2d4851a1d" relativeResultsDirectory="50601925-9248-4936-893c-0796c3c20ca2">
      <Output>
        <StdOut>Emitted DataSource C:\BuildAgent\work\c1e1d8ccf6867220\Vulcan\AnalysisResults\TestResults[13]\Out\VulcanTests.Ssas2008EmitterTests_Cube.ProactiveCaching.NullProactiveCachingSource_PRE.xml_\SSAS\Conn1.ds
Emitted Dimension C:\BuildAgent\work\c1e1d8ccf6867220\Vulcan\AnalysisResults\TestResults[13]\Out\VulcanTests.Ssas2008EmitterTests_Cube.ProactiveCaching.NullProactiveCachingSource_PRE.xml_\SSAS\DimCustomer.dim
Emitted Cube C:\BuildAgent\work\c1e1d8ccf6867220\Vulcan\AnalysisResults\TestResults[13]\Out\VulcanTests.Ssas2008EmitterTests_Cube.ProactiveCaching.NullProactiveCachingSource_PRE.xml_\SSAS\InternetSales.cube</StdOut>
      </Output>
    </UnitTestResult>
    <UnitTestResult executionId="81815970-127e-435f-bc75-e12d3edee45a" testId="f37d4825-54df-ffb1-2b42-ee78db417be7" testName="Cube_Partitions" computerName="BUILDER1" duration="00:00:00.1621819" startTime="2010-04-22T17:45:52.2415878-07:00" endTime="2010-04-22T17:45:52.4088429-07:00" testType="13cdc9d9-ddb5-4fa4-a97d-d965ccfc6d4b" outcome="Passed" testListId="8c84fa94-04c1-424b-9868-57a2d4851a1d" relativeResultsDirectory="81815970-127e-435f-bc75-e12d3edee45a">
      <Output>
        <StdOut>Emitted DataSource C:\BuildAgent\work\c1e1d8ccf6867220\Vulcan\AnalysisResults\TestResults[13]\Out\VulcanTests.Ssas2008EmitterTests_Cube.Partitions_PRE.xml_\SSAS\Conn1.ds
Emitted Dimension C:\BuildAgent\work\c1e1d8ccf6867220\Vulcan\AnalysisResults\TestResults[13]\Out\VulcanTests.Ssas2008EmitterTests_Cube.Partitions_PRE.xml_\SSAS\DimCustomer.dim
Emitted Cube C:\BuildAgent\work\c1e1d8ccf6867220\Vulcan\AnalysisResults\TestResults[13]\Out\VulcanTests.Ssas2008EmitterTests_Cube.Partitions_PRE.xml_\SSAS\InternetSales.cube</StdOut>
      </Output>
    </UnitTestResult>
    <UnitTestResult executionId="6c056718-37a3-4fa0-bc97-39bf1e2e5fb1" testId="59f45bb5-912b-1d1e-c56c-1e62c1843075" testName="Cube_ProactiveCachingScheduledPolling" computerName="BUILDER1" duration="00:00:00.1698342" startTime="2010-04-22T17:45:52.4147115-07:00" endTime="2010-04-22T17:45:52.5897914-07:00" testType="13cdc9d9-ddb5-4fa4-a97d-d965ccfc6d4b" outcome="Passed" testListId="8c84fa94-04c1-424b-9868-57a2d4851a1d" relativeResultsDirectory="6c056718-37a3-4fa0-bc97-39bf1e2e5fb1">
      <Output>
        <StdOut>Emitted DataSource C:\BuildAgent\work\c1e1d8ccf6867220\Vulcan\AnalysisResults\TestResults[13]\Out\VulcanTests.Ssas2008EmitterTests_Cube.ProactiveCaching.ScheduledPolling_PRE.xml_\SSAS\Conn1.ds
Emitted Dimension C:\BuildAgent\work\c1e1d8ccf6867220\Vulcan\AnalysisResults\TestResults[13]\Out\VulcanTests.Ssas2008EmitterTests_Cube.ProactiveCaching.ScheduledPolling_PRE.xml_\SSAS\DimCustomer.dim
Emitted Cube C:\BuildAgent\work\c1e1d8ccf6867220\Vulcan\AnalysisResults\TestResults[13]\Out\VulcanTests.Ssas2008EmitterTests_Cube.ProactiveCaching.ScheduledPolling_PRE.xml_\SSAS\InternetSales.cube</StdOut>
      </Output>
    </UnitTestResult>
    <UnitTestResult executionId="b6c1f468-a23f-421a-8598-57cc41d77b54" testId="b6cdafe1-1bdd-7ad9-e07a-e76ba6951f5c" testName="Cube_ProactiveCachingScheduledPollingIncrementalUpdates" computerName="BUILDER1" duration="00:00:00.2352870" startTime="2010-04-22T17:45:52.5976162-07:00" endTime="2010-04-22T17:45:52.8372507-07:00" testType="13cdc9d9-ddb5-4fa4-a97d-d965ccfc6d4b" outcome="Passed" testListId="8c84fa94-04c1-424b-9868-57a2d4851a1d" relativeResultsDirectory="b6c1f468-a23f-421a-8598-57cc41d77b54">
      <Output>
        <StdOut>Emitted DataSource C:\BuildAgent\work\c1e1d8ccf6867220\Vulcan\AnalysisResults\TestResults[13]\Out\VulcanTests.Ssas2008EmitterTests_Cube.ProactiveCaching.ScheduledPollingIncrementalUpdates_PRE.xml_\SSAS\Conn1.ds
Emitted Dimension C:\BuildAgent\work\c1e1d8ccf6867220\Vulcan\AnalysisResults\TestResults[13]\Out\VulcanTests.Ssas2008EmitterTests_Cube.ProactiveCaching.ScheduledPollingIncrementalUpdates_PRE.xml_\SSAS\DimCustomer.dim
Emitted Cube C:\BuildAgent\work\c1e1d8ccf6867220\Vulcan\AnalysisResults\TestResults[13]\Out\VulcanTests.Ssas2008EmitterTests_Cube.ProactiveCaching.ScheduledPollingIncrementalUpdates_PRE.xml_\SSAS\InternetSales.cube</StdOut>
      </Output>
    </UnitTestResult>
    <UnitTestResult executionId="df368396-3b8c-49bd-b549-9051179c07ee" testId="3d6e1b40-bcf5-4683-b84a-300b3c51c70b" testName="Cube_ProactiveCachingTableNotificationClient" computerName="BUILDER1" duration="00:00:00.1701962" startTime="2010-04-22T17:45:52.8431193-07:00" endTime="2010-04-22T17:45:53.0181992-07:00" testType="13cdc9d9-ddb5-4fa4-a97d-d965ccfc6d4b" outcome="Passed" testListId="8c84fa94-04c1-424b-9868-57a2d4851a1d" relativeResultsDirectory="df368396-3b8c-49bd-b549-9051179c07ee">
      <Output>
        <StdOut>Emitted DataSource C:\BuildAgent\work\c1e1d8ccf6867220\Vulcan\AnalysisResults\TestResults[13]\Out\VulcanTests.Ssas2008EmitterTests_Cube.ProactiveCaching.TableNotificationsClient_PRE.xml_\SSAS\Conn1.ds
Emitted Dimension C:\BuildAgent\work\c1e1d8ccf6867220\Vulcan\AnalysisResults\TestResults[13]\Out\VulcanTests.Ssas2008EmitterTests_Cube.ProactiveCaching.TableNotificationsClient_PRE.xml_\SSAS\DimCustomer.dim
Emitted Cube C:\BuildAgent\work\c1e1d8ccf6867220\Vulcan\AnalysisResults\TestResults[13]\Out\VulcanTests.Ssas2008EmitterTests_Cube.ProactiveCaching.TableNotificationsClient_PRE.xml_\SSAS\InternetSales.cube</StdOut>
      </Output>
    </UnitTestResult>
    <UnitTestResult executionId="9330bc1b-0450-4718-b8f4-bf8db7ec5c7c" testId="915d04ef-5c1a-d1d9-e72f-7a21f08bc7ba" testName="Cube_ProactiveCachingTableNotificationServer" computerName="BUILDER1" duration="00:00:00.2314168" startTime="2010-04-22T17:45:53.0250459-07:00" endTime="2010-04-22T17:45:53.2627242-07:00" testType="13cdc9d9-ddb5-4fa4-a97d-d965ccfc6d4b" outcome="Passed" testListId="8c84fa94-04c1-424b-9868-57a2d4851a1d" relativeResultsDirectory="9330bc1b-0450-4718-b8f4-bf8db7ec5c7c">
      <Output>
        <StdOut>Emitted DataSource C:\BuildAgent\work\c1e1d8ccf6867220\Vulcan\AnalysisResults\TestResults[13]\Out\VulcanTests.Ssas2008EmitterTests_Cube.ProactiveCaching.TableNotificationsServer_PRE.xml_\SSAS\Conn1.ds
Emitted Dimension C:\BuildAgent\work\c1e1d8ccf6867220\Vulcan\AnalysisResults\TestResults[13]\Out\VulcanTests.Ssas2008EmitterTests_Cube.ProactiveCaching.TableNotificationsServer_PRE.xml_\SSAS\DimCustomer.dim
Emitted Cube C:\BuildAgent\work\c1e1d8ccf6867220\Vulcan\AnalysisResults\TestResults[13]\Out\VulcanTests.Ssas2008EmitterTests_Cube.ProactiveCaching.TableNotificationsServer_PRE.xml_\SSAS\InternetSales.cube</StdOut>
      </Output>
    </UnitTestResult>
    <UnitTestResult executionId="741d4840-b1a0-4f38-b040-c50c2233a0f3" testId="1e99d015-ce0d-afee-1013-4d4d8c4fa402" testName="Cube_ServerNotification" computerName="BUILDER1" duration="00:00:00.1686845" startTime="2010-04-22T17:45:53.2685928-07:00" endTime="2010-04-22T17:45:53.4436727-07:00" testType="13cdc9d9-ddb5-4fa4-a97d-d965ccfc6d4b" outcome="Passed" testListId="8c84fa94-04c1-424b-9868-57a2d4851a1d" relativeResultsDirectory="741d4840-b1a0-4f38-b040-c50c2233a0f3">
      <Output>
        <StdOut>Emitted DataSource C:\BuildAgent\work\c1e1d8ccf6867220\Vulcan\AnalysisResults\TestResults[13]\Out\VulcanTests.Ssas2008EmitterTests_Cube.ProactiveCaching.ServerNotification_PRE.xml_\SSAS\Conn1.ds
Emitted Dimension C:\BuildAgent\work\c1e1d8ccf6867220\Vulcan\AnalysisResults\TestResults[13]\Out\VulcanTests.Ssas2008EmitterTests_Cube.ProactiveCaching.ServerNotification_PRE.xml_\SSAS\DimCustomer.dim
Emitted Cube C:\BuildAgent\work\c1e1d8ccf6867220\Vulcan\AnalysisResults\TestResults[13]\Out\VulcanTests.Ssas2008EmitterTests_Cube.ProactiveCaching.ServerNotification_PRE.xml_\SSAS\InternetSales.cube</StdOut>
      </Output>
    </UnitTestResult>
    <UnitTestResult executionId="b498e127-9f58-4bae-b9d9-d0d7365332d1" testId="4a6cb78a-b307-389f-7fdd-3481b282ae36" testName="Role_Admin" computerName="BUILDER1" duration="00:00:00.1887267" startTime="2010-04-22T17:45:53.4485632-07:00" endTime="2010-04-22T17:45:53.6432051-07:00" testType="13cdc9d9-ddb5-4fa4-a97d-d965ccfc6d4b" outcome="Passed" testListId="8c84fa94-04c1-424b-9868-57a2d4851a1d" relativeResultsDirectory="b498e127-9f58-4bae-b9d9-d0d7365332d1">
      <Output>
        <StdOut>Emitted DataSource C:\BuildAgent\work\c1e1d8ccf6867220\Vulcan\AnalysisResults\TestResults[13]\Out\VulcanTests.Ssas2008EmitterTests_Role.Admin_PRE.xml_\SSAS\Conn1.ds
Emitted DataSource C:\BuildAgent\work\c1e1d8ccf6867220\Vulcan\AnalysisResults\TestResults[13]\Out\VulcanTests.Ssas2008EmitterTests_Role.Admin_PRE.xml_\SSAS\Conn2.ds
Emitted Role C:\BuildAgent\work\c1e1d8ccf6867220\Vulcan\AnalysisResults\TestResults[13]\Out\VulcanTests.Ssas2008EmitterTests_Role.Admin_PRE.xml_\SSAS\User.role
Emitted Dimension C:\BuildAgent\work\c1e1d8ccf6867220\Vulcan\AnalysisResults\TestResults[13]\Out\VulcanTests.Ssas2008EmitterTests_Role.Admin_PRE.xml_\SSAS\DimCustomer.dim
Emitted Cube C:\BuildAgent\work\c1e1d8ccf6867220\Vulcan\AnalysisResults\TestResults[13]\Out\VulcanTests.Ssas2008EmitterTests_Role.Admin_PRE.xml_\SSAS\Cube1.cube</StdOut>
      </Output>
    </UnitTestResult>
    <UnitTestResult executionId="505e4c58-7d58-49e2-8b9e-0de49d956857" testId="3f0f6a3f-ef83-9a6c-2580-2ad905ba9f60" testName="Role_Basic" computerName="BUILDER1" duration="00:00:00.2720462" startTime="2010-04-22T17:45:53.6490737-07:00" endTime="2010-04-22T17:45:53.9268541-07:00" testType="13cdc9d9-ddb5-4fa4-a97d-d965ccfc6d4b" outcome="Passed" testListId="8c84fa94-04c1-424b-9868-57a2d4851a1d" relativeResultsDirectory="505e4c58-7d58-49e2-8b9e-0de49d956857">
      <Output>
        <StdOut>Emitted DataSource C:\BuildAgent\work\c1e1d8ccf6867220\Vulcan\AnalysisResults\TestResults[13]\Out\VulcanTests.Ssas2008EmitterTests_Role.Basic_PRE.xml_\SSAS\Conn1.ds
Emitted DataSource C:\BuildAgent\work\c1e1d8ccf6867220\Vulcan\AnalysisResults\TestResults[13]\Out\VulcanTests.Ssas2008EmitterTests_Role.Basic_PRE.xml_\SSAS\Conn2.ds
Emitted Role C:\BuildAgent\work\c1e1d8ccf6867220\Vulcan\AnalysisResults\TestResults[13]\Out\VulcanTests.Ssas2008EmitterTests_Role.Basic_PRE.xml_\SSAS\User.role
Emitted Dimension C:\BuildAgent\work\c1e1d8ccf6867220\Vulcan\AnalysisResults\TestResults[13]\Out\VulcanTests.Ssas2008EmitterTests_Role.Basic_PRE.xml_\SSAS\DimCustomer.dim
Emitted Cube C:\BuildAgent\work\c1e1d8ccf6867220\Vulcan\AnalysisResults\TestResults[13]\Out\VulcanTests.Ssas2008EmitterTests_Role.Basic_PRE.xml_\SSAS\Cube1.cube</StdOut>
      </Output>
    </UnitTestResult>
    <UnitTestResult executionId="8062b96c-5008-4ada-93e2-fe4b53fe9fb8" testId="6aec4afd-f1f3-4c31-976e-a71daf411788" testName="Etl_Basic" computerName="BUILDER1" duration="00:00:02.0376564" startTime="2010-04-22T17:45:53.9327227-07:00" endTime="2010-04-22T17:45:55.9779298-07:00" testType="13cdc9d9-ddb5-4fa4-a97d-d965ccfc6d4b" outcome="Passed" testListId="8c84fa94-04c1-424b-9868-57a2d4851a1d" relativeResultsDirectory="8062b96c-5008-4ada-93e2-fe4b53fe9fb8">
    </UnitTestResult>
    <UnitTestResult executionId="a4ca592a-3436-4895-84f2-e86a7206888c" testId="5a45f3e0-567f-242e-bd09-f554a65dd7fd" testName="Etl_DelayValidation" computerName="BUILDER1" duration="00:00:01.4215699" startTime="2010-04-22T17:45:55.9818422-07:00" endTime="2010-04-22T17:45:57.4108463-07:00" testType="13cdc9d9-ddb5-4fa4-a97d-d965ccfc6d4b" outcome="Passed" testListId="8c84fa94-04c1-424b-9868-57a2d4851a1d" relativeResultsDirectory="a4ca592a-3436-4895-84f2-e86a7206888c">
    </UnitTestResult>
    <UnitTestResult executionId="448c1292-7426-4477-bdb7-cd4788a75386" testId="c6309200-e9dc-6b9b-a398-c794d8303e26" testName="Etl_Events" computerName="BUILDER1" duration="00:00:01.6495596" startTime="2010-04-22T17:45:57.4147587-07:00" endTime="2010-04-22T17:45:59.0706820-07:00" testType="13cdc9d9-ddb5-4fa4-a97d-d965ccfc6d4b" outcome="Passed" testListId="8c84fa94-04c1-424b-9868-57a2d4851a1d" relativeResultsDirectory="448c1292-7426-4477-bdb7-cd4788a75386">
    </UnitTestResult>
    <UnitTestResult executionId="27085361-d313-4390-a9a4-f800ec0181a3" testId="8045d46a-893f-499e-18bf-e084646847d3" testName="Etl_IsolationLevelChaos" computerName="BUILDER1" duration="00:00:01.6603490" startTime="2010-04-22T17:45:59.0745944-07:00" endTime="2010-04-22T17:46:00.7393206-07:00" testType="13cdc9d9-ddb5-4fa4-a97d-d965ccfc6d4b" outcome="Passed" testListId="8c84fa94-04c1-424b-9868-57a2d4851a1d" relativeResultsDirectory="27085361-d313-4390-a9a4-f800ec0181a3">
    </UnitTestResult>
    <UnitTestResult executionId="1c9d09f1-7be9-4bf0-bfef-e19ddeeaee28" testId="27b363dc-9b38-9188-939c-74f5ba372eda" testName="Etl_PrecedenceConstraints" computerName="BUILDER1" duration="00:00:01.8473255" startTime="2010-04-22T17:46:00.7451892-07:00" endTime="2010-04-22T17:46:02.5996668-07:00" testType="13cdc9d9-ddb5-4fa4-a97d-d965ccfc6d4b" outcome="Passed" testListId="8c84fa94-04c1-424b-9868-57a2d4851a1d" relativeResultsDirectory="1c9d09f1-7be9-4bf0-bfef-e19ddeeaee28">
    </UnitTestResult>
    <UnitTestResult executionId="852041bf-9e2e-4e0c-9e47-9714c74c220b" testId="3c857393-b29f-2e39-c143-02b7b6bbb145" testName="Etl_QuerySourceSpace" computerName="BUILDER1" duration="00:00:02.6969024" startTime="2010-04-22T17:46:02.6045573-07:00" endTime="2010-04-22T17:46:05.3080257-07:00" testType="13cdc9d9-ddb5-4fa4-a97d-d965ccfc6d4b" outcome="Passed" testListId="8c84fa94-04c1-424b-9868-57a2d4851a1d" relativeResultsDirectory="852041bf-9e2e-4e0c-9e47-9714c74c220b">
    </UnitTestResult>
    <UnitTestResult executionId="9db34768-3635-447f-b8eb-98bb2dd6e27b" testId="fd850645-e1c9-0a56-9094-55e3a12feaed" testName="Etl_TransformationOrderCyclic" computerName="BUILDER1" duration="00:00:03.1009681" startTime="2010-04-22T17:46:05.3138943-07:00" endTime="2010-04-22T17:46:08.4193618-07:00" testType="13cdc9d9-ddb5-4fa4-a97d-d965ccfc6d4b" outcome="Passed" testListId="8c84fa94-04c1-424b-9868-57a2d4851a1d" relativeResultsDirectory="9db34768-3635-447f-b8eb-98bb2dd6e27b">
    </UnitTestResult>
    <UnitTestResult executionId="ae348ebf-119a-4a1c-af05-a37756e1a1a8" testId="0aeabbbd-73b8-76fd-5e33-4bb3acc5ed03" testName="Etl_Transformations_ConditionalSplitBasic" computerName="BUILDER1" duration="00:00:03.1443420" startTime="2010-04-22T17:46:08.4262085-07:00" endTime="2010-04-22T17:46:11.5776467-07:00" testType="13cdc9d9-ddb5-4fa4-a97d-d965ccfc6d4b" outcome="Passed" testListId="8c84fa94-04c1-424b-9868-57a2d4851a1d" relativeResultsDirectory="ae348ebf-119a-4a1c-af05-a37756e1a1a8">
    </UnitTestResult>
    <UnitTestResult executionId="4ce3cd8e-b85d-4e5d-a4bc-0308f7dfeea8" testId="d3a24021-991f-3b2a-90d4-d6a171dd3009" testName="Etl_Transformations_DerivedColumnBasic" computerName="BUILDER1" duration="00:00:02.7691610" startTime="2010-04-22T17:46:11.5835153-07:00" endTime="2010-04-22T17:46:14.3593631-07:00" testType="13cdc9d9-ddb5-4fa4-a97d-d965ccfc6d4b" outcome="Passed" testListId="8c84fa94-04c1-424b-9868-57a2d4851a1d" relativeResultsDirectory="4ce3cd8e-b85d-4e5d-a4bc-0308f7dfeea8">
    </UnitTestResult>
    <UnitTestResult executionId="43b8bb6e-df11-4733-a1d5-1c02c51dd469" testId="c3312d45-b37d-8274-3963-fc92ad9aa6ed" testName="Etl_Transformations_DerivedColumnErrorRowDisposition" computerName="BUILDER1" duration="00:00:03.0600889" startTime="2010-04-22T17:46:14.3662098-07:00" endTime="2010-04-22T17:46:17.4335314-07:00" testType="13cdc9d9-ddb5-4fa4-a97d-d965ccfc6d4b" outcome="Passed" testListId="8c84fa94-04c1-424b-9868-57a2d4851a1d" relativeResultsDirectory="43b8bb6e-df11-4733-a1d5-1c02c51dd469">
    </UnitTestResult>
    <UnitTestResult executionId="acde3871-96e5-427e-b95f-9c8a5c191210" testId="9cba9362-7146-62fe-3c78-2cdcad704ef4" testName="Etl_Transformations_DestinationBasic" computerName="BUILDER1" duration="00:00:03.2522481" startTime="2010-04-22T17:46:17.4384219-07:00" endTime="2010-04-22T17:46:20.6974511-07:00" testType="13cdc9d9-ddb5-4fa4-a97d-d965ccfc6d4b" outcome="Passed" testListId="8c84fa94-04c1-424b-9868-57a2d4851a1d" relativeResultsDirectory="acde3871-96e5-427e-b95f-9c8a5c191210">
    </UnitTestResult>
    <UnitTestResult executionId="1594b198-fd57-42a3-b56a-dd8edd915196" testId="8bd300d8-482c-9bed-7759-4ad5002a66ac" testName="Etl_Transformations_DestinationFastLoad" computerName="BUILDER1" duration="00:00:03.1188834" startTime="2010-04-22T17:46:20.7072321-07:00" endTime="2010-04-22T17:46:23.8342178-07:00" testType="13cdc9d9-ddb5-4fa4-a97d-d965ccfc6d4b" outcome="Passed" testListId="8c84fa94-04c1-424b-9868-57a2d4851a1d" relativeResultsDirectory="1594b198-fd57-42a3-b56a-dd8edd915196">
    </UnitTestResult>
    <UnitTestResult executionId="f6739b9e-32c2-43b3-bb49-e05df737fcc5" testId="d0ff9554-35c4-a8d1-ef86-6af57fe6d2c8" testName="Etl_Transformations_LookupBasic" computerName="BUILDER1" duration="00:00:02.8821180" startTime="2010-04-22T17:46:23.8400864-07:00" endTime="2010-04-22T17:46:26.7088537-07:00" testType="13cdc9d9-ddb5-4fa4-a97d-d965ccfc6d4b" outcome="Passed" testListId="8c84fa94-04c1-424b-9868-57a2d4851a1d" relativeResultsDirectory="f6739b9e-32c2-43b3-bb49-e05df737fcc5">
    </UnitTestResult>
    <UnitTestResult executionId="6a476b9e-49b7-4e75-92ce-aecef45bb860" testId="3e115ff5-2a75-450e-cee0-8732dce51137" testName="Etl_Transformations_MulticastBasic" computerName="BUILDER1" duration="00:00:02.9032803" startTime="2010-04-22T17:46:26.7137442-07:00" endTime="2010-04-22T17:46:29.6177231-07:00" testType="13cdc9d9-ddb5-4fa4-a97d-d965ccfc6d4b" outcome="Passed" testListId="8c84fa94-04c1-424b-9868-57a2d4851a1d" relativeResultsDirectory="6a476b9e-49b7-4e75-92ce-aecef45bb860">
    </UnitTestResult>
    <UnitTestResult executionId="a7392a45-ee02-4961-8bb5-71b68355a39e" testId="88844a1b-445d-b958-dacc-49c120782127" testName="Etl_Transformations_OleDBCommandBasic" computerName="BUILDER1" duration="00:00:03.0727788" startTime="2010-04-22T17:46:29.6216355-07:00" endTime="2010-04-22T17:46:32.6938476-07:00" testType="13cdc9d9-ddb5-4fa4-a97d-d965ccfc6d4b" outcome="Passed" testListId="8c84fa94-04c1-424b-9868-57a2d4851a1d" relativeResultsDirectory="a7392a45-ee02-4961-8bb5-71b68355a39e">
    </UnitTestResult>
    <UnitTestResult executionId="9d1544dc-f94c-42b2-bc10-03ea79c89d0a" testId="4b940163-cbb2-9c54-7950-abdc93f18ac5" testName="Etl_Transformations_QuerySourceBasic" computerName="BUILDER1" duration="00:00:02.7202939" startTime="2010-04-22T17:46:32.7016724-07:00" endTime="2010-04-22T17:46:35.4286152-07:00" testType="13cdc9d9-ddb5-4fa4-a97d-d965ccfc6d4b" outcome="Passed" testListId="8c84fa94-04c1-424b-9868-57a2d4851a1d" relativeResultsDirectory="9d1544dc-f94c-42b2-bc10-03ea79c89d0a">
    </UnitTestResult>
    <UnitTestResult executionId="b56b9494-2d19-49ed-a6ad-b131fe7aeb61" testId="764a6571-edf0-ca50-2e31-8819e637f095" testName="Etl_Transformations_QuerySourceParameters" computerName="BUILDER1" duration="00:00:03.0450940" startTime="2010-04-22T17:46:35.4344838-07:00" endTime="2010-04-22T17:46:38.4812653-07:00" testType="13cdc9d9-ddb5-4fa4-a97d-d965ccfc6d4b" outcome="Passed" testListId="8c84fa94-04c1-424b-9868-57a2d4851a1d" relativeResultsDirectory="b56b9494-2d19-49ed-a6ad-b131fe7aeb61">
    </UnitTestResult>
    <UnitTestResult executionId="4cba8ef8-f1ee-407f-ba8d-0407c3b01f12" testId="06bec740-3e5a-2459-0d88-f2d172ca50f1" testName="Etl_Transformations_SortBasic" computerName="BUILDER1" duration="00:00:02.8188366" startTime="2010-04-22T17:46:38.4861558-07:00" endTime="2010-04-22T17:46:41.3118867-07:00" testType="13cdc9d9-ddb5-4fa4-a97d-d965ccfc6d4b" outcome="Passed" testListId="8c84fa94-04c1-424b-9868-57a2d4851a1d" relativeResultsDirectory="4cba8ef8-f1ee-407f-ba8d-0407c3b01f12">
    </UnitTestResult>
    <UnitTestResult executionId="b16af84f-7415-48d9-a66d-1d7d044cc348" testId="c220c1de-78ab-cca1-a9e0-899de1f3c124" testName="Etl_Transformations_SortDefault" computerName="BUILDER1" duration="00:00:03.1119553" startTime="2010-04-22T17:46:41.3177553-07:00" endTime="2010-04-22T17:46:44.4349600-07:00" testType="13cdc9d9-ddb5-4fa4-a97d-d965ccfc6d4b" outcome="Passed" testListId="8c84fa94-04c1-424b-9868-57a2d4851a1d" relativeResultsDirectory="b16af84f-7415-48d9-a66d-1d7d044cc348">
    </UnitTestResult>
    <UnitTestResult executionId="6e396532-feec-4a38-a882-675842081cfc" testId="af6a01bf-2e64-46dc-61d0-bcddbc1e955a" testName="Etl_Transformations_TransformationTemplateInstanceBasic" computerName="BUILDER1" duration="00:00:03.1898327" startTime="2010-04-22T17:46:44.4457191-07:00" endTime="2010-04-22T17:46:47.6382375-07:00" testType="13cdc9d9-ddb5-4fa4-a97d-d965ccfc6d4b" outcome="Passed" testListId="8c84fa94-04c1-424b-9868-57a2d4851a1d" relativeResultsDirectory="6e396532-feec-4a38-a882-675842081cfc">
    </UnitTestResult>
    <UnitTestResult executionId="97ee6712-1bce-458c-9f0e-6285f8cf03e8" testId="92bb8e0c-ba4b-d6ba-4651-fe2e90dfed2d" testName="Etl_Transformations_UnionAllBasic" computerName="BUILDER1" duration="00:00:02.6692823" startTime="2010-04-22T17:46:47.6431280-07:00" endTime="2010-04-22T17:46:50.3045381-07:00" testType="13cdc9d9-ddb5-4fa4-a97d-d965ccfc6d4b" outcome="Passed" testListId="8c84fa94-04c1-424b-9868-57a2d4851a1d" relativeResultsDirectory="97ee6712-1bce-458c-9f0e-6285f8cf03e8">
    </UnitTestResult>
    <UnitTestResult executionId="a6d739aa-e0a0-4f57-b06b-51befeb103b9" testId="3b833b69-9671-5e37-280b-4a560568e333" testName="Etl_Transformations_UnionAllTransformationOrder" computerName="BUILDER1" duration="00:00:03.4163287" startTime="2010-04-22T17:46:50.3094286-07:00" endTime="2010-04-22T17:46:53.7239757-07:00" testType="13cdc9d9-ddb5-4fa4-a97d-d965ccfc6d4b" outcome="Passed" testListId="8c84fa94-04c1-424b-9868-57a2d4851a1d" relativeResultsDirectory="a6d739aa-e0a0-4f57-b06b-51befeb103b9">
    </UnitTestResult>
    <UnitTestResult executionId="b71c7d27-bdfb-4e95-bfe9-d9581b7c6856" testId="d96886ac-74d3-8710-f587-2717d994ab66" testName="Etl_Transformations_XmlSourceBasic" computerName="BUILDER1" duration="00:00:02.0018712" startTime="2010-04-22T17:46:53.7288662-07:00" endTime="2010-04-22T17:46:55.7388617-07:00" testType="13cdc9d9-ddb5-4fa4-a97d-d965ccfc6d4b" outcome="Failed" testListId="8c84fa94-04c1-424b-9868-57a2d4851a1d" relativeResultsDirectory="b71c7d27-bdfb-4e95-bfe9-d9581b7c6856">
      <Output>
        <ErrorInfo>
          <Message>Assert.IsTrue failed. Compilation of PRE file failed.</Message>
          <StackTrace>   at VulcanTests.Ssis2008EmitterTests.SsisComparer.RunVulcan(String bimlFileName, String targetDirectoryPath) in c:\BuildAgent\work\c1e1d8ccf6867220\vulcan\VulcanTests\Ssis2008EmitterTests\SsisComparer.cs:line 157
   at VulcanTests.Ssis2008EmitterTests.SsisComparer.CompareBimlWithDirectory(String bimlFileName, String directoryPath) in c:\BuildAgent\work\c1e1d8ccf6867220\vulcan\VulcanTests\Ssis2008EmitterTests\SsisComparer.cs:line 59
   at VulcanTests.Ssis2008EmitterTests.SsisComparer.CompareResourceBimlWithDtsx(String bimlResourceName, String resourceDirectoryName) in c:\BuildAgent\work\c1e1d8ccf6867220\vulcan\VulcanTests\Ssis2008EmitterTests\SsisComparer.cs:line 48
   at VulcanTests.Ssis2008EmitterTests.Ssis2008EmitterEtlTests.Etl_Transformations_XmlSourceBasic() in c:\BuildAgent\work\c1e1d8ccf6867220\vulcan\VulcanTests\Ssis2008EmitterTests\Ssis2008EmitterEtlTests.cs:line 167
</StackTrace>
        </ErrorInfo>
      </Output>
    </UnitTestResult>
    <UnitTestResult executionId="5a9d5380-0c22-41b9-9408-c01d9b8c13f4" testId="fd091ad0-0026-e8cb-4532-61439aba3edc" testName="RowCount_Basic" computerName="BUILDER1" duration="00:00:02.7478202" startTime="2010-04-22T17:46:55.7437522-07:00" endTime="2010-04-22T17:46:58.4980818-07:00" testType="13cdc9d9-ddb5-4fa4-a97d-d965ccfc6d4b" outcome="Passed" testListId="8c84fa94-04c1-424b-9868-57a2d4851a1d" relativeResultsDirectory="5a9d5380-0c22-41b9-9408-c01d9b8c13f4">
    </UnitTestResult>
    <UnitTestResult executionId="7e9f4d91-31bd-4f9f-90b3-9918ca9d5d99" testId="d54e5e66-c31a-6313-7c83-b398de2cb619" testName="Package_AccessConnection" computerName="BUILDER1" duration="00:00:02.4642968" startTime="2010-04-22T17:46:58.5019942-07:00" endTime="2010-04-22T17:47:00.9718744-07:00" testType="13cdc9d9-ddb5-4fa4-a97d-d965ccfc6d4b" outcome="Passed" testListId="8c84fa94-04c1-424b-9868-57a2d4851a1d" relativeResultsDirectory="7e9f4d91-31bd-4f9f-90b3-9918ca9d5d99">
    </UnitTestResult>
    <UnitTestResult executionId="7051f6bd-8ab4-4ca8-ba61-128eee500c70" testId="a08fc025-6f0a-d78a-9ba4-1578891206bf" testName="Package_ConnectionWithUserName" computerName="BUILDER1" duration="00:00:02.7796496" startTime="2010-04-22T17:47:00.9748090-07:00" endTime="2010-04-22T17:47:03.7587662-07:00" testType="13cdc9d9-ddb5-4fa4-a97d-d965ccfc6d4b" outcome="Passed" testListId="8c84fa94-04c1-424b-9868-57a2d4851a1d" relativeResultsDirectory="7051f6bd-8ab4-4ca8-ba61-128eee500c70">
    </UnitTestResult>
    <UnitTestResult executionId="df7395e4-2324-4474-861f-463c658968fb" testId="1f44e2f8-0186-39f4-190d-7864da709963" testName="Package_ConstraintModeLinear" computerName="BUILDER1" duration="00:00:01.9193793" startTime="2010-04-22T17:47:03.7646354-07:00" endTime="2010-04-22T17:47:05.6907112-07:00" testType="13cdc9d9-ddb5-4fa4-a97d-d965ccfc6d4b" outcome="Passed" testListId="8c84fa94-04c1-424b-9868-57a2d4851a1d" relativeResultsDirectory="df7395e4-2324-4474-861f-463c658968fb">
    </UnitTestResult>
    <UnitTestResult executionId="95e64f09-08d6-4a05-ba7d-7046826ab6ed" testId="ffcc6b48-3139-43ab-569c-1bffdfd260c6" testName="Package_ConstraintModeParallel" computerName="BUILDER1" duration="00:00:01.8592388" startTime="2010-04-22T17:47:05.6965804-07:00" endTime="2010-04-22T17:47:07.5620078-07:00" testType="13cdc9d9-ddb5-4fa4-a97d-d965ccfc6d4b" outcome="Passed" testListId="8c84fa94-04c1-424b-9868-57a2d4851a1d" relativeResultsDirectory="95e64f09-08d6-4a05-ba7d-7046826ab6ed">
    </UnitTestResult>
    <UnitTestResult executionId="1ec807ae-78b5-461a-88e9-0d263c6af899" testId="d8ef532b-e149-a2d9-db12-3134c1176fb8" testName="Package_DelayValidation" computerName="BUILDER1" duration="00:00:01.6780779" startTime="2010-04-22T17:47:07.5659206-07:00" endTime="2010-04-22T17:47:09.2503810-07:00" testType="13cdc9d9-ddb5-4fa4-a97d-d965ccfc6d4b" outcome="Passed" testListId="8c84fa94-04c1-424b-9868-57a2d4851a1d" relativeResultsDirectory="1ec807ae-78b5-461a-88e9-0d263c6af899">
    </UnitTestResult>
    <UnitTestResult executionId="b77b02a7-1bff-46fd-bfa5-412ce5c0a493" testId="e18bf159-229c-04e5-8a07-d39cf1271df5" testName="Package_Events" computerName="BUILDER1" duration="00:00:01.8511865" startTime="2010-04-22T17:47:09.2611412-07:00" endTime="2010-04-22T17:47:11.1148302-07:00" testType="13cdc9d9-ddb5-4fa4-a97d-d965ccfc6d4b" outcome="Passed" testListId="8c84fa94-04c1-424b-9868-57a2d4851a1d" relativeResultsDirectory="b77b02a7-1bff-46fd-bfa5-412ce5c0a493">
    </UnitTestResult>
    <UnitTestResult executionId="996ed50d-57a1-42af-9e62-ea693e85d5f6" testId="4b398132-89d5-d0e7-05a1-5d816127545d" testName="Package_IsolationLevelChaos" computerName="BUILDER1" duration="00:00:01.7281062" startTime="2010-04-22T17:47:11.1187430-07:00" endTime="2010-04-22T17:47:12.8540698-07:00" testType="13cdc9d9-ddb5-4fa4-a97d-d965ccfc6d4b" outcome="Passed" testListId="8c84fa94-04c1-424b-9868-57a2d4851a1d" relativeResultsDirectory="996ed50d-57a1-42af-9e62-ea693e85d5f6">
    </UnitTestResult>
    <UnitTestResult executionId="b999997f-e7be-468b-a0d7-6cbe040a02ff" testId="b2309445-5203-8286-ddaa-02c31685a5ba" testName="Package_Log" computerName="BUILDER1" duration="00:00:03.0300977" startTime="2010-04-22T17:47:12.8589608-07:00" endTime="2010-04-22T17:47:15.8952936-07:00" testType="13cdc9d9-ddb5-4fa4-a97d-d965ccfc6d4b" outcome="Passed" testListId="8c84fa94-04c1-424b-9868-57a2d4851a1d" relativeResultsDirectory="b999997f-e7be-468b-a0d7-6cbe040a02ff">
    </UnitTestResult>
    <UnitTestResult executionId="562ad3b4-1a45-44e5-a353-329392d38fd4" testId="4346f110-d1cb-bb2c-36ac-3e2c82c1df81" testName="Package_PrecedenceConstraints" computerName="BUILDER1" duration="00:00:01.8334560" startTime="2010-04-22T17:47:15.9001846-07:00" endTime="2010-04-22T17:47:17.7421352-07:00" testType="13cdc9d9-ddb5-4fa4-a97d-d965ccfc6d4b" outcome="Passed" testListId="8c84fa94-04c1-424b-9868-57a2d4851a1d" relativeResultsDirectory="562ad3b4-1a45-44e5-a353-329392d38fd4">
    </UnitTestResult>
    <UnitTestResult executionId="3bad994e-c14b-4101-b429-92d29a9c6ada" testId="1347e8c4-91aa-be06-f3d0-8e7cda34c889" testName="Package_Schema" computerName="BUILDER1" duration="00:00:02.7672524" startTime="2010-04-22T17:47:17.7460480-07:00" endTime="2010-04-22T17:47:20.5202232-07:00" testType="13cdc9d9-ddb5-4fa4-a97d-d965ccfc6d4b" outcome="Passed" testListId="8c84fa94-04c1-424b-9868-57a2d4851a1d" relativeResultsDirectory="3bad994e-c14b-4101-b429-92d29a9c6ada">
    </UnitTestResult>
    <UnitTestResult executionId="6b0eaf31-354d-4e8a-a9a1-572f613e1737" testId="dce75f6a-2ef5-1d55-71d0-d1881ce9efb3" testName="Package_SystemVariables" computerName="BUILDER1" duration="00:00:02.5707338" startTime="2010-04-22T17:47:20.5260924-07:00" endTime="2010-04-22T17:47:23.1056058-07:00" testType="13cdc9d9-ddb5-4fa4-a97d-d965ccfc6d4b" outcome="Passed" testListId="8c84fa94-04c1-424b-9868-57a2d4851a1d" relativeResultsDirectory="6b0eaf31-354d-4e8a-a9a1-572f613e1737">
    </UnitTestResult>
    <UnitTestResult executionId="5f76901b-c502-45e6-b7be-2cbdf2c39b0a" testId="0941dd1d-5892-eb80-67e0-c8182f66d4b1" testName="Package_TaskOrder" computerName="BUILDER1" duration="00:00:37.8508791" startTime="2010-04-22T17:47:23.1124532-07:00" endTime="2010-04-22T17:48:00.8787988-07:00" testType="13cdc9d9-ddb5-4fa4-a97d-d965ccfc6d4b" outcome="Failed" testListId="8c84fa94-04c1-424b-9868-57a2d4851a1d" relativeResultsDirectory="5f76901b-c502-45e6-b7be-2cbdf2c39b0a">
      <Output>
        <ErrorInfo>
          <Message>Assert.IsTrue failed. Compilation of PRE file failed.</Message>
          <StackTrace>   at VulcanTests.Ssis2008EmitterTests.SsisComparer.RunVulcan(String bimlFileName, String targetDirectoryPath) in c:\BuildAgent\work\c1e1d8ccf6867220\vulcan\VulcanTests\Ssis2008EmitterTests\SsisComparer.cs:line 157
   at VulcanTests.Ssis2008EmitterTests.SsisComparer.CompareBimlWithDirectory(String bimlFileName, String directoryPath) in c:\BuildAgent\work\c1e1d8ccf6867220\vulcan\VulcanTests\Ssis2008EmitterTests\SsisComparer.cs:line 59
   at VulcanTests.Ssis2008EmitterTests.SsisComparer.CompareResourceBimlWithDtsx(String bimlResourceName, String resourceDirectoryName) in c:\BuildAgent\work\c1e1d8ccf6867220\vulcan\VulcanTests\Ssis2008EmitterTests\SsisComparer.cs:line 48
   at VulcanTests.Ssis2008EmitterTests.Ssis2008EmitterPackageTests.Package_TaskOrder() in c:\BuildAgent\work\c1e1d8ccf6867220\vulcan\VulcanTests\Ssis2008EmitterTests\Ssis2008EmitterPackageTests.cs:line 92
</StackTrace>
        </ErrorInfo>
      </Output>
    </UnitTestResult>
    <UnitTestResult executionId="a0a0fd45-0617-4c96-9d08-91b7d3b2d4e1" testId="90ee3489-5f1a-9e9a-705c-bfe3bda6f54d" testName="Package_TransactionModeNoTransaction" computerName="BUILDER1" duration="00:00:01.9072309" startTime="2010-04-22T17:48:00.8836898-07:00" endTime="2010-04-22T17:48:02.7970490-07:00" testType="13cdc9d9-ddb5-4fa4-a97d-d965ccfc6d4b" outcome="Passed" testListId="8c84fa94-04c1-424b-9868-57a2d4851a1d" relativeResultsDirectory="a0a0fd45-0617-4c96-9d08-91b7d3b2d4e1">
    </UnitTestResult>
    <UnitTestResult executionId="ab321f52-d538-4088-bd19-4864831381e2" testId="3b8bf8eb-26c0-2bec-344a-341bfe514677" testName="Package_TransactionModeRequiredTransaction" computerName="BUILDER1" duration="00:00:01.8449642" startTime="2010-04-22T17:48:02.8029182-07:00" endTime="2010-04-22T17:48:04.6538163-07:00" testType="13cdc9d9-ddb5-4fa4-a97d-d965ccfc6d4b" outcome="Passed" testListId="8c84fa94-04c1-424b-9868-57a2d4851a1d" relativeResultsDirectory="ab321f52-d538-4088-bd19-4864831381e2">
    </UnitTestResult>
    <UnitTestResult executionId="09cf314e-c938-408d-a6f1-ae6d10984521" testId="e24baaa3-77c3-24aa-9ff9-d94cc12eb18b" testName="Package_VariableExpression" computerName="BUILDER1" duration="00:00:01.6833190" startTime="2010-04-22T17:48:04.6616427-07:00" endTime="2010-04-22T17:48:06.3521451-07:00" testType="13cdc9d9-ddb5-4fa4-a97d-d965ccfc6d4b" outcome="Passed" testListId="8c84fa94-04c1-424b-9868-57a2d4851a1d" relativeResultsDirectory="09cf314e-c938-408d-a6f1-ae6d10984521">
    </UnitTestResult>
    <UnitTestResult executionId="4adf2b5e-5913-483f-9c35-a753b4fa8277" testId="a1316ed9-e8d1-b0ea-b7ab-b97dbf0c95e5" testName="Package_Variables" computerName="BUILDER1" duration="00:00:02.2559899" startTime="2010-04-22T17:48:06.3599715-07:00" endTime="2010-04-22T17:48:08.6227794-07:00" testType="13cdc9d9-ddb5-4fa4-a97d-d965ccfc6d4b" outcome="Passed" testListId="8c84fa94-04c1-424b-9868-57a2d4851a1d" relativeResultsDirectory="4adf2b5e-5913-483f-9c35-a753b4fa8277">
    </UnitTestResult>
    <UnitTestResult executionId="8917820d-0690-46a1-8eeb-d75fa21867b3" testId="0e2c069e-f86c-c003-d8dc-f19b313e2e87" testName="CommitPersistentVariable_Basic" computerName="BUILDER1" duration="00:00:02.8638165" startTime="2010-04-22T17:48:08.6306058-07:00" endTime="2010-04-22T17:48:11.5009380-07:00" testType="13cdc9d9-ddb5-4fa4-a97d-d965ccfc6d4b" outcome="Passed" testListId="8c84fa94-04c1-424b-9868-57a2d4851a1d" relativeResultsDirectory="8917820d-0690-46a1-8eeb-d75fa21867b3">
    </UnitTestResult>
    <UnitTestResult executionId="9423966c-b043-4a43-9e70-058006c7b71a" testId="29acdcbc-21d9-fc77-0151-19c0584133ee" testName="Container_Basic" computerName="BUILDER1" duration="00:00:01.7186007" startTime="2010-04-22T17:48:11.5087644-07:00" endTime="2010-04-22T17:48:13.2325290-07:00" testType="13cdc9d9-ddb5-4fa4-a97d-d965ccfc6d4b" outcome="Passed" testListId="8c84fa94-04c1-424b-9868-57a2d4851a1d" relativeResultsDirectory="9423966c-b043-4a43-9e70-058006c7b71a">
    </UnitTestResult>
    <UnitTestResult executionId="d1512f1d-f278-4f40-8423-a711f58f951a" testId="da80210e-ee97-1636-5924-f8558de8d6db" testName="Container_ConstraintModeLinear" computerName="BUILDER1" duration="00:00:01.8553316" startTime="2010-04-22T17:48:13.2374205-07:00" endTime="2010-04-22T17:48:15.0991254-07:00" testType="13cdc9d9-ddb5-4fa4-a97d-d965ccfc6d4b" outcome="Passed" testListId="8c84fa94-04c1-424b-9868-57a2d4851a1d" relativeResultsDirectory="d1512f1d-f278-4f40-8423-a711f58f951a">
    </UnitTestResult>
    <UnitTestResult executionId="278dc507-3f94-4893-9d98-30e2fcb3e93e" testId="cd8953ec-6e0d-63f8-2b8b-57dfae93748b" testName="Container_ConstraintModeParallel" computerName="BUILDER1" duration="00:00:01.7278469" startTime="2010-04-22T17:48:15.1040169-07:00" endTime="2010-04-22T17:48:16.8365862-07:00" testType="13cdc9d9-ddb5-4fa4-a97d-d965ccfc6d4b" outcome="Passed" testListId="8c84fa94-04c1-424b-9868-57a2d4851a1d" relativeResultsDirectory="278dc507-3f94-4893-9d98-30e2fcb3e93e">
    </UnitTestResult>
    <UnitTestResult executionId="d95c4100-8ffd-43ec-85e2-835a6c3c781b" testId="d4b1af0d-c38b-0e88-03a3-d406f2bd0e98" testName="Container_DelayValidation" computerName="BUILDER1" duration="00:00:01.8427032" startTime="2010-04-22T17:48:16.8434343-07:00" endTime="2010-04-22T17:48:18.6924213-07:00" testType="13cdc9d9-ddb5-4fa4-a97d-d965ccfc6d4b" outcome="Passed" testListId="8c84fa94-04c1-424b-9868-57a2d4851a1d" relativeResultsDirectory="d95c4100-8ffd-43ec-85e2-835a6c3c781b">
    </UnitTestResult>
    <UnitTestResult executionId="336fe4e5-accd-46c3-a5d1-13d80ce1ca56" testId="a62c1c77-bc05-ad90-ced5-81c8d40da85d" testName="Container_Events" computerName="BUILDER1" duration="00:00:01.8134732" startTime="2010-04-22T17:48:18.7002477-07:00" endTime="2010-04-22T17:48:20.5208640-07:00" testType="13cdc9d9-ddb5-4fa4-a97d-d965ccfc6d4b" outcome="Passed" testListId="8c84fa94-04c1-424b-9868-57a2d4851a1d" relativeResultsDirectory="336fe4e5-accd-46c3-a5d1-13d80ce1ca56">
    </UnitTestResult>
    <UnitTestResult executionId="714b44a8-184e-43fe-a090-0fa1d412685a" testId="02223cd1-e988-099c-7340-6a37cd827075" testName="Container_IsolationLevelChaos" computerName="BUILDER1" duration="00:00:01.5991507" startTime="2010-04-22T17:48:20.5247772-07:00" endTime="2010-04-22T17:48:22.1301675-07:00" testType="13cdc9d9-ddb5-4fa4-a97d-d965ccfc6d4b" outcome="Passed" testListId="8c84fa94-04c1-424b-9868-57a2d4851a1d" relativeResultsDirectory="714b44a8-184e-43fe-a090-0fa1d412685a">
    </UnitTestResult>
    <UnitTestResult executionId="59f5e303-a5cb-4af7-a93c-5e5f3de0b7f1" testId="efb456b9-c379-c129-7526-46fc7e747d8b" testName="Container_PrecedenceConstraints" computerName="BUILDER1" duration="00:00:01.6788227" startTime="2010-04-22T17:48:22.1340807-07:00" endTime="2010-04-22T17:48:23.8206699-07:00" testType="13cdc9d9-ddb5-4fa4-a97d-d965ccfc6d4b" outcome="Passed" testListId="8c84fa94-04c1-424b-9868-57a2d4851a1d" relativeResultsDirectory="59f5e303-a5cb-4af7-a93c-5e5f3de0b7f1">
    </UnitTestResult>
    <UnitTestResult executionId="3136445f-d410-41c3-82bd-bc9ed4ca8d08" testId="1b10d8de-ecae-0176-5a05-e64f61245248" testName="Container_TransactionModeNoTransaction" computerName="BUILDER1" duration="00:00:01.7664409" startTime="2010-04-22T17:48:23.8284963-07:00" endTime="2010-04-22T17:48:25.6011759-07:00" testType="13cdc9d9-ddb5-4fa4-a97d-d965ccfc6d4b" outcome="Passed" testListId="8c84fa94-04c1-424b-9868-57a2d4851a1d" relativeResultsDirectory="3136445f-d410-41c3-82bd-bc9ed4ca8d08">
    </UnitTestResult>
    <UnitTestResult executionId="e819293b-d204-4388-91bb-e8d9ad29709f" testId="133231f0-00b3-5b41-070f-6bec58b9740c" testName="Container_TransactionModeRequiredTransaction" computerName="BUILDER1" duration="00:00:01.7828887" startTime="2010-04-22T17:48:25.6080240-07:00" endTime="2010-04-22T17:48:27.3885300-07:00" testType="13cdc9d9-ddb5-4fa4-a97d-d965ccfc6d4b" outcome="Passed" testListId="8c84fa94-04c1-424b-9868-57a2d4851a1d" relativeResultsDirectory="e819293b-d204-4388-91bb-e8d9ad29709f">
    </UnitTestResult>
    <UnitTestResult executionId="f26a8c57-c259-4526-82e5-7968a06e9fe5" testId="f6d846ae-5095-b5fb-e328-61cd2e30456d" testName="Container_VariableExpression" computerName="BUILDER1" duration="00:00:01.6107642" startTime="2010-04-22T17:48:27.3983130-07:00" endTime="2010-04-22T17:48:29.0173995-07:00" testType="13cdc9d9-ddb5-4fa4-a97d-d965ccfc6d4b" outcome="Passed" testListId="8c84fa94-04c1-424b-9868-57a2d4851a1d" relativeResultsDirectory="f26a8c57-c259-4526-82e5-7968a06e9fe5">
    </UnitTestResult>
    <UnitTestResult executionId="af43cd3c-e686-464f-8923-6c5cf47793d2" testId="54fd0b92-8f4e-b78a-f2f2-08a74aae9e90" testName="Container_Variables" computerName="BUILDER1" duration="00:00:02.2420576" startTime="2010-04-22T17:48:29.0213127-07:00" endTime="2010-04-22T17:48:31.2694461-07:00" testType="13cdc9d9-ddb5-4fa4-a97d-d965ccfc6d4b" outcome="Passed" testListId="8c84fa94-04c1-424b-9868-57a2d4851a1d" relativeResultsDirectory="af43cd3c-e686-464f-8923-6c5cf47793d2">
    </UnitTestResult>
    <UnitTestResult executionId="8ecb5e32-55a2-4c73-936d-8c55daaed1f5" testId="3b4cb942-c9c1-096b-e74b-678a864121bc" testName="ExecutePackage_Basic" computerName="BUILDER1" duration="00:00:01.7388455" startTime="2010-04-22T17:48:31.2762942-07:00" endTime="2010-04-22T17:48:33.0225597-07:00" testType="13cdc9d9-ddb5-4fa4-a97d-d965ccfc6d4b" outcome="Passed" testListId="8c84fa94-04c1-424b-9868-57a2d4851a1d" relativeResultsDirectory="8ecb5e32-55a2-4c73-936d-8c55daaed1f5">
    </UnitTestResult>
    <UnitTestResult executionId="7042d7c7-3997-4d46-b5dc-0ce4956dca62" testId="43b70eff-bd72-be3d-02f6-1c8ce836014f" testName="ExecuteSql_Basic" computerName="BUILDER1" duration="00:00:02.7018792" startTime="2010-04-22T17:48:33.0303861-07:00" endTime="2010-04-22T17:48:35.7216426-07:00" testType="13cdc9d9-ddb5-4fa4-a97d-d965ccfc6d4b" outcome="Passed" testListId="8c84fa94-04c1-424b-9868-57a2d4851a1d" relativeResultsDirectory="7042d7c7-3997-4d46-b5dc-0ce4956dca62">
    </UnitTestResult>
    <UnitTestResult executionId="4a5fd2fc-02a6-4f1f-a269-56e38b8fcb3c" testId="4c204af8-ae98-4ed4-7234-82362979e62f" testName="ExecuteSql_CoreProperties" computerName="BUILDER1" duration="00:00:02.9311913" startTime="2010-04-22T17:48:35.7284900-07:00" endTime="2010-04-22T17:48:38.6572208-07:00" testType="13cdc9d9-ddb5-4fa4-a97d-d965ccfc6d4b" outcome="Passed" testListId="8c84fa94-04c1-424b-9868-57a2d4851a1d" relativeResultsDirectory="4a5fd2fc-02a6-4f1f-a269-56e38b8fcb3c">
    </UnitTestResult>
    <UnitTestResult executionId="ae1b2bcd-4c94-4b4a-9170-34c6974d3982" testId="e3a63282-7af5-92f4-e1bd-c6501f7f34f6" testName="ForLoop_Basic" computerName="BUILDER1" duration="00:00:01.7481371" startTime="2010-04-22T17:48:38.6660246-07:00" endTime="2010-04-22T17:48:40.4209154-07:00" testType="13cdc9d9-ddb5-4fa4-a97d-d965ccfc6d4b" outcome="Passed" testListId="8c84fa94-04c1-424b-9868-57a2d4851a1d" relativeResultsDirectory="ae1b2bcd-4c94-4b4a-9170-34c6974d3982">
    </UnitTestResult>
    <UnitTestResult executionId="a78d4f70-6b89-4a72-b3c3-00df538914b3" testId="731e9f07-b98d-c6da-ecb6-b3e16b3a04a5" testName="Taskflow_DataflowReverseTopologicalSort" computerName="BUILDER1" duration="00:00:02.9341762" startTime="2010-04-22T17:48:40.4277628-07:00" endTime="2010-04-22T17:48:43.3662756-07:00" testType="13cdc9d9-ddb5-4fa4-a97d-d965ccfc6d4b" outcome="Passed" testListId="8c84fa94-04c1-424b-9868-57a2d4851a1d" relativeResultsDirectory="a78d4f70-6b89-4a72-b3c3-00df538914b3">
    </UnitTestResult>
    <UnitTestResult executionId="b0f02a75-b8dc-496f-a2a0-c1e9dd1be8c6" testId="afe3956b-989b-0e70-b524-8431525c6b1d" testName="Taskflow_TaskflowReverseTopologicalSort" computerName="BUILDER1" duration="00:00:01.9342328" startTime="2010-04-22T17:48:43.3721448-07:00" endTime="2010-04-22T17:48:45.3148500-07:00" testType="13cdc9d9-ddb5-4fa4-a97d-d965ccfc6d4b" outcome="Passed" testListId="8c84fa94-04c1-424b-9868-57a2d4851a1d" relativeResultsDirectory="b0f02a75-b8dc-496f-a2a0-c1e9dd1be8c6">
    </UnitTestResult>
    <UnitTestResult executionId="5e70eda1-1756-475f-86e9-238879d45abd" testId="79b02fef-f0cd-bd64-85ba-dd90d4bd26f5" testName="Taskflow_TaskOrder" computerName="BUILDER1" duration="00:00:01.7516186" startTime="2010-04-22T17:48:45.3207192-07:00" endTime="2010-04-22T17:48:47.0785446-07:00" testType="13cdc9d9-ddb5-4fa4-a97d-d965ccfc6d4b" outcome="Passed" testListId="8c84fa94-04c1-424b-9868-57a2d4851a1d" relativeResultsDirectory="5e70eda1-1756-475f-86e9-238879d45abd">
    </UnitTestResult>
    <UnitTestResult executionId="d4f796df-6c5a-47e7-b391-43e520b5e688" testId="f5685f34-4148-d2eb-337e-e1889c02db78" testName="Templates_Package" computerName="BUILDER1" duration="00:00:02.7784605" startTime="2010-04-22T17:48:47.0844138-07:00" endTime="2010-04-22T17:48:49.8654364-07:00" testType="13cdc9d9-ddb5-4fa4-a97d-d965ccfc6d4b" outcome="Passed" testListId="8c84fa94-04c1-424b-9868-57a2d4851a1d" relativeResultsDirectory="d4f796df-6c5a-47e7-b391-43e520b5e688">
    </UnitTestResult>
    <UnitTestResult executionId="8c4c06db-9aae-410f-97eb-d59a8ee6ecc9" testId="c079bd56-dee5-cc85-df2b-2638426aa9bd" testName="Package_Configurations_AutoCreateSql" computerName="BUILDER1" duration="00:00:00.2003949" startTime="2010-04-22T17:48:49.8742402-07:00" endTime="2010-04-22T17:48:50.0806404-07:00" testType="13cdc9d9-ddb5-4fa4-a97d-d965ccfc6d4b" outcome="Failed" testListId="8c84fa94-04c1-424b-9868-57a2d4851a1d" relativeResultsDirectory="8c4c06db-9aae-410f-97eb-d59a8ee6ecc9">
      <Output>
        <StdErr>VulcanTests.SsisEmitterTests_Package.Configurations.AutogenerateSql_PRE.xml_.xml(22,41): Error ErrorGeneric: The 'ConfigurationSqlServerConnectionName' attribute is not declared.
VulcanTests.SsisEmitterTests_Package.Configurations.AutogenerateSql_PRE.xml_.xml(9,6): Error ErrorGeneric: Could not resolve reference to 'TestSqlConnection' of type 'Connection'. 'ConnectionName="TestSqlConnection"' is invalid.
VulcanTests.SsisEmitterTests_Package.Configurations.AutogenerateSql_PRE.xml_.xml(12,6): Error ErrorGeneric: Could not resolve reference to 'TestSqlConnection' of type 'Connection'. 'ConnectionName="TestSqlConnection"' is invalid.</StdErr>
        <ErrorInfo>
          <Message>Test method VulcanTests.SsisEmitterTests.SsisEmitterPackageTests.Package_Configurations_AutoCreateSql threw exception: 
System.InvalidOperationException: Fatal Error Occurred.</Message>
          <StackTrace>    at VulcanEngine.Kernel.PhaseWorkflow.ExecutePhaseWorkflowGraph(IIR rootIR) in c:\BuildAgent\work\c1e1d8ccf6867220\vulcan\VulcanEngine\Kernel\PhaseWorkflow.cs:line 174
   at VulcanTests.SsisEmitterTests.SsisEmitterComparer.RunVulcan(String bimlFileName, String targetDirectoryPath, String includeFileName) in c:\BuildAgent\work\c1e1d8ccf6867220\vulcan\VulcanTests\SsisEmitterTests\SsisIntermediateComparer.cs:line 160
   at VulcanTests.SsisEmitterTests.SsisEmitterComparer.CompareBimlWithDirectory(String bimlFileName, String directoryPath, String fileExtension, String includeFileName) in c:\BuildAgent\work\c1e1d8ccf6867220\vulcan\VulcanTests\SsisEmitterTests\SsisIntermediateComparer.cs:line 90
   at VulcanTests.SsisEmitterTests.SsisEmitterPackageTests.Package_Configurations_AutoCreateSql() in c:\BuildAgent\work\c1e1d8ccf6867220\vulcan\VulcanTests\SsisEmitterTests\SsisEmitterPackageTests.cs:line 79
</StackTrace>
        </ErrorInfo>
      </Output>
    </UnitTestResult>
    <UnitTestResult executionId="0227943f-d654-4d2a-bc3b-5cea88084498" testId="8095f6a4-60b4-9c46-93a5-19b797bd6a3b" testName="Package_Configurations_AutoCreateXml" computerName="BUILDER1" duration="00:00:00.3974774" startTime="2010-04-22T17:48:50.0874878-07:00" endTime="2010-04-22T17:48:50.4895280-07:00" testType="13cdc9d9-ddb5-4fa4-a97d-d965ccfc6d4b" outcome="Passed" testListId="8c84fa94-04c1-424b-9868-57a2d4851a1d" relativeResultsDirectory="0227943f-d654-4d2a-bc3b-5cea88084498">
    </UnitTestResult>
    <UnitTestResult executionId="c9bdba19-d6fb-43f1-9fd9-b2e871db24a0" testId="fcae1157-cc3b-2e85-571f-ab6572a78634" testName="Package_EmptyPackage" computerName="BUILDER1" duration="00:00:00.1511667" startTime="2010-04-22T17:48:50.4953972-07:00" endTime="2010-04-22T17:48:50.6519092-07:00" testType="13cdc9d9-ddb5-4fa4-a97d-d965ccfc6d4b" outcome="Passed" testListId="8c84fa94-04c1-424b-9868-57a2d4851a1d" relativeResultsDirectory="c9bdba19-d6fb-43f1-9fd9-b2e871db24a0">
    </UnitTestResult>
    <UnitTestResult executionId="b9ea6e2f-f9b8-4a75-b77d-ee9fca2787cc" testId="96ca07e7-84a0-be37-9f51-81ca9d8fea94" testName="Package_Events" computerName="BUILDER1" duration="00:00:00.1800212" startTime="2010-04-22T17:48:50.6607130-07:00" endTime="2010-04-22T17:48:50.8827644-07:00" testType="13cdc9d9-ddb5-4fa4-a97d-d965ccfc6d4b" outcome="Passed" testListId="8c84fa94-04c1-424b-9868-57a2d4851a1d" relativeResultsDirectory="b9ea6e2f-f9b8-4a75-b77d-ee9fca2787cc">
    </UnitTestResult>
    <UnitTestResult executionId="3f20a26a-aa4f-4b65-a16f-834693c80d83" testId="68d00bda-21f9-1029-89b8-f1a573bbb314" testName="Package_Executables" computerName="BUILDER1" duration="00:00:00.2047981" startTime="2010-04-22T17:48:50.8915682-07:00" endTime="2010-04-22T17:48:51.1018812-07:00" testType="13cdc9d9-ddb5-4fa4-a97d-d965ccfc6d4b" outcome="Passed" testListId="8c84fa94-04c1-424b-9868-57a2d4851a1d" relativeResultsDirectory="3f20a26a-aa4f-4b65-a16f-834693c80d83">
    </UnitTestResult>
    <UnitTestResult executionId="c62ef152-76a2-4695-8c09-c735c0b559bf" testId="a824607c-b4f7-776b-cb2c-96961ce73d2b" testName="Package_Expressions" computerName="BUILDER1" duration="00:00:00.2108266" startTime="2010-04-22T17:48:51.1097068-07:00" endTime="2010-04-22T17:48:51.3249108-07:00" testType="13cdc9d9-ddb5-4fa4-a97d-d965ccfc6d4b" outcome="Passed" testListId="8c84fa94-04c1-424b-9868-57a2d4851a1d" relativeResultsDirectory="c62ef152-76a2-4695-8c09-c735c0b559bf">
    </UnitTestResult>
    <UnitTestResult executionId="e4b852e1-0f57-4f68-9f0e-b480c3f7ede9" testId="4a09165f-fd6d-59ce-b502-6f2f82bf14cc" testName="Package_LogProvider" computerName="BUILDER1" duration="00:00:00.2059097" startTime="2010-04-22T17:48:51.3317582-07:00" endTime="2010-04-22T17:48:51.5420712-07:00" testType="13cdc9d9-ddb5-4fa4-a97d-d965ccfc6d4b" outcome="Passed" testListId="8c84fa94-04c1-424b-9868-57a2d4851a1d" relativeResultsDirectory="e4b852e1-0f57-4f68-9f0e-b480c3f7ede9">
    </UnitTestResult>
    <UnitTestResult executionId="7e832536-545c-43f1-bdd3-42c3dbae7bd9" testId="5ac0a621-1e37-a1d8-93ee-8ed8d9740be8" testName="Package_OleDBConnectionManager" computerName="BUILDER1" duration="00:00:00.1564531" startTime="2010-04-22T17:48:51.5498968-07:00" endTime="2010-04-22T17:48:51.7122780-07:00" testType="13cdc9d9-ddb5-4fa4-a97d-d965ccfc6d4b" outcome="Passed" testListId="8c84fa94-04c1-424b-9868-57a2d4851a1d" relativeResultsDirectory="7e832536-545c-43f1-bdd3-42c3dbae7bd9">
    </UnitTestResult>
    <UnitTestResult executionId="7ede830c-15ef-41d7-9c66-f656d2894adc" testId="8dcaf0b0-f17f-487b-1e98-eb7c6eaaaa4e" testName="Package_Variables" computerName="BUILDER1" duration="00:00:00.2772223" startTime="2010-04-22T17:48:51.7191254-07:00" endTime="2010-04-22T17:48:52.0478006-07:00" testType="13cdc9d9-ddb5-4fa4-a97d-d965ccfc6d4b" outcome="Passed" testListId="8c84fa94-04c1-424b-9868-57a2d4851a1d" relativeResultsDirectory="7ede830c-15ef-41d7-9c66-f656d2894adc">
    </UnitTestResult>
    <UnitTestResult executionId="0c218064-7ec2-4b13-8122-f8ced077996f" testId="1987d618-0db3-077a-de86-cdb1777ab095" testName="Project_Basic" computerName="BUILDER1" duration="00:00:00.1633000" startTime="2010-04-22T17:48:52.0566044-07:00" endTime="2010-04-22T17:48:52.2248548-07:00" testType="13cdc9d9-ddb5-4fa4-a97d-d965ccfc6d4b" outcome="Passed" testListId="8c84fa94-04c1-424b-9868-57a2d4851a1d" relativeResultsDirectory="0c218064-7ec2-4b13-8122-f8ced077996f">
    </UnitTestResult>
    <UnitTestResult executionId="b75830cb-ba36-4fa7-ae8b-71d3f04281fc" testId="102e335f-81d2-02d9-d6d1-87cc82b538dd" testName="Project_MultiplePackages" computerName="BUILDER1" duration="00:00:00.3262463" startTime="2010-04-22T17:48:52.2326804-07:00" endTime="2010-04-22T17:48:52.5652684-07:00" testType="13cdc9d9-ddb5-4fa4-a97d-d965ccfc6d4b" outcome="Passed" testListId="8c84fa94-04c1-424b-9868-57a2d4851a1d" relativeResultsDirectory="b75830cb-ba36-4fa7-ae8b-71d3f04281fc">
    </UnitTestResult>
    <UnitTestResult executionId="24fb09b5-7815-4b98-968c-e4ced7f7e90f" testId="a121ec7e-2f98-0954-3d5f-a6f4078e8ffd" testName="AnalysisServicesExecuteDdl_DirectInput" computerName="BUILDER1" duration="00:00:00.1843613" startTime="2010-04-22T17:48:52.5730940-07:00" endTime="2010-04-22T17:48:52.7638430-07:00" testType="13cdc9d9-ddb5-4fa4-a97d-d965ccfc6d4b" outcome="Failed" testListId="8c84fa94-04c1-424b-9868-57a2d4851a1d" relativeResultsDirectory="24fb09b5-7815-4b98-968c-e4ced7f7e90f">
      <Output>
        <ErrorInfo>
          <Message>Assert.AreEqual failed. Expected:&lt;&lt;DTS:Property DTS:Name="ConnectionString"&gt;Data Source=localhost;PROVIDER=MSOLAP;Impersonation Level=Impersonate;&lt;/DTS:Property&gt;. Actual:&lt;&lt;DTS:Property DTS:Name="ConnectionString" /&gt; &lt;DTS:Property DTS:Name="Retain"&gt;. Dtsx contents do not match.</Message>
          <StackTrace>   at VulcanTests.Ssis2008EmitterTests.DtsxComparer.CompareDtsxContents(String content1, String content2) in c:\BuildAgent\work\c1e1d8ccf6867220\vulcan\VulcanTests\Ssis2008EmitterTests\DtsxComparer.cs:line 174
   at VulcanTests.SsisEmitterTests.SsisEmitterComparer.CompareDirectories(DirectoryInfo directoryInfo1, DirectoryInfo directoryInfo2, String fileExtensions) in c:\BuildAgent\work\c1e1d8ccf6867220\vulcan\VulcanTests\SsisEmitterTests\SsisIntermediateComparer.cs:line 122
   at VulcanTests.SsisEmitterTests.SsisEmitterComparer.CompareDirectories(DirectoryInfo directoryInfo1, DirectoryInfo directoryInfo2, String fileExtensions) in c:\BuildAgent\work\c1e1d8ccf6867220\vulcan\VulcanTests\SsisEmitterTests\SsisIntermediateComparer.cs:line 135
   at VulcanTests.SsisEmitterTests.SsisEmitterComparer.CompareDirectories(DirectoryInfo directoryInfo1, DirectoryInfo directoryInfo2, String fileExtensions) in c:\BuildAgent\work\c1e1d8ccf6867220\vulcan\VulcanTests\SsisEmitterTests\SsisIntermediateComparer.cs:line 135
   at VulcanTests.SsisEmitterTests.SsisEmitterComparer.CompareDirectories(String directoryPath1, String directoryPath2, String fileExtension) in c:\BuildAgent\work\c1e1d8ccf6867220\vulcan\VulcanTests\SsisEmitterTests\SsisIntermediateComparer.cs:line 99
   at VulcanTests.SsisEmitterTests.SsisEmitterComparer.CompareBimlWithDirectory(String bimlFileName, String directoryPath, String fileExtension, String includeFileName) in c:\BuildAgent\work\c1e1d8ccf6867220\vulcan\VulcanTests\SsisEmitterTests\SsisIntermediateComparer.cs:line 92
   at VulcanTests.SsisEmitterTests.SsisEmitterTaskTests.AnalysisServicesExecuteDdl_DirectInput() in c:\BuildAgent\work\c1e1d8ccf6867220\vulcan\VulcanTests\SsisEmitterTests\SsisEmitterTaskTests.cs:line 67
</StackTrace>
        </ErrorInfo>
      </Output>
    </UnitTestResult>
    <UnitTestResult executionId="75d9d8d3-f668-4eb3-a9b7-acf8d586dd17" testId="ef10f361-43a9-450a-9597-8da838ab766f" testName="AnalysisServicesExecuteDdl_File" computerName="BUILDER1" duration="00:00:00.2155362" startTime="2010-04-22T17:48:52.7716686-07:00" endTime="2010-04-22T17:48:52.9927418-07:00" testType="13cdc9d9-ddb5-4fa4-a97d-d965ccfc6d4b" outcome="Passed" testListId="8c84fa94-04c1-424b-9868-57a2d4851a1d" relativeResultsDirectory="75d9d8d3-f668-4eb3-a9b7-acf8d586dd17">
    </UnitTestResult>
    <UnitTestResult executionId="bbfb0419-0e6b-49c4-a690-578662c6f08f" testId="2ed5e0b5-aa07-4109-f915-84b809da777c" testName="AnalysisServicesExecuteDdl_Variable" computerName="BUILDER1" duration="00:00:00.1761584" startTime="2010-04-22T17:48:53.0005674-07:00" endTime="2010-04-22T17:48:53.1825126-07:00" testType="13cdc9d9-ddb5-4fa4-a97d-d965ccfc6d4b" outcome="Failed" testListId="8c84fa94-04c1-424b-9868-57a2d4851a1d" relativeResultsDirectory="bbfb0419-0e6b-49c4-a690-578662c6f08f">
      <Output>
        <ErrorInfo>
          <Message>Assert.AreEqual failed. Expected:&lt;&lt;DTS:Property DTS:Name="ConnectionString"&gt;Data Source=localhost;PROVIDER=MSOLAP;Impersonation Level=Impersonate;&lt;/DTS:Property&gt;. Actual:&lt;&lt;DTS:Property DTS:Name="ConnectionString" /&gt; &lt;DTS:Property DTS:Name="Retain"&gt;. Dtsx contents do not match.</Message>
          <StackTrace>   at VulcanTests.Ssis2008EmitterTests.DtsxComparer.CompareDtsxContents(String content1, String content2) in c:\BuildAgent\work\c1e1d8ccf6867220\vulcan\VulcanTests\Ssis2008EmitterTests\DtsxComparer.cs:line 174
   at VulcanTests.SsisEmitterTests.SsisEmitterComparer.CompareDirectories(DirectoryInfo directoryInfo1, DirectoryInfo directoryInfo2, String fileExtensions) in c:\BuildAgent\work\c1e1d8ccf6867220\vulcan\VulcanTests\SsisEmitterTests\SsisIntermediateComparer.cs:line 122
   at VulcanTests.SsisEmitterTests.SsisEmitterComparer.CompareDirectories(DirectoryInfo directoryInfo1, DirectoryInfo directoryInfo2, String fileExtensions) in c:\BuildAgent\work\c1e1d8ccf6867220\vulcan\VulcanTests\SsisEmitterTests\SsisIntermediateComparer.cs:line 135
   at VulcanTests.SsisEmitterTests.SsisEmitterComparer.CompareDirectories(DirectoryInfo directoryInfo1, DirectoryInfo directoryInfo2, String fileExtensions) in c:\BuildAgent\work\c1e1d8ccf6867220\vulcan\VulcanTests\SsisEmitterTests\SsisIntermediateComparer.cs:line 135
   at VulcanTests.SsisEmitterTests.SsisEmitterComparer.CompareDirectories(String directoryPath1, String directoryPath2, String fileExtension) in c:\BuildAgent\work\c1e1d8ccf6867220\vulcan\VulcanTests\SsisEmitterTests\SsisIntermediateComparer.cs:line 99
   at VulcanTests.SsisEmitterTests.SsisEmitterComparer.CompareBimlWithDirectory(String bimlFileName, String directoryPath, String fileExtension, String includeFileName) in c:\BuildAgent\work\c1e1d8ccf6867220\vulcan\VulcanTests\SsisEmitterTests\SsisIntermediateComparer.cs:line 92
   at VulcanTests.SsisEmitterTests.SsisEmitterTaskTests.AnalysisServicesExecuteDdl_Variable() in c:\BuildAgent\work\c1e1d8ccf6867220\vulcan\VulcanTests\SsisEmitterTests\SsisEmitterTaskTests.cs:line 73
</StackTrace>
        </ErrorInfo>
      </Output>
    </UnitTestResult>
    <UnitTestResult executionId="2cff9660-20db-452a-9318-5db814d605c3" testId="e94e49a3-a3fe-53d0-8792-3d79817baf1b" testName="AnalysisServicesProcessing_Basic" computerName="BUILDER1" duration="00:00:00.2705500" startTime="2010-04-22T17:48:53.1903382-07:00" endTime="2010-04-22T17:48:53.4661906-07:00" testType="13cdc9d9-ddb5-4fa4-a97d-d965ccfc6d4b" outcome="Passed" testListId="8c84fa94-04c1-424b-9868-57a2d4851a1d" relativeResultsDirectory="2cff9660-20db-452a-9318-5db814d605c3">
    </UnitTestResult>
    <UnitTestResult executionId="db6ff215-4ca0-4514-81ec-f78f4b806cbf" testId="7c0d4484-9980-49d0-54e0-a8a86792b85b" testName="BulkInsert_Basic" computerName="BUILDER1" duration="00:00:00.1839850" startTime="2010-04-22T17:48:53.4720598-07:00" endTime="2010-04-22T17:48:53.6618306-07:00" testType="13cdc9d9-ddb5-4fa4-a97d-d965ccfc6d4b" outcome="Passed" testListId="8c84fa94-04c1-424b-9868-57a2d4851a1d" relativeResultsDirectory="db6ff215-4ca0-4514-81ec-f78f4b806cbf">
    </UnitTestResult>
    <UnitTestResult executionId="b3a85748-24a8-4bd0-ad89-a201c464a7d9" testId="1f86140f-89f8-911c-93e7-fbca6444cfce" testName="ExecutePackage_File" computerName="BUILDER1" duration="00:00:00.1789122" startTime="2010-04-22T17:48:53.6686780-07:00" endTime="2010-04-22T17:48:53.8525796-07:00" testType="13cdc9d9-ddb5-4fa4-a97d-d965ccfc6d4b" outcome="Passed" testListId="8c84fa94-04c1-424b-9868-57a2d4851a1d" relativeResultsDirectory="b3a85748-24a8-4bd0-ad89-a201c464a7d9">
    </UnitTestResult>
    <UnitTestResult executionId="886765b9-5d79-4b01-a87f-cf0dad5509f0" testId="6ccb298d-af20-a533-eb36-9de04161abd3" testName="ExecutePackage_Sql" computerName="BUILDER1" duration="00:00:00.2641112" startTime="2010-04-22T17:48:53.8604052-07:00" endTime="2010-04-22T17:48:54.1303884-07:00" testType="13cdc9d9-ddb5-4fa4-a97d-d965ccfc6d4b" outcome="Passed" testListId="8c84fa94-04c1-424b-9868-57a2d4851a1d" relativeResultsDirectory="886765b9-5d79-4b01-a87f-cf0dad5509f0">
    </UnitTestResult>
    <UnitTestResult executionId="74c4c228-2825-475d-b5fa-70037f1a3dcf" testId="47ccd4ea-532e-4bd2-6453-8e06424edae7" testName="ExecuteProcess_Basic" computerName="BUILDER1" duration="00:00:00.1790380" startTime="2010-04-22T17:48:54.1372358-07:00" endTime="2010-04-22T17:48:54.3250502-07:00" testType="13cdc9d9-ddb5-4fa4-a97d-d965ccfc6d4b" outcome="Passed" testListId="8c84fa94-04c1-424b-9868-57a2d4851a1d" relativeResultsDirectory="74c4c228-2825-475d-b5fa-70037f1a3dcf">
    </UnitTestResult>
    <UnitTestResult executionId="41d9432e-79a4-430d-9423-7069ba97d865" testId="e53c20d1-5e0c-3f92-3a96-7ac4b75c9384" testName="ExecuteSql_Basic" computerName="BUILDER1" duration="00:00:00.2446574" startTime="2010-04-22T17:48:54.3338540-07:00" endTime="2010-04-22T17:48:54.5842732-07:00" testType="13cdc9d9-ddb5-4fa4-a97d-d965ccfc6d4b" outcome="Passed" testListId="8c84fa94-04c1-424b-9868-57a2d4851a1d" relativeResultsDirectory="41d9432e-79a4-430d-9423-7069ba97d865">
    </UnitTestResult>
    <UnitTestResult executionId="7cb3ce14-2127-4a8d-88ef-edcf5dc6edd2" testId="591dbb46-ee45-71a5-11ca-c45245751c38" testName="ExecuteSql_CoreProperties" computerName="BUILDER1" duration="00:00:00.3508541" startTime="2010-04-22T17:48:54.5911206-07:00" endTime="2010-04-22T17:48:54.9462072-07:00" testType="13cdc9d9-ddb5-4fa4-a97d-d965ccfc6d4b" outcome="Passed" testListId="8c84fa94-04c1-424b-9868-57a2d4851a1d" relativeResultsDirectory="7cb3ce14-2127-4a8d-88ef-edcf5dc6edd2">
    </UnitTestResult>
    <UnitTestResult executionId="0a1475c4-4618-4b36-b0b5-4aaecbb61fe9" testId="f5d87b9d-723f-3e44-2979-9fe32e51f646" testName="ExecuteSql_Events" computerName="BUILDER1" duration="00:00:00.1944335" startTime="2010-04-22T17:48:54.9540328-07:00" endTime="2010-04-22T17:48:55.1545638-07:00" testType="13cdc9d9-ddb5-4fa4-a97d-d965ccfc6d4b" outcome="Passed" testListId="8c84fa94-04c1-424b-9868-57a2d4851a1d" relativeResultsDirectory="0a1475c4-4618-4b36-b0b5-4aaecbb61fe9">
    </UnitTestResult>
    <UnitTestResult executionId="45913751-4187-4e21-af99-117b6abab1a9" testId="cbdce46f-95ba-019e-e325-762c66018143" testName="ExecuteSql_Parameters" computerName="BUILDER1" duration="00:00:00.1776901" startTime="2010-04-22T17:48:55.1623894-07:00" endTime="2010-04-22T17:48:55.3453128-07:00" testType="13cdc9d9-ddb5-4fa4-a97d-d965ccfc6d4b" outcome="Passed" testListId="8c84fa94-04c1-424b-9868-57a2d4851a1d" relativeResultsDirectory="45913751-4187-4e21-af99-117b6abab1a9">
    </UnitTestResult>
    <UnitTestResult executionId="f6a70caf-6c4b-4ae2-a83f-505f24b5df06" testId="d1b4336a-be64-724f-6c58-f0d6de4e9b1e" testName="ExecuteSql_ResultSetFull" computerName="BUILDER1" duration="00:00:00.2634883" startTime="2010-04-22T17:48:55.3550948-07:00" endTime="2010-04-22T17:48:55.6250780-07:00" testType="13cdc9d9-ddb5-4fa4-a97d-d965ccfc6d4b" outcome="Passed" testListId="8c84fa94-04c1-424b-9868-57a2d4851a1d" relativeResultsDirectory="f6a70caf-6c4b-4ae2-a83f-505f24b5df06">
    </UnitTestResult>
    <UnitTestResult executionId="a4be7fb6-a96b-4a39-a596-fbaae2754dfb" testId="ce31ff2b-59db-5554-da4d-d205f18a9129" testName="Transformation_DerivedColumnBasic" computerName="BUILDER1" duration="00:00:00.2287295" startTime="2010-04-22T17:48:55.6309472-07:00" endTime="2010-04-22T17:48:55.8666934-07:00" testType="13cdc9d9-ddb5-4fa4-a97d-d965ccfc6d4b" outcome="Passed" testListId="8c84fa94-04c1-424b-9868-57a2d4851a1d" relativeResultsDirectory="a4be7fb6-a96b-4a39-a596-fbaae2754dfb">
    </UnitTestResult>
  </Results>
</TestRun>