<?xml version="1.0" encoding="UTF-8"?>
<TestRun id="7e700f9d-2d05-492a-98bd-fa01010c4914" name="SYSTEM@BUILD1 2009-08-13 14:49:28" runUser="NT AUTHORITY\SYSTEM" xmlns="http://microsoft.com/schemas/VisualStudio/TeamTest/2006">
  <TestRunConfiguration name="Default Run Configuration" id="636f1635-7250-470f-bcb3-54d410d3ab54">
    <Deployment userDeploymentRoot="C:\TeamCity\buildAgent\temp\buildTmp" useDefaultDeploymentRoot="false" runDeploymentRoot="C:\TeamCity\buildAgent\temp\buildTmp\SYSTEM_BUILD1 2009-08-13 14_49_28" />
    <Hosts skipUnhostableTests="false" />
    <TestTypeSpecific />
  </TestRunConfiguration>
  <ResultSummary outcome="Completed">
    <Counters total="242" executed="242" passed="242" error="0" failed="0" timeout="0" aborted="0" inconclusive="0" passedButRunAborted="0" notRunnable="0" notExecuted="0" disconnected="0" warning="0" completed="0" inProgress="0" pending="0" />
  </ResultSummary>
  <Times creation="2009-08-13T14:49:28.4062500-04:00" queuing="2009-08-13T14:49:29.2343750-04:00" start="2009-08-13T14:49:29.4531250-04:00" finish="2009-08-13T14:49:32.7343750-04:00" />
  <TestDefinitions>
    <UnitTest name="AccountGetTest" storage="c:\teamcity\buildagent\work\8cf616890a78d6f1\mycompany.library.test\bin\release\mycompany.library.test.dll" id="cf2038b6-f332-e9fd-398f-80ecd8ffdeb9">
      <Css projectStructure="" iteration="" />
      <Owners>
        <Owner name="" />
      </Owners>
      <Execution id="153d233f-79d5-4b65-9758-26bf0f46461d" />
      <TestMethod codeBase="C:/TeamCity/buildAgent/work/8cf616890a78d6f1/mycompany.Library.Test/bin/Release/mycompany.Library.Test.DLL" adapterTypeName="Microsoft.VisualStudio.TestTools.TestTypes.Unit.UnitTestAdapter, Microsoft.VisualStudio.QualityTools.Tips.UnitTest.Adapter" className="mycompany.Library.Test.AccountTests, mycompany.Library.Test, Version=1.0.0.0, Culture=neutral, PublicKeyToken=null" name="AccountGetTest" />
      <DataSource settingName="Account" providerInvariantName="System.Data.OleDb" />
    </UnitTest>
    <UnitTest name="BillingFamilyGetListTest" storage="c:\teamcity\buildagent\work\8cf616890a78d6f1\mycompany.library.test\bin\release\mycompany.library.test.dll" id="7f5eda67-bf65-29f3-59cd-df6e648b9ee7">
      <Css projectStructure="" iteration="" />
      <Owners>
        <Owner name="" />
      </Owners>
      <Execution id="b3d7edad-02c9-4616-ba5b-11399fe0ebdc" />
      <TestMethod codeBase="C:/TeamCity/buildAgent/work/8cf616890a78d6f1/mycompany.Library.Test/bin/Release/mycompany.Library.Test.DLL" adapterTypeName="Microsoft.VisualStudio.TestTools.TestTypes.Unit.UnitTestAdapter, Microsoft.VisualStudio.QualityTools.Tips.UnitTest.Adapter" className="mycompany.Library.Test.BillingFamilyTests, mycompany.Library.Test, Version=1.0.0.0, Culture=neutral, PublicKeyToken=null" name="BillingFamilyGetListTest" />
    </UnitTest>
    <UnitTest name="InvalidDateAfterEnd" storage="c:\teamcity\buildagent\work\8cf616890a78d6f1\mycompany.library.test\bin\release\mycompany.library.test.dll" id="31024ef4-cf9d-c596-3524-0e871d315c93">
      <Css projectStructure="" iteration="" />
      <Owners>
        <Owner name="" />
      </Owners>
      <Execution id="98e578f7-4376-4829-8ea1-52f496e42392" />
      <TestMethod codeBase="C:/TeamCity/buildAgent/work/8cf616890a78d6f1/mycompany.Library.Test/bin/Release/mycompany.Library.Test.DLL" adapterTypeName="Microsoft.VisualStudio.TestTools.TestTypes.Unit.UnitTestAdapter, Microsoft.VisualStudio.QualityTools.Tips.UnitTest.Adapter" className="mycompany.Library.Test.LookupDataTests, mycompany.Library.Test, Version=1.0.0.0, Culture=neutral, PublicKeyToken=null" name="InvalidDateAfterEnd" expectedException="System.InvalidOperationException, mscorlib, Version=2.0.0.0, Culture=neutral, PublicKeyToken=b77a5c561934e089" />
    </UnitTest>
    <UnitTest name="GetTariffList" storage="c:\teamcity\buildagent\work\8cf616890a78d6f1\mycompany.library.test\bin\release\mycompany.library.test.dll" id="83806c1b-0845-2218-fe7b-927315a3ce8b">
      <Css projectStructure="" iteration="" />
      <Owners>
        <Owner name="" />
      </Owners>
      <Execution id="6e511c94-a383-4e5a-9c3a-a6a82334acd1" />
      <TestMethod codeBase="C:/TeamCity/buildAgent/work/8cf616890a78d6f1/mycompany.Library.Test/bin/Release/mycompany.Library.Test.DLL" adapterTypeName="Microsoft.VisualStudio.TestTools.TestTypes.Unit.UnitTestAdapter, Microsoft.VisualStudio.QualityTools.Tips.UnitTest.Adapter" className="mycompany.Library.Test.LookupDataTests, mycompany.Library.Test, Version=1.0.0.0, Culture=neutral, PublicKeyToken=null" name="GetTariffList" />
    </UnitTest>
    <UnitTest name="GetServiceTypeList" storage="c:\teamcity\buildagent\work\8cf616890a78d6f1\mycompany.library.test\bin\release\mycompany.library.test.dll" id="3e403001-b6f8-c89a-9bfa-443b09169e90">
      <Css projectStructure="" iteration="" />
      <Owners>
        <Owner name="" />
      </Owners>
      <Execution id="ba7b1f7f-92fd-45a9-aa8a-beb82c28ff6d" />
      <TestMethod codeBase="C:/TeamCity/buildAgent/work/8cf616890a78d6f1/mycompany.Library.Test/bin/Release/mycompany.Library.Test.DLL" adapterTypeName="Microsoft.VisualStudio.TestTools.TestTypes.Unit.UnitTestAdapter, Microsoft.VisualStudio.QualityTools.Tips.UnitTest.Adapter" className="mycompany.Library.Test.LookupDataTests, mycompany.Library.Test, Version=1.0.0.0, Culture=neutral, PublicKeyToken=null" name="GetServiceTypeList" />
    </UnitTest>
    <UnitTest name="AccountGetListTest" storage="c:\teamcity\buildagent\work\8cf616890a78d6f1\mycompany.library.test\bin\release\mycompany.library.test.dll" id="46eb9a72-5893-b401-287f-70b8d4bc17a7">
      <Css projectStructure="" iteration="" />
      <Owners>
        <Owner name="" />
      </Owners>
      <Execution id="5a2ad692-4226-4231-be3b-426fa5cab4fd" />
      <TestMethod codeBase="C:/TeamCity/buildAgent/work/8cf616890a78d6f1/mycompany.Library.Test/bin/Release/mycompany.Library.Test.DLL" adapterTypeName="Microsoft.VisualStudio.TestTools.TestTypes.Unit.UnitTestAdapter, Microsoft.VisualStudio.QualityTools.Tips.UnitTest.Adapter" className="mycompany.Library.Test.AccountTests, mycompany.Library.Test, Version=1.0.0.0, Culture=neutral, PublicKeyToken=null" name="AccountGetListTest" />
    </UnitTest>
    <UnitTest name="GetDiscountLookup" storage="c:\teamcity\buildagent\work\8cf616890a78d6f1\mycompany.library.test\bin\release\mycompany.library.test.dll" id="56a60560-ac56-1247-a8c5-284e97d9a49c">
      <Css projectStructure="" iteration="" />
      <Owners>
        <Owner name="" />
      </Owners>
      <DeploymentItems>
        <DeploymentItem filename="mycompany.Library.Test\TestData\Discounts.csv" />
      </DeploymentItems>
      <Execution id="f4d5046b-f57e-4eeb-92ba-d2f367f78471" />
      <TestMethod codeBase="C:/TeamCity/buildAgent/work/8cf616890a78d6f1/mycompany.Library.Test/bin/Release/mycompany.Library.Test.DLL" adapterTypeName="Microsoft.VisualStudio.TestTools.TestTypes.Unit.UnitTestAdapter, Microsoft.VisualStudio.QualityTools.Tips.UnitTest.Adapter" className="mycompany.Library.Test.LookupDataTests, mycompany.Library.Test, Version=1.0.0.0, Culture=neutral, PublicKeyToken=null" name="GetDiscountLookup" />
      <DataSource connectionString="|DataDirectory|\Discounts.csv" providerInvariantName="Microsoft.VisualStudio.TestTools.DataSource.CSV" tableName="Discounts#csv" />
    </UnitTest>
    <UnitTest name="GetPackageTypeList" storage="c:\teamcity\buildagent\work\8cf616890a78d6f1\mycompany.library.test\bin\release\mycompany.library.test.dll" id="8e5a21e1-4ec3-cdd7-6b3a-1871a586e81e">
      <Css projectStructure="" iteration="" />
      <Owners>
        <Owner name="" />
      </Owners>
      <Execution id="14f8ca2a-fcd6-45be-a990-aab490796f0a" />
      <TestMethod codeBase="C:/TeamCity/buildAgent/work/8cf616890a78d6f1/mycompany.Library.Test/bin/Release/mycompany.Library.Test.DLL" adapterTypeName="Microsoft.VisualStudio.TestTools.TestTypes.Unit.UnitTestAdapter, Microsoft.VisualStudio.QualityTools.Tips.UnitTest.Adapter" className="mycompany.Library.Test.LookupDataTests, mycompany.Library.Test, Version=1.0.0.0, Culture=neutral, PublicKeyToken=null" name="GetPackageTypeList" />
    </UnitTest>
    <UnitTest name="GetPackageTypeLookup" storage="c:\teamcity\buildagent\work\8cf616890a78d6f1\mycompany.library.test\bin\release\mycompany.library.test.dll" id="679e7ba0-fdd2-bca3-f170-f90fc3f8cb11">
      <Css projectStructure="" iteration="" />
      <Owners>
        <Owner name="" />
      </Owners>
      <DeploymentItems>
        <DeploymentItem filename="mycompany.Library.Test\LookupTables\LookupTestData.xml" />
      </DeploymentItems>
      <Execution id="bee66030-168c-43d4-b540-9960eccc9fd7" />
      <TestMethod codeBase="C:/TeamCity/buildAgent/work/8cf616890a78d6f1/mycompany.Library.Test/bin/Release/mycompany.Library.Test.DLL" adapterTypeName="Microsoft.VisualStudio.TestTools.TestTypes.Unit.UnitTestAdapter, Microsoft.VisualStudio.QualityTools.Tips.UnitTest.Adapter" className="mycompany.Library.Test.LookupDataTests, mycompany.Library.Test, Version=1.0.0.0, Culture=neutral, PublicKeyToken=null" name="GetPackageTypeLookup" />
      <DataSource connectionString="|DataDirectory|\LookupTestData.xml" providerInvariantName="Microsoft.VisualStudio.TestTools.DataSource.XML" tableName="PackageType" />
    </UnitTest>
    <UnitTest name="BillingFamilyAddTest" storage="c:\teamcity\buildagent\work\8cf616890a78d6f1\mycompany.library.test\bin\release\mycompany.library.test.dll" id="7f3cc03e-dbc1-2f42-f02b-32b1aa534af6">
      <Css projectStructure="" iteration="" />
      <Owners>
        <Owner name="" />
      </Owners>
      <Execution id="4958cb7d-cc80-4ebc-b956-5189705097a8" />
      <TestMethod codeBase="C:/TeamCity/buildAgent/work/8cf616890a78d6f1/mycompany.Library.Test/bin/Release/mycompany.Library.Test.DLL" adapterTypeName="Microsoft.VisualStudio.TestTools.TestTypes.Unit.UnitTestAdapter, Microsoft.VisualStudio.QualityTools.Tips.UnitTest.Adapter" className="mycompany.Library.Test.BillingFamilyTests, mycompany.Library.Test, Version=1.0.0.0, Culture=neutral, PublicKeyToken=null" name="BillingFamilyAddTest" />
    </UnitTest>
    <UnitTest name="InvalidWeightForCustomerPackage" storage="c:\teamcity\buildagent\work\8cf616890a78d6f1\mycompany.library.test\bin\release\mycompany.library.test.dll" id="834555c2-47ee-b307-5895-983a0a276bfe">
      <Css projectStructure="" iteration="" />
      <Owners>
        <Owner name="" />
      </Owners>
      <Execution id="2bbbf73b-accf-4796-a241-be7c259441a8" />
      <TestMethod codeBase="C:/TeamCity/buildAgent/work/8cf616890a78d6f1/mycompany.Library.Test/bin/Release/mycompany.Library.Test.DLL" adapterTypeName="Microsoft.VisualStudio.TestTools.TestTypes.Unit.UnitTestAdapter, Microsoft.VisualStudio.QualityTools.Tips.UnitTest.Adapter" className="mycompany.Library.Test.LookupDataTests, mycompany.Library.Test, Version=1.0.0.0, Culture=neutral, PublicKeyToken=null" name="InvalidWeightForCustomerPackage" expectedException="System.InvalidOperationException, mscorlib, Version=2.0.0.0, Culture=neutral, PublicKeyToken=b77a5c561934e089" />
    </UnitTest>
    <UnitTest name="BillingFamilyRepositoryConstructorTest" storage="c:\teamcity\buildagent\work\8cf616890a78d6f1\mycompany.library.test\bin\release\mycompany.library.test.dll" id="0598cf0f-dd6c-9580-73b7-ef64c8e0be40">
      <Css projectStructure="" iteration="" />
      <Owners>
        <Owner name="" />
      </Owners>
      <Execution id="63147ee2-3b00-426b-82d5-88efe542b2d1" />
      <TestMethod codeBase="C:/TeamCity/buildAgent/work/8cf616890a78d6f1/mycompany.Library.Test/bin/Release/mycompany.Library.Test.DLL" adapterTypeName="Microsoft.VisualStudio.TestTools.TestTypes.Unit.UnitTestAdapter, Microsoft.VisualStudio.QualityTools.Tips.UnitTest.Adapter" className="mycompany.Library.Test.BillingFamilyTests, mycompany.Library.Test, Version=1.0.0.0, Culture=neutral, PublicKeyToken=null" name="BillingFamilyRepositoryConstructorTest" />
    </UnitTest>
    <UnitTest name="GetTariffLookup" storage="c:\teamcity\buildagent\work\8cf616890a78d6f1\mycompany.library.test\bin\release\mycompany.library.test.dll" id="ed57d6be-1bec-ef28-901c-0566b4a38159">
      <Css projectStructure="" iteration="" />
      <Owners>
        <Owner name="" />
      </Owners>
      <DeploymentItems>
        <DeploymentItem filename="mycompany.Library.Test\LookupTables\LookupTestData.xml" />
      </DeploymentItems>
      <Execution id="cc3f168d-93aa-4242-8929-d89ee143cc14" />
      <TestMethod codeBase="C:/TeamCity/buildAgent/work/8cf616890a78d6f1/mycompany.Library.Test/bin/Release/mycompany.Library.Test.DLL" adapterTypeName="Microsoft.VisualStudio.TestTools.TestTypes.Unit.UnitTestAdapter, Microsoft.VisualStudio.QualityTools.Tips.UnitTest.Adapter" className="mycompany.Library.Test.LookupDataTests, mycompany.Library.Test, Version=1.0.0.0, Culture=neutral, PublicKeyToken=null" name="GetTariffLookup" />
      <DataSource connectionString="|DataDirectory|\LookupTestData.xml" providerInvariantName="Microsoft.VisualStudio.TestTools.DataSource.XML" tableName="Tariff" />
    </UnitTest>
    <UnitTest name="GetRoleLookup" storage="c:\teamcity\buildagent\work\8cf616890a78d6f1\mycompany.library.test\bin\release\mycompany.library.test.dll" id="df49ea11-dd9d-fbd8-1b1b-9e63dbdbb24e">
      <Css projectStructure="" iteration="" />
      <Owners>
        <Owner name="" />
      </Owners>
      <DeploymentItems>
        <DeploymentItem filename="mycompany.Library.Test\LookupTables\LookupTestData.xml" />
      </DeploymentItems>
      <Execution id="a449d32e-416d-4b01-8151-5d739e8ad9e2" />
      <TestMethod codeBase="C:/TeamCity/buildAgent/work/8cf616890a78d6f1/mycompany.Library.Test/bin/Release/mycompany.Library.Test.DLL" adapterTypeName="Microsoft.VisualStudio.TestTools.TestTypes.Unit.UnitTestAdapter, Microsoft.VisualStudio.QualityTools.Tips.UnitTest.Adapter" className="mycompany.Library.Test.LookupDataTests, mycompany.Library.Test, Version=1.0.0.0, Culture=neutral, PublicKeyToken=null" name="GetRoleLookup" />
      <DataSource connectionString="|DataDirectory|\LookupTestData.xml" providerInvariantName="Microsoft.VisualStudio.TestTools.DataSource.XML" tableName="Role" />
    </UnitTest>
    <UnitTest name="GetDiscountTierList" storage="c:\teamcity\buildagent\work\8cf616890a78d6f1\mycompany.library.test\bin\release\mycompany.library.test.dll" id="d87175d4-cc01-195a-7331-7dda948d4a0e">
      <Css projectStructure="" iteration="" />
      <Owners>
        <Owner name="" />
      </Owners>
      <Execution id="7101cce9-a621-4e7b-b723-feb320045af0" />
      <TestMethod codeBase="C:/TeamCity/buildAgent/work/8cf616890a78d6f1/mycompany.Library.Test/bin/Release/mycompany.Library.Test.DLL" adapterTypeName="Microsoft.VisualStudio.TestTools.TestTypes.Unit.UnitTestAdapter, Microsoft.VisualStudio.QualityTools.Tips.UnitTest.Adapter" className="mycompany.Library.Test.LookupDataTests, mycompany.Library.Test, Version=1.0.0.0, Culture=neutral, PublicKeyToken=null" name="GetDiscountTierList" />
    </UnitTest>
    <UnitTest name="BillingFamilyUpdateTest" storage="c:\teamcity\buildagent\work\8cf616890a78d6f1\mycompany.library.test\bin\release\mycompany.library.test.dll" id="533e3346-76e9-eb09-7d39-32af4e41323a">
      <Css projectStructure="" iteration="" />
      <Owners>
        <Owner name="" />
      </Owners>
      <Execution id="ded577ac-024e-4ff4-8c7d-92a769fba343" />
      <TestMethod codeBase="C:/TeamCity/buildAgent/work/8cf616890a78d6f1/mycompany.Library.Test/bin/Release/mycompany.Library.Test.DLL" adapterTypeName="Microsoft.VisualStudio.TestTools.TestTypes.Unit.UnitTestAdapter, Microsoft.VisualStudio.QualityTools.Tips.UnitTest.Adapter" className="mycompany.Library.Test.BillingFamilyTests, mycompany.Library.Test, Version=1.0.0.0, Culture=neutral, PublicKeyToken=null" name="BillingFamilyUpdateTest" />
    </UnitTest>
    <UnitTest name="InvalidWeightForEnvelopeIsIgnored" storage="c:\teamcity\buildagent\work\8cf616890a78d6f1\mycompany.library.test\bin\release\mycompany.library.test.dll" id="99c324dc-b3d8-1917-a7c9-07da0d88c248">
      <Css projectStructure="" iteration="" />
      <Owners>
        <Owner name="" />
      </Owners>
      <Execution id="0c425951-336b-4e87-9ac9-648038839afc" />
      <TestMethod codeBase="C:/TeamCity/buildAgent/work/8cf616890a78d6f1/mycompany.Library.Test/bin/Release/mycompany.Library.Test.DLL" adapterTypeName="Microsoft.VisualStudio.TestTools.TestTypes.Unit.UnitTestAdapter, Microsoft.VisualStudio.QualityTools.Tips.UnitTest.Adapter" className="mycompany.Library.Test.LookupDataTests, mycompany.Library.Test, Version=1.0.0.0, Culture=neutral, PublicKeyToken=null" name="InvalidWeightForEnvelopeIsIgnored" />
    </UnitTest>
    <UnitTest name="GetServiceTypeLookup" storage="c:\teamcity\buildagent\work\8cf616890a78d6f1\mycompany.library.test\bin\release\mycompany.library.test.dll" id="df39ad87-f8e6-bbdc-c1b7-7582d526fd13">
      <Css projectStructure="" iteration="" />
      <Owners>
        <Owner name="" />
      </Owners>
      <DeploymentItems>
        <DeploymentItem filename="mycompany.Library.Test\LookupTables\LookupTestData.xml" />
      </DeploymentItems>
      <Execution id="912cc550-dac1-46b2-b217-8d26c056fe23" />
      <TestMethod codeBase="C:/TeamCity/buildAgent/work/8cf616890a78d6f1/mycompany.Library.Test/bin/Release/mycompany.Library.Test.DLL" adapterTypeName="Microsoft.VisualStudio.TestTools.TestTypes.Unit.UnitTestAdapter, Microsoft.VisualStudio.QualityTools.Tips.UnitTest.Adapter" className="mycompany.Library.Test.LookupDataTests, mycompany.Library.Test, Version=1.0.0.0, Culture=neutral, PublicKeyToken=null" name="GetServiceTypeLookup" />
      <DataSource connectionString="|DataDirectory|\LookupTestData.xml" providerInvariantName="Microsoft.VisualStudio.TestTools.DataSource.XML" tableName="ServiceType" />
    </UnitTest>
    <UnitTest name="BillingFamilyGetTest" storage="c:\teamcity\buildagent\work\8cf616890a78d6f1\mycompany.library.test\bin\release\mycompany.library.test.dll" id="bdbbaf0f-03d8-e499-adbd-fa177dc437bf">
      <Css projectStructure="" iteration="" />
      <Owners>
        <Owner name="" />
      </Owners>
      <Execution id="f1a70c5a-e7c7-44af-abfd-063c857dea44" />
      <TestMethod codeBase="C:/TeamCity/buildAgent/work/8cf616890a78d6f1/mycompany.Library.Test/bin/Release/mycompany.Library.Test.DLL" adapterTypeName="Microsoft.VisualStudio.TestTools.TestTypes.Unit.UnitTestAdapter, Microsoft.VisualStudio.QualityTools.Tips.UnitTest.Adapter" className="mycompany.Library.Test.BillingFamilyTests, mycompany.Library.Test, Version=1.0.0.0, Culture=neutral, PublicKeyToken=null" name="BillingFamilyGetTest" />
      <DataSource settingName="BillingFamily" providerInvariantName="System.Data.OleDb" />
    </UnitTest>
    <UnitTest name="GetRoleList" storage="c:\teamcity\buildagent\work\8cf616890a78d6f1\mycompany.library.test\bin\release\mycompany.library.test.dll" id="6cce287b-adff-25e0-deae-4ba3668a9efd">
      <Css projectStructure="" iteration="" />
      <Owners>
        <Owner name="" />
      </Owners>
      <Execution id="85f0b13f-4d29-4fde-9156-d2873e3a33fe" />
      <TestMethod codeBase="C:/TeamCity/buildAgent/work/8cf616890a78d6f1/mycompany.Library.Test/bin/Release/mycompany.Library.Test.DLL" adapterTypeName="Microsoft.VisualStudio.TestTools.TestTypes.Unit.UnitTestAdapter, Microsoft.VisualStudio.QualityTools.Tips.UnitTest.Adapter" className="mycompany.Library.Test.LookupDataTests, mycompany.Library.Test, Version=1.0.0.0, Culture=neutral, PublicKeyToken=null" name="GetRoleList" />
    </UnitTest>
    <UnitTest name="InvalidDateBeforeStart" storage="c:\teamcity\buildagent\work\8cf616890a78d6f1\mycompany.library.test\bin\release\mycompany.library.test.dll" id="a0cba224-7ad4-81c0-4e78-dd6297076a2d">
      <Css projectStructure="" iteration="" />
      <Owners>
        <Owner name="" />
      </Owners>
      <Execution id="95ed86b3-5901-4207-8ecb-b73c0009d356" />
      <TestMethod codeBase="C:/TeamCity/buildAgent/work/8cf616890a78d6f1/mycompany.Library.Test/bin/Release/mycompany.Library.Test.DLL" adapterTypeName="Microsoft.VisualStudio.TestTools.TestTypes.Unit.UnitTestAdapter, Microsoft.VisualStudio.QualityTools.Tips.UnitTest.Adapter" className="mycompany.Library.Test.LookupDataTests, mycompany.Library.Test, Version=1.0.0.0, Culture=neutral, PublicKeyToken=null" name="InvalidDateBeforeStart" expectedException="System.InvalidOperationException, mscorlib, Version=2.0.0.0, Culture=neutral, PublicKeyToken=b77a5c561934e089" />
    </UnitTest>
    <UnitTest name="LookupRepositoryConstructorTest" storage="c:\teamcity\buildagent\work\8cf616890a78d6f1\mycompany.library.test\bin\release\mycompany.library.test.dll" id="da97b0af-7c7f-72a2-2b6b-3df0b1afcb91">
      <Css projectStructure="" iteration="" />
      <Owners>
        <Owner name="" />
      </Owners>
      <Execution id="6f874dad-9928-4ce9-9501-d8b711c499fa" />
      <TestMethod codeBase="C:/TeamCity/buildAgent/work/8cf616890a78d6f1/mycompany.Library.Test/bin/Release/mycompany.Library.Test.DLL" adapterTypeName="Microsoft.VisualStudio.TestTools.TestTypes.Unit.UnitTestAdapter, Microsoft.VisualStudio.QualityTools.Tips.UnitTest.Adapter" className="mycompany.Library.Test.LookupDataTests, mycompany.Library.Test, Version=1.0.0.0, Culture=neutral, PublicKeyToken=null" name="LookupRepositoryConstructorTest" />
    </UnitTest>
  </TestDefinitions>
  <TestLists>
    <TestList name="Results Not in a List" id="8c84fa94-04c1-424b-9868-57a2d4851a1d" />
    <TestList name="All Loaded Results" id="19431567-8539-422a-85d7-44ee4e166bda" />
  </TestLists>
  <TestEntries>
    <TestEntry testId="46eb9a72-5893-b401-287f-70b8d4bc17a7" executionId="5a2ad692-4226-4231-be3b-426fa5cab4fd" testListId="8c84fa94-04c1-424b-9868-57a2d4851a1d" />
    <TestEntry testId="cf2038b6-f332-e9fd-398f-80ecd8ffdeb9" executionId="153d233f-79d5-4b65-9758-26bf0f46461d" testListId="8c84fa94-04c1-424b-9868-57a2d4851a1d" />
    <TestEntry testId="7f3cc03e-dbc1-2f42-f02b-32b1aa534af6" executionId="4958cb7d-cc80-4ebc-b956-5189705097a8" testListId="8c84fa94-04c1-424b-9868-57a2d4851a1d" />
    <TestEntry testId="7f5eda67-bf65-29f3-59cd-df6e648b9ee7" executionId="b3d7edad-02c9-4616-ba5b-11399fe0ebdc" testListId="8c84fa94-04c1-424b-9868-57a2d4851a1d" />
    <TestEntry testId="bdbbaf0f-03d8-e499-adbd-fa177dc437bf" executionId="f1a70c5a-e7c7-44af-abfd-063c857dea44" testListId="8c84fa94-04c1-424b-9868-57a2d4851a1d" />
    <TestEntry testId="0598cf0f-dd6c-9580-73b7-ef64c8e0be40" executionId="63147ee2-3b00-426b-82d5-88efe542b2d1" testListId="8c84fa94-04c1-424b-9868-57a2d4851a1d" />
    <TestEntry testId="533e3346-76e9-eb09-7d39-32af4e41323a" executionId="ded577ac-024e-4ff4-8c7d-92a769fba343" testListId="8c84fa94-04c1-424b-9868-57a2d4851a1d" />
    <TestEntry testId="56a60560-ac56-1247-a8c5-284e97d9a49c" executionId="f4d5046b-f57e-4eeb-92ba-d2f367f78471" testListId="8c84fa94-04c1-424b-9868-57a2d4851a1d" />
    <TestEntry testId="d87175d4-cc01-195a-7331-7dda948d4a0e" executionId="7101cce9-a621-4e7b-b723-feb320045af0" testListId="8c84fa94-04c1-424b-9868-57a2d4851a1d" />
    <TestEntry testId="8e5a21e1-4ec3-cdd7-6b3a-1871a586e81e" executionId="14f8ca2a-fcd6-45be-a990-aab490796f0a" testListId="8c84fa94-04c1-424b-9868-57a2d4851a1d" />
    <TestEntry testId="679e7ba0-fdd2-bca3-f170-f90fc3f8cb11" executionId="bee66030-168c-43d4-b540-9960eccc9fd7" testListId="8c84fa94-04c1-424b-9868-57a2d4851a1d" />
    <TestEntry testId="6cce287b-adff-25e0-deae-4ba3668a9efd" executionId="85f0b13f-4d29-4fde-9156-d2873e3a33fe" testListId="8c84fa94-04c1-424b-9868-57a2d4851a1d" />
    <TestEntry testId="df49ea11-dd9d-fbd8-1b1b-9e63dbdbb24e" executionId="a449d32e-416d-4b01-8151-5d739e8ad9e2" testListId="8c84fa94-04c1-424b-9868-57a2d4851a1d" />
    <TestEntry testId="3e403001-b6f8-c89a-9bfa-443b09169e90" executionId="ba7b1f7f-92fd-45a9-aa8a-beb82c28ff6d" testListId="8c84fa94-04c1-424b-9868-57a2d4851a1d" />
    <TestEntry testId="df39ad87-f8e6-bbdc-c1b7-7582d526fd13" executionId="912cc550-dac1-46b2-b217-8d26c056fe23" testListId="8c84fa94-04c1-424b-9868-57a2d4851a1d" />
    <TestEntry testId="83806c1b-0845-2218-fe7b-927315a3ce8b" executionId="6e511c94-a383-4e5a-9c3a-a6a82334acd1" testListId="8c84fa94-04c1-424b-9868-57a2d4851a1d" />
    <TestEntry testId="ed57d6be-1bec-ef28-901c-0566b4a38159" executionId="cc3f168d-93aa-4242-8929-d89ee143cc14" testListId="8c84fa94-04c1-424b-9868-57a2d4851a1d" />
    <TestEntry testId="31024ef4-cf9d-c596-3524-0e871d315c93" executionId="98e578f7-4376-4829-8ea1-52f496e42392" testListId="8c84fa94-04c1-424b-9868-57a2d4851a1d" />
    <TestEntry testId="a0cba224-7ad4-81c0-4e78-dd6297076a2d" executionId="95ed86b3-5901-4207-8ecb-b73c0009d356" testListId="8c84fa94-04c1-424b-9868-57a2d4851a1d" />
    <TestEntry testId="834555c2-47ee-b307-5895-983a0a276bfe" executionId="2bbbf73b-accf-4796-a241-be7c259441a8" testListId="8c84fa94-04c1-424b-9868-57a2d4851a1d" />
    <TestEntry testId="99c324dc-b3d8-1917-a7c9-07da0d88c248" executionId="0c425951-336b-4e87-9ac9-648038839afc" testListId="8c84fa94-04c1-424b-9868-57a2d4851a1d" />
    <TestEntry testId="da97b0af-7c7f-72a2-2b6b-3df0b1afcb91" executionId="6f874dad-9928-4ce9-9501-d8b711c499fa" testListId="8c84fa94-04c1-424b-9868-57a2d4851a1d" />
  </TestEntries>
  <Results>
    <UnitTestResult executionId="5a2ad692-4226-4231-be3b-426fa5cab4fd" testId="46eb9a72-5893-b401-287f-70b8d4bc17a7" testName="AccountGetListTest" computerName="BUILD1" duration="00:00:00.2050581" startTime="2009-08-13T14:49:29.5000000-04:00" endTime="2009-08-13T14:49:30.1250000-04:00" testType="13cdc9d9-ddb5-4fa4-a97d-d965ccfc6d4b" outcome="Passed" testListId="8c84fa94-04c1-424b-9868-57a2d4851a1d">
      <Output>
      </Output>
    </UnitTestResult>
    <UnitTestResult executionId="153d233f-79d5-4b65-9758-26bf0f46461d" testId="cf2038b6-f332-e9fd-398f-80ecd8ffdeb9" testName="AccountGetTest" computerName="BUILD1" duration="00:00:00.0581154" startTime="2009-08-13T14:49:30.1250000-04:00" endTime="2009-08-13T14:49:30.2031250-04:00" testType="13cdc9d9-ddb5-4fa4-a97d-d965ccfc6d4b" outcome="Passed" testListId="8c84fa94-04c1-424b-9868-57a2d4851a1d" resultType="DataDrivenTest">
      <Output>
      </Output>
      <Counters error="0" failed="0" timeout="0" aborted="0" inconclusive="0" passedButRunAborted="0" notRunnable="0" notExecuted="0" disconnected="0" warning="0" passed="2" completed="0" inProgress="0" pending="0" />
      <InnerResults>
        <UnitTestResult executionId="56c94091-aece-4a6a-af28-f866e587d28b" parentExecutionId="153d233f-79d5-4b65-9758-26bf0f46461d" testId="cf2038b6-f332-e9fd-398f-80ecd8ffdeb9" testName="AccountGetTest" computerName="BUILD1" duration="00:00:00.0091888" startTime="2009-08-13T14:49:30.1562500-04:00" endTime="2009-08-13T14:49:30.1718750-04:00" testType="13cdc9d9-ddb5-4fa4-a97d-d965ccfc6d4b" outcome="Passed" testListId="8c84fa94-04c1-424b-9868-57a2d4851a1d" dataRowInfo="0" resultType="DataDrivenDataRow" />
        <UnitTestResult executionId="2772c5cb-2843-49c4-8a56-f151f866d005" parentExecutionId="153d233f-79d5-4b65-9758-26bf0f46461d" testId="cf2038b6-f332-e9fd-398f-80ecd8ffdeb9" testName="AccountGetTest" computerName="BUILD1" duration="00:00:00.0251851" startTime="2009-08-13T14:49:30.1718750-04:00" endTime="2009-08-13T14:49:30.2031250-04:00" testType="13cdc9d9-ddb5-4fa4-a97d-d965ccfc6d4b" outcome="Passed" testListId="8c84fa94-04c1-424b-9868-57a2d4851a1d" dataRowInfo="1" resultType="DataDrivenDataRow" />
      </InnerResults>
    </UnitTestResult>
    <UnitTestResult executionId="4958cb7d-cc80-4ebc-b956-5189705097a8" testId="7f3cc03e-dbc1-2f42-f02b-32b1aa534af6" testName="BillingFamilyAddTest" computerName="BUILD1" duration="00:00:00.0261294" startTime="2009-08-13T14:49:30.2031250-04:00" endTime="2009-08-13T14:49:30.2343750-04:00" testType="13cdc9d9-ddb5-4fa4-a97d-d965ccfc6d4b" outcome="Passed" testListId="8c84fa94-04c1-424b-9868-57a2d4851a1d">
      <Output>
      </Output>
    </UnitTestResult>
    <UnitTestResult executionId="b3d7edad-02c9-4616-ba5b-11399fe0ebdc" testId="7f5eda67-bf65-29f3-59cd-df6e648b9ee7" testName="BillingFamilyGetListTest" computerName="BUILD1" duration="00:00:00.0137977" startTime="2009-08-13T14:49:30.2343750-04:00" endTime="2009-08-13T14:49:30.2500000-04:00" testType="13cdc9d9-ddb5-4fa4-a97d-d965ccfc6d4b" outcome="Passed" testListId="8c84fa94-04c1-424b-9868-57a2d4851a1d">
      <Output>
      </Output>
    </UnitTestResult>
    <UnitTestResult executionId="f1a70c5a-e7c7-44af-abfd-063c857dea44" testId="bdbbaf0f-03d8-e499-adbd-fa177dc437bf" testName="BillingFamilyGetTest" computerName="BUILD1" duration="00:00:00.0186737" startTime="2009-08-13T14:49:30.2500000-04:00" endTime="2009-08-13T14:49:30.2812500-04:00" testType="13cdc9d9-ddb5-4fa4-a97d-d965ccfc6d4b" outcome="Passed" testListId="8c84fa94-04c1-424b-9868-57a2d4851a1d" resultType="DataDrivenTest">
      <Output>
      </Output>
      <Counters error="0" failed="0" timeout="0" aborted="0" inconclusive="0" passedButRunAborted="0" notRunnable="0" notExecuted="0" disconnected="0" warning="0" passed="2" completed="0" inProgress="0" pending="0" />
      <InnerResults>
        <UnitTestResult executionId="81d3d57d-7129-4fae-9c9b-a7125822f750" parentExecutionId="f1a70c5a-e7c7-44af-abfd-063c857dea44" testId="bdbbaf0f-03d8-e499-adbd-fa177dc437bf" testName="BillingFamilyGetTest" computerName="BUILD1" duration="00:00:00.0017945" startTime="2009-08-13T14:49:30.2656250-04:00" endTime="2009-08-13T14:49:30.2656250-04:00" testType="13cdc9d9-ddb5-4fa4-a97d-d965ccfc6d4b" outcome="Passed" testListId="8c84fa94-04c1-424b-9868-57a2d4851a1d" dataRowInfo="0" resultType="DataDrivenDataRow" />
        <UnitTestResult executionId="e2f8dac5-3ed2-45de-b7d6-4e208796b55d" parentExecutionId="f1a70c5a-e7c7-44af-abfd-063c857dea44" testId="bdbbaf0f-03d8-e499-adbd-fa177dc437bf" testName="BillingFamilyGetTest" computerName="BUILD1" duration="00:00:00.0148187" startTime="2009-08-13T14:49:30.2656250-04:00" endTime="2009-08-13T14:49:30.2812500-04:00" testType="13cdc9d9-ddb5-4fa4-a97d-d965ccfc6d4b" outcome="Passed" testListId="8c84fa94-04c1-424b-9868-57a2d4851a1d" dataRowInfo="1" resultType="DataDrivenDataRow" />
      </InnerResults>
    </UnitTestResult>
    <UnitTestResult executionId="63147ee2-3b00-426b-82d5-88efe542b2d1" testId="0598cf0f-dd6c-9580-73b7-ef64c8e0be40" testName="BillingFamilyRepositoryConstructorTest" computerName="BUILD1" duration="00:00:00.0006183" startTime="2009-08-13T14:49:30.2812500-04:00" endTime="2009-08-13T14:49:30.2812500-04:00" testType="13cdc9d9-ddb5-4fa4-a97d-d965ccfc6d4b" outcome="Passed" testListId="8c84fa94-04c1-424b-9868-57a2d4851a1d">
      <Output>
      </Output>
    </UnitTestResult>
    <UnitTestResult executionId="ded577ac-024e-4ff4-8c7d-92a769fba343" testId="533e3346-76e9-eb09-7d39-32af4e41323a" testName="BillingFamilyUpdateTest" computerName="BUILD1" duration="00:00:00.0533143" startTime="2009-08-13T14:49:30.2812500-04:00" endTime="2009-08-13T14:49:30.3437500-04:00" testType="13cdc9d9-ddb5-4fa4-a97d-d965ccfc6d4b" outcome="Passed" testListId="8c84fa94-04c1-424b-9868-57a2d4851a1d">
      <Output>
      </Output>
    </UnitTestResult>
    <UnitTestResult executionId="f4d5046b-f57e-4eeb-92ba-d2f367f78471" testId="56a60560-ac56-1247-a8c5-284e97d9a49c" testName="GetDiscountLookup" computerName="BUILD1" duration="00:00:01.7048021" startTime="2009-08-13T14:49:30.3437500-04:00" endTime="2009-08-13T14:49:32.1093750-04:00" testType="13cdc9d9-ddb5-4fa4-a97d-d965ccfc6d4b" outcome="Passed" testListId="8c84fa94-04c1-424b-9868-57a2d4851a1d" resultType="DataDrivenTest">
      <Output>
      </Output>
      <Counters error="0" failed="0" timeout="0" aborted="0" inconclusive="0" passedButRunAborted="0" notRunnable="0" notExecuted="0" disconnected="0" warning="0" passed="176" completed="0" inProgress="0" pending="0" />
      <InnerResults>
        <UnitTestResult executionId="84683c64-ebe9-416c-81a0-7d94ba11cf8b" parentExecutionId="f4d5046b-f57e-4eeb-92ba-d2f367f78471" testId="56a60560-ac56-1247-a8c5-284e97d9a49c" testName="GetDiscountLookup" computerName="BUILD1" duration="00:00:00.0557600" startTime="2009-08-13T14:49:30.4687500-04:00" endTime="2009-08-13T14:49:30.5156250-04:00" testType="13cdc9d9-ddb5-4fa4-a97d-d965ccfc6d4b" outcome="Passed" testListId="8c84fa94-04c1-424b-9868-57a2d4851a1d" dataRowInfo="0" resultType="DataDrivenDataRow" />
        <UnitTestResult executionId="c46f5294-be2a-4971-978b-ed43ee20bb7d" parentExecutionId="f4d5046b-f57e-4eeb-92ba-d2f367f78471" testId="56a60560-ac56-1247-a8c5-284e97d9a49c" testName="GetDiscountLookup" computerName="BUILD1" duration="00:00:00.0080478" startTime="2009-08-13T14:49:30.5156250-04:00" endTime="2009-08-13T14:49:30.5312500-04:00" testType="13cdc9d9-ddb5-4fa4-a97d-d965ccfc6d4b" outcome="Passed" testListId="8c84fa94-04c1-424b-9868-57a2d4851a1d" dataRowInfo="1" resultType="DataDrivenDataRow" />
        <UnitTestResult executionId="f60cf5b8-414c-4118-9ac4-49470efe6e92" parentExecutionId="f4d5046b-f57e-4eeb-92ba-d2f367f78471" testId="56a60560-ac56-1247-a8c5-284e97d9a49c" testName="GetDiscountLookup" computerName="BUILD1" duration="00:00:00.0079737" startTime="2009-08-13T14:49:30.5312500-04:00" endTime="2009-08-13T14:49:30.5468750-04:00" testType="13cdc9d9-ddb5-4fa4-a97d-d965ccfc6d4b" outcome="Passed" testListId="8c84fa94-04c1-424b-9868-57a2d4851a1d" dataRowInfo="2" resultType="DataDrivenDataRow" />
        <UnitTestResult executionId="4f07ff23-a661-48d7-ab2c-071df2f6cdb1" parentExecutionId="f4d5046b-f57e-4eeb-92ba-d2f367f78471" testId="56a60560-ac56-1247-a8c5-284e97d9a49c" testName="GetDiscountLookup" computerName="BUILD1" duration="00:00:00.0080584" startTime="2009-08-13T14:49:30.5468750-04:00" endTime="2009-08-13T14:49:30.5468750-04:00" testType="13cdc9d9-ddb5-4fa4-a97d-d965ccfc6d4b" outcome="Passed" testListId="8c84fa94-04c1-424b-9868-57a2d4851a1d" dataRowInfo="3" resultType="DataDrivenDataRow" />
        <UnitTestResult executionId="97c15862-566a-4d48-9268-c58f23e12e8e" parentExecutionId="f4d5046b-f57e-4eeb-92ba-d2f367f78471" testId="56a60560-ac56-1247-a8c5-284e97d9a49c" testName="GetDiscountLookup" computerName="BUILD1" duration="00:00:00.0080386" startTime="2009-08-13T14:49:30.5468750-04:00" endTime="2009-08-13T14:49:30.5625000-04:00" testType="13cdc9d9-ddb5-4fa4-a97d-d965ccfc6d4b" outcome="Passed" testListId="8c84fa94-04c1-424b-9868-57a2d4851a1d" dataRowInfo="4" resultType="DataDrivenDataRow" />
        <UnitTestResult executionId="a323e4ad-c938-405a-ac6c-1cfc5d901dd6" parentExecutionId="f4d5046b-f57e-4eeb-92ba-d2f367f78471" testId="56a60560-ac56-1247-a8c5-284e97d9a49c" testName="GetDiscountLookup" computerName="BUILD1" duration="00:00:00.0079798" startTime="2009-08-13T14:49:30.5625000-04:00" endTime="2009-08-13T14:49:30.5625000-04:00" testType="13cdc9d9-ddb5-4fa4-a97d-d965ccfc6d4b" outcome="Passed" testListId="8c84fa94-04c1-424b-9868-57a2d4851a1d" dataRowInfo="5" resultType="DataDrivenDataRow" />
        <UnitTestResult executionId="a0310d2e-e6e3-41dc-9985-01d701de4bb7" parentExecutionId="f4d5046b-f57e-4eeb-92ba-d2f367f78471" testId="56a60560-ac56-1247-a8c5-284e97d9a49c" testName="GetDiscountLookup" computerName="BUILD1" duration="00:00:00.0080212" startTime="2009-08-13T14:49:30.5625000-04:00" endTime="2009-08-13T14:49:30.5781250-04:00" testType="13cdc9d9-ddb5-4fa4-a97d-d965ccfc6d4b" outcome="Passed" testListId="8c84fa94-04c1-424b-9868-57a2d4851a1d" dataRowInfo="6" resultType="DataDrivenDataRow" />
        <UnitTestResult executionId="b3cd3a48-8432-4998-9387-6f229e03636b" parentExecutionId="f4d5046b-f57e-4eeb-92ba-d2f367f78471" testId="56a60560-ac56-1247-a8c5-284e97d9a49c" testName="GetDiscountLookup" computerName="BUILD1" duration="00:00:00.0089729" startTime="2009-08-13T14:49:30.5781250-04:00" endTime="2009-08-13T14:49:30.5781250-04:00" testType="13cdc9d9-ddb5-4fa4-a97d-d965ccfc6d4b" outcome="Passed" testListId="8c84fa94-04c1-424b-9868-57a2d4851a1d" dataRowInfo="7" resultType="DataDrivenDataRow" />
        <UnitTestResult executionId="b6638fc9-4b14-42fb-a166-3e285eef8016" parentExecutionId="f4d5046b-f57e-4eeb-92ba-d2f367f78471" testId="56a60560-ac56-1247-a8c5-284e97d9a49c" testName="GetDiscountLookup" computerName="BUILD1" duration="00:00:00.0083270" startTime="2009-08-13T14:49:30.5781250-04:00" endTime="2009-08-13T14:49:30.5937500-04:00" testType="13cdc9d9-ddb5-4fa4-a97d-d965ccfc6d4b" outcome="Passed" testListId="8c84fa94-04c1-424b-9868-57a2d4851a1d" dataRowInfo="8" resultType="DataDrivenDataRow" />
        <UnitTestResult executionId="404053d1-0de7-4b4d-8341-acc3a06dfd4b" parentExecutionId="f4d5046b-f57e-4eeb-92ba-d2f367f78471" testId="56a60560-ac56-1247-a8c5-284e97d9a49c" testName="GetDiscountLookup" computerName="BUILD1" duration="00:00:00.0123852" startTime="2009-08-13T14:49:30.5937500-04:00" endTime="2009-08-13T14:49:30.6093750-04:00" testType="13cdc9d9-ddb5-4fa4-a97d-d965ccfc6d4b" outcome="Passed" testListId="8c84fa94-04c1-424b-9868-57a2d4851a1d" dataRowInfo="9" resultType="DataDrivenDataRow" />
        <UnitTestResult executionId="f8ef11ed-96c8-4fe5-95ff-17aeceba831d" parentExecutionId="f4d5046b-f57e-4eeb-92ba-d2f367f78471" testId="56a60560-ac56-1247-a8c5-284e97d9a49c" testName="GetDiscountLookup" computerName="BUILD1" duration="00:00:00.0110834" startTime="2009-08-13T14:49:30.6093750-04:00" endTime="2009-08-13T14:49:30.6093750-04:00" testType="13cdc9d9-ddb5-4fa4-a97d-d965ccfc6d4b" outcome="Passed" testListId="8c84fa94-04c1-424b-9868-57a2d4851a1d" dataRowInfo="10" resultType="DataDrivenDataRow" />
        <UnitTestResult executionId="d7f00614-05d6-467a-9b32-02bff551a9e6" parentExecutionId="f4d5046b-f57e-4eeb-92ba-d2f367f78471" testId="56a60560-ac56-1247-a8c5-284e97d9a49c" testName="GetDiscountLookup" computerName="BUILD1" duration="00:00:00.0113442" startTime="2009-08-13T14:49:30.6093750-04:00" endTime="2009-08-13T14:49:30.6250000-04:00" testType="13cdc9d9-ddb5-4fa4-a97d-d965ccfc6d4b" outcome="Passed" testListId="8c84fa94-04c1-424b-9868-57a2d4851a1d" dataRowInfo="11" resultType="DataDrivenDataRow" />
        <UnitTestResult executionId="7962429d-1e46-480e-a1a3-a705fdaeaba3" parentExecutionId="f4d5046b-f57e-4eeb-92ba-d2f367f78471" testId="56a60560-ac56-1247-a8c5-284e97d9a49c" testName="GetDiscountLookup" computerName="BUILD1" duration="00:00:00.0100106" startTime="2009-08-13T14:49:30.6250000-04:00" endTime="2009-08-13T14:49:30.6406250-04:00" testType="13cdc9d9-ddb5-4fa4-a97d-d965ccfc6d4b" outcome="Passed" testListId="8c84fa94-04c1-424b-9868-57a2d4851a1d" dataRowInfo="12" resultType="DataDrivenDataRow" />
        <UnitTestResult executionId="91df1545-7d5b-47ee-a339-0dda26b2952f" parentExecutionId="f4d5046b-f57e-4eeb-92ba-d2f367f78471" testId="56a60560-ac56-1247-a8c5-284e97d9a49c" testName="GetDiscountLookup" computerName="BUILD1" duration="00:00:00.0080321" startTime="2009-08-13T14:49:30.6406250-04:00" endTime="2009-08-13T14:49:30.6406250-04:00" testType="13cdc9d9-ddb5-4fa4-a97d-d965ccfc6d4b" outcome="Passed" testListId="8c84fa94-04c1-424b-9868-57a2d4851a1d" dataRowInfo="13" resultType="DataDrivenDataRow" />
        <UnitTestResult executionId="59deadb6-9897-4b8f-ae2e-92f7cafae5e1" parentExecutionId="f4d5046b-f57e-4eeb-92ba-d2f367f78471" testId="56a60560-ac56-1247-a8c5-284e97d9a49c" testName="GetDiscountLookup" computerName="BUILD1" duration="00:00:00.0091032" startTime="2009-08-13T14:49:30.6406250-04:00" endTime="2009-08-13T14:49:30.6562500-04:00" testType="13cdc9d9-ddb5-4fa4-a97d-d965ccfc6d4b" outcome="Passed" testListId="8c84fa94-04c1-424b-9868-57a2d4851a1d" dataRowInfo="14" resultType="DataDrivenDataRow" />
        <UnitTestResult executionId="0360a699-1c40-4243-a9d1-29c7ee7f7911" parentExecutionId="f4d5046b-f57e-4eeb-92ba-d2f367f78471" testId="56a60560-ac56-1247-a8c5-284e97d9a49c" testName="GetDiscountLookup" computerName="BUILD1" duration="00:00:00.0087300" startTime="2009-08-13T14:49:30.6562500-04:00" endTime="2009-08-13T14:49:30.6562500-04:00" testType="13cdc9d9-ddb5-4fa4-a97d-d965ccfc6d4b" outcome="Passed" testListId="8c84fa94-04c1-424b-9868-57a2d4851a1d" dataRowInfo="15" resultType="DataDrivenDataRow" />
        <UnitTestResult executionId="7069e88e-52d6-4877-9cc6-2c070cc1713d" parentExecutionId="f4d5046b-f57e-4eeb-92ba-d2f367f78471" testId="56a60560-ac56-1247-a8c5-284e97d9a49c" testName="GetDiscountLookup" computerName="BUILD1" duration="00:00:00.0080254" startTime="2009-08-13T14:49:30.6562500-04:00" endTime="2009-08-13T14:49:30.6718750-04:00" testType="13cdc9d9-ddb5-4fa4-a97d-d965ccfc6d4b" outcome="Passed" testListId="8c84fa94-04c1-424b-9868-57a2d4851a1d" dataRowInfo="16" resultType="DataDrivenDataRow" />
        <UnitTestResult executionId="d40160bc-8249-4d8b-bd19-fd22edebc9d4" parentExecutionId="f4d5046b-f57e-4eeb-92ba-d2f367f78471" testId="56a60560-ac56-1247-a8c5-284e97d9a49c" testName="GetDiscountLookup" computerName="BUILD1" duration="00:00:00.0097854" startTime="2009-08-13T14:49:30.6718750-04:00" endTime="2009-08-13T14:49:30.6718750-04:00" testType="13cdc9d9-ddb5-4fa4-a97d-d965ccfc6d4b" outcome="Passed" testListId="8c84fa94-04c1-424b-9868-57a2d4851a1d" dataRowInfo="17" resultType="DataDrivenDataRow" />
        <UnitTestResult executionId="024f259d-6af4-4ebf-99cd-46034c9da85e" parentExecutionId="f4d5046b-f57e-4eeb-92ba-d2f367f78471" testId="56a60560-ac56-1247-a8c5-284e97d9a49c" testName="GetDiscountLookup" computerName="BUILD1" duration="00:00:00.0079927" startTime="2009-08-13T14:49:30.6718750-04:00" endTime="2009-08-13T14:49:30.6875000-04:00" testType="13cdc9d9-ddb5-4fa4-a97d-d965ccfc6d4b" outcome="Passed" testListId="8c84fa94-04c1-424b-9868-57a2d4851a1d" dataRowInfo="18" resultType="DataDrivenDataRow" />
        <UnitTestResult executionId="1c920cee-2b39-4578-a890-6cd3cba698c8" parentExecutionId="f4d5046b-f57e-4eeb-92ba-d2f367f78471" testId="56a60560-ac56-1247-a8c5-284e97d9a49c" testName="GetDiscountLookup" computerName="BUILD1" duration="00:00:00.0092710" startTime="2009-08-13T14:49:30.6875000-04:00" endTime="2009-08-13T14:49:30.7031250-04:00" testType="13cdc9d9-ddb5-4fa4-a97d-d965ccfc6d4b" outcome="Passed" testListId="8c84fa94-04c1-424b-9868-57a2d4851a1d" dataRowInfo="19" resultType="DataDrivenDataRow" />
        <UnitTestResult executionId="fc403017-64d1-4f6b-bb0f-8d9034d42514" parentExecutionId="f4d5046b-f57e-4eeb-92ba-d2f367f78471" testId="56a60560-ac56-1247-a8c5-284e97d9a49c" testName="GetDiscountLookup" computerName="BUILD1" duration="00:00:00.0084480" startTime="2009-08-13T14:49:30.7031250-04:00" endTime="2009-08-13T14:49:30.7031250-04:00" testType="13cdc9d9-ddb5-4fa4-a97d-d965ccfc6d4b" outcome="Passed" testListId="8c84fa94-04c1-424b-9868-57a2d4851a1d" dataRowInfo="20" resultType="DataDrivenDataRow" />
        <UnitTestResult executionId="c612ff08-4f86-4615-93de-db10b8e119c5" parentExecutionId="f4d5046b-f57e-4eeb-92ba-d2f367f78471" testId="56a60560-ac56-1247-a8c5-284e97d9a49c" testName="GetDiscountLookup" computerName="BUILD1" duration="00:00:00.0080140" startTime="2009-08-13T14:49:30.7031250-04:00" endTime="2009-08-13T14:49:30.7187500-04:00" testType="13cdc9d9-ddb5-4fa4-a97d-d965ccfc6d4b" outcome="Passed" testListId="8c84fa94-04c1-424b-9868-57a2d4851a1d" dataRowInfo="21" resultType="DataDrivenDataRow" />
        <UnitTestResult executionId="317b2422-b135-42f6-97cd-697ac82c496b" parentExecutionId="f4d5046b-f57e-4eeb-92ba-d2f367f78471" testId="56a60560-ac56-1247-a8c5-284e97d9a49c" testName="GetDiscountLookup" computerName="BUILD1" duration="00:00:00.0097008" startTime="2009-08-13T14:49:30.7187500-04:00" endTime="2009-08-13T14:49:30.7187500-04:00" testType="13cdc9d9-ddb5-4fa4-a97d-d965ccfc6d4b" outcome="Passed" testListId="8c84fa94-04c1-424b-9868-57a2d4851a1d" dataRowInfo="22" resultType="DataDrivenDataRow" />
        <UnitTestResult executionId="9d963dde-d707-4d1d-ac1d-539f22000c71" parentExecutionId="f4d5046b-f57e-4eeb-92ba-d2f367f78471" testId="56a60560-ac56-1247-a8c5-284e97d9a49c" testName="GetDiscountLookup" computerName="BUILD1" duration="00:00:00.0081021" startTime="2009-08-13T14:49:30.7187500-04:00" endTime="2009-08-13T14:49:30.7343750-04:00" testType="13cdc9d9-ddb5-4fa4-a97d-d965ccfc6d4b" outcome="Passed" testListId="8c84fa94-04c1-424b-9868-57a2d4851a1d" dataRowInfo="23" resultType="DataDrivenDataRow" />
        <UnitTestResult executionId="77ff36ce-729a-42c1-9dcc-ef2c3423b4af" parentExecutionId="f4d5046b-f57e-4eeb-92ba-d2f367f78471" testId="56a60560-ac56-1247-a8c5-284e97d9a49c" testName="GetDiscountLookup" computerName="BUILD1" duration="00:00:00.0092812" startTime="2009-08-13T14:49:30.7343750-04:00" endTime="2009-08-13T14:49:30.7343750-04:00" testType="13cdc9d9-ddb5-4fa4-a97d-d965ccfc6d4b" outcome="Passed" testListId="8c84fa94-04c1-424b-9868-57a2d4851a1d" dataRowInfo="24" resultType="DataDrivenDataRow" />
        <UnitTestResult executionId="76debd6c-f803-4443-aa5e-08c944c5a8c9" parentExecutionId="f4d5046b-f57e-4eeb-92ba-d2f367f78471" testId="56a60560-ac56-1247-a8c5-284e97d9a49c" testName="GetDiscountLookup" computerName="BUILD1" duration="00:00:00.0085592" startTime="2009-08-13T14:49:30.7343750-04:00" endTime="2009-08-13T14:49:30.7500000-04:00" testType="13cdc9d9-ddb5-4fa4-a97d-d965ccfc6d4b" outcome="Passed" testListId="8c84fa94-04c1-424b-9868-57a2d4851a1d" dataRowInfo="25" resultType="DataDrivenDataRow" />
        <UnitTestResult executionId="e84f2271-4778-4b6c-9cf5-49fc67ab5c02" parentExecutionId="f4d5046b-f57e-4eeb-92ba-d2f367f78471" testId="56a60560-ac56-1247-a8c5-284e97d9a49c" testName="GetDiscountLookup" computerName="BUILD1" duration="00:00:00.0079413" startTime="2009-08-13T14:49:30.7500000-04:00" endTime="2009-08-13T14:49:30.7500000-04:00" testType="13cdc9d9-ddb5-4fa4-a97d-d965ccfc6d4b" outcome="Passed" testListId="8c84fa94-04c1-424b-9868-57a2d4851a1d" dataRowInfo="26" resultType="DataDrivenDataRow" />
        <UnitTestResult executionId="4020a739-1228-420c-922c-a117fb80d41f" parentExecutionId="f4d5046b-f57e-4eeb-92ba-d2f367f78471" testId="56a60560-ac56-1247-a8c5-284e97d9a49c" testName="GetDiscountLookup" computerName="BUILD1" duration="00:00:00.0096959" startTime="2009-08-13T14:49:30.7500000-04:00" endTime="2009-08-13T14:49:30.7656250-04:00" testType="13cdc9d9-ddb5-4fa4-a97d-d965ccfc6d4b" outcome="Passed" testListId="8c84fa94-04c1-424b-9868-57a2d4851a1d" dataRowInfo="27" resultType="DataDrivenDataRow" />
        <UnitTestResult executionId="575e07ce-efcb-40a0-a863-4a00b9a5bffb" parentExecutionId="f4d5046b-f57e-4eeb-92ba-d2f367f78471" testId="56a60560-ac56-1247-a8c5-284e97d9a49c" testName="GetDiscountLookup" computerName="BUILD1" duration="00:00:00.0082346" startTime="2009-08-13T14:49:30.7656250-04:00" endTime="2009-08-13T14:49:30.7812500-04:00" testType="13cdc9d9-ddb5-4fa4-a97d-d965ccfc6d4b" outcome="Passed" testListId="8c84fa94-04c1-424b-9868-57a2d4851a1d" dataRowInfo="28" resultType="DataDrivenDataRow" />
        <UnitTestResult executionId="c185e034-db05-430b-90fd-028995b75433" parentExecutionId="f4d5046b-f57e-4eeb-92ba-d2f367f78471" testId="56a60560-ac56-1247-a8c5-284e97d9a49c" testName="GetDiscountLookup" computerName="BUILD1" duration="00:00:00.0092576" startTime="2009-08-13T14:49:30.7812500-04:00" endTime="2009-08-13T14:49:30.7812500-04:00" testType="13cdc9d9-ddb5-4fa4-a97d-d965ccfc6d4b" outcome="Passed" testListId="8c84fa94-04c1-424b-9868-57a2d4851a1d" dataRowInfo="29" resultType="DataDrivenDataRow" />
        <UnitTestResult executionId="9897e3dd-e24b-41a0-8b05-cebd723dd07d" parentExecutionId="f4d5046b-f57e-4eeb-92ba-d2f367f78471" testId="56a60560-ac56-1247-a8c5-284e97d9a49c" testName="GetDiscountLookup" computerName="BUILD1" duration="00:00:00.0089228" startTime="2009-08-13T14:49:30.7812500-04:00" endTime="2009-08-13T14:49:30.7968750-04:00" testType="13cdc9d9-ddb5-4fa4-a97d-d965ccfc6d4b" outcome="Passed" testListId="8c84fa94-04c1-424b-9868-57a2d4851a1d" dataRowInfo="30" resultType="DataDrivenDataRow" />
        <UnitTestResult executionId="2e94ff03-106d-49ab-bb91-d4e267205b35" parentExecutionId="f4d5046b-f57e-4eeb-92ba-d2f367f78471" testId="56a60560-ac56-1247-a8c5-284e97d9a49c" testName="GetDiscountLookup" computerName="BUILD1" duration="00:00:00.0080972" startTime="2009-08-13T14:49:30.7968750-04:00" endTime="2009-08-13T14:49:30.7968750-04:00" testType="13cdc9d9-ddb5-4fa4-a97d-d965ccfc6d4b" outcome="Passed" testListId="8c84fa94-04c1-424b-9868-57a2d4851a1d" dataRowInfo="31" resultType="DataDrivenDataRow" />
        <UnitTestResult executionId="6d323cbe-d376-4724-b34a-f692102292ee" parentExecutionId="f4d5046b-f57e-4eeb-92ba-d2f367f78471" testId="56a60560-ac56-1247-a8c5-284e97d9a49c" testName="GetDiscountLookup" computerName="BUILD1" duration="00:00:00.0098517" startTime="2009-08-13T14:49:30.7968750-04:00" endTime="2009-08-13T14:49:30.8125000-04:00" testType="13cdc9d9-ddb5-4fa4-a97d-d965ccfc6d4b" outcome="Passed" testListId="8c84fa94-04c1-424b-9868-57a2d4851a1d" dataRowInfo="32" resultType="DataDrivenDataRow" />
        <UnitTestResult executionId="cb09af2b-d6ca-4ebb-8967-9775c5411f3f" parentExecutionId="f4d5046b-f57e-4eeb-92ba-d2f367f78471" testId="56a60560-ac56-1247-a8c5-284e97d9a49c" testName="GetDiscountLookup" computerName="BUILD1" duration="00:00:00.0082349" startTime="2009-08-13T14:49:30.8125000-04:00" endTime="2009-08-13T14:49:30.8125000-04:00" testType="13cdc9d9-ddb5-4fa4-a97d-d965ccfc6d4b" outcome="Passed" testListId="8c84fa94-04c1-424b-9868-57a2d4851a1d" dataRowInfo="33" resultType="DataDrivenDataRow" />
        <UnitTestResult executionId="5f7069fb-4edd-4429-ba42-64ee9a18d416" parentExecutionId="f4d5046b-f57e-4eeb-92ba-d2f367f78471" testId="56a60560-ac56-1247-a8c5-284e97d9a49c" testName="GetDiscountLookup" computerName="BUILD1" duration="00:00:00.0093293" startTime="2009-08-13T14:49:30.8125000-04:00" endTime="2009-08-13T14:49:30.8281250-04:00" testType="13cdc9d9-ddb5-4fa4-a97d-d965ccfc6d4b" outcome="Passed" testListId="8c84fa94-04c1-424b-9868-57a2d4851a1d" dataRowInfo="34" resultType="DataDrivenDataRow" />
        <UnitTestResult executionId="21031ca0-64d4-47d1-90f7-c486db7ca637" parentExecutionId="f4d5046b-f57e-4eeb-92ba-d2f367f78471" testId="56a60560-ac56-1247-a8c5-284e97d9a49c" testName="GetDiscountLookup" computerName="BUILD1" duration="00:00:00.0085531" startTime="2009-08-13T14:49:30.8281250-04:00" endTime="2009-08-13T14:49:30.8437500-04:00" testType="13cdc9d9-ddb5-4fa4-a97d-d965ccfc6d4b" outcome="Passed" testListId="8c84fa94-04c1-424b-9868-57a2d4851a1d" dataRowInfo="35" resultType="DataDrivenDataRow" />
        <UnitTestResult executionId="8d63c24b-b32c-4a41-a03b-66ca909fb7f5" parentExecutionId="f4d5046b-f57e-4eeb-92ba-d2f367f78471" testId="56a60560-ac56-1247-a8c5-284e97d9a49c" testName="GetDiscountLookup" computerName="BUILD1" duration="00:00:00.0080298" startTime="2009-08-13T14:49:30.8437500-04:00" endTime="2009-08-13T14:49:30.8437500-04:00" testType="13cdc9d9-ddb5-4fa4-a97d-d965ccfc6d4b" outcome="Passed" testListId="8c84fa94-04c1-424b-9868-57a2d4851a1d" dataRowInfo="36" resultType="DataDrivenDataRow" />
        <UnitTestResult executionId="9f979520-c728-4a98-9ad6-e70f0d4faebc" parentExecutionId="f4d5046b-f57e-4eeb-92ba-d2f367f78471" testId="56a60560-ac56-1247-a8c5-284e97d9a49c" testName="GetDiscountLookup" computerName="BUILD1" duration="00:00:00.0098093" startTime="2009-08-13T14:49:30.8437500-04:00" endTime="2009-08-13T14:49:30.8593750-04:00" testType="13cdc9d9-ddb5-4fa4-a97d-d965ccfc6d4b" outcome="Passed" testListId="8c84fa94-04c1-424b-9868-57a2d4851a1d" dataRowInfo="37" resultType="DataDrivenDataRow" />
        <UnitTestResult executionId="f84909cb-c20d-4629-8d2c-04d88661137f" parentExecutionId="f4d5046b-f57e-4eeb-92ba-d2f367f78471" testId="56a60560-ac56-1247-a8c5-284e97d9a49c" testName="GetDiscountLookup" computerName="BUILD1" duration="00:00:00.0080754" startTime="2009-08-13T14:49:30.8593750-04:00" endTime="2009-08-13T14:49:30.8593750-04:00" testType="13cdc9d9-ddb5-4fa4-a97d-d965ccfc6d4b" outcome="Passed" testListId="8c84fa94-04c1-424b-9868-57a2d4851a1d" dataRowInfo="38" resultType="DataDrivenDataRow" />
        <UnitTestResult executionId="51106bc4-0e77-448b-b629-19193c34f865" parentExecutionId="f4d5046b-f57e-4eeb-92ba-d2f367f78471" testId="56a60560-ac56-1247-a8c5-284e97d9a49c" testName="GetDiscountLookup" computerName="BUILD1" duration="00:00:00.0093105" startTime="2009-08-13T14:49:30.8593750-04:00" endTime="2009-08-13T14:49:30.8750000-04:00" testType="13cdc9d9-ddb5-4fa4-a97d-d965ccfc6d4b" outcome="Passed" testListId="8c84fa94-04c1-424b-9868-57a2d4851a1d" dataRowInfo="39" resultType="DataDrivenDataRow" />
        <UnitTestResult executionId="14182623-f2a9-4d5a-a1ab-63ee838dd252" parentExecutionId="f4d5046b-f57e-4eeb-92ba-d2f367f78471" testId="56a60560-ac56-1247-a8c5-284e97d9a49c" testName="GetDiscountLookup" computerName="BUILD1" duration="00:00:00.0085990" startTime="2009-08-13T14:49:30.8750000-04:00" endTime="2009-08-13T14:49:30.8750000-04:00" testType="13cdc9d9-ddb5-4fa4-a97d-d965ccfc6d4b" outcome="Passed" testListId="8c84fa94-04c1-424b-9868-57a2d4851a1d" dataRowInfo="40" resultType="DataDrivenDataRow" />
        <UnitTestResult executionId="f2ac938c-0d25-4155-a448-00acba8b3444" parentExecutionId="f4d5046b-f57e-4eeb-92ba-d2f367f78471" testId="56a60560-ac56-1247-a8c5-284e97d9a49c" testName="GetDiscountLookup" computerName="BUILD1" duration="00:00:00.0080649" startTime="2009-08-13T14:49:30.8750000-04:00" endTime="2009-08-13T14:49:30.8906250-04:00" testType="13cdc9d9-ddb5-4fa4-a97d-d965ccfc6d4b" outcome="Passed" testListId="8c84fa94-04c1-424b-9868-57a2d4851a1d" dataRowInfo="41" resultType="DataDrivenDataRow" />
        <UnitTestResult executionId="1609361a-1fe7-4533-b4c4-c980732f05d2" parentExecutionId="f4d5046b-f57e-4eeb-92ba-d2f367f78471" testId="56a60560-ac56-1247-a8c5-284e97d9a49c" testName="GetDiscountLookup" computerName="BUILD1" duration="00:00:00.0097880" startTime="2009-08-13T14:49:30.8906250-04:00" endTime="2009-08-13T14:49:30.9062500-04:00" testType="13cdc9d9-ddb5-4fa4-a97d-d965ccfc6d4b" outcome="Passed" testListId="8c84fa94-04c1-424b-9868-57a2d4851a1d" dataRowInfo="42" resultType="DataDrivenDataRow" />
        <UnitTestResult executionId="d9246127-f82f-47a3-b2fb-871bfcd14171" parentExecutionId="f4d5046b-f57e-4eeb-92ba-d2f367f78471" testId="56a60560-ac56-1247-a8c5-284e97d9a49c" testName="GetDiscountLookup" computerName="BUILD1" duration="00:00:00.0079967" startTime="2009-08-13T14:49:30.9062500-04:00" endTime="2009-08-13T14:49:30.9062500-04:00" testType="13cdc9d9-ddb5-4fa4-a97d-d965ccfc6d4b" outcome="Passed" testListId="8c84fa94-04c1-424b-9868-57a2d4851a1d" dataRowInfo="43" resultType="DataDrivenDataRow" />
        <UnitTestResult executionId="335fed31-51c1-458f-9be8-7f67067f39fd" parentExecutionId="f4d5046b-f57e-4eeb-92ba-d2f367f78471" testId="56a60560-ac56-1247-a8c5-284e97d9a49c" testName="GetDiscountLookup" computerName="BUILD1" duration="00:00:00.0093105" startTime="2009-08-13T14:49:30.9062500-04:00" endTime="2009-08-13T14:49:30.9218750-04:00" testType="13cdc9d9-ddb5-4fa4-a97d-d965ccfc6d4b" outcome="Passed" testListId="8c84fa94-04c1-424b-9868-57a2d4851a1d" dataRowInfo="44" resultType="DataDrivenDataRow" />
        <UnitTestResult executionId="51c77f39-053b-4d1b-970d-cd91012f6d45" parentExecutionId="f4d5046b-f57e-4eeb-92ba-d2f367f78471" testId="56a60560-ac56-1247-a8c5-284e97d9a49c" testName="GetDiscountLookup" computerName="BUILD1" duration="00:00:00.0085420" startTime="2009-08-13T14:49:30.9218750-04:00" endTime="2009-08-13T14:49:30.9218750-04:00" testType="13cdc9d9-ddb5-4fa4-a97d-d965ccfc6d4b" outcome="Passed" testListId="8c84fa94-04c1-424b-9868-57a2d4851a1d" dataRowInfo="45" resultType="DataDrivenDataRow" />
        <UnitTestResult executionId="db1a94ff-0216-40ec-8bb3-7e269c0d3315" parentExecutionId="f4d5046b-f57e-4eeb-92ba-d2f367f78471" testId="56a60560-ac56-1247-a8c5-284e97d9a49c" testName="GetDiscountLookup" computerName="BUILD1" duration="00:00:00.0079990" startTime="2009-08-13T14:49:30.9218750-04:00" endTime="2009-08-13T14:49:30.9375000-04:00" testType="13cdc9d9-ddb5-4fa4-a97d-d965ccfc6d4b" outcome="Passed" testListId="8c84fa94-04c1-424b-9868-57a2d4851a1d" dataRowInfo="46" resultType="DataDrivenDataRow" />
        <UnitTestResult executionId="7311d553-9b80-475d-8ac6-274454222e90" parentExecutionId="f4d5046b-f57e-4eeb-92ba-d2f367f78471" testId="56a60560-ac56-1247-a8c5-284e97d9a49c" testName="GetDiscountLookup" computerName="BUILD1" duration="00:00:00.0098289" startTime="2009-08-13T14:49:30.9375000-04:00" endTime="2009-08-13T14:49:30.9375000-04:00" testType="13cdc9d9-ddb5-4fa4-a97d-d965ccfc6d4b" outcome="Passed" testListId="8c84fa94-04c1-424b-9868-57a2d4851a1d" dataRowInfo="47" resultType="DataDrivenDataRow" />
        <UnitTestResult executionId="0b1eaa02-5eda-4876-b2f0-d8c5543f6856" parentExecutionId="f4d5046b-f57e-4eeb-92ba-d2f367f78471" testId="56a60560-ac56-1247-a8c5-284e97d9a49c" testName="GetDiscountLookup" computerName="BUILD1" duration="00:00:00.0080116" startTime="2009-08-13T14:49:30.9375000-04:00" endTime="2009-08-13T14:49:30.9531250-04:00" testType="13cdc9d9-ddb5-4fa4-a97d-d965ccfc6d4b" outcome="Passed" testListId="8c84fa94-04c1-424b-9868-57a2d4851a1d" dataRowInfo="48" resultType="DataDrivenDataRow" />
        <UnitTestResult executionId="23853453-0847-4c9a-b7d8-c5b9ae1d1057" parentExecutionId="f4d5046b-f57e-4eeb-92ba-d2f367f78471" testId="56a60560-ac56-1247-a8c5-284e97d9a49c" testName="GetDiscountLookup" computerName="BUILD1" duration="00:00:00.0093144" startTime="2009-08-13T14:49:30.9531250-04:00" endTime="2009-08-13T14:49:30.9687500-04:00" testType="13cdc9d9-ddb5-4fa4-a97d-d965ccfc6d4b" outcome="Passed" testListId="8c84fa94-04c1-424b-9868-57a2d4851a1d" dataRowInfo="49" resultType="DataDrivenDataRow" />
        <UnitTestResult executionId="c59b9fa7-dcd1-47f2-a046-7c5a1f090823" parentExecutionId="f4d5046b-f57e-4eeb-92ba-d2f367f78471" testId="56a60560-ac56-1247-a8c5-284e97d9a49c" testName="GetDiscountLookup" computerName="BUILD1" duration="00:00:00.0085156" startTime="2009-08-13T14:49:30.9687500-04:00" endTime="2009-08-13T14:49:30.9687500-04:00" testType="13cdc9d9-ddb5-4fa4-a97d-d965ccfc6d4b" outcome="Passed" testListId="8c84fa94-04c1-424b-9868-57a2d4851a1d" dataRowInfo="50" resultType="DataDrivenDataRow" />
        <UnitTestResult executionId="00940125-df8c-4961-97c9-896b5e9dd84d" parentExecutionId="f4d5046b-f57e-4eeb-92ba-d2f367f78471" testId="56a60560-ac56-1247-a8c5-284e97d9a49c" testName="GetDiscountLookup" computerName="BUILD1" duration="00:00:00.0081743" startTime="2009-08-13T14:49:30.9687500-04:00" endTime="2009-08-13T14:49:30.9843750-04:00" testType="13cdc9d9-ddb5-4fa4-a97d-d965ccfc6d4b" outcome="Passed" testListId="8c84fa94-04c1-424b-9868-57a2d4851a1d" dataRowInfo="51" resultType="DataDrivenDataRow" />
        <UnitTestResult executionId="dbc03b59-d84a-4333-bc88-bc77a214f37b" parentExecutionId="f4d5046b-f57e-4eeb-92ba-d2f367f78471" testId="56a60560-ac56-1247-a8c5-284e97d9a49c" testName="GetDiscountLookup" computerName="BUILD1" duration="00:00:00.0098085" startTime="2009-08-13T14:49:30.9843750-04:00" endTime="2009-08-13T14:49:30.9843750-04:00" testType="13cdc9d9-ddb5-4fa4-a97d-d965ccfc6d4b" outcome="Passed" testListId="8c84fa94-04c1-424b-9868-57a2d4851a1d" dataRowInfo="52" resultType="DataDrivenDataRow" />
        <UnitTestResult executionId="a1f1081f-c13a-4830-b240-fb736219bbb4" parentExecutionId="f4d5046b-f57e-4eeb-92ba-d2f367f78471" testId="56a60560-ac56-1247-a8c5-284e97d9a49c" testName="GetDiscountLookup" computerName="BUILD1" duration="00:00:00.0082472" startTime="2009-08-13T14:49:30.9843750-04:00" endTime="2009-08-13T14:49:31.0000000-04:00" testType="13cdc9d9-ddb5-4fa4-a97d-d965ccfc6d4b" outcome="Passed" testListId="8c84fa94-04c1-424b-9868-57a2d4851a1d" dataRowInfo="53" resultType="DataDrivenDataRow" />
        <UnitTestResult executionId="6e45e79e-1315-4598-bc16-3dcb056b5902" parentExecutionId="f4d5046b-f57e-4eeb-92ba-d2f367f78471" testId="56a60560-ac56-1247-a8c5-284e97d9a49c" testName="GetDiscountLookup" computerName="BUILD1" duration="00:00:00.0094063" startTime="2009-08-13T14:49:31.0000000-04:00" endTime="2009-08-13T14:49:31.0000000-04:00" testType="13cdc9d9-ddb5-4fa4-a97d-d965ccfc6d4b" outcome="Passed" testListId="8c84fa94-04c1-424b-9868-57a2d4851a1d" dataRowInfo="54" resultType="DataDrivenDataRow" />
        <UnitTestResult executionId="bb9455f3-f54f-48ef-aeca-786b66dd875d" parentExecutionId="f4d5046b-f57e-4eeb-92ba-d2f367f78471" testId="56a60560-ac56-1247-a8c5-284e97d9a49c" testName="GetDiscountLookup" computerName="BUILD1" duration="00:00:00.0085293" startTime="2009-08-13T14:49:31.0000000-04:00" endTime="2009-08-13T14:49:31.0156250-04:00" testType="13cdc9d9-ddb5-4fa4-a97d-d965ccfc6d4b" outcome="Passed" testListId="8c84fa94-04c1-424b-9868-57a2d4851a1d" dataRowInfo="55" resultType="DataDrivenDataRow" />
        <UnitTestResult executionId="19e5782f-4c4b-4637-800c-e0891e632e63" parentExecutionId="f4d5046b-f57e-4eeb-92ba-d2f367f78471" testId="56a60560-ac56-1247-a8c5-284e97d9a49c" testName="GetDiscountLookup" computerName="BUILD1" duration="00:00:00.0080442" startTime="2009-08-13T14:49:31.0156250-04:00" endTime="2009-08-13T14:49:31.0312500-04:00" testType="13cdc9d9-ddb5-4fa4-a97d-d965ccfc6d4b" outcome="Passed" testListId="8c84fa94-04c1-424b-9868-57a2d4851a1d" dataRowInfo="56" resultType="DataDrivenDataRow" />
        <UnitTestResult executionId="fbe2b719-7c73-4223-9d86-5ded2d71947e" parentExecutionId="f4d5046b-f57e-4eeb-92ba-d2f367f78471" testId="56a60560-ac56-1247-a8c5-284e97d9a49c" testName="GetDiscountLookup" computerName="BUILD1" duration="00:00:00.0096975" startTime="2009-08-13T14:49:31.0312500-04:00" endTime="2009-08-13T14:49:31.0312500-04:00" testType="13cdc9d9-ddb5-4fa4-a97d-d965ccfc6d4b" outcome="Passed" testListId="8c84fa94-04c1-424b-9868-57a2d4851a1d" dataRowInfo="57" resultType="DataDrivenDataRow" />
        <UnitTestResult executionId="05d96ea3-9003-45fb-87fb-dde379efecba" parentExecutionId="f4d5046b-f57e-4eeb-92ba-d2f367f78471" testId="56a60560-ac56-1247-a8c5-284e97d9a49c" testName="GetDiscountLookup" computerName="BUILD1" duration="00:00:00.0080398" startTime="2009-08-13T14:49:31.0312500-04:00" endTime="2009-08-13T14:49:31.0468750-04:00" testType="13cdc9d9-ddb5-4fa4-a97d-d965ccfc6d4b" outcome="Passed" testListId="8c84fa94-04c1-424b-9868-57a2d4851a1d" dataRowInfo="58" resultType="DataDrivenDataRow" />
        <UnitTestResult executionId="f9c832ad-09f8-4524-944a-29b06ac41fc9" parentExecutionId="f4d5046b-f57e-4eeb-92ba-d2f367f78471" testId="56a60560-ac56-1247-a8c5-284e97d9a49c" testName="GetDiscountLookup" computerName="BUILD1" duration="00:00:00.0094095" startTime="2009-08-13T14:49:31.0468750-04:00" endTime="2009-08-13T14:49:31.0468750-04:00" testType="13cdc9d9-ddb5-4fa4-a97d-d965ccfc6d4b" outcome="Passed" testListId="8c84fa94-04c1-424b-9868-57a2d4851a1d" dataRowInfo="59" resultType="DataDrivenDataRow" />
        <UnitTestResult executionId="e2e5fc8b-6d98-46fe-8b03-d73b83228383" parentExecutionId="f4d5046b-f57e-4eeb-92ba-d2f367f78471" testId="56a60560-ac56-1247-a8c5-284e97d9a49c" testName="GetDiscountLookup" computerName="BUILD1" duration="00:00:00.0085687" startTime="2009-08-13T14:49:31.0468750-04:00" endTime="2009-08-13T14:49:31.0625000-04:00" testType="13cdc9d9-ddb5-4fa4-a97d-d965ccfc6d4b" outcome="Passed" testListId="8c84fa94-04c1-424b-9868-57a2d4851a1d" dataRowInfo="60" resultType="DataDrivenDataRow" />
        <UnitTestResult executionId="790f398f-7231-4744-a6fb-b2df0289285d" parentExecutionId="f4d5046b-f57e-4eeb-92ba-d2f367f78471" testId="56a60560-ac56-1247-a8c5-284e97d9a49c" testName="GetDiscountLookup" computerName="BUILD1" duration="00:00:00.0080710" startTime="2009-08-13T14:49:31.0625000-04:00" endTime="2009-08-13T14:49:31.0625000-04:00" testType="13cdc9d9-ddb5-4fa4-a97d-d965ccfc6d4b" outcome="Passed" testListId="8c84fa94-04c1-424b-9868-57a2d4851a1d" dataRowInfo="61" resultType="DataDrivenDataRow" />
        <UnitTestResult executionId="e9bae726-20db-47e9-8553-c5bdb3724881" parentExecutionId="f4d5046b-f57e-4eeb-92ba-d2f367f78471" testId="56a60560-ac56-1247-a8c5-284e97d9a49c" testName="GetDiscountLookup" computerName="BUILD1" duration="00:00:00.0101254" startTime="2009-08-13T14:49:31.0625000-04:00" endTime="2009-08-13T14:49:31.0781250-04:00" testType="13cdc9d9-ddb5-4fa4-a97d-d965ccfc6d4b" outcome="Passed" testListId="8c84fa94-04c1-424b-9868-57a2d4851a1d" dataRowInfo="62" resultType="DataDrivenDataRow" />
        <UnitTestResult executionId="0f55aa54-7408-4c18-b9d0-0702f2527aae" parentExecutionId="f4d5046b-f57e-4eeb-92ba-d2f367f78471" testId="56a60560-ac56-1247-a8c5-284e97d9a49c" testName="GetDiscountLookup" computerName="BUILD1" duration="00:00:00.0081655" startTime="2009-08-13T14:49:31.0781250-04:00" endTime="2009-08-13T14:49:31.0937500-04:00" testType="13cdc9d9-ddb5-4fa4-a97d-d965ccfc6d4b" outcome="Passed" testListId="8c84fa94-04c1-424b-9868-57a2d4851a1d" dataRowInfo="63" resultType="DataDrivenDataRow" />
        <UnitTestResult executionId="a4dfb894-1b29-44fb-a1bc-5fb6f3e95a8e" parentExecutionId="f4d5046b-f57e-4eeb-92ba-d2f367f78471" testId="56a60560-ac56-1247-a8c5-284e97d9a49c" testName="GetDiscountLookup" computerName="BUILD1" duration="00:00:00.0092917" startTime="2009-08-13T14:49:31.0937500-04:00" endTime="2009-08-13T14:49:31.0937500-04:00" testType="13cdc9d9-ddb5-4fa4-a97d-d965ccfc6d4b" outcome="Passed" testListId="8c84fa94-04c1-424b-9868-57a2d4851a1d" dataRowInfo="64" resultType="DataDrivenDataRow" />
        <UnitTestResult executionId="5bc418c1-81bf-4bc4-890d-32f195c92c54" parentExecutionId="f4d5046b-f57e-4eeb-92ba-d2f367f78471" testId="56a60560-ac56-1247-a8c5-284e97d9a49c" testName="GetDiscountLookup" computerName="BUILD1" duration="00:00:00.0085677" startTime="2009-08-13T14:49:31.0937500-04:00" endTime="2009-08-13T14:49:31.1093750-04:00" testType="13cdc9d9-ddb5-4fa4-a97d-d965ccfc6d4b" outcome="Passed" testListId="8c84fa94-04c1-424b-9868-57a2d4851a1d" dataRowInfo="65" resultType="DataDrivenDataRow" />
        <UnitTestResult executionId="f80eb44e-dd61-4850-94da-555ab7d1e8d2" parentExecutionId="f4d5046b-f57e-4eeb-92ba-d2f367f78471" testId="56a60560-ac56-1247-a8c5-284e97d9a49c" testName="GetDiscountLookup" computerName="BUILD1" duration="00:00:00.0079725" startTime="2009-08-13T14:49:31.1093750-04:00" endTime="2009-08-13T14:49:31.1093750-04:00" testType="13cdc9d9-ddb5-4fa4-a97d-d965ccfc6d4b" outcome="Passed" testListId="8c84fa94-04c1-424b-9868-57a2d4851a1d" dataRowInfo="66" resultType="DataDrivenDataRow" />
        <UnitTestResult executionId="f64f7b8d-03aa-4983-b32d-b343d50803af" parentExecutionId="f4d5046b-f57e-4eeb-92ba-d2f367f78471" testId="56a60560-ac56-1247-a8c5-284e97d9a49c" testName="GetDiscountLookup" computerName="BUILD1" duration="00:00:00.0096885" startTime="2009-08-13T14:49:31.1093750-04:00" endTime="2009-08-13T14:49:31.1250000-04:00" testType="13cdc9d9-ddb5-4fa4-a97d-d965ccfc6d4b" outcome="Passed" testListId="8c84fa94-04c1-424b-9868-57a2d4851a1d" dataRowInfo="67" resultType="DataDrivenDataRow" />
        <UnitTestResult executionId="9532c56a-84d6-4b15-85a8-285454daef6b" parentExecutionId="f4d5046b-f57e-4eeb-92ba-d2f367f78471" testId="56a60560-ac56-1247-a8c5-284e97d9a49c" testName="GetDiscountLookup" computerName="BUILD1" duration="00:00:00.0079676" startTime="2009-08-13T14:49:31.1250000-04:00" endTime="2009-08-13T14:49:31.1250000-04:00" testType="13cdc9d9-ddb5-4fa4-a97d-d965ccfc6d4b" outcome="Passed" testListId="8c84fa94-04c1-424b-9868-57a2d4851a1d" dataRowInfo="68" resultType="DataDrivenDataRow" />
        <UnitTestResult executionId="ca708a7a-b473-4379-88b4-ed06e0ec420c" parentExecutionId="f4d5046b-f57e-4eeb-92ba-d2f367f78471" testId="56a60560-ac56-1247-a8c5-284e97d9a49c" testName="GetDiscountLookup" computerName="BUILD1" duration="00:00:00.0093842" startTime="2009-08-13T14:49:31.1250000-04:00" endTime="2009-08-13T14:49:31.1406250-04:00" testType="13cdc9d9-ddb5-4fa4-a97d-d965ccfc6d4b" outcome="Passed" testListId="8c84fa94-04c1-424b-9868-57a2d4851a1d" dataRowInfo="69" resultType="DataDrivenDataRow" />
        <UnitTestResult executionId="ac399c47-18bd-4ca3-a833-b0934b290f2c" parentExecutionId="f4d5046b-f57e-4eeb-92ba-d2f367f78471" testId="56a60560-ac56-1247-a8c5-284e97d9a49c" testName="GetDiscountLookup" computerName="BUILD1" duration="00:00:00.0084630" startTime="2009-08-13T14:49:31.1406250-04:00" endTime="2009-08-13T14:49:31.1562500-04:00" testType="13cdc9d9-ddb5-4fa4-a97d-d965ccfc6d4b" outcome="Passed" testListId="8c84fa94-04c1-424b-9868-57a2d4851a1d" dataRowInfo="70" resultType="DataDrivenDataRow" />
        <UnitTestResult executionId="bc9c2a1b-a3a5-4554-b550-9de9274f453a" parentExecutionId="f4d5046b-f57e-4eeb-92ba-d2f367f78471" testId="56a60560-ac56-1247-a8c5-284e97d9a49c" testName="GetDiscountLookup" computerName="BUILD1" duration="00:00:00.0080065" startTime="2009-08-13T14:49:31.1562500-04:00" endTime="2009-08-13T14:49:31.1562500-04:00" testType="13cdc9d9-ddb5-4fa4-a97d-d965ccfc6d4b" outcome="Passed" testListId="8c84fa94-04c1-424b-9868-57a2d4851a1d" dataRowInfo="71" resultType="DataDrivenDataRow" />
        <UnitTestResult executionId="7ea99139-c2ac-476a-930a-e7a909c48091" parentExecutionId="f4d5046b-f57e-4eeb-92ba-d2f367f78471" testId="56a60560-ac56-1247-a8c5-284e97d9a49c" testName="GetDiscountLookup" computerName="BUILD1" duration="00:00:00.0097815" startTime="2009-08-13T14:49:31.1562500-04:00" endTime="2009-08-13T14:49:31.1718750-04:00" testType="13cdc9d9-ddb5-4fa4-a97d-d965ccfc6d4b" outcome="Passed" testListId="8c84fa94-04c1-424b-9868-57a2d4851a1d" dataRowInfo="72" resultType="DataDrivenDataRow" />
        <UnitTestResult executionId="c46230b6-d58d-4128-b886-3a1c372be399" parentExecutionId="f4d5046b-f57e-4eeb-92ba-d2f367f78471" testId="56a60560-ac56-1247-a8c5-284e97d9a49c" testName="GetDiscountLookup" computerName="BUILD1" duration="00:00:00.0081147" startTime="2009-08-13T14:49:31.1718750-04:00" endTime="2009-08-13T14:49:31.1718750-04:00" testType="13cdc9d9-ddb5-4fa4-a97d-d965ccfc6d4b" outcome="Passed" testListId="8c84fa94-04c1-424b-9868-57a2d4851a1d" dataRowInfo="73" resultType="DataDrivenDataRow" />
        <UnitTestResult executionId="9231fc86-2c4c-4704-bfdf-8a305a8b0d81" parentExecutionId="f4d5046b-f57e-4eeb-92ba-d2f367f78471" testId="56a60560-ac56-1247-a8c5-284e97d9a49c" testName="GetDiscountLookup" computerName="BUILD1" duration="00:00:00.0093740" startTime="2009-08-13T14:49:31.1718750-04:00" endTime="2009-08-13T14:49:31.1875000-04:00" testType="13cdc9d9-ddb5-4fa4-a97d-d965ccfc6d4b" outcome="Passed" testListId="8c84fa94-04c1-424b-9868-57a2d4851a1d" dataRowInfo="74" resultType="DataDrivenDataRow" />
        <UnitTestResult executionId="0226240d-f5a5-4351-a979-b2955fdd64de" parentExecutionId="f4d5046b-f57e-4eeb-92ba-d2f367f78471" testId="56a60560-ac56-1247-a8c5-284e97d9a49c" testName="GetDiscountLookup" computerName="BUILD1" duration="00:00:00.0085161" startTime="2009-08-13T14:49:31.1875000-04:00" endTime="2009-08-13T14:49:31.1875000-04:00" testType="13cdc9d9-ddb5-4fa4-a97d-d965ccfc6d4b" outcome="Passed" testListId="8c84fa94-04c1-424b-9868-57a2d4851a1d" dataRowInfo="75" resultType="DataDrivenDataRow" />
        <UnitTestResult executionId="e9433ac3-63b5-41f0-b882-4a7f1e3ebd1a" parentExecutionId="f4d5046b-f57e-4eeb-92ba-d2f367f78471" testId="56a60560-ac56-1247-a8c5-284e97d9a49c" testName="GetDiscountLookup" computerName="BUILD1" duration="00:00:00.0080695" startTime="2009-08-13T14:49:31.1875000-04:00" endTime="2009-08-13T14:49:31.2031250-04:00" testType="13cdc9d9-ddb5-4fa4-a97d-d965ccfc6d4b" outcome="Passed" testListId="8c84fa94-04c1-424b-9868-57a2d4851a1d" dataRowInfo="76" resultType="DataDrivenDataRow" />
        <UnitTestResult executionId="4fb936bd-e265-47d0-918b-f502654d2192" parentExecutionId="f4d5046b-f57e-4eeb-92ba-d2f367f78471" testId="56a60560-ac56-1247-a8c5-284e97d9a49c" testName="GetDiscountLookup" computerName="BUILD1" duration="00:00:00.0097498" startTime="2009-08-13T14:49:31.2031250-04:00" endTime="2009-08-13T14:49:31.2031250-04:00" testType="13cdc9d9-ddb5-4fa4-a97d-d965ccfc6d4b" outcome="Passed" testListId="8c84fa94-04c1-424b-9868-57a2d4851a1d" dataRowInfo="77" resultType="DataDrivenDataRow" />
        <UnitTestResult executionId="92709f07-cfe4-4afb-90c2-475f6c607ac8" parentExecutionId="f4d5046b-f57e-4eeb-92ba-d2f367f78471" testId="56a60560-ac56-1247-a8c5-284e97d9a49c" testName="GetDiscountLookup" computerName="BUILD1" duration="00:00:00.0080372" startTime="2009-08-13T14:49:31.2031250-04:00" endTime="2009-08-13T14:49:31.2187500-04:00" testType="13cdc9d9-ddb5-4fa4-a97d-d965ccfc6d4b" outcome="Passed" testListId="8c84fa94-04c1-424b-9868-57a2d4851a1d" dataRowInfo="78" resultType="DataDrivenDataRow" />
        <UnitTestResult executionId="3fd02405-805e-41dc-903a-35e60c0deadb" parentExecutionId="f4d5046b-f57e-4eeb-92ba-d2f367f78471" testId="56a60560-ac56-1247-a8c5-284e97d9a49c" testName="GetDiscountLookup" computerName="BUILD1" duration="00:00:00.0093509" startTime="2009-08-13T14:49:31.2187500-04:00" endTime="2009-08-13T14:49:31.2343750-04:00" testType="13cdc9d9-ddb5-4fa4-a97d-d965ccfc6d4b" outcome="Passed" testListId="8c84fa94-04c1-424b-9868-57a2d4851a1d" dataRowInfo="79" resultType="DataDrivenDataRow" />
        <UnitTestResult executionId="c11c0685-8ec5-4d4d-bacd-86f067391563" parentExecutionId="f4d5046b-f57e-4eeb-92ba-d2f367f78471" testId="56a60560-ac56-1247-a8c5-284e97d9a49c" testName="GetDiscountLookup" computerName="BUILD1" duration="00:00:00.0085189" startTime="2009-08-13T14:49:31.2343750-04:00" endTime="2009-08-13T14:49:31.2343750-04:00" testType="13cdc9d9-ddb5-4fa4-a97d-d965ccfc6d4b" outcome="Passed" testListId="8c84fa94-04c1-424b-9868-57a2d4851a1d" dataRowInfo="80" resultType="DataDrivenDataRow" />
        <UnitTestResult executionId="3e231643-d136-42e5-a804-316a01b3ea01" parentExecutionId="f4d5046b-f57e-4eeb-92ba-d2f367f78471" testId="56a60560-ac56-1247-a8c5-284e97d9a49c" testName="GetDiscountLookup" computerName="BUILD1" duration="00:00:00.0081415" startTime="2009-08-13T14:49:31.2343750-04:00" endTime="2009-08-13T14:49:31.2500000-04:00" testType="13cdc9d9-ddb5-4fa4-a97d-d965ccfc6d4b" outcome="Passed" testListId="8c84fa94-04c1-424b-9868-57a2d4851a1d" dataRowInfo="81" resultType="DataDrivenDataRow" />
        <UnitTestResult executionId="d7e8aca8-5bdf-4947-989f-5a48e6f0158a" parentExecutionId="f4d5046b-f57e-4eeb-92ba-d2f367f78471" testId="56a60560-ac56-1247-a8c5-284e97d9a49c" testName="GetDiscountLookup" computerName="BUILD1" duration="00:00:00.0096715" startTime="2009-08-13T14:49:31.2500000-04:00" endTime="2009-08-13T14:49:31.2500000-04:00" testType="13cdc9d9-ddb5-4fa4-a97d-d965ccfc6d4b" outcome="Passed" testListId="8c84fa94-04c1-424b-9868-57a2d4851a1d" dataRowInfo="82" resultType="DataDrivenDataRow" />
        <UnitTestResult executionId="82d47155-7553-461d-943e-1ddcdc45f2aa" parentExecutionId="f4d5046b-f57e-4eeb-92ba-d2f367f78471" testId="56a60560-ac56-1247-a8c5-284e97d9a49c" testName="GetDiscountLookup" computerName="BUILD1" duration="00:00:00.0081619" startTime="2009-08-13T14:49:31.2500000-04:00" endTime="2009-08-13T14:49:31.2656250-04:00" testType="13cdc9d9-ddb5-4fa4-a97d-d965ccfc6d4b" outcome="Passed" testListId="8c84fa94-04c1-424b-9868-57a2d4851a1d" dataRowInfo="83" resultType="DataDrivenDataRow" />
        <UnitTestResult executionId="43271f18-d5e9-4b46-a47a-2fc540d6b259" parentExecutionId="f4d5046b-f57e-4eeb-92ba-d2f367f78471" testId="56a60560-ac56-1247-a8c5-284e97d9a49c" testName="GetDiscountLookup" computerName="BUILD1" duration="00:00:00.0093889" startTime="2009-08-13T14:49:31.2656250-04:00" endTime="2009-08-13T14:49:31.2656250-04:00" testType="13cdc9d9-ddb5-4fa4-a97d-d965ccfc6d4b" outcome="Passed" testListId="8c84fa94-04c1-424b-9868-57a2d4851a1d" dataRowInfo="84" resultType="DataDrivenDataRow" />
        <UnitTestResult executionId="ea60ba32-9690-46da-bb6e-f258e744ff5f" parentExecutionId="f4d5046b-f57e-4eeb-92ba-d2f367f78471" testId="56a60560-ac56-1247-a8c5-284e97d9a49c" testName="GetDiscountLookup" computerName="BUILD1" duration="00:00:00.0085534" startTime="2009-08-13T14:49:31.2656250-04:00" endTime="2009-08-13T14:49:31.2812500-04:00" testType="13cdc9d9-ddb5-4fa4-a97d-d965ccfc6d4b" outcome="Passed" testListId="8c84fa94-04c1-424b-9868-57a2d4851a1d" dataRowInfo="85" resultType="DataDrivenDataRow" />
        <UnitTestResult executionId="37d526b0-a0da-477c-98a4-f73edc7b871a" parentExecutionId="f4d5046b-f57e-4eeb-92ba-d2f367f78471" testId="56a60560-ac56-1247-a8c5-284e97d9a49c" testName="GetDiscountLookup" computerName="BUILD1" duration="00:00:00.0079754" startTime="2009-08-13T14:49:31.2812500-04:00" endTime="2009-08-13T14:49:31.2968750-04:00" testType="13cdc9d9-ddb5-4fa4-a97d-d965ccfc6d4b" outcome="Passed" testListId="8c84fa94-04c1-424b-9868-57a2d4851a1d" dataRowInfo="86" resultType="DataDrivenDataRow" />
        <UnitTestResult executionId="382e6818-5c03-41e2-8385-efea5b950812" parentExecutionId="f4d5046b-f57e-4eeb-92ba-d2f367f78471" testId="56a60560-ac56-1247-a8c5-284e97d9a49c" testName="GetDiscountLookup" computerName="BUILD1" duration="00:00:00.0097884" startTime="2009-08-13T14:49:31.2968750-04:00" endTime="2009-08-13T14:49:31.2968750-04:00" testType="13cdc9d9-ddb5-4fa4-a97d-d965ccfc6d4b" outcome="Passed" testListId="8c84fa94-04c1-424b-9868-57a2d4851a1d" dataRowInfo="87" resultType="DataDrivenDataRow" />
        <UnitTestResult executionId="3eca1d18-c067-4549-97cb-bc64480fb92b" parentExecutionId="f4d5046b-f57e-4eeb-92ba-d2f367f78471" testId="56a60560-ac56-1247-a8c5-284e97d9a49c" testName="GetDiscountLookup" computerName="BUILD1" duration="00:00:00.0080209" startTime="2009-08-13T14:49:31.2968750-04:00" endTime="2009-08-13T14:49:31.3125000-04:00" testType="13cdc9d9-ddb5-4fa4-a97d-d965ccfc6d4b" outcome="Passed" testListId="8c84fa94-04c1-424b-9868-57a2d4851a1d" dataRowInfo="88" resultType="DataDrivenDataRow" />
        <UnitTestResult executionId="fb57e3ca-9ff2-4fae-a416-8664a614b96a" parentExecutionId="f4d5046b-f57e-4eeb-92ba-d2f367f78471" testId="56a60560-ac56-1247-a8c5-284e97d9a49c" testName="GetDiscountLookup" computerName="BUILD1" duration="00:00:00.0092770" startTime="2009-08-13T14:49:31.3125000-04:00" endTime="2009-08-13T14:49:31.3125000-04:00" testType="13cdc9d9-ddb5-4fa4-a97d-d965ccfc6d4b" outcome="Passed" testListId="8c84fa94-04c1-424b-9868-57a2d4851a1d" dataRowInfo="89" resultType="DataDrivenDataRow" />
        <UnitTestResult executionId="b210972e-131d-425f-9646-0a6f8bb93cdf" parentExecutionId="f4d5046b-f57e-4eeb-92ba-d2f367f78471" testId="56a60560-ac56-1247-a8c5-284e97d9a49c" testName="GetDiscountLookup" computerName="BUILD1" duration="00:00:00.0086854" startTime="2009-08-13T14:49:31.3125000-04:00" endTime="2009-08-13T14:49:31.3281250-04:00" testType="13cdc9d9-ddb5-4fa4-a97d-d965ccfc6d4b" outcome="Passed" testListId="8c84fa94-04c1-424b-9868-57a2d4851a1d" dataRowInfo="90" resultType="DataDrivenDataRow" />
        <UnitTestResult executionId="25696c65-8df2-4ad8-b9d8-b98b52ba3d6f" parentExecutionId="f4d5046b-f57e-4eeb-92ba-d2f367f78471" testId="56a60560-ac56-1247-a8c5-284e97d9a49c" testName="GetDiscountLookup" computerName="BUILD1" duration="00:00:00.0080649" startTime="2009-08-13T14:49:31.3281250-04:00" endTime="2009-08-13T14:49:31.3281250-04:00" testType="13cdc9d9-ddb5-4fa4-a97d-d965ccfc6d4b" outcome="Passed" testListId="8c84fa94-04c1-424b-9868-57a2d4851a1d" dataRowInfo="91" resultType="DataDrivenDataRow" />
        <UnitTestResult executionId="b7e8c0fb-6a85-41a4-85c0-50f2e72d70a8" parentExecutionId="f4d5046b-f57e-4eeb-92ba-d2f367f78471" testId="56a60560-ac56-1247-a8c5-284e97d9a49c" testName="GetDiscountLookup" computerName="BUILD1" duration="00:00:00.0097706" startTime="2009-08-13T14:49:31.3281250-04:00" endTime="2009-08-13T14:49:31.3437500-04:00" testType="13cdc9d9-ddb5-4fa4-a97d-d965ccfc6d4b" outcome="Passed" testListId="8c84fa94-04c1-424b-9868-57a2d4851a1d" dataRowInfo="92" resultType="DataDrivenDataRow" />
        <UnitTestResult executionId="aeb0b30a-0d5e-4192-bf78-059979b2497a" parentExecutionId="f4d5046b-f57e-4eeb-92ba-d2f367f78471" testId="56a60560-ac56-1247-a8c5-284e97d9a49c" testName="GetDiscountLookup" computerName="BUILD1" duration="00:00:00.0081639" startTime="2009-08-13T14:49:31.3437500-04:00" endTime="2009-08-13T14:49:31.3593750-04:00" testType="13cdc9d9-ddb5-4fa4-a97d-d965ccfc6d4b" outcome="Passed" testListId="8c84fa94-04c1-424b-9868-57a2d4851a1d" dataRowInfo="93" resultType="DataDrivenDataRow" />
        <UnitTestResult executionId="80cd8599-8323-4609-b5d6-67b57cbe872f" parentExecutionId="f4d5046b-f57e-4eeb-92ba-d2f367f78471" testId="56a60560-ac56-1247-a8c5-284e97d9a49c" testName="GetDiscountLookup" computerName="BUILD1" duration="00:00:00.0097062" startTime="2009-08-13T14:49:31.3593750-04:00" endTime="2009-08-13T14:49:31.3593750-04:00" testType="13cdc9d9-ddb5-4fa4-a97d-d965ccfc6d4b" outcome="Passed" testListId="8c84fa94-04c1-424b-9868-57a2d4851a1d" dataRowInfo="94" resultType="DataDrivenDataRow" />
        <UnitTestResult executionId="94f7da57-9c37-443c-9731-26b95ded5f1a" parentExecutionId="f4d5046b-f57e-4eeb-92ba-d2f367f78471" testId="56a60560-ac56-1247-a8c5-284e97d9a49c" testName="GetDiscountLookup" computerName="BUILD1" duration="00:00:00.0085916" startTime="2009-08-13T14:49:31.3593750-04:00" endTime="2009-08-13T14:49:31.3750000-04:00" testType="13cdc9d9-ddb5-4fa4-a97d-d965ccfc6d4b" outcome="Passed" testListId="8c84fa94-04c1-424b-9868-57a2d4851a1d" dataRowInfo="95" resultType="DataDrivenDataRow" />
        <UnitTestResult executionId="1625d86d-bcb2-4c6c-9ef6-734bd1a08d6b" parentExecutionId="f4d5046b-f57e-4eeb-92ba-d2f367f78471" testId="56a60560-ac56-1247-a8c5-284e97d9a49c" testName="GetDiscountLookup" computerName="BUILD1" duration="00:00:00.0080610" startTime="2009-08-13T14:49:31.3750000-04:00" endTime="2009-08-13T14:49:31.3750000-04:00" testType="13cdc9d9-ddb5-4fa4-a97d-d965ccfc6d4b" outcome="Passed" testListId="8c84fa94-04c1-424b-9868-57a2d4851a1d" dataRowInfo="96" resultType="DataDrivenDataRow" />
        <UnitTestResult executionId="2fe1212e-cdec-4dae-8812-2d7f741a86aa" parentExecutionId="f4d5046b-f57e-4eeb-92ba-d2f367f78471" testId="56a60560-ac56-1247-a8c5-284e97d9a49c" testName="GetDiscountLookup" computerName="BUILD1" duration="00:00:00.0097207" startTime="2009-08-13T14:49:31.3750000-04:00" endTime="2009-08-13T14:49:31.3906250-04:00" testType="13cdc9d9-ddb5-4fa4-a97d-d965ccfc6d4b" outcome="Passed" testListId="8c84fa94-04c1-424b-9868-57a2d4851a1d" dataRowInfo="97" resultType="DataDrivenDataRow" />
        <UnitTestResult executionId="50291a01-bbb2-45bb-ad78-d06e122cb09a" parentExecutionId="f4d5046b-f57e-4eeb-92ba-d2f367f78471" testId="56a60560-ac56-1247-a8c5-284e97d9a49c" testName="GetDiscountLookup" computerName="BUILD1" duration="00:00:00.0101579" startTime="2009-08-13T14:49:31.3906250-04:00" endTime="2009-08-13T14:49:31.4062500-04:00" testType="13cdc9d9-ddb5-4fa4-a97d-d965ccfc6d4b" outcome="Passed" testListId="8c84fa94-04c1-424b-9868-57a2d4851a1d" dataRowInfo="98" resultType="DataDrivenDataRow" />
        <UnitTestResult executionId="e0a1caa3-1e49-4a5f-9b48-c815835e66b6" parentExecutionId="f4d5046b-f57e-4eeb-92ba-d2f367f78471" testId="56a60560-ac56-1247-a8c5-284e97d9a49c" testName="GetDiscountLookup" computerName="BUILD1" duration="00:00:00.0119154" startTime="2009-08-13T14:49:31.4062500-04:00" endTime="2009-08-13T14:49:31.4062500-04:00" testType="13cdc9d9-ddb5-4fa4-a97d-d965ccfc6d4b" outcome="Passed" testListId="8c84fa94-04c1-424b-9868-57a2d4851a1d" dataRowInfo="99" resultType="DataDrivenDataRow" />
        <UnitTestResult executionId="3dab2597-a75f-4075-b2f8-77b963d96f4f" parentExecutionId="f4d5046b-f57e-4eeb-92ba-d2f367f78471" testId="56a60560-ac56-1247-a8c5-284e97d9a49c" testName="GetDiscountLookup" computerName="BUILD1" duration="00:00:00.0109833" startTime="2009-08-13T14:49:31.4062500-04:00" endTime="2009-08-13T14:49:31.4218750-04:00" testType="13cdc9d9-ddb5-4fa4-a97d-d965ccfc6d4b" outcome="Passed" testListId="8c84fa94-04c1-424b-9868-57a2d4851a1d" dataRowInfo="100" resultType="DataDrivenDataRow" />
        <UnitTestResult executionId="21a17217-4b97-421f-9fea-a683929a26a7" parentExecutionId="f4d5046b-f57e-4eeb-92ba-d2f367f78471" testId="56a60560-ac56-1247-a8c5-284e97d9a49c" testName="GetDiscountLookup" computerName="BUILD1" duration="00:00:00.0106280" startTime="2009-08-13T14:49:31.4218750-04:00" endTime="2009-08-13T14:49:31.4375000-04:00" testType="13cdc9d9-ddb5-4fa4-a97d-d965ccfc6d4b" outcome="Passed" testListId="8c84fa94-04c1-424b-9868-57a2d4851a1d" dataRowInfo="101" resultType="DataDrivenDataRow" />
        <UnitTestResult executionId="1367e122-77e7-4836-8e2f-556b177241a3" parentExecutionId="f4d5046b-f57e-4eeb-92ba-d2f367f78471" testId="56a60560-ac56-1247-a8c5-284e97d9a49c" testName="GetDiscountLookup" computerName="BUILD1" duration="00:00:00.0114826" startTime="2009-08-13T14:49:31.4375000-04:00" endTime="2009-08-13T14:49:31.4375000-04:00" testType="13cdc9d9-ddb5-4fa4-a97d-d965ccfc6d4b" outcome="Passed" testListId="8c84fa94-04c1-424b-9868-57a2d4851a1d" dataRowInfo="102" resultType="DataDrivenDataRow" />
        <UnitTestResult executionId="3eec8a20-918d-461f-8f60-f4f854ce2cdd" parentExecutionId="f4d5046b-f57e-4eeb-92ba-d2f367f78471" testId="56a60560-ac56-1247-a8c5-284e97d9a49c" testName="GetDiscountLookup" computerName="BUILD1" duration="00:00:00.0081634" startTime="2009-08-13T14:49:31.4375000-04:00" endTime="2009-08-13T14:49:31.4531250-04:00" testType="13cdc9d9-ddb5-4fa4-a97d-d965ccfc6d4b" outcome="Passed" testListId="8c84fa94-04c1-424b-9868-57a2d4851a1d" dataRowInfo="103" resultType="DataDrivenDataRow" />
        <UnitTestResult executionId="39409656-0637-4204-84dd-4168bf9ad9ae" parentExecutionId="f4d5046b-f57e-4eeb-92ba-d2f367f78471" testId="56a60560-ac56-1247-a8c5-284e97d9a49c" testName="GetDiscountLookup" computerName="BUILD1" duration="00:00:00.0093422" startTime="2009-08-13T14:49:31.4531250-04:00" endTime="2009-08-13T14:49:31.4687500-04:00" testType="13cdc9d9-ddb5-4fa4-a97d-d965ccfc6d4b" outcome="Passed" testListId="8c84fa94-04c1-424b-9868-57a2d4851a1d" dataRowInfo="104" resultType="DataDrivenDataRow" />
        <UnitTestResult executionId="96b52881-9c64-4c47-9345-02733322cad5" parentExecutionId="f4d5046b-f57e-4eeb-92ba-d2f367f78471" testId="56a60560-ac56-1247-a8c5-284e97d9a49c" testName="GetDiscountLookup" computerName="BUILD1" duration="00:00:00.0085774" startTime="2009-08-13T14:49:31.4687500-04:00" endTime="2009-08-13T14:49:31.4687500-04:00" testType="13cdc9d9-ddb5-4fa4-a97d-d965ccfc6d4b" outcome="Passed" testListId="8c84fa94-04c1-424b-9868-57a2d4851a1d" dataRowInfo="105" resultType="DataDrivenDataRow" />
        <UnitTestResult executionId="c2029a51-100f-4113-a4a4-62f4b8fae00b" parentExecutionId="f4d5046b-f57e-4eeb-92ba-d2f367f78471" testId="56a60560-ac56-1247-a8c5-284e97d9a49c" testName="GetDiscountLookup" computerName="BUILD1" duration="00:00:00.0080674" startTime="2009-08-13T14:49:31.4687500-04:00" endTime="2009-08-13T14:49:31.4843750-04:00" testType="13cdc9d9-ddb5-4fa4-a97d-d965ccfc6d4b" outcome="Passed" testListId="8c84fa94-04c1-424b-9868-57a2d4851a1d" dataRowInfo="106" resultType="DataDrivenDataRow" />
        <UnitTestResult executionId="c4605f1a-e7db-4bf8-b615-967b3d633ceb" parentExecutionId="f4d5046b-f57e-4eeb-92ba-d2f367f78471" testId="56a60560-ac56-1247-a8c5-284e97d9a49c" testName="GetDiscountLookup" computerName="BUILD1" duration="00:00:00.0099193" startTime="2009-08-13T14:49:31.4843750-04:00" endTime="2009-08-13T14:49:31.4843750-04:00" testType="13cdc9d9-ddb5-4fa4-a97d-d965ccfc6d4b" outcome="Passed" testListId="8c84fa94-04c1-424b-9868-57a2d4851a1d" dataRowInfo="107" resultType="DataDrivenDataRow" />
        <UnitTestResult executionId="19bda0fd-47ef-449a-928c-2a403b5a2ad6" parentExecutionId="f4d5046b-f57e-4eeb-92ba-d2f367f78471" testId="56a60560-ac56-1247-a8c5-284e97d9a49c" testName="GetDiscountLookup" computerName="BUILD1" duration="00:00:00.0080637" startTime="2009-08-13T14:49:31.4843750-04:00" endTime="2009-08-13T14:49:31.5000000-04:00" testType="13cdc9d9-ddb5-4fa4-a97d-d965ccfc6d4b" outcome="Passed" testListId="8c84fa94-04c1-424b-9868-57a2d4851a1d" dataRowInfo="108" resultType="DataDrivenDataRow" />
        <UnitTestResult executionId="8a05d357-2798-4a30-ad4c-e54aecbcb5b5" parentExecutionId="f4d5046b-f57e-4eeb-92ba-d2f367f78471" testId="56a60560-ac56-1247-a8c5-284e97d9a49c" testName="GetDiscountLookup" computerName="BUILD1" duration="00:00:00.0093386" startTime="2009-08-13T14:49:31.5000000-04:00" endTime="2009-08-13T14:49:31.5000000-04:00" testType="13cdc9d9-ddb5-4fa4-a97d-d965ccfc6d4b" outcome="Passed" testListId="8c84fa94-04c1-424b-9868-57a2d4851a1d" dataRowInfo="109" resultType="DataDrivenDataRow" />
        <UnitTestResult executionId="b411d8ff-37ee-4673-9028-bc068bdac6ee" parentExecutionId="f4d5046b-f57e-4eeb-92ba-d2f367f78471" testId="56a60560-ac56-1247-a8c5-284e97d9a49c" testName="GetDiscountLookup" computerName="BUILD1" duration="00:00:00.0086303" startTime="2009-08-13T14:49:31.5000000-04:00" endTime="2009-08-13T14:49:31.5156250-04:00" testType="13cdc9d9-ddb5-4fa4-a97d-d965ccfc6d4b" outcome="Passed" testListId="8c84fa94-04c1-424b-9868-57a2d4851a1d" dataRowInfo="110" resultType="DataDrivenDataRow" />
        <UnitTestResult executionId="4d9815f5-47ec-4c22-b295-e487fe3c9326" parentExecutionId="f4d5046b-f57e-4eeb-92ba-d2f367f78471" testId="56a60560-ac56-1247-a8c5-284e97d9a49c" testName="GetDiscountLookup" computerName="BUILD1" duration="00:00:00.0079418" startTime="2009-08-13T14:49:31.5156250-04:00" endTime="2009-08-13T14:49:31.5156250-04:00" testType="13cdc9d9-ddb5-4fa4-a97d-d965ccfc6d4b" outcome="Passed" testListId="8c84fa94-04c1-424b-9868-57a2d4851a1d" dataRowInfo="111" resultType="DataDrivenDataRow" />
        <UnitTestResult executionId="32fede33-f07a-4d4c-abaa-c996dc5d9802" parentExecutionId="f4d5046b-f57e-4eeb-92ba-d2f367f78471" testId="56a60560-ac56-1247-a8c5-284e97d9a49c" testName="GetDiscountLookup" computerName="BUILD1" duration="00:00:00.0100046" startTime="2009-08-13T14:49:31.5156250-04:00" endTime="2009-08-13T14:49:31.5312500-04:00" testType="13cdc9d9-ddb5-4fa4-a97d-d965ccfc6d4b" outcome="Passed" testListId="8c84fa94-04c1-424b-9868-57a2d4851a1d" dataRowInfo="112" resultType="DataDrivenDataRow" />
        <UnitTestResult executionId="1a64f164-4827-4767-9b7e-9a60046cd7f9" parentExecutionId="f4d5046b-f57e-4eeb-92ba-d2f367f78471" testId="56a60560-ac56-1247-a8c5-284e97d9a49c" testName="GetDiscountLookup" computerName="BUILD1" duration="00:00:00.0080302" startTime="2009-08-13T14:49:31.5312500-04:00" endTime="2009-08-13T14:49:31.5468750-04:00" testType="13cdc9d9-ddb5-4fa4-a97d-d965ccfc6d4b" outcome="Passed" testListId="8c84fa94-04c1-424b-9868-57a2d4851a1d" dataRowInfo="113" resultType="DataDrivenDataRow" />
        <UnitTestResult executionId="690dab90-ac10-4bb4-a5b4-804661a37049" parentExecutionId="f4d5046b-f57e-4eeb-92ba-d2f367f78471" testId="56a60560-ac56-1247-a8c5-284e97d9a49c" testName="GetDiscountLookup" computerName="BUILD1" duration="00:00:00.0092911" startTime="2009-08-13T14:49:31.5468750-04:00" endTime="2009-08-13T14:49:31.5468750-04:00" testType="13cdc9d9-ddb5-4fa4-a97d-d965ccfc6d4b" outcome="Passed" testListId="8c84fa94-04c1-424b-9868-57a2d4851a1d" dataRowInfo="114" resultType="DataDrivenDataRow" />
        <UnitTestResult executionId="41c59e6b-115d-4b28-b6c9-30d8018a297d" parentExecutionId="f4d5046b-f57e-4eeb-92ba-d2f367f78471" testId="56a60560-ac56-1247-a8c5-284e97d9a49c" testName="GetDiscountLookup" computerName="BUILD1" duration="00:00:00.0086214" startTime="2009-08-13T14:49:31.5468750-04:00" endTime="2009-08-13T14:49:31.5625000-04:00" testType="13cdc9d9-ddb5-4fa4-a97d-d965ccfc6d4b" outcome="Passed" testListId="8c84fa94-04c1-424b-9868-57a2d4851a1d" dataRowInfo="115" resultType="DataDrivenDataRow" />
        <UnitTestResult executionId="2373e0d3-5122-4e36-a41e-af90c2603d6e" parentExecutionId="f4d5046b-f57e-4eeb-92ba-d2f367f78471" testId="56a60560-ac56-1247-a8c5-284e97d9a49c" testName="GetDiscountLookup" computerName="BUILD1" duration="00:00:00.0080241" startTime="2009-08-13T14:49:31.5625000-04:00" endTime="2009-08-13T14:49:31.5625000-04:00" testType="13cdc9d9-ddb5-4fa4-a97d-d965ccfc6d4b" outcome="Passed" testListId="8c84fa94-04c1-424b-9868-57a2d4851a1d" dataRowInfo="116" resultType="DataDrivenDataRow" />
        <UnitTestResult executionId="46d54f6c-7ccf-4ca5-b10a-98e99e933ef7" parentExecutionId="f4d5046b-f57e-4eeb-92ba-d2f367f78471" testId="56a60560-ac56-1247-a8c5-284e97d9a49c" testName="GetDiscountLookup" computerName="BUILD1" duration="00:00:00.0098072" startTime="2009-08-13T14:49:31.5625000-04:00" endTime="2009-08-13T14:49:31.5781250-04:00" testType="13cdc9d9-ddb5-4fa4-a97d-d965ccfc6d4b" outcome="Passed" testListId="8c84fa94-04c1-424b-9868-57a2d4851a1d" dataRowInfo="117" resultType="DataDrivenDataRow" />
        <UnitTestResult executionId="3145184f-ead7-4f83-8662-5333ac2cf757" parentExecutionId="f4d5046b-f57e-4eeb-92ba-d2f367f78471" testId="56a60560-ac56-1247-a8c5-284e97d9a49c" testName="GetDiscountLookup" computerName="BUILD1" duration="00:00:00.0079537" startTime="2009-08-13T14:49:31.5781250-04:00" endTime="2009-08-13T14:49:31.5781250-04:00" testType="13cdc9d9-ddb5-4fa4-a97d-d965ccfc6d4b" outcome="Passed" testListId="8c84fa94-04c1-424b-9868-57a2d4851a1d" dataRowInfo="118" resultType="DataDrivenDataRow" />
        <UnitTestResult executionId="db806554-aeaa-4639-b47a-4a3d75030260" parentExecutionId="f4d5046b-f57e-4eeb-92ba-d2f367f78471" testId="56a60560-ac56-1247-a8c5-284e97d9a49c" testName="GetDiscountLookup" computerName="BUILD1" duration="00:00:00.0094025" startTime="2009-08-13T14:49:31.5781250-04:00" endTime="2009-08-13T14:49:31.5937500-04:00" testType="13cdc9d9-ddb5-4fa4-a97d-d965ccfc6d4b" outcome="Passed" testListId="8c84fa94-04c1-424b-9868-57a2d4851a1d" dataRowInfo="119" resultType="DataDrivenDataRow" />
        <UnitTestResult executionId="53fbfd89-8d1f-4d83-9491-15f0ec9aa7e0" parentExecutionId="f4d5046b-f57e-4eeb-92ba-d2f367f78471" testId="56a60560-ac56-1247-a8c5-284e97d9a49c" testName="GetDiscountLookup" computerName="BUILD1" duration="00:00:00.0084742" startTime="2009-08-13T14:49:31.5937500-04:00" endTime="2009-08-13T14:49:31.6093750-04:00" testType="13cdc9d9-ddb5-4fa4-a97d-d965ccfc6d4b" outcome="Passed" testListId="8c84fa94-04c1-424b-9868-57a2d4851a1d" dataRowInfo="120" resultType="DataDrivenDataRow" />
        <UnitTestResult executionId="a0fd6f74-c056-4bb1-a297-b0c67429268e" parentExecutionId="f4d5046b-f57e-4eeb-92ba-d2f367f78471" testId="56a60560-ac56-1247-a8c5-284e97d9a49c" testName="GetDiscountLookup" computerName="BUILD1" duration="00:00:00.0081131" startTime="2009-08-13T14:49:31.6093750-04:00" endTime="2009-08-13T14:49:31.6093750-04:00" testType="13cdc9d9-ddb5-4fa4-a97d-d965ccfc6d4b" outcome="Passed" testListId="8c84fa94-04c1-424b-9868-57a2d4851a1d" dataRowInfo="121" resultType="DataDrivenDataRow" />
        <UnitTestResult executionId="5371fe4a-b311-4ef0-b646-c8437908eb9b" parentExecutionId="f4d5046b-f57e-4eeb-92ba-d2f367f78471" testId="56a60560-ac56-1247-a8c5-284e97d9a49c" testName="GetDiscountLookup" computerName="BUILD1" duration="00:00:00.0096337" startTime="2009-08-13T14:49:31.6093750-04:00" endTime="2009-08-13T14:49:31.6250000-04:00" testType="13cdc9d9-ddb5-4fa4-a97d-d965ccfc6d4b" outcome="Passed" testListId="8c84fa94-04c1-424b-9868-57a2d4851a1d" dataRowInfo="122" resultType="DataDrivenDataRow" />
        <UnitTestResult executionId="3ccfb3ed-46e5-4349-a248-cd7a0e10858d" parentExecutionId="f4d5046b-f57e-4eeb-92ba-d2f367f78471" testId="56a60560-ac56-1247-a8c5-284e97d9a49c" testName="GetDiscountLookup" computerName="BUILD1" duration="00:00:00.0080877" startTime="2009-08-13T14:49:31.6250000-04:00" endTime="2009-08-13T14:49:31.6250000-04:00" testType="13cdc9d9-ddb5-4fa4-a97d-d965ccfc6d4b" outcome="Passed" testListId="8c84fa94-04c1-424b-9868-57a2d4851a1d" dataRowInfo="123" resultType="DataDrivenDataRow" />
        <UnitTestResult executionId="6a9cc55b-9642-4083-bbe2-f967c1739472" parentExecutionId="f4d5046b-f57e-4eeb-92ba-d2f367f78471" testId="56a60560-ac56-1247-a8c5-284e97d9a49c" testName="GetDiscountLookup" computerName="BUILD1" duration="00:00:00.0092840" startTime="2009-08-13T14:49:31.6250000-04:00" endTime="2009-08-13T14:49:31.6406250-04:00" testType="13cdc9d9-ddb5-4fa4-a97d-d965ccfc6d4b" outcome="Passed" testListId="8c84fa94-04c1-424b-9868-57a2d4851a1d" dataRowInfo="124" resultType="DataDrivenDataRow" />
        <UnitTestResult executionId="b4cc45e0-f618-4e1c-a1c3-ef8e5eb2e2d9" parentExecutionId="f4d5046b-f57e-4eeb-92ba-d2f367f78471" testId="56a60560-ac56-1247-a8c5-284e97d9a49c" testName="GetDiscountLookup" computerName="BUILD1" duration="00:00:00.0084475" startTime="2009-08-13T14:49:31.6406250-04:00" endTime="2009-08-13T14:49:31.6406250-04:00" testType="13cdc9d9-ddb5-4fa4-a97d-d965ccfc6d4b" outcome="Passed" testListId="8c84fa94-04c1-424b-9868-57a2d4851a1d" dataRowInfo="125" resultType="DataDrivenDataRow" />
        <UnitTestResult executionId="d9ea841b-d837-4467-aed2-a349de3ea066" parentExecutionId="f4d5046b-f57e-4eeb-92ba-d2f367f78471" testId="56a60560-ac56-1247-a8c5-284e97d9a49c" testName="GetDiscountLookup" computerName="BUILD1" duration="00:00:00.0080316" startTime="2009-08-13T14:49:31.6406250-04:00" endTime="2009-08-13T14:49:31.6562500-04:00" testType="13cdc9d9-ddb5-4fa4-a97d-d965ccfc6d4b" outcome="Passed" testListId="8c84fa94-04c1-424b-9868-57a2d4851a1d" dataRowInfo="126" resultType="DataDrivenDataRow" />
        <UnitTestResult executionId="9ed67a48-5aab-4cfb-9339-3689696e887b" parentExecutionId="f4d5046b-f57e-4eeb-92ba-d2f367f78471" testId="56a60560-ac56-1247-a8c5-284e97d9a49c" testName="GetDiscountLookup" computerName="BUILD1" duration="00:00:00.0096492" startTime="2009-08-13T14:49:31.6562500-04:00" endTime="2009-08-13T14:49:31.6718750-04:00" testType="13cdc9d9-ddb5-4fa4-a97d-d965ccfc6d4b" outcome="Passed" testListId="8c84fa94-04c1-424b-9868-57a2d4851a1d" dataRowInfo="127" resultType="DataDrivenDataRow" />
        <UnitTestResult executionId="c4fa95b1-c066-46e5-bcd7-777a757b7322" parentExecutionId="f4d5046b-f57e-4eeb-92ba-d2f367f78471" testId="56a60560-ac56-1247-a8c5-284e97d9a49c" testName="GetDiscountLookup" computerName="BUILD1" duration="00:00:00.0079419" startTime="2009-08-13T14:49:31.6718750-04:00" endTime="2009-08-13T14:49:31.6718750-04:00" testType="13cdc9d9-ddb5-4fa4-a97d-d965ccfc6d4b" outcome="Passed" testListId="8c84fa94-04c1-424b-9868-57a2d4851a1d" dataRowInfo="128" resultType="DataDrivenDataRow" />
        <UnitTestResult executionId="1cca1716-e333-4192-bd02-9514d1449cb7" parentExecutionId="f4d5046b-f57e-4eeb-92ba-d2f367f78471" testId="56a60560-ac56-1247-a8c5-284e97d9a49c" testName="GetDiscountLookup" computerName="BUILD1" duration="00:00:00.0094150" startTime="2009-08-13T14:49:31.6718750-04:00" endTime="2009-08-13T14:49:31.6875000-04:00" testType="13cdc9d9-ddb5-4fa4-a97d-d965ccfc6d4b" outcome="Passed" testListId="8c84fa94-04c1-424b-9868-57a2d4851a1d" dataRowInfo="129" resultType="DataDrivenDataRow" />
        <UnitTestResult executionId="930af855-f30a-4c76-ac68-7cd4505a1c2c" parentExecutionId="f4d5046b-f57e-4eeb-92ba-d2f367f78471" testId="56a60560-ac56-1247-a8c5-284e97d9a49c" testName="GetDiscountLookup" computerName="BUILD1" duration="00:00:00.0083970" startTime="2009-08-13T14:49:31.6875000-04:00" endTime="2009-08-13T14:49:31.6875000-04:00" testType="13cdc9d9-ddb5-4fa4-a97d-d965ccfc6d4b" outcome="Passed" testListId="8c84fa94-04c1-424b-9868-57a2d4851a1d" dataRowInfo="130" resultType="DataDrivenDataRow" />
        <UnitTestResult executionId="00a67ecb-2293-4873-b5f7-9dea472778ce" parentExecutionId="f4d5046b-f57e-4eeb-92ba-d2f367f78471" testId="56a60560-ac56-1247-a8c5-284e97d9a49c" testName="GetDiscountLookup" computerName="BUILD1" duration="00:00:00.0080719" startTime="2009-08-13T14:49:31.6875000-04:00" endTime="2009-08-13T14:49:31.7031250-04:00" testType="13cdc9d9-ddb5-4fa4-a97d-d965ccfc6d4b" outcome="Passed" testListId="8c84fa94-04c1-424b-9868-57a2d4851a1d" dataRowInfo="131" resultType="DataDrivenDataRow" />
        <UnitTestResult executionId="b8b818f3-cb1c-43d8-8f4b-97f36d9fc906" parentExecutionId="f4d5046b-f57e-4eeb-92ba-d2f367f78471" testId="56a60560-ac56-1247-a8c5-284e97d9a49c" testName="GetDiscountLookup" computerName="BUILD1" duration="00:00:00.0097181" startTime="2009-08-13T14:49:31.7031250-04:00" endTime="2009-08-13T14:49:31.7031250-04:00" testType="13cdc9d9-ddb5-4fa4-a97d-d965ccfc6d4b" outcome="Passed" testListId="8c84fa94-04c1-424b-9868-57a2d4851a1d" dataRowInfo="132" resultType="DataDrivenDataRow" />
        <UnitTestResult executionId="733cc36b-76c2-460a-bf04-fe1b90454c66" parentExecutionId="f4d5046b-f57e-4eeb-92ba-d2f367f78471" testId="56a60560-ac56-1247-a8c5-284e97d9a49c" testName="GetDiscountLookup" computerName="BUILD1" duration="00:00:00.0080967" startTime="2009-08-13T14:49:31.7031250-04:00" endTime="2009-08-13T14:49:31.7187500-04:00" testType="13cdc9d9-ddb5-4fa4-a97d-d965ccfc6d4b" outcome="Passed" testListId="8c84fa94-04c1-424b-9868-57a2d4851a1d" dataRowInfo="133" resultType="DataDrivenDataRow" />
        <UnitTestResult executionId="fd7b8e4a-af33-4811-935b-bc0a4ecc6a76" parentExecutionId="f4d5046b-f57e-4eeb-92ba-d2f367f78471" testId="56a60560-ac56-1247-a8c5-284e97d9a49c" testName="GetDiscountLookup" computerName="BUILD1" duration="00:00:00.0092815" startTime="2009-08-13T14:49:31.7187500-04:00" endTime="2009-08-13T14:49:31.7343750-04:00" testType="13cdc9d9-ddb5-4fa4-a97d-d965ccfc6d4b" outcome="Passed" testListId="8c84fa94-04c1-424b-9868-57a2d4851a1d" dataRowInfo="134" resultType="DataDrivenDataRow" />
        <UnitTestResult executionId="2c81f7fe-05ae-43e8-b5e7-52241838f9d1" parentExecutionId="f4d5046b-f57e-4eeb-92ba-d2f367f78471" testId="56a60560-ac56-1247-a8c5-284e97d9a49c" testName="GetDiscountLookup" computerName="BUILD1" duration="00:00:00.0084921" startTime="2009-08-13T14:49:31.7343750-04:00" endTime="2009-08-13T14:49:31.7343750-04:00" testType="13cdc9d9-ddb5-4fa4-a97d-d965ccfc6d4b" outcome="Passed" testListId="8c84fa94-04c1-424b-9868-57a2d4851a1d" dataRowInfo="135" resultType="DataDrivenDataRow" />
        <UnitTestResult executionId="e1e2adfc-c663-4b72-8078-8be65dc4e697" parentExecutionId="f4d5046b-f57e-4eeb-92ba-d2f367f78471" testId="56a60560-ac56-1247-a8c5-284e97d9a49c" testName="GetDiscountLookup" computerName="BUILD1" duration="00:00:00.0080131" startTime="2009-08-13T14:49:31.7343750-04:00" endTime="2009-08-13T14:49:31.7500000-04:00" testType="13cdc9d9-ddb5-4fa4-a97d-d965ccfc6d4b" outcome="Passed" testListId="8c84fa94-04c1-424b-9868-57a2d4851a1d" dataRowInfo="136" resultType="DataDrivenDataRow" />
        <UnitTestResult executionId="7e4cffbd-3342-4d40-958f-38766bdcd6ec" parentExecutionId="f4d5046b-f57e-4eeb-92ba-d2f367f78471" testId="56a60560-ac56-1247-a8c5-284e97d9a49c" testName="GetDiscountLookup" computerName="BUILD1" duration="00:00:00.0097071" startTime="2009-08-13T14:49:31.7500000-04:00" endTime="2009-08-13T14:49:31.7500000-04:00" testType="13cdc9d9-ddb5-4fa4-a97d-d965ccfc6d4b" outcome="Passed" testListId="8c84fa94-04c1-424b-9868-57a2d4851a1d" dataRowInfo="137" resultType="DataDrivenDataRow" />
        <UnitTestResult executionId="f3d1e559-2598-4999-822b-9df3a10379ff" parentExecutionId="f4d5046b-f57e-4eeb-92ba-d2f367f78471" testId="56a60560-ac56-1247-a8c5-284e97d9a49c" testName="GetDiscountLookup" computerName="BUILD1" duration="00:00:00.0080865" startTime="2009-08-13T14:49:31.7500000-04:00" endTime="2009-08-13T14:49:31.7656250-04:00" testType="13cdc9d9-ddb5-4fa4-a97d-d965ccfc6d4b" outcome="Passed" testListId="8c84fa94-04c1-424b-9868-57a2d4851a1d" dataRowInfo="138" resultType="DataDrivenDataRow" />
        <UnitTestResult executionId="07042fc0-b595-43a2-a48a-d8d80cb356b8" parentExecutionId="f4d5046b-f57e-4eeb-92ba-d2f367f78471" testId="56a60560-ac56-1247-a8c5-284e97d9a49c" testName="GetDiscountLookup" computerName="BUILD1" duration="00:00:00.0097885" startTime="2009-08-13T14:49:31.7656250-04:00" endTime="2009-08-13T14:49:31.7656250-04:00" testType="13cdc9d9-ddb5-4fa4-a97d-d965ccfc6d4b" outcome="Passed" testListId="8c84fa94-04c1-424b-9868-57a2d4851a1d" dataRowInfo="139" resultType="DataDrivenDataRow" />
        <UnitTestResult executionId="72810144-9bae-4e83-af32-f8663bf83f85" parentExecutionId="f4d5046b-f57e-4eeb-92ba-d2f367f78471" testId="56a60560-ac56-1247-a8c5-284e97d9a49c" testName="GetDiscountLookup" computerName="BUILD1" duration="00:00:00.0086019" startTime="2009-08-13T14:49:31.7656250-04:00" endTime="2009-08-13T14:49:31.7812500-04:00" testType="13cdc9d9-ddb5-4fa4-a97d-d965ccfc6d4b" outcome="Passed" testListId="8c84fa94-04c1-424b-9868-57a2d4851a1d" dataRowInfo="140" resultType="DataDrivenDataRow" />
        <UnitTestResult executionId="789b316d-3f17-4393-81d7-36145ea05a6f" parentExecutionId="f4d5046b-f57e-4eeb-92ba-d2f367f78471" testId="56a60560-ac56-1247-a8c5-284e97d9a49c" testName="GetDiscountLookup" computerName="BUILD1" duration="00:00:00.0081431" startTime="2009-08-13T14:49:31.7812500-04:00" endTime="2009-08-13T14:49:31.7812500-04:00" testType="13cdc9d9-ddb5-4fa4-a97d-d965ccfc6d4b" outcome="Passed" testListId="8c84fa94-04c1-424b-9868-57a2d4851a1d" dataRowInfo="141" resultType="DataDrivenDataRow" />
        <UnitTestResult executionId="9a78cc68-6067-4862-94c5-fed29553fb7e" parentExecutionId="f4d5046b-f57e-4eeb-92ba-d2f367f78471" testId="56a60560-ac56-1247-a8c5-284e97d9a49c" testName="GetDiscountLookup" computerName="BUILD1" duration="00:00:00.0096958" startTime="2009-08-13T14:49:31.7812500-04:00" endTime="2009-08-13T14:49:31.7968750-04:00" testType="13cdc9d9-ddb5-4fa4-a97d-d965ccfc6d4b" outcome="Passed" testListId="8c84fa94-04c1-424b-9868-57a2d4851a1d" dataRowInfo="142" resultType="DataDrivenDataRow" />
        <UnitTestResult executionId="6a98501c-231e-4baf-adca-bfeb32ef24c7" parentExecutionId="f4d5046b-f57e-4eeb-92ba-d2f367f78471" testId="56a60560-ac56-1247-a8c5-284e97d9a49c" testName="GetDiscountLookup" computerName="BUILD1" duration="00:00:00.0081800" startTime="2009-08-13T14:49:31.7968750-04:00" endTime="2009-08-13T14:49:31.8125000-04:00" testType="13cdc9d9-ddb5-4fa4-a97d-d965ccfc6d4b" outcome="Passed" testListId="8c84fa94-04c1-424b-9868-57a2d4851a1d" dataRowInfo="143" resultType="DataDrivenDataRow" />
        <UnitTestResult executionId="a2ae6588-6b65-40d4-acc9-d783939c7cac" parentExecutionId="f4d5046b-f57e-4eeb-92ba-d2f367f78471" testId="56a60560-ac56-1247-a8c5-284e97d9a49c" testName="GetDiscountLookup" computerName="BUILD1" duration="00:00:00.0093021" startTime="2009-08-13T14:49:31.8125000-04:00" endTime="2009-08-13T14:49:31.8125000-04:00" testType="13cdc9d9-ddb5-4fa4-a97d-d965ccfc6d4b" outcome="Passed" testListId="8c84fa94-04c1-424b-9868-57a2d4851a1d" dataRowInfo="144" resultType="DataDrivenDataRow" />
        <UnitTestResult executionId="d3b61b64-3436-4a6e-8f1a-0c80fa783d64" parentExecutionId="f4d5046b-f57e-4eeb-92ba-d2f367f78471" testId="56a60560-ac56-1247-a8c5-284e97d9a49c" testName="GetDiscountLookup" computerName="BUILD1" duration="00:00:00.0086055" startTime="2009-08-13T14:49:31.8125000-04:00" endTime="2009-08-13T14:49:31.8281250-04:00" testType="13cdc9d9-ddb5-4fa4-a97d-d965ccfc6d4b" outcome="Passed" testListId="8c84fa94-04c1-424b-9868-57a2d4851a1d" dataRowInfo="145" resultType="DataDrivenDataRow" />
        <UnitTestResult executionId="c95edccd-b866-48aa-8088-b1f92196bf7f" parentExecutionId="f4d5046b-f57e-4eeb-92ba-d2f367f78471" testId="56a60560-ac56-1247-a8c5-284e97d9a49c" testName="GetDiscountLookup" computerName="BUILD1" duration="00:00:00.0081019" startTime="2009-08-13T14:49:31.8281250-04:00" endTime="2009-08-13T14:49:31.8281250-04:00" testType="13cdc9d9-ddb5-4fa4-a97d-d965ccfc6d4b" outcome="Passed" testListId="8c84fa94-04c1-424b-9868-57a2d4851a1d" dataRowInfo="146" resultType="DataDrivenDataRow" />
        <UnitTestResult executionId="a3dc11dd-0481-47ec-84b3-2d0789d7d933" parentExecutionId="f4d5046b-f57e-4eeb-92ba-d2f367f78471" testId="56a60560-ac56-1247-a8c5-284e97d9a49c" testName="GetDiscountLookup" computerName="BUILD1" duration="00:00:00.0095987" startTime="2009-08-13T14:49:31.8281250-04:00" endTime="2009-08-13T14:49:31.8437500-04:00" testType="13cdc9d9-ddb5-4fa4-a97d-d965ccfc6d4b" outcome="Passed" testListId="8c84fa94-04c1-424b-9868-57a2d4851a1d" dataRowInfo="147" resultType="DataDrivenDataRow" />
        <UnitTestResult executionId="4f7f4c58-92d1-4700-a24a-ad3efbd7e658" parentExecutionId="f4d5046b-f57e-4eeb-92ba-d2f367f78471" testId="56a60560-ac56-1247-a8c5-284e97d9a49c" testName="GetDiscountLookup" computerName="BUILD1" duration="00:00:00.0080506" startTime="2009-08-13T14:49:31.8437500-04:00" endTime="2009-08-13T14:49:31.8437500-04:00" testType="13cdc9d9-ddb5-4fa4-a97d-d965ccfc6d4b" outcome="Passed" testListId="8c84fa94-04c1-424b-9868-57a2d4851a1d" dataRowInfo="148" resultType="DataDrivenDataRow" />
        <UnitTestResult executionId="d90771ac-52d0-45b9-8e65-92ab79668225" parentExecutionId="f4d5046b-f57e-4eeb-92ba-d2f367f78471" testId="56a60560-ac56-1247-a8c5-284e97d9a49c" testName="GetDiscountLookup" computerName="BUILD1" duration="00:00:00.0094613" startTime="2009-08-13T14:49:31.8437500-04:00" endTime="2009-08-13T14:49:31.8593750-04:00" testType="13cdc9d9-ddb5-4fa4-a97d-d965ccfc6d4b" outcome="Passed" testListId="8c84fa94-04c1-424b-9868-57a2d4851a1d" dataRowInfo="149" resultType="DataDrivenDataRow" />
        <UnitTestResult executionId="c4061c47-b3d9-4914-99af-99ca25acbab0" parentExecutionId="f4d5046b-f57e-4eeb-92ba-d2f367f78471" testId="56a60560-ac56-1247-a8c5-284e97d9a49c" testName="GetDiscountLookup" computerName="BUILD1" duration="00:00:00.0083948" startTime="2009-08-13T14:49:31.8593750-04:00" endTime="2009-08-13T14:49:31.8750000-04:00" testType="13cdc9d9-ddb5-4fa4-a97d-d965ccfc6d4b" outcome="Passed" testListId="8c84fa94-04c1-424b-9868-57a2d4851a1d" dataRowInfo="150" resultType="DataDrivenDataRow" />
        <UnitTestResult executionId="fba73e1d-19ca-47a2-b1da-6e7eefe7001c" parentExecutionId="f4d5046b-f57e-4eeb-92ba-d2f367f78471" testId="56a60560-ac56-1247-a8c5-284e97d9a49c" testName="GetDiscountLookup" computerName="BUILD1" duration="00:00:00.0080968" startTime="2009-08-13T14:49:31.8750000-04:00" endTime="2009-08-13T14:49:31.8750000-04:00" testType="13cdc9d9-ddb5-4fa4-a97d-d965ccfc6d4b" outcome="Passed" testListId="8c84fa94-04c1-424b-9868-57a2d4851a1d" dataRowInfo="151" resultType="DataDrivenDataRow" />
        <UnitTestResult executionId="ed7c1b5b-8f54-44ef-9715-a0ac044f80d7" parentExecutionId="f4d5046b-f57e-4eeb-92ba-d2f367f78471" testId="56a60560-ac56-1247-a8c5-284e97d9a49c" testName="GetDiscountLookup" computerName="BUILD1" duration="00:00:00.0097335" startTime="2009-08-13T14:49:31.8750000-04:00" endTime="2009-08-13T14:49:31.8906250-04:00" testType="13cdc9d9-ddb5-4fa4-a97d-d965ccfc6d4b" outcome="Passed" testListId="8c84fa94-04c1-424b-9868-57a2d4851a1d" dataRowInfo="152" resultType="DataDrivenDataRow" />
        <UnitTestResult executionId="af835586-c29a-484f-94aa-b623685d6311" parentExecutionId="f4d5046b-f57e-4eeb-92ba-d2f367f78471" testId="56a60560-ac56-1247-a8c5-284e97d9a49c" testName="GetDiscountLookup" computerName="BUILD1" duration="00:00:00.0080977" startTime="2009-08-13T14:49:31.8906250-04:00" endTime="2009-08-13T14:49:31.8906250-04:00" testType="13cdc9d9-ddb5-4fa4-a97d-d965ccfc6d4b" outcome="Passed" testListId="8c84fa94-04c1-424b-9868-57a2d4851a1d" dataRowInfo="153" resultType="DataDrivenDataRow" />
        <UnitTestResult executionId="e80d4762-9792-4c9f-8b68-7ef3ba18dbf0" parentExecutionId="f4d5046b-f57e-4eeb-92ba-d2f367f78471" testId="56a60560-ac56-1247-a8c5-284e97d9a49c" testName="GetDiscountLookup" computerName="BUILD1" duration="00:00:00.0093848" startTime="2009-08-13T14:49:31.8906250-04:00" endTime="2009-08-13T14:49:31.9062500-04:00" testType="13cdc9d9-ddb5-4fa4-a97d-d965ccfc6d4b" outcome="Passed" testListId="8c84fa94-04c1-424b-9868-57a2d4851a1d" dataRowInfo="154" resultType="DataDrivenDataRow" />
        <UnitTestResult executionId="1c9dd731-f3ad-4c6d-adaa-7eaded3d359c" parentExecutionId="f4d5046b-f57e-4eeb-92ba-d2f367f78471" testId="56a60560-ac56-1247-a8c5-284e97d9a49c" testName="GetDiscountLookup" computerName="BUILD1" duration="00:00:00.0083930" startTime="2009-08-13T14:49:31.9062500-04:00" endTime="2009-08-13T14:49:31.9062500-04:00" testType="13cdc9d9-ddb5-4fa4-a97d-d965ccfc6d4b" outcome="Passed" testListId="8c84fa94-04c1-424b-9868-57a2d4851a1d" dataRowInfo="155" resultType="DataDrivenDataRow" />
        <UnitTestResult executionId="bbc4721c-eac7-486f-8db4-c3fa61c7c0a6" parentExecutionId="f4d5046b-f57e-4eeb-92ba-d2f367f78471" testId="56a60560-ac56-1247-a8c5-284e97d9a49c" testName="GetDiscountLookup" computerName="BUILD1" duration="00:00:00.0080720" startTime="2009-08-13T14:49:31.9062500-04:00" endTime="2009-08-13T14:49:31.9218750-04:00" testType="13cdc9d9-ddb5-4fa4-a97d-d965ccfc6d4b" outcome="Passed" testListId="8c84fa94-04c1-424b-9868-57a2d4851a1d" dataRowInfo="156" resultType="DataDrivenDataRow" />
        <UnitTestResult executionId="d70e29b9-3ce0-4057-8f2e-b017eecb9de8" parentExecutionId="f4d5046b-f57e-4eeb-92ba-d2f367f78471" testId="56a60560-ac56-1247-a8c5-284e97d9a49c" testName="GetDiscountLookup" computerName="BUILD1" duration="00:00:00.0096487" startTime="2009-08-13T14:49:31.9218750-04:00" endTime="2009-08-13T14:49:31.9375000-04:00" testType="13cdc9d9-ddb5-4fa4-a97d-d965ccfc6d4b" outcome="Passed" testListId="8c84fa94-04c1-424b-9868-57a2d4851a1d" dataRowInfo="157" resultType="DataDrivenDataRow" />
        <UnitTestResult executionId="3a158c8c-58d5-4cd5-ba69-30c24b515fca" parentExecutionId="f4d5046b-f57e-4eeb-92ba-d2f367f78471" testId="56a60560-ac56-1247-a8c5-284e97d9a49c" testName="GetDiscountLookup" computerName="BUILD1" duration="00:00:00.0080222" startTime="2009-08-13T14:49:31.9375000-04:00" endTime="2009-08-13T14:49:31.9375000-04:00" testType="13cdc9d9-ddb5-4fa4-a97d-d965ccfc6d4b" outcome="Passed" testListId="8c84fa94-04c1-424b-9868-57a2d4851a1d" dataRowInfo="158" resultType="DataDrivenDataRow" />
        <UnitTestResult executionId="d5ee7b83-1ab7-41d9-a786-92568fdb0cc2" parentExecutionId="f4d5046b-f57e-4eeb-92ba-d2f367f78471" testId="56a60560-ac56-1247-a8c5-284e97d9a49c" testName="GetDiscountLookup" computerName="BUILD1" duration="00:00:00.0081442" startTime="2009-08-13T14:49:31.9375000-04:00" endTime="2009-08-13T14:49:31.9531250-04:00" testType="13cdc9d9-ddb5-4fa4-a97d-d965ccfc6d4b" outcome="Passed" testListId="8c84fa94-04c1-424b-9868-57a2d4851a1d" dataRowInfo="159" resultType="DataDrivenDataRow" />
        <UnitTestResult executionId="9e91da92-d97b-497d-84bd-2a97a373e117" parentExecutionId="f4d5046b-f57e-4eeb-92ba-d2f367f78471" testId="56a60560-ac56-1247-a8c5-284e97d9a49c" testName="GetDiscountLookup" computerName="BUILD1" duration="00:00:00.0094861" startTime="2009-08-13T14:49:31.9531250-04:00" endTime="2009-08-13T14:49:31.9531250-04:00" testType="13cdc9d9-ddb5-4fa4-a97d-d965ccfc6d4b" outcome="Passed" testListId="8c84fa94-04c1-424b-9868-57a2d4851a1d" dataRowInfo="160" resultType="DataDrivenDataRow" />
        <UnitTestResult executionId="4eeec719-49fe-4b9b-8844-757ee1e29ce9" parentExecutionId="f4d5046b-f57e-4eeb-92ba-d2f367f78471" testId="56a60560-ac56-1247-a8c5-284e97d9a49c" testName="GetDiscountLookup" computerName="BUILD1" duration="00:00:00.0080032" startTime="2009-08-13T14:49:31.9531250-04:00" endTime="2009-08-13T14:49:31.9687500-04:00" testType="13cdc9d9-ddb5-4fa4-a97d-d965ccfc6d4b" outcome="Passed" testListId="8c84fa94-04c1-424b-9868-57a2d4851a1d" dataRowInfo="161" resultType="DataDrivenDataRow" />
        <UnitTestResult executionId="00f41f3f-acbf-478f-9f82-6c2459d931b5" parentExecutionId="f4d5046b-f57e-4eeb-92ba-d2f367f78471" testId="56a60560-ac56-1247-a8c5-284e97d9a49c" testName="GetDiscountLookup" computerName="BUILD1" duration="00:00:00.0095710" startTime="2009-08-13T14:49:31.9687500-04:00" endTime="2009-08-13T14:49:31.9687500-04:00" testType="13cdc9d9-ddb5-4fa4-a97d-d965ccfc6d4b" outcome="Passed" testListId="8c84fa94-04c1-424b-9868-57a2d4851a1d" dataRowInfo="162" resultType="DataDrivenDataRow" />
        <UnitTestResult executionId="52e3e0bc-3c84-4069-9fe1-a996fd0cfc5c" parentExecutionId="f4d5046b-f57e-4eeb-92ba-d2f367f78471" testId="56a60560-ac56-1247-a8c5-284e97d9a49c" testName="GetDiscountLookup" computerName="BUILD1" duration="00:00:00.0082297" startTime="2009-08-13T14:49:31.9687500-04:00" endTime="2009-08-13T14:49:31.9843750-04:00" testType="13cdc9d9-ddb5-4fa4-a97d-d965ccfc6d4b" outcome="Passed" testListId="8c84fa94-04c1-424b-9868-57a2d4851a1d" dataRowInfo="163" resultType="DataDrivenDataRow" />
        <UnitTestResult executionId="ee40e7f8-f789-49cf-861d-a5ee25868caa" parentExecutionId="f4d5046b-f57e-4eeb-92ba-d2f367f78471" testId="56a60560-ac56-1247-a8c5-284e97d9a49c" testName="GetDiscountLookup" computerName="BUILD1" duration="00:00:00.0082145" startTime="2009-08-13T14:49:31.9843750-04:00" endTime="2009-08-13T14:49:31.9843750-04:00" testType="13cdc9d9-ddb5-4fa4-a97d-d965ccfc6d4b" outcome="Passed" testListId="8c84fa94-04c1-424b-9868-57a2d4851a1d" dataRowInfo="164" resultType="DataDrivenDataRow" />
        <UnitTestResult executionId="43f209c9-fe59-4113-8cfc-de2948d81574" parentExecutionId="f4d5046b-f57e-4eeb-92ba-d2f367f78471" testId="56a60560-ac56-1247-a8c5-284e97d9a49c" testName="GetDiscountLookup" computerName="BUILD1" duration="00:00:00.0093404" startTime="2009-08-13T14:49:31.9843750-04:00" endTime="2009-08-13T14:49:32.0000000-04:00" testType="13cdc9d9-ddb5-4fa4-a97d-d965ccfc6d4b" outcome="Passed" testListId="8c84fa94-04c1-424b-9868-57a2d4851a1d" dataRowInfo="165" resultType="DataDrivenDataRow" />
        <UnitTestResult executionId="698c3a9f-a167-4203-a427-56ca7787c586" parentExecutionId="f4d5046b-f57e-4eeb-92ba-d2f367f78471" testId="56a60560-ac56-1247-a8c5-284e97d9a49c" testName="GetDiscountLookup" computerName="BUILD1" duration="00:00:00.0084279" startTime="2009-08-13T14:49:32.0000000-04:00" endTime="2009-08-13T14:49:32.0156250-04:00" testType="13cdc9d9-ddb5-4fa4-a97d-d965ccfc6d4b" outcome="Passed" testListId="8c84fa94-04c1-424b-9868-57a2d4851a1d" dataRowInfo="166" resultType="DataDrivenDataRow" />
        <UnitTestResult executionId="c5f07f9e-b0ed-4caa-b39b-f34000d880ff" parentExecutionId="f4d5046b-f57e-4eeb-92ba-d2f367f78471" testId="56a60560-ac56-1247-a8c5-284e97d9a49c" testName="GetDiscountLookup" computerName="BUILD1" duration="00:00:00.0096331" startTime="2009-08-13T14:49:32.0156250-04:00" endTime="2009-08-13T14:49:32.0156250-04:00" testType="13cdc9d9-ddb5-4fa4-a97d-d965ccfc6d4b" outcome="Passed" testListId="8c84fa94-04c1-424b-9868-57a2d4851a1d" dataRowInfo="167" resultType="DataDrivenDataRow" />
        <UnitTestResult executionId="8151a151-1148-4d58-9035-ce4cff1b5efa" parentExecutionId="f4d5046b-f57e-4eeb-92ba-d2f367f78471" testId="56a60560-ac56-1247-a8c5-284e97d9a49c" testName="GetDiscountLookup" computerName="BUILD1" duration="00:00:00.0081576" startTime="2009-08-13T14:49:32.0156250-04:00" endTime="2009-08-13T14:49:32.0312500-04:00" testType="13cdc9d9-ddb5-4fa4-a97d-d965ccfc6d4b" outcome="Passed" testListId="8c84fa94-04c1-424b-9868-57a2d4851a1d" dataRowInfo="168" resultType="DataDrivenDataRow" />
        <UnitTestResult executionId="caa3436b-4023-480f-9ca7-36b875a2e009" parentExecutionId="f4d5046b-f57e-4eeb-92ba-d2f367f78471" testId="56a60560-ac56-1247-a8c5-284e97d9a49c" testName="GetDiscountLookup" computerName="BUILD1" duration="00:00:00.0080634" startTime="2009-08-13T14:49:32.0312500-04:00" endTime="2009-08-13T14:49:32.0312500-04:00" testType="13cdc9d9-ddb5-4fa4-a97d-d965ccfc6d4b" outcome="Passed" testListId="8c84fa94-04c1-424b-9868-57a2d4851a1d" dataRowInfo="169" resultType="DataDrivenDataRow" />
        <UnitTestResult executionId="999cc30e-b5d4-431b-9516-eb6f2cb5f1c1" parentExecutionId="f4d5046b-f57e-4eeb-92ba-d2f367f78471" testId="56a60560-ac56-1247-a8c5-284e97d9a49c" testName="GetDiscountLookup" computerName="BUILD1" duration="00:00:00.0096323" startTime="2009-08-13T14:49:32.0312500-04:00" endTime="2009-08-13T14:49:32.0468750-04:00" testType="13cdc9d9-ddb5-4fa4-a97d-d965ccfc6d4b" outcome="Passed" testListId="8c84fa94-04c1-424b-9868-57a2d4851a1d" dataRowInfo="170" resultType="DataDrivenDataRow" />
        <UnitTestResult executionId="036bf2ec-dc6b-481f-88dc-75e671fb51a8" parentExecutionId="f4d5046b-f57e-4eeb-92ba-d2f367f78471" testId="56a60560-ac56-1247-a8c5-284e97d9a49c" testName="GetDiscountLookup" computerName="BUILD1" duration="00:00:00.0081517" startTime="2009-08-13T14:49:32.0468750-04:00" endTime="2009-08-13T14:49:32.0468750-04:00" testType="13cdc9d9-ddb5-4fa4-a97d-d965ccfc6d4b" outcome="Passed" testListId="8c84fa94-04c1-424b-9868-57a2d4851a1d" dataRowInfo="171" resultType="DataDrivenDataRow" />
        <UnitTestResult executionId="27994c63-9c27-4f20-8429-4eb8fb1d4a38" parentExecutionId="f4d5046b-f57e-4eeb-92ba-d2f367f78471" testId="56a60560-ac56-1247-a8c5-284e97d9a49c" testName="GetDiscountLookup" computerName="BUILD1" duration="00:00:00.0096987" startTime="2009-08-13T14:49:32.0468750-04:00" endTime="2009-08-13T14:49:32.0625000-04:00" testType="13cdc9d9-ddb5-4fa4-a97d-d965ccfc6d4b" outcome="Passed" testListId="8c84fa94-04c1-424b-9868-57a2d4851a1d" dataRowInfo="172" resultType="DataDrivenDataRow" />
        <UnitTestResult executionId="5e9da6a4-62d4-4e5c-8234-b0093b1d3ec1" parentExecutionId="f4d5046b-f57e-4eeb-92ba-d2f367f78471" testId="56a60560-ac56-1247-a8c5-284e97d9a49c" testName="GetDiscountLookup" computerName="BUILD1" duration="00:00:00.0086059" startTime="2009-08-13T14:49:32.0625000-04:00" endTime="2009-08-13T14:49:32.0781250-04:00" testType="13cdc9d9-ddb5-4fa4-a97d-d965ccfc6d4b" outcome="Passed" testListId="8c84fa94-04c1-424b-9868-57a2d4851a1d" dataRowInfo="173" resultType="DataDrivenDataRow" />
        <UnitTestResult executionId="e087d737-1d73-482d-8546-535deddf33c4" parentExecutionId="f4d5046b-f57e-4eeb-92ba-d2f367f78471" testId="56a60560-ac56-1247-a8c5-284e97d9a49c" testName="GetDiscountLookup" computerName="BUILD1" duration="00:00:00.0082472" startTime="2009-08-13T14:49:32.0781250-04:00" endTime="2009-08-13T14:49:32.0781250-04:00" testType="13cdc9d9-ddb5-4fa4-a97d-d965ccfc6d4b" outcome="Passed" testListId="8c84fa94-04c1-424b-9868-57a2d4851a1d" dataRowInfo="174" resultType="DataDrivenDataRow" />
        <UnitTestResult executionId="c5ea9d61-74dd-49b5-86fb-3cee082a34a8" parentExecutionId="f4d5046b-f57e-4eeb-92ba-d2f367f78471" testId="56a60560-ac56-1247-a8c5-284e97d9a49c" testName="GetDiscountLookup" computerName="BUILD1" duration="00:00:00.0097564" startTime="2009-08-13T14:49:32.0781250-04:00" endTime="2009-08-13T14:49:32.0937500-04:00" testType="13cdc9d9-ddb5-4fa4-a97d-d965ccfc6d4b" outcome="Passed" testListId="8c84fa94-04c1-424b-9868-57a2d4851a1d" dataRowInfo="175" resultType="DataDrivenDataRow" />
      </InnerResults>
    </UnitTestResult>
    <UnitTestResult executionId="7101cce9-a621-4e7b-b723-feb320045af0" testId="d87175d4-cc01-195a-7331-7dda948d4a0e" testName="GetDiscountTierList" computerName="BUILD1" duration="00:00:00.0108514" startTime="2009-08-13T14:49:32.1093750-04:00" endTime="2009-08-13T14:49:32.1250000-04:00" testType="13cdc9d9-ddb5-4fa4-a97d-d965ccfc6d4b" outcome="Passed" testListId="8c84fa94-04c1-424b-9868-57a2d4851a1d">
      <Output>
      </Output>
    </UnitTestResult>
    <UnitTestResult executionId="14f8ca2a-fcd6-45be-a990-aab490796f0a" testId="8e5a21e1-4ec3-cdd7-6b3a-1871a586e81e" testName="GetPackageTypeList" computerName="BUILD1" duration="00:00:00.0070912" startTime="2009-08-13T14:49:32.1250000-04:00" endTime="2009-08-13T14:49:32.1406250-04:00" testType="13cdc9d9-ddb5-4fa4-a97d-d965ccfc6d4b" outcome="Passed" testListId="8c84fa94-04c1-424b-9868-57a2d4851a1d">
      <Output>
      </Output>
    </UnitTestResult>
    <UnitTestResult executionId="bee66030-168c-43d4-b540-9960eccc9fd7" testId="679e7ba0-fdd2-bca3-f170-f90fc3f8cb11" testName="GetPackageTypeLookup" computerName="BUILD1" duration="00:00:00.0488998" startTime="2009-08-13T14:49:32.1406250-04:00" endTime="2009-08-13T14:49:32.1875000-04:00" testType="13cdc9d9-ddb5-4fa4-a97d-d965ccfc6d4b" outcome="Passed" testListId="8c84fa94-04c1-424b-9868-57a2d4851a1d" resultType="DataDrivenTest">
      <Output>
      </Output>
      <Counters error="0" failed="0" timeout="0" aborted="0" inconclusive="0" passedButRunAborted="0" notRunnable="0" notExecuted="0" disconnected="0" warning="0" passed="4" completed="0" inProgress="0" pending="0" />
      <InnerResults>
        <UnitTestResult executionId="2903b231-6a94-4a7c-9b13-6194f839d4b5" parentExecutionId="bee66030-168c-43d4-b540-9960eccc9fd7" testId="679e7ba0-fdd2-bca3-f170-f90fc3f8cb11" testName="GetPackageTypeLookup" computerName="BUILD1" duration="00:00:00.0163723" startTime="2009-08-13T14:49:32.1562500-04:00" endTime="2009-08-13T14:49:32.1718750-04:00" testType="13cdc9d9-ddb5-4fa4-a97d-d965ccfc6d4b" outcome="Passed" testListId="8c84fa94-04c1-424b-9868-57a2d4851a1d" dataRowInfo="0" resultType="DataDrivenDataRow" />
        <UnitTestResult executionId="440f7cdd-6d0f-4e37-903e-47d6dae79cab" parentExecutionId="bee66030-168c-43d4-b540-9960eccc9fd7" testId="679e7ba0-fdd2-bca3-f170-f90fc3f8cb11" testName="GetPackageTypeLookup" computerName="BUILD1" duration="00:00:00.0127445" startTime="2009-08-13T14:49:32.1718750-04:00" endTime="2009-08-13T14:49:32.1875000-04:00" testType="13cdc9d9-ddb5-4fa4-a97d-d965ccfc6d4b" outcome="Passed" testListId="8c84fa94-04c1-424b-9868-57a2d4851a1d" dataRowInfo="1" resultType="DataDrivenDataRow" />
        <UnitTestResult executionId="16164642-6190-4640-9364-fd5bb86fa8d2" parentExecutionId="bee66030-168c-43d4-b540-9960eccc9fd7" testId="679e7ba0-fdd2-bca3-f170-f90fc3f8cb11" testName="GetPackageTypeLookup" computerName="BUILD1" duration="00:00:00.0028770" startTime="2009-08-13T14:49:32.1875000-04:00" endTime="2009-08-13T14:49:32.1875000-04:00" testType="13cdc9d9-ddb5-4fa4-a97d-d965ccfc6d4b" outcome="Passed" testListId="8c84fa94-04c1-424b-9868-57a2d4851a1d" dataRowInfo="2" resultType="DataDrivenDataRow" />
        <UnitTestResult executionId="83e8cff4-3b14-47ce-b7a7-86ed9c773795" parentExecutionId="bee66030-168c-43d4-b540-9960eccc9fd7" testId="679e7ba0-fdd2-bca3-f170-f90fc3f8cb11" testName="GetPackageTypeLookup" computerName="BUILD1" duration="00:00:00.0025480" startTime="2009-08-13T14:49:32.1875000-04:00" endTime="2009-08-13T14:49:32.1875000-04:00" testType="13cdc9d9-ddb5-4fa4-a97d-d965ccfc6d4b" outcome="Passed" testListId="8c84fa94-04c1-424b-9868-57a2d4851a1d" dataRowInfo="3" resultType="DataDrivenDataRow" />
      </InnerResults>
    </UnitTestResult>
    <UnitTestResult executionId="85f0b13f-4d29-4fde-9156-d2873e3a33fe" testId="6cce287b-adff-25e0-deae-4ba3668a9efd" testName="GetRoleList" computerName="BUILD1" duration="00:00:00.0060590" startTime="2009-08-13T14:49:32.1875000-04:00" endTime="2009-08-13T14:49:32.2031250-04:00" testType="13cdc9d9-ddb5-4fa4-a97d-d965ccfc6d4b" outcome="Passed" testListId="8c84fa94-04c1-424b-9868-57a2d4851a1d">
      <Output>
      </Output>
    </UnitTestResult>
    <UnitTestResult executionId="a449d32e-416d-4b01-8151-5d739e8ad9e2" testId="df49ea11-dd9d-fbd8-1b1b-9e63dbdbb24e" testName="GetRoleLookup" computerName="BUILD1" duration="00:00:00.0274755" startTime="2009-08-13T14:49:32.2031250-04:00" endTime="2009-08-13T14:49:32.2343750-04:00" testType="13cdc9d9-ddb5-4fa4-a97d-d965ccfc6d4b" outcome="Passed" testListId="8c84fa94-04c1-424b-9868-57a2d4851a1d" resultType="DataDrivenTest">
      <Output>
      </Output>
      <Counters error="0" failed="0" timeout="0" aborted="0" inconclusive="0" passedButRunAborted="0" notRunnable="0" notExecuted="0" disconnected="0" warning="0" passed="4" completed="0" inProgress="0" pending="0" />
      <InnerResults>
        <UnitTestResult executionId="9b391154-049e-4f82-ad76-c39cf2cd5b68" parentExecutionId="a449d32e-416d-4b01-8151-5d739e8ad9e2" testId="df49ea11-dd9d-fbd8-1b1b-9e63dbdbb24e" testName="GetRoleLookup" computerName="BUILD1" duration="00:00:00.0124900" startTime="2009-08-13T14:49:32.2031250-04:00" endTime="2009-08-13T14:49:32.2187500-04:00" testType="13cdc9d9-ddb5-4fa4-a97d-d965ccfc6d4b" outcome="Passed" testListId="8c84fa94-04c1-424b-9868-57a2d4851a1d" dataRowInfo="0" resultType="DataDrivenDataRow" />
        <UnitTestResult executionId="1897ce94-72d3-440e-bde5-af92e06e3d2c" parentExecutionId="a449d32e-416d-4b01-8151-5d739e8ad9e2" testId="df49ea11-dd9d-fbd8-1b1b-9e63dbdbb24e" testName="GetRoleLookup" computerName="BUILD1" duration="00:00:00.0025312" startTime="2009-08-13T14:49:32.2187500-04:00" endTime="2009-08-13T14:49:32.2187500-04:00" testType="13cdc9d9-ddb5-4fa4-a97d-d965ccfc6d4b" outcome="Passed" testListId="8c84fa94-04c1-424b-9868-57a2d4851a1d" dataRowInfo="1" resultType="DataDrivenDataRow" />
        <UnitTestResult executionId="6d256574-854a-4e97-ad1c-fd8cf8acc3c7" parentExecutionId="a449d32e-416d-4b01-8151-5d739e8ad9e2" testId="df49ea11-dd9d-fbd8-1b1b-9e63dbdbb24e" testName="GetRoleLookup" computerName="BUILD1" duration="00:00:00.0025308" startTime="2009-08-13T14:49:32.2187500-04:00" endTime="2009-08-13T14:49:32.2343750-04:00" testType="13cdc9d9-ddb5-4fa4-a97d-d965ccfc6d4b" outcome="Passed" testListId="8c84fa94-04c1-424b-9868-57a2d4851a1d" dataRowInfo="2" resultType="DataDrivenDataRow" />
        <UnitTestResult executionId="f31203b4-73c0-4aeb-9380-3e8cceda2c72" parentExecutionId="a449d32e-416d-4b01-8151-5d739e8ad9e2" testId="df49ea11-dd9d-fbd8-1b1b-9e63dbdbb24e" testName="GetRoleLookup" computerName="BUILD1" duration="00:00:00.0025351" startTime="2009-08-13T14:49:32.2343750-04:00" endTime="2009-08-13T14:49:32.2343750-04:00" testType="13cdc9d9-ddb5-4fa4-a97d-d965ccfc6d4b" outcome="Passed" testListId="8c84fa94-04c1-424b-9868-57a2d4851a1d" dataRowInfo="3" resultType="DataDrivenDataRow" />
      </InnerResults>
    </UnitTestResult>
    <UnitTestResult executionId="ba7b1f7f-92fd-45a9-aa8a-beb82c28ff6d" testId="3e403001-b6f8-c89a-9bfa-443b09169e90" testName="GetServiceTypeList" computerName="BUILD1" duration="00:00:00.0048183" startTime="2009-08-13T14:49:32.2343750-04:00" endTime="2009-08-13T14:49:32.2343750-04:00" testType="13cdc9d9-ddb5-4fa4-a97d-d965ccfc6d4b" outcome="Passed" testListId="8c84fa94-04c1-424b-9868-57a2d4851a1d">
      <Output>
      </Output>
    </UnitTestResult>
    <UnitTestResult executionId="912cc550-dac1-46b2-b217-8d26c056fe23" testId="df39ad87-f8e6-bbdc-c1b7-7582d526fd13" testName="GetServiceTypeLookup" computerName="BUILD1" duration="00:00:00.0314813" startTime="2009-08-13T14:49:32.2343750-04:00" endTime="2009-08-13T14:49:32.2812500-04:00" testType="13cdc9d9-ddb5-4fa4-a97d-d965ccfc6d4b" outcome="Passed" testListId="8c84fa94-04c1-424b-9868-57a2d4851a1d" resultType="DataDrivenTest">
      <Output>
      </Output>
      <Counters error="0" failed="0" timeout="0" aborted="0" inconclusive="0" passedButRunAborted="0" notRunnable="0" notExecuted="0" disconnected="0" warning="0" passed="4" completed="0" inProgress="0" pending="0" />
      <InnerResults>
        <UnitTestResult executionId="7f14da12-dbdb-4a61-ae68-55be266069a4" parentExecutionId="912cc550-dac1-46b2-b217-8d26c056fe23" testId="df39ad87-f8e6-bbdc-c1b7-7582d526fd13" testName="GetServiceTypeLookup" computerName="BUILD1" duration="00:00:00.0166008" startTime="2009-08-13T14:49:32.2500000-04:00" endTime="2009-08-13T14:49:32.2656250-04:00" testType="13cdc9d9-ddb5-4fa4-a97d-d965ccfc6d4b" outcome="Passed" testListId="8c84fa94-04c1-424b-9868-57a2d4851a1d" dataRowInfo="0" resultType="DataDrivenDataRow" />
        <UnitTestResult executionId="1923fd16-6ffe-4606-b930-b2ddecbdaf1e" parentExecutionId="912cc550-dac1-46b2-b217-8d26c056fe23" testId="df39ad87-f8e6-bbdc-c1b7-7582d526fd13" testName="GetServiceTypeLookup" computerName="BUILD1" duration="00:00:00.0025990" startTime="2009-08-13T14:49:32.2656250-04:00" endTime="2009-08-13T14:49:32.2656250-04:00" testType="13cdc9d9-ddb5-4fa4-a97d-d965ccfc6d4b" outcome="Passed" testListId="8c84fa94-04c1-424b-9868-57a2d4851a1d" dataRowInfo="1" resultType="DataDrivenDataRow" />
        <UnitTestResult executionId="7065b348-6939-4ee5-b916-11178581dd77" parentExecutionId="912cc550-dac1-46b2-b217-8d26c056fe23" testId="df39ad87-f8e6-bbdc-c1b7-7582d526fd13" testName="GetServiceTypeLookup" computerName="BUILD1" duration="00:00:00.0025083" startTime="2009-08-13T14:49:32.2656250-04:00" endTime="2009-08-13T14:49:32.2656250-04:00" testType="13cdc9d9-ddb5-4fa4-a97d-d965ccfc6d4b" outcome="Passed" testListId="8c84fa94-04c1-424b-9868-57a2d4851a1d" dataRowInfo="2" resultType="DataDrivenDataRow" />
        <UnitTestResult executionId="376a98ca-b593-46dd-adcf-d02d7a481c95" parentExecutionId="912cc550-dac1-46b2-b217-8d26c056fe23" testId="df39ad87-f8e6-bbdc-c1b7-7582d526fd13" testName="GetServiceTypeLookup" computerName="BUILD1" duration="00:00:00.0025681" startTime="2009-08-13T14:49:32.2656250-04:00" endTime="2009-08-13T14:49:32.2812500-04:00" testType="13cdc9d9-ddb5-4fa4-a97d-d965ccfc6d4b" outcome="Passed" testListId="8c84fa94-04c1-424b-9868-57a2d4851a1d" dataRowInfo="3" resultType="DataDrivenDataRow" />
      </InnerResults>
    </UnitTestResult>
    <UnitTestResult executionId="6e511c94-a383-4e5a-9c3a-a6a82334acd1" testId="83806c1b-0845-2218-fe7b-927315a3ce8b" testName="GetTariffList" computerName="BUILD1" duration="00:00:00.0061511" startTime="2009-08-13T14:49:32.2812500-04:00" endTime="2009-08-13T14:49:32.2812500-04:00" testType="13cdc9d9-ddb5-4fa4-a97d-d965ccfc6d4b" outcome="Passed" testListId="8c84fa94-04c1-424b-9868-57a2d4851a1d">
      <Output>
      </Output>
    </UnitTestResult>
    <UnitTestResult executionId="cc3f168d-93aa-4242-8929-d89ee143cc14" testId="ed57d6be-1bec-ef28-901c-0566b4a38159" testName="GetTariffLookup" computerName="BUILD1" duration="00:00:00.2974713" startTime="2009-08-13T14:49:32.2812500-04:00" endTime="2009-08-13T14:49:32.5937500-04:00" testType="13cdc9d9-ddb5-4fa4-a97d-d965ccfc6d4b" outcome="Passed" testListId="8c84fa94-04c1-424b-9868-57a2d4851a1d" resultType="DataDrivenTest">
      <Output>
      </Output>
      <Counters error="0" failed="0" timeout="0" aborted="0" inconclusive="0" passedButRunAborted="0" notRunnable="0" notExecuted="0" disconnected="0" warning="0" passed="28" completed="0" inProgress="0" pending="0" />
      <InnerResults>
        <UnitTestResult executionId="b5ff7920-93b8-4711-b01c-fdc89025f73f" parentExecutionId="cc3f168d-93aa-4242-8929-d89ee143cc14" testId="ed57d6be-1bec-ef28-901c-0566b4a38159" testName="GetTariffLookup" computerName="BUILD1" duration="00:00:00.0339411" startTime="2009-08-13T14:49:32.2968750-04:00" endTime="2009-08-13T14:49:32.3281250-04:00" testType="13cdc9d9-ddb5-4fa4-a97d-d965ccfc6d4b" outcome="Passed" testListId="8c84fa94-04c1-424b-9868-57a2d4851a1d" dataRowInfo="0" resultType="DataDrivenDataRow" />
        <UnitTestResult executionId="c84928c0-2009-4cb6-abb1-22fc4c89cc61" parentExecutionId="cc3f168d-93aa-4242-8929-d89ee143cc14" testId="ed57d6be-1bec-ef28-901c-0566b4a38159" testName="GetTariffLookup" computerName="BUILD1" duration="00:00:00.0072725" startTime="2009-08-13T14:49:32.3281250-04:00" endTime="2009-08-13T14:49:32.3437500-04:00" testType="13cdc9d9-ddb5-4fa4-a97d-d965ccfc6d4b" outcome="Passed" testListId="8c84fa94-04c1-424b-9868-57a2d4851a1d" dataRowInfo="1" resultType="DataDrivenDataRow" />
        <UnitTestResult executionId="61d02a18-f646-4314-a8c9-c2d27f21803f" parentExecutionId="cc3f168d-93aa-4242-8929-d89ee143cc14" testId="ed57d6be-1bec-ef28-901c-0566b4a38159" testName="GetTariffLookup" computerName="BUILD1" duration="00:00:00.0073210" startTime="2009-08-13T14:49:32.3437500-04:00" endTime="2009-08-13T14:49:32.3437500-04:00" testType="13cdc9d9-ddb5-4fa4-a97d-d965ccfc6d4b" outcome="Passed" testListId="8c84fa94-04c1-424b-9868-57a2d4851a1d" dataRowInfo="2" resultType="DataDrivenDataRow" />
        <UnitTestResult executionId="31bbb3b9-6556-4e40-8fa1-4d39871227af" parentExecutionId="cc3f168d-93aa-4242-8929-d89ee143cc14" testId="ed57d6be-1bec-ef28-901c-0566b4a38159" testName="GetTariffLookup" computerName="BUILD1" duration="00:00:00.0205807" startTime="2009-08-13T14:49:32.3437500-04:00" endTime="2009-08-13T14:49:32.3593750-04:00" testType="13cdc9d9-ddb5-4fa4-a97d-d965ccfc6d4b" outcome="Passed" testListId="8c84fa94-04c1-424b-9868-57a2d4851a1d" dataRowInfo="3" resultType="DataDrivenDataRow" />
        <UnitTestResult executionId="cce03b87-b21b-43d6-a981-ce5db2c47e51" parentExecutionId="cc3f168d-93aa-4242-8929-d89ee143cc14" testId="ed57d6be-1bec-ef28-901c-0566b4a38159" testName="GetTariffLookup" computerName="BUILD1" duration="00:00:00.0081030" startTime="2009-08-13T14:49:32.3593750-04:00" endTime="2009-08-13T14:49:32.3750000-04:00" testType="13cdc9d9-ddb5-4fa4-a97d-d965ccfc6d4b" outcome="Passed" testListId="8c84fa94-04c1-424b-9868-57a2d4851a1d" dataRowInfo="4" resultType="DataDrivenDataRow" />
        <UnitTestResult executionId="932c8538-85d4-4f2e-b496-5f3c9e6b6b86" parentExecutionId="cc3f168d-93aa-4242-8929-d89ee143cc14" testId="ed57d6be-1bec-ef28-901c-0566b4a38159" testName="GetTariffLookup" computerName="BUILD1" duration="00:00:00.0072502" startTime="2009-08-13T14:49:32.3750000-04:00" endTime="2009-08-13T14:49:32.3750000-04:00" testType="13cdc9d9-ddb5-4fa4-a97d-d965ccfc6d4b" outcome="Passed" testListId="8c84fa94-04c1-424b-9868-57a2d4851a1d" dataRowInfo="5" resultType="DataDrivenDataRow" />
        <UnitTestResult executionId="afb54b60-b50f-4555-b158-17aa23385285" parentExecutionId="cc3f168d-93aa-4242-8929-d89ee143cc14" testId="ed57d6be-1bec-ef28-901c-0566b4a38159" testName="GetTariffLookup" computerName="BUILD1" duration="00:00:00.0076721" startTime="2009-08-13T14:49:32.3750000-04:00" endTime="2009-08-13T14:49:32.3906250-04:00" testType="13cdc9d9-ddb5-4fa4-a97d-d965ccfc6d4b" outcome="Passed" testListId="8c84fa94-04c1-424b-9868-57a2d4851a1d" dataRowInfo="6" resultType="DataDrivenDataRow" />
        <UnitTestResult executionId="24f5fd8f-2670-442d-a37c-7615de7d5cb6" parentExecutionId="cc3f168d-93aa-4242-8929-d89ee143cc14" testId="ed57d6be-1bec-ef28-901c-0566b4a38159" testName="GetTariffLookup" computerName="BUILD1" duration="00:00:00.0079774" startTime="2009-08-13T14:49:32.3906250-04:00" endTime="2009-08-13T14:49:32.3906250-04:00" testType="13cdc9d9-ddb5-4fa4-a97d-d965ccfc6d4b" outcome="Passed" testListId="8c84fa94-04c1-424b-9868-57a2d4851a1d" dataRowInfo="7" resultType="DataDrivenDataRow" />
        <UnitTestResult executionId="05af8c93-7bc8-411d-8edf-8e1cddd8a067" parentExecutionId="cc3f168d-93aa-4242-8929-d89ee143cc14" testId="ed57d6be-1bec-ef28-901c-0566b4a38159" testName="GetTariffLookup" computerName="BUILD1" duration="00:00:00.0134520" startTime="2009-08-13T14:49:32.3906250-04:00" endTime="2009-08-13T14:49:32.4062500-04:00" testType="13cdc9d9-ddb5-4fa4-a97d-d965ccfc6d4b" outcome="Passed" testListId="8c84fa94-04c1-424b-9868-57a2d4851a1d" dataRowInfo="8" resultType="DataDrivenDataRow" />
        <UnitTestResult executionId="e597ca88-4b74-49fa-8e54-3f5de373f1a5" parentExecutionId="cc3f168d-93aa-4242-8929-d89ee143cc14" testId="ed57d6be-1bec-ef28-901c-0566b4a38159" testName="GetTariffLookup" computerName="BUILD1" duration="00:00:00.0084833" startTime="2009-08-13T14:49:32.4062500-04:00" endTime="2009-08-13T14:49:32.4218750-04:00" testType="13cdc9d9-ddb5-4fa4-a97d-d965ccfc6d4b" outcome="Passed" testListId="8c84fa94-04c1-424b-9868-57a2d4851a1d" dataRowInfo="9" resultType="DataDrivenDataRow" />
        <UnitTestResult executionId="ac5726a8-9ecf-4d75-9e2d-2156ab8f1981" parentExecutionId="cc3f168d-93aa-4242-8929-d89ee143cc14" testId="ed57d6be-1bec-ef28-901c-0566b4a38159" testName="GetTariffLookup" computerName="BUILD1" duration="00:00:00.0085100" startTime="2009-08-13T14:49:32.4218750-04:00" endTime="2009-08-13T14:49:32.4218750-04:00" testType="13cdc9d9-ddb5-4fa4-a97d-d965ccfc6d4b" outcome="Passed" testListId="8c84fa94-04c1-424b-9868-57a2d4851a1d" dataRowInfo="10" resultType="DataDrivenDataRow" />
        <UnitTestResult executionId="55080312-5313-4deb-9b0d-08e2c71a6aa2" parentExecutionId="cc3f168d-93aa-4242-8929-d89ee143cc14" testId="ed57d6be-1bec-ef28-901c-0566b4a38159" testName="GetTariffLookup" computerName="BUILD1" duration="00:00:00.0085629" startTime="2009-08-13T14:49:32.4218750-04:00" endTime="2009-08-13T14:49:32.4375000-04:00" testType="13cdc9d9-ddb5-4fa4-a97d-d965ccfc6d4b" outcome="Passed" testListId="8c84fa94-04c1-424b-9868-57a2d4851a1d" dataRowInfo="11" resultType="DataDrivenDataRow" />
        <UnitTestResult executionId="06e14ad5-9c31-41d4-8d01-f9e1a12df673" parentExecutionId="cc3f168d-93aa-4242-8929-d89ee143cc14" testId="ed57d6be-1bec-ef28-901c-0566b4a38159" testName="GetTariffLookup" computerName="BUILD1" duration="00:00:00.0085270" startTime="2009-08-13T14:49:32.4375000-04:00" endTime="2009-08-13T14:49:32.4375000-04:00" testType="13cdc9d9-ddb5-4fa4-a97d-d965ccfc6d4b" outcome="Passed" testListId="8c84fa94-04c1-424b-9868-57a2d4851a1d" dataRowInfo="12" resultType="DataDrivenDataRow" />
        <UnitTestResult executionId="9f2e64f2-e1ea-49ab-bb26-0f37493a1159" parentExecutionId="cc3f168d-93aa-4242-8929-d89ee143cc14" testId="ed57d6be-1bec-ef28-901c-0566b4a38159" testName="GetTariffLookup" computerName="BUILD1" duration="00:00:00.0110932" startTime="2009-08-13T14:49:32.4375000-04:00" endTime="2009-08-13T14:49:32.4531250-04:00" testType="13cdc9d9-ddb5-4fa4-a97d-d965ccfc6d4b" outcome="Passed" testListId="8c84fa94-04c1-424b-9868-57a2d4851a1d" dataRowInfo="13" resultType="DataDrivenDataRow" />
        <UnitTestResult executionId="ff87b847-c666-4aa3-a1c8-1a057ddfad76" parentExecutionId="cc3f168d-93aa-4242-8929-d89ee143cc14" testId="ed57d6be-1bec-ef28-901c-0566b4a38159" testName="GetTariffLookup" computerName="BUILD1" duration="00:00:00.0090053" startTime="2009-08-13T14:49:32.4531250-04:00" endTime="2009-08-13T14:49:32.4687500-04:00" testType="13cdc9d9-ddb5-4fa4-a97d-d965ccfc6d4b" outcome="Passed" testListId="8c84fa94-04c1-424b-9868-57a2d4851a1d" dataRowInfo="14" resultType="DataDrivenDataRow" />
        <UnitTestResult executionId="d3c872d9-cbe3-4769-9670-3dd9453dbfce" parentExecutionId="cc3f168d-93aa-4242-8929-d89ee143cc14" testId="ed57d6be-1bec-ef28-901c-0566b4a38159" testName="GetTariffLookup" computerName="BUILD1" duration="00:00:00.0085349" startTime="2009-08-13T14:49:32.4687500-04:00" endTime="2009-08-13T14:49:32.4687500-04:00" testType="13cdc9d9-ddb5-4fa4-a97d-d965ccfc6d4b" outcome="Passed" testListId="8c84fa94-04c1-424b-9868-57a2d4851a1d" dataRowInfo="15" resultType="DataDrivenDataRow" />
        <UnitTestResult executionId="4442086f-9ba0-41d6-b02e-014e9e20de2b" parentExecutionId="cc3f168d-93aa-4242-8929-d89ee143cc14" testId="ed57d6be-1bec-ef28-901c-0566b4a38159" testName="GetTariffLookup" computerName="BUILD1" duration="00:00:00.0104245" startTime="2009-08-13T14:49:32.4687500-04:00" endTime="2009-08-13T14:49:32.4843750-04:00" testType="13cdc9d9-ddb5-4fa4-a97d-d965ccfc6d4b" outcome="Passed" testListId="8c84fa94-04c1-424b-9868-57a2d4851a1d" dataRowInfo="16" resultType="DataDrivenDataRow" />
        <UnitTestResult executionId="b26c7b27-7432-49f7-8aef-1cea0b6a5e46" parentExecutionId="cc3f168d-93aa-4242-8929-d89ee143cc14" testId="ed57d6be-1bec-ef28-901c-0566b4a38159" testName="GetTariffLookup" computerName="BUILD1" duration="00:00:00.0084545" startTime="2009-08-13T14:49:32.4843750-04:00" endTime="2009-08-13T14:49:32.5000000-04:00" testType="13cdc9d9-ddb5-4fa4-a97d-d965ccfc6d4b" outcome="Passed" testListId="8c84fa94-04c1-424b-9868-57a2d4851a1d" dataRowInfo="17" resultType="DataDrivenDataRow" />
        <UnitTestResult executionId="a69a4061-d78b-4acb-9405-c2c0a81fff46" parentExecutionId="cc3f168d-93aa-4242-8929-d89ee143cc14" testId="ed57d6be-1bec-ef28-901c-0566b4a38159" testName="GetTariffLookup" computerName="BUILD1" duration="00:00:00.0102600" startTime="2009-08-13T14:49:32.5000000-04:00" endTime="2009-08-13T14:49:32.5000000-04:00" testType="13cdc9d9-ddb5-4fa4-a97d-d965ccfc6d4b" outcome="Passed" testListId="8c84fa94-04c1-424b-9868-57a2d4851a1d" dataRowInfo="18" resultType="DataDrivenDataRow" />
        <UnitTestResult executionId="4bcc8681-b09f-4ec1-8a85-a2fc17fa7079" parentExecutionId="cc3f168d-93aa-4242-8929-d89ee143cc14" testId="ed57d6be-1bec-ef28-901c-0566b4a38159" testName="GetTariffLookup" computerName="BUILD1" duration="00:00:00.0086808" startTime="2009-08-13T14:49:32.5000000-04:00" endTime="2009-08-13T14:49:32.5156250-04:00" testType="13cdc9d9-ddb5-4fa4-a97d-d965ccfc6d4b" outcome="Passed" testListId="8c84fa94-04c1-424b-9868-57a2d4851a1d" dataRowInfo="19" resultType="DataDrivenDataRow" />
        <UnitTestResult executionId="c9660917-4320-4d8b-932e-010a875b1a0a" parentExecutionId="cc3f168d-93aa-4242-8929-d89ee143cc14" testId="ed57d6be-1bec-ef28-901c-0566b4a38159" testName="GetTariffLookup" computerName="BUILD1" duration="00:00:00.0087538" startTime="2009-08-13T14:49:32.5156250-04:00" endTime="2009-08-13T14:49:32.5156250-04:00" testType="13cdc9d9-ddb5-4fa4-a97d-d965ccfc6d4b" outcome="Passed" testListId="8c84fa94-04c1-424b-9868-57a2d4851a1d" dataRowInfo="20" resultType="DataDrivenDataRow" />
        <UnitTestResult executionId="f7a29861-be53-4349-acde-4039d724eb4b" parentExecutionId="cc3f168d-93aa-4242-8929-d89ee143cc14" testId="ed57d6be-1bec-ef28-901c-0566b4a38159" testName="GetTariffLookup" computerName="BUILD1" duration="00:00:00.0101045" startTime="2009-08-13T14:49:32.5156250-04:00" endTime="2009-08-13T14:49:32.5312500-04:00" testType="13cdc9d9-ddb5-4fa4-a97d-d965ccfc6d4b" outcome="Passed" testListId="8c84fa94-04c1-424b-9868-57a2d4851a1d" dataRowInfo="21" resultType="DataDrivenDataRow" />
        <UnitTestResult executionId="3a167687-2167-438d-b128-e9a6472110c2" parentExecutionId="cc3f168d-93aa-4242-8929-d89ee143cc14" testId="ed57d6be-1bec-ef28-901c-0566b4a38159" testName="GetTariffLookup" computerName="BUILD1" duration="00:00:00.0085808" startTime="2009-08-13T14:49:32.5312500-04:00" endTime="2009-08-13T14:49:32.5468750-04:00" testType="13cdc9d9-ddb5-4fa4-a97d-d965ccfc6d4b" outcome="Passed" testListId="8c84fa94-04c1-424b-9868-57a2d4851a1d" dataRowInfo="22" resultType="DataDrivenDataRow" />
        <UnitTestResult executionId="6600774b-429d-497c-8f9a-f35e5ae88b5e" parentExecutionId="cc3f168d-93aa-4242-8929-d89ee143cc14" testId="ed57d6be-1bec-ef28-901c-0566b4a38159" testName="GetTariffLookup" computerName="BUILD1" duration="00:00:00.0102210" startTime="2009-08-13T14:49:32.5468750-04:00" endTime="2009-08-13T14:49:32.5468750-04:00" testType="13cdc9d9-ddb5-4fa4-a97d-d965ccfc6d4b" outcome="Passed" testListId="8c84fa94-04c1-424b-9868-57a2d4851a1d" dataRowInfo="23" resultType="DataDrivenDataRow" />
        <UnitTestResult executionId="d4173550-6380-43ee-9578-a426e7fee889" parentExecutionId="cc3f168d-93aa-4242-8929-d89ee143cc14" testId="ed57d6be-1bec-ef28-901c-0566b4a38159" testName="GetTariffLookup" computerName="BUILD1" duration="00:00:00.0086548" startTime="2009-08-13T14:49:32.5468750-04:00" endTime="2009-08-13T14:49:32.5625000-04:00" testType="13cdc9d9-ddb5-4fa4-a97d-d965ccfc6d4b" outcome="Passed" testListId="8c84fa94-04c1-424b-9868-57a2d4851a1d" dataRowInfo="24" resultType="DataDrivenDataRow" />
        <UnitTestResult executionId="daa55125-05fa-4295-be64-a63fb71eb8e3" parentExecutionId="cc3f168d-93aa-4242-8929-d89ee143cc14" testId="ed57d6be-1bec-ef28-901c-0566b4a38159" testName="GetTariffLookup" computerName="BUILD1" duration="00:00:00.0095516" startTime="2009-08-13T14:49:32.5625000-04:00" endTime="2009-08-13T14:49:32.5625000-04:00" testType="13cdc9d9-ddb5-4fa4-a97d-d965ccfc6d4b" outcome="Passed" testListId="8c84fa94-04c1-424b-9868-57a2d4851a1d" dataRowInfo="25" resultType="DataDrivenDataRow" />
        <UnitTestResult executionId="7adb05cc-d8bc-4b7b-b979-4df4d39366bf" parentExecutionId="cc3f168d-93aa-4242-8929-d89ee143cc14" testId="ed57d6be-1bec-ef28-901c-0566b4a38159" testName="GetTariffLookup" computerName="BUILD1" duration="00:00:00.0089365" startTime="2009-08-13T14:49:32.5625000-04:00" endTime="2009-08-13T14:49:32.5781250-04:00" testType="13cdc9d9-ddb5-4fa4-a97d-d965ccfc6d4b" outcome="Passed" testListId="8c84fa94-04c1-424b-9868-57a2d4851a1d" dataRowInfo="26" resultType="DataDrivenDataRow" />
        <UnitTestResult executionId="8b4ef568-4379-41a2-ba50-ec752fd15b0d" parentExecutionId="cc3f168d-93aa-4242-8929-d89ee143cc14" testId="ed57d6be-1bec-ef28-901c-0566b4a38159" testName="GetTariffLookup" computerName="BUILD1" duration="00:00:00.0086955" startTime="2009-08-13T14:49:32.5781250-04:00" endTime="2009-08-13T14:49:32.5937500-04:00" testType="13cdc9d9-ddb5-4fa4-a97d-d965ccfc6d4b" outcome="Passed" testListId="8c84fa94-04c1-424b-9868-57a2d4851a1d" dataRowInfo="27" resultType="DataDrivenDataRow" />
      </InnerResults>
    </UnitTestResult>
    <UnitTestResult executionId="98e578f7-4376-4829-8ea1-52f496e42392" testId="31024ef4-cf9d-c596-3524-0e871d315c93" testName="InvalidDateAfterEnd" computerName="BUILD1" duration="00:00:00.0274172" startTime="2009-08-13T14:49:32.5937500-04:00" endTime="2009-08-13T14:49:32.6250000-04:00" testType="13cdc9d9-ddb5-4fa4-a97d-d965ccfc6d4b" outcome="Passed" testListId="8c84fa94-04c1-424b-9868-57a2d4851a1d">
      <Output>
      </Output>
    </UnitTestResult>
    <UnitTestResult executionId="95ed86b3-5901-4207-8ecb-b73c0009d356" testId="a0cba224-7ad4-81c0-4e78-dd6297076a2d" testName="InvalidDateBeforeStart" computerName="BUILD1" duration="00:00:00.0162901" startTime="2009-08-13T14:49:32.6250000-04:00" endTime="2009-08-13T14:49:32.6406250-04:00" testType="13cdc9d9-ddb5-4fa4-a97d-d965ccfc6d4b" outcome="Passed" testListId="8c84fa94-04c1-424b-9868-57a2d4851a1d">
      <Output>
      </Output>
    </UnitTestResult>
    <UnitTestResult executionId="2bbbf73b-accf-4796-a241-be7c259441a8" testId="834555c2-47ee-b307-5895-983a0a276bfe" testName="InvalidWeightForCustomerPackage" computerName="BUILD1" duration="00:00:00.0166193" startTime="2009-08-13T14:49:32.6406250-04:00" endTime="2009-08-13T14:49:32.6562500-04:00" testType="13cdc9d9-ddb5-4fa4-a97d-d965ccfc6d4b" outcome="Passed" testListId="8c84fa94-04c1-424b-9868-57a2d4851a1d">
      <Output>
      </Output>
    </UnitTestResult>
    <UnitTestResult executionId="0c425951-336b-4e87-9ac9-648038839afc" testId="99c324dc-b3d8-1917-a7c9-07da0d88c248" testName="InvalidWeightForEnvelopeIsIgnored" computerName="BUILD1" duration="00:00:00.0159146" startTime="2009-08-13T14:49:32.6562500-04:00" endTime="2009-08-13T14:49:32.6875000-04:00" testType="13cdc9d9-ddb5-4fa4-a97d-d965ccfc6d4b" outcome="Passed" testListId="8c84fa94-04c1-424b-9868-57a2d4851a1d">
      <Output>
      </Output>
    </UnitTestResult>
    <UnitTestResult executionId="6f874dad-9928-4ce9-9501-d8b711c499fa" testId="da97b0af-7c7f-72a2-2b6b-3df0b1afcb91" testName="LookupRepositoryConstructorTest" computerName="BUILD1" duration="00:00:00.0001720" startTime="2009-08-13T14:49:32.6875000-04:00" endTime="2009-08-13T14:49:32.6875000-04:00" testType="13cdc9d9-ddb5-4fa4-a97d-d965ccfc6d4b" outcome="Passed" testListId="8c84fa94-04c1-424b-9868-57a2d4851a1d">
      <Output>
      </Output>
    </UnitTestResult>
  </Results>
</TestRun>