<?xml version="1.0" encoding="utf-8"?><Tests><edtdocversion branch="retail" build="50727" revision="1433" /><TestRun type="Microsoft.VisualStudio.TestTools.Common.TestRun"><id type="System.Guid">3d9a8baa-b9cb-4717-8a94-3c6445344217</id><name type="System.String">srvtfs@ECDATA-TFS01 2009-01-12 11:17:41</name><runUser type="System.String">FF\srvtfs</runUser><runConfig type="Microsoft.VisualStudio.TestTools.Common.TestRunConfiguration"><id type="Microsoft.VisualStudio.TestTools.Common.TestRunConfigurationId"><id type="System.Guid">abcfb7cd-5b24-4ff8-9879-8a95db67f08c</id></id><name type="System.String">Default Run Configuration</name><description type="System.String" /><isCodeCoverageEnabled type="System.Boolean">False</isCodeCoverageEnabled><codeCoverageItems type="System.Collections.Generic.List`1[[Microsoft.VisualStudio.TestTools.Common.CodeCoverageItem, Microsoft.VisualStudio.QualityTools.Common, Version=8.0.0.0, Culture=neutral, PublicKeyToken=b03f5f7f11d50a3a]]"><_size type="System.Int32">0</_size><_version type="System.Int32">0</_version></codeCoverageItems><codeCoverageKeyFile type="System.String" /><aspNetProjectCoverageItems type="System.Collections.Generic.List`1[[Microsoft.VisualStudio.TestTools.Common.AspNetProjectItem, Microsoft.VisualStudio.QualityTools.Common, Version=8.0.0.0, Culture=neutral, PublicKeyToken=b03f5f7f11d50a3a]]"><_size type="System.Int32">0</_size><_version type="System.Int32">0</_version></aspNetProjectCoverageItems><isExecutedRemotely type="System.Boolean">False</isExecutedRemotely><bucketSize type="System.Int32">200</bucketSize><bucketThreshold type="System.Int32">1000</bucketThreshold><runTimeout type="System.Int32">0</runTimeout><testTimeout type="System.Int32">300000</testTimeout><agentNotRespondingTimeout type="System.Int32">300000</agentNotRespondingTimeout><deploymentTimeout type="System.Int32">300000</deploymentTimeout><controllerName type="System.String" /><plugins type="System.Collections.Generic.List`1[[System.String, mscorlib, Version=2.0.0.0, Culture=neutral, PublicKeyToken=b77a5c561934e089]]"><_items type="System.String[]"><element type="System.String">Microsoft.VisualStudio.TestTools.HostAdapters.AspNetPlugin, Microsoft.VisualStudio.QualityTools.HostAdapters.ASPNETAgent, Version=8.0.0.0, PublicKeyToken=b03f5f7f11d50a3a</element><element /><element /><element /></_items><_size type="System.Int32">1</_size><_version type="System.Int32">1</_version></plugins><testTypeSpecificData type="System.Collections.Generic.Dictionary`2[[Microsoft.VisualStudio.TestTools.Common.TestType, Microsoft.VisualStudio.QualityTools.Common, Version=8.0.0.0, Culture=neutral, PublicKeyToken=b03f5f7f11d50a3a],[Microsoft.VisualStudio.TestTools.Common.ITestTypeSpecificRunConfigurationData, Microsoft.VisualStudio.QualityTools.Common, Version=8.0.0.0, Culture=neutral, PublicKeyToken=b03f5f7f11d50a3a]]"><count type="System.Int32">0</count><version type="System.Int32">0</version><freeList type="System.Int32">0</freeList><freeCount type="System.Int32">0</freeCount><comparer type="System.Collections.Generic.ObjectEqualityComparer`1[[Microsoft.VisualStudio.TestTools.Common.TestType, Microsoft.VisualStudio.QualityTools.Common, Version=8.0.0.0, Culture=neutral, PublicKeyToken=b03f5f7f11d50a3a]]" /></testTypeSpecificData><userDeploymentRoot type="System.String">E:\projects\brownshoe\unit_tests\product</userDeploymentRoot><useDefaultDeploymentRoot type="System.Boolean">False</useDefaultDeploymentRoot><runDeploymentRoot type="System.String">E:\projects\brownshoe\unit_tests\product\srvtfs_ECDATA-TFS01 2009-01-12 11_17_41</runDeploymentRoot><deploymentItems type="Microsoft.VisualStudio.TestTools.Common.DeploymentItemCollection" /><testRunNamingScheme type="Microsoft.VisualStudio.TestTools.Common.TestRunNamingScheme"><appendTimeStamp type="System.Boolean">True</appendTimeStamp><useDefault type="System.Boolean">True</useDefault></testRunNamingScheme><setupCommand type="System.String" /><cleanupCommand type="System.String" /><abortRunOnError type="System.Boolean">False</abortRunOnError><mapIPAddresses type="System.Boolean">False</mapIPAddresses><agentProperties type="System.Collections.Specialized.StringDictionary, System, Version=2.0.0.0, Culture=neutral, PublicKeyToken=b77a5c561934e089" /><hostData type="Microsoft.VisualStudio.TestTools.Common.HostRunConfigurationData"><mapHostSpecificData type="System.Collections.Generic.Dictionary`2[[System.String, mscorlib, Version=2.0.0.0, Culture=neutral, PublicKeyToken=b77a5c561934e089],[Microsoft.VisualStudio.TestTools.Common.IHostSpecificRunConfigurationData, Microsoft.VisualStudio.QualityTools.Common, Version=8.0.0.0, Culture=neutral, PublicKeyToken=b03f5f7f11d50a3a]]"><count type="System.Int32">0</count><version type="System.Int32">0</version><freeList type="System.Int32">0</freeList><freeCount type="System.Int32">0</freeCount><comparer type="System.Collections.Generic.GenericEqualityComparer`1[[System.String, mscorlib, Version=2.0.0.0, Culture=neutral, PublicKeyToken=b77a5c561934e089]]" /></mapHostSpecificData></hostData><ignoredDependentAssemblies type="System.String" /><apartmentState type="System.Threading.ApartmentState"><value__ type="System.Int32">0</value__></apartmentState></runConfig><result type="Microsoft.VisualStudio.TestTools.Common.RunResultAndStatistics"><runInfoList type="System.Collections.Generic.List`1[[Microsoft.VisualStudio.TestTools.Common.RunInfo, Microsoft.VisualStudio.QualityTools.Common, Version=8.0.0.0, Culture=neutral, PublicKeyToken=b03f5f7f11d50a3a]]"><_items type="Microsoft.VisualStudio.TestTools.Common.RunInfo[]"><element type="Microsoft.VisualStudio.TestTools.Common.RunInfo"><text type="System.String">Warning: Test Run deployment issue: The assembly or module 'vjslib' directly or indirectly referenced by test assembly 'e:\projects\brownshoe\unit_tests\product\src\brownshoe\testing\unittests\bin\brownshoe.unittests.dll' was not found.</text><computerInfo type="Microsoft.VisualStudio.TestTools.Common.ComputerInfo"><m_computerName type="System.String">ECDATA-TFS01</m_computerName></computerInfo><outcome type="Microsoft.VisualStudio.TestTools.Common.TestOutcome"><value__ type="System.Int32">9</value__></outcome><timestamp type="System.DateTime"><dateData type="System.UInt64">5245359793060346520</dateData></timestamp></element><element /><element /><element /></_items><_size type="System.Int32">1</_size><_version type="System.Int32">1</_version></runInfoList><totalTestCount type="System.Int32">473</totalTestCount><executedTestCount type="System.Int32">473</executedTestCount><passedTestCount type="System.Int32">60</passedTestCount><stdout type="System.String" /><stderr type="System.String" /><debugTrace type="System.String">log4net:ERROR XmlConfigurator: Failed to find configuration section 'log4net' in the application's .config file. Check your .config file for the &lt;log4net&gt; and &lt;configSections&gt; elements. The configuration section should look like: &lt;section name="log4net" type="log4net.Config.Log4NetConfigurationSectionHandler,log4net" /&gt;
log4net:ERROR XmlConfigurator: Failed to find configuration section 'log4net' in the application's .config file. Check your .config file for the &lt;log4net&gt; and &lt;configSections&gt; elements. The configuration section should look like: &lt;section name="log4net" type="log4net.Config.Log4NetConfigurationSectionHandler,log4net" /&gt;
log4net:ERROR XmlConfigurator: Failed to find configuration section 'log4net' in the application's .config file. Check your .config file for the &lt;log4net&gt; and &lt;configSections&gt; elements. The configuration section should look like: &lt;section name="log4net" type="log4net.Config.Log4NetConfigurationSectionHandler,log4net" /&gt;
log4net:ERROR XmlConfigurator: Failed to find configuration section 'log4net' in the application's .config file. Check your .config file for the &lt;log4net&gt; and &lt;configSections&gt; elements. The configuration section should look like: &lt;section name="log4net" type="log4net.Config.Log4NetConfigurationSectionHandler,log4net" /&gt;
log4net:ERROR XmlConfigurator: Failed to find configuration section 'log4net' in the application's .config file. Check your .config file for the &lt;log4net&gt; and &lt;configSections&gt; elements. The configuration section should look like: &lt;section name="log4net" type="log4net.Config.Log4NetConfigurationSectionHandler,log4net" /&gt;
log4net:ERROR XmlConfigurator: Failed to find configuration section 'log4net' in the application's .config file. Check your .config file for the &lt;log4net&gt; and &lt;configSections&gt; elements. The configuration section should look like: &lt;section name="log4net" type="log4net.Config.Log4NetConfigurationSectionHandler,log4net" /&gt;
log4net:ERROR XmlConfigurator: Failed to find configuration section 'log4net' in the application's .config file. Check your .config file for the &lt;log4net&gt; and &lt;configSections&gt; elements. The configuration section should look like: &lt;section name="log4net" type="log4net.Config.Log4NetConfigurationSectionHandler,log4net" /&gt;
</debugTrace><outcome type="Microsoft.VisualStudio.TestTools.Common.TestOutcome"><value__ type="System.Int32">1</value__></outcome><counters type="System.Int32">0,103,0,0,310,0,0,0,0,0,60,0,0,0</counters><isPartialRun type="System.Boolean">False</isPartialRun></result><creationTime type="System.DateTime"><dateData type="System.UInt64">5245359793045658080</dateData></creationTime><queueingTime type="System.DateTime"><dateData type="System.UInt64">5245359793064721800</dateData></queueingTime><startTime type="System.DateTime"><dateData type="System.UInt64">5245359793070659680</dateData></startTime><finishTime type="System.DateTime"><dateData type="System.UInt64">5245359793446152460</dateData></finishTime><tests type="System.Collections.Hashtable"><key type="Microsoft.VisualStudio.TestTools.Common.TestId"><id type="System.Guid">4c75fb7f-208b-52d9-3fe3-e303664045d2</id></key><value type="Microsoft.VisualStudio.TestTools.TestTypes.Unit.UnitTestElement, Microsoft.VisualStudio.QualityTools.Tips.UnitTest.ObjectModel, Version=8.0.0.0, Culture=neutral, PublicKeyToken=b03f5f7f11d50a3a"><codeBase type="System.String">e:/projects/brownshoe/unit_tests/product/src/BrownShoe/Testing/UnitTests/bin/BrownShoe.UnitTests.DLL</codeBase><adapterTypeName type="System.String">Microsoft.VisualStudio.TestTools.TestTypes.Unit.UnitTestAdapter, Microsoft.VisualStudio.QualityTools.Tips.UnitTest.Adapter</adapterTypeName><testMethod type="Microsoft.VisualStudio.TestTools.TestTypes.Unit.TestMethod, Microsoft.VisualStudio.QualityTools.Tips.UnitTest.ObjectModel, Version=8.0.0.0, Culture=neutral, PublicKeyToken=b03f5f7f11d50a3a"><className type="System.String">BrownShoe.UnitTests.Services.Search.SearchServiceTest, BrownShoe.UnitTests, Version=1.0.0.0, Culture=neutral, PublicKeyToken=null</className><name type="System.String">GetBrandSearchTest</name><expectedExceptionMessage type="System.String" /><isValid type="System.Boolean">False</isValid></testMethod><aspNetDevServers type="System.Collections.Generic.List`1[[Microsoft.VisualStudio.TestTools.Common.AspNetDevelopmentServer, Microsoft.VisualStudio.QualityTools.Common, Version=8.0.0.0, Culture=neutral, PublicKeyToken=b03f5f7f11d50a3a]]"><_size type="System.Int32">0</_size><_version type="System.Int32">0</_version></aspNetDevServers><dataAccessMethod type="Microsoft.VisualStudio.TestTools.UnitTesting.DataAccessMethod, Microsoft.VisualStudio.QualityTools.UnitTestFramework, Version=8.0.0.0, Culture=neutral, PublicKeyToken=b03f5f7f11d50a3a"><value__ type="System.Int32">0</value__></dataAccessMethod><cssProjectStructure type="System.String" /><isRunOnRestart type="System.Boolean">False</isRunOnRestart><timeOut type="System.Int32">0</timeOut><isGroupable type="System.Boolean">True</isGroupable><abortRunOnAgentFailure type="System.Boolean">False</abortRunOnAgentFailure><cssIteration type="System.String" /><workItemIds type="System.Collections.Generic.List`1[[System.Int32, mscorlib, Version=2.0.0.0, Culture=neutral, PublicKeyToken=b77a5c561934e089]]"><_size type="System.Int32">0</_size><_version type="System.Int32">1</_version></workItemIds><id type="Microsoft.VisualStudio.TestTools.Common.TestId"><id type="System.Guid">4c75fb7f-208b-52d9-3fe3-e303664045d2</id></id><name type="System.String">GetBrandSearchTest</name><description type="System.String" /><enabled type="System.Boolean">True</enabled><owner type="System.String" /><priority type="System.Int32">0</priority><executionId type="Microsoft.VisualStudio.TestTools.Common.TestExecId"><id type="System.Guid">00000000-0000-0000-0000-000000000000</id></executionId><parentExecutId type="Microsoft.VisualStudio.TestTools.Common.TestExecId"><id type="System.Guid">00000000-0000-0000-0000-000000000000</id></parentExecutId><deploymentItems type="Microsoft.VisualStudio.TestTools.Common.DeploymentItemCollection" /><agentAttributes type="System.Collections.Specialized.StringDictionary, System, Version=2.0.0.0, Culture=neutral, PublicKeyToken=b77a5c561934e089" /><storage type="System.String">e:\projects\brownshoe\unit_tests\product\src\brownshoe\testing\unittests\bin\brownshoe.unittests.dll</storage><m_nonRunnableReason type="System.String" /></value><key type="Microsoft.VisualStudio.TestTools.Common.TestId"><id type="System.Guid">0b9e6b6b-e78e-50bb-fb86-93a93d24736e</id></key><value type="Microsoft.VisualStudio.TestTools.TestTypes.Unit.UnitTestElement, Microsoft.VisualStudio.QualityTools.Tips.UnitTest.ObjectModel, Version=8.0.0.0, Culture=neutral, PublicKeyToken=b03f5f7f11d50a3a"><codeBase type="System.String">e:/projects/brownshoe/unit_tests/product/src/BrownShoe/Testing/UnitTests/bin/BrownShoe.UnitTests.DLL</codeBase><adapterTypeName type="System.String">Microsoft.VisualStudio.TestTools.TestTypes.Unit.UnitTestAdapter, Microsoft.VisualStudio.QualityTools.Tips.UnitTest.Adapter</adapterTypeName><testMethod type="Microsoft.VisualStudio.TestTools.TestTypes.Unit.TestMethod, Microsoft.VisualStudio.QualityTools.Tips.UnitTest.ObjectModel, Version=8.0.0.0, Culture=neutral, PublicKeyToken=b03f5f7f11d50a3a"><className type="System.String">BrownShoe.UnitTests.Services.Shopping.ShoppingCartServiceTest, BrownShoe.UnitTests, Version=1.0.0.0, Culture=neutral, PublicKeyToken=null</className><name type="System.String">RunBasketPipelineTest</name><expectedExceptionMessage type="System.String" /><isValid type="System.Boolean">False</isValid></testMethod><aspNetDevServers type="System.Collections.Generic.List`1[[Microsoft.VisualStudio.TestTools.Common.AspNetDevelopmentServer, Microsoft.VisualStudio.QualityTools.Common, Version=8.0.0.0, Culture=neutral, PublicKeyToken=b03f5f7f11d50a3a]]"><_size type="System.Int32">0</_size><_version type="System.Int32">0</_version></aspNetDevServers><dataAccessMethod type="Microsoft.VisualStudio.TestTools.UnitTesting.DataAccessMethod, Microsoft.VisualStudio.QualityTools.UnitTestFramework, Version=8.0.0.0, Culture=neutral, PublicKeyToken=b03f5f7f11d50a3a"><value__ type="System.Int32">0</value__></dataAccessMethod><cssProjectStructure type="System.String" /><isRunOnRestart type="System.Boolean">False</isRunOnRestart><timeOut type="System.Int32">0</timeOut><isGroupable type="System.Boolean">True</isGroupable><abortRunOnAgentFailure type="System.Boolean">False</abortRunOnAgentFailure><cssIteration type="System.String" /><workItemIds type="System.Collections.Generic.List`1[[System.Int32, mscorlib, Version=2.0.0.0, Culture=neutral, PublicKeyToken=b77a5c561934e089]]"><_size type="System.Int32">0</_size><_version type="System.Int32">1</_version></workItemIds><id type="Microsoft.VisualStudio.TestTools.Common.TestId"><id type="System.Guid">0b9e6b6b-e78e-50bb-fb86-93a93d24736e</id></id><name type="System.String">RunBasketPipelineTest</name><description type="System.String" /><enabled type="System.Boolean">True</enabled><owner type="System.String" /><priority type="System.Int32">0</priority><executionId type="Microsoft.VisualStudio.TestTools.Common.TestExecId"><id type="System.Guid">00000000-0000-0000-0000-000000000000</id></executionId><parentExecutId type="Microsoft.VisualStudio.TestTools.Common.TestExecId"><id type="System.Guid">00000000-0000-0000-0000-000000000000</id></parentExecutId><deploymentItems type="Microsoft.VisualStudio.TestTools.Common.DeploymentItemCollection" /><agentAttributes type="System.Collections.Specialized.StringDictionary, System, Version=2.0.0.0, Culture=neutral, PublicKeyToken=b77a5c561934e089" /><storage type="System.String">e:\projects\brownshoe\unit_tests\product\src\brownshoe\testing\unittests\bin\brownshoe.unittests.dll</storage><m_nonRunnableReason type="System.String" /></value><key type="Microsoft.VisualStudio.TestTools.Common.TestId"><id type="System.Guid">276260a2-455c-d1f9-44a1-4f683e426dbf</id></key><value type="Microsoft.VisualStudio.TestTools.TestTypes.Unit.UnitTestElement, Microsoft.VisualStudio.QualityTools.Tips.UnitTest.ObjectModel, Version=8.0.0.0, Culture=neutral, PublicKeyToken=b03f5f7f11d50a3a"><codeBase type="System.String">e:/projects/brownshoe/unit_tests/product/src/BrownShoe/Testing/UnitTests/bin/BrownShoe.UnitTests.DLL</codeBase><adapterTypeName type="System.String">Microsoft.VisualStudio.TestTools.TestTypes.Unit.UnitTestAdapter, Microsoft.VisualStudio.QualityTools.Tips.UnitTest.Adapter</adapterTypeName><testMethod type="Microsoft.VisualStudio.TestTools.TestTypes.Unit.TestMethod, Microsoft.VisualStudio.QualityTools.Tips.UnitTest.ObjectModel, Version=8.0.0.0, Culture=neutral, PublicKeyToken=b03f5f7f11d50a3a"><className type="System.String">BrownShoe.UnitTests.Services.DataAccess.ShippingRateDBTest, BrownShoe.UnitTests, Version=1.0.0.0, Culture=neutral, PublicKeyToken=null</className><name type="System.String">OverrideRatesForMethodTest</name><expectedExceptionMessage type="System.String" /><isValid type="System.Boolean">False</isValid></testMethod><aspNetDevServers type="System.Collections.Generic.List`1[[Microsoft.VisualStudio.TestTools.Common.AspNetDevelopmentServer, Microsoft.VisualStudio.QualityTools.Common, Version=8.0.0.0, Culture=neutral, PublicKeyToken=b03f5f7f11d50a3a]]"><_size type="System.Int32">0</_size><_version type="System.Int32">0</_version></aspNetDevServers><dataAccessMethod type="Microsoft.VisualStudio.TestTools.UnitTesting.DataAccessMethod, Microsoft.VisualStudio.QualityTools.UnitTestFramework, Version=8.0.0.0, Culture=neutral, PublicKeyToken=b03f5f7f11d50a3a"><value__ type="System.Int32">0</value__></dataAccessMethod><cssProjectStructure type="System.String" /><isRunOnRestart type="System.Boolean">False</isRunOnRestart><timeOut type="System.Int32">0</timeOut><isGroupable type="System.Boolean">True</isGroupable><abortRunOnAgentFailure type="System.Boolean">False</abortRunOnAgentFailure><cssIteration type="System.String" /><workItemIds type="System.Collections.Generic.List`1[[System.Int32, mscorlib, Version=2.0.0.0, Culture=neutral, PublicKeyToken=b77a5c561934e089]]"><_size type="System.Int32">0</_size><_version type="System.Int32">1</_version></workItemIds><id type="Microsoft.VisualStudio.TestTools.Common.TestId"><id type="System.Guid">276260a2-455c-d1f9-44a1-4f683e426dbf</id></id><name type="System.String">OverrideRatesForMethodTest</name><description type="System.String" /><enabled type="System.Boolean">True</enabled><owner type="System.String" /><priority type="System.Int32">0</priority><executionId type="Microsoft.VisualStudio.TestTools.Common.TestExecId"><id type="System.Guid">00000000-0000-0000-0000-000000000000</id></executionId><parentExecutId type="Microsoft.VisualStudio.TestTools.Common.TestExecId"><id type="System.Guid">00000000-0000-0000-0000-000000000000</id></parentExecutId><deploymentItems type="Microsoft.VisualStudio.TestTools.Common.DeploymentItemCollection" /><agentAttributes type="System.Collections.Specialized.StringDictionary, System, Version=2.0.0.0, Culture=neutral, PublicKeyToken=b77a5c561934e089" /><storage type="System.String">e:\projects\brownshoe\unit_tests\product\src\brownshoe\testing\unittests\bin\brownshoe.unittests.dll</storage><m_nonRunnableReason type="System.String" /></value><key type="Microsoft.VisualStudio.TestTools.Common.TestId"><id type="System.Guid">bf484693-ee5b-4d3e-ffb0-2e3ea526d0e9</id></key><value type="Microsoft.VisualStudio.TestTools.TestTypes.Unit.UnitTestElement, Microsoft.VisualStudio.QualityTools.Tips.UnitTest.ObjectModel, Version=8.0.0.0, Culture=neutral, PublicKeyToken=b03f5f7f11d50a3a"><codeBase type="System.String">e:/projects/brownshoe/unit_tests/product/src/BrownShoe/Testing/UnitTests/bin/BrownShoe.UnitTests.DLL</codeBase><adapterTypeName type="System.String">Microsoft.VisualStudio.TestTools.TestTypes.Unit.UnitTestAdapter, Microsoft.VisualStudio.QualityTools.Tips.UnitTest.Adapter</adapterTypeName><testMethod type="Microsoft.VisualStudio.TestTools.TestTypes.Unit.TestMethod, Microsoft.VisualStudio.QualityTools.Tips.UnitTest.ObjectModel, Version=8.0.0.0, Culture=neutral, PublicKeyToken=b03f5f7f11d50a3a"><className type="System.String">BrownShoe.UnitTests.Services.Orders.OrderServiceTest, BrownShoe.UnitTests, Version=1.0.0.0, Culture=neutral, PublicKeyToken=null</className><name type="System.String">ListPaymentMethodsTest</name><expectedExceptionMessage type="System.String" /><isValid type="System.Boolean">False</isValid></testMethod><aspNetDevServers type="System.Collections.Generic.List`1[[Microsoft.VisualStudio.TestTools.Common.AspNetDevelopmentServer, Microsoft.VisualStudio.QualityTools.Common, Version=8.0.0.0, Culture=neutral, PublicKeyToken=b03f5f7f11d50a3a]]"><_size type="System.Int32">0</_size><_version type="System.Int32">0</_version></aspNetDevServers><dataAccessMethod type="Microsoft.VisualStudio.TestTools.UnitTesting.DataAccessMethod, Microsoft.VisualStudio.QualityTools.UnitTestFramework, Version=8.0.0.0, Culture=neutral, PublicKeyToken=b03f5f7f11d50a3a"><value__ type="System.Int32">0</value__></dataAccessMethod><cssProjectStructure type="System.String" /><isRunOnRestart type="System.Boolean">False</isRunOnRestart><timeOut type="System.Int32">0</timeOut><isGroupable type="System.Boolean">True</isGroupable><abortRunOnAgentFailure type="System.Boolean">False</abortRunOnAgentFailure><cssIteration type="System.String" /><workItemIds type="System.Collections.Generic.List`1[[System.Int32, mscorlib, Version=2.0.0.0, Culture=neutral, PublicKeyToken=b77a5c561934e089]]"><_size type="System.Int32">0</_size><_version type="System.Int32">1</_version></workItemIds><id type="Microsoft.VisualStudio.TestTools.Common.TestId"><id type="System.Guid">bf484693-ee5b-4d3e-ffb0-2e3ea526d0e9</id></id><name type="System.String">ListPaymentMethodsTest</name><description type="System.String" /><enabled type="System.Boolean">True</enabled><owner type="System.String" /><priority type="System.Int32">0</priority><executionId type="Microsoft.VisualStudio.TestTools.Common.TestExecId"><id type="System.Guid">00000000-0000-0000-0000-000000000000</id></executionId><parentExecutId type="Microsoft.VisualStudio.TestTools.Common.TestExecId"><id type="System.Guid">00000000-0000-0000-0000-000000000000</id></parentExecutId><deploymentItems type="Microsoft.VisualStudio.TestTools.Common.DeploymentItemCollection" /><agentAttributes type="System.Collections.Specialized.StringDictionary, System, Version=2.0.0.0, Culture=neutral, PublicKeyToken=b77a5c561934e089" /><storage type="System.String">e:\projects\brownshoe\unit_tests\product\src\brownshoe\testing\unittests\bin\brownshoe.unittests.dll</storage><m_nonRunnableReason type="System.String" /></value><key type="Microsoft.VisualStudio.TestTools.Common.TestId"><id type="System.Guid">00b9f56f-18ed-f0e1-2bbf-84a9c262e98f</id></key><value type="Microsoft.VisualStudio.TestTools.TestTypes.Unit.UnitTestElement, Microsoft.VisualStudio.QualityTools.Tips.UnitTest.ObjectModel, Version=8.0.0.0, Culture=neutral, PublicKeyToken=b03f5f7f11d50a3a"><codeBase type="System.String">e:/projects/brownshoe/unit_tests/product/src/BrownShoe/Testing/UnitTests/bin/BrownShoe.UnitTests.DLL</codeBase><adapterTypeName type="System.String">Microsoft.VisualStudio.TestTools.TestTypes.Unit.UnitTestAdapter, Microsoft.VisualStudio.QualityTools.Tips.UnitTest.Adapter</adapterTypeName><testMethod type="Microsoft.VisualStudio.TestTools.TestTypes.Unit.TestMethod, Microsoft.VisualStudio.QualityTools.Tips.UnitTest.ObjectModel, Version=8.0.0.0, Culture=neutral, PublicKeyToken=b03f5f7f11d50a3a"><className type="System.String">BrownShoe.UnitTests.Services.Madison.RewardsProfileTest, BrownShoe.UnitTests, Version=1.0.0.0, Culture=neutral, PublicKeyToken=null</className><name type="System.String">GenderTest</name><expectedExceptionMessage type="System.String" /><isValid type="System.Boolean">False</isValid></testMethod><aspNetDevServers type="System.Collections.Generic.List`1[[Microsoft.VisualStudio.TestTools.Common.AspNetDevelopmentServer, Microsoft.VisualStudio.QualityTools.Common, Version=8.0.0.0, Culture=neutral, PublicKeyToken=b03f5f7f11d50a3a]]"><_size type="System.Int32">0</_size><_version type="System.Int32">0</_version></aspNetDevServers><dataAccessMethod type="Microsoft.VisualStudio.TestTools.UnitTesting.DataAccessMethod, Microsoft.VisualStudio.QualityTools.UnitTestFramework, Version=8.0.0.0, Culture=neutral, PublicKeyToken=b03f5f7f11d50a3a"><value__ type="System.Int32">0</value__></dataAccessMethod><cssProjectStructure type="System.String" /><isRunOnRestart type="System.Boolean">False</isRunOnRestart><timeOut type="System.Int32">0</timeOut><isGroupable type="System.Boolean">True</isGroupable><abortRunOnAgentFailure type="System.Boolean">False</abortRunOnAgentFailure><cssIteration type="System.String" /><workItemIds type="System.Collections.Generic.List`1[[System.Int32, mscorlib, Version=2.0.0.0, Culture=neutral, PublicKeyToken=b77a5c561934e089]]"><_size type="System.Int32">0</_size><_version type="System.Int32">1</_version></workItemIds><id type="Microsoft.VisualStudio.TestTools.Common.TestId"><id type="System.Guid">00b9f56f-18ed-f0e1-2bbf-84a9c262e98f</id></id><name type="System.String">GenderTest</name><description type="System.String" /><enabled type="System.Boolean">True</enabled><owner type="System.String" /><priority type="System.Int32">0</priority><executionId type="Microsoft.VisualStudio.TestTools.Common.TestExecId"><id type="System.Guid">00000000-0000-0000-0000-000000000000</id></executionId><parentExecutId type="Microsoft.VisualStudio.TestTools.Common.TestExecId"><id type="System.Guid">00000000-0000-0000-0000-000000000000</id></parentExecutId><deploymentItems type="Microsoft.VisualStudio.TestTools.Common.DeploymentItemCollection" /><agentAttributes type="System.Collections.Specialized.StringDictionary, System, Version=2.0.0.0, Culture=neutral, PublicKeyToken=b77a5c561934e089" /><storage type="System.String">e:\projects\brownshoe\unit_tests\product\src\brownshoe\testing\unittests\bin\brownshoe.unittests.dll</storage><m_nonRunnableReason type="System.String" /></value><key type="Microsoft.VisualStudio.TestTools.Common.TestId"><id type="System.Guid">bdd19d34-ee5c-b2dc-f553-6e6bba69bee8</id></key><value type="Microsoft.VisualStudio.TestTools.TestTypes.Unit.UnitTestElement, Microsoft.VisualStudio.QualityTools.Tips.UnitTest.ObjectModel, Version=8.0.0.0, Culture=neutral, PublicKeyToken=b03f5f7f11d50a3a"><codeBase type="System.String">e:/projects/brownshoe/unit_tests/product/src/BrownShoe/Testing/UnitTests/bin/BrownShoe.UnitTests.DLL</codeBase><adapterTypeName type="System.String">Microsoft.VisualStudio.TestTools.TestTypes.Unit.UnitTestAdapter, Microsoft.VisualStudio.QualityTools.Tips.UnitTest.Adapter</adapterTypeName><testMethod type="Microsoft.VisualStudio.TestTools.TestTypes.Unit.TestMethod, Microsoft.VisualStudio.QualityTools.Tips.UnitTest.ObjectModel, Version=8.0.0.0, Culture=neutral, PublicKeyToken=b03f5f7f11d50a3a"><className type="System.String">BrownShoe.UnitTests.Services.Orders.CheckoutServiceTest, BrownShoe.UnitTests, Version=1.0.0.0, Culture=neutral, PublicKeyToken=null</className><name type="System.String">GetCartTest</name><expectedExceptionMessage type="System.String" /><isValid type="System.Boolean">False</isValid></testMethod><aspNetDevServers type="System.Collections.Generic.List`1[[Microsoft.VisualStudio.TestTools.Common.AspNetDevelopmentServer, Microsoft.VisualStudio.QualityTools.Common, Version=8.0.0.0, Culture=neutral, PublicKeyToken=b03f5f7f11d50a3a]]"><_size type="System.Int32">0</_size><_version type="System.Int32">0</_version></aspNetDevServers><dataAccessMethod type="Microsoft.VisualStudio.TestTools.UnitTesting.DataAccessMethod, Microsoft.VisualStudio.QualityTools.UnitTestFramework, Version=8.0.0.0, Culture=neutral, PublicKeyToken=b03f5f7f11d50a3a"><value__ type="System.Int32">0</value__></dataAccessMethod><cssProjectStructure type="System.String" /><isRunOnRestart type="System.Boolean">False</isRunOnRestart><timeOut type="System.Int32">0</timeOut><isGroupable type="System.Boolean">True</isGroupable><abortRunOnAgentFailure type="System.Boolean">False</abortRunOnAgentFailure><cssIteration type="System.String" /><workItemIds type="System.Collections.Generic.List`1[[System.Int32, mscorlib, Version=2.0.0.0, Culture=neutral, PublicKeyToken=b77a5c561934e089]]"><_size type="System.Int32">0</_size><_version type="System.Int32">1</_version></workItemIds><id type="Microsoft.VisualStudio.TestTools.Common.TestId"><id type="System.Guid">bdd19d34-ee5c-b2dc-f553-6e6bba69bee8</id></id><name type="System.String">GetCartTest</name><description type="System.String" /><enabled type="System.Boolean">True</enabled><owner type="System.String" /><priority type="System.Int32">0</priority><executionId type="Microsoft.VisualStudio.TestTools.Common.TestExecId"><id type="System.Guid">00000000-0000-0000-0000-000000000000</id></executionId><parentExecutId type="Microsoft.VisualStudio.TestTools.Common.TestExecId"><id type="System.Guid">00000000-0000-0000-0000-000000000000</id></parentExecutId><deploymentItems type="Microsoft.VisualStudio.TestTools.Common.DeploymentItemCollection" /><agentAttributes type="System.Collections.Specialized.StringDictionary, System, Version=2.0.0.0, Culture=neutral, PublicKeyToken=b77a5c561934e089" /><storage type="System.String">e:\projects\brownshoe\unit_tests\product\src\brownshoe\testing\unittests\bin\brownshoe.unittests.dll</storage><m_nonRunnableReason type="System.String" /></value><key type="Microsoft.VisualStudio.TestTools.Common.TestId"><id type="System.Guid">93278ace-0a63-6694-341e-54bacfc96b56</id></key><value type="Microsoft.VisualStudio.TestTools.TestTypes.Unit.UnitTestElement, Microsoft.VisualStudio.QualityTools.Tips.UnitTest.ObjectModel, Version=8.0.0.0, Culture=neutral, PublicKeyToken=b03f5f7f11d50a3a"><codeBase type="System.String">e:/projects/brownshoe/unit_tests/product/src/BrownShoe/Testing/UnitTests/bin/BrownShoe.UnitTests.DLL</codeBase><adapterTypeName type="System.String">Microsoft.VisualStudio.TestTools.TestTypes.Unit.UnitTestAdapter, Microsoft.VisualStudio.QualityTools.Tips.UnitTest.Adapter</adapterTypeName><testMethod type="Microsoft.VisualStudio.TestTools.TestTypes.Unit.TestMethod, Microsoft.VisualStudio.QualityTools.Tips.UnitTest.ObjectModel, Version=8.0.0.0, Culture=neutral, PublicKeyToken=b03f5f7f11d50a3a"><className type="System.String">BrownShoe.UnitTests.Services.DataAccess.DBUtilsTest, BrownShoe.UnitTests, Version=1.0.0.0, Culture=neutral, PublicKeyToken=null</className><name type="System.String">CheckDBNullStringTest</name><expectedExceptionMessage type="System.String" /><isValid type="System.Boolean">False</isValid></testMethod><aspNetDevServers type="System.Collections.Generic.List`1[[Microsoft.VisualStudio.TestTools.Common.AspNetDevelopmentServer, Microsoft.VisualStudio.QualityTools.Common, Version=8.0.0.0, Culture=neutral, PublicKeyToken=b03f5f7f11d50a3a]]"><_size type="System.Int32">0</_size><_version type="System.Int32">0</_version></aspNetDevServers><dataAccessMethod type="Microsoft.VisualStudio.TestTools.UnitTesting.DataAccessMethod, Microsoft.VisualStudio.QualityTools.UnitTestFramework, Version=8.0.0.0, Culture=neutral, PublicKeyToken=b03f5f7f11d50a3a"><value__ type="System.Int32">0</value__></dataAccessMethod><cssProjectStructure type="System.String" /><isRunOnRestart type="System.Boolean">False</isRunOnRestart><timeOut type="System.Int32">0</timeOut><isGroupable type="System.Boolean">True</isGroupable><abortRunOnAgentFailure type="System.Boolean">False</abortRunOnAgentFailure><cssIteration type="System.String" /><workItemIds type="System.Collections.Generic.List`1[[System.Int32, mscorlib, Version=2.0.0.0, Culture=neutral, PublicKeyToken=b77a5c561934e089]]"><_size type="System.Int32">0</_size><_version type="System.Int32">1</_version></workItemIds><id type="Microsoft.VisualStudio.TestTools.Common.TestId"><id type="System.Guid">93278ace-0a63-6694-341e-54bacfc96b56</id></id><name type="System.String">CheckDBNullStringTest</name><description type="System.String" /><enabled type="System.Boolean">True</enabled><owner type="System.String" /><priority type="System.Int32">0</priority><executionId type="Microsoft.VisualStudio.TestTools.Common.TestExecId"><id type="System.Guid">00000000-0000-0000-0000-000000000000</id></executionId><parentExecutId type="Microsoft.VisualStudio.TestTools.Common.TestExecId"><id type="System.Guid">00000000-0000-0000-0000-000000000000</id></parentExecutId><deploymentItems type="Microsoft.VisualStudio.TestTools.Common.DeploymentItemCollection" /><agentAttributes type="System.Collections.Specialized.StringDictionary, System, Version=2.0.0.0, Culture=neutral, PublicKeyToken=b77a5c561934e089" /><storage type="System.String">e:\projects\brownshoe\unit_tests\product\src\brownshoe\testing\unittests\bin\brownshoe.unittests.dll</storage><m_nonRunnableReason type="System.String" /></value><key type="Microsoft.VisualStudio.TestTools.Common.TestId"><id type="System.Guid">e346e93a-5288-171e-ff6d-040c7494b488</id></key><value type="Microsoft.VisualStudio.TestTools.TestTypes.Unit.UnitTestElement, Microsoft.VisualStudio.QualityTools.Tips.UnitTest.ObjectModel, Version=8.0.0.0, Culture=neutral, PublicKeyToken=b03f5f7f11d50a3a"><codeBase type="System.String">e:/projects/brownshoe/unit_tests/product/src/BrownShoe/Testing/UnitTests/bin/BrownShoe.UnitTests.DLL</codeBase><adapterTypeName type="System.String">Microsoft.VisualStudio.TestTools.TestTypes.Unit.UnitTestAdapter, Microsoft.VisualStudio.QualityTools.Tips.UnitTest.Adapter</adapterTypeName><testMethod type="Microsoft.VisualStudio.TestTools.TestTypes.Unit.TestMethod, Microsoft.VisualStudio.QualityTools.Tips.UnitTest.ObjectModel, Version=8.0.0.0, Culture=neutral, PublicKeyToken=b03f5f7f11d50a3a"><className type="System.String">BrownShoe.UnitTests.Services.DataAccess.MerchandiseReturnDBTest, BrownShoe.UnitTests, Version=1.0.0.0, Culture=neutral, PublicKeyToken=null</className><name type="System.String">ListReturnItemsTest</name><expectedExceptionMessage type="System.String" /><isValid type="System.Boolean">False</isValid></testMethod><aspNetDevServers type="System.Collections.Generic.List`1[[Microsoft.VisualStudio.TestTools.Common.AspNetDevelopmentServer, Microsoft.VisualStudio.QualityTools.Common, Version=8.0.0.0, Culture=neutral, PublicKeyToken=b03f5f7f11d50a3a]]"><_size type="System.Int32">0</_size><_version type="System.Int32">0</_version></aspNetDevServers><dataAccessMethod type="Microsoft.VisualStudio.TestTools.UnitTesting.DataAccessMethod, Microsoft.VisualStudio.QualityTools.UnitTestFramework, Version=8.0.0.0, Culture=neutral, PublicKeyToken=b03f5f7f11d50a3a"><value__ type="System.Int32">0</value__></dataAccessMethod><cssProjectStructure type="System.String" /><isRunOnRestart type="System.Boolean">False</isRunOnRestart><timeOut type="System.Int32">0</timeOut><isGroupable type="System.Boolean">True</isGroupable><abortRunOnAgentFailure type="System.Boolean">False</abortRunOnAgentFailure><cssIteration type="System.String" /><workItemIds type="System.Collections.Generic.List`1[[System.Int32, mscorlib, Version=2.0.0.0, Culture=neutral, PublicKeyToken=b77a5c561934e089]]"><_size type="System.Int32">0</_size><_version type="System.Int32">1</_version></workItemIds><id type="Microsoft.VisualStudio.TestTools.Common.TestId"><id type="System.Guid">e346e93a-5288-171e-ff6d-040c7494b488</id></id><name type="System.String">ListReturnItemsTest</name><description type="System.String" /><enabled type="System.Boolean">True</enabled><owner type="System.String" /><priority type="System.Int32">0</priority><executionId type="Microsoft.VisualStudio.TestTools.Common.TestExecId"><id type="System.Guid">00000000-0000-0000-0000-000000000000</id></executionId><parentExecutId type="Microsoft.VisualStudio.TestTools.Common.TestExecId"><id type="System.Guid">00000000-0000-0000-0000-000000000000</id></parentExecutId><deploymentItems type="Microsoft.VisualStudio.TestTools.Common.DeploymentItemCollection" /><agentAttributes type="System.Collections.Specialized.StringDictionary, System, Version=2.0.0.0, Culture=neutral, PublicKeyToken=b77a5c561934e089" /><storage type="System.String">e:\projects\brownshoe\unit_tests\product\src\brownshoe\testing\unittests\bin\brownshoe.unittests.dll</storage><m_nonRunnableReason type="System.String" /></value><key type="Microsoft.VisualStudio.TestTools.Common.TestId"><id type="System.Guid">58a60d8c-db60-4fd5-7ad8-301055d9d19f</id></key><value type="Microsoft.VisualStudio.TestTools.TestTypes.Unit.UnitTestElement, Microsoft.VisualStudio.QualityTools.Tips.UnitTest.ObjectModel, Version=8.0.0.0, Culture=neutral, PublicKeyToken=b03f5f7f11d50a3a"><codeBase type="System.String">e:/projects/brownshoe/unit_tests/product/src/BrownShoe/Testing/UnitTests/bin/BrownShoe.UnitTests.DLL</codeBase><adapterTypeName type="System.String">Microsoft.VisualStudio.TestTools.TestTypes.Unit.UnitTestAdapter, Microsoft.VisualStudio.QualityTools.Tips.UnitTest.Adapter</adapterTypeName><testMethod type="Microsoft.VisualStudio.TestTools.TestTypes.Unit.TestMethod, Microsoft.VisualStudio.QualityTools.Tips.UnitTest.ObjectModel, Version=8.0.0.0, Culture=neutral, PublicKeyToken=b03f5f7f11d50a3a"><className type="System.String">BrownShoe.UnitTests.Services.ContentManagement.CMTokenServiceTest, BrownShoe.UnitTests, Version=1.0.0.0, Culture=neutral, PublicKeyToken=null</className><name type="System.String">GetCatLinks2Test</name><expectedExceptionMessage type="System.String" /><isValid type="System.Boolean">False</isValid></testMethod><aspNetDevServers type="System.Collections.Generic.List`1[[Microsoft.VisualStudio.TestTools.Common.AspNetDevelopmentServer, Microsoft.VisualStudio.QualityTools.Common, Version=8.0.0.0, Culture=neutral, PublicKeyToken=b03f5f7f11d50a3a]]"><_size type="System.Int32">0</_size><_version type="System.Int32">0</_version></aspNetDevServers><dataAccessMethod type="Microsoft.VisualStudio.TestTools.UnitTesting.DataAccessMethod, Microsoft.VisualStudio.QualityTools.UnitTestFramework, Version=8.0.0.0, Culture=neutral, PublicKeyToken=b03f5f7f11d50a3a"><value__ type="System.Int32">0</value__></dataAccessMethod><cssProjectStructure type="System.String" /><isRunOnRestart type="System.Boolean">False</isRunOnRestart><timeOut type="System.Int32">0</timeOut><isGroupable type="System.Boolean">True</isGroupable><abortRunOnAgentFailure type="System.Boolean">False</abortRunOnAgentFailure><cssIteration type="System.String" /><workItemIds type="System.Collections.Generic.List`1[[System.Int32, mscorlib, Version=2.0.0.0, Culture=neutral, PublicKeyToken=b77a5c561934e089]]"><_size type="System.Int32">0</_size><_version type="System.Int32">1</_version></workItemIds><id type="Microsoft.VisualStudio.TestTools.Common.TestId"><id type="System.Guid">58a60d8c-db60-4fd5-7ad8-301055d9d19f</id></id><name type="System.String">GetCatLinks2Test</name><description type="System.String" /><enabled type="System.Boolean">True</enabled><owner type="System.String" /><priority type="System.Int32">0</priority><executionId type="Microsoft.VisualStudio.TestTools.Common.TestExecId"><id type="System.Guid">00000000-0000-0000-0000-000000000000</id></executionId><parentExecutId type="Microsoft.VisualStudio.TestTools.Common.TestExecId"><id type="System.Guid">00000000-0000-0000-0000-000000000000</id></parentExecutId><deploymentItems type="Microsoft.VisualStudio.TestTools.Common.DeploymentItemCollection" /><agentAttributes type="System.Collections.Specialized.StringDictionary, System, Version=2.0.0.0, Culture=neutral, PublicKeyToken=b77a5c561934e089" /><storage type="System.String">e:\projects\brownshoe\unit_tests\product\src\brownshoe\testing\unittests\bin\brownshoe.unittests.dll</storage><m_nonRunnableReason type="System.String" /></value><key type="Microsoft.VisualStudio.TestTools.Common.TestId"><id type="System.Guid">b0d52f36-7c27-092f-44d3-a296a9f18001</id></key><value type="Microsoft.VisualStudio.TestTools.TestTypes.Unit.UnitTestElement, Microsoft.VisualStudio.QualityTools.Tips.UnitTest.ObjectModel, Version=8.0.0.0, Culture=neutral, PublicKeyToken=b03f5f7f11d50a3a"><codeBase type="System.String">e:/projects/brownshoe/unit_tests/product/src/BrownShoe/Testing/UnitTests/bin/BrownShoe.UnitTests.DLL</codeBase><adapterTypeName type="System.String">Microsoft.VisualStudio.TestTools.TestTypes.Unit.UnitTestAdapter, Microsoft.VisualStudio.QualityTools.Tips.UnitTest.Adapter</adapterTypeName><testMethod type="Microsoft.VisualStudio.TestTools.TestTypes.Unit.TestMethod, Microsoft.VisualStudio.QualityTools.Tips.UnitTest.ObjectModel, Version=8.0.0.0, Culture=neutral, PublicKeyToken=b03f5f7f11d50a3a"><className type="System.String">BrownShoe.UnitTests.RetailApplicationCore.Validators.AddressValidatorTest, BrownShoe.UnitTests, Version=1.0.0.0, Culture=neutral, PublicKeyToken=null</className><name type="System.String">IsValidShippingAddressTest</name><expectedExceptionMessage type="System.String" /><isValid type="System.Boolean">False</isValid></testMethod><aspNetDevServers type="System.Collections.Generic.List`1[[Microsoft.VisualStudio.TestTools.Common.AspNetDevelopmentServer, Microsoft.VisualStudio.QualityTools.Common, Version=8.0.0.0, Culture=neutral, PublicKeyToken=b03f5f7f11d50a3a]]"><_size type="System.Int32">0</_size><_version type="System.Int32">0</_version></aspNetDevServers><dataAccessMethod type="Microsoft.VisualStudio.TestTools.UnitTesting.DataAccessMethod, Microsoft.VisualStudio.QualityTools.UnitTestFramework, Version=8.0.0.0, Culture=neutral, PublicKeyToken=b03f5f7f11d50a3a"><value__ type="System.Int32">0</value__></dataAccessMethod><cssProjectStructure type="System.String" /><isRunOnRestart type="System.Boolean">False</isRunOnRestart><timeOut type="System.Int32">0</timeOut><isGroupable type="System.Boolean">True</isGroupable><abortRunOnAgentFailure type="System.Boolean">False</abortRunOnAgentFailure><cssIteration type="System.String" /><workItemIds type="System.Collections.Generic.List`1[[System.Int32, mscorlib, Version=2.0.0.0, Culture=neutral, PublicKeyToken=b77a5c561934e089]]"><_size type="System.Int32">0</_size><_version type="System.Int32">1</_version></workItemIds><id type="Microsoft.VisualStudio.TestTools.Common.TestId"><id type="System.Guid">b0d52f36-7c27-092f-44d3-a296a9f18001</id></id><name type="System.String">IsValidShippingAddressTest</name><description type="System.String" /><enabled type="System.Boolean">True</enabled><owner type="System.String" /><priority type="System.Int32">0</priority><executionId type="Microsoft.VisualStudio.TestTools.Common.TestExecId"><id type="System.Guid">00000000-0000-0000-0000-000000000000</id></executionId><parentExecutId type="Microsoft.VisualStudio.TestTools.Common.TestExecId"><id type="System.Guid">00000000-0000-0000-0000-000000000000</id></parentExecutId><deploymentItems type="Microsoft.VisualStudio.TestTools.Common.DeploymentItemCollection" /><agentAttributes type="System.Collections.Specialized.StringDictionary, System, Version=2.0.0.0, Culture=neutral, PublicKeyToken=b77a5c561934e089" /><storage type="System.String">e:\projects\brownshoe\unit_tests\product\src\brownshoe\testing\unittests\bin\brownshoe.unittests.dll</storage><m_nonRunnableReason type="System.String" /></value><key type="Microsoft.VisualStudio.TestTools.Common.TestId"><id type="System.Guid">5a856387-6486-3be5-ef68-9aae9bdec064</id></key><value type="Microsoft.VisualStudio.TestTools.TestTypes.Unit.UnitTestElement, Microsoft.VisualStudio.QualityTools.Tips.UnitTest.ObjectModel, Version=8.0.0.0, Culture=neutral, PublicKeyToken=b03f5f7f11d50a3a"><codeBase type="System.String">e:/projects/brownshoe/unit_tests/product/src/BrownShoe/Testing/UnitTests/bin/BrownShoe.UnitTests.DLL</codeBase><adapterTypeName type="System.String">Microsoft.VisualStudio.TestTools.TestTypes.Unit.UnitTestAdapter, Microsoft.VisualStudio.QualityTools.Tips.UnitTest.Adapter</adapterTypeName><testMethod type="Microsoft.VisualStudio.TestTools.TestTypes.Unit.TestMethod, Microsoft.VisualStudio.QualityTools.Tips.UnitTest.ObjectModel, Version=8.0.0.0, Culture=neutral, PublicKeyToken=b03f5f7f11d50a3a"><className type="System.String">BrownShoe.UnitTests.Services.ContentManagement.CMTokenServiceTest, BrownShoe.UnitTests, Version=1.0.0.0, Culture=neutral, PublicKeyToken=null</className><name type="System.String">GetBDAdShopRightMargin3Test</name><expectedExceptionMessage type="System.String" /><isValid type="System.Boolean">False</isValid></testMethod><aspNetDevServers type="System.Collections.Generic.List`1[[Microsoft.VisualStudio.TestTools.Common.AspNetDevelopmentServer, Microsoft.VisualStudio.QualityTools.Common, Version=8.0.0.0, Culture=neutral, PublicKeyToken=b03f5f7f11d50a3a]]"><_size type="System.Int32">0</_size><_version type="System.Int32">0</_version></aspNetDevServers><dataAccessMethod type="Microsoft.VisualStudio.TestTools.UnitTesting.DataAccessMethod, Microsoft.VisualStudio.QualityTools.UnitTestFramework, Version=8.0.0.0, Culture=neutral, PublicKeyToken=b03f5f7f11d50a3a"><value__ type="System.Int32">0</value__></dataAccessMethod><cssProjectStructure type="System.String" /><isRunOnRestart type="System.Boolean">False</isRunOnRestart><timeOut type="System.Int32">0</timeOut><isGroupable type="System.Boolean">True</isGroupable><abortRunOnAgentFailure type="System.Boolean">False</abortRunOnAgentFailure><cssIteration type="System.String" /><workItemIds type="System.Collections.Generic.List`1[[System.Int32, mscorlib, Version=2.0.0.0, Culture=neutral, PublicKeyToken=b77a5c561934e089]]"><_size type="System.Int32">0</_size><_version type="System.Int32">1</_version></workItemIds><id type="Microsoft.VisualStudio.TestTools.Common.TestId"><id type="System.Guid">5a856387-6486-3be5-ef68-9aae9bdec064</id></id><name type="System.String">GetBDAdShopRightMargin3Test</name><description type="System.String" /><enabled type="System.Boolean">True</enabled><owner type="System.String" /><priority type="System.Int32">0</priority><executionId type="Microsoft.VisualStudio.TestTools.Common.TestExecId"><id type="System.Guid">00000000-0000-0000-0000-000000000000</id></executionId><parentExecutId type="Microsoft.VisualStudio.TestTools.Common.TestExecId"><id type="System.Guid">00000000-0000-0000-0000-000000000000</id></parentExecutId><deploymentItems type="Microsoft.VisualStudio.TestTools.Common.DeploymentItemCollection" /><agentAttributes type="System.Collections.Specialized.StringDictionary, System, Version=2.0.0.0, Culture=neutral, PublicKeyToken=b77a5c561934e089" /><storage type="System.String">e:\projects\brownshoe\unit_tests\product\src\brownshoe\testing\unittests\bin\brownshoe.unittests.dll</storage><m_nonRunnableReason type="System.String" /></value><key type="Microsoft.VisualStudio.TestTools.Common.TestId"><id type="System.Guid">365104b8-64d9-d2c1-6af5-37925e96873a</id></key><value type="Microsoft.VisualStudio.TestTools.TestTypes.Unit.UnitTestElement, Microsoft.VisualStudio.QualityTools.Tips.UnitTest.ObjectModel, Version=8.0.0.0, Culture=neutral, PublicKeyToken=b03f5f7f11d50a3a"><codeBase type="System.String">e:/projects/brownshoe/unit_tests/product/src/BrownShoe/Testing/UnitTests/bin/BrownShoe.UnitTests.DLL</codeBase><adapterTypeName type="System.String">Microsoft.VisualStudio.TestTools.TestTypes.Unit.UnitTestAdapter, Microsoft.VisualStudio.QualityTools.Tips.UnitTest.Adapter</adapterTypeName><testMethod type="Microsoft.VisualStudio.TestTools.TestTypes.Unit.TestMethod, Microsoft.VisualStudio.QualityTools.Tips.UnitTest.ObjectModel, Version=8.0.0.0, Culture=neutral, PublicKeyToken=b03f5f7f11d50a3a"><className type="System.String">BrownShoe.UnitTests.Services.MarketingAdmin.MarketingAdminServiceTest, BrownShoe.UnitTests, Version=1.0.0.0, Culture=neutral, PublicKeyToken=null</className><name type="System.String">UpdateGiftCertificatesTest</name><expectedExceptionMessage type="System.String" /><isValid type="System.Boolean">False</isValid></testMethod><aspNetDevServers type="System.Collections.Generic.List`1[[Microsoft.VisualStudio.TestTools.Common.AspNetDevelopmentServer, Microsoft.VisualStudio.QualityTools.Common, Version=8.0.0.0, Culture=neutral, PublicKeyToken=b03f5f7f11d50a3a]]"><_size type="System.Int32">0</_size><_version type="System.Int32">0</_version></aspNetDevServers><dataAccessMethod type="Microsoft.VisualStudio.TestTools.UnitTesting.DataAccessMethod, Microsoft.VisualStudio.QualityTools.UnitTestFramework, Version=8.0.0.0, Culture=neutral, PublicKeyToken=b03f5f7f11d50a3a"><value__ type="System.Int32">0</value__></dataAccessMethod><cssProjectStructure type="System.String" /><isRunOnRestart type="System.Boolean">False</isRunOnRestart><timeOut type="System.Int32">0</timeOut><isGroupable type="System.Boolean">True</isGroupable><abortRunOnAgentFailure type="System.Boolean">False</abortRunOnAgentFailure><cssIteration type="System.String" /><workItemIds type="System.Collections.Generic.List`1[[System.Int32, mscorlib, Version=2.0.0.0, Culture=neutral, PublicKeyToken=b77a5c561934e089]]"><_size type="System.Int32">0</_size><_version type="System.Int32">1</_version></workItemIds><id type="Microsoft.VisualStudio.TestTools.Common.TestId"><id type="System.Guid">365104b8-64d9-d2c1-6af5-37925e96873a</id></id><name type="System.String">UpdateGiftCertificatesTest</name><description type="System.String" /><enabled type="System.Boolean">True</enabled><owner type="System.String" /><priority type="System.Int32">0</priority><executionId type="Microsoft.VisualStudio.TestTools.Common.TestExecId"><id type="System.Guid">00000000-0000-0000-0000-000000000000</id></executionId><parentExecutId type="Microsoft.VisualStudio.TestTools.Common.TestExecId"><id type="System.Guid">00000000-0000-0000-0000-000000000000</id></parentExecutId><deploymentItems type="Microsoft.VisualStudio.TestTools.Common.DeploymentItemCollection" /><agentAttributes type="System.Collections.Specialized.StringDictionary, System, Version=2.0.0.0, Culture=neutral, PublicKeyToken=b77a5c561934e089" /><storage type="System.String">e:\projects\brownshoe\unit_tests\product\src\brownshoe\testing\unittests\bin\brownshoe.unittests.dll</storage><m_nonRunnableReason type="System.String" /></value><key type="Microsoft.VisualStudio.TestTools.Common.TestId"><id type="System.Guid">45a510b0-c976-e7f6-3601-f40ac0e94c2e</id></key><value type="Microsoft.VisualStudio.TestTools.TestTypes.Unit.UnitTestElement, Microsoft.VisualStudio.QualityTools.Tips.UnitTest.ObjectModel, Version=8.0.0.0, Culture=neutral, PublicKeyToken=b03f5f7f11d50a3a"><codeBase type="System.String">e:/projects/brownshoe/unit_tests/product/src/BrownShoe/Testing/UnitTests/bin/BrownShoe.UnitTests.DLL</codeBase><adapterTypeName type="System.String">Microsoft.VisualStudio.TestTools.TestTypes.Unit.UnitTestAdapter, Microsoft.VisualStudio.QualityTools.Tips.UnitTest.Adapter</adapterTypeName><testMethod type="Microsoft.VisualStudio.TestTools.TestTypes.Unit.TestMethod, Microsoft.VisualStudio.QualityTools.Tips.UnitTest.ObjectModel, Version=8.0.0.0, Culture=neutral, PublicKeyToken=b03f5f7f11d50a3a"><className type="System.String">BrownShoe.UnitTests.Services.Orders.CustomerOrderServiceTest, BrownShoe.UnitTests, Version=1.0.0.0, Culture=neutral, PublicKeyToken=null</className><name type="System.String">CancelOrderFamilyTest</name><expectedExceptionMessage type="System.String" /><isValid type="System.Boolean">False</isValid></testMethod><aspNetDevServers type="System.Collections.Generic.List`1[[Microsoft.VisualStudio.TestTools.Common.AspNetDevelopmentServer, Microsoft.VisualStudio.QualityTools.Common, Version=8.0.0.0, Culture=neutral, PublicKeyToken=b03f5f7f11d50a3a]]"><_size type="System.Int32">0</_size><_version type="System.Int32">0</_version></aspNetDevServers><dataAccessMethod type="Microsoft.VisualStudio.TestTools.UnitTesting.DataAccessMethod, Microsoft.VisualStudio.QualityTools.UnitTestFramework, Version=8.0.0.0, Culture=neutral, PublicKeyToken=b03f5f7f11d50a3a"><value__ type="System.Int32">0</value__></dataAccessMethod><cssProjectStructure type="System.String" /><isRunOnRestart type="System.Boolean">False</isRunOnRestart><timeOut type="System.Int32">0</timeOut><isGroupable type="System.Boolean">True</isGroupable><abortRunOnAgentFailure type="System.Boolean">False</abortRunOnAgentFailure><cssIteration type="System.String" /><workItemIds type="System.Collections.Generic.List`1[[System.Int32, mscorlib, Version=2.0.0.0, Culture=neutral, PublicKeyToken=b77a5c561934e089]]"><_size type="System.Int32">0</_size><_version type="System.Int32">1</_version></workItemIds><id type="Microsoft.VisualStudio.TestTools.Common.TestId"><id type="System.Guid">45a510b0-c976-e7f6-3601-f40ac0e94c2e</id></id><name type="System.String">CancelOrderFamilyTest</name><description type="System.String" /><enabled type="System.Boolean">True</enabled><owner type="System.String" /><priority type="System.Int32">0</priority><executionId type="Microsoft.VisualStudio.TestTools.Common.TestExecId"><id type="System.Guid">00000000-0000-0000-0000-000000000000</id></executionId><parentExecutId type="Microsoft.VisualStudio.TestTools.Common.TestExecId"><id type="System.Guid">00000000-0000-0000-0000-000000000000</id></parentExecutId><deploymentItems type="Microsoft.VisualStudio.TestTools.Common.DeploymentItemCollection" /><agentAttributes type="System.Collections.Specialized.StringDictionary, System, Version=2.0.0.0, Culture=neutral, PublicKeyToken=b77a5c561934e089" /><storage type="System.String">e:\projects\brownshoe\unit_tests\product\src\brownshoe\testing\unittests\bin\brownshoe.unittests.dll</storage><m_nonRunnableReason type="System.String" /></value><key type="Microsoft.VisualStudio.TestTools.Common.TestId"><id type="System.Guid">fffb4867-bd2d-f9a3-2ef6-169653b3ef2a</id></key><value type="Microsoft.VisualStudio.TestTools.TestTypes.Unit.UnitTestElement, Microsoft.VisualStudio.QualityTools.Tips.UnitTest.ObjectModel, Version=8.0.0.0, Culture=neutral, PublicKeyToken=b03f5f7f11d50a3a"><codeBase type="System.String">e:/projects/brownshoe/unit_tests/product/src/BrownShoe/Testing/UnitTests/bin/BrownShoe.UnitTests.DLL</codeBase><adapterTypeName type="System.String">Microsoft.VisualStudio.TestTools.TestTypes.Unit.UnitTestAdapter, Microsoft.VisualStudio.QualityTools.Tips.UnitTest.Adapter</adapterTypeName><testMethod type="Microsoft.VisualStudio.TestTools.TestTypes.Unit.TestMethod, Microsoft.VisualStudio.QualityTools.Tips.UnitTest.ObjectModel, Version=8.0.0.0, Culture=neutral, PublicKeyToken=b03f5f7f11d50a3a"><className type="System.String">BrownShoe.UnitTests.Services.DataAccess.MerchandiseReturnDBTest, BrownShoe.UnitTests, Version=1.0.0.0, Culture=neutral, PublicKeyToken=null</className><name type="System.String">UpdateReturnLabelAddressTest</name><expectedExceptionMessage type="System.String" /><isValid type="System.Boolean">False</isValid></testMethod><aspNetDevServers type="System.Collections.Generic.List`1[[Microsoft.VisualStudio.TestTools.Common.AspNetDevelopmentServer, Microsoft.VisualStudio.QualityTools.Common, Version=8.0.0.0, Culture=neutral, PublicKeyToken=b03f5f7f11d50a3a]]"><_size type="System.Int32">0</_size><_version type="System.Int32">0</_version></aspNetDevServers><dataAccessMethod type="Microsoft.VisualStudio.TestTools.UnitTesting.DataAccessMethod, Microsoft.VisualStudio.QualityTools.UnitTestFramework, Version=8.0.0.0, Culture=neutral, PublicKeyToken=b03f5f7f11d50a3a"><value__ type="System.Int32">0</value__></dataAccessMethod><cssProjectStructure type="System.String" /><isRunOnRestart type="System.Boolean">False</isRunOnRestart><timeOut type="System.Int32">0</timeOut><isGroupable type="System.Boolean">True</isGroupable><abortRunOnAgentFailure type="System.Boolean">False</abortRunOnAgentFailure><cssIteration type="System.String" /><workItemIds type="System.Collections.Generic.List`1[[System.Int32, mscorlib, Version=2.0.0.0, Culture=neutral, PublicKeyToken=b77a5c561934e089]]"><_size type="System.Int32">0</_size><_version type="System.Int32">1</_version></workItemIds><id type="Microsoft.VisualStudio.TestTools.Common.TestId"><id type="System.Guid">fffb4867-bd2d-f9a3-2ef6-169653b3ef2a</id></id><name type="System.String">UpdateReturnLabelAddressTest</name><description type="System.String" /><enabled type="System.Boolean">True</enabled><owner type="System.String" /><priority type="System.Int32">0</priority><executionId type="Microsoft.VisualStudio.TestTools.Common.TestExecId"><id type="System.Guid">00000000-0000-0000-0000-000000000000</id></executionId><parentExecutId type="Microsoft.VisualStudio.TestTools.Common.TestExecId"><id type="System.Guid">00000000-0000-0000-0000-000000000000</id></parentExecutId><deploymentItems type="Microsoft.VisualStudio.TestTools.Common.DeploymentItemCollection" /><agentAttributes type="System.Collections.Specialized.StringDictionary, System, Version=2.0.0.0, Culture=neutral, PublicKeyToken=b77a5c561934e089" /><storage type="System.String">e:\projects\brownshoe\unit_tests\product\src\brownshoe\testing\unittests\bin\brownshoe.unittests.dll</storage><m_nonRunnableReason type="System.String" /></value><key type="Microsoft.VisualStudio.TestTools.Common.TestId"><id type="System.Guid">cee26f22-639d-c20a-dbd5-fc9c2cd3106e</id></key><value type="Microsoft.VisualStudio.TestTools.TestTypes.Unit.UnitTestElement, Microsoft.VisualStudio.QualityTools.Tips.UnitTest.ObjectModel, Version=8.0.0.0, Culture=neutral, PublicKeyToken=b03f5f7f11d50a3a"><codeBase type="System.String">e:/projects/brownshoe/unit_tests/product/src/BrownShoe/Testing/UnitTests/bin/BrownShoe.UnitTests.DLL</codeBase><adapterTypeName type="System.String">Microsoft.VisualStudio.TestTools.TestTypes.Unit.UnitTestAdapter, Microsoft.VisualStudio.QualityTools.Tips.UnitTest.Adapter</adapterTypeName><testMethod type="Microsoft.VisualStudio.TestTools.TestTypes.Unit.TestMethod, Microsoft.VisualStudio.QualityTools.Tips.UnitTest.ObjectModel, Version=8.0.0.0, Culture=neutral, PublicKeyToken=b03f5f7f11d50a3a"><className type="System.String">BrownShoe.UnitTests.Services.Shopping.ShoppingCartServiceTest, BrownShoe.UnitTests, Version=1.0.0.0, Culture=neutral, PublicKeyToken=null</className><name type="System.String">MoveBasketItemsTest</name><expectedExceptionMessage type="System.String" /><isValid type="System.Boolean">False</isValid></testMethod><aspNetDevServers type="System.Collections.Generic.List`1[[Microsoft.VisualStudio.TestTools.Common.AspNetDevelopmentServer, Microsoft.VisualStudio.QualityTools.Common, Version=8.0.0.0, Culture=neutral, PublicKeyToken=b03f5f7f11d50a3a]]"><_size type="System.Int32">0</_size><_version type="System.Int32">0</_version></aspNetDevServers><dataAccessMethod type="Microsoft.VisualStudio.TestTools.UnitTesting.DataAccessMethod, Microsoft.VisualStudio.QualityTools.UnitTestFramework, Version=8.0.0.0, Culture=neutral, PublicKeyToken=b03f5f7f11d50a3a"><value__ type="System.Int32">0</value__></dataAccessMethod><cssProjectStructure type="System.String" /><isRunOnRestart type="System.Boolean">False</isRunOnRestart><timeOut type="System.Int32">0</timeOut><isGroupable type="System.Boolean">True</isGroupable><abortRunOnAgentFailure type="System.Boolean">False</abortRunOnAgentFailure><cssIteration type="System.String" /><workItemIds type="System.Collections.Generic.List`1[[System.Int32, mscorlib, Version=2.0.0.0, Culture=neutral, PublicKeyToken=b77a5c561934e089]]"><_size type="System.Int32">0</_size><_version type="System.Int32">1</_version></workItemIds><id type="Microsoft.VisualStudio.TestTools.Common.TestId"><id type="System.Guid">cee26f22-639d-c20a-dbd5-fc9c2cd3106e</id></id><name type="System.String">MoveBasketItemsTest</name><description type="System.String" /><enabled type="System.Boolean">True</enabled><owner type="System.String" /><priority type="System.Int32">0</priority><executionId type="Microsoft.VisualStudio.TestTools.Common.TestExecId"><id type="System.Guid">00000000-0000-0000-0000-000000000000</id></executionId><parentExecutId type="Microsoft.VisualStudio.TestTools.Common.TestExecId"><id type="System.Guid">00000000-0000-0000-0000-000000000000</id></parentExecutId><deploymentItems type="Microsoft.VisualStudio.TestTools.Common.DeploymentItemCollection" /><agentAttributes type="System.Collections.Specialized.StringDictionary, System, Version=2.0.0.0, Culture=neutral, PublicKeyToken=b77a5c561934e089" /><storage type="System.String">e:\projects\brownshoe\unit_tests\product\src\brownshoe\testing\unittests\bin\brownshoe.unittests.dll</storage><m_nonRunnableReason type="System.String" /></value><key type="Microsoft.VisualStudio.TestTools.Common.TestId"><id type="System.Guid">926e908e-06db-5ceb-9ab7-eda6ecf7e273</id></key><value type="Microsoft.VisualStudio.TestTools.TestTypes.Unit.UnitTestElement, Microsoft.VisualStudio.QualityTools.Tips.UnitTest.ObjectModel, Version=8.0.0.0, Culture=neutral, PublicKeyToken=b03f5f7f11d50a3a"><codeBase type="System.String">e:/projects/brownshoe/unit_tests/product/src/BrownShoe/Testing/UnitTests/bin/BrownShoe.UnitTests.DLL</codeBase><adapterTypeName type="System.String">Microsoft.VisualStudio.TestTools.TestTypes.Unit.UnitTestAdapter, Microsoft.VisualStudio.QualityTools.Tips.UnitTest.Adapter</adapterTypeName><testMethod type="Microsoft.VisualStudio.TestTools.TestTypes.Unit.TestMethod, Microsoft.VisualStudio.QualityTools.Tips.UnitTest.ObjectModel, Version=8.0.0.0, Culture=neutral, PublicKeyToken=b03f5f7f11d50a3a"><className type="System.String">BrownShoe.UnitTests.Services.Email.EmailEnrollmentServiceTest, BrownShoe.UnitTests, Version=1.0.0.0, Culture=neutral, PublicKeyToken=null</className><name type="System.String">CreateTest</name><expectedExceptionMessage type="System.String" /><isValid type="System.Boolean">False</isValid></testMethod><aspNetDevServers type="System.Collections.Generic.List`1[[Microsoft.VisualStudio.TestTools.Common.AspNetDevelopmentServer, Microsoft.VisualStudio.QualityTools.Common, Version=8.0.0.0, Culture=neutral, PublicKeyToken=b03f5f7f11d50a3a]]"><_size type="System.Int32">0</_size><_version type="System.Int32">0</_version></aspNetDevServers><dataAccessMethod type="Microsoft.VisualStudio.TestTools.UnitTesting.DataAccessMethod, Microsoft.VisualStudio.QualityTools.UnitTestFramework, Version=8.0.0.0, Culture=neutral, PublicKeyToken=b03f5f7f11d50a3a"><value__ type="System.Int32">0</value__></dataAccessMethod><cssProjectStructure type="System.String" /><isRunOnRestart type="System.Boolean">False</isRunOnRestart><timeOut type="System.Int32">0</timeOut><isGroupable type="System.Boolean">True</isGroupable><abortRunOnAgentFailure type="System.Boolean">False</abortRunOnAgentFailure><cssIteration type="System.String" /><workItemIds type="System.Collections.Generic.List`1[[System.Int32, mscorlib, Version=2.0.0.0, Culture=neutral, PublicKeyToken=b77a5c561934e089]]"><_size type="System.Int32">0</_size><_version type="System.Int32">1</_version></workItemIds><id type="Microsoft.VisualStudio.TestTools.Common.TestId"><id type="System.Guid">926e908e-06db-5ceb-9ab7-eda6ecf7e273</id></id><name type="System.String">CreateTest</name><description type="System.String" /><enabled type="System.Boolean">True</enabled><owner type="System.String" /><priority type="System.Int32">0</priority><executionId type="Microsoft.VisualStudio.TestTools.Common.TestExecId"><id type="System.Guid">00000000-0000-0000-0000-000000000000</id></executionId><parentExecutId type="Microsoft.VisualStudio.TestTools.Common.TestExecId"><id type="System.Guid">00000000-0000-0000-0000-000000000000</id></parentExecutId><deploymentItems type="Microsoft.VisualStudio.TestTools.Common.DeploymentItemCollection" /><agentAttributes type="System.Collections.Specialized.StringDictionary, System, Version=2.0.0.0, Culture=neutral, PublicKeyToken=b77a5c561934e089" /><storage type="System.String">e:\projects\brownshoe\unit_tests\product\src\brownshoe\testing\unittests\bin\brownshoe.unittests.dll</storage><m_nonRunnableReason type="System.String" /></value><key type="Microsoft.VisualStudio.TestTools.Common.TestId"><id type="System.Guid">427bf6a6-f9b0-7480-87ba-712fe8d6b02c</id></key><value type="Microsoft.VisualStudio.TestTools.TestTypes.Unit.UnitTestElement, Microsoft.VisualStudio.QualityTools.Tips.UnitTest.ObjectModel, Version=8.0.0.0, Culture=neutral, PublicKeyToken=b03f5f7f11d50a3a"><codeBase type="System.String">e:/projects/brownshoe/unit_tests/product/src/BrownShoe/Testing/UnitTests/bin/BrownShoe.UnitTests.DLL</codeBase><adapterTypeName type="System.String">Microsoft.VisualStudio.TestTools.TestTypes.Unit.UnitTestAdapter, Microsoft.VisualStudio.QualityTools.Tips.UnitTest.Adapter</adapterTypeName><testMethod type="Microsoft.VisualStudio.TestTools.TestTypes.Unit.TestMethod, Microsoft.VisualStudio.QualityTools.Tips.UnitTest.ObjectModel, Version=8.0.0.0, Culture=neutral, PublicKeyToken=b03f5f7f11d50a3a"><className type="System.String">BrownShoe.UnitTests.Services.Orders.CustomerOrderServiceTest, BrownShoe.UnitTests, Version=1.0.0.0, Culture=neutral, PublicKeyToken=null</className><name type="System.String">AssignMultipleTest</name><expectedExceptionMessage type="System.String" /><isValid type="System.Boolean">False</isValid></testMethod><aspNetDevServers type="System.Collections.Generic.List`1[[Microsoft.VisualStudio.TestTools.Common.AspNetDevelopmentServer, Microsoft.VisualStudio.QualityTools.Common, Version=8.0.0.0, Culture=neutral, PublicKeyToken=b03f5f7f11d50a3a]]"><_size type="System.Int32">0</_size><_version type="System.Int32">0</_version></aspNetDevServers><dataAccessMethod type="Microsoft.VisualStudio.TestTools.UnitTesting.DataAccessMethod, Microsoft.VisualStudio.QualityTools.UnitTestFramework, Version=8.0.0.0, Culture=neutral, PublicKeyToken=b03f5f7f11d50a3a"><value__ type="System.Int32">0</value__></dataAccessMethod><cssProjectStructure type="System.String" /><isRunOnRestart type="System.Boolean">False</isRunOnRestart><timeOut type="System.Int32">0</timeOut><isGroupable type="System.Boolean">True</isGroupable><abortRunOnAgentFailure type="System.Boolean">False</abortRunOnAgentFailure><cssIteration type="System.String" /><workItemIds type="System.Collections.Generic.List`1[[System.Int32, mscorlib, Version=2.0.0.0, Culture=neutral, PublicKeyToken=b77a5c561934e089]]"><_size type="System.Int32">0</_size><_version type="System.Int32">1</_version></workItemIds><id type="Microsoft.VisualStudio.TestTools.Common.TestId"><id type="System.Guid">427bf6a6-f9b0-7480-87ba-712fe8d6b02c</id></id><name type="System.String">AssignMultipleTest</name><description type="System.String" /><enabled type="System.Boolean">True</enabled><owner type="System.String" /><priority type="System.Int32">0</priority><executionId type="Microsoft.VisualStudio.TestTools.Common.TestExecId"><id type="System.Guid">00000000-0000-0000-0000-000000000000</id></executionId><parentExecutId type="Microsoft.VisualStudio.TestTools.Common.TestExecId"><id type="System.Guid">00000000-0000-0000-0000-000000000000</id></parentExecutId><deploymentItems type="Microsoft.VisualStudio.TestTools.Common.DeploymentItemCollection" /><agentAttributes type="System.Collections.Specialized.StringDictionary, System, Version=2.0.0.0, Culture=neutral, PublicKeyToken=b77a5c561934e089" /><storage type="System.String">e:\projects\brownshoe\unit_tests\product\src\brownshoe\testing\unittests\bin\brownshoe.unittests.dll</storage><m_nonRunnableReason type="System.String" /></value><key type="Microsoft.VisualStudio.TestTools.Common.TestId"><id type="System.Guid">6365ea37-5d29-50b8-5ca1-5ac13c4708bb</id></key><value type="Microsoft.VisualStudio.TestTools.TestTypes.Unit.UnitTestElement, Microsoft.VisualStudio.QualityTools.Tips.UnitTest.ObjectModel, Version=8.0.0.0, Culture=neutral, PublicKeyToken=b03f5f7f11d50a3a"><codeBase type="System.String">e:/projects/brownshoe/unit_tests/product/src/BrownShoe/Testing/UnitTests/bin/BrownShoe.UnitTests.DLL</codeBase><adapterTypeName type="System.String">Microsoft.VisualStudio.TestTools.TestTypes.Unit.UnitTestAdapter, Microsoft.VisualStudio.QualityTools.Tips.UnitTest.Adapter</adapterTypeName><testMethod type="Microsoft.VisualStudio.TestTools.TestTypes.Unit.TestMethod, Microsoft.VisualStudio.QualityTools.Tips.UnitTest.ObjectModel, Version=8.0.0.0, Culture=neutral, PublicKeyToken=b03f5f7f11d50a3a"><className type="System.String">BrownShoe.UnitTests.Services.Orders.CustomerOrderServiceTest, BrownShoe.UnitTests, Version=1.0.0.0, Culture=neutral, PublicKeyToken=null</className><name type="System.String">InsertEbagsReturnItemTest</name><expectedExceptionMessage type="System.String" /><isValid type="System.Boolean">False</isValid></testMethod><aspNetDevServers type="System.Collections.Generic.List`1[[Microsoft.VisualStudio.TestTools.Common.AspNetDevelopmentServer, Microsoft.VisualStudio.QualityTools.Common, Version=8.0.0.0, Culture=neutral, PublicKeyToken=b03f5f7f11d50a3a]]"><_size type="System.Int32">0</_size><_version type="System.Int32">0</_version></aspNetDevServers><dataAccessMethod type="Microsoft.VisualStudio.TestTools.UnitTesting.DataAccessMethod, Microsoft.VisualStudio.QualityTools.UnitTestFramework, Version=8.0.0.0, Culture=neutral, PublicKeyToken=b03f5f7f11d50a3a"><value__ type="System.Int32">0</value__></dataAccessMethod><cssProjectStructure type="System.String" /><isRunOnRestart type="System.Boolean">False</isRunOnRestart><timeOut type="System.Int32">0</timeOut><isGroupable type="System.Boolean">True</isGroupable><abortRunOnAgentFailure type="System.Boolean">False</abortRunOnAgentFailure><cssIteration type="System.String" /><workItemIds type="System.Collections.Generic.List`1[[System.Int32, mscorlib, Version=2.0.0.0, Culture=neutral, PublicKeyToken=b77a5c561934e089]]"><_size type="System.Int32">0</_size><_version type="System.Int32">1</_version></workItemIds><id type="Microsoft.VisualStudio.TestTools.Common.TestId"><id type="System.Guid">6365ea37-5d29-50b8-5ca1-5ac13c4708bb</id></id><name type="System.String">InsertEbagsReturnItemTest</name><description type="System.String" /><enabled type="System.Boolean">True</enabled><owner type="System.String" /><priority type="System.Int32">0</priority><executionId type="Microsoft.VisualStudio.TestTools.Common.TestExecId"><id type="System.Guid">00000000-0000-0000-0000-000000000000</id></executionId><parentExecutId type="Microsoft.VisualStudio.TestTools.Common.TestExecId"><id type="System.Guid">00000000-0000-0000-0000-000000000000</id></parentExecutId><deploymentItems type="Microsoft.VisualStudio.TestTools.Common.DeploymentItemCollection" /><agentAttributes type="System.Collections.Specialized.StringDictionary, System, Version=2.0.0.0, Culture=neutral, PublicKeyToken=b77a5c561934e089" /><storage type="System.String">e:\projects\brownshoe\unit_tests\product\src\brownshoe\testing\unittests\bin\brownshoe.unittests.dll</storage><m_nonRunnableReason type="System.String" /></value><key type="Microsoft.VisualStudio.TestTools.Common.TestId"><id type="System.Guid">815528ed-2cd3-ccec-afac-4f6e8f5f83f7</id></key><value type="Microsoft.VisualStudio.TestTools.TestTypes.Unit.UnitTestElement, Microsoft.VisualStudio.QualityTools.Tips.UnitTest.ObjectModel, Version=8.0.0.0, Culture=neutral, PublicKeyToken=b03f5f7f11d50a3a"><codeBase type="System.String">e:/projects/brownshoe/unit_tests/product/src/BrownShoe/Testing/UnitTests/bin/BrownShoe.UnitTests.DLL</codeBase><adapterTypeName type="System.String">Microsoft.VisualStudio.TestTools.TestTypes.Unit.UnitTestAdapter, Microsoft.VisualStudio.QualityTools.Tips.UnitTest.Adapter</adapterTypeName><testMethod type="Microsoft.VisualStudio.TestTools.TestTypes.Unit.TestMethod, Microsoft.VisualStudio.QualityTools.Tips.UnitTest.ObjectModel, Version=8.0.0.0, Culture=neutral, PublicKeyToken=b03f5f7f11d50a3a"><className type="System.String">BrownShoe.UnitTests.RetailApplicationCore.Checkout.CheckoutConfigHelperTest, BrownShoe.UnitTests, Version=1.0.0.0, Culture=neutral, PublicKeyToken=null</className><name type="System.String">ListOverrideShippingMethodsTest</name><expectedExceptionMessage type="System.String" /><isValid type="System.Boolean">False</isValid></testMethod><aspNetDevServers type="System.Collections.Generic.List`1[[Microsoft.VisualStudio.TestTools.Common.AspNetDevelopmentServer, Microsoft.VisualStudio.QualityTools.Common, Version=8.0.0.0, Culture=neutral, PublicKeyToken=b03f5f7f11d50a3a]]"><_size type="System.Int32">0</_size><_version type="System.Int32">0</_version></aspNetDevServers><dataAccessMethod type="Microsoft.VisualStudio.TestTools.UnitTesting.DataAccessMethod, Microsoft.VisualStudio.QualityTools.UnitTestFramework, Version=8.0.0.0, Culture=neutral, PublicKeyToken=b03f5f7f11d50a3a"><value__ type="System.Int32">0</value__></dataAccessMethod><cssProjectStructure type="System.String" /><isRunOnRestart type="System.Boolean">False</isRunOnRestart><timeOut type="System.Int32">0</timeOut><isGroupable type="System.Boolean">True</isGroupable><abortRunOnAgentFailure type="System.Boolean">False</abortRunOnAgentFailure><cssIteration type="System.String" /><workItemIds type="System.Collections.Generic.List`1[[System.Int32, mscorlib, Version=2.0.0.0, Culture=neutral, PublicKeyToken=b77a5c561934e089]]"><_size type="System.Int32">0</_size><_version type="System.Int32">1</_version></workItemIds><id type="Microsoft.VisualStudio.TestTools.Common.TestId"><id type="System.Guid">815528ed-2cd3-ccec-afac-4f6e8f5f83f7</id></id><name type="System.String">ListOverrideShippingMethodsTest</name><description type="System.String" /><enabled type="System.Boolean">True</enabled><owner type="System.String" /><priority type="System.Int32">0</priority><executionId type="Microsoft.VisualStudio.TestTools.Common.TestExecId"><id type="System.Guid">00000000-0000-0000-0000-000000000000</id></executionId><parentExecutId type="Microsoft.VisualStudio.TestTools.Common.TestExecId"><id type="System.Guid">00000000-0000-0000-0000-000000000000</id></parentExecutId><deploymentItems type="Microsoft.VisualStudio.TestTools.Common.DeploymentItemCollection" /><agentAttributes type="System.Collections.Specialized.StringDictionary, System, Version=2.0.0.0, Culture=neutral, PublicKeyToken=b77a5c561934e089" /><storage type="System.String">e:\projects\brownshoe\unit_tests\product\src\brownshoe\testing\unittests\bin\brownshoe.unittests.dll</storage><m_nonRunnableReason type="System.String" /></value><key type="Microsoft.VisualStudio.TestTools.Common.TestId"><id type="System.Guid">1ef977b8-9f11-a44f-6fc6-fa35a38c1b84</id></key><value type="Microsoft.VisualStudio.TestTools.TestTypes.Unit.UnitTestElement, Microsoft.VisualStudio.QualityTools.Tips.UnitTest.ObjectModel, Version=8.0.0.0, Culture=neutral, PublicKeyToken=b03f5f7f11d50a3a"><codeBase type="System.String">e:/projects/brownshoe/unit_tests/product/src/BrownShoe/Testing/UnitTests/bin/BrownShoe.UnitTests.DLL</codeBase><adapterTypeName type="System.String">Microsoft.VisualStudio.TestTools.TestTypes.Unit.UnitTestAdapter, Microsoft.VisualStudio.QualityTools.Tips.UnitTest.Adapter</adapterTypeName><testMethod type="Microsoft.VisualStudio.TestTools.TestTypes.Unit.TestMethod, Microsoft.VisualStudio.QualityTools.Tips.UnitTest.ObjectModel, Version=8.0.0.0, Culture=neutral, PublicKeyToken=b03f5f7f11d50a3a"><className type="System.String">BrownShoe.UnitTests.Services.DataAccess.EDI_InvoiceDBTest, BrownShoe.UnitTests, Version=1.0.0.0, Culture=neutral, PublicKeyToken=null</className><name type="System.String">ValidDatesTest</name><expectedExceptionMessage type="System.String" /><isValid type="System.Boolean">False</isValid></testMethod><aspNetDevServers type="System.Collections.Generic.List`1[[Microsoft.VisualStudio.TestTools.Common.AspNetDevelopmentServer, Microsoft.VisualStudio.QualityTools.Common, Version=8.0.0.0, Culture=neutral, PublicKeyToken=b03f5f7f11d50a3a]]"><_size type="System.Int32">0</_size><_version type="System.Int32">0</_version></aspNetDevServers><dataAccessMethod type="Microsoft.VisualStudio.TestTools.UnitTesting.DataAccessMethod, Microsoft.VisualStudio.QualityTools.UnitTestFramework, Version=8.0.0.0, Culture=neutral, PublicKeyToken=b03f5f7f11d50a3a"><value__ type="System.Int32">0</value__></dataAccessMethod><cssProjectStructure type="System.String" /><isRunOnRestart type="System.Boolean">False</isRunOnRestart><timeOut type="System.Int32">0</timeOut><isGroupable type="System.Boolean">True</isGroupable><abortRunOnAgentFailure type="System.Boolean">False</abortRunOnAgentFailure><cssIteration type="System.String" /><workItemIds type="System.Collections.Generic.List`1[[System.Int32, mscorlib, Version=2.0.0.0, Culture=neutral, PublicKeyToken=b77a5c561934e089]]"><_size type="System.Int32">0</_size><_version type="System.Int32">1</_version></workItemIds><id type="Microsoft.VisualStudio.TestTools.Common.TestId"><id type="System.Guid">1ef977b8-9f11-a44f-6fc6-fa35a38c1b84</id></id><name type="System.String">ValidDatesTest</name><description type="System.String" /><enabled type="System.Boolean">True</enabled><owner type="System.String" /><priority type="System.Int32">0</priority><executionId type="Microsoft.VisualStudio.TestTools.Common.TestExecId"><id type="System.Guid">00000000-0000-0000-0000-000000000000</id></executionId><parentExecutId type="Microsoft.VisualStudio.TestTools.Common.TestExecId"><id type="System.Guid">00000000-0000-0000-0000-000000000000</id></parentExecutId><deploymentItems type="Microsoft.VisualStudio.TestTools.Common.DeploymentItemCollection" /><agentAttributes type="System.Collections.Specialized.StringDictionary, System, Version=2.0.0.0, Culture=neutral, PublicKeyToken=b77a5c561934e089" /><storage type="System.String">e:\projects\brownshoe\unit_tests\product\src\brownshoe\testing\unittests\bin\brownshoe.unittests.dll</storage><m_nonRunnableReason type="System.String" /></value><key type="Microsoft.VisualStudio.TestTools.Common.TestId"><id type="System.Guid">7f2373cd-fdc1-f225-6eef-8dc4f785dae3</id></key><value type="Microsoft.VisualStudio.TestTools.TestTypes.Unit.UnitTestElement, Microsoft.VisualStudio.QualityTools.Tips.UnitTest.ObjectModel, Version=8.0.0.0, Culture=neutral, PublicKeyToken=b03f5f7f11d50a3a"><codeBase type="System.String">e:/projects/brownshoe/unit_tests/product/src/BrownShoe/Testing/UnitTests/bin/BrownShoe.UnitTests.DLL</codeBase><adapterTypeName type="System.String">Microsoft.VisualStudio.TestTools.TestTypes.Unit.UnitTestAdapter, Microsoft.VisualStudio.QualityTools.Tips.UnitTest.Adapter</adapterTypeName><testMethod type="Microsoft.VisualStudio.TestTools.TestTypes.Unit.TestMethod, Microsoft.VisualStudio.QualityTools.Tips.UnitTest.ObjectModel, Version=8.0.0.0, Culture=neutral, PublicKeyToken=b03f5f7f11d50a3a"><className type="System.String">BrownShoe.UnitTests.Services.Orders.AddressValidationServiceTest, BrownShoe.UnitTests, Version=1.0.0.0, Culture=neutral, PublicKeyToken=null</className><name type="System.String">ValidateAddressTest</name><expectedExceptionMessage type="System.String" /><isValid type="System.Boolean">False</isValid></testMethod><aspNetDevServers type="System.Collections.Generic.List`1[[Microsoft.VisualStudio.TestTools.Common.AspNetDevelopmentServer, Microsoft.VisualStudio.QualityTools.Common, Version=8.0.0.0, Culture=neutral, PublicKeyToken=b03f5f7f11d50a3a]]"><_size type="System.Int32">0</_size><_version type="System.Int32">0</_version></aspNetDevServers><dataAccessMethod type="Microsoft.VisualStudio.TestTools.UnitTesting.DataAccessMethod, Microsoft.VisualStudio.QualityTools.UnitTestFramework, Version=8.0.0.0, Culture=neutral, PublicKeyToken=b03f5f7f11d50a3a"><value__ type="System.Int32">0</value__></dataAccessMethod><cssProjectStructure type="System.String" /><isRunOnRestart type="System.Boolean">False</isRunOnRestart><timeOut type="System.Int32">0</timeOut><isGroupable type="System.Boolean">True</isGroupable><abortRunOnAgentFailure type="System.Boolean">False</abortRunOnAgentFailure><cssIteration type="System.String" /><workItemIds type="System.Collections.Generic.List`1[[System.Int32, mscorlib, Version=2.0.0.0, Culture=neutral, PublicKeyToken=b77a5c561934e089]]"><_size type="System.Int32">0</_size><_version type="System.Int32">1</_version></workItemIds><id type="Microsoft.VisualStudio.TestTools.Common.TestId"><id type="System.Guid">7f2373cd-fdc1-f225-6eef-8dc4f785dae3</id></id><name type="System.String">ValidateAddressTest</name><description type="System.String" /><enabled type="System.Boolean">True</enabled><owner type="System.String" /><priority type="System.Int32">0</priority><executionId type="Microsoft.VisualStudio.TestTools.Common.TestExecId"><id type="System.Guid">00000000-0000-0000-0000-000000000000</id></executionId><parentExecutId type="Microsoft.VisualStudio.TestTools.Common.TestExecId"><id type="System.Guid">00000000-0000-0000-0000-000000000000</id></parentExecutId><deploymentItems type="Microsoft.VisualStudio.TestTools.Common.DeploymentItemCollection" /><agentAttributes type="System.Collections.Specialized.StringDictionary, System, Version=2.0.0.0, Culture=neutral, PublicKeyToken=b77a5c561934e089" /><storage type="System.String">e:\projects\brownshoe\unit_tests\product\src\brownshoe\testing\unittests\bin\brownshoe.unittests.dll</storage><m_nonRunnableReason type="System.String" /></value><key type="Microsoft.VisualStudio.TestTools.Common.TestId"><id type="System.Guid">bfaf040f-e110-7f9b-3438-04fe179adb10</id></key><value type="Microsoft.VisualStudio.TestTools.TestTypes.Unit.UnitTestElement, Microsoft.VisualStudio.QualityTools.Tips.UnitTest.ObjectModel, Version=8.0.0.0, Culture=neutral, PublicKeyToken=b03f5f7f11d50a3a"><codeBase type="System.String">e:/projects/brownshoe/unit_tests/product/src/BrownShoe/Testing/UnitTests/bin/BrownShoe.UnitTests.DLL</codeBase><adapterTypeName type="System.String">Microsoft.VisualStudio.TestTools.TestTypes.Unit.UnitTestAdapter, Microsoft.VisualStudio.QualityTools.Tips.UnitTest.Adapter</adapterTypeName><testMethod type="Microsoft.VisualStudio.TestTools.TestTypes.Unit.TestMethod, Microsoft.VisualStudio.QualityTools.Tips.UnitTest.ObjectModel, Version=8.0.0.0, Culture=neutral, PublicKeyToken=b03f5f7f11d50a3a"><className type="System.String">BrownShoe.UnitTests.Services.Orders.CustomerOrderServiceTest, BrownShoe.UnitTests, Version=1.0.0.0, Culture=neutral, PublicKeyToken=null</className><name type="System.String">InsertUPSImageToReturnTest</name><expectedExceptionMessage type="System.String" /><isValid type="System.Boolean">False</isValid></testMethod><aspNetDevServers type="System.Collections.Generic.List`1[[Microsoft.VisualStudio.TestTools.Common.AspNetDevelopmentServer, Microsoft.VisualStudio.QualityTools.Common, Version=8.0.0.0, Culture=neutral, PublicKeyToken=b03f5f7f11d50a3a]]"><_size type="System.Int32">0</_size><_version type="System.Int32">0</_version></aspNetDevServers><dataAccessMethod type="Microsoft.VisualStudio.TestTools.UnitTesting.DataAccessMethod, Microsoft.VisualStudio.QualityTools.UnitTestFramework, Version=8.0.0.0, Culture=neutral, PublicKeyToken=b03f5f7f11d50a3a"><value__ type="System.Int32">0</value__></dataAccessMethod><cssProjectStructure type="System.String" /><isRunOnRestart type="System.Boolean">False</isRunOnRestart><timeOut type="System.Int32">0</timeOut><isGroupable type="System.Boolean">True</isGroupable><abortRunOnAgentFailure type="System.Boolean">False</abortRunOnAgentFailure><cssIteration type="System.String" /><workItemIds type="System.Collections.Generic.List`1[[System.Int32, mscorlib, Version=2.0.0.0, Culture=neutral, PublicKeyToken=b77a5c561934e089]]"><_size type="System.Int32">0</_size><_version type="System.Int32">1</_version></workItemIds><id type="Microsoft.VisualStudio.TestTools.Common.TestId"><id type="System.Guid">bfaf040f-e110-7f9b-3438-04fe179adb10</id></id><name type="System.String">InsertUPSImageToReturnTest</name><description type="System.String" /><enabled type="System.Boolean">True</enabled><owner type="System.String" /><priority type="System.Int32">0</priority><executionId type="Microsoft.VisualStudio.TestTools.Common.TestExecId"><id type="System.Guid">00000000-0000-0000-0000-000000000000</id></executionId><parentExecutId type="Microsoft.VisualStudio.TestTools.Common.TestExecId"><id type="System.Guid">00000000-0000-0000-0000-000000000000</id></parentExecutId><deploymentItems type="Microsoft.VisualStudio.TestTools.Common.DeploymentItemCollection" /><agentAttributes type="System.Collections.Specialized.StringDictionary, System, Version=2.0.0.0, Culture=neutral, PublicKeyToken=b77a5c561934e089" /><storage type="System.String">e:\projects\brownshoe\unit_tests\product\src\brownshoe\testing\unittests\bin\brownshoe.unittests.dll</storage><m_nonRunnableReason type="System.String" /></value><key type="Microsoft.VisualStudio.TestTools.Common.TestId"><id type="System.Guid">b6dfe85e-91ea-ff25-d833-757ab699057e</id></key><value type="Microsoft.VisualStudio.TestTools.TestTypes.Unit.UnitTestElement, Microsoft.VisualStudio.QualityTools.Tips.UnitTest.ObjectModel, Version=8.0.0.0, Culture=neutral, PublicKeyToken=b03f5f7f11d50a3a"><codeBase type="System.String">e:/projects/brownshoe/unit_tests/product/src/BrownShoe/Testing/UnitTests/bin/BrownShoe.UnitTests.DLL</codeBase><adapterTypeName type="System.String">Microsoft.VisualStudio.TestTools.TestTypes.Unit.UnitTestAdapter, Microsoft.VisualStudio.QualityTools.Tips.UnitTest.Adapter</adapterTypeName><testMethod type="Microsoft.VisualStudio.TestTools.TestTypes.Unit.TestMethod, Microsoft.VisualStudio.QualityTools.Tips.UnitTest.ObjectModel, Version=8.0.0.0, Culture=neutral, PublicKeyToken=b03f5f7f11d50a3a"><className type="System.String">BrownShoe.UnitTests.Services.Shopping.ShoppingCartServiceTest, BrownShoe.UnitTests, Version=1.0.0.0, Culture=neutral, PublicKeyToken=null</className><name type="System.String">CalculateBasketSubTotalTest</name><expectedExceptionMessage type="System.String" /><isValid type="System.Boolean">False</isValid></testMethod><aspNetDevServers type="System.Collections.Generic.List`1[[Microsoft.VisualStudio.TestTools.Common.AspNetDevelopmentServer, Microsoft.VisualStudio.QualityTools.Common, Version=8.0.0.0, Culture=neutral, PublicKeyToken=b03f5f7f11d50a3a]]"><_size type="System.Int32">0</_size><_version type="System.Int32">0</_version></aspNetDevServers><dataAccessMethod type="Microsoft.VisualStudio.TestTools.UnitTesting.DataAccessMethod, Microsoft.VisualStudio.QualityTools.UnitTestFramework, Version=8.0.0.0, Culture=neutral, PublicKeyToken=b03f5f7f11d50a3a"><value__ type="System.Int32">0</value__></dataAccessMethod><cssProjectStructure type="System.String" /><isRunOnRestart type="System.Boolean">False</isRunOnRestart><timeOut type="System.Int32">0</timeOut><isGroupable type="System.Boolean">True</isGroupable><abortRunOnAgentFailure type="System.Boolean">False</abortRunOnAgentFailure><cssIteration type="System.String" /><workItemIds type="System.Collections.Generic.List`1[[System.Int32, mscorlib, Version=2.0.0.0, Culture=neutral, PublicKeyToken=b77a5c561934e089]]"><_size type="System.Int32">0</_size><_version type="System.Int32">1</_version></workItemIds><id type="Microsoft.VisualStudio.TestTools.Common.TestId"><id type="System.Guid">b6dfe85e-91ea-ff25-d833-757ab699057e</id></id><name type="System.String">CalculateBasketSubTotalTest</name><description type="System.String" /><enabled type="System.Boolean">True</enabled><owner type="System.String" /><priority type="System.Int32">0</priority><executionId type="Microsoft.VisualStudio.TestTools.Common.TestExecId"><id type="System.Guid">00000000-0000-0000-0000-000000000000</id></executionId><parentExecutId type="Microsoft.VisualStudio.TestTools.Common.TestExecId"><id type="System.Guid">00000000-0000-0000-0000-000000000000</id></parentExecutId><deploymentItems type="Microsoft.VisualStudio.TestTools.Common.DeploymentItemCollection" /><agentAttributes type="System.Collections.Specialized.StringDictionary, System, Version=2.0.0.0, Culture=neutral, PublicKeyToken=b77a5c561934e089" /><storage type="System.String">e:\projects\brownshoe\unit_tests\product\src\brownshoe\testing\unittests\bin\brownshoe.unittests.dll</storage><m_nonRunnableReason type="System.String" /></value><key type="Microsoft.VisualStudio.TestTools.Common.TestId"><id type="System.Guid">f650c211-3042-109a-3240-b6d4db0af677</id></key><value type="Microsoft.VisualStudio.TestTools.TestTypes.Unit.UnitTestElement, Microsoft.VisualStudio.QualityTools.Tips.UnitTest.ObjectModel, Version=8.0.0.0, Culture=neutral, PublicKeyToken=b03f5f7f11d50a3a"><codeBase type="System.String">e:/projects/brownshoe/unit_tests/product/src/BrownShoe/Testing/UnitTests/bin/BrownShoe.UnitTests.DLL</codeBase><adapterTypeName type="System.String">Microsoft.VisualStudio.TestTools.TestTypes.Unit.UnitTestAdapter, Microsoft.VisualStudio.QualityTools.Tips.UnitTest.Adapter</adapterTypeName><testMethod type="Microsoft.VisualStudio.TestTools.TestTypes.Unit.TestMethod, Microsoft.VisualStudio.QualityTools.Tips.UnitTest.ObjectModel, Version=8.0.0.0, Culture=neutral, PublicKeyToken=b03f5f7f11d50a3a"><className type="System.String">BrownShoe.UnitTests.Services.DataAccess.GrandOpeningDBTest, BrownShoe.UnitTests, Version=1.0.0.0, Culture=neutral, PublicKeyToken=null</className><name type="System.String">GetActiveTest</name><expectedExceptionMessage type="System.String" /><isValid type="System.Boolean">False</isValid></testMethod><aspNetDevServers type="System.Collections.Generic.List`1[[Microsoft.VisualStudio.TestTools.Common.AspNetDevelopmentServer, Microsoft.VisualStudio.QualityTools.Common, Version=8.0.0.0, Culture=neutral, PublicKeyToken=b03f5f7f11d50a3a]]"><_size type="System.Int32">0</_size><_version type="System.Int32">0</_version></aspNetDevServers><dataAccessMethod type="Microsoft.VisualStudio.TestTools.UnitTesting.DataAccessMethod, Microsoft.VisualStudio.QualityTools.UnitTestFramework, Version=8.0.0.0, Culture=neutral, PublicKeyToken=b03f5f7f11d50a3a"><value__ type="System.Int32">0</value__></dataAccessMethod><cssProjectStructure type="System.String" /><isRunOnRestart type="System.Boolean">False</isRunOnRestart><timeOut type="System.Int32">0</timeOut><isGroupable type="System.Boolean">True</isGroupable><abortRunOnAgentFailure type="System.Boolean">False</abortRunOnAgentFailure><cssIteration type="System.String" /><workItemIds type="System.Collections.Generic.List`1[[System.Int32, mscorlib, Version=2.0.0.0, Culture=neutral, PublicKeyToken=b77a5c561934e089]]"><_size type="System.Int32">0</_size><_version type="System.Int32">1</_version></workItemIds><id type="Microsoft.VisualStudio.TestTools.Common.TestId"><id type="System.Guid">f650c211-3042-109a-3240-b6d4db0af677</id></id><name type="System.String">GetActiveTest</name><description type="System.String" /><enabled type="System.Boolean">True</enabled><owner type="System.String" /><priority type="System.Int32">0</priority><executionId type="Microsoft.VisualStudio.TestTools.Common.TestExecId"><id type="System.Guid">00000000-0000-0000-0000-000000000000</id></executionId><parentExecutId type="Microsoft.VisualStudio.TestTools.Common.TestExecId"><id type="System.Guid">00000000-0000-0000-0000-000000000000</id></parentExecutId><deploymentItems type="Microsoft.VisualStudio.TestTools.Common.DeploymentItemCollection" /><agentAttributes type="System.Collections.Specialized.StringDictionary, System, Version=2.0.0.0, Culture=neutral, PublicKeyToken=b77a5c561934e089" /><storage type="System.String">e:\projects\brownshoe\unit_tests\product\src\brownshoe\testing\unittests\bin\brownshoe.unittests.dll</storage><m_nonRunnableReason type="System.String" /></value><key type="Microsoft.VisualStudio.TestTools.Common.TestId"><id type="System.Guid">357dc2a6-c893-6feb-855d-dee68df912f0</id></key><value type="Microsoft.VisualStudio.TestTools.TestTypes.Unit.UnitTestElement, Microsoft.VisualStudio.QualityTools.Tips.UnitTest.ObjectModel, Version=8.0.0.0, Culture=neutral, PublicKeyToken=b03f5f7f11d50a3a"><codeBase type="System.String">e:/projects/brownshoe/unit_tests/product/src/BrownShoe/Testing/UnitTests/bin/BrownShoe.UnitTests.DLL</codeBase><adapterTypeName type="System.String">Microsoft.VisualStudio.TestTools.TestTypes.Unit.UnitTestAdapter, Microsoft.VisualStudio.QualityTools.Tips.UnitTest.Adapter</adapterTypeName><testMethod type="Microsoft.VisualStudio.TestTools.TestTypes.Unit.TestMethod, Microsoft.VisualStudio.QualityTools.Tips.UnitTest.ObjectModel, Version=8.0.0.0, Culture=neutral, PublicKeyToken=b03f5f7f11d50a3a"><className type="System.String">BrownShoe.UnitTests.Services.Madison.RewardsProfileTest, BrownShoe.UnitTests, Version=1.0.0.0, Culture=neutral, PublicKeyToken=null</className><name type="System.String">AddressLine2Test</name><expectedExceptionMessage type="System.String" /><isValid type="System.Boolean">False</isValid></testMethod><aspNetDevServers type="System.Collections.Generic.List`1[[Microsoft.VisualStudio.TestTools.Common.AspNetDevelopmentServer, Microsoft.VisualStudio.QualityTools.Common, Version=8.0.0.0, Culture=neutral, PublicKeyToken=b03f5f7f11d50a3a]]"><_size type="System.Int32">0</_size><_version type="System.Int32">0</_version></aspNetDevServers><dataAccessMethod type="Microsoft.VisualStudio.TestTools.UnitTesting.DataAccessMethod, Microsoft.VisualStudio.QualityTools.UnitTestFramework, Version=8.0.0.0, Culture=neutral, PublicKeyToken=b03f5f7f11d50a3a"><value__ type="System.Int32">0</value__></dataAccessMethod><cssProjectStructure type="System.String" /><isRunOnRestart type="System.Boolean">False</isRunOnRestart><timeOut type="System.Int32">0</timeOut><isGroupable type="System.Boolean">True</isGroupable><abortRunOnAgentFailure type="System.Boolean">False</abortRunOnAgentFailure><cssIteration type="System.String" /><workItemIds type="System.Collections.Generic.List`1[[System.Int32, mscorlib, Version=2.0.0.0, Culture=neutral, PublicKeyToken=b77a5c561934e089]]"><_size type="System.Int32">0</_size><_version type="System.Int32">1</_version></workItemIds><id type="Microsoft.VisualStudio.TestTools.Common.TestId"><id type="System.Guid">357dc2a6-c893-6feb-855d-dee68df912f0</id></id><name type="System.String">AddressLine2Test</name><description type="System.String" /><enabled type="System.Boolean">True</enabled><owner type="System.String" /><priority type="System.Int32">0</priority><executionId type="Microsoft.VisualStudio.TestTools.Common.TestExecId"><id type="System.Guid">00000000-0000-0000-0000-000000000000</id></executionId><parentExecutId type="Microsoft.VisualStudio.TestTools.Common.TestExecId"><id type="System.Guid">00000000-0000-0000-0000-000000000000</id></parentExecutId><deploymentItems type="Microsoft.VisualStudio.TestTools.Common.DeploymentItemCollection" /><agentAttributes type="System.Collections.Specialized.StringDictionary, System, Version=2.0.0.0, Culture=neutral, PublicKeyToken=b77a5c561934e089" /><storage type="System.String">e:\projects\brownshoe\unit_tests\product\src\brownshoe\testing\unittests\bin\brownshoe.unittests.dll</storage><m_nonRunnableReason type="System.String" /></value><key type="Microsoft.VisualStudio.TestTools.Common.TestId"><id type="System.Guid">0dda3e02-b949-2246-34c0-6dcde2fe2147</id></key><value type="Microsoft.VisualStudio.TestTools.TestTypes.Unit.UnitTestElement, Microsoft.VisualStudio.QualityTools.Tips.UnitTest.ObjectModel, Version=8.0.0.0, Culture=neutral, PublicKeyToken=b03f5f7f11d50a3a"><codeBase type="System.String">e:/projects/brownshoe/unit_tests/product/src/BrownShoe/Testing/UnitTests/bin/BrownShoe.UnitTests.DLL</codeBase><adapterTypeName type="System.String">Microsoft.VisualStudio.TestTools.TestTypes.Unit.UnitTestAdapter, Microsoft.VisualStudio.QualityTools.Tips.UnitTest.Adapter</adapterTypeName><testMethod type="Microsoft.VisualStudio.TestTools.TestTypes.Unit.TestMethod, Microsoft.VisualStudio.QualityTools.Tips.UnitTest.ObjectModel, Version=8.0.0.0, Culture=neutral, PublicKeyToken=b03f5f7f11d50a3a"><className type="System.String">BrownShoe.UnitTests.Services.Madison.StoreLocationTest, BrownShoe.UnitTests, Version=1.0.0.0, Culture=neutral, PublicKeyToken=null</className><name type="System.String">RegionTest</name><expectedExceptionMessage type="System.String" /><isValid type="System.Boolean">False</isValid></testMethod><aspNetDevServers type="System.Collections.Generic.List`1[[Microsoft.VisualStudio.TestTools.Common.AspNetDevelopmentServer, Microsoft.VisualStudio.QualityTools.Common, Version=8.0.0.0, Culture=neutral, PublicKeyToken=b03f5f7f11d50a3a]]"><_size type="System.Int32">0</_size><_version type="System.Int32">0</_version></aspNetDevServers><dataAccessMethod type="Microsoft.VisualStudio.TestTools.UnitTesting.DataAccessMethod, Microsoft.VisualStudio.QualityTools.UnitTestFramework, Version=8.0.0.0, Culture=neutral, PublicKeyToken=b03f5f7f11d50a3a"><value__ type="System.Int32">0</value__></dataAccessMethod><cssProjectStructure type="System.String" /><isRunOnRestart type="System.Boolean">False</isRunOnRestart><timeOut type="System.Int32">0</timeOut><isGroupable type="System.Boolean">True</isGroupable><abortRunOnAgentFailure type="System.Boolean">False</abortRunOnAgentFailure><cssIteration type="System.String" /><workItemIds type="System.Collections.Generic.List`1[[System.Int32, mscorlib, Version=2.0.0.0, Culture=neutral, PublicKeyToken=b77a5c561934e089]]"><_size type="System.Int32">0</_size><_version type="System.Int32">1</_version></workItemIds><id type="Microsoft.VisualStudio.TestTools.Common.TestId"><id type="System.Guid">0dda3e02-b949-2246-34c0-6dcde2fe2147</id></id><name type="System.String">RegionTest</name><description type="System.String" /><enabled type="System.Boolean">True</enabled><owner type="System.String" /><priority type="System.Int32">0</priority><executionId type="Microsoft.VisualStudio.TestTools.Common.TestExecId"><id type="System.Guid">00000000-0000-0000-0000-000000000000</id></executionId><parentExecutId type="Microsoft.VisualStudio.TestTools.Common.TestExecId"><id type="System.Guid">00000000-0000-0000-0000-000000000000</id></parentExecutId><deploymentItems type="Microsoft.VisualStudio.TestTools.Common.DeploymentItemCollection" /><agentAttributes type="System.Collections.Specialized.StringDictionary, System, Version=2.0.0.0, Culture=neutral, PublicKeyToken=b77a5c561934e089" /><storage type="System.String">e:\projects\brownshoe\unit_tests\product\src\brownshoe\testing\unittests\bin\brownshoe.unittests.dll</storage><m_nonRunnableReason type="System.String" /></value><key type="Microsoft.VisualStudio.TestTools.Common.TestId"><id type="System.Guid">92c815ee-6b83-761f-5561-0d5ff2edee6b</id></key><value type="Microsoft.VisualStudio.TestTools.TestTypes.Unit.UnitTestElement, Microsoft.VisualStudio.QualityTools.Tips.UnitTest.ObjectModel, Version=8.0.0.0, Culture=neutral, PublicKeyToken=b03f5f7f11d50a3a"><codeBase type="System.String">e:/projects/brownshoe/unit_tests/product/src/BrownShoe/Testing/UnitTests/bin/BrownShoe.UnitTests.DLL</codeBase><adapterTypeName type="System.String">Microsoft.VisualStudio.TestTools.TestTypes.Unit.UnitTestAdapter, Microsoft.VisualStudio.QualityTools.Tips.UnitTest.Adapter</adapterTypeName><testMethod type="Microsoft.VisualStudio.TestTools.TestTypes.Unit.TestMethod, Microsoft.VisualStudio.QualityTools.Tips.UnitTest.ObjectModel, Version=8.0.0.0, Culture=neutral, PublicKeyToken=b03f5f7f11d50a3a"><className type="System.String">BrownShoe.UnitTests.Services.Madison.RewardsProfileTest, BrownShoe.UnitTests, Version=1.0.0.0, Culture=neutral, PublicKeyToken=null</className><name type="System.String">BirthDateTest</name><expectedExceptionMessage type="System.String" /><isValid type="System.Boolean">False</isValid></testMethod><aspNetDevServers type="System.Collections.Generic.List`1[[Microsoft.VisualStudio.TestTools.Common.AspNetDevelopmentServer, Microsoft.VisualStudio.QualityTools.Common, Version=8.0.0.0, Culture=neutral, PublicKeyToken=b03f5f7f11d50a3a]]"><_size type="System.Int32">0</_size><_version type="System.Int32">0</_version></aspNetDevServers><dataAccessMethod type="Microsoft.VisualStudio.TestTools.UnitTesting.DataAccessMethod, Microsoft.VisualStudio.QualityTools.UnitTestFramework, Version=8.0.0.0, Culture=neutral, PublicKeyToken=b03f5f7f11d50a3a"><value__ type="System.Int32">0</value__></dataAccessMethod><cssProjectStructure type="System.String" /><isRunOnRestart type="System.Boolean">False</isRunOnRestart><timeOut type="System.Int32">0</timeOut><isGroupable type="System.Boolean">True</isGroupable><abortRunOnAgentFailure type="System.Boolean">False</abortRunOnAgentFailure><cssIteration type="System.String" /><workItemIds type="System.Collections.Generic.List`1[[System.Int32, mscorlib, Version=2.0.0.0, Culture=neutral, PublicKeyToken=b77a5c561934e089]]"><_size type="System.Int32">0</_size><_version type="System.Int32">1</_version></workItemIds><id type="Microsoft.VisualStudio.TestTools.Common.TestId"><id type="System.Guid">92c815ee-6b83-761f-5561-0d5ff2edee6b</id></id><name type="System.String">BirthDateTest</name><description type="System.String" /><enabled type="System.Boolean">True</enabled><owner type="System.String" /><priority type="System.Int32">0</priority><executionId type="Microsoft.VisualStudio.TestTools.Common.TestExecId"><id type="System.Guid">00000000-0000-0000-0000-000000000000</id></executionId><parentExecutId type="Microsoft.VisualStudio.TestTools.Common.TestExecId"><id type="System.Guid">00000000-0000-0000-0000-000000000000</id></parentExecutId><deploymentItems type="Microsoft.VisualStudio.TestTools.Common.DeploymentItemCollection" /><agentAttributes type="System.Collections.Specialized.StringDictionary, System, Version=2.0.0.0, Culture=neutral, PublicKeyToken=b77a5c561934e089" /><storage type="System.String">e:\projects\brownshoe\unit_tests\product\src\brownshoe\testing\unittests\bin\brownshoe.unittests.dll</storage><m_nonRunnableReason type="System.String" /></value><key type="Microsoft.VisualStudio.TestTools.Common.TestId"><id type="System.Guid">373e3d98-8806-7398-7a84-048c5a8acbdf</id></key><value type="Microsoft.VisualStudio.TestTools.TestTypes.Unit.UnitTestElement, Microsoft.VisualStudio.QualityTools.Tips.UnitTest.ObjectModel, Version=8.0.0.0, Culture=neutral, PublicKeyToken=b03f5f7f11d50a3a"><codeBase type="System.String">e:/projects/brownshoe/unit_tests/product/src/BrownShoe/Testing/UnitTests/bin/BrownShoe.UnitTests.DLL</codeBase><adapterTypeName type="System.String">Microsoft.VisualStudio.TestTools.TestTypes.Unit.UnitTestAdapter, Microsoft.VisualStudio.QualityTools.Tips.UnitTest.Adapter</adapterTypeName><testMethod type="Microsoft.VisualStudio.TestTools.TestTypes.Unit.TestMethod, Microsoft.VisualStudio.QualityTools.Tips.UnitTest.ObjectModel, Version=8.0.0.0, Culture=neutral, PublicKeyToken=b03f5f7f11d50a3a"><className type="System.String">BrownShoe.UnitTests.Services.Email.EmailEnrollmentServiceTest, BrownShoe.UnitTests, Version=1.0.0.0, Culture=neutral, PublicKeyToken=null</className><name type="System.String">ReadTest</name><expectedExceptionMessage type="System.String" /><isValid type="System.Boolean">False</isValid></testMethod><aspNetDevServers type="System.Collections.Generic.List`1[[Microsoft.VisualStudio.TestTools.Common.AspNetDevelopmentServer, Microsoft.VisualStudio.QualityTools.Common, Version=8.0.0.0, Culture=neutral, PublicKeyToken=b03f5f7f11d50a3a]]"><_size type="System.Int32">0</_size><_version type="System.Int32">0</_version></aspNetDevServers><dataAccessMethod type="Microsoft.VisualStudio.TestTools.UnitTesting.DataAccessMethod, Microsoft.VisualStudio.QualityTools.UnitTestFramework, Version=8.0.0.0, Culture=neutral, PublicKeyToken=b03f5f7f11d50a3a"><value__ type="System.Int32">0</value__></dataAccessMethod><cssProjectStructure type="System.String" /><isRunOnRestart type="System.Boolean">False</isRunOnRestart><timeOut type="System.Int32">0</timeOut><isGroupable type="System.Boolean">True</isGroupable><abortRunOnAgentFailure type="System.Boolean">False</abortRunOnAgentFailure><cssIteration type="System.String" /><workItemIds type="System.Collections.Generic.List`1[[System.Int32, mscorlib, Version=2.0.0.0, Culture=neutral, PublicKeyToken=b77a5c561934e089]]"><_size type="System.Int32">0</_size><_version type="System.Int32">1</_version></workItemIds><id type="Microsoft.VisualStudio.TestTools.Common.TestId"><id type="System.Guid">373e3d98-8806-7398-7a84-048c5a8acbdf</id></id><name type="System.String">ReadTest</name><description type="System.String" /><enabled type="System.Boolean">True</enabled><owner type="System.String" /><priority type="System.Int32">0</priority><executionId type="Microsoft.VisualStudio.TestTools.Common.TestExecId"><id type="System.Guid">00000000-0000-0000-0000-000000000000</id></executionId><parentExecutId type="Microsoft.VisualStudio.TestTools.Common.TestExecId"><id type="System.Guid">00000000-0000-0000-0000-000000000000</id></parentExecutId><deploymentItems type="Microsoft.VisualStudio.TestTools.Common.DeploymentItemCollection" /><agentAttributes type="System.Collections.Specialized.StringDictionary, System, Version=2.0.0.0, Culture=neutral, PublicKeyToken=b77a5c561934e089" /><storage type="System.String">e:\projects\brownshoe\unit_tests\product\src\brownshoe\testing\unittests\bin\brownshoe.unittests.dll</storage><m_nonRunnableReason type="System.String" /></value><key type="Microsoft.VisualStudio.TestTools.Common.TestId"><id type="System.Guid">0756ba08-4fc1-86aa-2668-ea46b3f1c42f</id></key><value type="Microsoft.VisualStudio.TestTools.TestTypes.Unit.UnitTestElement, Microsoft.VisualStudio.QualityTools.Tips.UnitTest.ObjectModel, Version=8.0.0.0, Culture=neutral, PublicKeyToken=b03f5f7f11d50a3a"><codeBase type="System.String">e:/projects/brownshoe/unit_tests/product/src/BrownShoe/Testing/UnitTests/bin/BrownShoe.UnitTests.DLL</codeBase><adapterTypeName type="System.String">Microsoft.VisualStudio.TestTools.TestTypes.Unit.UnitTestAdapter, Microsoft.VisualStudio.QualityTools.Tips.UnitTest.Adapter</adapterTypeName><testMethod type="Microsoft.VisualStudio.TestTools.TestTypes.Unit.TestMethod, Microsoft.VisualStudio.QualityTools.Tips.UnitTest.ObjectModel, Version=8.0.0.0, Culture=neutral, PublicKeyToken=b03f5f7f11d50a3a"><className type="System.String">BrownShoe.UnitTests.Services.Madison.HomeDeliveryOrderTest, BrownShoe.UnitTests, Version=1.0.0.0, Culture=neutral, PublicKeyToken=null</className><name type="System.String">ShippingTest</name><expectedExceptionMessage type="System.String" /><isValid type="System.Boolean">False</isValid></testMethod><aspNetDevServers type="System.Collections.Generic.List`1[[Microsoft.VisualStudio.TestTools.Common.AspNetDevelopmentServer, Microsoft.VisualStudio.QualityTools.Common, Version=8.0.0.0, Culture=neutral, PublicKeyToken=b03f5f7f11d50a3a]]"><_size type="System.Int32">0</_size><_version type="System.Int32">0</_version></aspNetDevServers><dataAccessMethod type="Microsoft.VisualStudio.TestTools.UnitTesting.DataAccessMethod, Microsoft.VisualStudio.QualityTools.UnitTestFramework, Version=8.0.0.0, Culture=neutral, PublicKeyToken=b03f5f7f11d50a3a"><value__ type="System.Int32">0</value__></dataAccessMethod><cssProjectStructure type="System.String" /><isRunOnRestart type="System.Boolean">False</isRunOnRestart><timeOut type="System.Int32">0</timeOut><isGroupable type="System.Boolean">True</isGroupable><abortRunOnAgentFailure type="System.Boolean">False</abortRunOnAgentFailure><cssIteration type="System.String" /><workItemIds type="System.Collections.Generic.List`1[[System.Int32, mscorlib, Version=2.0.0.0, Culture=neutral, PublicKeyToken=b77a5c561934e089]]"><_size type="System.Int32">0</_size><_version type="System.Int32">1</_version></workItemIds><id type="Microsoft.VisualStudio.TestTools.Common.TestId"><id type="System.Guid">0756ba08-4fc1-86aa-2668-ea46b3f1c42f</id></id><name type="System.String">ShippingTest</name><description type="System.String" /><enabled type="System.Boolean">True</enabled><owner type="System.String" /><priority type="System.Int32">0</priority><executionId type="Microsoft.VisualStudio.TestTools.Common.TestExecId"><id type="System.Guid">00000000-0000-0000-0000-000000000000</id></executionId><parentExecutId type="Microsoft.VisualStudio.TestTools.Common.TestExecId"><id type="System.Guid">00000000-0000-0000-0000-000000000000</id></parentExecutId><deploymentItems type="Microsoft.VisualStudio.TestTools.Common.DeploymentItemCollection" /><agentAttributes type="System.Collections.Specialized.StringDictionary, System, Version=2.0.0.0, Culture=neutral, PublicKeyToken=b77a5c561934e089" /><storage type="System.String">e:\projects\brownshoe\unit_tests\product\src\brownshoe\testing\unittests\bin\brownshoe.unittests.dll</storage><m_nonRunnableReason type="System.String" /></value><key type="Microsoft.VisualStudio.TestTools.Common.TestId"><id type="System.Guid">b4989b4e-70bb-7e90-663d-113ca62ff986</id></key><value type="Microsoft.VisualStudio.TestTools.TestTypes.Unit.UnitTestElement, Microsoft.VisualStudio.QualityTools.Tips.UnitTest.ObjectModel, Version=8.0.0.0, Culture=neutral, PublicKeyToken=b03f5f7f11d50a3a"><codeBase type="System.String">e:/projects/brownshoe/unit_tests/product/src/BrownShoe/Testing/UnitTests/bin/BrownShoe.UnitTests.DLL</codeBase><adapterTypeName type="System.String">Microsoft.VisualStudio.TestTools.TestTypes.Unit.UnitTestAdapter, Microsoft.VisualStudio.QualityTools.Tips.UnitTest.Adapter</adapterTypeName><testMethod type="Microsoft.VisualStudio.TestTools.TestTypes.Unit.TestMethod, Microsoft.VisualStudio.QualityTools.Tips.UnitTest.ObjectModel, Version=8.0.0.0, Culture=neutral, PublicKeyToken=b03f5f7f11d50a3a"><className type="System.String">BrownShoe.UnitTests.Services.DataAccess.PaymentMethodDBTest, BrownShoe.UnitTests, Version=1.0.0.0, Culture=neutral, PublicKeyToken=null</className><name type="System.String">GetPaymentMethodIDTest</name><expectedExceptionMessage type="System.String" /><isValid type="System.Boolean">False</isValid></testMethod><aspNetDevServers type="System.Collections.Generic.List`1[[Microsoft.VisualStudio.TestTools.Common.AspNetDevelopmentServer, Microsoft.VisualStudio.QualityTools.Common, Version=8.0.0.0, Culture=neutral, PublicKeyToken=b03f5f7f11d50a3a]]"><_size type="System.Int32">0</_size><_version type="System.Int32">0</_version></aspNetDevServers><dataAccessMethod type="Microsoft.VisualStudio.TestTools.UnitTesting.DataAccessMethod, Microsoft.VisualStudio.QualityTools.UnitTestFramework, Version=8.0.0.0, Culture=neutral, PublicKeyToken=b03f5f7f11d50a3a"><value__ type="System.Int32">0</value__></dataAccessMethod><cssProjectStructure type="System.String" /><isRunOnRestart type="System.Boolean">False</isRunOnRestart><timeOut type="System.Int32">0</timeOut><isGroupable type="System.Boolean">True</isGroupable><abortRunOnAgentFailure type="System.Boolean">False</abortRunOnAgentFailure><cssIteration type="System.String" /><workItemIds type="System.Collections.Generic.List`1[[System.Int32, mscorlib, Version=2.0.0.0, Culture=neutral, PublicKeyToken=b77a5c561934e089]]"><_size type="System.Int32">0</_size><_version type="System.Int32">1</_version></workItemIds><id type="Microsoft.VisualStudio.TestTools.Common.TestId"><id type="System.Guid">b4989b4e-70bb-7e90-663d-113ca62ff986</id></id><name type="System.String">GetPaymentMethodIDTest</name><description type="System.String" /><enabled type="System.Boolean">True</enabled><owner type="System.String" /><priority type="System.Int32">0</priority><executionId type="Microsoft.VisualStudio.TestTools.Common.TestExecId"><id type="System.Guid">00000000-0000-0000-0000-000000000000</id></executionId><parentExecutId type="Microsoft.VisualStudio.TestTools.Common.TestExecId"><id type="System.Guid">00000000-0000-0000-0000-000000000000</id></parentExecutId><deploymentItems type="Microsoft.VisualStudio.TestTools.Common.DeploymentItemCollection" /><agentAttributes type="System.Collections.Specialized.StringDictionary, System, Version=2.0.0.0, Culture=neutral, PublicKeyToken=b77a5c561934e089" /><storage type="System.String">e:\projects\brownshoe\unit_tests\product\src\brownshoe\testing\unittests\bin\brownshoe.unittests.dll</storage><m_nonRunnableReason type="System.String" /></value><key type="Microsoft.VisualStudio.TestTools.Common.TestId"><id type="System.Guid">d3cfd480-129f-a888-af32-080a14c42564</id></key><value type="Microsoft.VisualStudio.TestTools.TestTypes.Unit.UnitTestElement, Microsoft.VisualStudio.QualityTools.Tips.UnitTest.ObjectModel, Version=8.0.0.0, Culture=neutral, PublicKeyToken=b03f5f7f11d50a3a"><codeBase type="System.String">e:/projects/brownshoe/unit_tests/product/src/BrownShoe/Testing/UnitTests/bin/BrownShoe.UnitTests.DLL</codeBase><adapterTypeName type="System.String">Microsoft.VisualStudio.TestTools.TestTypes.Unit.UnitTestAdapter, Microsoft.VisualStudio.QualityTools.Tips.UnitTest.Adapter</adapterTypeName><testMethod type="Microsoft.VisualStudio.TestTools.TestTypes.Unit.TestMethod, Microsoft.VisualStudio.QualityTools.Tips.UnitTest.ObjectModel, Version=8.0.0.0, Culture=neutral, PublicKeyToken=b03f5f7f11d50a3a"><className type="System.String">BrownShoe.UnitTests.Services.DataAccess.ShippingMethodDBTest, BrownShoe.UnitTests, Version=1.0.0.0, Culture=neutral, PublicKeyToken=null</className><name type="System.String">GetDefaultTest</name><expectedExceptionMessage type="System.String" /><isValid type="System.Boolean">False</isValid></testMethod><aspNetDevServers type="System.Collections.Generic.List`1[[Microsoft.VisualStudio.TestTools.Common.AspNetDevelopmentServer, Microsoft.VisualStudio.QualityTools.Common, Version=8.0.0.0, Culture=neutral, PublicKeyToken=b03f5f7f11d50a3a]]"><_size type="System.Int32">0</_size><_version type="System.Int32">0</_version></aspNetDevServers><dataAccessMethod type="Microsoft.VisualStudio.TestTools.UnitTesting.DataAccessMethod, Microsoft.VisualStudio.QualityTools.UnitTestFramework, Version=8.0.0.0, Culture=neutral, PublicKeyToken=b03f5f7f11d50a3a"><value__ type="System.Int32">0</value__></dataAccessMethod><cssProjectStructure type="System.String" /><isRunOnRestart type="System.Boolean">False</isRunOnRestart><timeOut type="System.Int32">0</timeOut><isGroupable type="System.Boolean">True</isGroupable><abortRunOnAgentFailure type="System.Boolean">False</abortRunOnAgentFailure><cssIteration type="System.String" /><workItemIds type="System.Collections.Generic.List`1[[System.Int32, mscorlib, Version=2.0.0.0, Culture=neutral, PublicKeyToken=b77a5c561934e089]]"><_size type="System.Int32">0</_size><_version type="System.Int32">1</_version></workItemIds><id type="Microsoft.VisualStudio.TestTools.Common.TestId"><id type="System.Guid">d3cfd480-129f-a888-af32-080a14c42564</id></id><name type="System.String">GetDefaultTest</name><description type="System.String" /><enabled type="System.Boolean">True</enabled><owner type="System.String" /><priority type="System.Int32">0</priority><executionId type="Microsoft.VisualStudio.TestTools.Common.TestExecId"><id type="System.Guid">00000000-0000-0000-0000-000000000000</id></executionId><parentExecutId type="Microsoft.VisualStudio.TestTools.Common.TestExecId"><id type="System.Guid">00000000-0000-0000-0000-000000000000</id></parentExecutId><deploymentItems type="Microsoft.VisualStudio.TestTools.Common.DeploymentItemCollection" /><agentAttributes type="System.Collections.Specialized.StringDictionary, System, Version=2.0.0.0, Culture=neutral, PublicKeyToken=b77a5c561934e089" /><storage type="System.String">e:\projects\brownshoe\unit_tests\product\src\brownshoe\testing\unittests\bin\brownshoe.unittests.dll</storage><m_nonRunnableReason type="System.String" /></value><key type="Microsoft.VisualStudio.TestTools.Common.TestId"><id type="System.Guid">9aa3c193-a9a7-acc1-751c-cf553e0a102b</id></key><value type="Microsoft.VisualStudio.TestTools.TestTypes.Unit.UnitTestElement, Microsoft.VisualStudio.QualityTools.Tips.UnitTest.ObjectModel, Version=8.0.0.0, Culture=neutral, PublicKeyToken=b03f5f7f11d50a3a"><codeBase type="System.String">e:/projects/brownshoe/unit_tests/product/src/BrownShoe/Testing/UnitTests/bin/BrownShoe.UnitTests.DLL</codeBase><adapterTypeName type="System.String">Microsoft.VisualStudio.TestTools.TestTypes.Unit.UnitTestAdapter, Microsoft.VisualStudio.QualityTools.Tips.UnitTest.Adapter</adapterTypeName><testMethod type="Microsoft.VisualStudio.TestTools.TestTypes.Unit.TestMethod, Microsoft.VisualStudio.QualityTools.Tips.UnitTest.ObjectModel, Version=8.0.0.0, Culture=neutral, PublicKeyToken=b03f5f7f11d50a3a"><className type="System.String">BrownShoe.UnitTests.Services.DataAccess.SysMonDBTest, BrownShoe.UnitTests, Version=1.0.0.0, Culture=neutral, PublicKeyToken=null</className><name type="System.String">CheckUPCLoadTest</name><expectedExceptionMessage type="System.String" /><isValid type="System.Boolean">False</isValid></testMethod><aspNetDevServers type="System.Collections.Generic.List`1[[Microsoft.VisualStudio.TestTools.Common.AspNetDevelopmentServer, Microsoft.VisualStudio.QualityTools.Common, Version=8.0.0.0, Culture=neutral, PublicKeyToken=b03f5f7f11d50a3a]]"><_size type="System.Int32">0</_size><_version type="System.Int32">0</_version></aspNetDevServers><dataAccessMethod type="Microsoft.VisualStudio.TestTools.UnitTesting.DataAccessMethod, Microsoft.VisualStudio.QualityTools.UnitTestFramework, Version=8.0.0.0, Culture=neutral, PublicKeyToken=b03f5f7f11d50a3a"><value__ type="System.Int32">0</value__></dataAccessMethod><cssProjectStructure type="System.String" /><isRunOnRestart type="System.Boolean">False</isRunOnRestart><timeOut type="System.Int32">0</timeOut><isGroupable type="System.Boolean">True</isGroupable><abortRunOnAgentFailure type="System.Boolean">False</abortRunOnAgentFailure><cssIteration type="System.String" /><workItemIds type="System.Collections.Generic.List`1[[System.Int32, mscorlib, Version=2.0.0.0, Culture=neutral, PublicKeyToken=b77a5c561934e089]]"><_size type="System.Int32">0</_size><_version type="System.Int32">1</_version></workItemIds><id type="Microsoft.VisualStudio.TestTools.Common.TestId"><id type="System.Guid">9aa3c193-a9a7-acc1-751c-cf553e0a102b</id></id><name type="System.String">CheckUPCLoadTest</name><description type="System.String" /><enabled type="System.Boolean">True</enabled><owner type="System.String" /><priority type="System.Int32">0</priority><executionId type="Microsoft.VisualStudio.TestTools.Common.TestExecId"><id type="System.Guid">00000000-0000-0000-0000-000000000000</id></executionId><parentExecutId type="Microsoft.VisualStudio.TestTools.Common.TestExecId"><id type="System.Guid">00000000-0000-0000-0000-000000000000</id></parentExecutId><deploymentItems type="Microsoft.VisualStudio.TestTools.Common.DeploymentItemCollection" /><agentAttributes type="System.Collections.Specialized.StringDictionary, System, Version=2.0.0.0, Culture=neutral, PublicKeyToken=b77a5c561934e089" /><storage type="System.String">e:\projects\brownshoe\unit_tests\product\src\brownshoe\testing\unittests\bin\brownshoe.unittests.dll</storage><m_nonRunnableReason type="System.String" /></value><key type="Microsoft.VisualStudio.TestTools.Common.TestId"><id type="System.Guid">86fd24f4-3443-dd9b-13fe-e3940145ce2e</id></key><value type="Microsoft.VisualStudio.TestTools.TestTypes.Unit.UnitTestElement, Microsoft.VisualStudio.QualityTools.Tips.UnitTest.ObjectModel, Version=8.0.0.0, Culture=neutral, PublicKeyToken=b03f5f7f11d50a3a"><codeBase type="System.String">e:/projects/brownshoe/unit_tests/product/src/BrownShoe/Testing/UnitTests/bin/BrownShoe.UnitTests.DLL</codeBase><adapterTypeName type="System.String">Microsoft.VisualStudio.TestTools.TestTypes.Unit.UnitTestAdapter, Microsoft.VisualStudio.QualityTools.Tips.UnitTest.Adapter</adapterTypeName><testMethod type="Microsoft.VisualStudio.TestTools.TestTypes.Unit.TestMethod, Microsoft.VisualStudio.QualityTools.Tips.UnitTest.ObjectModel, Version=8.0.0.0, Culture=neutral, PublicKeyToken=b03f5f7f11d50a3a"><className type="System.String">BrownShoe.UnitTests.Services.Madison.MadisonWebServiceTest, BrownShoe.UnitTests, Version=1.0.0.0, Culture=neutral, PublicKeyToken=null</className><name type="System.String">GiftCardIssueTest</name><expectedExceptionMessage type="System.String" /><isValid type="System.Boolean">False</isValid></testMethod><aspNetDevServers type="System.Collections.Generic.List`1[[Microsoft.VisualStudio.TestTools.Common.AspNetDevelopmentServer, Microsoft.VisualStudio.QualityTools.Common, Version=8.0.0.0, Culture=neutral, PublicKeyToken=b03f5f7f11d50a3a]]"><_size type="System.Int32">0</_size><_version type="System.Int32">0</_version></aspNetDevServers><dataAccessMethod type="Microsoft.VisualStudio.TestTools.UnitTesting.DataAccessMethod, Microsoft.VisualStudio.QualityTools.UnitTestFramework, Version=8.0.0.0, Culture=neutral, PublicKeyToken=b03f5f7f11d50a3a"><value__ type="System.Int32">0</value__></dataAccessMethod><cssProjectStructure type="System.String" /><isRunOnRestart type="System.Boolean">False</isRunOnRestart><timeOut type="System.Int32">0</timeOut><isGroupable type="System.Boolean">True</isGroupable><abortRunOnAgentFailure type="System.Boolean">False</abortRunOnAgentFailure><cssIteration type="System.String" /><workItemIds type="System.Collections.Generic.List`1[[System.Int32, mscorlib, Version=2.0.0.0, Culture=neutral, PublicKeyToken=b77a5c561934e089]]"><_size type="System.Int32">0</_size><_version type="System.Int32">1</_version></workItemIds><id type="Microsoft.VisualStudio.TestTools.Common.TestId"><id type="System.Guid">86fd24f4-3443-dd9b-13fe-e3940145ce2e</id></id><name type="System.String">GiftCardIssueTest</name><description type="System.String" /><enabled type="System.Boolean">True</enabled><owner type="System.String" /><priority type="System.Int32">0</priority><executionId type="Microsoft.VisualStudio.TestTools.Common.TestExecId"><id type="System.Guid">00000000-0000-0000-0000-000000000000</id></executionId><parentExecutId type="Microsoft.VisualStudio.TestTools.Common.TestExecId"><id type="System.Guid">00000000-0000-0000-0000-000000000000</id></parentExecutId><deploymentItems type="Microsoft.VisualStudio.TestTools.Common.DeploymentItemCollection" /><agentAttributes type="System.Collections.Specialized.StringDictionary, System, Version=2.0.0.0, Culture=neutral, PublicKeyToken=b77a5c561934e089" /><storage type="System.String">e:\projects\brownshoe\unit_tests\product\src\brownshoe\testing\unittests\bin\brownshoe.unittests.dll</storage><m_nonRunnableReason type="System.String" /></value><key type="Microsoft.VisualStudio.TestTools.Common.TestId"><id type="System.Guid">f84d33c2-aa8c-4b7f-42c0-b1260027e171</id></key><value type="Microsoft.VisualStudio.TestTools.TestTypes.Unit.UnitTestElement, Microsoft.VisualStudio.QualityTools.Tips.UnitTest.ObjectModel, Version=8.0.0.0, Culture=neutral, PublicKeyToken=b03f5f7f11d50a3a"><codeBase type="System.String">e:/projects/brownshoe/unit_tests/product/src/BrownShoe/Testing/UnitTests/bin/BrownShoe.UnitTests.DLL</codeBase><adapterTypeName type="System.String">Microsoft.VisualStudio.TestTools.TestTypes.Unit.UnitTestAdapter, Microsoft.VisualStudio.QualityTools.Tips.UnitTest.Adapter</adapterTypeName><testMethod type="Microsoft.VisualStudio.TestTools.TestTypes.Unit.TestMethod, Microsoft.VisualStudio.QualityTools.Tips.UnitTest.ObjectModel, Version=8.0.0.0, Culture=neutral, PublicKeyToken=b03f5f7f11d50a3a"><className type="System.String">BrownShoe.UnitTests.RetailApplicationCore.Checkout.CheckoutControllerTest, BrownShoe.UnitTests, Version=1.0.0.0, Culture=neutral, PublicKeyToken=null</className><name type="System.String">AddCreditCardPaymentTest</name><expectedExceptionMessage type="System.String" /><isValid type="System.Boolean">False</isValid></testMethod><aspNetDevServers type="System.Collections.Generic.List`1[[Microsoft.VisualStudio.TestTools.Common.AspNetDevelopmentServer, Microsoft.VisualStudio.QualityTools.Common, Version=8.0.0.0, Culture=neutral, PublicKeyToken=b03f5f7f11d50a3a]]"><_size type="System.Int32">0</_size><_version type="System.Int32">0</_version></aspNetDevServers><dataAccessMethod type="Microsoft.VisualStudio.TestTools.UnitTesting.DataAccessMethod, Microsoft.VisualStudio.QualityTools.UnitTestFramework, Version=8.0.0.0, Culture=neutral, PublicKeyToken=b03f5f7f11d50a3a"><value__ type="System.Int32">0</value__></dataAccessMethod><cssProjectStructure type="System.String" /><isRunOnRestart type="System.Boolean">False</isRunOnRestart><timeOut type="System.Int32">0</timeOut><isGroupable type="System.Boolean">True</isGroupable><abortRunOnAgentFailure type="System.Boolean">False</abortRunOnAgentFailure><cssIteration type="System.String" /><workItemIds type="System.Collections.Generic.List`1[[System.Int32, mscorlib, Version=2.0.0.0, Culture=neutral, PublicKeyToken=b77a5c561934e089]]"><_size type="System.Int32">0</_size><_version type="System.Int32">1</_version></workItemIds><id type="Microsoft.VisualStudio.TestTools.Common.TestId"><id type="System.Guid">f84d33c2-aa8c-4b7f-42c0-b1260027e171</id></id><name type="System.String">AddCreditCardPaymentTest</name><description type="System.String" /><enabled type="System.Boolean">True</enabled><owner type="System.String" /><priority type="System.Int32">0</priority><executionId type="Microsoft.VisualStudio.TestTools.Common.TestExecId"><id type="System.Guid">00000000-0000-0000-0000-000000000000</id></executionId><parentExecutId type="Microsoft.VisualStudio.TestTools.Common.TestExecId"><id type="System.Guid">00000000-0000-0000-0000-000000000000</id></parentExecutId><deploymentItems type="Microsoft.VisualStudio.TestTools.Common.DeploymentItemCollection" /><agentAttributes type="System.Collections.Specialized.StringDictionary, System, Version=2.0.0.0, Culture=neutral, PublicKeyToken=b77a5c561934e089" /><storage type="System.String">e:\projects\brownshoe\unit_tests\product\src\brownshoe\testing\unittests\bin\brownshoe.unittests.dll</storage><m_nonRunnableReason type="System.String" /></value><key type="Microsoft.VisualStudio.TestTools.Common.TestId"><id type="System.Guid">980c2eaf-54c3-4164-6970-c7928072f317</id></key><value type="Microsoft.VisualStudio.TestTools.TestTypes.Unit.UnitTestElement, Microsoft.VisualStudio.QualityTools.Tips.UnitTest.ObjectModel, Version=8.0.0.0, Culture=neutral, PublicKeyToken=b03f5f7f11d50a3a"><codeBase type="System.String">e:/projects/brownshoe/unit_tests/product/src/BrownShoe/Testing/UnitTests/bin/BrownShoe.UnitTests.DLL</codeBase><adapterTypeName type="System.String">Microsoft.VisualStudio.TestTools.TestTypes.Unit.UnitTestAdapter, Microsoft.VisualStudio.QualityTools.Tips.UnitTest.Adapter</adapterTypeName><testMethod type="Microsoft.VisualStudio.TestTools.TestTypes.Unit.TestMethod, Microsoft.VisualStudio.QualityTools.Tips.UnitTest.ObjectModel, Version=8.0.0.0, Culture=neutral, PublicKeyToken=b03f5f7f11d50a3a"><className type="System.String">BrownShoe.UnitTests.Services.Subscriptions.SubscriptionServiceTest, BrownShoe.UnitTests, Version=1.0.0.0, Culture=neutral, PublicKeyToken=null</className><name type="System.String">GetNewCatalogRequestsTest</name><expectedExceptionMessage type="System.String" /><isValid type="System.Boolean">False</isValid></testMethod><aspNetDevServers type="System.Collections.Generic.List`1[[Microsoft.VisualStudio.TestTools.Common.AspNetDevelopmentServer, Microsoft.VisualStudio.QualityTools.Common, Version=8.0.0.0, Culture=neutral, PublicKeyToken=b03f5f7f11d50a3a]]"><_size type="System.Int32">0</_size><_version type="System.Int32">0</_version></aspNetDevServers><dataAccessMethod type="Microsoft.VisualStudio.TestTools.UnitTesting.DataAccessMethod, Microsoft.VisualStudio.QualityTools.UnitTestFramework, Version=8.0.0.0, Culture=neutral, PublicKeyToken=b03f5f7f11d50a3a"><value__ type="System.Int32">0</value__></dataAccessMethod><cssProjectStructure type="System.String" /><isRunOnRestart type="System.Boolean">False</isRunOnRestart><timeOut type="System.Int32">0</timeOut><isGroupable type="System.Boolean">True</isGroupable><abortRunOnAgentFailure type="System.Boolean">False</abortRunOnAgentFailure><cssIteration type="System.String" /><workItemIds type="System.Collections.Generic.List`1[[System.Int32, mscorlib, Version=2.0.0.0, Culture=neutral, PublicKeyToken=b77a5c561934e089]]"><_size type="System.Int32">0</_size><_version type="System.Int32">1</_version></workItemIds><id type="Microsoft.VisualStudio.TestTools.Common.TestId"><id type="System.Guid">980c2eaf-54c3-4164-6970-c7928072f317</id></id><name type="System.String">GetNewCatalogRequestsTest</name><description type="System.String" /><enabled type="System.Boolean">True</enabled><owner type="System.String" /><priority type="System.Int32">0</priority><executionId type="Microsoft.VisualStudio.TestTools.Common.TestExecId"><id type="System.Guid">00000000-0000-0000-0000-000000000000</id></executionId><parentExecutId type="Microsoft.VisualStudio.TestTools.Common.TestExecId"><id type="System.Guid">00000000-0000-0000-0000-000000000000</id></parentExecutId><deploymentItems type="Microsoft.VisualStudio.TestTools.Common.DeploymentItemCollection" /><agentAttributes type="System.Collections.Specialized.StringDictionary, System, Version=2.0.0.0, Culture=neutral, PublicKeyToken=b77a5c561934e089" /><storage type="System.String">e:\projects\brownshoe\unit_tests\product\src\brownshoe\testing\unittests\bin\brownshoe.unittests.dll</storage><m_nonRunnableReason type="System.String" /></value><key type="Microsoft.VisualStudio.TestTools.Common.TestId"><id type="System.Guid">ed6bc080-4d12-2dd3-a3a4-cda8ec2e5d80</id></key><value type="Microsoft.VisualStudio.TestTools.TestTypes.Unit.UnitTestElement, Microsoft.VisualStudio.QualityTools.Tips.UnitTest.ObjectModel, Version=8.0.0.0, Culture=neutral, PublicKeyToken=b03f5f7f11d50a3a"><codeBase type="System.String">e:/projects/brownshoe/unit_tests/product/src/BrownShoe/Testing/UnitTests/bin/BrownShoe.UnitTests.DLL</codeBase><adapterTypeName type="System.String">Microsoft.VisualStudio.TestTools.TestTypes.Unit.UnitTestAdapter, Microsoft.VisualStudio.QualityTools.Tips.UnitTest.Adapter</adapterTypeName><testMethod type="Microsoft.VisualStudio.TestTools.TestTypes.Unit.TestMethod, Microsoft.VisualStudio.QualityTools.Tips.UnitTest.ObjectModel, Version=8.0.0.0, Culture=neutral, PublicKeyToken=b03f5f7f11d50a3a"><className type="System.String">BrownShoe.UnitTests.Services.Shopping.ShoppingCartServiceTest, BrownShoe.UnitTests, Version=1.0.0.0, Culture=neutral, PublicKeyToken=null</className><name type="System.String">SaveOrderTest</name><expectedExceptionMessage type="System.String" /><isValid type="System.Boolean">False</isValid></testMethod><aspNetDevServers type="System.Collections.Generic.List`1[[Microsoft.VisualStudio.TestTools.Common.AspNetDevelopmentServer, Microsoft.VisualStudio.QualityTools.Common, Version=8.0.0.0, Culture=neutral, PublicKeyToken=b03f5f7f11d50a3a]]"><_size type="System.Int32">0</_size><_version type="System.Int32">0</_version></aspNetDevServers><dataAccessMethod type="Microsoft.VisualStudio.TestTools.UnitTesting.DataAccessMethod, Microsoft.VisualStudio.QualityTools.UnitTestFramework, Version=8.0.0.0, Culture=neutral, PublicKeyToken=b03f5f7f11d50a3a"><value__ type="System.Int32">0</value__></dataAccessMethod><cssProjectStructure type="System.String" /><isRunOnRestart type="System.Boolean">False</isRunOnRestart><timeOut type="System.Int32">0</timeOut><isGroupable type="System.Boolean">True</isGroupable><abortRunOnAgentFailure type="System.Boolean">False</abortRunOnAgentFailure><cssIteration type="System.String" /><workItemIds type="System.Collections.Generic.List`1[[System.Int32, mscorlib, Version=2.0.0.0, Culture=neutral, PublicKeyToken=b77a5c561934e089]]"><_size type="System.Int32">0</_size><_version type="System.Int32">1</_version></workItemIds><id type="Microsoft.VisualStudio.TestTools.Common.TestId"><id type="System.Guid">ed6bc080-4d12-2dd3-a3a4-cda8ec2e5d80</id></id><name type="System.String">SaveOrderTest</name><description type="System.String" /><enabled type="System.Boolean">True</enabled><owner type="System.String" /><priority type="System.Int32">0</priority><executionId type="Microsoft.VisualStudio.TestTools.Common.TestExecId"><id type="System.Guid">00000000-0000-0000-0000-000000000000</id></executionId><parentExecutId type="Microsoft.VisualStudio.TestTools.Common.TestExecId"><id type="System.Guid">00000000-0000-0000-0000-000000000000</id></parentExecutId><deploymentItems type="Microsoft.VisualStudio.TestTools.Common.DeploymentItemCollection" /><agentAttributes type="System.Collections.Specialized.StringDictionary, System, Version=2.0.0.0, Culture=neutral, PublicKeyToken=b77a5c561934e089" /><storage type="System.String">e:\projects\brownshoe\unit_tests\product\src\brownshoe\testing\unittests\bin\brownshoe.unittests.dll</storage><m_nonRunnableReason type="System.String" /></value><key type="Microsoft.VisualStudio.TestTools.Common.TestId"><id type="System.Guid">b5594375-8fa3-4fec-e3cf-ed9099264951</id></key><value type="Microsoft.VisualStudio.TestTools.TestTypes.Unit.UnitTestElement, Microsoft.VisualStudio.QualityTools.Tips.UnitTest.ObjectModel, Version=8.0.0.0, Culture=neutral, PublicKeyToken=b03f5f7f11d50a3a"><codeBase type="System.String">e:/projects/brownshoe/unit_tests/product/src/BrownShoe/Testing/UnitTests/bin/BrownShoe.UnitTests.DLL</codeBase><adapterTypeName type="System.String">Microsoft.VisualStudio.TestTools.TestTypes.Unit.UnitTestAdapter, Microsoft.VisualStudio.QualityTools.Tips.UnitTest.Adapter</adapterTypeName><testMethod type="Microsoft.VisualStudio.TestTools.TestTypes.Unit.TestMethod, Microsoft.VisualStudio.QualityTools.Tips.UnitTest.ObjectModel, Version=8.0.0.0, Culture=neutral, PublicKeyToken=b03f5f7f11d50a3a"><className type="System.String">BrownShoe.UnitTests.Services.Profiles.ProductInfoTest, BrownShoe.UnitTests, Version=1.0.0.0, Culture=neutral, PublicKeyToken=null</className><name type="System.String">SalePriceTest</name><expectedExceptionMessage type="System.String" /><isValid type="System.Boolean">False</isValid></testMethod><aspNetDevServers type="System.Collections.Generic.List`1[[Microsoft.VisualStudio.TestTools.Common.AspNetDevelopmentServer, Microsoft.VisualStudio.QualityTools.Common, Version=8.0.0.0, Culture=neutral, PublicKeyToken=b03f5f7f11d50a3a]]"><_size type="System.Int32">0</_size><_version type="System.Int32">0</_version></aspNetDevServers><dataAccessMethod type="Microsoft.VisualStudio.TestTools.UnitTesting.DataAccessMethod, Microsoft.VisualStudio.QualityTools.UnitTestFramework, Version=8.0.0.0, Culture=neutral, PublicKeyToken=b03f5f7f11d50a3a"><value__ type="System.Int32">0</value__></dataAccessMethod><cssProjectStructure type="System.String" /><isRunOnRestart type="System.Boolean">False</isRunOnRestart><timeOut type="System.Int32">0</timeOut><isGroupable type="System.Boolean">True</isGroupable><abortRunOnAgentFailure type="System.Boolean">False</abortRunOnAgentFailure><cssIteration type="System.String" /><workItemIds type="System.Collections.Generic.List`1[[System.Int32, mscorlib, Version=2.0.0.0, Culture=neutral, PublicKeyToken=b77a5c561934e089]]"><_size type="System.Int32">0</_size><_version type="System.Int32">1</_version></workItemIds><id type="Microsoft.VisualStudio.TestTools.Common.TestId"><id type="System.Guid">b5594375-8fa3-4fec-e3cf-ed9099264951</id></id><name type="System.String">SalePriceTest</name><description type="System.String" /><enabled type="System.Boolean">True</enabled><owner type="System.String" /><priority type="System.Int32">0</priority><executionId type="Microsoft.VisualStudio.TestTools.Common.TestExecId"><id type="System.Guid">00000000-0000-0000-0000-000000000000</id></executionId><parentExecutId type="Microsoft.VisualStudio.TestTools.Common.TestExecId"><id type="System.Guid">00000000-0000-0000-0000-000000000000</id></parentExecutId><deploymentItems type="Microsoft.VisualStudio.TestTools.Common.DeploymentItemCollection" /><agentAttributes type="System.Collections.Specialized.StringDictionary, System, Version=2.0.0.0, Culture=neutral, PublicKeyToken=b77a5c561934e089" /><storage type="System.String">e:\projects\brownshoe\unit_tests\product\src\brownshoe\testing\unittests\bin\brownshoe.unittests.dll</storage><m_nonRunnableReason type="System.String" /></value><key type="Microsoft.VisualStudio.TestTools.Common.TestId"><id type="System.Guid">df127347-acaa-6ff2-8971-3a8b3931bdd0</id></key><value type="Microsoft.VisualStudio.TestTools.TestTypes.Unit.UnitTestElement, Microsoft.VisualStudio.QualityTools.Tips.UnitTest.ObjectModel, Version=8.0.0.0, Culture=neutral, PublicKeyToken=b03f5f7f11d50a3a"><codeBase type="System.String">e:/projects/brownshoe/unit_tests/product/src/BrownShoe/Testing/UnitTests/bin/BrownShoe.UnitTests.DLL</codeBase><adapterTypeName type="System.String">Microsoft.VisualStudio.TestTools.TestTypes.Unit.UnitTestAdapter, Microsoft.VisualStudio.QualityTools.Tips.UnitTest.Adapter</adapterTypeName><testMethod type="Microsoft.VisualStudio.TestTools.TestTypes.Unit.TestMethod, Microsoft.VisualStudio.QualityTools.Tips.UnitTest.ObjectModel, Version=8.0.0.0, Culture=neutral, PublicKeyToken=b03f5f7f11d50a3a"><className type="System.String">BrownShoe.UnitTests.Services.Orders.CustomerOrderServiceTest, BrownShoe.UnitTests, Version=1.0.0.0, Culture=neutral, PublicKeyToken=null</className><name type="System.String">ListOrderPaymentsTest</name><expectedExceptionMessage type="System.String" /><isValid type="System.Boolean">False</isValid></testMethod><aspNetDevServers type="System.Collections.Generic.List`1[[Microsoft.VisualStudio.TestTools.Common.AspNetDevelopmentServer, Microsoft.VisualStudio.QualityTools.Common, Version=8.0.0.0, Culture=neutral, PublicKeyToken=b03f5f7f11d50a3a]]"><_size type="System.Int32">0</_size><_version type="System.Int32">0</_version></aspNetDevServers><dataAccessMethod type="Microsoft.VisualStudio.TestTools.UnitTesting.DataAccessMethod, Microsoft.VisualStudio.QualityTools.UnitTestFramework, Version=8.0.0.0, Culture=neutral, PublicKeyToken=b03f5f7f11d50a3a"><value__ type="System.Int32">0</value__></dataAccessMethod><cssProjectStructure type="System.String" /><isRunOnRestart type="System.Boolean">False</isRunOnRestart><timeOut type="System.Int32">0</timeOut><isGroupable type="System.Boolean">True</isGroupable><abortRunOnAgentFailure type="System.Boolean">False</abortRunOnAgentFailure><cssIteration type="System.String" /><workItemIds type="System.Collections.Generic.List`1[[System.Int32, mscorlib, Version=2.0.0.0, Culture=neutral, PublicKeyToken=b77a5c561934e089]]"><_size type="System.Int32">0</_size><_version type="System.Int32">1</_version></workItemIds><id type="Microsoft.VisualStudio.TestTools.Common.TestId"><id type="System.Guid">df127347-acaa-6ff2-8971-3a8b3931bdd0</id></id><name type="System.String">ListOrderPaymentsTest</name><description type="System.String" /><enabled type="System.Boolean">True</enabled><owner type="System.String" /><priority type="System.Int32">0</priority><executionId type="Microsoft.VisualStudio.TestTools.Common.TestExecId"><id type="System.Guid">00000000-0000-0000-0000-000000000000</id></executionId><parentExecutId type="Microsoft.VisualStudio.TestTools.Common.TestExecId"><id type="System.Guid">00000000-0000-0000-0000-000000000000</id></parentExecutId><deploymentItems type="Microsoft.VisualStudio.TestTools.Common.DeploymentItemCollection" /><agentAttributes type="System.Collections.Specialized.StringDictionary, System, Version=2.0.0.0, Culture=neutral, PublicKeyToken=b77a5c561934e089" /><storage type="System.String">e:\projects\brownshoe\unit_tests\product\src\brownshoe\testing\unittests\bin\brownshoe.unittests.dll</storage><m_nonRunnableReason type="System.String" /></value><key type="Microsoft.VisualStudio.TestTools.Common.TestId"><id type="System.Guid">ae54f69a-7bcc-16dc-514d-6a3231e19eb2</id></key><value type="Microsoft.VisualStudio.TestTools.TestTypes.Unit.UnitTestElement, Microsoft.VisualStudio.QualityTools.Tips.UnitTest.ObjectModel, Version=8.0.0.0, Culture=neutral, PublicKeyToken=b03f5f7f11d50a3a"><codeBase type="System.String">e:/projects/brownshoe/unit_tests/product/src/BrownShoe/Testing/UnitTests/bin/BrownShoe.UnitTests.DLL</codeBase><adapterTypeName type="System.String">Microsoft.VisualStudio.TestTools.TestTypes.Unit.UnitTestAdapter, Microsoft.VisualStudio.QualityTools.Tips.UnitTest.Adapter</adapterTypeName><testMethod type="Microsoft.VisualStudio.TestTools.TestTypes.Unit.TestMethod, Microsoft.VisualStudio.QualityTools.Tips.UnitTest.ObjectModel, Version=8.0.0.0, Culture=neutral, PublicKeyToken=b03f5f7f11d50a3a"><className type="System.String">BrownShoe.UnitTests.Services.Orders.CustomerOrderServiceTest, BrownShoe.UnitTests, Version=1.0.0.0, Culture=neutral, PublicKeyToken=null</className><name type="System.String">FetchSowOrderIdTest</name><expectedExceptionMessage type="System.String" /><isValid type="System.Boolean">False</isValid></testMethod><aspNetDevServers type="System.Collections.Generic.List`1[[Microsoft.VisualStudio.TestTools.Common.AspNetDevelopmentServer, Microsoft.VisualStudio.QualityTools.Common, Version=8.0.0.0, Culture=neutral, PublicKeyToken=b03f5f7f11d50a3a]]"><_size type="System.Int32">0</_size><_version type="System.Int32">0</_version></aspNetDevServers><dataAccessMethod type="Microsoft.VisualStudio.TestTools.UnitTesting.DataAccessMethod, Microsoft.VisualStudio.QualityTools.UnitTestFramework, Version=8.0.0.0, Culture=neutral, PublicKeyToken=b03f5f7f11d50a3a"><value__ type="System.Int32">0</value__></dataAccessMethod><cssProjectStructure type="System.String" /><isRunOnRestart type="System.Boolean">False</isRunOnRestart><timeOut type="System.Int32">0</timeOut><isGroupable type="System.Boolean">True</isGroupable><abortRunOnAgentFailure type="System.Boolean">False</abortRunOnAgentFailure><cssIteration type="System.String" /><workItemIds type="System.Collections.Generic.List`1[[System.Int32, mscorlib, Version=2.0.0.0, Culture=neutral, PublicKeyToken=b77a5c561934e089]]"><_size type="System.Int32">0</_size><_version type="System.Int32">1</_version></workItemIds><id type="Microsoft.VisualStudio.TestTools.Common.TestId"><id type="System.Guid">ae54f69a-7bcc-16dc-514d-6a3231e19eb2</id></id><name type="System.String">FetchSowOrderIdTest</name><description type="System.String" /><enabled type="System.Boolean">True</enabled><owner type="System.String" /><priority type="System.Int32">0</priority><executionId type="Microsoft.VisualStudio.TestTools.Common.TestExecId"><id type="System.Guid">00000000-0000-0000-0000-000000000000</id></executionId><parentExecutId type="Microsoft.VisualStudio.TestTools.Common.TestExecId"><id type="System.Guid">00000000-0000-0000-0000-000000000000</id></parentExecutId><deploymentItems type="Microsoft.VisualStudio.TestTools.Common.DeploymentItemCollection" /><agentAttributes type="System.Collections.Specialized.StringDictionary, System, Version=2.0.0.0, Culture=neutral, PublicKeyToken=b77a5c561934e089" /><storage type="System.String">e:\projects\brownshoe\unit_tests\product\src\brownshoe\testing\unittests\bin\brownshoe.unittests.dll</storage><m_nonRunnableReason type="System.String" /></value><key type="Microsoft.VisualStudio.TestTools.Common.TestId"><id type="System.Guid">15e945d0-d2ed-0e95-e4d6-80d0abd2eedf</id></key><value type="Microsoft.VisualStudio.TestTools.TestTypes.Unit.UnitTestElement, Microsoft.VisualStudio.QualityTools.Tips.UnitTest.ObjectModel, Version=8.0.0.0, Culture=neutral, PublicKeyToken=b03f5f7f11d50a3a"><codeBase type="System.String">e:/projects/brownshoe/unit_tests/product/src/BrownShoe/Testing/UnitTests/bin/BrownShoe.UnitTests.DLL</codeBase><adapterTypeName type="System.String">Microsoft.VisualStudio.TestTools.TestTypes.Unit.UnitTestAdapter, Microsoft.VisualStudio.QualityTools.Tips.UnitTest.Adapter</adapterTypeName><testMethod type="Microsoft.VisualStudio.TestTools.TestTypes.Unit.TestMethod, Microsoft.VisualStudio.QualityTools.Tips.UnitTest.ObjectModel, Version=8.0.0.0, Culture=neutral, PublicKeyToken=b03f5f7f11d50a3a"><className type="System.String">BrownShoe.UnitTests.Services.MarketingAdmin.DataFeedServiceTest, BrownShoe.UnitTests, Version=1.0.0.0, Culture=neutral, PublicKeyToken=null</className><name type="System.String">DeleteRuleTest</name><expectedExceptionMessage type="System.String" /><isValid type="System.Boolean">False</isValid></testMethod><aspNetDevServers type="System.Collections.Generic.List`1[[Microsoft.VisualStudio.TestTools.Common.AspNetDevelopmentServer, Microsoft.VisualStudio.QualityTools.Common, Version=8.0.0.0, Culture=neutral, PublicKeyToken=b03f5f7f11d50a3a]]"><_size type="System.Int32">0</_size><_version type="System.Int32">0</_version></aspNetDevServers><dataAccessMethod type="Microsoft.VisualStudio.TestTools.UnitTesting.DataAccessMethod, Microsoft.VisualStudio.QualityTools.UnitTestFramework, Version=8.0.0.0, Culture=neutral, PublicKeyToken=b03f5f7f11d50a3a"><value__ type="System.Int32">0</value__></dataAccessMethod><cssProjectStructure type="System.String" /><isRunOnRestart type="System.Boolean">False</isRunOnRestart><timeOut type="System.Int32">0</timeOut><isGroupable type="System.Boolean">True</isGroupable><abortRunOnAgentFailure type="System.Boolean">False</abortRunOnAgentFailure><cssIteration type="System.String" /><workItemIds type="System.Collections.Generic.List`1[[System.Int32, mscorlib, Version=2.0.0.0, Culture=neutral, PublicKeyToken=b77a5c561934e089]]"><_size type="System.Int32">0</_size><_version type="System.Int32">1</_version></workItemIds><id type="Microsoft.VisualStudio.TestTools.Common.TestId"><id type="System.Guid">15e945d0-d2ed-0e95-e4d6-80d0abd2eedf</id></id><name type="System.String">DeleteRuleTest</name><description type="System.String" /><enabled type="System.Boolean">True</enabled><owner type="System.String" /><priority type="System.Int32">0</priority><executionId type="Microsoft.VisualStudio.TestTools.Common.TestExecId"><id type="System.Guid">00000000-0000-0000-0000-000000000000</id></executionId><parentExecutId type="Microsoft.VisualStudio.TestTools.Common.TestExecId"><id type="System.Guid">00000000-0000-0000-0000-000000000000</id></parentExecutId><deploymentItems type="Microsoft.VisualStudio.TestTools.Common.DeploymentItemCollection" /><agentAttributes type="System.Collections.Specialized.StringDictionary, System, Version=2.0.0.0, Culture=neutral, PublicKeyToken=b77a5c561934e089" /><storage type="System.String">e:\projects\brownshoe\unit_tests\product\src\brownshoe\testing\unittests\bin\brownshoe.unittests.dll</storage><m_nonRunnableReason type="System.String" /></value><key type="Microsoft.VisualStudio.TestTools.Common.TestId"><id type="System.Guid">ebae10c5-8eca-f58a-4014-7d1e7fca46dd</id></key><value type="Microsoft.VisualStudio.TestTools.TestTypes.Unit.UnitTestElement, Microsoft.VisualStudio.QualityTools.Tips.UnitTest.ObjectModel, Version=8.0.0.0, Culture=neutral, PublicKeyToken=b03f5f7f11d50a3a"><codeBase type="System.String">e:/projects/brownshoe/unit_tests/product/src/BrownShoe/Testing/UnitTests/bin/BrownShoe.UnitTests.DLL</codeBase><adapterTypeName type="System.String">Microsoft.VisualStudio.TestTools.TestTypes.Unit.UnitTestAdapter, Microsoft.VisualStudio.QualityTools.Tips.UnitTest.Adapter</adapterTypeName><testMethod type="Microsoft.VisualStudio.TestTools.TestTypes.Unit.TestMethod, Microsoft.VisualStudio.QualityTools.Tips.UnitTest.ObjectModel, Version=8.0.0.0, Culture=neutral, PublicKeyToken=b03f5f7f11d50a3a"><className type="System.String">BrownShoe.UnitTests.Services.Shopping.ShoppingCartServiceTest, BrownShoe.UnitTests, Version=1.0.0.0, Culture=neutral, PublicKeyToken=null</className><name type="System.String">SearchTest</name><expectedExceptionMessage type="System.String" /><isValid type="System.Boolean">False</isValid></testMethod><aspNetDevServers type="System.Collections.Generic.List`1[[Microsoft.VisualStudio.TestTools.Common.AspNetDevelopmentServer, Microsoft.VisualStudio.QualityTools.Common, Version=8.0.0.0, Culture=neutral, PublicKeyToken=b03f5f7f11d50a3a]]"><_size type="System.Int32">0</_size><_version type="System.Int32">0</_version></aspNetDevServers><dataAccessMethod type="Microsoft.VisualStudio.TestTools.UnitTesting.DataAccessMethod, Microsoft.VisualStudio.QualityTools.UnitTestFramework, Version=8.0.0.0, Culture=neutral, PublicKeyToken=b03f5f7f11d50a3a"><value__ type="System.Int32">0</value__></dataAccessMethod><cssProjectStructure type="System.String" /><isRunOnRestart type="System.Boolean">False</isRunOnRestart><timeOut type="System.Int32">0</timeOut><isGroupable type="System.Boolean">True</isGroupable><abortRunOnAgentFailure type="System.Boolean">False</abortRunOnAgentFailure><cssIteration type="System.String" /><workItemIds type="System.Collections.Generic.List`1[[System.Int32, mscorlib, Version=2.0.0.0, Culture=neutral, PublicKeyToken=b77a5c561934e089]]"><_size type="System.Int32">0</_size><_version type="System.Int32">1</_version></workItemIds><id type="Microsoft.VisualStudio.TestTools.Common.TestId"><id type="System.Guid">ebae10c5-8eca-f58a-4014-7d1e7fca46dd</id></id><name type="System.String">SearchTest</name><description type="System.String" /><enabled type="System.Boolean">True</enabled><owner type="System.String" /><priority type="System.Int32">0</priority><executionId type="Microsoft.VisualStudio.TestTools.Common.TestExecId"><id type="System.Guid">00000000-0000-0000-0000-000000000000</id></executionId><parentExecutId type="Microsoft.VisualStudio.TestTools.Common.TestExecId"><id type="System.Guid">00000000-0000-0000-0000-000000000000</id></parentExecutId><deploymentItems type="Microsoft.VisualStudio.TestTools.Common.DeploymentItemCollection" /><agentAttributes type="System.Collections.Specialized.StringDictionary, System, Version=2.0.0.0, Culture=neutral, PublicKeyToken=b77a5c561934e089" /><storage type="System.String">e:\projects\brownshoe\unit_tests\product\src\brownshoe\testing\unittests\bin\brownshoe.unittests.dll</storage><m_nonRunnableReason type="System.String" /></value><key type="Microsoft.VisualStudio.TestTools.Common.TestId"><id type="System.Guid">e7328ab2-e668-4d5e-e559-a51609985e5f</id></key><value type="Microsoft.VisualStudio.TestTools.TestTypes.Unit.UnitTestElement, Microsoft.VisualStudio.QualityTools.Tips.UnitTest.ObjectModel, Version=8.0.0.0, Culture=neutral, PublicKeyToken=b03f5f7f11d50a3a"><codeBase type="System.String">e:/projects/brownshoe/unit_tests/product/src/BrownShoe/Testing/UnitTests/bin/BrownShoe.UnitTests.DLL</codeBase><adapterTypeName type="System.String">Microsoft.VisualStudio.TestTools.TestTypes.Unit.UnitTestAdapter, Microsoft.VisualStudio.QualityTools.Tips.UnitTest.Adapter</adapterTypeName><testMethod type="Microsoft.VisualStudio.TestTools.TestTypes.Unit.TestMethod, Microsoft.VisualStudio.QualityTools.Tips.UnitTest.ObjectModel, Version=8.0.0.0, Culture=neutral, PublicKeyToken=b03f5f7f11d50a3a"><className type="System.String">BrownShoe.UnitTests.Services.Profiles.ProfileServiceTest, BrownShoe.UnitTests, Version=1.0.0.0, Culture=neutral, PublicKeyToken=null</className><name type="System.String">GetCustomerProfileTest</name><expectedExceptionMessage type="System.String" /><isValid type="System.Boolean">False</isValid></testMethod><aspNetDevServers type="System.Collections.Generic.List`1[[Microsoft.VisualStudio.TestTools.Common.AspNetDevelopmentServer, Microsoft.VisualStudio.QualityTools.Common, Version=8.0.0.0, Culture=neutral, PublicKeyToken=b03f5f7f11d50a3a]]"><_size type="System.Int32">0</_size><_version type="System.Int32">0</_version></aspNetDevServers><dataAccessMethod type="Microsoft.VisualStudio.TestTools.UnitTesting.DataAccessMethod, Microsoft.VisualStudio.QualityTools.UnitTestFramework, Version=8.0.0.0, Culture=neutral, PublicKeyToken=b03f5f7f11d50a3a"><value__ type="System.Int32">0</value__></dataAccessMethod><cssProjectStructure type="System.String" /><isRunOnRestart type="System.Boolean">False</isRunOnRestart><timeOut type="System.Int32">0</timeOut><isGroupable type="System.Boolean">True</isGroupable><abortRunOnAgentFailure type="System.Boolean">False</abortRunOnAgentFailure><cssIteration type="System.String" /><workItemIds type="System.Collections.Generic.List`1[[System.Int32, mscorlib, Version=2.0.0.0, Culture=neutral, PublicKeyToken=b77a5c561934e089]]"><_size type="System.Int32">0</_size><_version type="System.Int32">1</_version></workItemIds><id type="Microsoft.VisualStudio.TestTools.Common.TestId"><id type="System.Guid">e7328ab2-e668-4d5e-e559-a51609985e5f</id></id><name type="System.String">GetCustomerProfileTest</name><description type="System.String" /><enabled type="System.Boolean">True</enabled><owner type="System.String" /><priority type="System.Int32">0</priority><executionId type="Microsoft.VisualStudio.TestTools.Common.TestExecId"><id type="System.Guid">00000000-0000-0000-0000-000000000000</id></executionId><parentExecutId type="Microsoft.VisualStudio.TestTools.Common.TestExecId"><id type="System.Guid">00000000-0000-0000-0000-000000000000</id></parentExecutId><deploymentItems type="Microsoft.VisualStudio.TestTools.Common.DeploymentItemCollection" /><agentAttributes type="System.Collections.Specialized.StringDictionary, System, Version=2.0.0.0, Culture=neutral, PublicKeyToken=b77a5c561934e089" /><storage type="System.String">e:\projects\brownshoe\unit_tests\product\src\brownshoe\testing\unittests\bin\brownshoe.unittests.dll</storage><m_nonRunnableReason type="System.String" /></value><key type="Microsoft.VisualStudio.TestTools.Common.TestId"><id type="System.Guid">dd659e9b-0fcf-d968-3559-112877ba7e86</id></key><value type="Microsoft.VisualStudio.TestTools.TestTypes.Unit.UnitTestElement, Microsoft.VisualStudio.QualityTools.Tips.UnitTest.ObjectModel, Version=8.0.0.0, Culture=neutral, PublicKeyToken=b03f5f7f11d50a3a"><codeBase type="System.String">e:/projects/brownshoe/unit_tests/product/src/BrownShoe/Testing/UnitTests/bin/BrownShoe.UnitTests.DLL</codeBase><adapterTypeName type="System.String">Microsoft.VisualStudio.TestTools.TestTypes.Unit.UnitTestAdapter, Microsoft.VisualStudio.QualityTools.Tips.UnitTest.Adapter</adapterTypeName><testMethod type="Microsoft.VisualStudio.TestTools.TestTypes.Unit.TestMethod, Microsoft.VisualStudio.QualityTools.Tips.UnitTest.ObjectModel, Version=8.0.0.0, Culture=neutral, PublicKeyToken=b03f5f7f11d50a3a"><className type="System.String">BrownShoe.UnitTests.Services.Madison.GrandOpeningServiceTest, BrownShoe.UnitTests, Version=1.0.0.0, Culture=neutral, PublicKeyToken=null</className><name type="System.String">DeleteTest</name><expectedExceptionMessage type="System.String" /><isValid type="System.Boolean">False</isValid></testMethod><aspNetDevServers type="System.Collections.Generic.List`1[[Microsoft.VisualStudio.TestTools.Common.AspNetDevelopmentServer, Microsoft.VisualStudio.QualityTools.Common, Version=8.0.0.0, Culture=neutral, PublicKeyToken=b03f5f7f11d50a3a]]"><_size type="System.Int32">0</_size><_version type="System.Int32">0</_version></aspNetDevServers><dataAccessMethod type="Microsoft.VisualStudio.TestTools.UnitTesting.DataAccessMethod, Microsoft.VisualStudio.QualityTools.UnitTestFramework, Version=8.0.0.0, Culture=neutral, PublicKeyToken=b03f5f7f11d50a3a"><value__ type="System.Int32">0</value__></dataAccessMethod><cssProjectStructure type="System.String" /><isRunOnRestart type="System.Boolean">False</isRunOnRestart><timeOut type="System.Int32">0</timeOut><isGroupable type="System.Boolean">True</isGroupable><abortRunOnAgentFailure type="System.Boolean">False</abortRunOnAgentFailure><cssIteration type="System.String" /><workItemIds type="System.Collections.Generic.List`1[[System.Int32, mscorlib, Version=2.0.0.0, Culture=neutral, PublicKeyToken=b77a5c561934e089]]"><_size type="System.Int32">0</_size><_version type="System.Int32">1</_version></workItemIds><id type="Microsoft.VisualStudio.TestTools.Common.TestId"><id type="System.Guid">dd659e9b-0fcf-d968-3559-112877ba7e86</id></id><name type="System.String">DeleteTest</name><description type="System.String" /><enabled type="System.Boolean">True</enabled><owner type="System.String" /><priority type="System.Int32">0</priority><executionId type="Microsoft.VisualStudio.TestTools.Common.TestExecId"><id type="System.Guid">00000000-0000-0000-0000-000000000000</id></executionId><parentExecutId type="Microsoft.VisualStudio.TestTools.Common.TestExecId"><id type="System.Guid">00000000-0000-0000-0000-000000000000</id></parentExecutId><deploymentItems type="Microsoft.VisualStudio.TestTools.Common.DeploymentItemCollection" /><agentAttributes type="System.Collections.Specialized.StringDictionary, System, Version=2.0.0.0, Culture=neutral, PublicKeyToken=b77a5c561934e089" /><storage type="System.String">e:\projects\brownshoe\unit_tests\product\src\brownshoe\testing\unittests\bin\brownshoe.unittests.dll</storage><m_nonRunnableReason type="System.String" /></value><key type="Microsoft.VisualStudio.TestTools.Common.TestId"><id type="System.Guid">2e7d0b5f-0d65-840f-d28d-55c43ed35c6b</id></key><value type="Microsoft.VisualStudio.TestTools.TestTypes.Unit.UnitTestElement, Microsoft.VisualStudio.QualityTools.Tips.UnitTest.ObjectModel, Version=8.0.0.0, Culture=neutral, PublicKeyToken=b03f5f7f11d50a3a"><codeBase type="System.String">e:/projects/brownshoe/unit_tests/product/src/BrownShoe/Testing/UnitTests/bin/BrownShoe.UnitTests.DLL</codeBase><adapterTypeName type="System.String">Microsoft.VisualStudio.TestTools.TestTypes.Unit.UnitTestAdapter, Microsoft.VisualStudio.QualityTools.Tips.UnitTest.Adapter</adapterTypeName><testMethod type="Microsoft.VisualStudio.TestTools.TestTypes.Unit.TestMethod, Microsoft.VisualStudio.QualityTools.Tips.UnitTest.ObjectModel, Version=8.0.0.0, Culture=neutral, PublicKeyToken=b03f5f7f11d50a3a"><className type="System.String">BrownShoe.UnitTests.Services.Madison.RewardsProfileTest, BrownShoe.UnitTests, Version=1.0.0.0, Culture=neutral, PublicKeyToken=null</className><name type="System.String">PlanShoePurchasesTest</name><expectedExceptionMessage type="System.String" /><isValid type="System.Boolean">False</isValid></testMethod><aspNetDevServers type="System.Collections.Generic.List`1[[Microsoft.VisualStudio.TestTools.Common.AspNetDevelopmentServer, Microsoft.VisualStudio.QualityTools.Common, Version=8.0.0.0, Culture=neutral, PublicKeyToken=b03f5f7f11d50a3a]]"><_size type="System.Int32">0</_size><_version type="System.Int32">0</_version></aspNetDevServers><dataAccessMethod type="Microsoft.VisualStudio.TestTools.UnitTesting.DataAccessMethod, Microsoft.VisualStudio.QualityTools.UnitTestFramework, Version=8.0.0.0, Culture=neutral, PublicKeyToken=b03f5f7f11d50a3a"><value__ type="System.Int32">0</value__></dataAccessMethod><cssProjectStructure type="System.String" /><isRunOnRestart type="System.Boolean">False</isRunOnRestart><timeOut type="System.Int32">0</timeOut><isGroupable type="System.Boolean">True</isGroupable><abortRunOnAgentFailure type="System.Boolean">False</abortRunOnAgentFailure><cssIteration type="System.String" /><workItemIds type="System.Collections.Generic.List`1[[System.Int32, mscorlib, Version=2.0.0.0, Culture=neutral, PublicKeyToken=b77a5c561934e089]]"><_size type="System.Int32">0</_size><_version type="System.Int32">1</_version></workItemIds><id type="Microsoft.VisualStudio.TestTools.Common.TestId"><id type="System.Guid">2e7d0b5f-0d65-840f-d28d-55c43ed35c6b</id></id><name type="System.String">PlanShoePurchasesTest</name><description type="System.String" /><enabled type="System.Boolean">True</enabled><owner type="System.String" /><priority type="System.Int32">0</priority><executionId type="Microsoft.VisualStudio.TestTools.Common.TestExecId"><id type="System.Guid">00000000-0000-0000-0000-000000000000</id></executionId><parentExecutId type="Microsoft.VisualStudio.TestTools.Common.TestExecId"><id type="System.Guid">00000000-0000-0000-0000-000000000000</id></parentExecutId><deploymentItems type="Microsoft.VisualStudio.TestTools.Common.DeploymentItemCollection" /><agentAttributes type="System.Collections.Specialized.StringDictionary, System, Version=2.0.0.0, Culture=neutral, PublicKeyToken=b77a5c561934e089" /><storage type="System.String">e:\projects\brownshoe\unit_tests\product\src\brownshoe\testing\unittests\bin\brownshoe.unittests.dll</storage><m_nonRunnableReason type="System.String" /></value><key type="Microsoft.VisualStudio.TestTools.Common.TestId"><id type="System.Guid">23fffe9c-af8e-9e4a-2eb2-a2ec5b854614</id></key><value type="Microsoft.VisualStudio.TestTools.TestTypes.Unit.UnitTestElement, Microsoft.VisualStudio.QualityTools.Tips.UnitTest.ObjectModel, Version=8.0.0.0, Culture=neutral, PublicKeyToken=b03f5f7f11d50a3a"><codeBase type="System.String">e:/projects/brownshoe/unit_tests/product/src/BrownShoe/Testing/UnitTests/bin/BrownShoe.UnitTests.DLL</codeBase><adapterTypeName type="System.String">Microsoft.VisualStudio.TestTools.TestTypes.Unit.UnitTestAdapter, Microsoft.VisualStudio.QualityTools.Tips.UnitTest.Adapter</adapterTypeName><testMethod type="Microsoft.VisualStudio.TestTools.TestTypes.Unit.TestMethod, Microsoft.VisualStudio.QualityTools.Tips.UnitTest.ObjectModel, Version=8.0.0.0, Culture=neutral, PublicKeyToken=b03f5f7f11d50a3a"><className type="System.String">BrownShoe.UnitTests.Services.DataAccess.SysMonDBTest, BrownShoe.UnitTests, Version=1.0.0.0, Culture=neutral, PublicKeyToken=null</className><name type="System.String">CheckEDIImportTest</name><expectedExceptionMessage type="System.String" /><isValid type="System.Boolean">False</isValid></testMethod><aspNetDevServers type="System.Collections.Generic.List`1[[Microsoft.VisualStudio.TestTools.Common.AspNetDevelopmentServer, Microsoft.VisualStudio.QualityTools.Common, Version=8.0.0.0, Culture=neutral, PublicKeyToken=b03f5f7f11d50a3a]]"><_size type="System.Int32">0</_size><_version type="System.Int32">0</_version></aspNetDevServers><dataAccessMethod type="Microsoft.VisualStudio.TestTools.UnitTesting.DataAccessMethod, Microsoft.VisualStudio.QualityTools.UnitTestFramework, Version=8.0.0.0, Culture=neutral, PublicKeyToken=b03f5f7f11d50a3a"><value__ type="System.Int32">0</value__></dataAccessMethod><cssProjectStructure type="System.String" /><isRunOnRestart type="System.Boolean">False</isRunOnRestart><timeOut type="System.Int32">0</timeOut><isGroupable type="System.Boolean">True</isGroupable><abortRunOnAgentFailure type="System.Boolean">False</abortRunOnAgentFailure><cssIteration type="System.String" /><workItemIds type="System.Collections.Generic.List`1[[System.Int32, mscorlib, Version=2.0.0.0, Culture=neutral, PublicKeyToken=b77a5c561934e089]]"><_size type="System.Int32">0</_size><_version type="System.Int32">1</_version></workItemIds><id type="Microsoft.VisualStudio.TestTools.Common.TestId"><id type="System.Guid">23fffe9c-af8e-9e4a-2eb2-a2ec5b854614</id></id><name type="System.String">CheckEDIImportTest</name><description type="System.String" /><enabled type="System.Boolean">True</enabled><owner type="System.String" /><priority type="System.Int32">0</priority><executionId type="Microsoft.VisualStudio.TestTools.Common.TestExecId"><id type="System.Guid">00000000-0000-0000-0000-000000000000</id></executionId><parentExecutId type="Microsoft.VisualStudio.TestTools.Common.TestExecId"><id type="System.Guid">00000000-0000-0000-0000-000000000000</id></parentExecutId><deploymentItems type="Microsoft.VisualStudio.TestTools.Common.DeploymentItemCollection" /><agentAttributes type="System.Collections.Specialized.StringDictionary, System, Version=2.0.0.0, Culture=neutral, PublicKeyToken=b77a5c561934e089" /><storage type="System.String">e:\projects\brownshoe\unit_tests\product\src\brownshoe\testing\unittests\bin\brownshoe.unittests.dll</storage><m_nonRunnableReason type="System.String" /></value><key type="Microsoft.VisualStudio.TestTools.Common.TestId"><id type="System.Guid">d18a85c1-f712-45af-6eae-3a802a8ea095</id></key><value type="Microsoft.VisualStudio.TestTools.TestTypes.Unit.UnitTestElement, Microsoft.VisualStudio.QualityTools.Tips.UnitTest.ObjectModel, Version=8.0.0.0, Culture=neutral, PublicKeyToken=b03f5f7f11d50a3a"><codeBase type="System.String">e:/projects/brownshoe/unit_tests/product/src/BrownShoe/Testing/UnitTests/bin/BrownShoe.UnitTests.DLL</codeBase><adapterTypeName type="System.String">Microsoft.VisualStudio.TestTools.TestTypes.Unit.UnitTestAdapter, Microsoft.VisualStudio.QualityTools.Tips.UnitTest.Adapter</adapterTypeName><testMethod type="Microsoft.VisualStudio.TestTools.TestTypes.Unit.TestMethod, Microsoft.VisualStudio.QualityTools.Tips.UnitTest.ObjectModel, Version=8.0.0.0, Culture=neutral, PublicKeyToken=b03f5f7f11d50a3a"><className type="System.String">BrownShoe.UnitTests.Services.Email.CSCatalogEmailTemplateProviderTest, BrownShoe.UnitTests, Version=1.0.0.0, Culture=neutral, PublicKeyToken=null</className><name type="System.String">GetTemplateInfoListTest</name><expectedExceptionMessage type="System.String" /><isValid type="System.Boolean">False</isValid></testMethod><aspNetDevServers type="System.Collections.Generic.List`1[[Microsoft.VisualStudio.TestTools.Common.AspNetDevelopmentServer, Microsoft.VisualStudio.QualityTools.Common, Version=8.0.0.0, Culture=neutral, PublicKeyToken=b03f5f7f11d50a3a]]"><_size type="System.Int32">0</_size><_version type="System.Int32">0</_version></aspNetDevServers><dataAccessMethod type="Microsoft.VisualStudio.TestTools.UnitTesting.DataAccessMethod, Microsoft.VisualStudio.QualityTools.UnitTestFramework, Version=8.0.0.0, Culture=neutral, PublicKeyToken=b03f5f7f11d50a3a"><value__ type="System.Int32">0</value__></dataAccessMethod><cssProjectStructure type="System.String" /><isRunOnRestart type="System.Boolean">False</isRunOnRestart><timeOut type="System.Int32">0</timeOut><isGroupable type="System.Boolean">True</isGroupable><abortRunOnAgentFailure type="System.Boolean">False</abortRunOnAgentFailure><cssIteration type="System.String" /><workItemIds type="System.Collections.Generic.List`1[[System.Int32, mscorlib, Version=2.0.0.0, Culture=neutral, PublicKeyToken=b77a5c561934e089]]"><_size type="System.Int32">0</_size><_version type="System.Int32">1</_version></workItemIds><id type="Microsoft.VisualStudio.TestTools.Common.TestId"><id type="System.Guid">d18a85c1-f712-45af-6eae-3a802a8ea095</id></id><name type="System.String">GetTemplateInfoListTest</name><description type="System.String" /><enabled type="System.Boolean">True</enabled><owner type="System.String" /><priority type="System.Int32">0</priority><executionId type="Microsoft.VisualStudio.TestTools.Common.TestExecId"><id type="System.Guid">00000000-0000-0000-0000-000000000000</id></executionId><parentExecutId type="Microsoft.VisualStudio.TestTools.Common.TestExecId"><id type="System.Guid">00000000-0000-0000-0000-000000000000</id></parentExecutId><deploymentItems type="Microsoft.VisualStudio.TestTools.Common.DeploymentItemCollection" /><agentAttributes type="System.Collections.Specialized.StringDictionary, System, Version=2.0.0.0, Culture=neutral, PublicKeyToken=b77a5c561934e089" /><storage type="System.String">e:\projects\brownshoe\unit_tests\product\src\brownshoe\testing\unittests\bin\brownshoe.unittests.dll</storage><m_nonRunnableReason type="System.String" /></value><key type="Microsoft.VisualStudio.TestTools.Common.TestId"><id type="System.Guid">7ca53bd2-a033-3d1a-9fc1-fe228461d0e5</id></key><value type="Microsoft.VisualStudio.TestTools.TestTypes.Unit.UnitTestElement, Microsoft.VisualStudio.QualityTools.Tips.UnitTest.ObjectModel, Version=8.0.0.0, Culture=neutral, PublicKeyToken=b03f5f7f11d50a3a"><codeBase type="System.String">e:/projects/brownshoe/unit_tests/product/src/BrownShoe/Testing/UnitTests/bin/BrownShoe.UnitTests.DLL</codeBase><adapterTypeName type="System.String">Microsoft.VisualStudio.TestTools.TestTypes.Unit.UnitTestAdapter, Microsoft.VisualStudio.QualityTools.Tips.UnitTest.Adapter</adapterTypeName><testMethod type="Microsoft.VisualStudio.TestTools.TestTypes.Unit.TestMethod, Microsoft.VisualStudio.QualityTools.Tips.UnitTest.ObjectModel, Version=8.0.0.0, Culture=neutral, PublicKeyToken=b03f5f7f11d50a3a"><className type="System.String">BrownShoe.UnitTests.Services.DataAccess.DBUtilsTest, BrownShoe.UnitTests, Version=1.0.0.0, Culture=neutral, PublicKeyToken=null</className><name type="System.String">CheckDbNullBooleanTest</name><expectedExceptionMessage type="System.String" /><isValid type="System.Boolean">False</isValid></testMethod><aspNetDevServers type="System.Collections.Generic.List`1[[Microsoft.VisualStudio.TestTools.Common.AspNetDevelopmentServer, Microsoft.VisualStudio.QualityTools.Common, Version=8.0.0.0, Culture=neutral, PublicKeyToken=b03f5f7f11d50a3a]]"><_size type="System.Int32">0</_size><_version type="System.Int32">0</_version></aspNetDevServers><dataAccessMethod type="Microsoft.VisualStudio.TestTools.UnitTesting.DataAccessMethod, Microsoft.VisualStudio.QualityTools.UnitTestFramework, Version=8.0.0.0, Culture=neutral, PublicKeyToken=b03f5f7f11d50a3a"><value__ type="System.Int32">0</value__></dataAccessMethod><cssProjectStructure type="System.String" /><isRunOnRestart type="System.Boolean">False</isRunOnRestart><timeOut type="System.Int32">0</timeOut><isGroupable type="System.Boolean">True</isGroupable><abortRunOnAgentFailure type="System.Boolean">False</abortRunOnAgentFailure><cssIteration type="System.String" /><workItemIds type="System.Collections.Generic.List`1[[System.Int32, mscorlib, Version=2.0.0.0, Culture=neutral, PublicKeyToken=b77a5c561934e089]]"><_size type="System.Int32">0</_size><_version type="System.Int32">1</_version></workItemIds><id type="Microsoft.VisualStudio.TestTools.Common.TestId"><id type="System.Guid">7ca53bd2-a033-3d1a-9fc1-fe228461d0e5</id></id><name type="System.String">CheckDbNullBooleanTest</name><description type="System.String" /><enabled type="System.Boolean">True</enabled><owner type="System.String" /><priority type="System.Int32">0</priority><executionId type="Microsoft.VisualStudio.TestTools.Common.TestExecId"><id type="System.Guid">00000000-0000-0000-0000-000000000000</id></executionId><parentExecutId type="Microsoft.VisualStudio.TestTools.Common.TestExecId"><id type="System.Guid">00000000-0000-0000-0000-000000000000</id></parentExecutId><deploymentItems type="Microsoft.VisualStudio.TestTools.Common.DeploymentItemCollection" /><agentAttributes type="System.Collections.Specialized.StringDictionary, System, Version=2.0.0.0, Culture=neutral, PublicKeyToken=b77a5c561934e089" /><storage type="System.String">e:\projects\brownshoe\unit_tests\product\src\brownshoe\testing\unittests\bin\brownshoe.unittests.dll</storage><m_nonRunnableReason type="System.String" /></value><key type="Microsoft.VisualStudio.TestTools.Common.TestId"><id type="System.Guid">e0ba393a-d99a-7b84-067f-2096f2825b94</id></key><value type="Microsoft.VisualStudio.TestTools.TestTypes.Unit.UnitTestElement, Microsoft.VisualStudio.QualityTools.Tips.UnitTest.ObjectModel, Version=8.0.0.0, Culture=neutral, PublicKeyToken=b03f5f7f11d50a3a"><codeBase type="System.String">e:/projects/brownshoe/unit_tests/product/src/BrownShoe/Testing/UnitTests/bin/BrownShoe.UnitTests.DLL</codeBase><adapterTypeName type="System.String">Microsoft.VisualStudio.TestTools.TestTypes.Unit.UnitTestAdapter, Microsoft.VisualStudio.QualityTools.Tips.UnitTest.Adapter</adapterTypeName><testMethod type="Microsoft.VisualStudio.TestTools.TestTypes.Unit.TestMethod, Microsoft.VisualStudio.QualityTools.Tips.UnitTest.ObjectModel, Version=8.0.0.0, Culture=neutral, PublicKeyToken=b03f5f7f11d50a3a"><className type="System.String">BrownShoe.UnitTests.Services.ContentManagement.CMTokenServiceTest, BrownShoe.UnitTests, Version=1.0.0.0, Culture=neutral, PublicKeyToken=null</className><name type="System.String">GetCatLinks6Test</name><expectedExceptionMessage type="System.String" /><isValid type="System.Boolean">False</isValid></testMethod><aspNetDevServers type="System.Collections.Generic.List`1[[Microsoft.VisualStudio.TestTools.Common.AspNetDevelopmentServer, Microsoft.VisualStudio.QualityTools.Common, Version=8.0.0.0, Culture=neutral, PublicKeyToken=b03f5f7f11d50a3a]]"><_size type="System.Int32">0</_size><_version type="System.Int32">0</_version></aspNetDevServers><dataAccessMethod type="Microsoft.VisualStudio.TestTools.UnitTesting.DataAccessMethod, Microsoft.VisualStudio.QualityTools.UnitTestFramework, Version=8.0.0.0, Culture=neutral, PublicKeyToken=b03f5f7f11d50a3a"><value__ type="System.Int32">0</value__></dataAccessMethod><cssProjectStructure type="System.String" /><isRunOnRestart type="System.Boolean">False</isRunOnRestart><timeOut type="System.Int32">0</timeOut><isGroupable type="System.Boolean">True</isGroupable><abortRunOnAgentFailure type="System.Boolean">False</abortRunOnAgentFailure><cssIteration type="System.String" /><workItemIds type="System.Collections.Generic.List`1[[System.Int32, mscorlib, Version=2.0.0.0, Culture=neutral, PublicKeyToken=b77a5c561934e089]]"><_size type="System.Int32">0</_size><_version type="System.Int32">1</_version></workItemIds><id type="Microsoft.VisualStudio.TestTools.Common.TestId"><id type="System.Guid">e0ba393a-d99a-7b84-067f-2096f2825b94</id></id><name type="System.String">GetCatLinks6Test</name><description type="System.String" /><enabled type="System.Boolean">True</enabled><owner type="System.String" /><priority type="System.Int32">0</priority><executionId type="Microsoft.VisualStudio.TestTools.Common.TestExecId"><id type="System.Guid">00000000-0000-0000-0000-000000000000</id></executionId><parentExecutId type="Microsoft.VisualStudio.TestTools.Common.TestExecId"><id type="System.Guid">00000000-0000-0000-0000-000000000000</id></parentExecutId><deploymentItems type="Microsoft.VisualStudio.TestTools.Common.DeploymentItemCollection" /><agentAttributes type="System.Collections.Specialized.StringDictionary, System, Version=2.0.0.0, Culture=neutral, PublicKeyToken=b77a5c561934e089" /><storage type="System.String">e:\projects\brownshoe\unit_tests\product\src\brownshoe\testing\unittests\bin\brownshoe.unittests.dll</storage><m_nonRunnableReason type="System.String" /></value><key type="Microsoft.VisualStudio.TestTools.Common.TestId"><id type="System.Guid">aa8e44db-a930-8bcf-63c1-aa02b15bca0e</id></key><value type="Microsoft.VisualStudio.TestTools.TestTypes.Unit.UnitTestElement, Microsoft.VisualStudio.QualityTools.Tips.UnitTest.ObjectModel, Version=8.0.0.0, Culture=neutral, PublicKeyToken=b03f5f7f11d50a3a"><codeBase type="System.String">e:/projects/brownshoe/unit_tests/product/src/BrownShoe/Testing/UnitTests/bin/BrownShoe.UnitTests.DLL</codeBase><adapterTypeName type="System.String">Microsoft.VisualStudio.TestTools.TestTypes.Unit.UnitTestAdapter, Microsoft.VisualStudio.QualityTools.Tips.UnitTest.Adapter</adapterTypeName><testMethod type="Microsoft.VisualStudio.TestTools.TestTypes.Unit.TestMethod, Microsoft.VisualStudio.QualityTools.Tips.UnitTest.ObjectModel, Version=8.0.0.0, Culture=neutral, PublicKeyToken=b03f5f7f11d50a3a"><className type="System.String">BrownShoe.UnitTests.Services.Orders.MerchandiseReturnServiceTest, BrownShoe.UnitTests, Version=1.0.0.0, Culture=neutral, PublicKeyToken=null</className><name type="System.String">FetchReturnTest</name><expectedExceptionMessage type="System.String" /><isValid type="System.Boolean">False</isValid></testMethod><aspNetDevServers type="System.Collections.Generic.List`1[[Microsoft.VisualStudio.TestTools.Common.AspNetDevelopmentServer, Microsoft.VisualStudio.QualityTools.Common, Version=8.0.0.0, Culture=neutral, PublicKeyToken=b03f5f7f11d50a3a]]"><_size type="System.Int32">0</_size><_version type="System.Int32">0</_version></aspNetDevServers><dataAccessMethod type="Microsoft.VisualStudio.TestTools.UnitTesting.DataAccessMethod, Microsoft.VisualStudio.QualityTools.UnitTestFramework, Version=8.0.0.0, Culture=neutral, PublicKeyToken=b03f5f7f11d50a3a"><value__ type="System.Int32">0</value__></dataAccessMethod><cssProjectStructure type="System.String" /><isRunOnRestart type="System.Boolean">False</isRunOnRestart><timeOut type="System.Int32">0</timeOut><isGroupable type="System.Boolean">True</isGroupable><abortRunOnAgentFailure type="System.Boolean">False</abortRunOnAgentFailure><cssIteration type="System.String" /><workItemIds type="System.Collections.Generic.List`1[[System.Int32, mscorlib, Version=2.0.0.0, Culture=neutral, PublicKeyToken=b77a5c561934e089]]"><_size type="System.Int32">0</_size><_version type="System.Int32">1</_version></workItemIds><id type="Microsoft.VisualStudio.TestTools.Common.TestId"><id type="System.Guid">aa8e44db-a930-8bcf-63c1-aa02b15bca0e</id></id><name type="System.String">FetchReturnTest</name><description type="System.String" /><enabled type="System.Boolean">True</enabled><owner type="System.String" /><priority type="System.Int32">0</priority><executionId type="Microsoft.VisualStudio.TestTools.Common.TestExecId"><id type="System.Guid">00000000-0000-0000-0000-000000000000</id></executionId><parentExecutId type="Microsoft.VisualStudio.TestTools.Common.TestExecId"><id type="System.Guid">00000000-0000-0000-0000-000000000000</id></parentExecutId><deploymentItems type="Microsoft.VisualStudio.TestTools.Common.DeploymentItemCollection" /><agentAttributes type="System.Collections.Specialized.StringDictionary, System, Version=2.0.0.0, Culture=neutral, PublicKeyToken=b77a5c561934e089" /><storage type="System.String">e:\projects\brownshoe\unit_tests\product\src\brownshoe\testing\unittests\bin\brownshoe.unittests.dll</storage><m_nonRunnableReason type="System.String" /></value><key type="Microsoft.VisualStudio.TestTools.Common.TestId"><id type="System.Guid">cb8596fa-4cfd-3b5e-8e55-932d91acaf78</id></key><value type="Microsoft.VisualStudio.TestTools.TestTypes.Unit.UnitTestElement, Microsoft.VisualStudio.QualityTools.Tips.UnitTest.ObjectModel, Version=8.0.0.0, Culture=neutral, PublicKeyToken=b03f5f7f11d50a3a"><codeBase type="System.String">e:/projects/brownshoe/unit_tests/product/src/BrownShoe/Testing/UnitTests/bin/BrownShoe.UnitTests.DLL</codeBase><adapterTypeName type="System.String">Microsoft.VisualStudio.TestTools.TestTypes.Unit.UnitTestAdapter, Microsoft.VisualStudio.QualityTools.Tips.UnitTest.Adapter</adapterTypeName><testMethod type="Microsoft.VisualStudio.TestTools.TestTypes.Unit.TestMethod, Microsoft.VisualStudio.QualityTools.Tips.UnitTest.ObjectModel, Version=8.0.0.0, Culture=neutral, PublicKeyToken=b03f5f7f11d50a3a"><className type="System.String">BrownShoe.UnitTests.Services.Madison.MadisonWebServiceTest, BrownShoe.UnitTests, Version=1.0.0.0, Culture=neutral, PublicKeyToken=null</className><name type="System.String">GiftCardUpdateTest</name><expectedExceptionMessage type="System.String" /><isValid type="System.Boolean">False</isValid></testMethod><aspNetDevServers type="System.Collections.Generic.List`1[[Microsoft.VisualStudio.TestTools.Common.AspNetDevelopmentServer, Microsoft.VisualStudio.QualityTools.Common, Version=8.0.0.0, Culture=neutral, PublicKeyToken=b03f5f7f11d50a3a]]"><_size type="System.Int32">0</_size><_version type="System.Int32">0</_version></aspNetDevServers><dataAccessMethod type="Microsoft.VisualStudio.TestTools.UnitTesting.DataAccessMethod, Microsoft.VisualStudio.QualityTools.UnitTestFramework, Version=8.0.0.0, Culture=neutral, PublicKeyToken=b03f5f7f11d50a3a"><value__ type="System.Int32">0</value__></dataAccessMethod><cssProjectStructure type="System.String" /><isRunOnRestart type="System.Boolean">False</isRunOnRestart><timeOut type="System.Int32">0</timeOut><isGroupable type="System.Boolean">True</isGroupable><abortRunOnAgentFailure type="System.Boolean">False</abortRunOnAgentFailure><cssIteration type="System.String" /><workItemIds type="System.Collections.Generic.List`1[[System.Int32, mscorlib, Version=2.0.0.0, Culture=neutral, PublicKeyToken=b77a5c561934e089]]"><_size type="System.Int32">0</_size><_version type="System.Int32">1</_version></workItemIds><id type="Microsoft.VisualStudio.TestTools.Common.TestId"><id type="System.Guid">cb8596fa-4cfd-3b5e-8e55-932d91acaf78</id></id><name type="System.String">GiftCardUpdateTest</name><description type="System.String" /><enabled type="System.Boolean">True</enabled><owner type="System.String" /><priority type="System.Int32">0</priority><executionId type="Microsoft.VisualStudio.TestTools.Common.TestExecId"><id type="System.Guid">00000000-0000-0000-0000-000000000000</id></executionId><parentExecutId type="Microsoft.VisualStudio.TestTools.Common.TestExecId"><id type="System.Guid">00000000-0000-0000-0000-000000000000</id></parentExecutId><deploymentItems type="Microsoft.VisualStudio.TestTools.Common.DeploymentItemCollection" /><agentAttributes type="System.Collections.Specialized.StringDictionary, System, Version=2.0.0.0, Culture=neutral, PublicKeyToken=b77a5c561934e089" /><storage type="System.String">e:\projects\brownshoe\unit_tests\product\src\brownshoe\testing\unittests\bin\brownshoe.unittests.dll</storage><m_nonRunnableReason type="System.String" /></value><key type="Microsoft.VisualStudio.TestTools.Common.TestId"><id type="System.Guid">6e948c17-d41c-62d7-f3fc-355647e7a72e</id></key><value type="Microsoft.VisualStudio.TestTools.TestTypes.Unit.UnitTestElement, Microsoft.VisualStudio.QualityTools.Tips.UnitTest.ObjectModel, Version=8.0.0.0, Culture=neutral, PublicKeyToken=b03f5f7f11d50a3a"><codeBase type="System.String">e:/projects/brownshoe/unit_tests/product/src/BrownShoe/Testing/UnitTests/bin/BrownShoe.UnitTests.DLL</codeBase><adapterTypeName type="System.String">Microsoft.VisualStudio.TestTools.TestTypes.Unit.UnitTestAdapter, Microsoft.VisualStudio.QualityTools.Tips.UnitTest.Adapter</adapterTypeName><testMethod type="Microsoft.VisualStudio.TestTools.TestTypes.Unit.TestMethod, Microsoft.VisualStudio.QualityTools.Tips.UnitTest.ObjectModel, Version=8.0.0.0, Culture=neutral, PublicKeyToken=b03f5f7f11d50a3a"><className type="System.String">BrownShoe.UnitTests.RetailApplicationCore.Validators.AddressValidatorTest, BrownShoe.UnitTests, Version=1.0.0.0, Culture=neutral, PublicKeyToken=null</className><name type="System.String">ListAddressValidationResultsTest</name><expectedExceptionMessage type="System.String" /><isValid type="System.Boolean">False</isValid></testMethod><aspNetDevServers type="System.Collections.Generic.List`1[[Microsoft.VisualStudio.TestTools.Common.AspNetDevelopmentServer, Microsoft.VisualStudio.QualityTools.Common, Version=8.0.0.0, Culture=neutral, PublicKeyToken=b03f5f7f11d50a3a]]"><_size type="System.Int32">0</_size><_version type="System.Int32">0</_version></aspNetDevServers><dataAccessMethod type="Microsoft.VisualStudio.TestTools.UnitTesting.DataAccessMethod, Microsoft.VisualStudio.QualityTools.UnitTestFramework, Version=8.0.0.0, Culture=neutral, PublicKeyToken=b03f5f7f11d50a3a"><value__ type="System.Int32">0</value__></dataAccessMethod><cssProjectStructure type="System.String" /><isRunOnRestart type="System.Boolean">False</isRunOnRestart><timeOut type="System.Int32">0</timeOut><isGroupable type="System.Boolean">True</isGroupable><abortRunOnAgentFailure type="System.Boolean">False</abortRunOnAgentFailure><cssIteration type="System.String" /><workItemIds type="System.Collections.Generic.List`1[[System.Int32, mscorlib, Version=2.0.0.0, Culture=neutral, PublicKeyToken=b77a5c561934e089]]"><_size type="System.Int32">0</_size><_version type="System.Int32">1</_version></workItemIds><id type="Microsoft.VisualStudio.TestTools.Common.TestId"><id type="System.Guid">6e948c17-d41c-62d7-f3fc-355647e7a72e</id></id><name type="System.String">ListAddressValidationResultsTest</name><description type="System.String" /><enabled type="System.Boolean">True</enabled><owner type="System.String" /><priority type="System.Int32">0</priority><executionId type="Microsoft.VisualStudio.TestTools.Common.TestExecId"><id type="System.Guid">00000000-0000-0000-0000-000000000000</id></executionId><parentExecutId type="Microsoft.VisualStudio.TestTools.Common.TestExecId"><id type="System.Guid">00000000-0000-0000-0000-000000000000</id></parentExecutId><deploymentItems type="Microsoft.VisualStudio.TestTools.Common.DeploymentItemCollection" /><agentAttributes type="System.Collections.Specialized.StringDictionary, System, Version=2.0.0.0, Culture=neutral, PublicKeyToken=b77a5c561934e089" /><storage type="System.String">e:\projects\brownshoe\unit_tests\product\src\brownshoe\testing\unittests\bin\brownshoe.unittests.dll</storage><m_nonRunnableReason type="System.String" /></value><key type="Microsoft.VisualStudio.TestTools.Common.TestId"><id type="System.Guid">56c6795c-bf6b-4c27-2672-b955d5109502</id></key><value type="Microsoft.VisualStudio.TestTools.TestTypes.Unit.UnitTestElement, Microsoft.VisualStudio.QualityTools.Tips.UnitTest.ObjectModel, Version=8.0.0.0, Culture=neutral, PublicKeyToken=b03f5f7f11d50a3a"><codeBase type="System.String">e:/projects/brownshoe/unit_tests/product/src/BrownShoe/Testing/UnitTests/bin/BrownShoe.UnitTests.DLL</codeBase><adapterTypeName type="System.String">Microsoft.VisualStudio.TestTools.TestTypes.Unit.UnitTestAdapter, Microsoft.VisualStudio.QualityTools.Tips.UnitTest.Adapter</adapterTypeName><testMethod type="Microsoft.VisualStudio.TestTools.TestTypes.Unit.TestMethod, Microsoft.VisualStudio.QualityTools.Tips.UnitTest.ObjectModel, Version=8.0.0.0, Culture=neutral, PublicKeyToken=b03f5f7f11d50a3a"><className type="System.String">BrownShoe.UnitTests.Services.DataAccess.SysMonDBTest, BrownShoe.UnitTests, Version=1.0.0.0, Culture=neutral, PublicKeyToken=null</className><name type="System.String">Test_HomePageTest</name><expectedExceptionMessage type="System.String" /><isValid type="System.Boolean">False</isValid></testMethod><aspNetDevServers type="System.Collections.Generic.List`1[[Microsoft.VisualStudio.TestTools.Common.AspNetDevelopmentServer, Microsoft.VisualStudio.QualityTools.Common, Version=8.0.0.0, Culture=neutral, PublicKeyToken=b03f5f7f11d50a3a]]"><_size type="System.Int32">0</_size><_version type="System.Int32">0</_version></aspNetDevServers><dataAccessMethod type="Microsoft.VisualStudio.TestTools.UnitTesting.DataAccessMethod, Microsoft.VisualStudio.QualityTools.UnitTestFramework, Version=8.0.0.0, Culture=neutral, PublicKeyToken=b03f5f7f11d50a3a"><value__ type="System.Int32">0</value__></dataAccessMethod><cssProjectStructure type="System.String" /><isRunOnRestart type="System.Boolean">False</isRunOnRestart><timeOut type="System.Int32">0</timeOut><isGroupable type="System.Boolean">True</isGroupable><abortRunOnAgentFailure type="System.Boolean">False</abortRunOnAgentFailure><cssIteration type="System.String" /><workItemIds type="System.Collections.Generic.List`1[[System.Int32, mscorlib, Version=2.0.0.0, Culture=neutral, PublicKeyToken=b77a5c561934e089]]"><_size type="System.Int32">0</_size><_version type="System.Int32">1</_version></workItemIds><id type="Microsoft.VisualStudio.TestTools.Common.TestId"><id type="System.Guid">56c6795c-bf6b-4c27-2672-b955d5109502</id></id><name type="System.String">Test_HomePageTest</name><description type="System.String" /><enabled type="System.Boolean">True</enabled><owner type="System.String" /><priority type="System.Int32">0</priority><executionId type="Microsoft.VisualStudio.TestTools.Common.TestExecId"><id type="System.Guid">00000000-0000-0000-0000-000000000000</id></executionId><parentExecutId type="Microsoft.VisualStudio.TestTools.Common.TestExecId"><id type="System.Guid">00000000-0000-0000-0000-000000000000</id></parentExecutId><deploymentItems type="Microsoft.VisualStudio.TestTools.Common.DeploymentItemCollection" /><agentAttributes type="System.Collections.Specialized.StringDictionary, System, Version=2.0.0.0, Culture=neutral, PublicKeyToken=b77a5c561934e089" /><storage type="System.String">e:\projects\brownshoe\unit_tests\product\src\brownshoe\testing\unittests\bin\brownshoe.unittests.dll</storage><m_nonRunnableReason type="System.String" /></value><key type="Microsoft.VisualStudio.TestTools.Common.TestId"><id type="System.Guid">e496e580-bef2-c289-4fdb-cf8aeab0965f</id></key><value type="Microsoft.VisualStudio.TestTools.TestTypes.Unit.UnitTestElement, Microsoft.VisualStudio.QualityTools.Tips.UnitTest.ObjectModel, Version=8.0.0.0, Culture=neutral, PublicKeyToken=b03f5f7f11d50a3a"><codeBase type="System.String">e:/projects/brownshoe/unit_tests/product/src/BrownShoe/Testing/UnitTests/bin/BrownShoe.UnitTests.DLL</codeBase><adapterTypeName type="System.String">Microsoft.VisualStudio.TestTools.TestTypes.Unit.UnitTestAdapter, Microsoft.VisualStudio.QualityTools.Tips.UnitTest.Adapter</adapterTypeName><testMethod type="Microsoft.VisualStudio.TestTools.TestTypes.Unit.TestMethod, Microsoft.VisualStudio.QualityTools.Tips.UnitTest.ObjectModel, Version=8.0.0.0, Culture=neutral, PublicKeyToken=b03f5f7f11d50a3a"><className type="System.String">BrownShoe.UnitTests.Services.DataAccess.GrandOpeningDBTest, BrownShoe.UnitTests, Version=1.0.0.0, Culture=neutral, PublicKeyToken=null</className><name type="System.String">DeleteTest</name><expectedExceptionMessage type="System.String" /><isValid type="System.Boolean">False</isValid></testMethod><aspNetDevServers type="System.Collections.Generic.List`1[[Microsoft.VisualStudio.TestTools.Common.AspNetDevelopmentServer, Microsoft.VisualStudio.QualityTools.Common, Version=8.0.0.0, Culture=neutral, PublicKeyToken=b03f5f7f11d50a3a]]"><_size type="System.Int32">0</_size><_version type="System.Int32">0</_version></aspNetDevServers><dataAccessMethod type="Microsoft.VisualStudio.TestTools.UnitTesting.DataAccessMethod, Microsoft.VisualStudio.QualityTools.UnitTestFramework, Version=8.0.0.0, Culture=neutral, PublicKeyToken=b03f5f7f11d50a3a"><value__ type="System.Int32">0</value__></dataAccessMethod><cssProjectStructure type="System.String" /><isRunOnRestart type="System.Boolean">False</isRunOnRestart><timeOut type="System.Int32">0</timeOut><isGroupable type="System.Boolean">True</isGroupable><abortRunOnAgentFailure type="System.Boolean">False</abortRunOnAgentFailure><cssIteration type="System.String" /><workItemIds type="System.Collections.Generic.List`1[[System.Int32, mscorlib, Version=2.0.0.0, Culture=neutral, PublicKeyToken=b77a5c561934e089]]"><_size type="System.Int32">0</_size><_version type="System.Int32">1</_version></workItemIds><id type="Microsoft.VisualStudio.TestTools.Common.TestId"><id type="System.Guid">e496e580-bef2-c289-4fdb-cf8aeab0965f</id></id><name type="System.String">DeleteTest</name><description type="System.String" /><enabled type="System.Boolean">True</enabled><owner type="System.String" /><priority type="System.Int32">0</priority><executionId type="Microsoft.VisualStudio.TestTools.Common.TestExecId"><id type="System.Guid">00000000-0000-0000-0000-000000000000</id></executionId><parentExecutId type="Microsoft.VisualStudio.TestTools.Common.TestExecId"><id type="System.Guid">00000000-0000-0000-0000-000000000000</id></parentExecutId><deploymentItems type="Microsoft.VisualStudio.TestTools.Common.DeploymentItemCollection" /><agentAttributes type="System.Collections.Specialized.StringDictionary, System, Version=2.0.0.0, Culture=neutral, PublicKeyToken=b77a5c561934e089" /><storage type="System.String">e:\projects\brownshoe\unit_tests\product\src\brownshoe\testing\unittests\bin\brownshoe.unittests.dll</storage><m_nonRunnableReason type="System.String" /></value><key type="Microsoft.VisualStudio.TestTools.Common.TestId"><id type="System.Guid">c19420ac-942a-7879-d75c-0ebe87183c96</id></key><value type="Microsoft.VisualStudio.TestTools.TestTypes.Unit.UnitTestElement, Microsoft.VisualStudio.QualityTools.Tips.UnitTest.ObjectModel, Version=8.0.0.0, Culture=neutral, PublicKeyToken=b03f5f7f11d50a3a"><codeBase type="System.String">e:/projects/brownshoe/unit_tests/product/src/BrownShoe/Testing/UnitTests/bin/BrownShoe.UnitTests.DLL</codeBase><adapterTypeName type="System.String">Microsoft.VisualStudio.TestTools.TestTypes.Unit.UnitTestAdapter, Microsoft.VisualStudio.QualityTools.Tips.UnitTest.Adapter</adapterTypeName><testMethod type="Microsoft.VisualStudio.TestTools.TestTypes.Unit.TestMethod, Microsoft.VisualStudio.QualityTools.Tips.UnitTest.ObjectModel, Version=8.0.0.0, Culture=neutral, PublicKeyToken=b03f5f7f11d50a3a"><className type="System.String">BrownShoe.UnitTests.Services.DataAccess.SysMonDBTest, BrownShoe.UnitTests, Version=1.0.0.0, Culture=neutral, PublicKeyToken=null</className><name type="System.String">Test_UPDatafeeds1Test</name><expectedExceptionMessage type="System.String" /><isValid type="System.Boolean">False</isValid></testMethod><aspNetDevServers type="System.Collections.Generic.List`1[[Microsoft.VisualStudio.TestTools.Common.AspNetDevelopmentServer, Microsoft.VisualStudio.QualityTools.Common, Version=8.0.0.0, Culture=neutral, PublicKeyToken=b03f5f7f11d50a3a]]"><_size type="System.Int32">0</_size><_version type="System.Int32">0</_version></aspNetDevServers><dataAccessMethod type="Microsoft.VisualStudio.TestTools.UnitTesting.DataAccessMethod, Microsoft.VisualStudio.QualityTools.UnitTestFramework, Version=8.0.0.0, Culture=neutral, PublicKeyToken=b03f5f7f11d50a3a"><value__ type="System.Int32">0</value__></dataAccessMethod><cssProjectStructure type="System.String" /><isRunOnRestart type="System.Boolean">False</isRunOnRestart><timeOut type="System.Int32">0</timeOut><isGroupable type="System.Boolean">True</isGroupable><abortRunOnAgentFailure type="System.Boolean">False</abortRunOnAgentFailure><cssIteration type="System.String" /><workItemIds type="System.Collections.Generic.List`1[[System.Int32, mscorlib, Version=2.0.0.0, Culture=neutral, PublicKeyToken=b77a5c561934e089]]"><_size type="System.Int32">0</_size><_version type="System.Int32">1</_version></workItemIds><id type="Microsoft.VisualStudio.TestTools.Common.TestId"><id type="System.Guid">c19420ac-942a-7879-d75c-0ebe87183c96</id></id><name type="System.String">Test_UPDatafeeds1Test</name><description type="System.String" /><enabled type="System.Boolean">True</enabled><owner type="System.String" /><priority type="System.Int32">0</priority><executionId type="Microsoft.VisualStudio.TestTools.Common.TestExecId"><id type="System.Guid">00000000-0000-0000-0000-000000000000</id></executionId><parentExecutId type="Microsoft.VisualStudio.TestTools.Common.TestExecId"><id type="System.Guid">00000000-0000-0000-0000-000000000000</id></parentExecutId><deploymentItems type="Microsoft.VisualStudio.TestTools.Common.DeploymentItemCollection" /><agentAttributes type="System.Collections.Specialized.StringDictionary, System, Version=2.0.0.0, Culture=neutral, PublicKeyToken=b77a5c561934e089" /><storage type="System.String">e:\projects\brownshoe\unit_tests\product\src\brownshoe\testing\unittests\bin\brownshoe.unittests.dll</storage><m_nonRunnableReason type="System.String" /></value><key type="Microsoft.VisualStudio.TestTools.Common.TestId"><id type="System.Guid">e47c9298-5146-fd00-93f3-eba7986892d8</id></key><value type="Microsoft.VisualStudio.TestTools.TestTypes.Unit.UnitTestElement, Microsoft.VisualStudio.QualityTools.Tips.UnitTest.ObjectModel, Version=8.0.0.0, Culture=neutral, PublicKeyToken=b03f5f7f11d50a3a"><codeBase type="System.String">e:/projects/brownshoe/unit_tests/product/src/BrownShoe/Testing/UnitTests/bin/BrownShoe.UnitTests.DLL</codeBase><adapterTypeName type="System.String">Microsoft.VisualStudio.TestTools.TestTypes.Unit.UnitTestAdapter, Microsoft.VisualStudio.QualityTools.Tips.UnitTest.Adapter</adapterTypeName><testMethod type="Microsoft.VisualStudio.TestTools.TestTypes.Unit.TestMethod, Microsoft.VisualStudio.QualityTools.Tips.UnitTest.ObjectModel, Version=8.0.0.0, Culture=neutral, PublicKeyToken=b03f5f7f11d50a3a"><className type="System.String">BrownShoe.UnitTests.Services.Frauds.FraudDetectionServiceTest, BrownShoe.UnitTests, Version=1.0.0.0, Culture=neutral, PublicKeyToken=null</className><name type="System.String">SearchDBTest</name><expectedExceptionMessage type="System.String" /><isValid type="System.Boolean">False</isValid></testMethod><aspNetDevServers type="System.Collections.Generic.List`1[[Microsoft.VisualStudio.TestTools.Common.AspNetDevelopmentServer, Microsoft.VisualStudio.QualityTools.Common, Version=8.0.0.0, Culture=neutral, PublicKeyToken=b03f5f7f11d50a3a]]"><_size type="System.Int32">0</_size><_version type="System.Int32">0</_version></aspNetDevServers><dataAccessMethod type="Microsoft.VisualStudio.TestTools.UnitTesting.DataAccessMethod, Microsoft.VisualStudio.QualityTools.UnitTestFramework, Version=8.0.0.0, Culture=neutral, PublicKeyToken=b03f5f7f11d50a3a"><value__ type="System.Int32">0</value__></dataAccessMethod><cssProjectStructure type="System.String" /><isRunOnRestart type="System.Boolean">False</isRunOnRestart><timeOut type="System.Int32">0</timeOut><isGroupable type="System.Boolean">True</isGroupable><abortRunOnAgentFailure type="System.Boolean">False</abortRunOnAgentFailure><cssIteration type="System.String" /><workItemIds type="System.Collections.Generic.List`1[[System.Int32, mscorlib, Version=2.0.0.0, Culture=neutral, PublicKeyToken=b77a5c561934e089]]"><_size type="System.Int32">0</_size><_version type="System.Int32">1</_version></workItemIds><id type="Microsoft.VisualStudio.TestTools.Common.TestId"><id type="System.Guid">e47c9298-5146-fd00-93f3-eba7986892d8</id></id><name type="System.String">SearchDBTest</name><description type="System.String" /><enabled type="System.Boolean">True</enabled><owner type="System.String" /><priority type="System.Int32">0</priority><executionId type="Microsoft.VisualStudio.TestTools.Common.TestExecId"><id type="System.Guid">00000000-0000-0000-0000-000000000000</id></executionId><parentExecutId type="Microsoft.VisualStudio.TestTools.Common.TestExecId"><id type="System.Guid">00000000-0000-0000-0000-000000000000</id></parentExecutId><deploymentItems type="Microsoft.VisualStudio.TestTools.Common.DeploymentItemCollection" /><agentAttributes type="System.Collections.Specialized.StringDictionary, System, Version=2.0.0.0, Culture=neutral, PublicKeyToken=b77a5c561934e089" /><storage type="System.String">e:\projects\brownshoe\unit_tests\product\src\brownshoe\testing\unittests\bin\brownshoe.unittests.dll</storage><m_nonRunnableReason type="System.String" /></value><key type="Microsoft.VisualStudio.TestTools.Common.TestId"><id type="System.Guid">436a870a-6017-7530-79f9-8670f605e803</id></key><value type="Microsoft.VisualStudio.TestTools.TestTypes.Unit.UnitTestElement, Microsoft.VisualStudio.QualityTools.Tips.UnitTest.ObjectModel, Version=8.0.0.0, Culture=neutral, PublicKeyToken=b03f5f7f11d50a3a"><codeBase type="System.String">e:/projects/brownshoe/unit_tests/product/src/BrownShoe/Testing/UnitTests/bin/BrownShoe.UnitTests.DLL</codeBase><adapterTypeName type="System.String">Microsoft.VisualStudio.TestTools.TestTypes.Unit.UnitTestAdapter, Microsoft.VisualStudio.QualityTools.Tips.UnitTest.Adapter</adapterTypeName><testMethod type="Microsoft.VisualStudio.TestTools.TestTypes.Unit.TestMethod, Microsoft.VisualStudio.QualityTools.Tips.UnitTest.ObjectModel, Version=8.0.0.0, Culture=neutral, PublicKeyToken=b03f5f7f11d50a3a"><className type="System.String">BrownShoe.UnitTests.Services.Frauds.FraudDetectionServiceTest, BrownShoe.UnitTests, Version=1.0.0.0, Culture=neutral, PublicKeyToken=null</className><name type="System.String">ReadTest</name><expectedExceptionMessage type="System.String" /><isValid type="System.Boolean">False</isValid></testMethod><aspNetDevServers type="System.Collections.Generic.List`1[[Microsoft.VisualStudio.TestTools.Common.AspNetDevelopmentServer, Microsoft.VisualStudio.QualityTools.Common, Version=8.0.0.0, Culture=neutral, PublicKeyToken=b03f5f7f11d50a3a]]"><_size type="System.Int32">0</_size><_version type="System.Int32">0</_version></aspNetDevServers><dataAccessMethod type="Microsoft.VisualStudio.TestTools.UnitTesting.DataAccessMethod, Microsoft.VisualStudio.QualityTools.UnitTestFramework, Version=8.0.0.0, Culture=neutral, PublicKeyToken=b03f5f7f11d50a3a"><value__ type="System.Int32">0</value__></dataAccessMethod><cssProjectStructure type="System.String" /><isRunOnRestart type="System.Boolean">False</isRunOnRestart><timeOut type="System.Int32">0</timeOut><isGroupable type="System.Boolean">True</isGroupable><abortRunOnAgentFailure type="System.Boolean">False</abortRunOnAgentFailure><cssIteration type="System.String" /><workItemIds type="System.Collections.Generic.List`1[[System.Int32, mscorlib, Version=2.0.0.0, Culture=neutral, PublicKeyToken=b77a5c561934e089]]"><_size type="System.Int32">0</_size><_version type="System.Int32">1</_version></workItemIds><id type="Microsoft.VisualStudio.TestTools.Common.TestId"><id type="System.Guid">436a870a-6017-7530-79f9-8670f605e803</id></id><name type="System.String">ReadTest</name><description type="System.String" /><enabled type="System.Boolean">True</enabled><owner type="System.String" /><priority type="System.Int32">0</priority><executionId type="Microsoft.VisualStudio.TestTools.Common.TestExecId"><id type="System.Guid">00000000-0000-0000-0000-000000000000</id></executionId><parentExecutId type="Microsoft.VisualStudio.TestTools.Common.TestExecId"><id type="System.Guid">00000000-0000-0000-0000-000000000000</id></parentExecutId><deploymentItems type="Microsoft.VisualStudio.TestTools.Common.DeploymentItemCollection" /><agentAttributes type="System.Collections.Specialized.StringDictionary, System, Version=2.0.0.0, Culture=neutral, PublicKeyToken=b77a5c561934e089" /><storage type="System.String">e:\projects\brownshoe\unit_tests\product\src\brownshoe\testing\unittests\bin\brownshoe.unittests.dll</storage><m_nonRunnableReason type="System.String" /></value><key type="Microsoft.VisualStudio.TestTools.Common.TestId"><id type="System.Guid">75ce7ae8-e49c-a37c-80bc-ddce749d058a</id></key><value type="Microsoft.VisualStudio.TestTools.TestTypes.Unit.UnitTestElement, Microsoft.VisualStudio.QualityTools.Tips.UnitTest.ObjectModel, Version=8.0.0.0, Culture=neutral, PublicKeyToken=b03f5f7f11d50a3a"><codeBase type="System.String">e:/projects/brownshoe/unit_tests/product/src/BrownShoe/Testing/UnitTests/bin/BrownShoe.UnitTests.DLL</codeBase><adapterTypeName type="System.String">Microsoft.VisualStudio.TestTools.TestTypes.Unit.UnitTestAdapter, Microsoft.VisualStudio.QualityTools.Tips.UnitTest.Adapter</adapterTypeName><testMethod type="Microsoft.VisualStudio.TestTools.TestTypes.Unit.TestMethod, Microsoft.VisualStudio.QualityTools.Tips.UnitTest.ObjectModel, Version=8.0.0.0, Culture=neutral, PublicKeyToken=b03f5f7f11d50a3a"><className type="System.String">BrownShoe.UnitTests.Services.ContentManagement.CMServiceTest, BrownShoe.UnitTests, Version=1.0.0.0, Culture=neutral, PublicKeyToken=null</className><name type="System.String">FindContentPagesTest</name><expectedExceptionMessage type="System.String" /><isValid type="System.Boolean">False</isValid></testMethod><aspNetDevServers type="System.Collections.Generic.List`1[[Microsoft.VisualStudio.TestTools.Common.AspNetDevelopmentServer, Microsoft.VisualStudio.QualityTools.Common, Version=8.0.0.0, Culture=neutral, PublicKeyToken=b03f5f7f11d50a3a]]"><_size type="System.Int32">0</_size><_version type="System.Int32">0</_version></aspNetDevServers><dataAccessMethod type="Microsoft.VisualStudio.TestTools.UnitTesting.DataAccessMethod, Microsoft.VisualStudio.QualityTools.UnitTestFramework, Version=8.0.0.0, Culture=neutral, PublicKeyToken=b03f5f7f11d50a3a"><value__ type="System.Int32">0</value__></dataAccessMethod><cssProjectStructure type="System.String" /><isRunOnRestart type="System.Boolean">False</isRunOnRestart><timeOut type="System.Int32">0</timeOut><isGroupable type="System.Boolean">True</isGroupable><abortRunOnAgentFailure type="System.Boolean">False</abortRunOnAgentFailure><cssIteration type="System.String" /><workItemIds type="System.Collections.Generic.List`1[[System.Int32, mscorlib, Version=2.0.0.0, Culture=neutral, PublicKeyToken=b77a5c561934e089]]"><_size type="System.Int32">0</_size><_version type="System.Int32">1</_version></workItemIds><id type="Microsoft.VisualStudio.TestTools.Common.TestId"><id type="System.Guid">75ce7ae8-e49c-a37c-80bc-ddce749d058a</id></id><name type="System.String">FindContentPagesTest</name><description type="System.String" /><enabled type="System.Boolean">True</enabled><owner type="System.String" /><priority type="System.Int32">0</priority><executionId type="Microsoft.VisualStudio.TestTools.Common.TestExecId"><id type="System.Guid">00000000-0000-0000-0000-000000000000</id></executionId><parentExecutId type="Microsoft.VisualStudio.TestTools.Common.TestExecId"><id type="System.Guid">00000000-0000-0000-0000-000000000000</id></parentExecutId><deploymentItems type="Microsoft.VisualStudio.TestTools.Common.DeploymentItemCollection" /><agentAttributes type="System.Collections.Specialized.StringDictionary, System, Version=2.0.0.0, Culture=neutral, PublicKeyToken=b77a5c561934e089" /><storage type="System.String">e:\projects\brownshoe\unit_tests\product\src\brownshoe\testing\unittests\bin\brownshoe.unittests.dll</storage><m_nonRunnableReason type="System.String" /></value><key type="Microsoft.VisualStudio.TestTools.Common.TestId"><id type="System.Guid">15337960-7825-21f8-6997-490bcb71ab55</id></key><value type="Microsoft.VisualStudio.TestTools.TestTypes.Unit.UnitTestElement, Microsoft.VisualStudio.QualityTools.Tips.UnitTest.ObjectModel, Version=8.0.0.0, Culture=neutral, PublicKeyToken=b03f5f7f11d50a3a"><codeBase type="System.String">e:/projects/brownshoe/unit_tests/product/src/BrownShoe/Testing/UnitTests/bin/BrownShoe.UnitTests.DLL</codeBase><adapterTypeName type="System.String">Microsoft.VisualStudio.TestTools.TestTypes.Unit.UnitTestAdapter, Microsoft.VisualStudio.QualityTools.Tips.UnitTest.Adapter</adapterTypeName><testMethod type="Microsoft.VisualStudio.TestTools.TestTypes.Unit.TestMethod, Microsoft.VisualStudio.QualityTools.Tips.UnitTest.ObjectModel, Version=8.0.0.0, Culture=neutral, PublicKeyToken=b03f5f7f11d50a3a"><className type="System.String">BrownShoe.UnitTests.Services.Catalog.KeywordSearchTest, BrownShoe.UnitTests, Version=1.0.0.0, Culture=neutral, PublicKeyToken=null</className><name type="System.String">SearchTest</name><expectedExceptionMessage type="System.String" /><isValid type="System.Boolean">False</isValid></testMethod><aspNetDevServers type="System.Collections.Generic.List`1[[Microsoft.VisualStudio.TestTools.Common.AspNetDevelopmentServer, Microsoft.VisualStudio.QualityTools.Common, Version=8.0.0.0, Culture=neutral, PublicKeyToken=b03f5f7f11d50a3a]]"><_size type="System.Int32">0</_size><_version type="System.Int32">0</_version></aspNetDevServers><dataAccessMethod type="Microsoft.VisualStudio.TestTools.UnitTesting.DataAccessMethod, Microsoft.VisualStudio.QualityTools.UnitTestFramework, Version=8.0.0.0, Culture=neutral, PublicKeyToken=b03f5f7f11d50a3a"><value__ type="System.Int32">0</value__></dataAccessMethod><cssProjectStructure type="System.String" /><isRunOnRestart type="System.Boolean">False</isRunOnRestart><timeOut type="System.Int32">0</timeOut><isGroupable type="System.Boolean">True</isGroupable><abortRunOnAgentFailure type="System.Boolean">False</abortRunOnAgentFailure><cssIteration type="System.String" /><workItemIds type="System.Collections.Generic.List`1[[System.Int32, mscorlib, Version=2.0.0.0, Culture=neutral, PublicKeyToken=b77a5c561934e089]]"><_size type="System.Int32">0</_size><_version type="System.Int32">1</_version></workItemIds><id type="Microsoft.VisualStudio.TestTools.Common.TestId"><id type="System.Guid">15337960-7825-21f8-6997-490bcb71ab55</id></id><name type="System.String">SearchTest</name><description type="System.String" /><enabled type="System.Boolean">True</enabled><owner type="System.String" /><priority type="System.Int32">0</priority><executionId type="Microsoft.VisualStudio.TestTools.Common.TestExecId"><id type="System.Guid">00000000-0000-0000-0000-000000000000</id></executionId><parentExecutId type="Microsoft.VisualStudio.TestTools.Common.TestExecId"><id type="System.Guid">00000000-0000-0000-0000-000000000000</id></parentExecutId><deploymentItems type="Microsoft.VisualStudio.TestTools.Common.DeploymentItemCollection" /><agentAttributes type="System.Collections.Specialized.StringDictionary, System, Version=2.0.0.0, Culture=neutral, PublicKeyToken=b77a5c561934e089" /><storage type="System.String">e:\projects\brownshoe\unit_tests\product\src\brownshoe\testing\unittests\bin\brownshoe.unittests.dll</storage><m_nonRunnableReason type="System.String" /></value><key type="Microsoft.VisualStudio.TestTools.Common.TestId"><id type="System.Guid">4427a4f6-9648-4b50-f47f-d0889b1bb111</id></key><value type="Microsoft.VisualStudio.TestTools.TestTypes.Unit.UnitTestElement, Microsoft.VisualStudio.QualityTools.Tips.UnitTest.ObjectModel, Version=8.0.0.0, Culture=neutral, PublicKeyToken=b03f5f7f11d50a3a"><codeBase type="System.String">e:/projects/brownshoe/unit_tests/product/src/BrownShoe/Testing/UnitTests/bin/BrownShoe.UnitTests.DLL</codeBase><adapterTypeName type="System.String">Microsoft.VisualStudio.TestTools.TestTypes.Unit.UnitTestAdapter, Microsoft.VisualStudio.QualityTools.Tips.UnitTest.Adapter</adapterTypeName><testMethod type="Microsoft.VisualStudio.TestTools.TestTypes.Unit.TestMethod, Microsoft.VisualStudio.QualityTools.Tips.UnitTest.ObjectModel, Version=8.0.0.0, Culture=neutral, PublicKeyToken=b03f5f7f11d50a3a"><className type="System.String">BrownShoe.UnitTests.Services.Orders.CheckoutServiceTest, BrownShoe.UnitTests, Version=1.0.0.0, Culture=neutral, PublicKeyToken=null</className><name type="System.String">AddGiftCardPaymentToCartTest</name><expectedExceptionMessage type="System.String" /><isValid type="System.Boolean">False</isValid></testMethod><aspNetDevServers type="System.Collections.Generic.List`1[[Microsoft.VisualStudio.TestTools.Common.AspNetDevelopmentServer, Microsoft.VisualStudio.QualityTools.Common, Version=8.0.0.0, Culture=neutral, PublicKeyToken=b03f5f7f11d50a3a]]"><_size type="System.Int32">0</_size><_version type="System.Int32">0</_version></aspNetDevServers><dataAccessMethod type="Microsoft.VisualStudio.TestTools.UnitTesting.DataAccessMethod, Microsoft.VisualStudio.QualityTools.UnitTestFramework, Version=8.0.0.0, Culture=neutral, PublicKeyToken=b03f5f7f11d50a3a"><value__ type="System.Int32">0</value__></dataAccessMethod><cssProjectStructure type="System.String" /><isRunOnRestart type="System.Boolean">False</isRunOnRestart><timeOut type="System.Int32">0</timeOut><isGroupable type="System.Boolean">True</isGroupable><abortRunOnAgentFailure type="System.Boolean">False</abortRunOnAgentFailure><cssIteration type="System.String" /><workItemIds type="System.Collections.Generic.List`1[[System.Int32, mscorlib, Version=2.0.0.0, Culture=neutral, PublicKeyToken=b77a5c561934e089]]"><_size type="System.Int32">0</_size><_version type="System.Int32">1</_version></workItemIds><id type="Microsoft.VisualStudio.TestTools.Common.TestId"><id type="System.Guid">4427a4f6-9648-4b50-f47f-d0889b1bb111</id></id><name type="System.String">AddGiftCardPaymentToCartTest</name><description type="System.String" /><enabled type="System.Boolean">True</enabled><owner type="System.String" /><priority type="System.Int32">0</priority><executionId type="Microsoft.VisualStudio.TestTools.Common.TestExecId"><id type="System.Guid">00000000-0000-0000-0000-000000000000</id></executionId><parentExecutId type="Microsoft.VisualStudio.TestTools.Common.TestExecId"><id type="System.Guid">00000000-0000-0000-0000-000000000000</id></parentExecutId><deploymentItems type="Microsoft.VisualStudio.TestTools.Common.DeploymentItemCollection" /><agentAttributes type="System.Collections.Specialized.StringDictionary, System, Version=2.0.0.0, Culture=neutral, PublicKeyToken=b77a5c561934e089" /><storage type="System.String">e:\projects\brownshoe\unit_tests\product\src\brownshoe\testing\unittests\bin\brownshoe.unittests.dll</storage><m_nonRunnableReason type="System.String" /></value><key type="Microsoft.VisualStudio.TestTools.Common.TestId"><id type="System.Guid">f5b8ecc6-4aa3-6e42-8018-04040f188816</id></key><value type="Microsoft.VisualStudio.TestTools.TestTypes.Unit.UnitTestElement, Microsoft.VisualStudio.QualityTools.Tips.UnitTest.ObjectModel, Version=8.0.0.0, Culture=neutral, PublicKeyToken=b03f5f7f11d50a3a"><codeBase type="System.String">e:/projects/brownshoe/unit_tests/product/src/BrownShoe/Testing/UnitTests/bin/BrownShoe.UnitTests.DLL</codeBase><adapterTypeName type="System.String">Microsoft.VisualStudio.TestTools.TestTypes.Unit.UnitTestAdapter, Microsoft.VisualStudio.QualityTools.Tips.UnitTest.Adapter</adapterTypeName><testMethod type="Microsoft.VisualStudio.TestTools.TestTypes.Unit.TestMethod, Microsoft.VisualStudio.QualityTools.Tips.UnitTest.ObjectModel, Version=8.0.0.0, Culture=neutral, PublicKeyToken=b03f5f7f11d50a3a"><className type="System.String">BrownShoe.UnitTests.Services.Madison.GrandOpeningServiceTest, BrownShoe.UnitTests, Version=1.0.0.0, Culture=neutral, PublicKeyToken=null</className><name type="System.String">GetAllTest</name><expectedExceptionMessage type="System.String" /><isValid type="System.Boolean">False</isValid></testMethod><aspNetDevServers type="System.Collections.Generic.List`1[[Microsoft.VisualStudio.TestTools.Common.AspNetDevelopmentServer, Microsoft.VisualStudio.QualityTools.Common, Version=8.0.0.0, Culture=neutral, PublicKeyToken=b03f5f7f11d50a3a]]"><_size type="System.Int32">0</_size><_version type="System.Int32">0</_version></aspNetDevServers><dataAccessMethod type="Microsoft.VisualStudio.TestTools.UnitTesting.DataAccessMethod, Microsoft.VisualStudio.QualityTools.UnitTestFramework, Version=8.0.0.0, Culture=neutral, PublicKeyToken=b03f5f7f11d50a3a"><value__ type="System.Int32">0</value__></dataAccessMethod><cssProjectStructure type="System.String" /><isRunOnRestart type="System.Boolean">False</isRunOnRestart><timeOut type="System.Int32">0</timeOut><isGroupable type="System.Boolean">True</isGroupable><abortRunOnAgentFailure type="System.Boolean">False</abortRunOnAgentFailure><cssIteration type="System.String" /><workItemIds type="System.Collections.Generic.List`1[[System.Int32, mscorlib, Version=2.0.0.0, Culture=neutral, PublicKeyToken=b77a5c561934e089]]"><_size type="System.Int32">0</_size><_version type="System.Int32">1</_version></workItemIds><id type="Microsoft.VisualStudio.TestTools.Common.TestId"><id type="System.Guid">f5b8ecc6-4aa3-6e42-8018-04040f188816</id></id><name type="System.String">GetAllTest</name><description type="System.String" /><enabled type="System.Boolean">True</enabled><owner type="System.String" /><priority type="System.Int32">0</priority><executionId type="Microsoft.VisualStudio.TestTools.Common.TestExecId"><id type="System.Guid">00000000-0000-0000-0000-000000000000</id></executionId><parentExecutId type="Microsoft.VisualStudio.TestTools.Common.TestExecId"><id type="System.Guid">00000000-0000-0000-0000-000000000000</id></parentExecutId><deploymentItems type="Microsoft.VisualStudio.TestTools.Common.DeploymentItemCollection" /><agentAttributes type="System.Collections.Specialized.StringDictionary, System, Version=2.0.0.0, Culture=neutral, PublicKeyToken=b77a5c561934e089" /><storage type="System.String">e:\projects\brownshoe\unit_tests\product\src\brownshoe\testing\unittests\bin\brownshoe.unittests.dll</storage><m_nonRunnableReason type="System.String" /></value><key type="Microsoft.VisualStudio.TestTools.Common.TestId"><id type="System.Guid">c1f10672-4ba7-afc2-8387-32f74d7dd036</id></key><value type="Microsoft.VisualStudio.TestTools.TestTypes.Unit.UnitTestElement, Microsoft.VisualStudio.QualityTools.Tips.UnitTest.ObjectModel, Version=8.0.0.0, Culture=neutral, PublicKeyToken=b03f5f7f11d50a3a"><codeBase type="System.String">e:/projects/brownshoe/unit_tests/product/src/BrownShoe/Testing/UnitTests/bin/BrownShoe.UnitTests.DLL</codeBase><adapterTypeName type="System.String">Microsoft.VisualStudio.TestTools.TestTypes.Unit.UnitTestAdapter, Microsoft.VisualStudio.QualityTools.Tips.UnitTest.Adapter</adapterTypeName><testMethod type="Microsoft.VisualStudio.TestTools.TestTypes.Unit.TestMethod, Microsoft.VisualStudio.QualityTools.Tips.UnitTest.ObjectModel, Version=8.0.0.0, Culture=neutral, PublicKeyToken=b03f5f7f11d50a3a"><className type="System.String">BrownShoe.UnitTests.Services.Madison.MadisonWebServiceTest, BrownShoe.UnitTests, Version=1.0.0.0, Culture=neutral, PublicKeyToken=null</className><name type="System.String">GiftCardBalanceCheckTest</name><expectedExceptionMessage type="System.String" /><isValid type="System.Boolean">False</isValid></testMethod><aspNetDevServers type="System.Collections.Generic.List`1[[Microsoft.VisualStudio.TestTools.Common.AspNetDevelopmentServer, Microsoft.VisualStudio.QualityTools.Common, Version=8.0.0.0, Culture=neutral, PublicKeyToken=b03f5f7f11d50a3a]]"><_size type="System.Int32">0</_size><_version type="System.Int32">0</_version></aspNetDevServers><dataAccessMethod type="Microsoft.VisualStudio.TestTools.UnitTesting.DataAccessMethod, Microsoft.VisualStudio.QualityTools.UnitTestFramework, Version=8.0.0.0, Culture=neutral, PublicKeyToken=b03f5f7f11d50a3a"><value__ type="System.Int32">0</value__></dataAccessMethod><cssProjectStructure type="System.String" /><isRunOnRestart type="System.Boolean">False</isRunOnRestart><timeOut type="System.Int32">0</timeOut><isGroupable type="System.Boolean">True</isGroupable><abortRunOnAgentFailure type="System.Boolean">False</abortRunOnAgentFailure><cssIteration type="System.String" /><workItemIds type="System.Collections.Generic.List`1[[System.Int32, mscorlib, Version=2.0.0.0, Culture=neutral, PublicKeyToken=b77a5c561934e089]]"><_size type="System.Int32">0</_size><_version type="System.Int32">1</_version></workItemIds><id type="Microsoft.VisualStudio.TestTools.Common.TestId"><id type="System.Guid">c1f10672-4ba7-afc2-8387-32f74d7dd036</id></id><name type="System.String">GiftCardBalanceCheckTest</name><description type="System.String" /><enabled type="System.Boolean">True</enabled><owner type="System.String" /><priority type="System.Int32">0</priority><executionId type="Microsoft.VisualStudio.TestTools.Common.TestExecId"><id type="System.Guid">00000000-0000-0000-0000-000000000000</id></executionId><parentExecutId type="Microsoft.VisualStudio.TestTools.Common.TestExecId"><id type="System.Guid">00000000-0000-0000-0000-000000000000</id></parentExecutId><deploymentItems type="Microsoft.VisualStudio.TestTools.Common.DeploymentItemCollection" /><agentAttributes type="System.Collections.Specialized.StringDictionary, System, Version=2.0.0.0, Culture=neutral, PublicKeyToken=b77a5c561934e089" /><storage type="System.String">e:\projects\brownshoe\unit_tests\product\src\brownshoe\testing\unittests\bin\brownshoe.unittests.dll</storage><m_nonRunnableReason type="System.String" /></value><key type="Microsoft.VisualStudio.TestTools.Common.TestId"><id type="System.Guid">8b3eaf1f-7256-0288-2bd5-c23e606d76e2</id></key><value type="Microsoft.VisualStudio.TestTools.TestTypes.Unit.UnitTestElement, Microsoft.VisualStudio.QualityTools.Tips.UnitTest.ObjectModel, Version=8.0.0.0, Culture=neutral, PublicKeyToken=b03f5f7f11d50a3a"><codeBase type="System.String">e:/projects/brownshoe/unit_tests/product/src/BrownShoe/Testing/UnitTests/bin/BrownShoe.UnitTests.DLL</codeBase><adapterTypeName type="System.String">Microsoft.VisualStudio.TestTools.TestTypes.Unit.UnitTestAdapter, Microsoft.VisualStudio.QualityTools.Tips.UnitTest.Adapter</adapterTypeName><testMethod type="Microsoft.VisualStudio.TestTools.TestTypes.Unit.TestMethod, Microsoft.VisualStudio.QualityTools.Tips.UnitTest.ObjectModel, Version=8.0.0.0, Culture=neutral, PublicKeyToken=b03f5f7f11d50a3a"><className type="System.String">BrownShoe.UnitTests.Services.DataAccess.GiftCertificateDBTest, BrownShoe.UnitTests, Version=1.0.0.0, Culture=neutral, PublicKeyToken=null</className><name type="System.String">ApplyGiftCertificateTest</name><expectedExceptionMessage type="System.String" /><isValid type="System.Boolean">False</isValid></testMethod><aspNetDevServers type="System.Collections.Generic.List`1[[Microsoft.VisualStudio.TestTools.Common.AspNetDevelopmentServer, Microsoft.VisualStudio.QualityTools.Common, Version=8.0.0.0, Culture=neutral, PublicKeyToken=b03f5f7f11d50a3a]]"><_size type="System.Int32">0</_size><_version type="System.Int32">0</_version></aspNetDevServers><dataAccessMethod type="Microsoft.VisualStudio.TestTools.UnitTesting.DataAccessMethod, Microsoft.VisualStudio.QualityTools.UnitTestFramework, Version=8.0.0.0, Culture=neutral, PublicKeyToken=b03f5f7f11d50a3a"><value__ type="System.Int32">0</value__></dataAccessMethod><cssProjectStructure type="System.String" /><isRunOnRestart type="System.Boolean">False</isRunOnRestart><timeOut type="System.Int32">0</timeOut><isGroupable type="System.Boolean">True</isGroupable><abortRunOnAgentFailure type="System.Boolean">False</abortRunOnAgentFailure><cssIteration type="System.String" /><workItemIds type="System.Collections.Generic.List`1[[System.Int32, mscorlib, Version=2.0.0.0, Culture=neutral, PublicKeyToken=b77a5c561934e089]]"><_size type="System.Int32">0</_size><_version type="System.Int32">1</_version></workItemIds><id type="Microsoft.VisualStudio.TestTools.Common.TestId"><id type="System.Guid">8b3eaf1f-7256-0288-2bd5-c23e606d76e2</id></id><name type="System.String">ApplyGiftCertificateTest</name><description type="System.String" /><enabled type="System.Boolean">True</enabled><owner type="System.String" /><priority type="System.Int32">0</priority><executionId type="Microsoft.VisualStudio.TestTools.Common.TestExecId"><id type="System.Guid">00000000-0000-0000-0000-000000000000</id></executionId><parentExecutId type="Microsoft.VisualStudio.TestTools.Common.TestExecId"><id type="System.Guid">00000000-0000-0000-0000-000000000000</id></parentExecutId><deploymentItems type="Microsoft.VisualStudio.TestTools.Common.DeploymentItemCollection" /><agentAttributes type="System.Collections.Specialized.StringDictionary, System, Version=2.0.0.0, Culture=neutral, PublicKeyToken=b77a5c561934e089" /><storage type="System.String">e:\projects\brownshoe\unit_tests\product\src\brownshoe\testing\unittests\bin\brownshoe.unittests.dll</storage><m_nonRunnableReason type="System.String" /></value><key type="Microsoft.VisualStudio.TestTools.Common.TestId"><id type="System.Guid">38ab14de-27fb-b1bd-c332-6c97929f07bb</id></key><value type="Microsoft.VisualStudio.TestTools.TestTypes.Unit.UnitTestElement, Microsoft.VisualStudio.QualityTools.Tips.UnitTest.ObjectModel, Version=8.0.0.0, Culture=neutral, PublicKeyToken=b03f5f7f11d50a3a"><codeBase type="System.String">e:/projects/brownshoe/unit_tests/product/src/BrownShoe/Testing/UnitTests/bin/BrownShoe.UnitTests.DLL</codeBase><adapterTypeName type="System.String">Microsoft.VisualStudio.TestTools.TestTypes.Unit.UnitTestAdapter, Microsoft.VisualStudio.QualityTools.Tips.UnitTest.Adapter</adapterTypeName><testMethod type="Microsoft.VisualStudio.TestTools.TestTypes.Unit.TestMethod, Microsoft.VisualStudio.QualityTools.Tips.UnitTest.ObjectModel, Version=8.0.0.0, Culture=neutral, PublicKeyToken=b03f5f7f11d50a3a"><className type="System.String">BrownShoe.UnitTests.Services.DataAccess.GiftCertificateDBTest, BrownShoe.UnitTests, Version=1.0.0.0, Culture=neutral, PublicKeyToken=null</className><name type="System.String">GetTest</name><expectedExceptionMessage type="System.String" /><isValid type="System.Boolean">False</isValid></testMethod><aspNetDevServers type="System.Collections.Generic.List`1[[Microsoft.VisualStudio.TestTools.Common.AspNetDevelopmentServer, Microsoft.VisualStudio.QualityTools.Common, Version=8.0.0.0, Culture=neutral, PublicKeyToken=b03f5f7f11d50a3a]]"><_size type="System.Int32">0</_size><_version type="System.Int32">0</_version></aspNetDevServers><dataAccessMethod type="Microsoft.VisualStudio.TestTools.UnitTesting.DataAccessMethod, Microsoft.VisualStudio.QualityTools.UnitTestFramework, Version=8.0.0.0, Culture=neutral, PublicKeyToken=b03f5f7f11d50a3a"><value__ type="System.Int32">0</value__></dataAccessMethod><cssProjectStructure type="System.String" /><isRunOnRestart type="System.Boolean">False</isRunOnRestart><timeOut type="System.Int32">0</timeOut><isGroupable type="System.Boolean">True</isGroupable><abortRunOnAgentFailure type="System.Boolean">False</abortRunOnAgentFailure><cssIteration type="System.String" /><workItemIds type="System.Collections.Generic.List`1[[System.Int32, mscorlib, Version=2.0.0.0, Culture=neutral, PublicKeyToken=b77a5c561934e089]]"><_size type="System.Int32">0</_size><_version type="System.Int32">1</_version></workItemIds><id type="Microsoft.VisualStudio.TestTools.Common.TestId"><id type="System.Guid">38ab14de-27fb-b1bd-c332-6c97929f07bb</id></id><name type="System.String">GetTest</name><description type="System.String" /><enabled type="System.Boolean">True</enabled><owner type="System.String" /><priority type="System.Int32">0</priority><executionId type="Microsoft.VisualStudio.TestTools.Common.TestExecId"><id type="System.Guid">00000000-0000-0000-0000-000000000000</id></executionId><parentExecutId type="Microsoft.VisualStudio.TestTools.Common.TestExecId"><id type="System.Guid">00000000-0000-0000-0000-000000000000</id></parentExecutId><deploymentItems type="Microsoft.VisualStudio.TestTools.Common.DeploymentItemCollection" /><agentAttributes type="System.Collections.Specialized.StringDictionary, System, Version=2.0.0.0, Culture=neutral, PublicKeyToken=b77a5c561934e089" /><storage type="System.String">e:\projects\brownshoe\unit_tests\product\src\brownshoe\testing\unittests\bin\brownshoe.unittests.dll</storage><m_nonRunnableReason type="System.String" /></value><key type="Microsoft.VisualStudio.TestTools.Common.TestId"><id type="System.Guid">4cfbe9cb-3842-6daa-f27d-fce3454220c3</id></key><value type="Microsoft.VisualStudio.TestTools.TestTypes.Unit.UnitTestElement, Microsoft.VisualStudio.QualityTools.Tips.UnitTest.ObjectModel, Version=8.0.0.0, Culture=neutral, PublicKeyToken=b03f5f7f11d50a3a"><codeBase type="System.String">e:/projects/brownshoe/unit_tests/product/src/BrownShoe/Testing/UnitTests/bin/BrownShoe.UnitTests.DLL</codeBase><adapterTypeName type="System.String">Microsoft.VisualStudio.TestTools.TestTypes.Unit.UnitTestAdapter, Microsoft.VisualStudio.QualityTools.Tips.UnitTest.Adapter</adapterTypeName><testMethod type="Microsoft.VisualStudio.TestTools.TestTypes.Unit.TestMethod, Microsoft.VisualStudio.QualityTools.Tips.UnitTest.ObjectModel, Version=8.0.0.0, Culture=neutral, PublicKeyToken=b03f5f7f11d50a3a"><className type="System.String">BrownShoe.UnitTests.Services.Search.SearchServiceTest, BrownShoe.UnitTests, Version=1.0.0.0, Culture=neutral, PublicKeyToken=null</className><name type="System.String">GetKeywordSearchTest</name><expectedExceptionMessage type="System.String" /><isValid type="System.Boolean">False</isValid></testMethod><aspNetDevServers type="System.Collections.Generic.List`1[[Microsoft.VisualStudio.TestTools.Common.AspNetDevelopmentServer, Microsoft.VisualStudio.QualityTools.Common, Version=8.0.0.0, Culture=neutral, PublicKeyToken=b03f5f7f11d50a3a]]"><_size type="System.Int32">0</_size><_version type="System.Int32">0</_version></aspNetDevServers><dataAccessMethod type="Microsoft.VisualStudio.TestTools.UnitTesting.DataAccessMethod, Microsoft.VisualStudio.QualityTools.UnitTestFramework, Version=8.0.0.0, Culture=neutral, PublicKeyToken=b03f5f7f11d50a3a"><value__ type="System.Int32">0</value__></dataAccessMethod><cssProjectStructure type="System.String" /><isRunOnRestart type="System.Boolean">False</isRunOnRestart><timeOut type="System.Int32">0</timeOut><isGroupable type="System.Boolean">True</isGroupable><abortRunOnAgentFailure type="System.Boolean">False</abortRunOnAgentFailure><cssIteration type="System.String" /><workItemIds type="System.Collections.Generic.List`1[[System.Int32, mscorlib, Version=2.0.0.0, Culture=neutral, PublicKeyToken=b77a5c561934e089]]"><_size type="System.Int32">0</_size><_version type="System.Int32">1</_version></workItemIds><id type="Microsoft.VisualStudio.TestTools.Common.TestId"><id type="System.Guid">4cfbe9cb-3842-6daa-f27d-fce3454220c3</id></id><name type="System.String">GetKeywordSearchTest</name><description type="System.String" /><enabled type="System.Boolean">True</enabled><owner type="System.String" /><priority type="System.Int32">0</priority><executionId type="Microsoft.VisualStudio.TestTools.Common.TestExecId"><id type="System.Guid">00000000-0000-0000-0000-000000000000</id></executionId><parentExecutId type="Microsoft.VisualStudio.TestTools.Common.TestExecId"><id type="System.Guid">00000000-0000-0000-0000-000000000000</id></parentExecutId><deploymentItems type="Microsoft.VisualStudio.TestTools.Common.DeploymentItemCollection" /><agentAttributes type="System.Collections.Specialized.StringDictionary, System, Version=2.0.0.0, Culture=neutral, PublicKeyToken=b77a5c561934e089" /><storage type="System.String">e:\projects\brownshoe\unit_tests\product\src\brownshoe\testing\unittests\bin\brownshoe.unittests.dll</storage><m_nonRunnableReason type="System.String" /></value><key type="Microsoft.VisualStudio.TestTools.Common.TestId"><id type="System.Guid">a887f944-8c69-aec5-3b63-bb3dc5ab4f3a</id></key><value type="Microsoft.VisualStudio.TestTools.TestTypes.Unit.UnitTestElement, Microsoft.VisualStudio.QualityTools.Tips.UnitTest.ObjectModel, Version=8.0.0.0, Culture=neutral, PublicKeyToken=b03f5f7f11d50a3a"><codeBase type="System.String">e:/projects/brownshoe/unit_tests/product/src/BrownShoe/Testing/UnitTests/bin/BrownShoe.UnitTests.DLL</codeBase><adapterTypeName type="System.String">Microsoft.VisualStudio.TestTools.TestTypes.Unit.UnitTestAdapter, Microsoft.VisualStudio.QualityTools.Tips.UnitTest.Adapter</adapterTypeName><testMethod type="Microsoft.VisualStudio.TestTools.TestTypes.Unit.TestMethod, Microsoft.VisualStudio.QualityTools.Tips.UnitTest.ObjectModel, Version=8.0.0.0, Culture=neutral, PublicKeyToken=b03f5f7f11d50a3a"><className type="System.String">BrownShoe.UnitTests.Services.DataAccess.EDI_InvoiceDBTest, BrownShoe.UnitTests, Version=1.0.0.0, Culture=neutral, PublicKeyToken=null</className><name type="System.String">table1Test</name><expectedExceptionMessage type="System.String" /><isValid type="System.Boolean">False</isValid></testMethod><aspNetDevServers type="System.Collections.Generic.List`1[[Microsoft.VisualStudio.TestTools.Common.AspNetDevelopmentServer, Microsoft.VisualStudio.QualityTools.Common, Version=8.0.0.0, Culture=neutral, PublicKeyToken=b03f5f7f11d50a3a]]"><_size type="System.Int32">0</_size><_version type="System.Int32">0</_version></aspNetDevServers><dataAccessMethod type="Microsoft.VisualStudio.TestTools.UnitTesting.DataAccessMethod, Microsoft.VisualStudio.QualityTools.UnitTestFramework, Version=8.0.0.0, Culture=neutral, PublicKeyToken=b03f5f7f11d50a3a"><value__ type="System.Int32">0</value__></dataAccessMethod><cssProjectStructure type="System.String" /><isRunOnRestart type="System.Boolean">False</isRunOnRestart><timeOut type="System.Int32">0</timeOut><isGroupable type="System.Boolean">True</isGroupable><abortRunOnAgentFailure type="System.Boolean">False</abortRunOnAgentFailure><cssIteration type="System.String" /><workItemIds type="System.Collections.Generic.List`1[[System.Int32, mscorlib, Version=2.0.0.0, Culture=neutral, PublicKeyToken=b77a5c561934e089]]"><_size type="System.Int32">0</_size><_version type="System.Int32">1</_version></workItemIds><id type="Microsoft.VisualStudio.TestTools.Common.TestId"><id type="System.Guid">a887f944-8c69-aec5-3b63-bb3dc5ab4f3a</id></id><name type="System.String">table1Test</name><description type="System.String" /><enabled type="System.Boolean">True</enabled><owner type="System.String" /><priority type="System.Int32">0</priority><executionId type="Microsoft.VisualStudio.TestTools.Common.TestExecId"><id type="System.Guid">00000000-0000-0000-0000-000000000000</id></executionId><parentExecutId type="Microsoft.VisualStudio.TestTools.Common.TestExecId"><id type="System.Guid">00000000-0000-0000-0000-000000000000</id></parentExecutId><deploymentItems type="Microsoft.VisualStudio.TestTools.Common.DeploymentItemCollection" /><agentAttributes type="System.Collections.Specialized.StringDictionary, System, Version=2.0.0.0, Culture=neutral, PublicKeyToken=b77a5c561934e089" /><storage type="System.String">e:\projects\brownshoe\unit_tests\product\src\brownshoe\testing\unittests\bin\brownshoe.unittests.dll</storage><m_nonRunnableReason type="System.String" /></value><key type="Microsoft.VisualStudio.TestTools.Common.TestId"><id type="System.Guid">d4124dc6-88ee-4f62-abeb-85c17f3ea058</id></key><value type="Microsoft.VisualStudio.TestTools.TestTypes.Unit.UnitTestElement, Microsoft.VisualStudio.QualityTools.Tips.UnitTest.ObjectModel, Version=8.0.0.0, Culture=neutral, PublicKeyToken=b03f5f7f11d50a3a"><codeBase type="System.String">e:/projects/brownshoe/unit_tests/product/src/BrownShoe/Testing/UnitTests/bin/BrownShoe.UnitTests.DLL</codeBase><adapterTypeName type="System.String">Microsoft.VisualStudio.TestTools.TestTypes.Unit.UnitTestAdapter, Microsoft.VisualStudio.QualityTools.Tips.UnitTest.Adapter</adapterTypeName><testMethod type="Microsoft.VisualStudio.TestTools.TestTypes.Unit.TestMethod, Microsoft.VisualStudio.QualityTools.Tips.UnitTest.ObjectModel, Version=8.0.0.0, Culture=neutral, PublicKeyToken=b03f5f7f11d50a3a"><className type="System.String">BrownShoe.UnitTests.Services.Profiles.CsrProfileServiceTest, BrownShoe.UnitTests, Version=1.0.0.0, Culture=neutral, PublicKeyToken=null</className><name type="System.String">ReadFromCashierNumberTest</name><expectedExceptionMessage type="System.String" /><isValid type="System.Boolean">False</isValid></testMethod><aspNetDevServers type="System.Collections.Generic.List`1[[Microsoft.VisualStudio.TestTools.Common.AspNetDevelopmentServer, Microsoft.VisualStudio.QualityTools.Common, Version=8.0.0.0, Culture=neutral, PublicKeyToken=b03f5f7f11d50a3a]]"><_size type="System.Int32">0</_size><_version type="System.Int32">0</_version></aspNetDevServers><dataAccessMethod type="Microsoft.VisualStudio.TestTools.UnitTesting.DataAccessMethod, Microsoft.VisualStudio.QualityTools.UnitTestFramework, Version=8.0.0.0, Culture=neutral, PublicKeyToken=b03f5f7f11d50a3a"><value__ type="System.Int32">0</value__></dataAccessMethod><cssProjectStructure type="System.String" /><isRunOnRestart type="System.Boolean">False</isRunOnRestart><timeOut type="System.Int32">0</timeOut><isGroupable type="System.Boolean">True</isGroupable><abortRunOnAgentFailure type="System.Boolean">False</abortRunOnAgentFailure><cssIteration type="System.String" /><workItemIds type="System.Collections.Generic.List`1[[System.Int32, mscorlib, Version=2.0.0.0, Culture=neutral, PublicKeyToken=b77a5c561934e089]]"><_size type="System.Int32">0</_size><_version type="System.Int32">1</_version></workItemIds><id type="Microsoft.VisualStudio.TestTools.Common.TestId"><id type="System.Guid">d4124dc6-88ee-4f62-abeb-85c17f3ea058</id></id><name type="System.String">ReadFromCashierNumberTest</name><description type="System.String" /><enabled type="System.Boolean">True</enabled><owner type="System.String" /><priority type="System.Int32">0</priority><executionId type="Microsoft.VisualStudio.TestTools.Common.TestExecId"><id type="System.Guid">00000000-0000-0000-0000-000000000000</id></executionId><parentExecutId type="Microsoft.VisualStudio.TestTools.Common.TestExecId"><id type="System.Guid">00000000-0000-0000-0000-000000000000</id></parentExecutId><deploymentItems type="Microsoft.VisualStudio.TestTools.Common.DeploymentItemCollection" /><agentAttributes type="System.Collections.Specialized.StringDictionary, System, Version=2.0.0.0, Culture=neutral, PublicKeyToken=b77a5c561934e089" /><storage type="System.String">e:\projects\brownshoe\unit_tests\product\src\brownshoe\testing\unittests\bin\brownshoe.unittests.dll</storage><m_nonRunnableReason type="System.String" /></value><key type="Microsoft.VisualStudio.TestTools.Common.TestId"><id type="System.Guid">452428fe-1e46-2b6b-5eec-e0980f91fda7</id></key><value type="Microsoft.VisualStudio.TestTools.TestTypes.Unit.UnitTestElement, Microsoft.VisualStudio.QualityTools.Tips.UnitTest.ObjectModel, Version=8.0.0.0, Culture=neutral, PublicKeyToken=b03f5f7f11d50a3a"><codeBase type="System.String">e:/projects/brownshoe/unit_tests/product/src/BrownShoe/Testing/UnitTests/bin/BrownShoe.UnitTests.DLL</codeBase><adapterTypeName type="System.String">Microsoft.VisualStudio.TestTools.TestTypes.Unit.UnitTestAdapter, Microsoft.VisualStudio.QualityTools.Tips.UnitTest.Adapter</adapterTypeName><testMethod type="Microsoft.VisualStudio.TestTools.TestTypes.Unit.TestMethod, Microsoft.VisualStudio.QualityTools.Tips.UnitTest.ObjectModel, Version=8.0.0.0, Culture=neutral, PublicKeyToken=b03f5f7f11d50a3a"><className type="System.String">BrownShoe.UnitTests.Services.Orders.CustomerOrderServiceTest, BrownShoe.UnitTests, Version=1.0.0.0, Culture=neutral, PublicKeyToken=null</className><name type="System.String">GetOrderMemosTest</name><expectedExceptionMessage type="System.String" /><isValid type="System.Boolean">False</isValid></testMethod><aspNetDevServers type="System.Collections.Generic.List`1[[Microsoft.VisualStudio.TestTools.Common.AspNetDevelopmentServer, Microsoft.VisualStudio.QualityTools.Common, Version=8.0.0.0, Culture=neutral, PublicKeyToken=b03f5f7f11d50a3a]]"><_size type="System.Int32">0</_size><_version type="System.Int32">0</_version></aspNetDevServers><dataAccessMethod type="Microsoft.VisualStudio.TestTools.UnitTesting.DataAccessMethod, Microsoft.VisualStudio.QualityTools.UnitTestFramework, Version=8.0.0.0, Culture=neutral, PublicKeyToken=b03f5f7f11d50a3a"><value__ type="System.Int32">0</value__></dataAccessMethod><cssProjectStructure type="System.String" /><isRunOnRestart type="System.Boolean">False</isRunOnRestart><timeOut type="System.Int32">0</timeOut><isGroupable type="System.Boolean">True</isGroupable><abortRunOnAgentFailure type="System.Boolean">False</abortRunOnAgentFailure><cssIteration type="System.String" /><workItemIds type="System.Collections.Generic.List`1[[System.Int32, mscorlib, Version=2.0.0.0, Culture=neutral, PublicKeyToken=b77a5c561934e089]]"><_size type="System.Int32">0</_size><_version type="System.Int32">1</_version></workItemIds><id type="Microsoft.VisualStudio.TestTools.Common.TestId"><id type="System.Guid">452428fe-1e46-2b6b-5eec-e0980f91fda7</id></id><name type="System.String">GetOrderMemosTest</name><description type="System.String" /><enabled type="System.Boolean">True</enabled><owner type="System.String" /><priority type="System.Int32">0</priority><executionId type="Microsoft.VisualStudio.TestTools.Common.TestExecId"><id type="System.Guid">00000000-0000-0000-0000-000000000000</id></executionId><parentExecutId type="Microsoft.VisualStudio.TestTools.Common.TestExecId"><id type="System.Guid">00000000-0000-0000-0000-000000000000</id></parentExecutId><deploymentItems type="Microsoft.VisualStudio.TestTools.Common.DeploymentItemCollection" /><agentAttributes type="System.Collections.Specialized.StringDictionary, System, Version=2.0.0.0, Culture=neutral, PublicKeyToken=b77a5c561934e089" /><storage type="System.String">e:\projects\brownshoe\unit_tests\product\src\brownshoe\testing\unittests\bin\brownshoe.unittests.dll</storage><m_nonRunnableReason type="System.String" /></value><key type="Microsoft.VisualStudio.TestTools.Common.TestId"><id type="System.Guid">34d61fcf-1a77-f51a-b24b-fe2e73941feb</id></key><value type="Microsoft.VisualStudio.TestTools.TestTypes.Unit.UnitTestElement, Microsoft.VisualStudio.QualityTools.Tips.UnitTest.ObjectModel, Version=8.0.0.0, Culture=neutral, PublicKeyToken=b03f5f7f11d50a3a"><codeBase type="System.String">e:/projects/brownshoe/unit_tests/product/src/BrownShoe/Testing/UnitTests/bin/BrownShoe.UnitTests.DLL</codeBase><adapterTypeName type="System.String">Microsoft.VisualStudio.TestTools.TestTypes.Unit.UnitTestAdapter, Microsoft.VisualStudio.QualityTools.Tips.UnitTest.Adapter</adapterTypeName><testMethod type="Microsoft.VisualStudio.TestTools.TestTypes.Unit.TestMethod, Microsoft.VisualStudio.QualityTools.Tips.UnitTest.ObjectModel, Version=8.0.0.0, Culture=neutral, PublicKeyToken=b03f5f7f11d50a3a"><className type="System.String">BrownShoe.UnitTests.Services.ContentManagement.CMServiceTest, BrownShoe.UnitTests, Version=1.0.0.0, Culture=neutral, PublicKeyToken=null</className><name type="System.String">AddContentVersionTest</name><expectedExceptionMessage type="System.String" /><isValid type="System.Boolean">False</isValid></testMethod><aspNetDevServers type="System.Collections.Generic.List`1[[Microsoft.VisualStudio.TestTools.Common.AspNetDevelopmentServer, Microsoft.VisualStudio.QualityTools.Common, Version=8.0.0.0, Culture=neutral, PublicKeyToken=b03f5f7f11d50a3a]]"><_size type="System.Int32">0</_size><_version type="System.Int32">0</_version></aspNetDevServers><dataAccessMethod type="Microsoft.VisualStudio.TestTools.UnitTesting.DataAccessMethod, Microsoft.VisualStudio.QualityTools.UnitTestFramework, Version=8.0.0.0, Culture=neutral, PublicKeyToken=b03f5f7f11d50a3a"><value__ type="System.Int32">0</value__></dataAccessMethod><cssProjectStructure type="System.String" /><isRunOnRestart type="System.Boolean">False</isRunOnRestart><timeOut type="System.Int32">0</timeOut><isGroupable type="System.Boolean">True</isGroupable><abortRunOnAgentFailure type="System.Boolean">False</abortRunOnAgentFailure><cssIteration type="System.String" /><workItemIds type="System.Collections.Generic.List`1[[System.Int32, mscorlib, Version=2.0.0.0, Culture=neutral, PublicKeyToken=b77a5c561934e089]]"><_size type="System.Int32">0</_size><_version type="System.Int32">1</_version></workItemIds><id type="Microsoft.VisualStudio.TestTools.Common.TestId"><id type="System.Guid">34d61fcf-1a77-f51a-b24b-fe2e73941feb</id></id><name type="System.String">AddContentVersionTest</name><description type="System.String" /><enabled type="System.Boolean">True</enabled><owner type="System.String" /><priority type="System.Int32">0</priority><executionId type="Microsoft.VisualStudio.TestTools.Common.TestExecId"><id type="System.Guid">00000000-0000-0000-0000-000000000000</id></executionId><parentExecutId type="Microsoft.VisualStudio.TestTools.Common.TestExecId"><id type="System.Guid">00000000-0000-0000-0000-000000000000</id></parentExecutId><deploymentItems type="Microsoft.VisualStudio.TestTools.Common.DeploymentItemCollection" /><agentAttributes type="System.Collections.Specialized.StringDictionary, System, Version=2.0.0.0, Culture=neutral, PublicKeyToken=b77a5c561934e089" /><storage type="System.String">e:\projects\brownshoe\unit_tests\product\src\brownshoe\testing\unittests\bin\brownshoe.unittests.dll</storage><m_nonRunnableReason type="System.String" /></value><key type="Microsoft.VisualStudio.TestTools.Common.TestId"><id type="System.Guid">da69150a-60d8-3f4f-6635-e349e4f74581</id></key><value type="Microsoft.VisualStudio.TestTools.TestTypes.Unit.UnitTestElement, Microsoft.VisualStudio.QualityTools.Tips.UnitTest.ObjectModel, Version=8.0.0.0, Culture=neutral, PublicKeyToken=b03f5f7f11d50a3a"><codeBase type="System.String">e:/projects/brownshoe/unit_tests/product/src/BrownShoe/Testing/UnitTests/bin/BrownShoe.UnitTests.DLL</codeBase><adapterTypeName type="System.String">Microsoft.VisualStudio.TestTools.TestTypes.Unit.UnitTestAdapter, Microsoft.VisualStudio.QualityTools.Tips.UnitTest.Adapter</adapterTypeName><testMethod type="Microsoft.VisualStudio.TestTools.TestTypes.Unit.TestMethod, Microsoft.VisualStudio.QualityTools.Tips.UnitTest.ObjectModel, Version=8.0.0.0, Culture=neutral, PublicKeyToken=b03f5f7f11d50a3a"><className type="System.String">BrownShoe.UnitTests.Services.Orders.CustomerOrderServiceTest, BrownShoe.UnitTests, Version=1.0.0.0, Culture=neutral, PublicKeyToken=null</className><name type="System.String">OrderReviewCustHoldTest</name><expectedExceptionMessage type="System.String" /><isValid type="System.Boolean">False</isValid></testMethod><aspNetDevServers type="System.Collections.Generic.List`1[[Microsoft.VisualStudio.TestTools.Common.AspNetDevelopmentServer, Microsoft.VisualStudio.QualityTools.Common, Version=8.0.0.0, Culture=neutral, PublicKeyToken=b03f5f7f11d50a3a]]"><_size type="System.Int32">0</_size><_version type="System.Int32">0</_version></aspNetDevServers><dataAccessMethod type="Microsoft.VisualStudio.TestTools.UnitTesting.DataAccessMethod, Microsoft.VisualStudio.QualityTools.UnitTestFramework, Version=8.0.0.0, Culture=neutral, PublicKeyToken=b03f5f7f11d50a3a"><value__ type="System.Int32">0</value__></dataAccessMethod><cssProjectStructure type="System.String" /><isRunOnRestart type="System.Boolean">False</isRunOnRestart><timeOut type="System.Int32">0</timeOut><isGroupable type="System.Boolean">True</isGroupable><abortRunOnAgentFailure type="System.Boolean">False</abortRunOnAgentFailure><cssIteration type="System.String" /><workItemIds type="System.Collections.Generic.List`1[[System.Int32, mscorlib, Version=2.0.0.0, Culture=neutral, PublicKeyToken=b77a5c561934e089]]"><_size type="System.Int32">0</_size><_version type="System.Int32">1</_version></workItemIds><id type="Microsoft.VisualStudio.TestTools.Common.TestId"><id type="System.Guid">da69150a-60d8-3f4f-6635-e349e4f74581</id></id><name type="System.String">OrderReviewCustHoldTest</name><description type="System.String" /><enabled type="System.Boolean">True</enabled><owner type="System.String" /><priority type="System.Int32">0</priority><executionId type="Microsoft.VisualStudio.TestTools.Common.TestExecId"><id type="System.Guid">00000000-0000-0000-0000-000000000000</id></executionId><parentExecutId type="Microsoft.VisualStudio.TestTools.Common.TestExecId"><id type="System.Guid">00000000-0000-0000-0000-000000000000</id></parentExecutId><deploymentItems type="Microsoft.VisualStudio.TestTools.Common.DeploymentItemCollection" /><agentAttributes type="System.Collections.Specialized.StringDictionary, System, Version=2.0.0.0, Culture=neutral, PublicKeyToken=b77a5c561934e089" /><storage type="System.String">e:\projects\brownshoe\unit_tests\product\src\brownshoe\testing\unittests\bin\brownshoe.unittests.dll</storage><m_nonRunnableReason type="System.String" /></value><key type="Microsoft.VisualStudio.TestTools.Common.TestId"><id type="System.Guid">44d7b4dc-5d15-03a4-8ab6-9cc5148eb77d</id></key><value type="Microsoft.VisualStudio.TestTools.TestTypes.Unit.UnitTestElement, Microsoft.VisualStudio.QualityTools.Tips.UnitTest.ObjectModel, Version=8.0.0.0, Culture=neutral, PublicKeyToken=b03f5f7f11d50a3a"><codeBase type="System.String">e:/projects/brownshoe/unit_tests/product/src/BrownShoe/Testing/UnitTests/bin/BrownShoe.UnitTests.DLL</codeBase><adapterTypeName type="System.String">Microsoft.VisualStudio.TestTools.TestTypes.Unit.UnitTestAdapter, Microsoft.VisualStudio.QualityTools.Tips.UnitTest.Adapter</adapterTypeName><testMethod type="Microsoft.VisualStudio.TestTools.TestTypes.Unit.TestMethod, Microsoft.VisualStudio.QualityTools.Tips.UnitTest.ObjectModel, Version=8.0.0.0, Culture=neutral, PublicKeyToken=b03f5f7f11d50a3a"><className type="System.String">BrownShoe.UnitTests.Services.Catalog.CatalogServiceTest, BrownShoe.UnitTests, Version=1.0.0.0, Culture=neutral, PublicKeyToken=null</className><name type="System.String">GetWidthSQLXMLListTest</name><expectedExceptionMessage type="System.String" /><isValid type="System.Boolean">False</isValid></testMethod><aspNetDevServers type="System.Collections.Generic.List`1[[Microsoft.VisualStudio.TestTools.Common.AspNetDevelopmentServer, Microsoft.VisualStudio.QualityTools.Common, Version=8.0.0.0, Culture=neutral, PublicKeyToken=b03f5f7f11d50a3a]]"><_size type="System.Int32">0</_size><_version type="System.Int32">0</_version></aspNetDevServers><dataAccessMethod type="Microsoft.VisualStudio.TestTools.UnitTesting.DataAccessMethod, Microsoft.VisualStudio.QualityTools.UnitTestFramework, Version=8.0.0.0, Culture=neutral, PublicKeyToken=b03f5f7f11d50a3a"><value__ type="System.Int32">0</value__></dataAccessMethod><cssProjectStructure type="System.String" /><isRunOnRestart type="System.Boolean">False</isRunOnRestart><timeOut type="System.Int32">0</timeOut><isGroupable type="System.Boolean">True</isGroupable><abortRunOnAgentFailure type="System.Boolean">False</abortRunOnAgentFailure><cssIteration type="System.String" /><workItemIds type="System.Collections.Generic.List`1[[System.Int32, mscorlib, Version=2.0.0.0, Culture=neutral, PublicKeyToken=b77a5c561934e089]]"><_size type="System.Int32">0</_size><_version type="System.Int32">1</_version></workItemIds><id type="Microsoft.VisualStudio.TestTools.Common.TestId"><id type="System.Guid">44d7b4dc-5d15-03a4-8ab6-9cc5148eb77d</id></id><name type="System.String">GetWidthSQLXMLListTest</name><description type="System.String" /><enabled type="System.Boolean">True</enabled><owner type="System.String" /><priority type="System.Int32">0</priority><executionId type="Microsoft.VisualStudio.TestTools.Common.TestExecId"><id type="System.Guid">00000000-0000-0000-0000-000000000000</id></executionId><parentExecutId type="Microsoft.VisualStudio.TestTools.Common.TestExecId"><id type="System.Guid">00000000-0000-0000-0000-000000000000</id></parentExecutId><deploymentItems type="Microsoft.VisualStudio.TestTools.Common.DeploymentItemCollection" /><agentAttributes type="System.Collections.Specialized.StringDictionary, System, Version=2.0.0.0, Culture=neutral, PublicKeyToken=b77a5c561934e089" /><storage type="System.String">e:\projects\brownshoe\unit_tests\product\src\brownshoe\testing\unittests\bin\brownshoe.unittests.dll</storage><m_nonRunnableReason type="System.String" /></value><key type="Microsoft.VisualStudio.TestTools.Common.TestId"><id type="System.Guid">c2ff15f2-9243-15f4-fc8c-e2188e52044f</id></key><value type="Microsoft.VisualStudio.TestTools.TestTypes.Unit.UnitTestElement, Microsoft.VisualStudio.QualityTools.Tips.UnitTest.ObjectModel, Version=8.0.0.0, Culture=neutral, PublicKeyToken=b03f5f7f11d50a3a"><codeBase type="System.String">e:/projects/brownshoe/unit_tests/product/src/BrownShoe/Testing/UnitTests/bin/BrownShoe.UnitTests.DLL</codeBase><adapterTypeName type="System.String">Microsoft.VisualStudio.TestTools.TestTypes.Unit.UnitTestAdapter, Microsoft.VisualStudio.QualityTools.Tips.UnitTest.Adapter</adapterTypeName><testMethod type="Microsoft.VisualStudio.TestTools.TestTypes.Unit.TestMethod, Microsoft.VisualStudio.QualityTools.Tips.UnitTest.ObjectModel, Version=8.0.0.0, Culture=neutral, PublicKeyToken=b03f5f7f11d50a3a"><className type="System.String">BrownShoe.UnitTests.Services.Madison.MadisonWebServiceTest, BrownShoe.UnitTests, Version=1.0.0.0, Culture=neutral, PublicKeyToken=null</className><name type="System.String">GiftCardActivateTest</name><expectedExceptionMessage type="System.String" /><isValid type="System.Boolean">False</isValid></testMethod><aspNetDevServers type="System.Collections.Generic.List`1[[Microsoft.VisualStudio.TestTools.Common.AspNetDevelopmentServer, Microsoft.VisualStudio.QualityTools.Common, Version=8.0.0.0, Culture=neutral, PublicKeyToken=b03f5f7f11d50a3a]]"><_size type="System.Int32">0</_size><_version type="System.Int32">0</_version></aspNetDevServers><dataAccessMethod type="Microsoft.VisualStudio.TestTools.UnitTesting.DataAccessMethod, Microsoft.VisualStudio.QualityTools.UnitTestFramework, Version=8.0.0.0, Culture=neutral, PublicKeyToken=b03f5f7f11d50a3a"><value__ type="System.Int32">0</value__></dataAccessMethod><cssProjectStructure type="System.String" /><isRunOnRestart type="System.Boolean">False</isRunOnRestart><timeOut type="System.Int32">0</timeOut><isGroupable type="System.Boolean">True</isGroupable><abortRunOnAgentFailure type="System.Boolean">False</abortRunOnAgentFailure><cssIteration type="System.String" /><workItemIds type="System.Collections.Generic.List`1[[System.Int32, mscorlib, Version=2.0.0.0, Culture=neutral, PublicKeyToken=b77a5c561934e089]]"><_size type="System.Int32">0</_size><_version type="System.Int32">1</_version></workItemIds><id type="Microsoft.VisualStudio.TestTools.Common.TestId"><id type="System.Guid">c2ff15f2-9243-15f4-fc8c-e2188e52044f</id></id><name type="System.String">GiftCardActivateTest</name><description type="System.String" /><enabled type="System.Boolean">True</enabled><owner type="System.String" /><priority type="System.Int32">0</priority><executionId type="Microsoft.VisualStudio.TestTools.Common.TestExecId"><id type="System.Guid">00000000-0000-0000-0000-000000000000</id></executionId><parentExecutId type="Microsoft.VisualStudio.TestTools.Common.TestExecId"><id type="System.Guid">00000000-0000-0000-0000-000000000000</id></parentExecutId><deploymentItems type="Microsoft.VisualStudio.TestTools.Common.DeploymentItemCollection" /><agentAttributes type="System.Collections.Specialized.StringDictionary, System, Version=2.0.0.0, Culture=neutral, PublicKeyToken=b77a5c561934e089" /><storage type="System.String">e:\projects\brownshoe\unit_tests\product\src\brownshoe\testing\unittests\bin\brownshoe.unittests.dll</storage><m_nonRunnableReason type="System.String" /></value><key type="Microsoft.VisualStudio.TestTools.Common.TestId"><id type="System.Guid">19774334-dd94-641b-658c-8c3194aeb6ff</id></key><value type="Microsoft.VisualStudio.TestTools.TestTypes.Unit.UnitTestElement, Microsoft.VisualStudio.QualityTools.Tips.UnitTest.ObjectModel, Version=8.0.0.0, Culture=neutral, PublicKeyToken=b03f5f7f11d50a3a"><codeBase type="System.String">e:/projects/brownshoe/unit_tests/product/src/BrownShoe/Testing/UnitTests/bin/BrownShoe.UnitTests.DLL</codeBase><adapterTypeName type="System.String">Microsoft.VisualStudio.TestTools.TestTypes.Unit.UnitTestAdapter, Microsoft.VisualStudio.QualityTools.Tips.UnitTest.Adapter</adapterTypeName><testMethod type="Microsoft.VisualStudio.TestTools.TestTypes.Unit.TestMethod, Microsoft.VisualStudio.QualityTools.Tips.UnitTest.ObjectModel, Version=8.0.0.0, Culture=neutral, PublicKeyToken=b03f5f7f11d50a3a"><className type="System.String">BrownShoe.UnitTests.Services.Orders.Interfaces.IWishListServiceTest, BrownShoe.UnitTests, Version=1.0.0.0, Culture=neutral, PublicKeyToken=null</className><name type="System.String">MoveWishListItemsTest</name><expectedExceptionMessage type="System.String" /><isValid type="System.Boolean">False</isValid></testMethod><aspNetDevServers type="System.Collections.Generic.List`1[[Microsoft.VisualStudio.TestTools.Common.AspNetDevelopmentServer, Microsoft.VisualStudio.QualityTools.Common, Version=8.0.0.0, Culture=neutral, PublicKeyToken=b03f5f7f11d50a3a]]"><_size type="System.Int32">0</_size><_version type="System.Int32">0</_version></aspNetDevServers><dataAccessMethod type="Microsoft.VisualStudio.TestTools.UnitTesting.DataAccessMethod, Microsoft.VisualStudio.QualityTools.UnitTestFramework, Version=8.0.0.0, Culture=neutral, PublicKeyToken=b03f5f7f11d50a3a"><value__ type="System.Int32">0</value__></dataAccessMethod><cssProjectStructure type="System.String" /><isRunOnRestart type="System.Boolean">False</isRunOnRestart><timeOut type="System.Int32">0</timeOut><isGroupable type="System.Boolean">True</isGroupable><abortRunOnAgentFailure type="System.Boolean">False</abortRunOnAgentFailure><cssIteration type="System.String" /><workItemIds type="System.Collections.Generic.List`1[[System.Int32, mscorlib, Version=2.0.0.0, Culture=neutral, PublicKeyToken=b77a5c561934e089]]"><_size type="System.Int32">0</_size><_version type="System.Int32">1</_version></workItemIds><id type="Microsoft.VisualStudio.TestTools.Common.TestId"><id type="System.Guid">19774334-dd94-641b-658c-8c3194aeb6ff</id></id><name type="System.String">MoveWishListItemsTest</name><description type="System.String" /><enabled type="System.Boolean">True</enabled><owner type="System.String" /><priority type="System.Int32">0</priority><executionId type="Microsoft.VisualStudio.TestTools.Common.TestExecId"><id type="System.Guid">00000000-0000-0000-0000-000000000000</id></executionId><parentExecutId type="Microsoft.VisualStudio.TestTools.Common.TestExecId"><id type="System.Guid">00000000-0000-0000-0000-000000000000</id></parentExecutId><deploymentItems type="Microsoft.VisualStudio.TestTools.Common.DeploymentItemCollection" /><agentAttributes type="System.Collections.Specialized.StringDictionary, System, Version=2.0.0.0, Culture=neutral, PublicKeyToken=b77a5c561934e089" /><storage type="System.String">e:\projects\brownshoe\unit_tests\product\src\brownshoe\testing\unittests\bin\brownshoe.unittests.dll</storage><m_nonRunnableReason type="System.String" /></value><key type="Microsoft.VisualStudio.TestTools.Common.TestId"><id type="System.Guid">d3056a09-c969-b5ab-eba9-386f98325fce</id></key><value type="Microsoft.VisualStudio.TestTools.TestTypes.Unit.UnitTestElement, Microsoft.VisualStudio.QualityTools.Tips.UnitTest.ObjectModel, Version=8.0.0.0, Culture=neutral, PublicKeyToken=b03f5f7f11d50a3a"><codeBase type="System.String">e:/projects/brownshoe/unit_tests/product/src/BrownShoe/Testing/UnitTests/bin/BrownShoe.UnitTests.DLL</codeBase><adapterTypeName type="System.String">Microsoft.VisualStudio.TestTools.TestTypes.Unit.UnitTestAdapter, Microsoft.VisualStudio.QualityTools.Tips.UnitTest.Adapter</adapterTypeName><testMethod type="Microsoft.VisualStudio.TestTools.TestTypes.Unit.TestMethod, Microsoft.VisualStudio.QualityTools.Tips.UnitTest.ObjectModel, Version=8.0.0.0, Culture=neutral, PublicKeyToken=b03f5f7f11d50a3a"><className type="System.String">BrownShoe.UnitTests.Services.Navigation.AffiliatePartnerServiceTest, BrownShoe.UnitTests, Version=1.0.0.0, Culture=neutral, PublicKeyToken=null</className><name type="System.String">ParseQueryStringTest</name><expectedExceptionMessage type="System.String" /><isValid type="System.Boolean">False</isValid></testMethod><aspNetDevServers type="System.Collections.Generic.List`1[[Microsoft.VisualStudio.TestTools.Common.AspNetDevelopmentServer, Microsoft.VisualStudio.QualityTools.Common, Version=8.0.0.0, Culture=neutral, PublicKeyToken=b03f5f7f11d50a3a]]"><_size type="System.Int32">0</_size><_version type="System.Int32">0</_version></aspNetDevServers><dataAccessMethod type="Microsoft.VisualStudio.TestTools.UnitTesting.DataAccessMethod, Microsoft.VisualStudio.QualityTools.UnitTestFramework, Version=8.0.0.0, Culture=neutral, PublicKeyToken=b03f5f7f11d50a3a"><value__ type="System.Int32">0</value__></dataAccessMethod><cssProjectStructure type="System.String" /><isRunOnRestart type="System.Boolean">False</isRunOnRestart><timeOut type="System.Int32">0</timeOut><isGroupable type="System.Boolean">True</isGroupable><abortRunOnAgentFailure type="System.Boolean">False</abortRunOnAgentFailure><cssIteration type="System.String" /><workItemIds type="System.Collections.Generic.List`1[[System.Int32, mscorlib, Version=2.0.0.0, Culture=neutral, PublicKeyToken=b77a5c561934e089]]"><_size type="System.Int32">0</_size><_version type="System.Int32">1</_version></workItemIds><id type="Microsoft.VisualStudio.TestTools.Common.TestId"><id type="System.Guid">d3056a09-c969-b5ab-eba9-386f98325fce</id></id><name type="System.String">ParseQueryStringTest</name><description type="System.String" /><enabled type="System.Boolean">True</enabled><owner type="System.String" /><priority type="System.Int32">0</priority><executionId type="Microsoft.VisualStudio.TestTools.Common.TestExecId"><id type="System.Guid">00000000-0000-0000-0000-000000000000</id></executionId><parentExecutId type="Microsoft.VisualStudio.TestTools.Common.TestExecId"><id type="System.Guid">00000000-0000-0000-0000-000000000000</id></parentExecutId><deploymentItems type="Microsoft.VisualStudio.TestTools.Common.DeploymentItemCollection" /><agentAttributes type="System.Collections.Specialized.StringDictionary, System, Version=2.0.0.0, Culture=neutral, PublicKeyToken=b77a5c561934e089" /><storage type="System.String">e:\projects\brownshoe\unit_tests\product\src\brownshoe\testing\unittests\bin\brownshoe.unittests.dll</storage><m_nonRunnableReason type="System.String" /></value><key type="Microsoft.VisualStudio.TestTools.Common.TestId"><id type="System.Guid">0d9bd82f-30c4-c692-4c2f-2849754c9c58</id></key><value type="Microsoft.VisualStudio.TestTools.TestTypes.Unit.UnitTestElement, Microsoft.VisualStudio.QualityTools.Tips.UnitTest.ObjectModel, Version=8.0.0.0, Culture=neutral, PublicKeyToken=b03f5f7f11d50a3a"><codeBase type="System.String">e:/projects/brownshoe/unit_tests/product/src/BrownShoe/Testing/UnitTests/bin/BrownShoe.UnitTests.DLL</codeBase><adapterTypeName type="System.String">Microsoft.VisualStudio.TestTools.TestTypes.Unit.UnitTestAdapter, Microsoft.VisualStudio.QualityTools.Tips.UnitTest.Adapter</adapterTypeName><testMethod type="Microsoft.VisualStudio.TestTools.TestTypes.Unit.TestMethod, Microsoft.VisualStudio.QualityTools.Tips.UnitTest.ObjectModel, Version=8.0.0.0, Culture=neutral, PublicKeyToken=b03f5f7f11d50a3a"><className type="System.String">BrownShoe.UnitTests.Services.Endeca.EndecaServiceTest, BrownShoe.UnitTests, Version=1.0.0.0, Culture=neutral, PublicKeyToken=null</className><name type="System.String">GetNValueDescTest</name><expectedExceptionMessage type="System.String" /><isValid type="System.Boolean">False</isValid></testMethod><aspNetDevServers type="System.Collections.Generic.List`1[[Microsoft.VisualStudio.TestTools.Common.AspNetDevelopmentServer, Microsoft.VisualStudio.QualityTools.Common, Version=8.0.0.0, Culture=neutral, PublicKeyToken=b03f5f7f11d50a3a]]"><_size type="System.Int32">0</_size><_version type="System.Int32">0</_version></aspNetDevServers><dataAccessMethod type="Microsoft.VisualStudio.TestTools.UnitTesting.DataAccessMethod, Microsoft.VisualStudio.QualityTools.UnitTestFramework, Version=8.0.0.0, Culture=neutral, PublicKeyToken=b03f5f7f11d50a3a"><value__ type="System.Int32">0</value__></dataAccessMethod><cssProjectStructure type="System.String" /><isRunOnRestart type="System.Boolean">False</isRunOnRestart><timeOut type="System.Int32">0</timeOut><isGroupable type="System.Boolean">True</isGroupable><abortRunOnAgentFailure type="System.Boolean">False</abortRunOnAgentFailure><cssIteration type="System.String" /><workItemIds type="System.Collections.Generic.List`1[[System.Int32, mscorlib, Version=2.0.0.0, Culture=neutral, PublicKeyToken=b77a5c561934e089]]"><_size type="System.Int32">0</_size><_version type="System.Int32">1</_version></workItemIds><id type="Microsoft.VisualStudio.TestTools.Common.TestId"><id type="System.Guid">0d9bd82f-30c4-c692-4c2f-2849754c9c58</id></id><name type="System.String">GetNValueDescTest</name><description type="System.String" /><enabled type="System.Boolean">True</enabled><owner type="System.String" /><priority type="System.Int32">0</priority><executionId type="Microsoft.VisualStudio.TestTools.Common.TestExecId"><id type="System.Guid">00000000-0000-0000-0000-000000000000</id></executionId><parentExecutId type="Microsoft.VisualStudio.TestTools.Common.TestExecId"><id type="System.Guid">00000000-0000-0000-0000-000000000000</id></parentExecutId><deploymentItems type="Microsoft.VisualStudio.TestTools.Common.DeploymentItemCollection" /><agentAttributes type="System.Collections.Specialized.StringDictionary, System, Version=2.0.0.0, Culture=neutral, PublicKeyToken=b77a5c561934e089" /><storage type="System.String">e:\projects\brownshoe\unit_tests\product\src\brownshoe\testing\unittests\bin\brownshoe.unittests.dll</storage><m_nonRunnableReason type="System.String" /></value><key type="Microsoft.VisualStudio.TestTools.Common.TestId"><id type="System.Guid">f9d86f61-36e8-9269-7d6e-20724eb594db</id></key><value type="Microsoft.VisualStudio.TestTools.TestTypes.Unit.UnitTestElement, Microsoft.VisualStudio.QualityTools.Tips.UnitTest.ObjectModel, Version=8.0.0.0, Culture=neutral, PublicKeyToken=b03f5f7f11d50a3a"><codeBase type="System.String">e:/projects/brownshoe/unit_tests/product/src/BrownShoe/Testing/UnitTests/bin/BrownShoe.UnitTests.DLL</codeBase><adapterTypeName type="System.String">Microsoft.VisualStudio.TestTools.TestTypes.Unit.UnitTestAdapter, Microsoft.VisualStudio.QualityTools.Tips.UnitTest.Adapter</adapterTypeName><testMethod type="Microsoft.VisualStudio.TestTools.TestTypes.Unit.TestMethod, Microsoft.VisualStudio.QualityTools.Tips.UnitTest.ObjectModel, Version=8.0.0.0, Culture=neutral, PublicKeyToken=b03f5f7f11d50a3a"><className type="System.String">BrownShoe.UnitTests.Services.DataAccess.ShippingMethodDBTest, BrownShoe.UnitTests, Version=1.0.0.0, Culture=neutral, PublicKeyToken=null</className><name type="System.String">OverrideListTest</name><expectedExceptionMessage type="System.String" /><isValid type="System.Boolean">False</isValid></testMethod><aspNetDevServers type="System.Collections.Generic.List`1[[Microsoft.VisualStudio.TestTools.Common.AspNetDevelopmentServer, Microsoft.VisualStudio.QualityTools.Common, Version=8.0.0.0, Culture=neutral, PublicKeyToken=b03f5f7f11d50a3a]]"><_size type="System.Int32">0</_size><_version type="System.Int32">0</_version></aspNetDevServers><dataAccessMethod type="Microsoft.VisualStudio.TestTools.UnitTesting.DataAccessMethod, Microsoft.VisualStudio.QualityTools.UnitTestFramework, Version=8.0.0.0, Culture=neutral, PublicKeyToken=b03f5f7f11d50a3a"><value__ type="System.Int32">0</value__></dataAccessMethod><cssProjectStructure type="System.String" /><isRunOnRestart type="System.Boolean">False</isRunOnRestart><timeOut type="System.Int32">0</timeOut><isGroupable type="System.Boolean">True</isGroupable><abortRunOnAgentFailure type="System.Boolean">False</abortRunOnAgentFailure><cssIteration type="System.String" /><workItemIds type="System.Collections.Generic.List`1[[System.Int32, mscorlib, Version=2.0.0.0, Culture=neutral, PublicKeyToken=b77a5c561934e089]]"><_size type="System.Int32">0</_size><_version type="System.Int32">1</_version></workItemIds><id type="Microsoft.VisualStudio.TestTools.Common.TestId"><id type="System.Guid">f9d86f61-36e8-9269-7d6e-20724eb594db</id></id><name type="System.String">OverrideListTest</name><description type="System.String" /><enabled type="System.Boolean">True</enabled><owner type="System.String" /><priority type="System.Int32">0</priority><executionId type="Microsoft.VisualStudio.TestTools.Common.TestExecId"><id type="System.Guid">00000000-0000-0000-0000-000000000000</id></executionId><parentExecutId type="Microsoft.VisualStudio.TestTools.Common.TestExecId"><id type="System.Guid">00000000-0000-0000-0000-000000000000</id></parentExecutId><deploymentItems type="Microsoft.VisualStudio.TestTools.Common.DeploymentItemCollection" /><agentAttributes type="System.Collections.Specialized.StringDictionary, System, Version=2.0.0.0, Culture=neutral, PublicKeyToken=b77a5c561934e089" /><storage type="System.String">e:\projects\brownshoe\unit_tests\product\src\brownshoe\testing\unittests\bin\brownshoe.unittests.dll</storage><m_nonRunnableReason type="System.String" /></value><key type="Microsoft.VisualStudio.TestTools.Common.TestId"><id type="System.Guid">9c05fbd0-bc77-0f6f-c095-a94f4c009dbc</id></key><value type="Microsoft.VisualStudio.TestTools.TestTypes.Unit.UnitTestElement, Microsoft.VisualStudio.QualityTools.Tips.UnitTest.ObjectModel, Version=8.0.0.0, Culture=neutral, PublicKeyToken=b03f5f7f11d50a3a"><codeBase type="System.String">e:/projects/brownshoe/unit_tests/product/src/BrownShoe/Testing/UnitTests/bin/BrownShoe.UnitTests.DLL</codeBase><adapterTypeName type="System.String">Microsoft.VisualStudio.TestTools.TestTypes.Unit.UnitTestAdapter, Microsoft.VisualStudio.QualityTools.Tips.UnitTest.Adapter</adapterTypeName><testMethod type="Microsoft.VisualStudio.TestTools.TestTypes.Unit.TestMethod, Microsoft.VisualStudio.QualityTools.Tips.UnitTest.ObjectModel, Version=8.0.0.0, Culture=neutral, PublicKeyToken=b03f5f7f11d50a3a"><className type="System.String">BrownShoe.UnitTests.Services.Orders.GiftCardServiceTest, BrownShoe.UnitTests, Version=1.0.0.0, Culture=neutral, PublicKeyToken=null</className><name type="System.String">GetGiftCardBalanceTest</name><expectedExceptionMessage type="System.String" /><isValid type="System.Boolean">False</isValid></testMethod><aspNetDevServers type="System.Collections.Generic.List`1[[Microsoft.VisualStudio.TestTools.Common.AspNetDevelopmentServer, Microsoft.VisualStudio.QualityTools.Common, Version=8.0.0.0, Culture=neutral, PublicKeyToken=b03f5f7f11d50a3a]]"><_size type="System.Int32">0</_size><_version type="System.Int32">0</_version></aspNetDevServers><dataAccessMethod type="Microsoft.VisualStudio.TestTools.UnitTesting.DataAccessMethod, Microsoft.VisualStudio.QualityTools.UnitTestFramework, Version=8.0.0.0, Culture=neutral, PublicKeyToken=b03f5f7f11d50a3a"><value__ type="System.Int32">0</value__></dataAccessMethod><cssProjectStructure type="System.String" /><isRunOnRestart type="System.Boolean">False</isRunOnRestart><timeOut type="System.Int32">0</timeOut><isGroupable type="System.Boolean">True</isGroupable><abortRunOnAgentFailure type="System.Boolean">False</abortRunOnAgentFailure><cssIteration type="System.String" /><workItemIds type="System.Collections.Generic.List`1[[System.Int32, mscorlib, Version=2.0.0.0, Culture=neutral, PublicKeyToken=b77a5c561934e089]]"><_size type="System.Int32">0</_size><_version type="System.Int32">1</_version></workItemIds><id type="Microsoft.VisualStudio.TestTools.Common.TestId"><id type="System.Guid">9c05fbd0-bc77-0f6f-c095-a94f4c009dbc</id></id><name type="System.String">GetGiftCardBalanceTest</name><description type="System.String" /><enabled type="System.Boolean">True</enabled><owner type="System.String" /><priority type="System.Int32">0</priority><executionId type="Microsoft.VisualStudio.TestTools.Common.TestExecId"><id type="System.Guid">00000000-0000-0000-0000-000000000000</id></executionId><parentExecutId type="Microsoft.VisualStudio.TestTools.Common.TestExecId"><id type="System.Guid">00000000-0000-0000-0000-000000000000</id></parentExecutId><deploymentItems type="Microsoft.VisualStudio.TestTools.Common.DeploymentItemCollection" /><agentAttributes type="System.Collections.Specialized.StringDictionary, System, Version=2.0.0.0, Culture=neutral, PublicKeyToken=b77a5c561934e089" /><storage type="System.String">e:\projects\brownshoe\unit_tests\product\src\brownshoe\testing\unittests\bin\brownshoe.unittests.dll</storage><m_nonRunnableReason type="System.String" /></value><key type="Microsoft.VisualStudio.TestTools.Common.TestId"><id type="System.Guid">f8fc8ea6-1c1a-8d46-6d8b-54b01bfd5ded</id></key><value type="Microsoft.VisualStudio.TestTools.TestTypes.Unit.UnitTestElement, Microsoft.VisualStudio.QualityTools.Tips.UnitTest.ObjectModel, Version=8.0.0.0, Culture=neutral, PublicKeyToken=b03f5f7f11d50a3a"><codeBase type="System.String">e:/projects/brownshoe/unit_tests/product/src/BrownShoe/Testing/UnitTests/bin/BrownShoe.UnitTests.DLL</codeBase><adapterTypeName type="System.String">Microsoft.VisualStudio.TestTools.TestTypes.Unit.UnitTestAdapter, Microsoft.VisualStudio.QualityTools.Tips.UnitTest.Adapter</adapterTypeName><testMethod type="Microsoft.VisualStudio.TestTools.TestTypes.Unit.TestMethod, Microsoft.VisualStudio.QualityTools.Tips.UnitTest.ObjectModel, Version=8.0.0.0, Culture=neutral, PublicKeyToken=b03f5f7f11d50a3a"><className type="System.String">BrownShoe.UnitTests.Services.Email.CSCatalogEmailTemplateProviderTest, BrownShoe.UnitTests, Version=1.0.0.0, Culture=neutral, PublicKeyToken=null</className><name type="System.String">GetTemplateTest</name><expectedExceptionMessage type="System.String" /><isValid type="System.Boolean">False</isValid></testMethod><aspNetDevServers type="System.Collections.Generic.List`1[[Microsoft.VisualStudio.TestTools.Common.AspNetDevelopmentServer, Microsoft.VisualStudio.QualityTools.Common, Version=8.0.0.0, Culture=neutral, PublicKeyToken=b03f5f7f11d50a3a]]"><_size type="System.Int32">0</_size><_version type="System.Int32">0</_version></aspNetDevServers><dataAccessMethod type="Microsoft.VisualStudio.TestTools.UnitTesting.DataAccessMethod, Microsoft.VisualStudio.QualityTools.UnitTestFramework, Version=8.0.0.0, Culture=neutral, PublicKeyToken=b03f5f7f11d50a3a"><value__ type="System.Int32">0</value__></dataAccessMethod><cssProjectStructure type="System.String" /><isRunOnRestart type="System.Boolean">False</isRunOnRestart><timeOut type="System.Int32">0</timeOut><isGroupable type="System.Boolean">True</isGroupable><abortRunOnAgentFailure type="System.Boolean">False</abortRunOnAgentFailure><cssIteration type="System.String" /><workItemIds type="System.Collections.Generic.List`1[[System.Int32, mscorlib, Version=2.0.0.0, Culture=neutral, PublicKeyToken=b77a5c561934e089]]"><_size type="System.Int32">0</_size><_version type="System.Int32">1</_version></workItemIds><id type="Microsoft.VisualStudio.TestTools.Common.TestId"><id type="System.Guid">f8fc8ea6-1c1a-8d46-6d8b-54b01bfd5ded</id></id><name type="System.String">GetTemplateTest</name><description type="System.String" /><enabled type="System.Boolean">True</enabled><owner type="System.String" /><priority type="System.Int32">0</priority><executionId type="Microsoft.VisualStudio.TestTools.Common.TestExecId"><id type="System.Guid">00000000-0000-0000-0000-000000000000</id></executionId><parentExecutId type="Microsoft.VisualStudio.TestTools.Common.TestExecId"><id type="System.Guid">00000000-0000-0000-0000-000000000000</id></parentExecutId><deploymentItems type="Microsoft.VisualStudio.TestTools.Common.DeploymentItemCollection" /><agentAttributes type="System.Collections.Specialized.StringDictionary, System, Version=2.0.0.0, Culture=neutral, PublicKeyToken=b77a5c561934e089" /><storage type="System.String">e:\projects\brownshoe\unit_tests\product\src\brownshoe\testing\unittests\bin\brownshoe.unittests.dll</storage><m_nonRunnableReason type="System.String" /></value><key type="Microsoft.VisualStudio.TestTools.Common.TestId"><id type="System.Guid">53128c28-c2dc-6f66-7276-dfacb0b7824e</id></key><value type="Microsoft.VisualStudio.TestTools.TestTypes.Unit.UnitTestElement, Microsoft.VisualStudio.QualityTools.Tips.UnitTest.ObjectModel, Version=8.0.0.0, Culture=neutral, PublicKeyToken=b03f5f7f11d50a3a"><codeBase type="System.String">e:/projects/brownshoe/unit_tests/product/src/BrownShoe/Testing/UnitTests/bin/BrownShoe.UnitTests.DLL</codeBase><adapterTypeName type="System.String">Microsoft.VisualStudio.TestTools.TestTypes.Unit.UnitTestAdapter, Microsoft.VisualStudio.QualityTools.Tips.UnitTest.Adapter</adapterTypeName><testMethod type="Microsoft.VisualStudio.TestTools.TestTypes.Unit.TestMethod, Microsoft.VisualStudio.QualityTools.Tips.UnitTest.ObjectModel, Version=8.0.0.0, Culture=neutral, PublicKeyToken=b03f5f7f11d50a3a"><className type="System.String">BrownShoe.UnitTests.Services.Profiles.ProfileServiceTest, BrownShoe.UnitTests, Version=1.0.0.0, Culture=neutral, PublicKeyToken=null</className><name type="System.String">GetCreditCardTest</name><expectedExceptionMessage type="System.String" /><isValid type="System.Boolean">False</isValid></testMethod><aspNetDevServers type="System.Collections.Generic.List`1[[Microsoft.VisualStudio.TestTools.Common.AspNetDevelopmentServer, Microsoft.VisualStudio.QualityTools.Common, Version=8.0.0.0, Culture=neutral, PublicKeyToken=b03f5f7f11d50a3a]]"><_size type="System.Int32">0</_size><_version type="System.Int32">0</_version></aspNetDevServers><dataAccessMethod type="Microsoft.VisualStudio.TestTools.UnitTesting.DataAccessMethod, Microsoft.VisualStudio.QualityTools.UnitTestFramework, Version=8.0.0.0, Culture=neutral, PublicKeyToken=b03f5f7f11d50a3a"><value__ type="System.Int32">0</value__></dataAccessMethod><cssProjectStructure type="System.String" /><isRunOnRestart type="System.Boolean">False</isRunOnRestart><timeOut type="System.Int32">0</timeOut><isGroupable type="System.Boolean">True</isGroupable><abortRunOnAgentFailure type="System.Boolean">False</abortRunOnAgentFailure><cssIteration type="System.String" /><workItemIds type="System.Collections.Generic.List`1[[System.Int32, mscorlib, Version=2.0.0.0, Culture=neutral, PublicKeyToken=b77a5c561934e089]]"><_size type="System.Int32">0</_size><_version type="System.Int32">1</_version></workItemIds><id type="Microsoft.VisualStudio.TestTools.Common.TestId"><id type="System.Guid">53128c28-c2dc-6f66-7276-dfacb0b7824e</id></id><name type="System.String">GetCreditCardTest</name><description type="System.String" /><enabled type="System.Boolean">True</enabled><owner type="System.String" /><priority type="System.Int32">0</priority><executionId type="Microsoft.VisualStudio.TestTools.Common.TestExecId"><id type="System.Guid">00000000-0000-0000-0000-000000000000</id></executionId><parentExecutId type="Microsoft.VisualStudio.TestTools.Common.TestExecId"><id type="System.Guid">00000000-0000-0000-0000-000000000000</id></parentExecutId><deploymentItems type="Microsoft.VisualStudio.TestTools.Common.DeploymentItemCollection" /><agentAttributes type="System.Collections.Specialized.StringDictionary, System, Version=2.0.0.0, Culture=neutral, PublicKeyToken=b77a5c561934e089" /><storage type="System.String">e:\projects\brownshoe\unit_tests\product\src\brownshoe\testing\unittests\bin\brownshoe.unittests.dll</storage><m_nonRunnableReason type="System.String" /></value><key type="Microsoft.VisualStudio.TestTools.Common.TestId"><id type="System.Guid">2073791d-8adb-a3d3-e711-1f7821ba8904</id></key><value type="Microsoft.VisualStudio.TestTools.TestTypes.Unit.UnitTestElement, Microsoft.VisualStudio.QualityTools.Tips.UnitTest.ObjectModel, Version=8.0.0.0, Culture=neutral, PublicKeyToken=b03f5f7f11d50a3a"><codeBase type="System.String">e:/projects/brownshoe/unit_tests/product/src/BrownShoe/Testing/UnitTests/bin/BrownShoe.UnitTests.DLL</codeBase><adapterTypeName type="System.String">Microsoft.VisualStudio.TestTools.TestTypes.Unit.UnitTestAdapter, Microsoft.VisualStudio.QualityTools.Tips.UnitTest.Adapter</adapterTypeName><testMethod type="Microsoft.VisualStudio.TestTools.TestTypes.Unit.TestMethod, Microsoft.VisualStudio.QualityTools.Tips.UnitTest.ObjectModel, Version=8.0.0.0, Culture=neutral, PublicKeyToken=b03f5f7f11d50a3a"><className type="System.String">BrownShoe.UnitTests.Services.Madison.MadisonWebServiceTest, BrownShoe.UnitTests, Version=1.0.0.0, Culture=neutral, PublicKeyToken=null</className><name type="System.String">VerifyRewardsNumberTestFailure</name><expectedExceptionMessage type="System.String" /><isValid type="System.Boolean">False</isValid></testMethod><aspNetDevServers type="System.Collections.Generic.List`1[[Microsoft.VisualStudio.TestTools.Common.AspNetDevelopmentServer, Microsoft.VisualStudio.QualityTools.Common, Version=8.0.0.0, Culture=neutral, PublicKeyToken=b03f5f7f11d50a3a]]"><_size type="System.Int32">0</_size><_version type="System.Int32">0</_version></aspNetDevServers><dataAccessMethod type="Microsoft.VisualStudio.TestTools.UnitTesting.DataAccessMethod, Microsoft.VisualStudio.QualityTools.UnitTestFramework, Version=8.0.0.0, Culture=neutral, PublicKeyToken=b03f5f7f11d50a3a"><value__ type="System.Int32">0</value__></dataAccessMethod><cssProjectStructure type="System.String" /><isRunOnRestart type="System.Boolean">False</isRunOnRestart><timeOut type="System.Int32">0</timeOut><isGroupable type="System.Boolean">True</isGroupable><abortRunOnAgentFailure type="System.Boolean">False</abortRunOnAgentFailure><cssIteration type="System.String" /><workItemIds type="System.Collections.Generic.List`1[[System.Int32, mscorlib, Version=2.0.0.0, Culture=neutral, PublicKeyToken=b77a5c561934e089]]"><_size type="System.Int32">0</_size><_version type="System.Int32">1</_version></workItemIds><id type="Microsoft.VisualStudio.TestTools.Common.TestId"><id type="System.Guid">2073791d-8adb-a3d3-e711-1f7821ba8904</id></id><name type="System.String">VerifyRewardsNumberTestFailure</name><description type="System.String" /><enabled type="System.Boolean">True</enabled><owner type="System.String" /><priority type="System.Int32">0</priority><executionId type="Microsoft.VisualStudio.TestTools.Common.TestExecId"><id type="System.Guid">00000000-0000-0000-0000-000000000000</id></executionId><parentExecutId type="Microsoft.VisualStudio.TestTools.Common.TestExecId"><id type="System.Guid">00000000-0000-0000-0000-000000000000</id></parentExecutId><deploymentItems type="Microsoft.VisualStudio.TestTools.Common.DeploymentItemCollection" /><agentAttributes type="System.Collections.Specialized.StringDictionary, System, Version=2.0.0.0, Culture=neutral, PublicKeyToken=b77a5c561934e089" /><storage type="System.String">e:\projects\brownshoe\unit_tests\product\src\brownshoe\testing\unittests\bin\brownshoe.unittests.dll</storage><m_nonRunnableReason type="System.String" /></value><key type="Microsoft.VisualStudio.TestTools.Common.TestId"><id type="System.Guid">7153265c-847d-ee05-0f47-1d2b29f31e7d</id></key><value type="Microsoft.VisualStudio.TestTools.TestTypes.Unit.UnitTestElement, Microsoft.VisualStudio.QualityTools.Tips.UnitTest.ObjectModel, Version=8.0.0.0, Culture=neutral, PublicKeyToken=b03f5f7f11d50a3a"><codeBase type="System.String">e:/projects/brownshoe/unit_tests/product/src/BrownShoe/Testing/UnitTests/bin/BrownShoe.UnitTests.DLL</codeBase><adapterTypeName type="System.String">Microsoft.VisualStudio.TestTools.TestTypes.Unit.UnitTestAdapter, Microsoft.VisualStudio.QualityTools.Tips.UnitTest.Adapter</adapterTypeName><testMethod type="Microsoft.VisualStudio.TestTools.TestTypes.Unit.TestMethod, Microsoft.VisualStudio.QualityTools.Tips.UnitTest.ObjectModel, Version=8.0.0.0, Culture=neutral, PublicKeyToken=b03f5f7f11d50a3a"><className type="System.String">BrownShoe.UnitTests.Services.MarketingAdmin.DataFeedServiceTest, BrownShoe.UnitTests, Version=1.0.0.0, Culture=neutral, PublicKeyToken=null</className><name type="System.String">GetDataFeedRuleConditionsTest</name><expectedExceptionMessage type="System.String" /><isValid type="System.Boolean">False</isValid></testMethod><aspNetDevServers type="System.Collections.Generic.List`1[[Microsoft.VisualStudio.TestTools.Common.AspNetDevelopmentServer, Microsoft.VisualStudio.QualityTools.Common, Version=8.0.0.0, Culture=neutral, PublicKeyToken=b03f5f7f11d50a3a]]"><_size type="System.Int32">0</_size><_version type="System.Int32">0</_version></aspNetDevServers><dataAccessMethod type="Microsoft.VisualStudio.TestTools.UnitTesting.DataAccessMethod, Microsoft.VisualStudio.QualityTools.UnitTestFramework, Version=8.0.0.0, Culture=neutral, PublicKeyToken=b03f5f7f11d50a3a"><value__ type="System.Int32">0</value__></dataAccessMethod><cssProjectStructure type="System.String" /><isRunOnRestart type="System.Boolean">False</isRunOnRestart><timeOut type="System.Int32">0</timeOut><isGroupable type="System.Boolean">True</isGroupable><abortRunOnAgentFailure type="System.Boolean">False</abortRunOnAgentFailure><cssIteration type="System.String" /><workItemIds type="System.Collections.Generic.List`1[[System.Int32, mscorlib, Version=2.0.0.0, Culture=neutral, PublicKeyToken=b77a5c561934e089]]"><_size type="System.Int32">0</_size><_version type="System.Int32">1</_version></workItemIds><id type="Microsoft.VisualStudio.TestTools.Common.TestId"><id type="System.Guid">7153265c-847d-ee05-0f47-1d2b29f31e7d</id></id><name type="System.String">GetDataFeedRuleConditionsTest</name><description type="System.String" /><enabled type="System.Boolean">True</enabled><owner type="System.String" /><priority type="System.Int32">0</priority><executionId type="Microsoft.VisualStudio.TestTools.Common.TestExecId"><id type="System.Guid">00000000-0000-0000-0000-000000000000</id></executionId><parentExecutId type="Microsoft.VisualStudio.TestTools.Common.TestExecId"><id type="System.Guid">00000000-0000-0000-0000-000000000000</id></parentExecutId><deploymentItems type="Microsoft.VisualStudio.TestTools.Common.DeploymentItemCollection" /><agentAttributes type="System.Collections.Specialized.StringDictionary, System, Version=2.0.0.0, Culture=neutral, PublicKeyToken=b77a5c561934e089" /><storage type="System.String">e:\projects\brownshoe\unit_tests\product\src\brownshoe\testing\unittests\bin\brownshoe.unittests.dll</storage><m_nonRunnableReason type="System.String" /></value><key type="Microsoft.VisualStudio.TestTools.Common.TestId"><id type="System.Guid">47bbf123-5088-356b-340c-f7be14f555c6</id></key><value type="Microsoft.VisualStudio.TestTools.TestTypes.Unit.UnitTestElement, Microsoft.VisualStudio.QualityTools.Tips.UnitTest.ObjectModel, Version=8.0.0.0, Culture=neutral, PublicKeyToken=b03f5f7f11d50a3a"><codeBase type="System.String">e:/projects/brownshoe/unit_tests/product/src/BrownShoe/Testing/UnitTests/bin/BrownShoe.UnitTests.DLL</codeBase><adapterTypeName type="System.String">Microsoft.VisualStudio.TestTools.TestTypes.Unit.UnitTestAdapter, Microsoft.VisualStudio.QualityTools.Tips.UnitTest.Adapter</adapterTypeName><testMethod type="Microsoft.VisualStudio.TestTools.TestTypes.Unit.TestMethod, Microsoft.VisualStudio.QualityTools.Tips.UnitTest.ObjectModel, Version=8.0.0.0, Culture=neutral, PublicKeyToken=b03f5f7f11d50a3a"><className type="System.String">BrownShoe.UnitTests.RetailApplicationCore.Profiles.ProfileControllerTest, BrownShoe.UnitTests, Version=1.0.0.0, Culture=neutral, PublicKeyToken=null</className><name type="System.String">AddCreditCardToProfileTest</name><expectedExceptionMessage type="System.String" /><isValid type="System.Boolean">False</isValid></testMethod><aspNetDevServers type="System.Collections.Generic.List`1[[Microsoft.VisualStudio.TestTools.Common.AspNetDevelopmentServer, Microsoft.VisualStudio.QualityTools.Common, Version=8.0.0.0, Culture=neutral, PublicKeyToken=b03f5f7f11d50a3a]]"><_size type="System.Int32">0</_size><_version type="System.Int32">0</_version></aspNetDevServers><dataAccessMethod type="Microsoft.VisualStudio.TestTools.UnitTesting.DataAccessMethod, Microsoft.VisualStudio.QualityTools.UnitTestFramework, Version=8.0.0.0, Culture=neutral, PublicKeyToken=b03f5f7f11d50a3a"><value__ type="System.Int32">0</value__></dataAccessMethod><cssProjectStructure type="System.String" /><isRunOnRestart type="System.Boolean">False</isRunOnRestart><timeOut type="System.Int32">0</timeOut><isGroupable type="System.Boolean">True</isGroupable><abortRunOnAgentFailure type="System.Boolean">False</abortRunOnAgentFailure><cssIteration type="System.String" /><workItemIds type="System.Collections.Generic.List`1[[System.Int32, mscorlib, Version=2.0.0.0, Culture=neutral, PublicKeyToken=b77a5c561934e089]]"><_size type="System.Int32">0</_size><_version type="System.Int32">1</_version></workItemIds><id type="Microsoft.VisualStudio.TestTools.Common.TestId"><id type="System.Guid">47bbf123-5088-356b-340c-f7be14f555c6</id></id><name type="System.String">AddCreditCardToProfileTest</name><description type="System.String" /><enabled type="System.Boolean">True</enabled><owner type="System.String" /><priority type="System.Int32">0</priority><executionId type="Microsoft.VisualStudio.TestTools.Common.TestExecId"><id type="System.Guid">00000000-0000-0000-0000-000000000000</id></executionId><parentExecutId type="Microsoft.VisualStudio.TestTools.Common.TestExecId"><id type="System.Guid">00000000-0000-0000-0000-000000000000</id></parentExecutId><deploymentItems type="Microsoft.VisualStudio.TestTools.Common.DeploymentItemCollection" /><agentAttributes type="System.Collections.Specialized.StringDictionary, System, Version=2.0.0.0, Culture=neutral, PublicKeyToken=b77a5c561934e089" /><storage type="System.String">e:\projects\brownshoe\unit_tests\product\src\brownshoe\testing\unittests\bin\brownshoe.unittests.dll</storage><m_nonRunnableReason type="System.String" /></value><key type="Microsoft.VisualStudio.TestTools.Common.TestId"><id type="System.Guid">51ead207-8cc9-729d-18f9-237bd455d945</id></key><value type="Microsoft.VisualStudio.TestTools.TestTypes.Unit.UnitTestElement, Microsoft.VisualStudio.QualityTools.Tips.UnitTest.ObjectModel, Version=8.0.0.0, Culture=neutral, PublicKeyToken=b03f5f7f11d50a3a"><codeBase type="System.String">e:/projects/brownshoe/unit_tests/product/src/BrownShoe/Testing/UnitTests/bin/BrownShoe.UnitTests.DLL</codeBase><adapterTypeName type="System.String">Microsoft.VisualStudio.TestTools.TestTypes.Unit.UnitTestAdapter, Microsoft.VisualStudio.QualityTools.Tips.UnitTest.Adapter</adapterTypeName><testMethod type="Microsoft.VisualStudio.TestTools.TestTypes.Unit.TestMethod, Microsoft.VisualStudio.QualityTools.Tips.UnitTest.ObjectModel, Version=8.0.0.0, Culture=neutral, PublicKeyToken=b03f5f7f11d50a3a"><className type="System.String">BrownShoe.UnitTests.Services.Profiles.AddressServiceTest, BrownShoe.UnitTests, Version=1.0.0.0, Culture=neutral, PublicKeyToken=null</className><name type="System.String">CreateTest</name><expectedExceptionMessage type="System.String" /><isValid type="System.Boolean">False</isValid></testMethod><aspNetDevServers type="System.Collections.Generic.List`1[[Microsoft.VisualStudio.TestTools.Common.AspNetDevelopmentServer, Microsoft.VisualStudio.QualityTools.Common, Version=8.0.0.0, Culture=neutral, PublicKeyToken=b03f5f7f11d50a3a]]"><_size type="System.Int32">0</_size><_version type="System.Int32">0</_version></aspNetDevServers><dataAccessMethod type="Microsoft.VisualStudio.TestTools.UnitTesting.DataAccessMethod, Microsoft.VisualStudio.QualityTools.UnitTestFramework, Version=8.0.0.0, Culture=neutral, PublicKeyToken=b03f5f7f11d50a3a"><value__ type="System.Int32">0</value__></dataAccessMethod><cssProjectStructure type="System.String" /><isRunOnRestart type="System.Boolean">False</isRunOnRestart><timeOut type="System.Int32">0</timeOut><isGroupable type="System.Boolean">True</isGroupable><abortRunOnAgentFailure type="System.Boolean">False</abortRunOnAgentFailure><cssIteration type="System.String" /><workItemIds type="System.Collections.Generic.List`1[[System.Int32, mscorlib, Version=2.0.0.0, Culture=neutral, PublicKeyToken=b77a5c561934e089]]"><_size type="System.Int32">0</_size><_version type="System.Int32">1</_version></workItemIds><id type="Microsoft.VisualStudio.TestTools.Common.TestId"><id type="System.Guid">51ead207-8cc9-729d-18f9-237bd455d945</id></id><name type="System.String">CreateTest</name><description type="System.String" /><enabled type="System.Boolean">True</enabled><owner type="System.String" /><priority type="System.Int32">0</priority><executionId type="Microsoft.VisualStudio.TestTools.Common.TestExecId"><id type="System.Guid">00000000-0000-0000-0000-000000000000</id></executionId><parentExecutId type="Microsoft.VisualStudio.TestTools.Common.TestExecId"><id type="System.Guid">00000000-0000-0000-0000-000000000000</id></parentExecutId><deploymentItems type="Microsoft.VisualStudio.TestTools.Common.DeploymentItemCollection" /><agentAttributes type="System.Collections.Specialized.StringDictionary, System, Version=2.0.0.0, Culture=neutral, PublicKeyToken=b77a5c561934e089" /><storage type="System.String">e:\projects\brownshoe\unit_tests\product\src\brownshoe\testing\unittests\bin\brownshoe.unittests.dll</storage><m_nonRunnableReason type="System.String" /></value><key type="Microsoft.VisualStudio.TestTools.Common.TestId"><id type="System.Guid">df1e0de8-6482-4068-130e-0aba42815f92</id></key><value type="Microsoft.VisualStudio.TestTools.TestTypes.Unit.UnitTestElement, Microsoft.VisualStudio.QualityTools.Tips.UnitTest.ObjectModel, Version=8.0.0.0, Culture=neutral, PublicKeyToken=b03f5f7f11d50a3a"><codeBase type="System.String">e:/projects/brownshoe/unit_tests/product/src/BrownShoe/Testing/UnitTests/bin/BrownShoe.UnitTests.DLL</codeBase><adapterTypeName type="System.String">Microsoft.VisualStudio.TestTools.TestTypes.Unit.UnitTestAdapter, Microsoft.VisualStudio.QualityTools.Tips.UnitTest.Adapter</adapterTypeName><testMethod type="Microsoft.VisualStudio.TestTools.TestTypes.Unit.TestMethod, Microsoft.VisualStudio.QualityTools.Tips.UnitTest.ObjectModel, Version=8.0.0.0, Culture=neutral, PublicKeyToken=b03f5f7f11d50a3a"><className type="System.String">BrownShoe.UnitTests.Services.Catalog.CatalogServiceTest, BrownShoe.UnitTests, Version=1.0.0.0, Culture=neutral, PublicKeyToken=null</className><name type="System.String">ListAvailableSizesTest</name><expectedExceptionMessage type="System.String" /><isValid type="System.Boolean">False</isValid></testMethod><aspNetDevServers type="System.Collections.Generic.List`1[[Microsoft.VisualStudio.TestTools.Common.AspNetDevelopmentServer, Microsoft.VisualStudio.QualityTools.Common, Version=8.0.0.0, Culture=neutral, PublicKeyToken=b03f5f7f11d50a3a]]"><_size type="System.Int32">0</_size><_version type="System.Int32">0</_version></aspNetDevServers><dataAccessMethod type="Microsoft.VisualStudio.TestTools.UnitTesting.DataAccessMethod, Microsoft.VisualStudio.QualityTools.UnitTestFramework, Version=8.0.0.0, Culture=neutral, PublicKeyToken=b03f5f7f11d50a3a"><value__ type="System.Int32">0</value__></dataAccessMethod><cssProjectStructure type="System.String" /><isRunOnRestart type="System.Boolean">False</isRunOnRestart><timeOut type="System.Int32">0</timeOut><isGroupable type="System.Boolean">True</isGroupable><abortRunOnAgentFailure type="System.Boolean">False</abortRunOnAgentFailure><cssIteration type="System.String" /><workItemIds type="System.Collections.Generic.List`1[[System.Int32, mscorlib, Version=2.0.0.0, Culture=neutral, PublicKeyToken=b77a5c561934e089]]"><_size type="System.Int32">0</_size><_version type="System.Int32">1</_version></workItemIds><id type="Microsoft.VisualStudio.TestTools.Common.TestId"><id type="System.Guid">df1e0de8-6482-4068-130e-0aba42815f92</id></id><name type="System.String">ListAvailableSizesTest</name><description type="System.String" /><enabled type="System.Boolean">True</enabled><owner type="System.String" /><priority type="System.Int32">0</priority><executionId type="Microsoft.VisualStudio.TestTools.Common.TestExecId"><id type="System.Guid">00000000-0000-0000-0000-000000000000</id></executionId><parentExecutId type="Microsoft.VisualStudio.TestTools.Common.TestExecId"><id type="System.Guid">00000000-0000-0000-0000-000000000000</id></parentExecutId><deploymentItems type="Microsoft.VisualStudio.TestTools.Common.DeploymentItemCollection" /><agentAttributes type="System.Collections.Specialized.StringDictionary, System, Version=2.0.0.0, Culture=neutral, PublicKeyToken=b77a5c561934e089" /><storage type="System.String">e:\projects\brownshoe\unit_tests\product\src\brownshoe\testing\unittests\bin\brownshoe.unittests.dll</storage><m_nonRunnableReason type="System.String" /></value><key type="Microsoft.VisualStudio.TestTools.Common.TestId"><id type="System.Guid">33404719-450b-da62-23b0-054fc648a51f</id></key><value type="Microsoft.VisualStudio.TestTools.TestTypes.Unit.UnitTestElement, Microsoft.VisualStudio.QualityTools.Tips.UnitTest.ObjectModel, Version=8.0.0.0, Culture=neutral, PublicKeyToken=b03f5f7f11d50a3a"><codeBase type="System.String">e:/projects/brownshoe/unit_tests/product/src/BrownShoe/Testing/UnitTests/bin/BrownShoe.UnitTests.DLL</codeBase><adapterTypeName type="System.String">Microsoft.VisualStudio.TestTools.TestTypes.Unit.UnitTestAdapter, Microsoft.VisualStudio.QualityTools.Tips.UnitTest.Adapter</adapterTypeName><testMethod type="Microsoft.VisualStudio.TestTools.TestTypes.Unit.TestMethod, Microsoft.VisualStudio.QualityTools.Tips.UnitTest.ObjectModel, Version=8.0.0.0, Culture=neutral, PublicKeyToken=b03f5f7f11d50a3a"><className type="System.String">BrownShoe.UnitTests.Services.DataAccess.OrderTemplatesAndBasketDBTest, BrownShoe.UnitTests, Version=1.0.0.0, Culture=neutral, PublicKeyToken=null</className><name type="System.String">GetCreditCardNumberTest</name><expectedExceptionMessage type="System.String" /><isValid type="System.Boolean">False</isValid></testMethod><aspNetDevServers type="System.Collections.Generic.List`1[[Microsoft.VisualStudio.TestTools.Common.AspNetDevelopmentServer, Microsoft.VisualStudio.QualityTools.Common, Version=8.0.0.0, Culture=neutral, PublicKeyToken=b03f5f7f11d50a3a]]"><_size type="System.Int32">0</_size><_version type="System.Int32">0</_version></aspNetDevServers><dataAccessMethod type="Microsoft.VisualStudio.TestTools.UnitTesting.DataAccessMethod, Microsoft.VisualStudio.QualityTools.UnitTestFramework, Version=8.0.0.0, Culture=neutral, PublicKeyToken=b03f5f7f11d50a3a"><value__ type="System.Int32">0</value__></dataAccessMethod><cssProjectStructure type="System.String" /><isRunOnRestart type="System.Boolean">False</isRunOnRestart><timeOut type="System.Int32">0</timeOut><isGroupable type="System.Boolean">True</isGroupable><abortRunOnAgentFailure type="System.Boolean">False</abortRunOnAgentFailure><cssIteration type="System.String" /><workItemIds type="System.Collections.Generic.List`1[[System.Int32, mscorlib, Version=2.0.0.0, Culture=neutral, PublicKeyToken=b77a5c561934e089]]"><_size type="System.Int32">0</_size><_version type="System.Int32">1</_version></workItemIds><id type="Microsoft.VisualStudio.TestTools.Common.TestId"><id type="System.Guid">33404719-450b-da62-23b0-054fc648a51f</id></id><name type="System.String">GetCreditCardNumberTest</name><description type="System.String" /><enabled type="System.Boolean">True</enabled><owner type="System.String" /><priority type="System.Int32">0</priority><executionId type="Microsoft.VisualStudio.TestTools.Common.TestExecId"><id type="System.Guid">00000000-0000-0000-0000-000000000000</id></executionId><parentExecutId type="Microsoft.VisualStudio.TestTools.Common.TestExecId"><id type="System.Guid">00000000-0000-0000-0000-000000000000</id></parentExecutId><deploymentItems type="Microsoft.VisualStudio.TestTools.Common.DeploymentItemCollection" /><agentAttributes type="System.Collections.Specialized.StringDictionary, System, Version=2.0.0.0, Culture=neutral, PublicKeyToken=b77a5c561934e089" /><storage type="System.String">e:\projects\brownshoe\unit_tests\product\src\brownshoe\testing\unittests\bin\brownshoe.unittests.dll</storage><m_nonRunnableReason type="System.String" /></value><key type="Microsoft.VisualStudio.TestTools.Common.TestId"><id type="System.Guid">b0a0b4ae-2c2d-fc93-3348-9689ae4705ae</id></key><value type="Microsoft.VisualStudio.TestTools.TestTypes.Unit.UnitTestElement, Microsoft.VisualStudio.QualityTools.Tips.UnitTest.ObjectModel, Version=8.0.0.0, Culture=neutral, PublicKeyToken=b03f5f7f11d50a3a"><codeBase type="System.String">e:/projects/brownshoe/unit_tests/product/src/BrownShoe/Testing/UnitTests/bin/BrownShoe.UnitTests.DLL</codeBase><adapterTypeName type="System.String">Microsoft.VisualStudio.TestTools.TestTypes.Unit.UnitTestAdapter, Microsoft.VisualStudio.QualityTools.Tips.UnitTest.Adapter</adapterTypeName><testMethod type="Microsoft.VisualStudio.TestTools.TestTypes.Unit.TestMethod, Microsoft.VisualStudio.QualityTools.Tips.UnitTest.ObjectModel, Version=8.0.0.0, Culture=neutral, PublicKeyToken=b03f5f7f11d50a3a"><className type="System.String">BrownShoe.UnitTests.Services.Madison.MadisonWebServiceTest, BrownShoe.UnitTests, Version=1.0.0.0, Culture=neutral, PublicKeyToken=null</className><name type="System.String">LocateStoreInventorySizeWidthsTestFailure</name><expectedExceptionMessage type="System.String" /><isValid type="System.Boolean">False</isValid></testMethod><aspNetDevServers type="System.Collections.Generic.List`1[[Microsoft.VisualStudio.TestTools.Common.AspNetDevelopmentServer, Microsoft.VisualStudio.QualityTools.Common, Version=8.0.0.0, Culture=neutral, PublicKeyToken=b03f5f7f11d50a3a]]"><_size type="System.Int32">0</_size><_version type="System.Int32">0</_version></aspNetDevServers><dataAccessMethod type="Microsoft.VisualStudio.TestTools.UnitTesting.DataAccessMethod, Microsoft.VisualStudio.QualityTools.UnitTestFramework, Version=8.0.0.0, Culture=neutral, PublicKeyToken=b03f5f7f11d50a3a"><value__ type="System.Int32">0</value__></dataAccessMethod><cssProjectStructure type="System.String" /><isRunOnRestart type="System.Boolean">False</isRunOnRestart><timeOut type="System.Int32">0</timeOut><isGroupable type="System.Boolean">True</isGroupable><abortRunOnAgentFailure type="System.Boolean">False</abortRunOnAgentFailure><cssIteration type="System.String" /><workItemIds type="System.Collections.Generic.List`1[[System.Int32, mscorlib, Version=2.0.0.0, Culture=neutral, PublicKeyToken=b77a5c561934e089]]"><_size type="System.Int32">0</_size><_version type="System.Int32">1</_version></workItemIds><id type="Microsoft.VisualStudio.TestTools.Common.TestId"><id type="System.Guid">b0a0b4ae-2c2d-fc93-3348-9689ae4705ae</id></id><name type="System.String">LocateStoreInventorySizeWidthsTestFailure</name><description type="System.String" /><enabled type="System.Boolean">True</enabled><owner type="System.String" /><priority type="System.Int32">0</priority><executionId type="Microsoft.VisualStudio.TestTools.Common.TestExecId"><id type="System.Guid">00000000-0000-0000-0000-000000000000</id></executionId><parentExecutId type="Microsoft.VisualStudio.TestTools.Common.TestExecId"><id type="System.Guid">00000000-0000-0000-0000-000000000000</id></parentExecutId><deploymentItems type="Microsoft.VisualStudio.TestTools.Common.DeploymentItemCollection" /><agentAttributes type="System.Collections.Specialized.StringDictionary, System, Version=2.0.0.0, Culture=neutral, PublicKeyToken=b77a5c561934e089" /><storage type="System.String">e:\projects\brownshoe\unit_tests\product\src\brownshoe\testing\unittests\bin\brownshoe.unittests.dll</storage><m_nonRunnableReason type="System.String" /></value><key type="Microsoft.VisualStudio.TestTools.Common.TestId"><id type="System.Guid">ddf4ee9a-2c6b-ab4f-39b4-419b81e08971</id></key><value type="Microsoft.VisualStudio.TestTools.TestTypes.Unit.UnitTestElement, Microsoft.VisualStudio.QualityTools.Tips.UnitTest.ObjectModel, Version=8.0.0.0, Culture=neutral, PublicKeyToken=b03f5f7f11d50a3a"><codeBase type="System.String">e:/projects/brownshoe/unit_tests/product/src/BrownShoe/Testing/UnitTests/bin/BrownShoe.UnitTests.DLL</codeBase><adapterTypeName type="System.String">Microsoft.VisualStudio.TestTools.TestTypes.Unit.UnitTestAdapter, Microsoft.VisualStudio.QualityTools.Tips.UnitTest.Adapter</adapterTypeName><testMethod type="Microsoft.VisualStudio.TestTools.TestTypes.Unit.TestMethod, Microsoft.VisualStudio.QualityTools.Tips.UnitTest.ObjectModel, Version=8.0.0.0, Culture=neutral, PublicKeyToken=b03f5f7f11d50a3a"><className type="System.String">BrownShoe.UnitTests.Services.Email.EmailEnrollmentServiceTest, BrownShoe.UnitTests, Version=1.0.0.0, Culture=neutral, PublicKeyToken=null</className><name type="System.String">ToggleRegistrationTest</name><expectedExceptionMessage type="System.String" /><isValid type="System.Boolean">False</isValid></testMethod><aspNetDevServers type="System.Collections.Generic.List`1[[Microsoft.VisualStudio.TestTools.Common.AspNetDevelopmentServer, Microsoft.VisualStudio.QualityTools.Common, Version=8.0.0.0, Culture=neutral, PublicKeyToken=b03f5f7f11d50a3a]]"><_size type="System.Int32">0</_size><_version type="System.Int32">0</_version></aspNetDevServers><dataAccessMethod type="Microsoft.VisualStudio.TestTools.UnitTesting.DataAccessMethod, Microsoft.VisualStudio.QualityTools.UnitTestFramework, Version=8.0.0.0, Culture=neutral, PublicKeyToken=b03f5f7f11d50a3a"><value__ type="System.Int32">0</value__></dataAccessMethod><cssProjectStructure type="System.String" /><isRunOnRestart type="System.Boolean">False</isRunOnRestart><timeOut type="System.Int32">0</timeOut><isGroupable type="System.Boolean">True</isGroupable><abortRunOnAgentFailure type="System.Boolean">False</abortRunOnAgentFailure><cssIteration type="System.String" /><workItemIds type="System.Collections.Generic.List`1[[System.Int32, mscorlib, Version=2.0.0.0, Culture=neutral, PublicKeyToken=b77a5c561934e089]]"><_size type="System.Int32">0</_size><_version type="System.Int32">1</_version></workItemIds><id type="Microsoft.VisualStudio.TestTools.Common.TestId"><id type="System.Guid">ddf4ee9a-2c6b-ab4f-39b4-419b81e08971</id></id><name type="System.String">ToggleRegistrationTest</name><description type="System.String" /><enabled type="System.Boolean">True</enabled><owner type="System.String" /><priority type="System.Int32">0</priority><executionId type="Microsoft.VisualStudio.TestTools.Common.TestExecId"><id type="System.Guid">00000000-0000-0000-0000-000000000000</id></executionId><parentExecutId type="Microsoft.VisualStudio.TestTools.Common.TestExecId"><id type="System.Guid">00000000-0000-0000-0000-000000000000</id></parentExecutId><deploymentItems type="Microsoft.VisualStudio.TestTools.Common.DeploymentItemCollection" /><agentAttributes type="System.Collections.Specialized.StringDictionary, System, Version=2.0.0.0, Culture=neutral, PublicKeyToken=b77a5c561934e089" /><storage type="System.String">e:\projects\brownshoe\unit_tests\product\src\brownshoe\testing\unittests\bin\brownshoe.unittests.dll</storage><m_nonRunnableReason type="System.String" /></value><key type="Microsoft.VisualStudio.TestTools.Common.TestId"><id type="System.Guid">33ab654b-f31c-3388-9257-8f4df14c4360</id></key><value type="Microsoft.VisualStudio.TestTools.TestTypes.Unit.UnitTestElement, Microsoft.VisualStudio.QualityTools.Tips.UnitTest.ObjectModel, Version=8.0.0.0, Culture=neutral, PublicKeyToken=b03f5f7f11d50a3a"><codeBase type="System.String">e:/projects/brownshoe/unit_tests/product/src/BrownShoe/Testing/UnitTests/bin/BrownShoe.UnitTests.DLL</codeBase><adapterTypeName type="System.String">Microsoft.VisualStudio.TestTools.TestTypes.Unit.UnitTestAdapter, Microsoft.VisualStudio.QualityTools.Tips.UnitTest.Adapter</adapterTypeName><testMethod type="Microsoft.VisualStudio.TestTools.TestTypes.Unit.TestMethod, Microsoft.VisualStudio.QualityTools.Tips.UnitTest.ObjectModel, Version=8.0.0.0, Culture=neutral, PublicKeyToken=b03f5f7f11d50a3a"><className type="System.String">BrownShoe.UnitTests.Services.Orders.MerchandiseReturnServiceTest, BrownShoe.UnitTests, Version=1.0.0.0, Culture=neutral, PublicKeyToken=null</className><name type="System.String">UpdateReturnTest</name><expectedExceptionMessage type="System.String" /><isValid type="System.Boolean">False</isValid></testMethod><aspNetDevServers type="System.Collections.Generic.List`1[[Microsoft.VisualStudio.TestTools.Common.AspNetDevelopmentServer, Microsoft.VisualStudio.QualityTools.Common, Version=8.0.0.0, Culture=neutral, PublicKeyToken=b03f5f7f11d50a3a]]"><_size type="System.Int32">0</_size><_version type="System.Int32">0</_version></aspNetDevServers><dataAccessMethod type="Microsoft.VisualStudio.TestTools.UnitTesting.DataAccessMethod, Microsoft.VisualStudio.QualityTools.UnitTestFramework, Version=8.0.0.0, Culture=neutral, PublicKeyToken=b03f5f7f11d50a3a"><value__ type="System.Int32">0</value__></dataAccessMethod><cssProjectStructure type="System.String" /><isRunOnRestart type="System.Boolean">False</isRunOnRestart><timeOut type="System.Int32">0</timeOut><isGroupable type="System.Boolean">True</isGroupable><abortRunOnAgentFailure type="System.Boolean">False</abortRunOnAgentFailure><cssIteration type="System.String" /><workItemIds type="System.Collections.Generic.List`1[[System.Int32, mscorlib, Version=2.0.0.0, Culture=neutral, PublicKeyToken=b77a5c561934e089]]"><_size type="System.Int32">0</_size><_version type="System.Int32">1</_version></workItemIds><id type="Microsoft.VisualStudio.TestTools.Common.TestId"><id type="System.Guid">33ab654b-f31c-3388-9257-8f4df14c4360</id></id><name type="System.String">UpdateReturnTest</name><description type="System.String" /><enabled type="System.Boolean">True</enabled><owner type="System.String" /><priority type="System.Int32">0</priority><executionId type="Microsoft.VisualStudio.TestTools.Common.TestExecId"><id type="System.Guid">00000000-0000-0000-0000-000000000000</id></executionId><parentExecutId type="Microsoft.VisualStudio.TestTools.Common.TestExecId"><id type="System.Guid">00000000-0000-0000-0000-000000000000</id></parentExecutId><deploymentItems type="Microsoft.VisualStudio.TestTools.Common.DeploymentItemCollection" /><agentAttributes type="System.Collections.Specialized.StringDictionary, System, Version=2.0.0.0, Culture=neutral, PublicKeyToken=b77a5c561934e089" /><storage type="System.String">e:\projects\brownshoe\unit_tests\product\src\brownshoe\testing\unittests\bin\brownshoe.unittests.dll</storage><m_nonRunnableReason type="System.String" /></value><key type="Microsoft.VisualStudio.TestTools.Common.TestId"><id type="System.Guid">d3211a8e-0487-6b41-307d-8b111661a69d</id></key><value type="Microsoft.VisualStudio.TestTools.TestTypes.Unit.UnitTestElement, Microsoft.VisualStudio.QualityTools.Tips.UnitTest.ObjectModel, Version=8.0.0.0, Culture=neutral, PublicKeyToken=b03f5f7f11d50a3a"><codeBase type="System.String">e:/projects/brownshoe/unit_tests/product/src/BrownShoe/Testing/UnitTests/bin/BrownShoe.UnitTests.DLL</codeBase><adapterTypeName type="System.String">Microsoft.VisualStudio.TestTools.TestTypes.Unit.UnitTestAdapter, Microsoft.VisualStudio.QualityTools.Tips.UnitTest.Adapter</adapterTypeName><testMethod type="Microsoft.VisualStudio.TestTools.TestTypes.Unit.TestMethod, Microsoft.VisualStudio.QualityTools.Tips.UnitTest.ObjectModel, Version=8.0.0.0, Culture=neutral, PublicKeyToken=b03f5f7f11d50a3a"><className type="System.String">BrownShoe.UnitTests.Services.Profiles.WebStoreServicesTest, BrownShoe.UnitTests, Version=1.0.0.0, Culture=neutral, PublicKeyToken=null</className><name type="System.String">ReadTest</name><expectedExceptionMessage type="System.String" /><isValid type="System.Boolean">False</isValid></testMethod><aspNetDevServers type="System.Collections.Generic.List`1[[Microsoft.VisualStudio.TestTools.Common.AspNetDevelopmentServer, Microsoft.VisualStudio.QualityTools.Common, Version=8.0.0.0, Culture=neutral, PublicKeyToken=b03f5f7f11d50a3a]]"><_size type="System.Int32">0</_size><_version type="System.Int32">0</_version></aspNetDevServers><dataAccessMethod type="Microsoft.VisualStudio.TestTools.UnitTesting.DataAccessMethod, Microsoft.VisualStudio.QualityTools.UnitTestFramework, Version=8.0.0.0, Culture=neutral, PublicKeyToken=b03f5f7f11d50a3a"><value__ type="System.Int32">0</value__></dataAccessMethod><cssProjectStructure type="System.String" /><isRunOnRestart type="System.Boolean">False</isRunOnRestart><timeOut type="System.Int32">0</timeOut><isGroupable type="System.Boolean">True</isGroupable><abortRunOnAgentFailure type="System.Boolean">False</abortRunOnAgentFailure><cssIteration type="System.String" /><workItemIds type="System.Collections.Generic.List`1[[System.Int32, mscorlib, Version=2.0.0.0, Culture=neutral, PublicKeyToken=b77a5c561934e089]]"><_size type="System.Int32">0</_size><_version type="System.Int32">1</_version></workItemIds><id type="Microsoft.VisualStudio.TestTools.Common.TestId"><id type="System.Guid">d3211a8e-0487-6b41-307d-8b111661a69d</id></id><name type="System.String">ReadTest</name><description type="System.String" /><enabled type="System.Boolean">True</enabled><owner type="System.String" /><priority type="System.Int32">0</priority><executionId type="Microsoft.VisualStudio.TestTools.Common.TestExecId"><id type="System.Guid">00000000-0000-0000-0000-000000000000</id></executionId><parentExecutId type="Microsoft.VisualStudio.TestTools.Common.TestExecId"><id type="System.Guid">00000000-0000-0000-0000-000000000000</id></parentExecutId><deploymentItems type="Microsoft.VisualStudio.TestTools.Common.DeploymentItemCollection" /><agentAttributes type="System.Collections.Specialized.StringDictionary, System, Version=2.0.0.0, Culture=neutral, PublicKeyToken=b77a5c561934e089" /><storage type="System.String">e:\projects\brownshoe\unit_tests\product\src\brownshoe\testing\unittests\bin\brownshoe.unittests.dll</storage><m_nonRunnableReason type="System.String" /></value><key type="Microsoft.VisualStudio.TestTools.Common.TestId"><id type="System.Guid">a7b3e5e5-b87b-8094-1c39-3098fcc036bf</id></key><value type="Microsoft.VisualStudio.TestTools.TestTypes.Unit.UnitTestElement, Microsoft.VisualStudio.QualityTools.Tips.UnitTest.ObjectModel, Version=8.0.0.0, Culture=neutral, PublicKeyToken=b03f5f7f11d50a3a"><codeBase type="System.String">e:/projects/brownshoe/unit_tests/product/src/BrownShoe/Testing/UnitTests/bin/BrownShoe.UnitTests.DLL</codeBase><adapterTypeName type="System.String">Microsoft.VisualStudio.TestTools.TestTypes.Unit.UnitTestAdapter, Microsoft.VisualStudio.QualityTools.Tips.UnitTest.Adapter</adapterTypeName><testMethod type="Microsoft.VisualStudio.TestTools.TestTypes.Unit.TestMethod, Microsoft.VisualStudio.QualityTools.Tips.UnitTest.ObjectModel, Version=8.0.0.0, Culture=neutral, PublicKeyToken=b03f5f7f11d50a3a"><className type="System.String">BrownShoe.UnitTests.Services.Orders.CheckoutServiceTest, BrownShoe.UnitTests, Version=1.0.0.0, Culture=neutral, PublicKeyToken=null</className><name type="System.String">SubmitPayPalLoginCredentialsTest</name><expectedExceptionMessage type="System.String" /><isValid type="System.Boolean">False</isValid></testMethod><aspNetDevServers type="System.Collections.Generic.List`1[[Microsoft.VisualStudio.TestTools.Common.AspNetDevelopmentServer, Microsoft.VisualStudio.QualityTools.Common, Version=8.0.0.0, Culture=neutral, PublicKeyToken=b03f5f7f11d50a3a]]"><_size type="System.Int32">0</_size><_version type="System.Int32">0</_version></aspNetDevServers><dataAccessMethod type="Microsoft.VisualStudio.TestTools.UnitTesting.DataAccessMethod, Microsoft.VisualStudio.QualityTools.UnitTestFramework, Version=8.0.0.0, Culture=neutral, PublicKeyToken=b03f5f7f11d50a3a"><value__ type="System.Int32">0</value__></dataAccessMethod><cssProjectStructure type="System.String" /><isRunOnRestart type="System.Boolean">False</isRunOnRestart><timeOut type="System.Int32">0</timeOut><isGroupable type="System.Boolean">True</isGroupable><abortRunOnAgentFailure type="System.Boolean">False</abortRunOnAgentFailure><cssIteration type="System.String" /><workItemIds type="System.Collections.Generic.List`1[[System.Int32, mscorlib, Version=2.0.0.0, Culture=neutral, PublicKeyToken=b77a5c561934e089]]"><_size type="System.Int32">0</_size><_version type="System.Int32">1</_version></workItemIds><id type="Microsoft.VisualStudio.TestTools.Common.TestId"><id type="System.Guid">a7b3e5e5-b87b-8094-1c39-3098fcc036bf</id></id><name type="System.String">SubmitPayPalLoginCredentialsTest</name><description type="System.String" /><enabled type="System.Boolean">True</enabled><owner type="System.String" /><priority type="System.Int32">0</priority><executionId type="Microsoft.VisualStudio.TestTools.Common.TestExecId"><id type="System.Guid">00000000-0000-0000-0000-000000000000</id></executionId><parentExecutId type="Microsoft.VisualStudio.TestTools.Common.TestExecId"><id type="System.Guid">00000000-0000-0000-0000-000000000000</id></parentExecutId><deploymentItems type="Microsoft.VisualStudio.TestTools.Common.DeploymentItemCollection" /><agentAttributes type="System.Collections.Specialized.StringDictionary, System, Version=2.0.0.0, Culture=neutral, PublicKeyToken=b77a5c561934e089" /><storage type="System.String">e:\projects\brownshoe\unit_tests\product\src\brownshoe\testing\unittests\bin\brownshoe.unittests.dll</storage><m_nonRunnableReason type="System.String" /></value><key type="Microsoft.VisualStudio.TestTools.Common.TestId"><id type="System.Guid">35152d20-1c1a-9f37-70b1-aba76b88e0f3</id></key><value type="Microsoft.VisualStudio.TestTools.TestTypes.Unit.UnitTestElement, Microsoft.VisualStudio.QualityTools.Tips.UnitTest.ObjectModel, Version=8.0.0.0, Culture=neutral, PublicKeyToken=b03f5f7f11d50a3a"><codeBase type="System.String">e:/projects/brownshoe/unit_tests/product/src/BrownShoe/Testing/UnitTests/bin/BrownShoe.UnitTests.DLL</codeBase><adapterTypeName type="System.String">Microsoft.VisualStudio.TestTools.TestTypes.Unit.UnitTestAdapter, Microsoft.VisualStudio.QualityTools.Tips.UnitTest.Adapter</adapterTypeName><testMethod type="Microsoft.VisualStudio.TestTools.TestTypes.Unit.TestMethod, Microsoft.VisualStudio.QualityTools.Tips.UnitTest.ObjectModel, Version=8.0.0.0, Culture=neutral, PublicKeyToken=b03f5f7f11d50a3a"><className type="System.String">BrownShoe.UnitTests.Services.Orders.CustomerOrderServiceTest, BrownShoe.UnitTests, Version=1.0.0.0, Culture=neutral, PublicKeyToken=null</className><name type="System.String">OrderReviewBankHoldTest</name><expectedExceptionMessage type="System.String" /><isValid type="System.Boolean">False</isValid></testMethod><aspNetDevServers type="System.Collections.Generic.List`1[[Microsoft.VisualStudio.TestTools.Common.AspNetDevelopmentServer, Microsoft.VisualStudio.QualityTools.Common, Version=8.0.0.0, Culture=neutral, PublicKeyToken=b03f5f7f11d50a3a]]"><_size type="System.Int32">0</_size><_version type="System.Int32">0</_version></aspNetDevServers><dataAccessMethod type="Microsoft.VisualStudio.TestTools.UnitTesting.DataAccessMethod, Microsoft.VisualStudio.QualityTools.UnitTestFramework, Version=8.0.0.0, Culture=neutral, PublicKeyToken=b03f5f7f11d50a3a"><value__ type="System.Int32">0</value__></dataAccessMethod><cssProjectStructure type="System.String" /><isRunOnRestart type="System.Boolean">False</isRunOnRestart><timeOut type="System.Int32">0</timeOut><isGroupable type="System.Boolean">True</isGroupable><abortRunOnAgentFailure type="System.Boolean">False</abortRunOnAgentFailure><cssIteration type="System.String" /><workItemIds type="System.Collections.Generic.List`1[[System.Int32, mscorlib, Version=2.0.0.0, Culture=neutral, PublicKeyToken=b77a5c561934e089]]"><_size type="System.Int32">0</_size><_version type="System.Int32">1</_version></workItemIds><id type="Microsoft.VisualStudio.TestTools.Common.TestId"><id type="System.Guid">35152d20-1c1a-9f37-70b1-aba76b88e0f3</id></id><name type="System.String">OrderReviewBankHoldTest</name><description type="System.String" /><enabled type="System.Boolean">True</enabled><owner type="System.String" /><priority type="System.Int32">0</priority><executionId type="Microsoft.VisualStudio.TestTools.Common.TestExecId"><id type="System.Guid">00000000-0000-0000-0000-000000000000</id></executionId><parentExecutId type="Microsoft.VisualStudio.TestTools.Common.TestExecId"><id type="System.Guid">00000000-0000-0000-0000-000000000000</id></parentExecutId><deploymentItems type="Microsoft.VisualStudio.TestTools.Common.DeploymentItemCollection" /><agentAttributes type="System.Collections.Specialized.StringDictionary, System, Version=2.0.0.0, Culture=neutral, PublicKeyToken=b77a5c561934e089" /><storage type="System.String">e:\projects\brownshoe\unit_tests\product\src\brownshoe\testing\unittests\bin\brownshoe.unittests.dll</storage><m_nonRunnableReason type="System.String" /></value><key type="Microsoft.VisualStudio.TestTools.Common.TestId"><id type="System.Guid">399c9613-a1f8-d72b-1efe-358f0070b9d4</id></key><value type="Microsoft.VisualStudio.TestTools.TestTypes.Unit.UnitTestElement, Microsoft.VisualStudio.QualityTools.Tips.UnitTest.ObjectModel, Version=8.0.0.0, Culture=neutral, PublicKeyToken=b03f5f7f11d50a3a"><codeBase type="System.String">e:/projects/brownshoe/unit_tests/product/src/BrownShoe/Testing/UnitTests/bin/BrownShoe.UnitTests.DLL</codeBase><adapterTypeName type="System.String">Microsoft.VisualStudio.TestTools.TestTypes.Unit.UnitTestAdapter, Microsoft.VisualStudio.QualityTools.Tips.UnitTest.Adapter</adapterTypeName><testMethod type="Microsoft.VisualStudio.TestTools.TestTypes.Unit.TestMethod, Microsoft.VisualStudio.QualityTools.Tips.UnitTest.ObjectModel, Version=8.0.0.0, Culture=neutral, PublicKeyToken=b03f5f7f11d50a3a"><className type="System.String">BrownShoe.UnitTests.Services.Catalog.CatalogServiceTest, BrownShoe.UnitTests, Version=1.0.0.0, Culture=neutral, PublicKeyToken=null</className><name type="System.String">GetProductGroupTest</name><expectedExceptionMessage type="System.String" /><isValid type="System.Boolean">False</isValid></testMethod><aspNetDevServers type="System.Collections.Generic.List`1[[Microsoft.VisualStudio.TestTools.Common.AspNetDevelopmentServer, Microsoft.VisualStudio.QualityTools.Common, Version=8.0.0.0, Culture=neutral, PublicKeyToken=b03f5f7f11d50a3a]]"><_size type="System.Int32">0</_size><_version type="System.Int32">0</_version></aspNetDevServers><dataAccessMethod type="Microsoft.VisualStudio.TestTools.UnitTesting.DataAccessMethod, Microsoft.VisualStudio.QualityTools.UnitTestFramework, Version=8.0.0.0, Culture=neutral, PublicKeyToken=b03f5f7f11d50a3a"><value__ type="System.Int32">0</value__></dataAccessMethod><cssProjectStructure type="System.String" /><isRunOnRestart type="System.Boolean">False</isRunOnRestart><timeOut type="System.Int32">0</timeOut><isGroupable type="System.Boolean">True</isGroupable><abortRunOnAgentFailure type="System.Boolean">False</abortRunOnAgentFailure><cssIteration type="System.String" /><workItemIds type="System.Collections.Generic.List`1[[System.Int32, mscorlib, Version=2.0.0.0, Culture=neutral, PublicKeyToken=b77a5c561934e089]]"><_size type="System.Int32">0</_size><_version type="System.Int32">1</_version></workItemIds><id type="Microsoft.VisualStudio.TestTools.Common.TestId"><id type="System.Guid">399c9613-a1f8-d72b-1efe-358f0070b9d4</id></id><name type="System.String">GetProductGroupTest</name><description type="System.String" /><enabled type="System.Boolean">True</enabled><owner type="System.String" /><priority type="System.Int32">0</priority><executionId type="Microsoft.VisualStudio.TestTools.Common.TestExecId"><id type="System.Guid">00000000-0000-0000-0000-000000000000</id></executionId><parentExecutId type="Microsoft.VisualStudio.TestTools.Common.TestExecId"><id type="System.Guid">00000000-0000-0000-0000-000000000000</id></parentExecutId><deploymentItems type="Microsoft.VisualStudio.TestTools.Common.DeploymentItemCollection" /><agentAttributes type="System.Collections.Specialized.StringDictionary, System, Version=2.0.0.0, Culture=neutral, PublicKeyToken=b77a5c561934e089" /><storage type="System.String">e:\projects\brownshoe\unit_tests\product\src\brownshoe\testing\unittests\bin\brownshoe.unittests.dll</storage><m_nonRunnableReason type="System.String" /></value><key type="Microsoft.VisualStudio.TestTools.Common.TestId"><id type="System.Guid">3e27f1e4-2f5a-10bd-ae92-0333997f9d4d</id></key><value type="Microsoft.VisualStudio.TestTools.TestTypes.Unit.UnitTestElement, Microsoft.VisualStudio.QualityTools.Tips.UnitTest.ObjectModel, Version=8.0.0.0, Culture=neutral, PublicKeyToken=b03f5f7f11d50a3a"><codeBase type="System.String">e:/projects/brownshoe/unit_tests/product/src/BrownShoe/Testing/UnitTests/bin/BrownShoe.UnitTests.DLL</codeBase><adapterTypeName type="System.String">Microsoft.VisualStudio.TestTools.TestTypes.Unit.UnitTestAdapter, Microsoft.VisualStudio.QualityTools.Tips.UnitTest.Adapter</adapterTypeName><testMethod type="Microsoft.VisualStudio.TestTools.TestTypes.Unit.TestMethod, Microsoft.VisualStudio.QualityTools.Tips.UnitTest.ObjectModel, Version=8.0.0.0, Culture=neutral, PublicKeyToken=b03f5f7f11d50a3a"><className type="System.String">BrownShoe.UnitTests.Services.ContentManagement.CMTokenServiceTest, BrownShoe.UnitTests, Version=1.0.0.0, Culture=neutral, PublicKeyToken=null</className><name type="System.String">GetBDAdShopRightMargin1Test</name><expectedExceptionMessage type="System.String" /><isValid type="System.Boolean">False</isValid></testMethod><aspNetDevServers type="System.Collections.Generic.List`1[[Microsoft.VisualStudio.TestTools.Common.AspNetDevelopmentServer, Microsoft.VisualStudio.QualityTools.Common, Version=8.0.0.0, Culture=neutral, PublicKeyToken=b03f5f7f11d50a3a]]"><_size type="System.Int32">0</_size><_version type="System.Int32">0</_version></aspNetDevServers><dataAccessMethod type="Microsoft.VisualStudio.TestTools.UnitTesting.DataAccessMethod, Microsoft.VisualStudio.QualityTools.UnitTestFramework, Version=8.0.0.0, Culture=neutral, PublicKeyToken=b03f5f7f11d50a3a"><value__ type="System.Int32">0</value__></dataAccessMethod><cssProjectStructure type="System.String" /><isRunOnRestart type="System.Boolean">False</isRunOnRestart><timeOut type="System.Int32">0</timeOut><isGroupable type="System.Boolean">True</isGroupable><abortRunOnAgentFailure type="System.Boolean">False</abortRunOnAgentFailure><cssIteration type="System.String" /><workItemIds type="System.Collections.Generic.List`1[[System.Int32, mscorlib, Version=2.0.0.0, Culture=neutral, PublicKeyToken=b77a5c561934e089]]"><_size type="System.Int32">0</_size><_version type="System.Int32">1</_version></workItemIds><id type="Microsoft.VisualStudio.TestTools.Common.TestId"><id type="System.Guid">3e27f1e4-2f5a-10bd-ae92-0333997f9d4d</id></id><name type="System.String">GetBDAdShopRightMargin1Test</name><description type="System.String" /><enabled type="System.Boolean">True</enabled><owner type="System.String" /><priority type="System.Int32">0</priority><executionId type="Microsoft.VisualStudio.TestTools.Common.TestExecId"><id type="System.Guid">00000000-0000-0000-0000-000000000000</id></executionId><parentExecutId type="Microsoft.VisualStudio.TestTools.Common.TestExecId"><id type="System.Guid">00000000-0000-0000-0000-000000000000</id></parentExecutId><deploymentItems type="Microsoft.VisualStudio.TestTools.Common.DeploymentItemCollection" /><agentAttributes type="System.Collections.Specialized.StringDictionary, System, Version=2.0.0.0, Culture=neutral, PublicKeyToken=b77a5c561934e089" /><storage type="System.String">e:\projects\brownshoe\unit_tests\product\src\brownshoe\testing\unittests\bin\brownshoe.unittests.dll</storage><m_nonRunnableReason type="System.String" /></value><key type="Microsoft.VisualStudio.TestTools.Common.TestId"><id type="System.Guid">6037ef3c-9dbf-0611-5623-4396f45305c9</id></key><value type="Microsoft.VisualStudio.TestTools.TestTypes.Unit.UnitTestElement, Microsoft.VisualStudio.QualityTools.Tips.UnitTest.ObjectModel, Version=8.0.0.0, Culture=neutral, PublicKeyToken=b03f5f7f11d50a3a"><codeBase type="System.String">e:/projects/brownshoe/unit_tests/product/src/BrownShoe/Testing/UnitTests/bin/BrownShoe.UnitTests.DLL</codeBase><adapterTypeName type="System.String">Microsoft.VisualStudio.TestTools.TestTypes.Unit.UnitTestAdapter, Microsoft.VisualStudio.QualityTools.Tips.UnitTest.Adapter</adapterTypeName><testMethod type="Microsoft.VisualStudio.TestTools.TestTypes.Unit.TestMethod, Microsoft.VisualStudio.QualityTools.Tips.UnitTest.ObjectModel, Version=8.0.0.0, Culture=neutral, PublicKeyToken=b03f5f7f11d50a3a"><className type="System.String">BrownShoe.UnitTests.RetailApplicationCore.Profiles.ProfileControllerTest, BrownShoe.UnitTests, Version=1.0.0.0, Culture=neutral, PublicKeyToken=null</className><name type="System.String">AddAddressToProfileTest</name><expectedExceptionMessage type="System.String" /><isValid type="System.Boolean">False</isValid></testMethod><aspNetDevServers type="System.Collections.Generic.List`1[[Microsoft.VisualStudio.TestTools.Common.AspNetDevelopmentServer, Microsoft.VisualStudio.QualityTools.Common, Version=8.0.0.0, Culture=neutral, PublicKeyToken=b03f5f7f11d50a3a]]"><_size type="System.Int32">0</_size><_version type="System.Int32">0</_version></aspNetDevServers><dataAccessMethod type="Microsoft.VisualStudio.TestTools.UnitTesting.DataAccessMethod, Microsoft.VisualStudio.QualityTools.UnitTestFramework, Version=8.0.0.0, Culture=neutral, PublicKeyToken=b03f5f7f11d50a3a"><value__ type="System.Int32">0</value__></dataAccessMethod><cssProjectStructure type="System.String" /><isRunOnRestart type="System.Boolean">False</isRunOnRestart><timeOut type="System.Int32">0</timeOut><isGroupable type="System.Boolean">True</isGroupable><abortRunOnAgentFailure type="System.Boolean">False</abortRunOnAgentFailure><cssIteration type="System.String" /><workItemIds type="System.Collections.Generic.List`1[[System.Int32, mscorlib, Version=2.0.0.0, Culture=neutral, PublicKeyToken=b77a5c561934e089]]"><_size type="System.Int32">0</_size><_version type="System.Int32">1</_version></workItemIds><id type="Microsoft.VisualStudio.TestTools.Common.TestId"><id type="System.Guid">6037ef3c-9dbf-0611-5623-4396f45305c9</id></id><name type="System.String">AddAddressToProfileTest</name><description type="System.String" /><enabled type="System.Boolean">True</enabled><owner type="System.String" /><priority type="System.Int32">0</priority><executionId type="Microsoft.VisualStudio.TestTools.Common.TestExecId"><id type="System.Guid">00000000-0000-0000-0000-000000000000</id></executionId><parentExecutId type="Microsoft.VisualStudio.TestTools.Common.TestExecId"><id type="System.Guid">00000000-0000-0000-0000-000000000000</id></parentExecutId><deploymentItems type="Microsoft.VisualStudio.TestTools.Common.DeploymentItemCollection" /><agentAttributes type="System.Collections.Specialized.StringDictionary, System, Version=2.0.0.0, Culture=neutral, PublicKeyToken=b77a5c561934e089" /><storage type="System.String">e:\projects\brownshoe\unit_tests\product\src\brownshoe\testing\unittests\bin\brownshoe.unittests.dll</storage><m_nonRunnableReason type="System.String" /></value><key type="Microsoft.VisualStudio.TestTools.Common.TestId"><id type="System.Guid">b17bb708-74f0-6b1b-47e5-2c14d809539c</id></key><value type="Microsoft.VisualStudio.TestTools.TestTypes.Unit.UnitTestElement, Microsoft.VisualStudio.QualityTools.Tips.UnitTest.ObjectModel, Version=8.0.0.0, Culture=neutral, PublicKeyToken=b03f5f7f11d50a3a"><codeBase type="System.String">e:/projects/brownshoe/unit_tests/product/src/BrownShoe/Testing/UnitTests/bin/BrownShoe.UnitTests.DLL</codeBase><adapterTypeName type="System.String">Microsoft.VisualStudio.TestTools.TestTypes.Unit.UnitTestAdapter, Microsoft.VisualStudio.QualityTools.Tips.UnitTest.Adapter</adapterTypeName><testMethod type="Microsoft.VisualStudio.TestTools.TestTypes.Unit.TestMethod, Microsoft.VisualStudio.QualityTools.Tips.UnitTest.ObjectModel, Version=8.0.0.0, Culture=neutral, PublicKeyToken=b03f5f7f11d50a3a"><className type="System.String">BrownShoe.UnitTests.Services.Profiles.CustomerServiceTest, BrownShoe.UnitTests, Version=1.0.0.0, Culture=neutral, PublicKeyToken=null</className><name type="System.String">ExistsTest</name><expectedExceptionMessage type="System.String" /><isValid type="System.Boolean">False</isValid></testMethod><aspNetDevServers type="System.Collections.Generic.List`1[[Microsoft.VisualStudio.TestTools.Common.AspNetDevelopmentServer, Microsoft.VisualStudio.QualityTools.Common, Version=8.0.0.0, Culture=neutral, PublicKeyToken=b03f5f7f11d50a3a]]"><_size type="System.Int32">0</_size><_version type="System.Int32">0</_version></aspNetDevServers><dataAccessMethod type="Microsoft.VisualStudio.TestTools.UnitTesting.DataAccessMethod, Microsoft.VisualStudio.QualityTools.UnitTestFramework, Version=8.0.0.0, Culture=neutral, PublicKeyToken=b03f5f7f11d50a3a"><value__ type="System.Int32">0</value__></dataAccessMethod><cssProjectStructure type="System.String" /><isRunOnRestart type="System.Boolean">False</isRunOnRestart><timeOut type="System.Int32">0</timeOut><isGroupable type="System.Boolean">True</isGroupable><abortRunOnAgentFailure type="System.Boolean">False</abortRunOnAgentFailure><cssIteration type="System.String" /><workItemIds type="System.Collections.Generic.List`1[[System.Int32, mscorlib, Version=2.0.0.0, Culture=neutral, PublicKeyToken=b77a5c561934e089]]"><_size type="System.Int32">0</_size><_version type="System.Int32">1</_version></workItemIds><id type="Microsoft.VisualStudio.TestTools.Common.TestId"><id type="System.Guid">b17bb708-74f0-6b1b-47e5-2c14d809539c</id></id><name type="System.String">ExistsTest</name><description type="System.String" /><enabled type="System.Boolean">True</enabled><owner type="System.String" /><priority type="System.Int32">0</priority><executionId type="Microsoft.VisualStudio.TestTools.Common.TestExecId"><id type="System.Guid">00000000-0000-0000-0000-000000000000</id></executionId><parentExecutId type="Microsoft.VisualStudio.TestTools.Common.TestExecId"><id type="System.Guid">00000000-0000-0000-0000-000000000000</id></parentExecutId><deploymentItems type="Microsoft.VisualStudio.TestTools.Common.DeploymentItemCollection" /><agentAttributes type="System.Collections.Specialized.StringDictionary, System, Version=2.0.0.0, Culture=neutral, PublicKeyToken=b77a5c561934e089" /><storage type="System.String">e:\projects\brownshoe\unit_tests\product\src\brownshoe\testing\unittests\bin\brownshoe.unittests.dll</storage><m_nonRunnableReason type="System.String" /></value><key type="Microsoft.VisualStudio.TestTools.Common.TestId"><id type="System.Guid">ff22133b-c8a9-7e5d-8544-476db78aced8</id></key><value type="Microsoft.VisualStudio.TestTools.TestTypes.Unit.UnitTestElement, Microsoft.VisualStudio.QualityTools.Tips.UnitTest.ObjectModel, Version=8.0.0.0, Culture=neutral, PublicKeyToken=b03f5f7f11d50a3a"><codeBase type="System.String">e:/projects/brownshoe/unit_tests/product/src/BrownShoe/Testing/UnitTests/bin/BrownShoe.UnitTests.DLL</codeBase><adapterTypeName type="System.String">Microsoft.VisualStudio.TestTools.TestTypes.Unit.UnitTestAdapter, Microsoft.VisualStudio.QualityTools.Tips.UnitTest.Adapter</adapterTypeName><testMethod type="Microsoft.VisualStudio.TestTools.TestTypes.Unit.TestMethod, Microsoft.VisualStudio.QualityTools.Tips.UnitTest.ObjectModel, Version=8.0.0.0, Culture=neutral, PublicKeyToken=b03f5f7f11d50a3a"><className type="System.String">BrownShoe.UnitTests.RetailApplicationCore.Checkout.CheckoutControllerTest, BrownShoe.UnitTests, Version=1.0.0.0, Culture=neutral, PublicKeyToken=null</className><name type="System.String">AddItemToCartTest</name><expectedExceptionMessage type="System.String" /><isValid type="System.Boolean">False</isValid></testMethod><aspNetDevServers type="System.Collections.Generic.List`1[[Microsoft.VisualStudio.TestTools.Common.AspNetDevelopmentServer, Microsoft.VisualStudio.QualityTools.Common, Version=8.0.0.0, Culture=neutral, PublicKeyToken=b03f5f7f11d50a3a]]"><_size type="System.Int32">0</_size><_version type="System.Int32">0</_version></aspNetDevServers><dataAccessMethod type="Microsoft.VisualStudio.TestTools.UnitTesting.DataAccessMethod, Microsoft.VisualStudio.QualityTools.UnitTestFramework, Version=8.0.0.0, Culture=neutral, PublicKeyToken=b03f5f7f11d50a3a"><value__ type="System.Int32">0</value__></dataAccessMethod><cssProjectStructure type="System.String" /><isRunOnRestart type="System.Boolean">False</isRunOnRestart><timeOut type="System.Int32">0</timeOut><isGroupable type="System.Boolean">True</isGroupable><abortRunOnAgentFailure type="System.Boolean">False</abortRunOnAgentFailure><cssIteration type="System.String" /><workItemIds type="System.Collections.Generic.List`1[[System.Int32, mscorlib, Version=2.0.0.0, Culture=neutral, PublicKeyToken=b77a5c561934e089]]"><_size type="System.Int32">0</_size><_version type="System.Int32">1</_version></workItemIds><id type="Microsoft.VisualStudio.TestTools.Common.TestId"><id type="System.Guid">ff22133b-c8a9-7e5d-8544-476db78aced8</id></id><name type="System.String">AddItemToCartTest</name><description type="System.String" /><enabled type="System.Boolean">True</enabled><owner type="System.String" /><priority type="System.Int32">0</priority><executionId type="Microsoft.VisualStudio.TestTools.Common.TestExecId"><id type="System.Guid">00000000-0000-0000-0000-000000000000</id></executionId><parentExecutId type="Microsoft.VisualStudio.TestTools.Common.TestExecId"><id type="System.Guid">00000000-0000-0000-0000-000000000000</id></parentExecutId><deploymentItems type="Microsoft.VisualStudio.TestTools.Common.DeploymentItemCollection" /><agentAttributes type="System.Collections.Specialized.StringDictionary, System, Version=2.0.0.0, Culture=neutral, PublicKeyToken=b77a5c561934e089" /><storage type="System.String">e:\projects\brownshoe\unit_tests\product\src\brownshoe\testing\unittests\bin\brownshoe.unittests.dll</storage><m_nonRunnableReason type="System.String" /></value><key type="Microsoft.VisualStudio.TestTools.Common.TestId"><id type="System.Guid">8521f128-15c3-dde6-4e67-85c8d20ba803</id></key><value type="Microsoft.VisualStudio.TestTools.TestTypes.Unit.UnitTestElement, Microsoft.VisualStudio.QualityTools.Tips.UnitTest.ObjectModel, Version=8.0.0.0, Culture=neutral, PublicKeyToken=b03f5f7f11d50a3a"><codeBase type="System.String">e:/projects/brownshoe/unit_tests/product/src/BrownShoe/Testing/UnitTests/bin/BrownShoe.UnitTests.DLL</codeBase><adapterTypeName type="System.String">Microsoft.VisualStudio.TestTools.TestTypes.Unit.UnitTestAdapter, Microsoft.VisualStudio.QualityTools.Tips.UnitTest.Adapter</adapterTypeName><testMethod type="Microsoft.VisualStudio.TestTools.TestTypes.Unit.TestMethod, Microsoft.VisualStudio.QualityTools.Tips.UnitTest.ObjectModel, Version=8.0.0.0, Culture=neutral, PublicKeyToken=b03f5f7f11d50a3a"><className type="System.String">BrownShoe.UnitTests.Services.Subscriptions.SubscriptionServiceTest, BrownShoe.UnitTests, Version=1.0.0.0, Culture=neutral, PublicKeyToken=null</className><name type="System.String">UnsubscribeFromCatalogTest</name><expectedExceptionMessage type="System.String" /><isValid type="System.Boolean">False</isValid></testMethod><aspNetDevServers type="System.Collections.Generic.List`1[[Microsoft.VisualStudio.TestTools.Common.AspNetDevelopmentServer, Microsoft.VisualStudio.QualityTools.Common, Version=8.0.0.0, Culture=neutral, PublicKeyToken=b03f5f7f11d50a3a]]"><_size type="System.Int32">0</_size><_version type="System.Int32">0</_version></aspNetDevServers><dataAccessMethod type="Microsoft.VisualStudio.TestTools.UnitTesting.DataAccessMethod, Microsoft.VisualStudio.QualityTools.UnitTestFramework, Version=8.0.0.0, Culture=neutral, PublicKeyToken=b03f5f7f11d50a3a"><value__ type="System.Int32">0</value__></dataAccessMethod><cssProjectStructure type="System.String" /><isRunOnRestart type="System.Boolean">False</isRunOnRestart><timeOut type="System.Int32">0</timeOut><isGroupable type="System.Boolean">True</isGroupable><abortRunOnAgentFailure type="System.Boolean">False</abortRunOnAgentFailure><cssIteration type="System.String" /><workItemIds type="System.Collections.Generic.List`1[[System.Int32, mscorlib, Version=2.0.0.0, Culture=neutral, PublicKeyToken=b77a5c561934e089]]"><_size type="System.Int32">0</_size><_version type="System.Int32">1</_version></workItemIds><id type="Microsoft.VisualStudio.TestTools.Common.TestId"><id type="System.Guid">8521f128-15c3-dde6-4e67-85c8d20ba803</id></id><name type="System.String">UnsubscribeFromCatalogTest</name><description type="System.String" /><enabled type="System.Boolean">True</enabled><owner type="System.String" /><priority type="System.Int32">0</priority><executionId type="Microsoft.VisualStudio.TestTools.Common.TestExecId"><id type="System.Guid">00000000-0000-0000-0000-000000000000</id></executionId><parentExecutId type="Microsoft.VisualStudio.TestTools.Common.TestExecId"><id type="System.Guid">00000000-0000-0000-0000-000000000000</id></parentExecutId><deploymentItems type="Microsoft.VisualStudio.TestTools.Common.DeploymentItemCollection" /><agentAttributes type="System.Collections.Specialized.StringDictionary, System, Version=2.0.0.0, Culture=neutral, PublicKeyToken=b77a5c561934e089" /><storage type="System.String">e:\projects\brownshoe\unit_tests\product\src\brownshoe\testing\unittests\bin\brownshoe.unittests.dll</storage><m_nonRunnableReason type="System.String" /></value><key type="Microsoft.VisualStudio.TestTools.Common.TestId"><id type="System.Guid">45b3ad03-f333-2563-5faa-2dad9e3c519b</id></key><value type="Microsoft.VisualStudio.TestTools.TestTypes.Unit.UnitTestElement, Microsoft.VisualStudio.QualityTools.Tips.UnitTest.ObjectModel, Version=8.0.0.0, Culture=neutral, PublicKeyToken=b03f5f7f11d50a3a"><codeBase type="System.String">e:/projects/brownshoe/unit_tests/product/src/BrownShoe/Testing/UnitTests/bin/BrownShoe.UnitTests.DLL</codeBase><adapterTypeName type="System.String">Microsoft.VisualStudio.TestTools.TestTypes.Unit.UnitTestAdapter, Microsoft.VisualStudio.QualityTools.Tips.UnitTest.Adapter</adapterTypeName><testMethod type="Microsoft.VisualStudio.TestTools.TestTypes.Unit.TestMethod, Microsoft.VisualStudio.QualityTools.Tips.UnitTest.ObjectModel, Version=8.0.0.0, Culture=neutral, PublicKeyToken=b03f5f7f11d50a3a"><className type="System.String">BrownShoe.UnitTests.Services.Navigation.AffiliatePartnerServiceTest, BrownShoe.UnitTests, Version=1.0.0.0, Culture=neutral, PublicKeyToken=null</className><name type="System.String">GetPartnerIDsTest</name><expectedExceptionMessage type="System.String" /><isValid type="System.Boolean">False</isValid></testMethod><aspNetDevServers type="System.Collections.Generic.List`1[[Microsoft.VisualStudio.TestTools.Common.AspNetDevelopmentServer, Microsoft.VisualStudio.QualityTools.Common, Version=8.0.0.0, Culture=neutral, PublicKeyToken=b03f5f7f11d50a3a]]"><_size type="System.Int32">0</_size><_version type="System.Int32">0</_version></aspNetDevServers><dataAccessMethod type="Microsoft.VisualStudio.TestTools.UnitTesting.DataAccessMethod, Microsoft.VisualStudio.QualityTools.UnitTestFramework, Version=8.0.0.0, Culture=neutral, PublicKeyToken=b03f5f7f11d50a3a"><value__ type="System.Int32">0</value__></dataAccessMethod><cssProjectStructure type="System.String" /><isRunOnRestart type="System.Boolean">False</isRunOnRestart><timeOut type="System.Int32">0</timeOut><isGroupable type="System.Boolean">True</isGroupable><abortRunOnAgentFailure type="System.Boolean">False</abortRunOnAgentFailure><cssIteration type="System.String" /><workItemIds type="System.Collections.Generic.List`1[[System.Int32, mscorlib, Version=2.0.0.0, Culture=neutral, PublicKeyToken=b77a5c561934e089]]"><_size type="System.Int32">0</_size><_version type="System.Int32">1</_version></workItemIds><id type="Microsoft.VisualStudio.TestTools.Common.TestId"><id type="System.Guid">45b3ad03-f333-2563-5faa-2dad9e3c519b</id></id><name type="System.String">GetPartnerIDsTest</name><description type="System.String" /><enabled type="System.Boolean">True</enabled><owner type="System.String" /><priority type="System.Int32">0</priority><executionId type="Microsoft.VisualStudio.TestTools.Common.TestExecId"><id type="System.Guid">00000000-0000-0000-0000-000000000000</id></executionId><parentExecutId type="Microsoft.VisualStudio.TestTools.Common.TestExecId"><id type="System.Guid">00000000-0000-0000-0000-000000000000</id></parentExecutId><deploymentItems type="Microsoft.VisualStudio.TestTools.Common.DeploymentItemCollection" /><agentAttributes type="System.Collections.Specialized.StringDictionary, System, Version=2.0.0.0, Culture=neutral, PublicKeyToken=b77a5c561934e089" /><storage type="System.String">e:\projects\brownshoe\unit_tests\product\src\brownshoe\testing\unittests\bin\brownshoe.unittests.dll</storage><m_nonRunnableReason type="System.String" /></value><key type="Microsoft.VisualStudio.TestTools.Common.TestId"><id type="System.Guid">c134a509-0406-956a-8412-827c3c5588f9</id></key><value type="Microsoft.VisualStudio.TestTools.TestTypes.Unit.UnitTestElement, Microsoft.VisualStudio.QualityTools.Tips.UnitTest.ObjectModel, Version=8.0.0.0, Culture=neutral, PublicKeyToken=b03f5f7f11d50a3a"><codeBase type="System.String">e:/projects/brownshoe/unit_tests/product/src/BrownShoe/Testing/UnitTests/bin/BrownShoe.UnitTests.DLL</codeBase><adapterTypeName type="System.String">Microsoft.VisualStudio.TestTools.TestTypes.Unit.UnitTestAdapter, Microsoft.VisualStudio.QualityTools.Tips.UnitTest.Adapter</adapterTypeName><testMethod type="Microsoft.VisualStudio.TestTools.TestTypes.Unit.TestMethod, Microsoft.VisualStudio.QualityTools.Tips.UnitTest.ObjectModel, Version=8.0.0.0, Culture=neutral, PublicKeyToken=b03f5f7f11d50a3a"><className type="System.String">BrownShoe.UnitTests.Services.Search.SearchServiceTest, BrownShoe.UnitTests, Version=1.0.0.0, Culture=neutral, PublicKeyToken=null</className><name type="System.String">GetProductItemSearchTest</name><expectedExceptionMessage type="System.String" /><isValid type="System.Boolean">False</isValid></testMethod><aspNetDevServers type="System.Collections.Generic.List`1[[Microsoft.VisualStudio.TestTools.Common.AspNetDevelopmentServer, Microsoft.VisualStudio.QualityTools.Common, Version=8.0.0.0, Culture=neutral, PublicKeyToken=b03f5f7f11d50a3a]]"><_size type="System.Int32">0</_size><_version type="System.Int32">0</_version></aspNetDevServers><dataAccessMethod type="Microsoft.VisualStudio.TestTools.UnitTesting.DataAccessMethod, Microsoft.VisualStudio.QualityTools.UnitTestFramework, Version=8.0.0.0, Culture=neutral, PublicKeyToken=b03f5f7f11d50a3a"><value__ type="System.Int32">0</value__></dataAccessMethod><cssProjectStructure type="System.String" /><isRunOnRestart type="System.Boolean">False</isRunOnRestart><timeOut type="System.Int32">0</timeOut><isGroupable type="System.Boolean">True</isGroupable><abortRunOnAgentFailure type="System.Boolean">False</abortRunOnAgentFailure><cssIteration type="System.String" /><workItemIds type="System.Collections.Generic.List`1[[System.Int32, mscorlib, Version=2.0.0.0, Culture=neutral, PublicKeyToken=b77a5c561934e089]]"><_size type="System.Int32">0</_size><_version type="System.Int32">1</_version></workItemIds><id type="Microsoft.VisualStudio.TestTools.Common.TestId"><id type="System.Guid">c134a509-0406-956a-8412-827c3c5588f9</id></id><name type="System.String">GetProductItemSearchTest</name><description type="System.String" /><enabled type="System.Boolean">True</enabled><owner type="System.String" /><priority type="System.Int32">0</priority><executionId type="Microsoft.VisualStudio.TestTools.Common.TestExecId"><id type="System.Guid">00000000-0000-0000-0000-000000000000</id></executionId><parentExecutId type="Microsoft.VisualStudio.TestTools.Common.TestExecId"><id type="System.Guid">00000000-0000-0000-0000-000000000000</id></parentExecutId><deploymentItems type="Microsoft.VisualStudio.TestTools.Common.DeploymentItemCollection" /><agentAttributes type="System.Collections.Specialized.StringDictionary, System, Version=2.0.0.0, Culture=neutral, PublicKeyToken=b77a5c561934e089" /><storage type="System.String">e:\projects\brownshoe\unit_tests\product\src\brownshoe\testing\unittests\bin\brownshoe.unittests.dll</storage><m_nonRunnableReason type="System.String" /></value><key type="Microsoft.VisualStudio.TestTools.Common.TestId"><id type="System.Guid">442857d2-931e-c657-5d0a-92e04f1df91e</id></key><value type="Microsoft.VisualStudio.TestTools.TestTypes.Unit.UnitTestElement, Microsoft.VisualStudio.QualityTools.Tips.UnitTest.ObjectModel, Version=8.0.0.0, Culture=neutral, PublicKeyToken=b03f5f7f11d50a3a"><codeBase type="System.String">e:/projects/brownshoe/unit_tests/product/src/BrownShoe/Testing/UnitTests/bin/BrownShoe.UnitTests.DLL</codeBase><adapterTypeName type="System.String">Microsoft.VisualStudio.TestTools.TestTypes.Unit.UnitTestAdapter, Microsoft.VisualStudio.QualityTools.Tips.UnitTest.Adapter</adapterTypeName><testMethod type="Microsoft.VisualStudio.TestTools.TestTypes.Unit.TestMethod, Microsoft.VisualStudio.QualityTools.Tips.UnitTest.ObjectModel, Version=8.0.0.0, Culture=neutral, PublicKeyToken=b03f5f7f11d50a3a"><className type="System.String">BrownShoe.UnitTests.Services.Madison.HomeDeliveryOrderTest, BrownShoe.UnitTests, Version=1.0.0.0, Culture=neutral, PublicKeyToken=null</className><name type="System.String">OrderLinesTest</name><expectedExceptionMessage type="System.String" /><isValid type="System.Boolean">False</isValid></testMethod><aspNetDevServers type="System.Collections.Generic.List`1[[Microsoft.VisualStudio.TestTools.Common.AspNetDevelopmentServer, Microsoft.VisualStudio.QualityTools.Common, Version=8.0.0.0, Culture=neutral, PublicKeyToken=b03f5f7f11d50a3a]]"><_size type="System.Int32">0</_size><_version type="System.Int32">0</_version></aspNetDevServers><dataAccessMethod type="Microsoft.VisualStudio.TestTools.UnitTesting.DataAccessMethod, Microsoft.VisualStudio.QualityTools.UnitTestFramework, Version=8.0.0.0, Culture=neutral, PublicKeyToken=b03f5f7f11d50a3a"><value__ type="System.Int32">0</value__></dataAccessMethod><cssProjectStructure type="System.String" /><isRunOnRestart type="System.Boolean">False</isRunOnRestart><timeOut type="System.Int32">0</timeOut><isGroupable type="System.Boolean">True</isGroupable><abortRunOnAgentFailure type="System.Boolean">False</abortRunOnAgentFailure><cssIteration type="System.String" /><workItemIds type="System.Collections.Generic.List`1[[System.Int32, mscorlib, Version=2.0.0.0, Culture=neutral, PublicKeyToken=b77a5c561934e089]]"><_size type="System.Int32">0</_size><_version type="System.Int32">1</_version></workItemIds><id type="Microsoft.VisualStudio.TestTools.Common.TestId"><id type="System.Guid">442857d2-931e-c657-5d0a-92e04f1df91e</id></id><name type="System.String">OrderLinesTest</name><description type="System.String" /><enabled type="System.Boolean">True</enabled><owner type="System.String" /><priority type="System.Int32">0</priority><executionId type="Microsoft.VisualStudio.TestTools.Common.TestExecId"><id type="System.Guid">00000000-0000-0000-0000-000000000000</id></executionId><parentExecutId type="Microsoft.VisualStudio.TestTools.Common.TestExecId"><id type="System.Guid">00000000-0000-0000-0000-000000000000</id></parentExecutId><deploymentItems type="Microsoft.VisualStudio.TestTools.Common.DeploymentItemCollection" /><agentAttributes type="System.Collections.Specialized.StringDictionary, System, Version=2.0.0.0, Culture=neutral, PublicKeyToken=b77a5c561934e089" /><storage type="System.String">e:\projects\brownshoe\unit_tests\product\src\brownshoe\testing\unittests\bin\brownshoe.unittests.dll</storage><m_nonRunnableReason type="System.String" /></value><key type="Microsoft.VisualStudio.TestTools.Common.TestId"><id type="System.Guid">7bdfaff0-9345-fb81-7a07-d92e8e7f91a5</id></key><value type="Microsoft.VisualStudio.TestTools.TestTypes.Unit.UnitTestElement, Microsoft.VisualStudio.QualityTools.Tips.UnitTest.ObjectModel, Version=8.0.0.0, Culture=neutral, PublicKeyToken=b03f5f7f11d50a3a"><codeBase type="System.String">e:/projects/brownshoe/unit_tests/product/src/BrownShoe/Testing/UnitTests/bin/BrownShoe.UnitTests.DLL</codeBase><adapterTypeName type="System.String">Microsoft.VisualStudio.TestTools.TestTypes.Unit.UnitTestAdapter, Microsoft.VisualStudio.QualityTools.Tips.UnitTest.Adapter</adapterTypeName><testMethod type="Microsoft.VisualStudio.TestTools.TestTypes.Unit.TestMethod, Microsoft.VisualStudio.QualityTools.Tips.UnitTest.ObjectModel, Version=8.0.0.0, Culture=neutral, PublicKeyToken=b03f5f7f11d50a3a"><className type="System.String">BrownShoe.UnitTests.Services.Profiles.ProductInfoTest, BrownShoe.UnitTests, Version=1.0.0.0, Culture=neutral, PublicKeyToken=null</className><name type="System.String">ColorDescriptionTest</name><expectedExceptionMessage type="System.String" /><isValid type="System.Boolean">False</isValid></testMethod><aspNetDevServers type="System.Collections.Generic.List`1[[Microsoft.VisualStudio.TestTools.Common.AspNetDevelopmentServer, Microsoft.VisualStudio.QualityTools.Common, Version=8.0.0.0, Culture=neutral, PublicKeyToken=b03f5f7f11d50a3a]]"><_size type="System.Int32">0</_size><_version type="System.Int32">0</_version></aspNetDevServers><dataAccessMethod type="Microsoft.VisualStudio.TestTools.UnitTesting.DataAccessMethod, Microsoft.VisualStudio.QualityTools.UnitTestFramework, Version=8.0.0.0, Culture=neutral, PublicKeyToken=b03f5f7f11d50a3a"><value__ type="System.Int32">0</value__></dataAccessMethod><cssProjectStructure type="System.String" /><isRunOnRestart type="System.Boolean">False</isRunOnRestart><timeOut type="System.Int32">0</timeOut><isGroupable type="System.Boolean">True</isGroupable><abortRunOnAgentFailure type="System.Boolean">False</abortRunOnAgentFailure><cssIteration type="System.String" /><workItemIds type="System.Collections.Generic.List`1[[System.Int32, mscorlib, Version=2.0.0.0, Culture=neutral, PublicKeyToken=b77a5c561934e089]]"><_size type="System.Int32">0</_size><_version type="System.Int32">1</_version></workItemIds><id type="Microsoft.VisualStudio.TestTools.Common.TestId"><id type="System.Guid">7bdfaff0-9345-fb81-7a07-d92e8e7f91a5</id></id><name type="System.String">ColorDescriptionTest</name><description type="System.String" /><enabled type="System.Boolean">True</enabled><owner type="System.String" /><priority type="System.Int32">0</priority><executionId type="Microsoft.VisualStudio.TestTools.Common.TestExecId"><id type="System.Guid">00000000-0000-0000-0000-000000000000</id></executionId><parentExecutId type="Microsoft.VisualStudio.TestTools.Common.TestExecId"><id type="System.Guid">00000000-0000-0000-0000-000000000000</id></parentExecutId><deploymentItems type="Microsoft.VisualStudio.TestTools.Common.DeploymentItemCollection" /><agentAttributes type="System.Collections.Specialized.StringDictionary, System, Version=2.0.0.0, Culture=neutral, PublicKeyToken=b77a5c561934e089" /><storage type="System.String">e:\projects\brownshoe\unit_tests\product\src\brownshoe\testing\unittests\bin\brownshoe.unittests.dll</storage><m_nonRunnableReason type="System.String" /></value><key type="Microsoft.VisualStudio.TestTools.Common.TestId"><id type="System.Guid">60ad9cbf-6d27-58a9-03bc-8d4f554fe062</id></key><value type="Microsoft.VisualStudio.TestTools.TestTypes.Unit.UnitTestElement, Microsoft.VisualStudio.QualityTools.Tips.UnitTest.ObjectModel, Version=8.0.0.0, Culture=neutral, PublicKeyToken=b03f5f7f11d50a3a"><codeBase type="System.String">e:/projects/brownshoe/unit_tests/product/src/BrownShoe/Testing/UnitTests/bin/BrownShoe.UnitTests.DLL</codeBase><adapterTypeName type="System.String">Microsoft.VisualStudio.TestTools.TestTypes.Unit.UnitTestAdapter, Microsoft.VisualStudio.QualityTools.Tips.UnitTest.Adapter</adapterTypeName><testMethod type="Microsoft.VisualStudio.TestTools.TestTypes.Unit.TestMethod, Microsoft.VisualStudio.QualityTools.Tips.UnitTest.ObjectModel, Version=8.0.0.0, Culture=neutral, PublicKeyToken=b03f5f7f11d50a3a"><className type="System.String">BrownShoe.UnitTests.Services.ContentManagement.CMTokenServiceTest, BrownShoe.UnitTests, Version=1.0.0.0, Culture=neutral, PublicKeyToken=null</className><name type="System.String">GetCatLinks1Test</name><expectedExceptionMessage type="System.String" /><isValid type="System.Boolean">False</isValid></testMethod><aspNetDevServers type="System.Collections.Generic.List`1[[Microsoft.VisualStudio.TestTools.Common.AspNetDevelopmentServer, Microsoft.VisualStudio.QualityTools.Common, Version=8.0.0.0, Culture=neutral, PublicKeyToken=b03f5f7f11d50a3a]]"><_size type="System.Int32">0</_size><_version type="System.Int32">0</_version></aspNetDevServers><dataAccessMethod type="Microsoft.VisualStudio.TestTools.UnitTesting.DataAccessMethod, Microsoft.VisualStudio.QualityTools.UnitTestFramework, Version=8.0.0.0, Culture=neutral, PublicKeyToken=b03f5f7f11d50a3a"><value__ type="System.Int32">0</value__></dataAccessMethod><cssProjectStructure type="System.String" /><isRunOnRestart type="System.Boolean">False</isRunOnRestart><timeOut type="System.Int32">0</timeOut><isGroupable type="System.Boolean">True</isGroupable><abortRunOnAgentFailure type="System.Boolean">False</abortRunOnAgentFailure><cssIteration type="System.String" /><workItemIds type="System.Collections.Generic.List`1[[System.Int32, mscorlib, Version=2.0.0.0, Culture=neutral, PublicKeyToken=b77a5c561934e089]]"><_size type="System.Int32">0</_size><_version type="System.Int32">1</_version></workItemIds><id type="Microsoft.VisualStudio.TestTools.Common.TestId"><id type="System.Guid">60ad9cbf-6d27-58a9-03bc-8d4f554fe062</id></id><name type="System.String">GetCatLinks1Test</name><description type="System.String" /><enabled type="System.Boolean">True</enabled><owner type="System.String" /><priority type="System.Int32">0</priority><executionId type="Microsoft.VisualStudio.TestTools.Common.TestExecId"><id type="System.Guid">00000000-0000-0000-0000-000000000000</id></executionId><parentExecutId type="Microsoft.VisualStudio.TestTools.Common.TestExecId"><id type="System.Guid">00000000-0000-0000-0000-000000000000</id></parentExecutId><deploymentItems type="Microsoft.VisualStudio.TestTools.Common.DeploymentItemCollection" /><agentAttributes type="System.Collections.Specialized.StringDictionary, System, Version=2.0.0.0, Culture=neutral, PublicKeyToken=b77a5c561934e089" /><storage type="System.String">e:\projects\brownshoe\unit_tests\product\src\brownshoe\testing\unittests\bin\brownshoe.unittests.dll</storage><m_nonRunnableReason type="System.String" /></value><key type="Microsoft.VisualStudio.TestTools.Common.TestId"><id type="System.Guid">8fecb716-dfa0-45e1-7a1a-0c2d9ce42f64</id></key><value type="Microsoft.VisualStudio.TestTools.TestTypes.Unit.UnitTestElement, Microsoft.VisualStudio.QualityTools.Tips.UnitTest.ObjectModel, Version=8.0.0.0, Culture=neutral, PublicKeyToken=b03f5f7f11d50a3a"><codeBase type="System.String">e:/projects/brownshoe/unit_tests/product/src/BrownShoe/Testing/UnitTests/bin/BrownShoe.UnitTests.DLL</codeBase><adapterTypeName type="System.String">Microsoft.VisualStudio.TestTools.TestTypes.Unit.UnitTestAdapter, Microsoft.VisualStudio.QualityTools.Tips.UnitTest.Adapter</adapterTypeName><testMethod type="Microsoft.VisualStudio.TestTools.TestTypes.Unit.TestMethod, Microsoft.VisualStudio.QualityTools.Tips.UnitTest.ObjectModel, Version=8.0.0.0, Culture=neutral, PublicKeyToken=b03f5f7f11d50a3a"><className type="System.String">BrownShoe.UnitTests.Services.Madison.MadisonWebServiceTest, BrownShoe.UnitTests, Version=1.0.0.0, Culture=neutral, PublicKeyToken=null</className><name type="System.String">GetZipFromTaxDataTest</name><expectedExceptionMessage type="System.String" /><isValid type="System.Boolean">False</isValid></testMethod><aspNetDevServers type="System.Collections.Generic.List`1[[Microsoft.VisualStudio.TestTools.Common.AspNetDevelopmentServer, Microsoft.VisualStudio.QualityTools.Common, Version=8.0.0.0, Culture=neutral, PublicKeyToken=b03f5f7f11d50a3a]]"><_size type="System.Int32">0</_size><_version type="System.Int32">0</_version></aspNetDevServers><dataAccessMethod type="Microsoft.VisualStudio.TestTools.UnitTesting.DataAccessMethod, Microsoft.VisualStudio.QualityTools.UnitTestFramework, Version=8.0.0.0, Culture=neutral, PublicKeyToken=b03f5f7f11d50a3a"><value__ type="System.Int32">0</value__></dataAccessMethod><cssProjectStructure type="System.String" /><isRunOnRestart type="System.Boolean">False</isRunOnRestart><timeOut type="System.Int32">0</timeOut><isGroupable type="System.Boolean">True</isGroupable><abortRunOnAgentFailure type="System.Boolean">False</abortRunOnAgentFailure><cssIteration type="System.String" /><workItemIds type="System.Collections.Generic.List`1[[System.Int32, mscorlib, Version=2.0.0.0, Culture=neutral, PublicKeyToken=b77a5c561934e089]]"><_size type="System.Int32">0</_size><_version type="System.Int32">1</_version></workItemIds><id type="Microsoft.VisualStudio.TestTools.Common.TestId"><id type="System.Guid">8fecb716-dfa0-45e1-7a1a-0c2d9ce42f64</id></id><name type="System.String">GetZipFromTaxDataTest</name><description type="System.String" /><enabled type="System.Boolean">True</enabled><owner type="System.String" /><priority type="System.Int32">0</priority><executionId type="Microsoft.VisualStudio.TestTools.Common.TestExecId"><id type="System.Guid">00000000-0000-0000-0000-000000000000</id></executionId><parentExecutId type="Microsoft.VisualStudio.TestTools.Common.TestExecId"><id type="System.Guid">00000000-0000-0000-0000-000000000000</id></parentExecutId><deploymentItems type="Microsoft.VisualStudio.TestTools.Common.DeploymentItemCollection" /><agentAttributes type="System.Collections.Specialized.StringDictionary, System, Version=2.0.0.0, Culture=neutral, PublicKeyToken=b77a5c561934e089" /><storage type="System.String">e:\projects\brownshoe\unit_tests\product\src\brownshoe\testing\unittests\bin\brownshoe.unittests.dll</storage><m_nonRunnableReason type="System.String" /></value><key type="Microsoft.VisualStudio.TestTools.Common.TestId"><id type="System.Guid">3acadf46-bed2-1af1-82f5-0992a3fafc7b</id></key><value type="Microsoft.VisualStudio.TestTools.TestTypes.Unit.UnitTestElement, Microsoft.VisualStudio.QualityTools.Tips.UnitTest.ObjectModel, Version=8.0.0.0, Culture=neutral, PublicKeyToken=b03f5f7f11d50a3a"><codeBase type="System.String">e:/projects/brownshoe/unit_tests/product/src/BrownShoe/Testing/UnitTests/bin/BrownShoe.UnitTests.DLL</codeBase><adapterTypeName type="System.String">Microsoft.VisualStudio.TestTools.TestTypes.Unit.UnitTestAdapter, Microsoft.VisualStudio.QualityTools.Tips.UnitTest.Adapter</adapterTypeName><testMethod type="Microsoft.VisualStudio.TestTools.TestTypes.Unit.TestMethod, Microsoft.VisualStudio.QualityTools.Tips.UnitTest.ObjectModel, Version=8.0.0.0, Culture=neutral, PublicKeyToken=b03f5f7f11d50a3a"><className type="System.String">BrownShoe.UnitTests.Services.Orders.OrderServiceTest, BrownShoe.UnitTests, Version=1.0.0.0, Culture=neutral, PublicKeyToken=null</className><name type="System.String">ListShippingMethodWithCostTest</name><expectedExceptionMessage type="System.String" /><isValid type="System.Boolean">False</isValid></testMethod><aspNetDevServers type="System.Collections.Generic.List`1[[Microsoft.VisualStudio.TestTools.Common.AspNetDevelopmentServer, Microsoft.VisualStudio.QualityTools.Common, Version=8.0.0.0, Culture=neutral, PublicKeyToken=b03f5f7f11d50a3a]]"><_size type="System.Int32">0</_size><_version type="System.Int32">0</_version></aspNetDevServers><dataAccessMethod type="Microsoft.VisualStudio.TestTools.UnitTesting.DataAccessMethod, Microsoft.VisualStudio.QualityTools.UnitTestFramework, Version=8.0.0.0, Culture=neutral, PublicKeyToken=b03f5f7f11d50a3a"><value__ type="System.Int32">0</value__></dataAccessMethod><cssProjectStructure type="System.String" /><isRunOnRestart type="System.Boolean">False</isRunOnRestart><timeOut type="System.Int32">0</timeOut><isGroupable type="System.Boolean">True</isGroupable><abortRunOnAgentFailure type="System.Boolean">False</abortRunOnAgentFailure><cssIteration type="System.String" /><workItemIds type="System.Collections.Generic.List`1[[System.Int32, mscorlib, Version=2.0.0.0, Culture=neutral, PublicKeyToken=b77a5c561934e089]]"><_size type="System.Int32">0</_size><_version type="System.Int32">1</_version></workItemIds><id type="Microsoft.VisualStudio.TestTools.Common.TestId"><id type="System.Guid">3acadf46-bed2-1af1-82f5-0992a3fafc7b</id></id><name type="System.String">ListShippingMethodWithCostTest</name><description type="System.String" /><enabled type="System.Boolean">True</enabled><owner type="System.String" /><priority type="System.Int32">0</priority><executionId type="Microsoft.VisualStudio.TestTools.Common.TestExecId"><id type="System.Guid">00000000-0000-0000-0000-000000000000</id></executionId><parentExecutId type="Microsoft.VisualStudio.TestTools.Common.TestExecId"><id type="System.Guid">00000000-0000-0000-0000-000000000000</id></parentExecutId><deploymentItems type="Microsoft.VisualStudio.TestTools.Common.DeploymentItemCollection" /><agentAttributes type="System.Collections.Specialized.StringDictionary, System, Version=2.0.0.0, Culture=neutral, PublicKeyToken=b77a5c561934e089" /><storage type="System.String">e:\projects\brownshoe\unit_tests\product\src\brownshoe\testing\unittests\bin\brownshoe.unittests.dll</storage><m_nonRunnableReason type="System.String" /></value><key type="Microsoft.VisualStudio.TestTools.Common.TestId"><id type="System.Guid">5d4ba0bd-ecb8-5521-1e00-76c05d0654f5</id></key><value type="Microsoft.VisualStudio.TestTools.TestTypes.Unit.UnitTestElement, Microsoft.VisualStudio.QualityTools.Tips.UnitTest.ObjectModel, Version=8.0.0.0, Culture=neutral, PublicKeyToken=b03f5f7f11d50a3a"><codeBase type="System.String">e:/projects/brownshoe/unit_tests/product/src/BrownShoe/Testing/UnitTests/bin/BrownShoe.UnitTests.DLL</codeBase><adapterTypeName type="System.String">Microsoft.VisualStudio.TestTools.TestTypes.Unit.UnitTestAdapter, Microsoft.VisualStudio.QualityTools.Tips.UnitTest.Adapter</adapterTypeName><testMethod type="Microsoft.VisualStudio.TestTools.TestTypes.Unit.TestMethod, Microsoft.VisualStudio.QualityTools.Tips.UnitTest.ObjectModel, Version=8.0.0.0, Culture=neutral, PublicKeyToken=b03f5f7f11d50a3a"><className type="System.String">BrownShoe.UnitTests.Services.Madison.RewardsProfileTest, BrownShoe.UnitTests, Version=1.0.0.0, Culture=neutral, PublicKeyToken=null</className><name type="System.String">LoveShoeShoppingTest</name><expectedExceptionMessage type="System.String" /><isValid type="System.Boolean">False</isValid></testMethod><aspNetDevServers type="System.Collections.Generic.List`1[[Microsoft.VisualStudio.TestTools.Common.AspNetDevelopmentServer, Microsoft.VisualStudio.QualityTools.Common, Version=8.0.0.0, Culture=neutral, PublicKeyToken=b03f5f7f11d50a3a]]"><_size type="System.Int32">0</_size><_version type="System.Int32">0</_version></aspNetDevServers><dataAccessMethod type="Microsoft.VisualStudio.TestTools.UnitTesting.DataAccessMethod, Microsoft.VisualStudio.QualityTools.UnitTestFramework, Version=8.0.0.0, Culture=neutral, PublicKeyToken=b03f5f7f11d50a3a"><value__ type="System.Int32">0</value__></dataAccessMethod><cssProjectStructure type="System.String" /><isRunOnRestart type="System.Boolean">False</isRunOnRestart><timeOut type="System.Int32">0</timeOut><isGroupable type="System.Boolean">True</isGroupable><abortRunOnAgentFailure type="System.Boolean">False</abortRunOnAgentFailure><cssIteration type="System.String" /><workItemIds type="System.Collections.Generic.List`1[[System.Int32, mscorlib, Version=2.0.0.0, Culture=neutral, PublicKeyToken=b77a5c561934e089]]"><_size type="System.Int32">0</_size><_version type="System.Int32">1</_version></workItemIds><id type="Microsoft.VisualStudio.TestTools.Common.TestId"><id type="System.Guid">5d4ba0bd-ecb8-5521-1e00-76c05d0654f5</id></id><name type="System.String">LoveShoeShoppingTest</name><description type="System.String" /><enabled type="System.Boolean">True</enabled><owner type="System.String" /><priority type="System.Int32">0</priority><executionId type="Microsoft.VisualStudio.TestTools.Common.TestExecId"><id type="System.Guid">00000000-0000-0000-0000-000000000000</id></executionId><parentExecutId type="Microsoft.VisualStudio.TestTools.Common.TestExecId"><id type="System.Guid">00000000-0000-0000-0000-000000000000</id></parentExecutId><deploymentItems type="Microsoft.VisualStudio.TestTools.Common.DeploymentItemCollection" /><agentAttributes type="System.Collections.Specialized.StringDictionary, System, Version=2.0.0.0, Culture=neutral, PublicKeyToken=b77a5c561934e089" /><storage type="System.String">e:\projects\brownshoe\unit_tests\product\src\brownshoe\testing\unittests\bin\brownshoe.unittests.dll</storage><m_nonRunnableReason type="System.String" /></value><key type="Microsoft.VisualStudio.TestTools.Common.TestId"><id type="System.Guid">7f159457-06c8-21f4-2bce-9ce56e35e115</id></key><value type="Microsoft.VisualStudio.TestTools.TestTypes.Unit.UnitTestElement, Microsoft.VisualStudio.QualityTools.Tips.UnitTest.ObjectModel, Version=8.0.0.0, Culture=neutral, PublicKeyToken=b03f5f7f11d50a3a"><codeBase type="System.String">e:/projects/brownshoe/unit_tests/product/src/BrownShoe/Testing/UnitTests/bin/BrownShoe.UnitTests.DLL</codeBase><adapterTypeName type="System.String">Microsoft.VisualStudio.TestTools.TestTypes.Unit.UnitTestAdapter, Microsoft.VisualStudio.QualityTools.Tips.UnitTest.Adapter</adapterTypeName><testMethod type="Microsoft.VisualStudio.TestTools.TestTypes.Unit.TestMethod, Microsoft.VisualStudio.QualityTools.Tips.UnitTest.ObjectModel, Version=8.0.0.0, Culture=neutral, PublicKeyToken=b03f5f7f11d50a3a"><className type="System.String">BrownShoe.UnitTests.Services.Profiles.CreditCardServiceTest, BrownShoe.UnitTests, Version=1.0.0.0, Culture=neutral, PublicKeyToken=null</className><name type="System.String">CreateTest</name><expectedExceptionMessage type="System.String" /><isValid type="System.Boolean">False</isValid></testMethod><aspNetDevServers type="System.Collections.Generic.List`1[[Microsoft.VisualStudio.TestTools.Common.AspNetDevelopmentServer, Microsoft.VisualStudio.QualityTools.Common, Version=8.0.0.0, Culture=neutral, PublicKeyToken=b03f5f7f11d50a3a]]"><_size type="System.Int32">0</_size><_version type="System.Int32">0</_version></aspNetDevServers><dataAccessMethod type="Microsoft.VisualStudio.TestTools.UnitTesting.DataAccessMethod, Microsoft.VisualStudio.QualityTools.UnitTestFramework, Version=8.0.0.0, Culture=neutral, PublicKeyToken=b03f5f7f11d50a3a"><value__ type="System.Int32">0</value__></dataAccessMethod><cssProjectStructure type="System.String" /><isRunOnRestart type="System.Boolean">False</isRunOnRestart><timeOut type="System.Int32">0</timeOut><isGroupable type="System.Boolean">True</isGroupable><abortRunOnAgentFailure type="System.Boolean">False</abortRunOnAgentFailure><cssIteration type="System.String" /><workItemIds type="System.Collections.Generic.List`1[[System.Int32, mscorlib, Version=2.0.0.0, Culture=neutral, PublicKeyToken=b77a5c561934e089]]"><_size type="System.Int32">0</_size><_version type="System.Int32">1</_version></workItemIds><id type="Microsoft.VisualStudio.TestTools.Common.TestId"><id type="System.Guid">7f159457-06c8-21f4-2bce-9ce56e35e115</id></id><name type="System.String">CreateTest</name><description type="System.String" /><enabled type="System.Boolean">True</enabled><owner type="System.String" /><priority type="System.Int32">0</priority><executionId type="Microsoft.VisualStudio.TestTools.Common.TestExecId"><id type="System.Guid">00000000-0000-0000-0000-000000000000</id></executionId><parentExecutId type="Microsoft.VisualStudio.TestTools.Common.TestExecId"><id type="System.Guid">00000000-0000-0000-0000-000000000000</id></parentExecutId><deploymentItems type="Microsoft.VisualStudio.TestTools.Common.DeploymentItemCollection" /><agentAttributes type="System.Collections.Specialized.StringDictionary, System, Version=2.0.0.0, Culture=neutral, PublicKeyToken=b77a5c561934e089" /><storage type="System.String">e:\projects\brownshoe\unit_tests\product\src\brownshoe\testing\unittests\bin\brownshoe.unittests.dll</storage><m_nonRunnableReason type="System.String" /></value><key type="Microsoft.VisualStudio.TestTools.Common.TestId"><id type="System.Guid">0a46866d-74c2-aea2-ee5a-a3a452495270</id></key><value type="Microsoft.VisualStudio.TestTools.TestTypes.Unit.UnitTestElement, Microsoft.VisualStudio.QualityTools.Tips.UnitTest.ObjectModel, Version=8.0.0.0, Culture=neutral, PublicKeyToken=b03f5f7f11d50a3a"><codeBase type="System.String">e:/projects/brownshoe/unit_tests/product/src/BrownShoe/Testing/UnitTests/bin/BrownShoe.UnitTests.DLL</codeBase><adapterTypeName type="System.String">Microsoft.VisualStudio.TestTools.TestTypes.Unit.UnitTestAdapter, Microsoft.VisualStudio.QualityTools.Tips.UnitTest.Adapter</adapterTypeName><testMethod type="Microsoft.VisualStudio.TestTools.TestTypes.Unit.TestMethod, Microsoft.VisualStudio.QualityTools.Tips.UnitTest.ObjectModel, Version=8.0.0.0, Culture=neutral, PublicKeyToken=b03f5f7f11d50a3a"><className type="System.String">BrownShoe.UnitTests.Services.Payments.CreditCardTransactionServiceTest, BrownShoe.UnitTests, Version=1.0.0.0, Culture=neutral, PublicKeyToken=null</className><name type="System.String">ListTest</name><expectedExceptionMessage type="System.String" /><isValid type="System.Boolean">False</isValid></testMethod><aspNetDevServers type="System.Collections.Generic.List`1[[Microsoft.VisualStudio.TestTools.Common.AspNetDevelopmentServer, Microsoft.VisualStudio.QualityTools.Common, Version=8.0.0.0, Culture=neutral, PublicKeyToken=b03f5f7f11d50a3a]]"><_size type="System.Int32">0</_size><_version type="System.Int32">0</_version></aspNetDevServers><dataAccessMethod type="Microsoft.VisualStudio.TestTools.UnitTesting.DataAccessMethod, Microsoft.VisualStudio.QualityTools.UnitTestFramework, Version=8.0.0.0, Culture=neutral, PublicKeyToken=b03f5f7f11d50a3a"><value__ type="System.Int32">0</value__></dataAccessMethod><cssProjectStructure type="System.String" /><isRunOnRestart type="System.Boolean">False</isRunOnRestart><timeOut type="System.Int32">0</timeOut><isGroupable type="System.Boolean">True</isGroupable><abortRunOnAgentFailure type="System.Boolean">False</abortRunOnAgentFailure><cssIteration type="System.String" /><workItemIds type="System.Collections.Generic.List`1[[System.Int32, mscorlib, Version=2.0.0.0, Culture=neutral, PublicKeyToken=b77a5c561934e089]]"><_size type="System.Int32">0</_size><_version type="System.Int32">1</_version></workItemIds><id type="Microsoft.VisualStudio.TestTools.Common.TestId"><id type="System.Guid">0a46866d-74c2-aea2-ee5a-a3a452495270</id></id><name type="System.String">ListTest</name><description type="System.String" /><enabled type="System.Boolean">True</enabled><owner type="System.String" /><priority type="System.Int32">0</priority><executionId type="Microsoft.VisualStudio.TestTools.Common.TestExecId"><id type="System.Guid">00000000-0000-0000-0000-000000000000</id></executionId><parentExecutId type="Microsoft.VisualStudio.TestTools.Common.TestExecId"><id type="System.Guid">00000000-0000-0000-0000-000000000000</id></parentExecutId><deploymentItems type="Microsoft.VisualStudio.TestTools.Common.DeploymentItemCollection" /><agentAttributes type="System.Collections.Specialized.StringDictionary, System, Version=2.0.0.0, Culture=neutral, PublicKeyToken=b77a5c561934e089" /><storage type="System.String">e:\projects\brownshoe\unit_tests\product\src\brownshoe\testing\unittests\bin\brownshoe.unittests.dll</storage><m_nonRunnableReason type="System.String" /></value><key type="Microsoft.VisualStudio.TestTools.Common.TestId"><id type="System.Guid">994c92b3-fc42-bcc7-ff38-eddcc300985b</id></key><value type="Microsoft.VisualStudio.TestTools.TestTypes.Unit.UnitTestElement, Microsoft.VisualStudio.QualityTools.Tips.UnitTest.ObjectModel, Version=8.0.0.0, Culture=neutral, PublicKeyToken=b03f5f7f11d50a3a"><codeBase type="System.String">e:/projects/brownshoe/unit_tests/product/src/BrownShoe/Testing/UnitTests/bin/BrownShoe.UnitTests.DLL</codeBase><adapterTypeName type="System.String">Microsoft.VisualStudio.TestTools.TestTypes.Unit.UnitTestAdapter, Microsoft.VisualStudio.QualityTools.Tips.UnitTest.Adapter</adapterTypeName><testMethod type="Microsoft.VisualStudio.TestTools.TestTypes.Unit.TestMethod, Microsoft.VisualStudio.QualityTools.Tips.UnitTest.ObjectModel, Version=8.0.0.0, Culture=neutral, PublicKeyToken=b03f5f7f11d50a3a"><className type="System.String">BrownShoe.UnitTests.Services.Madison.RewardsProfileTest, BrownShoe.UnitTests, Version=1.0.0.0, Culture=neutral, PublicKeyToken=null</className><name type="System.String">RegionTest</name><expectedExceptionMessage type="System.String" /><isValid type="System.Boolean">False</isValid></testMethod><aspNetDevServers type="System.Collections.Generic.List`1[[Microsoft.VisualStudio.TestTools.Common.AspNetDevelopmentServer, Microsoft.VisualStudio.QualityTools.Common, Version=8.0.0.0, Culture=neutral, PublicKeyToken=b03f5f7f11d50a3a]]"><_size type="System.Int32">0</_size><_version type="System.Int32">0</_version></aspNetDevServers><dataAccessMethod type="Microsoft.VisualStudio.TestTools.UnitTesting.DataAccessMethod, Microsoft.VisualStudio.QualityTools.UnitTestFramework, Version=8.0.0.0, Culture=neutral, PublicKeyToken=b03f5f7f11d50a3a"><value__ type="System.Int32">0</value__></dataAccessMethod><cssProjectStructure type="System.String" /><isRunOnRestart type="System.Boolean">False</isRunOnRestart><timeOut type="System.Int32">0</timeOut><isGroupable type="System.Boolean">True</isGroupable><abortRunOnAgentFailure type="System.Boolean">False</abortRunOnAgentFailure><cssIteration type="System.String" /><workItemIds type="System.Collections.Generic.List`1[[System.Int32, mscorlib, Version=2.0.0.0, Culture=neutral, PublicKeyToken=b77a5c561934e089]]"><_size type="System.Int32">0</_size><_version type="System.Int32">1</_version></workItemIds><id type="Microsoft.VisualStudio.TestTools.Common.TestId"><id type="System.Guid">994c92b3-fc42-bcc7-ff38-eddcc300985b</id></id><name type="System.String">RegionTest</name><description type="System.String" /><enabled type="System.Boolean">True</enabled><owner type="System.String" /><priority type="System.Int32">0</priority><executionId type="Microsoft.VisualStudio.TestTools.Common.TestExecId"><id type="System.Guid">00000000-0000-0000-0000-000000000000</id></executionId><parentExecutId type="Microsoft.VisualStudio.TestTools.Common.TestExecId"><id type="System.Guid">00000000-0000-0000-0000-000000000000</id></parentExecutId><deploymentItems type="Microsoft.VisualStudio.TestTools.Common.DeploymentItemCollection" /><agentAttributes type="System.Collections.Specialized.StringDictionary, System, Version=2.0.0.0, Culture=neutral, PublicKeyToken=b77a5c561934e089" /><storage type="System.String">e:\projects\brownshoe\unit_tests\product\src\brownshoe\testing\unittests\bin\brownshoe.unittests.dll</storage><m_nonRunnableReason type="System.String" /></value><key type="Microsoft.VisualStudio.TestTools.Common.TestId"><id type="System.Guid">1986844d-95db-d075-2bee-adba2fe9da7c</id></key><value type="Microsoft.VisualStudio.TestTools.TestTypes.Unit.UnitTestElement, Microsoft.VisualStudio.QualityTools.Tips.UnitTest.ObjectModel, Version=8.0.0.0, Culture=neutral, PublicKeyToken=b03f5f7f11d50a3a"><codeBase type="System.String">e:/projects/brownshoe/unit_tests/product/src/BrownShoe/Testing/UnitTests/bin/BrownShoe.UnitTests.DLL</codeBase><adapterTypeName type="System.String">Microsoft.VisualStudio.TestTools.TestTypes.Unit.UnitTestAdapter, Microsoft.VisualStudio.QualityTools.Tips.UnitTest.Adapter</adapterTypeName><testMethod type="Microsoft.VisualStudio.TestTools.TestTypes.Unit.TestMethod, Microsoft.VisualStudio.QualityTools.Tips.UnitTest.ObjectModel, Version=8.0.0.0, Culture=neutral, PublicKeyToken=b03f5f7f11d50a3a"><className type="System.String">BrownShoe.UnitTests.Services.Madison.StoreLocationTest, BrownShoe.UnitTests, Version=1.0.0.0, Culture=neutral, PublicKeyToken=null</className><name type="System.String">PostalCodeTest</name><expectedExceptionMessage type="System.String" /><isValid type="System.Boolean">False</isValid></testMethod><aspNetDevServers type="System.Collections.Generic.List`1[[Microsoft.VisualStudio.TestTools.Common.AspNetDevelopmentServer, Microsoft.VisualStudio.QualityTools.Common, Version=8.0.0.0, Culture=neutral, PublicKeyToken=b03f5f7f11d50a3a]]"><_size type="System.Int32">0</_size><_version type="System.Int32">0</_version></aspNetDevServers><dataAccessMethod type="Microsoft.VisualStudio.TestTools.UnitTesting.DataAccessMethod, Microsoft.VisualStudio.QualityTools.UnitTestFramework, Version=8.0.0.0, Culture=neutral, PublicKeyToken=b03f5f7f11d50a3a"><value__ type="System.Int32">0</value__></dataAccessMethod><cssProjectStructure type="System.String" /><isRunOnRestart type="System.Boolean">False</isRunOnRestart><timeOut type="System.Int32">0</timeOut><isGroupable type="System.Boolean">True</isGroupable><abortRunOnAgentFailure type="System.Boolean">False</abortRunOnAgentFailure><cssIteration type="System.String" /><workItemIds type="System.Collections.Generic.List`1[[System.Int32, mscorlib, Version=2.0.0.0, Culture=neutral, PublicKeyToken=b77a5c561934e089]]"><_size type="System.Int32">0</_size><_version type="System.Int32">1</_version></workItemIds><id type="Microsoft.VisualStudio.TestTools.Common.TestId"><id type="System.Guid">1986844d-95db-d075-2bee-adba2fe9da7c</id></id><name type="System.String">PostalCodeTest</name><description type="System.String" /><enabled type="System.Boolean">True</enabled><owner type="System.String" /><priority type="System.Int32">0</priority><executionId type="Microsoft.VisualStudio.TestTools.Common.TestExecId"><id type="System.Guid">00000000-0000-0000-0000-000000000000</id></executionId><parentExecutId type="Microsoft.VisualStudio.TestTools.Common.TestExecId"><id type="System.Guid">00000000-0000-0000-0000-000000000000</id></parentExecutId><deploymentItems type="Microsoft.VisualStudio.TestTools.Common.DeploymentItemCollection" /><agentAttributes type="System.Collections.Specialized.StringDictionary, System, Version=2.0.0.0, Culture=neutral, PublicKeyToken=b77a5c561934e089" /><storage type="System.String">e:\projects\brownshoe\unit_tests\product\src\brownshoe\testing\unittests\bin\brownshoe.unittests.dll</storage><m_nonRunnableReason type="System.String" /></value><key type="Microsoft.VisualStudio.TestTools.Common.TestId"><id type="System.Guid">59ad732d-24db-ddfa-3652-24e11cdaeac4</id></key><value type="Microsoft.VisualStudio.TestTools.TestTypes.Unit.UnitTestElement, Microsoft.VisualStudio.QualityTools.Tips.UnitTest.ObjectModel, Version=8.0.0.0, Culture=neutral, PublicKeyToken=b03f5f7f11d50a3a"><codeBase type="System.String">e:/projects/brownshoe/unit_tests/product/src/BrownShoe/Testing/UnitTests/bin/BrownShoe.UnitTests.DLL</codeBase><adapterTypeName type="System.String">Microsoft.VisualStudio.TestTools.TestTypes.Unit.UnitTestAdapter, Microsoft.VisualStudio.QualityTools.Tips.UnitTest.Adapter</adapterTypeName><testMethod type="Microsoft.VisualStudio.TestTools.TestTypes.Unit.TestMethod, Microsoft.VisualStudio.QualityTools.Tips.UnitTest.ObjectModel, Version=8.0.0.0, Culture=neutral, PublicKeyToken=b03f5f7f11d50a3a"><className type="System.String">BrownShoe.UnitTests.Services.ContentManagement.CMServiceTest, BrownShoe.UnitTests, Version=1.0.0.0, Culture=neutral, PublicKeyToken=null</className><name type="System.String">GetSitesTest</name><expectedExceptionMessage type="System.String" /><isValid type="System.Boolean">False</isValid></testMethod><aspNetDevServers type="System.Collections.Generic.List`1[[Microsoft.VisualStudio.TestTools.Common.AspNetDevelopmentServer, Microsoft.VisualStudio.QualityTools.Common, Version=8.0.0.0, Culture=neutral, PublicKeyToken=b03f5f7f11d50a3a]]"><_size type="System.Int32">0</_size><_version type="System.Int32">0</_version></aspNetDevServers><dataAccessMethod type="Microsoft.VisualStudio.TestTools.UnitTesting.DataAccessMethod, Microsoft.VisualStudio.QualityTools.UnitTestFramework, Version=8.0.0.0, Culture=neutral, PublicKeyToken=b03f5f7f11d50a3a"><value__ type="System.Int32">0</value__></dataAccessMethod><cssProjectStructure type="System.String" /><isRunOnRestart type="System.Boolean">False</isRunOnRestart><timeOut type="System.Int32">0</timeOut><isGroupable type="System.Boolean">True</isGroupable><abortRunOnAgentFailure type="System.Boolean">False</abortRunOnAgentFailure><cssIteration type="System.String" /><workItemIds type="System.Collections.Generic.List`1[[System.Int32, mscorlib, Version=2.0.0.0, Culture=neutral, PublicKeyToken=b77a5c561934e089]]"><_size type="System.Int32">0</_size><_version type="System.Int32">1</_version></workItemIds><id type="Microsoft.VisualStudio.TestTools.Common.TestId"><id type="System.Guid">59ad732d-24db-ddfa-3652-24e11cdaeac4</id></id><name type="System.String">GetSitesTest</name><description type="System.String" /><enabled type="System.Boolean">True</enabled><owner type="System.String" /><priority type="System.Int32">0</priority><executionId type="Microsoft.VisualStudio.TestTools.Common.TestExecId"><id type="System.Guid">00000000-0000-0000-0000-000000000000</id></executionId><parentExecutId type="Microsoft.VisualStudio.TestTools.Common.TestExecId"><id type="System.Guid">00000000-0000-0000-0000-000000000000</id></parentExecutId><deploymentItems type="Microsoft.VisualStudio.TestTools.Common.DeploymentItemCollection" /><agentAttributes type="System.Collections.Specialized.StringDictionary, System, Version=2.0.0.0, Culture=neutral, PublicKeyToken=b77a5c561934e089" /><storage type="System.String">e:\projects\brownshoe\unit_tests\product\src\brownshoe\testing\unittests\bin\brownshoe.unittests.dll</storage><m_nonRunnableReason type="System.String" /></value><key type="Microsoft.VisualStudio.TestTools.Common.TestId"><id type="System.Guid">e7ed4c36-f66c-4b8e-53f7-2a5d1b94ec2f</id></key><value type="Microsoft.VisualStudio.TestTools.TestTypes.Unit.UnitTestElement, Microsoft.VisualStudio.QualityTools.Tips.UnitTest.ObjectModel, Version=8.0.0.0, Culture=neutral, PublicKeyToken=b03f5f7f11d50a3a"><codeBase type="System.String">e:/projects/brownshoe/unit_tests/product/src/BrownShoe/Testing/UnitTests/bin/BrownShoe.UnitTests.DLL</codeBase><adapterTypeName type="System.String">Microsoft.VisualStudio.TestTools.TestTypes.Unit.UnitTestAdapter, Microsoft.VisualStudio.QualityTools.Tips.UnitTest.Adapter</adapterTypeName><testMethod type="Microsoft.VisualStudio.TestTools.TestTypes.Unit.TestMethod, Microsoft.VisualStudio.QualityTools.Tips.UnitTest.ObjectModel, Version=8.0.0.0, Culture=neutral, PublicKeyToken=b03f5f7f11d50a3a"><className type="System.String">BrownShoe.UnitTests.Services.Configuration.CactusExtensionsHandlerTest, BrownShoe.UnitTests, Version=1.0.0.0, Culture=neutral, PublicKeyToken=null</className><name type="System.String">GetCustomerReviewImageURLTest</name><expectedExceptionMessage type="System.String" /><isValid type="System.Boolean">False</isValid></testMethod><aspNetDevServers type="System.Collections.Generic.List`1[[Microsoft.VisualStudio.TestTools.Common.AspNetDevelopmentServer, Microsoft.VisualStudio.QualityTools.Common, Version=8.0.0.0, Culture=neutral, PublicKeyToken=b03f5f7f11d50a3a]]"><_size type="System.Int32">0</_size><_version type="System.Int32">0</_version></aspNetDevServers><dataAccessMethod type="Microsoft.VisualStudio.TestTools.UnitTesting.DataAccessMethod, Microsoft.VisualStudio.QualityTools.UnitTestFramework, Version=8.0.0.0, Culture=neutral, PublicKeyToken=b03f5f7f11d50a3a"><value__ type="System.Int32">0</value__></dataAccessMethod><cssProjectStructure type="System.String" /><isRunOnRestart type="System.Boolean">False</isRunOnRestart><timeOut type="System.Int32">0</timeOut><isGroupable type="System.Boolean">True</isGroupable><abortRunOnAgentFailure type="System.Boolean">False</abortRunOnAgentFailure><cssIteration type="System.String" /><workItemIds type="System.Collections.Generic.List`1[[System.Int32, mscorlib, Version=2.0.0.0, Culture=neutral, PublicKeyToken=b77a5c561934e089]]"><_size type="System.Int32">0</_size><_version type="System.Int32">1</_version></workItemIds><id type="Microsoft.VisualStudio.TestTools.Common.TestId"><id type="System.Guid">e7ed4c36-f66c-4b8e-53f7-2a5d1b94ec2f</id></id><name type="System.String">GetCustomerReviewImageURLTest</name><description type="System.String" /><enabled type="System.Boolean">True</enabled><owner type="System.String" /><priority type="System.Int32">0</priority><executionId type="Microsoft.VisualStudio.TestTools.Common.TestExecId"><id type="System.Guid">00000000-0000-0000-0000-000000000000</id></executionId><parentExecutId type="Microsoft.VisualStudio.TestTools.Common.TestExecId"><id type="System.Guid">00000000-0000-0000-0000-000000000000</id></parentExecutId><deploymentItems type="Microsoft.VisualStudio.TestTools.Common.DeploymentItemCollection" /><agentAttributes type="System.Collections.Specialized.StringDictionary, System, Version=2.0.0.0, Culture=neutral, PublicKeyToken=b77a5c561934e089" /><storage type="System.String">e:\projects\brownshoe\unit_tests\product\src\brownshoe\testing\unittests\bin\brownshoe.unittests.dll</storage><m_nonRunnableReason type="System.String" /></value><key type="Microsoft.VisualStudio.TestTools.Common.TestId"><id type="System.Guid">717cd881-3189-1437-e630-dd17a3c9fee1</id></key><value type="Microsoft.VisualStudio.TestTools.TestTypes.Unit.UnitTestElement, Microsoft.VisualStudio.QualityTools.Tips.UnitTest.ObjectModel, Version=8.0.0.0, Culture=neutral, PublicKeyToken=b03f5f7f11d50a3a"><codeBase type="System.String">e:/projects/brownshoe/unit_tests/product/src/BrownShoe/Testing/UnitTests/bin/BrownShoe.UnitTests.DLL</codeBase><adapterTypeName type="System.String">Microsoft.VisualStudio.TestTools.TestTypes.Unit.UnitTestAdapter, Microsoft.VisualStudio.QualityTools.Tips.UnitTest.Adapter</adapterTypeName><testMethod type="Microsoft.VisualStudio.TestTools.TestTypes.Unit.TestMethod, Microsoft.VisualStudio.QualityTools.Tips.UnitTest.ObjectModel, Version=8.0.0.0, Culture=neutral, PublicKeyToken=b03f5f7f11d50a3a"><className type="System.String">BrownShoe.UnitTests.Services.Madison.MadisonWebServiceTest, BrownShoe.UnitTests, Version=1.0.0.0, Culture=neutral, PublicKeyToken=null</className><name type="System.String">VerifyRewardsNumberTest</name><expectedExceptionMessage type="System.String" /><isValid type="System.Boolean">False</isValid></testMethod><aspNetDevServers type="System.Collections.Generic.List`1[[Microsoft.VisualStudio.TestTools.Common.AspNetDevelopmentServer, Microsoft.VisualStudio.QualityTools.Common, Version=8.0.0.0, Culture=neutral, PublicKeyToken=b03f5f7f11d50a3a]]"><_size type="System.Int32">0</_size><_version type="System.Int32">0</_version></aspNetDevServers><dataAccessMethod type="Microsoft.VisualStudio.TestTools.UnitTesting.DataAccessMethod, Microsoft.VisualStudio.QualityTools.UnitTestFramework, Version=8.0.0.0, Culture=neutral, PublicKeyToken=b03f5f7f11d50a3a"><value__ type="System.Int32">0</value__></dataAccessMethod><cssProjectStructure type="System.String" /><isRunOnRestart type="System.Boolean">False</isRunOnRestart><timeOut type="System.Int32">0</timeOut><isGroupable type="System.Boolean">True</isGroupable><abortRunOnAgentFailure type="System.Boolean">False</abortRunOnAgentFailure><cssIteration type="System.String" /><workItemIds type="System.Collections.Generic.List`1[[System.Int32, mscorlib, Version=2.0.0.0, Culture=neutral, PublicKeyToken=b77a5c561934e089]]"><_size type="System.Int32">0</_size><_version type="System.Int32">1</_version></workItemIds><id type="Microsoft.VisualStudio.TestTools.Common.TestId"><id type="System.Guid">717cd881-3189-1437-e630-dd17a3c9fee1</id></id><name type="System.String">VerifyRewardsNumberTest</name><description type="System.String" /><enabled type="System.Boolean">True</enabled><owner type="System.String" /><priority type="System.Int32">0</priority><executionId type="Microsoft.VisualStudio.TestTools.Common.TestExecId"><id type="System.Guid">00000000-0000-0000-0000-000000000000</id></executionId><parentExecutId type="Microsoft.VisualStudio.TestTools.Common.TestExecId"><id type="System.Guid">00000000-0000-0000-0000-000000000000</id></parentExecutId><deploymentItems type="Microsoft.VisualStudio.TestTools.Common.DeploymentItemCollection" /><agentAttributes type="System.Collections.Specialized.StringDictionary, System, Version=2.0.0.0, Culture=neutral, PublicKeyToken=b77a5c561934e089" /><storage type="System.String">e:\projects\brownshoe\unit_tests\product\src\brownshoe\testing\unittests\bin\brownshoe.unittests.dll</storage><m_nonRunnableReason type="System.String" /></value><key type="Microsoft.VisualStudio.TestTools.Common.TestId"><id type="System.Guid">ce93858f-261a-76c4-8630-319358890528</id></key><value type="Microsoft.VisualStudio.TestTools.TestTypes.Unit.UnitTestElement, Microsoft.VisualStudio.QualityTools.Tips.UnitTest.ObjectModel, Version=8.0.0.0, Culture=neutral, PublicKeyToken=b03f5f7f11d50a3a"><codeBase type="System.String">e:/projects/brownshoe/unit_tests/product/src/BrownShoe/Testing/UnitTests/bin/BrownShoe.UnitTests.DLL</codeBase><adapterTypeName type="System.String">Microsoft.VisualStudio.TestTools.TestTypes.Unit.UnitTestAdapter, Microsoft.VisualStudio.QualityTools.Tips.UnitTest.Adapter</adapterTypeName><testMethod type="Microsoft.VisualStudio.TestTools.TestTypes.Unit.TestMethod, Microsoft.VisualStudio.QualityTools.Tips.UnitTest.ObjectModel, Version=8.0.0.0, Culture=neutral, PublicKeyToken=b03f5f7f11d50a3a"><className type="System.String">BrownShoe.UnitTests.Services.DataAccess.CheckoutMethodDBTest, BrownShoe.UnitTests, Version=1.0.0.0, Culture=neutral, PublicKeyToken=null</className><name type="System.String">ListTest</name><expectedExceptionMessage type="System.String" /><isValid type="System.Boolean">False</isValid></testMethod><aspNetDevServers type="System.Collections.Generic.List`1[[Microsoft.VisualStudio.TestTools.Common.AspNetDevelopmentServer, Microsoft.VisualStudio.QualityTools.Common, Version=8.0.0.0, Culture=neutral, PublicKeyToken=b03f5f7f11d50a3a]]"><_size type="System.Int32">0</_size><_version type="System.Int32">0</_version></aspNetDevServers><dataAccessMethod type="Microsoft.VisualStudio.TestTools.UnitTesting.DataAccessMethod, Microsoft.VisualStudio.QualityTools.UnitTestFramework, Version=8.0.0.0, Culture=neutral, PublicKeyToken=b03f5f7f11d50a3a"><value__ type="System.Int32">0</value__></dataAccessMethod><cssProjectStructure type="System.String" /><isRunOnRestart type="System.Boolean">False</isRunOnRestart><timeOut type="System.Int32">0</timeOut><isGroupable type="System.Boolean">True</isGroupable><abortRunOnAgentFailure type="System.Boolean">False</abortRunOnAgentFailure><cssIteration type="System.String" /><workItemIds type="System.Collections.Generic.List`1[[System.Int32, mscorlib, Version=2.0.0.0, Culture=neutral, PublicKeyToken=b77a5c561934e089]]"><_size type="System.Int32">0</_size><_version type="System.Int32">1</_version></workItemIds><id type="Microsoft.VisualStudio.TestTools.Common.TestId"><id type="System.Guid">ce93858f-261a-76c4-8630-319358890528</id></id><name type="System.String">ListTest</name><description type="System.String" /><enabled type="System.Boolean">True</enabled><owner type="System.String" /><priority type="System.Int32">0</priority><executionId type="Microsoft.VisualStudio.TestTools.Common.TestExecId"><id type="System.Guid">00000000-0000-0000-0000-000000000000</id></executionId><parentExecutId type="Microsoft.VisualStudio.TestTools.Common.TestExecId"><id type="System.Guid">00000000-0000-0000-0000-000000000000</id></parentExecutId><deploymentItems type="Microsoft.VisualStudio.TestTools.Common.DeploymentItemCollection" /><agentAttributes type="System.Collections.Specialized.StringDictionary, System, Version=2.0.0.0, Culture=neutral, PublicKeyToken=b77a5c561934e089" /><storage type="System.String">e:\projects\brownshoe\unit_tests\product\src\brownshoe\testing\unittests\bin\brownshoe.unittests.dll</storage><m_nonRunnableReason type="System.String" /></value><key type="Microsoft.VisualStudio.TestTools.Common.TestId"><id type="System.Guid">6e025d0c-2786-34e7-5586-23bccbd29a5d</id></key><value type="Microsoft.VisualStudio.TestTools.TestTypes.Unit.UnitTestElement, Microsoft.VisualStudio.QualityTools.Tips.UnitTest.ObjectModel, Version=8.0.0.0, Culture=neutral, PublicKeyToken=b03f5f7f11d50a3a"><codeBase type="System.String">e:/projects/brownshoe/unit_tests/product/src/BrownShoe/Testing/UnitTests/bin/BrownShoe.UnitTests.DLL</codeBase><adapterTypeName type="System.String">Microsoft.VisualStudio.TestTools.TestTypes.Unit.UnitTestAdapter, Microsoft.VisualStudio.QualityTools.Tips.UnitTest.Adapter</adapterTypeName><testMethod type="Microsoft.VisualStudio.TestTools.TestTypes.Unit.TestMethod, Microsoft.VisualStudio.QualityTools.Tips.UnitTest.ObjectModel, Version=8.0.0.0, Culture=neutral, PublicKeyToken=b03f5f7f11d50a3a"><className type="System.String">BrownShoe.UnitTests.Services.Orders.BrownOrderServiceTest, BrownShoe.UnitTests, Version=1.0.0.0, Culture=neutral, PublicKeyToken=null</className><name type="System.String">GetPurchaseOrderTest</name><expectedExceptionMessage type="System.String" /><isValid type="System.Boolean">False</isValid></testMethod><aspNetDevServers type="System.Collections.Generic.List`1[[Microsoft.VisualStudio.TestTools.Common.AspNetDevelopmentServer, Microsoft.VisualStudio.QualityTools.Common, Version=8.0.0.0, Culture=neutral, PublicKeyToken=b03f5f7f11d50a3a]]"><_size type="System.Int32">0</_size><_version type="System.Int32">0</_version></aspNetDevServers><dataAccessMethod type="Microsoft.VisualStudio.TestTools.UnitTesting.DataAccessMethod, Microsoft.VisualStudio.QualityTools.UnitTestFramework, Version=8.0.0.0, Culture=neutral, PublicKeyToken=b03f5f7f11d50a3a"><value__ type="System.Int32">0</value__></dataAccessMethod><cssProjectStructure type="System.String" /><isRunOnRestart type="System.Boolean">False</isRunOnRestart><timeOut type="System.Int32">0</timeOut><isGroupable type="System.Boolean">True</isGroupable><abortRunOnAgentFailure type="System.Boolean">False</abortRunOnAgentFailure><cssIteration type="System.String" /><workItemIds type="System.Collections.Generic.List`1[[System.Int32, mscorlib, Version=2.0.0.0, Culture=neutral, PublicKeyToken=b77a5c561934e089]]"><_size type="System.Int32">0</_size><_version type="System.Int32">1</_version></workItemIds><id type="Microsoft.VisualStudio.TestTools.Common.TestId"><id type="System.Guid">6e025d0c-2786-34e7-5586-23bccbd29a5d</id></id><name type="System.String">GetPurchaseOrderTest</name><description type="System.String" /><enabled type="System.Boolean">True</enabled><owner type="System.String" /><priority type="System.Int32">0</priority><executionId type="Microsoft.VisualStudio.TestTools.Common.TestExecId"><id type="System.Guid">00000000-0000-0000-0000-000000000000</id></executionId><parentExecutId type="Microsoft.VisualStudio.TestTools.Common.TestExecId"><id type="System.Guid">00000000-0000-0000-0000-000000000000</id></parentExecutId><deploymentItems type="Microsoft.VisualStudio.TestTools.Common.DeploymentItemCollection" /><agentAttributes type="System.Collections.Specialized.StringDictionary, System, Version=2.0.0.0, Culture=neutral, PublicKeyToken=b77a5c561934e089" /><storage type="System.String">e:\projects\brownshoe\unit_tests\product\src\brownshoe\testing\unittests\bin\brownshoe.unittests.dll</storage><m_nonRunnableReason type="System.String" /></value><key type="Microsoft.VisualStudio.TestTools.Common.TestId"><id type="System.Guid">0e220b55-1623-25fa-468c-a6cbf8cec0ea</id></key><value type="Microsoft.VisualStudio.TestTools.TestTypes.Unit.UnitTestElement, Microsoft.VisualStudio.QualityTools.Tips.UnitTest.ObjectModel, Version=8.0.0.0, Culture=neutral, PublicKeyToken=b03f5f7f11d50a3a"><codeBase type="System.String">e:/projects/brownshoe/unit_tests/product/src/BrownShoe/Testing/UnitTests/bin/BrownShoe.UnitTests.DLL</codeBase><adapterTypeName type="System.String">Microsoft.VisualStudio.TestTools.TestTypes.Unit.UnitTestAdapter, Microsoft.VisualStudio.QualityTools.Tips.UnitTest.Adapter</adapterTypeName><testMethod type="Microsoft.VisualStudio.TestTools.TestTypes.Unit.TestMethod, Microsoft.VisualStudio.QualityTools.Tips.UnitTest.ObjectModel, Version=8.0.0.0, Culture=neutral, PublicKeyToken=b03f5f7f11d50a3a"><className type="System.String">BrownShoe.UnitTests.Services.Orders.OrderServiceTest, BrownShoe.UnitTests, Version=1.0.0.0, Culture=neutral, PublicKeyToken=null</className><name type="System.String">GetShippingMethodByIdTest</name><expectedExceptionMessage type="System.String" /><isValid type="System.Boolean">False</isValid></testMethod><aspNetDevServers type="System.Collections.Generic.List`1[[Microsoft.VisualStudio.TestTools.Common.AspNetDevelopmentServer, Microsoft.VisualStudio.QualityTools.Common, Version=8.0.0.0, Culture=neutral, PublicKeyToken=b03f5f7f11d50a3a]]"><_size type="System.Int32">0</_size><_version type="System.Int32">0</_version></aspNetDevServers><dataAccessMethod type="Microsoft.VisualStudio.TestTools.UnitTesting.DataAccessMethod, Microsoft.VisualStudio.QualityTools.UnitTestFramework, Version=8.0.0.0, Culture=neutral, PublicKeyToken=b03f5f7f11d50a3a"><value__ type="System.Int32">0</value__></dataAccessMethod><cssProjectStructure type="System.String" /><isRunOnRestart type="System.Boolean">False</isRunOnRestart><timeOut type="System.Int32">0</timeOut><isGroupable type="System.Boolean">True</isGroupable><abortRunOnAgentFailure type="System.Boolean">False</abortRunOnAgentFailure><cssIteration type="System.String" /><workItemIds type="System.Collections.Generic.List`1[[System.Int32, mscorlib, Version=2.0.0.0, Culture=neutral, PublicKeyToken=b77a5c561934e089]]"><_size type="System.Int32">0</_size><_version type="System.Int32">1</_version></workItemIds><id type="Microsoft.VisualStudio.TestTools.Common.TestId"><id type="System.Guid">0e220b55-1623-25fa-468c-a6cbf8cec0ea</id></id><name type="System.String">GetShippingMethodByIdTest</name><description type="System.String" /><enabled type="System.Boolean">True</enabled><owner type="System.String" /><priority type="System.Int32">0</priority><executionId type="Microsoft.VisualStudio.TestTools.Common.TestExecId"><id type="System.Guid">00000000-0000-0000-0000-000000000000</id></executionId><parentExecutId type="Microsoft.VisualStudio.TestTools.Common.TestExecId"><id type="System.Guid">00000000-0000-0000-0000-000000000000</id></parentExecutId><deploymentItems type="Microsoft.VisualStudio.TestTools.Common.DeploymentItemCollection" /><agentAttributes type="System.Collections.Specialized.StringDictionary, System, Version=2.0.0.0, Culture=neutral, PublicKeyToken=b77a5c561934e089" /><storage type="System.String">e:\projects\brownshoe\unit_tests\product\src\brownshoe\testing\unittests\bin\brownshoe.unittests.dll</storage><m_nonRunnableReason type="System.String" /></value><key type="Microsoft.VisualStudio.TestTools.Common.TestId"><id type="System.Guid">fb61c791-fd0a-c78d-e63a-6250372bff94</id></key><value type="Microsoft.VisualStudio.TestTools.TestTypes.Unit.UnitTestElement, Microsoft.VisualStudio.QualityTools.Tips.UnitTest.ObjectModel, Version=8.0.0.0, Culture=neutral, PublicKeyToken=b03f5f7f11d50a3a"><codeBase type="System.String">e:/projects/brownshoe/unit_tests/product/src/BrownShoe/Testing/UnitTests/bin/BrownShoe.UnitTests.DLL</codeBase><adapterTypeName type="System.String">Microsoft.VisualStudio.TestTools.TestTypes.Unit.UnitTestAdapter, Microsoft.VisualStudio.QualityTools.Tips.UnitTest.Adapter</adapterTypeName><testMethod type="Microsoft.VisualStudio.TestTools.TestTypes.Unit.TestMethod, Microsoft.VisualStudio.QualityTools.Tips.UnitTest.ObjectModel, Version=8.0.0.0, Culture=neutral, PublicKeyToken=b03f5f7f11d50a3a"><className type="System.String">BrownShoe.UnitTests.Services.Frauds.FraudDetectionServiceTest, BrownShoe.UnitTests, Version=1.0.0.0, Culture=neutral, PublicKeyToken=null</className><name type="System.String">UpdateTest</name><expectedExceptionMessage type="System.String" /><isValid type="System.Boolean">False</isValid></testMethod><aspNetDevServers type="System.Collections.Generic.List`1[[Microsoft.VisualStudio.TestTools.Common.AspNetDevelopmentServer, Microsoft.VisualStudio.QualityTools.Common, Version=8.0.0.0, Culture=neutral, PublicKeyToken=b03f5f7f11d50a3a]]"><_size type="System.Int32">0</_size><_version type="System.Int32">0</_version></aspNetDevServers><dataAccessMethod type="Microsoft.VisualStudio.TestTools.UnitTesting.DataAccessMethod, Microsoft.VisualStudio.QualityTools.UnitTestFramework, Version=8.0.0.0, Culture=neutral, PublicKeyToken=b03f5f7f11d50a3a"><value__ type="System.Int32">0</value__></dataAccessMethod><cssProjectStructure type="System.String" /><isRunOnRestart type="System.Boolean">False</isRunOnRestart><timeOut type="System.Int32">0</timeOut><isGroupable type="System.Boolean">True</isGroupable><abortRunOnAgentFailure type="System.Boolean">False</abortRunOnAgentFailure><cssIteration type="System.String" /><workItemIds type="System.Collections.Generic.List`1[[System.Int32, mscorlib, Version=2.0.0.0, Culture=neutral, PublicKeyToken=b77a5c561934e089]]"><_size type="System.Int32">0</_size><_version type="System.Int32">1</_version></workItemIds><id type="Microsoft.VisualStudio.TestTools.Common.TestId"><id type="System.Guid">fb61c791-fd0a-c78d-e63a-6250372bff94</id></id><name type="System.String">UpdateTest</name><description type="System.String" /><enabled type="System.Boolean">True</enabled><owner type="System.String" /><priority type="System.Int32">0</priority><executionId type="Microsoft.VisualStudio.TestTools.Common.TestExecId"><id type="System.Guid">00000000-0000-0000-0000-000000000000</id></executionId><parentExecutId type="Microsoft.VisualStudio.TestTools.Common.TestExecId"><id type="System.Guid">00000000-0000-0000-0000-000000000000</id></parentExecutId><deploymentItems type="Microsoft.VisualStudio.TestTools.Common.DeploymentItemCollection" /><agentAttributes type="System.Collections.Specialized.StringDictionary, System, Version=2.0.0.0, Culture=neutral, PublicKeyToken=b77a5c561934e089" /><storage type="System.String">e:\projects\brownshoe\unit_tests\product\src\brownshoe\testing\unittests\bin\brownshoe.unittests.dll</storage><m_nonRunnableReason type="System.String" /></value><key type="Microsoft.VisualStudio.TestTools.Common.TestId"><id type="System.Guid">d4411770-9ef0-43df-2852-d5ceb2744505</id></key><value type="Microsoft.VisualStudio.TestTools.TestTypes.Unit.UnitTestElement, Microsoft.VisualStudio.QualityTools.Tips.UnitTest.ObjectModel, Version=8.0.0.0, Culture=neutral, PublicKeyToken=b03f5f7f11d50a3a"><codeBase type="System.String">e:/projects/brownshoe/unit_tests/product/src/BrownShoe/Testing/UnitTests/bin/BrownShoe.UnitTests.DLL</codeBase><adapterTypeName type="System.String">Microsoft.VisualStudio.TestTools.TestTypes.Unit.UnitTestAdapter, Microsoft.VisualStudio.QualityTools.Tips.UnitTest.Adapter</adapterTypeName><testMethod type="Microsoft.VisualStudio.TestTools.TestTypes.Unit.TestMethod, Microsoft.VisualStudio.QualityTools.Tips.UnitTest.ObjectModel, Version=8.0.0.0, Culture=neutral, PublicKeyToken=b03f5f7f11d50a3a"><className type="System.String">BrownShoe.UnitTests.Services.Profiles.ProfileServiceTest, BrownShoe.UnitTests, Version=1.0.0.0, Culture=neutral, PublicKeyToken=null</className><name type="System.String">GetCreditCardListTest</name><expectedExceptionMessage type="System.String" /><isValid type="System.Boolean">False</isValid></testMethod><aspNetDevServers type="System.Collections.Generic.List`1[[Microsoft.VisualStudio.TestTools.Common.AspNetDevelopmentServer, Microsoft.VisualStudio.QualityTools.Common, Version=8.0.0.0, Culture=neutral, PublicKeyToken=b03f5f7f11d50a3a]]"><_size type="System.Int32">0</_size><_version type="System.Int32">0</_version></aspNetDevServers><dataAccessMethod type="Microsoft.VisualStudio.TestTools.UnitTesting.DataAccessMethod, Microsoft.VisualStudio.QualityTools.UnitTestFramework, Version=8.0.0.0, Culture=neutral, PublicKeyToken=b03f5f7f11d50a3a"><value__ type="System.Int32">0</value__></dataAccessMethod><cssProjectStructure type="System.String" /><isRunOnRestart type="System.Boolean">False</isRunOnRestart><timeOut type="System.Int32">0</timeOut><isGroupable type="System.Boolean">True</isGroupable><abortRunOnAgentFailure type="System.Boolean">False</abortRunOnAgentFailure><cssIteration type="System.String" /><workItemIds type="System.Collections.Generic.List`1[[System.Int32, mscorlib, Version=2.0.0.0, Culture=neutral, PublicKeyToken=b77a5c561934e089]]"><_size type="System.Int32">0</_size><_version type="System.Int32">1</_version></workItemIds><id type="Microsoft.VisualStudio.TestTools.Common.TestId"><id type="System.Guid">d4411770-9ef0-43df-2852-d5ceb2744505</id></id><name type="System.String">GetCreditCardListTest</name><description type="System.String" /><enabled type="System.Boolean">True</enabled><owner type="System.String" /><priority type="System.Int32">0</priority><executionId type="Microsoft.VisualStudio.TestTools.Common.TestExecId"><id type="System.Guid">00000000-0000-0000-0000-000000000000</id></executionId><parentExecutId type="Microsoft.VisualStudio.TestTools.Common.TestExecId"><id type="System.Guid">00000000-0000-0000-0000-000000000000</id></parentExecutId><deploymentItems type="Microsoft.VisualStudio.TestTools.Common.DeploymentItemCollection" /><agentAttributes type="System.Collections.Specialized.StringDictionary, System, Version=2.0.0.0, Culture=neutral, PublicKeyToken=b77a5c561934e089" /><storage type="System.String">e:\projects\brownshoe\unit_tests\product\src\brownshoe\testing\unittests\bin\brownshoe.unittests.dll</storage><m_nonRunnableReason type="System.String" /></value><key type="Microsoft.VisualStudio.TestTools.Common.TestId"><id type="System.Guid">6ecca34a-12e7-3d48-5a3d-ed94a818e7c0</id></key><value type="Microsoft.VisualStudio.TestTools.TestTypes.Unit.UnitTestElement, Microsoft.VisualStudio.QualityTools.Tips.UnitTest.ObjectModel, Version=8.0.0.0, Culture=neutral, PublicKeyToken=b03f5f7f11d50a3a"><codeBase type="System.String">e:/projects/brownshoe/unit_tests/product/src/BrownShoe/Testing/UnitTests/bin/BrownShoe.UnitTests.DLL</codeBase><adapterTypeName type="System.String">Microsoft.VisualStudio.TestTools.TestTypes.Unit.UnitTestAdapter, Microsoft.VisualStudio.QualityTools.Tips.UnitTest.Adapter</adapterTypeName><testMethod type="Microsoft.VisualStudio.TestTools.TestTypes.Unit.TestMethod, Microsoft.VisualStudio.QualityTools.Tips.UnitTest.ObjectModel, Version=8.0.0.0, Culture=neutral, PublicKeyToken=b03f5f7f11d50a3a"><className type="System.String">BrownShoe.UnitTests.Services.DataAccess.EDI_InvoiceDBTest, BrownShoe.UnitTests, Version=1.0.0.0, Culture=neutral, PublicKeyToken=null</className><name type="System.String">WritePageLinksTest</name><expectedExceptionMessage type="System.String" /><isValid type="System.Boolean">False</isValid></testMethod><aspNetDevServers type="System.Collections.Generic.List`1[[Microsoft.VisualStudio.TestTools.Common.AspNetDevelopmentServer, Microsoft.VisualStudio.QualityTools.Common, Version=8.0.0.0, Culture=neutral, PublicKeyToken=b03f5f7f11d50a3a]]"><_size type="System.Int32">0</_size><_version type="System.Int32">0</_version></aspNetDevServers><dataAccessMethod type="Microsoft.VisualStudio.TestTools.UnitTesting.DataAccessMethod, Microsoft.VisualStudio.QualityTools.UnitTestFramework, Version=8.0.0.0, Culture=neutral, PublicKeyToken=b03f5f7f11d50a3a"><value__ type="System.Int32">0</value__></dataAccessMethod><cssProjectStructure type="System.String" /><isRunOnRestart type="System.Boolean">False</isRunOnRestart><timeOut type="System.Int32">0</timeOut><isGroupable type="System.Boolean">True</isGroupable><abortRunOnAgentFailure type="System.Boolean">False</abortRunOnAgentFailure><cssIteration type="System.String" /><workItemIds type="System.Collections.Generic.List`1[[System.Int32, mscorlib, Version=2.0.0.0, Culture=neutral, PublicKeyToken=b77a5c561934e089]]"><_size type="System.Int32">0</_size><_version type="System.Int32">1</_version></workItemIds><id type="Microsoft.VisualStudio.TestTools.Common.TestId"><id type="System.Guid">6ecca34a-12e7-3d48-5a3d-ed94a818e7c0</id></id><name type="System.String">WritePageLinksTest</name><description type="System.String" /><enabled type="System.Boolean">True</enabled><owner type="System.String" /><priority type="System.Int32">0</priority><executionId type="Microsoft.VisualStudio.TestTools.Common.TestExecId"><id type="System.Guid">00000000-0000-0000-0000-000000000000</id></executionId><parentExecutId type="Microsoft.VisualStudio.TestTools.Common.TestExecId"><id type="System.Guid">00000000-0000-0000-0000-000000000000</id></parentExecutId><deploymentItems type="Microsoft.VisualStudio.TestTools.Common.DeploymentItemCollection" /><agentAttributes type="System.Collections.Specialized.StringDictionary, System, Version=2.0.0.0, Culture=neutral, PublicKeyToken=b77a5c561934e089" /><storage type="System.String">e:\projects\brownshoe\unit_tests\product\src\brownshoe\testing\unittests\bin\brownshoe.unittests.dll</storage><m_nonRunnableReason type="System.String" /></value><key type="Microsoft.VisualStudio.TestTools.Common.TestId"><id type="System.Guid">c2692b4e-5dd1-53bc-36d1-668a9c5f3abb</id></key><value type="Microsoft.VisualStudio.TestTools.TestTypes.Unit.UnitTestElement, Microsoft.VisualStudio.QualityTools.Tips.UnitTest.ObjectModel, Version=8.0.0.0, Culture=neutral, PublicKeyToken=b03f5f7f11d50a3a"><codeBase type="System.String">e:/projects/brownshoe/unit_tests/product/src/BrownShoe/Testing/UnitTests/bin/BrownShoe.UnitTests.DLL</codeBase><adapterTypeName type="System.String">Microsoft.VisualStudio.TestTools.TestTypes.Unit.UnitTestAdapter, Microsoft.VisualStudio.QualityTools.Tips.UnitTest.Adapter</adapterTypeName><testMethod type="Microsoft.VisualStudio.TestTools.TestTypes.Unit.TestMethod, Microsoft.VisualStudio.QualityTools.Tips.UnitTest.ObjectModel, Version=8.0.0.0, Culture=neutral, PublicKeyToken=b03f5f7f11d50a3a"><className type="System.String">BrownShoe.UnitTests.Services.DataAccess.SysMonDBTest, BrownShoe.UnitTests, Version=1.0.0.0, Culture=neutral, PublicKeyToken=null</className><name type="System.String">Test_DiskSpace1Test</name><expectedExceptionMessage type="System.String" /><isValid type="System.Boolean">False</isValid></testMethod><aspNetDevServers type="System.Collections.Generic.List`1[[Microsoft.VisualStudio.TestTools.Common.AspNetDevelopmentServer, Microsoft.VisualStudio.QualityTools.Common, Version=8.0.0.0, Culture=neutral, PublicKeyToken=b03f5f7f11d50a3a]]"><_size type="System.Int32">0</_size><_version type="System.Int32">0</_version></aspNetDevServers><dataAccessMethod type="Microsoft.VisualStudio.TestTools.UnitTesting.DataAccessMethod, Microsoft.VisualStudio.QualityTools.UnitTestFramework, Version=8.0.0.0, Culture=neutral, PublicKeyToken=b03f5f7f11d50a3a"><value__ type="System.Int32">0</value__></dataAccessMethod><cssProjectStructure type="System.String" /><isRunOnRestart type="System.Boolean">False</isRunOnRestart><timeOut type="System.Int32">0</timeOut><isGroupable type="System.Boolean">True</isGroupable><abortRunOnAgentFailure type="System.Boolean">False</abortRunOnAgentFailure><cssIteration type="System.String" /><workItemIds type="System.Collections.Generic.List`1[[System.Int32, mscorlib, Version=2.0.0.0, Culture=neutral, PublicKeyToken=b77a5c561934e089]]"><_size type="System.Int32">0</_size><_version type="System.Int32">1</_version></workItemIds><id type="Microsoft.VisualStudio.TestTools.Common.TestId"><id type="System.Guid">c2692b4e-5dd1-53bc-36d1-668a9c5f3abb</id></id><name type="System.String">Test_DiskSpace1Test</name><description type="System.String" /><enabled type="System.Boolean">True</enabled><owner type="System.String" /><priority type="System.Int32">0</priority><executionId type="Microsoft.VisualStudio.TestTools.Common.TestExecId"><id type="System.Guid">00000000-0000-0000-0000-000000000000</id></executionId><parentExecutId type="Microsoft.VisualStudio.TestTools.Common.TestExecId"><id type="System.Guid">00000000-0000-0000-0000-000000000000</id></parentExecutId><deploymentItems type="Microsoft.VisualStudio.TestTools.Common.DeploymentItemCollection" /><agentAttributes type="System.Collections.Specialized.StringDictionary, System, Version=2.0.0.0, Culture=neutral, PublicKeyToken=b77a5c561934e089" /><storage type="System.String">e:\projects\brownshoe\unit_tests\product\src\brownshoe\testing\unittests\bin\brownshoe.unittests.dll</storage><m_nonRunnableReason type="System.String" /></value><key type="Microsoft.VisualStudio.TestTools.Common.TestId"><id type="System.Guid">a634bebe-8b79-344f-7e2e-accfb240c549</id></key><value type="Microsoft.VisualStudio.TestTools.TestTypes.Unit.UnitTestElement, Microsoft.VisualStudio.QualityTools.Tips.UnitTest.ObjectModel, Version=8.0.0.0, Culture=neutral, PublicKeyToken=b03f5f7f11d50a3a"><codeBase type="System.String">e:/projects/brownshoe/unit_tests/product/src/BrownShoe/Testing/UnitTests/bin/BrownShoe.UnitTests.DLL</codeBase><adapterTypeName type="System.String">Microsoft.VisualStudio.TestTools.TestTypes.Unit.UnitTestAdapter, Microsoft.VisualStudio.QualityTools.Tips.UnitTest.Adapter</adapterTypeName><testMethod type="Microsoft.VisualStudio.TestTools.TestTypes.Unit.TestMethod, Microsoft.VisualStudio.QualityTools.Tips.UnitTest.ObjectModel, Version=8.0.0.0, Culture=neutral, PublicKeyToken=b03f5f7f11d50a3a"><className type="System.String">BrownShoe.UnitTests.Services.Madison.SizeDataTest, BrownShoe.UnitTests, Version=1.0.0.0, Culture=neutral, PublicKeyToken=null</className><name type="System.String">NumericSizeTest</name><expectedExceptionMessage type="System.String" /><isValid type="System.Boolean">False</isValid></testMethod><aspNetDevServers type="System.Collections.Generic.List`1[[Microsoft.VisualStudio.TestTools.Common.AspNetDevelopmentServer, Microsoft.VisualStudio.QualityTools.Common, Version=8.0.0.0, Culture=neutral, PublicKeyToken=b03f5f7f11d50a3a]]"><_size type="System.Int32">0</_size><_version type="System.Int32">0</_version></aspNetDevServers><dataAccessMethod type="Microsoft.VisualStudio.TestTools.UnitTesting.DataAccessMethod, Microsoft.VisualStudio.QualityTools.UnitTestFramework, Version=8.0.0.0, Culture=neutral, PublicKeyToken=b03f5f7f11d50a3a"><value__ type="System.Int32">0</value__></dataAccessMethod><cssProjectStructure type="System.String" /><isRunOnRestart type="System.Boolean">False</isRunOnRestart><timeOut type="System.Int32">0</timeOut><isGroupable type="System.Boolean">True</isGroupable><abortRunOnAgentFailure type="System.Boolean">False</abortRunOnAgentFailure><cssIteration type="System.String" /><workItemIds type="System.Collections.Generic.List`1[[System.Int32, mscorlib, Version=2.0.0.0, Culture=neutral, PublicKeyToken=b77a5c561934e089]]"><_size type="System.Int32">0</_size><_version type="System.Int32">1</_version></workItemIds><id type="Microsoft.VisualStudio.TestTools.Common.TestId"><id type="System.Guid">a634bebe-8b79-344f-7e2e-accfb240c549</id></id><name type="System.String">NumericSizeTest</name><description type="System.String" /><enabled type="System.Boolean">True</enabled><owner type="System.String" /><priority type="System.Int32">0</priority><executionId type="Microsoft.VisualStudio.TestTools.Common.TestExecId"><id type="System.Guid">00000000-0000-0000-0000-000000000000</id></executionId><parentExecutId type="Microsoft.VisualStudio.TestTools.Common.TestExecId"><id type="System.Guid">00000000-0000-0000-0000-000000000000</id></parentExecutId><deploymentItems type="Microsoft.VisualStudio.TestTools.Common.DeploymentItemCollection" /><agentAttributes type="System.Collections.Specialized.StringDictionary, System, Version=2.0.0.0, Culture=neutral, PublicKeyToken=b77a5c561934e089" /><storage type="System.String">e:\projects\brownshoe\unit_tests\product\src\brownshoe\testing\unittests\bin\brownshoe.unittests.dll</storage><m_nonRunnableReason type="System.String" /></value><key type="Microsoft.VisualStudio.TestTools.Common.TestId"><id type="System.Guid">95739122-94a0-0a9b-f1f0-4851c37b4c5a</id></key><value type="Microsoft.VisualStudio.TestTools.TestTypes.Unit.UnitTestElement, Microsoft.VisualStudio.QualityTools.Tips.UnitTest.ObjectModel, Version=8.0.0.0, Culture=neutral, PublicKeyToken=b03f5f7f11d50a3a"><codeBase type="System.String">e:/projects/brownshoe/unit_tests/product/src/BrownShoe/Testing/UnitTests/bin/BrownShoe.UnitTests.DLL</codeBase><adapterTypeName type="System.String">Microsoft.VisualStudio.TestTools.TestTypes.Unit.UnitTestAdapter, Microsoft.VisualStudio.QualityTools.Tips.UnitTest.Adapter</adapterTypeName><testMethod type="Microsoft.VisualStudio.TestTools.TestTypes.Unit.TestMethod, Microsoft.VisualStudio.QualityTools.Tips.UnitTest.ObjectModel, Version=8.0.0.0, Culture=neutral, PublicKeyToken=b03f5f7f11d50a3a"><className type="System.String">BrownShoe.UnitTests.Services.Madison.MadisonWebServiceTest, BrownShoe.UnitTests, Version=1.0.0.0, Culture=neutral, PublicKeyToken=null</className><name type="System.String">GiftCardUpdateTestFailure</name><expectedExceptionMessage type="System.String" /><isValid type="System.Boolean">False</isValid></testMethod><aspNetDevServers type="System.Collections.Generic.List`1[[Microsoft.VisualStudio.TestTools.Common.AspNetDevelopmentServer, Microsoft.VisualStudio.QualityTools.Common, Version=8.0.0.0, Culture=neutral, PublicKeyToken=b03f5f7f11d50a3a]]"><_size type="System.Int32">0</_size><_version type="System.Int32">0</_version></aspNetDevServers><dataAccessMethod type="Microsoft.VisualStudio.TestTools.UnitTesting.DataAccessMethod, Microsoft.VisualStudio.QualityTools.UnitTestFramework, Version=8.0.0.0, Culture=neutral, PublicKeyToken=b03f5f7f11d50a3a"><value__ type="System.Int32">0</value__></dataAccessMethod><cssProjectStructure type="System.String" /><isRunOnRestart type="System.Boolean">False</isRunOnRestart><timeOut type="System.Int32">0</timeOut><isGroupable type="System.Boolean">True</isGroupable><abortRunOnAgentFailure type="System.Boolean">False</abortRunOnAgentFailure><cssIteration type="System.String" /><workItemIds type="System.Collections.Generic.List`1[[System.Int32, mscorlib, Version=2.0.0.0, Culture=neutral, PublicKeyToken=b77a5c561934e089]]"><_size type="System.Int32">0</_size><_version type="System.Int32">1</_version></workItemIds><id type="Microsoft.VisualStudio.TestTools.Common.TestId"><id type="System.Guid">95739122-94a0-0a9b-f1f0-4851c37b4c5a</id></id><name type="System.String">GiftCardUpdateTestFailure</name><description type="System.String" /><enabled type="System.Boolean">True</enabled><owner type="System.String" /><priority type="System.Int32">0</priority><executionId type="Microsoft.VisualStudio.TestTools.Common.TestExecId"><id type="System.Guid">00000000-0000-0000-0000-000000000000</id></executionId><parentExecutId type="Microsoft.VisualStudio.TestTools.Common.TestExecId"><id type="System.Guid">00000000-0000-0000-0000-000000000000</id></parentExecutId><deploymentItems type="Microsoft.VisualStudio.TestTools.Common.DeploymentItemCollection" /><agentAttributes type="System.Collections.Specialized.StringDictionary, System, Version=2.0.0.0, Culture=neutral, PublicKeyToken=b77a5c561934e089" /><storage type="System.String">e:\projects\brownshoe\unit_tests\product\src\brownshoe\testing\unittests\bin\brownshoe.unittests.dll</storage><m_nonRunnableReason type="System.String" /></value><key type="Microsoft.VisualStudio.TestTools.Common.TestId"><id type="System.Guid">259a3cce-11b5-7870-309a-eff0d4bc76e7</id></key><value type="Microsoft.VisualStudio.TestTools.TestTypes.Unit.UnitTestElement, Microsoft.VisualStudio.QualityTools.Tips.UnitTest.ObjectModel, Version=8.0.0.0, Culture=neutral, PublicKeyToken=b03f5f7f11d50a3a"><codeBase type="System.String">e:/projects/brownshoe/unit_tests/product/src/BrownShoe/Testing/UnitTests/bin/BrownShoe.UnitTests.DLL</codeBase><adapterTypeName type="System.String">Microsoft.VisualStudio.TestTools.TestTypes.Unit.UnitTestAdapter, Microsoft.VisualStudio.QualityTools.Tips.UnitTest.Adapter</adapterTypeName><testMethod type="Microsoft.VisualStudio.TestTools.TestTypes.Unit.TestMethod, Microsoft.VisualStudio.QualityTools.Tips.UnitTest.ObjectModel, Version=8.0.0.0, Culture=neutral, PublicKeyToken=b03f5f7f11d50a3a"><className type="System.String">BrownShoe.UnitTests.Services.DataAccess.SysMonDBTest, BrownShoe.UnitTests, Version=1.0.0.0, Culture=neutral, PublicKeyToken=null</className><name type="System.String">CheckProductActivationTest</name><expectedExceptionMessage type="System.String" /><isValid type="System.Boolean">False</isValid></testMethod><aspNetDevServers type="System.Collections.Generic.List`1[[Microsoft.VisualStudio.TestTools.Common.AspNetDevelopmentServer, Microsoft.VisualStudio.QualityTools.Common, Version=8.0.0.0, Culture=neutral, PublicKeyToken=b03f5f7f11d50a3a]]"><_size type="System.Int32">0</_size><_version type="System.Int32">0</_version></aspNetDevServers><dataAccessMethod type="Microsoft.VisualStudio.TestTools.UnitTesting.DataAccessMethod, Microsoft.VisualStudio.QualityTools.UnitTestFramework, Version=8.0.0.0, Culture=neutral, PublicKeyToken=b03f5f7f11d50a3a"><value__ type="System.Int32">0</value__></dataAccessMethod><cssProjectStructure type="System.String" /><isRunOnRestart type="System.Boolean">False</isRunOnRestart><timeOut type="System.Int32">0</timeOut><isGroupable type="System.Boolean">True</isGroupable><abortRunOnAgentFailure type="System.Boolean">False</abortRunOnAgentFailure><cssIteration type="System.String" /><workItemIds type="System.Collections.Generic.List`1[[System.Int32, mscorlib, Version=2.0.0.0, Culture=neutral, PublicKeyToken=b77a5c561934e089]]"><_size type="System.Int32">0</_size><_version type="System.Int32">1</_version></workItemIds><id type="Microsoft.VisualStudio.TestTools.Common.TestId"><id type="System.Guid">259a3cce-11b5-7870-309a-eff0d4bc76e7</id></id><name type="System.String">CheckProductActivationTest</name><description type="System.String" /><enabled type="System.Boolean">True</enabled><owner type="System.String" /><priority type="System.Int32">0</priority><executionId type="Microsoft.VisualStudio.TestTools.Common.TestExecId"><id type="System.Guid">00000000-0000-0000-0000-000000000000</id></executionId><parentExecutId type="Microsoft.VisualStudio.TestTools.Common.TestExecId"><id type="System.Guid">00000000-0000-0000-0000-000000000000</id></parentExecutId><deploymentItems type="Microsoft.VisualStudio.TestTools.Common.DeploymentItemCollection" /><agentAttributes type="System.Collections.Specialized.StringDictionary, System, Version=2.0.0.0, Culture=neutral, PublicKeyToken=b77a5c561934e089" /><storage type="System.String">e:\projects\brownshoe\unit_tests\product\src\brownshoe\testing\unittests\bin\brownshoe.unittests.dll</storage><m_nonRunnableReason type="System.String" /></value><key type="Microsoft.VisualStudio.TestTools.Common.TestId"><id type="System.Guid">778edacd-01ee-6577-ffea-5ade98f716c0</id></key><value type="Microsoft.VisualStudio.TestTools.TestTypes.Unit.UnitTestElement, Microsoft.VisualStudio.QualityTools.Tips.UnitTest.ObjectModel, Version=8.0.0.0, Culture=neutral, PublicKeyToken=b03f5f7f11d50a3a"><codeBase type="System.String">e:/projects/brownshoe/unit_tests/product/src/BrownShoe/Testing/UnitTests/bin/BrownShoe.UnitTests.DLL</codeBase><adapterTypeName type="System.String">Microsoft.VisualStudio.TestTools.TestTypes.Unit.UnitTestAdapter, Microsoft.VisualStudio.QualityTools.Tips.UnitTest.Adapter</adapterTypeName><testMethod type="Microsoft.VisualStudio.TestTools.TestTypes.Unit.TestMethod, Microsoft.VisualStudio.QualityTools.Tips.UnitTest.ObjectModel, Version=8.0.0.0, Culture=neutral, PublicKeyToken=b03f5f7f11d50a3a"><className type="System.String">BrownShoe.UnitTests.Services.Orders.CustomerOrderServiceTest, BrownShoe.UnitTests, Version=1.0.0.0, Culture=neutral, PublicKeyToken=null</className><name type="System.String">ListUserOrderHistoryTest</name><expectedExceptionMessage type="System.String" /><isValid type="System.Boolean">False</isValid></testMethod><aspNetDevServers type="System.Collections.Generic.List`1[[Microsoft.VisualStudio.TestTools.Common.AspNetDevelopmentServer, Microsoft.VisualStudio.QualityTools.Common, Version=8.0.0.0, Culture=neutral, PublicKeyToken=b03f5f7f11d50a3a]]"><_size type="System.Int32">0</_size><_version type="System.Int32">0</_version></aspNetDevServers><dataAccessMethod type="Microsoft.VisualStudio.TestTools.UnitTesting.DataAccessMethod, Microsoft.VisualStudio.QualityTools.UnitTestFramework, Version=8.0.0.0, Culture=neutral, PublicKeyToken=b03f5f7f11d50a3a"><value__ type="System.Int32">0</value__></dataAccessMethod><cssProjectStructure type="System.String" /><isRunOnRestart type="System.Boolean">False</isRunOnRestart><timeOut type="System.Int32">0</timeOut><isGroupable type="System.Boolean">True</isGroupable><abortRunOnAgentFailure type="System.Boolean">False</abortRunOnAgentFailure><cssIteration type="System.String" /><workItemIds type="System.Collections.Generic.List`1[[System.Int32, mscorlib, Version=2.0.0.0, Culture=neutral, PublicKeyToken=b77a5c561934e089]]"><_size type="System.Int32">0</_size><_version type="System.Int32">1</_version></workItemIds><id type="Microsoft.VisualStudio.TestTools.Common.TestId"><id type="System.Guid">778edacd-01ee-6577-ffea-5ade98f716c0</id></id><name type="System.String">ListUserOrderHistoryTest</name><description type="System.String" /><enabled type="System.Boolean">True</enabled><owner type="System.String" /><priority type="System.Int32">0</priority><executionId type="Microsoft.VisualStudio.TestTools.Common.TestExecId"><id type="System.Guid">00000000-0000-0000-0000-000000000000</id></executionId><parentExecutId type="Microsoft.VisualStudio.TestTools.Common.TestExecId"><id type="System.Guid">00000000-0000-0000-0000-000000000000</id></parentExecutId><deploymentItems type="Microsoft.VisualStudio.TestTools.Common.DeploymentItemCollection" /><agentAttributes type="System.Collections.Specialized.StringDictionary, System, Version=2.0.0.0, Culture=neutral, PublicKeyToken=b77a5c561934e089" /><storage type="System.String">e:\projects\brownshoe\unit_tests\product\src\brownshoe\testing\unittests\bin\brownshoe.unittests.dll</storage><m_nonRunnableReason type="System.String" /></value><key type="Microsoft.VisualStudio.TestTools.Common.TestId"><id type="System.Guid">35628522-cf2d-73f0-acf8-101508f7a9ed</id></key><value type="Microsoft.VisualStudio.TestTools.TestTypes.Unit.UnitTestElement, Microsoft.VisualStudio.QualityTools.Tips.UnitTest.ObjectModel, Version=8.0.0.0, Culture=neutral, PublicKeyToken=b03f5f7f11d50a3a"><codeBase type="System.String">e:/projects/brownshoe/unit_tests/product/src/BrownShoe/Testing/UnitTests/bin/BrownShoe.UnitTests.DLL</codeBase><adapterTypeName type="System.String">Microsoft.VisualStudio.TestTools.TestTypes.Unit.UnitTestAdapter, Microsoft.VisualStudio.QualityTools.Tips.UnitTest.Adapter</adapterTypeName><testMethod type="Microsoft.VisualStudio.TestTools.TestTypes.Unit.TestMethod, Microsoft.VisualStudio.QualityTools.Tips.UnitTest.ObjectModel, Version=8.0.0.0, Culture=neutral, PublicKeyToken=b03f5f7f11d50a3a"><className type="System.String">BrownShoe.UnitTests.Services.Shopping.ShoppingCartServiceTest, BrownShoe.UnitTests, Version=1.0.0.0, Culture=neutral, PublicKeyToken=null</className><name type="System.String">RunPromoCodePipelineTest</name><expectedExceptionMessage type="System.String" /><isValid type="System.Boolean">False</isValid></testMethod><aspNetDevServers type="System.Collections.Generic.List`1[[Microsoft.VisualStudio.TestTools.Common.AspNetDevelopmentServer, Microsoft.VisualStudio.QualityTools.Common, Version=8.0.0.0, Culture=neutral, PublicKeyToken=b03f5f7f11d50a3a]]"><_size type="System.Int32">0</_size><_version type="System.Int32">0</_version></aspNetDevServers><dataAccessMethod type="Microsoft.VisualStudio.TestTools.UnitTesting.DataAccessMethod, Microsoft.VisualStudio.QualityTools.UnitTestFramework, Version=8.0.0.0, Culture=neutral, PublicKeyToken=b03f5f7f11d50a3a"><value__ type="System.Int32">0</value__></dataAccessMethod><cssProjectStructure type="System.String" /><isRunOnRestart type="System.Boolean">False</isRunOnRestart><timeOut type="System.Int32">0</timeOut><isGroupable type="System.Boolean">True</isGroupable><abortRunOnAgentFailure type="System.Boolean">False</abortRunOnAgentFailure><cssIteration type="System.String" /><workItemIds type="System.Collections.Generic.List`1[[System.Int32, mscorlib, Version=2.0.0.0, Culture=neutral, PublicKeyToken=b77a5c561934e089]]"><_size type="System.Int32">0</_size><_version type="System.Int32">1</_version></workItemIds><id type="Microsoft.VisualStudio.TestTools.Common.TestId"><id type="System.Guid">35628522-cf2d-73f0-acf8-101508f7a9ed</id></id><name type="System.String">RunPromoCodePipelineTest</name><description type="System.String" /><enabled type="System.Boolean">True</enabled><owner type="System.String" /><priority type="System.Int32">0</priority><executionId type="Microsoft.VisualStudio.TestTools.Common.TestExecId"><id type="System.Guid">00000000-0000-0000-0000-000000000000</id></executionId><parentExecutId type="Microsoft.VisualStudio.TestTools.Common.TestExecId"><id type="System.Guid">00000000-0000-0000-0000-000000000000</id></parentExecutId><deploymentItems type="Microsoft.VisualStudio.TestTools.Common.DeploymentItemCollection" /><agentAttributes type="System.Collections.Specialized.StringDictionary, System, Version=2.0.0.0, Culture=neutral, PublicKeyToken=b77a5c561934e089" /><storage type="System.String">e:\projects\brownshoe\unit_tests\product\src\brownshoe\testing\unittests\bin\brownshoe.unittests.dll</storage><m_nonRunnableReason type="System.String" /></value><key type="Microsoft.VisualStudio.TestTools.Common.TestId"><id type="System.Guid">3ddcd8f4-9a05-d4b8-1f3d-fd2c773c3676</id></key><value type="Microsoft.VisualStudio.TestTools.TestTypes.Unit.UnitTestElement, Microsoft.VisualStudio.QualityTools.Tips.UnitTest.ObjectModel, Version=8.0.0.0, Culture=neutral, PublicKeyToken=b03f5f7f11d50a3a"><codeBase type="System.String">e:/projects/brownshoe/unit_tests/product/src/BrownShoe/Testing/UnitTests/bin/BrownShoe.UnitTests.DLL</codeBase><adapterTypeName type="System.String">Microsoft.VisualStudio.TestTools.TestTypes.Unit.UnitTestAdapter, Microsoft.VisualStudio.QualityTools.Tips.UnitTest.Adapter</adapterTypeName><testMethod type="Microsoft.VisualStudio.TestTools.TestTypes.Unit.TestMethod, Microsoft.VisualStudio.QualityTools.Tips.UnitTest.ObjectModel, Version=8.0.0.0, Culture=neutral, PublicKeyToken=b03f5f7f11d50a3a"><className type="System.String">BrownShoe.UnitTests.RetailApplicationCore.Checkout.CheckoutConfigHelperTest, BrownShoe.UnitTests, Version=1.0.0.0, Culture=neutral, PublicKeyToken=null</className><name type="System.String">ListCreditCardTypesTest</name><expectedExceptionMessage type="System.String" /><isValid type="System.Boolean">False</isValid></testMethod><aspNetDevServers type="System.Collections.Generic.List`1[[Microsoft.VisualStudio.TestTools.Common.AspNetDevelopmentServer, Microsoft.VisualStudio.QualityTools.Common, Version=8.0.0.0, Culture=neutral, PublicKeyToken=b03f5f7f11d50a3a]]"><_size type="System.Int32">0</_size><_version type="System.Int32">0</_version></aspNetDevServers><dataAccessMethod type="Microsoft.VisualStudio.TestTools.UnitTesting.DataAccessMethod, Microsoft.VisualStudio.QualityTools.UnitTestFramework, Version=8.0.0.0, Culture=neutral, PublicKeyToken=b03f5f7f11d50a3a"><value__ type="System.Int32">0</value__></dataAccessMethod><cssProjectStructure type="System.String" /><isRunOnRestart type="System.Boolean">False</isRunOnRestart><timeOut type="System.Int32">0</timeOut><isGroupable type="System.Boolean">True</isGroupable><abortRunOnAgentFailure type="System.Boolean">False</abortRunOnAgentFailure><cssIteration type="System.String" /><workItemIds type="System.Collections.Generic.List`1[[System.Int32, mscorlib, Version=2.0.0.0, Culture=neutral, PublicKeyToken=b77a5c561934e089]]"><_size type="System.Int32">0</_size><_version type="System.Int32">1</_version></workItemIds><id type="Microsoft.VisualStudio.TestTools.Common.TestId"><id type="System.Guid">3ddcd8f4-9a05-d4b8-1f3d-fd2c773c3676</id></id><name type="System.String">ListCreditCardTypesTest</name><description type="System.String" /><enabled type="System.Boolean">True</enabled><owner type="System.String" /><priority type="System.Int32">0</priority><executionId type="Microsoft.VisualStudio.TestTools.Common.TestExecId"><id type="System.Guid">00000000-0000-0000-0000-000000000000</id></executionId><parentExecutId type="Microsoft.VisualStudio.TestTools.Common.TestExecId"><id type="System.Guid">00000000-0000-0000-0000-000000000000</id></parentExecutId><deploymentItems type="Microsoft.VisualStudio.TestTools.Common.DeploymentItemCollection" /><agentAttributes type="System.Collections.Specialized.StringDictionary, System, Version=2.0.0.0, Culture=neutral, PublicKeyToken=b77a5c561934e089" /><storage type="System.String">e:\projects\brownshoe\unit_tests\product\src\brownshoe\testing\unittests\bin\brownshoe.unittests.dll</storage><m_nonRunnableReason type="System.String" /></value><key type="Microsoft.VisualStudio.TestTools.Common.TestId"><id type="System.Guid">6d47026c-26d5-f85f-953d-71cd7fc7c288</id></key><value type="Microsoft.VisualStudio.TestTools.TestTypes.Unit.UnitTestElement, Microsoft.VisualStudio.QualityTools.Tips.UnitTest.ObjectModel, Version=8.0.0.0, Culture=neutral, PublicKeyToken=b03f5f7f11d50a3a"><codeBase type="System.String">e:/projects/brownshoe/unit_tests/product/src/BrownShoe/Testing/UnitTests/bin/BrownShoe.UnitTests.DLL</codeBase><adapterTypeName type="System.String">Microsoft.VisualStudio.TestTools.TestTypes.Unit.UnitTestAdapter, Microsoft.VisualStudio.QualityTools.Tips.UnitTest.Adapter</adapterTypeName><testMethod type="Microsoft.VisualStudio.TestTools.TestTypes.Unit.TestMethod, Microsoft.VisualStudio.QualityTools.Tips.UnitTest.ObjectModel, Version=8.0.0.0, Culture=neutral, PublicKeyToken=b03f5f7f11d50a3a"><className type="System.String">BrownShoe.UnitTests.Services.DataAccess.SysMonDBTest, BrownShoe.UnitTests, Version=1.0.0.0, Culture=neutral, PublicKeyToken=null</className><name type="System.String">CheckEmailMarketingTest</name><expectedExceptionMessage type="System.String" /><isValid type="System.Boolean">False</isValid></testMethod><aspNetDevServers type="System.Collections.Generic.List`1[[Microsoft.VisualStudio.TestTools.Common.AspNetDevelopmentServer, Microsoft.VisualStudio.QualityTools.Common, Version=8.0.0.0, Culture=neutral, PublicKeyToken=b03f5f7f11d50a3a]]"><_size type="System.Int32">0</_size><_version type="System.Int32">0</_version></aspNetDevServers><dataAccessMethod type="Microsoft.VisualStudio.TestTools.UnitTesting.DataAccessMethod, Microsoft.VisualStudio.QualityTools.UnitTestFramework, Version=8.0.0.0, Culture=neutral, PublicKeyToken=b03f5f7f11d50a3a"><value__ type="System.Int32">0</value__></dataAccessMethod><cssProjectStructure type="System.String" /><isRunOnRestart type="System.Boolean">False</isRunOnRestart><timeOut type="System.Int32">0</timeOut><isGroupable type="System.Boolean">True</isGroupable><abortRunOnAgentFailure type="System.Boolean">False</abortRunOnAgentFailure><cssIteration type="System.String" /><workItemIds type="System.Collections.Generic.List`1[[System.Int32, mscorlib, Version=2.0.0.0, Culture=neutral, PublicKeyToken=b77a5c561934e089]]"><_size type="System.Int32">0</_size><_version type="System.Int32">1</_version></workItemIds><id type="Microsoft.VisualStudio.TestTools.Common.TestId"><id type="System.Guid">6d47026c-26d5-f85f-953d-71cd7fc7c288</id></id><name type="System.String">CheckEmailMarketingTest</name><description type="System.String" /><enabled type="System.Boolean">True</enabled><owner type="System.String" /><priority type="System.Int32">0</priority><executionId type="Microsoft.VisualStudio.TestTools.Common.TestExecId"><id type="System.Guid">00000000-0000-0000-0000-000000000000</id></executionId><parentExecutId type="Microsoft.VisualStudio.TestTools.Common.TestExecId"><id type="System.Guid">00000000-0000-0000-0000-000000000000</id></parentExecutId><deploymentItems type="Microsoft.VisualStudio.TestTools.Common.DeploymentItemCollection" /><agentAttributes type="System.Collections.Specialized.StringDictionary, System, Version=2.0.0.0, Culture=neutral, PublicKeyToken=b77a5c561934e089" /><storage type="System.String">e:\projects\brownshoe\unit_tests\product\src\brownshoe\testing\unittests\bin\brownshoe.unittests.dll</storage><m_nonRunnableReason type="System.String" /></value><key type="Microsoft.VisualStudio.TestTools.Common.TestId"><id type="System.Guid">b194bbd8-e44f-7adc-c1f8-afee962a8916</id></key><value type="Microsoft.VisualStudio.TestTools.TestTypes.Unit.UnitTestElement, Microsoft.VisualStudio.QualityTools.Tips.UnitTest.ObjectModel, Version=8.0.0.0, Culture=neutral, PublicKeyToken=b03f5f7f11d50a3a"><codeBase type="System.String">e:/projects/brownshoe/unit_tests/product/src/BrownShoe/Testing/UnitTests/bin/BrownShoe.UnitTests.DLL</codeBase><adapterTypeName type="System.String">Microsoft.VisualStudio.TestTools.TestTypes.Unit.UnitTestAdapter, Microsoft.VisualStudio.QualityTools.Tips.UnitTest.Adapter</adapterTypeName><testMethod type="Microsoft.VisualStudio.TestTools.TestTypes.Unit.TestMethod, Microsoft.VisualStudio.QualityTools.Tips.UnitTest.ObjectModel, Version=8.0.0.0, Culture=neutral, PublicKeyToken=b03f5f7f11d50a3a"><className type="System.String">BrownShoe.UnitTests.RetailApplicationCore.Profiles.ProfileControllerTest, BrownShoe.UnitTests, Version=1.0.0.0, Culture=neutral, PublicKeyToken=null</className><name type="System.String">DeleteAddressTest</name><expectedExceptionMessage type="System.String" /><isValid type="System.Boolean">False</isValid></testMethod><aspNetDevServers type="System.Collections.Generic.List`1[[Microsoft.VisualStudio.TestTools.Common.AspNetDevelopmentServer, Microsoft.VisualStudio.QualityTools.Common, Version=8.0.0.0, Culture=neutral, PublicKeyToken=b03f5f7f11d50a3a]]"><_size type="System.Int32">0</_size><_version type="System.Int32">0</_version></aspNetDevServers><dataAccessMethod type="Microsoft.VisualStudio.TestTools.UnitTesting.DataAccessMethod, Microsoft.VisualStudio.QualityTools.UnitTestFramework, Version=8.0.0.0, Culture=neutral, PublicKeyToken=b03f5f7f11d50a3a"><value__ type="System.Int32">0</value__></dataAccessMethod><cssProjectStructure type="System.String" /><isRunOnRestart type="System.Boolean">False</isRunOnRestart><timeOut type="System.Int32">0</timeOut><isGroupable type="System.Boolean">True</isGroupable><abortRunOnAgentFailure type="System.Boolean">False</abortRunOnAgentFailure><cssIteration type="System.String" /><workItemIds type="System.Collections.Generic.List`1[[System.Int32, mscorlib, Version=2.0.0.0, Culture=neutral, PublicKeyToken=b77a5c561934e089]]"><_size type="System.Int32">0</_size><_version type="System.Int32">1</_version></workItemIds><id type="Microsoft.VisualStudio.TestTools.Common.TestId"><id type="System.Guid">b194bbd8-e44f-7adc-c1f8-afee962a8916</id></id><name type="System.String">DeleteAddressTest</name><description type="System.String" /><enabled type="System.Boolean">True</enabled><owner type="System.String" /><priority type="System.Int32">0</priority><executionId type="Microsoft.VisualStudio.TestTools.Common.TestExecId"><id type="System.Guid">00000000-0000-0000-0000-000000000000</id></executionId><parentExecutId type="Microsoft.VisualStudio.TestTools.Common.TestExecId"><id type="System.Guid">00000000-0000-0000-0000-000000000000</id></parentExecutId><deploymentItems type="Microsoft.VisualStudio.TestTools.Common.DeploymentItemCollection" /><agentAttributes type="System.Collections.Specialized.StringDictionary, System, Version=2.0.0.0, Culture=neutral, PublicKeyToken=b77a5c561934e089" /><storage type="System.String">e:\projects\brownshoe\unit_tests\product\src\brownshoe\testing\unittests\bin\brownshoe.unittests.dll</storage><m_nonRunnableReason type="System.String" /></value><key type="Microsoft.VisualStudio.TestTools.Common.TestId"><id type="System.Guid">c7e9601e-7664-4e71-c382-3bd22ed1de09</id></key><value type="Microsoft.VisualStudio.TestTools.TestTypes.Unit.UnitTestElement, Microsoft.VisualStudio.QualityTools.Tips.UnitTest.ObjectModel, Version=8.0.0.0, Culture=neutral, PublicKeyToken=b03f5f7f11d50a3a"><codeBase type="System.String">e:/projects/brownshoe/unit_tests/product/src/BrownShoe/Testing/UnitTests/bin/BrownShoe.UnitTests.DLL</codeBase><adapterTypeName type="System.String">Microsoft.VisualStudio.TestTools.TestTypes.Unit.UnitTestAdapter, Microsoft.VisualStudio.QualityTools.Tips.UnitTest.Adapter</adapterTypeName><testMethod type="Microsoft.VisualStudio.TestTools.TestTypes.Unit.TestMethod, Microsoft.VisualStudio.QualityTools.Tips.UnitTest.ObjectModel, Version=8.0.0.0, Culture=neutral, PublicKeyToken=b03f5f7f11d50a3a"><className type="System.String">BrownShoe.UnitTests.Services.Marketing.PromoCodeHelperTest, BrownShoe.UnitTests, Version=1.0.0.0, Culture=neutral, PublicKeyToken=null</className><name type="System.String">IsSuppressCJTestNull</name><expectedExceptionMessage type="System.String" /><isValid type="System.Boolean">False</isValid></testMethod><aspNetDevServers type="System.Collections.Generic.List`1[[Microsoft.VisualStudio.TestTools.Common.AspNetDevelopmentServer, Microsoft.VisualStudio.QualityTools.Common, Version=8.0.0.0, Culture=neutral, PublicKeyToken=b03f5f7f11d50a3a]]"><_size type="System.Int32">0</_size><_version type="System.Int32">0</_version></aspNetDevServers><dataAccessMethod type="Microsoft.VisualStudio.TestTools.UnitTesting.DataAccessMethod, Microsoft.VisualStudio.QualityTools.UnitTestFramework, Version=8.0.0.0, Culture=neutral, PublicKeyToken=b03f5f7f11d50a3a"><value__ type="System.Int32">0</value__></dataAccessMethod><cssProjectStructure type="System.String" /><isRunOnRestart type="System.Boolean">False</isRunOnRestart><timeOut type="System.Int32">0</timeOut><isGroupable type="System.Boolean">True</isGroupable><abortRunOnAgentFailure type="System.Boolean">False</abortRunOnAgentFailure><cssIteration type="System.String" /><workItemIds type="System.Collections.Generic.List`1[[System.Int32, mscorlib, Version=2.0.0.0, Culture=neutral, PublicKeyToken=b77a5c561934e089]]"><_size type="System.Int32">0</_size><_version type="System.Int32">1</_version></workItemIds><id type="Microsoft.VisualStudio.TestTools.Common.TestId"><id type="System.Guid">c7e9601e-7664-4e71-c382-3bd22ed1de09</id></id><name type="System.String">IsSuppressCJTestNull</name><description type="System.String" /><enabled type="System.Boolean">True</enabled><owner type="System.String" /><priority type="System.Int32">0</priority><executionId type="Microsoft.VisualStudio.TestTools.Common.TestExecId"><id type="System.Guid">00000000-0000-0000-0000-000000000000</id></executionId><parentExecutId type="Microsoft.VisualStudio.TestTools.Common.TestExecId"><id type="System.Guid">00000000-0000-0000-0000-000000000000</id></parentExecutId><deploymentItems type="Microsoft.VisualStudio.TestTools.Common.DeploymentItemCollection" /><agentAttributes type="System.Collections.Specialized.StringDictionary, System, Version=2.0.0.0, Culture=neutral, PublicKeyToken=b77a5c561934e089" /><storage type="System.String">e:\projects\brownshoe\unit_tests\product\src\brownshoe\testing\unittests\bin\brownshoe.unittests.dll</storage><m_nonRunnableReason type="System.String" /></value><key type="Microsoft.VisualStudio.TestTools.Common.TestId"><id type="System.Guid">dd3bedc2-074d-34a1-d811-ef5809cd18ed</id></key><value type="Microsoft.VisualStudio.TestTools.TestTypes.Unit.UnitTestElement, Microsoft.VisualStudio.QualityTools.Tips.UnitTest.ObjectModel, Version=8.0.0.0, Culture=neutral, PublicKeyToken=b03f5f7f11d50a3a"><codeBase type="System.String">e:/projects/brownshoe/unit_tests/product/src/BrownShoe/Testing/UnitTests/bin/BrownShoe.UnitTests.DLL</codeBase><adapterTypeName type="System.String">Microsoft.VisualStudio.TestTools.TestTypes.Unit.UnitTestAdapter, Microsoft.VisualStudio.QualityTools.Tips.UnitTest.Adapter</adapterTypeName><testMethod type="Microsoft.VisualStudio.TestTools.TestTypes.Unit.TestMethod, Microsoft.VisualStudio.QualityTools.Tips.UnitTest.ObjectModel, Version=8.0.0.0, Culture=neutral, PublicKeyToken=b03f5f7f11d50a3a"><className type="System.String">BrownShoe.UnitTests.Services.Catalog.CatalogBrowserTest, BrownShoe.UnitTests, Version=1.0.0.0, Culture=neutral, PublicKeyToken=null</className><name type="System.String">GetProductsTest</name><expectedExceptionMessage type="System.String" /><isValid type="System.Boolean">False</isValid></testMethod><aspNetDevServers type="System.Collections.Generic.List`1[[Microsoft.VisualStudio.TestTools.Common.AspNetDevelopmentServer, Microsoft.VisualStudio.QualityTools.Common, Version=8.0.0.0, Culture=neutral, PublicKeyToken=b03f5f7f11d50a3a]]"><_size type="System.Int32">0</_size><_version type="System.Int32">0</_version></aspNetDevServers><dataAccessMethod type="Microsoft.VisualStudio.TestTools.UnitTesting.DataAccessMethod, Microsoft.VisualStudio.QualityTools.UnitTestFramework, Version=8.0.0.0, Culture=neutral, PublicKeyToken=b03f5f7f11d50a3a"><value__ type="System.Int32">0</value__></dataAccessMethod><cssProjectStructure type="System.String" /><isRunOnRestart type="System.Boolean">False</isRunOnRestart><timeOut type="System.Int32">0</timeOut><isGroupable type="System.Boolean">True</isGroupable><abortRunOnAgentFailure type="System.Boolean">False</abortRunOnAgentFailure><cssIteration type="System.String" /><workItemIds type="System.Collections.Generic.List`1[[System.Int32, mscorlib, Version=2.0.0.0, Culture=neutral, PublicKeyToken=b77a5c561934e089]]"><_size type="System.Int32">0</_size><_version type="System.Int32">1</_version></workItemIds><id type="Microsoft.VisualStudio.TestTools.Common.TestId"><id type="System.Guid">dd3bedc2-074d-34a1-d811-ef5809cd18ed</id></id><name type="System.String">GetProductsTest</name><description type="System.String" /><enabled type="System.Boolean">True</enabled><owner type="System.String" /><priority type="System.Int32">0</priority><executionId type="Microsoft.VisualStudio.TestTools.Common.TestExecId"><id type="System.Guid">00000000-0000-0000-0000-000000000000</id></executionId><parentExecutId type="Microsoft.VisualStudio.TestTools.Common.TestExecId"><id type="System.Guid">00000000-0000-0000-0000-000000000000</id></parentExecutId><deploymentItems type="Microsoft.VisualStudio.TestTools.Common.DeploymentItemCollection" /><agentAttributes type="System.Collections.Specialized.StringDictionary, System, Version=2.0.0.0, Culture=neutral, PublicKeyToken=b77a5c561934e089" /><storage type="System.String">e:\projects\brownshoe\unit_tests\product\src\brownshoe\testing\unittests\bin\brownshoe.unittests.dll</storage><m_nonRunnableReason type="System.String" /></value><key type="Microsoft.VisualStudio.TestTools.Common.TestId"><id type="System.Guid">f185c615-863e-4e84-29d5-8e5005197cce</id></key><value type="Microsoft.VisualStudio.TestTools.TestTypes.Unit.UnitTestElement, Microsoft.VisualStudio.QualityTools.Tips.UnitTest.ObjectModel, Version=8.0.0.0, Culture=neutral, PublicKeyToken=b03f5f7f11d50a3a"><codeBase type="System.String">e:/projects/brownshoe/unit_tests/product/src/BrownShoe/Testing/UnitTests/bin/BrownShoe.UnitTests.DLL</codeBase><adapterTypeName type="System.String">Microsoft.VisualStudio.TestTools.TestTypes.Unit.UnitTestAdapter, Microsoft.VisualStudio.QualityTools.Tips.UnitTest.Adapter</adapterTypeName><testMethod type="Microsoft.VisualStudio.TestTools.TestTypes.Unit.TestMethod, Microsoft.VisualStudio.QualityTools.Tips.UnitTest.ObjectModel, Version=8.0.0.0, Culture=neutral, PublicKeyToken=b03f5f7f11d50a3a"><className type="System.String">BrownShoe.UnitTests.Services.ContentManagement.CMTokenServiceTest, BrownShoe.UnitTests, Version=1.0.0.0, Culture=neutral, PublicKeyToken=null</className><name type="System.String">GetPromoAreaTest</name><expectedExceptionMessage type="System.String" /><isValid type="System.Boolean">False</isValid></testMethod><aspNetDevServers type="System.Collections.Generic.List`1[[Microsoft.VisualStudio.TestTools.Common.AspNetDevelopmentServer, Microsoft.VisualStudio.QualityTools.Common, Version=8.0.0.0, Culture=neutral, PublicKeyToken=b03f5f7f11d50a3a]]"><_size type="System.Int32">0</_size><_version type="System.Int32">0</_version></aspNetDevServers><dataAccessMethod type="Microsoft.VisualStudio.TestTools.UnitTesting.DataAccessMethod, Microsoft.VisualStudio.QualityTools.UnitTestFramework, Version=8.0.0.0, Culture=neutral, PublicKeyToken=b03f5f7f11d50a3a"><value__ type="System.Int32">0</value__></dataAccessMethod><cssProjectStructure type="System.String" /><isRunOnRestart type="System.Boolean">False</isRunOnRestart><timeOut type="System.Int32">0</timeOut><isGroupable type="System.Boolean">True</isGroupable><abortRunOnAgentFailure type="System.Boolean">False</abortRunOnAgentFailure><cssIteration type="System.String" /><workItemIds type="System.Collections.Generic.List`1[[System.Int32, mscorlib, Version=2.0.0.0, Culture=neutral, PublicKeyToken=b77a5c561934e089]]"><_size type="System.Int32">0</_size><_version type="System.Int32">1</_version></workItemIds><id type="Microsoft.VisualStudio.TestTools.Common.TestId"><id type="System.Guid">f185c615-863e-4e84-29d5-8e5005197cce</id></id><name type="System.String">GetPromoAreaTest</name><description type="System.String" /><enabled type="System.Boolean">True</enabled><owner type="System.String" /><priority type="System.Int32">0</priority><executionId type="Microsoft.VisualStudio.TestTools.Common.TestExecId"><id type="System.Guid">00000000-0000-0000-0000-000000000000</id></executionId><parentExecutId type="Microsoft.VisualStudio.TestTools.Common.TestExecId"><id type="System.Guid">00000000-0000-0000-0000-000000000000</id></parentExecutId><deploymentItems type="Microsoft.VisualStudio.TestTools.Common.DeploymentItemCollection" /><agentAttributes type="System.Collections.Specialized.StringDictionary, System, Version=2.0.0.0, Culture=neutral, PublicKeyToken=b77a5c561934e089" /><storage type="System.String">e:\projects\brownshoe\unit_tests\product\src\brownshoe\testing\unittests\bin\brownshoe.unittests.dll</storage><m_nonRunnableReason type="System.String" /></value><key type="Microsoft.VisualStudio.TestTools.Common.TestId"><id type="System.Guid">55bc5f46-9681-1f3b-2ab7-9a1ea4009c80</id></key><value type="Microsoft.VisualStudio.TestTools.TestTypes.Unit.UnitTestElement, Microsoft.VisualStudio.QualityTools.Tips.UnitTest.ObjectModel, Version=8.0.0.0, Culture=neutral, PublicKeyToken=b03f5f7f11d50a3a"><codeBase type="System.String">e:/projects/brownshoe/unit_tests/product/src/BrownShoe/Testing/UnitTests/bin/BrownShoe.UnitTests.DLL</codeBase><adapterTypeName type="System.String">Microsoft.VisualStudio.TestTools.TestTypes.Unit.UnitTestAdapter, Microsoft.VisualStudio.QualityTools.Tips.UnitTest.Adapter</adapterTypeName><testMethod type="Microsoft.VisualStudio.TestTools.TestTypes.Unit.TestMethod, Microsoft.VisualStudio.QualityTools.Tips.UnitTest.ObjectModel, Version=8.0.0.0, Culture=neutral, PublicKeyToken=b03f5f7f11d50a3a"><className type="System.String">BrownShoe.UnitTests.Services.ContentManagement.CMServiceTest, BrownShoe.UnitTests, Version=1.0.0.0, Culture=neutral, PublicKeyToken=null</className><name type="System.String">DeleteContentVersionTest</name><expectedExceptionMessage type="System.String" /><isValid type="System.Boolean">False</isValid></testMethod><aspNetDevServers type="System.Collections.Generic.List`1[[Microsoft.VisualStudio.TestTools.Common.AspNetDevelopmentServer, Microsoft.VisualStudio.QualityTools.Common, Version=8.0.0.0, Culture=neutral, PublicKeyToken=b03f5f7f11d50a3a]]"><_size type="System.Int32">0</_size><_version type="System.Int32">0</_version></aspNetDevServers><dataAccessMethod type="Microsoft.VisualStudio.TestTools.UnitTesting.DataAccessMethod, Microsoft.VisualStudio.QualityTools.UnitTestFramework, Version=8.0.0.0, Culture=neutral, PublicKeyToken=b03f5f7f11d50a3a"><value__ type="System.Int32">0</value__></dataAccessMethod><cssProjectStructure type="System.String" /><isRunOnRestart type="System.Boolean">False</isRunOnRestart><timeOut type="System.Int32">0</timeOut><isGroupable type="System.Boolean">True</isGroupable><abortRunOnAgentFailure type="System.Boolean">False</abortRunOnAgentFailure><cssIteration type="System.String" /><workItemIds type="System.Collections.Generic.List`1[[System.Int32, mscorlib, Version=2.0.0.0, Culture=neutral, PublicKeyToken=b77a5c561934e089]]"><_size type="System.Int32">0</_size><_version type="System.Int32">1</_version></workItemIds><id type="Microsoft.VisualStudio.TestTools.Common.TestId"><id type="System.Guid">55bc5f46-9681-1f3b-2ab7-9a1ea4009c80</id></id><name type="System.String">DeleteContentVersionTest</name><description type="System.String" /><enabled type="System.Boolean">True</enabled><owner type="System.String" /><priority type="System.Int32">0</priority><executionId type="Microsoft.VisualStudio.TestTools.Common.TestExecId"><id type="System.Guid">00000000-0000-0000-0000-000000000000</id></executionId><parentExecutId type="Microsoft.VisualStudio.TestTools.Common.TestExecId"><id type="System.Guid">00000000-0000-0000-0000-000000000000</id></parentExecutId><deploymentItems type="Microsoft.VisualStudio.TestTools.Common.DeploymentItemCollection" /><agentAttributes type="System.Collections.Specialized.StringDictionary, System, Version=2.0.0.0, Culture=neutral, PublicKeyToken=b77a5c561934e089" /><storage type="System.String">e:\projects\brownshoe\unit_tests\product\src\brownshoe\testing\unittests\bin\brownshoe.unittests.dll</storage><m_nonRunnableReason type="System.String" /></value><key type="Microsoft.VisualStudio.TestTools.Common.TestId"><id type="System.Guid">039a39f6-2da3-e8e8-ad74-00e505090449</id></key><value type="Microsoft.VisualStudio.TestTools.TestTypes.Unit.UnitTestElement, Microsoft.VisualStudio.QualityTools.Tips.UnitTest.ObjectModel, Version=8.0.0.0, Culture=neutral, PublicKeyToken=b03f5f7f11d50a3a"><codeBase type="System.String">e:/projects/brownshoe/unit_tests/product/src/BrownShoe/Testing/UnitTests/bin/BrownShoe.UnitTests.DLL</codeBase><adapterTypeName type="System.String">Microsoft.VisualStudio.TestTools.TestTypes.Unit.UnitTestAdapter, Microsoft.VisualStudio.QualityTools.Tips.UnitTest.Adapter</adapterTypeName><testMethod type="Microsoft.VisualStudio.TestTools.TestTypes.Unit.TestMethod, Microsoft.VisualStudio.QualityTools.Tips.UnitTest.ObjectModel, Version=8.0.0.0, Culture=neutral, PublicKeyToken=b03f5f7f11d50a3a"><className type="System.String">BrownShoe.UnitTests.Services.ContentManagement.CMServiceTest, BrownShoe.UnitTests, Version=1.0.0.0, Culture=neutral, PublicKeyToken=null</className><name type="System.String">GetContentTest</name><expectedExceptionMessage type="System.String" /><isValid type="System.Boolean">False</isValid></testMethod><aspNetDevServers type="System.Collections.Generic.List`1[[Microsoft.VisualStudio.TestTools.Common.AspNetDevelopmentServer, Microsoft.VisualStudio.QualityTools.Common, Version=8.0.0.0, Culture=neutral, PublicKeyToken=b03f5f7f11d50a3a]]"><_size type="System.Int32">0</_size><_version type="System.Int32">0</_version></aspNetDevServers><dataAccessMethod type="Microsoft.VisualStudio.TestTools.UnitTesting.DataAccessMethod, Microsoft.VisualStudio.QualityTools.UnitTestFramework, Version=8.0.0.0, Culture=neutral, PublicKeyToken=b03f5f7f11d50a3a"><value__ type="System.Int32">0</value__></dataAccessMethod><cssProjectStructure type="System.String" /><isRunOnRestart type="System.Boolean">False</isRunOnRestart><timeOut type="System.Int32">0</timeOut><isGroupable type="System.Boolean">True</isGroupable><abortRunOnAgentFailure type="System.Boolean">False</abortRunOnAgentFailure><cssIteration type="System.String" /><workItemIds type="System.Collections.Generic.List`1[[System.Int32, mscorlib, Version=2.0.0.0, Culture=neutral, PublicKeyToken=b77a5c561934e089]]"><_size type="System.Int32">0</_size><_version type="System.Int32">1</_version></workItemIds><id type="Microsoft.VisualStudio.TestTools.Common.TestId"><id type="System.Guid">039a39f6-2da3-e8e8-ad74-00e505090449</id></id><name type="System.String">GetContentTest</name><description type="System.String" /><enabled type="System.Boolean">True</enabled><owner type="System.String" /><priority type="System.Int32">0</priority><executionId type="Microsoft.VisualStudio.TestTools.Common.TestExecId"><id type="System.Guid">00000000-0000-0000-0000-000000000000</id></executionId><parentExecutId type="Microsoft.VisualStudio.TestTools.Common.TestExecId"><id type="System.Guid">00000000-0000-0000-0000-000000000000</id></parentExecutId><deploymentItems type="Microsoft.VisualStudio.TestTools.Common.DeploymentItemCollection" /><agentAttributes type="System.Collections.Specialized.StringDictionary, System, Version=2.0.0.0, Culture=neutral, PublicKeyToken=b77a5c561934e089" /><storage type="System.String">e:\projects\brownshoe\unit_tests\product\src\brownshoe\testing\unittests\bin\brownshoe.unittests.dll</storage><m_nonRunnableReason type="System.String" /></value><key type="Microsoft.VisualStudio.TestTools.Common.TestId"><id type="System.Guid">2c84da78-647d-a622-6dce-8cbf46d608a8</id></key><value type="Microsoft.VisualStudio.TestTools.TestTypes.Unit.UnitTestElement, Microsoft.VisualStudio.QualityTools.Tips.UnitTest.ObjectModel, Version=8.0.0.0, Culture=neutral, PublicKeyToken=b03f5f7f11d50a3a"><codeBase type="System.String">e:/projects/brownshoe/unit_tests/product/src/BrownShoe/Testing/UnitTests/bin/BrownShoe.UnitTests.DLL</codeBase><adapterTypeName type="System.String">Microsoft.VisualStudio.TestTools.TestTypes.Unit.UnitTestAdapter, Microsoft.VisualStudio.QualityTools.Tips.UnitTest.Adapter</adapterTypeName><testMethod type="Microsoft.VisualStudio.TestTools.TestTypes.Unit.TestMethod, Microsoft.VisualStudio.QualityTools.Tips.UnitTest.ObjectModel, Version=8.0.0.0, Culture=neutral, PublicKeyToken=b03f5f7f11d50a3a"><className type="System.String">BrownShoe.UnitTests.DefaultShippingCalculatorTest, BrownShoe.UnitTests, Version=1.0.0.0, Culture=neutral, PublicKeyToken=null</className><name type="System.String">CalculateShippingContinentalUPSGroundDayTest</name><expectedExceptionMessage type="System.String" /><isValid type="System.Boolean">False</isValid></testMethod><aspNetDevServers type="System.Collections.Generic.List`1[[Microsoft.VisualStudio.TestTools.Common.AspNetDevelopmentServer, Microsoft.VisualStudio.QualityTools.Common, Version=8.0.0.0, Culture=neutral, PublicKeyToken=b03f5f7f11d50a3a]]"><_size type="System.Int32">0</_size><_version type="System.Int32">0</_version></aspNetDevServers><dataAccessMethod type="Microsoft.VisualStudio.TestTools.UnitTesting.DataAccessMethod, Microsoft.VisualStudio.QualityTools.UnitTestFramework, Version=8.0.0.0, Culture=neutral, PublicKeyToken=b03f5f7f11d50a3a"><value__ type="System.Int32">0</value__></dataAccessMethod><cssProjectStructure type="System.String" /><isRunOnRestart type="System.Boolean">False</isRunOnRestart><timeOut type="System.Int32">0</timeOut><isGroupable type="System.Boolean">True</isGroupable><abortRunOnAgentFailure type="System.Boolean">False</abortRunOnAgentFailure><cssIteration type="System.String" /><workItemIds type="System.Collections.Generic.List`1[[System.Int32, mscorlib, Version=2.0.0.0, Culture=neutral, PublicKeyToken=b77a5c561934e089]]"><_size type="System.Int32">0</_size><_version type="System.Int32">1</_version></workItemIds><id type="Microsoft.VisualStudio.TestTools.Common.TestId"><id type="System.Guid">2c84da78-647d-a622-6dce-8cbf46d608a8</id></id><name type="System.String">CalculateShippingContinentalUPSGroundDayTest</name><description type="System.String" /><enabled type="System.Boolean">True</enabled><owner type="System.String" /><priority type="System.Int32">0</priority><executionId type="Microsoft.VisualStudio.TestTools.Common.TestExecId"><id type="System.Guid">00000000-0000-0000-0000-000000000000</id></executionId><parentExecutId type="Microsoft.VisualStudio.TestTools.Common.TestExecId"><id type="System.Guid">00000000-0000-0000-0000-000000000000</id></parentExecutId><deploymentItems type="Microsoft.VisualStudio.TestTools.Common.DeploymentItemCollection" /><agentAttributes type="System.Collections.Specialized.StringDictionary, System, Version=2.0.0.0, Culture=neutral, PublicKeyToken=b77a5c561934e089" /><storage type="System.String">e:\projects\brownshoe\unit_tests\product\src\brownshoe\testing\unittests\bin\brownshoe.unittests.dll</storage><m_nonRunnableReason type="System.String" /></value><key type="Microsoft.VisualStudio.TestTools.Common.TestId"><id type="System.Guid">a97148e0-39d0-7bb8-7ddc-9755d7305489</id></key><value type="Microsoft.VisualStudio.TestTools.TestTypes.Unit.UnitTestElement, Microsoft.VisualStudio.QualityTools.Tips.UnitTest.ObjectModel, Version=8.0.0.0, Culture=neutral, PublicKeyToken=b03f5f7f11d50a3a"><codeBase type="System.String">e:/projects/brownshoe/unit_tests/product/src/BrownShoe/Testing/UnitTests/bin/BrownShoe.UnitTests.DLL</codeBase><adapterTypeName type="System.String">Microsoft.VisualStudio.TestTools.TestTypes.Unit.UnitTestAdapter, Microsoft.VisualStudio.QualityTools.Tips.UnitTest.Adapter</adapterTypeName><testMethod type="Microsoft.VisualStudio.TestTools.TestTypes.Unit.TestMethod, Microsoft.VisualStudio.QualityTools.Tips.UnitTest.ObjectModel, Version=8.0.0.0, Culture=neutral, PublicKeyToken=b03f5f7f11d50a3a"><className type="System.String">BrownShoe.UnitTests.Services.ContentManagement.CMServiceTest, BrownShoe.UnitTests, Version=1.0.0.0, Culture=neutral, PublicKeyToken=null</className><name type="System.String">GetContentVersionTest</name><expectedExceptionMessage type="System.String" /><isValid type="System.Boolean">False</isValid></testMethod><aspNetDevServers type="System.Collections.Generic.List`1[[Microsoft.VisualStudio.TestTools.Common.AspNetDevelopmentServer, Microsoft.VisualStudio.QualityTools.Common, Version=8.0.0.0, Culture=neutral, PublicKeyToken=b03f5f7f11d50a3a]]"><_size type="System.Int32">0</_size><_version type="System.Int32">0</_version></aspNetDevServers><dataAccessMethod type="Microsoft.VisualStudio.TestTools.UnitTesting.DataAccessMethod, Microsoft.VisualStudio.QualityTools.UnitTestFramework, Version=8.0.0.0, Culture=neutral, PublicKeyToken=b03f5f7f11d50a3a"><value__ type="System.Int32">0</value__></dataAccessMethod><cssProjectStructure type="System.String" /><isRunOnRestart type="System.Boolean">False</isRunOnRestart><timeOut type="System.Int32">0</timeOut><isGroupable type="System.Boolean">True</isGroupable><abortRunOnAgentFailure type="System.Boolean">False</abortRunOnAgentFailure><cssIteration type="System.String" /><workItemIds type="System.Collections.Generic.List`1[[System.Int32, mscorlib, Version=2.0.0.0, Culture=neutral, PublicKeyToken=b77a5c561934e089]]"><_size type="System.Int32">0</_size><_version type="System.Int32">1</_version></workItemIds><id type="Microsoft.VisualStudio.TestTools.Common.TestId"><id type="System.Guid">a97148e0-39d0-7bb8-7ddc-9755d7305489</id></id><name type="System.String">GetContentVersionTest</name><description type="System.String" /><enabled type="System.Boolean">True</enabled><owner type="System.String" /><priority type="System.Int32">0</priority><executionId type="Microsoft.VisualStudio.TestTools.Common.TestExecId"><id type="System.Guid">00000000-0000-0000-0000-000000000000</id></executionId><parentExecutId type="Microsoft.VisualStudio.TestTools.Common.TestExecId"><id type="System.Guid">00000000-0000-0000-0000-000000000000</id></parentExecutId><deploymentItems type="Microsoft.VisualStudio.TestTools.Common.DeploymentItemCollection" /><agentAttributes type="System.Collections.Specialized.StringDictionary, System, Version=2.0.0.0, Culture=neutral, PublicKeyToken=b77a5c561934e089" /><storage type="System.String">e:\projects\brownshoe\unit_tests\product\src\brownshoe\testing\unittests\bin\brownshoe.unittests.dll</storage><m_nonRunnableReason type="System.String" /></value><key type="Microsoft.VisualStudio.TestTools.Common.TestId"><id type="System.Guid">bb8654cc-802e-1210-3015-c984342b64c9</id></key><value type="Microsoft.VisualStudio.TestTools.TestTypes.Unit.UnitTestElement, Microsoft.VisualStudio.QualityTools.Tips.UnitTest.ObjectModel, Version=8.0.0.0, Culture=neutral, PublicKeyToken=b03f5f7f11d50a3a"><codeBase type="System.String">e:/projects/brownshoe/unit_tests/product/src/BrownShoe/Testing/UnitTests/bin/BrownShoe.UnitTests.DLL</codeBase><adapterTypeName type="System.String">Microsoft.VisualStudio.TestTools.TestTypes.Unit.UnitTestAdapter, Microsoft.VisualStudio.QualityTools.Tips.UnitTest.Adapter</adapterTypeName><testMethod type="Microsoft.VisualStudio.TestTools.TestTypes.Unit.TestMethod, Microsoft.VisualStudio.QualityTools.Tips.UnitTest.ObjectModel, Version=8.0.0.0, Culture=neutral, PublicKeyToken=b03f5f7f11d50a3a"><className type="System.String">BrownShoe.UnitTests.Services.DataAccess.SysMonDBTest, BrownShoe.UnitTests, Version=1.0.0.0, Culture=neutral, PublicKeyToken=null</className><name type="System.String">Test_LocalUrl1Test</name><expectedExceptionMessage type="System.String" /><isValid type="System.Boolean">False</isValid></testMethod><aspNetDevServers type="System.Collections.Generic.List`1[[Microsoft.VisualStudio.TestTools.Common.AspNetDevelopmentServer, Microsoft.VisualStudio.QualityTools.Common, Version=8.0.0.0, Culture=neutral, PublicKeyToken=b03f5f7f11d50a3a]]"><_size type="System.Int32">0</_size><_version type="System.Int32">0</_version></aspNetDevServers><dataAccessMethod type="Microsoft.VisualStudio.TestTools.UnitTesting.DataAccessMethod, Microsoft.VisualStudio.QualityTools.UnitTestFramework, Version=8.0.0.0, Culture=neutral, PublicKeyToken=b03f5f7f11d50a3a"><value__ type="System.Int32">0</value__></dataAccessMethod><cssProjectStructure type="System.String" /><isRunOnRestart type="System.Boolean">False</isRunOnRestart><timeOut type="System.Int32">0</timeOut><isGroupable type="System.Boolean">True</isGroupable><abortRunOnAgentFailure type="System.Boolean">False</abortRunOnAgentFailure><cssIteration type="System.String" /><workItemIds type="System.Collections.Generic.List`1[[System.Int32, mscorlib, Version=2.0.0.0, Culture=neutral, PublicKeyToken=b77a5c561934e089]]"><_size type="System.Int32">0</_size><_version type="System.Int32">1</_version></workItemIds><id type="Microsoft.VisualStudio.TestTools.Common.TestId"><id type="System.Guid">bb8654cc-802e-1210-3015-c984342b64c9</id></id><name type="System.String">Test_LocalUrl1Test</name><description type="System.String" /><enabled type="System.Boolean">True</enabled><owner type="System.String" /><priority type="System.Int32">0</priority><executionId type="Microsoft.VisualStudio.TestTools.Common.TestExecId"><id type="System.Guid">00000000-0000-0000-0000-000000000000</id></executionId><parentExecutId type="Microsoft.VisualStudio.TestTools.Common.TestExecId"><id type="System.Guid">00000000-0000-0000-0000-000000000000</id></parentExecutId><deploymentItems type="Microsoft.VisualStudio.TestTools.Common.DeploymentItemCollection" /><agentAttributes type="System.Collections.Specialized.StringDictionary, System, Version=2.0.0.0, Culture=neutral, PublicKeyToken=b77a5c561934e089" /><storage type="System.String">e:\projects\brownshoe\unit_tests\product\src\brownshoe\testing\unittests\bin\brownshoe.unittests.dll</storage><m_nonRunnableReason type="System.String" /></value><key type="Microsoft.VisualStudio.TestTools.Common.TestId"><id type="System.Guid">550f286d-ff56-01a6-443a-e863051d2642</id></key><value type="Microsoft.VisualStudio.TestTools.TestTypes.Unit.UnitTestElement, Microsoft.VisualStudio.QualityTools.Tips.UnitTest.ObjectModel, Version=8.0.0.0, Culture=neutral, PublicKeyToken=b03f5f7f11d50a3a"><codeBase type="System.String">e:/projects/brownshoe/unit_tests/product/src/BrownShoe/Testing/UnitTests/bin/BrownShoe.UnitTests.DLL</codeBase><adapterTypeName type="System.String">Microsoft.VisualStudio.TestTools.TestTypes.Unit.UnitTestAdapter, Microsoft.VisualStudio.QualityTools.Tips.UnitTest.Adapter</adapterTypeName><testMethod type="Microsoft.VisualStudio.TestTools.TestTypes.Unit.TestMethod, Microsoft.VisualStudio.QualityTools.Tips.UnitTest.ObjectModel, Version=8.0.0.0, Culture=neutral, PublicKeyToken=b03f5f7f11d50a3a"><className type="System.String">BrownShoe.UnitTests.Services.Madison.RewardsProfileTest, BrownShoe.UnitTests, Version=1.0.0.0, Culture=neutral, PublicKeyToken=null</className><name type="System.String">EmailAddressTest</name><expectedExceptionMessage type="System.String" /><isValid type="System.Boolean">False</isValid></testMethod><aspNetDevServers type="System.Collections.Generic.List`1[[Microsoft.VisualStudio.TestTools.Common.AspNetDevelopmentServer, Microsoft.VisualStudio.QualityTools.Common, Version=8.0.0.0, Culture=neutral, PublicKeyToken=b03f5f7f11d50a3a]]"><_size type="System.Int32">0</_size><_version type="System.Int32">0</_version></aspNetDevServers><dataAccessMethod type="Microsoft.VisualStudio.TestTools.UnitTesting.DataAccessMethod, Microsoft.VisualStudio.QualityTools.UnitTestFramework, Version=8.0.0.0, Culture=neutral, PublicKeyToken=b03f5f7f11d50a3a"><value__ type="System.Int32">0</value__></dataAccessMethod><cssProjectStructure type="System.String" /><isRunOnRestart type="System.Boolean">False</isRunOnRestart><timeOut type="System.Int32">0</timeOut><isGroupable type="System.Boolean">True</isGroupable><abortRunOnAgentFailure type="System.Boolean">False</abortRunOnAgentFailure><cssIteration type="System.String" /><workItemIds type="System.Collections.Generic.List`1[[System.Int32, mscorlib, Version=2.0.0.0, Culture=neutral, PublicKeyToken=b77a5c561934e089]]"><_size type="System.Int32">0</_size><_version type="System.Int32">1</_version></workItemIds><id type="Microsoft.VisualStudio.TestTools.Common.TestId"><id type="System.Guid">550f286d-ff56-01a6-443a-e863051d2642</id></id><name type="System.String">EmailAddressTest</name><description type="System.String" /><enabled type="System.Boolean">True</enabled><owner type="System.String" /><priority type="System.Int32">0</priority><executionId type="Microsoft.VisualStudio.TestTools.Common.TestExecId"><id type="System.Guid">00000000-0000-0000-0000-000000000000</id></executionId><parentExecutId type="Microsoft.VisualStudio.TestTools.Common.TestExecId"><id type="System.Guid">00000000-0000-0000-0000-000000000000</id></parentExecutId><deploymentItems type="Microsoft.VisualStudio.TestTools.Common.DeploymentItemCollection" /><agentAttributes type="System.Collections.Specialized.StringDictionary, System, Version=2.0.0.0, Culture=neutral, PublicKeyToken=b77a5c561934e089" /><storage type="System.String">e:\projects\brownshoe\unit_tests\product\src\brownshoe\testing\unittests\bin\brownshoe.unittests.dll</storage><m_nonRunnableReason type="System.String" /></value><key type="Microsoft.VisualStudio.TestTools.Common.TestId"><id type="System.Guid">c99cd681-f1e4-13e3-5687-371fefec2315</id></key><value type="Microsoft.VisualStudio.TestTools.TestTypes.Unit.UnitTestElement, Microsoft.VisualStudio.QualityTools.Tips.UnitTest.ObjectModel, Version=8.0.0.0, Culture=neutral, PublicKeyToken=b03f5f7f11d50a3a"><codeBase type="System.String">e:/projects/brownshoe/unit_tests/product/src/BrownShoe/Testing/UnitTests/bin/BrownShoe.UnitTests.DLL</codeBase><adapterTypeName type="System.String">Microsoft.VisualStudio.TestTools.TestTypes.Unit.UnitTestAdapter, Microsoft.VisualStudio.QualityTools.Tips.UnitTest.Adapter</adapterTypeName><testMethod type="Microsoft.VisualStudio.TestTools.TestTypes.Unit.TestMethod, Microsoft.VisualStudio.QualityTools.Tips.UnitTest.ObjectModel, Version=8.0.0.0, Culture=neutral, PublicKeyToken=b03f5f7f11d50a3a"><className type="System.String">BrownShoe.UnitTests.Services.DataAccess.DBUtilsTest, BrownShoe.UnitTests, Version=1.0.0.0, Culture=neutral, PublicKeyToken=null</className><name type="System.String">CheckDBNullGuidTest</name><expectedExceptionMessage type="System.String" /><isValid type="System.Boolean">False</isValid></testMethod><aspNetDevServers type="System.Collections.Generic.List`1[[Microsoft.VisualStudio.TestTools.Common.AspNetDevelopmentServer, Microsoft.VisualStudio.QualityTools.Common, Version=8.0.0.0, Culture=neutral, PublicKeyToken=b03f5f7f11d50a3a]]"><_size type="System.Int32">0</_size><_version type="System.Int32">0</_version></aspNetDevServers><dataAccessMethod type="Microsoft.VisualStudio.TestTools.UnitTesting.DataAccessMethod, Microsoft.VisualStudio.QualityTools.UnitTestFramework, Version=8.0.0.0, Culture=neutral, PublicKeyToken=b03f5f7f11d50a3a"><value__ type="System.Int32">0</value__></dataAccessMethod><cssProjectStructure type="System.String" /><isRunOnRestart type="System.Boolean">False</isRunOnRestart><timeOut type="System.Int32">0</timeOut><isGroupable type="System.Boolean">True</isGroupable><abortRunOnAgentFailure type="System.Boolean">False</abortRunOnAgentFailure><cssIteration type="System.String" /><workItemIds type="System.Collections.Generic.List`1[[System.Int32, mscorlib, Version=2.0.0.0, Culture=neutral, PublicKeyToken=b77a5c561934e089]]"><_size type="System.Int32">0</_size><_version type="System.Int32">1</_version></workItemIds><id type="Microsoft.VisualStudio.TestTools.Common.TestId"><id type="System.Guid">c99cd681-f1e4-13e3-5687-371fefec2315</id></id><name type="System.String">CheckDBNullGuidTest</name><description type="System.String" /><enabled type="System.Boolean">True</enabled><owner type="System.String" /><priority type="System.Int32">0</priority><executionId type="Microsoft.VisualStudio.TestTools.Common.TestExecId"><id type="System.Guid">00000000-0000-0000-0000-000000000000</id></executionId><parentExecutId type="Microsoft.VisualStudio.TestTools.Common.TestExecId"><id type="System.Guid">00000000-0000-0000-0000-000000000000</id></parentExecutId><deploymentItems type="Microsoft.VisualStudio.TestTools.Common.DeploymentItemCollection" /><agentAttributes type="System.Collections.Specialized.StringDictionary, System, Version=2.0.0.0, Culture=neutral, PublicKeyToken=b77a5c561934e089" /><storage type="System.String">e:\projects\brownshoe\unit_tests\product\src\brownshoe\testing\unittests\bin\brownshoe.unittests.dll</storage><m_nonRunnableReason type="System.String" /></value><key type="Microsoft.VisualStudio.TestTools.Common.TestId"><id type="System.Guid">89aca768-4747-1a2f-aa3a-3249fcea559d</id></key><value type="Microsoft.VisualStudio.TestTools.TestTypes.Unit.UnitTestElement, Microsoft.VisualStudio.QualityTools.Tips.UnitTest.ObjectModel, Version=8.0.0.0, Culture=neutral, PublicKeyToken=b03f5f7f11d50a3a"><codeBase type="System.String">e:/projects/brownshoe/unit_tests/product/src/BrownShoe/Testing/UnitTests/bin/BrownShoe.UnitTests.DLL</codeBase><adapterTypeName type="System.String">Microsoft.VisualStudio.TestTools.TestTypes.Unit.UnitTestAdapter, Microsoft.VisualStudio.QualityTools.Tips.UnitTest.Adapter</adapterTypeName><testMethod type="Microsoft.VisualStudio.TestTools.TestTypes.Unit.TestMethod, Microsoft.VisualStudio.QualityTools.Tips.UnitTest.ObjectModel, Version=8.0.0.0, Culture=neutral, PublicKeyToken=b03f5f7f11d50a3a"><className type="System.String">BrownShoe.UnitTests.Services.Orders.CheckoutServiceTest, BrownShoe.UnitTests, Version=1.0.0.0, Culture=neutral, PublicKeyToken=null</className><name type="System.String">UpdateCartTest</name><expectedExceptionMessage type="System.String" /><isValid type="System.Boolean">False</isValid></testMethod><aspNetDevServers type="System.Collections.Generic.List`1[[Microsoft.VisualStudio.TestTools.Common.AspNetDevelopmentServer, Microsoft.VisualStudio.QualityTools.Common, Version=8.0.0.0, Culture=neutral, PublicKeyToken=b03f5f7f11d50a3a]]"><_size type="System.Int32">0</_size><_version type="System.Int32">0</_version></aspNetDevServers><dataAccessMethod type="Microsoft.VisualStudio.TestTools.UnitTesting.DataAccessMethod, Microsoft.VisualStudio.QualityTools.UnitTestFramework, Version=8.0.0.0, Culture=neutral, PublicKeyToken=b03f5f7f11d50a3a"><value__ type="System.Int32">0</value__></dataAccessMethod><cssProjectStructure type="System.String" /><isRunOnRestart type="System.Boolean">False</isRunOnRestart><timeOut type="System.Int32">0</timeOut><isGroupable type="System.Boolean">True</isGroupable><abortRunOnAgentFailure type="System.Boolean">False</abortRunOnAgentFailure><cssIteration type="System.String" /><workItemIds type="System.Collections.Generic.List`1[[System.Int32, mscorlib, Version=2.0.0.0, Culture=neutral, PublicKeyToken=b77a5c561934e089]]"><_size type="System.Int32">0</_size><_version type="System.Int32">1</_version></workItemIds><id type="Microsoft.VisualStudio.TestTools.Common.TestId"><id type="System.Guid">89aca768-4747-1a2f-aa3a-3249fcea559d</id></id><name type="System.String">UpdateCartTest</name><description type="System.String" /><enabled type="System.Boolean">True</enabled><owner type="System.String" /><priority type="System.Int32">0</priority><executionId type="Microsoft.VisualStudio.TestTools.Common.TestExecId"><id type="System.Guid">00000000-0000-0000-0000-000000000000</id></executionId><parentExecutId type="Microsoft.VisualStudio.TestTools.Common.TestExecId"><id type="System.Guid">00000000-0000-0000-0000-000000000000</id></parentExecutId><deploymentItems type="Microsoft.VisualStudio.TestTools.Common.DeploymentItemCollection" /><agentAttributes type="System.Collections.Specialized.StringDictionary, System, Version=2.0.0.0, Culture=neutral, PublicKeyToken=b77a5c561934e089" /><storage type="System.String">e:\projects\brownshoe\unit_tests\product\src\brownshoe\testing\unittests\bin\brownshoe.unittests.dll</storage><m_nonRunnableReason type="System.String" /></value><key type="Microsoft.VisualStudio.TestTools.Common.TestId"><id type="System.Guid">e275a7e6-71c9-4dde-6ef3-93d6460cd2f7</id></key><value type="Microsoft.VisualStudio.TestTools.TestTypes.Unit.UnitTestElement, Microsoft.VisualStudio.QualityTools.Tips.UnitTest.ObjectModel, Version=8.0.0.0, Culture=neutral, PublicKeyToken=b03f5f7f11d50a3a"><codeBase type="System.String">e:/projects/brownshoe/unit_tests/product/src/BrownShoe/Testing/UnitTests/bin/BrownShoe.UnitTests.DLL</codeBase><adapterTypeName type="System.String">Microsoft.VisualStudio.TestTools.TestTypes.Unit.UnitTestAdapter, Microsoft.VisualStudio.QualityTools.Tips.UnitTest.Adapter</adapterTypeName><testMethod type="Microsoft.VisualStudio.TestTools.TestTypes.Unit.TestMethod, Microsoft.VisualStudio.QualityTools.Tips.UnitTest.ObjectModel, Version=8.0.0.0, Culture=neutral, PublicKeyToken=b03f5f7f11d50a3a"><className type="System.String">BrownShoe.UnitTests.Services.Madison.MadisonWebServiceTest, BrownShoe.UnitTests, Version=1.0.0.0, Culture=neutral, PublicKeyToken=null</className><name type="System.String">GetRewardsPointsBalanceTest</name><expectedExceptionMessage type="System.String" /><isValid type="System.Boolean">False</isValid></testMethod><aspNetDevServers type="System.Collections.Generic.List`1[[Microsoft.VisualStudio.TestTools.Common.AspNetDevelopmentServer, Microsoft.VisualStudio.QualityTools.Common, Version=8.0.0.0, Culture=neutral, PublicKeyToken=b03f5f7f11d50a3a]]"><_size type="System.Int32">0</_size><_version type="System.Int32">0</_version></aspNetDevServers><dataAccessMethod type="Microsoft.VisualStudio.TestTools.UnitTesting.DataAccessMethod, Microsoft.VisualStudio.QualityTools.UnitTestFramework, Version=8.0.0.0, Culture=neutral, PublicKeyToken=b03f5f7f11d50a3a"><value__ type="System.Int32">0</value__></dataAccessMethod><cssProjectStructure type="System.String" /><isRunOnRestart type="System.Boolean">False</isRunOnRestart><timeOut type="System.Int32">0</timeOut><isGroupable type="System.Boolean">True</isGroupable><abortRunOnAgentFailure type="System.Boolean">False</abortRunOnAgentFailure><cssIteration type="System.String" /><workItemIds type="System.Collections.Generic.List`1[[System.Int32, mscorlib, Version=2.0.0.0, Culture=neutral, PublicKeyToken=b77a5c561934e089]]"><_size type="System.Int32">0</_size><_version type="System.Int32">1</_version></workItemIds><id type="Microsoft.VisualStudio.TestTools.Common.TestId"><id type="System.Guid">e275a7e6-71c9-4dde-6ef3-93d6460cd2f7</id></id><name type="System.String">GetRewardsPointsBalanceTest</name><description type="System.String" /><enabled type="System.Boolean">True</enabled><owner type="System.String" /><priority type="System.Int32">0</priority><executionId type="Microsoft.VisualStudio.TestTools.Common.TestExecId"><id type="System.Guid">00000000-0000-0000-0000-000000000000</id></executionId><parentExecutId type="Microsoft.VisualStudio.TestTools.Common.TestExecId"><id type="System.Guid">00000000-0000-0000-0000-000000000000</id></parentExecutId><deploymentItems type="Microsoft.VisualStudio.TestTools.Common.DeploymentItemCollection" /><agentAttributes type="System.Collections.Specialized.StringDictionary, System, Version=2.0.0.0, Culture=neutral, PublicKeyToken=b77a5c561934e089" /><storage type="System.String">e:\projects\brownshoe\unit_tests\product\src\brownshoe\testing\unittests\bin\brownshoe.unittests.dll</storage><m_nonRunnableReason type="System.String" /></value><key type="Microsoft.VisualStudio.TestTools.Common.TestId"><id type="System.Guid">91daa3da-28c9-7af9-5fd4-37fec9ad8634</id></key><value type="Microsoft.VisualStudio.TestTools.TestTypes.Unit.UnitTestElement, Microsoft.VisualStudio.QualityTools.Tips.UnitTest.ObjectModel, Version=8.0.0.0, Culture=neutral, PublicKeyToken=b03f5f7f11d50a3a"><codeBase type="System.String">e:/projects/brownshoe/unit_tests/product/src/BrownShoe/Testing/UnitTests/bin/BrownShoe.UnitTests.DLL</codeBase><adapterTypeName type="System.String">Microsoft.VisualStudio.TestTools.TestTypes.Unit.UnitTestAdapter, Microsoft.VisualStudio.QualityTools.Tips.UnitTest.Adapter</adapterTypeName><testMethod type="Microsoft.VisualStudio.TestTools.TestTypes.Unit.TestMethod, Microsoft.VisualStudio.QualityTools.Tips.UnitTest.ObjectModel, Version=8.0.0.0, Culture=neutral, PublicKeyToken=b03f5f7f11d50a3a"><className type="System.String">BrownShoe.UnitTests.Services.Orders.GiftCardServiceTest, BrownShoe.UnitTests, Version=1.0.0.0, Culture=neutral, PublicKeyToken=null</className><name type="System.String">CreditGiftCardTest</name><expectedExceptionMessage type="System.String" /><isValid type="System.Boolean">False</isValid></testMethod><aspNetDevServers type="System.Collections.Generic.List`1[[Microsoft.VisualStudio.TestTools.Common.AspNetDevelopmentServer, Microsoft.VisualStudio.QualityTools.Common, Version=8.0.0.0, Culture=neutral, PublicKeyToken=b03f5f7f11d50a3a]]"><_size type="System.Int32">0</_size><_version type="System.Int32">0</_version></aspNetDevServers><dataAccessMethod type="Microsoft.VisualStudio.TestTools.UnitTesting.DataAccessMethod, Microsoft.VisualStudio.QualityTools.UnitTestFramework, Version=8.0.0.0, Culture=neutral, PublicKeyToken=b03f5f7f11d50a3a"><value__ type="System.Int32">0</value__></dataAccessMethod><cssProjectStructure type="System.String" /><isRunOnRestart type="System.Boolean">False</isRunOnRestart><timeOut type="System.Int32">0</timeOut><isGroupable type="System.Boolean">True</isGroupable><abortRunOnAgentFailure type="System.Boolean">False</abortRunOnAgentFailure><cssIteration type="System.String" /><workItemIds type="System.Collections.Generic.List`1[[System.Int32, mscorlib, Version=2.0.0.0, Culture=neutral, PublicKeyToken=b77a5c561934e089]]"><_size type="System.Int32">0</_size><_version type="System.Int32">1</_version></workItemIds><id type="Microsoft.VisualStudio.TestTools.Common.TestId"><id type="System.Guid">91daa3da-28c9-7af9-5fd4-37fec9ad8634</id></id><name type="System.String">CreditGiftCardTest</name><description type="System.String" /><enabled type="System.Boolean">True</enabled><owner type="System.String" /><priority type="System.Int32">0</priority><executionId type="Microsoft.VisualStudio.TestTools.Common.TestExecId"><id type="System.Guid">00000000-0000-0000-0000-000000000000</id></executionId><parentExecutId type="Microsoft.VisualStudio.TestTools.Common.TestExecId"><id type="System.Guid">00000000-0000-0000-0000-000000000000</id></parentExecutId><deploymentItems type="Microsoft.VisualStudio.TestTools.Common.DeploymentItemCollection" /><agentAttributes type="System.Collections.Specialized.StringDictionary, System, Version=2.0.0.0, Culture=neutral, PublicKeyToken=b77a5c561934e089" /><storage type="System.String">e:\projects\brownshoe\unit_tests\product\src\brownshoe\testing\unittests\bin\brownshoe.unittests.dll</storage><m_nonRunnableReason type="System.String" /></value><key type="Microsoft.VisualStudio.TestTools.Common.TestId"><id type="System.Guid">d16fdca2-b7ee-9093-0f81-1d6d7b373572</id></key><value type="Microsoft.VisualStudio.TestTools.TestTypes.Unit.UnitTestElement, Microsoft.VisualStudio.QualityTools.Tips.UnitTest.ObjectModel, Version=8.0.0.0, Culture=neutral, PublicKeyToken=b03f5f7f11d50a3a"><codeBase type="System.String">e:/projects/brownshoe/unit_tests/product/src/BrownShoe/Testing/UnitTests/bin/BrownShoe.UnitTests.DLL</codeBase><adapterTypeName type="System.String">Microsoft.VisualStudio.TestTools.TestTypes.Unit.UnitTestAdapter, Microsoft.VisualStudio.QualityTools.Tips.UnitTest.Adapter</adapterTypeName><testMethod type="Microsoft.VisualStudio.TestTools.TestTypes.Unit.TestMethod, Microsoft.VisualStudio.QualityTools.Tips.UnitTest.ObjectModel, Version=8.0.0.0, Culture=neutral, PublicKeyToken=b03f5f7f11d50a3a"><className type="System.String">BrownShoe.UnitTests.Services.Madison.MadisonWebServiceTest, BrownShoe.UnitTests, Version=1.0.0.0, Culture=neutral, PublicKeyToken=null</className><name type="System.String">GetRewardsProfileTest</name><expectedExceptionMessage type="System.String" /><isValid type="System.Boolean">False</isValid></testMethod><aspNetDevServers type="System.Collections.Generic.List`1[[Microsoft.VisualStudio.TestTools.Common.AspNetDevelopmentServer, Microsoft.VisualStudio.QualityTools.Common, Version=8.0.0.0, Culture=neutral, PublicKeyToken=b03f5f7f11d50a3a]]"><_size type="System.Int32">0</_size><_version type="System.Int32">0</_version></aspNetDevServers><dataAccessMethod type="Microsoft.VisualStudio.TestTools.UnitTesting.DataAccessMethod, Microsoft.VisualStudio.QualityTools.UnitTestFramework, Version=8.0.0.0, Culture=neutral, PublicKeyToken=b03f5f7f11d50a3a"><value__ type="System.Int32">0</value__></dataAccessMethod><cssProjectStructure type="System.String" /><isRunOnRestart type="System.Boolean">False</isRunOnRestart><timeOut type="System.Int32">0</timeOut><isGroupable type="System.Boolean">True</isGroupable><abortRunOnAgentFailure type="System.Boolean">False</abortRunOnAgentFailure><cssIteration type="System.String" /><workItemIds type="System.Collections.Generic.List`1[[System.Int32, mscorlib, Version=2.0.0.0, Culture=neutral, PublicKeyToken=b77a5c561934e089]]"><_size type="System.Int32">0</_size><_version type="System.Int32">1</_version></workItemIds><id type="Microsoft.VisualStudio.TestTools.Common.TestId"><id type="System.Guid">d16fdca2-b7ee-9093-0f81-1d6d7b373572</id></id><name type="System.String">GetRewardsProfileTest</name><description type="System.String" /><enabled type="System.Boolean">True</enabled><owner type="System.String" /><priority type="System.Int32">0</priority><executionId type="Microsoft.VisualStudio.TestTools.Common.TestExecId"><id type="System.Guid">00000000-0000-0000-0000-000000000000</id></executionId><parentExecutId type="Microsoft.VisualStudio.TestTools.Common.TestExecId"><id type="System.Guid">00000000-0000-0000-0000-000000000000</id></parentExecutId><deploymentItems type="Microsoft.VisualStudio.TestTools.Common.DeploymentItemCollection" /><agentAttributes type="System.Collections.Specialized.StringDictionary, System, Version=2.0.0.0, Culture=neutral, PublicKeyToken=b77a5c561934e089" /><storage type="System.String">e:\projects\brownshoe\unit_tests\product\src\brownshoe\testing\unittests\bin\brownshoe.unittests.dll</storage><m_nonRunnableReason type="System.String" /></value><key type="Microsoft.VisualStudio.TestTools.Common.TestId"><id type="System.Guid">21f07092-65d4-4213-742e-e1de49d46ed6</id></key><value type="Microsoft.VisualStudio.TestTools.TestTypes.Unit.UnitTestElement, Microsoft.VisualStudio.QualityTools.Tips.UnitTest.ObjectModel, Version=8.0.0.0, Culture=neutral, PublicKeyToken=b03f5f7f11d50a3a"><codeBase type="System.String">e:/projects/brownshoe/unit_tests/product/src/BrownShoe/Testing/UnitTests/bin/BrownShoe.UnitTests.DLL</codeBase><adapterTypeName type="System.String">Microsoft.VisualStudio.TestTools.TestTypes.Unit.UnitTestAdapter, Microsoft.VisualStudio.QualityTools.Tips.UnitTest.Adapter</adapterTypeName><testMethod type="Microsoft.VisualStudio.TestTools.TestTypes.Unit.TestMethod, Microsoft.VisualStudio.QualityTools.Tips.UnitTest.ObjectModel, Version=8.0.0.0, Culture=neutral, PublicKeyToken=b03f5f7f11d50a3a"><className type="System.String">BrownShoe.UnitTests.Services.Navigation.NavigationServiceTest, BrownShoe.UnitTests, Version=1.0.0.0, Culture=neutral, PublicKeyToken=null</className><name type="System.String">GetBrandStylesListTest</name><expectedExceptionMessage type="System.String" /><isValid type="System.Boolean">False</isValid></testMethod><aspNetDevServers type="System.Collections.Generic.List`1[[Microsoft.VisualStudio.TestTools.Common.AspNetDevelopmentServer, Microsoft.VisualStudio.QualityTools.Common, Version=8.0.0.0, Culture=neutral, PublicKeyToken=b03f5f7f11d50a3a]]"><_size type="System.Int32">0</_size><_version type="System.Int32">0</_version></aspNetDevServers><dataAccessMethod type="Microsoft.VisualStudio.TestTools.UnitTesting.DataAccessMethod, Microsoft.VisualStudio.QualityTools.UnitTestFramework, Version=8.0.0.0, Culture=neutral, PublicKeyToken=b03f5f7f11d50a3a"><value__ type="System.Int32">0</value__></dataAccessMethod><cssProjectStructure type="System.String" /><isRunOnRestart type="System.Boolean">False</isRunOnRestart><timeOut type="System.Int32">0</timeOut><isGroupable type="System.Boolean">True</isGroupable><abortRunOnAgentFailure type="System.Boolean">False</abortRunOnAgentFailure><cssIteration type="System.String" /><workItemIds type="System.Collections.Generic.List`1[[System.Int32, mscorlib, Version=2.0.0.0, Culture=neutral, PublicKeyToken=b77a5c561934e089]]"><_size type="System.Int32">0</_size><_version type="System.Int32">1</_version></workItemIds><id type="Microsoft.VisualStudio.TestTools.Common.TestId"><id type="System.Guid">21f07092-65d4-4213-742e-e1de49d46ed6</id></id><name type="System.String">GetBrandStylesListTest</name><description type="System.String" /><enabled type="System.Boolean">True</enabled><owner type="System.String" /><priority type="System.Int32">0</priority><executionId type="Microsoft.VisualStudio.TestTools.Common.TestExecId"><id type="System.Guid">00000000-0000-0000-0000-000000000000</id></executionId><parentExecutId type="Microsoft.VisualStudio.TestTools.Common.TestExecId"><id type="System.Guid">00000000-0000-0000-0000-000000000000</id></parentExecutId><deploymentItems type="Microsoft.VisualStudio.TestTools.Common.DeploymentItemCollection" /><agentAttributes type="System.Collections.Specialized.StringDictionary, System, Version=2.0.0.0, Culture=neutral, PublicKeyToken=b77a5c561934e089" /><storage type="System.String">e:\projects\brownshoe\unit_tests\product\src\brownshoe\testing\unittests\bin\brownshoe.unittests.dll</storage><m_nonRunnableReason type="System.String" /></value><key type="Microsoft.VisualStudio.TestTools.Common.TestId"><id type="System.Guid">e8478872-318b-d268-47ba-be83688b1fed</id></key><value type="Microsoft.VisualStudio.TestTools.TestTypes.Unit.UnitTestElement, Microsoft.VisualStudio.QualityTools.Tips.UnitTest.ObjectModel, Version=8.0.0.0, Culture=neutral, PublicKeyToken=b03f5f7f11d50a3a"><codeBase type="System.String">e:/projects/brownshoe/unit_tests/product/src/BrownShoe/Testing/UnitTests/bin/BrownShoe.UnitTests.DLL</codeBase><adapterTypeName type="System.String">Microsoft.VisualStudio.TestTools.TestTypes.Unit.UnitTestAdapter, Microsoft.VisualStudio.QualityTools.Tips.UnitTest.Adapter</adapterTypeName><testMethod type="Microsoft.VisualStudio.TestTools.TestTypes.Unit.TestMethod, Microsoft.VisualStudio.QualityTools.Tips.UnitTest.ObjectModel, Version=8.0.0.0, Culture=neutral, PublicKeyToken=b03f5f7f11d50a3a"><className type="System.String">BrownShoe.UnitTests.Services.Catalog.CatalogBrowserTest, BrownShoe.UnitTests, Version=1.0.0.0, Culture=neutral, PublicKeyToken=null</className><name type="System.String">GetNumberOfAvailableProductsTest</name><expectedExceptionMessage type="System.String" /><isValid type="System.Boolean">False</isValid></testMethod><aspNetDevServers type="System.Collections.Generic.List`1[[Microsoft.VisualStudio.TestTools.Common.AspNetDevelopmentServer, Microsoft.VisualStudio.QualityTools.Common, Version=8.0.0.0, Culture=neutral, PublicKeyToken=b03f5f7f11d50a3a]]"><_size type="System.Int32">0</_size><_version type="System.Int32">0</_version></aspNetDevServers><dataAccessMethod type="Microsoft.VisualStudio.TestTools.UnitTesting.DataAccessMethod, Microsoft.VisualStudio.QualityTools.UnitTestFramework, Version=8.0.0.0, Culture=neutral, PublicKeyToken=b03f5f7f11d50a3a"><value__ type="System.Int32">0</value__></dataAccessMethod><cssProjectStructure type="System.String" /><isRunOnRestart type="System.Boolean">False</isRunOnRestart><timeOut type="System.Int32">0</timeOut><isGroupable type="System.Boolean">True</isGroupable><abortRunOnAgentFailure type="System.Boolean">False</abortRunOnAgentFailure><cssIteration type="System.String" /><workItemIds type="System.Collections.Generic.List`1[[System.Int32, mscorlib, Version=2.0.0.0, Culture=neutral, PublicKeyToken=b77a5c561934e089]]"><_size type="System.Int32">0</_size><_version type="System.Int32">1</_version></workItemIds><id type="Microsoft.VisualStudio.TestTools.Common.TestId"><id type="System.Guid">e8478872-318b-d268-47ba-be83688b1fed</id></id><name type="System.String">GetNumberOfAvailableProductsTest</name><description type="System.String" /><enabled type="System.Boolean">True</enabled><owner type="System.String" /><priority type="System.Int32">0</priority><executionId type="Microsoft.VisualStudio.TestTools.Common.TestExecId"><id type="System.Guid">00000000-0000-0000-0000-000000000000</id></executionId><parentExecutId type="Microsoft.VisualStudio.TestTools.Common.TestExecId"><id type="System.Guid">00000000-0000-0000-0000-000000000000</id></parentExecutId><deploymentItems type="Microsoft.VisualStudio.TestTools.Common.DeploymentItemCollection" /><agentAttributes type="System.Collections.Specialized.StringDictionary, System, Version=2.0.0.0, Culture=neutral, PublicKeyToken=b77a5c561934e089" /><storage type="System.String">e:\projects\brownshoe\unit_tests\product\src\brownshoe\testing\unittests\bin\brownshoe.unittests.dll</storage><m_nonRunnableReason type="System.String" /></value><key type="Microsoft.VisualStudio.TestTools.Common.TestId"><id type="System.Guid">b508c652-663a-fa02-f327-ef1fd59f44d0</id></key><value type="Microsoft.VisualStudio.TestTools.TestTypes.Unit.UnitTestElement, Microsoft.VisualStudio.QualityTools.Tips.UnitTest.ObjectModel, Version=8.0.0.0, Culture=neutral, PublicKeyToken=b03f5f7f11d50a3a"><codeBase type="System.String">e:/projects/brownshoe/unit_tests/product/src/BrownShoe/Testing/UnitTests/bin/BrownShoe.UnitTests.DLL</codeBase><adapterTypeName type="System.String">Microsoft.VisualStudio.TestTools.TestTypes.Unit.UnitTestAdapter, Microsoft.VisualStudio.QualityTools.Tips.UnitTest.Adapter</adapterTypeName><testMethod type="Microsoft.VisualStudio.TestTools.TestTypes.Unit.TestMethod, Microsoft.VisualStudio.QualityTools.Tips.UnitTest.ObjectModel, Version=8.0.0.0, Culture=neutral, PublicKeyToken=b03f5f7f11d50a3a"><className type="System.String">BrownShoe.UnitTests.Services.DataAccess.SysMonDBTest, BrownShoe.UnitTests, Version=1.0.0.0, Culture=neutral, PublicKeyToken=null</className><name type="System.String">Test_UpsTracking1Test</name><expectedExceptionMessage type="System.String" /><isValid type="System.Boolean">False</isValid></testMethod><aspNetDevServers type="System.Collections.Generic.List`1[[Microsoft.VisualStudio.TestTools.Common.AspNetDevelopmentServer, Microsoft.VisualStudio.QualityTools.Common, Version=8.0.0.0, Culture=neutral, PublicKeyToken=b03f5f7f11d50a3a]]"><_size type="System.Int32">0</_size><_version type="System.Int32">0</_version></aspNetDevServers><dataAccessMethod type="Microsoft.VisualStudio.TestTools.UnitTesting.DataAccessMethod, Microsoft.VisualStudio.QualityTools.UnitTestFramework, Version=8.0.0.0, Culture=neutral, PublicKeyToken=b03f5f7f11d50a3a"><value__ type="System.Int32">0</value__></dataAccessMethod><cssProjectStructure type="System.String" /><isRunOnRestart type="System.Boolean">False</isRunOnRestart><timeOut type="System.Int32">0</timeOut><isGroupable type="System.Boolean">True</isGroupable><abortRunOnAgentFailure type="System.Boolean">False</abortRunOnAgentFailure><cssIteration type="System.String" /><workItemIds type="System.Collections.Generic.List`1[[System.Int32, mscorlib, Version=2.0.0.0, Culture=neutral, PublicKeyToken=b77a5c561934e089]]"><_size type="System.Int32">0</_size><_version type="System.Int32">1</_version></workItemIds><id type="Microsoft.VisualStudio.TestTools.Common.TestId"><id type="System.Guid">b508c652-663a-fa02-f327-ef1fd59f44d0</id></id><name type="System.String">Test_UpsTracking1Test</name><description type="System.String" /><enabled type="System.Boolean">True</enabled><owner type="System.String" /><priority type="System.Int32">0</priority><executionId type="Microsoft.VisualStudio.TestTools.Common.TestExecId"><id type="System.Guid">00000000-0000-0000-0000-000000000000</id></executionId><parentExecutId type="Microsoft.VisualStudio.TestTools.Common.TestExecId"><id type="System.Guid">00000000-0000-0000-0000-000000000000</id></parentExecutId><deploymentItems type="Microsoft.VisualStudio.TestTools.Common.DeploymentItemCollection" /><agentAttributes type="System.Collections.Specialized.StringDictionary, System, Version=2.0.0.0, Culture=neutral, PublicKeyToken=b77a5c561934e089" /><storage type="System.String">e:\projects\brownshoe\unit_tests\product\src\brownshoe\testing\unittests\bin\brownshoe.unittests.dll</storage><m_nonRunnableReason type="System.String" /></value><key type="Microsoft.VisualStudio.TestTools.Common.TestId"><id type="System.Guid">d24b919a-e5c5-a281-e4d4-031d989ab3a0</id></key><value type="Microsoft.VisualStudio.TestTools.TestTypes.Unit.UnitTestElement, Microsoft.VisualStudio.QualityTools.Tips.UnitTest.ObjectModel, Version=8.0.0.0, Culture=neutral, PublicKeyToken=b03f5f7f11d50a3a"><codeBase type="System.String">e:/projects/brownshoe/unit_tests/product/src/BrownShoe/Testing/UnitTests/bin/BrownShoe.UnitTests.DLL</codeBase><adapterTypeName type="System.String">Microsoft.VisualStudio.TestTools.TestTypes.Unit.UnitTestAdapter, Microsoft.VisualStudio.QualityTools.Tips.UnitTest.Adapter</adapterTypeName><testMethod type="Microsoft.VisualStudio.TestTools.TestTypes.Unit.TestMethod, Microsoft.VisualStudio.QualityTools.Tips.UnitTest.ObjectModel, Version=8.0.0.0, Culture=neutral, PublicKeyToken=b03f5f7f11d50a3a"><className type="System.String">BrownShoe.UnitTests.Services.Madison.GrandOpeningServiceTest, BrownShoe.UnitTests, Version=1.0.0.0, Culture=neutral, PublicKeyToken=null</className><name type="System.String">GetByIDTest</name><expectedExceptionMessage type="System.String" /><isValid type="System.Boolean">False</isValid></testMethod><aspNetDevServers type="System.Collections.Generic.List`1[[Microsoft.VisualStudio.TestTools.Common.AspNetDevelopmentServer, Microsoft.VisualStudio.QualityTools.Common, Version=8.0.0.0, Culture=neutral, PublicKeyToken=b03f5f7f11d50a3a]]"><_size type="System.Int32">0</_size><_version type="System.Int32">0</_version></aspNetDevServers><dataAccessMethod type="Microsoft.VisualStudio.TestTools.UnitTesting.DataAccessMethod, Microsoft.VisualStudio.QualityTools.UnitTestFramework, Version=8.0.0.0, Culture=neutral, PublicKeyToken=b03f5f7f11d50a3a"><value__ type="System.Int32">0</value__></dataAccessMethod><cssProjectStructure type="System.String" /><isRunOnRestart type="System.Boolean">False</isRunOnRestart><timeOut type="System.Int32">0</timeOut><isGroupable type="System.Boolean">True</isGroupable><abortRunOnAgentFailure type="System.Boolean">False</abortRunOnAgentFailure><cssIteration type="System.String" /><workItemIds type="System.Collections.Generic.List`1[[System.Int32, mscorlib, Version=2.0.0.0, Culture=neutral, PublicKeyToken=b77a5c561934e089]]"><_size type="System.Int32">0</_size><_version type="System.Int32">1</_version></workItemIds><id type="Microsoft.VisualStudio.TestTools.Common.TestId"><id type="System.Guid">d24b919a-e5c5-a281-e4d4-031d989ab3a0</id></id><name type="System.String">GetByIDTest</name><description type="System.String" /><enabled type="System.Boolean">True</enabled><owner type="System.String" /><priority type="System.Int32">0</priority><executionId type="Microsoft.VisualStudio.TestTools.Common.TestExecId"><id type="System.Guid">00000000-0000-0000-0000-000000000000</id></executionId><parentExecutId type="Microsoft.VisualStudio.TestTools.Common.TestExecId"><id type="System.Guid">00000000-0000-0000-0000-000000000000</id></parentExecutId><deploymentItems type="Microsoft.VisualStudio.TestTools.Common.DeploymentItemCollection" /><agentAttributes type="System.Collections.Specialized.StringDictionary, System, Version=2.0.0.0, Culture=neutral, PublicKeyToken=b77a5c561934e089" /><storage type="System.String">e:\projects\brownshoe\unit_tests\product\src\brownshoe\testing\unittests\bin\brownshoe.unittests.dll</storage><m_nonRunnableReason type="System.String" /></value><key type="Microsoft.VisualStudio.TestTools.Common.TestId"><id type="System.Guid">50655df2-3e03-e5f4-4dd1-557b5d92ebfc</id></key><value type="Microsoft.VisualStudio.TestTools.TestTypes.Unit.UnitTestElement, Microsoft.VisualStudio.QualityTools.Tips.UnitTest.ObjectModel, Version=8.0.0.0, Culture=neutral, PublicKeyToken=b03f5f7f11d50a3a"><codeBase type="System.String">e:/projects/brownshoe/unit_tests/product/src/BrownShoe/Testing/UnitTests/bin/BrownShoe.UnitTests.DLL</codeBase><adapterTypeName type="System.String">Microsoft.VisualStudio.TestTools.TestTypes.Unit.UnitTestAdapter, Microsoft.VisualStudio.QualityTools.Tips.UnitTest.Adapter</adapterTypeName><testMethod type="Microsoft.VisualStudio.TestTools.TestTypes.Unit.TestMethod, Microsoft.VisualStudio.QualityTools.Tips.UnitTest.ObjectModel, Version=8.0.0.0, Culture=neutral, PublicKeyToken=b03f5f7f11d50a3a"><className type="System.String">BrownShoe.UnitTests.Services.Madison.MadisonWebServiceTest, BrownShoe.UnitTests, Version=1.0.0.0, Culture=neutral, PublicKeyToken=null</className><name type="System.String">GetHomeDeliveryOrderStatusTestFailure</name><expectedExceptionMessage type="System.String" /><isValid type="System.Boolean">False</isValid></testMethod><aspNetDevServers type="System.Collections.Generic.List`1[[Microsoft.VisualStudio.TestTools.Common.AspNetDevelopmentServer, Microsoft.VisualStudio.QualityTools.Common, Version=8.0.0.0, Culture=neutral, PublicKeyToken=b03f5f7f11d50a3a]]"><_size type="System.Int32">0</_size><_version type="System.Int32">0</_version></aspNetDevServers><dataAccessMethod type="Microsoft.VisualStudio.TestTools.UnitTesting.DataAccessMethod, Microsoft.VisualStudio.QualityTools.UnitTestFramework, Version=8.0.0.0, Culture=neutral, PublicKeyToken=b03f5f7f11d50a3a"><value__ type="System.Int32">0</value__></dataAccessMethod><cssProjectStructure type="System.String" /><isRunOnRestart type="System.Boolean">False</isRunOnRestart><timeOut type="System.Int32">0</timeOut><isGroupable type="System.Boolean">True</isGroupable><abortRunOnAgentFailure type="System.Boolean">False</abortRunOnAgentFailure><cssIteration type="System.String" /><workItemIds type="System.Collections.Generic.List`1[[System.Int32, mscorlib, Version=2.0.0.0, Culture=neutral, PublicKeyToken=b77a5c561934e089]]"><_size type="System.Int32">0</_size><_version type="System.Int32">1</_version></workItemIds><id type="Microsoft.VisualStudio.TestTools.Common.TestId"><id type="System.Guid">50655df2-3e03-e5f4-4dd1-557b5d92ebfc</id></id><name type="System.String">GetHomeDeliveryOrderStatusTestFailure</name><description type="System.String" /><enabled type="System.Boolean">True</enabled><owner type="System.String" /><priority type="System.Int32">0</priority><executionId type="Microsoft.VisualStudio.TestTools.Common.TestExecId"><id type="System.Guid">00000000-0000-0000-0000-000000000000</id></executionId><parentExecutId type="Microsoft.VisualStudio.TestTools.Common.TestExecId"><id type="System.Guid">00000000-0000-0000-0000-000000000000</id></parentExecutId><deploymentItems type="Microsoft.VisualStudio.TestTools.Common.DeploymentItemCollection" /><agentAttributes type="System.Collections.Specialized.StringDictionary, System, Version=2.0.0.0, Culture=neutral, PublicKeyToken=b77a5c561934e089" /><storage type="System.String">e:\projects\brownshoe\unit_tests\product\src\brownshoe\testing\unittests\bin\brownshoe.unittests.dll</storage><m_nonRunnableReason type="System.String" /></value><key type="Microsoft.VisualStudio.TestTools.Common.TestId"><id type="System.Guid">b922b997-2523-502f-376b-2d4238193760</id></key><value type="Microsoft.VisualStudio.TestTools.TestTypes.Unit.UnitTestElement, Microsoft.VisualStudio.QualityTools.Tips.UnitTest.ObjectModel, Version=8.0.0.0, Culture=neutral, PublicKeyToken=b03f5f7f11d50a3a"><codeBase type="System.String">e:/projects/brownshoe/unit_tests/product/src/BrownShoe/Testing/UnitTests/bin/BrownShoe.UnitTests.DLL</codeBase><adapterTypeName type="System.String">Microsoft.VisualStudio.TestTools.TestTypes.Unit.UnitTestAdapter, Microsoft.VisualStudio.QualityTools.Tips.UnitTest.Adapter</adapterTypeName><testMethod type="Microsoft.VisualStudio.TestTools.TestTypes.Unit.TestMethod, Microsoft.VisualStudio.QualityTools.Tips.UnitTest.ObjectModel, Version=8.0.0.0, Culture=neutral, PublicKeyToken=b03f5f7f11d50a3a"><className type="System.String">BrownShoe.UnitTests.Services.Profiles.ProductInfoTest, BrownShoe.UnitTests, Version=1.0.0.0, Culture=neutral, PublicKeyToken=null</className><name type="System.String">ProductGroupIDTest</name><expectedExceptionMessage type="System.String" /><isValid type="System.Boolean">False</isValid></testMethod><aspNetDevServers type="System.Collections.Generic.List`1[[Microsoft.VisualStudio.TestTools.Common.AspNetDevelopmentServer, Microsoft.VisualStudio.QualityTools.Common, Version=8.0.0.0, Culture=neutral, PublicKeyToken=b03f5f7f11d50a3a]]"><_size type="System.Int32">0</_size><_version type="System.Int32">0</_version></aspNetDevServers><dataAccessMethod type="Microsoft.VisualStudio.TestTools.UnitTesting.DataAccessMethod, Microsoft.VisualStudio.QualityTools.UnitTestFramework, Version=8.0.0.0, Culture=neutral, PublicKeyToken=b03f5f7f11d50a3a"><value__ type="System.Int32">0</value__></dataAccessMethod><cssProjectStructure type="System.String" /><isRunOnRestart type="System.Boolean">False</isRunOnRestart><timeOut type="System.Int32">0</timeOut><isGroupable type="System.Boolean">True</isGroupable><abortRunOnAgentFailure type="System.Boolean">False</abortRunOnAgentFailure><cssIteration type="System.String" /><workItemIds type="System.Collections.Generic.List`1[[System.Int32, mscorlib, Version=2.0.0.0, Culture=neutral, PublicKeyToken=b77a5c561934e089]]"><_size type="System.Int32">0</_size><_version type="System.Int32">1</_version></workItemIds><id type="Microsoft.VisualStudio.TestTools.Common.TestId"><id type="System.Guid">b922b997-2523-502f-376b-2d4238193760</id></id><name type="System.String">ProductGroupIDTest</name><description type="System.String" /><enabled type="System.Boolean">True</enabled><owner type="System.String" /><priority type="System.Int32">0</priority><executionId type="Microsoft.VisualStudio.TestTools.Common.TestExecId"><id type="System.Guid">00000000-0000-0000-0000-000000000000</id></executionId><parentExecutId type="Microsoft.VisualStudio.TestTools.Common.TestExecId"><id type="System.Guid">00000000-0000-0000-0000-000000000000</id></parentExecutId><deploymentItems type="Microsoft.VisualStudio.TestTools.Common.DeploymentItemCollection" /><agentAttributes type="System.Collections.Specialized.StringDictionary, System, Version=2.0.0.0, Culture=neutral, PublicKeyToken=b77a5c561934e089" /><storage type="System.String">e:\projects\brownshoe\unit_tests\product\src\brownshoe\testing\unittests\bin\brownshoe.unittests.dll</storage><m_nonRunnableReason type="System.String" /></value><key type="Microsoft.VisualStudio.TestTools.Common.TestId"><id type="System.Guid">85acd10b-0989-24c8-1d49-a05457b35899</id></key><value type="Microsoft.VisualStudio.TestTools.TestTypes.Unit.UnitTestElement, Microsoft.VisualStudio.QualityTools.Tips.UnitTest.ObjectModel, Version=8.0.0.0, Culture=neutral, PublicKeyToken=b03f5f7f11d50a3a"><codeBase type="System.String">e:/projects/brownshoe/unit_tests/product/src/BrownShoe/Testing/UnitTests/bin/BrownShoe.UnitTests.DLL</codeBase><adapterTypeName type="System.String">Microsoft.VisualStudio.TestTools.TestTypes.Unit.UnitTestAdapter, Microsoft.VisualStudio.QualityTools.Tips.UnitTest.Adapter</adapterTypeName><testMethod type="Microsoft.VisualStudio.TestTools.TestTypes.Unit.TestMethod, Microsoft.VisualStudio.QualityTools.Tips.UnitTest.ObjectModel, Version=8.0.0.0, Culture=neutral, PublicKeyToken=b03f5f7f11d50a3a"><className type="System.String">BrownShoe.UnitTests.Services.Orders.CheckoutServiceTest, BrownShoe.UnitTests, Version=1.0.0.0, Culture=neutral, PublicKeyToken=null</className><name type="System.String">RemoveGiftCertificatePaymentTest</name><expectedExceptionMessage type="System.String" /><isValid type="System.Boolean">False</isValid></testMethod><aspNetDevServers type="System.Collections.Generic.List`1[[Microsoft.VisualStudio.TestTools.Common.AspNetDevelopmentServer, Microsoft.VisualStudio.QualityTools.Common, Version=8.0.0.0, Culture=neutral, PublicKeyToken=b03f5f7f11d50a3a]]"><_size type="System.Int32">0</_size><_version type="System.Int32">0</_version></aspNetDevServers><dataAccessMethod type="Microsoft.VisualStudio.TestTools.UnitTesting.DataAccessMethod, Microsoft.VisualStudio.QualityTools.UnitTestFramework, Version=8.0.0.0, Culture=neutral, PublicKeyToken=b03f5f7f11d50a3a"><value__ type="System.Int32">0</value__></dataAccessMethod><cssProjectStructure type="System.String" /><isRunOnRestart type="System.Boolean">False</isRunOnRestart><timeOut type="System.Int32">0</timeOut><isGroupable type="System.Boolean">True</isGroupable><abortRunOnAgentFailure type="System.Boolean">False</abortRunOnAgentFailure><cssIteration type="System.String" /><workItemIds type="System.Collections.Generic.List`1[[System.Int32, mscorlib, Version=2.0.0.0, Culture=neutral, PublicKeyToken=b77a5c561934e089]]"><_size type="System.Int32">0</_size><_version type="System.Int32">1</_version></workItemIds><id type="Microsoft.VisualStudio.TestTools.Common.TestId"><id type="System.Guid">85acd10b-0989-24c8-1d49-a05457b35899</id></id><name type="System.String">RemoveGiftCertificatePaymentTest</name><description type="System.String" /><enabled type="System.Boolean">True</enabled><owner type="System.String" /><priority type="System.Int32">0</priority><executionId type="Microsoft.VisualStudio.TestTools.Common.TestExecId"><id type="System.Guid">00000000-0000-0000-0000-000000000000</id></executionId><parentExecutId type="Microsoft.VisualStudio.TestTools.Common.TestExecId"><id type="System.Guid">00000000-0000-0000-0000-000000000000</id></parentExecutId><deploymentItems type="Microsoft.VisualStudio.TestTools.Common.DeploymentItemCollection" /><agentAttributes type="System.Collections.Specialized.StringDictionary, System, Version=2.0.0.0, Culture=neutral, PublicKeyToken=b77a5c561934e089" /><storage type="System.String">e:\projects\brownshoe\unit_tests\product\src\brownshoe\testing\unittests\bin\brownshoe.unittests.dll</storage><m_nonRunnableReason type="System.String" /></value><key type="Microsoft.VisualStudio.TestTools.Common.TestId"><id type="System.Guid">6052c3ce-b1de-2dbe-8e36-66c4ff2f9973</id></key><value type="Microsoft.VisualStudio.TestTools.TestTypes.Unit.UnitTestElement, Microsoft.VisualStudio.QualityTools.Tips.UnitTest.ObjectModel, Version=8.0.0.0, Culture=neutral, PublicKeyToken=b03f5f7f11d50a3a"><codeBase type="System.String">e:/projects/brownshoe/unit_tests/product/src/BrownShoe/Testing/UnitTests/bin/BrownShoe.UnitTests.DLL</codeBase><adapterTypeName type="System.String">Microsoft.VisualStudio.TestTools.TestTypes.Unit.UnitTestAdapter, Microsoft.VisualStudio.QualityTools.Tips.UnitTest.Adapter</adapterTypeName><testMethod type="Microsoft.VisualStudio.TestTools.TestTypes.Unit.TestMethod, Microsoft.VisualStudio.QualityTools.Tips.UnitTest.ObjectModel, Version=8.0.0.0, Culture=neutral, PublicKeyToken=b03f5f7f11d50a3a"><className type="System.String">BrownShoe.UnitTests.Services.Profiles.ProfileServiceTest, BrownShoe.UnitTests, Version=1.0.0.0, Culture=neutral, PublicKeyToken=null</className><name type="System.String">DeleteAddressTest</name><expectedExceptionMessage type="System.String" /><isValid type="System.Boolean">False</isValid></testMethod><aspNetDevServers type="System.Collections.Generic.List`1[[Microsoft.VisualStudio.TestTools.Common.AspNetDevelopmentServer, Microsoft.VisualStudio.QualityTools.Common, Version=8.0.0.0, Culture=neutral, PublicKeyToken=b03f5f7f11d50a3a]]"><_size type="System.Int32">0</_size><_version type="System.Int32">0</_version></aspNetDevServers><dataAccessMethod type="Microsoft.VisualStudio.TestTools.UnitTesting.DataAccessMethod, Microsoft.VisualStudio.QualityTools.UnitTestFramework, Version=8.0.0.0, Culture=neutral, PublicKeyToken=b03f5f7f11d50a3a"><value__ type="System.Int32">0</value__></dataAccessMethod><cssProjectStructure type="System.String" /><isRunOnRestart type="System.Boolean">False</isRunOnRestart><timeOut type="System.Int32">0</timeOut><isGroupable type="System.Boolean">True</isGroupable><abortRunOnAgentFailure type="System.Boolean">False</abortRunOnAgentFailure><cssIteration type="System.String" /><workItemIds type="System.Collections.Generic.List`1[[System.Int32, mscorlib, Version=2.0.0.0, Culture=neutral, PublicKeyToken=b77a5c561934e089]]"><_size type="System.Int32">0</_size><_version type="System.Int32">1</_version></workItemIds><id type="Microsoft.VisualStudio.TestTools.Common.TestId"><id type="System.Guid">6052c3ce-b1de-2dbe-8e36-66c4ff2f9973</id></id><name type="System.String">DeleteAddressTest</name><description type="System.String" /><enabled type="System.Boolean">True</enabled><owner type="System.String" /><priority type="System.Int32">0</priority><executionId type="Microsoft.VisualStudio.TestTools.Common.TestExecId"><id type="System.Guid">00000000-0000-0000-0000-000000000000</id></executionId><parentExecutId type="Microsoft.VisualStudio.TestTools.Common.TestExecId"><id type="System.Guid">00000000-0000-0000-0000-000000000000</id></parentExecutId><deploymentItems type="Microsoft.VisualStudio.TestTools.Common.DeploymentItemCollection" /><agentAttributes type="System.Collections.Specialized.StringDictionary, System, Version=2.0.0.0, Culture=neutral, PublicKeyToken=b77a5c561934e089" /><storage type="System.String">e:\projects\brownshoe\unit_tests\product\src\brownshoe\testing\unittests\bin\brownshoe.unittests.dll</storage><m_nonRunnableReason type="System.String" /></value><key type="Microsoft.VisualStudio.TestTools.Common.TestId"><id type="System.Guid">204d0871-8cdf-c502-1310-dbcf7b4bd5c0</id></key><value type="Microsoft.VisualStudio.TestTools.TestTypes.Unit.UnitTestElement, Microsoft.VisualStudio.QualityTools.Tips.UnitTest.ObjectModel, Version=8.0.0.0, Culture=neutral, PublicKeyToken=b03f5f7f11d50a3a"><codeBase type="System.String">e:/projects/brownshoe/unit_tests/product/src/BrownShoe/Testing/UnitTests/bin/BrownShoe.UnitTests.DLL</codeBase><adapterTypeName type="System.String">Microsoft.VisualStudio.TestTools.TestTypes.Unit.UnitTestAdapter, Microsoft.VisualStudio.QualityTools.Tips.UnitTest.Adapter</adapterTypeName><testMethod type="Microsoft.VisualStudio.TestTools.TestTypes.Unit.TestMethod, Microsoft.VisualStudio.QualityTools.Tips.UnitTest.ObjectModel, Version=8.0.0.0, Culture=neutral, PublicKeyToken=b03f5f7f11d50a3a"><className type="System.String">BrownShoe.UnitTests.Services.MarketingAdmin.MarketingAdminServiceTest, BrownShoe.UnitTests, Version=1.0.0.0, Culture=neutral, PublicKeyToken=null</className><name type="System.String">ConvertDataSetToGiftCertificateListTest</name><expectedExceptionMessage type="System.String" /><isValid type="System.Boolean">False</isValid></testMethod><aspNetDevServers type="System.Collections.Generic.List`1[[Microsoft.VisualStudio.TestTools.Common.AspNetDevelopmentServer, Microsoft.VisualStudio.QualityTools.Common, Version=8.0.0.0, Culture=neutral, PublicKeyToken=b03f5f7f11d50a3a]]"><_size type="System.Int32">0</_size><_version type="System.Int32">0</_version></aspNetDevServers><dataAccessMethod type="Microsoft.VisualStudio.TestTools.UnitTesting.DataAccessMethod, Microsoft.VisualStudio.QualityTools.UnitTestFramework, Version=8.0.0.0, Culture=neutral, PublicKeyToken=b03f5f7f11d50a3a"><value__ type="System.Int32">0</value__></dataAccessMethod><cssProjectStructure type="System.String" /><isRunOnRestart type="System.Boolean">False</isRunOnRestart><timeOut type="System.Int32">0</timeOut><isGroupable type="System.Boolean">True</isGroupable><abortRunOnAgentFailure type="System.Boolean">False</abortRunOnAgentFailure><cssIteration type="System.String" /><workItemIds type="System.Collections.Generic.List`1[[System.Int32, mscorlib, Version=2.0.0.0, Culture=neutral, PublicKeyToken=b77a5c561934e089]]"><_size type="System.Int32">0</_size><_version type="System.Int32">1</_version></workItemIds><id type="Microsoft.VisualStudio.TestTools.Common.TestId"><id type="System.Guid">204d0871-8cdf-c502-1310-dbcf7b4bd5c0</id></id><name type="System.String">ConvertDataSetToGiftCertificateListTest</name><description type="System.String" /><enabled type="System.Boolean">True</enabled><owner type="System.String" /><priority type="System.Int32">0</priority><executionId type="Microsoft.VisualStudio.TestTools.Common.TestExecId"><id type="System.Guid">00000000-0000-0000-0000-000000000000</id></executionId><parentExecutId type="Microsoft.VisualStudio.TestTools.Common.TestExecId"><id type="System.Guid">00000000-0000-0000-0000-000000000000</id></parentExecutId><deploymentItems type="Microsoft.VisualStudio.TestTools.Common.DeploymentItemCollection" /><agentAttributes type="System.Collections.Specialized.StringDictionary, System, Version=2.0.0.0, Culture=neutral, PublicKeyToken=b77a5c561934e089" /><storage type="System.String">e:\projects\brownshoe\unit_tests\product\src\brownshoe\testing\unittests\bin\brownshoe.unittests.dll</storage><m_nonRunnableReason type="System.String" /></value><key type="Microsoft.VisualStudio.TestTools.Common.TestId"><id type="System.Guid">10ddb2bc-df21-f211-50a5-e01670c349b2</id></key><value type="Microsoft.VisualStudio.TestTools.TestTypes.Unit.UnitTestElement, Microsoft.VisualStudio.QualityTools.Tips.UnitTest.ObjectModel, Version=8.0.0.0, Culture=neutral, PublicKeyToken=b03f5f7f11d50a3a"><codeBase type="System.String">e:/projects/brownshoe/unit_tests/product/src/BrownShoe/Testing/UnitTests/bin/BrownShoe.UnitTests.DLL</codeBase><adapterTypeName type="System.String">Microsoft.VisualStudio.TestTools.TestTypes.Unit.UnitTestAdapter, Microsoft.VisualStudio.QualityTools.Tips.UnitTest.Adapter</adapterTypeName><testMethod type="Microsoft.VisualStudio.TestTools.TestTypes.Unit.TestMethod, Microsoft.VisualStudio.QualityTools.Tips.UnitTest.ObjectModel, Version=8.0.0.0, Culture=neutral, PublicKeyToken=b03f5f7f11d50a3a"><className type="System.String">BrownShoe.UnitTests.Services.Navigation.AffiliatePartnerServiceTest, BrownShoe.UnitTests, Version=1.0.0.0, Culture=neutral, PublicKeyToken=null</className><name type="System.String">GetCpcsTest</name><expectedExceptionMessage type="System.String" /><isValid type="System.Boolean">False</isValid></testMethod><aspNetDevServers type="System.Collections.Generic.List`1[[Microsoft.VisualStudio.TestTools.Common.AspNetDevelopmentServer, Microsoft.VisualStudio.QualityTools.Common, Version=8.0.0.0, Culture=neutral, PublicKeyToken=b03f5f7f11d50a3a]]"><_size type="System.Int32">0</_size><_version type="System.Int32">0</_version></aspNetDevServers><dataAccessMethod type="Microsoft.VisualStudio.TestTools.UnitTesting.DataAccessMethod, Microsoft.VisualStudio.QualityTools.UnitTestFramework, Version=8.0.0.0, Culture=neutral, PublicKeyToken=b03f5f7f11d50a3a"><value__ type="System.Int32">0</value__></dataAccessMethod><cssProjectStructure type="System.String" /><isRunOnRestart type="System.Boolean">False</isRunOnRestart><timeOut type="System.Int32">0</timeOut><isGroupable type="System.Boolean">True</isGroupable><abortRunOnAgentFailure type="System.Boolean">False</abortRunOnAgentFailure><cssIteration type="System.String" /><workItemIds type="System.Collections.Generic.List`1[[System.Int32, mscorlib, Version=2.0.0.0, Culture=neutral, PublicKeyToken=b77a5c561934e089]]"><_size type="System.Int32">0</_size><_version type="System.Int32">1</_version></workItemIds><id type="Microsoft.VisualStudio.TestTools.Common.TestId"><id type="System.Guid">10ddb2bc-df21-f211-50a5-e01670c349b2</id></id><name type="System.String">GetCpcsTest</name><description type="System.String" /><enabled type="System.Boolean">True</enabled><owner type="System.String" /><priority type="System.Int32">0</priority><executionId type="Microsoft.VisualStudio.TestTools.Common.TestExecId"><id type="System.Guid">00000000-0000-0000-0000-000000000000</id></executionId><parentExecutId type="Microsoft.VisualStudio.TestTools.Common.TestExecId"><id type="System.Guid">00000000-0000-0000-0000-000000000000</id></parentExecutId><deploymentItems type="Microsoft.VisualStudio.TestTools.Common.DeploymentItemCollection" /><agentAttributes type="System.Collections.Specialized.StringDictionary, System, Version=2.0.0.0, Culture=neutral, PublicKeyToken=b77a5c561934e089" /><storage type="System.String">e:\projects\brownshoe\unit_tests\product\src\brownshoe\testing\unittests\bin\brownshoe.unittests.dll</storage><m_nonRunnableReason type="System.String" /></value><key type="Microsoft.VisualStudio.TestTools.Common.TestId"><id type="System.Guid">f924fd99-c018-1886-b6c4-24970f238aca</id></key><value type="Microsoft.VisualStudio.TestTools.TestTypes.Unit.UnitTestElement, Microsoft.VisualStudio.QualityTools.Tips.UnitTest.ObjectModel, Version=8.0.0.0, Culture=neutral, PublicKeyToken=b03f5f7f11d50a3a"><codeBase type="System.String">e:/projects/brownshoe/unit_tests/product/src/BrownShoe/Testing/UnitTests/bin/BrownShoe.UnitTests.DLL</codeBase><adapterTypeName type="System.String">Microsoft.VisualStudio.TestTools.TestTypes.Unit.UnitTestAdapter, Microsoft.VisualStudio.QualityTools.Tips.UnitTest.Adapter</adapterTypeName><testMethod type="Microsoft.VisualStudio.TestTools.TestTypes.Unit.TestMethod, Microsoft.VisualStudio.QualityTools.Tips.UnitTest.ObjectModel, Version=8.0.0.0, Culture=neutral, PublicKeyToken=b03f5f7f11d50a3a"><className type="System.String">BrownShoe.UnitTests.Services.Madison.MadisonWebServiceResultRewardsProfileTest, BrownShoe.UnitTests, Version=1.0.0.0, Culture=neutral, PublicKeyToken=null</className><name type="System.String">DataTest</name><expectedExceptionMessage type="System.String" /><isValid type="System.Boolean">False</isValid></testMethod><aspNetDevServers type="System.Collections.Generic.List`1[[Microsoft.VisualStudio.TestTools.Common.AspNetDevelopmentServer, Microsoft.VisualStudio.QualityTools.Common, Version=8.0.0.0, Culture=neutral, PublicKeyToken=b03f5f7f11d50a3a]]"><_size type="System.Int32">0</_size><_version type="System.Int32">0</_version></aspNetDevServers><dataAccessMethod type="Microsoft.VisualStudio.TestTools.UnitTesting.DataAccessMethod, Microsoft.VisualStudio.QualityTools.UnitTestFramework, Version=8.0.0.0, Culture=neutral, PublicKeyToken=b03f5f7f11d50a3a"><value__ type="System.Int32">0</value__></dataAccessMethod><cssProjectStructure type="System.String" /><isRunOnRestart type="System.Boolean">False</isRunOnRestart><timeOut type="System.Int32">0</timeOut><isGroupable type="System.Boolean">True</isGroupable><abortRunOnAgentFailure type="System.Boolean">False</abortRunOnAgentFailure><cssIteration type="System.String" /><workItemIds type="System.Collections.Generic.List`1[[System.Int32, mscorlib, Version=2.0.0.0, Culture=neutral, PublicKeyToken=b77a5c561934e089]]"><_size type="System.Int32">0</_size><_version type="System.Int32">1</_version></workItemIds><id type="Microsoft.VisualStudio.TestTools.Common.TestId"><id type="System.Guid">f924fd99-c018-1886-b6c4-24970f238aca</id></id><name type="System.String">DataTest</name><description type="System.String" /><enabled type="System.Boolean">True</enabled><owner type="System.String" /><priority type="System.Int32">0</priority><executionId type="Microsoft.VisualStudio.TestTools.Common.TestExecId"><id type="System.Guid">00000000-0000-0000-0000-000000000000</id></executionId><parentExecutId type="Microsoft.VisualStudio.TestTools.Common.TestExecId"><id type="System.Guid">00000000-0000-0000-0000-000000000000</id></parentExecutId><deploymentItems type="Microsoft.VisualStudio.TestTools.Common.DeploymentItemCollection" /><agentAttributes type="System.Collections.Specialized.StringDictionary, System, Version=2.0.0.0, Culture=neutral, PublicKeyToken=b77a5c561934e089" /><storage type="System.String">e:\projects\brownshoe\unit_tests\product\src\brownshoe\testing\unittests\bin\brownshoe.unittests.dll</storage><m_nonRunnableReason type="System.String" /></value><key type="Microsoft.VisualStudio.TestTools.Common.TestId"><id type="System.Guid">39d6e67a-2d9a-31f7-5018-1ea4442499b2</id></key><value type="Microsoft.VisualStudio.TestTools.TestTypes.Unit.UnitTestElement, Microsoft.VisualStudio.QualityTools.Tips.UnitTest.ObjectModel, Version=8.0.0.0, Culture=neutral, PublicKeyToken=b03f5f7f11d50a3a"><codeBase type="System.String">e:/projects/brownshoe/unit_tests/product/src/BrownShoe/Testing/UnitTests/bin/BrownShoe.UnitTests.DLL</codeBase><adapterTypeName type="System.String">Microsoft.VisualStudio.TestTools.TestTypes.Unit.UnitTestAdapter, Microsoft.VisualStudio.QualityTools.Tips.UnitTest.Adapter</adapterTypeName><testMethod type="Microsoft.VisualStudio.TestTools.TestTypes.Unit.TestMethod, Microsoft.VisualStudio.QualityTools.Tips.UnitTest.ObjectModel, Version=8.0.0.0, Culture=neutral, PublicKeyToken=b03f5f7f11d50a3a"><className type="System.String">BrownShoe.UnitTests.Services.Orders.OrderServiceTest, BrownShoe.UnitTests, Version=1.0.0.0, Culture=neutral, PublicKeyToken=null</className><name type="System.String">GetPaymentMethodIDTest</name><expectedExceptionMessage type="System.String" /><isValid type="System.Boolean">False</isValid></testMethod><aspNetDevServers type="System.Collections.Generic.List`1[[Microsoft.VisualStudio.TestTools.Common.AspNetDevelopmentServer, Microsoft.VisualStudio.QualityTools.Common, Version=8.0.0.0, Culture=neutral, PublicKeyToken=b03f5f7f11d50a3a]]"><_size type="System.Int32">0</_size><_version type="System.Int32">0</_version></aspNetDevServers><dataAccessMethod type="Microsoft.VisualStudio.TestTools.UnitTesting.DataAccessMethod, Microsoft.VisualStudio.QualityTools.UnitTestFramework, Version=8.0.0.0, Culture=neutral, PublicKeyToken=b03f5f7f11d50a3a"><value__ type="System.Int32">0</value__></dataAccessMethod><cssProjectStructure type="System.String" /><isRunOnRestart type="System.Boolean">False</isRunOnRestart><timeOut type="System.Int32">0</timeOut><isGroupable type="System.Boolean">True</isGroupable><abortRunOnAgentFailure type="System.Boolean">False</abortRunOnAgentFailure><cssIteration type="System.String" /><workItemIds type="System.Collections.Generic.List`1[[System.Int32, mscorlib, Version=2.0.0.0, Culture=neutral, PublicKeyToken=b77a5c561934e089]]"><_size type="System.Int32">0</_size><_version type="System.Int32">1</_version></workItemIds><id type="Microsoft.VisualStudio.TestTools.Common.TestId"><id type="System.Guid">39d6e67a-2d9a-31f7-5018-1ea4442499b2</id></id><name type="System.String">GetPaymentMethodIDTest</name><description type="System.String" /><enabled type="System.Boolean">True</enabled><owner type="System.String" /><priority type="System.Int32">0</priority><executionId type="Microsoft.VisualStudio.TestTools.Common.TestExecId"><id type="System.Guid">00000000-0000-0000-0000-000000000000</id></executionId><parentExecutId type="Microsoft.VisualStudio.TestTools.Common.TestExecId"><id type="System.Guid">00000000-0000-0000-0000-000000000000</id></parentExecutId><deploymentItems type="Microsoft.VisualStudio.TestTools.Common.DeploymentItemCollection" /><agentAttributes type="System.Collections.Specialized.StringDictionary, System, Version=2.0.0.0, Culture=neutral, PublicKeyToken=b77a5c561934e089" /><storage type="System.String">e:\projects\brownshoe\unit_tests\product\src\brownshoe\testing\unittests\bin\brownshoe.unittests.dll</storage><m_nonRunnableReason type="System.String" /></value><key type="Microsoft.VisualStudio.TestTools.Common.TestId"><id type="System.Guid">7f4f55bf-09e6-8ddb-d0b2-3dfa226c5a50</id></key><value type="Microsoft.VisualStudio.TestTools.TestTypes.Unit.UnitTestElement, Microsoft.VisualStudio.QualityTools.Tips.UnitTest.ObjectModel, Version=8.0.0.0, Culture=neutral, PublicKeyToken=b03f5f7f11d50a3a"><codeBase type="System.String">e:/projects/brownshoe/unit_tests/product/src/BrownShoe/Testing/UnitTests/bin/BrownShoe.UnitTests.DLL</codeBase><adapterTypeName type="System.String">Microsoft.VisualStudio.TestTools.TestTypes.Unit.UnitTestAdapter, Microsoft.VisualStudio.QualityTools.Tips.UnitTest.Adapter</adapterTypeName><testMethod type="Microsoft.VisualStudio.TestTools.TestTypes.Unit.TestMethod, Microsoft.VisualStudio.QualityTools.Tips.UnitTest.ObjectModel, Version=8.0.0.0, Culture=neutral, PublicKeyToken=b03f5f7f11d50a3a"><className type="System.String">BrownShoe.UnitTests.Services.Email.EmailEnrollmentServiceTest, BrownShoe.UnitTests, Version=1.0.0.0, Culture=neutral, PublicKeyToken=null</className><name type="System.String">UpdateTest</name><expectedExceptionMessage type="System.String" /><isValid type="System.Boolean">False</isValid></testMethod><aspNetDevServers type="System.Collections.Generic.List`1[[Microsoft.VisualStudio.TestTools.Common.AspNetDevelopmentServer, Microsoft.VisualStudio.QualityTools.Common, Version=8.0.0.0, Culture=neutral, PublicKeyToken=b03f5f7f11d50a3a]]"><_size type="System.Int32">0</_size><_version type="System.Int32">0</_version></aspNetDevServers><dataAccessMethod type="Microsoft.VisualStudio.TestTools.UnitTesting.DataAccessMethod, Microsoft.VisualStudio.QualityTools.UnitTestFramework, Version=8.0.0.0, Culture=neutral, PublicKeyToken=b03f5f7f11d50a3a"><value__ type="System.Int32">0</value__></dataAccessMethod><cssProjectStructure type="System.String" /><isRunOnRestart type="System.Boolean">False</isRunOnRestart><timeOut type="System.Int32">0</timeOut><isGroupable type="System.Boolean">True</isGroupable><abortRunOnAgentFailure type="System.Boolean">False</abortRunOnAgentFailure><cssIteration type="System.String" /><workItemIds type="System.Collections.Generic.List`1[[System.Int32, mscorlib, Version=2.0.0.0, Culture=neutral, PublicKeyToken=b77a5c561934e089]]"><_size type="System.Int32">0</_size><_version type="System.Int32">1</_version></workItemIds><id type="Microsoft.VisualStudio.TestTools.Common.TestId"><id type="System.Guid">7f4f55bf-09e6-8ddb-d0b2-3dfa226c5a50</id></id><name type="System.String">UpdateTest</name><description type="System.String" /><enabled type="System.Boolean">True</enabled><owner type="System.String" /><priority type="System.Int32">0</priority><executionId type="Microsoft.VisualStudio.TestTools.Common.TestExecId"><id type="System.Guid">00000000-0000-0000-0000-000000000000</id></executionId><parentExecutId type="Microsoft.VisualStudio.TestTools.Common.TestExecId"><id type="System.Guid">00000000-0000-0000-0000-000000000000</id></parentExecutId><deploymentItems type="Microsoft.VisualStudio.TestTools.Common.DeploymentItemCollection" /><agentAttributes type="System.Collections.Specialized.StringDictionary, System, Version=2.0.0.0, Culture=neutral, PublicKeyToken=b77a5c561934e089" /><storage type="System.String">e:\projects\brownshoe\unit_tests\product\src\brownshoe\testing\unittests\bin\brownshoe.unittests.dll</storage><m_nonRunnableReason type="System.String" /></value><key type="Microsoft.VisualStudio.TestTools.Common.TestId"><id type="System.Guid">149370ab-127b-87fd-ddfc-6f675a5fb26c</id></key><value type="Microsoft.VisualStudio.TestTools.TestTypes.Unit.UnitTestElement, Microsoft.VisualStudio.QualityTools.Tips.UnitTest.ObjectModel, Version=8.0.0.0, Culture=neutral, PublicKeyToken=b03f5f7f11d50a3a"><codeBase type="System.String">e:/projects/brownshoe/unit_tests/product/src/BrownShoe/Testing/UnitTests/bin/BrownShoe.UnitTests.DLL</codeBase><adapterTypeName type="System.String">Microsoft.VisualStudio.TestTools.TestTypes.Unit.UnitTestAdapter, Microsoft.VisualStudio.QualityTools.Tips.UnitTest.Adapter</adapterTypeName><testMethod type="Microsoft.VisualStudio.TestTools.TestTypes.Unit.TestMethod, Microsoft.VisualStudio.QualityTools.Tips.UnitTest.ObjectModel, Version=8.0.0.0, Culture=neutral, PublicKeyToken=b03f5f7f11d50a3a"><className type="System.String">BrownShoe.UnitTests.Services.Navigation.AffiliatePartnerServiceTest, BrownShoe.UnitTests, Version=1.0.0.0, Culture=neutral, PublicKeyToken=null</className><name type="System.String">GetLikeComSidTest</name><expectedExceptionMessage type="System.String" /><isValid type="System.Boolean">False</isValid></testMethod><aspNetDevServers type="System.Collections.Generic.List`1[[Microsoft.VisualStudio.TestTools.Common.AspNetDevelopmentServer, Microsoft.VisualStudio.QualityTools.Common, Version=8.0.0.0, Culture=neutral, PublicKeyToken=b03f5f7f11d50a3a]]"><_size type="System.Int32">0</_size><_version type="System.Int32">0</_version></aspNetDevServers><dataAccessMethod type="Microsoft.VisualStudio.TestTools.UnitTesting.DataAccessMethod, Microsoft.VisualStudio.QualityTools.UnitTestFramework, Version=8.0.0.0, Culture=neutral, PublicKeyToken=b03f5f7f11d50a3a"><value__ type="System.Int32">0</value__></dataAccessMethod><cssProjectStructure type="System.String" /><isRunOnRestart type="System.Boolean">False</isRunOnRestart><timeOut type="System.Int32">0</timeOut><isGroupable type="System.Boolean">True</isGroupable><abortRunOnAgentFailure type="System.Boolean">False</abortRunOnAgentFailure><cssIteration type="System.String" /><workItemIds type="System.Collections.Generic.List`1[[System.Int32, mscorlib, Version=2.0.0.0, Culture=neutral, PublicKeyToken=b77a5c561934e089]]"><_size type="System.Int32">0</_size><_version type="System.Int32">1</_version></workItemIds><id type="Microsoft.VisualStudio.TestTools.Common.TestId"><id type="System.Guid">149370ab-127b-87fd-ddfc-6f675a5fb26c</id></id><name type="System.String">GetLikeComSidTest</name><description type="System.String" /><enabled type="System.Boolean">True</enabled><owner type="System.String" /><priority type="System.Int32">0</priority><executionId type="Microsoft.VisualStudio.TestTools.Common.TestExecId"><id type="System.Guid">00000000-0000-0000-0000-000000000000</id></executionId><parentExecutId type="Microsoft.VisualStudio.TestTools.Common.TestExecId"><id type="System.Guid">00000000-0000-0000-0000-000000000000</id></parentExecutId><deploymentItems type="Microsoft.VisualStudio.TestTools.Common.DeploymentItemCollection" /><agentAttributes type="System.Collections.Specialized.StringDictionary, System, Version=2.0.0.0, Culture=neutral, PublicKeyToken=b77a5c561934e089" /><storage type="System.String">e:\projects\brownshoe\unit_tests\product\src\brownshoe\testing\unittests\bin\brownshoe.unittests.dll</storage><m_nonRunnableReason type="System.String" /></value><key type="Microsoft.VisualStudio.TestTools.Common.TestId"><id type="System.Guid">716947b0-6816-d4ca-ccbf-cbdccbda16c1</id></key><value type="Microsoft.VisualStudio.TestTools.TestTypes.Unit.UnitTestElement, Microsoft.VisualStudio.QualityTools.Tips.UnitTest.ObjectModel, Version=8.0.0.0, Culture=neutral, PublicKeyToken=b03f5f7f11d50a3a"><codeBase type="System.String">e:/projects/brownshoe/unit_tests/product/src/BrownShoe/Testing/UnitTests/bin/BrownShoe.UnitTests.DLL</codeBase><adapterTypeName type="System.String">Microsoft.VisualStudio.TestTools.TestTypes.Unit.UnitTestAdapter, Microsoft.VisualStudio.QualityTools.Tips.UnitTest.Adapter</adapterTypeName><testMethod type="Microsoft.VisualStudio.TestTools.TestTypes.Unit.TestMethod, Microsoft.VisualStudio.QualityTools.Tips.UnitTest.ObjectModel, Version=8.0.0.0, Culture=neutral, PublicKeyToken=b03f5f7f11d50a3a"><className type="System.String">BrownShoe.UnitTests.Services.Catalog.CategorySearchTest, BrownShoe.UnitTests, Version=1.0.0.0, Culture=neutral, PublicKeyToken=null</className><name type="System.String">GetCategoryNamesTest</name><expectedExceptionMessage type="System.String" /><isValid type="System.Boolean">False</isValid></testMethod><aspNetDevServers type="System.Collections.Generic.List`1[[Microsoft.VisualStudio.TestTools.Common.AspNetDevelopmentServer, Microsoft.VisualStudio.QualityTools.Common, Version=8.0.0.0, Culture=neutral, PublicKeyToken=b03f5f7f11d50a3a]]"><_size type="System.Int32">0</_size><_version type="System.Int32">0</_version></aspNetDevServers><dataAccessMethod type="Microsoft.VisualStudio.TestTools.UnitTesting.DataAccessMethod, Microsoft.VisualStudio.QualityTools.UnitTestFramework, Version=8.0.0.0, Culture=neutral, PublicKeyToken=b03f5f7f11d50a3a"><value__ type="System.Int32">0</value__></dataAccessMethod><cssProjectStructure type="System.String" /><isRunOnRestart type="System.Boolean">False</isRunOnRestart><timeOut type="System.Int32">0</timeOut><isGroupable type="System.Boolean">True</isGroupable><abortRunOnAgentFailure type="System.Boolean">False</abortRunOnAgentFailure><cssIteration type="System.String" /><workItemIds type="System.Collections.Generic.List`1[[System.Int32, mscorlib, Version=2.0.0.0, Culture=neutral, PublicKeyToken=b77a5c561934e089]]"><_size type="System.Int32">0</_size><_version type="System.Int32">1</_version></workItemIds><id type="Microsoft.VisualStudio.TestTools.Common.TestId"><id type="System.Guid">716947b0-6816-d4ca-ccbf-cbdccbda16c1</id></id><name type="System.String">GetCategoryNamesTest</name><description type="System.String" /><enabled type="System.Boolean">True</enabled><owner type="System.String" /><priority type="System.Int32">0</priority><executionId type="Microsoft.VisualStudio.TestTools.Common.TestExecId"><id type="System.Guid">00000000-0000-0000-0000-000000000000</id></executionId><parentExecutId type="Microsoft.VisualStudio.TestTools.Common.TestExecId"><id type="System.Guid">00000000-0000-0000-0000-000000000000</id></parentExecutId><deploymentItems type="Microsoft.VisualStudio.TestTools.Common.DeploymentItemCollection" /><agentAttributes type="System.Collections.Specialized.StringDictionary, System, Version=2.0.0.0, Culture=neutral, PublicKeyToken=b77a5c561934e089" /><storage type="System.String">e:\projects\brownshoe\unit_tests\product\src\brownshoe\testing\unittests\bin\brownshoe.unittests.dll</storage><m_nonRunnableReason type="System.String" /></value><key type="Microsoft.VisualStudio.TestTools.Common.TestId"><id type="System.Guid">ac826f12-6fb1-9c62-240d-9da84af119e9</id></key><value type="Microsoft.VisualStudio.TestTools.TestTypes.Unit.UnitTestElement, Microsoft.VisualStudio.QualityTools.Tips.UnitTest.ObjectModel, Version=8.0.0.0, Culture=neutral, PublicKeyToken=b03f5f7f11d50a3a"><codeBase type="System.String">e:/projects/brownshoe/unit_tests/product/src/BrownShoe/Testing/UnitTests/bin/BrownShoe.UnitTests.DLL</codeBase><adapterTypeName type="System.String">Microsoft.VisualStudio.TestTools.TestTypes.Unit.UnitTestAdapter, Microsoft.VisualStudio.QualityTools.Tips.UnitTest.Adapter</adapterTypeName><testMethod type="Microsoft.VisualStudio.TestTools.TestTypes.Unit.TestMethod, Microsoft.VisualStudio.QualityTools.Tips.UnitTest.ObjectModel, Version=8.0.0.0, Culture=neutral, PublicKeyToken=b03f5f7f11d50a3a"><className type="System.String">BrownShoe.UnitTests.Services.Endeca.EndecaServiceTest, BrownShoe.UnitTests, Version=1.0.0.0, Culture=neutral, PublicKeyToken=null</className><name type="System.String">SearchTest</name><expectedExceptionMessage type="System.String" /><isValid type="System.Boolean">False</isValid></testMethod><aspNetDevServers type="System.Collections.Generic.List`1[[Microsoft.VisualStudio.TestTools.Common.AspNetDevelopmentServer, Microsoft.VisualStudio.QualityTools.Common, Version=8.0.0.0, Culture=neutral, PublicKeyToken=b03f5f7f11d50a3a]]"><_size type="System.Int32">0</_size><_version type="System.Int32">0</_version></aspNetDevServers><dataAccessMethod type="Microsoft.VisualStudio.TestTools.UnitTesting.DataAccessMethod, Microsoft.VisualStudio.QualityTools.UnitTestFramework, Version=8.0.0.0, Culture=neutral, PublicKeyToken=b03f5f7f11d50a3a"><value__ type="System.Int32">0</value__></dataAccessMethod><cssProjectStructure type="System.String" /><isRunOnRestart type="System.Boolean">False</isRunOnRestart><timeOut type="System.Int32">0</timeOut><isGroupable type="System.Boolean">True</isGroupable><abortRunOnAgentFailure type="System.Boolean">False</abortRunOnAgentFailure><cssIteration type="System.String" /><workItemIds type="System.Collections.Generic.List`1[[System.Int32, mscorlib, Version=2.0.0.0, Culture=neutral, PublicKeyToken=b77a5c561934e089]]"><_size type="System.Int32">0</_size><_version type="System.Int32">1</_version></workItemIds><id type="Microsoft.VisualStudio.TestTools.Common.TestId"><id type="System.Guid">ac826f12-6fb1-9c62-240d-9da84af119e9</id></id><name type="System.String">SearchTest</name><description type="System.String" /><enabled type="System.Boolean">True</enabled><owner type="System.String" /><priority type="System.Int32">0</priority><executionId type="Microsoft.VisualStudio.TestTools.Common.TestExecId"><id type="System.Guid">00000000-0000-0000-0000-000000000000</id></executionId><parentExecutId type="Microsoft.VisualStudio.TestTools.Common.TestExecId"><id type="System.Guid">00000000-0000-0000-0000-000000000000</id></parentExecutId><deploymentItems type="Microsoft.VisualStudio.TestTools.Common.DeploymentItemCollection" /><agentAttributes type="System.Collections.Specialized.StringDictionary, System, Version=2.0.0.0, Culture=neutral, PublicKeyToken=b77a5c561934e089" /><storage type="System.String">e:\projects\brownshoe\unit_tests\product\src\brownshoe\testing\unittests\bin\brownshoe.unittests.dll</storage><m_nonRunnableReason type="System.String" /></value><key type="Microsoft.VisualStudio.TestTools.Common.TestId"><id type="System.Guid">0dc404d8-50b4-2ea8-152c-0875c0a1e616</id></key><value type="Microsoft.VisualStudio.TestTools.TestTypes.Unit.UnitTestElement, Microsoft.VisualStudio.QualityTools.Tips.UnitTest.ObjectModel, Version=8.0.0.0, Culture=neutral, PublicKeyToken=b03f5f7f11d50a3a"><codeBase type="System.String">e:/projects/brownshoe/unit_tests/product/src/BrownShoe/Testing/UnitTests/bin/BrownShoe.UnitTests.DLL</codeBase><adapterTypeName type="System.String">Microsoft.VisualStudio.TestTools.TestTypes.Unit.UnitTestAdapter, Microsoft.VisualStudio.QualityTools.Tips.UnitTest.Adapter</adapterTypeName><testMethod type="Microsoft.VisualStudio.TestTools.TestTypes.Unit.TestMethod, Microsoft.VisualStudio.QualityTools.Tips.UnitTest.ObjectModel, Version=8.0.0.0, Culture=neutral, PublicKeyToken=b03f5f7f11d50a3a"><className type="System.String">BrownShoe.UnitTests.Services.Catalog.BrandSearchTest, BrownShoe.UnitTests, Version=1.0.0.0, Culture=neutral, PublicKeyToken=null</className><name type="System.String">SearchTest</name><expectedExceptionMessage type="System.String" /><isValid type="System.Boolean">False</isValid></testMethod><aspNetDevServers type="System.Collections.Generic.List`1[[Microsoft.VisualStudio.TestTools.Common.AspNetDevelopmentServer, Microsoft.VisualStudio.QualityTools.Common, Version=8.0.0.0, Culture=neutral, PublicKeyToken=b03f5f7f11d50a3a]]"><_size type="System.Int32">0</_size><_version type="System.Int32">0</_version></aspNetDevServers><dataAccessMethod type="Microsoft.VisualStudio.TestTools.UnitTesting.DataAccessMethod, Microsoft.VisualStudio.QualityTools.UnitTestFramework, Version=8.0.0.0, Culture=neutral, PublicKeyToken=b03f5f7f11d50a3a"><value__ type="System.Int32">0</value__></dataAccessMethod><cssProjectStructure type="System.String" /><isRunOnRestart type="System.Boolean">False</isRunOnRestart><timeOut type="System.Int32">0</timeOut><isGroupable type="System.Boolean">True</isGroupable><abortRunOnAgentFailure type="System.Boolean">False</abortRunOnAgentFailure><cssIteration type="System.String" /><workItemIds type="System.Collections.Generic.List`1[[System.Int32, mscorlib, Version=2.0.0.0, Culture=neutral, PublicKeyToken=b77a5c561934e089]]"><_size type="System.Int32">0</_size><_version type="System.Int32">1</_version></workItemIds><id type="Microsoft.VisualStudio.TestTools.Common.TestId"><id type="System.Guid">0dc404d8-50b4-2ea8-152c-0875c0a1e616</id></id><name type="System.String">SearchTest</name><description type="System.String" /><enabled type="System.Boolean">True</enabled><owner type="System.String" /><priority type="System.Int32">0</priority><executionId type="Microsoft.VisualStudio.TestTools.Common.TestExecId"><id type="System.Guid">00000000-0000-0000-0000-000000000000</id></executionId><parentExecutId type="Microsoft.VisualStudio.TestTools.Common.TestExecId"><id type="System.Guid">00000000-0000-0000-0000-000000000000</id></parentExecutId><deploymentItems type="Microsoft.VisualStudio.TestTools.Common.DeploymentItemCollection" /><agentAttributes type="System.Collections.Specialized.StringDictionary, System, Version=2.0.0.0, Culture=neutral, PublicKeyToken=b77a5c561934e089" /><storage type="System.String">e:\projects\brownshoe\unit_tests\product\src\brownshoe\testing\unittests\bin\brownshoe.unittests.dll</storage><m_nonRunnableReason type="System.String" /></value><key type="Microsoft.VisualStudio.TestTools.Common.TestId"><id type="System.Guid">6ec53b5a-921a-ab7b-f9da-07d79dc63baf</id></key><value type="Microsoft.VisualStudio.TestTools.TestTypes.Unit.UnitTestElement, Microsoft.VisualStudio.QualityTools.Tips.UnitTest.ObjectModel, Version=8.0.0.0, Culture=neutral, PublicKeyToken=b03f5f7f11d50a3a"><codeBase type="System.String">e:/projects/brownshoe/unit_tests/product/src/BrownShoe/Testing/UnitTests/bin/BrownShoe.UnitTests.DLL</codeBase><adapterTypeName type="System.String">Microsoft.VisualStudio.TestTools.TestTypes.Unit.UnitTestAdapter, Microsoft.VisualStudio.QualityTools.Tips.UnitTest.Adapter</adapterTypeName><testMethod type="Microsoft.VisualStudio.TestTools.TestTypes.Unit.TestMethod, Microsoft.VisualStudio.QualityTools.Tips.UnitTest.ObjectModel, Version=8.0.0.0, Culture=neutral, PublicKeyToken=b03f5f7f11d50a3a"><className type="System.String">BrownShoe.UnitTests.Services.Orders.MerchandiseReturnServiceTest, BrownShoe.UnitTests, Version=1.0.0.0, Culture=neutral, PublicKeyToken=null</className><name type="System.String">GetShipmentConfirmRequestTest</name><expectedExceptionMessage type="System.String" /><isValid type="System.Boolean">False</isValid></testMethod><aspNetDevServers type="System.Collections.Generic.List`1[[Microsoft.VisualStudio.TestTools.Common.AspNetDevelopmentServer, Microsoft.VisualStudio.QualityTools.Common, Version=8.0.0.0, Culture=neutral, PublicKeyToken=b03f5f7f11d50a3a]]"><_size type="System.Int32">0</_size><_version type="System.Int32">0</_version></aspNetDevServers><dataAccessMethod type="Microsoft.VisualStudio.TestTools.UnitTesting.DataAccessMethod, Microsoft.VisualStudio.QualityTools.UnitTestFramework, Version=8.0.0.0, Culture=neutral, PublicKeyToken=b03f5f7f11d50a3a"><value__ type="System.Int32">0</value__></dataAccessMethod><cssProjectStructure type="System.String" /><isRunOnRestart type="System.Boolean">False</isRunOnRestart><timeOut type="System.Int32">0</timeOut><isGroupable type="System.Boolean">True</isGroupable><abortRunOnAgentFailure type="System.Boolean">False</abortRunOnAgentFailure><cssIteration type="System.String" /><workItemIds type="System.Collections.Generic.List`1[[System.Int32, mscorlib, Version=2.0.0.0, Culture=neutral, PublicKeyToken=b77a5c561934e089]]"><_size type="System.Int32">0</_size><_version type="System.Int32">1</_version></workItemIds><id type="Microsoft.VisualStudio.TestTools.Common.TestId"><id type="System.Guid">6ec53b5a-921a-ab7b-f9da-07d79dc63baf</id></id><name type="System.String">GetShipmentConfirmRequestTest</name><description type="System.String" /><enabled type="System.Boolean">True</enabled><owner type="System.String" /><priority type="System.Int32">0</priority><executionId type="Microsoft.VisualStudio.TestTools.Common.TestExecId"><id type="System.Guid">00000000-0000-0000-0000-000000000000</id></executionId><parentExecutId type="Microsoft.VisualStudio.TestTools.Common.TestExecId"><id type="System.Guid">00000000-0000-0000-0000-000000000000</id></parentExecutId><deploymentItems type="Microsoft.VisualStudio.TestTools.Common.DeploymentItemCollection" /><agentAttributes type="System.Collections.Specialized.StringDictionary, System, Version=2.0.0.0, Culture=neutral, PublicKeyToken=b77a5c561934e089" /><storage type="System.String">e:\projects\brownshoe\unit_tests\product\src\brownshoe\testing\unittests\bin\brownshoe.unittests.dll</storage><m_nonRunnableReason type="System.String" /></value><key type="Microsoft.VisualStudio.TestTools.Common.TestId"><id type="System.Guid">423e32a7-3006-7a83-3713-c6a87817db1f</id></key><value type="Microsoft.VisualStudio.TestTools.TestTypes.Unit.UnitTestElement, Microsoft.VisualStudio.QualityTools.Tips.UnitTest.ObjectModel, Version=8.0.0.0, Culture=neutral, PublicKeyToken=b03f5f7f11d50a3a"><codeBase type="System.String">e:/projects/brownshoe/unit_tests/product/src/BrownShoe/Testing/UnitTests/bin/BrownShoe.UnitTests.DLL</codeBase><adapterTypeName type="System.String">Microsoft.VisualStudio.TestTools.TestTypes.Unit.UnitTestAdapter, Microsoft.VisualStudio.QualityTools.Tips.UnitTest.Adapter</adapterTypeName><testMethod type="Microsoft.VisualStudio.TestTools.TestTypes.Unit.TestMethod, Microsoft.VisualStudio.QualityTools.Tips.UnitTest.ObjectModel, Version=8.0.0.0, Culture=neutral, PublicKeyToken=b03f5f7f11d50a3a"><className type="System.String">BrownShoe.UnitTests.Services.DataAccess.SysMonDBTest, BrownShoe.UnitTests, Version=1.0.0.0, Culture=neutral, PublicKeyToken=null</className><name type="System.String">Test_BillMeLater_SettlementTest</name><expectedExceptionMessage type="System.String" /><isValid type="System.Boolean">False</isValid></testMethod><aspNetDevServers type="System.Collections.Generic.List`1[[Microsoft.VisualStudio.TestTools.Common.AspNetDevelopmentServer, Microsoft.VisualStudio.QualityTools.Common, Version=8.0.0.0, Culture=neutral, PublicKeyToken=b03f5f7f11d50a3a]]"><_size type="System.Int32">0</_size><_version type="System.Int32">0</_version></aspNetDevServers><dataAccessMethod type="Microsoft.VisualStudio.TestTools.UnitTesting.DataAccessMethod, Microsoft.VisualStudio.QualityTools.UnitTestFramework, Version=8.0.0.0, Culture=neutral, PublicKeyToken=b03f5f7f11d50a3a"><value__ type="System.Int32">0</value__></dataAccessMethod><cssProjectStructure type="System.String" /><isRunOnRestart type="System.Boolean">False</isRunOnRestart><timeOut type="System.Int32">0</timeOut><isGroupable type="System.Boolean">True</isGroupable><abortRunOnAgentFailure type="System.Boolean">False</abortRunOnAgentFailure><cssIteration type="System.String" /><workItemIds type="System.Collections.Generic.List`1[[System.Int32, mscorlib, Version=2.0.0.0, Culture=neutral, PublicKeyToken=b77a5c561934e089]]"><_size type="System.Int32">0</_size><_version type="System.Int32">1</_version></workItemIds><id type="Microsoft.VisualStudio.TestTools.Common.TestId"><id type="System.Guid">423e32a7-3006-7a83-3713-c6a87817db1f</id></id><name type="System.String">Test_BillMeLater_SettlementTest</name><description type="System.String" /><enabled type="System.Boolean">True</enabled><owner type="System.String" /><priority type="System.Int32">0</priority><executionId type="Microsoft.VisualStudio.TestTools.Common.TestExecId"><id type="System.Guid">00000000-0000-0000-0000-000000000000</id></executionId><parentExecutId type="Microsoft.VisualStudio.TestTools.Common.TestExecId"><id type="System.Guid">00000000-0000-0000-0000-000000000000</id></parentExecutId><deploymentItems type="Microsoft.VisualStudio.TestTools.Common.DeploymentItemCollection" /><agentAttributes type="System.Collections.Specialized.StringDictionary, System, Version=2.0.0.0, Culture=neutral, PublicKeyToken=b77a5c561934e089" /><storage type="System.String">e:\projects\brownshoe\unit_tests\product\src\brownshoe\testing\unittests\bin\brownshoe.unittests.dll</storage><m_nonRunnableReason type="System.String" /></value><key type="Microsoft.VisualStudio.TestTools.Common.TestId"><id type="System.Guid">3e7af468-5b50-141f-bb6d-f24168fdf571</id></key><value type="Microsoft.VisualStudio.TestTools.TestTypes.Unit.UnitTestElement, Microsoft.VisualStudio.QualityTools.Tips.UnitTest.ObjectModel, Version=8.0.0.0, Culture=neutral, PublicKeyToken=b03f5f7f11d50a3a"><codeBase type="System.String">e:/projects/brownshoe/unit_tests/product/src/BrownShoe/Testing/UnitTests/bin/BrownShoe.UnitTests.DLL</codeBase><adapterTypeName type="System.String">Microsoft.VisualStudio.TestTools.TestTypes.Unit.UnitTestAdapter, Microsoft.VisualStudio.QualityTools.Tips.UnitTest.Adapter</adapterTypeName><testMethod type="Microsoft.VisualStudio.TestTools.TestTypes.Unit.TestMethod, Microsoft.VisualStudio.QualityTools.Tips.UnitTest.ObjectModel, Version=8.0.0.0, Culture=neutral, PublicKeyToken=b03f5f7f11d50a3a"><className type="System.String">BrownShoe.UnitTests.Services.MarketingAdmin.DataFeedServiceTest, BrownShoe.UnitTests, Version=1.0.0.0, Culture=neutral, PublicKeyToken=null</className><name type="System.String">GetDataFeedStatusTest</name><expectedExceptionMessage type="System.String" /><isValid type="System.Boolean">False</isValid></testMethod><aspNetDevServers type="System.Collections.Generic.List`1[[Microsoft.VisualStudio.TestTools.Common.AspNetDevelopmentServer, Microsoft.VisualStudio.QualityTools.Common, Version=8.0.0.0, Culture=neutral, PublicKeyToken=b03f5f7f11d50a3a]]"><_size type="System.Int32">0</_size><_version type="System.Int32">0</_version></aspNetDevServers><dataAccessMethod type="Microsoft.VisualStudio.TestTools.UnitTesting.DataAccessMethod, Microsoft.VisualStudio.QualityTools.UnitTestFramework, Version=8.0.0.0, Culture=neutral, PublicKeyToken=b03f5f7f11d50a3a"><value__ type="System.Int32">0</value__></dataAccessMethod><cssProjectStructure type="System.String" /><isRunOnRestart type="System.Boolean">False</isRunOnRestart><timeOut type="System.Int32">0</timeOut><isGroupable type="System.Boolean">True</isGroupable><abortRunOnAgentFailure type="System.Boolean">False</abortRunOnAgentFailure><cssIteration type="System.String" /><workItemIds type="System.Collections.Generic.List`1[[System.Int32, mscorlib, Version=2.0.0.0, Culture=neutral, PublicKeyToken=b77a5c561934e089]]"><_size type="System.Int32">0</_size><_version type="System.Int32">1</_version></workItemIds><id type="Microsoft.VisualStudio.TestTools.Common.TestId"><id type="System.Guid">3e7af468-5b50-141f-bb6d-f24168fdf571</id></id><name type="System.String">GetDataFeedStatusTest</name><description type="System.String" /><enabled type="System.Boolean">True</enabled><owner type="System.String" /><priority type="System.Int32">0</priority><executionId type="Microsoft.VisualStudio.TestTools.Common.TestExecId"><id type="System.Guid">00000000-0000-0000-0000-000000000000</id></executionId><parentExecutId type="Microsoft.VisualStudio.TestTools.Common.TestExecId"><id type="System.Guid">00000000-0000-0000-0000-000000000000</id></parentExecutId><deploymentItems type="Microsoft.VisualStudio.TestTools.Common.DeploymentItemCollection" /><agentAttributes type="System.Collections.Specialized.StringDictionary, System, Version=2.0.0.0, Culture=neutral, PublicKeyToken=b77a5c561934e089" /><storage type="System.String">e:\projects\brownshoe\unit_tests\product\src\brownshoe\testing\unittests\bin\brownshoe.unittests.dll</storage><m_nonRunnableReason type="System.String" /></value><key type="Microsoft.VisualStudio.TestTools.Common.TestId"><id type="System.Guid">4fe928e1-f4d6-82b0-5f8c-50d1ccfe1bec</id></key><value type="Microsoft.VisualStudio.TestTools.TestTypes.Unit.UnitTestElement, Microsoft.VisualStudio.QualityTools.Tips.UnitTest.ObjectModel, Version=8.0.0.0, Culture=neutral, PublicKeyToken=b03f5f7f11d50a3a"><codeBase type="System.String">e:/projects/brownshoe/unit_tests/product/src/BrownShoe/Testing/UnitTests/bin/BrownShoe.UnitTests.DLL</codeBase><adapterTypeName type="System.String">Microsoft.VisualStudio.TestTools.TestTypes.Unit.UnitTestAdapter, Microsoft.VisualStudio.QualityTools.Tips.UnitTest.Adapter</adapterTypeName><testMethod type="Microsoft.VisualStudio.TestTools.TestTypes.Unit.TestMethod, Microsoft.VisualStudio.QualityTools.Tips.UnitTest.ObjectModel, Version=8.0.0.0, Culture=neutral, PublicKeyToken=b03f5f7f11d50a3a"><className type="System.String">BrownShoe.UnitTests.RetailApplicationCore.Checkout.CheckoutControllerTest, BrownShoe.UnitTests, Version=1.0.0.0, Culture=neutral, PublicKeyToken=null</className><name type="System.String">SubmitOrderTest</name><expectedExceptionMessage type="System.String" /><isValid type="System.Boolean">False</isValid></testMethod><aspNetDevServers type="System.Collections.Generic.List`1[[Microsoft.VisualStudio.TestTools.Common.AspNetDevelopmentServer, Microsoft.VisualStudio.QualityTools.Common, Version=8.0.0.0, Culture=neutral, PublicKeyToken=b03f5f7f11d50a3a]]"><_size type="System.Int32">0</_size><_version type="System.Int32">0</_version></aspNetDevServers><dataAccessMethod type="Microsoft.VisualStudio.TestTools.UnitTesting.DataAccessMethod, Microsoft.VisualStudio.QualityTools.UnitTestFramework, Version=8.0.0.0, Culture=neutral, PublicKeyToken=b03f5f7f11d50a3a"><value__ type="System.Int32">0</value__></dataAccessMethod><cssProjectStructure type="System.String" /><isRunOnRestart type="System.Boolean">False</isRunOnRestart><timeOut type="System.Int32">0</timeOut><isGroupable type="System.Boolean">True</isGroupable><abortRunOnAgentFailure type="System.Boolean">False</abortRunOnAgentFailure><cssIteration type="System.String" /><workItemIds type="System.Collections.Generic.List`1[[System.Int32, mscorlib, Version=2.0.0.0, Culture=neutral, PublicKeyToken=b77a5c561934e089]]"><_size type="System.Int32">0</_size><_version type="System.Int32">1</_version></workItemIds><id type="Microsoft.VisualStudio.TestTools.Common.TestId"><id type="System.Guid">4fe928e1-f4d6-82b0-5f8c-50d1ccfe1bec</id></id><name type="System.String">SubmitOrderTest</name><description type="System.String" /><enabled type="System.Boolean">True</enabled><owner type="System.String" /><priority type="System.Int32">0</priority><executionId type="Microsoft.VisualStudio.TestTools.Common.TestExecId"><id type="System.Guid">00000000-0000-0000-0000-000000000000</id></executionId><parentExecutId type="Microsoft.VisualStudio.TestTools.Common.TestExecId"><id type="System.Guid">00000000-0000-0000-0000-000000000000</id></parentExecutId><deploymentItems type="Microsoft.VisualStudio.TestTools.Common.DeploymentItemCollection" /><agentAttributes type="System.Collections.Specialized.StringDictionary, System, Version=2.0.0.0, Culture=neutral, PublicKeyToken=b77a5c561934e089" /><storage type="System.String">e:\projects\brownshoe\unit_tests\product\src\brownshoe\testing\unittests\bin\brownshoe.unittests.dll</storage><m_nonRunnableReason type="System.String" /></value><key type="Microsoft.VisualStudio.TestTools.Common.TestId"><id type="System.Guid">64059aa1-e80a-8ad4-ab71-5a9d63376f44</id></key><value type="Microsoft.VisualStudio.TestTools.TestTypes.Unit.UnitTestElement, Microsoft.VisualStudio.QualityTools.Tips.UnitTest.ObjectModel, Version=8.0.0.0, Culture=neutral, PublicKeyToken=b03f5f7f11d50a3a"><codeBase type="System.String">e:/projects/brownshoe/unit_tests/product/src/BrownShoe/Testing/UnitTests/bin/BrownShoe.UnitTests.DLL</codeBase><adapterTypeName type="System.String">Microsoft.VisualStudio.TestTools.TestTypes.Unit.UnitTestAdapter, Microsoft.VisualStudio.QualityTools.Tips.UnitTest.Adapter</adapterTypeName><testMethod type="Microsoft.VisualStudio.TestTools.TestTypes.Unit.TestMethod, Microsoft.VisualStudio.QualityTools.Tips.UnitTest.ObjectModel, Version=8.0.0.0, Culture=neutral, PublicKeyToken=b03f5f7f11d50a3a"><className type="System.String">BrownShoe.UnitTests.Services.Endeca.EndecaServiceTest, BrownShoe.UnitTests, Version=1.0.0.0, Culture=neutral, PublicKeyToken=null</className><name type="System.String">SearchAgainstDimensionsOnlyTest</name><expectedExceptionMessage type="System.String" /><isValid type="System.Boolean">False</isValid></testMethod><aspNetDevServers type="System.Collections.Generic.List`1[[Microsoft.VisualStudio.TestTools.Common.AspNetDevelopmentServer, Microsoft.VisualStudio.QualityTools.Common, Version=8.0.0.0, Culture=neutral, PublicKeyToken=b03f5f7f11d50a3a]]"><_size type="System.Int32">0</_size><_version type="System.Int32">0</_version></aspNetDevServers><dataAccessMethod type="Microsoft.VisualStudio.TestTools.UnitTesting.DataAccessMethod, Microsoft.VisualStudio.QualityTools.UnitTestFramework, Version=8.0.0.0, Culture=neutral, PublicKeyToken=b03f5f7f11d50a3a"><value__ type="System.Int32">0</value__></dataAccessMethod><cssProjectStructure type="System.String" /><isRunOnRestart type="System.Boolean">False</isRunOnRestart><timeOut type="System.Int32">0</timeOut><isGroupable type="System.Boolean">True</isGroupable><abortRunOnAgentFailure type="System.Boolean">False</abortRunOnAgentFailure><cssIteration type="System.String" /><workItemIds type="System.Collections.Generic.List`1[[System.Int32, mscorlib, Version=2.0.0.0, Culture=neutral, PublicKeyToken=b77a5c561934e089]]"><_size type="System.Int32">0</_size><_version type="System.Int32">1</_version></workItemIds><id type="Microsoft.VisualStudio.TestTools.Common.TestId"><id type="System.Guid">64059aa1-e80a-8ad4-ab71-5a9d63376f44</id></id><name type="System.String">SearchAgainstDimensionsOnlyTest</name><description type="System.String" /><enabled type="System.Boolean">True</enabled><owner type="System.String" /><priority type="System.Int32">0</priority><executionId type="Microsoft.VisualStudio.TestTools.Common.TestExecId"><id type="System.Guid">00000000-0000-0000-0000-000000000000</id></executionId><parentExecutId type="Microsoft.VisualStudio.TestTools.Common.TestExecId"><id type="System.Guid">00000000-0000-0000-0000-000000000000</id></parentExecutId><deploymentItems type="Microsoft.VisualStudio.TestTools.Common.DeploymentItemCollection" /><agentAttributes type="System.Collections.Specialized.StringDictionary, System, Version=2.0.0.0, Culture=neutral, PublicKeyToken=b77a5c561934e089" /><storage type="System.String">e:\projects\brownshoe\unit_tests\product\src\brownshoe\testing\unittests\bin\brownshoe.unittests.dll</storage><m_nonRunnableReason type="System.String" /></value><key type="Microsoft.VisualStudio.TestTools.Common.TestId"><id type="System.Guid">5a820df9-8bd3-5368-e16b-a02be6d8fc01</id></key><value type="Microsoft.VisualStudio.TestTools.TestTypes.Unit.UnitTestElement, Microsoft.VisualStudio.QualityTools.Tips.UnitTest.ObjectModel, Version=8.0.0.0, Culture=neutral, PublicKeyToken=b03f5f7f11d50a3a"><codeBase type="System.String">e:/projects/brownshoe/unit_tests/product/src/BrownShoe/Testing/UnitTests/bin/BrownShoe.UnitTests.DLL</codeBase><adapterTypeName type="System.String">Microsoft.VisualStudio.TestTools.TestTypes.Unit.UnitTestAdapter, Microsoft.VisualStudio.QualityTools.Tips.UnitTest.Adapter</adapterTypeName><testMethod type="Microsoft.VisualStudio.TestTools.TestTypes.Unit.TestMethod, Microsoft.VisualStudio.QualityTools.Tips.UnitTest.ObjectModel, Version=8.0.0.0, Culture=neutral, PublicKeyToken=b03f5f7f11d50a3a"><className type="System.String">BrownShoe.UnitTests.Services.Madison.StoreLocationTest, BrownShoe.UnitTests, Version=1.0.0.0, Culture=neutral, PublicKeyToken=null</className><name type="System.String">StoreNameTest</name><expectedExceptionMessage type="System.String" /><isValid type="System.Boolean">False</isValid></testMethod><aspNetDevServers type="System.Collections.Generic.List`1[[Microsoft.VisualStudio.TestTools.Common.AspNetDevelopmentServer, Microsoft.VisualStudio.QualityTools.Common, Version=8.0.0.0, Culture=neutral, PublicKeyToken=b03f5f7f11d50a3a]]"><_size type="System.Int32">0</_size><_version type="System.Int32">0</_version></aspNetDevServers><dataAccessMethod type="Microsoft.VisualStudio.TestTools.UnitTesting.DataAccessMethod, Microsoft.VisualStudio.QualityTools.UnitTestFramework, Version=8.0.0.0, Culture=neutral, PublicKeyToken=b03f5f7f11d50a3a"><value__ type="System.Int32">0</value__></dataAccessMethod><cssProjectStructure type="System.String" /><isRunOnRestart type="System.Boolean">False</isRunOnRestart><timeOut type="System.Int32">0</timeOut><isGroupable type="System.Boolean">True</isGroupable><abortRunOnAgentFailure type="System.Boolean">False</abortRunOnAgentFailure><cssIteration type="System.String" /><workItemIds type="System.Collections.Generic.List`1[[System.Int32, mscorlib, Version=2.0.0.0, Culture=neutral, PublicKeyToken=b77a5c561934e089]]"><_size type="System.Int32">0</_size><_version type="System.Int32">1</_version></workItemIds><id type="Microsoft.VisualStudio.TestTools.Common.TestId"><id type="System.Guid">5a820df9-8bd3-5368-e16b-a02be6d8fc01</id></id><name type="System.String">StoreNameTest</name><description type="System.String" /><enabled type="System.Boolean">True</enabled><owner type="System.String" /><priority type="System.Int32">0</priority><executionId type="Microsoft.VisualStudio.TestTools.Common.TestExecId"><id type="System.Guid">00000000-0000-0000-0000-000000000000</id></executionId><parentExecutId type="Microsoft.VisualStudio.TestTools.Common.TestExecId"><id type="System.Guid">00000000-0000-0000-0000-000000000000</id></parentExecutId><deploymentItems type="Microsoft.VisualStudio.TestTools.Common.DeploymentItemCollection" /><agentAttributes type="System.Collections.Specialized.StringDictionary, System, Version=2.0.0.0, Culture=neutral, PublicKeyToken=b77a5c561934e089" /><storage type="System.String">e:\projects\brownshoe\unit_tests\product\src\brownshoe\testing\unittests\bin\brownshoe.unittests.dll</storage><m_nonRunnableReason type="System.String" /></value><key type="Microsoft.VisualStudio.TestTools.Common.TestId"><id type="System.Guid">c1a45d77-1896-7468-59e6-5fbfc0e5a7dd</id></key><value type="Microsoft.VisualStudio.TestTools.TestTypes.Unit.UnitTestElement, Microsoft.VisualStudio.QualityTools.Tips.UnitTest.ObjectModel, Version=8.0.0.0, Culture=neutral, PublicKeyToken=b03f5f7f11d50a3a"><codeBase type="System.String">e:/projects/brownshoe/unit_tests/product/src/BrownShoe/Testing/UnitTests/bin/BrownShoe.UnitTests.DLL</codeBase><adapterTypeName type="System.String">Microsoft.VisualStudio.TestTools.TestTypes.Unit.UnitTestAdapter, Microsoft.VisualStudio.QualityTools.Tips.UnitTest.Adapter</adapterTypeName><testMethod type="Microsoft.VisualStudio.TestTools.TestTypes.Unit.TestMethod, Microsoft.VisualStudio.QualityTools.Tips.UnitTest.ObjectModel, Version=8.0.0.0, Culture=neutral, PublicKeyToken=b03f5f7f11d50a3a"><className type="System.String">BrownShoe.UnitTests.Services.ContentManagement.CMServiceTest, BrownShoe.UnitTests, Version=1.0.0.0, Culture=neutral, PublicKeyToken=null</className><name type="System.String">GetCurrentVersionTest</name><expectedExceptionMessage type="System.String" /><isValid type="System.Boolean">False</isValid></testMethod><aspNetDevServers type="System.Collections.Generic.List`1[[Microsoft.VisualStudio.TestTools.Common.AspNetDevelopmentServer, Microsoft.VisualStudio.QualityTools.Common, Version=8.0.0.0, Culture=neutral, PublicKeyToken=b03f5f7f11d50a3a]]"><_size type="System.Int32">0</_size><_version type="System.Int32">0</_version></aspNetDevServers><dataAccessMethod type="Microsoft.VisualStudio.TestTools.UnitTesting.DataAccessMethod, Microsoft.VisualStudio.QualityTools.UnitTestFramework, Version=8.0.0.0, Culture=neutral, PublicKeyToken=b03f5f7f11d50a3a"><value__ type="System.Int32">0</value__></dataAccessMethod><cssProjectStructure type="System.String" /><isRunOnRestart type="System.Boolean">False</isRunOnRestart><timeOut type="System.Int32">0</timeOut><isGroupable type="System.Boolean">True</isGroupable><abortRunOnAgentFailure type="System.Boolean">False</abortRunOnAgentFailure><cssIteration type="System.String" /><workItemIds type="System.Collections.Generic.List`1[[System.Int32, mscorlib, Version=2.0.0.0, Culture=neutral, PublicKeyToken=b77a5c561934e089]]"><_size type="System.Int32">0</_size><_version type="System.Int32">1</_version></workItemIds><id type="Microsoft.VisualStudio.TestTools.Common.TestId"><id type="System.Guid">c1a45d77-1896-7468-59e6-5fbfc0e5a7dd</id></id><name type="System.String">GetCurrentVersionTest</name><description type="System.String" /><enabled type="System.Boolean">True</enabled><owner type="System.String" /><priority type="System.Int32">0</priority><executionId type="Microsoft.VisualStudio.TestTools.Common.TestExecId"><id type="System.Guid">00000000-0000-0000-0000-000000000000</id></executionId><parentExecutId type="Microsoft.VisualStudio.TestTools.Common.TestExecId"><id type="System.Guid">00000000-0000-0000-0000-000000000000</id></parentExecutId><deploymentItems type="Microsoft.VisualStudio.TestTools.Common.DeploymentItemCollection" /><agentAttributes type="System.Collections.Specialized.StringDictionary, System, Version=2.0.0.0, Culture=neutral, PublicKeyToken=b77a5c561934e089" /><storage type="System.String">e:\projects\brownshoe\unit_tests\product\src\brownshoe\testing\unittests\bin\brownshoe.unittests.dll</storage><m_nonRunnableReason type="System.String" /></value><key type="Microsoft.VisualStudio.TestTools.Common.TestId"><id type="System.Guid">38ee0d87-bbed-fac4-306d-e37759fc7037</id></key><value type="Microsoft.VisualStudio.TestTools.TestTypes.Unit.UnitTestElement, Microsoft.VisualStudio.QualityTools.Tips.UnitTest.ObjectModel, Version=8.0.0.0, Culture=neutral, PublicKeyToken=b03f5f7f11d50a3a"><codeBase type="System.String">e:/projects/brownshoe/unit_tests/product/src/BrownShoe/Testing/UnitTests/bin/BrownShoe.UnitTests.DLL</codeBase><adapterTypeName type="System.String">Microsoft.VisualStudio.TestTools.TestTypes.Unit.UnitTestAdapter, Microsoft.VisualStudio.QualityTools.Tips.UnitTest.Adapter</adapterTypeName><testMethod type="Microsoft.VisualStudio.TestTools.TestTypes.Unit.TestMethod, Microsoft.VisualStudio.QualityTools.Tips.UnitTest.ObjectModel, Version=8.0.0.0, Culture=neutral, PublicKeyToken=b03f5f7f11d50a3a"><className type="System.String">BrownShoe.UnitTests.Services.Endeca.EndecaServiceTest, BrownShoe.UnitTests, Version=1.0.0.0, Culture=neutral, PublicKeyToken=null</className><name type="System.String">SearchSiblingRefinementsTest</name><expectedExceptionMessage type="System.String" /><isValid type="System.Boolean">False</isValid></testMethod><aspNetDevServers type="System.Collections.Generic.List`1[[Microsoft.VisualStudio.TestTools.Common.AspNetDevelopmentServer, Microsoft.VisualStudio.QualityTools.Common, Version=8.0.0.0, Culture=neutral, PublicKeyToken=b03f5f7f11d50a3a]]"><_size type="System.Int32">0</_size><_version type="System.Int32">0</_version></aspNetDevServers><dataAccessMethod type="Microsoft.VisualStudio.TestTools.UnitTesting.DataAccessMethod, Microsoft.VisualStudio.QualityTools.UnitTestFramework, Version=8.0.0.0, Culture=neutral, PublicKeyToken=b03f5f7f11d50a3a"><value__ type="System.Int32">0</value__></dataAccessMethod><cssProjectStructure type="System.String" /><isRunOnRestart type="System.Boolean">False</isRunOnRestart><timeOut type="System.Int32">0</timeOut><isGroupable type="System.Boolean">True</isGroupable><abortRunOnAgentFailure type="System.Boolean">False</abortRunOnAgentFailure><cssIteration type="System.String" /><workItemIds type="System.Collections.Generic.List`1[[System.Int32, mscorlib, Version=2.0.0.0, Culture=neutral, PublicKeyToken=b77a5c561934e089]]"><_size type="System.Int32">0</_size><_version type="System.Int32">1</_version></workItemIds><id type="Microsoft.VisualStudio.TestTools.Common.TestId"><id type="System.Guid">38ee0d87-bbed-fac4-306d-e37759fc7037</id></id><name type="System.String">SearchSiblingRefinementsTest</name><description type="System.String" /><enabled type="System.Boolean">True</enabled><owner type="System.String" /><priority type="System.Int32">0</priority><executionId type="Microsoft.VisualStudio.TestTools.Common.TestExecId"><id type="System.Guid">00000000-0000-0000-0000-000000000000</id></executionId><parentExecutId type="Microsoft.VisualStudio.TestTools.Common.TestExecId"><id type="System.Guid">00000000-0000-0000-0000-000000000000</id></parentExecutId><deploymentItems type="Microsoft.VisualStudio.TestTools.Common.DeploymentItemCollection" /><agentAttributes type="System.Collections.Specialized.StringDictionary, System, Version=2.0.0.0, Culture=neutral, PublicKeyToken=b77a5c561934e089" /><storage type="System.String">e:\projects\brownshoe\unit_tests\product\src\brownshoe\testing\unittests\bin\brownshoe.unittests.dll</storage><m_nonRunnableReason type="System.String" /></value><key type="Microsoft.VisualStudio.TestTools.Common.TestId"><id type="System.Guid">29fa1704-45a4-d9cb-c96d-2d4c3fb3a920</id></key><value type="Microsoft.VisualStudio.TestTools.TestTypes.Unit.UnitTestElement, Microsoft.VisualStudio.QualityTools.Tips.UnitTest.ObjectModel, Version=8.0.0.0, Culture=neutral, PublicKeyToken=b03f5f7f11d50a3a"><codeBase type="System.String">e:/projects/brownshoe/unit_tests/product/src/BrownShoe/Testing/UnitTests/bin/BrownShoe.UnitTests.DLL</codeBase><adapterTypeName type="System.String">Microsoft.VisualStudio.TestTools.TestTypes.Unit.UnitTestAdapter, Microsoft.VisualStudio.QualityTools.Tips.UnitTest.Adapter</adapterTypeName><testMethod type="Microsoft.VisualStudio.TestTools.TestTypes.Unit.TestMethod, Microsoft.VisualStudio.QualityTools.Tips.UnitTest.ObjectModel, Version=8.0.0.0, Culture=neutral, PublicKeyToken=b03f5f7f11d50a3a"><className type="System.String">BrownShoe.UnitTests.Services.Profiles.ProfileServiceTest, BrownShoe.UnitTests, Version=1.0.0.0, Culture=neutral, PublicKeyToken=null</className><name type="System.String">GetAddressTest</name><expectedExceptionMessage type="System.String" /><isValid type="System.Boolean">False</isValid></testMethod><aspNetDevServers type="System.Collections.Generic.List`1[[Microsoft.VisualStudio.TestTools.Common.AspNetDevelopmentServer, Microsoft.VisualStudio.QualityTools.Common, Version=8.0.0.0, Culture=neutral, PublicKeyToken=b03f5f7f11d50a3a]]"><_size type="System.Int32">0</_size><_version type="System.Int32">0</_version></aspNetDevServers><dataAccessMethod type="Microsoft.VisualStudio.TestTools.UnitTesting.DataAccessMethod, Microsoft.VisualStudio.QualityTools.UnitTestFramework, Version=8.0.0.0, Culture=neutral, PublicKeyToken=b03f5f7f11d50a3a"><value__ type="System.Int32">0</value__></dataAccessMethod><cssProjectStructure type="System.String" /><isRunOnRestart type="System.Boolean">False</isRunOnRestart><timeOut type="System.Int32">0</timeOut><isGroupable type="System.Boolean">True</isGroupable><abortRunOnAgentFailure type="System.Boolean">False</abortRunOnAgentFailure><cssIteration type="System.String" /><workItemIds type="System.Collections.Generic.List`1[[System.Int32, mscorlib, Version=2.0.0.0, Culture=neutral, PublicKeyToken=b77a5c561934e089]]"><_size type="System.Int32">0</_size><_version type="System.Int32">1</_version></workItemIds><id type="Microsoft.VisualStudio.TestTools.Common.TestId"><id type="System.Guid">29fa1704-45a4-d9cb-c96d-2d4c3fb3a920</id></id><name type="System.String">GetAddressTest</name><description type="System.String" /><enabled type="System.Boolean">True</enabled><owner type="System.String" /><priority type="System.Int32">0</priority><executionId type="Microsoft.VisualStudio.TestTools.Common.TestExecId"><id type="System.Guid">00000000-0000-0000-0000-000000000000</id></executionId><parentExecutId type="Microsoft.VisualStudio.TestTools.Common.TestExecId"><id type="System.Guid">00000000-0000-0000-0000-000000000000</id></parentExecutId><deploymentItems type="Microsoft.VisualStudio.TestTools.Common.DeploymentItemCollection" /><agentAttributes type="System.Collections.Specialized.StringDictionary, System, Version=2.0.0.0, Culture=neutral, PublicKeyToken=b77a5c561934e089" /><storage type="System.String">e:\projects\brownshoe\unit_tests\product\src\brownshoe\testing\unittests\bin\brownshoe.unittests.dll</storage><m_nonRunnableReason type="System.String" /></value><key type="Microsoft.VisualStudio.TestTools.Common.TestId"><id type="System.Guid">b0f419af-46dc-6d12-6cb7-345cfba4748d</id></key><value type="Microsoft.VisualStudio.TestTools.TestTypes.Unit.UnitTestElement, Microsoft.VisualStudio.QualityTools.Tips.UnitTest.ObjectModel, Version=8.0.0.0, Culture=neutral, PublicKeyToken=b03f5f7f11d50a3a"><codeBase type="System.String">e:/projects/brownshoe/unit_tests/product/src/BrownShoe/Testing/UnitTests/bin/BrownShoe.UnitTests.DLL</codeBase><adapterTypeName type="System.String">Microsoft.VisualStudio.TestTools.TestTypes.Unit.UnitTestAdapter, Microsoft.VisualStudio.QualityTools.Tips.UnitTest.Adapter</adapterTypeName><testMethod type="Microsoft.VisualStudio.TestTools.TestTypes.Unit.TestMethod, Microsoft.VisualStudio.QualityTools.Tips.UnitTest.ObjectModel, Version=8.0.0.0, Culture=neutral, PublicKeyToken=b03f5f7f11d50a3a"><className type="System.String">BrownShoe.UnitTests.Services.DataAccess.SysMonDBTest, BrownShoe.UnitTests, Version=1.0.0.0, Culture=neutral, PublicKeyToken=null</className><name type="System.String">CheckEbagReturnsTest</name><expectedExceptionMessage type="System.String" /><isValid type="System.Boolean">False</isValid></testMethod><aspNetDevServers type="System.Collections.Generic.List`1[[Microsoft.VisualStudio.TestTools.Common.AspNetDevelopmentServer, Microsoft.VisualStudio.QualityTools.Common, Version=8.0.0.0, Culture=neutral, PublicKeyToken=b03f5f7f11d50a3a]]"><_size type="System.Int32">0</_size><_version type="System.Int32">0</_version></aspNetDevServers><dataAccessMethod type="Microsoft.VisualStudio.TestTools.UnitTesting.DataAccessMethod, Microsoft.VisualStudio.QualityTools.UnitTestFramework, Version=8.0.0.0, Culture=neutral, PublicKeyToken=b03f5f7f11d50a3a"><value__ type="System.Int32">0</value__></dataAccessMethod><cssProjectStructure type="System.String" /><isRunOnRestart type="System.Boolean">False</isRunOnRestart><timeOut type="System.Int32">0</timeOut><isGroupable type="System.Boolean">True</isGroupable><abortRunOnAgentFailure type="System.Boolean">False</abortRunOnAgentFailure><cssIteration type="System.String" /><workItemIds type="System.Collections.Generic.List`1[[System.Int32, mscorlib, Version=2.0.0.0, Culture=neutral, PublicKeyToken=b77a5c561934e089]]"><_size type="System.Int32">0</_size><_version type="System.Int32">1</_version></workItemIds><id type="Microsoft.VisualStudio.TestTools.Common.TestId"><id type="System.Guid">b0f419af-46dc-6d12-6cb7-345cfba4748d</id></id><name type="System.String">CheckEbagReturnsTest</name><description type="System.String" /><enabled type="System.Boolean">True</enabled><owner type="System.String" /><priority type="System.Int32">0</priority><executionId type="Microsoft.VisualStudio.TestTools.Common.TestExecId"><id type="System.Guid">00000000-0000-0000-0000-000000000000</id></executionId><parentExecutId type="Microsoft.VisualStudio.TestTools.Common.TestExecId"><id type="System.Guid">00000000-0000-0000-0000-000000000000</id></parentExecutId><deploymentItems type="Microsoft.VisualStudio.TestTools.Common.DeploymentItemCollection" /><agentAttributes type="System.Collections.Specialized.StringDictionary, System, Version=2.0.0.0, Culture=neutral, PublicKeyToken=b77a5c561934e089" /><storage type="System.String">e:\projects\brownshoe\unit_tests\product\src\brownshoe\testing\unittests\bin\brownshoe.unittests.dll</storage><m_nonRunnableReason type="System.String" /></value><key type="Microsoft.VisualStudio.TestTools.Common.TestId"><id type="System.Guid">69696e19-bba5-9baf-41a1-ee8fa51cd09b</id></key><value type="Microsoft.VisualStudio.TestTools.TestTypes.Unit.UnitTestElement, Microsoft.VisualStudio.QualityTools.Tips.UnitTest.ObjectModel, Version=8.0.0.0, Culture=neutral, PublicKeyToken=b03f5f7f11d50a3a"><codeBase type="System.String">e:/projects/brownshoe/unit_tests/product/src/BrownShoe/Testing/UnitTests/bin/BrownShoe.UnitTests.DLL</codeBase><adapterTypeName type="System.String">Microsoft.VisualStudio.TestTools.TestTypes.Unit.UnitTestAdapter, Microsoft.VisualStudio.QualityTools.Tips.UnitTest.Adapter</adapterTypeName><testMethod type="Microsoft.VisualStudio.TestTools.TestTypes.Unit.TestMethod, Microsoft.VisualStudio.QualityTools.Tips.UnitTest.ObjectModel, Version=8.0.0.0, Culture=neutral, PublicKeyToken=b03f5f7f11d50a3a"><className type="System.String">BrownShoe.UnitTests.Services.ContentManagement.CMTokenServiceTest, BrownShoe.UnitTests, Version=1.0.0.0, Culture=neutral, PublicKeyToken=null</className><name type="System.String">GetBrandStyleListBassTest</name><expectedExceptionMessage type="System.String" /><isValid type="System.Boolean">False</isValid></testMethod><aspNetDevServers type="System.Collections.Generic.List`1[[Microsoft.VisualStudio.TestTools.Common.AspNetDevelopmentServer, Microsoft.VisualStudio.QualityTools.Common, Version=8.0.0.0, Culture=neutral, PublicKeyToken=b03f5f7f11d50a3a]]"><_size type="System.Int32">0</_size><_version type="System.Int32">0</_version></aspNetDevServers><dataAccessMethod type="Microsoft.VisualStudio.TestTools.UnitTesting.DataAccessMethod, Microsoft.VisualStudio.QualityTools.UnitTestFramework, Version=8.0.0.0, Culture=neutral, PublicKeyToken=b03f5f7f11d50a3a"><value__ type="System.Int32">0</value__></dataAccessMethod><cssProjectStructure type="System.String" /><isRunOnRestart type="System.Boolean">False</isRunOnRestart><timeOut type="System.Int32">0</timeOut><isGroupable type="System.Boolean">True</isGroupable><abortRunOnAgentFailure type="System.Boolean">False</abortRunOnAgentFailure><cssIteration type="System.String" /><workItemIds type="System.Collections.Generic.List`1[[System.Int32, mscorlib, Version=2.0.0.0, Culture=neutral, PublicKeyToken=b77a5c561934e089]]"><_size type="System.Int32">0</_size><_version type="System.Int32">1</_version></workItemIds><id type="Microsoft.VisualStudio.TestTools.Common.TestId"><id type="System.Guid">69696e19-bba5-9baf-41a1-ee8fa51cd09b</id></id><name type="System.String">GetBrandStyleListBassTest</name><description type="System.String" /><enabled type="System.Boolean">True</enabled><owner type="System.String" /><priority type="System.Int32">0</priority><executionId type="Microsoft.VisualStudio.TestTools.Common.TestExecId"><id type="System.Guid">00000000-0000-0000-0000-000000000000</id></executionId><parentExecutId type="Microsoft.VisualStudio.TestTools.Common.TestExecId"><id type="System.Guid">00000000-0000-0000-0000-000000000000</id></parentExecutId><deploymentItems type="Microsoft.VisualStudio.TestTools.Common.DeploymentItemCollection" /><agentAttributes type="System.Collections.Specialized.StringDictionary, System, Version=2.0.0.0, Culture=neutral, PublicKeyToken=b77a5c561934e089" /><storage type="System.String">e:\projects\brownshoe\unit_tests\product\src\brownshoe\testing\unittests\bin\brownshoe.unittests.dll</storage><m_nonRunnableReason type="System.String" /></value><key type="Microsoft.VisualStudio.TestTools.Common.TestId"><id type="System.Guid">18c2cc6f-a0c8-1fc2-ca3b-888f4cb82484</id></key><value type="Microsoft.VisualStudio.TestTools.TestTypes.Unit.UnitTestElement, Microsoft.VisualStudio.QualityTools.Tips.UnitTest.ObjectModel, Version=8.0.0.0, Culture=neutral, PublicKeyToken=b03f5f7f11d50a3a"><codeBase type="System.String">e:/projects/brownshoe/unit_tests/product/src/BrownShoe/Testing/UnitTests/bin/BrownShoe.UnitTests.DLL</codeBase><adapterTypeName type="System.String">Microsoft.VisualStudio.TestTools.TestTypes.Unit.UnitTestAdapter, Microsoft.VisualStudio.QualityTools.Tips.UnitTest.Adapter</adapterTypeName><testMethod type="Microsoft.VisualStudio.TestTools.TestTypes.Unit.TestMethod, Microsoft.VisualStudio.QualityTools.Tips.UnitTest.ObjectModel, Version=8.0.0.0, Culture=neutral, PublicKeyToken=b03f5f7f11d50a3a"><className type="System.String">BrownShoe.UnitTests.Services.Madison.HomeDeliveryOrderTest, BrownShoe.UnitTests, Version=1.0.0.0, Culture=neutral, PublicKeyToken=null</className><name type="System.String">TaxTest</name><expectedExceptionMessage type="System.String" /><isValid type="System.Boolean">False</isValid></testMethod><aspNetDevServers type="System.Collections.Generic.List`1[[Microsoft.VisualStudio.TestTools.Common.AspNetDevelopmentServer, Microsoft.VisualStudio.QualityTools.Common, Version=8.0.0.0, Culture=neutral, PublicKeyToken=b03f5f7f11d50a3a]]"><_size type="System.Int32">0</_size><_version type="System.Int32">0</_version></aspNetDevServers><dataAccessMethod type="Microsoft.VisualStudio.TestTools.UnitTesting.DataAccessMethod, Microsoft.VisualStudio.QualityTools.UnitTestFramework, Version=8.0.0.0, Culture=neutral, PublicKeyToken=b03f5f7f11d50a3a"><value__ type="System.Int32">0</value__></dataAccessMethod><cssProjectStructure type="System.String" /><isRunOnRestart type="System.Boolean">False</isRunOnRestart><timeOut type="System.Int32">0</timeOut><isGroupable type="System.Boolean">True</isGroupable><abortRunOnAgentFailure type="System.Boolean">False</abortRunOnAgentFailure><cssIteration type="System.String" /><workItemIds type="System.Collections.Generic.List`1[[System.Int32, mscorlib, Version=2.0.0.0, Culture=neutral, PublicKeyToken=b77a5c561934e089]]"><_size type="System.Int32">0</_size><_version type="System.Int32">1</_version></workItemIds><id type="Microsoft.VisualStudio.TestTools.Common.TestId"><id type="System.Guid">18c2cc6f-a0c8-1fc2-ca3b-888f4cb82484</id></id><name type="System.String">TaxTest</name><description type="System.String" /><enabled type="System.Boolean">True</enabled><owner type="System.String" /><priority type="System.Int32">0</priority><executionId type="Microsoft.VisualStudio.TestTools.Common.TestExecId"><id type="System.Guid">00000000-0000-0000-0000-000000000000</id></executionId><parentExecutId type="Microsoft.VisualStudio.TestTools.Common.TestExecId"><id type="System.Guid">00000000-0000-0000-0000-000000000000</id></parentExecutId><deploymentItems type="Microsoft.VisualStudio.TestTools.Common.DeploymentItemCollection" /><agentAttributes type="System.Collections.Specialized.StringDictionary, System, Version=2.0.0.0, Culture=neutral, PublicKeyToken=b77a5c561934e089" /><storage type="System.String">e:\projects\brownshoe\unit_tests\product\src\brownshoe\testing\unittests\bin\brownshoe.unittests.dll</storage><m_nonRunnableReason type="System.String" /></value><key type="Microsoft.VisualStudio.TestTools.Common.TestId"><id type="System.Guid">cd032960-81e0-317c-dc16-d3ccb985c2a4</id></key><value type="Microsoft.VisualStudio.TestTools.TestTypes.Unit.UnitTestElement, Microsoft.VisualStudio.QualityTools.Tips.UnitTest.ObjectModel, Version=8.0.0.0, Culture=neutral, PublicKeyToken=b03f5f7f11d50a3a"><codeBase type="System.String">e:/projects/brownshoe/unit_tests/product/src/BrownShoe/Testing/UnitTests/bin/BrownShoe.UnitTests.DLL</codeBase><adapterTypeName type="System.String">Microsoft.VisualStudio.TestTools.TestTypes.Unit.UnitTestAdapter, Microsoft.VisualStudio.QualityTools.Tips.UnitTest.Adapter</adapterTypeName><testMethod type="Microsoft.VisualStudio.TestTools.TestTypes.Unit.TestMethod, Microsoft.VisualStudio.QualityTools.Tips.UnitTest.ObjectModel, Version=8.0.0.0, Culture=neutral, PublicKeyToken=b03f5f7f11d50a3a"><className type="System.String">BrownShoe.UnitTests.Services.Catalog.BaseCatalogSearchTest, BrownShoe.UnitTests, Version=1.0.0.0, Culture=neutral, PublicKeyToken=null</className><name type="System.String">SearchTest</name><expectedExceptionMessage type="System.String" /><isValid type="System.Boolean">False</isValid></testMethod><aspNetDevServers type="System.Collections.Generic.List`1[[Microsoft.VisualStudio.TestTools.Common.AspNetDevelopmentServer, Microsoft.VisualStudio.QualityTools.Common, Version=8.0.0.0, Culture=neutral, PublicKeyToken=b03f5f7f11d50a3a]]"><_size type="System.Int32">0</_size><_version type="System.Int32">0</_version></aspNetDevServers><dataAccessMethod type="Microsoft.VisualStudio.TestTools.UnitTesting.DataAccessMethod, Microsoft.VisualStudio.QualityTools.UnitTestFramework, Version=8.0.0.0, Culture=neutral, PublicKeyToken=b03f5f7f11d50a3a"><value__ type="System.Int32">0</value__></dataAccessMethod><cssProjectStructure type="System.String" /><isRunOnRestart type="System.Boolean">False</isRunOnRestart><timeOut type="System.Int32">0</timeOut><isGroupable type="System.Boolean">True</isGroupable><abortRunOnAgentFailure type="System.Boolean">False</abortRunOnAgentFailure><cssIteration type="System.String" /><workItemIds type="System.Collections.Generic.List`1[[System.Int32, mscorlib, Version=2.0.0.0, Culture=neutral, PublicKeyToken=b77a5c561934e089]]"><_size type="System.Int32">0</_size><_version type="System.Int32">1</_version></workItemIds><id type="Microsoft.VisualStudio.TestTools.Common.TestId"><id type="System.Guid">cd032960-81e0-317c-dc16-d3ccb985c2a4</id></id><name type="System.String">SearchTest</name><description type="System.String" /><enabled type="System.Boolean">True</enabled><owner type="System.String" /><priority type="System.Int32">0</priority><executionId type="Microsoft.VisualStudio.TestTools.Common.TestExecId"><id type="System.Guid">00000000-0000-0000-0000-000000000000</id></executionId><parentExecutId type="Microsoft.VisualStudio.TestTools.Common.TestExecId"><id type="System.Guid">00000000-0000-0000-0000-000000000000</id></parentExecutId><deploymentItems type="Microsoft.VisualStudio.TestTools.Common.DeploymentItemCollection" /><agentAttributes type="System.Collections.Specialized.StringDictionary, System, Version=2.0.0.0, Culture=neutral, PublicKeyToken=b77a5c561934e089" /><storage type="System.String">e:\projects\brownshoe\unit_tests\product\src\brownshoe\testing\unittests\bin\brownshoe.unittests.dll</storage><m_nonRunnableReason type="System.String" /></value><key type="Microsoft.VisualStudio.TestTools.Common.TestId"><id type="System.Guid">f4e7eeb6-df5f-9d63-fdbe-bc06b5617f04</id></key><value type="Microsoft.VisualStudio.TestTools.TestTypes.Unit.UnitTestElement, Microsoft.VisualStudio.QualityTools.Tips.UnitTest.ObjectModel, Version=8.0.0.0, Culture=neutral, PublicKeyToken=b03f5f7f11d50a3a"><codeBase type="System.String">e:/projects/brownshoe/unit_tests/product/src/BrownShoe/Testing/UnitTests/bin/BrownShoe.UnitTests.DLL</codeBase><adapterTypeName type="System.String">Microsoft.VisualStudio.TestTools.TestTypes.Unit.UnitTestAdapter, Microsoft.VisualStudio.QualityTools.Tips.UnitTest.Adapter</adapterTypeName><testMethod type="Microsoft.VisualStudio.TestTools.TestTypes.Unit.TestMethod, Microsoft.VisualStudio.QualityTools.Tips.UnitTest.ObjectModel, Version=8.0.0.0, Culture=neutral, PublicKeyToken=b03f5f7f11d50a3a"><className type="System.String">BrownShoe.UnitTests.Services.Orders.GiftCertificateServiceTest, BrownShoe.UnitTests, Version=1.0.0.0, Culture=neutral, PublicKeyToken=null</className><name type="System.String">UpdateTest</name><expectedExceptionMessage type="System.String" /><isValid type="System.Boolean">False</isValid></testMethod><aspNetDevServers type="System.Collections.Generic.List`1[[Microsoft.VisualStudio.TestTools.Common.AspNetDevelopmentServer, Microsoft.VisualStudio.QualityTools.Common, Version=8.0.0.0, Culture=neutral, PublicKeyToken=b03f5f7f11d50a3a]]"><_size type="System.Int32">0</_size><_version type="System.Int32">0</_version></aspNetDevServers><dataAccessMethod type="Microsoft.VisualStudio.TestTools.UnitTesting.DataAccessMethod, Microsoft.VisualStudio.QualityTools.UnitTestFramework, Version=8.0.0.0, Culture=neutral, PublicKeyToken=b03f5f7f11d50a3a"><value__ type="System.Int32">0</value__></dataAccessMethod><cssProjectStructure type="System.String" /><isRunOnRestart type="System.Boolean">False</isRunOnRestart><timeOut type="System.Int32">0</timeOut><isGroupable type="System.Boolean">True</isGroupable><abortRunOnAgentFailure type="System.Boolean">False</abortRunOnAgentFailure><cssIteration type="System.String" /><workItemIds type="System.Collections.Generic.List`1[[System.Int32, mscorlib, Version=2.0.0.0, Culture=neutral, PublicKeyToken=b77a5c561934e089]]"><_size type="System.Int32">0</_size><_version type="System.Int32">1</_version></workItemIds><id type="Microsoft.VisualStudio.TestTools.Common.TestId"><id type="System.Guid">f4e7eeb6-df5f-9d63-fdbe-bc06b5617f04</id></id><name type="System.String">UpdateTest</name><description type="System.String" /><enabled type="System.Boolean">True</enabled><owner type="System.String" /><priority type="System.Int32">0</priority><executionId type="Microsoft.VisualStudio.TestTools.Common.TestExecId"><id type="System.Guid">00000000-0000-0000-0000-000000000000</id></executionId><parentExecutId type="Microsoft.VisualStudio.TestTools.Common.TestExecId"><id type="System.Guid">00000000-0000-0000-0000-000000000000</id></parentExecutId><deploymentItems type="Microsoft.VisualStudio.TestTools.Common.DeploymentItemCollection" /><agentAttributes type="System.Collections.Specialized.StringDictionary, System, Version=2.0.0.0, Culture=neutral, PublicKeyToken=b77a5c561934e089" /><storage type="System.String">e:\projects\brownshoe\unit_tests\product\src\brownshoe\testing\unittests\bin\brownshoe.unittests.dll</storage><m_nonRunnableReason type="System.String" /></value><key type="Microsoft.VisualStudio.TestTools.Common.TestId"><id type="System.Guid">4749a339-6463-c830-87e1-8927755bf626</id></key><value type="Microsoft.VisualStudio.TestTools.TestTypes.Unit.UnitTestElement, Microsoft.VisualStudio.QualityTools.Tips.UnitTest.ObjectModel, Version=8.0.0.0, Culture=neutral, PublicKeyToken=b03f5f7f11d50a3a"><codeBase type="System.String">e:/projects/brownshoe/unit_tests/product/src/BrownShoe/Testing/UnitTests/bin/BrownShoe.UnitTests.DLL</codeBase><adapterTypeName type="System.String">Microsoft.VisualStudio.TestTools.TestTypes.Unit.UnitTestAdapter, Microsoft.VisualStudio.QualityTools.Tips.UnitTest.Adapter</adapterTypeName><testMethod type="Microsoft.VisualStudio.TestTools.TestTypes.Unit.TestMethod, Microsoft.VisualStudio.QualityTools.Tips.UnitTest.ObjectModel, Version=8.0.0.0, Culture=neutral, PublicKeyToken=b03f5f7f11d50a3a"><className type="System.String">BrownShoe.UnitTests.Services.Madison.StoreLocationTest, BrownShoe.UnitTests, Version=1.0.0.0, Culture=neutral, PublicKeyToken=null</className><name type="System.String">AddressLine2Test</name><expectedExceptionMessage type="System.String" /><isValid type="System.Boolean">False</isValid></testMethod><aspNetDevServers type="System.Collections.Generic.List`1[[Microsoft.VisualStudio.TestTools.Common.AspNetDevelopmentServer, Microsoft.VisualStudio.QualityTools.Common, Version=8.0.0.0, Culture=neutral, PublicKeyToken=b03f5f7f11d50a3a]]"><_size type="System.Int32">0</_size><_version type="System.Int32">0</_version></aspNetDevServers><dataAccessMethod type="Microsoft.VisualStudio.TestTools.UnitTesting.DataAccessMethod, Microsoft.VisualStudio.QualityTools.UnitTestFramework, Version=8.0.0.0, Culture=neutral, PublicKeyToken=b03f5f7f11d50a3a"><value__ type="System.Int32">0</value__></dataAccessMethod><cssProjectStructure type="System.String" /><isRunOnRestart type="System.Boolean">False</isRunOnRestart><timeOut type="System.Int32">0</timeOut><isGroupable type="System.Boolean">True</isGroupable><abortRunOnAgentFailure type="System.Boolean">False</abortRunOnAgentFailure><cssIteration type="System.String" /><workItemIds type="System.Collections.Generic.List`1[[System.Int32, mscorlib, Version=2.0.0.0, Culture=neutral, PublicKeyToken=b77a5c561934e089]]"><_size type="System.Int32">0</_size><_version type="System.Int32">1</_version></workItemIds><id type="Microsoft.VisualStudio.TestTools.Common.TestId"><id type="System.Guid">4749a339-6463-c830-87e1-8927755bf626</id></id><name type="System.String">AddressLine2Test</name><description type="System.String" /><enabled type="System.Boolean">True</enabled><owner type="System.String" /><priority type="System.Int32">0</priority><executionId type="Microsoft.VisualStudio.TestTools.Common.TestExecId"><id type="System.Guid">00000000-0000-0000-0000-000000000000</id></executionId><parentExecutId type="Microsoft.VisualStudio.TestTools.Common.TestExecId"><id type="System.Guid">00000000-0000-0000-0000-000000000000</id></parentExecutId><deploymentItems type="Microsoft.VisualStudio.TestTools.Common.DeploymentItemCollection" /><agentAttributes type="System.Collections.Specialized.StringDictionary, System, Version=2.0.0.0, Culture=neutral, PublicKeyToken=b77a5c561934e089" /><storage type="System.String">e:\projects\brownshoe\unit_tests\product\src\brownshoe\testing\unittests\bin\brownshoe.unittests.dll</storage><m_nonRunnableReason type="System.String" /></value><key type="Microsoft.VisualStudio.TestTools.Common.TestId"><id type="System.Guid">3ab55965-9db6-5cb7-09d6-a3891a808343</id></key><value type="Microsoft.VisualStudio.TestTools.TestTypes.Unit.UnitTestElement, Microsoft.VisualStudio.QualityTools.Tips.UnitTest.ObjectModel, Version=8.0.0.0, Culture=neutral, PublicKeyToken=b03f5f7f11d50a3a"><codeBase type="System.String">e:/projects/brownshoe/unit_tests/product/src/BrownShoe/Testing/UnitTests/bin/BrownShoe.UnitTests.DLL</codeBase><adapterTypeName type="System.String">Microsoft.VisualStudio.TestTools.TestTypes.Unit.UnitTestAdapter, Microsoft.VisualStudio.QualityTools.Tips.UnitTest.Adapter</adapterTypeName><testMethod type="Microsoft.VisualStudio.TestTools.TestTypes.Unit.TestMethod, Microsoft.VisualStudio.QualityTools.Tips.UnitTest.ObjectModel, Version=8.0.0.0, Culture=neutral, PublicKeyToken=b03f5f7f11d50a3a"><className type="System.String">BrownShoe.UnitTests.Services.ContentManagement.CMServiceTest, BrownShoe.UnitTests, Version=1.0.0.0, Culture=neutral, PublicKeyToken=null</className><name type="System.String">AddContentPageTest</name><expectedExceptionMessage type="System.String" /><isValid type="System.Boolean">False</isValid></testMethod><aspNetDevServers type="System.Collections.Generic.List`1[[Microsoft.VisualStudio.TestTools.Common.AspNetDevelopmentServer, Microsoft.VisualStudio.QualityTools.Common, Version=8.0.0.0, Culture=neutral, PublicKeyToken=b03f5f7f11d50a3a]]"><_size type="System.Int32">0</_size><_version type="System.Int32">0</_version></aspNetDevServers><dataAccessMethod type="Microsoft.VisualStudio.TestTools.UnitTesting.DataAccessMethod, Microsoft.VisualStudio.QualityTools.UnitTestFramework, Version=8.0.0.0, Culture=neutral, PublicKeyToken=b03f5f7f11d50a3a"><value__ type="System.Int32">0</value__></dataAccessMethod><cssProjectStructure type="System.String" /><isRunOnRestart type="System.Boolean">False</isRunOnRestart><timeOut type="System.Int32">0</timeOut><isGroupable type="System.Boolean">True</isGroupable><abortRunOnAgentFailure type="System.Boolean">False</abortRunOnAgentFailure><cssIteration type="System.String" /><workItemIds type="System.Collections.Generic.List`1[[System.Int32, mscorlib, Version=2.0.0.0, Culture=neutral, PublicKeyToken=b77a5c561934e089]]"><_size type="System.Int32">0</_size><_version type="System.Int32">1</_version></workItemIds><id type="Microsoft.VisualStudio.TestTools.Common.TestId"><id type="System.Guid">3ab55965-9db6-5cb7-09d6-a3891a808343</id></id><name type="System.String">AddContentPageTest</name><description type="System.String" /><enabled type="System.Boolean">True</enabled><owner type="System.String" /><priority type="System.Int32">0</priority><executionId type="Microsoft.VisualStudio.TestTools.Common.TestExecId"><id type="System.Guid">00000000-0000-0000-0000-000000000000</id></executionId><parentExecutId type="Microsoft.VisualStudio.TestTools.Common.TestExecId"><id type="System.Guid">00000000-0000-0000-0000-000000000000</id></parentExecutId><deploymentItems type="Microsoft.VisualStudio.TestTools.Common.DeploymentItemCollection" /><agentAttributes type="System.Collections.Specialized.StringDictionary, System, Version=2.0.0.0, Culture=neutral, PublicKeyToken=b77a5c561934e089" /><storage type="System.String">e:\projects\brownshoe\unit_tests\product\src\brownshoe\testing\unittests\bin\brownshoe.unittests.dll</storage><m_nonRunnableReason type="System.String" /></value><key type="Microsoft.VisualStudio.TestTools.Common.TestId"><id type="System.Guid">7e1774f9-e96f-d335-cee5-7b0d24251c34</id></key><value type="Microsoft.VisualStudio.TestTools.TestTypes.Unit.UnitTestElement, Microsoft.VisualStudio.QualityTools.Tips.UnitTest.ObjectModel, Version=8.0.0.0, Culture=neutral, PublicKeyToken=b03f5f7f11d50a3a"><codeBase type="System.String">e:/projects/brownshoe/unit_tests/product/src/BrownShoe/Testing/UnitTests/bin/BrownShoe.UnitTests.DLL</codeBase><adapterTypeName type="System.String">Microsoft.VisualStudio.TestTools.TestTypes.Unit.UnitTestAdapter, Microsoft.VisualStudio.QualityTools.Tips.UnitTest.Adapter</adapterTypeName><testMethod type="Microsoft.VisualStudio.TestTools.TestTypes.Unit.TestMethod, Microsoft.VisualStudio.QualityTools.Tips.UnitTest.ObjectModel, Version=8.0.0.0, Culture=neutral, PublicKeyToken=b03f5f7f11d50a3a"><className type="System.String">BrownShoe.UnitTests.Services.Madison.SizeDataTest, BrownShoe.UnitTests, Version=1.0.0.0, Culture=neutral, PublicKeyToken=null</className><name type="System.String">NumericWidthTest</name><expectedExceptionMessage type="System.String" /><isValid type="System.Boolean">False</isValid></testMethod><aspNetDevServers type="System.Collections.Generic.List`1[[Microsoft.VisualStudio.TestTools.Common.AspNetDevelopmentServer, Microsoft.VisualStudio.QualityTools.Common, Version=8.0.0.0, Culture=neutral, PublicKeyToken=b03f5f7f11d50a3a]]"><_size type="System.Int32">0</_size><_version type="System.Int32">0</_version></aspNetDevServers><dataAccessMethod type="Microsoft.VisualStudio.TestTools.UnitTesting.DataAccessMethod, Microsoft.VisualStudio.QualityTools.UnitTestFramework, Version=8.0.0.0, Culture=neutral, PublicKeyToken=b03f5f7f11d50a3a"><value__ type="System.Int32">0</value__></dataAccessMethod><cssProjectStructure type="System.String" /><isRunOnRestart type="System.Boolean">False</isRunOnRestart><timeOut type="System.Int32">0</timeOut><isGroupable type="System.Boolean">True</isGroupable><abortRunOnAgentFailure type="System.Boolean">False</abortRunOnAgentFailure><cssIteration type="System.String" /><workItemIds type="System.Collections.Generic.List`1[[System.Int32, mscorlib, Version=2.0.0.0, Culture=neutral, PublicKeyToken=b77a5c561934e089]]"><_size type="System.Int32">0</_size><_version type="System.Int32">1</_version></workItemIds><id type="Microsoft.VisualStudio.TestTools.Common.TestId"><id type="System.Guid">7e1774f9-e96f-d335-cee5-7b0d24251c34</id></id><name type="System.String">NumericWidthTest</name><description type="System.String" /><enabled type="System.Boolean">True</enabled><owner type="System.String" /><priority type="System.Int32">0</priority><executionId type="Microsoft.VisualStudio.TestTools.Common.TestExecId"><id type="System.Guid">00000000-0000-0000-0000-000000000000</id></executionId><parentExecutId type="Microsoft.VisualStudio.TestTools.Common.TestExecId"><id type="System.Guid">00000000-0000-0000-0000-000000000000</id></parentExecutId><deploymentItems type="Microsoft.VisualStudio.TestTools.Common.DeploymentItemCollection" /><agentAttributes type="System.Collections.Specialized.StringDictionary, System, Version=2.0.0.0, Culture=neutral, PublicKeyToken=b77a5c561934e089" /><storage type="System.String">e:\projects\brownshoe\unit_tests\product\src\brownshoe\testing\unittests\bin\brownshoe.unittests.dll</storage><m_nonRunnableReason type="System.String" /></value><key type="Microsoft.VisualStudio.TestTools.Common.TestId"><id type="System.Guid">87dee82e-e35b-de1b-f2fb-d0da190f2393</id></key><value type="Microsoft.VisualStudio.TestTools.TestTypes.Unit.UnitTestElement, Microsoft.VisualStudio.QualityTools.Tips.UnitTest.ObjectModel, Version=8.0.0.0, Culture=neutral, PublicKeyToken=b03f5f7f11d50a3a"><codeBase type="System.String">e:/projects/brownshoe/unit_tests/product/src/BrownShoe/Testing/UnitTests/bin/BrownShoe.UnitTests.DLL</codeBase><adapterTypeName type="System.String">Microsoft.VisualStudio.TestTools.TestTypes.Unit.UnitTestAdapter, Microsoft.VisualStudio.QualityTools.Tips.UnitTest.Adapter</adapterTypeName><testMethod type="Microsoft.VisualStudio.TestTools.TestTypes.Unit.TestMethod, Microsoft.VisualStudio.QualityTools.Tips.UnitTest.ObjectModel, Version=8.0.0.0, Culture=neutral, PublicKeyToken=b03f5f7f11d50a3a"><className type="System.String">BrownShoe.UnitTests.Services.ContentManagement.CMServiceTest, BrownShoe.UnitTests, Version=1.0.0.0, Culture=neutral, PublicKeyToken=null</className><name type="System.String">UpdateContentPageTest</name><expectedExceptionMessage type="System.String" /><isValid type="System.Boolean">False</isValid></testMethod><aspNetDevServers type="System.Collections.Generic.List`1[[Microsoft.VisualStudio.TestTools.Common.AspNetDevelopmentServer, Microsoft.VisualStudio.QualityTools.Common, Version=8.0.0.0, Culture=neutral, PublicKeyToken=b03f5f7f11d50a3a]]"><_size type="System.Int32">0</_size><_version type="System.Int32">0</_version></aspNetDevServers><dataAccessMethod type="Microsoft.VisualStudio.TestTools.UnitTesting.DataAccessMethod, Microsoft.VisualStudio.QualityTools.UnitTestFramework, Version=8.0.0.0, Culture=neutral, PublicKeyToken=b03f5f7f11d50a3a"><value__ type="System.Int32">0</value__></dataAccessMethod><cssProjectStructure type="System.String" /><isRunOnRestart type="System.Boolean">False</isRunOnRestart><timeOut type="System.Int32">0</timeOut><isGroupable type="System.Boolean">True</isGroupable><abortRunOnAgentFailure type="System.Boolean">False</abortRunOnAgentFailure><cssIteration type="System.String" /><workItemIds type="System.Collections.Generic.List`1[[System.Int32, mscorlib, Version=2.0.0.0, Culture=neutral, PublicKeyToken=b77a5c561934e089]]"><_size type="System.Int32">0</_size><_version type="System.Int32">1</_version></workItemIds><id type="Microsoft.VisualStudio.TestTools.Common.TestId"><id type="System.Guid">87dee82e-e35b-de1b-f2fb-d0da190f2393</id></id><name type="System.String">UpdateContentPageTest</name><description type="System.String" /><enabled type="System.Boolean">True</enabled><owner type="System.String" /><priority type="System.Int32">0</priority><executionId type="Microsoft.VisualStudio.TestTools.Common.TestExecId"><id type="System.Guid">00000000-0000-0000-0000-000000000000</id></executionId><parentExecutId type="Microsoft.VisualStudio.TestTools.Common.TestExecId"><id type="System.Guid">00000000-0000-0000-0000-000000000000</id></parentExecutId><deploymentItems type="Microsoft.VisualStudio.TestTools.Common.DeploymentItemCollection" /><agentAttributes type="System.Collections.Specialized.StringDictionary, System, Version=2.0.0.0, Culture=neutral, PublicKeyToken=b77a5c561934e089" /><storage type="System.String">e:\projects\brownshoe\unit_tests\product\src\brownshoe\testing\unittests\bin\brownshoe.unittests.dll</storage><m_nonRunnableReason type="System.String" /></value><key type="Microsoft.VisualStudio.TestTools.Common.TestId"><id type="System.Guid">e957becf-ffcd-efca-398d-a469b433dce1</id></key><value type="Microsoft.VisualStudio.TestTools.TestTypes.Unit.UnitTestElement, Microsoft.VisualStudio.QualityTools.Tips.UnitTest.ObjectModel, Version=8.0.0.0, Culture=neutral, PublicKeyToken=b03f5f7f11d50a3a"><codeBase type="System.String">e:/projects/brownshoe/unit_tests/product/src/BrownShoe/Testing/UnitTests/bin/BrownShoe.UnitTests.DLL</codeBase><adapterTypeName type="System.String">Microsoft.VisualStudio.TestTools.TestTypes.Unit.UnitTestAdapter, Microsoft.VisualStudio.QualityTools.Tips.UnitTest.Adapter</adapterTypeName><testMethod type="Microsoft.VisualStudio.TestTools.TestTypes.Unit.TestMethod, Microsoft.VisualStudio.QualityTools.Tips.UnitTest.ObjectModel, Version=8.0.0.0, Culture=neutral, PublicKeyToken=b03f5f7f11d50a3a"><className type="System.String">BrownShoe.UnitTests.Services.Profiles.AddressServiceTest, BrownShoe.UnitTests, Version=1.0.0.0, Culture=neutral, PublicKeyToken=null</className><name type="System.String">ReadTest</name><expectedExceptionMessage type="System.String" /><isValid type="System.Boolean">False</isValid></testMethod><aspNetDevServers type="System.Collections.Generic.List`1[[Microsoft.VisualStudio.TestTools.Common.AspNetDevelopmentServer, Microsoft.VisualStudio.QualityTools.Common, Version=8.0.0.0, Culture=neutral, PublicKeyToken=b03f5f7f11d50a3a]]"><_size type="System.Int32">0</_size><_version type="System.Int32">0</_version></aspNetDevServers><dataAccessMethod type="Microsoft.VisualStudio.TestTools.UnitTesting.DataAccessMethod, Microsoft.VisualStudio.QualityTools.UnitTestFramework, Version=8.0.0.0, Culture=neutral, PublicKeyToken=b03f5f7f11d50a3a"><value__ type="System.Int32">0</value__></dataAccessMethod><cssProjectStructure type="System.String" /><isRunOnRestart type="System.Boolean">False</isRunOnRestart><timeOut type="System.Int32">0</timeOut><isGroupable type="System.Boolean">True</isGroupable><abortRunOnAgentFailure type="System.Boolean">False</abortRunOnAgentFailure><cssIteration type="System.String" /><workItemIds type="System.Collections.Generic.List`1[[System.Int32, mscorlib, Version=2.0.0.0, Culture=neutral, PublicKeyToken=b77a5c561934e089]]"><_size type="System.Int32">0</_size><_version type="System.Int32">1</_version></workItemIds><id type="Microsoft.VisualStudio.TestTools.Common.TestId"><id type="System.Guid">e957becf-ffcd-efca-398d-a469b433dce1</id></id><name type="System.String">ReadTest</name><description type="System.String" /><enabled type="System.Boolean">True</enabled><owner type="System.String" /><priority type="System.Int32">0</priority><executionId type="Microsoft.VisualStudio.TestTools.Common.TestExecId"><id type="System.Guid">00000000-0000-0000-0000-000000000000</id></executionId><parentExecutId type="Microsoft.VisualStudio.TestTools.Common.TestExecId"><id type="System.Guid">00000000-0000-0000-0000-000000000000</id></parentExecutId><deploymentItems type="Microsoft.VisualStudio.TestTools.Common.DeploymentItemCollection" /><agentAttributes type="System.Collections.Specialized.StringDictionary, System, Version=2.0.0.0, Culture=neutral, PublicKeyToken=b77a5c561934e089" /><storage type="System.String">e:\projects\brownshoe\unit_tests\product\src\brownshoe\testing\unittests\bin\brownshoe.unittests.dll</storage><m_nonRunnableReason type="System.String" /></value><key type="Microsoft.VisualStudio.TestTools.Common.TestId"><id type="System.Guid">4f819d3c-ed56-80ce-3785-9e8f4fced24e</id></key><value type="Microsoft.VisualStudio.TestTools.TestTypes.Unit.UnitTestElement, Microsoft.VisualStudio.QualityTools.Tips.UnitTest.ObjectModel, Version=8.0.0.0, Culture=neutral, PublicKeyToken=b03f5f7f11d50a3a"><codeBase type="System.String">e:/projects/brownshoe/unit_tests/product/src/BrownShoe/Testing/UnitTests/bin/BrownShoe.UnitTests.DLL</codeBase><adapterTypeName type="System.String">Microsoft.VisualStudio.TestTools.TestTypes.Unit.UnitTestAdapter, Microsoft.VisualStudio.QualityTools.Tips.UnitTest.Adapter</adapterTypeName><testMethod type="Microsoft.VisualStudio.TestTools.TestTypes.Unit.TestMethod, Microsoft.VisualStudio.QualityTools.Tips.UnitTest.ObjectModel, Version=8.0.0.0, Culture=neutral, PublicKeyToken=b03f5f7f11d50a3a"><className type="System.String">BrownShoe.UnitTests.Services.Search.SearchServiceTest, BrownShoe.UnitTests, Version=1.0.0.0, Culture=neutral, PublicKeyToken=null</className><name type="System.String">GetCategorySearchTest</name><expectedExceptionMessage type="System.String" /><isValid type="System.Boolean">False</isValid></testMethod><aspNetDevServers type="System.Collections.Generic.List`1[[Microsoft.VisualStudio.TestTools.Common.AspNetDevelopmentServer, Microsoft.VisualStudio.QualityTools.Common, Version=8.0.0.0, Culture=neutral, PublicKeyToken=b03f5f7f11d50a3a]]"><_size type="System.Int32">0</_size><_version type="System.Int32">0</_version></aspNetDevServers><dataAccessMethod type="Microsoft.VisualStudio.TestTools.UnitTesting.DataAccessMethod, Microsoft.VisualStudio.QualityTools.UnitTestFramework, Version=8.0.0.0, Culture=neutral, PublicKeyToken=b03f5f7f11d50a3a"><value__ type="System.Int32">0</value__></dataAccessMethod><cssProjectStructure type="System.String" /><isRunOnRestart type="System.Boolean">False</isRunOnRestart><timeOut type="System.Int32">0</timeOut><isGroupable type="System.Boolean">True</isGroupable><abortRunOnAgentFailure type="System.Boolean">False</abortRunOnAgentFailure><cssIteration type="System.String" /><workItemIds type="System.Collections.Generic.List`1[[System.Int32, mscorlib, Version=2.0.0.0, Culture=neutral, PublicKeyToken=b77a5c561934e089]]"><_size type="System.Int32">0</_size><_version type="System.Int32">1</_version></workItemIds><id type="Microsoft.VisualStudio.TestTools.Common.TestId"><id type="System.Guid">4f819d3c-ed56-80ce-3785-9e8f4fced24e</id></id><name type="System.String">GetCategorySearchTest</name><description type="System.String" /><enabled type="System.Boolean">True</enabled><owner type="System.String" /><priority type="System.Int32">0</priority><executionId type="Microsoft.VisualStudio.TestTools.Common.TestExecId"><id type="System.Guid">00000000-0000-0000-0000-000000000000</id></executionId><parentExecutId type="Microsoft.VisualStudio.TestTools.Common.TestExecId"><id type="System.Guid">00000000-0000-0000-0000-000000000000</id></parentExecutId><deploymentItems type="Microsoft.VisualStudio.TestTools.Common.DeploymentItemCollection" /><agentAttributes type="System.Collections.Specialized.StringDictionary, System, Version=2.0.0.0, Culture=neutral, PublicKeyToken=b77a5c561934e089" /><storage type="System.String">e:\projects\brownshoe\unit_tests\product\src\brownshoe\testing\unittests\bin\brownshoe.unittests.dll</storage><m_nonRunnableReason type="System.String" /></value><key type="Microsoft.VisualStudio.TestTools.Common.TestId"><id type="System.Guid">f2ae42da-79de-2c11-45ba-300d4848f277</id></key><value type="Microsoft.VisualStudio.TestTools.TestTypes.Unit.UnitTestElement, Microsoft.VisualStudio.QualityTools.Tips.UnitTest.ObjectModel, Version=8.0.0.0, Culture=neutral, PublicKeyToken=b03f5f7f11d50a3a"><codeBase type="System.String">e:/projects/brownshoe/unit_tests/product/src/BrownShoe/Testing/UnitTests/bin/BrownShoe.UnitTests.DLL</codeBase><adapterTypeName type="System.String">Microsoft.VisualStudio.TestTools.TestTypes.Unit.UnitTestAdapter, Microsoft.VisualStudio.QualityTools.Tips.UnitTest.Adapter</adapterTypeName><testMethod type="Microsoft.VisualStudio.TestTools.TestTypes.Unit.TestMethod, Microsoft.VisualStudio.QualityTools.Tips.UnitTest.ObjectModel, Version=8.0.0.0, Culture=neutral, PublicKeyToken=b03f5f7f11d50a3a"><className type="System.String">BrownShoe.UnitTests.Services.Orders.CustomerOrderServiceTest, BrownShoe.UnitTests, Version=1.0.0.0, Culture=neutral, PublicKeyToken=null</className><name type="System.String">OrderReviewStartTest</name><expectedExceptionMessage type="System.String" /><isValid type="System.Boolean">False</isValid></testMethod><aspNetDevServers type="System.Collections.Generic.List`1[[Microsoft.VisualStudio.TestTools.Common.AspNetDevelopmentServer, Microsoft.VisualStudio.QualityTools.Common, Version=8.0.0.0, Culture=neutral, PublicKeyToken=b03f5f7f11d50a3a]]"><_size type="System.Int32">0</_size><_version type="System.Int32">0</_version></aspNetDevServers><dataAccessMethod type="Microsoft.VisualStudio.TestTools.UnitTesting.DataAccessMethod, Microsoft.VisualStudio.QualityTools.UnitTestFramework, Version=8.0.0.0, Culture=neutral, PublicKeyToken=b03f5f7f11d50a3a"><value__ type="System.Int32">0</value__></dataAccessMethod><cssProjectStructure type="System.String" /><isRunOnRestart type="System.Boolean">False</isRunOnRestart><timeOut type="System.Int32">0</timeOut><isGroupable type="System.Boolean">True</isGroupable><abortRunOnAgentFailure type="System.Boolean">False</abortRunOnAgentFailure><cssIteration type="System.String" /><workItemIds type="System.Collections.Generic.List`1[[System.Int32, mscorlib, Version=2.0.0.0, Culture=neutral, PublicKeyToken=b77a5c561934e089]]"><_size type="System.Int32">0</_size><_version type="System.Int32">1</_version></workItemIds><id type="Microsoft.VisualStudio.TestTools.Common.TestId"><id type="System.Guid">f2ae42da-79de-2c11-45ba-300d4848f277</id></id><name type="System.String">OrderReviewStartTest</name><description type="System.String" /><enabled type="System.Boolean">True</enabled><owner type="System.String" /><priority type="System.Int32">0</priority><executionId type="Microsoft.VisualStudio.TestTools.Common.TestExecId"><id type="System.Guid">00000000-0000-0000-0000-000000000000</id></executionId><parentExecutId type="Microsoft.VisualStudio.TestTools.Common.TestExecId"><id type="System.Guid">00000000-0000-0000-0000-000000000000</id></parentExecutId><deploymentItems type="Microsoft.VisualStudio.TestTools.Common.DeploymentItemCollection" /><agentAttributes type="System.Collections.Specialized.StringDictionary, System, Version=2.0.0.0, Culture=neutral, PublicKeyToken=b77a5c561934e089" /><storage type="System.String">e:\projects\brownshoe\unit_tests\product\src\brownshoe\testing\unittests\bin\brownshoe.unittests.dll</storage><m_nonRunnableReason type="System.String" /></value><key type="Microsoft.VisualStudio.TestTools.Common.TestId"><id type="System.Guid">e17496e1-7edf-4220-8f10-ec5d18f9f40f</id></key><value type="Microsoft.VisualStudio.TestTools.TestTypes.Unit.UnitTestElement, Microsoft.VisualStudio.QualityTools.Tips.UnitTest.ObjectModel, Version=8.0.0.0, Culture=neutral, PublicKeyToken=b03f5f7f11d50a3a"><codeBase type="System.String">e:/projects/brownshoe/unit_tests/product/src/BrownShoe/Testing/UnitTests/bin/BrownShoe.UnitTests.DLL</codeBase><adapterTypeName type="System.String">Microsoft.VisualStudio.TestTools.TestTypes.Unit.UnitTestAdapter, Microsoft.VisualStudio.QualityTools.Tips.UnitTest.Adapter</adapterTypeName><testMethod type="Microsoft.VisualStudio.TestTools.TestTypes.Unit.TestMethod, Microsoft.VisualStudio.QualityTools.Tips.UnitTest.ObjectModel, Version=8.0.0.0, Culture=neutral, PublicKeyToken=b03f5f7f11d50a3a"><className type="System.String">BrownShoe.UnitTests.DefaultShippingCalculatorTest, BrownShoe.UnitTests, Version=1.0.0.0, Culture=neutral, PublicKeyToken=null</className><name type="System.String">CalculateShippingContinentalUPS2ndDayTest</name><expectedExceptionMessage type="System.String" /><isValid type="System.Boolean">False</isValid></testMethod><aspNetDevServers type="System.Collections.Generic.List`1[[Microsoft.VisualStudio.TestTools.Common.AspNetDevelopmentServer, Microsoft.VisualStudio.QualityTools.Common, Version=8.0.0.0, Culture=neutral, PublicKeyToken=b03f5f7f11d50a3a]]"><_size type="System.Int32">0</_size><_version type="System.Int32">0</_version></aspNetDevServers><dataAccessMethod type="Microsoft.VisualStudio.TestTools.UnitTesting.DataAccessMethod, Microsoft.VisualStudio.QualityTools.UnitTestFramework, Version=8.0.0.0, Culture=neutral, PublicKeyToken=b03f5f7f11d50a3a"><value__ type="System.Int32">0</value__></dataAccessMethod><cssProjectStructure type="System.String" /><isRunOnRestart type="System.Boolean">False</isRunOnRestart><timeOut type="System.Int32">0</timeOut><isGroupable type="System.Boolean">True</isGroupable><abortRunOnAgentFailure type="System.Boolean">False</abortRunOnAgentFailure><cssIteration type="System.String" /><workItemIds type="System.Collections.Generic.List`1[[System.Int32, mscorlib, Version=2.0.0.0, Culture=neutral, PublicKeyToken=b77a5c561934e089]]"><_size type="System.Int32">0</_size><_version type="System.Int32">1</_version></workItemIds><id type="Microsoft.VisualStudio.TestTools.Common.TestId"><id type="System.Guid">e17496e1-7edf-4220-8f10-ec5d18f9f40f</id></id><name type="System.String">CalculateShippingContinentalUPS2ndDayTest</name><description type="System.String" /><enabled type="System.Boolean">True</enabled><owner type="System.String" /><priority type="System.Int32">0</priority><executionId type="Microsoft.VisualStudio.TestTools.Common.TestExecId"><id type="System.Guid">00000000-0000-0000-0000-000000000000</id></executionId><parentExecutId type="Microsoft.VisualStudio.TestTools.Common.TestExecId"><id type="System.Guid">00000000-0000-0000-0000-000000000000</id></parentExecutId><deploymentItems type="Microsoft.VisualStudio.TestTools.Common.DeploymentItemCollection" /><agentAttributes type="System.Collections.Specialized.StringDictionary, System, Version=2.0.0.0, Culture=neutral, PublicKeyToken=b77a5c561934e089" /><storage type="System.String">e:\projects\brownshoe\unit_tests\product\src\brownshoe\testing\unittests\bin\brownshoe.unittests.dll</storage><m_nonRunnableReason type="System.String" /></value><key type="Microsoft.VisualStudio.TestTools.Common.TestId"><id type="System.Guid">072dab9c-d8ba-230d-b0ba-d965b93a8fae</id></key><value type="Microsoft.VisualStudio.TestTools.TestTypes.Unit.UnitTestElement, Microsoft.VisualStudio.QualityTools.Tips.UnitTest.ObjectModel, Version=8.0.0.0, Culture=neutral, PublicKeyToken=b03f5f7f11d50a3a"><codeBase type="System.String">e:/projects/brownshoe/unit_tests/product/src/BrownShoe/Testing/UnitTests/bin/BrownShoe.UnitTests.DLL</codeBase><adapterTypeName type="System.String">Microsoft.VisualStudio.TestTools.TestTypes.Unit.UnitTestAdapter, Microsoft.VisualStudio.QualityTools.Tips.UnitTest.Adapter</adapterTypeName><testMethod type="Microsoft.VisualStudio.TestTools.TestTypes.Unit.TestMethod, Microsoft.VisualStudio.QualityTools.Tips.UnitTest.ObjectModel, Version=8.0.0.0, Culture=neutral, PublicKeyToken=b03f5f7f11d50a3a"><className type="System.String">BrownShoe.UnitTests.Services.DataAccess.SysMonDBTest, BrownShoe.UnitTests, Version=1.0.0.0, Culture=neutral, PublicKeyToken=null</className><name type="System.String">CheckAmazonOrderFulfillments1Test</name><expectedExceptionMessage type="System.String" /><isValid type="System.Boolean">False</isValid></testMethod><aspNetDevServers type="System.Collections.Generic.List`1[[Microsoft.VisualStudio.TestTools.Common.AspNetDevelopmentServer, Microsoft.VisualStudio.QualityTools.Common, Version=8.0.0.0, Culture=neutral, PublicKeyToken=b03f5f7f11d50a3a]]"><_size type="System.Int32">0</_size><_version type="System.Int32">0</_version></aspNetDevServers><dataAccessMethod type="Microsoft.VisualStudio.TestTools.UnitTesting.DataAccessMethod, Microsoft.VisualStudio.QualityTools.UnitTestFramework, Version=8.0.0.0, Culture=neutral, PublicKeyToken=b03f5f7f11d50a3a"><value__ type="System.Int32">0</value__></dataAccessMethod><cssProjectStructure type="System.String" /><isRunOnRestart type="System.Boolean">False</isRunOnRestart><timeOut type="System.Int32">0</timeOut><isGroupable type="System.Boolean">True</isGroupable><abortRunOnAgentFailure type="System.Boolean">False</abortRunOnAgentFailure><cssIteration type="System.String" /><workItemIds type="System.Collections.Generic.List`1[[System.Int32, mscorlib, Version=2.0.0.0, Culture=neutral, PublicKeyToken=b77a5c561934e089]]"><_size type="System.Int32">0</_size><_version type="System.Int32">1</_version></workItemIds><id type="Microsoft.VisualStudio.TestTools.Common.TestId"><id type="System.Guid">072dab9c-d8ba-230d-b0ba-d965b93a8fae</id></id><name type="System.String">CheckAmazonOrderFulfillments1Test</name><description type="System.String" /><enabled type="System.Boolean">True</enabled><owner type="System.String" /><priority type="System.Int32">0</priority><executionId type="Microsoft.VisualStudio.TestTools.Common.TestExecId"><id type="System.Guid">00000000-0000-0000-0000-000000000000</id></executionId><parentExecutId type="Microsoft.VisualStudio.TestTools.Common.TestExecId"><id type="System.Guid">00000000-0000-0000-0000-000000000000</id></parentExecutId><deploymentItems type="Microsoft.VisualStudio.TestTools.Common.DeploymentItemCollection" /><agentAttributes type="System.Collections.Specialized.StringDictionary, System, Version=2.0.0.0, Culture=neutral, PublicKeyToken=b77a5c561934e089" /><storage type="System.String">e:\projects\brownshoe\unit_tests\product\src\brownshoe\testing\unittests\bin\brownshoe.unittests.dll</storage><m_nonRunnableReason type="System.String" /></value><key type="Microsoft.VisualStudio.TestTools.Common.TestId"><id type="System.Guid">b7f4897c-f815-90ce-427d-aff93e76aa56</id></key><value type="Microsoft.VisualStudio.TestTools.TestTypes.Unit.UnitTestElement, Microsoft.VisualStudio.QualityTools.Tips.UnitTest.ObjectModel, Version=8.0.0.0, Culture=neutral, PublicKeyToken=b03f5f7f11d50a3a"><codeBase type="System.String">e:/projects/brownshoe/unit_tests/product/src/BrownShoe/Testing/UnitTests/bin/BrownShoe.UnitTests.DLL</codeBase><adapterTypeName type="System.String">Microsoft.VisualStudio.TestTools.TestTypes.Unit.UnitTestAdapter, Microsoft.VisualStudio.QualityTools.Tips.UnitTest.Adapter</adapterTypeName><testMethod type="Microsoft.VisualStudio.TestTools.TestTypes.Unit.TestMethod, Microsoft.VisualStudio.QualityTools.Tips.UnitTest.ObjectModel, Version=8.0.0.0, Culture=neutral, PublicKeyToken=b03f5f7f11d50a3a"><className type="System.String">BrownShoe.UnitTests.Services.Madison.MadisonWebServiceTest, BrownShoe.UnitTests, Version=1.0.0.0, Culture=neutral, PublicKeyToken=null</className><name type="System.String">LocateStoresTest</name><expectedExceptionMessage type="System.String" /><isValid type="System.Boolean">False</isValid></testMethod><aspNetDevServers type="System.Collections.Generic.List`1[[Microsoft.VisualStudio.TestTools.Common.AspNetDevelopmentServer, Microsoft.VisualStudio.QualityTools.Common, Version=8.0.0.0, Culture=neutral, PublicKeyToken=b03f5f7f11d50a3a]]"><_size type="System.Int32">0</_size><_version type="System.Int32">0</_version></aspNetDevServers><dataAccessMethod type="Microsoft.VisualStudio.TestTools.UnitTesting.DataAccessMethod, Microsoft.VisualStudio.QualityTools.UnitTestFramework, Version=8.0.0.0, Culture=neutral, PublicKeyToken=b03f5f7f11d50a3a"><value__ type="System.Int32">0</value__></dataAccessMethod><cssProjectStructure type="System.String" /><isRunOnRestart type="System.Boolean">False</isRunOnRestart><timeOut type="System.Int32">0</timeOut><isGroupable type="System.Boolean">True</isGroupable><abortRunOnAgentFailure type="System.Boolean">False</abortRunOnAgentFailure><cssIteration type="System.String" /><workItemIds type="System.Collections.Generic.List`1[[System.Int32, mscorlib, Version=2.0.0.0, Culture=neutral, PublicKeyToken=b77a5c561934e089]]"><_size type="System.Int32">0</_size><_version type="System.Int32">1</_version></workItemIds><id type="Microsoft.VisualStudio.TestTools.Common.TestId"><id type="System.Guid">b7f4897c-f815-90ce-427d-aff93e76aa56</id></id><name type="System.String">LocateStoresTest</name><description type="System.String" /><enabled type="System.Boolean">True</enabled><owner type="System.String" /><priority type="System.Int32">0</priority><executionId type="Microsoft.VisualStudio.TestTools.Common.TestExecId"><id type="System.Guid">00000000-0000-0000-0000-000000000000</id></executionId><parentExecutId type="Microsoft.VisualStudio.TestTools.Common.TestExecId"><id type="System.Guid">00000000-0000-0000-0000-000000000000</id></parentExecutId><deploymentItems type="Microsoft.VisualStudio.TestTools.Common.DeploymentItemCollection" /><agentAttributes type="System.Collections.Specialized.StringDictionary, System, Version=2.0.0.0, Culture=neutral, PublicKeyToken=b77a5c561934e089" /><storage type="System.String">e:\projects\brownshoe\unit_tests\product\src\brownshoe\testing\unittests\bin\brownshoe.unittests.dll</storage><m_nonRunnableReason type="System.String" /></value><key type="Microsoft.VisualStudio.TestTools.Common.TestId"><id type="System.Guid">61fa542d-dbe3-6718-bbb5-c310cfb59eb5</id></key><value type="Microsoft.VisualStudio.TestTools.TestTypes.Unit.UnitTestElement, Microsoft.VisualStudio.QualityTools.Tips.UnitTest.ObjectModel, Version=8.0.0.0, Culture=neutral, PublicKeyToken=b03f5f7f11d50a3a"><codeBase type="System.String">e:/projects/brownshoe/unit_tests/product/src/BrownShoe/Testing/UnitTests/bin/BrownShoe.UnitTests.DLL</codeBase><adapterTypeName type="System.String">Microsoft.VisualStudio.TestTools.TestTypes.Unit.UnitTestAdapter, Microsoft.VisualStudio.QualityTools.Tips.UnitTest.Adapter</adapterTypeName><testMethod type="Microsoft.VisualStudio.TestTools.TestTypes.Unit.TestMethod, Microsoft.VisualStudio.QualityTools.Tips.UnitTest.ObjectModel, Version=8.0.0.0, Culture=neutral, PublicKeyToken=b03f5f7f11d50a3a"><className type="System.String">BrownShoe.UnitTests.Services.DataAccess.MerchandiseReturnDBTest, BrownShoe.UnitTests, Version=1.0.0.0, Culture=neutral, PublicKeyToken=null</className><name type="System.String">SaveReturnAddressTest</name><expectedExceptionMessage type="System.String" /><isValid type="System.Boolean">False</isValid></testMethod><aspNetDevServers type="System.Collections.Generic.List`1[[Microsoft.VisualStudio.TestTools.Common.AspNetDevelopmentServer, Microsoft.VisualStudio.QualityTools.Common, Version=8.0.0.0, Culture=neutral, PublicKeyToken=b03f5f7f11d50a3a]]"><_size type="System.Int32">0</_size><_version type="System.Int32">0</_version></aspNetDevServers><dataAccessMethod type="Microsoft.VisualStudio.TestTools.UnitTesting.DataAccessMethod, Microsoft.VisualStudio.QualityTools.UnitTestFramework, Version=8.0.0.0, Culture=neutral, PublicKeyToken=b03f5f7f11d50a3a"><value__ type="System.Int32">0</value__></dataAccessMethod><cssProjectStructure type="System.String" /><isRunOnRestart type="System.Boolean">False</isRunOnRestart><timeOut type="System.Int32">0</timeOut><isGroupable type="System.Boolean">True</isGroupable><abortRunOnAgentFailure type="System.Boolean">False</abortRunOnAgentFailure><cssIteration type="System.String" /><workItemIds type="System.Collections.Generic.List`1[[System.Int32, mscorlib, Version=2.0.0.0, Culture=neutral, PublicKeyToken=b77a5c561934e089]]"><_size type="System.Int32">0</_size><_version type="System.Int32">1</_version></workItemIds><id type="Microsoft.VisualStudio.TestTools.Common.TestId"><id type="System.Guid">61fa542d-dbe3-6718-bbb5-c310cfb59eb5</id></id><name type="System.String">SaveReturnAddressTest</name><description type="System.String" /><enabled type="System.Boolean">True</enabled><owner type="System.String" /><priority type="System.Int32">0</priority><executionId type="Microsoft.VisualStudio.TestTools.Common.TestExecId"><id type="System.Guid">00000000-0000-0000-0000-000000000000</id></executionId><parentExecutId type="Microsoft.VisualStudio.TestTools.Common.TestExecId"><id type="System.Guid">00000000-0000-0000-0000-000000000000</id></parentExecutId><deploymentItems type="Microsoft.VisualStudio.TestTools.Common.DeploymentItemCollection" /><agentAttributes type="System.Collections.Specialized.StringDictionary, System, Version=2.0.0.0, Culture=neutral, PublicKeyToken=b77a5c561934e089" /><storage type="System.String">e:\projects\brownshoe\unit_tests\product\src\brownshoe\testing\unittests\bin\brownshoe.unittests.dll</storage><m_nonRunnableReason type="System.String" /></value><key type="Microsoft.VisualStudio.TestTools.Common.TestId"><id type="System.Guid">85159a33-ab6e-0e82-c64d-01374a4f3525</id></key><value type="Microsoft.VisualStudio.TestTools.TestTypes.Unit.UnitTestElement, Microsoft.VisualStudio.QualityTools.Tips.UnitTest.ObjectModel, Version=8.0.0.0, Culture=neutral, PublicKeyToken=b03f5f7f11d50a3a"><codeBase type="System.String">e:/projects/brownshoe/unit_tests/product/src/BrownShoe/Testing/UnitTests/bin/BrownShoe.UnitTests.DLL</codeBase><adapterTypeName type="System.String">Microsoft.VisualStudio.TestTools.TestTypes.Unit.UnitTestAdapter, Microsoft.VisualStudio.QualityTools.Tips.UnitTest.Adapter</adapterTypeName><testMethod type="Microsoft.VisualStudio.TestTools.TestTypes.Unit.TestMethod, Microsoft.VisualStudio.QualityTools.Tips.UnitTest.ObjectModel, Version=8.0.0.0, Culture=neutral, PublicKeyToken=b03f5f7f11d50a3a"><className type="System.String">BrownShoe.UnitTests.Services.DataAccess.MerchandiseReturnDBTest, BrownShoe.UnitTests, Version=1.0.0.0, Culture=neutral, PublicKeyToken=null</className><name type="System.String">UpdateReturnItemTest</name><expectedExceptionMessage type="System.String" /><isValid type="System.Boolean">False</isValid></testMethod><aspNetDevServers type="System.Collections.Generic.List`1[[Microsoft.VisualStudio.TestTools.Common.AspNetDevelopmentServer, Microsoft.VisualStudio.QualityTools.Common, Version=8.0.0.0, Culture=neutral, PublicKeyToken=b03f5f7f11d50a3a]]"><_size type="System.Int32">0</_size><_version type="System.Int32">0</_version></aspNetDevServers><dataAccessMethod type="Microsoft.VisualStudio.TestTools.UnitTesting.DataAccessMethod, Microsoft.VisualStudio.QualityTools.UnitTestFramework, Version=8.0.0.0, Culture=neutral, PublicKeyToken=b03f5f7f11d50a3a"><value__ type="System.Int32">0</value__></dataAccessMethod><cssProjectStructure type="System.String" /><isRunOnRestart type="System.Boolean">False</isRunOnRestart><timeOut type="System.Int32">0</timeOut><isGroupable type="System.Boolean">True</isGroupable><abortRunOnAgentFailure type="System.Boolean">False</abortRunOnAgentFailure><cssIteration type="System.String" /><workItemIds type="System.Collections.Generic.List`1[[System.Int32, mscorlib, Version=2.0.0.0, Culture=neutral, PublicKeyToken=b77a5c561934e089]]"><_size type="System.Int32">0</_size><_version type="System.Int32">1</_version></workItemIds><id type="Microsoft.VisualStudio.TestTools.Common.TestId"><id type="System.Guid">85159a33-ab6e-0e82-c64d-01374a4f3525</id></id><name type="System.String">UpdateReturnItemTest</name><description type="System.String" /><enabled type="System.Boolean">True</enabled><owner type="System.String" /><priority type="System.Int32">0</priority><executionId type="Microsoft.VisualStudio.TestTools.Common.TestExecId"><id type="System.Guid">00000000-0000-0000-0000-000000000000</id></executionId><parentExecutId type="Microsoft.VisualStudio.TestTools.Common.TestExecId"><id type="System.Guid">00000000-0000-0000-0000-000000000000</id></parentExecutId><deploymentItems type="Microsoft.VisualStudio.TestTools.Common.DeploymentItemCollection" /><agentAttributes type="System.Collections.Specialized.StringDictionary, System, Version=2.0.0.0, Culture=neutral, PublicKeyToken=b77a5c561934e089" /><storage type="System.String">e:\projects\brownshoe\unit_tests\product\src\brownshoe\testing\unittests\bin\brownshoe.unittests.dll</storage><m_nonRunnableReason type="System.String" /></value><key type="Microsoft.VisualStudio.TestTools.Common.TestId"><id type="System.Guid">daa98c6d-38c3-62f2-9bed-c66925819b2b</id></key><value type="Microsoft.VisualStudio.TestTools.TestTypes.Unit.UnitTestElement, Microsoft.VisualStudio.QualityTools.Tips.UnitTest.ObjectModel, Version=8.0.0.0, Culture=neutral, PublicKeyToken=b03f5f7f11d50a3a"><codeBase type="System.String">e:/projects/brownshoe/unit_tests/product/src/BrownShoe/Testing/UnitTests/bin/BrownShoe.UnitTests.DLL</codeBase><adapterTypeName type="System.String">Microsoft.VisualStudio.TestTools.TestTypes.Unit.UnitTestAdapter, Microsoft.VisualStudio.QualityTools.Tips.UnitTest.Adapter</adapterTypeName><testMethod type="Microsoft.VisualStudio.TestTools.TestTypes.Unit.TestMethod, Microsoft.VisualStudio.QualityTools.Tips.UnitTest.ObjectModel, Version=8.0.0.0, Culture=neutral, PublicKeyToken=b03f5f7f11d50a3a"><className type="System.String">BrownShoe.UnitTests.Services.Frauds.FraudDetectionServiceTest, BrownShoe.UnitTests, Version=1.0.0.0, Culture=neutral, PublicKeyToken=null</className><name type="System.String">CreateTest</name><expectedExceptionMessage type="System.String" /><isValid type="System.Boolean">False</isValid></testMethod><aspNetDevServers type="System.Collections.Generic.List`1[[Microsoft.VisualStudio.TestTools.Common.AspNetDevelopmentServer, Microsoft.VisualStudio.QualityTools.Common, Version=8.0.0.0, Culture=neutral, PublicKeyToken=b03f5f7f11d50a3a]]"><_size type="System.Int32">0</_size><_version type="System.Int32">0</_version></aspNetDevServers><dataAccessMethod type="Microsoft.VisualStudio.TestTools.UnitTesting.DataAccessMethod, Microsoft.VisualStudio.QualityTools.UnitTestFramework, Version=8.0.0.0, Culture=neutral, PublicKeyToken=b03f5f7f11d50a3a"><value__ type="System.Int32">0</value__></dataAccessMethod><cssProjectStructure type="System.String" /><isRunOnRestart type="System.Boolean">False</isRunOnRestart><timeOut type="System.Int32">0</timeOut><isGroupable type="System.Boolean">True</isGroupable><abortRunOnAgentFailure type="System.Boolean">False</abortRunOnAgentFailure><cssIteration type="System.String" /><workItemIds type="System.Collections.Generic.List`1[[System.Int32, mscorlib, Version=2.0.0.0, Culture=neutral, PublicKeyToken=b77a5c561934e089]]"><_size type="System.Int32">0</_size><_version type="System.Int32">1</_version></workItemIds><id type="Microsoft.VisualStudio.TestTools.Common.TestId"><id type="System.Guid">daa98c6d-38c3-62f2-9bed-c66925819b2b</id></id><name type="System.String">CreateTest</name><description type="System.String" /><enabled type="System.Boolean">True</enabled><owner type="System.String" /><priority type="System.Int32">0</priority><executionId type="Microsoft.VisualStudio.TestTools.Common.TestExecId"><id type="System.Guid">00000000-0000-0000-0000-000000000000</id></executionId><parentExecutId type="Microsoft.VisualStudio.TestTools.Common.TestExecId"><id type="System.Guid">00000000-0000-0000-0000-000000000000</id></parentExecutId><deploymentItems type="Microsoft.VisualStudio.TestTools.Common.DeploymentItemCollection" /><agentAttributes type="System.Collections.Specialized.StringDictionary, System, Version=2.0.0.0, Culture=neutral, PublicKeyToken=b77a5c561934e089" /><storage type="System.String">e:\projects\brownshoe\unit_tests\product\src\brownshoe\testing\unittests\bin\brownshoe.unittests.dll</storage><m_nonRunnableReason type="System.String" /></value><key type="Microsoft.VisualStudio.TestTools.Common.TestId"><id type="System.Guid">802314f4-9286-6db9-666c-507620174a30</id></key><value type="Microsoft.VisualStudio.TestTools.TestTypes.Unit.UnitTestElement, Microsoft.VisualStudio.QualityTools.Tips.UnitTest.ObjectModel, Version=8.0.0.0, Culture=neutral, PublicKeyToken=b03f5f7f11d50a3a"><codeBase type="System.String">e:/projects/brownshoe/unit_tests/product/src/BrownShoe/Testing/UnitTests/bin/BrownShoe.UnitTests.DLL</codeBase><adapterTypeName type="System.String">Microsoft.VisualStudio.TestTools.TestTypes.Unit.UnitTestAdapter, Microsoft.VisualStudio.QualityTools.Tips.UnitTest.Adapter</adapterTypeName><testMethod type="Microsoft.VisualStudio.TestTools.TestTypes.Unit.TestMethod, Microsoft.VisualStudio.QualityTools.Tips.UnitTest.ObjectModel, Version=8.0.0.0, Culture=neutral, PublicKeyToken=b03f5f7f11d50a3a"><className type="System.String">BrownShoe.UnitTests.Services.MarketingAdmin.MarketingAdminServiceTest, BrownShoe.UnitTests, Version=1.0.0.0, Culture=neutral, PublicKeyToken=null</className><name type="System.String">GetNewGiftCertificatesTest</name><expectedExceptionMessage type="System.String" /><isValid type="System.Boolean">False</isValid></testMethod><aspNetDevServers type="System.Collections.Generic.List`1[[Microsoft.VisualStudio.TestTools.Common.AspNetDevelopmentServer, Microsoft.VisualStudio.QualityTools.Common, Version=8.0.0.0, Culture=neutral, PublicKeyToken=b03f5f7f11d50a3a]]"><_size type="System.Int32">0</_size><_version type="System.Int32">0</_version></aspNetDevServers><dataAccessMethod type="Microsoft.VisualStudio.TestTools.UnitTesting.DataAccessMethod, Microsoft.VisualStudio.QualityTools.UnitTestFramework, Version=8.0.0.0, Culture=neutral, PublicKeyToken=b03f5f7f11d50a3a"><value__ type="System.Int32">0</value__></dataAccessMethod><cssProjectStructure type="System.String" /><isRunOnRestart type="System.Boolean">False</isRunOnRestart><timeOut type="System.Int32">0</timeOut><isGroupable type="System.Boolean">True</isGroupable><abortRunOnAgentFailure type="System.Boolean">False</abortRunOnAgentFailure><cssIteration type="System.String" /><workItemIds type="System.Collections.Generic.List`1[[System.Int32, mscorlib, Version=2.0.0.0, Culture=neutral, PublicKeyToken=b77a5c561934e089]]"><_size type="System.Int32">0</_size><_version type="System.Int32">1</_version></workItemIds><id type="Microsoft.VisualStudio.TestTools.Common.TestId"><id type="System.Guid">802314f4-9286-6db9-666c-507620174a30</id></id><name type="System.String">GetNewGiftCertificatesTest</name><description type="System.String" /><enabled type="System.Boolean">True</enabled><owner type="System.String" /><priority type="System.Int32">0</priority><executionId type="Microsoft.VisualStudio.TestTools.Common.TestExecId"><id type="System.Guid">00000000-0000-0000-0000-000000000000</id></executionId><parentExecutId type="Microsoft.VisualStudio.TestTools.Common.TestExecId"><id type="System.Guid">00000000-0000-0000-0000-000000000000</id></parentExecutId><deploymentItems type="Microsoft.VisualStudio.TestTools.Common.DeploymentItemCollection" /><agentAttributes type="System.Collections.Specialized.StringDictionary, System, Version=2.0.0.0, Culture=neutral, PublicKeyToken=b77a5c561934e089" /><storage type="System.String">e:\projects\brownshoe\unit_tests\product\src\brownshoe\testing\unittests\bin\brownshoe.unittests.dll</storage><m_nonRunnableReason type="System.String" /></value><key type="Microsoft.VisualStudio.TestTools.Common.TestId"><id type="System.Guid">eaab0ceb-754a-948c-1df8-2a9693cd5e6b</id></key><value type="Microsoft.VisualStudio.TestTools.TestTypes.Unit.UnitTestElement, Microsoft.VisualStudio.QualityTools.Tips.UnitTest.ObjectModel, Version=8.0.0.0, Culture=neutral, PublicKeyToken=b03f5f7f11d50a3a"><codeBase type="System.String">e:/projects/brownshoe/unit_tests/product/src/BrownShoe/Testing/UnitTests/bin/BrownShoe.UnitTests.DLL</codeBase><adapterTypeName type="System.String">Microsoft.VisualStudio.TestTools.TestTypes.Unit.UnitTestAdapter, Microsoft.VisualStudio.QualityTools.Tips.UnitTest.Adapter</adapterTypeName><testMethod type="Microsoft.VisualStudio.TestTools.TestTypes.Unit.TestMethod, Microsoft.VisualStudio.QualityTools.Tips.UnitTest.ObjectModel, Version=8.0.0.0, Culture=neutral, PublicKeyToken=b03f5f7f11d50a3a"><className type="System.String">BrownShoe.UnitTests.Services.MarketingAdmin.DataFeedServiceTest, BrownShoe.UnitTests, Version=1.0.0.0, Culture=neutral, PublicKeyToken=null</className><name type="System.String">GetDataFeedRulesTest</name><expectedExceptionMessage type="System.String" /><isValid type="System.Boolean">False</isValid></testMethod><aspNetDevServers type="System.Collections.Generic.List`1[[Microsoft.VisualStudio.TestTools.Common.AspNetDevelopmentServer, Microsoft.VisualStudio.QualityTools.Common, Version=8.0.0.0, Culture=neutral, PublicKeyToken=b03f5f7f11d50a3a]]"><_size type="System.Int32">0</_size><_version type="System.Int32">0</_version></aspNetDevServers><dataAccessMethod type="Microsoft.VisualStudio.TestTools.UnitTesting.DataAccessMethod, Microsoft.VisualStudio.QualityTools.UnitTestFramework, Version=8.0.0.0, Culture=neutral, PublicKeyToken=b03f5f7f11d50a3a"><value__ type="System.Int32">0</value__></dataAccessMethod><cssProjectStructure type="System.String" /><isRunOnRestart type="System.Boolean">False</isRunOnRestart><timeOut type="System.Int32">0</timeOut><isGroupable type="System.Boolean">True</isGroupable><abortRunOnAgentFailure type="System.Boolean">False</abortRunOnAgentFailure><cssIteration type="System.String" /><workItemIds type="System.Collections.Generic.List`1[[System.Int32, mscorlib, Version=2.0.0.0, Culture=neutral, PublicKeyToken=b77a5c561934e089]]"><_size type="System.Int32">0</_size><_version type="System.Int32">1</_version></workItemIds><id type="Microsoft.VisualStudio.TestTools.Common.TestId"><id type="System.Guid">eaab0ceb-754a-948c-1df8-2a9693cd5e6b</id></id><name type="System.String">GetDataFeedRulesTest</name><description type="System.String" /><enabled type="System.Boolean">True</enabled><owner type="System.String" /><priority type="System.Int32">0</priority><executionId type="Microsoft.VisualStudio.TestTools.Common.TestExecId"><id type="System.Guid">00000000-0000-0000-0000-000000000000</id></executionId><parentExecutId type="Microsoft.VisualStudio.TestTools.Common.TestExecId"><id type="System.Guid">00000000-0000-0000-0000-000000000000</id></parentExecutId><deploymentItems type="Microsoft.VisualStudio.TestTools.Common.DeploymentItemCollection" /><agentAttributes type="System.Collections.Specialized.StringDictionary, System, Version=2.0.0.0, Culture=neutral, PublicKeyToken=b77a5c561934e089" /><storage type="System.String">e:\projects\brownshoe\unit_tests\product\src\brownshoe\testing\unittests\bin\brownshoe.unittests.dll</storage><m_nonRunnableReason type="System.String" /></value><key type="Microsoft.VisualStudio.TestTools.Common.TestId"><id type="System.Guid">65fa3e41-7278-4418-fc84-f1043191ec78</id></key><value type="Microsoft.VisualStudio.TestTools.TestTypes.Unit.UnitTestElement, Microsoft.VisualStudio.QualityTools.Tips.UnitTest.ObjectModel, Version=8.0.0.0, Culture=neutral, PublicKeyToken=b03f5f7f11d50a3a"><codeBase type="System.String">e:/projects/brownshoe/unit_tests/product/src/BrownShoe/Testing/UnitTests/bin/BrownShoe.UnitTests.DLL</codeBase><adapterTypeName type="System.String">Microsoft.VisualStudio.TestTools.TestTypes.Unit.UnitTestAdapter, Microsoft.VisualStudio.QualityTools.Tips.UnitTest.Adapter</adapterTypeName><testMethod type="Microsoft.VisualStudio.TestTools.TestTypes.Unit.TestMethod, Microsoft.VisualStudio.QualityTools.Tips.UnitTest.ObjectModel, Version=8.0.0.0, Culture=neutral, PublicKeyToken=b03f5f7f11d50a3a"><className type="System.String">BrownShoe.UnitTests.Services.MarketingAdmin.DataFeedServiceTest, BrownShoe.UnitTests, Version=1.0.0.0, Culture=neutral, PublicKeyToken=null</className><name type="System.String">GetDataFeedListTest</name><expectedExceptionMessage type="System.String" /><isValid type="System.Boolean">False</isValid></testMethod><aspNetDevServers type="System.Collections.Generic.List`1[[Microsoft.VisualStudio.TestTools.Common.AspNetDevelopmentServer, Microsoft.VisualStudio.QualityTools.Common, Version=8.0.0.0, Culture=neutral, PublicKeyToken=b03f5f7f11d50a3a]]"><_size type="System.Int32">0</_size><_version type="System.Int32">0</_version></aspNetDevServers><dataAccessMethod type="Microsoft.VisualStudio.TestTools.UnitTesting.DataAccessMethod, Microsoft.VisualStudio.QualityTools.UnitTestFramework, Version=8.0.0.0, Culture=neutral, PublicKeyToken=b03f5f7f11d50a3a"><value__ type="System.Int32">0</value__></dataAccessMethod><cssProjectStructure type="System.String" /><isRunOnRestart type="System.Boolean">False</isRunOnRestart><timeOut type="System.Int32">0</timeOut><isGroupable type="System.Boolean">True</isGroupable><abortRunOnAgentFailure type="System.Boolean">False</abortRunOnAgentFailure><cssIteration type="System.String" /><workItemIds type="System.Collections.Generic.List`1[[System.Int32, mscorlib, Version=2.0.0.0, Culture=neutral, PublicKeyToken=b77a5c561934e089]]"><_size type="System.Int32">0</_size><_version type="System.Int32">1</_version></workItemIds><id type="Microsoft.VisualStudio.TestTools.Common.TestId"><id type="System.Guid">65fa3e41-7278-4418-fc84-f1043191ec78</id></id><name type="System.String">GetDataFeedListTest</name><description type="System.String" /><enabled type="System.Boolean">True</enabled><owner type="System.String" /><priority type="System.Int32">0</priority><executionId type="Microsoft.VisualStudio.TestTools.Common.TestExecId"><id type="System.Guid">00000000-0000-0000-0000-000000000000</id></executionId><parentExecutId type="Microsoft.VisualStudio.TestTools.Common.TestExecId"><id type="System.Guid">00000000-0000-0000-0000-000000000000</id></parentExecutId><deploymentItems type="Microsoft.VisualStudio.TestTools.Common.DeploymentItemCollection" /><agentAttributes type="System.Collections.Specialized.StringDictionary, System, Version=2.0.0.0, Culture=neutral, PublicKeyToken=b77a5c561934e089" /><storage type="System.String">e:\projects\brownshoe\unit_tests\product\src\brownshoe\testing\unittests\bin\brownshoe.unittests.dll</storage><m_nonRunnableReason type="System.String" /></value><key type="Microsoft.VisualStudio.TestTools.Common.TestId"><id type="System.Guid">439c1722-13d6-6277-fd78-62803aef28d1</id></key><value type="Microsoft.VisualStudio.TestTools.TestTypes.Unit.UnitTestElement, Microsoft.VisualStudio.QualityTools.Tips.UnitTest.ObjectModel, Version=8.0.0.0, Culture=neutral, PublicKeyToken=b03f5f7f11d50a3a"><codeBase type="System.String">e:/projects/brownshoe/unit_tests/product/src/BrownShoe/Testing/UnitTests/bin/BrownShoe.UnitTests.DLL</codeBase><adapterTypeName type="System.String">Microsoft.VisualStudio.TestTools.TestTypes.Unit.UnitTestAdapter, Microsoft.VisualStudio.QualityTools.Tips.UnitTest.Adapter</adapterTypeName><testMethod type="Microsoft.VisualStudio.TestTools.TestTypes.Unit.TestMethod, Microsoft.VisualStudio.QualityTools.Tips.UnitTest.ObjectModel, Version=8.0.0.0, Culture=neutral, PublicKeyToken=b03f5f7f11d50a3a"><className type="System.String">BrownShoe.UnitTests.Services.Madison.HomeDeliveryOrderLineTest, BrownShoe.UnitTests, Version=1.0.0.0, Culture=neutral, PublicKeyToken=null</className><name type="System.String">StyleTest</name><expectedExceptionMessage type="System.String" /><isValid type="System.Boolean">False</isValid></testMethod><aspNetDevServers type="System.Collections.Generic.List`1[[Microsoft.VisualStudio.TestTools.Common.AspNetDevelopmentServer, Microsoft.VisualStudio.QualityTools.Common, Version=8.0.0.0, Culture=neutral, PublicKeyToken=b03f5f7f11d50a3a]]"><_size type="System.Int32">0</_size><_version type="System.Int32">0</_version></aspNetDevServers><dataAccessMethod type="Microsoft.VisualStudio.TestTools.UnitTesting.DataAccessMethod, Microsoft.VisualStudio.QualityTools.UnitTestFramework, Version=8.0.0.0, Culture=neutral, PublicKeyToken=b03f5f7f11d50a3a"><value__ type="System.Int32">0</value__></dataAccessMethod><cssProjectStructure type="System.String" /><isRunOnRestart type="System.Boolean">False</isRunOnRestart><timeOut type="System.Int32">0</timeOut><isGroupable type="System.Boolean">True</isGroupable><abortRunOnAgentFailure type="System.Boolean">False</abortRunOnAgentFailure><cssIteration type="System.String" /><workItemIds type="System.Collections.Generic.List`1[[System.Int32, mscorlib, Version=2.0.0.0, Culture=neutral, PublicKeyToken=b77a5c561934e089]]"><_size type="System.Int32">0</_size><_version type="System.Int32">1</_version></workItemIds><id type="Microsoft.VisualStudio.TestTools.Common.TestId"><id type="System.Guid">439c1722-13d6-6277-fd78-62803aef28d1</id></id><name type="System.String">StyleTest</name><description type="System.String" /><enabled type="System.Boolean">True</enabled><owner type="System.String" /><priority type="System.Int32">0</priority><executionId type="Microsoft.VisualStudio.TestTools.Common.TestExecId"><id type="System.Guid">00000000-0000-0000-0000-000000000000</id></executionId><parentExecutId type="Microsoft.VisualStudio.TestTools.Common.TestExecId"><id type="System.Guid">00000000-0000-0000-0000-000000000000</id></parentExecutId><deploymentItems type="Microsoft.VisualStudio.TestTools.Common.DeploymentItemCollection" /><agentAttributes type="System.Collections.Specialized.StringDictionary, System, Version=2.0.0.0, Culture=neutral, PublicKeyToken=b77a5c561934e089" /><storage type="System.String">e:\projects\brownshoe\unit_tests\product\src\brownshoe\testing\unittests\bin\brownshoe.unittests.dll</storage><m_nonRunnableReason type="System.String" /></value><key type="Microsoft.VisualStudio.TestTools.Common.TestId"><id type="System.Guid">9c21e60e-d2de-8036-16bb-f62abf68495d</id></key><value type="Microsoft.VisualStudio.TestTools.TestTypes.Unit.UnitTestElement, Microsoft.VisualStudio.QualityTools.Tips.UnitTest.ObjectModel, Version=8.0.0.0, Culture=neutral, PublicKeyToken=b03f5f7f11d50a3a"><codeBase type="System.String">e:/projects/brownshoe/unit_tests/product/src/BrownShoe/Testing/UnitTests/bin/BrownShoe.UnitTests.DLL</codeBase><adapterTypeName type="System.String">Microsoft.VisualStudio.TestTools.TestTypes.Unit.UnitTestAdapter, Microsoft.VisualStudio.QualityTools.Tips.UnitTest.Adapter</adapterTypeName><testMethod type="Microsoft.VisualStudio.TestTools.TestTypes.Unit.TestMethod, Microsoft.VisualStudio.QualityTools.Tips.UnitTest.ObjectModel, Version=8.0.0.0, Culture=neutral, PublicKeyToken=b03f5f7f11d50a3a"><className type="System.String">BrownShoe.UnitTests.Services.Orders.CustomerOrderServiceTest, BrownShoe.UnitTests, Version=1.0.0.0, Culture=neutral, PublicKeyToken=null</className><name type="System.String">SaveTest</name><expectedExceptionMessage type="System.String" /><isValid type="System.Boolean">False</isValid></testMethod><aspNetDevServers type="System.Collections.Generic.List`1[[Microsoft.VisualStudio.TestTools.Common.AspNetDevelopmentServer, Microsoft.VisualStudio.QualityTools.Common, Version=8.0.0.0, Culture=neutral, PublicKeyToken=b03f5f7f11d50a3a]]"><_size type="System.Int32">0</_size><_version type="System.Int32">0</_version></aspNetDevServers><dataAccessMethod type="Microsoft.VisualStudio.TestTools.UnitTesting.DataAccessMethod, Microsoft.VisualStudio.QualityTools.UnitTestFramework, Version=8.0.0.0, Culture=neutral, PublicKeyToken=b03f5f7f11d50a3a"><value__ type="System.Int32">0</value__></dataAccessMethod><cssProjectStructure type="System.String" /><isRunOnRestart type="System.Boolean">False</isRunOnRestart><timeOut type="System.Int32">0</timeOut><isGroupable type="System.Boolean">True</isGroupable><abortRunOnAgentFailure type="System.Boolean">False</abortRunOnAgentFailure><cssIteration type="System.String" /><workItemIds type="System.Collections.Generic.List`1[[System.Int32, mscorlib, Version=2.0.0.0, Culture=neutral, PublicKeyToken=b77a5c561934e089]]"><_size type="System.Int32">0</_size><_version type="System.Int32">1</_version></workItemIds><id type="Microsoft.VisualStudio.TestTools.Common.TestId"><id type="System.Guid">9c21e60e-d2de-8036-16bb-f62abf68495d</id></id><name type="System.String">SaveTest</name><description type="System.String" /><enabled type="System.Boolean">True</enabled><owner type="System.String" /><priority type="System.Int32">0</priority><executionId type="Microsoft.VisualStudio.TestTools.Common.TestExecId"><id type="System.Guid">00000000-0000-0000-0000-000000000000</id></executionId><parentExecutId type="Microsoft.VisualStudio.TestTools.Common.TestExecId"><id type="System.Guid">00000000-0000-0000-0000-000000000000</id></parentExecutId><deploymentItems type="Microsoft.VisualStudio.TestTools.Common.DeploymentItemCollection" /><agentAttributes type="System.Collections.Specialized.StringDictionary, System, Version=2.0.0.0, Culture=neutral, PublicKeyToken=b77a5c561934e089" /><storage type="System.String">e:\projects\brownshoe\unit_tests\product\src\brownshoe\testing\unittests\bin\brownshoe.unittests.dll</storage><m_nonRunnableReason type="System.String" /></value><key type="Microsoft.VisualStudio.TestTools.Common.TestId"><id type="System.Guid">1fa5d952-606d-0710-6898-3a9c7dd5d0b1</id></key><value type="Microsoft.VisualStudio.TestTools.TestTypes.Unit.UnitTestElement, Microsoft.VisualStudio.QualityTools.Tips.UnitTest.ObjectModel, Version=8.0.0.0, Culture=neutral, PublicKeyToken=b03f5f7f11d50a3a"><codeBase type="System.String">e:/projects/brownshoe/unit_tests/product/src/BrownShoe/Testing/UnitTests/bin/BrownShoe.UnitTests.DLL</codeBase><adapterTypeName type="System.String">Microsoft.VisualStudio.TestTools.TestTypes.Unit.UnitTestAdapter, Microsoft.VisualStudio.QualityTools.Tips.UnitTest.Adapter</adapterTypeName><testMethod type="Microsoft.VisualStudio.TestTools.TestTypes.Unit.TestMethod, Microsoft.VisualStudio.QualityTools.Tips.UnitTest.ObjectModel, Version=8.0.0.0, Culture=neutral, PublicKeyToken=b03f5f7f11d50a3a"><className type="System.String">BrownShoe.UnitTests.Services.Marketing.PromoCodeHelperTest, BrownShoe.UnitTests, Version=1.0.0.0, Culture=neutral, PublicKeyToken=null</className><name type="System.String">IsSuppressCJTestFalse</name><expectedExceptionMessage type="System.String" /><isValid type="System.Boolean">False</isValid></testMethod><aspNetDevServers type="System.Collections.Generic.List`1[[Microsoft.VisualStudio.TestTools.Common.AspNetDevelopmentServer, Microsoft.VisualStudio.QualityTools.Common, Version=8.0.0.0, Culture=neutral, PublicKeyToken=b03f5f7f11d50a3a]]"><_size type="System.Int32">0</_size><_version type="System.Int32">0</_version></aspNetDevServers><dataAccessMethod type="Microsoft.VisualStudio.TestTools.UnitTesting.DataAccessMethod, Microsoft.VisualStudio.QualityTools.UnitTestFramework, Version=8.0.0.0, Culture=neutral, PublicKeyToken=b03f5f7f11d50a3a"><value__ type="System.Int32">0</value__></dataAccessMethod><cssProjectStructure type="System.String" /><isRunOnRestart type="System.Boolean">False</isRunOnRestart><timeOut type="System.Int32">0</timeOut><isGroupable type="System.Boolean">True</isGroupable><abortRunOnAgentFailure type="System.Boolean">False</abortRunOnAgentFailure><cssIteration type="System.String" /><workItemIds type="System.Collections.Generic.List`1[[System.Int32, mscorlib, Version=2.0.0.0, Culture=neutral, PublicKeyToken=b77a5c561934e089]]"><_size type="System.Int32">0</_size><_version type="System.Int32">1</_version></workItemIds><id type="Microsoft.VisualStudio.TestTools.Common.TestId"><id type="System.Guid">1fa5d952-606d-0710-6898-3a9c7dd5d0b1</id></id><name type="System.String">IsSuppressCJTestFalse</name><description type="System.String" /><enabled type="System.Boolean">True</enabled><owner type="System.String" /><priority type="System.Int32">0</priority><executionId type="Microsoft.VisualStudio.TestTools.Common.TestExecId"><id type="System.Guid">00000000-0000-0000-0000-000000000000</id></executionId><parentExecutId type="Microsoft.VisualStudio.TestTools.Common.TestExecId"><id type="System.Guid">00000000-0000-0000-0000-000000000000</id></parentExecutId><deploymentItems type="Microsoft.VisualStudio.TestTools.Common.DeploymentItemCollection" /><agentAttributes type="System.Collections.Specialized.StringDictionary, System, Version=2.0.0.0, Culture=neutral, PublicKeyToken=b77a5c561934e089" /><storage type="System.String">e:\projects\brownshoe\unit_tests\product\src\brownshoe\testing\unittests\bin\brownshoe.unittests.dll</storage><m_nonRunnableReason type="System.String" /></value><key type="Microsoft.VisualStudio.TestTools.Common.TestId"><id type="System.Guid">36ebd8ac-9776-68a7-391f-38b994294261</id></key><value type="Microsoft.VisualStudio.TestTools.TestTypes.Unit.UnitTestElement, Microsoft.VisualStudio.QualityTools.Tips.UnitTest.ObjectModel, Version=8.0.0.0, Culture=neutral, PublicKeyToken=b03f5f7f11d50a3a"><codeBase type="System.String">e:/projects/brownshoe/unit_tests/product/src/BrownShoe/Testing/UnitTests/bin/BrownShoe.UnitTests.DLL</codeBase><adapterTypeName type="System.String">Microsoft.VisualStudio.TestTools.TestTypes.Unit.UnitTestAdapter, Microsoft.VisualStudio.QualityTools.Tips.UnitTest.Adapter</adapterTypeName><testMethod type="Microsoft.VisualStudio.TestTools.TestTypes.Unit.TestMethod, Microsoft.VisualStudio.QualityTools.Tips.UnitTest.ObjectModel, Version=8.0.0.0, Culture=neutral, PublicKeyToken=b03f5f7f11d50a3a"><className type="System.String">BrownShoe.UnitTests.Services.Profiles.CreditCardServiceTest, BrownShoe.UnitTests, Version=1.0.0.0, Culture=neutral, PublicKeyToken=null</className><name type="System.String">UpdateTest</name><expectedExceptionMessage type="System.String" /><isValid type="System.Boolean">False</isValid></testMethod><aspNetDevServers type="System.Collections.Generic.List`1[[Microsoft.VisualStudio.TestTools.Common.AspNetDevelopmentServer, Microsoft.VisualStudio.QualityTools.Common, Version=8.0.0.0, Culture=neutral, PublicKeyToken=b03f5f7f11d50a3a]]"><_size type="System.Int32">0</_size><_version type="System.Int32">0</_version></aspNetDevServers><dataAccessMethod type="Microsoft.VisualStudio.TestTools.UnitTesting.DataAccessMethod, Microsoft.VisualStudio.QualityTools.UnitTestFramework, Version=8.0.0.0, Culture=neutral, PublicKeyToken=b03f5f7f11d50a3a"><value__ type="System.Int32">0</value__></dataAccessMethod><cssProjectStructure type="System.String" /><isRunOnRestart type="System.Boolean">False</isRunOnRestart><timeOut type="System.Int32">0</timeOut><isGroupable type="System.Boolean">True</isGroupable><abortRunOnAgentFailure type="System.Boolean">False</abortRunOnAgentFailure><cssIteration type="System.String" /><workItemIds type="System.Collections.Generic.List`1[[System.Int32, mscorlib, Version=2.0.0.0, Culture=neutral, PublicKeyToken=b77a5c561934e089]]"><_size type="System.Int32">0</_size><_version type="System.Int32">1</_version></workItemIds><id type="Microsoft.VisualStudio.TestTools.Common.TestId"><id type="System.Guid">36ebd8ac-9776-68a7-391f-38b994294261</id></id><name type="System.String">UpdateTest</name><description type="System.String" /><enabled type="System.Boolean">True</enabled><owner type="System.String" /><priority type="System.Int32">0</priority><executionId type="Microsoft.VisualStudio.TestTools.Common.TestExecId"><id type="System.Guid">00000000-0000-0000-0000-000000000000</id></executionId><parentExecutId type="Microsoft.VisualStudio.TestTools.Common.TestExecId"><id type="System.Guid">00000000-0000-0000-0000-000000000000</id></parentExecutId><deploymentItems type="Microsoft.VisualStudio.TestTools.Common.DeploymentItemCollection" /><agentAttributes type="System.Collections.Specialized.StringDictionary, System, Version=2.0.0.0, Culture=neutral, PublicKeyToken=b77a5c561934e089" /><storage type="System.String">e:\projects\brownshoe\unit_tests\product\src\brownshoe\testing\unittests\bin\brownshoe.unittests.dll</storage><m_nonRunnableReason type="System.String" /></value><key type="Microsoft.VisualStudio.TestTools.Common.TestId"><id type="System.Guid">011bda97-ebcd-0e3f-9953-c02a9738a793</id></key><value type="Microsoft.VisualStudio.TestTools.TestTypes.Unit.UnitTestElement, Microsoft.VisualStudio.QualityTools.Tips.UnitTest.ObjectModel, Version=8.0.0.0, Culture=neutral, PublicKeyToken=b03f5f7f11d50a3a"><codeBase type="System.String">e:/projects/brownshoe/unit_tests/product/src/BrownShoe/Testing/UnitTests/bin/BrownShoe.UnitTests.DLL</codeBase><adapterTypeName type="System.String">Microsoft.VisualStudio.TestTools.TestTypes.Unit.UnitTestAdapter, Microsoft.VisualStudio.QualityTools.Tips.UnitTest.Adapter</adapterTypeName><testMethod type="Microsoft.VisualStudio.TestTools.TestTypes.Unit.TestMethod, Microsoft.VisualStudio.QualityTools.Tips.UnitTest.ObjectModel, Version=8.0.0.0, Culture=neutral, PublicKeyToken=b03f5f7f11d50a3a"><className type="System.String">BrownShoe.UnitTests.Services.Orders.GiftCardServiceTest, BrownShoe.UnitTests, Version=1.0.0.0, Culture=neutral, PublicKeyToken=null</className><name type="System.String">UpdateGiftCardInventoryTest</name><expectedExceptionMessage type="System.String" /><isValid type="System.Boolean">False</isValid></testMethod><aspNetDevServers type="System.Collections.Generic.List`1[[Microsoft.VisualStudio.TestTools.Common.AspNetDevelopmentServer, Microsoft.VisualStudio.QualityTools.Common, Version=8.0.0.0, Culture=neutral, PublicKeyToken=b03f5f7f11d50a3a]]"><_size type="System.Int32">0</_size><_version type="System.Int32">0</_version></aspNetDevServers><dataAccessMethod type="Microsoft.VisualStudio.TestTools.UnitTesting.DataAccessMethod, Microsoft.VisualStudio.QualityTools.UnitTestFramework, Version=8.0.0.0, Culture=neutral, PublicKeyToken=b03f5f7f11d50a3a"><value__ type="System.Int32">0</value__></dataAccessMethod><cssProjectStructure type="System.String" /><isRunOnRestart type="System.Boolean">False</isRunOnRestart><timeOut type="System.Int32">0</timeOut><isGroupable type="System.Boolean">True</isGroupable><abortRunOnAgentFailure type="System.Boolean">False</abortRunOnAgentFailure><cssIteration type="System.String" /><workItemIds type="System.Collections.Generic.List`1[[System.Int32, mscorlib, Version=2.0.0.0, Culture=neutral, PublicKeyToken=b77a5c561934e089]]"><_size type="System.Int32">0</_size><_version type="System.Int32">1</_version></workItemIds><id type="Microsoft.VisualStudio.TestTools.Common.TestId"><id type="System.Guid">011bda97-ebcd-0e3f-9953-c02a9738a793</id></id><name type="System.String">UpdateGiftCardInventoryTest</name><description type="System.String" /><enabled type="System.Boolean">True</enabled><owner type="System.String" /><priority type="System.Int32">0</priority><executionId type="Microsoft.VisualStudio.TestTools.Common.TestExecId"><id type="System.Guid">00000000-0000-0000-0000-000000000000</id></executionId><parentExecutId type="Microsoft.VisualStudio.TestTools.Common.TestExecId"><id type="System.Guid">00000000-0000-0000-0000-000000000000</id></parentExecutId><deploymentItems type="Microsoft.VisualStudio.TestTools.Common.DeploymentItemCollection" /><agentAttributes type="System.Collections.Specialized.StringDictionary, System, Version=2.0.0.0, Culture=neutral, PublicKeyToken=b77a5c561934e089" /><storage type="System.String">e:\projects\brownshoe\unit_tests\product\src\brownshoe\testing\unittests\bin\brownshoe.unittests.dll</storage><m_nonRunnableReason type="System.String" /></value><key type="Microsoft.VisualStudio.TestTools.Common.TestId"><id type="System.Guid">d98f4b5c-813a-6718-37f3-e649ccaa80e1</id></key><value type="Microsoft.VisualStudio.TestTools.TestTypes.Unit.UnitTestElement, Microsoft.VisualStudio.QualityTools.Tips.UnitTest.ObjectModel, Version=8.0.0.0, Culture=neutral, PublicKeyToken=b03f5f7f11d50a3a"><codeBase type="System.String">e:/projects/brownshoe/unit_tests/product/src/BrownShoe/Testing/UnitTests/bin/BrownShoe.UnitTests.DLL</codeBase><adapterTypeName type="System.String">Microsoft.VisualStudio.TestTools.TestTypes.Unit.UnitTestAdapter, Microsoft.VisualStudio.QualityTools.Tips.UnitTest.Adapter</adapterTypeName><testMethod type="Microsoft.VisualStudio.TestTools.TestTypes.Unit.TestMethod, Microsoft.VisualStudio.QualityTools.Tips.UnitTest.ObjectModel, Version=8.0.0.0, Culture=neutral, PublicKeyToken=b03f5f7f11d50a3a"><className type="System.String">BrownShoe.UnitTests.Services.Madison.MadisonWebServiceTest, BrownShoe.UnitTests, Version=1.0.0.0, Culture=neutral, PublicKeyToken=null</className><name type="System.String">VerifyMemberPromotionCodeTest</name><expectedExceptionMessage type="System.String" /><isValid type="System.Boolean">False</isValid></testMethod><aspNetDevServers type="System.Collections.Generic.List`1[[Microsoft.VisualStudio.TestTools.Common.AspNetDevelopmentServer, Microsoft.VisualStudio.QualityTools.Common, Version=8.0.0.0, Culture=neutral, PublicKeyToken=b03f5f7f11d50a3a]]"><_size type="System.Int32">0</_size><_version type="System.Int32">0</_version></aspNetDevServers><dataAccessMethod type="Microsoft.VisualStudio.TestTools.UnitTesting.DataAccessMethod, Microsoft.VisualStudio.QualityTools.UnitTestFramework, Version=8.0.0.0, Culture=neutral, PublicKeyToken=b03f5f7f11d50a3a"><value__ type="System.Int32">0</value__></dataAccessMethod><cssProjectStructure type="System.String" /><isRunOnRestart type="System.Boolean">False</isRunOnRestart><timeOut type="System.Int32">0</timeOut><isGroupable type="System.Boolean">True</isGroupable><abortRunOnAgentFailure type="System.Boolean">False</abortRunOnAgentFailure><cssIteration type="System.String" /><workItemIds type="System.Collections.Generic.List`1[[System.Int32, mscorlib, Version=2.0.0.0, Culture=neutral, PublicKeyToken=b77a5c561934e089]]"><_size type="System.Int32">0</_size><_version type="System.Int32">1</_version></workItemIds><id type="Microsoft.VisualStudio.TestTools.Common.TestId"><id type="System.Guid">d98f4b5c-813a-6718-37f3-e649ccaa80e1</id></id><name type="System.String">VerifyMemberPromotionCodeTest</name><description type="System.String" /><enabled type="System.Boolean">True</enabled><owner type="System.String" /><priority type="System.Int32">0</priority><executionId type="Microsoft.VisualStudio.TestTools.Common.TestExecId"><id type="System.Guid">00000000-0000-0000-0000-000000000000</id></executionId><parentExecutId type="Microsoft.VisualStudio.TestTools.Common.TestExecId"><id type="System.Guid">00000000-0000-0000-0000-000000000000</id></parentExecutId><deploymentItems type="Microsoft.VisualStudio.TestTools.Common.DeploymentItemCollection" /><agentAttributes type="System.Collections.Specialized.StringDictionary, System, Version=2.0.0.0, Culture=neutral, PublicKeyToken=b77a5c561934e089" /><storage type="System.String">e:\projects\brownshoe\unit_tests\product\src\brownshoe\testing\unittests\bin\brownshoe.unittests.dll</storage><m_nonRunnableReason type="System.String" /></value><key type="Microsoft.VisualStudio.TestTools.Common.TestId"><id type="System.Guid">dc077071-b343-ae79-76aa-e9bc9bae094a</id></key><value type="Microsoft.VisualStudio.TestTools.TestTypes.Unit.UnitTestElement, Microsoft.VisualStudio.QualityTools.Tips.UnitTest.ObjectModel, Version=8.0.0.0, Culture=neutral, PublicKeyToken=b03f5f7f11d50a3a"><codeBase type="System.String">e:/projects/brownshoe/unit_tests/product/src/BrownShoe/Testing/UnitTests/bin/BrownShoe.UnitTests.DLL</codeBase><adapterTypeName type="System.String">Microsoft.VisualStudio.TestTools.TestTypes.Unit.UnitTestAdapter, Microsoft.VisualStudio.QualityTools.Tips.UnitTest.Adapter</adapterTypeName><testMethod type="Microsoft.VisualStudio.TestTools.TestTypes.Unit.TestMethod, Microsoft.VisualStudio.QualityTools.Tips.UnitTest.ObjectModel, Version=8.0.0.0, Culture=neutral, PublicKeyToken=b03f5f7f11d50a3a"><className type="System.String">BrownShoe.UnitTests.Services.DataAccess.SysMonDBTest, BrownShoe.UnitTests, Version=1.0.0.0, Culture=neutral, PublicKeyToken=null</className><name type="System.String">Test_MonitorSales1Test</name><expectedExceptionMessage type="System.String" /><isValid type="System.Boolean">False</isValid></testMethod><aspNetDevServers type="System.Collections.Generic.List`1[[Microsoft.VisualStudio.TestTools.Common.AspNetDevelopmentServer, Microsoft.VisualStudio.QualityTools.Common, Version=8.0.0.0, Culture=neutral, PublicKeyToken=b03f5f7f11d50a3a]]"><_size type="System.Int32">0</_size><_version type="System.Int32">0</_version></aspNetDevServers><dataAccessMethod type="Microsoft.VisualStudio.TestTools.UnitTesting.DataAccessMethod, Microsoft.VisualStudio.QualityTools.UnitTestFramework, Version=8.0.0.0, Culture=neutral, PublicKeyToken=b03f5f7f11d50a3a"><value__ type="System.Int32">0</value__></dataAccessMethod><cssProjectStructure type="System.String" /><isRunOnRestart type="System.Boolean">False</isRunOnRestart><timeOut type="System.Int32">0</timeOut><isGroupable type="System.Boolean">True</isGroupable><abortRunOnAgentFailure type="System.Boolean">False</abortRunOnAgentFailure><cssIteration type="System.String" /><workItemIds type="System.Collections.Generic.List`1[[System.Int32, mscorlib, Version=2.0.0.0, Culture=neutral, PublicKeyToken=b77a5c561934e089]]"><_size type="System.Int32">0</_size><_version type="System.Int32">1</_version></workItemIds><id type="Microsoft.VisualStudio.TestTools.Common.TestId"><id type="System.Guid">dc077071-b343-ae79-76aa-e9bc9bae094a</id></id><name type="System.String">Test_MonitorSales1Test</name><description type="System.String" /><enabled type="System.Boolean">True</enabled><owner type="System.String" /><priority type="System.Int32">0</priority><executionId type="Microsoft.VisualStudio.TestTools.Common.TestExecId"><id type="System.Guid">00000000-0000-0000-0000-000000000000</id></executionId><parentExecutId type="Microsoft.VisualStudio.TestTools.Common.TestExecId"><id type="System.Guid">00000000-0000-0000-0000-000000000000</id></parentExecutId><deploymentItems type="Microsoft.VisualStudio.TestTools.Common.DeploymentItemCollection" /><agentAttributes type="System.Collections.Specialized.StringDictionary, System, Version=2.0.0.0, Culture=neutral, PublicKeyToken=b77a5c561934e089" /><storage type="System.String">e:\projects\brownshoe\unit_tests\product\src\brownshoe\testing\unittests\bin\brownshoe.unittests.dll</storage><m_nonRunnableReason type="System.String" /></value><key type="Microsoft.VisualStudio.TestTools.Common.TestId"><id type="System.Guid">2e0efa32-2e0f-73cc-494d-e801471db754</id></key><value type="Microsoft.VisualStudio.TestTools.TestTypes.Unit.UnitTestElement, Microsoft.VisualStudio.QualityTools.Tips.UnitTest.ObjectModel, Version=8.0.0.0, Culture=neutral, PublicKeyToken=b03f5f7f11d50a3a"><codeBase type="System.String">e:/projects/brownshoe/unit_tests/product/src/BrownShoe/Testing/UnitTests/bin/BrownShoe.UnitTests.DLL</codeBase><adapterTypeName type="System.String">Microsoft.VisualStudio.TestTools.TestTypes.Unit.UnitTestAdapter, Microsoft.VisualStudio.QualityTools.Tips.UnitTest.Adapter</adapterTypeName><testMethod type="Microsoft.VisualStudio.TestTools.TestTypes.Unit.TestMethod, Microsoft.VisualStudio.QualityTools.Tips.UnitTest.ObjectModel, Version=8.0.0.0, Culture=neutral, PublicKeyToken=b03f5f7f11d50a3a"><className type="System.String">BrownShoe.UnitTests.Services.Navigation.AffiliatePartnerServiceTest, BrownShoe.UnitTests, Version=1.0.0.0, Culture=neutral, PublicKeyToken=null</className><name type="System.String">GetExternalReferrerTest</name><expectedExceptionMessage type="System.String" /><isValid type="System.Boolean">False</isValid></testMethod><aspNetDevServers type="System.Collections.Generic.List`1[[Microsoft.VisualStudio.TestTools.Common.AspNetDevelopmentServer, Microsoft.VisualStudio.QualityTools.Common, Version=8.0.0.0, Culture=neutral, PublicKeyToken=b03f5f7f11d50a3a]]"><_size type="System.Int32">0</_size><_version type="System.Int32">0</_version></aspNetDevServers><dataAccessMethod type="Microsoft.VisualStudio.TestTools.UnitTesting.DataAccessMethod, Microsoft.VisualStudio.QualityTools.UnitTestFramework, Version=8.0.0.0, Culture=neutral, PublicKeyToken=b03f5f7f11d50a3a"><value__ type="System.Int32">0</value__></dataAccessMethod><cssProjectStructure type="System.String" /><isRunOnRestart type="System.Boolean">False</isRunOnRestart><timeOut type="System.Int32">0</timeOut><isGroupable type="System.Boolean">True</isGroupable><abortRunOnAgentFailure type="System.Boolean">False</abortRunOnAgentFailure><cssIteration type="System.String" /><workItemIds type="System.Collections.Generic.List`1[[System.Int32, mscorlib, Version=2.0.0.0, Culture=neutral, PublicKeyToken=b77a5c561934e089]]"><_size type="System.Int32">0</_size><_version type="System.Int32">1</_version></workItemIds><id type="Microsoft.VisualStudio.TestTools.Common.TestId"><id type="System.Guid">2e0efa32-2e0f-73cc-494d-e801471db754</id></id><name type="System.String">GetExternalReferrerTest</name><description type="System.String" /><enabled type="System.Boolean">True</enabled><owner type="System.String" /><priority type="System.Int32">0</priority><executionId type="Microsoft.VisualStudio.TestTools.Common.TestExecId"><id type="System.Guid">00000000-0000-0000-0000-000000000000</id></executionId><parentExecutId type="Microsoft.VisualStudio.TestTools.Common.TestExecId"><id type="System.Guid">00000000-0000-0000-0000-000000000000</id></parentExecutId><deploymentItems type="Microsoft.VisualStudio.TestTools.Common.DeploymentItemCollection" /><agentAttributes type="System.Collections.Specialized.StringDictionary, System, Version=2.0.0.0, Culture=neutral, PublicKeyToken=b77a5c561934e089" /><storage type="System.String">e:\projects\brownshoe\unit_tests\product\src\brownshoe\testing\unittests\bin\brownshoe.unittests.dll</storage><m_nonRunnableReason type="System.String" /></value><key type="Microsoft.VisualStudio.TestTools.Common.TestId"><id type="System.Guid">b168aa96-62ed-625a-5fcd-1c992eaa4308</id></key><value type="Microsoft.VisualStudio.TestTools.TestTypes.Unit.UnitTestElement, Microsoft.VisualStudio.QualityTools.Tips.UnitTest.ObjectModel, Version=8.0.0.0, Culture=neutral, PublicKeyToken=b03f5f7f11d50a3a"><codeBase type="System.String">e:/projects/brownshoe/unit_tests/product/src/BrownShoe/Testing/UnitTests/bin/BrownShoe.UnitTests.DLL</codeBase><adapterTypeName type="System.String">Microsoft.VisualStudio.TestTools.TestTypes.Unit.UnitTestAdapter, Microsoft.VisualStudio.QualityTools.Tips.UnitTest.Adapter</adapterTypeName><testMethod type="Microsoft.VisualStudio.TestTools.TestTypes.Unit.TestMethod, Microsoft.VisualStudio.QualityTools.Tips.UnitTest.ObjectModel, Version=8.0.0.0, Culture=neutral, PublicKeyToken=b03f5f7f11d50a3a"><className type="System.String">BrownShoe.UnitTests.Services.Orders.CustomerOrderServiceTest, BrownShoe.UnitTests, Version=1.0.0.0, Culture=neutral, PublicKeyToken=null</className><name type="System.String">InsertOrderMemoTest</name><expectedExceptionMessage type="System.String" /><isValid type="System.Boolean">False</isValid></testMethod><aspNetDevServers type="System.Collections.Generic.List`1[[Microsoft.VisualStudio.TestTools.Common.AspNetDevelopmentServer, Microsoft.VisualStudio.QualityTools.Common, Version=8.0.0.0, Culture=neutral, PublicKeyToken=b03f5f7f11d50a3a]]"><_size type="System.Int32">0</_size><_version type="System.Int32">0</_version></aspNetDevServers><dataAccessMethod type="Microsoft.VisualStudio.TestTools.UnitTesting.DataAccessMethod, Microsoft.VisualStudio.QualityTools.UnitTestFramework, Version=8.0.0.0, Culture=neutral, PublicKeyToken=b03f5f7f11d50a3a"><value__ type="System.Int32">0</value__></dataAccessMethod><cssProjectStructure type="System.String" /><isRunOnRestart type="System.Boolean">False</isRunOnRestart><timeOut type="System.Int32">0</timeOut><isGroupable type="System.Boolean">True</isGroupable><abortRunOnAgentFailure type="System.Boolean">False</abortRunOnAgentFailure><cssIteration type="System.String" /><workItemIds type="System.Collections.Generic.List`1[[System.Int32, mscorlib, Version=2.0.0.0, Culture=neutral, PublicKeyToken=b77a5c561934e089]]"><_size type="System.Int32">0</_size><_version type="System.Int32">1</_version></workItemIds><id type="Microsoft.VisualStudio.TestTools.Common.TestId"><id type="System.Guid">b168aa96-62ed-625a-5fcd-1c992eaa4308</id></id><name type="System.String">InsertOrderMemoTest</name><description type="System.String" /><enabled type="System.Boolean">True</enabled><owner type="System.String" /><priority type="System.Int32">0</priority><executionId type="Microsoft.VisualStudio.TestTools.Common.TestExecId"><id type="System.Guid">00000000-0000-0000-0000-000000000000</id></executionId><parentExecutId type="Microsoft.VisualStudio.TestTools.Common.TestExecId"><id type="System.Guid">00000000-0000-0000-0000-000000000000</id></parentExecutId><deploymentItems type="Microsoft.VisualStudio.TestTools.Common.DeploymentItemCollection" /><agentAttributes type="System.Collections.Specialized.StringDictionary, System, Version=2.0.0.0, Culture=neutral, PublicKeyToken=b77a5c561934e089" /><storage type="System.String">e:\projects\brownshoe\unit_tests\product\src\brownshoe\testing\unittests\bin\brownshoe.unittests.dll</storage><m_nonRunnableReason type="System.String" /></value><key type="Microsoft.VisualStudio.TestTools.Common.TestId"><id type="System.Guid">9017a61e-0fd6-bf20-f20a-e27152b8fe83</id></key><value type="Microsoft.VisualStudio.TestTools.TestTypes.Unit.UnitTestElement, Microsoft.VisualStudio.QualityTools.Tips.UnitTest.ObjectModel, Version=8.0.0.0, Culture=neutral, PublicKeyToken=b03f5f7f11d50a3a"><codeBase type="System.String">e:/projects/brownshoe/unit_tests/product/src/BrownShoe/Testing/UnitTests/bin/BrownShoe.UnitTests.DLL</codeBase><adapterTypeName type="System.String">Microsoft.VisualStudio.TestTools.TestTypes.Unit.UnitTestAdapter, Microsoft.VisualStudio.QualityTools.Tips.UnitTest.Adapter</adapterTypeName><testMethod type="Microsoft.VisualStudio.TestTools.TestTypes.Unit.TestMethod, Microsoft.VisualStudio.QualityTools.Tips.UnitTest.ObjectModel, Version=8.0.0.0, Culture=neutral, PublicKeyToken=b03f5f7f11d50a3a"><className type="System.String">BrownShoe.UnitTests.Services.Shopping.ShoppingCartServiceTest, BrownShoe.UnitTests, Version=1.0.0.0, Culture=neutral, PublicKeyToken=null</className><name type="System.String">CalculateBasketTotalTest</name><expectedExceptionMessage type="System.String" /><isValid type="System.Boolean">False</isValid></testMethod><aspNetDevServers type="System.Collections.Generic.List`1[[Microsoft.VisualStudio.TestTools.Common.AspNetDevelopmentServer, Microsoft.VisualStudio.QualityTools.Common, Version=8.0.0.0, Culture=neutral, PublicKeyToken=b03f5f7f11d50a3a]]"><_size type="System.Int32">0</_size><_version type="System.Int32">0</_version></aspNetDevServers><dataAccessMethod type="Microsoft.VisualStudio.TestTools.UnitTesting.DataAccessMethod, Microsoft.VisualStudio.QualityTools.UnitTestFramework, Version=8.0.0.0, Culture=neutral, PublicKeyToken=b03f5f7f11d50a3a"><value__ type="System.Int32">0</value__></dataAccessMethod><cssProjectStructure type="System.String" /><isRunOnRestart type="System.Boolean">False</isRunOnRestart><timeOut type="System.Int32">0</timeOut><isGroupable type="System.Boolean">True</isGroupable><abortRunOnAgentFailure type="System.Boolean">False</abortRunOnAgentFailure><cssIteration type="System.String" /><workItemIds type="System.Collections.Generic.List`1[[System.Int32, mscorlib, Version=2.0.0.0, Culture=neutral, PublicKeyToken=b77a5c561934e089]]"><_size type="System.Int32">0</_size><_version type="System.Int32">1</_version></workItemIds><id type="Microsoft.VisualStudio.TestTools.Common.TestId"><id type="System.Guid">9017a61e-0fd6-bf20-f20a-e27152b8fe83</id></id><name type="System.String">CalculateBasketTotalTest</name><description type="System.String" /><enabled type="System.Boolean">True</enabled><owner type="System.String" /><priority type="System.Int32">0</priority><executionId type="Microsoft.VisualStudio.TestTools.Common.TestExecId"><id type="System.Guid">00000000-0000-0000-0000-000000000000</id></executionId><parentExecutId type="Microsoft.VisualStudio.TestTools.Common.TestExecId"><id type="System.Guid">00000000-0000-0000-0000-000000000000</id></parentExecutId><deploymentItems type="Microsoft.VisualStudio.TestTools.Common.DeploymentItemCollection" /><agentAttributes type="System.Collections.Specialized.StringDictionary, System, Version=2.0.0.0, Culture=neutral, PublicKeyToken=b77a5c561934e089" /><storage type="System.String">e:\projects\brownshoe\unit_tests\product\src\brownshoe\testing\unittests\bin\brownshoe.unittests.dll</storage><m_nonRunnableReason type="System.String" /></value><key type="Microsoft.VisualStudio.TestTools.Common.TestId"><id type="System.Guid">094ea6fa-f48f-2dc5-23f2-e770c5c582c9</id></key><value type="Microsoft.VisualStudio.TestTools.TestTypes.Unit.UnitTestElement, Microsoft.VisualStudio.QualityTools.Tips.UnitTest.ObjectModel, Version=8.0.0.0, Culture=neutral, PublicKeyToken=b03f5f7f11d50a3a"><codeBase type="System.String">e:/projects/brownshoe/unit_tests/product/src/BrownShoe/Testing/UnitTests/bin/BrownShoe.UnitTests.DLL</codeBase><adapterTypeName type="System.String">Microsoft.VisualStudio.TestTools.TestTypes.Unit.UnitTestAdapter, Microsoft.VisualStudio.QualityTools.Tips.UnitTest.Adapter</adapterTypeName><testMethod type="Microsoft.VisualStudio.TestTools.TestTypes.Unit.TestMethod, Microsoft.VisualStudio.QualityTools.Tips.UnitTest.ObjectModel, Version=8.0.0.0, Culture=neutral, PublicKeyToken=b03f5f7f11d50a3a"><className type="System.String">BrownShoe.UnitTests.Services.Madison.StoreLocationTest, BrownShoe.UnitTests, Version=1.0.0.0, Culture=neutral, PublicKeyToken=null</className><name type="System.String">RemodelEndDateTest</name><expectedExceptionMessage type="System.String" /><isValid type="System.Boolean">False</isValid></testMethod><aspNetDevServers type="System.Collections.Generic.List`1[[Microsoft.VisualStudio.TestTools.Common.AspNetDevelopmentServer, Microsoft.VisualStudio.QualityTools.Common, Version=8.0.0.0, Culture=neutral, PublicKeyToken=b03f5f7f11d50a3a]]"><_size type="System.Int32">0</_size><_version type="System.Int32">0</_version></aspNetDevServers><dataAccessMethod type="Microsoft.VisualStudio.TestTools.UnitTesting.DataAccessMethod, Microsoft.VisualStudio.QualityTools.UnitTestFramework, Version=8.0.0.0, Culture=neutral, PublicKeyToken=b03f5f7f11d50a3a"><value__ type="System.Int32">0</value__></dataAccessMethod><cssProjectStructure type="System.String" /><isRunOnRestart type="System.Boolean">False</isRunOnRestart><timeOut type="System.Int32">0</timeOut><isGroupable type="System.Boolean">True</isGroupable><abortRunOnAgentFailure type="System.Boolean">False</abortRunOnAgentFailure><cssIteration type="System.String" /><workItemIds type="System.Collections.Generic.List`1[[System.Int32, mscorlib, Version=2.0.0.0, Culture=neutral, PublicKeyToken=b77a5c561934e089]]"><_size type="System.Int32">0</_size><_version type="System.Int32">1</_version></workItemIds><id type="Microsoft.VisualStudio.TestTools.Common.TestId"><id type="System.Guid">094ea6fa-f48f-2dc5-23f2-e770c5c582c9</id></id><name type="System.String">RemodelEndDateTest</name><description type="System.String" /><enabled type="System.Boolean">True</enabled><owner type="System.String" /><priority type="System.Int32">0</priority><executionId type="Microsoft.VisualStudio.TestTools.Common.TestExecId"><id type="System.Guid">00000000-0000-0000-0000-000000000000</id></executionId><parentExecutId type="Microsoft.VisualStudio.TestTools.Common.TestExecId"><id type="System.Guid">00000000-0000-0000-0000-000000000000</id></parentExecutId><deploymentItems type="Microsoft.VisualStudio.TestTools.Common.DeploymentItemCollection" /><agentAttributes type="System.Collections.Specialized.StringDictionary, System, Version=2.0.0.0, Culture=neutral, PublicKeyToken=b77a5c561934e089" /><storage type="System.String">e:\projects\brownshoe\unit_tests\product\src\brownshoe\testing\unittests\bin\brownshoe.unittests.dll</storage><m_nonRunnableReason type="System.String" /></value><key type="Microsoft.VisualStudio.TestTools.Common.TestId"><id type="System.Guid">cf98e067-2c03-79bc-10a0-e036c7e91fd8</id></key><value type="Microsoft.VisualStudio.TestTools.TestTypes.Unit.UnitTestElement, Microsoft.VisualStudio.QualityTools.Tips.UnitTest.ObjectModel, Version=8.0.0.0, Culture=neutral, PublicKeyToken=b03f5f7f11d50a3a"><codeBase type="System.String">e:/projects/brownshoe/unit_tests/product/src/BrownShoe/Testing/UnitTests/bin/BrownShoe.UnitTests.DLL</codeBase><adapterTypeName type="System.String">Microsoft.VisualStudio.TestTools.TestTypes.Unit.UnitTestAdapter, Microsoft.VisualStudio.QualityTools.Tips.UnitTest.Adapter</adapterTypeName><testMethod type="Microsoft.VisualStudio.TestTools.TestTypes.Unit.TestMethod, Microsoft.VisualStudio.QualityTools.Tips.UnitTest.ObjectModel, Version=8.0.0.0, Culture=neutral, PublicKeyToken=b03f5f7f11d50a3a"><className type="System.String">BrownShoe.UnitTests.Services.MarketingAdmin.MarketingAdminServiceTest, BrownShoe.UnitTests, Version=1.0.0.0, Culture=neutral, PublicKeyToken=null</className><name type="System.String">GetGiftCertificateTest</name><expectedExceptionMessage type="System.String" /><isValid type="System.Boolean">False</isValid></testMethod><aspNetDevServers type="System.Collections.Generic.List`1[[Microsoft.VisualStudio.TestTools.Common.AspNetDevelopmentServer, Microsoft.VisualStudio.QualityTools.Common, Version=8.0.0.0, Culture=neutral, PublicKeyToken=b03f5f7f11d50a3a]]"><_size type="System.Int32">0</_size><_version type="System.Int32">0</_version></aspNetDevServers><dataAccessMethod type="Microsoft.VisualStudio.TestTools.UnitTesting.DataAccessMethod, Microsoft.VisualStudio.QualityTools.UnitTestFramework, Version=8.0.0.0, Culture=neutral, PublicKeyToken=b03f5f7f11d50a3a"><value__ type="System.Int32">0</value__></dataAccessMethod><cssProjectStructure type="System.String" /><isRunOnRestart type="System.Boolean">False</isRunOnRestart><timeOut type="System.Int32">0</timeOut><isGroupable type="System.Boolean">True</isGroupable><abortRunOnAgentFailure type="System.Boolean">False</abortRunOnAgentFailure><cssIteration type="System.String" /><workItemIds type="System.Collections.Generic.List`1[[System.Int32, mscorlib, Version=2.0.0.0, Culture=neutral, PublicKeyToken=b77a5c561934e089]]"><_size type="System.Int32">0</_size><_version type="System.Int32">1</_version></workItemIds><id type="Microsoft.VisualStudio.TestTools.Common.TestId"><id type="System.Guid">cf98e067-2c03-79bc-10a0-e036c7e91fd8</id></id><name type="System.String">GetGiftCertificateTest</name><description type="System.String" /><enabled type="System.Boolean">True</enabled><owner type="System.String" /><priority type="System.Int32">0</priority><executionId type="Microsoft.VisualStudio.TestTools.Common.TestExecId"><id type="System.Guid">00000000-0000-0000-0000-000000000000</id></executionId><parentExecutId type="Microsoft.VisualStudio.TestTools.Common.TestExecId"><id type="System.Guid">00000000-0000-0000-0000-000000000000</id></parentExecutId><deploymentItems type="Microsoft.VisualStudio.TestTools.Common.DeploymentItemCollection" /><agentAttributes type="System.Collections.Specialized.StringDictionary, System, Version=2.0.0.0, Culture=neutral, PublicKeyToken=b77a5c561934e089" /><storage type="System.String">e:\projects\brownshoe\unit_tests\product\src\brownshoe\testing\unittests\bin\brownshoe.unittests.dll</storage><m_nonRunnableReason type="System.String" /></value><key type="Microsoft.VisualStudio.TestTools.Common.TestId"><id type="System.Guid">7e23efc2-2870-7d1b-a3b8-45e9c81dd7b9</id></key><value type="Microsoft.VisualStudio.TestTools.TestTypes.Unit.UnitTestElement, Microsoft.VisualStudio.QualityTools.Tips.UnitTest.ObjectModel, Version=8.0.0.0, Culture=neutral, PublicKeyToken=b03f5f7f11d50a3a"><codeBase type="System.String">e:/projects/brownshoe/unit_tests/product/src/BrownShoe/Testing/UnitTests/bin/BrownShoe.UnitTests.DLL</codeBase><adapterTypeName type="System.String">Microsoft.VisualStudio.TestTools.TestTypes.Unit.UnitTestAdapter, Microsoft.VisualStudio.QualityTools.Tips.UnitTest.Adapter</adapterTypeName><testMethod type="Microsoft.VisualStudio.TestTools.TestTypes.Unit.TestMethod, Microsoft.VisualStudio.QualityTools.Tips.UnitTest.ObjectModel, Version=8.0.0.0, Culture=neutral, PublicKeyToken=b03f5f7f11d50a3a"><className type="System.String">BrownShoe.UnitTests.Services.Catalog.CatalogServiceTest, BrownShoe.UnitTests, Version=1.0.0.0, Culture=neutral, PublicKeyToken=null</className><name type="System.String">GetProductDetailPageDataFromCategoryTest</name><expectedExceptionMessage type="System.String" /><isValid type="System.Boolean">False</isValid></testMethod><aspNetDevServers type="System.Collections.Generic.List`1[[Microsoft.VisualStudio.TestTools.Common.AspNetDevelopmentServer, Microsoft.VisualStudio.QualityTools.Common, Version=8.0.0.0, Culture=neutral, PublicKeyToken=b03f5f7f11d50a3a]]"><_size type="System.Int32">0</_size><_version type="System.Int32">0</_version></aspNetDevServers><dataAccessMethod type="Microsoft.VisualStudio.TestTools.UnitTesting.DataAccessMethod, Microsoft.VisualStudio.QualityTools.UnitTestFramework, Version=8.0.0.0, Culture=neutral, PublicKeyToken=b03f5f7f11d50a3a"><value__ type="System.Int32">0</value__></dataAccessMethod><cssProjectStructure type="System.String" /><isRunOnRestart type="System.Boolean">False</isRunOnRestart><timeOut type="System.Int32">0</timeOut><isGroupable type="System.Boolean">True</isGroupable><abortRunOnAgentFailure type="System.Boolean">False</abortRunOnAgentFailure><cssIteration type="System.String" /><workItemIds type="System.Collections.Generic.List`1[[System.Int32, mscorlib, Version=2.0.0.0, Culture=neutral, PublicKeyToken=b77a5c561934e089]]"><_size type="System.Int32">0</_size><_version type="System.Int32">1</_version></workItemIds><id type="Microsoft.VisualStudio.TestTools.Common.TestId"><id type="System.Guid">7e23efc2-2870-7d1b-a3b8-45e9c81dd7b9</id></id><name type="System.String">GetProductDetailPageDataFromCategoryTest</name><description type="System.String" /><enabled type="System.Boolean">True</enabled><owner type="System.String" /><priority type="System.Int32">0</priority><executionId type="Microsoft.VisualStudio.TestTools.Common.TestExecId"><id type="System.Guid">00000000-0000-0000-0000-000000000000</id></executionId><parentExecutId type="Microsoft.VisualStudio.TestTools.Common.TestExecId"><id type="System.Guid">00000000-0000-0000-0000-000000000000</id></parentExecutId><deploymentItems type="Microsoft.VisualStudio.TestTools.Common.DeploymentItemCollection" /><agentAttributes type="System.Collections.Specialized.StringDictionary, System, Version=2.0.0.0, Culture=neutral, PublicKeyToken=b77a5c561934e089" /><storage type="System.String">e:\projects\brownshoe\unit_tests\product\src\brownshoe\testing\unittests\bin\brownshoe.unittests.dll</storage><m_nonRunnableReason type="System.String" /></value><key type="Microsoft.VisualStudio.TestTools.Common.TestId"><id type="System.Guid">faa93158-edb6-509d-093f-13f7a3d9c683</id></key><value type="Microsoft.VisualStudio.TestTools.TestTypes.Unit.UnitTestElement, Microsoft.VisualStudio.QualityTools.Tips.UnitTest.ObjectModel, Version=8.0.0.0, Culture=neutral, PublicKeyToken=b03f5f7f11d50a3a"><codeBase type="System.String">e:/projects/brownshoe/unit_tests/product/src/BrownShoe/Testing/UnitTests/bin/BrownShoe.UnitTests.DLL</codeBase><adapterTypeName type="System.String">Microsoft.VisualStudio.TestTools.TestTypes.Unit.UnitTestAdapter, Microsoft.VisualStudio.QualityTools.Tips.UnitTest.Adapter</adapterTypeName><testMethod type="Microsoft.VisualStudio.TestTools.TestTypes.Unit.TestMethod, Microsoft.VisualStudio.QualityTools.Tips.UnitTest.ObjectModel, Version=8.0.0.0, Culture=neutral, PublicKeyToken=b03f5f7f11d50a3a"><className type="System.String">BrownShoe.UnitTests.Services.Frauds.FraudDetectionServiceTest, BrownShoe.UnitTests, Version=1.0.0.0, Culture=neutral, PublicKeyToken=null</className><name type="System.String">DeleteTest</name><expectedExceptionMessage type="System.String" /><isValid type="System.Boolean">False</isValid></testMethod><aspNetDevServers type="System.Collections.Generic.List`1[[Microsoft.VisualStudio.TestTools.Common.AspNetDevelopmentServer, Microsoft.VisualStudio.QualityTools.Common, Version=8.0.0.0, Culture=neutral, PublicKeyToken=b03f5f7f11d50a3a]]"><_size type="System.Int32">0</_size><_version type="System.Int32">0</_version></aspNetDevServers><dataAccessMethod type="Microsoft.VisualStudio.TestTools.UnitTesting.DataAccessMethod, Microsoft.VisualStudio.QualityTools.UnitTestFramework, Version=8.0.0.0, Culture=neutral, PublicKeyToken=b03f5f7f11d50a3a"><value__ type="System.Int32">0</value__></dataAccessMethod><cssProjectStructure type="System.String" /><isRunOnRestart type="System.Boolean">False</isRunOnRestart><timeOut type="System.Int32">0</timeOut><isGroupable type="System.Boolean">True</isGroupable><abortRunOnAgentFailure type="System.Boolean">False</abortRunOnAgentFailure><cssIteration type="System.String" /><workItemIds type="System.Collections.Generic.List`1[[System.Int32, mscorlib, Version=2.0.0.0, Culture=neutral, PublicKeyToken=b77a5c561934e089]]"><_size type="System.Int32">0</_size><_version type="System.Int32">1</_version></workItemIds><id type="Microsoft.VisualStudio.TestTools.Common.TestId"><id type="System.Guid">faa93158-edb6-509d-093f-13f7a3d9c683</id></id><name type="System.String">DeleteTest</name><description type="System.String" /><enabled type="System.Boolean">True</enabled><owner type="System.String" /><priority type="System.Int32">0</priority><executionId type="Microsoft.VisualStudio.TestTools.Common.TestExecId"><id type="System.Guid">00000000-0000-0000-0000-000000000000</id></executionId><parentExecutId type="Microsoft.VisualStudio.TestTools.Common.TestExecId"><id type="System.Guid">00000000-0000-0000-0000-000000000000</id></parentExecutId><deploymentItems type="Microsoft.VisualStudio.TestTools.Common.DeploymentItemCollection" /><agentAttributes type="System.Collections.Specialized.StringDictionary, System, Version=2.0.0.0, Culture=neutral, PublicKeyToken=b77a5c561934e089" /><storage type="System.String">e:\projects\brownshoe\unit_tests\product\src\brownshoe\testing\unittests\bin\brownshoe.unittests.dll</storage><m_nonRunnableReason type="System.String" /></value><key type="Microsoft.VisualStudio.TestTools.Common.TestId"><id type="System.Guid">2185d90b-bcf6-8ef2-55bb-73afa5e90280</id></key><value type="Microsoft.VisualStudio.TestTools.TestTypes.Unit.UnitTestElement, Microsoft.VisualStudio.QualityTools.Tips.UnitTest.ObjectModel, Version=8.0.0.0, Culture=neutral, PublicKeyToken=b03f5f7f11d50a3a"><codeBase type="System.String">e:/projects/brownshoe/unit_tests/product/src/BrownShoe/Testing/UnitTests/bin/BrownShoe.UnitTests.DLL</codeBase><adapterTypeName type="System.String">Microsoft.VisualStudio.TestTools.TestTypes.Unit.UnitTestAdapter, Microsoft.VisualStudio.QualityTools.Tips.UnitTest.Adapter</adapterTypeName><testMethod type="Microsoft.VisualStudio.TestTools.TestTypes.Unit.TestMethod, Microsoft.VisualStudio.QualityTools.Tips.UnitTest.ObjectModel, Version=8.0.0.0, Culture=neutral, PublicKeyToken=b03f5f7f11d50a3a"><className type="System.String">BrownShoe.UnitTests.Services.Orders.CustomerOrderServiceTest, BrownShoe.UnitTests, Version=1.0.0.0, Culture=neutral, PublicKeyToken=null</className><name type="System.String">FetchOrderOwnerIdTest</name><expectedExceptionMessage type="System.String" /><isValid type="System.Boolean">False</isValid></testMethod><aspNetDevServers type="System.Collections.Generic.List`1[[Microsoft.VisualStudio.TestTools.Common.AspNetDevelopmentServer, Microsoft.VisualStudio.QualityTools.Common, Version=8.0.0.0, Culture=neutral, PublicKeyToken=b03f5f7f11d50a3a]]"><_size type="System.Int32">0</_size><_version type="System.Int32">0</_version></aspNetDevServers><dataAccessMethod type="Microsoft.VisualStudio.TestTools.UnitTesting.DataAccessMethod, Microsoft.VisualStudio.QualityTools.UnitTestFramework, Version=8.0.0.0, Culture=neutral, PublicKeyToken=b03f5f7f11d50a3a"><value__ type="System.Int32">0</value__></dataAccessMethod><cssProjectStructure type="System.String" /><isRunOnRestart type="System.Boolean">False</isRunOnRestart><timeOut type="System.Int32">0</timeOut><isGroupable type="System.Boolean">True</isGroupable><abortRunOnAgentFailure type="System.Boolean">False</abortRunOnAgentFailure><cssIteration type="System.String" /><workItemIds type="System.Collections.Generic.List`1[[System.Int32, mscorlib, Version=2.0.0.0, Culture=neutral, PublicKeyToken=b77a5c561934e089]]"><_size type="System.Int32">0</_size><_version type="System.Int32">1</_version></workItemIds><id type="Microsoft.VisualStudio.TestTools.Common.TestId"><id type="System.Guid">2185d90b-bcf6-8ef2-55bb-73afa5e90280</id></id><name type="System.String">FetchOrderOwnerIdTest</name><description type="System.String" /><enabled type="System.Boolean">True</enabled><owner type="System.String" /><priority type="System.Int32">0</priority><executionId type="Microsoft.VisualStudio.TestTools.Common.TestExecId"><id type="System.Guid">00000000-0000-0000-0000-000000000000</id></executionId><parentExecutId type="Microsoft.VisualStudio.TestTools.Common.TestExecId"><id type="System.Guid">00000000-0000-0000-0000-000000000000</id></parentExecutId><deploymentItems type="Microsoft.VisualStudio.TestTools.Common.DeploymentItemCollection" /><agentAttributes type="System.Collections.Specialized.StringDictionary, System, Version=2.0.0.0, Culture=neutral, PublicKeyToken=b77a5c561934e089" /><storage type="System.String">e:\projects\brownshoe\unit_tests\product\src\brownshoe\testing\unittests\bin\brownshoe.unittests.dll</storage><m_nonRunnableReason type="System.String" /></value><key type="Microsoft.VisualStudio.TestTools.Common.TestId"><id type="System.Guid">e8157aa6-5445-da79-49c1-7332149c1e02</id></key><value type="Microsoft.VisualStudio.TestTools.TestTypes.Unit.UnitTestElement, Microsoft.VisualStudio.QualityTools.Tips.UnitTest.ObjectModel, Version=8.0.0.0, Culture=neutral, PublicKeyToken=b03f5f7f11d50a3a"><codeBase type="System.String">e:/projects/brownshoe/unit_tests/product/src/BrownShoe/Testing/UnitTests/bin/BrownShoe.UnitTests.DLL</codeBase><adapterTypeName type="System.String">Microsoft.VisualStudio.TestTools.TestTypes.Unit.UnitTestAdapter, Microsoft.VisualStudio.QualityTools.Tips.UnitTest.Adapter</adapterTypeName><testMethod type="Microsoft.VisualStudio.TestTools.TestTypes.Unit.TestMethod, Microsoft.VisualStudio.QualityTools.Tips.UnitTest.ObjectModel, Version=8.0.0.0, Culture=neutral, PublicKeyToken=b03f5f7f11d50a3a"><className type="System.String">BrownShoe.UnitTests.Services.DataAccess.SysMonDBTest, BrownShoe.UnitTests, Version=1.0.0.0, Culture=neutral, PublicKeyToken=null</className><name type="System.String">CheckUPSInventoryTest</name><expectedExceptionMessage type="System.String" /><isValid type="System.Boolean">False</isValid></testMethod><aspNetDevServers type="System.Collections.Generic.List`1[[Microsoft.VisualStudio.TestTools.Common.AspNetDevelopmentServer, Microsoft.VisualStudio.QualityTools.Common, Version=8.0.0.0, Culture=neutral, PublicKeyToken=b03f5f7f11d50a3a]]"><_size type="System.Int32">0</_size><_version type="System.Int32">0</_version></aspNetDevServers><dataAccessMethod type="Microsoft.VisualStudio.TestTools.UnitTesting.DataAccessMethod, Microsoft.VisualStudio.QualityTools.UnitTestFramework, Version=8.0.0.0, Culture=neutral, PublicKeyToken=b03f5f7f11d50a3a"><value__ type="System.Int32">0</value__></dataAccessMethod><cssProjectStructure type="System.String" /><isRunOnRestart type="System.Boolean">False</isRunOnRestart><timeOut type="System.Int32">0</timeOut><isGroupable type="System.Boolean">True</isGroupable><abortRunOnAgentFailure type="System.Boolean">False</abortRunOnAgentFailure><cssIteration type="System.String" /><workItemIds type="System.Collections.Generic.List`1[[System.Int32, mscorlib, Version=2.0.0.0, Culture=neutral, PublicKeyToken=b77a5c561934e089]]"><_size type="System.Int32">0</_size><_version type="System.Int32">1</_version></workItemIds><id type="Microsoft.VisualStudio.TestTools.Common.TestId"><id type="System.Guid">e8157aa6-5445-da79-49c1-7332149c1e02</id></id><name type="System.String">CheckUPSInventoryTest</name><description type="System.String" /><enabled type="System.Boolean">True</enabled><owner type="System.String" /><priority type="System.Int32">0</priority><executionId type="Microsoft.VisualStudio.TestTools.Common.TestExecId"><id type="System.Guid">00000000-0000-0000-0000-000000000000</id></executionId><parentExecutId type="Microsoft.VisualStudio.TestTools.Common.TestExecId"><id type="System.Guid">00000000-0000-0000-0000-000000000000</id></parentExecutId><deploymentItems type="Microsoft.VisualStudio.TestTools.Common.DeploymentItemCollection" /><agentAttributes type="System.Collections.Specialized.StringDictionary, System, Version=2.0.0.0, Culture=neutral, PublicKeyToken=b77a5c561934e089" /><storage type="System.String">e:\projects\brownshoe\unit_tests\product\src\brownshoe\testing\unittests\bin\brownshoe.unittests.dll</storage><m_nonRunnableReason type="System.String" /></value><key type="Microsoft.VisualStudio.TestTools.Common.TestId"><id type="System.Guid">be2873eb-e583-7574-e57d-e18b3496b562</id></key><value type="Microsoft.VisualStudio.TestTools.TestTypes.Unit.UnitTestElement, Microsoft.VisualStudio.QualityTools.Tips.UnitTest.ObjectModel, Version=8.0.0.0, Culture=neutral, PublicKeyToken=b03f5f7f11d50a3a"><codeBase type="System.String">e:/projects/brownshoe/unit_tests/product/src/BrownShoe/Testing/UnitTests/bin/BrownShoe.UnitTests.DLL</codeBase><adapterTypeName type="System.String">Microsoft.VisualStudio.TestTools.TestTypes.Unit.UnitTestAdapter, Microsoft.VisualStudio.QualityTools.Tips.UnitTest.Adapter</adapterTypeName><testMethod type="Microsoft.VisualStudio.TestTools.TestTypes.Unit.TestMethod, Microsoft.VisualStudio.QualityTools.Tips.UnitTest.ObjectModel, Version=8.0.0.0, Culture=neutral, PublicKeyToken=b03f5f7f11d50a3a"><className type="System.String">BrownShoe.UnitTests.Services.DataAccess.ShippingRateDBTest, BrownShoe.UnitTests, Version=1.0.0.0, Culture=neutral, PublicKeyToken=null</className><name type="System.String">ListTest</name><expectedExceptionMessage type="System.String" /><isValid type="System.Boolean">False</isValid></testMethod><aspNetDevServers type="System.Collections.Generic.List`1[[Microsoft.VisualStudio.TestTools.Common.AspNetDevelopmentServer, Microsoft.VisualStudio.QualityTools.Common, Version=8.0.0.0, Culture=neutral, PublicKeyToken=b03f5f7f11d50a3a]]"><_size type="System.Int32">0</_size><_version type="System.Int32">0</_version></aspNetDevServers><dataAccessMethod type="Microsoft.VisualStudio.TestTools.UnitTesting.DataAccessMethod, Microsoft.VisualStudio.QualityTools.UnitTestFramework, Version=8.0.0.0, Culture=neutral, PublicKeyToken=b03f5f7f11d50a3a"><value__ type="System.Int32">0</value__></dataAccessMethod><cssProjectStructure type="System.String" /><isRunOnRestart type="System.Boolean">False</isRunOnRestart><timeOut type="System.Int32">0</timeOut><isGroupable type="System.Boolean">True</isGroupable><abortRunOnAgentFailure type="System.Boolean">False</abortRunOnAgentFailure><cssIteration type="System.String" /><workItemIds type="System.Collections.Generic.List`1[[System.Int32, mscorlib, Version=2.0.0.0, Culture=neutral, PublicKeyToken=b77a5c561934e089]]"><_size type="System.Int32">0</_size><_version type="System.Int32">1</_version></workItemIds><id type="Microsoft.VisualStudio.TestTools.Common.TestId"><id type="System.Guid">be2873eb-e583-7574-e57d-e18b3496b562</id></id><name type="System.String">ListTest</name><description type="System.String" /><enabled type="System.Boolean">True</enabled><owner type="System.String" /><priority type="System.Int32">0</priority><executionId type="Microsoft.VisualStudio.TestTools.Common.TestExecId"><id type="System.Guid">00000000-0000-0000-0000-000000000000</id></executionId><parentExecutId type="Microsoft.VisualStudio.TestTools.Common.TestExecId"><id type="System.Guid">00000000-0000-0000-0000-000000000000</id></parentExecutId><deploymentItems type="Microsoft.VisualStudio.TestTools.Common.DeploymentItemCollection" /><agentAttributes type="System.Collections.Specialized.StringDictionary, System, Version=2.0.0.0, Culture=neutral, PublicKeyToken=b77a5c561934e089" /><storage type="System.String">e:\projects\brownshoe\unit_tests\product\src\brownshoe\testing\unittests\bin\brownshoe.unittests.dll</storage><m_nonRunnableReason type="System.String" /></value><key type="Microsoft.VisualStudio.TestTools.Common.TestId"><id type="System.Guid">709b223e-a952-c4eb-dabf-a668b344f9be</id></key><value type="Microsoft.VisualStudio.TestTools.TestTypes.Unit.UnitTestElement, Microsoft.VisualStudio.QualityTools.Tips.UnitTest.ObjectModel, Version=8.0.0.0, Culture=neutral, PublicKeyToken=b03f5f7f11d50a3a"><codeBase type="System.String">e:/projects/brownshoe/unit_tests/product/src/BrownShoe/Testing/UnitTests/bin/BrownShoe.UnitTests.DLL</codeBase><adapterTypeName type="System.String">Microsoft.VisualStudio.TestTools.TestTypes.Unit.UnitTestAdapter, Microsoft.VisualStudio.QualityTools.Tips.UnitTest.Adapter</adapterTypeName><testMethod type="Microsoft.VisualStudio.TestTools.TestTypes.Unit.TestMethod, Microsoft.VisualStudio.QualityTools.Tips.UnitTest.ObjectModel, Version=8.0.0.0, Culture=neutral, PublicKeyToken=b03f5f7f11d50a3a"><className type="System.String">BrownShoe.UnitTests.Services.ContentManagement.CMTokenServiceTest, BrownShoe.UnitTests, Version=1.0.0.0, Culture=neutral, PublicKeyToken=null</className><name type="System.String">GetBrandStyleListAdidaTest</name><expectedExceptionMessage type="System.String" /><isValid type="System.Boolean">False</isValid></testMethod><aspNetDevServers type="System.Collections.Generic.List`1[[Microsoft.VisualStudio.TestTools.Common.AspNetDevelopmentServer, Microsoft.VisualStudio.QualityTools.Common, Version=8.0.0.0, Culture=neutral, PublicKeyToken=b03f5f7f11d50a3a]]"><_size type="System.Int32">0</_size><_version type="System.Int32">0</_version></aspNetDevServers><dataAccessMethod type="Microsoft.VisualStudio.TestTools.UnitTesting.DataAccessMethod, Microsoft.VisualStudio.QualityTools.UnitTestFramework, Version=8.0.0.0, Culture=neutral, PublicKeyToken=b03f5f7f11d50a3a"><value__ type="System.Int32">0</value__></dataAccessMethod><cssProjectStructure type="System.String" /><isRunOnRestart type="System.Boolean">False</isRunOnRestart><timeOut type="System.Int32">0</timeOut><isGroupable type="System.Boolean">True</isGroupable><abortRunOnAgentFailure type="System.Boolean">False</abortRunOnAgentFailure><cssIteration type="System.String" /><workItemIds type="System.Collections.Generic.List`1[[System.Int32, mscorlib, Version=2.0.0.0, Culture=neutral, PublicKeyToken=b77a5c561934e089]]"><_size type="System.Int32">0</_size><_version type="System.Int32">1</_version></workItemIds><id type="Microsoft.VisualStudio.TestTools.Common.TestId"><id type="System.Guid">709b223e-a952-c4eb-dabf-a668b344f9be</id></id><name type="System.String">GetBrandStyleListAdidaTest</name><description type="System.String" /><enabled type="System.Boolean">True</enabled><owner type="System.String" /><priority type="System.Int32">0</priority><executionId type="Microsoft.VisualStudio.TestTools.Common.TestExecId"><id type="System.Guid">00000000-0000-0000-0000-000000000000</id></executionId><parentExecutId type="Microsoft.VisualStudio.TestTools.Common.TestExecId"><id type="System.Guid">00000000-0000-0000-0000-000000000000</id></parentExecutId><deploymentItems type="Microsoft.VisualStudio.TestTools.Common.DeploymentItemCollection" /><agentAttributes type="System.Collections.Specialized.StringDictionary, System, Version=2.0.0.0, Culture=neutral, PublicKeyToken=b77a5c561934e089" /><storage type="System.String">e:\projects\brownshoe\unit_tests\product\src\brownshoe\testing\unittests\bin\brownshoe.unittests.dll</storage><m_nonRunnableReason type="System.String" /></value><key type="Microsoft.VisualStudio.TestTools.Common.TestId"><id type="System.Guid">23ea3b8a-5e1b-3402-67cb-5a50591607f9</id></key><value type="Microsoft.VisualStudio.TestTools.TestTypes.Unit.UnitTestElement, Microsoft.VisualStudio.QualityTools.Tips.UnitTest.ObjectModel, Version=8.0.0.0, Culture=neutral, PublicKeyToken=b03f5f7f11d50a3a"><codeBase type="System.String">e:/projects/brownshoe/unit_tests/product/src/BrownShoe/Testing/UnitTests/bin/BrownShoe.UnitTests.DLL</codeBase><adapterTypeName type="System.String">Microsoft.VisualStudio.TestTools.TestTypes.Unit.UnitTestAdapter, Microsoft.VisualStudio.QualityTools.Tips.UnitTest.Adapter</adapterTypeName><testMethod type="Microsoft.VisualStudio.TestTools.TestTypes.Unit.TestMethod, Microsoft.VisualStudio.QualityTools.Tips.UnitTest.ObjectModel, Version=8.0.0.0, Culture=neutral, PublicKeyToken=b03f5f7f11d50a3a"><className type="System.String">BrownShoe.UnitTests.Services.Profiles.WebStoreServicesTest, BrownShoe.UnitTests, Version=1.0.0.0, Culture=neutral, PublicKeyToken=null</className><name type="System.String">GetAllWebStoresTest</name><expectedExceptionMessage type="System.String" /><isValid type="System.Boolean">False</isValid></testMethod><aspNetDevServers type="System.Collections.Generic.List`1[[Microsoft.VisualStudio.TestTools.Common.AspNetDevelopmentServer, Microsoft.VisualStudio.QualityTools.Common, Version=8.0.0.0, Culture=neutral, PublicKeyToken=b03f5f7f11d50a3a]]"><_size type="System.Int32">0</_size><_version type="System.Int32">0</_version></aspNetDevServers><dataAccessMethod type="Microsoft.VisualStudio.TestTools.UnitTesting.DataAccessMethod, Microsoft.VisualStudio.QualityTools.UnitTestFramework, Version=8.0.0.0, Culture=neutral, PublicKeyToken=b03f5f7f11d50a3a"><value__ type="System.Int32">0</value__></dataAccessMethod><cssProjectStructure type="System.String" /><isRunOnRestart type="System.Boolean">False</isRunOnRestart><timeOut type="System.Int32">0</timeOut><isGroupable type="System.Boolean">True</isGroupable><abortRunOnAgentFailure type="System.Boolean">False</abortRunOnAgentFailure><cssIteration type="System.String" /><workItemIds type="System.Collections.Generic.List`1[[System.Int32, mscorlib, Version=2.0.0.0, Culture=neutral, PublicKeyToken=b77a5c561934e089]]"><_size type="System.Int32">0</_size><_version type="System.Int32">1</_version></workItemIds><id type="Microsoft.VisualStudio.TestTools.Common.TestId"><id type="System.Guid">23ea3b8a-5e1b-3402-67cb-5a50591607f9</id></id><name type="System.String">GetAllWebStoresTest</name><description type="System.String" /><enabled type="System.Boolean">True</enabled><owner type="System.String" /><priority type="System.Int32">0</priority><executionId type="Microsoft.VisualStudio.TestTools.Common.TestExecId"><id type="System.Guid">00000000-0000-0000-0000-000000000000</id></executionId><parentExecutId type="Microsoft.VisualStudio.TestTools.Common.TestExecId"><id type="System.Guid">00000000-0000-0000-0000-000000000000</id></parentExecutId><deploymentItems type="Microsoft.VisualStudio.TestTools.Common.DeploymentItemCollection" /><agentAttributes type="System.Collections.Specialized.StringDictionary, System, Version=2.0.0.0, Culture=neutral, PublicKeyToken=b77a5c561934e089" /><storage type="System.String">e:\projects\brownshoe\unit_tests\product\src\brownshoe\testing\unittests\bin\brownshoe.unittests.dll</storage><m_nonRunnableReason type="System.String" /></value><key type="Microsoft.VisualStudio.TestTools.Common.TestId"><id type="System.Guid">acf96f21-a85e-db49-e5a8-a50df78caa75</id></key><value type="Microsoft.VisualStudio.TestTools.TestTypes.Unit.UnitTestElement, Microsoft.VisualStudio.QualityTools.Tips.UnitTest.ObjectModel, Version=8.0.0.0, Culture=neutral, PublicKeyToken=b03f5f7f11d50a3a"><codeBase type="System.String">e:/projects/brownshoe/unit_tests/product/src/BrownShoe/Testing/UnitTests/bin/BrownShoe.UnitTests.DLL</codeBase><adapterTypeName type="System.String">Microsoft.VisualStudio.TestTools.TestTypes.Unit.UnitTestAdapter, Microsoft.VisualStudio.QualityTools.Tips.UnitTest.Adapter</adapterTypeName><testMethod type="Microsoft.VisualStudio.TestTools.TestTypes.Unit.TestMethod, Microsoft.VisualStudio.QualityTools.Tips.UnitTest.ObjectModel, Version=8.0.0.0, Culture=neutral, PublicKeyToken=b03f5f7f11d50a3a"><className type="System.String">BrownShoe.UnitTests.Services.Orders.MerchandiseReturnServiceTest, BrownShoe.UnitTests, Version=1.0.0.0, Culture=neutral, PublicKeyToken=null</className><name type="System.String">UpdateReturnLabelAddressTest</name><expectedExceptionMessage type="System.String" /><isValid type="System.Boolean">False</isValid></testMethod><aspNetDevServers type="System.Collections.Generic.List`1[[Microsoft.VisualStudio.TestTools.Common.AspNetDevelopmentServer, Microsoft.VisualStudio.QualityTools.Common, Version=8.0.0.0, Culture=neutral, PublicKeyToken=b03f5f7f11d50a3a]]"><_size type="System.Int32">0</_size><_version type="System.Int32">0</_version></aspNetDevServers><dataAccessMethod type="Microsoft.VisualStudio.TestTools.UnitTesting.DataAccessMethod, Microsoft.VisualStudio.QualityTools.UnitTestFramework, Version=8.0.0.0, Culture=neutral, PublicKeyToken=b03f5f7f11d50a3a"><value__ type="System.Int32">0</value__></dataAccessMethod><cssProjectStructure type="System.String" /><isRunOnRestart type="System.Boolean">False</isRunOnRestart><timeOut type="System.Int32">0</timeOut><isGroupable type="System.Boolean">True</isGroupable><abortRunOnAgentFailure type="System.Boolean">False</abortRunOnAgentFailure><cssIteration type="System.String" /><workItemIds type="System.Collections.Generic.List`1[[System.Int32, mscorlib, Version=2.0.0.0, Culture=neutral, PublicKeyToken=b77a5c561934e089]]"><_size type="System.Int32">0</_size><_version type="System.Int32">1</_version></workItemIds><id type="Microsoft.VisualStudio.TestTools.Common.TestId"><id type="System.Guid">acf96f21-a85e-db49-e5a8-a50df78caa75</id></id><name type="System.String">UpdateReturnLabelAddressTest</name><description type="System.String" /><enabled type="System.Boolean">True</enabled><owner type="System.String" /><priority type="System.Int32">0</priority><executionId type="Microsoft.VisualStudio.TestTools.Common.TestExecId"><id type="System.Guid">00000000-0000-0000-0000-000000000000</id></executionId><parentExecutId type="Microsoft.VisualStudio.TestTools.Common.TestExecId"><id type="System.Guid">00000000-0000-0000-0000-000000000000</id></parentExecutId><deploymentItems type="Microsoft.VisualStudio.TestTools.Common.DeploymentItemCollection" /><agentAttributes type="System.Collections.Specialized.StringDictionary, System, Version=2.0.0.0, Culture=neutral, PublicKeyToken=b77a5c561934e089" /><storage type="System.String">e:\projects\brownshoe\unit_tests\product\src\brownshoe\testing\unittests\bin\brownshoe.unittests.dll</storage><m_nonRunnableReason type="System.String" /></value><key type="Microsoft.VisualStudio.TestTools.Common.TestId"><id type="System.Guid">d199df1b-d4c1-ec0e-8e5c-8716759f3059</id></key><value type="Microsoft.VisualStudio.TestTools.TestTypes.Unit.UnitTestElement, Microsoft.VisualStudio.QualityTools.Tips.UnitTest.ObjectModel, Version=8.0.0.0, Culture=neutral, PublicKeyToken=b03f5f7f11d50a3a"><codeBase type="System.String">e:/projects/brownshoe/unit_tests/product/src/BrownShoe/Testing/UnitTests/bin/BrownShoe.UnitTests.DLL</codeBase><adapterTypeName type="System.String">Microsoft.VisualStudio.TestTools.TestTypes.Unit.UnitTestAdapter, Microsoft.VisualStudio.QualityTools.Tips.UnitTest.Adapter</adapterTypeName><testMethod type="Microsoft.VisualStudio.TestTools.TestTypes.Unit.TestMethod, Microsoft.VisualStudio.QualityTools.Tips.UnitTest.ObjectModel, Version=8.0.0.0, Culture=neutral, PublicKeyToken=b03f5f7f11d50a3a"><className type="System.String">BrownShoe.UnitTests.Services.DataAccess.GiftCertificateDBTest, BrownShoe.UnitTests, Version=1.0.0.0, Culture=neutral, PublicKeyToken=null</className><name type="System.String">UpdateTest</name><expectedExceptionMessage type="System.String" /><isValid type="System.Boolean">False</isValid></testMethod><aspNetDevServers type="System.Collections.Generic.List`1[[Microsoft.VisualStudio.TestTools.Common.AspNetDevelopmentServer, Microsoft.VisualStudio.QualityTools.Common, Version=8.0.0.0, Culture=neutral, PublicKeyToken=b03f5f7f11d50a3a]]"><_size type="System.Int32">0</_size><_version type="System.Int32">0</_version></aspNetDevServers><dataAccessMethod type="Microsoft.VisualStudio.TestTools.UnitTesting.DataAccessMethod, Microsoft.VisualStudio.QualityTools.UnitTestFramework, Version=8.0.0.0, Culture=neutral, PublicKeyToken=b03f5f7f11d50a3a"><value__ type="System.Int32">0</value__></dataAccessMethod><cssProjectStructure type="System.String" /><isRunOnRestart type="System.Boolean">False</isRunOnRestart><timeOut type="System.Int32">0</timeOut><isGroupable type="System.Boolean">True</isGroupable><abortRunOnAgentFailure type="System.Boolean">False</abortRunOnAgentFailure><cssIteration type="System.String" /><workItemIds type="System.Collections.Generic.List`1[[System.Int32, mscorlib, Version=2.0.0.0, Culture=neutral, PublicKeyToken=b77a5c561934e089]]"><_size type="System.Int32">0</_size><_version type="System.Int32">1</_version></workItemIds><id type="Microsoft.VisualStudio.TestTools.Common.TestId"><id type="System.Guid">d199df1b-d4c1-ec0e-8e5c-8716759f3059</id></id><name type="System.String">UpdateTest</name><description type="System.String" /><enabled type="System.Boolean">True</enabled><owner type="System.String" /><priority type="System.Int32">0</priority><executionId type="Microsoft.VisualStudio.TestTools.Common.TestExecId"><id type="System.Guid">00000000-0000-0000-0000-000000000000</id></executionId><parentExecutId type="Microsoft.VisualStudio.TestTools.Common.TestExecId"><id type="System.Guid">00000000-0000-0000-0000-000000000000</id></parentExecutId><deploymentItems type="Microsoft.VisualStudio.TestTools.Common.DeploymentItemCollection" /><agentAttributes type="System.Collections.Specialized.StringDictionary, System, Version=2.0.0.0, Culture=neutral, PublicKeyToken=b77a5c561934e089" /><storage type="System.String">e:\projects\brownshoe\unit_tests\product\src\brownshoe\testing\unittests\bin\brownshoe.unittests.dll</storage><m_nonRunnableReason type="System.String" /></value><key type="Microsoft.VisualStudio.TestTools.Common.TestId"><id type="System.Guid">1a524ff1-b1b2-c20b-a024-392a85900da6</id></key><value type="Microsoft.VisualStudio.TestTools.TestTypes.Unit.UnitTestElement, Microsoft.VisualStudio.QualityTools.Tips.UnitTest.ObjectModel, Version=8.0.0.0, Culture=neutral, PublicKeyToken=b03f5f7f11d50a3a"><codeBase type="System.String">e:/projects/brownshoe/unit_tests/product/src/BrownShoe/Testing/UnitTests/bin/BrownShoe.UnitTests.DLL</codeBase><adapterTypeName type="System.String">Microsoft.VisualStudio.TestTools.TestTypes.Unit.UnitTestAdapter, Microsoft.VisualStudio.QualityTools.Tips.UnitTest.Adapter</adapterTypeName><testMethod type="Microsoft.VisualStudio.TestTools.TestTypes.Unit.TestMethod, Microsoft.VisualStudio.QualityTools.Tips.UnitTest.ObjectModel, Version=8.0.0.0, Culture=neutral, PublicKeyToken=b03f5f7f11d50a3a"><className type="System.String">BrownShoe.UnitTests.Services.Email.EmailServiceTest, BrownShoe.UnitTests, Version=1.0.0.0, Culture=neutral, PublicKeyToken=null</className><name type="System.String">SendTest</name><expectedExceptionMessage type="System.String" /><isValid type="System.Boolean">False</isValid></testMethod><aspNetDevServers type="System.Collections.Generic.List`1[[Microsoft.VisualStudio.TestTools.Common.AspNetDevelopmentServer, Microsoft.VisualStudio.QualityTools.Common, Version=8.0.0.0, Culture=neutral, PublicKeyToken=b03f5f7f11d50a3a]]"><_size type="System.Int32">0</_size><_version type="System.Int32">0</_version></aspNetDevServers><dataAccessMethod type="Microsoft.VisualStudio.TestTools.UnitTesting.DataAccessMethod, Microsoft.VisualStudio.QualityTools.UnitTestFramework, Version=8.0.0.0, Culture=neutral, PublicKeyToken=b03f5f7f11d50a3a"><value__ type="System.Int32">0</value__></dataAccessMethod><cssProjectStructure type="System.String" /><isRunOnRestart type="System.Boolean">False</isRunOnRestart><timeOut type="System.Int32">0</timeOut><isGroupable type="System.Boolean">True</isGroupable><abortRunOnAgentFailure type="System.Boolean">False</abortRunOnAgentFailure><cssIteration type="System.String" /><workItemIds type="System.Collections.Generic.List`1[[System.Int32, mscorlib, Version=2.0.0.0, Culture=neutral, PublicKeyToken=b77a5c561934e089]]"><_size type="System.Int32">0</_size><_version type="System.Int32">1</_version></workItemIds><id type="Microsoft.VisualStudio.TestTools.Common.TestId"><id type="System.Guid">1a524ff1-b1b2-c20b-a024-392a85900da6</id></id><name type="System.String">SendTest</name><description type="System.String" /><enabled type="System.Boolean">True</enabled><owner type="System.String" /><priority type="System.Int32">0</priority><executionId type="Microsoft.VisualStudio.TestTools.Common.TestExecId"><id type="System.Guid">00000000-0000-0000-0000-000000000000</id></executionId><parentExecutId type="Microsoft.VisualStudio.TestTools.Common.TestExecId"><id type="System.Guid">00000000-0000-0000-0000-000000000000</id></parentExecutId><deploymentItems type="Microsoft.VisualStudio.TestTools.Common.DeploymentItemCollection" /><agentAttributes type="System.Collections.Specialized.StringDictionary, System, Version=2.0.0.0, Culture=neutral, PublicKeyToken=b77a5c561934e089" /><storage type="System.String">e:\projects\brownshoe\unit_tests\product\src\brownshoe\testing\unittests\bin\brownshoe.unittests.dll</storage><m_nonRunnableReason type="System.String" /></value><key type="Microsoft.VisualStudio.TestTools.Common.TestId"><id type="System.Guid">311d10a5-725c-d729-092d-090baa3535a8</id></key><value type="Microsoft.VisualStudio.TestTools.TestTypes.Unit.UnitTestElement, Microsoft.VisualStudio.QualityTools.Tips.UnitTest.ObjectModel, Version=8.0.0.0, Culture=neutral, PublicKeyToken=b03f5f7f11d50a3a"><codeBase type="System.String">e:/projects/brownshoe/unit_tests/product/src/BrownShoe/Testing/UnitTests/bin/BrownShoe.UnitTests.DLL</codeBase><adapterTypeName type="System.String">Microsoft.VisualStudio.TestTools.TestTypes.Unit.UnitTestAdapter, Microsoft.VisualStudio.QualityTools.Tips.UnitTest.Adapter</adapterTypeName><testMethod type="Microsoft.VisualStudio.TestTools.TestTypes.Unit.TestMethod, Microsoft.VisualStudio.QualityTools.Tips.UnitTest.ObjectModel, Version=8.0.0.0, Culture=neutral, PublicKeyToken=b03f5f7f11d50a3a"><className type="System.String">BrownShoe.UnitTests.Services.Profiles.AddressServiceTest, BrownShoe.UnitTests, Version=1.0.0.0, Culture=neutral, PublicKeyToken=null</className><name type="System.String">GetAccuMailErrorMessageTest</name><expectedExceptionMessage type="System.String" /><isValid type="System.Boolean">False</isValid></testMethod><aspNetDevServers type="System.Collections.Generic.List`1[[Microsoft.VisualStudio.TestTools.Common.AspNetDevelopmentServer, Microsoft.VisualStudio.QualityTools.Common, Version=8.0.0.0, Culture=neutral, PublicKeyToken=b03f5f7f11d50a3a]]"><_size type="System.Int32">0</_size><_version type="System.Int32">0</_version></aspNetDevServers><dataAccessMethod type="Microsoft.VisualStudio.TestTools.UnitTesting.DataAccessMethod, Microsoft.VisualStudio.QualityTools.UnitTestFramework, Version=8.0.0.0, Culture=neutral, PublicKeyToken=b03f5f7f11d50a3a"><value__ type="System.Int32">0</value__></dataAccessMethod><cssProjectStructure type="System.String" /><isRunOnRestart type="System.Boolean">False</isRunOnRestart><timeOut type="System.Int32">0</timeOut><isGroupable type="System.Boolean">True</isGroupable><abortRunOnAgentFailure type="System.Boolean">False</abortRunOnAgentFailure><cssIteration type="System.String" /><workItemIds type="System.Collections.Generic.List`1[[System.Int32, mscorlib, Version=2.0.0.0, Culture=neutral, PublicKeyToken=b77a5c561934e089]]"><_size type="System.Int32">0</_size><_version type="System.Int32">1</_version></workItemIds><id type="Microsoft.VisualStudio.TestTools.Common.TestId"><id type="System.Guid">311d10a5-725c-d729-092d-090baa3535a8</id></id><name type="System.String">GetAccuMailErrorMessageTest</name><description type="System.String" /><enabled type="System.Boolean">True</enabled><owner type="System.String" /><priority type="System.Int32">0</priority><executionId type="Microsoft.VisualStudio.TestTools.Common.TestExecId"><id type="System.Guid">00000000-0000-0000-0000-000000000000</id></executionId><parentExecutId type="Microsoft.VisualStudio.TestTools.Common.TestExecId"><id type="System.Guid">00000000-0000-0000-0000-000000000000</id></parentExecutId><deploymentItems type="Microsoft.VisualStudio.TestTools.Common.DeploymentItemCollection" /><agentAttributes type="System.Collections.Specialized.StringDictionary, System, Version=2.0.0.0, Culture=neutral, PublicKeyToken=b77a5c561934e089" /><storage type="System.String">e:\projects\brownshoe\unit_tests\product\src\brownshoe\testing\unittests\bin\brownshoe.unittests.dll</storage><m_nonRunnableReason type="System.String" /></value><key type="Microsoft.VisualStudio.TestTools.Common.TestId"><id type="System.Guid">aed7ed02-6ea5-ed74-dd6f-7165501e460f</id></key><value type="Microsoft.VisualStudio.TestTools.TestTypes.Unit.UnitTestElement, Microsoft.VisualStudio.QualityTools.Tips.UnitTest.ObjectModel, Version=8.0.0.0, Culture=neutral, PublicKeyToken=b03f5f7f11d50a3a"><codeBase type="System.String">e:/projects/brownshoe/unit_tests/product/src/BrownShoe/Testing/UnitTests/bin/BrownShoe.UnitTests.DLL</codeBase><adapterTypeName type="System.String">Microsoft.VisualStudio.TestTools.TestTypes.Unit.UnitTestAdapter, Microsoft.VisualStudio.QualityTools.Tips.UnitTest.Adapter</adapterTypeName><testMethod type="Microsoft.VisualStudio.TestTools.TestTypes.Unit.TestMethod, Microsoft.VisualStudio.QualityTools.Tips.UnitTest.ObjectModel, Version=8.0.0.0, Culture=neutral, PublicKeyToken=b03f5f7f11d50a3a"><className type="System.String">BrownShoe.UnitTests.RetailApplicationCore.Profiles.ProfileControllerTest, BrownShoe.UnitTests, Version=1.0.0.0, Culture=neutral, PublicKeyToken=null</className><name type="System.String">SaveCheckoutCreditCardTest</name><expectedExceptionMessage type="System.String" /><isValid type="System.Boolean">False</isValid></testMethod><aspNetDevServers type="System.Collections.Generic.List`1[[Microsoft.VisualStudio.TestTools.Common.AspNetDevelopmentServer, Microsoft.VisualStudio.QualityTools.Common, Version=8.0.0.0, Culture=neutral, PublicKeyToken=b03f5f7f11d50a3a]]"><_size type="System.Int32">0</_size><_version type="System.Int32">0</_version></aspNetDevServers><dataAccessMethod type="Microsoft.VisualStudio.TestTools.UnitTesting.DataAccessMethod, Microsoft.VisualStudio.QualityTools.UnitTestFramework, Version=8.0.0.0, Culture=neutral, PublicKeyToken=b03f5f7f11d50a3a"><value__ type="System.Int32">0</value__></dataAccessMethod><cssProjectStructure type="System.String" /><isRunOnRestart type="System.Boolean">False</isRunOnRestart><timeOut type="System.Int32">0</timeOut><isGroupable type="System.Boolean">True</isGroupable><abortRunOnAgentFailure type="System.Boolean">False</abortRunOnAgentFailure><cssIteration type="System.String" /><workItemIds type="System.Collections.Generic.List`1[[System.Int32, mscorlib, Version=2.0.0.0, Culture=neutral, PublicKeyToken=b77a5c561934e089]]"><_size type="System.Int32">0</_size><_version type="System.Int32">1</_version></workItemIds><id type="Microsoft.VisualStudio.TestTools.Common.TestId"><id type="System.Guid">aed7ed02-6ea5-ed74-dd6f-7165501e460f</id></id><name type="System.String">SaveCheckoutCreditCardTest</name><description type="System.String" /><enabled type="System.Boolean">True</enabled><owner type="System.String" /><priority type="System.Int32">0</priority><executionId type="Microsoft.VisualStudio.TestTools.Common.TestExecId"><id type="System.Guid">00000000-0000-0000-0000-000000000000</id></executionId><parentExecutId type="Microsoft.VisualStudio.TestTools.Common.TestExecId"><id type="System.Guid">00000000-0000-0000-0000-000000000000</id></parentExecutId><deploymentItems type="Microsoft.VisualStudio.TestTools.Common.DeploymentItemCollection" /><agentAttributes type="System.Collections.Specialized.StringDictionary, System, Version=2.0.0.0, Culture=neutral, PublicKeyToken=b77a5c561934e089" /><storage type="System.String">e:\projects\brownshoe\unit_tests\product\src\brownshoe\testing\unittests\bin\brownshoe.unittests.dll</storage><m_nonRunnableReason type="System.String" /></value><key type="Microsoft.VisualStudio.TestTools.Common.TestId"><id type="System.Guid">d7c13b58-bee4-1f16-1f3b-dfc18073ead4</id></key><value type="Microsoft.VisualStudio.TestTools.TestTypes.Unit.UnitTestElement, Microsoft.VisualStudio.QualityTools.Tips.UnitTest.ObjectModel, Version=8.0.0.0, Culture=neutral, PublicKeyToken=b03f5f7f11d50a3a"><codeBase type="System.String">e:/projects/brownshoe/unit_tests/product/src/BrownShoe/Testing/UnitTests/bin/BrownShoe.UnitTests.DLL</codeBase><adapterTypeName type="System.String">Microsoft.VisualStudio.TestTools.TestTypes.Unit.UnitTestAdapter, Microsoft.VisualStudio.QualityTools.Tips.UnitTest.Adapter</adapterTypeName><testMethod type="Microsoft.VisualStudio.TestTools.TestTypes.Unit.TestMethod, Microsoft.VisualStudio.QualityTools.Tips.UnitTest.ObjectModel, Version=8.0.0.0, Culture=neutral, PublicKeyToken=b03f5f7f11d50a3a"><className type="System.String">BrownShoe.UnitTests.Services.Madison.MadisonWebServiceResultSimpleTest, BrownShoe.UnitTests, Version=1.0.0.0, Culture=neutral, PublicKeyToken=null</className><name type="System.String">SuccessTest</name><expectedExceptionMessage type="System.String" /><isValid type="System.Boolean">False</isValid></testMethod><aspNetDevServers type="System.Collections.Generic.List`1[[Microsoft.VisualStudio.TestTools.Common.AspNetDevelopmentServer, Microsoft.VisualStudio.QualityTools.Common, Version=8.0.0.0, Culture=neutral, PublicKeyToken=b03f5f7f11d50a3a]]"><_size type="System.Int32">0</_size><_version type="System.Int32">0</_version></aspNetDevServers><dataAccessMethod type="Microsoft.VisualStudio.TestTools.UnitTesting.DataAccessMethod, Microsoft.VisualStudio.QualityTools.UnitTestFramework, Version=8.0.0.0, Culture=neutral, PublicKeyToken=b03f5f7f11d50a3a"><value__ type="System.Int32">0</value__></dataAccessMethod><cssProjectStructure type="System.String" /><isRunOnRestart type="System.Boolean">False</isRunOnRestart><timeOut type="System.Int32">0</timeOut><isGroupable type="System.Boolean">True</isGroupable><abortRunOnAgentFailure type="System.Boolean">False</abortRunOnAgentFailure><cssIteration type="System.String" /><workItemIds type="System.Collections.Generic.List`1[[System.Int32, mscorlib, Version=2.0.0.0, Culture=neutral, PublicKeyToken=b77a5c561934e089]]"><_size type="System.Int32">0</_size><_version type="System.Int32">1</_version></workItemIds><id type="Microsoft.VisualStudio.TestTools.Common.TestId"><id type="System.Guid">d7c13b58-bee4-1f16-1f3b-dfc18073ead4</id></id><name type="System.String">SuccessTest</name><description type="System.String" /><enabled type="System.Boolean">True</enabled><owner type="System.String" /><priority type="System.Int32">0</priority><executionId type="Microsoft.VisualStudio.TestTools.Common.TestExecId"><id type="System.Guid">00000000-0000-0000-0000-000000000000</id></executionId><parentExecutId type="Microsoft.VisualStudio.TestTools.Common.TestExecId"><id type="System.Guid">00000000-0000-0000-0000-000000000000</id></parentExecutId><deploymentItems type="Microsoft.VisualStudio.TestTools.Common.DeploymentItemCollection" /><agentAttributes type="System.Collections.Specialized.StringDictionary, System, Version=2.0.0.0, Culture=neutral, PublicKeyToken=b77a5c561934e089" /><storage type="System.String">e:\projects\brownshoe\unit_tests\product\src\brownshoe\testing\unittests\bin\brownshoe.unittests.dll</storage><m_nonRunnableReason type="System.String" /></value><key type="Microsoft.VisualStudio.TestTools.Common.TestId"><id type="System.Guid">76892539-de28-b3bf-c831-5a9d6105ee5b</id></key><value type="Microsoft.VisualStudio.TestTools.TestTypes.Unit.UnitTestElement, Microsoft.VisualStudio.QualityTools.Tips.UnitTest.ObjectModel, Version=8.0.0.0, Culture=neutral, PublicKeyToken=b03f5f7f11d50a3a"><codeBase type="System.String">e:/projects/brownshoe/unit_tests/product/src/BrownShoe/Testing/UnitTests/bin/BrownShoe.UnitTests.DLL</codeBase><adapterTypeName type="System.String">Microsoft.VisualStudio.TestTools.TestTypes.Unit.UnitTestAdapter, Microsoft.VisualStudio.QualityTools.Tips.UnitTest.Adapter</adapterTypeName><testMethod type="Microsoft.VisualStudio.TestTools.TestTypes.Unit.TestMethod, Microsoft.VisualStudio.QualityTools.Tips.UnitTest.ObjectModel, Version=8.0.0.0, Culture=neutral, PublicKeyToken=b03f5f7f11d50a3a"><className type="System.String">BrownShoe.UnitTests.Services.DataAccess.AddressValidationDBTest, BrownShoe.UnitTests, Version=1.0.0.0, Culture=neutral, PublicKeyToken=null</className><name type="System.String">LoadDataTest</name><expectedExceptionMessage type="System.String" /><isValid type="System.Boolean">False</isValid></testMethod><aspNetDevServers type="System.Collections.Generic.List`1[[Microsoft.VisualStudio.TestTools.Common.AspNetDevelopmentServer, Microsoft.VisualStudio.QualityTools.Common, Version=8.0.0.0, Culture=neutral, PublicKeyToken=b03f5f7f11d50a3a]]"><_size type="System.Int32">0</_size><_version type="System.Int32">0</_version></aspNetDevServers><dataAccessMethod type="Microsoft.VisualStudio.TestTools.UnitTesting.DataAccessMethod, Microsoft.VisualStudio.QualityTools.UnitTestFramework, Version=8.0.0.0, Culture=neutral, PublicKeyToken=b03f5f7f11d50a3a"><value__ type="System.Int32">0</value__></dataAccessMethod><cssProjectStructure type="System.String" /><isRunOnRestart type="System.Boolean">False</isRunOnRestart><timeOut type="System.Int32">0</timeOut><isGroupable type="System.Boolean">True</isGroupable><abortRunOnAgentFailure type="System.Boolean">False</abortRunOnAgentFailure><cssIteration type="System.String" /><workItemIds type="System.Collections.Generic.List`1[[System.Int32, mscorlib, Version=2.0.0.0, Culture=neutral, PublicKeyToken=b77a5c561934e089]]"><_size type="System.Int32">0</_size><_version type="System.Int32">1</_version></workItemIds><id type="Microsoft.VisualStudio.TestTools.Common.TestId"><id type="System.Guid">76892539-de28-b3bf-c831-5a9d6105ee5b</id></id><name type="System.String">LoadDataTest</name><description type="System.String" /><enabled type="System.Boolean">True</enabled><owner type="System.String" /><priority type="System.Int32">0</priority><executionId type="Microsoft.VisualStudio.TestTools.Common.TestExecId"><id type="System.Guid">00000000-0000-0000-0000-000000000000</id></executionId><parentExecutId type="Microsoft.VisualStudio.TestTools.Common.TestExecId"><id type="System.Guid">00000000-0000-0000-0000-000000000000</id></parentExecutId><deploymentItems type="Microsoft.VisualStudio.TestTools.Common.DeploymentItemCollection" /><agentAttributes type="System.Collections.Specialized.StringDictionary, System, Version=2.0.0.0, Culture=neutral, PublicKeyToken=b77a5c561934e089" /><storage type="System.String">e:\projects\brownshoe\unit_tests\product\src\brownshoe\testing\unittests\bin\brownshoe.unittests.dll</storage><m_nonRunnableReason type="System.String" /></value><key type="Microsoft.VisualStudio.TestTools.Common.TestId"><id type="System.Guid">cf091143-0dd3-e78f-f5d3-03b201cf1432</id></key><value type="Microsoft.VisualStudio.TestTools.TestTypes.Unit.UnitTestElement, Microsoft.VisualStudio.QualityTools.Tips.UnitTest.ObjectModel, Version=8.0.0.0, Culture=neutral, PublicKeyToken=b03f5f7f11d50a3a"><codeBase type="System.String">e:/projects/brownshoe/unit_tests/product/src/BrownShoe/Testing/UnitTests/bin/BrownShoe.UnitTests.DLL</codeBase><adapterTypeName type="System.String">Microsoft.VisualStudio.TestTools.TestTypes.Unit.UnitTestAdapter, Microsoft.VisualStudio.QualityTools.Tips.UnitTest.Adapter</adapterTypeName><testMethod type="Microsoft.VisualStudio.TestTools.TestTypes.Unit.TestMethod, Microsoft.VisualStudio.QualityTools.Tips.UnitTest.ObjectModel, Version=8.0.0.0, Culture=neutral, PublicKeyToken=b03f5f7f11d50a3a"><className type="System.String">BrownShoe.UnitTests.Services.ContentManagement.CMTokenServiceTest, BrownShoe.UnitTests, Version=1.0.0.0, Culture=neutral, PublicKeyToken=null</className><name type="System.String">GetBDAdShopRightMargin2Test</name><expectedExceptionMessage type="System.String" /><isValid type="System.Boolean">False</isValid></testMethod><aspNetDevServers type="System.Collections.Generic.List`1[[Microsoft.VisualStudio.TestTools.Common.AspNetDevelopmentServer, Microsoft.VisualStudio.QualityTools.Common, Version=8.0.0.0, Culture=neutral, PublicKeyToken=b03f5f7f11d50a3a]]"><_size type="System.Int32">0</_size><_version type="System.Int32">0</_version></aspNetDevServers><dataAccessMethod type="Microsoft.VisualStudio.TestTools.UnitTesting.DataAccessMethod, Microsoft.VisualStudio.QualityTools.UnitTestFramework, Version=8.0.0.0, Culture=neutral, PublicKeyToken=b03f5f7f11d50a3a"><value__ type="System.Int32">0</value__></dataAccessMethod><cssProjectStructure type="System.String" /><isRunOnRestart type="System.Boolean">False</isRunOnRestart><timeOut type="System.Int32">0</timeOut><isGroupable type="System.Boolean">True</isGroupable><abortRunOnAgentFailure type="System.Boolean">False</abortRunOnAgentFailure><cssIteration type="System.String" /><workItemIds type="System.Collections.Generic.List`1[[System.Int32, mscorlib, Version=2.0.0.0, Culture=neutral, PublicKeyToken=b77a5c561934e089]]"><_size type="System.Int32">0</_size><_version type="System.Int32">1</_version></workItemIds><id type="Microsoft.VisualStudio.TestTools.Common.TestId"><id type="System.Guid">cf091143-0dd3-e78f-f5d3-03b201cf1432</id></id><name type="System.String">GetBDAdShopRightMargin2Test</name><description type="System.String" /><enabled type="System.Boolean">True</enabled><owner type="System.String" /><priority type="System.Int32">0</priority><executionId type="Microsoft.VisualStudio.TestTools.Common.TestExecId"><id type="System.Guid">00000000-0000-0000-0000-000000000000</id></executionId><parentExecutId type="Microsoft.VisualStudio.TestTools.Common.TestExecId"><id type="System.Guid">00000000-0000-0000-0000-000000000000</id></parentExecutId><deploymentItems type="Microsoft.VisualStudio.TestTools.Common.DeploymentItemCollection" /><agentAttributes type="System.Collections.Specialized.StringDictionary, System, Version=2.0.0.0, Culture=neutral, PublicKeyToken=b77a5c561934e089" /><storage type="System.String">e:\projects\brownshoe\unit_tests\product\src\brownshoe\testing\unittests\bin\brownshoe.unittests.dll</storage><m_nonRunnableReason type="System.String" /></value><key type="Microsoft.VisualStudio.TestTools.Common.TestId"><id type="System.Guid">16193e01-7037-ba77-2c53-145c7e3d3c28</id></key><value type="Microsoft.VisualStudio.TestTools.TestTypes.Unit.UnitTestElement, Microsoft.VisualStudio.QualityTools.Tips.UnitTest.ObjectModel, Version=8.0.0.0, Culture=neutral, PublicKeyToken=b03f5f7f11d50a3a"><codeBase type="System.String">e:/projects/brownshoe/unit_tests/product/src/BrownShoe/Testing/UnitTests/bin/BrownShoe.UnitTests.DLL</codeBase><adapterTypeName type="System.String">Microsoft.VisualStudio.TestTools.TestTypes.Unit.UnitTestAdapter, Microsoft.VisualStudio.QualityTools.Tips.UnitTest.Adapter</adapterTypeName><testMethod type="Microsoft.VisualStudio.TestTools.TestTypes.Unit.TestMethod, Microsoft.VisualStudio.QualityTools.Tips.UnitTest.ObjectModel, Version=8.0.0.0, Culture=neutral, PublicKeyToken=b03f5f7f11d50a3a"><className type="System.String">BrownShoe.UnitTests.Services.Profiles.ProductInfoTest, BrownShoe.UnitTests, Version=1.0.0.0, Culture=neutral, PublicKeyToken=null</className><name type="System.String">GetProductInfoFromVariantSizeWidthTest</name><expectedExceptionMessage type="System.String" /><isValid type="System.Boolean">False</isValid></testMethod><aspNetDevServers type="System.Collections.Generic.List`1[[Microsoft.VisualStudio.TestTools.Common.AspNetDevelopmentServer, Microsoft.VisualStudio.QualityTools.Common, Version=8.0.0.0, Culture=neutral, PublicKeyToken=b03f5f7f11d50a3a]]"><_size type="System.Int32">0</_size><_version type="System.Int32">0</_version></aspNetDevServers><dataAccessMethod type="Microsoft.VisualStudio.TestTools.UnitTesting.DataAccessMethod, Microsoft.VisualStudio.QualityTools.UnitTestFramework, Version=8.0.0.0, Culture=neutral, PublicKeyToken=b03f5f7f11d50a3a"><value__ type="System.Int32">0</value__></dataAccessMethod><cssProjectStructure type="System.String" /><isRunOnRestart type="System.Boolean">False</isRunOnRestart><timeOut type="System.Int32">0</timeOut><isGroupable type="System.Boolean">True</isGroupable><abortRunOnAgentFailure type="System.Boolean">False</abortRunOnAgentFailure><cssIteration type="System.String" /><workItemIds type="System.Collections.Generic.List`1[[System.Int32, mscorlib, Version=2.0.0.0, Culture=neutral, PublicKeyToken=b77a5c561934e089]]"><_size type="System.Int32">0</_size><_version type="System.Int32">1</_version></workItemIds><id type="Microsoft.VisualStudio.TestTools.Common.TestId"><id type="System.Guid">16193e01-7037-ba77-2c53-145c7e3d3c28</id></id><name type="System.String">GetProductInfoFromVariantSizeWidthTest</name><description type="System.String" /><enabled type="System.Boolean">True</enabled><owner type="System.String" /><priority type="System.Int32">0</priority><executionId type="Microsoft.VisualStudio.TestTools.Common.TestExecId"><id type="System.Guid">00000000-0000-0000-0000-000000000000</id></executionId><parentExecutId type="Microsoft.VisualStudio.TestTools.Common.TestExecId"><id type="System.Guid">00000000-0000-0000-0000-000000000000</id></parentExecutId><deploymentItems type="Microsoft.VisualStudio.TestTools.Common.DeploymentItemCollection" /><agentAttributes type="System.Collections.Specialized.StringDictionary, System, Version=2.0.0.0, Culture=neutral, PublicKeyToken=b77a5c561934e089" /><storage type="System.String">e:\projects\brownshoe\unit_tests\product\src\brownshoe\testing\unittests\bin\brownshoe.unittests.dll</storage><m_nonRunnableReason type="System.String" /></value><key type="Microsoft.VisualStudio.TestTools.Common.TestId"><id type="System.Guid">84c83d3a-0d73-ed7b-4412-f2084cf2e4cd</id></key><value type="Microsoft.VisualStudio.TestTools.TestTypes.Unit.UnitTestElement, Microsoft.VisualStudio.QualityTools.Tips.UnitTest.ObjectModel, Version=8.0.0.0, Culture=neutral, PublicKeyToken=b03f5f7f11d50a3a"><codeBase type="System.String">e:/projects/brownshoe/unit_tests/product/src/BrownShoe/Testing/UnitTests/bin/BrownShoe.UnitTests.DLL</codeBase><adapterTypeName type="System.String">Microsoft.VisualStudio.TestTools.TestTypes.Unit.UnitTestAdapter, Microsoft.VisualStudio.QualityTools.Tips.UnitTest.Adapter</adapterTypeName><testMethod type="Microsoft.VisualStudio.TestTools.TestTypes.Unit.TestMethod, Microsoft.VisualStudio.QualityTools.Tips.UnitTest.ObjectModel, Version=8.0.0.0, Culture=neutral, PublicKeyToken=b03f5f7f11d50a3a"><className type="System.String">BrownShoe.UnitTests.Services.Profiles.CsrProfileServiceTest, BrownShoe.UnitTests, Version=1.0.0.0, Culture=neutral, PublicKeyToken=null</className><name type="System.String">ReadFromNetworkIdentityTest</name><expectedExceptionMessage type="System.String" /><isValid type="System.Boolean">False</isValid></testMethod><aspNetDevServers type="System.Collections.Generic.List`1[[Microsoft.VisualStudio.TestTools.Common.AspNetDevelopmentServer, Microsoft.VisualStudio.QualityTools.Common, Version=8.0.0.0, Culture=neutral, PublicKeyToken=b03f5f7f11d50a3a]]"><_size type="System.Int32">0</_size><_version type="System.Int32">0</_version></aspNetDevServers><dataAccessMethod type="Microsoft.VisualStudio.TestTools.UnitTesting.DataAccessMethod, Microsoft.VisualStudio.QualityTools.UnitTestFramework, Version=8.0.0.0, Culture=neutral, PublicKeyToken=b03f5f7f11d50a3a"><value__ type="System.Int32">0</value__></dataAccessMethod><cssProjectStructure type="System.String" /><isRunOnRestart type="System.Boolean">False</isRunOnRestart><timeOut type="System.Int32">0</timeOut><isGroupable type="System.Boolean">True</isGroupable><abortRunOnAgentFailure type="System.Boolean">False</abortRunOnAgentFailure><cssIteration type="System.String" /><workItemIds type="System.Collections.Generic.List`1[[System.Int32, mscorlib, Version=2.0.0.0, Culture=neutral, PublicKeyToken=b77a5c561934e089]]"><_size type="System.Int32">0</_size><_version type="System.Int32">1</_version></workItemIds><id type="Microsoft.VisualStudio.TestTools.Common.TestId"><id type="System.Guid">84c83d3a-0d73-ed7b-4412-f2084cf2e4cd</id></id><name type="System.String">ReadFromNetworkIdentityTest</name><description type="System.String" /><enabled type="System.Boolean">True</enabled><owner type="System.String" /><priority type="System.Int32">0</priority><executionId type="Microsoft.VisualStudio.TestTools.Common.TestExecId"><id type="System.Guid">00000000-0000-0000-0000-000000000000</id></executionId><parentExecutId type="Microsoft.VisualStudio.TestTools.Common.TestExecId"><id type="System.Guid">00000000-0000-0000-0000-000000000000</id></parentExecutId><deploymentItems type="Microsoft.VisualStudio.TestTools.Common.DeploymentItemCollection" /><agentAttributes type="System.Collections.Specialized.StringDictionary, System, Version=2.0.0.0, Culture=neutral, PublicKeyToken=b77a5c561934e089" /><storage type="System.String">e:\projects\brownshoe\unit_tests\product\src\brownshoe\testing\unittests\bin\brownshoe.unittests.dll</storage><m_nonRunnableReason type="System.String" /></value><key type="Microsoft.VisualStudio.TestTools.Common.TestId"><id type="System.Guid">213f5c77-3713-9b32-b746-8846479bd0d4</id></key><value type="Microsoft.VisualStudio.TestTools.TestTypes.Unit.UnitTestElement, Microsoft.VisualStudio.QualityTools.Tips.UnitTest.ObjectModel, Version=8.0.0.0, Culture=neutral, PublicKeyToken=b03f5f7f11d50a3a"><codeBase type="System.String">e:/projects/brownshoe/unit_tests/product/src/BrownShoe/Testing/UnitTests/bin/BrownShoe.UnitTests.DLL</codeBase><adapterTypeName type="System.String">Microsoft.VisualStudio.TestTools.TestTypes.Unit.UnitTestAdapter, Microsoft.VisualStudio.QualityTools.Tips.UnitTest.Adapter</adapterTypeName><testMethod type="Microsoft.VisualStudio.TestTools.TestTypes.Unit.TestMethod, Microsoft.VisualStudio.QualityTools.Tips.UnitTest.ObjectModel, Version=8.0.0.0, Culture=neutral, PublicKeyToken=b03f5f7f11d50a3a"><className type="System.String">BrownShoe.UnitTests.Services.Shopping.ShoppingCartServiceTest, BrownShoe.UnitTests, Version=1.0.0.0, Culture=neutral, PublicKeyToken=null</className><name type="System.String">RunPayPalLoginPipelineTest</name><expectedExceptionMessage type="System.String" /><isValid type="System.Boolean">False</isValid></testMethod><aspNetDevServers type="System.Collections.Generic.List`1[[Microsoft.VisualStudio.TestTools.Common.AspNetDevelopmentServer, Microsoft.VisualStudio.QualityTools.Common, Version=8.0.0.0, Culture=neutral, PublicKeyToken=b03f5f7f11d50a3a]]"><_size type="System.Int32">0</_size><_version type="System.Int32">0</_version></aspNetDevServers><dataAccessMethod type="Microsoft.VisualStudio.TestTools.UnitTesting.DataAccessMethod, Microsoft.VisualStudio.QualityTools.UnitTestFramework, Version=8.0.0.0, Culture=neutral, PublicKeyToken=b03f5f7f11d50a3a"><value__ type="System.Int32">0</value__></dataAccessMethod><cssProjectStructure type="System.String" /><isRunOnRestart type="System.Boolean">False</isRunOnRestart><timeOut type="System.Int32">0</timeOut><isGroupable type="System.Boolean">True</isGroupable><abortRunOnAgentFailure type="System.Boolean">False</abortRunOnAgentFailure><cssIteration type="System.String" /><workItemIds type="System.Collections.Generic.List`1[[System.Int32, mscorlib, Version=2.0.0.0, Culture=neutral, PublicKeyToken=b77a5c561934e089]]"><_size type="System.Int32">0</_size><_version type="System.Int32">1</_version></workItemIds><id type="Microsoft.VisualStudio.TestTools.Common.TestId"><id type="System.Guid">213f5c77-3713-9b32-b746-8846479bd0d4</id></id><name type="System.String">RunPayPalLoginPipelineTest</name><description type="System.String" /><enabled type="System.Boolean">True</enabled><owner type="System.String" /><priority type="System.Int32">0</priority><executionId type="Microsoft.VisualStudio.TestTools.Common.TestExecId"><id type="System.Guid">00000000-0000-0000-0000-000000000000</id></executionId><parentExecutId type="Microsoft.VisualStudio.TestTools.Common.TestExecId"><id type="System.Guid">00000000-0000-0000-0000-000000000000</id></parentExecutId><deploymentItems type="Microsoft.VisualStudio.TestTools.Common.DeploymentItemCollection" /><agentAttributes type="System.Collections.Specialized.StringDictionary, System, Version=2.0.0.0, Culture=neutral, PublicKeyToken=b77a5c561934e089" /><storage type="System.String">e:\projects\brownshoe\unit_tests\product\src\brownshoe\testing\unittests\bin\brownshoe.unittests.dll</storage><m_nonRunnableReason type="System.String" /></value><key type="Microsoft.VisualStudio.TestTools.Common.TestId"><id type="System.Guid">f57f24b9-19c5-77f1-1040-de24c3077fd2</id></key><value type="Microsoft.VisualStudio.TestTools.TestTypes.Unit.UnitTestElement, Microsoft.VisualStudio.QualityTools.Tips.UnitTest.ObjectModel, Version=8.0.0.0, Culture=neutral, PublicKeyToken=b03f5f7f11d50a3a"><codeBase type="System.String">e:/projects/brownshoe/unit_tests/product/src/BrownShoe/Testing/UnitTests/bin/BrownShoe.UnitTests.DLL</codeBase><adapterTypeName type="System.String">Microsoft.VisualStudio.TestTools.TestTypes.Unit.UnitTestAdapter, Microsoft.VisualStudio.QualityTools.Tips.UnitTest.Adapter</adapterTypeName><testMethod type="Microsoft.VisualStudio.TestTools.TestTypes.Unit.TestMethod, Microsoft.VisualStudio.QualityTools.Tips.UnitTest.ObjectModel, Version=8.0.0.0, Culture=neutral, PublicKeyToken=b03f5f7f11d50a3a"><className type="System.String">BrownShoe.UnitTests.Services.Profiles.AddressServiceTest, BrownShoe.UnitTests, Version=1.0.0.0, Culture=neutral, PublicKeyToken=null</className><name type="System.String">UpdateTest</name><expectedExceptionMessage type="System.String" /><isValid type="System.Boolean">False</isValid></testMethod><aspNetDevServers type="System.Collections.Generic.List`1[[Microsoft.VisualStudio.TestTools.Common.AspNetDevelopmentServer, Microsoft.VisualStudio.QualityTools.Common, Version=8.0.0.0, Culture=neutral, PublicKeyToken=b03f5f7f11d50a3a]]"><_size type="System.Int32">0</_size><_version type="System.Int32">0</_version></aspNetDevServers><dataAccessMethod type="Microsoft.VisualStudio.TestTools.UnitTesting.DataAccessMethod, Microsoft.VisualStudio.QualityTools.UnitTestFramework, Version=8.0.0.0, Culture=neutral, PublicKeyToken=b03f5f7f11d50a3a"><value__ type="System.Int32">0</value__></dataAccessMethod><cssProjectStructure type="System.String" /><isRunOnRestart type="System.Boolean">False</isRunOnRestart><timeOut type="System.Int32">0</timeOut><isGroupable type="System.Boolean">True</isGroupable><abortRunOnAgentFailure type="System.Boolean">False</abortRunOnAgentFailure><cssIteration type="System.String" /><workItemIds type="System.Collections.Generic.List`1[[System.Int32, mscorlib, Version=2.0.0.0, Culture=neutral, PublicKeyToken=b77a5c561934e089]]"><_size type="System.Int32">0</_size><_version type="System.Int32">1</_version></workItemIds><id type="Microsoft.VisualStudio.TestTools.Common.TestId"><id type="System.Guid">f57f24b9-19c5-77f1-1040-de24c3077fd2</id></id><name type="System.String">UpdateTest</name><description type="System.String" /><enabled type="System.Boolean">True</enabled><owner type="System.String" /><priority type="System.Int32">0</priority><executionId type="Microsoft.VisualStudio.TestTools.Common.TestExecId"><id type="System.Guid">00000000-0000-0000-0000-000000000000</id></executionId><parentExecutId type="Microsoft.VisualStudio.TestTools.Common.TestExecId"><id type="System.Guid">00000000-0000-0000-0000-000000000000</id></parentExecutId><deploymentItems type="Microsoft.VisualStudio.TestTools.Common.DeploymentItemCollection" /><agentAttributes type="System.Collections.Specialized.StringDictionary, System, Version=2.0.0.0, Culture=neutral, PublicKeyToken=b77a5c561934e089" /><storage type="System.String">e:\projects\brownshoe\unit_tests\product\src\brownshoe\testing\unittests\bin\brownshoe.unittests.dll</storage><m_nonRunnableReason type="System.String" /></value><key type="Microsoft.VisualStudio.TestTools.Common.TestId"><id type="System.Guid">072e81db-fa89-38f4-34d7-326f10e7439e</id></key><value type="Microsoft.VisualStudio.TestTools.TestTypes.Unit.UnitTestElement, Microsoft.VisualStudio.QualityTools.Tips.UnitTest.ObjectModel, Version=8.0.0.0, Culture=neutral, PublicKeyToken=b03f5f7f11d50a3a"><codeBase type="System.String">e:/projects/brownshoe/unit_tests/product/src/BrownShoe/Testing/UnitTests/bin/BrownShoe.UnitTests.DLL</codeBase><adapterTypeName type="System.String">Microsoft.VisualStudio.TestTools.TestTypes.Unit.UnitTestAdapter, Microsoft.VisualStudio.QualityTools.Tips.UnitTest.Adapter</adapterTypeName><testMethod type="Microsoft.VisualStudio.TestTools.TestTypes.Unit.TestMethod, Microsoft.VisualStudio.QualityTools.Tips.UnitTest.ObjectModel, Version=8.0.0.0, Culture=neutral, PublicKeyToken=b03f5f7f11d50a3a"><className type="System.String">BrownShoe.UnitTests.Services.Madison.StoreLocationTest, BrownShoe.UnitTests, Version=1.0.0.0, Culture=neutral, PublicKeyToken=null</className><name type="System.String">AddressLine1Test</name><expectedExceptionMessage type="System.String" /><isValid type="System.Boolean">False</isValid></testMethod><aspNetDevServers type="System.Collections.Generic.List`1[[Microsoft.VisualStudio.TestTools.Common.AspNetDevelopmentServer, Microsoft.VisualStudio.QualityTools.Common, Version=8.0.0.0, Culture=neutral, PublicKeyToken=b03f5f7f11d50a3a]]"><_size type="System.Int32">0</_size><_version type="System.Int32">0</_version></aspNetDevServers><dataAccessMethod type="Microsoft.VisualStudio.TestTools.UnitTesting.DataAccessMethod, Microsoft.VisualStudio.QualityTools.UnitTestFramework, Version=8.0.0.0, Culture=neutral, PublicKeyToken=b03f5f7f11d50a3a"><value__ type="System.Int32">0</value__></dataAccessMethod><cssProjectStructure type="System.String" /><isRunOnRestart type="System.Boolean">False</isRunOnRestart><timeOut type="System.Int32">0</timeOut><isGroupable type="System.Boolean">True</isGroupable><abortRunOnAgentFailure type="System.Boolean">False</abortRunOnAgentFailure><cssIteration type="System.String" /><workItemIds type="System.Collections.Generic.List`1[[System.Int32, mscorlib, Version=2.0.0.0, Culture=neutral, PublicKeyToken=b77a5c561934e089]]"><_size type="System.Int32">0</_size><_version type="System.Int32">1</_version></workItemIds><id type="Microsoft.VisualStudio.TestTools.Common.TestId"><id type="System.Guid">072e81db-fa89-38f4-34d7-326f10e7439e</id></id><name type="System.String">AddressLine1Test</name><description type="System.String" /><enabled type="System.Boolean">True</enabled><owner type="System.String" /><priority type="System.Int32">0</priority><executionId type="Microsoft.VisualStudio.TestTools.Common.TestExecId"><id type="System.Guid">00000000-0000-0000-0000-000000000000</id></executionId><parentExecutId type="Microsoft.VisualStudio.TestTools.Common.TestExecId"><id type="System.Guid">00000000-0000-0000-0000-000000000000</id></parentExecutId><deploymentItems type="Microsoft.VisualStudio.TestTools.Common.DeploymentItemCollection" /><agentAttributes type="System.Collections.Specialized.StringDictionary, System, Version=2.0.0.0, Culture=neutral, PublicKeyToken=b77a5c561934e089" /><storage type="System.String">e:\projects\brownshoe\unit_tests\product\src\brownshoe\testing\unittests\bin\brownshoe.unittests.dll</storage><m_nonRunnableReason type="System.String" /></value><key type="Microsoft.VisualStudio.TestTools.Common.TestId"><id type="System.Guid">cc4a30fb-47c4-56a1-9701-fff49096bbe1</id></key><value type="Microsoft.VisualStudio.TestTools.TestTypes.Unit.UnitTestElement, Microsoft.VisualStudio.QualityTools.Tips.UnitTest.ObjectModel, Version=8.0.0.0, Culture=neutral, PublicKeyToken=b03f5f7f11d50a3a"><codeBase type="System.String">e:/projects/brownshoe/unit_tests/product/src/BrownShoe/Testing/UnitTests/bin/BrownShoe.UnitTests.DLL</codeBase><adapterTypeName type="System.String">Microsoft.VisualStudio.TestTools.TestTypes.Unit.UnitTestAdapter, Microsoft.VisualStudio.QualityTools.Tips.UnitTest.Adapter</adapterTypeName><testMethod type="Microsoft.VisualStudio.TestTools.TestTypes.Unit.TestMethod, Microsoft.VisualStudio.QualityTools.Tips.UnitTest.ObjectModel, Version=8.0.0.0, Culture=neutral, PublicKeyToken=b03f5f7f11d50a3a"><className type="System.String">BrownShoe.UnitTests.Services.ContentManagement.CMTokenServiceTest, BrownShoe.UnitTests, Version=1.0.0.0, Culture=neutral, PublicKeyToken=null</className><name type="System.String">GetBDAdShopToBannerTest</name><expectedExceptionMessage type="System.String" /><isValid type="System.Boolean">False</isValid></testMethod><aspNetDevServers type="System.Collections.Generic.List`1[[Microsoft.VisualStudio.TestTools.Common.AspNetDevelopmentServer, Microsoft.VisualStudio.QualityTools.Common, Version=8.0.0.0, Culture=neutral, PublicKeyToken=b03f5f7f11d50a3a]]"><_size type="System.Int32">0</_size><_version type="System.Int32">0</_version></aspNetDevServers><dataAccessMethod type="Microsoft.VisualStudio.TestTools.UnitTesting.DataAccessMethod, Microsoft.VisualStudio.QualityTools.UnitTestFramework, Version=8.0.0.0, Culture=neutral, PublicKeyToken=b03f5f7f11d50a3a"><value__ type="System.Int32">0</value__></dataAccessMethod><cssProjectStructure type="System.String" /><isRunOnRestart type="System.Boolean">False</isRunOnRestart><timeOut type="System.Int32">0</timeOut><isGroupable type="System.Boolean">True</isGroupable><abortRunOnAgentFailure type="System.Boolean">False</abortRunOnAgentFailure><cssIteration type="System.String" /><workItemIds type="System.Collections.Generic.List`1[[System.Int32, mscorlib, Version=2.0.0.0, Culture=neutral, PublicKeyToken=b77a5c561934e089]]"><_size type="System.Int32">0</_size><_version type="System.Int32">1</_version></workItemIds><id type="Microsoft.VisualStudio.TestTools.Common.TestId"><id type="System.Guid">cc4a30fb-47c4-56a1-9701-fff49096bbe1</id></id><name type="System.String">GetBDAdShopToBannerTest</name><description type="System.String" /><enabled type="System.Boolean">True</enabled><owner type="System.String" /><priority type="System.Int32">0</priority><executionId type="Microsoft.VisualStudio.TestTools.Common.TestExecId"><id type="System.Guid">00000000-0000-0000-0000-000000000000</id></executionId><parentExecutId type="Microsoft.VisualStudio.TestTools.Common.TestExecId"><id type="System.Guid">00000000-0000-0000-0000-000000000000</id></parentExecutId><deploymentItems type="Microsoft.VisualStudio.TestTools.Common.DeploymentItemCollection" /><agentAttributes type="System.Collections.Specialized.StringDictionary, System, Version=2.0.0.0, Culture=neutral, PublicKeyToken=b77a5c561934e089" /><storage type="System.String">e:\projects\brownshoe\unit_tests\product\src\brownshoe\testing\unittests\bin\brownshoe.unittests.dll</storage><m_nonRunnableReason type="System.String" /></value><key type="Microsoft.VisualStudio.TestTools.Common.TestId"><id type="System.Guid">89e982fd-8258-6b5c-74b5-5d605b213536</id></key><value type="Microsoft.VisualStudio.TestTools.TestTypes.Unit.UnitTestElement, Microsoft.VisualStudio.QualityTools.Tips.UnitTest.ObjectModel, Version=8.0.0.0, Culture=neutral, PublicKeyToken=b03f5f7f11d50a3a"><codeBase type="System.String">e:/projects/brownshoe/unit_tests/product/src/BrownShoe/Testing/UnitTests/bin/BrownShoe.UnitTests.DLL</codeBase><adapterTypeName type="System.String">Microsoft.VisualStudio.TestTools.TestTypes.Unit.UnitTestAdapter, Microsoft.VisualStudio.QualityTools.Tips.UnitTest.Adapter</adapterTypeName><testMethod type="Microsoft.VisualStudio.TestTools.TestTypes.Unit.TestMethod, Microsoft.VisualStudio.QualityTools.Tips.UnitTest.ObjectModel, Version=8.0.0.0, Culture=neutral, PublicKeyToken=b03f5f7f11d50a3a"><className type="System.String">BrownShoe.UnitTests.Services.Madison.RewardsProfileTest, BrownShoe.UnitTests, Version=1.0.0.0, Culture=neutral, PublicKeyToken=null</className><name type="System.String">HomePhoneTest</name><expectedExceptionMessage type="System.String" /><isValid type="System.Boolean">False</isValid></testMethod><aspNetDevServers type="System.Collections.Generic.List`1[[Microsoft.VisualStudio.TestTools.Common.AspNetDevelopmentServer, Microsoft.VisualStudio.QualityTools.Common, Version=8.0.0.0, Culture=neutral, PublicKeyToken=b03f5f7f11d50a3a]]"><_size type="System.Int32">0</_size><_version type="System.Int32">0</_version></aspNetDevServers><dataAccessMethod type="Microsoft.VisualStudio.TestTools.UnitTesting.DataAccessMethod, Microsoft.VisualStudio.QualityTools.UnitTestFramework, Version=8.0.0.0, Culture=neutral, PublicKeyToken=b03f5f7f11d50a3a"><value__ type="System.Int32">0</value__></dataAccessMethod><cssProjectStructure type="System.String" /><isRunOnRestart type="System.Boolean">False</isRunOnRestart><timeOut type="System.Int32">0</timeOut><isGroupable type="System.Boolean">True</isGroupable><abortRunOnAgentFailure type="System.Boolean">False</abortRunOnAgentFailure><cssIteration type="System.String" /><workItemIds type="System.Collections.Generic.List`1[[System.Int32, mscorlib, Version=2.0.0.0, Culture=neutral, PublicKeyToken=b77a5c561934e089]]"><_size type="System.Int32">0</_size><_version type="System.Int32">1</_version></workItemIds><id type="Microsoft.VisualStudio.TestTools.Common.TestId"><id type="System.Guid">89e982fd-8258-6b5c-74b5-5d605b213536</id></id><name type="System.String">HomePhoneTest</name><description type="System.String" /><enabled type="System.Boolean">True</enabled><owner type="System.String" /><priority type="System.Int32">0</priority><executionId type="Microsoft.VisualStudio.TestTools.Common.TestExecId"><id type="System.Guid">00000000-0000-0000-0000-000000000000</id></executionId><parentExecutId type="Microsoft.VisualStudio.TestTools.Common.TestExecId"><id type="System.Guid">00000000-0000-0000-0000-000000000000</id></parentExecutId><deploymentItems type="Microsoft.VisualStudio.TestTools.Common.DeploymentItemCollection" /><agentAttributes type="System.Collections.Specialized.StringDictionary, System, Version=2.0.0.0, Culture=neutral, PublicKeyToken=b77a5c561934e089" /><storage type="System.String">e:\projects\brownshoe\unit_tests\product\src\brownshoe\testing\unittests\bin\brownshoe.unittests.dll</storage><m_nonRunnableReason type="System.String" /></value><key type="Microsoft.VisualStudio.TestTools.Common.TestId"><id type="System.Guid">8deeb89a-095f-067e-8640-f0546875ce95</id></key><value type="Microsoft.VisualStudio.TestTools.TestTypes.Unit.UnitTestElement, Microsoft.VisualStudio.QualityTools.Tips.UnitTest.ObjectModel, Version=8.0.0.0, Culture=neutral, PublicKeyToken=b03f5f7f11d50a3a"><codeBase type="System.String">e:/projects/brownshoe/unit_tests/product/src/BrownShoe/Testing/UnitTests/bin/BrownShoe.UnitTests.DLL</codeBase><adapterTypeName type="System.String">Microsoft.VisualStudio.TestTools.TestTypes.Unit.UnitTestAdapter, Microsoft.VisualStudio.QualityTools.Tips.UnitTest.Adapter</adapterTypeName><testMethod type="Microsoft.VisualStudio.TestTools.TestTypes.Unit.TestMethod, Microsoft.VisualStudio.QualityTools.Tips.UnitTest.ObjectModel, Version=8.0.0.0, Culture=neutral, PublicKeyToken=b03f5f7f11d50a3a"><className type="System.String">BrownShoe.UnitTests.Services.Madison.HomeDeliveryOrderLineTest, BrownShoe.UnitTests, Version=1.0.0.0, Culture=neutral, PublicKeyToken=null</className><name type="System.String">CarrierIdTest</name><expectedExceptionMessage type="System.String" /><isValid type="System.Boolean">False</isValid></testMethod><aspNetDevServers type="System.Collections.Generic.List`1[[Microsoft.VisualStudio.TestTools.Common.AspNetDevelopmentServer, Microsoft.VisualStudio.QualityTools.Common, Version=8.0.0.0, Culture=neutral, PublicKeyToken=b03f5f7f11d50a3a]]"><_size type="System.Int32">0</_size><_version type="System.Int32">0</_version></aspNetDevServers><dataAccessMethod type="Microsoft.VisualStudio.TestTools.UnitTesting.DataAccessMethod, Microsoft.VisualStudio.QualityTools.UnitTestFramework, Version=8.0.0.0, Culture=neutral, PublicKeyToken=b03f5f7f11d50a3a"><value__ type="System.Int32">0</value__></dataAccessMethod><cssProjectStructure type="System.String" /><isRunOnRestart type="System.Boolean">False</isRunOnRestart><timeOut type="System.Int32">0</timeOut><isGroupable type="System.Boolean">True</isGroupable><abortRunOnAgentFailure type="System.Boolean">False</abortRunOnAgentFailure><cssIteration type="System.String" /><workItemIds type="System.Collections.Generic.List`1[[System.Int32, mscorlib, Version=2.0.0.0, Culture=neutral, PublicKeyToken=b77a5c561934e089]]"><_size type="System.Int32">0</_size><_version type="System.Int32">1</_version></workItemIds><id type="Microsoft.VisualStudio.TestTools.Common.TestId"><id type="System.Guid">8deeb89a-095f-067e-8640-f0546875ce95</id></id><name type="System.String">CarrierIdTest</name><description type="System.String" /><enabled type="System.Boolean">True</enabled><owner type="System.String" /><priority type="System.Int32">0</priority><executionId type="Microsoft.VisualStudio.TestTools.Common.TestExecId"><id type="System.Guid">00000000-0000-0000-0000-000000000000</id></executionId><parentExecutId type="Microsoft.VisualStudio.TestTools.Common.TestExecId"><id type="System.Guid">00000000-0000-0000-0000-000000000000</id></parentExecutId><deploymentItems type="Microsoft.VisualStudio.TestTools.Common.DeploymentItemCollection" /><agentAttributes type="System.Collections.Specialized.StringDictionary, System, Version=2.0.0.0, Culture=neutral, PublicKeyToken=b77a5c561934e089" /><storage type="System.String">e:\projects\brownshoe\unit_tests\product\src\brownshoe\testing\unittests\bin\brownshoe.unittests.dll</storage><m_nonRunnableReason type="System.String" /></value><key type="Microsoft.VisualStudio.TestTools.Common.TestId"><id type="System.Guid">36189151-2af2-ef59-c057-35962969b2a4</id></key><value type="Microsoft.VisualStudio.TestTools.TestTypes.Unit.UnitTestElement, Microsoft.VisualStudio.QualityTools.Tips.UnitTest.ObjectModel, Version=8.0.0.0, Culture=neutral, PublicKeyToken=b03f5f7f11d50a3a"><codeBase type="System.String">e:/projects/brownshoe/unit_tests/product/src/BrownShoe/Testing/UnitTests/bin/BrownShoe.UnitTests.DLL</codeBase><adapterTypeName type="System.String">Microsoft.VisualStudio.TestTools.TestTypes.Unit.UnitTestAdapter, Microsoft.VisualStudio.QualityTools.Tips.UnitTest.Adapter</adapterTypeName><testMethod type="Microsoft.VisualStudio.TestTools.TestTypes.Unit.TestMethod, Microsoft.VisualStudio.QualityTools.Tips.UnitTest.ObjectModel, Version=8.0.0.0, Culture=neutral, PublicKeyToken=b03f5f7f11d50a3a"><className type="System.String">BrownShoe.UnitTests.Services.Catalog.CatalogServiceTest, BrownShoe.UnitTests, Version=1.0.0.0, Culture=neutral, PublicKeyToken=null</className><name type="System.String">GetBrandTest</name><expectedExceptionMessage type="System.String" /><isValid type="System.Boolean">False</isValid></testMethod><aspNetDevServers type="System.Collections.Generic.List`1[[Microsoft.VisualStudio.TestTools.Common.AspNetDevelopmentServer, Microsoft.VisualStudio.QualityTools.Common, Version=8.0.0.0, Culture=neutral, PublicKeyToken=b03f5f7f11d50a3a]]"><_size type="System.Int32">0</_size><_version type="System.Int32">0</_version></aspNetDevServers><dataAccessMethod type="Microsoft.VisualStudio.TestTools.UnitTesting.DataAccessMethod, Microsoft.VisualStudio.QualityTools.UnitTestFramework, Version=8.0.0.0, Culture=neutral, PublicKeyToken=b03f5f7f11d50a3a"><value__ type="System.Int32">0</value__></dataAccessMethod><cssProjectStructure type="System.String" /><isRunOnRestart type="System.Boolean">False</isRunOnRestart><timeOut type="System.Int32">0</timeOut><isGroupable type="System.Boolean">True</isGroupable><abortRunOnAgentFailure type="System.Boolean">False</abortRunOnAgentFailure><cssIteration type="System.String" /><workItemIds type="System.Collections.Generic.List`1[[System.Int32, mscorlib, Version=2.0.0.0, Culture=neutral, PublicKeyToken=b77a5c561934e089]]"><_size type="System.Int32">0</_size><_version type="System.Int32">1</_version></workItemIds><id type="Microsoft.VisualStudio.TestTools.Common.TestId"><id type="System.Guid">36189151-2af2-ef59-c057-35962969b2a4</id></id><name type="System.String">GetBrandTest</name><description type="System.String" /><enabled type="System.Boolean">True</enabled><owner type="System.String" /><priority type="System.Int32">0</priority><executionId type="Microsoft.VisualStudio.TestTools.Common.TestExecId"><id type="System.Guid">00000000-0000-0000-0000-000000000000</id></executionId><parentExecutId type="Microsoft.VisualStudio.TestTools.Common.TestExecId"><id type="System.Guid">00000000-0000-0000-0000-000000000000</id></parentExecutId><deploymentItems type="Microsoft.VisualStudio.TestTools.Common.DeploymentItemCollection" /><agentAttributes type="System.Collections.Specialized.StringDictionary, System, Version=2.0.0.0, Culture=neutral, PublicKeyToken=b77a5c561934e089" /><storage type="System.String">e:\projects\brownshoe\unit_tests\product\src\brownshoe\testing\unittests\bin\brownshoe.unittests.dll</storage><m_nonRunnableReason type="System.String" /></value><key type="Microsoft.VisualStudio.TestTools.Common.TestId"><id type="System.Guid">c29ea641-fc01-4cf2-1cca-b39dc3c25f0e</id></key><value type="Microsoft.VisualStudio.TestTools.TestTypes.Unit.UnitTestElement, Microsoft.VisualStudio.QualityTools.Tips.UnitTest.ObjectModel, Version=8.0.0.0, Culture=neutral, PublicKeyToken=b03f5f7f11d50a3a"><codeBase type="System.String">e:/projects/brownshoe/unit_tests/product/src/BrownShoe/Testing/UnitTests/bin/BrownShoe.UnitTests.DLL</codeBase><adapterTypeName type="System.String">Microsoft.VisualStudio.TestTools.TestTypes.Unit.UnitTestAdapter, Microsoft.VisualStudio.QualityTools.Tips.UnitTest.Adapter</adapterTypeName><testMethod type="Microsoft.VisualStudio.TestTools.TestTypes.Unit.TestMethod, Microsoft.VisualStudio.QualityTools.Tips.UnitTest.ObjectModel, Version=8.0.0.0, Culture=neutral, PublicKeyToken=b03f5f7f11d50a3a"><className type="System.String">BrownShoe.UnitTests.Services.Madison.HomeDeliveryOrderLineTest, BrownShoe.UnitTests, Version=1.0.0.0, Culture=neutral, PublicKeyToken=null</className><name type="System.String">SizeTest</name><expectedExceptionMessage type="System.String" /><isValid type="System.Boolean">False</isValid></testMethod><aspNetDevServers type="System.Collections.Generic.List`1[[Microsoft.VisualStudio.TestTools.Common.AspNetDevelopmentServer, Microsoft.VisualStudio.QualityTools.Common, Version=8.0.0.0, Culture=neutral, PublicKeyToken=b03f5f7f11d50a3a]]"><_size type="System.Int32">0</_size><_version type="System.Int32">0</_version></aspNetDevServers><dataAccessMethod type="Microsoft.VisualStudio.TestTools.UnitTesting.DataAccessMethod, Microsoft.VisualStudio.QualityTools.UnitTestFramework, Version=8.0.0.0, Culture=neutral, PublicKeyToken=b03f5f7f11d50a3a"><value__ type="System.Int32">0</value__></dataAccessMethod><cssProjectStructure type="System.String" /><isRunOnRestart type="System.Boolean">False</isRunOnRestart><timeOut type="System.Int32">0</timeOut><isGroupable type="System.Boolean">True</isGroupable><abortRunOnAgentFailure type="System.Boolean">False</abortRunOnAgentFailure><cssIteration type="System.String" /><workItemIds type="System.Collections.Generic.List`1[[System.Int32, mscorlib, Version=2.0.0.0, Culture=neutral, PublicKeyToken=b77a5c561934e089]]"><_size type="System.Int32">0</_size><_version type="System.Int32">1</_version></workItemIds><id type="Microsoft.VisualStudio.TestTools.Common.TestId"><id type="System.Guid">c29ea641-fc01-4cf2-1cca-b39dc3c25f0e</id></id><name type="System.String">SizeTest</name><description type="System.String" /><enabled type="System.Boolean">True</enabled><owner type="System.String" /><priority type="System.Int32">0</priority><executionId type="Microsoft.VisualStudio.TestTools.Common.TestExecId"><id type="System.Guid">00000000-0000-0000-0000-000000000000</id></executionId><parentExecutId type="Microsoft.VisualStudio.TestTools.Common.TestExecId"><id type="System.Guid">00000000-0000-0000-0000-000000000000</id></parentExecutId><deploymentItems type="Microsoft.VisualStudio.TestTools.Common.DeploymentItemCollection" /><agentAttributes type="System.Collections.Specialized.StringDictionary, System, Version=2.0.0.0, Culture=neutral, PublicKeyToken=b77a5c561934e089" /><storage type="System.String">e:\projects\brownshoe\unit_tests\product\src\brownshoe\testing\unittests\bin\brownshoe.unittests.dll</storage><m_nonRunnableReason type="System.String" /></value><key type="Microsoft.VisualStudio.TestTools.Common.TestId"><id type="System.Guid">3df1890d-e5f0-5143-e799-844ac2cd71c5</id></key><value type="Microsoft.VisualStudio.TestTools.TestTypes.Unit.UnitTestElement, Microsoft.VisualStudio.QualityTools.Tips.UnitTest.ObjectModel, Version=8.0.0.0, Culture=neutral, PublicKeyToken=b03f5f7f11d50a3a"><codeBase type="System.String">e:/projects/brownshoe/unit_tests/product/src/BrownShoe/Testing/UnitTests/bin/BrownShoe.UnitTests.DLL</codeBase><adapterTypeName type="System.String">Microsoft.VisualStudio.TestTools.TestTypes.Unit.UnitTestAdapter, Microsoft.VisualStudio.QualityTools.Tips.UnitTest.Adapter</adapterTypeName><testMethod type="Microsoft.VisualStudio.TestTools.TestTypes.Unit.TestMethod, Microsoft.VisualStudio.QualityTools.Tips.UnitTest.ObjectModel, Version=8.0.0.0, Culture=neutral, PublicKeyToken=b03f5f7f11d50a3a"><className type="System.String">BrownShoe.UnitTests.Services.Madison.MadisonWebServiceResultSimpleTest, BrownShoe.UnitTests, Version=1.0.0.0, Culture=neutral, PublicKeyToken=null</className><name type="System.String">WebServiceMessageTest</name><expectedExceptionMessage type="System.String" /><isValid type="System.Boolean">False</isValid></testMethod><aspNetDevServers type="System.Collections.Generic.List`1[[Microsoft.VisualStudio.TestTools.Common.AspNetDevelopmentServer, Microsoft.VisualStudio.QualityTools.Common, Version=8.0.0.0, Culture=neutral, PublicKeyToken=b03f5f7f11d50a3a]]"><_size type="System.Int32">0</_size><_version type="System.Int32">0</_version></aspNetDevServers><dataAccessMethod type="Microsoft.VisualStudio.TestTools.UnitTesting.DataAccessMethod, Microsoft.VisualStudio.QualityTools.UnitTestFramework, Version=8.0.0.0, Culture=neutral, PublicKeyToken=b03f5f7f11d50a3a"><value__ type="System.Int32">0</value__></dataAccessMethod><cssProjectStructure type="System.String" /><isRunOnRestart type="System.Boolean">False</isRunOnRestart><timeOut type="System.Int32">0</timeOut><isGroupable type="System.Boolean">True</isGroupable><abortRunOnAgentFailure type="System.Boolean">False</abortRunOnAgentFailure><cssIteration type="System.String" /><workItemIds type="System.Collections.Generic.List`1[[System.Int32, mscorlib, Version=2.0.0.0, Culture=neutral, PublicKeyToken=b77a5c561934e089]]"><_size type="System.Int32">0</_size><_version type="System.Int32">1</_version></workItemIds><id type="Microsoft.VisualStudio.TestTools.Common.TestId"><id type="System.Guid">3df1890d-e5f0-5143-e799-844ac2cd71c5</id></id><name type="System.String">WebServiceMessageTest</name><description type="System.String" /><enabled type="System.Boolean">True</enabled><owner type="System.String" /><priority type="System.Int32">0</priority><executionId type="Microsoft.VisualStudio.TestTools.Common.TestExecId"><id type="System.Guid">00000000-0000-0000-0000-000000000000</id></executionId><parentExecutId type="Microsoft.VisualStudio.TestTools.Common.TestExecId"><id type="System.Guid">00000000-0000-0000-0000-000000000000</id></parentExecutId><deploymentItems type="Microsoft.VisualStudio.TestTools.Common.DeploymentItemCollection" /><agentAttributes type="System.Collections.Specialized.StringDictionary, System, Version=2.0.0.0, Culture=neutral, PublicKeyToken=b77a5c561934e089" /><storage type="System.String">e:\projects\brownshoe\unit_tests\product\src\brownshoe\testing\unittests\bin\brownshoe.unittests.dll</storage><m_nonRunnableReason type="System.String" /></value><key type="Microsoft.VisualStudio.TestTools.Common.TestId"><id type="System.Guid">dbd8df9b-e416-ed67-048b-355b82422b91</id></key><value type="Microsoft.VisualStudio.TestTools.TestTypes.Unit.UnitTestElement, Microsoft.VisualStudio.QualityTools.Tips.UnitTest.ObjectModel, Version=8.0.0.0, Culture=neutral, PublicKeyToken=b03f5f7f11d50a3a"><codeBase type="System.String">e:/projects/brownshoe/unit_tests/product/src/BrownShoe/Testing/UnitTests/bin/BrownShoe.UnitTests.DLL</codeBase><adapterTypeName type="System.String">Microsoft.VisualStudio.TestTools.TestTypes.Unit.UnitTestAdapter, Microsoft.VisualStudio.QualityTools.Tips.UnitTest.Adapter</adapterTypeName><testMethod type="Microsoft.VisualStudio.TestTools.TestTypes.Unit.TestMethod, Microsoft.VisualStudio.QualityTools.Tips.UnitTest.ObjectModel, Version=8.0.0.0, Culture=neutral, PublicKeyToken=b03f5f7f11d50a3a"><className type="System.String">BrownShoe.UnitTests.Services.DataAccess.EDI_InvoiceDBTest, BrownShoe.UnitTests, Version=1.0.0.0, Culture=neutral, PublicKeyToken=null</className><name type="System.String">UpdateUserTableTest</name><expectedExceptionMessage type="System.String" /><isValid type="System.Boolean">False</isValid></testMethod><aspNetDevServers type="System.Collections.Generic.List`1[[Microsoft.VisualStudio.TestTools.Common.AspNetDevelopmentServer, Microsoft.VisualStudio.QualityTools.Common, Version=8.0.0.0, Culture=neutral, PublicKeyToken=b03f5f7f11d50a3a]]"><_size type="System.Int32">0</_size><_version type="System.Int32">0</_version></aspNetDevServers><dataAccessMethod type="Microsoft.VisualStudio.TestTools.UnitTesting.DataAccessMethod, Microsoft.VisualStudio.QualityTools.UnitTestFramework, Version=8.0.0.0, Culture=neutral, PublicKeyToken=b03f5f7f11d50a3a"><value__ type="System.Int32">0</value__></dataAccessMethod><cssProjectStructure type="System.String" /><isRunOnRestart type="System.Boolean">False</isRunOnRestart><timeOut type="System.Int32">0</timeOut><isGroupable type="System.Boolean">True</isGroupable><abortRunOnAgentFailure type="System.Boolean">False</abortRunOnAgentFailure><cssIteration type="System.String" /><workItemIds type="System.Collections.Generic.List`1[[System.Int32, mscorlib, Version=2.0.0.0, Culture=neutral, PublicKeyToken=b77a5c561934e089]]"><_size type="System.Int32">0</_size><_version type="System.Int32">1</_version></workItemIds><id type="Microsoft.VisualStudio.TestTools.Common.TestId"><id type="System.Guid">dbd8df9b-e416-ed67-048b-355b82422b91</id></id><name type="System.String">UpdateUserTableTest</name><description type="System.String" /><enabled type="System.Boolean">True</enabled><owner type="System.String" /><priority type="System.Int32">0</priority><executionId type="Microsoft.VisualStudio.TestTools.Common.TestExecId"><id type="System.Guid">00000000-0000-0000-0000-000000000000</id></executionId><parentExecutId type="Microsoft.VisualStudio.TestTools.Common.TestExecId"><id type="System.Guid">00000000-0000-0000-0000-000000000000</id></parentExecutId><deploymentItems type="Microsoft.VisualStudio.TestTools.Common.DeploymentItemCollection" /><agentAttributes type="System.Collections.Specialized.StringDictionary, System, Version=2.0.0.0, Culture=neutral, PublicKeyToken=b77a5c561934e089" /><storage type="System.String">e:\projects\brownshoe\unit_tests\product\src\brownshoe\testing\unittests\bin\brownshoe.unittests.dll</storage><m_nonRunnableReason type="System.String" /></value><key type="Microsoft.VisualStudio.TestTools.Common.TestId"><id type="System.Guid">35966df6-971e-d584-67cf-b3b380dc2b82</id></key><value type="Microsoft.VisualStudio.TestTools.TestTypes.Unit.UnitTestElement, Microsoft.VisualStudio.QualityTools.Tips.UnitTest.ObjectModel, Version=8.0.0.0, Culture=neutral, PublicKeyToken=b03f5f7f11d50a3a"><codeBase type="System.String">e:/projects/brownshoe/unit_tests/product/src/BrownShoe/Testing/UnitTests/bin/BrownShoe.UnitTests.DLL</codeBase><adapterTypeName type="System.String">Microsoft.VisualStudio.TestTools.TestTypes.Unit.UnitTestAdapter, Microsoft.VisualStudio.QualityTools.Tips.UnitTest.Adapter</adapterTypeName><testMethod type="Microsoft.VisualStudio.TestTools.TestTypes.Unit.TestMethod, Microsoft.VisualStudio.QualityTools.Tips.UnitTest.ObjectModel, Version=8.0.0.0, Culture=neutral, PublicKeyToken=b03f5f7f11d50a3a"><className type="System.String">BrownShoe.UnitTests.Services.Frauds.FraudDetectionServiceTest, BrownShoe.UnitTests, Version=1.0.0.0, Culture=neutral, PublicKeyToken=null</className><name type="System.String">SearchTest</name><expectedExceptionMessage type="System.String" /><isValid type="System.Boolean">False</isValid></testMethod><aspNetDevServers type="System.Collections.Generic.List`1[[Microsoft.VisualStudio.TestTools.Common.AspNetDevelopmentServer, Microsoft.VisualStudio.QualityTools.Common, Version=8.0.0.0, Culture=neutral, PublicKeyToken=b03f5f7f11d50a3a]]"><_size type="System.Int32">0</_size><_version type="System.Int32">0</_version></aspNetDevServers><dataAccessMethod type="Microsoft.VisualStudio.TestTools.UnitTesting.DataAccessMethod, Microsoft.VisualStudio.QualityTools.UnitTestFramework, Version=8.0.0.0, Culture=neutral, PublicKeyToken=b03f5f7f11d50a3a"><value__ type="System.Int32">0</value__></dataAccessMethod><cssProjectStructure type="System.String" /><isRunOnRestart type="System.Boolean">False</isRunOnRestart><timeOut type="System.Int32">0</timeOut><isGroupable type="System.Boolean">True</isGroupable><abortRunOnAgentFailure type="System.Boolean">False</abortRunOnAgentFailure><cssIteration type="System.String" /><workItemIds type="System.Collections.Generic.List`1[[System.Int32, mscorlib, Version=2.0.0.0, Culture=neutral, PublicKeyToken=b77a5c561934e089]]"><_size type="System.Int32">0</_size><_version type="System.Int32">1</_version></workItemIds><id type="Microsoft.VisualStudio.TestTools.Common.TestId"><id type="System.Guid">35966df6-971e-d584-67cf-b3b380dc2b82</id></id><name type="System.String">SearchTest</name><description type="System.String" /><enabled type="System.Boolean">True</enabled><owner type="System.String" /><priority type="System.Int32">0</priority><executionId type="Microsoft.VisualStudio.TestTools.Common.TestExecId"><id type="System.Guid">00000000-0000-0000-0000-000000000000</id></executionId><parentExecutId type="Microsoft.VisualStudio.TestTools.Common.TestExecId"><id type="System.Guid">00000000-0000-0000-0000-000000000000</id></parentExecutId><deploymentItems type="Microsoft.VisualStudio.TestTools.Common.DeploymentItemCollection" /><agentAttributes type="System.Collections.Specialized.StringDictionary, System, Version=2.0.0.0, Culture=neutral, PublicKeyToken=b77a5c561934e089" /><storage type="System.String">e:\projects\brownshoe\unit_tests\product\src\brownshoe\testing\unittests\bin\brownshoe.unittests.dll</storage><m_nonRunnableReason type="System.String" /></value><key type="Microsoft.VisualStudio.TestTools.Common.TestId"><id type="System.Guid">928ab8dd-de1f-57b3-90b5-213f1defacdb</id></key><value type="Microsoft.VisualStudio.TestTools.TestTypes.Unit.UnitTestElement, Microsoft.VisualStudio.QualityTools.Tips.UnitTest.ObjectModel, Version=8.0.0.0, Culture=neutral, PublicKeyToken=b03f5f7f11d50a3a"><codeBase type="System.String">e:/projects/brownshoe/unit_tests/product/src/BrownShoe/Testing/UnitTests/bin/BrownShoe.UnitTests.DLL</codeBase><adapterTypeName type="System.String">Microsoft.VisualStudio.TestTools.TestTypes.Unit.UnitTestAdapter, Microsoft.VisualStudio.QualityTools.Tips.UnitTest.Adapter</adapterTypeName><testMethod type="Microsoft.VisualStudio.TestTools.TestTypes.Unit.TestMethod, Microsoft.VisualStudio.QualityTools.Tips.UnitTest.ObjectModel, Version=8.0.0.0, Culture=neutral, PublicKeyToken=b03f5f7f11d50a3a"><className type="System.String">BrownShoe.UnitTests.Services.Orders.CustomerOrderServiceTest, BrownShoe.UnitTests, Version=1.0.0.0, Culture=neutral, PublicKeyToken=null</className><name type="System.String">ListPaymentMethodsTest</name><expectedExceptionMessage type="System.String" /><isValid type="System.Boolean">False</isValid></testMethod><aspNetDevServers type="System.Collections.Generic.List`1[[Microsoft.VisualStudio.TestTools.Common.AspNetDevelopmentServer, Microsoft.VisualStudio.QualityTools.Common, Version=8.0.0.0, Culture=neutral, PublicKeyToken=b03f5f7f11d50a3a]]"><_size type="System.Int32">0</_size><_version type="System.Int32">0</_version></aspNetDevServers><dataAccessMethod type="Microsoft.VisualStudio.TestTools.UnitTesting.DataAccessMethod, Microsoft.VisualStudio.QualityTools.UnitTestFramework, Version=8.0.0.0, Culture=neutral, PublicKeyToken=b03f5f7f11d50a3a"><value__ type="System.Int32">0</value__></dataAccessMethod><cssProjectStructure type="System.String" /><isRunOnRestart type="System.Boolean">False</isRunOnRestart><timeOut type="System.Int32">0</timeOut><isGroupable type="System.Boolean">True</isGroupable><abortRunOnAgentFailure type="System.Boolean">False</abortRunOnAgentFailure><cssIteration type="System.String" /><workItemIds type="System.Collections.Generic.List`1[[System.Int32, mscorlib, Version=2.0.0.0, Culture=neutral, PublicKeyToken=b77a5c561934e089]]"><_size type="System.Int32">0</_size><_version type="System.Int32">1</_version></workItemIds><id type="Microsoft.VisualStudio.TestTools.Common.TestId"><id type="System.Guid">928ab8dd-de1f-57b3-90b5-213f1defacdb</id></id><name type="System.String">ListPaymentMethodsTest</name><description type="System.String" /><enabled type="System.Boolean">True</enabled><owner type="System.String" /><priority type="System.Int32">0</priority><executionId type="Microsoft.VisualStudio.TestTools.Common.TestExecId"><id type="System.Guid">00000000-0000-0000-0000-000000000000</id></executionId><parentExecutId type="Microsoft.VisualStudio.TestTools.Common.TestExecId"><id type="System.Guid">00000000-0000-0000-0000-000000000000</id></parentExecutId><deploymentItems type="Microsoft.VisualStudio.TestTools.Common.DeploymentItemCollection" /><agentAttributes type="System.Collections.Specialized.StringDictionary, System, Version=2.0.0.0, Culture=neutral, PublicKeyToken=b77a5c561934e089" /><storage type="System.String">e:\projects\brownshoe\unit_tests\product\src\brownshoe\testing\unittests\bin\brownshoe.unittests.dll</storage><m_nonRunnableReason type="System.String" /></value><key type="Microsoft.VisualStudio.TestTools.Common.TestId"><id type="System.Guid">d54545c9-fbca-cb89-3e9e-c3b0af57b0fd</id></key><value type="Microsoft.VisualStudio.TestTools.TestTypes.Unit.UnitTestElement, Microsoft.VisualStudio.QualityTools.Tips.UnitTest.ObjectModel, Version=8.0.0.0, Culture=neutral, PublicKeyToken=b03f5f7f11d50a3a"><codeBase type="System.String">e:/projects/brownshoe/unit_tests/product/src/BrownShoe/Testing/UnitTests/bin/BrownShoe.UnitTests.DLL</codeBase><adapterTypeName type="System.String">Microsoft.VisualStudio.TestTools.TestTypes.Unit.UnitTestAdapter, Microsoft.VisualStudio.QualityTools.Tips.UnitTest.Adapter</adapterTypeName><testMethod type="Microsoft.VisualStudio.TestTools.TestTypes.Unit.TestMethod, Microsoft.VisualStudio.QualityTools.Tips.UnitTest.ObjectModel, Version=8.0.0.0, Culture=neutral, PublicKeyToken=b03f5f7f11d50a3a"><className type="System.String">BrownShoe.UnitTests.Services.Catalog.CatalogServiceTest, BrownShoe.UnitTests, Version=1.0.0.0, Culture=neutral, PublicKeyToken=null</className><name type="System.String">BuildSizeDescriptionTest</name><expectedExceptionMessage type="System.String" /><isValid type="System.Boolean">False</isValid></testMethod><aspNetDevServers type="System.Collections.Generic.List`1[[Microsoft.VisualStudio.TestTools.Common.AspNetDevelopmentServer, Microsoft.VisualStudio.QualityTools.Common, Version=8.0.0.0, Culture=neutral, PublicKeyToken=b03f5f7f11d50a3a]]"><_size type="System.Int32">0</_size><_version type="System.Int32">0</_version></aspNetDevServers><dataAccessMethod type="Microsoft.VisualStudio.TestTools.UnitTesting.DataAccessMethod, Microsoft.VisualStudio.QualityTools.UnitTestFramework, Version=8.0.0.0, Culture=neutral, PublicKeyToken=b03f5f7f11d50a3a"><value__ type="System.Int32">0</value__></dataAccessMethod><cssProjectStructure type="System.String" /><isRunOnRestart type="System.Boolean">False</isRunOnRestart><timeOut type="System.Int32">0</timeOut><isGroupable type="System.Boolean">True</isGroupable><abortRunOnAgentFailure type="System.Boolean">False</abortRunOnAgentFailure><cssIteration type="System.String" /><workItemIds type="System.Collections.Generic.List`1[[System.Int32, mscorlib, Version=2.0.0.0, Culture=neutral, PublicKeyToken=b77a5c561934e089]]"><_size type="System.Int32">0</_size><_version type="System.Int32">1</_version></workItemIds><id type="Microsoft.VisualStudio.TestTools.Common.TestId"><id type="System.Guid">d54545c9-fbca-cb89-3e9e-c3b0af57b0fd</id></id><name type="System.String">BuildSizeDescriptionTest</name><description type="System.String" /><enabled type="System.Boolean">True</enabled><owner type="System.String" /><priority type="System.Int32">0</priority><executionId type="Microsoft.VisualStudio.TestTools.Common.TestExecId"><id type="System.Guid">00000000-0000-0000-0000-000000000000</id></executionId><parentExecutId type="Microsoft.VisualStudio.TestTools.Common.TestExecId"><id type="System.Guid">00000000-0000-0000-0000-000000000000</id></parentExecutId><deploymentItems type="Microsoft.VisualStudio.TestTools.Common.DeploymentItemCollection" /><agentAttributes type="System.Collections.Specialized.StringDictionary, System, Version=2.0.0.0, Culture=neutral, PublicKeyToken=b77a5c561934e089" /><storage type="System.String">e:\projects\brownshoe\unit_tests\product\src\brownshoe\testing\unittests\bin\brownshoe.unittests.dll</storage><m_nonRunnableReason type="System.String" /></value><key type="Microsoft.VisualStudio.TestTools.Common.TestId"><id type="System.Guid">d60bfbc0-3c45-25b2-7893-260fe048d9ba</id></key><value type="Microsoft.VisualStudio.TestTools.TestTypes.Unit.UnitTestElement, Microsoft.VisualStudio.QualityTools.Tips.UnitTest.ObjectModel, Version=8.0.0.0, Culture=neutral, PublicKeyToken=b03f5f7f11d50a3a"><codeBase type="System.String">e:/projects/brownshoe/unit_tests/product/src/BrownShoe/Testing/UnitTests/bin/BrownShoe.UnitTests.DLL</codeBase><adapterTypeName type="System.String">Microsoft.VisualStudio.TestTools.TestTypes.Unit.UnitTestAdapter, Microsoft.VisualStudio.QualityTools.Tips.UnitTest.Adapter</adapterTypeName><testMethod type="Microsoft.VisualStudio.TestTools.TestTypes.Unit.TestMethod, Microsoft.VisualStudio.QualityTools.Tips.UnitTest.ObjectModel, Version=8.0.0.0, Culture=neutral, PublicKeyToken=b03f5f7f11d50a3a"><className type="System.String">BrownShoe.UnitTests.Services.DataAccess.MerchandiseReturnDBTest, BrownShoe.UnitTests, Version=1.0.0.0, Culture=neutral, PublicKeyToken=null</className><name type="System.String">FetchAddressTest</name><expectedExceptionMessage type="System.String" /><isValid type="System.Boolean">False</isValid></testMethod><aspNetDevServers type="System.Collections.Generic.List`1[[Microsoft.VisualStudio.TestTools.Common.AspNetDevelopmentServer, Microsoft.VisualStudio.QualityTools.Common, Version=8.0.0.0, Culture=neutral, PublicKeyToken=b03f5f7f11d50a3a]]"><_size type="System.Int32">0</_size><_version type="System.Int32">0</_version></aspNetDevServers><dataAccessMethod type="Microsoft.VisualStudio.TestTools.UnitTesting.DataAccessMethod, Microsoft.VisualStudio.QualityTools.UnitTestFramework, Version=8.0.0.0, Culture=neutral, PublicKeyToken=b03f5f7f11d50a3a"><value__ type="System.Int32">0</value__></dataAccessMethod><cssProjectStructure type="System.String" /><isRunOnRestart type="System.Boolean">False</isRunOnRestart><timeOut type="System.Int32">0</timeOut><isGroupable type="System.Boolean">True</isGroupable><abortRunOnAgentFailure type="System.Boolean">False</abortRunOnAgentFailure><cssIteration type="System.String" /><workItemIds type="System.Collections.Generic.List`1[[System.Int32, mscorlib, Version=2.0.0.0, Culture=neutral, PublicKeyToken=b77a5c561934e089]]"><_size type="System.Int32">0</_size><_version type="System.Int32">1</_version></workItemIds><id type="Microsoft.VisualStudio.TestTools.Common.TestId"><id type="System.Guid">d60bfbc0-3c45-25b2-7893-260fe048d9ba</id></id><name type="System.String">FetchAddressTest</name><description type="System.String" /><enabled type="System.Boolean">True</enabled><owner type="System.String" /><priority type="System.Int32">0</priority><executionId type="Microsoft.VisualStudio.TestTools.Common.TestExecId"><id type="System.Guid">00000000-0000-0000-0000-000000000000</id></executionId><parentExecutId type="Microsoft.VisualStudio.TestTools.Common.TestExecId"><id type="System.Guid">00000000-0000-0000-0000-000000000000</id></parentExecutId><deploymentItems type="Microsoft.VisualStudio.TestTools.Common.DeploymentItemCollection" /><agentAttributes type="System.Collections.Specialized.StringDictionary, System, Version=2.0.0.0, Culture=neutral, PublicKeyToken=b77a5c561934e089" /><storage type="System.String">e:\projects\brownshoe\unit_tests\product\src\brownshoe\testing\unittests\bin\brownshoe.unittests.dll</storage><m_nonRunnableReason type="System.String" /></value><key type="Microsoft.VisualStudio.TestTools.Common.TestId"><id type="System.Guid">6184684b-ac34-9afa-14c4-1ce99e701fde</id></key><value type="Microsoft.VisualStudio.TestTools.TestTypes.Unit.UnitTestElement, Microsoft.VisualStudio.QualityTools.Tips.UnitTest.ObjectModel, Version=8.0.0.0, Culture=neutral, PublicKeyToken=b03f5f7f11d50a3a"><codeBase type="System.String">e:/projects/brownshoe/unit_tests/product/src/BrownShoe/Testing/UnitTests/bin/BrownShoe.UnitTests.DLL</codeBase><adapterTypeName type="System.String">Microsoft.VisualStudio.TestTools.TestTypes.Unit.UnitTestAdapter, Microsoft.VisualStudio.QualityTools.Tips.UnitTest.Adapter</adapterTypeName><testMethod type="Microsoft.VisualStudio.TestTools.TestTypes.Unit.TestMethod, Microsoft.VisualStudio.QualityTools.Tips.UnitTest.ObjectModel, Version=8.0.0.0, Culture=neutral, PublicKeyToken=b03f5f7f11d50a3a"><className type="System.String">BrownShoe.UnitTests.Services.Orders.OrderServiceTest, BrownShoe.UnitTests, Version=1.0.0.0, Culture=neutral, PublicKeyToken=null</className><name type="System.String">GetDefaultShippingMethodTest</name><expectedExceptionMessage type="System.String" /><isValid type="System.Boolean">False</isValid></testMethod><aspNetDevServers type="System.Collections.Generic.List`1[[Microsoft.VisualStudio.TestTools.Common.AspNetDevelopmentServer, Microsoft.VisualStudio.QualityTools.Common, Version=8.0.0.0, Culture=neutral, PublicKeyToken=b03f5f7f11d50a3a]]"><_size type="System.Int32">0</_size><_version type="System.Int32">0</_version></aspNetDevServers><dataAccessMethod type="Microsoft.VisualStudio.TestTools.UnitTesting.DataAccessMethod, Microsoft.VisualStudio.QualityTools.UnitTestFramework, Version=8.0.0.0, Culture=neutral, PublicKeyToken=b03f5f7f11d50a3a"><value__ type="System.Int32">0</value__></dataAccessMethod><cssProjectStructure type="System.String" /><isRunOnRestart type="System.Boolean">False</isRunOnRestart><timeOut type="System.Int32">0</timeOut><isGroupable type="System.Boolean">True</isGroupable><abortRunOnAgentFailure type="System.Boolean">False</abortRunOnAgentFailure><cssIteration type="System.String" /><workItemIds type="System.Collections.Generic.List`1[[System.Int32, mscorlib, Version=2.0.0.0, Culture=neutral, PublicKeyToken=b77a5c561934e089]]"><_size type="System.Int32">0</_size><_version type="System.Int32">1</_version></workItemIds><id type="Microsoft.VisualStudio.TestTools.Common.TestId"><id type="System.Guid">6184684b-ac34-9afa-14c4-1ce99e701fde</id></id><name type="System.String">GetDefaultShippingMethodTest</name><description type="System.String" /><enabled type="System.Boolean">True</enabled><owner type="System.String" /><priority type="System.Int32">0</priority><executionId type="Microsoft.VisualStudio.TestTools.Common.TestExecId"><id type="System.Guid">00000000-0000-0000-0000-000000000000</id></executionId><parentExecutId type="Microsoft.VisualStudio.TestTools.Common.TestExecId"><id type="System.Guid">00000000-0000-0000-0000-000000000000</id></parentExecutId><deploymentItems type="Microsoft.VisualStudio.TestTools.Common.DeploymentItemCollection" /><agentAttributes type="System.Collections.Specialized.StringDictionary, System, Version=2.0.0.0, Culture=neutral, PublicKeyToken=b77a5c561934e089" /><storage type="System.String">e:\projects\brownshoe\unit_tests\product\src\brownshoe\testing\unittests\bin\brownshoe.unittests.dll</storage><m_nonRunnableReason type="System.String" /></value><key type="Microsoft.VisualStudio.TestTools.Common.TestId"><id type="System.Guid">f5e2835d-922d-9570-8f5d-6ff4d4e48b1d</id></key><value type="Microsoft.VisualStudio.TestTools.TestTypes.Unit.UnitTestElement, Microsoft.VisualStudio.QualityTools.Tips.UnitTest.ObjectModel, Version=8.0.0.0, Culture=neutral, PublicKeyToken=b03f5f7f11d50a3a"><codeBase type="System.String">e:/projects/brownshoe/unit_tests/product/src/BrownShoe/Testing/UnitTests/bin/BrownShoe.UnitTests.DLL</codeBase><adapterTypeName type="System.String">Microsoft.VisualStudio.TestTools.TestTypes.Unit.UnitTestAdapter, Microsoft.VisualStudio.QualityTools.Tips.UnitTest.Adapter</adapterTypeName><testMethod type="Microsoft.VisualStudio.TestTools.TestTypes.Unit.TestMethod, Microsoft.VisualStudio.QualityTools.Tips.UnitTest.ObjectModel, Version=8.0.0.0, Culture=neutral, PublicKeyToken=b03f5f7f11d50a3a"><className type="System.String">BrownShoe.UnitTests.Services.DataAccess.AddressValidationDBTest, BrownShoe.UnitTests, Version=1.0.0.0, Culture=neutral, PublicKeyToken=null</className><name type="System.String">IsValidZipText</name><expectedExceptionMessage type="System.String" /><isValid type="System.Boolean">False</isValid></testMethod><aspNetDevServers type="System.Collections.Generic.List`1[[Microsoft.VisualStudio.TestTools.Common.AspNetDevelopmentServer, Microsoft.VisualStudio.QualityTools.Common, Version=8.0.0.0, Culture=neutral, PublicKeyToken=b03f5f7f11d50a3a]]"><_size type="System.Int32">0</_size><_version type="System.Int32">0</_version></aspNetDevServers><dataAccessMethod type="Microsoft.VisualStudio.TestTools.UnitTesting.DataAccessMethod, Microsoft.VisualStudio.QualityTools.UnitTestFramework, Version=8.0.0.0, Culture=neutral, PublicKeyToken=b03f5f7f11d50a3a"><value__ type="System.Int32">0</value__></dataAccessMethod><cssProjectStructure type="System.String" /><isRunOnRestart type="System.Boolean">False</isRunOnRestart><timeOut type="System.Int32">0</timeOut><isGroupable type="System.Boolean">True</isGroupable><abortRunOnAgentFailure type="System.Boolean">False</abortRunOnAgentFailure><cssIteration type="System.String" /><workItemIds type="System.Collections.Generic.List`1[[System.Int32, mscorlib, Version=2.0.0.0, Culture=neutral, PublicKeyToken=b77a5c561934e089]]"><_size type="System.Int32">0</_size><_version type="System.Int32">1</_version></workItemIds><id type="Microsoft.VisualStudio.TestTools.Common.TestId"><id type="System.Guid">f5e2835d-922d-9570-8f5d-6ff4d4e48b1d</id></id><name type="System.String">IsValidZipText</name><description type="System.String" /><enabled type="System.Boolean">True</enabled><owner type="System.String" /><priority type="System.Int32">0</priority><executionId type="Microsoft.VisualStudio.TestTools.Common.TestExecId"><id type="System.Guid">00000000-0000-0000-0000-000000000000</id></executionId><parentExecutId type="Microsoft.VisualStudio.TestTools.Common.TestExecId"><id type="System.Guid">00000000-0000-0000-0000-000000000000</id></parentExecutId><deploymentItems type="Microsoft.VisualStudio.TestTools.Common.DeploymentItemCollection" /><agentAttributes type="System.Collections.Specialized.StringDictionary, System, Version=2.0.0.0, Culture=neutral, PublicKeyToken=b77a5c561934e089" /><storage type="System.String">e:\projects\brownshoe\unit_tests\product\src\brownshoe\testing\unittests\bin\brownshoe.unittests.dll</storage><m_nonRunnableReason type="System.String" /></value><key type="Microsoft.VisualStudio.TestTools.Common.TestId"><id type="System.Guid">db9aea78-2891-928e-3e42-e2cd9553cda1</id></key><value type="Microsoft.VisualStudio.TestTools.TestTypes.Unit.UnitTestElement, Microsoft.VisualStudio.QualityTools.Tips.UnitTest.ObjectModel, Version=8.0.0.0, Culture=neutral, PublicKeyToken=b03f5f7f11d50a3a"><codeBase type="System.String">e:/projects/brownshoe/unit_tests/product/src/BrownShoe/Testing/UnitTests/bin/BrownShoe.UnitTests.DLL</codeBase><adapterTypeName type="System.String">Microsoft.VisualStudio.TestTools.TestTypes.Unit.UnitTestAdapter, Microsoft.VisualStudio.QualityTools.Tips.UnitTest.Adapter</adapterTypeName><testMethod type="Microsoft.VisualStudio.TestTools.TestTypes.Unit.TestMethod, Microsoft.VisualStudio.QualityTools.Tips.UnitTest.ObjectModel, Version=8.0.0.0, Culture=neutral, PublicKeyToken=b03f5f7f11d50a3a"><className type="System.String">BrownShoe.UnitTests.RetailApplicationCore.Checkout.CheckoutConfigHelperTest, BrownShoe.UnitTests, Version=1.0.0.0, Culture=neutral, PublicKeyToken=null</className><name type="System.String">GetDefaultShippingMethodTest</name><expectedExceptionMessage type="System.String" /><isValid type="System.Boolean">False</isValid></testMethod><aspNetDevServers type="System.Collections.Generic.List`1[[Microsoft.VisualStudio.TestTools.Common.AspNetDevelopmentServer, Microsoft.VisualStudio.QualityTools.Common, Version=8.0.0.0, Culture=neutral, PublicKeyToken=b03f5f7f11d50a3a]]"><_size type="System.Int32">0</_size><_version type="System.Int32">0</_version></aspNetDevServers><dataAccessMethod type="Microsoft.VisualStudio.TestTools.UnitTesting.DataAccessMethod, Microsoft.VisualStudio.QualityTools.UnitTestFramework, Version=8.0.0.0, Culture=neutral, PublicKeyToken=b03f5f7f11d50a3a"><value__ type="System.Int32">0</value__></dataAccessMethod><cssProjectStructure type="System.String" /><isRunOnRestart type="System.Boolean">False</isRunOnRestart><timeOut type="System.Int32">0</timeOut><isGroupable type="System.Boolean">True</isGroupable><abortRunOnAgentFailure type="System.Boolean">False</abortRunOnAgentFailure><cssIteration type="System.String" /><workItemIds type="System.Collections.Generic.List`1[[System.Int32, mscorlib, Version=2.0.0.0, Culture=neutral, PublicKeyToken=b77a5c561934e089]]"><_size type="System.Int32">0</_size><_version type="System.Int32">1</_version></workItemIds><id type="Microsoft.VisualStudio.TestTools.Common.TestId"><id type="System.Guid">db9aea78-2891-928e-3e42-e2cd9553cda1</id></id><name type="System.String">GetDefaultShippingMethodTest</name><description type="System.String" /><enabled type="System.Boolean">True</enabled><owner type="System.String" /><priority type="System.Int32">0</priority><executionId type="Microsoft.VisualStudio.TestTools.Common.TestExecId"><id type="System.Guid">00000000-0000-0000-0000-000000000000</id></executionId><parentExecutId type="Microsoft.VisualStudio.TestTools.Common.TestExecId"><id type="System.Guid">00000000-0000-0000-0000-000000000000</id></parentExecutId><deploymentItems type="Microsoft.VisualStudio.TestTools.Common.DeploymentItemCollection" /><agentAttributes type="System.Collections.Specialized.StringDictionary, System, Version=2.0.0.0, Culture=neutral, PublicKeyToken=b77a5c561934e089" /><storage type="System.String">e:\projects\brownshoe\unit_tests\product\src\brownshoe\testing\unittests\bin\brownshoe.unittests.dll</storage><m_nonRunnableReason type="System.String" /></value><key type="Microsoft.VisualStudio.TestTools.Common.TestId"><id type="System.Guid">00c1bb6e-84c8-a5b7-9512-218160601b66</id></key><value type="Microsoft.VisualStudio.TestTools.TestTypes.Unit.UnitTestElement, Microsoft.VisualStudio.QualityTools.Tips.UnitTest.ObjectModel, Version=8.0.0.0, Culture=neutral, PublicKeyToken=b03f5f7f11d50a3a"><codeBase type="System.String">e:/projects/brownshoe/unit_tests/product/src/BrownShoe/Testing/UnitTests/bin/BrownShoe.UnitTests.DLL</codeBase><adapterTypeName type="System.String">Microsoft.VisualStudio.TestTools.TestTypes.Unit.UnitTestAdapter, Microsoft.VisualStudio.QualityTools.Tips.UnitTest.Adapter</adapterTypeName><testMethod type="Microsoft.VisualStudio.TestTools.TestTypes.Unit.TestMethod, Microsoft.VisualStudio.QualityTools.Tips.UnitTest.ObjectModel, Version=8.0.0.0, Culture=neutral, PublicKeyToken=b03f5f7f11d50a3a"><className type="System.String">BrownShoe.UnitTests.Services.Madison.HomeDeliveryOrderLineTest, BrownShoe.UnitTests, Version=1.0.0.0, Culture=neutral, PublicKeyToken=null</className><name type="System.String">TrackingCodeTest</name><expectedExceptionMessage type="System.String" /><isValid type="System.Boolean">False</isValid></testMethod><aspNetDevServers type="System.Collections.Generic.List`1[[Microsoft.VisualStudio.TestTools.Common.AspNetDevelopmentServer, Microsoft.VisualStudio.QualityTools.Common, Version=8.0.0.0, Culture=neutral, PublicKeyToken=b03f5f7f11d50a3a]]"><_size type="System.Int32">0</_size><_version type="System.Int32">0</_version></aspNetDevServers><dataAccessMethod type="Microsoft.VisualStudio.TestTools.UnitTesting.DataAccessMethod, Microsoft.VisualStudio.QualityTools.UnitTestFramework, Version=8.0.0.0, Culture=neutral, PublicKeyToken=b03f5f7f11d50a3a"><value__ type="System.Int32">0</value__></dataAccessMethod><cssProjectStructure type="System.String" /><isRunOnRestart type="System.Boolean">False</isRunOnRestart><timeOut type="System.Int32">0</timeOut><isGroupable type="System.Boolean">True</isGroupable><abortRunOnAgentFailure type="System.Boolean">False</abortRunOnAgentFailure><cssIteration type="System.String" /><workItemIds type="System.Collections.Generic.List`1[[System.Int32, mscorlib, Version=2.0.0.0, Culture=neutral, PublicKeyToken=b77a5c561934e089]]"><_size type="System.Int32">0</_size><_version type="System.Int32">1</_version></workItemIds><id type="Microsoft.VisualStudio.TestTools.Common.TestId"><id type="System.Guid">00c1bb6e-84c8-a5b7-9512-218160601b66</id></id><name type="System.String">TrackingCodeTest</name><description type="System.String" /><enabled type="System.Boolean">True</enabled><owner type="System.String" /><priority type="System.Int32">0</priority><executionId type="Microsoft.VisualStudio.TestTools.Common.TestExecId"><id type="System.Guid">00000000-0000-0000-0000-000000000000</id></executionId><parentExecutId type="Microsoft.VisualStudio.TestTools.Common.TestExecId"><id type="System.Guid">00000000-0000-0000-0000-000000000000</id></parentExecutId><deploymentItems type="Microsoft.VisualStudio.TestTools.Common.DeploymentItemCollection" /><agentAttributes type="System.Collections.Specialized.StringDictionary, System, Version=2.0.0.0, Culture=neutral, PublicKeyToken=b77a5c561934e089" /><storage type="System.String">e:\projects\brownshoe\unit_tests\product\src\brownshoe\testing\unittests\bin\brownshoe.unittests.dll</storage><m_nonRunnableReason type="System.String" /></value><key type="Microsoft.VisualStudio.TestTools.Common.TestId"><id type="System.Guid">d1948412-2385-38cd-1a2d-d77ce3430590</id></key><value type="Microsoft.VisualStudio.TestTools.TestTypes.Unit.UnitTestElement, Microsoft.VisualStudio.QualityTools.Tips.UnitTest.ObjectModel, Version=8.0.0.0, Culture=neutral, PublicKeyToken=b03f5f7f11d50a3a"><codeBase type="System.String">e:/projects/brownshoe/unit_tests/product/src/BrownShoe/Testing/UnitTests/bin/BrownShoe.UnitTests.DLL</codeBase><adapterTypeName type="System.String">Microsoft.VisualStudio.TestTools.TestTypes.Unit.UnitTestAdapter, Microsoft.VisualStudio.QualityTools.Tips.UnitTest.Adapter</adapterTypeName><testMethod type="Microsoft.VisualStudio.TestTools.TestTypes.Unit.TestMethod, Microsoft.VisualStudio.QualityTools.Tips.UnitTest.ObjectModel, Version=8.0.0.0, Culture=neutral, PublicKeyToken=b03f5f7f11d50a3a"><className type="System.String">BrownShoe.UnitTests.Services.Orders.OrderServiceTest, BrownShoe.UnitTests, Version=1.0.0.0, Culture=neutral, PublicKeyToken=null</className><name type="System.String">ListShippingMethodTypesTest</name><expectedExceptionMessage type="System.String" /><isValid type="System.Boolean">False</isValid></testMethod><aspNetDevServers type="System.Collections.Generic.List`1[[Microsoft.VisualStudio.TestTools.Common.AspNetDevelopmentServer, Microsoft.VisualStudio.QualityTools.Common, Version=8.0.0.0, Culture=neutral, PublicKeyToken=b03f5f7f11d50a3a]]"><_size type="System.Int32">0</_size><_version type="System.Int32">0</_version></aspNetDevServers><dataAccessMethod type="Microsoft.VisualStudio.TestTools.UnitTesting.DataAccessMethod, Microsoft.VisualStudio.QualityTools.UnitTestFramework, Version=8.0.0.0, Culture=neutral, PublicKeyToken=b03f5f7f11d50a3a"><value__ type="System.Int32">0</value__></dataAccessMethod><cssProjectStructure type="System.String" /><isRunOnRestart type="System.Boolean">False</isRunOnRestart><timeOut type="System.Int32">0</timeOut><isGroupable type="System.Boolean">True</isGroupable><abortRunOnAgentFailure type="System.Boolean">False</abortRunOnAgentFailure><cssIteration type="System.String" /><workItemIds type="System.Collections.Generic.List`1[[System.Int32, mscorlib, Version=2.0.0.0, Culture=neutral, PublicKeyToken=b77a5c561934e089]]"><_size type="System.Int32">0</_size><_version type="System.Int32">1</_version></workItemIds><id type="Microsoft.VisualStudio.TestTools.Common.TestId"><id type="System.Guid">d1948412-2385-38cd-1a2d-d77ce3430590</id></id><name type="System.String">ListShippingMethodTypesTest</name><description type="System.String" /><enabled type="System.Boolean">True</enabled><owner type="System.String" /><priority type="System.Int32">0</priority><executionId type="Microsoft.VisualStudio.TestTools.Common.TestExecId"><id type="System.Guid">00000000-0000-0000-0000-000000000000</id></executionId><parentExecutId type="Microsoft.VisualStudio.TestTools.Common.TestExecId"><id type="System.Guid">00000000-0000-0000-0000-000000000000</id></parentExecutId><deploymentItems type="Microsoft.VisualStudio.TestTools.Common.DeploymentItemCollection" /><agentAttributes type="System.Collections.Specialized.StringDictionary, System, Version=2.0.0.0, Culture=neutral, PublicKeyToken=b77a5c561934e089" /><storage type="System.String">e:\projects\brownshoe\unit_tests\product\src\brownshoe\testing\unittests\bin\brownshoe.unittests.dll</storage><m_nonRunnableReason type="System.String" /></value><key type="Microsoft.VisualStudio.TestTools.Common.TestId"><id type="System.Guid">a6aa863e-28a5-e86d-97f2-71cdd043727b</id></key><value type="Microsoft.VisualStudio.TestTools.TestTypes.Unit.UnitTestElement, Microsoft.VisualStudio.QualityTools.Tips.UnitTest.ObjectModel, Version=8.0.0.0, Culture=neutral, PublicKeyToken=b03f5f7f11d50a3a"><codeBase type="System.String">e:/projects/brownshoe/unit_tests/product/src/BrownShoe/Testing/UnitTests/bin/BrownShoe.UnitTests.DLL</codeBase><adapterTypeName type="System.String">Microsoft.VisualStudio.TestTools.TestTypes.Unit.UnitTestAdapter, Microsoft.VisualStudio.QualityTools.Tips.UnitTest.Adapter</adapterTypeName><testMethod type="Microsoft.VisualStudio.TestTools.TestTypes.Unit.TestMethod, Microsoft.VisualStudio.QualityTools.Tips.UnitTest.ObjectModel, Version=8.0.0.0, Culture=neutral, PublicKeyToken=b03f5f7f11d50a3a"><className type="System.String">BrownShoe.UnitTests.Services.DataAccess.MerchandiseReturnDBTest, BrownShoe.UnitTests, Version=1.0.0.0, Culture=neutral, PublicKeyToken=null</className><name type="System.String">FetchExchangeTest</name><expectedExceptionMessage type="System.String" /><isValid type="System.Boolean">False</isValid></testMethod><aspNetDevServers type="System.Collections.Generic.List`1[[Microsoft.VisualStudio.TestTools.Common.AspNetDevelopmentServer, Microsoft.VisualStudio.QualityTools.Common, Version=8.0.0.0, Culture=neutral, PublicKeyToken=b03f5f7f11d50a3a]]"><_size type="System.Int32">0</_size><_version type="System.Int32">0</_version></aspNetDevServers><dataAccessMethod type="Microsoft.VisualStudio.TestTools.UnitTesting.DataAccessMethod, Microsoft.VisualStudio.QualityTools.UnitTestFramework, Version=8.0.0.0, Culture=neutral, PublicKeyToken=b03f5f7f11d50a3a"><value__ type="System.Int32">0</value__></dataAccessMethod><cssProjectStructure type="System.String" /><isRunOnRestart type="System.Boolean">False</isRunOnRestart><timeOut type="System.Int32">0</timeOut><isGroupable type="System.Boolean">True</isGroupable><abortRunOnAgentFailure type="System.Boolean">False</abortRunOnAgentFailure><cssIteration type="System.String" /><workItemIds type="System.Collections.Generic.List`1[[System.Int32, mscorlib, Version=2.0.0.0, Culture=neutral, PublicKeyToken=b77a5c561934e089]]"><_size type="System.Int32">0</_size><_version type="System.Int32">1</_version></workItemIds><id type="Microsoft.VisualStudio.TestTools.Common.TestId"><id type="System.Guid">a6aa863e-28a5-e86d-97f2-71cdd043727b</id></id><name type="System.String">FetchExchangeTest</name><description type="System.String" /><enabled type="System.Boolean">True</enabled><owner type="System.String" /><priority type="System.Int32">0</priority><executionId type="Microsoft.VisualStudio.TestTools.Common.TestExecId"><id type="System.Guid">00000000-0000-0000-0000-000000000000</id></executionId><parentExecutId type="Microsoft.VisualStudio.TestTools.Common.TestExecId"><id type="System.Guid">00000000-0000-0000-0000-000000000000</id></parentExecutId><deploymentItems type="Microsoft.VisualStudio.TestTools.Common.DeploymentItemCollection" /><agentAttributes type="System.Collections.Specialized.StringDictionary, System, Version=2.0.0.0, Culture=neutral, PublicKeyToken=b77a5c561934e089" /><storage type="System.String">e:\projects\brownshoe\unit_tests\product\src\brownshoe\testing\unittests\bin\brownshoe.unittests.dll</storage><m_nonRunnableReason type="System.String" /></value><key type="Microsoft.VisualStudio.TestTools.Common.TestId"><id type="System.Guid">adc36d37-b6ff-26ca-38db-bfeb3e50eee2</id></key><value type="Microsoft.VisualStudio.TestTools.TestTypes.Unit.UnitTestElement, Microsoft.VisualStudio.QualityTools.Tips.UnitTest.ObjectModel, Version=8.0.0.0, Culture=neutral, PublicKeyToken=b03f5f7f11d50a3a"><codeBase type="System.String">e:/projects/brownshoe/unit_tests/product/src/BrownShoe/Testing/UnitTests/bin/BrownShoe.UnitTests.DLL</codeBase><adapterTypeName type="System.String">Microsoft.VisualStudio.TestTools.TestTypes.Unit.UnitTestAdapter, Microsoft.VisualStudio.QualityTools.Tips.UnitTest.Adapter</adapterTypeName><testMethod type="Microsoft.VisualStudio.TestTools.TestTypes.Unit.TestMethod, Microsoft.VisualStudio.QualityTools.Tips.UnitTest.ObjectModel, Version=8.0.0.0, Culture=neutral, PublicKeyToken=b03f5f7f11d50a3a"><className type="System.String">BrownShoe.UnitTests.Services.DataAccess.MerchandiseReturnDBTest, BrownShoe.UnitTests, Version=1.0.0.0, Culture=neutral, PublicKeyToken=null</className><name type="System.String">GetTest</name><expectedExceptionMessage type="System.String" /><isValid type="System.Boolean">False</isValid></testMethod><aspNetDevServers type="System.Collections.Generic.List`1[[Microsoft.VisualStudio.TestTools.Common.AspNetDevelopmentServer, Microsoft.VisualStudio.QualityTools.Common, Version=8.0.0.0, Culture=neutral, PublicKeyToken=b03f5f7f11d50a3a]]"><_size type="System.Int32">0</_size><_version type="System.Int32">0</_version></aspNetDevServers><dataAccessMethod type="Microsoft.VisualStudio.TestTools.UnitTesting.DataAccessMethod, Microsoft.VisualStudio.QualityTools.UnitTestFramework, Version=8.0.0.0, Culture=neutral, PublicKeyToken=b03f5f7f11d50a3a"><value__ type="System.Int32">0</value__></dataAccessMethod><cssProjectStructure type="System.String" /><isRunOnRestart type="System.Boolean">False</isRunOnRestart><timeOut type="System.Int32">0</timeOut><isGroupable type="System.Boolean">True</isGroupable><abortRunOnAgentFailure type="System.Boolean">False</abortRunOnAgentFailure><cssIteration type="System.String" /><workItemIds type="System.Collections.Generic.List`1[[System.Int32, mscorlib, Version=2.0.0.0, Culture=neutral, PublicKeyToken=b77a5c561934e089]]"><_size type="System.Int32">0</_size><_version type="System.Int32">1</_version></workItemIds><id type="Microsoft.VisualStudio.TestTools.Common.TestId"><id type="System.Guid">adc36d37-b6ff-26ca-38db-bfeb3e50eee2</id></id><name type="System.String">GetTest</name><description type="System.String" /><enabled type="System.Boolean">True</enabled><owner type="System.String" /><priority type="System.Int32">0</priority><executionId type="Microsoft.VisualStudio.TestTools.Common.TestExecId"><id type="System.Guid">00000000-0000-0000-0000-000000000000</id></executionId><parentExecutId type="Microsoft.VisualStudio.TestTools.Common.TestExecId"><id type="System.Guid">00000000-0000-0000-0000-000000000000</id></parentExecutId><deploymentItems type="Microsoft.VisualStudio.TestTools.Common.DeploymentItemCollection" /><agentAttributes type="System.Collections.Specialized.StringDictionary, System, Version=2.0.0.0, Culture=neutral, PublicKeyToken=b77a5c561934e089" /><storage type="System.String">e:\projects\brownshoe\unit_tests\product\src\brownshoe\testing\unittests\bin\brownshoe.unittests.dll</storage><m_nonRunnableReason type="System.String" /></value><key type="Microsoft.VisualStudio.TestTools.Common.TestId"><id type="System.Guid">8567d575-666f-bb9b-0838-d16d786ca49f</id></key><value type="Microsoft.VisualStudio.TestTools.TestTypes.Unit.UnitTestElement, Microsoft.VisualStudio.QualityTools.Tips.UnitTest.ObjectModel, Version=8.0.0.0, Culture=neutral, PublicKeyToken=b03f5f7f11d50a3a"><codeBase type="System.String">e:/projects/brownshoe/unit_tests/product/src/BrownShoe/Testing/UnitTests/bin/BrownShoe.UnitTests.DLL</codeBase><adapterTypeName type="System.String">Microsoft.VisualStudio.TestTools.TestTypes.Unit.UnitTestAdapter, Microsoft.VisualStudio.QualityTools.Tips.UnitTest.Adapter</adapterTypeName><testMethod type="Microsoft.VisualStudio.TestTools.TestTypes.Unit.TestMethod, Microsoft.VisualStudio.QualityTools.Tips.UnitTest.ObjectModel, Version=8.0.0.0, Culture=neutral, PublicKeyToken=b03f5f7f11d50a3a"><className type="System.String">BrownShoe.UnitTests.Services.Orders.OrderServiceTest, BrownShoe.UnitTests, Version=1.0.0.0, Culture=neutral, PublicKeyToken=null</className><name type="System.String">ListCheckoutMethodTypesTest</name><expectedExceptionMessage type="System.String" /><isValid type="System.Boolean">False</isValid></testMethod><aspNetDevServers type="System.Collections.Generic.List`1[[Microsoft.VisualStudio.TestTools.Common.AspNetDevelopmentServer, Microsoft.VisualStudio.QualityTools.Common, Version=8.0.0.0, Culture=neutral, PublicKeyToken=b03f5f7f11d50a3a]]"><_size type="System.Int32">0</_size><_version type="System.Int32">0</_version></aspNetDevServers><dataAccessMethod type="Microsoft.VisualStudio.TestTools.UnitTesting.DataAccessMethod, Microsoft.VisualStudio.QualityTools.UnitTestFramework, Version=8.0.0.0, Culture=neutral, PublicKeyToken=b03f5f7f11d50a3a"><value__ type="System.Int32">0</value__></dataAccessMethod><cssProjectStructure type="System.String" /><isRunOnRestart type="System.Boolean">False</isRunOnRestart><timeOut type="System.Int32">0</timeOut><isGroupable type="System.Boolean">True</isGroupable><abortRunOnAgentFailure type="System.Boolean">False</abortRunOnAgentFailure><cssIteration type="System.String" /><workItemIds type="System.Collections.Generic.List`1[[System.Int32, mscorlib, Version=2.0.0.0, Culture=neutral, PublicKeyToken=b77a5c561934e089]]"><_size type="System.Int32">0</_size><_version type="System.Int32">1</_version></workItemIds><id type="Microsoft.VisualStudio.TestTools.Common.TestId"><id type="System.Guid">8567d575-666f-bb9b-0838-d16d786ca49f</id></id><name type="System.String">ListCheckoutMethodTypesTest</name><description type="System.String" /><enabled type="System.Boolean">True</enabled><owner type="System.String" /><priority type="System.Int32">0</priority><executionId type="Microsoft.VisualStudio.TestTools.Common.TestExecId"><id type="System.Guid">00000000-0000-0000-0000-000000000000</id></executionId><parentExecutId type="Microsoft.VisualStudio.TestTools.Common.TestExecId"><id type="System.Guid">00000000-0000-0000-0000-000000000000</id></parentExecutId><deploymentItems type="Microsoft.VisualStudio.TestTools.Common.DeploymentItemCollection" /><agentAttributes type="System.Collections.Specialized.StringDictionary, System, Version=2.0.0.0, Culture=neutral, PublicKeyToken=b77a5c561934e089" /><storage type="System.String">e:\projects\brownshoe\unit_tests\product\src\brownshoe\testing\unittests\bin\brownshoe.unittests.dll</storage><m_nonRunnableReason type="System.String" /></value><key type="Microsoft.VisualStudio.TestTools.Common.TestId"><id type="System.Guid">bc6b5867-0f10-766b-9ddb-3d5a4f08f5f5</id></key><value type="Microsoft.VisualStudio.TestTools.TestTypes.Unit.UnitTestElement, Microsoft.VisualStudio.QualityTools.Tips.UnitTest.ObjectModel, Version=8.0.0.0, Culture=neutral, PublicKeyToken=b03f5f7f11d50a3a"><codeBase type="System.String">e:/projects/brownshoe/unit_tests/product/src/BrownShoe/Testing/UnitTests/bin/BrownShoe.UnitTests.DLL</codeBase><adapterTypeName type="System.String">Microsoft.VisualStudio.TestTools.TestTypes.Unit.UnitTestAdapter, Microsoft.VisualStudio.QualityTools.Tips.UnitTest.Adapter</adapterTypeName><testMethod type="Microsoft.VisualStudio.TestTools.TestTypes.Unit.TestMethod, Microsoft.VisualStudio.QualityTools.Tips.UnitTest.ObjectModel, Version=8.0.0.0, Culture=neutral, PublicKeyToken=b03f5f7f11d50a3a"><className type="System.String">BrownShoe.UnitTests.Services.Orders.AddressValidationServiceTest, BrownShoe.UnitTests, Version=1.0.0.0, Culture=neutral, PublicKeyToken=null</className><name type="System.String">ValidateCityStateZipTest</name><expectedExceptionMessage type="System.String" /><isValid type="System.Boolean">False</isValid></testMethod><aspNetDevServers type="System.Collections.Generic.List`1[[Microsoft.VisualStudio.TestTools.Common.AspNetDevelopmentServer, Microsoft.VisualStudio.QualityTools.Common, Version=8.0.0.0, Culture=neutral, PublicKeyToken=b03f5f7f11d50a3a]]"><_size type="System.Int32">0</_size><_version type="System.Int32">0</_version></aspNetDevServers><dataAccessMethod type="Microsoft.VisualStudio.TestTools.UnitTesting.DataAccessMethod, Microsoft.VisualStudio.QualityTools.UnitTestFramework, Version=8.0.0.0, Culture=neutral, PublicKeyToken=b03f5f7f11d50a3a"><value__ type="System.Int32">0</value__></dataAccessMethod><cssProjectStructure type="System.String" /><isRunOnRestart type="System.Boolean">False</isRunOnRestart><timeOut type="System.Int32">0</timeOut><isGroupable type="System.Boolean">True</isGroupable><abortRunOnAgentFailure type="System.Boolean">False</abortRunOnAgentFailure><cssIteration type="System.String" /><workItemIds type="System.Collections.Generic.List`1[[System.Int32, mscorlib, Version=2.0.0.0, Culture=neutral, PublicKeyToken=b77a5c561934e089]]"><_size type="System.Int32">0</_size><_version type="System.Int32">1</_version></workItemIds><id type="Microsoft.VisualStudio.TestTools.Common.TestId"><id type="System.Guid">bc6b5867-0f10-766b-9ddb-3d5a4f08f5f5</id></id><name type="System.String">ValidateCityStateZipTest</name><description type="System.String" /><enabled type="System.Boolean">True</enabled><owner type="System.String" /><priority type="System.Int32">0</priority><executionId type="Microsoft.VisualStudio.TestTools.Common.TestExecId"><id type="System.Guid">00000000-0000-0000-0000-000000000000</id></executionId><parentExecutId type="Microsoft.VisualStudio.TestTools.Common.TestExecId"><id type="System.Guid">00000000-0000-0000-0000-000000000000</id></parentExecutId><deploymentItems type="Microsoft.VisualStudio.TestTools.Common.DeploymentItemCollection" /><agentAttributes type="System.Collections.Specialized.StringDictionary, System, Version=2.0.0.0, Culture=neutral, PublicKeyToken=b77a5c561934e089" /><storage type="System.String">e:\projects\brownshoe\unit_tests\product\src\brownshoe\testing\unittests\bin\brownshoe.unittests.dll</storage><m_nonRunnableReason type="System.String" /></value><key type="Microsoft.VisualStudio.TestTools.Common.TestId"><id type="System.Guid">b3ec91a8-1e57-bd2e-787c-529344116793</id></key><value type="Microsoft.VisualStudio.TestTools.TestTypes.Unit.UnitTestElement, Microsoft.VisualStudio.QualityTools.Tips.UnitTest.ObjectModel, Version=8.0.0.0, Culture=neutral, PublicKeyToken=b03f5f7f11d50a3a"><codeBase type="System.String">e:/projects/brownshoe/unit_tests/product/src/BrownShoe/Testing/UnitTests/bin/BrownShoe.UnitTests.DLL</codeBase><adapterTypeName type="System.String">Microsoft.VisualStudio.TestTools.TestTypes.Unit.UnitTestAdapter, Microsoft.VisualStudio.QualityTools.Tips.UnitTest.Adapter</adapterTypeName><testMethod type="Microsoft.VisualStudio.TestTools.TestTypes.Unit.TestMethod, Microsoft.VisualStudio.QualityTools.Tips.UnitTest.ObjectModel, Version=8.0.0.0, Culture=neutral, PublicKeyToken=b03f5f7f11d50a3a"><className type="System.String">BrownShoe.UnitTests.Services.MarketingAdmin.MarketingAdminServiceTest, BrownShoe.UnitTests, Version=1.0.0.0, Culture=neutral, PublicKeyToken=null</className><name type="System.String">ApplyGiftCertificatePurchaseTest</name><expectedExceptionMessage type="System.String" /><isValid type="System.Boolean">False</isValid></testMethod><aspNetDevServers type="System.Collections.Generic.List`1[[Microsoft.VisualStudio.TestTools.Common.AspNetDevelopmentServer, Microsoft.VisualStudio.QualityTools.Common, Version=8.0.0.0, Culture=neutral, PublicKeyToken=b03f5f7f11d50a3a]]"><_size type="System.Int32">0</_size><_version type="System.Int32">0</_version></aspNetDevServers><dataAccessMethod type="Microsoft.VisualStudio.TestTools.UnitTesting.DataAccessMethod, Microsoft.VisualStudio.QualityTools.UnitTestFramework, Version=8.0.0.0, Culture=neutral, PublicKeyToken=b03f5f7f11d50a3a"><value__ type="System.Int32">0</value__></dataAccessMethod><cssProjectStructure type="System.String" /><isRunOnRestart type="System.Boolean">False</isRunOnRestart><timeOut type="System.Int32">0</timeOut><isGroupable type="System.Boolean">True</isGroupable><abortRunOnAgentFailure type="System.Boolean">False</abortRunOnAgentFailure><cssIteration type="System.String" /><workItemIds type="System.Collections.Generic.List`1[[System.Int32, mscorlib, Version=2.0.0.0, Culture=neutral, PublicKeyToken=b77a5c561934e089]]"><_size type="System.Int32">0</_size><_version type="System.Int32">1</_version></workItemIds><id type="Microsoft.VisualStudio.TestTools.Common.TestId"><id type="System.Guid">b3ec91a8-1e57-bd2e-787c-529344116793</id></id><name type="System.String">ApplyGiftCertificatePurchaseTest</name><description type="System.String" /><enabled type="System.Boolean">True</enabled><owner type="System.String" /><priority type="System.Int32">0</priority><executionId type="Microsoft.VisualStudio.TestTools.Common.TestExecId"><id type="System.Guid">00000000-0000-0000-0000-000000000000</id></executionId><parentExecutId type="Microsoft.VisualStudio.TestTools.Common.TestExecId"><id type="System.Guid">00000000-0000-0000-0000-000000000000</id></parentExecutId><deploymentItems type="Microsoft.VisualStudio.TestTools.Common.DeploymentItemCollection" /><agentAttributes type="System.Collections.Specialized.StringDictionary, System, Version=2.0.0.0, Culture=neutral, PublicKeyToken=b77a5c561934e089" /><storage type="System.String">e:\projects\brownshoe\unit_tests\product\src\brownshoe\testing\unittests\bin\brownshoe.unittests.dll</storage><m_nonRunnableReason type="System.String" /></value><key type="Microsoft.VisualStudio.TestTools.Common.TestId"><id type="System.Guid">eaf69837-3459-b27f-d881-51f4fbb722eb</id></key><value type="Microsoft.VisualStudio.TestTools.TestTypes.Unit.UnitTestElement, Microsoft.VisualStudio.QualityTools.Tips.UnitTest.ObjectModel, Version=8.0.0.0, Culture=neutral, PublicKeyToken=b03f5f7f11d50a3a"><codeBase type="System.String">e:/projects/brownshoe/unit_tests/product/src/BrownShoe/Testing/UnitTests/bin/BrownShoe.UnitTests.DLL</codeBase><adapterTypeName type="System.String">Microsoft.VisualStudio.TestTools.TestTypes.Unit.UnitTestAdapter, Microsoft.VisualStudio.QualityTools.Tips.UnitTest.Adapter</adapterTypeName><testMethod type="Microsoft.VisualStudio.TestTools.TestTypes.Unit.TestMethod, Microsoft.VisualStudio.QualityTools.Tips.UnitTest.ObjectModel, Version=8.0.0.0, Culture=neutral, PublicKeyToken=b03f5f7f11d50a3a"><className type="System.String">BrownShoe.UnitTests.Services.Madison.HomeDeliveryOrderLineTest, BrownShoe.UnitTests, Version=1.0.0.0, Culture=neutral, PublicKeyToken=null</className><name type="System.String">PriceTest</name><expectedExceptionMessage type="System.String" /><isValid type="System.Boolean">False</isValid></testMethod><aspNetDevServers type="System.Collections.Generic.List`1[[Microsoft.VisualStudio.TestTools.Common.AspNetDevelopmentServer, Microsoft.VisualStudio.QualityTools.Common, Version=8.0.0.0, Culture=neutral, PublicKeyToken=b03f5f7f11d50a3a]]"><_size type="System.Int32">0</_size><_version type="System.Int32">0</_version></aspNetDevServers><dataAccessMethod type="Microsoft.VisualStudio.TestTools.UnitTesting.DataAccessMethod, Microsoft.VisualStudio.QualityTools.UnitTestFramework, Version=8.0.0.0, Culture=neutral, PublicKeyToken=b03f5f7f11d50a3a"><value__ type="System.Int32">0</value__></dataAccessMethod><cssProjectStructure type="System.String" /><isRunOnRestart type="System.Boolean">False</isRunOnRestart><timeOut type="System.Int32">0</timeOut><isGroupable type="System.Boolean">True</isGroupable><abortRunOnAgentFailure type="System.Boolean">False</abortRunOnAgentFailure><cssIteration type="System.String" /><workItemIds type="System.Collections.Generic.List`1[[System.Int32, mscorlib, Version=2.0.0.0, Culture=neutral, PublicKeyToken=b77a5c561934e089]]"><_size type="System.Int32">0</_size><_version type="System.Int32">1</_version></workItemIds><id type="Microsoft.VisualStudio.TestTools.Common.TestId"><id type="System.Guid">eaf69837-3459-b27f-d881-51f4fbb722eb</id></id><name type="System.String">PriceTest</name><description type="System.String" /><enabled type="System.Boolean">True</enabled><owner type="System.String" /><priority type="System.Int32">0</priority><executionId type="Microsoft.VisualStudio.TestTools.Common.TestExecId"><id type="System.Guid">00000000-0000-0000-0000-000000000000</id></executionId><parentExecutId type="Microsoft.VisualStudio.TestTools.Common.TestExecId"><id type="System.Guid">00000000-0000-0000-0000-000000000000</id></parentExecutId><deploymentItems type="Microsoft.VisualStudio.TestTools.Common.DeploymentItemCollection" /><agentAttributes type="System.Collections.Specialized.StringDictionary, System, Version=2.0.0.0, Culture=neutral, PublicKeyToken=b77a5c561934e089" /><storage type="System.String">e:\projects\brownshoe\unit_tests\product\src\brownshoe\testing\unittests\bin\brownshoe.unittests.dll</storage><m_nonRunnableReason type="System.String" /></value><key type="Microsoft.VisualStudio.TestTools.Common.TestId"><id type="System.Guid">8ac5afa8-8b68-a3b0-1866-203525e323fb</id></key><value type="Microsoft.VisualStudio.TestTools.TestTypes.Unit.UnitTestElement, Microsoft.VisualStudio.QualityTools.Tips.UnitTest.ObjectModel, Version=8.0.0.0, Culture=neutral, PublicKeyToken=b03f5f7f11d50a3a"><codeBase type="System.String">e:/projects/brownshoe/unit_tests/product/src/BrownShoe/Testing/UnitTests/bin/BrownShoe.UnitTests.DLL</codeBase><adapterTypeName type="System.String">Microsoft.VisualStudio.TestTools.TestTypes.Unit.UnitTestAdapter, Microsoft.VisualStudio.QualityTools.Tips.UnitTest.Adapter</adapterTypeName><testMethod type="Microsoft.VisualStudio.TestTools.TestTypes.Unit.TestMethod, Microsoft.VisualStudio.QualityTools.Tips.UnitTest.ObjectModel, Version=8.0.0.0, Culture=neutral, PublicKeyToken=b03f5f7f11d50a3a"><className type="System.String">BrownShoe.UnitTests.RetailApplicationCore.Marketing.MarketingManagerHelperTest, BrownShoe.UnitTests, Version=1.0.0.0, Culture=neutral, PublicKeyToken=null</className><name type="System.String">GetAdvertisementsTest</name><expectedExceptionMessage type="System.String" /><isValid type="System.Boolean">False</isValid></testMethod><aspNetDevServers type="System.Collections.Generic.List`1[[Microsoft.VisualStudio.TestTools.Common.AspNetDevelopmentServer, Microsoft.VisualStudio.QualityTools.Common, Version=8.0.0.0, Culture=neutral, PublicKeyToken=b03f5f7f11d50a3a]]"><_size type="System.Int32">0</_size><_version type="System.Int32">0</_version></aspNetDevServers><dataAccessMethod type="Microsoft.VisualStudio.TestTools.UnitTesting.DataAccessMethod, Microsoft.VisualStudio.QualityTools.UnitTestFramework, Version=8.0.0.0, Culture=neutral, PublicKeyToken=b03f5f7f11d50a3a"><value__ type="System.Int32">0</value__></dataAccessMethod><cssProjectStructure type="System.String" /><isRunOnRestart type="System.Boolean">False</isRunOnRestart><timeOut type="System.Int32">0</timeOut><isGroupable type="System.Boolean">True</isGroupable><abortRunOnAgentFailure type="System.Boolean">False</abortRunOnAgentFailure><cssIteration type="System.String" /><workItemIds type="System.Collections.Generic.List`1[[System.Int32, mscorlib, Version=2.0.0.0, Culture=neutral, PublicKeyToken=b77a5c561934e089]]"><_size type="System.Int32">0</_size><_version type="System.Int32">1</_version></workItemIds><id type="Microsoft.VisualStudio.TestTools.Common.TestId"><id type="System.Guid">8ac5afa8-8b68-a3b0-1866-203525e323fb</id></id><name type="System.String">GetAdvertisementsTest</name><description type="System.String" /><enabled type="System.Boolean">True</enabled><owner type="System.String" /><priority type="System.Int32">0</priority><executionId type="Microsoft.VisualStudio.TestTools.Common.TestExecId"><id type="System.Guid">00000000-0000-0000-0000-000000000000</id></executionId><parentExecutId type="Microsoft.VisualStudio.TestTools.Common.TestExecId"><id type="System.Guid">00000000-0000-0000-0000-000000000000</id></parentExecutId><deploymentItems type="Microsoft.VisualStudio.TestTools.Common.DeploymentItemCollection" /><agentAttributes type="System.Collections.Specialized.StringDictionary, System, Version=2.0.0.0, Culture=neutral, PublicKeyToken=b77a5c561934e089" /><storage type="System.String">e:\projects\brownshoe\unit_tests\product\src\brownshoe\testing\unittests\bin\brownshoe.unittests.dll</storage><m_nonRunnableReason type="System.String" /></value><key type="Microsoft.VisualStudio.TestTools.Common.TestId"><id type="System.Guid">e12873ce-2066-8a14-8354-d0d322d01125</id></key><value type="Microsoft.VisualStudio.TestTools.TestTypes.Unit.UnitTestElement, Microsoft.VisualStudio.QualityTools.Tips.UnitTest.ObjectModel, Version=8.0.0.0, Culture=neutral, PublicKeyToken=b03f5f7f11d50a3a"><codeBase type="System.String">e:/projects/brownshoe/unit_tests/product/src/BrownShoe/Testing/UnitTests/bin/BrownShoe.UnitTests.DLL</codeBase><adapterTypeName type="System.String">Microsoft.VisualStudio.TestTools.TestTypes.Unit.UnitTestAdapter, Microsoft.VisualStudio.QualityTools.Tips.UnitTest.Adapter</adapterTypeName><testMethod type="Microsoft.VisualStudio.TestTools.TestTypes.Unit.TestMethod, Microsoft.VisualStudio.QualityTools.Tips.UnitTest.ObjectModel, Version=8.0.0.0, Culture=neutral, PublicKeyToken=b03f5f7f11d50a3a"><className type="System.String">BrownShoe.UnitTests.Services.DataAccess.EDI_InvoiceDBTest, BrownShoe.UnitTests, Version=1.0.0.0, Culture=neutral, PublicKeyToken=null</className><name type="System.String">Get_BrandsTest</name><expectedExceptionMessage type="System.String" /><isValid type="System.Boolean">False</isValid></testMethod><aspNetDevServers type="System.Collections.Generic.List`1[[Microsoft.VisualStudio.TestTools.Common.AspNetDevelopmentServer, Microsoft.VisualStudio.QualityTools.Common, Version=8.0.0.0, Culture=neutral, PublicKeyToken=b03f5f7f11d50a3a]]"><_size type="System.Int32">0</_size><_version type="System.Int32">0</_version></aspNetDevServers><dataAccessMethod type="Microsoft.VisualStudio.TestTools.UnitTesting.DataAccessMethod, Microsoft.VisualStudio.QualityTools.UnitTestFramework, Version=8.0.0.0, Culture=neutral, PublicKeyToken=b03f5f7f11d50a3a"><value__ type="System.Int32">0</value__></dataAccessMethod><cssProjectStructure type="System.String" /><isRunOnRestart type="System.Boolean">False</isRunOnRestart><timeOut type="System.Int32">0</timeOut><isGroupable type="System.Boolean">True</isGroupable><abortRunOnAgentFailure type="System.Boolean">False</abortRunOnAgentFailure><cssIteration type="System.String" /><workItemIds type="System.Collections.Generic.List`1[[System.Int32, mscorlib, Version=2.0.0.0, Culture=neutral, PublicKeyToken=b77a5c561934e089]]"><_size type="System.Int32">0</_size><_version type="System.Int32">1</_version></workItemIds><id type="Microsoft.VisualStudio.TestTools.Common.TestId"><id type="System.Guid">e12873ce-2066-8a14-8354-d0d322d01125</id></id><name type="System.String">Get_BrandsTest</name><description type="System.String" /><enabled type="System.Boolean">True</enabled><owner type="System.String" /><priority type="System.Int32">0</priority><executionId type="Microsoft.VisualStudio.TestTools.Common.TestExecId"><id type="System.Guid">00000000-0000-0000-0000-000000000000</id></executionId><parentExecutId type="Microsoft.VisualStudio.TestTools.Common.TestExecId"><id type="System.Guid">00000000-0000-0000-0000-000000000000</id></parentExecutId><deploymentItems type="Microsoft.VisualStudio.TestTools.Common.DeploymentItemCollection" /><agentAttributes type="System.Collections.Specialized.StringDictionary, System, Version=2.0.0.0, Culture=neutral, PublicKeyToken=b77a5c561934e089" /><storage type="System.String">e:\projects\brownshoe\unit_tests\product\src\brownshoe\testing\unittests\bin\brownshoe.unittests.dll</storage><m_nonRunnableReason type="System.String" /></value><key type="Microsoft.VisualStudio.TestTools.Common.TestId"><id type="System.Guid">3312ba65-5355-4e0e-1d37-1593721005ab</id></key><value type="Microsoft.VisualStudio.TestTools.TestTypes.Unit.UnitTestElement, Microsoft.VisualStudio.QualityTools.Tips.UnitTest.ObjectModel, Version=8.0.0.0, Culture=neutral, PublicKeyToken=b03f5f7f11d50a3a"><codeBase type="System.String">e:/projects/brownshoe/unit_tests/product/src/BrownShoe/Testing/UnitTests/bin/BrownShoe.UnitTests.DLL</codeBase><adapterTypeName type="System.String">Microsoft.VisualStudio.TestTools.TestTypes.Unit.UnitTestAdapter, Microsoft.VisualStudio.QualityTools.Tips.UnitTest.Adapter</adapterTypeName><testMethod type="Microsoft.VisualStudio.TestTools.TestTypes.Unit.TestMethod, Microsoft.VisualStudio.QualityTools.Tips.UnitTest.ObjectModel, Version=8.0.0.0, Culture=neutral, PublicKeyToken=b03f5f7f11d50a3a"><className type="System.String">BrownShoe.UnitTests.Services.Configuration.CactusExtensionsHandlerTest, BrownShoe.UnitTests, Version=1.0.0.0, Culture=neutral, PublicKeyToken=null</className><name type="System.String">MaxItemsPerPageTest</name><expectedExceptionMessage type="System.String" /><isValid type="System.Boolean">False</isValid></testMethod><aspNetDevServers type="System.Collections.Generic.List`1[[Microsoft.VisualStudio.TestTools.Common.AspNetDevelopmentServer, Microsoft.VisualStudio.QualityTools.Common, Version=8.0.0.0, Culture=neutral, PublicKeyToken=b03f5f7f11d50a3a]]"><_size type="System.Int32">0</_size><_version type="System.Int32">0</_version></aspNetDevServers><dataAccessMethod type="Microsoft.VisualStudio.TestTools.UnitTesting.DataAccessMethod, Microsoft.VisualStudio.QualityTools.UnitTestFramework, Version=8.0.0.0, Culture=neutral, PublicKeyToken=b03f5f7f11d50a3a"><value__ type="System.Int32">0</value__></dataAccessMethod><cssProjectStructure type="System.String" /><isRunOnRestart type="System.Boolean">False</isRunOnRestart><timeOut type="System.Int32">0</timeOut><isGroupable type="System.Boolean">True</isGroupable><abortRunOnAgentFailure type="System.Boolean">False</abortRunOnAgentFailure><cssIteration type="System.String" /><workItemIds type="System.Collections.Generic.List`1[[System.Int32, mscorlib, Version=2.0.0.0, Culture=neutral, PublicKeyToken=b77a5c561934e089]]"><_size type="System.Int32">0</_size><_version type="System.Int32">1</_version></workItemIds><id type="Microsoft.VisualStudio.TestTools.Common.TestId"><id type="System.Guid">3312ba65-5355-4e0e-1d37-1593721005ab</id></id><name type="System.String">MaxItemsPerPageTest</name><description type="System.String" /><enabled type="System.Boolean">True</enabled><owner type="System.String" /><priority type="System.Int32">0</priority><executionId type="Microsoft.VisualStudio.TestTools.Common.TestExecId"><id type="System.Guid">00000000-0000-0000-0000-000000000000</id></executionId><parentExecutId type="Microsoft.VisualStudio.TestTools.Common.TestExecId"><id type="System.Guid">00000000-0000-0000-0000-000000000000</id></parentExecutId><deploymentItems type="Microsoft.VisualStudio.TestTools.Common.DeploymentItemCollection" /><agentAttributes type="System.Collections.Specialized.StringDictionary, System, Version=2.0.0.0, Culture=neutral, PublicKeyToken=b77a5c561934e089" /><storage type="System.String">e:\projects\brownshoe\unit_tests\product\src\brownshoe\testing\unittests\bin\brownshoe.unittests.dll</storage><m_nonRunnableReason type="System.String" /></value><key type="Microsoft.VisualStudio.TestTools.Common.TestId"><id type="System.Guid">9a2d3e53-9146-5c3c-dc46-cb5981e6d46e</id></key><value type="Microsoft.VisualStudio.TestTools.TestTypes.Unit.UnitTestElement, Microsoft.VisualStudio.QualityTools.Tips.UnitTest.ObjectModel, Version=8.0.0.0, Culture=neutral, PublicKeyToken=b03f5f7f11d50a3a"><codeBase type="System.String">e:/projects/brownshoe/unit_tests/product/src/BrownShoe/Testing/UnitTests/bin/BrownShoe.UnitTests.DLL</codeBase><adapterTypeName type="System.String">Microsoft.VisualStudio.TestTools.TestTypes.Unit.UnitTestAdapter, Microsoft.VisualStudio.QualityTools.Tips.UnitTest.Adapter</adapterTypeName><testMethod type="Microsoft.VisualStudio.TestTools.TestTypes.Unit.TestMethod, Microsoft.VisualStudio.QualityTools.Tips.UnitTest.ObjectModel, Version=8.0.0.0, Culture=neutral, PublicKeyToken=b03f5f7f11d50a3a"><className type="System.String">BrownShoe.UnitTests.Services.Orders.OrderTracking.SmartPost.SmartPostServiceTest, BrownShoe.UnitTests, Version=1.0.0.0, Culture=neutral, PublicKeyToken=null</className><name type="System.String">MakeRequestTest_BadXml</name><expectedExceptionMessage type="System.String" /><isValid type="System.Boolean">False</isValid></testMethod><aspNetDevServers type="System.Collections.Generic.List`1[[Microsoft.VisualStudio.TestTools.Common.AspNetDevelopmentServer, Microsoft.VisualStudio.QualityTools.Common, Version=8.0.0.0, Culture=neutral, PublicKeyToken=b03f5f7f11d50a3a]]"><_size type="System.Int32">0</_size><_version type="System.Int32">0</_version></aspNetDevServers><dataAccessMethod type="Microsoft.VisualStudio.TestTools.UnitTesting.DataAccessMethod, Microsoft.VisualStudio.QualityTools.UnitTestFramework, Version=8.0.0.0, Culture=neutral, PublicKeyToken=b03f5f7f11d50a3a"><value__ type="System.Int32">0</value__></dataAccessMethod><cssProjectStructure type="System.String" /><isRunOnRestart type="System.Boolean">False</isRunOnRestart><timeOut type="System.Int32">0</timeOut><isGroupable type="System.Boolean">True</isGroupable><abortRunOnAgentFailure type="System.Boolean">False</abortRunOnAgentFailure><cssIteration type="System.String" /><workItemIds type="System.Collections.Generic.List`1[[System.Int32, mscorlib, Version=2.0.0.0, Culture=neutral, PublicKeyToken=b77a5c561934e089]]"><_size type="System.Int32">0</_size><_version type="System.Int32">1</_version></workItemIds><id type="Microsoft.VisualStudio.TestTools.Common.TestId"><id type="System.Guid">9a2d3e53-9146-5c3c-dc46-cb5981e6d46e</id></id><name type="System.String">MakeRequestTest_BadXml</name><description type="System.String" /><enabled type="System.Boolean">True</enabled><owner type="System.String" /><priority type="System.Int32">0</priority><executionId type="Microsoft.VisualStudio.TestTools.Common.TestExecId"><id type="System.Guid">00000000-0000-0000-0000-000000000000</id></executionId><parentExecutId type="Microsoft.VisualStudio.TestTools.Common.TestExecId"><id type="System.Guid">00000000-0000-0000-0000-000000000000</id></parentExecutId><deploymentItems type="Microsoft.VisualStudio.TestTools.Common.DeploymentItemCollection" /><agentAttributes type="System.Collections.Specialized.StringDictionary, System, Version=2.0.0.0, Culture=neutral, PublicKeyToken=b77a5c561934e089" /><storage type="System.String">e:\projects\brownshoe\unit_tests\product\src\brownshoe\testing\unittests\bin\brownshoe.unittests.dll</storage><m_nonRunnableReason type="System.String" /></value><key type="Microsoft.VisualStudio.TestTools.Common.TestId"><id type="System.Guid">79cfbbe5-0bda-e19d-cacd-ef9466e1c37b</id></key><value type="Microsoft.VisualStudio.TestTools.TestTypes.Unit.UnitTestElement, Microsoft.VisualStudio.QualityTools.Tips.UnitTest.ObjectModel, Version=8.0.0.0, Culture=neutral, PublicKeyToken=b03f5f7f11d50a3a"><codeBase type="System.String">e:/projects/brownshoe/unit_tests/product/src/BrownShoe/Testing/UnitTests/bin/BrownShoe.UnitTests.DLL</codeBase><adapterTypeName type="System.String">Microsoft.VisualStudio.TestTools.TestTypes.Unit.UnitTestAdapter, Microsoft.VisualStudio.QualityTools.Tips.UnitTest.Adapter</adapterTypeName><testMethod type="Microsoft.VisualStudio.TestTools.TestTypes.Unit.TestMethod, Microsoft.VisualStudio.QualityTools.Tips.UnitTest.ObjectModel, Version=8.0.0.0, Culture=neutral, PublicKeyToken=b03f5f7f11d50a3a"><className type="System.String">BrownShoe.UnitTests.Services.Orders.CustomerOrderServiceTest, BrownShoe.UnitTests, Version=1.0.0.0, Culture=neutral, PublicKeyToken=null</className><name type="System.String">InsertRepeatBuyerTest</name><expectedExceptionMessage type="System.String" /><isValid type="System.Boolean">False</isValid></testMethod><aspNetDevServers type="System.Collections.Generic.List`1[[Microsoft.VisualStudio.TestTools.Common.AspNetDevelopmentServer, Microsoft.VisualStudio.QualityTools.Common, Version=8.0.0.0, Culture=neutral, PublicKeyToken=b03f5f7f11d50a3a]]"><_size type="System.Int32">0</_size><_version type="System.Int32">0</_version></aspNetDevServers><dataAccessMethod type="Microsoft.VisualStudio.TestTools.UnitTesting.DataAccessMethod, Microsoft.VisualStudio.QualityTools.UnitTestFramework, Version=8.0.0.0, Culture=neutral, PublicKeyToken=b03f5f7f11d50a3a"><value__ type="System.Int32">0</value__></dataAccessMethod><cssProjectStructure type="System.String" /><isRunOnRestart type="System.Boolean">False</isRunOnRestart><timeOut type="System.Int32">0</timeOut><isGroupable type="System.Boolean">True</isGroupable><abortRunOnAgentFailure type="System.Boolean">False</abortRunOnAgentFailure><cssIteration type="System.String" /><workItemIds type="System.Collections.Generic.List`1[[System.Int32, mscorlib, Version=2.0.0.0, Culture=neutral, PublicKeyToken=b77a5c561934e089]]"><_size type="System.Int32">0</_size><_version type="System.Int32">1</_version></workItemIds><id type="Microsoft.VisualStudio.TestTools.Common.TestId"><id type="System.Guid">79cfbbe5-0bda-e19d-cacd-ef9466e1c37b</id></id><name type="System.String">InsertRepeatBuyerTest</name><description type="System.String" /><enabled type="System.Boolean">True</enabled><owner type="System.String" /><priority type="System.Int32">0</priority><executionId type="Microsoft.VisualStudio.TestTools.Common.TestExecId"><id type="System.Guid">00000000-0000-0000-0000-000000000000</id></executionId><parentExecutId type="Microsoft.VisualStudio.TestTools.Common.TestExecId"><id type="System.Guid">00000000-0000-0000-0000-000000000000</id></parentExecutId><deploymentItems type="Microsoft.VisualStudio.TestTools.Common.DeploymentItemCollection" /><agentAttributes type="System.Collections.Specialized.StringDictionary, System, Version=2.0.0.0, Culture=neutral, PublicKeyToken=b77a5c561934e089" /><storage type="System.String">e:\projects\brownshoe\unit_tests\product\src\brownshoe\testing\unittests\bin\brownshoe.unittests.dll</storage><m_nonRunnableReason type="System.String" /></value><key type="Microsoft.VisualStudio.TestTools.Common.TestId"><id type="System.Guid">cae7845b-a90e-ff30-8b6a-a8aabfc152cc</id></key><value type="Microsoft.VisualStudio.TestTools.TestTypes.Unit.UnitTestElement, Microsoft.VisualStudio.QualityTools.Tips.UnitTest.ObjectModel, Version=8.0.0.0, Culture=neutral, PublicKeyToken=b03f5f7f11d50a3a"><codeBase type="System.String">e:/projects/brownshoe/unit_tests/product/src/BrownShoe/Testing/UnitTests/bin/BrownShoe.UnitTests.DLL</codeBase><adapterTypeName type="System.String">Microsoft.VisualStudio.TestTools.TestTypes.Unit.UnitTestAdapter, Microsoft.VisualStudio.QualityTools.Tips.UnitTest.Adapter</adapterTypeName><testMethod type="Microsoft.VisualStudio.TestTools.TestTypes.Unit.TestMethod, Microsoft.VisualStudio.QualityTools.Tips.UnitTest.ObjectModel, Version=8.0.0.0, Culture=neutral, PublicKeyToken=b03f5f7f11d50a3a"><className type="System.String">BrownShoe.UnitTests.Services.Orders.CheckoutServiceTest, BrownShoe.UnitTests, Version=1.0.0.0, Culture=neutral, PublicKeyToken=null</className><name type="System.String">IsValidPaypalTokenTest</name><expectedExceptionMessage type="System.String" /><isValid type="System.Boolean">False</isValid></testMethod><aspNetDevServers type="System.Collections.Generic.List`1[[Microsoft.VisualStudio.TestTools.Common.AspNetDevelopmentServer, Microsoft.VisualStudio.QualityTools.Common, Version=8.0.0.0, Culture=neutral, PublicKeyToken=b03f5f7f11d50a3a]]"><_size type="System.Int32">0</_size><_version type="System.Int32">0</_version></aspNetDevServers><dataAccessMethod type="Microsoft.VisualStudio.TestTools.UnitTesting.DataAccessMethod, Microsoft.VisualStudio.QualityTools.UnitTestFramework, Version=8.0.0.0, Culture=neutral, PublicKeyToken=b03f5f7f11d50a3a"><value__ type="System.Int32">0</value__></dataAccessMethod><cssProjectStructure type="System.String" /><isRunOnRestart type="System.Boolean">False</isRunOnRestart><timeOut type="System.Int32">0</timeOut><isGroupable type="System.Boolean">True</isGroupable><abortRunOnAgentFailure type="System.Boolean">False</abortRunOnAgentFailure><cssIteration type="System.String" /><workItemIds type="System.Collections.Generic.List`1[[System.Int32, mscorlib, Version=2.0.0.0, Culture=neutral, PublicKeyToken=b77a5c561934e089]]"><_size type="System.Int32">0</_size><_version type="System.Int32">1</_version></workItemIds><id type="Microsoft.VisualStudio.TestTools.Common.TestId"><id type="System.Guid">cae7845b-a90e-ff30-8b6a-a8aabfc152cc</id></id><name type="System.String">IsValidPaypalTokenTest</name><description type="System.String" /><enabled type="System.Boolean">True</enabled><owner type="System.String" /><priority type="System.Int32">0</priority><executionId type="Microsoft.VisualStudio.TestTools.Common.TestExecId"><id type="System.Guid">00000000-0000-0000-0000-000000000000</id></executionId><parentExecutId type="Microsoft.VisualStudio.TestTools.Common.TestExecId"><id type="System.Guid">00000000-0000-0000-0000-000000000000</id></parentExecutId><deploymentItems type="Microsoft.VisualStudio.TestTools.Common.DeploymentItemCollection" /><agentAttributes type="System.Collections.Specialized.StringDictionary, System, Version=2.0.0.0, Culture=neutral, PublicKeyToken=b77a5c561934e089" /><storage type="System.String">e:\projects\brownshoe\unit_tests\product\src\brownshoe\testing\unittests\bin\brownshoe.unittests.dll</storage><m_nonRunnableReason type="System.String" /></value><key type="Microsoft.VisualStudio.TestTools.Common.TestId"><id type="System.Guid">668c73ef-958b-60aa-fae4-5c49837c5fac</id></key><value type="Microsoft.VisualStudio.TestTools.TestTypes.Unit.UnitTestElement, Microsoft.VisualStudio.QualityTools.Tips.UnitTest.ObjectModel, Version=8.0.0.0, Culture=neutral, PublicKeyToken=b03f5f7f11d50a3a"><codeBase type="System.String">e:/projects/brownshoe/unit_tests/product/src/BrownShoe/Testing/UnitTests/bin/BrownShoe.UnitTests.DLL</codeBase><adapterTypeName type="System.String">Microsoft.VisualStudio.TestTools.TestTypes.Unit.UnitTestAdapter, Microsoft.VisualStudio.QualityTools.Tips.UnitTest.Adapter</adapterTypeName><testMethod type="Microsoft.VisualStudio.TestTools.TestTypes.Unit.TestMethod, Microsoft.VisualStudio.QualityTools.Tips.UnitTest.ObjectModel, Version=8.0.0.0, Culture=neutral, PublicKeyToken=b03f5f7f11d50a3a"><className type="System.String">BrownShoe.UnitTests.Services.Orders.OrderTracking.SmartPost.SmartPostServiceTest, BrownShoe.UnitTests, Version=1.0.0.0, Culture=neutral, PublicKeyToken=null</className><name type="System.String">MakeRequestTest_GoodXmlError</name><expectedExceptionMessage type="System.String" /><isValid type="System.Boolean">False</isValid></testMethod><aspNetDevServers type="System.Collections.Generic.List`1[[Microsoft.VisualStudio.TestTools.Common.AspNetDevelopmentServer, Microsoft.VisualStudio.QualityTools.Common, Version=8.0.0.0, Culture=neutral, PublicKeyToken=b03f5f7f11d50a3a]]"><_size type="System.Int32">0</_size><_version type="System.Int32">0</_version></aspNetDevServers><dataAccessMethod type="Microsoft.VisualStudio.TestTools.UnitTesting.DataAccessMethod, Microsoft.VisualStudio.QualityTools.UnitTestFramework, Version=8.0.0.0, Culture=neutral, PublicKeyToken=b03f5f7f11d50a3a"><value__ type="System.Int32">0</value__></dataAccessMethod><cssProjectStructure type="System.String" /><isRunOnRestart type="System.Boolean">False</isRunOnRestart><timeOut type="System.Int32">0</timeOut><isGroupable type="System.Boolean">True</isGroupable><abortRunOnAgentFailure type="System.Boolean">False</abortRunOnAgentFailure><cssIteration type="System.String" /><workItemIds type="System.Collections.Generic.List`1[[System.Int32, mscorlib, Version=2.0.0.0, Culture=neutral, PublicKeyToken=b77a5c561934e089]]"><_size type="System.Int32">0</_size><_version type="System.Int32">1</_version></workItemIds><id type="Microsoft.VisualStudio.TestTools.Common.TestId"><id type="System.Guid">668c73ef-958b-60aa-fae4-5c49837c5fac</id></id><name type="System.String">MakeRequestTest_GoodXmlError</name><description type="System.String" /><enabled type="System.Boolean">True</enabled><owner type="System.String" /><priority type="System.Int32">0</priority><executionId type="Microsoft.VisualStudio.TestTools.Common.TestExecId"><id type="System.Guid">00000000-0000-0000-0000-000000000000</id></executionId><parentExecutId type="Microsoft.VisualStudio.TestTools.Common.TestExecId"><id type="System.Guid">00000000-0000-0000-0000-000000000000</id></parentExecutId><deploymentItems type="Microsoft.VisualStudio.TestTools.Common.DeploymentItemCollection" /><agentAttributes type="System.Collections.Specialized.StringDictionary, System, Version=2.0.0.0, Culture=neutral, PublicKeyToken=b77a5c561934e089" /><storage type="System.String">e:\projects\brownshoe\unit_tests\product\src\brownshoe\testing\unittests\bin\brownshoe.unittests.dll</storage><m_nonRunnableReason type="System.String" /></value><key type="Microsoft.VisualStudio.TestTools.Common.TestId"><id type="System.Guid">9628f18f-43e1-5072-3b1c-fb6380209ec9</id></key><value type="Microsoft.VisualStudio.TestTools.TestTypes.Unit.UnitTestElement, Microsoft.VisualStudio.QualityTools.Tips.UnitTest.ObjectModel, Version=8.0.0.0, Culture=neutral, PublicKeyToken=b03f5f7f11d50a3a"><codeBase type="System.String">e:/projects/brownshoe/unit_tests/product/src/BrownShoe/Testing/UnitTests/bin/BrownShoe.UnitTests.DLL</codeBase><adapterTypeName type="System.String">Microsoft.VisualStudio.TestTools.TestTypes.Unit.UnitTestAdapter, Microsoft.VisualStudio.QualityTools.Tips.UnitTest.Adapter</adapterTypeName><testMethod type="Microsoft.VisualStudio.TestTools.TestTypes.Unit.TestMethod, Microsoft.VisualStudio.QualityTools.Tips.UnitTest.ObjectModel, Version=8.0.0.0, Culture=neutral, PublicKeyToken=b03f5f7f11d50a3a"><className type="System.String">BrownShoe.UnitTests.Services.Orders.CustomerOrderServiceTest, BrownShoe.UnitTests, Version=1.0.0.0, Culture=neutral, PublicKeyToken=null</className><name type="System.String">GetRepeatBuyerDetailsTest</name><expectedExceptionMessage type="System.String" /><isValid type="System.Boolean">False</isValid></testMethod><aspNetDevServers type="System.Collections.Generic.List`1[[Microsoft.VisualStudio.TestTools.Common.AspNetDevelopmentServer, Microsoft.VisualStudio.QualityTools.Common, Version=8.0.0.0, Culture=neutral, PublicKeyToken=b03f5f7f11d50a3a]]"><_size type="System.Int32">0</_size><_version type="System.Int32">0</_version></aspNetDevServers><dataAccessMethod type="Microsoft.VisualStudio.TestTools.UnitTesting.DataAccessMethod, Microsoft.VisualStudio.QualityTools.UnitTestFramework, Version=8.0.0.0, Culture=neutral, PublicKeyToken=b03f5f7f11d50a3a"><value__ type="System.Int32">0</value__></dataAccessMethod><cssProjectStructure type="System.String" /><isRunOnRestart type="System.Boolean">False</isRunOnRestart><timeOut type="System.Int32">0</timeOut><isGroupable type="System.Boolean">True</isGroupable><abortRunOnAgentFailure type="System.Boolean">False</abortRunOnAgentFailure><cssIteration type="System.String" /><workItemIds type="System.Collections.Generic.List`1[[System.Int32, mscorlib, Version=2.0.0.0, Culture=neutral, PublicKeyToken=b77a5c561934e089]]"><_size type="System.Int32">0</_size><_version type="System.Int32">1</_version></workItemIds><id type="Microsoft.VisualStudio.TestTools.Common.TestId"><id type="System.Guid">9628f18f-43e1-5072-3b1c-fb6380209ec9</id></id><name type="System.String">GetRepeatBuyerDetailsTest</name><description type="System.String" /><enabled type="System.Boolean">True</enabled><owner type="System.String" /><priority type="System.Int32">0</priority><executionId type="Microsoft.VisualStudio.TestTools.Common.TestExecId"><id type="System.Guid">00000000-0000-0000-0000-000000000000</id></executionId><parentExecutId type="Microsoft.VisualStudio.TestTools.Common.TestExecId"><id type="System.Guid">00000000-0000-0000-0000-000000000000</id></parentExecutId><deploymentItems type="Microsoft.VisualStudio.TestTools.Common.DeploymentItemCollection" /><agentAttributes type="System.Collections.Specialized.StringDictionary, System, Version=2.0.0.0, Culture=neutral, PublicKeyToken=b77a5c561934e089" /><storage type="System.String">e:\projects\brownshoe\unit_tests\product\src\brownshoe\testing\unittests\bin\brownshoe.unittests.dll</storage><m_nonRunnableReason type="System.String" /></value><key type="Microsoft.VisualStudio.TestTools.Common.TestId"><id type="System.Guid">d697b319-2767-4af8-89ff-3eb03df087c8</id></key><value type="Microsoft.VisualStudio.TestTools.TestTypes.Unit.UnitTestElement, Microsoft.VisualStudio.QualityTools.Tips.UnitTest.ObjectModel, Version=8.0.0.0, Culture=neutral, PublicKeyToken=b03f5f7f11d50a3a"><codeBase type="System.String">e:/projects/brownshoe/unit_tests/product/src/BrownShoe/Testing/UnitTests/bin/BrownShoe.UnitTests.DLL</codeBase><adapterTypeName type="System.String">Microsoft.VisualStudio.TestTools.TestTypes.Unit.UnitTestAdapter, Microsoft.VisualStudio.QualityTools.Tips.UnitTest.Adapter</adapterTypeName><testMethod type="Microsoft.VisualStudio.TestTools.TestTypes.Unit.TestMethod, Microsoft.VisualStudio.QualityTools.Tips.UnitTest.ObjectModel, Version=8.0.0.0, Culture=neutral, PublicKeyToken=b03f5f7f11d50a3a"><className type="System.String">BrownShoe.UnitTests.Services.Orders.Interfaces.IWishListServiceTest, BrownShoe.UnitTests, Version=1.0.0.0, Culture=neutral, PublicKeyToken=null</className><name type="System.String">CalculateWishListSubTotalTest</name><expectedExceptionMessage type="System.String" /><isValid type="System.Boolean">False</isValid></testMethod><aspNetDevServers type="System.Collections.Generic.List`1[[Microsoft.VisualStudio.TestTools.Common.AspNetDevelopmentServer, Microsoft.VisualStudio.QualityTools.Common, Version=8.0.0.0, Culture=neutral, PublicKeyToken=b03f5f7f11d50a3a]]"><_size type="System.Int32">0</_size><_version type="System.Int32">0</_version></aspNetDevServers><dataAccessMethod type="Microsoft.VisualStudio.TestTools.UnitTesting.DataAccessMethod, Microsoft.VisualStudio.QualityTools.UnitTestFramework, Version=8.0.0.0, Culture=neutral, PublicKeyToken=b03f5f7f11d50a3a"><value__ type="System.Int32">0</value__></dataAccessMethod><cssProjectStructure type="System.String" /><isRunOnRestart type="System.Boolean">False</isRunOnRestart><timeOut type="System.Int32">0</timeOut><isGroupable type="System.Boolean">True</isGroupable><abortRunOnAgentFailure type="System.Boolean">False</abortRunOnAgentFailure><cssIteration type="System.String" /><workItemIds type="System.Collections.Generic.List`1[[System.Int32, mscorlib, Version=2.0.0.0, Culture=neutral, PublicKeyToken=b77a5c561934e089]]"><_size type="System.Int32">0</_size><_version type="System.Int32">1</_version></workItemIds><id type="Microsoft.VisualStudio.TestTools.Common.TestId"><id type="System.Guid">d697b319-2767-4af8-89ff-3eb03df087c8</id></id><name type="System.String">CalculateWishListSubTotalTest</name><description type="System.String" /><enabled type="System.Boolean">True</enabled><owner type="System.String" /><priority type="System.Int32">0</priority><executionId type="Microsoft.VisualStudio.TestTools.Common.TestExecId"><id type="System.Guid">00000000-0000-0000-0000-000000000000</id></executionId><parentExecutId type="Microsoft.VisualStudio.TestTools.Common.TestExecId"><id type="System.Guid">00000000-0000-0000-0000-000000000000</id></parentExecutId><deploymentItems type="Microsoft.VisualStudio.TestTools.Common.DeploymentItemCollection" /><agentAttributes type="System.Collections.Specialized.StringDictionary, System, Version=2.0.0.0, Culture=neutral, PublicKeyToken=b77a5c561934e089" /><storage type="System.String">e:\projects\brownshoe\unit_tests\product\src\brownshoe\testing\unittests\bin\brownshoe.unittests.dll</storage><m_nonRunnableReason type="System.String" /></value><key type="Microsoft.VisualStudio.TestTools.Common.TestId"><id type="System.Guid">a2e46dd5-f2a9-f0f5-bd29-9b5a628acf8f</id></key><value type="Microsoft.VisualStudio.TestTools.TestTypes.Unit.UnitTestElement, Microsoft.VisualStudio.QualityTools.Tips.UnitTest.ObjectModel, Version=8.0.0.0, Culture=neutral, PublicKeyToken=b03f5f7f11d50a3a"><codeBase type="System.String">e:/projects/brownshoe/unit_tests/product/src/BrownShoe/Testing/UnitTests/bin/BrownShoe.UnitTests.DLL</codeBase><adapterTypeName type="System.String">Microsoft.VisualStudio.TestTools.TestTypes.Unit.UnitTestAdapter, Microsoft.VisualStudio.QualityTools.Tips.UnitTest.Adapter</adapterTypeName><testMethod type="Microsoft.VisualStudio.TestTools.TestTypes.Unit.TestMethod, Microsoft.VisualStudio.QualityTools.Tips.UnitTest.ObjectModel, Version=8.0.0.0, Culture=neutral, PublicKeyToken=b03f5f7f11d50a3a"><className type="System.String">BrownShoe.UnitTests.Services.Profiles.ProfileServiceTest, BrownShoe.UnitTests, Version=1.0.0.0, Culture=neutral, PublicKeyToken=null</className><name type="System.String">UpdateAddressTest</name><expectedExceptionMessage type="System.String" /><isValid type="System.Boolean">False</isValid></testMethod><aspNetDevServers type="System.Collections.Generic.List`1[[Microsoft.VisualStudio.TestTools.Common.AspNetDevelopmentServer, Microsoft.VisualStudio.QualityTools.Common, Version=8.0.0.0, Culture=neutral, PublicKeyToken=b03f5f7f11d50a3a]]"><_size type="System.Int32">0</_size><_version type="System.Int32">0</_version></aspNetDevServers><dataAccessMethod type="Microsoft.VisualStudio.TestTools.UnitTesting.DataAccessMethod, Microsoft.VisualStudio.QualityTools.UnitTestFramework, Version=8.0.0.0, Culture=neutral, PublicKeyToken=b03f5f7f11d50a3a"><value__ type="System.Int32">0</value__></dataAccessMethod><cssProjectStructure type="System.String" /><isRunOnRestart type="System.Boolean">False</isRunOnRestart><timeOut type="System.Int32">0</timeOut><isGroupable type="System.Boolean">True</isGroupable><abortRunOnAgentFailure type="System.Boolean">False</abortRunOnAgentFailure><cssIteration type="System.String" /><workItemIds type="System.Collections.Generic.List`1[[System.Int32, mscorlib, Version=2.0.0.0, Culture=neutral, PublicKeyToken=b77a5c561934e089]]"><_size type="System.Int32">0</_size><_version type="System.Int32">1</_version></workItemIds><id type="Microsoft.VisualStudio.TestTools.Common.TestId"><id type="System.Guid">a2e46dd5-f2a9-f0f5-bd29-9b5a628acf8f</id></id><name type="System.String">UpdateAddressTest</name><description type="System.String" /><enabled type="System.Boolean">True</enabled><owner type="System.String" /><priority type="System.Int32">0</priority><executionId type="Microsoft.VisualStudio.TestTools.Common.TestExecId"><id type="System.Guid">00000000-0000-0000-0000-000000000000</id></executionId><parentExecutId type="Microsoft.VisualStudio.TestTools.Common.TestExecId"><id type="System.Guid">00000000-0000-0000-0000-000000000000</id></parentExecutId><deploymentItems type="Microsoft.VisualStudio.TestTools.Common.DeploymentItemCollection" /><agentAttributes type="System.Collections.Specialized.StringDictionary, System, Version=2.0.0.0, Culture=neutral, PublicKeyToken=b77a5c561934e089" /><storage type="System.String">e:\projects\brownshoe\unit_tests\product\src\brownshoe\testing\unittests\bin\brownshoe.unittests.dll</storage><m_nonRunnableReason type="System.String" /></value><key type="Microsoft.VisualStudio.TestTools.Common.TestId"><id type="System.Guid">f6422b00-e98c-b324-ec77-b36981ce9851</id></key><value type="Microsoft.VisualStudio.TestTools.TestTypes.Unit.UnitTestElement, Microsoft.VisualStudio.QualityTools.Tips.UnitTest.ObjectModel, Version=8.0.0.0, Culture=neutral, PublicKeyToken=b03f5f7f11d50a3a"><codeBase type="System.String">e:/projects/brownshoe/unit_tests/product/src/BrownShoe/Testing/UnitTests/bin/BrownShoe.UnitTests.DLL</codeBase><adapterTypeName type="System.String">Microsoft.VisualStudio.TestTools.TestTypes.Unit.UnitTestAdapter, Microsoft.VisualStudio.QualityTools.Tips.UnitTest.Adapter</adapterTypeName><testMethod type="Microsoft.VisualStudio.TestTools.TestTypes.Unit.TestMethod, Microsoft.VisualStudio.QualityTools.Tips.UnitTest.ObjectModel, Version=8.0.0.0, Culture=neutral, PublicKeyToken=b03f5f7f11d50a3a"><className type="System.String">BrownShoe.UnitTests.Services.Orders.CustomerOrderServiceTest, BrownShoe.UnitTests, Version=1.0.0.0, Culture=neutral, PublicKeyToken=null</className><name type="System.String">RequestReceiptReprintTest</name><expectedExceptionMessage type="System.String" /><isValid type="System.Boolean">False</isValid></testMethod><aspNetDevServers type="System.Collections.Generic.List`1[[Microsoft.VisualStudio.TestTools.Common.AspNetDevelopmentServer, Microsoft.VisualStudio.QualityTools.Common, Version=8.0.0.0, Culture=neutral, PublicKeyToken=b03f5f7f11d50a3a]]"><_size type="System.Int32">0</_size><_version type="System.Int32">0</_version></aspNetDevServers><dataAccessMethod type="Microsoft.VisualStudio.TestTools.UnitTesting.DataAccessMethod, Microsoft.VisualStudio.QualityTools.UnitTestFramework, Version=8.0.0.0, Culture=neutral, PublicKeyToken=b03f5f7f11d50a3a"><value__ type="System.Int32">0</value__></dataAccessMethod><cssProjectStructure type="System.String" /><isRunOnRestart type="System.Boolean">False</isRunOnRestart><timeOut type="System.Int32">0</timeOut><isGroupable type="System.Boolean">True</isGroupable><abortRunOnAgentFailure type="System.Boolean">False</abortRunOnAgentFailure><cssIteration type="System.String" /><workItemIds type="System.Collections.Generic.List`1[[System.Int32, mscorlib, Version=2.0.0.0, Culture=neutral, PublicKeyToken=b77a5c561934e089]]"><_size type="System.Int32">0</_size><_version type="System.Int32">1</_version></workItemIds><id type="Microsoft.VisualStudio.TestTools.Common.TestId"><id type="System.Guid">f6422b00-e98c-b324-ec77-b36981ce9851</id></id><name type="System.String">RequestReceiptReprintTest</name><description type="System.String" /><enabled type="System.Boolean">True</enabled><owner type="System.String" /><priority type="System.Int32">0</priority><executionId type="Microsoft.VisualStudio.TestTools.Common.TestExecId"><id type="System.Guid">00000000-0000-0000-0000-000000000000</id></executionId><parentExecutId type="Microsoft.VisualStudio.TestTools.Common.TestExecId"><id type="System.Guid">00000000-0000-0000-0000-000000000000</id></parentExecutId><deploymentItems type="Microsoft.VisualStudio.TestTools.Common.DeploymentItemCollection" /><agentAttributes type="System.Collections.Specialized.StringDictionary, System, Version=2.0.0.0, Culture=neutral, PublicKeyToken=b77a5c561934e089" /><storage type="System.String">e:\projects\brownshoe\unit_tests\product\src\brownshoe\testing\unittests\bin\brownshoe.unittests.dll</storage><m_nonRunnableReason type="System.String" /></value><key type="Microsoft.VisualStudio.TestTools.Common.TestId"><id type="System.Guid">a40bd365-9323-01e0-bf43-5a99da16e24b</id></key><value type="Microsoft.VisualStudio.TestTools.TestTypes.Unit.UnitTestElement, Microsoft.VisualStudio.QualityTools.Tips.UnitTest.ObjectModel, Version=8.0.0.0, Culture=neutral, PublicKeyToken=b03f5f7f11d50a3a"><codeBase type="System.String">e:/projects/brownshoe/unit_tests/product/src/BrownShoe/Testing/UnitTests/bin/BrownShoe.UnitTests.DLL</codeBase><adapterTypeName type="System.String">Microsoft.VisualStudio.TestTools.TestTypes.Unit.UnitTestAdapter, Microsoft.VisualStudio.QualityTools.Tips.UnitTest.Adapter</adapterTypeName><testMethod type="Microsoft.VisualStudio.TestTools.TestTypes.Unit.TestMethod, Microsoft.VisualStudio.QualityTools.Tips.UnitTest.ObjectModel, Version=8.0.0.0, Culture=neutral, PublicKeyToken=b03f5f7f11d50a3a"><className type="System.String">BrownShoe.UnitTests.Services.Profiles.ProfileServiceTest, BrownShoe.UnitTests, Version=1.0.0.0, Culture=neutral, PublicKeyToken=null</className><name type="System.String">DeleteCreditCardTest</name><expectedExceptionMessage type="System.String" /><isValid type="System.Boolean">False</isValid></testMethod><aspNetDevServers type="System.Collections.Generic.List`1[[Microsoft.VisualStudio.TestTools.Common.AspNetDevelopmentServer, Microsoft.VisualStudio.QualityTools.Common, Version=8.0.0.0, Culture=neutral, PublicKeyToken=b03f5f7f11d50a3a]]"><_size type="System.Int32">0</_size><_version type="System.Int32">0</_version></aspNetDevServers><dataAccessMethod type="Microsoft.VisualStudio.TestTools.UnitTesting.DataAccessMethod, Microsoft.VisualStudio.QualityTools.UnitTestFramework, Version=8.0.0.0, Culture=neutral, PublicKeyToken=b03f5f7f11d50a3a"><value__ type="System.Int32">0</value__></dataAccessMethod><cssProjectStructure type="System.String" /><isRunOnRestart type="System.Boolean">False</isRunOnRestart><timeOut type="System.Int32">0</timeOut><isGroupable type="System.Boolean">True</isGroupable><abortRunOnAgentFailure type="System.Boolean">False</abortRunOnAgentFailure><cssIteration type="System.String" /><workItemIds type="System.Collections.Generic.List`1[[System.Int32, mscorlib, Version=2.0.0.0, Culture=neutral, PublicKeyToken=b77a5c561934e089]]"><_size type="System.Int32">0</_size><_version type="System.Int32">1</_version></workItemIds><id type="Microsoft.VisualStudio.TestTools.Common.TestId"><id type="System.Guid">a40bd365-9323-01e0-bf43-5a99da16e24b</id></id><name type="System.String">DeleteCreditCardTest</name><description type="System.String" /><enabled type="System.Boolean">True</enabled><owner type="System.String" /><priority type="System.Int32">0</priority><executionId type="Microsoft.VisualStudio.TestTools.Common.TestExecId"><id type="System.Guid">00000000-0000-0000-0000-000000000000</id></executionId><parentExecutId type="Microsoft.VisualStudio.TestTools.Common.TestExecId"><id type="System.Guid">00000000-0000-0000-0000-000000000000</id></parentExecutId><deploymentItems type="Microsoft.VisualStudio.TestTools.Common.DeploymentItemCollection" /><agentAttributes type="System.Collections.Specialized.StringDictionary, System, Version=2.0.0.0, Culture=neutral, PublicKeyToken=b77a5c561934e089" /><storage type="System.String">e:\projects\brownshoe\unit_tests\product\src\brownshoe\testing\unittests\bin\brownshoe.unittests.dll</storage><m_nonRunnableReason type="System.String" /></value><key type="Microsoft.VisualStudio.TestTools.Common.TestId"><id type="System.Guid">57ecfa94-4c03-364d-66c1-e9e30b8880a3</id></key><value type="Microsoft.VisualStudio.TestTools.TestTypes.Unit.UnitTestElement, Microsoft.VisualStudio.QualityTools.Tips.UnitTest.ObjectModel, Version=8.0.0.0, Culture=neutral, PublicKeyToken=b03f5f7f11d50a3a"><codeBase type="System.String">e:/projects/brownshoe/unit_tests/product/src/BrownShoe/Testing/UnitTests/bin/BrownShoe.UnitTests.DLL</codeBase><adapterTypeName type="System.String">Microsoft.VisualStudio.TestTools.TestTypes.Unit.UnitTestAdapter, Microsoft.VisualStudio.QualityTools.Tips.UnitTest.Adapter</adapterTypeName><testMethod type="Microsoft.VisualStudio.TestTools.TestTypes.Unit.TestMethod, Microsoft.VisualStudio.QualityTools.Tips.UnitTest.ObjectModel, Version=8.0.0.0, Culture=neutral, PublicKeyToken=b03f5f7f11d50a3a"><className type="System.String">BrownShoe.UnitTests.Services.Orders.CustomerOrderServiceTest, BrownShoe.UnitTests, Version=1.0.0.0, Culture=neutral, PublicKeyToken=null</className><name type="System.String">SearchTest</name><expectedExceptionMessage type="System.String" /><isValid type="System.Boolean">False</isValid></testMethod><aspNetDevServers type="System.Collections.Generic.List`1[[Microsoft.VisualStudio.TestTools.Common.AspNetDevelopmentServer, Microsoft.VisualStudio.QualityTools.Common, Version=8.0.0.0, Culture=neutral, PublicKeyToken=b03f5f7f11d50a3a]]"><_size type="System.Int32">0</_size><_version type="System.Int32">0</_version></aspNetDevServers><dataAccessMethod type="Microsoft.VisualStudio.TestTools.UnitTesting.DataAccessMethod, Microsoft.VisualStudio.QualityTools.UnitTestFramework, Version=8.0.0.0, Culture=neutral, PublicKeyToken=b03f5f7f11d50a3a"><value__ type="System.Int32">0</value__></dataAccessMethod><cssProjectStructure type="System.String" /><isRunOnRestart type="System.Boolean">False</isRunOnRestart><timeOut type="System.Int32">0</timeOut><isGroupable type="System.Boolean">True</isGroupable><abortRunOnAgentFailure type="System.Boolean">False</abortRunOnAgentFailure><cssIteration type="System.String" /><workItemIds type="System.Collections.Generic.List`1[[System.Int32, mscorlib, Version=2.0.0.0, Culture=neutral, PublicKeyToken=b77a5c561934e089]]"><_size type="System.Int32">0</_size><_version type="System.Int32">1</_version></workItemIds><id type="Microsoft.VisualStudio.TestTools.Common.TestId"><id type="System.Guid">57ecfa94-4c03-364d-66c1-e9e30b8880a3</id></id><name type="System.String">SearchTest</name><description type="System.String" /><enabled type="System.Boolean">True</enabled><owner type="System.String" /><priority type="System.Int32">0</priority><executionId type="Microsoft.VisualStudio.TestTools.Common.TestExecId"><id type="System.Guid">00000000-0000-0000-0000-000000000000</id></executionId><parentExecutId type="Microsoft.VisualStudio.TestTools.Common.TestExecId"><id type="System.Guid">00000000-0000-0000-0000-000000000000</id></parentExecutId><deploymentItems type="Microsoft.VisualStudio.TestTools.Common.DeploymentItemCollection" /><agentAttributes type="System.Collections.Specialized.StringDictionary, System, Version=2.0.0.0, Culture=neutral, PublicKeyToken=b77a5c561934e089" /><storage type="System.String">e:\projects\brownshoe\unit_tests\product\src\brownshoe\testing\unittests\bin\brownshoe.unittests.dll</storage><m_nonRunnableReason type="System.String" /></value><key type="Microsoft.VisualStudio.TestTools.Common.TestId"><id type="System.Guid">cb0c945a-329d-ff4b-abf8-5ff616ff2790</id></key><value type="Microsoft.VisualStudio.TestTools.TestTypes.Unit.UnitTestElement, Microsoft.VisualStudio.QualityTools.Tips.UnitTest.ObjectModel, Version=8.0.0.0, Culture=neutral, PublicKeyToken=b03f5f7f11d50a3a"><codeBase type="System.String">e:/projects/brownshoe/unit_tests/product/src/BrownShoe/Testing/UnitTests/bin/BrownShoe.UnitTests.DLL</codeBase><adapterTypeName type="System.String">Microsoft.VisualStudio.TestTools.TestTypes.Unit.UnitTestAdapter, Microsoft.VisualStudio.QualityTools.Tips.UnitTest.Adapter</adapterTypeName><testMethod type="Microsoft.VisualStudio.TestTools.TestTypes.Unit.TestMethod, Microsoft.VisualStudio.QualityTools.Tips.UnitTest.ObjectModel, Version=8.0.0.0, Culture=neutral, PublicKeyToken=b03f5f7f11d50a3a"><className type="System.String">BrownShoe.UnitTests.RetailApplicationCore.Checkout.CheckoutConfigHelperTest, BrownShoe.UnitTests, Version=1.0.0.0, Culture=neutral, PublicKeyToken=null</className><name type="System.String">ListPaymentTypesTest</name><expectedExceptionMessage type="System.String" /><isValid type="System.Boolean">False</isValid></testMethod><aspNetDevServers type="System.Collections.Generic.List`1[[Microsoft.VisualStudio.TestTools.Common.AspNetDevelopmentServer, Microsoft.VisualStudio.QualityTools.Common, Version=8.0.0.0, Culture=neutral, PublicKeyToken=b03f5f7f11d50a3a]]"><_size type="System.Int32">0</_size><_version type="System.Int32">0</_version></aspNetDevServers><dataAccessMethod type="Microsoft.VisualStudio.TestTools.UnitTesting.DataAccessMethod, Microsoft.VisualStudio.QualityTools.UnitTestFramework, Version=8.0.0.0, Culture=neutral, PublicKeyToken=b03f5f7f11d50a3a"><value__ type="System.Int32">0</value__></dataAccessMethod><cssProjectStructure type="System.String" /><isRunOnRestart type="System.Boolean">False</isRunOnRestart><timeOut type="System.Int32">0</timeOut><isGroupable type="System.Boolean">True</isGroupable><abortRunOnAgentFailure type="System.Boolean">False</abortRunOnAgentFailure><cssIteration type="System.String" /><workItemIds type="System.Collections.Generic.List`1[[System.Int32, mscorlib, Version=2.0.0.0, Culture=neutral, PublicKeyToken=b77a5c561934e089]]"><_size type="System.Int32">0</_size><_version type="System.Int32">1</_version></workItemIds><id type="Microsoft.VisualStudio.TestTools.Common.TestId"><id type="System.Guid">cb0c945a-329d-ff4b-abf8-5ff616ff2790</id></id><name type="System.String">ListPaymentTypesTest</name><description type="System.String" /><enabled type="System.Boolean">True</enabled><owner type="System.String" /><priority type="System.Int32">0</priority><executionId type="Microsoft.VisualStudio.TestTools.Common.TestExecId"><id type="System.Guid">00000000-0000-0000-0000-000000000000</id></executionId><parentExecutId type="Microsoft.VisualStudio.TestTools.Common.TestExecId"><id type="System.Guid">00000000-0000-0000-0000-000000000000</id></parentExecutId><deploymentItems type="Microsoft.VisualStudio.TestTools.Common.DeploymentItemCollection" /><agentAttributes type="System.Collections.Specialized.StringDictionary, System, Version=2.0.0.0, Culture=neutral, PublicKeyToken=b77a5c561934e089" /><storage type="System.String">e:\projects\brownshoe\unit_tests\product\src\brownshoe\testing\unittests\bin\brownshoe.unittests.dll</storage><m_nonRunnableReason type="System.String" /></value><key type="Microsoft.VisualStudio.TestTools.Common.TestId"><id type="System.Guid">3164ea8c-2358-7710-41f3-4ecf4e1c0e49</id></key><value type="Microsoft.VisualStudio.TestTools.TestTypes.Unit.UnitTestElement, Microsoft.VisualStudio.QualityTools.Tips.UnitTest.ObjectModel, Version=8.0.0.0, Culture=neutral, PublicKeyToken=b03f5f7f11d50a3a"><codeBase type="System.String">e:/projects/brownshoe/unit_tests/product/src/BrownShoe/Testing/UnitTests/bin/BrownShoe.UnitTests.DLL</codeBase><adapterTypeName type="System.String">Microsoft.VisualStudio.TestTools.TestTypes.Unit.UnitTestAdapter, Microsoft.VisualStudio.QualityTools.Tips.UnitTest.Adapter</adapterTypeName><testMethod type="Microsoft.VisualStudio.TestTools.TestTypes.Unit.TestMethod, Microsoft.VisualStudio.QualityTools.Tips.UnitTest.ObjectModel, Version=8.0.0.0, Culture=neutral, PublicKeyToken=b03f5f7f11d50a3a"><className type="System.String">BrownShoe.UnitTests.Services.Orders.MerchandiseReturnServiceTest, BrownShoe.UnitTests, Version=1.0.0.0, Culture=neutral, PublicKeyToken=null</className><name type="System.String">GetShipmentAcceptRequestTest</name><expectedExceptionMessage type="System.String" /><isValid type="System.Boolean">False</isValid></testMethod><aspNetDevServers type="System.Collections.Generic.List`1[[Microsoft.VisualStudio.TestTools.Common.AspNetDevelopmentServer, Microsoft.VisualStudio.QualityTools.Common, Version=8.0.0.0, Culture=neutral, PublicKeyToken=b03f5f7f11d50a3a]]"><_size type="System.Int32">0</_size><_version type="System.Int32">0</_version></aspNetDevServers><dataAccessMethod type="Microsoft.VisualStudio.TestTools.UnitTesting.DataAccessMethod, Microsoft.VisualStudio.QualityTools.UnitTestFramework, Version=8.0.0.0, Culture=neutral, PublicKeyToken=b03f5f7f11d50a3a"><value__ type="System.Int32">0</value__></dataAccessMethod><cssProjectStructure type="System.String" /><isRunOnRestart type="System.Boolean">False</isRunOnRestart><timeOut type="System.Int32">0</timeOut><isGroupable type="System.Boolean">True</isGroupable><abortRunOnAgentFailure type="System.Boolean">False</abortRunOnAgentFailure><cssIteration type="System.String" /><workItemIds type="System.Collections.Generic.List`1[[System.Int32, mscorlib, Version=2.0.0.0, Culture=neutral, PublicKeyToken=b77a5c561934e089]]"><_size type="System.Int32">0</_size><_version type="System.Int32">1</_version></workItemIds><id type="Microsoft.VisualStudio.TestTools.Common.TestId"><id type="System.Guid">3164ea8c-2358-7710-41f3-4ecf4e1c0e49</id></id><name type="System.String">GetShipmentAcceptRequestTest</name><description type="System.String" /><enabled type="System.Boolean">True</enabled><owner type="System.String" /><priority type="System.Int32">0</priority><executionId type="Microsoft.VisualStudio.TestTools.Common.TestExecId"><id type="System.Guid">00000000-0000-0000-0000-000000000000</id></executionId><parentExecutId type="Microsoft.VisualStudio.TestTools.Common.TestExecId"><id type="System.Guid">00000000-0000-0000-0000-000000000000</id></parentExecutId><deploymentItems type="Microsoft.VisualStudio.TestTools.Common.DeploymentItemCollection" /><agentAttributes type="System.Collections.Specialized.StringDictionary, System, Version=2.0.0.0, Culture=neutral, PublicKeyToken=b77a5c561934e089" /><storage type="System.String">e:\projects\brownshoe\unit_tests\product\src\brownshoe\testing\unittests\bin\brownshoe.unittests.dll</storage><m_nonRunnableReason type="System.String" /></value><key type="Microsoft.VisualStudio.TestTools.Common.TestId"><id type="System.Guid">e04edd1f-adc1-3b54-7b30-ac7c13757c73</id></key><value type="Microsoft.VisualStudio.TestTools.TestTypes.Unit.UnitTestElement, Microsoft.VisualStudio.QualityTools.Tips.UnitTest.ObjectModel, Version=8.0.0.0, Culture=neutral, PublicKeyToken=b03f5f7f11d50a3a"><codeBase type="System.String">e:/projects/brownshoe/unit_tests/product/src/BrownShoe/Testing/UnitTests/bin/BrownShoe.UnitTests.DLL</codeBase><adapterTypeName type="System.String">Microsoft.VisualStudio.TestTools.TestTypes.Unit.UnitTestAdapter, Microsoft.VisualStudio.QualityTools.Tips.UnitTest.Adapter</adapterTypeName><testMethod type="Microsoft.VisualStudio.TestTools.TestTypes.Unit.TestMethod, Microsoft.VisualStudio.QualityTools.Tips.UnitTest.ObjectModel, Version=8.0.0.0, Culture=neutral, PublicKeyToken=b03f5f7f11d50a3a"><className type="System.String">BrownShoe.UnitTests.Services.Madison.HomeDeliveryOrderLineTest, BrownShoe.UnitTests, Version=1.0.0.0, Culture=neutral, PublicKeyToken=null</className><name type="System.String">QuantityTest</name><expectedExceptionMessage type="System.String" /><isValid type="System.Boolean">False</isValid></testMethod><aspNetDevServers type="System.Collections.Generic.List`1[[Microsoft.VisualStudio.TestTools.Common.AspNetDevelopmentServer, Microsoft.VisualStudio.QualityTools.Common, Version=8.0.0.0, Culture=neutral, PublicKeyToken=b03f5f7f11d50a3a]]"><_size type="System.Int32">0</_size><_version type="System.Int32">0</_version></aspNetDevServers><dataAccessMethod type="Microsoft.VisualStudio.TestTools.UnitTesting.DataAccessMethod, Microsoft.VisualStudio.QualityTools.UnitTestFramework, Version=8.0.0.0, Culture=neutral, PublicKeyToken=b03f5f7f11d50a3a"><value__ type="System.Int32">0</value__></dataAccessMethod><cssProjectStructure type="System.String" /><isRunOnRestart type="System.Boolean">False</isRunOnRestart><timeOut type="System.Int32">0</timeOut><isGroupable type="System.Boolean">True</isGroupable><abortRunOnAgentFailure type="System.Boolean">False</abortRunOnAgentFailure><cssIteration type="System.String" /><workItemIds type="System.Collections.Generic.List`1[[System.Int32, mscorlib, Version=2.0.0.0, Culture=neutral, PublicKeyToken=b77a5c561934e089]]"><_size type="System.Int32">0</_size><_version type="System.Int32">1</_version></workItemIds><id type="Microsoft.VisualStudio.TestTools.Common.TestId"><id type="System.Guid">e04edd1f-adc1-3b54-7b30-ac7c13757c73</id></id><name type="System.String">QuantityTest</name><description type="System.String" /><enabled type="System.Boolean">True</enabled><owner type="System.String" /><priority type="System.Int32">0</priority><executionId type="Microsoft.VisualStudio.TestTools.Common.TestExecId"><id type="System.Guid">00000000-0000-0000-0000-000000000000</id></executionId><parentExecutId type="Microsoft.VisualStudio.TestTools.Common.TestExecId"><id type="System.Guid">00000000-0000-0000-0000-000000000000</id></parentExecutId><deploymentItems type="Microsoft.VisualStudio.TestTools.Common.DeploymentItemCollection" /><agentAttributes type="System.Collections.Specialized.StringDictionary, System, Version=2.0.0.0, Culture=neutral, PublicKeyToken=b77a5c561934e089" /><storage type="System.String">e:\projects\brownshoe\unit_tests\product\src\brownshoe\testing\unittests\bin\brownshoe.unittests.dll</storage><m_nonRunnableReason type="System.String" /></value><key type="Microsoft.VisualStudio.TestTools.Common.TestId"><id type="System.Guid">b2f14bc4-9d5c-8689-ba95-139b4df61a56</id></key><value type="Microsoft.VisualStudio.TestTools.TestTypes.Unit.UnitTestElement, Microsoft.VisualStudio.QualityTools.Tips.UnitTest.ObjectModel, Version=8.0.0.0, Culture=neutral, PublicKeyToken=b03f5f7f11d50a3a"><codeBase type="System.String">e:/projects/brownshoe/unit_tests/product/src/BrownShoe/Testing/UnitTests/bin/BrownShoe.UnitTests.DLL</codeBase><adapterTypeName type="System.String">Microsoft.VisualStudio.TestTools.TestTypes.Unit.UnitTestAdapter, Microsoft.VisualStudio.QualityTools.Tips.UnitTest.Adapter</adapterTypeName><testMethod type="Microsoft.VisualStudio.TestTools.TestTypes.Unit.TestMethod, Microsoft.VisualStudio.QualityTools.Tips.UnitTest.ObjectModel, Version=8.0.0.0, Culture=neutral, PublicKeyToken=b03f5f7f11d50a3a"><className type="System.String">BrownShoe.UnitTests.Services.DataAccess.SysMonDBTest, BrownShoe.UnitTests, Version=1.0.0.0, Culture=neutral, PublicKeyToken=null</className><name type="System.String">CheckTaxLoadTest</name><expectedExceptionMessage type="System.String" /><isValid type="System.Boolean">False</isValid></testMethod><aspNetDevServers type="System.Collections.Generic.List`1[[Microsoft.VisualStudio.TestTools.Common.AspNetDevelopmentServer, Microsoft.VisualStudio.QualityTools.Common, Version=8.0.0.0, Culture=neutral, PublicKeyToken=b03f5f7f11d50a3a]]"><_size type="System.Int32">0</_size><_version type="System.Int32">0</_version></aspNetDevServers><dataAccessMethod type="Microsoft.VisualStudio.TestTools.UnitTesting.DataAccessMethod, Microsoft.VisualStudio.QualityTools.UnitTestFramework, Version=8.0.0.0, Culture=neutral, PublicKeyToken=b03f5f7f11d50a3a"><value__ type="System.Int32">0</value__></dataAccessMethod><cssProjectStructure type="System.String" /><isRunOnRestart type="System.Boolean">False</isRunOnRestart><timeOut type="System.Int32">0</timeOut><isGroupable type="System.Boolean">True</isGroupable><abortRunOnAgentFailure type="System.Boolean">False</abortRunOnAgentFailure><cssIteration type="System.String" /><workItemIds type="System.Collections.Generic.List`1[[System.Int32, mscorlib, Version=2.0.0.0, Culture=neutral, PublicKeyToken=b77a5c561934e089]]"><_size type="System.Int32">0</_size><_version type="System.Int32">1</_version></workItemIds><id type="Microsoft.VisualStudio.TestTools.Common.TestId"><id type="System.Guid">b2f14bc4-9d5c-8689-ba95-139b4df61a56</id></id><name type="System.String">CheckTaxLoadTest</name><description type="System.String" /><enabled type="System.Boolean">True</enabled><owner type="System.String" /><priority type="System.Int32">0</priority><executionId type="Microsoft.VisualStudio.TestTools.Common.TestExecId"><id type="System.Guid">00000000-0000-0000-0000-000000000000</id></executionId><parentExecutId type="Microsoft.VisualStudio.TestTools.Common.TestExecId"><id type="System.Guid">00000000-0000-0000-0000-000000000000</id></parentExecutId><deploymentItems type="Microsoft.VisualStudio.TestTools.Common.DeploymentItemCollection" /><agentAttributes type="System.Collections.Specialized.StringDictionary, System, Version=2.0.0.0, Culture=neutral, PublicKeyToken=b77a5c561934e089" /><storage type="System.String">e:\projects\brownshoe\unit_tests\product\src\brownshoe\testing\unittests\bin\brownshoe.unittests.dll</storage><m_nonRunnableReason type="System.String" /></value><key type="Microsoft.VisualStudio.TestTools.Common.TestId"><id type="System.Guid">ba218900-ffed-0550-582e-3ba7c81b8cf0</id></key><value type="Microsoft.VisualStudio.TestTools.TestTypes.Unit.UnitTestElement, Microsoft.VisualStudio.QualityTools.Tips.UnitTest.ObjectModel, Version=8.0.0.0, Culture=neutral, PublicKeyToken=b03f5f7f11d50a3a"><codeBase type="System.String">e:/projects/brownshoe/unit_tests/product/src/BrownShoe/Testing/UnitTests/bin/BrownShoe.UnitTests.DLL</codeBase><adapterTypeName type="System.String">Microsoft.VisualStudio.TestTools.TestTypes.Unit.UnitTestAdapter, Microsoft.VisualStudio.QualityTools.Tips.UnitTest.Adapter</adapterTypeName><testMethod type="Microsoft.VisualStudio.TestTools.TestTypes.Unit.TestMethod, Microsoft.VisualStudio.QualityTools.Tips.UnitTest.ObjectModel, Version=8.0.0.0, Culture=neutral, PublicKeyToken=b03f5f7f11d50a3a"><className type="System.String">BrownShoe.UnitTests.Services.Madison.AddressServiceTest, BrownShoe.UnitTests, Version=1.0.0.0, Culture=neutral, PublicKeyToken=null</className><name type="System.String">GetAccuMailErrorMessageTest</name><expectedExceptionMessage type="System.String" /><isValid type="System.Boolean">False</isValid></testMethod><aspNetDevServers type="System.Collections.Generic.List`1[[Microsoft.VisualStudio.TestTools.Common.AspNetDevelopmentServer, Microsoft.VisualStudio.QualityTools.Common, Version=8.0.0.0, Culture=neutral, PublicKeyToken=b03f5f7f11d50a3a]]"><_size type="System.Int32">0</_size><_version type="System.Int32">0</_version></aspNetDevServers><dataAccessMethod type="Microsoft.VisualStudio.TestTools.UnitTesting.DataAccessMethod, Microsoft.VisualStudio.QualityTools.UnitTestFramework, Version=8.0.0.0, Culture=neutral, PublicKeyToken=b03f5f7f11d50a3a"><value__ type="System.Int32">0</value__></dataAccessMethod><cssProjectStructure type="System.String" /><isRunOnRestart type="System.Boolean">False</isRunOnRestart><timeOut type="System.Int32">0</timeOut><isGroupable type="System.Boolean">True</isGroupable><abortRunOnAgentFailure type="System.Boolean">False</abortRunOnAgentFailure><cssIteration type="System.String" /><workItemIds type="System.Collections.Generic.List`1[[System.Int32, mscorlib, Version=2.0.0.0, Culture=neutral, PublicKeyToken=b77a5c561934e089]]"><_size type="System.Int32">0</_size><_version type="System.Int32">1</_version></workItemIds><id type="Microsoft.VisualStudio.TestTools.Common.TestId"><id type="System.Guid">ba218900-ffed-0550-582e-3ba7c81b8cf0</id></id><name type="System.String">GetAccuMailErrorMessageTest</name><description type="System.String" /><enabled type="System.Boolean">True</enabled><owner type="System.String" /><priority type="System.Int32">0</priority><executionId type="Microsoft.VisualStudio.TestTools.Common.TestExecId"><id type="System.Guid">00000000-0000-0000-0000-000000000000</id></executionId><parentExecutId type="Microsoft.VisualStudio.TestTools.Common.TestExecId"><id type="System.Guid">00000000-0000-0000-0000-000000000000</id></parentExecutId><deploymentItems type="Microsoft.VisualStudio.TestTools.Common.DeploymentItemCollection" /><agentAttributes type="System.Collections.Specialized.StringDictionary, System, Version=2.0.0.0, Culture=neutral, PublicKeyToken=b77a5c561934e089" /><storage type="System.String">e:\projects\brownshoe\unit_tests\product\src\brownshoe\testing\unittests\bin\brownshoe.unittests.dll</storage><m_nonRunnableReason type="System.String" /></value><key type="Microsoft.VisualStudio.TestTools.Common.TestId"><id type="System.Guid">4bf3f74a-77d2-527d-b34e-a172257e7115</id></key><value type="Microsoft.VisualStudio.TestTools.TestTypes.Unit.UnitTestElement, Microsoft.VisualStudio.QualityTools.Tips.UnitTest.ObjectModel, Version=8.0.0.0, Culture=neutral, PublicKeyToken=b03f5f7f11d50a3a"><codeBase type="System.String">e:/projects/brownshoe/unit_tests/product/src/BrownShoe/Testing/UnitTests/bin/BrownShoe.UnitTests.DLL</codeBase><adapterTypeName type="System.String">Microsoft.VisualStudio.TestTools.TestTypes.Unit.UnitTestAdapter, Microsoft.VisualStudio.QualityTools.Tips.UnitTest.Adapter</adapterTypeName><testMethod type="Microsoft.VisualStudio.TestTools.TestTypes.Unit.TestMethod, Microsoft.VisualStudio.QualityTools.Tips.UnitTest.ObjectModel, Version=8.0.0.0, Culture=neutral, PublicKeyToken=b03f5f7f11d50a3a"><className type="System.String">BrownShoe.UnitTests.Services.Profiles.CreditCardServiceTest, BrownShoe.UnitTests, Version=1.0.0.0, Culture=neutral, PublicKeyToken=null</className><name type="System.String">DeleteTest</name><expectedExceptionMessage type="System.String" /><isValid type="System.Boolean">False</isValid></testMethod><aspNetDevServers type="System.Collections.Generic.List`1[[Microsoft.VisualStudio.TestTools.Common.AspNetDevelopmentServer, Microsoft.VisualStudio.QualityTools.Common, Version=8.0.0.0, Culture=neutral, PublicKeyToken=b03f5f7f11d50a3a]]"><_size type="System.Int32">0</_size><_version type="System.Int32">0</_version></aspNetDevServers><dataAccessMethod type="Microsoft.VisualStudio.TestTools.UnitTesting.DataAccessMethod, Microsoft.VisualStudio.QualityTools.UnitTestFramework, Version=8.0.0.0, Culture=neutral, PublicKeyToken=b03f5f7f11d50a3a"><value__ type="System.Int32">0</value__></dataAccessMethod><cssProjectStructure type="System.String" /><isRunOnRestart type="System.Boolean">False</isRunOnRestart><timeOut type="System.Int32">0</timeOut><isGroupable type="System.Boolean">True</isGroupable><abortRunOnAgentFailure type="System.Boolean">False</abortRunOnAgentFailure><cssIteration type="System.String" /><workItemIds type="System.Collections.Generic.List`1[[System.Int32, mscorlib, Version=2.0.0.0, Culture=neutral, PublicKeyToken=b77a5c561934e089]]"><_size type="System.Int32">0</_size><_version type="System.Int32">1</_version></workItemIds><id type="Microsoft.VisualStudio.TestTools.Common.TestId"><id type="System.Guid">4bf3f74a-77d2-527d-b34e-a172257e7115</id></id><name type="System.String">DeleteTest</name><description type="System.String" /><enabled type="System.Boolean">True</enabled><owner type="System.String" /><priority type="System.Int32">0</priority><executionId type="Microsoft.VisualStudio.TestTools.Common.TestExecId"><id type="System.Guid">00000000-0000-0000-0000-000000000000</id></executionId><parentExecutId type="Microsoft.VisualStudio.TestTools.Common.TestExecId"><id type="System.Guid">00000000-0000-0000-0000-000000000000</id></parentExecutId><deploymentItems type="Microsoft.VisualStudio.TestTools.Common.DeploymentItemCollection" /><agentAttributes type="System.Collections.Specialized.StringDictionary, System, Version=2.0.0.0, Culture=neutral, PublicKeyToken=b77a5c561934e089" /><storage type="System.String">e:\projects\brownshoe\unit_tests\product\src\brownshoe\testing\unittests\bin\brownshoe.unittests.dll</storage><m_nonRunnableReason type="System.String" /></value><key type="Microsoft.VisualStudio.TestTools.Common.TestId"><id type="System.Guid">febd3b8f-568f-4ae7-8e10-154e1a47b372</id></key><value type="Microsoft.VisualStudio.TestTools.TestTypes.Unit.UnitTestElement, Microsoft.VisualStudio.QualityTools.Tips.UnitTest.ObjectModel, Version=8.0.0.0, Culture=neutral, PublicKeyToken=b03f5f7f11d50a3a"><codeBase type="System.String">e:/projects/brownshoe/unit_tests/product/src/BrownShoe/Testing/UnitTests/bin/BrownShoe.UnitTests.DLL</codeBase><adapterTypeName type="System.String">Microsoft.VisualStudio.TestTools.TestTypes.Unit.UnitTestAdapter, Microsoft.VisualStudio.QualityTools.Tips.UnitTest.Adapter</adapterTypeName><testMethod type="Microsoft.VisualStudio.TestTools.TestTypes.Unit.TestMethod, Microsoft.VisualStudio.QualityTools.Tips.UnitTest.ObjectModel, Version=8.0.0.0, Culture=neutral, PublicKeyToken=b03f5f7f11d50a3a"><className type="System.String">BrownShoe.UnitTests.Services.ContentManagement.CMTokenServiceTest, BrownShoe.UnitTests, Version=1.0.0.0, Culture=neutral, PublicKeyToken=null</className><name type="System.String">RenderBrandStyleSummaryTest</name><expectedExceptionMessage type="System.String" /><isValid type="System.Boolean">False</isValid></testMethod><aspNetDevServers type="System.Collections.Generic.List`1[[Microsoft.VisualStudio.TestTools.Common.AspNetDevelopmentServer, Microsoft.VisualStudio.QualityTools.Common, Version=8.0.0.0, Culture=neutral, PublicKeyToken=b03f5f7f11d50a3a]]"><_size type="System.Int32">0</_size><_version type="System.Int32">0</_version></aspNetDevServers><dataAccessMethod type="Microsoft.VisualStudio.TestTools.UnitTesting.DataAccessMethod, Microsoft.VisualStudio.QualityTools.UnitTestFramework, Version=8.0.0.0, Culture=neutral, PublicKeyToken=b03f5f7f11d50a3a"><value__ type="System.Int32">0</value__></dataAccessMethod><cssProjectStructure type="System.String" /><isRunOnRestart type="System.Boolean">False</isRunOnRestart><timeOut type="System.Int32">0</timeOut><isGroupable type="System.Boolean">True</isGroupable><abortRunOnAgentFailure type="System.Boolean">False</abortRunOnAgentFailure><cssIteration type="System.String" /><workItemIds type="System.Collections.Generic.List`1[[System.Int32, mscorlib, Version=2.0.0.0, Culture=neutral, PublicKeyToken=b77a5c561934e089]]"><_size type="System.Int32">0</_size><_version type="System.Int32">1</_version></workItemIds><id type="Microsoft.VisualStudio.TestTools.Common.TestId"><id type="System.Guid">febd3b8f-568f-4ae7-8e10-154e1a47b372</id></id><name type="System.String">RenderBrandStyleSummaryTest</name><description type="System.String" /><enabled type="System.Boolean">True</enabled><owner type="System.String" /><priority type="System.Int32">0</priority><executionId type="Microsoft.VisualStudio.TestTools.Common.TestExecId"><id type="System.Guid">00000000-0000-0000-0000-000000000000</id></executionId><parentExecutId type="Microsoft.VisualStudio.TestTools.Common.TestExecId"><id type="System.Guid">00000000-0000-0000-0000-000000000000</id></parentExecutId><deploymentItems type="Microsoft.VisualStudio.TestTools.Common.DeploymentItemCollection" /><agentAttributes type="System.Collections.Specialized.StringDictionary, System, Version=2.0.0.0, Culture=neutral, PublicKeyToken=b77a5c561934e089" /><storage type="System.String">e:\projects\brownshoe\unit_tests\product\src\brownshoe\testing\unittests\bin\brownshoe.unittests.dll</storage><m_nonRunnableReason type="System.String" /></value><key type="Microsoft.VisualStudio.TestTools.Common.TestId"><id type="System.Guid">68f8ccaa-ae79-81b5-281c-0f1796784592</id></key><value type="Microsoft.VisualStudio.TestTools.TestTypes.Unit.UnitTestElement, Microsoft.VisualStudio.QualityTools.Tips.UnitTest.ObjectModel, Version=8.0.0.0, Culture=neutral, PublicKeyToken=b03f5f7f11d50a3a"><codeBase type="System.String">e:/projects/brownshoe/unit_tests/product/src/BrownShoe/Testing/UnitTests/bin/BrownShoe.UnitTests.DLL</codeBase><adapterTypeName type="System.String">Microsoft.VisualStudio.TestTools.TestTypes.Unit.UnitTestAdapter, Microsoft.VisualStudio.QualityTools.Tips.UnitTest.Adapter</adapterTypeName><testMethod type="Microsoft.VisualStudio.TestTools.TestTypes.Unit.TestMethod, Microsoft.VisualStudio.QualityTools.Tips.UnitTest.ObjectModel, Version=8.0.0.0, Culture=neutral, PublicKeyToken=b03f5f7f11d50a3a"><className type="System.String">BrownShoe.UnitTests.Services.Profiles.ProfileServiceTest, BrownShoe.UnitTests, Version=1.0.0.0, Culture=neutral, PublicKeyToken=null</className><name type="System.String">UpdateProfileTest</name><expectedExceptionMessage type="System.String" /><isValid type="System.Boolean">False</isValid></testMethod><aspNetDevServers type="System.Collections.Generic.List`1[[Microsoft.VisualStudio.TestTools.Common.AspNetDevelopmentServer, Microsoft.VisualStudio.QualityTools.Common, Version=8.0.0.0, Culture=neutral, PublicKeyToken=b03f5f7f11d50a3a]]"><_size type="System.Int32">0</_size><_version type="System.Int32">0</_version></aspNetDevServers><dataAccessMethod type="Microsoft.VisualStudio.TestTools.UnitTesting.DataAccessMethod, Microsoft.VisualStudio.QualityTools.UnitTestFramework, Version=8.0.0.0, Culture=neutral, PublicKeyToken=b03f5f7f11d50a3a"><value__ type="System.Int32">0</value__></dataAccessMethod><cssProjectStructure type="System.String" /><isRunOnRestart type="System.Boolean">False</isRunOnRestart><timeOut type="System.Int32">0</timeOut><isGroupable type="System.Boolean">True</isGroupable><abortRunOnAgentFailure type="System.Boolean">False</abortRunOnAgentFailure><cssIteration type="System.String" /><workItemIds type="System.Collections.Generic.List`1[[System.Int32, mscorlib, Version=2.0.0.0, Culture=neutral, PublicKeyToken=b77a5c561934e089]]"><_size type="System.Int32">0</_size><_version type="System.Int32">1</_version></workItemIds><id type="Microsoft.VisualStudio.TestTools.Common.TestId"><id type="System.Guid">68f8ccaa-ae79-81b5-281c-0f1796784592</id></id><name type="System.String">UpdateProfileTest</name><description type="System.String" /><enabled type="System.Boolean">True</enabled><owner type="System.String" /><priority type="System.Int32">0</priority><executionId type="Microsoft.VisualStudio.TestTools.Common.TestExecId"><id type="System.Guid">00000000-0000-0000-0000-000000000000</id></executionId><parentExecutId type="Microsoft.VisualStudio.TestTools.Common.TestExecId"><id type="System.Guid">00000000-0000-0000-0000-000000000000</id></parentExecutId><deploymentItems type="Microsoft.VisualStudio.TestTools.Common.DeploymentItemCollection" /><agentAttributes type="System.Collections.Specialized.StringDictionary, System, Version=2.0.0.0, Culture=neutral, PublicKeyToken=b77a5c561934e089" /><storage type="System.String">e:\projects\brownshoe\unit_tests\product\src\brownshoe\testing\unittests\bin\brownshoe.unittests.dll</storage><m_nonRunnableReason type="System.String" /></value><key type="Microsoft.VisualStudio.TestTools.Common.TestId"><id type="System.Guid">7969b33c-ad1e-1995-2de5-3866aa255cd1</id></key><value type="Microsoft.VisualStudio.TestTools.TestTypes.Unit.UnitTestElement, Microsoft.VisualStudio.QualityTools.Tips.UnitTest.ObjectModel, Version=8.0.0.0, Culture=neutral, PublicKeyToken=b03f5f7f11d50a3a"><codeBase type="System.String">e:/projects/brownshoe/unit_tests/product/src/BrownShoe/Testing/UnitTests/bin/BrownShoe.UnitTests.DLL</codeBase><adapterTypeName type="System.String">Microsoft.VisualStudio.TestTools.TestTypes.Unit.UnitTestAdapter, Microsoft.VisualStudio.QualityTools.Tips.UnitTest.Adapter</adapterTypeName><testMethod type="Microsoft.VisualStudio.TestTools.TestTypes.Unit.TestMethod, Microsoft.VisualStudio.QualityTools.Tips.UnitTest.ObjectModel, Version=8.0.0.0, Culture=neutral, PublicKeyToken=b03f5f7f11d50a3a"><className type="System.String">BrownShoe.UnitTests.Services.DataAccess.BrownShoesShareDBTest, BrownShoe.UnitTests, Version=1.0.0.0, Culture=neutral, PublicKeyToken=null</className><name type="System.String">ListStateCodesTest</name><expectedExceptionMessage type="System.String" /><isValid type="System.Boolean">False</isValid></testMethod><aspNetDevServers type="System.Collections.Generic.List`1[[Microsoft.VisualStudio.TestTools.Common.AspNetDevelopmentServer, Microsoft.VisualStudio.QualityTools.Common, Version=8.0.0.0, Culture=neutral, PublicKeyToken=b03f5f7f11d50a3a]]"><_size type="System.Int32">0</_size><_version type="System.Int32">0</_version></aspNetDevServers><dataAccessMethod type="Microsoft.VisualStudio.TestTools.UnitTesting.DataAccessMethod, Microsoft.VisualStudio.QualityTools.UnitTestFramework, Version=8.0.0.0, Culture=neutral, PublicKeyToken=b03f5f7f11d50a3a"><value__ type="System.Int32">0</value__></dataAccessMethod><cssProjectStructure type="System.String" /><isRunOnRestart type="System.Boolean">False</isRunOnRestart><timeOut type="System.Int32">0</timeOut><isGroupable type="System.Boolean">True</isGroupable><abortRunOnAgentFailure type="System.Boolean">False</abortRunOnAgentFailure><cssIteration type="System.String" /><workItemIds type="System.Collections.Generic.List`1[[System.Int32, mscorlib, Version=2.0.0.0, Culture=neutral, PublicKeyToken=b77a5c561934e089]]"><_size type="System.Int32">0</_size><_version type="System.Int32">1</_version></workItemIds><id type="Microsoft.VisualStudio.TestTools.Common.TestId"><id type="System.Guid">7969b33c-ad1e-1995-2de5-3866aa255cd1</id></id><name type="System.String">ListStateCodesTest</name><description type="System.String" /><enabled type="System.Boolean">True</enabled><owner type="System.String" /><priority type="System.Int32">0</priority><executionId type="Microsoft.VisualStudio.TestTools.Common.TestExecId"><id type="System.Guid">00000000-0000-0000-0000-000000000000</id></executionId><parentExecutId type="Microsoft.VisualStudio.TestTools.Common.TestExecId"><id type="System.Guid">00000000-0000-0000-0000-000000000000</id></parentExecutId><deploymentItems type="Microsoft.VisualStudio.TestTools.Common.DeploymentItemCollection" /><agentAttributes type="System.Collections.Specialized.StringDictionary, System, Version=2.0.0.0, Culture=neutral, PublicKeyToken=b77a5c561934e089" /><storage type="System.String">e:\projects\brownshoe\unit_tests\product\src\brownshoe\testing\unittests\bin\brownshoe.unittests.dll</storage><m_nonRunnableReason type="System.String" /></value><key type="Microsoft.VisualStudio.TestTools.Common.TestId"><id type="System.Guid">496d2976-646a-df03-84d5-340af19926c9</id></key><value type="Microsoft.VisualStudio.TestTools.TestTypes.Unit.UnitTestElement, Microsoft.VisualStudio.QualityTools.Tips.UnitTest.ObjectModel, Version=8.0.0.0, Culture=neutral, PublicKeyToken=b03f5f7f11d50a3a"><codeBase type="System.String">e:/projects/brownshoe/unit_tests/product/src/BrownShoe/Testing/UnitTests/bin/BrownShoe.UnitTests.DLL</codeBase><adapterTypeName type="System.String">Microsoft.VisualStudio.TestTools.TestTypes.Unit.UnitTestAdapter, Microsoft.VisualStudio.QualityTools.Tips.UnitTest.Adapter</adapterTypeName><testMethod type="Microsoft.VisualStudio.TestTools.TestTypes.Unit.TestMethod, Microsoft.VisualStudio.QualityTools.Tips.UnitTest.ObjectModel, Version=8.0.0.0, Culture=neutral, PublicKeyToken=b03f5f7f11d50a3a"><className type="System.String">BrownShoe.UnitTests.Services.Madison.RewardsProfileTest, BrownShoe.UnitTests, Version=1.0.0.0, Culture=neutral, PublicKeyToken=null</className><name type="System.String">WantEmailOffersTest</name><expectedExceptionMessage type="System.String" /><isValid type="System.Boolean">False</isValid></testMethod><aspNetDevServers type="System.Collections.Generic.List`1[[Microsoft.VisualStudio.TestTools.Common.AspNetDevelopmentServer, Microsoft.VisualStudio.QualityTools.Common, Version=8.0.0.0, Culture=neutral, PublicKeyToken=b03f5f7f11d50a3a]]"><_size type="System.Int32">0</_size><_version type="System.Int32">0</_version></aspNetDevServers><dataAccessMethod type="Microsoft.VisualStudio.TestTools.UnitTesting.DataAccessMethod, Microsoft.VisualStudio.QualityTools.UnitTestFramework, Version=8.0.0.0, Culture=neutral, PublicKeyToken=b03f5f7f11d50a3a"><value__ type="System.Int32">0</value__></dataAccessMethod><cssProjectStructure type="System.String" /><isRunOnRestart type="System.Boolean">False</isRunOnRestart><timeOut type="System.Int32">0</timeOut><isGroupable type="System.Boolean">True</isGroupable><abortRunOnAgentFailure type="System.Boolean">False</abortRunOnAgentFailure><cssIteration type="System.String" /><workItemIds type="System.Collections.Generic.List`1[[System.Int32, mscorlib, Version=2.0.0.0, Culture=neutral, PublicKeyToken=b77a5c561934e089]]"><_size type="System.Int32">0</_size><_version type="System.Int32">1</_version></workItemIds><id type="Microsoft.VisualStudio.TestTools.Common.TestId"><id type="System.Guid">496d2976-646a-df03-84d5-340af19926c9</id></id><name type="System.String">WantEmailOffersTest</name><description type="System.String" /><enabled type="System.Boolean">True</enabled><owner type="System.String" /><priority type="System.Int32">0</priority><executionId type="Microsoft.VisualStudio.TestTools.Common.TestExecId"><id type="System.Guid">00000000-0000-0000-0000-000000000000</id></executionId><parentExecutId type="Microsoft.VisualStudio.TestTools.Common.TestExecId"><id type="System.Guid">00000000-0000-0000-0000-000000000000</id></parentExecutId><deploymentItems type="Microsoft.VisualStudio.TestTools.Common.DeploymentItemCollection" /><agentAttributes type="System.Collections.Specialized.StringDictionary, System, Version=2.0.0.0, Culture=neutral, PublicKeyToken=b77a5c561934e089" /><storage type="System.String">e:\projects\brownshoe\unit_tests\product\src\brownshoe\testing\unittests\bin\brownshoe.unittests.dll</storage><m_nonRunnableReason type="System.String" /></value><key type="Microsoft.VisualStudio.TestTools.Common.TestId"><id type="System.Guid">5aadb34f-b728-2ce9-2596-321fc0e06010</id></key><value type="Microsoft.VisualStudio.TestTools.TestTypes.Unit.UnitTestElement, Microsoft.VisualStudio.QualityTools.Tips.UnitTest.ObjectModel, Version=8.0.0.0, Culture=neutral, PublicKeyToken=b03f5f7f11d50a3a"><codeBase type="System.String">e:/projects/brownshoe/unit_tests/product/src/BrownShoe/Testing/UnitTests/bin/BrownShoe.UnitTests.DLL</codeBase><adapterTypeName type="System.String">Microsoft.VisualStudio.TestTools.TestTypes.Unit.UnitTestAdapter, Microsoft.VisualStudio.QualityTools.Tips.UnitTest.Adapter</adapterTypeName><testMethod type="Microsoft.VisualStudio.TestTools.TestTypes.Unit.TestMethod, Microsoft.VisualStudio.QualityTools.Tips.UnitTest.ObjectModel, Version=8.0.0.0, Culture=neutral, PublicKeyToken=b03f5f7f11d50a3a"><className type="System.String">BrownShoe.UnitTests.Services.Profiles.CustomerServiceTest, BrownShoe.UnitTests, Version=1.0.0.0, Culture=neutral, PublicKeyToken=null</className><name type="System.String">CreateTest</name><expectedExceptionMessage type="System.String" /><isValid type="System.Boolean">False</isValid></testMethod><aspNetDevServers type="System.Collections.Generic.List`1[[Microsoft.VisualStudio.TestTools.Common.AspNetDevelopmentServer, Microsoft.VisualStudio.QualityTools.Common, Version=8.0.0.0, Culture=neutral, PublicKeyToken=b03f5f7f11d50a3a]]"><_size type="System.Int32">0</_size><_version type="System.Int32">0</_version></aspNetDevServers><dataAccessMethod type="Microsoft.VisualStudio.TestTools.UnitTesting.DataAccessMethod, Microsoft.VisualStudio.QualityTools.UnitTestFramework, Version=8.0.0.0, Culture=neutral, PublicKeyToken=b03f5f7f11d50a3a"><value__ type="System.Int32">0</value__></dataAccessMethod><cssProjectStructure type="System.String" /><isRunOnRestart type="System.Boolean">False</isRunOnRestart><timeOut type="System.Int32">0</timeOut><isGroupable type="System.Boolean">True</isGroupable><abortRunOnAgentFailure type="System.Boolean">False</abortRunOnAgentFailure><cssIteration type="System.String" /><workItemIds type="System.Collections.Generic.List`1[[System.Int32, mscorlib, Version=2.0.0.0, Culture=neutral, PublicKeyToken=b77a5c561934e089]]"><_size type="System.Int32">0</_size><_version type="System.Int32">1</_version></workItemIds><id type="Microsoft.VisualStudio.TestTools.Common.TestId"><id type="System.Guid">5aadb34f-b728-2ce9-2596-321fc0e06010</id></id><name type="System.String">CreateTest</name><description type="System.String" /><enabled type="System.Boolean">True</enabled><owner type="System.String" /><priority type="System.Int32">0</priority><executionId type="Microsoft.VisualStudio.TestTools.Common.TestExecId"><id type="System.Guid">00000000-0000-0000-0000-000000000000</id></executionId><parentExecutId type="Microsoft.VisualStudio.TestTools.Common.TestExecId"><id type="System.Guid">00000000-0000-0000-0000-000000000000</id></parentExecutId><deploymentItems type="Microsoft.VisualStudio.TestTools.Common.DeploymentItemCollection" /><agentAttributes type="System.Collections.Specialized.StringDictionary, System, Version=2.0.0.0, Culture=neutral, PublicKeyToken=b77a5c561934e089" /><storage type="System.String">e:\projects\brownshoe\unit_tests\product\src\brownshoe\testing\unittests\bin\brownshoe.unittests.dll</storage><m_nonRunnableReason type="System.String" /></value><key type="Microsoft.VisualStudio.TestTools.Common.TestId"><id type="System.Guid">a849d7d1-1cf8-399b-654e-6bbf81d3692f</id></key><value type="Microsoft.VisualStudio.TestTools.TestTypes.Unit.UnitTestElement, Microsoft.VisualStudio.QualityTools.Tips.UnitTest.ObjectModel, Version=8.0.0.0, Culture=neutral, PublicKeyToken=b03f5f7f11d50a3a"><codeBase type="System.String">e:/projects/brownshoe/unit_tests/product/src/BrownShoe/Testing/UnitTests/bin/BrownShoe.UnitTests.DLL</codeBase><adapterTypeName type="System.String">Microsoft.VisualStudio.TestTools.TestTypes.Unit.UnitTestAdapter, Microsoft.VisualStudio.QualityTools.Tips.UnitTest.Adapter</adapterTypeName><testMethod type="Microsoft.VisualStudio.TestTools.TestTypes.Unit.TestMethod, Microsoft.VisualStudio.QualityTools.Tips.UnitTest.ObjectModel, Version=8.0.0.0, Culture=neutral, PublicKeyToken=b03f5f7f11d50a3a"><className type="System.String">BrownShoe.UnitTests.Services.Madison.MadisonWebServiceTest, BrownShoe.UnitTests, Version=1.0.0.0, Culture=neutral, PublicKeyToken=null</className><name type="System.String">GetNextMemberNumberTest</name><expectedExceptionMessage type="System.String" /><isValid type="System.Boolean">False</isValid></testMethod><aspNetDevServers type="System.Collections.Generic.List`1[[Microsoft.VisualStudio.TestTools.Common.AspNetDevelopmentServer, Microsoft.VisualStudio.QualityTools.Common, Version=8.0.0.0, Culture=neutral, PublicKeyToken=b03f5f7f11d50a3a]]"><_size type="System.Int32">0</_size><_version type="System.Int32">0</_version></aspNetDevServers><dataAccessMethod type="Microsoft.VisualStudio.TestTools.UnitTesting.DataAccessMethod, Microsoft.VisualStudio.QualityTools.UnitTestFramework, Version=8.0.0.0, Culture=neutral, PublicKeyToken=b03f5f7f11d50a3a"><value__ type="System.Int32">0</value__></dataAccessMethod><cssProjectStructure type="System.String" /><isRunOnRestart type="System.Boolean">False</isRunOnRestart><timeOut type="System.Int32">0</timeOut><isGroupable type="System.Boolean">True</isGroupable><abortRunOnAgentFailure type="System.Boolean">False</abortRunOnAgentFailure><cssIteration type="System.String" /><workItemIds type="System.Collections.Generic.List`1[[System.Int32, mscorlib, Version=2.0.0.0, Culture=neutral, PublicKeyToken=b77a5c561934e089]]"><_size type="System.Int32">0</_size><_version type="System.Int32">1</_version></workItemIds><id type="Microsoft.VisualStudio.TestTools.Common.TestId"><id type="System.Guid">a849d7d1-1cf8-399b-654e-6bbf81d3692f</id></id><name type="System.String">GetNextMemberNumberTest</name><description type="System.String" /><enabled type="System.Boolean">True</enabled><owner type="System.String" /><priority type="System.Int32">0</priority><executionId type="Microsoft.VisualStudio.TestTools.Common.TestExecId"><id type="System.Guid">00000000-0000-0000-0000-000000000000</id></executionId><parentExecutId type="Microsoft.VisualStudio.TestTools.Common.TestExecId"><id type="System.Guid">00000000-0000-0000-0000-000000000000</id></parentExecutId><deploymentItems type="Microsoft.VisualStudio.TestTools.Common.DeploymentItemCollection" /><agentAttributes type="System.Collections.Specialized.StringDictionary, System, Version=2.0.0.0, Culture=neutral, PublicKeyToken=b77a5c561934e089" /><storage type="System.String">e:\projects\brownshoe\unit_tests\product\src\brownshoe\testing\unittests\bin\brownshoe.unittests.dll</storage><m_nonRunnableReason type="System.String" /></value><key type="Microsoft.VisualStudio.TestTools.Common.TestId"><id type="System.Guid">c8870ffe-9330-87df-54e6-9a1f7017c4c2</id></key><value type="Microsoft.VisualStudio.TestTools.TestTypes.Unit.UnitTestElement, Microsoft.VisualStudio.QualityTools.Tips.UnitTest.ObjectModel, Version=8.0.0.0, Culture=neutral, PublicKeyToken=b03f5f7f11d50a3a"><codeBase type="System.String">e:/projects/brownshoe/unit_tests/product/src/BrownShoe/Testing/UnitTests/bin/BrownShoe.UnitTests.DLL</codeBase><adapterTypeName type="System.String">Microsoft.VisualStudio.TestTools.TestTypes.Unit.UnitTestAdapter, Microsoft.VisualStudio.QualityTools.Tips.UnitTest.Adapter</adapterTypeName><testMethod type="Microsoft.VisualStudio.TestTools.TestTypes.Unit.TestMethod, Microsoft.VisualStudio.QualityTools.Tips.UnitTest.ObjectModel, Version=8.0.0.0, Culture=neutral, PublicKeyToken=b03f5f7f11d50a3a"><className type="System.String">BrownShoe.UnitTests.Services.Orders.CustomerOrderServiceTest, BrownShoe.UnitTests, Version=1.0.0.0, Culture=neutral, PublicKeyToken=null</className><name type="System.String">ListRetailSiteReturnReasonsTest</name><expectedExceptionMessage type="System.String" /><isValid type="System.Boolean">False</isValid></testMethod><aspNetDevServers type="System.Collections.Generic.List`1[[Microsoft.VisualStudio.TestTools.Common.AspNetDevelopmentServer, Microsoft.VisualStudio.QualityTools.Common, Version=8.0.0.0, Culture=neutral, PublicKeyToken=b03f5f7f11d50a3a]]"><_size type="System.Int32">0</_size><_version type="System.Int32">0</_version></aspNetDevServers><dataAccessMethod type="Microsoft.VisualStudio.TestTools.UnitTesting.DataAccessMethod, Microsoft.VisualStudio.QualityTools.UnitTestFramework, Version=8.0.0.0, Culture=neutral, PublicKeyToken=b03f5f7f11d50a3a"><value__ type="System.Int32">0</value__></dataAccessMethod><cssProjectStructure type="System.String" /><isRunOnRestart type="System.Boolean">False</isRunOnRestart><timeOut type="System.Int32">0</timeOut><isGroupable type="System.Boolean">True</isGroupable><abortRunOnAgentFailure type="System.Boolean">False</abortRunOnAgentFailure><cssIteration type="System.String" /><workItemIds type="System.Collections.Generic.List`1[[System.Int32, mscorlib, Version=2.0.0.0, Culture=neutral, PublicKeyToken=b77a5c561934e089]]"><_size type="System.Int32">0</_size><_version type="System.Int32">1</_version></workItemIds><id type="Microsoft.VisualStudio.TestTools.Common.TestId"><id type="System.Guid">c8870ffe-9330-87df-54e6-9a1f7017c4c2</id></id><name type="System.String">ListRetailSiteReturnReasonsTest</name><description type="System.String" /><enabled type="System.Boolean">True</enabled><owner type="System.String" /><priority type="System.Int32">0</priority><executionId type="Microsoft.VisualStudio.TestTools.Common.TestExecId"><id type="System.Guid">00000000-0000-0000-0000-000000000000</id></executionId><parentExecutId type="Microsoft.VisualStudio.TestTools.Common.TestExecId"><id type="System.Guid">00000000-0000-0000-0000-000000000000</id></parentExecutId><deploymentItems type="Microsoft.VisualStudio.TestTools.Common.DeploymentItemCollection" /><agentAttributes type="System.Collections.Specialized.StringDictionary, System, Version=2.0.0.0, Culture=neutral, PublicKeyToken=b77a5c561934e089" /><storage type="System.String">e:\projects\brownshoe\unit_tests\product\src\brownshoe\testing\unittests\bin\brownshoe.unittests.dll</storage><m_nonRunnableReason type="System.String" /></value><key type="Microsoft.VisualStudio.TestTools.Common.TestId"><id type="System.Guid">6cdb9013-4f25-28d7-589b-c3ee352ad6f2</id></key><value type="Microsoft.VisualStudio.TestTools.TestTypes.Unit.UnitTestElement, Microsoft.VisualStudio.QualityTools.Tips.UnitTest.ObjectModel, Version=8.0.0.0, Culture=neutral, PublicKeyToken=b03f5f7f11d50a3a"><codeBase type="System.String">e:/projects/brownshoe/unit_tests/product/src/BrownShoe/Testing/UnitTests/bin/BrownShoe.UnitTests.DLL</codeBase><adapterTypeName type="System.String">Microsoft.VisualStudio.TestTools.TestTypes.Unit.UnitTestAdapter, Microsoft.VisualStudio.QualityTools.Tips.UnitTest.Adapter</adapterTypeName><testMethod type="Microsoft.VisualStudio.TestTools.TestTypes.Unit.TestMethod, Microsoft.VisualStudio.QualityTools.Tips.UnitTest.ObjectModel, Version=8.0.0.0, Culture=neutral, PublicKeyToken=b03f5f7f11d50a3a"><className type="System.String">BrownShoe.UnitTests.Services.DataAccess.SysMonDBTest, BrownShoe.UnitTests, Version=1.0.0.0, Culture=neutral, PublicKeyToken=null</className><name type="System.String">CheckAllocateDTCInvTest</name><expectedExceptionMessage type="System.String" /><isValid type="System.Boolean">False</isValid></testMethod><aspNetDevServers type="System.Collections.Generic.List`1[[Microsoft.VisualStudio.TestTools.Common.AspNetDevelopmentServer, Microsoft.VisualStudio.QualityTools.Common, Version=8.0.0.0, Culture=neutral, PublicKeyToken=b03f5f7f11d50a3a]]"><_size type="System.Int32">0</_size><_version type="System.Int32">0</_version></aspNetDevServers><dataAccessMethod type="Microsoft.VisualStudio.TestTools.UnitTesting.DataAccessMethod, Microsoft.VisualStudio.QualityTools.UnitTestFramework, Version=8.0.0.0, Culture=neutral, PublicKeyToken=b03f5f7f11d50a3a"><value__ type="System.Int32">0</value__></dataAccessMethod><cssProjectStructure type="System.String" /><isRunOnRestart type="System.Boolean">False</isRunOnRestart><timeOut type="System.Int32">0</timeOut><isGroupable type="System.Boolean">True</isGroupable><abortRunOnAgentFailure type="System.Boolean">False</abortRunOnAgentFailure><cssIteration type="System.String" /><workItemIds type="System.Collections.Generic.List`1[[System.Int32, mscorlib, Version=2.0.0.0, Culture=neutral, PublicKeyToken=b77a5c561934e089]]"><_size type="System.Int32">0</_size><_version type="System.Int32">1</_version></workItemIds><id type="Microsoft.VisualStudio.TestTools.Common.TestId"><id type="System.Guid">6cdb9013-4f25-28d7-589b-c3ee352ad6f2</id></id><name type="System.String">CheckAllocateDTCInvTest</name><description type="System.String" /><enabled type="System.Boolean">True</enabled><owner type="System.String" /><priority type="System.Int32">0</priority><executionId type="Microsoft.VisualStudio.TestTools.Common.TestExecId"><id type="System.Guid">00000000-0000-0000-0000-000000000000</id></executionId><parentExecutId type="Microsoft.VisualStudio.TestTools.Common.TestExecId"><id type="System.Guid">00000000-0000-0000-0000-000000000000</id></parentExecutId><deploymentItems type="Microsoft.VisualStudio.TestTools.Common.DeploymentItemCollection" /><agentAttributes type="System.Collections.Specialized.StringDictionary, System, Version=2.0.0.0, Culture=neutral, PublicKeyToken=b77a5c561934e089" /><storage type="System.String">e:\projects\brownshoe\unit_tests\product\src\brownshoe\testing\unittests\bin\brownshoe.unittests.dll</storage><m_nonRunnableReason type="System.String" /></value><key type="Microsoft.VisualStudio.TestTools.Common.TestId"><id type="System.Guid">92551c77-d96c-75d5-c1af-0701787bf9ac</id></key><value type="Microsoft.VisualStudio.TestTools.TestTypes.Unit.UnitTestElement, Microsoft.VisualStudio.QualityTools.Tips.UnitTest.ObjectModel, Version=8.0.0.0, Culture=neutral, PublicKeyToken=b03f5f7f11d50a3a"><codeBase type="System.String">e:/projects/brownshoe/unit_tests/product/src/BrownShoe/Testing/UnitTests/bin/BrownShoe.UnitTests.DLL</codeBase><adapterTypeName type="System.String">Microsoft.VisualStudio.TestTools.TestTypes.Unit.UnitTestAdapter, Microsoft.VisualStudio.QualityTools.Tips.UnitTest.Adapter</adapterTypeName><testMethod type="Microsoft.VisualStudio.TestTools.TestTypes.Unit.TestMethod, Microsoft.VisualStudio.QualityTools.Tips.UnitTest.ObjectModel, Version=8.0.0.0, Culture=neutral, PublicKeyToken=b03f5f7f11d50a3a"><className type="System.String">BrownShoe.UnitTests.Services.MarketingAdmin.MarketingAdminServiceTest, BrownShoe.UnitTests, Version=1.0.0.0, Culture=neutral, PublicKeyToken=null</className><name type="System.String">SearchTest</name><expectedExceptionMessage type="System.String" /><isValid type="System.Boolean">False</isValid></testMethod><aspNetDevServers type="System.Collections.Generic.List`1[[Microsoft.VisualStudio.TestTools.Common.AspNetDevelopmentServer, Microsoft.VisualStudio.QualityTools.Common, Version=8.0.0.0, Culture=neutral, PublicKeyToken=b03f5f7f11d50a3a]]"><_size type="System.Int32">0</_size><_version type="System.Int32">0</_version></aspNetDevServers><dataAccessMethod type="Microsoft.VisualStudio.TestTools.UnitTesting.DataAccessMethod, Microsoft.VisualStudio.QualityTools.UnitTestFramework, Version=8.0.0.0, Culture=neutral, PublicKeyToken=b03f5f7f11d50a3a"><value__ type="System.Int32">0</value__></dataAccessMethod><cssProjectStructure type="System.String" /><isRunOnRestart type="System.Boolean">False</isRunOnRestart><timeOut type="System.Int32">0</timeOut><isGroupable type="System.Boolean">True</isGroupable><abortRunOnAgentFailure type="System.Boolean">False</abortRunOnAgentFailure><cssIteration type="System.String" /><workItemIds type="System.Collections.Generic.List`1[[System.Int32, mscorlib, Version=2.0.0.0, Culture=neutral, PublicKeyToken=b77a5c561934e089]]"><_size type="System.Int32">0</_size><_version type="System.Int32">1</_version></workItemIds><id type="Microsoft.VisualStudio.TestTools.Common.TestId"><id type="System.Guid">92551c77-d96c-75d5-c1af-0701787bf9ac</id></id><name type="System.String">SearchTest</name><description type="System.String" /><enabled type="System.Boolean">True</enabled><owner type="System.String" /><priority type="System.Int32">0</priority><executionId type="Microsoft.VisualStudio.TestTools.Common.TestExecId"><id type="System.Guid">00000000-0000-0000-0000-000000000000</id></executionId><parentExecutId type="Microsoft.VisualStudio.TestTools.Common.TestExecId"><id type="System.Guid">00000000-0000-0000-0000-000000000000</id></parentExecutId><deploymentItems type="Microsoft.VisualStudio.TestTools.Common.DeploymentItemCollection" /><agentAttributes type="System.Collections.Specialized.StringDictionary, System, Version=2.0.0.0, Culture=neutral, PublicKeyToken=b77a5c561934e089" /><storage type="System.String">e:\projects\brownshoe\unit_tests\product\src\brownshoe\testing\unittests\bin\brownshoe.unittests.dll</storage><m_nonRunnableReason type="System.String" /></value><key type="Microsoft.VisualStudio.TestTools.Common.TestId"><id type="System.Guid">0dbf86a0-8d64-cf6a-4bdb-8a1bd994088a</id></key><value type="Microsoft.VisualStudio.TestTools.TestTypes.Unit.UnitTestElement, Microsoft.VisualStudio.QualityTools.Tips.UnitTest.ObjectModel, Version=8.0.0.0, Culture=neutral, PublicKeyToken=b03f5f7f11d50a3a"><codeBase type="System.String">e:/projects/brownshoe/unit_tests/product/src/BrownShoe/Testing/UnitTests/bin/BrownShoe.UnitTests.DLL</codeBase><adapterTypeName type="System.String">Microsoft.VisualStudio.TestTools.TestTypes.Unit.UnitTestAdapter, Microsoft.VisualStudio.QualityTools.Tips.UnitTest.Adapter</adapterTypeName><testMethod type="Microsoft.VisualStudio.TestTools.TestTypes.Unit.TestMethod, Microsoft.VisualStudio.QualityTools.Tips.UnitTest.ObjectModel, Version=8.0.0.0, Culture=neutral, PublicKeyToken=b03f5f7f11d50a3a"><className type="System.String">BrownShoe.UnitTests.Services.Madison.AddressServiceTest, BrownShoe.UnitTests, Version=1.0.0.0, Culture=neutral, PublicKeyToken=null</className><name type="System.String">PurgeTest</name><expectedExceptionMessage type="System.String" /><isValid type="System.Boolean">False</isValid></testMethod><aspNetDevServers type="System.Collections.Generic.List`1[[Microsoft.VisualStudio.TestTools.Common.AspNetDevelopmentServer, Microsoft.VisualStudio.QualityTools.Common, Version=8.0.0.0, Culture=neutral, PublicKeyToken=b03f5f7f11d50a3a]]"><_size type="System.Int32">0</_size><_version type="System.Int32">0</_version></aspNetDevServers><dataAccessMethod type="Microsoft.VisualStudio.TestTools.UnitTesting.DataAccessMethod, Microsoft.VisualStudio.QualityTools.UnitTestFramework, Version=8.0.0.0, Culture=neutral, PublicKeyToken=b03f5f7f11d50a3a"><value__ type="System.Int32">0</value__></dataAccessMethod><cssProjectStructure type="System.String" /><isRunOnRestart type="System.Boolean">False</isRunOnRestart><timeOut type="System.Int32">0</timeOut><isGroupable type="System.Boolean">True</isGroupable><abortRunOnAgentFailure type="System.Boolean">False</abortRunOnAgentFailure><cssIteration type="System.String" /><workItemIds type="System.Collections.Generic.List`1[[System.Int32, mscorlib, Version=2.0.0.0, Culture=neutral, PublicKeyToken=b77a5c561934e089]]"><_size type="System.Int32">0</_size><_version type="System.Int32">1</_version></workItemIds><id type="Microsoft.VisualStudio.TestTools.Common.TestId"><id type="System.Guid">0dbf86a0-8d64-cf6a-4bdb-8a1bd994088a</id></id><name type="System.String">PurgeTest</name><description type="System.String" /><enabled type="System.Boolean">True</enabled><owner type="System.String" /><priority type="System.Int32">0</priority><executionId type="Microsoft.VisualStudio.TestTools.Common.TestExecId"><id type="System.Guid">00000000-0000-0000-0000-000000000000</id></executionId><parentExecutId type="Microsoft.VisualStudio.TestTools.Common.TestExecId"><id type="System.Guid">00000000-0000-0000-0000-000000000000</id></parentExecutId><deploymentItems type="Microsoft.VisualStudio.TestTools.Common.DeploymentItemCollection" /><agentAttributes type="System.Collections.Specialized.StringDictionary, System, Version=2.0.0.0, Culture=neutral, PublicKeyToken=b77a5c561934e089" /><storage type="System.String">e:\projects\brownshoe\unit_tests\product\src\brownshoe\testing\unittests\bin\brownshoe.unittests.dll</storage><m_nonRunnableReason type="System.String" /></value><key type="Microsoft.VisualStudio.TestTools.Common.TestId"><id type="System.Guid">2861ea0b-2060-4fd4-84f9-cd7eb0b7a98a</id></key><value type="Microsoft.VisualStudio.TestTools.TestTypes.Unit.UnitTestElement, Microsoft.VisualStudio.QualityTools.Tips.UnitTest.ObjectModel, Version=8.0.0.0, Culture=neutral, PublicKeyToken=b03f5f7f11d50a3a"><codeBase type="System.String">e:/projects/brownshoe/unit_tests/product/src/BrownShoe/Testing/UnitTests/bin/BrownShoe.UnitTests.DLL</codeBase><adapterTypeName type="System.String">Microsoft.VisualStudio.TestTools.TestTypes.Unit.UnitTestAdapter, Microsoft.VisualStudio.QualityTools.Tips.UnitTest.Adapter</adapterTypeName><testMethod type="Microsoft.VisualStudio.TestTools.TestTypes.Unit.TestMethod, Microsoft.VisualStudio.QualityTools.Tips.UnitTest.ObjectModel, Version=8.0.0.0, Culture=neutral, PublicKeyToken=b03f5f7f11d50a3a"><className type="System.String">BrownShoe.UnitTests.Services.ContentManagement.CMServiceTest, BrownShoe.UnitTests, Version=1.0.0.0, Culture=neutral, PublicKeyToken=null</className><name type="System.String">GetContentPagesTest</name><expectedExceptionMessage type="System.String" /><isValid type="System.Boolean">False</isValid></testMethod><aspNetDevServers type="System.Collections.Generic.List`1[[Microsoft.VisualStudio.TestTools.Common.AspNetDevelopmentServer, Microsoft.VisualStudio.QualityTools.Common, Version=8.0.0.0, Culture=neutral, PublicKeyToken=b03f5f7f11d50a3a]]"><_size type="System.Int32">0</_size><_version type="System.Int32">0</_version></aspNetDevServers><dataAccessMethod type="Microsoft.VisualStudio.TestTools.UnitTesting.DataAccessMethod, Microsoft.VisualStudio.QualityTools.UnitTestFramework, Version=8.0.0.0, Culture=neutral, PublicKeyToken=b03f5f7f11d50a3a"><value__ type="System.Int32">0</value__></dataAccessMethod><cssProjectStructure type="System.String" /><isRunOnRestart type="System.Boolean">False</isRunOnRestart><timeOut type="System.Int32">0</timeOut><isGroupable type="System.Boolean">True</isGroupable><abortRunOnAgentFailure type="System.Boolean">False</abortRunOnAgentFailure><cssIteration type="System.String" /><workItemIds type="System.Collections.Generic.List`1[[System.Int32, mscorlib, Version=2.0.0.0, Culture=neutral, PublicKeyToken=b77a5c561934e089]]"><_size type="System.Int32">0</_size><_version type="System.Int32">1</_version></workItemIds><id type="Microsoft.VisualStudio.TestTools.Common.TestId"><id type="System.Guid">2861ea0b-2060-4fd4-84f9-cd7eb0b7a98a</id></id><name type="System.String">GetContentPagesTest</name><description type="System.String" /><enabled type="System.Boolean">True</enabled><owner type="System.String" /><priority type="System.Int32">0</priority><executionId type="Microsoft.VisualStudio.TestTools.Common.TestExecId"><id type="System.Guid">00000000-0000-0000-0000-000000000000</id></executionId><parentExecutId type="Microsoft.VisualStudio.TestTools.Common.TestExecId"><id type="System.Guid">00000000-0000-0000-0000-000000000000</id></parentExecutId><deploymentItems type="Microsoft.VisualStudio.TestTools.Common.DeploymentItemCollection" /><agentAttributes type="System.Collections.Specialized.StringDictionary, System, Version=2.0.0.0, Culture=neutral, PublicKeyToken=b77a5c561934e089" /><storage type="System.String">e:\projects\brownshoe\unit_tests\product\src\brownshoe\testing\unittests\bin\brownshoe.unittests.dll</storage><m_nonRunnableReason type="System.String" /></value><key type="Microsoft.VisualStudio.TestTools.Common.TestId"><id type="System.Guid">4d7a76f4-12d3-f91e-3b5f-366a4fc97576</id></key><value type="Microsoft.VisualStudio.TestTools.TestTypes.Unit.UnitTestElement, Microsoft.VisualStudio.QualityTools.Tips.UnitTest.ObjectModel, Version=8.0.0.0, Culture=neutral, PublicKeyToken=b03f5f7f11d50a3a"><codeBase type="System.String">e:/projects/brownshoe/unit_tests/product/src/BrownShoe/Testing/UnitTests/bin/BrownShoe.UnitTests.DLL</codeBase><adapterTypeName type="System.String">Microsoft.VisualStudio.TestTools.TestTypes.Unit.UnitTestAdapter, Microsoft.VisualStudio.QualityTools.Tips.UnitTest.Adapter</adapterTypeName><testMethod type="Microsoft.VisualStudio.TestTools.TestTypes.Unit.TestMethod, Microsoft.VisualStudio.QualityTools.Tips.UnitTest.ObjectModel, Version=8.0.0.0, Culture=neutral, PublicKeyToken=b03f5f7f11d50a3a"><className type="System.String">BrownShoe.UnitTests.Services.Catalog.CatalogServiceTest, BrownShoe.UnitTests, Version=1.0.0.0, Culture=neutral, PublicKeyToken=null</className><name type="System.String">ConvertToUSTest</name><expectedExceptionMessage type="System.String" /><isValid type="System.Boolean">False</isValid></testMethod><aspNetDevServers type="System.Collections.Generic.List`1[[Microsoft.VisualStudio.TestTools.Common.AspNetDevelopmentServer, Microsoft.VisualStudio.QualityTools.Common, Version=8.0.0.0, Culture=neutral, PublicKeyToken=b03f5f7f11d50a3a]]"><_size type="System.Int32">0</_size><_version type="System.Int32">0</_version></aspNetDevServers><dataAccessMethod type="Microsoft.VisualStudio.TestTools.UnitTesting.DataAccessMethod, Microsoft.VisualStudio.QualityTools.UnitTestFramework, Version=8.0.0.0, Culture=neutral, PublicKeyToken=b03f5f7f11d50a3a"><value__ type="System.Int32">0</value__></dataAccessMethod><cssProjectStructure type="System.String" /><isRunOnRestart type="System.Boolean">False</isRunOnRestart><timeOut type="System.Int32">0</timeOut><isGroupable type="System.Boolean">True</isGroupable><abortRunOnAgentFailure type="System.Boolean">False</abortRunOnAgentFailure><cssIteration type="System.String" /><workItemIds type="System.Collections.Generic.List`1[[System.Int32, mscorlib, Version=2.0.0.0, Culture=neutral, PublicKeyToken=b77a5c561934e089]]"><_size type="System.Int32">0</_size><_version type="System.Int32">1</_version></workItemIds><id type="Microsoft.VisualStudio.TestTools.Common.TestId"><id type="System.Guid">4d7a76f4-12d3-f91e-3b5f-366a4fc97576</id></id><name type="System.String">ConvertToUSTest</name><description type="System.String" /><enabled type="System.Boolean">True</enabled><owner type="System.String" /><priority type="System.Int32">0</priority><executionId type="Microsoft.VisualStudio.TestTools.Common.TestExecId"><id type="System.Guid">00000000-0000-0000-0000-000000000000</id></executionId><parentExecutId type="Microsoft.VisualStudio.TestTools.Common.TestExecId"><id type="System.Guid">00000000-0000-0000-0000-000000000000</id></parentExecutId><deploymentItems type="Microsoft.VisualStudio.TestTools.Common.DeploymentItemCollection" /><agentAttributes type="System.Collections.Specialized.StringDictionary, System, Version=2.0.0.0, Culture=neutral, PublicKeyToken=b77a5c561934e089" /><storage type="System.String">e:\projects\brownshoe\unit_tests\product\src\brownshoe\testing\unittests\bin\brownshoe.unittests.dll</storage><m_nonRunnableReason type="System.String" /></value><key type="Microsoft.VisualStudio.TestTools.Common.TestId"><id type="System.Guid">c567de29-28b2-3141-a467-67033f11d97e</id></key><value type="Microsoft.VisualStudio.TestTools.TestTypes.Unit.UnitTestElement, Microsoft.VisualStudio.QualityTools.Tips.UnitTest.ObjectModel, Version=8.0.0.0, Culture=neutral, PublicKeyToken=b03f5f7f11d50a3a"><codeBase type="System.String">e:/projects/brownshoe/unit_tests/product/src/BrownShoe/Testing/UnitTests/bin/BrownShoe.UnitTests.DLL</codeBase><adapterTypeName type="System.String">Microsoft.VisualStudio.TestTools.TestTypes.Unit.UnitTestAdapter, Microsoft.VisualStudio.QualityTools.Tips.UnitTest.Adapter</adapterTypeName><testMethod type="Microsoft.VisualStudio.TestTools.TestTypes.Unit.TestMethod, Microsoft.VisualStudio.QualityTools.Tips.UnitTest.ObjectModel, Version=8.0.0.0, Culture=neutral, PublicKeyToken=b03f5f7f11d50a3a"><className type="System.String">BrownShoe.UnitTests.Services.Catalog.CategorySearchTest, BrownShoe.UnitTests, Version=1.0.0.0, Culture=neutral, PublicKeyToken=null</className><name type="System.String">SearchTest</name><expectedExceptionMessage type="System.String" /><isValid type="System.Boolean">False</isValid></testMethod><aspNetDevServers type="System.Collections.Generic.List`1[[Microsoft.VisualStudio.TestTools.Common.AspNetDevelopmentServer, Microsoft.VisualStudio.QualityTools.Common, Version=8.0.0.0, Culture=neutral, PublicKeyToken=b03f5f7f11d50a3a]]"><_size type="System.Int32">0</_size><_version type="System.Int32">0</_version></aspNetDevServers><dataAccessMethod type="Microsoft.VisualStudio.TestTools.UnitTesting.DataAccessMethod, Microsoft.VisualStudio.QualityTools.UnitTestFramework, Version=8.0.0.0, Culture=neutral, PublicKeyToken=b03f5f7f11d50a3a"><value__ type="System.Int32">0</value__></dataAccessMethod><cssProjectStructure type="System.String" /><isRunOnRestart type="System.Boolean">False</isRunOnRestart><timeOut type="System.Int32">0</timeOut><isGroupable type="System.Boolean">True</isGroupable><abortRunOnAgentFailure type="System.Boolean">False</abortRunOnAgentFailure><cssIteration type="System.String" /><workItemIds type="System.Collections.Generic.List`1[[System.Int32, mscorlib, Version=2.0.0.0, Culture=neutral, PublicKeyToken=b77a5c561934e089]]"><_size type="System.Int32">0</_size><_version type="System.Int32">1</_version></workItemIds><id type="Microsoft.VisualStudio.TestTools.Common.TestId"><id type="System.Guid">c567de29-28b2-3141-a467-67033f11d97e</id></id><name type="System.String">SearchTest</name><description type="System.String" /><enabled type="System.Boolean">True</enabled><owner type="System.String" /><priority type="System.Int32">0</priority><executionId type="Microsoft.VisualStudio.TestTools.Common.TestExecId"><id type="System.Guid">00000000-0000-0000-0000-000000000000</id></executionId><parentExecutId type="Microsoft.VisualStudio.TestTools.Common.TestExecId"><id type="System.Guid">00000000-0000-0000-0000-000000000000</id></parentExecutId><deploymentItems type="Microsoft.VisualStudio.TestTools.Common.DeploymentItemCollection" /><agentAttributes type="System.Collections.Specialized.StringDictionary, System, Version=2.0.0.0, Culture=neutral, PublicKeyToken=b77a5c561934e089" /><storage type="System.String">e:\projects\brownshoe\unit_tests\product\src\brownshoe\testing\unittests\bin\brownshoe.unittests.dll</storage><m_nonRunnableReason type="System.String" /></value><key type="Microsoft.VisualStudio.TestTools.Common.TestId"><id type="System.Guid">3f56505f-614c-061a-dbe9-81d4a0264e8b</id></key><value type="Microsoft.VisualStudio.TestTools.TestTypes.Unit.UnitTestElement, Microsoft.VisualStudio.QualityTools.Tips.UnitTest.ObjectModel, Version=8.0.0.0, Culture=neutral, PublicKeyToken=b03f5f7f11d50a3a"><codeBase type="System.String">e:/projects/brownshoe/unit_tests/product/src/BrownShoe/Testing/UnitTests/bin/BrownShoe.UnitTests.DLL</codeBase><adapterTypeName type="System.String">Microsoft.VisualStudio.TestTools.TestTypes.Unit.UnitTestAdapter, Microsoft.VisualStudio.QualityTools.Tips.UnitTest.Adapter</adapterTypeName><testMethod type="Microsoft.VisualStudio.TestTools.TestTypes.Unit.TestMethod, Microsoft.VisualStudio.QualityTools.Tips.UnitTest.ObjectModel, Version=8.0.0.0, Culture=neutral, PublicKeyToken=b03f5f7f11d50a3a"><className type="System.String">BrownShoe.UnitTests.Services.Profiles.CustomerServiceTest, BrownShoe.UnitTests, Version=1.0.0.0, Culture=neutral, PublicKeyToken=null</className><name type="System.String">UpdateTest</name><expectedExceptionMessage type="System.String" /><isValid type="System.Boolean">False</isValid></testMethod><aspNetDevServers type="System.Collections.Generic.List`1[[Microsoft.VisualStudio.TestTools.Common.AspNetDevelopmentServer, Microsoft.VisualStudio.QualityTools.Common, Version=8.0.0.0, Culture=neutral, PublicKeyToken=b03f5f7f11d50a3a]]"><_size type="System.Int32">0</_size><_version type="System.Int32">0</_version></aspNetDevServers><dataAccessMethod type="Microsoft.VisualStudio.TestTools.UnitTesting.DataAccessMethod, Microsoft.VisualStudio.QualityTools.UnitTestFramework, Version=8.0.0.0, Culture=neutral, PublicKeyToken=b03f5f7f11d50a3a"><value__ type="System.Int32">0</value__></dataAccessMethod><cssProjectStructure type="System.String" /><isRunOnRestart type="System.Boolean">False</isRunOnRestart><timeOut type="System.Int32">0</timeOut><isGroupable type="System.Boolean">True</isGroupable><abortRunOnAgentFailure type="System.Boolean">False</abortRunOnAgentFailure><cssIteration type="System.String" /><workItemIds type="System.Collections.Generic.List`1[[System.Int32, mscorlib, Version=2.0.0.0, Culture=neutral, PublicKeyToken=b77a5c561934e089]]"><_size type="System.Int32">0</_size><_version type="System.Int32">1</_version></workItemIds><id type="Microsoft.VisualStudio.TestTools.Common.TestId"><id type="System.Guid">3f56505f-614c-061a-dbe9-81d4a0264e8b</id></id><name type="System.String">UpdateTest</name><description type="System.String" /><enabled type="System.Boolean">True</enabled><owner type="System.String" /><priority type="System.Int32">0</priority><executionId type="Microsoft.VisualStudio.TestTools.Common.TestExecId"><id type="System.Guid">00000000-0000-0000-0000-000000000000</id></executionId><parentExecutId type="Microsoft.VisualStudio.TestTools.Common.TestExecId"><id type="System.Guid">00000000-0000-0000-0000-000000000000</id></parentExecutId><deploymentItems type="Microsoft.VisualStudio.TestTools.Common.DeploymentItemCollection" /><agentAttributes type="System.Collections.Specialized.StringDictionary, System, Version=2.0.0.0, Culture=neutral, PublicKeyToken=b77a5c561934e089" /><storage type="System.String">e:\projects\brownshoe\unit_tests\product\src\brownshoe\testing\unittests\bin\brownshoe.unittests.dll</storage><m_nonRunnableReason type="System.String" /></value><key type="Microsoft.VisualStudio.TestTools.Common.TestId"><id type="System.Guid">a0f7441a-23ec-27ad-fdbe-3bc8738293ab</id></key><value type="Microsoft.VisualStudio.TestTools.TestTypes.Unit.UnitTestElement, Microsoft.VisualStudio.QualityTools.Tips.UnitTest.ObjectModel, Version=8.0.0.0, Culture=neutral, PublicKeyToken=b03f5f7f11d50a3a"><codeBase type="System.String">e:/projects/brownshoe/unit_tests/product/src/BrownShoe/Testing/UnitTests/bin/BrownShoe.UnitTests.DLL</codeBase><adapterTypeName type="System.String">Microsoft.VisualStudio.TestTools.TestTypes.Unit.UnitTestAdapter, Microsoft.VisualStudio.QualityTools.Tips.UnitTest.Adapter</adapterTypeName><testMethod type="Microsoft.VisualStudio.TestTools.TestTypes.Unit.TestMethod, Microsoft.VisualStudio.QualityTools.Tips.UnitTest.ObjectModel, Version=8.0.0.0, Culture=neutral, PublicKeyToken=b03f5f7f11d50a3a"><className type="System.String">BrownShoe.UnitTests.NaturalizerShippingCalculatorTest, BrownShoe.UnitTests, Version=1.0.0.0, Culture=neutral, PublicKeyToken=null</className><name type="System.String">CalculateShippingTestNonContinentalOverFreeCutoff</name><expectedExceptionMessage type="System.String" /><isValid type="System.Boolean">False</isValid></testMethod><aspNetDevServers type="System.Collections.Generic.List`1[[Microsoft.VisualStudio.TestTools.Common.AspNetDevelopmentServer, Microsoft.VisualStudio.QualityTools.Common, Version=8.0.0.0, Culture=neutral, PublicKeyToken=b03f5f7f11d50a3a]]"><_size type="System.Int32">0</_size><_version type="System.Int32">0</_version></aspNetDevServers><dataAccessMethod type="Microsoft.VisualStudio.TestTools.UnitTesting.DataAccessMethod, Microsoft.VisualStudio.QualityTools.UnitTestFramework, Version=8.0.0.0, Culture=neutral, PublicKeyToken=b03f5f7f11d50a3a"><value__ type="System.Int32">0</value__></dataAccessMethod><cssProjectStructure type="System.String" /><isRunOnRestart type="System.Boolean">False</isRunOnRestart><timeOut type="System.Int32">0</timeOut><isGroupable type="System.Boolean">True</isGroupable><abortRunOnAgentFailure type="System.Boolean">False</abortRunOnAgentFailure><cssIteration type="System.String" /><workItemIds type="System.Collections.Generic.List`1[[System.Int32, mscorlib, Version=2.0.0.0, Culture=neutral, PublicKeyToken=b77a5c561934e089]]"><_size type="System.Int32">0</_size><_version type="System.Int32">1</_version></workItemIds><id type="Microsoft.VisualStudio.TestTools.Common.TestId"><id type="System.Guid">a0f7441a-23ec-27ad-fdbe-3bc8738293ab</id></id><name type="System.String">CalculateShippingTestNonContinentalOverFreeCutoff</name><description type="System.String" /><enabled type="System.Boolean">True</enabled><owner type="System.String" /><priority type="System.Int32">0</priority><executionId type="Microsoft.VisualStudio.TestTools.Common.TestExecId"><id type="System.Guid">00000000-0000-0000-0000-000000000000</id></executionId><parentExecutId type="Microsoft.VisualStudio.TestTools.Common.TestExecId"><id type="System.Guid">00000000-0000-0000-0000-000000000000</id></parentExecutId><deploymentItems type="Microsoft.VisualStudio.TestTools.Common.DeploymentItemCollection"><m_container type="System.Collections.Hashtable"><key type="Microsoft.VisualStudio.TestTools.Common.DeploymentItem"><path type="System.String">BrownShippingMethodPipeline.dll</path><outputDirectory type="System.String" /></key><value /></m_container></deploymentItems><agentAttributes type="System.Collections.Specialized.StringDictionary, System, Version=2.0.0.0, Culture=neutral, PublicKeyToken=b77a5c561934e089" /><storage type="System.String">e:\projects\brownshoe\unit_tests\product\src\brownshoe\testing\unittests\bin\brownshoe.unittests.dll</storage><m_nonRunnableReason type="System.String" /></value><key type="Microsoft.VisualStudio.TestTools.Common.TestId"><id type="System.Guid">7981b0c2-db66-9dd0-b81c-988cf04c1c24</id></key><value type="Microsoft.VisualStudio.TestTools.TestTypes.Unit.UnitTestElement, Microsoft.VisualStudio.QualityTools.Tips.UnitTest.ObjectModel, Version=8.0.0.0, Culture=neutral, PublicKeyToken=b03f5f7f11d50a3a"><codeBase type="System.String">e:/projects/brownshoe/unit_tests/product/src/BrownShoe/Testing/UnitTests/bin/BrownShoe.UnitTests.DLL</codeBase><adapterTypeName type="System.String">Microsoft.VisualStudio.TestTools.TestTypes.Unit.UnitTestAdapter, Microsoft.VisualStudio.QualityTools.Tips.UnitTest.Adapter</adapterTypeName><testMethod type="Microsoft.VisualStudio.TestTools.TestTypes.Unit.TestMethod, Microsoft.VisualStudio.QualityTools.Tips.UnitTest.ObjectModel, Version=8.0.0.0, Culture=neutral, PublicKeyToken=b03f5f7f11d50a3a"><className type="System.String">BrownShoe.UnitTests.Services.Orders.CheckoutServiceTest, BrownShoe.UnitTests, Version=1.0.0.0, Culture=neutral, PublicKeyToken=null</className><name type="System.String">SubmitOrderTest</name><expectedExceptionMessage type="System.String" /><isValid type="System.Boolean">False</isValid></testMethod><aspNetDevServers type="System.Collections.Generic.List`1[[Microsoft.VisualStudio.TestTools.Common.AspNetDevelopmentServer, Microsoft.VisualStudio.QualityTools.Common, Version=8.0.0.0, Culture=neutral, PublicKeyToken=b03f5f7f11d50a3a]]"><_size type="System.Int32">0</_size><_version type="System.Int32">0</_version></aspNetDevServers><dataAccessMethod type="Microsoft.VisualStudio.TestTools.UnitTesting.DataAccessMethod, Microsoft.VisualStudio.QualityTools.UnitTestFramework, Version=8.0.0.0, Culture=neutral, PublicKeyToken=b03f5f7f11d50a3a"><value__ type="System.Int32">0</value__></dataAccessMethod><cssProjectStructure type="System.String" /><isRunOnRestart type="System.Boolean">False</isRunOnRestart><timeOut type="System.Int32">0</timeOut><isGroupable type="System.Boolean">True</isGroupable><abortRunOnAgentFailure type="System.Boolean">False</abortRunOnAgentFailure><cssIteration type="System.String" /><workItemIds type="System.Collections.Generic.List`1[[System.Int32, mscorlib, Version=2.0.0.0, Culture=neutral, PublicKeyToken=b77a5c561934e089]]"><_size type="System.Int32">0</_size><_version type="System.Int32">1</_version></workItemIds><id type="Microsoft.VisualStudio.TestTools.Common.TestId"><id type="System.Guid">7981b0c2-db66-9dd0-b81c-988cf04c1c24</id></id><name type="System.String">SubmitOrderTest</name><description type="System.String" /><enabled type="System.Boolean">True</enabled><owner type="System.String" /><priority type="System.Int32">0</priority><executionId type="Microsoft.VisualStudio.TestTools.Common.TestExecId"><id type="System.Guid">00000000-0000-0000-0000-000000000000</id></executionId><parentExecutId type="Microsoft.VisualStudio.TestTools.Common.TestExecId"><id type="System.Guid">00000000-0000-0000-0000-000000000000</id></parentExecutId><deploymentItems type="Microsoft.VisualStudio.TestTools.Common.DeploymentItemCollection" /><agentAttributes type="System.Collections.Specialized.StringDictionary, System, Version=2.0.0.0, Culture=neutral, PublicKeyToken=b77a5c561934e089" /><storage type="System.String">e:\projects\brownshoe\unit_tests\product\src\brownshoe\testing\unittests\bin\brownshoe.unittests.dll</storage><m_nonRunnableReason type="System.String" /></value><key type="Microsoft.VisualStudio.TestTools.Common.TestId"><id type="System.Guid">d1eb8757-a596-201a-3414-bbcb6e2d5e2f</id></key><value type="Microsoft.VisualStudio.TestTools.TestTypes.Unit.UnitTestElement, Microsoft.VisualStudio.QualityTools.Tips.UnitTest.ObjectModel, Version=8.0.0.0, Culture=neutral, PublicKeyToken=b03f5f7f11d50a3a"><codeBase type="System.String">e:/projects/brownshoe/unit_tests/product/src/BrownShoe/Testing/UnitTests/bin/BrownShoe.UnitTests.DLL</codeBase><adapterTypeName type="System.String">Microsoft.VisualStudio.TestTools.TestTypes.Unit.UnitTestAdapter, Microsoft.VisualStudio.QualityTools.Tips.UnitTest.Adapter</adapterTypeName><testMethod type="Microsoft.VisualStudio.TestTools.TestTypes.Unit.TestMethod, Microsoft.VisualStudio.QualityTools.Tips.UnitTest.ObjectModel, Version=8.0.0.0, Culture=neutral, PublicKeyToken=b03f5f7f11d50a3a"><className type="System.String">BrownShoe.UnitTests.DefaultShippingCalculatorTest, BrownShoe.UnitTests, Version=1.0.0.0, Culture=neutral, PublicKeyToken=null</className><name type="System.String">CalculateShippingNonContinentalUPS2ndDayTest</name><expectedExceptionMessage type="System.String" /><isValid type="System.Boolean">False</isValid></testMethod><aspNetDevServers type="System.Collections.Generic.List`1[[Microsoft.VisualStudio.TestTools.Common.AspNetDevelopmentServer, Microsoft.VisualStudio.QualityTools.Common, Version=8.0.0.0, Culture=neutral, PublicKeyToken=b03f5f7f11d50a3a]]"><_size type="System.Int32">0</_size><_version type="System.Int32">0</_version></aspNetDevServers><dataAccessMethod type="Microsoft.VisualStudio.TestTools.UnitTesting.DataAccessMethod, Microsoft.VisualStudio.QualityTools.UnitTestFramework, Version=8.0.0.0, Culture=neutral, PublicKeyToken=b03f5f7f11d50a3a"><value__ type="System.Int32">0</value__></dataAccessMethod><cssProjectStructure type="System.String" /><isRunOnRestart type="System.Boolean">False</isRunOnRestart><timeOut type="System.Int32">0</timeOut><isGroupable type="System.Boolean">True</isGroupable><abortRunOnAgentFailure type="System.Boolean">False</abortRunOnAgentFailure><cssIteration type="System.String" /><workItemIds type="System.Collections.Generic.List`1[[System.Int32, mscorlib, Version=2.0.0.0, Culture=neutral, PublicKeyToken=b77a5c561934e089]]"><_size type="System.Int32">0</_size><_version type="System.Int32">1</_version></workItemIds><id type="Microsoft.VisualStudio.TestTools.Common.TestId"><id type="System.Guid">d1eb8757-a596-201a-3414-bbcb6e2d5e2f</id></id><name type="System.String">CalculateShippingNonContinentalUPS2ndDayTest</name><description type="System.String" /><enabled type="System.Boolean">True</enabled><owner type="System.String" /><priority type="System.Int32">0</priority><executionId type="Microsoft.VisualStudio.TestTools.Common.TestExecId"><id type="System.Guid">00000000-0000-0000-0000-000000000000</id></executionId><parentExecutId type="Microsoft.VisualStudio.TestTools.Common.TestExecId"><id type="System.Guid">00000000-0000-0000-0000-000000000000</id></parentExecutId><deploymentItems type="Microsoft.VisualStudio.TestTools.Common.DeploymentItemCollection" /><agentAttributes type="System.Collections.Specialized.StringDictionary, System, Version=2.0.0.0, Culture=neutral, PublicKeyToken=b77a5c561934e089" /><storage type="System.String">e:\projects\brownshoe\unit_tests\product\src\brownshoe\testing\unittests\bin\brownshoe.unittests.dll</storage><m_nonRunnableReason type="System.String" /></value><key type="Microsoft.VisualStudio.TestTools.Common.TestId"><id type="System.Guid">51df9fe3-81a5-f25f-0029-36148e21e87c</id></key><value type="Microsoft.VisualStudio.TestTools.TestTypes.Unit.UnitTestElement, Microsoft.VisualStudio.QualityTools.Tips.UnitTest.ObjectModel, Version=8.0.0.0, Culture=neutral, PublicKeyToken=b03f5f7f11d50a3a"><codeBase type="System.String">e:/projects/brownshoe/unit_tests/product/src/BrownShoe/Testing/UnitTests/bin/BrownShoe.UnitTests.DLL</codeBase><adapterTypeName type="System.String">Microsoft.VisualStudio.TestTools.TestTypes.Unit.UnitTestAdapter, Microsoft.VisualStudio.QualityTools.Tips.UnitTest.Adapter</adapterTypeName><testMethod type="Microsoft.VisualStudio.TestTools.TestTypes.Unit.TestMethod, Microsoft.VisualStudio.QualityTools.Tips.UnitTest.ObjectModel, Version=8.0.0.0, Culture=neutral, PublicKeyToken=b03f5f7f11d50a3a"><className type="System.String">BrownShoe.UnitTests.Services.Profiles.ProfileServiceTest, BrownShoe.UnitTests, Version=1.0.0.0, Culture=neutral, PublicKeyToken=null</className><name type="System.String">GetAddressListTest</name><expectedExceptionMessage type="System.String" /><isValid type="System.Boolean">False</isValid></testMethod><aspNetDevServers type="System.Collections.Generic.List`1[[Microsoft.VisualStudio.TestTools.Common.AspNetDevelopmentServer, Microsoft.VisualStudio.QualityTools.Common, Version=8.0.0.0, Culture=neutral, PublicKeyToken=b03f5f7f11d50a3a]]"><_size type="System.Int32">0</_size><_version type="System.Int32">0</_version></aspNetDevServers><dataAccessMethod type="Microsoft.VisualStudio.TestTools.UnitTesting.DataAccessMethod, Microsoft.VisualStudio.QualityTools.UnitTestFramework, Version=8.0.0.0, Culture=neutral, PublicKeyToken=b03f5f7f11d50a3a"><value__ type="System.Int32">0</value__></dataAccessMethod><cssProjectStructure type="System.String" /><isRunOnRestart type="System.Boolean">False</isRunOnRestart><timeOut type="System.Int32">0</timeOut><isGroupable type="System.Boolean">True</isGroupable><abortRunOnAgentFailure type="System.Boolean">False</abortRunOnAgentFailure><cssIteration type="System.String" /><workItemIds type="System.Collections.Generic.List`1[[System.Int32, mscorlib, Version=2.0.0.0, Culture=neutral, PublicKeyToken=b77a5c561934e089]]"><_size type="System.Int32">0</_size><_version type="System.Int32">1</_version></workItemIds><id type="Microsoft.VisualStudio.TestTools.Common.TestId"><id type="System.Guid">51df9fe3-81a5-f25f-0029-36148e21e87c</id></id><name type="System.String">GetAddressListTest</name><description type="System.String" /><enabled type="System.Boolean">True</enabled><owner type="System.String" /><priority type="System.Int32">0</priority><executionId type="Microsoft.VisualStudio.TestTools.Common.TestExecId"><id type="System.Guid">00000000-0000-0000-0000-000000000000</id></executionId><parentExecutId type="Microsoft.VisualStudio.TestTools.Common.TestExecId"><id type="System.Guid">00000000-0000-0000-0000-000000000000</id></parentExecutId><deploymentItems type="Microsoft.VisualStudio.TestTools.Common.DeploymentItemCollection" /><agentAttributes type="System.Collections.Specialized.StringDictionary, System, Version=2.0.0.0, Culture=neutral, PublicKeyToken=b77a5c561934e089" /><storage type="System.String">e:\projects\brownshoe\unit_tests\product\src\brownshoe\testing\unittests\bin\brownshoe.unittests.dll</storage><m_nonRunnableReason type="System.String" /></value><key type="Microsoft.VisualStudio.TestTools.Common.TestId"><id type="System.Guid">e8ed8db3-5594-e972-e39f-255ec62baa43</id></key><value type="Microsoft.VisualStudio.TestTools.TestTypes.Unit.UnitTestElement, Microsoft.VisualStudio.QualityTools.Tips.UnitTest.ObjectModel, Version=8.0.0.0, Culture=neutral, PublicKeyToken=b03f5f7f11d50a3a"><codeBase type="System.String">e:/projects/brownshoe/unit_tests/product/src/BrownShoe/Testing/UnitTests/bin/BrownShoe.UnitTests.DLL</codeBase><adapterTypeName type="System.String">Microsoft.VisualStudio.TestTools.TestTypes.Unit.UnitTestAdapter, Microsoft.VisualStudio.QualityTools.Tips.UnitTest.Adapter</adapterTypeName><testMethod type="Microsoft.VisualStudio.TestTools.TestTypes.Unit.TestMethod, Microsoft.VisualStudio.QualityTools.Tips.UnitTest.ObjectModel, Version=8.0.0.0, Culture=neutral, PublicKeyToken=b03f5f7f11d50a3a"><className type="System.String">BrownShoe.UnitTests.Services.Madison.StoreLocationTest, BrownShoe.UnitTests, Version=1.0.0.0, Culture=neutral, PublicKeyToken=null</className><name type="System.String">TelephoneTest</name><expectedExceptionMessage type="System.String" /><isValid type="System.Boolean">False</isValid></testMethod><aspNetDevServers type="System.Collections.Generic.List`1[[Microsoft.VisualStudio.TestTools.Common.AspNetDevelopmentServer, Microsoft.VisualStudio.QualityTools.Common, Version=8.0.0.0, Culture=neutral, PublicKeyToken=b03f5f7f11d50a3a]]"><_size type="System.Int32">0</_size><_version type="System.Int32">0</_version></aspNetDevServers><dataAccessMethod type="Microsoft.VisualStudio.TestTools.UnitTesting.DataAccessMethod, Microsoft.VisualStudio.QualityTools.UnitTestFramework, Version=8.0.0.0, Culture=neutral, PublicKeyToken=b03f5f7f11d50a3a"><value__ type="System.Int32">0</value__></dataAccessMethod><cssProjectStructure type="System.String" /><isRunOnRestart type="System.Boolean">False</isRunOnRestart><timeOut type="System.Int32">0</timeOut><isGroupable type="System.Boolean">True</isGroupable><abortRunOnAgentFailure type="System.Boolean">False</abortRunOnAgentFailure><cssIteration type="System.String" /><workItemIds type="System.Collections.Generic.List`1[[System.Int32, mscorlib, Version=2.0.0.0, Culture=neutral, PublicKeyToken=b77a5c561934e089]]"><_size type="System.Int32">0</_size><_version type="System.Int32">1</_version></workItemIds><id type="Microsoft.VisualStudio.TestTools.Common.TestId"><id type="System.Guid">e8ed8db3-5594-e972-e39f-255ec62baa43</id></id><name type="System.String">TelephoneTest</name><description type="System.String" /><enabled type="System.Boolean">True</enabled><owner type="System.String" /><priority type="System.Int32">0</priority><executionId type="Microsoft.VisualStudio.TestTools.Common.TestExecId"><id type="System.Guid">00000000-0000-0000-0000-000000000000</id></executionId><parentExecutId type="Microsoft.VisualStudio.TestTools.Common.TestExecId"><id type="System.Guid">00000000-0000-0000-0000-000000000000</id></parentExecutId><deploymentItems type="Microsoft.VisualStudio.TestTools.Common.DeploymentItemCollection" /><agentAttributes type="System.Collections.Specialized.StringDictionary, System, Version=2.0.0.0, Culture=neutral, PublicKeyToken=b77a5c561934e089" /><storage type="System.String">e:\projects\brownshoe\unit_tests\product\src\brownshoe\testing\unittests\bin\brownshoe.unittests.dll</storage><m_nonRunnableReason type="System.String" /></value><key type="Microsoft.VisualStudio.TestTools.Common.TestId"><id type="System.Guid">53485f8c-20c8-e957-b3c0-beb4e64eddcb</id></key><value type="Microsoft.VisualStudio.TestTools.TestTypes.Unit.UnitTestElement, Microsoft.VisualStudio.QualityTools.Tips.UnitTest.ObjectModel, Version=8.0.0.0, Culture=neutral, PublicKeyToken=b03f5f7f11d50a3a"><codeBase type="System.String">e:/projects/brownshoe/unit_tests/product/src/BrownShoe/Testing/UnitTests/bin/BrownShoe.UnitTests.DLL</codeBase><adapterTypeName type="System.String">Microsoft.VisualStudio.TestTools.TestTypes.Unit.UnitTestAdapter, Microsoft.VisualStudio.QualityTools.Tips.UnitTest.Adapter</adapterTypeName><testMethod type="Microsoft.VisualStudio.TestTools.TestTypes.Unit.TestMethod, Microsoft.VisualStudio.QualityTools.Tips.UnitTest.ObjectModel, Version=8.0.0.0, Culture=neutral, PublicKeyToken=b03f5f7f11d50a3a"><className type="System.String">BrownShoe.UnitTests.Services.Catalog.BrandSearchTest, BrownShoe.UnitTests, Version=1.0.0.0, Culture=neutral, PublicKeyToken=null</className><name type="System.String">GetAllBrandsTest</name><expectedExceptionMessage type="System.String" /><isValid type="System.Boolean">False</isValid></testMethod><aspNetDevServers type="System.Collections.Generic.List`1[[Microsoft.VisualStudio.TestTools.Common.AspNetDevelopmentServer, Microsoft.VisualStudio.QualityTools.Common, Version=8.0.0.0, Culture=neutral, PublicKeyToken=b03f5f7f11d50a3a]]"><_size type="System.Int32">0</_size><_version type="System.Int32">0</_version></aspNetDevServers><dataAccessMethod type="Microsoft.VisualStudio.TestTools.UnitTesting.DataAccessMethod, Microsoft.VisualStudio.QualityTools.UnitTestFramework, Version=8.0.0.0, Culture=neutral, PublicKeyToken=b03f5f7f11d50a3a"><value__ type="System.Int32">0</value__></dataAccessMethod><cssProjectStructure type="System.String" /><isRunOnRestart type="System.Boolean">False</isRunOnRestart><timeOut type="System.Int32">0</timeOut><isGroupable type="System.Boolean">True</isGroupable><abortRunOnAgentFailure type="System.Boolean">False</abortRunOnAgentFailure><cssIteration type="System.String" /><workItemIds type="System.Collections.Generic.List`1[[System.Int32, mscorlib, Version=2.0.0.0, Culture=neutral, PublicKeyToken=b77a5c561934e089]]"><_size type="System.Int32">0</_size><_version type="System.Int32">1</_version></workItemIds><id type="Microsoft.VisualStudio.TestTools.Common.TestId"><id type="System.Guid">53485f8c-20c8-e957-b3c0-beb4e64eddcb</id></id><name type="System.String">GetAllBrandsTest</name><description type="System.String" /><enabled type="System.Boolean">True</enabled><owner type="System.String" /><priority type="System.Int32">0</priority><executionId type="Microsoft.VisualStudio.TestTools.Common.TestExecId"><id type="System.Guid">00000000-0000-0000-0000-000000000000</id></executionId><parentExecutId type="Microsoft.VisualStudio.TestTools.Common.TestExecId"><id type="System.Guid">00000000-0000-0000-0000-000000000000</id></parentExecutId><deploymentItems type="Microsoft.VisualStudio.TestTools.Common.DeploymentItemCollection" /><agentAttributes type="System.Collections.Specialized.StringDictionary, System, Version=2.0.0.0, Culture=neutral, PublicKeyToken=b77a5c561934e089" /><storage type="System.String">e:\projects\brownshoe\unit_tests\product\src\brownshoe\testing\unittests\bin\brownshoe.unittests.dll</storage><m_nonRunnableReason type="System.String" /></value><key type="Microsoft.VisualStudio.TestTools.Common.TestId"><id type="System.Guid">999406ca-ef1e-776d-5c1d-e048d4936df0</id></key><value type="Microsoft.VisualStudio.TestTools.TestTypes.Unit.UnitTestElement, Microsoft.VisualStudio.QualityTools.Tips.UnitTest.ObjectModel, Version=8.0.0.0, Culture=neutral, PublicKeyToken=b03f5f7f11d50a3a"><codeBase type="System.String">e:/projects/brownshoe/unit_tests/product/src/BrownShoe/Testing/UnitTests/bin/BrownShoe.UnitTests.DLL</codeBase><adapterTypeName type="System.String">Microsoft.VisualStudio.TestTools.TestTypes.Unit.UnitTestAdapter, Microsoft.VisualStudio.QualityTools.Tips.UnitTest.Adapter</adapterTypeName><testMethod type="Microsoft.VisualStudio.TestTools.TestTypes.Unit.TestMethod, Microsoft.VisualStudio.QualityTools.Tips.UnitTest.ObjectModel, Version=8.0.0.0, Culture=neutral, PublicKeyToken=b03f5f7f11d50a3a"><className type="System.String">BrownShoe.UnitTests.Services.ContentManagement.CMTokenServiceTest, BrownShoe.UnitTests, Version=1.0.0.0, Culture=neutral, PublicKeyToken=null</className><name type="System.String">GetRenderLeftGenderTest</name><expectedExceptionMessage type="System.String" /><isValid type="System.Boolean">False</isValid></testMethod><aspNetDevServers type="System.Collections.Generic.List`1[[Microsoft.VisualStudio.TestTools.Common.AspNetDevelopmentServer, Microsoft.VisualStudio.QualityTools.Common, Version=8.0.0.0, Culture=neutral, PublicKeyToken=b03f5f7f11d50a3a]]"><_size type="System.Int32">0</_size><_version type="System.Int32">0</_version></aspNetDevServers><dataAccessMethod type="Microsoft.VisualStudio.TestTools.UnitTesting.DataAccessMethod, Microsoft.VisualStudio.QualityTools.UnitTestFramework, Version=8.0.0.0, Culture=neutral, PublicKeyToken=b03f5f7f11d50a3a"><value__ type="System.Int32">0</value__></dataAccessMethod><cssProjectStructure type="System.String" /><isRunOnRestart type="System.Boolean">False</isRunOnRestart><timeOut type="System.Int32">0</timeOut><isGroupable type="System.Boolean">True</isGroupable><abortRunOnAgentFailure type="System.Boolean">False</abortRunOnAgentFailure><cssIteration type="System.String" /><workItemIds type="System.Collections.Generic.List`1[[System.Int32, mscorlib, Version=2.0.0.0, Culture=neutral, PublicKeyToken=b77a5c561934e089]]"><_size type="System.Int32">0</_size><_version type="System.Int32">1</_version></workItemIds><id type="Microsoft.VisualStudio.TestTools.Common.TestId"><id type="System.Guid">999406ca-ef1e-776d-5c1d-e048d4936df0</id></id><name type="System.String">GetRenderLeftGenderTest</name><description type="System.String" /><enabled type="System.Boolean">True</enabled><owner type="System.String" /><priority type="System.Int32">0</priority><executionId type="Microsoft.VisualStudio.TestTools.Common.TestExecId"><id type="System.Guid">00000000-0000-0000-0000-000000000000</id></executionId><parentExecutId type="Microsoft.VisualStudio.TestTools.Common.TestExecId"><id type="System.Guid">00000000-0000-0000-0000-000000000000</id></parentExecutId><deploymentItems type="Microsoft.VisualStudio.TestTools.Common.DeploymentItemCollection" /><agentAttributes type="System.Collections.Specialized.StringDictionary, System, Version=2.0.0.0, Culture=neutral, PublicKeyToken=b77a5c561934e089" /><storage type="System.String">e:\projects\brownshoe\unit_tests\product\src\brownshoe\testing\unittests\bin\brownshoe.unittests.dll</storage><m_nonRunnableReason type="System.String" /></value><key type="Microsoft.VisualStudio.TestTools.Common.TestId"><id type="System.Guid">5bae916d-1191-e528-6496-1e8ff72f61bc</id></key><value type="Microsoft.VisualStudio.TestTools.TestTypes.Unit.UnitTestElement, Microsoft.VisualStudio.QualityTools.Tips.UnitTest.ObjectModel, Version=8.0.0.0, Culture=neutral, PublicKeyToken=b03f5f7f11d50a3a"><codeBase type="System.String">e:/projects/brownshoe/unit_tests/product/src/BrownShoe/Testing/UnitTests/bin/BrownShoe.UnitTests.DLL</codeBase><adapterTypeName type="System.String">Microsoft.VisualStudio.TestTools.TestTypes.Unit.UnitTestAdapter, Microsoft.VisualStudio.QualityTools.Tips.UnitTest.Adapter</adapterTypeName><testMethod type="Microsoft.VisualStudio.TestTools.TestTypes.Unit.TestMethod, Microsoft.VisualStudio.QualityTools.Tips.UnitTest.ObjectModel, Version=8.0.0.0, Culture=neutral, PublicKeyToken=b03f5f7f11d50a3a"><className type="System.String">BrownShoe.UnitTests.Services.Profiles.ProductInfoTest, BrownShoe.UnitTests, Version=1.0.0.0, Culture=neutral, PublicKeyToken=null</className><name type="System.String">RetailPriceTest</name><expectedExceptionMessage type="System.String" /><isValid type="System.Boolean">False</isValid></testMethod><aspNetDevServers type="System.Collections.Generic.List`1[[Microsoft.VisualStudio.TestTools.Common.AspNetDevelopmentServer, Microsoft.VisualStudio.QualityTools.Common, Version=8.0.0.0, Culture=neutral, PublicKeyToken=b03f5f7f11d50a3a]]"><_size type="System.Int32">0</_size><_version type="System.Int32">0</_version></aspNetDevServers><dataAccessMethod type="Microsoft.VisualStudio.TestTools.UnitTesting.DataAccessMethod, Microsoft.VisualStudio.QualityTools.UnitTestFramework, Version=8.0.0.0, Culture=neutral, PublicKeyToken=b03f5f7f11d50a3a"><value__ type="System.Int32">0</value__></dataAccessMethod><cssProjectStructure type="System.String" /><isRunOnRestart type="System.Boolean">False</isRunOnRestart><timeOut type="System.Int32">0</timeOut><isGroupable type="System.Boolean">True</isGroupable><abortRunOnAgentFailure type="System.Boolean">False</abortRunOnAgentFailure><cssIteration type="System.String" /><workItemIds type="System.Collections.Generic.List`1[[System.Int32, mscorlib, Version=2.0.0.0, Culture=neutral, PublicKeyToken=b77a5c561934e089]]"><_size type="System.Int32">0</_size><_version type="System.Int32">1</_version></workItemIds><id type="Microsoft.VisualStudio.TestTools.Common.TestId"><id type="System.Guid">5bae916d-1191-e528-6496-1e8ff72f61bc</id></id><name type="System.String">RetailPriceTest</name><description type="System.String" /><enabled type="System.Boolean">True</enabled><owner type="System.String" /><priority type="System.Int32">0</priority><executionId type="Microsoft.VisualStudio.TestTools.Common.TestExecId"><id type="System.Guid">00000000-0000-0000-0000-000000000000</id></executionId><parentExecutId type="Microsoft.VisualStudio.TestTools.Common.TestExecId"><id type="System.Guid">00000000-0000-0000-0000-000000000000</id></parentExecutId><deploymentItems type="Microsoft.VisualStudio.TestTools.Common.DeploymentItemCollection" /><agentAttributes type="System.Collections.Specialized.StringDictionary, System, Version=2.0.0.0, Culture=neutral, PublicKeyToken=b77a5c561934e089" /><storage type="System.String">e:\projects\brownshoe\unit_tests\product\src\brownshoe\testing\unittests\bin\brownshoe.unittests.dll</storage><m_nonRunnableReason type="System.String" /></value><key type="Microsoft.VisualStudio.TestTools.Common.TestId"><id type="System.Guid">2fdb9be2-cee2-1915-068b-be0111e03fce</id></key><value type="Microsoft.VisualStudio.TestTools.TestTypes.Unit.UnitTestElement, Microsoft.VisualStudio.QualityTools.Tips.UnitTest.ObjectModel, Version=8.0.0.0, Culture=neutral, PublicKeyToken=b03f5f7f11d50a3a"><codeBase type="System.String">e:/projects/brownshoe/unit_tests/product/src/BrownShoe/Testing/UnitTests/bin/BrownShoe.UnitTests.DLL</codeBase><adapterTypeName type="System.String">Microsoft.VisualStudio.TestTools.TestTypes.Unit.UnitTestAdapter, Microsoft.VisualStudio.QualityTools.Tips.UnitTest.Adapter</adapterTypeName><testMethod type="Microsoft.VisualStudio.TestTools.TestTypes.Unit.TestMethod, Microsoft.VisualStudio.QualityTools.Tips.UnitTest.ObjectModel, Version=8.0.0.0, Culture=neutral, PublicKeyToken=b03f5f7f11d50a3a"><className type="System.String">BrownShoe.UnitTests.Services.Profiles.CustomerServiceTest, BrownShoe.UnitTests, Version=1.0.0.0, Culture=neutral, PublicKeyToken=null</className><name type="System.String">ReadTest</name><expectedExceptionMessage type="System.String" /><isValid type="System.Boolean">False</isValid></testMethod><aspNetDevServers type="System.Collections.Generic.List`1[[Microsoft.VisualStudio.TestTools.Common.AspNetDevelopmentServer, Microsoft.VisualStudio.QualityTools.Common, Version=8.0.0.0, Culture=neutral, PublicKeyToken=b03f5f7f11d50a3a]]"><_size type="System.Int32">0</_size><_version type="System.Int32">0</_version></aspNetDevServers><dataAccessMethod type="Microsoft.VisualStudio.TestTools.UnitTesting.DataAccessMethod, Microsoft.VisualStudio.QualityTools.UnitTestFramework, Version=8.0.0.0, Culture=neutral, PublicKeyToken=b03f5f7f11d50a3a"><value__ type="System.Int32">0</value__></dataAccessMethod><cssProjectStructure type="System.String" /><isRunOnRestart type="System.Boolean">False</isRunOnRestart><timeOut type="System.Int32">0</timeOut><isGroupable type="System.Boolean">True</isGroupable><abortRunOnAgentFailure type="System.Boolean">False</abortRunOnAgentFailure><cssIteration type="System.String" /><workItemIds type="System.Collections.Generic.List`1[[System.Int32, mscorlib, Version=2.0.0.0, Culture=neutral, PublicKeyToken=b77a5c561934e089]]"><_size type="System.Int32">0</_size><_version type="System.Int32">1</_version></workItemIds><id type="Microsoft.VisualStudio.TestTools.Common.TestId"><id type="System.Guid">2fdb9be2-cee2-1915-068b-be0111e03fce</id></id><name type="System.String">ReadTest</name><description type="System.String" /><enabled type="System.Boolean">True</enabled><owner type="System.String" /><priority type="System.Int32">0</priority><executionId type="Microsoft.VisualStudio.TestTools.Common.TestExecId"><id type="System.Guid">00000000-0000-0000-0000-000000000000</id></executionId><parentExecutId type="Microsoft.VisualStudio.TestTools.Common.TestExecId"><id type="System.Guid">00000000-0000-0000-0000-000000000000</id></parentExecutId><deploymentItems type="Microsoft.VisualStudio.TestTools.Common.DeploymentItemCollection" /><agentAttributes type="System.Collections.Specialized.StringDictionary, System, Version=2.0.0.0, Culture=neutral, PublicKeyToken=b77a5c561934e089" /><storage type="System.String">e:\projects\brownshoe\unit_tests\product\src\brownshoe\testing\unittests\bin\brownshoe.unittests.dll</storage><m_nonRunnableReason type="System.String" /></value><key type="Microsoft.VisualStudio.TestTools.Common.TestId"><id type="System.Guid">82335240-0900-9b54-fa58-d4ee90bff55f</id></key><value type="Microsoft.VisualStudio.TestTools.TestTypes.Unit.UnitTestElement, Microsoft.VisualStudio.QualityTools.Tips.UnitTest.ObjectModel, Version=8.0.0.0, Culture=neutral, PublicKeyToken=b03f5f7f11d50a3a"><codeBase type="System.String">e:/projects/brownshoe/unit_tests/product/src/BrownShoe/Testing/UnitTests/bin/BrownShoe.UnitTests.DLL</codeBase><adapterTypeName type="System.String">Microsoft.VisualStudio.TestTools.TestTypes.Unit.UnitTestAdapter, Microsoft.VisualStudio.QualityTools.Tips.UnitTest.Adapter</adapterTypeName><testMethod type="Microsoft.VisualStudio.TestTools.TestTypes.Unit.TestMethod, Microsoft.VisualStudio.QualityTools.Tips.UnitTest.ObjectModel, Version=8.0.0.0, Culture=neutral, PublicKeyToken=b03f5f7f11d50a3a"><className type="System.String">BrownShoe.UnitTests.Services.Audit.AuditServiceTest, BrownShoe.UnitTests, Version=1.0.0.0, Culture=neutral, PublicKeyToken=null</className><name type="System.String">LogUserActivityTest</name><expectedExceptionMessage type="System.String" /><isValid type="System.Boolean">False</isValid></testMethod><aspNetDevServers type="System.Collections.Generic.List`1[[Microsoft.VisualStudio.TestTools.Common.AspNetDevelopmentServer, Microsoft.VisualStudio.QualityTools.Common, Version=8.0.0.0, Culture=neutral, PublicKeyToken=b03f5f7f11d50a3a]]"><_size type="System.Int32">0</_size><_version type="System.Int32">0</_version></aspNetDevServers><dataAccessMethod type="Microsoft.VisualStudio.TestTools.UnitTesting.DataAccessMethod, Microsoft.VisualStudio.QualityTools.UnitTestFramework, Version=8.0.0.0, Culture=neutral, PublicKeyToken=b03f5f7f11d50a3a"><value__ type="System.Int32">0</value__></dataAccessMethod><cssProjectStructure type="System.String" /><isRunOnRestart type="System.Boolean">False</isRunOnRestart><timeOut type="System.Int32">0</timeOut><isGroupable type="System.Boolean">True</isGroupable><abortRunOnAgentFailure type="System.Boolean">False</abortRunOnAgentFailure><cssIteration type="System.String" /><workItemIds type="System.Collections.Generic.List`1[[System.Int32, mscorlib, Version=2.0.0.0, Culture=neutral, PublicKeyToken=b77a5c561934e089]]"><_size type="System.Int32">0</_size><_version type="System.Int32">1</_version></workItemIds><id type="Microsoft.VisualStudio.TestTools.Common.TestId"><id type="System.Guid">82335240-0900-9b54-fa58-d4ee90bff55f</id></id><name type="System.String">LogUserActivityTest</name><description type="System.String" /><enabled type="System.Boolean">True</enabled><owner type="System.String" /><priority type="System.Int32">0</priority><executionId type="Microsoft.VisualStudio.TestTools.Common.TestExecId"><id type="System.Guid">00000000-0000-0000-0000-000000000000</id></executionId><parentExecutId type="Microsoft.VisualStudio.TestTools.Common.TestExecId"><id type="System.Guid">00000000-0000-0000-0000-000000000000</id></parentExecutId><deploymentItems type="Microsoft.VisualStudio.TestTools.Common.DeploymentItemCollection" /><agentAttributes type="System.Collections.Specialized.StringDictionary, System, Version=2.0.0.0, Culture=neutral, PublicKeyToken=b77a5c561934e089" /><storage type="System.String">e:\projects\brownshoe\unit_tests\product\src\brownshoe\testing\unittests\bin\brownshoe.unittests.dll</storage><m_nonRunnableReason type="System.String" /></value><key type="Microsoft.VisualStudio.TestTools.Common.TestId"><id type="System.Guid">179dd97c-a1b0-0996-44e6-2df937b5eda3</id></key><value type="Microsoft.VisualStudio.TestTools.TestTypes.Unit.UnitTestElement, Microsoft.VisualStudio.QualityTools.Tips.UnitTest.ObjectModel, Version=8.0.0.0, Culture=neutral, PublicKeyToken=b03f5f7f11d50a3a"><codeBase type="System.String">e:/projects/brownshoe/unit_tests/product/src/BrownShoe/Testing/UnitTests/bin/BrownShoe.UnitTests.DLL</codeBase><adapterTypeName type="System.String">Microsoft.VisualStudio.TestTools.TestTypes.Unit.UnitTestAdapter, Microsoft.VisualStudio.QualityTools.Tips.UnitTest.Adapter</adapterTypeName><testMethod type="Microsoft.VisualStudio.TestTools.TestTypes.Unit.TestMethod, Microsoft.VisualStudio.QualityTools.Tips.UnitTest.ObjectModel, Version=8.0.0.0, Culture=neutral, PublicKeyToken=b03f5f7f11d50a3a"><className type="System.String">BrownShoe.UnitTests.Services.Orders.CustomerOrderServiceTest, BrownShoe.UnitTests, Version=1.0.0.0, Culture=neutral, PublicKeyToken=null</className><name type="System.String">ListRelatedOrderHistoryTest</name><expectedExceptionMessage type="System.String" /><isValid type="System.Boolean">False</isValid></testMethod><aspNetDevServers type="System.Collections.Generic.List`1[[Microsoft.VisualStudio.TestTools.Common.AspNetDevelopmentServer, Microsoft.VisualStudio.QualityTools.Common, Version=8.0.0.0, Culture=neutral, PublicKeyToken=b03f5f7f11d50a3a]]"><_size type="System.Int32">0</_size><_version type="System.Int32">0</_version></aspNetDevServers><dataAccessMethod type="Microsoft.VisualStudio.TestTools.UnitTesting.DataAccessMethod, Microsoft.VisualStudio.QualityTools.UnitTestFramework, Version=8.0.0.0, Culture=neutral, PublicKeyToken=b03f5f7f11d50a3a"><value__ type="System.Int32">0</value__></dataAccessMethod><cssProjectStructure type="System.String" /><isRunOnRestart type="System.Boolean">False</isRunOnRestart><timeOut type="System.Int32">0</timeOut><isGroupable type="System.Boolean">True</isGroupable><abortRunOnAgentFailure type="System.Boolean">False</abortRunOnAgentFailure><cssIteration type="System.String" /><workItemIds type="System.Collections.Generic.List`1[[System.Int32, mscorlib, Version=2.0.0.0, Culture=neutral, PublicKeyToken=b77a5c561934e089]]"><_size type="System.Int32">0</_size><_version type="System.Int32">1</_version></workItemIds><id type="Microsoft.VisualStudio.TestTools.Common.TestId"><id type="System.Guid">179dd97c-a1b0-0996-44e6-2df937b5eda3</id></id><name type="System.String">ListRelatedOrderHistoryTest</name><description type="System.String" /><enabled type="System.Boolean">True</enabled><owner type="System.String" /><priority type="System.Int32">0</priority><executionId type="Microsoft.VisualStudio.TestTools.Common.TestExecId"><id type="System.Guid">00000000-0000-0000-0000-000000000000</id></executionId><parentExecutId type="Microsoft.VisualStudio.TestTools.Common.TestExecId"><id type="System.Guid">00000000-0000-0000-0000-000000000000</id></parentExecutId><deploymentItems type="Microsoft.VisualStudio.TestTools.Common.DeploymentItemCollection" /><agentAttributes type="System.Collections.Specialized.StringDictionary, System, Version=2.0.0.0, Culture=neutral, PublicKeyToken=b77a5c561934e089" /><storage type="System.String">e:\projects\brownshoe\unit_tests\product\src\brownshoe\testing\unittests\bin\brownshoe.unittests.dll</storage><m_nonRunnableReason type="System.String" /></value><key type="Microsoft.VisualStudio.TestTools.Common.TestId"><id type="System.Guid">c513ab54-bcc0-3d95-6c57-41b9431a6d3b</id></key><value type="Microsoft.VisualStudio.TestTools.TestTypes.Unit.UnitTestElement, Microsoft.VisualStudio.QualityTools.Tips.UnitTest.ObjectModel, Version=8.0.0.0, Culture=neutral, PublicKeyToken=b03f5f7f11d50a3a"><codeBase type="System.String">e:/projects/brownshoe/unit_tests/product/src/BrownShoe/Testing/UnitTests/bin/BrownShoe.UnitTests.DLL</codeBase><adapterTypeName type="System.String">Microsoft.VisualStudio.TestTools.TestTypes.Unit.UnitTestAdapter, Microsoft.VisualStudio.QualityTools.Tips.UnitTest.Adapter</adapterTypeName><testMethod type="Microsoft.VisualStudio.TestTools.TestTypes.Unit.TestMethod, Microsoft.VisualStudio.QualityTools.Tips.UnitTest.ObjectModel, Version=8.0.0.0, Culture=neutral, PublicKeyToken=b03f5f7f11d50a3a"><className type="System.String">BrownShoe.UnitTests.Services.Madison.MadisonWebServiceTest, BrownShoe.UnitTests, Version=1.0.0.0, Culture=neutral, PublicKeyToken=null</className><name type="System.String">VerifyRewardsMemberTestFailure</name><expectedExceptionMessage type="System.String" /><isValid type="System.Boolean">False</isValid></testMethod><aspNetDevServers type="System.Collections.Generic.List`1[[Microsoft.VisualStudio.TestTools.Common.AspNetDevelopmentServer, Microsoft.VisualStudio.QualityTools.Common, Version=8.0.0.0, Culture=neutral, PublicKeyToken=b03f5f7f11d50a3a]]"><_size type="System.Int32">0</_size><_version type="System.Int32">0</_version></aspNetDevServers><dataAccessMethod type="Microsoft.VisualStudio.TestTools.UnitTesting.DataAccessMethod, Microsoft.VisualStudio.QualityTools.UnitTestFramework, Version=8.0.0.0, Culture=neutral, PublicKeyToken=b03f5f7f11d50a3a"><value__ type="System.Int32">0</value__></dataAccessMethod><cssProjectStructure type="System.String" /><isRunOnRestart type="System.Boolean">False</isRunOnRestart><timeOut type="System.Int32">0</timeOut><isGroupable type="System.Boolean">True</isGroupable><abortRunOnAgentFailure type="System.Boolean">False</abortRunOnAgentFailure><cssIteration type="System.String" /><workItemIds type="System.Collections.Generic.List`1[[System.Int32, mscorlib, Version=2.0.0.0, Culture=neutral, PublicKeyToken=b77a5c561934e089]]"><_size type="System.Int32">0</_size><_version type="System.Int32">1</_version></workItemIds><id type="Microsoft.VisualStudio.TestTools.Common.TestId"><id type="System.Guid">c513ab54-bcc0-3d95-6c57-41b9431a6d3b</id></id><name type="System.String">VerifyRewardsMemberTestFailure</name><description type="System.String" /><enabled type="System.Boolean">True</enabled><owner type="System.String" /><priority type="System.Int32">0</priority><executionId type="Microsoft.VisualStudio.TestTools.Common.TestExecId"><id type="System.Guid">00000000-0000-0000-0000-000000000000</id></executionId><parentExecutId type="Microsoft.VisualStudio.TestTools.Common.TestExecId"><id type="System.Guid">00000000-0000-0000-0000-000000000000</id></parentExecutId><deploymentItems type="Microsoft.VisualStudio.TestTools.Common.DeploymentItemCollection" /><agentAttributes type="System.Collections.Specialized.StringDictionary, System, Version=2.0.0.0, Culture=neutral, PublicKeyToken=b77a5c561934e089" /><storage type="System.String">e:\projects\brownshoe\unit_tests\product\src\brownshoe\testing\unittests\bin\brownshoe.unittests.dll</storage><m_nonRunnableReason type="System.String" /></value><key type="Microsoft.VisualStudio.TestTools.Common.TestId"><id type="System.Guid">190d6acf-608f-757a-6761-1b06ef0b7b82</id></key><value type="Microsoft.VisualStudio.TestTools.TestTypes.Unit.UnitTestElement, Microsoft.VisualStudio.QualityTools.Tips.UnitTest.ObjectModel, Version=8.0.0.0, Culture=neutral, PublicKeyToken=b03f5f7f11d50a3a"><codeBase type="System.String">e:/projects/brownshoe/unit_tests/product/src/BrownShoe/Testing/UnitTests/bin/BrownShoe.UnitTests.DLL</codeBase><adapterTypeName type="System.String">Microsoft.VisualStudio.TestTools.TestTypes.Unit.UnitTestAdapter, Microsoft.VisualStudio.QualityTools.Tips.UnitTest.Adapter</adapterTypeName><testMethod type="Microsoft.VisualStudio.TestTools.TestTypes.Unit.TestMethod, Microsoft.VisualStudio.QualityTools.Tips.UnitTest.ObjectModel, Version=8.0.0.0, Culture=neutral, PublicKeyToken=b03f5f7f11d50a3a"><className type="System.String">BrownShoe.UnitTests.Services.Profiles.CsrProfileServiceTest, BrownShoe.UnitTests, Version=1.0.0.0, Culture=neutral, PublicKeyToken=null</className><name type="System.String">ReadTest</name><expectedExceptionMessage type="System.String" /><isValid type="System.Boolean">False</isValid></testMethod><aspNetDevServers type="System.Collections.Generic.List`1[[Microsoft.VisualStudio.TestTools.Common.AspNetDevelopmentServer, Microsoft.VisualStudio.QualityTools.Common, Version=8.0.0.0, Culture=neutral, PublicKeyToken=b03f5f7f11d50a3a]]"><_size type="System.Int32">0</_size><_version type="System.Int32">0</_version></aspNetDevServers><dataAccessMethod type="Microsoft.VisualStudio.TestTools.UnitTesting.DataAccessMethod, Microsoft.VisualStudio.QualityTools.UnitTestFramework, Version=8.0.0.0, Culture=neutral, PublicKeyToken=b03f5f7f11d50a3a"><value__ type="System.Int32">0</value__></dataAccessMethod><cssProjectStructure type="System.String" /><isRunOnRestart type="System.Boolean">False</isRunOnRestart><timeOut type="System.Int32">0</timeOut><isGroupable type="System.Boolean">True</isGroupable><abortRunOnAgentFailure type="System.Boolean">False</abortRunOnAgentFailure><cssIteration type="System.String" /><workItemIds type="System.Collections.Generic.List`1[[System.Int32, mscorlib, Version=2.0.0.0, Culture=neutral, PublicKeyToken=b77a5c561934e089]]"><_size type="System.Int32">0</_size><_version type="System.Int32">1</_version></workItemIds><id type="Microsoft.VisualStudio.TestTools.Common.TestId"><id type="System.Guid">190d6acf-608f-757a-6761-1b06ef0b7b82</id></id><name type="System.String">ReadTest</name><description type="System.String" /><enabled type="System.Boolean">True</enabled><owner type="System.String" /><priority type="System.Int32">0</priority><executionId type="Microsoft.VisualStudio.TestTools.Common.TestExecId"><id type="System.Guid">00000000-0000-0000-0000-000000000000</id></executionId><parentExecutId type="Microsoft.VisualStudio.TestTools.Common.TestExecId"><id type="System.Guid">00000000-0000-0000-0000-000000000000</id></parentExecutId><deploymentItems type="Microsoft.VisualStudio.TestTools.Common.DeploymentItemCollection" /><agentAttributes type="System.Collections.Specialized.StringDictionary, System, Version=2.0.0.0, Culture=neutral, PublicKeyToken=b77a5c561934e089" /><storage type="System.String">e:\projects\brownshoe\unit_tests\product\src\brownshoe\testing\unittests\bin\brownshoe.unittests.dll</storage><m_nonRunnableReason type="System.String" /></value><key type="Microsoft.VisualStudio.TestTools.Common.TestId"><id type="System.Guid">7c752486-43cf-3ec8-89d1-08dedb2d9908</id></key><value type="Microsoft.VisualStudio.TestTools.TestTypes.Unit.UnitTestElement, Microsoft.VisualStudio.QualityTools.Tips.UnitTest.ObjectModel, Version=8.0.0.0, Culture=neutral, PublicKeyToken=b03f5f7f11d50a3a"><codeBase type="System.String">e:/projects/brownshoe/unit_tests/product/src/BrownShoe/Testing/UnitTests/bin/BrownShoe.UnitTests.DLL</codeBase><adapterTypeName type="System.String">Microsoft.VisualStudio.TestTools.TestTypes.Unit.UnitTestAdapter, Microsoft.VisualStudio.QualityTools.Tips.UnitTest.Adapter</adapterTypeName><testMethod type="Microsoft.VisualStudio.TestTools.TestTypes.Unit.TestMethod, Microsoft.VisualStudio.QualityTools.Tips.UnitTest.ObjectModel, Version=8.0.0.0, Culture=neutral, PublicKeyToken=b03f5f7f11d50a3a"><className type="System.String">BrownShoe.UnitTests.RetailApplicationCore.Validators.AddressValidatorTest, BrownShoe.UnitTests, Version=1.0.0.0, Culture=neutral, PublicKeyToken=null</className><name type="System.String">IsValidBillingAddressTest</name><expectedExceptionMessage type="System.String" /><isValid type="System.Boolean">False</isValid></testMethod><aspNetDevServers type="System.Collections.Generic.List`1[[Microsoft.VisualStudio.TestTools.Common.AspNetDevelopmentServer, Microsoft.VisualStudio.QualityTools.Common, Version=8.0.0.0, Culture=neutral, PublicKeyToken=b03f5f7f11d50a3a]]"><_size type="System.Int32">0</_size><_version type="System.Int32">0</_version></aspNetDevServers><dataAccessMethod type="Microsoft.VisualStudio.TestTools.UnitTesting.DataAccessMethod, Microsoft.VisualStudio.QualityTools.UnitTestFramework, Version=8.0.0.0, Culture=neutral, PublicKeyToken=b03f5f7f11d50a3a"><value__ type="System.Int32">0</value__></dataAccessMethod><cssProjectStructure type="System.String" /><isRunOnRestart type="System.Boolean">False</isRunOnRestart><timeOut type="System.Int32">0</timeOut><isGroupable type="System.Boolean">True</isGroupable><abortRunOnAgentFailure type="System.Boolean">False</abortRunOnAgentFailure><cssIteration type="System.String" /><workItemIds type="System.Collections.Generic.List`1[[System.Int32, mscorlib, Version=2.0.0.0, Culture=neutral, PublicKeyToken=b77a5c561934e089]]"><_size type="System.Int32">0</_size><_version type="System.Int32">1</_version></workItemIds><id type="Microsoft.VisualStudio.TestTools.Common.TestId"><id type="System.Guid">7c752486-43cf-3ec8-89d1-08dedb2d9908</id></id><name type="System.String">IsValidBillingAddressTest</name><description type="System.String" /><enabled type="System.Boolean">True</enabled><owner type="System.String" /><priority type="System.Int32">0</priority><executionId type="Microsoft.VisualStudio.TestTools.Common.TestExecId"><id type="System.Guid">00000000-0000-0000-0000-000000000000</id></executionId><parentExecutId type="Microsoft.VisualStudio.TestTools.Common.TestExecId"><id type="System.Guid">00000000-0000-0000-0000-000000000000</id></parentExecutId><deploymentItems type="Microsoft.VisualStudio.TestTools.Common.DeploymentItemCollection" /><agentAttributes type="System.Collections.Specialized.StringDictionary, System, Version=2.0.0.0, Culture=neutral, PublicKeyToken=b77a5c561934e089" /><storage type="System.String">e:\projects\brownshoe\unit_tests\product\src\brownshoe\testing\unittests\bin\brownshoe.unittests.dll</storage><m_nonRunnableReason type="System.String" /></value><key type="Microsoft.VisualStudio.TestTools.Common.TestId"><id type="System.Guid">4f0a225f-2950-c20e-a460-51891e008470</id></key><value type="Microsoft.VisualStudio.TestTools.TestTypes.Unit.UnitTestElement, Microsoft.VisualStudio.QualityTools.Tips.UnitTest.ObjectModel, Version=8.0.0.0, Culture=neutral, PublicKeyToken=b03f5f7f11d50a3a"><codeBase type="System.String">e:/projects/brownshoe/unit_tests/product/src/BrownShoe/Testing/UnitTests/bin/BrownShoe.UnitTests.DLL</codeBase><adapterTypeName type="System.String">Microsoft.VisualStudio.TestTools.TestTypes.Unit.UnitTestAdapter, Microsoft.VisualStudio.QualityTools.Tips.UnitTest.Adapter</adapterTypeName><testMethod type="Microsoft.VisualStudio.TestTools.TestTypes.Unit.TestMethod, Microsoft.VisualStudio.QualityTools.Tips.UnitTest.ObjectModel, Version=8.0.0.0, Culture=neutral, PublicKeyToken=b03f5f7f11d50a3a"><className type="System.String">BrownShoe.UnitTests.Services.DataAccess.GrandOpeningDBTest, BrownShoe.UnitTests, Version=1.0.0.0, Culture=neutral, PublicKeyToken=null</className><name type="System.String">GetByIDTest</name><expectedExceptionMessage type="System.String" /><isValid type="System.Boolean">False</isValid></testMethod><aspNetDevServers type="System.Collections.Generic.List`1[[Microsoft.VisualStudio.TestTools.Common.AspNetDevelopmentServer, Microsoft.VisualStudio.QualityTools.Common, Version=8.0.0.0, Culture=neutral, PublicKeyToken=b03f5f7f11d50a3a]]"><_size type="System.Int32">0</_size><_version type="System.Int32">0</_version></aspNetDevServers><dataAccessMethod type="Microsoft.VisualStudio.TestTools.UnitTesting.DataAccessMethod, Microsoft.VisualStudio.QualityTools.UnitTestFramework, Version=8.0.0.0, Culture=neutral, PublicKeyToken=b03f5f7f11d50a3a"><value__ type="System.Int32">0</value__></dataAccessMethod><cssProjectStructure type="System.String" /><isRunOnRestart type="System.Boolean">False</isRunOnRestart><timeOut type="System.Int32">0</timeOut><isGroupable type="System.Boolean">True</isGroupable><abortRunOnAgentFailure type="System.Boolean">False</abortRunOnAgentFailure><cssIteration type="System.String" /><workItemIds type="System.Collections.Generic.List`1[[System.Int32, mscorlib, Version=2.0.0.0, Culture=neutral, PublicKeyToken=b77a5c561934e089]]"><_size type="System.Int32">0</_size><_version type="System.Int32">1</_version></workItemIds><id type="Microsoft.VisualStudio.TestTools.Common.TestId"><id type="System.Guid">4f0a225f-2950-c20e-a460-51891e008470</id></id><name type="System.String">GetByIDTest</name><description type="System.String" /><enabled type="System.Boolean">True</enabled><owner type="System.String" /><priority type="System.Int32">0</priority><executionId type="Microsoft.VisualStudio.TestTools.Common.TestExecId"><id type="System.Guid">00000000-0000-0000-0000-000000000000</id></executionId><parentExecutId type="Microsoft.VisualStudio.TestTools.Common.TestExecId"><id type="System.Guid">00000000-0000-0000-0000-000000000000</id></parentExecutId><deploymentItems type="Microsoft.VisualStudio.TestTools.Common.DeploymentItemCollection" /><agentAttributes type="System.Collections.Specialized.StringDictionary, System, Version=2.0.0.0, Culture=neutral, PublicKeyToken=b77a5c561934e089" /><storage type="System.String">e:\projects\brownshoe\unit_tests\product\src\brownshoe\testing\unittests\bin\brownshoe.unittests.dll</storage><m_nonRunnableReason type="System.String" /></value><key type="Microsoft.VisualStudio.TestTools.Common.TestId"><id type="System.Guid">1ad9d2d1-e07e-d47d-19cc-3014a9ff9771</id></key><value type="Microsoft.VisualStudio.TestTools.TestTypes.Unit.UnitTestElement, Microsoft.VisualStudio.QualityTools.Tips.UnitTest.ObjectModel, Version=8.0.0.0, Culture=neutral, PublicKeyToken=b03f5f7f11d50a3a"><codeBase type="System.String">e:/projects/brownshoe/unit_tests/product/src/BrownShoe/Testing/UnitTests/bin/BrownShoe.UnitTests.DLL</codeBase><adapterTypeName type="System.String">Microsoft.VisualStudio.TestTools.TestTypes.Unit.UnitTestAdapter, Microsoft.VisualStudio.QualityTools.Tips.UnitTest.Adapter</adapterTypeName><testMethod type="Microsoft.VisualStudio.TestTools.TestTypes.Unit.TestMethod, Microsoft.VisualStudio.QualityTools.Tips.UnitTest.ObjectModel, Version=8.0.0.0, Culture=neutral, PublicKeyToken=b03f5f7f11d50a3a"><className type="System.String">BrownShoe.UnitTests.Services.Orders.CustomerOrderServiceTest, BrownShoe.UnitTests, Version=1.0.0.0, Culture=neutral, PublicKeyToken=null</className><name type="System.String">FetchEbagsReturnItemTest</name><expectedExceptionMessage type="System.String" /><isValid type="System.Boolean">False</isValid></testMethod><aspNetDevServers type="System.Collections.Generic.List`1[[Microsoft.VisualStudio.TestTools.Common.AspNetDevelopmentServer, Microsoft.VisualStudio.QualityTools.Common, Version=8.0.0.0, Culture=neutral, PublicKeyToken=b03f5f7f11d50a3a]]"><_size type="System.Int32">0</_size><_version type="System.Int32">0</_version></aspNetDevServers><dataAccessMethod type="Microsoft.VisualStudio.TestTools.UnitTesting.DataAccessMethod, Microsoft.VisualStudio.QualityTools.UnitTestFramework, Version=8.0.0.0, Culture=neutral, PublicKeyToken=b03f5f7f11d50a3a"><value__ type="System.Int32">0</value__></dataAccessMethod><cssProjectStructure type="System.String" /><isRunOnRestart type="System.Boolean">False</isRunOnRestart><timeOut type="System.Int32">0</timeOut><isGroupable type="System.Boolean">True</isGroupable><abortRunOnAgentFailure type="System.Boolean">False</abortRunOnAgentFailure><cssIteration type="System.String" /><workItemIds type="System.Collections.Generic.List`1[[System.Int32, mscorlib, Version=2.0.0.0, Culture=neutral, PublicKeyToken=b77a5c561934e089]]"><_size type="System.Int32">0</_size><_version type="System.Int32">1</_version></workItemIds><id type="Microsoft.VisualStudio.TestTools.Common.TestId"><id type="System.Guid">1ad9d2d1-e07e-d47d-19cc-3014a9ff9771</id></id><name type="System.String">FetchEbagsReturnItemTest</name><description type="System.String" /><enabled type="System.Boolean">True</enabled><owner type="System.String" /><priority type="System.Int32">0</priority><executionId type="Microsoft.VisualStudio.TestTools.Common.TestExecId"><id type="System.Guid">00000000-0000-0000-0000-000000000000</id></executionId><parentExecutId type="Microsoft.VisualStudio.TestTools.Common.TestExecId"><id type="System.Guid">00000000-0000-0000-0000-000000000000</id></parentExecutId><deploymentItems type="Microsoft.VisualStudio.TestTools.Common.DeploymentItemCollection" /><agentAttributes type="System.Collections.Specialized.StringDictionary, System, Version=2.0.0.0, Culture=neutral, PublicKeyToken=b77a5c561934e089" /><storage type="System.String">e:\projects\brownshoe\unit_tests\product\src\brownshoe\testing\unittests\bin\brownshoe.unittests.dll</storage><m_nonRunnableReason type="System.String" /></value><key type="Microsoft.VisualStudio.TestTools.Common.TestId"><id type="System.Guid">cf51f8ed-401c-c58f-2c4a-80ca8fe01a9d</id></key><value type="Microsoft.VisualStudio.TestTools.TestTypes.Unit.UnitTestElement, Microsoft.VisualStudio.QualityTools.Tips.UnitTest.ObjectModel, Version=8.0.0.0, Culture=neutral, PublicKeyToken=b03f5f7f11d50a3a"><codeBase type="System.String">e:/projects/brownshoe/unit_tests/product/src/BrownShoe/Testing/UnitTests/bin/BrownShoe.UnitTests.DLL</codeBase><adapterTypeName type="System.String">Microsoft.VisualStudio.TestTools.TestTypes.Unit.UnitTestAdapter, Microsoft.VisualStudio.QualityTools.Tips.UnitTest.Adapter</adapterTypeName><testMethod type="Microsoft.VisualStudio.TestTools.TestTypes.Unit.TestMethod, Microsoft.VisualStudio.QualityTools.Tips.UnitTest.ObjectModel, Version=8.0.0.0, Culture=neutral, PublicKeyToken=b03f5f7f11d50a3a"><className type="System.String">BrownShoe.UnitTests.RetailApplicationCore.Validators.AddressValidatorTest, BrownShoe.UnitTests, Version=1.0.0.0, Culture=neutral, PublicKeyToken=null</className><name type="System.String">IsValidCityStateZipTest</name><expectedExceptionMessage type="System.String" /><isValid type="System.Boolean">False</isValid></testMethod><aspNetDevServers type="System.Collections.Generic.List`1[[Microsoft.VisualStudio.TestTools.Common.AspNetDevelopmentServer, Microsoft.VisualStudio.QualityTools.Common, Version=8.0.0.0, Culture=neutral, PublicKeyToken=b03f5f7f11d50a3a]]"><_size type="System.Int32">0</_size><_version type="System.Int32">0</_version></aspNetDevServers><dataAccessMethod type="Microsoft.VisualStudio.TestTools.UnitTesting.DataAccessMethod, Microsoft.VisualStudio.QualityTools.UnitTestFramework, Version=8.0.0.0, Culture=neutral, PublicKeyToken=b03f5f7f11d50a3a"><value__ type="System.Int32">0</value__></dataAccessMethod><cssProjectStructure type="System.String" /><isRunOnRestart type="System.Boolean">False</isRunOnRestart><timeOut type="System.Int32">0</timeOut><isGroupable type="System.Boolean">True</isGroupable><abortRunOnAgentFailure type="System.Boolean">False</abortRunOnAgentFailure><cssIteration type="System.String" /><workItemIds type="System.Collections.Generic.List`1[[System.Int32, mscorlib, Version=2.0.0.0, Culture=neutral, PublicKeyToken=b77a5c561934e089]]"><_size type="System.Int32">0</_size><_version type="System.Int32">1</_version></workItemIds><id type="Microsoft.VisualStudio.TestTools.Common.TestId"><id type="System.Guid">cf51f8ed-401c-c58f-2c4a-80ca8fe01a9d</id></id><name type="System.String">IsValidCityStateZipTest</name><description type="System.String" /><enabled type="System.Boolean">True</enabled><owner type="System.String" /><priority type="System.Int32">0</priority><executionId type="Microsoft.VisualStudio.TestTools.Common.TestExecId"><id type="System.Guid">00000000-0000-0000-0000-000000000000</id></executionId><parentExecutId type="Microsoft.VisualStudio.TestTools.Common.TestExecId"><id type="System.Guid">00000000-0000-0000-0000-000000000000</id></parentExecutId><deploymentItems type="Microsoft.VisualStudio.TestTools.Common.DeploymentItemCollection" /><agentAttributes type="System.Collections.Specialized.StringDictionary, System, Version=2.0.0.0, Culture=neutral, PublicKeyToken=b77a5c561934e089" /><storage type="System.String">e:\projects\brownshoe\unit_tests\product\src\brownshoe\testing\unittests\bin\brownshoe.unittests.dll</storage><m_nonRunnableReason type="System.String" /></value><key type="Microsoft.VisualStudio.TestTools.Common.TestId"><id type="System.Guid">89b205d7-7c95-9b0a-bbb2-3fac745a3d16</id></key><value type="Microsoft.VisualStudio.TestTools.TestTypes.Unit.UnitTestElement, Microsoft.VisualStudio.QualityTools.Tips.UnitTest.ObjectModel, Version=8.0.0.0, Culture=neutral, PublicKeyToken=b03f5f7f11d50a3a"><codeBase type="System.String">e:/projects/brownshoe/unit_tests/product/src/BrownShoe/Testing/UnitTests/bin/BrownShoe.UnitTests.DLL</codeBase><adapterTypeName type="System.String">Microsoft.VisualStudio.TestTools.TestTypes.Unit.UnitTestAdapter, Microsoft.VisualStudio.QualityTools.Tips.UnitTest.Adapter</adapterTypeName><testMethod type="Microsoft.VisualStudio.TestTools.TestTypes.Unit.TestMethod, Microsoft.VisualStudio.QualityTools.Tips.UnitTest.ObjectModel, Version=8.0.0.0, Culture=neutral, PublicKeyToken=b03f5f7f11d50a3a"><className type="System.String">BrownShoe.UnitTests.Services.Catalog.CatalogServiceTest, BrownShoe.UnitTests, Version=1.0.0.0, Culture=neutral, PublicKeyToken=null</className><name type="System.String">GetProductDetailItemTest</name><expectedExceptionMessage type="System.String" /><isValid type="System.Boolean">False</isValid></testMethod><aspNetDevServers type="System.Collections.Generic.List`1[[Microsoft.VisualStudio.TestTools.Common.AspNetDevelopmentServer, Microsoft.VisualStudio.QualityTools.Common, Version=8.0.0.0, Culture=neutral, PublicKeyToken=b03f5f7f11d50a3a]]"><_size type="System.Int32">0</_size><_version type="System.Int32">0</_version></aspNetDevServers><dataAccessMethod type="Microsoft.VisualStudio.TestTools.UnitTesting.DataAccessMethod, Microsoft.VisualStudio.QualityTools.UnitTestFramework, Version=8.0.0.0, Culture=neutral, PublicKeyToken=b03f5f7f11d50a3a"><value__ type="System.Int32">0</value__></dataAccessMethod><cssProjectStructure type="System.String" /><isRunOnRestart type="System.Boolean">False</isRunOnRestart><timeOut type="System.Int32">0</timeOut><isGroupable type="System.Boolean">True</isGroupable><abortRunOnAgentFailure type="System.Boolean">False</abortRunOnAgentFailure><cssIteration type="System.String" /><workItemIds type="System.Collections.Generic.List`1[[System.Int32, mscorlib, Version=2.0.0.0, Culture=neutral, PublicKeyToken=b77a5c561934e089]]"><_size type="System.Int32">0</_size><_version type="System.Int32">1</_version></workItemIds><id type="Microsoft.VisualStudio.TestTools.Common.TestId"><id type="System.Guid">89b205d7-7c95-9b0a-bbb2-3fac745a3d16</id></id><name type="System.String">GetProductDetailItemTest</name><description type="System.String" /><enabled type="System.Boolean">True</enabled><owner type="System.String" /><priority type="System.Int32">0</priority><executionId type="Microsoft.VisualStudio.TestTools.Common.TestExecId"><id type="System.Guid">00000000-0000-0000-0000-000000000000</id></executionId><parentExecutId type="Microsoft.VisualStudio.TestTools.Common.TestExecId"><id type="System.Guid">00000000-0000-0000-0000-000000000000</id></parentExecutId><deploymentItems type="Microsoft.VisualStudio.TestTools.Common.DeploymentItemCollection" /><agentAttributes type="System.Collections.Specialized.StringDictionary, System, Version=2.0.0.0, Culture=neutral, PublicKeyToken=b77a5c561934e089" /><storage type="System.String">e:\projects\brownshoe\unit_tests\product\src\brownshoe\testing\unittests\bin\brownshoe.unittests.dll</storage><m_nonRunnableReason type="System.String" /></value><key type="Microsoft.VisualStudio.TestTools.Common.TestId"><id type="System.Guid">15b7900e-6ac2-6625-21b5-f1f4e7ee0ee8</id></key><value type="Microsoft.VisualStudio.TestTools.TestTypes.Unit.UnitTestElement, Microsoft.VisualStudio.QualityTools.Tips.UnitTest.ObjectModel, Version=8.0.0.0, Culture=neutral, PublicKeyToken=b03f5f7f11d50a3a"><codeBase type="System.String">e:/projects/brownshoe/unit_tests/product/src/BrownShoe/Testing/UnitTests/bin/BrownShoe.UnitTests.DLL</codeBase><adapterTypeName type="System.String">Microsoft.VisualStudio.TestTools.TestTypes.Unit.UnitTestAdapter, Microsoft.VisualStudio.QualityTools.Tips.UnitTest.Adapter</adapterTypeName><testMethod type="Microsoft.VisualStudio.TestTools.TestTypes.Unit.TestMethod, Microsoft.VisualStudio.QualityTools.Tips.UnitTest.ObjectModel, Version=8.0.0.0, Culture=neutral, PublicKeyToken=b03f5f7f11d50a3a"><className type="System.String">BrownShoe.UnitTests.Services.Profiles.WebStoreServicesTest, BrownShoe.UnitTests, Version=1.0.0.0, Culture=neutral, PublicKeyToken=null</className><name type="System.String">GetCatalogWebStoreTest</name><expectedExceptionMessage type="System.String" /><isValid type="System.Boolean">False</isValid></testMethod><aspNetDevServers type="System.Collections.Generic.List`1[[Microsoft.VisualStudio.TestTools.Common.AspNetDevelopmentServer, Microsoft.VisualStudio.QualityTools.Common, Version=8.0.0.0, Culture=neutral, PublicKeyToken=b03f5f7f11d50a3a]]"><_size type="System.Int32">0</_size><_version type="System.Int32">0</_version></aspNetDevServers><dataAccessMethod type="Microsoft.VisualStudio.TestTools.UnitTesting.DataAccessMethod, Microsoft.VisualStudio.QualityTools.UnitTestFramework, Version=8.0.0.0, Culture=neutral, PublicKeyToken=b03f5f7f11d50a3a"><value__ type="System.Int32">0</value__></dataAccessMethod><cssProjectStructure type="System.String" /><isRunOnRestart type="System.Boolean">False</isRunOnRestart><timeOut type="System.Int32">0</timeOut><isGroupable type="System.Boolean">True</isGroupable><abortRunOnAgentFailure type="System.Boolean">False</abortRunOnAgentFailure><cssIteration type="System.String" /><workItemIds type="System.Collections.Generic.List`1[[System.Int32, mscorlib, Version=2.0.0.0, Culture=neutral, PublicKeyToken=b77a5c561934e089]]"><_size type="System.Int32">0</_size><_version type="System.Int32">1</_version></workItemIds><id type="Microsoft.VisualStudio.TestTools.Common.TestId"><id type="System.Guid">15b7900e-6ac2-6625-21b5-f1f4e7ee0ee8</id></id><name type="System.String">GetCatalogWebStoreTest</name><description type="System.String" /><enabled type="System.Boolean">True</enabled><owner type="System.String" /><priority type="System.Int32">0</priority><executionId type="Microsoft.VisualStudio.TestTools.Common.TestExecId"><id type="System.Guid">00000000-0000-0000-0000-000000000000</id></executionId><parentExecutId type="Microsoft.VisualStudio.TestTools.Common.TestExecId"><id type="System.Guid">00000000-0000-0000-0000-000000000000</id></parentExecutId><deploymentItems type="Microsoft.VisualStudio.TestTools.Common.DeploymentItemCollection" /><agentAttributes type="System.Collections.Specialized.StringDictionary, System, Version=2.0.0.0, Culture=neutral, PublicKeyToken=b77a5c561934e089" /><storage type="System.String">e:\projects\brownshoe\unit_tests\product\src\brownshoe\testing\unittests\bin\brownshoe.unittests.dll</storage><m_nonRunnableReason type="System.String" /></value><key type="Microsoft.VisualStudio.TestTools.Common.TestId"><id type="System.Guid">01414cf6-01ad-39e1-510c-7e25cdfead73</id></key><value type="Microsoft.VisualStudio.TestTools.TestTypes.Unit.UnitTestElement, Microsoft.VisualStudio.QualityTools.Tips.UnitTest.ObjectModel, Version=8.0.0.0, Culture=neutral, PublicKeyToken=b03f5f7f11d50a3a"><codeBase type="System.String">e:/projects/brownshoe/unit_tests/product/src/BrownShoe/Testing/UnitTests/bin/BrownShoe.UnitTests.DLL</codeBase><adapterTypeName type="System.String">Microsoft.VisualStudio.TestTools.TestTypes.Unit.UnitTestAdapter, Microsoft.VisualStudio.QualityTools.Tips.UnitTest.Adapter</adapterTypeName><testMethod type="Microsoft.VisualStudio.TestTools.TestTypes.Unit.TestMethod, Microsoft.VisualStudio.QualityTools.Tips.UnitTest.ObjectModel, Version=8.0.0.0, Culture=neutral, PublicKeyToken=b03f5f7f11d50a3a"><className type="System.String">BrownShoe.UnitTests.Services.Orders.CustomerOrderServiceTest, BrownShoe.UnitTests, Version=1.0.0.0, Culture=neutral, PublicKeyToken=null</className><name type="System.String">OrderReviewStopTest</name><expectedExceptionMessage type="System.String" /><isValid type="System.Boolean">False</isValid></testMethod><aspNetDevServers type="System.Collections.Generic.List`1[[Microsoft.VisualStudio.TestTools.Common.AspNetDevelopmentServer, Microsoft.VisualStudio.QualityTools.Common, Version=8.0.0.0, Culture=neutral, PublicKeyToken=b03f5f7f11d50a3a]]"><_size type="System.Int32">0</_size><_version type="System.Int32">0</_version></aspNetDevServers><dataAccessMethod type="Microsoft.VisualStudio.TestTools.UnitTesting.DataAccessMethod, Microsoft.VisualStudio.QualityTools.UnitTestFramework, Version=8.0.0.0, Culture=neutral, PublicKeyToken=b03f5f7f11d50a3a"><value__ type="System.Int32">0</value__></dataAccessMethod><cssProjectStructure type="System.String" /><isRunOnRestart type="System.Boolean">False</isRunOnRestart><timeOut type="System.Int32">0</timeOut><isGroupable type="System.Boolean">True</isGroupable><abortRunOnAgentFailure type="System.Boolean">False</abortRunOnAgentFailure><cssIteration type="System.String" /><workItemIds type="System.Collections.Generic.List`1[[System.Int32, mscorlib, Version=2.0.0.0, Culture=neutral, PublicKeyToken=b77a5c561934e089]]"><_size type="System.Int32">0</_size><_version type="System.Int32">1</_version></workItemIds><id type="Microsoft.VisualStudio.TestTools.Common.TestId"><id type="System.Guid">01414cf6-01ad-39e1-510c-7e25cdfead73</id></id><name type="System.String">OrderReviewStopTest</name><description type="System.String" /><enabled type="System.Boolean">True</enabled><owner type="System.String" /><priority type="System.Int32">0</priority><executionId type="Microsoft.VisualStudio.TestTools.Common.TestExecId"><id type="System.Guid">00000000-0000-0000-0000-000000000000</id></executionId><parentExecutId type="Microsoft.VisualStudio.TestTools.Common.TestExecId"><id type="System.Guid">00000000-0000-0000-0000-000000000000</id></parentExecutId><deploymentItems type="Microsoft.VisualStudio.TestTools.Common.DeploymentItemCollection" /><agentAttributes type="System.Collections.Specialized.StringDictionary, System, Version=2.0.0.0, Culture=neutral, PublicKeyToken=b77a5c561934e089" /><storage type="System.String">e:\projects\brownshoe\unit_tests\product\src\brownshoe\testing\unittests\bin\brownshoe.unittests.dll</storage><m_nonRunnableReason type="System.String" /></value><key type="Microsoft.VisualStudio.TestTools.Common.TestId"><id type="System.Guid">296bf6bc-9661-41e6-81d8-1c5ba350dce9</id></key><value type="Microsoft.VisualStudio.TestTools.TestTypes.Unit.UnitTestElement, Microsoft.VisualStudio.QualityTools.Tips.UnitTest.ObjectModel, Version=8.0.0.0, Culture=neutral, PublicKeyToken=b03f5f7f11d50a3a"><codeBase type="System.String">e:/projects/brownshoe/unit_tests/product/src/BrownShoe/Testing/UnitTests/bin/BrownShoe.UnitTests.DLL</codeBase><adapterTypeName type="System.String">Microsoft.VisualStudio.TestTools.TestTypes.Unit.UnitTestAdapter, Microsoft.VisualStudio.QualityTools.Tips.UnitTest.Adapter</adapterTypeName><testMethod type="Microsoft.VisualStudio.TestTools.TestTypes.Unit.TestMethod, Microsoft.VisualStudio.QualityTools.Tips.UnitTest.ObjectModel, Version=8.0.0.0, Culture=neutral, PublicKeyToken=b03f5f7f11d50a3a"><className type="System.String">BrownShoe.UnitTests.Services.Madison.MadisonWebServiceTest, BrownShoe.UnitTests, Version=1.0.0.0, Culture=neutral, PublicKeyToken=null</className><name type="System.String">LocateStoreInventorySizeWidthsTest</name><expectedExceptionMessage type="System.String" /><isValid type="System.Boolean">False</isValid></testMethod><aspNetDevServers type="System.Collections.Generic.List`1[[Microsoft.VisualStudio.TestTools.Common.AspNetDevelopmentServer, Microsoft.VisualStudio.QualityTools.Common, Version=8.0.0.0, Culture=neutral, PublicKeyToken=b03f5f7f11d50a3a]]"><_size type="System.Int32">0</_size><_version type="System.Int32">0</_version></aspNetDevServers><dataAccessMethod type="Microsoft.VisualStudio.TestTools.UnitTesting.DataAccessMethod, Microsoft.VisualStudio.QualityTools.UnitTestFramework, Version=8.0.0.0, Culture=neutral, PublicKeyToken=b03f5f7f11d50a3a"><value__ type="System.Int32">0</value__></dataAccessMethod><cssProjectStructure type="System.String" /><isRunOnRestart type="System.Boolean">False</isRunOnRestart><timeOut type="System.Int32">0</timeOut><isGroupable type="System.Boolean">True</isGroupable><abortRunOnAgentFailure type="System.Boolean">False</abortRunOnAgentFailure><cssIteration type="System.String" /><workItemIds type="System.Collections.Generic.List`1[[System.Int32, mscorlib, Version=2.0.0.0, Culture=neutral, PublicKeyToken=b77a5c561934e089]]"><_size type="System.Int32">0</_size><_version type="System.Int32">1</_version></workItemIds><id type="Microsoft.VisualStudio.TestTools.Common.TestId"><id type="System.Guid">296bf6bc-9661-41e6-81d8-1c5ba350dce9</id></id><name type="System.String">LocateStoreInventorySizeWidthsTest</name><description type="System.String" /><enabled type="System.Boolean">True</enabled><owner type="System.String" /><priority type="System.Int32">0</priority><executionId type="Microsoft.VisualStudio.TestTools.Common.TestExecId"><id type="System.Guid">00000000-0000-0000-0000-000000000000</id></executionId><parentExecutId type="Microsoft.VisualStudio.TestTools.Common.TestExecId"><id type="System.Guid">00000000-0000-0000-0000-000000000000</id></parentExecutId><deploymentItems type="Microsoft.VisualStudio.TestTools.Common.DeploymentItemCollection" /><agentAttributes type="System.Collections.Specialized.StringDictionary, System, Version=2.0.0.0, Culture=neutral, PublicKeyToken=b77a5c561934e089" /><storage type="System.String">e:\projects\brownshoe\unit_tests\product\src\brownshoe\testing\unittests\bin\brownshoe.unittests.dll</storage><m_nonRunnableReason type="System.String" /></value><key type="Microsoft.VisualStudio.TestTools.Common.TestId"><id type="System.Guid">990db9cd-5c49-c1d8-f6e3-3069a084ff4c</id></key><value type="Microsoft.VisualStudio.TestTools.TestTypes.Unit.UnitTestElement, Microsoft.VisualStudio.QualityTools.Tips.UnitTest.ObjectModel, Version=8.0.0.0, Culture=neutral, PublicKeyToken=b03f5f7f11d50a3a"><codeBase type="System.String">e:/projects/brownshoe/unit_tests/product/src/BrownShoe/Testing/UnitTests/bin/BrownShoe.UnitTests.DLL</codeBase><adapterTypeName type="System.String">Microsoft.VisualStudio.TestTools.TestTypes.Unit.UnitTestAdapter, Microsoft.VisualStudio.QualityTools.Tips.UnitTest.Adapter</adapterTypeName><testMethod type="Microsoft.VisualStudio.TestTools.TestTypes.Unit.TestMethod, Microsoft.VisualStudio.QualityTools.Tips.UnitTest.ObjectModel, Version=8.0.0.0, Culture=neutral, PublicKeyToken=b03f5f7f11d50a3a"><className type="System.String">BrownShoe.UnitTests.RetailApplicationCore.Checkout.CheckoutConfigHelperTest, BrownShoe.UnitTests, Version=1.0.0.0, Culture=neutral, PublicKeyToken=null</className><name type="System.String">ListShippingMethodsTest</name><expectedExceptionMessage type="System.String" /><isValid type="System.Boolean">False</isValid></testMethod><aspNetDevServers type="System.Collections.Generic.List`1[[Microsoft.VisualStudio.TestTools.Common.AspNetDevelopmentServer, Microsoft.VisualStudio.QualityTools.Common, Version=8.0.0.0, Culture=neutral, PublicKeyToken=b03f5f7f11d50a3a]]"><_size type="System.Int32">0</_size><_version type="System.Int32">0</_version></aspNetDevServers><dataAccessMethod type="Microsoft.VisualStudio.TestTools.UnitTesting.DataAccessMethod, Microsoft.VisualStudio.QualityTools.UnitTestFramework, Version=8.0.0.0, Culture=neutral, PublicKeyToken=b03f5f7f11d50a3a"><value__ type="System.Int32">0</value__></dataAccessMethod><cssProjectStructure type="System.String" /><isRunOnRestart type="System.Boolean">False</isRunOnRestart><timeOut type="System.Int32">0</timeOut><isGroupable type="System.Boolean">True</isGroupable><abortRunOnAgentFailure type="System.Boolean">False</abortRunOnAgentFailure><cssIteration type="System.String" /><workItemIds type="System.Collections.Generic.List`1[[System.Int32, mscorlib, Version=2.0.0.0, Culture=neutral, PublicKeyToken=b77a5c561934e089]]"><_size type="System.Int32">0</_size><_version type="System.Int32">1</_version></workItemIds><id type="Microsoft.VisualStudio.TestTools.Common.TestId"><id type="System.Guid">990db9cd-5c49-c1d8-f6e3-3069a084ff4c</id></id><name type="System.String">ListShippingMethodsTest</name><description type="System.String" /><enabled type="System.Boolean">True</enabled><owner type="System.String" /><priority type="System.Int32">0</priority><executionId type="Microsoft.VisualStudio.TestTools.Common.TestExecId"><id type="System.Guid">00000000-0000-0000-0000-000000000000</id></executionId><parentExecutId type="Microsoft.VisualStudio.TestTools.Common.TestExecId"><id type="System.Guid">00000000-0000-0000-0000-000000000000</id></parentExecutId><deploymentItems type="Microsoft.VisualStudio.TestTools.Common.DeploymentItemCollection" /><agentAttributes type="System.Collections.Specialized.StringDictionary, System, Version=2.0.0.0, Culture=neutral, PublicKeyToken=b77a5c561934e089" /><storage type="System.String">e:\projects\brownshoe\unit_tests\product\src\brownshoe\testing\unittests\bin\brownshoe.unittests.dll</storage><m_nonRunnableReason type="System.String" /></value><key type="Microsoft.VisualStudio.TestTools.Common.TestId"><id type="System.Guid">b01e8c7e-5127-df29-6763-f1d90912bf83</id></key><value type="Microsoft.VisualStudio.TestTools.TestTypes.Unit.UnitTestElement, Microsoft.VisualStudio.QualityTools.Tips.UnitTest.ObjectModel, Version=8.0.0.0, Culture=neutral, PublicKeyToken=b03f5f7f11d50a3a"><codeBase type="System.String">e:/projects/brownshoe/unit_tests/product/src/BrownShoe/Testing/UnitTests/bin/BrownShoe.UnitTests.DLL</codeBase><adapterTypeName type="System.String">Microsoft.VisualStudio.TestTools.TestTypes.Unit.UnitTestAdapter, Microsoft.VisualStudio.QualityTools.Tips.UnitTest.Adapter</adapterTypeName><testMethod type="Microsoft.VisualStudio.TestTools.TestTypes.Unit.TestMethod, Microsoft.VisualStudio.QualityTools.Tips.UnitTest.ObjectModel, Version=8.0.0.0, Culture=neutral, PublicKeyToken=b03f5f7f11d50a3a"><className type="System.String">BrownShoe.UnitTests.Services.Marketing.PromoCodeHelperTest, BrownShoe.UnitTests, Version=1.0.0.0, Culture=neutral, PublicKeyToken=null</className><name type="System.String">IsSuppressCJTestTrue</name><expectedExceptionMessage type="System.String" /><isValid type="System.Boolean">False</isValid></testMethod><aspNetDevServers type="System.Collections.Generic.List`1[[Microsoft.VisualStudio.TestTools.Common.AspNetDevelopmentServer, Microsoft.VisualStudio.QualityTools.Common, Version=8.0.0.0, Culture=neutral, PublicKeyToken=b03f5f7f11d50a3a]]"><_size type="System.Int32">0</_size><_version type="System.Int32">0</_version></aspNetDevServers><dataAccessMethod type="Microsoft.VisualStudio.TestTools.UnitTesting.DataAccessMethod, Microsoft.VisualStudio.QualityTools.UnitTestFramework, Version=8.0.0.0, Culture=neutral, PublicKeyToken=b03f5f7f11d50a3a"><value__ type="System.Int32">0</value__></dataAccessMethod><cssProjectStructure type="System.String" /><isRunOnRestart type="System.Boolean">False</isRunOnRestart><timeOut type="System.Int32">0</timeOut><isGroupable type="System.Boolean">True</isGroupable><abortRunOnAgentFailure type="System.Boolean">False</abortRunOnAgentFailure><cssIteration type="System.String" /><workItemIds type="System.Collections.Generic.List`1[[System.Int32, mscorlib, Version=2.0.0.0, Culture=neutral, PublicKeyToken=b77a5c561934e089]]"><_size type="System.Int32">0</_size><_version type="System.Int32">1</_version></workItemIds><id type="Microsoft.VisualStudio.TestTools.Common.TestId"><id type="System.Guid">b01e8c7e-5127-df29-6763-f1d90912bf83</id></id><name type="System.String">IsSuppressCJTestTrue</name><description type="System.String" /><enabled type="System.Boolean">True</enabled><owner type="System.String" /><priority type="System.Int32">0</priority><executionId type="Microsoft.VisualStudio.TestTools.Common.TestExecId"><id type="System.Guid">00000000-0000-0000-0000-000000000000</id></executionId><parentExecutId type="Microsoft.VisualStudio.TestTools.Common.TestExecId"><id type="System.Guid">00000000-0000-0000-0000-000000000000</id></parentExecutId><deploymentItems type="Microsoft.VisualStudio.TestTools.Common.DeploymentItemCollection" /><agentAttributes type="System.Collections.Specialized.StringDictionary, System, Version=2.0.0.0, Culture=neutral, PublicKeyToken=b77a5c561934e089" /><storage type="System.String">e:\projects\brownshoe\unit_tests\product\src\brownshoe\testing\unittests\bin\brownshoe.unittests.dll</storage><m_nonRunnableReason type="System.String" /></value><key type="Microsoft.VisualStudio.TestTools.Common.TestId"><id type="System.Guid">6121f546-19ac-b4b0-bfb7-3941ffe0ad96</id></key><value type="Microsoft.VisualStudio.TestTools.TestTypes.Unit.UnitTestElement, Microsoft.VisualStudio.QualityTools.Tips.UnitTest.ObjectModel, Version=8.0.0.0, Culture=neutral, PublicKeyToken=b03f5f7f11d50a3a"><codeBase type="System.String">e:/projects/brownshoe/unit_tests/product/src/BrownShoe/Testing/UnitTests/bin/BrownShoe.UnitTests.DLL</codeBase><adapterTypeName type="System.String">Microsoft.VisualStudio.TestTools.TestTypes.Unit.UnitTestAdapter, Microsoft.VisualStudio.QualityTools.Tips.UnitTest.Adapter</adapterTypeName><testMethod type="Microsoft.VisualStudio.TestTools.TestTypes.Unit.TestMethod, Microsoft.VisualStudio.QualityTools.Tips.UnitTest.ObjectModel, Version=8.0.0.0, Culture=neutral, PublicKeyToken=b03f5f7f11d50a3a"><className type="System.String">BrownShoe.UnitTests.Services.Orders.OrderTracking.SmartPost.SmartPostServiceTest, BrownShoe.UnitTests, Version=1.0.0.0, Culture=neutral, PublicKeyToken=null</className><name type="System.String">MakeRequestTest_GoodXmlSuccess</name><expectedExceptionMessage type="System.String" /><isValid type="System.Boolean">False</isValid></testMethod><aspNetDevServers type="System.Collections.Generic.List`1[[Microsoft.VisualStudio.TestTools.Common.AspNetDevelopmentServer, Microsoft.VisualStudio.QualityTools.Common, Version=8.0.0.0, Culture=neutral, PublicKeyToken=b03f5f7f11d50a3a]]"><_size type="System.Int32">0</_size><_version type="System.Int32">0</_version></aspNetDevServers><dataAccessMethod type="Microsoft.VisualStudio.TestTools.UnitTesting.DataAccessMethod, Microsoft.VisualStudio.QualityTools.UnitTestFramework, Version=8.0.0.0, Culture=neutral, PublicKeyToken=b03f5f7f11d50a3a"><value__ type="System.Int32">0</value__></dataAccessMethod><cssProjectStructure type="System.String" /><isRunOnRestart type="System.Boolean">False</isRunOnRestart><timeOut type="System.Int32">0</timeOut><isGroupable type="System.Boolean">True</isGroupable><abortRunOnAgentFailure type="System.Boolean">False</abortRunOnAgentFailure><cssIteration type="System.String" /><workItemIds type="System.Collections.Generic.List`1[[System.Int32, mscorlib, Version=2.0.0.0, Culture=neutral, PublicKeyToken=b77a5c561934e089]]"><_size type="System.Int32">0</_size><_version type="System.Int32">1</_version></workItemIds><id type="Microsoft.VisualStudio.TestTools.Common.TestId"><id type="System.Guid">6121f546-19ac-b4b0-bfb7-3941ffe0ad96</id></id><name type="System.String">MakeRequestTest_GoodXmlSuccess</name><description type="System.String" /><enabled type="System.Boolean">True</enabled><owner type="System.String" /><priority type="System.Int32">0</priority><executionId type="Microsoft.VisualStudio.TestTools.Common.TestExecId"><id type="System.Guid">00000000-0000-0000-0000-000000000000</id></executionId><parentExecutId type="Microsoft.VisualStudio.TestTools.Common.TestExecId"><id type="System.Guid">00000000-0000-0000-0000-000000000000</id></parentExecutId><deploymentItems type="Microsoft.VisualStudio.TestTools.Common.DeploymentItemCollection" /><agentAttributes type="System.Collections.Specialized.StringDictionary, System, Version=2.0.0.0, Culture=neutral, PublicKeyToken=b77a5c561934e089" /><storage type="System.String">e:\projects\brownshoe\unit_tests\product\src\brownshoe\testing\unittests\bin\brownshoe.unittests.dll</storage><m_nonRunnableReason type="System.String" /></value><key type="Microsoft.VisualStudio.TestTools.Common.TestId"><id type="System.Guid">6708908b-3058-f534-0f14-1470d02c6785</id></key><value type="Microsoft.VisualStudio.TestTools.TestTypes.Unit.UnitTestElement, Microsoft.VisualStudio.QualityTools.Tips.UnitTest.ObjectModel, Version=8.0.0.0, Culture=neutral, PublicKeyToken=b03f5f7f11d50a3a"><codeBase type="System.String">e:/projects/brownshoe/unit_tests/product/src/BrownShoe/Testing/UnitTests/bin/BrownShoe.UnitTests.DLL</codeBase><adapterTypeName type="System.String">Microsoft.VisualStudio.TestTools.TestTypes.Unit.UnitTestAdapter, Microsoft.VisualStudio.QualityTools.Tips.UnitTest.Adapter</adapterTypeName><testMethod type="Microsoft.VisualStudio.TestTools.TestTypes.Unit.TestMethod, Microsoft.VisualStudio.QualityTools.Tips.UnitTest.ObjectModel, Version=8.0.0.0, Culture=neutral, PublicKeyToken=b03f5f7f11d50a3a"><className type="System.String">BrownShoe.UnitTests.Services.Orders.CustomerOrderServiceTest, BrownShoe.UnitTests, Version=1.0.0.0, Culture=neutral, PublicKeyToken=null</className><name type="System.String">ListAdjustmentReasonsTest</name><expectedExceptionMessage type="System.String" /><isValid type="System.Boolean">False</isValid></testMethod><aspNetDevServers type="System.Collections.Generic.List`1[[Microsoft.VisualStudio.TestTools.Common.AspNetDevelopmentServer, Microsoft.VisualStudio.QualityTools.Common, Version=8.0.0.0, Culture=neutral, PublicKeyToken=b03f5f7f11d50a3a]]"><_size type="System.Int32">0</_size><_version type="System.Int32">0</_version></aspNetDevServers><dataAccessMethod type="Microsoft.VisualStudio.TestTools.UnitTesting.DataAccessMethod, Microsoft.VisualStudio.QualityTools.UnitTestFramework, Version=8.0.0.0, Culture=neutral, PublicKeyToken=b03f5f7f11d50a3a"><value__ type="System.Int32">0</value__></dataAccessMethod><cssProjectStructure type="System.String" /><isRunOnRestart type="System.Boolean">False</isRunOnRestart><timeOut type="System.Int32">0</timeOut><isGroupable type="System.Boolean">True</isGroupable><abortRunOnAgentFailure type="System.Boolean">False</abortRunOnAgentFailure><cssIteration type="System.String" /><workItemIds type="System.Collections.Generic.List`1[[System.Int32, mscorlib, Version=2.0.0.0, Culture=neutral, PublicKeyToken=b77a5c561934e089]]"><_size type="System.Int32">0</_size><_version type="System.Int32">1</_version></workItemIds><id type="Microsoft.VisualStudio.TestTools.Common.TestId"><id type="System.Guid">6708908b-3058-f534-0f14-1470d02c6785</id></id><name type="System.String">ListAdjustmentReasonsTest</name><description type="System.String" /><enabled type="System.Boolean">True</enabled><owner type="System.String" /><priority type="System.Int32">0</priority><executionId type="Microsoft.VisualStudio.TestTools.Common.TestExecId"><id type="System.Guid">00000000-0000-0000-0000-000000000000</id></executionId><parentExecutId type="Microsoft.VisualStudio.TestTools.Common.TestExecId"><id type="System.Guid">00000000-0000-0000-0000-000000000000</id></parentExecutId><deploymentItems type="Microsoft.VisualStudio.TestTools.Common.DeploymentItemCollection" /><agentAttributes type="System.Collections.Specialized.StringDictionary, System, Version=2.0.0.0, Culture=neutral, PublicKeyToken=b77a5c561934e089" /><storage type="System.String">e:\projects\brownshoe\unit_tests\product\src\brownshoe\testing\unittests\bin\brownshoe.unittests.dll</storage><m_nonRunnableReason type="System.String" /></value><key type="Microsoft.VisualStudio.TestTools.Common.TestId"><id type="System.Guid">2b161261-807b-f0ea-23d3-90395367cf10</id></key><value type="Microsoft.VisualStudio.TestTools.TestTypes.Unit.UnitTestElement, Microsoft.VisualStudio.QualityTools.Tips.UnitTest.ObjectModel, Version=8.0.0.0, Culture=neutral, PublicKeyToken=b03f5f7f11d50a3a"><codeBase type="System.String">e:/projects/brownshoe/unit_tests/product/src/BrownShoe/Testing/UnitTests/bin/BrownShoe.UnitTests.DLL</codeBase><adapterTypeName type="System.String">Microsoft.VisualStudio.TestTools.TestTypes.Unit.UnitTestAdapter, Microsoft.VisualStudio.QualityTools.Tips.UnitTest.Adapter</adapterTypeName><testMethod type="Microsoft.VisualStudio.TestTools.TestTypes.Unit.TestMethod, Microsoft.VisualStudio.QualityTools.Tips.UnitTest.ObjectModel, Version=8.0.0.0, Culture=neutral, PublicKeyToken=b03f5f7f11d50a3a"><className type="System.String">BrownShoe.UnitTests.Services.Profiles.ProfileServiceTest, BrownShoe.UnitTests, Version=1.0.0.0, Culture=neutral, PublicKeyToken=null</className><name type="System.String">AddAddressToProfileTest</name><expectedExceptionMessage type="System.String" /><isValid type="System.Boolean">False</isValid></testMethod><aspNetDevServers type="System.Collections.Generic.List`1[[Microsoft.VisualStudio.TestTools.Common.AspNetDevelopmentServer, Microsoft.VisualStudio.QualityTools.Common, Version=8.0.0.0, Culture=neutral, PublicKeyToken=b03f5f7f11d50a3a]]"><_size type="System.Int32">0</_size><_version type="System.Int32">0</_version></aspNetDevServers><dataAccessMethod type="Microsoft.VisualStudio.TestTools.UnitTesting.DataAccessMethod, Microsoft.VisualStudio.QualityTools.UnitTestFramework, Version=8.0.0.0, Culture=neutral, PublicKeyToken=b03f5f7f11d50a3a"><value__ type="System.Int32">0</value__></dataAccessMethod><cssProjectStructure type="System.String" /><isRunOnRestart type="System.Boolean">False</isRunOnRestart><timeOut type="System.Int32">0</timeOut><isGroupable type="System.Boolean">True</isGroupable><abortRunOnAgentFailure type="System.Boolean">False</abortRunOnAgentFailure><cssIteration type="System.String" /><workItemIds type="System.Collections.Generic.List`1[[System.Int32, mscorlib, Version=2.0.0.0, Culture=neutral, PublicKeyToken=b77a5c561934e089]]"><_size type="System.Int32">0</_size><_version type="System.Int32">1</_version></workItemIds><id type="Microsoft.VisualStudio.TestTools.Common.TestId"><id type="System.Guid">2b161261-807b-f0ea-23d3-90395367cf10</id></id><name type="System.String">AddAddressToProfileTest</name><description type="System.String" /><enabled type="System.Boolean">True</enabled><owner type="System.String" /><priority type="System.Int32">0</priority><executionId type="Microsoft.VisualStudio.TestTools.Common.TestExecId"><id type="System.Guid">00000000-0000-0000-0000-000000000000</id></executionId><parentExecutId type="Microsoft.VisualStudio.TestTools.Common.TestExecId"><id type="System.Guid">00000000-0000-0000-0000-000000000000</id></parentExecutId><deploymentItems type="Microsoft.VisualStudio.TestTools.Common.DeploymentItemCollection" /><agentAttributes type="System.Collections.Specialized.StringDictionary, System, Version=2.0.0.0, Culture=neutral, PublicKeyToken=b77a5c561934e089" /><storage type="System.String">e:\projects\brownshoe\unit_tests\product\src\brownshoe\testing\unittests\bin\brownshoe.unittests.dll</storage><m_nonRunnableReason type="System.String" /></value><key type="Microsoft.VisualStudio.TestTools.Common.TestId"><id type="System.Guid">ed086d7b-e249-06d9-b8e7-4310829fc623</id></key><value type="Microsoft.VisualStudio.TestTools.TestTypes.Unit.UnitTestElement, Microsoft.VisualStudio.QualityTools.Tips.UnitTest.ObjectModel, Version=8.0.0.0, Culture=neutral, PublicKeyToken=b03f5f7f11d50a3a"><codeBase type="System.String">e:/projects/brownshoe/unit_tests/product/src/BrownShoe/Testing/UnitTests/bin/BrownShoe.UnitTests.DLL</codeBase><adapterTypeName type="System.String">Microsoft.VisualStudio.TestTools.TestTypes.Unit.UnitTestAdapter, Microsoft.VisualStudio.QualityTools.Tips.UnitTest.Adapter</adapterTypeName><testMethod type="Microsoft.VisualStudio.TestTools.TestTypes.Unit.TestMethod, Microsoft.VisualStudio.QualityTools.Tips.UnitTest.ObjectModel, Version=8.0.0.0, Culture=neutral, PublicKeyToken=b03f5f7f11d50a3a"><className type="System.String">BrownShoe.UnitTests.Services.Orders.CustomerOrderServiceTest, BrownShoe.UnitTests, Version=1.0.0.0, Culture=neutral, PublicKeyToken=null</className><name type="System.String">GetExchangeItemsTest</name><expectedExceptionMessage type="System.String" /><isValid type="System.Boolean">False</isValid></testMethod><aspNetDevServers type="System.Collections.Generic.List`1[[Microsoft.VisualStudio.TestTools.Common.AspNetDevelopmentServer, Microsoft.VisualStudio.QualityTools.Common, Version=8.0.0.0, Culture=neutral, PublicKeyToken=b03f5f7f11d50a3a]]"><_size type="System.Int32">0</_size><_version type="System.Int32">0</_version></aspNetDevServers><dataAccessMethod type="Microsoft.VisualStudio.TestTools.UnitTesting.DataAccessMethod, Microsoft.VisualStudio.QualityTools.UnitTestFramework, Version=8.0.0.0, Culture=neutral, PublicKeyToken=b03f5f7f11d50a3a"><value__ type="System.Int32">0</value__></dataAccessMethod><cssProjectStructure type="System.String" /><isRunOnRestart type="System.Boolean">False</isRunOnRestart><timeOut type="System.Int32">0</timeOut><isGroupable type="System.Boolean">True</isGroupable><abortRunOnAgentFailure type="System.Boolean">False</abortRunOnAgentFailure><cssIteration type="System.String" /><workItemIds type="System.Collections.Generic.List`1[[System.Int32, mscorlib, Version=2.0.0.0, Culture=neutral, PublicKeyToken=b77a5c561934e089]]"><_size type="System.Int32">0</_size><_version type="System.Int32">1</_version></workItemIds><id type="Microsoft.VisualStudio.TestTools.Common.TestId"><id type="System.Guid">ed086d7b-e249-06d9-b8e7-4310829fc623</id></id><name type="System.String">GetExchangeItemsTest</name><description type="System.String" /><enabled type="System.Boolean">True</enabled><owner type="System.String" /><priority type="System.Int32">0</priority><executionId type="Microsoft.VisualStudio.TestTools.Common.TestExecId"><id type="System.Guid">00000000-0000-0000-0000-000000000000</id></executionId><parentExecutId type="Microsoft.VisualStudio.TestTools.Common.TestExecId"><id type="System.Guid">00000000-0000-0000-0000-000000000000</id></parentExecutId><deploymentItems type="Microsoft.VisualStudio.TestTools.Common.DeploymentItemCollection" /><agentAttributes type="System.Collections.Specialized.StringDictionary, System, Version=2.0.0.0, Culture=neutral, PublicKeyToken=b77a5c561934e089" /><storage type="System.String">e:\projects\brownshoe\unit_tests\product\src\brownshoe\testing\unittests\bin\brownshoe.unittests.dll</storage><m_nonRunnableReason type="System.String" /></value><key type="Microsoft.VisualStudio.TestTools.Common.TestId"><id type="System.Guid">32c2f894-e0e3-cf90-83a4-52d34f3a8498</id></key><value type="Microsoft.VisualStudio.TestTools.TestTypes.Unit.UnitTestElement, Microsoft.VisualStudio.QualityTools.Tips.UnitTest.ObjectModel, Version=8.0.0.0, Culture=neutral, PublicKeyToken=b03f5f7f11d50a3a"><codeBase type="System.String">e:/projects/brownshoe/unit_tests/product/src/BrownShoe/Testing/UnitTests/bin/BrownShoe.UnitTests.DLL</codeBase><adapterTypeName type="System.String">Microsoft.VisualStudio.TestTools.TestTypes.Unit.UnitTestAdapter, Microsoft.VisualStudio.QualityTools.Tips.UnitTest.Adapter</adapterTypeName><testMethod type="Microsoft.VisualStudio.TestTools.TestTypes.Unit.TestMethod, Microsoft.VisualStudio.QualityTools.Tips.UnitTest.ObjectModel, Version=8.0.0.0, Culture=neutral, PublicKeyToken=b03f5f7f11d50a3a"><className type="System.String">BrownShoe.UnitTests.Services.Orders.MerchandiseReturnServiceTest, BrownShoe.UnitTests, Version=1.0.0.0, Culture=neutral, PublicKeyToken=null</className><name type="System.String">ListReturnsTest</name><expectedExceptionMessage type="System.String" /><isValid type="System.Boolean">False</isValid></testMethod><aspNetDevServers type="System.Collections.Generic.List`1[[Microsoft.VisualStudio.TestTools.Common.AspNetDevelopmentServer, Microsoft.VisualStudio.QualityTools.Common, Version=8.0.0.0, Culture=neutral, PublicKeyToken=b03f5f7f11d50a3a]]"><_size type="System.Int32">0</_size><_version type="System.Int32">0</_version></aspNetDevServers><dataAccessMethod type="Microsoft.VisualStudio.TestTools.UnitTesting.DataAccessMethod, Microsoft.VisualStudio.QualityTools.UnitTestFramework, Version=8.0.0.0, Culture=neutral, PublicKeyToken=b03f5f7f11d50a3a"><value__ type="System.Int32">0</value__></dataAccessMethod><cssProjectStructure type="System.String" /><isRunOnRestart type="System.Boolean">False</isRunOnRestart><timeOut type="System.Int32">0</timeOut><isGroupable type="System.Boolean">True</isGroupable><abortRunOnAgentFailure type="System.Boolean">False</abortRunOnAgentFailure><cssIteration type="System.String" /><workItemIds type="System.Collections.Generic.List`1[[System.Int32, mscorlib, Version=2.0.0.0, Culture=neutral, PublicKeyToken=b77a5c561934e089]]"><_size type="System.Int32">0</_size><_version type="System.Int32">1</_version></workItemIds><id type="Microsoft.VisualStudio.TestTools.Common.TestId"><id type="System.Guid">32c2f894-e0e3-cf90-83a4-52d34f3a8498</id></id><name type="System.String">ListReturnsTest</name><description type="System.String" /><enabled type="System.Boolean">True</enabled><owner type="System.String" /><priority type="System.Int32">0</priority><executionId type="Microsoft.VisualStudio.TestTools.Common.TestExecId"><id type="System.Guid">00000000-0000-0000-0000-000000000000</id></executionId><parentExecutId type="Microsoft.VisualStudio.TestTools.Common.TestExecId"><id type="System.Guid">00000000-0000-0000-0000-000000000000</id></parentExecutId><deploymentItems type="Microsoft.VisualStudio.TestTools.Common.DeploymentItemCollection" /><agentAttributes type="System.Collections.Specialized.StringDictionary, System, Version=2.0.0.0, Culture=neutral, PublicKeyToken=b77a5c561934e089" /><storage type="System.String">e:\projects\brownshoe\unit_tests\product\src\brownshoe\testing\unittests\bin\brownshoe.unittests.dll</storage><m_nonRunnableReason type="System.String" /></value><key type="Microsoft.VisualStudio.TestTools.Common.TestId"><id type="System.Guid">2d440f41-7e3e-9bb5-b24b-00be82685c58</id></key><value type="Microsoft.VisualStudio.TestTools.TestTypes.Unit.UnitTestElement, Microsoft.VisualStudio.QualityTools.Tips.UnitTest.ObjectModel, Version=8.0.0.0, Culture=neutral, PublicKeyToken=b03f5f7f11d50a3a"><codeBase type="System.String">e:/projects/brownshoe/unit_tests/product/src/BrownShoe/Testing/UnitTests/bin/BrownShoe.UnitTests.DLL</codeBase><adapterTypeName type="System.String">Microsoft.VisualStudio.TestTools.TestTypes.Unit.UnitTestAdapter, Microsoft.VisualStudio.QualityTools.Tips.UnitTest.Adapter</adapterTypeName><testMethod type="Microsoft.VisualStudio.TestTools.TestTypes.Unit.TestMethod, Microsoft.VisualStudio.QualityTools.Tips.UnitTest.ObjectModel, Version=8.0.0.0, Culture=neutral, PublicKeyToken=b03f5f7f11d50a3a"><className type="System.String">BrownShoe.UnitTests.Services.Madison.HomeDeliveryOrderTest, BrownShoe.UnitTests, Version=1.0.0.0, Culture=neutral, PublicKeyToken=null</className><name type="System.String">SubTotalTest</name><expectedExceptionMessage type="System.String" /><isValid type="System.Boolean">False</isValid></testMethod><aspNetDevServers type="System.Collections.Generic.List`1[[Microsoft.VisualStudio.TestTools.Common.AspNetDevelopmentServer, Microsoft.VisualStudio.QualityTools.Common, Version=8.0.0.0, Culture=neutral, PublicKeyToken=b03f5f7f11d50a3a]]"><_size type="System.Int32">0</_size><_version type="System.Int32">0</_version></aspNetDevServers><dataAccessMethod type="Microsoft.VisualStudio.TestTools.UnitTesting.DataAccessMethod, Microsoft.VisualStudio.QualityTools.UnitTestFramework, Version=8.0.0.0, Culture=neutral, PublicKeyToken=b03f5f7f11d50a3a"><value__ type="System.Int32">0</value__></dataAccessMethod><cssProjectStructure type="System.String" /><isRunOnRestart type="System.Boolean">False</isRunOnRestart><timeOut type="System.Int32">0</timeOut><isGroupable type="System.Boolean">True</isGroupable><abortRunOnAgentFailure type="System.Boolean">False</abortRunOnAgentFailure><cssIteration type="System.String" /><workItemIds type="System.Collections.Generic.List`1[[System.Int32, mscorlib, Version=2.0.0.0, Culture=neutral, PublicKeyToken=b77a5c561934e089]]"><_size type="System.Int32">0</_size><_version type="System.Int32">1</_version></workItemIds><id type="Microsoft.VisualStudio.TestTools.Common.TestId"><id type="System.Guid">2d440f41-7e3e-9bb5-b24b-00be82685c58</id></id><name type="System.String">SubTotalTest</name><description type="System.String" /><enabled type="System.Boolean">True</enabled><owner type="System.String" /><priority type="System.Int32">0</priority><executionId type="Microsoft.VisualStudio.TestTools.Common.TestExecId"><id type="System.Guid">00000000-0000-0000-0000-000000000000</id></executionId><parentExecutId type="Microsoft.VisualStudio.TestTools.Common.TestExecId"><id type="System.Guid">00000000-0000-0000-0000-000000000000</id></parentExecutId><deploymentItems type="Microsoft.VisualStudio.TestTools.Common.DeploymentItemCollection" /><agentAttributes type="System.Collections.Specialized.StringDictionary, System, Version=2.0.0.0, Culture=neutral, PublicKeyToken=b77a5c561934e089" /><storage type="System.String">e:\projects\brownshoe\unit_tests\product\src\brownshoe\testing\unittests\bin\brownshoe.unittests.dll</storage><m_nonRunnableReason type="System.String" /></value><key type="Microsoft.VisualStudio.TestTools.Common.TestId"><id type="System.Guid">4562a5a2-9bad-26d7-0301-912a1ce27ff9</id></key><value type="Microsoft.VisualStudio.TestTools.TestTypes.Unit.UnitTestElement, Microsoft.VisualStudio.QualityTools.Tips.UnitTest.ObjectModel, Version=8.0.0.0, Culture=neutral, PublicKeyToken=b03f5f7f11d50a3a"><codeBase type="System.String">e:/projects/brownshoe/unit_tests/product/src/BrownShoe/Testing/UnitTests/bin/BrownShoe.UnitTests.DLL</codeBase><adapterTypeName type="System.String">Microsoft.VisualStudio.TestTools.TestTypes.Unit.UnitTestAdapter, Microsoft.VisualStudio.QualityTools.Tips.UnitTest.Adapter</adapterTypeName><testMethod type="Microsoft.VisualStudio.TestTools.TestTypes.Unit.TestMethod, Microsoft.VisualStudio.QualityTools.Tips.UnitTest.ObjectModel, Version=8.0.0.0, Culture=neutral, PublicKeyToken=b03f5f7f11d50a3a"><className type="System.String">BrownShoe.UnitTests.Services.Madison.MadisonWebServiceResultOrderDetailTest, BrownShoe.UnitTests, Version=1.0.0.0, Culture=neutral, PublicKeyToken=null</className><name type="System.String">DataTest</name><expectedExceptionMessage type="System.String" /><isValid type="System.Boolean">False</isValid></testMethod><aspNetDevServers type="System.Collections.Generic.List`1[[Microsoft.VisualStudio.TestTools.Common.AspNetDevelopmentServer, Microsoft.VisualStudio.QualityTools.Common, Version=8.0.0.0, Culture=neutral, PublicKeyToken=b03f5f7f11d50a3a]]"><_size type="System.Int32">0</_size><_version type="System.Int32">0</_version></aspNetDevServers><dataAccessMethod type="Microsoft.VisualStudio.TestTools.UnitTesting.DataAccessMethod, Microsoft.VisualStudio.QualityTools.UnitTestFramework, Version=8.0.0.0, Culture=neutral, PublicKeyToken=b03f5f7f11d50a3a"><value__ type="System.Int32">0</value__></dataAccessMethod><cssProjectStructure type="System.String" /><isRunOnRestart type="System.Boolean">False</isRunOnRestart><timeOut type="System.Int32">0</timeOut><isGroupable type="System.Boolean">True</isGroupable><abortRunOnAgentFailure type="System.Boolean">False</abortRunOnAgentFailure><cssIteration type="System.String" /><workItemIds type="System.Collections.Generic.List`1[[System.Int32, mscorlib, Version=2.0.0.0, Culture=neutral, PublicKeyToken=b77a5c561934e089]]"><_size type="System.Int32">0</_size><_version type="System.Int32">1</_version></workItemIds><id type="Microsoft.VisualStudio.TestTools.Common.TestId"><id type="System.Guid">4562a5a2-9bad-26d7-0301-912a1ce27ff9</id></id><name type="System.String">DataTest</name><description type="System.String" /><enabled type="System.Boolean">True</enabled><owner type="System.String" /><priority type="System.Int32">0</priority><executionId type="Microsoft.VisualStudio.TestTools.Common.TestExecId"><id type="System.Guid">00000000-0000-0000-0000-000000000000</id></executionId><parentExecutId type="Microsoft.VisualStudio.TestTools.Common.TestExecId"><id type="System.Guid">00000000-0000-0000-0000-000000000000</id></parentExecutId><deploymentItems type="Microsoft.VisualStudio.TestTools.Common.DeploymentItemCollection" /><agentAttributes type="System.Collections.Specialized.StringDictionary, System, Version=2.0.0.0, Culture=neutral, PublicKeyToken=b77a5c561934e089" /><storage type="System.String">e:\projects\brownshoe\unit_tests\product\src\brownshoe\testing\unittests\bin\brownshoe.unittests.dll</storage><m_nonRunnableReason type="System.String" /></value><key type="Microsoft.VisualStudio.TestTools.Common.TestId"><id type="System.Guid">28086a42-9c89-63d1-03f1-eb299410f11f</id></key><value type="Microsoft.VisualStudio.TestTools.TestTypes.Unit.UnitTestElement, Microsoft.VisualStudio.QualityTools.Tips.UnitTest.ObjectModel, Version=8.0.0.0, Culture=neutral, PublicKeyToken=b03f5f7f11d50a3a"><codeBase type="System.String">e:/projects/brownshoe/unit_tests/product/src/BrownShoe/Testing/UnitTests/bin/BrownShoe.UnitTests.DLL</codeBase><adapterTypeName type="System.String">Microsoft.VisualStudio.TestTools.TestTypes.Unit.UnitTestAdapter, Microsoft.VisualStudio.QualityTools.Tips.UnitTest.Adapter</adapterTypeName><testMethod type="Microsoft.VisualStudio.TestTools.TestTypes.Unit.TestMethod, Microsoft.VisualStudio.QualityTools.Tips.UnitTest.ObjectModel, Version=8.0.0.0, Culture=neutral, PublicKeyToken=b03f5f7f11d50a3a"><className type="System.String">BrownShoe.UnitTests.Services.ContentManagement.CMTokenServiceTest, BrownShoe.UnitTests, Version=1.0.0.0, Culture=neutral, PublicKeyToken=null</className><name type="System.String">GetBizDeskContentTest</name><expectedExceptionMessage type="System.String" /><isValid type="System.Boolean">False</isValid></testMethod><aspNetDevServers type="System.Collections.Generic.List`1[[Microsoft.VisualStudio.TestTools.Common.AspNetDevelopmentServer, Microsoft.VisualStudio.QualityTools.Common, Version=8.0.0.0, Culture=neutral, PublicKeyToken=b03f5f7f11d50a3a]]"><_size type="System.Int32">0</_size><_version type="System.Int32">0</_version></aspNetDevServers><dataAccessMethod type="Microsoft.VisualStudio.TestTools.UnitTesting.DataAccessMethod, Microsoft.VisualStudio.QualityTools.UnitTestFramework, Version=8.0.0.0, Culture=neutral, PublicKeyToken=b03f5f7f11d50a3a"><value__ type="System.Int32">0</value__></dataAccessMethod><cssProjectStructure type="System.String" /><isRunOnRestart type="System.Boolean">False</isRunOnRestart><timeOut type="System.Int32">0</timeOut><isGroupable type="System.Boolean">True</isGroupable><abortRunOnAgentFailure type="System.Boolean">False</abortRunOnAgentFailure><cssIteration type="System.String" /><workItemIds type="System.Collections.Generic.List`1[[System.Int32, mscorlib, Version=2.0.0.0, Culture=neutral, PublicKeyToken=b77a5c561934e089]]"><_size type="System.Int32">0</_size><_version type="System.Int32">1</_version></workItemIds><id type="Microsoft.VisualStudio.TestTools.Common.TestId"><id type="System.Guid">28086a42-9c89-63d1-03f1-eb299410f11f</id></id><name type="System.String">GetBizDeskContentTest</name><description type="System.String" /><enabled type="System.Boolean">True</enabled><owner type="System.String" /><priority type="System.Int32">0</priority><executionId type="Microsoft.VisualStudio.TestTools.Common.TestExecId"><id type="System.Guid">00000000-0000-0000-0000-000000000000</id></executionId><parentExecutId type="Microsoft.VisualStudio.TestTools.Common.TestExecId"><id type="System.Guid">00000000-0000-0000-0000-000000000000</id></parentExecutId><deploymentItems type="Microsoft.VisualStudio.TestTools.Common.DeploymentItemCollection" /><agentAttributes type="System.Collections.Specialized.StringDictionary, System, Version=2.0.0.0, Culture=neutral, PublicKeyToken=b77a5c561934e089" /><storage type="System.String">e:\projects\brownshoe\unit_tests\product\src\brownshoe\testing\unittests\bin\brownshoe.unittests.dll</storage><m_nonRunnableReason type="System.String" /></value><key type="Microsoft.VisualStudio.TestTools.Common.TestId"><id type="System.Guid">cbf378e1-4a41-5fe3-331e-c5b39d6afb82</id></key><value type="Microsoft.VisualStudio.TestTools.TestTypes.Unit.UnitTestElement, Microsoft.VisualStudio.QualityTools.Tips.UnitTest.ObjectModel, Version=8.0.0.0, Culture=neutral, PublicKeyToken=b03f5f7f11d50a3a"><codeBase type="System.String">e:/projects/brownshoe/unit_tests/product/src/BrownShoe/Testing/UnitTests/bin/BrownShoe.UnitTests.DLL</codeBase><adapterTypeName type="System.String">Microsoft.VisualStudio.TestTools.TestTypes.Unit.UnitTestAdapter, Microsoft.VisualStudio.QualityTools.Tips.UnitTest.Adapter</adapterTypeName><testMethod type="Microsoft.VisualStudio.TestTools.TestTypes.Unit.TestMethod, Microsoft.VisualStudio.QualityTools.Tips.UnitTest.ObjectModel, Version=8.0.0.0, Culture=neutral, PublicKeyToken=b03f5f7f11d50a3a"><className type="System.String">BrownShoe.UnitTests.Services.DataAccess.SysMonDBTest, BrownShoe.UnitTests, Version=1.0.0.0, Culture=neutral, PublicKeyToken=null</className><name type="System.String">Test_DatabaseConnection1Test</name><expectedExceptionMessage type="System.String" /><isValid type="System.Boolean">False</isValid></testMethod><aspNetDevServers type="System.Collections.Generic.List`1[[Microsoft.VisualStudio.TestTools.Common.AspNetDevelopmentServer, Microsoft.VisualStudio.QualityTools.Common, Version=8.0.0.0, Culture=neutral, PublicKeyToken=b03f5f7f11d50a3a]]"><_size type="System.Int32">0</_size><_version type="System.Int32">0</_version></aspNetDevServers><dataAccessMethod type="Microsoft.VisualStudio.TestTools.UnitTesting.DataAccessMethod, Microsoft.VisualStudio.QualityTools.UnitTestFramework, Version=8.0.0.0, Culture=neutral, PublicKeyToken=b03f5f7f11d50a3a"><value__ type="System.Int32">0</value__></dataAccessMethod><cssProjectStructure type="System.String" /><isRunOnRestart type="System.Boolean">False</isRunOnRestart><timeOut type="System.Int32">0</timeOut><isGroupable type="System.Boolean">True</isGroupable><abortRunOnAgentFailure type="System.Boolean">False</abortRunOnAgentFailure><cssIteration type="System.String" /><workItemIds type="System.Collections.Generic.List`1[[System.Int32, mscorlib, Version=2.0.0.0, Culture=neutral, PublicKeyToken=b77a5c561934e089]]"><_size type="System.Int32">0</_size><_version type="System.Int32">1</_version></workItemIds><id type="Microsoft.VisualStudio.TestTools.Common.TestId"><id type="System.Guid">cbf378e1-4a41-5fe3-331e-c5b39d6afb82</id></id><name type="System.String">Test_DatabaseConnection1Test</name><description type="System.String" /><enabled type="System.Boolean">True</enabled><owner type="System.String" /><priority type="System.Int32">0</priority><executionId type="Microsoft.VisualStudio.TestTools.Common.TestExecId"><id type="System.Guid">00000000-0000-0000-0000-000000000000</id></executionId><parentExecutId type="Microsoft.VisualStudio.TestTools.Common.TestExecId"><id type="System.Guid">00000000-0000-0000-0000-000000000000</id></parentExecutId><deploymentItems type="Microsoft.VisualStudio.TestTools.Common.DeploymentItemCollection" /><agentAttributes type="System.Collections.Specialized.StringDictionary, System, Version=2.0.0.0, Culture=neutral, PublicKeyToken=b77a5c561934e089" /><storage type="System.String">e:\projects\brownshoe\unit_tests\product\src\brownshoe\testing\unittests\bin\brownshoe.unittests.dll</storage><m_nonRunnableReason type="System.String" /></value><key type="Microsoft.VisualStudio.TestTools.Common.TestId"><id type="System.Guid">a0354f8e-3dcb-35a8-50a4-c83b8ddc4af5</id></key><value type="Microsoft.VisualStudio.TestTools.TestTypes.Unit.UnitTestElement, Microsoft.VisualStudio.QualityTools.Tips.UnitTest.ObjectModel, Version=8.0.0.0, Culture=neutral, PublicKeyToken=b03f5f7f11d50a3a"><codeBase type="System.String">e:/projects/brownshoe/unit_tests/product/src/BrownShoe/Testing/UnitTests/bin/BrownShoe.UnitTests.DLL</codeBase><adapterTypeName type="System.String">Microsoft.VisualStudio.TestTools.TestTypes.Unit.UnitTestAdapter, Microsoft.VisualStudio.QualityTools.Tips.UnitTest.Adapter</adapterTypeName><testMethod type="Microsoft.VisualStudio.TestTools.TestTypes.Unit.TestMethod, Microsoft.VisualStudio.QualityTools.Tips.UnitTest.ObjectModel, Version=8.0.0.0, Culture=neutral, PublicKeyToken=b03f5f7f11d50a3a"><className type="System.String">BrownShoe.UnitTests.Services.Madison.MadisonWebServiceTest, BrownShoe.UnitTests, Version=1.0.0.0, Culture=neutral, PublicKeyToken=null</className><name type="System.String">GetNextMemberNumberTestFailure</name><expectedExceptionMessage type="System.String" /><isValid type="System.Boolean">False</isValid></testMethod><aspNetDevServers type="System.Collections.Generic.List`1[[Microsoft.VisualStudio.TestTools.Common.AspNetDevelopmentServer, Microsoft.VisualStudio.QualityTools.Common, Version=8.0.0.0, Culture=neutral, PublicKeyToken=b03f5f7f11d50a3a]]"><_size type="System.Int32">0</_size><_version type="System.Int32">0</_version></aspNetDevServers><dataAccessMethod type="Microsoft.VisualStudio.TestTools.UnitTesting.DataAccessMethod, Microsoft.VisualStudio.QualityTools.UnitTestFramework, Version=8.0.0.0, Culture=neutral, PublicKeyToken=b03f5f7f11d50a3a"><value__ type="System.Int32">0</value__></dataAccessMethod><cssProjectStructure type="System.String" /><isRunOnRestart type="System.Boolean">False</isRunOnRestart><timeOut type="System.Int32">0</timeOut><isGroupable type="System.Boolean">True</isGroupable><abortRunOnAgentFailure type="System.Boolean">False</abortRunOnAgentFailure><cssIteration type="System.String" /><workItemIds type="System.Collections.Generic.List`1[[System.Int32, mscorlib, Version=2.0.0.0, Culture=neutral, PublicKeyToken=b77a5c561934e089]]"><_size type="System.Int32">0</_size><_version type="System.Int32">1</_version></workItemIds><id type="Microsoft.VisualStudio.TestTools.Common.TestId"><id type="System.Guid">a0354f8e-3dcb-35a8-50a4-c83b8ddc4af5</id></id><name type="System.String">GetNextMemberNumberTestFailure</name><description type="System.String" /><enabled type="System.Boolean">True</enabled><owner type="System.String" /><priority type="System.Int32">0</priority><executionId type="Microsoft.VisualStudio.TestTools.Common.TestExecId"><id type="System.Guid">00000000-0000-0000-0000-000000000000</id></executionId><parentExecutId type="Microsoft.VisualStudio.TestTools.Common.TestExecId"><id type="System.Guid">00000000-0000-0000-0000-000000000000</id></parentExecutId><deploymentItems type="Microsoft.VisualStudio.TestTools.Common.DeploymentItemCollection" /><agentAttributes type="System.Collections.Specialized.StringDictionary, System, Version=2.0.0.0, Culture=neutral, PublicKeyToken=b77a5c561934e089" /><storage type="System.String">e:\projects\brownshoe\unit_tests\product\src\brownshoe\testing\unittests\bin\brownshoe.unittests.dll</storage><m_nonRunnableReason type="System.String" /></value><key type="Microsoft.VisualStudio.TestTools.Common.TestId"><id type="System.Guid">ea773b29-bf53-a25a-ce05-2f099e97324e</id></key><value type="Microsoft.VisualStudio.TestTools.TestTypes.Unit.UnitTestElement, Microsoft.VisualStudio.QualityTools.Tips.UnitTest.ObjectModel, Version=8.0.0.0, Culture=neutral, PublicKeyToken=b03f5f7f11d50a3a"><codeBase type="System.String">e:/projects/brownshoe/unit_tests/product/src/BrownShoe/Testing/UnitTests/bin/BrownShoe.UnitTests.DLL</codeBase><adapterTypeName type="System.String">Microsoft.VisualStudio.TestTools.TestTypes.Unit.UnitTestAdapter, Microsoft.VisualStudio.QualityTools.Tips.UnitTest.Adapter</adapterTypeName><testMethod type="Microsoft.VisualStudio.TestTools.TestTypes.Unit.TestMethod, Microsoft.VisualStudio.QualityTools.Tips.UnitTest.ObjectModel, Version=8.0.0.0, Culture=neutral, PublicKeyToken=b03f5f7f11d50a3a"><className type="System.String">BrownShoe.UnitTests.Services.DataAccess.PaymentMethodDBTest, BrownShoe.UnitTests, Version=1.0.0.0, Culture=neutral, PublicKeyToken=null</className><name type="System.String">ListCreditCardsTest</name><expectedExceptionMessage type="System.String" /><isValid type="System.Boolean">False</isValid></testMethod><aspNetDevServers type="System.Collections.Generic.List`1[[Microsoft.VisualStudio.TestTools.Common.AspNetDevelopmentServer, Microsoft.VisualStudio.QualityTools.Common, Version=8.0.0.0, Culture=neutral, PublicKeyToken=b03f5f7f11d50a3a]]"><_size type="System.Int32">0</_size><_version type="System.Int32">0</_version></aspNetDevServers><dataAccessMethod type="Microsoft.VisualStudio.TestTools.UnitTesting.DataAccessMethod, Microsoft.VisualStudio.QualityTools.UnitTestFramework, Version=8.0.0.0, Culture=neutral, PublicKeyToken=b03f5f7f11d50a3a"><value__ type="System.Int32">0</value__></dataAccessMethod><cssProjectStructure type="System.String" /><isRunOnRestart type="System.Boolean">False</isRunOnRestart><timeOut type="System.Int32">0</timeOut><isGroupable type="System.Boolean">True</isGroupable><abortRunOnAgentFailure type="System.Boolean">False</abortRunOnAgentFailure><cssIteration type="System.String" /><workItemIds type="System.Collections.Generic.List`1[[System.Int32, mscorlib, Version=2.0.0.0, Culture=neutral, PublicKeyToken=b77a5c561934e089]]"><_size type="System.Int32">0</_size><_version type="System.Int32">1</_version></workItemIds><id type="Microsoft.VisualStudio.TestTools.Common.TestId"><id type="System.Guid">ea773b29-bf53-a25a-ce05-2f099e97324e</id></id><name type="System.String">ListCreditCardsTest</name><description type="System.String" /><enabled type="System.Boolean">True</enabled><owner type="System.String" /><priority type="System.Int32">0</priority><executionId type="Microsoft.VisualStudio.TestTools.Common.TestExecId"><id type="System.Guid">00000000-0000-0000-0000-000000000000</id></executionId><parentExecutId type="Microsoft.VisualStudio.TestTools.Common.TestExecId"><id type="System.Guid">00000000-0000-0000-0000-000000000000</id></parentExecutId><deploymentItems type="Microsoft.VisualStudio.TestTools.Common.DeploymentItemCollection" /><agentAttributes type="System.Collections.Specialized.StringDictionary, System, Version=2.0.0.0, Culture=neutral, PublicKeyToken=b77a5c561934e089" /><storage type="System.String">e:\projects\brownshoe\unit_tests\product\src\brownshoe\testing\unittests\bin\brownshoe.unittests.dll</storage><m_nonRunnableReason type="System.String" /></value><key type="Microsoft.VisualStudio.TestTools.Common.TestId"><id type="System.Guid">630c305d-d633-5622-b34a-8a631082767e</id></key><value type="Microsoft.VisualStudio.TestTools.TestTypes.Unit.UnitTestElement, Microsoft.VisualStudio.QualityTools.Tips.UnitTest.ObjectModel, Version=8.0.0.0, Culture=neutral, PublicKeyToken=b03f5f7f11d50a3a"><codeBase type="System.String">e:/projects/brownshoe/unit_tests/product/src/BrownShoe/Testing/UnitTests/bin/BrownShoe.UnitTests.DLL</codeBase><adapterTypeName type="System.String">Microsoft.VisualStudio.TestTools.TestTypes.Unit.UnitTestAdapter, Microsoft.VisualStudio.QualityTools.Tips.UnitTest.Adapter</adapterTypeName><testMethod type="Microsoft.VisualStudio.TestTools.TestTypes.Unit.TestMethod, Microsoft.VisualStudio.QualityTools.Tips.UnitTest.ObjectModel, Version=8.0.0.0, Culture=neutral, PublicKeyToken=b03f5f7f11d50a3a"><className type="System.String">BrownShoe.UnitTests.Services.Marketing.PromoCodeHelperTest, BrownShoe.UnitTests, Version=1.0.0.0, Culture=neutral, PublicKeyToken=null</className><name type="System.String">IsSuppressCJTestEmpty</name><expectedExceptionMessage type="System.String" /><isValid type="System.Boolean">False</isValid></testMethod><aspNetDevServers type="System.Collections.Generic.List`1[[Microsoft.VisualStudio.TestTools.Common.AspNetDevelopmentServer, Microsoft.VisualStudio.QualityTools.Common, Version=8.0.0.0, Culture=neutral, PublicKeyToken=b03f5f7f11d50a3a]]"><_size type="System.Int32">0</_size><_version type="System.Int32">0</_version></aspNetDevServers><dataAccessMethod type="Microsoft.VisualStudio.TestTools.UnitTesting.DataAccessMethod, Microsoft.VisualStudio.QualityTools.UnitTestFramework, Version=8.0.0.0, Culture=neutral, PublicKeyToken=b03f5f7f11d50a3a"><value__ type="System.Int32">0</value__></dataAccessMethod><cssProjectStructure type="System.String" /><isRunOnRestart type="System.Boolean">False</isRunOnRestart><timeOut type="System.Int32">0</timeOut><isGroupable type="System.Boolean">True</isGroupable><abortRunOnAgentFailure type="System.Boolean">False</abortRunOnAgentFailure><cssIteration type="System.String" /><workItemIds type="System.Collections.Generic.List`1[[System.Int32, mscorlib, Version=2.0.0.0, Culture=neutral, PublicKeyToken=b77a5c561934e089]]"><_size type="System.Int32">0</_size><_version type="System.Int32">1</_version></workItemIds><id type="Microsoft.VisualStudio.TestTools.Common.TestId"><id type="System.Guid">630c305d-d633-5622-b34a-8a631082767e</id></id><name type="System.String">IsSuppressCJTestEmpty</name><description type="System.String" /><enabled type="System.Boolean">True</enabled><owner type="System.String" /><priority type="System.Int32">0</priority><executionId type="Microsoft.VisualStudio.TestTools.Common.TestExecId"><id type="System.Guid">00000000-0000-0000-0000-000000000000</id></executionId><parentExecutId type="Microsoft.VisualStudio.TestTools.Common.TestExecId"><id type="System.Guid">00000000-0000-0000-0000-000000000000</id></parentExecutId><deploymentItems type="Microsoft.VisualStudio.TestTools.Common.DeploymentItemCollection" /><agentAttributes type="System.Collections.Specialized.StringDictionary, System, Version=2.0.0.0, Culture=neutral, PublicKeyToken=b77a5c561934e089" /><storage type="System.String">e:\projects\brownshoe\unit_tests\product\src\brownshoe\testing\unittests\bin\brownshoe.unittests.dll</storage><m_nonRunnableReason type="System.String" /></value><key type="Microsoft.VisualStudio.TestTools.Common.TestId"><id type="System.Guid">0ce18597-b69f-c77b-1d34-e77c6a3e8c31</id></key><value type="Microsoft.VisualStudio.TestTools.TestTypes.Unit.UnitTestElement, Microsoft.VisualStudio.QualityTools.Tips.UnitTest.ObjectModel, Version=8.0.0.0, Culture=neutral, PublicKeyToken=b03f5f7f11d50a3a"><codeBase type="System.String">e:/projects/brownshoe/unit_tests/product/src/BrownShoe/Testing/UnitTests/bin/BrownShoe.UnitTests.DLL</codeBase><adapterTypeName type="System.String">Microsoft.VisualStudio.TestTools.TestTypes.Unit.UnitTestAdapter, Microsoft.VisualStudio.QualityTools.Tips.UnitTest.Adapter</adapterTypeName><testMethod type="Microsoft.VisualStudio.TestTools.TestTypes.Unit.TestMethod, Microsoft.VisualStudio.QualityTools.Tips.UnitTest.ObjectModel, Version=8.0.0.0, Culture=neutral, PublicKeyToken=b03f5f7f11d50a3a"><className type="System.String">BrownShoe.UnitTests.Services.DataAccess.GiftCertificateDBTest, BrownShoe.UnitTests, Version=1.0.0.0, Culture=neutral, PublicKeyToken=null</className><name type="System.String">LoadDataTest</name><expectedExceptionMessage type="System.String" /><isValid type="System.Boolean">False</isValid></testMethod><aspNetDevServers type="System.Collections.Generic.List`1[[Microsoft.VisualStudio.TestTools.Common.AspNetDevelopmentServer, Microsoft.VisualStudio.QualityTools.Common, Version=8.0.0.0, Culture=neutral, PublicKeyToken=b03f5f7f11d50a3a]]"><_size type="System.Int32">0</_size><_version type="System.Int32">0</_version></aspNetDevServers><dataAccessMethod type="Microsoft.VisualStudio.TestTools.UnitTesting.DataAccessMethod, Microsoft.VisualStudio.QualityTools.UnitTestFramework, Version=8.0.0.0, Culture=neutral, PublicKeyToken=b03f5f7f11d50a3a"><value__ type="System.Int32">0</value__></dataAccessMethod><cssProjectStructure type="System.String" /><isRunOnRestart type="System.Boolean">False</isRunOnRestart><timeOut type="System.Int32">0</timeOut><isGroupable type="System.Boolean">True</isGroupable><abortRunOnAgentFailure type="System.Boolean">False</abortRunOnAgentFailure><cssIteration type="System.String" /><workItemIds type="System.Collections.Generic.List`1[[System.Int32, mscorlib, Version=2.0.0.0, Culture=neutral, PublicKeyToken=b77a5c561934e089]]"><_size type="System.Int32">0</_size><_version type="System.Int32">1</_version></workItemIds><id type="Microsoft.VisualStudio.TestTools.Common.TestId"><id type="System.Guid">0ce18597-b69f-c77b-1d34-e77c6a3e8c31</id></id><name type="System.String">LoadDataTest</name><description type="System.String" /><enabled type="System.Boolean">True</enabled><owner type="System.String" /><priority type="System.Int32">0</priority><executionId type="Microsoft.VisualStudio.TestTools.Common.TestExecId"><id type="System.Guid">00000000-0000-0000-0000-000000000000</id></executionId><parentExecutId type="Microsoft.VisualStudio.TestTools.Common.TestExecId"><id type="System.Guid">00000000-0000-0000-0000-000000000000</id></parentExecutId><deploymentItems type="Microsoft.VisualStudio.TestTools.Common.DeploymentItemCollection" /><agentAttributes type="System.Collections.Specialized.StringDictionary, System, Version=2.0.0.0, Culture=neutral, PublicKeyToken=b77a5c561934e089" /><storage type="System.String">e:\projects\brownshoe\unit_tests\product\src\brownshoe\testing\unittests\bin\brownshoe.unittests.dll</storage><m_nonRunnableReason type="System.String" /></value><key type="Microsoft.VisualStudio.TestTools.Common.TestId"><id type="System.Guid">6fa6e23e-dab1-07bb-0f2b-a13c90b8fb8b</id></key><value type="Microsoft.VisualStudio.TestTools.TestTypes.Unit.UnitTestElement, Microsoft.VisualStudio.QualityTools.Tips.UnitTest.ObjectModel, Version=8.0.0.0, Culture=neutral, PublicKeyToken=b03f5f7f11d50a3a"><codeBase type="System.String">e:/projects/brownshoe/unit_tests/product/src/BrownShoe/Testing/UnitTests/bin/BrownShoe.UnitTests.DLL</codeBase><adapterTypeName type="System.String">Microsoft.VisualStudio.TestTools.TestTypes.Unit.UnitTestAdapter, Microsoft.VisualStudio.QualityTools.Tips.UnitTest.Adapter</adapterTypeName><testMethod type="Microsoft.VisualStudio.TestTools.TestTypes.Unit.TestMethod, Microsoft.VisualStudio.QualityTools.Tips.UnitTest.ObjectModel, Version=8.0.0.0, Culture=neutral, PublicKeyToken=b03f5f7f11d50a3a"><className type="System.String">BrownShoe.UnitTests.Services.Madison.MadisonWebServiceTest, BrownShoe.UnitTests, Version=1.0.0.0, Culture=neutral, PublicKeyToken=null</className><name type="System.String">GiftCardIssueTestFailure</name><expectedExceptionMessage type="System.String" /><isValid type="System.Boolean">False</isValid></testMethod><aspNetDevServers type="System.Collections.Generic.List`1[[Microsoft.VisualStudio.TestTools.Common.AspNetDevelopmentServer, Microsoft.VisualStudio.QualityTools.Common, Version=8.0.0.0, Culture=neutral, PublicKeyToken=b03f5f7f11d50a3a]]"><_size type="System.Int32">0</_size><_version type="System.Int32">0</_version></aspNetDevServers><dataAccessMethod type="Microsoft.VisualStudio.TestTools.UnitTesting.DataAccessMethod, Microsoft.VisualStudio.QualityTools.UnitTestFramework, Version=8.0.0.0, Culture=neutral, PublicKeyToken=b03f5f7f11d50a3a"><value__ type="System.Int32">0</value__></dataAccessMethod><cssProjectStructure type="System.String" /><isRunOnRestart type="System.Boolean">False</isRunOnRestart><timeOut type="System.Int32">0</timeOut><isGroupable type="System.Boolean">True</isGroupable><abortRunOnAgentFailure type="System.Boolean">False</abortRunOnAgentFailure><cssIteration type="System.String" /><workItemIds type="System.Collections.Generic.List`1[[System.Int32, mscorlib, Version=2.0.0.0, Culture=neutral, PublicKeyToken=b77a5c561934e089]]"><_size type="System.Int32">0</_size><_version type="System.Int32">1</_version></workItemIds><id type="Microsoft.VisualStudio.TestTools.Common.TestId"><id type="System.Guid">6fa6e23e-dab1-07bb-0f2b-a13c90b8fb8b</id></id><name type="System.String">GiftCardIssueTestFailure</name><description type="System.String" /><enabled type="System.Boolean">True</enabled><owner type="System.String" /><priority type="System.Int32">0</priority><executionId type="Microsoft.VisualStudio.TestTools.Common.TestExecId"><id type="System.Guid">00000000-0000-0000-0000-000000000000</id></executionId><parentExecutId type="Microsoft.VisualStudio.TestTools.Common.TestExecId"><id type="System.Guid">00000000-0000-0000-0000-000000000000</id></parentExecutId><deploymentItems type="Microsoft.VisualStudio.TestTools.Common.DeploymentItemCollection" /><agentAttributes type="System.Collections.Specialized.StringDictionary, System, Version=2.0.0.0, Culture=neutral, PublicKeyToken=b77a5c561934e089" /><storage type="System.String">e:\projects\brownshoe\unit_tests\product\src\brownshoe\testing\unittests\bin\brownshoe.unittests.dll</storage><m_nonRunnableReason type="System.String" /></value><key type="Microsoft.VisualStudio.TestTools.Common.TestId"><id type="System.Guid">e50d7db4-3b92-17e1-0820-3ff4e1de1169</id></key><value type="Microsoft.VisualStudio.TestTools.TestTypes.Unit.UnitTestElement, Microsoft.VisualStudio.QualityTools.Tips.UnitTest.ObjectModel, Version=8.0.0.0, Culture=neutral, PublicKeyToken=b03f5f7f11d50a3a"><codeBase type="System.String">e:/projects/brownshoe/unit_tests/product/src/BrownShoe/Testing/UnitTests/bin/BrownShoe.UnitTests.DLL</codeBase><adapterTypeName type="System.String">Microsoft.VisualStudio.TestTools.TestTypes.Unit.UnitTestAdapter, Microsoft.VisualStudio.QualityTools.Tips.UnitTest.Adapter</adapterTypeName><testMethod type="Microsoft.VisualStudio.TestTools.TestTypes.Unit.TestMethod, Microsoft.VisualStudio.QualityTools.Tips.UnitTest.ObjectModel, Version=8.0.0.0, Culture=neutral, PublicKeyToken=b03f5f7f11d50a3a"><className type="System.String">BrownShoe.UnitTests.Services.Orders.OrderServiceTest, BrownShoe.UnitTests, Version=1.0.0.0, Culture=neutral, PublicKeyToken=null</className><name type="System.String">ListCreditCardsTest</name><expectedExceptionMessage type="System.String" /><isValid type="System.Boolean">False</isValid></testMethod><aspNetDevServers type="System.Collections.Generic.List`1[[Microsoft.VisualStudio.TestTools.Common.AspNetDevelopmentServer, Microsoft.VisualStudio.QualityTools.Common, Version=8.0.0.0, Culture=neutral, PublicKeyToken=b03f5f7f11d50a3a]]"><_size type="System.Int32">0</_size><_version type="System.Int32">0</_version></aspNetDevServers><dataAccessMethod type="Microsoft.VisualStudio.TestTools.UnitTesting.DataAccessMethod, Microsoft.VisualStudio.QualityTools.UnitTestFramework, Version=8.0.0.0, Culture=neutral, PublicKeyToken=b03f5f7f11d50a3a"><value__ type="System.Int32">0</value__></dataAccessMethod><cssProjectStructure type="System.String" /><isRunOnRestart type="System.Boolean">False</isRunOnRestart><timeOut type="System.Int32">0</timeOut><isGroupable type="System.Boolean">True</isGroupable><abortRunOnAgentFailure type="System.Boolean">False</abortRunOnAgentFailure><cssIteration type="System.String" /><workItemIds type="System.Collections.Generic.List`1[[System.Int32, mscorlib, Version=2.0.0.0, Culture=neutral, PublicKeyToken=b77a5c561934e089]]"><_size type="System.Int32">0</_size><_version type="System.Int32">1</_version></workItemIds><id type="Microsoft.VisualStudio.TestTools.Common.TestId"><id type="System.Guid">e50d7db4-3b92-17e1-0820-3ff4e1de1169</id></id><name type="System.String">ListCreditCardsTest</name><description type="System.String" /><enabled type="System.Boolean">True</enabled><owner type="System.String" /><priority type="System.Int32">0</priority><executionId type="Microsoft.VisualStudio.TestTools.Common.TestExecId"><id type="System.Guid">00000000-0000-0000-0000-000000000000</id></executionId><parentExecutId type="Microsoft.VisualStudio.TestTools.Common.TestExecId"><id type="System.Guid">00000000-0000-0000-0000-000000000000</id></parentExecutId><deploymentItems type="Microsoft.VisualStudio.TestTools.Common.DeploymentItemCollection" /><agentAttributes type="System.Collections.Specialized.StringDictionary, System, Version=2.0.0.0, Culture=neutral, PublicKeyToken=b77a5c561934e089" /><storage type="System.String">e:\projects\brownshoe\unit_tests\product\src\brownshoe\testing\unittests\bin\brownshoe.unittests.dll</storage><m_nonRunnableReason type="System.String" /></value><key type="Microsoft.VisualStudio.TestTools.Common.TestId"><id type="System.Guid">aaeeb46f-c472-7c2d-80b6-052c038e0cfc</id></key><value type="Microsoft.VisualStudio.TestTools.TestTypes.Unit.UnitTestElement, Microsoft.VisualStudio.QualityTools.Tips.UnitTest.ObjectModel, Version=8.0.0.0, Culture=neutral, PublicKeyToken=b03f5f7f11d50a3a"><codeBase type="System.String">e:/projects/brownshoe/unit_tests/product/src/BrownShoe/Testing/UnitTests/bin/BrownShoe.UnitTests.DLL</codeBase><adapterTypeName type="System.String">Microsoft.VisualStudio.TestTools.TestTypes.Unit.UnitTestAdapter, Microsoft.VisualStudio.QualityTools.Tips.UnitTest.Adapter</adapterTypeName><testMethod type="Microsoft.VisualStudio.TestTools.TestTypes.Unit.TestMethod, Microsoft.VisualStudio.QualityTools.Tips.UnitTest.ObjectModel, Version=8.0.0.0, Culture=neutral, PublicKeyToken=b03f5f7f11d50a3a"><className type="System.String">BrownShoe.UnitTests.Services.Orders.CustomerOrderServiceTest, BrownShoe.UnitTests, Version=1.0.0.0, Culture=neutral, PublicKeyToken=null</className><name type="System.String">AssignSingleTest</name><expectedExceptionMessage type="System.String" /><isValid type="System.Boolean">False</isValid></testMethod><aspNetDevServers type="System.Collections.Generic.List`1[[Microsoft.VisualStudio.TestTools.Common.AspNetDevelopmentServer, Microsoft.VisualStudio.QualityTools.Common, Version=8.0.0.0, Culture=neutral, PublicKeyToken=b03f5f7f11d50a3a]]"><_size type="System.Int32">0</_size><_version type="System.Int32">0</_version></aspNetDevServers><dataAccessMethod type="Microsoft.VisualStudio.TestTools.UnitTesting.DataAccessMethod, Microsoft.VisualStudio.QualityTools.UnitTestFramework, Version=8.0.0.0, Culture=neutral, PublicKeyToken=b03f5f7f11d50a3a"><value__ type="System.Int32">0</value__></dataAccessMethod><cssProjectStructure type="System.String" /><isRunOnRestart type="System.Boolean">False</isRunOnRestart><timeOut type="System.Int32">0</timeOut><isGroupable type="System.Boolean">True</isGroupable><abortRunOnAgentFailure type="System.Boolean">False</abortRunOnAgentFailure><cssIteration type="System.String" /><workItemIds type="System.Collections.Generic.List`1[[System.Int32, mscorlib, Version=2.0.0.0, Culture=neutral, PublicKeyToken=b77a5c561934e089]]"><_size type="System.Int32">0</_size><_version type="System.Int32">1</_version></workItemIds><id type="Microsoft.VisualStudio.TestTools.Common.TestId"><id type="System.Guid">aaeeb46f-c472-7c2d-80b6-052c038e0cfc</id></id><name type="System.String">AssignSingleTest</name><description type="System.String" /><enabled type="System.Boolean">True</enabled><owner type="System.String" /><priority type="System.Int32">0</priority><executionId type="Microsoft.VisualStudio.TestTools.Common.TestExecId"><id type="System.Guid">00000000-0000-0000-0000-000000000000</id></executionId><parentExecutId type="Microsoft.VisualStudio.TestTools.Common.TestExecId"><id type="System.Guid">00000000-0000-0000-0000-000000000000</id></parentExecutId><deploymentItems type="Microsoft.VisualStudio.TestTools.Common.DeploymentItemCollection" /><agentAttributes type="System.Collections.Specialized.StringDictionary, System, Version=2.0.0.0, Culture=neutral, PublicKeyToken=b77a5c561934e089" /><storage type="System.String">e:\projects\brownshoe\unit_tests\product\src\brownshoe\testing\unittests\bin\brownshoe.unittests.dll</storage><m_nonRunnableReason type="System.String" /></value><key type="Microsoft.VisualStudio.TestTools.Common.TestId"><id type="System.Guid">bfbc8961-61de-aaac-bf26-e930853df836</id></key><value type="Microsoft.VisualStudio.TestTools.TestTypes.Unit.UnitTestElement, Microsoft.VisualStudio.QualityTools.Tips.UnitTest.ObjectModel, Version=8.0.0.0, Culture=neutral, PublicKeyToken=b03f5f7f11d50a3a"><codeBase type="System.String">e:/projects/brownshoe/unit_tests/product/src/BrownShoe/Testing/UnitTests/bin/BrownShoe.UnitTests.DLL</codeBase><adapterTypeName type="System.String">Microsoft.VisualStudio.TestTools.TestTypes.Unit.UnitTestAdapter, Microsoft.VisualStudio.QualityTools.Tips.UnitTest.Adapter</adapterTypeName><testMethod type="Microsoft.VisualStudio.TestTools.TestTypes.Unit.TestMethod, Microsoft.VisualStudio.QualityTools.Tips.UnitTest.ObjectModel, Version=8.0.0.0, Culture=neutral, PublicKeyToken=b03f5f7f11d50a3a"><className type="System.String">BrownShoe.UnitTests.Services.Madison.MadisonWebServiceTest, BrownShoe.UnitTests, Version=1.0.0.0, Culture=neutral, PublicKeyToken=null</className><name type="System.String">LocateStoresWithInventoryTestFailure</name><expectedExceptionMessage type="System.String" /><isValid type="System.Boolean">False</isValid></testMethod><aspNetDevServers type="System.Collections.Generic.List`1[[Microsoft.VisualStudio.TestTools.Common.AspNetDevelopmentServer, Microsoft.VisualStudio.QualityTools.Common, Version=8.0.0.0, Culture=neutral, PublicKeyToken=b03f5f7f11d50a3a]]"><_size type="System.Int32">0</_size><_version type="System.Int32">0</_version></aspNetDevServers><dataAccessMethod type="Microsoft.VisualStudio.TestTools.UnitTesting.DataAccessMethod, Microsoft.VisualStudio.QualityTools.UnitTestFramework, Version=8.0.0.0, Culture=neutral, PublicKeyToken=b03f5f7f11d50a3a"><value__ type="System.Int32">0</value__></dataAccessMethod><cssProjectStructure type="System.String" /><isRunOnRestart type="System.Boolean">False</isRunOnRestart><timeOut type="System.Int32">0</timeOut><isGroupable type="System.Boolean">True</isGroupable><abortRunOnAgentFailure type="System.Boolean">False</abortRunOnAgentFailure><cssIteration type="System.String" /><workItemIds type="System.Collections.Generic.List`1[[System.Int32, mscorlib, Version=2.0.0.0, Culture=neutral, PublicKeyToken=b77a5c561934e089]]"><_size type="System.Int32">0</_size><_version type="System.Int32">1</_version></workItemIds><id type="Microsoft.VisualStudio.TestTools.Common.TestId"><id type="System.Guid">bfbc8961-61de-aaac-bf26-e930853df836</id></id><name type="System.String">LocateStoresWithInventoryTestFailure</name><description type="System.String" /><enabled type="System.Boolean">True</enabled><owner type="System.String" /><priority type="System.Int32">0</priority><executionId type="Microsoft.VisualStudio.TestTools.Common.TestExecId"><id type="System.Guid">00000000-0000-0000-0000-000000000000</id></executionId><parentExecutId type="Microsoft.VisualStudio.TestTools.Common.TestExecId"><id type="System.Guid">00000000-0000-0000-0000-000000000000</id></parentExecutId><deploymentItems type="Microsoft.VisualStudio.TestTools.Common.DeploymentItemCollection" /><agentAttributes type="System.Collections.Specialized.StringDictionary, System, Version=2.0.0.0, Culture=neutral, PublicKeyToken=b77a5c561934e089" /><storage type="System.String">e:\projects\brownshoe\unit_tests\product\src\brownshoe\testing\unittests\bin\brownshoe.unittests.dll</storage><m_nonRunnableReason type="System.String" /></value><key type="Microsoft.VisualStudio.TestTools.Common.TestId"><id type="System.Guid">1e470e5e-85bc-c69a-397c-d31f5bc6e43a</id></key><value type="Microsoft.VisualStudio.TestTools.TestTypes.Unit.UnitTestElement, Microsoft.VisualStudio.QualityTools.Tips.UnitTest.ObjectModel, Version=8.0.0.0, Culture=neutral, PublicKeyToken=b03f5f7f11d50a3a"><codeBase type="System.String">e:/projects/brownshoe/unit_tests/product/src/BrownShoe/Testing/UnitTests/bin/BrownShoe.UnitTests.DLL</codeBase><adapterTypeName type="System.String">Microsoft.VisualStudio.TestTools.TestTypes.Unit.UnitTestAdapter, Microsoft.VisualStudio.QualityTools.Tips.UnitTest.Adapter</adapterTypeName><testMethod type="Microsoft.VisualStudio.TestTools.TestTypes.Unit.TestMethod, Microsoft.VisualStudio.QualityTools.Tips.UnitTest.ObjectModel, Version=8.0.0.0, Culture=neutral, PublicKeyToken=b03f5f7f11d50a3a"><className type="System.String">BrownShoe.UnitTests.Services.Madison.MadisonWebServiceTest, BrownShoe.UnitTests, Version=1.0.0.0, Culture=neutral, PublicKeyToken=null</className><name type="System.String">GiftCardActivateTestFailure</name><expectedExceptionMessage type="System.String" /><isValid type="System.Boolean">False</isValid></testMethod><aspNetDevServers type="System.Collections.Generic.List`1[[Microsoft.VisualStudio.TestTools.Common.AspNetDevelopmentServer, Microsoft.VisualStudio.QualityTools.Common, Version=8.0.0.0, Culture=neutral, PublicKeyToken=b03f5f7f11d50a3a]]"><_size type="System.Int32">0</_size><_version type="System.Int32">0</_version></aspNetDevServers><dataAccessMethod type="Microsoft.VisualStudio.TestTools.UnitTesting.DataAccessMethod, Microsoft.VisualStudio.QualityTools.UnitTestFramework, Version=8.0.0.0, Culture=neutral, PublicKeyToken=b03f5f7f11d50a3a"><value__ type="System.Int32">0</value__></dataAccessMethod><cssProjectStructure type="System.String" /><isRunOnRestart type="System.Boolean">False</isRunOnRestart><timeOut type="System.Int32">0</timeOut><isGroupable type="System.Boolean">True</isGroupable><abortRunOnAgentFailure type="System.Boolean">False</abortRunOnAgentFailure><cssIteration type="System.String" /><workItemIds type="System.Collections.Generic.List`1[[System.Int32, mscorlib, Version=2.0.0.0, Culture=neutral, PublicKeyToken=b77a5c561934e089]]"><_size type="System.Int32">0</_size><_version type="System.Int32">1</_version></workItemIds><id type="Microsoft.VisualStudio.TestTools.Common.TestId"><id type="System.Guid">1e470e5e-85bc-c69a-397c-d31f5bc6e43a</id></id><name type="System.String">GiftCardActivateTestFailure</name><description type="System.String" /><enabled type="System.Boolean">True</enabled><owner type="System.String" /><priority type="System.Int32">0</priority><executionId type="Microsoft.VisualStudio.TestTools.Common.TestExecId"><id type="System.Guid">00000000-0000-0000-0000-000000000000</id></executionId><parentExecutId type="Microsoft.VisualStudio.TestTools.Common.TestExecId"><id type="System.Guid">00000000-0000-0000-0000-000000000000</id></parentExecutId><deploymentItems type="Microsoft.VisualStudio.TestTools.Common.DeploymentItemCollection" /><agentAttributes type="System.Collections.Specialized.StringDictionary, System, Version=2.0.0.0, Culture=neutral, PublicKeyToken=b77a5c561934e089" /><storage type="System.String">e:\projects\brownshoe\unit_tests\product\src\brownshoe\testing\unittests\bin\brownshoe.unittests.dll</storage><m_nonRunnableReason type="System.String" /></value><key type="Microsoft.VisualStudio.TestTools.Common.TestId"><id type="System.Guid">edc3b1a0-e8f9-bfa1-2d8e-288b3a2c3d3f</id></key><value type="Microsoft.VisualStudio.TestTools.TestTypes.Unit.UnitTestElement, Microsoft.VisualStudio.QualityTools.Tips.UnitTest.ObjectModel, Version=8.0.0.0, Culture=neutral, PublicKeyToken=b03f5f7f11d50a3a"><codeBase type="System.String">e:/projects/brownshoe/unit_tests/product/src/BrownShoe/Testing/UnitTests/bin/BrownShoe.UnitTests.DLL</codeBase><adapterTypeName type="System.String">Microsoft.VisualStudio.TestTools.TestTypes.Unit.UnitTestAdapter, Microsoft.VisualStudio.QualityTools.Tips.UnitTest.Adapter</adapterTypeName><testMethod type="Microsoft.VisualStudio.TestTools.TestTypes.Unit.TestMethod, Microsoft.VisualStudio.QualityTools.Tips.UnitTest.ObjectModel, Version=8.0.0.0, Culture=neutral, PublicKeyToken=b03f5f7f11d50a3a"><className type="System.String">BrownShoe.UnitTests.Services.Orders.CheckoutServiceTest, BrownShoe.UnitTests, Version=1.0.0.0, Culture=neutral, PublicKeyToken=null</className><name type="System.String">AddPromoCodeToBasketTest</name><expectedExceptionMessage type="System.String" /><isValid type="System.Boolean">False</isValid></testMethod><aspNetDevServers type="System.Collections.Generic.List`1[[Microsoft.VisualStudio.TestTools.Common.AspNetDevelopmentServer, Microsoft.VisualStudio.QualityTools.Common, Version=8.0.0.0, Culture=neutral, PublicKeyToken=b03f5f7f11d50a3a]]"><_size type="System.Int32">0</_size><_version type="System.Int32">0</_version></aspNetDevServers><dataAccessMethod type="Microsoft.VisualStudio.TestTools.UnitTesting.DataAccessMethod, Microsoft.VisualStudio.QualityTools.UnitTestFramework, Version=8.0.0.0, Culture=neutral, PublicKeyToken=b03f5f7f11d50a3a"><value__ type="System.Int32">0</value__></dataAccessMethod><cssProjectStructure type="System.String" /><isRunOnRestart type="System.Boolean">False</isRunOnRestart><timeOut type="System.Int32">0</timeOut><isGroupable type="System.Boolean">True</isGroupable><abortRunOnAgentFailure type="System.Boolean">False</abortRunOnAgentFailure><cssIteration type="System.String" /><workItemIds type="System.Collections.Generic.List`1[[System.Int32, mscorlib, Version=2.0.0.0, Culture=neutral, PublicKeyToken=b77a5c561934e089]]"><_size type="System.Int32">0</_size><_version type="System.Int32">1</_version></workItemIds><id type="Microsoft.VisualStudio.TestTools.Common.TestId"><id type="System.Guid">edc3b1a0-e8f9-bfa1-2d8e-288b3a2c3d3f</id></id><name type="System.String">AddPromoCodeToBasketTest</name><description type="System.String" /><enabled type="System.Boolean">True</enabled><owner type="System.String" /><priority type="System.Int32">0</priority><executionId type="Microsoft.VisualStudio.TestTools.Common.TestExecId"><id type="System.Guid">00000000-0000-0000-0000-000000000000</id></executionId><parentExecutId type="Microsoft.VisualStudio.TestTools.Common.TestExecId"><id type="System.Guid">00000000-0000-0000-0000-000000000000</id></parentExecutId><deploymentItems type="Microsoft.VisualStudio.TestTools.Common.DeploymentItemCollection" /><agentAttributes type="System.Collections.Specialized.StringDictionary, System, Version=2.0.0.0, Culture=neutral, PublicKeyToken=b77a5c561934e089" /><storage type="System.String">e:\projects\brownshoe\unit_tests\product\src\brownshoe\testing\unittests\bin\brownshoe.unittests.dll</storage><m_nonRunnableReason type="System.String" /></value><key type="Microsoft.VisualStudio.TestTools.Common.TestId"><id type="System.Guid">80fcbadc-74e6-09ec-8106-ceaadc4b1889</id></key><value type="Microsoft.VisualStudio.TestTools.TestTypes.Unit.UnitTestElement, Microsoft.VisualStudio.QualityTools.Tips.UnitTest.ObjectModel, Version=8.0.0.0, Culture=neutral, PublicKeyToken=b03f5f7f11d50a3a"><codeBase type="System.String">e:/projects/brownshoe/unit_tests/product/src/BrownShoe/Testing/UnitTests/bin/BrownShoe.UnitTests.DLL</codeBase><adapterTypeName type="System.String">Microsoft.VisualStudio.TestTools.TestTypes.Unit.UnitTestAdapter, Microsoft.VisualStudio.QualityTools.Tips.UnitTest.Adapter</adapterTypeName><testMethod type="Microsoft.VisualStudio.TestTools.TestTypes.Unit.TestMethod, Microsoft.VisualStudio.QualityTools.Tips.UnitTest.ObjectModel, Version=8.0.0.0, Culture=neutral, PublicKeyToken=b03f5f7f11d50a3a"><className type="System.String">BrownShoe.UnitTests.Services.Orders.GiftCardServiceTest, BrownShoe.UnitTests, Version=1.0.0.0, Culture=neutral, PublicKeyToken=null</className><name type="System.String">CheckGiftCardInventoryTest</name><expectedExceptionMessage type="System.String" /><isValid type="System.Boolean">False</isValid></testMethod><aspNetDevServers type="System.Collections.Generic.List`1[[Microsoft.VisualStudio.TestTools.Common.AspNetDevelopmentServer, Microsoft.VisualStudio.QualityTools.Common, Version=8.0.0.0, Culture=neutral, PublicKeyToken=b03f5f7f11d50a3a]]"><_size type="System.Int32">0</_size><_version type="System.Int32">0</_version></aspNetDevServers><dataAccessMethod type="Microsoft.VisualStudio.TestTools.UnitTesting.DataAccessMethod, Microsoft.VisualStudio.QualityTools.UnitTestFramework, Version=8.0.0.0, Culture=neutral, PublicKeyToken=b03f5f7f11d50a3a"><value__ type="System.Int32">0</value__></dataAccessMethod><cssProjectStructure type="System.String" /><isRunOnRestart type="System.Boolean">False</isRunOnRestart><timeOut type="System.Int32">0</timeOut><isGroupable type="System.Boolean">True</isGroupable><abortRunOnAgentFailure type="System.Boolean">False</abortRunOnAgentFailure><cssIteration type="System.String" /><workItemIds type="System.Collections.Generic.List`1[[System.Int32, mscorlib, Version=2.0.0.0, Culture=neutral, PublicKeyToken=b77a5c561934e089]]"><_size type="System.Int32">0</_size><_version type="System.Int32">1</_version></workItemIds><id type="Microsoft.VisualStudio.TestTools.Common.TestId"><id type="System.Guid">80fcbadc-74e6-09ec-8106-ceaadc4b1889</id></id><name type="System.String">CheckGiftCardInventoryTest</name><description type="System.String" /><enabled type="System.Boolean">True</enabled><owner type="System.String" /><priority type="System.Int32">0</priority><executionId type="Microsoft.VisualStudio.TestTools.Common.TestExecId"><id type="System.Guid">00000000-0000-0000-0000-000000000000</id></executionId><parentExecutId type="Microsoft.VisualStudio.TestTools.Common.TestExecId"><id type="System.Guid">00000000-0000-0000-0000-000000000000</id></parentExecutId><deploymentItems type="Microsoft.VisualStudio.TestTools.Common.DeploymentItemCollection" /><agentAttributes type="System.Collections.Specialized.StringDictionary, System, Version=2.0.0.0, Culture=neutral, PublicKeyToken=b77a5c561934e089" /><storage type="System.String">e:\projects\brownshoe\unit_tests\product\src\brownshoe\testing\unittests\bin\brownshoe.unittests.dll</storage><m_nonRunnableReason type="System.String" /></value><key type="Microsoft.VisualStudio.TestTools.Common.TestId"><id type="System.Guid">91c630ad-7f00-6495-0fad-06c3622cf1e4</id></key><value type="Microsoft.VisualStudio.TestTools.TestTypes.Unit.UnitTestElement, Microsoft.VisualStudio.QualityTools.Tips.UnitTest.ObjectModel, Version=8.0.0.0, Culture=neutral, PublicKeyToken=b03f5f7f11d50a3a"><codeBase type="System.String">e:/projects/brownshoe/unit_tests/product/src/BrownShoe/Testing/UnitTests/bin/BrownShoe.UnitTests.DLL</codeBase><adapterTypeName type="System.String">Microsoft.VisualStudio.TestTools.TestTypes.Unit.UnitTestAdapter, Microsoft.VisualStudio.QualityTools.Tips.UnitTest.Adapter</adapterTypeName><testMethod type="Microsoft.VisualStudio.TestTools.TestTypes.Unit.TestMethod, Microsoft.VisualStudio.QualityTools.Tips.UnitTest.ObjectModel, Version=8.0.0.0, Culture=neutral, PublicKeyToken=b03f5f7f11d50a3a"><className type="System.String">BrownShoe.UnitTests.Services.Profiles.ProductInfoTest, BrownShoe.UnitTests, Version=1.0.0.0, Culture=neutral, PublicKeyToken=null</className><name type="System.String">ImageThumbnailNameTest</name><expectedExceptionMessage type="System.String" /><isValid type="System.Boolean">False</isValid></testMethod><aspNetDevServers type="System.Collections.Generic.List`1[[Microsoft.VisualStudio.TestTools.Common.AspNetDevelopmentServer, Microsoft.VisualStudio.QualityTools.Common, Version=8.0.0.0, Culture=neutral, PublicKeyToken=b03f5f7f11d50a3a]]"><_size type="System.Int32">0</_size><_version type="System.Int32">0</_version></aspNetDevServers><dataAccessMethod type="Microsoft.VisualStudio.TestTools.UnitTesting.DataAccessMethod, Microsoft.VisualStudio.QualityTools.UnitTestFramework, Version=8.0.0.0, Culture=neutral, PublicKeyToken=b03f5f7f11d50a3a"><value__ type="System.Int32">0</value__></dataAccessMethod><cssProjectStructure type="System.String" /><isRunOnRestart type="System.Boolean">False</isRunOnRestart><timeOut type="System.Int32">0</timeOut><isGroupable type="System.Boolean">True</isGroupable><abortRunOnAgentFailure type="System.Boolean">False</abortRunOnAgentFailure><cssIteration type="System.String" /><workItemIds type="System.Collections.Generic.List`1[[System.Int32, mscorlib, Version=2.0.0.0, Culture=neutral, PublicKeyToken=b77a5c561934e089]]"><_size type="System.Int32">0</_size><_version type="System.Int32">1</_version></workItemIds><id type="Microsoft.VisualStudio.TestTools.Common.TestId"><id type="System.Guid">91c630ad-7f00-6495-0fad-06c3622cf1e4</id></id><name type="System.String">ImageThumbnailNameTest</name><description type="System.String" /><enabled type="System.Boolean">True</enabled><owner type="System.String" /><priority type="System.Int32">0</priority><executionId type="Microsoft.VisualStudio.TestTools.Common.TestExecId"><id type="System.Guid">00000000-0000-0000-0000-000000000000</id></executionId><parentExecutId type="Microsoft.VisualStudio.TestTools.Common.TestExecId"><id type="System.Guid">00000000-0000-0000-0000-000000000000</id></parentExecutId><deploymentItems type="Microsoft.VisualStudio.TestTools.Common.DeploymentItemCollection" /><agentAttributes type="System.Collections.Specialized.StringDictionary, System, Version=2.0.0.0, Culture=neutral, PublicKeyToken=b77a5c561934e089" /><storage type="System.String">e:\projects\brownshoe\unit_tests\product\src\brownshoe\testing\unittests\bin\brownshoe.unittests.dll</storage><m_nonRunnableReason type="System.String" /></value><key type="Microsoft.VisualStudio.TestTools.Common.TestId"><id type="System.Guid">bbb74f2c-a6bd-93c0-8e84-4fa9099b0dff</id></key><value type="Microsoft.VisualStudio.TestTools.TestTypes.Unit.UnitTestElement, Microsoft.VisualStudio.QualityTools.Tips.UnitTest.ObjectModel, Version=8.0.0.0, Culture=neutral, PublicKeyToken=b03f5f7f11d50a3a"><codeBase type="System.String">e:/projects/brownshoe/unit_tests/product/src/BrownShoe/Testing/UnitTests/bin/BrownShoe.UnitTests.DLL</codeBase><adapterTypeName type="System.String">Microsoft.VisualStudio.TestTools.TestTypes.Unit.UnitTestAdapter, Microsoft.VisualStudio.QualityTools.Tips.UnitTest.Adapter</adapterTypeName><testMethod type="Microsoft.VisualStudio.TestTools.TestTypes.Unit.TestMethod, Microsoft.VisualStudio.QualityTools.Tips.UnitTest.ObjectModel, Version=8.0.0.0, Culture=neutral, PublicKeyToken=b03f5f7f11d50a3a"><className type="System.String">BrownShoe.UnitTests.Services.Navigation.AffiliatePartnerServiceTest, BrownShoe.UnitTests, Version=1.0.0.0, Culture=neutral, PublicKeyToken=null</className><name type="System.String">AddPartnerIdTest</name><expectedExceptionMessage type="System.String" /><isValid type="System.Boolean">False</isValid></testMethod><aspNetDevServers type="System.Collections.Generic.List`1[[Microsoft.VisualStudio.TestTools.Common.AspNetDevelopmentServer, Microsoft.VisualStudio.QualityTools.Common, Version=8.0.0.0, Culture=neutral, PublicKeyToken=b03f5f7f11d50a3a]]"><_size type="System.Int32">0</_size><_version type="System.Int32">0</_version></aspNetDevServers><dataAccessMethod type="Microsoft.VisualStudio.TestTools.UnitTesting.DataAccessMethod, Microsoft.VisualStudio.QualityTools.UnitTestFramework, Version=8.0.0.0, Culture=neutral, PublicKeyToken=b03f5f7f11d50a3a"><value__ type="System.Int32">0</value__></dataAccessMethod><cssProjectStructure type="System.String" /><isRunOnRestart type="System.Boolean">False</isRunOnRestart><timeOut type="System.Int32">0</timeOut><isGroupable type="System.Boolean">True</isGroupable><abortRunOnAgentFailure type="System.Boolean">False</abortRunOnAgentFailure><cssIteration type="System.String" /><workItemIds type="System.Collections.Generic.List`1[[System.Int32, mscorlib, Version=2.0.0.0, Culture=neutral, PublicKeyToken=b77a5c561934e089]]"><_size type="System.Int32">0</_size><_version type="System.Int32">1</_version></workItemIds><id type="Microsoft.VisualStudio.TestTools.Common.TestId"><id type="System.Guid">bbb74f2c-a6bd-93c0-8e84-4fa9099b0dff</id></id><name type="System.String">AddPartnerIdTest</name><description type="System.String" /><enabled type="System.Boolean">True</enabled><owner type="System.String" /><priority type="System.Int32">0</priority><executionId type="Microsoft.VisualStudio.TestTools.Common.TestExecId"><id type="System.Guid">00000000-0000-0000-0000-000000000000</id></executionId><parentExecutId type="Microsoft.VisualStudio.TestTools.Common.TestExecId"><id type="System.Guid">00000000-0000-0000-0000-000000000000</id></parentExecutId><deploymentItems type="Microsoft.VisualStudio.TestTools.Common.DeploymentItemCollection" /><agentAttributes type="System.Collections.Specialized.StringDictionary, System, Version=2.0.0.0, Culture=neutral, PublicKeyToken=b77a5c561934e089" /><storage type="System.String">e:\projects\brownshoe\unit_tests\product\src\brownshoe\testing\unittests\bin\brownshoe.unittests.dll</storage><m_nonRunnableReason type="System.String" /></value><key type="Microsoft.VisualStudio.TestTools.Common.TestId"><id type="System.Guid">55625324-c8e9-a04d-444f-1da936477b07</id></key><value type="Microsoft.VisualStudio.TestTools.TestTypes.Unit.UnitTestElement, Microsoft.VisualStudio.QualityTools.Tips.UnitTest.ObjectModel, Version=8.0.0.0, Culture=neutral, PublicKeyToken=b03f5f7f11d50a3a"><codeBase type="System.String">e:/projects/brownshoe/unit_tests/product/src/BrownShoe/Testing/UnitTests/bin/BrownShoe.UnitTests.DLL</codeBase><adapterTypeName type="System.String">Microsoft.VisualStudio.TestTools.TestTypes.Unit.UnitTestAdapter, Microsoft.VisualStudio.QualityTools.Tips.UnitTest.Adapter</adapterTypeName><testMethod type="Microsoft.VisualStudio.TestTools.TestTypes.Unit.TestMethod, Microsoft.VisualStudio.QualityTools.Tips.UnitTest.ObjectModel, Version=8.0.0.0, Culture=neutral, PublicKeyToken=b03f5f7f11d50a3a"><className type="System.String">BrownShoe.UnitTests.RetailApplicationCore.Profiles.ProfileControllerTest, BrownShoe.UnitTests, Version=1.0.0.0, Culture=neutral, PublicKeyToken=null</className><name type="System.String">DeleteCreditCardTest</name><expectedExceptionMessage type="System.String" /><isValid type="System.Boolean">False</isValid></testMethod><aspNetDevServers type="System.Collections.Generic.List`1[[Microsoft.VisualStudio.TestTools.Common.AspNetDevelopmentServer, Microsoft.VisualStudio.QualityTools.Common, Version=8.0.0.0, Culture=neutral, PublicKeyToken=b03f5f7f11d50a3a]]"><_size type="System.Int32">0</_size><_version type="System.Int32">0</_version></aspNetDevServers><dataAccessMethod type="Microsoft.VisualStudio.TestTools.UnitTesting.DataAccessMethod, Microsoft.VisualStudio.QualityTools.UnitTestFramework, Version=8.0.0.0, Culture=neutral, PublicKeyToken=b03f5f7f11d50a3a"><value__ type="System.Int32">0</value__></dataAccessMethod><cssProjectStructure type="System.String" /><isRunOnRestart type="System.Boolean">False</isRunOnRestart><timeOut type="System.Int32">0</timeOut><isGroupable type="System.Boolean">True</isGroupable><abortRunOnAgentFailure type="System.Boolean">False</abortRunOnAgentFailure><cssIteration type="System.String" /><workItemIds type="System.Collections.Generic.List`1[[System.Int32, mscorlib, Version=2.0.0.0, Culture=neutral, PublicKeyToken=b77a5c561934e089]]"><_size type="System.Int32">0</_size><_version type="System.Int32">1</_version></workItemIds><id type="Microsoft.VisualStudio.TestTools.Common.TestId"><id type="System.Guid">55625324-c8e9-a04d-444f-1da936477b07</id></id><name type="System.String">DeleteCreditCardTest</name><description type="System.String" /><enabled type="System.Boolean">True</enabled><owner type="System.String" /><priority type="System.Int32">0</priority><executionId type="Microsoft.VisualStudio.TestTools.Common.TestExecId"><id type="System.Guid">00000000-0000-0000-0000-000000000000</id></executionId><parentExecutId type="Microsoft.VisualStudio.TestTools.Common.TestExecId"><id type="System.Guid">00000000-0000-0000-0000-000000000000</id></parentExecutId><deploymentItems type="Microsoft.VisualStudio.TestTools.Common.DeploymentItemCollection" /><agentAttributes type="System.Collections.Specialized.StringDictionary, System, Version=2.0.0.0, Culture=neutral, PublicKeyToken=b77a5c561934e089" /><storage type="System.String">e:\projects\brownshoe\unit_tests\product\src\brownshoe\testing\unittests\bin\brownshoe.unittests.dll</storage><m_nonRunnableReason type="System.String" /></value><key type="Microsoft.VisualStudio.TestTools.Common.TestId"><id type="System.Guid">7724b8bd-fc0f-9e24-5736-96441cdd3c69</id></key><value type="Microsoft.VisualStudio.TestTools.TestTypes.Unit.UnitTestElement, Microsoft.VisualStudio.QualityTools.Tips.UnitTest.ObjectModel, Version=8.0.0.0, Culture=neutral, PublicKeyToken=b03f5f7f11d50a3a"><codeBase type="System.String">e:/projects/brownshoe/unit_tests/product/src/BrownShoe/Testing/UnitTests/bin/BrownShoe.UnitTests.DLL</codeBase><adapterTypeName type="System.String">Microsoft.VisualStudio.TestTools.TestTypes.Unit.UnitTestAdapter, Microsoft.VisualStudio.QualityTools.Tips.UnitTest.Adapter</adapterTypeName><testMethod type="Microsoft.VisualStudio.TestTools.TestTypes.Unit.TestMethod, Microsoft.VisualStudio.QualityTools.Tips.UnitTest.ObjectModel, Version=8.0.0.0, Culture=neutral, PublicKeyToken=b03f5f7f11d50a3a"><className type="System.String">BrownShoe.UnitTests.Services.DataAccess.GrandOpeningDBTest, BrownShoe.UnitTests, Version=1.0.0.0, Culture=neutral, PublicKeyToken=null</className><name type="System.String">AddTest</name><expectedExceptionMessage type="System.String" /><isValid type="System.Boolean">False</isValid></testMethod><aspNetDevServers type="System.Collections.Generic.List`1[[Microsoft.VisualStudio.TestTools.Common.AspNetDevelopmentServer, Microsoft.VisualStudio.QualityTools.Common, Version=8.0.0.0, Culture=neutral, PublicKeyToken=b03f5f7f11d50a3a]]"><_size type="System.Int32">0</_size><_version type="System.Int32">0</_version></aspNetDevServers><dataAccessMethod type="Microsoft.VisualStudio.TestTools.UnitTesting.DataAccessMethod, Microsoft.VisualStudio.QualityTools.UnitTestFramework, Version=8.0.0.0, Culture=neutral, PublicKeyToken=b03f5f7f11d50a3a"><value__ type="System.Int32">0</value__></dataAccessMethod><cssProjectStructure type="System.String" /><isRunOnRestart type="System.Boolean">False</isRunOnRestart><timeOut type="System.Int32">0</timeOut><isGroupable type="System.Boolean">True</isGroupable><abortRunOnAgentFailure type="System.Boolean">False</abortRunOnAgentFailure><cssIteration type="System.String" /><workItemIds type="System.Collections.Generic.List`1[[System.Int32, mscorlib, Version=2.0.0.0, Culture=neutral, PublicKeyToken=b77a5c561934e089]]"><_size type="System.Int32">0</_size><_version type="System.Int32">1</_version></workItemIds><id type="Microsoft.VisualStudio.TestTools.Common.TestId"><id type="System.Guid">7724b8bd-fc0f-9e24-5736-96441cdd3c69</id></id><name type="System.String">AddTest</name><description type="System.String" /><enabled type="System.Boolean">True</enabled><owner type="System.String" /><priority type="System.Int32">0</priority><executionId type="Microsoft.VisualStudio.TestTools.Common.TestExecId"><id type="System.Guid">00000000-0000-0000-0000-000000000000</id></executionId><parentExecutId type="Microsoft.VisualStudio.TestTools.Common.TestExecId"><id type="System.Guid">00000000-0000-0000-0000-000000000000</id></parentExecutId><deploymentItems type="Microsoft.VisualStudio.TestTools.Common.DeploymentItemCollection" /><agentAttributes type="System.Collections.Specialized.StringDictionary, System, Version=2.0.0.0, Culture=neutral, PublicKeyToken=b77a5c561934e089" /><storage type="System.String">e:\projects\brownshoe\unit_tests\product\src\brownshoe\testing\unittests\bin\brownshoe.unittests.dll</storage><m_nonRunnableReason type="System.String" /></value><key type="Microsoft.VisualStudio.TestTools.Common.TestId"><id type="System.Guid">2445491b-ca34-d36b-25c0-0f6b9689e457</id></key><value type="Microsoft.VisualStudio.TestTools.TestTypes.Unit.UnitTestElement, Microsoft.VisualStudio.QualityTools.Tips.UnitTest.ObjectModel, Version=8.0.0.0, Culture=neutral, PublicKeyToken=b03f5f7f11d50a3a"><codeBase type="System.String">e:/projects/brownshoe/unit_tests/product/src/BrownShoe/Testing/UnitTests/bin/BrownShoe.UnitTests.DLL</codeBase><adapterTypeName type="System.String">Microsoft.VisualStudio.TestTools.TestTypes.Unit.UnitTestAdapter, Microsoft.VisualStudio.QualityTools.Tips.UnitTest.Adapter</adapterTypeName><testMethod type="Microsoft.VisualStudio.TestTools.TestTypes.Unit.TestMethod, Microsoft.VisualStudio.QualityTools.Tips.UnitTest.ObjectModel, Version=8.0.0.0, Culture=neutral, PublicKeyToken=b03f5f7f11d50a3a"><className type="System.String">BrownShoe.UnitTests.NaturalizerShippingCalculatorTest, BrownShoe.UnitTests, Version=1.0.0.0, Culture=neutral, PublicKeyToken=null</className><name type="System.String">CalculateShippingTestNonContinentalUnderFreeCutoff</name><expectedExceptionMessage type="System.String" /><isValid type="System.Boolean">False</isValid></testMethod><aspNetDevServers type="System.Collections.Generic.List`1[[Microsoft.VisualStudio.TestTools.Common.AspNetDevelopmentServer, Microsoft.VisualStudio.QualityTools.Common, Version=8.0.0.0, Culture=neutral, PublicKeyToken=b03f5f7f11d50a3a]]"><_size type="System.Int32">0</_size><_version type="System.Int32">0</_version></aspNetDevServers><dataAccessMethod type="Microsoft.VisualStudio.TestTools.UnitTesting.DataAccessMethod, Microsoft.VisualStudio.QualityTools.UnitTestFramework, Version=8.0.0.0, Culture=neutral, PublicKeyToken=b03f5f7f11d50a3a"><value__ type="System.Int32">0</value__></dataAccessMethod><cssProjectStructure type="System.String" /><isRunOnRestart type="System.Boolean">False</isRunOnRestart><timeOut type="System.Int32">0</timeOut><isGroupable type="System.Boolean">True</isGroupable><abortRunOnAgentFailure type="System.Boolean">False</abortRunOnAgentFailure><cssIteration type="System.String" /><workItemIds type="System.Collections.Generic.List`1[[System.Int32, mscorlib, Version=2.0.0.0, Culture=neutral, PublicKeyToken=b77a5c561934e089]]"><_size type="System.Int32">0</_size><_version type="System.Int32">1</_version></workItemIds><id type="Microsoft.VisualStudio.TestTools.Common.TestId"><id type="System.Guid">2445491b-ca34-d36b-25c0-0f6b9689e457</id></id><name type="System.String">CalculateShippingTestNonContinentalUnderFreeCutoff</name><description type="System.String" /><enabled type="System.Boolean">True</enabled><owner type="System.String" /><priority type="System.Int32">0</priority><executionId type="Microsoft.VisualStudio.TestTools.Common.TestExecId"><id type="System.Guid">00000000-0000-0000-0000-000000000000</id></executionId><parentExecutId type="Microsoft.VisualStudio.TestTools.Common.TestExecId"><id type="System.Guid">00000000-0000-0000-0000-000000000000</id></parentExecutId><deploymentItems type="Microsoft.VisualStudio.TestTools.Common.DeploymentItemCollection"><m_container type="System.Collections.Hashtable"><key type="Microsoft.VisualStudio.TestTools.Common.DeploymentItem"><path type="System.String">BrownShippingMethodPipeline.dll</path><outputDirectory type="System.String" /></key><value /></m_container></deploymentItems><agentAttributes type="System.Collections.Specialized.StringDictionary, System, Version=2.0.0.0, Culture=neutral, PublicKeyToken=b77a5c561934e089" /><storage type="System.String">e:\projects\brownshoe\unit_tests\product\src\brownshoe\testing\unittests\bin\brownshoe.unittests.dll</storage><m_nonRunnableReason type="System.String" /></value><key type="Microsoft.VisualStudio.TestTools.Common.TestId"><id type="System.Guid">0d39400d-6e9b-a567-1e0d-181f0de948cd</id></key><value type="Microsoft.VisualStudio.TestTools.TestTypes.Unit.UnitTestElement, Microsoft.VisualStudio.QualityTools.Tips.UnitTest.ObjectModel, Version=8.0.0.0, Culture=neutral, PublicKeyToken=b03f5f7f11d50a3a"><codeBase type="System.String">e:/projects/brownshoe/unit_tests/product/src/BrownShoe/Testing/UnitTests/bin/BrownShoe.UnitTests.DLL</codeBase><adapterTypeName type="System.String">Microsoft.VisualStudio.TestTools.TestTypes.Unit.UnitTestAdapter, Microsoft.VisualStudio.QualityTools.Tips.UnitTest.Adapter</adapterTypeName><testMethod type="Microsoft.VisualStudio.TestTools.TestTypes.Unit.TestMethod, Microsoft.VisualStudio.QualityTools.Tips.UnitTest.ObjectModel, Version=8.0.0.0, Culture=neutral, PublicKeyToken=b03f5f7f11d50a3a"><className type="System.String">BrownShoe.UnitTests.Services.DataAccess.SysMonDBTest, BrownShoe.UnitTests, Version=1.0.0.0, Culture=neutral, PublicKeyToken=null</className><name type="System.String">CheckRefreshInvTest</name><expectedExceptionMessage type="System.String" /><isValid type="System.Boolean">False</isValid></testMethod><aspNetDevServers type="System.Collections.Generic.List`1[[Microsoft.VisualStudio.TestTools.Common.AspNetDevelopmentServer, Microsoft.VisualStudio.QualityTools.Common, Version=8.0.0.0, Culture=neutral, PublicKeyToken=b03f5f7f11d50a3a]]"><_size type="System.Int32">0</_size><_version type="System.Int32">0</_version></aspNetDevServers><dataAccessMethod type="Microsoft.VisualStudio.TestTools.UnitTesting.DataAccessMethod, Microsoft.VisualStudio.QualityTools.UnitTestFramework, Version=8.0.0.0, Culture=neutral, PublicKeyToken=b03f5f7f11d50a3a"><value__ type="System.Int32">0</value__></dataAccessMethod><cssProjectStructure type="System.String" /><isRunOnRestart type="System.Boolean">False</isRunOnRestart><timeOut type="System.Int32">0</timeOut><isGroupable type="System.Boolean">True</isGroupable><abortRunOnAgentFailure type="System.Boolean">False</abortRunOnAgentFailure><cssIteration type="System.String" /><workItemIds type="System.Collections.Generic.List`1[[System.Int32, mscorlib, Version=2.0.0.0, Culture=neutral, PublicKeyToken=b77a5c561934e089]]"><_size type="System.Int32">0</_size><_version type="System.Int32">1</_version></workItemIds><id type="Microsoft.VisualStudio.TestTools.Common.TestId"><id type="System.Guid">0d39400d-6e9b-a567-1e0d-181f0de948cd</id></id><name type="System.String">CheckRefreshInvTest</name><description type="System.String" /><enabled type="System.Boolean">True</enabled><owner type="System.String" /><priority type="System.Int32">0</priority><executionId type="Microsoft.VisualStudio.TestTools.Common.TestExecId"><id type="System.Guid">00000000-0000-0000-0000-000000000000</id></executionId><parentExecutId type="Microsoft.VisualStudio.TestTools.Common.TestExecId"><id type="System.Guid">00000000-0000-0000-0000-000000000000</id></parentExecutId><deploymentItems type="Microsoft.VisualStudio.TestTools.Common.DeploymentItemCollection" /><agentAttributes type="System.Collections.Specialized.StringDictionary, System, Version=2.0.0.0, Culture=neutral, PublicKeyToken=b77a5c561934e089" /><storage type="System.String">e:\projects\brownshoe\unit_tests\product\src\brownshoe\testing\unittests\bin\brownshoe.unittests.dll</storage><m_nonRunnableReason type="System.String" /></value><key type="Microsoft.VisualStudio.TestTools.Common.TestId"><id type="System.Guid">ab6a8534-c27b-223b-3a92-b4bc7a922d6e</id></key><value type="Microsoft.VisualStudio.TestTools.TestTypes.Unit.UnitTestElement, Microsoft.VisualStudio.QualityTools.Tips.UnitTest.ObjectModel, Version=8.0.0.0, Culture=neutral, PublicKeyToken=b03f5f7f11d50a3a"><codeBase type="System.String">e:/projects/brownshoe/unit_tests/product/src/BrownShoe/Testing/UnitTests/bin/BrownShoe.UnitTests.DLL</codeBase><adapterTypeName type="System.String">Microsoft.VisualStudio.TestTools.TestTypes.Unit.UnitTestAdapter, Microsoft.VisualStudio.QualityTools.Tips.UnitTest.Adapter</adapterTypeName><testMethod type="Microsoft.VisualStudio.TestTools.TestTypes.Unit.TestMethod, Microsoft.VisualStudio.QualityTools.Tips.UnitTest.ObjectModel, Version=8.0.0.0, Culture=neutral, PublicKeyToken=b03f5f7f11d50a3a"><className type="System.String">BrownShoe.UnitTests.RetailApplicationCore.Checkout.CheckoutControllerTest, BrownShoe.UnitTests, Version=1.0.0.0, Culture=neutral, PublicKeyToken=null</className><name type="System.String">AddGiftCertificateToCart</name><expectedExceptionMessage type="System.String" /><isValid type="System.Boolean">False</isValid></testMethod><aspNetDevServers type="System.Collections.Generic.List`1[[Microsoft.VisualStudio.TestTools.Common.AspNetDevelopmentServer, Microsoft.VisualStudio.QualityTools.Common, Version=8.0.0.0, Culture=neutral, PublicKeyToken=b03f5f7f11d50a3a]]"><_size type="System.Int32">0</_size><_version type="System.Int32">0</_version></aspNetDevServers><dataAccessMethod type="Microsoft.VisualStudio.TestTools.UnitTesting.DataAccessMethod, Microsoft.VisualStudio.QualityTools.UnitTestFramework, Version=8.0.0.0, Culture=neutral, PublicKeyToken=b03f5f7f11d50a3a"><value__ type="System.Int32">0</value__></dataAccessMethod><cssProjectStructure type="System.String" /><isRunOnRestart type="System.Boolean">False</isRunOnRestart><timeOut type="System.Int32">0</timeOut><isGroupable type="System.Boolean">True</isGroupable><abortRunOnAgentFailure type="System.Boolean">False</abortRunOnAgentFailure><cssIteration type="System.String" /><workItemIds type="System.Collections.Generic.List`1[[System.Int32, mscorlib, Version=2.0.0.0, Culture=neutral, PublicKeyToken=b77a5c561934e089]]"><_size type="System.Int32">0</_size><_version type="System.Int32">1</_version></workItemIds><id type="Microsoft.VisualStudio.TestTools.Common.TestId"><id type="System.Guid">ab6a8534-c27b-223b-3a92-b4bc7a922d6e</id></id><name type="System.String">AddGiftCertificateToCart</name><description type="System.String" /><enabled type="System.Boolean">True</enabled><owner type="System.String" /><priority type="System.Int32">0</priority><executionId type="Microsoft.VisualStudio.TestTools.Common.TestExecId"><id type="System.Guid">00000000-0000-0000-0000-000000000000</id></executionId><parentExecutId type="Microsoft.VisualStudio.TestTools.Common.TestExecId"><id type="System.Guid">00000000-0000-0000-0000-000000000000</id></parentExecutId><deploymentItems type="Microsoft.VisualStudio.TestTools.Common.DeploymentItemCollection" /><agentAttributes type="System.Collections.Specialized.StringDictionary, System, Version=2.0.0.0, Culture=neutral, PublicKeyToken=b77a5c561934e089" /><storage type="System.String">e:\projects\brownshoe\unit_tests\product\src\brownshoe\testing\unittests\bin\brownshoe.unittests.dll</storage><m_nonRunnableReason type="System.String" /></value><key type="Microsoft.VisualStudio.TestTools.Common.TestId"><id type="System.Guid">f4f2758a-9626-c5df-dc18-06978c3499c7</id></key><value type="Microsoft.VisualStudio.TestTools.TestTypes.Unit.UnitTestElement, Microsoft.VisualStudio.QualityTools.Tips.UnitTest.ObjectModel, Version=8.0.0.0, Culture=neutral, PublicKeyToken=b03f5f7f11d50a3a"><codeBase type="System.String">e:/projects/brownshoe/unit_tests/product/src/BrownShoe/Testing/UnitTests/bin/BrownShoe.UnitTests.DLL</codeBase><adapterTypeName type="System.String">Microsoft.VisualStudio.TestTools.TestTypes.Unit.UnitTestAdapter, Microsoft.VisualStudio.QualityTools.Tips.UnitTest.Adapter</adapterTypeName><testMethod type="Microsoft.VisualStudio.TestTools.TestTypes.Unit.TestMethod, Microsoft.VisualStudio.QualityTools.Tips.UnitTest.ObjectModel, Version=8.0.0.0, Culture=neutral, PublicKeyToken=b03f5f7f11d50a3a"><className type="System.String">BrownShoe.UnitTests.Services.MarketingAdmin.DataFeedServiceTest, BrownShoe.UnitTests, Version=1.0.0.0, Culture=neutral, PublicKeyToken=null</className><name type="System.String">QueueDataFeedTest</name><expectedExceptionMessage type="System.String" /><isValid type="System.Boolean">False</isValid></testMethod><aspNetDevServers type="System.Collections.Generic.List`1[[Microsoft.VisualStudio.TestTools.Common.AspNetDevelopmentServer, Microsoft.VisualStudio.QualityTools.Common, Version=8.0.0.0, Culture=neutral, PublicKeyToken=b03f5f7f11d50a3a]]"><_size type="System.Int32">0</_size><_version type="System.Int32">0</_version></aspNetDevServers><dataAccessMethod type="Microsoft.VisualStudio.TestTools.UnitTesting.DataAccessMethod, Microsoft.VisualStudio.QualityTools.UnitTestFramework, Version=8.0.0.0, Culture=neutral, PublicKeyToken=b03f5f7f11d50a3a"><value__ type="System.Int32">0</value__></dataAccessMethod><cssProjectStructure type="System.String" /><isRunOnRestart type="System.Boolean">False</isRunOnRestart><timeOut type="System.Int32">0</timeOut><isGroupable type="System.Boolean">True</isGroupable><abortRunOnAgentFailure type="System.Boolean">False</abortRunOnAgentFailure><cssIteration type="System.String" /><workItemIds type="System.Collections.Generic.List`1[[System.Int32, mscorlib, Version=2.0.0.0, Culture=neutral, PublicKeyToken=b77a5c561934e089]]"><_size type="System.Int32">0</_size><_version type="System.Int32">1</_version></workItemIds><id type="Microsoft.VisualStudio.TestTools.Common.TestId"><id type="System.Guid">f4f2758a-9626-c5df-dc18-06978c3499c7</id></id><name type="System.String">QueueDataFeedTest</name><description type="System.String" /><enabled type="System.Boolean">True</enabled><owner type="System.String" /><priority type="System.Int32">0</priority><executionId type="Microsoft.VisualStudio.TestTools.Common.TestExecId"><id type="System.Guid">00000000-0000-0000-0000-000000000000</id></executionId><parentExecutId type="Microsoft.VisualStudio.TestTools.Common.TestExecId"><id type="System.Guid">00000000-0000-0000-0000-000000000000</id></parentExecutId><deploymentItems type="Microsoft.VisualStudio.TestTools.Common.DeploymentItemCollection" /><agentAttributes type="System.Collections.Specialized.StringDictionary, System, Version=2.0.0.0, Culture=neutral, PublicKeyToken=b77a5c561934e089" /><storage type="System.String">e:\projects\brownshoe\unit_tests\product\src\brownshoe\testing\unittests\bin\brownshoe.unittests.dll</storage><m_nonRunnableReason type="System.String" /></value><key type="Microsoft.VisualStudio.TestTools.Common.TestId"><id type="System.Guid">9ce6e354-3c8c-59aa-aad4-ad2606cfb264</id></key><value type="Microsoft.VisualStudio.TestTools.TestTypes.Unit.UnitTestElement, Microsoft.VisualStudio.QualityTools.Tips.UnitTest.ObjectModel, Version=8.0.0.0, Culture=neutral, PublicKeyToken=b03f5f7f11d50a3a"><codeBase type="System.String">e:/projects/brownshoe/unit_tests/product/src/BrownShoe/Testing/UnitTests/bin/BrownShoe.UnitTests.DLL</codeBase><adapterTypeName type="System.String">Microsoft.VisualStudio.TestTools.TestTypes.Unit.UnitTestAdapter, Microsoft.VisualStudio.QualityTools.Tips.UnitTest.Adapter</adapterTypeName><testMethod type="Microsoft.VisualStudio.TestTools.TestTypes.Unit.TestMethod, Microsoft.VisualStudio.QualityTools.Tips.UnitTest.ObjectModel, Version=8.0.0.0, Culture=neutral, PublicKeyToken=b03f5f7f11d50a3a"><className type="System.String">BrownShoe.UnitTests.Services.MarketingAdmin.DataFeedServiceTest, BrownShoe.UnitTests, Version=1.0.0.0, Culture=neutral, PublicKeyToken=null</className><name type="System.String">UpdatePriorityTest</name><expectedExceptionMessage type="System.String" /><isValid type="System.Boolean">False</isValid></testMethod><aspNetDevServers type="System.Collections.Generic.List`1[[Microsoft.VisualStudio.TestTools.Common.AspNetDevelopmentServer, Microsoft.VisualStudio.QualityTools.Common, Version=8.0.0.0, Culture=neutral, PublicKeyToken=b03f5f7f11d50a3a]]"><_size type="System.Int32">0</_size><_version type="System.Int32">0</_version></aspNetDevServers><dataAccessMethod type="Microsoft.VisualStudio.TestTools.UnitTesting.DataAccessMethod, Microsoft.VisualStudio.QualityTools.UnitTestFramework, Version=8.0.0.0, Culture=neutral, PublicKeyToken=b03f5f7f11d50a3a"><value__ type="System.Int32">0</value__></dataAccessMethod><cssProjectStructure type="System.String" /><isRunOnRestart type="System.Boolean">False</isRunOnRestart><timeOut type="System.Int32">0</timeOut><isGroupable type="System.Boolean">True</isGroupable><abortRunOnAgentFailure type="System.Boolean">False</abortRunOnAgentFailure><cssIteration type="System.String" /><workItemIds type="System.Collections.Generic.List`1[[System.Int32, mscorlib, Version=2.0.0.0, Culture=neutral, PublicKeyToken=b77a5c561934e089]]"><_size type="System.Int32">0</_size><_version type="System.Int32">1</_version></workItemIds><id type="Microsoft.VisualStudio.TestTools.Common.TestId"><id type="System.Guid">9ce6e354-3c8c-59aa-aad4-ad2606cfb264</id></id><name type="System.String">UpdatePriorityTest</name><description type="System.String" /><enabled type="System.Boolean">True</enabled><owner type="System.String" /><priority type="System.Int32">0</priority><executionId type="Microsoft.VisualStudio.TestTools.Common.TestExecId"><id type="System.Guid">00000000-0000-0000-0000-000000000000</id></executionId><parentExecutId type="Microsoft.VisualStudio.TestTools.Common.TestExecId"><id type="System.Guid">00000000-0000-0000-0000-000000000000</id></parentExecutId><deploymentItems type="Microsoft.VisualStudio.TestTools.Common.DeploymentItemCollection" /><agentAttributes type="System.Collections.Specialized.StringDictionary, System, Version=2.0.0.0, Culture=neutral, PublicKeyToken=b77a5c561934e089" /><storage type="System.String">e:\projects\brownshoe\unit_tests\product\src\brownshoe\testing\unittests\bin\brownshoe.unittests.dll</storage><m_nonRunnableReason type="System.String" /></value><key type="Microsoft.VisualStudio.TestTools.Common.TestId"><id type="System.Guid">81b1478a-3296-436e-1695-d7294afab6c8</id></key><value type="Microsoft.VisualStudio.TestTools.TestTypes.Unit.UnitTestElement, Microsoft.VisualStudio.QualityTools.Tips.UnitTest.ObjectModel, Version=8.0.0.0, Culture=neutral, PublicKeyToken=b03f5f7f11d50a3a"><codeBase type="System.String">e:/projects/brownshoe/unit_tests/product/src/BrownShoe/Testing/UnitTests/bin/BrownShoe.UnitTests.DLL</codeBase><adapterTypeName type="System.String">Microsoft.VisualStudio.TestTools.TestTypes.Unit.UnitTestAdapter, Microsoft.VisualStudio.QualityTools.Tips.UnitTest.Adapter</adapterTypeName><testMethod type="Microsoft.VisualStudio.TestTools.TestTypes.Unit.TestMethod, Microsoft.VisualStudio.QualityTools.Tips.UnitTest.ObjectModel, Version=8.0.0.0, Culture=neutral, PublicKeyToken=b03f5f7f11d50a3a"><className type="System.String">BrownShoe.UnitTests.Services.DataAccess.SysMonDBTest, BrownShoe.UnitTests, Version=1.0.0.0, Culture=neutral, PublicKeyToken=null</className><name type="System.String">Test_YesMailTest</name><expectedExceptionMessage type="System.String" /><isValid type="System.Boolean">False</isValid></testMethod><aspNetDevServers type="System.Collections.Generic.List`1[[Microsoft.VisualStudio.TestTools.Common.AspNetDevelopmentServer, Microsoft.VisualStudio.QualityTools.Common, Version=8.0.0.0, Culture=neutral, PublicKeyToken=b03f5f7f11d50a3a]]"><_size type="System.Int32">0</_size><_version type="System.Int32">0</_version></aspNetDevServers><dataAccessMethod type="Microsoft.VisualStudio.TestTools.UnitTesting.DataAccessMethod, Microsoft.VisualStudio.QualityTools.UnitTestFramework, Version=8.0.0.0, Culture=neutral, PublicKeyToken=b03f5f7f11d50a3a"><value__ type="System.Int32">0</value__></dataAccessMethod><cssProjectStructure type="System.String" /><isRunOnRestart type="System.Boolean">False</isRunOnRestart><timeOut type="System.Int32">0</timeOut><isGroupable type="System.Boolean">True</isGroupable><abortRunOnAgentFailure type="System.Boolean">False</abortRunOnAgentFailure><cssIteration type="System.String" /><workItemIds type="System.Collections.Generic.List`1[[System.Int32, mscorlib, Version=2.0.0.0, Culture=neutral, PublicKeyToken=b77a5c561934e089]]"><_size type="System.Int32">0</_size><_version type="System.Int32">1</_version></workItemIds><id type="Microsoft.VisualStudio.TestTools.Common.TestId"><id type="System.Guid">81b1478a-3296-436e-1695-d7294afab6c8</id></id><name type="System.String">Test_YesMailTest</name><description type="System.String" /><enabled type="System.Boolean">True</enabled><owner type="System.String" /><priority type="System.Int32">0</priority><executionId type="Microsoft.VisualStudio.TestTools.Common.TestExecId"><id type="System.Guid">00000000-0000-0000-0000-000000000000</id></executionId><parentExecutId type="Microsoft.VisualStudio.TestTools.Common.TestExecId"><id type="System.Guid">00000000-0000-0000-0000-000000000000</id></parentExecutId><deploymentItems type="Microsoft.VisualStudio.TestTools.Common.DeploymentItemCollection" /><agentAttributes type="System.Collections.Specialized.StringDictionary, System, Version=2.0.0.0, Culture=neutral, PublicKeyToken=b77a5c561934e089" /><storage type="System.String">e:\projects\brownshoe\unit_tests\product\src\brownshoe\testing\unittests\bin\brownshoe.unittests.dll</storage><m_nonRunnableReason type="System.String" /></value><key type="Microsoft.VisualStudio.TestTools.Common.TestId"><id type="System.Guid">5db7e5b1-3d86-f91c-d166-a85922a4676a</id></key><value type="Microsoft.VisualStudio.TestTools.TestTypes.Unit.UnitTestElement, Microsoft.VisualStudio.QualityTools.Tips.UnitTest.ObjectModel, Version=8.0.0.0, Culture=neutral, PublicKeyToken=b03f5f7f11d50a3a"><codeBase type="System.String">e:/projects/brownshoe/unit_tests/product/src/BrownShoe/Testing/UnitTests/bin/BrownShoe.UnitTests.DLL</codeBase><adapterTypeName type="System.String">Microsoft.VisualStudio.TestTools.TestTypes.Unit.UnitTestAdapter, Microsoft.VisualStudio.QualityTools.Tips.UnitTest.Adapter</adapterTypeName><testMethod type="Microsoft.VisualStudio.TestTools.TestTypes.Unit.TestMethod, Microsoft.VisualStudio.QualityTools.Tips.UnitTest.ObjectModel, Version=8.0.0.0, Culture=neutral, PublicKeyToken=b03f5f7f11d50a3a"><className type="System.String">BrownShoe.UnitTests.Services.Madison.MadisonWebServiceTest, BrownShoe.UnitTests, Version=1.0.0.0, Culture=neutral, PublicKeyToken=null</className><name type="System.String">LocateStoresWithInventoryTest</name><expectedExceptionMessage type="System.String" /><isValid type="System.Boolean">False</isValid></testMethod><aspNetDevServers type="System.Collections.Generic.List`1[[Microsoft.VisualStudio.TestTools.Common.AspNetDevelopmentServer, Microsoft.VisualStudio.QualityTools.Common, Version=8.0.0.0, Culture=neutral, PublicKeyToken=b03f5f7f11d50a3a]]"><_size type="System.Int32">0</_size><_version type="System.Int32">0</_version></aspNetDevServers><dataAccessMethod type="Microsoft.VisualStudio.TestTools.UnitTesting.DataAccessMethod, Microsoft.VisualStudio.QualityTools.UnitTestFramework, Version=8.0.0.0, Culture=neutral, PublicKeyToken=b03f5f7f11d50a3a"><value__ type="System.Int32">0</value__></dataAccessMethod><cssProjectStructure type="System.String" /><isRunOnRestart type="System.Boolean">False</isRunOnRestart><timeOut type="System.Int32">0</timeOut><isGroupable type="System.Boolean">True</isGroupable><abortRunOnAgentFailure type="System.Boolean">False</abortRunOnAgentFailure><cssIteration type="System.String" /><workItemIds type="System.Collections.Generic.List`1[[System.Int32, mscorlib, Version=2.0.0.0, Culture=neutral, PublicKeyToken=b77a5c561934e089]]"><_size type="System.Int32">0</_size><_version type="System.Int32">1</_version></workItemIds><id type="Microsoft.VisualStudio.TestTools.Common.TestId"><id type="System.Guid">5db7e5b1-3d86-f91c-d166-a85922a4676a</id></id><name type="System.String">LocateStoresWithInventoryTest</name><description type="System.String" /><enabled type="System.Boolean">True</enabled><owner type="System.String" /><priority type="System.Int32">0</priority><executionId type="Microsoft.VisualStudio.TestTools.Common.TestExecId"><id type="System.Guid">00000000-0000-0000-0000-000000000000</id></executionId><parentExecutId type="Microsoft.VisualStudio.TestTools.Common.TestExecId"><id type="System.Guid">00000000-0000-0000-0000-000000000000</id></parentExecutId><deploymentItems type="Microsoft.VisualStudio.TestTools.Common.DeploymentItemCollection" /><agentAttributes type="System.Collections.Specialized.StringDictionary, System, Version=2.0.0.0, Culture=neutral, PublicKeyToken=b77a5c561934e089" /><storage type="System.String">e:\projects\brownshoe\unit_tests\product\src\brownshoe\testing\unittests\bin\brownshoe.unittests.dll</storage><m_nonRunnableReason type="System.String" /></value><key type="Microsoft.VisualStudio.TestTools.Common.TestId"><id type="System.Guid">2eb2a240-3e8d-f98e-783b-d90e5979ac13</id></key><value type="Microsoft.VisualStudio.TestTools.TestTypes.Unit.UnitTestElement, Microsoft.VisualStudio.QualityTools.Tips.UnitTest.ObjectModel, Version=8.0.0.0, Culture=neutral, PublicKeyToken=b03f5f7f11d50a3a"><codeBase type="System.String">e:/projects/brownshoe/unit_tests/product/src/BrownShoe/Testing/UnitTests/bin/BrownShoe.UnitTests.DLL</codeBase><adapterTypeName type="System.String">Microsoft.VisualStudio.TestTools.TestTypes.Unit.UnitTestAdapter, Microsoft.VisualStudio.QualityTools.Tips.UnitTest.Adapter</adapterTypeName><testMethod type="Microsoft.VisualStudio.TestTools.TestTypes.Unit.TestMethod, Microsoft.VisualStudio.QualityTools.Tips.UnitTest.ObjectModel, Version=8.0.0.0, Culture=neutral, PublicKeyToken=b03f5f7f11d50a3a"><className type="System.String">BrownShoe.UnitTests.Services.Catalog.SizeCrossReferenceSearchTest, BrownShoe.UnitTests, Version=1.0.0.0, Culture=neutral, PublicKeyToken=null</className><name type="System.String">GetAllSheetsTest</name><expectedExceptionMessage type="System.String" /><isValid type="System.Boolean">False</isValid></testMethod><aspNetDevServers type="System.Collections.Generic.List`1[[Microsoft.VisualStudio.TestTools.Common.AspNetDevelopmentServer, Microsoft.VisualStudio.QualityTools.Common, Version=8.0.0.0, Culture=neutral, PublicKeyToken=b03f5f7f11d50a3a]]"><_size type="System.Int32">0</_size><_version type="System.Int32">0</_version></aspNetDevServers><dataAccessMethod type="Microsoft.VisualStudio.TestTools.UnitTesting.DataAccessMethod, Microsoft.VisualStudio.QualityTools.UnitTestFramework, Version=8.0.0.0, Culture=neutral, PublicKeyToken=b03f5f7f11d50a3a"><value__ type="System.Int32">0</value__></dataAccessMethod><cssProjectStructure type="System.String" /><isRunOnRestart type="System.Boolean">False</isRunOnRestart><timeOut type="System.Int32">0</timeOut><isGroupable type="System.Boolean">True</isGroupable><abortRunOnAgentFailure type="System.Boolean">False</abortRunOnAgentFailure><cssIteration type="System.String" /><workItemIds type="System.Collections.Generic.List`1[[System.Int32, mscorlib, Version=2.0.0.0, Culture=neutral, PublicKeyToken=b77a5c561934e089]]"><_size type="System.Int32">0</_size><_version type="System.Int32">1</_version></workItemIds><id type="Microsoft.VisualStudio.TestTools.Common.TestId"><id type="System.Guid">2eb2a240-3e8d-f98e-783b-d90e5979ac13</id></id><name type="System.String">GetAllSheetsTest</name><description type="System.String" /><enabled type="System.Boolean">True</enabled><owner type="System.String" /><priority type="System.Int32">0</priority><executionId type="Microsoft.VisualStudio.TestTools.Common.TestExecId"><id type="System.Guid">00000000-0000-0000-0000-000000000000</id></executionId><parentExecutId type="Microsoft.VisualStudio.TestTools.Common.TestExecId"><id type="System.Guid">00000000-0000-0000-0000-000000000000</id></parentExecutId><deploymentItems type="Microsoft.VisualStudio.TestTools.Common.DeploymentItemCollection" /><agentAttributes type="System.Collections.Specialized.StringDictionary, System, Version=2.0.0.0, Culture=neutral, PublicKeyToken=b77a5c561934e089" /><storage type="System.String">e:\projects\brownshoe\unit_tests\product\src\brownshoe\testing\unittests\bin\brownshoe.unittests.dll</storage><m_nonRunnableReason type="System.String" /></value><key type="Microsoft.VisualStudio.TestTools.Common.TestId"><id type="System.Guid">f66d3ce1-12b5-f733-2fe2-8c6516ab609b</id></key><value type="Microsoft.VisualStudio.TestTools.TestTypes.Unit.UnitTestElement, Microsoft.VisualStudio.QualityTools.Tips.UnitTest.ObjectModel, Version=8.0.0.0, Culture=neutral, PublicKeyToken=b03f5f7f11d50a3a"><codeBase type="System.String">e:/projects/brownshoe/unit_tests/product/src/BrownShoe/Testing/UnitTests/bin/BrownShoe.UnitTests.DLL</codeBase><adapterTypeName type="System.String">Microsoft.VisualStudio.TestTools.TestTypes.Unit.UnitTestAdapter, Microsoft.VisualStudio.QualityTools.Tips.UnitTest.Adapter</adapterTypeName><testMethod type="Microsoft.VisualStudio.TestTools.TestTypes.Unit.TestMethod, Microsoft.VisualStudio.QualityTools.Tips.UnitTest.ObjectModel, Version=8.0.0.0, Culture=neutral, PublicKeyToken=b03f5f7f11d50a3a"><className type="System.String">BrownShoe.UnitTests.Services.Shopping.ShoppingCartServiceTest, BrownShoe.UnitTests, Version=1.0.0.0, Culture=neutral, PublicKeyToken=null</className><name type="System.String">UpdateTest</name><expectedExceptionMessage type="System.String" /><isValid type="System.Boolean">False</isValid></testMethod><aspNetDevServers type="System.Collections.Generic.List`1[[Microsoft.VisualStudio.TestTools.Common.AspNetDevelopmentServer, Microsoft.VisualStudio.QualityTools.Common, Version=8.0.0.0, Culture=neutral, PublicKeyToken=b03f5f7f11d50a3a]]"><_size type="System.Int32">0</_size><_version type="System.Int32">0</_version></aspNetDevServers><dataAccessMethod type="Microsoft.VisualStudio.TestTools.UnitTesting.DataAccessMethod, Microsoft.VisualStudio.QualityTools.UnitTestFramework, Version=8.0.0.0, Culture=neutral, PublicKeyToken=b03f5f7f11d50a3a"><value__ type="System.Int32">0</value__></dataAccessMethod><cssProjectStructure type="System.String" /><isRunOnRestart type="System.Boolean">False</isRunOnRestart><timeOut type="System.Int32">0</timeOut><isGroupable type="System.Boolean">True</isGroupable><abortRunOnAgentFailure type="System.Boolean">False</abortRunOnAgentFailure><cssIteration type="System.String" /><workItemIds type="System.Collections.Generic.List`1[[System.Int32, mscorlib, Version=2.0.0.0, Culture=neutral, PublicKeyToken=b77a5c561934e089]]"><_size type="System.Int32">0</_size><_version type="System.Int32">1</_version></workItemIds><id type="Microsoft.VisualStudio.TestTools.Common.TestId"><id type="System.Guid">f66d3ce1-12b5-f733-2fe2-8c6516ab609b</id></id><name type="System.String">UpdateTest</name><description type="System.String" /><enabled type="System.Boolean">True</enabled><owner type="System.String" /><priority type="System.Int32">0</priority><executionId type="Microsoft.VisualStudio.TestTools.Common.TestExecId"><id type="System.Guid">00000000-0000-0000-0000-000000000000</id></executionId><parentExecutId type="Microsoft.VisualStudio.TestTools.Common.TestExecId"><id type="System.Guid">00000000-0000-0000-0000-000000000000</id></parentExecutId><deploymentItems type="Microsoft.VisualStudio.TestTools.Common.DeploymentItemCollection" /><agentAttributes type="System.Collections.Specialized.StringDictionary, System, Version=2.0.0.0, Culture=neutral, PublicKeyToken=b77a5c561934e089" /><storage type="System.String">e:\projects\brownshoe\unit_tests\product\src\brownshoe\testing\unittests\bin\brownshoe.unittests.dll</storage><m_nonRunnableReason type="System.String" /></value><key type="Microsoft.VisualStudio.TestTools.Common.TestId"><id type="System.Guid">fb194506-b7ca-6758-4c5f-623453544394</id></key><value type="Microsoft.VisualStudio.TestTools.TestTypes.Unit.UnitTestElement, Microsoft.VisualStudio.QualityTools.Tips.UnitTest.ObjectModel, Version=8.0.0.0, Culture=neutral, PublicKeyToken=b03f5f7f11d50a3a"><codeBase type="System.String">e:/projects/brownshoe/unit_tests/product/src/BrownShoe/Testing/UnitTests/bin/BrownShoe.UnitTests.DLL</codeBase><adapterTypeName type="System.String">Microsoft.VisualStudio.TestTools.TestTypes.Unit.UnitTestAdapter, Microsoft.VisualStudio.QualityTools.Tips.UnitTest.Adapter</adapterTypeName><testMethod type="Microsoft.VisualStudio.TestTools.TestTypes.Unit.TestMethod, Microsoft.VisualStudio.QualityTools.Tips.UnitTest.ObjectModel, Version=8.0.0.0, Culture=neutral, PublicKeyToken=b03f5f7f11d50a3a"><className type="System.String">BrownShoe.UnitTests.Services.Shopping.ShoppingCartServiceTest, BrownShoe.UnitTests, Version=1.0.0.0, Culture=neutral, PublicKeyToken=null</className><name type="System.String">ReadTest</name><expectedExceptionMessage type="System.String" /><isValid type="System.Boolean">False</isValid></testMethod><aspNetDevServers type="System.Collections.Generic.List`1[[Microsoft.VisualStudio.TestTools.Common.AspNetDevelopmentServer, Microsoft.VisualStudio.QualityTools.Common, Version=8.0.0.0, Culture=neutral, PublicKeyToken=b03f5f7f11d50a3a]]"><_size type="System.Int32">0</_size><_version type="System.Int32">0</_version></aspNetDevServers><dataAccessMethod type="Microsoft.VisualStudio.TestTools.UnitTesting.DataAccessMethod, Microsoft.VisualStudio.QualityTools.UnitTestFramework, Version=8.0.0.0, Culture=neutral, PublicKeyToken=b03f5f7f11d50a3a"><value__ type="System.Int32">0</value__></dataAccessMethod><cssProjectStructure type="System.String" /><isRunOnRestart type="System.Boolean">False</isRunOnRestart><timeOut type="System.Int32">0</timeOut><isGroupable type="System.Boolean">True</isGroupable><abortRunOnAgentFailure type="System.Boolean">False</abortRunOnAgentFailure><cssIteration type="System.String" /><workItemIds type="System.Collections.Generic.List`1[[System.Int32, mscorlib, Version=2.0.0.0, Culture=neutral, PublicKeyToken=b77a5c561934e089]]"><_size type="System.Int32">0</_size><_version type="System.Int32">1</_version></workItemIds><id type="Microsoft.VisualStudio.TestTools.Common.TestId"><id type="System.Guid">fb194506-b7ca-6758-4c5f-623453544394</id></id><name type="System.String">ReadTest</name><description type="System.String" /><enabled type="System.Boolean">True</enabled><owner type="System.String" /><priority type="System.Int32">0</priority><executionId type="Microsoft.VisualStudio.TestTools.Common.TestExecId"><id type="System.Guid">00000000-0000-0000-0000-000000000000</id></executionId><parentExecutId type="Microsoft.VisualStudio.TestTools.Common.TestExecId"><id type="System.Guid">00000000-0000-0000-0000-000000000000</id></parentExecutId><deploymentItems type="Microsoft.VisualStudio.TestTools.Common.DeploymentItemCollection" /><agentAttributes type="System.Collections.Specialized.StringDictionary, System, Version=2.0.0.0, Culture=neutral, PublicKeyToken=b77a5c561934e089" /><storage type="System.String">e:\projects\brownshoe\unit_tests\product\src\brownshoe\testing\unittests\bin\brownshoe.unittests.dll</storage><m_nonRunnableReason type="System.String" /></value><key type="Microsoft.VisualStudio.TestTools.Common.TestId"><id type="System.Guid">e757bdb6-ca4c-0352-cd9f-e65c6699f872</id></key><value type="Microsoft.VisualStudio.TestTools.TestTypes.Unit.UnitTestElement, Microsoft.VisualStudio.QualityTools.Tips.UnitTest.ObjectModel, Version=8.0.0.0, Culture=neutral, PublicKeyToken=b03f5f7f11d50a3a"><codeBase type="System.String">e:/projects/brownshoe/unit_tests/product/src/BrownShoe/Testing/UnitTests/bin/BrownShoe.UnitTests.DLL</codeBase><adapterTypeName type="System.String">Microsoft.VisualStudio.TestTools.TestTypes.Unit.UnitTestAdapter, Microsoft.VisualStudio.QualityTools.Tips.UnitTest.Adapter</adapterTypeName><testMethod type="Microsoft.VisualStudio.TestTools.TestTypes.Unit.TestMethod, Microsoft.VisualStudio.QualityTools.Tips.UnitTest.ObjectModel, Version=8.0.0.0, Culture=neutral, PublicKeyToken=b03f5f7f11d50a3a"><className type="System.String">BrownShoe.UnitTests.Services.Madison.HomeDeliveryOrderLineTest, BrownShoe.UnitTests, Version=1.0.0.0, Culture=neutral, PublicKeyToken=null</className><name type="System.String">TotalTest</name><expectedExceptionMessage type="System.String" /><isValid type="System.Boolean">False</isValid></testMethod><aspNetDevServers type="System.Collections.Generic.List`1[[Microsoft.VisualStudio.TestTools.Common.AspNetDevelopmentServer, Microsoft.VisualStudio.QualityTools.Common, Version=8.0.0.0, Culture=neutral, PublicKeyToken=b03f5f7f11d50a3a]]"><_size type="System.Int32">0</_size><_version type="System.Int32">0</_version></aspNetDevServers><dataAccessMethod type="Microsoft.VisualStudio.TestTools.UnitTesting.DataAccessMethod, Microsoft.VisualStudio.QualityTools.UnitTestFramework, Version=8.0.0.0, Culture=neutral, PublicKeyToken=b03f5f7f11d50a3a"><value__ type="System.Int32">0</value__></dataAccessMethod><cssProjectStructure type="System.String" /><isRunOnRestart type="System.Boolean">False</isRunOnRestart><timeOut type="System.Int32">0</timeOut><isGroupable type="System.Boolean">True</isGroupable><abortRunOnAgentFailure type="System.Boolean">False</abortRunOnAgentFailure><cssIteration type="System.String" /><workItemIds type="System.Collections.Generic.List`1[[System.Int32, mscorlib, Version=2.0.0.0, Culture=neutral, PublicKeyToken=b77a5c561934e089]]"><_size type="System.Int32">0</_size><_version type="System.Int32">1</_version></workItemIds><id type="Microsoft.VisualStudio.TestTools.Common.TestId"><id type="System.Guid">e757bdb6-ca4c-0352-cd9f-e65c6699f872</id></id><name type="System.String">TotalTest</name><description type="System.String" /><enabled type="System.Boolean">True</enabled><owner type="System.String" /><priority type="System.Int32">0</priority><executionId type="Microsoft.VisualStudio.TestTools.Common.TestExecId"><id type="System.Guid">00000000-0000-0000-0000-000000000000</id></executionId><parentExecutId type="Microsoft.VisualStudio.TestTools.Common.TestExecId"><id type="System.Guid">00000000-0000-0000-0000-000000000000</id></parentExecutId><deploymentItems type="Microsoft.VisualStudio.TestTools.Common.DeploymentItemCollection" /><agentAttributes type="System.Collections.Specialized.StringDictionary, System, Version=2.0.0.0, Culture=neutral, PublicKeyToken=b77a5c561934e089" /><storage type="System.String">e:\projects\brownshoe\unit_tests\product\src\brownshoe\testing\unittests\bin\brownshoe.unittests.dll</storage><m_nonRunnableReason type="System.String" /></value><key type="Microsoft.VisualStudio.TestTools.Common.TestId"><id type="System.Guid">c2759626-01c8-b393-7616-52703cac459a</id></key><value type="Microsoft.VisualStudio.TestTools.TestTypes.Unit.UnitTestElement, Microsoft.VisualStudio.QualityTools.Tips.UnitTest.ObjectModel, Version=8.0.0.0, Culture=neutral, PublicKeyToken=b03f5f7f11d50a3a"><codeBase type="System.String">e:/projects/brownshoe/unit_tests/product/src/BrownShoe/Testing/UnitTests/bin/BrownShoe.UnitTests.DLL</codeBase><adapterTypeName type="System.String">Microsoft.VisualStudio.TestTools.TestTypes.Unit.UnitTestAdapter, Microsoft.VisualStudio.QualityTools.Tips.UnitTest.Adapter</adapterTypeName><testMethod type="Microsoft.VisualStudio.TestTools.TestTypes.Unit.TestMethod, Microsoft.VisualStudio.QualityTools.Tips.UnitTest.ObjectModel, Version=8.0.0.0, Culture=neutral, PublicKeyToken=b03f5f7f11d50a3a"><className type="System.String">BrownShoe.UnitTests.Services.Frauds.FraudDetectionServiceTest, BrownShoe.UnitTests, Version=1.0.0.0, Culture=neutral, PublicKeyToken=null</className><name type="System.String">ValidateAddressTest</name><expectedExceptionMessage type="System.String" /><isValid type="System.Boolean">False</isValid></testMethod><aspNetDevServers type="System.Collections.Generic.List`1[[Microsoft.VisualStudio.TestTools.Common.AspNetDevelopmentServer, Microsoft.VisualStudio.QualityTools.Common, Version=8.0.0.0, Culture=neutral, PublicKeyToken=b03f5f7f11d50a3a]]"><_size type="System.Int32">0</_size><_version type="System.Int32">0</_version></aspNetDevServers><dataAccessMethod type="Microsoft.VisualStudio.TestTools.UnitTesting.DataAccessMethod, Microsoft.VisualStudio.QualityTools.UnitTestFramework, Version=8.0.0.0, Culture=neutral, PublicKeyToken=b03f5f7f11d50a3a"><value__ type="System.Int32">0</value__></dataAccessMethod><cssProjectStructure type="System.String" /><isRunOnRestart type="System.Boolean">False</isRunOnRestart><timeOut type="System.Int32">0</timeOut><isGroupable type="System.Boolean">True</isGroupable><abortRunOnAgentFailure type="System.Boolean">False</abortRunOnAgentFailure><cssIteration type="System.String" /><workItemIds type="System.Collections.Generic.List`1[[System.Int32, mscorlib, Version=2.0.0.0, Culture=neutral, PublicKeyToken=b77a5c561934e089]]"><_size type="System.Int32">0</_size><_version type="System.Int32">1</_version></workItemIds><id type="Microsoft.VisualStudio.TestTools.Common.TestId"><id type="System.Guid">c2759626-01c8-b393-7616-52703cac459a</id></id><name type="System.String">ValidateAddressTest</name><description type="System.String" /><enabled type="System.Boolean">True</enabled><owner type="System.String" /><priority type="System.Int32">0</priority><executionId type="Microsoft.VisualStudio.TestTools.Common.TestExecId"><id type="System.Guid">00000000-0000-0000-0000-000000000000</id></executionId><parentExecutId type="Microsoft.VisualStudio.TestTools.Common.TestExecId"><id type="System.Guid">00000000-0000-0000-0000-000000000000</id></parentExecutId><deploymentItems type="Microsoft.VisualStudio.TestTools.Common.DeploymentItemCollection" /><agentAttributes type="System.Collections.Specialized.StringDictionary, System, Version=2.0.0.0, Culture=neutral, PublicKeyToken=b77a5c561934e089" /><storage type="System.String">e:\projects\brownshoe\unit_tests\product\src\brownshoe\testing\unittests\bin\brownshoe.unittests.dll</storage><m_nonRunnableReason type="System.String" /></value><key type="Microsoft.VisualStudio.TestTools.Common.TestId"><id type="System.Guid">fff0d6a7-523c-4f50-71d8-b7c2c709999e</id></key><value type="Microsoft.VisualStudio.TestTools.TestTypes.Unit.UnitTestElement, Microsoft.VisualStudio.QualityTools.Tips.UnitTest.ObjectModel, Version=8.0.0.0, Culture=neutral, PublicKeyToken=b03f5f7f11d50a3a"><codeBase type="System.String">e:/projects/brownshoe/unit_tests/product/src/BrownShoe/Testing/UnitTests/bin/BrownShoe.UnitTests.DLL</codeBase><adapterTypeName type="System.String">Microsoft.VisualStudio.TestTools.TestTypes.Unit.UnitTestAdapter, Microsoft.VisualStudio.QualityTools.Tips.UnitTest.Adapter</adapterTypeName><testMethod type="Microsoft.VisualStudio.TestTools.TestTypes.Unit.TestMethod, Microsoft.VisualStudio.QualityTools.Tips.UnitTest.ObjectModel, Version=8.0.0.0, Culture=neutral, PublicKeyToken=b03f5f7f11d50a3a"><className type="System.String">BrownShoe.UnitTests.Services.Madison.StoreLocationTest, BrownShoe.UnitTests, Version=1.0.0.0, Culture=neutral, PublicKeyToken=null</className><name type="System.String">CityTest</name><expectedExceptionMessage type="System.String" /><isValid type="System.Boolean">False</isValid></testMethod><aspNetDevServers type="System.Collections.Generic.List`1[[Microsoft.VisualStudio.TestTools.Common.AspNetDevelopmentServer, Microsoft.VisualStudio.QualityTools.Common, Version=8.0.0.0, Culture=neutral, PublicKeyToken=b03f5f7f11d50a3a]]"><_size type="System.Int32">0</_size><_version type="System.Int32">0</_version></aspNetDevServers><dataAccessMethod type="Microsoft.VisualStudio.TestTools.UnitTesting.DataAccessMethod, Microsoft.VisualStudio.QualityTools.UnitTestFramework, Version=8.0.0.0, Culture=neutral, PublicKeyToken=b03f5f7f11d50a3a"><value__ type="System.Int32">0</value__></dataAccessMethod><cssProjectStructure type="System.String" /><isRunOnRestart type="System.Boolean">False</isRunOnRestart><timeOut type="System.Int32">0</timeOut><isGroupable type="System.Boolean">True</isGroupable><abortRunOnAgentFailure type="System.Boolean">False</abortRunOnAgentFailure><cssIteration type="System.String" /><workItemIds type="System.Collections.Generic.List`1[[System.Int32, mscorlib, Version=2.0.0.0, Culture=neutral, PublicKeyToken=b77a5c561934e089]]"><_size type="System.Int32">0</_size><_version type="System.Int32">1</_version></workItemIds><id type="Microsoft.VisualStudio.TestTools.Common.TestId"><id type="System.Guid">fff0d6a7-523c-4f50-71d8-b7c2c709999e</id></id><name type="System.String">CityTest</name><description type="System.String" /><enabled type="System.Boolean">True</enabled><owner type="System.String" /><priority type="System.Int32">0</priority><executionId type="Microsoft.VisualStudio.TestTools.Common.TestExecId"><id type="System.Guid">00000000-0000-0000-0000-000000000000</id></executionId><parentExecutId type="Microsoft.VisualStudio.TestTools.Common.TestExecId"><id type="System.Guid">00000000-0000-0000-0000-000000000000</id></parentExecutId><deploymentItems type="Microsoft.VisualStudio.TestTools.Common.DeploymentItemCollection" /><agentAttributes type="System.Collections.Specialized.StringDictionary, System, Version=2.0.0.0, Culture=neutral, PublicKeyToken=b77a5c561934e089" /><storage type="System.String">e:\projects\brownshoe\unit_tests\product\src\brownshoe\testing\unittests\bin\brownshoe.unittests.dll</storage><m_nonRunnableReason type="System.String" /></value><key type="Microsoft.VisualStudio.TestTools.Common.TestId"><id type="System.Guid">e540d12d-ef22-3359-a5c2-e54877846606</id></key><value type="Microsoft.VisualStudio.TestTools.TestTypes.Unit.UnitTestElement, Microsoft.VisualStudio.QualityTools.Tips.UnitTest.ObjectModel, Version=8.0.0.0, Culture=neutral, PublicKeyToken=b03f5f7f11d50a3a"><codeBase type="System.String">e:/projects/brownshoe/unit_tests/product/src/BrownShoe/Testing/UnitTests/bin/BrownShoe.UnitTests.DLL</codeBase><adapterTypeName type="System.String">Microsoft.VisualStudio.TestTools.TestTypes.Unit.UnitTestAdapter, Microsoft.VisualStudio.QualityTools.Tips.UnitTest.Adapter</adapterTypeName><testMethod type="Microsoft.VisualStudio.TestTools.TestTypes.Unit.TestMethod, Microsoft.VisualStudio.QualityTools.Tips.UnitTest.ObjectModel, Version=8.0.0.0, Culture=neutral, PublicKeyToken=b03f5f7f11d50a3a"><className type="System.String">BrownShoe.UnitTests.Services.ContentManagement.CMTokenServiceTest, BrownShoe.UnitTests, Version=1.0.0.0, Culture=neutral, PublicKeyToken=null</className><name type="System.String">GetLifeStyleAreaTest</name><expectedExceptionMessage type="System.String" /><isValid type="System.Boolean">False</isValid></testMethod><aspNetDevServers type="System.Collections.Generic.List`1[[Microsoft.VisualStudio.TestTools.Common.AspNetDevelopmentServer, Microsoft.VisualStudio.QualityTools.Common, Version=8.0.0.0, Culture=neutral, PublicKeyToken=b03f5f7f11d50a3a]]"><_size type="System.Int32">0</_size><_version type="System.Int32">0</_version></aspNetDevServers><dataAccessMethod type="Microsoft.VisualStudio.TestTools.UnitTesting.DataAccessMethod, Microsoft.VisualStudio.QualityTools.UnitTestFramework, Version=8.0.0.0, Culture=neutral, PublicKeyToken=b03f5f7f11d50a3a"><value__ type="System.Int32">0</value__></dataAccessMethod><cssProjectStructure type="System.String" /><isRunOnRestart type="System.Boolean">False</isRunOnRestart><timeOut type="System.Int32">0</timeOut><isGroupable type="System.Boolean">True</isGroupable><abortRunOnAgentFailure type="System.Boolean">False</abortRunOnAgentFailure><cssIteration type="System.String" /><workItemIds type="System.Collections.Generic.List`1[[System.Int32, mscorlib, Version=2.0.0.0, Culture=neutral, PublicKeyToken=b77a5c561934e089]]"><_size type="System.Int32">0</_size><_version type="System.Int32">1</_version></workItemIds><id type="Microsoft.VisualStudio.TestTools.Common.TestId"><id type="System.Guid">e540d12d-ef22-3359-a5c2-e54877846606</id></id><name type="System.String">GetLifeStyleAreaTest</name><description type="System.String" /><enabled type="System.Boolean">True</enabled><owner type="System.String" /><priority type="System.Int32">0</priority><executionId type="Microsoft.VisualStudio.TestTools.Common.TestExecId"><id type="System.Guid">00000000-0000-0000-0000-000000000000</id></executionId><parentExecutId type="Microsoft.VisualStudio.TestTools.Common.TestExecId"><id type="System.Guid">00000000-0000-0000-0000-000000000000</id></parentExecutId><deploymentItems type="Microsoft.VisualStudio.TestTools.Common.DeploymentItemCollection" /><agentAttributes type="System.Collections.Specialized.StringDictionary, System, Version=2.0.0.0, Culture=neutral, PublicKeyToken=b77a5c561934e089" /><storage type="System.String">e:\projects\brownshoe\unit_tests\product\src\brownshoe\testing\unittests\bin\brownshoe.unittests.dll</storage><m_nonRunnableReason type="System.String" /></value><key type="Microsoft.VisualStudio.TestTools.Common.TestId"><id type="System.Guid">3261bbbd-189a-241b-49c2-708d6315b03d</id></key><value type="Microsoft.VisualStudio.TestTools.TestTypes.Unit.UnitTestElement, Microsoft.VisualStudio.QualityTools.Tips.UnitTest.ObjectModel, Version=8.0.0.0, Culture=neutral, PublicKeyToken=b03f5f7f11d50a3a"><codeBase type="System.String">e:/projects/brownshoe/unit_tests/product/src/BrownShoe/Testing/UnitTests/bin/BrownShoe.UnitTests.DLL</codeBase><adapterTypeName type="System.String">Microsoft.VisualStudio.TestTools.TestTypes.Unit.UnitTestAdapter, Microsoft.VisualStudio.QualityTools.Tips.UnitTest.Adapter</adapterTypeName><testMethod type="Microsoft.VisualStudio.TestTools.TestTypes.Unit.TestMethod, Microsoft.VisualStudio.QualityTools.Tips.UnitTest.ObjectModel, Version=8.0.0.0, Culture=neutral, PublicKeyToken=b03f5f7f11d50a3a"><className type="System.String">BrownShoe.UnitTests.Services.DataAccess.MerchandiseReturnDBTest, BrownShoe.UnitTests, Version=1.0.0.0, Culture=neutral, PublicKeyToken=null</className><name type="System.String">UpdateReturnTest</name><expectedExceptionMessage type="System.String" /><isValid type="System.Boolean">False</isValid></testMethod><aspNetDevServers type="System.Collections.Generic.List`1[[Microsoft.VisualStudio.TestTools.Common.AspNetDevelopmentServer, Microsoft.VisualStudio.QualityTools.Common, Version=8.0.0.0, Culture=neutral, PublicKeyToken=b03f5f7f11d50a3a]]"><_size type="System.Int32">0</_size><_version type="System.Int32">0</_version></aspNetDevServers><dataAccessMethod type="Microsoft.VisualStudio.TestTools.UnitTesting.DataAccessMethod, Microsoft.VisualStudio.QualityTools.UnitTestFramework, Version=8.0.0.0, Culture=neutral, PublicKeyToken=b03f5f7f11d50a3a"><value__ type="System.Int32">0</value__></dataAccessMethod><cssProjectStructure type="System.String" /><isRunOnRestart type="System.Boolean">False</isRunOnRestart><timeOut type="System.Int32">0</timeOut><isGroupable type="System.Boolean">True</isGroupable><abortRunOnAgentFailure type="System.Boolean">False</abortRunOnAgentFailure><cssIteration type="System.String" /><workItemIds type="System.Collections.Generic.List`1[[System.Int32, mscorlib, Version=2.0.0.0, Culture=neutral, PublicKeyToken=b77a5c561934e089]]"><_size type="System.Int32">0</_size><_version type="System.Int32">1</_version></workItemIds><id type="Microsoft.VisualStudio.TestTools.Common.TestId"><id type="System.Guid">3261bbbd-189a-241b-49c2-708d6315b03d</id></id><name type="System.String">UpdateReturnTest</name><description type="System.String" /><enabled type="System.Boolean">True</enabled><owner type="System.String" /><priority type="System.Int32">0</priority><executionId type="Microsoft.VisualStudio.TestTools.Common.TestExecId"><id type="System.Guid">00000000-0000-0000-0000-000000000000</id></executionId><parentExecutId type="Microsoft.VisualStudio.TestTools.Common.TestExecId"><id type="System.Guid">00000000-0000-0000-0000-000000000000</id></parentExecutId><deploymentItems type="Microsoft.VisualStudio.TestTools.Common.DeploymentItemCollection" /><agentAttributes type="System.Collections.Specialized.StringDictionary, System, Version=2.0.0.0, Culture=neutral, PublicKeyToken=b77a5c561934e089" /><storage type="System.String">e:\projects\brownshoe\unit_tests\product\src\brownshoe\testing\unittests\bin\brownshoe.unittests.dll</storage><m_nonRunnableReason type="System.String" /></value><key type="Microsoft.VisualStudio.TestTools.Common.TestId"><id type="System.Guid">aff1434d-e307-99c6-0826-1086b8060092</id></key><value type="Microsoft.VisualStudio.TestTools.TestTypes.Unit.UnitTestElement, Microsoft.VisualStudio.QualityTools.Tips.UnitTest.ObjectModel, Version=8.0.0.0, Culture=neutral, PublicKeyToken=b03f5f7f11d50a3a"><codeBase type="System.String">e:/projects/brownshoe/unit_tests/product/src/BrownShoe/Testing/UnitTests/bin/BrownShoe.UnitTests.DLL</codeBase><adapterTypeName type="System.String">Microsoft.VisualStudio.TestTools.TestTypes.Unit.UnitTestAdapter, Microsoft.VisualStudio.QualityTools.Tips.UnitTest.Adapter</adapterTypeName><testMethod type="Microsoft.VisualStudio.TestTools.TestTypes.Unit.TestMethod, Microsoft.VisualStudio.QualityTools.Tips.UnitTest.ObjectModel, Version=8.0.0.0, Culture=neutral, PublicKeyToken=b03f5f7f11d50a3a"><className type="System.String">BrownShoe.UnitTests.Services.Orders.GiftCardServiceTest, BrownShoe.UnitTests, Version=1.0.0.0, Culture=neutral, PublicKeyToken=null</className><name type="System.String">CancelNewGiftCardOrderTest</name><expectedExceptionMessage type="System.String" /><isValid type="System.Boolean">False</isValid></testMethod><aspNetDevServers type="System.Collections.Generic.List`1[[Microsoft.VisualStudio.TestTools.Common.AspNetDevelopmentServer, Microsoft.VisualStudio.QualityTools.Common, Version=8.0.0.0, Culture=neutral, PublicKeyToken=b03f5f7f11d50a3a]]"><_size type="System.Int32">0</_size><_version type="System.Int32">0</_version></aspNetDevServers><dataAccessMethod type="Microsoft.VisualStudio.TestTools.UnitTesting.DataAccessMethod, Microsoft.VisualStudio.QualityTools.UnitTestFramework, Version=8.0.0.0, Culture=neutral, PublicKeyToken=b03f5f7f11d50a3a"><value__ type="System.Int32">0</value__></dataAccessMethod><cssProjectStructure type="System.String" /><isRunOnRestart type="System.Boolean">False</isRunOnRestart><timeOut type="System.Int32">0</timeOut><isGroupable type="System.Boolean">True</isGroupable><abortRunOnAgentFailure type="System.Boolean">False</abortRunOnAgentFailure><cssIteration type="System.String" /><workItemIds type="System.Collections.Generic.List`1[[System.Int32, mscorlib, Version=2.0.0.0, Culture=neutral, PublicKeyToken=b77a5c561934e089]]"><_size type="System.Int32">0</_size><_version type="System.Int32">1</_version></workItemIds><id type="Microsoft.VisualStudio.TestTools.Common.TestId"><id type="System.Guid">aff1434d-e307-99c6-0826-1086b8060092</id></id><name type="System.String">CancelNewGiftCardOrderTest</name><description type="System.String" /><enabled type="System.Boolean">True</enabled><owner type="System.String" /><priority type="System.Int32">0</priority><executionId type="Microsoft.VisualStudio.TestTools.Common.TestExecId"><id type="System.Guid">00000000-0000-0000-0000-000000000000</id></executionId><parentExecutId type="Microsoft.VisualStudio.TestTools.Common.TestExecId"><id type="System.Guid">00000000-0000-0000-0000-000000000000</id></parentExecutId><deploymentItems type="Microsoft.VisualStudio.TestTools.Common.DeploymentItemCollection" /><agentAttributes type="System.Collections.Specialized.StringDictionary, System, Version=2.0.0.0, Culture=neutral, PublicKeyToken=b77a5c561934e089" /><storage type="System.String">e:\projects\brownshoe\unit_tests\product\src\brownshoe\testing\unittests\bin\brownshoe.unittests.dll</storage><m_nonRunnableReason type="System.String" /></value><key type="Microsoft.VisualStudio.TestTools.Common.TestId"><id type="System.Guid">60bda3ed-eef3-3b82-1cc9-dec63a6b12da</id></key><value type="Microsoft.VisualStudio.TestTools.TestTypes.Unit.UnitTestElement, Microsoft.VisualStudio.QualityTools.Tips.UnitTest.ObjectModel, Version=8.0.0.0, Culture=neutral, PublicKeyToken=b03f5f7f11d50a3a"><codeBase type="System.String">e:/projects/brownshoe/unit_tests/product/src/BrownShoe/Testing/UnitTests/bin/BrownShoe.UnitTests.DLL</codeBase><adapterTypeName type="System.String">Microsoft.VisualStudio.TestTools.TestTypes.Unit.UnitTestAdapter, Microsoft.VisualStudio.QualityTools.Tips.UnitTest.Adapter</adapterTypeName><testMethod type="Microsoft.VisualStudio.TestTools.TestTypes.Unit.TestMethod, Microsoft.VisualStudio.QualityTools.Tips.UnitTest.ObjectModel, Version=8.0.0.0, Culture=neutral, PublicKeyToken=b03f5f7f11d50a3a"><className type="System.String">BrownShoe.UnitTests.NaturalizerShippingCalculatorTest, BrownShoe.UnitTests, Version=1.0.0.0, Culture=neutral, PublicKeyToken=null</className><name type="System.String">CalculateShippingTestContinentalOverFreeCutoff</name><expectedExceptionMessage type="System.String" /><isValid type="System.Boolean">False</isValid></testMethod><aspNetDevServers type="System.Collections.Generic.List`1[[Microsoft.VisualStudio.TestTools.Common.AspNetDevelopmentServer, Microsoft.VisualStudio.QualityTools.Common, Version=8.0.0.0, Culture=neutral, PublicKeyToken=b03f5f7f11d50a3a]]"><_size type="System.Int32">0</_size><_version type="System.Int32">0</_version></aspNetDevServers><dataAccessMethod type="Microsoft.VisualStudio.TestTools.UnitTesting.DataAccessMethod, Microsoft.VisualStudio.QualityTools.UnitTestFramework, Version=8.0.0.0, Culture=neutral, PublicKeyToken=b03f5f7f11d50a3a"><value__ type="System.Int32">0</value__></dataAccessMethod><cssProjectStructure type="System.String" /><isRunOnRestart type="System.Boolean">False</isRunOnRestart><timeOut type="System.Int32">0</timeOut><isGroupable type="System.Boolean">True</isGroupable><abortRunOnAgentFailure type="System.Boolean">False</abortRunOnAgentFailure><cssIteration type="System.String" /><workItemIds type="System.Collections.Generic.List`1[[System.Int32, mscorlib, Version=2.0.0.0, Culture=neutral, PublicKeyToken=b77a5c561934e089]]"><_size type="System.Int32">0</_size><_version type="System.Int32">1</_version></workItemIds><id type="Microsoft.VisualStudio.TestTools.Common.TestId"><id type="System.Guid">60bda3ed-eef3-3b82-1cc9-dec63a6b12da</id></id><name type="System.String">CalculateShippingTestContinentalOverFreeCutoff</name><description type="System.String" /><enabled type="System.Boolean">True</enabled><owner type="System.String" /><priority type="System.Int32">0</priority><executionId type="Microsoft.VisualStudio.TestTools.Common.TestExecId"><id type="System.Guid">00000000-0000-0000-0000-000000000000</id></executionId><parentExecutId type="Microsoft.VisualStudio.TestTools.Common.TestExecId"><id type="System.Guid">00000000-0000-0000-0000-000000000000</id></parentExecutId><deploymentItems type="Microsoft.VisualStudio.TestTools.Common.DeploymentItemCollection"><m_container type="System.Collections.Hashtable"><key type="Microsoft.VisualStudio.TestTools.Common.DeploymentItem"><path type="System.String">BrownShippingMethodPipeline.dll</path><outputDirectory type="System.String" /></key><value /></m_container></deploymentItems><agentAttributes type="System.Collections.Specialized.StringDictionary, System, Version=2.0.0.0, Culture=neutral, PublicKeyToken=b77a5c561934e089" /><storage type="System.String">e:\projects\brownshoe\unit_tests\product\src\brownshoe\testing\unittests\bin\brownshoe.unittests.dll</storage><m_nonRunnableReason type="System.String" /></value><key type="Microsoft.VisualStudio.TestTools.Common.TestId"><id type="System.Guid">73dae59b-e4d5-73a6-23dd-84e5f3ae309a</id></key><value type="Microsoft.VisualStudio.TestTools.TestTypes.Unit.UnitTestElement, Microsoft.VisualStudio.QualityTools.Tips.UnitTest.ObjectModel, Version=8.0.0.0, Culture=neutral, PublicKeyToken=b03f5f7f11d50a3a"><codeBase type="System.String">e:/projects/brownshoe/unit_tests/product/src/BrownShoe/Testing/UnitTests/bin/BrownShoe.UnitTests.DLL</codeBase><adapterTypeName type="System.String">Microsoft.VisualStudio.TestTools.TestTypes.Unit.UnitTestAdapter, Microsoft.VisualStudio.QualityTools.Tips.UnitTest.Adapter</adapterTypeName><testMethod type="Microsoft.VisualStudio.TestTools.TestTypes.Unit.TestMethod, Microsoft.VisualStudio.QualityTools.Tips.UnitTest.ObjectModel, Version=8.0.0.0, Culture=neutral, PublicKeyToken=b03f5f7f11d50a3a"><className type="System.String">BrownShoe.UnitTests.Services.Madison.MadisonWebServiceResultSizeDataTest, BrownShoe.UnitTests, Version=1.0.0.0, Culture=neutral, PublicKeyToken=null</className><name type="System.String">DataTest</name><expectedExceptionMessage type="System.String" /><isValid type="System.Boolean">False</isValid></testMethod><aspNetDevServers type="System.Collections.Generic.List`1[[Microsoft.VisualStudio.TestTools.Common.AspNetDevelopmentServer, Microsoft.VisualStudio.QualityTools.Common, Version=8.0.0.0, Culture=neutral, PublicKeyToken=b03f5f7f11d50a3a]]"><_size type="System.Int32">0</_size><_version type="System.Int32">0</_version></aspNetDevServers><dataAccessMethod type="Microsoft.VisualStudio.TestTools.UnitTesting.DataAccessMethod, Microsoft.VisualStudio.QualityTools.UnitTestFramework, Version=8.0.0.0, Culture=neutral, PublicKeyToken=b03f5f7f11d50a3a"><value__ type="System.Int32">0</value__></dataAccessMethod><cssProjectStructure type="System.String" /><isRunOnRestart type="System.Boolean">False</isRunOnRestart><timeOut type="System.Int32">0</timeOut><isGroupable type="System.Boolean">True</isGroupable><abortRunOnAgentFailure type="System.Boolean">False</abortRunOnAgentFailure><cssIteration type="System.String" /><workItemIds type="System.Collections.Generic.List`1[[System.Int32, mscorlib, Version=2.0.0.0, Culture=neutral, PublicKeyToken=b77a5c561934e089]]"><_size type="System.Int32">0</_size><_version type="System.Int32">1</_version></workItemIds><id type="Microsoft.VisualStudio.TestTools.Common.TestId"><id type="System.Guid">73dae59b-e4d5-73a6-23dd-84e5f3ae309a</id></id><name type="System.String">DataTest</name><description type="System.String" /><enabled type="System.Boolean">True</enabled><owner type="System.String" /><priority type="System.Int32">0</priority><executionId type="Microsoft.VisualStudio.TestTools.Common.TestExecId"><id type="System.Guid">00000000-0000-0000-0000-000000000000</id></executionId><parentExecutId type="Microsoft.VisualStudio.TestTools.Common.TestExecId"><id type="System.Guid">00000000-0000-0000-0000-000000000000</id></parentExecutId><deploymentItems type="Microsoft.VisualStudio.TestTools.Common.DeploymentItemCollection" /><agentAttributes type="System.Collections.Specialized.StringDictionary, System, Version=2.0.0.0, Culture=neutral, PublicKeyToken=b77a5c561934e089" /><storage type="System.String">e:\projects\brownshoe\unit_tests\product\src\brownshoe\testing\unittests\bin\brownshoe.unittests.dll</storage><m_nonRunnableReason type="System.String" /></value><key type="Microsoft.VisualStudio.TestTools.Common.TestId"><id type="System.Guid">0279adce-a3f8-3e26-5428-6d0ee255c061</id></key><value type="Microsoft.VisualStudio.TestTools.TestTypes.Unit.UnitTestElement, Microsoft.VisualStudio.QualityTools.Tips.UnitTest.ObjectModel, Version=8.0.0.0, Culture=neutral, PublicKeyToken=b03f5f7f11d50a3a"><codeBase type="System.String">e:/projects/brownshoe/unit_tests/product/src/BrownShoe/Testing/UnitTests/bin/BrownShoe.UnitTests.DLL</codeBase><adapterTypeName type="System.String">Microsoft.VisualStudio.TestTools.TestTypes.Unit.UnitTestAdapter, Microsoft.VisualStudio.QualityTools.Tips.UnitTest.Adapter</adapterTypeName><testMethod type="Microsoft.VisualStudio.TestTools.TestTypes.Unit.TestMethod, Microsoft.VisualStudio.QualityTools.Tips.UnitTest.ObjectModel, Version=8.0.0.0, Culture=neutral, PublicKeyToken=b03f5f7f11d50a3a"><className type="System.String">BrownShoe.UnitTests.Services.Orders.OrderServiceTest, BrownShoe.UnitTests, Version=1.0.0.0, Culture=neutral, PublicKeyToken=null</className><name type="System.String">ListOverrideShippingMethodTypesTest</name><expectedExceptionMessage type="System.String" /><isValid type="System.Boolean">False</isValid></testMethod><aspNetDevServers type="System.Collections.Generic.List`1[[Microsoft.VisualStudio.TestTools.Common.AspNetDevelopmentServer, Microsoft.VisualStudio.QualityTools.Common, Version=8.0.0.0, Culture=neutral, PublicKeyToken=b03f5f7f11d50a3a]]"><_size type="System.Int32">0</_size><_version type="System.Int32">0</_version></aspNetDevServers><dataAccessMethod type="Microsoft.VisualStudio.TestTools.UnitTesting.DataAccessMethod, Microsoft.VisualStudio.QualityTools.UnitTestFramework, Version=8.0.0.0, Culture=neutral, PublicKeyToken=b03f5f7f11d50a3a"><value__ type="System.Int32">0</value__></dataAccessMethod><cssProjectStructure type="System.String" /><isRunOnRestart type="System.Boolean">False</isRunOnRestart><timeOut type="System.Int32">0</timeOut><isGroupable type="System.Boolean">True</isGroupable><abortRunOnAgentFailure type="System.Boolean">False</abortRunOnAgentFailure><cssIteration type="System.String" /><workItemIds type="System.Collections.Generic.List`1[[System.Int32, mscorlib, Version=2.0.0.0, Culture=neutral, PublicKeyToken=b77a5c561934e089]]"><_size type="System.Int32">0</_size><_version type="System.Int32">1</_version></workItemIds><id type="Microsoft.VisualStudio.TestTools.Common.TestId"><id type="System.Guid">0279adce-a3f8-3e26-5428-6d0ee255c061</id></id><name type="System.String">ListOverrideShippingMethodTypesTest</name><description type="System.String" /><enabled type="System.Boolean">True</enabled><owner type="System.String" /><priority type="System.Int32">0</priority><executionId type="Microsoft.VisualStudio.TestTools.Common.TestExecId"><id type="System.Guid">00000000-0000-0000-0000-000000000000</id></executionId><parentExecutId type="Microsoft.VisualStudio.TestTools.Common.TestExecId"><id type="System.Guid">00000000-0000-0000-0000-000000000000</id></parentExecutId><deploymentItems type="Microsoft.VisualStudio.TestTools.Common.DeploymentItemCollection" /><agentAttributes type="System.Collections.Specialized.StringDictionary, System, Version=2.0.0.0, Culture=neutral, PublicKeyToken=b77a5c561934e089" /><storage type="System.String">e:\projects\brownshoe\unit_tests\product\src\brownshoe\testing\unittests\bin\brownshoe.unittests.dll</storage><m_nonRunnableReason type="System.String" /></value><key type="Microsoft.VisualStudio.TestTools.Common.TestId"><id type="System.Guid">757be063-28c2-e982-124f-ca5e3fcadce6</id></key><value type="Microsoft.VisualStudio.TestTools.TestTypes.Unit.UnitTestElement, Microsoft.VisualStudio.QualityTools.Tips.UnitTest.ObjectModel, Version=8.0.0.0, Culture=neutral, PublicKeyToken=b03f5f7f11d50a3a"><codeBase type="System.String">e:/projects/brownshoe/unit_tests/product/src/BrownShoe/Testing/UnitTests/bin/BrownShoe.UnitTests.DLL</codeBase><adapterTypeName type="System.String">Microsoft.VisualStudio.TestTools.TestTypes.Unit.UnitTestAdapter, Microsoft.VisualStudio.QualityTools.Tips.UnitTest.Adapter</adapterTypeName><testMethod type="Microsoft.VisualStudio.TestTools.TestTypes.Unit.TestMethod, Microsoft.VisualStudio.QualityTools.Tips.UnitTest.ObjectModel, Version=8.0.0.0, Culture=neutral, PublicKeyToken=b03f5f7f11d50a3a"><className type="System.String">BrownShoe.UnitTests.Services.Orders.CustomerOrderServiceTest, BrownShoe.UnitTests, Version=1.0.0.0, Culture=neutral, PublicKeyToken=null</className><name type="System.String">GetProductIdFromTrackingNumberTest</name><expectedExceptionMessage type="System.String" /><isValid type="System.Boolean">False</isValid></testMethod><aspNetDevServers type="System.Collections.Generic.List`1[[Microsoft.VisualStudio.TestTools.Common.AspNetDevelopmentServer, Microsoft.VisualStudio.QualityTools.Common, Version=8.0.0.0, Culture=neutral, PublicKeyToken=b03f5f7f11d50a3a]]"><_size type="System.Int32">0</_size><_version type="System.Int32">0</_version></aspNetDevServers><dataAccessMethod type="Microsoft.VisualStudio.TestTools.UnitTesting.DataAccessMethod, Microsoft.VisualStudio.QualityTools.UnitTestFramework, Version=8.0.0.0, Culture=neutral, PublicKeyToken=b03f5f7f11d50a3a"><value__ type="System.Int32">0</value__></dataAccessMethod><cssProjectStructure type="System.String" /><isRunOnRestart type="System.Boolean">False</isRunOnRestart><timeOut type="System.Int32">0</timeOut><isGroupable type="System.Boolean">True</isGroupable><abortRunOnAgentFailure type="System.Boolean">False</abortRunOnAgentFailure><cssIteration type="System.String" /><workItemIds type="System.Collections.Generic.List`1[[System.Int32, mscorlib, Version=2.0.0.0, Culture=neutral, PublicKeyToken=b77a5c561934e089]]"><_size type="System.Int32">0</_size><_version type="System.Int32">1</_version></workItemIds><id type="Microsoft.VisualStudio.TestTools.Common.TestId"><id type="System.Guid">757be063-28c2-e982-124f-ca5e3fcadce6</id></id><name type="System.String">GetProductIdFromTrackingNumberTest</name><description type="System.String" /><enabled type="System.Boolean">True</enabled><owner type="System.String" /><priority type="System.Int32">0</priority><executionId type="Microsoft.VisualStudio.TestTools.Common.TestExecId"><id type="System.Guid">00000000-0000-0000-0000-000000000000</id></executionId><parentExecutId type="Microsoft.VisualStudio.TestTools.Common.TestExecId"><id type="System.Guid">00000000-0000-0000-0000-000000000000</id></parentExecutId><deploymentItems type="Microsoft.VisualStudio.TestTools.Common.DeploymentItemCollection" /><agentAttributes type="System.Collections.Specialized.StringDictionary, System, Version=2.0.0.0, Culture=neutral, PublicKeyToken=b77a5c561934e089" /><storage type="System.String">e:\projects\brownshoe\unit_tests\product\src\brownshoe\testing\unittests\bin\brownshoe.unittests.dll</storage><m_nonRunnableReason type="System.String" /></value><key type="Microsoft.VisualStudio.TestTools.Common.TestId"><id type="System.Guid">3aa2064a-55f6-b7a6-18b4-fa97d498a799</id></key><value type="Microsoft.VisualStudio.TestTools.TestTypes.Unit.UnitTestElement, Microsoft.VisualStudio.QualityTools.Tips.UnitTest.ObjectModel, Version=8.0.0.0, Culture=neutral, PublicKeyToken=b03f5f7f11d50a3a"><codeBase type="System.String">e:/projects/brownshoe/unit_tests/product/src/BrownShoe/Testing/UnitTests/bin/BrownShoe.UnitTests.DLL</codeBase><adapterTypeName type="System.String">Microsoft.VisualStudio.TestTools.TestTypes.Unit.UnitTestAdapter, Microsoft.VisualStudio.QualityTools.Tips.UnitTest.Adapter</adapterTypeName><testMethod type="Microsoft.VisualStudio.TestTools.TestTypes.Unit.TestMethod, Microsoft.VisualStudio.QualityTools.Tips.UnitTest.ObjectModel, Version=8.0.0.0, Culture=neutral, PublicKeyToken=b03f5f7f11d50a3a"><className type="System.String">BrownShoe.UnitTests.Services.DataAccess.DBUtilsTest, BrownShoe.UnitTests, Version=1.0.0.0, Culture=neutral, PublicKeyToken=null</className><name type="System.String">CheckDBNullDateTest</name><expectedExceptionMessage type="System.String" /><isValid type="System.Boolean">False</isValid></testMethod><aspNetDevServers type="System.Collections.Generic.List`1[[Microsoft.VisualStudio.TestTools.Common.AspNetDevelopmentServer, Microsoft.VisualStudio.QualityTools.Common, Version=8.0.0.0, Culture=neutral, PublicKeyToken=b03f5f7f11d50a3a]]"><_size type="System.Int32">0</_size><_version type="System.Int32">0</_version></aspNetDevServers><dataAccessMethod type="Microsoft.VisualStudio.TestTools.UnitTesting.DataAccessMethod, Microsoft.VisualStudio.QualityTools.UnitTestFramework, Version=8.0.0.0, Culture=neutral, PublicKeyToken=b03f5f7f11d50a3a"><value__ type="System.Int32">0</value__></dataAccessMethod><cssProjectStructure type="System.String" /><isRunOnRestart type="System.Boolean">False</isRunOnRestart><timeOut type="System.Int32">0</timeOut><isGroupable type="System.Boolean">True</isGroupable><abortRunOnAgentFailure type="System.Boolean">False</abortRunOnAgentFailure><cssIteration type="System.String" /><workItemIds type="System.Collections.Generic.List`1[[System.Int32, mscorlib, Version=2.0.0.0, Culture=neutral, PublicKeyToken=b77a5c561934e089]]"><_size type="System.Int32">0</_size><_version type="System.Int32">1</_version></workItemIds><id type="Microsoft.VisualStudio.TestTools.Common.TestId"><id type="System.Guid">3aa2064a-55f6-b7a6-18b4-fa97d498a799</id></id><name type="System.String">CheckDBNullDateTest</name><description type="System.String" /><enabled type="System.Boolean">True</enabled><owner type="System.String" /><priority type="System.Int32">0</priority><executionId type="Microsoft.VisualStudio.TestTools.Common.TestExecId"><id type="System.Guid">00000000-0000-0000-0000-000000000000</id></executionId><parentExecutId type="Microsoft.VisualStudio.TestTools.Common.TestExecId"><id type="System.Guid">00000000-0000-0000-0000-000000000000</id></parentExecutId><deploymentItems type="Microsoft.VisualStudio.TestTools.Common.DeploymentItemCollection" /><agentAttributes type="System.Collections.Specialized.StringDictionary, System, Version=2.0.0.0, Culture=neutral, PublicKeyToken=b77a5c561934e089" /><storage type="System.String">e:\projects\brownshoe\unit_tests\product\src\brownshoe\testing\unittests\bin\brownshoe.unittests.dll</storage><m_nonRunnableReason type="System.String" /></value><key type="Microsoft.VisualStudio.TestTools.Common.TestId"><id type="System.Guid">eed9d08a-fa3f-4162-8767-335e2a705e03</id></key><value type="Microsoft.VisualStudio.TestTools.TestTypes.Unit.UnitTestElement, Microsoft.VisualStudio.QualityTools.Tips.UnitTest.ObjectModel, Version=8.0.0.0, Culture=neutral, PublicKeyToken=b03f5f7f11d50a3a"><codeBase type="System.String">e:/projects/brownshoe/unit_tests/product/src/BrownShoe/Testing/UnitTests/bin/BrownShoe.UnitTests.DLL</codeBase><adapterTypeName type="System.String">Microsoft.VisualStudio.TestTools.TestTypes.Unit.UnitTestAdapter, Microsoft.VisualStudio.QualityTools.Tips.UnitTest.Adapter</adapterTypeName><testMethod type="Microsoft.VisualStudio.TestTools.TestTypes.Unit.TestMethod, Microsoft.VisualStudio.QualityTools.Tips.UnitTest.ObjectModel, Version=8.0.0.0, Culture=neutral, PublicKeyToken=b03f5f7f11d50a3a"><className type="System.String">BrownShoe.UnitTests.Services.Orders.CustomerOrderServiceTest, BrownShoe.UnitTests, Version=1.0.0.0, Culture=neutral, PublicKeyToken=null</className><name type="System.String">FetchTest</name><expectedExceptionMessage type="System.String" /><isValid type="System.Boolean">False</isValid></testMethod><aspNetDevServers type="System.Collections.Generic.List`1[[Microsoft.VisualStudio.TestTools.Common.AspNetDevelopmentServer, Microsoft.VisualStudio.QualityTools.Common, Version=8.0.0.0, Culture=neutral, PublicKeyToken=b03f5f7f11d50a3a]]"><_size type="System.Int32">0</_size><_version type="System.Int32">0</_version></aspNetDevServers><dataAccessMethod type="Microsoft.VisualStudio.TestTools.UnitTesting.DataAccessMethod, Microsoft.VisualStudio.QualityTools.UnitTestFramework, Version=8.0.0.0, Culture=neutral, PublicKeyToken=b03f5f7f11d50a3a"><value__ type="System.Int32">0</value__></dataAccessMethod><cssProjectStructure type="System.String" /><isRunOnRestart type="System.Boolean">False</isRunOnRestart><timeOut type="System.Int32">0</timeOut><isGroupable type="System.Boolean">True</isGroupable><abortRunOnAgentFailure type="System.Boolean">False</abortRunOnAgentFailure><cssIteration type="System.String" /><workItemIds type="System.Collections.Generic.List`1[[System.Int32, mscorlib, Version=2.0.0.0, Culture=neutral, PublicKeyToken=b77a5c561934e089]]"><_size type="System.Int32">0</_size><_version type="System.Int32">1</_version></workItemIds><id type="Microsoft.VisualStudio.TestTools.Common.TestId"><id type="System.Guid">eed9d08a-fa3f-4162-8767-335e2a705e03</id></id><name type="System.String">FetchTest</name><description type="System.String" /><enabled type="System.Boolean">True</enabled><owner type="System.String" /><priority type="System.Int32">0</priority><executionId type="Microsoft.VisualStudio.TestTools.Common.TestExecId"><id type="System.Guid">00000000-0000-0000-0000-000000000000</id></executionId><parentExecutId type="Microsoft.VisualStudio.TestTools.Common.TestExecId"><id type="System.Guid">00000000-0000-0000-0000-000000000000</id></parentExecutId><deploymentItems type="Microsoft.VisualStudio.TestTools.Common.DeploymentItemCollection" /><agentAttributes type="System.Collections.Specialized.StringDictionary, System, Version=2.0.0.0, Culture=neutral, PublicKeyToken=b77a5c561934e089" /><storage type="System.String">e:\projects\brownshoe\unit_tests\product\src\brownshoe\testing\unittests\bin\brownshoe.unittests.dll</storage><m_nonRunnableReason type="System.String" /></value><key type="Microsoft.VisualStudio.TestTools.Common.TestId"><id type="System.Guid">e0065158-4376-a26d-4743-418a56dccdcc</id></key><value type="Microsoft.VisualStudio.TestTools.TestTypes.Unit.UnitTestElement, Microsoft.VisualStudio.QualityTools.Tips.UnitTest.ObjectModel, Version=8.0.0.0, Culture=neutral, PublicKeyToken=b03f5f7f11d50a3a"><codeBase type="System.String">e:/projects/brownshoe/unit_tests/product/src/BrownShoe/Testing/UnitTests/bin/BrownShoe.UnitTests.DLL</codeBase><adapterTypeName type="System.String">Microsoft.VisualStudio.TestTools.TestTypes.Unit.UnitTestAdapter, Microsoft.VisualStudio.QualityTools.Tips.UnitTest.Adapter</adapterTypeName><testMethod type="Microsoft.VisualStudio.TestTools.TestTypes.Unit.TestMethod, Microsoft.VisualStudio.QualityTools.Tips.UnitTest.ObjectModel, Version=8.0.0.0, Culture=neutral, PublicKeyToken=b03f5f7f11d50a3a"><className type="System.String">BrownShoe.UnitTests.Services.DataAccess.DBUtilsTest, BrownShoe.UnitTests, Version=1.0.0.0, Culture=neutral, PublicKeyToken=null</className><name type="System.String">CheckDBNullDecimalTest</name><expectedExceptionMessage type="System.String" /><isValid type="System.Boolean">False</isValid></testMethod><aspNetDevServers type="System.Collections.Generic.List`1[[Microsoft.VisualStudio.TestTools.Common.AspNetDevelopmentServer, Microsoft.VisualStudio.QualityTools.Common, Version=8.0.0.0, Culture=neutral, PublicKeyToken=b03f5f7f11d50a3a]]"><_size type="System.Int32">0</_size><_version type="System.Int32">0</_version></aspNetDevServers><dataAccessMethod type="Microsoft.VisualStudio.TestTools.UnitTesting.DataAccessMethod, Microsoft.VisualStudio.QualityTools.UnitTestFramework, Version=8.0.0.0, Culture=neutral, PublicKeyToken=b03f5f7f11d50a3a"><value__ type="System.Int32">0</value__></dataAccessMethod><cssProjectStructure type="System.String" /><isRunOnRestart type="System.Boolean">False</isRunOnRestart><timeOut type="System.Int32">0</timeOut><isGroupable type="System.Boolean">True</isGroupable><abortRunOnAgentFailure type="System.Boolean">False</abortRunOnAgentFailure><cssIteration type="System.String" /><workItemIds type="System.Collections.Generic.List`1[[System.Int32, mscorlib, Version=2.0.0.0, Culture=neutral, PublicKeyToken=b77a5c561934e089]]"><_size type="System.Int32">0</_size><_version type="System.Int32">1</_version></workItemIds><id type="Microsoft.VisualStudio.TestTools.Common.TestId"><id type="System.Guid">e0065158-4376-a26d-4743-418a56dccdcc</id></id><name type="System.String">CheckDBNullDecimalTest</name><description type="System.String" /><enabled type="System.Boolean">True</enabled><owner type="System.String" /><priority type="System.Int32">0</priority><executionId type="Microsoft.VisualStudio.TestTools.Common.TestExecId"><id type="System.Guid">00000000-0000-0000-0000-000000000000</id></executionId><parentExecutId type="Microsoft.VisualStudio.TestTools.Common.TestExecId"><id type="System.Guid">00000000-0000-0000-0000-000000000000</id></parentExecutId><deploymentItems type="Microsoft.VisualStudio.TestTools.Common.DeploymentItemCollection" /><agentAttributes type="System.Collections.Specialized.StringDictionary, System, Version=2.0.0.0, Culture=neutral, PublicKeyToken=b77a5c561934e089" /><storage type="System.String">e:\projects\brownshoe\unit_tests\product\src\brownshoe\testing\unittests\bin\brownshoe.unittests.dll</storage><m_nonRunnableReason type="System.String" /></value><key type="Microsoft.VisualStudio.TestTools.Common.TestId"><id type="System.Guid">c744475d-b006-7c1e-b095-550805466413</id></key><value type="Microsoft.VisualStudio.TestTools.TestTypes.Unit.UnitTestElement, Microsoft.VisualStudio.QualityTools.Tips.UnitTest.ObjectModel, Version=8.0.0.0, Culture=neutral, PublicKeyToken=b03f5f7f11d50a3a"><codeBase type="System.String">e:/projects/brownshoe/unit_tests/product/src/BrownShoe/Testing/UnitTests/bin/BrownShoe.UnitTests.DLL</codeBase><adapterTypeName type="System.String">Microsoft.VisualStudio.TestTools.TestTypes.Unit.UnitTestAdapter, Microsoft.VisualStudio.QualityTools.Tips.UnitTest.Adapter</adapterTypeName><testMethod type="Microsoft.VisualStudio.TestTools.TestTypes.Unit.TestMethod, Microsoft.VisualStudio.QualityTools.Tips.UnitTest.ObjectModel, Version=8.0.0.0, Culture=neutral, PublicKeyToken=b03f5f7f11d50a3a"><className type="System.String">BrownShoe.UnitTests.Services.Madison.RewardsProfileTest, BrownShoe.UnitTests, Version=1.0.0.0, Culture=neutral, PublicKeyToken=null</className><name type="System.String">CityTest</name><expectedExceptionMessage type="System.String" /><isValid type="System.Boolean">False</isValid></testMethod><aspNetDevServers type="System.Collections.Generic.List`1[[Microsoft.VisualStudio.TestTools.Common.AspNetDevelopmentServer, Microsoft.VisualStudio.QualityTools.Common, Version=8.0.0.0, Culture=neutral, PublicKeyToken=b03f5f7f11d50a3a]]"><_size type="System.Int32">0</_size><_version type="System.Int32">0</_version></aspNetDevServers><dataAccessMethod type="Microsoft.VisualStudio.TestTools.UnitTesting.DataAccessMethod, Microsoft.VisualStudio.QualityTools.UnitTestFramework, Version=8.0.0.0, Culture=neutral, PublicKeyToken=b03f5f7f11d50a3a"><value__ type="System.Int32">0</value__></dataAccessMethod><cssProjectStructure type="System.String" /><isRunOnRestart type="System.Boolean">False</isRunOnRestart><timeOut type="System.Int32">0</timeOut><isGroupable type="System.Boolean">True</isGroupable><abortRunOnAgentFailure type="System.Boolean">False</abortRunOnAgentFailure><cssIteration type="System.String" /><workItemIds type="System.Collections.Generic.List`1[[System.Int32, mscorlib, Version=2.0.0.0, Culture=neutral, PublicKeyToken=b77a5c561934e089]]"><_size type="System.Int32">0</_size><_version type="System.Int32">1</_version></workItemIds><id type="Microsoft.VisualStudio.TestTools.Common.TestId"><id type="System.Guid">c744475d-b006-7c1e-b095-550805466413</id></id><name type="System.String">CityTest</name><description type="System.String" /><enabled type="System.Boolean">True</enabled><owner type="System.String" /><priority type="System.Int32">0</priority><executionId type="Microsoft.VisualStudio.TestTools.Common.TestExecId"><id type="System.Guid">00000000-0000-0000-0000-000000000000</id></executionId><parentExecutId type="Microsoft.VisualStudio.TestTools.Common.TestExecId"><id type="System.Guid">00000000-0000-0000-0000-000000000000</id></parentExecutId><deploymentItems type="Microsoft.VisualStudio.TestTools.Common.DeploymentItemCollection" /><agentAttributes type="System.Collections.Specialized.StringDictionary, System, Version=2.0.0.0, Culture=neutral, PublicKeyToken=b77a5c561934e089" /><storage type="System.String">e:\projects\brownshoe\unit_tests\product\src\brownshoe\testing\unittests\bin\brownshoe.unittests.dll</storage><m_nonRunnableReason type="System.String" /></value><key type="Microsoft.VisualStudio.TestTools.Common.TestId"><id type="System.Guid">e3cf340e-bd22-843f-1a35-f713d67f0c18</id></key><value type="Microsoft.VisualStudio.TestTools.TestTypes.Unit.UnitTestElement, Microsoft.VisualStudio.QualityTools.Tips.UnitTest.ObjectModel, Version=8.0.0.0, Culture=neutral, PublicKeyToken=b03f5f7f11d50a3a"><codeBase type="System.String">e:/projects/brownshoe/unit_tests/product/src/BrownShoe/Testing/UnitTests/bin/BrownShoe.UnitTests.DLL</codeBase><adapterTypeName type="System.String">Microsoft.VisualStudio.TestTools.TestTypes.Unit.UnitTestAdapter, Microsoft.VisualStudio.QualityTools.Tips.UnitTest.Adapter</adapterTypeName><testMethod type="Microsoft.VisualStudio.TestTools.TestTypes.Unit.TestMethod, Microsoft.VisualStudio.QualityTools.Tips.UnitTest.ObjectModel, Version=8.0.0.0, Culture=neutral, PublicKeyToken=b03f5f7f11d50a3a"><className type="System.String">BrownShoe.UnitTests.Services.Madison.AddressServiceTest, BrownShoe.UnitTests, Version=1.0.0.0, Culture=neutral, PublicKeyToken=null</className><name type="System.String">ReadTest</name><expectedExceptionMessage type="System.String" /><isValid type="System.Boolean">False</isValid></testMethod><aspNetDevServers type="System.Collections.Generic.List`1[[Microsoft.VisualStudio.TestTools.Common.AspNetDevelopmentServer, Microsoft.VisualStudio.QualityTools.Common, Version=8.0.0.0, Culture=neutral, PublicKeyToken=b03f5f7f11d50a3a]]"><_size type="System.Int32">0</_size><_version type="System.Int32">0</_version></aspNetDevServers><dataAccessMethod type="Microsoft.VisualStudio.TestTools.UnitTesting.DataAccessMethod, Microsoft.VisualStudio.QualityTools.UnitTestFramework, Version=8.0.0.0, Culture=neutral, PublicKeyToken=b03f5f7f11d50a3a"><value__ type="System.Int32">0</value__></dataAccessMethod><cssProjectStructure type="System.String" /><isRunOnRestart type="System.Boolean">False</isRunOnRestart><timeOut type="System.Int32">0</timeOut><isGroupable type="System.Boolean">True</isGroupable><abortRunOnAgentFailure type="System.Boolean">False</abortRunOnAgentFailure><cssIteration type="System.String" /><workItemIds type="System.Collections.Generic.List`1[[System.Int32, mscorlib, Version=2.0.0.0, Culture=neutral, PublicKeyToken=b77a5c561934e089]]"><_size type="System.Int32">0</_size><_version type="System.Int32">1</_version></workItemIds><id type="Microsoft.VisualStudio.TestTools.Common.TestId"><id type="System.Guid">e3cf340e-bd22-843f-1a35-f713d67f0c18</id></id><name type="System.String">ReadTest</name><description type="System.String" /><enabled type="System.Boolean">True</enabled><owner type="System.String" /><priority type="System.Int32">0</priority><executionId type="Microsoft.VisualStudio.TestTools.Common.TestExecId"><id type="System.Guid">00000000-0000-0000-0000-000000000000</id></executionId><parentExecutId type="Microsoft.VisualStudio.TestTools.Common.TestExecId"><id type="System.Guid">00000000-0000-0000-0000-000000000000</id></parentExecutId><deploymentItems type="Microsoft.VisualStudio.TestTools.Common.DeploymentItemCollection" /><agentAttributes type="System.Collections.Specialized.StringDictionary, System, Version=2.0.0.0, Culture=neutral, PublicKeyToken=b77a5c561934e089" /><storage type="System.String">e:\projects\brownshoe\unit_tests\product\src\brownshoe\testing\unittests\bin\brownshoe.unittests.dll</storage><m_nonRunnableReason type="System.String" /></value><key type="Microsoft.VisualStudio.TestTools.Common.TestId"><id type="System.Guid">35d80593-c848-55b5-ef66-7878b30ca1b0</id></key><value type="Microsoft.VisualStudio.TestTools.TestTypes.Unit.UnitTestElement, Microsoft.VisualStudio.QualityTools.Tips.UnitTest.ObjectModel, Version=8.0.0.0, Culture=neutral, PublicKeyToken=b03f5f7f11d50a3a"><codeBase type="System.String">e:/projects/brownshoe/unit_tests/product/src/BrownShoe/Testing/UnitTests/bin/BrownShoe.UnitTests.DLL</codeBase><adapterTypeName type="System.String">Microsoft.VisualStudio.TestTools.TestTypes.Unit.UnitTestAdapter, Microsoft.VisualStudio.QualityTools.Tips.UnitTest.Adapter</adapterTypeName><testMethod type="Microsoft.VisualStudio.TestTools.TestTypes.Unit.TestMethod, Microsoft.VisualStudio.QualityTools.Tips.UnitTest.ObjectModel, Version=8.0.0.0, Culture=neutral, PublicKeyToken=b03f5f7f11d50a3a"><className type="System.String">BrownShoe.UnitTests.RetailApplicationCore.Profiles.ProfileControllerTest, BrownShoe.UnitTests, Version=1.0.0.0, Culture=neutral, PublicKeyToken=null</className><name type="System.String">UpdateCreditCardTest</name><expectedExceptionMessage type="System.String" /><isValid type="System.Boolean">False</isValid></testMethod><aspNetDevServers type="System.Collections.Generic.List`1[[Microsoft.VisualStudio.TestTools.Common.AspNetDevelopmentServer, Microsoft.VisualStudio.QualityTools.Common, Version=8.0.0.0, Culture=neutral, PublicKeyToken=b03f5f7f11d50a3a]]"><_size type="System.Int32">0</_size><_version type="System.Int32">0</_version></aspNetDevServers><dataAccessMethod type="Microsoft.VisualStudio.TestTools.UnitTesting.DataAccessMethod, Microsoft.VisualStudio.QualityTools.UnitTestFramework, Version=8.0.0.0, Culture=neutral, PublicKeyToken=b03f5f7f11d50a3a"><value__ type="System.Int32">0</value__></dataAccessMethod><cssProjectStructure type="System.String" /><isRunOnRestart type="System.Boolean">False</isRunOnRestart><timeOut type="System.Int32">0</timeOut><isGroupable type="System.Boolean">True</isGroupable><abortRunOnAgentFailure type="System.Boolean">False</abortRunOnAgentFailure><cssIteration type="System.String" /><workItemIds type="System.Collections.Generic.List`1[[System.Int32, mscorlib, Version=2.0.0.0, Culture=neutral, PublicKeyToken=b77a5c561934e089]]"><_size type="System.Int32">0</_size><_version type="System.Int32">1</_version></workItemIds><id type="Microsoft.VisualStudio.TestTools.Common.TestId"><id type="System.Guid">35d80593-c848-55b5-ef66-7878b30ca1b0</id></id><name type="System.String">UpdateCreditCardTest</name><description type="System.String" /><enabled type="System.Boolean">True</enabled><owner type="System.String" /><priority type="System.Int32">0</priority><executionId type="Microsoft.VisualStudio.TestTools.Common.TestExecId"><id type="System.Guid">00000000-0000-0000-0000-000000000000</id></executionId><parentExecutId type="Microsoft.VisualStudio.TestTools.Common.TestExecId"><id type="System.Guid">00000000-0000-0000-0000-000000000000</id></parentExecutId><deploymentItems type="Microsoft.VisualStudio.TestTools.Common.DeploymentItemCollection" /><agentAttributes type="System.Collections.Specialized.StringDictionary, System, Version=2.0.0.0, Culture=neutral, PublicKeyToken=b77a5c561934e089" /><storage type="System.String">e:\projects\brownshoe\unit_tests\product\src\brownshoe\testing\unittests\bin\brownshoe.unittests.dll</storage><m_nonRunnableReason type="System.String" /></value><key type="Microsoft.VisualStudio.TestTools.Common.TestId"><id type="System.Guid">c4d02112-383d-a078-67c4-99ae0400462c</id></key><value type="Microsoft.VisualStudio.TestTools.TestTypes.Unit.UnitTestElement, Microsoft.VisualStudio.QualityTools.Tips.UnitTest.ObjectModel, Version=8.0.0.0, Culture=neutral, PublicKeyToken=b03f5f7f11d50a3a"><codeBase type="System.String">e:/projects/brownshoe/unit_tests/product/src/BrownShoe/Testing/UnitTests/bin/BrownShoe.UnitTests.DLL</codeBase><adapterTypeName type="System.String">Microsoft.VisualStudio.TestTools.TestTypes.Unit.UnitTestAdapter, Microsoft.VisualStudio.QualityTools.Tips.UnitTest.Adapter</adapterTypeName><testMethod type="Microsoft.VisualStudio.TestTools.TestTypes.Unit.TestMethod, Microsoft.VisualStudio.QualityTools.Tips.UnitTest.ObjectModel, Version=8.0.0.0, Culture=neutral, PublicKeyToken=b03f5f7f11d50a3a"><className type="System.String">BrownShoe.UnitTests.Services.ContentManagement.CMTokenServiceTest, BrownShoe.UnitTests, Version=1.0.0.0, Culture=neutral, PublicKeyToken=null</className><name type="System.String">RenderBrandStyleListTest</name><expectedExceptionMessage type="System.String" /><isValid type="System.Boolean">False</isValid></testMethod><aspNetDevServers type="System.Collections.Generic.List`1[[Microsoft.VisualStudio.TestTools.Common.AspNetDevelopmentServer, Microsoft.VisualStudio.QualityTools.Common, Version=8.0.0.0, Culture=neutral, PublicKeyToken=b03f5f7f11d50a3a]]"><_size type="System.Int32">0</_size><_version type="System.Int32">0</_version></aspNetDevServers><dataAccessMethod type="Microsoft.VisualStudio.TestTools.UnitTesting.DataAccessMethod, Microsoft.VisualStudio.QualityTools.UnitTestFramework, Version=8.0.0.0, Culture=neutral, PublicKeyToken=b03f5f7f11d50a3a"><value__ type="System.Int32">0</value__></dataAccessMethod><cssProjectStructure type="System.String" /><isRunOnRestart type="System.Boolean">False</isRunOnRestart><timeOut type="System.Int32">0</timeOut><isGroupable type="System.Boolean">True</isGroupable><abortRunOnAgentFailure type="System.Boolean">False</abortRunOnAgentFailure><cssIteration type="System.String" /><workItemIds type="System.Collections.Generic.List`1[[System.Int32, mscorlib, Version=2.0.0.0, Culture=neutral, PublicKeyToken=b77a5c561934e089]]"><_size type="System.Int32">0</_size><_version type="System.Int32">1</_version></workItemIds><id type="Microsoft.VisualStudio.TestTools.Common.TestId"><id type="System.Guid">c4d02112-383d-a078-67c4-99ae0400462c</id></id><name type="System.String">RenderBrandStyleListTest</name><description type="System.String" /><enabled type="System.Boolean">True</enabled><owner type="System.String" /><priority type="System.Int32">0</priority><executionId type="Microsoft.VisualStudio.TestTools.Common.TestExecId"><id type="System.Guid">00000000-0000-0000-0000-000000000000</id></executionId><parentExecutId type="Microsoft.VisualStudio.TestTools.Common.TestExecId"><id type="System.Guid">00000000-0000-0000-0000-000000000000</id></parentExecutId><deploymentItems type="Microsoft.VisualStudio.TestTools.Common.DeploymentItemCollection" /><agentAttributes type="System.Collections.Specialized.StringDictionary, System, Version=2.0.0.0, Culture=neutral, PublicKeyToken=b77a5c561934e089" /><storage type="System.String">e:\projects\brownshoe\unit_tests\product\src\brownshoe\testing\unittests\bin\brownshoe.unittests.dll</storage><m_nonRunnableReason type="System.String" /></value><key type="Microsoft.VisualStudio.TestTools.Common.TestId"><id type="System.Guid">e867b290-41b2-6024-2301-64459ad8bef9</id></key><value type="Microsoft.VisualStudio.TestTools.TestTypes.Unit.UnitTestElement, Microsoft.VisualStudio.QualityTools.Tips.UnitTest.ObjectModel, Version=8.0.0.0, Culture=neutral, PublicKeyToken=b03f5f7f11d50a3a"><codeBase type="System.String">e:/projects/brownshoe/unit_tests/product/src/BrownShoe/Testing/UnitTests/bin/BrownShoe.UnitTests.DLL</codeBase><adapterTypeName type="System.String">Microsoft.VisualStudio.TestTools.TestTypes.Unit.UnitTestAdapter, Microsoft.VisualStudio.QualityTools.Tips.UnitTest.Adapter</adapterTypeName><testMethod type="Microsoft.VisualStudio.TestTools.TestTypes.Unit.TestMethod, Microsoft.VisualStudio.QualityTools.Tips.UnitTest.ObjectModel, Version=8.0.0.0, Culture=neutral, PublicKeyToken=b03f5f7f11d50a3a"><className type="System.String">BrownShoe.UnitTests.Services.Madison.MadisonWebServiceTest, BrownShoe.UnitTests, Version=1.0.0.0, Culture=neutral, PublicKeyToken=null</className><name type="System.String">GetRewardsProfileTestFailure</name><expectedExceptionMessage type="System.String" /><isValid type="System.Boolean">False</isValid></testMethod><aspNetDevServers type="System.Collections.Generic.List`1[[Microsoft.VisualStudio.TestTools.Common.AspNetDevelopmentServer, Microsoft.VisualStudio.QualityTools.Common, Version=8.0.0.0, Culture=neutral, PublicKeyToken=b03f5f7f11d50a3a]]"><_size type="System.Int32">0</_size><_version type="System.Int32">0</_version></aspNetDevServers><dataAccessMethod type="Microsoft.VisualStudio.TestTools.UnitTesting.DataAccessMethod, Microsoft.VisualStudio.QualityTools.UnitTestFramework, Version=8.0.0.0, Culture=neutral, PublicKeyToken=b03f5f7f11d50a3a"><value__ type="System.Int32">0</value__></dataAccessMethod><cssProjectStructure type="System.String" /><isRunOnRestart type="System.Boolean">False</isRunOnRestart><timeOut type="System.Int32">0</timeOut><isGroupable type="System.Boolean">True</isGroupable><abortRunOnAgentFailure type="System.Boolean">False</abortRunOnAgentFailure><cssIteration type="System.String" /><workItemIds type="System.Collections.Generic.List`1[[System.Int32, mscorlib, Version=2.0.0.0, Culture=neutral, PublicKeyToken=b77a5c561934e089]]"><_size type="System.Int32">0</_size><_version type="System.Int32">1</_version></workItemIds><id type="Microsoft.VisualStudio.TestTools.Common.TestId"><id type="System.Guid">e867b290-41b2-6024-2301-64459ad8bef9</id></id><name type="System.String">GetRewardsProfileTestFailure</name><description type="System.String" /><enabled type="System.Boolean">True</enabled><owner type="System.String" /><priority type="System.Int32">0</priority><executionId type="Microsoft.VisualStudio.TestTools.Common.TestExecId"><id type="System.Guid">00000000-0000-0000-0000-000000000000</id></executionId><parentExecutId type="Microsoft.VisualStudio.TestTools.Common.TestExecId"><id type="System.Guid">00000000-0000-0000-0000-000000000000</id></parentExecutId><deploymentItems type="Microsoft.VisualStudio.TestTools.Common.DeploymentItemCollection" /><agentAttributes type="System.Collections.Specialized.StringDictionary, System, Version=2.0.0.0, Culture=neutral, PublicKeyToken=b77a5c561934e089" /><storage type="System.String">e:\projects\brownshoe\unit_tests\product\src\brownshoe\testing\unittests\bin\brownshoe.unittests.dll</storage><m_nonRunnableReason type="System.String" /></value><key type="Microsoft.VisualStudio.TestTools.Common.TestId"><id type="System.Guid">7b6bce69-a30e-c907-f0c5-880f4a8742e5</id></key><value type="Microsoft.VisualStudio.TestTools.TestTypes.Unit.UnitTestElement, Microsoft.VisualStudio.QualityTools.Tips.UnitTest.ObjectModel, Version=8.0.0.0, Culture=neutral, PublicKeyToken=b03f5f7f11d50a3a"><codeBase type="System.String">e:/projects/brownshoe/unit_tests/product/src/BrownShoe/Testing/UnitTests/bin/BrownShoe.UnitTests.DLL</codeBase><adapterTypeName type="System.String">Microsoft.VisualStudio.TestTools.TestTypes.Unit.UnitTestAdapter, Microsoft.VisualStudio.QualityTools.Tips.UnitTest.Adapter</adapterTypeName><testMethod type="Microsoft.VisualStudio.TestTools.TestTypes.Unit.TestMethod, Microsoft.VisualStudio.QualityTools.Tips.UnitTest.ObjectModel, Version=8.0.0.0, Culture=neutral, PublicKeyToken=b03f5f7f11d50a3a"><className type="System.String">BrownShoe.UnitTests.Services.Marketing.PromoCodeHelperTest, BrownShoe.UnitTests, Version=1.0.0.0, Culture=neutral, PublicKeyToken=null</className><name type="System.String">IsSuppressCJTestBadInput</name><expectedExceptionMessage type="System.String" /><isValid type="System.Boolean">False</isValid></testMethod><aspNetDevServers type="System.Collections.Generic.List`1[[Microsoft.VisualStudio.TestTools.Common.AspNetDevelopmentServer, Microsoft.VisualStudio.QualityTools.Common, Version=8.0.0.0, Culture=neutral, PublicKeyToken=b03f5f7f11d50a3a]]"><_size type="System.Int32">0</_size><_version type="System.Int32">0</_version></aspNetDevServers><dataAccessMethod type="Microsoft.VisualStudio.TestTools.UnitTesting.DataAccessMethod, Microsoft.VisualStudio.QualityTools.UnitTestFramework, Version=8.0.0.0, Culture=neutral, PublicKeyToken=b03f5f7f11d50a3a"><value__ type="System.Int32">0</value__></dataAccessMethod><cssProjectStructure type="System.String" /><isRunOnRestart type="System.Boolean">False</isRunOnRestart><timeOut type="System.Int32">0</timeOut><isGroupable type="System.Boolean">True</isGroupable><abortRunOnAgentFailure type="System.Boolean">False</abortRunOnAgentFailure><cssIteration type="System.String" /><workItemIds type="System.Collections.Generic.List`1[[System.Int32, mscorlib, Version=2.0.0.0, Culture=neutral, PublicKeyToken=b77a5c561934e089]]"><_size type="System.Int32">0</_size><_version type="System.Int32">1</_version></workItemIds><id type="Microsoft.VisualStudio.TestTools.Common.TestId"><id type="System.Guid">7b6bce69-a30e-c907-f0c5-880f4a8742e5</id></id><name type="System.String">IsSuppressCJTestBadInput</name><description type="System.String" /><enabled type="System.Boolean">True</enabled><owner type="System.String" /><priority type="System.Int32">0</priority><executionId type="Microsoft.VisualStudio.TestTools.Common.TestExecId"><id type="System.Guid">00000000-0000-0000-0000-000000000000</id></executionId><parentExecutId type="Microsoft.VisualStudio.TestTools.Common.TestExecId"><id type="System.Guid">00000000-0000-0000-0000-000000000000</id></parentExecutId><deploymentItems type="Microsoft.VisualStudio.TestTools.Common.DeploymentItemCollection" /><agentAttributes type="System.Collections.Specialized.StringDictionary, System, Version=2.0.0.0, Culture=neutral, PublicKeyToken=b77a5c561934e089" /><storage type="System.String">e:\projects\brownshoe\unit_tests\product\src\brownshoe\testing\unittests\bin\brownshoe.unittests.dll</storage><m_nonRunnableReason type="System.String" /></value><key type="Microsoft.VisualStudio.TestTools.Common.TestId"><id type="System.Guid">ff82d1cd-af9d-069c-3586-69b80bc01c8b</id></key><value type="Microsoft.VisualStudio.TestTools.TestTypes.Unit.UnitTestElement, Microsoft.VisualStudio.QualityTools.Tips.UnitTest.ObjectModel, Version=8.0.0.0, Culture=neutral, PublicKeyToken=b03f5f7f11d50a3a"><codeBase type="System.String">e:/projects/brownshoe/unit_tests/product/src/BrownShoe/Testing/UnitTests/bin/BrownShoe.UnitTests.DLL</codeBase><adapterTypeName type="System.String">Microsoft.VisualStudio.TestTools.TestTypes.Unit.UnitTestAdapter, Microsoft.VisualStudio.QualityTools.Tips.UnitTest.Adapter</adapterTypeName><testMethod type="Microsoft.VisualStudio.TestTools.TestTypes.Unit.TestMethod, Microsoft.VisualStudio.QualityTools.Tips.UnitTest.ObjectModel, Version=8.0.0.0, Culture=neutral, PublicKeyToken=b03f5f7f11d50a3a"><className type="System.String">BrownShoe.UnitTests.Services.ContentManagement.CMServiceTest, BrownShoe.UnitTests, Version=1.0.0.0, Culture=neutral, PublicKeyToken=null</className><name type="System.String">GetTokensTest</name><expectedExceptionMessage type="System.String" /><isValid type="System.Boolean">False</isValid></testMethod><aspNetDevServers type="System.Collections.Generic.List`1[[Microsoft.VisualStudio.TestTools.Common.AspNetDevelopmentServer, Microsoft.VisualStudio.QualityTools.Common, Version=8.0.0.0, Culture=neutral, PublicKeyToken=b03f5f7f11d50a3a]]"><_size type="System.Int32">0</_size><_version type="System.Int32">0</_version></aspNetDevServers><dataAccessMethod type="Microsoft.VisualStudio.TestTools.UnitTesting.DataAccessMethod, Microsoft.VisualStudio.QualityTools.UnitTestFramework, Version=8.0.0.0, Culture=neutral, PublicKeyToken=b03f5f7f11d50a3a"><value__ type="System.Int32">0</value__></dataAccessMethod><cssProjectStructure type="System.String" /><isRunOnRestart type="System.Boolean">False</isRunOnRestart><timeOut type="System.Int32">0</timeOut><isGroupable type="System.Boolean">True</isGroupable><abortRunOnAgentFailure type="System.Boolean">False</abortRunOnAgentFailure><cssIteration type="System.String" /><workItemIds type="System.Collections.Generic.List`1[[System.Int32, mscorlib, Version=2.0.0.0, Culture=neutral, PublicKeyToken=b77a5c561934e089]]"><_size type="System.Int32">0</_size><_version type="System.Int32">1</_version></workItemIds><id type="Microsoft.VisualStudio.TestTools.Common.TestId"><id type="System.Guid">ff82d1cd-af9d-069c-3586-69b80bc01c8b</id></id><name type="System.String">GetTokensTest</name><description type="System.String" /><enabled type="System.Boolean">True</enabled><owner type="System.String" /><priority type="System.Int32">0</priority><executionId type="Microsoft.VisualStudio.TestTools.Common.TestExecId"><id type="System.Guid">00000000-0000-0000-0000-000000000000</id></executionId><parentExecutId type="Microsoft.VisualStudio.TestTools.Common.TestExecId"><id type="System.Guid">00000000-0000-0000-0000-000000000000</id></parentExecutId><deploymentItems type="Microsoft.VisualStudio.TestTools.Common.DeploymentItemCollection" /><agentAttributes type="System.Collections.Specialized.StringDictionary, System, Version=2.0.0.0, Culture=neutral, PublicKeyToken=b77a5c561934e089" /><storage type="System.String">e:\projects\brownshoe\unit_tests\product\src\brownshoe\testing\unittests\bin\brownshoe.unittests.dll</storage><m_nonRunnableReason type="System.String" /></value><key type="Microsoft.VisualStudio.TestTools.Common.TestId"><id type="System.Guid">dbcb25e8-f8ce-013e-abae-e6fe4ba5341b</id></key><value type="Microsoft.VisualStudio.TestTools.TestTypes.Unit.UnitTestElement, Microsoft.VisualStudio.QualityTools.Tips.UnitTest.ObjectModel, Version=8.0.0.0, Culture=neutral, PublicKeyToken=b03f5f7f11d50a3a"><codeBase type="System.String">e:/projects/brownshoe/unit_tests/product/src/BrownShoe/Testing/UnitTests/bin/BrownShoe.UnitTests.DLL</codeBase><adapterTypeName type="System.String">Microsoft.VisualStudio.TestTools.TestTypes.Unit.UnitTestAdapter, Microsoft.VisualStudio.QualityTools.Tips.UnitTest.Adapter</adapterTypeName><testMethod type="Microsoft.VisualStudio.TestTools.TestTypes.Unit.TestMethod, Microsoft.VisualStudio.QualityTools.Tips.UnitTest.ObjectModel, Version=8.0.0.0, Culture=neutral, PublicKeyToken=b03f5f7f11d50a3a"><className type="System.String">BrownShoe.UnitTests.Services.Profiles.CsrProfileServiceTest, BrownShoe.UnitTests, Version=1.0.0.0, Culture=neutral, PublicKeyToken=null</className><name type="System.String">CreateTest</name><expectedExceptionMessage type="System.String" /><isValid type="System.Boolean">False</isValid></testMethod><aspNetDevServers type="System.Collections.Generic.List`1[[Microsoft.VisualStudio.TestTools.Common.AspNetDevelopmentServer, Microsoft.VisualStudio.QualityTools.Common, Version=8.0.0.0, Culture=neutral, PublicKeyToken=b03f5f7f11d50a3a]]"><_size type="System.Int32">0</_size><_version type="System.Int32">0</_version></aspNetDevServers><dataAccessMethod type="Microsoft.VisualStudio.TestTools.UnitTesting.DataAccessMethod, Microsoft.VisualStudio.QualityTools.UnitTestFramework, Version=8.0.0.0, Culture=neutral, PublicKeyToken=b03f5f7f11d50a3a"><value__ type="System.Int32">0</value__></dataAccessMethod><cssProjectStructure type="System.String" /><isRunOnRestart type="System.Boolean">False</isRunOnRestart><timeOut type="System.Int32">0</timeOut><isGroupable type="System.Boolean">True</isGroupable><abortRunOnAgentFailure type="System.Boolean">False</abortRunOnAgentFailure><cssIteration type="System.String" /><workItemIds type="System.Collections.Generic.List`1[[System.Int32, mscorlib, Version=2.0.0.0, Culture=neutral, PublicKeyToken=b77a5c561934e089]]"><_size type="System.Int32">0</_size><_version type="System.Int32">1</_version></workItemIds><id type="Microsoft.VisualStudio.TestTools.Common.TestId"><id type="System.Guid">dbcb25e8-f8ce-013e-abae-e6fe4ba5341b</id></id><name type="System.String">CreateTest</name><description type="System.String" /><enabled type="System.Boolean">True</enabled><owner type="System.String" /><priority type="System.Int32">0</priority><executionId type="Microsoft.VisualStudio.TestTools.Common.TestExecId"><id type="System.Guid">00000000-0000-0000-0000-000000000000</id></executionId><parentExecutId type="Microsoft.VisualStudio.TestTools.Common.TestExecId"><id type="System.Guid">00000000-0000-0000-0000-000000000000</id></parentExecutId><deploymentItems type="Microsoft.VisualStudio.TestTools.Common.DeploymentItemCollection" /><agentAttributes type="System.Collections.Specialized.StringDictionary, System, Version=2.0.0.0, Culture=neutral, PublicKeyToken=b77a5c561934e089" /><storage type="System.String">e:\projects\brownshoe\unit_tests\product\src\brownshoe\testing\unittests\bin\brownshoe.unittests.dll</storage><m_nonRunnableReason type="System.String" /></value><key type="Microsoft.VisualStudio.TestTools.Common.TestId"><id type="System.Guid">6a63e01e-f1e2-97db-8caa-1237a289be1c</id></key><value type="Microsoft.VisualStudio.TestTools.TestTypes.Unit.UnitTestElement, Microsoft.VisualStudio.QualityTools.Tips.UnitTest.ObjectModel, Version=8.0.0.0, Culture=neutral, PublicKeyToken=b03f5f7f11d50a3a"><codeBase type="System.String">e:/projects/brownshoe/unit_tests/product/src/BrownShoe/Testing/UnitTests/bin/BrownShoe.UnitTests.DLL</codeBase><adapterTypeName type="System.String">Microsoft.VisualStudio.TestTools.TestTypes.Unit.UnitTestAdapter, Microsoft.VisualStudio.QualityTools.Tips.UnitTest.Adapter</adapterTypeName><testMethod type="Microsoft.VisualStudio.TestTools.TestTypes.Unit.TestMethod, Microsoft.VisualStudio.QualityTools.Tips.UnitTest.ObjectModel, Version=8.0.0.0, Culture=neutral, PublicKeyToken=b03f5f7f11d50a3a"><className type="System.String">BrownShoe.UnitTests.RetailApplicationCore.Checkout.CheckoutControllerTest, BrownShoe.UnitTests, Version=1.0.0.0, Culture=neutral, PublicKeyToken=null</className><name type="System.String">AddShippingTest</name><expectedExceptionMessage type="System.String" /><isValid type="System.Boolean">False</isValid></testMethod><aspNetDevServers type="System.Collections.Generic.List`1[[Microsoft.VisualStudio.TestTools.Common.AspNetDevelopmentServer, Microsoft.VisualStudio.QualityTools.Common, Version=8.0.0.0, Culture=neutral, PublicKeyToken=b03f5f7f11d50a3a]]"><_size type="System.Int32">0</_size><_version type="System.Int32">0</_version></aspNetDevServers><dataAccessMethod type="Microsoft.VisualStudio.TestTools.UnitTesting.DataAccessMethod, Microsoft.VisualStudio.QualityTools.UnitTestFramework, Version=8.0.0.0, Culture=neutral, PublicKeyToken=b03f5f7f11d50a3a"><value__ type="System.Int32">0</value__></dataAccessMethod><cssProjectStructure type="System.String" /><isRunOnRestart type="System.Boolean">False</isRunOnRestart><timeOut type="System.Int32">0</timeOut><isGroupable type="System.Boolean">True</isGroupable><abortRunOnAgentFailure type="System.Boolean">False</abortRunOnAgentFailure><cssIteration type="System.String" /><workItemIds type="System.Collections.Generic.List`1[[System.Int32, mscorlib, Version=2.0.0.0, Culture=neutral, PublicKeyToken=b77a5c561934e089]]"><_size type="System.Int32">0</_size><_version type="System.Int32">1</_version></workItemIds><id type="Microsoft.VisualStudio.TestTools.Common.TestId"><id type="System.Guid">6a63e01e-f1e2-97db-8caa-1237a289be1c</id></id><name type="System.String">AddShippingTest</name><description type="System.String" /><enabled type="System.Boolean">True</enabled><owner type="System.String" /><priority type="System.Int32">0</priority><executionId type="Microsoft.VisualStudio.TestTools.Common.TestExecId"><id type="System.Guid">00000000-0000-0000-0000-000000000000</id></executionId><parentExecutId type="Microsoft.VisualStudio.TestTools.Common.TestExecId"><id type="System.Guid">00000000-0000-0000-0000-000000000000</id></parentExecutId><deploymentItems type="Microsoft.VisualStudio.TestTools.Common.DeploymentItemCollection" /><agentAttributes type="System.Collections.Specialized.StringDictionary, System, Version=2.0.0.0, Culture=neutral, PublicKeyToken=b77a5c561934e089" /><storage type="System.String">e:\projects\brownshoe\unit_tests\product\src\brownshoe\testing\unittests\bin\brownshoe.unittests.dll</storage><m_nonRunnableReason type="System.String" /></value><key type="Microsoft.VisualStudio.TestTools.Common.TestId"><id type="System.Guid">ae7671d0-275e-4693-409d-1f5dc7993085</id></key><value type="Microsoft.VisualStudio.TestTools.TestTypes.Unit.UnitTestElement, Microsoft.VisualStudio.QualityTools.Tips.UnitTest.ObjectModel, Version=8.0.0.0, Culture=neutral, PublicKeyToken=b03f5f7f11d50a3a"><codeBase type="System.String">e:/projects/brownshoe/unit_tests/product/src/BrownShoe/Testing/UnitTests/bin/BrownShoe.UnitTests.DLL</codeBase><adapterTypeName type="System.String">Microsoft.VisualStudio.TestTools.TestTypes.Unit.UnitTestAdapter, Microsoft.VisualStudio.QualityTools.Tips.UnitTest.Adapter</adapterTypeName><testMethod type="Microsoft.VisualStudio.TestTools.TestTypes.Unit.TestMethod, Microsoft.VisualStudio.QualityTools.Tips.UnitTest.ObjectModel, Version=8.0.0.0, Culture=neutral, PublicKeyToken=b03f5f7f11d50a3a"><className type="System.String">BrownShoe.UnitTests.Services.DataAccess.SysMonDBTest, BrownShoe.UnitTests, Version=1.0.0.0, Culture=neutral, PublicKeyToken=null</className><name type="System.String">Test_PayPal_SettlementTest</name><expectedExceptionMessage type="System.String" /><isValid type="System.Boolean">False</isValid></testMethod><aspNetDevServers type="System.Collections.Generic.List`1[[Microsoft.VisualStudio.TestTools.Common.AspNetDevelopmentServer, Microsoft.VisualStudio.QualityTools.Common, Version=8.0.0.0, Culture=neutral, PublicKeyToken=b03f5f7f11d50a3a]]"><_size type="System.Int32">0</_size><_version type="System.Int32">0</_version></aspNetDevServers><dataAccessMethod type="Microsoft.VisualStudio.TestTools.UnitTesting.DataAccessMethod, Microsoft.VisualStudio.QualityTools.UnitTestFramework, Version=8.0.0.0, Culture=neutral, PublicKeyToken=b03f5f7f11d50a3a"><value__ type="System.Int32">0</value__></dataAccessMethod><cssProjectStructure type="System.String" /><isRunOnRestart type="System.Boolean">False</isRunOnRestart><timeOut type="System.Int32">0</timeOut><isGroupable type="System.Boolean">True</isGroupable><abortRunOnAgentFailure type="System.Boolean">False</abortRunOnAgentFailure><cssIteration type="System.String" /><workItemIds type="System.Collections.Generic.List`1[[System.Int32, mscorlib, Version=2.0.0.0, Culture=neutral, PublicKeyToken=b77a5c561934e089]]"><_size type="System.Int32">0</_size><_version type="System.Int32">1</_version></workItemIds><id type="Microsoft.VisualStudio.TestTools.Common.TestId"><id type="System.Guid">ae7671d0-275e-4693-409d-1f5dc7993085</id></id><name type="System.String">Test_PayPal_SettlementTest</name><description type="System.String" /><enabled type="System.Boolean">True</enabled><owner type="System.String" /><priority type="System.Int32">0</priority><executionId type="Microsoft.VisualStudio.TestTools.Common.TestExecId"><id type="System.Guid">00000000-0000-0000-0000-000000000000</id></executionId><parentExecutId type="Microsoft.VisualStudio.TestTools.Common.TestExecId"><id type="System.Guid">00000000-0000-0000-0000-000000000000</id></parentExecutId><deploymentItems type="Microsoft.VisualStudio.TestTools.Common.DeploymentItemCollection" /><agentAttributes type="System.Collections.Specialized.StringDictionary, System, Version=2.0.0.0, Culture=neutral, PublicKeyToken=b77a5c561934e089" /><storage type="System.String">e:\projects\brownshoe\unit_tests\product\src\brownshoe\testing\unittests\bin\brownshoe.unittests.dll</storage><m_nonRunnableReason type="System.String" /></value><key type="Microsoft.VisualStudio.TestTools.Common.TestId"><id type="System.Guid">54f90975-5825-76a8-275c-3f8873ce6571</id></key><value type="Microsoft.VisualStudio.TestTools.TestTypes.Unit.UnitTestElement, Microsoft.VisualStudio.QualityTools.Tips.UnitTest.ObjectModel, Version=8.0.0.0, Culture=neutral, PublicKeyToken=b03f5f7f11d50a3a"><codeBase type="System.String">e:/projects/brownshoe/unit_tests/product/src/BrownShoe/Testing/UnitTests/bin/BrownShoe.UnitTests.DLL</codeBase><adapterTypeName type="System.String">Microsoft.VisualStudio.TestTools.TestTypes.Unit.UnitTestAdapter, Microsoft.VisualStudio.QualityTools.Tips.UnitTest.Adapter</adapterTypeName><testMethod type="Microsoft.VisualStudio.TestTools.TestTypes.Unit.TestMethod, Microsoft.VisualStudio.QualityTools.Tips.UnitTest.ObjectModel, Version=8.0.0.0, Culture=neutral, PublicKeyToken=b03f5f7f11d50a3a"><className type="System.String">BrownShoe.UnitTests.Services.Madison.MadisonWebServiceTest, BrownShoe.UnitTests, Version=1.0.0.0, Culture=neutral, PublicKeyToken=null</className><name type="System.String">FamousFootwearCheckForInventoryTest</name><expectedExceptionMessage type="System.String" /><isValid type="System.Boolean">False</isValid></testMethod><aspNetDevServers type="System.Collections.Generic.List`1[[Microsoft.VisualStudio.TestTools.Common.AspNetDevelopmentServer, Microsoft.VisualStudio.QualityTools.Common, Version=8.0.0.0, Culture=neutral, PublicKeyToken=b03f5f7f11d50a3a]]"><_size type="System.Int32">0</_size><_version type="System.Int32">0</_version></aspNetDevServers><dataAccessMethod type="Microsoft.VisualStudio.TestTools.UnitTesting.DataAccessMethod, Microsoft.VisualStudio.QualityTools.UnitTestFramework, Version=8.0.0.0, Culture=neutral, PublicKeyToken=b03f5f7f11d50a3a"><value__ type="System.Int32">0</value__></dataAccessMethod><cssProjectStructure type="System.String" /><isRunOnRestart type="System.Boolean">False</isRunOnRestart><timeOut type="System.Int32">0</timeOut><isGroupable type="System.Boolean">True</isGroupable><abortRunOnAgentFailure type="System.Boolean">False</abortRunOnAgentFailure><cssIteration type="System.String" /><workItemIds type="System.Collections.Generic.List`1[[System.Int32, mscorlib, Version=2.0.0.0, Culture=neutral, PublicKeyToken=b77a5c561934e089]]"><_size type="System.Int32">0</_size><_version type="System.Int32">1</_version></workItemIds><id type="Microsoft.VisualStudio.TestTools.Common.TestId"><id type="System.Guid">54f90975-5825-76a8-275c-3f8873ce6571</id></id><name type="System.String">FamousFootwearCheckForInventoryTest</name><description type="System.String" /><enabled type="System.Boolean">True</enabled><owner type="System.String" /><priority type="System.Int32">0</priority><executionId type="Microsoft.VisualStudio.TestTools.Common.TestExecId"><id type="System.Guid">00000000-0000-0000-0000-000000000000</id></executionId><parentExecutId type="Microsoft.VisualStudio.TestTools.Common.TestExecId"><id type="System.Guid">00000000-0000-0000-0000-000000000000</id></parentExecutId><deploymentItems type="Microsoft.VisualStudio.TestTools.Common.DeploymentItemCollection" /><agentAttributes type="System.Collections.Specialized.StringDictionary, System, Version=2.0.0.0, Culture=neutral, PublicKeyToken=b77a5c561934e089" /><storage type="System.String">e:\projects\brownshoe\unit_tests\product\src\brownshoe\testing\unittests\bin\brownshoe.unittests.dll</storage><m_nonRunnableReason type="System.String" /></value><key type="Microsoft.VisualStudio.TestTools.Common.TestId"><id type="System.Guid">7916c59d-4984-bde8-cd08-26d6408fe646</id></key><value type="Microsoft.VisualStudio.TestTools.TestTypes.Unit.UnitTestElement, Microsoft.VisualStudio.QualityTools.Tips.UnitTest.ObjectModel, Version=8.0.0.0, Culture=neutral, PublicKeyToken=b03f5f7f11d50a3a"><codeBase type="System.String">e:/projects/brownshoe/unit_tests/product/src/BrownShoe/Testing/UnitTests/bin/BrownShoe.UnitTests.DLL</codeBase><adapterTypeName type="System.String">Microsoft.VisualStudio.TestTools.TestTypes.Unit.UnitTestAdapter, Microsoft.VisualStudio.QualityTools.Tips.UnitTest.Adapter</adapterTypeName><testMethod type="Microsoft.VisualStudio.TestTools.TestTypes.Unit.TestMethod, Microsoft.VisualStudio.QualityTools.Tips.UnitTest.ObjectModel, Version=8.0.0.0, Culture=neutral, PublicKeyToken=b03f5f7f11d50a3a"><className type="System.String">BrownShoe.UnitTests.Services.Orders.GiftCertificateServiceTest, BrownShoe.UnitTests, Version=1.0.0.0, Culture=neutral, PublicKeyToken=null</className><name type="System.String">GetTest</name><expectedExceptionMessage type="System.String" /><isValid type="System.Boolean">False</isValid></testMethod><aspNetDevServers type="System.Collections.Generic.List`1[[Microsoft.VisualStudio.TestTools.Common.AspNetDevelopmentServer, Microsoft.VisualStudio.QualityTools.Common, Version=8.0.0.0, Culture=neutral, PublicKeyToken=b03f5f7f11d50a3a]]"><_size type="System.Int32">0</_size><_version type="System.Int32">0</_version></aspNetDevServers><dataAccessMethod type="Microsoft.VisualStudio.TestTools.UnitTesting.DataAccessMethod, Microsoft.VisualStudio.QualityTools.UnitTestFramework, Version=8.0.0.0, Culture=neutral, PublicKeyToken=b03f5f7f11d50a3a"><value__ type="System.Int32">0</value__></dataAccessMethod><cssProjectStructure type="System.String" /><isRunOnRestart type="System.Boolean">False</isRunOnRestart><timeOut type="System.Int32">0</timeOut><isGroupable type="System.Boolean">True</isGroupable><abortRunOnAgentFailure type="System.Boolean">False</abortRunOnAgentFailure><cssIteration type="System.String" /><workItemIds type="System.Collections.Generic.List`1[[System.Int32, mscorlib, Version=2.0.0.0, Culture=neutral, PublicKeyToken=b77a5c561934e089]]"><_size type="System.Int32">0</_size><_version type="System.Int32">1</_version></workItemIds><id type="Microsoft.VisualStudio.TestTools.Common.TestId"><id type="System.Guid">7916c59d-4984-bde8-cd08-26d6408fe646</id></id><name type="System.String">GetTest</name><description type="System.String" /><enabled type="System.Boolean">True</enabled><owner type="System.String" /><priority type="System.Int32">0</priority><executionId type="Microsoft.VisualStudio.TestTools.Common.TestExecId"><id type="System.Guid">00000000-0000-0000-0000-000000000000</id></executionId><parentExecutId type="Microsoft.VisualStudio.TestTools.Common.TestExecId"><id type="System.Guid">00000000-0000-0000-0000-000000000000</id></parentExecutId><deploymentItems type="Microsoft.VisualStudio.TestTools.Common.DeploymentItemCollection" /><agentAttributes type="System.Collections.Specialized.StringDictionary, System, Version=2.0.0.0, Culture=neutral, PublicKeyToken=b77a5c561934e089" /><storage type="System.String">e:\projects\brownshoe\unit_tests\product\src\brownshoe\testing\unittests\bin\brownshoe.unittests.dll</storage><m_nonRunnableReason type="System.String" /></value><key type="Microsoft.VisualStudio.TestTools.Common.TestId"><id type="System.Guid">6dc03cee-d2a1-e07e-c13b-255aa76c4bb8</id></key><value type="Microsoft.VisualStudio.TestTools.TestTypes.Unit.UnitTestElement, Microsoft.VisualStudio.QualityTools.Tips.UnitTest.ObjectModel, Version=8.0.0.0, Culture=neutral, PublicKeyToken=b03f5f7f11d50a3a"><codeBase type="System.String">e:/projects/brownshoe/unit_tests/product/src/BrownShoe/Testing/UnitTests/bin/BrownShoe.UnitTests.DLL</codeBase><adapterTypeName type="System.String">Microsoft.VisualStudio.TestTools.TestTypes.Unit.UnitTestAdapter, Microsoft.VisualStudio.QualityTools.Tips.UnitTest.Adapter</adapterTypeName><testMethod type="Microsoft.VisualStudio.TestTools.TestTypes.Unit.TestMethod, Microsoft.VisualStudio.QualityTools.Tips.UnitTest.ObjectModel, Version=8.0.0.0, Culture=neutral, PublicKeyToken=b03f5f7f11d50a3a"><className type="System.String">BrownShoe.UnitTests.RetailApplicationCore.Checkout.CheckoutConfigHelperTest, BrownShoe.UnitTests, Version=1.0.0.0, Culture=neutral, PublicKeyToken=null</className><name type="System.String">GetShippingMethodNameTest</name><expectedExceptionMessage type="System.String" /><isValid type="System.Boolean">False</isValid></testMethod><aspNetDevServers type="System.Collections.Generic.List`1[[Microsoft.VisualStudio.TestTools.Common.AspNetDevelopmentServer, Microsoft.VisualStudio.QualityTools.Common, Version=8.0.0.0, Culture=neutral, PublicKeyToken=b03f5f7f11d50a3a]]"><_size type="System.Int32">0</_size><_version type="System.Int32">0</_version></aspNetDevServers><dataAccessMethod type="Microsoft.VisualStudio.TestTools.UnitTesting.DataAccessMethod, Microsoft.VisualStudio.QualityTools.UnitTestFramework, Version=8.0.0.0, Culture=neutral, PublicKeyToken=b03f5f7f11d50a3a"><value__ type="System.Int32">0</value__></dataAccessMethod><cssProjectStructure type="System.String" /><isRunOnRestart type="System.Boolean">False</isRunOnRestart><timeOut type="System.Int32">0</timeOut><isGroupable type="System.Boolean">True</isGroupable><abortRunOnAgentFailure type="System.Boolean">False</abortRunOnAgentFailure><cssIteration type="System.String" /><workItemIds type="System.Collections.Generic.List`1[[System.Int32, mscorlib, Version=2.0.0.0, Culture=neutral, PublicKeyToken=b77a5c561934e089]]"><_size type="System.Int32">0</_size><_version type="System.Int32">1</_version></workItemIds><id type="Microsoft.VisualStudio.TestTools.Common.TestId"><id type="System.Guid">6dc03cee-d2a1-e07e-c13b-255aa76c4bb8</id></id><name type="System.String">GetShippingMethodNameTest</name><description type="System.String" /><enabled type="System.Boolean">True</enabled><owner type="System.String" /><priority type="System.Int32">0</priority><executionId type="Microsoft.VisualStudio.TestTools.Common.TestExecId"><id type="System.Guid">00000000-0000-0000-0000-000000000000</id></executionId><parentExecutId type="Microsoft.VisualStudio.TestTools.Common.TestExecId"><id type="System.Guid">00000000-0000-0000-0000-000000000000</id></parentExecutId><deploymentItems type="Microsoft.VisualStudio.TestTools.Common.DeploymentItemCollection" /><agentAttributes type="System.Collections.Specialized.StringDictionary, System, Version=2.0.0.0, Culture=neutral, PublicKeyToken=b77a5c561934e089" /><storage type="System.String">e:\projects\brownshoe\unit_tests\product\src\brownshoe\testing\unittests\bin\brownshoe.unittests.dll</storage><m_nonRunnableReason type="System.String" /></value><key type="Microsoft.VisualStudio.TestTools.Common.TestId"><id type="System.Guid">8fcece5e-e3f5-7fc4-2ccf-3e9899f167cf</id></key><value type="Microsoft.VisualStudio.TestTools.TestTypes.Unit.UnitTestElement, Microsoft.VisualStudio.QualityTools.Tips.UnitTest.ObjectModel, Version=8.0.0.0, Culture=neutral, PublicKeyToken=b03f5f7f11d50a3a"><codeBase type="System.String">e:/projects/brownshoe/unit_tests/product/src/BrownShoe/Testing/UnitTests/bin/BrownShoe.UnitTests.DLL</codeBase><adapterTypeName type="System.String">Microsoft.VisualStudio.TestTools.TestTypes.Unit.UnitTestAdapter, Microsoft.VisualStudio.QualityTools.Tips.UnitTest.Adapter</adapterTypeName><testMethod type="Microsoft.VisualStudio.TestTools.TestTypes.Unit.TestMethod, Microsoft.VisualStudio.QualityTools.Tips.UnitTest.ObjectModel, Version=8.0.0.0, Culture=neutral, PublicKeyToken=b03f5f7f11d50a3a"><className type="System.String">BrownShoe.UnitTests.Services.Orders.Interfaces.IWishListServiceTest, BrownShoe.UnitTests, Version=1.0.0.0, Culture=neutral, PublicKeyToken=null</className><name type="System.String">SaveTest</name><expectedExceptionMessage type="System.String" /><isValid type="System.Boolean">False</isValid></testMethod><aspNetDevServers type="System.Collections.Generic.List`1[[Microsoft.VisualStudio.TestTools.Common.AspNetDevelopmentServer, Microsoft.VisualStudio.QualityTools.Common, Version=8.0.0.0, Culture=neutral, PublicKeyToken=b03f5f7f11d50a3a]]"><_size type="System.Int32">0</_size><_version type="System.Int32">0</_version></aspNetDevServers><dataAccessMethod type="Microsoft.VisualStudio.TestTools.UnitTesting.DataAccessMethod, Microsoft.VisualStudio.QualityTools.UnitTestFramework, Version=8.0.0.0, Culture=neutral, PublicKeyToken=b03f5f7f11d50a3a"><value__ type="System.Int32">0</value__></dataAccessMethod><cssProjectStructure type="System.String" /><isRunOnRestart type="System.Boolean">False</isRunOnRestart><timeOut type="System.Int32">0</timeOut><isGroupable type="System.Boolean">True</isGroupable><abortRunOnAgentFailure type="System.Boolean">False</abortRunOnAgentFailure><cssIteration type="System.String" /><workItemIds type="System.Collections.Generic.List`1[[System.Int32, mscorlib, Version=2.0.0.0, Culture=neutral, PublicKeyToken=b77a5c561934e089]]"><_size type="System.Int32">0</_size><_version type="System.Int32">1</_version></workItemIds><id type="Microsoft.VisualStudio.TestTools.Common.TestId"><id type="System.Guid">8fcece5e-e3f5-7fc4-2ccf-3e9899f167cf</id></id><name type="System.String">SaveTest</name><description type="System.String" /><enabled type="System.Boolean">True</enabled><owner type="System.String" /><priority type="System.Int32">0</priority><executionId type="Microsoft.VisualStudio.TestTools.Common.TestExecId"><id type="System.Guid">00000000-0000-0000-0000-000000000000</id></executionId><parentExecutId type="Microsoft.VisualStudio.TestTools.Common.TestExecId"><id type="System.Guid">00000000-0000-0000-0000-000000000000</id></parentExecutId><deploymentItems type="Microsoft.VisualStudio.TestTools.Common.DeploymentItemCollection" /><agentAttributes type="System.Collections.Specialized.StringDictionary, System, Version=2.0.0.0, Culture=neutral, PublicKeyToken=b77a5c561934e089" /><storage type="System.String">e:\projects\brownshoe\unit_tests\product\src\brownshoe\testing\unittests\bin\brownshoe.unittests.dll</storage><m_nonRunnableReason type="System.String" /></value><key type="Microsoft.VisualStudio.TestTools.Common.TestId"><id type="System.Guid">90589c80-ded3-3c12-572e-28c03b287bfd</id></key><value type="Microsoft.VisualStudio.TestTools.TestTypes.Unit.UnitTestElement, Microsoft.VisualStudio.QualityTools.Tips.UnitTest.ObjectModel, Version=8.0.0.0, Culture=neutral, PublicKeyToken=b03f5f7f11d50a3a"><codeBase type="System.String">e:/projects/brownshoe/unit_tests/product/src/BrownShoe/Testing/UnitTests/bin/BrownShoe.UnitTests.DLL</codeBase><adapterTypeName type="System.String">Microsoft.VisualStudio.TestTools.TestTypes.Unit.UnitTestAdapter, Microsoft.VisualStudio.QualityTools.Tips.UnitTest.Adapter</adapterTypeName><testMethod type="Microsoft.VisualStudio.TestTools.TestTypes.Unit.TestMethod, Microsoft.VisualStudio.QualityTools.Tips.UnitTest.ObjectModel, Version=8.0.0.0, Culture=neutral, PublicKeyToken=b03f5f7f11d50a3a"><className type="System.String">BrownShoe.UnitTests.Services.Madison.MadisonWebServiceTest, BrownShoe.UnitTests, Version=1.0.0.0, Culture=neutral, PublicKeyToken=null</className><name type="System.String">GetHomeDeliveryOrderStatusTest</name><expectedExceptionMessage type="System.String" /><isValid type="System.Boolean">False</isValid></testMethod><aspNetDevServers type="System.Collections.Generic.List`1[[Microsoft.VisualStudio.TestTools.Common.AspNetDevelopmentServer, Microsoft.VisualStudio.QualityTools.Common, Version=8.0.0.0, Culture=neutral, PublicKeyToken=b03f5f7f11d50a3a]]"><_size type="System.Int32">0</_size><_version type="System.Int32">0</_version></aspNetDevServers><dataAccessMethod type="Microsoft.VisualStudio.TestTools.UnitTesting.DataAccessMethod, Microsoft.VisualStudio.QualityTools.UnitTestFramework, Version=8.0.0.0, Culture=neutral, PublicKeyToken=b03f5f7f11d50a3a"><value__ type="System.Int32">0</value__></dataAccessMethod><cssProjectStructure type="System.String" /><isRunOnRestart type="System.Boolean">False</isRunOnRestart><timeOut type="System.Int32">0</timeOut><isGroupable type="System.Boolean">True</isGroupable><abortRunOnAgentFailure type="System.Boolean">False</abortRunOnAgentFailure><cssIteration type="System.String" /><workItemIds type="System.Collections.Generic.List`1[[System.Int32, mscorlib, Version=2.0.0.0, Culture=neutral, PublicKeyToken=b77a5c561934e089]]"><_size type="System.Int32">0</_size><_version type="System.Int32">1</_version></workItemIds><id type="Microsoft.VisualStudio.TestTools.Common.TestId"><id type="System.Guid">90589c80-ded3-3c12-572e-28c03b287bfd</id></id><name type="System.String">GetHomeDeliveryOrderStatusTest</name><description type="System.String" /><enabled type="System.Boolean">True</enabled><owner type="System.String" /><priority type="System.Int32">0</priority><executionId type="Microsoft.VisualStudio.TestTools.Common.TestExecId"><id type="System.Guid">00000000-0000-0000-0000-000000000000</id></executionId><parentExecutId type="Microsoft.VisualStudio.TestTools.Common.TestExecId"><id type="System.Guid">00000000-0000-0000-0000-000000000000</id></parentExecutId><deploymentItems type="Microsoft.VisualStudio.TestTools.Common.DeploymentItemCollection" /><agentAttributes type="System.Collections.Specialized.StringDictionary, System, Version=2.0.0.0, Culture=neutral, PublicKeyToken=b77a5c561934e089" /><storage type="System.String">e:\projects\brownshoe\unit_tests\product\src\brownshoe\testing\unittests\bin\brownshoe.unittests.dll</storage><m_nonRunnableReason type="System.String" /></value><key type="Microsoft.VisualStudio.TestTools.Common.TestId"><id type="System.Guid">de4adb9b-7380-e30e-f59b-7cc41aa99e57</id></key><value type="Microsoft.VisualStudio.TestTools.TestTypes.Unit.UnitTestElement, Microsoft.VisualStudio.QualityTools.Tips.UnitTest.ObjectModel, Version=8.0.0.0, Culture=neutral, PublicKeyToken=b03f5f7f11d50a3a"><codeBase type="System.String">e:/projects/brownshoe/unit_tests/product/src/BrownShoe/Testing/UnitTests/bin/BrownShoe.UnitTests.DLL</codeBase><adapterTypeName type="System.String">Microsoft.VisualStudio.TestTools.TestTypes.Unit.UnitTestAdapter, Microsoft.VisualStudio.QualityTools.Tips.UnitTest.Adapter</adapterTypeName><testMethod type="Microsoft.VisualStudio.TestTools.TestTypes.Unit.TestMethod, Microsoft.VisualStudio.QualityTools.Tips.UnitTest.ObjectModel, Version=8.0.0.0, Culture=neutral, PublicKeyToken=b03f5f7f11d50a3a"><className type="System.String">BrownShoe.UnitTests.Services.Orders.BrownOrderServiceTest, BrownShoe.UnitTests, Version=1.0.0.0, Culture=neutral, PublicKeyToken=null</className><name type="System.String">GetBrownBasketTest</name><expectedExceptionMessage type="System.String" /><isValid type="System.Boolean">False</isValid></testMethod><aspNetDevServers type="System.Collections.Generic.List`1[[Microsoft.VisualStudio.TestTools.Common.AspNetDevelopmentServer, Microsoft.VisualStudio.QualityTools.Common, Version=8.0.0.0, Culture=neutral, PublicKeyToken=b03f5f7f11d50a3a]]"><_size type="System.Int32">0</_size><_version type="System.Int32">0</_version></aspNetDevServers><dataAccessMethod type="Microsoft.VisualStudio.TestTools.UnitTesting.DataAccessMethod, Microsoft.VisualStudio.QualityTools.UnitTestFramework, Version=8.0.0.0, Culture=neutral, PublicKeyToken=b03f5f7f11d50a3a"><value__ type="System.Int32">0</value__></dataAccessMethod><cssProjectStructure type="System.String" /><isRunOnRestart type="System.Boolean">False</isRunOnRestart><timeOut type="System.Int32">0</timeOut><isGroupable type="System.Boolean">True</isGroupable><abortRunOnAgentFailure type="System.Boolean">False</abortRunOnAgentFailure><cssIteration type="System.String" /><workItemIds type="System.Collections.Generic.List`1[[System.Int32, mscorlib, Version=2.0.0.0, Culture=neutral, PublicKeyToken=b77a5c561934e089]]"><_size type="System.Int32">0</_size><_version type="System.Int32">1</_version></workItemIds><id type="Microsoft.VisualStudio.TestTools.Common.TestId"><id type="System.Guid">de4adb9b-7380-e30e-f59b-7cc41aa99e57</id></id><name type="System.String">GetBrownBasketTest</name><description type="System.String" /><enabled type="System.Boolean">True</enabled><owner type="System.String" /><priority type="System.Int32">0</priority><executionId type="Microsoft.VisualStudio.TestTools.Common.TestExecId"><id type="System.Guid">00000000-0000-0000-0000-000000000000</id></executionId><parentExecutId type="Microsoft.VisualStudio.TestTools.Common.TestExecId"><id type="System.Guid">00000000-0000-0000-0000-000000000000</id></parentExecutId><deploymentItems type="Microsoft.VisualStudio.TestTools.Common.DeploymentItemCollection" /><agentAttributes type="System.Collections.Specialized.StringDictionary, System, Version=2.0.0.0, Culture=neutral, PublicKeyToken=b77a5c561934e089" /><storage type="System.String">e:\projects\brownshoe\unit_tests\product\src\brownshoe\testing\unittests\bin\brownshoe.unittests.dll</storage><m_nonRunnableReason type="System.String" /></value><key type="Microsoft.VisualStudio.TestTools.Common.TestId"><id type="System.Guid">02218a24-8bc2-ea4d-85e6-8366def54f8f</id></key><value type="Microsoft.VisualStudio.TestTools.TestTypes.Unit.UnitTestElement, Microsoft.VisualStudio.QualityTools.Tips.UnitTest.ObjectModel, Version=8.0.0.0, Culture=neutral, PublicKeyToken=b03f5f7f11d50a3a"><codeBase type="System.String">e:/projects/brownshoe/unit_tests/product/src/BrownShoe/Testing/UnitTests/bin/BrownShoe.UnitTests.DLL</codeBase><adapterTypeName type="System.String">Microsoft.VisualStudio.TestTools.TestTypes.Unit.UnitTestAdapter, Microsoft.VisualStudio.QualityTools.Tips.UnitTest.Adapter</adapterTypeName><testMethod type="Microsoft.VisualStudio.TestTools.TestTypes.Unit.TestMethod, Microsoft.VisualStudio.QualityTools.Tips.UnitTest.ObjectModel, Version=8.0.0.0, Culture=neutral, PublicKeyToken=b03f5f7f11d50a3a"><className type="System.String">BrownShoe.UnitTests.Services.Orders.OrderTracking.SmartPost.SmartPostServiceTest, BrownShoe.UnitTests, Version=1.0.0.0, Culture=neutral, PublicKeyToken=null</className><name type="System.String">MakeRequestTest_GoodXmlRootOnly</name><expectedExceptionMessage type="System.String" /><isValid type="System.Boolean">False</isValid></testMethod><aspNetDevServers type="System.Collections.Generic.List`1[[Microsoft.VisualStudio.TestTools.Common.AspNetDevelopmentServer, Microsoft.VisualStudio.QualityTools.Common, Version=8.0.0.0, Culture=neutral, PublicKeyToken=b03f5f7f11d50a3a]]"><_size type="System.Int32">0</_size><_version type="System.Int32">0</_version></aspNetDevServers><dataAccessMethod type="Microsoft.VisualStudio.TestTools.UnitTesting.DataAccessMethod, Microsoft.VisualStudio.QualityTools.UnitTestFramework, Version=8.0.0.0, Culture=neutral, PublicKeyToken=b03f5f7f11d50a3a"><value__ type="System.Int32">0</value__></dataAccessMethod><cssProjectStructure type="System.String" /><isRunOnRestart type="System.Boolean">False</isRunOnRestart><timeOut type="System.Int32">0</timeOut><isGroupable type="System.Boolean">True</isGroupable><abortRunOnAgentFailure type="System.Boolean">False</abortRunOnAgentFailure><cssIteration type="System.String" /><workItemIds type="System.Collections.Generic.List`1[[System.Int32, mscorlib, Version=2.0.0.0, Culture=neutral, PublicKeyToken=b77a5c561934e089]]"><_size type="System.Int32">0</_size><_version type="System.Int32">1</_version></workItemIds><id type="Microsoft.VisualStudio.TestTools.Common.TestId"><id type="System.Guid">02218a24-8bc2-ea4d-85e6-8366def54f8f</id></id><name type="System.String">MakeRequestTest_GoodXmlRootOnly</name><description type="System.String" /><enabled type="System.Boolean">True</enabled><owner type="System.String" /><priority type="System.Int32">0</priority><executionId type="Microsoft.VisualStudio.TestTools.Common.TestExecId"><id type="System.Guid">00000000-0000-0000-0000-000000000000</id></executionId><parentExecutId type="Microsoft.VisualStudio.TestTools.Common.TestExecId"><id type="System.Guid">00000000-0000-0000-0000-000000000000</id></parentExecutId><deploymentItems type="Microsoft.VisualStudio.TestTools.Common.DeploymentItemCollection" /><agentAttributes type="System.Collections.Specialized.StringDictionary, System, Version=2.0.0.0, Culture=neutral, PublicKeyToken=b77a5c561934e089" /><storage type="System.String">e:\projects\brownshoe\unit_tests\product\src\brownshoe\testing\unittests\bin\brownshoe.unittests.dll</storage><m_nonRunnableReason type="System.String" /></value><key type="Microsoft.VisualStudio.TestTools.Common.TestId"><id type="System.Guid">52bafb84-2280-5590-1471-c9226ba16057</id></key><value type="Microsoft.VisualStudio.TestTools.TestTypes.Unit.UnitTestElement, Microsoft.VisualStudio.QualityTools.Tips.UnitTest.ObjectModel, Version=8.0.0.0, Culture=neutral, PublicKeyToken=b03f5f7f11d50a3a"><codeBase type="System.String">e:/projects/brownshoe/unit_tests/product/src/BrownShoe/Testing/UnitTests/bin/BrownShoe.UnitTests.DLL</codeBase><adapterTypeName type="System.String">Microsoft.VisualStudio.TestTools.TestTypes.Unit.UnitTestAdapter, Microsoft.VisualStudio.QualityTools.Tips.UnitTest.Adapter</adapterTypeName><testMethod type="Microsoft.VisualStudio.TestTools.TestTypes.Unit.TestMethod, Microsoft.VisualStudio.QualityTools.Tips.UnitTest.ObjectModel, Version=8.0.0.0, Culture=neutral, PublicKeyToken=b03f5f7f11d50a3a"><className type="System.String">BrownShoe.UnitTests.Services.ContentManagement.CMTokenServiceTest, BrownShoe.UnitTests, Version=1.0.0.0, Culture=neutral, PublicKeyToken=null</className><name type="System.String">GetCatLinks3Test</name><expectedExceptionMessage type="System.String" /><isValid type="System.Boolean">False</isValid></testMethod><aspNetDevServers type="System.Collections.Generic.List`1[[Microsoft.VisualStudio.TestTools.Common.AspNetDevelopmentServer, Microsoft.VisualStudio.QualityTools.Common, Version=8.0.0.0, Culture=neutral, PublicKeyToken=b03f5f7f11d50a3a]]"><_size type="System.Int32">0</_size><_version type="System.Int32">0</_version></aspNetDevServers><dataAccessMethod type="Microsoft.VisualStudio.TestTools.UnitTesting.DataAccessMethod, Microsoft.VisualStudio.QualityTools.UnitTestFramework, Version=8.0.0.0, Culture=neutral, PublicKeyToken=b03f5f7f11d50a3a"><value__ type="System.Int32">0</value__></dataAccessMethod><cssProjectStructure type="System.String" /><isRunOnRestart type="System.Boolean">False</isRunOnRestart><timeOut type="System.Int32">0</timeOut><isGroupable type="System.Boolean">True</isGroupable><abortRunOnAgentFailure type="System.Boolean">False</abortRunOnAgentFailure><cssIteration type="System.String" /><workItemIds type="System.Collections.Generic.List`1[[System.Int32, mscorlib, Version=2.0.0.0, Culture=neutral, PublicKeyToken=b77a5c561934e089]]"><_size type="System.Int32">0</_size><_version type="System.Int32">1</_version></workItemIds><id type="Microsoft.VisualStudio.TestTools.Common.TestId"><id type="System.Guid">52bafb84-2280-5590-1471-c9226ba16057</id></id><name type="System.String">GetCatLinks3Test</name><description type="System.String" /><enabled type="System.Boolean">True</enabled><owner type="System.String" /><priority type="System.Int32">0</priority><executionId type="Microsoft.VisualStudio.TestTools.Common.TestExecId"><id type="System.Guid">00000000-0000-0000-0000-000000000000</id></executionId><parentExecutId type="Microsoft.VisualStudio.TestTools.Common.TestExecId"><id type="System.Guid">00000000-0000-0000-0000-000000000000</id></parentExecutId><deploymentItems type="Microsoft.VisualStudio.TestTools.Common.DeploymentItemCollection" /><agentAttributes type="System.Collections.Specialized.StringDictionary, System, Version=2.0.0.0, Culture=neutral, PublicKeyToken=b77a5c561934e089" /><storage type="System.String">e:\projects\brownshoe\unit_tests\product\src\brownshoe\testing\unittests\bin\brownshoe.unittests.dll</storage><m_nonRunnableReason type="System.String" /></value><key type="Microsoft.VisualStudio.TestTools.Common.TestId"><id type="System.Guid">46a4c7f0-9a7c-c32a-a9e4-8b23ad3fc62d</id></key><value type="Microsoft.VisualStudio.TestTools.TestTypes.Unit.UnitTestElement, Microsoft.VisualStudio.QualityTools.Tips.UnitTest.ObjectModel, Version=8.0.0.0, Culture=neutral, PublicKeyToken=b03f5f7f11d50a3a"><codeBase type="System.String">e:/projects/brownshoe/unit_tests/product/src/BrownShoe/Testing/UnitTests/bin/BrownShoe.UnitTests.DLL</codeBase><adapterTypeName type="System.String">Microsoft.VisualStudio.TestTools.TestTypes.Unit.UnitTestAdapter, Microsoft.VisualStudio.QualityTools.Tips.UnitTest.Adapter</adapterTypeName><testMethod type="Microsoft.VisualStudio.TestTools.TestTypes.Unit.TestMethod, Microsoft.VisualStudio.QualityTools.Tips.UnitTest.ObjectModel, Version=8.0.0.0, Culture=neutral, PublicKeyToken=b03f5f7f11d50a3a"><className type="System.String">BrownShoe.UnitTests.Services.Inventory.InventoryWSAgent, BrownShoe.UnitTests, Version=1.0.0.0, Culture=neutral, PublicKeyToken=null</className><name type="System.String">ReserveInventoryTest</name><expectedExceptionMessage type="System.String" /><isValid type="System.Boolean">False</isValid></testMethod><aspNetDevServers type="System.Collections.Generic.List`1[[Microsoft.VisualStudio.TestTools.Common.AspNetDevelopmentServer, Microsoft.VisualStudio.QualityTools.Common, Version=8.0.0.0, Culture=neutral, PublicKeyToken=b03f5f7f11d50a3a]]"><_size type="System.Int32">0</_size><_version type="System.Int32">0</_version></aspNetDevServers><dataAccessMethod type="Microsoft.VisualStudio.TestTools.UnitTesting.DataAccessMethod, Microsoft.VisualStudio.QualityTools.UnitTestFramework, Version=8.0.0.0, Culture=neutral, PublicKeyToken=b03f5f7f11d50a3a"><value__ type="System.Int32">0</value__></dataAccessMethod><cssProjectStructure type="System.String" /><isRunOnRestart type="System.Boolean">False</isRunOnRestart><timeOut type="System.Int32">0</timeOut><isGroupable type="System.Boolean">True</isGroupable><abortRunOnAgentFailure type="System.Boolean">False</abortRunOnAgentFailure><cssIteration type="System.String" /><workItemIds type="System.Collections.Generic.List`1[[System.Int32, mscorlib, Version=2.0.0.0, Culture=neutral, PublicKeyToken=b77a5c561934e089]]"><_size type="System.Int32">0</_size><_version type="System.Int32">1</_version></workItemIds><id type="Microsoft.VisualStudio.TestTools.Common.TestId"><id type="System.Guid">46a4c7f0-9a7c-c32a-a9e4-8b23ad3fc62d</id></id><name type="System.String">ReserveInventoryTest</name><description type="System.String" /><enabled type="System.Boolean">True</enabled><owner type="System.String" /><priority type="System.Int32">0</priority><executionId type="Microsoft.VisualStudio.TestTools.Common.TestExecId"><id type="System.Guid">00000000-0000-0000-0000-000000000000</id></executionId><parentExecutId type="Microsoft.VisualStudio.TestTools.Common.TestExecId"><id type="System.Guid">00000000-0000-0000-0000-000000000000</id></parentExecutId><deploymentItems type="Microsoft.VisualStudio.TestTools.Common.DeploymentItemCollection" /><agentAttributes type="System.Collections.Specialized.StringDictionary, System, Version=2.0.0.0, Culture=neutral, PublicKeyToken=b77a5c561934e089" /><storage type="System.String">e:\projects\brownshoe\unit_tests\product\src\brownshoe\testing\unittests\bin\brownshoe.unittests.dll</storage><m_nonRunnableReason type="System.String" /></value><key type="Microsoft.VisualStudio.TestTools.Common.TestId"><id type="System.Guid">587b87e5-013a-0507-8a80-f9d738119cca</id></key><value type="Microsoft.VisualStudio.TestTools.TestTypes.Unit.UnitTestElement, Microsoft.VisualStudio.QualityTools.Tips.UnitTest.ObjectModel, Version=8.0.0.0, Culture=neutral, PublicKeyToken=b03f5f7f11d50a3a"><codeBase type="System.String">e:/projects/brownshoe/unit_tests/product/src/BrownShoe/Testing/UnitTests/bin/BrownShoe.UnitTests.DLL</codeBase><adapterTypeName type="System.String">Microsoft.VisualStudio.TestTools.TestTypes.Unit.UnitTestAdapter, Microsoft.VisualStudio.QualityTools.Tips.UnitTest.Adapter</adapterTypeName><testMethod type="Microsoft.VisualStudio.TestTools.TestTypes.Unit.TestMethod, Microsoft.VisualStudio.QualityTools.Tips.UnitTest.ObjectModel, Version=8.0.0.0, Culture=neutral, PublicKeyToken=b03f5f7f11d50a3a"><className type="System.String">BrownShoe.UnitTests.Services.Orders.CustomerOrderServiceTest, BrownShoe.UnitTests, Version=1.0.0.0, Culture=neutral, PublicKeyToken=null</className><name type="System.String">InsertReturnTest</name><expectedExceptionMessage type="System.String" /><isValid type="System.Boolean">False</isValid></testMethod><aspNetDevServers type="System.Collections.Generic.List`1[[Microsoft.VisualStudio.TestTools.Common.AspNetDevelopmentServer, Microsoft.VisualStudio.QualityTools.Common, Version=8.0.0.0, Culture=neutral, PublicKeyToken=b03f5f7f11d50a3a]]"><_size type="System.Int32">0</_size><_version type="System.Int32">0</_version></aspNetDevServers><dataAccessMethod type="Microsoft.VisualStudio.TestTools.UnitTesting.DataAccessMethod, Microsoft.VisualStudio.QualityTools.UnitTestFramework, Version=8.0.0.0, Culture=neutral, PublicKeyToken=b03f5f7f11d50a3a"><value__ type="System.Int32">0</value__></dataAccessMethod><cssProjectStructure type="System.String" /><isRunOnRestart type="System.Boolean">False</isRunOnRestart><timeOut type="System.Int32">0</timeOut><isGroupable type="System.Boolean">True</isGroupable><abortRunOnAgentFailure type="System.Boolean">False</abortRunOnAgentFailure><cssIteration type="System.String" /><workItemIds type="System.Collections.Generic.List`1[[System.Int32, mscorlib, Version=2.0.0.0, Culture=neutral, PublicKeyToken=b77a5c561934e089]]"><_size type="System.Int32">0</_size><_version type="System.Int32">1</_version></workItemIds><id type="Microsoft.VisualStudio.TestTools.Common.TestId"><id type="System.Guid">587b87e5-013a-0507-8a80-f9d738119cca</id></id><name type="System.String">InsertReturnTest</name><description type="System.String" /><enabled type="System.Boolean">True</enabled><owner type="System.String" /><priority type="System.Int32">0</priority><executionId type="Microsoft.VisualStudio.TestTools.Common.TestExecId"><id type="System.Guid">00000000-0000-0000-0000-000000000000</id></executionId><parentExecutId type="Microsoft.VisualStudio.TestTools.Common.TestExecId"><id type="System.Guid">00000000-0000-0000-0000-000000000000</id></parentExecutId><deploymentItems type="Microsoft.VisualStudio.TestTools.Common.DeploymentItemCollection" /><agentAttributes type="System.Collections.Specialized.StringDictionary, System, Version=2.0.0.0, Culture=neutral, PublicKeyToken=b77a5c561934e089" /><storage type="System.String">e:\projects\brownshoe\unit_tests\product\src\brownshoe\testing\unittests\bin\brownshoe.unittests.dll</storage><m_nonRunnableReason type="System.String" /></value><key type="Microsoft.VisualStudio.TestTools.Common.TestId"><id type="System.Guid">535d8bab-9062-db38-0853-0b9d25d54867</id></key><value type="Microsoft.VisualStudio.TestTools.TestTypes.Unit.UnitTestElement, Microsoft.VisualStudio.QualityTools.Tips.UnitTest.ObjectModel, Version=8.0.0.0, Culture=neutral, PublicKeyToken=b03f5f7f11d50a3a"><codeBase type="System.String">e:/projects/brownshoe/unit_tests/product/src/BrownShoe/Testing/UnitTests/bin/BrownShoe.UnitTests.DLL</codeBase><adapterTypeName type="System.String">Microsoft.VisualStudio.TestTools.TestTypes.Unit.UnitTestAdapter, Microsoft.VisualStudio.QualityTools.Tips.UnitTest.Adapter</adapterTypeName><testMethod type="Microsoft.VisualStudio.TestTools.TestTypes.Unit.TestMethod, Microsoft.VisualStudio.QualityTools.Tips.UnitTest.ObjectModel, Version=8.0.0.0, Culture=neutral, PublicKeyToken=b03f5f7f11d50a3a"><className type="System.String">BrownShoe.UnitTests.Services.Catalog.CatalogBrowserTest, BrownShoe.UnitTests, Version=1.0.0.0, Culture=neutral, PublicKeyToken=null</className><name type="System.String">GetProductTest</name><expectedExceptionMessage type="System.String" /><isValid type="System.Boolean">False</isValid></testMethod><aspNetDevServers type="System.Collections.Generic.List`1[[Microsoft.VisualStudio.TestTools.Common.AspNetDevelopmentServer, Microsoft.VisualStudio.QualityTools.Common, Version=8.0.0.0, Culture=neutral, PublicKeyToken=b03f5f7f11d50a3a]]"><_size type="System.Int32">0</_size><_version type="System.Int32">0</_version></aspNetDevServers><dataAccessMethod type="Microsoft.VisualStudio.TestTools.UnitTesting.DataAccessMethod, Microsoft.VisualStudio.QualityTools.UnitTestFramework, Version=8.0.0.0, Culture=neutral, PublicKeyToken=b03f5f7f11d50a3a"><value__ type="System.Int32">0</value__></dataAccessMethod><cssProjectStructure type="System.String" /><isRunOnRestart type="System.Boolean">False</isRunOnRestart><timeOut type="System.Int32">0</timeOut><isGroupable type="System.Boolean">True</isGroupable><abortRunOnAgentFailure type="System.Boolean">False</abortRunOnAgentFailure><cssIteration type="System.String" /><workItemIds type="System.Collections.Generic.List`1[[System.Int32, mscorlib, Version=2.0.0.0, Culture=neutral, PublicKeyToken=b77a5c561934e089]]"><_size type="System.Int32">0</_size><_version type="System.Int32">1</_version></workItemIds><id type="Microsoft.VisualStudio.TestTools.Common.TestId"><id type="System.Guid">535d8bab-9062-db38-0853-0b9d25d54867</id></id><name type="System.String">GetProductTest</name><description type="System.String" /><enabled type="System.Boolean">True</enabled><owner type="System.String" /><priority type="System.Int32">0</priority><executionId type="Microsoft.VisualStudio.TestTools.Common.TestExecId"><id type="System.Guid">00000000-0000-0000-0000-000000000000</id></executionId><parentExecutId type="Microsoft.VisualStudio.TestTools.Common.TestExecId"><id type="System.Guid">00000000-0000-0000-0000-000000000000</id></parentExecutId><deploymentItems type="Microsoft.VisualStudio.TestTools.Common.DeploymentItemCollection" /><agentAttributes type="System.Collections.Specialized.StringDictionary, System, Version=2.0.0.0, Culture=neutral, PublicKeyToken=b77a5c561934e089" /><storage type="System.String">e:\projects\brownshoe\unit_tests\product\src\brownshoe\testing\unittests\bin\brownshoe.unittests.dll</storage><m_nonRunnableReason type="System.String" /></value><key type="Microsoft.VisualStudio.TestTools.Common.TestId"><id type="System.Guid">d42364c4-64f4-829f-b4a7-282a10f73699</id></key><value type="Microsoft.VisualStudio.TestTools.TestTypes.Unit.UnitTestElement, Microsoft.VisualStudio.QualityTools.Tips.UnitTest.ObjectModel, Version=8.0.0.0, Culture=neutral, PublicKeyToken=b03f5f7f11d50a3a"><codeBase type="System.String">e:/projects/brownshoe/unit_tests/product/src/BrownShoe/Testing/UnitTests/bin/BrownShoe.UnitTests.DLL</codeBase><adapterTypeName type="System.String">Microsoft.VisualStudio.TestTools.TestTypes.Unit.UnitTestAdapter, Microsoft.VisualStudio.QualityTools.Tips.UnitTest.Adapter</adapterTypeName><testMethod type="Microsoft.VisualStudio.TestTools.TestTypes.Unit.TestMethod, Microsoft.VisualStudio.QualityTools.Tips.UnitTest.ObjectModel, Version=8.0.0.0, Culture=neutral, PublicKeyToken=b03f5f7f11d50a3a"><className type="System.String">BrownShoe.UnitTests.Services.Subscriptions.SubscriptionServiceTest, BrownShoe.UnitTests, Version=1.0.0.0, Culture=neutral, PublicKeyToken=null</className><name type="System.String">SubscribeToCatalogTest</name><expectedExceptionMessage type="System.String" /><isValid type="System.Boolean">False</isValid></testMethod><aspNetDevServers type="System.Collections.Generic.List`1[[Microsoft.VisualStudio.TestTools.Common.AspNetDevelopmentServer, Microsoft.VisualStudio.QualityTools.Common, Version=8.0.0.0, Culture=neutral, PublicKeyToken=b03f5f7f11d50a3a]]"><_size type="System.Int32">0</_size><_version type="System.Int32">0</_version></aspNetDevServers><dataAccessMethod type="Microsoft.VisualStudio.TestTools.UnitTesting.DataAccessMethod, Microsoft.VisualStudio.QualityTools.UnitTestFramework, Version=8.0.0.0, Culture=neutral, PublicKeyToken=b03f5f7f11d50a3a"><value__ type="System.Int32">0</value__></dataAccessMethod><cssProjectStructure type="System.String" /><isRunOnRestart type="System.Boolean">False</isRunOnRestart><timeOut type="System.Int32">0</timeOut><isGroupable type="System.Boolean">True</isGroupable><abortRunOnAgentFailure type="System.Boolean">False</abortRunOnAgentFailure><cssIteration type="System.String" /><workItemIds type="System.Collections.Generic.List`1[[System.Int32, mscorlib, Version=2.0.0.0, Culture=neutral, PublicKeyToken=b77a5c561934e089]]"><_size type="System.Int32">0</_size><_version type="System.Int32">1</_version></workItemIds><id type="Microsoft.VisualStudio.TestTools.Common.TestId"><id type="System.Guid">d42364c4-64f4-829f-b4a7-282a10f73699</id></id><name type="System.String">SubscribeToCatalogTest</name><description type="System.String" /><enabled type="System.Boolean">True</enabled><owner type="System.String" /><priority type="System.Int32">0</priority><executionId type="Microsoft.VisualStudio.TestTools.Common.TestExecId"><id type="System.Guid">00000000-0000-0000-0000-000000000000</id></executionId><parentExecutId type="Microsoft.VisualStudio.TestTools.Common.TestExecId"><id type="System.Guid">00000000-0000-0000-0000-000000000000</id></parentExecutId><deploymentItems type="Microsoft.VisualStudio.TestTools.Common.DeploymentItemCollection" /><agentAttributes type="System.Collections.Specialized.StringDictionary, System, Version=2.0.0.0, Culture=neutral, PublicKeyToken=b77a5c561934e089" /><storage type="System.String">e:\projects\brownshoe\unit_tests\product\src\brownshoe\testing\unittests\bin\brownshoe.unittests.dll</storage><m_nonRunnableReason type="System.String" /></value><key type="Microsoft.VisualStudio.TestTools.Common.TestId"><id type="System.Guid">54c4af31-5aa7-98cd-a7df-26f5a245a6d4</id></key><value type="Microsoft.VisualStudio.TestTools.TestTypes.Unit.UnitTestElement, Microsoft.VisualStudio.QualityTools.Tips.UnitTest.ObjectModel, Version=8.0.0.0, Culture=neutral, PublicKeyToken=b03f5f7f11d50a3a"><codeBase type="System.String">e:/projects/brownshoe/unit_tests/product/src/BrownShoe/Testing/UnitTests/bin/BrownShoe.UnitTests.DLL</codeBase><adapterTypeName type="System.String">Microsoft.VisualStudio.TestTools.TestTypes.Unit.UnitTestAdapter, Microsoft.VisualStudio.QualityTools.Tips.UnitTest.Adapter</adapterTypeName><testMethod type="Microsoft.VisualStudio.TestTools.TestTypes.Unit.TestMethod, Microsoft.VisualStudio.QualityTools.Tips.UnitTest.ObjectModel, Version=8.0.0.0, Culture=neutral, PublicKeyToken=b03f5f7f11d50a3a"><className type="System.String">BrownShoe.UnitTests.Services.DataAccess.SysMonDBTest, BrownShoe.UnitTests, Version=1.0.0.0, Culture=neutral, PublicKeyToken=null</className><name type="System.String">Test_EmailAgent1Test</name><expectedExceptionMessage type="System.String" /><isValid type="System.Boolean">False</isValid></testMethod><aspNetDevServers type="System.Collections.Generic.List`1[[Microsoft.VisualStudio.TestTools.Common.AspNetDevelopmentServer, Microsoft.VisualStudio.QualityTools.Common, Version=8.0.0.0, Culture=neutral, PublicKeyToken=b03f5f7f11d50a3a]]"><_size type="System.Int32">0</_size><_version type="System.Int32">0</_version></aspNetDevServers><dataAccessMethod type="Microsoft.VisualStudio.TestTools.UnitTesting.DataAccessMethod, Microsoft.VisualStudio.QualityTools.UnitTestFramework, Version=8.0.0.0, Culture=neutral, PublicKeyToken=b03f5f7f11d50a3a"><value__ type="System.Int32">0</value__></dataAccessMethod><cssProjectStructure type="System.String" /><isRunOnRestart type="System.Boolean">False</isRunOnRestart><timeOut type="System.Int32">0</timeOut><isGroupable type="System.Boolean">True</isGroupable><abortRunOnAgentFailure type="System.Boolean">False</abortRunOnAgentFailure><cssIteration type="System.String" /><workItemIds type="System.Collections.Generic.List`1[[System.Int32, mscorlib, Version=2.0.0.0, Culture=neutral, PublicKeyToken=b77a5c561934e089]]"><_size type="System.Int32">0</_size><_version type="System.Int32">1</_version></workItemIds><id type="Microsoft.VisualStudio.TestTools.Common.TestId"><id type="System.Guid">54c4af31-5aa7-98cd-a7df-26f5a245a6d4</id></id><name type="System.String">Test_EmailAgent1Test</name><description type="System.String" /><enabled type="System.Boolean">True</enabled><owner type="System.String" /><priority type="System.Int32">0</priority><executionId type="Microsoft.VisualStudio.TestTools.Common.TestExecId"><id type="System.Guid">00000000-0000-0000-0000-000000000000</id></executionId><parentExecutId type="Microsoft.VisualStudio.TestTools.Common.TestExecId"><id type="System.Guid">00000000-0000-0000-0000-000000000000</id></parentExecutId><deploymentItems type="Microsoft.VisualStudio.TestTools.Common.DeploymentItemCollection" /><agentAttributes type="System.Collections.Specialized.StringDictionary, System, Version=2.0.0.0, Culture=neutral, PublicKeyToken=b77a5c561934e089" /><storage type="System.String">e:\projects\brownshoe\unit_tests\product\src\brownshoe\testing\unittests\bin\brownshoe.unittests.dll</storage><m_nonRunnableReason type="System.String" /></value><key type="Microsoft.VisualStudio.TestTools.Common.TestId"><id type="System.Guid">4f376451-5eb1-78c2-ead9-ad84302f49e9</id></key><value type="Microsoft.VisualStudio.TestTools.TestTypes.Unit.UnitTestElement, Microsoft.VisualStudio.QualityTools.Tips.UnitTest.ObjectModel, Version=8.0.0.0, Culture=neutral, PublicKeyToken=b03f5f7f11d50a3a"><codeBase type="System.String">e:/projects/brownshoe/unit_tests/product/src/BrownShoe/Testing/UnitTests/bin/BrownShoe.UnitTests.DLL</codeBase><adapterTypeName type="System.String">Microsoft.VisualStudio.TestTools.TestTypes.Unit.UnitTestAdapter, Microsoft.VisualStudio.QualityTools.Tips.UnitTest.Adapter</adapterTypeName><testMethod type="Microsoft.VisualStudio.TestTools.TestTypes.Unit.TestMethod, Microsoft.VisualStudio.QualityTools.Tips.UnitTest.ObjectModel, Version=8.0.0.0, Culture=neutral, PublicKeyToken=b03f5f7f11d50a3a"><className type="System.String">BrownShoe.UnitTests.Services.Frauds.FraudDetectionServiceTest, BrownShoe.UnitTests, Version=1.0.0.0, Culture=neutral, PublicKeyToken=null</className><name type="System.String">GetFraudAnalysisTest</name><expectedExceptionMessage type="System.String" /><isValid type="System.Boolean">False</isValid></testMethod><aspNetDevServers type="System.Collections.Generic.List`1[[Microsoft.VisualStudio.TestTools.Common.AspNetDevelopmentServer, Microsoft.VisualStudio.QualityTools.Common, Version=8.0.0.0, Culture=neutral, PublicKeyToken=b03f5f7f11d50a3a]]"><_size type="System.Int32">0</_size><_version type="System.Int32">0</_version></aspNetDevServers><dataAccessMethod type="Microsoft.VisualStudio.TestTools.UnitTesting.DataAccessMethod, Microsoft.VisualStudio.QualityTools.UnitTestFramework, Version=8.0.0.0, Culture=neutral, PublicKeyToken=b03f5f7f11d50a3a"><value__ type="System.Int32">0</value__></dataAccessMethod><cssProjectStructure type="System.String" /><isRunOnRestart type="System.Boolean">False</isRunOnRestart><timeOut type="System.Int32">0</timeOut><isGroupable type="System.Boolean">True</isGroupable><abortRunOnAgentFailure type="System.Boolean">False</abortRunOnAgentFailure><cssIteration type="System.String" /><workItemIds type="System.Collections.Generic.List`1[[System.Int32, mscorlib, Version=2.0.0.0, Culture=neutral, PublicKeyToken=b77a5c561934e089]]"><_size type="System.Int32">0</_size><_version type="System.Int32">1</_version></workItemIds><id type="Microsoft.VisualStudio.TestTools.Common.TestId"><id type="System.Guid">4f376451-5eb1-78c2-ead9-ad84302f49e9</id></id><name type="System.String">GetFraudAnalysisTest</name><description type="System.String" /><enabled type="System.Boolean">True</enabled><owner type="System.String" /><priority type="System.Int32">0</priority><executionId type="Microsoft.VisualStudio.TestTools.Common.TestExecId"><id type="System.Guid">00000000-0000-0000-0000-000000000000</id></executionId><parentExecutId type="Microsoft.VisualStudio.TestTools.Common.TestExecId"><id type="System.Guid">00000000-0000-0000-0000-000000000000</id></parentExecutId><deploymentItems type="Microsoft.VisualStudio.TestTools.Common.DeploymentItemCollection" /><agentAttributes type="System.Collections.Specialized.StringDictionary, System, Version=2.0.0.0, Culture=neutral, PublicKeyToken=b77a5c561934e089" /><storage type="System.String">e:\projects\brownshoe\unit_tests\product\src\brownshoe\testing\unittests\bin\brownshoe.unittests.dll</storage><m_nonRunnableReason type="System.String" /></value><key type="Microsoft.VisualStudio.TestTools.Common.TestId"><id type="System.Guid">5a14d5e3-44ec-7592-b739-f97bd65ab9a1</id></key><value type="Microsoft.VisualStudio.TestTools.TestTypes.Unit.UnitTestElement, Microsoft.VisualStudio.QualityTools.Tips.UnitTest.ObjectModel, Version=8.0.0.0, Culture=neutral, PublicKeyToken=b03f5f7f11d50a3a"><codeBase type="System.String">e:/projects/brownshoe/unit_tests/product/src/BrownShoe/Testing/UnitTests/bin/BrownShoe.UnitTests.DLL</codeBase><adapterTypeName type="System.String">Microsoft.VisualStudio.TestTools.TestTypes.Unit.UnitTestAdapter, Microsoft.VisualStudio.QualityTools.Tips.UnitTest.Adapter</adapterTypeName><testMethod type="Microsoft.VisualStudio.TestTools.TestTypes.Unit.TestMethod, Microsoft.VisualStudio.QualityTools.Tips.UnitTest.ObjectModel, Version=8.0.0.0, Culture=neutral, PublicKeyToken=b03f5f7f11d50a3a"><className type="System.String">BrownShoe.UnitTests.Services.Madison.MadisonWebServiceTest, BrownShoe.UnitTests, Version=1.0.0.0, Culture=neutral, PublicKeyToken=null</className><name type="System.String">AddRewardsTransactionTestFailure</name><expectedExceptionMessage type="System.String" /><isValid type="System.Boolean">False</isValid></testMethod><aspNetDevServers type="System.Collections.Generic.List`1[[Microsoft.VisualStudio.TestTools.Common.AspNetDevelopmentServer, Microsoft.VisualStudio.QualityTools.Common, Version=8.0.0.0, Culture=neutral, PublicKeyToken=b03f5f7f11d50a3a]]"><_size type="System.Int32">0</_size><_version type="System.Int32">0</_version></aspNetDevServers><dataAccessMethod type="Microsoft.VisualStudio.TestTools.UnitTesting.DataAccessMethod, Microsoft.VisualStudio.QualityTools.UnitTestFramework, Version=8.0.0.0, Culture=neutral, PublicKeyToken=b03f5f7f11d50a3a"><value__ type="System.Int32">0</value__></dataAccessMethod><cssProjectStructure type="System.String" /><isRunOnRestart type="System.Boolean">False</isRunOnRestart><timeOut type="System.Int32">0</timeOut><isGroupable type="System.Boolean">True</isGroupable><abortRunOnAgentFailure type="System.Boolean">False</abortRunOnAgentFailure><cssIteration type="System.String" /><workItemIds type="System.Collections.Generic.List`1[[System.Int32, mscorlib, Version=2.0.0.0, Culture=neutral, PublicKeyToken=b77a5c561934e089]]"><_size type="System.Int32">0</_size><_version type="System.Int32">1</_version></workItemIds><id type="Microsoft.VisualStudio.TestTools.Common.TestId"><id type="System.Guid">5a14d5e3-44ec-7592-b739-f97bd65ab9a1</id></id><name type="System.String">AddRewardsTransactionTestFailure</name><description type="System.String" /><enabled type="System.Boolean">True</enabled><owner type="System.String" /><priority type="System.Int32">0</priority><executionId type="Microsoft.VisualStudio.TestTools.Common.TestExecId"><id type="System.Guid">00000000-0000-0000-0000-000000000000</id></executionId><parentExecutId type="Microsoft.VisualStudio.TestTools.Common.TestExecId"><id type="System.Guid">00000000-0000-0000-0000-000000000000</id></parentExecutId><deploymentItems type="Microsoft.VisualStudio.TestTools.Common.DeploymentItemCollection" /><agentAttributes type="System.Collections.Specialized.StringDictionary, System, Version=2.0.0.0, Culture=neutral, PublicKeyToken=b77a5c561934e089" /><storage type="System.String">e:\projects\brownshoe\unit_tests\product\src\brownshoe\testing\unittests\bin\brownshoe.unittests.dll</storage><m_nonRunnableReason type="System.String" /></value><key type="Microsoft.VisualStudio.TestTools.Common.TestId"><id type="System.Guid">9c088b27-df69-af73-0530-a9a70e94ecb3</id></key><value type="Microsoft.VisualStudio.TestTools.TestTypes.Unit.UnitTestElement, Microsoft.VisualStudio.QualityTools.Tips.UnitTest.ObjectModel, Version=8.0.0.0, Culture=neutral, PublicKeyToken=b03f5f7f11d50a3a"><codeBase type="System.String">e:/projects/brownshoe/unit_tests/product/src/BrownShoe/Testing/UnitTests/bin/BrownShoe.UnitTests.DLL</codeBase><adapterTypeName type="System.String">Microsoft.VisualStudio.TestTools.TestTypes.Unit.UnitTestAdapter, Microsoft.VisualStudio.QualityTools.Tips.UnitTest.Adapter</adapterTypeName><testMethod type="Microsoft.VisualStudio.TestTools.TestTypes.Unit.TestMethod, Microsoft.VisualStudio.QualityTools.Tips.UnitTest.ObjectModel, Version=8.0.0.0, Culture=neutral, PublicKeyToken=b03f5f7f11d50a3a"><className type="System.String">BrownShoe.UnitTests.Services.Madison.MadisonWebServiceTest, BrownShoe.UnitTests, Version=1.0.0.0, Culture=neutral, PublicKeyToken=null</className><name type="System.String">GiftCardBalanceCheckTestFailure</name><expectedExceptionMessage type="System.String" /><isValid type="System.Boolean">False</isValid></testMethod><aspNetDevServers type="System.Collections.Generic.List`1[[Microsoft.VisualStudio.TestTools.Common.AspNetDevelopmentServer, Microsoft.VisualStudio.QualityTools.Common, Version=8.0.0.0, Culture=neutral, PublicKeyToken=b03f5f7f11d50a3a]]"><_size type="System.Int32">0</_size><_version type="System.Int32">0</_version></aspNetDevServers><dataAccessMethod type="Microsoft.VisualStudio.TestTools.UnitTesting.DataAccessMethod, Microsoft.VisualStudio.QualityTools.UnitTestFramework, Version=8.0.0.0, Culture=neutral, PublicKeyToken=b03f5f7f11d50a3a"><value__ type="System.Int32">0</value__></dataAccessMethod><cssProjectStructure type="System.String" /><isRunOnRestart type="System.Boolean">False</isRunOnRestart><timeOut type="System.Int32">0</timeOut><isGroupable type="System.Boolean">True</isGroupable><abortRunOnAgentFailure type="System.Boolean">False</abortRunOnAgentFailure><cssIteration type="System.String" /><workItemIds type="System.Collections.Generic.List`1[[System.Int32, mscorlib, Version=2.0.0.0, Culture=neutral, PublicKeyToken=b77a5c561934e089]]"><_size type="System.Int32">0</_size><_version type="System.Int32">1</_version></workItemIds><id type="Microsoft.VisualStudio.TestTools.Common.TestId"><id type="System.Guid">9c088b27-df69-af73-0530-a9a70e94ecb3</id></id><name type="System.String">GiftCardBalanceCheckTestFailure</name><description type="System.String" /><enabled type="System.Boolean">True</enabled><owner type="System.String" /><priority type="System.Int32">0</priority><executionId type="Microsoft.VisualStudio.TestTools.Common.TestExecId"><id type="System.Guid">00000000-0000-0000-0000-000000000000</id></executionId><parentExecutId type="Microsoft.VisualStudio.TestTools.Common.TestExecId"><id type="System.Guid">00000000-0000-0000-0000-000000000000</id></parentExecutId><deploymentItems type="Microsoft.VisualStudio.TestTools.Common.DeploymentItemCollection" /><agentAttributes type="System.Collections.Specialized.StringDictionary, System, Version=2.0.0.0, Culture=neutral, PublicKeyToken=b77a5c561934e089" /><storage type="System.String">e:\projects\brownshoe\unit_tests\product\src\brownshoe\testing\unittests\bin\brownshoe.unittests.dll</storage><m_nonRunnableReason type="System.String" /></value><key type="Microsoft.VisualStudio.TestTools.Common.TestId"><id type="System.Guid">30c45e4b-51ff-e0fc-4aca-6de014e5caf5</id></key><value type="Microsoft.VisualStudio.TestTools.TestTypes.Unit.UnitTestElement, Microsoft.VisualStudio.QualityTools.Tips.UnitTest.ObjectModel, Version=8.0.0.0, Culture=neutral, PublicKeyToken=b03f5f7f11d50a3a"><codeBase type="System.String">e:/projects/brownshoe/unit_tests/product/src/BrownShoe/Testing/UnitTests/bin/BrownShoe.UnitTests.DLL</codeBase><adapterTypeName type="System.String">Microsoft.VisualStudio.TestTools.TestTypes.Unit.UnitTestAdapter, Microsoft.VisualStudio.QualityTools.Tips.UnitTest.Adapter</adapterTypeName><testMethod type="Microsoft.VisualStudio.TestTools.TestTypes.Unit.TestMethod, Microsoft.VisualStudio.QualityTools.Tips.UnitTest.ObjectModel, Version=8.0.0.0, Culture=neutral, PublicKeyToken=b03f5f7f11d50a3a"><className type="System.String">BrownShoe.UnitTests.Services.Orders.CustomerOrderServiceTest, BrownShoe.UnitTests, Version=1.0.0.0, Culture=neutral, PublicKeyToken=null</className><name type="System.String">ListReturnReasonsTest</name><expectedExceptionMessage type="System.String" /><isValid type="System.Boolean">False</isValid></testMethod><aspNetDevServers type="System.Collections.Generic.List`1[[Microsoft.VisualStudio.TestTools.Common.AspNetDevelopmentServer, Microsoft.VisualStudio.QualityTools.Common, Version=8.0.0.0, Culture=neutral, PublicKeyToken=b03f5f7f11d50a3a]]"><_size type="System.Int32">0</_size><_version type="System.Int32">0</_version></aspNetDevServers><dataAccessMethod type="Microsoft.VisualStudio.TestTools.UnitTesting.DataAccessMethod, Microsoft.VisualStudio.QualityTools.UnitTestFramework, Version=8.0.0.0, Culture=neutral, PublicKeyToken=b03f5f7f11d50a3a"><value__ type="System.Int32">0</value__></dataAccessMethod><cssProjectStructure type="System.String" /><isRunOnRestart type="System.Boolean">False</isRunOnRestart><timeOut type="System.Int32">0</timeOut><isGroupable type="System.Boolean">True</isGroupable><abortRunOnAgentFailure type="System.Boolean">False</abortRunOnAgentFailure><cssIteration type="System.String" /><workItemIds type="System.Collections.Generic.List`1[[System.Int32, mscorlib, Version=2.0.0.0, Culture=neutral, PublicKeyToken=b77a5c561934e089]]"><_size type="System.Int32">0</_size><_version type="System.Int32">1</_version></workItemIds><id type="Microsoft.VisualStudio.TestTools.Common.TestId"><id type="System.Guid">30c45e4b-51ff-e0fc-4aca-6de014e5caf5</id></id><name type="System.String">ListReturnReasonsTest</name><description type="System.String" /><enabled type="System.Boolean">True</enabled><owner type="System.String" /><priority type="System.Int32">0</priority><executionId type="Microsoft.VisualStudio.TestTools.Common.TestExecId"><id type="System.Guid">00000000-0000-0000-0000-000000000000</id></executionId><parentExecutId type="Microsoft.VisualStudio.TestTools.Common.TestExecId"><id type="System.Guid">00000000-0000-0000-0000-000000000000</id></parentExecutId><deploymentItems type="Microsoft.VisualStudio.TestTools.Common.DeploymentItemCollection" /><agentAttributes type="System.Collections.Specialized.StringDictionary, System, Version=2.0.0.0, Culture=neutral, PublicKeyToken=b77a5c561934e089" /><storage type="System.String">e:\projects\brownshoe\unit_tests\product\src\brownshoe\testing\unittests\bin\brownshoe.unittests.dll</storage><m_nonRunnableReason type="System.String" /></value><key type="Microsoft.VisualStudio.TestTools.Common.TestId"><id type="System.Guid">699b971e-861b-dd5d-8464-d7cbe7955470</id></key><value type="Microsoft.VisualStudio.TestTools.TestTypes.Unit.UnitTestElement, Microsoft.VisualStudio.QualityTools.Tips.UnitTest.ObjectModel, Version=8.0.0.0, Culture=neutral, PublicKeyToken=b03f5f7f11d50a3a"><codeBase type="System.String">e:/projects/brownshoe/unit_tests/product/src/BrownShoe/Testing/UnitTests/bin/BrownShoe.UnitTests.DLL</codeBase><adapterTypeName type="System.String">Microsoft.VisualStudio.TestTools.TestTypes.Unit.UnitTestAdapter, Microsoft.VisualStudio.QualityTools.Tips.UnitTest.Adapter</adapterTypeName><testMethod type="Microsoft.VisualStudio.TestTools.TestTypes.Unit.TestMethod, Microsoft.VisualStudio.QualityTools.Tips.UnitTest.ObjectModel, Version=8.0.0.0, Culture=neutral, PublicKeyToken=b03f5f7f11d50a3a"><className type="System.String">BrownShoe.UnitTests.Services.Profiles.CustomerServiceTest, BrownShoe.UnitTests, Version=1.0.0.0, Culture=neutral, PublicKeyToken=null</className><name type="System.String">ReadFromSiteEmailTest</name><expectedExceptionMessage type="System.String" /><isValid type="System.Boolean">False</isValid></testMethod><aspNetDevServers type="System.Collections.Generic.List`1[[Microsoft.VisualStudio.TestTools.Common.AspNetDevelopmentServer, Microsoft.VisualStudio.QualityTools.Common, Version=8.0.0.0, Culture=neutral, PublicKeyToken=b03f5f7f11d50a3a]]"><_size type="System.Int32">0</_size><_version type="System.Int32">0</_version></aspNetDevServers><dataAccessMethod type="Microsoft.VisualStudio.TestTools.UnitTesting.DataAccessMethod, Microsoft.VisualStudio.QualityTools.UnitTestFramework, Version=8.0.0.0, Culture=neutral, PublicKeyToken=b03f5f7f11d50a3a"><value__ type="System.Int32">0</value__></dataAccessMethod><cssProjectStructure type="System.String" /><isRunOnRestart type="System.Boolean">False</isRunOnRestart><timeOut type="System.Int32">0</timeOut><isGroupable type="System.Boolean">True</isGroupable><abortRunOnAgentFailure type="System.Boolean">False</abortRunOnAgentFailure><cssIteration type="System.String" /><workItemIds type="System.Collections.Generic.List`1[[System.Int32, mscorlib, Version=2.0.0.0, Culture=neutral, PublicKeyToken=b77a5c561934e089]]"><_size type="System.Int32">0</_size><_version type="System.Int32">1</_version></workItemIds><id type="Microsoft.VisualStudio.TestTools.Common.TestId"><id type="System.Guid">699b971e-861b-dd5d-8464-d7cbe7955470</id></id><name type="System.String">ReadFromSiteEmailTest</name><description type="System.String" /><enabled type="System.Boolean">True</enabled><owner type="System.String" /><priority type="System.Int32">0</priority><executionId type="Microsoft.VisualStudio.TestTools.Common.TestExecId"><id type="System.Guid">00000000-0000-0000-0000-000000000000</id></executionId><parentExecutId type="Microsoft.VisualStudio.TestTools.Common.TestExecId"><id type="System.Guid">00000000-0000-0000-0000-000000000000</id></parentExecutId><deploymentItems type="Microsoft.VisualStudio.TestTools.Common.DeploymentItemCollection" /><agentAttributes type="System.Collections.Specialized.StringDictionary, System, Version=2.0.0.0, Culture=neutral, PublicKeyToken=b77a5c561934e089" /><storage type="System.String">e:\projects\brownshoe\unit_tests\product\src\brownshoe\testing\unittests\bin\brownshoe.unittests.dll</storage><m_nonRunnableReason type="System.String" /></value><key type="Microsoft.VisualStudio.TestTools.Common.TestId"><id type="System.Guid">328ea4bf-8d5d-7a92-afc4-b2a1a132e42c</id></key><value type="Microsoft.VisualStudio.TestTools.TestTypes.Unit.UnitTestElement, Microsoft.VisualStudio.QualityTools.Tips.UnitTest.ObjectModel, Version=8.0.0.0, Culture=neutral, PublicKeyToken=b03f5f7f11d50a3a"><codeBase type="System.String">e:/projects/brownshoe/unit_tests/product/src/BrownShoe/Testing/UnitTests/bin/BrownShoe.UnitTests.DLL</codeBase><adapterTypeName type="System.String">Microsoft.VisualStudio.TestTools.TestTypes.Unit.UnitTestAdapter, Microsoft.VisualStudio.QualityTools.Tips.UnitTest.Adapter</adapterTypeName><testMethod type="Microsoft.VisualStudio.TestTools.TestTypes.Unit.TestMethod, Microsoft.VisualStudio.QualityTools.Tips.UnitTest.ObjectModel, Version=8.0.0.0, Culture=neutral, PublicKeyToken=b03f5f7f11d50a3a"><className type="System.String">BrownShoe.UnitTests.Services.Orders.CheckoutServiceTest, BrownShoe.UnitTests, Version=1.0.0.0, Culture=neutral, PublicKeyToken=null</className><name type="System.String">AddGiftCertficatePaymentToCartTest</name><expectedExceptionMessage type="System.String" /><isValid type="System.Boolean">False</isValid></testMethod><aspNetDevServers type="System.Collections.Generic.List`1[[Microsoft.VisualStudio.TestTools.Common.AspNetDevelopmentServer, Microsoft.VisualStudio.QualityTools.Common, Version=8.0.0.0, Culture=neutral, PublicKeyToken=b03f5f7f11d50a3a]]"><_size type="System.Int32">0</_size><_version type="System.Int32">0</_version></aspNetDevServers><dataAccessMethod type="Microsoft.VisualStudio.TestTools.UnitTesting.DataAccessMethod, Microsoft.VisualStudio.QualityTools.UnitTestFramework, Version=8.0.0.0, Culture=neutral, PublicKeyToken=b03f5f7f11d50a3a"><value__ type="System.Int32">0</value__></dataAccessMethod><cssProjectStructure type="System.String" /><isRunOnRestart type="System.Boolean">False</isRunOnRestart><timeOut type="System.Int32">0</timeOut><isGroupable type="System.Boolean">True</isGroupable><abortRunOnAgentFailure type="System.Boolean">False</abortRunOnAgentFailure><cssIteration type="System.String" /><workItemIds type="System.Collections.Generic.List`1[[System.Int32, mscorlib, Version=2.0.0.0, Culture=neutral, PublicKeyToken=b77a5c561934e089]]"><_size type="System.Int32">0</_size><_version type="System.Int32">1</_version></workItemIds><id type="Microsoft.VisualStudio.TestTools.Common.TestId"><id type="System.Guid">328ea4bf-8d5d-7a92-afc4-b2a1a132e42c</id></id><name type="System.String">AddGiftCertficatePaymentToCartTest</name><description type="System.String" /><enabled type="System.Boolean">True</enabled><owner type="System.String" /><priority type="System.Int32">0</priority><executionId type="Microsoft.VisualStudio.TestTools.Common.TestExecId"><id type="System.Guid">00000000-0000-0000-0000-000000000000</id></executionId><parentExecutId type="Microsoft.VisualStudio.TestTools.Common.TestExecId"><id type="System.Guid">00000000-0000-0000-0000-000000000000</id></parentExecutId><deploymentItems type="Microsoft.VisualStudio.TestTools.Common.DeploymentItemCollection" /><agentAttributes type="System.Collections.Specialized.StringDictionary, System, Version=2.0.0.0, Culture=neutral, PublicKeyToken=b77a5c561934e089" /><storage type="System.String">e:\projects\brownshoe\unit_tests\product\src\brownshoe\testing\unittests\bin\brownshoe.unittests.dll</storage><m_nonRunnableReason type="System.String" /></value><key type="Microsoft.VisualStudio.TestTools.Common.TestId"><id type="System.Guid">7627c311-2c0f-d102-7993-81fa67531056</id></key><value type="Microsoft.VisualStudio.TestTools.TestTypes.Unit.UnitTestElement, Microsoft.VisualStudio.QualityTools.Tips.UnitTest.ObjectModel, Version=8.0.0.0, Culture=neutral, PublicKeyToken=b03f5f7f11d50a3a"><codeBase type="System.String">e:/projects/brownshoe/unit_tests/product/src/BrownShoe/Testing/UnitTests/bin/BrownShoe.UnitTests.DLL</codeBase><adapterTypeName type="System.String">Microsoft.VisualStudio.TestTools.TestTypes.Unit.UnitTestAdapter, Microsoft.VisualStudio.QualityTools.Tips.UnitTest.Adapter</adapterTypeName><testMethod type="Microsoft.VisualStudio.TestTools.TestTypes.Unit.TestMethod, Microsoft.VisualStudio.QualityTools.Tips.UnitTest.ObjectModel, Version=8.0.0.0, Culture=neutral, PublicKeyToken=b03f5f7f11d50a3a"><className type="System.String">BrownShoe.UnitTests.Services.ContentManagement.CMTokenServiceTest, BrownShoe.UnitTests, Version=1.0.0.0, Culture=neutral, PublicKeyToken=null</className><name type="System.String">RenderShopFindYourShoeTest</name><expectedExceptionMessage type="System.String" /><isValid type="System.Boolean">False</isValid></testMethod><aspNetDevServers type="System.Collections.Generic.List`1[[Microsoft.VisualStudio.TestTools.Common.AspNetDevelopmentServer, Microsoft.VisualStudio.QualityTools.Common, Version=8.0.0.0, Culture=neutral, PublicKeyToken=b03f5f7f11d50a3a]]"><_size type="System.Int32">0</_size><_version type="System.Int32">0</_version></aspNetDevServers><dataAccessMethod type="Microsoft.VisualStudio.TestTools.UnitTesting.DataAccessMethod, Microsoft.VisualStudio.QualityTools.UnitTestFramework, Version=8.0.0.0, Culture=neutral, PublicKeyToken=b03f5f7f11d50a3a"><value__ type="System.Int32">0</value__></dataAccessMethod><cssProjectStructure type="System.String" /><isRunOnRestart type="System.Boolean">False</isRunOnRestart><timeOut type="System.Int32">0</timeOut><isGroupable type="System.Boolean">True</isGroupable><abortRunOnAgentFailure type="System.Boolean">False</abortRunOnAgentFailure><cssIteration type="System.String" /><workItemIds type="System.Collections.Generic.List`1[[System.Int32, mscorlib, Version=2.0.0.0, Culture=neutral, PublicKeyToken=b77a5c561934e089]]"><_size type="System.Int32">0</_size><_version type="System.Int32">1</_version></workItemIds><id type="Microsoft.VisualStudio.TestTools.Common.TestId"><id type="System.Guid">7627c311-2c0f-d102-7993-81fa67531056</id></id><name type="System.String">RenderShopFindYourShoeTest</name><description type="System.String" /><enabled type="System.Boolean">True</enabled><owner type="System.String" /><priority type="System.Int32">0</priority><executionId type="Microsoft.VisualStudio.TestTools.Common.TestExecId"><id type="System.Guid">00000000-0000-0000-0000-000000000000</id></executionId><parentExecutId type="Microsoft.VisualStudio.TestTools.Common.TestExecId"><id type="System.Guid">00000000-0000-0000-0000-000000000000</id></parentExecutId><deploymentItems type="Microsoft.VisualStudio.TestTools.Common.DeploymentItemCollection" /><agentAttributes type="System.Collections.Specialized.StringDictionary, System, Version=2.0.0.0, Culture=neutral, PublicKeyToken=b77a5c561934e089" /><storage type="System.String">e:\projects\brownshoe\unit_tests\product\src\brownshoe\testing\unittests\bin\brownshoe.unittests.dll</storage><m_nonRunnableReason type="System.String" /></value><key type="Microsoft.VisualStudio.TestTools.Common.TestId"><id type="System.Guid">bff378cd-11ef-7f00-dcac-300916c199dc</id></key><value type="Microsoft.VisualStudio.TestTools.TestTypes.Unit.UnitTestElement, Microsoft.VisualStudio.QualityTools.Tips.UnitTest.ObjectModel, Version=8.0.0.0, Culture=neutral, PublicKeyToken=b03f5f7f11d50a3a"><codeBase type="System.String">e:/projects/brownshoe/unit_tests/product/src/BrownShoe/Testing/UnitTests/bin/BrownShoe.UnitTests.DLL</codeBase><adapterTypeName type="System.String">Microsoft.VisualStudio.TestTools.TestTypes.Unit.UnitTestAdapter, Microsoft.VisualStudio.QualityTools.Tips.UnitTest.Adapter</adapterTypeName><testMethod type="Microsoft.VisualStudio.TestTools.TestTypes.Unit.TestMethod, Microsoft.VisualStudio.QualityTools.Tips.UnitTest.ObjectModel, Version=8.0.0.0, Culture=neutral, PublicKeyToken=b03f5f7f11d50a3a"><className type="System.String">BrownShoe.UnitTests.Services.DataAccess.SysMonDBTest, BrownShoe.UnitTests, Version=1.0.0.0, Culture=neutral, PublicKeyToken=null</className><name type="System.String">CheckAmazonCatalogBuild1Test</name><expectedExceptionMessage type="System.String" /><isValid type="System.Boolean">False</isValid></testMethod><aspNetDevServers type="System.Collections.Generic.List`1[[Microsoft.VisualStudio.TestTools.Common.AspNetDevelopmentServer, Microsoft.VisualStudio.QualityTools.Common, Version=8.0.0.0, Culture=neutral, PublicKeyToken=b03f5f7f11d50a3a]]"><_size type="System.Int32">0</_size><_version type="System.Int32">0</_version></aspNetDevServers><dataAccessMethod type="Microsoft.VisualStudio.TestTools.UnitTesting.DataAccessMethod, Microsoft.VisualStudio.QualityTools.UnitTestFramework, Version=8.0.0.0, Culture=neutral, PublicKeyToken=b03f5f7f11d50a3a"><value__ type="System.Int32">0</value__></dataAccessMethod><cssProjectStructure type="System.String" /><isRunOnRestart type="System.Boolean">False</isRunOnRestart><timeOut type="System.Int32">0</timeOut><isGroupable type="System.Boolean">True</isGroupable><abortRunOnAgentFailure type="System.Boolean">False</abortRunOnAgentFailure><cssIteration type="System.String" /><workItemIds type="System.Collections.Generic.List`1[[System.Int32, mscorlib, Version=2.0.0.0, Culture=neutral, PublicKeyToken=b77a5c561934e089]]"><_size type="System.Int32">0</_size><_version type="System.Int32">1</_version></workItemIds><id type="Microsoft.VisualStudio.TestTools.Common.TestId"><id type="System.Guid">bff378cd-11ef-7f00-dcac-300916c199dc</id></id><name type="System.String">CheckAmazonCatalogBuild1Test</name><description type="System.String" /><enabled type="System.Boolean">True</enabled><owner type="System.String" /><priority type="System.Int32">0</priority><executionId type="Microsoft.VisualStudio.TestTools.Common.TestExecId"><id type="System.Guid">00000000-0000-0000-0000-000000000000</id></executionId><parentExecutId type="Microsoft.VisualStudio.TestTools.Common.TestExecId"><id type="System.Guid">00000000-0000-0000-0000-000000000000</id></parentExecutId><deploymentItems type="Microsoft.VisualStudio.TestTools.Common.DeploymentItemCollection" /><agentAttributes type="System.Collections.Specialized.StringDictionary, System, Version=2.0.0.0, Culture=neutral, PublicKeyToken=b77a5c561934e089" /><storage type="System.String">e:\projects\brownshoe\unit_tests\product\src\brownshoe\testing\unittests\bin\brownshoe.unittests.dll</storage><m_nonRunnableReason type="System.String" /></value><key type="Microsoft.VisualStudio.TestTools.Common.TestId"><id type="System.Guid">46d7a115-16e3-d547-f312-e4c86447a277</id></key><value type="Microsoft.VisualStudio.TestTools.TestTypes.Unit.UnitTestElement, Microsoft.VisualStudio.QualityTools.Tips.UnitTest.ObjectModel, Version=8.0.0.0, Culture=neutral, PublicKeyToken=b03f5f7f11d50a3a"><codeBase type="System.String">e:/projects/brownshoe/unit_tests/product/src/BrownShoe/Testing/UnitTests/bin/BrownShoe.UnitTests.DLL</codeBase><adapterTypeName type="System.String">Microsoft.VisualStudio.TestTools.TestTypes.Unit.UnitTestAdapter, Microsoft.VisualStudio.QualityTools.Tips.UnitTest.Adapter</adapterTypeName><testMethod type="Microsoft.VisualStudio.TestTools.TestTypes.Unit.TestMethod, Microsoft.VisualStudio.QualityTools.Tips.UnitTest.ObjectModel, Version=8.0.0.0, Culture=neutral, PublicKeyToken=b03f5f7f11d50a3a"><className type="System.String">BrownShoe.UnitTests.NaturalizerShippingCalculatorTest, BrownShoe.UnitTests, Version=1.0.0.0, Culture=neutral, PublicKeyToken=null</className><name type="System.String">CalculateShippingTestContinentalUnderFreeCutoff</name><expectedExceptionMessage type="System.String" /><isValid type="System.Boolean">False</isValid></testMethod><aspNetDevServers type="System.Collections.Generic.List`1[[Microsoft.VisualStudio.TestTools.Common.AspNetDevelopmentServer, Microsoft.VisualStudio.QualityTools.Common, Version=8.0.0.0, Culture=neutral, PublicKeyToken=b03f5f7f11d50a3a]]"><_size type="System.Int32">0</_size><_version type="System.Int32">0</_version></aspNetDevServers><dataAccessMethod type="Microsoft.VisualStudio.TestTools.UnitTesting.DataAccessMethod, Microsoft.VisualStudio.QualityTools.UnitTestFramework, Version=8.0.0.0, Culture=neutral, PublicKeyToken=b03f5f7f11d50a3a"><value__ type="System.Int32">0</value__></dataAccessMethod><cssProjectStructure type="System.String" /><isRunOnRestart type="System.Boolean">False</isRunOnRestart><timeOut type="System.Int32">0</timeOut><isGroupable type="System.Boolean">True</isGroupable><abortRunOnAgentFailure type="System.Boolean">False</abortRunOnAgentFailure><cssIteration type="System.String" /><workItemIds type="System.Collections.Generic.List`1[[System.Int32, mscorlib, Version=2.0.0.0, Culture=neutral, PublicKeyToken=b77a5c561934e089]]"><_size type="System.Int32">0</_size><_version type="System.Int32">1</_version></workItemIds><id type="Microsoft.VisualStudio.TestTools.Common.TestId"><id type="System.Guid">46d7a115-16e3-d547-f312-e4c86447a277</id></id><name type="System.String">CalculateShippingTestContinentalUnderFreeCutoff</name><description type="System.String" /><enabled type="System.Boolean">True</enabled><owner type="System.String" /><priority type="System.Int32">0</priority><executionId type="Microsoft.VisualStudio.TestTools.Common.TestExecId"><id type="System.Guid">00000000-0000-0000-0000-000000000000</id></executionId><parentExecutId type="Microsoft.VisualStudio.TestTools.Common.TestExecId"><id type="System.Guid">00000000-0000-0000-0000-000000000000</id></parentExecutId><deploymentItems type="Microsoft.VisualStudio.TestTools.Common.DeploymentItemCollection"><m_container type="System.Collections.Hashtable"><key type="Microsoft.VisualStudio.TestTools.Common.DeploymentItem"><path type="System.String">BrownShippingMethodPipeline.dll</path><outputDirectory type="System.String" /></key><value /></m_container></deploymentItems><agentAttributes type="System.Collections.Specialized.StringDictionary, System, Version=2.0.0.0, Culture=neutral, PublicKeyToken=b77a5c561934e089" /><storage type="System.String">e:\projects\brownshoe\unit_tests\product\src\brownshoe\testing\unittests\bin\brownshoe.unittests.dll</storage><m_nonRunnableReason type="System.String" /></value><key type="Microsoft.VisualStudio.TestTools.Common.TestId"><id type="System.Guid">51cd2946-dc1c-b246-7f73-af384ded64e4</id></key><value type="Microsoft.VisualStudio.TestTools.TestTypes.Unit.UnitTestElement, Microsoft.VisualStudio.QualityTools.Tips.UnitTest.ObjectModel, Version=8.0.0.0, Culture=neutral, PublicKeyToken=b03f5f7f11d50a3a"><codeBase type="System.String">e:/projects/brownshoe/unit_tests/product/src/BrownShoe/Testing/UnitTests/bin/BrownShoe.UnitTests.DLL</codeBase><adapterTypeName type="System.String">Microsoft.VisualStudio.TestTools.TestTypes.Unit.UnitTestAdapter, Microsoft.VisualStudio.QualityTools.Tips.UnitTest.Adapter</adapterTypeName><testMethod type="Microsoft.VisualStudio.TestTools.TestTypes.Unit.TestMethod, Microsoft.VisualStudio.QualityTools.Tips.UnitTest.ObjectModel, Version=8.0.0.0, Culture=neutral, PublicKeyToken=b03f5f7f11d50a3a"><className type="System.String">BrownShoe.UnitTests.Services.Madison.HomeDeliveryOrderTest, BrownShoe.UnitTests, Version=1.0.0.0, Culture=neutral, PublicKeyToken=null</className><name type="System.String">OrderTotalTest</name><expectedExceptionMessage type="System.String" /><isValid type="System.Boolean">False</isValid></testMethod><aspNetDevServers type="System.Collections.Generic.List`1[[Microsoft.VisualStudio.TestTools.Common.AspNetDevelopmentServer, Microsoft.VisualStudio.QualityTools.Common, Version=8.0.0.0, Culture=neutral, PublicKeyToken=b03f5f7f11d50a3a]]"><_size type="System.Int32">0</_size><_version type="System.Int32">0</_version></aspNetDevServers><dataAccessMethod type="Microsoft.VisualStudio.TestTools.UnitTesting.DataAccessMethod, Microsoft.VisualStudio.QualityTools.UnitTestFramework, Version=8.0.0.0, Culture=neutral, PublicKeyToken=b03f5f7f11d50a3a"><value__ type="System.Int32">0</value__></dataAccessMethod><cssProjectStructure type="System.String" /><isRunOnRestart type="System.Boolean">False</isRunOnRestart><timeOut type="System.Int32">0</timeOut><isGroupable type="System.Boolean">True</isGroupable><abortRunOnAgentFailure type="System.Boolean">False</abortRunOnAgentFailure><cssIteration type="System.String" /><workItemIds type="System.Collections.Generic.List`1[[System.Int32, mscorlib, Version=2.0.0.0, Culture=neutral, PublicKeyToken=b77a5c561934e089]]"><_size type="System.Int32">0</_size><_version type="System.Int32">1</_version></workItemIds><id type="Microsoft.VisualStudio.TestTools.Common.TestId"><id type="System.Guid">51cd2946-dc1c-b246-7f73-af384ded64e4</id></id><name type="System.String">OrderTotalTest</name><description type="System.String" /><enabled type="System.Boolean">True</enabled><owner type="System.String" /><priority type="System.Int32">0</priority><executionId type="Microsoft.VisualStudio.TestTools.Common.TestExecId"><id type="System.Guid">00000000-0000-0000-0000-000000000000</id></executionId><parentExecutId type="Microsoft.VisualStudio.TestTools.Common.TestExecId"><id type="System.Guid">00000000-0000-0000-0000-000000000000</id></parentExecutId><deploymentItems type="Microsoft.VisualStudio.TestTools.Common.DeploymentItemCollection" /><agentAttributes type="System.Collections.Specialized.StringDictionary, System, Version=2.0.0.0, Culture=neutral, PublicKeyToken=b77a5c561934e089" /><storage type="System.String">e:\projects\brownshoe\unit_tests\product\src\brownshoe\testing\unittests\bin\brownshoe.unittests.dll</storage><m_nonRunnableReason type="System.String" /></value><key type="Microsoft.VisualStudio.TestTools.Common.TestId"><id type="System.Guid">3bff7ea8-6619-697f-191d-ebff9307b25d</id></key><value type="Microsoft.VisualStudio.TestTools.TestTypes.Unit.UnitTestElement, Microsoft.VisualStudio.QualityTools.Tips.UnitTest.ObjectModel, Version=8.0.0.0, Culture=neutral, PublicKeyToken=b03f5f7f11d50a3a"><codeBase type="System.String">e:/projects/brownshoe/unit_tests/product/src/BrownShoe/Testing/UnitTests/bin/BrownShoe.UnitTests.DLL</codeBase><adapterTypeName type="System.String">Microsoft.VisualStudio.TestTools.TestTypes.Unit.UnitTestAdapter, Microsoft.VisualStudio.QualityTools.Tips.UnitTest.Adapter</adapterTypeName><testMethod type="Microsoft.VisualStudio.TestTools.TestTypes.Unit.TestMethod, Microsoft.VisualStudio.QualityTools.Tips.UnitTest.ObjectModel, Version=8.0.0.0, Culture=neutral, PublicKeyToken=b03f5f7f11d50a3a"><className type="System.String">BrownShoe.UnitTests.Services.Orders.CustomerOrderServiceTest, BrownShoe.UnitTests, Version=1.0.0.0, Culture=neutral, PublicKeyToken=null</className><name type="System.String">GetUPSImageTest</name><expectedExceptionMessage type="System.String" /><isValid type="System.Boolean">False</isValid></testMethod><aspNetDevServers type="System.Collections.Generic.List`1[[Microsoft.VisualStudio.TestTools.Common.AspNetDevelopmentServer, Microsoft.VisualStudio.QualityTools.Common, Version=8.0.0.0, Culture=neutral, PublicKeyToken=b03f5f7f11d50a3a]]"><_size type="System.Int32">0</_size><_version type="System.Int32">0</_version></aspNetDevServers><dataAccessMethod type="Microsoft.VisualStudio.TestTools.UnitTesting.DataAccessMethod, Microsoft.VisualStudio.QualityTools.UnitTestFramework, Version=8.0.0.0, Culture=neutral, PublicKeyToken=b03f5f7f11d50a3a"><value__ type="System.Int32">0</value__></dataAccessMethod><cssProjectStructure type="System.String" /><isRunOnRestart type="System.Boolean">False</isRunOnRestart><timeOut type="System.Int32">0</timeOut><isGroupable type="System.Boolean">True</isGroupable><abortRunOnAgentFailure type="System.Boolean">False</abortRunOnAgentFailure><cssIteration type="System.String" /><workItemIds type="System.Collections.Generic.List`1[[System.Int32, mscorlib, Version=2.0.0.0, Culture=neutral, PublicKeyToken=b77a5c561934e089]]"><_size type="System.Int32">0</_size><_version type="System.Int32">1</_version></workItemIds><id type="Microsoft.VisualStudio.TestTools.Common.TestId"><id type="System.Guid">3bff7ea8-6619-697f-191d-ebff9307b25d</id></id><name type="System.String">GetUPSImageTest</name><description type="System.String" /><enabled type="System.Boolean">True</enabled><owner type="System.String" /><priority type="System.Int32">0</priority><executionId type="Microsoft.VisualStudio.TestTools.Common.TestExecId"><id type="System.Guid">00000000-0000-0000-0000-000000000000</id></executionId><parentExecutId type="Microsoft.VisualStudio.TestTools.Common.TestExecId"><id type="System.Guid">00000000-0000-0000-0000-000000000000</id></parentExecutId><deploymentItems type="Microsoft.VisualStudio.TestTools.Common.DeploymentItemCollection" /><agentAttributes type="System.Collections.Specialized.StringDictionary, System, Version=2.0.0.0, Culture=neutral, PublicKeyToken=b77a5c561934e089" /><storage type="System.String">e:\projects\brownshoe\unit_tests\product\src\brownshoe\testing\unittests\bin\brownshoe.unittests.dll</storage><m_nonRunnableReason type="System.String" /></value><key type="Microsoft.VisualStudio.TestTools.Common.TestId"><id type="System.Guid">a33256ed-5bca-a2ef-ff4b-236d2848f02a</id></key><value type="Microsoft.VisualStudio.TestTools.TestTypes.Unit.UnitTestElement, Microsoft.VisualStudio.QualityTools.Tips.UnitTest.ObjectModel, Version=8.0.0.0, Culture=neutral, PublicKeyToken=b03f5f7f11d50a3a"><codeBase type="System.String">e:/projects/brownshoe/unit_tests/product/src/BrownShoe/Testing/UnitTests/bin/BrownShoe.UnitTests.DLL</codeBase><adapterTypeName type="System.String">Microsoft.VisualStudio.TestTools.TestTypes.Unit.UnitTestAdapter, Microsoft.VisualStudio.QualityTools.Tips.UnitTest.Adapter</adapterTypeName><testMethod type="Microsoft.VisualStudio.TestTools.TestTypes.Unit.TestMethod, Microsoft.VisualStudio.QualityTools.Tips.UnitTest.ObjectModel, Version=8.0.0.0, Culture=neutral, PublicKeyToken=b03f5f7f11d50a3a"><className type="System.String">BrownShoe.UnitTests.Services.DataAccess.NavigationDBTest, BrownShoe.UnitTests, Version=1.0.0.0, Culture=neutral, PublicKeyToken=null</className><name type="System.String">GetNValuesTest</name><expectedExceptionMessage type="System.String" /><isValid type="System.Boolean">False</isValid></testMethod><aspNetDevServers type="System.Collections.Generic.List`1[[Microsoft.VisualStudio.TestTools.Common.AspNetDevelopmentServer, Microsoft.VisualStudio.QualityTools.Common, Version=8.0.0.0, Culture=neutral, PublicKeyToken=b03f5f7f11d50a3a]]"><_size type="System.Int32">0</_size><_version type="System.Int32">0</_version></aspNetDevServers><dataAccessMethod type="Microsoft.VisualStudio.TestTools.UnitTesting.DataAccessMethod, Microsoft.VisualStudio.QualityTools.UnitTestFramework, Version=8.0.0.0, Culture=neutral, PublicKeyToken=b03f5f7f11d50a3a"><value__ type="System.Int32">0</value__></dataAccessMethod><cssProjectStructure type="System.String" /><isRunOnRestart type="System.Boolean">False</isRunOnRestart><timeOut type="System.Int32">0</timeOut><isGroupable type="System.Boolean">True</isGroupable><abortRunOnAgentFailure type="System.Boolean">False</abortRunOnAgentFailure><cssIteration type="System.String" /><workItemIds type="System.Collections.Generic.List`1[[System.Int32, mscorlib, Version=2.0.0.0, Culture=neutral, PublicKeyToken=b77a5c561934e089]]"><_size type="System.Int32">0</_size><_version type="System.Int32">1</_version></workItemIds><id type="Microsoft.VisualStudio.TestTools.Common.TestId"><id type="System.Guid">a33256ed-5bca-a2ef-ff4b-236d2848f02a</id></id><name type="System.String">GetNValuesTest</name><description type="System.String" /><enabled type="System.Boolean">True</enabled><owner type="System.String" /><priority type="System.Int32">0</priority><executionId type="Microsoft.VisualStudio.TestTools.Common.TestExecId"><id type="System.Guid">00000000-0000-0000-0000-000000000000</id></executionId><parentExecutId type="Microsoft.VisualStudio.TestTools.Common.TestExecId"><id type="System.Guid">00000000-0000-0000-0000-000000000000</id></parentExecutId><deploymentItems type="Microsoft.VisualStudio.TestTools.Common.DeploymentItemCollection" /><agentAttributes type="System.Collections.Specialized.StringDictionary, System, Version=2.0.0.0, Culture=neutral, PublicKeyToken=b77a5c561934e089" /><storage type="System.String">e:\projects\brownshoe\unit_tests\product\src\brownshoe\testing\unittests\bin\brownshoe.unittests.dll</storage><m_nonRunnableReason type="System.String" /></value><key type="Microsoft.VisualStudio.TestTools.Common.TestId"><id type="System.Guid">9fe4eb2e-d104-b704-29bd-1e6baf579a8a</id></key><value type="Microsoft.VisualStudio.TestTools.TestTypes.Unit.UnitTestElement, Microsoft.VisualStudio.QualityTools.Tips.UnitTest.ObjectModel, Version=8.0.0.0, Culture=neutral, PublicKeyToken=b03f5f7f11d50a3a"><codeBase type="System.String">e:/projects/brownshoe/unit_tests/product/src/BrownShoe/Testing/UnitTests/bin/BrownShoe.UnitTests.DLL</codeBase><adapterTypeName type="System.String">Microsoft.VisualStudio.TestTools.TestTypes.Unit.UnitTestAdapter, Microsoft.VisualStudio.QualityTools.Tips.UnitTest.Adapter</adapterTypeName><testMethod type="Microsoft.VisualStudio.TestTools.TestTypes.Unit.TestMethod, Microsoft.VisualStudio.QualityTools.Tips.UnitTest.ObjectModel, Version=8.0.0.0, Culture=neutral, PublicKeyToken=b03f5f7f11d50a3a"><className type="System.String">BrownShoe.UnitTests.Services.Profiles.CustomerServiceTest, BrownShoe.UnitTests, Version=1.0.0.0, Culture=neutral, PublicKeyToken=null</className><name type="System.String">GetSecurityQuestionsTest</name><expectedExceptionMessage type="System.String" /><isValid type="System.Boolean">False</isValid></testMethod><aspNetDevServers type="System.Collections.Generic.List`1[[Microsoft.VisualStudio.TestTools.Common.AspNetDevelopmentServer, Microsoft.VisualStudio.QualityTools.Common, Version=8.0.0.0, Culture=neutral, PublicKeyToken=b03f5f7f11d50a3a]]"><_size type="System.Int32">0</_size><_version type="System.Int32">0</_version></aspNetDevServers><dataAccessMethod type="Microsoft.VisualStudio.TestTools.UnitTesting.DataAccessMethod, Microsoft.VisualStudio.QualityTools.UnitTestFramework, Version=8.0.0.0, Culture=neutral, PublicKeyToken=b03f5f7f11d50a3a"><value__ type="System.Int32">0</value__></dataAccessMethod><cssProjectStructure type="System.String" /><isRunOnRestart type="System.Boolean">False</isRunOnRestart><timeOut type="System.Int32">0</timeOut><isGroupable type="System.Boolean">True</isGroupable><abortRunOnAgentFailure type="System.Boolean">False</abortRunOnAgentFailure><cssIteration type="System.String" /><workItemIds type="System.Collections.Generic.List`1[[System.Int32, mscorlib, Version=2.0.0.0, Culture=neutral, PublicKeyToken=b77a5c561934e089]]"><_size type="System.Int32">0</_size><_version type="System.Int32">1</_version></workItemIds><id type="Microsoft.VisualStudio.TestTools.Common.TestId"><id type="System.Guid">9fe4eb2e-d104-b704-29bd-1e6baf579a8a</id></id><name type="System.String">GetSecurityQuestionsTest</name><description type="System.String" /><enabled type="System.Boolean">True</enabled><owner type="System.String" /><priority type="System.Int32">0</priority><executionId type="Microsoft.VisualStudio.TestTools.Common.TestExecId"><id type="System.Guid">00000000-0000-0000-0000-000000000000</id></executionId><parentExecutId type="Microsoft.VisualStudio.TestTools.Common.TestExecId"><id type="System.Guid">00000000-0000-0000-0000-000000000000</id></parentExecutId><deploymentItems type="Microsoft.VisualStudio.TestTools.Common.DeploymentItemCollection" /><agentAttributes type="System.Collections.Specialized.StringDictionary, System, Version=2.0.0.0, Culture=neutral, PublicKeyToken=b77a5c561934e089" /><storage type="System.String">e:\projects\brownshoe\unit_tests\product\src\brownshoe\testing\unittests\bin\brownshoe.unittests.dll</storage><m_nonRunnableReason type="System.String" /></value><key type="Microsoft.VisualStudio.TestTools.Common.TestId"><id type="System.Guid">a65950c2-ed4f-32cc-f379-3ee77ece9ca7</id></key><value type="Microsoft.VisualStudio.TestTools.TestTypes.Unit.UnitTestElement, Microsoft.VisualStudio.QualityTools.Tips.UnitTest.ObjectModel, Version=8.0.0.0, Culture=neutral, PublicKeyToken=b03f5f7f11d50a3a"><codeBase type="System.String">e:/projects/brownshoe/unit_tests/product/src/BrownShoe/Testing/UnitTests/bin/BrownShoe.UnitTests.DLL</codeBase><adapterTypeName type="System.String">Microsoft.VisualStudio.TestTools.TestTypes.Unit.UnitTestAdapter, Microsoft.VisualStudio.QualityTools.Tips.UnitTest.Adapter</adapterTypeName><testMethod type="Microsoft.VisualStudio.TestTools.TestTypes.Unit.TestMethod, Microsoft.VisualStudio.QualityTools.Tips.UnitTest.ObjectModel, Version=8.0.0.0, Culture=neutral, PublicKeyToken=b03f5f7f11d50a3a"><className type="System.String">BrownShoe.UnitTests.Services.Search.SearchServiceTest, BrownShoe.UnitTests, Version=1.0.0.0, Culture=neutral, PublicKeyToken=null</className><name type="System.String">GetSizeCrossReferenceSearchTest</name><expectedExceptionMessage type="System.String" /><isValid type="System.Boolean">False</isValid></testMethod><aspNetDevServers type="System.Collections.Generic.List`1[[Microsoft.VisualStudio.TestTools.Common.AspNetDevelopmentServer, Microsoft.VisualStudio.QualityTools.Common, Version=8.0.0.0, Culture=neutral, PublicKeyToken=b03f5f7f11d50a3a]]"><_size type="System.Int32">0</_size><_version type="System.Int32">0</_version></aspNetDevServers><dataAccessMethod type="Microsoft.VisualStudio.TestTools.UnitTesting.DataAccessMethod, Microsoft.VisualStudio.QualityTools.UnitTestFramework, Version=8.0.0.0, Culture=neutral, PublicKeyToken=b03f5f7f11d50a3a"><value__ type="System.Int32">0</value__></dataAccessMethod><cssProjectStructure type="System.String" /><isRunOnRestart type="System.Boolean">False</isRunOnRestart><timeOut type="System.Int32">0</timeOut><isGroupable type="System.Boolean">True</isGroupable><abortRunOnAgentFailure type="System.Boolean">False</abortRunOnAgentFailure><cssIteration type="System.String" /><workItemIds type="System.Collections.Generic.List`1[[System.Int32, mscorlib, Version=2.0.0.0, Culture=neutral, PublicKeyToken=b77a5c561934e089]]"><_size type="System.Int32">0</_size><_version type="System.Int32">1</_version></workItemIds><id type="Microsoft.VisualStudio.TestTools.Common.TestId"><id type="System.Guid">a65950c2-ed4f-32cc-f379-3ee77ece9ca7</id></id><name type="System.String">GetSizeCrossReferenceSearchTest</name><description type="System.String" /><enabled type="System.Boolean">True</enabled><owner type="System.String" /><priority type="System.Int32">0</priority><executionId type="Microsoft.VisualStudio.TestTools.Common.TestExecId"><id type="System.Guid">00000000-0000-0000-0000-000000000000</id></executionId><parentExecutId type="Microsoft.VisualStudio.TestTools.Common.TestExecId"><id type="System.Guid">00000000-0000-0000-0000-000000000000</id></parentExecutId><deploymentItems type="Microsoft.VisualStudio.TestTools.Common.DeploymentItemCollection" /><agentAttributes type="System.Collections.Specialized.StringDictionary, System, Version=2.0.0.0, Culture=neutral, PublicKeyToken=b77a5c561934e089" /><storage type="System.String">e:\projects\brownshoe\unit_tests\product\src\brownshoe\testing\unittests\bin\brownshoe.unittests.dll</storage><m_nonRunnableReason type="System.String" /></value><key type="Microsoft.VisualStudio.TestTools.Common.TestId"><id type="System.Guid">84083163-4f02-7dcc-2d05-5e8fd5418c32</id></key><value type="Microsoft.VisualStudio.TestTools.TestTypes.Unit.UnitTestElement, Microsoft.VisualStudio.QualityTools.Tips.UnitTest.ObjectModel, Version=8.0.0.0, Culture=neutral, PublicKeyToken=b03f5f7f11d50a3a"><codeBase type="System.String">e:/projects/brownshoe/unit_tests/product/src/BrownShoe/Testing/UnitTests/bin/BrownShoe.UnitTests.DLL</codeBase><adapterTypeName type="System.String">Microsoft.VisualStudio.TestTools.TestTypes.Unit.UnitTestAdapter, Microsoft.VisualStudio.QualityTools.Tips.UnitTest.Adapter</adapterTypeName><testMethod type="Microsoft.VisualStudio.TestTools.TestTypes.Unit.TestMethod, Microsoft.VisualStudio.QualityTools.Tips.UnitTest.ObjectModel, Version=8.0.0.0, Culture=neutral, PublicKeyToken=b03f5f7f11d50a3a"><className type="System.String">BrownShoe.UnitTests.Services.Orders.AddressValidationServiceTest, BrownShoe.UnitTests, Version=1.0.0.0, Culture=neutral, PublicKeyToken=null</className><name type="System.String">IsValidZipTest</name><expectedExceptionMessage type="System.String" /><isValid type="System.Boolean">False</isValid></testMethod><aspNetDevServers type="System.Collections.Generic.List`1[[Microsoft.VisualStudio.TestTools.Common.AspNetDevelopmentServer, Microsoft.VisualStudio.QualityTools.Common, Version=8.0.0.0, Culture=neutral, PublicKeyToken=b03f5f7f11d50a3a]]"><_size type="System.Int32">0</_size><_version type="System.Int32">0</_version></aspNetDevServers><dataAccessMethod type="Microsoft.VisualStudio.TestTools.UnitTesting.DataAccessMethod, Microsoft.VisualStudio.QualityTools.UnitTestFramework, Version=8.0.0.0, Culture=neutral, PublicKeyToken=b03f5f7f11d50a3a"><value__ type="System.Int32">0</value__></dataAccessMethod><cssProjectStructure type="System.String" /><isRunOnRestart type="System.Boolean">False</isRunOnRestart><timeOut type="System.Int32">0</timeOut><isGroupable type="System.Boolean">True</isGroupable><abortRunOnAgentFailure type="System.Boolean">False</abortRunOnAgentFailure><cssIteration type="System.String" /><workItemIds type="System.Collections.Generic.List`1[[System.Int32, mscorlib, Version=2.0.0.0, Culture=neutral, PublicKeyToken=b77a5c561934e089]]"><_size type="System.Int32">0</_size><_version type="System.Int32">1</_version></workItemIds><id type="Microsoft.VisualStudio.TestTools.Common.TestId"><id type="System.Guid">84083163-4f02-7dcc-2d05-5e8fd5418c32</id></id><name type="System.String">IsValidZipTest</name><description type="System.String" /><enabled type="System.Boolean">True</enabled><owner type="System.String" /><priority type="System.Int32">0</priority><executionId type="Microsoft.VisualStudio.TestTools.Common.TestExecId"><id type="System.Guid">00000000-0000-0000-0000-000000000000</id></executionId><parentExecutId type="Microsoft.VisualStudio.TestTools.Common.TestExecId"><id type="System.Guid">00000000-0000-0000-0000-000000000000</id></parentExecutId><deploymentItems type="Microsoft.VisualStudio.TestTools.Common.DeploymentItemCollection" /><agentAttributes type="System.Collections.Specialized.StringDictionary, System, Version=2.0.0.0, Culture=neutral, PublicKeyToken=b77a5c561934e089" /><storage type="System.String">e:\projects\brownshoe\unit_tests\product\src\brownshoe\testing\unittests\bin\brownshoe.unittests.dll</storage><m_nonRunnableReason type="System.String" /></value><key type="Microsoft.VisualStudio.TestTools.Common.TestId"><id type="System.Guid">9d510392-21b8-6b52-6214-2032856c4a75</id></key><value type="Microsoft.VisualStudio.TestTools.TestTypes.Unit.UnitTestElement, Microsoft.VisualStudio.QualityTools.Tips.UnitTest.ObjectModel, Version=8.0.0.0, Culture=neutral, PublicKeyToken=b03f5f7f11d50a3a"><codeBase type="System.String">e:/projects/brownshoe/unit_tests/product/src/BrownShoe/Testing/UnitTests/bin/BrownShoe.UnitTests.DLL</codeBase><adapterTypeName type="System.String">Microsoft.VisualStudio.TestTools.TestTypes.Unit.UnitTestAdapter, Microsoft.VisualStudio.QualityTools.Tips.UnitTest.Adapter</adapterTypeName><testMethod type="Microsoft.VisualStudio.TestTools.TestTypes.Unit.TestMethod, Microsoft.VisualStudio.QualityTools.Tips.UnitTest.ObjectModel, Version=8.0.0.0, Culture=neutral, PublicKeyToken=b03f5f7f11d50a3a"><className type="System.String">BrownShoe.UnitTests.Services.Profiles.ProfileServiceTest, BrownShoe.UnitTests, Version=1.0.0.0, Culture=neutral, PublicKeyToken=null</className><name type="System.String">AddCreditCardToProfileTest</name><expectedExceptionMessage type="System.String" /><isValid type="System.Boolean">False</isValid></testMethod><aspNetDevServers type="System.Collections.Generic.List`1[[Microsoft.VisualStudio.TestTools.Common.AspNetDevelopmentServer, Microsoft.VisualStudio.QualityTools.Common, Version=8.0.0.0, Culture=neutral, PublicKeyToken=b03f5f7f11d50a3a]]"><_size type="System.Int32">0</_size><_version type="System.Int32">0</_version></aspNetDevServers><dataAccessMethod type="Microsoft.VisualStudio.TestTools.UnitTesting.DataAccessMethod, Microsoft.VisualStudio.QualityTools.UnitTestFramework, Version=8.0.0.0, Culture=neutral, PublicKeyToken=b03f5f7f11d50a3a"><value__ type="System.Int32">0</value__></dataAccessMethod><cssProjectStructure type="System.String" /><isRunOnRestart type="System.Boolean">False</isRunOnRestart><timeOut type="System.Int32">0</timeOut><isGroupable type="System.Boolean">True</isGroupable><abortRunOnAgentFailure type="System.Boolean">False</abortRunOnAgentFailure><cssIteration type="System.String" /><workItemIds type="System.Collections.Generic.List`1[[System.Int32, mscorlib, Version=2.0.0.0, Culture=neutral, PublicKeyToken=b77a5c561934e089]]"><_size type="System.Int32">0</_size><_version type="System.Int32">1</_version></workItemIds><id type="Microsoft.VisualStudio.TestTools.Common.TestId"><id type="System.Guid">9d510392-21b8-6b52-6214-2032856c4a75</id></id><name type="System.String">AddCreditCardToProfileTest</name><description type="System.String" /><enabled type="System.Boolean">True</enabled><owner type="System.String" /><priority type="System.Int32">0</priority><executionId type="Microsoft.VisualStudio.TestTools.Common.TestExecId"><id type="System.Guid">00000000-0000-0000-0000-000000000000</id></executionId><parentExecutId type="Microsoft.VisualStudio.TestTools.Common.TestExecId"><id type="System.Guid">00000000-0000-0000-0000-000000000000</id></parentExecutId><deploymentItems type="Microsoft.VisualStudio.TestTools.Common.DeploymentItemCollection" /><agentAttributes type="System.Collections.Specialized.StringDictionary, System, Version=2.0.0.0, Culture=neutral, PublicKeyToken=b77a5c561934e089" /><storage type="System.String">e:\projects\brownshoe\unit_tests\product\src\brownshoe\testing\unittests\bin\brownshoe.unittests.dll</storage><m_nonRunnableReason type="System.String" /></value><key type="Microsoft.VisualStudio.TestTools.Common.TestId"><id type="System.Guid">717d050f-2571-ea8a-d61a-6632d6ea5d47</id></key><value type="Microsoft.VisualStudio.TestTools.TestTypes.Unit.UnitTestElement, Microsoft.VisualStudio.QualityTools.Tips.UnitTest.ObjectModel, Version=8.0.0.0, Culture=neutral, PublicKeyToken=b03f5f7f11d50a3a"><codeBase type="System.String">e:/projects/brownshoe/unit_tests/product/src/BrownShoe/Testing/UnitTests/bin/BrownShoe.UnitTests.DLL</codeBase><adapterTypeName type="System.String">Microsoft.VisualStudio.TestTools.TestTypes.Unit.UnitTestAdapter, Microsoft.VisualStudio.QualityTools.Tips.UnitTest.Adapter</adapterTypeName><testMethod type="Microsoft.VisualStudio.TestTools.TestTypes.Unit.TestMethod, Microsoft.VisualStudio.QualityTools.Tips.UnitTest.ObjectModel, Version=8.0.0.0, Culture=neutral, PublicKeyToken=b03f5f7f11d50a3a"><className type="System.String">BrownShoe.UnitTests.Services.Orders.Interfaces.IWishListServiceTest, BrownShoe.UnitTests, Version=1.0.0.0, Culture=neutral, PublicKeyToken=null</className><name type="System.String">FetchTest</name><expectedExceptionMessage type="System.String" /><isValid type="System.Boolean">False</isValid></testMethod><aspNetDevServers type="System.Collections.Generic.List`1[[Microsoft.VisualStudio.TestTools.Common.AspNetDevelopmentServer, Microsoft.VisualStudio.QualityTools.Common, Version=8.0.0.0, Culture=neutral, PublicKeyToken=b03f5f7f11d50a3a]]"><_size type="System.Int32">0</_size><_version type="System.Int32">0</_version></aspNetDevServers><dataAccessMethod type="Microsoft.VisualStudio.TestTools.UnitTesting.DataAccessMethod, Microsoft.VisualStudio.QualityTools.UnitTestFramework, Version=8.0.0.0, Culture=neutral, PublicKeyToken=b03f5f7f11d50a3a"><value__ type="System.Int32">0</value__></dataAccessMethod><cssProjectStructure type="System.String" /><isRunOnRestart type="System.Boolean">False</isRunOnRestart><timeOut type="System.Int32">0</timeOut><isGroupable type="System.Boolean">True</isGroupable><abortRunOnAgentFailure type="System.Boolean">False</abortRunOnAgentFailure><cssIteration type="System.String" /><workItemIds type="System.Collections.Generic.List`1[[System.Int32, mscorlib, Version=2.0.0.0, Culture=neutral, PublicKeyToken=b77a5c561934e089]]"><_size type="System.Int32">0</_size><_version type="System.Int32">1</_version></workItemIds><id type="Microsoft.VisualStudio.TestTools.Common.TestId"><id type="System.Guid">717d050f-2571-ea8a-d61a-6632d6ea5d47</id></id><name type="System.String">FetchTest</name><description type="System.String" /><enabled type="System.Boolean">True</enabled><owner type="System.String" /><priority type="System.Int32">0</priority><executionId type="Microsoft.VisualStudio.TestTools.Common.TestExecId"><id type="System.Guid">00000000-0000-0000-0000-000000000000</id></executionId><parentExecutId type="Microsoft.VisualStudio.TestTools.Common.TestExecId"><id type="System.Guid">00000000-0000-0000-0000-000000000000</id></parentExecutId><deploymentItems type="Microsoft.VisualStudio.TestTools.Common.DeploymentItemCollection" /><agentAttributes type="System.Collections.Specialized.StringDictionary, System, Version=2.0.0.0, Culture=neutral, PublicKeyToken=b77a5c561934e089" /><storage type="System.String">e:\projects\brownshoe\unit_tests\product\src\brownshoe\testing\unittests\bin\brownshoe.unittests.dll</storage><m_nonRunnableReason type="System.String" /></value><key type="Microsoft.VisualStudio.TestTools.Common.TestId"><id type="System.Guid">739b7338-7f5b-c0c3-f931-6f6881765449</id></key><value type="Microsoft.VisualStudio.TestTools.TestTypes.Unit.UnitTestElement, Microsoft.VisualStudio.QualityTools.Tips.UnitTest.ObjectModel, Version=8.0.0.0, Culture=neutral, PublicKeyToken=b03f5f7f11d50a3a"><codeBase type="System.String">e:/projects/brownshoe/unit_tests/product/src/BrownShoe/Testing/UnitTests/bin/BrownShoe.UnitTests.DLL</codeBase><adapterTypeName type="System.String">Microsoft.VisualStudio.TestTools.TestTypes.Unit.UnitTestAdapter, Microsoft.VisualStudio.QualityTools.Tips.UnitTest.Adapter</adapterTypeName><testMethod type="Microsoft.VisualStudio.TestTools.TestTypes.Unit.TestMethod, Microsoft.VisualStudio.QualityTools.Tips.UnitTest.ObjectModel, Version=8.0.0.0, Culture=neutral, PublicKeyToken=b03f5f7f11d50a3a"><className type="System.String">BrownShoe.UnitTests.Services.Endeca.EndecaServiceTest, BrownShoe.UnitTests, Version=1.0.0.0, Culture=neutral, PublicKeyToken=null</className><name type="System.String">SearchRelatedItemsTest</name><expectedExceptionMessage type="System.String" /><isValid type="System.Boolean">False</isValid></testMethod><aspNetDevServers type="System.Collections.Generic.List`1[[Microsoft.VisualStudio.TestTools.Common.AspNetDevelopmentServer, Microsoft.VisualStudio.QualityTools.Common, Version=8.0.0.0, Culture=neutral, PublicKeyToken=b03f5f7f11d50a3a]]"><_size type="System.Int32">0</_size><_version type="System.Int32">0</_version></aspNetDevServers><dataAccessMethod type="Microsoft.VisualStudio.TestTools.UnitTesting.DataAccessMethod, Microsoft.VisualStudio.QualityTools.UnitTestFramework, Version=8.0.0.0, Culture=neutral, PublicKeyToken=b03f5f7f11d50a3a"><value__ type="System.Int32">0</value__></dataAccessMethod><cssProjectStructure type="System.String" /><isRunOnRestart type="System.Boolean">False</isRunOnRestart><timeOut type="System.Int32">0</timeOut><isGroupable type="System.Boolean">True</isGroupable><abortRunOnAgentFailure type="System.Boolean">False</abortRunOnAgentFailure><cssIteration type="System.String" /><workItemIds type="System.Collections.Generic.List`1[[System.Int32, mscorlib, Version=2.0.0.0, Culture=neutral, PublicKeyToken=b77a5c561934e089]]"><_size type="System.Int32">0</_size><_version type="System.Int32">1</_version></workItemIds><id type="Microsoft.VisualStudio.TestTools.Common.TestId"><id type="System.Guid">739b7338-7f5b-c0c3-f931-6f6881765449</id></id><name type="System.String">SearchRelatedItemsTest</name><description type="System.String" /><enabled type="System.Boolean">True</enabled><owner type="System.String" /><priority type="System.Int32">0</priority><executionId type="Microsoft.VisualStudio.TestTools.Common.TestExecId"><id type="System.Guid">00000000-0000-0000-0000-000000000000</id></executionId><parentExecutId type="Microsoft.VisualStudio.TestTools.Common.TestExecId"><id type="System.Guid">00000000-0000-0000-0000-000000000000</id></parentExecutId><deploymentItems type="Microsoft.VisualStudio.TestTools.Common.DeploymentItemCollection" /><agentAttributes type="System.Collections.Specialized.StringDictionary, System, Version=2.0.0.0, Culture=neutral, PublicKeyToken=b77a5c561934e089" /><storage type="System.String">e:\projects\brownshoe\unit_tests\product\src\brownshoe\testing\unittests\bin\brownshoe.unittests.dll</storage><m_nonRunnableReason type="System.String" /></value><key type="Microsoft.VisualStudio.TestTools.Common.TestId"><id type="System.Guid">14b5f40b-baea-93e4-c768-69e13f70fac2</id></key><value type="Microsoft.VisualStudio.TestTools.TestTypes.Unit.UnitTestElement, Microsoft.VisualStudio.QualityTools.Tips.UnitTest.ObjectModel, Version=8.0.0.0, Culture=neutral, PublicKeyToken=b03f5f7f11d50a3a"><codeBase type="System.String">e:/projects/brownshoe/unit_tests/product/src/BrownShoe/Testing/UnitTests/bin/BrownShoe.UnitTests.DLL</codeBase><adapterTypeName type="System.String">Microsoft.VisualStudio.TestTools.TestTypes.Unit.UnitTestAdapter, Microsoft.VisualStudio.QualityTools.Tips.UnitTest.Adapter</adapterTypeName><testMethod type="Microsoft.VisualStudio.TestTools.TestTypes.Unit.TestMethod, Microsoft.VisualStudio.QualityTools.Tips.UnitTest.ObjectModel, Version=8.0.0.0, Culture=neutral, PublicKeyToken=b03f5f7f11d50a3a"><className type="System.String">BrownShoe.UnitTests.Services.Madison.MadisonWebServiceTest, BrownShoe.UnitTests, Version=1.0.0.0, Culture=neutral, PublicKeyToken=null</className><name type="System.String">VerifyRewardsMemberTest</name><expectedExceptionMessage type="System.String" /><isValid type="System.Boolean">False</isValid></testMethod><aspNetDevServers type="System.Collections.Generic.List`1[[Microsoft.VisualStudio.TestTools.Common.AspNetDevelopmentServer, Microsoft.VisualStudio.QualityTools.Common, Version=8.0.0.0, Culture=neutral, PublicKeyToken=b03f5f7f11d50a3a]]"><_size type="System.Int32">0</_size><_version type="System.Int32">0</_version></aspNetDevServers><dataAccessMethod type="Microsoft.VisualStudio.TestTools.UnitTesting.DataAccessMethod, Microsoft.VisualStudio.QualityTools.UnitTestFramework, Version=8.0.0.0, Culture=neutral, PublicKeyToken=b03f5f7f11d50a3a"><value__ type="System.Int32">0</value__></dataAccessMethod><cssProjectStructure type="System.String" /><isRunOnRestart type="System.Boolean">False</isRunOnRestart><timeOut type="System.Int32">0</timeOut><isGroupable type="System.Boolean">True</isGroupable><abortRunOnAgentFailure type="System.Boolean">False</abortRunOnAgentFailure><cssIteration type="System.String" /><workItemIds type="System.Collections.Generic.List`1[[System.Int32, mscorlib, Version=2.0.0.0, Culture=neutral, PublicKeyToken=b77a5c561934e089]]"><_size type="System.Int32">0</_size><_version type="System.Int32">1</_version></workItemIds><id type="Microsoft.VisualStudio.TestTools.Common.TestId"><id type="System.Guid">14b5f40b-baea-93e4-c768-69e13f70fac2</id></id><name type="System.String">VerifyRewardsMemberTest</name><description type="System.String" /><enabled type="System.Boolean">True</enabled><owner type="System.String" /><priority type="System.Int32">0</priority><executionId type="Microsoft.VisualStudio.TestTools.Common.TestExecId"><id type="System.Guid">00000000-0000-0000-0000-000000000000</id></executionId><parentExecutId type="Microsoft.VisualStudio.TestTools.Common.TestExecId"><id type="System.Guid">00000000-0000-0000-0000-000000000000</id></parentExecutId><deploymentItems type="Microsoft.VisualStudio.TestTools.Common.DeploymentItemCollection" /><agentAttributes type="System.Collections.Specialized.StringDictionary, System, Version=2.0.0.0, Culture=neutral, PublicKeyToken=b77a5c561934e089" /><storage type="System.String">e:\projects\brownshoe\unit_tests\product\src\brownshoe\testing\unittests\bin\brownshoe.unittests.dll</storage><m_nonRunnableReason type="System.String" /></value><key type="Microsoft.VisualStudio.TestTools.Common.TestId"><id type="System.Guid">8e329b5d-f859-ea8d-ad62-210910e40524</id></key><value type="Microsoft.VisualStudio.TestTools.TestTypes.Unit.UnitTestElement, Microsoft.VisualStudio.QualityTools.Tips.UnitTest.ObjectModel, Version=8.0.0.0, Culture=neutral, PublicKeyToken=b03f5f7f11d50a3a"><codeBase type="System.String">e:/projects/brownshoe/unit_tests/product/src/BrownShoe/Testing/UnitTests/bin/BrownShoe.UnitTests.DLL</codeBase><adapterTypeName type="System.String">Microsoft.VisualStudio.TestTools.TestTypes.Unit.UnitTestAdapter, Microsoft.VisualStudio.QualityTools.Tips.UnitTest.Adapter</adapterTypeName><testMethod type="Microsoft.VisualStudio.TestTools.TestTypes.Unit.TestMethod, Microsoft.VisualStudio.QualityTools.Tips.UnitTest.ObjectModel, Version=8.0.0.0, Culture=neutral, PublicKeyToken=b03f5f7f11d50a3a"><className type="System.String">BrownShoe.UnitTests.Services.Orders.OrderServiceTest, BrownShoe.UnitTests, Version=1.0.0.0, Culture=neutral, PublicKeyToken=null</className><name type="System.String">ListOverrideShippingMethodWithCostTest</name><expectedExceptionMessage type="System.String" /><isValid type="System.Boolean">False</isValid></testMethod><aspNetDevServers type="System.Collections.Generic.List`1[[Microsoft.VisualStudio.TestTools.Common.AspNetDevelopmentServer, Microsoft.VisualStudio.QualityTools.Common, Version=8.0.0.0, Culture=neutral, PublicKeyToken=b03f5f7f11d50a3a]]"><_size type="System.Int32">0</_size><_version type="System.Int32">0</_version></aspNetDevServers><dataAccessMethod type="Microsoft.VisualStudio.TestTools.UnitTesting.DataAccessMethod, Microsoft.VisualStudio.QualityTools.UnitTestFramework, Version=8.0.0.0, Culture=neutral, PublicKeyToken=b03f5f7f11d50a3a"><value__ type="System.Int32">0</value__></dataAccessMethod><cssProjectStructure type="System.String" /><isRunOnRestart type="System.Boolean">False</isRunOnRestart><timeOut type="System.Int32">0</timeOut><isGroupable type="System.Boolean">True</isGroupable><abortRunOnAgentFailure type="System.Boolean">False</abortRunOnAgentFailure><cssIteration type="System.String" /><workItemIds type="System.Collections.Generic.List`1[[System.Int32, mscorlib, Version=2.0.0.0, Culture=neutral, PublicKeyToken=b77a5c561934e089]]"><_size type="System.Int32">0</_size><_version type="System.Int32">1</_version></workItemIds><id type="Microsoft.VisualStudio.TestTools.Common.TestId"><id type="System.Guid">8e329b5d-f859-ea8d-ad62-210910e40524</id></id><name type="System.String">ListOverrideShippingMethodWithCostTest</name><description type="System.String" /><enabled type="System.Boolean">True</enabled><owner type="System.String" /><priority type="System.Int32">0</priority><executionId type="Microsoft.VisualStudio.TestTools.Common.TestExecId"><id type="System.Guid">00000000-0000-0000-0000-000000000000</id></executionId><parentExecutId type="Microsoft.VisualStudio.TestTools.Common.TestExecId"><id type="System.Guid">00000000-0000-0000-0000-000000000000</id></parentExecutId><deploymentItems type="Microsoft.VisualStudio.TestTools.Common.DeploymentItemCollection" /><agentAttributes type="System.Collections.Specialized.StringDictionary, System, Version=2.0.0.0, Culture=neutral, PublicKeyToken=b77a5c561934e089" /><storage type="System.String">e:\projects\brownshoe\unit_tests\product\src\brownshoe\testing\unittests\bin\brownshoe.unittests.dll</storage><m_nonRunnableReason type="System.String" /></value><key type="Microsoft.VisualStudio.TestTools.Common.TestId"><id type="System.Guid">64ec2b9f-f2f6-bb94-328a-cab7cf01d259</id></key><value type="Microsoft.VisualStudio.TestTools.TestTypes.Unit.UnitTestElement, Microsoft.VisualStudio.QualityTools.Tips.UnitTest.ObjectModel, Version=8.0.0.0, Culture=neutral, PublicKeyToken=b03f5f7f11d50a3a"><codeBase type="System.String">e:/projects/brownshoe/unit_tests/product/src/BrownShoe/Testing/UnitTests/bin/BrownShoe.UnitTests.DLL</codeBase><adapterTypeName type="System.String">Microsoft.VisualStudio.TestTools.TestTypes.Unit.UnitTestAdapter, Microsoft.VisualStudio.QualityTools.Tips.UnitTest.Adapter</adapterTypeName><testMethod type="Microsoft.VisualStudio.TestTools.TestTypes.Unit.TestMethod, Microsoft.VisualStudio.QualityTools.Tips.UnitTest.ObjectModel, Version=8.0.0.0, Culture=neutral, PublicKeyToken=b03f5f7f11d50a3a"><className type="System.String">BrownShoe.UnitTests.Services.Madison.MadisonWebServiceResultStoreLocationTest, BrownShoe.UnitTests, Version=1.0.0.0, Culture=neutral, PublicKeyToken=null</className><name type="System.String">DataTest</name><expectedExceptionMessage type="System.String" /><isValid type="System.Boolean">False</isValid></testMethod><aspNetDevServers type="System.Collections.Generic.List`1[[Microsoft.VisualStudio.TestTools.Common.AspNetDevelopmentServer, Microsoft.VisualStudio.QualityTools.Common, Version=8.0.0.0, Culture=neutral, PublicKeyToken=b03f5f7f11d50a3a]]"><_size type="System.Int32">0</_size><_version type="System.Int32">0</_version></aspNetDevServers><dataAccessMethod type="Microsoft.VisualStudio.TestTools.UnitTesting.DataAccessMethod, Microsoft.VisualStudio.QualityTools.UnitTestFramework, Version=8.0.0.0, Culture=neutral, PublicKeyToken=b03f5f7f11d50a3a"><value__ type="System.Int32">0</value__></dataAccessMethod><cssProjectStructure type="System.String" /><isRunOnRestart type="System.Boolean">False</isRunOnRestart><timeOut type="System.Int32">0</timeOut><isGroupable type="System.Boolean">True</isGroupable><abortRunOnAgentFailure type="System.Boolean">False</abortRunOnAgentFailure><cssIteration type="System.String" /><workItemIds type="System.Collections.Generic.List`1[[System.Int32, mscorlib, Version=2.0.0.0, Culture=neutral, PublicKeyToken=b77a5c561934e089]]"><_size type="System.Int32">0</_size><_version type="System.Int32">1</_version></workItemIds><id type="Microsoft.VisualStudio.TestTools.Common.TestId"><id type="System.Guid">64ec2b9f-f2f6-bb94-328a-cab7cf01d259</id></id><name type="System.String">DataTest</name><description type="System.String" /><enabled type="System.Boolean">True</enabled><owner type="System.String" /><priority type="System.Int32">0</priority><executionId type="Microsoft.VisualStudio.TestTools.Common.TestExecId"><id type="System.Guid">00000000-0000-0000-0000-000000000000</id></executionId><parentExecutId type="Microsoft.VisualStudio.TestTools.Common.TestExecId"><id type="System.Guid">00000000-0000-0000-0000-000000000000</id></parentExecutId><deploymentItems type="Microsoft.VisualStudio.TestTools.Common.DeploymentItemCollection" /><agentAttributes type="System.Collections.Specialized.StringDictionary, System, Version=2.0.0.0, Culture=neutral, PublicKeyToken=b77a5c561934e089" /><storage type="System.String">e:\projects\brownshoe\unit_tests\product\src\brownshoe\testing\unittests\bin\brownshoe.unittests.dll</storage><m_nonRunnableReason type="System.String" /></value><key type="Microsoft.VisualStudio.TestTools.Common.TestId"><id type="System.Guid">7239d019-ec0d-004a-4f17-366477381c4f</id></key><value type="Microsoft.VisualStudio.TestTools.TestTypes.Unit.UnitTestElement, Microsoft.VisualStudio.QualityTools.Tips.UnitTest.ObjectModel, Version=8.0.0.0, Culture=neutral, PublicKeyToken=b03f5f7f11d50a3a"><codeBase type="System.String">e:/projects/brownshoe/unit_tests/product/src/BrownShoe/Testing/UnitTests/bin/BrownShoe.UnitTests.DLL</codeBase><adapterTypeName type="System.String">Microsoft.VisualStudio.TestTools.TestTypes.Unit.UnitTestAdapter, Microsoft.VisualStudio.QualityTools.Tips.UnitTest.Adapter</adapterTypeName><testMethod type="Microsoft.VisualStudio.TestTools.TestTypes.Unit.TestMethod, Microsoft.VisualStudio.QualityTools.Tips.UnitTest.ObjectModel, Version=8.0.0.0, Culture=neutral, PublicKeyToken=b03f5f7f11d50a3a"><className type="System.String">BrownShoe.UnitTests.Services.Madison.RewardsProfileTest, BrownShoe.UnitTests, Version=1.0.0.0, Culture=neutral, PublicKeyToken=null</className><name type="System.String">PostalCodeTest</name><expectedExceptionMessage type="System.String" /><isValid type="System.Boolean">False</isValid></testMethod><aspNetDevServers type="System.Collections.Generic.List`1[[Microsoft.VisualStudio.TestTools.Common.AspNetDevelopmentServer, Microsoft.VisualStudio.QualityTools.Common, Version=8.0.0.0, Culture=neutral, PublicKeyToken=b03f5f7f11d50a3a]]"><_size type="System.Int32">0</_size><_version type="System.Int32">0</_version></aspNetDevServers><dataAccessMethod type="Microsoft.VisualStudio.TestTools.UnitTesting.DataAccessMethod, Microsoft.VisualStudio.QualityTools.UnitTestFramework, Version=8.0.0.0, Culture=neutral, PublicKeyToken=b03f5f7f11d50a3a"><value__ type="System.Int32">0</value__></dataAccessMethod><cssProjectStructure type="System.String" /><isRunOnRestart type="System.Boolean">False</isRunOnRestart><timeOut type="System.Int32">0</timeOut><isGroupable type="System.Boolean">True</isGroupable><abortRunOnAgentFailure type="System.Boolean">False</abortRunOnAgentFailure><cssIteration type="System.String" /><workItemIds type="System.Collections.Generic.List`1[[System.Int32, mscorlib, Version=2.0.0.0, Culture=neutral, PublicKeyToken=b77a5c561934e089]]"><_size type="System.Int32">0</_size><_version type="System.Int32">1</_version></workItemIds><id type="Microsoft.VisualStudio.TestTools.Common.TestId"><id type="System.Guid">7239d019-ec0d-004a-4f17-366477381c4f</id></id><name type="System.String">PostalCodeTest</name><description type="System.String" /><enabled type="System.Boolean">True</enabled><owner type="System.String" /><priority type="System.Int32">0</priority><executionId type="Microsoft.VisualStudio.TestTools.Common.TestExecId"><id type="System.Guid">00000000-0000-0000-0000-000000000000</id></executionId><parentExecutId type="Microsoft.VisualStudio.TestTools.Common.TestExecId"><id type="System.Guid">00000000-0000-0000-0000-000000000000</id></parentExecutId><deploymentItems type="Microsoft.VisualStudio.TestTools.Common.DeploymentItemCollection" /><agentAttributes type="System.Collections.Specialized.StringDictionary, System, Version=2.0.0.0, Culture=neutral, PublicKeyToken=b77a5c561934e089" /><storage type="System.String">e:\projects\brownshoe\unit_tests\product\src\brownshoe\testing\unittests\bin\brownshoe.unittests.dll</storage><m_nonRunnableReason type="System.String" /></value><key type="Microsoft.VisualStudio.TestTools.Common.TestId"><id type="System.Guid">cb7ed765-93e1-66c7-8d32-a6ab30bcaba1</id></key><value type="Microsoft.VisualStudio.TestTools.TestTypes.Unit.UnitTestElement, Microsoft.VisualStudio.QualityTools.Tips.UnitTest.ObjectModel, Version=8.0.0.0, Culture=neutral, PublicKeyToken=b03f5f7f11d50a3a"><codeBase type="System.String">e:/projects/brownshoe/unit_tests/product/src/BrownShoe/Testing/UnitTests/bin/BrownShoe.UnitTests.DLL</codeBase><adapterTypeName type="System.String">Microsoft.VisualStudio.TestTools.TestTypes.Unit.UnitTestAdapter, Microsoft.VisualStudio.QualityTools.Tips.UnitTest.Adapter</adapterTypeName><testMethod type="Microsoft.VisualStudio.TestTools.TestTypes.Unit.TestMethod, Microsoft.VisualStudio.QualityTools.Tips.UnitTest.ObjectModel, Version=8.0.0.0, Culture=neutral, PublicKeyToken=b03f5f7f11d50a3a"><className type="System.String">BrownShoe.UnitTests.Services.DataAccess.SysMonDBTest, BrownShoe.UnitTests, Version=1.0.0.0, Culture=neutral, PublicKeyToken=null</className><name type="System.String">CheckDTCInventoryTest</name><expectedExceptionMessage type="System.String" /><isValid type="System.Boolean">False</isValid></testMethod><aspNetDevServers type="System.Collections.Generic.List`1[[Microsoft.VisualStudio.TestTools.Common.AspNetDevelopmentServer, Microsoft.VisualStudio.QualityTools.Common, Version=8.0.0.0, Culture=neutral, PublicKeyToken=b03f5f7f11d50a3a]]"><_size type="System.Int32">0</_size><_version type="System.Int32">0</_version></aspNetDevServers><dataAccessMethod type="Microsoft.VisualStudio.TestTools.UnitTesting.DataAccessMethod, Microsoft.VisualStudio.QualityTools.UnitTestFramework, Version=8.0.0.0, Culture=neutral, PublicKeyToken=b03f5f7f11d50a3a"><value__ type="System.Int32">0</value__></dataAccessMethod><cssProjectStructure type="System.String" /><isRunOnRestart type="System.Boolean">False</isRunOnRestart><timeOut type="System.Int32">0</timeOut><isGroupable type="System.Boolean">True</isGroupable><abortRunOnAgentFailure type="System.Boolean">False</abortRunOnAgentFailure><cssIteration type="System.String" /><workItemIds type="System.Collections.Generic.List`1[[System.Int32, mscorlib, Version=2.0.0.0, Culture=neutral, PublicKeyToken=b77a5c561934e089]]"><_size type="System.Int32">0</_size><_version type="System.Int32">1</_version></workItemIds><id type="Microsoft.VisualStudio.TestTools.Common.TestId"><id type="System.Guid">cb7ed765-93e1-66c7-8d32-a6ab30bcaba1</id></id><name type="System.String">CheckDTCInventoryTest</name><description type="System.String" /><enabled type="System.Boolean">True</enabled><owner type="System.String" /><priority type="System.Int32">0</priority><executionId type="Microsoft.VisualStudio.TestTools.Common.TestExecId"><id type="System.Guid">00000000-0000-0000-0000-000000000000</id></executionId><parentExecutId type="Microsoft.VisualStudio.TestTools.Common.TestExecId"><id type="System.Guid">00000000-0000-0000-0000-000000000000</id></parentExecutId><deploymentItems type="Microsoft.VisualStudio.TestTools.Common.DeploymentItemCollection" /><agentAttributes type="System.Collections.Specialized.StringDictionary, System, Version=2.0.0.0, Culture=neutral, PublicKeyToken=b77a5c561934e089" /><storage type="System.String">e:\projects\brownshoe\unit_tests\product\src\brownshoe\testing\unittests\bin\brownshoe.unittests.dll</storage><m_nonRunnableReason type="System.String" /></value><key type="Microsoft.VisualStudio.TestTools.Common.TestId"><id type="System.Guid">3a493e3f-9919-4cf4-1b29-edb9b959d2cb</id></key><value type="Microsoft.VisualStudio.TestTools.TestTypes.Unit.UnitTestElement, Microsoft.VisualStudio.QualityTools.Tips.UnitTest.ObjectModel, Version=8.0.0.0, Culture=neutral, PublicKeyToken=b03f5f7f11d50a3a"><codeBase type="System.String">e:/projects/brownshoe/unit_tests/product/src/BrownShoe/Testing/UnitTests/bin/BrownShoe.UnitTests.DLL</codeBase><adapterTypeName type="System.String">Microsoft.VisualStudio.TestTools.TestTypes.Unit.UnitTestAdapter, Microsoft.VisualStudio.QualityTools.Tips.UnitTest.Adapter</adapterTypeName><testMethod type="Microsoft.VisualStudio.TestTools.TestTypes.Unit.TestMethod, Microsoft.VisualStudio.QualityTools.Tips.UnitTest.ObjectModel, Version=8.0.0.0, Culture=neutral, PublicKeyToken=b03f5f7f11d50a3a"><className type="System.String">BrownShoe.UnitTests.Services.Madison.AddressServiceTest, BrownShoe.UnitTests, Version=1.0.0.0, Culture=neutral, PublicKeyToken=null</className><name type="System.String">CreateTest</name><expectedExceptionMessage type="System.String" /><isValid type="System.Boolean">False</isValid></testMethod><aspNetDevServers type="System.Collections.Generic.List`1[[Microsoft.VisualStudio.TestTools.Common.AspNetDevelopmentServer, Microsoft.VisualStudio.QualityTools.Common, Version=8.0.0.0, Culture=neutral, PublicKeyToken=b03f5f7f11d50a3a]]"><_size type="System.Int32">0</_size><_version type="System.Int32">0</_version></aspNetDevServers><dataAccessMethod type="Microsoft.VisualStudio.TestTools.UnitTesting.DataAccessMethod, Microsoft.VisualStudio.QualityTools.UnitTestFramework, Version=8.0.0.0, Culture=neutral, PublicKeyToken=b03f5f7f11d50a3a"><value__ type="System.Int32">0</value__></dataAccessMethod><cssProjectStructure type="System.String" /><isRunOnRestart type="System.Boolean">False</isRunOnRestart><timeOut type="System.Int32">0</timeOut><isGroupable type="System.Boolean">True</isGroupable><abortRunOnAgentFailure type="System.Boolean">False</abortRunOnAgentFailure><cssIteration type="System.String" /><workItemIds type="System.Collections.Generic.List`1[[System.Int32, mscorlib, Version=2.0.0.0, Culture=neutral, PublicKeyToken=b77a5c561934e089]]"><_size type="System.Int32">0</_size><_version type="System.Int32">1</_version></workItemIds><id type="Microsoft.VisualStudio.TestTools.Common.TestId"><id type="System.Guid">3a493e3f-9919-4cf4-1b29-edb9b959d2cb</id></id><name type="System.String">CreateTest</name><description type="System.String" /><enabled type="System.Boolean">True</enabled><owner type="System.String" /><priority type="System.Int32">0</priority><executionId type="Microsoft.VisualStudio.TestTools.Common.TestExecId"><id type="System.Guid">00000000-0000-0000-0000-000000000000</id></executionId><parentExecutId type="Microsoft.VisualStudio.TestTools.Common.TestExecId"><id type="System.Guid">00000000-0000-0000-0000-000000000000</id></parentExecutId><deploymentItems type="Microsoft.VisualStudio.TestTools.Common.DeploymentItemCollection" /><agentAttributes type="System.Collections.Specialized.StringDictionary, System, Version=2.0.0.0, Culture=neutral, PublicKeyToken=b77a5c561934e089" /><storage type="System.String">e:\projects\brownshoe\unit_tests\product\src\brownshoe\testing\unittests\bin\brownshoe.unittests.dll</storage><m_nonRunnableReason type="System.String" /></value><key type="Microsoft.VisualStudio.TestTools.Common.TestId"><id type="System.Guid">47bc97cf-05b1-c903-3afb-da812c073525</id></key><value type="Microsoft.VisualStudio.TestTools.TestTypes.Unit.UnitTestElement, Microsoft.VisualStudio.QualityTools.Tips.UnitTest.ObjectModel, Version=8.0.0.0, Culture=neutral, PublicKeyToken=b03f5f7f11d50a3a"><codeBase type="System.String">e:/projects/brownshoe/unit_tests/product/src/BrownShoe/Testing/UnitTests/bin/BrownShoe.UnitTests.DLL</codeBase><adapterTypeName type="System.String">Microsoft.VisualStudio.TestTools.TestTypes.Unit.UnitTestAdapter, Microsoft.VisualStudio.QualityTools.Tips.UnitTest.Adapter</adapterTypeName><testMethod type="Microsoft.VisualStudio.TestTools.TestTypes.Unit.TestMethod, Microsoft.VisualStudio.QualityTools.Tips.UnitTest.ObjectModel, Version=8.0.0.0, Culture=neutral, PublicKeyToken=b03f5f7f11d50a3a"><className type="System.String">BrownShoe.UnitTests.Services.Profiles.ProfileServiceTest, BrownShoe.UnitTests, Version=1.0.0.0, Culture=neutral, PublicKeyToken=null</className><name type="System.String">SetPreferredShippingMethodTest</name><expectedExceptionMessage type="System.String" /><isValid type="System.Boolean">False</isValid></testMethod><aspNetDevServers type="System.Collections.Generic.List`1[[Microsoft.VisualStudio.TestTools.Common.AspNetDevelopmentServer, Microsoft.VisualStudio.QualityTools.Common, Version=8.0.0.0, Culture=neutral, PublicKeyToken=b03f5f7f11d50a3a]]"><_size type="System.Int32">0</_size><_version type="System.Int32">0</_version></aspNetDevServers><dataAccessMethod type="Microsoft.VisualStudio.TestTools.UnitTesting.DataAccessMethod, Microsoft.VisualStudio.QualityTools.UnitTestFramework, Version=8.0.0.0, Culture=neutral, PublicKeyToken=b03f5f7f11d50a3a"><value__ type="System.Int32">0</value__></dataAccessMethod><cssProjectStructure type="System.String" /><isRunOnRestart type="System.Boolean">False</isRunOnRestart><timeOut type="System.Int32">0</timeOut><isGroupable type="System.Boolean">True</isGroupable><abortRunOnAgentFailure type="System.Boolean">False</abortRunOnAgentFailure><cssIteration type="System.String" /><workItemIds type="System.Collections.Generic.List`1[[System.Int32, mscorlib, Version=2.0.0.0, Culture=neutral, PublicKeyToken=b77a5c561934e089]]"><_size type="System.Int32">0</_size><_version type="System.Int32">1</_version></workItemIds><id type="Microsoft.VisualStudio.TestTools.Common.TestId"><id type="System.Guid">47bc97cf-05b1-c903-3afb-da812c073525</id></id><name type="System.String">SetPreferredShippingMethodTest</name><description type="System.String" /><enabled type="System.Boolean">True</enabled><owner type="System.String" /><priority type="System.Int32">0</priority><executionId type="Microsoft.VisualStudio.TestTools.Common.TestExecId"><id type="System.Guid">00000000-0000-0000-0000-000000000000</id></executionId><parentExecutId type="Microsoft.VisualStudio.TestTools.Common.TestExecId"><id type="System.Guid">00000000-0000-0000-0000-000000000000</id></parentExecutId><deploymentItems type="Microsoft.VisualStudio.TestTools.Common.DeploymentItemCollection" /><agentAttributes type="System.Collections.Specialized.StringDictionary, System, Version=2.0.0.0, Culture=neutral, PublicKeyToken=b77a5c561934e089" /><storage type="System.String">e:\projects\brownshoe\unit_tests\product\src\brownshoe\testing\unittests\bin\brownshoe.unittests.dll</storage><m_nonRunnableReason type="System.String" /></value><key type="Microsoft.VisualStudio.TestTools.Common.TestId"><id type="System.Guid">b80e42f3-29e0-a495-32b7-f4809a434115</id></key><value type="Microsoft.VisualStudio.TestTools.TestTypes.Unit.UnitTestElement, Microsoft.VisualStudio.QualityTools.Tips.UnitTest.ObjectModel, Version=8.0.0.0, Culture=neutral, PublicKeyToken=b03f5f7f11d50a3a"><codeBase type="System.String">e:/projects/brownshoe/unit_tests/product/src/BrownShoe/Testing/UnitTests/bin/BrownShoe.UnitTests.DLL</codeBase><adapterTypeName type="System.String">Microsoft.VisualStudio.TestTools.TestTypes.Unit.UnitTestAdapter, Microsoft.VisualStudio.QualityTools.Tips.UnitTest.Adapter</adapterTypeName><testMethod type="Microsoft.VisualStudio.TestTools.TestTypes.Unit.TestMethod, Microsoft.VisualStudio.QualityTools.Tips.UnitTest.ObjectModel, Version=8.0.0.0, Culture=neutral, PublicKeyToken=b03f5f7f11d50a3a"><className type="System.String">BrownShoe.UnitTests.Services.Madison.SizeDataTest, BrownShoe.UnitTests, Version=1.0.0.0, Culture=neutral, PublicKeyToken=null</className><name type="System.String">DisplaySizeTest</name><expectedExceptionMessage type="System.String" /><isValid type="System.Boolean">False</isValid></testMethod><aspNetDevServers type="System.Collections.Generic.List`1[[Microsoft.VisualStudio.TestTools.Common.AspNetDevelopmentServer, Microsoft.VisualStudio.QualityTools.Common, Version=8.0.0.0, Culture=neutral, PublicKeyToken=b03f5f7f11d50a3a]]"><_size type="System.Int32">0</_size><_version type="System.Int32">0</_version></aspNetDevServers><dataAccessMethod type="Microsoft.VisualStudio.TestTools.UnitTesting.DataAccessMethod, Microsoft.VisualStudio.QualityTools.UnitTestFramework, Version=8.0.0.0, Culture=neutral, PublicKeyToken=b03f5f7f11d50a3a"><value__ type="System.Int32">0</value__></dataAccessMethod><cssProjectStructure type="System.String" /><isRunOnRestart type="System.Boolean">False</isRunOnRestart><timeOut type="System.Int32">0</timeOut><isGroupable type="System.Boolean">True</isGroupable><abortRunOnAgentFailure type="System.Boolean">False</abortRunOnAgentFailure><cssIteration type="System.String" /><workItemIds type="System.Collections.Generic.List`1[[System.Int32, mscorlib, Version=2.0.0.0, Culture=neutral, PublicKeyToken=b77a5c561934e089]]"><_size type="System.Int32">0</_size><_version type="System.Int32">1</_version></workItemIds><id type="Microsoft.VisualStudio.TestTools.Common.TestId"><id type="System.Guid">b80e42f3-29e0-a495-32b7-f4809a434115</id></id><name type="System.String">DisplaySizeTest</name><description type="System.String" /><enabled type="System.Boolean">True</enabled><owner type="System.String" /><priority type="System.Int32">0</priority><executionId type="Microsoft.VisualStudio.TestTools.Common.TestExecId"><id type="System.Guid">00000000-0000-0000-0000-000000000000</id></executionId><parentExecutId type="Microsoft.VisualStudio.TestTools.Common.TestExecId"><id type="System.Guid">00000000-0000-0000-0000-000000000000</id></parentExecutId><deploymentItems type="Microsoft.VisualStudio.TestTools.Common.DeploymentItemCollection" /><agentAttributes type="System.Collections.Specialized.StringDictionary, System, Version=2.0.0.0, Culture=neutral, PublicKeyToken=b77a5c561934e089" /><storage type="System.String">e:\projects\brownshoe\unit_tests\product\src\brownshoe\testing\unittests\bin\brownshoe.unittests.dll</storage><m_nonRunnableReason type="System.String" /></value><key type="Microsoft.VisualStudio.TestTools.Common.TestId"><id type="System.Guid">703fee9e-9f3e-9dbe-54c8-51d3e7e2cfb9</id></key><value type="Microsoft.VisualStudio.TestTools.TestTypes.Unit.UnitTestElement, Microsoft.VisualStudio.QualityTools.Tips.UnitTest.ObjectModel, Version=8.0.0.0, Culture=neutral, PublicKeyToken=b03f5f7f11d50a3a"><codeBase type="System.String">e:/projects/brownshoe/unit_tests/product/src/BrownShoe/Testing/UnitTests/bin/BrownShoe.UnitTests.DLL</codeBase><adapterTypeName type="System.String">Microsoft.VisualStudio.TestTools.TestTypes.Unit.UnitTestAdapter, Microsoft.VisualStudio.QualityTools.Tips.UnitTest.Adapter</adapterTypeName><testMethod type="Microsoft.VisualStudio.TestTools.TestTypes.Unit.TestMethod, Microsoft.VisualStudio.QualityTools.Tips.UnitTest.ObjectModel, Version=8.0.0.0, Culture=neutral, PublicKeyToken=b03f5f7f11d50a3a"><className type="System.String">BrownShoe.UnitTests.Services.DataAccess.SysMonDBTest, BrownShoe.UnitTests, Version=1.0.0.0, Culture=neutral, PublicKeyToken=null</className><name type="System.String">CheckAmazonExceptions1Test</name><expectedExceptionMessage type="System.String" /><isValid type="System.Boolean">False</isValid></testMethod><aspNetDevServers type="System.Collections.Generic.List`1[[Microsoft.VisualStudio.TestTools.Common.AspNetDevelopmentServer, Microsoft.VisualStudio.QualityTools.Common, Version=8.0.0.0, Culture=neutral, PublicKeyToken=b03f5f7f11d50a3a]]"><_size type="System.Int32">0</_size><_version type="System.Int32">0</_version></aspNetDevServers><dataAccessMethod type="Microsoft.VisualStudio.TestTools.UnitTesting.DataAccessMethod, Microsoft.VisualStudio.QualityTools.UnitTestFramework, Version=8.0.0.0, Culture=neutral, PublicKeyToken=b03f5f7f11d50a3a"><value__ type="System.Int32">0</value__></dataAccessMethod><cssProjectStructure type="System.String" /><isRunOnRestart type="System.Boolean">False</isRunOnRestart><timeOut type="System.Int32">0</timeOut><isGroupable type="System.Boolean">True</isGroupable><abortRunOnAgentFailure type="System.Boolean">False</abortRunOnAgentFailure><cssIteration type="System.String" /><workItemIds type="System.Collections.Generic.List`1[[System.Int32, mscorlib, Version=2.0.0.0, Culture=neutral, PublicKeyToken=b77a5c561934e089]]"><_size type="System.Int32">0</_size><_version type="System.Int32">1</_version></workItemIds><id type="Microsoft.VisualStudio.TestTools.Common.TestId"><id type="System.Guid">703fee9e-9f3e-9dbe-54c8-51d3e7e2cfb9</id></id><name type="System.String">CheckAmazonExceptions1Test</name><description type="System.String" /><enabled type="System.Boolean">True</enabled><owner type="System.String" /><priority type="System.Int32">0</priority><executionId type="Microsoft.VisualStudio.TestTools.Common.TestExecId"><id type="System.Guid">00000000-0000-0000-0000-000000000000</id></executionId><parentExecutId type="Microsoft.VisualStudio.TestTools.Common.TestExecId"><id type="System.Guid">00000000-0000-0000-0000-000000000000</id></parentExecutId><deploymentItems type="Microsoft.VisualStudio.TestTools.Common.DeploymentItemCollection" /><agentAttributes type="System.Collections.Specialized.StringDictionary, System, Version=2.0.0.0, Culture=neutral, PublicKeyToken=b77a5c561934e089" /><storage type="System.String">e:\projects\brownshoe\unit_tests\product\src\brownshoe\testing\unittests\bin\brownshoe.unittests.dll</storage><m_nonRunnableReason type="System.String" /></value><key type="Microsoft.VisualStudio.TestTools.Common.TestId"><id type="System.Guid">9b4e73af-5153-9663-b862-b60a523857ad</id></key><value type="Microsoft.VisualStudio.TestTools.TestTypes.Unit.UnitTestElement, Microsoft.VisualStudio.QualityTools.Tips.UnitTest.ObjectModel, Version=8.0.0.0, Culture=neutral, PublicKeyToken=b03f5f7f11d50a3a"><codeBase type="System.String">e:/projects/brownshoe/unit_tests/product/src/BrownShoe/Testing/UnitTests/bin/BrownShoe.UnitTests.DLL</codeBase><adapterTypeName type="System.String">Microsoft.VisualStudio.TestTools.TestTypes.Unit.UnitTestAdapter, Microsoft.VisualStudio.QualityTools.Tips.UnitTest.Adapter</adapterTypeName><testMethod type="Microsoft.VisualStudio.TestTools.TestTypes.Unit.TestMethod, Microsoft.VisualStudio.QualityTools.Tips.UnitTest.ObjectModel, Version=8.0.0.0, Culture=neutral, PublicKeyToken=b03f5f7f11d50a3a"><className type="System.String">BrownShoe.UnitTests.Services.MarketingAdmin.MarketingAdminServiceTest, BrownShoe.UnitTests, Version=1.0.0.0, Culture=neutral, PublicKeyToken=null</className><name type="System.String">CreateGiftCertificatesTest</name><expectedExceptionMessage type="System.String" /><isValid type="System.Boolean">False</isValid></testMethod><aspNetDevServers type="System.Collections.Generic.List`1[[Microsoft.VisualStudio.TestTools.Common.AspNetDevelopmentServer, Microsoft.VisualStudio.QualityTools.Common, Version=8.0.0.0, Culture=neutral, PublicKeyToken=b03f5f7f11d50a3a]]"><_size type="System.Int32">0</_size><_version type="System.Int32">0</_version></aspNetDevServers><dataAccessMethod type="Microsoft.VisualStudio.TestTools.UnitTesting.DataAccessMethod, Microsoft.VisualStudio.QualityTools.UnitTestFramework, Version=8.0.0.0, Culture=neutral, PublicKeyToken=b03f5f7f11d50a3a"><value__ type="System.Int32">0</value__></dataAccessMethod><cssProjectStructure type="System.String" /><isRunOnRestart type="System.Boolean">False</isRunOnRestart><timeOut type="System.Int32">0</timeOut><isGroupable type="System.Boolean">True</isGroupable><abortRunOnAgentFailure type="System.Boolean">False</abortRunOnAgentFailure><cssIteration type="System.String" /><workItemIds type="System.Collections.Generic.List`1[[System.Int32, mscorlib, Version=2.0.0.0, Culture=neutral, PublicKeyToken=b77a5c561934e089]]"><_size type="System.Int32">0</_size><_version type="System.Int32">1</_version></workItemIds><id type="Microsoft.VisualStudio.TestTools.Common.TestId"><id type="System.Guid">9b4e73af-5153-9663-b862-b60a523857ad</id></id><name type="System.String">CreateGiftCertificatesTest</name><description type="System.String" /><enabled type="System.Boolean">True</enabled><owner type="System.String" /><priority type="System.Int32">0</priority><executionId type="Microsoft.VisualStudio.TestTools.Common.TestExecId"><id type="System.Guid">00000000-0000-0000-0000-000000000000</id></executionId><parentExecutId type="Microsoft.VisualStudio.TestTools.Common.TestExecId"><id type="System.Guid">00000000-0000-0000-0000-000000000000</id></parentExecutId><deploymentItems type="Microsoft.VisualStudio.TestTools.Common.DeploymentItemCollection" /><agentAttributes type="System.Collections.Specialized.StringDictionary, System, Version=2.0.0.0, Culture=neutral, PublicKeyToken=b77a5c561934e089" /><storage type="System.String">e:\projects\brownshoe\unit_tests\product\src\brownshoe\testing\unittests\bin\brownshoe.unittests.dll</storage><m_nonRunnableReason type="System.String" /></value><key type="Microsoft.VisualStudio.TestTools.Common.TestId"><id type="System.Guid">5882ea2d-fc2a-56da-6cb1-2e74bc8c2564</id></key><value type="Microsoft.VisualStudio.TestTools.TestTypes.Unit.UnitTestElement, Microsoft.VisualStudio.QualityTools.Tips.UnitTest.ObjectModel, Version=8.0.0.0, Culture=neutral, PublicKeyToken=b03f5f7f11d50a3a"><codeBase type="System.String">e:/projects/brownshoe/unit_tests/product/src/BrownShoe/Testing/UnitTests/bin/BrownShoe.UnitTests.DLL</codeBase><adapterTypeName type="System.String">Microsoft.VisualStudio.TestTools.TestTypes.Unit.UnitTestAdapter, Microsoft.VisualStudio.QualityTools.Tips.UnitTest.Adapter</adapterTypeName><testMethod type="Microsoft.VisualStudio.TestTools.TestTypes.Unit.TestMethod, Microsoft.VisualStudio.QualityTools.Tips.UnitTest.ObjectModel, Version=8.0.0.0, Culture=neutral, PublicKeyToken=b03f5f7f11d50a3a"><className type="System.String">BrownShoe.UnitTests.Services.Orders.GiftCardServiceTest, BrownShoe.UnitTests, Version=1.0.0.0, Culture=neutral, PublicKeyToken=null</className><name type="System.String">DebitGiftCardTest</name><expectedExceptionMessage type="System.String" /><isValid type="System.Boolean">False</isValid></testMethod><aspNetDevServers type="System.Collections.Generic.List`1[[Microsoft.VisualStudio.TestTools.Common.AspNetDevelopmentServer, Microsoft.VisualStudio.QualityTools.Common, Version=8.0.0.0, Culture=neutral, PublicKeyToken=b03f5f7f11d50a3a]]"><_size type="System.Int32">0</_size><_version type="System.Int32">0</_version></aspNetDevServers><dataAccessMethod type="Microsoft.VisualStudio.TestTools.UnitTesting.DataAccessMethod, Microsoft.VisualStudio.QualityTools.UnitTestFramework, Version=8.0.0.0, Culture=neutral, PublicKeyToken=b03f5f7f11d50a3a"><value__ type="System.Int32">0</value__></dataAccessMethod><cssProjectStructure type="System.String" /><isRunOnRestart type="System.Boolean">False</isRunOnRestart><timeOut type="System.Int32">0</timeOut><isGroupable type="System.Boolean">True</isGroupable><abortRunOnAgentFailure type="System.Boolean">False</abortRunOnAgentFailure><cssIteration type="System.String" /><workItemIds type="System.Collections.Generic.List`1[[System.Int32, mscorlib, Version=2.0.0.0, Culture=neutral, PublicKeyToken=b77a5c561934e089]]"><_size type="System.Int32">0</_size><_version type="System.Int32">1</_version></workItemIds><id type="Microsoft.VisualStudio.TestTools.Common.TestId"><id type="System.Guid">5882ea2d-fc2a-56da-6cb1-2e74bc8c2564</id></id><name type="System.String">DebitGiftCardTest</name><description type="System.String" /><enabled type="System.Boolean">True</enabled><owner type="System.String" /><priority type="System.Int32">0</priority><executionId type="Microsoft.VisualStudio.TestTools.Common.TestExecId"><id type="System.Guid">00000000-0000-0000-0000-000000000000</id></executionId><parentExecutId type="Microsoft.VisualStudio.TestTools.Common.TestExecId"><id type="System.Guid">00000000-0000-0000-0000-000000000000</id></parentExecutId><deploymentItems type="Microsoft.VisualStudio.TestTools.Common.DeploymentItemCollection" /><agentAttributes type="System.Collections.Specialized.StringDictionary, System, Version=2.0.0.0, Culture=neutral, PublicKeyToken=b77a5c561934e089" /><storage type="System.String">e:\projects\brownshoe\unit_tests\product\src\brownshoe\testing\unittests\bin\brownshoe.unittests.dll</storage><m_nonRunnableReason type="System.String" /></value><key type="Microsoft.VisualStudio.TestTools.Common.TestId"><id type="System.Guid">a1ee21bc-d90e-60ff-c932-ee2e55f11190</id></key><value type="Microsoft.VisualStudio.TestTools.TestTypes.Unit.UnitTestElement, Microsoft.VisualStudio.QualityTools.Tips.UnitTest.ObjectModel, Version=8.0.0.0, Culture=neutral, PublicKeyToken=b03f5f7f11d50a3a"><codeBase type="System.String">e:/projects/brownshoe/unit_tests/product/src/BrownShoe/Testing/UnitTests/bin/BrownShoe.UnitTests.DLL</codeBase><adapterTypeName type="System.String">Microsoft.VisualStudio.TestTools.TestTypes.Unit.UnitTestAdapter, Microsoft.VisualStudio.QualityTools.Tips.UnitTest.Adapter</adapterTypeName><testMethod type="Microsoft.VisualStudio.TestTools.TestTypes.Unit.TestMethod, Microsoft.VisualStudio.QualityTools.Tips.UnitTest.ObjectModel, Version=8.0.0.0, Culture=neutral, PublicKeyToken=b03f5f7f11d50a3a"><className type="System.String">BrownShoe.UnitTests.Services.Madison.HomeDeliveryOrderTest, BrownShoe.UnitTests, Version=1.0.0.0, Culture=neutral, PublicKeyToken=null</className><name type="System.String">OrderStatusTest</name><expectedExceptionMessage type="System.String" /><isValid type="System.Boolean">False</isValid></testMethod><aspNetDevServers type="System.Collections.Generic.List`1[[Microsoft.VisualStudio.TestTools.Common.AspNetDevelopmentServer, Microsoft.VisualStudio.QualityTools.Common, Version=8.0.0.0, Culture=neutral, PublicKeyToken=b03f5f7f11d50a3a]]"><_size type="System.Int32">0</_size><_version type="System.Int32">0</_version></aspNetDevServers><dataAccessMethod type="Microsoft.VisualStudio.TestTools.UnitTesting.DataAccessMethod, Microsoft.VisualStudio.QualityTools.UnitTestFramework, Version=8.0.0.0, Culture=neutral, PublicKeyToken=b03f5f7f11d50a3a"><value__ type="System.Int32">0</value__></dataAccessMethod><cssProjectStructure type="System.String" /><isRunOnRestart type="System.Boolean">False</isRunOnRestart><timeOut type="System.Int32">0</timeOut><isGroupable type="System.Boolean">True</isGroupable><abortRunOnAgentFailure type="System.Boolean">False</abortRunOnAgentFailure><cssIteration type="System.String" /><workItemIds type="System.Collections.Generic.List`1[[System.Int32, mscorlib, Version=2.0.0.0, Culture=neutral, PublicKeyToken=b77a5c561934e089]]"><_size type="System.Int32">0</_size><_version type="System.Int32">1</_version></workItemIds><id type="Microsoft.VisualStudio.TestTools.Common.TestId"><id type="System.Guid">a1ee21bc-d90e-60ff-c932-ee2e55f11190</id></id><name type="System.String">OrderStatusTest</name><description type="System.String" /><enabled type="System.Boolean">True</enabled><owner type="System.String" /><priority type="System.Int32">0</priority><executionId type="Microsoft.VisualStudio.TestTools.Common.TestExecId"><id type="System.Guid">00000000-0000-0000-0000-000000000000</id></executionId><parentExecutId type="Microsoft.VisualStudio.TestTools.Common.TestExecId"><id type="System.Guid">00000000-0000-0000-0000-000000000000</id></parentExecutId><deploymentItems type="Microsoft.VisualStudio.TestTools.Common.DeploymentItemCollection" /><agentAttributes type="System.Collections.Specialized.StringDictionary, System, Version=2.0.0.0, Culture=neutral, PublicKeyToken=b77a5c561934e089" /><storage type="System.String">e:\projects\brownshoe\unit_tests\product\src\brownshoe\testing\unittests\bin\brownshoe.unittests.dll</storage><m_nonRunnableReason type="System.String" /></value><key type="Microsoft.VisualStudio.TestTools.Common.TestId"><id type="System.Guid">8a30af6d-aac7-6402-9054-3535ae2c7eea</id></key><value type="Microsoft.VisualStudio.TestTools.TestTypes.Unit.UnitTestElement, Microsoft.VisualStudio.QualityTools.Tips.UnitTest.ObjectModel, Version=8.0.0.0, Culture=neutral, PublicKeyToken=b03f5f7f11d50a3a"><codeBase type="System.String">e:/projects/brownshoe/unit_tests/product/src/BrownShoe/Testing/UnitTests/bin/BrownShoe.UnitTests.DLL</codeBase><adapterTypeName type="System.String">Microsoft.VisualStudio.TestTools.TestTypes.Unit.UnitTestAdapter, Microsoft.VisualStudio.QualityTools.Tips.UnitTest.Adapter</adapterTypeName><testMethod type="Microsoft.VisualStudio.TestTools.TestTypes.Unit.TestMethod, Microsoft.VisualStudio.QualityTools.Tips.UnitTest.ObjectModel, Version=8.0.0.0, Culture=neutral, PublicKeyToken=b03f5f7f11d50a3a"><className type="System.String">BrownShoe.UnitTests.Services.Orders.CustomerOrderServiceTest, BrownShoe.UnitTests, Version=1.0.0.0, Culture=neutral, PublicKeyToken=null</className><name type="System.String">SetOwnerTest</name><expectedExceptionMessage type="System.String" /><isValid type="System.Boolean">False</isValid></testMethod><aspNetDevServers type="System.Collections.Generic.List`1[[Microsoft.VisualStudio.TestTools.Common.AspNetDevelopmentServer, Microsoft.VisualStudio.QualityTools.Common, Version=8.0.0.0, Culture=neutral, PublicKeyToken=b03f5f7f11d50a3a]]"><_size type="System.Int32">0</_size><_version type="System.Int32">0</_version></aspNetDevServers><dataAccessMethod type="Microsoft.VisualStudio.TestTools.UnitTesting.DataAccessMethod, Microsoft.VisualStudio.QualityTools.UnitTestFramework, Version=8.0.0.0, Culture=neutral, PublicKeyToken=b03f5f7f11d50a3a"><value__ type="System.Int32">0</value__></dataAccessMethod><cssProjectStructure type="System.String" /><isRunOnRestart type="System.Boolean">False</isRunOnRestart><timeOut type="System.Int32">0</timeOut><isGroupable type="System.Boolean">True</isGroupable><abortRunOnAgentFailure type="System.Boolean">False</abortRunOnAgentFailure><cssIteration type="System.String" /><workItemIds type="System.Collections.Generic.List`1[[System.Int32, mscorlib, Version=2.0.0.0, Culture=neutral, PublicKeyToken=b77a5c561934e089]]"><_size type="System.Int32">0</_size><_version type="System.Int32">1</_version></workItemIds><id type="Microsoft.VisualStudio.TestTools.Common.TestId"><id type="System.Guid">8a30af6d-aac7-6402-9054-3535ae2c7eea</id></id><name type="System.String">SetOwnerTest</name><description type="System.String" /><enabled type="System.Boolean">True</enabled><owner type="System.String" /><priority type="System.Int32">0</priority><executionId type="Microsoft.VisualStudio.TestTools.Common.TestExecId"><id type="System.Guid">00000000-0000-0000-0000-000000000000</id></executionId><parentExecutId type="Microsoft.VisualStudio.TestTools.Common.TestExecId"><id type="System.Guid">00000000-0000-0000-0000-000000000000</id></parentExecutId><deploymentItems type="Microsoft.VisualStudio.TestTools.Common.DeploymentItemCollection" /><agentAttributes type="System.Collections.Specialized.StringDictionary, System, Version=2.0.0.0, Culture=neutral, PublicKeyToken=b77a5c561934e089" /><storage type="System.String">e:\projects\brownshoe\unit_tests\product\src\brownshoe\testing\unittests\bin\brownshoe.unittests.dll</storage><m_nonRunnableReason type="System.String" /></value><key type="Microsoft.VisualStudio.TestTools.Common.TestId"><id type="System.Guid">edce9069-e10b-1e03-bdac-ae0b6f97eed5</id></key><value type="Microsoft.VisualStudio.TestTools.TestTypes.Unit.UnitTestElement, Microsoft.VisualStudio.QualityTools.Tips.UnitTest.ObjectModel, Version=8.0.0.0, Culture=neutral, PublicKeyToken=b03f5f7f11d50a3a"><codeBase type="System.String">e:/projects/brownshoe/unit_tests/product/src/BrownShoe/Testing/UnitTests/bin/BrownShoe.UnitTests.DLL</codeBase><adapterTypeName type="System.String">Microsoft.VisualStudio.TestTools.TestTypes.Unit.UnitTestAdapter, Microsoft.VisualStudio.QualityTools.Tips.UnitTest.Adapter</adapterTypeName><testMethod type="Microsoft.VisualStudio.TestTools.TestTypes.Unit.TestMethod, Microsoft.VisualStudio.QualityTools.Tips.UnitTest.ObjectModel, Version=8.0.0.0, Culture=neutral, PublicKeyToken=b03f5f7f11d50a3a"><className type="System.String">BrownShoe.UnitTests.Services.DataAccess.SysMonDBTest, BrownShoe.UnitTests, Version=1.0.0.0, Culture=neutral, PublicKeyToken=null</className><name type="System.String">CheckAmazonSpecificStatus1Test</name><expectedExceptionMessage type="System.String" /><isValid type="System.Boolean">False</isValid></testMethod><aspNetDevServers type="System.Collections.Generic.List`1[[Microsoft.VisualStudio.TestTools.Common.AspNetDevelopmentServer, Microsoft.VisualStudio.QualityTools.Common, Version=8.0.0.0, Culture=neutral, PublicKeyToken=b03f5f7f11d50a3a]]"><_size type="System.Int32">0</_size><_version type="System.Int32">0</_version></aspNetDevServers><dataAccessMethod type="Microsoft.VisualStudio.TestTools.UnitTesting.DataAccessMethod, Microsoft.VisualStudio.QualityTools.UnitTestFramework, Version=8.0.0.0, Culture=neutral, PublicKeyToken=b03f5f7f11d50a3a"><value__ type="System.Int32">0</value__></dataAccessMethod><cssProjectStructure type="System.String" /><isRunOnRestart type="System.Boolean">False</isRunOnRestart><timeOut type="System.Int32">0</timeOut><isGroupable type="System.Boolean">True</isGroupable><abortRunOnAgentFailure type="System.Boolean">False</abortRunOnAgentFailure><cssIteration type="System.String" /><workItemIds type="System.Collections.Generic.List`1[[System.Int32, mscorlib, Version=2.0.0.0, Culture=neutral, PublicKeyToken=b77a5c561934e089]]"><_size type="System.Int32">0</_size><_version type="System.Int32">1</_version></workItemIds><id type="Microsoft.VisualStudio.TestTools.Common.TestId"><id type="System.Guid">edce9069-e10b-1e03-bdac-ae0b6f97eed5</id></id><name type="System.String">CheckAmazonSpecificStatus1Test</name><description type="System.String" /><enabled type="System.Boolean">True</enabled><owner type="System.String" /><priority type="System.Int32">0</priority><executionId type="Microsoft.VisualStudio.TestTools.Common.TestExecId"><id type="System.Guid">00000000-0000-0000-0000-000000000000</id></executionId><parentExecutId type="Microsoft.VisualStudio.TestTools.Common.TestExecId"><id type="System.Guid">00000000-0000-0000-0000-000000000000</id></parentExecutId><deploymentItems type="Microsoft.VisualStudio.TestTools.Common.DeploymentItemCollection" /><agentAttributes type="System.Collections.Specialized.StringDictionary, System, Version=2.0.0.0, Culture=neutral, PublicKeyToken=b77a5c561934e089" /><storage type="System.String">e:\projects\brownshoe\unit_tests\product\src\brownshoe\testing\unittests\bin\brownshoe.unittests.dll</storage><m_nonRunnableReason type="System.String" /></value><key type="Microsoft.VisualStudio.TestTools.Common.TestId"><id type="System.Guid">89f5131d-8ce2-2047-c618-b30a5354fa0b</id></key><value type="Microsoft.VisualStudio.TestTools.TestTypes.Unit.UnitTestElement, Microsoft.VisualStudio.QualityTools.Tips.UnitTest.ObjectModel, Version=8.0.0.0, Culture=neutral, PublicKeyToken=b03f5f7f11d50a3a"><codeBase type="System.String">e:/projects/brownshoe/unit_tests/product/src/BrownShoe/Testing/UnitTests/bin/BrownShoe.UnitTests.DLL</codeBase><adapterTypeName type="System.String">Microsoft.VisualStudio.TestTools.TestTypes.Unit.UnitTestAdapter, Microsoft.VisualStudio.QualityTools.Tips.UnitTest.Adapter</adapterTypeName><testMethod type="Microsoft.VisualStudio.TestTools.TestTypes.Unit.TestMethod, Microsoft.VisualStudio.QualityTools.Tips.UnitTest.ObjectModel, Version=8.0.0.0, Culture=neutral, PublicKeyToken=b03f5f7f11d50a3a"><className type="System.String">BrownShoe.UnitTests.Services.Madison.MadisonWebServiceTest, BrownShoe.UnitTests, Version=1.0.0.0, Culture=neutral, PublicKeyToken=null</className><name type="System.String">GetRewardsPointsBalanceTestFailure</name><expectedExceptionMessage type="System.String" /><isValid type="System.Boolean">False</isValid></testMethod><aspNetDevServers type="System.Collections.Generic.List`1[[Microsoft.VisualStudio.TestTools.Common.AspNetDevelopmentServer, Microsoft.VisualStudio.QualityTools.Common, Version=8.0.0.0, Culture=neutral, PublicKeyToken=b03f5f7f11d50a3a]]"><_size type="System.Int32">0</_size><_version type="System.Int32">0</_version></aspNetDevServers><dataAccessMethod type="Microsoft.VisualStudio.TestTools.UnitTesting.DataAccessMethod, Microsoft.VisualStudio.QualityTools.UnitTestFramework, Version=8.0.0.0, Culture=neutral, PublicKeyToken=b03f5f7f11d50a3a"><value__ type="System.Int32">0</value__></dataAccessMethod><cssProjectStructure type="System.String" /><isRunOnRestart type="System.Boolean">False</isRunOnRestart><timeOut type="System.Int32">0</timeOut><isGroupable type="System.Boolean">True</isGroupable><abortRunOnAgentFailure type="System.Boolean">False</abortRunOnAgentFailure><cssIteration type="System.String" /><workItemIds type="System.Collections.Generic.List`1[[System.Int32, mscorlib, Version=2.0.0.0, Culture=neutral, PublicKeyToken=b77a5c561934e089]]"><_size type="System.Int32">0</_size><_version type="System.Int32">1</_version></workItemIds><id type="Microsoft.VisualStudio.TestTools.Common.TestId"><id type="System.Guid">89f5131d-8ce2-2047-c618-b30a5354fa0b</id></id><name type="System.String">GetRewardsPointsBalanceTestFailure</name><description type="System.String" /><enabled type="System.Boolean">True</enabled><owner type="System.String" /><priority type="System.Int32">0</priority><executionId type="Microsoft.VisualStudio.TestTools.Common.TestExecId"><id type="System.Guid">00000000-0000-0000-0000-000000000000</id></executionId><parentExecutId type="Microsoft.VisualStudio.TestTools.Common.TestExecId"><id type="System.Guid">00000000-0000-0000-0000-000000000000</id></parentExecutId><deploymentItems type="Microsoft.VisualStudio.TestTools.Common.DeploymentItemCollection" /><agentAttributes type="System.Collections.Specialized.StringDictionary, System, Version=2.0.0.0, Culture=neutral, PublicKeyToken=b77a5c561934e089" /><storage type="System.String">e:\projects\brownshoe\unit_tests\product\src\brownshoe\testing\unittests\bin\brownshoe.unittests.dll</storage><m_nonRunnableReason type="System.String" /></value><key type="Microsoft.VisualStudio.TestTools.Common.TestId"><id type="System.Guid">9c786bf0-ebe7-289f-5591-4e8ed4b6bdd3</id></key><value type="Microsoft.VisualStudio.TestTools.TestTypes.Unit.UnitTestElement, Microsoft.VisualStudio.QualityTools.Tips.UnitTest.ObjectModel, Version=8.0.0.0, Culture=neutral, PublicKeyToken=b03f5f7f11d50a3a"><codeBase type="System.String">e:/projects/brownshoe/unit_tests/product/src/BrownShoe/Testing/UnitTests/bin/BrownShoe.UnitTests.DLL</codeBase><adapterTypeName type="System.String">Microsoft.VisualStudio.TestTools.TestTypes.Unit.UnitTestAdapter, Microsoft.VisualStudio.QualityTools.Tips.UnitTest.Adapter</adapterTypeName><testMethod type="Microsoft.VisualStudio.TestTools.TestTypes.Unit.TestMethod, Microsoft.VisualStudio.QualityTools.Tips.UnitTest.ObjectModel, Version=8.0.0.0, Culture=neutral, PublicKeyToken=b03f5f7f11d50a3a"><className type="System.String">BrownShoe.UnitTests.Services.DataAccess.DBUtilsTest, BrownShoe.UnitTests, Version=1.0.0.0, Culture=neutral, PublicKeyToken=null</className><name type="System.String">CheckDBNullIntTest</name><expectedExceptionMessage type="System.String" /><isValid type="System.Boolean">False</isValid></testMethod><aspNetDevServers type="System.Collections.Generic.List`1[[Microsoft.VisualStudio.TestTools.Common.AspNetDevelopmentServer, Microsoft.VisualStudio.QualityTools.Common, Version=8.0.0.0, Culture=neutral, PublicKeyToken=b03f5f7f11d50a3a]]"><_size type="System.Int32">0</_size><_version type="System.Int32">0</_version></aspNetDevServers><dataAccessMethod type="Microsoft.VisualStudio.TestTools.UnitTesting.DataAccessMethod, Microsoft.VisualStudio.QualityTools.UnitTestFramework, Version=8.0.0.0, Culture=neutral, PublicKeyToken=b03f5f7f11d50a3a"><value__ type="System.Int32">0</value__></dataAccessMethod><cssProjectStructure type="System.String" /><isRunOnRestart type="System.Boolean">False</isRunOnRestart><timeOut type="System.Int32">0</timeOut><isGroupable type="System.Boolean">True</isGroupable><abortRunOnAgentFailure type="System.Boolean">False</abortRunOnAgentFailure><cssIteration type="System.String" /><workItemIds type="System.Collections.Generic.List`1[[System.Int32, mscorlib, Version=2.0.0.0, Culture=neutral, PublicKeyToken=b77a5c561934e089]]"><_size type="System.Int32">0</_size><_version type="System.Int32">1</_version></workItemIds><id type="Microsoft.VisualStudio.TestTools.Common.TestId"><id type="System.Guid">9c786bf0-ebe7-289f-5591-4e8ed4b6bdd3</id></id><name type="System.String">CheckDBNullIntTest</name><description type="System.String" /><enabled type="System.Boolean">True</enabled><owner type="System.String" /><priority type="System.Int32">0</priority><executionId type="Microsoft.VisualStudio.TestTools.Common.TestExecId"><id type="System.Guid">00000000-0000-0000-0000-000000000000</id></executionId><parentExecutId type="Microsoft.VisualStudio.TestTools.Common.TestExecId"><id type="System.Guid">00000000-0000-0000-0000-000000000000</id></parentExecutId><deploymentItems type="Microsoft.VisualStudio.TestTools.Common.DeploymentItemCollection" /><agentAttributes type="System.Collections.Specialized.StringDictionary, System, Version=2.0.0.0, Culture=neutral, PublicKeyToken=b77a5c561934e089" /><storage type="System.String">e:\projects\brownshoe\unit_tests\product\src\brownshoe\testing\unittests\bin\brownshoe.unittests.dll</storage><m_nonRunnableReason type="System.String" /></value><key type="Microsoft.VisualStudio.TestTools.Common.TestId"><id type="System.Guid">13bc5d17-c3c5-04d7-a922-03628cc9ae86</id></key><value type="Microsoft.VisualStudio.TestTools.TestTypes.Unit.UnitTestElement, Microsoft.VisualStudio.QualityTools.Tips.UnitTest.ObjectModel, Version=8.0.0.0, Culture=neutral, PublicKeyToken=b03f5f7f11d50a3a"><codeBase type="System.String">e:/projects/brownshoe/unit_tests/product/src/BrownShoe/Testing/UnitTests/bin/BrownShoe.UnitTests.DLL</codeBase><adapterTypeName type="System.String">Microsoft.VisualStudio.TestTools.TestTypes.Unit.UnitTestAdapter, Microsoft.VisualStudio.QualityTools.Tips.UnitTest.Adapter</adapterTypeName><testMethod type="Microsoft.VisualStudio.TestTools.TestTypes.Unit.TestMethod, Microsoft.VisualStudio.QualityTools.Tips.UnitTest.ObjectModel, Version=8.0.0.0, Culture=neutral, PublicKeyToken=b03f5f7f11d50a3a"><className type="System.String">BrownShoe.UnitTests.Services.Orders.CustomerOrderServiceTest, BrownShoe.UnitTests, Version=1.0.0.0, Culture=neutral, PublicKeyToken=null</className><name type="System.String">ReadCustomerOrderReviewTest</name><expectedExceptionMessage type="System.String" /><isValid type="System.Boolean">False</isValid></testMethod><aspNetDevServers type="System.Collections.Generic.List`1[[Microsoft.VisualStudio.TestTools.Common.AspNetDevelopmentServer, Microsoft.VisualStudio.QualityTools.Common, Version=8.0.0.0, Culture=neutral, PublicKeyToken=b03f5f7f11d50a3a]]"><_size type="System.Int32">0</_size><_version type="System.Int32">0</_version></aspNetDevServers><dataAccessMethod type="Microsoft.VisualStudio.TestTools.UnitTesting.DataAccessMethod, Microsoft.VisualStudio.QualityTools.UnitTestFramework, Version=8.0.0.0, Culture=neutral, PublicKeyToken=b03f5f7f11d50a3a"><value__ type="System.Int32">0</value__></dataAccessMethod><cssProjectStructure type="System.String" /><isRunOnRestart type="System.Boolean">False</isRunOnRestart><timeOut type="System.Int32">0</timeOut><isGroupable type="System.Boolean">True</isGroupable><abortRunOnAgentFailure type="System.Boolean">False</abortRunOnAgentFailure><cssIteration type="System.String" /><workItemIds type="System.Collections.Generic.List`1[[System.Int32, mscorlib, Version=2.0.0.0, Culture=neutral, PublicKeyToken=b77a5c561934e089]]"><_size type="System.Int32">0</_size><_version type="System.Int32">1</_version></workItemIds><id type="Microsoft.VisualStudio.TestTools.Common.TestId"><id type="System.Guid">13bc5d17-c3c5-04d7-a922-03628cc9ae86</id></id><name type="System.String">ReadCustomerOrderReviewTest</name><description type="System.String" /><enabled type="System.Boolean">True</enabled><owner type="System.String" /><priority type="System.Int32">0</priority><executionId type="Microsoft.VisualStudio.TestTools.Common.TestExecId"><id type="System.Guid">00000000-0000-0000-0000-000000000000</id></executionId><parentExecutId type="Microsoft.VisualStudio.TestTools.Common.TestExecId"><id type="System.Guid">00000000-0000-0000-0000-000000000000</id></parentExecutId><deploymentItems type="Microsoft.VisualStudio.TestTools.Common.DeploymentItemCollection" /><agentAttributes type="System.Collections.Specialized.StringDictionary, System, Version=2.0.0.0, Culture=neutral, PublicKeyToken=b77a5c561934e089" /><storage type="System.String">e:\projects\brownshoe\unit_tests\product\src\brownshoe\testing\unittests\bin\brownshoe.unittests.dll</storage><m_nonRunnableReason type="System.String" /></value><key type="Microsoft.VisualStudio.TestTools.Common.TestId"><id type="System.Guid">3e56ec43-ad72-0dbc-1fc6-3a10d7dd4c35</id></key><value type="Microsoft.VisualStudio.TestTools.TestTypes.Unit.UnitTestElement, Microsoft.VisualStudio.QualityTools.Tips.UnitTest.ObjectModel, Version=8.0.0.0, Culture=neutral, PublicKeyToken=b03f5f7f11d50a3a"><codeBase type="System.String">e:/projects/brownshoe/unit_tests/product/src/BrownShoe/Testing/UnitTests/bin/BrownShoe.UnitTests.DLL</codeBase><adapterTypeName type="System.String">Microsoft.VisualStudio.TestTools.TestTypes.Unit.UnitTestAdapter, Microsoft.VisualStudio.QualityTools.Tips.UnitTest.Adapter</adapterTypeName><testMethod type="Microsoft.VisualStudio.TestTools.TestTypes.Unit.TestMethod, Microsoft.VisualStudio.QualityTools.Tips.UnitTest.ObjectModel, Version=8.0.0.0, Culture=neutral, PublicKeyToken=b03f5f7f11d50a3a"><className type="System.String">BrownShoe.UnitTests.Services.ContentManagement.CMTokenServiceTest, BrownShoe.UnitTests, Version=1.0.0.0, Culture=neutral, PublicKeyToken=null</className><name type="System.String">GetCatLinks4Test</name><expectedExceptionMessage type="System.String" /><isValid type="System.Boolean">False</isValid></testMethod><aspNetDevServers type="System.Collections.Generic.List`1[[Microsoft.VisualStudio.TestTools.Common.AspNetDevelopmentServer, Microsoft.VisualStudio.QualityTools.Common, Version=8.0.0.0, Culture=neutral, PublicKeyToken=b03f5f7f11d50a3a]]"><_size type="System.Int32">0</_size><_version type="System.Int32">0</_version></aspNetDevServers><dataAccessMethod type="Microsoft.VisualStudio.TestTools.UnitTesting.DataAccessMethod, Microsoft.VisualStudio.QualityTools.UnitTestFramework, Version=8.0.0.0, Culture=neutral, PublicKeyToken=b03f5f7f11d50a3a"><value__ type="System.Int32">0</value__></dataAccessMethod><cssProjectStructure type="System.String" /><isRunOnRestart type="System.Boolean">False</isRunOnRestart><timeOut type="System.Int32">0</timeOut><isGroupable type="System.Boolean">True</isGroupable><abortRunOnAgentFailure type="System.Boolean">False</abortRunOnAgentFailure><cssIteration type="System.String" /><workItemIds type="System.Collections.Generic.List`1[[System.Int32, mscorlib, Version=2.0.0.0, Culture=neutral, PublicKeyToken=b77a5c561934e089]]"><_size type="System.Int32">0</_size><_version type="System.Int32">1</_version></workItemIds><id type="Microsoft.VisualStudio.TestTools.Common.TestId"><id type="System.Guid">3e56ec43-ad72-0dbc-1fc6-3a10d7dd4c35</id></id><name type="System.String">GetCatLinks4Test</name><description type="System.String" /><enabled type="System.Boolean">True</enabled><owner type="System.String" /><priority type="System.Int32">0</priority><executionId type="Microsoft.VisualStudio.TestTools.Common.TestExecId"><id type="System.Guid">00000000-0000-0000-0000-000000000000</id></executionId><parentExecutId type="Microsoft.VisualStudio.TestTools.Common.TestExecId"><id type="System.Guid">00000000-0000-0000-0000-000000000000</id></parentExecutId><deploymentItems type="Microsoft.VisualStudio.TestTools.Common.DeploymentItemCollection" /><agentAttributes type="System.Collections.Specialized.StringDictionary, System, Version=2.0.0.0, Culture=neutral, PublicKeyToken=b77a5c561934e089" /><storage type="System.String">e:\projects\brownshoe\unit_tests\product\src\brownshoe\testing\unittests\bin\brownshoe.unittests.dll</storage><m_nonRunnableReason type="System.String" /></value><key type="Microsoft.VisualStudio.TestTools.Common.TestId"><id type="System.Guid">21374555-177d-6d54-ab8a-3eb40bbd6e23</id></key><value type="Microsoft.VisualStudio.TestTools.TestTypes.Unit.UnitTestElement, Microsoft.VisualStudio.QualityTools.Tips.UnitTest.ObjectModel, Version=8.0.0.0, Culture=neutral, PublicKeyToken=b03f5f7f11d50a3a"><codeBase type="System.String">e:/projects/brownshoe/unit_tests/product/src/BrownShoe/Testing/UnitTests/bin/BrownShoe.UnitTests.DLL</codeBase><adapterTypeName type="System.String">Microsoft.VisualStudio.TestTools.TestTypes.Unit.UnitTestAdapter, Microsoft.VisualStudio.QualityTools.Tips.UnitTest.Adapter</adapterTypeName><testMethod type="Microsoft.VisualStudio.TestTools.TestTypes.Unit.TestMethod, Microsoft.VisualStudio.QualityTools.Tips.UnitTest.ObjectModel, Version=8.0.0.0, Culture=neutral, PublicKeyToken=b03f5f7f11d50a3a"><className type="System.String">BrownShoe.UnitTests.Services.Catalog.CatalogServiceTest, BrownShoe.UnitTests, Version=1.0.0.0, Culture=neutral, PublicKeyToken=null</className><name type="System.String">GetSizeSQLXMLListTest</name><expectedExceptionMessage type="System.String" /><isValid type="System.Boolean">False</isValid></testMethod><aspNetDevServers type="System.Collections.Generic.List`1[[Microsoft.VisualStudio.TestTools.Common.AspNetDevelopmentServer, Microsoft.VisualStudio.QualityTools.Common, Version=8.0.0.0, Culture=neutral, PublicKeyToken=b03f5f7f11d50a3a]]"><_size type="System.Int32">0</_size><_version type="System.Int32">0</_version></aspNetDevServers><dataAccessMethod type="Microsoft.VisualStudio.TestTools.UnitTesting.DataAccessMethod, Microsoft.VisualStudio.QualityTools.UnitTestFramework, Version=8.0.0.0, Culture=neutral, PublicKeyToken=b03f5f7f11d50a3a"><value__ type="System.Int32">0</value__></dataAccessMethod><cssProjectStructure type="System.String" /><isRunOnRestart type="System.Boolean">False</isRunOnRestart><timeOut type="System.Int32">0</timeOut><isGroupable type="System.Boolean">True</isGroupable><abortRunOnAgentFailure type="System.Boolean">False</abortRunOnAgentFailure><cssIteration type="System.String" /><workItemIds type="System.Collections.Generic.List`1[[System.Int32, mscorlib, Version=2.0.0.0, Culture=neutral, PublicKeyToken=b77a5c561934e089]]"><_size type="System.Int32">0</_size><_version type="System.Int32">1</_version></workItemIds><id type="Microsoft.VisualStudio.TestTools.Common.TestId"><id type="System.Guid">21374555-177d-6d54-ab8a-3eb40bbd6e23</id></id><name type="System.String">GetSizeSQLXMLListTest</name><description type="System.String" /><enabled type="System.Boolean">True</enabled><owner type="System.String" /><priority type="System.Int32">0</priority><executionId type="Microsoft.VisualStudio.TestTools.Common.TestExecId"><id type="System.Guid">00000000-0000-0000-0000-000000000000</id></executionId><parentExecutId type="Microsoft.VisualStudio.TestTools.Common.TestExecId"><id type="System.Guid">00000000-0000-0000-0000-000000000000</id></parentExecutId><deploymentItems type="Microsoft.VisualStudio.TestTools.Common.DeploymentItemCollection" /><agentAttributes type="System.Collections.Specialized.StringDictionary, System, Version=2.0.0.0, Culture=neutral, PublicKeyToken=b77a5c561934e089" /><storage type="System.String">e:\projects\brownshoe\unit_tests\product\src\brownshoe\testing\unittests\bin\brownshoe.unittests.dll</storage><m_nonRunnableReason type="System.String" /></value><key type="Microsoft.VisualStudio.TestTools.Common.TestId"><id type="System.Guid">b52f4101-3a66-97fc-dbe9-6ccca0b7ecf1</id></key><value type="Microsoft.VisualStudio.TestTools.TestTypes.Unit.UnitTestElement, Microsoft.VisualStudio.QualityTools.Tips.UnitTest.ObjectModel, Version=8.0.0.0, Culture=neutral, PublicKeyToken=b03f5f7f11d50a3a"><codeBase type="System.String">e:/projects/brownshoe/unit_tests/product/src/BrownShoe/Testing/UnitTests/bin/BrownShoe.UnitTests.DLL</codeBase><adapterTypeName type="System.String">Microsoft.VisualStudio.TestTools.TestTypes.Unit.UnitTestAdapter, Microsoft.VisualStudio.QualityTools.Tips.UnitTest.Adapter</adapterTypeName><testMethod type="Microsoft.VisualStudio.TestTools.TestTypes.Unit.TestMethod, Microsoft.VisualStudio.QualityTools.Tips.UnitTest.ObjectModel, Version=8.0.0.0, Culture=neutral, PublicKeyToken=b03f5f7f11d50a3a"><className type="System.String">BrownShoe.UnitTests.Services.Orders.CustomerOrderServiceTest, BrownShoe.UnitTests, Version=1.0.0.0, Culture=neutral, PublicKeyToken=null</className><name type="System.String">GetEbagsPackingSlipTest</name><expectedExceptionMessage type="System.String" /><isValid type="System.Boolean">False</isValid></testMethod><aspNetDevServers type="System.Collections.Generic.List`1[[Microsoft.VisualStudio.TestTools.Common.AspNetDevelopmentServer, Microsoft.VisualStudio.QualityTools.Common, Version=8.0.0.0, Culture=neutral, PublicKeyToken=b03f5f7f11d50a3a]]"><_size type="System.Int32">0</_size><_version type="System.Int32">0</_version></aspNetDevServers><dataAccessMethod type="Microsoft.VisualStudio.TestTools.UnitTesting.DataAccessMethod, Microsoft.VisualStudio.QualityTools.UnitTestFramework, Version=8.0.0.0, Culture=neutral, PublicKeyToken=b03f5f7f11d50a3a"><value__ type="System.Int32">0</value__></dataAccessMethod><cssProjectStructure type="System.String" /><isRunOnRestart type="System.Boolean">False</isRunOnRestart><timeOut type="System.Int32">0</timeOut><isGroupable type="System.Boolean">True</isGroupable><abortRunOnAgentFailure type="System.Boolean">False</abortRunOnAgentFailure><cssIteration type="System.String" /><workItemIds type="System.Collections.Generic.List`1[[System.Int32, mscorlib, Version=2.0.0.0, Culture=neutral, PublicKeyToken=b77a5c561934e089]]"><_size type="System.Int32">0</_size><_version type="System.Int32">1</_version></workItemIds><id type="Microsoft.VisualStudio.TestTools.Common.TestId"><id type="System.Guid">b52f4101-3a66-97fc-dbe9-6ccca0b7ecf1</id></id><name type="System.String">GetEbagsPackingSlipTest</name><description type="System.String" /><enabled type="System.Boolean">True</enabled><owner type="System.String" /><priority type="System.Int32">0</priority><executionId type="Microsoft.VisualStudio.TestTools.Common.TestExecId"><id type="System.Guid">00000000-0000-0000-0000-000000000000</id></executionId><parentExecutId type="Microsoft.VisualStudio.TestTools.Common.TestExecId"><id type="System.Guid">00000000-0000-0000-0000-000000000000</id></parentExecutId><deploymentItems type="Microsoft.VisualStudio.TestTools.Common.DeploymentItemCollection" /><agentAttributes type="System.Collections.Specialized.StringDictionary, System, Version=2.0.0.0, Culture=neutral, PublicKeyToken=b77a5c561934e089" /><storage type="System.String">e:\projects\brownshoe\unit_tests\product\src\brownshoe\testing\unittests\bin\brownshoe.unittests.dll</storage><m_nonRunnableReason type="System.String" /></value><key type="Microsoft.VisualStudio.TestTools.Common.TestId"><id type="System.Guid">33146366-1446-3536-bf6c-c7a570cea11d</id></key><value type="Microsoft.VisualStudio.TestTools.TestTypes.Unit.UnitTestElement, Microsoft.VisualStudio.QualityTools.Tips.UnitTest.ObjectModel, Version=8.0.0.0, Culture=neutral, PublicKeyToken=b03f5f7f11d50a3a"><codeBase type="System.String">e:/projects/brownshoe/unit_tests/product/src/BrownShoe/Testing/UnitTests/bin/BrownShoe.UnitTests.DLL</codeBase><adapterTypeName type="System.String">Microsoft.VisualStudio.TestTools.TestTypes.Unit.UnitTestAdapter, Microsoft.VisualStudio.QualityTools.Tips.UnitTest.Adapter</adapterTypeName><testMethod type="Microsoft.VisualStudio.TestTools.TestTypes.Unit.TestMethod, Microsoft.VisualStudio.QualityTools.Tips.UnitTest.ObjectModel, Version=8.0.0.0, Culture=neutral, PublicKeyToken=b03f5f7f11d50a3a"><className type="System.String">BrownShoe.UnitTests.Services.ContentManagement.CMTokenServiceTest, BrownShoe.UnitTests, Version=1.0.0.0, Culture=neutral, PublicKeyToken=null</className><name type="System.String">GetCatLinks5Test</name><expectedExceptionMessage type="System.String" /><isValid type="System.Boolean">False</isValid></testMethod><aspNetDevServers type="System.Collections.Generic.List`1[[Microsoft.VisualStudio.TestTools.Common.AspNetDevelopmentServer, Microsoft.VisualStudio.QualityTools.Common, Version=8.0.0.0, Culture=neutral, PublicKeyToken=b03f5f7f11d50a3a]]"><_size type="System.Int32">0</_size><_version type="System.Int32">0</_version></aspNetDevServers><dataAccessMethod type="Microsoft.VisualStudio.TestTools.UnitTesting.DataAccessMethod, Microsoft.VisualStudio.QualityTools.UnitTestFramework, Version=8.0.0.0, Culture=neutral, PublicKeyToken=b03f5f7f11d50a3a"><value__ type="System.Int32">0</value__></dataAccessMethod><cssProjectStructure type="System.String" /><isRunOnRestart type="System.Boolean">False</isRunOnRestart><timeOut type="System.Int32">0</timeOut><isGroupable type="System.Boolean">True</isGroupable><abortRunOnAgentFailure type="System.Boolean">False</abortRunOnAgentFailure><cssIteration type="System.String" /><workItemIds type="System.Collections.Generic.List`1[[System.Int32, mscorlib, Version=2.0.0.0, Culture=neutral, PublicKeyToken=b77a5c561934e089]]"><_size type="System.Int32">0</_size><_version type="System.Int32">1</_version></workItemIds><id type="Microsoft.VisualStudio.TestTools.Common.TestId"><id type="System.Guid">33146366-1446-3536-bf6c-c7a570cea11d</id></id><name type="System.String">GetCatLinks5Test</name><description type="System.String" /><enabled type="System.Boolean">True</enabled><owner type="System.String" /><priority type="System.Int32">0</priority><executionId type="Microsoft.VisualStudio.TestTools.Common.TestExecId"><id type="System.Guid">00000000-0000-0000-0000-000000000000</id></executionId><parentExecutId type="Microsoft.VisualStudio.TestTools.Common.TestExecId"><id type="System.Guid">00000000-0000-0000-0000-000000000000</id></parentExecutId><deploymentItems type="Microsoft.VisualStudio.TestTools.Common.DeploymentItemCollection" /><agentAttributes type="System.Collections.Specialized.StringDictionary, System, Version=2.0.0.0, Culture=neutral, PublicKeyToken=b77a5c561934e089" /><storage type="System.String">e:\projects\brownshoe\unit_tests\product\src\brownshoe\testing\unittests\bin\brownshoe.unittests.dll</storage><m_nonRunnableReason type="System.String" /></value><key type="Microsoft.VisualStudio.TestTools.Common.TestId"><id type="System.Guid">32b37246-03c1-3830-e07d-f0b1c15dae70</id></key><value type="Microsoft.VisualStudio.TestTools.TestTypes.Unit.UnitTestElement, Microsoft.VisualStudio.QualityTools.Tips.UnitTest.ObjectModel, Version=8.0.0.0, Culture=neutral, PublicKeyToken=b03f5f7f11d50a3a"><codeBase type="System.String">e:/projects/brownshoe/unit_tests/product/src/BrownShoe/Testing/UnitTests/bin/BrownShoe.UnitTests.DLL</codeBase><adapterTypeName type="System.String">Microsoft.VisualStudio.TestTools.TestTypes.Unit.UnitTestAdapter, Microsoft.VisualStudio.QualityTools.Tips.UnitTest.Adapter</adapterTypeName><testMethod type="Microsoft.VisualStudio.TestTools.TestTypes.Unit.TestMethod, Microsoft.VisualStudio.QualityTools.Tips.UnitTest.ObjectModel, Version=8.0.0.0, Culture=neutral, PublicKeyToken=b03f5f7f11d50a3a"><className type="System.String">BrownShoe.UnitTests.Services.Madison.RewardsProfileTest, BrownShoe.UnitTests, Version=1.0.0.0, Culture=neutral, PublicKeyToken=null</className><name type="System.String">FirstNameTest</name><expectedExceptionMessage type="System.String" /><isValid type="System.Boolean">False</isValid></testMethod><aspNetDevServers type="System.Collections.Generic.List`1[[Microsoft.VisualStudio.TestTools.Common.AspNetDevelopmentServer, Microsoft.VisualStudio.QualityTools.Common, Version=8.0.0.0, Culture=neutral, PublicKeyToken=b03f5f7f11d50a3a]]"><_size type="System.Int32">0</_size><_version type="System.Int32">0</_version></aspNetDevServers><dataAccessMethod type="Microsoft.VisualStudio.TestTools.UnitTesting.DataAccessMethod, Microsoft.VisualStudio.QualityTools.UnitTestFramework, Version=8.0.0.0, Culture=neutral, PublicKeyToken=b03f5f7f11d50a3a"><value__ type="System.Int32">0</value__></dataAccessMethod><cssProjectStructure type="System.String" /><isRunOnRestart type="System.Boolean">False</isRunOnRestart><timeOut type="System.Int32">0</timeOut><isGroupable type="System.Boolean">True</isGroupable><abortRunOnAgentFailure type="System.Boolean">False</abortRunOnAgentFailure><cssIteration type="System.String" /><workItemIds type="System.Collections.Generic.List`1[[System.Int32, mscorlib, Version=2.0.0.0, Culture=neutral, PublicKeyToken=b77a5c561934e089]]"><_size type="System.Int32">0</_size><_version type="System.Int32">1</_version></workItemIds><id type="Microsoft.VisualStudio.TestTools.Common.TestId"><id type="System.Guid">32b37246-03c1-3830-e07d-f0b1c15dae70</id></id><name type="System.String">FirstNameTest</name><description type="System.String" /><enabled type="System.Boolean">True</enabled><owner type="System.String" /><priority type="System.Int32">0</priority><executionId type="Microsoft.VisualStudio.TestTools.Common.TestExecId"><id type="System.Guid">00000000-0000-0000-0000-000000000000</id></executionId><parentExecutId type="Microsoft.VisualStudio.TestTools.Common.TestExecId"><id type="System.Guid">00000000-0000-0000-0000-000000000000</id></parentExecutId><deploymentItems type="Microsoft.VisualStudio.TestTools.Common.DeploymentItemCollection" /><agentAttributes type="System.Collections.Specialized.StringDictionary, System, Version=2.0.0.0, Culture=neutral, PublicKeyToken=b77a5c561934e089" /><storage type="System.String">e:\projects\brownshoe\unit_tests\product\src\brownshoe\testing\unittests\bin\brownshoe.unittests.dll</storage><m_nonRunnableReason type="System.String" /></value><key type="Microsoft.VisualStudio.TestTools.Common.TestId"><id type="System.Guid">6ccbbc6b-7ae4-035d-15bd-271cfa0a21c9</id></key><value type="Microsoft.VisualStudio.TestTools.TestTypes.Unit.UnitTestElement, Microsoft.VisualStudio.QualityTools.Tips.UnitTest.ObjectModel, Version=8.0.0.0, Culture=neutral, PublicKeyToken=b03f5f7f11d50a3a"><codeBase type="System.String">e:/projects/brownshoe/unit_tests/product/src/BrownShoe/Testing/UnitTests/bin/BrownShoe.UnitTests.DLL</codeBase><adapterTypeName type="System.String">Microsoft.VisualStudio.TestTools.TestTypes.Unit.UnitTestAdapter, Microsoft.VisualStudio.QualityTools.Tips.UnitTest.Adapter</adapterTypeName><testMethod type="Microsoft.VisualStudio.TestTools.TestTypes.Unit.TestMethod, Microsoft.VisualStudio.QualityTools.Tips.UnitTest.ObjectModel, Version=8.0.0.0, Culture=neutral, PublicKeyToken=b03f5f7f11d50a3a"><className type="System.String">BrownShoe.UnitTests.Services.Madison.MadisonWebServiceResultSimpleTest, BrownShoe.UnitTests, Version=1.0.0.0, Culture=neutral, PublicKeyToken=null</className><name type="System.String">WebServiceResultCodeTest</name><expectedExceptionMessage type="System.String" /><isValid type="System.Boolean">False</isValid></testMethod><aspNetDevServers type="System.Collections.Generic.List`1[[Microsoft.VisualStudio.TestTools.Common.AspNetDevelopmentServer, Microsoft.VisualStudio.QualityTools.Common, Version=8.0.0.0, Culture=neutral, PublicKeyToken=b03f5f7f11d50a3a]]"><_size type="System.Int32">0</_size><_version type="System.Int32">0</_version></aspNetDevServers><dataAccessMethod type="Microsoft.VisualStudio.TestTools.UnitTesting.DataAccessMethod, Microsoft.VisualStudio.QualityTools.UnitTestFramework, Version=8.0.0.0, Culture=neutral, PublicKeyToken=b03f5f7f11d50a3a"><value__ type="System.Int32">0</value__></dataAccessMethod><cssProjectStructure type="System.String" /><isRunOnRestart type="System.Boolean">False</isRunOnRestart><timeOut type="System.Int32">0</timeOut><isGroupable type="System.Boolean">True</isGroupable><abortRunOnAgentFailure type="System.Boolean">False</abortRunOnAgentFailure><cssIteration type="System.String" /><workItemIds type="System.Collections.Generic.List`1[[System.Int32, mscorlib, Version=2.0.0.0, Culture=neutral, PublicKeyToken=b77a5c561934e089]]"><_size type="System.Int32">0</_size><_version type="System.Int32">1</_version></workItemIds><id type="Microsoft.VisualStudio.TestTools.Common.TestId"><id type="System.Guid">6ccbbc6b-7ae4-035d-15bd-271cfa0a21c9</id></id><name type="System.String">WebServiceResultCodeTest</name><description type="System.String" /><enabled type="System.Boolean">True</enabled><owner type="System.String" /><priority type="System.Int32">0</priority><executionId type="Microsoft.VisualStudio.TestTools.Common.TestExecId"><id type="System.Guid">00000000-0000-0000-0000-000000000000</id></executionId><parentExecutId type="Microsoft.VisualStudio.TestTools.Common.TestExecId"><id type="System.Guid">00000000-0000-0000-0000-000000000000</id></parentExecutId><deploymentItems type="Microsoft.VisualStudio.TestTools.Common.DeploymentItemCollection" /><agentAttributes type="System.Collections.Specialized.StringDictionary, System, Version=2.0.0.0, Culture=neutral, PublicKeyToken=b77a5c561934e089" /><storage type="System.String">e:\projects\brownshoe\unit_tests\product\src\brownshoe\testing\unittests\bin\brownshoe.unittests.dll</storage><m_nonRunnableReason type="System.String" /></value><key type="Microsoft.VisualStudio.TestTools.Common.TestId"><id type="System.Guid">2d3e0192-de90-d6e5-ae98-ab2f1c059414</id></key><value type="Microsoft.VisualStudio.TestTools.TestTypes.Unit.UnitTestElement, Microsoft.VisualStudio.QualityTools.Tips.UnitTest.ObjectModel, Version=8.0.0.0, Culture=neutral, PublicKeyToken=b03f5f7f11d50a3a"><codeBase type="System.String">e:/projects/brownshoe/unit_tests/product/src/BrownShoe/Testing/UnitTests/bin/BrownShoe.UnitTests.DLL</codeBase><adapterTypeName type="System.String">Microsoft.VisualStudio.TestTools.TestTypes.Unit.UnitTestAdapter, Microsoft.VisualStudio.QualityTools.Tips.UnitTest.Adapter</adapterTypeName><testMethod type="Microsoft.VisualStudio.TestTools.TestTypes.Unit.TestMethod, Microsoft.VisualStudio.QualityTools.Tips.UnitTest.ObjectModel, Version=8.0.0.0, Culture=neutral, PublicKeyToken=b03f5f7f11d50a3a"><className type="System.String">BrownShoe.UnitTests.Services.Profiles.CreditCardServiceTest, BrownShoe.UnitTests, Version=1.0.0.0, Culture=neutral, PublicKeyToken=null</className><name type="System.String">ReadTest</name><expectedExceptionMessage type="System.String" /><isValid type="System.Boolean">False</isValid></testMethod><aspNetDevServers type="System.Collections.Generic.List`1[[Microsoft.VisualStudio.TestTools.Common.AspNetDevelopmentServer, Microsoft.VisualStudio.QualityTools.Common, Version=8.0.0.0, Culture=neutral, PublicKeyToken=b03f5f7f11d50a3a]]"><_size type="System.Int32">0</_size><_version type="System.Int32">0</_version></aspNetDevServers><dataAccessMethod type="Microsoft.VisualStudio.TestTools.UnitTesting.DataAccessMethod, Microsoft.VisualStudio.QualityTools.UnitTestFramework, Version=8.0.0.0, Culture=neutral, PublicKeyToken=b03f5f7f11d50a3a"><value__ type="System.Int32">0</value__></dataAccessMethod><cssProjectStructure type="System.String" /><isRunOnRestart type="System.Boolean">False</isRunOnRestart><timeOut type="System.Int32">0</timeOut><isGroupable type="System.Boolean">True</isGroupable><abortRunOnAgentFailure type="System.Boolean">False</abortRunOnAgentFailure><cssIteration type="System.String" /><workItemIds type="System.Collections.Generic.List`1[[System.Int32, mscorlib, Version=2.0.0.0, Culture=neutral, PublicKeyToken=b77a5c561934e089]]"><_size type="System.Int32">0</_size><_version type="System.Int32">1</_version></workItemIds><id type="Microsoft.VisualStudio.TestTools.Common.TestId"><id type="System.Guid">2d3e0192-de90-d6e5-ae98-ab2f1c059414</id></id><name type="System.String">ReadTest</name><description type="System.String" /><enabled type="System.Boolean">True</enabled><owner type="System.String" /><priority type="System.Int32">0</priority><executionId type="Microsoft.VisualStudio.TestTools.Common.TestExecId"><id type="System.Guid">00000000-0000-0000-0000-000000000000</id></executionId><parentExecutId type="Microsoft.VisualStudio.TestTools.Common.TestExecId"><id type="System.Guid">00000000-0000-0000-0000-000000000000</id></parentExecutId><deploymentItems type="Microsoft.VisualStudio.TestTools.Common.DeploymentItemCollection" /><agentAttributes type="System.Collections.Specialized.StringDictionary, System, Version=2.0.0.0, Culture=neutral, PublicKeyToken=b77a5c561934e089" /><storage type="System.String">e:\projects\brownshoe\unit_tests\product\src\brownshoe\testing\unittests\bin\brownshoe.unittests.dll</storage><m_nonRunnableReason type="System.String" /></value><key type="Microsoft.VisualStudio.TestTools.Common.TestId"><id type="System.Guid">9f63df3d-0c46-0261-6fef-0b6710969a05</id></key><value type="Microsoft.VisualStudio.TestTools.TestTypes.Unit.UnitTestElement, Microsoft.VisualStudio.QualityTools.Tips.UnitTest.ObjectModel, Version=8.0.0.0, Culture=neutral, PublicKeyToken=b03f5f7f11d50a3a"><codeBase type="System.String">e:/projects/brownshoe/unit_tests/product/src/BrownShoe/Testing/UnitTests/bin/BrownShoe.UnitTests.DLL</codeBase><adapterTypeName type="System.String">Microsoft.VisualStudio.TestTools.TestTypes.Unit.UnitTestAdapter, Microsoft.VisualStudio.QualityTools.Tips.UnitTest.Adapter</adapterTypeName><testMethod type="Microsoft.VisualStudio.TestTools.TestTypes.Unit.TestMethod, Microsoft.VisualStudio.QualityTools.Tips.UnitTest.ObjectModel, Version=8.0.0.0, Culture=neutral, PublicKeyToken=b03f5f7f11d50a3a"><className type="System.String">BrownShoe.UnitTests.Services.Madison.SizeDataTest, BrownShoe.UnitTests, Version=1.0.0.0, Culture=neutral, PublicKeyToken=null</className><name type="System.String">DisplayWidthTest</name><expectedExceptionMessage type="System.String" /><isValid type="System.Boolean">False</isValid></testMethod><aspNetDevServers type="System.Collections.Generic.List`1[[Microsoft.VisualStudio.TestTools.Common.AspNetDevelopmentServer, Microsoft.VisualStudio.QualityTools.Common, Version=8.0.0.0, Culture=neutral, PublicKeyToken=b03f5f7f11d50a3a]]"><_size type="System.Int32">0</_size><_version type="System.Int32">0</_version></aspNetDevServers><dataAccessMethod type="Microsoft.VisualStudio.TestTools.UnitTesting.DataAccessMethod, Microsoft.VisualStudio.QualityTools.UnitTestFramework, Version=8.0.0.0, Culture=neutral, PublicKeyToken=b03f5f7f11d50a3a"><value__ type="System.Int32">0</value__></dataAccessMethod><cssProjectStructure type="System.String" /><isRunOnRestart type="System.Boolean">False</isRunOnRestart><timeOut type="System.Int32">0</timeOut><isGroupable type="System.Boolean">True</isGroupable><abortRunOnAgentFailure type="System.Boolean">False</abortRunOnAgentFailure><cssIteration type="System.String" /><workItemIds type="System.Collections.Generic.List`1[[System.Int32, mscorlib, Version=2.0.0.0, Culture=neutral, PublicKeyToken=b77a5c561934e089]]"><_size type="System.Int32">0</_size><_version type="System.Int32">1</_version></workItemIds><id type="Microsoft.VisualStudio.TestTools.Common.TestId"><id type="System.Guid">9f63df3d-0c46-0261-6fef-0b6710969a05</id></id><name type="System.String">DisplayWidthTest</name><description type="System.String" /><enabled type="System.Boolean">True</enabled><owner type="System.String" /><priority type="System.Int32">0</priority><executionId type="Microsoft.VisualStudio.TestTools.Common.TestExecId"><id type="System.Guid">00000000-0000-0000-0000-000000000000</id></executionId><parentExecutId type="Microsoft.VisualStudio.TestTools.Common.TestExecId"><id type="System.Guid">00000000-0000-0000-0000-000000000000</id></parentExecutId><deploymentItems type="Microsoft.VisualStudio.TestTools.Common.DeploymentItemCollection" /><agentAttributes type="System.Collections.Specialized.StringDictionary, System, Version=2.0.0.0, Culture=neutral, PublicKeyToken=b77a5c561934e089" /><storage type="System.String">e:\projects\brownshoe\unit_tests\product\src\brownshoe\testing\unittests\bin\brownshoe.unittests.dll</storage><m_nonRunnableReason type="System.String" /></value><key type="Microsoft.VisualStudio.TestTools.Common.TestId"><id type="System.Guid">01db33ed-8108-3c92-134d-6748625e9ef0</id></key><value type="Microsoft.VisualStudio.TestTools.TestTypes.Unit.UnitTestElement, Microsoft.VisualStudio.QualityTools.Tips.UnitTest.ObjectModel, Version=8.0.0.0, Culture=neutral, PublicKeyToken=b03f5f7f11d50a3a"><codeBase type="System.String">e:/projects/brownshoe/unit_tests/product/src/BrownShoe/Testing/UnitTests/bin/BrownShoe.UnitTests.DLL</codeBase><adapterTypeName type="System.String">Microsoft.VisualStudio.TestTools.TestTypes.Unit.UnitTestAdapter, Microsoft.VisualStudio.QualityTools.Tips.UnitTest.Adapter</adapterTypeName><testMethod type="Microsoft.VisualStudio.TestTools.TestTypes.Unit.TestMethod, Microsoft.VisualStudio.QualityTools.Tips.UnitTest.ObjectModel, Version=8.0.0.0, Culture=neutral, PublicKeyToken=b03f5f7f11d50a3a"><className type="System.String">BrownShoe.UnitTests.Services.Navigation.NavigationServiceTest, BrownShoe.UnitTests, Version=1.0.0.0, Culture=neutral, PublicKeyToken=null</className><name type="System.String">GetBrandListTest</name><expectedExceptionMessage type="System.String" /><isValid type="System.Boolean">False</isValid></testMethod><aspNetDevServers type="System.Collections.Generic.List`1[[Microsoft.VisualStudio.TestTools.Common.AspNetDevelopmentServer, Microsoft.VisualStudio.QualityTools.Common, Version=8.0.0.0, Culture=neutral, PublicKeyToken=b03f5f7f11d50a3a]]"><_size type="System.Int32">0</_size><_version type="System.Int32">0</_version></aspNetDevServers><dataAccessMethod type="Microsoft.VisualStudio.TestTools.UnitTesting.DataAccessMethod, Microsoft.VisualStudio.QualityTools.UnitTestFramework, Version=8.0.0.0, Culture=neutral, PublicKeyToken=b03f5f7f11d50a3a"><value__ type="System.Int32">0</value__></dataAccessMethod><cssProjectStructure type="System.String" /><isRunOnRestart type="System.Boolean">False</isRunOnRestart><timeOut type="System.Int32">0</timeOut><isGroupable type="System.Boolean">True</isGroupable><abortRunOnAgentFailure type="System.Boolean">False</abortRunOnAgentFailure><cssIteration type="System.String" /><workItemIds type="System.Collections.Generic.List`1[[System.Int32, mscorlib, Version=2.0.0.0, Culture=neutral, PublicKeyToken=b77a5c561934e089]]"><_size type="System.Int32">0</_size><_version type="System.Int32">1</_version></workItemIds><id type="Microsoft.VisualStudio.TestTools.Common.TestId"><id type="System.Guid">01db33ed-8108-3c92-134d-6748625e9ef0</id></id><name type="System.String">GetBrandListTest</name><description type="System.String" /><enabled type="System.Boolean">True</enabled><owner type="System.String" /><priority type="System.Int32">0</priority><executionId type="Microsoft.VisualStudio.TestTools.Common.TestExecId"><id type="System.Guid">00000000-0000-0000-0000-000000000000</id></executionId><parentExecutId type="Microsoft.VisualStudio.TestTools.Common.TestExecId"><id type="System.Guid">00000000-0000-0000-0000-000000000000</id></parentExecutId><deploymentItems type="Microsoft.VisualStudio.TestTools.Common.DeploymentItemCollection" /><agentAttributes type="System.Collections.Specialized.StringDictionary, System, Version=2.0.0.0, Culture=neutral, PublicKeyToken=b77a5c561934e089" /><storage type="System.String">e:\projects\brownshoe\unit_tests\product\src\brownshoe\testing\unittests\bin\brownshoe.unittests.dll</storage><m_nonRunnableReason type="System.String" /></value><key type="Microsoft.VisualStudio.TestTools.Common.TestId"><id type="System.Guid">8b0efc0d-969e-de83-3851-f59380cefcc7</id></key><value type="Microsoft.VisualStudio.TestTools.TestTypes.Unit.UnitTestElement, Microsoft.VisualStudio.QualityTools.Tips.UnitTest.ObjectModel, Version=8.0.0.0, Culture=neutral, PublicKeyToken=b03f5f7f11d50a3a"><codeBase type="System.String">e:/projects/brownshoe/unit_tests/product/src/BrownShoe/Testing/UnitTests/bin/BrownShoe.UnitTests.DLL</codeBase><adapterTypeName type="System.String">Microsoft.VisualStudio.TestTools.TestTypes.Unit.UnitTestAdapter, Microsoft.VisualStudio.QualityTools.Tips.UnitTest.Adapter</adapterTypeName><testMethod type="Microsoft.VisualStudio.TestTools.TestTypes.Unit.TestMethod, Microsoft.VisualStudio.QualityTools.Tips.UnitTest.ObjectModel, Version=8.0.0.0, Culture=neutral, PublicKeyToken=b03f5f7f11d50a3a"><className type="System.String">BrownShoe.UnitTests.Services.DataAccess.GrandOpeningDBTest, BrownShoe.UnitTests, Version=1.0.0.0, Culture=neutral, PublicKeyToken=null</className><name type="System.String">GetAllTest</name><expectedExceptionMessage type="System.String" /><isValid type="System.Boolean">False</isValid></testMethod><aspNetDevServers type="System.Collections.Generic.List`1[[Microsoft.VisualStudio.TestTools.Common.AspNetDevelopmentServer, Microsoft.VisualStudio.QualityTools.Common, Version=8.0.0.0, Culture=neutral, PublicKeyToken=b03f5f7f11d50a3a]]"><_size type="System.Int32">0</_size><_version type="System.Int32">0</_version></aspNetDevServers><dataAccessMethod type="Microsoft.VisualStudio.TestTools.UnitTesting.DataAccessMethod, Microsoft.VisualStudio.QualityTools.UnitTestFramework, Version=8.0.0.0, Culture=neutral, PublicKeyToken=b03f5f7f11d50a3a"><value__ type="System.Int32">0</value__></dataAccessMethod><cssProjectStructure type="System.String" /><isRunOnRestart type="System.Boolean">False</isRunOnRestart><timeOut type="System.Int32">0</timeOut><isGroupable type="System.Boolean">True</isGroupable><abortRunOnAgentFailure type="System.Boolean">False</abortRunOnAgentFailure><cssIteration type="System.String" /><workItemIds type="System.Collections.Generic.List`1[[System.Int32, mscorlib, Version=2.0.0.0, Culture=neutral, PublicKeyToken=b77a5c561934e089]]"><_size type="System.Int32">0</_size><_version type="System.Int32">1</_version></workItemIds><id type="Microsoft.VisualStudio.TestTools.Common.TestId"><id type="System.Guid">8b0efc0d-969e-de83-3851-f59380cefcc7</id></id><name type="System.String">GetAllTest</name><description type="System.String" /><enabled type="System.Boolean">True</enabled><owner type="System.String" /><priority type="System.Int32">0</priority><executionId type="Microsoft.VisualStudio.TestTools.Common.TestExecId"><id type="System.Guid">00000000-0000-0000-0000-000000000000</id></executionId><parentExecutId type="Microsoft.VisualStudio.TestTools.Common.TestExecId"><id type="System.Guid">00000000-0000-0000-0000-000000000000</id></parentExecutId><deploymentItems type="Microsoft.VisualStudio.TestTools.Common.DeploymentItemCollection" /><agentAttributes type="System.Collections.Specialized.StringDictionary, System, Version=2.0.0.0, Culture=neutral, PublicKeyToken=b77a5c561934e089" /><storage type="System.String">e:\projects\brownshoe\unit_tests\product\src\brownshoe\testing\unittests\bin\brownshoe.unittests.dll</storage><m_nonRunnableReason type="System.String" /></value><key type="Microsoft.VisualStudio.TestTools.Common.TestId"><id type="System.Guid">03395402-3a1f-2607-1788-fc3486f1dde5</id></key><value type="Microsoft.VisualStudio.TestTools.TestTypes.Unit.UnitTestElement, Microsoft.VisualStudio.QualityTools.Tips.UnitTest.ObjectModel, Version=8.0.0.0, Culture=neutral, PublicKeyToken=b03f5f7f11d50a3a"><codeBase type="System.String">e:/projects/brownshoe/unit_tests/product/src/BrownShoe/Testing/UnitTests/bin/BrownShoe.UnitTests.DLL</codeBase><adapterTypeName type="System.String">Microsoft.VisualStudio.TestTools.TestTypes.Unit.UnitTestAdapter, Microsoft.VisualStudio.QualityTools.Tips.UnitTest.Adapter</adapterTypeName><testMethod type="Microsoft.VisualStudio.TestTools.TestTypes.Unit.TestMethod, Microsoft.VisualStudio.QualityTools.Tips.UnitTest.ObjectModel, Version=8.0.0.0, Culture=neutral, PublicKeyToken=b03f5f7f11d50a3a"><className type="System.String">BrownShoe.UnitTests.Services.DataAccess.BrownShoesShareDBTest, BrownShoe.UnitTests, Version=1.0.0.0, Culture=neutral, PublicKeyToken=null</className><name type="System.String">GetSecurityQuestionsTest</name><expectedExceptionMessage type="System.String" /><isValid type="System.Boolean">False</isValid></testMethod><aspNetDevServers type="System.Collections.Generic.List`1[[Microsoft.VisualStudio.TestTools.Common.AspNetDevelopmentServer, Microsoft.VisualStudio.QualityTools.Common, Version=8.0.0.0, Culture=neutral, PublicKeyToken=b03f5f7f11d50a3a]]"><_size type="System.Int32">0</_size><_version type="System.Int32">0</_version></aspNetDevServers><dataAccessMethod type="Microsoft.VisualStudio.TestTools.UnitTesting.DataAccessMethod, Microsoft.VisualStudio.QualityTools.UnitTestFramework, Version=8.0.0.0, Culture=neutral, PublicKeyToken=b03f5f7f11d50a3a"><value__ type="System.Int32">0</value__></dataAccessMethod><cssProjectStructure type="System.String" /><isRunOnRestart type="System.Boolean">False</isRunOnRestart><timeOut type="System.Int32">0</timeOut><isGroupable type="System.Boolean">True</isGroupable><abortRunOnAgentFailure type="System.Boolean">False</abortRunOnAgentFailure><cssIteration type="System.String" /><workItemIds type="System.Collections.Generic.List`1[[System.Int32, mscorlib, Version=2.0.0.0, Culture=neutral, PublicKeyToken=b77a5c561934e089]]"><_size type="System.Int32">0</_size><_version type="System.Int32">1</_version></workItemIds><id type="Microsoft.VisualStudio.TestTools.Common.TestId"><id type="System.Guid">03395402-3a1f-2607-1788-fc3486f1dde5</id></id><name type="System.String">GetSecurityQuestionsTest</name><description type="System.String" /><enabled type="System.Boolean">True</enabled><owner type="System.String" /><priority type="System.Int32">0</priority><executionId type="Microsoft.VisualStudio.TestTools.Common.TestExecId"><id type="System.Guid">00000000-0000-0000-0000-000000000000</id></executionId><parentExecutId type="Microsoft.VisualStudio.TestTools.Common.TestExecId"><id type="System.Guid">00000000-0000-0000-0000-000000000000</id></parentExecutId><deploymentItems type="Microsoft.VisualStudio.TestTools.Common.DeploymentItemCollection" /><agentAttributes type="System.Collections.Specialized.StringDictionary, System, Version=2.0.0.0, Culture=neutral, PublicKeyToken=b77a5c561934e089" /><storage type="System.String">e:\projects\brownshoe\unit_tests\product\src\brownshoe\testing\unittests\bin\brownshoe.unittests.dll</storage><m_nonRunnableReason type="System.String" /></value><key type="Microsoft.VisualStudio.TestTools.Common.TestId"><id type="System.Guid">22d52f29-3531-4d85-99c3-8704ba5110a4</id></key><value type="Microsoft.VisualStudio.TestTools.TestTypes.Unit.UnitTestElement, Microsoft.VisualStudio.QualityTools.Tips.UnitTest.ObjectModel, Version=8.0.0.0, Culture=neutral, PublicKeyToken=b03f5f7f11d50a3a"><codeBase type="System.String">e:/projects/brownshoe/unit_tests/product/src/BrownShoe/Testing/UnitTests/bin/BrownShoe.UnitTests.DLL</codeBase><adapterTypeName type="System.String">Microsoft.VisualStudio.TestTools.TestTypes.Unit.UnitTestAdapter, Microsoft.VisualStudio.QualityTools.Tips.UnitTest.Adapter</adapterTypeName><testMethod type="Microsoft.VisualStudio.TestTools.TestTypes.Unit.TestMethod, Microsoft.VisualStudio.QualityTools.Tips.UnitTest.ObjectModel, Version=8.0.0.0, Culture=neutral, PublicKeyToken=b03f5f7f11d50a3a"><className type="System.String">BrownShoe.UnitTests.Services.Madison.StoreLocationTest, BrownShoe.UnitTests, Version=1.0.0.0, Culture=neutral, PublicKeyToken=null</className><name type="System.String">IntersectionStreetTest</name><expectedExceptionMessage type="System.String" /><isValid type="System.Boolean">False</isValid></testMethod><aspNetDevServers type="System.Collections.Generic.List`1[[Microsoft.VisualStudio.TestTools.Common.AspNetDevelopmentServer, Microsoft.VisualStudio.QualityTools.Common, Version=8.0.0.0, Culture=neutral, PublicKeyToken=b03f5f7f11d50a3a]]"><_size type="System.Int32">0</_size><_version type="System.Int32">0</_version></aspNetDevServers><dataAccessMethod type="Microsoft.VisualStudio.TestTools.UnitTesting.DataAccessMethod, Microsoft.VisualStudio.QualityTools.UnitTestFramework, Version=8.0.0.0, Culture=neutral, PublicKeyToken=b03f5f7f11d50a3a"><value__ type="System.Int32">0</value__></dataAccessMethod><cssProjectStructure type="System.String" /><isRunOnRestart type="System.Boolean">False</isRunOnRestart><timeOut type="System.Int32">0</timeOut><isGroupable type="System.Boolean">True</isGroupable><abortRunOnAgentFailure type="System.Boolean">False</abortRunOnAgentFailure><cssIteration type="System.String" /><workItemIds type="System.Collections.Generic.List`1[[System.Int32, mscorlib, Version=2.0.0.0, Culture=neutral, PublicKeyToken=b77a5c561934e089]]"><_size type="System.Int32">0</_size><_version type="System.Int32">1</_version></workItemIds><id type="Microsoft.VisualStudio.TestTools.Common.TestId"><id type="System.Guid">22d52f29-3531-4d85-99c3-8704ba5110a4</id></id><name type="System.String">IntersectionStreetTest</name><description type="System.String" /><enabled type="System.Boolean">True</enabled><owner type="System.String" /><priority type="System.Int32">0</priority><executionId type="Microsoft.VisualStudio.TestTools.Common.TestExecId"><id type="System.Guid">00000000-0000-0000-0000-000000000000</id></executionId><parentExecutId type="Microsoft.VisualStudio.TestTools.Common.TestExecId"><id type="System.Guid">00000000-0000-0000-0000-000000000000</id></parentExecutId><deploymentItems type="Microsoft.VisualStudio.TestTools.Common.DeploymentItemCollection" /><agentAttributes type="System.Collections.Specialized.StringDictionary, System, Version=2.0.0.0, Culture=neutral, PublicKeyToken=b77a5c561934e089" /><storage type="System.String">e:\projects\brownshoe\unit_tests\product\src\brownshoe\testing\unittests\bin\brownshoe.unittests.dll</storage><m_nonRunnableReason type="System.String" /></value><key type="Microsoft.VisualStudio.TestTools.Common.TestId"><id type="System.Guid">157a9f96-dcb8-8334-faff-33f1a22c0bfd</id></key><value type="Microsoft.VisualStudio.TestTools.TestTypes.Unit.UnitTestElement, Microsoft.VisualStudio.QualityTools.Tips.UnitTest.ObjectModel, Version=8.0.0.0, Culture=neutral, PublicKeyToken=b03f5f7f11d50a3a"><codeBase type="System.String">e:/projects/brownshoe/unit_tests/product/src/BrownShoe/Testing/UnitTests/bin/BrownShoe.UnitTests.DLL</codeBase><adapterTypeName type="System.String">Microsoft.VisualStudio.TestTools.TestTypes.Unit.UnitTestAdapter, Microsoft.VisualStudio.QualityTools.Tips.UnitTest.Adapter</adapterTypeName><testMethod type="Microsoft.VisualStudio.TestTools.TestTypes.Unit.TestMethod, Microsoft.VisualStudio.QualityTools.Tips.UnitTest.ObjectModel, Version=8.0.0.0, Culture=neutral, PublicKeyToken=b03f5f7f11d50a3a"><className type="System.String">BrownShoe.UnitTests.Services.Orders.GiftCardServiceTest, BrownShoe.UnitTests, Version=1.0.0.0, Culture=neutral, PublicKeyToken=null</className><name type="System.String">AssociateNewGiftCardOrderToReturnTest</name><expectedExceptionMessage type="System.String" /><isValid type="System.Boolean">False</isValid></testMethod><aspNetDevServers type="System.Collections.Generic.List`1[[Microsoft.VisualStudio.TestTools.Common.AspNetDevelopmentServer, Microsoft.VisualStudio.QualityTools.Common, Version=8.0.0.0, Culture=neutral, PublicKeyToken=b03f5f7f11d50a3a]]"><_size type="System.Int32">0</_size><_version type="System.Int32">0</_version></aspNetDevServers><dataAccessMethod type="Microsoft.VisualStudio.TestTools.UnitTesting.DataAccessMethod, Microsoft.VisualStudio.QualityTools.UnitTestFramework, Version=8.0.0.0, Culture=neutral, PublicKeyToken=b03f5f7f11d50a3a"><value__ type="System.Int32">0</value__></dataAccessMethod><cssProjectStructure type="System.String" /><isRunOnRestart type="System.Boolean">False</isRunOnRestart><timeOut type="System.Int32">0</timeOut><isGroupable type="System.Boolean">True</isGroupable><abortRunOnAgentFailure type="System.Boolean">False</abortRunOnAgentFailure><cssIteration type="System.String" /><workItemIds type="System.Collections.Generic.List`1[[System.Int32, mscorlib, Version=2.0.0.0, Culture=neutral, PublicKeyToken=b77a5c561934e089]]"><_size type="System.Int32">0</_size><_version type="System.Int32">1</_version></workItemIds><id type="Microsoft.VisualStudio.TestTools.Common.TestId"><id type="System.Guid">157a9f96-dcb8-8334-faff-33f1a22c0bfd</id></id><name type="System.String">AssociateNewGiftCardOrderToReturnTest</name><description type="System.String" /><enabled type="System.Boolean">True</enabled><owner type="System.String" /><priority type="System.Int32">0</priority><executionId type="Microsoft.VisualStudio.TestTools.Common.TestExecId"><id type="System.Guid">00000000-0000-0000-0000-000000000000</id></executionId><parentExecutId type="Microsoft.VisualStudio.TestTools.Common.TestExecId"><id type="System.Guid">00000000-0000-0000-0000-000000000000</id></parentExecutId><deploymentItems type="Microsoft.VisualStudio.TestTools.Common.DeploymentItemCollection" /><agentAttributes type="System.Collections.Specialized.StringDictionary, System, Version=2.0.0.0, Culture=neutral, PublicKeyToken=b77a5c561934e089" /><storage type="System.String">e:\projects\brownshoe\unit_tests\product\src\brownshoe\testing\unittests\bin\brownshoe.unittests.dll</storage><m_nonRunnableReason type="System.String" /></value><key type="Microsoft.VisualStudio.TestTools.Common.TestId"><id type="System.Guid">4cfa5a41-cb2a-b8a3-fd71-d4af63cf74fa</id></key><value type="Microsoft.VisualStudio.TestTools.TestTypes.Unit.UnitTestElement, Microsoft.VisualStudio.QualityTools.Tips.UnitTest.ObjectModel, Version=8.0.0.0, Culture=neutral, PublicKeyToken=b03f5f7f11d50a3a"><codeBase type="System.String">e:/projects/brownshoe/unit_tests/product/src/BrownShoe/Testing/UnitTests/bin/BrownShoe.UnitTests.DLL</codeBase><adapterTypeName type="System.String">Microsoft.VisualStudio.TestTools.TestTypes.Unit.UnitTestAdapter, Microsoft.VisualStudio.QualityTools.Tips.UnitTest.Adapter</adapterTypeName><testMethod type="Microsoft.VisualStudio.TestTools.TestTypes.Unit.TestMethod, Microsoft.VisualStudio.QualityTools.Tips.UnitTest.ObjectModel, Version=8.0.0.0, Culture=neutral, PublicKeyToken=b03f5f7f11d50a3a"><className type="System.String">BrownShoe.UnitTests.Services.MarketingAdmin.DataFeedServiceTest, BrownShoe.UnitTests, Version=1.0.0.0, Culture=neutral, PublicKeyToken=null</className><name type="System.String">SaveRuleTest</name><expectedExceptionMessage type="System.String" /><isValid type="System.Boolean">False</isValid></testMethod><aspNetDevServers type="System.Collections.Generic.List`1[[Microsoft.VisualStudio.TestTools.Common.AspNetDevelopmentServer, Microsoft.VisualStudio.QualityTools.Common, Version=8.0.0.0, Culture=neutral, PublicKeyToken=b03f5f7f11d50a3a]]"><_size type="System.Int32">0</_size><_version type="System.Int32">0</_version></aspNetDevServers><dataAccessMethod type="Microsoft.VisualStudio.TestTools.UnitTesting.DataAccessMethod, Microsoft.VisualStudio.QualityTools.UnitTestFramework, Version=8.0.0.0, Culture=neutral, PublicKeyToken=b03f5f7f11d50a3a"><value__ type="System.Int32">0</value__></dataAccessMethod><cssProjectStructure type="System.String" /><isRunOnRestart type="System.Boolean">False</isRunOnRestart><timeOut type="System.Int32">0</timeOut><isGroupable type="System.Boolean">True</isGroupable><abortRunOnAgentFailure type="System.Boolean">False</abortRunOnAgentFailure><cssIteration type="System.String" /><workItemIds type="System.Collections.Generic.List`1[[System.Int32, mscorlib, Version=2.0.0.0, Culture=neutral, PublicKeyToken=b77a5c561934e089]]"><_size type="System.Int32">0</_size><_version type="System.Int32">1</_version></workItemIds><id type="Microsoft.VisualStudio.TestTools.Common.TestId"><id type="System.Guid">4cfa5a41-cb2a-b8a3-fd71-d4af63cf74fa</id></id><name type="System.String">SaveRuleTest</name><description type="System.String" /><enabled type="System.Boolean">True</enabled><owner type="System.String" /><priority type="System.Int32">0</priority><executionId type="Microsoft.VisualStudio.TestTools.Common.TestExecId"><id type="System.Guid">00000000-0000-0000-0000-000000000000</id></executionId><parentExecutId type="Microsoft.VisualStudio.TestTools.Common.TestExecId"><id type="System.Guid">00000000-0000-0000-0000-000000000000</id></parentExecutId><deploymentItems type="Microsoft.VisualStudio.TestTools.Common.DeploymentItemCollection" /><agentAttributes type="System.Collections.Specialized.StringDictionary, System, Version=2.0.0.0, Culture=neutral, PublicKeyToken=b77a5c561934e089" /><storage type="System.String">e:\projects\brownshoe\unit_tests\product\src\brownshoe\testing\unittests\bin\brownshoe.unittests.dll</storage><m_nonRunnableReason type="System.String" /></value><key type="Microsoft.VisualStudio.TestTools.Common.TestId"><id type="System.Guid">7e5abb03-98bf-98f3-af10-994573b4f00b</id></key><value type="Microsoft.VisualStudio.TestTools.TestTypes.Unit.UnitTestElement, Microsoft.VisualStudio.QualityTools.Tips.UnitTest.ObjectModel, Version=8.0.0.0, Culture=neutral, PublicKeyToken=b03f5f7f11d50a3a"><codeBase type="System.String">e:/projects/brownshoe/unit_tests/product/src/BrownShoe/Testing/UnitTests/bin/BrownShoe.UnitTests.DLL</codeBase><adapterTypeName type="System.String">Microsoft.VisualStudio.TestTools.TestTypes.Unit.UnitTestAdapter, Microsoft.VisualStudio.QualityTools.Tips.UnitTest.Adapter</adapterTypeName><testMethod type="Microsoft.VisualStudio.TestTools.TestTypes.Unit.TestMethod, Microsoft.VisualStudio.QualityTools.Tips.UnitTest.ObjectModel, Version=8.0.0.0, Culture=neutral, PublicKeyToken=b03f5f7f11d50a3a"><className type="System.String">BrownShoe.UnitTests.Services.Configuration.CactusExtensionsHandlerTest, BrownShoe.UnitTests, Version=1.0.0.0, Culture=neutral, PublicKeyToken=null</className><name type="System.String">GetCustomerReviewImageFolderTest</name><expectedExceptionMessage type="System.String" /><isValid type="System.Boolean">False</isValid></testMethod><aspNetDevServers type="System.Collections.Generic.List`1[[Microsoft.VisualStudio.TestTools.Common.AspNetDevelopmentServer, Microsoft.VisualStudio.QualityTools.Common, Version=8.0.0.0, Culture=neutral, PublicKeyToken=b03f5f7f11d50a3a]]"><_size type="System.Int32">0</_size><_version type="System.Int32">0</_version></aspNetDevServers><dataAccessMethod type="Microsoft.VisualStudio.TestTools.UnitTesting.DataAccessMethod, Microsoft.VisualStudio.QualityTools.UnitTestFramework, Version=8.0.0.0, Culture=neutral, PublicKeyToken=b03f5f7f11d50a3a"><value__ type="System.Int32">0</value__></dataAccessMethod><cssProjectStructure type="System.String" /><isRunOnRestart type="System.Boolean">False</isRunOnRestart><timeOut type="System.Int32">0</timeOut><isGroupable type="System.Boolean">True</isGroupable><abortRunOnAgentFailure type="System.Boolean">False</abortRunOnAgentFailure><cssIteration type="System.String" /><workItemIds type="System.Collections.Generic.List`1[[System.Int32, mscorlib, Version=2.0.0.0, Culture=neutral, PublicKeyToken=b77a5c561934e089]]"><_size type="System.Int32">0</_size><_version type="System.Int32">1</_version></workItemIds><id type="Microsoft.VisualStudio.TestTools.Common.TestId"><id type="System.Guid">7e5abb03-98bf-98f3-af10-994573b4f00b</id></id><name type="System.String">GetCustomerReviewImageFolderTest</name><description type="System.String" /><enabled type="System.Boolean">True</enabled><owner type="System.String" /><priority type="System.Int32">0</priority><executionId type="Microsoft.VisualStudio.TestTools.Common.TestExecId"><id type="System.Guid">00000000-0000-0000-0000-000000000000</id></executionId><parentExecutId type="Microsoft.VisualStudio.TestTools.Common.TestExecId"><id type="System.Guid">00000000-0000-0000-0000-000000000000</id></parentExecutId><deploymentItems type="Microsoft.VisualStudio.TestTools.Common.DeploymentItemCollection" /><agentAttributes type="System.Collections.Specialized.StringDictionary, System, Version=2.0.0.0, Culture=neutral, PublicKeyToken=b77a5c561934e089" /><storage type="System.String">e:\projects\brownshoe\unit_tests\product\src\brownshoe\testing\unittests\bin\brownshoe.unittests.dll</storage><m_nonRunnableReason type="System.String" /></value><key type="Microsoft.VisualStudio.TestTools.Common.TestId"><id type="System.Guid">f894e702-bbf0-24c0-e740-1fa942cc585e</id></key><value type="Microsoft.VisualStudio.TestTools.TestTypes.Unit.UnitTestElement, Microsoft.VisualStudio.QualityTools.Tips.UnitTest.ObjectModel, Version=8.0.0.0, Culture=neutral, PublicKeyToken=b03f5f7f11d50a3a"><codeBase type="System.String">e:/projects/brownshoe/unit_tests/product/src/BrownShoe/Testing/UnitTests/bin/BrownShoe.UnitTests.DLL</codeBase><adapterTypeName type="System.String">Microsoft.VisualStudio.TestTools.TestTypes.Unit.UnitTestAdapter, Microsoft.VisualStudio.QualityTools.Tips.UnitTest.Adapter</adapterTypeName><testMethod type="Microsoft.VisualStudio.TestTools.TestTypes.Unit.TestMethod, Microsoft.VisualStudio.QualityTools.Tips.UnitTest.ObjectModel, Version=8.0.0.0, Culture=neutral, PublicKeyToken=b03f5f7f11d50a3a"><className type="System.String">BrownShoe.UnitTests.Services.DataAccess.SysMonDBTest, BrownShoe.UnitTests, Version=1.0.0.0, Culture=neutral, PublicKeyToken=null</className><name type="System.String">Test_OutputQTest1Test</name><expectedExceptionMessage type="System.String" /><isValid type="System.Boolean">False</isValid></testMethod><aspNetDevServers type="System.Collections.Generic.List`1[[Microsoft.VisualStudio.TestTools.Common.AspNetDevelopmentServer, Microsoft.VisualStudio.QualityTools.Common, Version=8.0.0.0, Culture=neutral, PublicKeyToken=b03f5f7f11d50a3a]]"><_size type="System.Int32">0</_size><_version type="System.Int32">0</_version></aspNetDevServers><dataAccessMethod type="Microsoft.VisualStudio.TestTools.UnitTesting.DataAccessMethod, Microsoft.VisualStudio.QualityTools.UnitTestFramework, Version=8.0.0.0, Culture=neutral, PublicKeyToken=b03f5f7f11d50a3a"><value__ type="System.Int32">0</value__></dataAccessMethod><cssProjectStructure type="System.String" /><isRunOnRestart type="System.Boolean">False</isRunOnRestart><timeOut type="System.Int32">0</timeOut><isGroupable type="System.Boolean">True</isGroupable><abortRunOnAgentFailure type="System.Boolean">False</abortRunOnAgentFailure><cssIteration type="System.String" /><workItemIds type="System.Collections.Generic.List`1[[System.Int32, mscorlib, Version=2.0.0.0, Culture=neutral, PublicKeyToken=b77a5c561934e089]]"><_size type="System.Int32">0</_size><_version type="System.Int32">1</_version></workItemIds><id type="Microsoft.VisualStudio.TestTools.Common.TestId"><id type="System.Guid">f894e702-bbf0-24c0-e740-1fa942cc585e</id></id><name type="System.String">Test_OutputQTest1Test</name><description type="System.String" /><enabled type="System.Boolean">True</enabled><owner type="System.String" /><priority type="System.Int32">0</priority><executionId type="Microsoft.VisualStudio.TestTools.Common.TestExecId"><id type="System.Guid">00000000-0000-0000-0000-000000000000</id></executionId><parentExecutId type="Microsoft.VisualStudio.TestTools.Common.TestExecId"><id type="System.Guid">00000000-0000-0000-0000-000000000000</id></parentExecutId><deploymentItems type="Microsoft.VisualStudio.TestTools.Common.DeploymentItemCollection" /><agentAttributes type="System.Collections.Specialized.StringDictionary, System, Version=2.0.0.0, Culture=neutral, PublicKeyToken=b77a5c561934e089" /><storage type="System.String">e:\projects\brownshoe\unit_tests\product\src\brownshoe\testing\unittests\bin\brownshoe.unittests.dll</storage><m_nonRunnableReason type="System.String" /></value><key type="Microsoft.VisualStudio.TestTools.Common.TestId"><id type="System.Guid">6e52483d-d153-e470-7fce-6dac1854a9a1</id></key><value type="Microsoft.VisualStudio.TestTools.TestTypes.Unit.UnitTestElement, Microsoft.VisualStudio.QualityTools.Tips.UnitTest.ObjectModel, Version=8.0.0.0, Culture=neutral, PublicKeyToken=b03f5f7f11d50a3a"><codeBase type="System.String">e:/projects/brownshoe/unit_tests/product/src/BrownShoe/Testing/UnitTests/bin/BrownShoe.UnitTests.DLL</codeBase><adapterTypeName type="System.String">Microsoft.VisualStudio.TestTools.TestTypes.Unit.UnitTestAdapter, Microsoft.VisualStudio.QualityTools.Tips.UnitTest.Adapter</adapterTypeName><testMethod type="Microsoft.VisualStudio.TestTools.TestTypes.Unit.TestMethod, Microsoft.VisualStudio.QualityTools.Tips.UnitTest.ObjectModel, Version=8.0.0.0, Culture=neutral, PublicKeyToken=b03f5f7f11d50a3a"><className type="System.String">BrownShoe.UnitTests.Services.Catalog.CatalogBrowserTest, BrownShoe.UnitTests, Version=1.0.0.0, Culture=neutral, PublicKeyToken=null</className><name type="System.String">GetCategoryTest</name><expectedExceptionMessage type="System.String" /><isValid type="System.Boolean">False</isValid></testMethod><aspNetDevServers type="System.Collections.Generic.List`1[[Microsoft.VisualStudio.TestTools.Common.AspNetDevelopmentServer, Microsoft.VisualStudio.QualityTools.Common, Version=8.0.0.0, Culture=neutral, PublicKeyToken=b03f5f7f11d50a3a]]"><_size type="System.Int32">0</_size><_version type="System.Int32">0</_version></aspNetDevServers><dataAccessMethod type="Microsoft.VisualStudio.TestTools.UnitTesting.DataAccessMethod, Microsoft.VisualStudio.QualityTools.UnitTestFramework, Version=8.0.0.0, Culture=neutral, PublicKeyToken=b03f5f7f11d50a3a"><value__ type="System.Int32">0</value__></dataAccessMethod><cssProjectStructure type="System.String" /><isRunOnRestart type="System.Boolean">False</isRunOnRestart><timeOut type="System.Int32">0</timeOut><isGroupable type="System.Boolean">True</isGroupable><abortRunOnAgentFailure type="System.Boolean">False</abortRunOnAgentFailure><cssIteration type="System.String" /><workItemIds type="System.Collections.Generic.List`1[[System.Int32, mscorlib, Version=2.0.0.0, Culture=neutral, PublicKeyToken=b77a5c561934e089]]"><_size type="System.Int32">0</_size><_version type="System.Int32">1</_version></workItemIds><id type="Microsoft.VisualStudio.TestTools.Common.TestId"><id type="System.Guid">6e52483d-d153-e470-7fce-6dac1854a9a1</id></id><name type="System.String">GetCategoryTest</name><description type="System.String" /><enabled type="System.Boolean">True</enabled><owner type="System.String" /><priority type="System.Int32">0</priority><executionId type="Microsoft.VisualStudio.TestTools.Common.TestExecId"><id type="System.Guid">00000000-0000-0000-0000-000000000000</id></executionId><parentExecutId type="Microsoft.VisualStudio.TestTools.Common.TestExecId"><id type="System.Guid">00000000-0000-0000-0000-000000000000</id></parentExecutId><deploymentItems type="Microsoft.VisualStudio.TestTools.Common.DeploymentItemCollection" /><agentAttributes type="System.Collections.Specialized.StringDictionary, System, Version=2.0.0.0, Culture=neutral, PublicKeyToken=b77a5c561934e089" /><storage type="System.String">e:\projects\brownshoe\unit_tests\product\src\brownshoe\testing\unittests\bin\brownshoe.unittests.dll</storage><m_nonRunnableReason type="System.String" /></value><key type="Microsoft.VisualStudio.TestTools.Common.TestId"><id type="System.Guid">caf6d8b4-4d17-2111-6a71-e6953894b20b</id></key><value type="Microsoft.VisualStudio.TestTools.TestTypes.Unit.UnitTestElement, Microsoft.VisualStudio.QualityTools.Tips.UnitTest.ObjectModel, Version=8.0.0.0, Culture=neutral, PublicKeyToken=b03f5f7f11d50a3a"><codeBase type="System.String">e:/projects/brownshoe/unit_tests/product/src/BrownShoe/Testing/UnitTests/bin/BrownShoe.UnitTests.DLL</codeBase><adapterTypeName type="System.String">Microsoft.VisualStudio.TestTools.TestTypes.Unit.UnitTestAdapter, Microsoft.VisualStudio.QualityTools.Tips.UnitTest.Adapter</adapterTypeName><testMethod type="Microsoft.VisualStudio.TestTools.TestTypes.Unit.TestMethod, Microsoft.VisualStudio.QualityTools.Tips.UnitTest.ObjectModel, Version=8.0.0.0, Culture=neutral, PublicKeyToken=b03f5f7f11d50a3a"><className type="System.String">BrownShoe.UnitTests.Services.Orders.CustomerOrderServiceTest, BrownShoe.UnitTests, Version=1.0.0.0, Culture=neutral, PublicKeyToken=null</className><name type="System.String">GetLocalOrderDateTest</name><expectedExceptionMessage type="System.String" /><isValid type="System.Boolean">False</isValid></testMethod><aspNetDevServers type="System.Collections.Generic.List`1[[Microsoft.VisualStudio.TestTools.Common.AspNetDevelopmentServer, Microsoft.VisualStudio.QualityTools.Common, Version=8.0.0.0, Culture=neutral, PublicKeyToken=b03f5f7f11d50a3a]]"><_size type="System.Int32">0</_size><_version type="System.Int32">0</_version></aspNetDevServers><dataAccessMethod type="Microsoft.VisualStudio.TestTools.UnitTesting.DataAccessMethod, Microsoft.VisualStudio.QualityTools.UnitTestFramework, Version=8.0.0.0, Culture=neutral, PublicKeyToken=b03f5f7f11d50a3a"><value__ type="System.Int32">0</value__></dataAccessMethod><cssProjectStructure type="System.String" /><isRunOnRestart type="System.Boolean">False</isRunOnRestart><timeOut type="System.Int32">0</timeOut><isGroupable type="System.Boolean">True</isGroupable><abortRunOnAgentFailure type="System.Boolean">False</abortRunOnAgentFailure><cssIteration type="System.String" /><workItemIds type="System.Collections.Generic.List`1[[System.Int32, mscorlib, Version=2.0.0.0, Culture=neutral, PublicKeyToken=b77a5c561934e089]]"><_size type="System.Int32">0</_size><_version type="System.Int32">1</_version></workItemIds><id type="Microsoft.VisualStudio.TestTools.Common.TestId"><id type="System.Guid">caf6d8b4-4d17-2111-6a71-e6953894b20b</id></id><name type="System.String">GetLocalOrderDateTest</name><description type="System.String" /><enabled type="System.Boolean">True</enabled><owner type="System.String" /><priority type="System.Int32">0</priority><executionId type="Microsoft.VisualStudio.TestTools.Common.TestExecId"><id type="System.Guid">00000000-0000-0000-0000-000000000000</id></executionId><parentExecutId type="Microsoft.VisualStudio.TestTools.Common.TestExecId"><id type="System.Guid">00000000-0000-0000-0000-000000000000</id></parentExecutId><deploymentItems type="Microsoft.VisualStudio.TestTools.Common.DeploymentItemCollection" /><agentAttributes type="System.Collections.Specialized.StringDictionary, System, Version=2.0.0.0, Culture=neutral, PublicKeyToken=b77a5c561934e089" /><storage type="System.String">e:\projects\brownshoe\unit_tests\product\src\brownshoe\testing\unittests\bin\brownshoe.unittests.dll</storage><m_nonRunnableReason type="System.String" /></value><key type="Microsoft.VisualStudio.TestTools.Common.TestId"><id type="System.Guid">1b990684-ffae-2944-8945-114eaad5ed6d</id></key><value type="Microsoft.VisualStudio.TestTools.TestTypes.Unit.UnitTestElement, Microsoft.VisualStudio.QualityTools.Tips.UnitTest.ObjectModel, Version=8.0.0.0, Culture=neutral, PublicKeyToken=b03f5f7f11d50a3a"><codeBase type="System.String">e:/projects/brownshoe/unit_tests/product/src/BrownShoe/Testing/UnitTests/bin/BrownShoe.UnitTests.DLL</codeBase><adapterTypeName type="System.String">Microsoft.VisualStudio.TestTools.TestTypes.Unit.UnitTestAdapter, Microsoft.VisualStudio.QualityTools.Tips.UnitTest.Adapter</adapterTypeName><testMethod type="Microsoft.VisualStudio.TestTools.TestTypes.Unit.TestMethod, Microsoft.VisualStudio.QualityTools.Tips.UnitTest.ObjectModel, Version=8.0.0.0, Culture=neutral, PublicKeyToken=b03f5f7f11d50a3a"><className type="System.String">BrownShoe.UnitTests.Services.Subscriptions.SubscriptionServiceTest, BrownShoe.UnitTests, Version=1.0.0.0, Culture=neutral, PublicKeyToken=null</className><name type="System.String">IsSubscribedToCatalogTest</name><expectedExceptionMessage type="System.String" /><isValid type="System.Boolean">False</isValid></testMethod><aspNetDevServers type="System.Collections.Generic.List`1[[Microsoft.VisualStudio.TestTools.Common.AspNetDevelopmentServer, Microsoft.VisualStudio.QualityTools.Common, Version=8.0.0.0, Culture=neutral, PublicKeyToken=b03f5f7f11d50a3a]]"><_size type="System.Int32">0</_size><_version type="System.Int32">0</_version></aspNetDevServers><dataAccessMethod type="Microsoft.VisualStudio.TestTools.UnitTesting.DataAccessMethod, Microsoft.VisualStudio.QualityTools.UnitTestFramework, Version=8.0.0.0, Culture=neutral, PublicKeyToken=b03f5f7f11d50a3a"><value__ type="System.Int32">0</value__></dataAccessMethod><cssProjectStructure type="System.String" /><isRunOnRestart type="System.Boolean">False</isRunOnRestart><timeOut type="System.Int32">0</timeOut><isGroupable type="System.Boolean">True</isGroupable><abortRunOnAgentFailure type="System.Boolean">False</abortRunOnAgentFailure><cssIteration type="System.String" /><workItemIds type="System.Collections.Generic.List`1[[System.Int32, mscorlib, Version=2.0.0.0, Culture=neutral, PublicKeyToken=b77a5c561934e089]]"><_size type="System.Int32">0</_size><_version type="System.Int32">1</_version></workItemIds><id type="Microsoft.VisualStudio.TestTools.Common.TestId"><id type="System.Guid">1b990684-ffae-2944-8945-114eaad5ed6d</id></id><name type="System.String">IsSubscribedToCatalogTest</name><description type="System.String" /><enabled type="System.Boolean">True</enabled><owner type="System.String" /><priority type="System.Int32">0</priority><executionId type="Microsoft.VisualStudio.TestTools.Common.TestExecId"><id type="System.Guid">00000000-0000-0000-0000-000000000000</id></executionId><parentExecutId type="Microsoft.VisualStudio.TestTools.Common.TestExecId"><id type="System.Guid">00000000-0000-0000-0000-000000000000</id></parentExecutId><deploymentItems type="Microsoft.VisualStudio.TestTools.Common.DeploymentItemCollection" /><agentAttributes type="System.Collections.Specialized.StringDictionary, System, Version=2.0.0.0, Culture=neutral, PublicKeyToken=b77a5c561934e089" /><storage type="System.String">e:\projects\brownshoe\unit_tests\product\src\brownshoe\testing\unittests\bin\brownshoe.unittests.dll</storage><m_nonRunnableReason type="System.String" /></value><key type="Microsoft.VisualStudio.TestTools.Common.TestId"><id type="System.Guid">d104a305-3e0f-711a-be2d-868fb5e95f17</id></key><value type="Microsoft.VisualStudio.TestTools.TestTypes.Unit.UnitTestElement, Microsoft.VisualStudio.QualityTools.Tips.UnitTest.ObjectModel, Version=8.0.0.0, Culture=neutral, PublicKeyToken=b03f5f7f11d50a3a"><codeBase type="System.String">e:/projects/brownshoe/unit_tests/product/src/BrownShoe/Testing/UnitTests/bin/BrownShoe.UnitTests.DLL</codeBase><adapterTypeName type="System.String">Microsoft.VisualStudio.TestTools.TestTypes.Unit.UnitTestAdapter, Microsoft.VisualStudio.QualityTools.Tips.UnitTest.Adapter</adapterTypeName><testMethod type="Microsoft.VisualStudio.TestTools.TestTypes.Unit.TestMethod, Microsoft.VisualStudio.QualityTools.Tips.UnitTest.ObjectModel, Version=8.0.0.0, Culture=neutral, PublicKeyToken=b03f5f7f11d50a3a"><className type="System.String">BrownShoe.UnitTests.Services.Profiles.AddressServiceTest, BrownShoe.UnitTests, Version=1.0.0.0, Culture=neutral, PublicKeyToken=null</className><name type="System.String">PurgeTest</name><expectedExceptionMessage type="System.String" /><isValid type="System.Boolean">False</isValid></testMethod><aspNetDevServers type="System.Collections.Generic.List`1[[Microsoft.VisualStudio.TestTools.Common.AspNetDevelopmentServer, Microsoft.VisualStudio.QualityTools.Common, Version=8.0.0.0, Culture=neutral, PublicKeyToken=b03f5f7f11d50a3a]]"><_size type="System.Int32">0</_size><_version type="System.Int32">0</_version></aspNetDevServers><dataAccessMethod type="Microsoft.VisualStudio.TestTools.UnitTesting.DataAccessMethod, Microsoft.VisualStudio.QualityTools.UnitTestFramework, Version=8.0.0.0, Culture=neutral, PublicKeyToken=b03f5f7f11d50a3a"><value__ type="System.Int32">0</value__></dataAccessMethod><cssProjectStructure type="System.String" /><isRunOnRestart type="System.Boolean">False</isRunOnRestart><timeOut type="System.Int32">0</timeOut><isGroupable type="System.Boolean">True</isGroupable><abortRunOnAgentFailure type="System.Boolean">False</abortRunOnAgentFailure><cssIteration type="System.String" /><workItemIds type="System.Collections.Generic.List`1[[System.Int32, mscorlib, Version=2.0.0.0, Culture=neutral, PublicKeyToken=b77a5c561934e089]]"><_size type="System.Int32">0</_size><_version type="System.Int32">1</_version></workItemIds><id type="Microsoft.VisualStudio.TestTools.Common.TestId"><id type="System.Guid">d104a305-3e0f-711a-be2d-868fb5e95f17</id></id><name type="System.String">PurgeTest</name><description type="System.String" /><enabled type="System.Boolean">True</enabled><owner type="System.String" /><priority type="System.Int32">0</priority><executionId type="Microsoft.VisualStudio.TestTools.Common.TestExecId"><id type="System.Guid">00000000-0000-0000-0000-000000000000</id></executionId><parentExecutId type="Microsoft.VisualStudio.TestTools.Common.TestExecId"><id type="System.Guid">00000000-0000-0000-0000-000000000000</id></parentExecutId><deploymentItems type="Microsoft.VisualStudio.TestTools.Common.DeploymentItemCollection" /><agentAttributes type="System.Collections.Specialized.StringDictionary, System, Version=2.0.0.0, Culture=neutral, PublicKeyToken=b77a5c561934e089" /><storage type="System.String">e:\projects\brownshoe\unit_tests\product\src\brownshoe\testing\unittests\bin\brownshoe.unittests.dll</storage><m_nonRunnableReason type="System.String" /></value><key type="Microsoft.VisualStudio.TestTools.Common.TestId"><id type="System.Guid">16ee9573-e12f-3d3a-b7ee-72101b637ed6</id></key><value type="Microsoft.VisualStudio.TestTools.TestTypes.Unit.UnitTestElement, Microsoft.VisualStudio.QualityTools.Tips.UnitTest.ObjectModel, Version=8.0.0.0, Culture=neutral, PublicKeyToken=b03f5f7f11d50a3a"><codeBase type="System.String">e:/projects/brownshoe/unit_tests/product/src/BrownShoe/Testing/UnitTests/bin/BrownShoe.UnitTests.DLL</codeBase><adapterTypeName type="System.String">Microsoft.VisualStudio.TestTools.TestTypes.Unit.UnitTestAdapter, Microsoft.VisualStudio.QualityTools.Tips.UnitTest.Adapter</adapterTypeName><testMethod type="Microsoft.VisualStudio.TestTools.TestTypes.Unit.TestMethod, Microsoft.VisualStudio.QualityTools.Tips.UnitTest.ObjectModel, Version=8.0.0.0, Culture=neutral, PublicKeyToken=b03f5f7f11d50a3a"><className type="System.String">BrownShoe.UnitTests.Services.Marketing.MarketingManagerServiceTest, BrownShoe.UnitTests, Version=1.0.0.0, Culture=neutral, PublicKeyToken=null</className><name type="System.String">RunMarketingAdTest</name><expectedExceptionMessage type="System.String" /><isValid type="System.Boolean">False</isValid></testMethod><aspNetDevServers type="System.Collections.Generic.List`1[[Microsoft.VisualStudio.TestTools.Common.AspNetDevelopmentServer, Microsoft.VisualStudio.QualityTools.Common, Version=8.0.0.0, Culture=neutral, PublicKeyToken=b03f5f7f11d50a3a]]"><_size type="System.Int32">0</_size><_version type="System.Int32">0</_version></aspNetDevServers><dataAccessMethod type="Microsoft.VisualStudio.TestTools.UnitTesting.DataAccessMethod, Microsoft.VisualStudio.QualityTools.UnitTestFramework, Version=8.0.0.0, Culture=neutral, PublicKeyToken=b03f5f7f11d50a3a"><value__ type="System.Int32">0</value__></dataAccessMethod><cssProjectStructure type="System.String" /><isRunOnRestart type="System.Boolean">False</isRunOnRestart><timeOut type="System.Int32">0</timeOut><isGroupable type="System.Boolean">True</isGroupable><abortRunOnAgentFailure type="System.Boolean">False</abortRunOnAgentFailure><cssIteration type="System.String" /><workItemIds type="System.Collections.Generic.List`1[[System.Int32, mscorlib, Version=2.0.0.0, Culture=neutral, PublicKeyToken=b77a5c561934e089]]"><_size type="System.Int32">0</_size><_version type="System.Int32">1</_version></workItemIds><id type="Microsoft.VisualStudio.TestTools.Common.TestId"><id type="System.Guid">16ee9573-e12f-3d3a-b7ee-72101b637ed6</id></id><name type="System.String">RunMarketingAdTest</name><description type="System.String" /><enabled type="System.Boolean">True</enabled><owner type="System.String" /><priority type="System.Int32">0</priority><executionId type="Microsoft.VisualStudio.TestTools.Common.TestExecId"><id type="System.Guid">00000000-0000-0000-0000-000000000000</id></executionId><parentExecutId type="Microsoft.VisualStudio.TestTools.Common.TestExecId"><id type="System.Guid">00000000-0000-0000-0000-000000000000</id></parentExecutId><deploymentItems type="Microsoft.VisualStudio.TestTools.Common.DeploymentItemCollection" /><agentAttributes type="System.Collections.Specialized.StringDictionary, System, Version=2.0.0.0, Culture=neutral, PublicKeyToken=b77a5c561934e089" /><storage type="System.String">e:\projects\brownshoe\unit_tests\product\src\brownshoe\testing\unittests\bin\brownshoe.unittests.dll</storage><m_nonRunnableReason type="System.String" /></value><key type="Microsoft.VisualStudio.TestTools.Common.TestId"><id type="System.Guid">2ae0174d-b692-ae88-2519-b96f13a7198b</id></key><value type="Microsoft.VisualStudio.TestTools.TestTypes.Unit.UnitTestElement, Microsoft.VisualStudio.QualityTools.Tips.UnitTest.ObjectModel, Version=8.0.0.0, Culture=neutral, PublicKeyToken=b03f5f7f11d50a3a"><codeBase type="System.String">e:/projects/brownshoe/unit_tests/product/src/BrownShoe/Testing/UnitTests/bin/BrownShoe.UnitTests.DLL</codeBase><adapterTypeName type="System.String">Microsoft.VisualStudio.TestTools.TestTypes.Unit.UnitTestAdapter, Microsoft.VisualStudio.QualityTools.Tips.UnitTest.Adapter</adapterTypeName><testMethod type="Microsoft.VisualStudio.TestTools.TestTypes.Unit.TestMethod, Microsoft.VisualStudio.QualityTools.Tips.UnitTest.ObjectModel, Version=8.0.0.0, Culture=neutral, PublicKeyToken=b03f5f7f11d50a3a"><className type="System.String">BrownShoe.UnitTests.Services.DataAccess.EDI_InvoiceDBTest, BrownShoe.UnitTests, Version=1.0.0.0, Culture=neutral, PublicKeyToken=null</className><name type="System.String">FormatCSVTest</name><expectedExceptionMessage type="System.String" /><isValid type="System.Boolean">False</isValid></testMethod><aspNetDevServers type="System.Collections.Generic.List`1[[Microsoft.VisualStudio.TestTools.Common.AspNetDevelopmentServer, Microsoft.VisualStudio.QualityTools.Common, Version=8.0.0.0, Culture=neutral, PublicKeyToken=b03f5f7f11d50a3a]]"><_size type="System.Int32">0</_size><_version type="System.Int32">0</_version></aspNetDevServers><dataAccessMethod type="Microsoft.VisualStudio.TestTools.UnitTesting.DataAccessMethod, Microsoft.VisualStudio.QualityTools.UnitTestFramework, Version=8.0.0.0, Culture=neutral, PublicKeyToken=b03f5f7f11d50a3a"><value__ type="System.Int32">0</value__></dataAccessMethod><cssProjectStructure type="System.String" /><isRunOnRestart type="System.Boolean">False</isRunOnRestart><timeOut type="System.Int32">0</timeOut><isGroupable type="System.Boolean">True</isGroupable><abortRunOnAgentFailure type="System.Boolean">False</abortRunOnAgentFailure><cssIteration type="System.String" /><workItemIds type="System.Collections.Generic.List`1[[System.Int32, mscorlib, Version=2.0.0.0, Culture=neutral, PublicKeyToken=b77a5c561934e089]]"><_size type="System.Int32">0</_size><_version type="System.Int32">1</_version></workItemIds><id type="Microsoft.VisualStudio.TestTools.Common.TestId"><id type="System.Guid">2ae0174d-b692-ae88-2519-b96f13a7198b</id></id><name type="System.String">FormatCSVTest</name><description type="System.String" /><enabled type="System.Boolean">True</enabled><owner type="System.String" /><priority type="System.Int32">0</priority><executionId type="Microsoft.VisualStudio.TestTools.Common.TestExecId"><id type="System.Guid">00000000-0000-0000-0000-000000000000</id></executionId><parentExecutId type="Microsoft.VisualStudio.TestTools.Common.TestExecId"><id type="System.Guid">00000000-0000-0000-0000-000000000000</id></parentExecutId><deploymentItems type="Microsoft.VisualStudio.TestTools.Common.DeploymentItemCollection" /><agentAttributes type="System.Collections.Specialized.StringDictionary, System, Version=2.0.0.0, Culture=neutral, PublicKeyToken=b77a5c561934e089" /><storage type="System.String">e:\projects\brownshoe\unit_tests\product\src\brownshoe\testing\unittests\bin\brownshoe.unittests.dll</storage><m_nonRunnableReason type="System.String" /></value><key type="Microsoft.VisualStudio.TestTools.Common.TestId"><id type="System.Guid">b2f56e81-a248-3794-a9a2-d74a9c497c40</id></key><value type="Microsoft.VisualStudio.TestTools.TestTypes.Unit.UnitTestElement, Microsoft.VisualStudio.QualityTools.Tips.UnitTest.ObjectModel, Version=8.0.0.0, Culture=neutral, PublicKeyToken=b03f5f7f11d50a3a"><codeBase type="System.String">e:/projects/brownshoe/unit_tests/product/src/BrownShoe/Testing/UnitTests/bin/BrownShoe.UnitTests.DLL</codeBase><adapterTypeName type="System.String">Microsoft.VisualStudio.TestTools.TestTypes.Unit.UnitTestAdapter, Microsoft.VisualStudio.QualityTools.Tips.UnitTest.Adapter</adapterTypeName><testMethod type="Microsoft.VisualStudio.TestTools.TestTypes.Unit.TestMethod, Microsoft.VisualStudio.QualityTools.Tips.UnitTest.ObjectModel, Version=8.0.0.0, Culture=neutral, PublicKeyToken=b03f5f7f11d50a3a"><className type="System.String">BrownShoe.UnitTests.Services.Profiles.CustomerServiceTest, BrownShoe.UnitTests, Version=1.0.0.0, Culture=neutral, PublicKeyToken=null</className><name type="System.String">SearchTest</name><expectedExceptionMessage type="System.String" /><isValid type="System.Boolean">False</isValid></testMethod><aspNetDevServers type="System.Collections.Generic.List`1[[Microsoft.VisualStudio.TestTools.Common.AspNetDevelopmentServer, Microsoft.VisualStudio.QualityTools.Common, Version=8.0.0.0, Culture=neutral, PublicKeyToken=b03f5f7f11d50a3a]]"><_size type="System.Int32">0</_size><_version type="System.Int32">0</_version></aspNetDevServers><dataAccessMethod type="Microsoft.VisualStudio.TestTools.UnitTesting.DataAccessMethod, Microsoft.VisualStudio.QualityTools.UnitTestFramework, Version=8.0.0.0, Culture=neutral, PublicKeyToken=b03f5f7f11d50a3a"><value__ type="System.Int32">0</value__></dataAccessMethod><cssProjectStructure type="System.String" /><isRunOnRestart type="System.Boolean">False</isRunOnRestart><timeOut type="System.Int32">0</timeOut><isGroupable type="System.Boolean">True</isGroupable><abortRunOnAgentFailure type="System.Boolean">False</abortRunOnAgentFailure><cssIteration type="System.String" /><workItemIds type="System.Collections.Generic.List`1[[System.Int32, mscorlib, Version=2.0.0.0, Culture=neutral, PublicKeyToken=b77a5c561934e089]]"><_size type="System.Int32">0</_size><_version type="System.Int32">1</_version></workItemIds><id type="Microsoft.VisualStudio.TestTools.Common.TestId"><id type="System.Guid">b2f56e81-a248-3794-a9a2-d74a9c497c40</id></id><name type="System.String">SearchTest</name><description type="System.String" /><enabled type="System.Boolean">True</enabled><owner type="System.String" /><priority type="System.Int32">0</priority><executionId type="Microsoft.VisualStudio.TestTools.Common.TestExecId"><id type="System.Guid">00000000-0000-0000-0000-000000000000</id></executionId><parentExecutId type="Microsoft.VisualStudio.TestTools.Common.TestExecId"><id type="System.Guid">00000000-0000-0000-0000-000000000000</id></parentExecutId><deploymentItems type="Microsoft.VisualStudio.TestTools.Common.DeploymentItemCollection" /><agentAttributes type="System.Collections.Specialized.StringDictionary, System, Version=2.0.0.0, Culture=neutral, PublicKeyToken=b77a5c561934e089" /><storage type="System.String">e:\projects\brownshoe\unit_tests\product\src\brownshoe\testing\unittests\bin\brownshoe.unittests.dll</storage><m_nonRunnableReason type="System.String" /></value><key type="Microsoft.VisualStudio.TestTools.Common.TestId"><id type="System.Guid">48d3e6f6-ec13-300d-89af-4ad93b649191</id></key><value type="Microsoft.VisualStudio.TestTools.TestTypes.Unit.UnitTestElement, Microsoft.VisualStudio.QualityTools.Tips.UnitTest.ObjectModel, Version=8.0.0.0, Culture=neutral, PublicKeyToken=b03f5f7f11d50a3a"><codeBase type="System.String">e:/projects/brownshoe/unit_tests/product/src/BrownShoe/Testing/UnitTests/bin/BrownShoe.UnitTests.DLL</codeBase><adapterTypeName type="System.String">Microsoft.VisualStudio.TestTools.TestTypes.Unit.UnitTestAdapter, Microsoft.VisualStudio.QualityTools.Tips.UnitTest.Adapter</adapterTypeName><testMethod type="Microsoft.VisualStudio.TestTools.TestTypes.Unit.TestMethod, Microsoft.VisualStudio.QualityTools.Tips.UnitTest.ObjectModel, Version=8.0.0.0, Culture=neutral, PublicKeyToken=b03f5f7f11d50a3a"><className type="System.String">BrownShoe.UnitTests.Services.DataAccess.AddressValidationDBTest, BrownShoe.UnitTests, Version=1.0.0.0, Culture=neutral, PublicKeyToken=null</className><name type="System.String">ValidateCityStateZipTest</name><expectedExceptionMessage type="System.String" /><isValid type="System.Boolean">False</isValid></testMethod><aspNetDevServers type="System.Collections.Generic.List`1[[Microsoft.VisualStudio.TestTools.Common.AspNetDevelopmentServer, Microsoft.VisualStudio.QualityTools.Common, Version=8.0.0.0, Culture=neutral, PublicKeyToken=b03f5f7f11d50a3a]]"><_size type="System.Int32">0</_size><_version type="System.Int32">0</_version></aspNetDevServers><dataAccessMethod type="Microsoft.VisualStudio.TestTools.UnitTesting.DataAccessMethod, Microsoft.VisualStudio.QualityTools.UnitTestFramework, Version=8.0.0.0, Culture=neutral, PublicKeyToken=b03f5f7f11d50a3a"><value__ type="System.Int32">0</value__></dataAccessMethod><cssProjectStructure type="System.String" /><isRunOnRestart type="System.Boolean">False</isRunOnRestart><timeOut type="System.Int32">0</timeOut><isGroupable type="System.Boolean">True</isGroupable><abortRunOnAgentFailure type="System.Boolean">False</abortRunOnAgentFailure><cssIteration type="System.String" /><workItemIds type="System.Collections.Generic.List`1[[System.Int32, mscorlib, Version=2.0.0.0, Culture=neutral, PublicKeyToken=b77a5c561934e089]]"><_size type="System.Int32">0</_size><_version type="System.Int32">1</_version></workItemIds><id type="Microsoft.VisualStudio.TestTools.Common.TestId"><id type="System.Guid">48d3e6f6-ec13-300d-89af-4ad93b649191</id></id><name type="System.String">ValidateCityStateZipTest</name><description type="System.String" /><enabled type="System.Boolean">True</enabled><owner type="System.String" /><priority type="System.Int32">0</priority><executionId type="Microsoft.VisualStudio.TestTools.Common.TestExecId"><id type="System.Guid">00000000-0000-0000-0000-000000000000</id></executionId><parentExecutId type="Microsoft.VisualStudio.TestTools.Common.TestExecId"><id type="System.Guid">00000000-0000-0000-0000-000000000000</id></parentExecutId><deploymentItems type="Microsoft.VisualStudio.TestTools.Common.DeploymentItemCollection" /><agentAttributes type="System.Collections.Specialized.StringDictionary, System, Version=2.0.0.0, Culture=neutral, PublicKeyToken=b77a5c561934e089" /><storage type="System.String">e:\projects\brownshoe\unit_tests\product\src\brownshoe\testing\unittests\bin\brownshoe.unittests.dll</storage><m_nonRunnableReason type="System.String" /></value><key type="Microsoft.VisualStudio.TestTools.Common.TestId"><id type="System.Guid">f531b084-ea76-6ed1-28a3-f05d38edff6a</id></key><value type="Microsoft.VisualStudio.TestTools.TestTypes.Unit.UnitTestElement, Microsoft.VisualStudio.QualityTools.Tips.UnitTest.ObjectModel, Version=8.0.0.0, Culture=neutral, PublicKeyToken=b03f5f7f11d50a3a"><codeBase type="System.String">e:/projects/brownshoe/unit_tests/product/src/BrownShoe/Testing/UnitTests/bin/BrownShoe.UnitTests.DLL</codeBase><adapterTypeName type="System.String">Microsoft.VisualStudio.TestTools.TestTypes.Unit.UnitTestAdapter, Microsoft.VisualStudio.QualityTools.Tips.UnitTest.Adapter</adapterTypeName><testMethod type="Microsoft.VisualStudio.TestTools.TestTypes.Unit.TestMethod, Microsoft.VisualStudio.QualityTools.Tips.UnitTest.ObjectModel, Version=8.0.0.0, Culture=neutral, PublicKeyToken=b03f5f7f11d50a3a"><className type="System.String">BrownShoe.UnitTests.Services.Madison.MadisonWebServiceTest, BrownShoe.UnitTests, Version=1.0.0.0, Culture=neutral, PublicKeyToken=null</className><name type="System.String">VerifyMemberPromotionCodeTestFailure</name><expectedExceptionMessage type="System.String" /><isValid type="System.Boolean">False</isValid></testMethod><aspNetDevServers type="System.Collections.Generic.List`1[[Microsoft.VisualStudio.TestTools.Common.AspNetDevelopmentServer, Microsoft.VisualStudio.QualityTools.Common, Version=8.0.0.0, Culture=neutral, PublicKeyToken=b03f5f7f11d50a3a]]"><_size type="System.Int32">0</_size><_version type="System.Int32">0</_version></aspNetDevServers><dataAccessMethod type="Microsoft.VisualStudio.TestTools.UnitTesting.DataAccessMethod, Microsoft.VisualStudio.QualityTools.UnitTestFramework, Version=8.0.0.0, Culture=neutral, PublicKeyToken=b03f5f7f11d50a3a"><value__ type="System.Int32">0</value__></dataAccessMethod><cssProjectStructure type="System.String" /><isRunOnRestart type="System.Boolean">False</isRunOnRestart><timeOut type="System.Int32">0</timeOut><isGroupable type="System.Boolean">True</isGroupable><abortRunOnAgentFailure type="System.Boolean">False</abortRunOnAgentFailure><cssIteration type="System.String" /><workItemIds type="System.Collections.Generic.List`1[[System.Int32, mscorlib, Version=2.0.0.0, Culture=neutral, PublicKeyToken=b77a5c561934e089]]"><_size type="System.Int32">0</_size><_version type="System.Int32">1</_version></workItemIds><id type="Microsoft.VisualStudio.TestTools.Common.TestId"><id type="System.Guid">f531b084-ea76-6ed1-28a3-f05d38edff6a</id></id><name type="System.String">VerifyMemberPromotionCodeTestFailure</name><description type="System.String" /><enabled type="System.Boolean">True</enabled><owner type="System.String" /><priority type="System.Int32">0</priority><executionId type="Microsoft.VisualStudio.TestTools.Common.TestExecId"><id type="System.Guid">00000000-0000-0000-0000-000000000000</id></executionId><parentExecutId type="Microsoft.VisualStudio.TestTools.Common.TestExecId"><id type="System.Guid">00000000-0000-0000-0000-000000000000</id></parentExecutId><deploymentItems type="Microsoft.VisualStudio.TestTools.Common.DeploymentItemCollection" /><agentAttributes type="System.Collections.Specialized.StringDictionary, System, Version=2.0.0.0, Culture=neutral, PublicKeyToken=b77a5c561934e089" /><storage type="System.String">e:\projects\brownshoe\unit_tests\product\src\brownshoe\testing\unittests\bin\brownshoe.unittests.dll</storage><m_nonRunnableReason type="System.String" /></value><key type="Microsoft.VisualStudio.TestTools.Common.TestId"><id type="System.Guid">fc5f6e35-5ed8-1974-9ccb-8c56074838c8</id></key><value type="Microsoft.VisualStudio.TestTools.TestTypes.Unit.UnitTestElement, Microsoft.VisualStudio.QualityTools.Tips.UnitTest.ObjectModel, Version=8.0.0.0, Culture=neutral, PublicKeyToken=b03f5f7f11d50a3a"><codeBase type="System.String">e:/projects/brownshoe/unit_tests/product/src/BrownShoe/Testing/UnitTests/bin/BrownShoe.UnitTests.DLL</codeBase><adapterTypeName type="System.String">Microsoft.VisualStudio.TestTools.TestTypes.Unit.UnitTestAdapter, Microsoft.VisualStudio.QualityTools.Tips.UnitTest.Adapter</adapterTypeName><testMethod type="Microsoft.VisualStudio.TestTools.TestTypes.Unit.TestMethod, Microsoft.VisualStudio.QualityTools.Tips.UnitTest.ObjectModel, Version=8.0.0.0, Culture=neutral, PublicKeyToken=b03f5f7f11d50a3a"><className type="System.String">BrownShoe.UnitTests.Services.Orders.GiftCardServiceTest, BrownShoe.UnitTests, Version=1.0.0.0, Culture=neutral, PublicKeyToken=null</className><name type="System.String">ActivateGiftCardTest</name><expectedExceptionMessage type="System.String" /><isValid type="System.Boolean">False</isValid></testMethod><aspNetDevServers type="System.Collections.Generic.List`1[[Microsoft.VisualStudio.TestTools.Common.AspNetDevelopmentServer, Microsoft.VisualStudio.QualityTools.Common, Version=8.0.0.0, Culture=neutral, PublicKeyToken=b03f5f7f11d50a3a]]"><_size type="System.Int32">0</_size><_version type="System.Int32">0</_version></aspNetDevServers><dataAccessMethod type="Microsoft.VisualStudio.TestTools.UnitTesting.DataAccessMethod, Microsoft.VisualStudio.QualityTools.UnitTestFramework, Version=8.0.0.0, Culture=neutral, PublicKeyToken=b03f5f7f11d50a3a"><value__ type="System.Int32">0</value__></dataAccessMethod><cssProjectStructure type="System.String" /><isRunOnRestart type="System.Boolean">False</isRunOnRestart><timeOut type="System.Int32">0</timeOut><isGroupable type="System.Boolean">True</isGroupable><abortRunOnAgentFailure type="System.Boolean">False</abortRunOnAgentFailure><cssIteration type="System.String" /><workItemIds type="System.Collections.Generic.List`1[[System.Int32, mscorlib, Version=2.0.0.0, Culture=neutral, PublicKeyToken=b77a5c561934e089]]"><_size type="System.Int32">0</_size><_version type="System.Int32">1</_version></workItemIds><id type="Microsoft.VisualStudio.TestTools.Common.TestId"><id type="System.Guid">fc5f6e35-5ed8-1974-9ccb-8c56074838c8</id></id><name type="System.String">ActivateGiftCardTest</name><description type="System.String" /><enabled type="System.Boolean">True</enabled><owner type="System.String" /><priority type="System.Int32">0</priority><executionId type="Microsoft.VisualStudio.TestTools.Common.TestExecId"><id type="System.Guid">00000000-0000-0000-0000-000000000000</id></executionId><parentExecutId type="Microsoft.VisualStudio.TestTools.Common.TestExecId"><id type="System.Guid">00000000-0000-0000-0000-000000000000</id></parentExecutId><deploymentItems type="Microsoft.VisualStudio.TestTools.Common.DeploymentItemCollection" /><agentAttributes type="System.Collections.Specialized.StringDictionary, System, Version=2.0.0.0, Culture=neutral, PublicKeyToken=b77a5c561934e089" /><storage type="System.String">e:\projects\brownshoe\unit_tests\product\src\brownshoe\testing\unittests\bin\brownshoe.unittests.dll</storage><m_nonRunnableReason type="System.String" /></value><key type="Microsoft.VisualStudio.TestTools.Common.TestId"><id type="System.Guid">e3f12f40-e5e8-184f-2861-9ea894b5d4ca</id></key><value type="Microsoft.VisualStudio.TestTools.TestTypes.Unit.UnitTestElement, Microsoft.VisualStudio.QualityTools.Tips.UnitTest.ObjectModel, Version=8.0.0.0, Culture=neutral, PublicKeyToken=b03f5f7f11d50a3a"><codeBase type="System.String">e:/projects/brownshoe/unit_tests/product/src/BrownShoe/Testing/UnitTests/bin/BrownShoe.UnitTests.DLL</codeBase><adapterTypeName type="System.String">Microsoft.VisualStudio.TestTools.TestTypes.Unit.UnitTestAdapter, Microsoft.VisualStudio.QualityTools.Tips.UnitTest.Adapter</adapterTypeName><testMethod type="Microsoft.VisualStudio.TestTools.TestTypes.Unit.TestMethod, Microsoft.VisualStudio.QualityTools.Tips.UnitTest.ObjectModel, Version=8.0.0.0, Culture=neutral, PublicKeyToken=b03f5f7f11d50a3a"><className type="System.String">BrownShoe.UnitTests.Services.Madison.MadisonWebServiceTest, BrownShoe.UnitTests, Version=1.0.0.0, Culture=neutral, PublicKeyToken=null</className><name type="System.String">LocateStoresTestFailure</name><expectedExceptionMessage type="System.String" /><isValid type="System.Boolean">False</isValid></testMethod><aspNetDevServers type="System.Collections.Generic.List`1[[Microsoft.VisualStudio.TestTools.Common.AspNetDevelopmentServer, Microsoft.VisualStudio.QualityTools.Common, Version=8.0.0.0, Culture=neutral, PublicKeyToken=b03f5f7f11d50a3a]]"><_size type="System.Int32">0</_size><_version type="System.Int32">0</_version></aspNetDevServers><dataAccessMethod type="Microsoft.VisualStudio.TestTools.UnitTesting.DataAccessMethod, Microsoft.VisualStudio.QualityTools.UnitTestFramework, Version=8.0.0.0, Culture=neutral, PublicKeyToken=b03f5f7f11d50a3a"><value__ type="System.Int32">0</value__></dataAccessMethod><cssProjectStructure type="System.String" /><isRunOnRestart type="System.Boolean">False</isRunOnRestart><timeOut type="System.Int32">0</timeOut><isGroupable type="System.Boolean">True</isGroupable><abortRunOnAgentFailure type="System.Boolean">False</abortRunOnAgentFailure><cssIteration type="System.String" /><workItemIds type="System.Collections.Generic.List`1[[System.Int32, mscorlib, Version=2.0.0.0, Culture=neutral, PublicKeyToken=b77a5c561934e089]]"><_size type="System.Int32">0</_size><_version type="System.Int32">1</_version></workItemIds><id type="Microsoft.VisualStudio.TestTools.Common.TestId"><id type="System.Guid">e3f12f40-e5e8-184f-2861-9ea894b5d4ca</id></id><name type="System.String">LocateStoresTestFailure</name><description type="System.String" /><enabled type="System.Boolean">True</enabled><owner type="System.String" /><priority type="System.Int32">0</priority><executionId type="Microsoft.VisualStudio.TestTools.Common.TestExecId"><id type="System.Guid">00000000-0000-0000-0000-000000000000</id></executionId><parentExecutId type="Microsoft.VisualStudio.TestTools.Common.TestExecId"><id type="System.Guid">00000000-0000-0000-0000-000000000000</id></parentExecutId><deploymentItems type="Microsoft.VisualStudio.TestTools.Common.DeploymentItemCollection" /><agentAttributes type="System.Collections.Specialized.StringDictionary, System, Version=2.0.0.0, Culture=neutral, PublicKeyToken=b77a5c561934e089" /><storage type="System.String">e:\projects\brownshoe\unit_tests\product\src\brownshoe\testing\unittests\bin\brownshoe.unittests.dll</storage><m_nonRunnableReason type="System.String" /></value><key type="Microsoft.VisualStudio.TestTools.Common.TestId"><id type="System.Guid">26d7d256-d8f1-9df4-b37b-a5de24c4577e</id></key><value type="Microsoft.VisualStudio.TestTools.TestTypes.Unit.UnitTestElement, Microsoft.VisualStudio.QualityTools.Tips.UnitTest.ObjectModel, Version=8.0.0.0, Culture=neutral, PublicKeyToken=b03f5f7f11d50a3a"><codeBase type="System.String">e:/projects/brownshoe/unit_tests/product/src/BrownShoe/Testing/UnitTests/bin/BrownShoe.UnitTests.DLL</codeBase><adapterTypeName type="System.String">Microsoft.VisualStudio.TestTools.TestTypes.Unit.UnitTestAdapter, Microsoft.VisualStudio.QualityTools.Tips.UnitTest.Adapter</adapterTypeName><testMethod type="Microsoft.VisualStudio.TestTools.TestTypes.Unit.TestMethod, Microsoft.VisualStudio.QualityTools.Tips.UnitTest.ObjectModel, Version=8.0.0.0, Culture=neutral, PublicKeyToken=b03f5f7f11d50a3a"><className type="System.String">BrownShoe.UnitTests.Services.Frauds.FraudDetectionServiceTest, BrownShoe.UnitTests, Version=1.0.0.0, Culture=neutral, PublicKeyToken=null</className><name type="System.String">IsFraudIPTest</name><expectedExceptionMessage type="System.String" /><isValid type="System.Boolean">False</isValid></testMethod><aspNetDevServers type="System.Collections.Generic.List`1[[Microsoft.VisualStudio.TestTools.Common.AspNetDevelopmentServer, Microsoft.VisualStudio.QualityTools.Common, Version=8.0.0.0, Culture=neutral, PublicKeyToken=b03f5f7f11d50a3a]]"><_size type="System.Int32">0</_size><_version type="System.Int32">0</_version></aspNetDevServers><dataAccessMethod type="Microsoft.VisualStudio.TestTools.UnitTesting.DataAccessMethod, Microsoft.VisualStudio.QualityTools.UnitTestFramework, Version=8.0.0.0, Culture=neutral, PublicKeyToken=b03f5f7f11d50a3a"><value__ type="System.Int32">0</value__></dataAccessMethod><cssProjectStructure type="System.String" /><isRunOnRestart type="System.Boolean">False</isRunOnRestart><timeOut type="System.Int32">0</timeOut><isGroupable type="System.Boolean">True</isGroupable><abortRunOnAgentFailure type="System.Boolean">False</abortRunOnAgentFailure><cssIteration type="System.String" /><workItemIds type="System.Collections.Generic.List`1[[System.Int32, mscorlib, Version=2.0.0.0, Culture=neutral, PublicKeyToken=b77a5c561934e089]]"><_size type="System.Int32">0</_size><_version type="System.Int32">1</_version></workItemIds><id type="Microsoft.VisualStudio.TestTools.Common.TestId"><id type="System.Guid">26d7d256-d8f1-9df4-b37b-a5de24c4577e</id></id><name type="System.String">IsFraudIPTest</name><description type="System.String" /><enabled type="System.Boolean">True</enabled><owner type="System.String" /><priority type="System.Int32">0</priority><executionId type="Microsoft.VisualStudio.TestTools.Common.TestExecId"><id type="System.Guid">00000000-0000-0000-0000-000000000000</id></executionId><parentExecutId type="Microsoft.VisualStudio.TestTools.Common.TestExecId"><id type="System.Guid">00000000-0000-0000-0000-000000000000</id></parentExecutId><deploymentItems type="Microsoft.VisualStudio.TestTools.Common.DeploymentItemCollection" /><agentAttributes type="System.Collections.Specialized.StringDictionary, System, Version=2.0.0.0, Culture=neutral, PublicKeyToken=b77a5c561934e089" /><storage type="System.String">e:\projects\brownshoe\unit_tests\product\src\brownshoe\testing\unittests\bin\brownshoe.unittests.dll</storage><m_nonRunnableReason type="System.String" /></value><key type="Microsoft.VisualStudio.TestTools.Common.TestId"><id type="System.Guid">4bd388d3-8725-55bd-9811-86f904acb5ef</id></key><value type="Microsoft.VisualStudio.TestTools.TestTypes.Unit.UnitTestElement, Microsoft.VisualStudio.QualityTools.Tips.UnitTest.ObjectModel, Version=8.0.0.0, Culture=neutral, PublicKeyToken=b03f5f7f11d50a3a"><codeBase type="System.String">e:/projects/brownshoe/unit_tests/product/src/BrownShoe/Testing/UnitTests/bin/BrownShoe.UnitTests.DLL</codeBase><adapterTypeName type="System.String">Microsoft.VisualStudio.TestTools.TestTypes.Unit.UnitTestAdapter, Microsoft.VisualStudio.QualityTools.Tips.UnitTest.Adapter</adapterTypeName><testMethod type="Microsoft.VisualStudio.TestTools.TestTypes.Unit.TestMethod, Microsoft.VisualStudio.QualityTools.Tips.UnitTest.ObjectModel, Version=8.0.0.0, Culture=neutral, PublicKeyToken=b03f5f7f11d50a3a"><className type="System.String">BrownShoe.UnitTests.Services.DataAccess.SysMonDBTest, BrownShoe.UnitTests, Version=1.0.0.0, Culture=neutral, PublicKeyToken=null</className><name type="System.String">Test_PayLinX1Test</name><expectedExceptionMessage type="System.String" /><isValid type="System.Boolean">False</isValid></testMethod><aspNetDevServers type="System.Collections.Generic.List`1[[Microsoft.VisualStudio.TestTools.Common.AspNetDevelopmentServer, Microsoft.VisualStudio.QualityTools.Common, Version=8.0.0.0, Culture=neutral, PublicKeyToken=b03f5f7f11d50a3a]]"><_size type="System.Int32">0</_size><_version type="System.Int32">0</_version></aspNetDevServers><dataAccessMethod type="Microsoft.VisualStudio.TestTools.UnitTesting.DataAccessMethod, Microsoft.VisualStudio.QualityTools.UnitTestFramework, Version=8.0.0.0, Culture=neutral, PublicKeyToken=b03f5f7f11d50a3a"><value__ type="System.Int32">0</value__></dataAccessMethod><cssProjectStructure type="System.String" /><isRunOnRestart type="System.Boolean">False</isRunOnRestart><timeOut type="System.Int32">0</timeOut><isGroupable type="System.Boolean">True</isGroupable><abortRunOnAgentFailure type="System.Boolean">False</abortRunOnAgentFailure><cssIteration type="System.String" /><workItemIds type="System.Collections.Generic.List`1[[System.Int32, mscorlib, Version=2.0.0.0, Culture=neutral, PublicKeyToken=b77a5c561934e089]]"><_size type="System.Int32">0</_size><_version type="System.Int32">1</_version></workItemIds><id type="Microsoft.VisualStudio.TestTools.Common.TestId"><id type="System.Guid">4bd388d3-8725-55bd-9811-86f904acb5ef</id></id><name type="System.String">Test_PayLinX1Test</name><description type="System.String" /><enabled type="System.Boolean">True</enabled><owner type="System.String" /><priority type="System.Int32">0</priority><executionId type="Microsoft.VisualStudio.TestTools.Common.TestExecId"><id type="System.Guid">00000000-0000-0000-0000-000000000000</id></executionId><parentExecutId type="Microsoft.VisualStudio.TestTools.Common.TestExecId"><id type="System.Guid">00000000-0000-0000-0000-000000000000</id></parentExecutId><deploymentItems type="Microsoft.VisualStudio.TestTools.Common.DeploymentItemCollection" /><agentAttributes type="System.Collections.Specialized.StringDictionary, System, Version=2.0.0.0, Culture=neutral, PublicKeyToken=b77a5c561934e089" /><storage type="System.String">e:\projects\brownshoe\unit_tests\product\src\brownshoe\testing\unittests\bin\brownshoe.unittests.dll</storage><m_nonRunnableReason type="System.String" /></value><key type="Microsoft.VisualStudio.TestTools.Common.TestId"><id type="System.Guid">cbfbc7e9-f6fc-c8dc-f543-3c87977e4a85</id></key><value type="Microsoft.VisualStudio.TestTools.TestTypes.Unit.UnitTestElement, Microsoft.VisualStudio.QualityTools.Tips.UnitTest.ObjectModel, Version=8.0.0.0, Culture=neutral, PublicKeyToken=b03f5f7f11d50a3a"><codeBase type="System.String">e:/projects/brownshoe/unit_tests/product/src/BrownShoe/Testing/UnitTests/bin/BrownShoe.UnitTests.DLL</codeBase><adapterTypeName type="System.String">Microsoft.VisualStudio.TestTools.TestTypes.Unit.UnitTestAdapter, Microsoft.VisualStudio.QualityTools.Tips.UnitTest.Adapter</adapterTypeName><testMethod type="Microsoft.VisualStudio.TestTools.TestTypes.Unit.TestMethod, Microsoft.VisualStudio.QualityTools.Tips.UnitTest.ObjectModel, Version=8.0.0.0, Culture=neutral, PublicKeyToken=b03f5f7f11d50a3a"><className type="System.String">BrownShoe.UnitTests.Services.Madison.GrandOpeningServiceTest, BrownShoe.UnitTests, Version=1.0.0.0, Culture=neutral, PublicKeyToken=null</className><name type="System.String">AddTest</name><expectedExceptionMessage type="System.String" /><isValid type="System.Boolean">False</isValid></testMethod><aspNetDevServers type="System.Collections.Generic.List`1[[Microsoft.VisualStudio.TestTools.Common.AspNetDevelopmentServer, Microsoft.VisualStudio.QualityTools.Common, Version=8.0.0.0, Culture=neutral, PublicKeyToken=b03f5f7f11d50a3a]]"><_size type="System.Int32">0</_size><_version type="System.Int32">0</_version></aspNetDevServers><dataAccessMethod type="Microsoft.VisualStudio.TestTools.UnitTesting.DataAccessMethod, Microsoft.VisualStudio.QualityTools.UnitTestFramework, Version=8.0.0.0, Culture=neutral, PublicKeyToken=b03f5f7f11d50a3a"><value__ type="System.Int32">0</value__></dataAccessMethod><cssProjectStructure type="System.String" /><isRunOnRestart type="System.Boolean">False</isRunOnRestart><timeOut type="System.Int32">0</timeOut><isGroupable type="System.Boolean">True</isGroupable><abortRunOnAgentFailure type="System.Boolean">False</abortRunOnAgentFailure><cssIteration type="System.String" /><workItemIds type="System.Collections.Generic.List`1[[System.Int32, mscorlib, Version=2.0.0.0, Culture=neutral, PublicKeyToken=b77a5c561934e089]]"><_size type="System.Int32">0</_size><_version type="System.Int32">1</_version></workItemIds><id type="Microsoft.VisualStudio.TestTools.Common.TestId"><id type="System.Guid">cbfbc7e9-f6fc-c8dc-f543-3c87977e4a85</id></id><name type="System.String">AddTest</name><description type="System.String" /><enabled type="System.Boolean">True</enabled><owner type="System.String" /><priority type="System.Int32">0</priority><executionId type="Microsoft.VisualStudio.TestTools.Common.TestExecId"><id type="System.Guid">00000000-0000-0000-0000-000000000000</id></executionId><parentExecutId type="Microsoft.VisualStudio.TestTools.Common.TestExecId"><id type="System.Guid">00000000-0000-0000-0000-000000000000</id></parentExecutId><deploymentItems type="Microsoft.VisualStudio.TestTools.Common.DeploymentItemCollection" /><agentAttributes type="System.Collections.Specialized.StringDictionary, System, Version=2.0.0.0, Culture=neutral, PublicKeyToken=b77a5c561934e089" /><storage type="System.String">e:\projects\brownshoe\unit_tests\product\src\brownshoe\testing\unittests\bin\brownshoe.unittests.dll</storage><m_nonRunnableReason type="System.String" /></value><key type="Microsoft.VisualStudio.TestTools.Common.TestId"><id type="System.Guid">277021e3-324a-a726-7836-70cba6569a15</id></key><value type="Microsoft.VisualStudio.TestTools.TestTypes.Unit.UnitTestElement, Microsoft.VisualStudio.QualityTools.Tips.UnitTest.ObjectModel, Version=8.0.0.0, Culture=neutral, PublicKeyToken=b03f5f7f11d50a3a"><codeBase type="System.String">e:/projects/brownshoe/unit_tests/product/src/BrownShoe/Testing/UnitTests/bin/BrownShoe.UnitTests.DLL</codeBase><adapterTypeName type="System.String">Microsoft.VisualStudio.TestTools.TestTypes.Unit.UnitTestAdapter, Microsoft.VisualStudio.QualityTools.Tips.UnitTest.Adapter</adapterTypeName><testMethod type="Microsoft.VisualStudio.TestTools.TestTypes.Unit.TestMethod, Microsoft.VisualStudio.QualityTools.Tips.UnitTest.ObjectModel, Version=8.0.0.0, Culture=neutral, PublicKeyToken=b03f5f7f11d50a3a"><className type="System.String">BrownShoe.UnitTests.RetailApplicationCore.Profiles.ProfileControllerTest, BrownShoe.UnitTests, Version=1.0.0.0, Culture=neutral, PublicKeyToken=null</className><name type="System.String">UpdateAddressTest</name><expectedExceptionMessage type="System.String" /><isValid type="System.Boolean">False</isValid></testMethod><aspNetDevServers type="System.Collections.Generic.List`1[[Microsoft.VisualStudio.TestTools.Common.AspNetDevelopmentServer, Microsoft.VisualStudio.QualityTools.Common, Version=8.0.0.0, Culture=neutral, PublicKeyToken=b03f5f7f11d50a3a]]"><_size type="System.Int32">0</_size><_version type="System.Int32">0</_version></aspNetDevServers><dataAccessMethod type="Microsoft.VisualStudio.TestTools.UnitTesting.DataAccessMethod, Microsoft.VisualStudio.QualityTools.UnitTestFramework, Version=8.0.0.0, Culture=neutral, PublicKeyToken=b03f5f7f11d50a3a"><value__ type="System.Int32">0</value__></dataAccessMethod><cssProjectStructure type="System.String" /><isRunOnRestart type="System.Boolean">False</isRunOnRestart><timeOut type="System.Int32">0</timeOut><isGroupable type="System.Boolean">True</isGroupable><abortRunOnAgentFailure type="System.Boolean">False</abortRunOnAgentFailure><cssIteration type="System.String" /><workItemIds type="System.Collections.Generic.List`1[[System.Int32, mscorlib, Version=2.0.0.0, Culture=neutral, PublicKeyToken=b77a5c561934e089]]"><_size type="System.Int32">0</_size><_version type="System.Int32">1</_version></workItemIds><id type="Microsoft.VisualStudio.TestTools.Common.TestId"><id type="System.Guid">277021e3-324a-a726-7836-70cba6569a15</id></id><name type="System.String">UpdateAddressTest</name><description type="System.String" /><enabled type="System.Boolean">True</enabled><owner type="System.String" /><priority type="System.Int32">0</priority><executionId type="Microsoft.VisualStudio.TestTools.Common.TestExecId"><id type="System.Guid">00000000-0000-0000-0000-000000000000</id></executionId><parentExecutId type="Microsoft.VisualStudio.TestTools.Common.TestExecId"><id type="System.Guid">00000000-0000-0000-0000-000000000000</id></parentExecutId><deploymentItems type="Microsoft.VisualStudio.TestTools.Common.DeploymentItemCollection" /><agentAttributes type="System.Collections.Specialized.StringDictionary, System, Version=2.0.0.0, Culture=neutral, PublicKeyToken=b77a5c561934e089" /><storage type="System.String">e:\projects\brownshoe\unit_tests\product\src\brownshoe\testing\unittests\bin\brownshoe.unittests.dll</storage><m_nonRunnableReason type="System.String" /></value><key type="Microsoft.VisualStudio.TestTools.Common.TestId"><id type="System.Guid">cca69b6a-08bb-cfad-35ee-7bedae2769f1</id></key><value type="Microsoft.VisualStudio.TestTools.TestTypes.Unit.UnitTestElement, Microsoft.VisualStudio.QualityTools.Tips.UnitTest.ObjectModel, Version=8.0.0.0, Culture=neutral, PublicKeyToken=b03f5f7f11d50a3a"><codeBase type="System.String">e:/projects/brownshoe/unit_tests/product/src/BrownShoe/Testing/UnitTests/bin/BrownShoe.UnitTests.DLL</codeBase><adapterTypeName type="System.String">Microsoft.VisualStudio.TestTools.TestTypes.Unit.UnitTestAdapter, Microsoft.VisualStudio.QualityTools.Tips.UnitTest.Adapter</adapterTypeName><testMethod type="Microsoft.VisualStudio.TestTools.TestTypes.Unit.TestMethod, Microsoft.VisualStudio.QualityTools.Tips.UnitTest.ObjectModel, Version=8.0.0.0, Culture=neutral, PublicKeyToken=b03f5f7f11d50a3a"><className type="System.String">BrownShoe.UnitTests.Services.Orders.CustomerOrderServiceTest, BrownShoe.UnitTests, Version=1.0.0.0, Culture=neutral, PublicKeyToken=null</className><name type="System.String">UpdateReturnItemStatusTest</name><expectedExceptionMessage type="System.String" /><isValid type="System.Boolean">False</isValid></testMethod><aspNetDevServers type="System.Collections.Generic.List`1[[Microsoft.VisualStudio.TestTools.Common.AspNetDevelopmentServer, Microsoft.VisualStudio.QualityTools.Common, Version=8.0.0.0, Culture=neutral, PublicKeyToken=b03f5f7f11d50a3a]]"><_size type="System.Int32">0</_size><_version type="System.Int32">0</_version></aspNetDevServers><dataAccessMethod type="Microsoft.VisualStudio.TestTools.UnitTesting.DataAccessMethod, Microsoft.VisualStudio.QualityTools.UnitTestFramework, Version=8.0.0.0, Culture=neutral, PublicKeyToken=b03f5f7f11d50a3a"><value__ type="System.Int32">0</value__></dataAccessMethod><cssProjectStructure type="System.String" /><isRunOnRestart type="System.Boolean">False</isRunOnRestart><timeOut type="System.Int32">0</timeOut><isGroupable type="System.Boolean">True</isGroupable><abortRunOnAgentFailure type="System.Boolean">False</abortRunOnAgentFailure><cssIteration type="System.String" /><workItemIds type="System.Collections.Generic.List`1[[System.Int32, mscorlib, Version=2.0.0.0, Culture=neutral, PublicKeyToken=b77a5c561934e089]]"><_size type="System.Int32">0</_size><_version type="System.Int32">1</_version></workItemIds><id type="Microsoft.VisualStudio.TestTools.Common.TestId"><id type="System.Guid">cca69b6a-08bb-cfad-35ee-7bedae2769f1</id></id><name type="System.String">UpdateReturnItemStatusTest</name><description type="System.String" /><enabled type="System.Boolean">True</enabled><owner type="System.String" /><priority type="System.Int32">0</priority><executionId type="Microsoft.VisualStudio.TestTools.Common.TestExecId"><id type="System.Guid">00000000-0000-0000-0000-000000000000</id></executionId><parentExecutId type="Microsoft.VisualStudio.TestTools.Common.TestExecId"><id type="System.Guid">00000000-0000-0000-0000-000000000000</id></parentExecutId><deploymentItems type="Microsoft.VisualStudio.TestTools.Common.DeploymentItemCollection" /><agentAttributes type="System.Collections.Specialized.StringDictionary, System, Version=2.0.0.0, Culture=neutral, PublicKeyToken=b77a5c561934e089" /><storage type="System.String">e:\projects\brownshoe\unit_tests\product\src\brownshoe\testing\unittests\bin\brownshoe.unittests.dll</storage><m_nonRunnableReason type="System.String" /></value><key type="Microsoft.VisualStudio.TestTools.Common.TestId"><id type="System.Guid">1670535b-bcd6-e54a-8e49-4d21cd12183b</id></key><value type="Microsoft.VisualStudio.TestTools.TestTypes.Unit.UnitTestElement, Microsoft.VisualStudio.QualityTools.Tips.UnitTest.ObjectModel, Version=8.0.0.0, Culture=neutral, PublicKeyToken=b03f5f7f11d50a3a"><codeBase type="System.String">e:/projects/brownshoe/unit_tests/product/src/BrownShoe/Testing/UnitTests/bin/BrownShoe.UnitTests.DLL</codeBase><adapterTypeName type="System.String">Microsoft.VisualStudio.TestTools.TestTypes.Unit.UnitTestAdapter, Microsoft.VisualStudio.QualityTools.Tips.UnitTest.Adapter</adapterTypeName><testMethod type="Microsoft.VisualStudio.TestTools.TestTypes.Unit.TestMethod, Microsoft.VisualStudio.QualityTools.Tips.UnitTest.ObjectModel, Version=8.0.0.0, Culture=neutral, PublicKeyToken=b03f5f7f11d50a3a"><className type="System.String">BrownShoe.UnitTests.Services.Madison.RewardsProfileTest, BrownShoe.UnitTests, Version=1.0.0.0, Culture=neutral, PublicKeyToken=null</className><name type="System.String">LastNameTest</name><expectedExceptionMessage type="System.String" /><isValid type="System.Boolean">False</isValid></testMethod><aspNetDevServers type="System.Collections.Generic.List`1[[Microsoft.VisualStudio.TestTools.Common.AspNetDevelopmentServer, Microsoft.VisualStudio.QualityTools.Common, Version=8.0.0.0, Culture=neutral, PublicKeyToken=b03f5f7f11d50a3a]]"><_size type="System.Int32">0</_size><_version type="System.Int32">0</_version></aspNetDevServers><dataAccessMethod type="Microsoft.VisualStudio.TestTools.UnitTesting.DataAccessMethod, Microsoft.VisualStudio.QualityTools.UnitTestFramework, Version=8.0.0.0, Culture=neutral, PublicKeyToken=b03f5f7f11d50a3a"><value__ type="System.Int32">0</value__></dataAccessMethod><cssProjectStructure type="System.String" /><isRunOnRestart type="System.Boolean">False</isRunOnRestart><timeOut type="System.Int32">0</timeOut><isGroupable type="System.Boolean">True</isGroupable><abortRunOnAgentFailure type="System.Boolean">False</abortRunOnAgentFailure><cssIteration type="System.String" /><workItemIds type="System.Collections.Generic.List`1[[System.Int32, mscorlib, Version=2.0.0.0, Culture=neutral, PublicKeyToken=b77a5c561934e089]]"><_size type="System.Int32">0</_size><_version type="System.Int32">1</_version></workItemIds><id type="Microsoft.VisualStudio.TestTools.Common.TestId"><id type="System.Guid">1670535b-bcd6-e54a-8e49-4d21cd12183b</id></id><name type="System.String">LastNameTest</name><description type="System.String" /><enabled type="System.Boolean">True</enabled><owner type="System.String" /><priority type="System.Int32">0</priority><executionId type="Microsoft.VisualStudio.TestTools.Common.TestExecId"><id type="System.Guid">00000000-0000-0000-0000-000000000000</id></executionId><parentExecutId type="Microsoft.VisualStudio.TestTools.Common.TestExecId"><id type="System.Guid">00000000-0000-0000-0000-000000000000</id></parentExecutId><deploymentItems type="Microsoft.VisualStudio.TestTools.Common.DeploymentItemCollection" /><agentAttributes type="System.Collections.Specialized.StringDictionary, System, Version=2.0.0.0, Culture=neutral, PublicKeyToken=b77a5c561934e089" /><storage type="System.String">e:\projects\brownshoe\unit_tests\product\src\brownshoe\testing\unittests\bin\brownshoe.unittests.dll</storage><m_nonRunnableReason type="System.String" /></value><key type="Microsoft.VisualStudio.TestTools.Common.TestId"><id type="System.Guid">b0ce7520-3a8d-5dd7-a43f-fc5fab28c302</id></key><value type="Microsoft.VisualStudio.TestTools.TestTypes.Unit.UnitTestElement, Microsoft.VisualStudio.QualityTools.Tips.UnitTest.ObjectModel, Version=8.0.0.0, Culture=neutral, PublicKeyToken=b03f5f7f11d50a3a"><codeBase type="System.String">e:/projects/brownshoe/unit_tests/product/src/BrownShoe/Testing/UnitTests/bin/BrownShoe.UnitTests.DLL</codeBase><adapterTypeName type="System.String">Microsoft.VisualStudio.TestTools.TestTypes.Unit.UnitTestAdapter, Microsoft.VisualStudio.QualityTools.Tips.UnitTest.Adapter</adapterTypeName><testMethod type="Microsoft.VisualStudio.TestTools.TestTypes.Unit.TestMethod, Microsoft.VisualStudio.QualityTools.Tips.UnitTest.ObjectModel, Version=8.0.0.0, Culture=neutral, PublicKeyToken=b03f5f7f11d50a3a"><className type="System.String">BrownShoe.UnitTests.Services.Madison.RewardsProfileTest, BrownShoe.UnitTests, Version=1.0.0.0, Culture=neutral, PublicKeyToken=null</className><name type="System.String">AddressLine1Test</name><expectedExceptionMessage type="System.String" /><isValid type="System.Boolean">False</isValid></testMethod><aspNetDevServers type="System.Collections.Generic.List`1[[Microsoft.VisualStudio.TestTools.Common.AspNetDevelopmentServer, Microsoft.VisualStudio.QualityTools.Common, Version=8.0.0.0, Culture=neutral, PublicKeyToken=b03f5f7f11d50a3a]]"><_size type="System.Int32">0</_size><_version type="System.Int32">0</_version></aspNetDevServers><dataAccessMethod type="Microsoft.VisualStudio.TestTools.UnitTesting.DataAccessMethod, Microsoft.VisualStudio.QualityTools.UnitTestFramework, Version=8.0.0.0, Culture=neutral, PublicKeyToken=b03f5f7f11d50a3a"><value__ type="System.Int32">0</value__></dataAccessMethod><cssProjectStructure type="System.String" /><isRunOnRestart type="System.Boolean">False</isRunOnRestart><timeOut type="System.Int32">0</timeOut><isGroupable type="System.Boolean">True</isGroupable><abortRunOnAgentFailure type="System.Boolean">False</abortRunOnAgentFailure><cssIteration type="System.String" /><workItemIds type="System.Collections.Generic.List`1[[System.Int32, mscorlib, Version=2.0.0.0, Culture=neutral, PublicKeyToken=b77a5c561934e089]]"><_size type="System.Int32">0</_size><_version type="System.Int32">1</_version></workItemIds><id type="Microsoft.VisualStudio.TestTools.Common.TestId"><id type="System.Guid">b0ce7520-3a8d-5dd7-a43f-fc5fab28c302</id></id><name type="System.String">AddressLine1Test</name><description type="System.String" /><enabled type="System.Boolean">True</enabled><owner type="System.String" /><priority type="System.Int32">0</priority><executionId type="Microsoft.VisualStudio.TestTools.Common.TestExecId"><id type="System.Guid">00000000-0000-0000-0000-000000000000</id></executionId><parentExecutId type="Microsoft.VisualStudio.TestTools.Common.TestExecId"><id type="System.Guid">00000000-0000-0000-0000-000000000000</id></parentExecutId><deploymentItems type="Microsoft.VisualStudio.TestTools.Common.DeploymentItemCollection" /><agentAttributes type="System.Collections.Specialized.StringDictionary, System, Version=2.0.0.0, Culture=neutral, PublicKeyToken=b77a5c561934e089" /><storage type="System.String">e:\projects\brownshoe\unit_tests\product\src\brownshoe\testing\unittests\bin\brownshoe.unittests.dll</storage><m_nonRunnableReason type="System.String" /></value><key type="Microsoft.VisualStudio.TestTools.Common.TestId"><id type="System.Guid">4a3e48b9-f63d-e7f5-6f7f-184ce9ccfc11</id></key><value type="Microsoft.VisualStudio.TestTools.TestTypes.Unit.UnitTestElement, Microsoft.VisualStudio.QualityTools.Tips.UnitTest.ObjectModel, Version=8.0.0.0, Culture=neutral, PublicKeyToken=b03f5f7f11d50a3a"><codeBase type="System.String">e:/projects/brownshoe/unit_tests/product/src/BrownShoe/Testing/UnitTests/bin/BrownShoe.UnitTests.DLL</codeBase><adapterTypeName type="System.String">Microsoft.VisualStudio.TestTools.TestTypes.Unit.UnitTestAdapter, Microsoft.VisualStudio.QualityTools.Tips.UnitTest.Adapter</adapterTypeName><testMethod type="Microsoft.VisualStudio.TestTools.TestTypes.Unit.TestMethod, Microsoft.VisualStudio.QualityTools.Tips.UnitTest.ObjectModel, Version=8.0.0.0, Culture=neutral, PublicKeyToken=b03f5f7f11d50a3a"><className type="System.String">BrownShoe.UnitTests.Services.DataAccess.MerchandiseReturnDBTest, BrownShoe.UnitTests, Version=1.0.0.0, Culture=neutral, PublicKeyToken=null</className><name type="System.String">ListTest</name><expectedExceptionMessage type="System.String" /><isValid type="System.Boolean">False</isValid></testMethod><aspNetDevServers type="System.Collections.Generic.List`1[[Microsoft.VisualStudio.TestTools.Common.AspNetDevelopmentServer, Microsoft.VisualStudio.QualityTools.Common, Version=8.0.0.0, Culture=neutral, PublicKeyToken=b03f5f7f11d50a3a]]"><_size type="System.Int32">0</_size><_version type="System.Int32">0</_version></aspNetDevServers><dataAccessMethod type="Microsoft.VisualStudio.TestTools.UnitTesting.DataAccessMethod, Microsoft.VisualStudio.QualityTools.UnitTestFramework, Version=8.0.0.0, Culture=neutral, PublicKeyToken=b03f5f7f11d50a3a"><value__ type="System.Int32">0</value__></dataAccessMethod><cssProjectStructure type="System.String" /><isRunOnRestart type="System.Boolean">False</isRunOnRestart><timeOut type="System.Int32">0</timeOut><isGroupable type="System.Boolean">True</isGroupable><abortRunOnAgentFailure type="System.Boolean">False</abortRunOnAgentFailure><cssIteration type="System.String" /><workItemIds type="System.Collections.Generic.List`1[[System.Int32, mscorlib, Version=2.0.0.0, Culture=neutral, PublicKeyToken=b77a5c561934e089]]"><_size type="System.Int32">0</_size><_version type="System.Int32">1</_version></workItemIds><id type="Microsoft.VisualStudio.TestTools.Common.TestId"><id type="System.Guid">4a3e48b9-f63d-e7f5-6f7f-184ce9ccfc11</id></id><name type="System.String">ListTest</name><description type="System.String" /><enabled type="System.Boolean">True</enabled><owner type="System.String" /><priority type="System.Int32">0</priority><executionId type="Microsoft.VisualStudio.TestTools.Common.TestExecId"><id type="System.Guid">00000000-0000-0000-0000-000000000000</id></executionId><parentExecutId type="Microsoft.VisualStudio.TestTools.Common.TestExecId"><id type="System.Guid">00000000-0000-0000-0000-000000000000</id></parentExecutId><deploymentItems type="Microsoft.VisualStudio.TestTools.Common.DeploymentItemCollection" /><agentAttributes type="System.Collections.Specialized.StringDictionary, System, Version=2.0.0.0, Culture=neutral, PublicKeyToken=b77a5c561934e089" /><storage type="System.String">e:\projects\brownshoe\unit_tests\product\src\brownshoe\testing\unittests\bin\brownshoe.unittests.dll</storage><m_nonRunnableReason type="System.String" /></value><key type="Microsoft.VisualStudio.TestTools.Common.TestId"><id type="System.Guid">f0139c03-ccf4-315c-2a0c-75331c14f654</id></key><value type="Microsoft.VisualStudio.TestTools.TestTypes.Unit.UnitTestElement, Microsoft.VisualStudio.QualityTools.Tips.UnitTest.ObjectModel, Version=8.0.0.0, Culture=neutral, PublicKeyToken=b03f5f7f11d50a3a"><codeBase type="System.String">e:/projects/brownshoe/unit_tests/product/src/BrownShoe/Testing/UnitTests/bin/BrownShoe.UnitTests.DLL</codeBase><adapterTypeName type="System.String">Microsoft.VisualStudio.TestTools.TestTypes.Unit.UnitTestAdapter, Microsoft.VisualStudio.QualityTools.Tips.UnitTest.Adapter</adapterTypeName><testMethod type="Microsoft.VisualStudio.TestTools.TestTypes.Unit.TestMethod, Microsoft.VisualStudio.QualityTools.Tips.UnitTest.ObjectModel, Version=8.0.0.0, Culture=neutral, PublicKeyToken=b03f5f7f11d50a3a"><className type="System.String">BrownShoe.UnitTests.Services.Profiles.PermissionsServiceTest, BrownShoe.UnitTests, Version=1.0.0.0, Culture=neutral, PublicKeyToken=null</className><name type="System.String">ReadTest</name><expectedExceptionMessage type="System.String" /><isValid type="System.Boolean">False</isValid></testMethod><aspNetDevServers type="System.Collections.Generic.List`1[[Microsoft.VisualStudio.TestTools.Common.AspNetDevelopmentServer, Microsoft.VisualStudio.QualityTools.Common, Version=8.0.0.0, Culture=neutral, PublicKeyToken=b03f5f7f11d50a3a]]"><_size type="System.Int32">0</_size><_version type="System.Int32">0</_version></aspNetDevServers><dataAccessMethod type="Microsoft.VisualStudio.TestTools.UnitTesting.DataAccessMethod, Microsoft.VisualStudio.QualityTools.UnitTestFramework, Version=8.0.0.0, Culture=neutral, PublicKeyToken=b03f5f7f11d50a3a"><value__ type="System.Int32">0</value__></dataAccessMethod><cssProjectStructure type="System.String" /><isRunOnRestart type="System.Boolean">False</isRunOnRestart><timeOut type="System.Int32">0</timeOut><isGroupable type="System.Boolean">True</isGroupable><abortRunOnAgentFailure type="System.Boolean">False</abortRunOnAgentFailure><cssIteration type="System.String" /><workItemIds type="System.Collections.Generic.List`1[[System.Int32, mscorlib, Version=2.0.0.0, Culture=neutral, PublicKeyToken=b77a5c561934e089]]"><_size type="System.Int32">0</_size><_version type="System.Int32">1</_version></workItemIds><id type="Microsoft.VisualStudio.TestTools.Common.TestId"><id type="System.Guid">f0139c03-ccf4-315c-2a0c-75331c14f654</id></id><name type="System.String">ReadTest</name><description type="System.String" /><enabled type="System.Boolean">True</enabled><owner type="System.String" /><priority type="System.Int32">0</priority><executionId type="Microsoft.VisualStudio.TestTools.Common.TestExecId"><id type="System.Guid">00000000-0000-0000-0000-000000000000</id></executionId><parentExecutId type="Microsoft.VisualStudio.TestTools.Common.TestExecId"><id type="System.Guid">00000000-0000-0000-0000-000000000000</id></parentExecutId><deploymentItems type="Microsoft.VisualStudio.TestTools.Common.DeploymentItemCollection" /><agentAttributes type="System.Collections.Specialized.StringDictionary, System, Version=2.0.0.0, Culture=neutral, PublicKeyToken=b77a5c561934e089" /><storage type="System.String">e:\projects\brownshoe\unit_tests\product\src\brownshoe\testing\unittests\bin\brownshoe.unittests.dll</storage><m_nonRunnableReason type="System.String" /></value><key type="Microsoft.VisualStudio.TestTools.Common.TestId"><id type="System.Guid">4950e980-871b-97b4-db56-d19e8456a696</id></key><value type="Microsoft.VisualStudio.TestTools.TestTypes.Unit.UnitTestElement, Microsoft.VisualStudio.QualityTools.Tips.UnitTest.ObjectModel, Version=8.0.0.0, Culture=neutral, PublicKeyToken=b03f5f7f11d50a3a"><codeBase type="System.String">e:/projects/brownshoe/unit_tests/product/src/BrownShoe/Testing/UnitTests/bin/BrownShoe.UnitTests.DLL</codeBase><adapterTypeName type="System.String">Microsoft.VisualStudio.TestTools.TestTypes.Unit.UnitTestAdapter, Microsoft.VisualStudio.QualityTools.Tips.UnitTest.Adapter</adapterTypeName><testMethod type="Microsoft.VisualStudio.TestTools.TestTypes.Unit.TestMethod, Microsoft.VisualStudio.QualityTools.Tips.UnitTest.ObjectModel, Version=8.0.0.0, Culture=neutral, PublicKeyToken=b03f5f7f11d50a3a"><className type="System.String">BrownShoe.UnitTests.RetailApplicationCore.Validators.AddressValidatorTest, BrownShoe.UnitTests, Version=1.0.0.0, Culture=neutral, PublicKeyToken=null</className><name type="System.String">GetAccuMailErrorMessageTest</name><expectedExceptionMessage type="System.String" /><isValid type="System.Boolean">False</isValid></testMethod><aspNetDevServers type="System.Collections.Generic.List`1[[Microsoft.VisualStudio.TestTools.Common.AspNetDevelopmentServer, Microsoft.VisualStudio.QualityTools.Common, Version=8.0.0.0, Culture=neutral, PublicKeyToken=b03f5f7f11d50a3a]]"><_size type="System.Int32">0</_size><_version type="System.Int32">0</_version></aspNetDevServers><dataAccessMethod type="Microsoft.VisualStudio.TestTools.UnitTesting.DataAccessMethod, Microsoft.VisualStudio.QualityTools.UnitTestFramework, Version=8.0.0.0, Culture=neutral, PublicKeyToken=b03f5f7f11d50a3a"><value__ type="System.Int32">0</value__></dataAccessMethod><cssProjectStructure type="System.String" /><isRunOnRestart type="System.Boolean">False</isRunOnRestart><timeOut type="System.Int32">0</timeOut><isGroupable type="System.Boolean">True</isGroupable><abortRunOnAgentFailure type="System.Boolean">False</abortRunOnAgentFailure><cssIteration type="System.String" /><workItemIds type="System.Collections.Generic.List`1[[System.Int32, mscorlib, Version=2.0.0.0, Culture=neutral, PublicKeyToken=b77a5c561934e089]]"><_size type="System.Int32">0</_size><_version type="System.Int32">1</_version></workItemIds><id type="Microsoft.VisualStudio.TestTools.Common.TestId"><id type="System.Guid">4950e980-871b-97b4-db56-d19e8456a696</id></id><name type="System.String">GetAccuMailErrorMessageTest</name><description type="System.String" /><enabled type="System.Boolean">True</enabled><owner type="System.String" /><priority type="System.Int32">0</priority><executionId type="Microsoft.VisualStudio.TestTools.Common.TestExecId"><id type="System.Guid">00000000-0000-0000-0000-000000000000</id></executionId><parentExecutId type="Microsoft.VisualStudio.TestTools.Common.TestExecId"><id type="System.Guid">00000000-0000-0000-0000-000000000000</id></parentExecutId><deploymentItems type="Microsoft.VisualStudio.TestTools.Common.DeploymentItemCollection" /><agentAttributes type="System.Collections.Specialized.StringDictionary, System, Version=2.0.0.0, Culture=neutral, PublicKeyToken=b77a5c561934e089" /><storage type="System.String">e:\projects\brownshoe\unit_tests\product\src\brownshoe\testing\unittests\bin\brownshoe.unittests.dll</storage><m_nonRunnableReason type="System.String" /></value><key type="Microsoft.VisualStudio.TestTools.Common.TestId"><id type="System.Guid">6ad6e7ca-3b0b-adfe-aefb-9ad0ab6ce36f</id></key><value type="Microsoft.VisualStudio.TestTools.TestTypes.Unit.UnitTestElement, Microsoft.VisualStudio.QualityTools.Tips.UnitTest.ObjectModel, Version=8.0.0.0, Culture=neutral, PublicKeyToken=b03f5f7f11d50a3a"><codeBase type="System.String">e:/projects/brownshoe/unit_tests/product/src/BrownShoe/Testing/UnitTests/bin/BrownShoe.UnitTests.DLL</codeBase><adapterTypeName type="System.String">Microsoft.VisualStudio.TestTools.TestTypes.Unit.UnitTestAdapter, Microsoft.VisualStudio.QualityTools.Tips.UnitTest.Adapter</adapterTypeName><testMethod type="Microsoft.VisualStudio.TestTools.TestTypes.Unit.TestMethod, Microsoft.VisualStudio.QualityTools.Tips.UnitTest.ObjectModel, Version=8.0.0.0, Culture=neutral, PublicKeyToken=b03f5f7f11d50a3a"><className type="System.String">BrownShoe.UnitTests.Services.Orders.CustomerOrderServiceTest, BrownShoe.UnitTests, Version=1.0.0.0, Culture=neutral, PublicKeyToken=null</className><name type="System.String">ListTest</name><expectedExceptionMessage type="System.String" /><isValid type="System.Boolean">False</isValid></testMethod><aspNetDevServers type="System.Collections.Generic.List`1[[Microsoft.VisualStudio.TestTools.Common.AspNetDevelopmentServer, Microsoft.VisualStudio.QualityTools.Common, Version=8.0.0.0, Culture=neutral, PublicKeyToken=b03f5f7f11d50a3a]]"><_size type="System.Int32">0</_size><_version type="System.Int32">0</_version></aspNetDevServers><dataAccessMethod type="Microsoft.VisualStudio.TestTools.UnitTesting.DataAccessMethod, Microsoft.VisualStudio.QualityTools.UnitTestFramework, Version=8.0.0.0, Culture=neutral, PublicKeyToken=b03f5f7f11d50a3a"><value__ type="System.Int32">0</value__></dataAccessMethod><cssProjectStructure type="System.String" /><isRunOnRestart type="System.Boolean">False</isRunOnRestart><timeOut type="System.Int32">0</timeOut><isGroupable type="System.Boolean">True</isGroupable><abortRunOnAgentFailure type="System.Boolean">False</abortRunOnAgentFailure><cssIteration type="System.String" /><workItemIds type="System.Collections.Generic.List`1[[System.Int32, mscorlib, Version=2.0.0.0, Culture=neutral, PublicKeyToken=b77a5c561934e089]]"><_size type="System.Int32">0</_size><_version type="System.Int32">1</_version></workItemIds><id type="Microsoft.VisualStudio.TestTools.Common.TestId"><id type="System.Guid">6ad6e7ca-3b0b-adfe-aefb-9ad0ab6ce36f</id></id><name type="System.String">ListTest</name><description type="System.String" /><enabled type="System.Boolean">True</enabled><owner type="System.String" /><priority type="System.Int32">0</priority><executionId type="Microsoft.VisualStudio.TestTools.Common.TestExecId"><id type="System.Guid">00000000-0000-0000-0000-000000000000</id></executionId><parentExecutId type="Microsoft.VisualStudio.TestTools.Common.TestExecId"><id type="System.Guid">00000000-0000-0000-0000-000000000000</id></parentExecutId><deploymentItems type="Microsoft.VisualStudio.TestTools.Common.DeploymentItemCollection" /><agentAttributes type="System.Collections.Specialized.StringDictionary, System, Version=2.0.0.0, Culture=neutral, PublicKeyToken=b77a5c561934e089" /><storage type="System.String">e:\projects\brownshoe\unit_tests\product\src\brownshoe\testing\unittests\bin\brownshoe.unittests.dll</storage><m_nonRunnableReason type="System.String" /></value><key type="Microsoft.VisualStudio.TestTools.Common.TestId"><id type="System.Guid">3c81a04e-97a4-758c-0af5-48e342f567ed</id></key><value type="Microsoft.VisualStudio.TestTools.TestTypes.Unit.UnitTestElement, Microsoft.VisualStudio.QualityTools.Tips.UnitTest.ObjectModel, Version=8.0.0.0, Culture=neutral, PublicKeyToken=b03f5f7f11d50a3a"><codeBase type="System.String">e:/projects/brownshoe/unit_tests/product/src/BrownShoe/Testing/UnitTests/bin/BrownShoe.UnitTests.DLL</codeBase><adapterTypeName type="System.String">Microsoft.VisualStudio.TestTools.TestTypes.Unit.UnitTestAdapter, Microsoft.VisualStudio.QualityTools.Tips.UnitTest.Adapter</adapterTypeName><testMethod type="Microsoft.VisualStudio.TestTools.TestTypes.Unit.TestMethod, Microsoft.VisualStudio.QualityTools.Tips.UnitTest.ObjectModel, Version=8.0.0.0, Culture=neutral, PublicKeyToken=b03f5f7f11d50a3a"><className type="System.String">BrownShoe.UnitTests.Services.ContentManagement.CMServiceTest, BrownShoe.UnitTests, Version=1.0.0.0, Culture=neutral, PublicKeyToken=null</className><name type="System.String">GetContentVersionsTest</name><expectedExceptionMessage type="System.String" /><isValid type="System.Boolean">False</isValid></testMethod><aspNetDevServers type="System.Collections.Generic.List`1[[Microsoft.VisualStudio.TestTools.Common.AspNetDevelopmentServer, Microsoft.VisualStudio.QualityTools.Common, Version=8.0.0.0, Culture=neutral, PublicKeyToken=b03f5f7f11d50a3a]]"><_size type="System.Int32">0</_size><_version type="System.Int32">0</_version></aspNetDevServers><dataAccessMethod type="Microsoft.VisualStudio.TestTools.UnitTesting.DataAccessMethod, Microsoft.VisualStudio.QualityTools.UnitTestFramework, Version=8.0.0.0, Culture=neutral, PublicKeyToken=b03f5f7f11d50a3a"><value__ type="System.Int32">0</value__></dataAccessMethod><cssProjectStructure type="System.String" /><isRunOnRestart type="System.Boolean">False</isRunOnRestart><timeOut type="System.Int32">0</timeOut><isGroupable type="System.Boolean">True</isGroupable><abortRunOnAgentFailure type="System.Boolean">False</abortRunOnAgentFailure><cssIteration type="System.String" /><workItemIds type="System.Collections.Generic.List`1[[System.Int32, mscorlib, Version=2.0.0.0, Culture=neutral, PublicKeyToken=b77a5c561934e089]]"><_size type="System.Int32">0</_size><_version type="System.Int32">1</_version></workItemIds><id type="Microsoft.VisualStudio.TestTools.Common.TestId"><id type="System.Guid">3c81a04e-97a4-758c-0af5-48e342f567ed</id></id><name type="System.String">GetContentVersionsTest</name><description type="System.String" /><enabled type="System.Boolean">True</enabled><owner type="System.String" /><priority type="System.Int32">0</priority><executionId type="Microsoft.VisualStudio.TestTools.Common.TestExecId"><id type="System.Guid">00000000-0000-0000-0000-000000000000</id></executionId><parentExecutId type="Microsoft.VisualStudio.TestTools.Common.TestExecId"><id type="System.Guid">00000000-0000-0000-0000-000000000000</id></parentExecutId><deploymentItems type="Microsoft.VisualStudio.TestTools.Common.DeploymentItemCollection" /><agentAttributes type="System.Collections.Specialized.StringDictionary, System, Version=2.0.0.0, Culture=neutral, PublicKeyToken=b77a5c561934e089" /><storage type="System.String">e:\projects\brownshoe\unit_tests\product\src\brownshoe\testing\unittests\bin\brownshoe.unittests.dll</storage><m_nonRunnableReason type="System.String" /></value><key type="Microsoft.VisualStudio.TestTools.Common.TestId"><id type="System.Guid">5d531d74-7dfe-2617-15f9-46788e6760b3</id></key><value type="Microsoft.VisualStudio.TestTools.TestTypes.Unit.UnitTestElement, Microsoft.VisualStudio.QualityTools.Tips.UnitTest.ObjectModel, Version=8.0.0.0, Culture=neutral, PublicKeyToken=b03f5f7f11d50a3a"><codeBase type="System.String">e:/projects/brownshoe/unit_tests/product/src/BrownShoe/Testing/UnitTests/bin/BrownShoe.UnitTests.DLL</codeBase><adapterTypeName type="System.String">Microsoft.VisualStudio.TestTools.TestTypes.Unit.UnitTestAdapter, Microsoft.VisualStudio.QualityTools.Tips.UnitTest.Adapter</adapterTypeName><testMethod type="Microsoft.VisualStudio.TestTools.TestTypes.Unit.TestMethod, Microsoft.VisualStudio.QualityTools.Tips.UnitTest.ObjectModel, Version=8.0.0.0, Culture=neutral, PublicKeyToken=b03f5f7f11d50a3a"><className type="System.String">BrownShoe.UnitTests.Services.DataAccess.CaptchaDBTest, BrownShoe.UnitTests, Version=1.0.0.0, Culture=neutral, PublicKeyToken=null</className><name type="System.String">GetTest</name><expectedExceptionMessage type="System.String" /><isValid type="System.Boolean">False</isValid></testMethod><aspNetDevServers type="System.Collections.Generic.List`1[[Microsoft.VisualStudio.TestTools.Common.AspNetDevelopmentServer, Microsoft.VisualStudio.QualityTools.Common, Version=8.0.0.0, Culture=neutral, PublicKeyToken=b03f5f7f11d50a3a]]"><_size type="System.Int32">0</_size><_version type="System.Int32">0</_version></aspNetDevServers><dataAccessMethod type="Microsoft.VisualStudio.TestTools.UnitTesting.DataAccessMethod, Microsoft.VisualStudio.QualityTools.UnitTestFramework, Version=8.0.0.0, Culture=neutral, PublicKeyToken=b03f5f7f11d50a3a"><value__ type="System.Int32">0</value__></dataAccessMethod><cssProjectStructure type="System.String" /><isRunOnRestart type="System.Boolean">False</isRunOnRestart><timeOut type="System.Int32">0</timeOut><isGroupable type="System.Boolean">True</isGroupable><abortRunOnAgentFailure type="System.Boolean">False</abortRunOnAgentFailure><cssIteration type="System.String" /><workItemIds type="System.Collections.Generic.List`1[[System.Int32, mscorlib, Version=2.0.0.0, Culture=neutral, PublicKeyToken=b77a5c561934e089]]"><_size type="System.Int32">0</_size><_version type="System.Int32">1</_version></workItemIds><id type="Microsoft.VisualStudio.TestTools.Common.TestId"><id type="System.Guid">5d531d74-7dfe-2617-15f9-46788e6760b3</id></id><name type="System.String">GetTest</name><description type="System.String" /><enabled type="System.Boolean">True</enabled><owner type="System.String" /><priority type="System.Int32">0</priority><executionId type="Microsoft.VisualStudio.TestTools.Common.TestExecId"><id type="System.Guid">00000000-0000-0000-0000-000000000000</id></executionId><parentExecutId type="Microsoft.VisualStudio.TestTools.Common.TestExecId"><id type="System.Guid">00000000-0000-0000-0000-000000000000</id></parentExecutId><deploymentItems type="Microsoft.VisualStudio.TestTools.Common.DeploymentItemCollection" /><agentAttributes type="System.Collections.Specialized.StringDictionary, System, Version=2.0.0.0, Culture=neutral, PublicKeyToken=b77a5c561934e089" /><storage type="System.String">e:\projects\brownshoe\unit_tests\product\src\brownshoe\testing\unittests\bin\brownshoe.unittests.dll</storage><m_nonRunnableReason type="System.String" /></value><key type="Microsoft.VisualStudio.TestTools.Common.TestId"><id type="System.Guid">36238562-b85c-be74-bd6d-9175efd21a2e</id></key><value type="Microsoft.VisualStudio.TestTools.TestTypes.Unit.UnitTestElement, Microsoft.VisualStudio.QualityTools.Tips.UnitTest.ObjectModel, Version=8.0.0.0, Culture=neutral, PublicKeyToken=b03f5f7f11d50a3a"><codeBase type="System.String">e:/projects/brownshoe/unit_tests/product/src/BrownShoe/Testing/UnitTests/bin/BrownShoe.UnitTests.DLL</codeBase><adapterTypeName type="System.String">Microsoft.VisualStudio.TestTools.TestTypes.Unit.UnitTestAdapter, Microsoft.VisualStudio.QualityTools.Tips.UnitTest.Adapter</adapterTypeName><testMethod type="Microsoft.VisualStudio.TestTools.TestTypes.Unit.TestMethod, Microsoft.VisualStudio.QualityTools.Tips.UnitTest.ObjectModel, Version=8.0.0.0, Culture=neutral, PublicKeyToken=b03f5f7f11d50a3a"><className type="System.String">BrownShoe.UnitTests.Services.Navigation.AffiliatePartnerServiceTest, BrownShoe.UnitTests, Version=1.0.0.0, Culture=neutral, PublicKeyToken=null</className><name type="System.String">GetBlueHornetRoiTest</name><expectedExceptionMessage type="System.String" /><isValid type="System.Boolean">False</isValid></testMethod><aspNetDevServers type="System.Collections.Generic.List`1[[Microsoft.VisualStudio.TestTools.Common.AspNetDevelopmentServer, Microsoft.VisualStudio.QualityTools.Common, Version=8.0.0.0, Culture=neutral, PublicKeyToken=b03f5f7f11d50a3a]]"><_size type="System.Int32">0</_size><_version type="System.Int32">0</_version></aspNetDevServers><dataAccessMethod type="Microsoft.VisualStudio.TestTools.UnitTesting.DataAccessMethod, Microsoft.VisualStudio.QualityTools.UnitTestFramework, Version=8.0.0.0, Culture=neutral, PublicKeyToken=b03f5f7f11d50a3a"><value__ type="System.Int32">0</value__></dataAccessMethod><cssProjectStructure type="System.String" /><isRunOnRestart type="System.Boolean">False</isRunOnRestart><timeOut type="System.Int32">0</timeOut><isGroupable type="System.Boolean">True</isGroupable><abortRunOnAgentFailure type="System.Boolean">False</abortRunOnAgentFailure><cssIteration type="System.String" /><workItemIds type="System.Collections.Generic.List`1[[System.Int32, mscorlib, Version=2.0.0.0, Culture=neutral, PublicKeyToken=b77a5c561934e089]]"><_size type="System.Int32">0</_size><_version type="System.Int32">1</_version></workItemIds><id type="Microsoft.VisualStudio.TestTools.Common.TestId"><id type="System.Guid">36238562-b85c-be74-bd6d-9175efd21a2e</id></id><name type="System.String">GetBlueHornetRoiTest</name><description type="System.String" /><enabled type="System.Boolean">True</enabled><owner type="System.String" /><priority type="System.Int32">0</priority><executionId type="Microsoft.VisualStudio.TestTools.Common.TestExecId"><id type="System.Guid">00000000-0000-0000-0000-000000000000</id></executionId><parentExecutId type="Microsoft.VisualStudio.TestTools.Common.TestExecId"><id type="System.Guid">00000000-0000-0000-0000-000000000000</id></parentExecutId><deploymentItems type="Microsoft.VisualStudio.TestTools.Common.DeploymentItemCollection" /><agentAttributes type="System.Collections.Specialized.StringDictionary, System, Version=2.0.0.0, Culture=neutral, PublicKeyToken=b77a5c561934e089" /><storage type="System.String">e:\projects\brownshoe\unit_tests\product\src\brownshoe\testing\unittests\bin\brownshoe.unittests.dll</storage><m_nonRunnableReason type="System.String" /></value><key type="Microsoft.VisualStudio.TestTools.Common.TestId"><id type="System.Guid">3b576279-e842-35a4-8998-ad0679fa4e0f</id></key><value type="Microsoft.VisualStudio.TestTools.TestTypes.Unit.UnitTestElement, Microsoft.VisualStudio.QualityTools.Tips.UnitTest.ObjectModel, Version=8.0.0.0, Culture=neutral, PublicKeyToken=b03f5f7f11d50a3a"><codeBase type="System.String">e:/projects/brownshoe/unit_tests/product/src/BrownShoe/Testing/UnitTests/bin/BrownShoe.UnitTests.DLL</codeBase><adapterTypeName type="System.String">Microsoft.VisualStudio.TestTools.TestTypes.Unit.UnitTestAdapter, Microsoft.VisualStudio.QualityTools.Tips.UnitTest.Adapter</adapterTypeName><testMethod type="Microsoft.VisualStudio.TestTools.TestTypes.Unit.TestMethod, Microsoft.VisualStudio.QualityTools.Tips.UnitTest.ObjectModel, Version=8.0.0.0, Culture=neutral, PublicKeyToken=b03f5f7f11d50a3a"><className type="System.String">BrownShoe.UnitTests.Services.Madison.MadisonWebServiceTest, BrownShoe.UnitTests, Version=1.0.0.0, Culture=neutral, PublicKeyToken=null</className><name type="System.String">AddRewardsTransactionTest</name><expectedExceptionMessage type="System.String" /><isValid type="System.Boolean">False</isValid></testMethod><aspNetDevServers type="System.Collections.Generic.List`1[[Microsoft.VisualStudio.TestTools.Common.AspNetDevelopmentServer, Microsoft.VisualStudio.QualityTools.Common, Version=8.0.0.0, Culture=neutral, PublicKeyToken=b03f5f7f11d50a3a]]"><_size type="System.Int32">0</_size><_version type="System.Int32">0</_version></aspNetDevServers><dataAccessMethod type="Microsoft.VisualStudio.TestTools.UnitTesting.DataAccessMethod, Microsoft.VisualStudio.QualityTools.UnitTestFramework, Version=8.0.0.0, Culture=neutral, PublicKeyToken=b03f5f7f11d50a3a"><value__ type="System.Int32">0</value__></dataAccessMethod><cssProjectStructure type="System.String" /><isRunOnRestart type="System.Boolean">False</isRunOnRestart><timeOut type="System.Int32">0</timeOut><isGroupable type="System.Boolean">True</isGroupable><abortRunOnAgentFailure type="System.Boolean">False</abortRunOnAgentFailure><cssIteration type="System.String" /><workItemIds type="System.Collections.Generic.List`1[[System.Int32, mscorlib, Version=2.0.0.0, Culture=neutral, PublicKeyToken=b77a5c561934e089]]"><_size type="System.Int32">0</_size><_version type="System.Int32">1</_version></workItemIds><id type="Microsoft.VisualStudio.TestTools.Common.TestId"><id type="System.Guid">3b576279-e842-35a4-8998-ad0679fa4e0f</id></id><name type="System.String">AddRewardsTransactionTest</name><description type="System.String" /><enabled type="System.Boolean">True</enabled><owner type="System.String" /><priority type="System.Int32">0</priority><executionId type="Microsoft.VisualStudio.TestTools.Common.TestExecId"><id type="System.Guid">00000000-0000-0000-0000-000000000000</id></executionId><parentExecutId type="Microsoft.VisualStudio.TestTools.Common.TestExecId"><id type="System.Guid">00000000-0000-0000-0000-000000000000</id></parentExecutId><deploymentItems type="Microsoft.VisualStudio.TestTools.Common.DeploymentItemCollection" /><agentAttributes type="System.Collections.Specialized.StringDictionary, System, Version=2.0.0.0, Culture=neutral, PublicKeyToken=b77a5c561934e089" /><storage type="System.String">e:\projects\brownshoe\unit_tests\product\src\brownshoe\testing\unittests\bin\brownshoe.unittests.dll</storage><m_nonRunnableReason type="System.String" /></value><key type="Microsoft.VisualStudio.TestTools.Common.TestId"><id type="System.Guid">90bbf0b0-338f-35d0-6db0-91d42399cf4f</id></key><value type="Microsoft.VisualStudio.TestTools.TestTypes.Unit.UnitTestElement, Microsoft.VisualStudio.QualityTools.Tips.UnitTest.ObjectModel, Version=8.0.0.0, Culture=neutral, PublicKeyToken=b03f5f7f11d50a3a"><codeBase type="System.String">e:/projects/brownshoe/unit_tests/product/src/BrownShoe/Testing/UnitTests/bin/BrownShoe.UnitTests.DLL</codeBase><adapterTypeName type="System.String">Microsoft.VisualStudio.TestTools.TestTypes.Unit.UnitTestAdapter, Microsoft.VisualStudio.QualityTools.Tips.UnitTest.Adapter</adapterTypeName><testMethod type="Microsoft.VisualStudio.TestTools.TestTypes.Unit.TestMethod, Microsoft.VisualStudio.QualityTools.Tips.UnitTest.ObjectModel, Version=8.0.0.0, Culture=neutral, PublicKeyToken=b03f5f7f11d50a3a"><className type="System.String">BrownShoe.UnitTests.Services.DataAccess.ShippingMethodDBTest, BrownShoe.UnitTests, Version=1.0.0.0, Culture=neutral, PublicKeyToken=null</className><name type="System.String">ListTest</name><expectedExceptionMessage type="System.String" /><isValid type="System.Boolean">False</isValid></testMethod><aspNetDevServers type="System.Collections.Generic.List`1[[Microsoft.VisualStudio.TestTools.Common.AspNetDevelopmentServer, Microsoft.VisualStudio.QualityTools.Common, Version=8.0.0.0, Culture=neutral, PublicKeyToken=b03f5f7f11d50a3a]]"><_size type="System.Int32">0</_size><_version type="System.Int32">0</_version></aspNetDevServers><dataAccessMethod type="Microsoft.VisualStudio.TestTools.UnitTesting.DataAccessMethod, Microsoft.VisualStudio.QualityTools.UnitTestFramework, Version=8.0.0.0, Culture=neutral, PublicKeyToken=b03f5f7f11d50a3a"><value__ type="System.Int32">0</value__></dataAccessMethod><cssProjectStructure type="System.String" /><isRunOnRestart type="System.Boolean">False</isRunOnRestart><timeOut type="System.Int32">0</timeOut><isGroupable type="System.Boolean">True</isGroupable><abortRunOnAgentFailure type="System.Boolean">False</abortRunOnAgentFailure><cssIteration type="System.String" /><workItemIds type="System.Collections.Generic.List`1[[System.Int32, mscorlib, Version=2.0.0.0, Culture=neutral, PublicKeyToken=b77a5c561934e089]]"><_size type="System.Int32">0</_size><_version type="System.Int32">1</_version></workItemIds><id type="Microsoft.VisualStudio.TestTools.Common.TestId"><id type="System.Guid">90bbf0b0-338f-35d0-6db0-91d42399cf4f</id></id><name type="System.String">ListTest</name><description type="System.String" /><enabled type="System.Boolean">True</enabled><owner type="System.String" /><priority type="System.Int32">0</priority><executionId type="Microsoft.VisualStudio.TestTools.Common.TestExecId"><id type="System.Guid">00000000-0000-0000-0000-000000000000</id></executionId><parentExecutId type="Microsoft.VisualStudio.TestTools.Common.TestExecId"><id type="System.Guid">00000000-0000-0000-0000-000000000000</id></parentExecutId><deploymentItems type="Microsoft.VisualStudio.TestTools.Common.DeploymentItemCollection" /><agentAttributes type="System.Collections.Specialized.StringDictionary, System, Version=2.0.0.0, Culture=neutral, PublicKeyToken=b77a5c561934e089" /><storage type="System.String">e:\projects\brownshoe\unit_tests\product\src\brownshoe\testing\unittests\bin\brownshoe.unittests.dll</storage><m_nonRunnableReason type="System.String" /></value><key type="Microsoft.VisualStudio.TestTools.Common.TestId"><id type="System.Guid">b33ce116-3e34-6cd2-26ee-42814a13c5e3</id></key><value type="Microsoft.VisualStudio.TestTools.TestTypes.Unit.UnitTestElement, Microsoft.VisualStudio.QualityTools.Tips.UnitTest.ObjectModel, Version=8.0.0.0, Culture=neutral, PublicKeyToken=b03f5f7f11d50a3a"><codeBase type="System.String">e:/projects/brownshoe/unit_tests/product/src/BrownShoe/Testing/UnitTests/bin/BrownShoe.UnitTests.DLL</codeBase><adapterTypeName type="System.String">Microsoft.VisualStudio.TestTools.TestTypes.Unit.UnitTestAdapter, Microsoft.VisualStudio.QualityTools.Tips.UnitTest.Adapter</adapterTypeName><testMethod type="Microsoft.VisualStudio.TestTools.TestTypes.Unit.TestMethod, Microsoft.VisualStudio.QualityTools.Tips.UnitTest.ObjectModel, Version=8.0.0.0, Culture=neutral, PublicKeyToken=b03f5f7f11d50a3a"><className type="System.String">BrownShoe.UnitTests.Services.DataAccess.EDI_InvoiceDBTest, BrownShoe.UnitTests, Version=1.0.0.0, Culture=neutral, PublicKeyToken=null</className><name type="System.String">BuildInvoiceHTMLTest</name><expectedExceptionMessage type="System.String" /><isValid type="System.Boolean">False</isValid></testMethod><aspNetDevServers type="System.Collections.Generic.List`1[[Microsoft.VisualStudio.TestTools.Common.AspNetDevelopmentServer, Microsoft.VisualStudio.QualityTools.Common, Version=8.0.0.0, Culture=neutral, PublicKeyToken=b03f5f7f11d50a3a]]"><_size type="System.Int32">0</_size><_version type="System.Int32">0</_version></aspNetDevServers><dataAccessMethod type="Microsoft.VisualStudio.TestTools.UnitTesting.DataAccessMethod, Microsoft.VisualStudio.QualityTools.UnitTestFramework, Version=8.0.0.0, Culture=neutral, PublicKeyToken=b03f5f7f11d50a3a"><value__ type="System.Int32">0</value__></dataAccessMethod><cssProjectStructure type="System.String" /><isRunOnRestart type="System.Boolean">False</isRunOnRestart><timeOut type="System.Int32">0</timeOut><isGroupable type="System.Boolean">True</isGroupable><abortRunOnAgentFailure type="System.Boolean">False</abortRunOnAgentFailure><cssIteration type="System.String" /><workItemIds type="System.Collections.Generic.List`1[[System.Int32, mscorlib, Version=2.0.0.0, Culture=neutral, PublicKeyToken=b77a5c561934e089]]"><_size type="System.Int32">0</_size><_version type="System.Int32">1</_version></workItemIds><id type="Microsoft.VisualStudio.TestTools.Common.TestId"><id type="System.Guid">b33ce116-3e34-6cd2-26ee-42814a13c5e3</id></id><name type="System.String">BuildInvoiceHTMLTest</name><description type="System.String" /><enabled type="System.Boolean">True</enabled><owner type="System.String" /><priority type="System.Int32">0</priority><executionId type="Microsoft.VisualStudio.TestTools.Common.TestExecId"><id type="System.Guid">00000000-0000-0000-0000-000000000000</id></executionId><parentExecutId type="Microsoft.VisualStudio.TestTools.Common.TestExecId"><id type="System.Guid">00000000-0000-0000-0000-000000000000</id></parentExecutId><deploymentItems type="Microsoft.VisualStudio.TestTools.Common.DeploymentItemCollection" /><agentAttributes type="System.Collections.Specialized.StringDictionary, System, Version=2.0.0.0, Culture=neutral, PublicKeyToken=b77a5c561934e089" /><storage type="System.String">e:\projects\brownshoe\unit_tests\product\src\brownshoe\testing\unittests\bin\brownshoe.unittests.dll</storage><m_nonRunnableReason type="System.String" /></value><key type="Microsoft.VisualStudio.TestTools.Common.TestId"><id type="System.Guid">f80ffaa3-5ea5-ed93-9737-58b514a65e17</id></key><value type="Microsoft.VisualStudio.TestTools.TestTypes.Unit.UnitTestElement, Microsoft.VisualStudio.QualityTools.Tips.UnitTest.ObjectModel, Version=8.0.0.0, Culture=neutral, PublicKeyToken=b03f5f7f11d50a3a"><codeBase type="System.String">e:/projects/brownshoe/unit_tests/product/src/BrownShoe/Testing/UnitTests/bin/BrownShoe.UnitTests.DLL</codeBase><adapterTypeName type="System.String">Microsoft.VisualStudio.TestTools.TestTypes.Unit.UnitTestAdapter, Microsoft.VisualStudio.QualityTools.Tips.UnitTest.Adapter</adapterTypeName><testMethod type="Microsoft.VisualStudio.TestTools.TestTypes.Unit.TestMethod, Microsoft.VisualStudio.QualityTools.Tips.UnitTest.ObjectModel, Version=8.0.0.0, Culture=neutral, PublicKeyToken=b03f5f7f11d50a3a"><className type="System.String">BrownShoe.UnitTests.Services.Inventory.InventoryWSAgent, BrownShoe.UnitTests, Version=1.0.0.0, Culture=neutral, PublicKeyToken=null</className><name type="System.String">GetSkusTest</name><expectedExceptionMessage type="System.String" /><isValid type="System.Boolean">False</isValid></testMethod><aspNetDevServers type="System.Collections.Generic.List`1[[Microsoft.VisualStudio.TestTools.Common.AspNetDevelopmentServer, Microsoft.VisualStudio.QualityTools.Common, Version=8.0.0.0, Culture=neutral, PublicKeyToken=b03f5f7f11d50a3a]]"><_size type="System.Int32">0</_size><_version type="System.Int32">0</_version></aspNetDevServers><dataAccessMethod type="Microsoft.VisualStudio.TestTools.UnitTesting.DataAccessMethod, Microsoft.VisualStudio.QualityTools.UnitTestFramework, Version=8.0.0.0, Culture=neutral, PublicKeyToken=b03f5f7f11d50a3a"><value__ type="System.Int32">0</value__></dataAccessMethod><cssProjectStructure type="System.String" /><isRunOnRestart type="System.Boolean">False</isRunOnRestart><timeOut type="System.Int32">0</timeOut><isGroupable type="System.Boolean">True</isGroupable><abortRunOnAgentFailure type="System.Boolean">False</abortRunOnAgentFailure><cssIteration type="System.String" /><workItemIds type="System.Collections.Generic.List`1[[System.Int32, mscorlib, Version=2.0.0.0, Culture=neutral, PublicKeyToken=b77a5c561934e089]]"><_size type="System.Int32">0</_size><_version type="System.Int32">1</_version></workItemIds><id type="Microsoft.VisualStudio.TestTools.Common.TestId"><id type="System.Guid">f80ffaa3-5ea5-ed93-9737-58b514a65e17</id></id><name type="System.String">GetSkusTest</name><description type="System.String" /><enabled type="System.Boolean">True</enabled><owner type="System.String" /><priority type="System.Int32">0</priority><executionId type="Microsoft.VisualStudio.TestTools.Common.TestExecId"><id type="System.Guid">00000000-0000-0000-0000-000000000000</id></executionId><parentExecutId type="Microsoft.VisualStudio.TestTools.Common.TestExecId"><id type="System.Guid">00000000-0000-0000-0000-000000000000</id></parentExecutId><deploymentItems type="Microsoft.VisualStudio.TestTools.Common.DeploymentItemCollection" /><agentAttributes type="System.Collections.Specialized.StringDictionary, System, Version=2.0.0.0, Culture=neutral, PublicKeyToken=b77a5c561934e089" /><storage type="System.String">e:\projects\brownshoe\unit_tests\product\src\brownshoe\testing\unittests\bin\brownshoe.unittests.dll</storage><m_nonRunnableReason type="System.String" /></value><key type="Microsoft.VisualStudio.TestTools.Common.TestId"><id type="System.Guid">25892861-947f-977e-0d5f-55d2085331e7</id></key><value type="Microsoft.VisualStudio.TestTools.TestTypes.Unit.UnitTestElement, Microsoft.VisualStudio.QualityTools.Tips.UnitTest.ObjectModel, Version=8.0.0.0, Culture=neutral, PublicKeyToken=b03f5f7f11d50a3a"><codeBase type="System.String">e:/projects/brownshoe/unit_tests/product/src/BrownShoe/Testing/UnitTests/bin/BrownShoe.UnitTests.DLL</codeBase><adapterTypeName type="System.String">Microsoft.VisualStudio.TestTools.TestTypes.Unit.UnitTestAdapter, Microsoft.VisualStudio.QualityTools.Tips.UnitTest.Adapter</adapterTypeName><testMethod type="Microsoft.VisualStudio.TestTools.TestTypes.Unit.TestMethod, Microsoft.VisualStudio.QualityTools.Tips.UnitTest.ObjectModel, Version=8.0.0.0, Culture=neutral, PublicKeyToken=b03f5f7f11d50a3a"><className type="System.String">BrownShoe.UnitTests.RetailApplicationCore.Checkout.CheckoutConfigHelperTest, BrownShoe.UnitTests, Version=1.0.0.0, Culture=neutral, PublicKeyToken=null</className><name type="System.String">GetPaymentTypeTest</name><expectedExceptionMessage type="System.String" /><isValid type="System.Boolean">False</isValid></testMethod><aspNetDevServers type="System.Collections.Generic.List`1[[Microsoft.VisualStudio.TestTools.Common.AspNetDevelopmentServer, Microsoft.VisualStudio.QualityTools.Common, Version=8.0.0.0, Culture=neutral, PublicKeyToken=b03f5f7f11d50a3a]]"><_size type="System.Int32">0</_size><_version type="System.Int32">0</_version></aspNetDevServers><dataAccessMethod type="Microsoft.VisualStudio.TestTools.UnitTesting.DataAccessMethod, Microsoft.VisualStudio.QualityTools.UnitTestFramework, Version=8.0.0.0, Culture=neutral, PublicKeyToken=b03f5f7f11d50a3a"><value__ type="System.Int32">0</value__></dataAccessMethod><cssProjectStructure type="System.String" /><isRunOnRestart type="System.Boolean">False</isRunOnRestart><timeOut type="System.Int32">0</timeOut><isGroupable type="System.Boolean">True</isGroupable><abortRunOnAgentFailure type="System.Boolean">False</abortRunOnAgentFailure><cssIteration type="System.String" /><workItemIds type="System.Collections.Generic.List`1[[System.Int32, mscorlib, Version=2.0.0.0, Culture=neutral, PublicKeyToken=b77a5c561934e089]]"><_size type="System.Int32">0</_size><_version type="System.Int32">1</_version></workItemIds><id type="Microsoft.VisualStudio.TestTools.Common.TestId"><id type="System.Guid">25892861-947f-977e-0d5f-55d2085331e7</id></id><name type="System.String">GetPaymentTypeTest</name><description type="System.String" /><enabled type="System.Boolean">True</enabled><owner type="System.String" /><priority type="System.Int32">0</priority><executionId type="Microsoft.VisualStudio.TestTools.Common.TestExecId"><id type="System.Guid">00000000-0000-0000-0000-000000000000</id></executionId><parentExecutId type="Microsoft.VisualStudio.TestTools.Common.TestExecId"><id type="System.Guid">00000000-0000-0000-0000-000000000000</id></parentExecutId><deploymentItems type="Microsoft.VisualStudio.TestTools.Common.DeploymentItemCollection" /><agentAttributes type="System.Collections.Specialized.StringDictionary, System, Version=2.0.0.0, Culture=neutral, PublicKeyToken=b77a5c561934e089" /><storage type="System.String">e:\projects\brownshoe\unit_tests\product\src\brownshoe\testing\unittests\bin\brownshoe.unittests.dll</storage><m_nonRunnableReason type="System.String" /></value><key type="Microsoft.VisualStudio.TestTools.Common.TestId"><id type="System.Guid">accf5607-d28d-3aa3-2c55-b0c95abd8cfc</id></key><value type="Microsoft.VisualStudio.TestTools.TestTypes.Unit.UnitTestElement, Microsoft.VisualStudio.QualityTools.Tips.UnitTest.ObjectModel, Version=8.0.0.0, Culture=neutral, PublicKeyToken=b03f5f7f11d50a3a"><codeBase type="System.String">e:/projects/brownshoe/unit_tests/product/src/BrownShoe/Testing/UnitTests/bin/BrownShoe.UnitTests.DLL</codeBase><adapterTypeName type="System.String">Microsoft.VisualStudio.TestTools.TestTypes.Unit.UnitTestAdapter, Microsoft.VisualStudio.QualityTools.Tips.UnitTest.Adapter</adapterTypeName><testMethod type="Microsoft.VisualStudio.TestTools.TestTypes.Unit.TestMethod, Microsoft.VisualStudio.QualityTools.Tips.UnitTest.ObjectModel, Version=8.0.0.0, Culture=neutral, PublicKeyToken=b03f5f7f11d50a3a"><className type="System.String">BrownShoe.UnitTests.Services.DataAccess.EDI_InvoiceDBTest, BrownShoe.UnitTests, Version=1.0.0.0, Culture=neutral, PublicKeyToken=null</className><name type="System.String">IsNumbericTest</name><expectedExceptionMessage type="System.String" /><isValid type="System.Boolean">False</isValid></testMethod><aspNetDevServers type="System.Collections.Generic.List`1[[Microsoft.VisualStudio.TestTools.Common.AspNetDevelopmentServer, Microsoft.VisualStudio.QualityTools.Common, Version=8.0.0.0, Culture=neutral, PublicKeyToken=b03f5f7f11d50a3a]]"><_size type="System.Int32">0</_size><_version type="System.Int32">0</_version></aspNetDevServers><dataAccessMethod type="Microsoft.VisualStudio.TestTools.UnitTesting.DataAccessMethod, Microsoft.VisualStudio.QualityTools.UnitTestFramework, Version=8.0.0.0, Culture=neutral, PublicKeyToken=b03f5f7f11d50a3a"><value__ type="System.Int32">0</value__></dataAccessMethod><cssProjectStructure type="System.String" /><isRunOnRestart type="System.Boolean">False</isRunOnRestart><timeOut type="System.Int32">0</timeOut><isGroupable type="System.Boolean">True</isGroupable><abortRunOnAgentFailure type="System.Boolean">False</abortRunOnAgentFailure><cssIteration type="System.String" /><workItemIds type="System.Collections.Generic.List`1[[System.Int32, mscorlib, Version=2.0.0.0, Culture=neutral, PublicKeyToken=b77a5c561934e089]]"><_size type="System.Int32">0</_size><_version type="System.Int32">1</_version></workItemIds><id type="Microsoft.VisualStudio.TestTools.Common.TestId"><id type="System.Guid">accf5607-d28d-3aa3-2c55-b0c95abd8cfc</id></id><name type="System.String">IsNumbericTest</name><description type="System.String" /><enabled type="System.Boolean">True</enabled><owner type="System.String" /><priority type="System.Int32">0</priority><executionId type="Microsoft.VisualStudio.TestTools.Common.TestExecId"><id type="System.Guid">00000000-0000-0000-0000-000000000000</id></executionId><parentExecutId type="Microsoft.VisualStudio.TestTools.Common.TestExecId"><id type="System.Guid">00000000-0000-0000-0000-000000000000</id></parentExecutId><deploymentItems type="Microsoft.VisualStudio.TestTools.Common.DeploymentItemCollection" /><agentAttributes type="System.Collections.Specialized.StringDictionary, System, Version=2.0.0.0, Culture=neutral, PublicKeyToken=b77a5c561934e089" /><storage type="System.String">e:\projects\brownshoe\unit_tests\product\src\brownshoe\testing\unittests\bin\brownshoe.unittests.dll</storage><m_nonRunnableReason type="System.String" /></value><key type="Microsoft.VisualStudio.TestTools.Common.TestId"><id type="System.Guid">0e39395f-0780-39f6-a3dd-97d29c6b4c23</id></key><value type="Microsoft.VisualStudio.TestTools.TestTypes.Unit.UnitTestElement, Microsoft.VisualStudio.QualityTools.Tips.UnitTest.ObjectModel, Version=8.0.0.0, Culture=neutral, PublicKeyToken=b03f5f7f11d50a3a"><codeBase type="System.String">e:/projects/brownshoe/unit_tests/product/src/BrownShoe/Testing/UnitTests/bin/BrownShoe.UnitTests.DLL</codeBase><adapterTypeName type="System.String">Microsoft.VisualStudio.TestTools.TestTypes.Unit.UnitTestAdapter, Microsoft.VisualStudio.QualityTools.Tips.UnitTest.Adapter</adapterTypeName><testMethod type="Microsoft.VisualStudio.TestTools.TestTypes.Unit.TestMethod, Microsoft.VisualStudio.QualityTools.Tips.UnitTest.ObjectModel, Version=8.0.0.0, Culture=neutral, PublicKeyToken=b03f5f7f11d50a3a"><className type="System.String">BrownShoe.UnitTests.Services.Orders.CustomerOrderServiceTest, BrownShoe.UnitTests, Version=1.0.0.0, Culture=neutral, PublicKeyToken=null</className><name type="System.String">InsertExchangeTest</name><expectedExceptionMessage type="System.String" /><isValid type="System.Boolean">False</isValid></testMethod><aspNetDevServers type="System.Collections.Generic.List`1[[Microsoft.VisualStudio.TestTools.Common.AspNetDevelopmentServer, Microsoft.VisualStudio.QualityTools.Common, Version=8.0.0.0, Culture=neutral, PublicKeyToken=b03f5f7f11d50a3a]]"><_size type="System.Int32">0</_size><_version type="System.Int32">0</_version></aspNetDevServers><dataAccessMethod type="Microsoft.VisualStudio.TestTools.UnitTesting.DataAccessMethod, Microsoft.VisualStudio.QualityTools.UnitTestFramework, Version=8.0.0.0, Culture=neutral, PublicKeyToken=b03f5f7f11d50a3a"><value__ type="System.Int32">0</value__></dataAccessMethod><cssProjectStructure type="System.String" /><isRunOnRestart type="System.Boolean">False</isRunOnRestart><timeOut type="System.Int32">0</timeOut><isGroupable type="System.Boolean">True</isGroupable><abortRunOnAgentFailure type="System.Boolean">False</abortRunOnAgentFailure><cssIteration type="System.String" /><workItemIds type="System.Collections.Generic.List`1[[System.Int32, mscorlib, Version=2.0.0.0, Culture=neutral, PublicKeyToken=b77a5c561934e089]]"><_size type="System.Int32">0</_size><_version type="System.Int32">1</_version></workItemIds><id type="Microsoft.VisualStudio.TestTools.Common.TestId"><id type="System.Guid">0e39395f-0780-39f6-a3dd-97d29c6b4c23</id></id><name type="System.String">InsertExchangeTest</name><description type="System.String" /><enabled type="System.Boolean">True</enabled><owner type="System.String" /><priority type="System.Int32">0</priority><executionId type="Microsoft.VisualStudio.TestTools.Common.TestExecId"><id type="System.Guid">00000000-0000-0000-0000-000000000000</id></executionId><parentExecutId type="Microsoft.VisualStudio.TestTools.Common.TestExecId"><id type="System.Guid">00000000-0000-0000-0000-000000000000</id></parentExecutId><deploymentItems type="Microsoft.VisualStudio.TestTools.Common.DeploymentItemCollection" /><agentAttributes type="System.Collections.Specialized.StringDictionary, System, Version=2.0.0.0, Culture=neutral, PublicKeyToken=b77a5c561934e089" /><storage type="System.String">e:\projects\brownshoe\unit_tests\product\src\brownshoe\testing\unittests\bin\brownshoe.unittests.dll</storage><m_nonRunnableReason type="System.String" /></value><key type="Microsoft.VisualStudio.TestTools.Common.TestId"><id type="System.Guid">024f90f2-db66-7d0f-65a2-a7e7f450d0d6</id></key><value type="Microsoft.VisualStudio.TestTools.TestTypes.Unit.UnitTestElement, Microsoft.VisualStudio.QualityTools.Tips.UnitTest.ObjectModel, Version=8.0.0.0, Culture=neutral, PublicKeyToken=b03f5f7f11d50a3a"><codeBase type="System.String">e:/projects/brownshoe/unit_tests/product/src/BrownShoe/Testing/UnitTests/bin/BrownShoe.UnitTests.DLL</codeBase><adapterTypeName type="System.String">Microsoft.VisualStudio.TestTools.TestTypes.Unit.UnitTestAdapter, Microsoft.VisualStudio.QualityTools.Tips.UnitTest.Adapter</adapterTypeName><testMethod type="Microsoft.VisualStudio.TestTools.TestTypes.Unit.TestMethod, Microsoft.VisualStudio.QualityTools.Tips.UnitTest.ObjectModel, Version=8.0.0.0, Culture=neutral, PublicKeyToken=b03f5f7f11d50a3a"><className type="System.String">BrownShoe.UnitTests.Services.Profiles.ProductInfoTest, BrownShoe.UnitTests, Version=1.0.0.0, Culture=neutral, PublicKeyToken=null</className><name type="System.String">BrandNameTest</name><expectedExceptionMessage type="System.String" /><isValid type="System.Boolean">False</isValid></testMethod><aspNetDevServers type="System.Collections.Generic.List`1[[Microsoft.VisualStudio.TestTools.Common.AspNetDevelopmentServer, Microsoft.VisualStudio.QualityTools.Common, Version=8.0.0.0, Culture=neutral, PublicKeyToken=b03f5f7f11d50a3a]]"><_size type="System.Int32">0</_size><_version type="System.Int32">0</_version></aspNetDevServers><dataAccessMethod type="Microsoft.VisualStudio.TestTools.UnitTesting.DataAccessMethod, Microsoft.VisualStudio.QualityTools.UnitTestFramework, Version=8.0.0.0, Culture=neutral, PublicKeyToken=b03f5f7f11d50a3a"><value__ type="System.Int32">0</value__></dataAccessMethod><cssProjectStructure type="System.String" /><isRunOnRestart type="System.Boolean">False</isRunOnRestart><timeOut type="System.Int32">0</timeOut><isGroupable type="System.Boolean">True</isGroupable><abortRunOnAgentFailure type="System.Boolean">False</abortRunOnAgentFailure><cssIteration type="System.String" /><workItemIds type="System.Collections.Generic.List`1[[System.Int32, mscorlib, Version=2.0.0.0, Culture=neutral, PublicKeyToken=b77a5c561934e089]]"><_size type="System.Int32">0</_size><_version type="System.Int32">1</_version></workItemIds><id type="Microsoft.VisualStudio.TestTools.Common.TestId"><id type="System.Guid">024f90f2-db66-7d0f-65a2-a7e7f450d0d6</id></id><name type="System.String">BrandNameTest</name><description type="System.String" /><enabled type="System.Boolean">True</enabled><owner type="System.String" /><priority type="System.Int32">0</priority><executionId type="Microsoft.VisualStudio.TestTools.Common.TestExecId"><id type="System.Guid">00000000-0000-0000-0000-000000000000</id></executionId><parentExecutId type="Microsoft.VisualStudio.TestTools.Common.TestExecId"><id type="System.Guid">00000000-0000-0000-0000-000000000000</id></parentExecutId><deploymentItems type="Microsoft.VisualStudio.TestTools.Common.DeploymentItemCollection" /><agentAttributes type="System.Collections.Specialized.StringDictionary, System, Version=2.0.0.0, Culture=neutral, PublicKeyToken=b77a5c561934e089" /><storage type="System.String">e:\projects\brownshoe\unit_tests\product\src\brownshoe\testing\unittests\bin\brownshoe.unittests.dll</storage><m_nonRunnableReason type="System.String" /></value><key type="Microsoft.VisualStudio.TestTools.Common.TestId"><id type="System.Guid">6a28352d-ed97-983b-759f-302b085007c4</id></key><value type="Microsoft.VisualStudio.TestTools.TestTypes.Unit.UnitTestElement, Microsoft.VisualStudio.QualityTools.Tips.UnitTest.ObjectModel, Version=8.0.0.0, Culture=neutral, PublicKeyToken=b03f5f7f11d50a3a"><codeBase type="System.String">e:/projects/brownshoe/unit_tests/product/src/BrownShoe/Testing/UnitTests/bin/BrownShoe.UnitTests.DLL</codeBase><adapterTypeName type="System.String">Microsoft.VisualStudio.TestTools.TestTypes.Unit.UnitTestAdapter, Microsoft.VisualStudio.QualityTools.Tips.UnitTest.Adapter</adapterTypeName><testMethod type="Microsoft.VisualStudio.TestTools.TestTypes.Unit.TestMethod, Microsoft.VisualStudio.QualityTools.Tips.UnitTest.ObjectModel, Version=8.0.0.0, Culture=neutral, PublicKeyToken=b03f5f7f11d50a3a"><className type="System.String">BrownShoe.UnitTests.Services.ContentManagement.CMTokenServiceTest, BrownShoe.UnitTests, Version=1.0.0.0, Culture=neutral, PublicKeyToken=null</className><name type="System.String">GetShopSmarterTest</name><expectedExceptionMessage type="System.String" /><isValid type="System.Boolean">False</isValid></testMethod><aspNetDevServers type="System.Collections.Generic.List`1[[Microsoft.VisualStudio.TestTools.Common.AspNetDevelopmentServer, Microsoft.VisualStudio.QualityTools.Common, Version=8.0.0.0, Culture=neutral, PublicKeyToken=b03f5f7f11d50a3a]]"><_size type="System.Int32">0</_size><_version type="System.Int32">0</_version></aspNetDevServers><dataAccessMethod type="Microsoft.VisualStudio.TestTools.UnitTesting.DataAccessMethod, Microsoft.VisualStudio.QualityTools.UnitTestFramework, Version=8.0.0.0, Culture=neutral, PublicKeyToken=b03f5f7f11d50a3a"><value__ type="System.Int32">0</value__></dataAccessMethod><cssProjectStructure type="System.String" /><isRunOnRestart type="System.Boolean">False</isRunOnRestart><timeOut type="System.Int32">0</timeOut><isGroupable type="System.Boolean">True</isGroupable><abortRunOnAgentFailure type="System.Boolean">False</abortRunOnAgentFailure><cssIteration type="System.String" /><workItemIds type="System.Collections.Generic.List`1[[System.Int32, mscorlib, Version=2.0.0.0, Culture=neutral, PublicKeyToken=b77a5c561934e089]]"><_size type="System.Int32">0</_size><_version type="System.Int32">1</_version></workItemIds><id type="Microsoft.VisualStudio.TestTools.Common.TestId"><id type="System.Guid">6a28352d-ed97-983b-759f-302b085007c4</id></id><name type="System.String">GetShopSmarterTest</name><description type="System.String" /><enabled type="System.Boolean">True</enabled><owner type="System.String" /><priority type="System.Int32">0</priority><executionId type="Microsoft.VisualStudio.TestTools.Common.TestExecId"><id type="System.Guid">00000000-0000-0000-0000-000000000000</id></executionId><parentExecutId type="Microsoft.VisualStudio.TestTools.Common.TestExecId"><id type="System.Guid">00000000-0000-0000-0000-000000000000</id></parentExecutId><deploymentItems type="Microsoft.VisualStudio.TestTools.Common.DeploymentItemCollection" /><agentAttributes type="System.Collections.Specialized.StringDictionary, System, Version=2.0.0.0, Culture=neutral, PublicKeyToken=b77a5c561934e089" /><storage type="System.String">e:\projects\brownshoe\unit_tests\product\src\brownshoe\testing\unittests\bin\brownshoe.unittests.dll</storage><m_nonRunnableReason type="System.String" /></value><key type="Microsoft.VisualStudio.TestTools.Common.TestId"><id type="System.Guid">a0bc831e-0f29-968e-4451-1ccc63107960</id></key><value type="Microsoft.VisualStudio.TestTools.TestTypes.Unit.UnitTestElement, Microsoft.VisualStudio.QualityTools.Tips.UnitTest.ObjectModel, Version=8.0.0.0, Culture=neutral, PublicKeyToken=b03f5f7f11d50a3a"><codeBase type="System.String">e:/projects/brownshoe/unit_tests/product/src/BrownShoe/Testing/UnitTests/bin/BrownShoe.UnitTests.DLL</codeBase><adapterTypeName type="System.String">Microsoft.VisualStudio.TestTools.TestTypes.Unit.UnitTestAdapter, Microsoft.VisualStudio.QualityTools.Tips.UnitTest.Adapter</adapterTypeName><testMethod type="Microsoft.VisualStudio.TestTools.TestTypes.Unit.TestMethod, Microsoft.VisualStudio.QualityTools.Tips.UnitTest.ObjectModel, Version=8.0.0.0, Culture=neutral, PublicKeyToken=b03f5f7f11d50a3a"><className type="System.String">BrownShoe.UnitTests.Services.Profiles.ProductInfoTest, BrownShoe.UnitTests, Version=1.0.0.0, Culture=neutral, PublicKeyToken=null</className><name type="System.String">ShoeDescriptionTest</name><expectedExceptionMessage type="System.String" /><isValid type="System.Boolean">False</isValid></testMethod><aspNetDevServers type="System.Collections.Generic.List`1[[Microsoft.VisualStudio.TestTools.Common.AspNetDevelopmentServer, Microsoft.VisualStudio.QualityTools.Common, Version=8.0.0.0, Culture=neutral, PublicKeyToken=b03f5f7f11d50a3a]]"><_size type="System.Int32">0</_size><_version type="System.Int32">0</_version></aspNetDevServers><dataAccessMethod type="Microsoft.VisualStudio.TestTools.UnitTesting.DataAccessMethod, Microsoft.VisualStudio.QualityTools.UnitTestFramework, Version=8.0.0.0, Culture=neutral, PublicKeyToken=b03f5f7f11d50a3a"><value__ type="System.Int32">0</value__></dataAccessMethod><cssProjectStructure type="System.String" /><isRunOnRestart type="System.Boolean">False</isRunOnRestart><timeOut type="System.Int32">0</timeOut><isGroupable type="System.Boolean">True</isGroupable><abortRunOnAgentFailure type="System.Boolean">False</abortRunOnAgentFailure><cssIteration type="System.String" /><workItemIds type="System.Collections.Generic.List`1[[System.Int32, mscorlib, Version=2.0.0.0, Culture=neutral, PublicKeyToken=b77a5c561934e089]]"><_size type="System.Int32">0</_size><_version type="System.Int32">1</_version></workItemIds><id type="Microsoft.VisualStudio.TestTools.Common.TestId"><id type="System.Guid">a0bc831e-0f29-968e-4451-1ccc63107960</id></id><name type="System.String">ShoeDescriptionTest</name><description type="System.String" /><enabled type="System.Boolean">True</enabled><owner type="System.String" /><priority type="System.Int32">0</priority><executionId type="Microsoft.VisualStudio.TestTools.Common.TestExecId"><id type="System.Guid">00000000-0000-0000-0000-000000000000</id></executionId><parentExecutId type="Microsoft.VisualStudio.TestTools.Common.TestExecId"><id type="System.Guid">00000000-0000-0000-0000-000000000000</id></parentExecutId><deploymentItems type="Microsoft.VisualStudio.TestTools.Common.DeploymentItemCollection" /><agentAttributes type="System.Collections.Specialized.StringDictionary, System, Version=2.0.0.0, Culture=neutral, PublicKeyToken=b77a5c561934e089" /><storage type="System.String">e:\projects\brownshoe\unit_tests\product\src\brownshoe\testing\unittests\bin\brownshoe.unittests.dll</storage><m_nonRunnableReason type="System.String" /></value><key type="Microsoft.VisualStudio.TestTools.Common.TestId"><id type="System.Guid">2ec15d24-eacd-aaca-ec09-b4e839bf9603</id></key><value type="Microsoft.VisualStudio.TestTools.TestTypes.Unit.UnitTestElement, Microsoft.VisualStudio.QualityTools.Tips.UnitTest.ObjectModel, Version=8.0.0.0, Culture=neutral, PublicKeyToken=b03f5f7f11d50a3a"><codeBase type="System.String">e:/projects/brownshoe/unit_tests/product/src/BrownShoe/Testing/UnitTests/bin/BrownShoe.UnitTests.DLL</codeBase><adapterTypeName type="System.String">Microsoft.VisualStudio.TestTools.TestTypes.Unit.UnitTestAdapter, Microsoft.VisualStudio.QualityTools.Tips.UnitTest.Adapter</adapterTypeName><testMethod type="Microsoft.VisualStudio.TestTools.TestTypes.Unit.TestMethod, Microsoft.VisualStudio.QualityTools.Tips.UnitTest.ObjectModel, Version=8.0.0.0, Culture=neutral, PublicKeyToken=b03f5f7f11d50a3a"><className type="System.String">BrownShoe.UnitTests.RetailApplicationCore.Profiles.ProfileControllerTest, BrownShoe.UnitTests, Version=1.0.0.0, Culture=neutral, PublicKeyToken=null</className><name type="System.String">SaveCheckoutAddressTest</name><expectedExceptionMessage type="System.String" /><isValid type="System.Boolean">False</isValid></testMethod><aspNetDevServers type="System.Collections.Generic.List`1[[Microsoft.VisualStudio.TestTools.Common.AspNetDevelopmentServer, Microsoft.VisualStudio.QualityTools.Common, Version=8.0.0.0, Culture=neutral, PublicKeyToken=b03f5f7f11d50a3a]]"><_size type="System.Int32">0</_size><_version type="System.Int32">0</_version></aspNetDevServers><dataAccessMethod type="Microsoft.VisualStudio.TestTools.UnitTesting.DataAccessMethod, Microsoft.VisualStudio.QualityTools.UnitTestFramework, Version=8.0.0.0, Culture=neutral, PublicKeyToken=b03f5f7f11d50a3a"><value__ type="System.Int32">0</value__></dataAccessMethod><cssProjectStructure type="System.String" /><isRunOnRestart type="System.Boolean">False</isRunOnRestart><timeOut type="System.Int32">0</timeOut><isGroupable type="System.Boolean">True</isGroupable><abortRunOnAgentFailure type="System.Boolean">False</abortRunOnAgentFailure><cssIteration type="System.String" /><workItemIds type="System.Collections.Generic.List`1[[System.Int32, mscorlib, Version=2.0.0.0, Culture=neutral, PublicKeyToken=b77a5c561934e089]]"><_size type="System.Int32">0</_size><_version type="System.Int32">1</_version></workItemIds><id type="Microsoft.VisualStudio.TestTools.Common.TestId"><id type="System.Guid">2ec15d24-eacd-aaca-ec09-b4e839bf9603</id></id><name type="System.String">SaveCheckoutAddressTest</name><description type="System.String" /><enabled type="System.Boolean">True</enabled><owner type="System.String" /><priority type="System.Int32">0</priority><executionId type="Microsoft.VisualStudio.TestTools.Common.TestExecId"><id type="System.Guid">00000000-0000-0000-0000-000000000000</id></executionId><parentExecutId type="Microsoft.VisualStudio.TestTools.Common.TestExecId"><id type="System.Guid">00000000-0000-0000-0000-000000000000</id></parentExecutId><deploymentItems type="Microsoft.VisualStudio.TestTools.Common.DeploymentItemCollection" /><agentAttributes type="System.Collections.Specialized.StringDictionary, System, Version=2.0.0.0, Culture=neutral, PublicKeyToken=b77a5c561934e089" /><storage type="System.String">e:\projects\brownshoe\unit_tests\product\src\brownshoe\testing\unittests\bin\brownshoe.unittests.dll</storage><m_nonRunnableReason type="System.String" /></value><key type="Microsoft.VisualStudio.TestTools.Common.TestId"><id type="System.Guid">6895f1f8-6e79-3a51-97e1-567b07e2d940</id></key><value type="Microsoft.VisualStudio.TestTools.TestTypes.Unit.UnitTestElement, Microsoft.VisualStudio.QualityTools.Tips.UnitTest.ObjectModel, Version=8.0.0.0, Culture=neutral, PublicKeyToken=b03f5f7f11d50a3a"><codeBase type="System.String">e:/projects/brownshoe/unit_tests/product/src/BrownShoe/Testing/UnitTests/bin/BrownShoe.UnitTests.DLL</codeBase><adapterTypeName type="System.String">Microsoft.VisualStudio.TestTools.TestTypes.Unit.UnitTestAdapter, Microsoft.VisualStudio.QualityTools.Tips.UnitTest.Adapter</adapterTypeName><testMethod type="Microsoft.VisualStudio.TestTools.TestTypes.Unit.TestMethod, Microsoft.VisualStudio.QualityTools.Tips.UnitTest.ObjectModel, Version=8.0.0.0, Culture=neutral, PublicKeyToken=b03f5f7f11d50a3a"><className type="System.String">BrownShoe.UnitTests.Services.Madison.StoreLocationTest, BrownShoe.UnitTests, Version=1.0.0.0, Culture=neutral, PublicKeyToken=null</className><name type="System.String">QuantityTest</name><expectedExceptionMessage type="System.String" /><isValid type="System.Boolean">False</isValid></testMethod><aspNetDevServers type="System.Collections.Generic.List`1[[Microsoft.VisualStudio.TestTools.Common.AspNetDevelopmentServer, Microsoft.VisualStudio.QualityTools.Common, Version=8.0.0.0, Culture=neutral, PublicKeyToken=b03f5f7f11d50a3a]]"><_size type="System.Int32">0</_size><_version type="System.Int32">0</_version></aspNetDevServers><dataAccessMethod type="Microsoft.VisualStudio.TestTools.UnitTesting.DataAccessMethod, Microsoft.VisualStudio.QualityTools.UnitTestFramework, Version=8.0.0.0, Culture=neutral, PublicKeyToken=b03f5f7f11d50a3a"><value__ type="System.Int32">0</value__></dataAccessMethod><cssProjectStructure type="System.String" /><isRunOnRestart type="System.Boolean">False</isRunOnRestart><timeOut type="System.Int32">0</timeOut><isGroupable type="System.Boolean">True</isGroupable><abortRunOnAgentFailure type="System.Boolean">False</abortRunOnAgentFailure><cssIteration type="System.String" /><workItemIds type="System.Collections.Generic.List`1[[System.Int32, mscorlib, Version=2.0.0.0, Culture=neutral, PublicKeyToken=b77a5c561934e089]]"><_size type="System.Int32">0</_size><_version type="System.Int32">1</_version></workItemIds><id type="Microsoft.VisualStudio.TestTools.Common.TestId"><id type="System.Guid">6895f1f8-6e79-3a51-97e1-567b07e2d940</id></id><name type="System.String">QuantityTest</name><description type="System.String" /><enabled type="System.Boolean">True</enabled><owner type="System.String" /><priority type="System.Int32">0</priority><executionId type="Microsoft.VisualStudio.TestTools.Common.TestExecId"><id type="System.Guid">00000000-0000-0000-0000-000000000000</id></executionId><parentExecutId type="Microsoft.VisualStudio.TestTools.Common.TestExecId"><id type="System.Guid">00000000-0000-0000-0000-000000000000</id></parentExecutId><deploymentItems type="Microsoft.VisualStudio.TestTools.Common.DeploymentItemCollection" /><agentAttributes type="System.Collections.Specialized.StringDictionary, System, Version=2.0.0.0, Culture=neutral, PublicKeyToken=b77a5c561934e089" /><storage type="System.String">e:\projects\brownshoe\unit_tests\product\src\brownshoe\testing\unittests\bin\brownshoe.unittests.dll</storage><m_nonRunnableReason type="System.String" /></value><key type="Microsoft.VisualStudio.TestTools.Common.TestId"><id type="System.Guid">59c30192-8ed1-0ed5-f658-2191b8edf611</id></key><value type="Microsoft.VisualStudio.TestTools.TestTypes.Unit.UnitTestElement, Microsoft.VisualStudio.QualityTools.Tips.UnitTest.ObjectModel, Version=8.0.0.0, Culture=neutral, PublicKeyToken=b03f5f7f11d50a3a"><codeBase type="System.String">e:/projects/brownshoe/unit_tests/product/src/BrownShoe/Testing/UnitTests/bin/BrownShoe.UnitTests.DLL</codeBase><adapterTypeName type="System.String">Microsoft.VisualStudio.TestTools.TestTypes.Unit.UnitTestAdapter, Microsoft.VisualStudio.QualityTools.Tips.UnitTest.Adapter</adapterTypeName><testMethod type="Microsoft.VisualStudio.TestTools.TestTypes.Unit.TestMethod, Microsoft.VisualStudio.QualityTools.Tips.UnitTest.ObjectModel, Version=8.0.0.0, Culture=neutral, PublicKeyToken=b03f5f7f11d50a3a"><className type="System.String">BrownShoe.UnitTests.Services.ContentManagement.CMServiceTest, BrownShoe.UnitTests, Version=1.0.0.0, Culture=neutral, PublicKeyToken=null</className><name type="System.String">GetContentPageTest</name><expectedExceptionMessage type="System.String" /><isValid type="System.Boolean">False</isValid></testMethod><aspNetDevServers type="System.Collections.Generic.List`1[[Microsoft.VisualStudio.TestTools.Common.AspNetDevelopmentServer, Microsoft.VisualStudio.QualityTools.Common, Version=8.0.0.0, Culture=neutral, PublicKeyToken=b03f5f7f11d50a3a]]"><_size type="System.Int32">0</_size><_version type="System.Int32">0</_version></aspNetDevServers><dataAccessMethod type="Microsoft.VisualStudio.TestTools.UnitTesting.DataAccessMethod, Microsoft.VisualStudio.QualityTools.UnitTestFramework, Version=8.0.0.0, Culture=neutral, PublicKeyToken=b03f5f7f11d50a3a"><value__ type="System.Int32">0</value__></dataAccessMethod><cssProjectStructure type="System.String" /><isRunOnRestart type="System.Boolean">False</isRunOnRestart><timeOut type="System.Int32">0</timeOut><isGroupable type="System.Boolean">True</isGroupable><abortRunOnAgentFailure type="System.Boolean">False</abortRunOnAgentFailure><cssIteration type="System.String" /><workItemIds type="System.Collections.Generic.List`1[[System.Int32, mscorlib, Version=2.0.0.0, Culture=neutral, PublicKeyToken=b77a5c561934e089]]"><_size type="System.Int32">0</_size><_version type="System.Int32">1</_version></workItemIds><id type="Microsoft.VisualStudio.TestTools.Common.TestId"><id type="System.Guid">59c30192-8ed1-0ed5-f658-2191b8edf611</id></id><name type="System.String">GetContentPageTest</name><description type="System.String" /><enabled type="System.Boolean">True</enabled><owner type="System.String" /><priority type="System.Int32">0</priority><executionId type="Microsoft.VisualStudio.TestTools.Common.TestExecId"><id type="System.Guid">00000000-0000-0000-0000-000000000000</id></executionId><parentExecutId type="Microsoft.VisualStudio.TestTools.Common.TestExecId"><id type="System.Guid">00000000-0000-0000-0000-000000000000</id></parentExecutId><deploymentItems type="Microsoft.VisualStudio.TestTools.Common.DeploymentItemCollection" /><agentAttributes type="System.Collections.Specialized.StringDictionary, System, Version=2.0.0.0, Culture=neutral, PublicKeyToken=b77a5c561934e089" /><storage type="System.String">e:\projects\brownshoe\unit_tests\product\src\brownshoe\testing\unittests\bin\brownshoe.unittests.dll</storage><m_nonRunnableReason type="System.String" /></value><key type="Microsoft.VisualStudio.TestTools.Common.TestId"><id type="System.Guid">872943a0-ffd3-eec5-a642-ace349b0b594</id></key><value type="Microsoft.VisualStudio.TestTools.TestTypes.Unit.UnitTestElement, Microsoft.VisualStudio.QualityTools.Tips.UnitTest.ObjectModel, Version=8.0.0.0, Culture=neutral, PublicKeyToken=b03f5f7f11d50a3a"><codeBase type="System.String">e:/projects/brownshoe/unit_tests/product/src/BrownShoe/Testing/UnitTests/bin/BrownShoe.UnitTests.DLL</codeBase><adapterTypeName type="System.String">Microsoft.VisualStudio.TestTools.TestTypes.Unit.UnitTestAdapter, Microsoft.VisualStudio.QualityTools.Tips.UnitTest.Adapter</adapterTypeName><testMethod type="Microsoft.VisualStudio.TestTools.TestTypes.Unit.TestMethod, Microsoft.VisualStudio.QualityTools.Tips.UnitTest.ObjectModel, Version=8.0.0.0, Culture=neutral, PublicKeyToken=b03f5f7f11d50a3a"><className type="System.String">BrownShoe.UnitTests.RetailApplicationCore.Validators.AddressValidatorTest, BrownShoe.UnitTests, Version=1.0.0.0, Culture=neutral, PublicKeyToken=null</className><name type="System.String">IsValidZipTest</name><expectedExceptionMessage type="System.String" /><isValid type="System.Boolean">False</isValid></testMethod><aspNetDevServers type="System.Collections.Generic.List`1[[Microsoft.VisualStudio.TestTools.Common.AspNetDevelopmentServer, Microsoft.VisualStudio.QualityTools.Common, Version=8.0.0.0, Culture=neutral, PublicKeyToken=b03f5f7f11d50a3a]]"><_size type="System.Int32">0</_size><_version type="System.Int32">0</_version></aspNetDevServers><dataAccessMethod type="Microsoft.VisualStudio.TestTools.UnitTesting.DataAccessMethod, Microsoft.VisualStudio.QualityTools.UnitTestFramework, Version=8.0.0.0, Culture=neutral, PublicKeyToken=b03f5f7f11d50a3a"><value__ type="System.Int32">0</value__></dataAccessMethod><cssProjectStructure type="System.String" /><isRunOnRestart type="System.Boolean">False</isRunOnRestart><timeOut type="System.Int32">0</timeOut><isGroupable type="System.Boolean">True</isGroupable><abortRunOnAgentFailure type="System.Boolean">False</abortRunOnAgentFailure><cssIteration type="System.String" /><workItemIds type="System.Collections.Generic.List`1[[System.Int32, mscorlib, Version=2.0.0.0, Culture=neutral, PublicKeyToken=b77a5c561934e089]]"><_size type="System.Int32">0</_size><_version type="System.Int32">1</_version></workItemIds><id type="Microsoft.VisualStudio.TestTools.Common.TestId"><id type="System.Guid">872943a0-ffd3-eec5-a642-ace349b0b594</id></id><name type="System.String">IsValidZipTest</name><description type="System.String" /><enabled type="System.Boolean">True</enabled><owner type="System.String" /><priority type="System.Int32">0</priority><executionId type="Microsoft.VisualStudio.TestTools.Common.TestExecId"><id type="System.Guid">00000000-0000-0000-0000-000000000000</id></executionId><parentExecutId type="Microsoft.VisualStudio.TestTools.Common.TestExecId"><id type="System.Guid">00000000-0000-0000-0000-000000000000</id></parentExecutId><deploymentItems type="Microsoft.VisualStudio.TestTools.Common.DeploymentItemCollection" /><agentAttributes type="System.Collections.Specialized.StringDictionary, System, Version=2.0.0.0, Culture=neutral, PublicKeyToken=b77a5c561934e089" /><storage type="System.String">e:\projects\brownshoe\unit_tests\product\src\brownshoe\testing\unittests\bin\brownshoe.unittests.dll</storage><m_nonRunnableReason type="System.String" /></value><key type="Microsoft.VisualStudio.TestTools.Common.TestId"><id type="System.Guid">9597b72f-4882-e859-71f1-0ee76c5916d5</id></key><value type="Microsoft.VisualStudio.TestTools.TestTypes.Unit.UnitTestElement, Microsoft.VisualStudio.QualityTools.Tips.UnitTest.ObjectModel, Version=8.0.0.0, Culture=neutral, PublicKeyToken=b03f5f7f11d50a3a"><codeBase type="System.String">e:/projects/brownshoe/unit_tests/product/src/BrownShoe/Testing/UnitTests/bin/BrownShoe.UnitTests.DLL</codeBase><adapterTypeName type="System.String">Microsoft.VisualStudio.TestTools.TestTypes.Unit.UnitTestAdapter, Microsoft.VisualStudio.QualityTools.Tips.UnitTest.Adapter</adapterTypeName><testMethod type="Microsoft.VisualStudio.TestTools.TestTypes.Unit.TestMethod, Microsoft.VisualStudio.QualityTools.Tips.UnitTest.ObjectModel, Version=8.0.0.0, Culture=neutral, PublicKeyToken=b03f5f7f11d50a3a"><className type="System.String">BrownShoe.UnitTests.Services.Navigation.AffiliatePartnerServiceTest, BrownShoe.UnitTests, Version=1.0.0.0, Culture=neutral, PublicKeyToken=null</className><name type="System.String">AddPromoCodeTest</name><expectedExceptionMessage type="System.String" /><isValid type="System.Boolean">False</isValid></testMethod><aspNetDevServers type="System.Collections.Generic.List`1[[Microsoft.VisualStudio.TestTools.Common.AspNetDevelopmentServer, Microsoft.VisualStudio.QualityTools.Common, Version=8.0.0.0, Culture=neutral, PublicKeyToken=b03f5f7f11d50a3a]]"><_size type="System.Int32">0</_size><_version type="System.Int32">0</_version></aspNetDevServers><dataAccessMethod type="Microsoft.VisualStudio.TestTools.UnitTesting.DataAccessMethod, Microsoft.VisualStudio.QualityTools.UnitTestFramework, Version=8.0.0.0, Culture=neutral, PublicKeyToken=b03f5f7f11d50a3a"><value__ type="System.Int32">0</value__></dataAccessMethod><cssProjectStructure type="System.String" /><isRunOnRestart type="System.Boolean">False</isRunOnRestart><timeOut type="System.Int32">0</timeOut><isGroupable type="System.Boolean">True</isGroupable><abortRunOnAgentFailure type="System.Boolean">False</abortRunOnAgentFailure><cssIteration type="System.String" /><workItemIds type="System.Collections.Generic.List`1[[System.Int32, mscorlib, Version=2.0.0.0, Culture=neutral, PublicKeyToken=b77a5c561934e089]]"><_size type="System.Int32">0</_size><_version type="System.Int32">1</_version></workItemIds><id type="Microsoft.VisualStudio.TestTools.Common.TestId"><id type="System.Guid">9597b72f-4882-e859-71f1-0ee76c5916d5</id></id><name type="System.String">AddPromoCodeTest</name><description type="System.String" /><enabled type="System.Boolean">True</enabled><owner type="System.String" /><priority type="System.Int32">0</priority><executionId type="Microsoft.VisualStudio.TestTools.Common.TestExecId"><id type="System.Guid">00000000-0000-0000-0000-000000000000</id></executionId><parentExecutId type="Microsoft.VisualStudio.TestTools.Common.TestExecId"><id type="System.Guid">00000000-0000-0000-0000-000000000000</id></parentExecutId><deploymentItems type="Microsoft.VisualStudio.TestTools.Common.DeploymentItemCollection" /><agentAttributes type="System.Collections.Specialized.StringDictionary, System, Version=2.0.0.0, Culture=neutral, PublicKeyToken=b77a5c561934e089" /><storage type="System.String">e:\projects\brownshoe\unit_tests\product\src\brownshoe\testing\unittests\bin\brownshoe.unittests.dll</storage><m_nonRunnableReason type="System.String" /></value><key type="Microsoft.VisualStudio.TestTools.Common.TestId"><id type="System.Guid">9afa7768-6be5-fc81-97fe-5cdefa273e68</id></key><value type="Microsoft.VisualStudio.TestTools.TestTypes.Unit.UnitTestElement, Microsoft.VisualStudio.QualityTools.Tips.UnitTest.ObjectModel, Version=8.0.0.0, Culture=neutral, PublicKeyToken=b03f5f7f11d50a3a"><codeBase type="System.String">e:/projects/brownshoe/unit_tests/product/src/BrownShoe/Testing/UnitTests/bin/BrownShoe.UnitTests.DLL</codeBase><adapterTypeName type="System.String">Microsoft.VisualStudio.TestTools.TestTypes.Unit.UnitTestAdapter, Microsoft.VisualStudio.QualityTools.Tips.UnitTest.Adapter</adapterTypeName><testMethod type="Microsoft.VisualStudio.TestTools.TestTypes.Unit.TestMethod, Microsoft.VisualStudio.QualityTools.Tips.UnitTest.ObjectModel, Version=8.0.0.0, Culture=neutral, PublicKeyToken=b03f5f7f11d50a3a"><className type="System.String">BrownShoe.UnitTests.Services.DataAccess.SysMonDBTest, BrownShoe.UnitTests, Version=1.0.0.0, Culture=neutral, PublicKeyToken=null</className><name type="System.String">LogErrorToApplicationLog1Test</name><expectedExceptionMessage type="System.String" /><isValid type="System.Boolean">False</isValid></testMethod><aspNetDevServers type="System.Collections.Generic.List`1[[Microsoft.VisualStudio.TestTools.Common.AspNetDevelopmentServer, Microsoft.VisualStudio.QualityTools.Common, Version=8.0.0.0, Culture=neutral, PublicKeyToken=b03f5f7f11d50a3a]]"><_size type="System.Int32">0</_size><_version type="System.Int32">0</_version></aspNetDevServers><dataAccessMethod type="Microsoft.VisualStudio.TestTools.UnitTesting.DataAccessMethod, Microsoft.VisualStudio.QualityTools.UnitTestFramework, Version=8.0.0.0, Culture=neutral, PublicKeyToken=b03f5f7f11d50a3a"><value__ type="System.Int32">0</value__></dataAccessMethod><cssProjectStructure type="System.String" /><isRunOnRestart type="System.Boolean">False</isRunOnRestart><timeOut type="System.Int32">0</timeOut><isGroupable type="System.Boolean">True</isGroupable><abortRunOnAgentFailure type="System.Boolean">False</abortRunOnAgentFailure><cssIteration type="System.String" /><workItemIds type="System.Collections.Generic.List`1[[System.Int32, mscorlib, Version=2.0.0.0, Culture=neutral, PublicKeyToken=b77a5c561934e089]]"><_size type="System.Int32">0</_size><_version type="System.Int32">1</_version></workItemIds><id type="Microsoft.VisualStudio.TestTools.Common.TestId"><id type="System.Guid">9afa7768-6be5-fc81-97fe-5cdefa273e68</id></id><name type="System.String">LogErrorToApplicationLog1Test</name><description type="System.String" /><enabled type="System.Boolean">True</enabled><owner type="System.String" /><priority type="System.Int32">0</priority><executionId type="Microsoft.VisualStudio.TestTools.Common.TestExecId"><id type="System.Guid">00000000-0000-0000-0000-000000000000</id></executionId><parentExecutId type="Microsoft.VisualStudio.TestTools.Common.TestExecId"><id type="System.Guid">00000000-0000-0000-0000-000000000000</id></parentExecutId><deploymentItems type="Microsoft.VisualStudio.TestTools.Common.DeploymentItemCollection" /><agentAttributes type="System.Collections.Specialized.StringDictionary, System, Version=2.0.0.0, Culture=neutral, PublicKeyToken=b77a5c561934e089" /><storage type="System.String">e:\projects\brownshoe\unit_tests\product\src\brownshoe\testing\unittests\bin\brownshoe.unittests.dll</storage><m_nonRunnableReason type="System.String" /></value><key type="Microsoft.VisualStudio.TestTools.Common.TestId"><id type="System.Guid">c2810122-2597-e618-c5e6-41eea18ea177</id></key><value type="Microsoft.VisualStudio.TestTools.TestTypes.Unit.UnitTestElement, Microsoft.VisualStudio.QualityTools.Tips.UnitTest.ObjectModel, Version=8.0.0.0, Culture=neutral, PublicKeyToken=b03f5f7f11d50a3a"><codeBase type="System.String">e:/projects/brownshoe/unit_tests/product/src/BrownShoe/Testing/UnitTests/bin/BrownShoe.UnitTests.DLL</codeBase><adapterTypeName type="System.String">Microsoft.VisualStudio.TestTools.TestTypes.Unit.UnitTestAdapter, Microsoft.VisualStudio.QualityTools.Tips.UnitTest.Adapter</adapterTypeName><testMethod type="Microsoft.VisualStudio.TestTools.TestTypes.Unit.TestMethod, Microsoft.VisualStudio.QualityTools.Tips.UnitTest.ObjectModel, Version=8.0.0.0, Culture=neutral, PublicKeyToken=b03f5f7f11d50a3a"><className type="System.String">BrownShoe.UnitTests.Services.Profiles.ProfileServiceTest, BrownShoe.UnitTests, Version=1.0.0.0, Culture=neutral, PublicKeyToken=null</className><name type="System.String">UpdateCreditCardTest</name><expectedExceptionMessage type="System.String" /><isValid type="System.Boolean">False</isValid></testMethod><aspNetDevServers type="System.Collections.Generic.List`1[[Microsoft.VisualStudio.TestTools.Common.AspNetDevelopmentServer, Microsoft.VisualStudio.QualityTools.Common, Version=8.0.0.0, Culture=neutral, PublicKeyToken=b03f5f7f11d50a3a]]"><_size type="System.Int32">0</_size><_version type="System.Int32">0</_version></aspNetDevServers><dataAccessMethod type="Microsoft.VisualStudio.TestTools.UnitTesting.DataAccessMethod, Microsoft.VisualStudio.QualityTools.UnitTestFramework, Version=8.0.0.0, Culture=neutral, PublicKeyToken=b03f5f7f11d50a3a"><value__ type="System.Int32">0</value__></dataAccessMethod><cssProjectStructure type="System.String" /><isRunOnRestart type="System.Boolean">False</isRunOnRestart><timeOut type="System.Int32">0</timeOut><isGroupable type="System.Boolean">True</isGroupable><abortRunOnAgentFailure type="System.Boolean">False</abortRunOnAgentFailure><cssIteration type="System.String" /><workItemIds type="System.Collections.Generic.List`1[[System.Int32, mscorlib, Version=2.0.0.0, Culture=neutral, PublicKeyToken=b77a5c561934e089]]"><_size type="System.Int32">0</_size><_version type="System.Int32">1</_version></workItemIds><id type="Microsoft.VisualStudio.TestTools.Common.TestId"><id type="System.Guid">c2810122-2597-e618-c5e6-41eea18ea177</id></id><name type="System.String">UpdateCreditCardTest</name><description type="System.String" /><enabled type="System.Boolean">True</enabled><owner type="System.String" /><priority type="System.Int32">0</priority><executionId type="Microsoft.VisualStudio.TestTools.Common.TestExecId"><id type="System.Guid">00000000-0000-0000-0000-000000000000</id></executionId><parentExecutId type="Microsoft.VisualStudio.TestTools.Common.TestExecId"><id type="System.Guid">00000000-0000-0000-0000-000000000000</id></parentExecutId><deploymentItems type="Microsoft.VisualStudio.TestTools.Common.DeploymentItemCollection" /><agentAttributes type="System.Collections.Specialized.StringDictionary, System, Version=2.0.0.0, Culture=neutral, PublicKeyToken=b77a5c561934e089" /><storage type="System.String">e:\projects\brownshoe\unit_tests\product\src\brownshoe\testing\unittests\bin\brownshoe.unittests.dll</storage><m_nonRunnableReason type="System.String" /></value><key type="Microsoft.VisualStudio.TestTools.Common.TestId"><id type="System.Guid">419eb8dc-1c19-c220-02f2-333b2f77ab98</id></key><value type="Microsoft.VisualStudio.TestTools.TestTypes.Unit.UnitTestElement, Microsoft.VisualStudio.QualityTools.Tips.UnitTest.ObjectModel, Version=8.0.0.0, Culture=neutral, PublicKeyToken=b03f5f7f11d50a3a"><codeBase type="System.String">e:/projects/brownshoe/unit_tests/product/src/BrownShoe/Testing/UnitTests/bin/BrownShoe.UnitTests.DLL</codeBase><adapterTypeName type="System.String">Microsoft.VisualStudio.TestTools.TestTypes.Unit.UnitTestAdapter, Microsoft.VisualStudio.QualityTools.Tips.UnitTest.Adapter</adapterTypeName><testMethod type="Microsoft.VisualStudio.TestTools.TestTypes.Unit.TestMethod, Microsoft.VisualStudio.QualityTools.Tips.UnitTest.ObjectModel, Version=8.0.0.0, Culture=neutral, PublicKeyToken=b03f5f7f11d50a3a"><className type="System.String">BrownShoe.UnitTests.Services.ContentManagement.CMServiceTest, BrownShoe.UnitTests, Version=1.0.0.0, Culture=neutral, PublicKeyToken=null</className><name type="System.String">PreProcessContentTest</name><expectedExceptionMessage type="System.String" /><isValid type="System.Boolean">False</isValid></testMethod><aspNetDevServers type="System.Collections.Generic.List`1[[Microsoft.VisualStudio.TestTools.Common.AspNetDevelopmentServer, Microsoft.VisualStudio.QualityTools.Common, Version=8.0.0.0, Culture=neutral, PublicKeyToken=b03f5f7f11d50a3a]]"><_size type="System.Int32">0</_size><_version type="System.Int32">0</_version></aspNetDevServers><dataAccessMethod type="Microsoft.VisualStudio.TestTools.UnitTesting.DataAccessMethod, Microsoft.VisualStudio.QualityTools.UnitTestFramework, Version=8.0.0.0, Culture=neutral, PublicKeyToken=b03f5f7f11d50a3a"><value__ type="System.Int32">0</value__></dataAccessMethod><cssProjectStructure type="System.String" /><isRunOnRestart type="System.Boolean">False</isRunOnRestart><timeOut type="System.Int32">0</timeOut><isGroupable type="System.Boolean">True</isGroupable><abortRunOnAgentFailure type="System.Boolean">False</abortRunOnAgentFailure><cssIteration type="System.String" /><workItemIds type="System.Collections.Generic.List`1[[System.Int32, mscorlib, Version=2.0.0.0, Culture=neutral, PublicKeyToken=b77a5c561934e089]]"><_size type="System.Int32">0</_size><_version type="System.Int32">1</_version></workItemIds><id type="Microsoft.VisualStudio.TestTools.Common.TestId"><id type="System.Guid">419eb8dc-1c19-c220-02f2-333b2f77ab98</id></id><name type="System.String">PreProcessContentTest</name><description type="System.String" /><enabled type="System.Boolean">True</enabled><owner type="System.String" /><priority type="System.Int32">0</priority><executionId type="Microsoft.VisualStudio.TestTools.Common.TestExecId"><id type="System.Guid">00000000-0000-0000-0000-000000000000</id></executionId><parentExecutId type="Microsoft.VisualStudio.TestTools.Common.TestExecId"><id type="System.Guid">00000000-0000-0000-0000-000000000000</id></parentExecutId><deploymentItems type="Microsoft.VisualStudio.TestTools.Common.DeploymentItemCollection" /><agentAttributes type="System.Collections.Specialized.StringDictionary, System, Version=2.0.0.0, Culture=neutral, PublicKeyToken=b77a5c561934e089" /><storage type="System.String">e:\projects\brownshoe\unit_tests\product\src\brownshoe\testing\unittests\bin\brownshoe.unittests.dll</storage><m_nonRunnableReason type="System.String" /></value><key type="Microsoft.VisualStudio.TestTools.Common.TestId"><id type="System.Guid">fba59362-f330-4c39-19cb-6e3a625c420b</id></key><value type="Microsoft.VisualStudio.TestTools.TestTypes.Unit.UnitTestElement, Microsoft.VisualStudio.QualityTools.Tips.UnitTest.ObjectModel, Version=8.0.0.0, Culture=neutral, PublicKeyToken=b03f5f7f11d50a3a"><codeBase type="System.String">e:/projects/brownshoe/unit_tests/product/src/BrownShoe/Testing/UnitTests/bin/BrownShoe.UnitTests.DLL</codeBase><adapterTypeName type="System.String">Microsoft.VisualStudio.TestTools.TestTypes.Unit.UnitTestAdapter, Microsoft.VisualStudio.QualityTools.Tips.UnitTest.Adapter</adapterTypeName><testMethod type="Microsoft.VisualStudio.TestTools.TestTypes.Unit.TestMethod, Microsoft.VisualStudio.QualityTools.Tips.UnitTest.ObjectModel, Version=8.0.0.0, Culture=neutral, PublicKeyToken=b03f5f7f11d50a3a"><className type="System.String">BrownShoe.UnitTests.Services.DataAccess.SysMonDBTest, BrownShoe.UnitTests, Version=1.0.0.0, Culture=neutral, PublicKeyToken=null</className><name type="System.String">Test_InputQ1Test</name><expectedExceptionMessage type="System.String" /><isValid type="System.Boolean">False</isValid></testMethod><aspNetDevServers type="System.Collections.Generic.List`1[[Microsoft.VisualStudio.TestTools.Common.AspNetDevelopmentServer, Microsoft.VisualStudio.QualityTools.Common, Version=8.0.0.0, Culture=neutral, PublicKeyToken=b03f5f7f11d50a3a]]"><_size type="System.Int32">0</_size><_version type="System.Int32">0</_version></aspNetDevServers><dataAccessMethod type="Microsoft.VisualStudio.TestTools.UnitTesting.DataAccessMethod, Microsoft.VisualStudio.QualityTools.UnitTestFramework, Version=8.0.0.0, Culture=neutral, PublicKeyToken=b03f5f7f11d50a3a"><value__ type="System.Int32">0</value__></dataAccessMethod><cssProjectStructure type="System.String" /><isRunOnRestart type="System.Boolean">False</isRunOnRestart><timeOut type="System.Int32">0</timeOut><isGroupable type="System.Boolean">True</isGroupable><abortRunOnAgentFailure type="System.Boolean">False</abortRunOnAgentFailure><cssIteration type="System.String" /><workItemIds type="System.Collections.Generic.List`1[[System.Int32, mscorlib, Version=2.0.0.0, Culture=neutral, PublicKeyToken=b77a5c561934e089]]"><_size type="System.Int32">0</_size><_version type="System.Int32">1</_version></workItemIds><id type="Microsoft.VisualStudio.TestTools.Common.TestId"><id type="System.Guid">fba59362-f330-4c39-19cb-6e3a625c420b</id></id><name type="System.String">Test_InputQ1Test</name><description type="System.String" /><enabled type="System.Boolean">True</enabled><owner type="System.String" /><priority type="System.Int32">0</priority><executionId type="Microsoft.VisualStudio.TestTools.Common.TestExecId"><id type="System.Guid">00000000-0000-0000-0000-000000000000</id></executionId><parentExecutId type="Microsoft.VisualStudio.TestTools.Common.TestExecId"><id type="System.Guid">00000000-0000-0000-0000-000000000000</id></parentExecutId><deploymentItems type="Microsoft.VisualStudio.TestTools.Common.DeploymentItemCollection" /><agentAttributes type="System.Collections.Specialized.StringDictionary, System, Version=2.0.0.0, Culture=neutral, PublicKeyToken=b77a5c561934e089" /><storage type="System.String">e:\projects\brownshoe\unit_tests\product\src\brownshoe\testing\unittests\bin\brownshoe.unittests.dll</storage><m_nonRunnableReason type="System.String" /></value><key type="Microsoft.VisualStudio.TestTools.Common.TestId"><id type="System.Guid">6d2b8f48-0231-7d3a-ab46-c0fdd3e0743b</id></key><value type="Microsoft.VisualStudio.TestTools.TestTypes.Unit.UnitTestElement, Microsoft.VisualStudio.QualityTools.Tips.UnitTest.ObjectModel, Version=8.0.0.0, Culture=neutral, PublicKeyToken=b03f5f7f11d50a3a"><codeBase type="System.String">e:/projects/brownshoe/unit_tests/product/src/BrownShoe/Testing/UnitTests/bin/BrownShoe.UnitTests.DLL</codeBase><adapterTypeName type="System.String">Microsoft.VisualStudio.TestTools.TestTypes.Unit.UnitTestAdapter, Microsoft.VisualStudio.QualityTools.Tips.UnitTest.Adapter</adapterTypeName><testMethod type="Microsoft.VisualStudio.TestTools.TestTypes.Unit.TestMethod, Microsoft.VisualStudio.QualityTools.Tips.UnitTest.ObjectModel, Version=8.0.0.0, Culture=neutral, PublicKeyToken=b03f5f7f11d50a3a"><className type="System.String">BrownShoe.UnitTests.Services.Orders.CheckoutServiceTest, BrownShoe.UnitTests, Version=1.0.0.0, Culture=neutral, PublicKeyToken=null</className><name type="System.String">GetPurchaseOrderTest</name><expectedExceptionMessage type="System.String" /><isValid type="System.Boolean">False</isValid></testMethod><aspNetDevServers type="System.Collections.Generic.List`1[[Microsoft.VisualStudio.TestTools.Common.AspNetDevelopmentServer, Microsoft.VisualStudio.QualityTools.Common, Version=8.0.0.0, Culture=neutral, PublicKeyToken=b03f5f7f11d50a3a]]"><_size type="System.Int32">0</_size><_version type="System.Int32">0</_version></aspNetDevServers><dataAccessMethod type="Microsoft.VisualStudio.TestTools.UnitTesting.DataAccessMethod, Microsoft.VisualStudio.QualityTools.UnitTestFramework, Version=8.0.0.0, Culture=neutral, PublicKeyToken=b03f5f7f11d50a3a"><value__ type="System.Int32">0</value__></dataAccessMethod><cssProjectStructure type="System.String" /><isRunOnRestart type="System.Boolean">False</isRunOnRestart><timeOut type="System.Int32">0</timeOut><isGroupable type="System.Boolean">True</isGroupable><abortRunOnAgentFailure type="System.Boolean">False</abortRunOnAgentFailure><cssIteration type="System.String" /><workItemIds type="System.Collections.Generic.List`1[[System.Int32, mscorlib, Version=2.0.0.0, Culture=neutral, PublicKeyToken=b77a5c561934e089]]"><_size type="System.Int32">0</_size><_version type="System.Int32">1</_version></workItemIds><id type="Microsoft.VisualStudio.TestTools.Common.TestId"><id type="System.Guid">6d2b8f48-0231-7d3a-ab46-c0fdd3e0743b</id></id><name type="System.String">GetPurchaseOrderTest</name><description type="System.String" /><enabled type="System.Boolean">True</enabled><owner type="System.String" /><priority type="System.Int32">0</priority><executionId type="Microsoft.VisualStudio.TestTools.Common.TestExecId"><id type="System.Guid">00000000-0000-0000-0000-000000000000</id></executionId><parentExecutId type="Microsoft.VisualStudio.TestTools.Common.TestExecId"><id type="System.Guid">00000000-0000-0000-0000-000000000000</id></parentExecutId><deploymentItems type="Microsoft.VisualStudio.TestTools.Common.DeploymentItemCollection" /><agentAttributes type="System.Collections.Specialized.StringDictionary, System, Version=2.0.0.0, Culture=neutral, PublicKeyToken=b77a5c561934e089" /><storage type="System.String">e:\projects\brownshoe\unit_tests\product\src\brownshoe\testing\unittests\bin\brownshoe.unittests.dll</storage><m_nonRunnableReason type="System.String" /></value><key type="Microsoft.VisualStudio.TestTools.Common.TestId"><id type="System.Guid">fc4ef800-5802-e0dc-7c55-7c03d7b57e8c</id></key><value type="Microsoft.VisualStudio.TestTools.TestTypes.Unit.UnitTestElement, Microsoft.VisualStudio.QualityTools.Tips.UnitTest.ObjectModel, Version=8.0.0.0, Culture=neutral, PublicKeyToken=b03f5f7f11d50a3a"><codeBase type="System.String">e:/projects/brownshoe/unit_tests/product/src/BrownShoe/Testing/UnitTests/bin/BrownShoe.UnitTests.DLL</codeBase><adapterTypeName type="System.String">Microsoft.VisualStudio.TestTools.TestTypes.Unit.UnitTestAdapter, Microsoft.VisualStudio.QualityTools.Tips.UnitTest.Adapter</adapterTypeName><testMethod type="Microsoft.VisualStudio.TestTools.TestTypes.Unit.TestMethod, Microsoft.VisualStudio.QualityTools.Tips.UnitTest.ObjectModel, Version=8.0.0.0, Culture=neutral, PublicKeyToken=b03f5f7f11d50a3a"><className type="System.String">BrownShoe.UnitTests.DefaultShippingCalculatorTest, BrownShoe.UnitTests, Version=1.0.0.0, Culture=neutral, PublicKeyToken=null</className><name type="System.String">CalculateShippingContinentalUPSNextDayTest</name><expectedExceptionMessage type="System.String" /><isValid type="System.Boolean">False</isValid></testMethod><aspNetDevServers type="System.Collections.Generic.List`1[[Microsoft.VisualStudio.TestTools.Common.AspNetDevelopmentServer, Microsoft.VisualStudio.QualityTools.Common, Version=8.0.0.0, Culture=neutral, PublicKeyToken=b03f5f7f11d50a3a]]"><_size type="System.Int32">0</_size><_version type="System.Int32">0</_version></aspNetDevServers><dataAccessMethod type="Microsoft.VisualStudio.TestTools.UnitTesting.DataAccessMethod, Microsoft.VisualStudio.QualityTools.UnitTestFramework, Version=8.0.0.0, Culture=neutral, PublicKeyToken=b03f5f7f11d50a3a"><value__ type="System.Int32">0</value__></dataAccessMethod><cssProjectStructure type="System.String" /><isRunOnRestart type="System.Boolean">False</isRunOnRestart><timeOut type="System.Int32">0</timeOut><isGroupable type="System.Boolean">True</isGroupable><abortRunOnAgentFailure type="System.Boolean">False</abortRunOnAgentFailure><cssIteration type="System.String" /><workItemIds type="System.Collections.Generic.List`1[[System.Int32, mscorlib, Version=2.0.0.0, Culture=neutral, PublicKeyToken=b77a5c561934e089]]"><_size type="System.Int32">0</_size><_version type="System.Int32">1</_version></workItemIds><id type="Microsoft.VisualStudio.TestTools.Common.TestId"><id type="System.Guid">fc4ef800-5802-e0dc-7c55-7c03d7b57e8c</id></id><name type="System.String">CalculateShippingContinentalUPSNextDayTest</name><description type="System.String" /><enabled type="System.Boolean">True</enabled><owner type="System.String" /><priority type="System.Int32">0</priority><executionId type="Microsoft.VisualStudio.TestTools.Common.TestExecId"><id type="System.Guid">00000000-0000-0000-0000-000000000000</id></executionId><parentExecutId type="Microsoft.VisualStudio.TestTools.Common.TestExecId"><id type="System.Guid">00000000-0000-0000-0000-000000000000</id></parentExecutId><deploymentItems type="Microsoft.VisualStudio.TestTools.Common.DeploymentItemCollection" /><agentAttributes type="System.Collections.Specialized.StringDictionary, System, Version=2.0.0.0, Culture=neutral, PublicKeyToken=b77a5c561934e089" /><storage type="System.String">e:\projects\brownshoe\unit_tests\product\src\brownshoe\testing\unittests\bin\brownshoe.unittests.dll</storage><m_nonRunnableReason type="System.String" /></value><key type="Microsoft.VisualStudio.TestTools.Common.TestId"><id type="System.Guid">36af79db-49e3-d713-2756-45e0e8b8331f</id></key><value type="Microsoft.VisualStudio.TestTools.TestTypes.Unit.UnitTestElement, Microsoft.VisualStudio.QualityTools.Tips.UnitTest.ObjectModel, Version=8.0.0.0, Culture=neutral, PublicKeyToken=b03f5f7f11d50a3a"><codeBase type="System.String">e:/projects/brownshoe/unit_tests/product/src/BrownShoe/Testing/UnitTests/bin/BrownShoe.UnitTests.DLL</codeBase><adapterTypeName type="System.String">Microsoft.VisualStudio.TestTools.TestTypes.Unit.UnitTestAdapter, Microsoft.VisualStudio.QualityTools.Tips.UnitTest.Adapter</adapterTypeName><testMethod type="Microsoft.VisualStudio.TestTools.TestTypes.Unit.TestMethod, Microsoft.VisualStudio.QualityTools.Tips.UnitTest.ObjectModel, Version=8.0.0.0, Culture=neutral, PublicKeyToken=b03f5f7f11d50a3a"><className type="System.String">BrownShoe.UnitTests.Services.Endeca.EndecaServiceTest, BrownShoe.UnitTests, Version=1.0.0.0, Culture=neutral, PublicKeyToken=null</className><name type="System.String">SearchRecordTest</name><expectedExceptionMessage type="System.String" /><isValid type="System.Boolean">False</isValid></testMethod><aspNetDevServers type="System.Collections.Generic.List`1[[Microsoft.VisualStudio.TestTools.Common.AspNetDevelopmentServer, Microsoft.VisualStudio.QualityTools.Common, Version=8.0.0.0, Culture=neutral, PublicKeyToken=b03f5f7f11d50a3a]]"><_size type="System.Int32">0</_size><_version type="System.Int32">0</_version></aspNetDevServers><dataAccessMethod type="Microsoft.VisualStudio.TestTools.UnitTesting.DataAccessMethod, Microsoft.VisualStudio.QualityTools.UnitTestFramework, Version=8.0.0.0, Culture=neutral, PublicKeyToken=b03f5f7f11d50a3a"><value__ type="System.Int32">0</value__></dataAccessMethod><cssProjectStructure type="System.String" /><isRunOnRestart type="System.Boolean">False</isRunOnRestart><timeOut type="System.Int32">0</timeOut><isGroupable type="System.Boolean">True</isGroupable><abortRunOnAgentFailure type="System.Boolean">False</abortRunOnAgentFailure><cssIteration type="System.String" /><workItemIds type="System.Collections.Generic.List`1[[System.Int32, mscorlib, Version=2.0.0.0, Culture=neutral, PublicKeyToken=b77a5c561934e089]]"><_size type="System.Int32">0</_size><_version type="System.Int32">1</_version></workItemIds><id type="Microsoft.VisualStudio.TestTools.Common.TestId"><id type="System.Guid">36af79db-49e3-d713-2756-45e0e8b8331f</id></id><name type="System.String">SearchRecordTest</name><description type="System.String" /><enabled type="System.Boolean">True</enabled><owner type="System.String" /><priority type="System.Int32">0</priority><executionId type="Microsoft.VisualStudio.TestTools.Common.TestExecId"><id type="System.Guid">00000000-0000-0000-0000-000000000000</id></executionId><parentExecutId type="Microsoft.VisualStudio.TestTools.Common.TestExecId"><id type="System.Guid">00000000-0000-0000-0000-000000000000</id></parentExecutId><deploymentItems type="Microsoft.VisualStudio.TestTools.Common.DeploymentItemCollection" /><agentAttributes type="System.Collections.Specialized.StringDictionary, System, Version=2.0.0.0, Culture=neutral, PublicKeyToken=b77a5c561934e089" /><storage type="System.String">e:\projects\brownshoe\unit_tests\product\src\brownshoe\testing\unittests\bin\brownshoe.unittests.dll</storage><m_nonRunnableReason type="System.String" /></value><key type="Microsoft.VisualStudio.TestTools.Common.TestId"><id type="System.Guid">8044e7a0-0827-10bc-b5b9-b1af30e53df5</id></key><value type="Microsoft.VisualStudio.TestTools.TestTypes.Unit.UnitTestElement, Microsoft.VisualStudio.QualityTools.Tips.UnitTest.ObjectModel, Version=8.0.0.0, Culture=neutral, PublicKeyToken=b03f5f7f11d50a3a"><codeBase type="System.String">e:/projects/brownshoe/unit_tests/product/src/BrownShoe/Testing/UnitTests/bin/BrownShoe.UnitTests.DLL</codeBase><adapterTypeName type="System.String">Microsoft.VisualStudio.TestTools.TestTypes.Unit.UnitTestAdapter, Microsoft.VisualStudio.QualityTools.Tips.UnitTest.Adapter</adapterTypeName><testMethod type="Microsoft.VisualStudio.TestTools.TestTypes.Unit.TestMethod, Microsoft.VisualStudio.QualityTools.Tips.UnitTest.ObjectModel, Version=8.0.0.0, Culture=neutral, PublicKeyToken=b03f5f7f11d50a3a"><className type="System.String">BrownShoe.UnitTests.Services.ContentManagement.CMServiceTest, BrownShoe.UnitTests, Version=1.0.0.0, Culture=neutral, PublicKeyToken=null</className><name type="System.String">GetHeaderContentTest</name><expectedExceptionMessage type="System.String" /><isValid type="System.Boolean">False</isValid></testMethod><aspNetDevServers type="System.Collections.Generic.List`1[[Microsoft.VisualStudio.TestTools.Common.AspNetDevelopmentServer, Microsoft.VisualStudio.QualityTools.Common, Version=8.0.0.0, Culture=neutral, PublicKeyToken=b03f5f7f11d50a3a]]"><_size type="System.Int32">0</_size><_version type="System.Int32">0</_version></aspNetDevServers><dataAccessMethod type="Microsoft.VisualStudio.TestTools.UnitTesting.DataAccessMethod, Microsoft.VisualStudio.QualityTools.UnitTestFramework, Version=8.0.0.0, Culture=neutral, PublicKeyToken=b03f5f7f11d50a3a"><value__ type="System.Int32">0</value__></dataAccessMethod><cssProjectStructure type="System.String" /><isRunOnRestart type="System.Boolean">False</isRunOnRestart><timeOut type="System.Int32">0</timeOut><isGroupable type="System.Boolean">True</isGroupable><abortRunOnAgentFailure type="System.Boolean">False</abortRunOnAgentFailure><cssIteration type="System.String" /><workItemIds type="System.Collections.Generic.List`1[[System.Int32, mscorlib, Version=2.0.0.0, Culture=neutral, PublicKeyToken=b77a5c561934e089]]"><_size type="System.Int32">0</_size><_version type="System.Int32">1</_version></workItemIds><id type="Microsoft.VisualStudio.TestTools.Common.TestId"><id type="System.Guid">8044e7a0-0827-10bc-b5b9-b1af30e53df5</id></id><name type="System.String">GetHeaderContentTest</name><description type="System.String" /><enabled type="System.Boolean">True</enabled><owner type="System.String" /><priority type="System.Int32">0</priority><executionId type="Microsoft.VisualStudio.TestTools.Common.TestExecId"><id type="System.Guid">00000000-0000-0000-0000-000000000000</id></executionId><parentExecutId type="Microsoft.VisualStudio.TestTools.Common.TestExecId"><id type="System.Guid">00000000-0000-0000-0000-000000000000</id></parentExecutId><deploymentItems type="Microsoft.VisualStudio.TestTools.Common.DeploymentItemCollection" /><agentAttributes type="System.Collections.Specialized.StringDictionary, System, Version=2.0.0.0, Culture=neutral, PublicKeyToken=b77a5c561934e089" /><storage type="System.String">e:\projects\brownshoe\unit_tests\product\src\brownshoe\testing\unittests\bin\brownshoe.unittests.dll</storage><m_nonRunnableReason type="System.String" /></value><key type="Microsoft.VisualStudio.TestTools.Common.TestId"><id type="System.Guid">fb016efd-ee83-669d-1f45-baa4c1770507</id></key><value type="Microsoft.VisualStudio.TestTools.TestTypes.Unit.UnitTestElement, Microsoft.VisualStudio.QualityTools.Tips.UnitTest.ObjectModel, Version=8.0.0.0, Culture=neutral, PublicKeyToken=b03f5f7f11d50a3a"><codeBase type="System.String">e:/projects/brownshoe/unit_tests/product/src/BrownShoe/Testing/UnitTests/bin/BrownShoe.UnitTests.DLL</codeBase><adapterTypeName type="System.String">Microsoft.VisualStudio.TestTools.TestTypes.Unit.UnitTestAdapter, Microsoft.VisualStudio.QualityTools.Tips.UnitTest.Adapter</adapterTypeName><testMethod type="Microsoft.VisualStudio.TestTools.TestTypes.Unit.TestMethod, Microsoft.VisualStudio.QualityTools.Tips.UnitTest.ObjectModel, Version=8.0.0.0, Culture=neutral, PublicKeyToken=b03f5f7f11d50a3a"><className type="System.String">BrownShoe.UnitTests.Services.ContentManagement.CMTokenServiceTest, BrownShoe.UnitTests, Version=1.0.0.0, Culture=neutral, PublicKeyToken=null</className><name type="System.String">GetBrandDescriptionTest</name><expectedExceptionMessage type="System.String" /><isValid type="System.Boolean">False</isValid></testMethod><aspNetDevServers type="System.Collections.Generic.List`1[[Microsoft.VisualStudio.TestTools.Common.AspNetDevelopmentServer, Microsoft.VisualStudio.QualityTools.Common, Version=8.0.0.0, Culture=neutral, PublicKeyToken=b03f5f7f11d50a3a]]"><_size type="System.Int32">0</_size><_version type="System.Int32">0</_version></aspNetDevServers><dataAccessMethod type="Microsoft.VisualStudio.TestTools.UnitTesting.DataAccessMethod, Microsoft.VisualStudio.QualityTools.UnitTestFramework, Version=8.0.0.0, Culture=neutral, PublicKeyToken=b03f5f7f11d50a3a"><value__ type="System.Int32">0</value__></dataAccessMethod><cssProjectStructure type="System.String" /><isRunOnRestart type="System.Boolean">False</isRunOnRestart><timeOut type="System.Int32">0</timeOut><isGroupable type="System.Boolean">True</isGroupable><abortRunOnAgentFailure type="System.Boolean">False</abortRunOnAgentFailure><cssIteration type="System.String" /><workItemIds type="System.Collections.Generic.List`1[[System.Int32, mscorlib, Version=2.0.0.0, Culture=neutral, PublicKeyToken=b77a5c561934e089]]"><_size type="System.Int32">0</_size><_version type="System.Int32">1</_version></workItemIds><id type="Microsoft.VisualStudio.TestTools.Common.TestId"><id type="System.Guid">fb016efd-ee83-669d-1f45-baa4c1770507</id></id><name type="System.String">GetBrandDescriptionTest</name><description type="System.String" /><enabled type="System.Boolean">True</enabled><owner type="System.String" /><priority type="System.Int32">0</priority><executionId type="Microsoft.VisualStudio.TestTools.Common.TestExecId"><id type="System.Guid">00000000-0000-0000-0000-000000000000</id></executionId><parentExecutId type="Microsoft.VisualStudio.TestTools.Common.TestExecId"><id type="System.Guid">00000000-0000-0000-0000-000000000000</id></parentExecutId><deploymentItems type="Microsoft.VisualStudio.TestTools.Common.DeploymentItemCollection" /><agentAttributes type="System.Collections.Specialized.StringDictionary, System, Version=2.0.0.0, Culture=neutral, PublicKeyToken=b77a5c561934e089" /><storage type="System.String">e:\projects\brownshoe\unit_tests\product\src\brownshoe\testing\unittests\bin\brownshoe.unittests.dll</storage><m_nonRunnableReason type="System.String" /></value><key type="Microsoft.VisualStudio.TestTools.Common.TestId"><id type="System.Guid">067affe7-e30c-d297-35a2-cd4fce1b899f</id></key><value type="Microsoft.VisualStudio.TestTools.TestTypes.Unit.UnitTestElement, Microsoft.VisualStudio.QualityTools.Tips.UnitTest.ObjectModel, Version=8.0.0.0, Culture=neutral, PublicKeyToken=b03f5f7f11d50a3a"><codeBase type="System.String">e:/projects/brownshoe/unit_tests/product/src/BrownShoe/Testing/UnitTests/bin/BrownShoe.UnitTests.DLL</codeBase><adapterTypeName type="System.String">Microsoft.VisualStudio.TestTools.TestTypes.Unit.UnitTestAdapter, Microsoft.VisualStudio.QualityTools.Tips.UnitTest.Adapter</adapterTypeName><testMethod type="Microsoft.VisualStudio.TestTools.TestTypes.Unit.TestMethod, Microsoft.VisualStudio.QualityTools.Tips.UnitTest.ObjectModel, Version=8.0.0.0, Culture=neutral, PublicKeyToken=b03f5f7f11d50a3a"><className type="System.String">BrownShoe.UnitTests.Services.Madison.GrandOpeningServiceTest, BrownShoe.UnitTests, Version=1.0.0.0, Culture=neutral, PublicKeyToken=null</className><name type="System.String">GetActiveTest</name><expectedExceptionMessage type="System.String" /><isValid type="System.Boolean">False</isValid></testMethod><aspNetDevServers type="System.Collections.Generic.List`1[[Microsoft.VisualStudio.TestTools.Common.AspNetDevelopmentServer, Microsoft.VisualStudio.QualityTools.Common, Version=8.0.0.0, Culture=neutral, PublicKeyToken=b03f5f7f11d50a3a]]"><_size type="System.Int32">0</_size><_version type="System.Int32">0</_version></aspNetDevServers><dataAccessMethod type="Microsoft.VisualStudio.TestTools.UnitTesting.DataAccessMethod, Microsoft.VisualStudio.QualityTools.UnitTestFramework, Version=8.0.0.0, Culture=neutral, PublicKeyToken=b03f5f7f11d50a3a"><value__ type="System.Int32">0</value__></dataAccessMethod><cssProjectStructure type="System.String" /><isRunOnRestart type="System.Boolean">False</isRunOnRestart><timeOut type="System.Int32">0</timeOut><isGroupable type="System.Boolean">True</isGroupable><abortRunOnAgentFailure type="System.Boolean">False</abortRunOnAgentFailure><cssIteration type="System.String" /><workItemIds type="System.Collections.Generic.List`1[[System.Int32, mscorlib, Version=2.0.0.0, Culture=neutral, PublicKeyToken=b77a5c561934e089]]"><_size type="System.Int32">0</_size><_version type="System.Int32">1</_version></workItemIds><id type="Microsoft.VisualStudio.TestTools.Common.TestId"><id type="System.Guid">067affe7-e30c-d297-35a2-cd4fce1b899f</id></id><name type="System.String">GetActiveTest</name><description type="System.String" /><enabled type="System.Boolean">True</enabled><owner type="System.String" /><priority type="System.Int32">0</priority><executionId type="Microsoft.VisualStudio.TestTools.Common.TestExecId"><id type="System.Guid">00000000-0000-0000-0000-000000000000</id></executionId><parentExecutId type="Microsoft.VisualStudio.TestTools.Common.TestExecId"><id type="System.Guid">00000000-0000-0000-0000-000000000000</id></parentExecutId><deploymentItems type="Microsoft.VisualStudio.TestTools.Common.DeploymentItemCollection" /><agentAttributes type="System.Collections.Specialized.StringDictionary, System, Version=2.0.0.0, Culture=neutral, PublicKeyToken=b77a5c561934e089" /><storage type="System.String">e:\projects\brownshoe\unit_tests\product\src\brownshoe\testing\unittests\bin\brownshoe.unittests.dll</storage><m_nonRunnableReason type="System.String" /></value><key type="Microsoft.VisualStudio.TestTools.Common.TestId"><id type="System.Guid">c4709664-fe7e-6005-c973-97ef69b5e5af</id></key><value type="Microsoft.VisualStudio.TestTools.TestTypes.Unit.UnitTestElement, Microsoft.VisualStudio.QualityTools.Tips.UnitTest.ObjectModel, Version=8.0.0.0, Culture=neutral, PublicKeyToken=b03f5f7f11d50a3a"><codeBase type="System.String">e:/projects/brownshoe/unit_tests/product/src/BrownShoe/Testing/UnitTests/bin/BrownShoe.UnitTests.DLL</codeBase><adapterTypeName type="System.String">Microsoft.VisualStudio.TestTools.TestTypes.Unit.UnitTestAdapter, Microsoft.VisualStudio.QualityTools.Tips.UnitTest.Adapter</adapterTypeName><testMethod type="Microsoft.VisualStudio.TestTools.TestTypes.Unit.TestMethod, Microsoft.VisualStudio.QualityTools.Tips.UnitTest.ObjectModel, Version=8.0.0.0, Culture=neutral, PublicKeyToken=b03f5f7f11d50a3a"><className type="System.String">BrownShoe.UnitTests.Services.Orders.Interfaces.IWishListServiceTest, BrownShoe.UnitTests, Version=1.0.0.0, Culture=neutral, PublicKeyToken=null</className><name type="System.String">RunBasketPipelineTest</name><expectedExceptionMessage type="System.String" /><isValid type="System.Boolean">False</isValid></testMethod><aspNetDevServers type="System.Collections.Generic.List`1[[Microsoft.VisualStudio.TestTools.Common.AspNetDevelopmentServer, Microsoft.VisualStudio.QualityTools.Common, Version=8.0.0.0, Culture=neutral, PublicKeyToken=b03f5f7f11d50a3a]]"><_size type="System.Int32">0</_size><_version type="System.Int32">0</_version></aspNetDevServers><dataAccessMethod type="Microsoft.VisualStudio.TestTools.UnitTesting.DataAccessMethod, Microsoft.VisualStudio.QualityTools.UnitTestFramework, Version=8.0.0.0, Culture=neutral, PublicKeyToken=b03f5f7f11d50a3a"><value__ type="System.Int32">0</value__></dataAccessMethod><cssProjectStructure type="System.String" /><isRunOnRestart type="System.Boolean">False</isRunOnRestart><timeOut type="System.Int32">0</timeOut><isGroupable type="System.Boolean">True</isGroupable><abortRunOnAgentFailure type="System.Boolean">False</abortRunOnAgentFailure><cssIteration type="System.String" /><workItemIds type="System.Collections.Generic.List`1[[System.Int32, mscorlib, Version=2.0.0.0, Culture=neutral, PublicKeyToken=b77a5c561934e089]]"><_size type="System.Int32">0</_size><_version type="System.Int32">1</_version></workItemIds><id type="Microsoft.VisualStudio.TestTools.Common.TestId"><id type="System.Guid">c4709664-fe7e-6005-c973-97ef69b5e5af</id></id><name type="System.String">RunBasketPipelineTest</name><description type="System.String" /><enabled type="System.Boolean">True</enabled><owner type="System.String" /><priority type="System.Int32">0</priority><executionId type="Microsoft.VisualStudio.TestTools.Common.TestExecId"><id type="System.Guid">00000000-0000-0000-0000-000000000000</id></executionId><parentExecutId type="Microsoft.VisualStudio.TestTools.Common.TestExecId"><id type="System.Guid">00000000-0000-0000-0000-000000000000</id></parentExecutId><deploymentItems type="Microsoft.VisualStudio.TestTools.Common.DeploymentItemCollection" /><agentAttributes type="System.Collections.Specialized.StringDictionary, System, Version=2.0.0.0, Culture=neutral, PublicKeyToken=b77a5c561934e089" /><storage type="System.String">e:\projects\brownshoe\unit_tests\product\src\brownshoe\testing\unittests\bin\brownshoe.unittests.dll</storage><m_nonRunnableReason type="System.String" /></value><key type="Microsoft.VisualStudio.TestTools.Common.TestId"><id type="System.Guid">218cfa2a-2489-f88d-5e69-7cf9ed024d6e</id></key><value type="Microsoft.VisualStudio.TestTools.TestTypes.Unit.UnitTestElement, Microsoft.VisualStudio.QualityTools.Tips.UnitTest.ObjectModel, Version=8.0.0.0, Culture=neutral, PublicKeyToken=b03f5f7f11d50a3a"><codeBase type="System.String">e:/projects/brownshoe/unit_tests/product/src/BrownShoe/Testing/UnitTests/bin/BrownShoe.UnitTests.DLL</codeBase><adapterTypeName type="System.String">Microsoft.VisualStudio.TestTools.TestTypes.Unit.UnitTestAdapter, Microsoft.VisualStudio.QualityTools.Tips.UnitTest.Adapter</adapterTypeName><testMethod type="Microsoft.VisualStudio.TestTools.TestTypes.Unit.TestMethod, Microsoft.VisualStudio.QualityTools.Tips.UnitTest.ObjectModel, Version=8.0.0.0, Culture=neutral, PublicKeyToken=b03f5f7f11d50a3a"><className type="System.String">BrownShoe.UnitTests.Services.Madison.MadisonWebServiceResultStringTest, BrownShoe.UnitTests, Version=1.0.0.0, Culture=neutral, PublicKeyToken=null</className><name type="System.String">DataTest</name><expectedExceptionMessage type="System.String" /><isValid type="System.Boolean">False</isValid></testMethod><aspNetDevServers type="System.Collections.Generic.List`1[[Microsoft.VisualStudio.TestTools.Common.AspNetDevelopmentServer, Microsoft.VisualStudio.QualityTools.Common, Version=8.0.0.0, Culture=neutral, PublicKeyToken=b03f5f7f11d50a3a]]"><_size type="System.Int32">0</_size><_version type="System.Int32">0</_version></aspNetDevServers><dataAccessMethod type="Microsoft.VisualStudio.TestTools.UnitTesting.DataAccessMethod, Microsoft.VisualStudio.QualityTools.UnitTestFramework, Version=8.0.0.0, Culture=neutral, PublicKeyToken=b03f5f7f11d50a3a"><value__ type="System.Int32">0</value__></dataAccessMethod><cssProjectStructure type="System.String" /><isRunOnRestart type="System.Boolean">False</isRunOnRestart><timeOut type="System.Int32">0</timeOut><isGroupable type="System.Boolean">True</isGroupable><abortRunOnAgentFailure type="System.Boolean">False</abortRunOnAgentFailure><cssIteration type="System.String" /><workItemIds type="System.Collections.Generic.List`1[[System.Int32, mscorlib, Version=2.0.0.0, Culture=neutral, PublicKeyToken=b77a5c561934e089]]"><_size type="System.Int32">0</_size><_version type="System.Int32">1</_version></workItemIds><id type="Microsoft.VisualStudio.TestTools.Common.TestId"><id type="System.Guid">218cfa2a-2489-f88d-5e69-7cf9ed024d6e</id></id><name type="System.String">DataTest</name><description type="System.String" /><enabled type="System.Boolean">True</enabled><owner type="System.String" /><priority type="System.Int32">0</priority><executionId type="Microsoft.VisualStudio.TestTools.Common.TestExecId"><id type="System.Guid">00000000-0000-0000-0000-000000000000</id></executionId><parentExecutId type="Microsoft.VisualStudio.TestTools.Common.TestExecId"><id type="System.Guid">00000000-0000-0000-0000-000000000000</id></parentExecutId><deploymentItems type="Microsoft.VisualStudio.TestTools.Common.DeploymentItemCollection" /><agentAttributes type="System.Collections.Specialized.StringDictionary, System, Version=2.0.0.0, Culture=neutral, PublicKeyToken=b77a5c561934e089" /><storage type="System.String">e:\projects\brownshoe\unit_tests\product\src\brownshoe\testing\unittests\bin\brownshoe.unittests.dll</storage><m_nonRunnableReason type="System.String" /></value><key type="Microsoft.VisualStudio.TestTools.Common.TestId"><id type="System.Guid">1b8eb060-cf29-f593-2989-ff581c242e94</id></key><value type="Microsoft.VisualStudio.TestTools.TestTypes.Unit.UnitTestElement, Microsoft.VisualStudio.QualityTools.Tips.UnitTest.ObjectModel, Version=8.0.0.0, Culture=neutral, PublicKeyToken=b03f5f7f11d50a3a"><codeBase type="System.String">e:/projects/brownshoe/unit_tests/product/src/BrownShoe/Testing/UnitTests/bin/BrownShoe.UnitTests.DLL</codeBase><adapterTypeName type="System.String">Microsoft.VisualStudio.TestTools.TestTypes.Unit.UnitTestAdapter, Microsoft.VisualStudio.QualityTools.Tips.UnitTest.Adapter</adapterTypeName><testMethod type="Microsoft.VisualStudio.TestTools.TestTypes.Unit.TestMethod, Microsoft.VisualStudio.QualityTools.Tips.UnitTest.ObjectModel, Version=8.0.0.0, Culture=neutral, PublicKeyToken=b03f5f7f11d50a3a"><className type="System.String">BrownShoe.UnitTests.Services.DataAccess.PaymentMethodDBTest, BrownShoe.UnitTests, Version=1.0.0.0, Culture=neutral, PublicKeyToken=null</className><name type="System.String">ListDB</name><expectedExceptionMessage type="System.String" /><isValid type="System.Boolean">False</isValid></testMethod><aspNetDevServers type="System.Collections.Generic.List`1[[Microsoft.VisualStudio.TestTools.Common.AspNetDevelopmentServer, Microsoft.VisualStudio.QualityTools.Common, Version=8.0.0.0, Culture=neutral, PublicKeyToken=b03f5f7f11d50a3a]]"><_size type="System.Int32">0</_size><_version type="System.Int32">0</_version></aspNetDevServers><dataAccessMethod type="Microsoft.VisualStudio.TestTools.UnitTesting.DataAccessMethod, Microsoft.VisualStudio.QualityTools.UnitTestFramework, Version=8.0.0.0, Culture=neutral, PublicKeyToken=b03f5f7f11d50a3a"><value__ type="System.Int32">0</value__></dataAccessMethod><cssProjectStructure type="System.String" /><isRunOnRestart type="System.Boolean">False</isRunOnRestart><timeOut type="System.Int32">0</timeOut><isGroupable type="System.Boolean">True</isGroupable><abortRunOnAgentFailure type="System.Boolean">False</abortRunOnAgentFailure><cssIteration type="System.String" /><workItemIds type="System.Collections.Generic.List`1[[System.Int32, mscorlib, Version=2.0.0.0, Culture=neutral, PublicKeyToken=b77a5c561934e089]]"><_size type="System.Int32">0</_size><_version type="System.Int32">1</_version></workItemIds><id type="Microsoft.VisualStudio.TestTools.Common.TestId"><id type="System.Guid">1b8eb060-cf29-f593-2989-ff581c242e94</id></id><name type="System.String">ListDB</name><description type="System.String" /><enabled type="System.Boolean">True</enabled><owner type="System.String" /><priority type="System.Int32">0</priority><executionId type="Microsoft.VisualStudio.TestTools.Common.TestExecId"><id type="System.Guid">00000000-0000-0000-0000-000000000000</id></executionId><parentExecutId type="Microsoft.VisualStudio.TestTools.Common.TestExecId"><id type="System.Guid">00000000-0000-0000-0000-000000000000</id></parentExecutId><deploymentItems type="Microsoft.VisualStudio.TestTools.Common.DeploymentItemCollection" /><agentAttributes type="System.Collections.Specialized.StringDictionary, System, Version=2.0.0.0, Culture=neutral, PublicKeyToken=b77a5c561934e089" /><storage type="System.String">e:\projects\brownshoe\unit_tests\product\src\brownshoe\testing\unittests\bin\brownshoe.unittests.dll</storage><m_nonRunnableReason type="System.String" /></value><key type="Microsoft.VisualStudio.TestTools.Common.TestId"><id type="System.Guid">cb3d1a58-378b-a150-a435-21c9a868c194</id></key><value type="Microsoft.VisualStudio.TestTools.TestTypes.Unit.UnitTestElement, Microsoft.VisualStudio.QualityTools.Tips.UnitTest.ObjectModel, Version=8.0.0.0, Culture=neutral, PublicKeyToken=b03f5f7f11d50a3a"><codeBase type="System.String">e:/projects/brownshoe/unit_tests/product/src/BrownShoe/Testing/UnitTests/bin/BrownShoe.UnitTests.DLL</codeBase><adapterTypeName type="System.String">Microsoft.VisualStudio.TestTools.TestTypes.Unit.UnitTestAdapter, Microsoft.VisualStudio.QualityTools.Tips.UnitTest.Adapter</adapterTypeName><testMethod type="Microsoft.VisualStudio.TestTools.TestTypes.Unit.TestMethod, Microsoft.VisualStudio.QualityTools.Tips.UnitTest.ObjectModel, Version=8.0.0.0, Culture=neutral, PublicKeyToken=b03f5f7f11d50a3a"><className type="System.String">BrownShoe.UnitTests.Services.DataAccess.OrderDBTest, BrownShoe.UnitTests, Version=1.0.0.0, Culture=neutral, PublicKeyToken=null</className><name type="System.String">SetOrderNumberTest</name><expectedExceptionMessage type="System.String" /><isValid type="System.Boolean">False</isValid></testMethod><aspNetDevServers type="System.Collections.Generic.List`1[[Microsoft.VisualStudio.TestTools.Common.AspNetDevelopmentServer, Microsoft.VisualStudio.QualityTools.Common, Version=8.0.0.0, Culture=neutral, PublicKeyToken=b03f5f7f11d50a3a]]"><_size type="System.Int32">0</_size><_version type="System.Int32">0</_version></aspNetDevServers><dataAccessMethod type="Microsoft.VisualStudio.TestTools.UnitTesting.DataAccessMethod, Microsoft.VisualStudio.QualityTools.UnitTestFramework, Version=8.0.0.0, Culture=neutral, PublicKeyToken=b03f5f7f11d50a3a"><value__ type="System.Int32">0</value__></dataAccessMethod><cssProjectStructure type="System.String" /><isRunOnRestart type="System.Boolean">False</isRunOnRestart><timeOut type="System.Int32">0</timeOut><isGroupable type="System.Boolean">True</isGroupable><abortRunOnAgentFailure type="System.Boolean">False</abortRunOnAgentFailure><cssIteration type="System.String" /><workItemIds type="System.Collections.Generic.List`1[[System.Int32, mscorlib, Version=2.0.0.0, Culture=neutral, PublicKeyToken=b77a5c561934e089]]"><_size type="System.Int32">0</_size><_version type="System.Int32">1</_version></workItemIds><id type="Microsoft.VisualStudio.TestTools.Common.TestId"><id type="System.Guid">cb3d1a58-378b-a150-a435-21c9a868c194</id></id><name type="System.String">SetOrderNumberTest</name><description type="System.String" /><enabled type="System.Boolean">True</enabled><owner type="System.String" /><priority type="System.Int32">0</priority><executionId type="Microsoft.VisualStudio.TestTools.Common.TestExecId"><id type="System.Guid">00000000-0000-0000-0000-000000000000</id></executionId><parentExecutId type="Microsoft.VisualStudio.TestTools.Common.TestExecId"><id type="System.Guid">00000000-0000-0000-0000-000000000000</id></parentExecutId><deploymentItems type="Microsoft.VisualStudio.TestTools.Common.DeploymentItemCollection" /><agentAttributes type="System.Collections.Specialized.StringDictionary, System, Version=2.0.0.0, Culture=neutral, PublicKeyToken=b77a5c561934e089" /><storage type="System.String">e:\projects\brownshoe\unit_tests\product\src\brownshoe\testing\unittests\bin\brownshoe.unittests.dll</storage><m_nonRunnableReason type="System.String" /></value><key type="Microsoft.VisualStudio.TestTools.Common.TestId"><id type="System.Guid">4e992b85-bed0-4009-2c49-f928f74fe58b</id></key><value type="Microsoft.VisualStudio.TestTools.TestTypes.Unit.UnitTestElement, Microsoft.VisualStudio.QualityTools.Tips.UnitTest.ObjectModel, Version=8.0.0.0, Culture=neutral, PublicKeyToken=b03f5f7f11d50a3a"><codeBase type="System.String">e:/projects/brownshoe/unit_tests/product/src/BrownShoe/Testing/UnitTests/bin/BrownShoe.UnitTests.DLL</codeBase><adapterTypeName type="System.String">Microsoft.VisualStudio.TestTools.TestTypes.Unit.UnitTestAdapter, Microsoft.VisualStudio.QualityTools.Tips.UnitTest.Adapter</adapterTypeName><testMethod type="Microsoft.VisualStudio.TestTools.TestTypes.Unit.TestMethod, Microsoft.VisualStudio.QualityTools.Tips.UnitTest.ObjectModel, Version=8.0.0.0, Culture=neutral, PublicKeyToken=b03f5f7f11d50a3a"><className type="System.String">BrownShoe.UnitTests.Services.Search.SearchServiceTest, BrownShoe.UnitTests, Version=1.0.0.0, Culture=neutral, PublicKeyToken=null</className><name type="System.String">GetProductSearchTest</name><expectedExceptionMessage type="System.String" /><isValid type="System.Boolean">False</isValid></testMethod><aspNetDevServers type="System.Collections.Generic.List`1[[Microsoft.VisualStudio.TestTools.Common.AspNetDevelopmentServer, Microsoft.VisualStudio.QualityTools.Common, Version=8.0.0.0, Culture=neutral, PublicKeyToken=b03f5f7f11d50a3a]]"><_size type="System.Int32">0</_size><_version type="System.Int32">0</_version></aspNetDevServers><dataAccessMethod type="Microsoft.VisualStudio.TestTools.UnitTesting.DataAccessMethod, Microsoft.VisualStudio.QualityTools.UnitTestFramework, Version=8.0.0.0, Culture=neutral, PublicKeyToken=b03f5f7f11d50a3a"><value__ type="System.Int32">0</value__></dataAccessMethod><cssProjectStructure type="System.String" /><isRunOnRestart type="System.Boolean">False</isRunOnRestart><timeOut type="System.Int32">0</timeOut><isGroupable type="System.Boolean">True</isGroupable><abortRunOnAgentFailure type="System.Boolean">False</abortRunOnAgentFailure><cssIteration type="System.String" /><workItemIds type="System.Collections.Generic.List`1[[System.Int32, mscorlib, Version=2.0.0.0, Culture=neutral, PublicKeyToken=b77a5c561934e089]]"><_size type="System.Int32">0</_size><_version type="System.Int32">1</_version></workItemIds><id type="Microsoft.VisualStudio.TestTools.Common.TestId"><id type="System.Guid">4e992b85-bed0-4009-2c49-f928f74fe58b</id></id><name type="System.String">GetProductSearchTest</name><description type="System.String" /><enabled type="System.Boolean">True</enabled><owner type="System.String" /><priority type="System.Int32">0</priority><executionId type="Microsoft.VisualStudio.TestTools.Common.TestExecId"><id type="System.Guid">00000000-0000-0000-0000-000000000000</id></executionId><parentExecutId type="Microsoft.VisualStudio.TestTools.Common.TestExecId"><id type="System.Guid">00000000-0000-0000-0000-000000000000</id></parentExecutId><deploymentItems type="Microsoft.VisualStudio.TestTools.Common.DeploymentItemCollection" /><agentAttributes type="System.Collections.Specialized.StringDictionary, System, Version=2.0.0.0, Culture=neutral, PublicKeyToken=b77a5c561934e089" /><storage type="System.String">e:\projects\brownshoe\unit_tests\product\src\brownshoe\testing\unittests\bin\brownshoe.unittests.dll</storage><m_nonRunnableReason type="System.String" /></value></tests><categories type="System.Collections.Hashtable"><key type="Microsoft.VisualStudio.TestTools.Common.TestCategoryId"><id type="System.Guid">8c84fa94-04c1-424b-9868-57a2d4851a1d</id></key><value type="Microsoft.VisualStudio.TestTools.Common.TestCategory"><id type="Microsoft.VisualStudio.TestTools.Common.TestCategoryId"><id type="System.Guid">8c84fa94-04c1-424b-9868-57a2d4851a1d</id></id><name type="System.String">Results Not in a List</name><description type="System.String" /><enabled type="System.Boolean">True</enabled><parentCategoryId type="Microsoft.VisualStudio.TestTools.Common.TestCategoryId"><id type="System.Guid">00000000-0000-0000-0000-000000000000</id></parentCategoryId></value><key type="Microsoft.VisualStudio.TestTools.Common.TestCategoryId"><id type="System.Guid">19431567-8539-422a-85d7-44ee4e166bda</id></key><value type="Microsoft.VisualStudio.TestTools.Common.TestCategory"><id type="Microsoft.VisualStudio.TestTools.Common.TestCategoryId"><id type="System.Guid">19431567-8539-422a-85d7-44ee4e166bda</id></id><name type="System.String">All Loaded Results</name><description type="System.String" /><enabled type="System.Boolean">True</enabled><parentCategoryId type="Microsoft.VisualStudio.TestTools.Common.TestCategoryId"><id type="System.Guid">00000000-0000-0000-0000-000000000000</id></parentCategoryId></value></categories><entries type="Microsoft.VisualStudio.TestTools.Common.TestEntry[]"><element type="Microsoft.VisualStudio.TestTools.Common.TestEntry"><m_testId type="Microsoft.VisualStudio.TestTools.Common.TestId"><id type="System.Guid">e17496e1-7edf-4220-8f10-ec5d18f9f40f</id></m_testId><m_execId type="Microsoft.VisualStudio.TestTools.Common.TestExecId"><id type="System.Guid">286b5f00-29e9-410f-af8a-9ad81e47cca5</id></m_execId><m_parentExecId type="Microsoft.VisualStudio.TestTools.Common.TestExecId"><id type="System.Guid">00000000-0000-0000-0000-000000000000</id></m_parentExecId><m_categoryId type="Microsoft.VisualStudio.TestTools.Common.TestCategoryId"><id type="System.Guid">8c84fa94-04c1-424b-9868-57a2d4851a1d</id></m_categoryId><m_isTransparent type="System.Boolean">True</m_isTransparent></element><element type="Microsoft.VisualStudio.TestTools.Common.TestEntry"><m_testId type="Microsoft.VisualStudio.TestTools.Common.TestId"><id type="System.Guid">2c84da78-647d-a622-6dce-8cbf46d608a8</id></m_testId><m_execId type="Microsoft.VisualStudio.TestTools.Common.TestExecId"><id type="System.Guid">2782840c-5877-46b1-814c-318c4804fed9</id></m_execId><m_parentExecId type="Microsoft.VisualStudio.TestTools.Common.TestExecId"><id type="System.Guid">00000000-0000-0000-0000-000000000000</id></m_parentExecId><m_categoryId type="Microsoft.VisualStudio.TestTools.Common.TestCategoryId"><id type="System.Guid">8c84fa94-04c1-424b-9868-57a2d4851a1d</id></m_categoryId><m_isTransparent type="System.Boolean">True</m_isTransparent></element><element type="Microsoft.VisualStudio.TestTools.Common.TestEntry"><m_testId type="Microsoft.VisualStudio.TestTools.Common.TestId"><id type="System.Guid">fc4ef800-5802-e0dc-7c55-7c03d7b57e8c</id></m_testId><m_execId type="Microsoft.VisualStudio.TestTools.Common.TestExecId"><id type="System.Guid">7da407b3-212a-40be-9833-704b140edaca</id></m_execId><m_parentExecId type="Microsoft.VisualStudio.TestTools.Common.TestExecId"><id type="System.Guid">00000000-0000-0000-0000-000000000000</id></m_parentExecId><m_categoryId type="Microsoft.VisualStudio.TestTools.Common.TestCategoryId"><id type="System.Guid">8c84fa94-04c1-424b-9868-57a2d4851a1d</id></m_categoryId><m_isTransparent type="System.Boolean">True</m_isTransparent></element><element type="Microsoft.VisualStudio.TestTools.Common.TestEntry"><m_testId type="Microsoft.VisualStudio.TestTools.Common.TestId"><id type="System.Guid">d1eb8757-a596-201a-3414-bbcb6e2d5e2f</id></m_testId><m_execId type="Microsoft.VisualStudio.TestTools.Common.TestExecId"><id type="System.Guid">0a77cc19-75b7-4bf3-bcd6-6b0f0da85455</id></m_execId><m_parentExecId type="Microsoft.VisualStudio.TestTools.Common.TestExecId"><id type="System.Guid">00000000-0000-0000-0000-000000000000</id></m_parentExecId><m_categoryId type="Microsoft.VisualStudio.TestTools.Common.TestCategoryId"><id type="System.Guid">8c84fa94-04c1-424b-9868-57a2d4851a1d</id></m_categoryId><m_isTransparent type="System.Boolean">True</m_isTransparent></element><element type="Microsoft.VisualStudio.TestTools.Common.TestEntry"><m_testId type="Microsoft.VisualStudio.TestTools.Common.TestId"><id type="System.Guid">60bda3ed-eef3-3b82-1cc9-dec63a6b12da</id></m_testId><m_execId type="Microsoft.VisualStudio.TestTools.Common.TestExecId"><id type="System.Guid">7e9ed297-5717-4131-961f-6edd3b8df7c6</id></m_execId><m_parentExecId type="Microsoft.VisualStudio.TestTools.Common.TestExecId"><id type="System.Guid">00000000-0000-0000-0000-000000000000</id></m_parentExecId><m_categoryId type="Microsoft.VisualStudio.TestTools.Common.TestCategoryId"><id type="System.Guid">8c84fa94-04c1-424b-9868-57a2d4851a1d</id></m_categoryId><m_isTransparent type="System.Boolean">True</m_isTransparent></element><element type="Microsoft.VisualStudio.TestTools.Common.TestEntry"><m_testId type="Microsoft.VisualStudio.TestTools.Common.TestId"><id type="System.Guid">46d7a115-16e3-d547-f312-e4c86447a277</id></m_testId><m_execId type="Microsoft.VisualStudio.TestTools.Common.TestExecId"><id type="System.Guid">5acf6e8e-fbdd-44da-a877-b65f55da9636</id></m_execId><m_parentExecId type="Microsoft.VisualStudio.TestTools.Common.TestExecId"><id type="System.Guid">00000000-0000-0000-0000-000000000000</id></m_parentExecId><m_categoryId type="Microsoft.VisualStudio.TestTools.Common.TestCategoryId"><id type="System.Guid">8c84fa94-04c1-424b-9868-57a2d4851a1d</id></m_categoryId><m_isTransparent type="System.Boolean">True</m_isTransparent></element><element type="Microsoft.VisualStudio.TestTools.Common.TestEntry"><m_testId type="Microsoft.VisualStudio.TestTools.Common.TestId"><id type="System.Guid">a0f7441a-23ec-27ad-fdbe-3bc8738293ab</id></m_testId><m_execId type="Microsoft.VisualStudio.TestTools.Common.TestExecId"><id type="System.Guid">b9b73b0c-bf71-4908-b30a-18a4fb38e6a5</id></m_execId><m_parentExecId type="Microsoft.VisualStudio.TestTools.Common.TestExecId"><id type="System.Guid">00000000-0000-0000-0000-000000000000</id></m_parentExecId><m_categoryId type="Microsoft.VisualStudio.TestTools.Common.TestCategoryId"><id type="System.Guid">8c84fa94-04c1-424b-9868-57a2d4851a1d</id></m_categoryId><m_isTransparent type="System.Boolean">True</m_isTransparent></element><element type="Microsoft.VisualStudio.TestTools.Common.TestEntry"><m_testId type="Microsoft.VisualStudio.TestTools.Common.TestId"><id type="System.Guid">2445491b-ca34-d36b-25c0-0f6b9689e457</id></m_testId><m_execId type="Microsoft.VisualStudio.TestTools.Common.TestExecId"><id type="System.Guid">72d3100f-b696-4d3d-a0f7-0a11f6eddb97</id></m_execId><m_parentExecId type="Microsoft.VisualStudio.TestTools.Common.TestExecId"><id type="System.Guid">00000000-0000-0000-0000-000000000000</id></m_parentExecId><m_categoryId type="Microsoft.VisualStudio.TestTools.Common.TestCategoryId"><id type="System.Guid">8c84fa94-04c1-424b-9868-57a2d4851a1d</id></m_categoryId><m_isTransparent type="System.Boolean">True</m_isTransparent></element><element type="Microsoft.VisualStudio.TestTools.Common.TestEntry"><m_testId type="Microsoft.VisualStudio.TestTools.Common.TestId"><id type="System.Guid">db9aea78-2891-928e-3e42-e2cd9553cda1</id></m_testId><m_execId type="Microsoft.VisualStudio.TestTools.Common.TestExecId"><id type="System.Guid">95b45bd3-f738-47be-abc6-dacb0f921e81</id></m_execId><m_parentExecId type="Microsoft.VisualStudio.TestTools.Common.TestExecId"><id type="System.Guid">00000000-0000-0000-0000-000000000000</id></m_parentExecId><m_categoryId type="Microsoft.VisualStudio.TestTools.Common.TestCategoryId"><id type="System.Guid">8c84fa94-04c1-424b-9868-57a2d4851a1d</id></m_categoryId><m_isTransparent type="System.Boolean">True</m_isTransparent></element><element type="Microsoft.VisualStudio.TestTools.Common.TestEntry"><m_testId type="Microsoft.VisualStudio.TestTools.Common.TestId"><id type="System.Guid">25892861-947f-977e-0d5f-55d2085331e7</id></m_testId><m_execId type="Microsoft.VisualStudio.TestTools.Common.TestExecId"><id type="System.Guid">f1391770-15c5-4d6d-b1b5-9899b9fe5d08</id></m_execId><m_parentExecId type="Microsoft.VisualStudio.TestTools.Common.TestExecId"><id type="System.Guid">00000000-0000-0000-0000-000000000000</id></m_parentExecId><m_categoryId type="Microsoft.VisualStudio.TestTools.Common.TestCategoryId"><id type="System.Guid">8c84fa94-04c1-424b-9868-57a2d4851a1d</id></m_categoryId><m_isTransparent type="System.Boolean">True</m_isTransparent></element><element type="Microsoft.VisualStudio.TestTools.Common.TestEntry"><m_testId type="Microsoft.VisualStudio.TestTools.Common.TestId"><id type="System.Guid">6dc03cee-d2a1-e07e-c13b-255aa76c4bb8</id></m_testId><m_execId type="Microsoft.VisualStudio.TestTools.Common.TestExecId"><id type="System.Guid">8cf5e730-b550-4c41-a07c-58f35a1374db</id></m_execId><m_parentExecId type="Microsoft.VisualStudio.TestTools.Common.TestExecId"><id type="System.Guid">00000000-0000-0000-0000-000000000000</id></m_parentExecId><m_categoryId type="Microsoft.VisualStudio.TestTools.Common.TestCategoryId"><id type="System.Guid">8c84fa94-04c1-424b-9868-57a2d4851a1d</id></m_categoryId><m_isTransparent type="System.Boolean">True</m_isTransparent></element><element type="Microsoft.VisualStudio.TestTools.Common.TestEntry"><m_testId type="Microsoft.VisualStudio.TestTools.Common.TestId"><id type="System.Guid">3ddcd8f4-9a05-d4b8-1f3d-fd2c773c3676</id></m_testId><m_execId type="Microsoft.VisualStudio.TestTools.Common.TestExecId"><id type="System.Guid">e8dee134-ad2e-4ea0-b03a-599e3376e9e7</id></m_execId><m_parentExecId type="Microsoft.VisualStudio.TestTools.Common.TestExecId"><id type="System.Guid">00000000-0000-0000-0000-000000000000</id></m_parentExecId><m_categoryId type="Microsoft.VisualStudio.TestTools.Common.TestCategoryId"><id type="System.Guid">8c84fa94-04c1-424b-9868-57a2d4851a1d</id></m_categoryId><m_isTransparent type="System.Boolean">True</m_isTransparent></element><element type="Microsoft.VisualStudio.TestTools.Common.TestEntry"><m_testId type="Microsoft.VisualStudio.TestTools.Common.TestId"><id type="System.Guid">815528ed-2cd3-ccec-afac-4f6e8f5f83f7</id></m_testId><m_execId type="Microsoft.VisualStudio.TestTools.Common.TestExecId"><id type="System.Guid">54cc9db9-2971-45eb-9bd0-e338cd5fa7c2</id></m_execId><m_parentExecId type="Microsoft.VisualStudio.TestTools.Common.TestExecId"><id type="System.Guid">00000000-0000-0000-0000-000000000000</id></m_parentExecId><m_categoryId type="Microsoft.VisualStudio.TestTools.Common.TestCategoryId"><id type="System.Guid">8c84fa94-04c1-424b-9868-57a2d4851a1d</id></m_categoryId><m_isTransparent type="System.Boolean">True</m_isTransparent></element><element type="Microsoft.VisualStudio.TestTools.Common.TestEntry"><m_testId type="Microsoft.VisualStudio.TestTools.Common.TestId"><id type="System.Guid">cb0c945a-329d-ff4b-abf8-5ff616ff2790</id></m_testId><m_execId type="Microsoft.VisualStudio.TestTools.Common.TestExecId"><id type="System.Guid">8ed5c57a-834c-4ab8-8502-72aeea02e00a</id></m_execId><m_parentExecId type="Microsoft.VisualStudio.TestTools.Common.TestExecId"><id type="System.Guid">00000000-0000-0000-0000-000000000000</id></m_parentExecId><m_categoryId type="Microsoft.VisualStudio.TestTools.Common.TestCategoryId"><id type="System.Guid">8c84fa94-04c1-424b-9868-57a2d4851a1d</id></m_categoryId><m_isTransparent type="System.Boolean">True</m_isTransparent></element><element type="Microsoft.VisualStudio.TestTools.Common.TestEntry"><m_testId type="Microsoft.VisualStudio.TestTools.Common.TestId"><id type="System.Guid">990db9cd-5c49-c1d8-f6e3-3069a084ff4c</id></m_testId><m_execId type="Microsoft.VisualStudio.TestTools.Common.TestExecId"><id type="System.Guid">1fbe04d9-74b4-4d99-b730-0f503bac3b9a</id></m_execId><m_parentExecId type="Microsoft.VisualStudio.TestTools.Common.TestExecId"><id type="System.Guid">00000000-0000-0000-0000-000000000000</id></m_parentExecId><m_categoryId type="Microsoft.VisualStudio.TestTools.Common.TestCategoryId"><id type="System.Guid">8c84fa94-04c1-424b-9868-57a2d4851a1d</id></m_categoryId><m_isTransparent type="System.Boolean">True</m_isTransparent></element><element type="Microsoft.VisualStudio.TestTools.Common.TestEntry"><m_testId type="Microsoft.VisualStudio.TestTools.Common.TestId"><id type="System.Guid">f84d33c2-aa8c-4b7f-42c0-b1260027e171</id></m_testId><m_execId type="Microsoft.VisualStudio.TestTools.Common.TestExecId"><id type="System.Guid">d80ad13c-77a5-410d-a03f-93de9b5dfb8b</id></m_execId><m_parentExecId type="Microsoft.VisualStudio.TestTools.Common.TestExecId"><id type="System.Guid">00000000-0000-0000-0000-000000000000</id></m_parentExecId><m_categoryId type="Microsoft.VisualStudio.TestTools.Common.TestCategoryId"><id type="System.Guid">8c84fa94-04c1-424b-9868-57a2d4851a1d</id></m_categoryId><m_isTransparent type="System.Boolean">True</m_isTransparent></element><element type="Microsoft.VisualStudio.TestTools.Common.TestEntry"><m_testId type="Microsoft.VisualStudio.TestTools.Common.TestId"><id type="System.Guid">ab6a8534-c27b-223b-3a92-b4bc7a922d6e</id></m_testId><m_execId type="Microsoft.VisualStudio.TestTools.Common.TestExecId"><id type="System.Guid">c901cdc7-e69a-416b-85a9-8ac6420ee82d</id></m_execId><m_parentExecId type="Microsoft.VisualStudio.TestTools.Common.TestExecId"><id type="System.Guid">00000000-0000-0000-0000-000000000000</id></m_parentExecId><m_categoryId type="Microsoft.VisualStudio.TestTools.Common.TestCategoryId"><id type="System.Guid">8c84fa94-04c1-424b-9868-57a2d4851a1d</id></m_categoryId><m_isTransparent type="System.Boolean">True</m_isTransparent></element><element type="Microsoft.VisualStudio.TestTools.Common.TestEntry"><m_testId type="Microsoft.VisualStudio.TestTools.Common.TestId"><id type="System.Guid">ff22133b-c8a9-7e5d-8544-476db78aced8</id></m_testId><m_execId type="Microsoft.VisualStudio.TestTools.Common.TestExecId"><id type="System.Guid">8d399795-d019-4f04-ad1e-9966417888e0</id></m_execId><m_parentExecId type="Microsoft.VisualStudio.TestTools.Common.TestExecId"><id type="System.Guid">00000000-0000-0000-0000-000000000000</id></m_parentExecId><m_categoryId type="Microsoft.VisualStudio.TestTools.Common.TestCategoryId"><id type="System.Guid">8c84fa94-04c1-424b-9868-57a2d4851a1d</id></m_categoryId><m_isTransparent type="System.Boolean">True</m_isTransparent></element><element type="Microsoft.VisualStudio.TestTools.Common.TestEntry"><m_testId type="Microsoft.VisualStudio.TestTools.Common.TestId"><id type="System.Guid">6a63e01e-f1e2-97db-8caa-1237a289be1c</id></m_testId><m_execId type="Microsoft.VisualStudio.TestTools.Common.TestExecId"><id type="System.Guid">cb11b05c-e096-402a-bf67-0a3798cee3c1</id></m_execId><m_parentExecId type="Microsoft.VisualStudio.TestTools.Common.TestExecId"><id type="System.Guid">00000000-0000-0000-0000-000000000000</id></m_parentExecId><m_categoryId type="Microsoft.VisualStudio.TestTools.Common.TestCategoryId"><id type="System.Guid">8c84fa94-04c1-424b-9868-57a2d4851a1d</id></m_categoryId><m_isTransparent type="System.Boolean">True</m_isTransparent></element><element type="Microsoft.VisualStudio.TestTools.Common.TestEntry"><m_testId type="Microsoft.VisualStudio.TestTools.Common.TestId"><id type="System.Guid">4fe928e1-f4d6-82b0-5f8c-50d1ccfe1bec</id></m_testId><m_execId type="Microsoft.VisualStudio.TestTools.Common.TestExecId"><id type="System.Guid">ceb4dbc5-9e6f-4253-9bc6-c7fc8a3448d5</id></m_execId><m_parentExecId type="Microsoft.VisualStudio.TestTools.Common.TestExecId"><id type="System.Guid">00000000-0000-0000-0000-000000000000</id></m_parentExecId><m_categoryId type="Microsoft.VisualStudio.TestTools.Common.TestCategoryId"><id type="System.Guid">8c84fa94-04c1-424b-9868-57a2d4851a1d</id></m_categoryId><m_isTransparent type="System.Boolean">True</m_isTransparent></element><element type="Microsoft.VisualStudio.TestTools.Common.TestEntry"><m_testId type="Microsoft.VisualStudio.TestTools.Common.TestId"><id type="System.Guid">8ac5afa8-8b68-a3b0-1866-203525e323fb</id></m_testId><m_execId type="Microsoft.VisualStudio.TestTools.Common.TestExecId"><id type="System.Guid">880dfdfc-ed2c-4e1f-a843-92ca67efaebe</id></m_execId><m_parentExecId type="Microsoft.VisualStudio.TestTools.Common.TestExecId"><id type="System.Guid">00000000-0000-0000-0000-000000000000</id></m_parentExecId><m_categoryId type="Microsoft.VisualStudio.TestTools.Common.TestCategoryId"><id type="System.Guid">8c84fa94-04c1-424b-9868-57a2d4851a1d</id></m_categoryId><m_isTransparent type="System.Boolean">True</m_isTransparent></element><element type="Microsoft.VisualStudio.TestTools.Common.TestEntry"><m_testId type="Microsoft.VisualStudio.TestTools.Common.TestId"><id type="System.Guid">6037ef3c-9dbf-0611-5623-4396f45305c9</id></m_testId><m_execId type="Microsoft.VisualStudio.TestTools.Common.TestExecId"><id type="System.Guid">c97a8d34-5872-453a-82eb-672d9f4bf422</id></m_execId><m_parentExecId type="Microsoft.VisualStudio.TestTools.Common.TestExecId"><id type="System.Guid">00000000-0000-0000-0000-000000000000</id></m_parentExecId><m_categoryId type="Microsoft.VisualStudio.TestTools.Common.TestCategoryId"><id type="System.Guid">8c84fa94-04c1-424b-9868-57a2d4851a1d</id></m_categoryId><m_isTransparent type="System.Boolean">True</m_isTransparent></element><element type="Microsoft.VisualStudio.TestTools.Common.TestEntry"><m_testId type="Microsoft.VisualStudio.TestTools.Common.TestId"><id type="System.Guid">47bbf123-5088-356b-340c-f7be14f555c6</id></m_testId><m_execId type="Microsoft.VisualStudio.TestTools.Common.TestExecId"><id type="System.Guid">8be0f610-8f27-4b48-8c11-2c3c9f10f0ac</id></m_execId><m_parentExecId type="Microsoft.VisualStudio.TestTools.Common.TestExecId"><id type="System.Guid">00000000-0000-0000-0000-000000000000</id></m_parentExecId><m_categoryId type="Microsoft.VisualStudio.TestTools.Common.TestCategoryId"><id type="System.Guid">8c84fa94-04c1-424b-9868-57a2d4851a1d</id></m_categoryId><m_isTransparent type="System.Boolean">True</m_isTransparent></element><element type="Microsoft.VisualStudio.TestTools.Common.TestEntry"><m_testId type="Microsoft.VisualStudio.TestTools.Common.TestId"><id type="System.Guid">b194bbd8-e44f-7adc-c1f8-afee962a8916</id></m_testId><m_execId type="Microsoft.VisualStudio.TestTools.Common.TestExecId"><id type="System.Guid">4af7b16d-2aa2-428b-8014-8acee19b4d3d</id></m_execId><m_parentExecId type="Microsoft.VisualStudio.TestTools.Common.TestExecId"><id type="System.Guid">00000000-0000-0000-0000-000000000000</id></m_parentExecId><m_categoryId type="Microsoft.VisualStudio.TestTools.Common.TestCategoryId"><id type="System.Guid">8c84fa94-04c1-424b-9868-57a2d4851a1d</id></m_categoryId><m_isTransparent type="System.Boolean">True</m_isTransparent></element><element type="Microsoft.VisualStudio.TestTools.Common.TestEntry"><m_testId type="Microsoft.VisualStudio.TestTools.Common.TestId"><id type="System.Guid">55625324-c8e9-a04d-444f-1da936477b07</id></m_testId><m_execId type="Microsoft.VisualStudio.TestTools.Common.TestExecId"><id type="System.Guid">1f48ced1-82d9-4b6d-b92f-dbd0c2d39d12</id></m_execId><m_parentExecId type="Microsoft.VisualStudio.TestTools.Common.TestExecId"><id type="System.Guid">00000000-0000-0000-0000-000000000000</id></m_parentExecId><m_categoryId type="Microsoft.VisualStudio.TestTools.Common.TestCategoryId"><id type="System.Guid">8c84fa94-04c1-424b-9868-57a2d4851a1d</id></m_categoryId><m_isTransparent type="System.Boolean">True</m_isTransparent></element><element type="Microsoft.VisualStudio.TestTools.Common.TestEntry"><m_testId type="Microsoft.VisualStudio.TestTools.Common.TestId"><id type="System.Guid">2ec15d24-eacd-aaca-ec09-b4e839bf9603</id></m_testId><m_execId type="Microsoft.VisualStudio.TestTools.Common.TestExecId"><id type="System.Guid">0370ee35-b96c-41c8-a519-45ae038de032</id></m_execId><m_parentExecId type="Microsoft.VisualStudio.TestTools.Common.TestExecId"><id type="System.Guid">00000000-0000-0000-0000-000000000000</id></m_parentExecId><m_categoryId type="Microsoft.VisualStudio.TestTools.Common.TestCategoryId"><id type="System.Guid">8c84fa94-04c1-424b-9868-57a2d4851a1d</id></m_categoryId><m_isTransparent type="System.Boolean">True</m_isTransparent></element><element type="Microsoft.VisualStudio.TestTools.Common.TestEntry"><m_testId type="Microsoft.VisualStudio.TestTools.Common.TestId"><id type="System.Guid">aed7ed02-6ea5-ed74-dd6f-7165501e460f</id></m_testId><m_execId type="Microsoft.VisualStudio.TestTools.Common.TestExecId"><id type="System.Guid">35158de2-2af1-4b68-8222-e223b19654bb</id></m_execId><m_parentExecId type="Microsoft.VisualStudio.TestTools.Common.TestExecId"><id type="System.Guid">00000000-0000-0000-0000-000000000000</id></m_parentExecId><m_categoryId type="Microsoft.VisualStudio.TestTools.Common.TestCategoryId"><id type="System.Guid">8c84fa94-04c1-424b-9868-57a2d4851a1d</id></m_categoryId><m_isTransparent type="System.Boolean">True</m_isTransparent></element><element type="Microsoft.VisualStudio.TestTools.Common.TestEntry"><m_testId type="Microsoft.VisualStudio.TestTools.Common.TestId"><id type="System.Guid">277021e3-324a-a726-7836-70cba6569a15</id></m_testId><m_execId type="Microsoft.VisualStudio.TestTools.Common.TestExecId"><id type="System.Guid">b89c3392-33ca-484c-854f-feb6f32079b4</id></m_execId><m_parentExecId type="Microsoft.VisualStudio.TestTools.Common.TestExecId"><id type="System.Guid">00000000-0000-0000-0000-000000000000</id></m_parentExecId><m_categoryId type="Microsoft.VisualStudio.TestTools.Common.TestCategoryId"><id type="System.Guid">8c84fa94-04c1-424b-9868-57a2d4851a1d</id></m_categoryId><m_isTransparent type="System.Boolean">True</m_isTransparent></element><element type="Microsoft.VisualStudio.TestTools.Common.TestEntry"><m_testId type="Microsoft.VisualStudio.TestTools.Common.TestId"><id type="System.Guid">35d80593-c848-55b5-ef66-7878b30ca1b0</id></m_testId><m_execId type="Microsoft.VisualStudio.TestTools.Common.TestExecId"><id type="System.Guid">e3fdd740-79ec-459e-b0ec-b7504d8c8b98</id></m_execId><m_parentExecId type="Microsoft.VisualStudio.TestTools.Common.TestExecId"><id type="System.Guid">00000000-0000-0000-0000-000000000000</id></m_parentExecId><m_categoryId type="Microsoft.VisualStudio.TestTools.Common.TestCategoryId"><id type="System.Guid">8c84fa94-04c1-424b-9868-57a2d4851a1d</id></m_categoryId><m_isTransparent type="System.Boolean">True</m_isTransparent></element><element type="Microsoft.VisualStudio.TestTools.Common.TestEntry"><m_testId type="Microsoft.VisualStudio.TestTools.Common.TestId"><id type="System.Guid">4950e980-871b-97b4-db56-d19e8456a696</id></m_testId><m_execId type="Microsoft.VisualStudio.TestTools.Common.TestExecId"><id type="System.Guid">6f43ed4f-97f4-40eb-aa55-d2bc8357236c</id></m_execId><m_parentExecId type="Microsoft.VisualStudio.TestTools.Common.TestExecId"><id type="System.Guid">00000000-0000-0000-0000-000000000000</id></m_parentExecId><m_categoryId type="Microsoft.VisualStudio.TestTools.Common.TestCategoryId"><id type="System.Guid">8c84fa94-04c1-424b-9868-57a2d4851a1d</id></m_categoryId><m_isTransparent type="System.Boolean">True</m_isTransparent></element><element type="Microsoft.VisualStudio.TestTools.Common.TestEntry"><m_testId type="Microsoft.VisualStudio.TestTools.Common.TestId"><id type="System.Guid">7c752486-43cf-3ec8-89d1-08dedb2d9908</id></m_testId><m_execId type="Microsoft.VisualStudio.TestTools.Common.TestExecId"><id type="System.Guid">e0386d28-b040-4462-8045-e774810a85c0</id></m_execId><m_parentExecId type="Microsoft.VisualStudio.TestTools.Common.TestExecId"><id type="System.Guid">00000000-0000-0000-0000-000000000000</id></m_parentExecId><m_categoryId type="Microsoft.VisualStudio.TestTools.Common.TestCategoryId"><id type="System.Guid">8c84fa94-04c1-424b-9868-57a2d4851a1d</id></m_categoryId><m_isTransparent type="System.Boolean">True</m_isTransparent></element><element type="Microsoft.VisualStudio.TestTools.Common.TestEntry"><m_testId type="Microsoft.VisualStudio.TestTools.Common.TestId"><id type="System.Guid">cf51f8ed-401c-c58f-2c4a-80ca8fe01a9d</id></m_testId><m_execId type="Microsoft.VisualStudio.TestTools.Common.TestExecId"><id type="System.Guid">4fd39f7d-de32-49bf-9036-d8bbe89b2c48</id></m_execId><m_parentExecId type="Microsoft.VisualStudio.TestTools.Common.TestExecId"><id type="System.Guid">00000000-0000-0000-0000-000000000000</id></m_parentExecId><m_categoryId type="Microsoft.VisualStudio.TestTools.Common.TestCategoryId"><id type="System.Guid">8c84fa94-04c1-424b-9868-57a2d4851a1d</id></m_categoryId><m_isTransparent type="System.Boolean">True</m_isTransparent></element><element type="Microsoft.VisualStudio.TestTools.Common.TestEntry"><m_testId type="Microsoft.VisualStudio.TestTools.Common.TestId"><id type="System.Guid">b0d52f36-7c27-092f-44d3-a296a9f18001</id></m_testId><m_execId type="Microsoft.VisualStudio.TestTools.Common.TestExecId"><id type="System.Guid">48c6691b-5304-405a-a68c-f4f63e51349d</id></m_execId><m_parentExecId type="Microsoft.VisualStudio.TestTools.Common.TestExecId"><id type="System.Guid">00000000-0000-0000-0000-000000000000</id></m_parentExecId><m_categoryId type="Microsoft.VisualStudio.TestTools.Common.TestCategoryId"><id type="System.Guid">8c84fa94-04c1-424b-9868-57a2d4851a1d</id></m_categoryId><m_isTransparent type="System.Boolean">True</m_isTransparent></element><element type="Microsoft.VisualStudio.TestTools.Common.TestEntry"><m_testId type="Microsoft.VisualStudio.TestTools.Common.TestId"><id type="System.Guid">872943a0-ffd3-eec5-a642-ace349b0b594</id></m_testId><m_execId type="Microsoft.VisualStudio.TestTools.Common.TestExecId"><id type="System.Guid">96c8f782-b720-4fb6-aa0e-1e849e1b7023</id></m_execId><m_parentExecId type="Microsoft.VisualStudio.TestTools.Common.TestExecId"><id type="System.Guid">00000000-0000-0000-0000-000000000000</id></m_parentExecId><m_categoryId type="Microsoft.VisualStudio.TestTools.Common.TestCategoryId"><id type="System.Guid">8c84fa94-04c1-424b-9868-57a2d4851a1d</id></m_categoryId><m_isTransparent type="System.Boolean">True</m_isTransparent></element><element type="Microsoft.VisualStudio.TestTools.Common.TestEntry"><m_testId type="Microsoft.VisualStudio.TestTools.Common.TestId"><id type="System.Guid">6e948c17-d41c-62d7-f3fc-355647e7a72e</id></m_testId><m_execId type="Microsoft.VisualStudio.TestTools.Common.TestExecId"><id type="System.Guid">28636f34-2cc6-4543-ac9a-cef193f27c35</id></m_execId><m_parentExecId type="Microsoft.VisualStudio.TestTools.Common.TestExecId"><id type="System.Guid">00000000-0000-0000-0000-000000000000</id></m_parentExecId><m_categoryId type="Microsoft.VisualStudio.TestTools.Common.TestCategoryId"><id type="System.Guid">8c84fa94-04c1-424b-9868-57a2d4851a1d</id></m_categoryId><m_isTransparent type="System.Boolean">True</m_isTransparent></element><element type="Microsoft.VisualStudio.TestTools.Common.TestEntry"><m_testId type="Microsoft.VisualStudio.TestTools.Common.TestId"><id type="System.Guid">82335240-0900-9b54-fa58-d4ee90bff55f</id></m_testId><m_execId type="Microsoft.VisualStudio.TestTools.Common.TestExecId"><id type="System.Guid">8b4b5331-a43f-483f-bfc8-0d6fe585249f</id></m_execId><m_parentExecId type="Microsoft.VisualStudio.TestTools.Common.TestExecId"><id type="System.Guid">00000000-0000-0000-0000-000000000000</id></m_parentExecId><m_categoryId type="Microsoft.VisualStudio.TestTools.Common.TestCategoryId"><id type="System.Guid">8c84fa94-04c1-424b-9868-57a2d4851a1d</id></m_categoryId><m_isTransparent type="System.Boolean">True</m_isTransparent></element><element type="Microsoft.VisualStudio.TestTools.Common.TestEntry"><m_testId type="Microsoft.VisualStudio.TestTools.Common.TestId"><id type="System.Guid">cd032960-81e0-317c-dc16-d3ccb985c2a4</id></m_testId><m_execId type="Microsoft.VisualStudio.TestTools.Common.TestExecId"><id type="System.Guid">cd9e4120-3228-4eac-8bce-b54a82920220</id></m_execId><m_parentExecId type="Microsoft.VisualStudio.TestTools.Common.TestExecId"><id type="System.Guid">00000000-0000-0000-0000-000000000000</id></m_parentExecId><m_categoryId type="Microsoft.VisualStudio.TestTools.Common.TestCategoryId"><id type="System.Guid">8c84fa94-04c1-424b-9868-57a2d4851a1d</id></m_categoryId><m_isTransparent type="System.Boolean">True</m_isTransparent></element><element type="Microsoft.VisualStudio.TestTools.Common.TestEntry"><m_testId type="Microsoft.VisualStudio.TestTools.Common.TestId"><id type="System.Guid">53485f8c-20c8-e957-b3c0-beb4e64eddcb</id></m_testId><m_execId type="Microsoft.VisualStudio.TestTools.Common.TestExecId"><id type="System.Guid">8bb88e32-3184-4d7d-9503-8f1a5c21123a</id></m_execId><m_parentExecId type="Microsoft.VisualStudio.TestTools.Common.TestExecId"><id type="System.Guid">00000000-0000-0000-0000-000000000000</id></m_parentExecId><m_categoryId type="Microsoft.VisualStudio.TestTools.Common.TestCategoryId"><id type="System.Guid">8c84fa94-04c1-424b-9868-57a2d4851a1d</id></m_categoryId><m_isTransparent type="System.Boolean">True</m_isTransparent></element><element type="Microsoft.VisualStudio.TestTools.Common.TestEntry"><m_testId type="Microsoft.VisualStudio.TestTools.Common.TestId"><id type="System.Guid">0dc404d8-50b4-2ea8-152c-0875c0a1e616</id></m_testId><m_execId type="Microsoft.VisualStudio.TestTools.Common.TestExecId"><id type="System.Guid">5e5d3583-f564-49e0-9f99-f57a68c754ac</id></m_execId><m_parentExecId type="Microsoft.VisualStudio.TestTools.Common.TestExecId"><id type="System.Guid">00000000-0000-0000-0000-000000000000</id></m_parentExecId><m_categoryId type="Microsoft.VisualStudio.TestTools.Common.TestCategoryId"><id type="System.Guid">8c84fa94-04c1-424b-9868-57a2d4851a1d</id></m_categoryId><m_isTransparent type="System.Boolean">True</m_isTransparent></element><element type="Microsoft.VisualStudio.TestTools.Common.TestEntry"><m_testId type="Microsoft.VisualStudio.TestTools.Common.TestId"><id type="System.Guid">6e52483d-d153-e470-7fce-6dac1854a9a1</id></m_testId><m_execId type="Microsoft.VisualStudio.TestTools.Common.TestExecId"><id type="System.Guid">ec9085f0-0360-47e5-84e9-42bdb9b0c08d</id></m_execId><m_parentExecId type="Microsoft.VisualStudio.TestTools.Common.TestExecId"><id type="System.Guid">00000000-0000-0000-0000-000000000000</id></m_parentExecId><m_categoryId type="Microsoft.VisualStudio.TestTools.Common.TestCategoryId"><id type="System.Guid">8c84fa94-04c1-424b-9868-57a2d4851a1d</id></m_categoryId><m_isTransparent type="System.Boolean">True</m_isTransparent></element><element type="Microsoft.VisualStudio.TestTools.Common.TestEntry"><m_testId type="Microsoft.VisualStudio.TestTools.Common.TestId"><id type="System.Guid">e8478872-318b-d268-47ba-be83688b1fed</id></m_testId><m_execId type="Microsoft.VisualStudio.TestTools.Common.TestExecId"><id type="System.Guid">e695fafe-a48f-4fe5-9a95-1ec88844e7b9</id></m_execId><m_parentExecId type="Microsoft.VisualStudio.TestTools.Common.TestExecId"><id type="System.Guid">00000000-0000-0000-0000-000000000000</id></m_parentExecId><m_categoryId type="Microsoft.VisualStudio.TestTools.Common.TestCategoryId"><id type="System.Guid">8c84fa94-04c1-424b-9868-57a2d4851a1d</id></m_categoryId><m_isTransparent type="System.Boolean">True</m_isTransparent></element><element type="Microsoft.VisualStudio.TestTools.Common.TestEntry"><m_testId type="Microsoft.VisualStudio.TestTools.Common.TestId"><id type="System.Guid">dd3bedc2-074d-34a1-d811-ef5809cd18ed</id></m_testId><m_execId type="Microsoft.VisualStudio.TestTools.Common.TestExecId"><id type="System.Guid">f4c53dd3-5155-4035-a95b-3fe24d2c0571</id></m_execId><m_parentExecId type="Microsoft.VisualStudio.TestTools.Common.TestExecId"><id type="System.Guid">00000000-0000-0000-0000-000000000000</id></m_parentExecId><m_categoryId type="Microsoft.VisualStudio.TestTools.Common.TestCategoryId"><id type="System.Guid">8c84fa94-04c1-424b-9868-57a2d4851a1d</id></m_categoryId><m_isTransparent type="System.Boolean">True</m_isTransparent></element><element type="Microsoft.VisualStudio.TestTools.Common.TestEntry"><m_testId type="Microsoft.VisualStudio.TestTools.Common.TestId"><id type="System.Guid">535d8bab-9062-db38-0853-0b9d25d54867</id></m_testId><m_execId type="Microsoft.VisualStudio.TestTools.Common.TestExecId"><id type="System.Guid">4f8eff1a-d5d8-459c-a826-6f002bff09a2</id></m_execId><m_parentExecId type="Microsoft.VisualStudio.TestTools.Common.TestExecId"><id type="System.Guid">00000000-0000-0000-0000-000000000000</id></m_parentExecId><m_categoryId type="Microsoft.VisualStudio.TestTools.Common.TestCategoryId"><id type="System.Guid">8c84fa94-04c1-424b-9868-57a2d4851a1d</id></m_categoryId><m_isTransparent type="System.Boolean">True</m_isTransparent></element><element type="Microsoft.VisualStudio.TestTools.Common.TestEntry"><m_testId type="Microsoft.VisualStudio.TestTools.Common.TestId"><id type="System.Guid">d54545c9-fbca-cb89-3e9e-c3b0af57b0fd</id></m_testId><m_execId type="Microsoft.VisualStudio.TestTools.Common.TestExecId"><id type="System.Guid">4f36a7bd-102a-483c-96ee-df961cceb423</id></m_execId><m_parentExecId type="Microsoft.VisualStudio.TestTools.Common.TestExecId"><id type="System.Guid">00000000-0000-0000-0000-000000000000</id></m_parentExecId><m_categoryId type="Microsoft.VisualStudio.TestTools.Common.TestCategoryId"><id type="System.Guid">8c84fa94-04c1-424b-9868-57a2d4851a1d</id></m_categoryId><m_isTransparent type="System.Boolean">True</m_isTransparent></element><element type="Microsoft.VisualStudio.TestTools.Common.TestEntry"><m_testId type="Microsoft.VisualStudio.TestTools.Common.TestId"><id type="System.Guid">4d7a76f4-12d3-f91e-3b5f-366a4fc97576</id></m_testId><m_execId type="Microsoft.VisualStudio.TestTools.Common.TestExecId"><id type="System.Guid">61aabc91-bfe7-48ef-b249-939dd9d5ccd5</id></m_execId><m_parentExecId type="Microsoft.VisualStudio.TestTools.Common.TestExecId"><id type="System.Guid">00000000-0000-0000-0000-000000000000</id></m_parentExecId><m_categoryId type="Microsoft.VisualStudio.TestTools.Common.TestCategoryId"><id type="System.Guid">8c84fa94-04c1-424b-9868-57a2d4851a1d</id></m_categoryId><m_isTransparent type="System.Boolean">True</m_isTransparent></element><element type="Microsoft.VisualStudio.TestTools.Common.TestEntry"><m_testId type="Microsoft.VisualStudio.TestTools.Common.TestId"><id type="System.Guid">36189151-2af2-ef59-c057-35962969b2a4</id></m_testId><m_execId type="Microsoft.VisualStudio.TestTools.Common.TestExecId"><id type="System.Guid">1ccdeddf-8839-4078-b5d2-a578debe5c26</id></m_execId><m_parentExecId type="Microsoft.VisualStudio.TestTools.Common.TestExecId"><id type="System.Guid">00000000-0000-0000-0000-000000000000</id></m_parentExecId><m_categoryId type="Microsoft.VisualStudio.TestTools.Common.TestCategoryId"><id type="System.Guid">8c84fa94-04c1-424b-9868-57a2d4851a1d</id></m_categoryId><m_isTransparent type="System.Boolean">True</m_isTransparent></element><element type="Microsoft.VisualStudio.TestTools.Common.TestEntry"><m_testId type="Microsoft.VisualStudio.TestTools.Common.TestId"><id type="System.Guid">89b205d7-7c95-9b0a-bbb2-3fac745a3d16</id></m_testId><m_execId type="Microsoft.VisualStudio.TestTools.Common.TestExecId"><id type="System.Guid">6e3115d3-a684-4e36-8763-a0003220103f</id></m_execId><m_parentExecId type="Microsoft.VisualStudio.TestTools.Common.TestExecId"><id type="System.Guid">00000000-0000-0000-0000-000000000000</id></m_parentExecId><m_categoryId type="Microsoft.VisualStudio.TestTools.Common.TestCategoryId"><id type="System.Guid">8c84fa94-04c1-424b-9868-57a2d4851a1d</id></m_categoryId><m_isTransparent type="System.Boolean">True</m_isTransparent></element><element type="Microsoft.VisualStudio.TestTools.Common.TestEntry"><m_testId type="Microsoft.VisualStudio.TestTools.Common.TestId"><id type="System.Guid">7e23efc2-2870-7d1b-a3b8-45e9c81dd7b9</id></m_testId><m_execId type="Microsoft.VisualStudio.TestTools.Common.TestExecId"><id type="System.Guid">6c283f66-5489-4219-847b-459b07bad6a2</id></m_execId><m_parentExecId type="Microsoft.VisualStudio.TestTools.Common.TestExecId"><id type="System.Guid">00000000-0000-0000-0000-000000000000</id></m_parentExecId><m_categoryId type="Microsoft.VisualStudio.TestTools.Common.TestCategoryId"><id type="System.Guid">8c84fa94-04c1-424b-9868-57a2d4851a1d</id></m_categoryId><m_isTransparent type="System.Boolean">True</m_isTransparent></element><element type="Microsoft.VisualStudio.TestTools.Common.TestEntry"><m_testId type="Microsoft.VisualStudio.TestTools.Common.TestId"><id type="System.Guid">399c9613-a1f8-d72b-1efe-358f0070b9d4</id></m_testId><m_execId type="Microsoft.VisualStudio.TestTools.Common.TestExecId"><id type="System.Guid">97edfe53-8384-432d-b068-8a0195ed6a86</id></m_execId><m_parentExecId type="Microsoft.VisualStudio.TestTools.Common.TestExecId"><id type="System.Guid">00000000-0000-0000-0000-000000000000</id></m_parentExecId><m_categoryId type="Microsoft.VisualStudio.TestTools.Common.TestCategoryId"><id type="System.Guid">8c84fa94-04c1-424b-9868-57a2d4851a1d</id></m_categoryId><m_isTransparent type="System.Boolean">True</m_isTransparent></element><element type="Microsoft.VisualStudio.TestTools.Common.TestEntry"><m_testId type="Microsoft.VisualStudio.TestTools.Common.TestId"><id type="System.Guid">21374555-177d-6d54-ab8a-3eb40bbd6e23</id></m_testId><m_execId type="Microsoft.VisualStudio.TestTools.Common.TestExecId"><id type="System.Guid">ea672c1b-ddc6-49ba-8053-f8f0a6459bd4</id></m_execId><m_parentExecId type="Microsoft.VisualStudio.TestTools.Common.TestExecId"><id type="System.Guid">00000000-0000-0000-0000-000000000000</id></m_parentExecId><m_categoryId type="Microsoft.VisualStudio.TestTools.Common.TestCategoryId"><id type="System.Guid">8c84fa94-04c1-424b-9868-57a2d4851a1d</id></m_categoryId><m_isTransparent type="System.Boolean">True</m_isTransparent></element><element type="Microsoft.VisualStudio.TestTools.Common.TestEntry"><m_testId type="Microsoft.VisualStudio.TestTools.Common.TestId"><id type="System.Guid">44d7b4dc-5d15-03a4-8ab6-9cc5148eb77d</id></m_testId><m_execId type="Microsoft.VisualStudio.TestTools.Common.TestExecId"><id type="System.Guid">3af51c03-24f2-4e64-880f-3a00409d5ed5</id></m_execId><m_parentExecId type="Microsoft.VisualStudio.TestTools.Common.TestExecId"><id type="System.Guid">00000000-0000-0000-0000-000000000000</id></m_parentExecId><m_categoryId type="Microsoft.VisualStudio.TestTools.Common.TestCategoryId"><id type="System.Guid">8c84fa94-04c1-424b-9868-57a2d4851a1d</id></m_categoryId><m_isTransparent type="System.Boolean">True</m_isTransparent></element><element type="Microsoft.VisualStudio.TestTools.Common.TestEntry"><m_testId type="Microsoft.VisualStudio.TestTools.Common.TestId"><id type="System.Guid">df1e0de8-6482-4068-130e-0aba42815f92</id></m_testId><m_execId type="Microsoft.VisualStudio.TestTools.Common.TestExecId"><id type="System.Guid">ad38c9e0-c312-4ef2-951c-edc7392dca4f</id></m_execId><m_parentExecId type="Microsoft.VisualStudio.TestTools.Common.TestExecId"><id type="System.Guid">00000000-0000-0000-0000-000000000000</id></m_parentExecId><m_categoryId type="Microsoft.VisualStudio.TestTools.Common.TestCategoryId"><id type="System.Guid">8c84fa94-04c1-424b-9868-57a2d4851a1d</id></m_categoryId><m_isTransparent type="System.Boolean">True</m_isTransparent></element><element type="Microsoft.VisualStudio.TestTools.Common.TestEntry"><m_testId type="Microsoft.VisualStudio.TestTools.Common.TestId"><id type="System.Guid">716947b0-6816-d4ca-ccbf-cbdccbda16c1</id></m_testId><m_execId type="Microsoft.VisualStudio.TestTools.Common.TestExecId"><id type="System.Guid">60874f47-8b2b-4a06-8334-d1f03ed3e1e5</id></m_execId><m_parentExecId type="Microsoft.VisualStudio.TestTools.Common.TestExecId"><id type="System.Guid">00000000-0000-0000-0000-000000000000</id></m_parentExecId><m_categoryId type="Microsoft.VisualStudio.TestTools.Common.TestCategoryId"><id type="System.Guid">8c84fa94-04c1-424b-9868-57a2d4851a1d</id></m_categoryId><m_isTransparent type="System.Boolean">True</m_isTransparent></element><element type="Microsoft.VisualStudio.TestTools.Common.TestEntry"><m_testId type="Microsoft.VisualStudio.TestTools.Common.TestId"><id type="System.Guid">c567de29-28b2-3141-a467-67033f11d97e</id></m_testId><m_execId type="Microsoft.VisualStudio.TestTools.Common.TestExecId"><id type="System.Guid">2b950f26-9899-4098-ae0b-3bf60c35cb67</id></m_execId><m_parentExecId type="Microsoft.VisualStudio.TestTools.Common.TestExecId"><id type="System.Guid">00000000-0000-0000-0000-000000000000</id></m_parentExecId><m_categoryId type="Microsoft.VisualStudio.TestTools.Common.TestCategoryId"><id type="System.Guid">8c84fa94-04c1-424b-9868-57a2d4851a1d</id></m_categoryId><m_isTransparent type="System.Boolean">True</m_isTransparent></element><element type="Microsoft.VisualStudio.TestTools.Common.TestEntry"><m_testId type="Microsoft.VisualStudio.TestTools.Common.TestId"><id type="System.Guid">15337960-7825-21f8-6997-490bcb71ab55</id></m_testId><m_execId type="Microsoft.VisualStudio.TestTools.Common.TestExecId"><id type="System.Guid">f890a3a4-a8da-4842-a407-40601723f54d</id></m_execId><m_parentExecId type="Microsoft.VisualStudio.TestTools.Common.TestExecId"><id type="System.Guid">00000000-0000-0000-0000-000000000000</id></m_parentExecId><m_categoryId type="Microsoft.VisualStudio.TestTools.Common.TestCategoryId"><id type="System.Guid">8c84fa94-04c1-424b-9868-57a2d4851a1d</id></m_categoryId><m_isTransparent type="System.Boolean">True</m_isTransparent></element><element type="Microsoft.VisualStudio.TestTools.Common.TestEntry"><m_testId type="Microsoft.VisualStudio.TestTools.Common.TestId"><id type="System.Guid">2eb2a240-3e8d-f98e-783b-d90e5979ac13</id></m_testId><m_execId type="Microsoft.VisualStudio.TestTools.Common.TestExecId"><id type="System.Guid">02ccc215-c4ac-4168-9118-14bb14fab25c</id></m_execId><m_parentExecId type="Microsoft.VisualStudio.TestTools.Common.TestExecId"><id type="System.Guid">00000000-0000-0000-0000-000000000000</id></m_parentExecId><m_categoryId type="Microsoft.VisualStudio.TestTools.Common.TestCategoryId"><id type="System.Guid">8c84fa94-04c1-424b-9868-57a2d4851a1d</id></m_categoryId><m_isTransparent type="System.Boolean">True</m_isTransparent></element><element type="Microsoft.VisualStudio.TestTools.Common.TestEntry"><m_testId type="Microsoft.VisualStudio.TestTools.Common.TestId"><id type="System.Guid">7e5abb03-98bf-98f3-af10-994573b4f00b</id></m_testId><m_execId type="Microsoft.VisualStudio.TestTools.Common.TestExecId"><id type="System.Guid">01a6773e-7ce9-4a7e-9bd9-013677a22a73</id></m_execId><m_parentExecId type="Microsoft.VisualStudio.TestTools.Common.TestExecId"><id type="System.Guid">00000000-0000-0000-0000-000000000000</id></m_parentExecId><m_categoryId type="Microsoft.VisualStudio.TestTools.Common.TestCategoryId"><id type="System.Guid">8c84fa94-04c1-424b-9868-57a2d4851a1d</id></m_categoryId><m_isTransparent type="System.Boolean">True</m_isTransparent></element><element type="Microsoft.VisualStudio.TestTools.Common.TestEntry"><m_testId type="Microsoft.VisualStudio.TestTools.Common.TestId"><id type="System.Guid">e7ed4c36-f66c-4b8e-53f7-2a5d1b94ec2f</id></m_testId><m_execId type="Microsoft.VisualStudio.TestTools.Common.TestExecId"><id type="System.Guid">02a340fc-8b1a-41de-98cc-cd766316a086</id></m_execId><m_parentExecId type="Microsoft.VisualStudio.TestTools.Common.TestExecId"><id type="System.Guid">00000000-0000-0000-0000-000000000000</id></m_parentExecId><m_categoryId type="Microsoft.VisualStudio.TestTools.Common.TestCategoryId"><id type="System.Guid">8c84fa94-04c1-424b-9868-57a2d4851a1d</id></m_categoryId><m_isTransparent type="System.Boolean">True</m_isTransparent></element><element type="Microsoft.VisualStudio.TestTools.Common.TestEntry"><m_testId type="Microsoft.VisualStudio.TestTools.Common.TestId"><id type="System.Guid">3312ba65-5355-4e0e-1d37-1593721005ab</id></m_testId><m_execId type="Microsoft.VisualStudio.TestTools.Common.TestExecId"><id type="System.Guid">01414823-367d-4ab9-8608-6fb1a8cf032d</id></m_execId><m_parentExecId type="Microsoft.VisualStudio.TestTools.Common.TestExecId"><id type="System.Guid">00000000-0000-0000-0000-000000000000</id></m_parentExecId><m_categoryId type="Microsoft.VisualStudio.TestTools.Common.TestCategoryId"><id type="System.Guid">8c84fa94-04c1-424b-9868-57a2d4851a1d</id></m_categoryId><m_isTransparent type="System.Boolean">True</m_isTransparent></element><element type="Microsoft.VisualStudio.TestTools.Common.TestEntry"><m_testId type="Microsoft.VisualStudio.TestTools.Common.TestId"><id type="System.Guid">3ab55965-9db6-5cb7-09d6-a3891a808343</id></m_testId><m_execId type="Microsoft.VisualStudio.TestTools.Common.TestExecId"><id type="System.Guid">c03bda5b-3f91-44a1-8f70-88ca4b24816e</id></m_execId><m_parentExecId type="Microsoft.VisualStudio.TestTools.Common.TestExecId"><id type="System.Guid">00000000-0000-0000-0000-000000000000</id></m_parentExecId><m_categoryId type="Microsoft.VisualStudio.TestTools.Common.TestCategoryId"><id type="System.Guid">8c84fa94-04c1-424b-9868-57a2d4851a1d</id></m_categoryId><m_isTransparent type="System.Boolean">True</m_isTransparent></element><element type="Microsoft.VisualStudio.TestTools.Common.TestEntry"><m_testId type="Microsoft.VisualStudio.TestTools.Common.TestId"><id type="System.Guid">34d61fcf-1a77-f51a-b24b-fe2e73941feb</id></m_testId><m_execId type="Microsoft.VisualStudio.TestTools.Common.TestExecId"><id type="System.Guid">33916f42-f755-4ffe-8f7f-cd7455bc3742</id></m_execId><m_parentExecId type="Microsoft.VisualStudio.TestTools.Common.TestExecId"><id type="System.Guid">00000000-0000-0000-0000-000000000000</id></m_parentExecId><m_categoryId type="Microsoft.VisualStudio.TestTools.Common.TestCategoryId"><id type="System.Guid">8c84fa94-04c1-424b-9868-57a2d4851a1d</id></m_categoryId><m_isTransparent type="System.Boolean">True</m_isTransparent></element><element type="Microsoft.VisualStudio.TestTools.Common.TestEntry"><m_testId type="Microsoft.VisualStudio.TestTools.Common.TestId"><id type="System.Guid">55bc5f46-9681-1f3b-2ab7-9a1ea4009c80</id></m_testId><m_execId type="Microsoft.VisualStudio.TestTools.Common.TestExecId"><id type="System.Guid">ee8a5e0f-7864-4e3e-b9ee-796f0c2d4bbc</id></m_execId><m_parentExecId type="Microsoft.VisualStudio.TestTools.Common.TestExecId"><id type="System.Guid">00000000-0000-0000-0000-000000000000</id></m_parentExecId><m_categoryId type="Microsoft.VisualStudio.TestTools.Common.TestCategoryId"><id type="System.Guid">8c84fa94-04c1-424b-9868-57a2d4851a1d</id></m_categoryId><m_isTransparent type="System.Boolean">True</m_isTransparent></element><element type="Microsoft.VisualStudio.TestTools.Common.TestEntry"><m_testId type="Microsoft.VisualStudio.TestTools.Common.TestId"><id type="System.Guid">75ce7ae8-e49c-a37c-80bc-ddce749d058a</id></m_testId><m_execId type="Microsoft.VisualStudio.TestTools.Common.TestExecId"><id type="System.Guid">1a0ce48e-f7cc-4f57-9c09-6c51377a9771</id></m_execId><m_parentExecId type="Microsoft.VisualStudio.TestTools.Common.TestExecId"><id type="System.Guid">00000000-0000-0000-0000-000000000000</id></m_parentExecId><m_categoryId type="Microsoft.VisualStudio.TestTools.Common.TestCategoryId"><id type="System.Guid">8c84fa94-04c1-424b-9868-57a2d4851a1d</id></m_categoryId><m_isTransparent type="System.Boolean">True</m_isTransparent></element><element type="Microsoft.VisualStudio.TestTools.Common.TestEntry"><m_testId type="Microsoft.VisualStudio.TestTools.Common.TestId"><id type="System.Guid">2861ea0b-2060-4fd4-84f9-cd7eb0b7a98a</id></m_testId><m_execId type="Microsoft.VisualStudio.TestTools.Common.TestExecId"><id type="System.Guid">672c1827-3240-4176-b737-02803225719a</id></m_execId><m_parentExecId type="Microsoft.VisualStudio.TestTools.Common.TestExecId"><id type="System.Guid">00000000-0000-0000-0000-000000000000</id></m_parentExecId><m_categoryId type="Microsoft.VisualStudio.TestTools.Common.TestCategoryId"><id type="System.Guid">8c84fa94-04c1-424b-9868-57a2d4851a1d</id></m_categoryId><m_isTransparent type="System.Boolean">True</m_isTransparent></element><element type="Microsoft.VisualStudio.TestTools.Common.TestEntry"><m_testId type="Microsoft.VisualStudio.TestTools.Common.TestId"><id type="System.Guid">59c30192-8ed1-0ed5-f658-2191b8edf611</id></m_testId><m_execId type="Microsoft.VisualStudio.TestTools.Common.TestExecId"><id type="System.Guid">3ac75b0f-cb48-4f2d-ad74-f1ae889ba559</id></m_execId><m_parentExecId type="Microsoft.VisualStudio.TestTools.Common.TestExecId"><id type="System.Guid">00000000-0000-0000-0000-000000000000</id></m_parentExecId><m_categoryId type="Microsoft.VisualStudio.TestTools.Common.TestCategoryId"><id type="System.Guid">8c84fa94-04c1-424b-9868-57a2d4851a1d</id></m_categoryId><m_isTransparent type="System.Boolean">True</m_isTransparent></element><element type="Microsoft.VisualStudio.TestTools.Common.TestEntry"><m_testId type="Microsoft.VisualStudio.TestTools.Common.TestId"><id type="System.Guid">039a39f6-2da3-e8e8-ad74-00e505090449</id></m_testId><m_execId type="Microsoft.VisualStudio.TestTools.Common.TestExecId"><id type="System.Guid">77d899c8-951e-4cb3-8ae0-2b06e4d0a464</id></m_execId><m_parentExecId type="Microsoft.VisualStudio.TestTools.Common.TestExecId"><id type="System.Guid">00000000-0000-0000-0000-000000000000</id></m_parentExecId><m_categoryId type="Microsoft.VisualStudio.TestTools.Common.TestCategoryId"><id type="System.Guid">8c84fa94-04c1-424b-9868-57a2d4851a1d</id></m_categoryId><m_isTransparent type="System.Boolean">True</m_isTransparent></element><element type="Microsoft.VisualStudio.TestTools.Common.TestEntry"><m_testId type="Microsoft.VisualStudio.TestTools.Common.TestId"><id type="System.Guid">3c81a04e-97a4-758c-0af5-48e342f567ed</id></m_testId><m_execId type="Microsoft.VisualStudio.TestTools.Common.TestExecId"><id type="System.Guid">e55da787-a830-4caf-a010-aa0161bc4f73</id></m_execId><m_parentExecId type="Microsoft.VisualStudio.TestTools.Common.TestExecId"><id type="System.Guid">00000000-0000-0000-0000-000000000000</id></m_parentExecId><m_categoryId type="Microsoft.VisualStudio.TestTools.Common.TestCategoryId"><id type="System.Guid">8c84fa94-04c1-424b-9868-57a2d4851a1d</id></m_categoryId><m_isTransparent type="System.Boolean">True</m_isTransparent></element><element type="Microsoft.VisualStudio.TestTools.Common.TestEntry"><m_testId type="Microsoft.VisualStudio.TestTools.Common.TestId"><id type="System.Guid">a97148e0-39d0-7bb8-7ddc-9755d7305489</id></m_testId><m_execId type="Microsoft.VisualStudio.TestTools.Common.TestExecId"><id type="System.Guid">a0f1cfdd-ccec-4f5b-8394-cebbd75666cc</id></m_execId><m_parentExecId type="Microsoft.VisualStudio.TestTools.Common.TestExecId"><id type="System.Guid">00000000-0000-0000-0000-000000000000</id></m_parentExecId><m_categoryId type="Microsoft.VisualStudio.TestTools.Common.TestCategoryId"><id type="System.Guid">8c84fa94-04c1-424b-9868-57a2d4851a1d</id></m_categoryId><m_isTransparent type="System.Boolean">True</m_isTransparent></element><element type="Microsoft.VisualStudio.TestTools.Common.TestEntry"><m_testId type="Microsoft.VisualStudio.TestTools.Common.TestId"><id type="System.Guid">c1a45d77-1896-7468-59e6-5fbfc0e5a7dd</id></m_testId><m_execId type="Microsoft.VisualStudio.TestTools.Common.TestExecId"><id type="System.Guid">0a058fd5-f292-486b-aab9-cafaa435cf1b</id></m_execId><m_parentExecId type="Microsoft.VisualStudio.TestTools.Common.TestExecId"><id type="System.Guid">00000000-0000-0000-0000-000000000000</id></m_parentExecId><m_categoryId type="Microsoft.VisualStudio.TestTools.Common.TestCategoryId"><id type="System.Guid">8c84fa94-04c1-424b-9868-57a2d4851a1d</id></m_categoryId><m_isTransparent type="System.Boolean">True</m_isTransparent></element><element type="Microsoft.VisualStudio.TestTools.Common.TestEntry"><m_testId type="Microsoft.VisualStudio.TestTools.Common.TestId"><id type="System.Guid">8044e7a0-0827-10bc-b5b9-b1af30e53df5</id></m_testId><m_execId type="Microsoft.VisualStudio.TestTools.Common.TestExecId"><id type="System.Guid">680c5cea-00d7-491e-be6f-754bdcd26ce2</id></m_execId><m_parentExecId type="Microsoft.VisualStudio.TestTools.Common.TestExecId"><id type="System.Guid">00000000-0000-0000-0000-000000000000</id></m_parentExecId><m_categoryId type="Microsoft.VisualStudio.TestTools.Common.TestCategoryId"><id type="System.Guid">8c84fa94-04c1-424b-9868-57a2d4851a1d</id></m_categoryId><m_isTransparent type="System.Boolean">True</m_isTransparent></element><element type="Microsoft.VisualStudio.TestTools.Common.TestEntry"><m_testId type="Microsoft.VisualStudio.TestTools.Common.TestId"><id type="System.Guid">59ad732d-24db-ddfa-3652-24e11cdaeac4</id></m_testId><m_execId type="Microsoft.VisualStudio.TestTools.Common.TestExecId"><id type="System.Guid">7ea66ae1-5edf-4aff-a242-0af6073ea6b2</id></m_execId><m_parentExecId type="Microsoft.VisualStudio.TestTools.Common.TestExecId"><id type="System.Guid">00000000-0000-0000-0000-000000000000</id></m_parentExecId><m_categoryId type="Microsoft.VisualStudio.TestTools.Common.TestCategoryId"><id type="System.Guid">8c84fa94-04c1-424b-9868-57a2d4851a1d</id></m_categoryId><m_isTransparent type="System.Boolean">True</m_isTransparent></element><element type="Microsoft.VisualStudio.TestTools.Common.TestEntry"><m_testId type="Microsoft.VisualStudio.TestTools.Common.TestId"><id type="System.Guid">ff82d1cd-af9d-069c-3586-69b80bc01c8b</id></m_testId><m_execId type="Microsoft.VisualStudio.TestTools.Common.TestExecId"><id type="System.Guid">5a66e3ff-c487-4204-b5d9-6d5a3fa4bc53</id></m_execId><m_parentExecId type="Microsoft.VisualStudio.TestTools.Common.TestExecId"><id type="System.Guid">00000000-0000-0000-0000-000000000000</id></m_parentExecId><m_categoryId type="Microsoft.VisualStudio.TestTools.Common.TestCategoryId"><id type="System.Guid">8c84fa94-04c1-424b-9868-57a2d4851a1d</id></m_categoryId><m_isTransparent type="System.Boolean">True</m_isTransparent></element><element type="Microsoft.VisualStudio.TestTools.Common.TestEntry"><m_testId type="Microsoft.VisualStudio.TestTools.Common.TestId"><id type="System.Guid">419eb8dc-1c19-c220-02f2-333b2f77ab98</id></m_testId><m_execId type="Microsoft.VisualStudio.TestTools.Common.TestExecId"><id type="System.Guid">1cf27a5c-df8a-454b-9492-af9e3f66587b</id></m_execId><m_parentExecId type="Microsoft.VisualStudio.TestTools.Common.TestExecId"><id type="System.Guid">00000000-0000-0000-0000-000000000000</id></m_parentExecId><m_categoryId type="Microsoft.VisualStudio.TestTools.Common.TestCategoryId"><id type="System.Guid">8c84fa94-04c1-424b-9868-57a2d4851a1d</id></m_categoryId><m_isTransparent type="System.Boolean">True</m_isTransparent></element><element type="Microsoft.VisualStudio.TestTools.Common.TestEntry"><m_testId type="Microsoft.VisualStudio.TestTools.Common.TestId"><id type="System.Guid">87dee82e-e35b-de1b-f2fb-d0da190f2393</id></m_testId><m_execId type="Microsoft.VisualStudio.TestTools.Common.TestExecId"><id type="System.Guid">75c85dcc-6646-49c7-8244-f2c9e6dcf8a9</id></m_execId><m_parentExecId type="Microsoft.VisualStudio.TestTools.Common.TestExecId"><id type="System.Guid">00000000-0000-0000-0000-000000000000</id></m_parentExecId><m_categoryId type="Microsoft.VisualStudio.TestTools.Common.TestCategoryId"><id type="System.Guid">8c84fa94-04c1-424b-9868-57a2d4851a1d</id></m_categoryId><m_isTransparent type="System.Boolean">True</m_isTransparent></element><element type="Microsoft.VisualStudio.TestTools.Common.TestEntry"><m_testId type="Microsoft.VisualStudio.TestTools.Common.TestId"><id type="System.Guid">3e27f1e4-2f5a-10bd-ae92-0333997f9d4d</id></m_testId><m_execId type="Microsoft.VisualStudio.TestTools.Common.TestExecId"><id type="System.Guid">95a1d9dd-7362-4a85-a33f-56ab1586180b</id></m_execId><m_parentExecId type="Microsoft.VisualStudio.TestTools.Common.TestExecId"><id type="System.Guid">00000000-0000-0000-0000-000000000000</id></m_parentExecId><m_categoryId type="Microsoft.VisualStudio.TestTools.Common.TestCategoryId"><id type="System.Guid">8c84fa94-04c1-424b-9868-57a2d4851a1d</id></m_categoryId><m_isTransparent type="System.Boolean">True</m_isTransparent></element><element type="Microsoft.VisualStudio.TestTools.Common.TestEntry"><m_testId type="Microsoft.VisualStudio.TestTools.Common.TestId"><id type="System.Guid">cf091143-0dd3-e78f-f5d3-03b201cf1432</id></m_testId><m_execId type="Microsoft.VisualStudio.TestTools.Common.TestExecId"><id type="System.Guid">091751dc-74e1-4d45-9806-b89269276a78</id></m_execId><m_parentExecId type="Microsoft.VisualStudio.TestTools.Common.TestExecId"><id type="System.Guid">00000000-0000-0000-0000-000000000000</id></m_parentExecId><m_categoryId type="Microsoft.VisualStudio.TestTools.Common.TestCategoryId"><id type="System.Guid">8c84fa94-04c1-424b-9868-57a2d4851a1d</id></m_categoryId><m_isTransparent type="System.Boolean">True</m_isTransparent></element><element type="Microsoft.VisualStudio.TestTools.Common.TestEntry"><m_testId type="Microsoft.VisualStudio.TestTools.Common.TestId"><id type="System.Guid">5a856387-6486-3be5-ef68-9aae9bdec064</id></m_testId><m_execId type="Microsoft.VisualStudio.TestTools.Common.TestExecId"><id type="System.Guid">3d1d152f-6b66-4c69-b0ed-ba5eb62243a6</id></m_execId><m_parentExecId type="Microsoft.VisualStudio.TestTools.Common.TestExecId"><id type="System.Guid">00000000-0000-0000-0000-000000000000</id></m_parentExecId><m_categoryId type="Microsoft.VisualStudio.TestTools.Common.TestCategoryId"><id type="System.Guid">8c84fa94-04c1-424b-9868-57a2d4851a1d</id></m_categoryId><m_isTransparent type="System.Boolean">True</m_isTransparent></element><element type="Microsoft.VisualStudio.TestTools.Common.TestEntry"><m_testId type="Microsoft.VisualStudio.TestTools.Common.TestId"><id type="System.Guid">cc4a30fb-47c4-56a1-9701-fff49096bbe1</id></m_testId><m_execId type="Microsoft.VisualStudio.TestTools.Common.TestExecId"><id type="System.Guid">7bc77dea-7500-4e6c-856f-bd471e0f28cc</id></m_execId><m_parentExecId type="Microsoft.VisualStudio.TestTools.Common.TestExecId"><id type="System.Guid">00000000-0000-0000-0000-000000000000</id></m_parentExecId><m_categoryId type="Microsoft.VisualStudio.TestTools.Common.TestCategoryId"><id type="System.Guid">8c84fa94-04c1-424b-9868-57a2d4851a1d</id></m_categoryId><m_isTransparent type="System.Boolean">True</m_isTransparent></element><element type="Microsoft.VisualStudio.TestTools.Common.TestEntry"><m_testId type="Microsoft.VisualStudio.TestTools.Common.TestId"><id type="System.Guid">28086a42-9c89-63d1-03f1-eb299410f11f</id></m_testId><m_execId type="Microsoft.VisualStudio.TestTools.Common.TestExecId"><id type="System.Guid">6b792152-b969-4e18-adba-9bc383240e51</id></m_execId><m_parentExecId type="Microsoft.VisualStudio.TestTools.Common.TestExecId"><id type="System.Guid">00000000-0000-0000-0000-000000000000</id></m_parentExecId><m_categoryId type="Microsoft.VisualStudio.TestTools.Common.TestCategoryId"><id type="System.Guid">8c84fa94-04c1-424b-9868-57a2d4851a1d</id></m_categoryId><m_isTransparent type="System.Boolean">True</m_isTransparent></element><element type="Microsoft.VisualStudio.TestTools.Common.TestEntry"><m_testId type="Microsoft.VisualStudio.TestTools.Common.TestId"><id type="System.Guid">fb016efd-ee83-669d-1f45-baa4c1770507</id></m_testId><m_execId type="Microsoft.VisualStudio.TestTools.Common.TestExecId"><id type="System.Guid">9fc9b60e-159c-4463-afd0-cfda01edda62</id></m_execId><m_parentExecId type="Microsoft.VisualStudio.TestTools.Common.TestExecId"><id type="System.Guid">00000000-0000-0000-0000-000000000000</id></m_parentExecId><m_categoryId type="Microsoft.VisualStudio.TestTools.Common.TestCategoryId"><id type="System.Guid">8c84fa94-04c1-424b-9868-57a2d4851a1d</id></m_categoryId><m_isTransparent type="System.Boolean">True</m_isTransparent></element><element type="Microsoft.VisualStudio.TestTools.Common.TestEntry"><m_testId type="Microsoft.VisualStudio.TestTools.Common.TestId"><id type="System.Guid">709b223e-a952-c4eb-dabf-a668b344f9be</id></m_testId><m_execId type="Microsoft.VisualStudio.TestTools.Common.TestExecId"><id type="System.Guid">0052d423-757d-4575-98c0-42c434b9fe6f</id></m_execId><m_parentExecId type="Microsoft.VisualStudio.TestTools.Common.TestExecId"><id type="System.Guid">00000000-0000-0000-0000-000000000000</id></m_parentExecId><m_categoryId type="Microsoft.VisualStudio.TestTools.Common.TestCategoryId"><id type="System.Guid">8c84fa94-04c1-424b-9868-57a2d4851a1d</id></m_categoryId><m_isTransparent type="System.Boolean">True</m_isTransparent></element><element type="Microsoft.VisualStudio.TestTools.Common.TestEntry"><m_testId type="Microsoft.VisualStudio.TestTools.Common.TestId"><id type="System.Guid">69696e19-bba5-9baf-41a1-ee8fa51cd09b</id></m_testId><m_execId type="Microsoft.VisualStudio.TestTools.Common.TestExecId"><id type="System.Guid">5d6f1dd3-d8e5-4d26-9b7f-676f68b8320a</id></m_execId><m_parentExecId type="Microsoft.VisualStudio.TestTools.Common.TestExecId"><id type="System.Guid">00000000-0000-0000-0000-000000000000</id></m_parentExecId><m_categoryId type="Microsoft.VisualStudio.TestTools.Common.TestCategoryId"><id type="System.Guid">8c84fa94-04c1-424b-9868-57a2d4851a1d</id></m_categoryId><m_isTransparent type="System.Boolean">True</m_isTransparent></element><element type="Microsoft.VisualStudio.TestTools.Common.TestEntry"><m_testId type="Microsoft.VisualStudio.TestTools.Common.TestId"><id type="System.Guid">60ad9cbf-6d27-58a9-03bc-8d4f554fe062</id></m_testId><m_execId type="Microsoft.VisualStudio.TestTools.Common.TestExecId"><id type="System.Guid">3c72dd6e-2561-4d97-aa46-2e0568bfedcc</id></m_execId><m_parentExecId type="Microsoft.VisualStudio.TestTools.Common.TestExecId"><id type="System.Guid">00000000-0000-0000-0000-000000000000</id></m_parentExecId><m_categoryId type="Microsoft.VisualStudio.TestTools.Common.TestCategoryId"><id type="System.Guid">8c84fa94-04c1-424b-9868-57a2d4851a1d</id></m_categoryId><m_isTransparent type="System.Boolean">True</m_isTransparent></element><element type="Microsoft.VisualStudio.TestTools.Common.TestEntry"><m_testId type="Microsoft.VisualStudio.TestTools.Common.TestId"><id type="System.Guid">58a60d8c-db60-4fd5-7ad8-301055d9d19f</id></m_testId><m_execId type="Microsoft.VisualStudio.TestTools.Common.TestExecId"><id type="System.Guid">8a5458b7-d7fa-4395-99af-0fb4dd112199</id></m_execId><m_parentExecId type="Microsoft.VisualStudio.TestTools.Common.TestExecId"><id type="System.Guid">00000000-0000-0000-0000-000000000000</id></m_parentExecId><m_categoryId type="Microsoft.VisualStudio.TestTools.Common.TestCategoryId"><id type="System.Guid">8c84fa94-04c1-424b-9868-57a2d4851a1d</id></m_categoryId><m_isTransparent type="System.Boolean">True</m_isTransparent></element><element type="Microsoft.VisualStudio.TestTools.Common.TestEntry"><m_testId type="Microsoft.VisualStudio.TestTools.Common.TestId"><id type="System.Guid">52bafb84-2280-5590-1471-c9226ba16057</id></m_testId><m_execId type="Microsoft.VisualStudio.TestTools.Common.TestExecId"><id type="System.Guid">fe56f251-0d56-4afd-b95b-a9b66ebf52e4</id></m_execId><m_parentExecId type="Microsoft.VisualStudio.TestTools.Common.TestExecId"><id type="System.Guid">00000000-0000-0000-0000-000000000000</id></m_parentExecId><m_categoryId type="Microsoft.VisualStudio.TestTools.Common.TestCategoryId"><id type="System.Guid">8c84fa94-04c1-424b-9868-57a2d4851a1d</id></m_categoryId><m_isTransparent type="System.Boolean">True</m_isTransparent></element><element type="Microsoft.VisualStudio.TestTools.Common.TestEntry"><m_testId type="Microsoft.VisualStudio.TestTools.Common.TestId"><id type="System.Guid">3e56ec43-ad72-0dbc-1fc6-3a10d7dd4c35</id></m_testId><m_execId type="Microsoft.VisualStudio.TestTools.Common.TestExecId"><id type="System.Guid">3093c97b-0802-435e-b7ec-9e1c2bef3aba</id></m_execId><m_parentExecId type="Microsoft.VisualStudio.TestTools.Common.TestExecId"><id type="System.Guid">00000000-0000-0000-0000-000000000000</id></m_parentExecId><m_categoryId type="Microsoft.VisualStudio.TestTools.Common.TestCategoryId"><id type="System.Guid">8c84fa94-04c1-424b-9868-57a2d4851a1d</id></m_categoryId><m_isTransparent type="System.Boolean">True</m_isTransparent></element><element type="Microsoft.VisualStudio.TestTools.Common.TestEntry"><m_testId type="Microsoft.VisualStudio.TestTools.Common.TestId"><id type="System.Guid">33146366-1446-3536-bf6c-c7a570cea11d</id></m_testId><m_execId type="Microsoft.VisualStudio.TestTools.Common.TestExecId"><id type="System.Guid">45c7e259-883d-4db3-bd67-43600acb88d2</id></m_execId><m_parentExecId type="Microsoft.VisualStudio.TestTools.Common.TestExecId"><id type="System.Guid">00000000-0000-0000-0000-000000000000</id></m_parentExecId><m_categoryId type="Microsoft.VisualStudio.TestTools.Common.TestCategoryId"><id type="System.Guid">8c84fa94-04c1-424b-9868-57a2d4851a1d</id></m_categoryId><m_isTransparent type="System.Boolean">True</m_isTransparent></element><element type="Microsoft.VisualStudio.TestTools.Common.TestEntry"><m_testId type="Microsoft.VisualStudio.TestTools.Common.TestId"><id type="System.Guid">e0ba393a-d99a-7b84-067f-2096f2825b94</id></m_testId><m_execId type="Microsoft.VisualStudio.TestTools.Common.TestExecId"><id type="System.Guid">de5e6c3a-7cac-4257-a400-9237e2c14842</id></m_execId><m_parentExecId type="Microsoft.VisualStudio.TestTools.Common.TestExecId"><id type="System.Guid">00000000-0000-0000-0000-000000000000</id></m_parentExecId><m_categoryId type="Microsoft.VisualStudio.TestTools.Common.TestCategoryId"><id type="System.Guid">8c84fa94-04c1-424b-9868-57a2d4851a1d</id></m_categoryId><m_isTransparent type="System.Boolean">True</m_isTransparent></element><element type="Microsoft.VisualStudio.TestTools.Common.TestEntry"><m_testId type="Microsoft.VisualStudio.TestTools.Common.TestId"><id type="System.Guid">e540d12d-ef22-3359-a5c2-e54877846606</id></m_testId><m_execId type="Microsoft.VisualStudio.TestTools.Common.TestExecId"><id type="System.Guid">3abb0b2f-d366-438d-aac6-0b8e6d1ea5dc</id></m_execId><m_parentExecId type="Microsoft.VisualStudio.TestTools.Common.TestExecId"><id type="System.Guid">00000000-0000-0000-0000-000000000000</id></m_parentExecId><m_categoryId type="Microsoft.VisualStudio.TestTools.Common.TestCategoryId"><id type="System.Guid">8c84fa94-04c1-424b-9868-57a2d4851a1d</id></m_categoryId><m_isTransparent type="System.Boolean">True</m_isTransparent></element><element type="Microsoft.VisualStudio.TestTools.Common.TestEntry"><m_testId type="Microsoft.VisualStudio.TestTools.Common.TestId"><id type="System.Guid">f185c615-863e-4e84-29d5-8e5005197cce</id></m_testId><m_execId type="Microsoft.VisualStudio.TestTools.Common.TestExecId"><id type="System.Guid">04d01662-2f98-4cd8-bd3e-3e68853aa937</id></m_execId><m_parentExecId type="Microsoft.VisualStudio.TestTools.Common.TestExecId"><id type="System.Guid">00000000-0000-0000-0000-000000000000</id></m_parentExecId><m_categoryId type="Microsoft.VisualStudio.TestTools.Common.TestCategoryId"><id type="System.Guid">8c84fa94-04c1-424b-9868-57a2d4851a1d</id></m_categoryId><m_isTransparent type="System.Boolean">True</m_isTransparent></element><element type="Microsoft.VisualStudio.TestTools.Common.TestEntry"><m_testId type="Microsoft.VisualStudio.TestTools.Common.TestId"><id type="System.Guid">999406ca-ef1e-776d-5c1d-e048d4936df0</id></m_testId><m_execId type="Microsoft.VisualStudio.TestTools.Common.TestExecId"><id type="System.Guid">a9281011-f1a6-477c-8663-1a7dccc3c3fc</id></m_execId><m_parentExecId type="Microsoft.VisualStudio.TestTools.Common.TestExecId"><id type="System.Guid">00000000-0000-0000-0000-000000000000</id></m_parentExecId><m_categoryId type="Microsoft.VisualStudio.TestTools.Common.TestCategoryId"><id type="System.Guid">8c84fa94-04c1-424b-9868-57a2d4851a1d</id></m_categoryId><m_isTransparent type="System.Boolean">True</m_isTransparent></element><element type="Microsoft.VisualStudio.TestTools.Common.TestEntry"><m_testId type="Microsoft.VisualStudio.TestTools.Common.TestId"><id type="System.Guid">6a28352d-ed97-983b-759f-302b085007c4</id></m_testId><m_execId type="Microsoft.VisualStudio.TestTools.Common.TestExecId"><id type="System.Guid">d0ceac25-d5e8-434b-a797-2f7c2266f41b</id></m_execId><m_parentExecId type="Microsoft.VisualStudio.TestTools.Common.TestExecId"><id type="System.Guid">00000000-0000-0000-0000-000000000000</id></m_parentExecId><m_categoryId type="Microsoft.VisualStudio.TestTools.Common.TestCategoryId"><id type="System.Guid">8c84fa94-04c1-424b-9868-57a2d4851a1d</id></m_categoryId><m_isTransparent type="System.Boolean">True</m_isTransparent></element><element type="Microsoft.VisualStudio.TestTools.Common.TestEntry"><m_testId type="Microsoft.VisualStudio.TestTools.Common.TestId"><id type="System.Guid">c4d02112-383d-a078-67c4-99ae0400462c</id></m_testId><m_execId type="Microsoft.VisualStudio.TestTools.Common.TestExecId"><id type="System.Guid">db68657d-8022-4058-83bf-07c5eca073c3</id></m_execId><m_parentExecId type="Microsoft.VisualStudio.TestTools.Common.TestExecId"><id type="System.Guid">00000000-0000-0000-0000-000000000000</id></m_parentExecId><m_categoryId type="Microsoft.VisualStudio.TestTools.Common.TestCategoryId"><id type="System.Guid">8c84fa94-04c1-424b-9868-57a2d4851a1d</id></m_categoryId><m_isTransparent type="System.Boolean">True</m_isTransparent></element><element type="Microsoft.VisualStudio.TestTools.Common.TestEntry"><m_testId type="Microsoft.VisualStudio.TestTools.Common.TestId"><id type="System.Guid">febd3b8f-568f-4ae7-8e10-154e1a47b372</id></m_testId><m_execId type="Microsoft.VisualStudio.TestTools.Common.TestExecId"><id type="System.Guid">0648f033-30ea-4905-94d7-9848e26e7dbd</id></m_execId><m_parentExecId type="Microsoft.VisualStudio.TestTools.Common.TestExecId"><id type="System.Guid">00000000-0000-0000-0000-000000000000</id></m_parentExecId><m_categoryId type="Microsoft.VisualStudio.TestTools.Common.TestCategoryId"><id type="System.Guid">8c84fa94-04c1-424b-9868-57a2d4851a1d</id></m_categoryId><m_isTransparent type="System.Boolean">True</m_isTransparent></element><element type="Microsoft.VisualStudio.TestTools.Common.TestEntry"><m_testId type="Microsoft.VisualStudio.TestTools.Common.TestId"><id type="System.Guid">7627c311-2c0f-d102-7993-81fa67531056</id></m_testId><m_execId type="Microsoft.VisualStudio.TestTools.Common.TestExecId"><id type="System.Guid">4d3ca5ba-a2d2-4631-bf87-942917773131</id></m_execId><m_parentExecId type="Microsoft.VisualStudio.TestTools.Common.TestExecId"><id type="System.Guid">00000000-0000-0000-0000-000000000000</id></m_parentExecId><m_categoryId type="Microsoft.VisualStudio.TestTools.Common.TestCategoryId"><id type="System.Guid">8c84fa94-04c1-424b-9868-57a2d4851a1d</id></m_categoryId><m_isTransparent type="System.Boolean">True</m_isTransparent></element><element type="Microsoft.VisualStudio.TestTools.Common.TestEntry"><m_testId type="Microsoft.VisualStudio.TestTools.Common.TestId"><id type="System.Guid">f5e2835d-922d-9570-8f5d-6ff4d4e48b1d</id></m_testId><m_execId type="Microsoft.VisualStudio.TestTools.Common.TestExecId"><id type="System.Guid">873c0145-8d2b-4fbc-b3e7-5a745c51682e</id></m_execId><m_parentExecId type="Microsoft.VisualStudio.TestTools.Common.TestExecId"><id type="System.Guid">00000000-0000-0000-0000-000000000000</id></m_parentExecId><m_categoryId type="Microsoft.VisualStudio.TestTools.Common.TestCategoryId"><id type="System.Guid">8c84fa94-04c1-424b-9868-57a2d4851a1d</id></m_categoryId><m_isTransparent type="System.Boolean">True</m_isTransparent></element><element type="Microsoft.VisualStudio.TestTools.Common.TestEntry"><m_testId type="Microsoft.VisualStudio.TestTools.Common.TestId"><id type="System.Guid">76892539-de28-b3bf-c831-5a9d6105ee5b</id></m_testId><m_execId type="Microsoft.VisualStudio.TestTools.Common.TestExecId"><id type="System.Guid">f8002381-a4d3-4b9e-be71-68905f0d7c68</id></m_execId><m_parentExecId type="Microsoft.VisualStudio.TestTools.Common.TestExecId"><id type="System.Guid">00000000-0000-0000-0000-000000000000</id></m_parentExecId><m_categoryId type="Microsoft.VisualStudio.TestTools.Common.TestCategoryId"><id type="System.Guid">8c84fa94-04c1-424b-9868-57a2d4851a1d</id></m_categoryId><m_isTransparent type="System.Boolean">True</m_isTransparent></element><element type="Microsoft.VisualStudio.TestTools.Common.TestEntry"><m_testId type="Microsoft.VisualStudio.TestTools.Common.TestId"><id type="System.Guid">48d3e6f6-ec13-300d-89af-4ad93b649191</id></m_testId><m_execId type="Microsoft.VisualStudio.TestTools.Common.TestExecId"><id type="System.Guid">1d4f7f0f-44c7-4436-8b1b-4cb8e2bfb59b</id></m_execId><m_parentExecId type="Microsoft.VisualStudio.TestTools.Common.TestExecId"><id type="System.Guid">00000000-0000-0000-0000-000000000000</id></m_parentExecId><m_categoryId type="Microsoft.VisualStudio.TestTools.Common.TestCategoryId"><id type="System.Guid">8c84fa94-04c1-424b-9868-57a2d4851a1d</id></m_categoryId><m_isTransparent type="System.Boolean">True</m_isTransparent></element><element type="Microsoft.VisualStudio.TestTools.Common.TestEntry"><m_testId type="Microsoft.VisualStudio.TestTools.Common.TestId"><id type="System.Guid">03395402-3a1f-2607-1788-fc3486f1dde5</id></m_testId><m_execId type="Microsoft.VisualStudio.TestTools.Common.TestExecId"><id type="System.Guid">7a8ee80b-c8da-4c3d-90f0-95338ec11722</id></m_execId><m_parentExecId type="Microsoft.VisualStudio.TestTools.Common.TestExecId"><id type="System.Guid">00000000-0000-0000-0000-000000000000</id></m_parentExecId><m_categoryId type="Microsoft.VisualStudio.TestTools.Common.TestCategoryId"><id type="System.Guid">8c84fa94-04c1-424b-9868-57a2d4851a1d</id></m_categoryId><m_isTransparent type="System.Boolean">True</m_isTransparent></element><element type="Microsoft.VisualStudio.TestTools.Common.TestEntry"><m_testId type="Microsoft.VisualStudio.TestTools.Common.TestId"><id type="System.Guid">7969b33c-ad1e-1995-2de5-3866aa255cd1</id></m_testId><m_execId type="Microsoft.VisualStudio.TestTools.Common.TestExecId"><id type="System.Guid">1e67aa60-987b-425d-9b94-c5bc5d0cf2a5</id></m_execId><m_parentExecId type="Microsoft.VisualStudio.TestTools.Common.TestExecId"><id type="System.Guid">00000000-0000-0000-0000-000000000000</id></m_parentExecId><m_categoryId type="Microsoft.VisualStudio.TestTools.Common.TestCategoryId"><id type="System.Guid">8c84fa94-04c1-424b-9868-57a2d4851a1d</id></m_categoryId><m_isTransparent type="System.Boolean">True</m_isTransparent></element><element type="Microsoft.VisualStudio.TestTools.Common.TestEntry"><m_testId type="Microsoft.VisualStudio.TestTools.Common.TestId"><id type="System.Guid">5d531d74-7dfe-2617-15f9-46788e6760b3</id></m_testId><m_execId type="Microsoft.VisualStudio.TestTools.Common.TestExecId"><id type="System.Guid">6f888836-2ddb-4101-ac60-780795f2a809</id></m_execId><m_parentExecId type="Microsoft.VisualStudio.TestTools.Common.TestExecId"><id type="System.Guid">00000000-0000-0000-0000-000000000000</id></m_parentExecId><m_categoryId type="Microsoft.VisualStudio.TestTools.Common.TestCategoryId"><id type="System.Guid">8c84fa94-04c1-424b-9868-57a2d4851a1d</id></m_categoryId><m_isTransparent type="System.Boolean">True</m_isTransparent></element><element type="Microsoft.VisualStudio.TestTools.Common.TestEntry"><m_testId type="Microsoft.VisualStudio.TestTools.Common.TestId"><id type="System.Guid">ce93858f-261a-76c4-8630-319358890528</id></m_testId><m_execId type="Microsoft.VisualStudio.TestTools.Common.TestExecId"><id type="System.Guid">2db3f5e4-9f57-414f-8b7a-312b3ea62b58</id></m_execId><m_parentExecId type="Microsoft.VisualStudio.TestTools.Common.TestExecId"><id type="System.Guid">00000000-0000-0000-0000-000000000000</id></m_parentExecId><m_categoryId type="Microsoft.VisualStudio.TestTools.Common.TestCategoryId"><id type="System.Guid">8c84fa94-04c1-424b-9868-57a2d4851a1d</id></m_categoryId><m_isTransparent type="System.Boolean">True</m_isTransparent></element><element type="Microsoft.VisualStudio.TestTools.Common.TestEntry"><m_testId type="Microsoft.VisualStudio.TestTools.Common.TestId"><id type="System.Guid">7ca53bd2-a033-3d1a-9fc1-fe228461d0e5</id></m_testId><m_execId type="Microsoft.VisualStudio.TestTools.Common.TestExecId"><id type="System.Guid">6144d9ce-9572-40ac-a081-56c20076bc90</id></m_execId><m_parentExecId type="Microsoft.VisualStudio.TestTools.Common.TestExecId"><id type="System.Guid">00000000-0000-0000-0000-000000000000</id></m_parentExecId><m_categoryId type="Microsoft.VisualStudio.TestTools.Common.TestCategoryId"><id type="System.Guid">8c84fa94-04c1-424b-9868-57a2d4851a1d</id></m_categoryId><m_isTransparent type="System.Boolean">True</m_isTransparent></element><element type="Microsoft.VisualStudio.TestTools.Common.TestEntry"><m_testId type="Microsoft.VisualStudio.TestTools.Common.TestId"><id type="System.Guid">3aa2064a-55f6-b7a6-18b4-fa97d498a799</id></m_testId><m_execId type="Microsoft.VisualStudio.TestTools.Common.TestExecId"><id type="System.Guid">60063443-43c1-492c-ad8c-e4c260581044</id></m_execId><m_parentExecId type="Microsoft.VisualStudio.TestTools.Common.TestExecId"><id type="System.Guid">00000000-0000-0000-0000-000000000000</id></m_parentExecId><m_categoryId type="Microsoft.VisualStudio.TestTools.Common.TestCategoryId"><id type="System.Guid">8c84fa94-04c1-424b-9868-57a2d4851a1d</id></m_categoryId><m_isTransparent type="System.Boolean">True</m_isTransparent></element><element type="Microsoft.VisualStudio.TestTools.Common.TestEntry"><m_testId type="Microsoft.VisualStudio.TestTools.Common.TestId"><id type="System.Guid">e0065158-4376-a26d-4743-418a56dccdcc</id></m_testId><m_execId type="Microsoft.VisualStudio.TestTools.Common.TestExecId"><id type="System.Guid">98b0c660-547e-4dbd-b5b2-3b3a1d38d671</id></m_execId><m_parentExecId type="Microsoft.VisualStudio.TestTools.Common.TestExecId"><id type="System.Guid">00000000-0000-0000-0000-000000000000</id></m_parentExecId><m_categoryId type="Microsoft.VisualStudio.TestTools.Common.TestCategoryId"><id type="System.Guid">8c84fa94-04c1-424b-9868-57a2d4851a1d</id></m_categoryId><m_isTransparent type="System.Boolean">True</m_isTransparent></element><element type="Microsoft.VisualStudio.TestTools.Common.TestEntry"><m_testId type="Microsoft.VisualStudio.TestTools.Common.TestId"><id type="System.Guid">c99cd681-f1e4-13e3-5687-371fefec2315</id></m_testId><m_execId type="Microsoft.VisualStudio.TestTools.Common.TestExecId"><id type="System.Guid">cfc357b1-de37-4e21-bc66-0035278cc9c9</id></m_execId><m_parentExecId type="Microsoft.VisualStudio.TestTools.Common.TestExecId"><id type="System.Guid">00000000-0000-0000-0000-000000000000</id></m_parentExecId><m_categoryId type="Microsoft.VisualStudio.TestTools.Common.TestCategoryId"><id type="System.Guid">8c84fa94-04c1-424b-9868-57a2d4851a1d</id></m_categoryId><m_isTransparent type="System.Boolean">True</m_isTransparent></element><element type="Microsoft.VisualStudio.TestTools.Common.TestEntry"><m_testId type="Microsoft.VisualStudio.TestTools.Common.TestId"><id type="System.Guid">9c786bf0-ebe7-289f-5591-4e8ed4b6bdd3</id></m_testId><m_execId type="Microsoft.VisualStudio.TestTools.Common.TestExecId"><id type="System.Guid">45b4b598-2931-48f7-a1b1-501e739ac2c5</id></m_execId><m_parentExecId type="Microsoft.VisualStudio.TestTools.Common.TestExecId"><id type="System.Guid">00000000-0000-0000-0000-000000000000</id></m_parentExecId><m_categoryId type="Microsoft.VisualStudio.TestTools.Common.TestCategoryId"><id type="System.Guid">8c84fa94-04c1-424b-9868-57a2d4851a1d</id></m_categoryId><m_isTransparent type="System.Boolean">True</m_isTransparent></element><element type="Microsoft.VisualStudio.TestTools.Common.TestEntry"><m_testId type="Microsoft.VisualStudio.TestTools.Common.TestId"><id type="System.Guid">93278ace-0a63-6694-341e-54bacfc96b56</id></m_testId><m_execId type="Microsoft.VisualStudio.TestTools.Common.TestExecId"><id type="System.Guid">04941838-6c0b-407d-aa53-155a3c6f83b4</id></m_execId><m_parentExecId type="Microsoft.VisualStudio.TestTools.Common.TestExecId"><id type="System.Guid">00000000-0000-0000-0000-000000000000</id></m_parentExecId><m_categoryId type="Microsoft.VisualStudio.TestTools.Common.TestCategoryId"><id type="System.Guid">8c84fa94-04c1-424b-9868-57a2d4851a1d</id></m_categoryId><m_isTransparent type="System.Boolean">True</m_isTransparent></element><element type="Microsoft.VisualStudio.TestTools.Common.TestEntry"><m_testId type="Microsoft.VisualStudio.TestTools.Common.TestId"><id type="System.Guid">b33ce116-3e34-6cd2-26ee-42814a13c5e3</id></m_testId><m_execId type="Microsoft.VisualStudio.TestTools.Common.TestExecId"><id type="System.Guid">255f6c47-86d3-419a-8511-d09b95a68949</id></m_execId><m_parentExecId type="Microsoft.VisualStudio.TestTools.Common.TestExecId"><id type="System.Guid">00000000-0000-0000-0000-000000000000</id></m_parentExecId><m_categoryId type="Microsoft.VisualStudio.TestTools.Common.TestCategoryId"><id type="System.Guid">8c84fa94-04c1-424b-9868-57a2d4851a1d</id></m_categoryId><m_isTransparent type="System.Boolean">True</m_isTransparent></element><element type="Microsoft.VisualStudio.TestTools.Common.TestEntry"><m_testId type="Microsoft.VisualStudio.TestTools.Common.TestId"><id type="System.Guid">2ae0174d-b692-ae88-2519-b96f13a7198b</id></m_testId><m_execId type="Microsoft.VisualStudio.TestTools.Common.TestExecId"><id type="System.Guid">b23d0065-2dcf-4f1c-8493-19cd8653b782</id></m_execId><m_parentExecId type="Microsoft.VisualStudio.TestTools.Common.TestExecId"><id type="System.Guid">00000000-0000-0000-0000-000000000000</id></m_parentExecId><m_categoryId type="Microsoft.VisualStudio.TestTools.Common.TestCategoryId"><id type="System.Guid">8c84fa94-04c1-424b-9868-57a2d4851a1d</id></m_categoryId><m_isTransparent type="System.Boolean">True</m_isTransparent></element><element type="Microsoft.VisualStudio.TestTools.Common.TestEntry"><m_testId type="Microsoft.VisualStudio.TestTools.Common.TestId"><id type="System.Guid">e12873ce-2066-8a14-8354-d0d322d01125</id></m_testId><m_execId type="Microsoft.VisualStudio.TestTools.Common.TestExecId"><id type="System.Guid">8eb035a0-02e5-41c6-85b2-89c62ab377a5</id></m_execId><m_parentExecId type="Microsoft.VisualStudio.TestTools.Common.TestExecId"><id type="System.Guid">00000000-0000-0000-0000-000000000000</id></m_parentExecId><m_categoryId type="Microsoft.VisualStudio.TestTools.Common.TestCategoryId"><id type="System.Guid">8c84fa94-04c1-424b-9868-57a2d4851a1d</id></m_categoryId><m_isTransparent type="System.Boolean">True</m_isTransparent></element><element type="Microsoft.VisualStudio.TestTools.Common.TestEntry"><m_testId type="Microsoft.VisualStudio.TestTools.Common.TestId"><id type="System.Guid">accf5607-d28d-3aa3-2c55-b0c95abd8cfc</id></m_testId><m_execId type="Microsoft.VisualStudio.TestTools.Common.TestExecId"><id type="System.Guid">044f20ef-eebd-4a03-b8fc-721733347375</id></m_execId><m_parentExecId type="Microsoft.VisualStudio.TestTools.Common.TestExecId"><id type="System.Guid">00000000-0000-0000-0000-000000000000</id></m_parentExecId><m_categoryId type="Microsoft.VisualStudio.TestTools.Common.TestCategoryId"><id type="System.Guid">8c84fa94-04c1-424b-9868-57a2d4851a1d</id></m_categoryId><m_isTransparent type="System.Boolean">True</m_isTransparent></element><element type="Microsoft.VisualStudio.TestTools.Common.TestEntry"><m_testId type="Microsoft.VisualStudio.TestTools.Common.TestId"><id type="System.Guid">a887f944-8c69-aec5-3b63-bb3dc5ab4f3a</id></m_testId><m_execId type="Microsoft.VisualStudio.TestTools.Common.TestExecId"><id type="System.Guid">e209f5a4-fa48-4bd6-a31a-0e2040f37d0c</id></m_execId><m_parentExecId type="Microsoft.VisualStudio.TestTools.Common.TestExecId"><id type="System.Guid">00000000-0000-0000-0000-000000000000</id></m_parentExecId><m_categoryId type="Microsoft.VisualStudio.TestTools.Common.TestCategoryId"><id type="System.Guid">8c84fa94-04c1-424b-9868-57a2d4851a1d</id></m_categoryId><m_isTransparent type="System.Boolean">True</m_isTransparent></element><element type="Microsoft.VisualStudio.TestTools.Common.TestEntry"><m_testId type="Microsoft.VisualStudio.TestTools.Common.TestId"><id type="System.Guid">dbd8df9b-e416-ed67-048b-355b82422b91</id></m_testId><m_execId type="Microsoft.VisualStudio.TestTools.Common.TestExecId"><id type="System.Guid">f716ca7c-0c6f-4509-8554-3eedf1435d3a</id></m_execId><m_parentExecId type="Microsoft.VisualStudio.TestTools.Common.TestExecId"><id type="System.Guid">00000000-0000-0000-0000-000000000000</id></m_parentExecId><m_categoryId type="Microsoft.VisualStudio.TestTools.Common.TestCategoryId"><id type="System.Guid">8c84fa94-04c1-424b-9868-57a2d4851a1d</id></m_categoryId><m_isTransparent type="System.Boolean">True</m_isTransparent></element><element type="Microsoft.VisualStudio.TestTools.Common.TestEntry"><m_testId type="Microsoft.VisualStudio.TestTools.Common.TestId"><id type="System.Guid">1ef977b8-9f11-a44f-6fc6-fa35a38c1b84</id></m_testId><m_execId type="Microsoft.VisualStudio.TestTools.Common.TestExecId"><id type="System.Guid">57704544-5202-43cd-912f-b770b67c5f35</id></m_execId><m_parentExecId type="Microsoft.VisualStudio.TestTools.Common.TestExecId"><id type="System.Guid">00000000-0000-0000-0000-000000000000</id></m_parentExecId><m_categoryId type="Microsoft.VisualStudio.TestTools.Common.TestCategoryId"><id type="System.Guid">8c84fa94-04c1-424b-9868-57a2d4851a1d</id></m_categoryId><m_isTransparent type="System.Boolean">True</m_isTransparent></element><element type="Microsoft.VisualStudio.TestTools.Common.TestEntry"><m_testId type="Microsoft.VisualStudio.TestTools.Common.TestId"><id type="System.Guid">6ecca34a-12e7-3d48-5a3d-ed94a818e7c0</id></m_testId><m_execId type="Microsoft.VisualStudio.TestTools.Common.TestExecId"><id type="System.Guid">2443aa7d-2681-48a4-a55e-a7292406ea8a</id></m_execId><m_parentExecId type="Microsoft.VisualStudio.TestTools.Common.TestExecId"><id type="System.Guid">00000000-0000-0000-0000-000000000000</id></m_parentExecId><m_categoryId type="Microsoft.VisualStudio.TestTools.Common.TestCategoryId"><id type="System.Guid">8c84fa94-04c1-424b-9868-57a2d4851a1d</id></m_categoryId><m_isTransparent type="System.Boolean">True</m_isTransparent></element><element type="Microsoft.VisualStudio.TestTools.Common.TestEntry"><m_testId type="Microsoft.VisualStudio.TestTools.Common.TestId"><id type="System.Guid">8b3eaf1f-7256-0288-2bd5-c23e606d76e2</id></m_testId><m_execId type="Microsoft.VisualStudio.TestTools.Common.TestExecId"><id type="System.Guid">4d4e6240-6bbe-4699-b2ba-034a2896a388</id></m_execId><m_parentExecId type="Microsoft.VisualStudio.TestTools.Common.TestExecId"><id type="System.Guid">00000000-0000-0000-0000-000000000000</id></m_parentExecId><m_categoryId type="Microsoft.VisualStudio.TestTools.Common.TestCategoryId"><id type="System.Guid">8c84fa94-04c1-424b-9868-57a2d4851a1d</id></m_categoryId><m_isTransparent type="System.Boolean">True</m_isTransparent></element><element type="Microsoft.VisualStudio.TestTools.Common.TestEntry"><m_testId type="Microsoft.VisualStudio.TestTools.Common.TestId"><id type="System.Guid">38ab14de-27fb-b1bd-c332-6c97929f07bb</id></m_testId><m_execId type="Microsoft.VisualStudio.TestTools.Common.TestExecId"><id type="System.Guid">a179c9ae-1cdc-4289-b206-658a97ab7b16</id></m_execId><m_parentExecId type="Microsoft.VisualStudio.TestTools.Common.TestExecId"><id type="System.Guid">00000000-0000-0000-0000-000000000000</id></m_parentExecId><m_categoryId type="Microsoft.VisualStudio.TestTools.Common.TestCategoryId"><id type="System.Guid">8c84fa94-04c1-424b-9868-57a2d4851a1d</id></m_categoryId><m_isTransparent type="System.Boolean">True</m_isTransparent></element><element type="Microsoft.VisualStudio.TestTools.Common.TestEntry"><m_testId type="Microsoft.VisualStudio.TestTools.Common.TestId"><id type="System.Guid">0ce18597-b69f-c77b-1d34-e77c6a3e8c31</id></m_testId><m_execId type="Microsoft.VisualStudio.TestTools.Common.TestExecId"><id type="System.Guid">5a505214-19fe-4aef-8f98-f3a681d67e9d</id></m_execId><m_parentExecId type="Microsoft.VisualStudio.TestTools.Common.TestExecId"><id type="System.Guid">00000000-0000-0000-0000-000000000000</id></m_parentExecId><m_categoryId type="Microsoft.VisualStudio.TestTools.Common.TestCategoryId"><id type="System.Guid">8c84fa94-04c1-424b-9868-57a2d4851a1d</id></m_categoryId><m_isTransparent type="System.Boolean">True</m_isTransparent></element><element type="Microsoft.VisualStudio.TestTools.Common.TestEntry"><m_testId type="Microsoft.VisualStudio.TestTools.Common.TestId"><id type="System.Guid">d199df1b-d4c1-ec0e-8e5c-8716759f3059</id></m_testId><m_execId type="Microsoft.VisualStudio.TestTools.Common.TestExecId"><id type="System.Guid">7f343e14-b31a-4a89-a1d7-a45c592f8b50</id></m_execId><m_parentExecId type="Microsoft.VisualStudio.TestTools.Common.TestExecId"><id type="System.Guid">00000000-0000-0000-0000-000000000000</id></m_parentExecId><m_categoryId type="Microsoft.VisualStudio.TestTools.Common.TestCategoryId"><id type="System.Guid">8c84fa94-04c1-424b-9868-57a2d4851a1d</id></m_categoryId><m_isTransparent type="System.Boolean">True</m_isTransparent></element><element type="Microsoft.VisualStudio.TestTools.Common.TestEntry"><m_testId type="Microsoft.VisualStudio.TestTools.Common.TestId"><id type="System.Guid">7724b8bd-fc0f-9e24-5736-96441cdd3c69</id></m_testId><m_execId type="Microsoft.VisualStudio.TestTools.Common.TestExecId"><id type="System.Guid">019f2355-3c82-448a-a13d-bc8c9083b6e4</id></m_execId><m_parentExecId type="Microsoft.VisualStudio.TestTools.Common.TestExecId"><id type="System.Guid">00000000-0000-0000-0000-000000000000</id></m_parentExecId><m_categoryId type="Microsoft.VisualStudio.TestTools.Common.TestCategoryId"><id type="System.Guid">8c84fa94-04c1-424b-9868-57a2d4851a1d</id></m_categoryId><m_isTransparent type="System.Boolean">True</m_isTransparent></element><element type="Microsoft.VisualStudio.TestTools.Common.TestEntry"><m_testId type="Microsoft.VisualStudio.TestTools.Common.TestId"><id type="System.Guid">e496e580-bef2-c289-4fdb-cf8aeab0965f</id></m_testId><m_execId type="Microsoft.VisualStudio.TestTools.Common.TestExecId"><id type="System.Guid">63160ec6-0473-4e9f-8327-b43cb60335c5</id></m_execId><m_parentExecId type="Microsoft.VisualStudio.TestTools.Common.TestExecId"><id type="System.Guid">00000000-0000-0000-0000-000000000000</id></m_parentExecId><m_categoryId type="Microsoft.VisualStudio.TestTools.Common.TestCategoryId"><id type="System.Guid">8c84fa94-04c1-424b-9868-57a2d4851a1d</id></m_categoryId><m_isTransparent type="System.Boolean">True</m_isTransparent></element><element type="Microsoft.VisualStudio.TestTools.Common.TestEntry"><m_testId type="Microsoft.VisualStudio.TestTools.Common.TestId"><id type="System.Guid">f650c211-3042-109a-3240-b6d4db0af677</id></m_testId><m_execId type="Microsoft.VisualStudio.TestTools.Common.TestExecId"><id type="System.Guid">f0042dc4-1028-4e11-bc13-f371bebe0494</id></m_execId><m_parentExecId type="Microsoft.VisualStudio.TestTools.Common.TestExecId"><id type="System.Guid">00000000-0000-0000-0000-000000000000</id></m_parentExecId><m_categoryId type="Microsoft.VisualStudio.TestTools.Common.TestCategoryId"><id type="System.Guid">8c84fa94-04c1-424b-9868-57a2d4851a1d</id></m_categoryId><m_isTransparent type="System.Boolean">True</m_isTransparent></element><element type="Microsoft.VisualStudio.TestTools.Common.TestEntry"><m_testId type="Microsoft.VisualStudio.TestTools.Common.TestId"><id type="System.Guid">8b0efc0d-969e-de83-3851-f59380cefcc7</id></m_testId><m_execId type="Microsoft.VisualStudio.TestTools.Common.TestExecId"><id type="System.Guid">719b8638-3b18-4a5c-96ad-a88b2643cbc0</id></m_execId><m_parentExecId type="Microsoft.VisualStudio.TestTools.Common.TestExecId"><id type="System.Guid">00000000-0000-0000-0000-000000000000</id></m_parentExecId><m_categoryId type="Microsoft.VisualStudio.TestTools.Common.TestCategoryId"><id type="System.Guid">8c84fa94-04c1-424b-9868-57a2d4851a1d</id></m_categoryId><m_isTransparent type="System.Boolean">True</m_isTransparent></element><element type="Microsoft.VisualStudio.TestTools.Common.TestEntry"><m_testId type="Microsoft.VisualStudio.TestTools.Common.TestId"><id type="System.Guid">4f0a225f-2950-c20e-a460-51891e008470</id></m_testId><m_execId type="Microsoft.VisualStudio.TestTools.Common.TestExecId"><id type="System.Guid">86d27ad2-7d47-4c5d-90fa-1b77d9a9f83a</id></m_execId><m_parentExecId type="Microsoft.VisualStudio.TestTools.Common.TestExecId"><id type="System.Guid">00000000-0000-0000-0000-000000000000</id></m_parentExecId><m_categoryId type="Microsoft.VisualStudio.TestTools.Common.TestCategoryId"><id type="System.Guid">8c84fa94-04c1-424b-9868-57a2d4851a1d</id></m_categoryId><m_isTransparent type="System.Boolean">True</m_isTransparent></element><element type="Microsoft.VisualStudio.TestTools.Common.TestEntry"><m_testId type="Microsoft.VisualStudio.TestTools.Common.TestId"><id type="System.Guid">d60bfbc0-3c45-25b2-7893-260fe048d9ba</id></m_testId><m_execId type="Microsoft.VisualStudio.TestTools.Common.TestExecId"><id type="System.Guid">cc91af7a-a30c-46b5-bfc5-d173db9f5ddd</id></m_execId><m_parentExecId type="Microsoft.VisualStudio.TestTools.Common.TestExecId"><id type="System.Guid">00000000-0000-0000-0000-000000000000</id></m_parentExecId><m_categoryId type="Microsoft.VisualStudio.TestTools.Common.TestCategoryId"><id type="System.Guid">8c84fa94-04c1-424b-9868-57a2d4851a1d</id></m_categoryId><m_isTransparent type="System.Boolean">True</m_isTransparent></element><element type="Microsoft.VisualStudio.TestTools.Common.TestEntry"><m_testId type="Microsoft.VisualStudio.TestTools.Common.TestId"><id type="System.Guid">a6aa863e-28a5-e86d-97f2-71cdd043727b</id></m_testId><m_execId type="Microsoft.VisualStudio.TestTools.Common.TestExecId"><id type="System.Guid">1e45d4c8-9633-4c2e-b16b-0c9fa178868c</id></m_execId><m_parentExecId type="Microsoft.VisualStudio.TestTools.Common.TestExecId"><id type="System.Guid">00000000-0000-0000-0000-000000000000</id></m_parentExecId><m_categoryId type="Microsoft.VisualStudio.TestTools.Common.TestCategoryId"><id type="System.Guid">8c84fa94-04c1-424b-9868-57a2d4851a1d</id></m_categoryId><m_isTransparent type="System.Boolean">True</m_isTransparent></element><element type="Microsoft.VisualStudio.TestTools.Common.TestEntry"><m_testId type="Microsoft.VisualStudio.TestTools.Common.TestId"><id type="System.Guid">adc36d37-b6ff-26ca-38db-bfeb3e50eee2</id></m_testId><m_execId type="Microsoft.VisualStudio.TestTools.Common.TestExecId"><id type="System.Guid">d67db70d-f071-4104-9cd1-c6ac9289101a</id></m_execId><m_parentExecId type="Microsoft.VisualStudio.TestTools.Common.TestExecId"><id type="System.Guid">00000000-0000-0000-0000-000000000000</id></m_parentExecId><m_categoryId type="Microsoft.VisualStudio.TestTools.Common.TestCategoryId"><id type="System.Guid">8c84fa94-04c1-424b-9868-57a2d4851a1d</id></m_categoryId><m_isTransparent type="System.Boolean">True</m_isTransparent></element><element type="Microsoft.VisualStudio.TestTools.Common.TestEntry"><m_testId type="Microsoft.VisualStudio.TestTools.Common.TestId"><id type="System.Guid">e346e93a-5288-171e-ff6d-040c7494b488</id></m_testId><m_execId type="Microsoft.VisualStudio.TestTools.Common.TestExecId"><id type="System.Guid">c8d97347-008b-429a-a125-ea929682ef39</id></m_execId><m_parentExecId type="Microsoft.VisualStudio.TestTools.Common.TestExecId"><id type="System.Guid">00000000-0000-0000-0000-000000000000</id></m_parentExecId><m_categoryId type="Microsoft.VisualStudio.TestTools.Common.TestCategoryId"><id type="System.Guid">8c84fa94-04c1-424b-9868-57a2d4851a1d</id></m_categoryId><m_isTransparent type="System.Boolean">True</m_isTransparent></element><element type="Microsoft.VisualStudio.TestTools.Common.TestEntry"><m_testId type="Microsoft.VisualStudio.TestTools.Common.TestId"><id type="System.Guid">4a3e48b9-f63d-e7f5-6f7f-184ce9ccfc11</id></m_testId><m_execId type="Microsoft.VisualStudio.TestTools.Common.TestExecId"><id type="System.Guid">ffcdff34-87d9-448c-990f-72570c79c2a5</id></m_execId><m_parentExecId type="Microsoft.VisualStudio.TestTools.Common.TestExecId"><id type="System.Guid">00000000-0000-0000-0000-000000000000</id></m_parentExecId><m_categoryId type="Microsoft.VisualStudio.TestTools.Common.TestCategoryId"><id type="System.Guid">8c84fa94-04c1-424b-9868-57a2d4851a1d</id></m_categoryId><m_isTransparent type="System.Boolean">True</m_isTransparent></element><element type="Microsoft.VisualStudio.TestTools.Common.TestEntry"><m_testId type="Microsoft.VisualStudio.TestTools.Common.TestId"><id type="System.Guid">61fa542d-dbe3-6718-bbb5-c310cfb59eb5</id></m_testId><m_execId type="Microsoft.VisualStudio.TestTools.Common.TestExecId"><id type="System.Guid">8c57e137-b857-495e-85a1-2874974620ac</id></m_execId><m_parentExecId type="Microsoft.VisualStudio.TestTools.Common.TestExecId"><id type="System.Guid">00000000-0000-0000-0000-000000000000</id></m_parentExecId><m_categoryId type="Microsoft.VisualStudio.TestTools.Common.TestCategoryId"><id type="System.Guid">8c84fa94-04c1-424b-9868-57a2d4851a1d</id></m_categoryId><m_isTransparent type="System.Boolean">True</m_isTransparent></element><element type="Microsoft.VisualStudio.TestTools.Common.TestEntry"><m_testId type="Microsoft.VisualStudio.TestTools.Common.TestId"><id type="System.Guid">85159a33-ab6e-0e82-c64d-01374a4f3525</id></m_testId><m_execId type="Microsoft.VisualStudio.TestTools.Common.TestExecId"><id type="System.Guid">c2584224-3e4f-4fe1-bbe2-5e2571e2a876</id></m_execId><m_parentExecId type="Microsoft.VisualStudio.TestTools.Common.TestExecId"><id type="System.Guid">00000000-0000-0000-0000-000000000000</id></m_parentExecId><m_categoryId type="Microsoft.VisualStudio.TestTools.Common.TestCategoryId"><id type="System.Guid">8c84fa94-04c1-424b-9868-57a2d4851a1d</id></m_categoryId><m_isTransparent type="System.Boolean">True</m_isTransparent></element><element type="Microsoft.VisualStudio.TestTools.Common.TestEntry"><m_testId type="Microsoft.VisualStudio.TestTools.Common.TestId"><id type="System.Guid">fffb4867-bd2d-f9a3-2ef6-169653b3ef2a</id></m_testId><m_execId type="Microsoft.VisualStudio.TestTools.Common.TestExecId"><id type="System.Guid">d137211c-3301-47e4-8b92-5567f2c4694d</id></m_execId><m_parentExecId type="Microsoft.VisualStudio.TestTools.Common.TestExecId"><id type="System.Guid">00000000-0000-0000-0000-000000000000</id></m_parentExecId><m_categoryId type="Microsoft.VisualStudio.TestTools.Common.TestCategoryId"><id type="System.Guid">8c84fa94-04c1-424b-9868-57a2d4851a1d</id></m_categoryId><m_isTransparent type="System.Boolean">True</m_isTransparent></element><element type="Microsoft.VisualStudio.TestTools.Common.TestEntry"><m_testId type="Microsoft.VisualStudio.TestTools.Common.TestId"><id type="System.Guid">3261bbbd-189a-241b-49c2-708d6315b03d</id></m_testId><m_execId type="Microsoft.VisualStudio.TestTools.Common.TestExecId"><id type="System.Guid">ad37585e-d38b-46d2-abc8-18ea6d8e016e</id></m_execId><m_parentExecId type="Microsoft.VisualStudio.TestTools.Common.TestExecId"><id type="System.Guid">00000000-0000-0000-0000-000000000000</id></m_parentExecId><m_categoryId type="Microsoft.VisualStudio.TestTools.Common.TestCategoryId"><id type="System.Guid">8c84fa94-04c1-424b-9868-57a2d4851a1d</id></m_categoryId><m_isTransparent type="System.Boolean">True</m_isTransparent></element><element type="Microsoft.VisualStudio.TestTools.Common.TestEntry"><m_testId type="Microsoft.VisualStudio.TestTools.Common.TestId"><id type="System.Guid">a33256ed-5bca-a2ef-ff4b-236d2848f02a</id></m_testId><m_execId type="Microsoft.VisualStudio.TestTools.Common.TestExecId"><id type="System.Guid">5e58ce78-9149-4329-afd0-83e8e5c402bf</id></m_execId><m_parentExecId type="Microsoft.VisualStudio.TestTools.Common.TestExecId"><id type="System.Guid">00000000-0000-0000-0000-000000000000</id></m_parentExecId><m_categoryId type="Microsoft.VisualStudio.TestTools.Common.TestCategoryId"><id type="System.Guid">8c84fa94-04c1-424b-9868-57a2d4851a1d</id></m_categoryId><m_isTransparent type="System.Boolean">True</m_isTransparent></element><element type="Microsoft.VisualStudio.TestTools.Common.TestEntry"><m_testId type="Microsoft.VisualStudio.TestTools.Common.TestId"><id type="System.Guid">cb3d1a58-378b-a150-a435-21c9a868c194</id></m_testId><m_execId type="Microsoft.VisualStudio.TestTools.Common.TestExecId"><id type="System.Guid">fc26caf4-6138-4991-9193-8fce79e6f1ea</id></m_execId><m_parentExecId type="Microsoft.VisualStudio.TestTools.Common.TestExecId"><id type="System.Guid">00000000-0000-0000-0000-000000000000</id></m_parentExecId><m_categoryId type="Microsoft.VisualStudio.TestTools.Common.TestCategoryId"><id type="System.Guid">8c84fa94-04c1-424b-9868-57a2d4851a1d</id></m_categoryId><m_isTransparent type="System.Boolean">True</m_isTransparent></element><element type="Microsoft.VisualStudio.TestTools.Common.TestEntry"><m_testId type="Microsoft.VisualStudio.TestTools.Common.TestId"><id type="System.Guid">33404719-450b-da62-23b0-054fc648a51f</id></m_testId><m_execId type="Microsoft.VisualStudio.TestTools.Common.TestExecId"><id type="System.Guid">8ced3222-1dbe-4e37-ae24-7d0328cec9de</id></m_execId><m_parentExecId type="Microsoft.VisualStudio.TestTools.Common.TestExecId"><id type="System.Guid">00000000-0000-0000-0000-000000000000</id></m_parentExecId><m_categoryId type="Microsoft.VisualStudio.TestTools.Common.TestCategoryId"><id type="System.Guid">8c84fa94-04c1-424b-9868-57a2d4851a1d</id></m_categoryId><m_isTransparent type="System.Boolean">True</m_isTransparent></element><element type="Microsoft.VisualStudio.TestTools.Common.TestEntry"><m_testId type="Microsoft.VisualStudio.TestTools.Common.TestId"><id type="System.Guid">b4989b4e-70bb-7e90-663d-113ca62ff986</id></m_testId><m_execId type="Microsoft.VisualStudio.TestTools.Common.TestExecId"><id type="System.Guid">f9ebfd64-07ec-424e-8057-ad534bb07148</id></m_execId><m_parentExecId type="Microsoft.VisualStudio.TestTools.Common.TestExecId"><id type="System.Guid">00000000-0000-0000-0000-000000000000</id></m_parentExecId><m_categoryId type="Microsoft.VisualStudio.TestTools.Common.TestCategoryId"><id type="System.Guid">8c84fa94-04c1-424b-9868-57a2d4851a1d</id></m_categoryId><m_isTransparent type="System.Boolean">True</m_isTransparent></element><element type="Microsoft.VisualStudio.TestTools.Common.TestEntry"><m_testId type="Microsoft.VisualStudio.TestTools.Common.TestId"><id type="System.Guid">ea773b29-bf53-a25a-ce05-2f099e97324e</id></m_testId><m_execId type="Microsoft.VisualStudio.TestTools.Common.TestExecId"><id type="System.Guid">4f0223b7-cd1c-4275-bd08-aff84a1b57b4</id></m_execId><m_parentExecId type="Microsoft.VisualStudio.TestTools.Common.TestExecId"><id type="System.Guid">00000000-0000-0000-0000-000000000000</id></m_parentExecId><m_categoryId type="Microsoft.VisualStudio.TestTools.Common.TestCategoryId"><id type="System.Guid">8c84fa94-04c1-424b-9868-57a2d4851a1d</id></m_categoryId><m_isTransparent type="System.Boolean">True</m_isTransparent></element><element type="Microsoft.VisualStudio.TestTools.Common.TestEntry"><m_testId type="Microsoft.VisualStudio.TestTools.Common.TestId"><id type="System.Guid">1b8eb060-cf29-f593-2989-ff581c242e94</id></m_testId><m_execId type="Microsoft.VisualStudio.TestTools.Common.TestExecId"><id type="System.Guid">efd178db-4928-4cde-80a7-2388e0b47654</id></m_execId><m_parentExecId type="Microsoft.VisualStudio.TestTools.Common.TestExecId"><id type="System.Guid">00000000-0000-0000-0000-000000000000</id></m_parentExecId><m_categoryId type="Microsoft.VisualStudio.TestTools.Common.TestCategoryId"><id type="System.Guid">8c84fa94-04c1-424b-9868-57a2d4851a1d</id></m_categoryId><m_isTransparent type="System.Boolean">True</m_isTransparent></element><element type="Microsoft.VisualStudio.TestTools.Common.TestEntry"><m_testId type="Microsoft.VisualStudio.TestTools.Common.TestId"><id type="System.Guid">d3cfd480-129f-a888-af32-080a14c42564</id></m_testId><m_execId type="Microsoft.VisualStudio.TestTools.Common.TestExecId"><id type="System.Guid">52328495-827b-4c64-ac58-2a801be51a8e</id></m_execId><m_parentExecId type="Microsoft.VisualStudio.TestTools.Common.TestExecId"><id type="System.Guid">00000000-0000-0000-0000-000000000000</id></m_parentExecId><m_categoryId type="Microsoft.VisualStudio.TestTools.Common.TestCategoryId"><id type="System.Guid">8c84fa94-04c1-424b-9868-57a2d4851a1d</id></m_categoryId><m_isTransparent type="System.Boolean">True</m_isTransparent></element><element type="Microsoft.VisualStudio.TestTools.Common.TestEntry"><m_testId type="Microsoft.VisualStudio.TestTools.Common.TestId"><id type="System.Guid">90bbf0b0-338f-35d0-6db0-91d42399cf4f</id></m_testId><m_execId type="Microsoft.VisualStudio.TestTools.Common.TestExecId"><id type="System.Guid">c4b11315-858e-4a80-95e5-f1c397d641a3</id></m_execId><m_parentExecId type="Microsoft.VisualStudio.TestTools.Common.TestExecId"><id type="System.Guid">00000000-0000-0000-0000-000000000000</id></m_parentExecId><m_categoryId type="Microsoft.VisualStudio.TestTools.Common.TestCategoryId"><id type="System.Guid">8c84fa94-04c1-424b-9868-57a2d4851a1d</id></m_categoryId><m_isTransparent type="System.Boolean">True</m_isTransparent></element><element type="Microsoft.VisualStudio.TestTools.Common.TestEntry"><m_testId type="Microsoft.VisualStudio.TestTools.Common.TestId"><id type="System.Guid">f9d86f61-36e8-9269-7d6e-20724eb594db</id></m_testId><m_execId type="Microsoft.VisualStudio.TestTools.Common.TestExecId"><id type="System.Guid">75e8da23-eeb2-4c82-ab84-541b64421504</id></m_execId><m_parentExecId type="Microsoft.VisualStudio.TestTools.Common.TestExecId"><id type="System.Guid">00000000-0000-0000-0000-000000000000</id></m_parentExecId><m_categoryId type="Microsoft.VisualStudio.TestTools.Common.TestCategoryId"><id type="System.Guid">8c84fa94-04c1-424b-9868-57a2d4851a1d</id></m_categoryId><m_isTransparent type="System.Boolean">True</m_isTransparent></element><element type="Microsoft.VisualStudio.TestTools.Common.TestEntry"><m_testId type="Microsoft.VisualStudio.TestTools.Common.TestId"><id type="System.Guid">be2873eb-e583-7574-e57d-e18b3496b562</id></m_testId><m_execId type="Microsoft.VisualStudio.TestTools.Common.TestExecId"><id type="System.Guid">6c2b7abd-4e43-4b00-a06b-b56e264cb711</id></m_execId><m_parentExecId type="Microsoft.VisualStudio.TestTools.Common.TestExecId"><id type="System.Guid">00000000-0000-0000-0000-000000000000</id></m_parentExecId><m_categoryId type="Microsoft.VisualStudio.TestTools.Common.TestCategoryId"><id type="System.Guid">8c84fa94-04c1-424b-9868-57a2d4851a1d</id></m_categoryId><m_isTransparent type="System.Boolean">True</m_isTransparent></element><element type="Microsoft.VisualStudio.TestTools.Common.TestEntry"><m_testId type="Microsoft.VisualStudio.TestTools.Common.TestId"><id type="System.Guid">276260a2-455c-d1f9-44a1-4f683e426dbf</id></m_testId><m_execId type="Microsoft.VisualStudio.TestTools.Common.TestExecId"><id type="System.Guid">0fbb3351-8771-4a61-8fbc-48718080c56c</id></m_execId><m_parentExecId type="Microsoft.VisualStudio.TestTools.Common.TestExecId"><id type="System.Guid">00000000-0000-0000-0000-000000000000</id></m_parentExecId><m_categoryId type="Microsoft.VisualStudio.TestTools.Common.TestCategoryId"><id type="System.Guid">8c84fa94-04c1-424b-9868-57a2d4851a1d</id></m_categoryId><m_isTransparent type="System.Boolean">True</m_isTransparent></element><element type="Microsoft.VisualStudio.TestTools.Common.TestEntry"><m_testId type="Microsoft.VisualStudio.TestTools.Common.TestId"><id type="System.Guid">6cdb9013-4f25-28d7-589b-c3ee352ad6f2</id></m_testId><m_execId type="Microsoft.VisualStudio.TestTools.Common.TestExecId"><id type="System.Guid">a168b01f-d069-4cee-aa76-fd997ff7bfd4</id></m_execId><m_parentExecId type="Microsoft.VisualStudio.TestTools.Common.TestExecId"><id type="System.Guid">00000000-0000-0000-0000-000000000000</id></m_parentExecId><m_categoryId type="Microsoft.VisualStudio.TestTools.Common.TestCategoryId"><id type="System.Guid">8c84fa94-04c1-424b-9868-57a2d4851a1d</id></m_categoryId><m_isTransparent type="System.Boolean">True</m_isTransparent></element><element type="Microsoft.VisualStudio.TestTools.Common.TestEntry"><m_testId type="Microsoft.VisualStudio.TestTools.Common.TestId"><id type="System.Guid">bff378cd-11ef-7f00-dcac-300916c199dc</id></m_testId><m_execId type="Microsoft.VisualStudio.TestTools.Common.TestExecId"><id type="System.Guid">88c5daff-7065-4981-83d4-a27ea06096d0</id></m_execId><m_parentExecId type="Microsoft.VisualStudio.TestTools.Common.TestExecId"><id type="System.Guid">00000000-0000-0000-0000-000000000000</id></m_parentExecId><m_categoryId type="Microsoft.VisualStudio.TestTools.Common.TestCategoryId"><id type="System.Guid">8c84fa94-04c1-424b-9868-57a2d4851a1d</id></m_categoryId><m_isTransparent type="System.Boolean">True</m_isTransparent></element><element type="Microsoft.VisualStudio.TestTools.Common.TestEntry"><m_testId type="Microsoft.VisualStudio.TestTools.Common.TestId"><id type="System.Guid">703fee9e-9f3e-9dbe-54c8-51d3e7e2cfb9</id></m_testId><m_execId type="Microsoft.VisualStudio.TestTools.Common.TestExecId"><id type="System.Guid">e55f6b1b-d9d8-4e1f-bb73-e9810db3b4b9</id></m_execId><m_parentExecId type="Microsoft.VisualStudio.TestTools.Common.TestExecId"><id type="System.Guid">00000000-0000-0000-0000-000000000000</id></m_parentExecId><m_categoryId type="Microsoft.VisualStudio.TestTools.Common.TestCategoryId"><id type="System.Guid">8c84fa94-04c1-424b-9868-57a2d4851a1d</id></m_categoryId><m_isTransparent type="System.Boolean">True</m_isTransparent></element><element type="Microsoft.VisualStudio.TestTools.Common.TestEntry"><m_testId type="Microsoft.VisualStudio.TestTools.Common.TestId"><id type="System.Guid">072dab9c-d8ba-230d-b0ba-d965b93a8fae</id></m_testId><m_execId type="Microsoft.VisualStudio.TestTools.Common.TestExecId"><id type="System.Guid">81af09a6-5c15-4c59-9144-58ad673d203d</id></m_execId><m_parentExecId type="Microsoft.VisualStudio.TestTools.Common.TestExecId"><id type="System.Guid">00000000-0000-0000-0000-000000000000</id></m_parentExecId><m_categoryId type="Microsoft.VisualStudio.TestTools.Common.TestCategoryId"><id type="System.Guid">8c84fa94-04c1-424b-9868-57a2d4851a1d</id></m_categoryId><m_isTransparent type="System.Boolean">True</m_isTransparent></element><element type="Microsoft.VisualStudio.TestTools.Common.TestEntry"><m_testId type="Microsoft.VisualStudio.TestTools.Common.TestId"><id type="System.Guid">edce9069-e10b-1e03-bdac-ae0b6f97eed5</id></m_testId><m_execId type="Microsoft.VisualStudio.TestTools.Common.TestExecId"><id type="System.Guid">3397aa71-d29d-4c64-bdfd-5e7add1861d6</id></m_execId><m_parentExecId type="Microsoft.VisualStudio.TestTools.Common.TestExecId"><id type="System.Guid">00000000-0000-0000-0000-000000000000</id></m_parentExecId><m_categoryId type="Microsoft.VisualStudio.TestTools.Common.TestCategoryId"><id type="System.Guid">8c84fa94-04c1-424b-9868-57a2d4851a1d</id></m_categoryId><m_isTransparent type="System.Boolean">True</m_isTransparent></element><element type="Microsoft.VisualStudio.TestTools.Common.TestEntry"><m_testId type="Microsoft.VisualStudio.TestTools.Common.TestId"><id type="System.Guid">cb7ed765-93e1-66c7-8d32-a6ab30bcaba1</id></m_testId><m_execId type="Microsoft.VisualStudio.TestTools.Common.TestExecId"><id type="System.Guid">792d8d40-9c24-4287-8c47-6ccfac88d341</id></m_execId><m_parentExecId type="Microsoft.VisualStudio.TestTools.Common.TestExecId"><id type="System.Guid">00000000-0000-0000-0000-000000000000</id></m_parentExecId><m_categoryId type="Microsoft.VisualStudio.TestTools.Common.TestCategoryId"><id type="System.Guid">8c84fa94-04c1-424b-9868-57a2d4851a1d</id></m_categoryId><m_isTransparent type="System.Boolean">True</m_isTransparent></element><element type="Microsoft.VisualStudio.TestTools.Common.TestEntry"><m_testId type="Microsoft.VisualStudio.TestTools.Common.TestId"><id type="System.Guid">b0f419af-46dc-6d12-6cb7-345cfba4748d</id></m_testId><m_execId type="Microsoft.VisualStudio.TestTools.Common.TestExecId"><id type="System.Guid">f73c92d4-9fc8-4b15-b7b4-754e57df0d3c</id></m_execId><m_parentExecId type="Microsoft.VisualStudio.TestTools.Common.TestExecId"><id type="System.Guid">00000000-0000-0000-0000-000000000000</id></m_parentExecId><m_categoryId type="Microsoft.VisualStudio.TestTools.Common.TestCategoryId"><id type="System.Guid">8c84fa94-04c1-424b-9868-57a2d4851a1d</id></m_categoryId><m_isTransparent type="System.Boolean">True</m_isTransparent></element><element type="Microsoft.VisualStudio.TestTools.Common.TestEntry"><m_testId type="Microsoft.VisualStudio.TestTools.Common.TestId"><id type="System.Guid">23fffe9c-af8e-9e4a-2eb2-a2ec5b854614</id></m_testId><m_execId type="Microsoft.VisualStudio.TestTools.Common.TestExecId"><id type="System.Guid">71bd7a63-08a8-4597-a3c7-08d9c6e0bbad</id></m_execId><m_parentExecId type="Microsoft.VisualStudio.TestTools.Common.TestExecId"><id type="System.Guid">00000000-0000-0000-0000-000000000000</id></m_parentExecId><m_categoryId type="Microsoft.VisualStudio.TestTools.Common.TestCategoryId"><id type="System.Guid">8c84fa94-04c1-424b-9868-57a2d4851a1d</id></m_categoryId><m_isTransparent type="System.Boolean">True</m_isTransparent></element><element type="Microsoft.VisualStudio.TestTools.Common.TestEntry"><m_testId type="Microsoft.VisualStudio.TestTools.Common.TestId"><id type="System.Guid">6d47026c-26d5-f85f-953d-71cd7fc7c288</id></m_testId><m_execId type="Microsoft.VisualStudio.TestTools.Common.TestExecId"><id type="System.Guid">43b4de16-926e-448a-8b8a-17d26e6f1eba</id></m_execId><m_parentExecId type="Microsoft.VisualStudio.TestTools.Common.TestExecId"><id type="System.Guid">00000000-0000-0000-0000-000000000000</id></m_parentExecId><m_categoryId type="Microsoft.VisualStudio.TestTools.Common.TestCategoryId"><id type="System.Guid">8c84fa94-04c1-424b-9868-57a2d4851a1d</id></m_categoryId><m_isTransparent type="System.Boolean">True</m_isTransparent></element><element type="Microsoft.VisualStudio.TestTools.Common.TestEntry"><m_testId type="Microsoft.VisualStudio.TestTools.Common.TestId"><id type="System.Guid">259a3cce-11b5-7870-309a-eff0d4bc76e7</id></m_testId><m_execId type="Microsoft.VisualStudio.TestTools.Common.TestExecId"><id type="System.Guid">7d4a5922-51b7-48ca-9445-6e6603870011</id></m_execId><m_parentExecId type="Microsoft.VisualStudio.TestTools.Common.TestExecId"><id type="System.Guid">00000000-0000-0000-0000-000000000000</id></m_parentExecId><m_categoryId type="Microsoft.VisualStudio.TestTools.Common.TestCategoryId"><id type="System.Guid">8c84fa94-04c1-424b-9868-57a2d4851a1d</id></m_categoryId><m_isTransparent type="System.Boolean">True</m_isTransparent></element><element type="Microsoft.VisualStudio.TestTools.Common.TestEntry"><m_testId type="Microsoft.VisualStudio.TestTools.Common.TestId"><id type="System.Guid">0d39400d-6e9b-a567-1e0d-181f0de948cd</id></m_testId><m_execId type="Microsoft.VisualStudio.TestTools.Common.TestExecId"><id type="System.Guid">a8a56295-9dc0-4f45-9fe7-6828c69bd81d</id></m_execId><m_parentExecId type="Microsoft.VisualStudio.TestTools.Common.TestExecId"><id type="System.Guid">00000000-0000-0000-0000-000000000000</id></m_parentExecId><m_categoryId type="Microsoft.VisualStudio.TestTools.Common.TestCategoryId"><id type="System.Guid">8c84fa94-04c1-424b-9868-57a2d4851a1d</id></m_categoryId><m_isTransparent type="System.Boolean">True</m_isTransparent></element><element type="Microsoft.VisualStudio.TestTools.Common.TestEntry"><m_testId type="Microsoft.VisualStudio.TestTools.Common.TestId"><id type="System.Guid">b2f14bc4-9d5c-8689-ba95-139b4df61a56</id></m_testId><m_execId type="Microsoft.VisualStudio.TestTools.Common.TestExecId"><id type="System.Guid">aa880c9a-c4f8-4fb8-bda6-13c3b26c986a</id></m_execId><m_parentExecId type="Microsoft.VisualStudio.TestTools.Common.TestExecId"><id type="System.Guid">00000000-0000-0000-0000-000000000000</id></m_parentExecId><m_categoryId type="Microsoft.VisualStudio.TestTools.Common.TestCategoryId"><id type="System.Guid">8c84fa94-04c1-424b-9868-57a2d4851a1d</id></m_categoryId><m_isTransparent type="System.Boolean">True</m_isTransparent></element><element type="Microsoft.VisualStudio.TestTools.Common.TestEntry"><m_testId type="Microsoft.VisualStudio.TestTools.Common.TestId"><id type="System.Guid">9aa3c193-a9a7-acc1-751c-cf553e0a102b</id></m_testId><m_execId type="Microsoft.VisualStudio.TestTools.Common.TestExecId"><id type="System.Guid">028f9020-876f-44d3-9dba-6617f0a188db</id></m_execId><m_parentExecId type="Microsoft.VisualStudio.TestTools.Common.TestExecId"><id type="System.Guid">00000000-0000-0000-0000-000000000000</id></m_parentExecId><m_categoryId type="Microsoft.VisualStudio.TestTools.Common.TestCategoryId"><id type="System.Guid">8c84fa94-04c1-424b-9868-57a2d4851a1d</id></m_categoryId><m_isTransparent type="System.Boolean">True</m_isTransparent></element><element type="Microsoft.VisualStudio.TestTools.Common.TestEntry"><m_testId type="Microsoft.VisualStudio.TestTools.Common.TestId"><id type="System.Guid">e8157aa6-5445-da79-49c1-7332149c1e02</id></m_testId><m_execId type="Microsoft.VisualStudio.TestTools.Common.TestExecId"><id type="System.Guid">c125d0bb-84e8-40b4-9744-8dad344f2ccf</id></m_execId><m_parentExecId type="Microsoft.VisualStudio.TestTools.Common.TestExecId"><id type="System.Guid">00000000-0000-0000-0000-000000000000</id></m_parentExecId><m_categoryId type="Microsoft.VisualStudio.TestTools.Common.TestCategoryId"><id type="System.Guid">8c84fa94-04c1-424b-9868-57a2d4851a1d</id></m_categoryId><m_isTransparent type="System.Boolean">True</m_isTransparent></element><element type="Microsoft.VisualStudio.TestTools.Common.TestEntry"><m_testId type="Microsoft.VisualStudio.TestTools.Common.TestId"><id type="System.Guid">9afa7768-6be5-fc81-97fe-5cdefa273e68</id></m_testId><m_execId type="Microsoft.VisualStudio.TestTools.Common.TestExecId"><id type="System.Guid">46e7ffe7-8edb-4184-b982-6e0784d42ba3</id></m_execId><m_parentExecId type="Microsoft.VisualStudio.TestTools.Common.TestExecId"><id type="System.Guid">00000000-0000-0000-0000-000000000000</id></m_parentExecId><m_categoryId type="Microsoft.VisualStudio.TestTools.Common.TestCategoryId"><id type="System.Guid">8c84fa94-04c1-424b-9868-57a2d4851a1d</id></m_categoryId><m_isTransparent type="System.Boolean">True</m_isTransparent></element><element type="Microsoft.VisualStudio.TestTools.Common.TestEntry"><m_testId type="Microsoft.VisualStudio.TestTools.Common.TestId"><id type="System.Guid">423e32a7-3006-7a83-3713-c6a87817db1f</id></m_testId><m_execId type="Microsoft.VisualStudio.TestTools.Common.TestExecId"><id type="System.Guid">55b242ec-44d5-4f7b-8db5-30fa1c116b7a</id></m_execId><m_parentExecId type="Microsoft.VisualStudio.TestTools.Common.TestExecId"><id type="System.Guid">00000000-0000-0000-0000-000000000000</id></m_parentExecId><m_categoryId type="Microsoft.VisualStudio.TestTools.Common.TestCategoryId"><id type="System.Guid">8c84fa94-04c1-424b-9868-57a2d4851a1d</id></m_categoryId><m_isTransparent type="System.Boolean">True</m_isTransparent></element><element type="Microsoft.VisualStudio.TestTools.Common.TestEntry"><m_testId type="Microsoft.VisualStudio.TestTools.Common.TestId"><id type="System.Guid">cbf378e1-4a41-5fe3-331e-c5b39d6afb82</id></m_testId><m_execId type="Microsoft.VisualStudio.TestTools.Common.TestExecId"><id type="System.Guid">cad91cf4-d12b-45f7-bc46-1122be607a20</id></m_execId><m_parentExecId type="Microsoft.VisualStudio.TestTools.Common.TestExecId"><id type="System.Guid">00000000-0000-0000-0000-000000000000</id></m_parentExecId><m_categoryId type="Microsoft.VisualStudio.TestTools.Common.TestCategoryId"><id type="System.Guid">8c84fa94-04c1-424b-9868-57a2d4851a1d</id></m_categoryId><m_isTransparent type="System.Boolean">True</m_isTransparent></element><element type="Microsoft.VisualStudio.TestTools.Common.TestEntry"><m_testId type="Microsoft.VisualStudio.TestTools.Common.TestId"><id type="System.Guid">c2692b4e-5dd1-53bc-36d1-668a9c5f3abb</id></m_testId><m_execId type="Microsoft.VisualStudio.TestTools.Common.TestExecId"><id type="System.Guid">a0853df4-da5c-4db3-a31a-f721984f073d</id></m_execId><m_parentExecId type="Microsoft.VisualStudio.TestTools.Common.TestExecId"><id type="System.Guid">00000000-0000-0000-0000-000000000000</id></m_parentExecId><m_categoryId type="Microsoft.VisualStudio.TestTools.Common.TestCategoryId"><id type="System.Guid">8c84fa94-04c1-424b-9868-57a2d4851a1d</id></m_categoryId><m_isTransparent type="System.Boolean">True</m_isTransparent></element><element type="Microsoft.VisualStudio.TestTools.Common.TestEntry"><m_testId type="Microsoft.VisualStudio.TestTools.Common.TestId"><id type="System.Guid">54c4af31-5aa7-98cd-a7df-26f5a245a6d4</id></m_testId><m_execId type="Microsoft.VisualStudio.TestTools.Common.TestExecId"><id type="System.Guid">e5e7673f-1767-45d5-9982-fa986974c2b7</id></m_execId><m_parentExecId type="Microsoft.VisualStudio.TestTools.Common.TestExecId"><id type="System.Guid">00000000-0000-0000-0000-000000000000</id></m_parentExecId><m_categoryId type="Microsoft.VisualStudio.TestTools.Common.TestCategoryId"><id type="System.Guid">8c84fa94-04c1-424b-9868-57a2d4851a1d</id></m_categoryId><m_isTransparent type="System.Boolean">True</m_isTransparent></element><element type="Microsoft.VisualStudio.TestTools.Common.TestEntry"><m_testId type="Microsoft.VisualStudio.TestTools.Common.TestId"><id type="System.Guid">56c6795c-bf6b-4c27-2672-b955d5109502</id></m_testId><m_execId type="Microsoft.VisualStudio.TestTools.Common.TestExecId"><id type="System.Guid">7510321f-3a2d-4372-9fb9-94c2cb79eb08</id></m_execId><m_parentExecId type="Microsoft.VisualStudio.TestTools.Common.TestExecId"><id type="System.Guid">00000000-0000-0000-0000-000000000000</id></m_parentExecId><m_categoryId type="Microsoft.VisualStudio.TestTools.Common.TestCategoryId"><id type="System.Guid">8c84fa94-04c1-424b-9868-57a2d4851a1d</id></m_categoryId><m_isTransparent type="System.Boolean">True</m_isTransparent></element><element type="Microsoft.VisualStudio.TestTools.Common.TestEntry"><m_testId type="Microsoft.VisualStudio.TestTools.Common.TestId"><id type="System.Guid">fba59362-f330-4c39-19cb-6e3a625c420b</id></m_testId><m_execId type="Microsoft.VisualStudio.TestTools.Common.TestExecId"><id type="System.Guid">9b842e82-1ae0-4a7a-b9a8-b84dc169e846</id></m_execId><m_parentExecId type="Microsoft.VisualStudio.TestTools.Common.TestExecId"><id type="System.Guid">00000000-0000-0000-0000-000000000000</id></m_parentExecId><m_categoryId type="Microsoft.VisualStudio.TestTools.Common.TestCategoryId"><id type="System.Guid">8c84fa94-04c1-424b-9868-57a2d4851a1d</id></m_categoryId><m_isTransparent type="System.Boolean">True</m_isTransparent></element><element type="Microsoft.VisualStudio.TestTools.Common.TestEntry"><m_testId type="Microsoft.VisualStudio.TestTools.Common.TestId"><id type="System.Guid">bb8654cc-802e-1210-3015-c984342b64c9</id></m_testId><m_execId type="Microsoft.VisualStudio.TestTools.Common.TestExecId"><id type="System.Guid">78928c45-4f13-4d8b-a582-d7bc034b5fd2</id></m_execId><m_parentExecId type="Microsoft.VisualStudio.TestTools.Common.TestExecId"><id type="System.Guid">00000000-0000-0000-0000-000000000000</id></m_parentExecId><m_categoryId type="Microsoft.VisualStudio.TestTools.Common.TestCategoryId"><id type="System.Guid">8c84fa94-04c1-424b-9868-57a2d4851a1d</id></m_categoryId><m_isTransparent type="System.Boolean">True</m_isTransparent></element><element type="Microsoft.VisualStudio.TestTools.Common.TestEntry"><m_testId type="Microsoft.VisualStudio.TestTools.Common.TestId"><id type="System.Guid">dc077071-b343-ae79-76aa-e9bc9bae094a</id></m_testId><m_execId type="Microsoft.VisualStudio.TestTools.Common.TestExecId"><id type="System.Guid">b87f5dae-2969-42d0-b9cd-655906c3d934</id></m_execId><m_parentExecId type="Microsoft.VisualStudio.TestTools.Common.TestExecId"><id type="System.Guid">00000000-0000-0000-0000-000000000000</id></m_parentExecId><m_categoryId type="Microsoft.VisualStudio.TestTools.Common.TestCategoryId"><id type="System.Guid">8c84fa94-04c1-424b-9868-57a2d4851a1d</id></m_categoryId><m_isTransparent type="System.Boolean">True</m_isTransparent></element><element type="Microsoft.VisualStudio.TestTools.Common.TestEntry"><m_testId type="Microsoft.VisualStudio.TestTools.Common.TestId"><id type="System.Guid">f894e702-bbf0-24c0-e740-1fa942cc585e</id></m_testId><m_execId type="Microsoft.VisualStudio.TestTools.Common.TestExecId"><id type="System.Guid">b329000c-7134-4eb5-b10a-dd599254d632</id></m_execId><m_parentExecId type="Microsoft.VisualStudio.TestTools.Common.TestExecId"><id type="System.Guid">00000000-0000-0000-0000-000000000000</id></m_parentExecId><m_categoryId type="Microsoft.VisualStudio.TestTools.Common.TestCategoryId"><id type="System.Guid">8c84fa94-04c1-424b-9868-57a2d4851a1d</id></m_categoryId><m_isTransparent type="System.Boolean">True</m_isTransparent></element><element type="Microsoft.VisualStudio.TestTools.Common.TestEntry"><m_testId type="Microsoft.VisualStudio.TestTools.Common.TestId"><id type="System.Guid">4bd388d3-8725-55bd-9811-86f904acb5ef</id></m_testId><m_execId type="Microsoft.VisualStudio.TestTools.Common.TestExecId"><id type="System.Guid">0cf6be76-ffbb-4512-9272-8ed8a40c5fa9</id></m_execId><m_parentExecId type="Microsoft.VisualStudio.TestTools.Common.TestExecId"><id type="System.Guid">00000000-0000-0000-0000-000000000000</id></m_parentExecId><m_categoryId type="Microsoft.VisualStudio.TestTools.Common.TestCategoryId"><id type="System.Guid">8c84fa94-04c1-424b-9868-57a2d4851a1d</id></m_categoryId><m_isTransparent type="System.Boolean">True</m_isTransparent></element><element type="Microsoft.VisualStudio.TestTools.Common.TestEntry"><m_testId type="Microsoft.VisualStudio.TestTools.Common.TestId"><id type="System.Guid">ae7671d0-275e-4693-409d-1f5dc7993085</id></m_testId><m_execId type="Microsoft.VisualStudio.TestTools.Common.TestExecId"><id type="System.Guid">ea704bc8-480f-4e96-9cac-3d090d62a307</id></m_execId><m_parentExecId type="Microsoft.VisualStudio.TestTools.Common.TestExecId"><id type="System.Guid">00000000-0000-0000-0000-000000000000</id></m_parentExecId><m_categoryId type="Microsoft.VisualStudio.TestTools.Common.TestCategoryId"><id type="System.Guid">8c84fa94-04c1-424b-9868-57a2d4851a1d</id></m_categoryId><m_isTransparent type="System.Boolean">True</m_isTransparent></element><element type="Microsoft.VisualStudio.TestTools.Common.TestEntry"><m_testId type="Microsoft.VisualStudio.TestTools.Common.TestId"><id type="System.Guid">c19420ac-942a-7879-d75c-0ebe87183c96</id></m_testId><m_execId type="Microsoft.VisualStudio.TestTools.Common.TestExecId"><id type="System.Guid">6f85f48e-a1d3-43ef-a5ea-1e4c4b830ebe</id></m_execId><m_parentExecId type="Microsoft.VisualStudio.TestTools.Common.TestExecId"><id type="System.Guid">00000000-0000-0000-0000-000000000000</id></m_parentExecId><m_categoryId type="Microsoft.VisualStudio.TestTools.Common.TestCategoryId"><id type="System.Guid">8c84fa94-04c1-424b-9868-57a2d4851a1d</id></m_categoryId><m_isTransparent type="System.Boolean">True</m_isTransparent></element><element type="Microsoft.VisualStudio.TestTools.Common.TestEntry"><m_testId type="Microsoft.VisualStudio.TestTools.Common.TestId"><id type="System.Guid">b508c652-663a-fa02-f327-ef1fd59f44d0</id></m_testId><m_execId type="Microsoft.VisualStudio.TestTools.Common.TestExecId"><id type="System.Guid">fa2db8a1-cf99-4cfd-be78-fdaf09a23859</id></m_execId><m_parentExecId type="Microsoft.VisualStudio.TestTools.Common.TestExecId"><id type="System.Guid">00000000-0000-0000-0000-000000000000</id></m_parentExecId><m_categoryId type="Microsoft.VisualStudio.TestTools.Common.TestCategoryId"><id type="System.Guid">8c84fa94-04c1-424b-9868-57a2d4851a1d</id></m_categoryId><m_isTransparent type="System.Boolean">True</m_isTransparent></element><element type="Microsoft.VisualStudio.TestTools.Common.TestEntry"><m_testId type="Microsoft.VisualStudio.TestTools.Common.TestId"><id type="System.Guid">81b1478a-3296-436e-1695-d7294afab6c8</id></m_testId><m_execId type="Microsoft.VisualStudio.TestTools.Common.TestExecId"><id type="System.Guid">14d628e1-cb3d-4648-9a9e-727ca20f6397</id></m_execId><m_parentExecId type="Microsoft.VisualStudio.TestTools.Common.TestExecId"><id type="System.Guid">00000000-0000-0000-0000-000000000000</id></m_parentExecId><m_categoryId type="Microsoft.VisualStudio.TestTools.Common.TestCategoryId"><id type="System.Guid">8c84fa94-04c1-424b-9868-57a2d4851a1d</id></m_categoryId><m_isTransparent type="System.Boolean">True</m_isTransparent></element><element type="Microsoft.VisualStudio.TestTools.Common.TestEntry"><m_testId type="Microsoft.VisualStudio.TestTools.Common.TestId"><id type="System.Guid">d18a85c1-f712-45af-6eae-3a802a8ea095</id></m_testId><m_execId type="Microsoft.VisualStudio.TestTools.Common.TestExecId"><id type="System.Guid">83860dba-2e6e-4aed-8597-c17a8e9e9f9e</id></m_execId><m_parentExecId type="Microsoft.VisualStudio.TestTools.Common.TestExecId"><id type="System.Guid">00000000-0000-0000-0000-000000000000</id></m_parentExecId><m_categoryId type="Microsoft.VisualStudio.TestTools.Common.TestCategoryId"><id type="System.Guid">8c84fa94-04c1-424b-9868-57a2d4851a1d</id></m_categoryId><m_isTransparent type="System.Boolean">True</m_isTransparent></element><element type="Microsoft.VisualStudio.TestTools.Common.TestEntry"><m_testId type="Microsoft.VisualStudio.TestTools.Common.TestId"><id type="System.Guid">f8fc8ea6-1c1a-8d46-6d8b-54b01bfd5ded</id></m_testId><m_execId type="Microsoft.VisualStudio.TestTools.Common.TestExecId"><id type="System.Guid">59c7dade-c009-4a23-90b7-dfbb0680f2f9</id></m_execId><m_parentExecId type="Microsoft.VisualStudio.TestTools.Common.TestExecId"><id type="System.Guid">00000000-0000-0000-0000-000000000000</id></m_parentExecId><m_categoryId type="Microsoft.VisualStudio.TestTools.Common.TestCategoryId"><id type="System.Guid">8c84fa94-04c1-424b-9868-57a2d4851a1d</id></m_categoryId><m_isTransparent type="System.Boolean">True</m_isTransparent></element><element type="Microsoft.VisualStudio.TestTools.Common.TestEntry"><m_testId type="Microsoft.VisualStudio.TestTools.Common.TestId"><id type="System.Guid">926e908e-06db-5ceb-9ab7-eda6ecf7e273</id></m_testId><m_execId type="Microsoft.VisualStudio.TestTools.Common.TestExecId"><id type="System.Guid">db72db7d-2971-49bb-b52c-1d13eeff49a1</id></m_execId><m_parentExecId type="Microsoft.VisualStudio.TestTools.Common.TestExecId"><id type="System.Guid">00000000-0000-0000-0000-000000000000</id></m_parentExecId><m_categoryId type="Microsoft.VisualStudio.TestTools.Common.TestCategoryId"><id type="System.Guid">8c84fa94-04c1-424b-9868-57a2d4851a1d</id></m_categoryId><m_isTransparent type="System.Boolean">True</m_isTransparent></element><element type="Microsoft.VisualStudio.TestTools.Common.TestEntry"><m_testId type="Microsoft.VisualStudio.TestTools.Common.TestId"><id type="System.Guid">373e3d98-8806-7398-7a84-048c5a8acbdf</id></m_testId><m_execId type="Microsoft.VisualStudio.TestTools.Common.TestExecId"><id type="System.Guid">ef632308-bf44-4c47-8a32-d32699f3132d</id></m_execId><m_parentExecId type="Microsoft.VisualStudio.TestTools.Common.TestExecId"><id type="System.Guid">00000000-0000-0000-0000-000000000000</id></m_parentExecId><m_categoryId type="Microsoft.VisualStudio.TestTools.Common.TestCategoryId"><id type="System.Guid">8c84fa94-04c1-424b-9868-57a2d4851a1d</id></m_categoryId><m_isTransparent type="System.Boolean">True</m_isTransparent></element><element type="Microsoft.VisualStudio.TestTools.Common.TestEntry"><m_testId type="Microsoft.VisualStudio.TestTools.Common.TestId"><id type="System.Guid">ddf4ee9a-2c6b-ab4f-39b4-419b81e08971</id></m_testId><m_execId type="Microsoft.VisualStudio.TestTools.Common.TestExecId"><id type="System.Guid">0608b55f-0b43-49de-946d-4dc8bb0a40ff</id></m_execId><m_parentExecId type="Microsoft.VisualStudio.TestTools.Common.TestExecId"><id type="System.Guid">00000000-0000-0000-0000-000000000000</id></m_parentExecId><m_categoryId type="Microsoft.VisualStudio.TestTools.Common.TestCategoryId"><id type="System.Guid">8c84fa94-04c1-424b-9868-57a2d4851a1d</id></m_categoryId><m_isTransparent type="System.Boolean">True</m_isTransparent></element><element type="Microsoft.VisualStudio.TestTools.Common.TestEntry"><m_testId type="Microsoft.VisualStudio.TestTools.Common.TestId"><id type="System.Guid">7f4f55bf-09e6-8ddb-d0b2-3dfa226c5a50</id></m_testId><m_execId type="Microsoft.VisualStudio.TestTools.Common.TestExecId"><id type="System.Guid">1bf990e9-5ccb-41a6-b38a-a7f8e363c8b4</id></m_execId><m_parentExecId type="Microsoft.VisualStudio.TestTools.Common.TestExecId"><id type="System.Guid">00000000-0000-0000-0000-000000000000</id></m_parentExecId><m_categoryId type="Microsoft.VisualStudio.TestTools.Common.TestCategoryId"><id type="System.Guid">8c84fa94-04c1-424b-9868-57a2d4851a1d</id></m_categoryId><m_isTransparent type="System.Boolean">True</m_isTransparent></element><element type="Microsoft.VisualStudio.TestTools.Common.TestEntry"><m_testId type="Microsoft.VisualStudio.TestTools.Common.TestId"><id type="System.Guid">1a524ff1-b1b2-c20b-a024-392a85900da6</id></m_testId><m_execId type="Microsoft.VisualStudio.TestTools.Common.TestExecId"><id type="System.Guid">20d40875-41e8-406a-908a-3bcaa43425a0</id></m_execId><m_parentExecId type="Microsoft.VisualStudio.TestTools.Common.TestExecId"><id type="System.Guid">00000000-0000-0000-0000-000000000000</id></m_parentExecId><m_categoryId type="Microsoft.VisualStudio.TestTools.Common.TestCategoryId"><id type="System.Guid">8c84fa94-04c1-424b-9868-57a2d4851a1d</id></m_categoryId><m_isTransparent type="System.Boolean">True</m_isTransparent></element><element type="Microsoft.VisualStudio.TestTools.Common.TestEntry"><m_testId type="Microsoft.VisualStudio.TestTools.Common.TestId"><id type="System.Guid">0d9bd82f-30c4-c692-4c2f-2849754c9c58</id></m_testId><m_execId type="Microsoft.VisualStudio.TestTools.Common.TestExecId"><id type="System.Guid">067ec920-9dfa-43f0-8069-d23df4e43482</id></m_execId><m_parentExecId type="Microsoft.VisualStudio.TestTools.Common.TestExecId"><id type="System.Guid">00000000-0000-0000-0000-000000000000</id></m_parentExecId><m_categoryId type="Microsoft.VisualStudio.TestTools.Common.TestCategoryId"><id type="System.Guid">8c84fa94-04c1-424b-9868-57a2d4851a1d</id></m_categoryId><m_isTransparent type="System.Boolean">True</m_isTransparent></element><element type="Microsoft.VisualStudio.TestTools.Common.TestEntry"><m_testId type="Microsoft.VisualStudio.TestTools.Common.TestId"><id type="System.Guid">64059aa1-e80a-8ad4-ab71-5a9d63376f44</id></m_testId><m_execId type="Microsoft.VisualStudio.TestTools.Common.TestExecId"><id type="System.Guid">c98f6e65-024f-4df1-90d3-9c956ec830e2</id></m_execId><m_parentExecId type="Microsoft.VisualStudio.TestTools.Common.TestExecId"><id type="System.Guid">00000000-0000-0000-0000-000000000000</id></m_parentExecId><m_categoryId type="Microsoft.VisualStudio.TestTools.Common.TestCategoryId"><id type="System.Guid">8c84fa94-04c1-424b-9868-57a2d4851a1d</id></m_categoryId><m_isTransparent type="System.Boolean">True</m_isTransparent></element><element type="Microsoft.VisualStudio.TestTools.Common.TestEntry"><m_testId type="Microsoft.VisualStudio.TestTools.Common.TestId"><id type="System.Guid">36af79db-49e3-d713-2756-45e0e8b8331f</id></m_testId><m_execId type="Microsoft.VisualStudio.TestTools.Common.TestExecId"><id type="System.Guid">6d12ca91-b3c4-4815-9bb1-5845ab045210</id></m_execId><m_parentExecId type="Microsoft.VisualStudio.TestTools.Common.TestExecId"><id type="System.Guid">00000000-0000-0000-0000-000000000000</id></m_parentExecId><m_categoryId type="Microsoft.VisualStudio.TestTools.Common.TestCategoryId"><id type="System.Guid">8c84fa94-04c1-424b-9868-57a2d4851a1d</id></m_categoryId><m_isTransparent type="System.Boolean">True</m_isTransparent></element><element type="Microsoft.VisualStudio.TestTools.Common.TestEntry"><m_testId type="Microsoft.VisualStudio.TestTools.Common.TestId"><id type="System.Guid">739b7338-7f5b-c0c3-f931-6f6881765449</id></m_testId><m_execId type="Microsoft.VisualStudio.TestTools.Common.TestExecId"><id type="System.Guid">fa90f626-5e3c-4bf5-9001-664305fe75e4</id></m_execId><m_parentExecId type="Microsoft.VisualStudio.TestTools.Common.TestExecId"><id type="System.Guid">00000000-0000-0000-0000-000000000000</id></m_parentExecId><m_categoryId type="Microsoft.VisualStudio.TestTools.Common.TestCategoryId"><id type="System.Guid">8c84fa94-04c1-424b-9868-57a2d4851a1d</id></m_categoryId><m_isTransparent type="System.Boolean">True</m_isTransparent></element><element type="Microsoft.VisualStudio.TestTools.Common.TestEntry"><m_testId type="Microsoft.VisualStudio.TestTools.Common.TestId"><id type="System.Guid">38ee0d87-bbed-fac4-306d-e37759fc7037</id></m_testId><m_execId type="Microsoft.VisualStudio.TestTools.Common.TestExecId"><id type="System.Guid">43a78eb6-1614-4d9c-be4f-22566cbc1b35</id></m_execId><m_parentExecId type="Microsoft.VisualStudio.TestTools.Common.TestExecId"><id type="System.Guid">00000000-0000-0000-0000-000000000000</id></m_parentExecId><m_categoryId type="Microsoft.VisualStudio.TestTools.Common.TestCategoryId"><id type="System.Guid">8c84fa94-04c1-424b-9868-57a2d4851a1d</id></m_categoryId><m_isTransparent type="System.Boolean">True</m_isTransparent></element><element type="Microsoft.VisualStudio.TestTools.Common.TestEntry"><m_testId type="Microsoft.VisualStudio.TestTools.Common.TestId"><id type="System.Guid">ac826f12-6fb1-9c62-240d-9da84af119e9</id></m_testId><m_execId type="Microsoft.VisualStudio.TestTools.Common.TestExecId"><id type="System.Guid">532d4609-b66c-4b5e-b7ea-71e11189a3e3</id></m_execId><m_parentExecId type="Microsoft.VisualStudio.TestTools.Common.TestExecId"><id type="System.Guid">00000000-0000-0000-0000-000000000000</id></m_parentExecId><m_categoryId type="Microsoft.VisualStudio.TestTools.Common.TestCategoryId"><id type="System.Guid">8c84fa94-04c1-424b-9868-57a2d4851a1d</id></m_categoryId><m_isTransparent type="System.Boolean">True</m_isTransparent></element><element type="Microsoft.VisualStudio.TestTools.Common.TestEntry"><m_testId type="Microsoft.VisualStudio.TestTools.Common.TestId"><id type="System.Guid">daa98c6d-38c3-62f2-9bed-c66925819b2b</id></m_testId><m_execId type="Microsoft.VisualStudio.TestTools.Common.TestExecId"><id type="System.Guid">773e8434-eb4d-48ad-8c4e-8c81a74cfd96</id></m_execId><m_parentExecId type="Microsoft.VisualStudio.TestTools.Common.TestExecId"><id type="System.Guid">00000000-0000-0000-0000-000000000000</id></m_parentExecId><m_categoryId type="Microsoft.VisualStudio.TestTools.Common.TestCategoryId"><id type="System.Guid">8c84fa94-04c1-424b-9868-57a2d4851a1d</id></m_categoryId><m_isTransparent type="System.Boolean">True</m_isTransparent></element><element type="Microsoft.VisualStudio.TestTools.Common.TestEntry"><m_testId type="Microsoft.VisualStudio.TestTools.Common.TestId"><id type="System.Guid">faa93158-edb6-509d-093f-13f7a3d9c683</id></m_testId><m_execId type="Microsoft.VisualStudio.TestTools.Common.TestExecId"><id type="System.Guid">37225538-9192-4fa3-acca-6cc932ba3acc</id></m_execId><m_parentExecId type="Microsoft.VisualStudio.TestTools.Common.TestExecId"><id type="System.Guid">00000000-0000-0000-0000-000000000000</id></m_parentExecId><m_categoryId type="Microsoft.VisualStudio.TestTools.Common.TestCategoryId"><id type="System.Guid">8c84fa94-04c1-424b-9868-57a2d4851a1d</id></m_categoryId><m_isTransparent type="System.Boolean">True</m_isTransparent></element><element type="Microsoft.VisualStudio.TestTools.Common.TestEntry"><m_testId type="Microsoft.VisualStudio.TestTools.Common.TestId"><id type="System.Guid">4f376451-5eb1-78c2-ead9-ad84302f49e9</id></m_testId><m_execId type="Microsoft.VisualStudio.TestTools.Common.TestExecId"><id type="System.Guid">a5e49360-071b-4e35-b0c4-2e0d83bc6d18</id></m_execId><m_parentExecId type="Microsoft.VisualStudio.TestTools.Common.TestExecId"><id type="System.Guid">00000000-0000-0000-0000-000000000000</id></m_parentExecId><m_categoryId type="Microsoft.VisualStudio.TestTools.Common.TestCategoryId"><id type="System.Guid">8c84fa94-04c1-424b-9868-57a2d4851a1d</id></m_categoryId><m_isTransparent type="System.Boolean">True</m_isTransparent></element><element type="Microsoft.VisualStudio.TestTools.Common.TestEntry"><m_testId type="Microsoft.VisualStudio.TestTools.Common.TestId"><id type="System.Guid">26d7d256-d8f1-9df4-b37b-a5de24c4577e</id></m_testId><m_execId type="Microsoft.VisualStudio.TestTools.Common.TestExecId"><id type="System.Guid">77312e00-3714-410f-a53f-9c047ca1ee9a</id></m_execId><m_parentExecId type="Microsoft.VisualStudio.TestTools.Common.TestExecId"><id type="System.Guid">00000000-0000-0000-0000-000000000000</id></m_parentExecId><m_categoryId type="Microsoft.VisualStudio.TestTools.Common.TestCategoryId"><id type="System.Guid">8c84fa94-04c1-424b-9868-57a2d4851a1d</id></m_categoryId><m_isTransparent type="System.Boolean">True</m_isTransparent></element><element type="Microsoft.VisualStudio.TestTools.Common.TestEntry"><m_testId type="Microsoft.VisualStudio.TestTools.Common.TestId"><id type="System.Guid">436a870a-6017-7530-79f9-8670f605e803</id></m_testId><m_execId type="Microsoft.VisualStudio.TestTools.Common.TestExecId"><id type="System.Guid">c84ebf80-b275-4845-9c48-84d36bf3163a</id></m_execId><m_parentExecId type="Microsoft.VisualStudio.TestTools.Common.TestExecId"><id type="System.Guid">00000000-0000-0000-0000-000000000000</id></m_parentExecId><m_categoryId type="Microsoft.VisualStudio.TestTools.Common.TestCategoryId"><id type="System.Guid">8c84fa94-04c1-424b-9868-57a2d4851a1d</id></m_categoryId><m_isTransparent type="System.Boolean">True</m_isTransparent></element><element type="Microsoft.VisualStudio.TestTools.Common.TestEntry"><m_testId type="Microsoft.VisualStudio.TestTools.Common.TestId"><id type="System.Guid">e47c9298-5146-fd00-93f3-eba7986892d8</id></m_testId><m_execId type="Microsoft.VisualStudio.TestTools.Common.TestExecId"><id type="System.Guid">41bb1c1b-13e9-4fd8-9bf1-3baee8e24139</id></m_execId><m_parentExecId type="Microsoft.VisualStudio.TestTools.Common.TestExecId"><id type="System.Guid">00000000-0000-0000-0000-000000000000</id></m_parentExecId><m_categoryId type="Microsoft.VisualStudio.TestTools.Common.TestCategoryId"><id type="System.Guid">8c84fa94-04c1-424b-9868-57a2d4851a1d</id></m_categoryId><m_isTransparent type="System.Boolean">True</m_isTransparent></element><element type="Microsoft.VisualStudio.TestTools.Common.TestEntry"><m_testId type="Microsoft.VisualStudio.TestTools.Common.TestId"><id type="System.Guid">35966df6-971e-d584-67cf-b3b380dc2b82</id></m_testId><m_execId type="Microsoft.VisualStudio.TestTools.Common.TestExecId"><id type="System.Guid">92dfd4e3-ad55-4c37-9384-04eacf406463</id></m_execId><m_parentExecId type="Microsoft.VisualStudio.TestTools.Common.TestExecId"><id type="System.Guid">00000000-0000-0000-0000-000000000000</id></m_parentExecId><m_categoryId type="Microsoft.VisualStudio.TestTools.Common.TestCategoryId"><id type="System.Guid">8c84fa94-04c1-424b-9868-57a2d4851a1d</id></m_categoryId><m_isTransparent type="System.Boolean">True</m_isTransparent></element><element type="Microsoft.VisualStudio.TestTools.Common.TestEntry"><m_testId type="Microsoft.VisualStudio.TestTools.Common.TestId"><id type="System.Guid">fb61c791-fd0a-c78d-e63a-6250372bff94</id></m_testId><m_execId type="Microsoft.VisualStudio.TestTools.Common.TestExecId"><id type="System.Guid">e89647a0-0b65-4206-b352-2b62df5f04fd</id></m_execId><m_parentExecId type="Microsoft.VisualStudio.TestTools.Common.TestExecId"><id type="System.Guid">00000000-0000-0000-0000-000000000000</id></m_parentExecId><m_categoryId type="Microsoft.VisualStudio.TestTools.Common.TestCategoryId"><id type="System.Guid">8c84fa94-04c1-424b-9868-57a2d4851a1d</id></m_categoryId><m_isTransparent type="System.Boolean">True</m_isTransparent></element><element type="Microsoft.VisualStudio.TestTools.Common.TestEntry"><m_testId type="Microsoft.VisualStudio.TestTools.Common.TestId"><id type="System.Guid">c2759626-01c8-b393-7616-52703cac459a</id></m_testId><m_execId type="Microsoft.VisualStudio.TestTools.Common.TestExecId"><id type="System.Guid">3e850923-f06e-472b-a77c-6eaded65adfe</id></m_execId><m_parentExecId type="Microsoft.VisualStudio.TestTools.Common.TestExecId"><id type="System.Guid">00000000-0000-0000-0000-000000000000</id></m_parentExecId><m_categoryId type="Microsoft.VisualStudio.TestTools.Common.TestCategoryId"><id type="System.Guid">8c84fa94-04c1-424b-9868-57a2d4851a1d</id></m_categoryId><m_isTransparent type="System.Boolean">True</m_isTransparent></element><element type="Microsoft.VisualStudio.TestTools.Common.TestEntry"><m_testId type="Microsoft.VisualStudio.TestTools.Common.TestId"><id type="System.Guid">f80ffaa3-5ea5-ed93-9737-58b514a65e17</id></m_testId><m_execId type="Microsoft.VisualStudio.TestTools.Common.TestExecId"><id type="System.Guid">0ebbd8fa-7a1c-471a-8d89-fd64db6c80c3</id></m_execId><m_parentExecId type="Microsoft.VisualStudio.TestTools.Common.TestExecId"><id type="System.Guid">00000000-0000-0000-0000-000000000000</id></m_parentExecId><m_categoryId type="Microsoft.VisualStudio.TestTools.Common.TestCategoryId"><id type="System.Guid">8c84fa94-04c1-424b-9868-57a2d4851a1d</id></m_categoryId><m_isTransparent type="System.Boolean">True</m_isTransparent></element><element type="Microsoft.VisualStudio.TestTools.Common.TestEntry"><m_testId type="Microsoft.VisualStudio.TestTools.Common.TestId"><id type="System.Guid">46a4c7f0-9a7c-c32a-a9e4-8b23ad3fc62d</id></m_testId><m_execId type="Microsoft.VisualStudio.TestTools.Common.TestExecId"><id type="System.Guid">f03af859-da36-49c1-9c51-04150ab00fd8</id></m_execId><m_parentExecId type="Microsoft.VisualStudio.TestTools.Common.TestExecId"><id type="System.Guid">00000000-0000-0000-0000-000000000000</id></m_parentExecId><m_categoryId type="Microsoft.VisualStudio.TestTools.Common.TestCategoryId"><id type="System.Guid">8c84fa94-04c1-424b-9868-57a2d4851a1d</id></m_categoryId><m_isTransparent type="System.Boolean">True</m_isTransparent></element><element type="Microsoft.VisualStudio.TestTools.Common.TestEntry"><m_testId type="Microsoft.VisualStudio.TestTools.Common.TestId"><id type="System.Guid">3a493e3f-9919-4cf4-1b29-edb9b959d2cb</id></m_testId><m_execId type="Microsoft.VisualStudio.TestTools.Common.TestExecId"><id type="System.Guid">7103824f-ebba-443f-82b0-255014a16fe1</id></m_execId><m_parentExecId type="Microsoft.VisualStudio.TestTools.Common.TestExecId"><id type="System.Guid">00000000-0000-0000-0000-000000000000</id></m_parentExecId><m_categoryId type="Microsoft.VisualStudio.TestTools.Common.TestCategoryId"><id type="System.Guid">8c84fa94-04c1-424b-9868-57a2d4851a1d</id></m_categoryId><m_isTransparent type="System.Boolean">True</m_isTransparent></element><element type="Microsoft.VisualStudio.TestTools.Common.TestEntry"><m_testId type="Microsoft.VisualStudio.TestTools.Common.TestId"><id type="System.Guid">ba218900-ffed-0550-582e-3ba7c81b8cf0</id></m_testId><m_execId type="Microsoft.VisualStudio.TestTools.Common.TestExecId"><id type="System.Guid">e155e514-e88b-40e2-a06e-e0d06e232915</id></m_execId><m_parentExecId type="Microsoft.VisualStudio.TestTools.Common.TestExecId"><id type="System.Guid">00000000-0000-0000-0000-000000000000</id></m_parentExecId><m_categoryId type="Microsoft.VisualStudio.TestTools.Common.TestCategoryId"><id type="System.Guid">8c84fa94-04c1-424b-9868-57a2d4851a1d</id></m_categoryId><m_isTransparent type="System.Boolean">True</m_isTransparent></element><element type="Microsoft.VisualStudio.TestTools.Common.TestEntry"><m_testId type="Microsoft.VisualStudio.TestTools.Common.TestId"><id type="System.Guid">0dbf86a0-8d64-cf6a-4bdb-8a1bd994088a</id></m_testId><m_execId type="Microsoft.VisualStudio.TestTools.Common.TestExecId"><id type="System.Guid">bcd4d986-af57-4779-9a05-de3ee973d589</id></m_execId><m_parentExecId type="Microsoft.VisualStudio.TestTools.Common.TestExecId"><id type="System.Guid">00000000-0000-0000-0000-000000000000</id></m_parentExecId><m_categoryId type="Microsoft.VisualStudio.TestTools.Common.TestCategoryId"><id type="System.Guid">8c84fa94-04c1-424b-9868-57a2d4851a1d</id></m_categoryId><m_isTransparent type="System.Boolean">True</m_isTransparent></element><element type="Microsoft.VisualStudio.TestTools.Common.TestEntry"><m_testId type="Microsoft.VisualStudio.TestTools.Common.TestId"><id type="System.Guid">e3cf340e-bd22-843f-1a35-f713d67f0c18</id></m_testId><m_execId type="Microsoft.VisualStudio.TestTools.Common.TestExecId"><id type="System.Guid">1c36639f-b3b2-45c0-b627-e2948ac89885</id></m_execId><m_parentExecId type="Microsoft.VisualStudio.TestTools.Common.TestExecId"><id type="System.Guid">00000000-0000-0000-0000-000000000000</id></m_parentExecId><m_categoryId type="Microsoft.VisualStudio.TestTools.Common.TestCategoryId"><id type="System.Guid">8c84fa94-04c1-424b-9868-57a2d4851a1d</id></m_categoryId><m_isTransparent type="System.Boolean">True</m_isTransparent></element><element type="Microsoft.VisualStudio.TestTools.Common.TestEntry"><m_testId type="Microsoft.VisualStudio.TestTools.Common.TestId"><id type="System.Guid">cbfbc7e9-f6fc-c8dc-f543-3c87977e4a85</id></m_testId><m_execId type="Microsoft.VisualStudio.TestTools.Common.TestExecId"><id type="System.Guid">89902f86-ab9c-4dc8-a4e4-2f0c6b2a1e56</id></m_execId><m_parentExecId type="Microsoft.VisualStudio.TestTools.Common.TestExecId"><id type="System.Guid">00000000-0000-0000-0000-000000000000</id></m_parentExecId><m_categoryId type="Microsoft.VisualStudio.TestTools.Common.TestCategoryId"><id type="System.Guid">8c84fa94-04c1-424b-9868-57a2d4851a1d</id></m_categoryId><m_isTransparent type="System.Boolean">True</m_isTransparent></element><element type="Microsoft.VisualStudio.TestTools.Common.TestEntry"><m_testId type="Microsoft.VisualStudio.TestTools.Common.TestId"><id type="System.Guid">dd659e9b-0fcf-d968-3559-112877ba7e86</id></m_testId><m_execId type="Microsoft.VisualStudio.TestTools.Common.TestExecId"><id type="System.Guid">2a2311a3-fc75-4b97-ab0f-d2cd0700656f</id></m_execId><m_parentExecId type="Microsoft.VisualStudio.TestTools.Common.TestExecId"><id type="System.Guid">00000000-0000-0000-0000-000000000000</id></m_parentExecId><m_categoryId type="Microsoft.VisualStudio.TestTools.Common.TestCategoryId"><id type="System.Guid">8c84fa94-04c1-424b-9868-57a2d4851a1d</id></m_categoryId><m_isTransparent type="System.Boolean">True</m_isTransparent></element><element type="Microsoft.VisualStudio.TestTools.Common.TestEntry"><m_testId type="Microsoft.VisualStudio.TestTools.Common.TestId"><id type="System.Guid">067affe7-e30c-d297-35a2-cd4fce1b899f</id></m_testId><m_execId type="Microsoft.VisualStudio.TestTools.Common.TestExecId"><id type="System.Guid">8acb4248-7e61-4aee-9867-6d89befcfba8</id></m_execId><m_parentExecId type="Microsoft.VisualStudio.TestTools.Common.TestExecId"><id type="System.Guid">00000000-0000-0000-0000-000000000000</id></m_parentExecId><m_categoryId type="Microsoft.VisualStudio.TestTools.Common.TestCategoryId"><id type="System.Guid">8c84fa94-04c1-424b-9868-57a2d4851a1d</id></m_categoryId><m_isTransparent type="System.Boolean">True</m_isTransparent></element><element type="Microsoft.VisualStudio.TestTools.Common.TestEntry"><m_testId type="Microsoft.VisualStudio.TestTools.Common.TestId"><id type="System.Guid">f5b8ecc6-4aa3-6e42-8018-04040f188816</id></m_testId><m_execId type="Microsoft.VisualStudio.TestTools.Common.TestExecId"><id type="System.Guid">e6be459c-aca6-4d1c-b21e-c3410eadcfd0</id></m_execId><m_parentExecId type="Microsoft.VisualStudio.TestTools.Common.TestExecId"><id type="System.Guid">00000000-0000-0000-0000-000000000000</id></m_parentExecId><m_categoryId type="Microsoft.VisualStudio.TestTools.Common.TestCategoryId"><id type="System.Guid">8c84fa94-04c1-424b-9868-57a2d4851a1d</id></m_categoryId><m_isTransparent type="System.Boolean">True</m_isTransparent></element><element type="Microsoft.VisualStudio.TestTools.Common.TestEntry"><m_testId type="Microsoft.VisualStudio.TestTools.Common.TestId"><id type="System.Guid">d24b919a-e5c5-a281-e4d4-031d989ab3a0</id></m_testId><m_execId type="Microsoft.VisualStudio.TestTools.Common.TestExecId"><id type="System.Guid">368bef38-9e57-49fc-be55-279f0e2966a8</id></m_execId><m_parentExecId type="Microsoft.VisualStudio.TestTools.Common.TestExecId"><id type="System.Guid">00000000-0000-0000-0000-000000000000</id></m_parentExecId><m_categoryId type="Microsoft.VisualStudio.TestTools.Common.TestCategoryId"><id type="System.Guid">8c84fa94-04c1-424b-9868-57a2d4851a1d</id></m_categoryId><m_isTransparent type="System.Boolean">True</m_isTransparent></element><element type="Microsoft.VisualStudio.TestTools.Common.TestEntry"><m_testId type="Microsoft.VisualStudio.TestTools.Common.TestId"><id type="System.Guid">8deeb89a-095f-067e-8640-f0546875ce95</id></m_testId><m_execId type="Microsoft.VisualStudio.TestTools.Common.TestExecId"><id type="System.Guid">526d0e55-73b3-4bbb-a348-7f31a1ba5826</id></m_execId><m_parentExecId type="Microsoft.VisualStudio.TestTools.Common.TestExecId"><id type="System.Guid">00000000-0000-0000-0000-000000000000</id></m_parentExecId><m_categoryId type="Microsoft.VisualStudio.TestTools.Common.TestCategoryId"><id type="System.Guid">8c84fa94-04c1-424b-9868-57a2d4851a1d</id></m_categoryId><m_isTransparent type="System.Boolean">True</m_isTransparent></element><element type="Microsoft.VisualStudio.TestTools.Common.TestEntry"><m_testId type="Microsoft.VisualStudio.TestTools.Common.TestId"><id type="System.Guid">eaf69837-3459-b27f-d881-51f4fbb722eb</id></m_testId><m_execId type="Microsoft.VisualStudio.TestTools.Common.TestExecId"><id type="System.Guid">850fa2ad-37d6-4a67-9b18-a6e10c7eb7e5</id></m_execId><m_parentExecId type="Microsoft.VisualStudio.TestTools.Common.TestExecId"><id type="System.Guid">00000000-0000-0000-0000-000000000000</id></m_parentExecId><m_categoryId type="Microsoft.VisualStudio.TestTools.Common.TestCategoryId"><id type="System.Guid">8c84fa94-04c1-424b-9868-57a2d4851a1d</id></m_categoryId><m_isTransparent type="System.Boolean">True</m_isTransparent></element><element type="Microsoft.VisualStudio.TestTools.Common.TestEntry"><m_testId type="Microsoft.VisualStudio.TestTools.Common.TestId"><id type="System.Guid">e04edd1f-adc1-3b54-7b30-ac7c13757c73</id></m_testId><m_execId type="Microsoft.VisualStudio.TestTools.Common.TestExecId"><id type="System.Guid">2839624d-867f-49b9-8b3b-5bee658ebc6d</id></m_execId><m_parentExecId type="Microsoft.VisualStudio.TestTools.Common.TestExecId"><id type="System.Guid">00000000-0000-0000-0000-000000000000</id></m_parentExecId><m_categoryId type="Microsoft.VisualStudio.TestTools.Common.TestCategoryId"><id type="System.Guid">8c84fa94-04c1-424b-9868-57a2d4851a1d</id></m_categoryId><m_isTransparent type="System.Boolean">True</m_isTransparent></element><element type="Microsoft.VisualStudio.TestTools.Common.TestEntry"><m_testId type="Microsoft.VisualStudio.TestTools.Common.TestId"><id type="System.Guid">c29ea641-fc01-4cf2-1cca-b39dc3c25f0e</id></m_testId><m_execId type="Microsoft.VisualStudio.TestTools.Common.TestExecId"><id type="System.Guid">0ad9241d-58ba-4bd8-a9c4-7f8394a34d83</id></m_execId><m_parentExecId type="Microsoft.VisualStudio.TestTools.Common.TestExecId"><id type="System.Guid">00000000-0000-0000-0000-000000000000</id></m_parentExecId><m_categoryId type="Microsoft.VisualStudio.TestTools.Common.TestCategoryId"><id type="System.Guid">8c84fa94-04c1-424b-9868-57a2d4851a1d</id></m_categoryId><m_isTransparent type="System.Boolean">True</m_isTransparent></element><element type="Microsoft.VisualStudio.TestTools.Common.TestEntry"><m_testId type="Microsoft.VisualStudio.TestTools.Common.TestId"><id type="System.Guid">439c1722-13d6-6277-fd78-62803aef28d1</id></m_testId><m_execId type="Microsoft.VisualStudio.TestTools.Common.TestExecId"><id type="System.Guid">45511761-f836-44eb-98c0-a8bd04963801</id></m_execId><m_parentExecId type="Microsoft.VisualStudio.TestTools.Common.TestExecId"><id type="System.Guid">00000000-0000-0000-0000-000000000000</id></m_parentExecId><m_categoryId type="Microsoft.VisualStudio.TestTools.Common.TestCategoryId"><id type="System.Guid">8c84fa94-04c1-424b-9868-57a2d4851a1d</id></m_categoryId><m_isTransparent type="System.Boolean">True</m_isTransparent></element><element type="Microsoft.VisualStudio.TestTools.Common.TestEntry"><m_testId type="Microsoft.VisualStudio.TestTools.Common.TestId"><id type="System.Guid">e757bdb6-ca4c-0352-cd9f-e65c6699f872</id></m_testId><m_execId type="Microsoft.VisualStudio.TestTools.Common.TestExecId"><id type="System.Guid">6144d10a-3a78-4656-950f-a24e93b534e4</id></m_execId><m_parentExecId type="Microsoft.VisualStudio.TestTools.Common.TestExecId"><id type="System.Guid">00000000-0000-0000-0000-000000000000</id></m_parentExecId><m_categoryId type="Microsoft.VisualStudio.TestTools.Common.TestCategoryId"><id type="System.Guid">8c84fa94-04c1-424b-9868-57a2d4851a1d</id></m_categoryId><m_isTransparent type="System.Boolean">True</m_isTransparent></element><element type="Microsoft.VisualStudio.TestTools.Common.TestEntry"><m_testId type="Microsoft.VisualStudio.TestTools.Common.TestId"><id type="System.Guid">00c1bb6e-84c8-a5b7-9512-218160601b66</id></m_testId><m_execId type="Microsoft.VisualStudio.TestTools.Common.TestExecId"><id type="System.Guid">bbada971-6999-44b2-8966-6f5c9ada8003</id></m_execId><m_parentExecId type="Microsoft.VisualStudio.TestTools.Common.TestExecId"><id type="System.Guid">00000000-0000-0000-0000-000000000000</id></m_parentExecId><m_categoryId type="Microsoft.VisualStudio.TestTools.Common.TestCategoryId"><id type="System.Guid">8c84fa94-04c1-424b-9868-57a2d4851a1d</id></m_categoryId><m_isTransparent type="System.Boolean">True</m_isTransparent></element><element type="Microsoft.VisualStudio.TestTools.Common.TestEntry"><m_testId type="Microsoft.VisualStudio.TestTools.Common.TestId"><id type="System.Guid">442857d2-931e-c657-5d0a-92e04f1df91e</id></m_testId><m_execId type="Microsoft.VisualStudio.TestTools.Common.TestExecId"><id type="System.Guid">56d90f95-5cb4-4619-ac26-b20fe0aea0e0</id></m_execId><m_parentExecId type="Microsoft.VisualStudio.TestTools.Common.TestExecId"><id type="System.Guid">00000000-0000-0000-0000-000000000000</id></m_parentExecId><m_categoryId type="Microsoft.VisualStudio.TestTools.Common.TestCategoryId"><id type="System.Guid">8c84fa94-04c1-424b-9868-57a2d4851a1d</id></m_categoryId><m_isTransparent type="System.Boolean">True</m_isTransparent></element><element type="Microsoft.VisualStudio.TestTools.Common.TestEntry"><m_testId type="Microsoft.VisualStudio.TestTools.Common.TestId"><id type="System.Guid">a1ee21bc-d90e-60ff-c932-ee2e55f11190</id></m_testId><m_execId type="Microsoft.VisualStudio.TestTools.Common.TestExecId"><id type="System.Guid">101b8081-9dde-4ca5-8c49-41dc04eb12ea</id></m_execId><m_parentExecId type="Microsoft.VisualStudio.TestTools.Common.TestExecId"><id type="System.Guid">00000000-0000-0000-0000-000000000000</id></m_parentExecId><m_categoryId type="Microsoft.VisualStudio.TestTools.Common.TestCategoryId"><id type="System.Guid">8c84fa94-04c1-424b-9868-57a2d4851a1d</id></m_categoryId><m_isTransparent type="System.Boolean">True</m_isTransparent></element><element type="Microsoft.VisualStudio.TestTools.Common.TestEntry"><m_testId type="Microsoft.VisualStudio.TestTools.Common.TestId"><id type="System.Guid">51cd2946-dc1c-b246-7f73-af384ded64e4</id></m_testId><m_execId type="Microsoft.VisualStudio.TestTools.Common.TestExecId"><id type="System.Guid">6c0cb5f7-417d-40ef-919b-92951b24ecb9</id></m_execId><m_parentExecId type="Microsoft.VisualStudio.TestTools.Common.TestExecId"><id type="System.Guid">00000000-0000-0000-0000-000000000000</id></m_parentExecId><m_categoryId type="Microsoft.VisualStudio.TestTools.Common.TestCategoryId"><id type="System.Guid">8c84fa94-04c1-424b-9868-57a2d4851a1d</id></m_categoryId><m_isTransparent type="System.Boolean">True</m_isTransparent></element><element type="Microsoft.VisualStudio.TestTools.Common.TestEntry"><m_testId type="Microsoft.VisualStudio.TestTools.Common.TestId"><id type="System.Guid">0756ba08-4fc1-86aa-2668-ea46b3f1c42f</id></m_testId><m_execId type="Microsoft.VisualStudio.TestTools.Common.TestExecId"><id type="System.Guid">8e82d37b-84b7-4f56-b864-67c23e30029a</id></m_execId><m_parentExecId type="Microsoft.VisualStudio.TestTools.Common.TestExecId"><id type="System.Guid">00000000-0000-0000-0000-000000000000</id></m_parentExecId><m_categoryId type="Microsoft.VisualStudio.TestTools.Common.TestCategoryId"><id type="System.Guid">8c84fa94-04c1-424b-9868-57a2d4851a1d</id></m_categoryId><m_isTransparent type="System.Boolean">True</m_isTransparent></element><element type="Microsoft.VisualStudio.TestTools.Common.TestEntry"><m_testId type="Microsoft.VisualStudio.TestTools.Common.TestId"><id type="System.Guid">2d440f41-7e3e-9bb5-b24b-00be82685c58</id></m_testId><m_execId type="Microsoft.VisualStudio.TestTools.Common.TestExecId"><id type="System.Guid">fb5e1822-8842-42c7-8415-6e2c46f2d106</id></m_execId><m_parentExecId type="Microsoft.VisualStudio.TestTools.Common.TestExecId"><id type="System.Guid">00000000-0000-0000-0000-000000000000</id></m_parentExecId><m_categoryId type="Microsoft.VisualStudio.TestTools.Common.TestCategoryId"><id type="System.Guid">8c84fa94-04c1-424b-9868-57a2d4851a1d</id></m_categoryId><m_isTransparent type="System.Boolean">True</m_isTransparent></element><element type="Microsoft.VisualStudio.TestTools.Common.TestEntry"><m_testId type="Microsoft.VisualStudio.TestTools.Common.TestId"><id type="System.Guid">18c2cc6f-a0c8-1fc2-ca3b-888f4cb82484</id></m_testId><m_execId type="Microsoft.VisualStudio.TestTools.Common.TestExecId"><id type="System.Guid">1dd3fbe1-5825-4d3f-83e1-b068b2dead2f</id></m_execId><m_parentExecId type="Microsoft.VisualStudio.TestTools.Common.TestExecId"><id type="System.Guid">00000000-0000-0000-0000-000000000000</id></m_parentExecId><m_categoryId type="Microsoft.VisualStudio.TestTools.Common.TestCategoryId"><id type="System.Guid">8c84fa94-04c1-424b-9868-57a2d4851a1d</id></m_categoryId><m_isTransparent type="System.Boolean">True</m_isTransparent></element><element type="Microsoft.VisualStudio.TestTools.Common.TestEntry"><m_testId type="Microsoft.VisualStudio.TestTools.Common.TestId"><id type="System.Guid">4562a5a2-9bad-26d7-0301-912a1ce27ff9</id></m_testId><m_execId type="Microsoft.VisualStudio.TestTools.Common.TestExecId"><id type="System.Guid">bdadb711-f8e9-4aec-9e96-4414eef8bbe9</id></m_execId><m_parentExecId type="Microsoft.VisualStudio.TestTools.Common.TestExecId"><id type="System.Guid">00000000-0000-0000-0000-000000000000</id></m_parentExecId><m_categoryId type="Microsoft.VisualStudio.TestTools.Common.TestCategoryId"><id type="System.Guid">8c84fa94-04c1-424b-9868-57a2d4851a1d</id></m_categoryId><m_isTransparent type="System.Boolean">True</m_isTransparent></element><element type="Microsoft.VisualStudio.TestTools.Common.TestEntry"><m_testId type="Microsoft.VisualStudio.TestTools.Common.TestId"><id type="System.Guid">f924fd99-c018-1886-b6c4-24970f238aca</id></m_testId><m_execId type="Microsoft.VisualStudio.TestTools.Common.TestExecId"><id type="System.Guid">99aa8cb6-a70a-43bb-8ccb-ab84f92363c3</id></m_execId><m_parentExecId type="Microsoft.VisualStudio.TestTools.Common.TestExecId"><id type="System.Guid">00000000-0000-0000-0000-000000000000</id></m_parentExecId><m_categoryId type="Microsoft.VisualStudio.TestTools.Common.TestCategoryId"><id type="System.Guid">8c84fa94-04c1-424b-9868-57a2d4851a1d</id></m_categoryId><m_isTransparent type="System.Boolean">True</m_isTransparent></element><element type="Microsoft.VisualStudio.TestTools.Common.TestEntry"><m_testId type="Microsoft.VisualStudio.TestTools.Common.TestId"><id type="System.Guid">d7c13b58-bee4-1f16-1f3b-dfc18073ead4</id></m_testId><m_execId type="Microsoft.VisualStudio.TestTools.Common.TestExecId"><id type="System.Guid">58bcd19d-72ee-48cc-a095-5303f77f46e0</id></m_execId><m_parentExecId type="Microsoft.VisualStudio.TestTools.Common.TestExecId"><id type="System.Guid">00000000-0000-0000-0000-000000000000</id></m_parentExecId><m_categoryId type="Microsoft.VisualStudio.TestTools.Common.TestCategoryId"><id type="System.Guid">8c84fa94-04c1-424b-9868-57a2d4851a1d</id></m_categoryId><m_isTransparent type="System.Boolean">True</m_isTransparent></element><element type="Microsoft.VisualStudio.TestTools.Common.TestEntry"><m_testId type="Microsoft.VisualStudio.TestTools.Common.TestId"><id type="System.Guid">3df1890d-e5f0-5143-e799-844ac2cd71c5</id></m_testId><m_execId type="Microsoft.VisualStudio.TestTools.Common.TestExecId"><id type="System.Guid">cfdf815c-e2bf-4ba4-af4b-dc543120309f</id></m_execId><m_parentExecId type="Microsoft.VisualStudio.TestTools.Common.TestExecId"><id type="System.Guid">00000000-0000-0000-0000-000000000000</id></m_parentExecId><m_categoryId type="Microsoft.VisualStudio.TestTools.Common.TestCategoryId"><id type="System.Guid">8c84fa94-04c1-424b-9868-57a2d4851a1d</id></m_categoryId><m_isTransparent type="System.Boolean">True</m_isTransparent></element><element type="Microsoft.VisualStudio.TestTools.Common.TestEntry"><m_testId type="Microsoft.VisualStudio.TestTools.Common.TestId"><id type="System.Guid">6ccbbc6b-7ae4-035d-15bd-271cfa0a21c9</id></m_testId><m_execId type="Microsoft.VisualStudio.TestTools.Common.TestExecId"><id type="System.Guid">7033da45-3bd6-4cd2-8ab3-26e8e47e80c8</id></m_execId><m_parentExecId type="Microsoft.VisualStudio.TestTools.Common.TestExecId"><id type="System.Guid">00000000-0000-0000-0000-000000000000</id></m_parentExecId><m_categoryId type="Microsoft.VisualStudio.TestTools.Common.TestCategoryId"><id type="System.Guid">8c84fa94-04c1-424b-9868-57a2d4851a1d</id></m_categoryId><m_isTransparent type="System.Boolean">True</m_isTransparent></element><element type="Microsoft.VisualStudio.TestTools.Common.TestEntry"><m_testId type="Microsoft.VisualStudio.TestTools.Common.TestId"><id type="System.Guid">73dae59b-e4d5-73a6-23dd-84e5f3ae309a</id></m_testId><m_execId type="Microsoft.VisualStudio.TestTools.Common.TestExecId"><id type="System.Guid">c2174c36-361f-4acf-bdcd-bc74de1090cb</id></m_execId><m_parentExecId type="Microsoft.VisualStudio.TestTools.Common.TestExecId"><id type="System.Guid">00000000-0000-0000-0000-000000000000</id></m_parentExecId><m_categoryId type="Microsoft.VisualStudio.TestTools.Common.TestCategoryId"><id type="System.Guid">8c84fa94-04c1-424b-9868-57a2d4851a1d</id></m_categoryId><m_isTransparent type="System.Boolean">True</m_isTransparent></element><element type="Microsoft.VisualStudio.TestTools.Common.TestEntry"><m_testId type="Microsoft.VisualStudio.TestTools.Common.TestId"><id type="System.Guid">64ec2b9f-f2f6-bb94-328a-cab7cf01d259</id></m_testId><m_execId type="Microsoft.VisualStudio.TestTools.Common.TestExecId"><id type="System.Guid">423f7723-dd9d-4605-ab4b-d64f4fdf1912</id></m_execId><m_parentExecId type="Microsoft.VisualStudio.TestTools.Common.TestExecId"><id type="System.Guid">00000000-0000-0000-0000-000000000000</id></m_parentExecId><m_categoryId type="Microsoft.VisualStudio.TestTools.Common.TestCategoryId"><id type="System.Guid">8c84fa94-04c1-424b-9868-57a2d4851a1d</id></m_categoryId><m_isTransparent type="System.Boolean">True</m_isTransparent></element><element type="Microsoft.VisualStudio.TestTools.Common.TestEntry"><m_testId type="Microsoft.VisualStudio.TestTools.Common.TestId"><id type="System.Guid">218cfa2a-2489-f88d-5e69-7cf9ed024d6e</id></m_testId><m_execId type="Microsoft.VisualStudio.TestTools.Common.TestExecId"><id type="System.Guid">d137a156-2653-4c5d-913c-0d91a2179559</id></m_execId><m_parentExecId type="Microsoft.VisualStudio.TestTools.Common.TestExecId"><id type="System.Guid">00000000-0000-0000-0000-000000000000</id></m_parentExecId><m_categoryId type="Microsoft.VisualStudio.TestTools.Common.TestCategoryId"><id type="System.Guid">8c84fa94-04c1-424b-9868-57a2d4851a1d</id></m_categoryId><m_isTransparent type="System.Boolean">True</m_isTransparent></element><element type="Microsoft.VisualStudio.TestTools.Common.TestEntry"><m_testId type="Microsoft.VisualStudio.TestTools.Common.TestId"><id type="System.Guid">3b576279-e842-35a4-8998-ad0679fa4e0f</id></m_testId><m_execId type="Microsoft.VisualStudio.TestTools.Common.TestExecId"><id type="System.Guid">0fff99b8-ee9a-4b30-92c0-c1e7b217841f</id></m_execId><m_parentExecId type="Microsoft.VisualStudio.TestTools.Common.TestExecId"><id type="System.Guid">00000000-0000-0000-0000-000000000000</id></m_parentExecId><m_categoryId type="Microsoft.VisualStudio.TestTools.Common.TestCategoryId"><id type="System.Guid">8c84fa94-04c1-424b-9868-57a2d4851a1d</id></m_categoryId><m_isTransparent type="System.Boolean">True</m_isTransparent></element><element type="Microsoft.VisualStudio.TestTools.Common.TestEntry"><m_testId type="Microsoft.VisualStudio.TestTools.Common.TestId"><id type="System.Guid">5a14d5e3-44ec-7592-b739-f97bd65ab9a1</id></m_testId><m_execId type="Microsoft.VisualStudio.TestTools.Common.TestExecId"><id type="System.Guid">aa8ce972-798d-45b3-a7d4-4f83664a545d</id></m_execId><m_parentExecId type="Microsoft.VisualStudio.TestTools.Common.TestExecId"><id type="System.Guid">00000000-0000-0000-0000-000000000000</id></m_parentExecId><m_categoryId type="Microsoft.VisualStudio.TestTools.Common.TestCategoryId"><id type="System.Guid">8c84fa94-04c1-424b-9868-57a2d4851a1d</id></m_categoryId><m_isTransparent type="System.Boolean">True</m_isTransparent></element><element type="Microsoft.VisualStudio.TestTools.Common.TestEntry"><m_testId type="Microsoft.VisualStudio.TestTools.Common.TestId"><id type="System.Guid">54f90975-5825-76a8-275c-3f8873ce6571</id></m_testId><m_execId type="Microsoft.VisualStudio.TestTools.Common.TestExecId"><id type="System.Guid">2d12027d-b6b0-4e7b-93ab-193fe3eddc8d</id></m_execId><m_parentExecId type="Microsoft.VisualStudio.TestTools.Common.TestExecId"><id type="System.Guid">00000000-0000-0000-0000-000000000000</id></m_parentExecId><m_categoryId type="Microsoft.VisualStudio.TestTools.Common.TestCategoryId"><id type="System.Guid">8c84fa94-04c1-424b-9868-57a2d4851a1d</id></m_categoryId><m_isTransparent type="System.Boolean">True</m_isTransparent></element><element type="Microsoft.VisualStudio.TestTools.Common.TestEntry"><m_testId type="Microsoft.VisualStudio.TestTools.Common.TestId"><id type="System.Guid">90589c80-ded3-3c12-572e-28c03b287bfd</id></m_testId><m_execId type="Microsoft.VisualStudio.TestTools.Common.TestExecId"><id type="System.Guid">7b3839cd-a16d-4c48-9679-6dd40b3c6bf3</id></m_execId><m_parentExecId type="Microsoft.VisualStudio.TestTools.Common.TestExecId"><id type="System.Guid">00000000-0000-0000-0000-000000000000</id></m_parentExecId><m_categoryId type="Microsoft.VisualStudio.TestTools.Common.TestCategoryId"><id type="System.Guid">8c84fa94-04c1-424b-9868-57a2d4851a1d</id></m_categoryId><m_isTransparent type="System.Boolean">True</m_isTransparent></element><element type="Microsoft.VisualStudio.TestTools.Common.TestEntry"><m_testId type="Microsoft.VisualStudio.TestTools.Common.TestId"><id type="System.Guid">50655df2-3e03-e5f4-4dd1-557b5d92ebfc</id></m_testId><m_execId type="Microsoft.VisualStudio.TestTools.Common.TestExecId"><id type="System.Guid">1e09c704-44cf-4aca-82b1-ba56e7ade03c</id></m_execId><m_parentExecId type="Microsoft.VisualStudio.TestTools.Common.TestExecId"><id type="System.Guid">00000000-0000-0000-0000-000000000000</id></m_parentExecId><m_categoryId type="Microsoft.VisualStudio.TestTools.Common.TestCategoryId"><id type="System.Guid">8c84fa94-04c1-424b-9868-57a2d4851a1d</id></m_categoryId><m_isTransparent type="System.Boolean">True</m_isTransparent></element><element type="Microsoft.VisualStudio.TestTools.Common.TestEntry"><m_testId type="Microsoft.VisualStudio.TestTools.Common.TestId"><id type="System.Guid">a849d7d1-1cf8-399b-654e-6bbf81d3692f</id></m_testId><m_execId type="Microsoft.VisualStudio.TestTools.Common.TestExecId"><id type="System.Guid">966fa215-bdc9-480b-8d05-75188e0ae150</id></m_execId><m_parentExecId type="Microsoft.VisualStudio.TestTools.Common.TestExecId"><id type="System.Guid">00000000-0000-0000-0000-000000000000</id></m_parentExecId><m_categoryId type="Microsoft.VisualStudio.TestTools.Common.TestCategoryId"><id type="System.Guid">8c84fa94-04c1-424b-9868-57a2d4851a1d</id></m_categoryId><m_isTransparent type="System.Boolean">True</m_isTransparent></element><element type="Microsoft.VisualStudio.TestTools.Common.TestEntry"><m_testId type="Microsoft.VisualStudio.TestTools.Common.TestId"><id type="System.Guid">a0354f8e-3dcb-35a8-50a4-c83b8ddc4af5</id></m_testId><m_execId type="Microsoft.VisualStudio.TestTools.Common.TestExecId"><id type="System.Guid">80d5c164-81c3-4383-b368-eb7d8e340271</id></m_execId><m_parentExecId type="Microsoft.VisualStudio.TestTools.Common.TestExecId"><id type="System.Guid">00000000-0000-0000-0000-000000000000</id></m_parentExecId><m_categoryId type="Microsoft.VisualStudio.TestTools.Common.TestCategoryId"><id type="System.Guid">8c84fa94-04c1-424b-9868-57a2d4851a1d</id></m_categoryId><m_isTransparent type="System.Boolean">True</m_isTransparent></element><element type="Microsoft.VisualStudio.TestTools.Common.TestEntry"><m_testId type="Microsoft.VisualStudio.TestTools.Common.TestId"><id type="System.Guid">e275a7e6-71c9-4dde-6ef3-93d6460cd2f7</id></m_testId><m_execId type="Microsoft.VisualStudio.TestTools.Common.TestExecId"><id type="System.Guid">79b8d0f4-0ac3-4d8f-876f-f6c95ebfdb9c</id></m_execId><m_parentExecId type="Microsoft.VisualStudio.TestTools.Common.TestExecId"><id type="System.Guid">00000000-0000-0000-0000-000000000000</id></m_parentExecId><m_categoryId type="Microsoft.VisualStudio.TestTools.Common.TestCategoryId"><id type="System.Guid">8c84fa94-04c1-424b-9868-57a2d4851a1d</id></m_categoryId><m_isTransparent type="System.Boolean">True</m_isTransparent></element><element type="Microsoft.VisualStudio.TestTools.Common.TestEntry"><m_testId type="Microsoft.VisualStudio.TestTools.Common.TestId"><id type="System.Guid">89f5131d-8ce2-2047-c618-b30a5354fa0b</id></m_testId><m_execId type="Microsoft.VisualStudio.TestTools.Common.TestExecId"><id type="System.Guid">fa960757-e513-4fb0-8a93-7f822a30bcfb</id></m_execId><m_parentExecId type="Microsoft.VisualStudio.TestTools.Common.TestExecId"><id type="System.Guid">00000000-0000-0000-0000-000000000000</id></m_parentExecId><m_categoryId type="Microsoft.VisualStudio.TestTools.Common.TestCategoryId"><id type="System.Guid">8c84fa94-04c1-424b-9868-57a2d4851a1d</id></m_categoryId><m_isTransparent type="System.Boolean">True</m_isTransparent></element><element type="Microsoft.VisualStudio.TestTools.Common.TestEntry"><m_testId type="Microsoft.VisualStudio.TestTools.Common.TestId"><id type="System.Guid">d16fdca2-b7ee-9093-0f81-1d6d7b373572</id></m_testId><m_execId type="Microsoft.VisualStudio.TestTools.Common.TestExecId"><id type="System.Guid">4f5fb3bd-3fa2-4245-952e-8d4c206dca75</id></m_execId><m_parentExecId type="Microsoft.VisualStudio.TestTools.Common.TestExecId"><id type="System.Guid">00000000-0000-0000-0000-000000000000</id></m_parentExecId><m_categoryId type="Microsoft.VisualStudio.TestTools.Common.TestCategoryId"><id type="System.Guid">8c84fa94-04c1-424b-9868-57a2d4851a1d</id></m_categoryId><m_isTransparent type="System.Boolean">True</m_isTransparent></element><element type="Microsoft.VisualStudio.TestTools.Common.TestEntry"><m_testId type="Microsoft.VisualStudio.TestTools.Common.TestId"><id type="System.Guid">e867b290-41b2-6024-2301-64459ad8bef9</id></m_testId><m_execId type="Microsoft.VisualStudio.TestTools.Common.TestExecId"><id type="System.Guid">b93540b5-bb80-4889-b58a-94fac42a914d</id></m_execId><m_parentExecId type="Microsoft.VisualStudio.TestTools.Common.TestExecId"><id type="System.Guid">00000000-0000-0000-0000-000000000000</id></m_parentExecId><m_categoryId type="Microsoft.VisualStudio.TestTools.Common.TestCategoryId"><id type="System.Guid">8c84fa94-04c1-424b-9868-57a2d4851a1d</id></m_categoryId><m_isTransparent type="System.Boolean">True</m_isTransparent></element><element type="Microsoft.VisualStudio.TestTools.Common.TestEntry"><m_testId type="Microsoft.VisualStudio.TestTools.Common.TestId"><id type="System.Guid">8fecb716-dfa0-45e1-7a1a-0c2d9ce42f64</id></m_testId><m_execId type="Microsoft.VisualStudio.TestTools.Common.TestExecId"><id type="System.Guid">2ff6b4d9-c83c-4fdd-a3f5-ec75f6d391e1</id></m_execId><m_parentExecId type="Microsoft.VisualStudio.TestTools.Common.TestExecId"><id type="System.Guid">00000000-0000-0000-0000-000000000000</id></m_parentExecId><m_categoryId type="Microsoft.VisualStudio.TestTools.Common.TestCategoryId"><id type="System.Guid">8c84fa94-04c1-424b-9868-57a2d4851a1d</id></m_categoryId><m_isTransparent type="System.Boolean">True</m_isTransparent></element><element type="Microsoft.VisualStudio.TestTools.Common.TestEntry"><m_testId type="Microsoft.VisualStudio.TestTools.Common.TestId"><id type="System.Guid">c2ff15f2-9243-15f4-fc8c-e2188e52044f</id></m_testId><m_execId type="Microsoft.VisualStudio.TestTools.Common.TestExecId"><id type="System.Guid">ec9d893d-f038-4a02-b98c-18140f6f1303</id></m_execId><m_parentExecId type="Microsoft.VisualStudio.TestTools.Common.TestExecId"><id type="System.Guid">00000000-0000-0000-0000-000000000000</id></m_parentExecId><m_categoryId type="Microsoft.VisualStudio.TestTools.Common.TestCategoryId"><id type="System.Guid">8c84fa94-04c1-424b-9868-57a2d4851a1d</id></m_categoryId><m_isTransparent type="System.Boolean">True</m_isTransparent></element><element type="Microsoft.VisualStudio.TestTools.Common.TestEntry"><m_testId type="Microsoft.VisualStudio.TestTools.Common.TestId"><id type="System.Guid">1e470e5e-85bc-c69a-397c-d31f5bc6e43a</id></m_testId><m_execId type="Microsoft.VisualStudio.TestTools.Common.TestExecId"><id type="System.Guid">c037b101-931b-4801-ba1d-6a6c9e93a879</id></m_execId><m_parentExecId type="Microsoft.VisualStudio.TestTools.Common.TestExecId"><id type="System.Guid">00000000-0000-0000-0000-000000000000</id></m_parentExecId><m_categoryId type="Microsoft.VisualStudio.TestTools.Common.TestCategoryId"><id type="System.Guid">8c84fa94-04c1-424b-9868-57a2d4851a1d</id></m_categoryId><m_isTransparent type="System.Boolean">True</m_isTransparent></element><element type="Microsoft.VisualStudio.TestTools.Common.TestEntry"><m_testId type="Microsoft.VisualStudio.TestTools.Common.TestId"><id type="System.Guid">c1f10672-4ba7-afc2-8387-32f74d7dd036</id></m_testId><m_execId type="Microsoft.VisualStudio.TestTools.Common.TestExecId"><id type="System.Guid">02573407-f30e-40b4-8310-308ac51cfe10</id></m_execId><m_parentExecId type="Microsoft.VisualStudio.TestTools.Common.TestExecId"><id type="System.Guid">00000000-0000-0000-0000-000000000000</id></m_parentExecId><m_categoryId type="Microsoft.VisualStudio.TestTools.Common.TestCategoryId"><id type="System.Guid">8c84fa94-04c1-424b-9868-57a2d4851a1d</id></m_categoryId><m_isTransparent type="System.Boolean">True</m_isTransparent></element><element type="Microsoft.VisualStudio.TestTools.Common.TestEntry"><m_testId type="Microsoft.VisualStudio.TestTools.Common.TestId"><id type="System.Guid">9c088b27-df69-af73-0530-a9a70e94ecb3</id></m_testId><m_execId type="Microsoft.VisualStudio.TestTools.Common.TestExecId"><id type="System.Guid">b4a65551-787b-4ac2-9571-6ee7a0851b75</id></m_execId><m_parentExecId type="Microsoft.VisualStudio.TestTools.Common.TestExecId"><id type="System.Guid">00000000-0000-0000-0000-000000000000</id></m_parentExecId><m_categoryId type="Microsoft.VisualStudio.TestTools.Common.TestCategoryId"><id type="System.Guid">8c84fa94-04c1-424b-9868-57a2d4851a1d</id></m_categoryId><m_isTransparent type="System.Boolean">True</m_isTransparent></element><element type="Microsoft.VisualStudio.TestTools.Common.TestEntry"><m_testId type="Microsoft.VisualStudio.TestTools.Common.TestId"><id type="System.Guid">86fd24f4-3443-dd9b-13fe-e3940145ce2e</id></m_testId><m_execId type="Microsoft.VisualStudio.TestTools.Common.TestExecId"><id type="System.Guid">36b76418-c3dc-44cd-b8ce-cfcfbcefaea0</id></m_execId><m_parentExecId type="Microsoft.VisualStudio.TestTools.Common.TestExecId"><id type="System.Guid">00000000-0000-0000-0000-000000000000</id></m_parentExecId><m_categoryId type="Microsoft.VisualStudio.TestTools.Common.TestCategoryId"><id type="System.Guid">8c84fa94-04c1-424b-9868-57a2d4851a1d</id></m_categoryId><m_isTransparent type="System.Boolean">True</m_isTransparent></element><element type="Microsoft.VisualStudio.TestTools.Common.TestEntry"><m_testId type="Microsoft.VisualStudio.TestTools.Common.TestId"><id type="System.Guid">6fa6e23e-dab1-07bb-0f2b-a13c90b8fb8b</id></m_testId><m_execId type="Microsoft.VisualStudio.TestTools.Common.TestExecId"><id type="System.Guid">10cb0ef8-61c8-4139-b372-3d31d7d9c5ea</id></m_execId><m_parentExecId type="Microsoft.VisualStudio.TestTools.Common.TestExecId"><id type="System.Guid">00000000-0000-0000-0000-000000000000</id></m_parentExecId><m_categoryId type="Microsoft.VisualStudio.TestTools.Common.TestCategoryId"><id type="System.Guid">8c84fa94-04c1-424b-9868-57a2d4851a1d</id></m_categoryId><m_isTransparent type="System.Boolean">True</m_isTransparent></element><element type="Microsoft.VisualStudio.TestTools.Common.TestEntry"><m_testId type="Microsoft.VisualStudio.TestTools.Common.TestId"><id type="System.Guid">cb8596fa-4cfd-3b5e-8e55-932d91acaf78</id></m_testId><m_execId type="Microsoft.VisualStudio.TestTools.Common.TestExecId"><id type="System.Guid">70f5403b-91c0-48cb-bdca-49b61c93e522</id></m_execId><m_parentExecId type="Microsoft.VisualStudio.TestTools.Common.TestExecId"><id type="System.Guid">00000000-0000-0000-0000-000000000000</id></m_parentExecId><m_categoryId type="Microsoft.VisualStudio.TestTools.Common.TestCategoryId"><id type="System.Guid">8c84fa94-04c1-424b-9868-57a2d4851a1d</id></m_categoryId><m_isTransparent type="System.Boolean">True</m_isTransparent></element><element type="Microsoft.VisualStudio.TestTools.Common.TestEntry"><m_testId type="Microsoft.VisualStudio.TestTools.Common.TestId"><id type="System.Guid">95739122-94a0-0a9b-f1f0-4851c37b4c5a</id></m_testId><m_execId type="Microsoft.VisualStudio.TestTools.Common.TestExecId"><id type="System.Guid">11e3c58b-047c-4456-af6e-178982e36a42</id></m_execId><m_parentExecId type="Microsoft.VisualStudio.TestTools.Common.TestExecId"><id type="System.Guid">00000000-0000-0000-0000-000000000000</id></m_parentExecId><m_categoryId type="Microsoft.VisualStudio.TestTools.Common.TestCategoryId"><id type="System.Guid">8c84fa94-04c1-424b-9868-57a2d4851a1d</id></m_categoryId><m_isTransparent type="System.Boolean">True</m_isTransparent></element><element type="Microsoft.VisualStudio.TestTools.Common.TestEntry"><m_testId type="Microsoft.VisualStudio.TestTools.Common.TestId"><id type="System.Guid">296bf6bc-9661-41e6-81d8-1c5ba350dce9</id></m_testId><m_execId type="Microsoft.VisualStudio.TestTools.Common.TestExecId"><id type="System.Guid">abd419f3-ad85-479b-8958-339c7aba7ac1</id></m_execId><m_parentExecId type="Microsoft.VisualStudio.TestTools.Common.TestExecId"><id type="System.Guid">00000000-0000-0000-0000-000000000000</id></m_parentExecId><m_categoryId type="Microsoft.VisualStudio.TestTools.Common.TestCategoryId"><id type="System.Guid">8c84fa94-04c1-424b-9868-57a2d4851a1d</id></m_categoryId><m_isTransparent type="System.Boolean">True</m_isTransparent></element><element type="Microsoft.VisualStudio.TestTools.Common.TestEntry"><m_testId type="Microsoft.VisualStudio.TestTools.Common.TestId"><id type="System.Guid">b0a0b4ae-2c2d-fc93-3348-9689ae4705ae</id></m_testId><m_execId type="Microsoft.VisualStudio.TestTools.Common.TestExecId"><id type="System.Guid">b5fc1406-58d3-4369-ab7b-ddb0b2e97ca3</id></m_execId><m_parentExecId type="Microsoft.VisualStudio.TestTools.Common.TestExecId"><id type="System.Guid">00000000-0000-0000-0000-000000000000</id></m_parentExecId><m_categoryId type="Microsoft.VisualStudio.TestTools.Common.TestCategoryId"><id type="System.Guid">8c84fa94-04c1-424b-9868-57a2d4851a1d</id></m_categoryId><m_isTransparent type="System.Boolean">True</m_isTransparent></element><element type="Microsoft.VisualStudio.TestTools.Common.TestEntry"><m_testId type="Microsoft.VisualStudio.TestTools.Common.TestId"><id type="System.Guid">b7f4897c-f815-90ce-427d-aff93e76aa56</id></m_testId><m_execId type="Microsoft.VisualStudio.TestTools.Common.TestExecId"><id type="System.Guid">c129cd86-e37b-4603-8391-137cfc7b60aa</id></m_execId><m_parentExecId type="Microsoft.VisualStudio.TestTools.Common.TestExecId"><id type="System.Guid">00000000-0000-0000-0000-000000000000</id></m_parentExecId><m_categoryId type="Microsoft.VisualStudio.TestTools.Common.TestCategoryId"><id type="System.Guid">8c84fa94-04c1-424b-9868-57a2d4851a1d</id></m_categoryId><m_isTransparent type="System.Boolean">True</m_isTransparent></element><element type="Microsoft.VisualStudio.TestTools.Common.TestEntry"><m_testId type="Microsoft.VisualStudio.TestTools.Common.TestId"><id type="System.Guid">e3f12f40-e5e8-184f-2861-9ea894b5d4ca</id></m_testId><m_execId type="Microsoft.VisualStudio.TestTools.Common.TestExecId"><id type="System.Guid">fd9584a0-28bc-414d-adb8-f5871fa8a944</id></m_execId><m_parentExecId type="Microsoft.VisualStudio.TestTools.Common.TestExecId"><id type="System.Guid">00000000-0000-0000-0000-000000000000</id></m_parentExecId><m_categoryId type="Microsoft.VisualStudio.TestTools.Common.TestCategoryId"><id type="System.Guid">8c84fa94-04c1-424b-9868-57a2d4851a1d</id></m_categoryId><m_isTransparent type="System.Boolean">True</m_isTransparent></element><element type="Microsoft.VisualStudio.TestTools.Common.TestEntry"><m_testId type="Microsoft.VisualStudio.TestTools.Common.TestId"><id type="System.Guid">5db7e5b1-3d86-f91c-d166-a85922a4676a</id></m_testId><m_execId type="Microsoft.VisualStudio.TestTools.Common.TestExecId"><id type="System.Guid">f4926ce4-d577-4922-955a-2b167a090afb</id></m_execId><m_parentExecId type="Microsoft.VisualStudio.TestTools.Common.TestExecId"><id type="System.Guid">00000000-0000-0000-0000-000000000000</id></m_parentExecId><m_categoryId type="Microsoft.VisualStudio.TestTools.Common.TestCategoryId"><id type="System.Guid">8c84fa94-04c1-424b-9868-57a2d4851a1d</id></m_categoryId><m_isTransparent type="System.Boolean">True</m_isTransparent></element><element type="Microsoft.VisualStudio.TestTools.Common.TestEntry"><m_testId type="Microsoft.VisualStudio.TestTools.Common.TestId"><id type="System.Guid">bfbc8961-61de-aaac-bf26-e930853df836</id></m_testId><m_execId type="Microsoft.VisualStudio.TestTools.Common.TestExecId"><id type="System.Guid">58cc8e42-2238-4289-a910-53a8191abbac</id></m_execId><m_parentExecId type="Microsoft.VisualStudio.TestTools.Common.TestExecId"><id type="System.Guid">00000000-0000-0000-0000-000000000000</id></m_parentExecId><m_categoryId type="Microsoft.VisualStudio.TestTools.Common.TestCategoryId"><id type="System.Guid">8c84fa94-04c1-424b-9868-57a2d4851a1d</id></m_categoryId><m_isTransparent type="System.Boolean">True</m_isTransparent></element><element type="Microsoft.VisualStudio.TestTools.Common.TestEntry"><m_testId type="Microsoft.VisualStudio.TestTools.Common.TestId"><id type="System.Guid">d98f4b5c-813a-6718-37f3-e649ccaa80e1</id></m_testId><m_execId type="Microsoft.VisualStudio.TestTools.Common.TestExecId"><id type="System.Guid">25fb44b4-b5a2-407a-a96d-f23b91b98b39</id></m_execId><m_parentExecId type="Microsoft.VisualStudio.TestTools.Common.TestExecId"><id type="System.Guid">00000000-0000-0000-0000-000000000000</id></m_parentExecId><m_categoryId type="Microsoft.VisualStudio.TestTools.Common.TestCategoryId"><id type="System.Guid">8c84fa94-04c1-424b-9868-57a2d4851a1d</id></m_categoryId><m_isTransparent type="System.Boolean">True</m_isTransparent></element><element type="Microsoft.VisualStudio.TestTools.Common.TestEntry"><m_testId type="Microsoft.VisualStudio.TestTools.Common.TestId"><id type="System.Guid">f531b084-ea76-6ed1-28a3-f05d38edff6a</id></m_testId><m_execId type="Microsoft.VisualStudio.TestTools.Common.TestExecId"><id type="System.Guid">1a9778a5-eda2-40e5-a6c7-d818aea993dd</id></m_execId><m_parentExecId type="Microsoft.VisualStudio.TestTools.Common.TestExecId"><id type="System.Guid">00000000-0000-0000-0000-000000000000</id></m_parentExecId><m_categoryId type="Microsoft.VisualStudio.TestTools.Common.TestCategoryId"><id type="System.Guid">8c84fa94-04c1-424b-9868-57a2d4851a1d</id></m_categoryId><m_isTransparent type="System.Boolean">True</m_isTransparent></element><element type="Microsoft.VisualStudio.TestTools.Common.TestEntry"><m_testId type="Microsoft.VisualStudio.TestTools.Common.TestId"><id type="System.Guid">14b5f40b-baea-93e4-c768-69e13f70fac2</id></m_testId><m_execId type="Microsoft.VisualStudio.TestTools.Common.TestExecId"><id type="System.Guid">3f3e30d4-1c72-4b78-b53d-e4984d7fbf28</id></m_execId><m_parentExecId type="Microsoft.VisualStudio.TestTools.Common.TestExecId"><id type="System.Guid">00000000-0000-0000-0000-000000000000</id></m_parentExecId><m_categoryId type="Microsoft.VisualStudio.TestTools.Common.TestCategoryId"><id type="System.Guid">8c84fa94-04c1-424b-9868-57a2d4851a1d</id></m_categoryId><m_isTransparent type="System.Boolean">True</m_isTransparent></element><element type="Microsoft.VisualStudio.TestTools.Common.TestEntry"><m_testId type="Microsoft.VisualStudio.TestTools.Common.TestId"><id type="System.Guid">c513ab54-bcc0-3d95-6c57-41b9431a6d3b</id></m_testId><m_execId type="Microsoft.VisualStudio.TestTools.Common.TestExecId"><id type="System.Guid">d4fb9966-fa99-4423-8a29-adc70f569394</id></m_execId><m_parentExecId type="Microsoft.VisualStudio.TestTools.Common.TestExecId"><id type="System.Guid">00000000-0000-0000-0000-000000000000</id></m_parentExecId><m_categoryId type="Microsoft.VisualStudio.TestTools.Common.TestCategoryId"><id type="System.Guid">8c84fa94-04c1-424b-9868-57a2d4851a1d</id></m_categoryId><m_isTransparent type="System.Boolean">True</m_isTransparent></element><element type="Microsoft.VisualStudio.TestTools.Common.TestEntry"><m_testId type="Microsoft.VisualStudio.TestTools.Common.TestId"><id type="System.Guid">717cd881-3189-1437-e630-dd17a3c9fee1</id></m_testId><m_execId type="Microsoft.VisualStudio.TestTools.Common.TestExecId"><id type="System.Guid">972c7c69-d646-4084-9505-04785328fb60</id></m_execId><m_parentExecId type="Microsoft.VisualStudio.TestTools.Common.TestExecId"><id type="System.Guid">00000000-0000-0000-0000-000000000000</id></m_parentExecId><m_categoryId type="Microsoft.VisualStudio.TestTools.Common.TestCategoryId"><id type="System.Guid">8c84fa94-04c1-424b-9868-57a2d4851a1d</id></m_categoryId><m_isTransparent type="System.Boolean">True</m_isTransparent></element><element type="Microsoft.VisualStudio.TestTools.Common.TestEntry"><m_testId type="Microsoft.VisualStudio.TestTools.Common.TestId"><id type="System.Guid">2073791d-8adb-a3d3-e711-1f7821ba8904</id></m_testId><m_execId type="Microsoft.VisualStudio.TestTools.Common.TestExecId"><id type="System.Guid">1a2024fd-af13-4b92-9c66-bb31f87db976</id></m_execId><m_parentExecId type="Microsoft.VisualStudio.TestTools.Common.TestExecId"><id type="System.Guid">00000000-0000-0000-0000-000000000000</id></m_parentExecId><m_categoryId type="Microsoft.VisualStudio.TestTools.Common.TestCategoryId"><id type="System.Guid">8c84fa94-04c1-424b-9868-57a2d4851a1d</id></m_categoryId><m_isTransparent type="System.Boolean">True</m_isTransparent></element><element type="Microsoft.VisualStudio.TestTools.Common.TestEntry"><m_testId type="Microsoft.VisualStudio.TestTools.Common.TestId"><id type="System.Guid">b0ce7520-3a8d-5dd7-a43f-fc5fab28c302</id></m_testId><m_execId type="Microsoft.VisualStudio.TestTools.Common.TestExecId"><id type="System.Guid">a828f914-8980-419b-80bf-719903881db4</id></m_execId><m_parentExecId type="Microsoft.VisualStudio.TestTools.Common.TestExecId"><id type="System.Guid">00000000-0000-0000-0000-000000000000</id></m_parentExecId><m_categoryId type="Microsoft.VisualStudio.TestTools.Common.TestCategoryId"><id type="System.Guid">8c84fa94-04c1-424b-9868-57a2d4851a1d</id></m_categoryId><m_isTransparent type="System.Boolean">True</m_isTransparent></element><element type="Microsoft.VisualStudio.TestTools.Common.TestEntry"><m_testId type="Microsoft.VisualStudio.TestTools.Common.TestId"><id type="System.Guid">357dc2a6-c893-6feb-855d-dee68df912f0</id></m_testId><m_execId type="Microsoft.VisualStudio.TestTools.Common.TestExecId"><id type="System.Guid">674f128e-e09d-4f7e-9c9e-6981f79b17e1</id></m_execId><m_parentExecId type="Microsoft.VisualStudio.TestTools.Common.TestExecId"><id type="System.Guid">00000000-0000-0000-0000-000000000000</id></m_parentExecId><m_categoryId type="Microsoft.VisualStudio.TestTools.Common.TestCategoryId"><id type="System.Guid">8c84fa94-04c1-424b-9868-57a2d4851a1d</id></m_categoryId><m_isTransparent type="System.Boolean">True</m_isTransparent></element><element type="Microsoft.VisualStudio.TestTools.Common.TestEntry"><m_testId type="Microsoft.VisualStudio.TestTools.Common.TestId"><id type="System.Guid">92c815ee-6b83-761f-5561-0d5ff2edee6b</id></m_testId><m_execId type="Microsoft.VisualStudio.TestTools.Common.TestExecId"><id type="System.Guid">2aed50a0-8dad-42be-bd4a-2cea689cd177</id></m_execId><m_parentExecId type="Microsoft.VisualStudio.TestTools.Common.TestExecId"><id type="System.Guid">00000000-0000-0000-0000-000000000000</id></m_parentExecId><m_categoryId type="Microsoft.VisualStudio.TestTools.Common.TestCategoryId"><id type="System.Guid">8c84fa94-04c1-424b-9868-57a2d4851a1d</id></m_categoryId><m_isTransparent type="System.Boolean">True</m_isTransparent></element><element type="Microsoft.VisualStudio.TestTools.Common.TestEntry"><m_testId type="Microsoft.VisualStudio.TestTools.Common.TestId"><id type="System.Guid">c744475d-b006-7c1e-b095-550805466413</id></m_testId><m_execId type="Microsoft.VisualStudio.TestTools.Common.TestExecId"><id type="System.Guid">354b1a40-5f24-4045-bde8-55e2e7cac839</id></m_execId><m_parentExecId type="Microsoft.VisualStudio.TestTools.Common.TestExecId"><id type="System.Guid">00000000-0000-0000-0000-000000000000</id></m_parentExecId><m_categoryId type="Microsoft.VisualStudio.TestTools.Common.TestCategoryId"><id type="System.Guid">8c84fa94-04c1-424b-9868-57a2d4851a1d</id></m_categoryId><m_isTransparent type="System.Boolean">True</m_isTransparent></element><element type="Microsoft.VisualStudio.TestTools.Common.TestEntry"><m_testId type="Microsoft.VisualStudio.TestTools.Common.TestId"><id type="System.Guid">550f286d-ff56-01a6-443a-e863051d2642</id></m_testId><m_execId type="Microsoft.VisualStudio.TestTools.Common.TestExecId"><id type="System.Guid">13fbd25c-8456-4c0c-9736-2c85e8a83f1c</id></m_execId><m_parentExecId type="Microsoft.VisualStudio.TestTools.Common.TestExecId"><id type="System.Guid">00000000-0000-0000-0000-000000000000</id></m_parentExecId><m_categoryId type="Microsoft.VisualStudio.TestTools.Common.TestCategoryId"><id type="System.Guid">8c84fa94-04c1-424b-9868-57a2d4851a1d</id></m_categoryId><m_isTransparent type="System.Boolean">True</m_isTransparent></element><element type="Microsoft.VisualStudio.TestTools.Common.TestEntry"><m_testId type="Microsoft.VisualStudio.TestTools.Common.TestId"><id type="System.Guid">32b37246-03c1-3830-e07d-f0b1c15dae70</id></m_testId><m_execId type="Microsoft.VisualStudio.TestTools.Common.TestExecId"><id type="System.Guid">1709286b-7704-4ea5-b9b6-712aafec3000</id></m_execId><m_parentExecId type="Microsoft.VisualStudio.TestTools.Common.TestExecId"><id type="System.Guid">00000000-0000-0000-0000-000000000000</id></m_parentExecId><m_categoryId type="Microsoft.VisualStudio.TestTools.Common.TestCategoryId"><id type="System.Guid">8c84fa94-04c1-424b-9868-57a2d4851a1d</id></m_categoryId><m_isTransparent type="System.Boolean">True</m_isTransparent></element><element type="Microsoft.VisualStudio.TestTools.Common.TestEntry"><m_testId type="Microsoft.VisualStudio.TestTools.Common.TestId"><id type="System.Guid">00b9f56f-18ed-f0e1-2bbf-84a9c262e98f</id></m_testId><m_execId type="Microsoft.VisualStudio.TestTools.Common.TestExecId"><id type="System.Guid">8feb104f-0180-4c7b-b79b-28f36778da80</id></m_execId><m_parentExecId type="Microsoft.VisualStudio.TestTools.Common.TestExecId"><id type="System.Guid">00000000-0000-0000-0000-000000000000</id></m_parentExecId><m_categoryId type="Microsoft.VisualStudio.TestTools.Common.TestCategoryId"><id type="System.Guid">8c84fa94-04c1-424b-9868-57a2d4851a1d</id></m_categoryId><m_isTransparent type="System.Boolean">True</m_isTransparent></element><element type="Microsoft.VisualStudio.TestTools.Common.TestEntry"><m_testId type="Microsoft.VisualStudio.TestTools.Common.TestId"><id type="System.Guid">89e982fd-8258-6b5c-74b5-5d605b213536</id></m_testId><m_execId type="Microsoft.VisualStudio.TestTools.Common.TestExecId"><id type="System.Guid">ba2034f6-dd1e-4c8a-bd78-8f7858b9628c</id></m_execId><m_parentExecId type="Microsoft.VisualStudio.TestTools.Common.TestExecId"><id type="System.Guid">00000000-0000-0000-0000-000000000000</id></m_parentExecId><m_categoryId type="Microsoft.VisualStudio.TestTools.Common.TestCategoryId"><id type="System.Guid">8c84fa94-04c1-424b-9868-57a2d4851a1d</id></m_categoryId><m_isTransparent type="System.Boolean">True</m_isTransparent></element><element type="Microsoft.VisualStudio.TestTools.Common.TestEntry"><m_testId type="Microsoft.VisualStudio.TestTools.Common.TestId"><id type="System.Guid">1670535b-bcd6-e54a-8e49-4d21cd12183b</id></m_testId><m_execId type="Microsoft.VisualStudio.TestTools.Common.TestExecId"><id type="System.Guid">78684812-5d49-4151-935e-b436a6bc0615</id></m_execId><m_parentExecId type="Microsoft.VisualStudio.TestTools.Common.TestExecId"><id type="System.Guid">00000000-0000-0000-0000-000000000000</id></m_parentExecId><m_categoryId type="Microsoft.VisualStudio.TestTools.Common.TestCategoryId"><id type="System.Guid">8c84fa94-04c1-424b-9868-57a2d4851a1d</id></m_categoryId><m_isTransparent type="System.Boolean">True</m_isTransparent></element><element type="Microsoft.VisualStudio.TestTools.Common.TestEntry"><m_testId type="Microsoft.VisualStudio.TestTools.Common.TestId"><id type="System.Guid">5d4ba0bd-ecb8-5521-1e00-76c05d0654f5</id></m_testId><m_execId type="Microsoft.VisualStudio.TestTools.Common.TestExecId"><id type="System.Guid">29b35b9a-f423-4379-8785-e77a1b612ae3</id></m_execId><m_parentExecId type="Microsoft.VisualStudio.TestTools.Common.TestExecId"><id type="System.Guid">00000000-0000-0000-0000-000000000000</id></m_parentExecId><m_categoryId type="Microsoft.VisualStudio.TestTools.Common.TestCategoryId"><id type="System.Guid">8c84fa94-04c1-424b-9868-57a2d4851a1d</id></m_categoryId><m_isTransparent type="System.Boolean">True</m_isTransparent></element><element type="Microsoft.VisualStudio.TestTools.Common.TestEntry"><m_testId type="Microsoft.VisualStudio.TestTools.Common.TestId"><id type="System.Guid">2e7d0b5f-0d65-840f-d28d-55c43ed35c6b</id></m_testId><m_execId type="Microsoft.VisualStudio.TestTools.Common.TestExecId"><id type="System.Guid">c470f8f8-1104-4e3f-a656-fca983ba2eb4</id></m_execId><m_parentExecId type="Microsoft.VisualStudio.TestTools.Common.TestExecId"><id type="System.Guid">00000000-0000-0000-0000-000000000000</id></m_parentExecId><m_categoryId type="Microsoft.VisualStudio.TestTools.Common.TestCategoryId"><id type="System.Guid">8c84fa94-04c1-424b-9868-57a2d4851a1d</id></m_categoryId><m_isTransparent type="System.Boolean">True</m_isTransparent></element><element type="Microsoft.VisualStudio.TestTools.Common.TestEntry"><m_testId type="Microsoft.VisualStudio.TestTools.Common.TestId"><id type="System.Guid">7239d019-ec0d-004a-4f17-366477381c4f</id></m_testId><m_execId type="Microsoft.VisualStudio.TestTools.Common.TestExecId"><id type="System.Guid">2d4a428f-6fe5-4c61-ac48-3a2f3edaa36d</id></m_execId><m_parentExecId type="Microsoft.VisualStudio.TestTools.Common.TestExecId"><id type="System.Guid">00000000-0000-0000-0000-000000000000</id></m_parentExecId><m_categoryId type="Microsoft.VisualStudio.TestTools.Common.TestCategoryId"><id type="System.Guid">8c84fa94-04c1-424b-9868-57a2d4851a1d</id></m_categoryId><m_isTransparent type="System.Boolean">True</m_isTransparent></element><element type="Microsoft.VisualStudio.TestTools.Common.TestEntry"><m_testId type="Microsoft.VisualStudio.TestTools.Common.TestId"><id type="System.Guid">994c92b3-fc42-bcc7-ff38-eddcc300985b</id></m_testId><m_execId type="Microsoft.VisualStudio.TestTools.Common.TestExecId"><id type="System.Guid">ea0a3a37-d652-4521-8265-8bf74055d26a</id></m_execId><m_parentExecId type="Microsoft.VisualStudio.TestTools.Common.TestExecId"><id type="System.Guid">00000000-0000-0000-0000-000000000000</id></m_parentExecId><m_categoryId type="Microsoft.VisualStudio.TestTools.Common.TestCategoryId"><id type="System.Guid">8c84fa94-04c1-424b-9868-57a2d4851a1d</id></m_categoryId><m_isTransparent type="System.Boolean">True</m_isTransparent></element><element type="Microsoft.VisualStudio.TestTools.Common.TestEntry"><m_testId type="Microsoft.VisualStudio.TestTools.Common.TestId"><id type="System.Guid">496d2976-646a-df03-84d5-340af19926c9</id></m_testId><m_execId type="Microsoft.VisualStudio.TestTools.Common.TestExecId"><id type="System.Guid">70650c09-f9b9-4b75-a379-6dfee65c62c2</id></m_execId><m_parentExecId type="Microsoft.VisualStudio.TestTools.Common.TestExecId"><id type="System.Guid">00000000-0000-0000-0000-000000000000</id></m_parentExecId><m_categoryId type="Microsoft.VisualStudio.TestTools.Common.TestCategoryId"><id type="System.Guid">8c84fa94-04c1-424b-9868-57a2d4851a1d</id></m_categoryId><m_isTransparent type="System.Boolean">True</m_isTransparent></element><element type="Microsoft.VisualStudio.TestTools.Common.TestEntry"><m_testId type="Microsoft.VisualStudio.TestTools.Common.TestId"><id type="System.Guid">b80e42f3-29e0-a495-32b7-f4809a434115</id></m_testId><m_execId type="Microsoft.VisualStudio.TestTools.Common.TestExecId"><id type="System.Guid">0ccecbfd-7088-4ee1-ac53-a24c1a59dca5</id></m_execId><m_parentExecId type="Microsoft.VisualStudio.TestTools.Common.TestExecId"><id type="System.Guid">00000000-0000-0000-0000-000000000000</id></m_parentExecId><m_categoryId type="Microsoft.VisualStudio.TestTools.Common.TestCategoryId"><id type="System.Guid">8c84fa94-04c1-424b-9868-57a2d4851a1d</id></m_categoryId><m_isTransparent type="System.Boolean">True</m_isTransparent></element><element type="Microsoft.VisualStudio.TestTools.Common.TestEntry"><m_testId type="Microsoft.VisualStudio.TestTools.Common.TestId"><id type="System.Guid">9f63df3d-0c46-0261-6fef-0b6710969a05</id></m_testId><m_execId type="Microsoft.VisualStudio.TestTools.Common.TestExecId"><id type="System.Guid">db00bc7d-54c8-4358-8606-c27ebdb10c57</id></m_execId><m_parentExecId type="Microsoft.VisualStudio.TestTools.Common.TestExecId"><id type="System.Guid">00000000-0000-0000-0000-000000000000</id></m_parentExecId><m_categoryId type="Microsoft.VisualStudio.TestTools.Common.TestCategoryId"><id type="System.Guid">8c84fa94-04c1-424b-9868-57a2d4851a1d</id></m_categoryId><m_isTransparent type="System.Boolean">True</m_isTransparent></element><element type="Microsoft.VisualStudio.TestTools.Common.TestEntry"><m_testId type="Microsoft.VisualStudio.TestTools.Common.TestId"><id type="System.Guid">a634bebe-8b79-344f-7e2e-accfb240c549</id></m_testId><m_execId type="Microsoft.VisualStudio.TestTools.Common.TestExecId"><id type="System.Guid">4cfbb9cb-d32d-4076-a778-11d8aa933a24</id></m_execId><m_parentExecId type="Microsoft.VisualStudio.TestTools.Common.TestExecId"><id type="System.Guid">00000000-0000-0000-0000-000000000000</id></m_parentExecId><m_categoryId type="Microsoft.VisualStudio.TestTools.Common.TestCategoryId"><id type="System.Guid">8c84fa94-04c1-424b-9868-57a2d4851a1d</id></m_categoryId><m_isTransparent type="System.Boolean">True</m_isTransparent></element><element type="Microsoft.VisualStudio.TestTools.Common.TestEntry"><m_testId type="Microsoft.VisualStudio.TestTools.Common.TestId"><id type="System.Guid">7e1774f9-e96f-d335-cee5-7b0d24251c34</id></m_testId><m_execId type="Microsoft.VisualStudio.TestTools.Common.TestExecId"><id type="System.Guid">091c0165-bfe2-4161-8f31-e85e18ce7fce</id></m_execId><m_parentExecId type="Microsoft.VisualStudio.TestTools.Common.TestExecId"><id type="System.Guid">00000000-0000-0000-0000-000000000000</id></m_parentExecId><m_categoryId type="Microsoft.VisualStudio.TestTools.Common.TestCategoryId"><id type="System.Guid">8c84fa94-04c1-424b-9868-57a2d4851a1d</id></m_categoryId><m_isTransparent type="System.Boolean">True</m_isTransparent></element><element type="Microsoft.VisualStudio.TestTools.Common.TestEntry"><m_testId type="Microsoft.VisualStudio.TestTools.Common.TestId"><id type="System.Guid">072e81db-fa89-38f4-34d7-326f10e7439e</id></m_testId><m_execId type="Microsoft.VisualStudio.TestTools.Common.TestExecId"><id type="System.Guid">65b46f16-526c-47e3-a718-e3bdbd801cd1</id></m_execId><m_parentExecId type="Microsoft.VisualStudio.TestTools.Common.TestExecId"><id type="System.Guid">00000000-0000-0000-0000-000000000000</id></m_parentExecId><m_categoryId type="Microsoft.VisualStudio.TestTools.Common.TestCategoryId"><id type="System.Guid">8c84fa94-04c1-424b-9868-57a2d4851a1d</id></m_categoryId><m_isTransparent type="System.Boolean">True</m_isTransparent></element><element type="Microsoft.VisualStudio.TestTools.Common.TestEntry"><m_testId type="Microsoft.VisualStudio.TestTools.Common.TestId"><id type="System.Guid">4749a339-6463-c830-87e1-8927755bf626</id></m_testId><m_execId type="Microsoft.VisualStudio.TestTools.Common.TestExecId"><id type="System.Guid">13ce2046-8392-43d1-b927-d7654c5a5095</id></m_execId><m_parentExecId type="Microsoft.VisualStudio.TestTools.Common.TestExecId"><id type="System.Guid">00000000-0000-0000-0000-000000000000</id></m_parentExecId><m_categoryId type="Microsoft.VisualStudio.TestTools.Common.TestCategoryId"><id type="System.Guid">8c84fa94-04c1-424b-9868-57a2d4851a1d</id></m_categoryId><m_isTransparent type="System.Boolean">True</m_isTransparent></element><element type="Microsoft.VisualStudio.TestTools.Common.TestEntry"><m_testId type="Microsoft.VisualStudio.TestTools.Common.TestId"><id type="System.Guid">fff0d6a7-523c-4f50-71d8-b7c2c709999e</id></m_testId><m_execId type="Microsoft.VisualStudio.TestTools.Common.TestExecId"><id type="System.Guid">53ea9a87-3f54-4ec8-9cb9-8767160908ea</id></m_execId><m_parentExecId type="Microsoft.VisualStudio.TestTools.Common.TestExecId"><id type="System.Guid">00000000-0000-0000-0000-000000000000</id></m_parentExecId><m_categoryId type="Microsoft.VisualStudio.TestTools.Common.TestCategoryId"><id type="System.Guid">8c84fa94-04c1-424b-9868-57a2d4851a1d</id></m_categoryId><m_isTransparent type="System.Boolean">True</m_isTransparent></element><element type="Microsoft.VisualStudio.TestTools.Common.TestEntry"><m_testId type="Microsoft.VisualStudio.TestTools.Common.TestId"><id type="System.Guid">22d52f29-3531-4d85-99c3-8704ba5110a4</id></m_testId><m_execId type="Microsoft.VisualStudio.TestTools.Common.TestExecId"><id type="System.Guid">ee9bd592-6990-4756-b6a2-7f6f396d3fec</id></m_execId><m_parentExecId type="Microsoft.VisualStudio.TestTools.Common.TestExecId"><id type="System.Guid">00000000-0000-0000-0000-000000000000</id></m_parentExecId><m_categoryId type="Microsoft.VisualStudio.TestTools.Common.TestCategoryId"><id type="System.Guid">8c84fa94-04c1-424b-9868-57a2d4851a1d</id></m_categoryId><m_isTransparent type="System.Boolean">True</m_isTransparent></element><element type="Microsoft.VisualStudio.TestTools.Common.TestEntry"><m_testId type="Microsoft.VisualStudio.TestTools.Common.TestId"><id type="System.Guid">1986844d-95db-d075-2bee-adba2fe9da7c</id></m_testId><m_execId type="Microsoft.VisualStudio.TestTools.Common.TestExecId"><id type="System.Guid">dfe0dbdd-e52d-40ee-9f81-8cfaa7b2028c</id></m_execId><m_parentExecId type="Microsoft.VisualStudio.TestTools.Common.TestExecId"><id type="System.Guid">00000000-0000-0000-0000-000000000000</id></m_parentExecId><m_categoryId type="Microsoft.VisualStudio.TestTools.Common.TestCategoryId"><id type="System.Guid">8c84fa94-04c1-424b-9868-57a2d4851a1d</id></m_categoryId><m_isTransparent type="System.Boolean">True</m_isTransparent></element><element type="Microsoft.VisualStudio.TestTools.Common.TestEntry"><m_testId type="Microsoft.VisualStudio.TestTools.Common.TestId"><id type="System.Guid">6895f1f8-6e79-3a51-97e1-567b07e2d940</id></m_testId><m_execId type="Microsoft.VisualStudio.TestTools.Common.TestExecId"><id type="System.Guid">221a7593-a27e-4aad-ad07-0204f6a69fe1</id></m_execId><m_parentExecId type="Microsoft.VisualStudio.TestTools.Common.TestExecId"><id type="System.Guid">00000000-0000-0000-0000-000000000000</id></m_parentExecId><m_categoryId type="Microsoft.VisualStudio.TestTools.Common.TestCategoryId"><id type="System.Guid">8c84fa94-04c1-424b-9868-57a2d4851a1d</id></m_categoryId><m_isTransparent type="System.Boolean">True</m_isTransparent></element><element type="Microsoft.VisualStudio.TestTools.Common.TestEntry"><m_testId type="Microsoft.VisualStudio.TestTools.Common.TestId"><id type="System.Guid">0dda3e02-b949-2246-34c0-6dcde2fe2147</id></m_testId><m_execId type="Microsoft.VisualStudio.TestTools.Common.TestExecId"><id type="System.Guid">09ab5cb7-199c-4ef0-a29a-dd5fc13f8ae1</id></m_execId><m_parentExecId type="Microsoft.VisualStudio.TestTools.Common.TestExecId"><id type="System.Guid">00000000-0000-0000-0000-000000000000</id></m_parentExecId><m_categoryId type="Microsoft.VisualStudio.TestTools.Common.TestCategoryId"><id type="System.Guid">8c84fa94-04c1-424b-9868-57a2d4851a1d</id></m_categoryId><m_isTransparent type="System.Boolean">True</m_isTransparent></element><element type="Microsoft.VisualStudio.TestTools.Common.TestEntry"><m_testId type="Microsoft.VisualStudio.TestTools.Common.TestId"><id type="System.Guid">094ea6fa-f48f-2dc5-23f2-e770c5c582c9</id></m_testId><m_execId type="Microsoft.VisualStudio.TestTools.Common.TestExecId"><id type="System.Guid">bd8c348c-cfd1-4d7d-b13d-db81bbba656e</id></m_execId><m_parentExecId type="Microsoft.VisualStudio.TestTools.Common.TestExecId"><id type="System.Guid">00000000-0000-0000-0000-000000000000</id></m_parentExecId><m_categoryId type="Microsoft.VisualStudio.TestTools.Common.TestCategoryId"><id type="System.Guid">8c84fa94-04c1-424b-9868-57a2d4851a1d</id></m_categoryId><m_isTransparent type="System.Boolean">True</m_isTransparent></element><element type="Microsoft.VisualStudio.TestTools.Common.TestEntry"><m_testId type="Microsoft.VisualStudio.TestTools.Common.TestId"><id type="System.Guid">5a820df9-8bd3-5368-e16b-a02be6d8fc01</id></m_testId><m_execId type="Microsoft.VisualStudio.TestTools.Common.TestExecId"><id type="System.Guid">23d7b0b8-78b1-402a-b6d9-168cb3546aec</id></m_execId><m_parentExecId type="Microsoft.VisualStudio.TestTools.Common.TestExecId"><id type="System.Guid">00000000-0000-0000-0000-000000000000</id></m_parentExecId><m_categoryId type="Microsoft.VisualStudio.TestTools.Common.TestCategoryId"><id type="System.Guid">8c84fa94-04c1-424b-9868-57a2d4851a1d</id></m_categoryId><m_isTransparent type="System.Boolean">True</m_isTransparent></element><element type="Microsoft.VisualStudio.TestTools.Common.TestEntry"><m_testId type="Microsoft.VisualStudio.TestTools.Common.TestId"><id type="System.Guid">e8ed8db3-5594-e972-e39f-255ec62baa43</id></m_testId><m_execId type="Microsoft.VisualStudio.TestTools.Common.TestExecId"><id type="System.Guid">b64e8fdd-7f19-4560-ad65-95bfa2ba1323</id></m_execId><m_parentExecId type="Microsoft.VisualStudio.TestTools.Common.TestExecId"><id type="System.Guid">00000000-0000-0000-0000-000000000000</id></m_parentExecId><m_categoryId type="Microsoft.VisualStudio.TestTools.Common.TestCategoryId"><id type="System.Guid">8c84fa94-04c1-424b-9868-57a2d4851a1d</id></m_categoryId><m_isTransparent type="System.Boolean">True</m_isTransparent></element><element type="Microsoft.VisualStudio.TestTools.Common.TestEntry"><m_testId type="Microsoft.VisualStudio.TestTools.Common.TestId"><id type="System.Guid">16ee9573-e12f-3d3a-b7ee-72101b637ed6</id></m_testId><m_execId type="Microsoft.VisualStudio.TestTools.Common.TestExecId"><id type="System.Guid">22218fa0-8cd2-422d-8f92-fb32cebd683e</id></m_execId><m_parentExecId type="Microsoft.VisualStudio.TestTools.Common.TestExecId"><id type="System.Guid">00000000-0000-0000-0000-000000000000</id></m_parentExecId><m_categoryId type="Microsoft.VisualStudio.TestTools.Common.TestCategoryId"><id type="System.Guid">8c84fa94-04c1-424b-9868-57a2d4851a1d</id></m_categoryId><m_isTransparent type="System.Boolean">True</m_isTransparent></element><element type="Microsoft.VisualStudio.TestTools.Common.TestEntry"><m_testId type="Microsoft.VisualStudio.TestTools.Common.TestId"><id type="System.Guid">7b6bce69-a30e-c907-f0c5-880f4a8742e5</id></m_testId><m_execId type="Microsoft.VisualStudio.TestTools.Common.TestExecId"><id type="System.Guid">5ab85afb-47e5-4f70-a8f8-642d508ca401</id></m_execId><m_parentExecId type="Microsoft.VisualStudio.TestTools.Common.TestExecId"><id type="System.Guid">00000000-0000-0000-0000-000000000000</id></m_parentExecId><m_categoryId type="Microsoft.VisualStudio.TestTools.Common.TestCategoryId"><id type="System.Guid">8c84fa94-04c1-424b-9868-57a2d4851a1d</id></m_categoryId><m_isTransparent type="System.Boolean">True</m_isTransparent></element><element type="Microsoft.VisualStudio.TestTools.Common.TestEntry"><m_testId type="Microsoft.VisualStudio.TestTools.Common.TestId"><id type="System.Guid">630c305d-d633-5622-b34a-8a631082767e</id></m_testId><m_execId type="Microsoft.VisualStudio.TestTools.Common.TestExecId"><id type="System.Guid">7b7971fe-3c20-4c96-8a95-e03dbb9183c2</id></m_execId><m_parentExecId type="Microsoft.VisualStudio.TestTools.Common.TestExecId"><id type="System.Guid">00000000-0000-0000-0000-000000000000</id></m_parentExecId><m_categoryId type="Microsoft.VisualStudio.TestTools.Common.TestCategoryId"><id type="System.Guid">8c84fa94-04c1-424b-9868-57a2d4851a1d</id></m_categoryId><m_isTransparent type="System.Boolean">True</m_isTransparent></element><element type="Microsoft.VisualStudio.TestTools.Common.TestEntry"><m_testId type="Microsoft.VisualStudio.TestTools.Common.TestId"><id type="System.Guid">1fa5d952-606d-0710-6898-3a9c7dd5d0b1</id></m_testId><m_execId type="Microsoft.VisualStudio.TestTools.Common.TestExecId"><id type="System.Guid">68fa2e78-5476-436b-806a-c4f2bec4b923</id></m_execId><m_parentExecId type="Microsoft.VisualStudio.TestTools.Common.TestExecId"><id type="System.Guid">00000000-0000-0000-0000-000000000000</id></m_parentExecId><m_categoryId type="Microsoft.VisualStudio.TestTools.Common.TestCategoryId"><id type="System.Guid">8c84fa94-04c1-424b-9868-57a2d4851a1d</id></m_categoryId><m_isTransparent type="System.Boolean">True</m_isTransparent></element><element type="Microsoft.VisualStudio.TestTools.Common.TestEntry"><m_testId type="Microsoft.VisualStudio.TestTools.Common.TestId"><id type="System.Guid">c7e9601e-7664-4e71-c382-3bd22ed1de09</id></m_testId><m_execId type="Microsoft.VisualStudio.TestTools.Common.TestExecId"><id type="System.Guid">0bc5d55a-2312-4f49-904e-36d4e93823f3</id></m_execId><m_parentExecId type="Microsoft.VisualStudio.TestTools.Common.TestExecId"><id type="System.Guid">00000000-0000-0000-0000-000000000000</id></m_parentExecId><m_categoryId type="Microsoft.VisualStudio.TestTools.Common.TestCategoryId"><id type="System.Guid">8c84fa94-04c1-424b-9868-57a2d4851a1d</id></m_categoryId><m_isTransparent type="System.Boolean">True</m_isTransparent></element><element type="Microsoft.VisualStudio.TestTools.Common.TestEntry"><m_testId type="Microsoft.VisualStudio.TestTools.Common.TestId"><id type="System.Guid">b01e8c7e-5127-df29-6763-f1d90912bf83</id></m_testId><m_execId type="Microsoft.VisualStudio.TestTools.Common.TestExecId"><id type="System.Guid">1a4c497d-39ab-42b2-be7d-e754b1fae2c4</id></m_execId><m_parentExecId type="Microsoft.VisualStudio.TestTools.Common.TestExecId"><id type="System.Guid">00000000-0000-0000-0000-000000000000</id></m_parentExecId><m_categoryId type="Microsoft.VisualStudio.TestTools.Common.TestCategoryId"><id type="System.Guid">8c84fa94-04c1-424b-9868-57a2d4851a1d</id></m_categoryId><m_isTransparent type="System.Boolean">True</m_isTransparent></element><element type="Microsoft.VisualStudio.TestTools.Common.TestEntry"><m_testId type="Microsoft.VisualStudio.TestTools.Common.TestId"><id type="System.Guid">15e945d0-d2ed-0e95-e4d6-80d0abd2eedf</id></m_testId><m_execId type="Microsoft.VisualStudio.TestTools.Common.TestExecId"><id type="System.Guid">264fc200-c774-4bda-a2f8-c09d757c73f3</id></m_execId><m_parentExecId type="Microsoft.VisualStudio.TestTools.Common.TestExecId"><id type="System.Guid">00000000-0000-0000-0000-000000000000</id></m_parentExecId><m_categoryId type="Microsoft.VisualStudio.TestTools.Common.TestCategoryId"><id type="System.Guid">8c84fa94-04c1-424b-9868-57a2d4851a1d</id></m_categoryId><m_isTransparent type="System.Boolean">True</m_isTransparent></element><element type="Microsoft.VisualStudio.TestTools.Common.TestEntry"><m_testId type="Microsoft.VisualStudio.TestTools.Common.TestId"><id type="System.Guid">65fa3e41-7278-4418-fc84-f1043191ec78</id></m_testId><m_execId type="Microsoft.VisualStudio.TestTools.Common.TestExecId"><id type="System.Guid">b34c3b50-5b75-4f11-b676-a9e696a574b6</id></m_execId><m_parentExecId type="Microsoft.VisualStudio.TestTools.Common.TestExecId"><id type="System.Guid">00000000-0000-0000-0000-000000000000</id></m_parentExecId><m_categoryId type="Microsoft.VisualStudio.TestTools.Common.TestCategoryId"><id type="System.Guid">8c84fa94-04c1-424b-9868-57a2d4851a1d</id></m_categoryId><m_isTransparent type="System.Boolean">True</m_isTransparent></element><element type="Microsoft.VisualStudio.TestTools.Common.TestEntry"><m_testId type="Microsoft.VisualStudio.TestTools.Common.TestId"><id type="System.Guid">7153265c-847d-ee05-0f47-1d2b29f31e7d</id></m_testId><m_execId type="Microsoft.VisualStudio.TestTools.Common.TestExecId"><id type="System.Guid">ff812666-5c46-4b4b-9db3-01d2d075c563</id></m_execId><m_parentExecId type="Microsoft.VisualStudio.TestTools.Common.TestExecId"><id type="System.Guid">00000000-0000-0000-0000-000000000000</id></m_parentExecId><m_categoryId type="Microsoft.VisualStudio.TestTools.Common.TestCategoryId"><id type="System.Guid">8c84fa94-04c1-424b-9868-57a2d4851a1d</id></m_categoryId><m_isTransparent type="System.Boolean">True</m_isTransparent></element><element type="Microsoft.VisualStudio.TestTools.Common.TestEntry"><m_testId type="Microsoft.VisualStudio.TestTools.Common.TestId"><id type="System.Guid">eaab0ceb-754a-948c-1df8-2a9693cd5e6b</id></m_testId><m_execId type="Microsoft.VisualStudio.TestTools.Common.TestExecId"><id type="System.Guid">5148ba37-4a7c-49ee-9036-b162345c7340</id></m_execId><m_parentExecId type="Microsoft.VisualStudio.TestTools.Common.TestExecId"><id type="System.Guid">00000000-0000-0000-0000-000000000000</id></m_parentExecId><m_categoryId type="Microsoft.VisualStudio.TestTools.Common.TestCategoryId"><id type="System.Guid">8c84fa94-04c1-424b-9868-57a2d4851a1d</id></m_categoryId><m_isTransparent type="System.Boolean">True</m_isTransparent></element><element type="Microsoft.VisualStudio.TestTools.Common.TestEntry"><m_testId type="Microsoft.VisualStudio.TestTools.Common.TestId"><id type="System.Guid">3e7af468-5b50-141f-bb6d-f24168fdf571</id></m_testId><m_execId type="Microsoft.VisualStudio.TestTools.Common.TestExecId"><id type="System.Guid">70dca837-4205-4e58-b820-ae82cf6fbe33</id></m_execId><m_parentExecId type="Microsoft.VisualStudio.TestTools.Common.TestExecId"><id type="System.Guid">00000000-0000-0000-0000-000000000000</id></m_parentExecId><m_categoryId type="Microsoft.VisualStudio.TestTools.Common.TestCategoryId"><id type="System.Guid">8c84fa94-04c1-424b-9868-57a2d4851a1d</id></m_categoryId><m_isTransparent type="System.Boolean">True</m_isTransparent></element><element type="Microsoft.VisualStudio.TestTools.Common.TestEntry"><m_testId type="Microsoft.VisualStudio.TestTools.Common.TestId"><id type="System.Guid">f4f2758a-9626-c5df-dc18-06978c3499c7</id></m_testId><m_execId type="Microsoft.VisualStudio.TestTools.Common.TestExecId"><id type="System.Guid">6fd79279-a464-4c6f-b22e-97eaf1f661ca</id></m_execId><m_parentExecId type="Microsoft.VisualStudio.TestTools.Common.TestExecId"><id type="System.Guid">00000000-0000-0000-0000-000000000000</id></m_parentExecId><m_categoryId type="Microsoft.VisualStudio.TestTools.Common.TestCategoryId"><id type="System.Guid">8c84fa94-04c1-424b-9868-57a2d4851a1d</id></m_categoryId><m_isTransparent type="System.Boolean">True</m_isTransparent></element><element type="Microsoft.VisualStudio.TestTools.Common.TestEntry"><m_testId type="Microsoft.VisualStudio.TestTools.Common.TestId"><id type="System.Guid">4cfa5a41-cb2a-b8a3-fd71-d4af63cf74fa</id></m_testId><m_execId type="Microsoft.VisualStudio.TestTools.Common.TestExecId"><id type="System.Guid">c29effa7-c37c-411b-bb2e-bb180656e9c9</id></m_execId><m_parentExecId type="Microsoft.VisualStudio.TestTools.Common.TestExecId"><id type="System.Guid">00000000-0000-0000-0000-000000000000</id></m_parentExecId><m_categoryId type="Microsoft.VisualStudio.TestTools.Common.TestCategoryId"><id type="System.Guid">8c84fa94-04c1-424b-9868-57a2d4851a1d</id></m_categoryId><m_isTransparent type="System.Boolean">True</m_isTransparent></element><element type="Microsoft.VisualStudio.TestTools.Common.TestEntry"><m_testId type="Microsoft.VisualStudio.TestTools.Common.TestId"><id type="System.Guid">9ce6e354-3c8c-59aa-aad4-ad2606cfb264</id></m_testId><m_execId type="Microsoft.VisualStudio.TestTools.Common.TestExecId"><id type="System.Guid">07e8eaaf-37f1-48bc-8f50-4763f54a7514</id></m_execId><m_parentExecId type="Microsoft.VisualStudio.TestTools.Common.TestExecId"><id type="System.Guid">00000000-0000-0000-0000-000000000000</id></m_parentExecId><m_categoryId type="Microsoft.VisualStudio.TestTools.Common.TestCategoryId"><id type="System.Guid">8c84fa94-04c1-424b-9868-57a2d4851a1d</id></m_categoryId><m_isTransparent type="System.Boolean">True</m_isTransparent></element><element type="Microsoft.VisualStudio.TestTools.Common.TestEntry"><m_testId type="Microsoft.VisualStudio.TestTools.Common.TestId"><id type="System.Guid">b3ec91a8-1e57-bd2e-787c-529344116793</id></m_testId><m_execId type="Microsoft.VisualStudio.TestTools.Common.TestExecId"><id type="System.Guid">5149db27-c7b4-4622-8b46-483baf553643</id></m_execId><m_parentExecId type="Microsoft.VisualStudio.TestTools.Common.TestExecId"><id type="System.Guid">00000000-0000-0000-0000-000000000000</id></m_parentExecId><m_categoryId type="Microsoft.VisualStudio.TestTools.Common.TestCategoryId"><id type="System.Guid">8c84fa94-04c1-424b-9868-57a2d4851a1d</id></m_categoryId><m_isTransparent type="System.Boolean">True</m_isTransparent></element><element type="Microsoft.VisualStudio.TestTools.Common.TestEntry"><m_testId type="Microsoft.VisualStudio.TestTools.Common.TestId"><id type="System.Guid">204d0871-8cdf-c502-1310-dbcf7b4bd5c0</id></m_testId><m_execId type="Microsoft.VisualStudio.TestTools.Common.TestExecId"><id type="System.Guid">b2ef4262-7845-4306-9226-2f750ea6d431</id></m_execId><m_parentExecId type="Microsoft.VisualStudio.TestTools.Common.TestExecId"><id type="System.Guid">00000000-0000-0000-0000-000000000000</id></m_parentExecId><m_categoryId type="Microsoft.VisualStudio.TestTools.Common.TestCategoryId"><id type="System.Guid">8c84fa94-04c1-424b-9868-57a2d4851a1d</id></m_categoryId><m_isTransparent type="System.Boolean">True</m_isTransparent></element><element type="Microsoft.VisualStudio.TestTools.Common.TestEntry"><m_testId type="Microsoft.VisualStudio.TestTools.Common.TestId"><id type="System.Guid">9b4e73af-5153-9663-b862-b60a523857ad</id></m_testId><m_execId type="Microsoft.VisualStudio.TestTools.Common.TestExecId"><id type="System.Guid">1f8ad69b-7f6a-4d94-b8dd-7aba97054815</id></m_execId><m_parentExecId type="Microsoft.VisualStudio.TestTools.Common.TestExecId"><id type="System.Guid">00000000-0000-0000-0000-000000000000</id></m_parentExecId><m_categoryId type="Microsoft.VisualStudio.TestTools.Common.TestCategoryId"><id type="System.Guid">8c84fa94-04c1-424b-9868-57a2d4851a1d</id></m_categoryId><m_isTransparent type="System.Boolean">True</m_isTransparent></element><element type="Microsoft.VisualStudio.TestTools.Common.TestEntry"><m_testId type="Microsoft.VisualStudio.TestTools.Common.TestId"><id type="System.Guid">cf98e067-2c03-79bc-10a0-e036c7e91fd8</id></m_testId><m_execId type="Microsoft.VisualStudio.TestTools.Common.TestExecId"><id type="System.Guid">d3464408-5d84-418c-8207-25b2e9733e23</id></m_execId><m_parentExecId type="Microsoft.VisualStudio.TestTools.Common.TestExecId"><id type="System.Guid">00000000-0000-0000-0000-000000000000</id></m_parentExecId><m_categoryId type="Microsoft.VisualStudio.TestTools.Common.TestCategoryId"><id type="System.Guid">8c84fa94-04c1-424b-9868-57a2d4851a1d</id></m_categoryId><m_isTransparent type="System.Boolean">True</m_isTransparent></element><element type="Microsoft.VisualStudio.TestTools.Common.TestEntry"><m_testId type="Microsoft.VisualStudio.TestTools.Common.TestId"><id type="System.Guid">802314f4-9286-6db9-666c-507620174a30</id></m_testId><m_execId type="Microsoft.VisualStudio.TestTools.Common.TestExecId"><id type="System.Guid">71488b89-dc47-46e2-beab-68ed63052581</id></m_execId><m_parentExecId type="Microsoft.VisualStudio.TestTools.Common.TestExecId"><id type="System.Guid">00000000-0000-0000-0000-000000000000</id></m_parentExecId><m_categoryId type="Microsoft.VisualStudio.TestTools.Common.TestCategoryId"><id type="System.Guid">8c84fa94-04c1-424b-9868-57a2d4851a1d</id></m_categoryId><m_isTransparent type="System.Boolean">True</m_isTransparent></element><element type="Microsoft.VisualStudio.TestTools.Common.TestEntry"><m_testId type="Microsoft.VisualStudio.TestTools.Common.TestId"><id type="System.Guid">92551c77-d96c-75d5-c1af-0701787bf9ac</id></m_testId><m_execId type="Microsoft.VisualStudio.TestTools.Common.TestExecId"><id type="System.Guid">6e12d406-bca4-447c-b67d-4703dd5f1eee</id></m_execId><m_parentExecId type="Microsoft.VisualStudio.TestTools.Common.TestExecId"><id type="System.Guid">00000000-0000-0000-0000-000000000000</id></m_parentExecId><m_categoryId type="Microsoft.VisualStudio.TestTools.Common.TestCategoryId"><id type="System.Guid">8c84fa94-04c1-424b-9868-57a2d4851a1d</id></m_categoryId><m_isTransparent type="System.Boolean">True</m_isTransparent></element><element type="Microsoft.VisualStudio.TestTools.Common.TestEntry"><m_testId type="Microsoft.VisualStudio.TestTools.Common.TestId"><id type="System.Guid">365104b8-64d9-d2c1-6af5-37925e96873a</id></m_testId><m_execId type="Microsoft.VisualStudio.TestTools.Common.TestExecId"><id type="System.Guid">0b2d4ce4-9275-4f0d-a515-20fde73fd730</id></m_execId><m_parentExecId type="Microsoft.VisualStudio.TestTools.Common.TestExecId"><id type="System.Guid">00000000-0000-0000-0000-000000000000</id></m_parentExecId><m_categoryId type="Microsoft.VisualStudio.TestTools.Common.TestCategoryId"><id type="System.Guid">8c84fa94-04c1-424b-9868-57a2d4851a1d</id></m_categoryId><m_isTransparent type="System.Boolean">True</m_isTransparent></element><element type="Microsoft.VisualStudio.TestTools.Common.TestEntry"><m_testId type="Microsoft.VisualStudio.TestTools.Common.TestId"><id type="System.Guid">bbb74f2c-a6bd-93c0-8e84-4fa9099b0dff</id></m_testId><m_execId type="Microsoft.VisualStudio.TestTools.Common.TestExecId"><id type="System.Guid">53a702af-462f-4f94-89d1-ca623e3359ac</id></m_execId><m_parentExecId type="Microsoft.VisualStudio.TestTools.Common.TestExecId"><id type="System.Guid">00000000-0000-0000-0000-000000000000</id></m_parentExecId><m_categoryId type="Microsoft.VisualStudio.TestTools.Common.TestCategoryId"><id type="System.Guid">8c84fa94-04c1-424b-9868-57a2d4851a1d</id></m_categoryId><m_isTransparent type="System.Boolean">True</m_isTransparent></element><element type="Microsoft.VisualStudio.TestTools.Common.TestEntry"><m_testId type="Microsoft.VisualStudio.TestTools.Common.TestId"><id type="System.Guid">9597b72f-4882-e859-71f1-0ee76c5916d5</id></m_testId><m_execId type="Microsoft.VisualStudio.TestTools.Common.TestExecId"><id type="System.Guid">79e3edcf-3118-42b9-87d1-950217b089e8</id></m_execId><m_parentExecId type="Microsoft.VisualStudio.TestTools.Common.TestExecId"><id type="System.Guid">00000000-0000-0000-0000-000000000000</id></m_parentExecId><m_categoryId type="Microsoft.VisualStudio.TestTools.Common.TestCategoryId"><id type="System.Guid">8c84fa94-04c1-424b-9868-57a2d4851a1d</id></m_categoryId><m_isTransparent type="System.Boolean">True</m_isTransparent></element><element type="Microsoft.VisualStudio.TestTools.Common.TestEntry"><m_testId type="Microsoft.VisualStudio.TestTools.Common.TestId"><id type="System.Guid">36238562-b85c-be74-bd6d-9175efd21a2e</id></m_testId><m_execId type="Microsoft.VisualStudio.TestTools.Common.TestExecId"><id type="System.Guid">85676de3-4ff8-4ea9-90b9-098fb7d25429</id></m_execId><m_parentExecId type="Microsoft.VisualStudio.TestTools.Common.TestExecId"><id type="System.Guid">00000000-0000-0000-0000-000000000000</id></m_parentExecId><m_categoryId type="Microsoft.VisualStudio.TestTools.Common.TestCategoryId"><id type="System.Guid">8c84fa94-04c1-424b-9868-57a2d4851a1d</id></m_categoryId><m_isTransparent type="System.Boolean">True</m_isTransparent></element><element type="Microsoft.VisualStudio.TestTools.Common.TestEntry"><m_testId type="Microsoft.VisualStudio.TestTools.Common.TestId"><id type="System.Guid">10ddb2bc-df21-f211-50a5-e01670c349b2</id></m_testId><m_execId type="Microsoft.VisualStudio.TestTools.Common.TestExecId"><id type="System.Guid">928c662c-1300-42a5-b9cb-57a9093c075e</id></m_execId><m_parentExecId type="Microsoft.VisualStudio.TestTools.Common.TestExecId"><id type="System.Guid">00000000-0000-0000-0000-000000000000</id></m_parentExecId><m_categoryId type="Microsoft.VisualStudio.TestTools.Common.TestCategoryId"><id type="System.Guid">8c84fa94-04c1-424b-9868-57a2d4851a1d</id></m_categoryId><m_isTransparent type="System.Boolean">True</m_isTransparent></element><element type="Microsoft.VisualStudio.TestTools.Common.TestEntry"><m_testId type="Microsoft.VisualStudio.TestTools.Common.TestId"><id type="System.Guid">2e0efa32-2e0f-73cc-494d-e801471db754</id></m_testId><m_execId type="Microsoft.VisualStudio.TestTools.Common.TestExecId"><id type="System.Guid">47ba40cb-a605-402e-b270-591aa4d52187</id></m_execId><m_parentExecId type="Microsoft.VisualStudio.TestTools.Common.TestExecId"><id type="System.Guid">00000000-0000-0000-0000-000000000000</id></m_parentExecId><m_categoryId type="Microsoft.VisualStudio.TestTools.Common.TestCategoryId"><id type="System.Guid">8c84fa94-04c1-424b-9868-57a2d4851a1d</id></m_categoryId><m_isTransparent type="System.Boolean">True</m_isTransparent></element><element type="Microsoft.VisualStudio.TestTools.Common.TestEntry"><m_testId type="Microsoft.VisualStudio.TestTools.Common.TestId"><id type="System.Guid">149370ab-127b-87fd-ddfc-6f675a5fb26c</id></m_testId><m_execId type="Microsoft.VisualStudio.TestTools.Common.TestExecId"><id type="System.Guid">3f188d5a-ab2b-4100-98bc-6309a7a7bc9c</id></m_execId><m_parentExecId type="Microsoft.VisualStudio.TestTools.Common.TestExecId"><id type="System.Guid">00000000-0000-0000-0000-000000000000</id></m_parentExecId><m_categoryId type="Microsoft.VisualStudio.TestTools.Common.TestCategoryId"><id type="System.Guid">8c84fa94-04c1-424b-9868-57a2d4851a1d</id></m_categoryId><m_isTransparent type="System.Boolean">True</m_isTransparent></element><element type="Microsoft.VisualStudio.TestTools.Common.TestEntry"><m_testId type="Microsoft.VisualStudio.TestTools.Common.TestId"><id type="System.Guid">45b3ad03-f333-2563-5faa-2dad9e3c519b</id></m_testId><m_execId type="Microsoft.VisualStudio.TestTools.Common.TestExecId"><id type="System.Guid">ad2102e3-b191-458e-91b4-c26fc34f329d</id></m_execId><m_parentExecId type="Microsoft.VisualStudio.TestTools.Common.TestExecId"><id type="System.Guid">00000000-0000-0000-0000-000000000000</id></m_parentExecId><m_categoryId type="Microsoft.VisualStudio.TestTools.Common.TestCategoryId"><id type="System.Guid">8c84fa94-04c1-424b-9868-57a2d4851a1d</id></m_categoryId><m_isTransparent type="System.Boolean">True</m_isTransparent></element><element type="Microsoft.VisualStudio.TestTools.Common.TestEntry"><m_testId type="Microsoft.VisualStudio.TestTools.Common.TestId"><id type="System.Guid">d3056a09-c969-b5ab-eba9-386f98325fce</id></m_testId><m_execId type="Microsoft.VisualStudio.TestTools.Common.TestExecId"><id type="System.Guid">c8f02db4-38df-4f56-b2ff-493169e9105a</id></m_execId><m_parentExecId type="Microsoft.VisualStudio.TestTools.Common.TestExecId"><id type="System.Guid">00000000-0000-0000-0000-000000000000</id></m_parentExecId><m_categoryId type="Microsoft.VisualStudio.TestTools.Common.TestCategoryId"><id type="System.Guid">8c84fa94-04c1-424b-9868-57a2d4851a1d</id></m_categoryId><m_isTransparent type="System.Boolean">True</m_isTransparent></element><element type="Microsoft.VisualStudio.TestTools.Common.TestEntry"><m_testId type="Microsoft.VisualStudio.TestTools.Common.TestId"><id type="System.Guid">01db33ed-8108-3c92-134d-6748625e9ef0</id></m_testId><m_execId type="Microsoft.VisualStudio.TestTools.Common.TestExecId"><id type="System.Guid">19d371c2-25c9-4c6e-8077-65e1bcc5a403</id></m_execId><m_parentExecId type="Microsoft.VisualStudio.TestTools.Common.TestExecId"><id type="System.Guid">00000000-0000-0000-0000-000000000000</id></m_parentExecId><m_categoryId type="Microsoft.VisualStudio.TestTools.Common.TestCategoryId"><id type="System.Guid">8c84fa94-04c1-424b-9868-57a2d4851a1d</id></m_categoryId><m_isTransparent type="System.Boolean">True</m_isTransparent></element><element type="Microsoft.VisualStudio.TestTools.Common.TestEntry"><m_testId type="Microsoft.VisualStudio.TestTools.Common.TestId"><id type="System.Guid">21f07092-65d4-4213-742e-e1de49d46ed6</id></m_testId><m_execId type="Microsoft.VisualStudio.TestTools.Common.TestExecId"><id type="System.Guid">9696590b-101c-4cf9-bcbc-8588fdf1f716</id></m_execId><m_parentExecId type="Microsoft.VisualStudio.TestTools.Common.TestExecId"><id type="System.Guid">00000000-0000-0000-0000-000000000000</id></m_parentExecId><m_categoryId type="Microsoft.VisualStudio.TestTools.Common.TestCategoryId"><id type="System.Guid">8c84fa94-04c1-424b-9868-57a2d4851a1d</id></m_categoryId><m_isTransparent type="System.Boolean">True</m_isTransparent></element><element type="Microsoft.VisualStudio.TestTools.Common.TestEntry"><m_testId type="Microsoft.VisualStudio.TestTools.Common.TestId"><id type="System.Guid">84083163-4f02-7dcc-2d05-5e8fd5418c32</id></m_testId><m_execId type="Microsoft.VisualStudio.TestTools.Common.TestExecId"><id type="System.Guid">6f949ab0-9003-41aa-a9a5-c0be91b9519d</id></m_execId><m_parentExecId type="Microsoft.VisualStudio.TestTools.Common.TestExecId"><id type="System.Guid">00000000-0000-0000-0000-000000000000</id></m_parentExecId><m_categoryId type="Microsoft.VisualStudio.TestTools.Common.TestCategoryId"><id type="System.Guid">8c84fa94-04c1-424b-9868-57a2d4851a1d</id></m_categoryId><m_isTransparent type="System.Boolean">True</m_isTransparent></element><element type="Microsoft.VisualStudio.TestTools.Common.TestEntry"><m_testId type="Microsoft.VisualStudio.TestTools.Common.TestId"><id type="System.Guid">7f2373cd-fdc1-f225-6eef-8dc4f785dae3</id></m_testId><m_execId type="Microsoft.VisualStudio.TestTools.Common.TestExecId"><id type="System.Guid">d7ecbda8-04f4-484a-9ebd-0d36b120c72e</id></m_execId><m_parentExecId type="Microsoft.VisualStudio.TestTools.Common.TestExecId"><id type="System.Guid">00000000-0000-0000-0000-000000000000</id></m_parentExecId><m_categoryId type="Microsoft.VisualStudio.TestTools.Common.TestCategoryId"><id type="System.Guid">8c84fa94-04c1-424b-9868-57a2d4851a1d</id></m_categoryId><m_isTransparent type="System.Boolean">True</m_isTransparent></element><element type="Microsoft.VisualStudio.TestTools.Common.TestEntry"><m_testId type="Microsoft.VisualStudio.TestTools.Common.TestId"><id type="System.Guid">bc6b5867-0f10-766b-9ddb-3d5a4f08f5f5</id></m_testId><m_execId type="Microsoft.VisualStudio.TestTools.Common.TestExecId"><id type="System.Guid">753c8c1e-c125-4532-9ae5-17e5736c708c</id></m_execId><m_parentExecId type="Microsoft.VisualStudio.TestTools.Common.TestExecId"><id type="System.Guid">00000000-0000-0000-0000-000000000000</id></m_parentExecId><m_categoryId type="Microsoft.VisualStudio.TestTools.Common.TestCategoryId"><id type="System.Guid">8c84fa94-04c1-424b-9868-57a2d4851a1d</id></m_categoryId><m_isTransparent type="System.Boolean">True</m_isTransparent></element><element type="Microsoft.VisualStudio.TestTools.Common.TestEntry"><m_testId type="Microsoft.VisualStudio.TestTools.Common.TestId"><id type="System.Guid">de4adb9b-7380-e30e-f59b-7cc41aa99e57</id></m_testId><m_execId type="Microsoft.VisualStudio.TestTools.Common.TestExecId"><id type="System.Guid">b33ffcce-fcde-4cd3-a8d1-0d2bdddf8706</id></m_execId><m_parentExecId type="Microsoft.VisualStudio.TestTools.Common.TestExecId"><id type="System.Guid">00000000-0000-0000-0000-000000000000</id></m_parentExecId><m_categoryId type="Microsoft.VisualStudio.TestTools.Common.TestCategoryId"><id type="System.Guid">8c84fa94-04c1-424b-9868-57a2d4851a1d</id></m_categoryId><m_isTransparent type="System.Boolean">True</m_isTransparent></element><element type="Microsoft.VisualStudio.TestTools.Common.TestEntry"><m_testId type="Microsoft.VisualStudio.TestTools.Common.TestId"><id type="System.Guid">6e025d0c-2786-34e7-5586-23bccbd29a5d</id></m_testId><m_execId type="Microsoft.VisualStudio.TestTools.Common.TestExecId"><id type="System.Guid">13b9c1df-9fa4-49ff-9c51-669e62ae95f8</id></m_execId><m_parentExecId type="Microsoft.VisualStudio.TestTools.Common.TestExecId"><id type="System.Guid">00000000-0000-0000-0000-000000000000</id></m_parentExecId><m_categoryId type="Microsoft.VisualStudio.TestTools.Common.TestCategoryId"><id type="System.Guid">8c84fa94-04c1-424b-9868-57a2d4851a1d</id></m_categoryId><m_isTransparent type="System.Boolean">True</m_isTransparent></element><element type="Microsoft.VisualStudio.TestTools.Common.TestEntry"><m_testId type="Microsoft.VisualStudio.TestTools.Common.TestId"><id type="System.Guid">4427a4f6-9648-4b50-f47f-d0889b1bb111</id></m_testId><m_execId type="Microsoft.VisualStudio.TestTools.Common.TestExecId"><id type="System.Guid">3de05995-f275-46ff-826e-d9c7f16f25a8</id></m_execId><m_parentExecId type="Microsoft.VisualStudio.TestTools.Common.TestExecId"><id type="System.Guid">00000000-0000-0000-0000-000000000000</id></m_parentExecId><m_categoryId type="Microsoft.VisualStudio.TestTools.Common.TestCategoryId"><id type="System.Guid">8c84fa94-04c1-424b-9868-57a2d4851a1d</id></m_categoryId><m_isTransparent type="System.Boolean">True</m_isTransparent></element><element type="Microsoft.VisualStudio.TestTools.Common.TestEntry"><m_testId type="Microsoft.VisualStudio.TestTools.Common.TestId"><id type="System.Guid">328ea4bf-8d5d-7a92-afc4-b2a1a132e42c</id></m_testId><m_execId type="Microsoft.VisualStudio.TestTools.Common.TestExecId"><id type="System.Guid">cd769922-6ca1-4c3d-bb02-ec5bc3a74c89</id></m_execId><m_parentExecId type="Microsoft.VisualStudio.TestTools.Common.TestExecId"><id type="System.Guid">00000000-0000-0000-0000-000000000000</id></m_parentExecId><m_categoryId type="Microsoft.VisualStudio.TestTools.Common.TestCategoryId"><id type="System.Guid">8c84fa94-04c1-424b-9868-57a2d4851a1d</id></m_categoryId><m_isTransparent type="System.Boolean">True</m_isTransparent></element><element type="Microsoft.VisualStudio.TestTools.Common.TestEntry"><m_testId type="Microsoft.VisualStudio.TestTools.Common.TestId"><id type="System.Guid">edc3b1a0-e8f9-bfa1-2d8e-288b3a2c3d3f</id></m_testId><m_execId type="Microsoft.VisualStudio.TestTools.Common.TestExecId"><id type="System.Guid">aa3696d3-3f60-4b4e-b69e-acab822153a6</id></m_execId><m_parentExecId type="Microsoft.VisualStudio.TestTools.Common.TestExecId"><id type="System.Guid">00000000-0000-0000-0000-000000000000</id></m_parentExecId><m_categoryId type="Microsoft.VisualStudio.TestTools.Common.TestCategoryId"><id type="System.Guid">8c84fa94-04c1-424b-9868-57a2d4851a1d</id></m_categoryId><m_isTransparent type="System.Boolean">True</m_isTransparent></element><element type="Microsoft.VisualStudio.TestTools.Common.TestEntry"><m_testId type="Microsoft.VisualStudio.TestTools.Common.TestId"><id type="System.Guid">bdd19d34-ee5c-b2dc-f553-6e6bba69bee8</id></m_testId><m_execId type="Microsoft.VisualStudio.TestTools.Common.TestExecId"><id type="System.Guid">4206c4d7-4514-47eb-b63c-d392d90c1afe</id></m_execId><m_parentExecId type="Microsoft.VisualStudio.TestTools.Common.TestExecId"><id type="System.Guid">00000000-0000-0000-0000-000000000000</id></m_parentExecId><m_categoryId type="Microsoft.VisualStudio.TestTools.Common.TestCategoryId"><id type="System.Guid">8c84fa94-04c1-424b-9868-57a2d4851a1d</id></m_categoryId><m_isTransparent type="System.Boolean">True</m_isTransparent></element><element type="Microsoft.VisualStudio.TestTools.Common.TestEntry"><m_testId type="Microsoft.VisualStudio.TestTools.Common.TestId"><id type="System.Guid">6d2b8f48-0231-7d3a-ab46-c0fdd3e0743b</id></m_testId><m_execId type="Microsoft.VisualStudio.TestTools.Common.TestExecId"><id type="System.Guid">c32987a0-4c25-4154-9982-b60c81d02b2a</id></m_execId><m_parentExecId type="Microsoft.VisualStudio.TestTools.Common.TestExecId"><id type="System.Guid">00000000-0000-0000-0000-000000000000</id></m_parentExecId><m_categoryId type="Microsoft.VisualStudio.TestTools.Common.TestCategoryId"><id type="System.Guid">8c84fa94-04c1-424b-9868-57a2d4851a1d</id></m_categoryId><m_isTransparent type="System.Boolean">True</m_isTransparent></element><element type="Microsoft.VisualStudio.TestTools.Common.TestEntry"><m_testId type="Microsoft.VisualStudio.TestTools.Common.TestId"><id type="System.Guid">cae7845b-a90e-ff30-8b6a-a8aabfc152cc</id></m_testId><m_execId type="Microsoft.VisualStudio.TestTools.Common.TestExecId"><id type="System.Guid">30c2040f-2849-412f-ba71-fa36df7a0a8c</id></m_execId><m_parentExecId type="Microsoft.VisualStudio.TestTools.Common.TestExecId"><id type="System.Guid">00000000-0000-0000-0000-000000000000</id></m_parentExecId><m_categoryId type="Microsoft.VisualStudio.TestTools.Common.TestCategoryId"><id type="System.Guid">8c84fa94-04c1-424b-9868-57a2d4851a1d</id></m_categoryId><m_isTransparent type="System.Boolean">True</m_isTransparent></element><element type="Microsoft.VisualStudio.TestTools.Common.TestEntry"><m_testId type="Microsoft.VisualStudio.TestTools.Common.TestId"><id type="System.Guid">85acd10b-0989-24c8-1d49-a05457b35899</id></m_testId><m_execId type="Microsoft.VisualStudio.TestTools.Common.TestExecId"><id type="System.Guid">dab067be-339a-45e0-96dc-aec5e5903b35</id></m_execId><m_parentExecId type="Microsoft.VisualStudio.TestTools.Common.TestExecId"><id type="System.Guid">00000000-0000-0000-0000-000000000000</id></m_parentExecId><m_categoryId type="Microsoft.VisualStudio.TestTools.Common.TestCategoryId"><id type="System.Guid">8c84fa94-04c1-424b-9868-57a2d4851a1d</id></m_categoryId><m_isTransparent type="System.Boolean">True</m_isTransparent></element><element type="Microsoft.VisualStudio.TestTools.Common.TestEntry"><m_testId type="Microsoft.VisualStudio.TestTools.Common.TestId"><id type="System.Guid">7981b0c2-db66-9dd0-b81c-988cf04c1c24</id></m_testId><m_execId type="Microsoft.VisualStudio.TestTools.Common.TestExecId"><id type="System.Guid">7de25868-317f-4d3c-9325-c689c2f4da44</id></m_execId><m_parentExecId type="Microsoft.VisualStudio.TestTools.Common.TestExecId"><id type="System.Guid">00000000-0000-0000-0000-000000000000</id></m_parentExecId><m_categoryId type="Microsoft.VisualStudio.TestTools.Common.TestCategoryId"><id type="System.Guid">8c84fa94-04c1-424b-9868-57a2d4851a1d</id></m_categoryId><m_isTransparent type="System.Boolean">True</m_isTransparent></element><element type="Microsoft.VisualStudio.TestTools.Common.TestEntry"><m_testId type="Microsoft.VisualStudio.TestTools.Common.TestId"><id type="System.Guid">a7b3e5e5-b87b-8094-1c39-3098fcc036bf</id></m_testId><m_execId type="Microsoft.VisualStudio.TestTools.Common.TestExecId"><id type="System.Guid">6402aee5-90c1-402e-ae97-7aa792ee7bde</id></m_execId><m_parentExecId type="Microsoft.VisualStudio.TestTools.Common.TestExecId"><id type="System.Guid">00000000-0000-0000-0000-000000000000</id></m_parentExecId><m_categoryId type="Microsoft.VisualStudio.TestTools.Common.TestCategoryId"><id type="System.Guid">8c84fa94-04c1-424b-9868-57a2d4851a1d</id></m_categoryId><m_isTransparent type="System.Boolean">True</m_isTransparent></element><element type="Microsoft.VisualStudio.TestTools.Common.TestEntry"><m_testId type="Microsoft.VisualStudio.TestTools.Common.TestId"><id type="System.Guid">89aca768-4747-1a2f-aa3a-3249fcea559d</id></m_testId><m_execId type="Microsoft.VisualStudio.TestTools.Common.TestExecId"><id type="System.Guid">b0697b4b-27a9-445e-a34f-361818ef5a80</id></m_execId><m_parentExecId type="Microsoft.VisualStudio.TestTools.Common.TestExecId"><id type="System.Guid">00000000-0000-0000-0000-000000000000</id></m_parentExecId><m_categoryId type="Microsoft.VisualStudio.TestTools.Common.TestCategoryId"><id type="System.Guid">8c84fa94-04c1-424b-9868-57a2d4851a1d</id></m_categoryId><m_isTransparent type="System.Boolean">True</m_isTransparent></element><element type="Microsoft.VisualStudio.TestTools.Common.TestEntry"><m_testId type="Microsoft.VisualStudio.TestTools.Common.TestId"><id type="System.Guid">427bf6a6-f9b0-7480-87ba-712fe8d6b02c</id></m_testId><m_execId type="Microsoft.VisualStudio.TestTools.Common.TestExecId"><id type="System.Guid">e390b36a-40cc-4854-a675-2b6ee2a8992e</id></m_execId><m_parentExecId type="Microsoft.VisualStudio.TestTools.Common.TestExecId"><id type="System.Guid">00000000-0000-0000-0000-000000000000</id></m_parentExecId><m_categoryId type="Microsoft.VisualStudio.TestTools.Common.TestCategoryId"><id type="System.Guid">8c84fa94-04c1-424b-9868-57a2d4851a1d</id></m_categoryId><m_isTransparent type="System.Boolean">True</m_isTransparent></element><element type="Microsoft.VisualStudio.TestTools.Common.TestEntry"><m_testId type="Microsoft.VisualStudio.TestTools.Common.TestId"><id type="System.Guid">aaeeb46f-c472-7c2d-80b6-052c038e0cfc</id></m_testId><m_execId type="Microsoft.VisualStudio.TestTools.Common.TestExecId"><id type="System.Guid">c49abb89-0e5e-4bf5-a038-7519476123af</id></m_execId><m_parentExecId type="Microsoft.VisualStudio.TestTools.Common.TestExecId"><id type="System.Guid">00000000-0000-0000-0000-000000000000</id></m_parentExecId><m_categoryId type="Microsoft.VisualStudio.TestTools.Common.TestCategoryId"><id type="System.Guid">8c84fa94-04c1-424b-9868-57a2d4851a1d</id></m_categoryId><m_isTransparent type="System.Boolean">True</m_isTransparent></element><element type="Microsoft.VisualStudio.TestTools.Common.TestEntry"><m_testId type="Microsoft.VisualStudio.TestTools.Common.TestId"><id type="System.Guid">45a510b0-c976-e7f6-3601-f40ac0e94c2e</id></m_testId><m_execId type="Microsoft.VisualStudio.TestTools.Common.TestExecId"><id type="System.Guid">aa4920d5-006e-4345-a82b-0bc7dacecaca</id></m_execId><m_parentExecId type="Microsoft.VisualStudio.TestTools.Common.TestExecId"><id type="System.Guid">00000000-0000-0000-0000-000000000000</id></m_parentExecId><m_categoryId type="Microsoft.VisualStudio.TestTools.Common.TestCategoryId"><id type="System.Guid">8c84fa94-04c1-424b-9868-57a2d4851a1d</id></m_categoryId><m_isTransparent type="System.Boolean">True</m_isTransparent></element><element type="Microsoft.VisualStudio.TestTools.Common.TestEntry"><m_testId type="Microsoft.VisualStudio.TestTools.Common.TestId"><id type="System.Guid">1ad9d2d1-e07e-d47d-19cc-3014a9ff9771</id></m_testId><m_execId type="Microsoft.VisualStudio.TestTools.Common.TestExecId"><id type="System.Guid">c8828a16-ea24-469a-9410-de39c66f072e</id></m_execId><m_parentExecId type="Microsoft.VisualStudio.TestTools.Common.TestExecId"><id type="System.Guid">00000000-0000-0000-0000-000000000000</id></m_parentExecId><m_categoryId type="Microsoft.VisualStudio.TestTools.Common.TestCategoryId"><id type="System.Guid">8c84fa94-04c1-424b-9868-57a2d4851a1d</id></m_categoryId><m_isTransparent type="System.Boolean">True</m_isTransparent></element><element type="Microsoft.VisualStudio.TestTools.Common.TestEntry"><m_testId type="Microsoft.VisualStudio.TestTools.Common.TestId"><id type="System.Guid">2185d90b-bcf6-8ef2-55bb-73afa5e90280</id></m_testId><m_execId type="Microsoft.VisualStudio.TestTools.Common.TestExecId"><id type="System.Guid">d315ea58-a4ac-40dc-bb10-c0ee81c123e2</id></m_execId><m_parentExecId type="Microsoft.VisualStudio.TestTools.Common.TestExecId"><id type="System.Guid">00000000-0000-0000-0000-000000000000</id></m_parentExecId><m_categoryId type="Microsoft.VisualStudio.TestTools.Common.TestCategoryId"><id type="System.Guid">8c84fa94-04c1-424b-9868-57a2d4851a1d</id></m_categoryId><m_isTransparent type="System.Boolean">True</m_isTransparent></element><element type="Microsoft.VisualStudio.TestTools.Common.TestEntry"><m_testId type="Microsoft.VisualStudio.TestTools.Common.TestId"><id type="System.Guid">ae54f69a-7bcc-16dc-514d-6a3231e19eb2</id></m_testId><m_execId type="Microsoft.VisualStudio.TestTools.Common.TestExecId"><id type="System.Guid">a3ec8ac3-60bc-489b-99bc-cbd4129d93dd</id></m_execId><m_parentExecId type="Microsoft.VisualStudio.TestTools.Common.TestExecId"><id type="System.Guid">00000000-0000-0000-0000-000000000000</id></m_parentExecId><m_categoryId type="Microsoft.VisualStudio.TestTools.Common.TestCategoryId"><id type="System.Guid">8c84fa94-04c1-424b-9868-57a2d4851a1d</id></m_categoryId><m_isTransparent type="System.Boolean">True</m_isTransparent></element><element type="Microsoft.VisualStudio.TestTools.Common.TestEntry"><m_testId type="Microsoft.VisualStudio.TestTools.Common.TestId"><id type="System.Guid">eed9d08a-fa3f-4162-8767-335e2a705e03</id></m_testId><m_execId type="Microsoft.VisualStudio.TestTools.Common.TestExecId"><id type="System.Guid">2ea0738b-3515-4a98-b8a1-c33f7e1a218c</id></m_execId><m_parentExecId type="Microsoft.VisualStudio.TestTools.Common.TestExecId"><id type="System.Guid">00000000-0000-0000-0000-000000000000</id></m_parentExecId><m_categoryId type="Microsoft.VisualStudio.TestTools.Common.TestCategoryId"><id type="System.Guid">8c84fa94-04c1-424b-9868-57a2d4851a1d</id></m_categoryId><m_isTransparent type="System.Boolean">True</m_isTransparent></element><element type="Microsoft.VisualStudio.TestTools.Common.TestEntry"><m_testId type="Microsoft.VisualStudio.TestTools.Common.TestId"><id type="System.Guid">b52f4101-3a66-97fc-dbe9-6ccca0b7ecf1</id></m_testId><m_execId type="Microsoft.VisualStudio.TestTools.Common.TestExecId"><id type="System.Guid">e7699a12-bb1f-4699-93e2-0cadd1fabb03</id></m_execId><m_parentExecId type="Microsoft.VisualStudio.TestTools.Common.TestExecId"><id type="System.Guid">00000000-0000-0000-0000-000000000000</id></m_parentExecId><m_categoryId type="Microsoft.VisualStudio.TestTools.Common.TestCategoryId"><id type="System.Guid">8c84fa94-04c1-424b-9868-57a2d4851a1d</id></m_categoryId><m_isTransparent type="System.Boolean">True</m_isTransparent></element><element type="Microsoft.VisualStudio.TestTools.Common.TestEntry"><m_testId type="Microsoft.VisualStudio.TestTools.Common.TestId"><id type="System.Guid">ed086d7b-e249-06d9-b8e7-4310829fc623</id></m_testId><m_execId type="Microsoft.VisualStudio.TestTools.Common.TestExecId"><id type="System.Guid">ab9e051d-8bc7-4fe4-819c-3e37b0c8d930</id></m_execId><m_parentExecId type="Microsoft.VisualStudio.TestTools.Common.TestExecId"><id type="System.Guid">00000000-0000-0000-0000-000000000000</id></m_parentExecId><m_categoryId type="Microsoft.VisualStudio.TestTools.Common.TestCategoryId"><id type="System.Guid">8c84fa94-04c1-424b-9868-57a2d4851a1d</id></m_categoryId><m_isTransparent type="System.Boolean">True</m_isTransparent></element><element type="Microsoft.VisualStudio.TestTools.Common.TestEntry"><m_testId type="Microsoft.VisualStudio.TestTools.Common.TestId"><id type="System.Guid">caf6d8b4-4d17-2111-6a71-e6953894b20b</id></m_testId><m_execId type="Microsoft.VisualStudio.TestTools.Common.TestExecId"><id type="System.Guid">43808155-7e51-446b-b83a-baba4bafa969</id></m_execId><m_parentExecId type="Microsoft.VisualStudio.TestTools.Common.TestExecId"><id type="System.Guid">00000000-0000-0000-0000-000000000000</id></m_parentExecId><m_categoryId type="Microsoft.VisualStudio.TestTools.Common.TestCategoryId"><id type="System.Guid">8c84fa94-04c1-424b-9868-57a2d4851a1d</id></m_categoryId><m_isTransparent type="System.Boolean">True</m_isTransparent></element><element type="Microsoft.VisualStudio.TestTools.Common.TestEntry"><m_testId type="Microsoft.VisualStudio.TestTools.Common.TestId"><id type="System.Guid">452428fe-1e46-2b6b-5eec-e0980f91fda7</id></m_testId><m_execId type="Microsoft.VisualStudio.TestTools.Common.TestExecId"><id type="System.Guid">57004e99-4823-4c9a-b07f-e0231358c600</id></m_execId><m_parentExecId type="Microsoft.VisualStudio.TestTools.Common.TestExecId"><id type="System.Guid">00000000-0000-0000-0000-000000000000</id></m_parentExecId><m_categoryId type="Microsoft.VisualStudio.TestTools.Common.TestCategoryId"><id type="System.Guid">8c84fa94-04c1-424b-9868-57a2d4851a1d</id></m_categoryId><m_isTransparent type="System.Boolean">True</m_isTransparent></element><element type="Microsoft.VisualStudio.TestTools.Common.TestEntry"><m_testId type="Microsoft.VisualStudio.TestTools.Common.TestId"><id type="System.Guid">757be063-28c2-e982-124f-ca5e3fcadce6</id></m_testId><m_execId type="Microsoft.VisualStudio.TestTools.Common.TestExecId"><id type="System.Guid">3973e2f3-022b-4572-93d4-9566ad916aa0</id></m_execId><m_parentExecId type="Microsoft.VisualStudio.TestTools.Common.TestExecId"><id type="System.Guid">00000000-0000-0000-0000-000000000000</id></m_parentExecId><m_categoryId type="Microsoft.VisualStudio.TestTools.Common.TestCategoryId"><id type="System.Guid">8c84fa94-04c1-424b-9868-57a2d4851a1d</id></m_categoryId><m_isTransparent type="System.Boolean">True</m_isTransparent></element><element type="Microsoft.VisualStudio.TestTools.Common.TestEntry"><m_testId type="Microsoft.VisualStudio.TestTools.Common.TestId"><id type="System.Guid">9628f18f-43e1-5072-3b1c-fb6380209ec9</id></m_testId><m_execId type="Microsoft.VisualStudio.TestTools.Common.TestExecId"><id type="System.Guid">9dcc31de-e8bf-4fed-9b7f-7d9309ca88fc</id></m_execId><m_parentExecId type="Microsoft.VisualStudio.TestTools.Common.TestExecId"><id type="System.Guid">00000000-0000-0000-0000-000000000000</id></m_parentExecId><m_categoryId type="Microsoft.VisualStudio.TestTools.Common.TestCategoryId"><id type="System.Guid">8c84fa94-04c1-424b-9868-57a2d4851a1d</id></m_categoryId><m_isTransparent type="System.Boolean">True</m_isTransparent></element><element type="Microsoft.VisualStudio.TestTools.Common.TestEntry"><m_testId type="Microsoft.VisualStudio.TestTools.Common.TestId"><id type="System.Guid">3bff7ea8-6619-697f-191d-ebff9307b25d</id></m_testId><m_execId type="Microsoft.VisualStudio.TestTools.Common.TestExecId"><id type="System.Guid">45092571-5c34-4684-ba2d-98d125a5526a</id></m_execId><m_parentExecId type="Microsoft.VisualStudio.TestTools.Common.TestExecId"><id type="System.Guid">00000000-0000-0000-0000-000000000000</id></m_parentExecId><m_categoryId type="Microsoft.VisualStudio.TestTools.Common.TestCategoryId"><id type="System.Guid">8c84fa94-04c1-424b-9868-57a2d4851a1d</id></m_categoryId><m_isTransparent type="System.Boolean">True</m_isTransparent></element><element type="Microsoft.VisualStudio.TestTools.Common.TestEntry"><m_testId type="Microsoft.VisualStudio.TestTools.Common.TestId"><id type="System.Guid">6365ea37-5d29-50b8-5ca1-5ac13c4708bb</id></m_testId><m_execId type="Microsoft.VisualStudio.TestTools.Common.TestExecId"><id type="System.Guid">69e242d7-8c3c-4fd4-bbb8-d07c6f6e0fe3</id></m_execId><m_parentExecId type="Microsoft.VisualStudio.TestTools.Common.TestExecId"><id type="System.Guid">00000000-0000-0000-0000-000000000000</id></m_parentExecId><m_categoryId type="Microsoft.VisualStudio.TestTools.Common.TestCategoryId"><id type="System.Guid">8c84fa94-04c1-424b-9868-57a2d4851a1d</id></m_categoryId><m_isTransparent type="System.Boolean">True</m_isTransparent></element><element type="Microsoft.VisualStudio.TestTools.Common.TestEntry"><m_testId type="Microsoft.VisualStudio.TestTools.Common.TestId"><id type="System.Guid">0e39395f-0780-39f6-a3dd-97d29c6b4c23</id></m_testId><m_execId type="Microsoft.VisualStudio.TestTools.Common.TestExecId"><id type="System.Guid">e145ca71-c211-4944-943a-a6ae64c0c3ab</id></m_execId><m_parentExecId type="Microsoft.VisualStudio.TestTools.Common.TestExecId"><id type="System.Guid">00000000-0000-0000-0000-000000000000</id></m_parentExecId><m_categoryId type="Microsoft.VisualStudio.TestTools.Common.TestCategoryId"><id type="System.Guid">8c84fa94-04c1-424b-9868-57a2d4851a1d</id></m_categoryId><m_isTransparent type="System.Boolean">True</m_isTransparent></element><element type="Microsoft.VisualStudio.TestTools.Common.TestEntry"><m_testId type="Microsoft.VisualStudio.TestTools.Common.TestId"><id type="System.Guid">b168aa96-62ed-625a-5fcd-1c992eaa4308</id></m_testId><m_execId type="Microsoft.VisualStudio.TestTools.Common.TestExecId"><id type="System.Guid">f4143ee9-06d9-4429-a051-a825d358fb1f</id></m_execId><m_parentExecId type="Microsoft.VisualStudio.TestTools.Common.TestExecId"><id type="System.Guid">00000000-0000-0000-0000-000000000000</id></m_parentExecId><m_categoryId type="Microsoft.VisualStudio.TestTools.Common.TestCategoryId"><id type="System.Guid">8c84fa94-04c1-424b-9868-57a2d4851a1d</id></m_categoryId><m_isTransparent type="System.Boolean">True</m_isTransparent></element><element type="Microsoft.VisualStudio.TestTools.Common.TestEntry"><m_testId type="Microsoft.VisualStudio.TestTools.Common.TestId"><id type="System.Guid">79cfbbe5-0bda-e19d-cacd-ef9466e1c37b</id></m_testId><m_execId type="Microsoft.VisualStudio.TestTools.Common.TestExecId"><id type="System.Guid">447a41c4-82d7-4a35-8a35-3f596446c8c1</id></m_execId><m_parentExecId type="Microsoft.VisualStudio.TestTools.Common.TestExecId"><id type="System.Guid">00000000-0000-0000-0000-000000000000</id></m_parentExecId><m_categoryId type="Microsoft.VisualStudio.TestTools.Common.TestCategoryId"><id type="System.Guid">8c84fa94-04c1-424b-9868-57a2d4851a1d</id></m_categoryId><m_isTransparent type="System.Boolean">True</m_isTransparent></element><element type="Microsoft.VisualStudio.TestTools.Common.TestEntry"><m_testId type="Microsoft.VisualStudio.TestTools.Common.TestId"><id type="System.Guid">587b87e5-013a-0507-8a80-f9d738119cca</id></m_testId><m_execId type="Microsoft.VisualStudio.TestTools.Common.TestExecId"><id type="System.Guid">62b48d8c-4166-4eda-a0d7-3b69530c3925</id></m_execId><m_parentExecId type="Microsoft.VisualStudio.TestTools.Common.TestExecId"><id type="System.Guid">00000000-0000-0000-0000-000000000000</id></m_parentExecId><m_categoryId type="Microsoft.VisualStudio.TestTools.Common.TestCategoryId"><id type="System.Guid">8c84fa94-04c1-424b-9868-57a2d4851a1d</id></m_categoryId><m_isTransparent type="System.Boolean">True</m_isTransparent></element><element type="Microsoft.VisualStudio.TestTools.Common.TestEntry"><m_testId type="Microsoft.VisualStudio.TestTools.Common.TestId"><id type="System.Guid">bfaf040f-e110-7f9b-3438-04fe179adb10</id></m_testId><m_execId type="Microsoft.VisualStudio.TestTools.Common.TestExecId"><id type="System.Guid">e6909515-af10-4d8c-90a2-60d588923b64</id></m_execId><m_parentExecId type="Microsoft.VisualStudio.TestTools.Common.TestExecId"><id type="System.Guid">00000000-0000-0000-0000-000000000000</id></m_parentExecId><m_categoryId type="Microsoft.VisualStudio.TestTools.Common.TestCategoryId"><id type="System.Guid">8c84fa94-04c1-424b-9868-57a2d4851a1d</id></m_categoryId><m_isTransparent type="System.Boolean">True</m_isTransparent></element><element type="Microsoft.VisualStudio.TestTools.Common.TestEntry"><m_testId type="Microsoft.VisualStudio.TestTools.Common.TestId"><id type="System.Guid">6708908b-3058-f534-0f14-1470d02c6785</id></m_testId><m_execId type="Microsoft.VisualStudio.TestTools.Common.TestExecId"><id type="System.Guid">3e3467b2-cfd5-49d8-bd22-650be13a7de2</id></m_execId><m_parentExecId type="Microsoft.VisualStudio.TestTools.Common.TestExecId"><id type="System.Guid">00000000-0000-0000-0000-000000000000</id></m_parentExecId><m_categoryId type="Microsoft.VisualStudio.TestTools.Common.TestCategoryId"><id type="System.Guid">8c84fa94-04c1-424b-9868-57a2d4851a1d</id></m_categoryId><m_isTransparent type="System.Boolean">True</m_isTransparent></element><element type="Microsoft.VisualStudio.TestTools.Common.TestEntry"><m_testId type="Microsoft.VisualStudio.TestTools.Common.TestId"><id type="System.Guid">df127347-acaa-6ff2-8971-3a8b3931bdd0</id></m_testId><m_execId type="Microsoft.VisualStudio.TestTools.Common.TestExecId"><id type="System.Guid">8504f7cb-c68a-40cc-8cb7-3054840ed196</id></m_execId><m_parentExecId type="Microsoft.VisualStudio.TestTools.Common.TestExecId"><id type="System.Guid">00000000-0000-0000-0000-000000000000</id></m_parentExecId><m_categoryId type="Microsoft.VisualStudio.TestTools.Common.TestCategoryId"><id type="System.Guid">8c84fa94-04c1-424b-9868-57a2d4851a1d</id></m_categoryId><m_isTransparent type="System.Boolean">True</m_isTransparent></element><element type="Microsoft.VisualStudio.TestTools.Common.TestEntry"><m_testId type="Microsoft.VisualStudio.TestTools.Common.TestId"><id type="System.Guid">928ab8dd-de1f-57b3-90b5-213f1defacdb</id></m_testId><m_execId type="Microsoft.VisualStudio.TestTools.Common.TestExecId"><id type="System.Guid">65fe93d3-e317-4465-a482-9b659e6f7394</id></m_execId><m_parentExecId type="Microsoft.VisualStudio.TestTools.Common.TestExecId"><id type="System.Guid">00000000-0000-0000-0000-000000000000</id></m_parentExecId><m_categoryId type="Microsoft.VisualStudio.TestTools.Common.TestCategoryId"><id type="System.Guid">8c84fa94-04c1-424b-9868-57a2d4851a1d</id></m_categoryId><m_isTransparent type="System.Boolean">True</m_isTransparent></element><element type="Microsoft.VisualStudio.TestTools.Common.TestEntry"><m_testId type="Microsoft.VisualStudio.TestTools.Common.TestId"><id type="System.Guid">179dd97c-a1b0-0996-44e6-2df937b5eda3</id></m_testId><m_execId type="Microsoft.VisualStudio.TestTools.Common.TestExecId"><id type="System.Guid">13e7691c-a5f0-4217-99fe-62cb5025903c</id></m_execId><m_parentExecId type="Microsoft.VisualStudio.TestTools.Common.TestExecId"><id type="System.Guid">00000000-0000-0000-0000-000000000000</id></m_parentExecId><m_categoryId type="Microsoft.VisualStudio.TestTools.Common.TestCategoryId"><id type="System.Guid">8c84fa94-04c1-424b-9868-57a2d4851a1d</id></m_categoryId><m_isTransparent type="System.Boolean">True</m_isTransparent></element><element type="Microsoft.VisualStudio.TestTools.Common.TestEntry"><m_testId type="Microsoft.VisualStudio.TestTools.Common.TestId"><id type="System.Guid">c8870ffe-9330-87df-54e6-9a1f7017c4c2</id></m_testId><m_execId type="Microsoft.VisualStudio.TestTools.Common.TestExecId"><id type="System.Guid">27bc2309-aebc-43e3-b62e-7cd245c7002f</id></m_execId><m_parentExecId type="Microsoft.VisualStudio.TestTools.Common.TestExecId"><id type="System.Guid">00000000-0000-0000-0000-000000000000</id></m_parentExecId><m_categoryId type="Microsoft.VisualStudio.TestTools.Common.TestCategoryId"><id type="System.Guid">8c84fa94-04c1-424b-9868-57a2d4851a1d</id></m_categoryId><m_isTransparent type="System.Boolean">True</m_isTransparent></element><element type="Microsoft.VisualStudio.TestTools.Common.TestEntry"><m_testId type="Microsoft.VisualStudio.TestTools.Common.TestId"><id type="System.Guid">30c45e4b-51ff-e0fc-4aca-6de014e5caf5</id></m_testId><m_execId type="Microsoft.VisualStudio.TestTools.Common.TestExecId"><id type="System.Guid">18ad352a-805b-44e5-b6f9-fbf88a13b455</id></m_execId><m_parentExecId type="Microsoft.VisualStudio.TestTools.Common.TestExecId"><id type="System.Guid">00000000-0000-0000-0000-000000000000</id></m_parentExecId><m_categoryId type="Microsoft.VisualStudio.TestTools.Common.TestCategoryId"><id type="System.Guid">8c84fa94-04c1-424b-9868-57a2d4851a1d</id></m_categoryId><m_isTransparent type="System.Boolean">True</m_isTransparent></element><element type="Microsoft.VisualStudio.TestTools.Common.TestEntry"><m_testId type="Microsoft.VisualStudio.TestTools.Common.TestId"><id type="System.Guid">6ad6e7ca-3b0b-adfe-aefb-9ad0ab6ce36f</id></m_testId><m_execId type="Microsoft.VisualStudio.TestTools.Common.TestExecId"><id type="System.Guid">6c00f0af-55ff-408f-a66f-cc298f8727c6</id></m_execId><m_parentExecId type="Microsoft.VisualStudio.TestTools.Common.TestExecId"><id type="System.Guid">00000000-0000-0000-0000-000000000000</id></m_parentExecId><m_categoryId type="Microsoft.VisualStudio.TestTools.Common.TestCategoryId"><id type="System.Guid">8c84fa94-04c1-424b-9868-57a2d4851a1d</id></m_categoryId><m_isTransparent type="System.Boolean">True</m_isTransparent></element><element type="Microsoft.VisualStudio.TestTools.Common.TestEntry"><m_testId type="Microsoft.VisualStudio.TestTools.Common.TestId"><id type="System.Guid">778edacd-01ee-6577-ffea-5ade98f716c0</id></m_testId><m_execId type="Microsoft.VisualStudio.TestTools.Common.TestExecId"><id type="System.Guid">26a97ac0-109f-4727-9ffe-51e29e999e75</id></m_execId><m_parentExecId type="Microsoft.VisualStudio.TestTools.Common.TestExecId"><id type="System.Guid">00000000-0000-0000-0000-000000000000</id></m_parentExecId><m_categoryId type="Microsoft.VisualStudio.TestTools.Common.TestCategoryId"><id type="System.Guid">8c84fa94-04c1-424b-9868-57a2d4851a1d</id></m_categoryId><m_isTransparent type="System.Boolean">True</m_isTransparent></element><element type="Microsoft.VisualStudio.TestTools.Common.TestEntry"><m_testId type="Microsoft.VisualStudio.TestTools.Common.TestId"><id type="System.Guid">35152d20-1c1a-9f37-70b1-aba76b88e0f3</id></m_testId><m_execId type="Microsoft.VisualStudio.TestTools.Common.TestExecId"><id type="System.Guid">e9319432-3a19-4d48-9f0f-281c3ef27b9e</id></m_execId><m_parentExecId type="Microsoft.VisualStudio.TestTools.Common.TestExecId"><id type="System.Guid">00000000-0000-0000-0000-000000000000</id></m_parentExecId><m_categoryId type="Microsoft.VisualStudio.TestTools.Common.TestCategoryId"><id type="System.Guid">8c84fa94-04c1-424b-9868-57a2d4851a1d</id></m_categoryId><m_isTransparent type="System.Boolean">True</m_isTransparent></element><element type="Microsoft.VisualStudio.TestTools.Common.TestEntry"><m_testId type="Microsoft.VisualStudio.TestTools.Common.TestId"><id type="System.Guid">da69150a-60d8-3f4f-6635-e349e4f74581</id></m_testId><m_execId type="Microsoft.VisualStudio.TestTools.Common.TestExecId"><id type="System.Guid">85990604-53bc-4836-8e3f-d83c6a894f47</id></m_execId><m_parentExecId type="Microsoft.VisualStudio.TestTools.Common.TestExecId"><id type="System.Guid">00000000-0000-0000-0000-000000000000</id></m_parentExecId><m_categoryId type="Microsoft.VisualStudio.TestTools.Common.TestCategoryId"><id type="System.Guid">8c84fa94-04c1-424b-9868-57a2d4851a1d</id></m_categoryId><m_isTransparent type="System.Boolean">True</m_isTransparent></element><element type="Microsoft.VisualStudio.TestTools.Common.TestEntry"><m_testId type="Microsoft.VisualStudio.TestTools.Common.TestId"><id type="System.Guid">f2ae42da-79de-2c11-45ba-300d4848f277</id></m_testId><m_execId type="Microsoft.VisualStudio.TestTools.Common.TestExecId"><id type="System.Guid">e3350b94-bb04-4d61-a0e2-f9c2f2853148</id></m_execId><m_parentExecId type="Microsoft.VisualStudio.TestTools.Common.TestExecId"><id type="System.Guid">00000000-0000-0000-0000-000000000000</id></m_parentExecId><m_categoryId type="Microsoft.VisualStudio.TestTools.Common.TestCategoryId"><id type="System.Guid">8c84fa94-04c1-424b-9868-57a2d4851a1d</id></m_categoryId><m_isTransparent type="System.Boolean">True</m_isTransparent></element><element type="Microsoft.VisualStudio.TestTools.Common.TestEntry"><m_testId type="Microsoft.VisualStudio.TestTools.Common.TestId"><id type="System.Guid">01414cf6-01ad-39e1-510c-7e25cdfead73</id></m_testId><m_execId type="Microsoft.VisualStudio.TestTools.Common.TestExecId"><id type="System.Guid">4c96d7ba-5884-4c00-a71c-68bf5f363bae</id></m_execId><m_parentExecId type="Microsoft.VisualStudio.TestTools.Common.TestExecId"><id type="System.Guid">00000000-0000-0000-0000-000000000000</id></m_parentExecId><m_categoryId type="Microsoft.VisualStudio.TestTools.Common.TestCategoryId"><id type="System.Guid">8c84fa94-04c1-424b-9868-57a2d4851a1d</id></m_categoryId><m_isTransparent type="System.Boolean">True</m_isTransparent></element><element type="Microsoft.VisualStudio.TestTools.Common.TestEntry"><m_testId type="Microsoft.VisualStudio.TestTools.Common.TestId"><id type="System.Guid">13bc5d17-c3c5-04d7-a922-03628cc9ae86</id></m_testId><m_execId type="Microsoft.VisualStudio.TestTools.Common.TestExecId"><id type="System.Guid">1d9a7f6e-808a-44ef-9880-771904932c7e</id></m_execId><m_parentExecId type="Microsoft.VisualStudio.TestTools.Common.TestExecId"><id type="System.Guid">00000000-0000-0000-0000-000000000000</id></m_parentExecId><m_categoryId type="Microsoft.VisualStudio.TestTools.Common.TestCategoryId"><id type="System.Guid">8c84fa94-04c1-424b-9868-57a2d4851a1d</id></m_categoryId><m_isTransparent type="System.Boolean">True</m_isTransparent></element><element type="Microsoft.VisualStudio.TestTools.Common.TestEntry"><m_testId type="Microsoft.VisualStudio.TestTools.Common.TestId"><id type="System.Guid">f6422b00-e98c-b324-ec77-b36981ce9851</id></m_testId><m_execId type="Microsoft.VisualStudio.TestTools.Common.TestExecId"><id type="System.Guid">d97185e5-6d4f-4e86-a6e9-4e718a137dc2</id></m_execId><m_parentExecId type="Microsoft.VisualStudio.TestTools.Common.TestExecId"><id type="System.Guid">00000000-0000-0000-0000-000000000000</id></m_parentExecId><m_categoryId type="Microsoft.VisualStudio.TestTools.Common.TestCategoryId"><id type="System.Guid">8c84fa94-04c1-424b-9868-57a2d4851a1d</id></m_categoryId><m_isTransparent type="System.Boolean">True</m_isTransparent></element><element type="Microsoft.VisualStudio.TestTools.Common.TestEntry"><m_testId type="Microsoft.VisualStudio.TestTools.Common.TestId"><id type="System.Guid">9c21e60e-d2de-8036-16bb-f62abf68495d</id></m_testId><m_execId type="Microsoft.VisualStudio.TestTools.Common.TestExecId"><id type="System.Guid">7c3ba2e8-d7e0-4129-a8a5-c91783538dea</id></m_execId><m_parentExecId type="Microsoft.VisualStudio.TestTools.Common.TestExecId"><id type="System.Guid">00000000-0000-0000-0000-000000000000</id></m_parentExecId><m_categoryId type="Microsoft.VisualStudio.TestTools.Common.TestCategoryId"><id type="System.Guid">8c84fa94-04c1-424b-9868-57a2d4851a1d</id></m_categoryId><m_isTransparent type="System.Boolean">True</m_isTransparent></element><element type="Microsoft.VisualStudio.TestTools.Common.TestEntry"><m_testId type="Microsoft.VisualStudio.TestTools.Common.TestId"><id type="System.Guid">57ecfa94-4c03-364d-66c1-e9e30b8880a3</id></m_testId><m_execId type="Microsoft.VisualStudio.TestTools.Common.TestExecId"><id type="System.Guid">416a53e4-1073-46ef-8703-d9d122fcaf98</id></m_execId><m_parentExecId type="Microsoft.VisualStudio.TestTools.Common.TestExecId"><id type="System.Guid">00000000-0000-0000-0000-000000000000</id></m_parentExecId><m_categoryId type="Microsoft.VisualStudio.TestTools.Common.TestCategoryId"><id type="System.Guid">8c84fa94-04c1-424b-9868-57a2d4851a1d</id></m_categoryId><m_isTransparent type="System.Boolean">True</m_isTransparent></element><element type="Microsoft.VisualStudio.TestTools.Common.TestEntry"><m_testId type="Microsoft.VisualStudio.TestTools.Common.TestId"><id type="System.Guid">8a30af6d-aac7-6402-9054-3535ae2c7eea</id></m_testId><m_execId type="Microsoft.VisualStudio.TestTools.Common.TestExecId"><id type="System.Guid">45229e5c-7af1-4b1f-a3e4-bd92d9c8117b</id></m_execId><m_parentExecId type="Microsoft.VisualStudio.TestTools.Common.TestExecId"><id type="System.Guid">00000000-0000-0000-0000-000000000000</id></m_parentExecId><m_categoryId type="Microsoft.VisualStudio.TestTools.Common.TestCategoryId"><id type="System.Guid">8c84fa94-04c1-424b-9868-57a2d4851a1d</id></m_categoryId><m_isTransparent type="System.Boolean">True</m_isTransparent></element><element type="Microsoft.VisualStudio.TestTools.Common.TestEntry"><m_testId type="Microsoft.VisualStudio.TestTools.Common.TestId"><id type="System.Guid">cca69b6a-08bb-cfad-35ee-7bedae2769f1</id></m_testId><m_execId type="Microsoft.VisualStudio.TestTools.Common.TestExecId"><id type="System.Guid">d4976786-e972-449a-8f16-756a9a79c5a1</id></m_execId><m_parentExecId type="Microsoft.VisualStudio.TestTools.Common.TestExecId"><id type="System.Guid">00000000-0000-0000-0000-000000000000</id></m_parentExecId><m_categoryId type="Microsoft.VisualStudio.TestTools.Common.TestCategoryId"><id type="System.Guid">8c84fa94-04c1-424b-9868-57a2d4851a1d</id></m_categoryId><m_isTransparent type="System.Boolean">True</m_isTransparent></element><element type="Microsoft.VisualStudio.TestTools.Common.TestEntry"><m_testId type="Microsoft.VisualStudio.TestTools.Common.TestId"><id type="System.Guid">fc5f6e35-5ed8-1974-9ccb-8c56074838c8</id></m_testId><m_execId type="Microsoft.VisualStudio.TestTools.Common.TestExecId"><id type="System.Guid">53707f3f-9464-46e9-94d4-8591260cc464</id></m_execId><m_parentExecId type="Microsoft.VisualStudio.TestTools.Common.TestExecId"><id type="System.Guid">00000000-0000-0000-0000-000000000000</id></m_parentExecId><m_categoryId type="Microsoft.VisualStudio.TestTools.Common.TestCategoryId"><id type="System.Guid">8c84fa94-04c1-424b-9868-57a2d4851a1d</id></m_categoryId><m_isTransparent type="System.Boolean">True</m_isTransparent></element><element type="Microsoft.VisualStudio.TestTools.Common.TestEntry"><m_testId type="Microsoft.VisualStudio.TestTools.Common.TestId"><id type="System.Guid">157a9f96-dcb8-8334-faff-33f1a22c0bfd</id></m_testId><m_execId type="Microsoft.VisualStudio.TestTools.Common.TestExecId"><id type="System.Guid">3479100f-5697-43d2-96d0-01372bb8d278</id></m_execId><m_parentExecId type="Microsoft.VisualStudio.TestTools.Common.TestExecId"><id type="System.Guid">00000000-0000-0000-0000-000000000000</id></m_parentExecId><m_categoryId type="Microsoft.VisualStudio.TestTools.Common.TestCategoryId"><id type="System.Guid">8c84fa94-04c1-424b-9868-57a2d4851a1d</id></m_categoryId><m_isTransparent type="System.Boolean">True</m_isTransparent></element><element type="Microsoft.VisualStudio.TestTools.Common.TestEntry"><m_testId type="Microsoft.VisualStudio.TestTools.Common.TestId"><id type="System.Guid">aff1434d-e307-99c6-0826-1086b8060092</id></m_testId><m_execId type="Microsoft.VisualStudio.TestTools.Common.TestExecId"><id type="System.Guid">77e85904-ad1c-48a6-90d8-0f5613070784</id></m_execId><m_parentExecId type="Microsoft.VisualStudio.TestTools.Common.TestExecId"><id type="System.Guid">00000000-0000-0000-0000-000000000000</id></m_parentExecId><m_categoryId type="Microsoft.VisualStudio.TestTools.Common.TestCategoryId"><id type="System.Guid">8c84fa94-04c1-424b-9868-57a2d4851a1d</id></m_categoryId><m_isTransparent type="System.Boolean">True</m_isTransparent></element><element type="Microsoft.VisualStudio.TestTools.Common.TestEntry"><m_testId type="Microsoft.VisualStudio.TestTools.Common.TestId"><id type="System.Guid">80fcbadc-74e6-09ec-8106-ceaadc4b1889</id></m_testId><m_execId type="Microsoft.VisualStudio.TestTools.Common.TestExecId"><id type="System.Guid">0c59c0e9-ab24-415e-a587-6c46aa797564</id></m_execId><m_parentExecId type="Microsoft.VisualStudio.TestTools.Common.TestExecId"><id type="System.Guid">00000000-0000-0000-0000-000000000000</id></m_parentExecId><m_categoryId type="Microsoft.VisualStudio.TestTools.Common.TestCategoryId"><id type="System.Guid">8c84fa94-04c1-424b-9868-57a2d4851a1d</id></m_categoryId><m_isTransparent type="System.Boolean">True</m_isTransparent></element><element type="Microsoft.VisualStudio.TestTools.Common.TestEntry"><m_testId type="Microsoft.VisualStudio.TestTools.Common.TestId"><id type="System.Guid">91daa3da-28c9-7af9-5fd4-37fec9ad8634</id></m_testId><m_execId type="Microsoft.VisualStudio.TestTools.Common.TestExecId"><id type="System.Guid">6b661c5e-eb44-4cee-8452-f636bb045dee</id></m_execId><m_parentExecId type="Microsoft.VisualStudio.TestTools.Common.TestExecId"><id type="System.Guid">00000000-0000-0000-0000-000000000000</id></m_parentExecId><m_categoryId type="Microsoft.VisualStudio.TestTools.Common.TestCategoryId"><id type="System.Guid">8c84fa94-04c1-424b-9868-57a2d4851a1d</id></m_categoryId><m_isTransparent type="System.Boolean">True</m_isTransparent></element><element type="Microsoft.VisualStudio.TestTools.Common.TestEntry"><m_testId type="Microsoft.VisualStudio.TestTools.Common.TestId"><id type="System.Guid">5882ea2d-fc2a-56da-6cb1-2e74bc8c2564</id></m_testId><m_execId type="Microsoft.VisualStudio.TestTools.Common.TestExecId"><id type="System.Guid">97e065fe-47c1-4af0-91b5-d47bfc87d0e0</id></m_execId><m_parentExecId type="Microsoft.VisualStudio.TestTools.Common.TestExecId"><id type="System.Guid">00000000-0000-0000-0000-000000000000</id></m_parentExecId><m_categoryId type="Microsoft.VisualStudio.TestTools.Common.TestCategoryId"><id type="System.Guid">8c84fa94-04c1-424b-9868-57a2d4851a1d</id></m_categoryId><m_isTransparent type="System.Boolean">True</m_isTransparent></element><element type="Microsoft.VisualStudio.TestTools.Common.TestEntry"><m_testId type="Microsoft.VisualStudio.TestTools.Common.TestId"><id type="System.Guid">9c05fbd0-bc77-0f6f-c095-a94f4c009dbc</id></m_testId><m_execId type="Microsoft.VisualStudio.TestTools.Common.TestExecId"><id type="System.Guid">002593df-8e19-4e9a-ac28-c25ddc736d82</id></m_execId><m_parentExecId type="Microsoft.VisualStudio.TestTools.Common.TestExecId"><id type="System.Guid">00000000-0000-0000-0000-000000000000</id></m_parentExecId><m_categoryId type="Microsoft.VisualStudio.TestTools.Common.TestCategoryId"><id type="System.Guid">8c84fa94-04c1-424b-9868-57a2d4851a1d</id></m_categoryId><m_isTransparent type="System.Boolean">True</m_isTransparent></element><element type="Microsoft.VisualStudio.TestTools.Common.TestEntry"><m_testId type="Microsoft.VisualStudio.TestTools.Common.TestId"><id type="System.Guid">011bda97-ebcd-0e3f-9953-c02a9738a793</id></m_testId><m_execId type="Microsoft.VisualStudio.TestTools.Common.TestExecId"><id type="System.Guid">8829cd87-dbef-497d-b30f-7a3758b07041</id></m_execId><m_parentExecId type="Microsoft.VisualStudio.TestTools.Common.TestExecId"><id type="System.Guid">00000000-0000-0000-0000-000000000000</id></m_parentExecId><m_categoryId type="Microsoft.VisualStudio.TestTools.Common.TestCategoryId"><id type="System.Guid">8c84fa94-04c1-424b-9868-57a2d4851a1d</id></m_categoryId><m_isTransparent type="System.Boolean">True</m_isTransparent></element><element type="Microsoft.VisualStudio.TestTools.Common.TestEntry"><m_testId type="Microsoft.VisualStudio.TestTools.Common.TestId"><id type="System.Guid">7916c59d-4984-bde8-cd08-26d6408fe646</id></m_testId><m_execId type="Microsoft.VisualStudio.TestTools.Common.TestExecId"><id type="System.Guid">c3f75254-d4ab-4e70-b6db-2694cca550ef</id></m_execId><m_parentExecId type="Microsoft.VisualStudio.TestTools.Common.TestExecId"><id type="System.Guid">00000000-0000-0000-0000-000000000000</id></m_parentExecId><m_categoryId type="Microsoft.VisualStudio.TestTools.Common.TestCategoryId"><id type="System.Guid">8c84fa94-04c1-424b-9868-57a2d4851a1d</id></m_categoryId><m_isTransparent type="System.Boolean">True</m_isTransparent></element><element type="Microsoft.VisualStudio.TestTools.Common.TestEntry"><m_testId type="Microsoft.VisualStudio.TestTools.Common.TestId"><id type="System.Guid">f4e7eeb6-df5f-9d63-fdbe-bc06b5617f04</id></m_testId><m_execId type="Microsoft.VisualStudio.TestTools.Common.TestExecId"><id type="System.Guid">7a06d441-46fa-43cb-9976-a602f7853446</id></m_execId><m_parentExecId type="Microsoft.VisualStudio.TestTools.Common.TestExecId"><id type="System.Guid">00000000-0000-0000-0000-000000000000</id></m_parentExecId><m_categoryId type="Microsoft.VisualStudio.TestTools.Common.TestCategoryId"><id type="System.Guid">8c84fa94-04c1-424b-9868-57a2d4851a1d</id></m_categoryId><m_isTransparent type="System.Boolean">True</m_isTransparent></element><element type="Microsoft.VisualStudio.TestTools.Common.TestEntry"><m_testId type="Microsoft.VisualStudio.TestTools.Common.TestId"><id type="System.Guid">d697b319-2767-4af8-89ff-3eb03df087c8</id></m_testId><m_execId type="Microsoft.VisualStudio.TestTools.Common.TestExecId"><id type="System.Guid">a25646dc-16da-4bec-8ebe-f8167c98ab25</id></m_execId><m_parentExecId type="Microsoft.VisualStudio.TestTools.Common.TestExecId"><id type="System.Guid">00000000-0000-0000-0000-000000000000</id></m_parentExecId><m_categoryId type="Microsoft.VisualStudio.TestTools.Common.TestCategoryId"><id type="System.Guid">8c84fa94-04c1-424b-9868-57a2d4851a1d</id></m_categoryId><m_isTransparent type="System.Boolean">True</m_isTransparent></element><element type="Microsoft.VisualStudio.TestTools.Common.TestEntry"><m_testId type="Microsoft.VisualStudio.TestTools.Common.TestId"><id type="System.Guid">717d050f-2571-ea8a-d61a-6632d6ea5d47</id></m_testId><m_execId type="Microsoft.VisualStudio.TestTools.Common.TestExecId"><id type="System.Guid">97b6ec18-2502-4474-8e2a-9b834d598fb4</id></m_execId><m_parentExecId type="Microsoft.VisualStudio.TestTools.Common.TestExecId"><id type="System.Guid">00000000-0000-0000-0000-000000000000</id></m_parentExecId><m_categoryId type="Microsoft.VisualStudio.TestTools.Common.TestCategoryId"><id type="System.Guid">8c84fa94-04c1-424b-9868-57a2d4851a1d</id></m_categoryId><m_isTransparent type="System.Boolean">True</m_isTransparent></element><element type="Microsoft.VisualStudio.TestTools.Common.TestEntry"><m_testId type="Microsoft.VisualStudio.TestTools.Common.TestId"><id type="System.Guid">19774334-dd94-641b-658c-8c3194aeb6ff</id></m_testId><m_execId type="Microsoft.VisualStudio.TestTools.Common.TestExecId"><id type="System.Guid">6a34ba04-cce5-43e4-8efc-e9a39b97d749</id></m_execId><m_parentExecId type="Microsoft.VisualStudio.TestTools.Common.TestExecId"><id type="System.Guid">00000000-0000-0000-0000-000000000000</id></m_parentExecId><m_categoryId type="Microsoft.VisualStudio.TestTools.Common.TestCategoryId"><id type="System.Guid">8c84fa94-04c1-424b-9868-57a2d4851a1d</id></m_categoryId><m_isTransparent type="System.Boolean">True</m_isTransparent></element><element type="Microsoft.VisualStudio.TestTools.Common.TestEntry"><m_testId type="Microsoft.VisualStudio.TestTools.Common.TestId"><id type="System.Guid">c4709664-fe7e-6005-c973-97ef69b5e5af</id></m_testId><m_execId type="Microsoft.VisualStudio.TestTools.Common.TestExecId"><id type="System.Guid">0062fbe3-f1db-4f4c-a417-e97711e9d3a1</id></m_execId><m_parentExecId type="Microsoft.VisualStudio.TestTools.Common.TestExecId"><id type="System.Guid">00000000-0000-0000-0000-000000000000</id></m_parentExecId><m_categoryId type="Microsoft.VisualStudio.TestTools.Common.TestCategoryId"><id type="System.Guid">8c84fa94-04c1-424b-9868-57a2d4851a1d</id></m_categoryId><m_isTransparent type="System.Boolean">True</m_isTransparent></element><element type="Microsoft.VisualStudio.TestTools.Common.TestEntry"><m_testId type="Microsoft.VisualStudio.TestTools.Common.TestId"><id type="System.Guid">8fcece5e-e3f5-7fc4-2ccf-3e9899f167cf</id></m_testId><m_execId type="Microsoft.VisualStudio.TestTools.Common.TestExecId"><id type="System.Guid">0bbd74b6-bad8-405f-a28d-33ffdd70e19b</id></m_execId><m_parentExecId type="Microsoft.VisualStudio.TestTools.Common.TestExecId"><id type="System.Guid">00000000-0000-0000-0000-000000000000</id></m_parentExecId><m_categoryId type="Microsoft.VisualStudio.TestTools.Common.TestCategoryId"><id type="System.Guid">8c84fa94-04c1-424b-9868-57a2d4851a1d</id></m_categoryId><m_isTransparent type="System.Boolean">True</m_isTransparent></element><element type="Microsoft.VisualStudio.TestTools.Common.TestEntry"><m_testId type="Microsoft.VisualStudio.TestTools.Common.TestId"><id type="System.Guid">aa8e44db-a930-8bcf-63c1-aa02b15bca0e</id></m_testId><m_execId type="Microsoft.VisualStudio.TestTools.Common.TestExecId"><id type="System.Guid">e8cd2010-ea6b-45d4-b61c-f851d59dfe32</id></m_execId><m_parentExecId type="Microsoft.VisualStudio.TestTools.Common.TestExecId"><id type="System.Guid">00000000-0000-0000-0000-000000000000</id></m_parentExecId><m_categoryId type="Microsoft.VisualStudio.TestTools.Common.TestCategoryId"><id type="System.Guid">8c84fa94-04c1-424b-9868-57a2d4851a1d</id></m_categoryId><m_isTransparent type="System.Boolean">True</m_isTransparent></element><element type="Microsoft.VisualStudio.TestTools.Common.TestEntry"><m_testId type="Microsoft.VisualStudio.TestTools.Common.TestId"><id type="System.Guid">3164ea8c-2358-7710-41f3-4ecf4e1c0e49</id></m_testId><m_execId type="Microsoft.VisualStudio.TestTools.Common.TestExecId"><id type="System.Guid">fad3d02e-68b4-4bf5-bcd8-c0d04bd35543</id></m_execId><m_parentExecId type="Microsoft.VisualStudio.TestTools.Common.TestExecId"><id type="System.Guid">00000000-0000-0000-0000-000000000000</id></m_parentExecId><m_categoryId type="Microsoft.VisualStudio.TestTools.Common.TestCategoryId"><id type="System.Guid">8c84fa94-04c1-424b-9868-57a2d4851a1d</id></m_categoryId><m_isTransparent type="System.Boolean">True</m_isTransparent></element><element type="Microsoft.VisualStudio.TestTools.Common.TestEntry"><m_testId type="Microsoft.VisualStudio.TestTools.Common.TestId"><id type="System.Guid">6ec53b5a-921a-ab7b-f9da-07d79dc63baf</id></m_testId><m_execId type="Microsoft.VisualStudio.TestTools.Common.TestExecId"><id type="System.Guid">481b0914-761d-4a61-9a26-513b1127cd4f</id></m_execId><m_parentExecId type="Microsoft.VisualStudio.TestTools.Common.TestExecId"><id type="System.Guid">00000000-0000-0000-0000-000000000000</id></m_parentExecId><m_categoryId type="Microsoft.VisualStudio.TestTools.Common.TestCategoryId"><id type="System.Guid">8c84fa94-04c1-424b-9868-57a2d4851a1d</id></m_categoryId><m_isTransparent type="System.Boolean">True</m_isTransparent></element><element type="Microsoft.VisualStudio.TestTools.Common.TestEntry"><m_testId type="Microsoft.VisualStudio.TestTools.Common.TestId"><id type="System.Guid">32c2f894-e0e3-cf90-83a4-52d34f3a8498</id></m_testId><m_execId type="Microsoft.VisualStudio.TestTools.Common.TestExecId"><id type="System.Guid">3abfbba8-9163-47bd-ae3d-9bbd69841268</id></m_execId><m_parentExecId type="Microsoft.VisualStudio.TestTools.Common.TestExecId"><id type="System.Guid">00000000-0000-0000-0000-000000000000</id></m_parentExecId><m_categoryId type="Microsoft.VisualStudio.TestTools.Common.TestCategoryId"><id type="System.Guid">8c84fa94-04c1-424b-9868-57a2d4851a1d</id></m_categoryId><m_isTransparent type="System.Boolean">True</m_isTransparent></element><element type="Microsoft.VisualStudio.TestTools.Common.TestEntry"><m_testId type="Microsoft.VisualStudio.TestTools.Common.TestId"><id type="System.Guid">acf96f21-a85e-db49-e5a8-a50df78caa75</id></m_testId><m_execId type="Microsoft.VisualStudio.TestTools.Common.TestExecId"><id type="System.Guid">64b53f1c-e8f7-4d6d-876f-76b6889f3a67</id></m_execId><m_parentExecId type="Microsoft.VisualStudio.TestTools.Common.TestExecId"><id type="System.Guid">00000000-0000-0000-0000-000000000000</id></m_parentExecId><m_categoryId type="Microsoft.VisualStudio.TestTools.Common.TestCategoryId"><id type="System.Guid">8c84fa94-04c1-424b-9868-57a2d4851a1d</id></m_categoryId><m_isTransparent type="System.Boolean">True</m_isTransparent></element><element type="Microsoft.VisualStudio.TestTools.Common.TestEntry"><m_testId type="Microsoft.VisualStudio.TestTools.Common.TestId"><id type="System.Guid">33ab654b-f31c-3388-9257-8f4df14c4360</id></m_testId><m_execId type="Microsoft.VisualStudio.TestTools.Common.TestExecId"><id type="System.Guid">898adc4e-a821-4269-a34d-362cb81bdd1f</id></m_execId><m_parentExecId type="Microsoft.VisualStudio.TestTools.Common.TestExecId"><id type="System.Guid">00000000-0000-0000-0000-000000000000</id></m_parentExecId><m_categoryId type="Microsoft.VisualStudio.TestTools.Common.TestCategoryId"><id type="System.Guid">8c84fa94-04c1-424b-9868-57a2d4851a1d</id></m_categoryId><m_isTransparent type="System.Boolean">True</m_isTransparent></element><element type="Microsoft.VisualStudio.TestTools.Common.TestEntry"><m_testId type="Microsoft.VisualStudio.TestTools.Common.TestId"><id type="System.Guid">6184684b-ac34-9afa-14c4-1ce99e701fde</id></m_testId><m_execId type="Microsoft.VisualStudio.TestTools.Common.TestExecId"><id type="System.Guid">863d1fff-c823-455a-8515-d067e6fcdcb8</id></m_execId><m_parentExecId type="Microsoft.VisualStudio.TestTools.Common.TestExecId"><id type="System.Guid">00000000-0000-0000-0000-000000000000</id></m_parentExecId><m_categoryId type="Microsoft.VisualStudio.TestTools.Common.TestCategoryId"><id type="System.Guid">8c84fa94-04c1-424b-9868-57a2d4851a1d</id></m_categoryId><m_isTransparent type="System.Boolean">True</m_isTransparent></element><element type="Microsoft.VisualStudio.TestTools.Common.TestEntry"><m_testId type="Microsoft.VisualStudio.TestTools.Common.TestId"><id type="System.Guid">39d6e67a-2d9a-31f7-5018-1ea4442499b2</id></m_testId><m_execId type="Microsoft.VisualStudio.TestTools.Common.TestExecId"><id type="System.Guid">d3a10070-363a-433c-9d6b-37993f8aeca7</id></m_execId><m_parentExecId type="Microsoft.VisualStudio.TestTools.Common.TestExecId"><id type="System.Guid">00000000-0000-0000-0000-000000000000</id></m_parentExecId><m_categoryId type="Microsoft.VisualStudio.TestTools.Common.TestCategoryId"><id type="System.Guid">8c84fa94-04c1-424b-9868-57a2d4851a1d</id></m_categoryId><m_isTransparent type="System.Boolean">True</m_isTransparent></element><element type="Microsoft.VisualStudio.TestTools.Common.TestEntry"><m_testId type="Microsoft.VisualStudio.TestTools.Common.TestId"><id type="System.Guid">0e220b55-1623-25fa-468c-a6cbf8cec0ea</id></m_testId><m_execId type="Microsoft.VisualStudio.TestTools.Common.TestExecId"><id type="System.Guid">5ec3e39e-5f72-4d43-8893-25705c1b7cd0</id></m_execId><m_parentExecId type="Microsoft.VisualStudio.TestTools.Common.TestExecId"><id type="System.Guid">00000000-0000-0000-0000-000000000000</id></m_parentExecId><m_categoryId type="Microsoft.VisualStudio.TestTools.Common.TestCategoryId"><id type="System.Guid">8c84fa94-04c1-424b-9868-57a2d4851a1d</id></m_categoryId><m_isTransparent type="System.Boolean">True</m_isTransparent></element><element type="Microsoft.VisualStudio.TestTools.Common.TestEntry"><m_testId type="Microsoft.VisualStudio.TestTools.Common.TestId"><id type="System.Guid">8567d575-666f-bb9b-0838-d16d786ca49f</id></m_testId><m_execId type="Microsoft.VisualStudio.TestTools.Common.TestExecId"><id type="System.Guid">b7a11332-d662-4d09-989d-de6d3e89067b</id></m_execId><m_parentExecId type="Microsoft.VisualStudio.TestTools.Common.TestExecId"><id type="System.Guid">00000000-0000-0000-0000-000000000000</id></m_parentExecId><m_categoryId type="Microsoft.VisualStudio.TestTools.Common.TestCategoryId"><id type="System.Guid">8c84fa94-04c1-424b-9868-57a2d4851a1d</id></m_categoryId><m_isTransparent type="System.Boolean">True</m_isTransparent></element><element type="Microsoft.VisualStudio.TestTools.Common.TestEntry"><m_testId type="Microsoft.VisualStudio.TestTools.Common.TestId"><id type="System.Guid">e50d7db4-3b92-17e1-0820-3ff4e1de1169</id></m_testId><m_execId type="Microsoft.VisualStudio.TestTools.Common.TestExecId"><id type="System.Guid">dbd1bb51-52ae-448b-b8c5-62cca3d4b6f6</id></m_execId><m_parentExecId type="Microsoft.VisualStudio.TestTools.Common.TestExecId"><id type="System.Guid">00000000-0000-0000-0000-000000000000</id></m_parentExecId><m_categoryId type="Microsoft.VisualStudio.TestTools.Common.TestCategoryId"><id type="System.Guid">8c84fa94-04c1-424b-9868-57a2d4851a1d</id></m_categoryId><m_isTransparent type="System.Boolean">True</m_isTransparent></element><element type="Microsoft.VisualStudio.TestTools.Common.TestEntry"><m_testId type="Microsoft.VisualStudio.TestTools.Common.TestId"><id type="System.Guid">0279adce-a3f8-3e26-5428-6d0ee255c061</id></m_testId><m_execId type="Microsoft.VisualStudio.TestTools.Common.TestExecId"><id type="System.Guid">cdd7d54b-135c-4e91-b8d8-d5f0ed4e0436</id></m_execId><m_parentExecId type="Microsoft.VisualStudio.TestTools.Common.TestExecId"><id type="System.Guid">00000000-0000-0000-0000-000000000000</id></m_parentExecId><m_categoryId type="Microsoft.VisualStudio.TestTools.Common.TestCategoryId"><id type="System.Guid">8c84fa94-04c1-424b-9868-57a2d4851a1d</id></m_categoryId><m_isTransparent type="System.Boolean">True</m_isTransparent></element><element type="Microsoft.VisualStudio.TestTools.Common.TestEntry"><m_testId type="Microsoft.VisualStudio.TestTools.Common.TestId"><id type="System.Guid">8e329b5d-f859-ea8d-ad62-210910e40524</id></m_testId><m_execId type="Microsoft.VisualStudio.TestTools.Common.TestExecId"><id type="System.Guid">0cb42bff-76a6-40ce-ad26-87548835a40d</id></m_execId><m_parentExecId type="Microsoft.VisualStudio.TestTools.Common.TestExecId"><id type="System.Guid">00000000-0000-0000-0000-000000000000</id></m_parentExecId><m_categoryId type="Microsoft.VisualStudio.TestTools.Common.TestCategoryId"><id type="System.Guid">8c84fa94-04c1-424b-9868-57a2d4851a1d</id></m_categoryId><m_isTransparent type="System.Boolean">True</m_isTransparent></element><element type="Microsoft.VisualStudio.TestTools.Common.TestEntry"><m_testId type="Microsoft.VisualStudio.TestTools.Common.TestId"><id type="System.Guid">bf484693-ee5b-4d3e-ffb0-2e3ea526d0e9</id></m_testId><m_execId type="Microsoft.VisualStudio.TestTools.Common.TestExecId"><id type="System.Guid">958f4eec-516c-40b8-a6bb-bdd67432dee2</id></m_execId><m_parentExecId type="Microsoft.VisualStudio.TestTools.Common.TestExecId"><id type="System.Guid">00000000-0000-0000-0000-000000000000</id></m_parentExecId><m_categoryId type="Microsoft.VisualStudio.TestTools.Common.TestCategoryId"><id type="System.Guid">8c84fa94-04c1-424b-9868-57a2d4851a1d</id></m_categoryId><m_isTransparent type="System.Boolean">True</m_isTransparent></element><element type="Microsoft.VisualStudio.TestTools.Common.TestEntry"><m_testId type="Microsoft.VisualStudio.TestTools.Common.TestId"><id type="System.Guid">d1948412-2385-38cd-1a2d-d77ce3430590</id></m_testId><m_execId type="Microsoft.VisualStudio.TestTools.Common.TestExecId"><id type="System.Guid">c08eb825-ea52-4b80-8b58-b2be18d8aaa6</id></m_execId><m_parentExecId type="Microsoft.VisualStudio.TestTools.Common.TestExecId"><id type="System.Guid">00000000-0000-0000-0000-000000000000</id></m_parentExecId><m_categoryId type="Microsoft.VisualStudio.TestTools.Common.TestCategoryId"><id type="System.Guid">8c84fa94-04c1-424b-9868-57a2d4851a1d</id></m_categoryId><m_isTransparent type="System.Boolean">True</m_isTransparent></element><element type="Microsoft.VisualStudio.TestTools.Common.TestEntry"><m_testId type="Microsoft.VisualStudio.TestTools.Common.TestId"><id type="System.Guid">3acadf46-bed2-1af1-82f5-0992a3fafc7b</id></m_testId><m_execId type="Microsoft.VisualStudio.TestTools.Common.TestExecId"><id type="System.Guid">613594ff-2539-4db4-b09a-135547d28388</id></m_execId><m_parentExecId type="Microsoft.VisualStudio.TestTools.Common.TestExecId"><id type="System.Guid">00000000-0000-0000-0000-000000000000</id></m_parentExecId><m_categoryId type="Microsoft.VisualStudio.TestTools.Common.TestCategoryId"><id type="System.Guid">8c84fa94-04c1-424b-9868-57a2d4851a1d</id></m_categoryId><m_isTransparent type="System.Boolean">True</m_isTransparent></element><element type="Microsoft.VisualStudio.TestTools.Common.TestEntry"><m_testId type="Microsoft.VisualStudio.TestTools.Common.TestId"><id type="System.Guid">9a2d3e53-9146-5c3c-dc46-cb5981e6d46e</id></m_testId><m_execId type="Microsoft.VisualStudio.TestTools.Common.TestExecId"><id type="System.Guid">5b64b892-d220-47bb-81d7-6ff352725088</id></m_execId><m_parentExecId type="Microsoft.VisualStudio.TestTools.Common.TestExecId"><id type="System.Guid">00000000-0000-0000-0000-000000000000</id></m_parentExecId><m_categoryId type="Microsoft.VisualStudio.TestTools.Common.TestCategoryId"><id type="System.Guid">8c84fa94-04c1-424b-9868-57a2d4851a1d</id></m_categoryId><m_isTransparent type="System.Boolean">True</m_isTransparent></element><element type="Microsoft.VisualStudio.TestTools.Common.TestEntry"><m_testId type="Microsoft.VisualStudio.TestTools.Common.TestId"><id type="System.Guid">668c73ef-958b-60aa-fae4-5c49837c5fac</id></m_testId><m_execId type="Microsoft.VisualStudio.TestTools.Common.TestExecId"><id type="System.Guid">e35c9e33-a26d-4c16-a104-a59633bd7d6d</id></m_execId><m_parentExecId type="Microsoft.VisualStudio.TestTools.Common.TestExecId"><id type="System.Guid">00000000-0000-0000-0000-000000000000</id></m_parentExecId><m_categoryId type="Microsoft.VisualStudio.TestTools.Common.TestCategoryId"><id type="System.Guid">8c84fa94-04c1-424b-9868-57a2d4851a1d</id></m_categoryId><m_isTransparent type="System.Boolean">True</m_isTransparent></element><element type="Microsoft.VisualStudio.TestTools.Common.TestEntry"><m_testId type="Microsoft.VisualStudio.TestTools.Common.TestId"><id type="System.Guid">02218a24-8bc2-ea4d-85e6-8366def54f8f</id></m_testId><m_execId type="Microsoft.VisualStudio.TestTools.Common.TestExecId"><id type="System.Guid">6ef426cd-308c-4e6a-baaf-178ec39a0f68</id></m_execId><m_parentExecId type="Microsoft.VisualStudio.TestTools.Common.TestExecId"><id type="System.Guid">00000000-0000-0000-0000-000000000000</id></m_parentExecId><m_categoryId type="Microsoft.VisualStudio.TestTools.Common.TestCategoryId"><id type="System.Guid">8c84fa94-04c1-424b-9868-57a2d4851a1d</id></m_categoryId><m_isTransparent type="System.Boolean">True</m_isTransparent></element><element type="Microsoft.VisualStudio.TestTools.Common.TestEntry"><m_testId type="Microsoft.VisualStudio.TestTools.Common.TestId"><id type="System.Guid">6121f546-19ac-b4b0-bfb7-3941ffe0ad96</id></m_testId><m_execId type="Microsoft.VisualStudio.TestTools.Common.TestExecId"><id type="System.Guid">53fed6ac-0a15-4fe4-a9da-7b92f9933aee</id></m_execId><m_parentExecId type="Microsoft.VisualStudio.TestTools.Common.TestExecId"><id type="System.Guid">00000000-0000-0000-0000-000000000000</id></m_parentExecId><m_categoryId type="Microsoft.VisualStudio.TestTools.Common.TestCategoryId"><id type="System.Guid">8c84fa94-04c1-424b-9868-57a2d4851a1d</id></m_categoryId><m_isTransparent type="System.Boolean">True</m_isTransparent></element><element type="Microsoft.VisualStudio.TestTools.Common.TestEntry"><m_testId type="Microsoft.VisualStudio.TestTools.Common.TestId"><id type="System.Guid">0a46866d-74c2-aea2-ee5a-a3a452495270</id></m_testId><m_execId type="Microsoft.VisualStudio.TestTools.Common.TestExecId"><id type="System.Guid">6e18e1f0-2ff3-45d7-b362-3d6659cfde84</id></m_execId><m_parentExecId type="Microsoft.VisualStudio.TestTools.Common.TestExecId"><id type="System.Guid">00000000-0000-0000-0000-000000000000</id></m_parentExecId><m_categoryId type="Microsoft.VisualStudio.TestTools.Common.TestCategoryId"><id type="System.Guid">8c84fa94-04c1-424b-9868-57a2d4851a1d</id></m_categoryId><m_isTransparent type="System.Boolean">True</m_isTransparent></element><element type="Microsoft.VisualStudio.TestTools.Common.TestEntry"><m_testId type="Microsoft.VisualStudio.TestTools.Common.TestId"><id type="System.Guid">51ead207-8cc9-729d-18f9-237bd455d945</id></m_testId><m_execId type="Microsoft.VisualStudio.TestTools.Common.TestExecId"><id type="System.Guid">db9515a8-53b9-440f-bef0-d7bc091f232e</id></m_execId><m_parentExecId type="Microsoft.VisualStudio.TestTools.Common.TestExecId"><id type="System.Guid">00000000-0000-0000-0000-000000000000</id></m_parentExecId><m_categoryId type="Microsoft.VisualStudio.TestTools.Common.TestCategoryId"><id type="System.Guid">8c84fa94-04c1-424b-9868-57a2d4851a1d</id></m_categoryId><m_isTransparent type="System.Boolean">True</m_isTransparent></element><element type="Microsoft.VisualStudio.TestTools.Common.TestEntry"><m_testId type="Microsoft.VisualStudio.TestTools.Common.TestId"><id type="System.Guid">311d10a5-725c-d729-092d-090baa3535a8</id></m_testId><m_execId type="Microsoft.VisualStudio.TestTools.Common.TestExecId"><id type="System.Guid">761472af-8223-4f61-bdc3-441b6c25833d</id></m_execId><m_parentExecId type="Microsoft.VisualStudio.TestTools.Common.TestExecId"><id type="System.Guid">00000000-0000-0000-0000-000000000000</id></m_parentExecId><m_categoryId type="Microsoft.VisualStudio.TestTools.Common.TestCategoryId"><id type="System.Guid">8c84fa94-04c1-424b-9868-57a2d4851a1d</id></m_categoryId><m_isTransparent type="System.Boolean">True</m_isTransparent></element><element type="Microsoft.VisualStudio.TestTools.Common.TestEntry"><m_testId type="Microsoft.VisualStudio.TestTools.Common.TestId"><id type="System.Guid">d104a305-3e0f-711a-be2d-868fb5e95f17</id></m_testId><m_execId type="Microsoft.VisualStudio.TestTools.Common.TestExecId"><id type="System.Guid">ccd53662-11f4-4feb-9f25-3e78f1d365b9</id></m_execId><m_parentExecId type="Microsoft.VisualStudio.TestTools.Common.TestExecId"><id type="System.Guid">00000000-0000-0000-0000-000000000000</id></m_parentExecId><m_categoryId type="Microsoft.VisualStudio.TestTools.Common.TestCategoryId"><id type="System.Guid">8c84fa94-04c1-424b-9868-57a2d4851a1d</id></m_categoryId><m_isTransparent type="System.Boolean">True</m_isTransparent></element><element type="Microsoft.VisualStudio.TestTools.Common.TestEntry"><m_testId type="Microsoft.VisualStudio.TestTools.Common.TestId"><id type="System.Guid">e957becf-ffcd-efca-398d-a469b433dce1</id></m_testId><m_execId type="Microsoft.VisualStudio.TestTools.Common.TestExecId"><id type="System.Guid">d94c0e1f-abac-4be1-9a45-ef91ae56a127</id></m_execId><m_parentExecId type="Microsoft.VisualStudio.TestTools.Common.TestExecId"><id type="System.Guid">00000000-0000-0000-0000-000000000000</id></m_parentExecId><m_categoryId type="Microsoft.VisualStudio.TestTools.Common.TestCategoryId"><id type="System.Guid">8c84fa94-04c1-424b-9868-57a2d4851a1d</id></m_categoryId><m_isTransparent type="System.Boolean">True</m_isTransparent></element><element type="Microsoft.VisualStudio.TestTools.Common.TestEntry"><m_testId type="Microsoft.VisualStudio.TestTools.Common.TestId"><id type="System.Guid">f57f24b9-19c5-77f1-1040-de24c3077fd2</id></m_testId><m_execId type="Microsoft.VisualStudio.TestTools.Common.TestExecId"><id type="System.Guid">c87b6919-28cf-4eef-b6f5-85137fb42d04</id></m_execId><m_parentExecId type="Microsoft.VisualStudio.TestTools.Common.TestExecId"><id type="System.Guid">00000000-0000-0000-0000-000000000000</id></m_parentExecId><m_categoryId type="Microsoft.VisualStudio.TestTools.Common.TestCategoryId"><id type="System.Guid">8c84fa94-04c1-424b-9868-57a2d4851a1d</id></m_categoryId><m_isTransparent type="System.Boolean">True</m_isTransparent></element><element type="Microsoft.VisualStudio.TestTools.Common.TestEntry"><m_testId type="Microsoft.VisualStudio.TestTools.Common.TestId"><id type="System.Guid">7f159457-06c8-21f4-2bce-9ce56e35e115</id></m_testId><m_execId type="Microsoft.VisualStudio.TestTools.Common.TestExecId"><id type="System.Guid">3bc560c3-7b15-4a26-9d85-a23a843991db</id></m_execId><m_parentExecId type="Microsoft.VisualStudio.TestTools.Common.TestExecId"><id type="System.Guid">00000000-0000-0000-0000-000000000000</id></m_parentExecId><m_categoryId type="Microsoft.VisualStudio.TestTools.Common.TestCategoryId"><id type="System.Guid">8c84fa94-04c1-424b-9868-57a2d4851a1d</id></m_categoryId><m_isTransparent type="System.Boolean">True</m_isTransparent></element><element type="Microsoft.VisualStudio.TestTools.Common.TestEntry"><m_testId type="Microsoft.VisualStudio.TestTools.Common.TestId"><id type="System.Guid">4bf3f74a-77d2-527d-b34e-a172257e7115</id></m_testId><m_execId type="Microsoft.VisualStudio.TestTools.Common.TestExecId"><id type="System.Guid">d1e0e1f5-8c6f-492b-8113-7717d32aa0f4</id></m_execId><m_parentExecId type="Microsoft.VisualStudio.TestTools.Common.TestExecId"><id type="System.Guid">00000000-0000-0000-0000-000000000000</id></m_parentExecId><m_categoryId type="Microsoft.VisualStudio.TestTools.Common.TestCategoryId"><id type="System.Guid">8c84fa94-04c1-424b-9868-57a2d4851a1d</id></m_categoryId><m_isTransparent type="System.Boolean">True</m_isTransparent></element><element type="Microsoft.VisualStudio.TestTools.Common.TestEntry"><m_testId type="Microsoft.VisualStudio.TestTools.Common.TestId"><id type="System.Guid">2d3e0192-de90-d6e5-ae98-ab2f1c059414</id></m_testId><m_execId type="Microsoft.VisualStudio.TestTools.Common.TestExecId"><id type="System.Guid">30b8a73b-3ee6-4631-8008-72c60536ef58</id></m_execId><m_parentExecId type="Microsoft.VisualStudio.TestTools.Common.TestExecId"><id type="System.Guid">00000000-0000-0000-0000-000000000000</id></m_parentExecId><m_categoryId type="Microsoft.VisualStudio.TestTools.Common.TestCategoryId"><id type="System.Guid">8c84fa94-04c1-424b-9868-57a2d4851a1d</id></m_categoryId><m_isTransparent type="System.Boolean">True</m_isTransparent></element><element type="Microsoft.VisualStudio.TestTools.Common.TestEntry"><m_testId type="Microsoft.VisualStudio.TestTools.Common.TestId"><id type="System.Guid">36ebd8ac-9776-68a7-391f-38b994294261</id></m_testId><m_execId type="Microsoft.VisualStudio.TestTools.Common.TestExecId"><id type="System.Guid">fed678bd-5ad5-4dac-8781-6615595aa950</id></m_execId><m_parentExecId type="Microsoft.VisualStudio.TestTools.Common.TestExecId"><id type="System.Guid">00000000-0000-0000-0000-000000000000</id></m_parentExecId><m_categoryId type="Microsoft.VisualStudio.TestTools.Common.TestCategoryId"><id type="System.Guid">8c84fa94-04c1-424b-9868-57a2d4851a1d</id></m_categoryId><m_isTransparent type="System.Boolean">True</m_isTransparent></element><element type="Microsoft.VisualStudio.TestTools.Common.TestEntry"><m_testId type="Microsoft.VisualStudio.TestTools.Common.TestId"><id type="System.Guid">dbcb25e8-f8ce-013e-abae-e6fe4ba5341b</id></m_testId><m_execId type="Microsoft.VisualStudio.TestTools.Common.TestExecId"><id type="System.Guid">eefd2364-42c2-4774-b3a4-f45c93512e99</id></m_execId><m_parentExecId type="Microsoft.VisualStudio.TestTools.Common.TestExecId"><id type="System.Guid">00000000-0000-0000-0000-000000000000</id></m_parentExecId><m_categoryId type="Microsoft.VisualStudio.TestTools.Common.TestCategoryId"><id type="System.Guid">8c84fa94-04c1-424b-9868-57a2d4851a1d</id></m_categoryId><m_isTransparent type="System.Boolean">True</m_isTransparent></element><element type="Microsoft.VisualStudio.TestTools.Common.TestEntry"><m_testId type="Microsoft.VisualStudio.TestTools.Common.TestId"><id type="System.Guid">d4124dc6-88ee-4f62-abeb-85c17f3ea058</id></m_testId><m_execId type="Microsoft.VisualStudio.TestTools.Common.TestExecId"><id type="System.Guid">4837e716-f69b-4a0f-87d6-8091a4a42ce8</id></m_execId><m_parentExecId type="Microsoft.VisualStudio.TestTools.Common.TestExecId"><id type="System.Guid">00000000-0000-0000-0000-000000000000</id></m_parentExecId><m_categoryId type="Microsoft.VisualStudio.TestTools.Common.TestCategoryId"><id type="System.Guid">8c84fa94-04c1-424b-9868-57a2d4851a1d</id></m_categoryId><m_isTransparent type="System.Boolean">True</m_isTransparent></element><element type="Microsoft.VisualStudio.TestTools.Common.TestEntry"><m_testId type="Microsoft.VisualStudio.TestTools.Common.TestId"><id type="System.Guid">84c83d3a-0d73-ed7b-4412-f2084cf2e4cd</id></m_testId><m_execId type="Microsoft.VisualStudio.TestTools.Common.TestExecId"><id type="System.Guid">3b97b7d1-4fdb-4682-bdb0-0aa87db2ac75</id></m_execId><m_parentExecId type="Microsoft.VisualStudio.TestTools.Common.TestExecId"><id type="System.Guid">00000000-0000-0000-0000-000000000000</id></m_parentExecId><m_categoryId type="Microsoft.VisualStudio.TestTools.Common.TestCategoryId"><id type="System.Guid">8c84fa94-04c1-424b-9868-57a2d4851a1d</id></m_categoryId><m_isTransparent type="System.Boolean">True</m_isTransparent></element><element type="Microsoft.VisualStudio.TestTools.Common.TestEntry"><m_testId type="Microsoft.VisualStudio.TestTools.Common.TestId"><id type="System.Guid">190d6acf-608f-757a-6761-1b06ef0b7b82</id></m_testId><m_execId type="Microsoft.VisualStudio.TestTools.Common.TestExecId"><id type="System.Guid">2f3c6762-7395-4f8c-9f02-287d32341073</id></m_execId><m_parentExecId type="Microsoft.VisualStudio.TestTools.Common.TestExecId"><id type="System.Guid">00000000-0000-0000-0000-000000000000</id></m_parentExecId><m_categoryId type="Microsoft.VisualStudio.TestTools.Common.TestCategoryId"><id type="System.Guid">8c84fa94-04c1-424b-9868-57a2d4851a1d</id></m_categoryId><m_isTransparent type="System.Boolean">True</m_isTransparent></element><element type="Microsoft.VisualStudio.TestTools.Common.TestEntry"><m_testId type="Microsoft.VisualStudio.TestTools.Common.TestId"><id type="System.Guid">5aadb34f-b728-2ce9-2596-321fc0e06010</id></m_testId><m_execId type="Microsoft.VisualStudio.TestTools.Common.TestExecId"><id type="System.Guid">f18b01db-cf38-4a11-98b3-514e361ca748</id></m_execId><m_parentExecId type="Microsoft.VisualStudio.TestTools.Common.TestExecId"><id type="System.Guid">00000000-0000-0000-0000-000000000000</id></m_parentExecId><m_categoryId type="Microsoft.VisualStudio.TestTools.Common.TestCategoryId"><id type="System.Guid">8c84fa94-04c1-424b-9868-57a2d4851a1d</id></m_categoryId><m_isTransparent type="System.Boolean">True</m_isTransparent></element><element type="Microsoft.VisualStudio.TestTools.Common.TestEntry"><m_testId type="Microsoft.VisualStudio.TestTools.Common.TestId"><id type="System.Guid">b17bb708-74f0-6b1b-47e5-2c14d809539c</id></m_testId><m_execId type="Microsoft.VisualStudio.TestTools.Common.TestExecId"><id type="System.Guid">05317b1b-76d2-4fc4-a4b7-0a672833da38</id></m_execId><m_parentExecId type="Microsoft.VisualStudio.TestTools.Common.TestExecId"><id type="System.Guid">00000000-0000-0000-0000-000000000000</id></m_parentExecId><m_categoryId type="Microsoft.VisualStudio.TestTools.Common.TestCategoryId"><id type="System.Guid">8c84fa94-04c1-424b-9868-57a2d4851a1d</id></m_categoryId><m_isTransparent type="System.Boolean">True</m_isTransparent></element><element type="Microsoft.VisualStudio.TestTools.Common.TestEntry"><m_testId type="Microsoft.VisualStudio.TestTools.Common.TestId"><id type="System.Guid">9fe4eb2e-d104-b704-29bd-1e6baf579a8a</id></m_testId><m_execId type="Microsoft.VisualStudio.TestTools.Common.TestExecId"><id type="System.Guid">0d056ee2-8823-4cca-9793-6178c35cb278</id></m_execId><m_parentExecId type="Microsoft.VisualStudio.TestTools.Common.TestExecId"><id type="System.Guid">00000000-0000-0000-0000-000000000000</id></m_parentExecId><m_categoryId type="Microsoft.VisualStudio.TestTools.Common.TestCategoryId"><id type="System.Guid">8c84fa94-04c1-424b-9868-57a2d4851a1d</id></m_categoryId><m_isTransparent type="System.Boolean">True</m_isTransparent></element><element type="Microsoft.VisualStudio.TestTools.Common.TestEntry"><m_testId type="Microsoft.VisualStudio.TestTools.Common.TestId"><id type="System.Guid">699b971e-861b-dd5d-8464-d7cbe7955470</id></m_testId><m_execId type="Microsoft.VisualStudio.TestTools.Common.TestExecId"><id type="System.Guid">d7e8c776-1a03-4bdf-95e9-8789dbf13d33</id></m_execId><m_parentExecId type="Microsoft.VisualStudio.TestTools.Common.TestExecId"><id type="System.Guid">00000000-0000-0000-0000-000000000000</id></m_parentExecId><m_categoryId type="Microsoft.VisualStudio.TestTools.Common.TestCategoryId"><id type="System.Guid">8c84fa94-04c1-424b-9868-57a2d4851a1d</id></m_categoryId><m_isTransparent type="System.Boolean">True</m_isTransparent></element><element type="Microsoft.VisualStudio.TestTools.Common.TestEntry"><m_testId type="Microsoft.VisualStudio.TestTools.Common.TestId"><id type="System.Guid">2fdb9be2-cee2-1915-068b-be0111e03fce</id></m_testId><m_execId type="Microsoft.VisualStudio.TestTools.Common.TestExecId"><id type="System.Guid">9ca3fb4f-4de7-4861-9ca5-7dd62c8b303a</id></m_execId><m_parentExecId type="Microsoft.VisualStudio.TestTools.Common.TestExecId"><id type="System.Guid">00000000-0000-0000-0000-000000000000</id></m_parentExecId><m_categoryId type="Microsoft.VisualStudio.TestTools.Common.TestCategoryId"><id type="System.Guid">8c84fa94-04c1-424b-9868-57a2d4851a1d</id></m_categoryId><m_isTransparent type="System.Boolean">True</m_isTransparent></element><element type="Microsoft.VisualStudio.TestTools.Common.TestEntry"><m_testId type="Microsoft.VisualStudio.TestTools.Common.TestId"><id type="System.Guid">b2f56e81-a248-3794-a9a2-d74a9c497c40</id></m_testId><m_execId type="Microsoft.VisualStudio.TestTools.Common.TestExecId"><id type="System.Guid">2167dc62-10b3-4b70-9925-bcfe5012ec6a</id></m_execId><m_parentExecId type="Microsoft.VisualStudio.TestTools.Common.TestExecId"><id type="System.Guid">00000000-0000-0000-0000-000000000000</id></m_parentExecId><m_categoryId type="Microsoft.VisualStudio.TestTools.Common.TestCategoryId"><id type="System.Guid">8c84fa94-04c1-424b-9868-57a2d4851a1d</id></m_categoryId><m_isTransparent type="System.Boolean">True</m_isTransparent></element><element type="Microsoft.VisualStudio.TestTools.Common.TestEntry"><m_testId type="Microsoft.VisualStudio.TestTools.Common.TestId"><id type="System.Guid">3f56505f-614c-061a-dbe9-81d4a0264e8b</id></m_testId><m_execId type="Microsoft.VisualStudio.TestTools.Common.TestExecId"><id type="System.Guid">74bcf18a-89f4-4a38-b39f-58d38b7716c3</id></m_execId><m_parentExecId type="Microsoft.VisualStudio.TestTools.Common.TestExecId"><id type="System.Guid">00000000-0000-0000-0000-000000000000</id></m_parentExecId><m_categoryId type="Microsoft.VisualStudio.TestTools.Common.TestCategoryId"><id type="System.Guid">8c84fa94-04c1-424b-9868-57a2d4851a1d</id></m_categoryId><m_isTransparent type="System.Boolean">True</m_isTransparent></element><element type="Microsoft.VisualStudio.TestTools.Common.TestEntry"><m_testId type="Microsoft.VisualStudio.TestTools.Common.TestId"><id type="System.Guid">f0139c03-ccf4-315c-2a0c-75331c14f654</id></m_testId><m_execId type="Microsoft.VisualStudio.TestTools.Common.TestExecId"><id type="System.Guid">05ea774e-37e2-45b9-af8c-1f884d119804</id></m_execId><m_parentExecId type="Microsoft.VisualStudio.TestTools.Common.TestExecId"><id type="System.Guid">00000000-0000-0000-0000-000000000000</id></m_parentExecId><m_categoryId type="Microsoft.VisualStudio.TestTools.Common.TestCategoryId"><id type="System.Guid">8c84fa94-04c1-424b-9868-57a2d4851a1d</id></m_categoryId><m_isTransparent type="System.Boolean">True</m_isTransparent></element><element type="Microsoft.VisualStudio.TestTools.Common.TestEntry"><m_testId type="Microsoft.VisualStudio.TestTools.Common.TestId"><id type="System.Guid">024f90f2-db66-7d0f-65a2-a7e7f450d0d6</id></m_testId><m_execId type="Microsoft.VisualStudio.TestTools.Common.TestExecId"><id type="System.Guid">718c0a08-996f-42c5-9fa1-c386f7e97f71</id></m_execId><m_parentExecId type="Microsoft.VisualStudio.TestTools.Common.TestExecId"><id type="System.Guid">00000000-0000-0000-0000-000000000000</id></m_parentExecId><m_categoryId type="Microsoft.VisualStudio.TestTools.Common.TestCategoryId"><id type="System.Guid">8c84fa94-04c1-424b-9868-57a2d4851a1d</id></m_categoryId><m_isTransparent type="System.Boolean">True</m_isTransparent></element><element type="Microsoft.VisualStudio.TestTools.Common.TestEntry"><m_testId type="Microsoft.VisualStudio.TestTools.Common.TestId"><id type="System.Guid">7bdfaff0-9345-fb81-7a07-d92e8e7f91a5</id></m_testId><m_execId type="Microsoft.VisualStudio.TestTools.Common.TestExecId"><id type="System.Guid">f6356cc0-0a6b-47b2-927e-2d860fdde3a9</id></m_execId><m_parentExecId type="Microsoft.VisualStudio.TestTools.Common.TestExecId"><id type="System.Guid">00000000-0000-0000-0000-000000000000</id></m_parentExecId><m_categoryId type="Microsoft.VisualStudio.TestTools.Common.TestCategoryId"><id type="System.Guid">8c84fa94-04c1-424b-9868-57a2d4851a1d</id></m_categoryId><m_isTransparent type="System.Boolean">True</m_isTransparent></element><element type="Microsoft.VisualStudio.TestTools.Common.TestEntry"><m_testId type="Microsoft.VisualStudio.TestTools.Common.TestId"><id type="System.Guid">16193e01-7037-ba77-2c53-145c7e3d3c28</id></m_testId><m_execId type="Microsoft.VisualStudio.TestTools.Common.TestExecId"><id type="System.Guid">bb1514dd-3f78-49b9-8813-90cddc906796</id></m_execId><m_parentExecId type="Microsoft.VisualStudio.TestTools.Common.TestExecId"><id type="System.Guid">00000000-0000-0000-0000-000000000000</id></m_parentExecId><m_categoryId type="Microsoft.VisualStudio.TestTools.Common.TestCategoryId"><id type="System.Guid">8c84fa94-04c1-424b-9868-57a2d4851a1d</id></m_categoryId><m_isTransparent type="System.Boolean">True</m_isTransparent></element><element type="Microsoft.VisualStudio.TestTools.Common.TestEntry"><m_testId type="Microsoft.VisualStudio.TestTools.Common.TestId"><id type="System.Guid">91c630ad-7f00-6495-0fad-06c3622cf1e4</id></m_testId><m_execId type="Microsoft.VisualStudio.TestTools.Common.TestExecId"><id type="System.Guid">23edecf9-f551-475b-a32a-fb2f6ab4aa14</id></m_execId><m_parentExecId type="Microsoft.VisualStudio.TestTools.Common.TestExecId"><id type="System.Guid">00000000-0000-0000-0000-000000000000</id></m_parentExecId><m_categoryId type="Microsoft.VisualStudio.TestTools.Common.TestCategoryId"><id type="System.Guid">8c84fa94-04c1-424b-9868-57a2d4851a1d</id></m_categoryId><m_isTransparent type="System.Boolean">True</m_isTransparent></element><element type="Microsoft.VisualStudio.TestTools.Common.TestEntry"><m_testId type="Microsoft.VisualStudio.TestTools.Common.TestId"><id type="System.Guid">b922b997-2523-502f-376b-2d4238193760</id></m_testId><m_execId type="Microsoft.VisualStudio.TestTools.Common.TestExecId"><id type="System.Guid">9880b1dc-5d79-4f33-9b53-b02ac14bd378</id></m_execId><m_parentExecId type="Microsoft.VisualStudio.TestTools.Common.TestExecId"><id type="System.Guid">00000000-0000-0000-0000-000000000000</id></m_parentExecId><m_categoryId type="Microsoft.VisualStudio.TestTools.Common.TestCategoryId"><id type="System.Guid">8c84fa94-04c1-424b-9868-57a2d4851a1d</id></m_categoryId><m_isTransparent type="System.Boolean">True</m_isTransparent></element><element type="Microsoft.VisualStudio.TestTools.Common.TestEntry"><m_testId type="Microsoft.VisualStudio.TestTools.Common.TestId"><id type="System.Guid">5bae916d-1191-e528-6496-1e8ff72f61bc</id></m_testId><m_execId type="Microsoft.VisualStudio.TestTools.Common.TestExecId"><id type="System.Guid">23834f15-b4a4-4d81-9c45-dc395006de09</id></m_execId><m_parentExecId type="Microsoft.VisualStudio.TestTools.Common.TestExecId"><id type="System.Guid">00000000-0000-0000-0000-000000000000</id></m_parentExecId><m_categoryId type="Microsoft.VisualStudio.TestTools.Common.TestCategoryId"><id type="System.Guid">8c84fa94-04c1-424b-9868-57a2d4851a1d</id></m_categoryId><m_isTransparent type="System.Boolean">True</m_isTransparent></element><element type="Microsoft.VisualStudio.TestTools.Common.TestEntry"><m_testId type="Microsoft.VisualStudio.TestTools.Common.TestId"><id type="System.Guid">b5594375-8fa3-4fec-e3cf-ed9099264951</id></m_testId><m_execId type="Microsoft.VisualStudio.TestTools.Common.TestExecId"><id type="System.Guid">4d9c4fdb-ce36-4341-a576-5ff52908b7dd</id></m_execId><m_parentExecId type="Microsoft.VisualStudio.TestTools.Common.TestExecId"><id type="System.Guid">00000000-0000-0000-0000-000000000000</id></m_parentExecId><m_categoryId type="Microsoft.VisualStudio.TestTools.Common.TestCategoryId"><id type="System.Guid">8c84fa94-04c1-424b-9868-57a2d4851a1d</id></m_categoryId><m_isTransparent type="System.Boolean">True</m_isTransparent></element><element type="Microsoft.VisualStudio.TestTools.Common.TestEntry"><m_testId type="Microsoft.VisualStudio.TestTools.Common.TestId"><id type="System.Guid">a0bc831e-0f29-968e-4451-1ccc63107960</id></m_testId><m_execId type="Microsoft.VisualStudio.TestTools.Common.TestExecId"><id type="System.Guid">0942f394-4559-4b2e-bead-7d8be925e5a2</id></m_execId><m_parentExecId type="Microsoft.VisualStudio.TestTools.Common.TestExecId"><id type="System.Guid">00000000-0000-0000-0000-000000000000</id></m_parentExecId><m_categoryId type="Microsoft.VisualStudio.TestTools.Common.TestCategoryId"><id type="System.Guid">8c84fa94-04c1-424b-9868-57a2d4851a1d</id></m_categoryId><m_isTransparent type="System.Boolean">True</m_isTransparent></element><element type="Microsoft.VisualStudio.TestTools.Common.TestEntry"><m_testId type="Microsoft.VisualStudio.TestTools.Common.TestId"><id type="System.Guid">2b161261-807b-f0ea-23d3-90395367cf10</id></m_testId><m_execId type="Microsoft.VisualStudio.TestTools.Common.TestExecId"><id type="System.Guid">34ef0fde-1be7-43cc-bce6-aeafa2728854</id></m_execId><m_parentExecId type="Microsoft.VisualStudio.TestTools.Common.TestExecId"><id type="System.Guid">00000000-0000-0000-0000-000000000000</id></m_parentExecId><m_categoryId type="Microsoft.VisualStudio.TestTools.Common.TestCategoryId"><id type="System.Guid">8c84fa94-04c1-424b-9868-57a2d4851a1d</id></m_categoryId><m_isTransparent type="System.Boolean">True</m_isTransparent></element><element type="Microsoft.VisualStudio.TestTools.Common.TestEntry"><m_testId type="Microsoft.VisualStudio.TestTools.Common.TestId"><id type="System.Guid">9d510392-21b8-6b52-6214-2032856c4a75</id></m_testId><m_execId type="Microsoft.VisualStudio.TestTools.Common.TestExecId"><id type="System.Guid">ac5f2072-f544-4103-b1e0-e5d3756793ee</id></m_execId><m_parentExecId type="Microsoft.VisualStudio.TestTools.Common.TestExecId"><id type="System.Guid">00000000-0000-0000-0000-000000000000</id></m_parentExecId><m_categoryId type="Microsoft.VisualStudio.TestTools.Common.TestCategoryId"><id type="System.Guid">8c84fa94-04c1-424b-9868-57a2d4851a1d</id></m_categoryId><m_isTransparent type="System.Boolean">True</m_isTransparent></element><element type="Microsoft.VisualStudio.TestTools.Common.TestEntry"><m_testId type="Microsoft.VisualStudio.TestTools.Common.TestId"><id type="System.Guid">6052c3ce-b1de-2dbe-8e36-66c4ff2f9973</id></m_testId><m_execId type="Microsoft.VisualStudio.TestTools.Common.TestExecId"><id type="System.Guid">fcd8dfcf-6ebd-4cc4-9028-36a950927913</id></m_execId><m_parentExecId type="Microsoft.VisualStudio.TestTools.Common.TestExecId"><id type="System.Guid">00000000-0000-0000-0000-000000000000</id></m_parentExecId><m_categoryId type="Microsoft.VisualStudio.TestTools.Common.TestCategoryId"><id type="System.Guid">8c84fa94-04c1-424b-9868-57a2d4851a1d</id></m_categoryId><m_isTransparent type="System.Boolean">True</m_isTransparent></element><element type="Microsoft.VisualStudio.TestTools.Common.TestEntry"><m_testId type="Microsoft.VisualStudio.TestTools.Common.TestId"><id type="System.Guid">a40bd365-9323-01e0-bf43-5a99da16e24b</id></m_testId><m_execId type="Microsoft.VisualStudio.TestTools.Common.TestExecId"><id type="System.Guid">266f3f3d-200f-427a-960b-e138a062d544</id></m_execId><m_parentExecId type="Microsoft.VisualStudio.TestTools.Common.TestExecId"><id type="System.Guid">00000000-0000-0000-0000-000000000000</id></m_parentExecId><m_categoryId type="Microsoft.VisualStudio.TestTools.Common.TestCategoryId"><id type="System.Guid">8c84fa94-04c1-424b-9868-57a2d4851a1d</id></m_categoryId><m_isTransparent type="System.Boolean">True</m_isTransparent></element><element type="Microsoft.VisualStudio.TestTools.Common.TestEntry"><m_testId type="Microsoft.VisualStudio.TestTools.Common.TestId"><id type="System.Guid">51df9fe3-81a5-f25f-0029-36148e21e87c</id></m_testId><m_execId type="Microsoft.VisualStudio.TestTools.Common.TestExecId"><id type="System.Guid">a40a03fe-32d7-456e-a327-8f92ea177470</id></m_execId><m_parentExecId type="Microsoft.VisualStudio.TestTools.Common.TestExecId"><id type="System.Guid">00000000-0000-0000-0000-000000000000</id></m_parentExecId><m_categoryId type="Microsoft.VisualStudio.TestTools.Common.TestCategoryId"><id type="System.Guid">8c84fa94-04c1-424b-9868-57a2d4851a1d</id></m_categoryId><m_isTransparent type="System.Boolean">True</m_isTransparent></element><element type="Microsoft.VisualStudio.TestTools.Common.TestEntry"><m_testId type="Microsoft.VisualStudio.TestTools.Common.TestId"><id type="System.Guid">29fa1704-45a4-d9cb-c96d-2d4c3fb3a920</id></m_testId><m_execId type="Microsoft.VisualStudio.TestTools.Common.TestExecId"><id type="System.Guid">949bfc9d-77dc-4c4c-9582-2aea5da1cf74</id></m_execId><m_parentExecId type="Microsoft.VisualStudio.TestTools.Common.TestExecId"><id type="System.Guid">00000000-0000-0000-0000-000000000000</id></m_parentExecId><m_categoryId type="Microsoft.VisualStudio.TestTools.Common.TestCategoryId"><id type="System.Guid">8c84fa94-04c1-424b-9868-57a2d4851a1d</id></m_categoryId><m_isTransparent type="System.Boolean">True</m_isTransparent></element><element type="Microsoft.VisualStudio.TestTools.Common.TestEntry"><m_testId type="Microsoft.VisualStudio.TestTools.Common.TestId"><id type="System.Guid">d4411770-9ef0-43df-2852-d5ceb2744505</id></m_testId><m_execId type="Microsoft.VisualStudio.TestTools.Common.TestExecId"><id type="System.Guid">84b29b4d-bf32-4a7b-88d3-23023d290904</id></m_execId><m_parentExecId type="Microsoft.VisualStudio.TestTools.Common.TestExecId"><id type="System.Guid">00000000-0000-0000-0000-000000000000</id></m_parentExecId><m_categoryId type="Microsoft.VisualStudio.TestTools.Common.TestCategoryId"><id type="System.Guid">8c84fa94-04c1-424b-9868-57a2d4851a1d</id></m_categoryId><m_isTransparent type="System.Boolean">True</m_isTransparent></element><element type="Microsoft.VisualStudio.TestTools.Common.TestEntry"><m_testId type="Microsoft.VisualStudio.TestTools.Common.TestId"><id type="System.Guid">53128c28-c2dc-6f66-7276-dfacb0b7824e</id></m_testId><m_execId type="Microsoft.VisualStudio.TestTools.Common.TestExecId"><id type="System.Guid">0bd78ffd-df9e-4126-b6e3-389782a22162</id></m_execId><m_parentExecId type="Microsoft.VisualStudio.TestTools.Common.TestExecId"><id type="System.Guid">00000000-0000-0000-0000-000000000000</id></m_parentExecId><m_categoryId type="Microsoft.VisualStudio.TestTools.Common.TestCategoryId"><id type="System.Guid">8c84fa94-04c1-424b-9868-57a2d4851a1d</id></m_categoryId><m_isTransparent type="System.Boolean">True</m_isTransparent></element><element type="Microsoft.VisualStudio.TestTools.Common.TestEntry"><m_testId type="Microsoft.VisualStudio.TestTools.Common.TestId"><id type="System.Guid">e7328ab2-e668-4d5e-e559-a51609985e5f</id></m_testId><m_execId type="Microsoft.VisualStudio.TestTools.Common.TestExecId"><id type="System.Guid">04f525e5-6210-49ee-9b29-14070c00a2d4</id></m_execId><m_parentExecId type="Microsoft.VisualStudio.TestTools.Common.TestExecId"><id type="System.Guid">00000000-0000-0000-0000-000000000000</id></m_parentExecId><m_categoryId type="Microsoft.VisualStudio.TestTools.Common.TestCategoryId"><id type="System.Guid">8c84fa94-04c1-424b-9868-57a2d4851a1d</id></m_categoryId><m_isTransparent type="System.Boolean">True</m_isTransparent></element><element type="Microsoft.VisualStudio.TestTools.Common.TestEntry"><m_testId type="Microsoft.VisualStudio.TestTools.Common.TestId"><id type="System.Guid">47bc97cf-05b1-c903-3afb-da812c073525</id></m_testId><m_execId type="Microsoft.VisualStudio.TestTools.Common.TestExecId"><id type="System.Guid">da9ebd4a-ce33-4485-9007-8633261f5a51</id></m_execId><m_parentExecId type="Microsoft.VisualStudio.TestTools.Common.TestExecId"><id type="System.Guid">00000000-0000-0000-0000-000000000000</id></m_parentExecId><m_categoryId type="Microsoft.VisualStudio.TestTools.Common.TestCategoryId"><id type="System.Guid">8c84fa94-04c1-424b-9868-57a2d4851a1d</id></m_categoryId><m_isTransparent type="System.Boolean">True</m_isTransparent></element><element type="Microsoft.VisualStudio.TestTools.Common.TestEntry"><m_testId type="Microsoft.VisualStudio.TestTools.Common.TestId"><id type="System.Guid">a2e46dd5-f2a9-f0f5-bd29-9b5a628acf8f</id></m_testId><m_execId type="Microsoft.VisualStudio.TestTools.Common.TestExecId"><id type="System.Guid">34977621-3ebe-41ea-8880-bf39edbb582a</id></m_execId><m_parentExecId type="Microsoft.VisualStudio.TestTools.Common.TestExecId"><id type="System.Guid">00000000-0000-0000-0000-000000000000</id></m_parentExecId><m_categoryId type="Microsoft.VisualStudio.TestTools.Common.TestCategoryId"><id type="System.Guid">8c84fa94-04c1-424b-9868-57a2d4851a1d</id></m_categoryId><m_isTransparent type="System.Boolean">True</m_isTransparent></element><element type="Microsoft.VisualStudio.TestTools.Common.TestEntry"><m_testId type="Microsoft.VisualStudio.TestTools.Common.TestId"><id type="System.Guid">c2810122-2597-e618-c5e6-41eea18ea177</id></m_testId><m_execId type="Microsoft.VisualStudio.TestTools.Common.TestExecId"><id type="System.Guid">46d18873-36b0-4c8f-95ad-390934a9858e</id></m_execId><m_parentExecId type="Microsoft.VisualStudio.TestTools.Common.TestExecId"><id type="System.Guid">00000000-0000-0000-0000-000000000000</id></m_parentExecId><m_categoryId type="Microsoft.VisualStudio.TestTools.Common.TestCategoryId"><id type="System.Guid">8c84fa94-04c1-424b-9868-57a2d4851a1d</id></m_categoryId><m_isTransparent type="System.Boolean">True</m_isTransparent></element><element type="Microsoft.VisualStudio.TestTools.Common.TestEntry"><m_testId type="Microsoft.VisualStudio.TestTools.Common.TestId"><id type="System.Guid">68f8ccaa-ae79-81b5-281c-0f1796784592</id></m_testId><m_execId type="Microsoft.VisualStudio.TestTools.Common.TestExecId"><id type="System.Guid">a0ba56c1-8b8f-4adc-8dab-580a29bf50e3</id></m_execId><m_parentExecId type="Microsoft.VisualStudio.TestTools.Common.TestExecId"><id type="System.Guid">00000000-0000-0000-0000-000000000000</id></m_parentExecId><m_categoryId type="Microsoft.VisualStudio.TestTools.Common.TestCategoryId"><id type="System.Guid">8c84fa94-04c1-424b-9868-57a2d4851a1d</id></m_categoryId><m_isTransparent type="System.Boolean">True</m_isTransparent></element><element type="Microsoft.VisualStudio.TestTools.Common.TestEntry"><m_testId type="Microsoft.VisualStudio.TestTools.Common.TestId"><id type="System.Guid">23ea3b8a-5e1b-3402-67cb-5a50591607f9</id></m_testId><m_execId type="Microsoft.VisualStudio.TestTools.Common.TestExecId"><id type="System.Guid">766ecfd8-db79-41b9-b383-10a72e2de12b</id></m_execId><m_parentExecId type="Microsoft.VisualStudio.TestTools.Common.TestExecId"><id type="System.Guid">00000000-0000-0000-0000-000000000000</id></m_parentExecId><m_categoryId type="Microsoft.VisualStudio.TestTools.Common.TestCategoryId"><id type="System.Guid">8c84fa94-04c1-424b-9868-57a2d4851a1d</id></m_categoryId><m_isTransparent type="System.Boolean">True</m_isTransparent></element><element type="Microsoft.VisualStudio.TestTools.Common.TestEntry"><m_testId type="Microsoft.VisualStudio.TestTools.Common.TestId"><id type="System.Guid">15b7900e-6ac2-6625-21b5-f1f4e7ee0ee8</id></m_testId><m_execId type="Microsoft.VisualStudio.TestTools.Common.TestExecId"><id type="System.Guid">8ee31fb5-64e1-434e-a82d-7306e8465908</id></m_execId><m_parentExecId type="Microsoft.VisualStudio.TestTools.Common.TestExecId"><id type="System.Guid">00000000-0000-0000-0000-000000000000</id></m_parentExecId><m_categoryId type="Microsoft.VisualStudio.TestTools.Common.TestCategoryId"><id type="System.Guid">8c84fa94-04c1-424b-9868-57a2d4851a1d</id></m_categoryId><m_isTransparent type="System.Boolean">True</m_isTransparent></element><element type="Microsoft.VisualStudio.TestTools.Common.TestEntry"><m_testId type="Microsoft.VisualStudio.TestTools.Common.TestId"><id type="System.Guid">d3211a8e-0487-6b41-307d-8b111661a69d</id></m_testId><m_execId type="Microsoft.VisualStudio.TestTools.Common.TestExecId"><id type="System.Guid">c8bf3a85-5bb0-41d7-8767-a5b615a049fa</id></m_execId><m_parentExecId type="Microsoft.VisualStudio.TestTools.Common.TestExecId"><id type="System.Guid">00000000-0000-0000-0000-000000000000</id></m_parentExecId><m_categoryId type="Microsoft.VisualStudio.TestTools.Common.TestCategoryId"><id type="System.Guid">8c84fa94-04c1-424b-9868-57a2d4851a1d</id></m_categoryId><m_isTransparent type="System.Boolean">True</m_isTransparent></element><element type="Microsoft.VisualStudio.TestTools.Common.TestEntry"><m_testId type="Microsoft.VisualStudio.TestTools.Common.TestId"><id type="System.Guid">4c75fb7f-208b-52d9-3fe3-e303664045d2</id></m_testId><m_execId type="Microsoft.VisualStudio.TestTools.Common.TestExecId"><id type="System.Guid">fc5ae82e-126b-4fa4-b30e-c793d2c18266</id></m_execId><m_parentExecId type="Microsoft.VisualStudio.TestTools.Common.TestExecId"><id type="System.Guid">00000000-0000-0000-0000-000000000000</id></m_parentExecId><m_categoryId type="Microsoft.VisualStudio.TestTools.Common.TestCategoryId"><id type="System.Guid">8c84fa94-04c1-424b-9868-57a2d4851a1d</id></m_categoryId><m_isTransparent type="System.Boolean">True</m_isTransparent></element><element type="Microsoft.VisualStudio.TestTools.Common.TestEntry"><m_testId type="Microsoft.VisualStudio.TestTools.Common.TestId"><id type="System.Guid">4f819d3c-ed56-80ce-3785-9e8f4fced24e</id></m_testId><m_execId type="Microsoft.VisualStudio.TestTools.Common.TestExecId"><id type="System.Guid">d84a799a-d04e-4008-8c14-c704ef1da308</id></m_execId><m_parentExecId type="Microsoft.VisualStudio.TestTools.Common.TestExecId"><id type="System.Guid">00000000-0000-0000-0000-000000000000</id></m_parentExecId><m_categoryId type="Microsoft.VisualStudio.TestTools.Common.TestCategoryId"><id type="System.Guid">8c84fa94-04c1-424b-9868-57a2d4851a1d</id></m_categoryId><m_isTransparent type="System.Boolean">True</m_isTransparent></element><element type="Microsoft.VisualStudio.TestTools.Common.TestEntry"><m_testId type="Microsoft.VisualStudio.TestTools.Common.TestId"><id type="System.Guid">4cfbe9cb-3842-6daa-f27d-fce3454220c3</id></m_testId><m_execId type="Microsoft.VisualStudio.TestTools.Common.TestExecId"><id type="System.Guid">f058cb7b-64b1-40f4-ac8f-58531a495d4a</id></m_execId><m_parentExecId type="Microsoft.VisualStudio.TestTools.Common.TestExecId"><id type="System.Guid">00000000-0000-0000-0000-000000000000</id></m_parentExecId><m_categoryId type="Microsoft.VisualStudio.TestTools.Common.TestCategoryId"><id type="System.Guid">8c84fa94-04c1-424b-9868-57a2d4851a1d</id></m_categoryId><m_isTransparent type="System.Boolean">True</m_isTransparent></element><element type="Microsoft.VisualStudio.TestTools.Common.TestEntry"><m_testId type="Microsoft.VisualStudio.TestTools.Common.TestId"><id type="System.Guid">c134a509-0406-956a-8412-827c3c5588f9</id></m_testId><m_execId type="Microsoft.VisualStudio.TestTools.Common.TestExecId"><id type="System.Guid">ef7b6b73-0637-416a-9929-42af706e9ed6</id></m_execId><m_parentExecId type="Microsoft.VisualStudio.TestTools.Common.TestExecId"><id type="System.Guid">00000000-0000-0000-0000-000000000000</id></m_parentExecId><m_categoryId type="Microsoft.VisualStudio.TestTools.Common.TestCategoryId"><id type="System.Guid">8c84fa94-04c1-424b-9868-57a2d4851a1d</id></m_categoryId><m_isTransparent type="System.Boolean">True</m_isTransparent></element><element type="Microsoft.VisualStudio.TestTools.Common.TestEntry"><m_testId type="Microsoft.VisualStudio.TestTools.Common.TestId"><id type="System.Guid">4e992b85-bed0-4009-2c49-f928f74fe58b</id></m_testId><m_execId type="Microsoft.VisualStudio.TestTools.Common.TestExecId"><id type="System.Guid">a4a01609-ae1e-4944-89e9-112da04337cc</id></m_execId><m_parentExecId type="Microsoft.VisualStudio.TestTools.Common.TestExecId"><id type="System.Guid">00000000-0000-0000-0000-000000000000</id></m_parentExecId><m_categoryId type="Microsoft.VisualStudio.TestTools.Common.TestCategoryId"><id type="System.Guid">8c84fa94-04c1-424b-9868-57a2d4851a1d</id></m_categoryId><m_isTransparent type="System.Boolean">True</m_isTransparent></element><element type="Microsoft.VisualStudio.TestTools.Common.TestEntry"><m_testId type="Microsoft.VisualStudio.TestTools.Common.TestId"><id type="System.Guid">a65950c2-ed4f-32cc-f379-3ee77ece9ca7</id></m_testId><m_execId type="Microsoft.VisualStudio.TestTools.Common.TestExecId"><id type="System.Guid">6005be9b-bc09-47aa-9472-df98183e8215</id></m_execId><m_parentExecId type="Microsoft.VisualStudio.TestTools.Common.TestExecId"><id type="System.Guid">00000000-0000-0000-0000-000000000000</id></m_parentExecId><m_categoryId type="Microsoft.VisualStudio.TestTools.Common.TestCategoryId"><id type="System.Guid">8c84fa94-04c1-424b-9868-57a2d4851a1d</id></m_categoryId><m_isTransparent type="System.Boolean">True</m_isTransparent></element><element type="Microsoft.VisualStudio.TestTools.Common.TestEntry"><m_testId type="Microsoft.VisualStudio.TestTools.Common.TestId"><id type="System.Guid">b6dfe85e-91ea-ff25-d833-757ab699057e</id></m_testId><m_execId type="Microsoft.VisualStudio.TestTools.Common.TestExecId"><id type="System.Guid">17466d13-668e-4ef2-aa62-d021d34e2c8d</id></m_execId><m_parentExecId type="Microsoft.VisualStudio.TestTools.Common.TestExecId"><id type="System.Guid">00000000-0000-0000-0000-000000000000</id></m_parentExecId><m_categoryId type="Microsoft.VisualStudio.TestTools.Common.TestCategoryId"><id type="System.Guid">8c84fa94-04c1-424b-9868-57a2d4851a1d</id></m_categoryId><m_isTransparent type="System.Boolean">True</m_isTransparent></element><element type="Microsoft.VisualStudio.TestTools.Common.TestEntry"><m_testId type="Microsoft.VisualStudio.TestTools.Common.TestId"><id type="System.Guid">9017a61e-0fd6-bf20-f20a-e27152b8fe83</id></m_testId><m_execId type="Microsoft.VisualStudio.TestTools.Common.TestExecId"><id type="System.Guid">dab7ea4d-1add-44b1-aa81-ef43c77d1f8b</id></m_execId><m_parentExecId type="Microsoft.VisualStudio.TestTools.Common.TestExecId"><id type="System.Guid">00000000-0000-0000-0000-000000000000</id></m_parentExecId><m_categoryId type="Microsoft.VisualStudio.TestTools.Common.TestCategoryId"><id type="System.Guid">8c84fa94-04c1-424b-9868-57a2d4851a1d</id></m_categoryId><m_isTransparent type="System.Boolean">True</m_isTransparent></element><element type="Microsoft.VisualStudio.TestTools.Common.TestEntry"><m_testId type="Microsoft.VisualStudio.TestTools.Common.TestId"><id type="System.Guid">cee26f22-639d-c20a-dbd5-fc9c2cd3106e</id></m_testId><m_execId type="Microsoft.VisualStudio.TestTools.Common.TestExecId"><id type="System.Guid">413ac7d7-9b9f-4da4-8f96-30dad6496ff1</id></m_execId><m_parentExecId type="Microsoft.VisualStudio.TestTools.Common.TestExecId"><id type="System.Guid">00000000-0000-0000-0000-000000000000</id></m_parentExecId><m_categoryId type="Microsoft.VisualStudio.TestTools.Common.TestCategoryId"><id type="System.Guid">8c84fa94-04c1-424b-9868-57a2d4851a1d</id></m_categoryId><m_isTransparent type="System.Boolean">True</m_isTransparent></element><element type="Microsoft.VisualStudio.TestTools.Common.TestEntry"><m_testId type="Microsoft.VisualStudio.TestTools.Common.TestId"><id type="System.Guid">fb194506-b7ca-6758-4c5f-623453544394</id></m_testId><m_execId type="Microsoft.VisualStudio.TestTools.Common.TestExecId"><id type="System.Guid">68d0e5ce-a139-4e33-8556-b108f9bea543</id></m_execId><m_parentExecId type="Microsoft.VisualStudio.TestTools.Common.TestExecId"><id type="System.Guid">00000000-0000-0000-0000-000000000000</id></m_parentExecId><m_categoryId type="Microsoft.VisualStudio.TestTools.Common.TestCategoryId"><id type="System.Guid">8c84fa94-04c1-424b-9868-57a2d4851a1d</id></m_categoryId><m_isTransparent type="System.Boolean">True</m_isTransparent></element><element type="Microsoft.VisualStudio.TestTools.Common.TestEntry"><m_testId type="Microsoft.VisualStudio.TestTools.Common.TestId"><id type="System.Guid">0b9e6b6b-e78e-50bb-fb86-93a93d24736e</id></m_testId><m_execId type="Microsoft.VisualStudio.TestTools.Common.TestExecId"><id type="System.Guid">54e11bb8-28ab-4192-9866-b251da7aeccf</id></m_execId><m_parentExecId type="Microsoft.VisualStudio.TestTools.Common.TestExecId"><id type="System.Guid">00000000-0000-0000-0000-000000000000</id></m_parentExecId><m_categoryId type="Microsoft.VisualStudio.TestTools.Common.TestCategoryId"><id type="System.Guid">8c84fa94-04c1-424b-9868-57a2d4851a1d</id></m_categoryId><m_isTransparent type="System.Boolean">True</m_isTransparent></element><element type="Microsoft.VisualStudio.TestTools.Common.TestEntry"><m_testId type="Microsoft.VisualStudio.TestTools.Common.TestId"><id type="System.Guid">213f5c77-3713-9b32-b746-8846479bd0d4</id></m_testId><m_execId type="Microsoft.VisualStudio.TestTools.Common.TestExecId"><id type="System.Guid">72f47d50-db07-49c8-814b-5909f5f5dac8</id></m_execId><m_parentExecId type="Microsoft.VisualStudio.TestTools.Common.TestExecId"><id type="System.Guid">00000000-0000-0000-0000-000000000000</id></m_parentExecId><m_categoryId type="Microsoft.VisualStudio.TestTools.Common.TestCategoryId"><id type="System.Guid">8c84fa94-04c1-424b-9868-57a2d4851a1d</id></m_categoryId><m_isTransparent type="System.Boolean">True</m_isTransparent></element><element type="Microsoft.VisualStudio.TestTools.Common.TestEntry"><m_testId type="Microsoft.VisualStudio.TestTools.Common.TestId"><id type="System.Guid">35628522-cf2d-73f0-acf8-101508f7a9ed</id></m_testId><m_execId type="Microsoft.VisualStudio.TestTools.Common.TestExecId"><id type="System.Guid">7bf4f316-0b66-4c10-ad0b-b190eecc456b</id></m_execId><m_parentExecId type="Microsoft.VisualStudio.TestTools.Common.TestExecId"><id type="System.Guid">00000000-0000-0000-0000-000000000000</id></m_parentExecId><m_categoryId type="Microsoft.VisualStudio.TestTools.Common.TestCategoryId"><id type="System.Guid">8c84fa94-04c1-424b-9868-57a2d4851a1d</id></m_categoryId><m_isTransparent type="System.Boolean">True</m_isTransparent></element><element type="Microsoft.VisualStudio.TestTools.Common.TestEntry"><m_testId type="Microsoft.VisualStudio.TestTools.Common.TestId"><id type="System.Guid">ed6bc080-4d12-2dd3-a3a4-cda8ec2e5d80</id></m_testId><m_execId type="Microsoft.VisualStudio.TestTools.Common.TestExecId"><id type="System.Guid">8db5f57e-036d-4b0c-831c-769a3b712213</id></m_execId><m_parentExecId type="Microsoft.VisualStudio.TestTools.Common.TestExecId"><id type="System.Guid">00000000-0000-0000-0000-000000000000</id></m_parentExecId><m_categoryId type="Microsoft.VisualStudio.TestTools.Common.TestCategoryId"><id type="System.Guid">8c84fa94-04c1-424b-9868-57a2d4851a1d</id></m_categoryId><m_isTransparent type="System.Boolean">True</m_isTransparent></element><element type="Microsoft.VisualStudio.TestTools.Common.TestEntry"><m_testId type="Microsoft.VisualStudio.TestTools.Common.TestId"><id type="System.Guid">ebae10c5-8eca-f58a-4014-7d1e7fca46dd</id></m_testId><m_execId type="Microsoft.VisualStudio.TestTools.Common.TestExecId"><id type="System.Guid">d9140e22-b2f6-48fe-9ccd-c85231184127</id></m_execId><m_parentExecId type="Microsoft.VisualStudio.TestTools.Common.TestExecId"><id type="System.Guid">00000000-0000-0000-0000-000000000000</id></m_parentExecId><m_categoryId type="Microsoft.VisualStudio.TestTools.Common.TestCategoryId"><id type="System.Guid">8c84fa94-04c1-424b-9868-57a2d4851a1d</id></m_categoryId><m_isTransparent type="System.Boolean">True</m_isTransparent></element><element type="Microsoft.VisualStudio.TestTools.Common.TestEntry"><m_testId type="Microsoft.VisualStudio.TestTools.Common.TestId"><id type="System.Guid">f66d3ce1-12b5-f733-2fe2-8c6516ab609b</id></m_testId><m_execId type="Microsoft.VisualStudio.TestTools.Common.TestExecId"><id type="System.Guid">6df243cf-598a-4398-9f3a-e3bf069b5b71</id></m_execId><m_parentExecId type="Microsoft.VisualStudio.TestTools.Common.TestExecId"><id type="System.Guid">00000000-0000-0000-0000-000000000000</id></m_parentExecId><m_categoryId type="Microsoft.VisualStudio.TestTools.Common.TestCategoryId"><id type="System.Guid">8c84fa94-04c1-424b-9868-57a2d4851a1d</id></m_categoryId><m_isTransparent type="System.Boolean">True</m_isTransparent></element><element type="Microsoft.VisualStudio.TestTools.Common.TestEntry"><m_testId type="Microsoft.VisualStudio.TestTools.Common.TestId"><id type="System.Guid">980c2eaf-54c3-4164-6970-c7928072f317</id></m_testId><m_execId type="Microsoft.VisualStudio.TestTools.Common.TestExecId"><id type="System.Guid">691cdd00-fe81-4a2b-8141-c6726e37c56a</id></m_execId><m_parentExecId type="Microsoft.VisualStudio.TestTools.Common.TestExecId"><id type="System.Guid">00000000-0000-0000-0000-000000000000</id></m_parentExecId><m_categoryId type="Microsoft.VisualStudio.TestTools.Common.TestCategoryId"><id type="System.Guid">8c84fa94-04c1-424b-9868-57a2d4851a1d</id></m_categoryId><m_isTransparent type="System.Boolean">True</m_isTransparent></element><element type="Microsoft.VisualStudio.TestTools.Common.TestEntry"><m_testId type="Microsoft.VisualStudio.TestTools.Common.TestId"><id type="System.Guid">1b990684-ffae-2944-8945-114eaad5ed6d</id></m_testId><m_execId type="Microsoft.VisualStudio.TestTools.Common.TestExecId"><id type="System.Guid">c6267457-8aa7-42d6-ba03-1dcd8395e49b</id></m_execId><m_parentExecId type="Microsoft.VisualStudio.TestTools.Common.TestExecId"><id type="System.Guid">00000000-0000-0000-0000-000000000000</id></m_parentExecId><m_categoryId type="Microsoft.VisualStudio.TestTools.Common.TestCategoryId"><id type="System.Guid">8c84fa94-04c1-424b-9868-57a2d4851a1d</id></m_categoryId><m_isTransparent type="System.Boolean">True</m_isTransparent></element><element type="Microsoft.VisualStudio.TestTools.Common.TestEntry"><m_testId type="Microsoft.VisualStudio.TestTools.Common.TestId"><id type="System.Guid">d42364c4-64f4-829f-b4a7-282a10f73699</id></m_testId><m_execId type="Microsoft.VisualStudio.TestTools.Common.TestExecId"><id type="System.Guid">20f80900-2dfe-4b3e-9a53-f9fed06148ae</id></m_execId><m_parentExecId type="Microsoft.VisualStudio.TestTools.Common.TestExecId"><id type="System.Guid">00000000-0000-0000-0000-000000000000</id></m_parentExecId><m_categoryId type="Microsoft.VisualStudio.TestTools.Common.TestCategoryId"><id type="System.Guid">8c84fa94-04c1-424b-9868-57a2d4851a1d</id></m_categoryId><m_isTransparent type="System.Boolean">True</m_isTransparent></element><element type="Microsoft.VisualStudio.TestTools.Common.TestEntry"><m_testId type="Microsoft.VisualStudio.TestTools.Common.TestId"><id type="System.Guid">8521f128-15c3-dde6-4e67-85c8d20ba803</id></m_testId><m_execId type="Microsoft.VisualStudio.TestTools.Common.TestExecId"><id type="System.Guid">3c0ebb7f-876a-46d2-b8f5-96acba891f19</id></m_execId><m_parentExecId type="Microsoft.VisualStudio.TestTools.Common.TestExecId"><id type="System.Guid">00000000-0000-0000-0000-000000000000</id></m_parentExecId><m_categoryId type="Microsoft.VisualStudio.TestTools.Common.TestCategoryId"><id type="System.Guid">8c84fa94-04c1-424b-9868-57a2d4851a1d</id></m_categoryId><m_isTransparent type="System.Boolean">True</m_isTransparent></element></entries></TestRun><UnitTestResult type="Microsoft.VisualStudio.TestTools.TestTypes.Unit.UnitTestResult, Microsoft.VisualStudio.QualityTools.Tips.UnitTest.ObjectModel, Version=8.0.0.0, Culture=neutral, PublicKeyToken=b03f5f7f11d50a3a"><resultType type="Microsoft.VisualStudio.TestTools.TestTypes.Unit.UnitTestResultType, Microsoft.VisualStudio.QualityTools.Tips.UnitTest.ObjectModel, Version=8.0.0.0, Culture=neutral, PublicKeyToken=b03f5f7f11d50a3a"><value__ type="System.Int32">0</value__></resultType><m_hasSufficientAccess type="System.Boolean">True</m_hasSufficientAccess><counters type="Microsoft.VisualStudio.TestTools.Common.TestResultCounter"><values type="System.Int32">0,0,0,0,0,0,0,0,0,0,0,0,0,0</values><total type="System.Int32">1</total></counters><categoryId type="Microsoft.VisualStudio.TestTools.Common.TestCategoryId"><id type="System.Guid">8c84fa94-04c1-424b-9868-57a2d4851a1d</id></categoryId><outcome type="Microsoft.VisualStudio.TestTools.Common.TestOutcome"><value__ type="System.Int32">1</value__></outcome><errorInfo type="Microsoft.VisualStudio.TestTools.Common.TestResultErrorInfo"><message type="System.String">Test method BrownShoe.UnitTests.DefaultShippingCalculatorTest.CalculateShippingContinentalUPS2ndDayTest threw exception:  System.Data.SqlClient.SqlException: An error has occurred while establishing a connection to the server.  When connecting to SQL Server 2005, this failure may be caused by the fact that under the default settings SQL Server does not allow remote connections. (provider: Named Pipes Provider, error: 40 - Could not open a connection to SQL Server).</message><stackTrace type="System.String">    at System.Data.SqlClient.SqlInternalConnection.OnError(SqlException exception, Boolean breakConnection)
   at System.Data.SqlClient.TdsParser.ThrowExceptionAndWarning(TdsParserStateObject stateObj)
   at System.Data.SqlClient.TdsParser.Connect(ServerInfo serverInfo, SqlInternalConnectionTds connHandler, Boolean ignoreSniOpenTimeout, Int64 timerExpire, Boolean encrypt, Boolean trustServerCert, Boolean integratedSecurity, SqlConnection owningObject)
   at System.Data.SqlClient.SqlInternalConnectionTds.AttemptOneLogin(ServerInfo serverInfo, String newPassword, Boolean ignoreSniOpenTimeout, Int64 timerExpire, SqlConnection owningObject)
   at System.Data.SqlClient.SqlInternalConnectionTds.LoginNoFailover(String host, String newPassword, Boolean redirectedUserInstance, SqlConnection owningObject, SqlConnectionString connectionOptions, Int64 timerStart)
   at System.Data.SqlClient.SqlInternalConnectionTds.OpenLoginEnlist(SqlConnection owningObject, SqlConnectionString connectionOptions, String newPassword, Boolean redirectedUserInstance)
   at System.Data.SqlClient.SqlInternalConnectionTds..ctor(DbConnectionPoolIdentity identity, SqlConnectionString connectionOptions, Object providerInfo, String newPassword, SqlConnection owningObject, Boolean redirectedUserInstance)
   at System.Data.SqlClient.SqlConnectionFactory.CreateConnection(DbConnectionOptions options, Object poolGroupProviderInfo, DbConnectionPool pool, DbConnection owningConnection)
   at System.Data.ProviderBase.DbConnectionFactory.CreatePooledConnection(DbConnection owningConnection, DbConnectionPool pool, DbConnectionOptions options)
   at System.Data.ProviderBase.DbConnectionPool.CreateObject(DbConnection owningObject)
   at System.Data.ProviderBase.DbConnectionPool.UserCreateRequest(DbConnection owningObject)
   at System.Data.ProviderBase.DbConnectionPool.GetConnection(DbConnection owningObject)
   at System.Data.ProviderBase.DbConnectionFactory.GetConnection(DbConnection owningConnection)
   at System.Data.ProviderBase.DbConnectionClosed.OpenConnection(DbConnection outerConnection, DbConnectionFactory connectionFactory)
   at System.Data.SqlClient.SqlConnection.Open()
   at System.Data.Common.DbDataAdapter.FillInternal(DataSet dataset, DataTable[] datatables, Int32 startRecord, Int32 maxRecords, String srcTable, IDbCommand command, CommandBehavior behavior)
   at System.Data.Common.DbDataAdapter.Fill(DataSet dataSet, Int32 startRecord, Int32 maxRecords, String srcTable, IDbCommand command, CommandBehavior behavior)
   at System.Data.Common.DbDataAdapter.Fill(DataSet dataSet)
   at Microsoft.Practices.EnterpriseLibrary.Data.Database.DoLoadDataSet(DbCommand command, DataSet dataSet, String[] tableNames)
   at Microsoft.Practices.EnterpriseLibrary.Data.Database.LoadDataSet(DbCommand command, DataSet dataSet, String[] tableNames)
   at Microsoft.Practices.EnterpriseLibrary.Data.Database.LoadDataSet(DbCommand command, DataSet dataSet, String tableName)
   at Microsoft.Practices.EnterpriseLibrary.Data.Database.ExecuteDataSet(DbCommand command)
   at BrownShoe.BrownShippingMethodPipeline.ShippingCalculator.GetShippingRates(String shippingMethodName) in e:\projects\brownshoe\unit_tests\product\src\BrownShoe\PipelineComponents\BrownShippingMethodPipeline\ShippingCalculator.cs:line 417
   at BrownShoe.BrownShippingMethodPipeline.DefaultShippingCalculator.CalcShippingTotal(String shippingMethod, Int32 count) in e:\projects\brownshoe\unit_tests\product\src\BrownShoe\PipelineComponents\BrownShippingMethodPipeline\ShippingCalculators\DefaultShippingCalculator.cs:line 73
   at BrownShoe.BrownShippingMethodPipeline.DefaultShippingCalculator.CalculateShipping() in e:\projects\brownshoe\unit_tests\product\src\BrownShoe\PipelineComponents\BrownShippingMethodPipeline\ShippingCalculators\DefaultShippingCalculator.cs:line 51
   at BrownShoe.UnitTests.DefaultShippingCalculatorTest.CalculateShippingContinentalUPS2ndDayTest()
</stackTrace></errorInfo><traceInfo type="Microsoft.VisualStudio.TestTools.Common.TestExecutionTraceInformation"><trace type="System.Text.StringBuilder">Creating instance of class BrownShoe.UnitTests.DefaultShippingCalculatorTest.
Calling Test method BrownShoe.UnitTests.DefaultShippingCalculatorTest.Microsoft.VisualStudio.TestTools.TestTypes.Unit.TestMethod.
</trace></traceInfo><stdout type="System.String" /><stderr type="System.String" /><debugTrace type="System.String" /><workItemIds type="System.Collections.Generic.List`1[[System.Int32, mscorlib, Version=2.0.0.0, Culture=neutral, PublicKeyToken=b77a5c561934e089]]"><_size type="System.Int32">0</_size><_version type="System.Int32">1</_version></workItemIds><id type="Microsoft.VisualStudio.TestTools.Common.TestResultId"><runId type="System.Guid">3d9a8baa-b9cb-4717-8a94-3c6445344217</runId><executionId type="Microsoft.VisualStudio.TestTools.Common.TestExecId"><id type="System.Guid">286b5f00-29e9-410f-af8a-9ad81e47cca5</id></executionId><parentExecId type="Microsoft.VisualStudio.TestTools.Common.TestExecId"><id type="System.Guid">00000000-0000-0000-0000-000000000000</id></parentExecId><testId type="Microsoft.VisualStudio.TestTools.Common.TestId"><id type="System.Guid">e17496e1-7edf-4220-8f10-ec5d18f9f40f</id></testId></id><testName type="System.String">CalculateShippingContinentalUPS2ndDayTest</testName><testType type="Microsoft.VisualStudio.TestTools.Common.TestType"><id type="System.Guid">13cdc9d9-ddb5-4fa4-a97d-d965ccfc6d4b</id></testType><messageKind type="Microsoft.VisualStudio.TestTools.Common.TestMessageKind"><value__ type="System.Int32">1</value__></messageKind><computerInfo type="Microsoft.VisualStudio.TestTools.Common.ComputerInfo"><m_computerName type="System.String">ECDATA-TFS01</m_computerName></computerInfo><duration type="System.TimeSpan">00:00:15.0463805</duration><startTime type="System.DateTime"><dateData type="System.UInt64">633673774644365596</dateData></startTime><endTime type="System.DateTime"><dateData type="System.UInt64">633673774801406896</dateData></endTime><spoolMessage type="System.Boolean">True</spoolMessage></UnitTestResult><UnitTestResult type="Microsoft.VisualStudio.TestTools.TestTypes.Unit.UnitTestResult, Microsoft.VisualStudio.QualityTools.Tips.UnitTest.ObjectModel, Version=8.0.0.0, Culture=neutral, PublicKeyToken=b03f5f7f11d50a3a"><resultType type="Microsoft.VisualStudio.TestTools.TestTypes.Unit.UnitTestResultType, Microsoft.VisualStudio.QualityTools.Tips.UnitTest.ObjectModel, Version=8.0.0.0, Culture=neutral, PublicKeyToken=b03f5f7f11d50a3a"><value__ type="System.Int32">0</value__></resultType><m_hasSufficientAccess type="System.Boolean">True</m_hasSufficientAccess><counters type="Microsoft.VisualStudio.TestTools.Common.TestResultCounter"><values type="System.Int32">0,0,0,0,0,0,0,0,0,0,0,0,0,0</values><total type="System.Int32">1</total></counters><categoryId type="Microsoft.VisualStudio.TestTools.Common.TestCategoryId"><id type="System.Guid">8c84fa94-04c1-424b-9868-57a2d4851a1d</id></categoryId><outcome type="Microsoft.VisualStudio.TestTools.Common.TestOutcome"><value__ type="System.Int32">1</value__></outcome><errorInfo type="Microsoft.VisualStudio.TestTools.Common.TestResultErrorInfo"><message type="System.String">Test method BrownShoe.UnitTests.DefaultShippingCalculatorTest.CalculateShippingContinentalUPSGroundDayTest threw exception:  System.Data.SqlClient.SqlException: An error has occurred while establishing a connection to the server.  When connecting to SQL Server 2005, this failure may be caused by the fact that under the default settings SQL Server does not allow remote connections. (provider: Named Pipes Provider, error: 40 - Could not open a connection to SQL Server).</message><stackTrace type="System.String">    at System.Data.ProviderBase.DbConnectionPool.GetConnection(DbConnection owningObject)
   at System.Data.ProviderBase.DbConnectionFactory.GetConnection(DbConnection owningConnection)
   at System.Data.ProviderBase.DbConnectionClosed.OpenConnection(DbConnection outerConnection, DbConnectionFactory connectionFactory)
   at System.Data.SqlClient.SqlConnection.Open()
   at System.Data.Common.DbDataAdapter.FillInternal(DataSet dataset, DataTable[] datatables, Int32 startRecord, Int32 maxRecords, String srcTable, IDbCommand command, CommandBehavior behavior)
   at System.Data.Common.DbDataAdapter.Fill(DataSet dataSet, Int32 startRecord, Int32 maxRecords, String srcTable, IDbCommand command, CommandBehavior behavior)
   at System.Data.Common.DbDataAdapter.Fill(DataSet dataSet)
   at Microsoft.Practices.EnterpriseLibrary.Data.Database.DoLoadDataSet(DbCommand command, DataSet dataSet, String[] tableNames)
   at Microsoft.Practices.EnterpriseLibrary.Data.Database.LoadDataSet(DbCommand command, DataSet dataSet, String[] tableNames)
   at Microsoft.Practices.EnterpriseLibrary.Data.Database.LoadDataSet(DbCommand command, DataSet dataSet, String tableName)
   at Microsoft.Practices.EnterpriseLibrary.Data.Database.ExecuteDataSet(DbCommand command)
   at BrownShoe.BrownShippingMethodPipeline.ShippingCalculator.GetShippingRates(String shippingMethodName) in e:\projects\brownshoe\unit_tests\product\src\BrownShoe\PipelineComponents\BrownShippingMethodPipeline\ShippingCalculator.cs:line 417
   at BrownShoe.BrownShippingMethodPipeline.DefaultShippingCalculator.CalcShippingTotal(String shippingMethod, Int32 count) in e:\projects\brownshoe\unit_tests\product\src\BrownShoe\PipelineComponents\BrownShippingMethodPipeline\ShippingCalculators\DefaultShippingCalculator.cs:line 73
   at BrownShoe.BrownShippingMethodPipeline.DefaultShippingCalculator.CalculateShipping() in e:\projects\brownshoe\unit_tests\product\src\BrownShoe\PipelineComponents\BrownShippingMethodPipeline\ShippingCalculators\DefaultShippingCalculator.cs:line 51
   at BrownShoe.UnitTests.DefaultShippingCalculatorTest.CalculateShippingContinentalUPSGroundDayTest()
</stackTrace></errorInfo><traceInfo type="Microsoft.VisualStudio.TestTools.Common.TestExecutionTraceInformation"><trace type="System.Text.StringBuilder">Creating instance of class BrownShoe.UnitTests.DefaultShippingCalculatorTest.
Calling Test method BrownShoe.UnitTests.DefaultShippingCalculatorTest.Microsoft.VisualStudio.TestTools.TestTypes.Unit.TestMethod.
</trace></traceInfo><stdout type="System.String" /><stderr type="System.String" /><debugTrace type="System.String" /><workItemIds type="System.Collections.Generic.List`1[[System.Int32, mscorlib, Version=2.0.0.0, Culture=neutral, PublicKeyToken=b77a5c561934e089]]"><_size type="System.Int32">0</_size><_version type="System.Int32">1</_version></workItemIds><id type="Microsoft.VisualStudio.TestTools.Common.TestResultId"><runId type="System.Guid">3d9a8baa-b9cb-4717-8a94-3c6445344217</runId><executionId type="Microsoft.VisualStudio.TestTools.Common.TestExecId"><id type="System.Guid">2782840c-5877-46b1-814c-318c4804fed9</id></executionId><parentExecId type="Microsoft.VisualStudio.TestTools.Common.TestExecId"><id type="System.Guid">00000000-0000-0000-0000-000000000000</id></parentExecId><testId type="Microsoft.VisualStudio.TestTools.Common.TestId"><id type="System.Guid">2c84da78-647d-a622-6dce-8cbf46d608a8</id></testId></id><testName type="System.String">CalculateShippingContinentalUPSGroundDayTest</testName><testType type="Microsoft.VisualStudio.TestTools.Common.TestType"><id type="System.Guid">13cdc9d9-ddb5-4fa4-a97d-d965ccfc6d4b</id></testType><messageKind type="Microsoft.VisualStudio.TestTools.Common.TestMessageKind"><value__ type="System.Int32">1</value__></messageKind><computerInfo type="Microsoft.VisualStudio.TestTools.Common.ComputerInfo"><m_computerName type="System.String">ECDATA-TFS01</m_computerName></computerInfo><duration type="System.TimeSpan">00:00:00.0045131</duration><startTime type="System.DateTime"><dateData type="System.UInt64">633673774801563156</dateData></startTime><endTime type="System.DateTime"><dateData type="System.UInt64">633673774801563156</dateData></endTime><spoolMessage type="System.Boolean">True</spoolMessage></UnitTestResult><UnitTestResult type="Microsoft.VisualStudio.TestTools.TestTypes.Unit.UnitTestResult, Microsoft.VisualStudio.QualityTools.Tips.UnitTest.ObjectModel, Version=8.0.0.0, Culture=neutral, PublicKeyToken=b03f5f7f11d50a3a"><resultType type="Microsoft.VisualStudio.TestTools.TestTypes.Unit.UnitTestResultType, Microsoft.VisualStudio.QualityTools.Tips.UnitTest.ObjectModel, Version=8.0.0.0, Culture=neutral, PublicKeyToken=b03f5f7f11d50a3a"><value__ type="System.Int32">0</value__></resultType><m_hasSufficientAccess type="System.Boolean">True</m_hasSufficientAccess><counters type="Microsoft.VisualStudio.TestTools.Common.TestResultCounter"><values type="System.Int32">0,0,0,0,0,0,0,0,0,0,0,0,0,0</values><total type="System.Int32">1</total></counters><categoryId type="Microsoft.VisualStudio.TestTools.Common.TestCategoryId"><id type="System.Guid">8c84fa94-04c1-424b-9868-57a2d4851a1d</id></categoryId><outcome type="Microsoft.VisualStudio.TestTools.Common.TestOutcome"><value__ type="System.Int32">1</value__></outcome><errorInfo type="Microsoft.VisualStudio.TestTools.Common.TestResultErrorInfo"><message type="System.String">Test method BrownShoe.UnitTests.DefaultShippingCalculatorTest.CalculateShippingContinentalUPSNextDayTest threw exception:  System.Data.SqlClient.SqlException: An error has occurred while establishing a connection to the server.  When connecting to SQL Server 2005, this failure may be caused by the fact that under the default settings SQL Server does not allow remote connections. (provider: Named Pipes Provider, error: 40 - Could not open a connection to SQL Server).</message><stackTrace type="System.String">    at System.Data.ProviderBase.DbConnectionPool.GetConnection(DbConnection owningObject)
   at System.Data.ProviderBase.DbConnectionFactory.GetConnection(DbConnection owningConnection)
   at System.Data.ProviderBase.DbConnectionClosed.OpenConnection(DbConnection outerConnection, DbConnectionFactory connectionFactory)
   at System.Data.SqlClient.SqlConnection.Open()
   at System.Data.Common.DbDataAdapter.FillInternal(DataSet dataset, DataTable[] datatables, Int32 startRecord, Int32 maxRecords, String srcTable, IDbCommand command, CommandBehavior behavior)
   at System.Data.Common.DbDataAdapter.Fill(DataSet dataSet, Int32 startRecord, Int32 maxRecords, String srcTable, IDbCommand command, CommandBehavior behavior)
   at System.Data.Common.DbDataAdapter.Fill(DataSet dataSet)
   at Microsoft.Practices.EnterpriseLibrary.Data.Database.DoLoadDataSet(DbCommand command, DataSet dataSet, String[] tableNames)
   at Microsoft.Practices.EnterpriseLibrary.Data.Database.LoadDataSet(DbCommand command, DataSet dataSet, String[] tableNames)
   at Microsoft.Practices.EnterpriseLibrary.Data.Database.LoadDataSet(DbCommand command, DataSet dataSet, String tableName)
   at Microsoft.Practices.EnterpriseLibrary.Data.Database.ExecuteDataSet(DbCommand command)
   at BrownShoe.BrownShippingMethodPipeline.ShippingCalculator.GetShippingRates(String shippingMethodName) in e:\projects\brownshoe\unit_tests\product\src\BrownShoe\PipelineComponents\BrownShippingMethodPipeline\ShippingCalculator.cs:line 417
   at BrownShoe.BrownShippingMethodPipeline.DefaultShippingCalculator.CalcShippingTotal(String shippingMethod, Int32 count) in e:\projects\brownshoe\unit_tests\product\src\BrownShoe\PipelineComponents\BrownShippingMethodPipeline\ShippingCalculators\DefaultShippingCalculator.cs:line 73
   at BrownShoe.BrownShippingMethodPipeline.DefaultShippingCalculator.CalculateShipping() in e:\projects\brownshoe\unit_tests\product\src\BrownShoe\PipelineComponents\BrownShippingMethodPipeline\ShippingCalculators\DefaultShippingCalculator.cs:line 51
   at BrownShoe.UnitTests.DefaultShippingCalculatorTest.CalculateShippingContinentalUPSNextDayTest()
</stackTrace></errorInfo><traceInfo type="Microsoft.VisualStudio.TestTools.Common.TestExecutionTraceInformation"><trace type="System.Text.StringBuilder">Creating instance of class BrownShoe.UnitTests.DefaultShippingCalculatorTest.
Calling Test method BrownShoe.UnitTests.DefaultShippingCalculatorTest.Microsoft.VisualStudio.TestTools.TestTypes.Unit.TestMethod.
</trace></traceInfo><stdout type="System.String" /><stderr type="System.String" /><debugTrace type="System.String" /><workItemIds type="System.Collections.Generic.List`1[[System.Int32, mscorlib, Version=2.0.0.0, Culture=neutral, PublicKeyToken=b77a5c561934e089]]"><_size type="System.Int32">0</_size><_version type="System.Int32">1</_version></workItemIds><id type="Microsoft.VisualStudio.TestTools.Common.TestResultId"><runId type="System.Guid">3d9a8baa-b9cb-4717-8a94-3c6445344217</runId><executionId type="Microsoft.VisualStudio.TestTools.Common.TestExecId"><id type="System.Guid">7da407b3-212a-40be-9833-704b140edaca</id></executionId><parentExecId type="Microsoft.VisualStudio.TestTools.Common.TestExecId"><id type="System.Guid">00000000-0000-0000-0000-000000000000</id></parentExecId><testId type="Microsoft.VisualStudio.TestTools.Common.TestId"><id type="System.Guid">fc4ef800-5802-e0dc-7c55-7c03d7b57e8c</id></testId></id><testName type="System.String">CalculateShippingContinentalUPSNextDayTest</testName><testType type="Microsoft.VisualStudio.TestTools.Common.TestType"><id type="System.Guid">13cdc9d9-ddb5-4fa4-a97d-d965ccfc6d4b</id></testType><messageKind type="Microsoft.VisualStudio.TestTools.Common.TestMessageKind"><value__ type="System.Int32">1</value__></messageKind><computerInfo type="Microsoft.VisualStudio.TestTools.Common.ComputerInfo"><m_computerName type="System.String">ECDATA-TFS01</m_computerName></computerInfo><duration type="System.TimeSpan">00:00:00.0036491</duration><startTime type="System.DateTime"><dateData type="System.UInt64">633673774801563156</dateData></startTime><endTime type="System.DateTime"><dateData type="System.UInt64">633673774801875676</dateData></endTime><spoolMessage type="System.Boolean">True</spoolMessage></UnitTestResult><UnitTestResult type="Microsoft.VisualStudio.TestTools.TestTypes.Unit.UnitTestResult, Microsoft.VisualStudio.QualityTools.Tips.UnitTest.ObjectModel, Version=8.0.0.0, Culture=neutral, PublicKeyToken=b03f5f7f11d50a3a"><resultType type="Microsoft.VisualStudio.TestTools.TestTypes.Unit.UnitTestResultType, Microsoft.VisualStudio.QualityTools.Tips.UnitTest.ObjectModel, Version=8.0.0.0, Culture=neutral, PublicKeyToken=b03f5f7f11d50a3a"><value__ type="System.Int32">0</value__></resultType><m_hasSufficientAccess type="System.Boolean">True</m_hasSufficientAccess><counters type="Microsoft.VisualStudio.TestTools.Common.TestResultCounter"><values type="System.Int32">0,0,0,0,0,0,0,0,0,0,0,0,0,0</values><total type="System.Int32">1</total></counters><categoryId type="Microsoft.VisualStudio.TestTools.Common.TestCategoryId"><id type="System.Guid">8c84fa94-04c1-424b-9868-57a2d4851a1d</id></categoryId><outcome type="Microsoft.VisualStudio.TestTools.Common.TestOutcome"><value__ type="System.Int32">10</value__></outcome><traceInfo type="Microsoft.VisualStudio.TestTools.Common.TestExecutionTraceInformation"><trace type="System.Text.StringBuilder">Creating instance of class BrownShoe.UnitTests.DefaultShippingCalculatorTest.
Calling Test method BrownShoe.UnitTests.DefaultShippingCalculatorTest.Microsoft.VisualStudio.TestTools.TestTypes.Unit.TestMethod.
</trace></traceInfo><stdout type="System.String" /><stderr type="System.String" /><debugTrace type="System.String" /><workItemIds type="System.Collections.Generic.List`1[[System.Int32, mscorlib, Version=2.0.0.0, Culture=neutral, PublicKeyToken=b77a5c561934e089]]"><_size type="System.Int32">0</_size><_version type="System.Int32">1</_version></workItemIds><id type="Microsoft.VisualStudio.TestTools.Common.TestResultId"><runId type="System.Guid">3d9a8baa-b9cb-4717-8a94-3c6445344217</runId><executionId type="Microsoft.VisualStudio.TestTools.Common.TestExecId"><id type="System.Guid">0a77cc19-75b7-4bf3-bcd6-6b0f0da85455</id></executionId><parentExecId type="Microsoft.VisualStudio.TestTools.Common.TestExecId"><id type="System.Guid">00000000-0000-0000-0000-000000000000</id></parentExecId><testId type="Microsoft.VisualStudio.TestTools.Common.TestId"><id type="System.Guid">d1eb8757-a596-201a-3414-bbcb6e2d5e2f</id></testId></id><testName type="System.String">CalculateShippingNonContinentalUPS2ndDayTest</testName><testType type="Microsoft.VisualStudio.TestTools.Common.TestType"><id type="System.Guid">13cdc9d9-ddb5-4fa4-a97d-d965ccfc6d4b</id></testType><messageKind type="Microsoft.VisualStudio.TestTools.Common.TestMessageKind"><value__ type="System.Int32">1</value__></messageKind><computerInfo type="Microsoft.VisualStudio.TestTools.Common.ComputerInfo"><m_computerName type="System.String">ECDATA-TFS01</m_computerName></computerInfo><duration type="System.TimeSpan">00:00:00.0051453</duration><startTime type="System.DateTime"><dateData type="System.UInt64">633673774801875676</dateData></startTime><endTime type="System.DateTime"><dateData type="System.UInt64">633673774802031936</dateData></endTime><spoolMessage type="System.Boolean">True</spoolMessage></UnitTestResult><UnitTestResult type="Microsoft.VisualStudio.TestTools.TestTypes.Unit.UnitTestResult, Microsoft.VisualStudio.QualityTools.Tips.UnitTest.ObjectModel, Version=8.0.0.0, Culture=neutral, PublicKeyToken=b03f5f7f11d50a3a"><resultType type="Microsoft.VisualStudio.TestTools.TestTypes.Unit.UnitTestResultType, Microsoft.VisualStudio.QualityTools.Tips.UnitTest.ObjectModel, Version=8.0.0.0, Culture=neutral, PublicKeyToken=b03f5f7f11d50a3a"><value__ type="System.Int32">0</value__></resultType><m_hasSufficientAccess type="System.Boolean">True</m_hasSufficientAccess><counters type="Microsoft.VisualStudio.TestTools.Common.TestResultCounter"><values type="System.Int32">0,0,0,0,0,0,0,0,0,0,0,0,0,0</values><total type="System.Int32">1</total></counters><categoryId type="Microsoft.VisualStudio.TestTools.Common.TestCategoryId"><id type="System.Guid">8c84fa94-04c1-424b-9868-57a2d4851a1d</id></categoryId><outcome type="Microsoft.VisualStudio.TestTools.Common.TestOutcome"><value__ type="System.Int32">1</value__></outcome><errorInfo type="Microsoft.VisualStudio.TestTools.Common.TestResultErrorInfo"><message type="System.String">Test method BrownShoe.UnitTests.NaturalizerShippingCalculatorTest.CalculateShippingTestContinentalOverFreeCutoff threw exception:  System.Data.SqlClient.SqlException: An error has occurred while establishing a connection to the server.  When connecting to SQL Server 2005, this failure may be caused by the fact that under the default settings SQL Server does not allow remote connections. (provider: Named Pipes Provider, error: 40 - Could not open a connection to SQL Server).</message><stackTrace type="System.String">    at System.Data.ProviderBase.DbConnectionPool.GetConnection(DbConnection owningObject)
   at System.Data.ProviderBase.DbConnectionFactory.GetConnection(DbConnection owningConnection)
   at System.Data.ProviderBase.DbConnectionClosed.OpenConnection(DbConnection outerConnection, DbConnectionFactory connectionFactory)
   at System.Data.SqlClient.SqlConnection.Open()
   at System.Data.Common.DbDataAdapter.FillInternal(DataSet dataset, DataTable[] datatables, Int32 startRecord, Int32 maxRecords, String srcTable, IDbCommand command, CommandBehavior behavior)
   at System.Data.Common.DbDataAdapter.Fill(DataSet dataSet, Int32 startRecord, Int32 maxRecords, String srcTable, IDbCommand command, CommandBehavior behavior)
   at System.Data.Common.DbDataAdapter.Fill(DataSet dataSet)
   at Microsoft.Practices.EnterpriseLibrary.Data.Database.DoLoadDataSet(DbCommand command, DataSet dataSet, String[] tableNames)
   at Microsoft.Practices.EnterpriseLibrary.Data.Database.LoadDataSet(DbCommand command, DataSet dataSet, String[] tableNames)
   at Microsoft.Practices.EnterpriseLibrary.Data.Database.LoadDataSet(DbCommand command, DataSet dataSet, String tableName)
   at Microsoft.Practices.EnterpriseLibrary.Data.Database.ExecuteDataSet(DbCommand command)
   at BrownShoe.BrownShippingMethodPipeline.ShippingCalculator.GetShippingRates(String shippingMethodName) in e:\projects\brownshoe\unit_tests\product\src\BrownShoe\PipelineComponents\BrownShippingMethodPipeline\ShippingCalculator.cs:line 417
   at BrownShoe.BrownShippingMethodPipeline.NaturalizerShippingCalculator.CalculateShipping() in e:\projects\brownshoe\unit_tests\product\src\BrownShoe\PipelineComponents\BrownShippingMethodPipeline\ShippingCalculators\NaturalizerShippingCalculator.cs:line 67
   at BrownShoe.UnitTests.NaturalizerShippingCalculatorTest.CalculateShippingTestContinentalOverFreeCutoff()
</stackTrace></errorInfo><traceInfo type="Microsoft.VisualStudio.TestTools.Common.TestExecutionTraceInformation"><trace type="System.Text.StringBuilder">Creating instance of class BrownShoe.UnitTests.NaturalizerShippingCalculatorTest.
Calling Test method BrownShoe.UnitTests.NaturalizerShippingCalculatorTest.Microsoft.VisualStudio.TestTools.TestTypes.Unit.TestMethod.
</trace></traceInfo><stdout type="System.String" /><stderr type="System.String" /><debugTrace type="System.String" /><workItemIds type="System.Collections.Generic.List`1[[System.Int32, mscorlib, Version=2.0.0.0, Culture=neutral, PublicKeyToken=b77a5c561934e089]]"><_size type="System.Int32">0</_size><_version type="System.Int32">1</_version></workItemIds><id type="Microsoft.VisualStudio.TestTools.Common.TestResultId"><runId type="System.Guid">3d9a8baa-b9cb-4717-8a94-3c6445344217</runId><executionId type="Microsoft.VisualStudio.TestTools.Common.TestExecId"><id type="System.Guid">7e9ed297-5717-4131-961f-6edd3b8df7c6</id></executionId><parentExecId type="Microsoft.VisualStudio.TestTools.Common.TestExecId"><id type="System.Guid">00000000-0000-0000-0000-000000000000</id></parentExecId><testId type="Microsoft.VisualStudio.TestTools.Common.TestId"><id type="System.Guid">60bda3ed-eef3-3b82-1cc9-dec63a6b12da</id></testId></id><testName type="System.String">CalculateShippingTestContinentalOverFreeCutoff</testName><testType type="Microsoft.VisualStudio.TestTools.Common.TestType"><id type="System.Guid">13cdc9d9-ddb5-4fa4-a97d-d965ccfc6d4b</id></testType><messageKind type="Microsoft.VisualStudio.TestTools.Common.TestMessageKind"><value__ type="System.Int32">1</value__></messageKind><computerInfo type="Microsoft.VisualStudio.TestTools.Common.ComputerInfo"><m_computerName type="System.String">ECDATA-TFS01</m_computerName></computerInfo><duration type="System.TimeSpan">00:00:00.0081783</duration><startTime type="System.DateTime"><dateData type="System.UInt64">633673774802031936</dateData></startTime><endTime type="System.DateTime"><dateData type="System.UInt64">633673774802188196</dateData></endTime><spoolMessage type="System.Boolean">True</spoolMessage></UnitTestResult><UnitTestResult type="Microsoft.VisualStudio.TestTools.TestTypes.Unit.UnitTestResult, Microsoft.VisualStudio.QualityTools.Tips.UnitTest.ObjectModel, Version=8.0.0.0, Culture=neutral, PublicKeyToken=b03f5f7f11d50a3a"><resultType type="Microsoft.VisualStudio.TestTools.TestTypes.Unit.UnitTestResultType, Microsoft.VisualStudio.QualityTools.Tips.UnitTest.ObjectModel, Version=8.0.0.0, Culture=neutral, PublicKeyToken=b03f5f7f11d50a3a"><value__ type="System.Int32">0</value__></resultType><m_hasSufficientAccess type="System.Boolean">True</m_hasSufficientAccess><counters type="Microsoft.VisualStudio.TestTools.Common.TestResultCounter"><values type="System.Int32">0,0,0,0,0,0,0,0,0,0,0,0,0,0</values><total type="System.Int32">1</total></counters><categoryId type="Microsoft.VisualStudio.TestTools.Common.TestCategoryId"><id type="System.Guid">8c84fa94-04c1-424b-9868-57a2d4851a1d</id></categoryId><outcome type="Microsoft.VisualStudio.TestTools.Common.TestOutcome"><value__ type="System.Int32">1</value__></outcome><errorInfo type="Microsoft.VisualStudio.TestTools.Common.TestResultErrorInfo"><message type="System.String">Test method BrownShoe.UnitTests.NaturalizerShippingCalculatorTest.CalculateShippingTestContinentalUnderFreeCutoff threw exception:  System.Data.SqlClient.SqlException: An error has occurred while establishing a connection to the server.  When connecting to SQL Server 2005, this failure may be caused by the fact that under the default settings SQL Server does not allow remote connections. (provider: Named Pipes Provider, error: 40 - Could not open a connection to SQL Server).</message><stackTrace type="System.String">    at System.Data.ProviderBase.DbConnectionPool.GetConnection(DbConnection owningObject)
   at System.Data.ProviderBase.DbConnectionFactory.GetConnection(DbConnection owningConnection)
   at System.Data.ProviderBase.DbConnectionClosed.OpenConnection(DbConnection outerConnection, DbConnectionFactory connectionFactory)
   at System.Data.SqlClient.SqlConnection.Open()
   at System.Data.Common.DbDataAdapter.FillInternal(DataSet dataset, DataTable[] datatables, Int32 startRecord, Int32 maxRecords, String srcTable, IDbCommand command, CommandBehavior behavior)
   at System.Data.Common.DbDataAdapter.Fill(DataSet dataSet, Int32 startRecord, Int32 maxRecords, String srcTable, IDbCommand command, CommandBehavior behavior)
   at System.Data.Common.DbDataAdapter.Fill(DataSet dataSet)
   at Microsoft.Practices.EnterpriseLibrary.Data.Database.DoLoadDataSet(DbCommand command, DataSet dataSet, String[] tableNames)
   at Microsoft.Practices.EnterpriseLibrary.Data.Database.LoadDataSet(DbCommand command, DataSet dataSet, String[] tableNames)
   at Microsoft.Practices.EnterpriseLibrary.Data.Database.LoadDataSet(DbCommand command, DataSet dataSet, String tableName)
   at Microsoft.Practices.EnterpriseLibrary.Data.Database.ExecuteDataSet(DbCommand command)
   at BrownShoe.BrownShippingMethodPipeline.ShippingCalculator.GetShippingRates(String shippingMethodName) in e:\projects\brownshoe\unit_tests\product\src\BrownShoe\PipelineComponents\BrownShippingMethodPipeline\ShippingCalculator.cs:line 417
   at BrownShoe.BrownShippingMethodPipeline.NaturalizerShippingCalculator.CalculateShipping() in e:\projects\brownshoe\unit_tests\product\src\BrownShoe\PipelineComponents\BrownShippingMethodPipeline\ShippingCalculators\NaturalizerShippingCalculator.cs:line 67
   at BrownShoe.UnitTests.NaturalizerShippingCalculatorTest.CalculateShippingTestContinentalUnderFreeCutoff()
</stackTrace></errorInfo><traceInfo type="Microsoft.VisualStudio.TestTools.Common.TestExecutionTraceInformation"><trace type="System.Text.StringBuilder">Creating instance of class BrownShoe.UnitTests.NaturalizerShippingCalculatorTest.
Calling Test method BrownShoe.UnitTests.NaturalizerShippingCalculatorTest.Microsoft.VisualStudio.TestTools.TestTypes.Unit.TestMethod.
</trace></traceInfo><stdout type="System.String" /><stderr type="System.String" /><debugTrace type="System.String" /><workItemIds type="System.Collections.Generic.List`1[[System.Int32, mscorlib, Version=2.0.0.0, Culture=neutral, PublicKeyToken=b77a5c561934e089]]"><_size type="System.Int32">0</_size><_version type="System.Int32">1</_version></workItemIds><id type="Microsoft.VisualStudio.TestTools.Common.TestResultId"><runId type="System.Guid">3d9a8baa-b9cb-4717-8a94-3c6445344217</runId><executionId type="Microsoft.VisualStudio.TestTools.Common.TestExecId"><id type="System.Guid">5acf6e8e-fbdd-44da-a877-b65f55da9636</id></executionId><parentExecId type="Microsoft.VisualStudio.TestTools.Common.TestExecId"><id type="System.Guid">00000000-0000-0000-0000-000000000000</id></parentExecId><testId type="Microsoft.VisualStudio.TestTools.Common.TestId"><id type="System.Guid">46d7a115-16e3-d547-f312-e4c86447a277</id></testId></id><testName type="System.String">CalculateShippingTestContinentalUnderFreeCutoff</testName><testType type="Microsoft.VisualStudio.TestTools.Common.TestType"><id type="System.Guid">13cdc9d9-ddb5-4fa4-a97d-d965ccfc6d4b</id></testType><messageKind type="Microsoft.VisualStudio.TestTools.Common.TestMessageKind"><value__ type="System.Int32">1</value__></messageKind><computerInfo type="Microsoft.VisualStudio.TestTools.Common.ComputerInfo"><m_computerName type="System.String">ECDATA-TFS01</m_computerName></computerInfo><duration type="System.TimeSpan">00:00:00.0031636</duration><startTime type="System.DateTime"><dateData type="System.UInt64">633673774802188196</dateData></startTime><endTime type="System.DateTime"><dateData type="System.UInt64">633673774802188196</dateData></endTime><spoolMessage type="System.Boolean">True</spoolMessage></UnitTestResult><UnitTestResult type="Microsoft.VisualStudio.TestTools.TestTypes.Unit.UnitTestResult, Microsoft.VisualStudio.QualityTools.Tips.UnitTest.ObjectModel, Version=8.0.0.0, Culture=neutral, PublicKeyToken=b03f5f7f11d50a3a"><resultType type="Microsoft.VisualStudio.TestTools.TestTypes.Unit.UnitTestResultType, Microsoft.VisualStudio.QualityTools.Tips.UnitTest.ObjectModel, Version=8.0.0.0, Culture=neutral, PublicKeyToken=b03f5f7f11d50a3a"><value__ type="System.Int32">0</value__></resultType><m_hasSufficientAccess type="System.Boolean">True</m_hasSufficientAccess><counters type="Microsoft.VisualStudio.TestTools.Common.TestResultCounter"><values type="System.Int32">0,0,0,0,0,0,0,0,0,0,0,0,0,0</values><total type="System.Int32">1</total></counters><categoryId type="Microsoft.VisualStudio.TestTools.Common.TestCategoryId"><id type="System.Guid">8c84fa94-04c1-424b-9868-57a2d4851a1d</id></categoryId><outcome type="Microsoft.VisualStudio.TestTools.Common.TestOutcome"><value__ type="System.Int32">1</value__></outcome><errorInfo type="Microsoft.VisualStudio.TestTools.Common.TestResultErrorInfo"><message type="System.String">Test method BrownShoe.UnitTests.NaturalizerShippingCalculatorTest.CalculateShippingTestNonContinentalOverFreeCutoff threw exception:  System.Data.SqlClient.SqlException: An error has occurred while establishing a connection to the server.  When connecting to SQL Server 2005, this failure may be caused by the fact that under the default settings SQL Server does not allow remote connections. (provider: Named Pipes Provider, error: 40 - Could not open a connection to SQL Server).</message><stackTrace type="System.String">    at System.Data.ProviderBase.DbConnectionPool.GetConnection(DbConnection owningObject)
   at System.Data.ProviderBase.DbConnectionFactory.GetConnection(DbConnection owningConnection)
   at System.Data.ProviderBase.DbConnectionClosed.OpenConnection(DbConnection outerConnection, DbConnectionFactory connectionFactory)
   at System.Data.SqlClient.SqlConnection.Open()
   at System.Data.Common.DbDataAdapter.FillInternal(DataSet dataset, DataTable[] datatables, Int32 startRecord, Int32 maxRecords, String srcTable, IDbCommand command, CommandBehavior behavior)
   at System.Data.Common.DbDataAdapter.Fill(DataSet dataSet, Int32 startRecord, Int32 maxRecords, String srcTable, IDbCommand command, CommandBehavior behavior)
   at System.Data.Common.DbDataAdapter.Fill(DataSet dataSet)
   at Microsoft.Practices.EnterpriseLibrary.Data.Database.DoLoadDataSet(DbCommand command, DataSet dataSet, String[] tableNames)
   at Microsoft.Practices.EnterpriseLibrary.Data.Database.LoadDataSet(DbCommand command, DataSet dataSet, String[] tableNames)
   at Microsoft.Practices.EnterpriseLibrary.Data.Database.LoadDataSet(DbCommand command, DataSet dataSet, String tableName)
   at Microsoft.Practices.EnterpriseLibrary.Data.Database.ExecuteDataSet(DbCommand command)
   at BrownShoe.BrownShippingMethodPipeline.ShippingCalculator.GetShippingRates(String shippingMethodName) in e:\projects\brownshoe\unit_tests\product\src\BrownShoe\PipelineComponents\BrownShippingMethodPipeline\ShippingCalculator.cs:line 417
   at BrownShoe.BrownShippingMethodPipeline.NaturalizerShippingCalculator.CalculateShipping() in e:\projects\brownshoe\unit_tests\product\src\BrownShoe\PipelineComponents\BrownShippingMethodPipeline\ShippingCalculators\NaturalizerShippingCalculator.cs:line 67
   at BrownShoe.UnitTests.NaturalizerShippingCalculatorTest.CalculateShippingTestNonContinentalOverFreeCutoff()
</stackTrace></errorInfo><traceInfo type="Microsoft.VisualStudio.TestTools.Common.TestExecutionTraceInformation"><trace type="System.Text.StringBuilder">Creating instance of class BrownShoe.UnitTests.NaturalizerShippingCalculatorTest.
Calling Test method BrownShoe.UnitTests.NaturalizerShippingCalculatorTest.Microsoft.VisualStudio.TestTools.TestTypes.Unit.TestMethod.
</trace></traceInfo><stdout type="System.String" /><stderr type="System.String" /><debugTrace type="System.String" /><workItemIds type="System.Collections.Generic.List`1[[System.Int32, mscorlib, Version=2.0.0.0, Culture=neutral, PublicKeyToken=b77a5c561934e089]]"><_size type="System.Int32">0</_size><_version type="System.Int32">1</_version></workItemIds><id type="Microsoft.VisualStudio.TestTools.Common.TestResultId"><runId type="System.Guid">3d9a8baa-b9cb-4717-8a94-3c6445344217</runId><executionId type="Microsoft.VisualStudio.TestTools.Common.TestExecId"><id type="System.Guid">b9b73b0c-bf71-4908-b30a-18a4fb38e6a5</id></executionId><parentExecId type="Microsoft.VisualStudio.TestTools.Common.TestExecId"><id type="System.Guid">00000000-0000-0000-0000-000000000000</id></parentExecId><testId type="Microsoft.VisualStudio.TestTools.Common.TestId"><id type="System.Guid">a0f7441a-23ec-27ad-fdbe-3bc8738293ab</id></testId></id><testName type="System.String">CalculateShippingTestNonContinentalOverFreeCutoff</testName><testType type="Microsoft.VisualStudio.TestTools.Common.TestType"><id type="System.Guid">13cdc9d9-ddb5-4fa4-a97d-d965ccfc6d4b</id></testType><messageKind type="Microsoft.VisualStudio.TestTools.Common.TestMessageKind"><value__ type="System.Int32">1</value__></messageKind><computerInfo type="Microsoft.VisualStudio.TestTools.Common.ComputerInfo"><m_computerName type="System.String">ECDATA-TFS01</m_computerName></computerInfo><duration type="System.TimeSpan">00:00:00.0037893</duration><startTime type="System.DateTime"><dateData type="System.UInt64">633673774802188196</dateData></startTime><endTime type="System.DateTime"><dateData type="System.UInt64">633673774802344456</dateData></endTime><spoolMessage type="System.Boolean">True</spoolMessage></UnitTestResult><UnitTestResult type="Microsoft.VisualStudio.TestTools.TestTypes.Unit.UnitTestResult, Microsoft.VisualStudio.QualityTools.Tips.UnitTest.ObjectModel, Version=8.0.0.0, Culture=neutral, PublicKeyToken=b03f5f7f11d50a3a"><resultType type="Microsoft.VisualStudio.TestTools.TestTypes.Unit.UnitTestResultType, Microsoft.VisualStudio.QualityTools.Tips.UnitTest.ObjectModel, Version=8.0.0.0, Culture=neutral, PublicKeyToken=b03f5f7f11d50a3a"><value__ type="System.Int32">0</value__></resultType><m_hasSufficientAccess type="System.Boolean">True</m_hasSufficientAccess><counters type="Microsoft.VisualStudio.TestTools.Common.TestResultCounter"><values type="System.Int32">0,0,0,0,0,0,0,0,0,0,0,0,0,0</values><total type="System.Int32">1</total></counters><categoryId type="Microsoft.VisualStudio.TestTools.Common.TestCategoryId"><id type="System.Guid">8c84fa94-04c1-424b-9868-57a2d4851a1d</id></categoryId><outcome type="Microsoft.VisualStudio.TestTools.Common.TestOutcome"><value__ type="System.Int32">1</value__></outcome><errorInfo type="Microsoft.VisualStudio.TestTools.Common.TestResultErrorInfo"><message type="System.String">Test method BrownShoe.UnitTests.NaturalizerShippingCalculatorTest.CalculateShippingTestNonContinentalUnderFreeCutoff threw exception:  System.Data.SqlClient.SqlException: An error has occurred while establishing a connection to the server.  When connecting to SQL Server 2005, this failure may be caused by the fact that under the default settings SQL Server does not allow remote connections. (provider: Named Pipes Provider, error: 40 - Could not open a connection to SQL Server).</message><stackTrace type="System.String">    at System.Data.ProviderBase.DbConnectionPool.GetConnection(DbConnection owningObject)
   at System.Data.ProviderBase.DbConnectionFactory.GetConnection(DbConnection owningConnection)
   at System.Data.ProviderBase.DbConnectionClosed.OpenConnection(DbConnection outerConnection, DbConnectionFactory connectionFactory)
   at System.Data.SqlClient.SqlConnection.Open()
   at System.Data.Common.DbDataAdapter.FillInternal(DataSet dataset, DataTable[] datatables, Int32 startRecord, Int32 maxRecords, String srcTable, IDbCommand command, CommandBehavior behavior)
   at System.Data.Common.DbDataAdapter.Fill(DataSet dataSet, Int32 startRecord, Int32 maxRecords, String srcTable, IDbCommand command, CommandBehavior behavior)
   at System.Data.Common.DbDataAdapter.Fill(DataSet dataSet)
   at Microsoft.Practices.EnterpriseLibrary.Data.Database.DoLoadDataSet(DbCommand command, DataSet dataSet, String[] tableNames)
   at Microsoft.Practices.EnterpriseLibrary.Data.Database.LoadDataSet(DbCommand command, DataSet dataSet, String[] tableNames)
   at Microsoft.Practices.EnterpriseLibrary.Data.Database.LoadDataSet(DbCommand command, DataSet dataSet, String tableName)
   at Microsoft.Practices.EnterpriseLibrary.Data.Database.ExecuteDataSet(DbCommand command)
   at BrownShoe.BrownShippingMethodPipeline.ShippingCalculator.GetShippingRates(String shippingMethodName) in e:\projects\brownshoe\unit_tests\product\src\BrownShoe\PipelineComponents\BrownShippingMethodPipeline\ShippingCalculator.cs:line 417
   at BrownShoe.BrownShippingMethodPipeline.NaturalizerShippingCalculator.CalculateShipping() in e:\projects\brownshoe\unit_tests\product\src\BrownShoe\PipelineComponents\BrownShippingMethodPipeline\ShippingCalculators\NaturalizerShippingCalculator.cs:line 67
   at BrownShoe.UnitTests.NaturalizerShippingCalculatorTest.CalculateShippingTestNonContinentalUnderFreeCutoff()
</stackTrace></errorInfo><traceInfo type="Microsoft.VisualStudio.TestTools.Common.TestExecutionTraceInformation"><trace type="System.Text.StringBuilder">Creating instance of class BrownShoe.UnitTests.NaturalizerShippingCalculatorTest.
Calling Test method BrownShoe.UnitTests.NaturalizerShippingCalculatorTest.Microsoft.VisualStudio.TestTools.TestTypes.Unit.TestMethod.
</trace></traceInfo><stdout type="System.String" /><stderr type="System.String" /><debugTrace type="System.String" /><workItemIds type="System.Collections.Generic.List`1[[System.Int32, mscorlib, Version=2.0.0.0, Culture=neutral, PublicKeyToken=b77a5c561934e089]]"><_size type="System.Int32">0</_size><_version type="System.Int32">1</_version></workItemIds><id type="Microsoft.VisualStudio.TestTools.Common.TestResultId"><runId type="System.Guid">3d9a8baa-b9cb-4717-8a94-3c6445344217</runId><executionId type="Microsoft.VisualStudio.TestTools.Common.TestExecId"><id type="System.Guid">72d3100f-b696-4d3d-a0f7-0a11f6eddb97</id></executionId><parentExecId type="Microsoft.VisualStudio.TestTools.Common.TestExecId"><id type="System.Guid">00000000-0000-0000-0000-000000000000</id></parentExecId><testId type="Microsoft.VisualStudio.TestTools.Common.TestId"><id type="System.Guid">2445491b-ca34-d36b-25c0-0f6b9689e457</id></testId></id><testName type="System.String">CalculateShippingTestNonContinentalUnderFreeCutoff</testName><testType type="Microsoft.VisualStudio.TestTools.Common.TestType"><id type="System.Guid">13cdc9d9-ddb5-4fa4-a97d-d965ccfc6d4b</id></testType><messageKind type="Microsoft.VisualStudio.TestTools.Common.TestMessageKind"><value__ type="System.Int32">1</value__></messageKind><computerInfo type="Microsoft.VisualStudio.TestTools.Common.ComputerInfo"><m_computerName type="System.String">ECDATA-TFS01</m_computerName></computerInfo><duration type="System.TimeSpan">00:00:00.0032448</duration><startTime type="System.DateTime"><dateData type="System.UInt64">633673774802344456</dateData></startTime><endTime type="System.DateTime"><dateData type="System.UInt64">633673774802344456</dateData></endTime><spoolMessage type="System.Boolean">True</spoolMessage></UnitTestResult><UnitTestResult type="Microsoft.VisualStudio.TestTools.TestTypes.Unit.UnitTestResult, Microsoft.VisualStudio.QualityTools.Tips.UnitTest.ObjectModel, Version=8.0.0.0, Culture=neutral, PublicKeyToken=b03f5f7f11d50a3a"><resultType type="Microsoft.VisualStudio.TestTools.TestTypes.Unit.UnitTestResultType, Microsoft.VisualStudio.QualityTools.Tips.UnitTest.ObjectModel, Version=8.0.0.0, Culture=neutral, PublicKeyToken=b03f5f7f11d50a3a"><value__ type="System.Int32">0</value__></resultType><m_hasSufficientAccess type="System.Boolean">True</m_hasSufficientAccess><counters type="Microsoft.VisualStudio.TestTools.Common.TestResultCounter"><values type="System.Int32">0,0,0,0,0,0,0,0,0,0,0,0,0,0</values><total type="System.Int32">1</total></counters><categoryId type="Microsoft.VisualStudio.TestTools.Common.TestCategoryId"><id type="System.Guid">8c84fa94-04c1-424b-9868-57a2d4851a1d</id></categoryId><outcome type="Microsoft.VisualStudio.TestTools.Common.TestOutcome"><value__ type="System.Int32">4</value__></outcome><errorInfo type="Microsoft.VisualStudio.TestTools.Common.TestResultErrorInfo"><message type="System.String">Assert.Inconclusive failed. Verify the correctness of this test method</message><stackTrace type="System.String">   at BrownShoe.UnitTests.RetailApplicationCore.Checkout.CheckoutConfigHelperTest.GetDefaultShippingMethodTest()
</stackTrace></errorInfo><traceInfo type="Microsoft.VisualStudio.TestTools.Common.TestExecutionTraceInformation"><trace type="System.Text.StringBuilder">Creating instance of class BrownShoe.UnitTests.RetailApplicationCore.Checkout.CheckoutConfigHelperTest.
Calling Test method BrownShoe.UnitTests.RetailApplicationCore.Checkout.CheckoutConfigHelperTest.Microsoft.VisualStudio.TestTools.TestTypes.Unit.TestMethod.
</trace></traceInfo><stdout type="System.String" /><stderr type="System.String" /><debugTrace type="System.String" /><workItemIds type="System.Collections.Generic.List`1[[System.Int32, mscorlib, Version=2.0.0.0, Culture=neutral, PublicKeyToken=b77a5c561934e089]]"><_size type="System.Int32">0</_size><_version type="System.Int32">1</_version></workItemIds><id type="Microsoft.VisualStudio.TestTools.Common.TestResultId"><runId type="System.Guid">3d9a8baa-b9cb-4717-8a94-3c6445344217</runId><executionId type="Microsoft.VisualStudio.TestTools.Common.TestExecId"><id type="System.Guid">95b45bd3-f738-47be-abc6-dacb0f921e81</id></executionId><parentExecId type="Microsoft.VisualStudio.TestTools.Common.TestExecId"><id type="System.Guid">00000000-0000-0000-0000-000000000000</id></parentExecId><testId type="Microsoft.VisualStudio.TestTools.Common.TestId"><id type="System.Guid">db9aea78-2891-928e-3e42-e2cd9553cda1</id></testId></id><testName type="System.String">GetDefaultShippingMethodTest</testName><testType type="Microsoft.VisualStudio.TestTools.Common.TestType"><id type="System.Guid">13cdc9d9-ddb5-4fa4-a97d-d965ccfc6d4b</id></testType><messageKind type="Microsoft.VisualStudio.TestTools.Common.TestMessageKind"><value__ type="System.Int32">1</value__></messageKind><computerInfo type="Microsoft.VisualStudio.TestTools.Common.ComputerInfo"><m_computerName type="System.String">ECDATA-TFS01</m_computerName></computerInfo><duration type="System.TimeSpan">00:00:00.0353205</duration><startTime type="System.DateTime"><dateData type="System.UInt64">633673774802344456</dateData></startTime><endTime type="System.DateTime"><dateData type="System.UInt64">633673774802813236</dateData></endTime><spoolMessage type="System.Boolean">True</spoolMessage></UnitTestResult><UnitTestResult type="Microsoft.VisualStudio.TestTools.TestTypes.Unit.UnitTestResult, Microsoft.VisualStudio.QualityTools.Tips.UnitTest.ObjectModel, Version=8.0.0.0, Culture=neutral, PublicKeyToken=b03f5f7f11d50a3a"><resultType type="Microsoft.VisualStudio.TestTools.TestTypes.Unit.UnitTestResultType, Microsoft.VisualStudio.QualityTools.Tips.UnitTest.ObjectModel, Version=8.0.0.0, Culture=neutral, PublicKeyToken=b03f5f7f11d50a3a"><value__ type="System.Int32">0</value__></resultType><m_hasSufficientAccess type="System.Boolean">True</m_hasSufficientAccess><counters type="Microsoft.VisualStudio.TestTools.Common.TestResultCounter"><values type="System.Int32">0,0,0,0,0,0,0,0,0,0,0,0,0,0</values><total type="System.Int32">1</total></counters><categoryId type="Microsoft.VisualStudio.TestTools.Common.TestCategoryId"><id type="System.Guid">8c84fa94-04c1-424b-9868-57a2d4851a1d</id></categoryId><outcome type="Microsoft.VisualStudio.TestTools.Common.TestOutcome"><value__ type="System.Int32">4</value__></outcome><errorInfo type="Microsoft.VisualStudio.TestTools.Common.TestResultErrorInfo"><message type="System.String">Assert.Inconclusive failed. Verify the correctness of this test method</message><stackTrace type="System.String">   at BrownShoe.UnitTests.RetailApplicationCore.Checkout.CheckoutConfigHelperTest.GetPaymentTypeTest()
</stackTrace></errorInfo><traceInfo type="Microsoft.VisualStudio.TestTools.Common.TestExecutionTraceInformation"><trace type="System.Text.StringBuilder">Creating instance of class BrownShoe.UnitTests.RetailApplicationCore.Checkout.CheckoutConfigHelperTest.
Calling Test method BrownShoe.UnitTests.RetailApplicationCore.Checkout.CheckoutConfigHelperTest.Microsoft.VisualStudio.TestTools.TestTypes.Unit.TestMethod.
</trace></traceInfo><stdout type="System.String" /><stderr type="System.String" /><debugTrace type="System.String" /><workItemIds type="System.Collections.Generic.List`1[[System.Int32, mscorlib, Version=2.0.0.0, Culture=neutral, PublicKeyToken=b77a5c561934e089]]"><_size type="System.Int32">0</_size><_version type="System.Int32">1</_version></workItemIds><id type="Microsoft.VisualStudio.TestTools.Common.TestResultId"><runId type="System.Guid">3d9a8baa-b9cb-4717-8a94-3c6445344217</runId><executionId type="Microsoft.VisualStudio.TestTools.Common.TestExecId"><id type="System.Guid">f1391770-15c5-4d6d-b1b5-9899b9fe5d08</id></executionId><parentExecId type="Microsoft.VisualStudio.TestTools.Common.TestExecId"><id type="System.Guid">00000000-0000-0000-0000-000000000000</id></parentExecId><testId type="Microsoft.VisualStudio.TestTools.Common.TestId"><id type="System.Guid">25892861-947f-977e-0d5f-55d2085331e7</id></testId></id><testName type="System.String">GetPaymentTypeTest</testName><testType type="Microsoft.VisualStudio.TestTools.Common.TestType"><id type="System.Guid">13cdc9d9-ddb5-4fa4-a97d-d965ccfc6d4b</id></testType><messageKind type="Microsoft.VisualStudio.TestTools.Common.TestMessageKind"><value__ type="System.Int32">1</value__></messageKind><computerInfo type="Microsoft.VisualStudio.TestTools.Common.ComputerInfo"><m_computerName type="System.String">ECDATA-TFS01</m_computerName></computerInfo><duration type="System.TimeSpan">00:00:00.0028882</duration><startTime type="System.DateTime"><dateData type="System.UInt64">633673774802813236</dateData></startTime><endTime type="System.DateTime"><dateData type="System.UInt64">633673774802969496</dateData></endTime><spoolMessage type="System.Boolean">True</spoolMessage></UnitTestResult><UnitTestResult type="Microsoft.VisualStudio.TestTools.TestTypes.Unit.UnitTestResult, Microsoft.VisualStudio.QualityTools.Tips.UnitTest.ObjectModel, Version=8.0.0.0, Culture=neutral, PublicKeyToken=b03f5f7f11d50a3a"><resultType type="Microsoft.VisualStudio.TestTools.TestTypes.Unit.UnitTestResultType, Microsoft.VisualStudio.QualityTools.Tips.UnitTest.ObjectModel, Version=8.0.0.0, Culture=neutral, PublicKeyToken=b03f5f7f11d50a3a"><value__ type="System.Int32">0</value__></resultType><m_hasSufficientAccess type="System.Boolean">True</m_hasSufficientAccess><counters type="Microsoft.VisualStudio.TestTools.Common.TestResultCounter"><values type="System.Int32">0,0,0,0,0,0,0,0,0,0,0,0,0,0</values><total type="System.Int32">1</total></counters><categoryId type="Microsoft.VisualStudio.TestTools.Common.TestCategoryId"><id type="System.Guid">8c84fa94-04c1-424b-9868-57a2d4851a1d</id></categoryId><outcome type="Microsoft.VisualStudio.TestTools.Common.TestOutcome"><value__ type="System.Int32">4</value__></outcome><errorInfo type="Microsoft.VisualStudio.TestTools.Common.TestResultErrorInfo"><message type="System.String">Assert.Inconclusive failed. Verify the correctness of this test method</message><stackTrace type="System.String">   at BrownShoe.UnitTests.RetailApplicationCore.Checkout.CheckoutConfigHelperTest.GetShippingMethodNameTest()
</stackTrace></errorInfo><traceInfo type="Microsoft.VisualStudio.TestTools.Common.TestExecutionTraceInformation"><trace type="System.Text.StringBuilder">Creating instance of class BrownShoe.UnitTests.RetailApplicationCore.Checkout.CheckoutConfigHelperTest.
Calling Test method BrownShoe.UnitTests.RetailApplicationCore.Checkout.CheckoutConfigHelperTest.Microsoft.VisualStudio.TestTools.TestTypes.Unit.TestMethod.
</trace></traceInfo><stdout type="System.String" /><stderr type="System.String" /><debugTrace type="System.String" /><workItemIds type="System.Collections.Generic.List`1[[System.Int32, mscorlib, Version=2.0.0.0, Culture=neutral, PublicKeyToken=b77a5c561934e089]]"><_size type="System.Int32">0</_size><_version type="System.Int32">1</_version></workItemIds><id type="Microsoft.VisualStudio.TestTools.Common.TestResultId"><runId type="System.Guid">3d9a8baa-b9cb-4717-8a94-3c6445344217</runId><executionId type="Microsoft.VisualStudio.TestTools.Common.TestExecId"><id type="System.Guid">8cf5e730-b550-4c41-a07c-58f35a1374db</id></executionId><parentExecId type="Microsoft.VisualStudio.TestTools.Common.TestExecId"><id type="System.Guid">00000000-0000-0000-0000-000000000000</id></parentExecId><testId type="Microsoft.VisualStudio.TestTools.Common.TestId"><id type="System.Guid">6dc03cee-d2a1-e07e-c13b-255aa76c4bb8</id></testId></id><testName type="System.String">GetShippingMethodNameTest</testName><testType type="Microsoft.VisualStudio.TestTools.Common.TestType"><id type="System.Guid">13cdc9d9-ddb5-4fa4-a97d-d965ccfc6d4b</id></testType><messageKind type="Microsoft.VisualStudio.TestTools.Common.TestMessageKind"><value__ type="System.Int32">1</value__></messageKind><computerInfo type="Microsoft.VisualStudio.TestTools.Common.ComputerInfo"><m_computerName type="System.String">ECDATA-TFS01</m_computerName></computerInfo><duration type="System.TimeSpan">00:00:00.0005916</duration><startTime type="System.DateTime"><dateData type="System.UInt64">633673774802969496</dateData></startTime><endTime type="System.DateTime"><dateData type="System.UInt64">633673774803125756</dateData></endTime><spoolMessage type="System.Boolean">True</spoolMessage></UnitTestResult><UnitTestResult type="Microsoft.VisualStudio.TestTools.TestTypes.Unit.UnitTestResult, Microsoft.VisualStudio.QualityTools.Tips.UnitTest.ObjectModel, Version=8.0.0.0, Culture=neutral, PublicKeyToken=b03f5f7f11d50a3a"><resultType type="Microsoft.VisualStudio.TestTools.TestTypes.Unit.UnitTestResultType, Microsoft.VisualStudio.QualityTools.Tips.UnitTest.ObjectModel, Version=8.0.0.0, Culture=neutral, PublicKeyToken=b03f5f7f11d50a3a"><value__ type="System.Int32">0</value__></resultType><m_hasSufficientAccess type="System.Boolean">True</m_hasSufficientAccess><counters type="Microsoft.VisualStudio.TestTools.Common.TestResultCounter"><values type="System.Int32">0,0,0,0,0,0,0,0,0,0,0,0,0,0</values><total type="System.Int32">1</total></counters><categoryId type="Microsoft.VisualStudio.TestTools.Common.TestCategoryId"><id type="System.Guid">8c84fa94-04c1-424b-9868-57a2d4851a1d</id></categoryId><outcome type="Microsoft.VisualStudio.TestTools.Common.TestOutcome"><value__ type="System.Int32">4</value__></outcome><errorInfo type="Microsoft.VisualStudio.TestTools.Common.TestResultErrorInfo"><message type="System.String">Assert.Inconclusive failed. Verify the correctness of this test method</message><stackTrace type="System.String">   at BrownShoe.UnitTests.RetailApplicationCore.Checkout.CheckoutConfigHelperTest.ListCreditCardTypesTest()
</stackTrace></errorInfo><traceInfo type="Microsoft.VisualStudio.TestTools.Common.TestExecutionTraceInformation"><trace type="System.Text.StringBuilder">Creating instance of class BrownShoe.UnitTests.RetailApplicationCore.Checkout.CheckoutConfigHelperTest.
Calling Test method BrownShoe.UnitTests.RetailApplicationCore.Checkout.CheckoutConfigHelperTest.Microsoft.VisualStudio.TestTools.TestTypes.Unit.TestMethod.
</trace></traceInfo><stdout type="System.String" /><stderr type="System.String" /><debugTrace type="System.String" /><workItemIds type="System.Collections.Generic.List`1[[System.Int32, mscorlib, Version=2.0.0.0, Culture=neutral, PublicKeyToken=b77a5c561934e089]]"><_size type="System.Int32">0</_size><_version type="System.Int32">1</_version></workItemIds><id type="Microsoft.VisualStudio.TestTools.Common.TestResultId"><runId type="System.Guid">3d9a8baa-b9cb-4717-8a94-3c6445344217</runId><executionId type="Microsoft.VisualStudio.TestTools.Common.TestExecId"><id type="System.Guid">e8dee134-ad2e-4ea0-b03a-599e3376e9e7</id></executionId><parentExecId type="Microsoft.VisualStudio.TestTools.Common.TestExecId"><id type="System.Guid">00000000-0000-0000-0000-000000000000</id></parentExecId><testId type="Microsoft.VisualStudio.TestTools.Common.TestId"><id type="System.Guid">3ddcd8f4-9a05-d4b8-1f3d-fd2c773c3676</id></testId></id><testName type="System.String">ListCreditCardTypesTest</testName><testType type="Microsoft.VisualStudio.TestTools.Common.TestType"><id type="System.Guid">13cdc9d9-ddb5-4fa4-a97d-d965ccfc6d4b</id></testType><messageKind type="Microsoft.VisualStudio.TestTools.Common.TestMessageKind"><value__ type="System.Int32">1</value__></messageKind><computerInfo type="Microsoft.VisualStudio.TestTools.Common.ComputerInfo"><m_computerName type="System.String">ECDATA-TFS01</m_computerName></computerInfo><duration type="System.TimeSpan">00:00:00.0011835</duration><startTime type="System.DateTime"><dateData type="System.UInt64">633673774803125756</dateData></startTime><endTime type="System.DateTime"><dateData type="System.UInt64">633673774803125756</dateData></endTime><spoolMessage type="System.Boolean">True</spoolMessage></UnitTestResult><UnitTestResult type="Microsoft.VisualStudio.TestTools.TestTypes.Unit.UnitTestResult, Microsoft.VisualStudio.QualityTools.Tips.UnitTest.ObjectModel, Version=8.0.0.0, Culture=neutral, PublicKeyToken=b03f5f7f11d50a3a"><resultType type="Microsoft.VisualStudio.TestTools.TestTypes.Unit.UnitTestResultType, Microsoft.VisualStudio.QualityTools.Tips.UnitTest.ObjectModel, Version=8.0.0.0, Culture=neutral, PublicKeyToken=b03f5f7f11d50a3a"><value__ type="System.Int32">0</value__></resultType><m_hasSufficientAccess type="System.Boolean">True</m_hasSufficientAccess><counters type="Microsoft.VisualStudio.TestTools.Common.TestResultCounter"><values type="System.Int32">0,0,0,0,0,0,0,0,0,0,0,0,0,0</values><total type="System.Int32">1</total></counters><categoryId type="Microsoft.VisualStudio.TestTools.Common.TestCategoryId"><id type="System.Guid">8c84fa94-04c1-424b-9868-57a2d4851a1d</id></categoryId><outcome type="Microsoft.VisualStudio.TestTools.Common.TestOutcome"><value__ type="System.Int32">4</value__></outcome><errorInfo type="Microsoft.VisualStudio.TestTools.Common.TestResultErrorInfo"><message type="System.String">Assert.Inconclusive failed. Verify the correctness of this test method</message><stackTrace type="System.String">   at BrownShoe.UnitTests.RetailApplicationCore.Checkout.CheckoutConfigHelperTest.ListOverrideShippingMethodsTest()
</stackTrace></errorInfo><traceInfo type="Microsoft.VisualStudio.TestTools.Common.TestExecutionTraceInformation"><trace type="System.Text.StringBuilder">Creating instance of class BrownShoe.UnitTests.RetailApplicationCore.Checkout.CheckoutConfigHelperTest.
Calling Test method BrownShoe.UnitTests.RetailApplicationCore.Checkout.CheckoutConfigHelperTest.Microsoft.VisualStudio.TestTools.TestTypes.Unit.TestMethod.
</trace></traceInfo><stdout type="System.String" /><stderr type="System.String" /><debugTrace type="System.String" /><workItemIds type="System.Collections.Generic.List`1[[System.Int32, mscorlib, Version=2.0.0.0, Culture=neutral, PublicKeyToken=b77a5c561934e089]]"><_size type="System.Int32">0</_size><_version type="System.Int32">1</_version></workItemIds><id type="Microsoft.VisualStudio.TestTools.Common.TestResultId"><runId type="System.Guid">3d9a8baa-b9cb-4717-8a94-3c6445344217</runId><executionId type="Microsoft.VisualStudio.TestTools.Common.TestExecId"><id type="System.Guid">54cc9db9-2971-45eb-9bd0-e338cd5fa7c2</id></executionId><parentExecId type="Microsoft.VisualStudio.TestTools.Common.TestExecId"><id type="System.Guid">00000000-0000-0000-0000-000000000000</id></parentExecId><testId type="Microsoft.VisualStudio.TestTools.Common.TestId"><id type="System.Guid">815528ed-2cd3-ccec-afac-4f6e8f5f83f7</id></testId></id><testName type="System.String">ListOverrideShippingMethodsTest</testName><testType type="Microsoft.VisualStudio.TestTools.Common.TestType"><id type="System.Guid">13cdc9d9-ddb5-4fa4-a97d-d965ccfc6d4b</id></testType><messageKind type="Microsoft.VisualStudio.TestTools.Common.TestMessageKind"><value__ type="System.Int32">1</value__></messageKind><computerInfo type="Microsoft.VisualStudio.TestTools.Common.ComputerInfo"><m_computerName type="System.String">ECDATA-TFS01</m_computerName></computerInfo><duration type="System.TimeSpan">00:00:00.0005708</duration><startTime type="System.DateTime"><dateData type="System.UInt64">633673774803125756</dateData></startTime><endTime type="System.DateTime"><dateData type="System.UInt64">633673774803125756</dateData></endTime><spoolMessage type="System.Boolean">True</spoolMessage></UnitTestResult><UnitTestResult type="Microsoft.VisualStudio.TestTools.TestTypes.Unit.UnitTestResult, Microsoft.VisualStudio.QualityTools.Tips.UnitTest.ObjectModel, Version=8.0.0.0, Culture=neutral, PublicKeyToken=b03f5f7f11d50a3a"><resultType type="Microsoft.VisualStudio.TestTools.TestTypes.Unit.UnitTestResultType, Microsoft.VisualStudio.QualityTools.Tips.UnitTest.ObjectModel, Version=8.0.0.0, Culture=neutral, PublicKeyToken=b03f5f7f11d50a3a"><value__ type="System.Int32">0</value__></resultType><m_hasSufficientAccess type="System.Boolean">True</m_hasSufficientAccess><counters type="Microsoft.VisualStudio.TestTools.Common.TestResultCounter"><values type="System.Int32">0,0,0,0,0,0,0,0,0,0,0,0,0,0</values><total type="System.Int32">1</total></counters><categoryId type="Microsoft.VisualStudio.TestTools.Common.TestCategoryId"><id type="System.Guid">8c84fa94-04c1-424b-9868-57a2d4851a1d</id></categoryId><outcome type="Microsoft.VisualStudio.TestTools.Common.TestOutcome"><value__ type="System.Int32">4</value__></outcome><errorInfo type="Microsoft.VisualStudio.TestTools.Common.TestResultErrorInfo"><message type="System.String">Assert.Inconclusive failed. Verify the correctness of this test method</message><stackTrace type="System.String">   at BrownShoe.UnitTests.RetailApplicationCore.Checkout.CheckoutConfigHelperTest.ListPaymentTypesTest()
</stackTrace></errorInfo><traceInfo type="Microsoft.VisualStudio.TestTools.Common.TestExecutionTraceInformation"><trace type="System.Text.StringBuilder">Creating instance of class BrownShoe.UnitTests.RetailApplicationCore.Checkout.CheckoutConfigHelperTest.
Calling Test method BrownShoe.UnitTests.RetailApplicationCore.Checkout.CheckoutConfigHelperTest.Microsoft.VisualStudio.TestTools.TestTypes.Unit.TestMethod.
</trace></traceInfo><stdout type="System.String" /><stderr type="System.String" /><debugTrace type="System.String" /><workItemIds type="System.Collections.Generic.List`1[[System.Int32, mscorlib, Version=2.0.0.0, Culture=neutral, PublicKeyToken=b77a5c561934e089]]"><_size type="System.Int32">0</_size><_version type="System.Int32">1</_version></workItemIds><id type="Microsoft.VisualStudio.TestTools.Common.TestResultId"><runId type="System.Guid">3d9a8baa-b9cb-4717-8a94-3c6445344217</runId><executionId type="Microsoft.VisualStudio.TestTools.Common.TestExecId"><id type="System.Guid">8ed5c57a-834c-4ab8-8502-72aeea02e00a</id></executionId><parentExecId type="Microsoft.VisualStudio.TestTools.Common.TestExecId"><id type="System.Guid">00000000-0000-0000-0000-000000000000</id></parentExecId><testId type="Microsoft.VisualStudio.TestTools.Common.TestId"><id type="System.Guid">cb0c945a-329d-ff4b-abf8-5ff616ff2790</id></testId></id><testName type="System.String">ListPaymentTypesTest</testName><testType type="Microsoft.VisualStudio.TestTools.Common.TestType"><id type="System.Guid">13cdc9d9-ddb5-4fa4-a97d-d965ccfc6d4b</id></testType><messageKind type="Microsoft.VisualStudio.TestTools.Common.TestMessageKind"><value__ type="System.Int32">1</value__></messageKind><computerInfo type="Microsoft.VisualStudio.TestTools.Common.ComputerInfo"><m_computerName type="System.String">ECDATA-TFS01</m_computerName></computerInfo><duration type="System.TimeSpan">00:00:00.0010387</duration><startTime type="System.DateTime"><dateData type="System.UInt64">633673774803125756</dateData></startTime><endTime type="System.DateTime"><dateData type="System.UInt64">633673774803282016</dateData></endTime><spoolMessage type="System.Boolean">True</spoolMessage></UnitTestResult><UnitTestResult type="Microsoft.VisualStudio.TestTools.TestTypes.Unit.UnitTestResult, Microsoft.VisualStudio.QualityTools.Tips.UnitTest.ObjectModel, Version=8.0.0.0, Culture=neutral, PublicKeyToken=b03f5f7f11d50a3a"><resultType type="Microsoft.VisualStudio.TestTools.TestTypes.Unit.UnitTestResultType, Microsoft.VisualStudio.QualityTools.Tips.UnitTest.ObjectModel, Version=8.0.0.0, Culture=neutral, PublicKeyToken=b03f5f7f11d50a3a"><value__ type="System.Int32">0</value__></resultType><m_hasSufficientAccess type="System.Boolean">True</m_hasSufficientAccess><counters type="Microsoft.VisualStudio.TestTools.Common.TestResultCounter"><values type="System.Int32">0,0,0,0,0,0,0,0,0,0,0,0,0,0</values><total type="System.Int32">1</total></counters><categoryId type="Microsoft.VisualStudio.TestTools.Common.TestCategoryId"><id type="System.Guid">8c84fa94-04c1-424b-9868-57a2d4851a1d</id></categoryId><outcome type="Microsoft.VisualStudio.TestTools.Common.TestOutcome"><value__ type="System.Int32">4</value__></outcome><errorInfo type="Microsoft.VisualStudio.TestTools.Common.TestResultErrorInfo"><message type="System.String">Assert.Inconclusive failed. Verify the correctness of this test method</message><stackTrace type="System.String">   at BrownShoe.UnitTests.RetailApplicationCore.Checkout.CheckoutConfigHelperTest.ListShippingMethodsTest()
</stackTrace></errorInfo><traceInfo type="Microsoft.VisualStudio.TestTools.Common.TestExecutionTraceInformation"><trace type="System.Text.StringBuilder">Creating instance of class BrownShoe.UnitTests.RetailApplicationCore.Checkout.CheckoutConfigHelperTest.
Calling Test method BrownShoe.UnitTests.RetailApplicationCore.Checkout.CheckoutConfigHelperTest.Microsoft.VisualStudio.TestTools.TestTypes.Unit.TestMethod.
</trace></traceInfo><stdout type="System.String" /><stderr type="System.String" /><debugTrace type="System.String" /><workItemIds type="System.Collections.Generic.List`1[[System.Int32, mscorlib, Version=2.0.0.0, Culture=neutral, PublicKeyToken=b77a5c561934e089]]"><_size type="System.Int32">0</_size><_version type="System.Int32">1</_version></workItemIds><id type="Microsoft.VisualStudio.TestTools.Common.TestResultId"><runId type="System.Guid">3d9a8baa-b9cb-4717-8a94-3c6445344217</runId><executionId type="Microsoft.VisualStudio.TestTools.Common.TestExecId"><id type="System.Guid">1fbe04d9-74b4-4d99-b730-0f503bac3b9a</id></executionId><parentExecId type="Microsoft.VisualStudio.TestTools.Common.TestExecId"><id type="System.Guid">00000000-0000-0000-0000-000000000000</id></parentExecId><testId type="Microsoft.VisualStudio.TestTools.Common.TestId"><id type="System.Guid">990db9cd-5c49-c1d8-f6e3-3069a084ff4c</id></testId></id><testName type="System.String">ListShippingMethodsTest</testName><testType type="Microsoft.VisualStudio.TestTools.Common.TestType"><id type="System.Guid">13cdc9d9-ddb5-4fa4-a97d-d965ccfc6d4b</id></testType><messageKind type="Microsoft.VisualStudio.TestTools.Common.TestMessageKind"><value__ type="System.Int32">1</value__></messageKind><computerInfo type="Microsoft.VisualStudio.TestTools.Common.ComputerInfo"><m_computerName type="System.String">ECDATA-TFS01</m_computerName></computerInfo><duration type="System.TimeSpan">00:00:00.0011614</duration><startTime type="System.DateTime"><dateData type="System.UInt64">633673774803282016</dateData></startTime><endTime type="System.DateTime"><dateData type="System.UInt64">633673774803282016</dateData></endTime><spoolMessage type="System.Boolean">True</spoolMessage></UnitTestResult><UnitTestResult type="Microsoft.VisualStudio.TestTools.TestTypes.Unit.UnitTestResult, Microsoft.VisualStudio.QualityTools.Tips.UnitTest.ObjectModel, Version=8.0.0.0, Culture=neutral, PublicKeyToken=b03f5f7f11d50a3a"><resultType type="Microsoft.VisualStudio.TestTools.TestTypes.Unit.UnitTestResultType, Microsoft.VisualStudio.QualityTools.Tips.UnitTest.ObjectModel, Version=8.0.0.0, Culture=neutral, PublicKeyToken=b03f5f7f11d50a3a"><value__ type="System.Int32">0</value__></resultType><m_hasSufficientAccess type="System.Boolean">True</m_hasSufficientAccess><counters type="Microsoft.VisualStudio.TestTools.Common.TestResultCounter"><values type="System.Int32">0,0,0,0,0,0,0,0,0,0,0,0,0,0</values><total type="System.Int32">1</total></counters><categoryId type="Microsoft.VisualStudio.TestTools.Common.TestCategoryId"><id type="System.Guid">8c84fa94-04c1-424b-9868-57a2d4851a1d</id></categoryId><outcome type="Microsoft.VisualStudio.TestTools.Common.TestOutcome"><value__ type="System.Int32">1</value__></outcome><errorInfo type="Microsoft.VisualStudio.TestTools.Common.TestResultErrorInfo"><message type="System.String">Test method BrownShoe.UnitTests.RetailApplicationCore.Checkout.CheckoutControllerTest.AddCreditCardPaymentTest threw exception:  System.NullReferenceException: Object reference not set to an instance of an object..</message><stackTrace type="System.String">    at BrownShoe.Web.ControllerManagerModule.get_Default() in e:\projects\brownshoe\unit_tests\product\src\BrownShoe\Libraries\WebCore\Web\ControllerManagerModule.cs:line 114
   at BrownShoe.UnitTests.RetailApplicationCore.Checkout.CheckoutControllerTest.Initialize()
   at BrownShoe.UnitTests.RetailApplicationCore.Checkout.CheckoutControllerTest.AddCreditCardPaymentTest()
</stackTrace></errorInfo><traceInfo type="Microsoft.VisualStudio.TestTools.Common.TestExecutionTraceInformation"><trace type="System.Text.StringBuilder">Creating instance of class BrownShoe.UnitTests.RetailApplicationCore.Checkout.CheckoutControllerTest.
Calling Test method BrownShoe.UnitTests.RetailApplicationCore.Checkout.CheckoutControllerTest.Microsoft.VisualStudio.TestTools.TestTypes.Unit.TestMethod.
</trace></traceInfo><stdout type="System.String" /><stderr type="System.String" /><debugTrace type="System.String" /><workItemIds type="System.Collections.Generic.List`1[[System.Int32, mscorlib, Version=2.0.0.0, Culture=neutral, PublicKeyToken=b77a5c561934e089]]"><_size type="System.Int32">0</_size><_version type="System.Int32">1</_version></workItemIds><id type="Microsoft.VisualStudio.TestTools.Common.TestResultId"><runId type="System.Guid">3d9a8baa-b9cb-4717-8a94-3c6445344217</runId><executionId type="Microsoft.VisualStudio.TestTools.Common.TestExecId"><id type="System.Guid">d80ad13c-77a5-410d-a03f-93de9b5dfb8b</id></executionId><parentExecId type="Microsoft.VisualStudio.TestTools.Common.TestExecId"><id type="System.Guid">00000000-0000-0000-0000-000000000000</id></parentExecId><testId type="Microsoft.VisualStudio.TestTools.Common.TestId"><id type="System.Guid">f84d33c2-aa8c-4b7f-42c0-b1260027e171</id></testId></id><testName type="System.String">AddCreditCardPaymentTest</testName><testType type="Microsoft.VisualStudio.TestTools.Common.TestType"><id type="System.Guid">13cdc9d9-ddb5-4fa4-a97d-d965ccfc6d4b</id></testType><messageKind type="Microsoft.VisualStudio.TestTools.Common.TestMessageKind"><value__ type="System.Int32">1</value__></messageKind><computerInfo type="Microsoft.VisualStudio.TestTools.Common.ComputerInfo"><m_computerName type="System.String">ECDATA-TFS01</m_computerName></computerInfo><duration type="System.TimeSpan">00:00:00.0719319</duration><startTime type="System.DateTime"><dateData type="System.UInt64">633673774803282016</dateData></startTime><endTime type="System.DateTime"><dateData type="System.UInt64">633673774804063316</dateData></endTime><spoolMessage type="System.Boolean">True</spoolMessage></UnitTestResult><UnitTestResult type="Microsoft.VisualStudio.TestTools.TestTypes.Unit.UnitTestResult, Microsoft.VisualStudio.QualityTools.Tips.UnitTest.ObjectModel, Version=8.0.0.0, Culture=neutral, PublicKeyToken=b03f5f7f11d50a3a"><resultType type="Microsoft.VisualStudio.TestTools.TestTypes.Unit.UnitTestResultType, Microsoft.VisualStudio.QualityTools.Tips.UnitTest.ObjectModel, Version=8.0.0.0, Culture=neutral, PublicKeyToken=b03f5f7f11d50a3a"><value__ type="System.Int32">0</value__></resultType><m_hasSufficientAccess type="System.Boolean">True</m_hasSufficientAccess><counters type="Microsoft.VisualStudio.TestTools.Common.TestResultCounter"><values type="System.Int32">0,0,0,0,0,0,0,0,0,0,0,0,0,0</values><total type="System.Int32">1</total></counters><categoryId type="Microsoft.VisualStudio.TestTools.Common.TestCategoryId"><id type="System.Guid">8c84fa94-04c1-424b-9868-57a2d4851a1d</id></categoryId><outcome type="Microsoft.VisualStudio.TestTools.Common.TestOutcome"><value__ type="System.Int32">1</value__></outcome><errorInfo type="Microsoft.VisualStudio.TestTools.Common.TestResultErrorInfo"><message type="System.String">Test method BrownShoe.UnitTests.RetailApplicationCore.Checkout.CheckoutControllerTest.AddGiftCertificateToCart threw exception:  System.NullReferenceException: Object reference not set to an instance of an object..</message><stackTrace type="System.String">    at BrownShoe.Web.ControllerManagerModule.get_Default() in e:\projects\brownshoe\unit_tests\product\src\BrownShoe\Libraries\WebCore\Web\ControllerManagerModule.cs:line 114
   at BrownShoe.UnitTests.RetailApplicationCore.Checkout.CheckoutControllerTest.Initialize()
   at BrownShoe.UnitTests.RetailApplicationCore.Checkout.CheckoutControllerTest.AddGiftCertificateToCart()
</stackTrace></errorInfo><traceInfo type="Microsoft.VisualStudio.TestTools.Common.TestExecutionTraceInformation"><trace type="System.Text.StringBuilder">Creating instance of class BrownShoe.UnitTests.RetailApplicationCore.Checkout.CheckoutControllerTest.
Calling Test method BrownShoe.UnitTests.RetailApplicationCore.Checkout.CheckoutControllerTest.Microsoft.VisualStudio.TestTools.TestTypes.Unit.TestMethod.
</trace></traceInfo><stdout type="System.String" /><stderr type="System.String" /><debugTrace type="System.String" /><workItemIds type="System.Collections.Generic.List`1[[System.Int32, mscorlib, Version=2.0.0.0, Culture=neutral, PublicKeyToken=b77a5c561934e089]]"><_size type="System.Int32">0</_size><_version type="System.Int32">1</_version></workItemIds><id type="Microsoft.VisualStudio.TestTools.Common.TestResultId"><runId type="System.Guid">3d9a8baa-b9cb-4717-8a94-3c6445344217</runId><executionId type="Microsoft.VisualStudio.TestTools.Common.TestExecId"><id type="System.Guid">c901cdc7-e69a-416b-85a9-8ac6420ee82d</id></executionId><parentExecId type="Microsoft.VisualStudio.TestTools.Common.TestExecId"><id type="System.Guid">00000000-0000-0000-0000-000000000000</id></parentExecId><testId type="Microsoft.VisualStudio.TestTools.Common.TestId"><id type="System.Guid">ab6a8534-c27b-223b-3a92-b4bc7a922d6e</id></testId></id><testName type="System.String">AddGiftCertificateToCart</testName><testType type="Microsoft.VisualStudio.TestTools.Common.TestType"><id type="System.Guid">13cdc9d9-ddb5-4fa4-a97d-d965ccfc6d4b</id></testType><messageKind type="Microsoft.VisualStudio.TestTools.Common.TestMessageKind"><value__ type="System.Int32">1</value__></messageKind><computerInfo type="Microsoft.VisualStudio.TestTools.Common.ComputerInfo"><m_computerName type="System.String">ECDATA-TFS01</m_computerName></computerInfo><duration type="System.TimeSpan">00:00:00.0134429</duration><startTime type="System.DateTime"><dateData type="System.UInt64">633673774804063316</dateData></startTime><endTime type="System.DateTime"><dateData type="System.UInt64">633673774804375836</dateData></endTime><spoolMessage type="System.Boolean">True</spoolMessage></UnitTestResult><UnitTestResult type="Microsoft.VisualStudio.TestTools.TestTypes.Unit.UnitTestResult, Microsoft.VisualStudio.QualityTools.Tips.UnitTest.ObjectModel, Version=8.0.0.0, Culture=neutral, PublicKeyToken=b03f5f7f11d50a3a"><resultType type="Microsoft.VisualStudio.TestTools.TestTypes.Unit.UnitTestResultType, Microsoft.VisualStudio.QualityTools.Tips.UnitTest.ObjectModel, Version=8.0.0.0, Culture=neutral, PublicKeyToken=b03f5f7f11d50a3a"><value__ type="System.Int32">0</value__></resultType><m_hasSufficientAccess type="System.Boolean">True</m_hasSufficientAccess><counters type="Microsoft.VisualStudio.TestTools.Common.TestResultCounter"><values type="System.Int32">0,0,0,0,0,0,0,0,0,0,0,0,0,0</values><total type="System.Int32">1</total></counters><categoryId type="Microsoft.VisualStudio.TestTools.Common.TestCategoryId"><id type="System.Guid">8c84fa94-04c1-424b-9868-57a2d4851a1d</id></categoryId><outcome type="Microsoft.VisualStudio.TestTools.Common.TestOutcome"><value__ type="System.Int32">1</value__></outcome><errorInfo type="Microsoft.VisualStudio.TestTools.Common.TestResultErrorInfo"><message type="System.String">Test method BrownShoe.UnitTests.RetailApplicationCore.Checkout.CheckoutControllerTest.AddItemToCartTest threw exception:  System.NullReferenceException: Object reference not set to an instance of an object..</message><stackTrace type="System.String">    at BrownShoe.Web.ControllerManagerModule.get_Default() in e:\projects\brownshoe\unit_tests\product\src\BrownShoe\Libraries\WebCore\Web\ControllerManagerModule.cs:line 114
   at BrownShoe.UnitTests.RetailApplicationCore.Checkout.CheckoutControllerTest.Initialize()
   at BrownShoe.UnitTests.RetailApplicationCore.Checkout.CheckoutControllerTest.AddItemToCartTest()
</stackTrace></errorInfo><traceInfo type="Microsoft.VisualStudio.TestTools.Common.TestExecutionTraceInformation"><trace type="System.Text.StringBuilder">Creating instance of class BrownShoe.UnitTests.RetailApplicationCore.Checkout.CheckoutControllerTest.
Calling Test method BrownShoe.UnitTests.RetailApplicationCore.Checkout.CheckoutControllerTest.Microsoft.VisualStudio.TestTools.TestTypes.Unit.TestMethod.
</trace></traceInfo><stdout type="System.String" /><stderr type="System.String" /><debugTrace type="System.String" /><workItemIds type="System.Collections.Generic.List`1[[System.Int32, mscorlib, Version=2.0.0.0, Culture=neutral, PublicKeyToken=b77a5c561934e089]]"><_size type="System.Int32">0</_size><_version type="System.Int32">1</_version></workItemIds><id type="Microsoft.VisualStudio.TestTools.Common.TestResultId"><runId type="System.Guid">3d9a8baa-b9cb-4717-8a94-3c6445344217</runId><executionId type="Microsoft.VisualStudio.TestTools.Common.TestExecId"><id type="System.Guid">8d399795-d019-4f04-ad1e-9966417888e0</id></executionId><parentExecId type="Microsoft.VisualStudio.TestTools.Common.TestExecId"><id type="System.Guid">00000000-0000-0000-0000-000000000000</id></parentExecId><testId type="Microsoft.VisualStudio.TestTools.Common.TestId"><id type="System.Guid">ff22133b-c8a9-7e5d-8544-476db78aced8</id></testId></id><testName type="System.String">AddItemToCartTest</testName><testType type="Microsoft.VisualStudio.TestTools.Common.TestType"><id type="System.Guid">13cdc9d9-ddb5-4fa4-a97d-d965ccfc6d4b</id></testType><messageKind type="Microsoft.VisualStudio.TestTools.Common.TestMessageKind"><value__ type="System.Int32">1</value__></messageKind><computerInfo type="Microsoft.VisualStudio.TestTools.Common.ComputerInfo"><m_computerName type="System.String">ECDATA-TFS01</m_computerName></computerInfo><duration type="System.TimeSpan">00:00:00.0018625</duration><startTime type="System.DateTime"><dateData type="System.UInt64">633673774804375836</dateData></startTime><endTime type="System.DateTime"><dateData type="System.UInt64">633673774804375836</dateData></endTime><spoolMessage type="System.Boolean">True</spoolMessage></UnitTestResult><UnitTestResult type="Microsoft.VisualStudio.TestTools.TestTypes.Unit.UnitTestResult, Microsoft.VisualStudio.QualityTools.Tips.UnitTest.ObjectModel, Version=8.0.0.0, Culture=neutral, PublicKeyToken=b03f5f7f11d50a3a"><resultType type="Microsoft.VisualStudio.TestTools.TestTypes.Unit.UnitTestResultType, Microsoft.VisualStudio.QualityTools.Tips.UnitTest.ObjectModel, Version=8.0.0.0, Culture=neutral, PublicKeyToken=b03f5f7f11d50a3a"><value__ type="System.Int32">0</value__></resultType><m_hasSufficientAccess type="System.Boolean">True</m_hasSufficientAccess><counters type="Microsoft.VisualStudio.TestTools.Common.TestResultCounter"><values type="System.Int32">0,0,0,0,0,0,0,0,0,0,0,0,0,0</values><total type="System.Int32">1</total></counters><categoryId type="Microsoft.VisualStudio.TestTools.Common.TestCategoryId"><id type="System.Guid">8c84fa94-04c1-424b-9868-57a2d4851a1d</id></categoryId><outcome type="Microsoft.VisualStudio.TestTools.Common.TestOutcome"><value__ type="System.Int32">1</value__></outcome><errorInfo type="Microsoft.VisualStudio.TestTools.Common.TestResultErrorInfo"><message type="System.String">Test method BrownShoe.UnitTests.RetailApplicationCore.Checkout.CheckoutControllerTest.AddShippingTest threw exception:  System.NullReferenceException: Object reference not set to an instance of an object..</message><stackTrace type="System.String">    at BrownShoe.Web.ControllerManagerModule.get_Default() in e:\projects\brownshoe\unit_tests\product\src\BrownShoe\Libraries\WebCore\Web\ControllerManagerModule.cs:line 114
   at BrownShoe.UnitTests.RetailApplicationCore.Checkout.CheckoutControllerTest.Initialize()
   at BrownShoe.UnitTests.RetailApplicationCore.Checkout.CheckoutControllerTest.AddShippingTest()
</stackTrace></errorInfo><traceInfo type="Microsoft.VisualStudio.TestTools.Common.TestExecutionTraceInformation"><trace type="System.Text.StringBuilder">Creating instance of class BrownShoe.UnitTests.RetailApplicationCore.Checkout.CheckoutControllerTest.
Calling Test method BrownShoe.UnitTests.RetailApplicationCore.Checkout.CheckoutControllerTest.Microsoft.VisualStudio.TestTools.TestTypes.Unit.TestMethod.
</trace></traceInfo><stdout type="System.String" /><stderr type="System.String" /><debugTrace type="System.String" /><workItemIds type="System.Collections.Generic.List`1[[System.Int32, mscorlib, Version=2.0.0.0, Culture=neutral, PublicKeyToken=b77a5c561934e089]]"><_size type="System.Int32">0</_size><_version type="System.Int32">1</_version></workItemIds><id type="Microsoft.VisualStudio.TestTools.Common.TestResultId"><runId type="System.Guid">3d9a8baa-b9cb-4717-8a94-3c6445344217</runId><executionId type="Microsoft.VisualStudio.TestTools.Common.TestExecId"><id type="System.Guid">cb11b05c-e096-402a-bf67-0a3798cee3c1</id></executionId><parentExecId type="Microsoft.VisualStudio.TestTools.Common.TestExecId"><id type="System.Guid">00000000-0000-0000-0000-000000000000</id></parentExecId><testId type="Microsoft.VisualStudio.TestTools.Common.TestId"><id type="System.Guid">6a63e01e-f1e2-97db-8caa-1237a289be1c</id></testId></id><testName type="System.String">AddShippingTest</testName><testType type="Microsoft.VisualStudio.TestTools.Common.TestType"><id type="System.Guid">13cdc9d9-ddb5-4fa4-a97d-d965ccfc6d4b</id></testType><messageKind type="Microsoft.VisualStudio.TestTools.Common.TestMessageKind"><value__ type="System.Int32">1</value__></messageKind><computerInfo type="Microsoft.VisualStudio.TestTools.Common.ComputerInfo"><m_computerName type="System.String">ECDATA-TFS01</m_computerName></computerInfo><duration type="System.TimeSpan">00:00:00.0014630</duration><startTime type="System.DateTime"><dateData type="System.UInt64">633673774804375836</dateData></startTime><endTime type="System.DateTime"><dateData type="System.UInt64">633673774804532096</dateData></endTime><spoolMessage type="System.Boolean">True</spoolMessage></UnitTestResult><UnitTestResult type="Microsoft.VisualStudio.TestTools.TestTypes.Unit.UnitTestResult, Microsoft.VisualStudio.QualityTools.Tips.UnitTest.ObjectModel, Version=8.0.0.0, Culture=neutral, PublicKeyToken=b03f5f7f11d50a3a"><resultType type="Microsoft.VisualStudio.TestTools.TestTypes.Unit.UnitTestResultType, Microsoft.VisualStudio.QualityTools.Tips.UnitTest.ObjectModel, Version=8.0.0.0, Culture=neutral, PublicKeyToken=b03f5f7f11d50a3a"><value__ type="System.Int32">0</value__></resultType><m_hasSufficientAccess type="System.Boolean">True</m_hasSufficientAccess><counters type="Microsoft.VisualStudio.TestTools.Common.TestResultCounter"><values type="System.Int32">0,0,0,0,0,0,0,0,0,0,0,0,0,0</values><total type="System.Int32">1</total></counters><categoryId type="Microsoft.VisualStudio.TestTools.Common.TestCategoryId"><id type="System.Guid">8c84fa94-04c1-424b-9868-57a2d4851a1d</id></categoryId><outcome type="Microsoft.VisualStudio.TestTools.Common.TestOutcome"><value__ type="System.Int32">1</value__></outcome><errorInfo type="Microsoft.VisualStudio.TestTools.Common.TestResultErrorInfo"><message type="System.String">Test method BrownShoe.UnitTests.RetailApplicationCore.Checkout.CheckoutControllerTest.SubmitOrderTest threw exception:  System.NullReferenceException: Object reference not set to an instance of an object..</message><stackTrace type="System.String">    at BrownShoe.Web.ControllerManagerModule.get_Default() in e:\projects\brownshoe\unit_tests\product\src\BrownShoe\Libraries\WebCore\Web\ControllerManagerModule.cs:line 114
   at BrownShoe.UnitTests.RetailApplicationCore.Checkout.CheckoutControllerTest.Initialize()
   at BrownShoe.UnitTests.RetailApplicationCore.Checkout.CheckoutControllerTest.SubmitOrderTest()
</stackTrace></errorInfo><traceInfo type="Microsoft.VisualStudio.TestTools.Common.TestExecutionTraceInformation"><trace type="System.Text.StringBuilder">Creating instance of class BrownShoe.UnitTests.RetailApplicationCore.Checkout.CheckoutControllerTest.
Calling Test method BrownShoe.UnitTests.RetailApplicationCore.Checkout.CheckoutControllerTest.Microsoft.VisualStudio.TestTools.TestTypes.Unit.TestMethod.
</trace></traceInfo><stdout type="System.String" /><stderr type="System.String" /><debugTrace type="System.String" /><workItemIds type="System.Collections.Generic.List`1[[System.Int32, mscorlib, Version=2.0.0.0, Culture=neutral, PublicKeyToken=b77a5c561934e089]]"><_size type="System.Int32">0</_size><_version type="System.Int32">1</_version></workItemIds><id type="Microsoft.VisualStudio.TestTools.Common.TestResultId"><runId type="System.Guid">3d9a8baa-b9cb-4717-8a94-3c6445344217</runId><executionId type="Microsoft.VisualStudio.TestTools.Common.TestExecId"><id type="System.Guid">ceb4dbc5-9e6f-4253-9bc6-c7fc8a3448d5</id></executionId><parentExecId type="Microsoft.VisualStudio.TestTools.Common.TestExecId"><id type="System.Guid">00000000-0000-0000-0000-000000000000</id></parentExecId><testId type="Microsoft.VisualStudio.TestTools.Common.TestId"><id type="System.Guid">4fe928e1-f4d6-82b0-5f8c-50d1ccfe1bec</id></testId></id><testName type="System.String">SubmitOrderTest</testName><testType type="Microsoft.VisualStudio.TestTools.Common.TestType"><id type="System.Guid">13cdc9d9-ddb5-4fa4-a97d-d965ccfc6d4b</id></testType><messageKind type="Microsoft.VisualStudio.TestTools.Common.TestMessageKind"><value__ type="System.Int32">1</value__></messageKind><computerInfo type="Microsoft.VisualStudio.TestTools.Common.ComputerInfo"><m_computerName type="System.String">ECDATA-TFS01</m_computerName></computerInfo><duration type="System.TimeSpan">00:00:00.0026588</duration><startTime type="System.DateTime"><dateData type="System.UInt64">633673774804532096</dateData></startTime><endTime type="System.DateTime"><dateData type="System.UInt64">633673774804532096</dateData></endTime><spoolMessage type="System.Boolean">True</spoolMessage></UnitTestResult><UnitTestResult type="Microsoft.VisualStudio.TestTools.TestTypes.Unit.UnitTestResult, Microsoft.VisualStudio.QualityTools.Tips.UnitTest.ObjectModel, Version=8.0.0.0, Culture=neutral, PublicKeyToken=b03f5f7f11d50a3a"><resultType type="Microsoft.VisualStudio.TestTools.TestTypes.Unit.UnitTestResultType, Microsoft.VisualStudio.QualityTools.Tips.UnitTest.ObjectModel, Version=8.0.0.0, Culture=neutral, PublicKeyToken=b03f5f7f11d50a3a"><value__ type="System.Int32">0</value__></resultType><m_hasSufficientAccess type="System.Boolean">True</m_hasSufficientAccess><counters type="Microsoft.VisualStudio.TestTools.Common.TestResultCounter"><values type="System.Int32">0,0,0,0,0,0,0,0,0,0,0,0,0,0</values><total type="System.Int32">1</total></counters><categoryId type="Microsoft.VisualStudio.TestTools.Common.TestCategoryId"><id type="System.Guid">8c84fa94-04c1-424b-9868-57a2d4851a1d</id></categoryId><outcome type="Microsoft.VisualStudio.TestTools.Common.TestOutcome"><value__ type="System.Int32">1</value__></outcome><errorInfo type="Microsoft.VisualStudio.TestTools.Common.TestResultErrorInfo"><message type="System.String">Test method BrownShoe.UnitTests.RetailApplicationCore.Marketing.MarketingManagerHelperTest.GetAdvertisementsTest threw exception:  System.Configuration.ConfigurationErrorsException: The type Microsoft.Practices.EnterpriseLibrary.ExceptionHandling.Logging.LoggingExceptionHandler, Microsoft.Practices.EnterpriseLibrary.ExceptionHandling.Logging, Version=2.0.0.0, Culture=neutral, PublicKeyToken=c834797fd9c628b4 from configuration could not be created. (E:\projects\brownshoe\unit_tests\product\srvtfs_ECDATA-TFS01 2009-01-12 11_17_41\Out\BrownShoe.UnitTests.DLL.config line 38).</message><stackTrace type="System.String">    at System.Configuration.BaseConfigurationRecord.EvaluateOne(String[] keys, SectionInput input, Boolean isTrusted, FactoryRecord factoryRecord, SectionRecord sectionRecord, Object parentResult)
   at System.Configuration.BaseConfigurationRecord.Evaluate(FactoryRecord factoryRecord, SectionRecord sectionRecord, Object parentResult, Boolean getLkg, Boolean getRuntimeObject, Object&amp; result, Object&amp; resultRuntimeObject)
   at System.Configuration.BaseConfigurationRecord.GetSectionRecursive(String configKey, Boolean getLkg, Boolean checkPermission, Boolean getRuntimeObject, Boolean requestIsHere, Object&amp; result, Object&amp; resultRuntimeObject)
   at System.Configuration.BaseConfigurationRecord.GetSectionRecursive(String configKey, Boolean getLkg, Boolean checkPermission, Boolean getRuntimeObject, Boolean requestIsHere, Object&amp; result, Object&amp; resultRuntimeObject)
   at System.Configuration.BaseConfigurationRecord.GetSectionRecursive(String configKey, Boolean getLkg, Boolean checkPermission, Boolean getRuntimeObject, Boolean requestIsHere, Object&amp; result, Object&amp; resultRuntimeObject)
   at System.Configuration.BaseConfigurationRecord.GetSection(String configKey, Boolean getLkg, Boolean checkPermission)
   at System.Configuration.BaseConfigurationRecord.GetSection(String configKey)
   at System.Configuration.ClientConfigurationSystem.System.Configuration.Internal.IInternalConfigSystem.GetSection(String sectionName)
   at System.Configuration.ConfigurationManager.GetSection(String sectionName)
   at Microsoft.Practices.EnterpriseLibrary.Common.Configuration.SystemConfigurationSourceImplementation.GetSection(String sectionName)
   at Microsoft.Practices.EnterpriseLibrary.Common.Configuration.SystemConfigurationSource.GetSection(String sectionName)
   at Microsoft.Practices.EnterpriseLibrary.ExceptionHandling.Configuration.ExceptionHandlingSettings.GetExceptionHandlingSettings(IConfigurationSource configurationSource)
   at Microsoft.Practices.EnterpriseLibrary.ExceptionHandling.ExceptionHandlingConfigurationView.get_ExceptionHandlingSettings()
   at Microsoft.Practices.EnterpriseLibrary.ExceptionHandling.ExceptionHandlingConfigurationView.GetExceptionPolicyData(String policyName)
   at Microsoft.Practices.EnterpriseLibrary.ExceptionHandling.ExceptionPolicyCustomFactory.GetConfiguration(String id, IConfigurationSource configurationSource)
   at Microsoft.Practices.EnterpriseLibrary.ExceptionHandling.ExceptionPolicyCustomFactory.CreateObject(IBuilderContext context, String name, IConfigurationSource configurationSource, ConfigurationReflectionCache reflectionCache)
   at Microsoft.Practices.EnterpriseLibrary.Common.Configuration.ObjectBuilder.ConfiguredObjectStrategy.BuildUp(IBuilderContext context, Type t, Object existing, String id)
   at Microsoft.Practices.ObjectBuilder.BuilderStrategy.BuildUp(IBuilderContext context, Type typeToBuild, Object existing, String idToBuild)
   at Microsoft.Practices.ObjectBuilder.SingletonStrategy.BuildUp(IBuilderContext context, Type typeToBuild, Object existing, String idToBuild)
   at Microsoft.Practices.ObjectBuilder.BuilderStrategy.BuildUp(IBuilderContext context, Type typeToBuild, Object existing, String idToBuild)
   at Microsoft.Practices.EnterpriseLibrary.Common.Configuration.ObjectBuilder.ConfigurationNameMappingStrategy.BuildUp(IBuilderContext context, Type t, Object existing, String id)
   at Microsoft.Practices.ObjectBuilder.BuilderBase`1.DoBuildUp(IReadWriteLocator locator, Type typeToBuild, String idToBuild, Object existing, PolicyList[] transientPolicies)
   at Microsoft.Practices.ObjectBuilder.BuilderBase`1.BuildUp(IReadWriteLocator locator, Type typeToBuild, String idToBuild, Object existing, PolicyList[] transientPolicies)
   at Microsoft.Practices.ObjectBuilder.BuilderBase`1.BuildUp[TTypeToBuild](IReadWriteLocator locator, String idToBuild, Object existing, PolicyList[] transientPolicies)
   at Microsoft.Practices.EnterpriseLibrary.Common.Configuration.ObjectBuilder.EnterpriseLibraryFactory.BuildUp[T](IReadWriteLocator locator, String id, IConfigurationSource configurationSource)
   at Microsoft.Practices.EnterpriseLibrary.Common.Configuration.ObjectBuilder.LocatorNameTypeFactoryBase`1.Create(String name)
   at Microsoft.Practices.EnterpriseLibrary.ExceptionHandling.ExceptionPolicy.GetExceptionPolicy(Exception exception, String policyName)
   at Microsoft.Practices.EnterpriseLibrary.ExceptionHandling.ExceptionPolicy.HandleException(Exception exceptionToHandle, String policyName)
   at BrownShoe.ExceptionPolicy.HandleException(Exception exc) in e:\projects\brownshoe\unit_tests\product\src\BrownShoe\Libraries\Core\ExceptionPolicies.cs:line 117
   at BrownShoe.Services.Marketing.MarketingManagerService.RunMarketingAd(String pageGroup) in e:\projects\brownshoe\unit_tests\product\src\BrownShoe\Libraries\Services\Marketing\MarketingManagerService.cs:line 34
   at BrownShoe.RetailApplicationCore.Marketing.MarketingManagerHelper.GetAdvertisements(String pageGroup) in e:\projects\brownshoe\unit_tests\product\src\BrownShoe\Libraries\RetailApplicationCore\Marketing\MarketingManagerHelper.cs:line 18
   at BrownShoe.UnitTests.RetailApplicationCore.Marketing.MarketingManagerHelperTest.GetAdvertisementsTest()
</stackTrace></errorInfo><traceInfo type="Microsoft.VisualStudio.TestTools.Common.TestExecutionTraceInformation"><trace type="System.Text.StringBuilder">Creating instance of class BrownShoe.UnitTests.RetailApplicationCore.Marketing.MarketingManagerHelperTest.
Calling Test method BrownShoe.UnitTests.RetailApplicationCore.Marketing.MarketingManagerHelperTest.Microsoft.VisualStudio.TestTools.TestTypes.Unit.TestMethod.
</trace></traceInfo><stdout type="System.String" /><stderr type="System.String" /><debugTrace type="System.String" /><workItemIds type="System.Collections.Generic.List`1[[System.Int32, mscorlib, Version=2.0.0.0, Culture=neutral, PublicKeyToken=b77a5c561934e089]]"><_size type="System.Int32">0</_size><_version type="System.Int32">1</_version></workItemIds><id type="Microsoft.VisualStudio.TestTools.Common.TestResultId"><runId type="System.Guid">3d9a8baa-b9cb-4717-8a94-3c6445344217</runId><executionId type="Microsoft.VisualStudio.TestTools.Common.TestExecId"><id type="System.Guid">880dfdfc-ed2c-4e1f-a843-92ca67efaebe</id></executionId><parentExecId type="Microsoft.VisualStudio.TestTools.Common.TestExecId"><id type="System.Guid">00000000-0000-0000-0000-000000000000</id></parentExecId><testId type="Microsoft.VisualStudio.TestTools.Common.TestId"><id type="System.Guid">8ac5afa8-8b68-a3b0-1866-203525e323fb</id></testId></id><testName type="System.String">GetAdvertisementsTest</testName><testType type="Microsoft.VisualStudio.TestTools.Common.TestType"><id type="System.Guid">13cdc9d9-ddb5-4fa4-a97d-d965ccfc6d4b</id></testType><messageKind type="Microsoft.VisualStudio.TestTools.Common.TestMessageKind"><value__ type="System.Int32">1</value__></messageKind><computerInfo type="Microsoft.VisualStudio.TestTools.Common.ComputerInfo"><m_computerName type="System.String">ECDATA-TFS01</m_computerName></computerInfo><duration type="System.TimeSpan">00:00:00.2967936</duration><startTime type="System.DateTime"><dateData type="System.UInt64">633673774804532096</dateData></startTime><endTime type="System.DateTime"><dateData type="System.UInt64">633673774807501036</dateData></endTime><spoolMessage type="System.Boolean">True</spoolMessage></UnitTestResult><UnitTestResult type="Microsoft.VisualStudio.TestTools.TestTypes.Unit.UnitTestResult, Microsoft.VisualStudio.QualityTools.Tips.UnitTest.ObjectModel, Version=8.0.0.0, Culture=neutral, PublicKeyToken=b03f5f7f11d50a3a"><resultType type="Microsoft.VisualStudio.TestTools.TestTypes.Unit.UnitTestResultType, Microsoft.VisualStudio.QualityTools.Tips.UnitTest.ObjectModel, Version=8.0.0.0, Culture=neutral, PublicKeyToken=b03f5f7f11d50a3a"><value__ type="System.Int32">0</value__></resultType><m_hasSufficientAccess type="System.Boolean">True</m_hasSufficientAccess><counters type="Microsoft.VisualStudio.TestTools.Common.TestResultCounter"><values type="System.Int32">0,0,0,0,0,0,0,0,0,0,0,0,0,0</values><total type="System.Int32">1</total></counters><categoryId type="Microsoft.VisualStudio.TestTools.Common.TestCategoryId"><id type="System.Guid">8c84fa94-04c1-424b-9868-57a2d4851a1d</id></categoryId><outcome type="Microsoft.VisualStudio.TestTools.Common.TestOutcome"><value__ type="System.Int32">1</value__></outcome><errorInfo type="Microsoft.VisualStudio.TestTools.Common.TestResultErrorInfo"><message type="System.String">Test method BrownShoe.UnitTests.RetailApplicationCore.Profiles.ProfileControllerTest.AddAddressToProfileTest threw exception:  System.TypeInitializationException: The type initializer for 'BrownShoe.Profiles.CustomerService' threw an exception. ---&gt;  System.TypeInitializationException: The type initializer for 'BrownShoe.Profiles.ProfileCacheTrackerUsingCookies' threw an exception. ---&gt;  System.Configuration.ConfigurationErrorsException: Failed to obtain the Site Domain Name from the configuration file.</message><stackTrace type="System.String">    at BrownShoe.ConfigurationSettings.get_SiteDomainName() in e:\projects\brownshoe\unit_tests\product\src\BrownShoe\Libraries\Core\ConfigurationSettings.cs:line 997
   at BrownShoe.Profiles.ProfileCacheTrackerUsingCookies..ctor() in e:\projects\brownshoe\unit_tests\product\src\BrownShoe\Libraries\Services\Profiles\ProfileCacheTrackerUsingCookies.cs:line 22
   at BrownShoe.Profiles.ProfileCacheTrackerUsingCookies..cctor() in e:\projects\brownshoe\unit_tests\product\src\BrownShoe\Libraries\Services\Profiles\ProfileCacheTrackerUsingCookies.cs:line 18
 --- End of inner exception stack trace ---
    at BrownShoe.Profiles.ProfileCacheTrackerUsingCookies.get_Current()
   at BrownShoe.Profiles.CustomerService..cctor() in e:\projects\brownshoe\unit_tests\product\src\BrownShoe\Libraries\Services\Profiles\CustomerService.cs:line 26
 --- End of inner exception stack trace ---
    at BrownShoe.Profiles.CustomerService.get_Current()
   at BrownShoe.UnitTests.RetailApplicationCore.Profiles.ProfileControllerTest.CreateProfile()
   at BrownShoe.UnitTests.RetailApplicationCore.Profiles.ProfileControllerTest.AddAddressToProfileTest()
</stackTrace></errorInfo><traceInfo type="Microsoft.VisualStudio.TestTools.Common.TestExecutionTraceInformation"><trace type="System.Text.StringBuilder">Creating instance of class BrownShoe.UnitTests.RetailApplicationCore.Profiles.ProfileControllerTest.
Calling Test method BrownShoe.UnitTests.RetailApplicationCore.Profiles.ProfileControllerTest.Microsoft.VisualStudio.TestTools.TestTypes.Unit.TestMethod.
</trace></traceInfo><stdout type="System.String" /><stderr type="System.String" /><debugTrace type="System.String" /><workItemIds type="System.Collections.Generic.List`1[[System.Int32, mscorlib, Version=2.0.0.0, Culture=neutral, PublicKeyToken=b77a5c561934e089]]"><_size type="System.Int32">0</_size><_version type="System.Int32">1</_version></workItemIds><id type="Microsoft.VisualStudio.TestTools.Common.TestResultId"><runId type="System.Guid">3d9a8baa-b9cb-4717-8a94-3c6445344217</runId><executionId type="Microsoft.VisualStudio.TestTools.Common.TestExecId"><id type="System.Guid">c97a8d34-5872-453a-82eb-672d9f4bf422</id></executionId><parentExecId type="Microsoft.VisualStudio.TestTools.Common.TestExecId"><id type="System.Guid">00000000-0000-0000-0000-000000000000</id></parentExecId><testId type="Microsoft.VisualStudio.TestTools.Common.TestId"><id type="System.Guid">6037ef3c-9dbf-0611-5623-4396f45305c9</id></testId></id><testName type="System.String">AddAddressToProfileTest</testName><testType type="Microsoft.VisualStudio.TestTools.Common.TestType"><id type="System.Guid">13cdc9d9-ddb5-4fa4-a97d-d965ccfc6d4b</id></testType><messageKind type="Microsoft.VisualStudio.TestTools.Common.TestMessageKind"><value__ type="System.Int32">1</value__></messageKind><computerInfo type="Microsoft.VisualStudio.TestTools.Common.ComputerInfo"><m_computerName type="System.String">ECDATA-TFS01</m_computerName></computerInfo><duration type="System.TimeSpan">00:00:00.0122390</duration><startTime type="System.DateTime"><dateData type="System.UInt64">633673774807501036</dateData></startTime><endTime type="System.DateTime"><dateData type="System.UInt64">633673774807813556</dateData></endTime><spoolMessage type="System.Boolean">True</spoolMessage></UnitTestResult><UnitTestResult type="Microsoft.VisualStudio.TestTools.TestTypes.Unit.UnitTestResult, Microsoft.VisualStudio.QualityTools.Tips.UnitTest.ObjectModel, Version=8.0.0.0, Culture=neutral, PublicKeyToken=b03f5f7f11d50a3a"><resultType type="Microsoft.VisualStudio.TestTools.TestTypes.Unit.UnitTestResultType, Microsoft.VisualStudio.QualityTools.Tips.UnitTest.ObjectModel, Version=8.0.0.0, Culture=neutral, PublicKeyToken=b03f5f7f11d50a3a"><value__ type="System.Int32">0</value__></resultType><m_hasSufficientAccess type="System.Boolean">True</m_hasSufficientAccess><counters type="Microsoft.VisualStudio.TestTools.Common.TestResultCounter"><values type="System.Int32">0,0,0,0,0,0,0,0,0,0,0,0,0,0</values><total type="System.Int32">1</total></counters><categoryId type="Microsoft.VisualStudio.TestTools.Common.TestCategoryId"><id type="System.Guid">8c84fa94-04c1-424b-9868-57a2d4851a1d</id></categoryId><outcome type="Microsoft.VisualStudio.TestTools.Common.TestOutcome"><value__ type="System.Int32">1</value__></outcome><errorInfo type="Microsoft.VisualStudio.TestTools.Common.TestResultErrorInfo"><message type="System.String">Test method BrownShoe.UnitTests.RetailApplicationCore.Profiles.ProfileControllerTest.AddCreditCardToProfileTest threw exception:  System.TypeInitializationException: The type initializer for 'BrownShoe.Profiles.CustomerService' threw an exception. ---&gt;  System.TypeInitializationException: The type initializer for 'BrownShoe.Profiles.ProfileCacheTrackerUsingCookies' threw an exception. ---&gt;  System.Configuration.ConfigurationErrorsException: Failed to obtain the Site Domain Name from the configuration file.</message><stackTrace type="System.String">    at BrownShoe.ConfigurationSettings.get_SiteDomainName() in e:\projects\brownshoe\unit_tests\product\src\BrownShoe\Libraries\Core\ConfigurationSettings.cs:line 997
   at BrownShoe.Profiles.ProfileCacheTrackerUsingCookies..ctor() in e:\projects\brownshoe\unit_tests\product\src\BrownShoe\Libraries\Services\Profiles\ProfileCacheTrackerUsingCookies.cs:line 22
   at BrownShoe.Profiles.ProfileCacheTrackerUsingCookies..cctor() in e:\projects\brownshoe\unit_tests\product\src\BrownShoe\Libraries\Services\Profiles\ProfileCacheTrackerUsingCookies.cs:line 18
 --- End of inner exception stack trace ---
    at BrownShoe.Profiles.ProfileCacheTrackerUsingCookies.get_Current()
   at BrownShoe.Profiles.CustomerService..cctor() in e:\projects\brownshoe\unit_tests\product\src\BrownShoe\Libraries\Services\Profiles\CustomerService.cs:line 26
 --- End of inner exception stack trace ---
    at BrownShoe.Profiles.CustomerService.get_Current()
   at BrownShoe.UnitTests.RetailApplicationCore.Profiles.ProfileControllerTest.CreateProfile()
   at BrownShoe.UnitTests.RetailApplicationCore.Profiles.ProfileControllerTest.AddCreditCardToProfileTest()
</stackTrace></errorInfo><traceInfo type="Microsoft.VisualStudio.TestTools.Common.TestExecutionTraceInformation"><trace type="System.Text.StringBuilder">Creating instance of class BrownShoe.UnitTests.RetailApplicationCore.Profiles.ProfileControllerTest.
Calling Test method BrownShoe.UnitTests.RetailApplicationCore.Profiles.ProfileControllerTest.Microsoft.VisualStudio.TestTools.TestTypes.Unit.TestMethod.
</trace></traceInfo><stdout type="System.String" /><stderr type="System.String" /><debugTrace type="System.String" /><workItemIds type="System.Collections.Generic.List`1[[System.Int32, mscorlib, Version=2.0.0.0, Culture=neutral, PublicKeyToken=b77a5c561934e089]]"><_size type="System.Int32">0</_size><_version type="System.Int32">1</_version></workItemIds><id type="Microsoft.VisualStudio.TestTools.Common.TestResultId"><runId type="System.Guid">3d9a8baa-b9cb-4717-8a94-3c6445344217</runId><executionId type="Microsoft.VisualStudio.TestTools.Common.TestExecId"><id type="System.Guid">8be0f610-8f27-4b48-8c11-2c3c9f10f0ac</id></executionId><parentExecId type="Microsoft.VisualStudio.TestTools.Common.TestExecId"><id type="System.Guid">00000000-0000-0000-0000-000000000000</id></parentExecId><testId type="Microsoft.VisualStudio.TestTools.Common.TestId"><id type="System.Guid">47bbf123-5088-356b-340c-f7be14f555c6</id></testId></id><testName type="System.String">AddCreditCardToProfileTest</testName><testType type="Microsoft.VisualStudio.TestTools.Common.TestType"><id type="System.Guid">13cdc9d9-ddb5-4fa4-a97d-d965ccfc6d4b</id></testType><messageKind type="Microsoft.VisualStudio.TestTools.Common.TestMessageKind"><value__ type="System.Int32">1</value__></messageKind><computerInfo type="Microsoft.VisualStudio.TestTools.Common.ComputerInfo"><m_computerName type="System.String">ECDATA-TFS01</m_computerName></computerInfo><duration type="System.TimeSpan">00:00:00.0023119</duration><startTime type="System.DateTime"><dateData type="System.UInt64">633673774807813556</dateData></startTime><endTime type="System.DateTime"><dateData type="System.UInt64">633673774807813556</dateData></endTime><spoolMessage type="System.Boolean">True</spoolMessage></UnitTestResult><UnitTestResult type="Microsoft.VisualStudio.TestTools.TestTypes.Unit.UnitTestResult, Microsoft.VisualStudio.QualityTools.Tips.UnitTest.ObjectModel, Version=8.0.0.0, Culture=neutral, PublicKeyToken=b03f5f7f11d50a3a"><resultType type="Microsoft.VisualStudio.TestTools.TestTypes.Unit.UnitTestResultType, Microsoft.VisualStudio.QualityTools.Tips.UnitTest.ObjectModel, Version=8.0.0.0, Culture=neutral, PublicKeyToken=b03f5f7f11d50a3a"><value__ type="System.Int32">0</value__></resultType><m_hasSufficientAccess type="System.Boolean">True</m_hasSufficientAccess><counters type="Microsoft.VisualStudio.TestTools.Common.TestResultCounter"><values type="System.Int32">0,0,0,0,0,0,0,0,0,0,0,0,0,0</values><total type="System.Int32">1</total></counters><categoryId type="Microsoft.VisualStudio.TestTools.Common.TestCategoryId"><id type="System.Guid">8c84fa94-04c1-424b-9868-57a2d4851a1d</id></categoryId><outcome type="Microsoft.VisualStudio.TestTools.Common.TestOutcome"><value__ type="System.Int32">1</value__></outcome><errorInfo type="Microsoft.VisualStudio.TestTools.Common.TestResultErrorInfo"><message type="System.String">Test method BrownShoe.UnitTests.RetailApplicationCore.Profiles.ProfileControllerTest.DeleteAddressTest threw exception:  System.TypeInitializationException: The type initializer for 'BrownShoe.Profiles.CustomerService' threw an exception. ---&gt;  System.TypeInitializationException: The type initializer for 'BrownShoe.Profiles.ProfileCacheTrackerUsingCookies' threw an exception. ---&gt;  System.Configuration.ConfigurationErrorsException: Failed to obtain the Site Domain Name from the configuration file.</message><stackTrace type="System.String">    at BrownShoe.ConfigurationSettings.get_SiteDomainName() in e:\projects\brownshoe\unit_tests\product\src\BrownShoe\Libraries\Core\ConfigurationSettings.cs:line 997
   at BrownShoe.Profiles.ProfileCacheTrackerUsingCookies..ctor() in e:\projects\brownshoe\unit_tests\product\src\BrownShoe\Libraries\Services\Profiles\ProfileCacheTrackerUsingCookies.cs:line 22
   at BrownShoe.Profiles.ProfileCacheTrackerUsingCookies..cctor() in e:\projects\brownshoe\unit_tests\product\src\BrownShoe\Libraries\Services\Profiles\ProfileCacheTrackerUsingCookies.cs:line 18
 --- End of inner exception stack trace ---
    at BrownShoe.Profiles.ProfileCacheTrackerUsingCookies.get_Current()
   at BrownShoe.Profiles.CustomerService..cctor() in e:\projects\brownshoe\unit_tests\product\src\BrownShoe\Libraries\Services\Profiles\CustomerService.cs:line 26
 --- End of inner exception stack trace ---
    at BrownShoe.Profiles.CustomerService.get_Current()
   at BrownShoe.UnitTests.RetailApplicationCore.Profiles.ProfileControllerTest.CreateProfile()
   at BrownShoe.UnitTests.RetailApplicationCore.Profiles.ProfileControllerTest.DeleteAddressTest()
</stackTrace></errorInfo><traceInfo type="Microsoft.VisualStudio.TestTools.Common.TestExecutionTraceInformation"><trace type="System.Text.StringBuilder">Creating instance of class BrownShoe.UnitTests.RetailApplicationCore.Profiles.ProfileControllerTest.
Calling Test method BrownShoe.UnitTests.RetailApplicationCore.Profiles.ProfileControllerTest.Microsoft.VisualStudio.TestTools.TestTypes.Unit.TestMethod.
</trace></traceInfo><stdout type="System.String" /><stderr type="System.String" /><debugTrace type="System.String" /><workItemIds type="System.Collections.Generic.List`1[[System.Int32, mscorlib, Version=2.0.0.0, Culture=neutral, PublicKeyToken=b77a5c561934e089]]"><_size type="System.Int32">0</_size><_version type="System.Int32">1</_version></workItemIds><id type="Microsoft.VisualStudio.TestTools.Common.TestResultId"><runId type="System.Guid">3d9a8baa-b9cb-4717-8a94-3c6445344217</runId><executionId type="Microsoft.VisualStudio.TestTools.Common.TestExecId"><id type="System.Guid">4af7b16d-2aa2-428b-8014-8acee19b4d3d</id></executionId><parentExecId type="Microsoft.VisualStudio.TestTools.Common.TestExecId"><id type="System.Guid">00000000-0000-0000-0000-000000000000</id></parentExecId><testId type="Microsoft.VisualStudio.TestTools.Common.TestId"><id type="System.Guid">b194bbd8-e44f-7adc-c1f8-afee962a8916</id></testId></id><testName type="System.String">DeleteAddressTest</testName><testType type="Microsoft.VisualStudio.TestTools.Common.TestType"><id type="System.Guid">13cdc9d9-ddb5-4fa4-a97d-d965ccfc6d4b</id></testType><messageKind type="Microsoft.VisualStudio.TestTools.Common.TestMessageKind"><value__ type="System.Int32">1</value__></messageKind><computerInfo type="Microsoft.VisualStudio.TestTools.Common.ComputerInfo"><m_computerName type="System.String">ECDATA-TFS01</m_computerName></computerInfo><duration type="System.TimeSpan">00:00:00.0022532</duration><startTime type="System.DateTime"><dateData type="System.UInt64">633673774807813556</dateData></startTime><endTime type="System.DateTime"><dateData type="System.UInt64">633673774807969816</dateData></endTime><spoolMessage type="System.Boolean">True</spoolMessage></UnitTestResult><UnitTestResult type="Microsoft.VisualStudio.TestTools.TestTypes.Unit.UnitTestResult, Microsoft.VisualStudio.QualityTools.Tips.UnitTest.ObjectModel, Version=8.0.0.0, Culture=neutral, PublicKeyToken=b03f5f7f11d50a3a"><resultType type="Microsoft.VisualStudio.TestTools.TestTypes.Unit.UnitTestResultType, Microsoft.VisualStudio.QualityTools.Tips.UnitTest.ObjectModel, Version=8.0.0.0, Culture=neutral, PublicKeyToken=b03f5f7f11d50a3a"><value__ type="System.Int32">0</value__></resultType><m_hasSufficientAccess type="System.Boolean">True</m_hasSufficientAccess><counters type="Microsoft.VisualStudio.TestTools.Common.TestResultCounter"><values type="System.Int32">0,0,0,0,0,0,0,0,0,0,0,0,0,0</values><total type="System.Int32">1</total></counters><categoryId type="Microsoft.VisualStudio.TestTools.Common.TestCategoryId"><id type="System.Guid">8c84fa94-04c1-424b-9868-57a2d4851a1d</id></categoryId><outcome type="Microsoft.VisualStudio.TestTools.Common.TestOutcome"><value__ type="System.Int32">1</value__></outcome><errorInfo type="Microsoft.VisualStudio.TestTools.Common.TestResultErrorInfo"><message type="System.String">Test method BrownShoe.UnitTests.RetailApplicationCore.Profiles.ProfileControllerTest.DeleteCreditCardTest threw exception:  System.TypeInitializationException: The type initializer for 'BrownShoe.Profiles.CustomerService' threw an exception. ---&gt;  System.TypeInitializationException: The type initializer for 'BrownShoe.Profiles.ProfileCacheTrackerUsingCookies' threw an exception. ---&gt;  System.Configuration.ConfigurationErrorsException: Failed to obtain the Site Domain Name from the configuration file.</message><stackTrace type="System.String">    at BrownShoe.ConfigurationSettings.get_SiteDomainName() in e:\projects\brownshoe\unit_tests\product\src\BrownShoe\Libraries\Core\ConfigurationSettings.cs:line 997
   at BrownShoe.Profiles.ProfileCacheTrackerUsingCookies..ctor() in e:\projects\brownshoe\unit_tests\product\src\BrownShoe\Libraries\Services\Profiles\ProfileCacheTrackerUsingCookies.cs:line 22
   at BrownShoe.Profiles.ProfileCacheTrackerUsingCookies..cctor() in e:\projects\brownshoe\unit_tests\product\src\BrownShoe\Libraries\Services\Profiles\ProfileCacheTrackerUsingCookies.cs:line 18
 --- End of inner exception stack trace ---
    at BrownShoe.Profiles.ProfileCacheTrackerUsingCookies.get_Current()
   at BrownShoe.Profiles.CustomerService..cctor() in e:\projects\brownshoe\unit_tests\product\src\BrownShoe\Libraries\Services\Profiles\CustomerService.cs:line 26
 --- End of inner exception stack trace ---
    at BrownShoe.Profiles.CustomerService.get_Current()
   at BrownShoe.UnitTests.RetailApplicationCore.Profiles.ProfileControllerTest.CreateProfile()
   at BrownShoe.UnitTests.RetailApplicationCore.Profiles.ProfileControllerTest.DeleteCreditCardTest()
</stackTrace></errorInfo><traceInfo type="Microsoft.VisualStudio.TestTools.Common.TestExecutionTraceInformation"><trace type="System.Text.StringBuilder">Creating instance of class BrownShoe.UnitTests.RetailApplicationCore.Profiles.ProfileControllerTest.
Calling Test method BrownShoe.UnitTests.RetailApplicationCore.Profiles.ProfileControllerTest.Microsoft.VisualStudio.TestTools.TestTypes.Unit.TestMethod.
</trace></traceInfo><stdout type="System.String" /><stderr type="System.String" /><debugTrace type="System.String" /><workItemIds type="System.Collections.Generic.List`1[[System.Int32, mscorlib, Version=2.0.0.0, Culture=neutral, PublicKeyToken=b77a5c561934e089]]"><_size type="System.Int32">0</_size><_version type="System.Int32">1</_version></workItemIds><id type="Microsoft.VisualStudio.TestTools.Common.TestResultId"><runId type="System.Guid">3d9a8baa-b9cb-4717-8a94-3c6445344217</runId><executionId type="Microsoft.VisualStudio.TestTools.Common.TestExecId"><id type="System.Guid">1f48ced1-82d9-4b6d-b92f-dbd0c2d39d12</id></executionId><parentExecId type="Microsoft.VisualStudio.TestTools.Common.TestExecId"><id type="System.Guid">00000000-0000-0000-0000-000000000000</id></parentExecId><testId type="Microsoft.VisualStudio.TestTools.Common.TestId"><id type="System.Guid">55625324-c8e9-a04d-444f-1da936477b07</id></testId></id><testName type="System.String">DeleteCreditCardTest</testName><testType type="Microsoft.VisualStudio.TestTools.Common.TestType"><id type="System.Guid">13cdc9d9-ddb5-4fa4-a97d-d965ccfc6d4b</id></testType><messageKind type="Microsoft.VisualStudio.TestTools.Common.TestMessageKind"><value__ type="System.Int32">1</value__></messageKind><computerInfo type="Microsoft.VisualStudio.TestTools.Common.ComputerInfo"><m_computerName type="System.String">ECDATA-TFS01</m_computerName></computerInfo><duration type="System.TimeSpan">00:00:00.0017484</duration><startTime type="System.DateTime"><dateData type="System.UInt64">633673774807969816</dateData></startTime><endTime type="System.DateTime"><dateData type="System.UInt64">633673774807969816</dateData></endTime><spoolMessage type="System.Boolean">True</spoolMessage></UnitTestResult><UnitTestResult type="Microsoft.VisualStudio.TestTools.TestTypes.Unit.UnitTestResult, Microsoft.VisualStudio.QualityTools.Tips.UnitTest.ObjectModel, Version=8.0.0.0, Culture=neutral, PublicKeyToken=b03f5f7f11d50a3a"><resultType type="Microsoft.VisualStudio.TestTools.TestTypes.Unit.UnitTestResultType, Microsoft.VisualStudio.QualityTools.Tips.UnitTest.ObjectModel, Version=8.0.0.0, Culture=neutral, PublicKeyToken=b03f5f7f11d50a3a"><value__ type="System.Int32">0</value__></resultType><m_hasSufficientAccess type="System.Boolean">True</m_hasSufficientAccess><counters type="Microsoft.VisualStudio.TestTools.Common.TestResultCounter"><values type="System.Int32">0,0,0,0,0,0,0,0,0,0,0,0,0,0</values><total type="System.Int32">1</total></counters><categoryId type="Microsoft.VisualStudio.TestTools.Common.TestCategoryId"><id type="System.Guid">8c84fa94-04c1-424b-9868-57a2d4851a1d</id></categoryId><outcome type="Microsoft.VisualStudio.TestTools.Common.TestOutcome"><value__ type="System.Int32">1</value__></outcome><errorInfo type="Microsoft.VisualStudio.TestTools.Common.TestResultErrorInfo"><message type="System.String">Test method BrownShoe.UnitTests.RetailApplicationCore.Profiles.ProfileControllerTest.SaveCheckoutAddressTest threw exception:  System.TypeInitializationException: The type initializer for 'BrownShoe.Profiles.CustomerService' threw an exception. ---&gt;  System.TypeInitializationException: The type initializer for 'BrownShoe.Profiles.ProfileCacheTrackerUsingCookies' threw an exception. ---&gt;  System.Configuration.ConfigurationErrorsException: Failed to obtain the Site Domain Name from the configuration file.</message><stackTrace type="System.String">    at BrownShoe.ConfigurationSettings.get_SiteDomainName() in e:\projects\brownshoe\unit_tests\product\src\BrownShoe\Libraries\Core\ConfigurationSettings.cs:line 997
   at BrownShoe.Profiles.ProfileCacheTrackerUsingCookies..ctor() in e:\projects\brownshoe\unit_tests\product\src\BrownShoe\Libraries\Services\Profiles\ProfileCacheTrackerUsingCookies.cs:line 22
   at BrownShoe.Profiles.ProfileCacheTrackerUsingCookies..cctor() in e:\projects\brownshoe\unit_tests\product\src\BrownShoe\Libraries\Services\Profiles\ProfileCacheTrackerUsingCookies.cs:line 18
 --- End of inner exception stack trace ---
    at BrownShoe.Profiles.ProfileCacheTrackerUsingCookies.get_Current()
   at BrownShoe.Profiles.CustomerService..cctor() in e:\projects\brownshoe\unit_tests\product\src\BrownShoe\Libraries\Services\Profiles\CustomerService.cs:line 26
 --- End of inner exception stack trace ---
    at BrownShoe.Profiles.CustomerService.get_Current()
   at BrownShoe.UnitTests.RetailApplicationCore.Profiles.ProfileControllerTest.CreateProfile()
   at BrownShoe.UnitTests.RetailApplicationCore.Profiles.ProfileControllerTest.SaveCheckoutAddressTest()
</stackTrace></errorInfo><traceInfo type="Microsoft.VisualStudio.TestTools.Common.TestExecutionTraceInformation"><trace type="System.Text.StringBuilder">Creating instance of class BrownShoe.UnitTests.RetailApplicationCore.Profiles.ProfileControllerTest.
Calling Test method BrownShoe.UnitTests.RetailApplicationCore.Profiles.ProfileControllerTest.Microsoft.VisualStudio.TestTools.TestTypes.Unit.TestMethod.
</trace></traceInfo><stdout type="System.String" /><stderr type="System.String" /><debugTrace type="System.String" /><workItemIds type="System.Collections.Generic.List`1[[System.Int32, mscorlib, Version=2.0.0.0, Culture=neutral, PublicKeyToken=b77a5c561934e089]]"><_size type="System.Int32">0</_size><_version type="System.Int32">1</_version></workItemIds><id type="Microsoft.VisualStudio.TestTools.Common.TestResultId"><runId type="System.Guid">3d9a8baa-b9cb-4717-8a94-3c6445344217</runId><executionId type="Microsoft.VisualStudio.TestTools.Common.TestExecId"><id type="System.Guid">0370ee35-b96c-41c8-a519-45ae038de032</id></executionId><parentExecId type="Microsoft.VisualStudio.TestTools.Common.TestExecId"><id type="System.Guid">00000000-0000-0000-0000-000000000000</id></parentExecId><testId type="Microsoft.VisualStudio.TestTools.Common.TestId"><id type="System.Guid">2ec15d24-eacd-aaca-ec09-b4e839bf9603</id></testId></id><testName type="System.String">SaveCheckoutAddressTest</testName><testType type="Microsoft.VisualStudio.TestTools.Common.TestType"><id type="System.Guid">13cdc9d9-ddb5-4fa4-a97d-d965ccfc6d4b</id></testType><messageKind type="Microsoft.VisualStudio.TestTools.Common.TestMessageKind"><value__ type="System.Int32">1</value__></messageKind><computerInfo type="Microsoft.VisualStudio.TestTools.Common.ComputerInfo"><m_computerName type="System.String">ECDATA-TFS01</m_computerName></computerInfo><duration type="System.TimeSpan">00:00:00.0021434</duration><startTime type="System.DateTime"><dateData type="System.UInt64">633673774807969816</dateData></startTime><endTime type="System.DateTime"><dateData type="System.UInt64">633673774808126076</dateData></endTime><spoolMessage type="System.Boolean">True</spoolMessage></UnitTestResult><UnitTestResult type="Microsoft.VisualStudio.TestTools.TestTypes.Unit.UnitTestResult, Microsoft.VisualStudio.QualityTools.Tips.UnitTest.ObjectModel, Version=8.0.0.0, Culture=neutral, PublicKeyToken=b03f5f7f11d50a3a"><resultType type="Microsoft.VisualStudio.TestTools.TestTypes.Unit.UnitTestResultType, Microsoft.VisualStudio.QualityTools.Tips.UnitTest.ObjectModel, Version=8.0.0.0, Culture=neutral, PublicKeyToken=b03f5f7f11d50a3a"><value__ type="System.Int32">0</value__></resultType><m_hasSufficientAccess type="System.Boolean">True</m_hasSufficientAccess><counters type="Microsoft.VisualStudio.TestTools.Common.TestResultCounter"><values type="System.Int32">0,0,0,0,0,0,0,0,0,0,0,0,0,0</values><total type="System.Int32">1</total></counters><categoryId type="Microsoft.VisualStudio.TestTools.Common.TestCategoryId"><id type="System.Guid">8c84fa94-04c1-424b-9868-57a2d4851a1d</id></categoryId><outcome type="Microsoft.VisualStudio.TestTools.Common.TestOutcome"><value__ type="System.Int32">1</value__></outcome><errorInfo type="Microsoft.VisualStudio.TestTools.Common.TestResultErrorInfo"><message type="System.String">Test method BrownShoe.UnitTests.RetailApplicationCore.Profiles.ProfileControllerTest.SaveCheckoutCreditCardTest threw exception:  System.TypeInitializationException: The type initializer for 'BrownShoe.Profiles.CustomerService' threw an exception. ---&gt;  System.TypeInitializationException: The type initializer for 'BrownShoe.Profiles.ProfileCacheTrackerUsingCookies' threw an exception. ---&gt;  System.Configuration.ConfigurationErrorsException: Failed to obtain the Site Domain Name from the configuration file.</message><stackTrace type="System.String">    at BrownShoe.ConfigurationSettings.get_SiteDomainName() in e:\projects\brownshoe\unit_tests\product\src\BrownShoe\Libraries\Core\ConfigurationSettings.cs:line 997
   at BrownShoe.Profiles.ProfileCacheTrackerUsingCookies..ctor() in e:\projects\brownshoe\unit_tests\product\src\BrownShoe\Libraries\Services\Profiles\ProfileCacheTrackerUsingCookies.cs:line 22
   at BrownShoe.Profiles.ProfileCacheTrackerUsingCookies..cctor() in e:\projects\brownshoe\unit_tests\product\src\BrownShoe\Libraries\Services\Profiles\ProfileCacheTrackerUsingCookies.cs:line 18
 --- End of inner exception stack trace ---
    at BrownShoe.Profiles.ProfileCacheTrackerUsingCookies.get_Current()
   at BrownShoe.Profiles.CustomerService..cctor() in e:\projects\brownshoe\unit_tests\product\src\BrownShoe\Libraries\Services\Profiles\CustomerService.cs:line 26
 --- End of inner exception stack trace ---
    at BrownShoe.Profiles.CustomerService.get_Current()
   at BrownShoe.UnitTests.RetailApplicationCore.Profiles.ProfileControllerTest.CreateProfile()
   at BrownShoe.UnitTests.RetailApplicationCore.Profiles.ProfileControllerTest.SaveCheckoutCreditCardTest()
</stackTrace></errorInfo><traceInfo type="Microsoft.VisualStudio.TestTools.Common.TestExecutionTraceInformation"><trace type="System.Text.StringBuilder">Creating instance of class BrownShoe.UnitTests.RetailApplicationCore.Profiles.ProfileControllerTest.
Calling Test method BrownShoe.UnitTests.RetailApplicationCore.Profiles.ProfileControllerTest.Microsoft.VisualStudio.TestTools.TestTypes.Unit.TestMethod.
</trace></traceInfo><stdout type="System.String" /><stderr type="System.String" /><debugTrace type="System.String" /><workItemIds type="System.Collections.Generic.List`1[[System.Int32, mscorlib, Version=2.0.0.0, Culture=neutral, PublicKeyToken=b77a5c561934e089]]"><_size type="System.Int32">0</_size><_version type="System.Int32">1</_version></workItemIds><id type="Microsoft.VisualStudio.TestTools.Common.TestResultId"><runId type="System.Guid">3d9a8baa-b9cb-4717-8a94-3c6445344217</runId><executionId type="Microsoft.VisualStudio.TestTools.Common.TestExecId"><id type="System.Guid">35158de2-2af1-4b68-8222-e223b19654bb</id></executionId><parentExecId type="Microsoft.VisualStudio.TestTools.Common.TestExecId"><id type="System.Guid">00000000-0000-0000-0000-000000000000</id></parentExecId><testId type="Microsoft.VisualStudio.TestTools.Common.TestId"><id type="System.Guid">aed7ed02-6ea5-ed74-dd6f-7165501e460f</id></testId></id><testName type="System.String">SaveCheckoutCreditCardTest</testName><testType type="Microsoft.VisualStudio.TestTools.Common.TestType"><id type="System.Guid">13cdc9d9-ddb5-4fa4-a97d-d965ccfc6d4b</id></testType><messageKind type="Microsoft.VisualStudio.TestTools.Common.TestMessageKind"><value__ type="System.Int32">1</value__></messageKind><computerInfo type="Microsoft.VisualStudio.TestTools.Common.ComputerInfo"><m_computerName type="System.String">ECDATA-TFS01</m_computerName></computerInfo><duration type="System.TimeSpan">00:00:00.0019868</duration><startTime type="System.DateTime"><dateData type="System.UInt64">633673774808126076</dateData></startTime><endTime type="System.DateTime"><dateData type="System.UInt64">633673774808126076</dateData></endTime><spoolMessage type="System.Boolean">True</spoolMessage></UnitTestResult><UnitTestResult type="Microsoft.VisualStudio.TestTools.TestTypes.Unit.UnitTestResult, Microsoft.VisualStudio.QualityTools.Tips.UnitTest.ObjectModel, Version=8.0.0.0, Culture=neutral, PublicKeyToken=b03f5f7f11d50a3a"><resultType type="Microsoft.VisualStudio.TestTools.TestTypes.Unit.UnitTestResultType, Microsoft.VisualStudio.QualityTools.Tips.UnitTest.ObjectModel, Version=8.0.0.0, Culture=neutral, PublicKeyToken=b03f5f7f11d50a3a"><value__ type="System.Int32">0</value__></resultType><m_hasSufficientAccess type="System.Boolean">True</m_hasSufficientAccess><counters type="Microsoft.VisualStudio.TestTools.Common.TestResultCounter"><values type="System.Int32">0,0,0,0,0,0,0,0,0,0,0,0,0,0</values><total type="System.Int32">1</total></counters><categoryId type="Microsoft.VisualStudio.TestTools.Common.TestCategoryId"><id type="System.Guid">8c84fa94-04c1-424b-9868-57a2d4851a1d</id></categoryId><outcome type="Microsoft.VisualStudio.TestTools.Common.TestOutcome"><value__ type="System.Int32">1</value__></outcome><errorInfo type="Microsoft.VisualStudio.TestTools.Common.TestResultErrorInfo"><message type="System.String">Test method BrownShoe.UnitTests.RetailApplicationCore.Profiles.ProfileControllerTest.UpdateAddressTest threw exception:  System.TypeInitializationException: The type initializer for 'BrownShoe.Profiles.CustomerService' threw an exception. ---&gt;  System.TypeInitializationException: The type initializer for 'BrownShoe.Profiles.ProfileCacheTrackerUsingCookies' threw an exception. ---&gt;  System.Configuration.ConfigurationErrorsException: Failed to obtain the Site Domain Name from the configuration file.</message><stackTrace type="System.String">    at BrownShoe.ConfigurationSettings.get_SiteDomainName() in e:\projects\brownshoe\unit_tests\product\src\BrownShoe\Libraries\Core\ConfigurationSettings.cs:line 997
   at BrownShoe.Profiles.ProfileCacheTrackerUsingCookies..ctor() in e:\projects\brownshoe\unit_tests\product\src\BrownShoe\Libraries\Services\Profiles\ProfileCacheTrackerUsingCookies.cs:line 22
   at BrownShoe.Profiles.ProfileCacheTrackerUsingCookies..cctor() in e:\projects\brownshoe\unit_tests\product\src\BrownShoe\Libraries\Services\Profiles\ProfileCacheTrackerUsingCookies.cs:line 18
 --- End of inner exception stack trace ---
    at BrownShoe.Profiles.ProfileCacheTrackerUsingCookies.get_Current()
   at BrownShoe.Profiles.CustomerService..cctor() in e:\projects\brownshoe\unit_tests\product\src\BrownShoe\Libraries\Services\Profiles\CustomerService.cs:line 26
 --- End of inner exception stack trace ---
    at BrownShoe.Profiles.CustomerService.get_Current()
   at BrownShoe.UnitTests.RetailApplicationCore.Profiles.ProfileControllerTest.CreateProfile()
   at BrownShoe.UnitTests.RetailApplicationCore.Profiles.ProfileControllerTest.UpdateAddressTest()
</stackTrace></errorInfo><traceInfo type="Microsoft.VisualStudio.TestTools.Common.TestExecutionTraceInformation"><trace type="System.Text.StringBuilder">Creating instance of class BrownShoe.UnitTests.RetailApplicationCore.Profiles.ProfileControllerTest.
Calling Test method BrownShoe.UnitTests.RetailApplicationCore.Profiles.ProfileControllerTest.Microsoft.VisualStudio.TestTools.TestTypes.Unit.TestMethod.
</trace></traceInfo><stdout type="System.String" /><stderr type="System.String" /><debugTrace type="System.String" /><workItemIds type="System.Collections.Generic.List`1[[System.Int32, mscorlib, Version=2.0.0.0, Culture=neutral, PublicKeyToken=b77a5c561934e089]]"><_size type="System.Int32">0</_size><_version type="System.Int32">1</_version></workItemIds><id type="Microsoft.VisualStudio.TestTools.Common.TestResultId"><runId type="System.Guid">3d9a8baa-b9cb-4717-8a94-3c6445344217</runId><executionId type="Microsoft.VisualStudio.TestTools.Common.TestExecId"><id type="System.Guid">b89c3392-33ca-484c-854f-feb6f32079b4</id></executionId><parentExecId type="Microsoft.VisualStudio.TestTools.Common.TestExecId"><id type="System.Guid">00000000-0000-0000-0000-000000000000</id></parentExecId><testId type="Microsoft.VisualStudio.TestTools.Common.TestId"><id type="System.Guid">277021e3-324a-a726-7836-70cba6569a15</id></testId></id><testName type="System.String">UpdateAddressTest</testName><testType type="Microsoft.VisualStudio.TestTools.Common.TestType"><id type="System.Guid">13cdc9d9-ddb5-4fa4-a97d-d965ccfc6d4b</id></testType><messageKind type="Microsoft.VisualStudio.TestTools.Common.TestMessageKind"><value__ type="System.Int32">1</value__></messageKind><computerInfo type="Microsoft.VisualStudio.TestTools.Common.ComputerInfo"><m_computerName type="System.String">ECDATA-TFS01</m_computerName></computerInfo><duration type="System.TimeSpan">00:00:00.0039393</duration><startTime type="System.DateTime"><dateData type="System.UInt64">633673774808126076</dateData></startTime><endTime type="System.DateTime"><dateData type="System.UInt64">633673774808282336</dateData></endTime><spoolMessage type="System.Boolean">True</spoolMessage></UnitTestResult><UnitTestResult type="Microsoft.VisualStudio.TestTools.TestTypes.Unit.UnitTestResult, Microsoft.VisualStudio.QualityTools.Tips.UnitTest.ObjectModel, Version=8.0.0.0, Culture=neutral, PublicKeyToken=b03f5f7f11d50a3a"><resultType type="Microsoft.VisualStudio.TestTools.TestTypes.Unit.UnitTestResultType, Microsoft.VisualStudio.QualityTools.Tips.UnitTest.ObjectModel, Version=8.0.0.0, Culture=neutral, PublicKeyToken=b03f5f7f11d50a3a"><value__ type="System.Int32">0</value__></resultType><m_hasSufficientAccess type="System.Boolean">True</m_hasSufficientAccess><counters type="Microsoft.VisualStudio.TestTools.Common.TestResultCounter"><values type="System.Int32">0,0,0,0,0,0,0,0,0,0,0,0,0,0</values><total type="System.Int32">1</total></counters><categoryId type="Microsoft.VisualStudio.TestTools.Common.TestCategoryId"><id type="System.Guid">8c84fa94-04c1-424b-9868-57a2d4851a1d</id></categoryId><outcome type="Microsoft.VisualStudio.TestTools.Common.TestOutcome"><value__ type="System.Int32">1</value__></outcome><errorInfo type="Microsoft.VisualStudio.TestTools.Common.TestResultErrorInfo"><message type="System.String">Test method BrownShoe.UnitTests.RetailApplicationCore.Profiles.ProfileControllerTest.UpdateCreditCardTest threw exception:  System.TypeInitializationException: The type initializer for 'BrownShoe.Profiles.CustomerService' threw an exception. ---&gt;  System.TypeInitializationException: The type initializer for 'BrownShoe.Profiles.ProfileCacheTrackerUsingCookies' threw an exception. ---&gt;  System.Configuration.ConfigurationErrorsException: Failed to obtain the Site Domain Name from the configuration file.</message><stackTrace type="System.String">    at BrownShoe.ConfigurationSettings.get_SiteDomainName() in e:\projects\brownshoe\unit_tests\product\src\BrownShoe\Libraries\Core\ConfigurationSettings.cs:line 997
   at BrownShoe.Profiles.ProfileCacheTrackerUsingCookies..ctor() in e:\projects\brownshoe\unit_tests\product\src\BrownShoe\Libraries\Services\Profiles\ProfileCacheTrackerUsingCookies.cs:line 22
   at BrownShoe.Profiles.ProfileCacheTrackerUsingCookies..cctor() in e:\projects\brownshoe\unit_tests\product\src\BrownShoe\Libraries\Services\Profiles\ProfileCacheTrackerUsingCookies.cs:line 18
 --- End of inner exception stack trace ---
    at BrownShoe.Profiles.ProfileCacheTrackerUsingCookies.get_Current()
   at BrownShoe.Profiles.CustomerService..cctor() in e:\projects\brownshoe\unit_tests\product\src\BrownShoe\Libraries\Services\Profiles\CustomerService.cs:line 26
 --- End of inner exception stack trace ---
    at BrownShoe.Profiles.CustomerService.get_Current()
   at BrownShoe.UnitTests.RetailApplicationCore.Profiles.ProfileControllerTest.CreateProfile()
   at BrownShoe.UnitTests.RetailApplicationCore.Profiles.ProfileControllerTest.UpdateCreditCardTest()
</stackTrace></errorInfo><traceInfo type="Microsoft.VisualStudio.TestTools.Common.TestExecutionTraceInformation"><trace type="System.Text.StringBuilder">Creating instance of class BrownShoe.UnitTests.RetailApplicationCore.Profiles.ProfileControllerTest.
Calling Test method BrownShoe.UnitTests.RetailApplicationCore.Profiles.ProfileControllerTest.Microsoft.VisualStudio.TestTools.TestTypes.Unit.TestMethod.
</trace></traceInfo><stdout type="System.String" /><stderr type="System.String" /><debugTrace type="System.String" /><workItemIds type="System.Collections.Generic.List`1[[System.Int32, mscorlib, Version=2.0.0.0, Culture=neutral, PublicKeyToken=b77a5c561934e089]]"><_size type="System.Int32">0</_size><_version type="System.Int32">1</_version></workItemIds><id type="Microsoft.VisualStudio.TestTools.Common.TestResultId"><runId type="System.Guid">3d9a8baa-b9cb-4717-8a94-3c6445344217</runId><executionId type="Microsoft.VisualStudio.TestTools.Common.TestExecId"><id type="System.Guid">e3fdd740-79ec-459e-b0ec-b7504d8c8b98</id></executionId><parentExecId type="Microsoft.VisualStudio.TestTools.Common.TestExecId"><id type="System.Guid">00000000-0000-0000-0000-000000000000</id></parentExecId><testId type="Microsoft.VisualStudio.TestTools.Common.TestId"><id type="System.Guid">35d80593-c848-55b5-ef66-7878b30ca1b0</id></testId></id><testName type="System.String">UpdateCreditCardTest</testName><testType type="Microsoft.VisualStudio.TestTools.Common.TestType"><id type="System.Guid">13cdc9d9-ddb5-4fa4-a97d-d965ccfc6d4b</id></testType><messageKind type="Microsoft.VisualStudio.TestTools.Common.TestMessageKind"><value__ type="System.Int32">1</value__></messageKind><computerInfo type="Microsoft.VisualStudio.TestTools.Common.ComputerInfo"><m_computerName type="System.String">ECDATA-TFS01</m_computerName></computerInfo><duration type="System.TimeSpan">00:00:00.0017506</duration><startTime type="System.DateTime"><dateData type="System.UInt64">633673774808282336</dateData></startTime><endTime type="System.DateTime"><dateData type="System.UInt64">633673774808282336</dateData></endTime><spoolMessage type="System.Boolean">True</spoolMessage></UnitTestResult><UnitTestResult type="Microsoft.VisualStudio.TestTools.TestTypes.Unit.UnitTestResult, Microsoft.VisualStudio.QualityTools.Tips.UnitTest.ObjectModel, Version=8.0.0.0, Culture=neutral, PublicKeyToken=b03f5f7f11d50a3a"><resultType type="Microsoft.VisualStudio.TestTools.TestTypes.Unit.UnitTestResultType, Microsoft.VisualStudio.QualityTools.Tips.UnitTest.ObjectModel, Version=8.0.0.0, Culture=neutral, PublicKeyToken=b03f5f7f11d50a3a"><value__ type="System.Int32">0</value__></resultType><m_hasSufficientAccess type="System.Boolean">True</m_hasSufficientAccess><counters type="Microsoft.VisualStudio.TestTools.Common.TestResultCounter"><values type="System.Int32">0,0,0,0,0,0,0,0,0,0,0,0,0,0</values><total type="System.Int32">1</total></counters><categoryId type="Microsoft.VisualStudio.TestTools.Common.TestCategoryId"><id type="System.Guid">8c84fa94-04c1-424b-9868-57a2d4851a1d</id></categoryId><outcome type="Microsoft.VisualStudio.TestTools.Common.TestOutcome"><value__ type="System.Int32">1</value__></outcome><errorInfo type="Microsoft.VisualStudio.TestTools.Common.TestResultErrorInfo"><message type="System.String">Test method BrownShoe.UnitTests.RetailApplicationCore.Validators.AddressValidatorTest.GetAccuMailErrorMessageTest threw exception:  System.Configuration.ConfigurationErrorsException: The type Microsoft.Practices.EnterpriseLibrary.ExceptionHandling.Logging.LoggingExceptionHandler, Microsoft.Practices.EnterpriseLibrary.ExceptionHandling.Logging, Version=2.0.0.0, Culture=neutral, PublicKeyToken=c834797fd9c628b4 from configuration could not be created. (E:\projects\brownshoe\unit_tests\product\srvtfs_ECDATA-TFS01 2009-01-12 11_17_41\Out\BrownShoe.UnitTests.DLL.config line 38).</message><stackTrace type="System.String">    at System.Configuration.BaseConfigurationRecord.EvaluateOne(String[] keys, SectionInput input, Boolean isTrusted, FactoryRecord factoryRecord, SectionRecord sectionRecord, Object parentResult)
   at System.Configuration.BaseConfigurationRecord.Evaluate(FactoryRecord factoryRecord, SectionRecord sectionRecord, Object parentResult, Boolean getLkg, Boolean getRuntimeObject, Object&amp; result, Object&amp; resultRuntimeObject)
   at System.Configuration.BaseConfigurationRecord.GetSectionRecursive(String configKey, Boolean getLkg, Boolean checkPermission, Boolean getRuntimeObject, Boolean requestIsHere, Object&amp; result, Object&amp; resultRuntimeObject)
   at System.Configuration.BaseConfigurationRecord.GetSectionRecursive(String configKey, Boolean getLkg, Boolean checkPermission, Boolean getRuntimeObject, Boolean requestIsHere, Object&amp; result, Object&amp; resultRuntimeObject)
   at System.Configuration.BaseConfigurationRecord.GetSectionRecursive(String configKey, Boolean getLkg, Boolean checkPermission, Boolean getRuntimeObject, Boolean requestIsHere, Object&amp; result, Object&amp; resultRuntimeObject)
   at System.Configuration.BaseConfigurationRecord.GetSection(String configKey, Boolean getLkg, Boolean checkPermission)
   at System.Configuration.BaseConfigurationRecord.GetSection(String configKey)
   at System.Configuration.ClientConfigurationSystem.System.Configuration.Internal.IInternalConfigSystem.GetSection(String sectionName)
   at System.Configuration.ConfigurationManager.GetSection(String sectionName)
   at Microsoft.Practices.EnterpriseLibrary.Common.Configuration.SystemConfigurationSourceImplementation.GetSection(String sectionName)
   at Microsoft.Practices.EnterpriseLibrary.Common.Configuration.SystemConfigurationSource.GetSection(String sectionName)
   at Microsoft.Practices.EnterpriseLibrary.ExceptionHandling.Configuration.ExceptionHandlingSettings.GetExceptionHandlingSettings(IConfigurationSource configurationSource)
   at Microsoft.Practices.EnterpriseLibrary.ExceptionHandling.ExceptionHandlingConfigurationView.get_ExceptionHandlingSettings()
   at Microsoft.Practices.EnterpriseLibrary.ExceptionHandling.ExceptionHandlingConfigurationView.GetExceptionPolicyData(String policyName)
   at Microsoft.Practices.EnterpriseLibrary.ExceptionHandling.ExceptionPolicyCustomFactory.GetConfiguration(String id, IConfigurationSource configurationSource)
   at Microsoft.Practices.EnterpriseLibrary.ExceptionHandling.ExceptionPolicyCustomFactory.CreateObject(IBuilderContext context, String name, IConfigurationSource configurationSource, ConfigurationReflectionCache reflectionCache)
   at Microsoft.Practices.EnterpriseLibrary.Common.Configuration.ObjectBuilder.ConfiguredObjectStrategy.BuildUp(IBuilderContext context, Type t, Object existing, String id)
   at Microsoft.Practices.ObjectBuilder.BuilderStrategy.BuildUp(IBuilderContext context, Type typeToBuild, Object existing, String idToBuild)
   at Microsoft.Practices.ObjectBuilder.SingletonStrategy.BuildUp(IBuilderContext context, Type typeToBuild, Object existing, String idToBuild)
   at Microsoft.Practices.ObjectBuilder.BuilderStrategy.BuildUp(IBuilderContext context, Type typeToBuild, Object existing, String idToBuild)
   at Microsoft.Practices.EnterpriseLibrary.Common.Configuration.ObjectBuilder.ConfigurationNameMappingStrategy.BuildUp(IBuilderContext context, Type t, Object existing, String id)
   at Microsoft.Practices.ObjectBuilder.BuilderBase`1.DoBuildUp(IReadWriteLocator locator, Type typeToBuild, String idToBuild, Object existing, PolicyList[] transientPolicies)
   at Microsoft.Practices.ObjectBuilder.BuilderBase`1.BuildUp(IReadWriteLocator locator, Type typeToBuild, String idToBuild, Object existing, PolicyList[] transientPolicies)
   at Microsoft.Practices.ObjectBuilder.BuilderBase`1.BuildUp[TTypeToBuild](IReadWriteLocator locator, String idToBuild, Object existing, PolicyList[] transientPolicies)
   at Microsoft.Practices.EnterpriseLibrary.Common.Configuration.ObjectBuilder.EnterpriseLibraryFactory.BuildUp[T](IReadWriteLocator locator, String id, IConfigurationSource configurationSource)
   at Microsoft.Practices.EnterpriseLibrary.Common.Configuration.ObjectBuilder.LocatorNameTypeFactoryBase`1.Create(String name)
   at Microsoft.Practices.EnterpriseLibrary.ExceptionHandling.ExceptionPolicy.GetExceptionPolicy(Exception exception, String policyName)
   at Microsoft.Practices.EnterpriseLibrary.ExceptionHandling.ExceptionPolicy.HandleException(Exception exceptionToHandle, String policyName)
   at BrownShoe.ExceptionPolicy.HandleException(Exception exc) in e:\projects\brownshoe\unit_tests\product\src\BrownShoe\Libraries\Core\ExceptionPolicies.cs:line 117
   at BrownShoe.Orders.AddressValidationService.ValidateAddress(OrderAddress orderAddress) in e:\projects\brownshoe\unit_tests\product\src\BrownShoe\Libraries\Services\Orders\AddressValidationService.cs:line 157
   at BrownShoe.UnitTests.RetailApplicationCore.Validators.AddressValidatorTest.GetAccuMailErrorMessageTest()
</stackTrace></errorInfo><traceInfo type="Microsoft.VisualStudio.TestTools.Common.TestExecutionTraceInformation"><trace type="System.Text.StringBuilder">Creating instance of class BrownShoe.UnitTests.RetailApplicationCore.Validators.AddressValidatorTest.
Calling Test method BrownShoe.UnitTests.RetailApplicationCore.Validators.AddressValidatorTest.Microsoft.VisualStudio.TestTools.TestTypes.Unit.TestMethod.
</trace></traceInfo><stdout type="System.String" /><stderr type="System.String" /><debugTrace type="System.String" /><workItemIds type="System.Collections.Generic.List`1[[System.Int32, mscorlib, Version=2.0.0.0, Culture=neutral, PublicKeyToken=b77a5c561934e089]]"><_size type="System.Int32">0</_size><_version type="System.Int32">1</_version></workItemIds><id type="Microsoft.VisualStudio.TestTools.Common.TestResultId"><runId type="System.Guid">3d9a8baa-b9cb-4717-8a94-3c6445344217</runId><executionId type="Microsoft.VisualStudio.TestTools.Common.TestExecId"><id type="System.Guid">6f43ed4f-97f4-40eb-aa55-d2bc8357236c</id></executionId><parentExecId type="Microsoft.VisualStudio.TestTools.Common.TestExecId"><id type="System.Guid">00000000-0000-0000-0000-000000000000</id></parentExecId><testId type="Microsoft.VisualStudio.TestTools.Common.TestId"><id type="System.Guid">4950e980-871b-97b4-db56-d19e8456a696</id></testId></id><testName type="System.String">GetAccuMailErrorMessageTest</testName><testType type="Microsoft.VisualStudio.TestTools.Common.TestType"><id type="System.Guid">13cdc9d9-ddb5-4fa4-a97d-d965ccfc6d4b</id></testType><messageKind type="Microsoft.VisualStudio.TestTools.Common.TestMessageKind"><value__ type="System.Int32">1</value__></messageKind><computerInfo type="Microsoft.VisualStudio.TestTools.Common.ComputerInfo"><m_computerName type="System.String">ECDATA-TFS01</m_computerName></computerInfo><duration type="System.TimeSpan">00:00:02.7179946</duration><startTime type="System.DateTime"><dateData type="System.UInt64">633673774808282336</dateData></startTime><endTime type="System.DateTime"><dateData type="System.UInt64">633673774835627836</dateData></endTime><spoolMessage type="System.Boolean">True</spoolMessage></UnitTestResult><UnitTestResult type="Microsoft.VisualStudio.TestTools.TestTypes.Unit.UnitTestResult, Microsoft.VisualStudio.QualityTools.Tips.UnitTest.ObjectModel, Version=8.0.0.0, Culture=neutral, PublicKeyToken=b03f5f7f11d50a3a"><resultType type="Microsoft.VisualStudio.TestTools.TestTypes.Unit.UnitTestResultType, Microsoft.VisualStudio.QualityTools.Tips.UnitTest.ObjectModel, Version=8.0.0.0, Culture=neutral, PublicKeyToken=b03f5f7f11d50a3a"><value__ type="System.Int32">0</value__></resultType><m_hasSufficientAccess type="System.Boolean">True</m_hasSufficientAccess><counters type="Microsoft.VisualStudio.TestTools.Common.TestResultCounter"><values type="System.Int32">0,0,0,0,0,0,0,0,0,0,0,0,0,0</values><total type="System.Int32">1</total></counters><categoryId type="Microsoft.VisualStudio.TestTools.Common.TestCategoryId"><id type="System.Guid">8c84fa94-04c1-424b-9868-57a2d4851a1d</id></categoryId><outcome type="Microsoft.VisualStudio.TestTools.Common.TestOutcome"><value__ type="System.Int32">1</value__></outcome><errorInfo type="Microsoft.VisualStudio.TestTools.Common.TestResultErrorInfo"><message type="System.String">Test method BrownShoe.UnitTests.RetailApplicationCore.Validators.AddressValidatorTest.IsValidBillingAddressTest threw exception:  System.Configuration.ConfigurationErrorsException: The type Microsoft.Practices.EnterpriseLibrary.ExceptionHandling.Logging.LoggingExceptionHandler, Microsoft.Practices.EnterpriseLibrary.ExceptionHandling.Logging, Version=2.0.0.0, Culture=neutral, PublicKeyToken=c834797fd9c628b4 from configuration could not be created. (E:\projects\brownshoe\unit_tests\product\srvtfs_ECDATA-TFS01 2009-01-12 11_17_41\Out\BrownShoe.UnitTests.DLL.config line 38).</message><stackTrace type="System.String">    at System.Configuration.BaseConfigurationRecord.EvaluateOne(String[] keys, SectionInput input, Boolean isTrusted, FactoryRecord factoryRecord, SectionRecord sectionRecord, Object parentResult)
   at System.Configuration.BaseConfigurationRecord.Evaluate(FactoryRecord factoryRecord, SectionRecord sectionRecord, Object parentResult, Boolean getLkg, Boolean getRuntimeObject, Object&amp; result, Object&amp; resultRuntimeObject)
   at System.Configuration.BaseConfigurationRecord.GetSectionRecursive(String configKey, Boolean getLkg, Boolean checkPermission, Boolean getRuntimeObject, Boolean requestIsHere, Object&amp; result, Object&amp; resultRuntimeObject)
   at System.Configuration.BaseConfigurationRecord.GetSectionRecursive(String configKey, Boolean getLkg, Boolean checkPermission, Boolean getRuntimeObject, Boolean requestIsHere, Object&amp; result, Object&amp; resultRuntimeObject)
   at System.Configuration.BaseConfigurationRecord.GetSectionRecursive(String configKey, Boolean getLkg, Boolean checkPermission, Boolean getRuntimeObject, Boolean requestIsHere, Object&amp; result, Object&amp; resultRuntimeObject)
   at System.Configuration.BaseConfigurationRecord.GetSection(String configKey, Boolean getLkg, Boolean checkPermission)
   at System.Configuration.BaseConfigurationRecord.GetSection(String configKey)
   at System.Configuration.ClientConfigurationSystem.System.Configuration.Internal.IInternalConfigSystem.GetSection(String sectionName)
   at System.Configuration.ConfigurationManager.GetSection(String sectionName)
   at Microsoft.Practices.EnterpriseLibrary.Common.Configuration.SystemConfigurationSourceImplementation.GetSection(String sectionName)
   at Microsoft.Practices.EnterpriseLibrary.Common.Configuration.SystemConfigurationSource.GetSection(String sectionName)
   at Microsoft.Practices.EnterpriseLibrary.ExceptionHandling.Configuration.ExceptionHandlingSettings.GetExceptionHandlingSettings(IConfigurationSource configurationSource)
   at Microsoft.Practices.EnterpriseLibrary.ExceptionHandling.ExceptionHandlingConfigurationView.get_ExceptionHandlingSettings()
   at Microsoft.Practices.EnterpriseLibrary.ExceptionHandling.ExceptionHandlingConfigurationView.GetExceptionPolicyData(String policyName)
   at Microsoft.Practices.EnterpriseLibrary.ExceptionHandling.ExceptionPolicyCustomFactory.GetConfiguration(String id, IConfigurationSource configurationSource)
   at Microsoft.Practices.EnterpriseLibrary.ExceptionHandling.ExceptionPolicyCustomFactory.CreateObject(IBuilderContext context, String name, IConfigurationSource configurationSource, ConfigurationReflectionCache reflectionCache)
   at Microsoft.Practices.EnterpriseLibrary.Common.Configuration.ObjectBuilder.ConfiguredObjectStrategy.BuildUp(IBuilderContext context, Type t, Object existing, String id)
   at Microsoft.Practices.ObjectBuilder.BuilderStrategy.BuildUp(IBuilderContext context, Type typeToBuild, Object existing, String idToBuild)
   at Microsoft.Practices.ObjectBuilder.SingletonStrategy.BuildUp(IBuilderContext context, Type typeToBuild, Object existing, String idToBuild)
   at Microsoft.Practices.ObjectBuilder.BuilderStrategy.BuildUp(IBuilderContext context, Type typeToBuild, Object existing, String idToBuild)
   at Microsoft.Practices.EnterpriseLibrary.Common.Configuration.ObjectBuilder.ConfigurationNameMappingStrategy.BuildUp(IBuilderContext context, Type t, Object existing, String id)
   at Microsoft.Practices.ObjectBuilder.BuilderBase`1.DoBuildUp(IReadWriteLocator locator, Type typeToBuild, String idToBuild, Object existing, PolicyList[] transientPolicies)
   at Microsoft.Practices.ObjectBuilder.BuilderBase`1.BuildUp(IReadWriteLocator locator, Type typeToBuild, String idToBuild, Object existing, PolicyList[] transientPolicies)
   at Microsoft.Practices.ObjectBuilder.BuilderBase`1.BuildUp[TTypeToBuild](IReadWriteLocator locator, String idToBuild, Object existing, PolicyList[] transientPolicies)
   at Microsoft.Practices.EnterpriseLibrary.Common.Configuration.ObjectBuilder.EnterpriseLibraryFactory.BuildUp[T](IReadWriteLocator locator, String id, IConfigurationSource configurationSource)
   at Microsoft.Practices.EnterpriseLibrary.Common.Configuration.ObjectBuilder.LocatorNameTypeFactoryBase`1.Create(String name)
   at Microsoft.Practices.EnterpriseLibrary.ExceptionHandling.ExceptionPolicy.GetExceptionPolicy(Exception exception, String policyName)
   at Microsoft.Practices.EnterpriseLibrary.ExceptionHandling.ExceptionPolicy.HandleException(Exception exceptionToHandle, String policyName)
   at BrownShoe.ExceptionPolicy.HandleException(Exception exc) in e:\projects\brownshoe\unit_tests\product\src\BrownShoe\Libraries\Core\ExceptionPolicies.cs:line 117
   at BrownShoe.RetailApplicationCore.Validators.AddressValidator.IsValidBillingAddress(OrderAddress billingAddress, OrderAddress&amp; correctedAddress) in e:\projects\brownshoe\unit_tests\product\src\BrownShoe\Libraries\RetailApplicationCore\Validators\AddressValidator.cs:line 398
   at BrownShoe.UnitTests.RetailApplicationCore.Validators.AddressValidatorTest.IsValidBillingAddressTest()
</stackTrace></errorInfo><traceInfo type="Microsoft.VisualStudio.TestTools.Common.TestExecutionTraceInformation"><trace type="System.Text.StringBuilder">Creating instance of class BrownShoe.UnitTests.RetailApplicationCore.Validators.AddressValidatorTest.
Calling Test method BrownShoe.UnitTests.RetailApplicationCore.Validators.AddressValidatorTest.Microsoft.VisualStudio.TestTools.TestTypes.Unit.TestMethod.
</trace></traceInfo><stdout type="System.String" /><stderr type="System.String">log4net:ERROR XmlConfigurator: Failed to find configuration section 'log4net' in the application's .config file. Check your .config file for the &lt;log4net&gt; and &lt;configSections&gt; elements. The configuration section should look like: &lt;section name="log4net" type="log4net.Config.Log4NetConfigurationSectionHandler,log4net" /&gt;
log4net:ERROR XmlConfigurator: Failed to find configuration section 'log4net' in the application's .config file. Check your .config file for the &lt;log4net&gt; and &lt;configSections&gt; elements. The configuration section should look like: &lt;section name="log4net" type="log4net.Config.Log4NetConfigurationSectionHandler,log4net" /&gt;
log4net:ERROR XmlConfigurator: Failed to find configuration section 'log4net' in the application's .config file. Check your .config file for the &lt;log4net&gt; and &lt;configSections&gt; elements. The configuration section should look like: &lt;section name="log4net" type="log4net.Config.Log4NetConfigurationSectionHandler,log4net" /&gt;
log4net:ERROR XmlConfigurator: Failed to find configuration section 'log4net' in the application's .config file. Check your .config file for the &lt;log4net&gt; and &lt;configSections&gt; elements. The configuration section should look like: &lt;section name="log4net" type="log4net.Config.Log4NetConfigurationSectionHandler,log4net" /&gt;
log4net:ERROR XmlConfigurator: Failed to find configuration section 'log4net' in the application's .config file. Check your .config file for the &lt;log4net&gt; and &lt;configSections&gt; elements. The configuration section should look like: &lt;section name="log4net" type="log4net.Config.Log4NetConfigurationSectionHandler,log4net" /&gt;
log4net:ERROR XmlConfigurator: Failed to find configuration section 'log4net' in the application's .config file. Check your .config file for the &lt;log4net&gt; and &lt;configSections&gt; elements. The configuration section should look like: &lt;section name="log4net" type="log4net.Config.Log4NetConfigurationSectionHandler,log4net" /&gt;
</stderr><debugTrace type="System.String">log4net:ERROR XmlConfigurator: Failed to find configuration section 'log4net' in the application's .config file. Check your .config file for the &lt;log4net&gt; and &lt;configSections&gt; elements. The configuration section should look like: &lt;section name="log4net" type="log4net.Config.Log4NetConfigurationSectionHandler,log4net" /&gt;
log4net:ERROR XmlConfigurator: Failed to find configuration section 'log4net' in the application's .config file. Check your .config file for the &lt;log4net&gt; and &lt;configSections&gt; elements. The configuration section should look like: &lt;section name="log4net" type="log4net.Config.Log4NetConfigurationSectionHandler,log4net" /&gt;
log4net:ERROR XmlConfigurator: Failed to find configuration section 'log4net' in the application's .config file. Check your .config file for the &lt;log4net&gt; and &lt;configSections&gt; elements. The configuration section should look like: &lt;section name="log4net" type="log4net.Config.Log4NetConfigurationSectionHandler,log4net" /&gt;
log4net:ERROR XmlConfigurator: Failed to find configuration section 'log4net' in the application's .config file. Check your .config file for the &lt;log4net&gt; and &lt;configSections&gt; elements. The configuration section should look like: &lt;section name="log4net" type="log4net.Config.Log4NetConfigurationSectionHandler,log4net" /&gt;
log4net:ERROR XmlConfigurator: Failed to find configuration section 'log4net' in the application's .config file. Check your .config file for the &lt;log4net&gt; and &lt;configSections&gt; elements. The configuration section should look like: &lt;section name="log4net" type="log4net.Config.Log4NetConfigurationSectionHandler,log4net" /&gt;
log4net:ERROR XmlConfigurator: Failed to find configuration section 'log4net' in the application's .config file. Check your .config file for the &lt;log4net&gt; and &lt;configSections&gt; elements. The configuration section should look like: &lt;section name="log4net" type="log4net.Config.Log4NetConfigurationSectionHandler,log4net" /&gt;
</debugTrace><workItemIds type="System.Collections.Generic.List`1[[System.Int32, mscorlib, Version=2.0.0.0, Culture=neutral, PublicKeyToken=b77a5c561934e089]]"><_size type="System.Int32">0</_size><_version type="System.Int32">1</_version></workItemIds><id type="Microsoft.VisualStudio.TestTools.Common.TestResultId"><runId type="System.Guid">3d9a8baa-b9cb-4717-8a94-3c6445344217</runId><executionId type="Microsoft.VisualStudio.TestTools.Common.TestExecId"><id type="System.Guid">e0386d28-b040-4462-8045-e774810a85c0</id></executionId><parentExecId type="Microsoft.VisualStudio.TestTools.Common.TestExecId"><id type="System.Guid">00000000-0000-0000-0000-000000000000</id></parentExecId><testId type="Microsoft.VisualStudio.TestTools.Common.TestId"><id type="System.Guid">7c752486-43cf-3ec8-89d1-08dedb2d9908</id></testId></id><testName type="System.String">IsValidBillingAddressTest</testName><testType type="Microsoft.VisualStudio.TestTools.Common.TestType"><id type="System.Guid">13cdc9d9-ddb5-4fa4-a97d-d965ccfc6d4b</id></testType><messageKind type="Microsoft.VisualStudio.TestTools.Common.TestMessageKind"><value__ type="System.Int32">1</value__></messageKind><computerInfo type="Microsoft.VisualStudio.TestTools.Common.ComputerInfo"><m_computerName type="System.String">ECDATA-TFS01</m_computerName></computerInfo><duration type="System.TimeSpan">00:00:00.1573362</duration><startTime type="System.DateTime"><dateData type="System.UInt64">633673774835627836</dateData></startTime><endTime type="System.DateTime"><dateData type="System.UInt64">633673774837190436</dateData></endTime><spoolMessage type="System.Boolean">True</spoolMessage></UnitTestResult><UnitTestResult type="Microsoft.VisualStudio.TestTools.TestTypes.Unit.UnitTestResult, Microsoft.VisualStudio.QualityTools.Tips.UnitTest.ObjectModel, Version=8.0.0.0, Culture=neutral, PublicKeyToken=b03f5f7f11d50a3a"><resultType type="Microsoft.VisualStudio.TestTools.TestTypes.Unit.UnitTestResultType, Microsoft.VisualStudio.QualityTools.Tips.UnitTest.ObjectModel, Version=8.0.0.0, Culture=neutral, PublicKeyToken=b03f5f7f11d50a3a"><value__ type="System.Int32">0</value__></resultType><m_hasSufficientAccess type="System.Boolean">True</m_hasSufficientAccess><counters type="Microsoft.VisualStudio.TestTools.Common.TestResultCounter"><values type="System.Int32">0,0,0,0,0,0,0,0,0,0,0,0,0,0</values><total type="System.Int32">1</total></counters><categoryId type="Microsoft.VisualStudio.TestTools.Common.TestCategoryId"><id type="System.Guid">8c84fa94-04c1-424b-9868-57a2d4851a1d</id></categoryId><outcome type="Microsoft.VisualStudio.TestTools.Common.TestOutcome"><value__ type="System.Int32">1</value__></outcome><errorInfo type="Microsoft.VisualStudio.TestTools.Common.TestResultErrorInfo"><message type="System.String">Test method BrownShoe.UnitTests.RetailApplicationCore.Validators.AddressValidatorTest.IsValidCityStateZipTest threw exception:  System.Configuration.ConfigurationErrorsException: The type Microsoft.Practices.EnterpriseLibrary.ExceptionHandling.Logging.LoggingExceptionHandler, Microsoft.Practices.EnterpriseLibrary.ExceptionHandling.Logging, Version=2.0.0.0, Culture=neutral, PublicKeyToken=c834797fd9c628b4 from configuration could not be created. (E:\projects\brownshoe\unit_tests\product\srvtfs_ECDATA-TFS01 2009-01-12 11_17_41\Out\BrownShoe.UnitTests.DLL.config line 38).</message><stackTrace type="System.String">    at System.Configuration.BaseConfigurationRecord.EvaluateOne(String[] keys, SectionInput input, Boolean isTrusted, FactoryRecord factoryRecord, SectionRecord sectionRecord, Object parentResult)
   at System.Configuration.BaseConfigurationRecord.Evaluate(FactoryRecord factoryRecord, SectionRecord sectionRecord, Object parentResult, Boolean getLkg, Boolean getRuntimeObject, Object&amp; result, Object&amp; resultRuntimeObject)
   at System.Configuration.BaseConfigurationRecord.GetSectionRecursive(String configKey, Boolean getLkg, Boolean checkPermission, Boolean getRuntimeObject, Boolean requestIsHere, Object&amp; result, Object&amp; resultRuntimeObject)
   at System.Configuration.BaseConfigurationRecord.GetSectionRecursive(String configKey, Boolean getLkg, Boolean checkPermission, Boolean getRuntimeObject, Boolean requestIsHere, Object&amp; result, Object&amp; resultRuntimeObject)
   at System.Configuration.BaseConfigurationRecord.GetSectionRecursive(String configKey, Boolean getLkg, Boolean checkPermission, Boolean getRuntimeObject, Boolean requestIsHere, Object&amp; result, Object&amp; resultRuntimeObject)
   at System.Configuration.BaseConfigurationRecord.GetSection(String configKey, Boolean getLkg, Boolean checkPermission)
   at System.Configuration.BaseConfigurationRecord.GetSection(String configKey)
   at System.Configuration.ClientConfigurationSystem.System.Configuration.Internal.IInternalConfigSystem.GetSection(String sectionName)
   at System.Configuration.ConfigurationManager.GetSection(String sectionName)
   at Microsoft.Practices.EnterpriseLibrary.Common.Configuration.SystemConfigurationSourceImplementation.GetSection(String sectionName)
   at Microsoft.Practices.EnterpriseLibrary.Common.Configuration.SystemConfigurationSource.GetSection(String sectionName)
   at Microsoft.Practices.EnterpriseLibrary.ExceptionHandling.Configuration.ExceptionHandlingSettings.GetExceptionHandlingSettings(IConfigurationSource configurationSource)
   at Microsoft.Practices.EnterpriseLibrary.ExceptionHandling.ExceptionHandlingConfigurationView.get_ExceptionHandlingSettings()
   at Microsoft.Practices.EnterpriseLibrary.ExceptionHandling.ExceptionHandlingConfigurationView.GetExceptionPolicyData(String policyName)
   at Microsoft.Practices.EnterpriseLibrary.ExceptionHandling.ExceptionPolicyCustomFactory.GetConfiguration(String id, IConfigurationSource configurationSource)
   at Microsoft.Practices.EnterpriseLibrary.ExceptionHandling.ExceptionPolicyCustomFactory.CreateObject(IBuilderContext context, String name, IConfigurationSource configurationSource, ConfigurationReflectionCache reflectionCache)
   at Microsoft.Practices.EnterpriseLibrary.Common.Configuration.ObjectBuilder.ConfiguredObjectStrategy.BuildUp(IBuilderContext context, Type t, Object existing, String id)
   at Microsoft.Practices.ObjectBuilder.BuilderStrategy.BuildUp(IBuilderContext context, Type typeToBuild, Object existing, String idToBuild)
   at Microsoft.Practices.ObjectBuilder.SingletonStrategy.BuildUp(IBuilderContext context, Type typeToBuild, Object existing, String idToBuild)
   at Microsoft.Practices.ObjectBuilder.BuilderStrategy.BuildUp(IBuilderContext context, Type typeToBuild, Object existing, String idToBuild)
   at Microsoft.Practices.EnterpriseLibrary.Common.Configuration.ObjectBuilder.ConfigurationNameMappingStrategy.BuildUp(IBuilderContext context, Type t, Object existing, String id)
   at Microsoft.Practices.ObjectBuilder.BuilderBase`1.DoBuildUp(IReadWriteLocator locator, Type typeToBuild, String idToBuild, Object existing, PolicyList[] transientPolicies)
   at Microsoft.Practices.ObjectBuilder.BuilderBase`1.BuildUp(IReadWriteLocator locator, Type typeToBuild, String idToBuild, Object existing, PolicyList[] transientPolicies)
   at Microsoft.Practices.ObjectBuilder.BuilderBase`1.BuildUp[TTypeToBuild](IReadWriteLocator locator, String idToBuild, Object existing, PolicyList[] transientPolicies)
   at Microsoft.Practices.EnterpriseLibrary.Common.Configuration.ObjectBuilder.EnterpriseLibraryFactory.BuildUp[T](IReadWriteLocator locator, String id, IConfigurationSource configurationSource)
   at Microsoft.Practices.EnterpriseLibrary.Common.Configuration.ObjectBuilder.LocatorNameTypeFactoryBase`1.Create(String name)
   at Microsoft.Practices.EnterpriseLibrary.ExceptionHandling.ExceptionPolicy.GetExceptionPolicy(Exception exception, String policyName)
   at Microsoft.Practices.EnterpriseLibrary.ExceptionHandling.ExceptionPolicy.HandleException(Exception exceptionToHandle, String policyName)
   at BrownShoe.ExceptionPolicy.HandleException(Exception exc) in e:\projects\brownshoe\unit_tests\product\src\BrownShoe\Libraries\Core\ExceptionPolicies.cs:line 117
   at BrownShoe.RetailApplicationCore.Validators.AddressValidator.IsValidCityStateZip(OrderAddress address) in e:\projects\brownshoe\unit_tests\product\src\BrownShoe\Libraries\RetailApplicationCore\Validators\AddressValidator.cs:line 208
   at BrownShoe.UnitTests.RetailApplicationCore.Validators.AddressValidatorTest.IsValidCityStateZipTest()
</stackTrace></errorInfo><traceInfo type="Microsoft.VisualStudio.TestTools.Common.TestExecutionTraceInformation"><trace type="System.Text.StringBuilder">Creating instance of class BrownShoe.UnitTests.RetailApplicationCore.Validators.AddressValidatorTest.
Calling Test method BrownShoe.UnitTests.RetailApplicationCore.Validators.AddressValidatorTest.Microsoft.VisualStudio.TestTools.TestTypes.Unit.TestMethod.
</trace></traceInfo><stdout type="System.String" /><stderr type="System.String" /><debugTrace type="System.String" /><workItemIds type="System.Collections.Generic.List`1[[System.Int32, mscorlib, Version=2.0.0.0, Culture=neutral, PublicKeyToken=b77a5c561934e089]]"><_size type="System.Int32">0</_size><_version type="System.Int32">1</_version></workItemIds><id type="Microsoft.VisualStudio.TestTools.Common.TestResultId"><runId type="System.Guid">3d9a8baa-b9cb-4717-8a94-3c6445344217</runId><executionId type="Microsoft.VisualStudio.TestTools.Common.TestExecId"><id type="System.Guid">4fd39f7d-de32-49bf-9036-d8bbe89b2c48</id></executionId><parentExecId type="Microsoft.VisualStudio.TestTools.Common.TestExecId"><id type="System.Guid">00000000-0000-0000-0000-000000000000</id></parentExecId><testId type="Microsoft.VisualStudio.TestTools.Common.TestId"><id type="System.Guid">cf51f8ed-401c-c58f-2c4a-80ca8fe01a9d</id></testId></id><testName type="System.String">IsValidCityStateZipTest</testName><testType type="Microsoft.VisualStudio.TestTools.Common.TestType"><id type="System.Guid">13cdc9d9-ddb5-4fa4-a97d-d965ccfc6d4b</id></testType><messageKind type="Microsoft.VisualStudio.TestTools.Common.TestMessageKind"><value__ type="System.Int32">1</value__></messageKind><computerInfo type="Microsoft.VisualStudio.TestTools.Common.ComputerInfo"><m_computerName type="System.String">ECDATA-TFS01</m_computerName></computerInfo><duration type="System.TimeSpan">00:00:00.0174286</duration><startTime type="System.DateTime"><dateData type="System.UInt64">633673774837190436</dateData></startTime><endTime type="System.DateTime"><dateData type="System.UInt64">633673774837502956</dateData></endTime><spoolMessage type="System.Boolean">True</spoolMessage></UnitTestResult><UnitTestResult type="Microsoft.VisualStudio.TestTools.TestTypes.Unit.UnitTestResult, Microsoft.VisualStudio.QualityTools.Tips.UnitTest.ObjectModel, Version=8.0.0.0, Culture=neutral, PublicKeyToken=b03f5f7f11d50a3a"><resultType type="Microsoft.VisualStudio.TestTools.TestTypes.Unit.UnitTestResultType, Microsoft.VisualStudio.QualityTools.Tips.UnitTest.ObjectModel, Version=8.0.0.0, Culture=neutral, PublicKeyToken=b03f5f7f11d50a3a"><value__ type="System.Int32">0</value__></resultType><m_hasSufficientAccess type="System.Boolean">True</m_hasSufficientAccess><counters type="Microsoft.VisualStudio.TestTools.Common.TestResultCounter"><values type="System.Int32">0,0,0,0,0,0,0,0,0,0,0,0,0,0</values><total type="System.Int32">1</total></counters><categoryId type="Microsoft.VisualStudio.TestTools.Common.TestCategoryId"><id type="System.Guid">8c84fa94-04c1-424b-9868-57a2d4851a1d</id></categoryId><outcome type="Microsoft.VisualStudio.TestTools.Common.TestOutcome"><value__ type="System.Int32">1</value__></outcome><errorInfo type="Microsoft.VisualStudio.TestTools.Common.TestResultErrorInfo"><message type="System.String">Test method BrownShoe.UnitTests.RetailApplicationCore.Validators.AddressValidatorTest.IsValidShippingAddressTest threw exception:  System.Configuration.ConfigurationErrorsException: The type Microsoft.Practices.EnterpriseLibrary.ExceptionHandling.Logging.LoggingExceptionHandler, Microsoft.Practices.EnterpriseLibrary.ExceptionHandling.Logging, Version=2.0.0.0, Culture=neutral, PublicKeyToken=c834797fd9c628b4 from configuration could not be created. (E:\projects\brownshoe\unit_tests\product\srvtfs_ECDATA-TFS01 2009-01-12 11_17_41\Out\BrownShoe.UnitTests.DLL.config line 38).</message><stackTrace type="System.String">    at System.Configuration.BaseConfigurationRecord.EvaluateOne(String[] keys, SectionInput input, Boolean isTrusted, FactoryRecord factoryRecord, SectionRecord sectionRecord, Object parentResult)
   at System.Configuration.BaseConfigurationRecord.Evaluate(FactoryRecord factoryRecord, SectionRecord sectionRecord, Object parentResult, Boolean getLkg, Boolean getRuntimeObject, Object&amp; result, Object&amp; resultRuntimeObject)
   at System.Configuration.BaseConfigurationRecord.GetSectionRecursive(String configKey, Boolean getLkg, Boolean checkPermission, Boolean getRuntimeObject, Boolean requestIsHere, Object&amp; result, Object&amp; resultRuntimeObject)
   at System.Configuration.BaseConfigurationRecord.GetSectionRecursive(String configKey, Boolean getLkg, Boolean checkPermission, Boolean getRuntimeObject, Boolean requestIsHere, Object&amp; result, Object&amp; resultRuntimeObject)
   at System.Configuration.BaseConfigurationRecord.GetSectionRecursive(String configKey, Boolean getLkg, Boolean checkPermission, Boolean getRuntimeObject, Boolean requestIsHere, Object&amp; result, Object&amp; resultRuntimeObject)
   at System.Configuration.BaseConfigurationRecord.GetSection(String configKey, Boolean getLkg, Boolean checkPermission)
   at System.Configuration.BaseConfigurationRecord.GetSection(String configKey)
   at System.Configuration.ClientConfigurationSystem.System.Configuration.Internal.IInternalConfigSystem.GetSection(String sectionName)
   at System.Configuration.ConfigurationManager.GetSection(String sectionName)
   at Microsoft.Practices.EnterpriseLibrary.Common.Configuration.SystemConfigurationSourceImplementation.GetSection(String sectionName)
   at Microsoft.Practices.EnterpriseLibrary.Common.Configuration.SystemConfigurationSource.GetSection(String sectionName)
   at Microsoft.Practices.EnterpriseLibrary.ExceptionHandling.Configuration.ExceptionHandlingSettings.GetExceptionHandlingSettings(IConfigurationSource configurationSource)
   at Microsoft.Practices.EnterpriseLibrary.ExceptionHandling.ExceptionHandlingConfigurationView.get_ExceptionHandlingSettings()
   at Microsoft.Practices.EnterpriseLibrary.ExceptionHandling.ExceptionHandlingConfigurationView.GetExceptionPolicyData(String policyName)
   at Microsoft.Practices.EnterpriseLibrary.ExceptionHandling.ExceptionPolicyCustomFactory.GetConfiguration(String id, IConfigurationSource configurationSource)
   at Microsoft.Practices.EnterpriseLibrary.ExceptionHandling.ExceptionPolicyCustomFactory.CreateObject(IBuilderContext context, String name, IConfigurationSource configurationSource, ConfigurationReflectionCache reflectionCache)
   at Microsoft.Practices.EnterpriseLibrary.Common.Configuration.ObjectBuilder.ConfiguredObjectStrategy.BuildUp(IBuilderContext context, Type t, Object existing, String id)
   at Microsoft.Practices.ObjectBuilder.BuilderStrategy.BuildUp(IBuilderContext context, Type typeToBuild, Object existing, String idToBuild)
   at Microsoft.Practices.ObjectBuilder.SingletonStrategy.BuildUp(IBuilderContext context, Type typeToBuild, Object existing, String idToBuild)
   at Microsoft.Practices.ObjectBuilder.BuilderStrategy.BuildUp(IBuilderContext context, Type typeToBuild, Object existing, String idToBuild)
   at Microsoft.Practices.EnterpriseLibrary.Common.Configuration.ObjectBuilder.ConfigurationNameMappingStrategy.BuildUp(IBuilderContext context, Type t, Object existing, String id)
   at Microsoft.Practices.ObjectBuilder.BuilderBase`1.DoBuildUp(IReadWriteLocator locator, Type typeToBuild, String idToBuild, Object existing, PolicyList[] transientPolicies)
   at Microsoft.Practices.ObjectBuilder.BuilderBase`1.BuildUp(IReadWriteLocator locator, Type typeToBuild, String idToBuild, Object existing, PolicyList[] transientPolicies)
   at Microsoft.Practices.ObjectBuilder.BuilderBase`1.BuildUp[TTypeToBuild](IReadWriteLocator locator, String idToBuild, Object existing, PolicyList[] transientPolicies)
   at Microsoft.Practices.EnterpriseLibrary.Common.Configuration.ObjectBuilder.EnterpriseLibraryFactory.BuildUp[T](IReadWriteLocator locator, String id, IConfigurationSource configurationSource)
   at Microsoft.Practices.EnterpriseLibrary.Common.Configuration.ObjectBuilder.LocatorNameTypeFactoryBase`1.Create(String name)
   at Microsoft.Practices.EnterpriseLibrary.ExceptionHandling.ExceptionPolicy.GetExceptionPolicy(Exception exception, String policyName)
   at Microsoft.Practices.EnterpriseLibrary.ExceptionHandling.ExceptionPolicy.HandleException(Exception exceptionToHandle, String policyName)
   at BrownShoe.ExceptionPolicy.HandleException(Exception exc) in e:\projects\brownshoe\unit_tests\product\src\BrownShoe\Libraries\Core\ExceptionPolicies.cs:line 117
   at BrownShoe.RetailApplicationCore.Validators.AddressValidator.IsValidShippingAddress(OrderAddress address, String shippingMethodName, OrderAddress&amp; correctedAddress) in e:\projects\brownshoe\unit_tests\product\src\BrownShoe\Libraries\RetailApplicationCore\Validators\AddressValidator.cs:line 170
   at BrownShoe.UnitTests.RetailApplicationCore.Validators.AddressValidatorTest.IsValidShippingAddressTest()
</stackTrace></errorInfo><traceInfo type="Microsoft.VisualStudio.TestTools.Common.TestExecutionTraceInformation"><trace type="System.Text.StringBuilder">Creating instance of class BrownShoe.UnitTests.RetailApplicationCore.Validators.AddressValidatorTest.
Calling Test method BrownShoe.UnitTests.RetailApplicationCore.Validators.AddressValidatorTest.Microsoft.VisualStudio.TestTools.TestTypes.Unit.TestMethod.
</trace></traceInfo><stdout type="System.String" /><stderr type="System.String" /><debugTrace type="System.String" /><workItemIds type="System.Collections.Generic.List`1[[System.Int32, mscorlib, Version=2.0.0.0, Culture=neutral, PublicKeyToken=b77a5c561934e089]]"><_size type="System.Int32">0</_size><_version type="System.Int32">1</_version></workItemIds><id type="Microsoft.VisualStudio.TestTools.Common.TestResultId"><runId type="System.Guid">3d9a8baa-b9cb-4717-8a94-3c6445344217</runId><executionId type="Microsoft.VisualStudio.TestTools.Common.TestExecId"><id type="System.Guid">48c6691b-5304-405a-a68c-f4f63e51349d</id></executionId><parentExecId type="Microsoft.VisualStudio.TestTools.Common.TestExecId"><id type="System.Guid">00000000-0000-0000-0000-000000000000</id></parentExecId><testId type="Microsoft.VisualStudio.TestTools.Common.TestId"><id type="System.Guid">b0d52f36-7c27-092f-44d3-a296a9f18001</id></testId></id><testName type="System.String">IsValidShippingAddressTest</testName><testType type="Microsoft.VisualStudio.TestTools.Common.TestType"><id type="System.Guid">13cdc9d9-ddb5-4fa4-a97d-d965ccfc6d4b</id></testType><messageKind type="Microsoft.VisualStudio.TestTools.Common.TestMessageKind"><value__ type="System.Int32">1</value__></messageKind><computerInfo type="Microsoft.VisualStudio.TestTools.Common.ComputerInfo"><m_computerName type="System.String">ECDATA-TFS01</m_computerName></computerInfo><duration type="System.TimeSpan">00:00:00.0192422</duration><startTime type="System.DateTime"><dateData type="System.UInt64">633673774837502956</dateData></startTime><endTime type="System.DateTime"><dateData type="System.UInt64">633673774837659216</dateData></endTime><spoolMessage type="System.Boolean">True</spoolMessage></UnitTestResult><UnitTestResult type="Microsoft.VisualStudio.TestTools.TestTypes.Unit.UnitTestResult, Microsoft.VisualStudio.QualityTools.Tips.UnitTest.ObjectModel, Version=8.0.0.0, Culture=neutral, PublicKeyToken=b03f5f7f11d50a3a"><resultType type="Microsoft.VisualStudio.TestTools.TestTypes.Unit.UnitTestResultType, Microsoft.VisualStudio.QualityTools.Tips.UnitTest.ObjectModel, Version=8.0.0.0, Culture=neutral, PublicKeyToken=b03f5f7f11d50a3a"><value__ type="System.Int32">0</value__></resultType><m_hasSufficientAccess type="System.Boolean">True</m_hasSufficientAccess><counters type="Microsoft.VisualStudio.TestTools.Common.TestResultCounter"><values type="System.Int32">0,0,0,0,0,0,0,0,0,0,0,0,0,0</values><total type="System.Int32">1</total></counters><categoryId type="Microsoft.VisualStudio.TestTools.Common.TestCategoryId"><id type="System.Guid">8c84fa94-04c1-424b-9868-57a2d4851a1d</id></categoryId><outcome type="Microsoft.VisualStudio.TestTools.Common.TestOutcome"><value__ type="System.Int32">1</value__></outcome><errorInfo type="Microsoft.VisualStudio.TestTools.Common.TestResultErrorInfo"><message type="System.String">Test method BrownShoe.UnitTests.RetailApplicationCore.Validators.AddressValidatorTest.IsValidZipTest threw exception:  System.Configuration.ConfigurationErrorsException: The type Microsoft.Practices.EnterpriseLibrary.ExceptionHandling.Logging.LoggingExceptionHandler, Microsoft.Practices.EnterpriseLibrary.ExceptionHandling.Logging, Version=2.0.0.0, Culture=neutral, PublicKeyToken=c834797fd9c628b4 from configuration could not be created. (E:\projects\brownshoe\unit_tests\product\srvtfs_ECDATA-TFS01 2009-01-12 11_17_41\Out\BrownShoe.UnitTests.DLL.config line 38).</message><stackTrace type="System.String">    at System.Configuration.BaseConfigurationRecord.EvaluateOne(String[] keys, SectionInput input, Boolean isTrusted, FactoryRecord factoryRecord, SectionRecord sectionRecord, Object parentResult)
   at System.Configuration.BaseConfigurationRecord.Evaluate(FactoryRecord factoryRecord, SectionRecord sectionRecord, Object parentResult, Boolean getLkg, Boolean getRuntimeObject, Object&amp; result, Object&amp; resultRuntimeObject)
   at System.Configuration.BaseConfigurationRecord.GetSectionRecursive(String configKey, Boolean getLkg, Boolean checkPermission, Boolean getRuntimeObject, Boolean requestIsHere, Object&amp; result, Object&amp; resultRuntimeObject)
   at System.Configuration.BaseConfigurationRecord.GetSectionRecursive(String configKey, Boolean getLkg, Boolean checkPermission, Boolean getRuntimeObject, Boolean requestIsHere, Object&amp; result, Object&amp; resultRuntimeObject)
   at System.Configuration.BaseConfigurationRecord.GetSectionRecursive(String configKey, Boolean getLkg, Boolean checkPermission, Boolean getRuntimeObject, Boolean requestIsHere, Object&amp; result, Object&amp; resultRuntimeObject)
   at System.Configuration.BaseConfigurationRecord.GetSection(String configKey, Boolean getLkg, Boolean checkPermission)
   at System.Configuration.BaseConfigurationRecord.GetSection(String configKey)
   at System.Configuration.ClientConfigurationSystem.System.Configuration.Internal.IInternalConfigSystem.GetSection(String sectionName)
   at System.Configuration.ConfigurationManager.GetSection(String sectionName)
   at Microsoft.Practices.EnterpriseLibrary.Common.Configuration.SystemConfigurationSourceImplementation.GetSection(String sectionName)
   at Microsoft.Practices.EnterpriseLibrary.Common.Configuration.SystemConfigurationSource.GetSection(String sectionName)
   at Microsoft.Practices.EnterpriseLibrary.ExceptionHandling.Configuration.ExceptionHandlingSettings.GetExceptionHandlingSettings(IConfigurationSource configurationSource)
   at Microsoft.Practices.EnterpriseLibrary.ExceptionHandling.ExceptionHandlingConfigurationView.get_ExceptionHandlingSettings()
   at Microsoft.Practices.EnterpriseLibrary.ExceptionHandling.ExceptionHandlingConfigurationView.GetExceptionPolicyData(String policyName)
   at Microsoft.Practices.EnterpriseLibrary.ExceptionHandling.ExceptionPolicyCustomFactory.GetConfiguration(String id, IConfigurationSource configurationSource)
   at Microsoft.Practices.EnterpriseLibrary.ExceptionHandling.ExceptionPolicyCustomFactory.CreateObject(IBuilderContext context, String name, IConfigurationSource configurationSource, ConfigurationReflectionCache reflectionCache)
   at Microsoft.Practices.EnterpriseLibrary.Common.Configuration.ObjectBuilder.ConfiguredObjectStrategy.BuildUp(IBuilderContext context, Type t, Object existing, String id)
   at Microsoft.Practices.ObjectBuilder.BuilderStrategy.BuildUp(IBuilderContext context, Type typeToBuild, Object existing, String idToBuild)
   at Microsoft.Practices.ObjectBuilder.SingletonStrategy.BuildUp(IBuilderContext context, Type typeToBuild, Object existing, String idToBuild)
   at Microsoft.Practices.ObjectBuilder.BuilderStrategy.BuildUp(IBuilderContext context, Type typeToBuild, Object existing, String idToBuild)
   at Microsoft.Practices.EnterpriseLibrary.Common.Configuration.ObjectBuilder.ConfigurationNameMappingStrategy.BuildUp(IBuilderContext context, Type t, Object existing, String id)
   at Microsoft.Practices.ObjectBuilder.BuilderBase`1.DoBuildUp(IReadWriteLocator locator, Type typeToBuild, String idToBuild, Object existing, PolicyList[] transientPolicies)
   at Microsoft.Practices.ObjectBuilder.BuilderBase`1.BuildUp(IReadWriteLocator locator, Type typeToBuild, String idToBuild, Object existing, PolicyList[] transientPolicies)
   at Microsoft.Practices.ObjectBuilder.BuilderBase`1.BuildUp[TTypeToBuild](IReadWriteLocator locator, String idToBuild, Object existing, PolicyList[] transientPolicies)
   at Microsoft.Practices.EnterpriseLibrary.Common.Configuration.ObjectBuilder.EnterpriseLibraryFactory.BuildUp[T](IReadWriteLocator locator, String id, IConfigurationSource configurationSource)
   at Microsoft.Practices.EnterpriseLibrary.Common.Configuration.ObjectBuilder.LocatorNameTypeFactoryBase`1.Create(String name)
   at Microsoft.Practices.EnterpriseLibrary.ExceptionHandling.ExceptionPolicy.GetExceptionPolicy(Exception exception, String policyName)
   at Microsoft.Practices.EnterpriseLibrary.ExceptionHandling.ExceptionPolicy.HandleException(Exception exceptionToHandle, String policyName)
   at BrownShoe.ExceptionPolicy.HandleException(Exception exc) in e:\projects\brownshoe\unit_tests\product\src\BrownShoe\Libraries\Core\ExceptionPolicies.cs:line 117
   at BrownShoe.RetailApplicationCore.Validators.AddressValidator.IsValidZip(OrderAddress address) in e:\projects\brownshoe\unit_tests\product\src\BrownShoe\Libraries\RetailApplicationCore\Validators\AddressValidator.cs:line 247
   at BrownShoe.UnitTests.RetailApplicationCore.Validators.AddressValidatorTest.IsValidZipTest()
</stackTrace></errorInfo><traceInfo type="Microsoft.VisualStudio.TestTools.Common.TestExecutionTraceInformation"><trace type="System.Text.StringBuilder">Creating instance of class BrownShoe.UnitTests.RetailApplicationCore.Validators.AddressValidatorTest.
Calling Test method BrownShoe.UnitTests.RetailApplicationCore.Validators.AddressValidatorTest.Microsoft.VisualStudio.TestTools.TestTypes.Unit.TestMethod.
</trace></traceInfo><stdout type="System.String" /><stderr type="System.String" /><debugTrace type="System.String" /><workItemIds type="System.Collections.Generic.List`1[[System.Int32, mscorlib, Version=2.0.0.0, Culture=neutral, PublicKeyToken=b77a5c561934e089]]"><_size type="System.Int32">0</_size><_version type="System.Int32">1</_version></workItemIds><id type="Microsoft.VisualStudio.TestTools.Common.TestResultId"><runId type="System.Guid">3d9a8baa-b9cb-4717-8a94-3c6445344217</runId><executionId type="Microsoft.VisualStudio.TestTools.Common.TestExecId"><id type="System.Guid">96c8f782-b720-4fb6-aa0e-1e849e1b7023</id></executionId><parentExecId type="Microsoft.VisualStudio.TestTools.Common.TestExecId"><id type="System.Guid">00000000-0000-0000-0000-000000000000</id></parentExecId><testId type="Microsoft.VisualStudio.TestTools.Common.TestId"><id type="System.Guid">872943a0-ffd3-eec5-a642-ace349b0b594</id></testId></id><testName type="System.String">IsValidZipTest</testName><testType type="Microsoft.VisualStudio.TestTools.Common.TestType"><id type="System.Guid">13cdc9d9-ddb5-4fa4-a97d-d965ccfc6d4b</id></testType><messageKind type="Microsoft.VisualStudio.TestTools.Common.TestMessageKind"><value__ type="System.Int32">1</value__></messageKind><computerInfo type="Microsoft.VisualStudio.TestTools.Common.ComputerInfo"><m_computerName type="System.String">ECDATA-TFS01</m_computerName></computerInfo><duration type="System.TimeSpan">00:00:00.0115769</duration><startTime type="System.DateTime"><dateData type="System.UInt64">633673774837659216</dateData></startTime><endTime type="System.DateTime"><dateData type="System.UInt64">633673774837815476</dateData></endTime><spoolMessage type="System.Boolean">True</spoolMessage></UnitTestResult><UnitTestResult type="Microsoft.VisualStudio.TestTools.TestTypes.Unit.UnitTestResult, Microsoft.VisualStudio.QualityTools.Tips.UnitTest.ObjectModel, Version=8.0.0.0, Culture=neutral, PublicKeyToken=b03f5f7f11d50a3a"><resultType type="Microsoft.VisualStudio.TestTools.TestTypes.Unit.UnitTestResultType, Microsoft.VisualStudio.QualityTools.Tips.UnitTest.ObjectModel, Version=8.0.0.0, Culture=neutral, PublicKeyToken=b03f5f7f11d50a3a"><value__ type="System.Int32">0</value__></resultType><m_hasSufficientAccess type="System.Boolean">True</m_hasSufficientAccess><counters type="Microsoft.VisualStudio.TestTools.Common.TestResultCounter"><values type="System.Int32">0,0,0,0,0,0,0,0,0,0,0,0,0,0</values><total type="System.Int32">1</total></counters><categoryId type="Microsoft.VisualStudio.TestTools.Common.TestCategoryId"><id type="System.Guid">8c84fa94-04c1-424b-9868-57a2d4851a1d</id></categoryId><outcome type="Microsoft.VisualStudio.TestTools.Common.TestOutcome"><value__ type="System.Int32">1</value__></outcome><errorInfo type="Microsoft.VisualStudio.TestTools.Common.TestResultErrorInfo"><message type="System.String">Test method BrownShoe.UnitTests.RetailApplicationCore.Validators.AddressValidatorTest.ListAddressValidationResultsTest threw exception:  System.Configuration.ConfigurationErrorsException: The type Microsoft.Practices.EnterpriseLibrary.ExceptionHandling.Logging.LoggingExceptionHandler, Microsoft.Practices.EnterpriseLibrary.ExceptionHandling.Logging, Version=2.0.0.0, Culture=neutral, PublicKeyToken=c834797fd9c628b4 from configuration could not be created. (E:\projects\brownshoe\unit_tests\product\srvtfs_ECDATA-TFS01 2009-01-12 11_17_41\Out\BrownShoe.UnitTests.DLL.config line 38).</message><stackTrace type="System.String">    at System.Configuration.BaseConfigurationRecord.EvaluateOne(String[] keys, SectionInput input, Boolean isTrusted, FactoryRecord factoryRecord, SectionRecord sectionRecord, Object parentResult)
   at System.Configuration.BaseConfigurationRecord.Evaluate(FactoryRecord factoryRecord, SectionRecord sectionRecord, Object parentResult, Boolean getLkg, Boolean getRuntimeObject, Object&amp; result, Object&amp; resultRuntimeObject)
   at System.Configuration.BaseConfigurationRecord.GetSectionRecursive(String configKey, Boolean getLkg, Boolean checkPermission, Boolean getRuntimeObject, Boolean requestIsHere, Object&amp; result, Object&amp; resultRuntimeObject)
   at System.Configuration.BaseConfigurationRecord.GetSectionRecursive(String configKey, Boolean getLkg, Boolean checkPermission, Boolean getRuntimeObject, Boolean requestIsHere, Object&amp; result, Object&amp; resultRuntimeObject)
   at System.Configuration.BaseConfigurationRecord.GetSectionRecursive(String configKey, Boolean getLkg, Boolean checkPermission, Boolean getRuntimeObject, Boolean requestIsHere, Object&amp; result, Object&amp; resultRuntimeObject)
   at System.Configuration.BaseConfigurationRecord.GetSection(String configKey, Boolean getLkg, Boolean checkPermission)
   at System.Configuration.BaseConfigurationRecord.GetSection(String configKey)
   at System.Configuration.ClientConfigurationSystem.System.Configuration.Internal.IInternalConfigSystem.GetSection(String sectionName)
   at System.Configuration.ConfigurationManager.GetSection(String sectionName)
   at Microsoft.Practices.EnterpriseLibrary.Common.Configuration.SystemConfigurationSourceImplementation.GetSection(String sectionName)
   at Microsoft.Practices.EnterpriseLibrary.Common.Configuration.SystemConfigurationSource.GetSection(String sectionName)
   at Microsoft.Practices.EnterpriseLibrary.ExceptionHandling.Configuration.ExceptionHandlingSettings.GetExceptionHandlingSettings(IConfigurationSource configurationSource)
   at Microsoft.Practices.EnterpriseLibrary.ExceptionHandling.ExceptionHandlingConfigurationView.get_ExceptionHandlingSettings()
   at Microsoft.Practices.EnterpriseLibrary.ExceptionHandling.ExceptionHandlingConfigurationView.GetExceptionPolicyData(String policyName)
   at Microsoft.Practices.EnterpriseLibrary.ExceptionHandling.ExceptionPolicyCustomFactory.GetConfiguration(String id, IConfigurationSource configurationSource)
   at Microsoft.Practices.EnterpriseLibrary.ExceptionHandling.ExceptionPolicyCustomFactory.CreateObject(IBuilderContext context, String name, IConfigurationSource configurationSource, ConfigurationReflectionCache reflectionCache)
   at Microsoft.Practices.EnterpriseLibrary.Common.Configuration.ObjectBuilder.ConfiguredObjectStrategy.BuildUp(IBuilderContext context, Type t, Object existing, String id)
   at Microsoft.Practices.ObjectBuilder.BuilderStrategy.BuildUp(IBuilderContext context, Type typeToBuild, Object existing, String idToBuild)
   at Microsoft.Practices.ObjectBuilder.SingletonStrategy.BuildUp(IBuilderContext context, Type typeToBuild, Object existing, String idToBuild)
   at Microsoft.Practices.ObjectBuilder.BuilderStrategy.BuildUp(IBuilderContext context, Type typeToBuild, Object existing, String idToBuild)
   at Microsoft.Practices.EnterpriseLibrary.Common.Configuration.ObjectBuilder.ConfigurationNameMappingStrategy.BuildUp(IBuilderContext context, Type t, Object existing, String id)
   at Microsoft.Practices.ObjectBuilder.BuilderBase`1.DoBuildUp(IReadWriteLocator locator, Type typeToBuild, String idToBuild, Object existing, PolicyList[] transientPolicies)
   at Microsoft.Practices.ObjectBuilder.BuilderBase`1.BuildUp(IReadWriteLocator locator, Type typeToBuild, String idToBuild, Object existing, PolicyList[] transientPolicies)
   at Microsoft.Practices.ObjectBuilder.BuilderBase`1.BuildUp[TTypeToBuild](IReadWriteLocator locator, String idToBuild, Object existing, PolicyList[] transientPolicies)
   at Microsoft.Practices.EnterpriseLibrary.Common.Configuration.ObjectBuilder.EnterpriseLibraryFactory.BuildUp[T](IReadWriteLocator locator, String id, IConfigurationSource configurationSource)
   at Microsoft.Practices.EnterpriseLibrary.Common.Configuration.ObjectBuilder.LocatorNameTypeFactoryBase`1.Create(String name)
   at Microsoft.Practices.EnterpriseLibrary.ExceptionHandling.ExceptionPolicy.GetExceptionPolicy(Exception exception, String policyName)
   at Microsoft.Practices.EnterpriseLibrary.ExceptionHandling.ExceptionPolicy.HandleException(Exception exceptionToHandle, String policyName)
   at BrownShoe.ExceptionPolicy.HandleException(Exception exc) in e:\projects\brownshoe\unit_tests\product\src\BrownShoe\Libraries\Core\ExceptionPolicies.cs:line 117
   at BrownShoe.RetailApplicationCore.Validators.AddressValidator.ListAddressValidationResults(OrderAddress address) in e:\projects\brownshoe\unit_tests\product\src\BrownShoe\Libraries\RetailApplicationCore\Validators\AddressValidator.cs:line 265
   at BrownShoe.UnitTests.RetailApplicationCore.Validators.AddressValidatorTest.ListAddressValidationResultsTest()
</stackTrace></errorInfo><traceInfo type="Microsoft.VisualStudio.TestTools.Common.TestExecutionTraceInformation"><trace type="System.Text.StringBuilder">Creating instance of class BrownShoe.UnitTests.RetailApplicationCore.Validators.AddressValidatorTest.
Calling Test method BrownShoe.UnitTests.RetailApplicationCore.Validators.AddressValidatorTest.Microsoft.VisualStudio.TestTools.TestTypes.Unit.TestMethod.
</trace></traceInfo><stdout type="System.String" /><stderr type="System.String" /><debugTrace type="System.String" /><workItemIds type="System.Collections.Generic.List`1[[System.Int32, mscorlib, Version=2.0.0.0, Culture=neutral, PublicKeyToken=b77a5c561934e089]]"><_size type="System.Int32">0</_size><_version type="System.Int32">1</_version></workItemIds><id type="Microsoft.VisualStudio.TestTools.Common.TestResultId"><runId type="System.Guid">3d9a8baa-b9cb-4717-8a94-3c6445344217</runId><executionId type="Microsoft.VisualStudio.TestTools.Common.TestExecId"><id type="System.Guid">28636f34-2cc6-4543-ac9a-cef193f27c35</id></executionId><parentExecId type="Microsoft.VisualStudio.TestTools.Common.TestExecId"><id type="System.Guid">00000000-0000-0000-0000-000000000000</id></parentExecId><testId type="Microsoft.VisualStudio.TestTools.Common.TestId"><id type="System.Guid">6e948c17-d41c-62d7-f3fc-355647e7a72e</id></testId></id><testName type="System.String">ListAddressValidationResultsTest</testName><testType type="Microsoft.VisualStudio.TestTools.Common.TestType"><id type="System.Guid">13cdc9d9-ddb5-4fa4-a97d-d965ccfc6d4b</id></testType><messageKind type="Microsoft.VisualStudio.TestTools.Common.TestMessageKind"><value__ type="System.Int32">1</value__></messageKind><computerInfo type="Microsoft.VisualStudio.TestTools.Common.ComputerInfo"><m_computerName type="System.String">ECDATA-TFS01</m_computerName></computerInfo><duration type="System.TimeSpan">00:00:00.0130168</duration><startTime type="System.DateTime"><dateData type="System.UInt64">633673774837815476</dateData></startTime><endTime type="System.DateTime"><dateData type="System.UInt64">633673774837971736</dateData></endTime><spoolMessage type="System.Boolean">True</spoolMessage></UnitTestResult><UnitTestResult type="Microsoft.VisualStudio.TestTools.TestTypes.Unit.UnitTestResult, Microsoft.VisualStudio.QualityTools.Tips.UnitTest.ObjectModel, Version=8.0.0.0, Culture=neutral, PublicKeyToken=b03f5f7f11d50a3a"><resultType type="Microsoft.VisualStudio.TestTools.TestTypes.Unit.UnitTestResultType, Microsoft.VisualStudio.QualityTools.Tips.UnitTest.ObjectModel, Version=8.0.0.0, Culture=neutral, PublicKeyToken=b03f5f7f11d50a3a"><value__ type="System.Int32">0</value__></resultType><m_hasSufficientAccess type="System.Boolean">True</m_hasSufficientAccess><counters type="Microsoft.VisualStudio.TestTools.Common.TestResultCounter"><values type="System.Int32">0,0,0,0,0,0,0,0,0,0,0,0,0,0</values><total type="System.Int32">1</total></counters><categoryId type="Microsoft.VisualStudio.TestTools.Common.TestCategoryId"><id type="System.Guid">8c84fa94-04c1-424b-9868-57a2d4851a1d</id></categoryId><outcome type="Microsoft.VisualStudio.TestTools.Common.TestOutcome"><value__ type="System.Int32">4</value__></outcome><errorInfo type="Microsoft.VisualStudio.TestTools.Common.TestResultErrorInfo"><message type="System.String">Assert.Inconclusive failed. Verify the correctness of this test method</message><stackTrace type="System.String">   at BrownShoe.UnitTests.Services.Audit.AuditServiceTest.LogUserActivityTest()
</stackTrace></errorInfo><traceInfo type="Microsoft.VisualStudio.TestTools.Common.TestExecutionTraceInformation"><trace type="System.Text.StringBuilder">Creating instance of class BrownShoe.UnitTests.Services.Audit.AuditServiceTest.
Calling Test method BrownShoe.UnitTests.Services.Audit.AuditServiceTest.Microsoft.VisualStudio.TestTools.TestTypes.Unit.TestMethod.
</trace></traceInfo><stdout type="System.String" /><stderr type="System.String" /><debugTrace type="System.String" /><workItemIds type="System.Collections.Generic.List`1[[System.Int32, mscorlib, Version=2.0.0.0, Culture=neutral, PublicKeyToken=b77a5c561934e089]]"><_size type="System.Int32">0</_size><_version type="System.Int32">1</_version></workItemIds><id type="Microsoft.VisualStudio.TestTools.Common.TestResultId"><runId type="System.Guid">3d9a8baa-b9cb-4717-8a94-3c6445344217</runId><executionId type="Microsoft.VisualStudio.TestTools.Common.TestExecId"><id type="System.Guid">8b4b5331-a43f-483f-bfc8-0d6fe585249f</id></executionId><parentExecId type="Microsoft.VisualStudio.TestTools.Common.TestExecId"><id type="System.Guid">00000000-0000-0000-0000-000000000000</id></parentExecId><testId type="Microsoft.VisualStudio.TestTools.Common.TestId"><id type="System.Guid">82335240-0900-9b54-fa58-d4ee90bff55f</id></testId></id><testName type="System.String">LogUserActivityTest</testName><testType type="Microsoft.VisualStudio.TestTools.Common.TestType"><id type="System.Guid">13cdc9d9-ddb5-4fa4-a97d-d965ccfc6d4b</id></testType><messageKind type="Microsoft.VisualStudio.TestTools.Common.TestMessageKind"><value__ type="System.Int32">1</value__></messageKind><computerInfo type="Microsoft.VisualStudio.TestTools.Common.ComputerInfo"><m_computerName type="System.String">ECDATA-TFS01</m_computerName></computerInfo><duration type="System.TimeSpan">00:00:00.0010824</duration><startTime type="System.DateTime"><dateData type="System.UInt64">633673774837971736</dateData></startTime><endTime type="System.DateTime"><dateData type="System.UInt64">633673774838127996</dateData></endTime><spoolMessage type="System.Boolean">True</spoolMessage></UnitTestResult><UnitTestResult type="Microsoft.VisualStudio.TestTools.TestTypes.Unit.UnitTestResult, Microsoft.VisualStudio.QualityTools.Tips.UnitTest.ObjectModel, Version=8.0.0.0, Culture=neutral, PublicKeyToken=b03f5f7f11d50a3a"><resultType type="Microsoft.VisualStudio.TestTools.TestTypes.Unit.UnitTestResultType, Microsoft.VisualStudio.QualityTools.Tips.UnitTest.ObjectModel, Version=8.0.0.0, Culture=neutral, PublicKeyToken=b03f5f7f11d50a3a"><value__ type="System.Int32">0</value__></resultType><m_hasSufficientAccess type="System.Boolean">True</m_hasSufficientAccess><counters type="Microsoft.VisualStudio.TestTools.Common.TestResultCounter"><values type="System.Int32">0,0,0,0,0,0,0,0,0,0,0,0,0,0</values><total type="System.Int32">1</total></counters><categoryId type="Microsoft.VisualStudio.TestTools.Common.TestCategoryId"><id type="System.Guid">8c84fa94-04c1-424b-9868-57a2d4851a1d</id></categoryId><outcome type="Microsoft.VisualStudio.TestTools.Common.TestOutcome"><value__ type="System.Int32">4</value__></outcome><errorInfo type="Microsoft.VisualStudio.TestTools.Common.TestResultErrorInfo"><message type="System.String">Assert.Inconclusive failed. Verify the correctness of this test method.</message><stackTrace type="System.String">   at BrownShoe.UnitTests.Services.Catalog.BaseCatalogSearchTest.SearchTest()
</stackTrace></errorInfo><traceInfo type="Microsoft.VisualStudio.TestTools.Common.TestExecutionTraceInformation"><trace type="System.Text.StringBuilder">Creating instance of class BrownShoe.UnitTests.Services.Catalog.BaseCatalogSearchTest.
Calling Test method BrownShoe.UnitTests.Services.Catalog.BaseCatalogSearchTest.Microsoft.VisualStudio.TestTools.TestTypes.Unit.TestMethod.
</trace></traceInfo><stdout type="System.String" /><stderr type="System.String" /><debugTrace type="System.String" /><workItemIds type="System.Collections.Generic.List`1[[System.Int32, mscorlib, Version=2.0.0.0, Culture=neutral, PublicKeyToken=b77a5c561934e089]]"><_size type="System.Int32">0</_size><_version type="System.Int32">1</_version></workItemIds><id type="Microsoft.VisualStudio.TestTools.Common.TestResultId"><runId type="System.Guid">3d9a8baa-b9cb-4717-8a94-3c6445344217</runId><executionId type="Microsoft.VisualStudio.TestTools.Common.TestExecId"><id type="System.Guid">cd9e4120-3228-4eac-8bce-b54a82920220</id></executionId><parentExecId type="Microsoft.VisualStudio.TestTools.Common.TestExecId"><id type="System.Guid">00000000-0000-0000-0000-000000000000</id></parentExecId><testId type="Microsoft.VisualStudio.TestTools.Common.TestId"><id type="System.Guid">cd032960-81e0-317c-dc16-d3ccb985c2a4</id></testId></id><testName type="System.String">SearchTest</testName><testType type="Microsoft.VisualStudio.TestTools.Common.TestType"><id type="System.Guid">13cdc9d9-ddb5-4fa4-a97d-d965ccfc6d4b</id></testType><messageKind type="Microsoft.VisualStudio.TestTools.Common.TestMessageKind"><value__ type="System.Int32">1</value__></messageKind><computerInfo type="Microsoft.VisualStudio.TestTools.Common.ComputerInfo"><m_computerName type="System.String">ECDATA-TFS01</m_computerName></computerInfo><duration type="System.TimeSpan">00:00:00.0015367</duration><startTime type="System.DateTime"><dateData type="System.UInt64">633673774838127996</dateData></startTime><endTime type="System.DateTime"><dateData type="System.UInt64">633673774838127996</dateData></endTime><spoolMessage type="System.Boolean">True</spoolMessage></UnitTestResult><UnitTestResult type="Microsoft.VisualStudio.TestTools.TestTypes.Unit.UnitTestResult, Microsoft.VisualStudio.QualityTools.Tips.UnitTest.ObjectModel, Version=8.0.0.0, Culture=neutral, PublicKeyToken=b03f5f7f11d50a3a"><resultType type="Microsoft.VisualStudio.TestTools.TestTypes.Unit.UnitTestResultType, Microsoft.VisualStudio.QualityTools.Tips.UnitTest.ObjectModel, Version=8.0.0.0, Culture=neutral, PublicKeyToken=b03f5f7f11d50a3a"><value__ type="System.Int32">0</value__></resultType><m_hasSufficientAccess type="System.Boolean">True</m_hasSufficientAccess><counters type="Microsoft.VisualStudio.TestTools.Common.TestResultCounter"><values type="System.Int32">0,0,0,0,0,0,0,0,0,0,0,0,0,0</values><total type="System.Int32">1</total></counters><categoryId type="Microsoft.VisualStudio.TestTools.Common.TestCategoryId"><id type="System.Guid">8c84fa94-04c1-424b-9868-57a2d4851a1d</id></categoryId><outcome type="Microsoft.VisualStudio.TestTools.Common.TestOutcome"><value__ type="System.Int32">4</value__></outcome><errorInfo type="Microsoft.VisualStudio.TestTools.Common.TestResultErrorInfo"><message type="System.String">Assert.Inconclusive failed. Verify the correctness of this test method.</message><stackTrace type="System.String">   at BrownShoe.UnitTests.Services.Catalog.BrandSearchTest.GetAllBrandsTest()
</stackTrace></errorInfo><traceInfo type="Microsoft.VisualStudio.TestTools.Common.TestExecutionTraceInformation"><trace type="System.Text.StringBuilder">Creating instance of class BrownShoe.UnitTests.Services.Catalog.BrandSearchTest.
Calling Test method BrownShoe.UnitTests.Services.Catalog.BrandSearchTest.Microsoft.VisualStudio.TestTools.TestTypes.Unit.TestMethod.
</trace></traceInfo><stdout type="System.String" /><stderr type="System.String" /><debugTrace type="System.String" /><workItemIds type="System.Collections.Generic.List`1[[System.Int32, mscorlib, Version=2.0.0.0, Culture=neutral, PublicKeyToken=b77a5c561934e089]]"><_size type="System.Int32">0</_size><_version type="System.Int32">1</_version></workItemIds><id type="Microsoft.VisualStudio.TestTools.Common.TestResultId"><runId type="System.Guid">3d9a8baa-b9cb-4717-8a94-3c6445344217</runId><executionId type="Microsoft.VisualStudio.TestTools.Common.TestExecId"><id type="System.Guid">8bb88e32-3184-4d7d-9503-8f1a5c21123a</id></executionId><parentExecId type="Microsoft.VisualStudio.TestTools.Common.TestExecId"><id type="System.Guid">00000000-0000-0000-0000-000000000000</id></parentExecId><testId type="Microsoft.VisualStudio.TestTools.Common.TestId"><id type="System.Guid">53485f8c-20c8-e957-b3c0-beb4e64eddcb</id></testId></id><testName type="System.String">GetAllBrandsTest</testName><testType type="Microsoft.VisualStudio.TestTools.Common.TestType"><id type="System.Guid">13cdc9d9-ddb5-4fa4-a97d-d965ccfc6d4b</id></testType><messageKind type="Microsoft.VisualStudio.TestTools.Common.TestMessageKind"><value__ type="System.Int32">1</value__></messageKind><computerInfo type="Microsoft.VisualStudio.TestTools.Common.ComputerInfo"><m_computerName type="System.String">ECDATA-TFS01</m_computerName></computerInfo><duration type="System.TimeSpan">00:00:00.0010162</duration><startTime type="System.DateTime"><dateData type="System.UInt64">633673774838127996</dateData></startTime><endTime type="System.DateTime"><dateData type="System.UInt64">633673774838284256</dateData></endTime><spoolMessage type="System.Boolean">True</spoolMessage></UnitTestResult><UnitTestResult type="Microsoft.VisualStudio.TestTools.TestTypes.Unit.UnitTestResult, Microsoft.VisualStudio.QualityTools.Tips.UnitTest.ObjectModel, Version=8.0.0.0, Culture=neutral, PublicKeyToken=b03f5f7f11d50a3a"><resultType type="Microsoft.VisualStudio.TestTools.TestTypes.Unit.UnitTestResultType, Microsoft.VisualStudio.QualityTools.Tips.UnitTest.ObjectModel, Version=8.0.0.0, Culture=neutral, PublicKeyToken=b03f5f7f11d50a3a"><value__ type="System.Int32">0</value__></resultType><m_hasSufficientAccess type="System.Boolean">True</m_hasSufficientAccess><counters type="Microsoft.VisualStudio.TestTools.Common.TestResultCounter"><values type="System.Int32">0,0,0,0,0,0,0,0,0,0,0,0,0,0</values><total type="System.Int32">1</total></counters><categoryId type="Microsoft.VisualStudio.TestTools.Common.TestCategoryId"><id type="System.Guid">8c84fa94-04c1-424b-9868-57a2d4851a1d</id></categoryId><outcome type="Microsoft.VisualStudio.TestTools.Common.TestOutcome"><value__ type="System.Int32">4</value__></outcome><errorInfo type="Microsoft.VisualStudio.TestTools.Common.TestResultErrorInfo"><message type="System.String">Assert.Inconclusive failed. Verify the correctness of this test method.</message><stackTrace type="System.String">   at BrownShoe.UnitTests.Services.Catalog.BrandSearchTest.SearchTest()
</stackTrace></errorInfo><traceInfo type="Microsoft.VisualStudio.TestTools.Common.TestExecutionTraceInformation"><trace type="System.Text.StringBuilder">Creating instance of class BrownShoe.UnitTests.Services.Catalog.BrandSearchTest.
Calling Test method BrownShoe.UnitTests.Services.Catalog.BrandSearchTest.Microsoft.VisualStudio.TestTools.TestTypes.Unit.TestMethod.
</trace></traceInfo><stdout type="System.String" /><stderr type="System.String" /><debugTrace type="System.String" /><workItemIds type="System.Collections.Generic.List`1[[System.Int32, mscorlib, Version=2.0.0.0, Culture=neutral, PublicKeyToken=b77a5c561934e089]]"><_size type="System.Int32">0</_size><_version type="System.Int32">1</_version></workItemIds><id type="Microsoft.VisualStudio.TestTools.Common.TestResultId"><runId type="System.Guid">3d9a8baa-b9cb-4717-8a94-3c6445344217</runId><executionId type="Microsoft.VisualStudio.TestTools.Common.TestExecId"><id type="System.Guid">5e5d3583-f564-49e0-9f99-f57a68c754ac</id></executionId><parentExecId type="Microsoft.VisualStudio.TestTools.Common.TestExecId"><id type="System.Guid">00000000-0000-0000-0000-000000000000</id></parentExecId><testId type="Microsoft.VisualStudio.TestTools.Common.TestId"><id type="System.Guid">0dc404d8-50b4-2ea8-152c-0875c0a1e616</id></testId></id><testName type="System.String">SearchTest</testName><testType type="Microsoft.VisualStudio.TestTools.Common.TestType"><id type="System.Guid">13cdc9d9-ddb5-4fa4-a97d-d965ccfc6d4b</id></testType><messageKind type="Microsoft.VisualStudio.TestTools.Common.TestMessageKind"><value__ type="System.Int32">1</value__></messageKind><computerInfo type="Microsoft.VisualStudio.TestTools.Common.ComputerInfo"><m_computerName type="System.String">ECDATA-TFS01</m_computerName></computerInfo><duration type="System.TimeSpan">00:00:00.0009717</duration><startTime type="System.DateTime"><dateData type="System.UInt64">633673774838284256</dateData></startTime><endTime type="System.DateTime"><dateData type="System.UInt64">633673774838284256</dateData></endTime><spoolMessage type="System.Boolean">True</spoolMessage></UnitTestResult><UnitTestResult type="Microsoft.VisualStudio.TestTools.TestTypes.Unit.UnitTestResult, Microsoft.VisualStudio.QualityTools.Tips.UnitTest.ObjectModel, Version=8.0.0.0, Culture=neutral, PublicKeyToken=b03f5f7f11d50a3a"><resultType type="Microsoft.VisualStudio.TestTools.TestTypes.Unit.UnitTestResultType, Microsoft.VisualStudio.QualityTools.Tips.UnitTest.ObjectModel, Version=8.0.0.0, Culture=neutral, PublicKeyToken=b03f5f7f11d50a3a"><value__ type="System.Int32">0</value__></resultType><m_hasSufficientAccess type="System.Boolean">True</m_hasSufficientAccess><counters type="Microsoft.VisualStudio.TestTools.Common.TestResultCounter"><values type="System.Int32">0,0,0,0,0,0,0,0,0,0,0,0,0,0</values><total type="System.Int32">1</total></counters><categoryId type="Microsoft.VisualStudio.TestTools.Common.TestCategoryId"><id type="System.Guid">8c84fa94-04c1-424b-9868-57a2d4851a1d</id></categoryId><outcome type="Microsoft.VisualStudio.TestTools.Common.TestOutcome"><value__ type="System.Int32">4</value__></outcome><errorInfo type="Microsoft.VisualStudio.TestTools.Common.TestResultErrorInfo"><message type="System.String">Assert.Inconclusive failed. Verify the correctness of this test method.</message><stackTrace type="System.String">   at BrownShoe.UnitTests.Services.Catalog.CatalogBrowserTest.GetCategoryTest()
</stackTrace></errorInfo><traceInfo type="Microsoft.VisualStudio.TestTools.Common.TestExecutionTraceInformation"><trace type="System.Text.StringBuilder">Creating instance of class BrownShoe.UnitTests.Services.Catalog.CatalogBrowserTest.
Calling Test method BrownShoe.UnitTests.Services.Catalog.CatalogBrowserTest.Microsoft.VisualStudio.TestTools.TestTypes.Unit.TestMethod.
</trace></traceInfo><stdout type="System.String" /><stderr type="System.String" /><debugTrace type="System.String" /><workItemIds type="System.Collections.Generic.List`1[[System.Int32, mscorlib, Version=2.0.0.0, Culture=neutral, PublicKeyToken=b77a5c561934e089]]"><_size type="System.Int32">0</_size><_version type="System.Int32">1</_version></workItemIds><id type="Microsoft.VisualStudio.TestTools.Common.TestResultId"><runId type="System.Guid">3d9a8baa-b9cb-4717-8a94-3c6445344217</runId><executionId type="Microsoft.VisualStudio.TestTools.Common.TestExecId"><id type="System.Guid">ec9085f0-0360-47e5-84e9-42bdb9b0c08d</id></executionId><parentExecId type="Microsoft.VisualStudio.TestTools.Common.TestExecId"><id type="System.Guid">00000000-0000-0000-0000-000000000000</id></parentExecId><testId type="Microsoft.VisualStudio.TestTools.Common.TestId"><id type="System.Guid">6e52483d-d153-e470-7fce-6dac1854a9a1</id></testId></id><testName type="System.String">GetCategoryTest</testName><testType type="Microsoft.VisualStudio.TestTools.Common.TestType"><id type="System.Guid">13cdc9d9-ddb5-4fa4-a97d-d965ccfc6d4b</id></testType><messageKind type="Microsoft.VisualStudio.TestTools.Common.TestMessageKind"><value__ type="System.Int32">1</value__></messageKind><computerInfo type="Microsoft.VisualStudio.TestTools.Common.ComputerInfo"><m_computerName type="System.String">ECDATA-TFS01</m_computerName></computerInfo><duration type="System.TimeSpan">00:00:00.0012537</duration><startTime type="System.DateTime"><dateData type="System.UInt64">633673774838284256</dateData></startTime><endTime type="System.DateTime"><dateData type="System.UInt64">633673774838753036</dateData></endTime><spoolMessage type="System.Boolean">True</spoolMessage></UnitTestResult><UnitTestResult type="Microsoft.VisualStudio.TestTools.TestTypes.Unit.UnitTestResult, Microsoft.VisualStudio.QualityTools.Tips.UnitTest.ObjectModel, Version=8.0.0.0, Culture=neutral, PublicKeyToken=b03f5f7f11d50a3a"><resultType type="Microsoft.VisualStudio.TestTools.TestTypes.Unit.UnitTestResultType, Microsoft.VisualStudio.QualityTools.Tips.UnitTest.ObjectModel, Version=8.0.0.0, Culture=neutral, PublicKeyToken=b03f5f7f11d50a3a"><value__ type="System.Int32">0</value__></resultType><m_hasSufficientAccess type="System.Boolean">True</m_hasSufficientAccess><counters type="Microsoft.VisualStudio.TestTools.Common.TestResultCounter"><values type="System.Int32">0,0,0,0,0,0,0,0,0,0,0,0,0,0</values><total type="System.Int32">1</total></counters><categoryId type="Microsoft.VisualStudio.TestTools.Common.TestCategoryId"><id type="System.Guid">8c84fa94-04c1-424b-9868-57a2d4851a1d</id></categoryId><outcome type="Microsoft.VisualStudio.TestTools.Common.TestOutcome"><value__ type="System.Int32">4</value__></outcome><errorInfo type="Microsoft.VisualStudio.TestTools.Common.TestResultErrorInfo"><message type="System.String">Assert.Inconclusive failed. Verify the correctness of this test method.</message><stackTrace type="System.String">   at BrownShoe.UnitTests.Services.Catalog.CatalogBrowserTest.GetNumberOfAvailableProductsTest()
</stackTrace></errorInfo><traceInfo type="Microsoft.VisualStudio.TestTools.Common.TestExecutionTraceInformation"><trace type="System.Text.StringBuilder">Creating instance of class BrownShoe.UnitTests.Services.Catalog.CatalogBrowserTest.
Calling Test method BrownShoe.UnitTests.Services.Catalog.CatalogBrowserTest.Microsoft.VisualStudio.TestTools.TestTypes.Unit.TestMethod.
</trace></traceInfo><stdout type="System.String" /><stderr type="System.String" /><debugTrace type="System.String" /><workItemIds type="System.Collections.Generic.List`1[[System.Int32, mscorlib, Version=2.0.0.0, Culture=neutral, PublicKeyToken=b77a5c561934e089]]"><_size type="System.Int32">0</_size><_version type="System.Int32">1</_version></workItemIds><id type="Microsoft.VisualStudio.TestTools.Common.TestResultId"><runId type="System.Guid">3d9a8baa-b9cb-4717-8a94-3c6445344217</runId><executionId type="Microsoft.VisualStudio.TestTools.Common.TestExecId"><id type="System.Guid">e695fafe-a48f-4fe5-9a95-1ec88844e7b9</id></executionId><parentExecId type="Microsoft.VisualStudio.TestTools.Common.TestExecId"><id type="System.Guid">00000000-0000-0000-0000-000000000000</id></parentExecId><testId type="Microsoft.VisualStudio.TestTools.Common.TestId"><id type="System.Guid">e8478872-318b-d268-47ba-be83688b1fed</id></testId></id><testName type="System.String">GetNumberOfAvailableProductsTest</testName><testType type="Microsoft.VisualStudio.TestTools.Common.TestType"><id type="System.Guid">13cdc9d9-ddb5-4fa4-a97d-d965ccfc6d4b</id></testType><messageKind type="Microsoft.VisualStudio.TestTools.Common.TestMessageKind"><value__ type="System.Int32">1</value__></messageKind><computerInfo type="Microsoft.VisualStudio.TestTools.Common.ComputerInfo"><m_computerName type="System.String">ECDATA-TFS01</m_computerName></computerInfo><duration type="System.TimeSpan">00:00:00.0019489</duration><startTime type="System.DateTime"><dateData type="System.UInt64">633673774838753036</dateData></startTime><endTime type="System.DateTime"><dateData type="System.UInt64">633673774838909296</dateData></endTime><spoolMessage type="System.Boolean">True</spoolMessage></UnitTestResult><UnitTestResult type="Microsoft.VisualStudio.TestTools.TestTypes.Unit.UnitTestResult, Microsoft.VisualStudio.QualityTools.Tips.UnitTest.ObjectModel, Version=8.0.0.0, Culture=neutral, PublicKeyToken=b03f5f7f11d50a3a"><resultType type="Microsoft.VisualStudio.TestTools.TestTypes.Unit.UnitTestResultType, Microsoft.VisualStudio.QualityTools.Tips.UnitTest.ObjectModel, Version=8.0.0.0, Culture=neutral, PublicKeyToken=b03f5f7f11d50a3a"><value__ type="System.Int32">0</value__></resultType><m_hasSufficientAccess type="System.Boolean">True</m_hasSufficientAccess><counters type="Microsoft.VisualStudio.TestTools.Common.TestResultCounter"><values type="System.Int32">0,0,0,0,0,0,0,0,0,0,0,0,0,0</values><total type="System.Int32">1</total></counters><categoryId type="Microsoft.VisualStudio.TestTools.Common.TestCategoryId"><id type="System.Guid">8c84fa94-04c1-424b-9868-57a2d4851a1d</id></categoryId><outcome type="Microsoft.VisualStudio.TestTools.Common.TestOutcome"><value__ type="System.Int32">4</value__></outcome><errorInfo type="Microsoft.VisualStudio.TestTools.Common.TestResultErrorInfo"><message type="System.String">Assert.Inconclusive failed. Verify the correctness of this test method.</message><stackTrace type="System.String">   at BrownShoe.UnitTests.Services.Catalog.CatalogBrowserTest.GetProductsTest()
</stackTrace></errorInfo><traceInfo type="Microsoft.VisualStudio.TestTools.Common.TestExecutionTraceInformation"><trace type="System.Text.StringBuilder">Creating instance of class BrownShoe.UnitTests.Services.Catalog.CatalogBrowserTest.
Calling Test method BrownShoe.UnitTests.Services.Catalog.CatalogBrowserTest.Microsoft.VisualStudio.TestTools.TestTypes.Unit.TestMethod.
</trace></traceInfo><stdout type="System.String" /><stderr type="System.String" /><debugTrace type="System.String" /><workItemIds type="System.Collections.Generic.List`1[[System.Int32, mscorlib, Version=2.0.0.0, Culture=neutral, PublicKeyToken=b77a5c561934e089]]"><_size type="System.Int32">0</_size><_version type="System.Int32">1</_version></workItemIds><id type="Microsoft.VisualStudio.TestTools.Common.TestResultId"><runId type="System.Guid">3d9a8baa-b9cb-4717-8a94-3c6445344217</runId><executionId type="Microsoft.VisualStudio.TestTools.Common.TestExecId"><id type="System.Guid">f4c53dd3-5155-4035-a95b-3fe24d2c0571</id></executionId><parentExecId type="Microsoft.VisualStudio.TestTools.Common.TestExecId"><id type="System.Guid">00000000-0000-0000-0000-000000000000</id></parentExecId><testId type="Microsoft.VisualStudio.TestTools.Common.TestId"><id type="System.Guid">dd3bedc2-074d-34a1-d811-ef5809cd18ed</id></testId></id><testName type="System.String">GetProductsTest</testName><testType type="Microsoft.VisualStudio.TestTools.Common.TestType"><id type="System.Guid">13cdc9d9-ddb5-4fa4-a97d-d965ccfc6d4b</id></testType><messageKind type="Microsoft.VisualStudio.TestTools.Common.TestMessageKind"><value__ type="System.Int32">1</value__></messageKind><computerInfo type="Microsoft.VisualStudio.TestTools.Common.ComputerInfo"><m_computerName type="System.String">ECDATA-TFS01</m_computerName></computerInfo><duration type="System.TimeSpan">00:00:00.0010480</duration><startTime type="System.DateTime"><dateData type="System.UInt64">633673774838909296</dateData></startTime><endTime type="System.DateTime"><dateData type="System.UInt64">633673774838909296</dateData></endTime><spoolMessage type="System.Boolean">True</spoolMessage></UnitTestResult><UnitTestResult type="Microsoft.VisualStudio.TestTools.TestTypes.Unit.UnitTestResult, Microsoft.VisualStudio.QualityTools.Tips.UnitTest.ObjectModel, Version=8.0.0.0, Culture=neutral, PublicKeyToken=b03f5f7f11d50a3a"><resultType type="Microsoft.VisualStudio.TestTools.TestTypes.Unit.UnitTestResultType, Microsoft.VisualStudio.QualityTools.Tips.UnitTest.ObjectModel, Version=8.0.0.0, Culture=neutral, PublicKeyToken=b03f5f7f11d50a3a"><value__ type="System.Int32">0</value__></resultType><m_hasSufficientAccess type="System.Boolean">True</m_hasSufficientAccess><counters type="Microsoft.VisualStudio.TestTools.Common.TestResultCounter"><values type="System.Int32">0,0,0,0,0,0,0,0,0,0,0,0,0,0</values><total type="System.Int32">1</total></counters><categoryId type="Microsoft.VisualStudio.TestTools.Common.TestCategoryId"><id type="System.Guid">8c84fa94-04c1-424b-9868-57a2d4851a1d</id></categoryId><outcome type="Microsoft.VisualStudio.TestTools.Common.TestOutcome"><value__ type="System.Int32">4</value__></outcome><errorInfo type="Microsoft.VisualStudio.TestTools.Common.TestResultErrorInfo"><message type="System.String">Assert.Inconclusive failed. Verify the correctness of this test method.</message><stackTrace type="System.String">   at BrownShoe.UnitTests.Services.Catalog.CatalogBrowserTest.GetProductTest()
</stackTrace></errorInfo><traceInfo type="Microsoft.VisualStudio.TestTools.Common.TestExecutionTraceInformation"><trace type="System.Text.StringBuilder">Creating instance of class BrownShoe.UnitTests.Services.Catalog.CatalogBrowserTest.
Calling Test method BrownShoe.UnitTests.Services.Catalog.CatalogBrowserTest.Microsoft.VisualStudio.TestTools.TestTypes.Unit.TestMethod.
</trace></traceInfo><stdout type="System.String" /><stderr type="System.String" /><debugTrace type="System.String" /><workItemIds type="System.Collections.Generic.List`1[[System.Int32, mscorlib, Version=2.0.0.0, Culture=neutral, PublicKeyToken=b77a5c561934e089]]"><_size type="System.Int32">0</_size><_version type="System.Int32">1</_version></workItemIds><id type="Microsoft.VisualStudio.TestTools.Common.TestResultId"><runId type="System.Guid">3d9a8baa-b9cb-4717-8a94-3c6445344217</runId><executionId type="Microsoft.VisualStudio.TestTools.Common.TestExecId"><id type="System.Guid">4f8eff1a-d5d8-459c-a826-6f002bff09a2</id></executionId><parentExecId type="Microsoft.VisualStudio.TestTools.Common.TestExecId"><id type="System.Guid">00000000-0000-0000-0000-000000000000</id></parentExecId><testId type="Microsoft.VisualStudio.TestTools.Common.TestId"><id type="System.Guid">535d8bab-9062-db38-0853-0b9d25d54867</id></testId></id><testName type="System.String">GetProductTest</testName><testType type="Microsoft.VisualStudio.TestTools.Common.TestType"><id type="System.Guid">13cdc9d9-ddb5-4fa4-a97d-d965ccfc6d4b</id></testType><messageKind type="Microsoft.VisualStudio.TestTools.Common.TestMessageKind"><value__ type="System.Int32">1</value__></messageKind><computerInfo type="Microsoft.VisualStudio.TestTools.Common.ComputerInfo"><m_computerName type="System.String">ECDATA-TFS01</m_computerName></computerInfo><duration type="System.TimeSpan">00:00:00.0010585</duration><startTime type="System.DateTime"><dateData type="System.UInt64">633673774838909296</dateData></startTime><endTime type="System.DateTime"><dateData type="System.UInt64">633673774839065556</dateData></endTime><spoolMessage type="System.Boolean">True</spoolMessage></UnitTestResult><UnitTestResult type="Microsoft.VisualStudio.TestTools.TestTypes.Unit.UnitTestResult, Microsoft.VisualStudio.QualityTools.Tips.UnitTest.ObjectModel, Version=8.0.0.0, Culture=neutral, PublicKeyToken=b03f5f7f11d50a3a"><resultType type="Microsoft.VisualStudio.TestTools.TestTypes.Unit.UnitTestResultType, Microsoft.VisualStudio.QualityTools.Tips.UnitTest.ObjectModel, Version=8.0.0.0, Culture=neutral, PublicKeyToken=b03f5f7f11d50a3a"><value__ type="System.Int32">0</value__></resultType><m_hasSufficientAccess type="System.Boolean">True</m_hasSufficientAccess><counters type="Microsoft.VisualStudio.TestTools.Common.TestResultCounter"><values type="System.Int32">0,0,0,0,0,0,0,0,0,0,0,0,0,0</values><total type="System.Int32">1</total></counters><categoryId type="Microsoft.VisualStudio.TestTools.Common.TestCategoryId"><id type="System.Guid">8c84fa94-04c1-424b-9868-57a2d4851a1d</id></categoryId><outcome type="Microsoft.VisualStudio.TestTools.Common.TestOutcome"><value__ type="System.Int32">10</value__></outcome><traceInfo type="Microsoft.VisualStudio.TestTools.Common.TestExecutionTraceInformation"><trace type="System.Text.StringBuilder">Creating instance of class BrownShoe.UnitTests.Services.Catalog.CatalogServiceTest.
Calling initialization method BrownShoe.UnitTests.Services.Catalog.CatalogServiceTest.InitializeTest.
Calling Test method BrownShoe.UnitTests.Services.Catalog.CatalogServiceTest.Microsoft.VisualStudio.TestTools.TestTypes.Unit.TestMethod.
</trace></traceInfo><stdout type="System.String" /><stderr type="System.String" /><debugTrace type="System.String" /><workItemIds type="System.Collections.Generic.List`1[[System.Int32, mscorlib, Version=2.0.0.0, Culture=neutral, PublicKeyToken=b77a5c561934e089]]"><_size type="System.Int32">0</_size><_version type="System.Int32">1</_version></workItemIds><id type="Microsoft.VisualStudio.TestTools.Common.TestResultId"><runId type="System.Guid">3d9a8baa-b9cb-4717-8a94-3c6445344217</runId><executionId type="Microsoft.VisualStudio.TestTools.Common.TestExecId"><id type="System.Guid">4f36a7bd-102a-483c-96ee-df961cceb423</id></executionId><parentExecId type="Microsoft.VisualStudio.TestTools.Common.TestExecId"><id type="System.Guid">00000000-0000-0000-0000-000000000000</id></parentExecId><testId type="Microsoft.VisualStudio.TestTools.Common.TestId"><id type="System.Guid">d54545c9-fbca-cb89-3e9e-c3b0af57b0fd</id></testId></id><testName type="System.String">BuildSizeDescriptionTest</testName><testType type="Microsoft.VisualStudio.TestTools.Common.TestType"><id type="System.Guid">13cdc9d9-ddb5-4fa4-a97d-d965ccfc6d4b</id></testType><messageKind type="Microsoft.VisualStudio.TestTools.Common.TestMessageKind"><value__ type="System.Int32">1</value__></messageKind><computerInfo type="Microsoft.VisualStudio.TestTools.Common.ComputerInfo"><m_computerName type="System.String">ECDATA-TFS01</m_computerName></computerInfo><duration type="System.TimeSpan">00:00:00.0018056</duration><startTime type="System.DateTime"><dateData type="System.UInt64">633673774839065556</dateData></startTime><endTime type="System.DateTime"><dateData type="System.UInt64">633673774839221816</dateData></endTime><spoolMessage type="System.Boolean">True</spoolMessage></UnitTestResult><UnitTestResult type="Microsoft.VisualStudio.TestTools.TestTypes.Unit.UnitTestResult, Microsoft.VisualStudio.QualityTools.Tips.UnitTest.ObjectModel, Version=8.0.0.0, Culture=neutral, PublicKeyToken=b03f5f7f11d50a3a"><resultType type="Microsoft.VisualStudio.TestTools.TestTypes.Unit.UnitTestResultType, Microsoft.VisualStudio.QualityTools.Tips.UnitTest.ObjectModel, Version=8.0.0.0, Culture=neutral, PublicKeyToken=b03f5f7f11d50a3a"><value__ type="System.Int32">0</value__></resultType><m_hasSufficientAccess type="System.Boolean">True</m_hasSufficientAccess><counters type="Microsoft.VisualStudio.TestTools.Common.TestResultCounter"><values type="System.Int32">0,0,0,0,0,0,0,0,0,0,0,0,0,0</values><total type="System.Int32">1</total></counters><categoryId type="Microsoft.VisualStudio.TestTools.Common.TestCategoryId"><id type="System.Guid">8c84fa94-04c1-424b-9868-57a2d4851a1d</id></categoryId><outcome type="Microsoft.VisualStudio.TestTools.Common.TestOutcome"><value__ type="System.Int32">1</value__></outcome><errorInfo type="Microsoft.VisualStudio.TestTools.Common.TestResultErrorInfo"><message type="System.String">Test method BrownShoe.UnitTests.Services.Catalog.CatalogServiceTest.ConvertToUSTest threw exception:  System.NullReferenceException: Object reference not set to an instance of an object..</message><stackTrace type="System.String">    at BrownShoe.Catalog.BaseCategory.GetFullyQualifiedNamesWithProductIdFromDb(String productId, String catalogName) in e:\projects\brownshoe\unit_tests\product\src\BrownShoe\Libraries\Data\Catalog\BaseCategory.cs:line 447
   at BrownShoe.Catalog.CatalogService.ConvertToUS(String sizeAttribute, String sGender, String productId) in e:\projects\brownshoe\unit_tests\product\src\BrownShoe\Libraries\Services\Catalog\CatalogService.cs:line 1030
   at BrownShoe.UnitTests.Services.Catalog.CatalogServiceTest.ConvertToUSTest()
</stackTrace></errorInfo><traceInfo type="Microsoft.VisualStudio.TestTools.Common.TestExecutionTraceInformation"><trace type="System.Text.StringBuilder">Creating instance of class BrownShoe.UnitTests.Services.Catalog.CatalogServiceTest.
Calling initialization method BrownShoe.UnitTests.Services.Catalog.CatalogServiceTest.InitializeTest.
Calling Test method BrownShoe.UnitTests.Services.Catalog.CatalogServiceTest.Microsoft.VisualStudio.TestTools.TestTypes.Unit.TestMethod.
</trace></traceInfo><stdout type="System.String" /><stderr type="System.String" /><debugTrace type="System.String" /><workItemIds type="System.Collections.Generic.List`1[[System.Int32, mscorlib, Version=2.0.0.0, Culture=neutral, PublicKeyToken=b77a5c561934e089]]"><_size type="System.Int32">0</_size><_version type="System.Int32">1</_version></workItemIds><id type="Microsoft.VisualStudio.TestTools.Common.TestResultId"><runId type="System.Guid">3d9a8baa-b9cb-4717-8a94-3c6445344217</runId><executionId type="Microsoft.VisualStudio.TestTools.Common.TestExecId"><id type="System.Guid">61aabc91-bfe7-48ef-b249-939dd9d5ccd5</id></executionId><parentExecId type="Microsoft.VisualStudio.TestTools.Common.TestExecId"><id type="System.Guid">00000000-0000-0000-0000-000000000000</id></parentExecId><testId type="Microsoft.VisualStudio.TestTools.Common.TestId"><id type="System.Guid">4d7a76f4-12d3-f91e-3b5f-366a4fc97576</id></testId></id><testName type="System.String">ConvertToUSTest</testName><testType type="Microsoft.VisualStudio.TestTools.Common.TestType"><id type="System.Guid">13cdc9d9-ddb5-4fa4-a97d-d965ccfc6d4b</id></testType><messageKind type="Microsoft.VisualStudio.TestTools.Common.TestMessageKind"><value__ type="System.Int32">1</value__></messageKind><computerInfo type="Microsoft.VisualStudio.TestTools.Common.ComputerInfo"><m_computerName type="System.String">ECDATA-TFS01</m_computerName></computerInfo><duration type="System.TimeSpan">00:00:00.0139300</duration><startTime type="System.DateTime"><dateData type="System.UInt64">633673774839221816</dateData></startTime><endTime type="System.DateTime"><dateData type="System.UInt64">633673774839378076</dateData></endTime><spoolMessage type="System.Boolean">True</spoolMessage></UnitTestResult><UnitTestResult type="Microsoft.VisualStudio.TestTools.TestTypes.Unit.UnitTestResult, Microsoft.VisualStudio.QualityTools.Tips.UnitTest.ObjectModel, Version=8.0.0.0, Culture=neutral, PublicKeyToken=b03f5f7f11d50a3a"><resultType type="Microsoft.VisualStudio.TestTools.TestTypes.Unit.UnitTestResultType, Microsoft.VisualStudio.QualityTools.Tips.UnitTest.ObjectModel, Version=8.0.0.0, Culture=neutral, PublicKeyToken=b03f5f7f11d50a3a"><value__ type="System.Int32">0</value__></resultType><m_hasSufficientAccess type="System.Boolean">True</m_hasSufficientAccess><counters type="Microsoft.VisualStudio.TestTools.Common.TestResultCounter"><values type="System.Int32">0,0,0,0,0,0,0,0,0,0,0,0,0,0</values><total type="System.Int32">1</total></counters><categoryId type="Microsoft.VisualStudio.TestTools.Common.TestCategoryId"><id type="System.Guid">8c84fa94-04c1-424b-9868-57a2d4851a1d</id></categoryId><outcome type="Microsoft.VisualStudio.TestTools.Common.TestOutcome"><value__ type="System.Int32">1</value__></outcome><errorInfo type="Microsoft.VisualStudio.TestTools.Common.TestResultErrorInfo"><message type="System.String">Test method BrownShoe.UnitTests.Services.Catalog.CatalogServiceTest.GetBrandTest threw exception:  System.NullReferenceException: Object reference not set to an instance of an object..</message><stackTrace type="System.String">    at BrownShoe.Profiles.ProductInfo..ctor() in e:\projects\brownshoe\unit_tests\product\src\BrownShoe\Libraries\Services\Profiles\ProductInfo.cs:line 36
   at BrownShoe.UnitTests.Services.Catalog.CatalogServiceTest.GetBrandTest()
</stackTrace></errorInfo><traceInfo type="Microsoft.VisualStudio.TestTools.Common.TestExecutionTraceInformation"><trace type="System.Text.StringBuilder">Creating instance of class BrownShoe.UnitTests.Services.Catalog.CatalogServiceTest.
Calling initialization method BrownShoe.UnitTests.Services.Catalog.CatalogServiceTest.InitializeTest.
Calling Test method BrownShoe.UnitTests.Services.Catalog.CatalogServiceTest.Microsoft.VisualStudio.TestTools.TestTypes.Unit.TestMethod.
</trace></traceInfo><stdout type="System.String" /><stderr type="System.String" /><debugTrace type="System.String" /><workItemIds type="System.Collections.Generic.List`1[[System.Int32, mscorlib, Version=2.0.0.0, Culture=neutral, PublicKeyToken=b77a5c561934e089]]"><_size type="System.Int32">0</_size><_version type="System.Int32">1</_version></workItemIds><id type="Microsoft.VisualStudio.TestTools.Common.TestResultId"><runId type="System.Guid">3d9a8baa-b9cb-4717-8a94-3c6445344217</runId><executionId type="Microsoft.VisualStudio.TestTools.Common.TestExecId"><id type="System.Guid">1ccdeddf-8839-4078-b5d2-a578debe5c26</id></executionId><parentExecId type="Microsoft.VisualStudio.TestTools.Common.TestExecId"><id type="System.Guid">00000000-0000-0000-0000-000000000000</id></parentExecId><testId type="Microsoft.VisualStudio.TestTools.Common.TestId"><id type="System.Guid">36189151-2af2-ef59-c057-35962969b2a4</id></testId></id><testName type="System.String">GetBrandTest</testName><testType type="Microsoft.VisualStudio.TestTools.Common.TestType"><id type="System.Guid">13cdc9d9-ddb5-4fa4-a97d-d965ccfc6d4b</id></testType><messageKind type="Microsoft.VisualStudio.TestTools.Common.TestMessageKind"><value__ type="System.Int32">1</value__></messageKind><computerInfo type="Microsoft.VisualStudio.TestTools.Common.ComputerInfo"><m_computerName type="System.String">ECDATA-TFS01</m_computerName></computerInfo><duration type="System.TimeSpan">00:00:00.0218730</duration><startTime type="System.DateTime"><dateData type="System.UInt64">633673774839378076</dateData></startTime><endTime type="System.DateTime"><dateData type="System.UInt64">633673774839690596</dateData></endTime><spoolMessage type="System.Boolean">True</spoolMessage></UnitTestResult><UnitTestResult type="Microsoft.VisualStudio.TestTools.TestTypes.Unit.UnitTestResult, Microsoft.VisualStudio.QualityTools.Tips.UnitTest.ObjectModel, Version=8.0.0.0, Culture=neutral, PublicKeyToken=b03f5f7f11d50a3a"><resultType type="Microsoft.VisualStudio.TestTools.TestTypes.Unit.UnitTestResultType, Microsoft.VisualStudio.QualityTools.Tips.UnitTest.ObjectModel, Version=8.0.0.0, Culture=neutral, PublicKeyToken=b03f5f7f11d50a3a"><value__ type="System.Int32">0</value__></resultType><m_hasSufficientAccess type="System.Boolean">True</m_hasSufficientAccess><counters type="Microsoft.VisualStudio.TestTools.Common.TestResultCounter"><values type="System.Int32">0,0,0,0,0,0,0,0,0,0,0,0,0,0</values><total type="System.Int32">1</total></counters><categoryId type="Microsoft.VisualStudio.TestTools.Common.TestCategoryId"><id type="System.Guid">8c84fa94-04c1-424b-9868-57a2d4851a1d</id></categoryId><outcome type="Microsoft.VisualStudio.TestTools.Common.TestOutcome"><value__ type="System.Int32">1</value__></outcome><errorInfo type="Microsoft.VisualStudio.TestTools.Common.TestResultErrorInfo"><message type="System.String">Test method BrownShoe.UnitTests.Services.Catalog.CatalogServiceTest.GetProductDetailItemTest threw exception:  System.NullReferenceException: Object reference not set to an instance of an object..</message><stackTrace type="System.String">    at BrownShoe.Catalog.CatalogService.GetProductDetailItem(String productID, String catalogName, Boolean getLatestOverrideInfo) in e:\projects\brownshoe\unit_tests\product\src\BrownShoe\Libraries\Services\Catalog\CatalogService.cs:line 1936
   at BrownShoe.UnitTests.Services.Catalog.CatalogServiceTest.GetProductDetailItemTest()
</stackTrace></errorInfo><traceInfo type="Microsoft.VisualStudio.TestTools.Common.TestExecutionTraceInformation"><trace type="System.Text.StringBuilder">Creating instance of class BrownShoe.UnitTests.Services.Catalog.CatalogServiceTest.
Calling initialization method BrownShoe.UnitTests.Services.Catalog.CatalogServiceTest.InitializeTest.
Calling Test method BrownShoe.UnitTests.Services.Catalog.CatalogServiceTest.Microsoft.VisualStudio.TestTools.TestTypes.Unit.TestMethod.
</trace></traceInfo><stdout type="System.String" /><stderr type="System.String" /><debugTrace type="System.String" /><workItemIds type="System.Collections.Generic.List`1[[System.Int32, mscorlib, Version=2.0.0.0, Culture=neutral, PublicKeyToken=b77a5c561934e089]]"><_size type="System.Int32">0</_size><_version type="System.Int32">1</_version></workItemIds><id type="Microsoft.VisualStudio.TestTools.Common.TestResultId"><runId type="System.Guid">3d9a8baa-b9cb-4717-8a94-3c6445344217</runId><executionId type="Microsoft.VisualStudio.TestTools.Common.TestExecId"><id type="System.Guid">6e3115d3-a684-4e36-8763-a0003220103f</id></executionId><parentExecId type="Microsoft.VisualStudio.TestTools.Common.TestExecId"><id type="System.Guid">00000000-0000-0000-0000-000000000000</id></parentExecId><testId type="Microsoft.VisualStudio.TestTools.Common.TestId"><id type="System.Guid">89b205d7-7c95-9b0a-bbb2-3fac745a3d16</id></testId></id><testName type="System.String">GetProductDetailItemTest</testName><testType type="Microsoft.VisualStudio.TestTools.Common.TestType"><id type="System.Guid">13cdc9d9-ddb5-4fa4-a97d-d965ccfc6d4b</id></testType><messageKind type="Microsoft.VisualStudio.TestTools.Common.TestMessageKind"><value__ type="System.Int32">1</value__></messageKind><computerInfo type="Microsoft.VisualStudio.TestTools.Common.ComputerInfo"><m_computerName type="System.String">ECDATA-TFS01</m_computerName></computerInfo><duration type="System.TimeSpan">00:00:00.0068444</duration><startTime type="System.DateTime"><dateData type="System.UInt64">633673774839690596</dateData></startTime><endTime type="System.DateTime"><dateData type="System.UInt64">633673774839846856</dateData></endTime><spoolMessage type="System.Boolean">True</spoolMessage></UnitTestResult><UnitTestResult type="Microsoft.VisualStudio.TestTools.TestTypes.Unit.UnitTestResult, Microsoft.VisualStudio.QualityTools.Tips.UnitTest.ObjectModel, Version=8.0.0.0, Culture=neutral, PublicKeyToken=b03f5f7f11d50a3a"><resultType type="Microsoft.VisualStudio.TestTools.TestTypes.Unit.UnitTestResultType, Microsoft.VisualStudio.QualityTools.Tips.UnitTest.ObjectModel, Version=8.0.0.0, Culture=neutral, PublicKeyToken=b03f5f7f11d50a3a"><value__ type="System.Int32">0</value__></resultType><m_hasSufficientAccess type="System.Boolean">True</m_hasSufficientAccess><counters type="Microsoft.VisualStudio.TestTools.Common.TestResultCounter"><values type="System.Int32">0,0,0,0,0,0,0,0,0,0,0,0,0,0</values><total type="System.Int32">1</total></counters><categoryId type="Microsoft.VisualStudio.TestTools.Common.TestCategoryId"><id type="System.Guid">8c84fa94-04c1-424b-9868-57a2d4851a1d</id></categoryId><outcome type="Microsoft.VisualStudio.TestTools.Common.TestOutcome"><value__ type="System.Int32">1</value__></outcome><errorInfo type="Microsoft.VisualStudio.TestTools.Common.TestResultErrorInfo"><message type="System.String">Test method BrownShoe.UnitTests.Services.Catalog.CatalogServiceTest.GetProductDetailPageDataFromCategoryTest threw exception:  System.NullReferenceException: Object reference not set to an instance of an object..</message><stackTrace type="System.String">    at BrownShoe.Catalog.CatalogService.GetProductDetailPageDataFromCategory(String categoryName, String catalogName) in e:\projects\brownshoe\unit_tests\product\src\BrownShoe\Libraries\Services\Catalog\CatalogService.cs:line 465
   at BrownShoe.Catalog.CatalogService.GetProductDetailPageDataFromCategory(String productGroupName) in e:\projects\brownshoe\unit_tests\product\src\BrownShoe\Libraries\Services\Catalog\CatalogService.cs:line 1898
   at BrownShoe.UnitTests.Services.Catalog.CatalogServiceTest.GetProductDetailPageDataFromCategoryTest()
</stackTrace></errorInfo><traceInfo type="Microsoft.VisualStudio.TestTools.Common.TestExecutionTraceInformation"><trace type="System.Text.StringBuilder">Creating instance of class BrownShoe.UnitTests.Services.Catalog.CatalogServiceTest.
Calling initialization method BrownShoe.UnitTests.Services.Catalog.CatalogServiceTest.InitializeTest.
Calling Test method BrownShoe.UnitTests.Services.Catalog.CatalogServiceTest.Microsoft.VisualStudio.TestTools.TestTypes.Unit.TestMethod.
</trace></traceInfo><stdout type="System.String" /><stderr type="System.String" /><debugTrace type="System.String" /><workItemIds type="System.Collections.Generic.List`1[[System.Int32, mscorlib, Version=2.0.0.0, Culture=neutral, PublicKeyToken=b77a5c561934e089]]"><_size type="System.Int32">0</_size><_version type="System.Int32">1</_version></workItemIds><id type="Microsoft.VisualStudio.TestTools.Common.TestResultId"><runId type="System.Guid">3d9a8baa-b9cb-4717-8a94-3c6445344217</runId><executionId type="Microsoft.VisualStudio.TestTools.Common.TestExecId"><id type="System.Guid">6c283f66-5489-4219-847b-459b07bad6a2</id></executionId><parentExecId type="Microsoft.VisualStudio.TestTools.Common.TestExecId"><id type="System.Guid">00000000-0000-0000-0000-000000000000</id></parentExecId><testId type="Microsoft.VisualStudio.TestTools.Common.TestId"><id type="System.Guid">7e23efc2-2870-7d1b-a3b8-45e9c81dd7b9</id></testId></id><testName type="System.String">GetProductDetailPageDataFromCategoryTest</testName><testType type="Microsoft.VisualStudio.TestTools.Common.TestType"><id type="System.Guid">13cdc9d9-ddb5-4fa4-a97d-d965ccfc6d4b</id></testType><messageKind type="Microsoft.VisualStudio.TestTools.Common.TestMessageKind"><value__ type="System.Int32">1</value__></messageKind><computerInfo type="Microsoft.VisualStudio.TestTools.Common.ComputerInfo"><m_computerName type="System.String">ECDATA-TFS01</m_computerName></computerInfo><duration type="System.TimeSpan">00:00:00.0037905</duration><startTime type="System.DateTime"><dateData type="System.UInt64">633673774839846856</dateData></startTime><endTime type="System.DateTime"><dateData type="System.UInt64">633673774840003116</dateData></endTime><spoolMessage type="System.Boolean">True</spoolMessage></UnitTestResult><UnitTestResult type="Microsoft.VisualStudio.TestTools.TestTypes.Unit.UnitTestResult, Microsoft.VisualStudio.QualityTools.Tips.UnitTest.ObjectModel, Version=8.0.0.0, Culture=neutral, PublicKeyToken=b03f5f7f11d50a3a"><resultType type="Microsoft.VisualStudio.TestTools.TestTypes.Unit.UnitTestResultType, Microsoft.VisualStudio.QualityTools.Tips.UnitTest.ObjectModel, Version=8.0.0.0, Culture=neutral, PublicKeyToken=b03f5f7f11d50a3a"><value__ type="System.Int32">0</value__></resultType><m_hasSufficientAccess type="System.Boolean">True</m_hasSufficientAccess><counters type="Microsoft.VisualStudio.TestTools.Common.TestResultCounter"><values type="System.Int32">0,0,0,0,0,0,0,0,0,0,0,0,0,0</values><total type="System.Int32">1</total></counters><categoryId type="Microsoft.VisualStudio.TestTools.Common.TestCategoryId"><id type="System.Guid">8c84fa94-04c1-424b-9868-57a2d4851a1d</id></categoryId><outcome type="Microsoft.VisualStudio.TestTools.Common.TestOutcome"><value__ type="System.Int32">1</value__></outcome><errorInfo type="Microsoft.VisualStudio.TestTools.Common.TestResultErrorInfo"><message type="System.String">Test method BrownShoe.UnitTests.Services.Catalog.CatalogServiceTest.GetProductGroupTest threw exception:  System.NullReferenceException: Object reference not set to an instance of an object..</message><stackTrace type="System.String">    at BrownShoe.Catalog.CatalogService.GetCommerceCategory(String catalogName, String categoryName, Boolean useCache, DateTime absoluteExpiration, String prefix) in e:\projects\brownshoe\unit_tests\product\src\BrownShoe\Libraries\Services\Catalog\CatalogService.cs:line 865
   at BrownShoe.Catalog.CatalogService.GetProductGroup(String productGroupName, Boolean useCache, DateTime absoluteExpiration, String prefix) in e:\projects\brownshoe\unit_tests\product\src\BrownShoe\Libraries\Services\Catalog\CatalogService.cs:line 700
   at BrownShoe.UnitTests.Services.Catalog.CatalogServiceTest.GetProductGroupTest()
</stackTrace></errorInfo><traceInfo type="Microsoft.VisualStudio.TestTools.Common.TestExecutionTraceInformation"><trace type="System.Text.StringBuilder">Creating instance of class BrownShoe.UnitTests.Services.Catalog.CatalogServiceTest.
Calling initialization method BrownShoe.UnitTests.Services.Catalog.CatalogServiceTest.InitializeTest.
Calling Test method BrownShoe.UnitTests.Services.Catalog.CatalogServiceTest.Microsoft.VisualStudio.TestTools.TestTypes.Unit.TestMethod.
</trace></traceInfo><stdout type="System.String" /><stderr type="System.String" /><debugTrace type="System.String" /><workItemIds type="System.Collections.Generic.List`1[[System.Int32, mscorlib, Version=2.0.0.0, Culture=neutral, PublicKeyToken=b77a5c561934e089]]"><_size type="System.Int32">0</_size><_version type="System.Int32">1</_version></workItemIds><id type="Microsoft.VisualStudio.TestTools.Common.TestResultId"><runId type="System.Guid">3d9a8baa-b9cb-4717-8a94-3c6445344217</runId><executionId type="Microsoft.VisualStudio.TestTools.Common.TestExecId"><id type="System.Guid">97edfe53-8384-432d-b068-8a0195ed6a86</id></executionId><parentExecId type="Microsoft.VisualStudio.TestTools.Common.TestExecId"><id type="System.Guid">00000000-0000-0000-0000-000000000000</id></parentExecId><testId type="Microsoft.VisualStudio.TestTools.Common.TestId"><id type="System.Guid">399c9613-a1f8-d72b-1efe-358f0070b9d4</id></testId></id><testName type="System.String">GetProductGroupTest</testName><testType type="Microsoft.VisualStudio.TestTools.Common.TestType"><id type="System.Guid">13cdc9d9-ddb5-4fa4-a97d-d965ccfc6d4b</id></testType><messageKind type="Microsoft.VisualStudio.TestTools.Common.TestMessageKind"><value__ type="System.Int32">1</value__></messageKind><computerInfo type="Microsoft.VisualStudio.TestTools.Common.ComputerInfo"><m_computerName type="System.String">ECDATA-TFS01</m_computerName></computerInfo><duration type="System.TimeSpan">00:00:00.0077947</duration><startTime type="System.DateTime"><dateData type="System.UInt64">633673774840003116</dateData></startTime><endTime type="System.DateTime"><dateData type="System.UInt64">633673774840003116</dateData></endTime><spoolMessage type="System.Boolean">True</spoolMessage></UnitTestResult><UnitTestResult type="Microsoft.VisualStudio.TestTools.TestTypes.Unit.UnitTestResult, Microsoft.VisualStudio.QualityTools.Tips.UnitTest.ObjectModel, Version=8.0.0.0, Culture=neutral, PublicKeyToken=b03f5f7f11d50a3a"><resultType type="Microsoft.VisualStudio.TestTools.TestTypes.Unit.UnitTestResultType, Microsoft.VisualStudio.QualityTools.Tips.UnitTest.ObjectModel, Version=8.0.0.0, Culture=neutral, PublicKeyToken=b03f5f7f11d50a3a"><value__ type="System.Int32">0</value__></resultType><m_hasSufficientAccess type="System.Boolean">True</m_hasSufficientAccess><counters type="Microsoft.VisualStudio.TestTools.Common.TestResultCounter"><values type="System.Int32">0,0,0,0,0,0,0,0,0,0,0,0,0,0</values><total type="System.Int32">1</total></counters><categoryId type="Microsoft.VisualStudio.TestTools.Common.TestCategoryId"><id type="System.Guid">8c84fa94-04c1-424b-9868-57a2d4851a1d</id></categoryId><outcome type="Microsoft.VisualStudio.TestTools.Common.TestOutcome"><value__ type="System.Int32">4</value__></outcome><errorInfo type="Microsoft.VisualStudio.TestTools.Common.TestResultErrorInfo"><message type="System.String">Assert.Inconclusive failed. Verify the correctness of this test method</message><stackTrace type="System.String">   at BrownShoe.UnitTests.Services.Catalog.CatalogServiceTest.GetSizeSQLXMLListTest()
</stackTrace></errorInfo><traceInfo type="Microsoft.VisualStudio.TestTools.Common.TestExecutionTraceInformation"><trace type="System.Text.StringBuilder">Creating instance of class BrownShoe.UnitTests.Services.Catalog.CatalogServiceTest.
Calling initialization method BrownShoe.UnitTests.Services.Catalog.CatalogServiceTest.InitializeTest.
Calling Test method BrownShoe.UnitTests.Services.Catalog.CatalogServiceTest.Microsoft.VisualStudio.TestTools.TestTypes.Unit.TestMethod.
</trace></traceInfo><stdout type="System.String" /><stderr type="System.String" /><debugTrace type="System.String" /><workItemIds type="System.Collections.Generic.List`1[[System.Int32, mscorlib, Version=2.0.0.0, Culture=neutral, PublicKeyToken=b77a5c561934e089]]"><_size type="System.Int32">0</_size><_version type="System.Int32">1</_version></workItemIds><id type="Microsoft.VisualStudio.TestTools.Common.TestResultId"><runId type="System.Guid">3d9a8baa-b9cb-4717-8a94-3c6445344217</runId><executionId type="Microsoft.VisualStudio.TestTools.Common.TestExecId"><id type="System.Guid">ea672c1b-ddc6-49ba-8053-f8f0a6459bd4</id></executionId><parentExecId type="Microsoft.VisualStudio.TestTools.Common.TestExecId"><id type="System.Guid">00000000-0000-0000-0000-000000000000</id></parentExecId><testId type="Microsoft.VisualStudio.TestTools.Common.TestId"><id type="System.Guid">21374555-177d-6d54-ab8a-3eb40bbd6e23</id></testId></id><testName type="System.String">GetSizeSQLXMLListTest</testName><testType type="Microsoft.VisualStudio.TestTools.Common.TestType"><id type="System.Guid">13cdc9d9-ddb5-4fa4-a97d-d965ccfc6d4b</id></testType><messageKind type="Microsoft.VisualStudio.TestTools.Common.TestMessageKind"><value__ type="System.Int32">1</value__></messageKind><computerInfo type="Microsoft.VisualStudio.TestTools.Common.ComputerInfo"><m_computerName type="System.String">ECDATA-TFS01</m_computerName></computerInfo><duration type="System.TimeSpan">00:00:00.0039786</duration><startTime type="System.DateTime"><dateData type="System.UInt64">633673774840003116</dateData></startTime><endTime type="System.DateTime"><dateData type="System.UInt64">633673774840315636</dateData></endTime><spoolMessage type="System.Boolean">True</spoolMessage></UnitTestResult><UnitTestResult type="Microsoft.VisualStudio.TestTools.TestTypes.Unit.UnitTestResult, Microsoft.VisualStudio.QualityTools.Tips.UnitTest.ObjectModel, Version=8.0.0.0, Culture=neutral, PublicKeyToken=b03f5f7f11d50a3a"><resultType type="Microsoft.VisualStudio.TestTools.TestTypes.Unit.UnitTestResultType, Microsoft.VisualStudio.QualityTools.Tips.UnitTest.ObjectModel, Version=8.0.0.0, Culture=neutral, PublicKeyToken=b03f5f7f11d50a3a"><value__ type="System.Int32">0</value__></resultType><m_hasSufficientAccess type="System.Boolean">True</m_hasSufficientAccess><counters type="Microsoft.VisualStudio.TestTools.Common.TestResultCounter"><values type="System.Int32">0,0,0,0,0,0,0,0,0,0,0,0,0,0</values><total type="System.Int32">1</total></counters><categoryId type="Microsoft.VisualStudio.TestTools.Common.TestCategoryId"><id type="System.Guid">8c84fa94-04c1-424b-9868-57a2d4851a1d</id></categoryId><outcome type="Microsoft.VisualStudio.TestTools.Common.TestOutcome"><value__ type="System.Int32">4</value__></outcome><errorInfo type="Microsoft.VisualStudio.TestTools.Common.TestResultErrorInfo"><message type="System.String">Assert.Inconclusive failed. Verify the correctness of this test method</message><stackTrace type="System.String">   at BrownShoe.UnitTests.Services.Catalog.CatalogServiceTest.GetWidthSQLXMLListTest()
</stackTrace></errorInfo><traceInfo type="Microsoft.VisualStudio.TestTools.Common.TestExecutionTraceInformation"><trace type="System.Text.StringBuilder">Creating instance of class BrownShoe.UnitTests.Services.Catalog.CatalogServiceTest.
Calling initialization method BrownShoe.UnitTests.Services.Catalog.CatalogServiceTest.InitializeTest.
Calling Test method BrownShoe.UnitTests.Services.Catalog.CatalogServiceTest.Microsoft.VisualStudio.TestTools.TestTypes.Unit.TestMethod.
</trace></traceInfo><stdout type="System.String" /><stderr type="System.String" /><debugTrace type="System.String" /><workItemIds type="System.Collections.Generic.List`1[[System.Int32, mscorlib, Version=2.0.0.0, Culture=neutral, PublicKeyToken=b77a5c561934e089]]"><_size type="System.Int32">0</_size><_version type="System.Int32">1</_version></workItemIds><id type="Microsoft.VisualStudio.TestTools.Common.TestResultId"><runId type="System.Guid">3d9a8baa-b9cb-4717-8a94-3c6445344217</runId><executionId type="Microsoft.VisualStudio.TestTools.Common.TestExecId"><id type="System.Guid">3af51c03-24f2-4e64-880f-3a00409d5ed5</id></executionId><parentExecId type="Microsoft.VisualStudio.TestTools.Common.TestExecId"><id type="System.Guid">00000000-0000-0000-0000-000000000000</id></parentExecId><testId type="Microsoft.VisualStudio.TestTools.Common.TestId"><id type="System.Guid">44d7b4dc-5d15-03a4-8ab6-9cc5148eb77d</id></testId></id><testName type="System.String">GetWidthSQLXMLListTest</testName><testType type="Microsoft.VisualStudio.TestTools.Common.TestType"><id type="System.Guid">13cdc9d9-ddb5-4fa4-a97d-d965ccfc6d4b</id></testType><messageKind type="Microsoft.VisualStudio.TestTools.Common.TestMessageKind"><value__ type="System.Int32">1</value__></messageKind><computerInfo type="Microsoft.VisualStudio.TestTools.Common.ComputerInfo"><m_computerName type="System.String">ECDATA-TFS01</m_computerName></computerInfo><duration type="System.TimeSpan">00:00:00.0012312</duration><startTime type="System.DateTime"><dateData type="System.UInt64">633673774840315636</dateData></startTime><endTime type="System.DateTime"><dateData type="System.UInt64">633673774840315636</dateData></endTime><spoolMessage type="System.Boolean">True</spoolMessage></UnitTestResult><UnitTestResult type="Microsoft.VisualStudio.TestTools.TestTypes.Unit.UnitTestResult, Microsoft.VisualStudio.QualityTools.Tips.UnitTest.ObjectModel, Version=8.0.0.0, Culture=neutral, PublicKeyToken=b03f5f7f11d50a3a"><resultType type="Microsoft.VisualStudio.TestTools.TestTypes.Unit.UnitTestResultType, Microsoft.VisualStudio.QualityTools.Tips.UnitTest.ObjectModel, Version=8.0.0.0, Culture=neutral, PublicKeyToken=b03f5f7f11d50a3a"><value__ type="System.Int32">0</value__></resultType><m_hasSufficientAccess type="System.Boolean">True</m_hasSufficientAccess><counters type="Microsoft.VisualStudio.TestTools.Common.TestResultCounter"><values type="System.Int32">0,0,0,0,0,0,0,0,0,0,0,0,0,0</values><total type="System.Int32">1</total></counters><categoryId type="Microsoft.VisualStudio.TestTools.Common.TestCategoryId"><id type="System.Guid">8c84fa94-04c1-424b-9868-57a2d4851a1d</id></categoryId><outcome type="Microsoft.VisualStudio.TestTools.Common.TestOutcome"><value__ type="System.Int32">1</value__></outcome><errorInfo type="Microsoft.VisualStudio.TestTools.Common.TestResultErrorInfo"><message type="System.String">Test method BrownShoe.UnitTests.Services.Catalog.CatalogServiceTest.ListAvailableSizesTest threw exception:  System.NullReferenceException: Object reference not set to an instance of an object..</message><stackTrace type="System.String">    at BrownShoe.Security.InboundParameterVerification..ctor() in e:\projects\brownshoe\unit_tests\product\src\BrownShoe\Libraries\Core\Security\SecurityUtils.cs:line 40
   at BrownShoe.Security.SecurityUtils.CleanDBParameter(String value) in e:\projects\brownshoe\unit_tests\product\src\BrownShoe\Libraries\Core\Security\SecurityUtils.cs:line 654
   at BrownShoe.DataAccess.BaseDataManagerDB.AddParameters(DbCommand dbCmd, SqlParameter[] parms) in e:\projects\brownshoe\unit_tests\product\src\BrownShoe\Libraries\DataAccess\BaseDataManagerDB.cs:line 234
   at BrownShoe.DataAccess.BaseDataManagerDB.GetDataSet(String spName, List`1 parms) in e:\projects\brownshoe\unit_tests\product\src\BrownShoe\Libraries\DataAccess\BaseDataManagerDB.cs:line 78
   at BrownShoe.Catalog.CatalogService.ListAvailableSizes(String sizeRunCode, String sizeXRef, String sizeXRefAttrib, String widthCode, String sizeList, String widthList, String gender) in e:\projects\brownshoe\unit_tests\product\src\BrownShoe\Libraries\Services\Catalog\CatalogService.cs:line 1098
   at BrownShoe.UnitTests.Services.Catalog.CatalogServiceTest.ListAvailableSizesTest()
</stackTrace></errorInfo><traceInfo type="Microsoft.VisualStudio.TestTools.Common.TestExecutionTraceInformation"><trace type="System.Text.StringBuilder">Creating instance of class BrownShoe.UnitTests.Services.Catalog.CatalogServiceTest.
Calling initialization method BrownShoe.UnitTests.Services.Catalog.CatalogServiceTest.InitializeTest.
Calling Test method BrownShoe.UnitTests.Services.Catalog.CatalogServiceTest.Microsoft.VisualStudio.TestTools.TestTypes.Unit.TestMethod.
</trace></traceInfo><stdout type="System.String" /><stderr type="System.String" /><debugTrace type="System.String" /><workItemIds type="System.Collections.Generic.List`1[[System.Int32, mscorlib, Version=2.0.0.0, Culture=neutral, PublicKeyToken=b77a5c561934e089]]"><_size type="System.Int32">0</_size><_version type="System.Int32">1</_version></workItemIds><id type="Microsoft.VisualStudio.TestTools.Common.TestResultId"><runId type="System.Guid">3d9a8baa-b9cb-4717-8a94-3c6445344217</runId><executionId type="Microsoft.VisualStudio.TestTools.Common.TestExecId"><id type="System.Guid">ad38c9e0-c312-4ef2-951c-edc7392dca4f</id></executionId><parentExecId type="Microsoft.VisualStudio.TestTools.Common.TestExecId"><id type="System.Guid">00000000-0000-0000-0000-000000000000</id></parentExecId><testId type="Microsoft.VisualStudio.TestTools.Common.TestId"><id type="System.Guid">df1e0de8-6482-4068-130e-0aba42815f92</id></testId></id><testName type="System.String">ListAvailableSizesTest</testName><testType type="Microsoft.VisualStudio.TestTools.Common.TestType"><id type="System.Guid">13cdc9d9-ddb5-4fa4-a97d-d965ccfc6d4b</id></testType><messageKind type="Microsoft.VisualStudio.TestTools.Common.TestMessageKind"><value__ type="System.Int32">1</value__></messageKind><computerInfo type="Microsoft.VisualStudio.TestTools.Common.ComputerInfo"><m_computerName type="System.String">ECDATA-TFS01</m_computerName></computerInfo><duration type="System.TimeSpan">00:00:00.0101004</duration><startTime type="System.DateTime"><dateData type="System.UInt64">633673774840315636</dateData></startTime><endTime type="System.DateTime"><dateData type="System.UInt64">633673774840471896</dateData></endTime><spoolMessage type="System.Boolean">True</spoolMessage></UnitTestResult><UnitTestResult type="Microsoft.VisualStudio.TestTools.TestTypes.Unit.UnitTestResult, Microsoft.VisualStudio.QualityTools.Tips.UnitTest.ObjectModel, Version=8.0.0.0, Culture=neutral, PublicKeyToken=b03f5f7f11d50a3a"><resultType type="Microsoft.VisualStudio.TestTools.TestTypes.Unit.UnitTestResultType, Microsoft.VisualStudio.QualityTools.Tips.UnitTest.ObjectModel, Version=8.0.0.0, Culture=neutral, PublicKeyToken=b03f5f7f11d50a3a"><value__ type="System.Int32">0</value__></resultType><m_hasSufficientAccess type="System.Boolean">True</m_hasSufficientAccess><counters type="Microsoft.VisualStudio.TestTools.Common.TestResultCounter"><values type="System.Int32">0,0,0,0,0,0,0,0,0,0,0,0,0,0</values><total type="System.Int32">1</total></counters><categoryId type="Microsoft.VisualStudio.TestTools.Common.TestCategoryId"><id type="System.Guid">8c84fa94-04c1-424b-9868-57a2d4851a1d</id></categoryId><outcome type="Microsoft.VisualStudio.TestTools.Common.TestOutcome"><value__ type="System.Int32">4</value__></outcome><errorInfo type="Microsoft.VisualStudio.TestTools.Common.TestResultErrorInfo"><message type="System.String">Assert.Inconclusive failed. Verify the correctness of this test method.</message><stackTrace type="System.String">   at BrownShoe.UnitTests.Services.Catalog.CategorySearchTest.GetCategoryNamesTest()
</stackTrace></errorInfo><traceInfo type="Microsoft.VisualStudio.TestTools.Common.TestExecutionTraceInformation"><trace type="System.Text.StringBuilder">Creating instance of class BrownShoe.UnitTests.Services.Catalog.CategorySearchTest.
Calling Test method BrownShoe.UnitTests.Services.Catalog.CategorySearchTest.Microsoft.VisualStudio.TestTools.TestTypes.Unit.TestMethod.
</trace></traceInfo><stdout type="System.String" /><stderr type="System.String" /><debugTrace type="System.String" /><workItemIds type="System.Collections.Generic.List`1[[System.Int32, mscorlib, Version=2.0.0.0, Culture=neutral, PublicKeyToken=b77a5c561934e089]]"><_size type="System.Int32">0</_size><_version type="System.Int32">1</_version></workItemIds><id type="Microsoft.VisualStudio.TestTools.Common.TestResultId"><runId type="System.Guid">3d9a8baa-b9cb-4717-8a94-3c6445344217</runId><executionId type="Microsoft.VisualStudio.TestTools.Common.TestExecId"><id type="System.Guid">60874f47-8b2b-4a06-8334-d1f03ed3e1e5</id></executionId><parentExecId type="Microsoft.VisualStudio.TestTools.Common.TestExecId"><id type="System.Guid">00000000-0000-0000-0000-000000000000</id></parentExecId><testId type="Microsoft.VisualStudio.TestTools.Common.TestId"><id type="System.Guid">716947b0-6816-d4ca-ccbf-cbdccbda16c1</id></testId></id><testName type="System.String">GetCategoryNamesTest</testName><testType type="Microsoft.VisualStudio.TestTools.Common.TestType"><id type="System.Guid">13cdc9d9-ddb5-4fa4-a97d-d965ccfc6d4b</id></testType><messageKind type="Microsoft.VisualStudio.TestTools.Common.TestMessageKind"><value__ type="System.Int32">1</value__></messageKind><computerInfo type="Microsoft.VisualStudio.TestTools.Common.ComputerInfo"><m_computerName type="System.String">ECDATA-TFS01</m_computerName></computerInfo><duration type="System.TimeSpan">00:00:00.0010425</duration><startTime type="System.DateTime"><dateData type="System.UInt64">633673774840471896</dateData></startTime><endTime type="System.DateTime"><dateData type="System.UInt64">633673774840628156</dateData></endTime><spoolMessage type="System.Boolean">True</spoolMessage></UnitTestResult><UnitTestResult type="Microsoft.VisualStudio.TestTools.TestTypes.Unit.UnitTestResult, Microsoft.VisualStudio.QualityTools.Tips.UnitTest.ObjectModel, Version=8.0.0.0, Culture=neutral, PublicKeyToken=b03f5f7f11d50a3a"><resultType type="Microsoft.VisualStudio.TestTools.TestTypes.Unit.UnitTestResultType, Microsoft.VisualStudio.QualityTools.Tips.UnitTest.ObjectModel, Version=8.0.0.0, Culture=neutral, PublicKeyToken=b03f5f7f11d50a3a"><value__ type="System.Int32">0</value__></resultType><m_hasSufficientAccess type="System.Boolean">True</m_hasSufficientAccess><counters type="Microsoft.VisualStudio.TestTools.Common.TestResultCounter"><values type="System.Int32">0,0,0,0,0,0,0,0,0,0,0,0,0,0</values><total type="System.Int32">1</total></counters><categoryId type="Microsoft.VisualStudio.TestTools.Common.TestCategoryId"><id type="System.Guid">8c84fa94-04c1-424b-9868-57a2d4851a1d</id></categoryId><outcome type="Microsoft.VisualStudio.TestTools.Common.TestOutcome"><value__ type="System.Int32">4</value__></outcome><errorInfo type="Microsoft.VisualStudio.TestTools.Common.TestResultErrorInfo"><message type="System.String">Assert.Inconclusive failed. Verify the correctness of this test method.</message><stackTrace type="System.String">   at BrownShoe.UnitTests.Services.Catalog.CategorySearchTest.SearchTest()
</stackTrace></errorInfo><traceInfo type="Microsoft.VisualStudio.TestTools.Common.TestExecutionTraceInformation"><trace type="System.Text.StringBuilder">Creating instance of class BrownShoe.UnitTests.Services.Catalog.CategorySearchTest.
Calling Test method BrownShoe.UnitTests.Services.Catalog.CategorySearchTest.Microsoft.VisualStudio.TestTools.TestTypes.Unit.TestMethod.
</trace></traceInfo><stdout type="System.String" /><stderr type="System.String" /><debugTrace type="System.String" /><workItemIds type="System.Collections.Generic.List`1[[System.Int32, mscorlib, Version=2.0.0.0, Culture=neutral, PublicKeyToken=b77a5c561934e089]]"><_size type="System.Int32">0</_size><_version type="System.Int32">1</_version></workItemIds><id type="Microsoft.VisualStudio.TestTools.Common.TestResultId"><runId type="System.Guid">3d9a8baa-b9cb-4717-8a94-3c6445344217</runId><executionId type="Microsoft.VisualStudio.TestTools.Common.TestExecId"><id type="System.Guid">2b950f26-9899-4098-ae0b-3bf60c35cb67</id></executionId><parentExecId type="Microsoft.VisualStudio.TestTools.Common.TestExecId"><id type="System.Guid">00000000-0000-0000-0000-000000000000</id></parentExecId><testId type="Microsoft.VisualStudio.TestTools.Common.TestId"><id type="System.Guid">c567de29-28b2-3141-a467-67033f11d97e</id></testId></id><testName type="System.String">SearchTest</testName><testType type="Microsoft.VisualStudio.TestTools.Common.TestType"><id type="System.Guid">13cdc9d9-ddb5-4fa4-a97d-d965ccfc6d4b</id></testType><messageKind type="Microsoft.VisualStudio.TestTools.Common.TestMessageKind"><value__ type="System.Int32">1</value__></messageKind><computerInfo type="Microsoft.VisualStudio.TestTools.Common.ComputerInfo"><m_computerName type="System.String">ECDATA-TFS01</m_computerName></computerInfo><duration type="System.TimeSpan">00:00:00.0006810</duration><startTime type="System.DateTime"><dateData type="System.UInt64">633673774840628156</dateData></startTime><endTime type="System.DateTime"><dateData type="System.UInt64">633673774840628156</dateData></endTime><spoolMessage type="System.Boolean">True</spoolMessage></UnitTestResult><UnitTestResult type="Microsoft.VisualStudio.TestTools.TestTypes.Unit.UnitTestResult, Microsoft.VisualStudio.QualityTools.Tips.UnitTest.ObjectModel, Version=8.0.0.0, Culture=neutral, PublicKeyToken=b03f5f7f11d50a3a"><resultType type="Microsoft.VisualStudio.TestTools.TestTypes.Unit.UnitTestResultType, Microsoft.VisualStudio.QualityTools.Tips.UnitTest.ObjectModel, Version=8.0.0.0, Culture=neutral, PublicKeyToken=b03f5f7f11d50a3a"><value__ type="System.Int32">0</value__></resultType><m_hasSufficientAccess type="System.Boolean">True</m_hasSufficientAccess><counters type="Microsoft.VisualStudio.TestTools.Common.TestResultCounter"><values type="System.Int32">0,0,0,0,0,0,0,0,0,0,0,0,0,0</values><total type="System.Int32">1</total></counters><categoryId type="Microsoft.VisualStudio.TestTools.Common.TestCategoryId"><id type="System.Guid">8c84fa94-04c1-424b-9868-57a2d4851a1d</id></categoryId><outcome type="Microsoft.VisualStudio.TestTools.Common.TestOutcome"><value__ type="System.Int32">4</value__></outcome><errorInfo type="Microsoft.VisualStudio.TestTools.Common.TestResultErrorInfo"><message type="System.String">Assert.Inconclusive failed. Verify the correctness of this test method.</message><stackTrace type="System.String">   at BrownShoe.UnitTests.Services.Catalog.KeywordSearchTest.SearchTest()
</stackTrace></errorInfo><traceInfo type="Microsoft.VisualStudio.TestTools.Common.TestExecutionTraceInformation"><trace type="System.Text.StringBuilder">Creating instance of class BrownShoe.UnitTests.Services.Catalog.KeywordSearchTest.
Calling Test method BrownShoe.UnitTests.Services.Catalog.KeywordSearchTest.Microsoft.VisualStudio.TestTools.TestTypes.Unit.TestMethod.
</trace></traceInfo><stdout type="System.String" /><stderr type="System.String" /><debugTrace type="System.String" /><workItemIds type="System.Collections.Generic.List`1[[System.Int32, mscorlib, Version=2.0.0.0, Culture=neutral, PublicKeyToken=b77a5c561934e089]]"><_size type="System.Int32">0</_size><_version type="System.Int32">1</_version></workItemIds><id type="Microsoft.VisualStudio.TestTools.Common.TestResultId"><runId type="System.Guid">3d9a8baa-b9cb-4717-8a94-3c6445344217</runId><executionId type="Microsoft.VisualStudio.TestTools.Common.TestExecId"><id type="System.Guid">f890a3a4-a8da-4842-a407-40601723f54d</id></executionId><parentExecId type="Microsoft.VisualStudio.TestTools.Common.TestExecId"><id type="System.Guid">00000000-0000-0000-0000-000000000000</id></parentExecId><testId type="Microsoft.VisualStudio.TestTools.Common.TestId"><id type="System.Guid">15337960-7825-21f8-6997-490bcb71ab55</id></testId></id><testName type="System.String">SearchTest</testName><testType type="Microsoft.VisualStudio.TestTools.Common.TestType"><id type="System.Guid">13cdc9d9-ddb5-4fa4-a97d-d965ccfc6d4b</id></testType><messageKind type="Microsoft.VisualStudio.TestTools.Common.TestMessageKind"><value__ type="System.Int32">1</value__></messageKind><computerInfo type="Microsoft.VisualStudio.TestTools.Common.ComputerInfo"><m_computerName type="System.String">ECDATA-TFS01</m_computerName></computerInfo><duration type="System.TimeSpan">00:00:00.0013057</duration><startTime type="System.DateTime"><dateData type="System.UInt64">633673774840628156</dateData></startTime><endTime type="System.DateTime"><dateData type="System.UInt64">633673774840784416</dateData></endTime><spoolMessage type="System.Boolean">True</spoolMessage></UnitTestResult><UnitTestResult type="Microsoft.VisualStudio.TestTools.TestTypes.Unit.UnitTestResult, Microsoft.VisualStudio.QualityTools.Tips.UnitTest.ObjectModel, Version=8.0.0.0, Culture=neutral, PublicKeyToken=b03f5f7f11d50a3a"><resultType type="Microsoft.VisualStudio.TestTools.TestTypes.Unit.UnitTestResultType, Microsoft.VisualStudio.QualityTools.Tips.UnitTest.ObjectModel, Version=8.0.0.0, Culture=neutral, PublicKeyToken=b03f5f7f11d50a3a"><value__ type="System.Int32">0</value__></resultType><m_hasSufficientAccess type="System.Boolean">True</m_hasSufficientAccess><counters type="Microsoft.VisualStudio.TestTools.Common.TestResultCounter"><values type="System.Int32">0,0,0,0,0,0,0,0,0,0,0,0,0,0</values><total type="System.Int32">1</total></counters><categoryId type="Microsoft.VisualStudio.TestTools.Common.TestCategoryId"><id type="System.Guid">8c84fa94-04c1-424b-9868-57a2d4851a1d</id></categoryId><outcome type="Microsoft.VisualStudio.TestTools.Common.TestOutcome"><value__ type="System.Int32">4</value__></outcome><errorInfo type="Microsoft.VisualStudio.TestTools.Common.TestResultErrorInfo"><message type="System.String">Assert.Inconclusive failed. Verify the correctness of this test method.</message><stackTrace type="System.String">   at BrownShoe.UnitTests.Services.Catalog.SizeCrossReferenceSearchTest.GetAllSheetsTest()
</stackTrace></errorInfo><traceInfo type="Microsoft.VisualStudio.TestTools.Common.TestExecutionTraceInformation"><trace type="System.Text.StringBuilder">Creating instance of class BrownShoe.UnitTests.Services.Catalog.SizeCrossReferenceSearchTest.
Calling Test method BrownShoe.UnitTests.Services.Catalog.SizeCrossReferenceSearchTest.Microsoft.VisualStudio.TestTools.TestTypes.Unit.TestMethod.
</trace></traceInfo><stdout type="System.String" /><stderr type="System.String" /><debugTrace type="System.String" /><workItemIds type="System.Collections.Generic.List`1[[System.Int32, mscorlib, Version=2.0.0.0, Culture=neutral, PublicKeyToken=b77a5c561934e089]]"><_size type="System.Int32">0</_size><_version type="System.Int32">1</_version></workItemIds><id type="Microsoft.VisualStudio.TestTools.Common.TestResultId"><runId type="System.Guid">3d9a8baa-b9cb-4717-8a94-3c6445344217</runId><executionId type="Microsoft.VisualStudio.TestTools.Common.TestExecId"><id type="System.Guid">02ccc215-c4ac-4168-9118-14bb14fab25c</id></executionId><parentExecId type="Microsoft.VisualStudio.TestTools.Common.TestExecId"><id type="System.Guid">00000000-0000-0000-0000-000000000000</id></parentExecId><testId type="Microsoft.VisualStudio.TestTools.Common.TestId"><id type="System.Guid">2eb2a240-3e8d-f98e-783b-d90e5979ac13</id></testId></id><testName type="System.String">GetAllSheetsTest</testName><testType type="Microsoft.VisualStudio.TestTools.Common.TestType"><id type="System.Guid">13cdc9d9-ddb5-4fa4-a97d-d965ccfc6d4b</id></testType><messageKind type="Microsoft.VisualStudio.TestTools.Common.TestMessageKind"><value__ type="System.Int32">1</value__></messageKind><computerInfo type="Microsoft.VisualStudio.TestTools.Common.ComputerInfo"><m_computerName type="System.String">ECDATA-TFS01</m_computerName></computerInfo><duration type="System.TimeSpan">00:00:00.0008276</duration><startTime type="System.DateTime"><dateData type="System.UInt64">633673774840784416</dateData></startTime><endTime type="System.DateTime"><dateData type="System.UInt64">633673774840784416</dateData></endTime><spoolMessage type="System.Boolean">True</spoolMessage></UnitTestResult><UnitTestResult type="Microsoft.VisualStudio.TestTools.TestTypes.Unit.UnitTestResult, Microsoft.VisualStudio.QualityTools.Tips.UnitTest.ObjectModel, Version=8.0.0.0, Culture=neutral, PublicKeyToken=b03f5f7f11d50a3a"><resultType type="Microsoft.VisualStudio.TestTools.TestTypes.Unit.UnitTestResultType, Microsoft.VisualStudio.QualityTools.Tips.UnitTest.ObjectModel, Version=8.0.0.0, Culture=neutral, PublicKeyToken=b03f5f7f11d50a3a"><value__ type="System.Int32">0</value__></resultType><m_hasSufficientAccess type="System.Boolean">True</m_hasSufficientAccess><counters type="Microsoft.VisualStudio.TestTools.Common.TestResultCounter"><values type="System.Int32">0,0,0,0,0,0,0,0,0,0,0,0,0,0</values><total type="System.Int32">1</total></counters><categoryId type="Microsoft.VisualStudio.TestTools.Common.TestCategoryId"><id type="System.Guid">8c84fa94-04c1-424b-9868-57a2d4851a1d</id></categoryId><outcome type="Microsoft.VisualStudio.TestTools.Common.TestOutcome"><value__ type="System.Int32">4</value__></outcome><errorInfo type="Microsoft.VisualStudio.TestTools.Common.TestResultErrorInfo"><message type="System.String">Assert.Inconclusive failed. Verify the correctness of this test method.</message><stackTrace type="System.String">   at BrownShoe.UnitTests.Services.Configuration.CactusExtensionsHandlerTest.GetCustomerReviewImageFolderTest()
</stackTrace></errorInfo><traceInfo type="Microsoft.VisualStudio.TestTools.Common.TestExecutionTraceInformation"><trace type="System.Text.StringBuilder">Creating instance of class BrownShoe.UnitTests.Services.Configuration.CactusExtensionsHandlerTest.
Calling Test method BrownShoe.UnitTests.Services.Configuration.CactusExtensionsHandlerTest.Microsoft.VisualStudio.TestTools.TestTypes.Unit.TestMethod.
</trace></traceInfo><stdout type="System.String" /><stderr type="System.String" /><debugTrace type="System.String" /><workItemIds type="System.Collections.Generic.List`1[[System.Int32, mscorlib, Version=2.0.0.0, Culture=neutral, PublicKeyToken=b77a5c561934e089]]"><_size type="System.Int32">0</_size><_version type="System.Int32">1</_version></workItemIds><id type="Microsoft.VisualStudio.TestTools.Common.TestResultId"><runId type="System.Guid">3d9a8baa-b9cb-4717-8a94-3c6445344217</runId><executionId type="Microsoft.VisualStudio.TestTools.Common.TestExecId"><id type="System.Guid">01a6773e-7ce9-4a7e-9bd9-013677a22a73</id></executionId><parentExecId type="Microsoft.VisualStudio.TestTools.Common.TestExecId"><id type="System.Guid">00000000-0000-0000-0000-000000000000</id></parentExecId><testId type="Microsoft.VisualStudio.TestTools.Common.TestId"><id type="System.Guid">7e5abb03-98bf-98f3-af10-994573b4f00b</id></testId></id><testName type="System.String">GetCustomerReviewImageFolderTest</testName><testType type="Microsoft.VisualStudio.TestTools.Common.TestType"><id type="System.Guid">13cdc9d9-ddb5-4fa4-a97d-d965ccfc6d4b</id></testType><messageKind type="Microsoft.VisualStudio.TestTools.Common.TestMessageKind"><value__ type="System.Int32">1</value__></messageKind><computerInfo type="Microsoft.VisualStudio.TestTools.Common.ComputerInfo"><m_computerName type="System.String">ECDATA-TFS01</m_computerName></computerInfo><duration type="System.TimeSpan">00:00:00.0011514</duration><startTime type="System.DateTime"><dateData type="System.UInt64">633673774840784416</dateData></startTime><endTime type="System.DateTime"><dateData type="System.UInt64">633673774840940676</dateData></endTime><spoolMessage type="System.Boolean">True</spoolMessage></UnitTestResult><UnitTestResult type="Microsoft.VisualStudio.TestTools.TestTypes.Unit.UnitTestResult, Microsoft.VisualStudio.QualityTools.Tips.UnitTest.ObjectModel, Version=8.0.0.0, Culture=neutral, PublicKeyToken=b03f5f7f11d50a3a"><resultType type="Microsoft.VisualStudio.TestTools.TestTypes.Unit.UnitTestResultType, Microsoft.VisualStudio.QualityTools.Tips.UnitTest.ObjectModel, Version=8.0.0.0, Culture=neutral, PublicKeyToken=b03f5f7f11d50a3a"><value__ type="System.Int32">0</value__></resultType><m_hasSufficientAccess type="System.Boolean">True</m_hasSufficientAccess><counters type="Microsoft.VisualStudio.TestTools.Common.TestResultCounter"><values type="System.Int32">0,0,0,0,0,0,0,0,0,0,0,0,0,0</values><total type="System.Int32">1</total></counters><categoryId type="Microsoft.VisualStudio.TestTools.Common.TestCategoryId"><id type="System.Guid">8c84fa94-04c1-424b-9868-57a2d4851a1d</id></categoryId><outcome type="Microsoft.VisualStudio.TestTools.Common.TestOutcome"><value__ type="System.Int32">4</value__></outcome><errorInfo type="Microsoft.VisualStudio.TestTools.Common.TestResultErrorInfo"><message type="System.String">Assert.Inconclusive failed. Verify the correctness of this test method.</message><stackTrace type="System.String">   at BrownShoe.UnitTests.Services.Configuration.CactusExtensionsHandlerTest.GetCustomerReviewImageURLTest()
</stackTrace></errorInfo><traceInfo type="Microsoft.VisualStudio.TestTools.Common.TestExecutionTraceInformation"><trace type="System.Text.StringBuilder">Creating instance of class BrownShoe.UnitTests.Services.Configuration.CactusExtensionsHandlerTest.
Calling Test method BrownShoe.UnitTests.Services.Configuration.CactusExtensionsHandlerTest.Microsoft.VisualStudio.TestTools.TestTypes.Unit.TestMethod.
</trace></traceInfo><stdout type="System.String" /><stderr type="System.String" /><debugTrace type="System.String" /><workItemIds type="System.Collections.Generic.List`1[[System.Int32, mscorlib, Version=2.0.0.0, Culture=neutral, PublicKeyToken=b77a5c561934e089]]"><_size type="System.Int32">0</_size><_version type="System.Int32">1</_version></workItemIds><id type="Microsoft.VisualStudio.TestTools.Common.TestResultId"><runId type="System.Guid">3d9a8baa-b9cb-4717-8a94-3c6445344217</runId><executionId type="Microsoft.VisualStudio.TestTools.Common.TestExecId"><id type="System.Guid">02a340fc-8b1a-41de-98cc-cd766316a086</id></executionId><parentExecId type="Microsoft.VisualStudio.TestTools.Common.TestExecId"><id type="System.Guid">00000000-0000-0000-0000-000000000000</id></parentExecId><testId type="Microsoft.VisualStudio.TestTools.Common.TestId"><id type="System.Guid">e7ed4c36-f66c-4b8e-53f7-2a5d1b94ec2f</id></testId></id><testName type="System.String">GetCustomerReviewImageURLTest</testName><testType type="Microsoft.VisualStudio.TestTools.Common.TestType"><id type="System.Guid">13cdc9d9-ddb5-4fa4-a97d-d965ccfc6d4b</id></testType><messageKind type="Microsoft.VisualStudio.TestTools.Common.TestMessageKind"><value__ type="System.Int32">1</value__></messageKind><computerInfo type="Microsoft.VisualStudio.TestTools.Common.ComputerInfo"><m_computerName type="System.String">ECDATA-TFS01</m_computerName></computerInfo><duration type="System.TimeSpan">00:00:00.0006199</duration><startTime type="System.DateTime"><dateData type="System.UInt64">633673774840940676</dateData></startTime><endTime type="System.DateTime"><dateData type="System.UInt64">633673774840940676</dateData></endTime><spoolMessage type="System.Boolean">True</spoolMessage></UnitTestResult><UnitTestResult type="Microsoft.VisualStudio.TestTools.TestTypes.Unit.UnitTestResult, Microsoft.VisualStudio.QualityTools.Tips.UnitTest.ObjectModel, Version=8.0.0.0, Culture=neutral, PublicKeyToken=b03f5f7f11d50a3a"><resultType type="Microsoft.VisualStudio.TestTools.TestTypes.Unit.UnitTestResultType, Microsoft.VisualStudio.QualityTools.Tips.UnitTest.ObjectModel, Version=8.0.0.0, Culture=neutral, PublicKeyToken=b03f5f7f11d50a3a"><value__ type="System.Int32">0</value__></resultType><m_hasSufficientAccess type="System.Boolean">True</m_hasSufficientAccess><counters type="Microsoft.VisualStudio.TestTools.Common.TestResultCounter"><values type="System.Int32">0,0,0,0,0,0,0,0,0,0,0,0,0,0</values><total type="System.Int32">1</total></counters><categoryId type="Microsoft.VisualStudio.TestTools.Common.TestCategoryId"><id type="System.Guid">8c84fa94-04c1-424b-9868-57a2d4851a1d</id></categoryId><outcome type="Microsoft.VisualStudio.TestTools.Common.TestOutcome"><value__ type="System.Int32">4</value__></outcome><errorInfo type="Microsoft.VisualStudio.TestTools.Common.TestResultErrorInfo"><message type="System.String">Assert.Inconclusive failed. Verify the correctness of this test method.</message><stackTrace type="System.String">   at BrownShoe.UnitTests.Services.Configuration.CactusExtensionsHandlerTest.MaxItemsPerPageTest()
</stackTrace></errorInfo><traceInfo type="Microsoft.VisualStudio.TestTools.Common.TestExecutionTraceInformation"><trace type="System.Text.StringBuilder">Creating instance of class BrownShoe.UnitTests.Services.Configuration.CactusExtensionsHandlerTest.
Calling Test method BrownShoe.UnitTests.Services.Configuration.CactusExtensionsHandlerTest.Microsoft.VisualStudio.TestTools.TestTypes.Unit.TestMethod.
</trace></traceInfo><stdout type="System.String" /><stderr type="System.String" /><debugTrace type="System.String" /><workItemIds type="System.Collections.Generic.List`1[[System.Int32, mscorlib, Version=2.0.0.0, Culture=neutral, PublicKeyToken=b77a5c561934e089]]"><_size type="System.Int32">0</_size><_version type="System.Int32">1</_version></workItemIds><id type="Microsoft.VisualStudio.TestTools.Common.TestResultId"><runId type="System.Guid">3d9a8baa-b9cb-4717-8a94-3c6445344217</runId><executionId type="Microsoft.VisualStudio.TestTools.Common.TestExecId"><id type="System.Guid">01414823-367d-4ab9-8608-6fb1a8cf032d</id></executionId><parentExecId type="Microsoft.VisualStudio.TestTools.Common.TestExecId"><id type="System.Guid">00000000-0000-0000-0000-000000000000</id></parentExecId><testId type="Microsoft.VisualStudio.TestTools.Common.TestId"><id type="System.Guid">3312ba65-5355-4e0e-1d37-1593721005ab</id></testId></id><testName type="System.String">MaxItemsPerPageTest</testName><testType type="Microsoft.VisualStudio.TestTools.Common.TestType"><id type="System.Guid">13cdc9d9-ddb5-4fa4-a97d-d965ccfc6d4b</id></testType><messageKind type="Microsoft.VisualStudio.TestTools.Common.TestMessageKind"><value__ type="System.Int32">1</value__></messageKind><computerInfo type="Microsoft.VisualStudio.TestTools.Common.ComputerInfo"><m_computerName type="System.String">ECDATA-TFS01</m_computerName></computerInfo><duration type="System.TimeSpan">00:00:00.0010476</duration><startTime type="System.DateTime"><dateData type="System.UInt64">633673774840940676</dateData></startTime><endTime type="System.DateTime"><dateData type="System.UInt64">633673774840940676</dateData></endTime><spoolMessage type="System.Boolean">True</spoolMessage></UnitTestResult><UnitTestResult type="Microsoft.VisualStudio.TestTools.TestTypes.Unit.UnitTestResult, Microsoft.VisualStudio.QualityTools.Tips.UnitTest.ObjectModel, Version=8.0.0.0, Culture=neutral, PublicKeyToken=b03f5f7f11d50a3a"><resultType type="Microsoft.VisualStudio.TestTools.TestTypes.Unit.UnitTestResultType, Microsoft.VisualStudio.QualityTools.Tips.UnitTest.ObjectModel, Version=8.0.0.0, Culture=neutral, PublicKeyToken=b03f5f7f11d50a3a"><value__ type="System.Int32">0</value__></resultType><m_hasSufficientAccess type="System.Boolean">True</m_hasSufficientAccess><counters type="Microsoft.VisualStudio.TestTools.Common.TestResultCounter"><values type="System.Int32">0,0,0,0,0,0,0,0,0,0,0,0,0,0</values><total type="System.Int32">1</total></counters><categoryId type="Microsoft.VisualStudio.TestTools.Common.TestCategoryId"><id type="System.Guid">8c84fa94-04c1-424b-9868-57a2d4851a1d</id></categoryId><outcome type="Microsoft.VisualStudio.TestTools.Common.TestOutcome"><value__ type="System.Int32">4</value__></outcome><errorInfo type="Microsoft.VisualStudio.TestTools.Common.TestResultErrorInfo"><message type="System.String">Assert.Inconclusive failed. Verify the correctness of this test method</message><stackTrace type="System.String">   at BrownShoe.UnitTests.Services.ContentManagement.CMServiceTest.AddContentPageTest()
</stackTrace></errorInfo><traceInfo type="Microsoft.VisualStudio.TestTools.Common.TestExecutionTraceInformation"><trace type="System.Text.StringBuilder">Creating instance of class BrownShoe.UnitTests.Services.ContentManagement.CMServiceTest.
Calling Test method BrownShoe.UnitTests.Services.ContentManagement.CMServiceTest.Microsoft.VisualStudio.TestTools.TestTypes.Unit.TestMethod.
</trace></traceInfo><stdout type="System.String" /><stderr type="System.String" /><debugTrace type="System.String" /><workItemIds type="System.Collections.Generic.List`1[[System.Int32, mscorlib, Version=2.0.0.0, Culture=neutral, PublicKeyToken=b77a5c561934e089]]"><_size type="System.Int32">0</_size><_version type="System.Int32">1</_version></workItemIds><id type="Microsoft.VisualStudio.TestTools.Common.TestResultId"><runId type="System.Guid">3d9a8baa-b9cb-4717-8a94-3c6445344217</runId><executionId type="Microsoft.VisualStudio.TestTools.Common.TestExecId"><id type="System.Guid">c03bda5b-3f91-44a1-8f70-88ca4b24816e</id></executionId><parentExecId type="Microsoft.VisualStudio.TestTools.Common.TestExecId"><id type="System.Guid">00000000-0000-0000-0000-000000000000</id></parentExecId><testId type="Microsoft.VisualStudio.TestTools.Common.TestId"><id type="System.Guid">3ab55965-9db6-5cb7-09d6-a3891a808343</id></testId></id><testName type="System.String">AddContentPageTest</testName><testType type="Microsoft.VisualStudio.TestTools.Common.TestType"><id type="System.Guid">13cdc9d9-ddb5-4fa4-a97d-d965ccfc6d4b</id></testType><messageKind type="Microsoft.VisualStudio.TestTools.Common.TestMessageKind"><value__ type="System.Int32">1</value__></messageKind><computerInfo type="Microsoft.VisualStudio.TestTools.Common.ComputerInfo"><m_computerName type="System.String">ECDATA-TFS01</m_computerName></computerInfo><duration type="System.TimeSpan">00:00:00.0009911</duration><startTime type="System.DateTime"><dateData type="System.UInt64">633673774840940676</dateData></startTime><endTime type="System.DateTime"><dateData type="System.UInt64">633673774841096936</dateData></endTime><spoolMessage type="System.Boolean">True</spoolMessage></UnitTestResult><UnitTestResult type="Microsoft.VisualStudio.TestTools.TestTypes.Unit.UnitTestResult, Microsoft.VisualStudio.QualityTools.Tips.UnitTest.ObjectModel, Version=8.0.0.0, Culture=neutral, PublicKeyToken=b03f5f7f11d50a3a"><resultType type="Microsoft.VisualStudio.TestTools.TestTypes.Unit.UnitTestResultType, Microsoft.VisualStudio.QualityTools.Tips.UnitTest.ObjectModel, Version=8.0.0.0, Culture=neutral, PublicKeyToken=b03f5f7f11d50a3a"><value__ type="System.Int32">0</value__></resultType><m_hasSufficientAccess type="System.Boolean">True</m_hasSufficientAccess><counters type="Microsoft.VisualStudio.TestTools.Common.TestResultCounter"><values type="System.Int32">0,0,0,0,0,0,0,0,0,0,0,0,0,0</values><total type="System.Int32">1</total></counters><categoryId type="Microsoft.VisualStudio.TestTools.Common.TestCategoryId"><id type="System.Guid">8c84fa94-04c1-424b-9868-57a2d4851a1d</id></categoryId><outcome type="Microsoft.VisualStudio.TestTools.Common.TestOutcome"><value__ type="System.Int32">4</value__></outcome><errorInfo type="Microsoft.VisualStudio.TestTools.Common.TestResultErrorInfo"><message type="System.String">Assert.Inconclusive failed. Verify the correctness of this test method</message><stackTrace type="System.String">   at BrownShoe.UnitTests.Services.ContentManagement.CMServiceTest.AddContentVersionTest()
</stackTrace></errorInfo><traceInfo type="Microsoft.VisualStudio.TestTools.Common.TestExecutionTraceInformation"><trace type="System.Text.StringBuilder">Creating instance of class BrownShoe.UnitTests.Services.ContentManagement.CMServiceTest.
Calling Test method BrownShoe.UnitTests.Services.ContentManagement.CMServiceTest.Microsoft.VisualStudio.TestTools.TestTypes.Unit.TestMethod.
</trace></traceInfo><stdout type="System.String" /><stderr type="System.String" /><debugTrace type="System.String" /><workItemIds type="System.Collections.Generic.List`1[[System.Int32, mscorlib, Version=2.0.0.0, Culture=neutral, PublicKeyToken=b77a5c561934e089]]"><_size type="System.Int32">0</_size><_version type="System.Int32">1</_version></workItemIds><id type="Microsoft.VisualStudio.TestTools.Common.TestResultId"><runId type="System.Guid">3d9a8baa-b9cb-4717-8a94-3c6445344217</runId><executionId type="Microsoft.VisualStudio.TestTools.Common.TestExecId"><id type="System.Guid">33916f42-f755-4ffe-8f7f-cd7455bc3742</id></executionId><parentExecId type="Microsoft.VisualStudio.TestTools.Common.TestExecId"><id type="System.Guid">00000000-0000-0000-0000-000000000000</id></parentExecId><testId type="Microsoft.VisualStudio.TestTools.Common.TestId"><id type="System.Guid">34d61fcf-1a77-f51a-b24b-fe2e73941feb</id></testId></id><testName type="System.String">AddContentVersionTest</testName><testType type="Microsoft.VisualStudio.TestTools.Common.TestType"><id type="System.Guid">13cdc9d9-ddb5-4fa4-a97d-d965ccfc6d4b</id></testType><messageKind type="Microsoft.VisualStudio.TestTools.Common.TestMessageKind"><value__ type="System.Int32">1</value__></messageKind><computerInfo type="Microsoft.VisualStudio.TestTools.Common.ComputerInfo"><m_computerName type="System.String">ECDATA-TFS01</m_computerName></computerInfo><duration type="System.TimeSpan">00:00:00.0012382</duration><startTime type="System.DateTime"><dateData type="System.UInt64">633673774841096936</dateData></startTime><endTime type="System.DateTime"><dateData type="System.UInt64">633673774841096936</dateData></endTime><spoolMessage type="System.Boolean">True</spoolMessage></UnitTestResult><UnitTestResult type="Microsoft.VisualStudio.TestTools.TestTypes.Unit.UnitTestResult, Microsoft.VisualStudio.QualityTools.Tips.UnitTest.ObjectModel, Version=8.0.0.0, Culture=neutral, PublicKeyToken=b03f5f7f11d50a3a"><resultType type="Microsoft.VisualStudio.TestTools.TestTypes.Unit.UnitTestResultType, Microsoft.VisualStudio.QualityTools.Tips.UnitTest.ObjectModel, Version=8.0.0.0, Culture=neutral, PublicKeyToken=b03f5f7f11d50a3a"><value__ type="System.Int32">0</value__></resultType><m_hasSufficientAccess type="System.Boolean">True</m_hasSufficientAccess><counters type="Microsoft.VisualStudio.TestTools.Common.TestResultCounter"><values type="System.Int32">0,0,0,0,0,0,0,0,0,0,0,0,0,0</values><total type="System.Int32">1</total></counters><categoryId type="Microsoft.VisualStudio.TestTools.Common.TestCategoryId"><id type="System.Guid">8c84fa94-04c1-424b-9868-57a2d4851a1d</id></categoryId><outcome type="Microsoft.VisualStudio.TestTools.Common.TestOutcome"><value__ type="System.Int32">4</value__></outcome><errorInfo type="Microsoft.VisualStudio.TestTools.Common.TestResultErrorInfo"><message type="System.String">Assert.Inconclusive failed. Verify the correctness of this test method</message><stackTrace type="System.String">   at BrownShoe.UnitTests.Services.ContentManagement.CMServiceTest.DeleteContentVersionTest()
</stackTrace></errorInfo><traceInfo type="Microsoft.VisualStudio.TestTools.Common.TestExecutionTraceInformation"><trace type="System.Text.StringBuilder">Creating instance of class BrownShoe.UnitTests.Services.ContentManagement.CMServiceTest.
Calling Test method BrownShoe.UnitTests.Services.ContentManagement.CMServiceTest.Microsoft.VisualStudio.TestTools.TestTypes.Unit.TestMethod.
</trace></traceInfo><stdout type="System.String" /><stderr type="System.String" /><debugTrace type="System.String" /><workItemIds type="System.Collections.Generic.List`1[[System.Int32, mscorlib, Version=2.0.0.0, Culture=neutral, PublicKeyToken=b77a5c561934e089]]"><_size type="System.Int32">0</_size><_version type="System.Int32">1</_version></workItemIds><id type="Microsoft.VisualStudio.TestTools.Common.TestResultId"><runId type="System.Guid">3d9a8baa-b9cb-4717-8a94-3c6445344217</runId><executionId type="Microsoft.VisualStudio.TestTools.Common.TestExecId"><id type="System.Guid">ee8a5e0f-7864-4e3e-b9ee-796f0c2d4bbc</id></executionId><parentExecId type="Microsoft.VisualStudio.TestTools.Common.TestExecId"><id type="System.Guid">00000000-0000-0000-0000-000000000000</id></parentExecId><testId type="Microsoft.VisualStudio.TestTools.Common.TestId"><id type="System.Guid">55bc5f46-9681-1f3b-2ab7-9a1ea4009c80</id></testId></id><testName type="System.String">DeleteContentVersionTest</testName><testType type="Microsoft.VisualStudio.TestTools.Common.TestType"><id type="System.Guid">13cdc9d9-ddb5-4fa4-a97d-d965ccfc6d4b</id></testType><messageKind type="Microsoft.VisualStudio.TestTools.Common.TestMessageKind"><value__ type="System.Int32">1</value__></messageKind><computerInfo type="Microsoft.VisualStudio.TestTools.Common.ComputerInfo"><m_computerName type="System.String">ECDATA-TFS01</m_computerName></computerInfo><duration type="System.TimeSpan">00:00:00.0006055</duration><startTime type="System.DateTime"><dateData type="System.UInt64">633673774841096936</dateData></startTime><endTime type="System.DateTime"><dateData type="System.UInt64">633673774841253196</dateData></endTime><spoolMessage type="System.Boolean">True</spoolMessage></UnitTestResult><UnitTestResult type="Microsoft.VisualStudio.TestTools.TestTypes.Unit.UnitTestResult, Microsoft.VisualStudio.QualityTools.Tips.UnitTest.ObjectModel, Version=8.0.0.0, Culture=neutral, PublicKeyToken=b03f5f7f11d50a3a"><resultType type="Microsoft.VisualStudio.TestTools.TestTypes.Unit.UnitTestResultType, Microsoft.VisualStudio.QualityTools.Tips.UnitTest.ObjectModel, Version=8.0.0.0, Culture=neutral, PublicKeyToken=b03f5f7f11d50a3a"><value__ type="System.Int32">0</value__></resultType><m_hasSufficientAccess type="System.Boolean">True</m_hasSufficientAccess><counters type="Microsoft.VisualStudio.TestTools.Common.TestResultCounter"><values type="System.Int32">0,0,0,0,0,0,0,0,0,0,0,0,0,0</values><total type="System.Int32">1</total></counters><categoryId type="Microsoft.VisualStudio.TestTools.Common.TestCategoryId"><id type="System.Guid">8c84fa94-04c1-424b-9868-57a2d4851a1d</id></categoryId><outcome type="Microsoft.VisualStudio.TestTools.Common.TestOutcome"><value__ type="System.Int32">4</value__></outcome><errorInfo type="Microsoft.VisualStudio.TestTools.Common.TestResultErrorInfo"><message type="System.String">Assert.Inconclusive failed. Verify the correctness of this test method</message><stackTrace type="System.String">   at BrownShoe.UnitTests.Services.ContentManagement.CMServiceTest.FindContentPagesTest()
</stackTrace></errorInfo><traceInfo type="Microsoft.VisualStudio.TestTools.Common.TestExecutionTraceInformation"><trace type="System.Text.StringBuilder">Creating instance of class BrownShoe.UnitTests.Services.ContentManagement.CMServiceTest.
Calling Test method BrownShoe.UnitTests.Services.ContentManagement.CMServiceTest.Microsoft.VisualStudio.TestTools.TestTypes.Unit.TestMethod.
</trace></traceInfo><stdout type="System.String" /><stderr type="System.String" /><debugTrace type="System.String" /><workItemIds type="System.Collections.Generic.List`1[[System.Int32, mscorlib, Version=2.0.0.0, Culture=neutral, PublicKeyToken=b77a5c561934e089]]"><_size type="System.Int32">0</_size><_version type="System.Int32">1</_version></workItemIds><id type="Microsoft.VisualStudio.TestTools.Common.TestResultId"><runId type="System.Guid">3d9a8baa-b9cb-4717-8a94-3c6445344217</runId><executionId type="Microsoft.VisualStudio.TestTools.Common.TestExecId"><id type="System.Guid">1a0ce48e-f7cc-4f57-9c09-6c51377a9771</id></executionId><parentExecId type="Microsoft.VisualStudio.TestTools.Common.TestExecId"><id type="System.Guid">00000000-0000-0000-0000-000000000000</id></parentExecId><testId type="Microsoft.VisualStudio.TestTools.Common.TestId"><id type="System.Guid">75ce7ae8-e49c-a37c-80bc-ddce749d058a</id></testId></id><testName type="System.String">FindContentPagesTest</testName><testType type="Microsoft.VisualStudio.TestTools.Common.TestType"><id type="System.Guid">13cdc9d9-ddb5-4fa4-a97d-d965ccfc6d4b</id></testType><messageKind type="Microsoft.VisualStudio.TestTools.Common.TestMessageKind"><value__ type="System.Int32">1</value__></messageKind><computerInfo type="Microsoft.VisualStudio.TestTools.Common.ComputerInfo"><m_computerName type="System.String">ECDATA-TFS01</m_computerName></computerInfo><duration type="System.TimeSpan">00:00:00.0005447</duration><startTime type="System.DateTime"><dateData type="System.UInt64">633673774841253196</dateData></startTime><endTime type="System.DateTime"><dateData type="System.UInt64">633673774841409456</dateData></endTime><spoolMessage type="System.Boolean">True</spoolMessage></UnitTestResult><UnitTestResult type="Microsoft.VisualStudio.TestTools.TestTypes.Unit.UnitTestResult, Microsoft.VisualStudio.QualityTools.Tips.UnitTest.ObjectModel, Version=8.0.0.0, Culture=neutral, PublicKeyToken=b03f5f7f11d50a3a"><resultType type="Microsoft.VisualStudio.TestTools.TestTypes.Unit.UnitTestResultType, Microsoft.VisualStudio.QualityTools.Tips.UnitTest.ObjectModel, Version=8.0.0.0, Culture=neutral, PublicKeyToken=b03f5f7f11d50a3a"><value__ type="System.Int32">0</value__></resultType><m_hasSufficientAccess type="System.Boolean">True</m_hasSufficientAccess><counters type="Microsoft.VisualStudio.TestTools.Common.TestResultCounter"><values type="System.Int32">0,0,0,0,0,0,0,0,0,0,0,0,0,0</values><total type="System.Int32">1</total></counters><categoryId type="Microsoft.VisualStudio.TestTools.Common.TestCategoryId"><id type="System.Guid">8c84fa94-04c1-424b-9868-57a2d4851a1d</id></categoryId><outcome type="Microsoft.VisualStudio.TestTools.Common.TestOutcome"><value__ type="System.Int32">4</value__></outcome><errorInfo type="Microsoft.VisualStudio.TestTools.Common.TestResultErrorInfo"><message type="System.String">Assert.Inconclusive failed. Verify the correctness of this test method</message><stackTrace type="System.String">   at BrownShoe.UnitTests.Services.ContentManagement.CMServiceTest.GetContentPagesTest()
</stackTrace></errorInfo><traceInfo type="Microsoft.VisualStudio.TestTools.Common.TestExecutionTraceInformation"><trace type="System.Text.StringBuilder">Creating instance of class BrownShoe.UnitTests.Services.ContentManagement.CMServiceTest.
Calling Test method BrownShoe.UnitTests.Services.ContentManagement.CMServiceTest.Microsoft.VisualStudio.TestTools.TestTypes.Unit.TestMethod.
</trace></traceInfo><stdout type="System.String" /><stderr type="System.String" /><debugTrace type="System.String" /><workItemIds type="System.Collections.Generic.List`1[[System.Int32, mscorlib, Version=2.0.0.0, Culture=neutral, PublicKeyToken=b77a5c561934e089]]"><_size type="System.Int32">0</_size><_version type="System.Int32">1</_version></workItemIds><id type="Microsoft.VisualStudio.TestTools.Common.TestResultId"><runId type="System.Guid">3d9a8baa-b9cb-4717-8a94-3c6445344217</runId><executionId type="Microsoft.VisualStudio.TestTools.Common.TestExecId"><id type="System.Guid">672c1827-3240-4176-b737-02803225719a</id></executionId><parentExecId type="Microsoft.VisualStudio.TestTools.Common.TestExecId"><id type="System.Guid">00000000-0000-0000-0000-000000000000</id></parentExecId><testId type="Microsoft.VisualStudio.TestTools.Common.TestId"><id type="System.Guid">2861ea0b-2060-4fd4-84f9-cd7eb0b7a98a</id></testId></id><testName type="System.String">GetContentPagesTest</testName><testType type="Microsoft.VisualStudio.TestTools.Common.TestType"><id type="System.Guid">13cdc9d9-ddb5-4fa4-a97d-d965ccfc6d4b</id></testType><messageKind type="Microsoft.VisualStudio.TestTools.Common.TestMessageKind"><value__ type="System.Int32">1</value__></messageKind><computerInfo type="Microsoft.VisualStudio.TestTools.Common.ComputerInfo"><m_computerName type="System.String">ECDATA-TFS01</m_computerName></computerInfo><duration type="System.TimeSpan">00:00:00.0007920</duration><startTime type="System.DateTime"><dateData type="System.UInt64">633673774841409456</dateData></startTime><endTime type="System.DateTime"><dateData type="System.UInt64">633673774841409456</dateData></endTime><spoolMessage type="System.Boolean">True</spoolMessage></UnitTestResult><UnitTestResult type="Microsoft.VisualStudio.TestTools.TestTypes.Unit.UnitTestResult, Microsoft.VisualStudio.QualityTools.Tips.UnitTest.ObjectModel, Version=8.0.0.0, Culture=neutral, PublicKeyToken=b03f5f7f11d50a3a"><resultType type="Microsoft.VisualStudio.TestTools.TestTypes.Unit.UnitTestResultType, Microsoft.VisualStudio.QualityTools.Tips.UnitTest.ObjectModel, Version=8.0.0.0, Culture=neutral, PublicKeyToken=b03f5f7f11d50a3a"><value__ type="System.Int32">0</value__></resultType><m_hasSufficientAccess type="System.Boolean">True</m_hasSufficientAccess><counters type="Microsoft.VisualStudio.TestTools.Common.TestResultCounter"><values type="System.Int32">0,0,0,0,0,0,0,0,0,0,0,0,0,0</values><total type="System.Int32">1</total></counters><categoryId type="Microsoft.VisualStudio.TestTools.Common.TestCategoryId"><id type="System.Guid">8c84fa94-04c1-424b-9868-57a2d4851a1d</id></categoryId><outcome type="Microsoft.VisualStudio.TestTools.Common.TestOutcome"><value__ type="System.Int32">4</value__></outcome><errorInfo type="Microsoft.VisualStudio.TestTools.Common.TestResultErrorInfo"><message type="System.String">Assert.Inconclusive failed. Verify the correctness of this test method</message><stackTrace type="System.String">   at BrownShoe.UnitTests.Services.ContentManagement.CMServiceTest.GetContentPageTest()
</stackTrace></errorInfo><traceInfo type="Microsoft.VisualStudio.TestTools.Common.TestExecutionTraceInformation"><trace type="System.Text.StringBuilder">Creating instance of class BrownShoe.UnitTests.Services.ContentManagement.CMServiceTest.
Calling Test method BrownShoe.UnitTests.Services.ContentManagement.CMServiceTest.Microsoft.VisualStudio.TestTools.TestTypes.Unit.TestMethod.
</trace></traceInfo><stdout type="System.String" /><stderr type="System.String" /><debugTrace type="System.String" /><workItemIds type="System.Collections.Generic.List`1[[System.Int32, mscorlib, Version=2.0.0.0, Culture=neutral, PublicKeyToken=b77a5c561934e089]]"><_size type="System.Int32">0</_size><_version type="System.Int32">1</_version></workItemIds><id type="Microsoft.VisualStudio.TestTools.Common.TestResultId"><runId type="System.Guid">3d9a8baa-b9cb-4717-8a94-3c6445344217</runId><executionId type="Microsoft.VisualStudio.TestTools.Common.TestExecId"><id type="System.Guid">3ac75b0f-cb48-4f2d-ad74-f1ae889ba559</id></executionId><parentExecId type="Microsoft.VisualStudio.TestTools.Common.TestExecId"><id type="System.Guid">00000000-0000-0000-0000-000000000000</id></parentExecId><testId type="Microsoft.VisualStudio.TestTools.Common.TestId"><id type="System.Guid">59c30192-8ed1-0ed5-f658-2191b8edf611</id></testId></id><testName type="System.String">GetContentPageTest</testName><testType type="Microsoft.VisualStudio.TestTools.Common.TestType"><id type="System.Guid">13cdc9d9-ddb5-4fa4-a97d-d965ccfc6d4b</id></testType><messageKind type="Microsoft.VisualStudio.TestTools.Common.TestMessageKind"><value__ type="System.Int32">1</value__></messageKind><computerInfo type="Microsoft.VisualStudio.TestTools.Common.ComputerInfo"><m_computerName type="System.String">ECDATA-TFS01</m_computerName></computerInfo><duration type="System.TimeSpan">00:00:00.0009165</duration><startTime type="System.DateTime"><dateData type="System.UInt64">633673774841409456</dateData></startTime><endTime type="System.DateTime"><dateData type="System.UInt64">633673774841409456</dateData></endTime><spoolMessage type="System.Boolean">True</spoolMessage></UnitTestResult><UnitTestResult type="Microsoft.VisualStudio.TestTools.TestTypes.Unit.UnitTestResult, Microsoft.VisualStudio.QualityTools.Tips.UnitTest.ObjectModel, Version=8.0.0.0, Culture=neutral, PublicKeyToken=b03f5f7f11d50a3a"><resultType type="Microsoft.VisualStudio.TestTools.TestTypes.Unit.UnitTestResultType, Microsoft.VisualStudio.QualityTools.Tips.UnitTest.ObjectModel, Version=8.0.0.0, Culture=neutral, PublicKeyToken=b03f5f7f11d50a3a"><value__ type="System.Int32">0</value__></resultType><m_hasSufficientAccess type="System.Boolean">True</m_hasSufficientAccess><counters type="Microsoft.VisualStudio.TestTools.Common.TestResultCounter"><values type="System.Int32">0,0,0,0,0,0,0,0,0,0,0,0,0,0</values><total type="System.Int32">1</total></counters><categoryId type="Microsoft.VisualStudio.TestTools.Common.TestCategoryId"><id type="System.Guid">8c84fa94-04c1-424b-9868-57a2d4851a1d</id></categoryId><outcome type="Microsoft.VisualStudio.TestTools.Common.TestOutcome"><value__ type="System.Int32">4</value__></outcome><errorInfo type="Microsoft.VisualStudio.TestTools.Common.TestResultErrorInfo"><message type="System.String">Assert.Inconclusive failed. Verify the correctness of this test method</message><stackTrace type="System.String">   at BrownShoe.UnitTests.Services.ContentManagement.CMServiceTest.GetContentTest()
</stackTrace></errorInfo><traceInfo type="Microsoft.VisualStudio.TestTools.Common.TestExecutionTraceInformation"><trace type="System.Text.StringBuilder">Creating instance of class BrownShoe.UnitTests.Services.ContentManagement.CMServiceTest.
Calling Test method BrownShoe.UnitTests.Services.ContentManagement.CMServiceTest.Microsoft.VisualStudio.TestTools.TestTypes.Unit.TestMethod.
</trace></traceInfo><stdout type="System.String" /><stderr type="System.String" /><debugTrace type="System.String" /><workItemIds type="System.Collections.Generic.List`1[[System.Int32, mscorlib, Version=2.0.0.0, Culture=neutral, PublicKeyToken=b77a5c561934e089]]"><_size type="System.Int32">0</_size><_version type="System.Int32">1</_version></workItemIds><id type="Microsoft.VisualStudio.TestTools.Common.TestResultId"><runId type="System.Guid">3d9a8baa-b9cb-4717-8a94-3c6445344217</runId><executionId type="Microsoft.VisualStudio.TestTools.Common.TestExecId"><id type="System.Guid">77d899c8-951e-4cb3-8ae0-2b06e4d0a464</id></executionId><parentExecId type="Microsoft.VisualStudio.TestTools.Common.TestExecId"><id type="System.Guid">00000000-0000-0000-0000-000000000000</id></parentExecId><testId type="Microsoft.VisualStudio.TestTools.Common.TestId"><id type="System.Guid">039a39f6-2da3-e8e8-ad74-00e505090449</id></testId></id><testName type="System.String">GetContentTest</testName><testType type="Microsoft.VisualStudio.TestTools.Common.TestType"><id type="System.Guid">13cdc9d9-ddb5-4fa4-a97d-d965ccfc6d4b</id></testType><messageKind type="Microsoft.VisualStudio.TestTools.Common.TestMessageKind"><value__ type="System.Int32">1</value__></messageKind><computerInfo type="Microsoft.VisualStudio.TestTools.Common.ComputerInfo"><m_computerName type="System.String">ECDATA-TFS01</m_computerName></computerInfo><duration type="System.TimeSpan">00:00:00.0007451</duration><startTime type="System.DateTime"><dateData type="System.UInt64">633673774841409456</dateData></startTime><endTime type="System.DateTime"><dateData type="System.UInt64">633673774841565716</dateData></endTime><spoolMessage type="System.Boolean">True</spoolMessage></UnitTestResult><UnitTestResult type="Microsoft.VisualStudio.TestTools.TestTypes.Unit.UnitTestResult, Microsoft.VisualStudio.QualityTools.Tips.UnitTest.ObjectModel, Version=8.0.0.0, Culture=neutral, PublicKeyToken=b03f5f7f11d50a3a"><resultType type="Microsoft.VisualStudio.TestTools.TestTypes.Unit.UnitTestResultType, Microsoft.VisualStudio.QualityTools.Tips.UnitTest.ObjectModel, Version=8.0.0.0, Culture=neutral, PublicKeyToken=b03f5f7f11d50a3a"><value__ type="System.Int32">0</value__></resultType><m_hasSufficientAccess type="System.Boolean">True</m_hasSufficientAccess><counters type="Microsoft.VisualStudio.TestTools.Common.TestResultCounter"><values type="System.Int32">0,0,0,0,0,0,0,0,0,0,0,0,0,0</values><total type="System.Int32">1</total></counters><categoryId type="Microsoft.VisualStudio.TestTools.Common.TestCategoryId"><id type="System.Guid">8c84fa94-04c1-424b-9868-57a2d4851a1d</id></categoryId><outcome type="Microsoft.VisualStudio.TestTools.Common.TestOutcome"><value__ type="System.Int32">4</value__></outcome><errorInfo type="Microsoft.VisualStudio.TestTools.Common.TestResultErrorInfo"><message type="System.String">Assert.Inconclusive failed. Verify the correctness of this test method</message><stackTrace type="System.String">   at BrownShoe.UnitTests.Services.ContentManagement.CMServiceTest.GetContentVersionsTest()
</stackTrace></errorInfo><traceInfo type="Microsoft.VisualStudio.TestTools.Common.TestExecutionTraceInformation"><trace type="System.Text.StringBuilder">Creating instance of class BrownShoe.UnitTests.Services.ContentManagement.CMServiceTest.
Calling Test method BrownShoe.UnitTests.Services.ContentManagement.CMServiceTest.Microsoft.VisualStudio.TestTools.TestTypes.Unit.TestMethod.
</trace></traceInfo><stdout type="System.String" /><stderr type="System.String" /><debugTrace type="System.String" /><workItemIds type="System.Collections.Generic.List`1[[System.Int32, mscorlib, Version=2.0.0.0, Culture=neutral, PublicKeyToken=b77a5c561934e089]]"><_size type="System.Int32">0</_size><_version type="System.Int32">1</_version></workItemIds><id type="Microsoft.VisualStudio.TestTools.Common.TestResultId"><runId type="System.Guid">3d9a8baa-b9cb-4717-8a94-3c6445344217</runId><executionId type="Microsoft.VisualStudio.TestTools.Common.TestExecId"><id type="System.Guid">e55da787-a830-4caf-a010-aa0161bc4f73</id></executionId><parentExecId type="Microsoft.VisualStudio.TestTools.Common.TestExecId"><id type="System.Guid">00000000-0000-0000-0000-000000000000</id></parentExecId><testId type="Microsoft.VisualStudio.TestTools.Common.TestId"><id type="System.Guid">3c81a04e-97a4-758c-0af5-48e342f567ed</id></testId></id><testName type="System.String">GetContentVersionsTest</testName><testType type="Microsoft.VisualStudio.TestTools.Common.TestType"><id type="System.Guid">13cdc9d9-ddb5-4fa4-a97d-d965ccfc6d4b</id></testType><messageKind type="Microsoft.VisualStudio.TestTools.Common.TestMessageKind"><value__ type="System.Int32">1</value__></messageKind><computerInfo type="Microsoft.VisualStudio.TestTools.Common.ComputerInfo"><m_computerName type="System.String">ECDATA-TFS01</m_computerName></computerInfo><duration type="System.TimeSpan">00:00:00.0006143</duration><startTime type="System.DateTime"><dateData type="System.UInt64">633673774841565716</dateData></startTime><endTime type="System.DateTime"><dateData type="System.UInt64">633673774841565716</dateData></endTime><spoolMessage type="System.Boolean">True</spoolMessage></UnitTestResult><UnitTestResult type="Microsoft.VisualStudio.TestTools.TestTypes.Unit.UnitTestResult, Microsoft.VisualStudio.QualityTools.Tips.UnitTest.ObjectModel, Version=8.0.0.0, Culture=neutral, PublicKeyToken=b03f5f7f11d50a3a"><resultType type="Microsoft.VisualStudio.TestTools.TestTypes.Unit.UnitTestResultType, Microsoft.VisualStudio.QualityTools.Tips.UnitTest.ObjectModel, Version=8.0.0.0, Culture=neutral, PublicKeyToken=b03f5f7f11d50a3a"><value__ type="System.Int32">0</value__></resultType><m_hasSufficientAccess type="System.Boolean">True</m_hasSufficientAccess><counters type="Microsoft.VisualStudio.TestTools.Common.TestResultCounter"><values type="System.Int32">0,0,0,0,0,0,0,0,0,0,0,0,0,0</values><total type="System.Int32">1</total></counters><categoryId type="Microsoft.VisualStudio.TestTools.Common.TestCategoryId"><id type="System.Guid">8c84fa94-04c1-424b-9868-57a2d4851a1d</id></categoryId><outcome type="Microsoft.VisualStudio.TestTools.Common.TestOutcome"><value__ type="System.Int32">4</value__></outcome><errorInfo type="Microsoft.VisualStudio.TestTools.Common.TestResultErrorInfo"><message type="System.String">Assert.Inconclusive failed. Verify the correctness of this test method</message><stackTrace type="System.String">   at BrownShoe.UnitTests.Services.ContentManagement.CMServiceTest.GetContentVersionTest()
</stackTrace></errorInfo><traceInfo type="Microsoft.VisualStudio.TestTools.Common.TestExecutionTraceInformation"><trace type="System.Text.StringBuilder">Creating instance of class BrownShoe.UnitTests.Services.ContentManagement.CMServiceTest.
Calling Test method BrownShoe.UnitTests.Services.ContentManagement.CMServiceTest.Microsoft.VisualStudio.TestTools.TestTypes.Unit.TestMethod.
</trace></traceInfo><stdout type="System.String" /><stderr type="System.String" /><debugTrace type="System.String" /><workItemIds type="System.Collections.Generic.List`1[[System.Int32, mscorlib, Version=2.0.0.0, Culture=neutral, PublicKeyToken=b77a5c561934e089]]"><_size type="System.Int32">0</_size><_version type="System.Int32">1</_version></workItemIds><id type="Microsoft.VisualStudio.TestTools.Common.TestResultId"><runId type="System.Guid">3d9a8baa-b9cb-4717-8a94-3c6445344217</runId><executionId type="Microsoft.VisualStudio.TestTools.Common.TestExecId"><id type="System.Guid">a0f1cfdd-ccec-4f5b-8394-cebbd75666cc</id></executionId><parentExecId type="Microsoft.VisualStudio.TestTools.Common.TestExecId"><id type="System.Guid">00000000-0000-0000-0000-000000000000</id></parentExecId><testId type="Microsoft.VisualStudio.TestTools.Common.TestId"><id type="System.Guid">a97148e0-39d0-7bb8-7ddc-9755d7305489</id></testId></id><testName type="System.String">GetContentVersionTest</testName><testType type="Microsoft.VisualStudio.TestTools.Common.TestType"><id type="System.Guid">13cdc9d9-ddb5-4fa4-a97d-d965ccfc6d4b</id></testType><messageKind type="Microsoft.VisualStudio.TestTools.Common.TestMessageKind"><value__ type="System.Int32">1</value__></messageKind><computerInfo type="Microsoft.VisualStudio.TestTools.Common.ComputerInfo"><m_computerName type="System.String">ECDATA-TFS01</m_computerName></computerInfo><duration type="System.TimeSpan">00:00:00.0007012</duration><startTime type="System.DateTime"><dateData type="System.UInt64">633673774841565716</dateData></startTime><endTime type="System.DateTime"><dateData type="System.UInt64">633673774841721976</dateData></endTime><spoolMessage type="System.Boolean">True</spoolMessage></UnitTestResult><UnitTestResult type="Microsoft.VisualStudio.TestTools.TestTypes.Unit.UnitTestResult, Microsoft.VisualStudio.QualityTools.Tips.UnitTest.ObjectModel, Version=8.0.0.0, Culture=neutral, PublicKeyToken=b03f5f7f11d50a3a"><resultType type="Microsoft.VisualStudio.TestTools.TestTypes.Unit.UnitTestResultType, Microsoft.VisualStudio.QualityTools.Tips.UnitTest.ObjectModel, Version=8.0.0.0, Culture=neutral, PublicKeyToken=b03f5f7f11d50a3a"><value__ type="System.Int32">0</value__></resultType><m_hasSufficientAccess type="System.Boolean">True</m_hasSufficientAccess><counters type="Microsoft.VisualStudio.TestTools.Common.TestResultCounter"><values type="System.Int32">0,0,0,0,0,0,0,0,0,0,0,0,0,0</values><total type="System.Int32">1</total></counters><categoryId type="Microsoft.VisualStudio.TestTools.Common.TestCategoryId"><id type="System.Guid">8c84fa94-04c1-424b-9868-57a2d4851a1d</id></categoryId><outcome type="Microsoft.VisualStudio.TestTools.Common.TestOutcome"><value__ type="System.Int32">4</value__></outcome><errorInfo type="Microsoft.VisualStudio.TestTools.Common.TestResultErrorInfo"><message type="System.String">Assert.Inconclusive failed. Verify the correctness of this test method</message><stackTrace type="System.String">   at BrownShoe.UnitTests.Services.ContentManagement.CMServiceTest.GetCurrentVersionTest()
</stackTrace></errorInfo><traceInfo type="Microsoft.VisualStudio.TestTools.Common.TestExecutionTraceInformation"><trace type="System.Text.StringBuilder">Creating instance of class BrownShoe.UnitTests.Services.ContentManagement.CMServiceTest.
Calling Test method BrownShoe.UnitTests.Services.ContentManagement.CMServiceTest.Microsoft.VisualStudio.TestTools.TestTypes.Unit.TestMethod.
</trace></traceInfo><stdout type="System.String" /><stderr type="System.String" /><debugTrace type="System.String" /><workItemIds type="System.Collections.Generic.List`1[[System.Int32, mscorlib, Version=2.0.0.0, Culture=neutral, PublicKeyToken=b77a5c561934e089]]"><_size type="System.Int32">0</_size><_version type="System.Int32">1</_version></workItemIds><id type="Microsoft.VisualStudio.TestTools.Common.TestResultId"><runId type="System.Guid">3d9a8baa-b9cb-4717-8a94-3c6445344217</runId><executionId type="Microsoft.VisualStudio.TestTools.Common.TestExecId"><id type="System.Guid">0a058fd5-f292-486b-aab9-cafaa435cf1b</id></executionId><parentExecId type="Microsoft.VisualStudio.TestTools.Common.TestExecId"><id type="System.Guid">00000000-0000-0000-0000-000000000000</id></parentExecId><testId type="Microsoft.VisualStudio.TestTools.Common.TestId"><id type="System.Guid">c1a45d77-1896-7468-59e6-5fbfc0e5a7dd</id></testId></id><testName type="System.String">GetCurrentVersionTest</testName><testType type="Microsoft.VisualStudio.TestTools.Common.TestType"><id type="System.Guid">13cdc9d9-ddb5-4fa4-a97d-d965ccfc6d4b</id></testType><messageKind type="Microsoft.VisualStudio.TestTools.Common.TestMessageKind"><value__ type="System.Int32">1</value__></messageKind><computerInfo type="Microsoft.VisualStudio.TestTools.Common.ComputerInfo"><m_computerName type="System.String">ECDATA-TFS01</m_computerName></computerInfo><duration type="System.TimeSpan">00:00:00.0007213</duration><startTime type="System.DateTime"><dateData type="System.UInt64">633673774841721976</dateData></startTime><endTime type="System.DateTime"><dateData type="System.UInt64">633673774841721976</dateData></endTime><spoolMessage type="System.Boolean">True</spoolMessage></UnitTestResult><UnitTestResult type="Microsoft.VisualStudio.TestTools.TestTypes.Unit.UnitTestResult, Microsoft.VisualStudio.QualityTools.Tips.UnitTest.ObjectModel, Version=8.0.0.0, Culture=neutral, PublicKeyToken=b03f5f7f11d50a3a"><resultType type="Microsoft.VisualStudio.TestTools.TestTypes.Unit.UnitTestResultType, Microsoft.VisualStudio.QualityTools.Tips.UnitTest.ObjectModel, Version=8.0.0.0, Culture=neutral, PublicKeyToken=b03f5f7f11d50a3a"><value__ type="System.Int32">0</value__></resultType><m_hasSufficientAccess type="System.Boolean">True</m_hasSufficientAccess><counters type="Microsoft.VisualStudio.TestTools.Common.TestResultCounter"><values type="System.Int32">0,0,0,0,0,0,0,0,0,0,0,0,0,0</values><total type="System.Int32">1</total></counters><categoryId type="Microsoft.VisualStudio.TestTools.Common.TestCategoryId"><id type="System.Guid">8c84fa94-04c1-424b-9868-57a2d4851a1d</id></categoryId><outcome type="Microsoft.VisualStudio.TestTools.Common.TestOutcome"><value__ type="System.Int32">4</value__></outcome><errorInfo type="Microsoft.VisualStudio.TestTools.Common.TestResultErrorInfo"><message type="System.String">Assert.Inconclusive failed. Verify the correctness of this test method</message><stackTrace type="System.String">   at BrownShoe.UnitTests.Services.ContentManagement.CMServiceTest.GetHeaderContentTest()
</stackTrace></errorInfo><traceInfo type="Microsoft.VisualStudio.TestTools.Common.TestExecutionTraceInformation"><trace type="System.Text.StringBuilder">Creating instance of class BrownShoe.UnitTests.Services.ContentManagement.CMServiceTest.
Calling Test method BrownShoe.UnitTests.Services.ContentManagement.CMServiceTest.Microsoft.VisualStudio.TestTools.TestTypes.Unit.TestMethod.
</trace></traceInfo><stdout type="System.String" /><stderr type="System.String" /><debugTrace type="System.String" /><workItemIds type="System.Collections.Generic.List`1[[System.Int32, mscorlib, Version=2.0.0.0, Culture=neutral, PublicKeyToken=b77a5c561934e089]]"><_size type="System.Int32">0</_size><_version type="System.Int32">1</_version></workItemIds><id type="Microsoft.VisualStudio.TestTools.Common.TestResultId"><runId type="System.Guid">3d9a8baa-b9cb-4717-8a94-3c6445344217</runId><executionId type="Microsoft.VisualStudio.TestTools.Common.TestExecId"><id type="System.Guid">680c5cea-00d7-491e-be6f-754bdcd26ce2</id></executionId><parentExecId type="Microsoft.VisualStudio.TestTools.Common.TestExecId"><id type="System.Guid">00000000-0000-0000-0000-000000000000</id></parentExecId><testId type="Microsoft.VisualStudio.TestTools.Common.TestId"><id type="System.Guid">8044e7a0-0827-10bc-b5b9-b1af30e53df5</id></testId></id><testName type="System.String">GetHeaderContentTest</testName><testType type="Microsoft.VisualStudio.TestTools.Common.TestType"><id type="System.Guid">13cdc9d9-ddb5-4fa4-a97d-d965ccfc6d4b</id></testType><messageKind type="Microsoft.VisualStudio.TestTools.Common.TestMessageKind"><value__ type="System.Int32">1</value__></messageKind><computerInfo type="Microsoft.VisualStudio.TestTools.Common.ComputerInfo"><m_computerName type="System.String">ECDATA-TFS01</m_computerName></computerInfo><duration type="System.TimeSpan">00:00:00.0006236</duration><startTime type="System.DateTime"><dateData type="System.UInt64">633673774841721976</dateData></startTime><endTime type="System.DateTime"><dateData type="System.UInt64">633673774841721976</dateData></endTime><spoolMessage type="System.Boolean">True</spoolMessage></UnitTestResult><UnitTestResult type="Microsoft.VisualStudio.TestTools.TestTypes.Unit.UnitTestResult, Microsoft.VisualStudio.QualityTools.Tips.UnitTest.ObjectModel, Version=8.0.0.0, Culture=neutral, PublicKeyToken=b03f5f7f11d50a3a"><resultType type="Microsoft.VisualStudio.TestTools.TestTypes.Unit.UnitTestResultType, Microsoft.VisualStudio.QualityTools.Tips.UnitTest.ObjectModel, Version=8.0.0.0, Culture=neutral, PublicKeyToken=b03f5f7f11d50a3a"><value__ type="System.Int32">0</value__></resultType><m_hasSufficientAccess type="System.Boolean">True</m_hasSufficientAccess><counters type="Microsoft.VisualStudio.TestTools.Common.TestResultCounter"><values type="System.Int32">0,0,0,0,0,0,0,0,0,0,0,0,0,0</values><total type="System.Int32">1</total></counters><categoryId type="Microsoft.VisualStudio.TestTools.Common.TestCategoryId"><id type="System.Guid">8c84fa94-04c1-424b-9868-57a2d4851a1d</id></categoryId><outcome type="Microsoft.VisualStudio.TestTools.Common.TestOutcome"><value__ type="System.Int32">4</value__></outcome><errorInfo type="Microsoft.VisualStudio.TestTools.Common.TestResultErrorInfo"><message type="System.String">Assert.Inconclusive failed. Verify the correctness of this test method</message><stackTrace type="System.String">   at BrownShoe.UnitTests.Services.ContentManagement.CMServiceTest.GetSitesTest()
</stackTrace></errorInfo><traceInfo type="Microsoft.VisualStudio.TestTools.Common.TestExecutionTraceInformation"><trace type="System.Text.StringBuilder">Creating instance of class BrownShoe.UnitTests.Services.ContentManagement.CMServiceTest.
Calling Test method BrownShoe.UnitTests.Services.ContentManagement.CMServiceTest.Microsoft.VisualStudio.TestTools.TestTypes.Unit.TestMethod.
</trace></traceInfo><stdout type="System.String" /><stderr type="System.String" /><debugTrace type="System.String" /><workItemIds type="System.Collections.Generic.List`1[[System.Int32, mscorlib, Version=2.0.0.0, Culture=neutral, PublicKeyToken=b77a5c561934e089]]"><_size type="System.Int32">0</_size><_version type="System.Int32">1</_version></workItemIds><id type="Microsoft.VisualStudio.TestTools.Common.TestResultId"><runId type="System.Guid">3d9a8baa-b9cb-4717-8a94-3c6445344217</runId><executionId type="Microsoft.VisualStudio.TestTools.Common.TestExecId"><id type="System.Guid">7ea66ae1-5edf-4aff-a242-0af6073ea6b2</id></executionId><parentExecId type="Microsoft.VisualStudio.TestTools.Common.TestExecId"><id type="System.Guid">00000000-0000-0000-0000-000000000000</id></parentExecId><testId type="Microsoft.VisualStudio.TestTools.Common.TestId"><id type="System.Guid">59ad732d-24db-ddfa-3652-24e11cdaeac4</id></testId></id><testName type="System.String">GetSitesTest</testName><testType type="Microsoft.VisualStudio.TestTools.Common.TestType"><id type="System.Guid">13cdc9d9-ddb5-4fa4-a97d-d965ccfc6d4b</id></testType><messageKind type="Microsoft.VisualStudio.TestTools.Common.TestMessageKind"><value__ type="System.Int32">1</value__></messageKind><computerInfo type="Microsoft.VisualStudio.TestTools.Common.ComputerInfo"><m_computerName type="System.String">ECDATA-TFS01</m_computerName></computerInfo><duration type="System.TimeSpan">00:00:00.0006468</duration><startTime type="System.DateTime"><dateData type="System.UInt64">633673774841721976</dateData></startTime><endTime type="System.DateTime"><dateData type="System.UInt64">633673774841878236</dateData></endTime><spoolMessage type="System.Boolean">True</spoolMessage></UnitTestResult><UnitTestResult type="Microsoft.VisualStudio.TestTools.TestTypes.Unit.UnitTestResult, Microsoft.VisualStudio.QualityTools.Tips.UnitTest.ObjectModel, Version=8.0.0.0, Culture=neutral, PublicKeyToken=b03f5f7f11d50a3a"><resultType type="Microsoft.VisualStudio.TestTools.TestTypes.Unit.UnitTestResultType, Microsoft.VisualStudio.QualityTools.Tips.UnitTest.ObjectModel, Version=8.0.0.0, Culture=neutral, PublicKeyToken=b03f5f7f11d50a3a"><value__ type="System.Int32">0</value__></resultType><m_hasSufficientAccess type="System.Boolean">True</m_hasSufficientAccess><counters type="Microsoft.VisualStudio.TestTools.Common.TestResultCounter"><values type="System.Int32">0,0,0,0,0,0,0,0,0,0,0,0,0,0</values><total type="System.Int32">1</total></counters><categoryId type="Microsoft.VisualStudio.TestTools.Common.TestCategoryId"><id type="System.Guid">8c84fa94-04c1-424b-9868-57a2d4851a1d</id></categoryId><outcome type="Microsoft.VisualStudio.TestTools.Common.TestOutcome"><value__ type="System.Int32">4</value__></outcome><errorInfo type="Microsoft.VisualStudio.TestTools.Common.TestResultErrorInfo"><message type="System.String">Assert.Inconclusive failed. Verify the correctness of this test method</message><stackTrace type="System.String">   at BrownShoe.UnitTests.Services.ContentManagement.CMServiceTest.GetTokensTest()
</stackTrace></errorInfo><traceInfo type="Microsoft.VisualStudio.TestTools.Common.TestExecutionTraceInformation"><trace type="System.Text.StringBuilder">Creating instance of class BrownShoe.UnitTests.Services.ContentManagement.CMServiceTest.
Calling Test method BrownShoe.UnitTests.Services.ContentManagement.CMServiceTest.Microsoft.VisualStudio.TestTools.TestTypes.Unit.TestMethod.
</trace></traceInfo><stdout type="System.String" /><stderr type="System.String" /><debugTrace type="System.String" /><workItemIds type="System.Collections.Generic.List`1[[System.Int32, mscorlib, Version=2.0.0.0, Culture=neutral, PublicKeyToken=b77a5c561934e089]]"><_size type="System.Int32">0</_size><_version type="System.Int32">1</_version></workItemIds><id type="Microsoft.VisualStudio.TestTools.Common.TestResultId"><runId type="System.Guid">3d9a8baa-b9cb-4717-8a94-3c6445344217</runId><executionId type="Microsoft.VisualStudio.TestTools.Common.TestExecId"><id type="System.Guid">5a66e3ff-c487-4204-b5d9-6d5a3fa4bc53</id></executionId><parentExecId type="Microsoft.VisualStudio.TestTools.Common.TestExecId"><id type="System.Guid">00000000-0000-0000-0000-000000000000</id></parentExecId><testId type="Microsoft.VisualStudio.TestTools.Common.TestId"><id type="System.Guid">ff82d1cd-af9d-069c-3586-69b80bc01c8b</id></testId></id><testName type="System.String">GetTokensTest</testName><testType type="Microsoft.VisualStudio.TestTools.Common.TestType"><id type="System.Guid">13cdc9d9-ddb5-4fa4-a97d-d965ccfc6d4b</id></testType><messageKind type="Microsoft.VisualStudio.TestTools.Common.TestMessageKind"><value__ type="System.Int32">1</value__></messageKind><computerInfo type="Microsoft.VisualStudio.TestTools.Common.ComputerInfo"><m_computerName type="System.String">ECDATA-TFS01</m_computerName></computerInfo><duration type="System.TimeSpan">00:00:00.0005767</duration><startTime type="System.DateTime"><dateData type="System.UInt64">633673774841878236</dateData></startTime><endTime type="System.DateTime"><dateData type="System.UInt64">633673774841878236</dateData></endTime><spoolMessage type="System.Boolean">True</spoolMessage></UnitTestResult><UnitTestResult type="Microsoft.VisualStudio.TestTools.TestTypes.Unit.UnitTestResult, Microsoft.VisualStudio.QualityTools.Tips.UnitTest.ObjectModel, Version=8.0.0.0, Culture=neutral, PublicKeyToken=b03f5f7f11d50a3a"><resultType type="Microsoft.VisualStudio.TestTools.TestTypes.Unit.UnitTestResultType, Microsoft.VisualStudio.QualityTools.Tips.UnitTest.ObjectModel, Version=8.0.0.0, Culture=neutral, PublicKeyToken=b03f5f7f11d50a3a"><value__ type="System.Int32">0</value__></resultType><m_hasSufficientAccess type="System.Boolean">True</m_hasSufficientAccess><counters type="Microsoft.VisualStudio.TestTools.Common.TestResultCounter"><values type="System.Int32">0,0,0,0,0,0,0,0,0,0,0,0,0,0</values><total type="System.Int32">1</total></counters><categoryId type="Microsoft.VisualStudio.TestTools.Common.TestCategoryId"><id type="System.Guid">8c84fa94-04c1-424b-9868-57a2d4851a1d</id></categoryId><outcome type="Microsoft.VisualStudio.TestTools.Common.TestOutcome"><value__ type="System.Int32">4</value__></outcome><errorInfo type="Microsoft.VisualStudio.TestTools.Common.TestResultErrorInfo"><message type="System.String">Assert.Inconclusive failed. Verify the correctness of this test method</message><stackTrace type="System.String">   at BrownShoe.UnitTests.Services.ContentManagement.CMServiceTest.PreProcessContentTest()
</stackTrace></errorInfo><traceInfo type="Microsoft.VisualStudio.TestTools.Common.TestExecutionTraceInformation"><trace type="System.Text.StringBuilder">Creating instance of class BrownShoe.UnitTests.Services.ContentManagement.CMServiceTest.
Calling Test method BrownShoe.UnitTests.Services.ContentManagement.CMServiceTest.Microsoft.VisualStudio.TestTools.TestTypes.Unit.TestMethod.
</trace></traceInfo><stdout type="System.String" /><stderr type="System.String" /><debugTrace type="System.String" /><workItemIds type="System.Collections.Generic.List`1[[System.Int32, mscorlib, Version=2.0.0.0, Culture=neutral, PublicKeyToken=b77a5c561934e089]]"><_size type="System.Int32">0</_size><_version type="System.Int32">1</_version></workItemIds><id type="Microsoft.VisualStudio.TestTools.Common.TestResultId"><runId type="System.Guid">3d9a8baa-b9cb-4717-8a94-3c6445344217</runId><executionId type="Microsoft.VisualStudio.TestTools.Common.TestExecId"><id type="System.Guid">1cf27a5c-df8a-454b-9492-af9e3f66587b</id></executionId><parentExecId type="Microsoft.VisualStudio.TestTools.Common.TestExecId"><id type="System.Guid">00000000-0000-0000-0000-000000000000</id></parentExecId><testId type="Microsoft.VisualStudio.TestTools.Common.TestId"><id type="System.Guid">419eb8dc-1c19-c220-02f2-333b2f77ab98</id></testId></id><testName type="System.String">PreProcessContentTest</testName><testType type="Microsoft.VisualStudio.TestTools.Common.TestType"><id type="System.Guid">13cdc9d9-ddb5-4fa4-a97d-d965ccfc6d4b</id></testType><messageKind type="Microsoft.VisualStudio.TestTools.Common.TestMessageKind"><value__ type="System.Int32">1</value__></messageKind><computerInfo type="Microsoft.VisualStudio.TestTools.Common.ComputerInfo"><m_computerName type="System.String">ECDATA-TFS01</m_computerName></computerInfo><duration type="System.TimeSpan">00:00:00.0009258</duration><startTime type="System.DateTime"><dateData type="System.UInt64">633673774841878236</dateData></startTime><endTime type="System.DateTime"><dateData type="System.UInt64">633673774841878236</dateData></endTime><spoolMessage type="System.Boolean">True</spoolMessage></UnitTestResult><UnitTestResult type="Microsoft.VisualStudio.TestTools.TestTypes.Unit.UnitTestResult, Microsoft.VisualStudio.QualityTools.Tips.UnitTest.ObjectModel, Version=8.0.0.0, Culture=neutral, PublicKeyToken=b03f5f7f11d50a3a"><resultType type="Microsoft.VisualStudio.TestTools.TestTypes.Unit.UnitTestResultType, Microsoft.VisualStudio.QualityTools.Tips.UnitTest.ObjectModel, Version=8.0.0.0, Culture=neutral, PublicKeyToken=b03f5f7f11d50a3a"><value__ type="System.Int32">0</value__></resultType><m_hasSufficientAccess type="System.Boolean">True</m_hasSufficientAccess><counters type="Microsoft.VisualStudio.TestTools.Common.TestResultCounter"><values type="System.Int32">0,0,0,0,0,0,0,0,0,0,0,0,0,0</values><total type="System.Int32">1</total></counters><categoryId type="Microsoft.VisualStudio.TestTools.Common.TestCategoryId"><id type="System.Guid">8c84fa94-04c1-424b-9868-57a2d4851a1d</id></categoryId><outcome type="Microsoft.VisualStudio.TestTools.Common.TestOutcome"><value__ type="System.Int32">4</value__></outcome><errorInfo type="Microsoft.VisualStudio.TestTools.Common.TestResultErrorInfo"><message type="System.String">Assert.Inconclusive failed. Verify the correctness of this test method</message><stackTrace type="System.String">   at BrownShoe.UnitTests.Services.ContentManagement.CMServiceTest.UpdateContentPageTest()
</stackTrace></errorInfo><traceInfo type="Microsoft.VisualStudio.TestTools.Common.TestExecutionTraceInformation"><trace type="System.Text.StringBuilder">Creating instance of class BrownShoe.UnitTests.Services.ContentManagement.CMServiceTest.
Calling Test method BrownShoe.UnitTests.Services.ContentManagement.CMServiceTest.Microsoft.VisualStudio.TestTools.TestTypes.Unit.TestMethod.
</trace></traceInfo><stdout type="System.String" /><stderr type="System.String" /><debugTrace type="System.String" /><workItemIds type="System.Collections.Generic.List`1[[System.Int32, mscorlib, Version=2.0.0.0, Culture=neutral, PublicKeyToken=b77a5c561934e089]]"><_size type="System.Int32">0</_size><_version type="System.Int32">1</_version></workItemIds><id type="Microsoft.VisualStudio.TestTools.Common.TestResultId"><runId type="System.Guid">3d9a8baa-b9cb-4717-8a94-3c6445344217</runId><executionId type="Microsoft.VisualStudio.TestTools.Common.TestExecId"><id type="System.Guid">75c85dcc-6646-49c7-8244-f2c9e6dcf8a9</id></executionId><parentExecId type="Microsoft.VisualStudio.TestTools.Common.TestExecId"><id type="System.Guid">00000000-0000-0000-0000-000000000000</id></parentExecId><testId type="Microsoft.VisualStudio.TestTools.Common.TestId"><id type="System.Guid">87dee82e-e35b-de1b-f2fb-d0da190f2393</id></testId></id><testName type="System.String">UpdateContentPageTest</testName><testType type="Microsoft.VisualStudio.TestTools.Common.TestType"><id type="System.Guid">13cdc9d9-ddb5-4fa4-a97d-d965ccfc6d4b</id></testType><messageKind type="Microsoft.VisualStudio.TestTools.Common.TestMessageKind"><value__ type="System.Int32">1</value__></messageKind><computerInfo type="Microsoft.VisualStudio.TestTools.Common.ComputerInfo"><m_computerName type="System.String">ECDATA-TFS01</m_computerName></computerInfo><duration type="System.TimeSpan">00:00:00.0005938</duration><startTime type="System.DateTime"><dateData type="System.UInt64">633673774841878236</dateData></startTime><endTime type="System.DateTime"><dateData type="System.UInt64">633673774842034496</dateData></endTime><spoolMessage type="System.Boolean">True</spoolMessage></UnitTestResult><UnitTestResult type="Microsoft.VisualStudio.TestTools.TestTypes.Unit.UnitTestResult, Microsoft.VisualStudio.QualityTools.Tips.UnitTest.ObjectModel, Version=8.0.0.0, Culture=neutral, PublicKeyToken=b03f5f7f11d50a3a"><resultType type="Microsoft.VisualStudio.TestTools.TestTypes.Unit.UnitTestResultType, Microsoft.VisualStudio.QualityTools.Tips.UnitTest.ObjectModel, Version=8.0.0.0, Culture=neutral, PublicKeyToken=b03f5f7f11d50a3a"><value__ type="System.Int32">0</value__></resultType><m_hasSufficientAccess type="System.Boolean">True</m_hasSufficientAccess><counters type="Microsoft.VisualStudio.TestTools.Common.TestResultCounter"><values type="System.Int32">0,0,0,0,0,0,0,0,0,0,0,0,0,0</values><total type="System.Int32">1</total></counters><categoryId type="Microsoft.VisualStudio.TestTools.Common.TestCategoryId"><id type="System.Guid">8c84fa94-04c1-424b-9868-57a2d4851a1d</id></categoryId><outcome type="Microsoft.VisualStudio.TestTools.Common.TestOutcome"><value__ type="System.Int32">4</value__></outcome><errorInfo type="Microsoft.VisualStudio.TestTools.Common.TestResultErrorInfo"><message type="System.String">Assert.Inconclusive failed. Verify the correctness of this test method</message><stackTrace type="System.String">   at BrownShoe.UnitTests.Services.ContentManagement.CMTokenServiceTest.GetBDAdShopRightMargin1Test()
</stackTrace></errorInfo><traceInfo type="Microsoft.VisualStudio.TestTools.Common.TestExecutionTraceInformation"><trace type="System.Text.StringBuilder">Creating instance of class BrownShoe.UnitTests.Services.ContentManagement.CMTokenServiceTest.
Calling Test method BrownShoe.UnitTests.Services.ContentManagement.CMTokenServiceTest.Microsoft.VisualStudio.TestTools.TestTypes.Unit.TestMethod.
</trace></traceInfo><stdout type="System.String" /><stderr type="System.String" /><debugTrace type="System.String" /><workItemIds type="System.Collections.Generic.List`1[[System.Int32, mscorlib, Version=2.0.0.0, Culture=neutral, PublicKeyToken=b77a5c561934e089]]"><_size type="System.Int32">0</_size><_version type="System.Int32">1</_version></workItemIds><id type="Microsoft.VisualStudio.TestTools.Common.TestResultId"><runId type="System.Guid">3d9a8baa-b9cb-4717-8a94-3c6445344217</runId><executionId type="Microsoft.VisualStudio.TestTools.Common.TestExecId"><id type="System.Guid">95a1d9dd-7362-4a85-a33f-56ab1586180b</id></executionId><parentExecId type="Microsoft.VisualStudio.TestTools.Common.TestExecId"><id type="System.Guid">00000000-0000-0000-0000-000000000000</id></parentExecId><testId type="Microsoft.VisualStudio.TestTools.Common.TestId"><id type="System.Guid">3e27f1e4-2f5a-10bd-ae92-0333997f9d4d</id></testId></id><testName type="System.String">GetBDAdShopRightMargin1Test</testName><testType type="Microsoft.VisualStudio.TestTools.Common.TestType"><id type="System.Guid">13cdc9d9-ddb5-4fa4-a97d-d965ccfc6d4b</id></testType><messageKind type="Microsoft.VisualStudio.TestTools.Common.TestMessageKind"><value__ type="System.Int32">1</value__></messageKind><computerInfo type="Microsoft.VisualStudio.TestTools.Common.ComputerInfo"><m_computerName type="System.String">ECDATA-TFS01</m_computerName></computerInfo><duration type="System.TimeSpan">00:00:00.0012371</duration><startTime type="System.DateTime"><dateData type="System.UInt64">633673774842034496</dateData></startTime><endTime type="System.DateTime"><dateData type="System.UInt64">633673774842034496</dateData></endTime><spoolMessage type="System.Boolean">True</spoolMessage></UnitTestResult><UnitTestResult type="Microsoft.VisualStudio.TestTools.TestTypes.Unit.UnitTestResult, Microsoft.VisualStudio.QualityTools.Tips.UnitTest.ObjectModel, Version=8.0.0.0, Culture=neutral, PublicKeyToken=b03f5f7f11d50a3a"><resultType type="Microsoft.VisualStudio.TestTools.TestTypes.Unit.UnitTestResultType, Microsoft.VisualStudio.QualityTools.Tips.UnitTest.ObjectModel, Version=8.0.0.0, Culture=neutral, PublicKeyToken=b03f5f7f11d50a3a"><value__ type="System.Int32">0</value__></resultType><m_hasSufficientAccess type="System.Boolean">True</m_hasSufficientAccess><counters type="Microsoft.VisualStudio.TestTools.Common.TestResultCounter"><values type="System.Int32">0,0,0,0,0,0,0,0,0,0,0,0,0,0</values><total type="System.Int32">1</total></counters><categoryId type="Microsoft.VisualStudio.TestTools.Common.TestCategoryId"><id type="System.Guid">8c84fa94-04c1-424b-9868-57a2d4851a1d</id></categoryId><outcome type="Microsoft.VisualStudio.TestTools.Common.TestOutcome"><value__ type="System.Int32">4</value__></outcome><errorInfo type="Microsoft.VisualStudio.TestTools.Common.TestResultErrorInfo"><message type="System.String">Assert.Inconclusive failed. Verify the correctness of this test method</message><stackTrace type="System.String">   at BrownShoe.UnitTests.Services.ContentManagement.CMTokenServiceTest.GetBDAdShopRightMargin2Test()
</stackTrace></errorInfo><traceInfo type="Microsoft.VisualStudio.TestTools.Common.TestExecutionTraceInformation"><trace type="System.Text.StringBuilder">Creating instance of class BrownShoe.UnitTests.Services.ContentManagement.CMTokenServiceTest.
Calling Test method BrownShoe.UnitTests.Services.ContentManagement.CMTokenServiceTest.Microsoft.VisualStudio.TestTools.TestTypes.Unit.TestMethod.
</trace></traceInfo><stdout type="System.String" /><stderr type="System.String" /><debugTrace type="System.String" /><workItemIds type="System.Collections.Generic.List`1[[System.Int32, mscorlib, Version=2.0.0.0, Culture=neutral, PublicKeyToken=b77a5c561934e089]]"><_size type="System.Int32">0</_size><_version type="System.Int32">1</_version></workItemIds><id type="Microsoft.VisualStudio.TestTools.Common.TestResultId"><runId type="System.Guid">3d9a8baa-b9cb-4717-8a94-3c6445344217</runId><executionId type="Microsoft.VisualStudio.TestTools.Common.TestExecId"><id type="System.Guid">091751dc-74e1-4d45-9806-b89269276a78</id></executionId><parentExecId type="Microsoft.VisualStudio.TestTools.Common.TestExecId"><id type="System.Guid">00000000-0000-0000-0000-000000000000</id></parentExecId><testId type="Microsoft.VisualStudio.TestTools.Common.TestId"><id type="System.Guid">cf091143-0dd3-e78f-f5d3-03b201cf1432</id></testId></id><testName type="System.String">GetBDAdShopRightMargin2Test</testName><testType type="Microsoft.VisualStudio.TestTools.Common.TestType"><id type="System.Guid">13cdc9d9-ddb5-4fa4-a97d-d965ccfc6d4b</id></testType><messageKind type="Microsoft.VisualStudio.TestTools.Common.TestMessageKind"><value__ type="System.Int32">1</value__></messageKind><computerInfo type="Microsoft.VisualStudio.TestTools.Common.ComputerInfo"><m_computerName type="System.String">ECDATA-TFS01</m_computerName></computerInfo><duration type="System.TimeSpan">00:00:00.0005850</duration><startTime type="System.DateTime"><dateData type="System.UInt64">633673774842034496</dateData></startTime><endTime type="System.DateTime"><dateData type="System.UInt64">633673774842034496</dateData></endTime><spoolMessage type="System.Boolean">True</spoolMessage></UnitTestResult><UnitTestResult type="Microsoft.VisualStudio.TestTools.TestTypes.Unit.UnitTestResult, Microsoft.VisualStudio.QualityTools.Tips.UnitTest.ObjectModel, Version=8.0.0.0, Culture=neutral, PublicKeyToken=b03f5f7f11d50a3a"><resultType type="Microsoft.VisualStudio.TestTools.TestTypes.Unit.UnitTestResultType, Microsoft.VisualStudio.QualityTools.Tips.UnitTest.ObjectModel, Version=8.0.0.0, Culture=neutral, PublicKeyToken=b03f5f7f11d50a3a"><value__ type="System.Int32">0</value__></resultType><m_hasSufficientAccess type="System.Boolean">True</m_hasSufficientAccess><counters type="Microsoft.VisualStudio.TestTools.Common.TestResultCounter"><values type="System.Int32">0,0,0,0,0,0,0,0,0,0,0,0,0,0</values><total type="System.Int32">1</total></counters><categoryId type="Microsoft.VisualStudio.TestTools.Common.TestCategoryId"><id type="System.Guid">8c84fa94-04c1-424b-9868-57a2d4851a1d</id></categoryId><outcome type="Microsoft.VisualStudio.TestTools.Common.TestOutcome"><value__ type="System.Int32">4</value__></outcome><errorInfo type="Microsoft.VisualStudio.TestTools.Common.TestResultErrorInfo"><message type="System.String">Assert.Inconclusive failed. Verify the correctness of this test method</message><stackTrace type="System.String">   at BrownShoe.UnitTests.Services.ContentManagement.CMTokenServiceTest.GetBDAdShopRightMargin3Test()
</stackTrace></errorInfo><traceInfo type="Microsoft.VisualStudio.TestTools.Common.TestExecutionTraceInformation"><trace type="System.Text.StringBuilder">Creating instance of class BrownShoe.UnitTests.Services.ContentManagement.CMTokenServiceTest.
Calling Test method BrownShoe.UnitTests.Services.ContentManagement.CMTokenServiceTest.Microsoft.VisualStudio.TestTools.TestTypes.Unit.TestMethod.
</trace></traceInfo><stdout type="System.String" /><stderr type="System.String" /><debugTrace type="System.String" /><workItemIds type="System.Collections.Generic.List`1[[System.Int32, mscorlib, Version=2.0.0.0, Culture=neutral, PublicKeyToken=b77a5c561934e089]]"><_size type="System.Int32">0</_size><_version type="System.Int32">1</_version></workItemIds><id type="Microsoft.VisualStudio.TestTools.Common.TestResultId"><runId type="System.Guid">3d9a8baa-b9cb-4717-8a94-3c6445344217</runId><executionId type="Microsoft.VisualStudio.TestTools.Common.TestExecId"><id type="System.Guid">3d1d152f-6b66-4c69-b0ed-ba5eb62243a6</id></executionId><parentExecId type="Microsoft.VisualStudio.TestTools.Common.TestExecId"><id type="System.Guid">00000000-0000-0000-0000-000000000000</id></parentExecId><testId type="Microsoft.VisualStudio.TestTools.Common.TestId"><id type="System.Guid">5a856387-6486-3be5-ef68-9aae9bdec064</id></testId></id><testName type="System.String">GetBDAdShopRightMargin3Test</testName><testType type="Microsoft.VisualStudio.TestTools.Common.TestType"><id type="System.Guid">13cdc9d9-ddb5-4fa4-a97d-d965ccfc6d4b</id></testType><messageKind type="Microsoft.VisualStudio.TestTools.Common.TestMessageKind"><value__ type="System.Int32">1</value__></messageKind><computerInfo type="Microsoft.VisualStudio.TestTools.Common.ComputerInfo"><m_computerName type="System.String">ECDATA-TFS01</m_computerName></computerInfo><duration type="System.TimeSpan">00:00:00.0011600</duration><startTime type="System.DateTime"><dateData type="System.UInt64">633673774842034496</dateData></startTime><endTime type="System.DateTime"><dateData type="System.UInt64">633673774842190756</dateData></endTime><spoolMessage type="System.Boolean">True</spoolMessage></UnitTestResult><UnitTestResult type="Microsoft.VisualStudio.TestTools.TestTypes.Unit.UnitTestResult, Microsoft.VisualStudio.QualityTools.Tips.UnitTest.ObjectModel, Version=8.0.0.0, Culture=neutral, PublicKeyToken=b03f5f7f11d50a3a"><resultType type="Microsoft.VisualStudio.TestTools.TestTypes.Unit.UnitTestResultType, Microsoft.VisualStudio.QualityTools.Tips.UnitTest.ObjectModel, Version=8.0.0.0, Culture=neutral, PublicKeyToken=b03f5f7f11d50a3a"><value__ type="System.Int32">0</value__></resultType><m_hasSufficientAccess type="System.Boolean">True</m_hasSufficientAccess><counters type="Microsoft.VisualStudio.TestTools.Common.TestResultCounter"><values type="System.Int32">0,0,0,0,0,0,0,0,0,0,0,0,0,0</values><total type="System.Int32">1</total></counters><categoryId type="Microsoft.VisualStudio.TestTools.Common.TestCategoryId"><id type="System.Guid">8c84fa94-04c1-424b-9868-57a2d4851a1d</id></categoryId><outcome type="Microsoft.VisualStudio.TestTools.Common.TestOutcome"><value__ type="System.Int32">4</value__></outcome><errorInfo type="Microsoft.VisualStudio.TestTools.Common.TestResultErrorInfo"><message type="System.String">Assert.Inconclusive failed. Verify the correctness of this test method</message><stackTrace type="System.String">   at BrownShoe.UnitTests.Services.ContentManagement.CMTokenServiceTest.GetBDAdShopToBannerTest()
</stackTrace></errorInfo><traceInfo type="Microsoft.VisualStudio.TestTools.Common.TestExecutionTraceInformation"><trace type="System.Text.StringBuilder">Creating instance of class BrownShoe.UnitTests.Services.ContentManagement.CMTokenServiceTest.
Calling Test method BrownShoe.UnitTests.Services.ContentManagement.CMTokenServiceTest.Microsoft.VisualStudio.TestTools.TestTypes.Unit.TestMethod.
</trace></traceInfo><stdout type="System.String" /><stderr type="System.String" /><debugTrace type="System.String" /><workItemIds type="System.Collections.Generic.List`1[[System.Int32, mscorlib, Version=2.0.0.0, Culture=neutral, PublicKeyToken=b77a5c561934e089]]"><_size type="System.Int32">0</_size><_version type="System.Int32">1</_version></workItemIds><id type="Microsoft.VisualStudio.TestTools.Common.TestResultId"><runId type="System.Guid">3d9a8baa-b9cb-4717-8a94-3c6445344217</runId><executionId type="Microsoft.VisualStudio.TestTools.Common.TestExecId"><id type="System.Guid">7bc77dea-7500-4e6c-856f-bd471e0f28cc</id></executionId><parentExecId type="Microsoft.VisualStudio.TestTools.Common.TestExecId"><id type="System.Guid">00000000-0000-0000-0000-000000000000</id></parentExecId><testId type="Microsoft.VisualStudio.TestTools.Common.TestId"><id type="System.Guid">cc4a30fb-47c4-56a1-9701-fff49096bbe1</id></testId></id><testName type="System.String">GetBDAdShopToBannerTest</testName><testType type="Microsoft.VisualStudio.TestTools.Common.TestType"><id type="System.Guid">13cdc9d9-ddb5-4fa4-a97d-d965ccfc6d4b</id></testType><messageKind type="Microsoft.VisualStudio.TestTools.Common.TestMessageKind"><value__ type="System.Int32">1</value__></messageKind><computerInfo type="Microsoft.VisualStudio.TestTools.Common.ComputerInfo"><m_computerName type="System.String">ECDATA-TFS01</m_computerName></computerInfo><duration type="System.TimeSpan">00:00:00.0005874</duration><startTime type="System.DateTime"><dateData type="System.UInt64">633673774842190756</dateData></startTime><endTime type="System.DateTime"><dateData type="System.UInt64">633673774842190756</dateData></endTime><spoolMessage type="System.Boolean">True</spoolMessage></UnitTestResult><UnitTestResult type="Microsoft.VisualStudio.TestTools.TestTypes.Unit.UnitTestResult, Microsoft.VisualStudio.QualityTools.Tips.UnitTest.ObjectModel, Version=8.0.0.0, Culture=neutral, PublicKeyToken=b03f5f7f11d50a3a"><resultType type="Microsoft.VisualStudio.TestTools.TestTypes.Unit.UnitTestResultType, Microsoft.VisualStudio.QualityTools.Tips.UnitTest.ObjectModel, Version=8.0.0.0, Culture=neutral, PublicKeyToken=b03f5f7f11d50a3a"><value__ type="System.Int32">0</value__></resultType><m_hasSufficientAccess type="System.Boolean">True</m_hasSufficientAccess><counters type="Microsoft.VisualStudio.TestTools.Common.TestResultCounter"><values type="System.Int32">0,0,0,0,0,0,0,0,0,0,0,0,0,0</values><total type="System.Int32">1</total></counters><categoryId type="Microsoft.VisualStudio.TestTools.Common.TestCategoryId"><id type="System.Guid">8c84fa94-04c1-424b-9868-57a2d4851a1d</id></categoryId><outcome type="Microsoft.VisualStudio.TestTools.Common.TestOutcome"><value__ type="System.Int32">4</value__></outcome><errorInfo type="Microsoft.VisualStudio.TestTools.Common.TestResultErrorInfo"><message type="System.String">Assert.Inconclusive failed. Verify the correctness of this test method</message><stackTrace type="System.String">   at BrownShoe.UnitTests.Services.ContentManagement.CMTokenServiceTest.GetBizDeskContentTest()
</stackTrace></errorInfo><traceInfo type="Microsoft.VisualStudio.TestTools.Common.TestExecutionTraceInformation"><trace type="System.Text.StringBuilder">Creating instance of class BrownShoe.UnitTests.Services.ContentManagement.CMTokenServiceTest.
Calling Test method BrownShoe.UnitTests.Services.ContentManagement.CMTokenServiceTest.Microsoft.VisualStudio.TestTools.TestTypes.Unit.TestMethod.
</trace></traceInfo><stdout type="System.String" /><stderr type="System.String" /><debugTrace type="System.String" /><workItemIds type="System.Collections.Generic.List`1[[System.Int32, mscorlib, Version=2.0.0.0, Culture=neutral, PublicKeyToken=b77a5c561934e089]]"><_size type="System.Int32">0</_size><_version type="System.Int32">1</_version></workItemIds><id type="Microsoft.VisualStudio.TestTools.Common.TestResultId"><runId type="System.Guid">3d9a8baa-b9cb-4717-8a94-3c6445344217</runId><executionId type="Microsoft.VisualStudio.TestTools.Common.TestExecId"><id type="System.Guid">6b792152-b969-4e18-adba-9bc383240e51</id></executionId><parentExecId type="Microsoft.VisualStudio.TestTools.Common.TestExecId"><id type="System.Guid">00000000-0000-0000-0000-000000000000</id></parentExecId><testId type="Microsoft.VisualStudio.TestTools.Common.TestId"><id type="System.Guid">28086a42-9c89-63d1-03f1-eb299410f11f</id></testId></id><testName type="System.String">GetBizDeskContentTest</testName><testType type="Microsoft.VisualStudio.TestTools.Common.TestType"><id type="System.Guid">13cdc9d9-ddb5-4fa4-a97d-d965ccfc6d4b</id></testType><messageKind type="Microsoft.VisualStudio.TestTools.Common.TestMessageKind"><value__ type="System.Int32">1</value__></messageKind><computerInfo type="Microsoft.VisualStudio.TestTools.Common.ComputerInfo"><m_computerName type="System.String">ECDATA-TFS01</m_computerName></computerInfo><duration type="System.TimeSpan">00:00:00.0013111</duration><startTime type="System.DateTime"><dateData type="System.UInt64">633673774842190756</dateData></startTime><endTime type="System.DateTime"><dateData type="System.UInt64">633673774842190756</dateData></endTime><spoolMessage type="System.Boolean">True</spoolMessage></UnitTestResult><UnitTestResult type="Microsoft.VisualStudio.TestTools.TestTypes.Unit.UnitTestResult, Microsoft.VisualStudio.QualityTools.Tips.UnitTest.ObjectModel, Version=8.0.0.0, Culture=neutral, PublicKeyToken=b03f5f7f11d50a3a"><resultType type="Microsoft.VisualStudio.TestTools.TestTypes.Unit.UnitTestResultType, Microsoft.VisualStudio.QualityTools.Tips.UnitTest.ObjectModel, Version=8.0.0.0, Culture=neutral, PublicKeyToken=b03f5f7f11d50a3a"><value__ type="System.Int32">0</value__></resultType><m_hasSufficientAccess type="System.Boolean">True</m_hasSufficientAccess><counters type="Microsoft.VisualStudio.TestTools.Common.TestResultCounter"><values type="System.Int32">0,0,0,0,0,0,0,0,0,0,0,0,0,0</values><total type="System.Int32">1</total></counters><categoryId type="Microsoft.VisualStudio.TestTools.Common.TestCategoryId"><id type="System.Guid">8c84fa94-04c1-424b-9868-57a2d4851a1d</id></categoryId><outcome type="Microsoft.VisualStudio.TestTools.Common.TestOutcome"><value__ type="System.Int32">4</value__></outcome><errorInfo type="Microsoft.VisualStudio.TestTools.Common.TestResultErrorInfo"><message type="System.String">Assert.Inconclusive failed. Verify the correctness of this test method</message><stackTrace type="System.String">   at BrownShoe.UnitTests.Services.ContentManagement.CMTokenServiceTest.GetBrandDescriptionTest()
</stackTrace></errorInfo><traceInfo type="Microsoft.VisualStudio.TestTools.Common.TestExecutionTraceInformation"><trace type="System.Text.StringBuilder">Creating instance of class BrownShoe.UnitTests.Services.ContentManagement.CMTokenServiceTest.
Calling Test method BrownShoe.UnitTests.Services.ContentManagement.CMTokenServiceTest.Microsoft.VisualStudio.TestTools.TestTypes.Unit.TestMethod.
</trace></traceInfo><stdout type="System.String" /><stderr type="System.String" /><debugTrace type="System.String" /><workItemIds type="System.Collections.Generic.List`1[[System.Int32, mscorlib, Version=2.0.0.0, Culture=neutral, PublicKeyToken=b77a5c561934e089]]"><_size type="System.Int32">0</_size><_version type="System.Int32">1</_version></workItemIds><id type="Microsoft.VisualStudio.TestTools.Common.TestResultId"><runId type="System.Guid">3d9a8baa-b9cb-4717-8a94-3c6445344217</runId><executionId type="Microsoft.VisualStudio.TestTools.Common.TestExecId"><id type="System.Guid">9fc9b60e-159c-4463-afd0-cfda01edda62</id></executionId><parentExecId type="Microsoft.VisualStudio.TestTools.Common.TestExecId"><id type="System.Guid">00000000-0000-0000-0000-000000000000</id></parentExecId><testId type="Microsoft.VisualStudio.TestTools.Common.TestId"><id type="System.Guid">fb016efd-ee83-669d-1f45-baa4c1770507</id></testId></id><testName type="System.String">GetBrandDescriptionTest</testName><testType type="Microsoft.VisualStudio.TestTools.Common.TestType"><id type="System.Guid">13cdc9d9-ddb5-4fa4-a97d-d965ccfc6d4b</id></testType><messageKind type="Microsoft.VisualStudio.TestTools.Common.TestMessageKind"><value__ type="System.Int32">1</value__></messageKind><computerInfo type="Microsoft.VisualStudio.TestTools.Common.ComputerInfo"><m_computerName type="System.String">ECDATA-TFS01</m_computerName></computerInfo><duration type="System.TimeSpan">00:00:00.0007664</duration><startTime type="System.DateTime"><dateData type="System.UInt64">633673774842190756</dateData></startTime><endTime type="System.DateTime"><dateData type="System.UInt64">633673774842347016</dateData></endTime><spoolMessage type="System.Boolean">True</spoolMessage></UnitTestResult><UnitTestResult type="Microsoft.VisualStudio.TestTools.TestTypes.Unit.UnitTestResult, Microsoft.VisualStudio.QualityTools.Tips.UnitTest.ObjectModel, Version=8.0.0.0, Culture=neutral, PublicKeyToken=b03f5f7f11d50a3a"><resultType type="Microsoft.VisualStudio.TestTools.TestTypes.Unit.UnitTestResultType, Microsoft.VisualStudio.QualityTools.Tips.UnitTest.ObjectModel, Version=8.0.0.0, Culture=neutral, PublicKeyToken=b03f5f7f11d50a3a"><value__ type="System.Int32">0</value__></resultType><m_hasSufficientAccess type="System.Boolean">True</m_hasSufficientAccess><counters type="Microsoft.VisualStudio.TestTools.Common.TestResultCounter"><values type="System.Int32">0,0,0,0,0,0,0,0,0,0,0,0,0,0</values><total type="System.Int32">1</total></counters><categoryId type="Microsoft.VisualStudio.TestTools.Common.TestCategoryId"><id type="System.Guid">8c84fa94-04c1-424b-9868-57a2d4851a1d</id></categoryId><outcome type="Microsoft.VisualStudio.TestTools.Common.TestOutcome"><value__ type="System.Int32">4</value__></outcome><errorInfo type="Microsoft.VisualStudio.TestTools.Common.TestResultErrorInfo"><message type="System.String">Assert.Inconclusive failed. Verify the correctness of this test method</message><stackTrace type="System.String">   at BrownShoe.UnitTests.Services.ContentManagement.CMTokenServiceTest.GetBrandStyleListAdidaTest()
</stackTrace></errorInfo><traceInfo type="Microsoft.VisualStudio.TestTools.Common.TestExecutionTraceInformation"><trace type="System.Text.StringBuilder">Creating instance of class BrownShoe.UnitTests.Services.ContentManagement.CMTokenServiceTest.
Calling Test method BrownShoe.UnitTests.Services.ContentManagement.CMTokenServiceTest.Microsoft.VisualStudio.TestTools.TestTypes.Unit.TestMethod.
</trace></traceInfo><stdout type="System.String" /><stderr type="System.String" /><debugTrace type="System.String" /><workItemIds type="System.Collections.Generic.List`1[[System.Int32, mscorlib, Version=2.0.0.0, Culture=neutral, PublicKeyToken=b77a5c561934e089]]"><_size type="System.Int32">0</_size><_version type="System.Int32">1</_version></workItemIds><id type="Microsoft.VisualStudio.TestTools.Common.TestResultId"><runId type="System.Guid">3d9a8baa-b9cb-4717-8a94-3c6445344217</runId><executionId type="Microsoft.VisualStudio.TestTools.Common.TestExecId"><id type="System.Guid">0052d423-757d-4575-98c0-42c434b9fe6f</id></executionId><parentExecId type="Microsoft.VisualStudio.TestTools.Common.TestExecId"><id type="System.Guid">00000000-0000-0000-0000-000000000000</id></parentExecId><testId type="Microsoft.VisualStudio.TestTools.Common.TestId"><id type="System.Guid">709b223e-a952-c4eb-dabf-a668b344f9be</id></testId></id><testName type="System.String">GetBrandStyleListAdidaTest</testName><testType type="Microsoft.VisualStudio.TestTools.Common.TestType"><id type="System.Guid">13cdc9d9-ddb5-4fa4-a97d-d965ccfc6d4b</id></testType><messageKind type="Microsoft.VisualStudio.TestTools.Common.TestMessageKind"><value__ type="System.Int32">1</value__></messageKind><computerInfo type="Microsoft.VisualStudio.TestTools.Common.ComputerInfo"><m_computerName type="System.String">ECDATA-TFS01</m_computerName></computerInfo><duration type="System.TimeSpan">00:00:00.0006282</duration><startTime type="System.DateTime"><dateData type="System.UInt64">633673774842347016</dateData></startTime><endTime type="System.DateTime"><dateData type="System.UInt64">633673774842347016</dateData></endTime><spoolMessage type="System.Boolean">True</spoolMessage></UnitTestResult><UnitTestResult type="Microsoft.VisualStudio.TestTools.TestTypes.Unit.UnitTestResult, Microsoft.VisualStudio.QualityTools.Tips.UnitTest.ObjectModel, Version=8.0.0.0, Culture=neutral, PublicKeyToken=b03f5f7f11d50a3a"><resultType type="Microsoft.VisualStudio.TestTools.TestTypes.Unit.UnitTestResultType, Microsoft.VisualStudio.QualityTools.Tips.UnitTest.ObjectModel, Version=8.0.0.0, Culture=neutral, PublicKeyToken=b03f5f7f11d50a3a"><value__ type="System.Int32">0</value__></resultType><m_hasSufficientAccess type="System.Boolean">True</m_hasSufficientAccess><counters type="Microsoft.VisualStudio.TestTools.Common.TestResultCounter"><values type="System.Int32">0,0,0,0,0,0,0,0,0,0,0,0,0,0</values><total type="System.Int32">1</total></counters><categoryId type="Microsoft.VisualStudio.TestTools.Common.TestCategoryId"><id type="System.Guid">8c84fa94-04c1-424b-9868-57a2d4851a1d</id></categoryId><outcome type="Microsoft.VisualStudio.TestTools.Common.TestOutcome"><value__ type="System.Int32">4</value__></outcome><errorInfo type="Microsoft.VisualStudio.TestTools.Common.TestResultErrorInfo"><message type="System.String">Assert.Inconclusive failed. Verify the correctness of this test method</message><stackTrace type="System.String">   at BrownShoe.UnitTests.Services.ContentManagement.CMTokenServiceTest.GetBrandStyleListBassTest()
</stackTrace></errorInfo><traceInfo type="Microsoft.VisualStudio.TestTools.Common.TestExecutionTraceInformation"><trace type="System.Text.StringBuilder">Creating instance of class BrownShoe.UnitTests.Services.ContentManagement.CMTokenServiceTest.
Calling Test method BrownShoe.UnitTests.Services.ContentManagement.CMTokenServiceTest.Microsoft.VisualStudio.TestTools.TestTypes.Unit.TestMethod.
</trace></traceInfo><stdout type="System.String" /><stderr type="System.String" /><debugTrace type="System.String" /><workItemIds type="System.Collections.Generic.List`1[[System.Int32, mscorlib, Version=2.0.0.0, Culture=neutral, PublicKeyToken=b77a5c561934e089]]"><_size type="System.Int32">0</_size><_version type="System.Int32">1</_version></workItemIds><id type="Microsoft.VisualStudio.TestTools.Common.TestResultId"><runId type="System.Guid">3d9a8baa-b9cb-4717-8a94-3c6445344217</runId><executionId type="Microsoft.VisualStudio.TestTools.Common.TestExecId"><id type="System.Guid">5d6f1dd3-d8e5-4d26-9b7f-676f68b8320a</id></executionId><parentExecId type="Microsoft.VisualStudio.TestTools.Common.TestExecId"><id type="System.Guid">00000000-0000-0000-0000-000000000000</id></parentExecId><testId type="Microsoft.VisualStudio.TestTools.Common.TestId"><id type="System.Guid">69696e19-bba5-9baf-41a1-ee8fa51cd09b</id></testId></id><testName type="System.String">GetBrandStyleListBassTest</testName><testType type="Microsoft.VisualStudio.TestTools.Common.TestType"><id type="System.Guid">13cdc9d9-ddb5-4fa4-a97d-d965ccfc6d4b</id></testType><messageKind type="Microsoft.VisualStudio.TestTools.Common.TestMessageKind"><value__ type="System.Int32">1</value__></messageKind><computerInfo type="Microsoft.VisualStudio.TestTools.Common.ComputerInfo"><m_computerName type="System.String">ECDATA-TFS01</m_computerName></computerInfo><duration type="System.TimeSpan">00:00:00.0005304</duration><startTime type="System.DateTime"><dateData type="System.UInt64">633673774842347016</dateData></startTime><endTime type="System.DateTime"><dateData type="System.UInt64">633673774842503276</dateData></endTime><spoolMessage type="System.Boolean">True</spoolMessage></UnitTestResult><UnitTestResult type="Microsoft.VisualStudio.TestTools.TestTypes.Unit.UnitTestResult, Microsoft.VisualStudio.QualityTools.Tips.UnitTest.ObjectModel, Version=8.0.0.0, Culture=neutral, PublicKeyToken=b03f5f7f11d50a3a"><resultType type="Microsoft.VisualStudio.TestTools.TestTypes.Unit.UnitTestResultType, Microsoft.VisualStudio.QualityTools.Tips.UnitTest.ObjectModel, Version=8.0.0.0, Culture=neutral, PublicKeyToken=b03f5f7f11d50a3a"><value__ type="System.Int32">0</value__></resultType><m_hasSufficientAccess type="System.Boolean">True</m_hasSufficientAccess><counters type="Microsoft.VisualStudio.TestTools.Common.TestResultCounter"><values type="System.Int32">0,0,0,0,0,0,0,0,0,0,0,0,0,0</values><total type="System.Int32">1</total></counters><categoryId type="Microsoft.VisualStudio.TestTools.Common.TestCategoryId"><id type="System.Guid">8c84fa94-04c1-424b-9868-57a2d4851a1d</id></categoryId><outcome type="Microsoft.VisualStudio.TestTools.Common.TestOutcome"><value__ type="System.Int32">4</value__></outcome><errorInfo type="Microsoft.VisualStudio.TestTools.Common.TestResultErrorInfo"><message type="System.String">Assert.Inconclusive failed. Verify the correctness of this test method</message><stackTrace type="System.String">   at BrownShoe.UnitTests.Services.ContentManagement.CMTokenServiceTest.GetCatLinks1Test()
</stackTrace></errorInfo><traceInfo type="Microsoft.VisualStudio.TestTools.Common.TestExecutionTraceInformation"><trace type="System.Text.StringBuilder">Creating instance of class BrownShoe.UnitTests.Services.ContentManagement.CMTokenServiceTest.
Calling Test method BrownShoe.UnitTests.Services.ContentManagement.CMTokenServiceTest.Microsoft.VisualStudio.TestTools.TestTypes.Unit.TestMethod.
</trace></traceInfo><stdout type="System.String" /><stderr type="System.String" /><debugTrace type="System.String" /><workItemIds type="System.Collections.Generic.List`1[[System.Int32, mscorlib, Version=2.0.0.0, Culture=neutral, PublicKeyToken=b77a5c561934e089]]"><_size type="System.Int32">0</_size><_version type="System.Int32">1</_version></workItemIds><id type="Microsoft.VisualStudio.TestTools.Common.TestResultId"><runId type="System.Guid">3d9a8baa-b9cb-4717-8a94-3c6445344217</runId><executionId type="Microsoft.VisualStudio.TestTools.Common.TestExecId"><id type="System.Guid">3c72dd6e-2561-4d97-aa46-2e0568bfedcc</id></executionId><parentExecId type="Microsoft.VisualStudio.TestTools.Common.TestExecId"><id type="System.Guid">00000000-0000-0000-0000-000000000000</id></parentExecId><testId type="Microsoft.VisualStudio.TestTools.Common.TestId"><id type="System.Guid">60ad9cbf-6d27-58a9-03bc-8d4f554fe062</id></testId></id><testName type="System.String">GetCatLinks1Test</testName><testType type="Microsoft.VisualStudio.TestTools.Common.TestType"><id type="System.Guid">13cdc9d9-ddb5-4fa4-a97d-d965ccfc6d4b</id></testType><messageKind type="Microsoft.VisualStudio.TestTools.Common.TestMessageKind"><value__ type="System.Int32">1</value__></messageKind><computerInfo type="Microsoft.VisualStudio.TestTools.Common.ComputerInfo"><m_computerName type="System.String">ECDATA-TFS01</m_computerName></computerInfo><duration type="System.TimeSpan">00:00:00.0009907</duration><startTime type="System.DateTime"><dateData type="System.UInt64">633673774842503276</dateData></startTime><endTime type="System.DateTime"><dateData type="System.UInt64">633673774842503276</dateData></endTime><spoolMessage type="System.Boolean">True</spoolMessage></UnitTestResult><UnitTestResult type="Microsoft.VisualStudio.TestTools.TestTypes.Unit.UnitTestResult, Microsoft.VisualStudio.QualityTools.Tips.UnitTest.ObjectModel, Version=8.0.0.0, Culture=neutral, PublicKeyToken=b03f5f7f11d50a3a"><resultType type="Microsoft.VisualStudio.TestTools.TestTypes.Unit.UnitTestResultType, Microsoft.VisualStudio.QualityTools.Tips.UnitTest.ObjectModel, Version=8.0.0.0, Culture=neutral, PublicKeyToken=b03f5f7f11d50a3a"><value__ type="System.Int32">0</value__></resultType><m_hasSufficientAccess type="System.Boolean">True</m_hasSufficientAccess><counters type="Microsoft.VisualStudio.TestTools.Common.TestResultCounter"><values type="System.Int32">0,0,0,0,0,0,0,0,0,0,0,0,0,0</values><total type="System.Int32">1</total></counters><categoryId type="Microsoft.VisualStudio.TestTools.Common.TestCategoryId"><id type="System.Guid">8c84fa94-04c1-424b-9868-57a2d4851a1d</id></categoryId><outcome type="Microsoft.VisualStudio.TestTools.Common.TestOutcome"><value__ type="System.Int32">4</value__></outcome><errorInfo type="Microsoft.VisualStudio.TestTools.Common.TestResultErrorInfo"><message type="System.String">Assert.Inconclusive failed. Verify the correctness of this test method</message><stackTrace type="System.String">   at BrownShoe.UnitTests.Services.ContentManagement.CMTokenServiceTest.GetCatLinks2Test()
</stackTrace></errorInfo><traceInfo type="Microsoft.VisualStudio.TestTools.Common.TestExecutionTraceInformation"><trace type="System.Text.StringBuilder">Creating instance of class BrownShoe.UnitTests.Services.ContentManagement.CMTokenServiceTest.
Calling Test method BrownShoe.UnitTests.Services.ContentManagement.CMTokenServiceTest.Microsoft.VisualStudio.TestTools.TestTypes.Unit.TestMethod.
</trace></traceInfo><stdout type="System.String" /><stderr type="System.String" /><debugTrace type="System.String" /><workItemIds type="System.Collections.Generic.List`1[[System.Int32, mscorlib, Version=2.0.0.0, Culture=neutral, PublicKeyToken=b77a5c561934e089]]"><_size type="System.Int32">0</_size><_version type="System.Int32">1</_version></workItemIds><id type="Microsoft.VisualStudio.TestTools.Common.TestResultId"><runId type="System.Guid">3d9a8baa-b9cb-4717-8a94-3c6445344217</runId><executionId type="Microsoft.VisualStudio.TestTools.Common.TestExecId"><id type="System.Guid">8a5458b7-d7fa-4395-99af-0fb4dd112199</id></executionId><parentExecId type="Microsoft.VisualStudio.TestTools.Common.TestExecId"><id type="System.Guid">00000000-0000-0000-0000-000000000000</id></parentExecId><testId type="Microsoft.VisualStudio.TestTools.Common.TestId"><id type="System.Guid">58a60d8c-db60-4fd5-7ad8-301055d9d19f</id></testId></id><testName type="System.String">GetCatLinks2Test</testName><testType type="Microsoft.VisualStudio.TestTools.Common.TestType"><id type="System.Guid">13cdc9d9-ddb5-4fa4-a97d-d965ccfc6d4b</id></testType><messageKind type="Microsoft.VisualStudio.TestTools.Common.TestMessageKind"><value__ type="System.Int32">1</value__></messageKind><computerInfo type="Microsoft.VisualStudio.TestTools.Common.ComputerInfo"><m_computerName type="System.String">ECDATA-TFS01</m_computerName></computerInfo><duration type="System.TimeSpan">00:00:00.0006790</duration><startTime type="System.DateTime"><dateData type="System.UInt64">633673774842503276</dateData></startTime><endTime type="System.DateTime"><dateData type="System.UInt64">633673774842503276</dateData></endTime><spoolMessage type="System.Boolean">True</spoolMessage></UnitTestResult><UnitTestResult type="Microsoft.VisualStudio.TestTools.TestTypes.Unit.UnitTestResult, Microsoft.VisualStudio.QualityTools.Tips.UnitTest.ObjectModel, Version=8.0.0.0, Culture=neutral, PublicKeyToken=b03f5f7f11d50a3a"><resultType type="Microsoft.VisualStudio.TestTools.TestTypes.Unit.UnitTestResultType, Microsoft.VisualStudio.QualityTools.Tips.UnitTest.ObjectModel, Version=8.0.0.0, Culture=neutral, PublicKeyToken=b03f5f7f11d50a3a"><value__ type="System.Int32">0</value__></resultType><m_hasSufficientAccess type="System.Boolean">True</m_hasSufficientAccess><counters type="Microsoft.VisualStudio.TestTools.Common.TestResultCounter"><values type="System.Int32">0,0,0,0,0,0,0,0,0,0,0,0,0,0</values><total type="System.Int32">1</total></counters><categoryId type="Microsoft.VisualStudio.TestTools.Common.TestCategoryId"><id type="System.Guid">8c84fa94-04c1-424b-9868-57a2d4851a1d</id></categoryId><outcome type="Microsoft.VisualStudio.TestTools.Common.TestOutcome"><value__ type="System.Int32">4</value__></outcome><errorInfo type="Microsoft.VisualStudio.TestTools.Common.TestResultErrorInfo"><message type="System.String">Assert.Inconclusive failed. Verify the correctness of this test method</message><stackTrace type="System.String">   at BrownShoe.UnitTests.Services.ContentManagement.CMTokenServiceTest.GetCatLinks3Test()
</stackTrace></errorInfo><traceInfo type="Microsoft.VisualStudio.TestTools.Common.TestExecutionTraceInformation"><trace type="System.Text.StringBuilder">Creating instance of class BrownShoe.UnitTests.Services.ContentManagement.CMTokenServiceTest.
Calling Test method BrownShoe.UnitTests.Services.ContentManagement.CMTokenServiceTest.Microsoft.VisualStudio.TestTools.TestTypes.Unit.TestMethod.
</trace></traceInfo><stdout type="System.String" /><stderr type="System.String" /><debugTrace type="System.String" /><workItemIds type="System.Collections.Generic.List`1[[System.Int32, mscorlib, Version=2.0.0.0, Culture=neutral, PublicKeyToken=b77a5c561934e089]]"><_size type="System.Int32">0</_size><_version type="System.Int32">1</_version></workItemIds><id type="Microsoft.VisualStudio.TestTools.Common.TestResultId"><runId type="System.Guid">3d9a8baa-b9cb-4717-8a94-3c6445344217</runId><executionId type="Microsoft.VisualStudio.TestTools.Common.TestExecId"><id type="System.Guid">fe56f251-0d56-4afd-b95b-a9b66ebf52e4</id></executionId><parentExecId type="Microsoft.VisualStudio.TestTools.Common.TestExecId"><id type="System.Guid">00000000-0000-0000-0000-000000000000</id></parentExecId><testId type="Microsoft.VisualStudio.TestTools.Common.TestId"><id type="System.Guid">52bafb84-2280-5590-1471-c9226ba16057</id></testId></id><testName type="System.String">GetCatLinks3Test</testName><testType type="Microsoft.VisualStudio.TestTools.Common.TestType"><id type="System.Guid">13cdc9d9-ddb5-4fa4-a97d-d965ccfc6d4b</id></testType><messageKind type="Microsoft.VisualStudio.TestTools.Common.TestMessageKind"><value__ type="System.Int32">1</value__></messageKind><computerInfo type="Microsoft.VisualStudio.TestTools.Common.ComputerInfo"><m_computerName type="System.String">ECDATA-TFS01</m_computerName></computerInfo><duration type="System.TimeSpan">00:00:00.0009808</duration><startTime type="System.DateTime"><dateData type="System.UInt64">633673774842503276</dateData></startTime><endTime type="System.DateTime"><dateData type="System.UInt64">633673774842659536</dateData></endTime><spoolMessage type="System.Boolean">True</spoolMessage></UnitTestResult><UnitTestResult type="Microsoft.VisualStudio.TestTools.TestTypes.Unit.UnitTestResult, Microsoft.VisualStudio.QualityTools.Tips.UnitTest.ObjectModel, Version=8.0.0.0, Culture=neutral, PublicKeyToken=b03f5f7f11d50a3a"><resultType type="Microsoft.VisualStudio.TestTools.TestTypes.Unit.UnitTestResultType, Microsoft.VisualStudio.QualityTools.Tips.UnitTest.ObjectModel, Version=8.0.0.0, Culture=neutral, PublicKeyToken=b03f5f7f11d50a3a"><value__ type="System.Int32">0</value__></resultType><m_hasSufficientAccess type="System.Boolean">True</m_hasSufficientAccess><counters type="Microsoft.VisualStudio.TestTools.Common.TestResultCounter"><values type="System.Int32">0,0,0,0,0,0,0,0,0,0,0,0,0,0</values><total type="System.Int32">1</total></counters><categoryId type="Microsoft.VisualStudio.TestTools.Common.TestCategoryId"><id type="System.Guid">8c84fa94-04c1-424b-9868-57a2d4851a1d</id></categoryId><outcome type="Microsoft.VisualStudio.TestTools.Common.TestOutcome"><value__ type="System.Int32">4</value__></outcome><errorInfo type="Microsoft.VisualStudio.TestTools.Common.TestResultErrorInfo"><message type="System.String">Assert.Inconclusive failed. Verify the correctness of this test method</message><stackTrace type="System.String">   at BrownShoe.UnitTests.Services.ContentManagement.CMTokenServiceTest.GetCatLinks4Test()
</stackTrace></errorInfo><traceInfo type="Microsoft.VisualStudio.TestTools.Common.TestExecutionTraceInformation"><trace type="System.Text.StringBuilder">Creating instance of class BrownShoe.UnitTests.Services.ContentManagement.CMTokenServiceTest.
Calling Test method BrownShoe.UnitTests.Services.ContentManagement.CMTokenServiceTest.Microsoft.VisualStudio.TestTools.TestTypes.Unit.TestMethod.
</trace></traceInfo><stdout type="System.String" /><stderr type="System.String" /><debugTrace type="System.String" /><workItemIds type="System.Collections.Generic.List`1[[System.Int32, mscorlib, Version=2.0.0.0, Culture=neutral, PublicKeyToken=b77a5c561934e089]]"><_size type="System.Int32">0</_size><_version type="System.Int32">1</_version></workItemIds><id type="Microsoft.VisualStudio.TestTools.Common.TestResultId"><runId type="System.Guid">3d9a8baa-b9cb-4717-8a94-3c6445344217</runId><executionId type="Microsoft.VisualStudio.TestTools.Common.TestExecId"><id type="System.Guid">3093c97b-0802-435e-b7ec-9e1c2bef3aba</id></executionId><parentExecId type="Microsoft.VisualStudio.TestTools.Common.TestExecId"><id type="System.Guid">00000000-0000-0000-0000-000000000000</id></parentExecId><testId type="Microsoft.VisualStudio.TestTools.Common.TestId"><id type="System.Guid">3e56ec43-ad72-0dbc-1fc6-3a10d7dd4c35</id></testId></id><testName type="System.String">GetCatLinks4Test</testName><testType type="Microsoft.VisualStudio.TestTools.Common.TestType"><id type="System.Guid">13cdc9d9-ddb5-4fa4-a97d-d965ccfc6d4b</id></testType><messageKind type="Microsoft.VisualStudio.TestTools.Common.TestMessageKind"><value__ type="System.Int32">1</value__></messageKind><computerInfo type="Microsoft.VisualStudio.TestTools.Common.ComputerInfo"><m_computerName type="System.String">ECDATA-TFS01</m_computerName></computerInfo><duration type="System.TimeSpan">00:00:00.0007188</duration><startTime type="System.DateTime"><dateData type="System.UInt64">633673774842659536</dateData></startTime><endTime type="System.DateTime"><dateData type="System.UInt64">633673774842659536</dateData></endTime><spoolMessage type="System.Boolean">True</spoolMessage></UnitTestResult><UnitTestResult type="Microsoft.VisualStudio.TestTools.TestTypes.Unit.UnitTestResult, Microsoft.VisualStudio.QualityTools.Tips.UnitTest.ObjectModel, Version=8.0.0.0, Culture=neutral, PublicKeyToken=b03f5f7f11d50a3a"><resultType type="Microsoft.VisualStudio.TestTools.TestTypes.Unit.UnitTestResultType, Microsoft.VisualStudio.QualityTools.Tips.UnitTest.ObjectModel, Version=8.0.0.0, Culture=neutral, PublicKeyToken=b03f5f7f11d50a3a"><value__ type="System.Int32">0</value__></resultType><m_hasSufficientAccess type="System.Boolean">True</m_hasSufficientAccess><counters type="Microsoft.VisualStudio.TestTools.Common.TestResultCounter"><values type="System.Int32">0,0,0,0,0,0,0,0,0,0,0,0,0,0</values><total type="System.Int32">1</total></counters><categoryId type="Microsoft.VisualStudio.TestTools.Common.TestCategoryId"><id type="System.Guid">8c84fa94-04c1-424b-9868-57a2d4851a1d</id></categoryId><outcome type="Microsoft.VisualStudio.TestTools.Common.TestOutcome"><value__ type="System.Int32">4</value__></outcome><errorInfo type="Microsoft.VisualStudio.TestTools.Common.TestResultErrorInfo"><message type="System.String">Assert.Inconclusive failed. Verify the correctness of this test method</message><stackTrace type="System.String">   at BrownShoe.UnitTests.Services.ContentManagement.CMTokenServiceTest.GetCatLinks5Test()
</stackTrace></errorInfo><traceInfo type="Microsoft.VisualStudio.TestTools.Common.TestExecutionTraceInformation"><trace type="System.Text.StringBuilder">Creating instance of class BrownShoe.UnitTests.Services.ContentManagement.CMTokenServiceTest.
Calling Test method BrownShoe.UnitTests.Services.ContentManagement.CMTokenServiceTest.Microsoft.VisualStudio.TestTools.TestTypes.Unit.TestMethod.
</trace></traceInfo><stdout type="System.String" /><stderr type="System.String" /><debugTrace type="System.String" /><workItemIds type="System.Collections.Generic.List`1[[System.Int32, mscorlib, Version=2.0.0.0, Culture=neutral, PublicKeyToken=b77a5c561934e089]]"><_size type="System.Int32">0</_size><_version type="System.Int32">1</_version></workItemIds><id type="Microsoft.VisualStudio.TestTools.Common.TestResultId"><runId type="System.Guid">3d9a8baa-b9cb-4717-8a94-3c6445344217</runId><executionId type="Microsoft.VisualStudio.TestTools.Common.TestExecId"><id type="System.Guid">45c7e259-883d-4db3-bd67-43600acb88d2</id></executionId><parentExecId type="Microsoft.VisualStudio.TestTools.Common.TestExecId"><id type="System.Guid">00000000-0000-0000-0000-000000000000</id></parentExecId><testId type="Microsoft.VisualStudio.TestTools.Common.TestId"><id type="System.Guid">33146366-1446-3536-bf6c-c7a570cea11d</id></testId></id><testName type="System.String">GetCatLinks5Test</testName><testType type="Microsoft.VisualStudio.TestTools.Common.TestType"><id type="System.Guid">13cdc9d9-ddb5-4fa4-a97d-d965ccfc6d4b</id></testType><messageKind type="Microsoft.VisualStudio.TestTools.Common.TestMessageKind"><value__ type="System.Int32">1</value__></messageKind><computerInfo type="Microsoft.VisualStudio.TestTools.Common.ComputerInfo"><m_computerName type="System.String">ECDATA-TFS01</m_computerName></computerInfo><duration type="System.TimeSpan">00:00:00.0008871</duration><startTime type="System.DateTime"><dateData type="System.UInt64">633673774842659536</dateData></startTime><endTime type="System.DateTime"><dateData type="System.UInt64">633673774842815796</dateData></endTime><spoolMessage type="System.Boolean">True</spoolMessage></UnitTestResult><UnitTestResult type="Microsoft.VisualStudio.TestTools.TestTypes.Unit.UnitTestResult, Microsoft.VisualStudio.QualityTools.Tips.UnitTest.ObjectModel, Version=8.0.0.0, Culture=neutral, PublicKeyToken=b03f5f7f11d50a3a"><resultType type="Microsoft.VisualStudio.TestTools.TestTypes.Unit.UnitTestResultType, Microsoft.VisualStudio.QualityTools.Tips.UnitTest.ObjectModel, Version=8.0.0.0, Culture=neutral, PublicKeyToken=b03f5f7f11d50a3a"><value__ type="System.Int32">0</value__></resultType><m_hasSufficientAccess type="System.Boolean">True</m_hasSufficientAccess><counters type="Microsoft.VisualStudio.TestTools.Common.TestResultCounter"><values type="System.Int32">0,0,0,0,0,0,0,0,0,0,0,0,0,0</values><total type="System.Int32">1</total></counters><categoryId type="Microsoft.VisualStudio.TestTools.Common.TestCategoryId"><id type="System.Guid">8c84fa94-04c1-424b-9868-57a2d4851a1d</id></categoryId><outcome type="Microsoft.VisualStudio.TestTools.Common.TestOutcome"><value__ type="System.Int32">4</value__></outcome><errorInfo type="Microsoft.VisualStudio.TestTools.Common.TestResultErrorInfo"><message type="System.String">Assert.Inconclusive failed. Verify the correctness of this test method</message><stackTrace type="System.String">   at BrownShoe.UnitTests.Services.ContentManagement.CMTokenServiceTest.GetCatLinks6Test()
</stackTrace></errorInfo><traceInfo type="Microsoft.VisualStudio.TestTools.Common.TestExecutionTraceInformation"><trace type="System.Text.StringBuilder">Creating instance of class BrownShoe.UnitTests.Services.ContentManagement.CMTokenServiceTest.
Calling Test method BrownShoe.UnitTests.Services.ContentManagement.CMTokenServiceTest.Microsoft.VisualStudio.TestTools.TestTypes.Unit.TestMethod.
</trace></traceInfo><stdout type="System.String" /><stderr type="System.String" /><debugTrace type="System.String" /><workItemIds type="System.Collections.Generic.List`1[[System.Int32, mscorlib, Version=2.0.0.0, Culture=neutral, PublicKeyToken=b77a5c561934e089]]"><_size type="System.Int32">0</_size><_version type="System.Int32">1</_version></workItemIds><id type="Microsoft.VisualStudio.TestTools.Common.TestResultId"><runId type="System.Guid">3d9a8baa-b9cb-4717-8a94-3c6445344217</runId><executionId type="Microsoft.VisualStudio.TestTools.Common.TestExecId"><id type="System.Guid">de5e6c3a-7cac-4257-a400-9237e2c14842</id></executionId><parentExecId type="Microsoft.VisualStudio.TestTools.Common.TestExecId"><id type="System.Guid">00000000-0000-0000-0000-000000000000</id></parentExecId><testId type="Microsoft.VisualStudio.TestTools.Common.TestId"><id type="System.Guid">e0ba393a-d99a-7b84-067f-2096f2825b94</id></testId></id><testName type="System.String">GetCatLinks6Test</testName><testType type="Microsoft.VisualStudio.TestTools.Common.TestType"><id type="System.Guid">13cdc9d9-ddb5-4fa4-a97d-d965ccfc6d4b</id></testType><messageKind type="Microsoft.VisualStudio.TestTools.Common.TestMessageKind"><value__ type="System.Int32">1</value__></messageKind><computerInfo type="Microsoft.VisualStudio.TestTools.Common.ComputerInfo"><m_computerName type="System.String">ECDATA-TFS01</m_computerName></computerInfo><duration type="System.TimeSpan">00:00:00.0006897</duration><startTime type="System.DateTime"><dateData type="System.UInt64">633673774842815796</dateData></startTime><endTime type="System.DateTime"><dateData type="System.UInt64">633673774842815796</dateData></endTime><spoolMessage type="System.Boolean">True</spoolMessage></UnitTestResult><UnitTestResult type="Microsoft.VisualStudio.TestTools.TestTypes.Unit.UnitTestResult, Microsoft.VisualStudio.QualityTools.Tips.UnitTest.ObjectModel, Version=8.0.0.0, Culture=neutral, PublicKeyToken=b03f5f7f11d50a3a"><resultType type="Microsoft.VisualStudio.TestTools.TestTypes.Unit.UnitTestResultType, Microsoft.VisualStudio.QualityTools.Tips.UnitTest.ObjectModel, Version=8.0.0.0, Culture=neutral, PublicKeyToken=b03f5f7f11d50a3a"><value__ type="System.Int32">0</value__></resultType><m_hasSufficientAccess type="System.Boolean">True</m_hasSufficientAccess><counters type="Microsoft.VisualStudio.TestTools.Common.TestResultCounter"><values type="System.Int32">0,0,0,0,0,0,0,0,0,0,0,0,0,0</values><total type="System.Int32">1</total></counters><categoryId type="Microsoft.VisualStudio.TestTools.Common.TestCategoryId"><id type="System.Guid">8c84fa94-04c1-424b-9868-57a2d4851a1d</id></categoryId><outcome type="Microsoft.VisualStudio.TestTools.Common.TestOutcome"><value__ type="System.Int32">4</value__></outcome><errorInfo type="Microsoft.VisualStudio.TestTools.Common.TestResultErrorInfo"><message type="System.String">Assert.Inconclusive failed. Verify the correctness of this test method</message><stackTrace type="System.String">   at BrownShoe.UnitTests.Services.ContentManagement.CMTokenServiceTest.GetLifeStyleAreaTest()
</stackTrace></errorInfo><traceInfo type="Microsoft.VisualStudio.TestTools.Common.TestExecutionTraceInformation"><trace type="System.Text.StringBuilder">Creating instance of class BrownShoe.UnitTests.Services.ContentManagement.CMTokenServiceTest.
Calling Test method BrownShoe.UnitTests.Services.ContentManagement.CMTokenServiceTest.Microsoft.VisualStudio.TestTools.TestTypes.Unit.TestMethod.
</trace></traceInfo><stdout type="System.String" /><stderr type="System.String" /><debugTrace type="System.String" /><workItemIds type="System.Collections.Generic.List`1[[System.Int32, mscorlib, Version=2.0.0.0, Culture=neutral, PublicKeyToken=b77a5c561934e089]]"><_size type="System.Int32">0</_size><_version type="System.Int32">1</_version></workItemIds><id type="Microsoft.VisualStudio.TestTools.Common.TestResultId"><runId type="System.Guid">3d9a8baa-b9cb-4717-8a94-3c6445344217</runId><executionId type="Microsoft.VisualStudio.TestTools.Common.TestExecId"><id type="System.Guid">3abb0b2f-d366-438d-aac6-0b8e6d1ea5dc</id></executionId><parentExecId type="Microsoft.VisualStudio.TestTools.Common.TestExecId"><id type="System.Guid">00000000-0000-0000-0000-000000000000</id></parentExecId><testId type="Microsoft.VisualStudio.TestTools.Common.TestId"><id type="System.Guid">e540d12d-ef22-3359-a5c2-e54877846606</id></testId></id><testName type="System.String">GetLifeStyleAreaTest</testName><testType type="Microsoft.VisualStudio.TestTools.Common.TestType"><id type="System.Guid">13cdc9d9-ddb5-4fa4-a97d-d965ccfc6d4b</id></testType><messageKind type="Microsoft.VisualStudio.TestTools.Common.TestMessageKind"><value__ type="System.Int32">1</value__></messageKind><computerInfo type="Microsoft.VisualStudio.TestTools.Common.ComputerInfo"><m_computerName type="System.String">ECDATA-TFS01</m_computerName></computerInfo><duration type="System.TimeSpan">00:00:00.0010292</duration><startTime type="System.DateTime"><dateData type="System.UInt64">633673774842815796</dateData></startTime><endTime type="System.DateTime"><dateData type="System.UInt64">633673774842815796</dateData></endTime><spoolMessage type="System.Boolean">True</spoolMessage></UnitTestResult><UnitTestResult type="Microsoft.VisualStudio.TestTools.TestTypes.Unit.UnitTestResult, Microsoft.VisualStudio.QualityTools.Tips.UnitTest.ObjectModel, Version=8.0.0.0, Culture=neutral, PublicKeyToken=b03f5f7f11d50a3a"><resultType type="Microsoft.VisualStudio.TestTools.TestTypes.Unit.UnitTestResultType, Microsoft.VisualStudio.QualityTools.Tips.UnitTest.ObjectModel, Version=8.0.0.0, Culture=neutral, PublicKeyToken=b03f5f7f11d50a3a"><value__ type="System.Int32">0</value__></resultType><m_hasSufficientAccess type="System.Boolean">True</m_hasSufficientAccess><counters type="Microsoft.VisualStudio.TestTools.Common.TestResultCounter"><values type="System.Int32">0,0,0,0,0,0,0,0,0,0,0,0,0,0</values><total type="System.Int32">1</total></counters><categoryId type="Microsoft.VisualStudio.TestTools.Common.TestCategoryId"><id type="System.Guid">8c84fa94-04c1-424b-9868-57a2d4851a1d</id></categoryId><outcome type="Microsoft.VisualStudio.TestTools.Common.TestOutcome"><value__ type="System.Int32">4</value__></outcome><errorInfo type="Microsoft.VisualStudio.TestTools.Common.TestResultErrorInfo"><message type="System.String">Assert.Inconclusive failed. Verify the correctness of this test method</message><stackTrace type="System.String">   at BrownShoe.UnitTests.Services.ContentManagement.CMTokenServiceTest.GetPromoAreaTest()
</stackTrace></errorInfo><traceInfo type="Microsoft.VisualStudio.TestTools.Common.TestExecutionTraceInformation"><trace type="System.Text.StringBuilder">Creating instance of class BrownShoe.UnitTests.Services.ContentManagement.CMTokenServiceTest.
Calling Test method BrownShoe.UnitTests.Services.ContentManagement.CMTokenServiceTest.Microsoft.VisualStudio.TestTools.TestTypes.Unit.TestMethod.
</trace></traceInfo><stdout type="System.String" /><stderr type="System.String" /><debugTrace type="System.String" /><workItemIds type="System.Collections.Generic.List`1[[System.Int32, mscorlib, Version=2.0.0.0, Culture=neutral, PublicKeyToken=b77a5c561934e089]]"><_size type="System.Int32">0</_size><_version type="System.Int32">1</_version></workItemIds><id type="Microsoft.VisualStudio.TestTools.Common.TestResultId"><runId type="System.Guid">3d9a8baa-b9cb-4717-8a94-3c6445344217</runId><executionId type="Microsoft.VisualStudio.TestTools.Common.TestExecId"><id type="System.Guid">04d01662-2f98-4cd8-bd3e-3e68853aa937</id></executionId><parentExecId type="Microsoft.VisualStudio.TestTools.Common.TestExecId"><id type="System.Guid">00000000-0000-0000-0000-000000000000</id></parentExecId><testId type="Microsoft.VisualStudio.TestTools.Common.TestId"><id type="System.Guid">f185c615-863e-4e84-29d5-8e5005197cce</id></testId></id><testName type="System.String">GetPromoAreaTest</testName><testType type="Microsoft.VisualStudio.TestTools.Common.TestType"><id type="System.Guid">13cdc9d9-ddb5-4fa4-a97d-d965ccfc6d4b</id></testType><messageKind type="Microsoft.VisualStudio.TestTools.Common.TestMessageKind"><value__ type="System.Int32">1</value__></messageKind><computerInfo type="Microsoft.VisualStudio.TestTools.Common.ComputerInfo"><m_computerName type="System.String">ECDATA-TFS01</m_computerName></computerInfo><duration type="System.TimeSpan">00:00:00.0007638</duration><startTime type="System.DateTime"><dateData type="System.UInt64">633673774842815796</dateData></startTime><endTime type="System.DateTime"><dateData type="System.UInt64">633673774842972056</dateData></endTime><spoolMessage type="System.Boolean">True</spoolMessage></UnitTestResult><UnitTestResult type="Microsoft.VisualStudio.TestTools.TestTypes.Unit.UnitTestResult, Microsoft.VisualStudio.QualityTools.Tips.UnitTest.ObjectModel, Version=8.0.0.0, Culture=neutral, PublicKeyToken=b03f5f7f11d50a3a"><resultType type="Microsoft.VisualStudio.TestTools.TestTypes.Unit.UnitTestResultType, Microsoft.VisualStudio.QualityTools.Tips.UnitTest.ObjectModel, Version=8.0.0.0, Culture=neutral, PublicKeyToken=b03f5f7f11d50a3a"><value__ type="System.Int32">0</value__></resultType><m_hasSufficientAccess type="System.Boolean">True</m_hasSufficientAccess><counters type="Microsoft.VisualStudio.TestTools.Common.TestResultCounter"><values type="System.Int32">0,0,0,0,0,0,0,0,0,0,0,0,0,0</values><total type="System.Int32">1</total></counters><categoryId type="Microsoft.VisualStudio.TestTools.Common.TestCategoryId"><id type="System.Guid">8c84fa94-04c1-424b-9868-57a2d4851a1d</id></categoryId><outcome type="Microsoft.VisualStudio.TestTools.Common.TestOutcome"><value__ type="System.Int32">4</value__></outcome><errorInfo type="Microsoft.VisualStudio.TestTools.Common.TestResultErrorInfo"><message type="System.String">Assert.Inconclusive failed. Verify the correctness of this test method</message><stackTrace type="System.String">   at BrownShoe.UnitTests.Services.ContentManagement.CMTokenServiceTest.GetRenderLeftGenderTest()
</stackTrace></errorInfo><traceInfo type="Microsoft.VisualStudio.TestTools.Common.TestExecutionTraceInformation"><trace type="System.Text.StringBuilder">Creating instance of class BrownShoe.UnitTests.Services.ContentManagement.CMTokenServiceTest.
Calling Test method BrownShoe.UnitTests.Services.ContentManagement.CMTokenServiceTest.Microsoft.VisualStudio.TestTools.TestTypes.Unit.TestMethod.
</trace></traceInfo><stdout type="System.String" /><stderr type="System.String" /><debugTrace type="System.String" /><workItemIds type="System.Collections.Generic.List`1[[System.Int32, mscorlib, Version=2.0.0.0, Culture=neutral, PublicKeyToken=b77a5c561934e089]]"><_size type="System.Int32">0</_size><_version type="System.Int32">1</_version></workItemIds><id type="Microsoft.VisualStudio.TestTools.Common.TestResultId"><runId type="System.Guid">3d9a8baa-b9cb-4717-8a94-3c6445344217</runId><executionId type="Microsoft.VisualStudio.TestTools.Common.TestExecId"><id type="System.Guid">a9281011-f1a6-477c-8663-1a7dccc3c3fc</id></executionId><parentExecId type="Microsoft.VisualStudio.TestTools.Common.TestExecId"><id type="System.Guid">00000000-0000-0000-0000-000000000000</id></parentExecId><testId type="Microsoft.VisualStudio.TestTools.Common.TestId"><id type="System.Guid">999406ca-ef1e-776d-5c1d-e048d4936df0</id></testId></id><testName type="System.String">GetRenderLeftGenderTest</testName><testType type="Microsoft.VisualStudio.TestTools.Common.TestType"><id type="System.Guid">13cdc9d9-ddb5-4fa4-a97d-d965ccfc6d4b</id></testType><messageKind type="Microsoft.VisualStudio.TestTools.Common.TestMessageKind"><value__ type="System.Int32">1</value__></messageKind><computerInfo type="Microsoft.VisualStudio.TestTools.Common.ComputerInfo"><m_computerName type="System.String">ECDATA-TFS01</m_computerName></computerInfo><duration type="System.TimeSpan">00:00:00.0008535</duration><startTime type="System.DateTime"><dateData type="System.UInt64">633673774842972056</dateData></startTime><endTime type="System.DateTime"><dateData type="System.UInt64">633673774842972056</dateData></endTime><spoolMessage type="System.Boolean">True</spoolMessage></UnitTestResult><UnitTestResult type="Microsoft.VisualStudio.TestTools.TestTypes.Unit.UnitTestResult, Microsoft.VisualStudio.QualityTools.Tips.UnitTest.ObjectModel, Version=8.0.0.0, Culture=neutral, PublicKeyToken=b03f5f7f11d50a3a"><resultType type="Microsoft.VisualStudio.TestTools.TestTypes.Unit.UnitTestResultType, Microsoft.VisualStudio.QualityTools.Tips.UnitTest.ObjectModel, Version=8.0.0.0, Culture=neutral, PublicKeyToken=b03f5f7f11d50a3a"><value__ type="System.Int32">0</value__></resultType><m_hasSufficientAccess type="System.Boolean">True</m_hasSufficientAccess><counters type="Microsoft.VisualStudio.TestTools.Common.TestResultCounter"><values type="System.Int32">0,0,0,0,0,0,0,0,0,0,0,0,0,0</values><total type="System.Int32">1</total></counters><categoryId type="Microsoft.VisualStudio.TestTools.Common.TestCategoryId"><id type="System.Guid">8c84fa94-04c1-424b-9868-57a2d4851a1d</id></categoryId><outcome type="Microsoft.VisualStudio.TestTools.Common.TestOutcome"><value__ type="System.Int32">4</value__></outcome><errorInfo type="Microsoft.VisualStudio.TestTools.Common.TestResultErrorInfo"><message type="System.String">Assert.Inconclusive failed. Verify the correctness of this test method</message><stackTrace type="System.String">   at BrownShoe.UnitTests.Services.ContentManagement.CMTokenServiceTest.GetShopSmarterTest()
</stackTrace></errorInfo><traceInfo type="Microsoft.VisualStudio.TestTools.Common.TestExecutionTraceInformation"><trace type="System.Text.StringBuilder">Creating instance of class BrownShoe.UnitTests.Services.ContentManagement.CMTokenServiceTest.
Calling Test method BrownShoe.UnitTests.Services.ContentManagement.CMTokenServiceTest.Microsoft.VisualStudio.TestTools.TestTypes.Unit.TestMethod.
</trace></traceInfo><stdout type="System.String" /><stderr type="System.String" /><debugTrace type="System.String" /><workItemIds type="System.Collections.Generic.List`1[[System.Int32, mscorlib, Version=2.0.0.0, Culture=neutral, PublicKeyToken=b77a5c561934e089]]"><_size type="System.Int32">0</_size><_version type="System.Int32">1</_version></workItemIds><id type="Microsoft.VisualStudio.TestTools.Common.TestResultId"><runId type="System.Guid">3d9a8baa-b9cb-4717-8a94-3c6445344217</runId><executionId type="Microsoft.VisualStudio.TestTools.Common.TestExecId"><id type="System.Guid">d0ceac25-d5e8-434b-a797-2f7c2266f41b</id></executionId><parentExecId type="Microsoft.VisualStudio.TestTools.Common.TestExecId"><id type="System.Guid">00000000-0000-0000-0000-000000000000</id></parentExecId><testId type="Microsoft.VisualStudio.TestTools.Common.TestId"><id type="System.Guid">6a28352d-ed97-983b-759f-302b085007c4</id></testId></id><testName type="System.String">GetShopSmarterTest</testName><testType type="Microsoft.VisualStudio.TestTools.Common.TestType"><id type="System.Guid">13cdc9d9-ddb5-4fa4-a97d-d965ccfc6d4b</id></testType><messageKind type="Microsoft.VisualStudio.TestTools.Common.TestMessageKind"><value__ type="System.Int32">1</value__></messageKind><computerInfo type="Microsoft.VisualStudio.TestTools.Common.ComputerInfo"><m_computerName type="System.String">ECDATA-TFS01</m_computerName></computerInfo><duration type="System.TimeSpan">00:00:00.0006334</duration><startTime type="System.DateTime"><dateData type="System.UInt64">633673774842972056</dateData></startTime><endTime type="System.DateTime"><dateData type="System.UInt64">633673774843128316</dateData></endTime><spoolMessage type="System.Boolean">True</spoolMessage></UnitTestResult><UnitTestResult type="Microsoft.VisualStudio.TestTools.TestTypes.Unit.UnitTestResult, Microsoft.VisualStudio.QualityTools.Tips.UnitTest.ObjectModel, Version=8.0.0.0, Culture=neutral, PublicKeyToken=b03f5f7f11d50a3a"><resultType type="Microsoft.VisualStudio.TestTools.TestTypes.Unit.UnitTestResultType, Microsoft.VisualStudio.QualityTools.Tips.UnitTest.ObjectModel, Version=8.0.0.0, Culture=neutral, PublicKeyToken=b03f5f7f11d50a3a"><value__ type="System.Int32">0</value__></resultType><m_hasSufficientAccess type="System.Boolean">True</m_hasSufficientAccess><counters type="Microsoft.VisualStudio.TestTools.Common.TestResultCounter"><values type="System.Int32">0,0,0,0,0,0,0,0,0,0,0,0,0,0</values><total type="System.Int32">1</total></counters><categoryId type="Microsoft.VisualStudio.TestTools.Common.TestCategoryId"><id type="System.Guid">8c84fa94-04c1-424b-9868-57a2d4851a1d</id></categoryId><outcome type="Microsoft.VisualStudio.TestTools.Common.TestOutcome"><value__ type="System.Int32">4</value__></outcome><errorInfo type="Microsoft.VisualStudio.TestTools.Common.TestResultErrorInfo"><message type="System.String">Assert.Inconclusive failed. Verify the correctness of this test method</message><stackTrace type="System.String">   at BrownShoe.UnitTests.Services.ContentManagement.CMTokenServiceTest.RenderBrandStyleListTest()
</stackTrace></errorInfo><traceInfo type="Microsoft.VisualStudio.TestTools.Common.TestExecutionTraceInformation"><trace type="System.Text.StringBuilder">Creating instance of class BrownShoe.UnitTests.Services.ContentManagement.CMTokenServiceTest.
Calling Test method BrownShoe.UnitTests.Services.ContentManagement.CMTokenServiceTest.Microsoft.VisualStudio.TestTools.TestTypes.Unit.TestMethod.
</trace></traceInfo><stdout type="System.String" /><stderr type="System.String" /><debugTrace type="System.String" /><workItemIds type="System.Collections.Generic.List`1[[System.Int32, mscorlib, Version=2.0.0.0, Culture=neutral, PublicKeyToken=b77a5c561934e089]]"><_size type="System.Int32">0</_size><_version type="System.Int32">1</_version></workItemIds><id type="Microsoft.VisualStudio.TestTools.Common.TestResultId"><runId type="System.Guid">3d9a8baa-b9cb-4717-8a94-3c6445344217</runId><executionId type="Microsoft.VisualStudio.TestTools.Common.TestExecId"><id type="System.Guid">db68657d-8022-4058-83bf-07c5eca073c3</id></executionId><parentExecId type="Microsoft.VisualStudio.TestTools.Common.TestExecId"><id type="System.Guid">00000000-0000-0000-0000-000000000000</id></parentExecId><testId type="Microsoft.VisualStudio.TestTools.Common.TestId"><id type="System.Guid">c4d02112-383d-a078-67c4-99ae0400462c</id></testId></id><testName type="System.String">RenderBrandStyleListTest</testName><testType type="Microsoft.VisualStudio.TestTools.Common.TestType"><id type="System.Guid">13cdc9d9-ddb5-4fa4-a97d-d965ccfc6d4b</id></testType><messageKind type="Microsoft.VisualStudio.TestTools.Common.TestMessageKind"><value__ type="System.Int32">1</value__></messageKind><computerInfo type="Microsoft.VisualStudio.TestTools.Common.ComputerInfo"><m_computerName type="System.String">ECDATA-TFS01</m_computerName></computerInfo><duration type="System.TimeSpan">00:00:00.0009273</duration><startTime type="System.DateTime"><dateData type="System.UInt64">633673774843128316</dateData></startTime><endTime type="System.DateTime"><dateData type="System.UInt64">633673774843128316</dateData></endTime><spoolMessage type="System.Boolean">True</spoolMessage></UnitTestResult><UnitTestResult type="Microsoft.VisualStudio.TestTools.TestTypes.Unit.UnitTestResult, Microsoft.VisualStudio.QualityTools.Tips.UnitTest.ObjectModel, Version=8.0.0.0, Culture=neutral, PublicKeyToken=b03f5f7f11d50a3a"><resultType type="Microsoft.VisualStudio.TestTools.TestTypes.Unit.UnitTestResultType, Microsoft.VisualStudio.QualityTools.Tips.UnitTest.ObjectModel, Version=8.0.0.0, Culture=neutral, PublicKeyToken=b03f5f7f11d50a3a"><value__ type="System.Int32">0</value__></resultType><m_hasSufficientAccess type="System.Boolean">True</m_hasSufficientAccess><counters type="Microsoft.VisualStudio.TestTools.Common.TestResultCounter"><values type="System.Int32">0,0,0,0,0,0,0,0,0,0,0,0,0,0</values><total type="System.Int32">1</total></counters><categoryId type="Microsoft.VisualStudio.TestTools.Common.TestCategoryId"><id type="System.Guid">8c84fa94-04c1-424b-9868-57a2d4851a1d</id></categoryId><outcome type="Microsoft.VisualStudio.TestTools.Common.TestOutcome"><value__ type="System.Int32">4</value__></outcome><errorInfo type="Microsoft.VisualStudio.TestTools.Common.TestResultErrorInfo"><message type="System.String">Assert.Inconclusive failed. Verify the correctness of this test method</message><stackTrace type="System.String">   at BrownShoe.UnitTests.Services.ContentManagement.CMTokenServiceTest.RenderBrandStyleSummaryTest()
</stackTrace></errorInfo><traceInfo type="Microsoft.VisualStudio.TestTools.Common.TestExecutionTraceInformation"><trace type="System.Text.StringBuilder">Creating instance of class BrownShoe.UnitTests.Services.ContentManagement.CMTokenServiceTest.
Calling Test method BrownShoe.UnitTests.Services.ContentManagement.CMTokenServiceTest.Microsoft.VisualStudio.TestTools.TestTypes.Unit.TestMethod.
</trace></traceInfo><stdout type="System.String" /><stderr type="System.String" /><debugTrace type="System.String" /><workItemIds type="System.Collections.Generic.List`1[[System.Int32, mscorlib, Version=2.0.0.0, Culture=neutral, PublicKeyToken=b77a5c561934e089]]"><_size type="System.Int32">0</_size><_version type="System.Int32">1</_version></workItemIds><id type="Microsoft.VisualStudio.TestTools.Common.TestResultId"><runId type="System.Guid">3d9a8baa-b9cb-4717-8a94-3c6445344217</runId><executionId type="Microsoft.VisualStudio.TestTools.Common.TestExecId"><id type="System.Guid">0648f033-30ea-4905-94d7-9848e26e7dbd</id></executionId><parentExecId type="Microsoft.VisualStudio.TestTools.Common.TestExecId"><id type="System.Guid">00000000-0000-0000-0000-000000000000</id></parentExecId><testId type="Microsoft.VisualStudio.TestTools.Common.TestId"><id type="System.Guid">febd3b8f-568f-4ae7-8e10-154e1a47b372</id></testId></id><testName type="System.String">RenderBrandStyleSummaryTest</testName><testType type="Microsoft.VisualStudio.TestTools.Common.TestType"><id type="System.Guid">13cdc9d9-ddb5-4fa4-a97d-d965ccfc6d4b</id></testType><messageKind type="Microsoft.VisualStudio.TestTools.Common.TestMessageKind"><value__ type="System.Int32">1</value__></messageKind><computerInfo type="Microsoft.VisualStudio.TestTools.Common.ComputerInfo"><m_computerName type="System.String">ECDATA-TFS01</m_computerName></computerInfo><duration type="System.TimeSpan">00:00:00.0011279</duration><startTime type="System.DateTime"><dateData type="System.UInt64">633673774843128316</dateData></startTime><endTime type="System.DateTime"><dateData type="System.UInt64">633673774843284576</dateData></endTime><spoolMessage type="System.Boolean">True</spoolMessage></UnitTestResult><UnitTestResult type="Microsoft.VisualStudio.TestTools.TestTypes.Unit.UnitTestResult, Microsoft.VisualStudio.QualityTools.Tips.UnitTest.ObjectModel, Version=8.0.0.0, Culture=neutral, PublicKeyToken=b03f5f7f11d50a3a"><resultType type="Microsoft.VisualStudio.TestTools.TestTypes.Unit.UnitTestResultType, Microsoft.VisualStudio.QualityTools.Tips.UnitTest.ObjectModel, Version=8.0.0.0, Culture=neutral, PublicKeyToken=b03f5f7f11d50a3a"><value__ type="System.Int32">0</value__></resultType><m_hasSufficientAccess type="System.Boolean">True</m_hasSufficientAccess><counters type="Microsoft.VisualStudio.TestTools.Common.TestResultCounter"><values type="System.Int32">0,0,0,0,0,0,0,0,0,0,0,0,0,0</values><total type="System.Int32">1</total></counters><categoryId type="Microsoft.VisualStudio.TestTools.Common.TestCategoryId"><id type="System.Guid">8c84fa94-04c1-424b-9868-57a2d4851a1d</id></categoryId><outcome type="Microsoft.VisualStudio.TestTools.Common.TestOutcome"><value__ type="System.Int32">4</value__></outcome><errorInfo type="Microsoft.VisualStudio.TestTools.Common.TestResultErrorInfo"><message type="System.String">Assert.Inconclusive failed. Verify the correctness of this test method</message><stackTrace type="System.String">   at BrownShoe.UnitTests.Services.ContentManagement.CMTokenServiceTest.RenderShopFindYourShoeTest()
</stackTrace></errorInfo><traceInfo type="Microsoft.VisualStudio.TestTools.Common.TestExecutionTraceInformation"><trace type="System.Text.StringBuilder">Creating instance of class BrownShoe.UnitTests.Services.ContentManagement.CMTokenServiceTest.
Calling Test method BrownShoe.UnitTests.Services.ContentManagement.CMTokenServiceTest.Microsoft.VisualStudio.TestTools.TestTypes.Unit.TestMethod.
</trace></traceInfo><stdout type="System.String" /><stderr type="System.String" /><debugTrace type="System.String" /><workItemIds type="System.Collections.Generic.List`1[[System.Int32, mscorlib, Version=2.0.0.0, Culture=neutral, PublicKeyToken=b77a5c561934e089]]"><_size type="System.Int32">0</_size><_version type="System.Int32">1</_version></workItemIds><id type="Microsoft.VisualStudio.TestTools.Common.TestResultId"><runId type="System.Guid">3d9a8baa-b9cb-4717-8a94-3c6445344217</runId><executionId type="Microsoft.VisualStudio.TestTools.Common.TestExecId"><id type="System.Guid">4d3ca5ba-a2d2-4631-bf87-942917773131</id></executionId><parentExecId type="Microsoft.VisualStudio.TestTools.Common.TestExecId"><id type="System.Guid">00000000-0000-0000-0000-000000000000</id></parentExecId><testId type="Microsoft.VisualStudio.TestTools.Common.TestId"><id type="System.Guid">7627c311-2c0f-d102-7993-81fa67531056</id></testId></id><testName type="System.String">RenderShopFindYourShoeTest</testName><testType type="Microsoft.VisualStudio.TestTools.Common.TestType"><id type="System.Guid">13cdc9d9-ddb5-4fa4-a97d-d965ccfc6d4b</id></testType><messageKind type="Microsoft.VisualStudio.TestTools.Common.TestMessageKind"><value__ type="System.Int32">1</value__></messageKind><computerInfo type="Microsoft.VisualStudio.TestTools.Common.ComputerInfo"><m_computerName type="System.String">ECDATA-TFS01</m_computerName></computerInfo><duration type="System.TimeSpan">00:00:00.0006793</duration><startTime type="System.DateTime"><dateData type="System.UInt64">633673774843284576</dateData></startTime><endTime type="System.DateTime"><dateData type="System.UInt64">633673774843284576</dateData></endTime><spoolMessage type="System.Boolean">True</spoolMessage></UnitTestResult><UnitTestResult type="Microsoft.VisualStudio.TestTools.TestTypes.Unit.UnitTestResult, Microsoft.VisualStudio.QualityTools.Tips.UnitTest.ObjectModel, Version=8.0.0.0, Culture=neutral, PublicKeyToken=b03f5f7f11d50a3a"><resultType type="Microsoft.VisualStudio.TestTools.TestTypes.Unit.UnitTestResultType, Microsoft.VisualStudio.QualityTools.Tips.UnitTest.ObjectModel, Version=8.0.0.0, Culture=neutral, PublicKeyToken=b03f5f7f11d50a3a"><value__ type="System.Int32">0</value__></resultType><m_hasSufficientAccess type="System.Boolean">True</m_hasSufficientAccess><counters type="Microsoft.VisualStudio.TestTools.Common.TestResultCounter"><values type="System.Int32">0,0,0,0,0,0,0,0,0,0,0,0,0,0</values><total type="System.Int32">1</total></counters><categoryId type="Microsoft.VisualStudio.TestTools.Common.TestCategoryId"><id type="System.Guid">8c84fa94-04c1-424b-9868-57a2d4851a1d</id></categoryId><outcome type="Microsoft.VisualStudio.TestTools.Common.TestOutcome"><value__ type="System.Int32">4</value__></outcome><errorInfo type="Microsoft.VisualStudio.TestTools.Common.TestResultErrorInfo"><message type="System.String">Assert.Inconclusive failed. Verify the correctness of this test method</message><stackTrace type="System.String">   at BrownShoe.UnitTests.Services.DataAccess.AddressValidationDBTest.IsValidZipText()
</stackTrace></errorInfo><traceInfo type="Microsoft.VisualStudio.TestTools.Common.TestExecutionTraceInformation"><trace type="System.Text.StringBuilder">Creating instance of class BrownShoe.UnitTests.Services.DataAccess.AddressValidationDBTest.
Calling Test method BrownShoe.UnitTests.Services.DataAccess.AddressValidationDBTest.Microsoft.VisualStudio.TestTools.TestTypes.Unit.TestMethod.
</trace></traceInfo><stdout type="System.String" /><stderr type="System.String" /><debugTrace type="System.String" /><workItemIds type="System.Collections.Generic.List`1[[System.Int32, mscorlib, Version=2.0.0.0, Culture=neutral, PublicKeyToken=b77a5c561934e089]]"><_size type="System.Int32">0</_size><_version type="System.Int32">1</_version></workItemIds><id type="Microsoft.VisualStudio.TestTools.Common.TestResultId"><runId type="System.Guid">3d9a8baa-b9cb-4717-8a94-3c6445344217</runId><executionId type="Microsoft.VisualStudio.TestTools.Common.TestExecId"><id type="System.Guid">873c0145-8d2b-4fbc-b3e7-5a745c51682e</id></executionId><parentExecId type="Microsoft.VisualStudio.TestTools.Common.TestExecId"><id type="System.Guid">00000000-0000-0000-0000-000000000000</id></parentExecId><testId type="Microsoft.VisualStudio.TestTools.Common.TestId"><id type="System.Guid">f5e2835d-922d-9570-8f5d-6ff4d4e48b1d</id></testId></id><testName type="System.String">IsValidZipText</testName><testType type="Microsoft.VisualStudio.TestTools.Common.TestType"><id type="System.Guid">13cdc9d9-ddb5-4fa4-a97d-d965ccfc6d4b</id></testType><messageKind type="Microsoft.VisualStudio.TestTools.Common.TestMessageKind"><value__ type="System.Int32">1</value__></messageKind><computerInfo type="Microsoft.VisualStudio.TestTools.Common.ComputerInfo"><m_computerName type="System.String">ECDATA-TFS01</m_computerName></computerInfo><duration type="System.TimeSpan">00:00:00.0014276</duration><startTime type="System.DateTime"><dateData type="System.UInt64">633673774843284576</dateData></startTime><endTime type="System.DateTime"><dateData type="System.UInt64">633673774843440836</dateData></endTime><spoolMessage type="System.Boolean">True</spoolMessage></UnitTestResult><UnitTestResult type="Microsoft.VisualStudio.TestTools.TestTypes.Unit.UnitTestResult, Microsoft.VisualStudio.QualityTools.Tips.UnitTest.ObjectModel, Version=8.0.0.0, Culture=neutral, PublicKeyToken=b03f5f7f11d50a3a"><resultType type="Microsoft.VisualStudio.TestTools.TestTypes.Unit.UnitTestResultType, Microsoft.VisualStudio.QualityTools.Tips.UnitTest.ObjectModel, Version=8.0.0.0, Culture=neutral, PublicKeyToken=b03f5f7f11d50a3a"><value__ type="System.Int32">0</value__></resultType><m_hasSufficientAccess type="System.Boolean">True</m_hasSufficientAccess><counters type="Microsoft.VisualStudio.TestTools.Common.TestResultCounter"><values type="System.Int32">0,0,0,0,0,0,0,0,0,0,0,0,0,0</values><total type="System.Int32">1</total></counters><categoryId type="Microsoft.VisualStudio.TestTools.Common.TestCategoryId"><id type="System.Guid">8c84fa94-04c1-424b-9868-57a2d4851a1d</id></categoryId><outcome type="Microsoft.VisualStudio.TestTools.Common.TestOutcome"><value__ type="System.Int32">4</value__></outcome><errorInfo type="Microsoft.VisualStudio.TestTools.Common.TestResultErrorInfo"><message type="System.String">Assert.Inconclusive failed. Verify the correctness of this test method</message><stackTrace type="System.String">   at BrownShoe.UnitTests.Services.DataAccess.AddressValidationDBTest.LoadDataTest()
</stackTrace></errorInfo><traceInfo type="Microsoft.VisualStudio.TestTools.Common.TestExecutionTraceInformation"><trace type="System.Text.StringBuilder">Creating instance of class BrownShoe.UnitTests.Services.DataAccess.AddressValidationDBTest.
Calling Test method BrownShoe.UnitTests.Services.DataAccess.AddressValidationDBTest.Microsoft.VisualStudio.TestTools.TestTypes.Unit.TestMethod.
</trace></traceInfo><stdout type="System.String" /><stderr type="System.String" /><debugTrace type="System.String" /><workItemIds type="System.Collections.Generic.List`1[[System.Int32, mscorlib, Version=2.0.0.0, Culture=neutral, PublicKeyToken=b77a5c561934e089]]"><_size type="System.Int32">0</_size><_version type="System.Int32">1</_version></workItemIds><id type="Microsoft.VisualStudio.TestTools.Common.TestResultId"><runId type="System.Guid">3d9a8baa-b9cb-4717-8a94-3c6445344217</runId><executionId type="Microsoft.VisualStudio.TestTools.Common.TestExecId"><id type="System.Guid">f8002381-a4d3-4b9e-be71-68905f0d7c68</id></executionId><parentExecId type="Microsoft.VisualStudio.TestTools.Common.TestExecId"><id type="System.Guid">00000000-0000-0000-0000-000000000000</id></parentExecId><testId type="Microsoft.VisualStudio.TestTools.Common.TestId"><id type="System.Guid">76892539-de28-b3bf-c831-5a9d6105ee5b</id></testId></id><testName type="System.String">LoadDataTest</testName><testType type="Microsoft.VisualStudio.TestTools.Common.TestType"><id type="System.Guid">13cdc9d9-ddb5-4fa4-a97d-d965ccfc6d4b</id></testType><messageKind type="Microsoft.VisualStudio.TestTools.Common.TestMessageKind"><value__ type="System.Int32">1</value__></messageKind><computerInfo type="Microsoft.VisualStudio.TestTools.Common.ComputerInfo"><m_computerName type="System.String">ECDATA-TFS01</m_computerName></computerInfo><duration type="System.TimeSpan">00:00:00.0007426</duration><startTime type="System.DateTime"><dateData type="System.UInt64">633673774843440836</dateData></startTime><endTime type="System.DateTime"><dateData type="System.UInt64">633673774843440836</dateData></endTime><spoolMessage type="System.Boolean">True</spoolMessage></UnitTestResult><UnitTestResult type="Microsoft.VisualStudio.TestTools.TestTypes.Unit.UnitTestResult, Microsoft.VisualStudio.QualityTools.Tips.UnitTest.ObjectModel, Version=8.0.0.0, Culture=neutral, PublicKeyToken=b03f5f7f11d50a3a"><resultType type="Microsoft.VisualStudio.TestTools.TestTypes.Unit.UnitTestResultType, Microsoft.VisualStudio.QualityTools.Tips.UnitTest.ObjectModel, Version=8.0.0.0, Culture=neutral, PublicKeyToken=b03f5f7f11d50a3a"><value__ type="System.Int32">0</value__></resultType><m_hasSufficientAccess type="System.Boolean">True</m_hasSufficientAccess><counters type="Microsoft.VisualStudio.TestTools.Common.TestResultCounter"><values type="System.Int32">0,0,0,0,0,0,0,0,0,0,0,0,0,0</values><total type="System.Int32">1</total></counters><categoryId type="Microsoft.VisualStudio.TestTools.Common.TestCategoryId"><id type="System.Guid">8c84fa94-04c1-424b-9868-57a2d4851a1d</id></categoryId><outcome type="Microsoft.VisualStudio.TestTools.Common.TestOutcome"><value__ type="System.Int32">4</value__></outcome><errorInfo type="Microsoft.VisualStudio.TestTools.Common.TestResultErrorInfo"><message type="System.String">Assert.Inconclusive failed. Verify the correctness of this test method</message><stackTrace type="System.String">   at BrownShoe.UnitTests.Services.DataAccess.AddressValidationDBTest.ValidateCityStateZipTest()
</stackTrace></errorInfo><traceInfo type="Microsoft.VisualStudio.TestTools.Common.TestExecutionTraceInformation"><trace type="System.Text.StringBuilder">Creating instance of class BrownShoe.UnitTests.Services.DataAccess.AddressValidationDBTest.
Calling Test method BrownShoe.UnitTests.Services.DataAccess.AddressValidationDBTest.Microsoft.VisualStudio.TestTools.TestTypes.Unit.TestMethod.
</trace></traceInfo><stdout type="System.String" /><stderr type="System.String" /><debugTrace type="System.String" /><workItemIds type="System.Collections.Generic.List`1[[System.Int32, mscorlib, Version=2.0.0.0, Culture=neutral, PublicKeyToken=b77a5c561934e089]]"><_size type="System.Int32">0</_size><_version type="System.Int32">1</_version></workItemIds><id type="Microsoft.VisualStudio.TestTools.Common.TestResultId"><runId type="System.Guid">3d9a8baa-b9cb-4717-8a94-3c6445344217</runId><executionId type="Microsoft.VisualStudio.TestTools.Common.TestExecId"><id type="System.Guid">1d4f7f0f-44c7-4436-8b1b-4cb8e2bfb59b</id></executionId><parentExecId type="Microsoft.VisualStudio.TestTools.Common.TestExecId"><id type="System.Guid">00000000-0000-0000-0000-000000000000</id></parentExecId><testId type="Microsoft.VisualStudio.TestTools.Common.TestId"><id type="System.Guid">48d3e6f6-ec13-300d-89af-4ad93b649191</id></testId></id><testName type="System.String">ValidateCityStateZipTest</testName><testType type="Microsoft.VisualStudio.TestTools.Common.TestType"><id type="System.Guid">13cdc9d9-ddb5-4fa4-a97d-d965ccfc6d4b</id></testType><messageKind type="Microsoft.VisualStudio.TestTools.Common.TestMessageKind"><value__ type="System.Int32">1</value__></messageKind><computerInfo type="Microsoft.VisualStudio.TestTools.Common.ComputerInfo"><m_computerName type="System.String">ECDATA-TFS01</m_computerName></computerInfo><duration type="System.TimeSpan">00:00:00.0005863</duration><startTime type="System.DateTime"><dateData type="System.UInt64">633673774843440836</dateData></startTime><endTime type="System.DateTime"><dateData type="System.UInt64">633673774843597096</dateData></endTime><spoolMessage type="System.Boolean">True</spoolMessage></UnitTestResult><UnitTestResult type="Microsoft.VisualStudio.TestTools.TestTypes.Unit.UnitTestResult, Microsoft.VisualStudio.QualityTools.Tips.UnitTest.ObjectModel, Version=8.0.0.0, Culture=neutral, PublicKeyToken=b03f5f7f11d50a3a"><resultType type="Microsoft.VisualStudio.TestTools.TestTypes.Unit.UnitTestResultType, Microsoft.VisualStudio.QualityTools.Tips.UnitTest.ObjectModel, Version=8.0.0.0, Culture=neutral, PublicKeyToken=b03f5f7f11d50a3a"><value__ type="System.Int32">0</value__></resultType><m_hasSufficientAccess type="System.Boolean">True</m_hasSufficientAccess><counters type="Microsoft.VisualStudio.TestTools.Common.TestResultCounter"><values type="System.Int32">0,0,0,0,0,0,0,0,0,0,0,0,0,0</values><total type="System.Int32">1</total></counters><categoryId type="Microsoft.VisualStudio.TestTools.Common.TestCategoryId"><id type="System.Guid">8c84fa94-04c1-424b-9868-57a2d4851a1d</id></categoryId><outcome type="Microsoft.VisualStudio.TestTools.Common.TestOutcome"><value__ type="System.Int32">4</value__></outcome><errorInfo type="Microsoft.VisualStudio.TestTools.Common.TestResultErrorInfo"><message type="System.String">Assert.Inconclusive failed. Verify the correctness of this test method</message><stackTrace type="System.String">   at BrownShoe.UnitTests.Services.DataAccess.BrownShoesShareDBTest.GetSecurityQuestionsTest()
</stackTrace></errorInfo><traceInfo type="Microsoft.VisualStudio.TestTools.Common.TestExecutionTraceInformation"><trace type="System.Text.StringBuilder">Creating instance of class BrownShoe.UnitTests.Services.DataAccess.BrownShoesShareDBTest.
Calling Test method BrownShoe.UnitTests.Services.DataAccess.BrownShoesShareDBTest.Microsoft.VisualStudio.TestTools.TestTypes.Unit.TestMethod.
</trace></traceInfo><stdout type="System.String" /><stderr type="System.String" /><debugTrace type="System.String" /><workItemIds type="System.Collections.Generic.List`1[[System.Int32, mscorlib, Version=2.0.0.0, Culture=neutral, PublicKeyToken=b77a5c561934e089]]"><_size type="System.Int32">0</_size><_version type="System.Int32">1</_version></workItemIds><id type="Microsoft.VisualStudio.TestTools.Common.TestResultId"><runId type="System.Guid">3d9a8baa-b9cb-4717-8a94-3c6445344217</runId><executionId type="Microsoft.VisualStudio.TestTools.Common.TestExecId"><id type="System.Guid">7a8ee80b-c8da-4c3d-90f0-95338ec11722</id></executionId><parentExecId type="Microsoft.VisualStudio.TestTools.Common.TestExecId"><id type="System.Guid">00000000-0000-0000-0000-000000000000</id></parentExecId><testId type="Microsoft.VisualStudio.TestTools.Common.TestId"><id type="System.Guid">03395402-3a1f-2607-1788-fc3486f1dde5</id></testId></id><testName type="System.String">GetSecurityQuestionsTest</testName><testType type="Microsoft.VisualStudio.TestTools.Common.TestType"><id type="System.Guid">13cdc9d9-ddb5-4fa4-a97d-d965ccfc6d4b</id></testType><messageKind type="Microsoft.VisualStudio.TestTools.Common.TestMessageKind"><value__ type="System.Int32">1</value__></messageKind><computerInfo type="Microsoft.VisualStudio.TestTools.Common.ComputerInfo"><m_computerName type="System.String">ECDATA-TFS01</m_computerName></computerInfo><duration type="System.TimeSpan">00:00:00.0012872</duration><startTime type="System.DateTime"><dateData type="System.UInt64">633673774843597096</dateData></startTime><endTime type="System.DateTime"><dateData type="System.UInt64">633673774843597096</dateData></endTime><spoolMessage type="System.Boolean">True</spoolMessage></UnitTestResult><UnitTestResult type="Microsoft.VisualStudio.TestTools.TestTypes.Unit.UnitTestResult, Microsoft.VisualStudio.QualityTools.Tips.UnitTest.ObjectModel, Version=8.0.0.0, Culture=neutral, PublicKeyToken=b03f5f7f11d50a3a"><resultType type="Microsoft.VisualStudio.TestTools.TestTypes.Unit.UnitTestResultType, Microsoft.VisualStudio.QualityTools.Tips.UnitTest.ObjectModel, Version=8.0.0.0, Culture=neutral, PublicKeyToken=b03f5f7f11d50a3a"><value__ type="System.Int32">0</value__></resultType><m_hasSufficientAccess type="System.Boolean">True</m_hasSufficientAccess><counters type="Microsoft.VisualStudio.TestTools.Common.TestResultCounter"><values type="System.Int32">0,0,0,0,0,0,0,0,0,0,0,0,0,0</values><total type="System.Int32">1</total></counters><categoryId type="Microsoft.VisualStudio.TestTools.Common.TestCategoryId"><id type="System.Guid">8c84fa94-04c1-424b-9868-57a2d4851a1d</id></categoryId><outcome type="Microsoft.VisualStudio.TestTools.Common.TestOutcome"><value__ type="System.Int32">4</value__></outcome><errorInfo type="Microsoft.VisualStudio.TestTools.Common.TestResultErrorInfo"><message type="System.String">Assert.Inconclusive failed. Verify the correctness of this test method</message><stackTrace type="System.String">   at BrownShoe.UnitTests.Services.DataAccess.BrownShoesShareDBTest.ListStateCodesTest()
</stackTrace></errorInfo><traceInfo type="Microsoft.VisualStudio.TestTools.Common.TestExecutionTraceInformation"><trace type="System.Text.StringBuilder">Creating instance of class BrownShoe.UnitTests.Services.DataAccess.BrownShoesShareDBTest.
Calling Test method BrownShoe.UnitTests.Services.DataAccess.BrownShoesShareDBTest.Microsoft.VisualStudio.TestTools.TestTypes.Unit.TestMethod.
</trace></traceInfo><stdout type="System.String" /><stderr type="System.String" /><debugTrace type="System.String" /><workItemIds type="System.Collections.Generic.List`1[[System.Int32, mscorlib, Version=2.0.0.0, Culture=neutral, PublicKeyToken=b77a5c561934e089]]"><_size type="System.Int32">0</_size><_version type="System.Int32">1</_version></workItemIds><id type="Microsoft.VisualStudio.TestTools.Common.TestResultId"><runId type="System.Guid">3d9a8baa-b9cb-4717-8a94-3c6445344217</runId><executionId type="Microsoft.VisualStudio.TestTools.Common.TestExecId"><id type="System.Guid">1e67aa60-987b-425d-9b94-c5bc5d0cf2a5</id></executionId><parentExecId type="Microsoft.VisualStudio.TestTools.Common.TestExecId"><id type="System.Guid">00000000-0000-0000-0000-000000000000</id></parentExecId><testId type="Microsoft.VisualStudio.TestTools.Common.TestId"><id type="System.Guid">7969b33c-ad1e-1995-2de5-3866aa255cd1</id></testId></id><testName type="System.String">ListStateCodesTest</testName><testType type="Microsoft.VisualStudio.TestTools.Common.TestType"><id type="System.Guid">13cdc9d9-ddb5-4fa4-a97d-d965ccfc6d4b</id></testType><messageKind type="Microsoft.VisualStudio.TestTools.Common.TestMessageKind"><value__ type="System.Int32">1</value__></messageKind><computerInfo type="Microsoft.VisualStudio.TestTools.Common.ComputerInfo"><m_computerName type="System.String">ECDATA-TFS01</m_computerName></computerInfo><duration type="System.TimeSpan">00:00:00.0005564</duration><startTime type="System.DateTime"><dateData type="System.UInt64">633673774843597096</dateData></startTime><endTime type="System.DateTime"><dateData type="System.UInt64">633673774843597096</dateData></endTime><spoolMessage type="System.Boolean">True</spoolMessage></UnitTestResult><UnitTestResult type="Microsoft.VisualStudio.TestTools.TestTypes.Unit.UnitTestResult, Microsoft.VisualStudio.QualityTools.Tips.UnitTest.ObjectModel, Version=8.0.0.0, Culture=neutral, PublicKeyToken=b03f5f7f11d50a3a"><resultType type="Microsoft.VisualStudio.TestTools.TestTypes.Unit.UnitTestResultType, Microsoft.VisualStudio.QualityTools.Tips.UnitTest.ObjectModel, Version=8.0.0.0, Culture=neutral, PublicKeyToken=b03f5f7f11d50a3a"><value__ type="System.Int32">0</value__></resultType><m_hasSufficientAccess type="System.Boolean">True</m_hasSufficientAccess><counters type="Microsoft.VisualStudio.TestTools.Common.TestResultCounter"><values type="System.Int32">0,0,0,0,0,0,0,0,0,0,0,0,0,0</values><total type="System.Int32">1</total></counters><categoryId type="Microsoft.VisualStudio.TestTools.Common.TestCategoryId"><id type="System.Guid">8c84fa94-04c1-424b-9868-57a2d4851a1d</id></categoryId><outcome type="Microsoft.VisualStudio.TestTools.Common.TestOutcome"><value__ type="System.Int32">4</value__></outcome><errorInfo type="Microsoft.VisualStudio.TestTools.Common.TestResultErrorInfo"><message type="System.String">Assert.Inconclusive failed. Verify the correctness of this test method</message><stackTrace type="System.String">   at BrownShoe.UnitTests.Services.DataAccess.CaptchaDBTest.GetTest()
</stackTrace></errorInfo><traceInfo type="Microsoft.VisualStudio.TestTools.Common.TestExecutionTraceInformation"><trace type="System.Text.StringBuilder">Creating instance of class BrownShoe.UnitTests.Services.DataAccess.CaptchaDBTest.
Calling Test method BrownShoe.UnitTests.Services.DataAccess.CaptchaDBTest.Microsoft.VisualStudio.TestTools.TestTypes.Unit.TestMethod.
</trace></traceInfo><stdout type="System.String" /><stderr type="System.String" /><debugTrace type="System.String" /><workItemIds type="System.Collections.Generic.List`1[[System.Int32, mscorlib, Version=2.0.0.0, Culture=neutral, PublicKeyToken=b77a5c561934e089]]"><_size type="System.Int32">0</_size><_version type="System.Int32">1</_version></workItemIds><id type="Microsoft.VisualStudio.TestTools.Common.TestResultId"><runId type="System.Guid">3d9a8baa-b9cb-4717-8a94-3c6445344217</runId><executionId type="Microsoft.VisualStudio.TestTools.Common.TestExecId"><id type="System.Guid">6f888836-2ddb-4101-ac60-780795f2a809</id></executionId><parentExecId type="Microsoft.VisualStudio.TestTools.Common.TestExecId"><id type="System.Guid">00000000-0000-0000-0000-000000000000</id></parentExecId><testId type="Microsoft.VisualStudio.TestTools.Common.TestId"><id type="System.Guid">5d531d74-7dfe-2617-15f9-46788e6760b3</id></testId></id><testName type="System.String">GetTest</testName><testType type="Microsoft.VisualStudio.TestTools.Common.TestType"><id type="System.Guid">13cdc9d9-ddb5-4fa4-a97d-d965ccfc6d4b</id></testType><messageKind type="Microsoft.VisualStudio.TestTools.Common.TestMessageKind"><value__ type="System.Int32">1</value__></messageKind><computerInfo type="Microsoft.VisualStudio.TestTools.Common.ComputerInfo"><m_computerName type="System.String">ECDATA-TFS01</m_computerName></computerInfo><duration type="System.TimeSpan">00:00:00.0011916</duration><startTime type="System.DateTime"><dateData type="System.UInt64">633673774843597096</dateData></startTime><endTime type="System.DateTime"><dateData type="System.UInt64">633673774843753356</dateData></endTime><spoolMessage type="System.Boolean">True</spoolMessage></UnitTestResult><UnitTestResult type="Microsoft.VisualStudio.TestTools.TestTypes.Unit.UnitTestResult, Microsoft.VisualStudio.QualityTools.Tips.UnitTest.ObjectModel, Version=8.0.0.0, Culture=neutral, PublicKeyToken=b03f5f7f11d50a3a"><resultType type="Microsoft.VisualStudio.TestTools.TestTypes.Unit.UnitTestResultType, Microsoft.VisualStudio.QualityTools.Tips.UnitTest.ObjectModel, Version=8.0.0.0, Culture=neutral, PublicKeyToken=b03f5f7f11d50a3a"><value__ type="System.Int32">0</value__></resultType><m_hasSufficientAccess type="System.Boolean">True</m_hasSufficientAccess><counters type="Microsoft.VisualStudio.TestTools.Common.TestResultCounter"><values type="System.Int32">0,0,0,0,0,0,0,0,0,0,0,0,0,0</values><total type="System.Int32">1</total></counters><categoryId type="Microsoft.VisualStudio.TestTools.Common.TestCategoryId"><id type="System.Guid">8c84fa94-04c1-424b-9868-57a2d4851a1d</id></categoryId><outcome type="Microsoft.VisualStudio.TestTools.Common.TestOutcome"><value__ type="System.Int32">4</value__></outcome><errorInfo type="Microsoft.VisualStudio.TestTools.Common.TestResultErrorInfo"><message type="System.String">Assert.Inconclusive failed. Verify the correctness of this test method</message><stackTrace type="System.String">   at BrownShoe.UnitTests.Services.DataAccess.CheckoutMethodDBTest.ListTest()
</stackTrace></errorInfo><traceInfo type="Microsoft.VisualStudio.TestTools.Common.TestExecutionTraceInformation"><trace type="System.Text.StringBuilder">Creating instance of class BrownShoe.UnitTests.Services.DataAccess.CheckoutMethodDBTest.
Calling Test method BrownShoe.UnitTests.Services.DataAccess.CheckoutMethodDBTest.Microsoft.VisualStudio.TestTools.TestTypes.Unit.TestMethod.
</trace></traceInfo><stdout type="System.String" /><stderr type="System.String" /><debugTrace type="System.String" /><workItemIds type="System.Collections.Generic.List`1[[System.Int32, mscorlib, Version=2.0.0.0, Culture=neutral, PublicKeyToken=b77a5c561934e089]]"><_size type="System.Int32">0</_size><_version type="System.Int32">1</_version></workItemIds><id type="Microsoft.VisualStudio.TestTools.Common.TestResultId"><runId type="System.Guid">3d9a8baa-b9cb-4717-8a94-3c6445344217</runId><executionId type="Microsoft.VisualStudio.TestTools.Common.TestExecId"><id type="System.Guid">2db3f5e4-9f57-414f-8b7a-312b3ea62b58</id></executionId><parentExecId type="Microsoft.VisualStudio.TestTools.Common.TestExecId"><id type="System.Guid">00000000-0000-0000-0000-000000000000</id></parentExecId><testId type="Microsoft.VisualStudio.TestTools.Common.TestId"><id type="System.Guid">ce93858f-261a-76c4-8630-319358890528</id></testId></id><testName type="System.String">ListTest</testName><testType type="Microsoft.VisualStudio.TestTools.Common.TestType"><id type="System.Guid">13cdc9d9-ddb5-4fa4-a97d-d965ccfc6d4b</id></testType><messageKind type="Microsoft.VisualStudio.TestTools.Common.TestMessageKind"><value__ type="System.Int32">1</value__></messageKind><computerInfo type="Microsoft.VisualStudio.TestTools.Common.ComputerInfo"><m_computerName type="System.String">ECDATA-TFS01</m_computerName></computerInfo><duration type="System.TimeSpan">00:00:00.0008147</duration><startTime type="System.DateTime"><dateData type="System.UInt64">633673774843753356</dateData></startTime><endTime type="System.DateTime"><dateData type="System.UInt64">633673774843753356</dateData></endTime><spoolMessage type="System.Boolean">True</spoolMessage></UnitTestResult><UnitTestResult type="Microsoft.VisualStudio.TestTools.TestTypes.Unit.UnitTestResult, Microsoft.VisualStudio.QualityTools.Tips.UnitTest.ObjectModel, Version=8.0.0.0, Culture=neutral, PublicKeyToken=b03f5f7f11d50a3a"><resultType type="Microsoft.VisualStudio.TestTools.TestTypes.Unit.UnitTestResultType, Microsoft.VisualStudio.QualityTools.Tips.UnitTest.ObjectModel, Version=8.0.0.0, Culture=neutral, PublicKeyToken=b03f5f7f11d50a3a"><value__ type="System.Int32">0</value__></resultType><m_hasSufficientAccess type="System.Boolean">True</m_hasSufficientAccess><counters type="Microsoft.VisualStudio.TestTools.Common.TestResultCounter"><values type="System.Int32">0,0,0,0,0,0,0,0,0,0,0,0,0,0</values><total type="System.Int32">1</total></counters><categoryId type="Microsoft.VisualStudio.TestTools.Common.TestCategoryId"><id type="System.Guid">8c84fa94-04c1-424b-9868-57a2d4851a1d</id></categoryId><outcome type="Microsoft.VisualStudio.TestTools.Common.TestOutcome"><value__ type="System.Int32">4</value__></outcome><errorInfo type="Microsoft.VisualStudio.TestTools.Common.TestResultErrorInfo"><message type="System.String">Assert.Inconclusive failed. Verify the correctness of this test method</message><stackTrace type="System.String">   at BrownShoe.UnitTests.Services.DataAccess.DBUtilsTest.CheckDbNullBooleanTest()
</stackTrace></errorInfo><traceInfo type="Microsoft.VisualStudio.TestTools.Common.TestExecutionTraceInformation"><trace type="System.Text.StringBuilder">Creating instance of class BrownShoe.UnitTests.Services.DataAccess.DBUtilsTest.
Calling Test method BrownShoe.UnitTests.Services.DataAccess.DBUtilsTest.Microsoft.VisualStudio.TestTools.TestTypes.Unit.TestMethod.
</trace></traceInfo><stdout type="System.String" /><stderr type="System.String" /><debugTrace type="System.String" /><workItemIds type="System.Collections.Generic.List`1[[System.Int32, mscorlib, Version=2.0.0.0, Culture=neutral, PublicKeyToken=b77a5c561934e089]]"><_size type="System.Int32">0</_size><_version type="System.Int32">1</_version></workItemIds><id type="Microsoft.VisualStudio.TestTools.Common.TestResultId"><runId type="System.Guid">3d9a8baa-b9cb-4717-8a94-3c6445344217</runId><executionId type="Microsoft.VisualStudio.TestTools.Common.TestExecId"><id type="System.Guid">6144d9ce-9572-40ac-a081-56c20076bc90</id></executionId><parentExecId type="Microsoft.VisualStudio.TestTools.Common.TestExecId"><id type="System.Guid">00000000-0000-0000-0000-000000000000</id></parentExecId><testId type="Microsoft.VisualStudio.TestTools.Common.TestId"><id type="System.Guid">7ca53bd2-a033-3d1a-9fc1-fe228461d0e5</id></testId></id><testName type="System.String">CheckDbNullBooleanTest</testName><testType type="Microsoft.VisualStudio.TestTools.Common.TestType"><id type="System.Guid">13cdc9d9-ddb5-4fa4-a97d-d965ccfc6d4b</id></testType><messageKind type="Microsoft.VisualStudio.TestTools.Common.TestMessageKind"><value__ type="System.Int32">1</value__></messageKind><computerInfo type="Microsoft.VisualStudio.TestTools.Common.ComputerInfo"><m_computerName type="System.String">ECDATA-TFS01</m_computerName></computerInfo><duration type="System.TimeSpan">00:00:00.0008245</duration><startTime type="System.DateTime"><dateData type="System.UInt64">633673774843753356</dateData></startTime><endTime type="System.DateTime"><dateData type="System.UInt64">633673774843753356</dateData></endTime><spoolMessage type="System.Boolean">True</spoolMessage></UnitTestResult><UnitTestResult type="Microsoft.VisualStudio.TestTools.TestTypes.Unit.UnitTestResult, Microsoft.VisualStudio.QualityTools.Tips.UnitTest.ObjectModel, Version=8.0.0.0, Culture=neutral, PublicKeyToken=b03f5f7f11d50a3a"><resultType type="Microsoft.VisualStudio.TestTools.TestTypes.Unit.UnitTestResultType, Microsoft.VisualStudio.QualityTools.Tips.UnitTest.ObjectModel, Version=8.0.0.0, Culture=neutral, PublicKeyToken=b03f5f7f11d50a3a"><value__ type="System.Int32">0</value__></resultType><m_hasSufficientAccess type="System.Boolean">True</m_hasSufficientAccess><counters type="Microsoft.VisualStudio.TestTools.Common.TestResultCounter"><values type="System.Int32">0,0,0,0,0,0,0,0,0,0,0,0,0,0</values><total type="System.Int32">1</total></counters><categoryId type="Microsoft.VisualStudio.TestTools.Common.TestCategoryId"><id type="System.Guid">8c84fa94-04c1-424b-9868-57a2d4851a1d</id></categoryId><outcome type="Microsoft.VisualStudio.TestTools.Common.TestOutcome"><value__ type="System.Int32">4</value__></outcome><errorInfo type="Microsoft.VisualStudio.TestTools.Common.TestResultErrorInfo"><message type="System.String">Assert.Inconclusive failed. Verify the correctness of this test method</message><stackTrace type="System.String">   at BrownShoe.UnitTests.Services.DataAccess.DBUtilsTest.CheckDBNullDateTest()
</stackTrace></errorInfo><traceInfo type="Microsoft.VisualStudio.TestTools.Common.TestExecutionTraceInformation"><trace type="System.Text.StringBuilder">Creating instance of class BrownShoe.UnitTests.Services.DataAccess.DBUtilsTest.
Calling Test method BrownShoe.UnitTests.Services.DataAccess.DBUtilsTest.Microsoft.VisualStudio.TestTools.TestTypes.Unit.TestMethod.
</trace></traceInfo><stdout type="System.String" /><stderr type="System.String" /><debugTrace type="System.String" /><workItemIds type="System.Collections.Generic.List`1[[System.Int32, mscorlib, Version=2.0.0.0, Culture=neutral, PublicKeyToken=b77a5c561934e089]]"><_size type="System.Int32">0</_size><_version type="System.Int32">1</_version></workItemIds><id type="Microsoft.VisualStudio.TestTools.Common.TestResultId"><runId type="System.Guid">3d9a8baa-b9cb-4717-8a94-3c6445344217</runId><executionId type="Microsoft.VisualStudio.TestTools.Common.TestExecId"><id type="System.Guid">60063443-43c1-492c-ad8c-e4c260581044</id></executionId><parentExecId type="Microsoft.VisualStudio.TestTools.Common.TestExecId"><id type="System.Guid">00000000-0000-0000-0000-000000000000</id></parentExecId><testId type="Microsoft.VisualStudio.TestTools.Common.TestId"><id type="System.Guid">3aa2064a-55f6-b7a6-18b4-fa97d498a799</id></testId></id><testName type="System.String">CheckDBNullDateTest</testName><testType type="Microsoft.VisualStudio.TestTools.Common.TestType"><id type="System.Guid">13cdc9d9-ddb5-4fa4-a97d-d965ccfc6d4b</id></testType><messageKind type="Microsoft.VisualStudio.TestTools.Common.TestMessageKind"><value__ type="System.Int32">1</value__></messageKind><computerInfo type="Microsoft.VisualStudio.TestTools.Common.ComputerInfo"><m_computerName type="System.String">ECDATA-TFS01</m_computerName></computerInfo><duration type="System.TimeSpan">00:00:00.0009061</duration><startTime type="System.DateTime"><dateData type="System.UInt64">633673774843753356</dateData></startTime><endTime type="System.DateTime"><dateData type="System.UInt64">633673774843909616</dateData></endTime><spoolMessage type="System.Boolean">True</spoolMessage></UnitTestResult><UnitTestResult type="Microsoft.VisualStudio.TestTools.TestTypes.Unit.UnitTestResult, Microsoft.VisualStudio.QualityTools.Tips.UnitTest.ObjectModel, Version=8.0.0.0, Culture=neutral, PublicKeyToken=b03f5f7f11d50a3a"><resultType type="Microsoft.VisualStudio.TestTools.TestTypes.Unit.UnitTestResultType, Microsoft.VisualStudio.QualityTools.Tips.UnitTest.ObjectModel, Version=8.0.0.0, Culture=neutral, PublicKeyToken=b03f5f7f11d50a3a"><value__ type="System.Int32">0</value__></resultType><m_hasSufficientAccess type="System.Boolean">True</m_hasSufficientAccess><counters type="Microsoft.VisualStudio.TestTools.Common.TestResultCounter"><values type="System.Int32">0,0,0,0,0,0,0,0,0,0,0,0,0,0</values><total type="System.Int32">1</total></counters><categoryId type="Microsoft.VisualStudio.TestTools.Common.TestCategoryId"><id type="System.Guid">8c84fa94-04c1-424b-9868-57a2d4851a1d</id></categoryId><outcome type="Microsoft.VisualStudio.TestTools.Common.TestOutcome"><value__ type="System.Int32">4</value__></outcome><errorInfo type="Microsoft.VisualStudio.TestTools.Common.TestResultErrorInfo"><message type="System.String">Assert.Inconclusive failed. Verify the correctness of this test method</message><stackTrace type="System.String">   at BrownShoe.UnitTests.Services.DataAccess.DBUtilsTest.CheckDBNullDecimalTest()
</stackTrace></errorInfo><traceInfo type="Microsoft.VisualStudio.TestTools.Common.TestExecutionTraceInformation"><trace type="System.Text.StringBuilder">Creating instance of class BrownShoe.UnitTests.Services.DataAccess.DBUtilsTest.
Calling Test method BrownShoe.UnitTests.Services.DataAccess.DBUtilsTest.Microsoft.VisualStudio.TestTools.TestTypes.Unit.TestMethod.
</trace></traceInfo><stdout type="System.String" /><stderr type="System.String" /><debugTrace type="System.String" /><workItemIds type="System.Collections.Generic.List`1[[System.Int32, mscorlib, Version=2.0.0.0, Culture=neutral, PublicKeyToken=b77a5c561934e089]]"><_size type="System.Int32">0</_size><_version type="System.Int32">1</_version></workItemIds><id type="Microsoft.VisualStudio.TestTools.Common.TestResultId"><runId type="System.Guid">3d9a8baa-b9cb-4717-8a94-3c6445344217</runId><executionId type="Microsoft.VisualStudio.TestTools.Common.TestExecId"><id type="System.Guid">98b0c660-547e-4dbd-b5b2-3b3a1d38d671</id></executionId><parentExecId type="Microsoft.VisualStudio.TestTools.Common.TestExecId"><id type="System.Guid">00000000-0000-0000-0000-000000000000</id></parentExecId><testId type="Microsoft.VisualStudio.TestTools.Common.TestId"><id type="System.Guid">e0065158-4376-a26d-4743-418a56dccdcc</id></testId></id><testName type="System.String">CheckDBNullDecimalTest</testName><testType type="Microsoft.VisualStudio.TestTools.Common.TestType"><id type="System.Guid">13cdc9d9-ddb5-4fa4-a97d-d965ccfc6d4b</id></testType><messageKind type="Microsoft.VisualStudio.TestTools.Common.TestMessageKind"><value__ type="System.Int32">1</value__></messageKind><computerInfo type="Microsoft.VisualStudio.TestTools.Common.ComputerInfo"><m_computerName type="System.String">ECDATA-TFS01</m_computerName></computerInfo><duration type="System.TimeSpan">00:00:00.0006022</duration><startTime type="System.DateTime"><dateData type="System.UInt64">633673774843909616</dateData></startTime><endTime type="System.DateTime"><dateData type="System.UInt64">633673774843909616</dateData></endTime><spoolMessage type="System.Boolean">True</spoolMessage></UnitTestResult><UnitTestResult type="Microsoft.VisualStudio.TestTools.TestTypes.Unit.UnitTestResult, Microsoft.VisualStudio.QualityTools.Tips.UnitTest.ObjectModel, Version=8.0.0.0, Culture=neutral, PublicKeyToken=b03f5f7f11d50a3a"><resultType type="Microsoft.VisualStudio.TestTools.TestTypes.Unit.UnitTestResultType, Microsoft.VisualStudio.QualityTools.Tips.UnitTest.ObjectModel, Version=8.0.0.0, Culture=neutral, PublicKeyToken=b03f5f7f11d50a3a"><value__ type="System.Int32">0</value__></resultType><m_hasSufficientAccess type="System.Boolean">True</m_hasSufficientAccess><counters type="Microsoft.VisualStudio.TestTools.Common.TestResultCounter"><values type="System.Int32">0,0,0,0,0,0,0,0,0,0,0,0,0,0</values><total type="System.Int32">1</total></counters><categoryId type="Microsoft.VisualStudio.TestTools.Common.TestCategoryId"><id type="System.Guid">8c84fa94-04c1-424b-9868-57a2d4851a1d</id></categoryId><outcome type="Microsoft.VisualStudio.TestTools.Common.TestOutcome"><value__ type="System.Int32">4</value__></outcome><errorInfo type="Microsoft.VisualStudio.TestTools.Common.TestResultErrorInfo"><message type="System.String">Assert.Inconclusive failed. Verify the correctness of this test method</message><stackTrace type="System.String">   at BrownShoe.UnitTests.Services.DataAccess.DBUtilsTest.CheckDBNullGuidTest()
</stackTrace></errorInfo><traceInfo type="Microsoft.VisualStudio.TestTools.Common.TestExecutionTraceInformation"><trace type="System.Text.StringBuilder">Creating instance of class BrownShoe.UnitTests.Services.DataAccess.DBUtilsTest.
Calling Test method BrownShoe.UnitTests.Services.DataAccess.DBUtilsTest.Microsoft.VisualStudio.TestTools.TestTypes.Unit.TestMethod.
</trace></traceInfo><stdout type="System.String" /><stderr type="System.String" /><debugTrace type="System.String" /><workItemIds type="System.Collections.Generic.List`1[[System.Int32, mscorlib, Version=2.0.0.0, Culture=neutral, PublicKeyToken=b77a5c561934e089]]"><_size type="System.Int32">0</_size><_version type="System.Int32">1</_version></workItemIds><id type="Microsoft.VisualStudio.TestTools.Common.TestResultId"><runId type="System.Guid">3d9a8baa-b9cb-4717-8a94-3c6445344217</runId><executionId type="Microsoft.VisualStudio.TestTools.Common.TestExecId"><id type="System.Guid">cfc357b1-de37-4e21-bc66-0035278cc9c9</id></executionId><parentExecId type="Microsoft.VisualStudio.TestTools.Common.TestExecId"><id type="System.Guid">00000000-0000-0000-0000-000000000000</id></parentExecId><testId type="Microsoft.VisualStudio.TestTools.Common.TestId"><id type="System.Guid">c99cd681-f1e4-13e3-5687-371fefec2315</id></testId></id><testName type="System.String">CheckDBNullGuidTest</testName><testType type="Microsoft.VisualStudio.TestTools.Common.TestType"><id type="System.Guid">13cdc9d9-ddb5-4fa4-a97d-d965ccfc6d4b</id></testType><messageKind type="Microsoft.VisualStudio.TestTools.Common.TestMessageKind"><value__ type="System.Int32">1</value__></messageKind><computerInfo type="Microsoft.VisualStudio.TestTools.Common.ComputerInfo"><m_computerName type="System.String">ECDATA-TFS01</m_computerName></computerInfo><duration type="System.TimeSpan">00:00:00.0006605</duration><startTime type="System.DateTime"><dateData type="System.UInt64">633673774843909616</dateData></startTime><endTime type="System.DateTime"><dateData type="System.UInt64">633673774844065876</dateData></endTime><spoolMessage type="System.Boolean">True</spoolMessage></UnitTestResult><UnitTestResult type="Microsoft.VisualStudio.TestTools.TestTypes.Unit.UnitTestResult, Microsoft.VisualStudio.QualityTools.Tips.UnitTest.ObjectModel, Version=8.0.0.0, Culture=neutral, PublicKeyToken=b03f5f7f11d50a3a"><resultType type="Microsoft.VisualStudio.TestTools.TestTypes.Unit.UnitTestResultType, Microsoft.VisualStudio.QualityTools.Tips.UnitTest.ObjectModel, Version=8.0.0.0, Culture=neutral, PublicKeyToken=b03f5f7f11d50a3a"><value__ type="System.Int32">0</value__></resultType><m_hasSufficientAccess type="System.Boolean">True</m_hasSufficientAccess><counters type="Microsoft.VisualStudio.TestTools.Common.TestResultCounter"><values type="System.Int32">0,0,0,0,0,0,0,0,0,0,0,0,0,0</values><total type="System.Int32">1</total></counters><categoryId type="Microsoft.VisualStudio.TestTools.Common.TestCategoryId"><id type="System.Guid">8c84fa94-04c1-424b-9868-57a2d4851a1d</id></categoryId><outcome type="Microsoft.VisualStudio.TestTools.Common.TestOutcome"><value__ type="System.Int32">4</value__></outcome><errorInfo type="Microsoft.VisualStudio.TestTools.Common.TestResultErrorInfo"><message type="System.String">Assert.Inconclusive failed. Verify the correctness of this test method</message><stackTrace type="System.String">   at BrownShoe.UnitTests.Services.DataAccess.DBUtilsTest.CheckDBNullIntTest()
</stackTrace></errorInfo><traceInfo type="Microsoft.VisualStudio.TestTools.Common.TestExecutionTraceInformation"><trace type="System.Text.StringBuilder">Creating instance of class BrownShoe.UnitTests.Services.DataAccess.DBUtilsTest.
Calling Test method BrownShoe.UnitTests.Services.DataAccess.DBUtilsTest.Microsoft.VisualStudio.TestTools.TestTypes.Unit.TestMethod.
</trace></traceInfo><stdout type="System.String" /><stderr type="System.String" /><debugTrace type="System.String" /><workItemIds type="System.Collections.Generic.List`1[[System.Int32, mscorlib, Version=2.0.0.0, Culture=neutral, PublicKeyToken=b77a5c561934e089]]"><_size type="System.Int32">0</_size><_version type="System.Int32">1</_version></workItemIds><id type="Microsoft.VisualStudio.TestTools.Common.TestResultId"><runId type="System.Guid">3d9a8baa-b9cb-4717-8a94-3c6445344217</runId><executionId type="Microsoft.VisualStudio.TestTools.Common.TestExecId"><id type="System.Guid">45b4b598-2931-48f7-a1b1-501e739ac2c5</id></executionId><parentExecId type="Microsoft.VisualStudio.TestTools.Common.TestExecId"><id type="System.Guid">00000000-0000-0000-0000-000000000000</id></parentExecId><testId type="Microsoft.VisualStudio.TestTools.Common.TestId"><id type="System.Guid">9c786bf0-ebe7-289f-5591-4e8ed4b6bdd3</id></testId></id><testName type="System.String">CheckDBNullIntTest</testName><testType type="Microsoft.VisualStudio.TestTools.Common.TestType"><id type="System.Guid">13cdc9d9-ddb5-4fa4-a97d-d965ccfc6d4b</id></testType><messageKind type="Microsoft.VisualStudio.TestTools.Common.TestMessageKind"><value__ type="System.Int32">1</value__></messageKind><computerInfo type="Microsoft.VisualStudio.TestTools.Common.ComputerInfo"><m_computerName type="System.String">ECDATA-TFS01</m_computerName></computerInfo><duration type="System.TimeSpan">00:00:00.0005521</duration><startTime type="System.DateTime"><dateData type="System.UInt64">633673774844065876</dateData></startTime><endTime type="System.DateTime"><dateData type="System.UInt64">633673774844065876</dateData></endTime><spoolMessage type="System.Boolean">True</spoolMessage></UnitTestResult><UnitTestResult type="Microsoft.VisualStudio.TestTools.TestTypes.Unit.UnitTestResult, Microsoft.VisualStudio.QualityTools.Tips.UnitTest.ObjectModel, Version=8.0.0.0, Culture=neutral, PublicKeyToken=b03f5f7f11d50a3a"><resultType type="Microsoft.VisualStudio.TestTools.TestTypes.Unit.UnitTestResultType, Microsoft.VisualStudio.QualityTools.Tips.UnitTest.ObjectModel, Version=8.0.0.0, Culture=neutral, PublicKeyToken=b03f5f7f11d50a3a"><value__ type="System.Int32">0</value__></resultType><m_hasSufficientAccess type="System.Boolean">True</m_hasSufficientAccess><counters type="Microsoft.VisualStudio.TestTools.Common.TestResultCounter"><values type="System.Int32">0,0,0,0,0,0,0,0,0,0,0,0,0,0</values><total type="System.Int32">1</total></counters><categoryId type="Microsoft.VisualStudio.TestTools.Common.TestCategoryId"><id type="System.Guid">8c84fa94-04c1-424b-9868-57a2d4851a1d</id></categoryId><outcome type="Microsoft.VisualStudio.TestTools.Common.TestOutcome"><value__ type="System.Int32">4</value__></outcome><errorInfo type="Microsoft.VisualStudio.TestTools.Common.TestResultErrorInfo"><message type="System.String">Assert.Inconclusive failed. Verify the correctness of this test method</message><stackTrace type="System.String">   at BrownShoe.UnitTests.Services.DataAccess.DBUtilsTest.CheckDBNullStringTest()
</stackTrace></errorInfo><traceInfo type="Microsoft.VisualStudio.TestTools.Common.TestExecutionTraceInformation"><trace type="System.Text.StringBuilder">Creating instance of class BrownShoe.UnitTests.Services.DataAccess.DBUtilsTest.
Calling Test method BrownShoe.UnitTests.Services.DataAccess.DBUtilsTest.Microsoft.VisualStudio.TestTools.TestTypes.Unit.TestMethod.
</trace></traceInfo><stdout type="System.String" /><stderr type="System.String" /><debugTrace type="System.String" /><workItemIds type="System.Collections.Generic.List`1[[System.Int32, mscorlib, Version=2.0.0.0, Culture=neutral, PublicKeyToken=b77a5c561934e089]]"><_size type="System.Int32">0</_size><_version type="System.Int32">1</_version></workItemIds><id type="Microsoft.VisualStudio.TestTools.Common.TestResultId"><runId type="System.Guid">3d9a8baa-b9cb-4717-8a94-3c6445344217</runId><executionId type="Microsoft.VisualStudio.TestTools.Common.TestExecId"><id type="System.Guid">04941838-6c0b-407d-aa53-155a3c6f83b4</id></executionId><parentExecId type="Microsoft.VisualStudio.TestTools.Common.TestExecId"><id type="System.Guid">00000000-0000-0000-0000-000000000000</id></parentExecId><testId type="Microsoft.VisualStudio.TestTools.Common.TestId"><id type="System.Guid">93278ace-0a63-6694-341e-54bacfc96b56</id></testId></id><testName type="System.String">CheckDBNullStringTest</testName><testType type="Microsoft.VisualStudio.TestTools.Common.TestType"><id type="System.Guid">13cdc9d9-ddb5-4fa4-a97d-d965ccfc6d4b</id></testType><messageKind type="Microsoft.VisualStudio.TestTools.Common.TestMessageKind"><value__ type="System.Int32">1</value__></messageKind><computerInfo type="Microsoft.VisualStudio.TestTools.Common.ComputerInfo"><m_computerName type="System.String">ECDATA-TFS01</m_computerName></computerInfo><duration type="System.TimeSpan">00:00:00.0006779</duration><startTime type="System.DateTime"><dateData type="System.UInt64">633673774844065876</dateData></startTime><endTime type="System.DateTime"><dateData type="System.UInt64">633673774844065876</dateData></endTime><spoolMessage type="System.Boolean">True</spoolMessage></UnitTestResult><UnitTestResult type="Microsoft.VisualStudio.TestTools.TestTypes.Unit.UnitTestResult, Microsoft.VisualStudio.QualityTools.Tips.UnitTest.ObjectModel, Version=8.0.0.0, Culture=neutral, PublicKeyToken=b03f5f7f11d50a3a"><resultType type="Microsoft.VisualStudio.TestTools.TestTypes.Unit.UnitTestResultType, Microsoft.VisualStudio.QualityTools.Tips.UnitTest.ObjectModel, Version=8.0.0.0, Culture=neutral, PublicKeyToken=b03f5f7f11d50a3a"><value__ type="System.Int32">0</value__></resultType><m_hasSufficientAccess type="System.Boolean">True</m_hasSufficientAccess><counters type="Microsoft.VisualStudio.TestTools.Common.TestResultCounter"><values type="System.Int32">0,0,0,0,0,0,0,0,0,0,0,0,0,0</values><total type="System.Int32">1</total></counters><categoryId type="Microsoft.VisualStudio.TestTools.Common.TestCategoryId"><id type="System.Guid">8c84fa94-04c1-424b-9868-57a2d4851a1d</id></categoryId><outcome type="Microsoft.VisualStudio.TestTools.Common.TestOutcome"><value__ type="System.Int32">4</value__></outcome><errorInfo type="Microsoft.VisualStudio.TestTools.Common.TestResultErrorInfo"><message type="System.String">Assert.Inconclusive failed. Verify the correctness of this test method</message><stackTrace type="System.String">   at BrownShoe.UnitTests.Services.DataAccess.EDI_InvoiceDBTest.BuildInvoiceHTMLTest()
</stackTrace></errorInfo><traceInfo type="Microsoft.VisualStudio.TestTools.Common.TestExecutionTraceInformation"><trace type="System.Text.StringBuilder">Creating instance of class BrownShoe.UnitTests.Services.DataAccess.EDI_InvoiceDBTest.
Calling Test method BrownShoe.UnitTests.Services.DataAccess.EDI_InvoiceDBTest.Microsoft.VisualStudio.TestTools.TestTypes.Unit.TestMethod.
</trace></traceInfo><stdout type="System.String" /><stderr type="System.String" /><debugTrace type="System.String" /><workItemIds type="System.Collections.Generic.List`1[[System.Int32, mscorlib, Version=2.0.0.0, Culture=neutral, PublicKeyToken=b77a5c561934e089]]"><_size type="System.Int32">0</_size><_version type="System.Int32">1</_version></workItemIds><id type="Microsoft.VisualStudio.TestTools.Common.TestResultId"><runId type="System.Guid">3d9a8baa-b9cb-4717-8a94-3c6445344217</runId><executionId type="Microsoft.VisualStudio.TestTools.Common.TestExecId"><id type="System.Guid">255f6c47-86d3-419a-8511-d09b95a68949</id></executionId><parentExecId type="Microsoft.VisualStudio.TestTools.Common.TestExecId"><id type="System.Guid">00000000-0000-0000-0000-000000000000</id></parentExecId><testId type="Microsoft.VisualStudio.TestTools.Common.TestId"><id type="System.Guid">b33ce116-3e34-6cd2-26ee-42814a13c5e3</id></testId></id><testName type="System.String">BuildInvoiceHTMLTest</testName><testType type="Microsoft.VisualStudio.TestTools.Common.TestType"><id type="System.Guid">13cdc9d9-ddb5-4fa4-a97d-d965ccfc6d4b</id></testType><messageKind type="Microsoft.VisualStudio.TestTools.Common.TestMessageKind"><value__ type="System.Int32">1</value__></messageKind><computerInfo type="Microsoft.VisualStudio.TestTools.Common.ComputerInfo"><m_computerName type="System.String">ECDATA-TFS01</m_computerName></computerInfo><duration type="System.TimeSpan">00:00:00.0027921</duration><startTime type="System.DateTime"><dateData type="System.UInt64">633673774844065876</dateData></startTime><endTime type="System.DateTime"><dateData type="System.UInt64">633673774844222136</dateData></endTime><spoolMessage type="System.Boolean">True</spoolMessage></UnitTestResult><UnitTestResult type="Microsoft.VisualStudio.TestTools.TestTypes.Unit.UnitTestResult, Microsoft.VisualStudio.QualityTools.Tips.UnitTest.ObjectModel, Version=8.0.0.0, Culture=neutral, PublicKeyToken=b03f5f7f11d50a3a"><resultType type="Microsoft.VisualStudio.TestTools.TestTypes.Unit.UnitTestResultType, Microsoft.VisualStudio.QualityTools.Tips.UnitTest.ObjectModel, Version=8.0.0.0, Culture=neutral, PublicKeyToken=b03f5f7f11d50a3a"><value__ type="System.Int32">0</value__></resultType><m_hasSufficientAccess type="System.Boolean">True</m_hasSufficientAccess><counters type="Microsoft.VisualStudio.TestTools.Common.TestResultCounter"><values type="System.Int32">0,0,0,0,0,0,0,0,0,0,0,0,0,0</values><total type="System.Int32">1</total></counters><categoryId type="Microsoft.VisualStudio.TestTools.Common.TestCategoryId"><id type="System.Guid">8c84fa94-04c1-424b-9868-57a2d4851a1d</id></categoryId><outcome type="Microsoft.VisualStudio.TestTools.Common.TestOutcome"><value__ type="System.Int32">4</value__></outcome><errorInfo type="Microsoft.VisualStudio.TestTools.Common.TestResultErrorInfo"><message type="System.String">Assert.Inconclusive failed. Verify the correctness of this test method</message><stackTrace type="System.String">   at BrownShoe.UnitTests.Services.DataAccess.EDI_InvoiceDBTest.FormatCSVTest()
</stackTrace></errorInfo><traceInfo type="Microsoft.VisualStudio.TestTools.Common.TestExecutionTraceInformation"><trace type="System.Text.StringBuilder">Creating instance of class BrownShoe.UnitTests.Services.DataAccess.EDI_InvoiceDBTest.
Calling Test method BrownShoe.UnitTests.Services.DataAccess.EDI_InvoiceDBTest.Microsoft.VisualStudio.TestTools.TestTypes.Unit.TestMethod.
</trace></traceInfo><stdout type="System.String" /><stderr type="System.String" /><debugTrace type="System.String" /><workItemIds type="System.Collections.Generic.List`1[[System.Int32, mscorlib, Version=2.0.0.0, Culture=neutral, PublicKeyToken=b77a5c561934e089]]"><_size type="System.Int32">0</_size><_version type="System.Int32">1</_version></workItemIds><id type="Microsoft.VisualStudio.TestTools.Common.TestResultId"><runId type="System.Guid">3d9a8baa-b9cb-4717-8a94-3c6445344217</runId><executionId type="Microsoft.VisualStudio.TestTools.Common.TestExecId"><id type="System.Guid">b23d0065-2dcf-4f1c-8493-19cd8653b782</id></executionId><parentExecId type="Microsoft.VisualStudio.TestTools.Common.TestExecId"><id type="System.Guid">00000000-0000-0000-0000-000000000000</id></parentExecId><testId type="Microsoft.VisualStudio.TestTools.Common.TestId"><id type="System.Guid">2ae0174d-b692-ae88-2519-b96f13a7198b</id></testId></id><testName type="System.String">FormatCSVTest</testName><testType type="Microsoft.VisualStudio.TestTools.Common.TestType"><id type="System.Guid">13cdc9d9-ddb5-4fa4-a97d-d965ccfc6d4b</id></testType><messageKind type="Microsoft.VisualStudio.TestTools.Common.TestMessageKind"><value__ type="System.Int32">1</value__></messageKind><computerInfo type="Microsoft.VisualStudio.TestTools.Common.ComputerInfo"><m_computerName type="System.String">ECDATA-TFS01</m_computerName></computerInfo><duration type="System.TimeSpan">00:00:00.0024771</duration><startTime type="System.DateTime"><dateData type="System.UInt64">633673774844222136</dateData></startTime><endTime type="System.DateTime"><dateData type="System.UInt64">633673774844378396</dateData></endTime><spoolMessage type="System.Boolean">True</spoolMessage></UnitTestResult><UnitTestResult type="Microsoft.VisualStudio.TestTools.TestTypes.Unit.UnitTestResult, Microsoft.VisualStudio.QualityTools.Tips.UnitTest.ObjectModel, Version=8.0.0.0, Culture=neutral, PublicKeyToken=b03f5f7f11d50a3a"><resultType type="Microsoft.VisualStudio.TestTools.TestTypes.Unit.UnitTestResultType, Microsoft.VisualStudio.QualityTools.Tips.UnitTest.ObjectModel, Version=8.0.0.0, Culture=neutral, PublicKeyToken=b03f5f7f11d50a3a"><value__ type="System.Int32">0</value__></resultType><m_hasSufficientAccess type="System.Boolean">True</m_hasSufficientAccess><counters type="Microsoft.VisualStudio.TestTools.Common.TestResultCounter"><values type="System.Int32">0,0,0,0,0,0,0,0,0,0,0,0,0,0</values><total type="System.Int32">1</total></counters><categoryId type="Microsoft.VisualStudio.TestTools.Common.TestCategoryId"><id type="System.Guid">8c84fa94-04c1-424b-9868-57a2d4851a1d</id></categoryId><outcome type="Microsoft.VisualStudio.TestTools.Common.TestOutcome"><value__ type="System.Int32">4</value__></outcome><errorInfo type="Microsoft.VisualStudio.TestTools.Common.TestResultErrorInfo"><message type="System.String">Assert.Inconclusive failed. Verify the correctness of this test method</message><stackTrace type="System.String">   at BrownShoe.UnitTests.Services.DataAccess.EDI_InvoiceDBTest.Get_BrandsTest()
</stackTrace></errorInfo><traceInfo type="Microsoft.VisualStudio.TestTools.Common.TestExecutionTraceInformation"><trace type="System.Text.StringBuilder">Creating instance of class BrownShoe.UnitTests.Services.DataAccess.EDI_InvoiceDBTest.
Calling Test method BrownShoe.UnitTests.Services.DataAccess.EDI_InvoiceDBTest.Microsoft.VisualStudio.TestTools.TestTypes.Unit.TestMethod.
</trace></traceInfo><stdout type="System.String" /><stderr type="System.String" /><debugTrace type="System.String" /><workItemIds type="System.Collections.Generic.List`1[[System.Int32, mscorlib, Version=2.0.0.0, Culture=neutral, PublicKeyToken=b77a5c561934e089]]"><_size type="System.Int32">0</_size><_version type="System.Int32">1</_version></workItemIds><id type="Microsoft.VisualStudio.TestTools.Common.TestResultId"><runId type="System.Guid">3d9a8baa-b9cb-4717-8a94-3c6445344217</runId><executionId type="Microsoft.VisualStudio.TestTools.Common.TestExecId"><id type="System.Guid">8eb035a0-02e5-41c6-85b2-89c62ab377a5</id></executionId><parentExecId type="Microsoft.VisualStudio.TestTools.Common.TestExecId"><id type="System.Guid">00000000-0000-0000-0000-000000000000</id></parentExecId><testId type="Microsoft.VisualStudio.TestTools.Common.TestId"><id type="System.Guid">e12873ce-2066-8a14-8354-d0d322d01125</id></testId></id><testName type="System.String">Get_BrandsTest</testName><testType type="Microsoft.VisualStudio.TestTools.Common.TestType"><id type="System.Guid">13cdc9d9-ddb5-4fa4-a97d-d965ccfc6d4b</id></testType><messageKind type="Microsoft.VisualStudio.TestTools.Common.TestMessageKind"><value__ type="System.Int32">1</value__></messageKind><computerInfo type="Microsoft.VisualStudio.TestTools.Common.ComputerInfo"><m_computerName type="System.String">ECDATA-TFS01</m_computerName></computerInfo><duration type="System.TimeSpan">00:00:00.0007380</duration><startTime type="System.DateTime"><dateData type="System.UInt64">633673774844378396</dateData></startTime><endTime type="System.DateTime"><dateData type="System.UInt64">633673774844378396</dateData></endTime><spoolMessage type="System.Boolean">True</spoolMessage></UnitTestResult><UnitTestResult type="Microsoft.VisualStudio.TestTools.TestTypes.Unit.UnitTestResult, Microsoft.VisualStudio.QualityTools.Tips.UnitTest.ObjectModel, Version=8.0.0.0, Culture=neutral, PublicKeyToken=b03f5f7f11d50a3a"><resultType type="Microsoft.VisualStudio.TestTools.TestTypes.Unit.UnitTestResultType, Microsoft.VisualStudio.QualityTools.Tips.UnitTest.ObjectModel, Version=8.0.0.0, Culture=neutral, PublicKeyToken=b03f5f7f11d50a3a"><value__ type="System.Int32">0</value__></resultType><m_hasSufficientAccess type="System.Boolean">True</m_hasSufficientAccess><counters type="Microsoft.VisualStudio.TestTools.Common.TestResultCounter"><values type="System.Int32">0,0,0,0,0,0,0,0,0,0,0,0,0,0</values><total type="System.Int32">1</total></counters><categoryId type="Microsoft.VisualStudio.TestTools.Common.TestCategoryId"><id type="System.Guid">8c84fa94-04c1-424b-9868-57a2d4851a1d</id></categoryId><outcome type="Microsoft.VisualStudio.TestTools.Common.TestOutcome"><value__ type="System.Int32">4</value__></outcome><errorInfo type="Microsoft.VisualStudio.TestTools.Common.TestResultErrorInfo"><message type="System.String">Assert.Inconclusive failed. Verify the correctness of this test method</message><stackTrace type="System.String">   at BrownShoe.UnitTests.Services.DataAccess.EDI_InvoiceDBTest.IsNumbericTest()
</stackTrace></errorInfo><traceInfo type="Microsoft.VisualStudio.TestTools.Common.TestExecutionTraceInformation"><trace type="System.Text.StringBuilder">Creating instance of class BrownShoe.UnitTests.Services.DataAccess.EDI_InvoiceDBTest.
Calling Test method BrownShoe.UnitTests.Services.DataAccess.EDI_InvoiceDBTest.Microsoft.VisualStudio.TestTools.TestTypes.Unit.TestMethod.
</trace></traceInfo><stdout type="System.String" /><stderr type="System.String" /><debugTrace type="System.String" /><workItemIds type="System.Collections.Generic.List`1[[System.Int32, mscorlib, Version=2.0.0.0, Culture=neutral, PublicKeyToken=b77a5c561934e089]]"><_size type="System.Int32">0</_size><_version type="System.Int32">1</_version></workItemIds><id type="Microsoft.VisualStudio.TestTools.Common.TestResultId"><runId type="System.Guid">3d9a8baa-b9cb-4717-8a94-3c6445344217</runId><executionId type="Microsoft.VisualStudio.TestTools.Common.TestExecId"><id type="System.Guid">044f20ef-eebd-4a03-b8fc-721733347375</id></executionId><parentExecId type="Microsoft.VisualStudio.TestTools.Common.TestExecId"><id type="System.Guid">00000000-0000-0000-0000-000000000000</id></parentExecId><testId type="Microsoft.VisualStudio.TestTools.Common.TestId"><id type="System.Guid">accf5607-d28d-3aa3-2c55-b0c95abd8cfc</id></testId></id><testName type="System.String">IsNumbericTest</testName><testType type="Microsoft.VisualStudio.TestTools.Common.TestType"><id type="System.Guid">13cdc9d9-ddb5-4fa4-a97d-d965ccfc6d4b</id></testType><messageKind type="Microsoft.VisualStudio.TestTools.Common.TestMessageKind"><value__ type="System.Int32">1</value__></messageKind><computerInfo type="Microsoft.VisualStudio.TestTools.Common.ComputerInfo"><m_computerName type="System.String">ECDATA-TFS01</m_computerName></computerInfo><duration type="System.TimeSpan">00:00:00.0006008</duration><startTime type="System.DateTime"><dateData type="System.UInt64">633673774844378396</dateData></startTime><endTime type="System.DateTime"><dateData type="System.UInt64">633673774844378396</dateData></endTime><spoolMessage type="System.Boolean">True</spoolMessage></UnitTestResult><UnitTestResult type="Microsoft.VisualStudio.TestTools.TestTypes.Unit.UnitTestResult, Microsoft.VisualStudio.QualityTools.Tips.UnitTest.ObjectModel, Version=8.0.0.0, Culture=neutral, PublicKeyToken=b03f5f7f11d50a3a"><resultType type="Microsoft.VisualStudio.TestTools.TestTypes.Unit.UnitTestResultType, Microsoft.VisualStudio.QualityTools.Tips.UnitTest.ObjectModel, Version=8.0.0.0, Culture=neutral, PublicKeyToken=b03f5f7f11d50a3a"><value__ type="System.Int32">0</value__></resultType><m_hasSufficientAccess type="System.Boolean">True</m_hasSufficientAccess><counters type="Microsoft.VisualStudio.TestTools.Common.TestResultCounter"><values type="System.Int32">0,0,0,0,0,0,0,0,0,0,0,0,0,0</values><total type="System.Int32">1</total></counters><categoryId type="Microsoft.VisualStudio.TestTools.Common.TestCategoryId"><id type="System.Guid">8c84fa94-04c1-424b-9868-57a2d4851a1d</id></categoryId><outcome type="Microsoft.VisualStudio.TestTools.Common.TestOutcome"><value__ type="System.Int32">4</value__></outcome><errorInfo type="Microsoft.VisualStudio.TestTools.Common.TestResultErrorInfo"><message type="System.String">Assert.Inconclusive failed. Verify the correctness of this test method</message><stackTrace type="System.String">   at BrownShoe.UnitTests.Services.DataAccess.EDI_InvoiceDBTest.table1Test()
</stackTrace></errorInfo><traceInfo type="Microsoft.VisualStudio.TestTools.Common.TestExecutionTraceInformation"><trace type="System.Text.StringBuilder">Creating instance of class BrownShoe.UnitTests.Services.DataAccess.EDI_InvoiceDBTest.
Calling Test method BrownShoe.UnitTests.Services.DataAccess.EDI_InvoiceDBTest.Microsoft.VisualStudio.TestTools.TestTypes.Unit.TestMethod.
</trace></traceInfo><stdout type="System.String" /><stderr type="System.String" /><debugTrace type="System.String" /><workItemIds type="System.Collections.Generic.List`1[[System.Int32, mscorlib, Version=2.0.0.0, Culture=neutral, PublicKeyToken=b77a5c561934e089]]"><_size type="System.Int32">0</_size><_version type="System.Int32">1</_version></workItemIds><id type="Microsoft.VisualStudio.TestTools.Common.TestResultId"><runId type="System.Guid">3d9a8baa-b9cb-4717-8a94-3c6445344217</runId><executionId type="Microsoft.VisualStudio.TestTools.Common.TestExecId"><id type="System.Guid">e209f5a4-fa48-4bd6-a31a-0e2040f37d0c</id></executionId><parentExecId type="Microsoft.VisualStudio.TestTools.Common.TestExecId"><id type="System.Guid">00000000-0000-0000-0000-000000000000</id></parentExecId><testId type="Microsoft.VisualStudio.TestTools.Common.TestId"><id type="System.Guid">a887f944-8c69-aec5-3b63-bb3dc5ab4f3a</id></testId></id><testName type="System.String">table1Test</testName><testType type="Microsoft.VisualStudio.TestTools.Common.TestType"><id type="System.Guid">13cdc9d9-ddb5-4fa4-a97d-d965ccfc6d4b</id></testType><messageKind type="Microsoft.VisualStudio.TestTools.Common.TestMessageKind"><value__ type="System.Int32">1</value__></messageKind><computerInfo type="Microsoft.VisualStudio.TestTools.Common.ComputerInfo"><m_computerName type="System.String">ECDATA-TFS01</m_computerName></computerInfo><duration type="System.TimeSpan">00:00:00.0010375</duration><startTime type="System.DateTime"><dateData type="System.UInt64">633673774844378396</dateData></startTime><endTime type="System.DateTime"><dateData type="System.UInt64">633673774844534656</dateData></endTime><spoolMessage type="System.Boolean">True</spoolMessage></UnitTestResult><UnitTestResult type="Microsoft.VisualStudio.TestTools.TestTypes.Unit.UnitTestResult, Microsoft.VisualStudio.QualityTools.Tips.UnitTest.ObjectModel, Version=8.0.0.0, Culture=neutral, PublicKeyToken=b03f5f7f11d50a3a"><resultType type="Microsoft.VisualStudio.TestTools.TestTypes.Unit.UnitTestResultType, Microsoft.VisualStudio.QualityTools.Tips.UnitTest.ObjectModel, Version=8.0.0.0, Culture=neutral, PublicKeyToken=b03f5f7f11d50a3a"><value__ type="System.Int32">0</value__></resultType><m_hasSufficientAccess type="System.Boolean">True</m_hasSufficientAccess><counters type="Microsoft.VisualStudio.TestTools.Common.TestResultCounter"><values type="System.Int32">0,0,0,0,0,0,0,0,0,0,0,0,0,0</values><total type="System.Int32">1</total></counters><categoryId type="Microsoft.VisualStudio.TestTools.Common.TestCategoryId"><id type="System.Guid">8c84fa94-04c1-424b-9868-57a2d4851a1d</id></categoryId><outcome type="Microsoft.VisualStudio.TestTools.Common.TestOutcome"><value__ type="System.Int32">4</value__></outcome><errorInfo type="Microsoft.VisualStudio.TestTools.Common.TestResultErrorInfo"><message type="System.String">Assert.Inconclusive failed. Verify the correctness of this test method</message><stackTrace type="System.String">   at BrownShoe.UnitTests.Services.DataAccess.EDI_InvoiceDBTest.UpdateUserTableTest()
</stackTrace></errorInfo><traceInfo type="Microsoft.VisualStudio.TestTools.Common.TestExecutionTraceInformation"><trace type="System.Text.StringBuilder">Creating instance of class BrownShoe.UnitTests.Services.DataAccess.EDI_InvoiceDBTest.
Calling Test method BrownShoe.UnitTests.Services.DataAccess.EDI_InvoiceDBTest.Microsoft.VisualStudio.TestTools.TestTypes.Unit.TestMethod.
</trace></traceInfo><stdout type="System.String" /><stderr type="System.String" /><debugTrace type="System.String" /><workItemIds type="System.Collections.Generic.List`1[[System.Int32, mscorlib, Version=2.0.0.0, Culture=neutral, PublicKeyToken=b77a5c561934e089]]"><_size type="System.Int32">0</_size><_version type="System.Int32">1</_version></workItemIds><id type="Microsoft.VisualStudio.TestTools.Common.TestResultId"><runId type="System.Guid">3d9a8baa-b9cb-4717-8a94-3c6445344217</runId><executionId type="Microsoft.VisualStudio.TestTools.Common.TestExecId"><id type="System.Guid">f716ca7c-0c6f-4509-8554-3eedf1435d3a</id></executionId><parentExecId type="Microsoft.VisualStudio.TestTools.Common.TestExecId"><id type="System.Guid">00000000-0000-0000-0000-000000000000</id></parentExecId><testId type="Microsoft.VisualStudio.TestTools.Common.TestId"><id type="System.Guid">dbd8df9b-e416-ed67-048b-355b82422b91</id></testId></id><testName type="System.String">UpdateUserTableTest</testName><testType type="Microsoft.VisualStudio.TestTools.Common.TestType"><id type="System.Guid">13cdc9d9-ddb5-4fa4-a97d-d965ccfc6d4b</id></testType><messageKind type="Microsoft.VisualStudio.TestTools.Common.TestMessageKind"><value__ type="System.Int32">1</value__></messageKind><computerInfo type="Microsoft.VisualStudio.TestTools.Common.ComputerInfo"><m_computerName type="System.String">ECDATA-TFS01</m_computerName></computerInfo><duration type="System.TimeSpan">00:00:00.0006001</duration><startTime type="System.DateTime"><dateData type="System.UInt64">633673774844534656</dateData></startTime><endTime type="System.DateTime"><dateData type="System.UInt64">633673774844534656</dateData></endTime><spoolMessage type="System.Boolean">True</spoolMessage></UnitTestResult><UnitTestResult type="Microsoft.VisualStudio.TestTools.TestTypes.Unit.UnitTestResult, Microsoft.VisualStudio.QualityTools.Tips.UnitTest.ObjectModel, Version=8.0.0.0, Culture=neutral, PublicKeyToken=b03f5f7f11d50a3a"><resultType type="Microsoft.VisualStudio.TestTools.TestTypes.Unit.UnitTestResultType, Microsoft.VisualStudio.QualityTools.Tips.UnitTest.ObjectModel, Version=8.0.0.0, Culture=neutral, PublicKeyToken=b03f5f7f11d50a3a"><value__ type="System.Int32">0</value__></resultType><m_hasSufficientAccess type="System.Boolean">True</m_hasSufficientAccess><counters type="Microsoft.VisualStudio.TestTools.Common.TestResultCounter"><values type="System.Int32">0,0,0,0,0,0,0,0,0,0,0,0,0,0</values><total type="System.Int32">1</total></counters><categoryId type="Microsoft.VisualStudio.TestTools.Common.TestCategoryId"><id type="System.Guid">8c84fa94-04c1-424b-9868-57a2d4851a1d</id></categoryId><outcome type="Microsoft.VisualStudio.TestTools.Common.TestOutcome"><value__ type="System.Int32">4</value__></outcome><errorInfo type="Microsoft.VisualStudio.TestTools.Common.TestResultErrorInfo"><message type="System.String">Assert.Inconclusive failed. Verify the correctness of this test method</message><stackTrace type="System.String">   at BrownShoe.UnitTests.Services.DataAccess.EDI_InvoiceDBTest.ValidDatesTest()
</stackTrace></errorInfo><traceInfo type="Microsoft.VisualStudio.TestTools.Common.TestExecutionTraceInformation"><trace type="System.Text.StringBuilder">Creating instance of class BrownShoe.UnitTests.Services.DataAccess.EDI_InvoiceDBTest.
Calling Test method BrownShoe.UnitTests.Services.DataAccess.EDI_InvoiceDBTest.Microsoft.VisualStudio.TestTools.TestTypes.Unit.TestMethod.
</trace></traceInfo><stdout type="System.String" /><stderr type="System.String" /><debugTrace type="System.String" /><workItemIds type="System.Collections.Generic.List`1[[System.Int32, mscorlib, Version=2.0.0.0, Culture=neutral, PublicKeyToken=b77a5c561934e089]]"><_size type="System.Int32">0</_size><_version type="System.Int32">1</_version></workItemIds><id type="Microsoft.VisualStudio.TestTools.Common.TestResultId"><runId type="System.Guid">3d9a8baa-b9cb-4717-8a94-3c6445344217</runId><executionId type="Microsoft.VisualStudio.TestTools.Common.TestExecId"><id type="System.Guid">57704544-5202-43cd-912f-b770b67c5f35</id></executionId><parentExecId type="Microsoft.VisualStudio.TestTools.Common.TestExecId"><id type="System.Guid">00000000-0000-0000-0000-000000000000</id></parentExecId><testId type="Microsoft.VisualStudio.TestTools.Common.TestId"><id type="System.Guid">1ef977b8-9f11-a44f-6fc6-fa35a38c1b84</id></testId></id><testName type="System.String">ValidDatesTest</testName><testType type="Microsoft.VisualStudio.TestTools.Common.TestType"><id type="System.Guid">13cdc9d9-ddb5-4fa4-a97d-d965ccfc6d4b</id></testType><messageKind type="Microsoft.VisualStudio.TestTools.Common.TestMessageKind"><value__ type="System.Int32">1</value__></messageKind><computerInfo type="Microsoft.VisualStudio.TestTools.Common.ComputerInfo"><m_computerName type="System.String">ECDATA-TFS01</m_computerName></computerInfo><duration type="System.TimeSpan">00:00:00.0011049</duration><startTime type="System.DateTime"><dateData type="System.UInt64">633673774844534656</dateData></startTime><endTime type="System.DateTime"><dateData type="System.UInt64">633673774844534656</dateData></endTime><spoolMessage type="System.Boolean">True</spoolMessage></UnitTestResult><UnitTestResult type="Microsoft.VisualStudio.TestTools.TestTypes.Unit.UnitTestResult, Microsoft.VisualStudio.QualityTools.Tips.UnitTest.ObjectModel, Version=8.0.0.0, Culture=neutral, PublicKeyToken=b03f5f7f11d50a3a"><resultType type="Microsoft.VisualStudio.TestTools.TestTypes.Unit.UnitTestResultType, Microsoft.VisualStudio.QualityTools.Tips.UnitTest.ObjectModel, Version=8.0.0.0, Culture=neutral, PublicKeyToken=b03f5f7f11d50a3a"><value__ type="System.Int32">0</value__></resultType><m_hasSufficientAccess type="System.Boolean">True</m_hasSufficientAccess><counters type="Microsoft.VisualStudio.TestTools.Common.TestResultCounter"><values type="System.Int32">0,0,0,0,0,0,0,0,0,0,0,0,0,0</values><total type="System.Int32">1</total></counters><categoryId type="Microsoft.VisualStudio.TestTools.Common.TestCategoryId"><id type="System.Guid">8c84fa94-04c1-424b-9868-57a2d4851a1d</id></categoryId><outcome type="Microsoft.VisualStudio.TestTools.Common.TestOutcome"><value__ type="System.Int32">4</value__></outcome><errorInfo type="Microsoft.VisualStudio.TestTools.Common.TestResultErrorInfo"><message type="System.String">Assert.Inconclusive failed. Verify the correctness of this test method</message><stackTrace type="System.String">   at BrownShoe.UnitTests.Services.DataAccess.EDI_InvoiceDBTest.WritePageLinksTest()
</stackTrace></errorInfo><traceInfo type="Microsoft.VisualStudio.TestTools.Common.TestExecutionTraceInformation"><trace type="System.Text.StringBuilder">Creating instance of class BrownShoe.UnitTests.Services.DataAccess.EDI_InvoiceDBTest.
Calling Test method BrownShoe.UnitTests.Services.DataAccess.EDI_InvoiceDBTest.Microsoft.VisualStudio.TestTools.TestTypes.Unit.TestMethod.
</trace></traceInfo><stdout type="System.String" /><stderr type="System.String" /><debugTrace type="System.String" /><workItemIds type="System.Collections.Generic.List`1[[System.Int32, mscorlib, Version=2.0.0.0, Culture=neutral, PublicKeyToken=b77a5c561934e089]]"><_size type="System.Int32">0</_size><_version type="System.Int32">1</_version></workItemIds><id type="Microsoft.VisualStudio.TestTools.Common.TestResultId"><runId type="System.Guid">3d9a8baa-b9cb-4717-8a94-3c6445344217</runId><executionId type="Microsoft.VisualStudio.TestTools.Common.TestExecId"><id type="System.Guid">2443aa7d-2681-48a4-a55e-a7292406ea8a</id></executionId><parentExecId type="Microsoft.VisualStudio.TestTools.Common.TestExecId"><id type="System.Guid">00000000-0000-0000-0000-000000000000</id></parentExecId><testId type="Microsoft.VisualStudio.TestTools.Common.TestId"><id type="System.Guid">6ecca34a-12e7-3d48-5a3d-ed94a818e7c0</id></testId></id><testName type="System.String">WritePageLinksTest</testName><testType type="Microsoft.VisualStudio.TestTools.Common.TestType"><id type="System.Guid">13cdc9d9-ddb5-4fa4-a97d-d965ccfc6d4b</id></testType><messageKind type="Microsoft.VisualStudio.TestTools.Common.TestMessageKind"><value__ type="System.Int32">1</value__></messageKind><computerInfo type="Microsoft.VisualStudio.TestTools.Common.ComputerInfo"><m_computerName type="System.String">ECDATA-TFS01</m_computerName></computerInfo><duration type="System.TimeSpan">00:00:00.0008660</duration><startTime type="System.DateTime"><dateData type="System.UInt64">633673774844534656</dateData></startTime><endTime type="System.DateTime"><dateData type="System.UInt64">633673774844690916</dateData></endTime><spoolMessage type="System.Boolean">True</spoolMessage></UnitTestResult><UnitTestResult type="Microsoft.VisualStudio.TestTools.TestTypes.Unit.UnitTestResult, Microsoft.VisualStudio.QualityTools.Tips.UnitTest.ObjectModel, Version=8.0.0.0, Culture=neutral, PublicKeyToken=b03f5f7f11d50a3a"><resultType type="Microsoft.VisualStudio.TestTools.TestTypes.Unit.UnitTestResultType, Microsoft.VisualStudio.QualityTools.Tips.UnitTest.ObjectModel, Version=8.0.0.0, Culture=neutral, PublicKeyToken=b03f5f7f11d50a3a"><value__ type="System.Int32">0</value__></resultType><m_hasSufficientAccess type="System.Boolean">True</m_hasSufficientAccess><counters type="Microsoft.VisualStudio.TestTools.Common.TestResultCounter"><values type="System.Int32">0,0,0,0,0,0,0,0,0,0,0,0,0,0</values><total type="System.Int32">1</total></counters><categoryId type="Microsoft.VisualStudio.TestTools.Common.TestCategoryId"><id type="System.Guid">8c84fa94-04c1-424b-9868-57a2d4851a1d</id></categoryId><outcome type="Microsoft.VisualStudio.TestTools.Common.TestOutcome"><value__ type="System.Int32">4</value__></outcome><errorInfo type="Microsoft.VisualStudio.TestTools.Common.TestResultErrorInfo"><message type="System.String">Assert.Inconclusive failed. Verify the correctness of this test method</message><stackTrace type="System.String">   at BrownShoe.UnitTests.Services.DataAccess.GiftCertificateDBTest.ApplyGiftCertificateTest()
</stackTrace></errorInfo><traceInfo type="Microsoft.VisualStudio.TestTools.Common.TestExecutionTraceInformation"><trace type="System.Text.StringBuilder">Creating instance of class BrownShoe.UnitTests.Services.DataAccess.GiftCertificateDBTest.
Calling Test method BrownShoe.UnitTests.Services.DataAccess.GiftCertificateDBTest.Microsoft.VisualStudio.TestTools.TestTypes.Unit.TestMethod.
</trace></traceInfo><stdout type="System.String" /><stderr type="System.String" /><debugTrace type="System.String" /><workItemIds type="System.Collections.Generic.List`1[[System.Int32, mscorlib, Version=2.0.0.0, Culture=neutral, PublicKeyToken=b77a5c561934e089]]"><_size type="System.Int32">0</_size><_version type="System.Int32">1</_version></workItemIds><id type="Microsoft.VisualStudio.TestTools.Common.TestResultId"><runId type="System.Guid">3d9a8baa-b9cb-4717-8a94-3c6445344217</runId><executionId type="Microsoft.VisualStudio.TestTools.Common.TestExecId"><id type="System.Guid">4d4e6240-6bbe-4699-b2ba-034a2896a388</id></executionId><parentExecId type="Microsoft.VisualStudio.TestTools.Common.TestExecId"><id type="System.Guid">00000000-0000-0000-0000-000000000000</id></parentExecId><testId type="Microsoft.VisualStudio.TestTools.Common.TestId"><id type="System.Guid">8b3eaf1f-7256-0288-2bd5-c23e606d76e2</id></testId></id><testName type="System.String">ApplyGiftCertificateTest</testName><testType type="Microsoft.VisualStudio.TestTools.Common.TestType"><id type="System.Guid">13cdc9d9-ddb5-4fa4-a97d-d965ccfc6d4b</id></testType><messageKind type="Microsoft.VisualStudio.TestTools.Common.TestMessageKind"><value__ type="System.Int32">1</value__></messageKind><computerInfo type="Microsoft.VisualStudio.TestTools.Common.ComputerInfo"><m_computerName type="System.String">ECDATA-TFS01</m_computerName></computerInfo><duration type="System.TimeSpan">00:00:00.0012194</duration><startTime type="System.DateTime"><dateData type="System.UInt64">633673774844690916</dateData></startTime><endTime type="System.DateTime"><dateData type="System.UInt64">633673774844690916</dateData></endTime><spoolMessage type="System.Boolean">True</spoolMessage></UnitTestResult><UnitTestResult type="Microsoft.VisualStudio.TestTools.TestTypes.Unit.UnitTestResult, Microsoft.VisualStudio.QualityTools.Tips.UnitTest.ObjectModel, Version=8.0.0.0, Culture=neutral, PublicKeyToken=b03f5f7f11d50a3a"><resultType type="Microsoft.VisualStudio.TestTools.TestTypes.Unit.UnitTestResultType, Microsoft.VisualStudio.QualityTools.Tips.UnitTest.ObjectModel, Version=8.0.0.0, Culture=neutral, PublicKeyToken=b03f5f7f11d50a3a"><value__ type="System.Int32">0</value__></resultType><m_hasSufficientAccess type="System.Boolean">True</m_hasSufficientAccess><counters type="Microsoft.VisualStudio.TestTools.Common.TestResultCounter"><values type="System.Int32">0,0,0,0,0,0,0,0,0,0,0,0,0,0</values><total type="System.Int32">1</total></counters><categoryId type="Microsoft.VisualStudio.TestTools.Common.TestCategoryId"><id type="System.Guid">8c84fa94-04c1-424b-9868-57a2d4851a1d</id></categoryId><outcome type="Microsoft.VisualStudio.TestTools.Common.TestOutcome"><value__ type="System.Int32">4</value__></outcome><errorInfo type="Microsoft.VisualStudio.TestTools.Common.TestResultErrorInfo"><message type="System.String">Assert.Inconclusive failed. Verify the correctness of this test method</message><stackTrace type="System.String">   at BrownShoe.UnitTests.Services.DataAccess.GiftCertificateDBTest.GetTest()
</stackTrace></errorInfo><traceInfo type="Microsoft.VisualStudio.TestTools.Common.TestExecutionTraceInformation"><trace type="System.Text.StringBuilder">Creating instance of class BrownShoe.UnitTests.Services.DataAccess.GiftCertificateDBTest.
Calling Test method BrownShoe.UnitTests.Services.DataAccess.GiftCertificateDBTest.Microsoft.VisualStudio.TestTools.TestTypes.Unit.TestMethod.
</trace></traceInfo><stdout type="System.String" /><stderr type="System.String" /><debugTrace type="System.String" /><workItemIds type="System.Collections.Generic.List`1[[System.Int32, mscorlib, Version=2.0.0.0, Culture=neutral, PublicKeyToken=b77a5c561934e089]]"><_size type="System.Int32">0</_size><_version type="System.Int32">1</_version></workItemIds><id type="Microsoft.VisualStudio.TestTools.Common.TestResultId"><runId type="System.Guid">3d9a8baa-b9cb-4717-8a94-3c6445344217</runId><executionId type="Microsoft.VisualStudio.TestTools.Common.TestExecId"><id type="System.Guid">a179c9ae-1cdc-4289-b206-658a97ab7b16</id></executionId><parentExecId type="Microsoft.VisualStudio.TestTools.Common.TestExecId"><id type="System.Guid">00000000-0000-0000-0000-000000000000</id></parentExecId><testId type="Microsoft.VisualStudio.TestTools.Common.TestId"><id type="System.Guid">38ab14de-27fb-b1bd-c332-6c97929f07bb</id></testId></id><testName type="System.String">GetTest</testName><testType type="Microsoft.VisualStudio.TestTools.Common.TestType"><id type="System.Guid">13cdc9d9-ddb5-4fa4-a97d-d965ccfc6d4b</id></testType><messageKind type="Microsoft.VisualStudio.TestTools.Common.TestMessageKind"><value__ type="System.Int32">1</value__></messageKind><computerInfo type="Microsoft.VisualStudio.TestTools.Common.ComputerInfo"><m_computerName type="System.String">ECDATA-TFS01</m_computerName></computerInfo><duration type="System.TimeSpan">00:00:00.0007313</duration><startTime type="System.DateTime"><dateData type="System.UInt64">633673774844690916</dateData></startTime><endTime type="System.DateTime"><dateData type="System.UInt64">633673774844847176</dateData></endTime><spoolMessage type="System.Boolean">True</spoolMessage></UnitTestResult><UnitTestResult type="Microsoft.VisualStudio.TestTools.TestTypes.Unit.UnitTestResult, Microsoft.VisualStudio.QualityTools.Tips.UnitTest.ObjectModel, Version=8.0.0.0, Culture=neutral, PublicKeyToken=b03f5f7f11d50a3a"><resultType type="Microsoft.VisualStudio.TestTools.TestTypes.Unit.UnitTestResultType, Microsoft.VisualStudio.QualityTools.Tips.UnitTest.ObjectModel, Version=8.0.0.0, Culture=neutral, PublicKeyToken=b03f5f7f11d50a3a"><value__ type="System.Int32">0</value__></resultType><m_hasSufficientAccess type="System.Boolean">True</m_hasSufficientAccess><counters type="Microsoft.VisualStudio.TestTools.Common.TestResultCounter"><values type="System.Int32">0,0,0,0,0,0,0,0,0,0,0,0,0,0</values><total type="System.Int32">1</total></counters><categoryId type="Microsoft.VisualStudio.TestTools.Common.TestCategoryId"><id type="System.Guid">8c84fa94-04c1-424b-9868-57a2d4851a1d</id></categoryId><outcome type="Microsoft.VisualStudio.TestTools.Common.TestOutcome"><value__ type="System.Int32">4</value__></outcome><errorInfo type="Microsoft.VisualStudio.TestTools.Common.TestResultErrorInfo"><message type="System.String">Assert.Inconclusive failed. Verify the correctness of this test method</message><stackTrace type="System.String">   at BrownShoe.UnitTests.Services.DataAccess.GiftCertificateDBTest.LoadDataTest()
</stackTrace></errorInfo><traceInfo type="Microsoft.VisualStudio.TestTools.Common.TestExecutionTraceInformation"><trace type="System.Text.StringBuilder">Creating instance of class BrownShoe.UnitTests.Services.DataAccess.GiftCertificateDBTest.
Calling Test method BrownShoe.UnitTests.Services.DataAccess.GiftCertificateDBTest.Microsoft.VisualStudio.TestTools.TestTypes.Unit.TestMethod.
</trace></traceInfo><stdout type="System.String" /><stderr type="System.String" /><debugTrace type="System.String" /><workItemIds type="System.Collections.Generic.List`1[[System.Int32, mscorlib, Version=2.0.0.0, Culture=neutral, PublicKeyToken=b77a5c561934e089]]"><_size type="System.Int32">0</_size><_version type="System.Int32">1</_version></workItemIds><id type="Microsoft.VisualStudio.TestTools.Common.TestResultId"><runId type="System.Guid">3d9a8baa-b9cb-4717-8a94-3c6445344217</runId><executionId type="Microsoft.VisualStudio.TestTools.Common.TestExecId"><id type="System.Guid">5a505214-19fe-4aef-8f98-f3a681d67e9d</id></executionId><parentExecId type="Microsoft.VisualStudio.TestTools.Common.TestExecId"><id type="System.Guid">00000000-0000-0000-0000-000000000000</id></parentExecId><testId type="Microsoft.VisualStudio.TestTools.Common.TestId"><id type="System.Guid">0ce18597-b69f-c77b-1d34-e77c6a3e8c31</id></testId></id><testName type="System.String">LoadDataTest</testName><testType type="Microsoft.VisualStudio.TestTools.Common.TestType"><id type="System.Guid">13cdc9d9-ddb5-4fa4-a97d-d965ccfc6d4b</id></testType><messageKind type="Microsoft.VisualStudio.TestTools.Common.TestMessageKind"><value__ type="System.Int32">1</value__></messageKind><computerInfo type="Microsoft.VisualStudio.TestTools.Common.ComputerInfo"><m_computerName type="System.String">ECDATA-TFS01</m_computerName></computerInfo><duration type="System.TimeSpan">00:00:00.0005979</duration><startTime type="System.DateTime"><dateData type="System.UInt64">633673774844847176</dateData></startTime><endTime type="System.DateTime"><dateData type="System.UInt64">633673774844847176</dateData></endTime><spoolMessage type="System.Boolean">True</spoolMessage></UnitTestResult><UnitTestResult type="Microsoft.VisualStudio.TestTools.TestTypes.Unit.UnitTestResult, Microsoft.VisualStudio.QualityTools.Tips.UnitTest.ObjectModel, Version=8.0.0.0, Culture=neutral, PublicKeyToken=b03f5f7f11d50a3a"><resultType type="Microsoft.VisualStudio.TestTools.TestTypes.Unit.UnitTestResultType, Microsoft.VisualStudio.QualityTools.Tips.UnitTest.ObjectModel, Version=8.0.0.0, Culture=neutral, PublicKeyToken=b03f5f7f11d50a3a"><value__ type="System.Int32">0</value__></resultType><m_hasSufficientAccess type="System.Boolean">True</m_hasSufficientAccess><counters type="Microsoft.VisualStudio.TestTools.Common.TestResultCounter"><values type="System.Int32">0,0,0,0,0,0,0,0,0,0,0,0,0,0</values><total type="System.Int32">1</total></counters><categoryId type="Microsoft.VisualStudio.TestTools.Common.TestCategoryId"><id type="System.Guid">8c84fa94-04c1-424b-9868-57a2d4851a1d</id></categoryId><outcome type="Microsoft.VisualStudio.TestTools.Common.TestOutcome"><value__ type="System.Int32">4</value__></outcome><errorInfo type="Microsoft.VisualStudio.TestTools.Common.TestResultErrorInfo"><message type="System.String">Assert.Inconclusive failed. Verify the correctness of this test method</message><stackTrace type="System.String">   at BrownShoe.UnitTests.Services.DataAccess.GiftCertificateDBTest.UpdateTest()
</stackTrace></errorInfo><traceInfo type="Microsoft.VisualStudio.TestTools.Common.TestExecutionTraceInformation"><trace type="System.Text.StringBuilder">Creating instance of class BrownShoe.UnitTests.Services.DataAccess.GiftCertificateDBTest.
Calling Test method BrownShoe.UnitTests.Services.DataAccess.GiftCertificateDBTest.Microsoft.VisualStudio.TestTools.TestTypes.Unit.TestMethod.
</trace></traceInfo><stdout type="System.String" /><stderr type="System.String" /><debugTrace type="System.String" /><workItemIds type="System.Collections.Generic.List`1[[System.Int32, mscorlib, Version=2.0.0.0, Culture=neutral, PublicKeyToken=b77a5c561934e089]]"><_size type="System.Int32">0</_size><_version type="System.Int32">1</_version></workItemIds><id type="Microsoft.VisualStudio.TestTools.Common.TestResultId"><runId type="System.Guid">3d9a8baa-b9cb-4717-8a94-3c6445344217</runId><executionId type="Microsoft.VisualStudio.TestTools.Common.TestExecId"><id type="System.Guid">7f343e14-b31a-4a89-a1d7-a45c592f8b50</id></executionId><parentExecId type="Microsoft.VisualStudio.TestTools.Common.TestExecId"><id type="System.Guid">00000000-0000-0000-0000-000000000000</id></parentExecId><testId type="Microsoft.VisualStudio.TestTools.Common.TestId"><id type="System.Guid">d199df1b-d4c1-ec0e-8e5c-8716759f3059</id></testId></id><testName type="System.String">UpdateTest</testName><testType type="Microsoft.VisualStudio.TestTools.Common.TestType"><id type="System.Guid">13cdc9d9-ddb5-4fa4-a97d-d965ccfc6d4b</id></testType><messageKind type="Microsoft.VisualStudio.TestTools.Common.TestMessageKind"><value__ type="System.Int32">1</value__></messageKind><computerInfo type="Microsoft.VisualStudio.TestTools.Common.ComputerInfo"><m_computerName type="System.String">ECDATA-TFS01</m_computerName></computerInfo><duration type="System.TimeSpan">00:00:00.0006307</duration><startTime type="System.DateTime"><dateData type="System.UInt64">633673774844847176</dateData></startTime><endTime type="System.DateTime"><dateData type="System.UInt64">633673774845003436</dateData></endTime><spoolMessage type="System.Boolean">True</spoolMessage></UnitTestResult><UnitTestResult type="Microsoft.VisualStudio.TestTools.TestTypes.Unit.UnitTestResult, Microsoft.VisualStudio.QualityTools.Tips.UnitTest.ObjectModel, Version=8.0.0.0, Culture=neutral, PublicKeyToken=b03f5f7f11d50a3a"><resultType type="Microsoft.VisualStudio.TestTools.TestTypes.Unit.UnitTestResultType, Microsoft.VisualStudio.QualityTools.Tips.UnitTest.ObjectModel, Version=8.0.0.0, Culture=neutral, PublicKeyToken=b03f5f7f11d50a3a"><value__ type="System.Int32">0</value__></resultType><m_hasSufficientAccess type="System.Boolean">True</m_hasSufficientAccess><counters type="Microsoft.VisualStudio.TestTools.Common.TestResultCounter"><values type="System.Int32">0,0,0,0,0,0,0,0,0,0,0,0,0,0</values><total type="System.Int32">1</total></counters><categoryId type="Microsoft.VisualStudio.TestTools.Common.TestCategoryId"><id type="System.Guid">8c84fa94-04c1-424b-9868-57a2d4851a1d</id></categoryId><outcome type="Microsoft.VisualStudio.TestTools.Common.TestOutcome"><value__ type="System.Int32">4</value__></outcome><errorInfo type="Microsoft.VisualStudio.TestTools.Common.TestResultErrorInfo"><message type="System.String">Assert.Inconclusive failed. Verify the correctness of this test method</message><stackTrace type="System.String">   at BrownShoe.UnitTests.Services.DataAccess.GrandOpeningDBTest.AddTest()
</stackTrace></errorInfo><traceInfo type="Microsoft.VisualStudio.TestTools.Common.TestExecutionTraceInformation"><trace type="System.Text.StringBuilder">Creating instance of class BrownShoe.UnitTests.Services.DataAccess.GrandOpeningDBTest.
Calling Test method BrownShoe.UnitTests.Services.DataAccess.GrandOpeningDBTest.Microsoft.VisualStudio.TestTools.TestTypes.Unit.TestMethod.
</trace></traceInfo><stdout type="System.String" /><stderr type="System.String" /><debugTrace type="System.String" /><workItemIds type="System.Collections.Generic.List`1[[System.Int32, mscorlib, Version=2.0.0.0, Culture=neutral, PublicKeyToken=b77a5c561934e089]]"><_size type="System.Int32">0</_size><_version type="System.Int32">1</_version></workItemIds><id type="Microsoft.VisualStudio.TestTools.Common.TestResultId"><runId type="System.Guid">3d9a8baa-b9cb-4717-8a94-3c6445344217</runId><executionId type="Microsoft.VisualStudio.TestTools.Common.TestExecId"><id type="System.Guid">019f2355-3c82-448a-a13d-bc8c9083b6e4</id></executionId><parentExecId type="Microsoft.VisualStudio.TestTools.Common.TestExecId"><id type="System.Guid">00000000-0000-0000-0000-000000000000</id></parentExecId><testId type="Microsoft.VisualStudio.TestTools.Common.TestId"><id type="System.Guid">7724b8bd-fc0f-9e24-5736-96441cdd3c69</id></testId></id><testName type="System.String">AddTest</testName><testType type="Microsoft.VisualStudio.TestTools.Common.TestType"><id type="System.Guid">13cdc9d9-ddb5-4fa4-a97d-d965ccfc6d4b</id></testType><messageKind type="Microsoft.VisualStudio.TestTools.Common.TestMessageKind"><value__ type="System.Int32">1</value__></messageKind><computerInfo type="Microsoft.VisualStudio.TestTools.Common.ComputerInfo"><m_computerName type="System.String">ECDATA-TFS01</m_computerName></computerInfo><duration type="System.TimeSpan">00:00:00.0013019</duration><startTime type="System.DateTime"><dateData type="System.UInt64">633673774845003436</dateData></startTime><endTime type="System.DateTime"><dateData type="System.UInt64">633673774845003436</dateData></endTime><spoolMessage type="System.Boolean">True</spoolMessage></UnitTestResult><UnitTestResult type="Microsoft.VisualStudio.TestTools.TestTypes.Unit.UnitTestResult, Microsoft.VisualStudio.QualityTools.Tips.UnitTest.ObjectModel, Version=8.0.0.0, Culture=neutral, PublicKeyToken=b03f5f7f11d50a3a"><resultType type="Microsoft.VisualStudio.TestTools.TestTypes.Unit.UnitTestResultType, Microsoft.VisualStudio.QualityTools.Tips.UnitTest.ObjectModel, Version=8.0.0.0, Culture=neutral, PublicKeyToken=b03f5f7f11d50a3a"><value__ type="System.Int32">0</value__></resultType><m_hasSufficientAccess type="System.Boolean">True</m_hasSufficientAccess><counters type="Microsoft.VisualStudio.TestTools.Common.TestResultCounter"><values type="System.Int32">0,0,0,0,0,0,0,0,0,0,0,0,0,0</values><total type="System.Int32">1</total></counters><categoryId type="Microsoft.VisualStudio.TestTools.Common.TestCategoryId"><id type="System.Guid">8c84fa94-04c1-424b-9868-57a2d4851a1d</id></categoryId><outcome type="Microsoft.VisualStudio.TestTools.Common.TestOutcome"><value__ type="System.Int32">4</value__></outcome><errorInfo type="Microsoft.VisualStudio.TestTools.Common.TestResultErrorInfo"><message type="System.String">Assert.Inconclusive failed. Verify the correctness of this test method</message><stackTrace type="System.String">   at BrownShoe.UnitTests.Services.DataAccess.GrandOpeningDBTest.DeleteTest()
</stackTrace></errorInfo><traceInfo type="Microsoft.VisualStudio.TestTools.Common.TestExecutionTraceInformation"><trace type="System.Text.StringBuilder">Creating instance of class BrownShoe.UnitTests.Services.DataAccess.GrandOpeningDBTest.
Calling Test method BrownShoe.UnitTests.Services.DataAccess.GrandOpeningDBTest.Microsoft.VisualStudio.TestTools.TestTypes.Unit.TestMethod.
</trace></traceInfo><stdout type="System.String" /><stderr type="System.String" /><debugTrace type="System.String" /><workItemIds type="System.Collections.Generic.List`1[[System.Int32, mscorlib, Version=2.0.0.0, Culture=neutral, PublicKeyToken=b77a5c561934e089]]"><_size type="System.Int32">0</_size><_version type="System.Int32">1</_version></workItemIds><id type="Microsoft.VisualStudio.TestTools.Common.TestResultId"><runId type="System.Guid">3d9a8baa-b9cb-4717-8a94-3c6445344217</runId><executionId type="Microsoft.VisualStudio.TestTools.Common.TestExecId"><id type="System.Guid">63160ec6-0473-4e9f-8327-b43cb60335c5</id></executionId><parentExecId type="Microsoft.VisualStudio.TestTools.Common.TestExecId"><id type="System.Guid">00000000-0000-0000-0000-000000000000</id></parentExecId><testId type="Microsoft.VisualStudio.TestTools.Common.TestId"><id type="System.Guid">e496e580-bef2-c289-4fdb-cf8aeab0965f</id></testId></id><testName type="System.String">DeleteTest</testName><testType type="Microsoft.VisualStudio.TestTools.Common.TestType"><id type="System.Guid">13cdc9d9-ddb5-4fa4-a97d-d965ccfc6d4b</id></testType><messageKind type="Microsoft.VisualStudio.TestTools.Common.TestMessageKind"><value__ type="System.Int32">1</value__></messageKind><computerInfo type="Microsoft.VisualStudio.TestTools.Common.ComputerInfo"><m_computerName type="System.String">ECDATA-TFS01</m_computerName></computerInfo><duration type="System.TimeSpan">00:00:00.0007108</duration><startTime type="System.DateTime"><dateData type="System.UInt64">633673774845003436</dateData></startTime><endTime type="System.DateTime"><dateData type="System.UInt64">633673774845003436</dateData></endTime><spoolMessage type="System.Boolean">True</spoolMessage></UnitTestResult><UnitTestResult type="Microsoft.VisualStudio.TestTools.TestTypes.Unit.UnitTestResult, Microsoft.VisualStudio.QualityTools.Tips.UnitTest.ObjectModel, Version=8.0.0.0, Culture=neutral, PublicKeyToken=b03f5f7f11d50a3a"><resultType type="Microsoft.VisualStudio.TestTools.TestTypes.Unit.UnitTestResultType, Microsoft.VisualStudio.QualityTools.Tips.UnitTest.ObjectModel, Version=8.0.0.0, Culture=neutral, PublicKeyToken=b03f5f7f11d50a3a"><value__ type="System.Int32">0</value__></resultType><m_hasSufficientAccess type="System.Boolean">True</m_hasSufficientAccess><counters type="Microsoft.VisualStudio.TestTools.Common.TestResultCounter"><values type="System.Int32">0,0,0,0,0,0,0,0,0,0,0,0,0,0</values><total type="System.Int32">1</total></counters><categoryId type="Microsoft.VisualStudio.TestTools.Common.TestCategoryId"><id type="System.Guid">8c84fa94-04c1-424b-9868-57a2d4851a1d</id></categoryId><outcome type="Microsoft.VisualStudio.TestTools.Common.TestOutcome"><value__ type="System.Int32">4</value__></outcome><errorInfo type="Microsoft.VisualStudio.TestTools.Common.TestResultErrorInfo"><message type="System.String">Assert.Inconclusive failed. Verify the correctness of this test method</message><stackTrace type="System.String">   at BrownShoe.UnitTests.Services.DataAccess.GrandOpeningDBTest.GetActiveTest()
</stackTrace></errorInfo><traceInfo type="Microsoft.VisualStudio.TestTools.Common.TestExecutionTraceInformation"><trace type="System.Text.StringBuilder">Creating instance of class BrownShoe.UnitTests.Services.DataAccess.GrandOpeningDBTest.
Calling Test method BrownShoe.UnitTests.Services.DataAccess.GrandOpeningDBTest.Microsoft.VisualStudio.TestTools.TestTypes.Unit.TestMethod.
</trace></traceInfo><stdout type="System.String" /><stderr type="System.String" /><debugTrace type="System.String" /><workItemIds type="System.Collections.Generic.List`1[[System.Int32, mscorlib, Version=2.0.0.0, Culture=neutral, PublicKeyToken=b77a5c561934e089]]"><_size type="System.Int32">0</_size><_version type="System.Int32">1</_version></workItemIds><id type="Microsoft.VisualStudio.TestTools.Common.TestResultId"><runId type="System.Guid">3d9a8baa-b9cb-4717-8a94-3c6445344217</runId><executionId type="Microsoft.VisualStudio.TestTools.Common.TestExecId"><id type="System.Guid">f0042dc4-1028-4e11-bc13-f371bebe0494</id></executionId><parentExecId type="Microsoft.VisualStudio.TestTools.Common.TestExecId"><id type="System.Guid">00000000-0000-0000-0000-000000000000</id></parentExecId><testId type="Microsoft.VisualStudio.TestTools.Common.TestId"><id type="System.Guid">f650c211-3042-109a-3240-b6d4db0af677</id></testId></id><testName type="System.String">GetActiveTest</testName><testType type="Microsoft.VisualStudio.TestTools.Common.TestType"><id type="System.Guid">13cdc9d9-ddb5-4fa4-a97d-d965ccfc6d4b</id></testType><messageKind type="Microsoft.VisualStudio.TestTools.Common.TestMessageKind"><value__ type="System.Int32">1</value__></messageKind><computerInfo type="Microsoft.VisualStudio.TestTools.Common.ComputerInfo"><m_computerName type="System.String">ECDATA-TFS01</m_computerName></computerInfo><duration type="System.TimeSpan">00:00:00.0010390</duration><startTime type="System.DateTime"><dateData type="System.UInt64">633673774845003436</dateData></startTime><endTime type="System.DateTime"><dateData type="System.UInt64">633673774845159696</dateData></endTime><spoolMessage type="System.Boolean">True</spoolMessage></UnitTestResult><UnitTestResult type="Microsoft.VisualStudio.TestTools.TestTypes.Unit.UnitTestResult, Microsoft.VisualStudio.QualityTools.Tips.UnitTest.ObjectModel, Version=8.0.0.0, Culture=neutral, PublicKeyToken=b03f5f7f11d50a3a"><resultType type="Microsoft.VisualStudio.TestTools.TestTypes.Unit.UnitTestResultType, Microsoft.VisualStudio.QualityTools.Tips.UnitTest.ObjectModel, Version=8.0.0.0, Culture=neutral, PublicKeyToken=b03f5f7f11d50a3a"><value__ type="System.Int32">0</value__></resultType><m_hasSufficientAccess type="System.Boolean">True</m_hasSufficientAccess><counters type="Microsoft.VisualStudio.TestTools.Common.TestResultCounter"><values type="System.Int32">0,0,0,0,0,0,0,0,0,0,0,0,0,0</values><total type="System.Int32">1</total></counters><categoryId type="Microsoft.VisualStudio.TestTools.Common.TestCategoryId"><id type="System.Guid">8c84fa94-04c1-424b-9868-57a2d4851a1d</id></categoryId><outcome type="Microsoft.VisualStudio.TestTools.Common.TestOutcome"><value__ type="System.Int32">4</value__></outcome><errorInfo type="Microsoft.VisualStudio.TestTools.Common.TestResultErrorInfo"><message type="System.String">Assert.Inconclusive failed. Verify the correctness of this test method</message><stackTrace type="System.String">   at BrownShoe.UnitTests.Services.DataAccess.GrandOpeningDBTest.GetAllTest()
</stackTrace></errorInfo><traceInfo type="Microsoft.VisualStudio.TestTools.Common.TestExecutionTraceInformation"><trace type="System.Text.StringBuilder">Creating instance of class BrownShoe.UnitTests.Services.DataAccess.GrandOpeningDBTest.
Calling Test method BrownShoe.UnitTests.Services.DataAccess.GrandOpeningDBTest.Microsoft.VisualStudio.TestTools.TestTypes.Unit.TestMethod.
</trace></traceInfo><stdout type="System.String" /><stderr type="System.String" /><debugTrace type="System.String" /><workItemIds type="System.Collections.Generic.List`1[[System.Int32, mscorlib, Version=2.0.0.0, Culture=neutral, PublicKeyToken=b77a5c561934e089]]"><_size type="System.Int32">0</_size><_version type="System.Int32">1</_version></workItemIds><id type="Microsoft.VisualStudio.TestTools.Common.TestResultId"><runId type="System.Guid">3d9a8baa-b9cb-4717-8a94-3c6445344217</runId><executionId type="Microsoft.VisualStudio.TestTools.Common.TestExecId"><id type="System.Guid">719b8638-3b18-4a5c-96ad-a88b2643cbc0</id></executionId><parentExecId type="Microsoft.VisualStudio.TestTools.Common.TestExecId"><id type="System.Guid">00000000-0000-0000-0000-000000000000</id></parentExecId><testId type="Microsoft.VisualStudio.TestTools.Common.TestId"><id type="System.Guid">8b0efc0d-969e-de83-3851-f59380cefcc7</id></testId></id><testName type="System.String">GetAllTest</testName><testType type="Microsoft.VisualStudio.TestTools.Common.TestType"><id type="System.Guid">13cdc9d9-ddb5-4fa4-a97d-d965ccfc6d4b</id></testType><messageKind type="Microsoft.VisualStudio.TestTools.Common.TestMessageKind"><value__ type="System.Int32">1</value__></messageKind><computerInfo type="Microsoft.VisualStudio.TestTools.Common.ComputerInfo"><m_computerName type="System.String">ECDATA-TFS01</m_computerName></computerInfo><duration type="System.TimeSpan">00:00:00.0006541</duration><startTime type="System.DateTime"><dateData type="System.UInt64">633673774845159696</dateData></startTime><endTime type="System.DateTime"><dateData type="System.UInt64">633673774845159696</dateData></endTime><spoolMessage type="System.Boolean">True</spoolMessage></UnitTestResult><UnitTestResult type="Microsoft.VisualStudio.TestTools.TestTypes.Unit.UnitTestResult, Microsoft.VisualStudio.QualityTools.Tips.UnitTest.ObjectModel, Version=8.0.0.0, Culture=neutral, PublicKeyToken=b03f5f7f11d50a3a"><resultType type="Microsoft.VisualStudio.TestTools.TestTypes.Unit.UnitTestResultType, Microsoft.VisualStudio.QualityTools.Tips.UnitTest.ObjectModel, Version=8.0.0.0, Culture=neutral, PublicKeyToken=b03f5f7f11d50a3a"><value__ type="System.Int32">0</value__></resultType><m_hasSufficientAccess type="System.Boolean">True</m_hasSufficientAccess><counters type="Microsoft.VisualStudio.TestTools.Common.TestResultCounter"><values type="System.Int32">0,0,0,0,0,0,0,0,0,0,0,0,0,0</values><total type="System.Int32">1</total></counters><categoryId type="Microsoft.VisualStudio.TestTools.Common.TestCategoryId"><id type="System.Guid">8c84fa94-04c1-424b-9868-57a2d4851a1d</id></categoryId><outcome type="Microsoft.VisualStudio.TestTools.Common.TestOutcome"><value__ type="System.Int32">4</value__></outcome><errorInfo type="Microsoft.VisualStudio.TestTools.Common.TestResultErrorInfo"><message type="System.String">Assert.Inconclusive failed. Verify the correctness of this test method</message><stackTrace type="System.String">   at BrownShoe.UnitTests.Services.DataAccess.GrandOpeningDBTest.GetByIDTest()
</stackTrace></errorInfo><traceInfo type="Microsoft.VisualStudio.TestTools.Common.TestExecutionTraceInformation"><trace type="System.Text.StringBuilder">Creating instance of class BrownShoe.UnitTests.Services.DataAccess.GrandOpeningDBTest.
Calling Test method BrownShoe.UnitTests.Services.DataAccess.GrandOpeningDBTest.Microsoft.VisualStudio.TestTools.TestTypes.Unit.TestMethod.
</trace></traceInfo><stdout type="System.String" /><stderr type="System.String" /><debugTrace type="System.String" /><workItemIds type="System.Collections.Generic.List`1[[System.Int32, mscorlib, Version=2.0.0.0, Culture=neutral, PublicKeyToken=b77a5c561934e089]]"><_size type="System.Int32">0</_size><_version type="System.Int32">1</_version></workItemIds><id type="Microsoft.VisualStudio.TestTools.Common.TestResultId"><runId type="System.Guid">3d9a8baa-b9cb-4717-8a94-3c6445344217</runId><executionId type="Microsoft.VisualStudio.TestTools.Common.TestExecId"><id type="System.Guid">86d27ad2-7d47-4c5d-90fa-1b77d9a9f83a</id></executionId><parentExecId type="Microsoft.VisualStudio.TestTools.Common.TestExecId"><id type="System.Guid">00000000-0000-0000-0000-000000000000</id></parentExecId><testId type="Microsoft.VisualStudio.TestTools.Common.TestId"><id type="System.Guid">4f0a225f-2950-c20e-a460-51891e008470</id></testId></id><testName type="System.String">GetByIDTest</testName><testType type="Microsoft.VisualStudio.TestTools.Common.TestType"><id type="System.Guid">13cdc9d9-ddb5-4fa4-a97d-d965ccfc6d4b</id></testType><messageKind type="Microsoft.VisualStudio.TestTools.Common.TestMessageKind"><value__ type="System.Int32">1</value__></messageKind><computerInfo type="Microsoft.VisualStudio.TestTools.Common.ComputerInfo"><m_computerName type="System.String">ECDATA-TFS01</m_computerName></computerInfo><duration type="System.TimeSpan">00:00:00.0005957</duration><startTime type="System.DateTime"><dateData type="System.UInt64">633673774845159696</dateData></startTime><endTime type="System.DateTime"><dateData type="System.UInt64">633673774845159696</dateData></endTime><spoolMessage type="System.Boolean">True</spoolMessage></UnitTestResult><UnitTestResult type="Microsoft.VisualStudio.TestTools.TestTypes.Unit.UnitTestResult, Microsoft.VisualStudio.QualityTools.Tips.UnitTest.ObjectModel, Version=8.0.0.0, Culture=neutral, PublicKeyToken=b03f5f7f11d50a3a"><resultType type="Microsoft.VisualStudio.TestTools.TestTypes.Unit.UnitTestResultType, Microsoft.VisualStudio.QualityTools.Tips.UnitTest.ObjectModel, Version=8.0.0.0, Culture=neutral, PublicKeyToken=b03f5f7f11d50a3a"><value__ type="System.Int32">0</value__></resultType><m_hasSufficientAccess type="System.Boolean">True</m_hasSufficientAccess><counters type="Microsoft.VisualStudio.TestTools.Common.TestResultCounter"><values type="System.Int32">0,0,0,0,0,0,0,0,0,0,0,0,0,0</values><total type="System.Int32">1</total></counters><categoryId type="Microsoft.VisualStudio.TestTools.Common.TestCategoryId"><id type="System.Guid">8c84fa94-04c1-424b-9868-57a2d4851a1d</id></categoryId><outcome type="Microsoft.VisualStudio.TestTools.Common.TestOutcome"><value__ type="System.Int32">4</value__></outcome><errorInfo type="Microsoft.VisualStudio.TestTools.Common.TestResultErrorInfo"><message type="System.String">Assert.Inconclusive failed. Verify the correctness of this test method</message><stackTrace type="System.String">   at BrownShoe.UnitTests.Services.DataAccess.MerchandiseReturnDBTest.FetchAddressTest()
</stackTrace></errorInfo><traceInfo type="Microsoft.VisualStudio.TestTools.Common.TestExecutionTraceInformation"><trace type="System.Text.StringBuilder">Creating instance of class BrownShoe.UnitTests.Services.DataAccess.MerchandiseReturnDBTest.
Calling Test method BrownShoe.UnitTests.Services.DataAccess.MerchandiseReturnDBTest.Microsoft.VisualStudio.TestTools.TestTypes.Unit.TestMethod.
</trace></traceInfo><stdout type="System.String" /><stderr type="System.String" /><debugTrace type="System.String" /><workItemIds type="System.Collections.Generic.List`1[[System.Int32, mscorlib, Version=2.0.0.0, Culture=neutral, PublicKeyToken=b77a5c561934e089]]"><_size type="System.Int32">0</_size><_version type="System.Int32">1</_version></workItemIds><id type="Microsoft.VisualStudio.TestTools.Common.TestResultId"><runId type="System.Guid">3d9a8baa-b9cb-4717-8a94-3c6445344217</runId><executionId type="Microsoft.VisualStudio.TestTools.Common.TestExecId"><id type="System.Guid">cc91af7a-a30c-46b5-bfc5-d173db9f5ddd</id></executionId><parentExecId type="Microsoft.VisualStudio.TestTools.Common.TestExecId"><id type="System.Guid">00000000-0000-0000-0000-000000000000</id></parentExecId><testId type="Microsoft.VisualStudio.TestTools.Common.TestId"><id type="System.Guid">d60bfbc0-3c45-25b2-7893-260fe048d9ba</id></testId></id><testName type="System.String">FetchAddressTest</testName><testType type="Microsoft.VisualStudio.TestTools.Common.TestType"><id type="System.Guid">13cdc9d9-ddb5-4fa4-a97d-d965ccfc6d4b</id></testType><messageKind type="Microsoft.VisualStudio.TestTools.Common.TestMessageKind"><value__ type="System.Int32">1</value__></messageKind><computerInfo type="Microsoft.VisualStudio.TestTools.Common.ComputerInfo"><m_computerName type="System.String">ECDATA-TFS01</m_computerName></computerInfo><duration type="System.TimeSpan">00:00:00.0008270</duration><startTime type="System.DateTime"><dateData type="System.UInt64">633673774845159696</dateData></startTime><endTime type="System.DateTime"><dateData type="System.UInt64">633673774845315956</dateData></endTime><spoolMessage type="System.Boolean">True</spoolMessage></UnitTestResult><UnitTestResult type="Microsoft.VisualStudio.TestTools.TestTypes.Unit.UnitTestResult, Microsoft.VisualStudio.QualityTools.Tips.UnitTest.ObjectModel, Version=8.0.0.0, Culture=neutral, PublicKeyToken=b03f5f7f11d50a3a"><resultType type="Microsoft.VisualStudio.TestTools.TestTypes.Unit.UnitTestResultType, Microsoft.VisualStudio.QualityTools.Tips.UnitTest.ObjectModel, Version=8.0.0.0, Culture=neutral, PublicKeyToken=b03f5f7f11d50a3a"><value__ type="System.Int32">0</value__></resultType><m_hasSufficientAccess type="System.Boolean">True</m_hasSufficientAccess><counters type="Microsoft.VisualStudio.TestTools.Common.TestResultCounter"><values type="System.Int32">0,0,0,0,0,0,0,0,0,0,0,0,0,0</values><total type="System.Int32">1</total></counters><categoryId type="Microsoft.VisualStudio.TestTools.Common.TestCategoryId"><id type="System.Guid">8c84fa94-04c1-424b-9868-57a2d4851a1d</id></categoryId><outcome type="Microsoft.VisualStudio.TestTools.Common.TestOutcome"><value__ type="System.Int32">4</value__></outcome><errorInfo type="Microsoft.VisualStudio.TestTools.Common.TestResultErrorInfo"><message type="System.String">Assert.Inconclusive failed. Verify the correctness of this test method</message><stackTrace type="System.String">   at BrownShoe.UnitTests.Services.DataAccess.MerchandiseReturnDBTest.FetchExchangeTest()
</stackTrace></errorInfo><traceInfo type="Microsoft.VisualStudio.TestTools.Common.TestExecutionTraceInformation"><trace type="System.Text.StringBuilder">Creating instance of class BrownShoe.UnitTests.Services.DataAccess.MerchandiseReturnDBTest.
Calling Test method BrownShoe.UnitTests.Services.DataAccess.MerchandiseReturnDBTest.Microsoft.VisualStudio.TestTools.TestTypes.Unit.TestMethod.
</trace></traceInfo><stdout type="System.String" /><stderr type="System.String" /><debugTrace type="System.String" /><workItemIds type="System.Collections.Generic.List`1[[System.Int32, mscorlib, Version=2.0.0.0, Culture=neutral, PublicKeyToken=b77a5c561934e089]]"><_size type="System.Int32">0</_size><_version type="System.Int32">1</_version></workItemIds><id type="Microsoft.VisualStudio.TestTools.Common.TestResultId"><runId type="System.Guid">3d9a8baa-b9cb-4717-8a94-3c6445344217</runId><executionId type="Microsoft.VisualStudio.TestTools.Common.TestExecId"><id type="System.Guid">1e45d4c8-9633-4c2e-b16b-0c9fa178868c</id></executionId><parentExecId type="Microsoft.VisualStudio.TestTools.Common.TestExecId"><id type="System.Guid">00000000-0000-0000-0000-000000000000</id></parentExecId><testId type="Microsoft.VisualStudio.TestTools.Common.TestId"><id type="System.Guid">a6aa863e-28a5-e86d-97f2-71cdd043727b</id></testId></id><testName type="System.String">FetchExchangeTest</testName><testType type="Microsoft.VisualStudio.TestTools.Common.TestType"><id type="System.Guid">13cdc9d9-ddb5-4fa4-a97d-d965ccfc6d4b</id></testType><messageKind type="Microsoft.VisualStudio.TestTools.Common.TestMessageKind"><value__ type="System.Int32">1</value__></messageKind><computerInfo type="Microsoft.VisualStudio.TestTools.Common.ComputerInfo"><m_computerName type="System.String">ECDATA-TFS01</m_computerName></computerInfo><duration type="System.TimeSpan">00:00:00.0011027</duration><startTime type="System.DateTime"><dateData type="System.UInt64">633673774845315956</dateData></startTime><endTime type="System.DateTime"><dateData type="System.UInt64">633673774845315956</dateData></endTime><spoolMessage type="System.Boolean">True</spoolMessage></UnitTestResult><UnitTestResult type="Microsoft.VisualStudio.TestTools.TestTypes.Unit.UnitTestResult, Microsoft.VisualStudio.QualityTools.Tips.UnitTest.ObjectModel, Version=8.0.0.0, Culture=neutral, PublicKeyToken=b03f5f7f11d50a3a"><resultType type="Microsoft.VisualStudio.TestTools.TestTypes.Unit.UnitTestResultType, Microsoft.VisualStudio.QualityTools.Tips.UnitTest.ObjectModel, Version=8.0.0.0, Culture=neutral, PublicKeyToken=b03f5f7f11d50a3a"><value__ type="System.Int32">0</value__></resultType><m_hasSufficientAccess type="System.Boolean">True</m_hasSufficientAccess><counters type="Microsoft.VisualStudio.TestTools.Common.TestResultCounter"><values type="System.Int32">0,0,0,0,0,0,0,0,0,0,0,0,0,0</values><total type="System.Int32">1</total></counters><categoryId type="Microsoft.VisualStudio.TestTools.Common.TestCategoryId"><id type="System.Guid">8c84fa94-04c1-424b-9868-57a2d4851a1d</id></categoryId><outcome type="Microsoft.VisualStudio.TestTools.Common.TestOutcome"><value__ type="System.Int32">4</value__></outcome><errorInfo type="Microsoft.VisualStudio.TestTools.Common.TestResultErrorInfo"><message type="System.String">Assert.Inconclusive failed. Verify the correctness of this test method</message><stackTrace type="System.String">   at BrownShoe.UnitTests.Services.DataAccess.MerchandiseReturnDBTest.GetTest()
</stackTrace></errorInfo><traceInfo type="Microsoft.VisualStudio.TestTools.Common.TestExecutionTraceInformation"><trace type="System.Text.StringBuilder">Creating instance of class BrownShoe.UnitTests.Services.DataAccess.MerchandiseReturnDBTest.
Calling Test method BrownShoe.UnitTests.Services.DataAccess.MerchandiseReturnDBTest.Microsoft.VisualStudio.TestTools.TestTypes.Unit.TestMethod.
</trace></traceInfo><stdout type="System.String" /><stderr type="System.String" /><debugTrace type="System.String" /><workItemIds type="System.Collections.Generic.List`1[[System.Int32, mscorlib, Version=2.0.0.0, Culture=neutral, PublicKeyToken=b77a5c561934e089]]"><_size type="System.Int32">0</_size><_version type="System.Int32">1</_version></workItemIds><id type="Microsoft.VisualStudio.TestTools.Common.TestResultId"><runId type="System.Guid">3d9a8baa-b9cb-4717-8a94-3c6445344217</runId><executionId type="Microsoft.VisualStudio.TestTools.Common.TestExecId"><id type="System.Guid">d67db70d-f071-4104-9cd1-c6ac9289101a</id></executionId><parentExecId type="Microsoft.VisualStudio.TestTools.Common.TestExecId"><id type="System.Guid">00000000-0000-0000-0000-000000000000</id></parentExecId><testId type="Microsoft.VisualStudio.TestTools.Common.TestId"><id type="System.Guid">adc36d37-b6ff-26ca-38db-bfeb3e50eee2</id></testId></id><testName type="System.String">GetTest</testName><testType type="Microsoft.VisualStudio.TestTools.Common.TestType"><id type="System.Guid">13cdc9d9-ddb5-4fa4-a97d-d965ccfc6d4b</id></testType><messageKind type="Microsoft.VisualStudio.TestTools.Common.TestMessageKind"><value__ type="System.Int32">1</value__></messageKind><computerInfo type="Microsoft.VisualStudio.TestTools.Common.ComputerInfo"><m_computerName type="System.String">ECDATA-TFS01</m_computerName></computerInfo><duration type="System.TimeSpan">00:00:00.0005504</duration><startTime type="System.DateTime"><dateData type="System.UInt64">633673774845315956</dateData></startTime><endTime type="System.DateTime"><dateData type="System.UInt64">633673774845472216</dateData></endTime><spoolMessage type="System.Boolean">True</spoolMessage></UnitTestResult><UnitTestResult type="Microsoft.VisualStudio.TestTools.TestTypes.Unit.UnitTestResult, Microsoft.VisualStudio.QualityTools.Tips.UnitTest.ObjectModel, Version=8.0.0.0, Culture=neutral, PublicKeyToken=b03f5f7f11d50a3a"><resultType type="Microsoft.VisualStudio.TestTools.TestTypes.Unit.UnitTestResultType, Microsoft.VisualStudio.QualityTools.Tips.UnitTest.ObjectModel, Version=8.0.0.0, Culture=neutral, PublicKeyToken=b03f5f7f11d50a3a"><value__ type="System.Int32">0</value__></resultType><m_hasSufficientAccess type="System.Boolean">True</m_hasSufficientAccess><counters type="Microsoft.VisualStudio.TestTools.Common.TestResultCounter"><values type="System.Int32">0,0,0,0,0,0,0,0,0,0,0,0,0,0</values><total type="System.Int32">1</total></counters><categoryId type="Microsoft.VisualStudio.TestTools.Common.TestCategoryId"><id type="System.Guid">8c84fa94-04c1-424b-9868-57a2d4851a1d</id></categoryId><outcome type="Microsoft.VisualStudio.TestTools.Common.TestOutcome"><value__ type="System.Int32">4</value__></outcome><errorInfo type="Microsoft.VisualStudio.TestTools.Common.TestResultErrorInfo"><message type="System.String">Assert.Inconclusive failed. Verify the correctness of this test method</message><stackTrace type="System.String">   at BrownShoe.UnitTests.Services.DataAccess.MerchandiseReturnDBTest.ListReturnItemsTest()
</stackTrace></errorInfo><traceInfo type="Microsoft.VisualStudio.TestTools.Common.TestExecutionTraceInformation"><trace type="System.Text.StringBuilder">Creating instance of class BrownShoe.UnitTests.Services.DataAccess.MerchandiseReturnDBTest.
Calling Test method BrownShoe.UnitTests.Services.DataAccess.MerchandiseReturnDBTest.Microsoft.VisualStudio.TestTools.TestTypes.Unit.TestMethod.
</trace></traceInfo><stdout type="System.String" /><stderr type="System.String" /><debugTrace type="System.String" /><workItemIds type="System.Collections.Generic.List`1[[System.Int32, mscorlib, Version=2.0.0.0, Culture=neutral, PublicKeyToken=b77a5c561934e089]]"><_size type="System.Int32">0</_size><_version type="System.Int32">1</_version></workItemIds><id type="Microsoft.VisualStudio.TestTools.Common.TestResultId"><runId type="System.Guid">3d9a8baa-b9cb-4717-8a94-3c6445344217</runId><executionId type="Microsoft.VisualStudio.TestTools.Common.TestExecId"><id type="System.Guid">c8d97347-008b-429a-a125-ea929682ef39</id></executionId><parentExecId type="Microsoft.VisualStudio.TestTools.Common.TestExecId"><id type="System.Guid">00000000-0000-0000-0000-000000000000</id></parentExecId><testId type="Microsoft.VisualStudio.TestTools.Common.TestId"><id type="System.Guid">e346e93a-5288-171e-ff6d-040c7494b488</id></testId></id><testName type="System.String">ListReturnItemsTest</testName><testType type="Microsoft.VisualStudio.TestTools.Common.TestType"><id type="System.Guid">13cdc9d9-ddb5-4fa4-a97d-d965ccfc6d4b</id></testType><messageKind type="Microsoft.VisualStudio.TestTools.Common.TestMessageKind"><value__ type="System.Int32">1</value__></messageKind><computerInfo type="Microsoft.VisualStudio.TestTools.Common.ComputerInfo"><m_computerName type="System.String">ECDATA-TFS01</m_computerName></computerInfo><duration type="System.TimeSpan">00:00:00.0011916</duration><startTime type="System.DateTime"><dateData type="System.UInt64">633673774845472216</dateData></startTime><endTime type="System.DateTime"><dateData type="System.UInt64">633673774845472216</dateData></endTime><spoolMessage type="System.Boolean">True</spoolMessage></UnitTestResult><UnitTestResult type="Microsoft.VisualStudio.TestTools.TestTypes.Unit.UnitTestResult, Microsoft.VisualStudio.QualityTools.Tips.UnitTest.ObjectModel, Version=8.0.0.0, Culture=neutral, PublicKeyToken=b03f5f7f11d50a3a"><resultType type="Microsoft.VisualStudio.TestTools.TestTypes.Unit.UnitTestResultType, Microsoft.VisualStudio.QualityTools.Tips.UnitTest.ObjectModel, Version=8.0.0.0, Culture=neutral, PublicKeyToken=b03f5f7f11d50a3a"><value__ type="System.Int32">0</value__></resultType><m_hasSufficientAccess type="System.Boolean">True</m_hasSufficientAccess><counters type="Microsoft.VisualStudio.TestTools.Common.TestResultCounter"><values type="System.Int32">0,0,0,0,0,0,0,0,0,0,0,0,0,0</values><total type="System.Int32">1</total></counters><categoryId type="Microsoft.VisualStudio.TestTools.Common.TestCategoryId"><id type="System.Guid">8c84fa94-04c1-424b-9868-57a2d4851a1d</id></categoryId><outcome type="Microsoft.VisualStudio.TestTools.Common.TestOutcome"><value__ type="System.Int32">4</value__></outcome><errorInfo type="Microsoft.VisualStudio.TestTools.Common.TestResultErrorInfo"><message type="System.String">Assert.Inconclusive failed. Verify the correctness of this test method</message><stackTrace type="System.String">   at BrownShoe.UnitTests.Services.DataAccess.MerchandiseReturnDBTest.ListTest()
</stackTrace></errorInfo><traceInfo type="Microsoft.VisualStudio.TestTools.Common.TestExecutionTraceInformation"><trace type="System.Text.StringBuilder">Creating instance of class BrownShoe.UnitTests.Services.DataAccess.MerchandiseReturnDBTest.
Calling Test method BrownShoe.UnitTests.Services.DataAccess.MerchandiseReturnDBTest.Microsoft.VisualStudio.TestTools.TestTypes.Unit.TestMethod.
</trace></traceInfo><stdout type="System.String" /><stderr type="System.String" /><debugTrace type="System.String" /><workItemIds type="System.Collections.Generic.List`1[[System.Int32, mscorlib, Version=2.0.0.0, Culture=neutral, PublicKeyToken=b77a5c561934e089]]"><_size type="System.Int32">0</_size><_version type="System.Int32">1</_version></workItemIds><id type="Microsoft.VisualStudio.TestTools.Common.TestResultId"><runId type="System.Guid">3d9a8baa-b9cb-4717-8a94-3c6445344217</runId><executionId type="Microsoft.VisualStudio.TestTools.Common.TestExecId"><id type="System.Guid">ffcdff34-87d9-448c-990f-72570c79c2a5</id></executionId><parentExecId type="Microsoft.VisualStudio.TestTools.Common.TestExecId"><id type="System.Guid">00000000-0000-0000-0000-000000000000</id></parentExecId><testId type="Microsoft.VisualStudio.TestTools.Common.TestId"><id type="System.Guid">4a3e48b9-f63d-e7f5-6f7f-184ce9ccfc11</id></testId></id><testName type="System.String">ListTest</testName><testType type="Microsoft.VisualStudio.TestTools.Common.TestType"><id type="System.Guid">13cdc9d9-ddb5-4fa4-a97d-d965ccfc6d4b</id></testType><messageKind type="Microsoft.VisualStudio.TestTools.Common.TestMessageKind"><value__ type="System.Int32">1</value__></messageKind><computerInfo type="Microsoft.VisualStudio.TestTools.Common.ComputerInfo"><m_computerName type="System.String">ECDATA-TFS01</m_computerName></computerInfo><duration type="System.TimeSpan">00:00:00.0005933</duration><startTime type="System.DateTime"><dateData type="System.UInt64">633673774845472216</dateData></startTime><endTime type="System.DateTime"><dateData type="System.UInt64">633673774845472216</dateData></endTime><spoolMessage type="System.Boolean">True</spoolMessage></UnitTestResult><UnitTestResult type="Microsoft.VisualStudio.TestTools.TestTypes.Unit.UnitTestResult, Microsoft.VisualStudio.QualityTools.Tips.UnitTest.ObjectModel, Version=8.0.0.0, Culture=neutral, PublicKeyToken=b03f5f7f11d50a3a"><resultType type="Microsoft.VisualStudio.TestTools.TestTypes.Unit.UnitTestResultType, Microsoft.VisualStudio.QualityTools.Tips.UnitTest.ObjectModel, Version=8.0.0.0, Culture=neutral, PublicKeyToken=b03f5f7f11d50a3a"><value__ type="System.Int32">0</value__></resultType><m_hasSufficientAccess type="System.Boolean">True</m_hasSufficientAccess><counters type="Microsoft.VisualStudio.TestTools.Common.TestResultCounter"><values type="System.Int32">0,0,0,0,0,0,0,0,0,0,0,0,0,0</values><total type="System.Int32">1</total></counters><categoryId type="Microsoft.VisualStudio.TestTools.Common.TestCategoryId"><id type="System.Guid">8c84fa94-04c1-424b-9868-57a2d4851a1d</id></categoryId><outcome type="Microsoft.VisualStudio.TestTools.Common.TestOutcome"><value__ type="System.Int32">4</value__></outcome><errorInfo type="Microsoft.VisualStudio.TestTools.Common.TestResultErrorInfo"><message type="System.String">Assert.Inconclusive failed. Verify the correctness of this test method</message><stackTrace type="System.String">   at BrownShoe.UnitTests.Services.DataAccess.MerchandiseReturnDBTest.SaveReturnAddressTest()
</stackTrace></errorInfo><traceInfo type="Microsoft.VisualStudio.TestTools.Common.TestExecutionTraceInformation"><trace type="System.Text.StringBuilder">Creating instance of class BrownShoe.UnitTests.Services.DataAccess.MerchandiseReturnDBTest.
Calling Test method BrownShoe.UnitTests.Services.DataAccess.MerchandiseReturnDBTest.Microsoft.VisualStudio.TestTools.TestTypes.Unit.TestMethod.
</trace></traceInfo><stdout type="System.String" /><stderr type="System.String" /><debugTrace type="System.String" /><workItemIds type="System.Collections.Generic.List`1[[System.Int32, mscorlib, Version=2.0.0.0, Culture=neutral, PublicKeyToken=b77a5c561934e089]]"><_size type="System.Int32">0</_size><_version type="System.Int32">1</_version></workItemIds><id type="Microsoft.VisualStudio.TestTools.Common.TestResultId"><runId type="System.Guid">3d9a8baa-b9cb-4717-8a94-3c6445344217</runId><executionId type="Microsoft.VisualStudio.TestTools.Common.TestExecId"><id type="System.Guid">8c57e137-b857-495e-85a1-2874974620ac</id></executionId><parentExecId type="Microsoft.VisualStudio.TestTools.Common.TestExecId"><id type="System.Guid">00000000-0000-0000-0000-000000000000</id></parentExecId><testId type="Microsoft.VisualStudio.TestTools.Common.TestId"><id type="System.Guid">61fa542d-dbe3-6718-bbb5-c310cfb59eb5</id></testId></id><testName type="System.String">SaveReturnAddressTest</testName><testType type="Microsoft.VisualStudio.TestTools.Common.TestType"><id type="System.Guid">13cdc9d9-ddb5-4fa4-a97d-d965ccfc6d4b</id></testType><messageKind type="Microsoft.VisualStudio.TestTools.Common.TestMessageKind"><value__ type="System.Int32">1</value__></messageKind><computerInfo type="Microsoft.VisualStudio.TestTools.Common.ComputerInfo"><m_computerName type="System.String">ECDATA-TFS01</m_computerName></computerInfo><duration type="System.TimeSpan">00:00:00.0008717</duration><startTime type="System.DateTime"><dateData type="System.UInt64">633673774845472216</dateData></startTime><endTime type="System.DateTime"><dateData type="System.UInt64">633673774845628476</dateData></endTime><spoolMessage type="System.Boolean">True</spoolMessage></UnitTestResult><UnitTestResult type="Microsoft.VisualStudio.TestTools.TestTypes.Unit.UnitTestResult, Microsoft.VisualStudio.QualityTools.Tips.UnitTest.ObjectModel, Version=8.0.0.0, Culture=neutral, PublicKeyToken=b03f5f7f11d50a3a"><resultType type="Microsoft.VisualStudio.TestTools.TestTypes.Unit.UnitTestResultType, Microsoft.VisualStudio.QualityTools.Tips.UnitTest.ObjectModel, Version=8.0.0.0, Culture=neutral, PublicKeyToken=b03f5f7f11d50a3a"><value__ type="System.Int32">0</value__></resultType><m_hasSufficientAccess type="System.Boolean">True</m_hasSufficientAccess><counters type="Microsoft.VisualStudio.TestTools.Common.TestResultCounter"><values type="System.Int32">0,0,0,0,0,0,0,0,0,0,0,0,0,0</values><total type="System.Int32">1</total></counters><categoryId type="Microsoft.VisualStudio.TestTools.Common.TestCategoryId"><id type="System.Guid">8c84fa94-04c1-424b-9868-57a2d4851a1d</id></categoryId><outcome type="Microsoft.VisualStudio.TestTools.Common.TestOutcome"><value__ type="System.Int32">4</value__></outcome><errorInfo type="Microsoft.VisualStudio.TestTools.Common.TestResultErrorInfo"><message type="System.String">Assert.Inconclusive failed. Verify the correctness of this test method</message><stackTrace type="System.String">   at BrownShoe.UnitTests.Services.DataAccess.MerchandiseReturnDBTest.UpdateReturnItemTest()
</stackTrace></errorInfo><traceInfo type="Microsoft.VisualStudio.TestTools.Common.TestExecutionTraceInformation"><trace type="System.Text.StringBuilder">Creating instance of class BrownShoe.UnitTests.Services.DataAccess.MerchandiseReturnDBTest.
Calling Test method BrownShoe.UnitTests.Services.DataAccess.MerchandiseReturnDBTest.Microsoft.VisualStudio.TestTools.TestTypes.Unit.TestMethod.
</trace></traceInfo><stdout type="System.String" /><stderr type="System.String" /><debugTrace type="System.String" /><workItemIds type="System.Collections.Generic.List`1[[System.Int32, mscorlib, Version=2.0.0.0, Culture=neutral, PublicKeyToken=b77a5c561934e089]]"><_size type="System.Int32">0</_size><_version type="System.Int32">1</_version></workItemIds><id type="Microsoft.VisualStudio.TestTools.Common.TestResultId"><runId type="System.Guid">3d9a8baa-b9cb-4717-8a94-3c6445344217</runId><executionId type="Microsoft.VisualStudio.TestTools.Common.TestExecId"><id type="System.Guid">c2584224-3e4f-4fe1-bbe2-5e2571e2a876</id></executionId><parentExecId type="Microsoft.VisualStudio.TestTools.Common.TestExecId"><id type="System.Guid">00000000-0000-0000-0000-000000000000</id></parentExecId><testId type="Microsoft.VisualStudio.TestTools.Common.TestId"><id type="System.Guid">85159a33-ab6e-0e82-c64d-01374a4f3525</id></testId></id><testName type="System.String">UpdateReturnItemTest</testName><testType type="Microsoft.VisualStudio.TestTools.Common.TestType"><id type="System.Guid">13cdc9d9-ddb5-4fa4-a97d-d965ccfc6d4b</id></testType><messageKind type="Microsoft.VisualStudio.TestTools.Common.TestMessageKind"><value__ type="System.Int32">1</value__></messageKind><computerInfo type="Microsoft.VisualStudio.TestTools.Common.ComputerInfo"><m_computerName type="System.String">ECDATA-TFS01</m_computerName></computerInfo><duration type="System.TimeSpan">00:00:00.0006129</duration><startTime type="System.DateTime"><dateData type="System.UInt64">633673774845628476</dateData></startTime><endTime type="System.DateTime"><dateData type="System.UInt64">633673774845628476</dateData></endTime><spoolMessage type="System.Boolean">True</spoolMessage></UnitTestResult><UnitTestResult type="Microsoft.VisualStudio.TestTools.TestTypes.Unit.UnitTestResult, Microsoft.VisualStudio.QualityTools.Tips.UnitTest.ObjectModel, Version=8.0.0.0, Culture=neutral, PublicKeyToken=b03f5f7f11d50a3a"><resultType type="Microsoft.VisualStudio.TestTools.TestTypes.Unit.UnitTestResultType, Microsoft.VisualStudio.QualityTools.Tips.UnitTest.ObjectModel, Version=8.0.0.0, Culture=neutral, PublicKeyToken=b03f5f7f11d50a3a"><value__ type="System.Int32">0</value__></resultType><m_hasSufficientAccess type="System.Boolean">True</m_hasSufficientAccess><counters type="Microsoft.VisualStudio.TestTools.Common.TestResultCounter"><values type="System.Int32">0,0,0,0,0,0,0,0,0,0,0,0,0,0</values><total type="System.Int32">1</total></counters><categoryId type="Microsoft.VisualStudio.TestTools.Common.TestCategoryId"><id type="System.Guid">8c84fa94-04c1-424b-9868-57a2d4851a1d</id></categoryId><outcome type="Microsoft.VisualStudio.TestTools.Common.TestOutcome"><value__ type="System.Int32">4</value__></outcome><errorInfo type="Microsoft.VisualStudio.TestTools.Common.TestResultErrorInfo"><message type="System.String">Assert.Inconclusive failed. Verify the correctness of this test method</message><stackTrace type="System.String">   at BrownShoe.UnitTests.Services.DataAccess.MerchandiseReturnDBTest.UpdateReturnLabelAddressTest()
</stackTrace></errorInfo><traceInfo type="Microsoft.VisualStudio.TestTools.Common.TestExecutionTraceInformation"><trace type="System.Text.StringBuilder">Creating instance of class BrownShoe.UnitTests.Services.DataAccess.MerchandiseReturnDBTest.
Calling Test method BrownShoe.UnitTests.Services.DataAccess.MerchandiseReturnDBTest.Microsoft.VisualStudio.TestTools.TestTypes.Unit.TestMethod.
</trace></traceInfo><stdout type="System.String" /><stderr type="System.String" /><debugTrace type="System.String" /><workItemIds type="System.Collections.Generic.List`1[[System.Int32, mscorlib, Version=2.0.0.0, Culture=neutral, PublicKeyToken=b77a5c561934e089]]"><_size type="System.Int32">0</_size><_version type="System.Int32">1</_version></workItemIds><id type="Microsoft.VisualStudio.TestTools.Common.TestResultId"><runId type="System.Guid">3d9a8baa-b9cb-4717-8a94-3c6445344217</runId><executionId type="Microsoft.VisualStudio.TestTools.Common.TestExecId"><id type="System.Guid">d137211c-3301-47e4-8b92-5567f2c4694d</id></executionId><parentExecId type="Microsoft.VisualStudio.TestTools.Common.TestExecId"><id type="System.Guid">00000000-0000-0000-0000-000000000000</id></parentExecId><testId type="Microsoft.VisualStudio.TestTools.Common.TestId"><id type="System.Guid">fffb4867-bd2d-f9a3-2ef6-169653b3ef2a</id></testId></id><testName type="System.String">UpdateReturnLabelAddressTest</testName><testType type="Microsoft.VisualStudio.TestTools.Common.TestType"><id type="System.Guid">13cdc9d9-ddb5-4fa4-a97d-d965ccfc6d4b</id></testType><messageKind type="Microsoft.VisualStudio.TestTools.Common.TestMessageKind"><value__ type="System.Int32">1</value__></messageKind><computerInfo type="Microsoft.VisualStudio.TestTools.Common.ComputerInfo"><m_computerName type="System.String">ECDATA-TFS01</m_computerName></computerInfo><duration type="System.TimeSpan">00:00:00.0008942</duration><startTime type="System.DateTime"><dateData type="System.UInt64">633673774845628476</dateData></startTime><endTime type="System.DateTime"><dateData type="System.UInt64">633673774845628476</dateData></endTime><spoolMessage type="System.Boolean">True</spoolMessage></UnitTestResult><UnitTestResult type="Microsoft.VisualStudio.TestTools.TestTypes.Unit.UnitTestResult, Microsoft.VisualStudio.QualityTools.Tips.UnitTest.ObjectModel, Version=8.0.0.0, Culture=neutral, PublicKeyToken=b03f5f7f11d50a3a"><resultType type="Microsoft.VisualStudio.TestTools.TestTypes.Unit.UnitTestResultType, Microsoft.VisualStudio.QualityTools.Tips.UnitTest.ObjectModel, Version=8.0.0.0, Culture=neutral, PublicKeyToken=b03f5f7f11d50a3a"><value__ type="System.Int32">0</value__></resultType><m_hasSufficientAccess type="System.Boolean">True</m_hasSufficientAccess><counters type="Microsoft.VisualStudio.TestTools.Common.TestResultCounter"><values type="System.Int32">0,0,0,0,0,0,0,0,0,0,0,0,0,0</values><total type="System.Int32">1</total></counters><categoryId type="Microsoft.VisualStudio.TestTools.Common.TestCategoryId"><id type="System.Guid">8c84fa94-04c1-424b-9868-57a2d4851a1d</id></categoryId><outcome type="Microsoft.VisualStudio.TestTools.Common.TestOutcome"><value__ type="System.Int32">4</value__></outcome><errorInfo type="Microsoft.VisualStudio.TestTools.Common.TestResultErrorInfo"><message type="System.String">Assert.Inconclusive failed. Verify the correctness of this test method</message><stackTrace type="System.String">   at BrownShoe.UnitTests.Services.DataAccess.MerchandiseReturnDBTest.UpdateReturnTest()
</stackTrace></errorInfo><traceInfo type="Microsoft.VisualStudio.TestTools.Common.TestExecutionTraceInformation"><trace type="System.Text.StringBuilder">Creating instance of class BrownShoe.UnitTests.Services.DataAccess.MerchandiseReturnDBTest.
Calling Test method BrownShoe.UnitTests.Services.DataAccess.MerchandiseReturnDBTest.Microsoft.VisualStudio.TestTools.TestTypes.Unit.TestMethod.
</trace></traceInfo><stdout type="System.String" /><stderr type="System.String" /><debugTrace type="System.String" /><workItemIds type="System.Collections.Generic.List`1[[System.Int32, mscorlib, Version=2.0.0.0, Culture=neutral, PublicKeyToken=b77a5c561934e089]]"><_size type="System.Int32">0</_size><_version type="System.Int32">1</_version></workItemIds><id type="Microsoft.VisualStudio.TestTools.Common.TestResultId"><runId type="System.Guid">3d9a8baa-b9cb-4717-8a94-3c6445344217</runId><executionId type="Microsoft.VisualStudio.TestTools.Common.TestExecId"><id type="System.Guid">ad37585e-d38b-46d2-abc8-18ea6d8e016e</id></executionId><parentExecId type="Microsoft.VisualStudio.TestTools.Common.TestExecId"><id type="System.Guid">00000000-0000-0000-0000-000000000000</id></parentExecId><testId type="Microsoft.VisualStudio.TestTools.Common.TestId"><id type="System.Guid">3261bbbd-189a-241b-49c2-708d6315b03d</id></testId></id><testName type="System.String">UpdateReturnTest</testName><testType type="Microsoft.VisualStudio.TestTools.Common.TestType"><id type="System.Guid">13cdc9d9-ddb5-4fa4-a97d-d965ccfc6d4b</id></testType><messageKind type="Microsoft.VisualStudio.TestTools.Common.TestMessageKind"><value__ type="System.Int32">1</value__></messageKind><computerInfo type="Microsoft.VisualStudio.TestTools.Common.ComputerInfo"><m_computerName type="System.String">ECDATA-TFS01</m_computerName></computerInfo><duration type="System.TimeSpan">00:00:00.0007074</duration><startTime type="System.DateTime"><dateData type="System.UInt64">633673774845628476</dateData></startTime><endTime type="System.DateTime"><dateData type="System.UInt64">633673774845784736</dateData></endTime><spoolMessage type="System.Boolean">True</spoolMessage></UnitTestResult><UnitTestResult type="Microsoft.VisualStudio.TestTools.TestTypes.Unit.UnitTestResult, Microsoft.VisualStudio.QualityTools.Tips.UnitTest.ObjectModel, Version=8.0.0.0, Culture=neutral, PublicKeyToken=b03f5f7f11d50a3a"><resultType type="Microsoft.VisualStudio.TestTools.TestTypes.Unit.UnitTestResultType, Microsoft.VisualStudio.QualityTools.Tips.UnitTest.ObjectModel, Version=8.0.0.0, Culture=neutral, PublicKeyToken=b03f5f7f11d50a3a"><value__ type="System.Int32">0</value__></resultType><m_hasSufficientAccess type="System.Boolean">True</m_hasSufficientAccess><counters type="Microsoft.VisualStudio.TestTools.Common.TestResultCounter"><values type="System.Int32">0,0,0,0,0,0,0,0,0,0,0,0,0,0</values><total type="System.Int32">1</total></counters><categoryId type="Microsoft.VisualStudio.TestTools.Common.TestCategoryId"><id type="System.Guid">8c84fa94-04c1-424b-9868-57a2d4851a1d</id></categoryId><outcome type="Microsoft.VisualStudio.TestTools.Common.TestOutcome"><value__ type="System.Int32">4</value__></outcome><errorInfo type="Microsoft.VisualStudio.TestTools.Common.TestResultErrorInfo"><message type="System.String">Assert.Inconclusive failed. Verify the correctness of this test method</message><stackTrace type="System.String">   at BrownShoe.UnitTests.Services.DataAccess.NavigationDBTest.GetNValuesTest()
</stackTrace></errorInfo><traceInfo type="Microsoft.VisualStudio.TestTools.Common.TestExecutionTraceInformation"><trace type="System.Text.StringBuilder">Creating instance of class BrownShoe.UnitTests.Services.DataAccess.NavigationDBTest.
Calling Test method BrownShoe.UnitTests.Services.DataAccess.NavigationDBTest.Microsoft.VisualStudio.TestTools.TestTypes.Unit.TestMethod.
</trace></traceInfo><stdout type="System.String" /><stderr type="System.String" /><debugTrace type="System.String" /><workItemIds type="System.Collections.Generic.List`1[[System.Int32, mscorlib, Version=2.0.0.0, Culture=neutral, PublicKeyToken=b77a5c561934e089]]"><_size type="System.Int32">0</_size><_version type="System.Int32">1</_version></workItemIds><id type="Microsoft.VisualStudio.TestTools.Common.TestResultId"><runId type="System.Guid">3d9a8baa-b9cb-4717-8a94-3c6445344217</runId><executionId type="Microsoft.VisualStudio.TestTools.Common.TestExecId"><id type="System.Guid">5e58ce78-9149-4329-afd0-83e8e5c402bf</id></executionId><parentExecId type="Microsoft.VisualStudio.TestTools.Common.TestExecId"><id type="System.Guid">00000000-0000-0000-0000-000000000000</id></parentExecId><testId type="Microsoft.VisualStudio.TestTools.Common.TestId"><id type="System.Guid">a33256ed-5bca-a2ef-ff4b-236d2848f02a</id></testId></id><testName type="System.String">GetNValuesTest</testName><testType type="Microsoft.VisualStudio.TestTools.Common.TestType"><id type="System.Guid">13cdc9d9-ddb5-4fa4-a97d-d965ccfc6d4b</id></testType><messageKind type="Microsoft.VisualStudio.TestTools.Common.TestMessageKind"><value__ type="System.Int32">1</value__></messageKind><computerInfo type="Microsoft.VisualStudio.TestTools.Common.ComputerInfo"><m_computerName type="System.String">ECDATA-TFS01</m_computerName></computerInfo><duration type="System.TimeSpan">00:00:00.0012448</duration><startTime type="System.DateTime"><dateData type="System.UInt64">633673774845784736</dateData></startTime><endTime type="System.DateTime"><dateData type="System.UInt64">633673774845784736</dateData></endTime><spoolMessage type="System.Boolean">True</spoolMessage></UnitTestResult><UnitTestResult type="Microsoft.VisualStudio.TestTools.TestTypes.Unit.UnitTestResult, Microsoft.VisualStudio.QualityTools.Tips.UnitTest.ObjectModel, Version=8.0.0.0, Culture=neutral, PublicKeyToken=b03f5f7f11d50a3a"><resultType type="Microsoft.VisualStudio.TestTools.TestTypes.Unit.UnitTestResultType, Microsoft.VisualStudio.QualityTools.Tips.UnitTest.ObjectModel, Version=8.0.0.0, Culture=neutral, PublicKeyToken=b03f5f7f11d50a3a"><value__ type="System.Int32">0</value__></resultType><m_hasSufficientAccess type="System.Boolean">True</m_hasSufficientAccess><counters type="Microsoft.VisualStudio.TestTools.Common.TestResultCounter"><values type="System.Int32">0,0,0,0,0,0,0,0,0,0,0,0,0,0</values><total type="System.Int32">1</total></counters><categoryId type="Microsoft.VisualStudio.TestTools.Common.TestCategoryId"><id type="System.Guid">8c84fa94-04c1-424b-9868-57a2d4851a1d</id></categoryId><outcome type="Microsoft.VisualStudio.TestTools.Common.TestOutcome"><value__ type="System.Int32">4</value__></outcome><errorInfo type="Microsoft.VisualStudio.TestTools.Common.TestResultErrorInfo"><message type="System.String">Assert.Inconclusive failed. Verify the correctness of this test method</message><stackTrace type="System.String">   at BrownShoe.UnitTests.Services.DataAccess.OrderDBTest.SetOrderNumberTest()
</stackTrace></errorInfo><traceInfo type="Microsoft.VisualStudio.TestTools.Common.TestExecutionTraceInformation"><trace type="System.Text.StringBuilder">Creating instance of class BrownShoe.UnitTests.Services.DataAccess.OrderDBTest.
Calling Test method BrownShoe.UnitTests.Services.DataAccess.OrderDBTest.Microsoft.VisualStudio.TestTools.TestTypes.Unit.TestMethod.
</trace></traceInfo><stdout type="System.String" /><stderr type="System.String" /><debugTrace type="System.String" /><workItemIds type="System.Collections.Generic.List`1[[System.Int32, mscorlib, Version=2.0.0.0, Culture=neutral, PublicKeyToken=b77a5c561934e089]]"><_size type="System.Int32">0</_size><_version type="System.Int32">1</_version></workItemIds><id type="Microsoft.VisualStudio.TestTools.Common.TestResultId"><runId type="System.Guid">3d9a8baa-b9cb-4717-8a94-3c6445344217</runId><executionId type="Microsoft.VisualStudio.TestTools.Common.TestExecId"><id type="System.Guid">fc26caf4-6138-4991-9193-8fce79e6f1ea</id></executionId><parentExecId type="Microsoft.VisualStudio.TestTools.Common.TestExecId"><id type="System.Guid">00000000-0000-0000-0000-000000000000</id></parentExecId><testId type="Microsoft.VisualStudio.TestTools.Common.TestId"><id type="System.Guid">cb3d1a58-378b-a150-a435-21c9a868c194</id></testId></id><testName type="System.String">SetOrderNumberTest</testName><testType type="Microsoft.VisualStudio.TestTools.Common.TestType"><id type="System.Guid">13cdc9d9-ddb5-4fa4-a97d-d965ccfc6d4b</id></testType><messageKind type="Microsoft.VisualStudio.TestTools.Common.TestMessageKind"><value__ type="System.Int32">1</value__></messageKind><computerInfo type="Microsoft.VisualStudio.TestTools.Common.ComputerInfo"><m_computerName type="System.String">ECDATA-TFS01</m_computerName></computerInfo><duration type="System.TimeSpan">00:00:00.0007366</duration><startTime type="System.DateTime"><dateData type="System.UInt64">633673774845784736</dateData></startTime><endTime type="System.DateTime"><dateData type="System.UInt64">633673774845940996</dateData></endTime><spoolMessage type="System.Boolean">True</spoolMessage></UnitTestResult><UnitTestResult type="Microsoft.VisualStudio.TestTools.TestTypes.Unit.UnitTestResult, Microsoft.VisualStudio.QualityTools.Tips.UnitTest.ObjectModel, Version=8.0.0.0, Culture=neutral, PublicKeyToken=b03f5f7f11d50a3a"><resultType type="Microsoft.VisualStudio.TestTools.TestTypes.Unit.UnitTestResultType, Microsoft.VisualStudio.QualityTools.Tips.UnitTest.ObjectModel, Version=8.0.0.0, Culture=neutral, PublicKeyToken=b03f5f7f11d50a3a"><value__ type="System.Int32">0</value__></resultType><m_hasSufficientAccess type="System.Boolean">True</m_hasSufficientAccess><counters type="Microsoft.VisualStudio.TestTools.Common.TestResultCounter"><values type="System.Int32">0,0,0,0,0,0,0,0,0,0,0,0,0,0</values><total type="System.Int32">1</total></counters><categoryId type="Microsoft.VisualStudio.TestTools.Common.TestCategoryId"><id type="System.Guid">8c84fa94-04c1-424b-9868-57a2d4851a1d</id></categoryId><outcome type="Microsoft.VisualStudio.TestTools.Common.TestOutcome"><value__ type="System.Int32">4</value__></outcome><errorInfo type="Microsoft.VisualStudio.TestTools.Common.TestResultErrorInfo"><message type="System.String">Assert.Inconclusive failed. Verify the correctness of this test method</message><stackTrace type="System.String">   at BrownShoe.UnitTests.Services.DataAccess.OrderTemplatesAndBasketDBTest.GetCreditCardNumberTest()
</stackTrace></errorInfo><traceInfo type="Microsoft.VisualStudio.TestTools.Common.TestExecutionTraceInformation"><trace type="System.Text.StringBuilder">Creating instance of class BrownShoe.UnitTests.Services.DataAccess.OrderTemplatesAndBasketDBTest.
Calling Test method BrownShoe.UnitTests.Services.DataAccess.OrderTemplatesAndBasketDBTest.Microsoft.VisualStudio.TestTools.TestTypes.Unit.TestMethod.
</trace></traceInfo><stdout type="System.String" /><stderr type="System.String" /><debugTrace type="System.String" /><workItemIds type="System.Collections.Generic.List`1[[System.Int32, mscorlib, Version=2.0.0.0, Culture=neutral, PublicKeyToken=b77a5c561934e089]]"><_size type="System.Int32">0</_size><_version type="System.Int32">1</_version></workItemIds><id type="Microsoft.VisualStudio.TestTools.Common.TestResultId"><runId type="System.Guid">3d9a8baa-b9cb-4717-8a94-3c6445344217</runId><executionId type="Microsoft.VisualStudio.TestTools.Common.TestExecId"><id type="System.Guid">8ced3222-1dbe-4e37-ae24-7d0328cec9de</id></executionId><parentExecId type="Microsoft.VisualStudio.TestTools.Common.TestExecId"><id type="System.Guid">00000000-0000-0000-0000-000000000000</id></parentExecId><testId type="Microsoft.VisualStudio.TestTools.Common.TestId"><id type="System.Guid">33404719-450b-da62-23b0-054fc648a51f</id></testId></id><testName type="System.String">GetCreditCardNumberTest</testName><testType type="Microsoft.VisualStudio.TestTools.Common.TestType"><id type="System.Guid">13cdc9d9-ddb5-4fa4-a97d-d965ccfc6d4b</id></testType><messageKind type="Microsoft.VisualStudio.TestTools.Common.TestMessageKind"><value__ type="System.Int32">1</value__></messageKind><computerInfo type="Microsoft.VisualStudio.TestTools.Common.ComputerInfo"><m_computerName type="System.String">ECDATA-TFS01</m_computerName></computerInfo><duration type="System.TimeSpan">00:00:00.0011667</duration><startTime type="System.DateTime"><dateData type="System.UInt64">633673774845940996</dateData></startTime><endTime type="System.DateTime"><dateData type="System.UInt64">633673774845940996</dateData></endTime><spoolMessage type="System.Boolean">True</spoolMessage></UnitTestResult><UnitTestResult type="Microsoft.VisualStudio.TestTools.TestTypes.Unit.UnitTestResult, Microsoft.VisualStudio.QualityTools.Tips.UnitTest.ObjectModel, Version=8.0.0.0, Culture=neutral, PublicKeyToken=b03f5f7f11d50a3a"><resultType type="Microsoft.VisualStudio.TestTools.TestTypes.Unit.UnitTestResultType, Microsoft.VisualStudio.QualityTools.Tips.UnitTest.ObjectModel, Version=8.0.0.0, Culture=neutral, PublicKeyToken=b03f5f7f11d50a3a"><value__ type="System.Int32">0</value__></resultType><m_hasSufficientAccess type="System.Boolean">True</m_hasSufficientAccess><counters type="Microsoft.VisualStudio.TestTools.Common.TestResultCounter"><values type="System.Int32">0,0,0,0,0,0,0,0,0,0,0,0,0,0</values><total type="System.Int32">1</total></counters><categoryId type="Microsoft.VisualStudio.TestTools.Common.TestCategoryId"><id type="System.Guid">8c84fa94-04c1-424b-9868-57a2d4851a1d</id></categoryId><outcome type="Microsoft.VisualStudio.TestTools.Common.TestOutcome"><value__ type="System.Int32">4</value__></outcome><errorInfo type="Microsoft.VisualStudio.TestTools.Common.TestResultErrorInfo"><message type="System.String">Assert.Inconclusive failed. Verify the correctness of this test method</message><stackTrace type="System.String">   at BrownShoe.UnitTests.Services.DataAccess.PaymentMethodDBTest.GetPaymentMethodIDTest()
</stackTrace></errorInfo><traceInfo type="Microsoft.VisualStudio.TestTools.Common.TestExecutionTraceInformation"><trace type="System.Text.StringBuilder">Creating instance of class BrownShoe.UnitTests.Services.DataAccess.PaymentMethodDBTest.
Calling Test method BrownShoe.UnitTests.Services.DataAccess.PaymentMethodDBTest.Microsoft.VisualStudio.TestTools.TestTypes.Unit.TestMethod.
</trace></traceInfo><stdout type="System.String" /><stderr type="System.String" /><debugTrace type="System.String" /><workItemIds type="System.Collections.Generic.List`1[[System.Int32, mscorlib, Version=2.0.0.0, Culture=neutral, PublicKeyToken=b77a5c561934e089]]"><_size type="System.Int32">0</_size><_version type="System.Int32">1</_version></workItemIds><id type="Microsoft.VisualStudio.TestTools.Common.TestResultId"><runId type="System.Guid">3d9a8baa-b9cb-4717-8a94-3c6445344217</runId><executionId type="Microsoft.VisualStudio.TestTools.Common.TestExecId"><id type="System.Guid">f9ebfd64-07ec-424e-8057-ad534bb07148</id></executionId><parentExecId type="Microsoft.VisualStudio.TestTools.Common.TestExecId"><id type="System.Guid">00000000-0000-0000-0000-000000000000</id></parentExecId><testId type="Microsoft.VisualStudio.TestTools.Common.TestId"><id type="System.Guid">b4989b4e-70bb-7e90-663d-113ca62ff986</id></testId></id><testName type="System.String">GetPaymentMethodIDTest</testName><testType type="Microsoft.VisualStudio.TestTools.Common.TestType"><id type="System.Guid">13cdc9d9-ddb5-4fa4-a97d-d965ccfc6d4b</id></testType><messageKind type="Microsoft.VisualStudio.TestTools.Common.TestMessageKind"><value__ type="System.Int32">1</value__></messageKind><computerInfo type="Microsoft.VisualStudio.TestTools.Common.ComputerInfo"><m_computerName type="System.String">ECDATA-TFS01</m_computerName></computerInfo><duration type="System.TimeSpan">00:00:00.0007844</duration><startTime type="System.DateTime"><dateData type="System.UInt64">633673774845940996</dateData></startTime><endTime type="System.DateTime"><dateData type="System.UInt64">633673774845940996</dateData></endTime><spoolMessage type="System.Boolean">True</spoolMessage></UnitTestResult><UnitTestResult type="Microsoft.VisualStudio.TestTools.TestTypes.Unit.UnitTestResult, Microsoft.VisualStudio.QualityTools.Tips.UnitTest.ObjectModel, Version=8.0.0.0, Culture=neutral, PublicKeyToken=b03f5f7f11d50a3a"><resultType type="Microsoft.VisualStudio.TestTools.TestTypes.Unit.UnitTestResultType, Microsoft.VisualStudio.QualityTools.Tips.UnitTest.ObjectModel, Version=8.0.0.0, Culture=neutral, PublicKeyToken=b03f5f7f11d50a3a"><value__ type="System.Int32">0</value__></resultType><m_hasSufficientAccess type="System.Boolean">True</m_hasSufficientAccess><counters type="Microsoft.VisualStudio.TestTools.Common.TestResultCounter"><values type="System.Int32">0,0,0,0,0,0,0,0,0,0,0,0,0,0</values><total type="System.Int32">1</total></counters><categoryId type="Microsoft.VisualStudio.TestTools.Common.TestCategoryId"><id type="System.Guid">8c84fa94-04c1-424b-9868-57a2d4851a1d</id></categoryId><outcome type="Microsoft.VisualStudio.TestTools.Common.TestOutcome"><value__ type="System.Int32">4</value__></outcome><errorInfo type="Microsoft.VisualStudio.TestTools.Common.TestResultErrorInfo"><message type="System.String">Assert.Inconclusive failed. Verify the correctness of this test method</message><stackTrace type="System.String">   at BrownShoe.UnitTests.Services.DataAccess.PaymentMethodDBTest.ListCreditCardsTest()
</stackTrace></errorInfo><traceInfo type="Microsoft.VisualStudio.TestTools.Common.TestExecutionTraceInformation"><trace type="System.Text.StringBuilder">Creating instance of class BrownShoe.UnitTests.Services.DataAccess.PaymentMethodDBTest.
Calling Test method BrownShoe.UnitTests.Services.DataAccess.PaymentMethodDBTest.Microsoft.VisualStudio.TestTools.TestTypes.Unit.TestMethod.
</trace></traceInfo><stdout type="System.String" /><stderr type="System.String" /><debugTrace type="System.String" /><workItemIds type="System.Collections.Generic.List`1[[System.Int32, mscorlib, Version=2.0.0.0, Culture=neutral, PublicKeyToken=b77a5c561934e089]]"><_size type="System.Int32">0</_size><_version type="System.Int32">1</_version></workItemIds><id type="Microsoft.VisualStudio.TestTools.Common.TestResultId"><runId type="System.Guid">3d9a8baa-b9cb-4717-8a94-3c6445344217</runId><executionId type="Microsoft.VisualStudio.TestTools.Common.TestExecId"><id type="System.Guid">4f0223b7-cd1c-4275-bd08-aff84a1b57b4</id></executionId><parentExecId type="Microsoft.VisualStudio.TestTools.Common.TestExecId"><id type="System.Guid">00000000-0000-0000-0000-000000000000</id></parentExecId><testId type="Microsoft.VisualStudio.TestTools.Common.TestId"><id type="System.Guid">ea773b29-bf53-a25a-ce05-2f099e97324e</id></testId></id><testName type="System.String">ListCreditCardsTest</testName><testType type="Microsoft.VisualStudio.TestTools.Common.TestType"><id type="System.Guid">13cdc9d9-ddb5-4fa4-a97d-d965ccfc6d4b</id></testType><messageKind type="Microsoft.VisualStudio.TestTools.Common.TestMessageKind"><value__ type="System.Int32">1</value__></messageKind><computerInfo type="Microsoft.VisualStudio.TestTools.Common.ComputerInfo"><m_computerName type="System.String">ECDATA-TFS01</m_computerName></computerInfo><duration type="System.TimeSpan">00:00:00.0008618</duration><startTime type="System.DateTime"><dateData type="System.UInt64">633673774845940996</dateData></startTime><endTime type="System.DateTime"><dateData type="System.UInt64">633673774846097256</dateData></endTime><spoolMessage type="System.Boolean">True</spoolMessage></UnitTestResult><UnitTestResult type="Microsoft.VisualStudio.TestTools.TestTypes.Unit.UnitTestResult, Microsoft.VisualStudio.QualityTools.Tips.UnitTest.ObjectModel, Version=8.0.0.0, Culture=neutral, PublicKeyToken=b03f5f7f11d50a3a"><resultType type="Microsoft.VisualStudio.TestTools.TestTypes.Unit.UnitTestResultType, Microsoft.VisualStudio.QualityTools.Tips.UnitTest.ObjectModel, Version=8.0.0.0, Culture=neutral, PublicKeyToken=b03f5f7f11d50a3a"><value__ type="System.Int32">0</value__></resultType><m_hasSufficientAccess type="System.Boolean">True</m_hasSufficientAccess><counters type="Microsoft.VisualStudio.TestTools.Common.TestResultCounter"><values type="System.Int32">0,0,0,0,0,0,0,0,0,0,0,0,0,0</values><total type="System.Int32">1</total></counters><categoryId type="Microsoft.VisualStudio.TestTools.Common.TestCategoryId"><id type="System.Guid">8c84fa94-04c1-424b-9868-57a2d4851a1d</id></categoryId><outcome type="Microsoft.VisualStudio.TestTools.Common.TestOutcome"><value__ type="System.Int32">4</value__></outcome><errorInfo type="Microsoft.VisualStudio.TestTools.Common.TestResultErrorInfo"><message type="System.String">Assert.Inconclusive failed. Verify the correctness of this test method</message><stackTrace type="System.String">   at BrownShoe.UnitTests.Services.DataAccess.PaymentMethodDBTest.ListDB()
</stackTrace></errorInfo><traceInfo type="Microsoft.VisualStudio.TestTools.Common.TestExecutionTraceInformation"><trace type="System.Text.StringBuilder">Creating instance of class BrownShoe.UnitTests.Services.DataAccess.PaymentMethodDBTest.
Calling Test method BrownShoe.UnitTests.Services.DataAccess.PaymentMethodDBTest.Microsoft.VisualStudio.TestTools.TestTypes.Unit.TestMethod.
</trace></traceInfo><stdout type="System.String" /><stderr type="System.String" /><debugTrace type="System.String" /><workItemIds type="System.Collections.Generic.List`1[[System.Int32, mscorlib, Version=2.0.0.0, Culture=neutral, PublicKeyToken=b77a5c561934e089]]"><_size type="System.Int32">0</_size><_version type="System.Int32">1</_version></workItemIds><id type="Microsoft.VisualStudio.TestTools.Common.TestResultId"><runId type="System.Guid">3d9a8baa-b9cb-4717-8a94-3c6445344217</runId><executionId type="Microsoft.VisualStudio.TestTools.Common.TestExecId"><id type="System.Guid">efd178db-4928-4cde-80a7-2388e0b47654</id></executionId><parentExecId type="Microsoft.VisualStudio.TestTools.Common.TestExecId"><id type="System.Guid">00000000-0000-0000-0000-000000000000</id></parentExecId><testId type="Microsoft.VisualStudio.TestTools.Common.TestId"><id type="System.Guid">1b8eb060-cf29-f593-2989-ff581c242e94</id></testId></id><testName type="System.String">ListDB</testName><testType type="Microsoft.VisualStudio.TestTools.Common.TestType"><id type="System.Guid">13cdc9d9-ddb5-4fa4-a97d-d965ccfc6d4b</id></testType><messageKind type="Microsoft.VisualStudio.TestTools.Common.TestMessageKind"><value__ type="System.Int32">1</value__></messageKind><computerInfo type="Microsoft.VisualStudio.TestTools.Common.ComputerInfo"><m_computerName type="System.String">ECDATA-TFS01</m_computerName></computerInfo><duration type="System.TimeSpan">00:00:00.0006226</duration><startTime type="System.DateTime"><dateData type="System.UInt64">633673774846097256</dateData></startTime><endTime type="System.DateTime"><dateData type="System.UInt64">633673774846097256</dateData></endTime><spoolMessage type="System.Boolean">True</spoolMessage></UnitTestResult><UnitTestResult type="Microsoft.VisualStudio.TestTools.TestTypes.Unit.UnitTestResult, Microsoft.VisualStudio.QualityTools.Tips.UnitTest.ObjectModel, Version=8.0.0.0, Culture=neutral, PublicKeyToken=b03f5f7f11d50a3a"><resultType type="Microsoft.VisualStudio.TestTools.TestTypes.Unit.UnitTestResultType, Microsoft.VisualStudio.QualityTools.Tips.UnitTest.ObjectModel, Version=8.0.0.0, Culture=neutral, PublicKeyToken=b03f5f7f11d50a3a"><value__ type="System.Int32">0</value__></resultType><m_hasSufficientAccess type="System.Boolean">True</m_hasSufficientAccess><counters type="Microsoft.VisualStudio.TestTools.Common.TestResultCounter"><values type="System.Int32">0,0,0,0,0,0,0,0,0,0,0,0,0,0</values><total type="System.Int32">1</total></counters><categoryId type="Microsoft.VisualStudio.TestTools.Common.TestCategoryId"><id type="System.Guid">8c84fa94-04c1-424b-9868-57a2d4851a1d</id></categoryId><outcome type="Microsoft.VisualStudio.TestTools.Common.TestOutcome"><value__ type="System.Int32">4</value__></outcome><errorInfo type="Microsoft.VisualStudio.TestTools.Common.TestResultErrorInfo"><message type="System.String">Assert.Inconclusive failed. Verify the correctness of this test method</message><stackTrace type="System.String">   at BrownShoe.UnitTests.Services.DataAccess.ShippingMethodDBTest.GetDefaultTest()
</stackTrace></errorInfo><traceInfo type="Microsoft.VisualStudio.TestTools.Common.TestExecutionTraceInformation"><trace type="System.Text.StringBuilder">Creating instance of class BrownShoe.UnitTests.Services.DataAccess.ShippingMethodDBTest.
Calling Test method BrownShoe.UnitTests.Services.DataAccess.ShippingMethodDBTest.Microsoft.VisualStudio.TestTools.TestTypes.Unit.TestMethod.
</trace></traceInfo><stdout type="System.String" /><stderr type="System.String" /><debugTrace type="System.String" /><workItemIds type="System.Collections.Generic.List`1[[System.Int32, mscorlib, Version=2.0.0.0, Culture=neutral, PublicKeyToken=b77a5c561934e089]]"><_size type="System.Int32">0</_size><_version type="System.Int32">1</_version></workItemIds><id type="Microsoft.VisualStudio.TestTools.Common.TestResultId"><runId type="System.Guid">3d9a8baa-b9cb-4717-8a94-3c6445344217</runId><executionId type="Microsoft.VisualStudio.TestTools.Common.TestExecId"><id type="System.Guid">52328495-827b-4c64-ac58-2a801be51a8e</id></executionId><parentExecId type="Microsoft.VisualStudio.TestTools.Common.TestExecId"><id type="System.Guid">00000000-0000-0000-0000-000000000000</id></parentExecId><testId type="Microsoft.VisualStudio.TestTools.Common.TestId"><id type="System.Guid">d3cfd480-129f-a888-af32-080a14c42564</id></testId></id><testName type="System.String">GetDefaultTest</testName><testType type="Microsoft.VisualStudio.TestTools.Common.TestType"><id type="System.Guid">13cdc9d9-ddb5-4fa4-a97d-d965ccfc6d4b</id></testType><messageKind type="Microsoft.VisualStudio.TestTools.Common.TestMessageKind"><value__ type="System.Int32">1</value__></messageKind><computerInfo type="Microsoft.VisualStudio.TestTools.Common.ComputerInfo"><m_computerName type="System.String">ECDATA-TFS01</m_computerName></computerInfo><duration type="System.TimeSpan">00:00:00.0011271</duration><startTime type="System.DateTime"><dateData type="System.UInt64">633673774846097256</dateData></startTime><endTime type="System.DateTime"><dateData type="System.UInt64">633673774846097256</dateData></endTime><spoolMessage type="System.Boolean">True</spoolMessage></UnitTestResult><UnitTestResult type="Microsoft.VisualStudio.TestTools.TestTypes.Unit.UnitTestResult, Microsoft.VisualStudio.QualityTools.Tips.UnitTest.ObjectModel, Version=8.0.0.0, Culture=neutral, PublicKeyToken=b03f5f7f11d50a3a"><resultType type="Microsoft.VisualStudio.TestTools.TestTypes.Unit.UnitTestResultType, Microsoft.VisualStudio.QualityTools.Tips.UnitTest.ObjectModel, Version=8.0.0.0, Culture=neutral, PublicKeyToken=b03f5f7f11d50a3a"><value__ type="System.Int32">0</value__></resultType><m_hasSufficientAccess type="System.Boolean">True</m_hasSufficientAccess><counters type="Microsoft.VisualStudio.TestTools.Common.TestResultCounter"><values type="System.Int32">0,0,0,0,0,0,0,0,0,0,0,0,0,0</values><total type="System.Int32">1</total></counters><categoryId type="Microsoft.VisualStudio.TestTools.Common.TestCategoryId"><id type="System.Guid">8c84fa94-04c1-424b-9868-57a2d4851a1d</id></categoryId><outcome type="Microsoft.VisualStudio.TestTools.Common.TestOutcome"><value__ type="System.Int32">4</value__></outcome><errorInfo type="Microsoft.VisualStudio.TestTools.Common.TestResultErrorInfo"><message type="System.String">Assert.Inconclusive failed. Verify the correctness of this test method</message><stackTrace type="System.String">   at BrownShoe.UnitTests.Services.DataAccess.ShippingMethodDBTest.ListTest()
</stackTrace></errorInfo><traceInfo type="Microsoft.VisualStudio.TestTools.Common.TestExecutionTraceInformation"><trace type="System.Text.StringBuilder">Creating instance of class BrownShoe.UnitTests.Services.DataAccess.ShippingMethodDBTest.
Calling Test method BrownShoe.UnitTests.Services.DataAccess.ShippingMethodDBTest.Microsoft.VisualStudio.TestTools.TestTypes.Unit.TestMethod.
</trace></traceInfo><stdout type="System.String" /><stderr type="System.String" /><debugTrace type="System.String" /><workItemIds type="System.Collections.Generic.List`1[[System.Int32, mscorlib, Version=2.0.0.0, Culture=neutral, PublicKeyToken=b77a5c561934e089]]"><_size type="System.Int32">0</_size><_version type="System.Int32">1</_version></workItemIds><id type="Microsoft.VisualStudio.TestTools.Common.TestResultId"><runId type="System.Guid">3d9a8baa-b9cb-4717-8a94-3c6445344217</runId><executionId type="Microsoft.VisualStudio.TestTools.Common.TestExecId"><id type="System.Guid">c4b11315-858e-4a80-95e5-f1c397d641a3</id></executionId><parentExecId type="Microsoft.VisualStudio.TestTools.Common.TestExecId"><id type="System.Guid">00000000-0000-0000-0000-000000000000</id></parentExecId><testId type="Microsoft.VisualStudio.TestTools.Common.TestId"><id type="System.Guid">90bbf0b0-338f-35d0-6db0-91d42399cf4f</id></testId></id><testName type="System.String">ListTest</testName><testType type="Microsoft.VisualStudio.TestTools.Common.TestType"><id type="System.Guid">13cdc9d9-ddb5-4fa4-a97d-d965ccfc6d4b</id></testType><messageKind type="Microsoft.VisualStudio.TestTools.Common.TestMessageKind"><value__ type="System.Int32">1</value__></messageKind><computerInfo type="Microsoft.VisualStudio.TestTools.Common.ComputerInfo"><m_computerName type="System.String">ECDATA-TFS01</m_computerName></computerInfo><duration type="System.TimeSpan">00:00:00.0007374</duration><startTime type="System.DateTime"><dateData type="System.UInt64">633673774846097256</dateData></startTime><endTime type="System.DateTime"><dateData type="System.UInt64">633673774846253516</dateData></endTime><spoolMessage type="System.Boolean">True</spoolMessage></UnitTestResult><UnitTestResult type="Microsoft.VisualStudio.TestTools.TestTypes.Unit.UnitTestResult, Microsoft.VisualStudio.QualityTools.Tips.UnitTest.ObjectModel, Version=8.0.0.0, Culture=neutral, PublicKeyToken=b03f5f7f11d50a3a"><resultType type="Microsoft.VisualStudio.TestTools.TestTypes.Unit.UnitTestResultType, Microsoft.VisualStudio.QualityTools.Tips.UnitTest.ObjectModel, Version=8.0.0.0, Culture=neutral, PublicKeyToken=b03f5f7f11d50a3a"><value__ type="System.Int32">0</value__></resultType><m_hasSufficientAccess type="System.Boolean">True</m_hasSufficientAccess><counters type="Microsoft.VisualStudio.TestTools.Common.TestResultCounter"><values type="System.Int32">0,0,0,0,0,0,0,0,0,0,0,0,0,0</values><total type="System.Int32">1</total></counters><categoryId type="Microsoft.VisualStudio.TestTools.Common.TestCategoryId"><id type="System.Guid">8c84fa94-04c1-424b-9868-57a2d4851a1d</id></categoryId><outcome type="Microsoft.VisualStudio.TestTools.Common.TestOutcome"><value__ type="System.Int32">4</value__></outcome><errorInfo type="Microsoft.VisualStudio.TestTools.Common.TestResultErrorInfo"><message type="System.String">Assert.Inconclusive failed. Verify the correctness of this test method</message><stackTrace type="System.String">   at BrownShoe.UnitTests.Services.DataAccess.ShippingMethodDBTest.OverrideListTest()
</stackTrace></errorInfo><traceInfo type="Microsoft.VisualStudio.TestTools.Common.TestExecutionTraceInformation"><trace type="System.Text.StringBuilder">Creating instance of class BrownShoe.UnitTests.Services.DataAccess.ShippingMethodDBTest.
Calling Test method BrownShoe.UnitTests.Services.DataAccess.ShippingMethodDBTest.Microsoft.VisualStudio.TestTools.TestTypes.Unit.TestMethod.
</trace></traceInfo><stdout type="System.String" /><stderr type="System.String" /><debugTrace type="System.String" /><workItemIds type="System.Collections.Generic.List`1[[System.Int32, mscorlib, Version=2.0.0.0, Culture=neutral, PublicKeyToken=b77a5c561934e089]]"><_size type="System.Int32">0</_size><_version type="System.Int32">1</_version></workItemIds><id type="Microsoft.VisualStudio.TestTools.Common.TestResultId"><runId type="System.Guid">3d9a8baa-b9cb-4717-8a94-3c6445344217</runId><executionId type="Microsoft.VisualStudio.TestTools.Common.TestExecId"><id type="System.Guid">75e8da23-eeb2-4c82-ab84-541b64421504</id></executionId><parentExecId type="Microsoft.VisualStudio.TestTools.Common.TestExecId"><id type="System.Guid">00000000-0000-0000-0000-000000000000</id></parentExecId><testId type="Microsoft.VisualStudio.TestTools.Common.TestId"><id type="System.Guid">f9d86f61-36e8-9269-7d6e-20724eb594db</id></testId></id><testName type="System.String">OverrideListTest</testName><testType type="Microsoft.VisualStudio.TestTools.Common.TestType"><id type="System.Guid">13cdc9d9-ddb5-4fa4-a97d-d965ccfc6d4b</id></testType><messageKind type="Microsoft.VisualStudio.TestTools.Common.TestMessageKind"><value__ type="System.Int32">1</value__></messageKind><computerInfo type="Microsoft.VisualStudio.TestTools.Common.ComputerInfo"><m_computerName type="System.String">ECDATA-TFS01</m_computerName></computerInfo><duration type="System.TimeSpan">00:00:00.0005437</duration><startTime type="System.DateTime"><dateData type="System.UInt64">633673774846253516</dateData></startTime><endTime type="System.DateTime"><dateData type="System.UInt64">633673774846253516</dateData></endTime><spoolMessage type="System.Boolean">True</spoolMessage></UnitTestResult><UnitTestResult type="Microsoft.VisualStudio.TestTools.TestTypes.Unit.UnitTestResult, Microsoft.VisualStudio.QualityTools.Tips.UnitTest.ObjectModel, Version=8.0.0.0, Culture=neutral, PublicKeyToken=b03f5f7f11d50a3a"><resultType type="Microsoft.VisualStudio.TestTools.TestTypes.Unit.UnitTestResultType, Microsoft.VisualStudio.QualityTools.Tips.UnitTest.ObjectModel, Version=8.0.0.0, Culture=neutral, PublicKeyToken=b03f5f7f11d50a3a"><value__ type="System.Int32">0</value__></resultType><m_hasSufficientAccess type="System.Boolean">True</m_hasSufficientAccess><counters type="Microsoft.VisualStudio.TestTools.Common.TestResultCounter"><values type="System.Int32">0,0,0,0,0,0,0,0,0,0,0,0,0,0</values><total type="System.Int32">1</total></counters><categoryId type="Microsoft.VisualStudio.TestTools.Common.TestCategoryId"><id type="System.Guid">8c84fa94-04c1-424b-9868-57a2d4851a1d</id></categoryId><outcome type="Microsoft.VisualStudio.TestTools.Common.TestOutcome"><value__ type="System.Int32">4</value__></outcome><errorInfo type="Microsoft.VisualStudio.TestTools.Common.TestResultErrorInfo"><message type="System.String">Assert.Inconclusive failed. Verify the correctness of this test method</message><stackTrace type="System.String">   at BrownShoe.UnitTests.Services.DataAccess.ShippingRateDBTest.ListTest()
</stackTrace></errorInfo><traceInfo type="Microsoft.VisualStudio.TestTools.Common.TestExecutionTraceInformation"><trace type="System.Text.StringBuilder">Creating instance of class BrownShoe.UnitTests.Services.DataAccess.ShippingRateDBTest.
Calling Test method BrownShoe.UnitTests.Services.DataAccess.ShippingRateDBTest.Microsoft.VisualStudio.TestTools.TestTypes.Unit.TestMethod.
</trace></traceInfo><stdout type="System.String" /><stderr type="System.String" /><debugTrace type="System.String" /><workItemIds type="System.Collections.Generic.List`1[[System.Int32, mscorlib, Version=2.0.0.0, Culture=neutral, PublicKeyToken=b77a5c561934e089]]"><_size type="System.Int32">0</_size><_version type="System.Int32">1</_version></workItemIds><id type="Microsoft.VisualStudio.TestTools.Common.TestResultId"><runId type="System.Guid">3d9a8baa-b9cb-4717-8a94-3c6445344217</runId><executionId type="Microsoft.VisualStudio.TestTools.Common.TestExecId"><id type="System.Guid">6c2b7abd-4e43-4b00-a06b-b56e264cb711</id></executionId><parentExecId type="Microsoft.VisualStudio.TestTools.Common.TestExecId"><id type="System.Guid">00000000-0000-0000-0000-000000000000</id></parentExecId><testId type="Microsoft.VisualStudio.TestTools.Common.TestId"><id type="System.Guid">be2873eb-e583-7574-e57d-e18b3496b562</id></testId></id><testName type="System.String">ListTest</testName><testType type="Microsoft.VisualStudio.TestTools.Common.TestType"><id type="System.Guid">13cdc9d9-ddb5-4fa4-a97d-d965ccfc6d4b</id></testType><messageKind type="Microsoft.VisualStudio.TestTools.Common.TestMessageKind"><value__ type="System.Int32">1</value__></messageKind><computerInfo type="Microsoft.VisualStudio.TestTools.Common.ComputerInfo"><m_computerName type="System.String">ECDATA-TFS01</m_computerName></computerInfo><duration type="System.TimeSpan">00:00:00.0009842</duration><startTime type="System.DateTime"><dateData type="System.UInt64">633673774846253516</dateData></startTime><endTime type="System.DateTime"><dateData type="System.UInt64">633673774846409776</dateData></endTime><spoolMessage type="System.Boolean">True</spoolMessage></UnitTestResult><UnitTestResult type="Microsoft.VisualStudio.TestTools.TestTypes.Unit.UnitTestResult, Microsoft.VisualStudio.QualityTools.Tips.UnitTest.ObjectModel, Version=8.0.0.0, Culture=neutral, PublicKeyToken=b03f5f7f11d50a3a"><resultType type="Microsoft.VisualStudio.TestTools.TestTypes.Unit.UnitTestResultType, Microsoft.VisualStudio.QualityTools.Tips.UnitTest.ObjectModel, Version=8.0.0.0, Culture=neutral, PublicKeyToken=b03f5f7f11d50a3a"><value__ type="System.Int32">0</value__></resultType><m_hasSufficientAccess type="System.Boolean">True</m_hasSufficientAccess><counters type="Microsoft.VisualStudio.TestTools.Common.TestResultCounter"><values type="System.Int32">0,0,0,0,0,0,0,0,0,0,0,0,0,0</values><total type="System.Int32">1</total></counters><categoryId type="Microsoft.VisualStudio.TestTools.Common.TestCategoryId"><id type="System.Guid">8c84fa94-04c1-424b-9868-57a2d4851a1d</id></categoryId><outcome type="Microsoft.VisualStudio.TestTools.Common.TestOutcome"><value__ type="System.Int32">4</value__></outcome><errorInfo type="Microsoft.VisualStudio.TestTools.Common.TestResultErrorInfo"><message type="System.String">Assert.Inconclusive failed. Verify the correctness of this test method</message><stackTrace type="System.String">   at BrownShoe.UnitTests.Services.DataAccess.ShippingRateDBTest.OverrideRatesForMethodTest()
</stackTrace></errorInfo><traceInfo type="Microsoft.VisualStudio.TestTools.Common.TestExecutionTraceInformation"><trace type="System.Text.StringBuilder">Creating instance of class BrownShoe.UnitTests.Services.DataAccess.ShippingRateDBTest.
Calling Test method BrownShoe.UnitTests.Services.DataAccess.ShippingRateDBTest.Microsoft.VisualStudio.TestTools.TestTypes.Unit.TestMethod.
</trace></traceInfo><stdout type="System.String" /><stderr type="System.String" /><debugTrace type="System.String" /><workItemIds type="System.Collections.Generic.List`1[[System.Int32, mscorlib, Version=2.0.0.0, Culture=neutral, PublicKeyToken=b77a5c561934e089]]"><_size type="System.Int32">0</_size><_version type="System.Int32">1</_version></workItemIds><id type="Microsoft.VisualStudio.TestTools.Common.TestResultId"><runId type="System.Guid">3d9a8baa-b9cb-4717-8a94-3c6445344217</runId><executionId type="Microsoft.VisualStudio.TestTools.Common.TestExecId"><id type="System.Guid">0fbb3351-8771-4a61-8fbc-48718080c56c</id></executionId><parentExecId type="Microsoft.VisualStudio.TestTools.Common.TestExecId"><id type="System.Guid">00000000-0000-0000-0000-000000000000</id></parentExecId><testId type="Microsoft.VisualStudio.TestTools.Common.TestId"><id type="System.Guid">276260a2-455c-d1f9-44a1-4f683e426dbf</id></testId></id><testName type="System.String">OverrideRatesForMethodTest</testName><testType type="Microsoft.VisualStudio.TestTools.Common.TestType"><id type="System.Guid">13cdc9d9-ddb5-4fa4-a97d-d965ccfc6d4b</id></testType><messageKind type="Microsoft.VisualStudio.TestTools.Common.TestMessageKind"><value__ type="System.Int32">1</value__></messageKind><computerInfo type="Microsoft.VisualStudio.TestTools.Common.ComputerInfo"><m_computerName type="System.String">ECDATA-TFS01</m_computerName></computerInfo><duration type="System.TimeSpan">00:00:00.0009754</duration><startTime type="System.DateTime"><dateData type="System.UInt64">633673774846409776</dateData></startTime><endTime type="System.DateTime"><dateData type="System.UInt64">633673774846409776</dateData></endTime><spoolMessage type="System.Boolean">True</spoolMessage></UnitTestResult><UnitTestResult type="Microsoft.VisualStudio.TestTools.TestTypes.Unit.UnitTestResult, Microsoft.VisualStudio.QualityTools.Tips.UnitTest.ObjectModel, Version=8.0.0.0, Culture=neutral, PublicKeyToken=b03f5f7f11d50a3a"><resultType type="Microsoft.VisualStudio.TestTools.TestTypes.Unit.UnitTestResultType, Microsoft.VisualStudio.QualityTools.Tips.UnitTest.ObjectModel, Version=8.0.0.0, Culture=neutral, PublicKeyToken=b03f5f7f11d50a3a"><value__ type="System.Int32">0</value__></resultType><m_hasSufficientAccess type="System.Boolean">True</m_hasSufficientAccess><counters type="Microsoft.VisualStudio.TestTools.Common.TestResultCounter"><values type="System.Int32">0,0,0,0,0,0,0,0,0,0,0,0,0,0</values><total type="System.Int32">1</total></counters><categoryId type="Microsoft.VisualStudio.TestTools.Common.TestCategoryId"><id type="System.Guid">8c84fa94-04c1-424b-9868-57a2d4851a1d</id></categoryId><outcome type="Microsoft.VisualStudio.TestTools.Common.TestOutcome"><value__ type="System.Int32">4</value__></outcome><errorInfo type="Microsoft.VisualStudio.TestTools.Common.TestResultErrorInfo"><message type="System.String">Assert.Inconclusive failed. Verify the correctness of this test method</message><stackTrace type="System.String">   at BrownShoe.UnitTests.Services.DataAccess.SysMonDBTest.CheckAllocateDTCInvTest()
</stackTrace></errorInfo><traceInfo type="Microsoft.VisualStudio.TestTools.Common.TestExecutionTraceInformation"><trace type="System.Text.StringBuilder">Creating instance of class BrownShoe.UnitTests.Services.DataAccess.SysMonDBTest.
Calling Test method BrownShoe.UnitTests.Services.DataAccess.SysMonDBTest.Microsoft.VisualStudio.TestTools.TestTypes.Unit.TestMethod.
</trace></traceInfo><stdout type="System.String" /><stderr type="System.String" /><debugTrace type="System.String" /><workItemIds type="System.Collections.Generic.List`1[[System.Int32, mscorlib, Version=2.0.0.0, Culture=neutral, PublicKeyToken=b77a5c561934e089]]"><_size type="System.Int32">0</_size><_version type="System.Int32">1</_version></workItemIds><id type="Microsoft.VisualStudio.TestTools.Common.TestResultId"><runId type="System.Guid">3d9a8baa-b9cb-4717-8a94-3c6445344217</runId><executionId type="Microsoft.VisualStudio.TestTools.Common.TestExecId"><id type="System.Guid">a168b01f-d069-4cee-aa76-fd997ff7bfd4</id></executionId><parentExecId type="Microsoft.VisualStudio.TestTools.Common.TestExecId"><id type="System.Guid">00000000-0000-0000-0000-000000000000</id></parentExecId><testId type="Microsoft.VisualStudio.TestTools.Common.TestId"><id type="System.Guid">6cdb9013-4f25-28d7-589b-c3ee352ad6f2</id></testId></id><testName type="System.String">CheckAllocateDTCInvTest</testName><testType type="Microsoft.VisualStudio.TestTools.Common.TestType"><id type="System.Guid">13cdc9d9-ddb5-4fa4-a97d-d965ccfc6d4b</id></testType><messageKind type="Microsoft.VisualStudio.TestTools.Common.TestMessageKind"><value__ type="System.Int32">1</value__></messageKind><computerInfo type="Microsoft.VisualStudio.TestTools.Common.ComputerInfo"><m_computerName type="System.String">ECDATA-TFS01</m_computerName></computerInfo><duration type="System.TimeSpan">00:00:00.0011563</duration><startTime type="System.DateTime"><dateData type="System.UInt64">633673774846409776</dateData></startTime><endTime type="System.DateTime"><dateData type="System.UInt64">633673774846566036</dateData></endTime><spoolMessage type="System.Boolean">True</spoolMessage></UnitTestResult><UnitTestResult type="Microsoft.VisualStudio.TestTools.TestTypes.Unit.UnitTestResult, Microsoft.VisualStudio.QualityTools.Tips.UnitTest.ObjectModel, Version=8.0.0.0, Culture=neutral, PublicKeyToken=b03f5f7f11d50a3a"><resultType type="Microsoft.VisualStudio.TestTools.TestTypes.Unit.UnitTestResultType, Microsoft.VisualStudio.QualityTools.Tips.UnitTest.ObjectModel, Version=8.0.0.0, Culture=neutral, PublicKeyToken=b03f5f7f11d50a3a"><value__ type="System.Int32">0</value__></resultType><m_hasSufficientAccess type="System.Boolean">True</m_hasSufficientAccess><counters type="Microsoft.VisualStudio.TestTools.Common.TestResultCounter"><values type="System.Int32">0,0,0,0,0,0,0,0,0,0,0,0,0,0</values><total type="System.Int32">1</total></counters><categoryId type="Microsoft.VisualStudio.TestTools.Common.TestCategoryId"><id type="System.Guid">8c84fa94-04c1-424b-9868-57a2d4851a1d</id></categoryId><outcome type="Microsoft.VisualStudio.TestTools.Common.TestOutcome"><value__ type="System.Int32">4</value__></outcome><errorInfo type="Microsoft.VisualStudio.TestTools.Common.TestResultErrorInfo"><message type="System.String">Assert.Inconclusive failed. Verify the correctness of this test method</message><stackTrace type="System.String">   at BrownShoe.UnitTests.Services.DataAccess.SysMonDBTest.CheckAmazonCatalogBuild1Test()
</stackTrace></errorInfo><traceInfo type="Microsoft.VisualStudio.TestTools.Common.TestExecutionTraceInformation"><trace type="System.Text.StringBuilder">Creating instance of class BrownShoe.UnitTests.Services.DataAccess.SysMonDBTest.
Calling Test method BrownShoe.UnitTests.Services.DataAccess.SysMonDBTest.Microsoft.VisualStudio.TestTools.TestTypes.Unit.TestMethod.
</trace></traceInfo><stdout type="System.String" /><stderr type="System.String" /><debugTrace type="System.String" /><workItemIds type="System.Collections.Generic.List`1[[System.Int32, mscorlib, Version=2.0.0.0, Culture=neutral, PublicKeyToken=b77a5c561934e089]]"><_size type="System.Int32">0</_size><_version type="System.Int32">1</_version></workItemIds><id type="Microsoft.VisualStudio.TestTools.Common.TestResultId"><runId type="System.Guid">3d9a8baa-b9cb-4717-8a94-3c6445344217</runId><executionId type="Microsoft.VisualStudio.TestTools.Common.TestExecId"><id type="System.Guid">88c5daff-7065-4981-83d4-a27ea06096d0</id></executionId><parentExecId type="Microsoft.VisualStudio.TestTools.Common.TestExecId"><id type="System.Guid">00000000-0000-0000-0000-000000000000</id></parentExecId><testId type="Microsoft.VisualStudio.TestTools.Common.TestId"><id type="System.Guid">bff378cd-11ef-7f00-dcac-300916c199dc</id></testId></id><testName type="System.String">CheckAmazonCatalogBuild1Test</testName><testType type="Microsoft.VisualStudio.TestTools.Common.TestType"><id type="System.Guid">13cdc9d9-ddb5-4fa4-a97d-d965ccfc6d4b</id></testType><messageKind type="Microsoft.VisualStudio.TestTools.Common.TestMessageKind"><value__ type="System.Int32">1</value__></messageKind><computerInfo type="Microsoft.VisualStudio.TestTools.Common.ComputerInfo"><m_computerName type="System.String">ECDATA-TFS01</m_computerName></computerInfo><duration type="System.TimeSpan">00:00:00.0007038</duration><startTime type="System.DateTime"><dateData type="System.UInt64">633673774846566036</dateData></startTime><endTime type="System.DateTime"><dateData type="System.UInt64">633673774846722296</dateData></endTime><spoolMessage type="System.Boolean">True</spoolMessage></UnitTestResult><UnitTestResult type="Microsoft.VisualStudio.TestTools.TestTypes.Unit.UnitTestResult, Microsoft.VisualStudio.QualityTools.Tips.UnitTest.ObjectModel, Version=8.0.0.0, Culture=neutral, PublicKeyToken=b03f5f7f11d50a3a"><resultType type="Microsoft.VisualStudio.TestTools.TestTypes.Unit.UnitTestResultType, Microsoft.VisualStudio.QualityTools.Tips.UnitTest.ObjectModel, Version=8.0.0.0, Culture=neutral, PublicKeyToken=b03f5f7f11d50a3a"><value__ type="System.Int32">0</value__></resultType><m_hasSufficientAccess type="System.Boolean">True</m_hasSufficientAccess><counters type="Microsoft.VisualStudio.TestTools.Common.TestResultCounter"><values type="System.Int32">0,0,0,0,0,0,0,0,0,0,0,0,0,0</values><total type="System.Int32">1</total></counters><categoryId type="Microsoft.VisualStudio.TestTools.Common.TestCategoryId"><id type="System.Guid">8c84fa94-04c1-424b-9868-57a2d4851a1d</id></categoryId><outcome type="Microsoft.VisualStudio.TestTools.Common.TestOutcome"><value__ type="System.Int32">4</value__></outcome><errorInfo type="Microsoft.VisualStudio.TestTools.Common.TestResultErrorInfo"><message type="System.String">Assert.Inconclusive failed. Verify the correctness of this test method</message><stackTrace type="System.String">   at BrownShoe.UnitTests.Services.DataAccess.SysMonDBTest.CheckAmazonExceptions1Test()
</stackTrace></errorInfo><traceInfo type="Microsoft.VisualStudio.TestTools.Common.TestExecutionTraceInformation"><trace type="System.Text.StringBuilder">Creating instance of class BrownShoe.UnitTests.Services.DataAccess.SysMonDBTest.
Calling Test method BrownShoe.UnitTests.Services.DataAccess.SysMonDBTest.Microsoft.VisualStudio.TestTools.TestTypes.Unit.TestMethod.
</trace></traceInfo><stdout type="System.String" /><stderr type="System.String" /><debugTrace type="System.String" /><workItemIds type="System.Collections.Generic.List`1[[System.Int32, mscorlib, Version=2.0.0.0, Culture=neutral, PublicKeyToken=b77a5c561934e089]]"><_size type="System.Int32">0</_size><_version type="System.Int32">1</_version></workItemIds><id type="Microsoft.VisualStudio.TestTools.Common.TestResultId"><runId type="System.Guid">3d9a8baa-b9cb-4717-8a94-3c6445344217</runId><executionId type="Microsoft.VisualStudio.TestTools.Common.TestExecId"><id type="System.Guid">e55f6b1b-d9d8-4e1f-bb73-e9810db3b4b9</id></executionId><parentExecId type="Microsoft.VisualStudio.TestTools.Common.TestExecId"><id type="System.Guid">00000000-0000-0000-0000-000000000000</id></parentExecId><testId type="Microsoft.VisualStudio.TestTools.Common.TestId"><id type="System.Guid">703fee9e-9f3e-9dbe-54c8-51d3e7e2cfb9</id></testId></id><testName type="System.String">CheckAmazonExceptions1Test</testName><testType type="Microsoft.VisualStudio.TestTools.Common.TestType"><id type="System.Guid">13cdc9d9-ddb5-4fa4-a97d-d965ccfc6d4b</id></testType><messageKind type="Microsoft.VisualStudio.TestTools.Common.TestMessageKind"><value__ type="System.Int32">1</value__></messageKind><computerInfo type="Microsoft.VisualStudio.TestTools.Common.ComputerInfo"><m_computerName type="System.String">ECDATA-TFS01</m_computerName></computerInfo><duration type="System.TimeSpan">00:00:00.0009487</duration><startTime type="System.DateTime"><dateData type="System.UInt64">633673774846722296</dateData></startTime><endTime type="System.DateTime"><dateData type="System.UInt64">633673774846878556</dateData></endTime><spoolMessage type="System.Boolean">True</spoolMessage></UnitTestResult><UnitTestResult type="Microsoft.VisualStudio.TestTools.TestTypes.Unit.UnitTestResult, Microsoft.VisualStudio.QualityTools.Tips.UnitTest.ObjectModel, Version=8.0.0.0, Culture=neutral, PublicKeyToken=b03f5f7f11d50a3a"><resultType type="Microsoft.VisualStudio.TestTools.TestTypes.Unit.UnitTestResultType, Microsoft.VisualStudio.QualityTools.Tips.UnitTest.ObjectModel, Version=8.0.0.0, Culture=neutral, PublicKeyToken=b03f5f7f11d50a3a"><value__ type="System.Int32">0</value__></resultType><m_hasSufficientAccess type="System.Boolean">True</m_hasSufficientAccess><counters type="Microsoft.VisualStudio.TestTools.Common.TestResultCounter"><values type="System.Int32">0,0,0,0,0,0,0,0,0,0,0,0,0,0</values><total type="System.Int32">1</total></counters><categoryId type="Microsoft.VisualStudio.TestTools.Common.TestCategoryId"><id type="System.Guid">8c84fa94-04c1-424b-9868-57a2d4851a1d</id></categoryId><outcome type="Microsoft.VisualStudio.TestTools.Common.TestOutcome"><value__ type="System.Int32">4</value__></outcome><errorInfo type="Microsoft.VisualStudio.TestTools.Common.TestResultErrorInfo"><message type="System.String">Assert.Inconclusive failed. Verify the correctness of this test method</message><stackTrace type="System.String">   at BrownShoe.UnitTests.Services.DataAccess.SysMonDBTest.CheckAmazonOrderFulfillments1Test()
</stackTrace></errorInfo><traceInfo type="Microsoft.VisualStudio.TestTools.Common.TestExecutionTraceInformation"><trace type="System.Text.StringBuilder">Creating instance of class BrownShoe.UnitTests.Services.DataAccess.SysMonDBTest.
Calling Test method BrownShoe.UnitTests.Services.DataAccess.SysMonDBTest.Microsoft.VisualStudio.TestTools.TestTypes.Unit.TestMethod.
</trace></traceInfo><stdout type="System.String" /><stderr type="System.String" /><debugTrace type="System.String" /><workItemIds type="System.Collections.Generic.List`1[[System.Int32, mscorlib, Version=2.0.0.0, Culture=neutral, PublicKeyToken=b77a5c561934e089]]"><_size type="System.Int32">0</_size><_version type="System.Int32">1</_version></workItemIds><id type="Microsoft.VisualStudio.TestTools.Common.TestResultId"><runId type="System.Guid">3d9a8baa-b9cb-4717-8a94-3c6445344217</runId><executionId type="Microsoft.VisualStudio.TestTools.Common.TestExecId"><id type="System.Guid">81af09a6-5c15-4c59-9144-58ad673d203d</id></executionId><parentExecId type="Microsoft.VisualStudio.TestTools.Common.TestExecId"><id type="System.Guid">00000000-0000-0000-0000-000000000000</id></parentExecId><testId type="Microsoft.VisualStudio.TestTools.Common.TestId"><id type="System.Guid">072dab9c-d8ba-230d-b0ba-d965b93a8fae</id></testId></id><testName type="System.String">CheckAmazonOrderFulfillments1Test</testName><testType type="Microsoft.VisualStudio.TestTools.Common.TestType"><id type="System.Guid">13cdc9d9-ddb5-4fa4-a97d-d965ccfc6d4b</id></testType><messageKind type="Microsoft.VisualStudio.TestTools.Common.TestMessageKind"><value__ type="System.Int32">1</value__></messageKind><computerInfo type="Microsoft.VisualStudio.TestTools.Common.ComputerInfo"><m_computerName type="System.String">ECDATA-TFS01</m_computerName></computerInfo><duration type="System.TimeSpan">00:00:00.0011614</duration><startTime type="System.DateTime"><dateData type="System.UInt64">633673774846878556</dateData></startTime><endTime type="System.DateTime"><dateData type="System.UInt64">633673774847034816</dateData></endTime><spoolMessage type="System.Boolean">True</spoolMessage></UnitTestResult><UnitTestResult type="Microsoft.VisualStudio.TestTools.TestTypes.Unit.UnitTestResult, Microsoft.VisualStudio.QualityTools.Tips.UnitTest.ObjectModel, Version=8.0.0.0, Culture=neutral, PublicKeyToken=b03f5f7f11d50a3a"><resultType type="Microsoft.VisualStudio.TestTools.TestTypes.Unit.UnitTestResultType, Microsoft.VisualStudio.QualityTools.Tips.UnitTest.ObjectModel, Version=8.0.0.0, Culture=neutral, PublicKeyToken=b03f5f7f11d50a3a"><value__ type="System.Int32">0</value__></resultType><m_hasSufficientAccess type="System.Boolean">True</m_hasSufficientAccess><counters type="Microsoft.VisualStudio.TestTools.Common.TestResultCounter"><values type="System.Int32">0,0,0,0,0,0,0,0,0,0,0,0,0,0</values><total type="System.Int32">1</total></counters><categoryId type="Microsoft.VisualStudio.TestTools.Common.TestCategoryId"><id type="System.Guid">8c84fa94-04c1-424b-9868-57a2d4851a1d</id></categoryId><outcome type="Microsoft.VisualStudio.TestTools.Common.TestOutcome"><value__ type="System.Int32">4</value__></outcome><errorInfo type="Microsoft.VisualStudio.TestTools.Common.TestResultErrorInfo"><message type="System.String">Assert.Inconclusive failed. Verify the correctness of this test method</message><stackTrace type="System.String">   at BrownShoe.UnitTests.Services.DataAccess.SysMonDBTest.CheckAmazonSpecificStatus1Test()
</stackTrace></errorInfo><traceInfo type="Microsoft.VisualStudio.TestTools.Common.TestExecutionTraceInformation"><trace type="System.Text.StringBuilder">Creating instance of class BrownShoe.UnitTests.Services.DataAccess.SysMonDBTest.
Calling Test method BrownShoe.UnitTests.Services.DataAccess.SysMonDBTest.Microsoft.VisualStudio.TestTools.TestTypes.Unit.TestMethod.
</trace></traceInfo><stdout type="System.String" /><stderr type="System.String" /><debugTrace type="System.String" /><workItemIds type="System.Collections.Generic.List`1[[System.Int32, mscorlib, Version=2.0.0.0, Culture=neutral, PublicKeyToken=b77a5c561934e089]]"><_size type="System.Int32">0</_size><_version type="System.Int32">1</_version></workItemIds><id type="Microsoft.VisualStudio.TestTools.Common.TestResultId"><runId type="System.Guid">3d9a8baa-b9cb-4717-8a94-3c6445344217</runId><executionId type="Microsoft.VisualStudio.TestTools.Common.TestExecId"><id type="System.Guid">3397aa71-d29d-4c64-bdfd-5e7add1861d6</id></executionId><parentExecId type="Microsoft.VisualStudio.TestTools.Common.TestExecId"><id type="System.Guid">00000000-0000-0000-0000-000000000000</id></parentExecId><testId type="Microsoft.VisualStudio.TestTools.Common.TestId"><id type="System.Guid">edce9069-e10b-1e03-bdac-ae0b6f97eed5</id></testId></id><testName type="System.String">CheckAmazonSpecificStatus1Test</testName><testType type="Microsoft.VisualStudio.TestTools.Common.TestType"><id type="System.Guid">13cdc9d9-ddb5-4fa4-a97d-d965ccfc6d4b</id></testType><messageKind type="Microsoft.VisualStudio.TestTools.Common.TestMessageKind"><value__ type="System.Int32">1</value__></messageKind><computerInfo type="Microsoft.VisualStudio.TestTools.Common.ComputerInfo"><m_computerName type="System.String">ECDATA-TFS01</m_computerName></computerInfo><duration type="System.TimeSpan">00:00:00.0006421</duration><startTime type="System.DateTime"><dateData type="System.UInt64">633673774847034816</dateData></startTime><endTime type="System.DateTime"><dateData type="System.UInt64">633673774847034816</dateData></endTime><spoolMessage type="System.Boolean">True</spoolMessage></UnitTestResult><UnitTestResult type="Microsoft.VisualStudio.TestTools.TestTypes.Unit.UnitTestResult, Microsoft.VisualStudio.QualityTools.Tips.UnitTest.ObjectModel, Version=8.0.0.0, Culture=neutral, PublicKeyToken=b03f5f7f11d50a3a"><resultType type="Microsoft.VisualStudio.TestTools.TestTypes.Unit.UnitTestResultType, Microsoft.VisualStudio.QualityTools.Tips.UnitTest.ObjectModel, Version=8.0.0.0, Culture=neutral, PublicKeyToken=b03f5f7f11d50a3a"><value__ type="System.Int32">0</value__></resultType><m_hasSufficientAccess type="System.Boolean">True</m_hasSufficientAccess><counters type="Microsoft.VisualStudio.TestTools.Common.TestResultCounter"><values type="System.Int32">0,0,0,0,0,0,0,0,0,0,0,0,0,0</values><total type="System.Int32">1</total></counters><categoryId type="Microsoft.VisualStudio.TestTools.Common.TestCategoryId"><id type="System.Guid">8c84fa94-04c1-424b-9868-57a2d4851a1d</id></categoryId><outcome type="Microsoft.VisualStudio.TestTools.Common.TestOutcome"><value__ type="System.Int32">4</value__></outcome><errorInfo type="Microsoft.VisualStudio.TestTools.Common.TestResultErrorInfo"><message type="System.String">Assert.Inconclusive failed. Verify the correctness of this test method</message><stackTrace type="System.String">   at BrownShoe.UnitTests.Services.DataAccess.SysMonDBTest.CheckDTCInventoryTest()
</stackTrace></errorInfo><traceInfo type="Microsoft.VisualStudio.TestTools.Common.TestExecutionTraceInformation"><trace type="System.Text.StringBuilder">Creating instance of class BrownShoe.UnitTests.Services.DataAccess.SysMonDBTest.
Calling Test method BrownShoe.UnitTests.Services.DataAccess.SysMonDBTest.Microsoft.VisualStudio.TestTools.TestTypes.Unit.TestMethod.
</trace></traceInfo><stdout type="System.String" /><stderr type="System.String" /><debugTrace type="System.String" /><workItemIds type="System.Collections.Generic.List`1[[System.Int32, mscorlib, Version=2.0.0.0, Culture=neutral, PublicKeyToken=b77a5c561934e089]]"><_size type="System.Int32">0</_size><_version type="System.Int32">1</_version></workItemIds><id type="Microsoft.VisualStudio.TestTools.Common.TestResultId"><runId type="System.Guid">3d9a8baa-b9cb-4717-8a94-3c6445344217</runId><executionId type="Microsoft.VisualStudio.TestTools.Common.TestExecId"><id type="System.Guid">792d8d40-9c24-4287-8c47-6ccfac88d341</id></executionId><parentExecId type="Microsoft.VisualStudio.TestTools.Common.TestExecId"><id type="System.Guid">00000000-0000-0000-0000-000000000000</id></parentExecId><testId type="Microsoft.VisualStudio.TestTools.Common.TestId"><id type="System.Guid">cb7ed765-93e1-66c7-8d32-a6ab30bcaba1</id></testId></id><testName type="System.String">CheckDTCInventoryTest</testName><testType type="Microsoft.VisualStudio.TestTools.Common.TestType"><id type="System.Guid">13cdc9d9-ddb5-4fa4-a97d-d965ccfc6d4b</id></testType><messageKind type="Microsoft.VisualStudio.TestTools.Common.TestMessageKind"><value__ type="System.Int32">1</value__></messageKind><computerInfo type="Microsoft.VisualStudio.TestTools.Common.ComputerInfo"><m_computerName type="System.String">ECDATA-TFS01</m_computerName></computerInfo><duration type="System.TimeSpan">00:00:00.0008988</duration><startTime type="System.DateTime"><dateData type="System.UInt64">633673774847034816</dateData></startTime><endTime type="System.DateTime"><dateData type="System.UInt64">633673774847191076</dateData></endTime><spoolMessage type="System.Boolean">True</spoolMessage></UnitTestResult><UnitTestResult type="Microsoft.VisualStudio.TestTools.TestTypes.Unit.UnitTestResult, Microsoft.VisualStudio.QualityTools.Tips.UnitTest.ObjectModel, Version=8.0.0.0, Culture=neutral, PublicKeyToken=b03f5f7f11d50a3a"><resultType type="Microsoft.VisualStudio.TestTools.TestTypes.Unit.UnitTestResultType, Microsoft.VisualStudio.QualityTools.Tips.UnitTest.ObjectModel, Version=8.0.0.0, Culture=neutral, PublicKeyToken=b03f5f7f11d50a3a"><value__ type="System.Int32">0</value__></resultType><m_hasSufficientAccess type="System.Boolean">True</m_hasSufficientAccess><counters type="Microsoft.VisualStudio.TestTools.Common.TestResultCounter"><values type="System.Int32">0,0,0,0,0,0,0,0,0,0,0,0,0,0</values><total type="System.Int32">1</total></counters><categoryId type="Microsoft.VisualStudio.TestTools.Common.TestCategoryId"><id type="System.Guid">8c84fa94-04c1-424b-9868-57a2d4851a1d</id></categoryId><outcome type="Microsoft.VisualStudio.TestTools.Common.TestOutcome"><value__ type="System.Int32">4</value__></outcome><errorInfo type="Microsoft.VisualStudio.TestTools.Common.TestResultErrorInfo"><message type="System.String">Assert.Inconclusive failed. Verify the correctness of this test method</message><stackTrace type="System.String">   at BrownShoe.UnitTests.Services.DataAccess.SysMonDBTest.CheckEbagReturnsTest()
</stackTrace></errorInfo><traceInfo type="Microsoft.VisualStudio.TestTools.Common.TestExecutionTraceInformation"><trace type="System.Text.StringBuilder">Creating instance of class BrownShoe.UnitTests.Services.DataAccess.SysMonDBTest.
Calling Test method BrownShoe.UnitTests.Services.DataAccess.SysMonDBTest.Microsoft.VisualStudio.TestTools.TestTypes.Unit.TestMethod.
</trace></traceInfo><stdout type="System.String" /><stderr type="System.String" /><debugTrace type="System.String" /><workItemIds type="System.Collections.Generic.List`1[[System.Int32, mscorlib, Version=2.0.0.0, Culture=neutral, PublicKeyToken=b77a5c561934e089]]"><_size type="System.Int32">0</_size><_version type="System.Int32">1</_version></workItemIds><id type="Microsoft.VisualStudio.TestTools.Common.TestResultId"><runId type="System.Guid">3d9a8baa-b9cb-4717-8a94-3c6445344217</runId><executionId type="Microsoft.VisualStudio.TestTools.Common.TestExecId"><id type="System.Guid">f73c92d4-9fc8-4b15-b7b4-754e57df0d3c</id></executionId><parentExecId type="Microsoft.VisualStudio.TestTools.Common.TestExecId"><id type="System.Guid">00000000-0000-0000-0000-000000000000</id></parentExecId><testId type="Microsoft.VisualStudio.TestTools.Common.TestId"><id type="System.Guid">b0f419af-46dc-6d12-6cb7-345cfba4748d</id></testId></id><testName type="System.String">CheckEbagReturnsTest</testName><testType type="Microsoft.VisualStudio.TestTools.Common.TestType"><id type="System.Guid">13cdc9d9-ddb5-4fa4-a97d-d965ccfc6d4b</id></testType><messageKind type="Microsoft.VisualStudio.TestTools.Common.TestMessageKind"><value__ type="System.Int32">1</value__></messageKind><computerInfo type="Microsoft.VisualStudio.TestTools.Common.ComputerInfo"><m_computerName type="System.String">ECDATA-TFS01</m_computerName></computerInfo><duration type="System.TimeSpan">00:00:00.0006749</duration><startTime type="System.DateTime"><dateData type="System.UInt64">633673774847191076</dateData></startTime><endTime type="System.DateTime"><dateData type="System.UInt64">633673774847191076</dateData></endTime><spoolMessage type="System.Boolean">True</spoolMessage></UnitTestResult><UnitTestResult type="Microsoft.VisualStudio.TestTools.TestTypes.Unit.UnitTestResult, Microsoft.VisualStudio.QualityTools.Tips.UnitTest.ObjectModel, Version=8.0.0.0, Culture=neutral, PublicKeyToken=b03f5f7f11d50a3a"><resultType type="Microsoft.VisualStudio.TestTools.TestTypes.Unit.UnitTestResultType, Microsoft.VisualStudio.QualityTools.Tips.UnitTest.ObjectModel, Version=8.0.0.0, Culture=neutral, PublicKeyToken=b03f5f7f11d50a3a"><value__ type="System.Int32">0</value__></resultType><m_hasSufficientAccess type="System.Boolean">True</m_hasSufficientAccess><counters type="Microsoft.VisualStudio.TestTools.Common.TestResultCounter"><values type="System.Int32">0,0,0,0,0,0,0,0,0,0,0,0,0,0</values><total type="System.Int32">1</total></counters><categoryId type="Microsoft.VisualStudio.TestTools.Common.TestCategoryId"><id type="System.Guid">8c84fa94-04c1-424b-9868-57a2d4851a1d</id></categoryId><outcome type="Microsoft.VisualStudio.TestTools.Common.TestOutcome"><value__ type="System.Int32">4</value__></outcome><errorInfo type="Microsoft.VisualStudio.TestTools.Common.TestResultErrorInfo"><message type="System.String">Assert.Inconclusive failed. Verify the correctness of this test method</message><stackTrace type="System.String">   at BrownShoe.UnitTests.Services.DataAccess.SysMonDBTest.CheckEDIImportTest()
</stackTrace></errorInfo><traceInfo type="Microsoft.VisualStudio.TestTools.Common.TestExecutionTraceInformation"><trace type="System.Text.StringBuilder">Creating instance of class BrownShoe.UnitTests.Services.DataAccess.SysMonDBTest.
Calling Test method BrownShoe.UnitTests.Services.DataAccess.SysMonDBTest.Microsoft.VisualStudio.TestTools.TestTypes.Unit.TestMethod.
</trace></traceInfo><stdout type="System.String" /><stderr type="System.String" /><debugTrace type="System.String" /><workItemIds type="System.Collections.Generic.List`1[[System.Int32, mscorlib, Version=2.0.0.0, Culture=neutral, PublicKeyToken=b77a5c561934e089]]"><_size type="System.Int32">0</_size><_version type="System.Int32">1</_version></workItemIds><id type="Microsoft.VisualStudio.TestTools.Common.TestResultId"><runId type="System.Guid">3d9a8baa-b9cb-4717-8a94-3c6445344217</runId><executionId type="Microsoft.VisualStudio.TestTools.Common.TestExecId"><id type="System.Guid">71bd7a63-08a8-4597-a3c7-08d9c6e0bbad</id></executionId><parentExecId type="Microsoft.VisualStudio.TestTools.Common.TestExecId"><id type="System.Guid">00000000-0000-0000-0000-000000000000</id></parentExecId><testId type="Microsoft.VisualStudio.TestTools.Common.TestId"><id type="System.Guid">23fffe9c-af8e-9e4a-2eb2-a2ec5b854614</id></testId></id><testName type="System.String">CheckEDIImportTest</testName><testType type="Microsoft.VisualStudio.TestTools.Common.TestType"><id type="System.Guid">13cdc9d9-ddb5-4fa4-a97d-d965ccfc6d4b</id></testType><messageKind type="Microsoft.VisualStudio.TestTools.Common.TestMessageKind"><value__ type="System.Int32">1</value__></messageKind><computerInfo type="Microsoft.VisualStudio.TestTools.Common.ComputerInfo"><m_computerName type="System.String">ECDATA-TFS01</m_computerName></computerInfo><duration type="System.TimeSpan">00:00:00.0010164</duration><startTime type="System.DateTime"><dateData type="System.UInt64">633673774847191076</dateData></startTime><endTime type="System.DateTime"><dateData type="System.UInt64">633673774847191076</dateData></endTime><spoolMessage type="System.Boolean">True</spoolMessage></UnitTestResult><UnitTestResult type="Microsoft.VisualStudio.TestTools.TestTypes.Unit.UnitTestResult, Microsoft.VisualStudio.QualityTools.Tips.UnitTest.ObjectModel, Version=8.0.0.0, Culture=neutral, PublicKeyToken=b03f5f7f11d50a3a"><resultType type="Microsoft.VisualStudio.TestTools.TestTypes.Unit.UnitTestResultType, Microsoft.VisualStudio.QualityTools.Tips.UnitTest.ObjectModel, Version=8.0.0.0, Culture=neutral, PublicKeyToken=b03f5f7f11d50a3a"><value__ type="System.Int32">0</value__></resultType><m_hasSufficientAccess type="System.Boolean">True</m_hasSufficientAccess><counters type="Microsoft.VisualStudio.TestTools.Common.TestResultCounter"><values type="System.Int32">0,0,0,0,0,0,0,0,0,0,0,0,0,0</values><total type="System.Int32">1</total></counters><categoryId type="Microsoft.VisualStudio.TestTools.Common.TestCategoryId"><id type="System.Guid">8c84fa94-04c1-424b-9868-57a2d4851a1d</id></categoryId><outcome type="Microsoft.VisualStudio.TestTools.Common.TestOutcome"><value__ type="System.Int32">4</value__></outcome><errorInfo type="Microsoft.VisualStudio.TestTools.Common.TestResultErrorInfo"><message type="System.String">Assert.Inconclusive failed. Verify the correctness of this test method</message><stackTrace type="System.String">   at BrownShoe.UnitTests.Services.DataAccess.SysMonDBTest.CheckEmailMarketingTest()
</stackTrace></errorInfo><traceInfo type="Microsoft.VisualStudio.TestTools.Common.TestExecutionTraceInformation"><trace type="System.Text.StringBuilder">Creating instance of class BrownShoe.UnitTests.Services.DataAccess.SysMonDBTest.
Calling Test method BrownShoe.UnitTests.Services.DataAccess.SysMonDBTest.Microsoft.VisualStudio.TestTools.TestTypes.Unit.TestMethod.
</trace></traceInfo><stdout type="System.String" /><stderr type="System.String" /><debugTrace type="System.String" /><workItemIds type="System.Collections.Generic.List`1[[System.Int32, mscorlib, Version=2.0.0.0, Culture=neutral, PublicKeyToken=b77a5c561934e089]]"><_size type="System.Int32">0</_size><_version type="System.Int32">1</_version></workItemIds><id type="Microsoft.VisualStudio.TestTools.Common.TestResultId"><runId type="System.Guid">3d9a8baa-b9cb-4717-8a94-3c6445344217</runId><executionId type="Microsoft.VisualStudio.TestTools.Common.TestExecId"><id type="System.Guid">43b4de16-926e-448a-8b8a-17d26e6f1eba</id></executionId><parentExecId type="Microsoft.VisualStudio.TestTools.Common.TestExecId"><id type="System.Guid">00000000-0000-0000-0000-000000000000</id></parentExecId><testId type="Microsoft.VisualStudio.TestTools.Common.TestId"><id type="System.Guid">6d47026c-26d5-f85f-953d-71cd7fc7c288</id></testId></id><testName type="System.String">CheckEmailMarketingTest</testName><testType type="Microsoft.VisualStudio.TestTools.Common.TestType"><id type="System.Guid">13cdc9d9-ddb5-4fa4-a97d-d965ccfc6d4b</id></testType><messageKind type="Microsoft.VisualStudio.TestTools.Common.TestMessageKind"><value__ type="System.Int32">1</value__></messageKind><computerInfo type="Microsoft.VisualStudio.TestTools.Common.ComputerInfo"><m_computerName type="System.String">ECDATA-TFS01</m_computerName></computerInfo><duration type="System.TimeSpan">00:00:00.0007173</duration><startTime type="System.DateTime"><dateData type="System.UInt64">633673774847191076</dateData></startTime><endTime type="System.DateTime"><dateData type="System.UInt64">633673774847347336</dateData></endTime><spoolMessage type="System.Boolean">True</spoolMessage></UnitTestResult><UnitTestResult type="Microsoft.VisualStudio.TestTools.TestTypes.Unit.UnitTestResult, Microsoft.VisualStudio.QualityTools.Tips.UnitTest.ObjectModel, Version=8.0.0.0, Culture=neutral, PublicKeyToken=b03f5f7f11d50a3a"><resultType type="Microsoft.VisualStudio.TestTools.TestTypes.Unit.UnitTestResultType, Microsoft.VisualStudio.QualityTools.Tips.UnitTest.ObjectModel, Version=8.0.0.0, Culture=neutral, PublicKeyToken=b03f5f7f11d50a3a"><value__ type="System.Int32">0</value__></resultType><m_hasSufficientAccess type="System.Boolean">True</m_hasSufficientAccess><counters type="Microsoft.VisualStudio.TestTools.Common.TestResultCounter"><values type="System.Int32">0,0,0,0,0,0,0,0,0,0,0,0,0,0</values><total type="System.Int32">1</total></counters><categoryId type="Microsoft.VisualStudio.TestTools.Common.TestCategoryId"><id type="System.Guid">8c84fa94-04c1-424b-9868-57a2d4851a1d</id></categoryId><outcome type="Microsoft.VisualStudio.TestTools.Common.TestOutcome"><value__ type="System.Int32">4</value__></outcome><errorInfo type="Microsoft.VisualStudio.TestTools.Common.TestResultErrorInfo"><message type="System.String">Assert.Inconclusive failed. Verify the correctness of this test method</message><stackTrace type="System.String">   at BrownShoe.UnitTests.Services.DataAccess.SysMonDBTest.CheckProductActivationTest()
</stackTrace></errorInfo><traceInfo type="Microsoft.VisualStudio.TestTools.Common.TestExecutionTraceInformation"><trace type="System.Text.StringBuilder">Creating instance of class BrownShoe.UnitTests.Services.DataAccess.SysMonDBTest.
Calling Test method BrownShoe.UnitTests.Services.DataAccess.SysMonDBTest.Microsoft.VisualStudio.TestTools.TestTypes.Unit.TestMethod.
</trace></traceInfo><stdout type="System.String" /><stderr type="System.String" /><debugTrace type="System.String" /><workItemIds type="System.Collections.Generic.List`1[[System.Int32, mscorlib, Version=2.0.0.0, Culture=neutral, PublicKeyToken=b77a5c561934e089]]"><_size type="System.Int32">0</_size><_version type="System.Int32">1</_version></workItemIds><id type="Microsoft.VisualStudio.TestTools.Common.TestResultId"><runId type="System.Guid">3d9a8baa-b9cb-4717-8a94-3c6445344217</runId><executionId type="Microsoft.VisualStudio.TestTools.Common.TestExecId"><id type="System.Guid">7d4a5922-51b7-48ca-9445-6e6603870011</id></executionId><parentExecId type="Microsoft.VisualStudio.TestTools.Common.TestExecId"><id type="System.Guid">00000000-0000-0000-0000-000000000000</id></parentExecId><testId type="Microsoft.VisualStudio.TestTools.Common.TestId"><id type="System.Guid">259a3cce-11b5-7870-309a-eff0d4bc76e7</id></testId></id><testName type="System.String">CheckProductActivationTest</testName><testType type="Microsoft.VisualStudio.TestTools.Common.TestType"><id type="System.Guid">13cdc9d9-ddb5-4fa4-a97d-d965ccfc6d4b</id></testType><messageKind type="Microsoft.VisualStudio.TestTools.Common.TestMessageKind"><value__ type="System.Int32">1</value__></messageKind><computerInfo type="Microsoft.VisualStudio.TestTools.Common.ComputerInfo"><m_computerName type="System.String">ECDATA-TFS01</m_computerName></computerInfo><duration type="System.TimeSpan">00:00:00.0009671</duration><startTime type="System.DateTime"><dateData type="System.UInt64">633673774847347336</dateData></startTime><endTime type="System.DateTime"><dateData type="System.UInt64">633673774847347336</dateData></endTime><spoolMessage type="System.Boolean">True</spoolMessage></UnitTestResult><UnitTestResult type="Microsoft.VisualStudio.TestTools.TestTypes.Unit.UnitTestResult, Microsoft.VisualStudio.QualityTools.Tips.UnitTest.ObjectModel, Version=8.0.0.0, Culture=neutral, PublicKeyToken=b03f5f7f11d50a3a"><resultType type="Microsoft.VisualStudio.TestTools.TestTypes.Unit.UnitTestResultType, Microsoft.VisualStudio.QualityTools.Tips.UnitTest.ObjectModel, Version=8.0.0.0, Culture=neutral, PublicKeyToken=b03f5f7f11d50a3a"><value__ type="System.Int32">0</value__></resultType><m_hasSufficientAccess type="System.Boolean">True</m_hasSufficientAccess><counters type="Microsoft.VisualStudio.TestTools.Common.TestResultCounter"><values type="System.Int32">0,0,0,0,0,0,0,0,0,0,0,0,0,0</values><total type="System.Int32">1</total></counters><categoryId type="Microsoft.VisualStudio.TestTools.Common.TestCategoryId"><id type="System.Guid">8c84fa94-04c1-424b-9868-57a2d4851a1d</id></categoryId><outcome type="Microsoft.VisualStudio.TestTools.Common.TestOutcome"><value__ type="System.Int32">4</value__></outcome><errorInfo type="Microsoft.VisualStudio.TestTools.Common.TestResultErrorInfo"><message type="System.String">Assert.Inconclusive failed. Verify the correctness of this test method</message><stackTrace type="System.String">   at BrownShoe.UnitTests.Services.DataAccess.SysMonDBTest.CheckRefreshInvTest()
</stackTrace></errorInfo><traceInfo type="Microsoft.VisualStudio.TestTools.Common.TestExecutionTraceInformation"><trace type="System.Text.StringBuilder">Creating instance of class BrownShoe.UnitTests.Services.DataAccess.SysMonDBTest.
Calling Test method BrownShoe.UnitTests.Services.DataAccess.SysMonDBTest.Microsoft.VisualStudio.TestTools.TestTypes.Unit.TestMethod.
</trace></traceInfo><stdout type="System.String" /><stderr type="System.String" /><debugTrace type="System.String" /><workItemIds type="System.Collections.Generic.List`1[[System.Int32, mscorlib, Version=2.0.0.0, Culture=neutral, PublicKeyToken=b77a5c561934e089]]"><_size type="System.Int32">0</_size><_version type="System.Int32">1</_version></workItemIds><id type="Microsoft.VisualStudio.TestTools.Common.TestResultId"><runId type="System.Guid">3d9a8baa-b9cb-4717-8a94-3c6445344217</runId><executionId type="Microsoft.VisualStudio.TestTools.Common.TestExecId"><id type="System.Guid">a8a56295-9dc0-4f45-9fe7-6828c69bd81d</id></executionId><parentExecId type="Microsoft.VisualStudio.TestTools.Common.TestExecId"><id type="System.Guid">00000000-0000-0000-0000-000000000000</id></parentExecId><testId type="Microsoft.VisualStudio.TestTools.Common.TestId"><id type="System.Guid">0d39400d-6e9b-a567-1e0d-181f0de948cd</id></testId></id><testName type="System.String">CheckRefreshInvTest</testName><testType type="Microsoft.VisualStudio.TestTools.Common.TestType"><id type="System.Guid">13cdc9d9-ddb5-4fa4-a97d-d965ccfc6d4b</id></testType><messageKind type="Microsoft.VisualStudio.TestTools.Common.TestMessageKind"><value__ type="System.Int32">1</value__></messageKind><computerInfo type="Microsoft.VisualStudio.TestTools.Common.ComputerInfo"><m_computerName type="System.String">ECDATA-TFS01</m_computerName></computerInfo><duration type="System.TimeSpan">00:00:00.0007229</duration><startTime type="System.DateTime"><dateData type="System.UInt64">633673774847347336</dateData></startTime><endTime type="System.DateTime"><dateData type="System.UInt64">633673774847503596</dateData></endTime><spoolMessage type="System.Boolean">True</spoolMessage></UnitTestResult><UnitTestResult type="Microsoft.VisualStudio.TestTools.TestTypes.Unit.UnitTestResult, Microsoft.VisualStudio.QualityTools.Tips.UnitTest.ObjectModel, Version=8.0.0.0, Culture=neutral, PublicKeyToken=b03f5f7f11d50a3a"><resultType type="Microsoft.VisualStudio.TestTools.TestTypes.Unit.UnitTestResultType, Microsoft.VisualStudio.QualityTools.Tips.UnitTest.ObjectModel, Version=8.0.0.0, Culture=neutral, PublicKeyToken=b03f5f7f11d50a3a"><value__ type="System.Int32">0</value__></resultType><m_hasSufficientAccess type="System.Boolean">True</m_hasSufficientAccess><counters type="Microsoft.VisualStudio.TestTools.Common.TestResultCounter"><values type="System.Int32">0,0,0,0,0,0,0,0,0,0,0,0,0,0</values><total type="System.Int32">1</total></counters><categoryId type="Microsoft.VisualStudio.TestTools.Common.TestCategoryId"><id type="System.Guid">8c84fa94-04c1-424b-9868-57a2d4851a1d</id></categoryId><outcome type="Microsoft.VisualStudio.TestTools.Common.TestOutcome"><value__ type="System.Int32">4</value__></outcome><errorInfo type="Microsoft.VisualStudio.TestTools.Common.TestResultErrorInfo"><message type="System.String">Assert.Inconclusive failed. Verify the correctness of this test method</message><stackTrace type="System.String">   at BrownShoe.UnitTests.Services.DataAccess.SysMonDBTest.CheckTaxLoadTest()
</stackTrace></errorInfo><traceInfo type="Microsoft.VisualStudio.TestTools.Common.TestExecutionTraceInformation"><trace type="System.Text.StringBuilder">Creating instance of class BrownShoe.UnitTests.Services.DataAccess.SysMonDBTest.
Calling Test method BrownShoe.UnitTests.Services.DataAccess.SysMonDBTest.Microsoft.VisualStudio.TestTools.TestTypes.Unit.TestMethod.
</trace></traceInfo><stdout type="System.String" /><stderr type="System.String" /><debugTrace type="System.String" /><workItemIds type="System.Collections.Generic.List`1[[System.Int32, mscorlib, Version=2.0.0.0, Culture=neutral, PublicKeyToken=b77a5c561934e089]]"><_size type="System.Int32">0</_size><_version type="System.Int32">1</_version></workItemIds><id type="Microsoft.VisualStudio.TestTools.Common.TestResultId"><runId type="System.Guid">3d9a8baa-b9cb-4717-8a94-3c6445344217</runId><executionId type="Microsoft.VisualStudio.TestTools.Common.TestExecId"><id type="System.Guid">aa880c9a-c4f8-4fb8-bda6-13c3b26c986a</id></executionId><parentExecId type="Microsoft.VisualStudio.TestTools.Common.TestExecId"><id type="System.Guid">00000000-0000-0000-0000-000000000000</id></parentExecId><testId type="Microsoft.VisualStudio.TestTools.Common.TestId"><id type="System.Guid">b2f14bc4-9d5c-8689-ba95-139b4df61a56</id></testId></id><testName type="System.String">CheckTaxLoadTest</testName><testType type="Microsoft.VisualStudio.TestTools.Common.TestType"><id type="System.Guid">13cdc9d9-ddb5-4fa4-a97d-d965ccfc6d4b</id></testType><messageKind type="Microsoft.VisualStudio.TestTools.Common.TestMessageKind"><value__ type="System.Int32">1</value__></messageKind><computerInfo type="Microsoft.VisualStudio.TestTools.Common.ComputerInfo"><m_computerName type="System.String">ECDATA-TFS01</m_computerName></computerInfo><duration type="System.TimeSpan">00:00:00.0005485</duration><startTime type="System.DateTime"><dateData type="System.UInt64">633673774847503596</dateData></startTime><endTime type="System.DateTime"><dateData type="System.UInt64">633673774847503596</dateData></endTime><spoolMessage type="System.Boolean">True</spoolMessage></UnitTestResult><UnitTestResult type="Microsoft.VisualStudio.TestTools.TestTypes.Unit.UnitTestResult, Microsoft.VisualStudio.QualityTools.Tips.UnitTest.ObjectModel, Version=8.0.0.0, Culture=neutral, PublicKeyToken=b03f5f7f11d50a3a"><resultType type="Microsoft.VisualStudio.TestTools.TestTypes.Unit.UnitTestResultType, Microsoft.VisualStudio.QualityTools.Tips.UnitTest.ObjectModel, Version=8.0.0.0, Culture=neutral, PublicKeyToken=b03f5f7f11d50a3a"><value__ type="System.Int32">0</value__></resultType><m_hasSufficientAccess type="System.Boolean">True</m_hasSufficientAccess><counters type="Microsoft.VisualStudio.TestTools.Common.TestResultCounter"><values type="System.Int32">0,0,0,0,0,0,0,0,0,0,0,0,0,0</values><total type="System.Int32">1</total></counters><categoryId type="Microsoft.VisualStudio.TestTools.Common.TestCategoryId"><id type="System.Guid">8c84fa94-04c1-424b-9868-57a2d4851a1d</id></categoryId><outcome type="Microsoft.VisualStudio.TestTools.Common.TestOutcome"><value__ type="System.Int32">4</value__></outcome><errorInfo type="Microsoft.VisualStudio.TestTools.Common.TestResultErrorInfo"><message type="System.String">Assert.Inconclusive failed. Verify the correctness of this test method</message><stackTrace type="System.String">   at BrownShoe.UnitTests.Services.DataAccess.SysMonDBTest.CheckUPCLoadTest()
</stackTrace></errorInfo><traceInfo type="Microsoft.VisualStudio.TestTools.Common.TestExecutionTraceInformation"><trace type="System.Text.StringBuilder">Creating instance of class BrownShoe.UnitTests.Services.DataAccess.SysMonDBTest.
Calling Test method BrownShoe.UnitTests.Services.DataAccess.SysMonDBTest.Microsoft.VisualStudio.TestTools.TestTypes.Unit.TestMethod.
</trace></traceInfo><stdout type="System.String" /><stderr type="System.String" /><debugTrace type="System.String" /><workItemIds type="System.Collections.Generic.List`1[[System.Int32, mscorlib, Version=2.0.0.0, Culture=neutral, PublicKeyToken=b77a5c561934e089]]"><_size type="System.Int32">0</_size><_version type="System.Int32">1</_version></workItemIds><id type="Microsoft.VisualStudio.TestTools.Common.TestResultId"><runId type="System.Guid">3d9a8baa-b9cb-4717-8a94-3c6445344217</runId><executionId type="Microsoft.VisualStudio.TestTools.Common.TestExecId"><id type="System.Guid">028f9020-876f-44d3-9dba-6617f0a188db</id></executionId><parentExecId type="Microsoft.VisualStudio.TestTools.Common.TestExecId"><id type="System.Guid">00000000-0000-0000-0000-000000000000</id></parentExecId><testId type="Microsoft.VisualStudio.TestTools.Common.TestId"><id type="System.Guid">9aa3c193-a9a7-acc1-751c-cf553e0a102b</id></testId></id><testName type="System.String">CheckUPCLoadTest</testName><testType type="Microsoft.VisualStudio.TestTools.Common.TestType"><id type="System.Guid">13cdc9d9-ddb5-4fa4-a97d-d965ccfc6d4b</id></testType><messageKind type="Microsoft.VisualStudio.TestTools.Common.TestMessageKind"><value__ type="System.Int32">1</value__></messageKind><computerInfo type="Microsoft.VisualStudio.TestTools.Common.ComputerInfo"><m_computerName type="System.String">ECDATA-TFS01</m_computerName></computerInfo><duration type="System.TimeSpan">00:00:00.0007539</duration><startTime type="System.DateTime"><dateData type="System.UInt64">633673774847503596</dateData></startTime><endTime type="System.DateTime"><dateData type="System.UInt64">633673774847503596</dateData></endTime><spoolMessage type="System.Boolean">True</spoolMessage></UnitTestResult><UnitTestResult type="Microsoft.VisualStudio.TestTools.TestTypes.Unit.UnitTestResult, Microsoft.VisualStudio.QualityTools.Tips.UnitTest.ObjectModel, Version=8.0.0.0, Culture=neutral, PublicKeyToken=b03f5f7f11d50a3a"><resultType type="Microsoft.VisualStudio.TestTools.TestTypes.Unit.UnitTestResultType, Microsoft.VisualStudio.QualityTools.Tips.UnitTest.ObjectModel, Version=8.0.0.0, Culture=neutral, PublicKeyToken=b03f5f7f11d50a3a"><value__ type="System.Int32">0</value__></resultType><m_hasSufficientAccess type="System.Boolean">True</m_hasSufficientAccess><counters type="Microsoft.VisualStudio.TestTools.Common.TestResultCounter"><values type="System.Int32">0,0,0,0,0,0,0,0,0,0,0,0,0,0</values><total type="System.Int32">1</total></counters><categoryId type="Microsoft.VisualStudio.TestTools.Common.TestCategoryId"><id type="System.Guid">8c84fa94-04c1-424b-9868-57a2d4851a1d</id></categoryId><outcome type="Microsoft.VisualStudio.TestTools.Common.TestOutcome"><value__ type="System.Int32">4</value__></outcome><errorInfo type="Microsoft.VisualStudio.TestTools.Common.TestResultErrorInfo"><message type="System.String">Assert.Inconclusive failed. Verify the correctness of this test method</message><stackTrace type="System.String">   at BrownShoe.UnitTests.Services.DataAccess.SysMonDBTest.CheckUPSInventoryTest()
</stackTrace></errorInfo><traceInfo type="Microsoft.VisualStudio.TestTools.Common.TestExecutionTraceInformation"><trace type="System.Text.StringBuilder">Creating instance of class BrownShoe.UnitTests.Services.DataAccess.SysMonDBTest.
Calling Test method BrownShoe.UnitTests.Services.DataAccess.SysMonDBTest.Microsoft.VisualStudio.TestTools.TestTypes.Unit.TestMethod.
</trace></traceInfo><stdout type="System.String" /><stderr type="System.String" /><debugTrace type="System.String" /><workItemIds type="System.Collections.Generic.List`1[[System.Int32, mscorlib, Version=2.0.0.0, Culture=neutral, PublicKeyToken=b77a5c561934e089]]"><_size type="System.Int32">0</_size><_version type="System.Int32">1</_version></workItemIds><id type="Microsoft.VisualStudio.TestTools.Common.TestResultId"><runId type="System.Guid">3d9a8baa-b9cb-4717-8a94-3c6445344217</runId><executionId type="Microsoft.VisualStudio.TestTools.Common.TestExecId"><id type="System.Guid">c125d0bb-84e8-40b4-9744-8dad344f2ccf</id></executionId><parentExecId type="Microsoft.VisualStudio.TestTools.Common.TestExecId"><id type="System.Guid">00000000-0000-0000-0000-000000000000</id></parentExecId><testId type="Microsoft.VisualStudio.TestTools.Common.TestId"><id type="System.Guid">e8157aa6-5445-da79-49c1-7332149c1e02</id></testId></id><testName type="System.String">CheckUPSInventoryTest</testName><testType type="Microsoft.VisualStudio.TestTools.Common.TestType"><id type="System.Guid">13cdc9d9-ddb5-4fa4-a97d-d965ccfc6d4b</id></testType><messageKind type="Microsoft.VisualStudio.TestTools.Common.TestMessageKind"><value__ type="System.Int32">1</value__></messageKind><computerInfo type="Microsoft.VisualStudio.TestTools.Common.ComputerInfo"><m_computerName type="System.String">ECDATA-TFS01</m_computerName></computerInfo><duration type="System.TimeSpan">00:00:00.0006759</duration><startTime type="System.DateTime"><dateData type="System.UInt64">633673774847503596</dateData></startTime><endTime type="System.DateTime"><dateData type="System.UInt64">633673774847659856</dateData></endTime><spoolMessage type="System.Boolean">True</spoolMessage></UnitTestResult><UnitTestResult type="Microsoft.VisualStudio.TestTools.TestTypes.Unit.UnitTestResult, Microsoft.VisualStudio.QualityTools.Tips.UnitTest.ObjectModel, Version=8.0.0.0, Culture=neutral, PublicKeyToken=b03f5f7f11d50a3a"><resultType type="Microsoft.VisualStudio.TestTools.TestTypes.Unit.UnitTestResultType, Microsoft.VisualStudio.QualityTools.Tips.UnitTest.ObjectModel, Version=8.0.0.0, Culture=neutral, PublicKeyToken=b03f5f7f11d50a3a"><value__ type="System.Int32">0</value__></resultType><m_hasSufficientAccess type="System.Boolean">True</m_hasSufficientAccess><counters type="Microsoft.VisualStudio.TestTools.Common.TestResultCounter"><values type="System.Int32">0,0,0,0,0,0,0,0,0,0,0,0,0,0</values><total type="System.Int32">1</total></counters><categoryId type="Microsoft.VisualStudio.TestTools.Common.TestCategoryId"><id type="System.Guid">8c84fa94-04c1-424b-9868-57a2d4851a1d</id></categoryId><outcome type="Microsoft.VisualStudio.TestTools.Common.TestOutcome"><value__ type="System.Int32">4</value__></outcome><errorInfo type="Microsoft.VisualStudio.TestTools.Common.TestResultErrorInfo"><message type="System.String">Assert.Inconclusive failed. Verify the correctness of this test method</message><stackTrace type="System.String">   at BrownShoe.UnitTests.Services.DataAccess.SysMonDBTest.LogErrorToApplicationLog1Test()
</stackTrace></errorInfo><traceInfo type="Microsoft.VisualStudio.TestTools.Common.TestExecutionTraceInformation"><trace type="System.Text.StringBuilder">Creating instance of class BrownShoe.UnitTests.Services.DataAccess.SysMonDBTest.
Calling Test method BrownShoe.UnitTests.Services.DataAccess.SysMonDBTest.Microsoft.VisualStudio.TestTools.TestTypes.Unit.TestMethod.
</trace></traceInfo><stdout type="System.String" /><stderr type="System.String" /><debugTrace type="System.String" /><workItemIds type="System.Collections.Generic.List`1[[System.Int32, mscorlib, Version=2.0.0.0, Culture=neutral, PublicKeyToken=b77a5c561934e089]]"><_size type="System.Int32">0</_size><_version type="System.Int32">1</_version></workItemIds><id type="Microsoft.VisualStudio.TestTools.Common.TestResultId"><runId type="System.Guid">3d9a8baa-b9cb-4717-8a94-3c6445344217</runId><executionId type="Microsoft.VisualStudio.TestTools.Common.TestExecId"><id type="System.Guid">46e7ffe7-8edb-4184-b982-6e0784d42ba3</id></executionId><parentExecId type="Microsoft.VisualStudio.TestTools.Common.TestExecId"><id type="System.Guid">00000000-0000-0000-0000-000000000000</id></parentExecId><testId type="Microsoft.VisualStudio.TestTools.Common.TestId"><id type="System.Guid">9afa7768-6be5-fc81-97fe-5cdefa273e68</id></testId></id><testName type="System.String">LogErrorToApplicationLog1Test</testName><testType type="Microsoft.VisualStudio.TestTools.Common.TestType"><id type="System.Guid">13cdc9d9-ddb5-4fa4-a97d-d965ccfc6d4b</id></testType><messageKind type="Microsoft.VisualStudio.TestTools.Common.TestMessageKind"><value__ type="System.Int32">1</value__></messageKind><computerInfo type="Microsoft.VisualStudio.TestTools.Common.ComputerInfo"><m_computerName type="System.String">ECDATA-TFS01</m_computerName></computerInfo><duration type="System.TimeSpan">00:00:00.0036548</duration><startTime type="System.DateTime"><dateData type="System.UInt64">633673774847659856</dateData></startTime><endTime type="System.DateTime"><dateData type="System.UInt64">633673774847659856</dateData></endTime><spoolMessage type="System.Boolean">True</spoolMessage></UnitTestResult><UnitTestResult type="Microsoft.VisualStudio.TestTools.TestTypes.Unit.UnitTestResult, Microsoft.VisualStudio.QualityTools.Tips.UnitTest.ObjectModel, Version=8.0.0.0, Culture=neutral, PublicKeyToken=b03f5f7f11d50a3a"><resultType type="Microsoft.VisualStudio.TestTools.TestTypes.Unit.UnitTestResultType, Microsoft.VisualStudio.QualityTools.Tips.UnitTest.ObjectModel, Version=8.0.0.0, Culture=neutral, PublicKeyToken=b03f5f7f11d50a3a"><value__ type="System.Int32">0</value__></resultType><m_hasSufficientAccess type="System.Boolean">True</m_hasSufficientAccess><counters type="Microsoft.VisualStudio.TestTools.Common.TestResultCounter"><values type="System.Int32">0,0,0,0,0,0,0,0,0,0,0,0,0,0</values><total type="System.Int32">1</total></counters><categoryId type="Microsoft.VisualStudio.TestTools.Common.TestCategoryId"><id type="System.Guid">8c84fa94-04c1-424b-9868-57a2d4851a1d</id></categoryId><outcome type="Microsoft.VisualStudio.TestTools.Common.TestOutcome"><value__ type="System.Int32">4</value__></outcome><errorInfo type="Microsoft.VisualStudio.TestTools.Common.TestResultErrorInfo"><message type="System.String">Assert.Inconclusive failed. Verify the correctness of this test method</message><stackTrace type="System.String">   at BrownShoe.UnitTests.Services.DataAccess.SysMonDBTest.Test_BillMeLater_SettlementTest()
</stackTrace></errorInfo><traceInfo type="Microsoft.VisualStudio.TestTools.Common.TestExecutionTraceInformation"><trace type="System.Text.StringBuilder">Creating instance of class BrownShoe.UnitTests.Services.DataAccess.SysMonDBTest.
Calling Test method BrownShoe.UnitTests.Services.DataAccess.SysMonDBTest.Microsoft.VisualStudio.TestTools.TestTypes.Unit.TestMethod.
</trace></traceInfo><stdout type="System.String" /><stderr type="System.String" /><debugTrace type="System.String" /><workItemIds type="System.Collections.Generic.List`1[[System.Int32, mscorlib, Version=2.0.0.0, Culture=neutral, PublicKeyToken=b77a5c561934e089]]"><_size type="System.Int32">0</_size><_version type="System.Int32">1</_version></workItemIds><id type="Microsoft.VisualStudio.TestTools.Common.TestResultId"><runId type="System.Guid">3d9a8baa-b9cb-4717-8a94-3c6445344217</runId><executionId type="Microsoft.VisualStudio.TestTools.Common.TestExecId"><id type="System.Guid">55b242ec-44d5-4f7b-8db5-30fa1c116b7a</id></executionId><parentExecId type="Microsoft.VisualStudio.TestTools.Common.TestExecId"><id type="System.Guid">00000000-0000-0000-0000-000000000000</id></parentExecId><testId type="Microsoft.VisualStudio.TestTools.Common.TestId"><id type="System.Guid">423e32a7-3006-7a83-3713-c6a87817db1f</id></testId></id><testName type="System.String">Test_BillMeLater_SettlementTest</testName><testType type="Microsoft.VisualStudio.TestTools.Common.TestType"><id type="System.Guid">13cdc9d9-ddb5-4fa4-a97d-d965ccfc6d4b</id></testType><messageKind type="Microsoft.VisualStudio.TestTools.Common.TestMessageKind"><value__ type="System.Int32">1</value__></messageKind><computerInfo type="Microsoft.VisualStudio.TestTools.Common.ComputerInfo"><m_computerName type="System.String">ECDATA-TFS01</m_computerName></computerInfo><duration type="System.TimeSpan">00:00:00.0010933</duration><startTime type="System.DateTime"><dateData type="System.UInt64">633673774847659856</dateData></startTime><endTime type="System.DateTime"><dateData type="System.UInt64">633673774847659856</dateData></endTime><spoolMessage type="System.Boolean">True</spoolMessage></UnitTestResult><UnitTestResult type="Microsoft.VisualStudio.TestTools.TestTypes.Unit.UnitTestResult, Microsoft.VisualStudio.QualityTools.Tips.UnitTest.ObjectModel, Version=8.0.0.0, Culture=neutral, PublicKeyToken=b03f5f7f11d50a3a"><resultType type="Microsoft.VisualStudio.TestTools.TestTypes.Unit.UnitTestResultType, Microsoft.VisualStudio.QualityTools.Tips.UnitTest.ObjectModel, Version=8.0.0.0, Culture=neutral, PublicKeyToken=b03f5f7f11d50a3a"><value__ type="System.Int32">0</value__></resultType><m_hasSufficientAccess type="System.Boolean">True</m_hasSufficientAccess><counters type="Microsoft.VisualStudio.TestTools.Common.TestResultCounter"><values type="System.Int32">0,0,0,0,0,0,0,0,0,0,0,0,0,0</values><total type="System.Int32">1</total></counters><categoryId type="Microsoft.VisualStudio.TestTools.Common.TestCategoryId"><id type="System.Guid">8c84fa94-04c1-424b-9868-57a2d4851a1d</id></categoryId><outcome type="Microsoft.VisualStudio.TestTools.Common.TestOutcome"><value__ type="System.Int32">4</value__></outcome><errorInfo type="Microsoft.VisualStudio.TestTools.Common.TestResultErrorInfo"><message type="System.String">Assert.Inconclusive failed. Verify the correctness of this test method</message><stackTrace type="System.String">   at BrownShoe.UnitTests.Services.DataAccess.SysMonDBTest.Test_DatabaseConnection1Test()
</stackTrace></errorInfo><traceInfo type="Microsoft.VisualStudio.TestTools.Common.TestExecutionTraceInformation"><trace type="System.Text.StringBuilder">Creating instance of class BrownShoe.UnitTests.Services.DataAccess.SysMonDBTest.
Calling Test method BrownShoe.UnitTests.Services.DataAccess.SysMonDBTest.Microsoft.VisualStudio.TestTools.TestTypes.Unit.TestMethod.
</trace></traceInfo><stdout type="System.String" /><stderr type="System.String" /><debugTrace type="System.String" /><workItemIds type="System.Collections.Generic.List`1[[System.Int32, mscorlib, Version=2.0.0.0, Culture=neutral, PublicKeyToken=b77a5c561934e089]]"><_size type="System.Int32">0</_size><_version type="System.Int32">1</_version></workItemIds><id type="Microsoft.VisualStudio.TestTools.Common.TestResultId"><runId type="System.Guid">3d9a8baa-b9cb-4717-8a94-3c6445344217</runId><executionId type="Microsoft.VisualStudio.TestTools.Common.TestExecId"><id type="System.Guid">cad91cf4-d12b-45f7-bc46-1122be607a20</id></executionId><parentExecId type="Microsoft.VisualStudio.TestTools.Common.TestExecId"><id type="System.Guid">00000000-0000-0000-0000-000000000000</id></parentExecId><testId type="Microsoft.VisualStudio.TestTools.Common.TestId"><id type="System.Guid">cbf378e1-4a41-5fe3-331e-c5b39d6afb82</id></testId></id><testName type="System.String">Test_DatabaseConnection1Test</testName><testType type="Microsoft.VisualStudio.TestTools.Common.TestType"><id type="System.Guid">13cdc9d9-ddb5-4fa4-a97d-d965ccfc6d4b</id></testType><messageKind type="Microsoft.VisualStudio.TestTools.Common.TestMessageKind"><value__ type="System.Int32">1</value__></messageKind><computerInfo type="Microsoft.VisualStudio.TestTools.Common.ComputerInfo"><m_computerName type="System.String">ECDATA-TFS01</m_computerName></computerInfo><duration type="System.TimeSpan">00:00:00.0008763</duration><startTime type="System.DateTime"><dateData type="System.UInt64">633673774847659856</dateData></startTime><endTime type="System.DateTime"><dateData type="System.UInt64">633673774847816116</dateData></endTime><spoolMessage type="System.Boolean">True</spoolMessage></UnitTestResult><UnitTestResult type="Microsoft.VisualStudio.TestTools.TestTypes.Unit.UnitTestResult, Microsoft.VisualStudio.QualityTools.Tips.UnitTest.ObjectModel, Version=8.0.0.0, Culture=neutral, PublicKeyToken=b03f5f7f11d50a3a"><resultType type="Microsoft.VisualStudio.TestTools.TestTypes.Unit.UnitTestResultType, Microsoft.VisualStudio.QualityTools.Tips.UnitTest.ObjectModel, Version=8.0.0.0, Culture=neutral, PublicKeyToken=b03f5f7f11d50a3a"><value__ type="System.Int32">0</value__></resultType><m_hasSufficientAccess type="System.Boolean">True</m_hasSufficientAccess><counters type="Microsoft.VisualStudio.TestTools.Common.TestResultCounter"><values type="System.Int32">0,0,0,0,0,0,0,0,0,0,0,0,0,0</values><total type="System.Int32">1</total></counters><categoryId type="Microsoft.VisualStudio.TestTools.Common.TestCategoryId"><id type="System.Guid">8c84fa94-04c1-424b-9868-57a2d4851a1d</id></categoryId><outcome type="Microsoft.VisualStudio.TestTools.Common.TestOutcome"><value__ type="System.Int32">4</value__></outcome><errorInfo type="Microsoft.VisualStudio.TestTools.Common.TestResultErrorInfo"><message type="System.String">Assert.Inconclusive failed. Verify the correctness of this test method</message><stackTrace type="System.String">   at BrownShoe.UnitTests.Services.DataAccess.SysMonDBTest.Test_DiskSpace1Test()
</stackTrace></errorInfo><traceInfo type="Microsoft.VisualStudio.TestTools.Common.TestExecutionTraceInformation"><trace type="System.Text.StringBuilder">Creating instance of class BrownShoe.UnitTests.Services.DataAccess.SysMonDBTest.
Calling Test method BrownShoe.UnitTests.Services.DataAccess.SysMonDBTest.Microsoft.VisualStudio.TestTools.TestTypes.Unit.TestMethod.
</trace></traceInfo><stdout type="System.String" /><stderr type="System.String" /><debugTrace type="System.String" /><workItemIds type="System.Collections.Generic.List`1[[System.Int32, mscorlib, Version=2.0.0.0, Culture=neutral, PublicKeyToken=b77a5c561934e089]]"><_size type="System.Int32">0</_size><_version type="System.Int32">1</_version></workItemIds><id type="Microsoft.VisualStudio.TestTools.Common.TestResultId"><runId type="System.Guid">3d9a8baa-b9cb-4717-8a94-3c6445344217</runId><executionId type="Microsoft.VisualStudio.TestTools.Common.TestExecId"><id type="System.Guid">a0853df4-da5c-4db3-a31a-f721984f073d</id></executionId><parentExecId type="Microsoft.VisualStudio.TestTools.Common.TestExecId"><id type="System.Guid">00000000-0000-0000-0000-000000000000</id></parentExecId><testId type="Microsoft.VisualStudio.TestTools.Common.TestId"><id type="System.Guid">c2692b4e-5dd1-53bc-36d1-668a9c5f3abb</id></testId></id><testName type="System.String">Test_DiskSpace1Test</testName><testType type="Microsoft.VisualStudio.TestTools.Common.TestType"><id type="System.Guid">13cdc9d9-ddb5-4fa4-a97d-d965ccfc6d4b</id></testType><messageKind type="Microsoft.VisualStudio.TestTools.Common.TestMessageKind"><value__ type="System.Int32">1</value__></messageKind><computerInfo type="Microsoft.VisualStudio.TestTools.Common.ComputerInfo"><m_computerName type="System.String">ECDATA-TFS01</m_computerName></computerInfo><duration type="System.TimeSpan">00:00:00.0010404</duration><startTime type="System.DateTime"><dateData type="System.UInt64">633673774847816116</dateData></startTime><endTime type="System.DateTime"><dateData type="System.UInt64">633673774847972376</dateData></endTime><spoolMessage type="System.Boolean">True</spoolMessage></UnitTestResult><UnitTestResult type="Microsoft.VisualStudio.TestTools.TestTypes.Unit.UnitTestResult, Microsoft.VisualStudio.QualityTools.Tips.UnitTest.ObjectModel, Version=8.0.0.0, Culture=neutral, PublicKeyToken=b03f5f7f11d50a3a"><resultType type="Microsoft.VisualStudio.TestTools.TestTypes.Unit.UnitTestResultType, Microsoft.VisualStudio.QualityTools.Tips.UnitTest.ObjectModel, Version=8.0.0.0, Culture=neutral, PublicKeyToken=b03f5f7f11d50a3a"><value__ type="System.Int32">0</value__></resultType><m_hasSufficientAccess type="System.Boolean">True</m_hasSufficientAccess><counters type="Microsoft.VisualStudio.TestTools.Common.TestResultCounter"><values type="System.Int32">0,0,0,0,0,0,0,0,0,0,0,0,0,0</values><total type="System.Int32">1</total></counters><categoryId type="Microsoft.VisualStudio.TestTools.Common.TestCategoryId"><id type="System.Guid">8c84fa94-04c1-424b-9868-57a2d4851a1d</id></categoryId><outcome type="Microsoft.VisualStudio.TestTools.Common.TestOutcome"><value__ type="System.Int32">4</value__></outcome><errorInfo type="Microsoft.VisualStudio.TestTools.Common.TestResultErrorInfo"><message type="System.String">Assert.Inconclusive failed. Verify the correctness of this test method</message><stackTrace type="System.String">   at BrownShoe.UnitTests.Services.DataAccess.SysMonDBTest.Test_EmailAgent1Test()
</stackTrace></errorInfo><traceInfo type="Microsoft.VisualStudio.TestTools.Common.TestExecutionTraceInformation"><trace type="System.Text.StringBuilder">Creating instance of class BrownShoe.UnitTests.Services.DataAccess.SysMonDBTest.
Calling Test method BrownShoe.UnitTests.Services.DataAccess.SysMonDBTest.Microsoft.VisualStudio.TestTools.TestTypes.Unit.TestMethod.
</trace></traceInfo><stdout type="System.String" /><stderr type="System.String" /><debugTrace type="System.String" /><workItemIds type="System.Collections.Generic.List`1[[System.Int32, mscorlib, Version=2.0.0.0, Culture=neutral, PublicKeyToken=b77a5c561934e089]]"><_size type="System.Int32">0</_size><_version type="System.Int32">1</_version></workItemIds><id type="Microsoft.VisualStudio.TestTools.Common.TestResultId"><runId type="System.Guid">3d9a8baa-b9cb-4717-8a94-3c6445344217</runId><executionId type="Microsoft.VisualStudio.TestTools.Common.TestExecId"><id type="System.Guid">e5e7673f-1767-45d5-9982-fa986974c2b7</id></executionId><parentExecId type="Microsoft.VisualStudio.TestTools.Common.TestExecId"><id type="System.Guid">00000000-0000-0000-0000-000000000000</id></parentExecId><testId type="Microsoft.VisualStudio.TestTools.Common.TestId"><id type="System.Guid">54c4af31-5aa7-98cd-a7df-26f5a245a6d4</id></testId></id><testName type="System.String">Test_EmailAgent1Test</testName><testType type="Microsoft.VisualStudio.TestTools.Common.TestType"><id type="System.Guid">13cdc9d9-ddb5-4fa4-a97d-d965ccfc6d4b</id></testType><messageKind type="Microsoft.VisualStudio.TestTools.Common.TestMessageKind"><value__ type="System.Int32">1</value__></messageKind><computerInfo type="Microsoft.VisualStudio.TestTools.Common.ComputerInfo"><m_computerName type="System.String">ECDATA-TFS01</m_computerName></computerInfo><duration type="System.TimeSpan">00:00:00.0006690</duration><startTime type="System.DateTime"><dateData type="System.UInt64">633673774847972376</dateData></startTime><endTime type="System.DateTime"><dateData type="System.UInt64">633673774847972376</dateData></endTime><spoolMessage type="System.Boolean">True</spoolMessage></UnitTestResult><UnitTestResult type="Microsoft.VisualStudio.TestTools.TestTypes.Unit.UnitTestResult, Microsoft.VisualStudio.QualityTools.Tips.UnitTest.ObjectModel, Version=8.0.0.0, Culture=neutral, PublicKeyToken=b03f5f7f11d50a3a"><resultType type="Microsoft.VisualStudio.TestTools.TestTypes.Unit.UnitTestResultType, Microsoft.VisualStudio.QualityTools.Tips.UnitTest.ObjectModel, Version=8.0.0.0, Culture=neutral, PublicKeyToken=b03f5f7f11d50a3a"><value__ type="System.Int32">0</value__></resultType><m_hasSufficientAccess type="System.Boolean">True</m_hasSufficientAccess><counters type="Microsoft.VisualStudio.TestTools.Common.TestResultCounter"><values type="System.Int32">0,0,0,0,0,0,0,0,0,0,0,0,0,0</values><total type="System.Int32">1</total></counters><categoryId type="Microsoft.VisualStudio.TestTools.Common.TestCategoryId"><id type="System.Guid">8c84fa94-04c1-424b-9868-57a2d4851a1d</id></categoryId><outcome type="Microsoft.VisualStudio.TestTools.Common.TestOutcome"><value__ type="System.Int32">4</value__></outcome><errorInfo type="Microsoft.VisualStudio.TestTools.Common.TestResultErrorInfo"><message type="System.String">Assert.Inconclusive failed. Verify the correctness of this test method</message><stackTrace type="System.String">   at BrownShoe.UnitTests.Services.DataAccess.SysMonDBTest.Test_HomePageTest()
</stackTrace></errorInfo><traceInfo type="Microsoft.VisualStudio.TestTools.Common.TestExecutionTraceInformation"><trace type="System.Text.StringBuilder">Creating instance of class BrownShoe.UnitTests.Services.DataAccess.SysMonDBTest.
Calling Test method BrownShoe.UnitTests.Services.DataAccess.SysMonDBTest.Microsoft.VisualStudio.TestTools.TestTypes.Unit.TestMethod.
</trace></traceInfo><stdout type="System.String" /><stderr type="System.String" /><debugTrace type="System.String" /><workItemIds type="System.Collections.Generic.List`1[[System.Int32, mscorlib, Version=2.0.0.0, Culture=neutral, PublicKeyToken=b77a5c561934e089]]"><_size type="System.Int32">0</_size><_version type="System.Int32">1</_version></workItemIds><id type="Microsoft.VisualStudio.TestTools.Common.TestResultId"><runId type="System.Guid">3d9a8baa-b9cb-4717-8a94-3c6445344217</runId><executionId type="Microsoft.VisualStudio.TestTools.Common.TestExecId"><id type="System.Guid">7510321f-3a2d-4372-9fb9-94c2cb79eb08</id></executionId><parentExecId type="Microsoft.VisualStudio.TestTools.Common.TestExecId"><id type="System.Guid">00000000-0000-0000-0000-000000000000</id></parentExecId><testId type="Microsoft.VisualStudio.TestTools.Common.TestId"><id type="System.Guid">56c6795c-bf6b-4c27-2672-b955d5109502</id></testId></id><testName type="System.String">Test_HomePageTest</testName><testType type="Microsoft.VisualStudio.TestTools.Common.TestType"><id type="System.Guid">13cdc9d9-ddb5-4fa4-a97d-d965ccfc6d4b</id></testType><messageKind type="Microsoft.VisualStudio.TestTools.Common.TestMessageKind"><value__ type="System.Int32">1</value__></messageKind><computerInfo type="Microsoft.VisualStudio.TestTools.Common.ComputerInfo"><m_computerName type="System.String">ECDATA-TFS01</m_computerName></computerInfo><duration type="System.TimeSpan">00:00:00.0008789</duration><startTime type="System.DateTime"><dateData type="System.UInt64">633673774847972376</dateData></startTime><endTime type="System.DateTime"><dateData type="System.UInt64">633673774847972376</dateData></endTime><spoolMessage type="System.Boolean">True</spoolMessage></UnitTestResult><UnitTestResult type="Microsoft.VisualStudio.TestTools.TestTypes.Unit.UnitTestResult, Microsoft.VisualStudio.QualityTools.Tips.UnitTest.ObjectModel, Version=8.0.0.0, Culture=neutral, PublicKeyToken=b03f5f7f11d50a3a"><resultType type="Microsoft.VisualStudio.TestTools.TestTypes.Unit.UnitTestResultType, Microsoft.VisualStudio.QualityTools.Tips.UnitTest.ObjectModel, Version=8.0.0.0, Culture=neutral, PublicKeyToken=b03f5f7f11d50a3a"><value__ type="System.Int32">0</value__></resultType><m_hasSufficientAccess type="System.Boolean">True</m_hasSufficientAccess><counters type="Microsoft.VisualStudio.TestTools.Common.TestResultCounter"><values type="System.Int32">0,0,0,0,0,0,0,0,0,0,0,0,0,0</values><total type="System.Int32">1</total></counters><categoryId type="Microsoft.VisualStudio.TestTools.Common.TestCategoryId"><id type="System.Guid">8c84fa94-04c1-424b-9868-57a2d4851a1d</id></categoryId><outcome type="Microsoft.VisualStudio.TestTools.Common.TestOutcome"><value__ type="System.Int32">4</value__></outcome><errorInfo type="Microsoft.VisualStudio.TestTools.Common.TestResultErrorInfo"><message type="System.String">Assert.Inconclusive failed. Verify the correctness of this test method</message><stackTrace type="System.String">   at BrownShoe.UnitTests.Services.DataAccess.SysMonDBTest.Test_InputQ1Test()
</stackTrace></errorInfo><traceInfo type="Microsoft.VisualStudio.TestTools.Common.TestExecutionTraceInformation"><trace type="System.Text.StringBuilder">Creating instance of class BrownShoe.UnitTests.Services.DataAccess.SysMonDBTest.
Calling Test method BrownShoe.UnitTests.Services.DataAccess.SysMonDBTest.Microsoft.VisualStudio.TestTools.TestTypes.Unit.TestMethod.
</trace></traceInfo><stdout type="System.String" /><stderr type="System.String" /><debugTrace type="System.String" /><workItemIds type="System.Collections.Generic.List`1[[System.Int32, mscorlib, Version=2.0.0.0, Culture=neutral, PublicKeyToken=b77a5c561934e089]]"><_size type="System.Int32">0</_size><_version type="System.Int32">1</_version></workItemIds><id type="Microsoft.VisualStudio.TestTools.Common.TestResultId"><runId type="System.Guid">3d9a8baa-b9cb-4717-8a94-3c6445344217</runId><executionId type="Microsoft.VisualStudio.TestTools.Common.TestExecId"><id type="System.Guid">9b842e82-1ae0-4a7a-b9a8-b84dc169e846</id></executionId><parentExecId type="Microsoft.VisualStudio.TestTools.Common.TestExecId"><id type="System.Guid">00000000-0000-0000-0000-000000000000</id></parentExecId><testId type="Microsoft.VisualStudio.TestTools.Common.TestId"><id type="System.Guid">fba59362-f330-4c39-19cb-6e3a625c420b</id></testId></id><testName type="System.String">Test_InputQ1Test</testName><testType type="Microsoft.VisualStudio.TestTools.Common.TestType"><id type="System.Guid">13cdc9d9-ddb5-4fa4-a97d-d965ccfc6d4b</id></testType><messageKind type="Microsoft.VisualStudio.TestTools.Common.TestMessageKind"><value__ type="System.Int32">1</value__></messageKind><computerInfo type="Microsoft.VisualStudio.TestTools.Common.ComputerInfo"><m_computerName type="System.String">ECDATA-TFS01</m_computerName></computerInfo><duration type="System.TimeSpan">00:00:00.0006124</duration><startTime type="System.DateTime"><dateData type="System.UInt64">633673774847972376</dateData></startTime><endTime type="System.DateTime"><dateData type="System.UInt64">633673774848128636</dateData></endTime><spoolMessage type="System.Boolean">True</spoolMessage></UnitTestResult><UnitTestResult type="Microsoft.VisualStudio.TestTools.TestTypes.Unit.UnitTestResult, Microsoft.VisualStudio.QualityTools.Tips.UnitTest.ObjectModel, Version=8.0.0.0, Culture=neutral, PublicKeyToken=b03f5f7f11d50a3a"><resultType type="Microsoft.VisualStudio.TestTools.TestTypes.Unit.UnitTestResultType, Microsoft.VisualStudio.QualityTools.Tips.UnitTest.ObjectModel, Version=8.0.0.0, Culture=neutral, PublicKeyToken=b03f5f7f11d50a3a"><value__ type="System.Int32">0</value__></resultType><m_hasSufficientAccess type="System.Boolean">True</m_hasSufficientAccess><counters type="Microsoft.VisualStudio.TestTools.Common.TestResultCounter"><values type="System.Int32">0,0,0,0,0,0,0,0,0,0,0,0,0,0</values><total type="System.Int32">1</total></counters><categoryId type="Microsoft.VisualStudio.TestTools.Common.TestCategoryId"><id type="System.Guid">8c84fa94-04c1-424b-9868-57a2d4851a1d</id></categoryId><outcome type="Microsoft.VisualStudio.TestTools.Common.TestOutcome"><value__ type="System.Int32">4</value__></outcome><errorInfo type="Microsoft.VisualStudio.TestTools.Common.TestResultErrorInfo"><message type="System.String">Assert.Inconclusive failed. Verify the correctness of this test method</message><stackTrace type="System.String">   at BrownShoe.UnitTests.Services.DataAccess.SysMonDBTest.Test_LocalUrl1Test()
</stackTrace></errorInfo><traceInfo type="Microsoft.VisualStudio.TestTools.Common.TestExecutionTraceInformation"><trace type="System.Text.StringBuilder">Creating instance of class BrownShoe.UnitTests.Services.DataAccess.SysMonDBTest.
Calling Test method BrownShoe.UnitTests.Services.DataAccess.SysMonDBTest.Microsoft.VisualStudio.TestTools.TestTypes.Unit.TestMethod.
</trace></traceInfo><stdout type="System.String" /><stderr type="System.String" /><debugTrace type="System.String" /><workItemIds type="System.Collections.Generic.List`1[[System.Int32, mscorlib, Version=2.0.0.0, Culture=neutral, PublicKeyToken=b77a5c561934e089]]"><_size type="System.Int32">0</_size><_version type="System.Int32">1</_version></workItemIds><id type="Microsoft.VisualStudio.TestTools.Common.TestResultId"><runId type="System.Guid">3d9a8baa-b9cb-4717-8a94-3c6445344217</runId><executionId type="Microsoft.VisualStudio.TestTools.Common.TestExecId"><id type="System.Guid">78928c45-4f13-4d8b-a582-d7bc034b5fd2</id></executionId><parentExecId type="Microsoft.VisualStudio.TestTools.Common.TestExecId"><id type="System.Guid">00000000-0000-0000-0000-000000000000</id></parentExecId><testId type="Microsoft.VisualStudio.TestTools.Common.TestId"><id type="System.Guid">bb8654cc-802e-1210-3015-c984342b64c9</id></testId></id><testName type="System.String">Test_LocalUrl1Test</testName><testType type="Microsoft.VisualStudio.TestTools.Common.TestType"><id type="System.Guid">13cdc9d9-ddb5-4fa4-a97d-d965ccfc6d4b</id></testType><messageKind type="Microsoft.VisualStudio.TestTools.Common.TestMessageKind"><value__ type="System.Int32">1</value__></messageKind><computerInfo type="Microsoft.VisualStudio.TestTools.Common.ComputerInfo"><m_computerName type="System.String">ECDATA-TFS01</m_computerName></computerInfo><duration type="System.TimeSpan">00:00:00.0009257</duration><startTime type="System.DateTime"><dateData type="System.UInt64">633673774848128636</dateData></startTime><endTime type="System.DateTime"><dateData type="System.UInt64">633673774848128636</dateData></endTime><spoolMessage type="System.Boolean">True</spoolMessage></UnitTestResult><UnitTestResult type="Microsoft.VisualStudio.TestTools.TestTypes.Unit.UnitTestResult, Microsoft.VisualStudio.QualityTools.Tips.UnitTest.ObjectModel, Version=8.0.0.0, Culture=neutral, PublicKeyToken=b03f5f7f11d50a3a"><resultType type="Microsoft.VisualStudio.TestTools.TestTypes.Unit.UnitTestResultType, Microsoft.VisualStudio.QualityTools.Tips.UnitTest.ObjectModel, Version=8.0.0.0, Culture=neutral, PublicKeyToken=b03f5f7f11d50a3a"><value__ type="System.Int32">0</value__></resultType><m_hasSufficientAccess type="System.Boolean">True</m_hasSufficientAccess><counters type="Microsoft.VisualStudio.TestTools.Common.TestResultCounter"><values type="System.Int32">0,0,0,0,0,0,0,0,0,0,0,0,0,0</values><total type="System.Int32">1</total></counters><categoryId type="Microsoft.VisualStudio.TestTools.Common.TestCategoryId"><id type="System.Guid">8c84fa94-04c1-424b-9868-57a2d4851a1d</id></categoryId><outcome type="Microsoft.VisualStudio.TestTools.Common.TestOutcome"><value__ type="System.Int32">4</value__></outcome><errorInfo type="Microsoft.VisualStudio.TestTools.Common.TestResultErrorInfo"><message type="System.String">Assert.Inconclusive failed. Verify the correctness of this test method</message><stackTrace type="System.String">   at BrownShoe.UnitTests.Services.DataAccess.SysMonDBTest.Test_MonitorSales1Test()
</stackTrace></errorInfo><traceInfo type="Microsoft.VisualStudio.TestTools.Common.TestExecutionTraceInformation"><trace type="System.Text.StringBuilder">Creating instance of class BrownShoe.UnitTests.Services.DataAccess.SysMonDBTest.
Calling Test method BrownShoe.UnitTests.Services.DataAccess.SysMonDBTest.Microsoft.VisualStudio.TestTools.TestTypes.Unit.TestMethod.
</trace></traceInfo><stdout type="System.String" /><stderr type="System.String" /><debugTrace type="System.String" /><workItemIds type="System.Collections.Generic.List`1[[System.Int32, mscorlib, Version=2.0.0.0, Culture=neutral, PublicKeyToken=b77a5c561934e089]]"><_size type="System.Int32">0</_size><_version type="System.Int32">1</_version></workItemIds><id type="Microsoft.VisualStudio.TestTools.Common.TestResultId"><runId type="System.Guid">3d9a8baa-b9cb-4717-8a94-3c6445344217</runId><executionId type="Microsoft.VisualStudio.TestTools.Common.TestExecId"><id type="System.Guid">b87f5dae-2969-42d0-b9cd-655906c3d934</id></executionId><parentExecId type="Microsoft.VisualStudio.TestTools.Common.TestExecId"><id type="System.Guid">00000000-0000-0000-0000-000000000000</id></parentExecId><testId type="Microsoft.VisualStudio.TestTools.Common.TestId"><id type="System.Guid">dc077071-b343-ae79-76aa-e9bc9bae094a</id></testId></id><testName type="System.String">Test_MonitorSales1Test</testName><testType type="Microsoft.VisualStudio.TestTools.Common.TestType"><id type="System.Guid">13cdc9d9-ddb5-4fa4-a97d-d965ccfc6d4b</id></testType><messageKind type="Microsoft.VisualStudio.TestTools.Common.TestMessageKind"><value__ type="System.Int32">1</value__></messageKind><computerInfo type="Microsoft.VisualStudio.TestTools.Common.ComputerInfo"><m_computerName type="System.String">ECDATA-TFS01</m_computerName></computerInfo><duration type="System.TimeSpan">00:00:00.0005280</duration><startTime type="System.DateTime"><dateData type="System.UInt64">633673774848128636</dateData></startTime><endTime type="System.DateTime"><dateData type="System.UInt64">633673774848284896</dateData></endTime><spoolMessage type="System.Boolean">True</spoolMessage></UnitTestResult><UnitTestResult type="Microsoft.VisualStudio.TestTools.TestTypes.Unit.UnitTestResult, Microsoft.VisualStudio.QualityTools.Tips.UnitTest.ObjectModel, Version=8.0.0.0, Culture=neutral, PublicKeyToken=b03f5f7f11d50a3a"><resultType type="Microsoft.VisualStudio.TestTools.TestTypes.Unit.UnitTestResultType, Microsoft.VisualStudio.QualityTools.Tips.UnitTest.ObjectModel, Version=8.0.0.0, Culture=neutral, PublicKeyToken=b03f5f7f11d50a3a"><value__ type="System.Int32">0</value__></resultType><m_hasSufficientAccess type="System.Boolean">True</m_hasSufficientAccess><counters type="Microsoft.VisualStudio.TestTools.Common.TestResultCounter"><values type="System.Int32">0,0,0,0,0,0,0,0,0,0,0,0,0,0</values><total type="System.Int32">1</total></counters><categoryId type="Microsoft.VisualStudio.TestTools.Common.TestCategoryId"><id type="System.Guid">8c84fa94-04c1-424b-9868-57a2d4851a1d</id></categoryId><outcome type="Microsoft.VisualStudio.TestTools.Common.TestOutcome"><value__ type="System.Int32">4</value__></outcome><errorInfo type="Microsoft.VisualStudio.TestTools.Common.TestResultErrorInfo"><message type="System.String">Assert.Inconclusive failed. Verify the correctness of this test method</message><stackTrace type="System.String">   at BrownShoe.UnitTests.Services.DataAccess.SysMonDBTest.Test_OutputQTest1Test()
</stackTrace></errorInfo><traceInfo type="Microsoft.VisualStudio.TestTools.Common.TestExecutionTraceInformation"><trace type="System.Text.StringBuilder">Creating instance of class BrownShoe.UnitTests.Services.DataAccess.SysMonDBTest.
Calling Test method BrownShoe.UnitTests.Services.DataAccess.SysMonDBTest.Microsoft.VisualStudio.TestTools.TestTypes.Unit.TestMethod.
</trace></traceInfo><stdout type="System.String" /><stderr type="System.String" /><debugTrace type="System.String" /><workItemIds type="System.Collections.Generic.List`1[[System.Int32, mscorlib, Version=2.0.0.0, Culture=neutral, PublicKeyToken=b77a5c561934e089]]"><_size type="System.Int32">0</_size><_version type="System.Int32">1</_version></workItemIds><id type="Microsoft.VisualStudio.TestTools.Common.TestResultId"><runId type="System.Guid">3d9a8baa-b9cb-4717-8a94-3c6445344217</runId><executionId type="Microsoft.VisualStudio.TestTools.Common.TestExecId"><id type="System.Guid">b329000c-7134-4eb5-b10a-dd599254d632</id></executionId><parentExecId type="Microsoft.VisualStudio.TestTools.Common.TestExecId"><id type="System.Guid">00000000-0000-0000-0000-000000000000</id></parentExecId><testId type="Microsoft.VisualStudio.TestTools.Common.TestId"><id type="System.Guid">f894e702-bbf0-24c0-e740-1fa942cc585e</id></testId></id><testName type="System.String">Test_OutputQTest1Test</testName><testType type="Microsoft.VisualStudio.TestTools.Common.TestType"><id type="System.Guid">13cdc9d9-ddb5-4fa4-a97d-d965ccfc6d4b</id></testType><messageKind type="Microsoft.VisualStudio.TestTools.Common.TestMessageKind"><value__ type="System.Int32">1</value__></messageKind><computerInfo type="Microsoft.VisualStudio.TestTools.Common.ComputerInfo"><m_computerName type="System.String">ECDATA-TFS01</m_computerName></computerInfo><duration type="System.TimeSpan">00:00:00.0011470</duration><startTime type="System.DateTime"><dateData type="System.UInt64">633673774848284896</dateData></startTime><endTime type="System.DateTime"><dateData type="System.UInt64">633673774848284896</dateData></endTime><spoolMessage type="System.Boolean">True</spoolMessage></UnitTestResult><UnitTestResult type="Microsoft.VisualStudio.TestTools.TestTypes.Unit.UnitTestResult, Microsoft.VisualStudio.QualityTools.Tips.UnitTest.ObjectModel, Version=8.0.0.0, Culture=neutral, PublicKeyToken=b03f5f7f11d50a3a"><resultType type="Microsoft.VisualStudio.TestTools.TestTypes.Unit.UnitTestResultType, Microsoft.VisualStudio.QualityTools.Tips.UnitTest.ObjectModel, Version=8.0.0.0, Culture=neutral, PublicKeyToken=b03f5f7f11d50a3a"><value__ type="System.Int32">0</value__></resultType><m_hasSufficientAccess type="System.Boolean">True</m_hasSufficientAccess><counters type="Microsoft.VisualStudio.TestTools.Common.TestResultCounter"><values type="System.Int32">0,0,0,0,0,0,0,0,0,0,0,0,0,0</values><total type="System.Int32">1</total></counters><categoryId type="Microsoft.VisualStudio.TestTools.Common.TestCategoryId"><id type="System.Guid">8c84fa94-04c1-424b-9868-57a2d4851a1d</id></categoryId><outcome type="Microsoft.VisualStudio.TestTools.Common.TestOutcome"><value__ type="System.Int32">4</value__></outcome><errorInfo type="Microsoft.VisualStudio.TestTools.Common.TestResultErrorInfo"><message type="System.String">Assert.Inconclusive failed. Verify the correctness of this test method</message><stackTrace type="System.String">   at BrownShoe.UnitTests.Services.DataAccess.SysMonDBTest.Test_PayLinX1Test()
</stackTrace></errorInfo><traceInfo type="Microsoft.VisualStudio.TestTools.Common.TestExecutionTraceInformation"><trace type="System.Text.StringBuilder">Creating instance of class BrownShoe.UnitTests.Services.DataAccess.SysMonDBTest.
Calling Test method BrownShoe.UnitTests.Services.DataAccess.SysMonDBTest.Microsoft.VisualStudio.TestTools.TestTypes.Unit.TestMethod.
</trace></traceInfo><stdout type="System.String" /><stderr type="System.String" /><debugTrace type="System.String" /><workItemIds type="System.Collections.Generic.List`1[[System.Int32, mscorlib, Version=2.0.0.0, Culture=neutral, PublicKeyToken=b77a5c561934e089]]"><_size type="System.Int32">0</_size><_version type="System.Int32">1</_version></workItemIds><id type="Microsoft.VisualStudio.TestTools.Common.TestResultId"><runId type="System.Guid">3d9a8baa-b9cb-4717-8a94-3c6445344217</runId><executionId type="Microsoft.VisualStudio.TestTools.Common.TestExecId"><id type="System.Guid">0cf6be76-ffbb-4512-9272-8ed8a40c5fa9</id></executionId><parentExecId type="Microsoft.VisualStudio.TestTools.Common.TestExecId"><id type="System.Guid">00000000-0000-0000-0000-000000000000</id></parentExecId><testId type="Microsoft.VisualStudio.TestTools.Common.TestId"><id type="System.Guid">4bd388d3-8725-55bd-9811-86f904acb5ef</id></testId></id><testName type="System.String">Test_PayLinX1Test</testName><testType type="Microsoft.VisualStudio.TestTools.Common.TestType"><id type="System.Guid">13cdc9d9-ddb5-4fa4-a97d-d965ccfc6d4b</id></testType><messageKind type="Microsoft.VisualStudio.TestTools.Common.TestMessageKind"><value__ type="System.Int32">1</value__></messageKind><computerInfo type="Microsoft.VisualStudio.TestTools.Common.ComputerInfo"><m_computerName type="System.String">ECDATA-TFS01</m_computerName></computerInfo><duration type="System.TimeSpan">00:00:00.0006493</duration><startTime type="System.DateTime"><dateData type="System.UInt64">633673774848284896</dateData></startTime><endTime type="System.DateTime"><dateData type="System.UInt64">633673774848284896</dateData></endTime><spoolMessage type="System.Boolean">True</spoolMessage></UnitTestResult><UnitTestResult type="Microsoft.VisualStudio.TestTools.TestTypes.Unit.UnitTestResult, Microsoft.VisualStudio.QualityTools.Tips.UnitTest.ObjectModel, Version=8.0.0.0, Culture=neutral, PublicKeyToken=b03f5f7f11d50a3a"><resultType type="Microsoft.VisualStudio.TestTools.TestTypes.Unit.UnitTestResultType, Microsoft.VisualStudio.QualityTools.Tips.UnitTest.ObjectModel, Version=8.0.0.0, Culture=neutral, PublicKeyToken=b03f5f7f11d50a3a"><value__ type="System.Int32">0</value__></resultType><m_hasSufficientAccess type="System.Boolean">True</m_hasSufficientAccess><counters type="Microsoft.VisualStudio.TestTools.Common.TestResultCounter"><values type="System.Int32">0,0,0,0,0,0,0,0,0,0,0,0,0,0</values><total type="System.Int32">1</total></counters><categoryId type="Microsoft.VisualStudio.TestTools.Common.TestCategoryId"><id type="System.Guid">8c84fa94-04c1-424b-9868-57a2d4851a1d</id></categoryId><outcome type="Microsoft.VisualStudio.TestTools.Common.TestOutcome"><value__ type="System.Int32">4</value__></outcome><errorInfo type="Microsoft.VisualStudio.TestTools.Common.TestResultErrorInfo"><message type="System.String">Assert.Inconclusive failed. Verify the correctness of this test method</message><stackTrace type="System.String">   at BrownShoe.UnitTests.Services.DataAccess.SysMonDBTest.Test_PayPal_SettlementTest()
</stackTrace></errorInfo><traceInfo type="Microsoft.VisualStudio.TestTools.Common.TestExecutionTraceInformation"><trace type="System.Text.StringBuilder">Creating instance of class BrownShoe.UnitTests.Services.DataAccess.SysMonDBTest.
Calling Test method BrownShoe.UnitTests.Services.DataAccess.SysMonDBTest.Microsoft.VisualStudio.TestTools.TestTypes.Unit.TestMethod.
</trace></traceInfo><stdout type="System.String" /><stderr type="System.String" /><debugTrace type="System.String" /><workItemIds type="System.Collections.Generic.List`1[[System.Int32, mscorlib, Version=2.0.0.0, Culture=neutral, PublicKeyToken=b77a5c561934e089]]"><_size type="System.Int32">0</_size><_version type="System.Int32">1</_version></workItemIds><id type="Microsoft.VisualStudio.TestTools.Common.TestResultId"><runId type="System.Guid">3d9a8baa-b9cb-4717-8a94-3c6445344217</runId><executionId type="Microsoft.VisualStudio.TestTools.Common.TestExecId"><id type="System.Guid">ea704bc8-480f-4e96-9cac-3d090d62a307</id></executionId><parentExecId type="Microsoft.VisualStudio.TestTools.Common.TestExecId"><id type="System.Guid">00000000-0000-0000-0000-000000000000</id></parentExecId><testId type="Microsoft.VisualStudio.TestTools.Common.TestId"><id type="System.Guid">ae7671d0-275e-4693-409d-1f5dc7993085</id></testId></id><testName type="System.String">Test_PayPal_SettlementTest</testName><testType type="Microsoft.VisualStudio.TestTools.Common.TestType"><id type="System.Guid">13cdc9d9-ddb5-4fa4-a97d-d965ccfc6d4b</id></testType><messageKind type="Microsoft.VisualStudio.TestTools.Common.TestMessageKind"><value__ type="System.Int32">1</value__></messageKind><computerInfo type="Microsoft.VisualStudio.TestTools.Common.ComputerInfo"><m_computerName type="System.String">ECDATA-TFS01</m_computerName></computerInfo><duration type="System.TimeSpan">00:00:00.0011913</duration><startTime type="System.DateTime"><dateData type="System.UInt64">633673774848284896</dateData></startTime><endTime type="System.DateTime"><dateData type="System.UInt64">633673774848441156</dateData></endTime><spoolMessage type="System.Boolean">True</spoolMessage></UnitTestResult><UnitTestResult type="Microsoft.VisualStudio.TestTools.TestTypes.Unit.UnitTestResult, Microsoft.VisualStudio.QualityTools.Tips.UnitTest.ObjectModel, Version=8.0.0.0, Culture=neutral, PublicKeyToken=b03f5f7f11d50a3a"><resultType type="Microsoft.VisualStudio.TestTools.TestTypes.Unit.UnitTestResultType, Microsoft.VisualStudio.QualityTools.Tips.UnitTest.ObjectModel, Version=8.0.0.0, Culture=neutral, PublicKeyToken=b03f5f7f11d50a3a"><value__ type="System.Int32">0</value__></resultType><m_hasSufficientAccess type="System.Boolean">True</m_hasSufficientAccess><counters type="Microsoft.VisualStudio.TestTools.Common.TestResultCounter"><values type="System.Int32">0,0,0,0,0,0,0,0,0,0,0,0,0,0</values><total type="System.Int32">1</total></counters><categoryId type="Microsoft.VisualStudio.TestTools.Common.TestCategoryId"><id type="System.Guid">8c84fa94-04c1-424b-9868-57a2d4851a1d</id></categoryId><outcome type="Microsoft.VisualStudio.TestTools.Common.TestOutcome"><value__ type="System.Int32">4</value__></outcome><errorInfo type="Microsoft.VisualStudio.TestTools.Common.TestResultErrorInfo"><message type="System.String">Assert.Inconclusive failed. Verify the correctness of this test method</message><stackTrace type="System.String">   at BrownShoe.UnitTests.Services.DataAccess.SysMonDBTest.Test_UPDatafeeds1Test()
</stackTrace></errorInfo><traceInfo type="Microsoft.VisualStudio.TestTools.Common.TestExecutionTraceInformation"><trace type="System.Text.StringBuilder">Creating instance of class BrownShoe.UnitTests.Services.DataAccess.SysMonDBTest.
Calling Test method BrownShoe.UnitTests.Services.DataAccess.SysMonDBTest.Microsoft.VisualStudio.TestTools.TestTypes.Unit.TestMethod.
</trace></traceInfo><stdout type="System.String" /><stderr type="System.String" /><debugTrace type="System.String" /><workItemIds type="System.Collections.Generic.List`1[[System.Int32, mscorlib, Version=2.0.0.0, Culture=neutral, PublicKeyToken=b77a5c561934e089]]"><_size type="System.Int32">0</_size><_version type="System.Int32">1</_version></workItemIds><id type="Microsoft.VisualStudio.TestTools.Common.TestResultId"><runId type="System.Guid">3d9a8baa-b9cb-4717-8a94-3c6445344217</runId><executionId type="Microsoft.VisualStudio.TestTools.Common.TestExecId"><id type="System.Guid">6f85f48e-a1d3-43ef-a5ea-1e4c4b830ebe</id></executionId><parentExecId type="Microsoft.VisualStudio.TestTools.Common.TestExecId"><id type="System.Guid">00000000-0000-0000-0000-000000000000</id></parentExecId><testId type="Microsoft.VisualStudio.TestTools.Common.TestId"><id type="System.Guid">c19420ac-942a-7879-d75c-0ebe87183c96</id></testId></id><testName type="System.String">Test_UPDatafeeds1Test</testName><testType type="Microsoft.VisualStudio.TestTools.Common.TestType"><id type="System.Guid">13cdc9d9-ddb5-4fa4-a97d-d965ccfc6d4b</id></testType><messageKind type="Microsoft.VisualStudio.TestTools.Common.TestMessageKind"><value__ type="System.Int32">1</value__></messageKind><computerInfo type="Microsoft.VisualStudio.TestTools.Common.ComputerInfo"><m_computerName type="System.String">ECDATA-TFS01</m_computerName></computerInfo><duration type="System.TimeSpan">00:00:00.0005795</duration><startTime type="System.DateTime"><dateData type="System.UInt64">633673774848441156</dateData></startTime><endTime type="System.DateTime"><dateData type="System.UInt64">633673774848441156</dateData></endTime><spoolMessage type="System.Boolean">True</spoolMessage></UnitTestResult><UnitTestResult type="Microsoft.VisualStudio.TestTools.TestTypes.Unit.UnitTestResult, Microsoft.VisualStudio.QualityTools.Tips.UnitTest.ObjectModel, Version=8.0.0.0, Culture=neutral, PublicKeyToken=b03f5f7f11d50a3a"><resultType type="Microsoft.VisualStudio.TestTools.TestTypes.Unit.UnitTestResultType, Microsoft.VisualStudio.QualityTools.Tips.UnitTest.ObjectModel, Version=8.0.0.0, Culture=neutral, PublicKeyToken=b03f5f7f11d50a3a"><value__ type="System.Int32">0</value__></resultType><m_hasSufficientAccess type="System.Boolean">True</m_hasSufficientAccess><counters type="Microsoft.VisualStudio.TestTools.Common.TestResultCounter"><values type="System.Int32">0,0,0,0,0,0,0,0,0,0,0,0,0,0</values><total type="System.Int32">1</total></counters><categoryId type="Microsoft.VisualStudio.TestTools.Common.TestCategoryId"><id type="System.Guid">8c84fa94-04c1-424b-9868-57a2d4851a1d</id></categoryId><outcome type="Microsoft.VisualStudio.TestTools.Common.TestOutcome"><value__ type="System.Int32">4</value__></outcome><errorInfo type="Microsoft.VisualStudio.TestTools.Common.TestResultErrorInfo"><message type="System.String">Assert.Inconclusive failed. Verify the correctness of this test method</message><stackTrace type="System.String">   at BrownShoe.UnitTests.Services.DataAccess.SysMonDBTest.Test_UpsTracking1Test()
</stackTrace></errorInfo><traceInfo type="Microsoft.VisualStudio.TestTools.Common.TestExecutionTraceInformation"><trace type="System.Text.StringBuilder">Creating instance of class BrownShoe.UnitTests.Services.DataAccess.SysMonDBTest.
Calling Test method BrownShoe.UnitTests.Services.DataAccess.SysMonDBTest.Microsoft.VisualStudio.TestTools.TestTypes.Unit.TestMethod.
</trace></traceInfo><stdout type="System.String" /><stderr type="System.String" /><debugTrace type="System.String" /><workItemIds type="System.Collections.Generic.List`1[[System.Int32, mscorlib, Version=2.0.0.0, Culture=neutral, PublicKeyToken=b77a5c561934e089]]"><_size type="System.Int32">0</_size><_version type="System.Int32">1</_version></workItemIds><id type="Microsoft.VisualStudio.TestTools.Common.TestResultId"><runId type="System.Guid">3d9a8baa-b9cb-4717-8a94-3c6445344217</runId><executionId type="Microsoft.VisualStudio.TestTools.Common.TestExecId"><id type="System.Guid">fa2db8a1-cf99-4cfd-be78-fdaf09a23859</id></executionId><parentExecId type="Microsoft.VisualStudio.TestTools.Common.TestExecId"><id type="System.Guid">00000000-0000-0000-0000-000000000000</id></parentExecId><testId type="Microsoft.VisualStudio.TestTools.Common.TestId"><id type="System.Guid">b508c652-663a-fa02-f327-ef1fd59f44d0</id></testId></id><testName type="System.String">Test_UpsTracking1Test</testName><testType type="Microsoft.VisualStudio.TestTools.Common.TestType"><id type="System.Guid">13cdc9d9-ddb5-4fa4-a97d-d965ccfc6d4b</id></testType><messageKind type="Microsoft.VisualStudio.TestTools.Common.TestMessageKind"><value__ type="System.Int32">1</value__></messageKind><computerInfo type="Microsoft.VisualStudio.TestTools.Common.ComputerInfo"><m_computerName type="System.String">ECDATA-TFS01</m_computerName></computerInfo><duration type="System.TimeSpan">00:00:00.0010441</duration><startTime type="System.DateTime"><dateData type="System.UInt64">633673774848441156</dateData></startTime><endTime type="System.DateTime"><dateData type="System.UInt64">633673774848441156</dateData></endTime><spoolMessage type="System.Boolean">True</spoolMessage></UnitTestResult><UnitTestResult type="Microsoft.VisualStudio.TestTools.TestTypes.Unit.UnitTestResult, Microsoft.VisualStudio.QualityTools.Tips.UnitTest.ObjectModel, Version=8.0.0.0, Culture=neutral, PublicKeyToken=b03f5f7f11d50a3a"><resultType type="Microsoft.VisualStudio.TestTools.TestTypes.Unit.UnitTestResultType, Microsoft.VisualStudio.QualityTools.Tips.UnitTest.ObjectModel, Version=8.0.0.0, Culture=neutral, PublicKeyToken=b03f5f7f11d50a3a"><value__ type="System.Int32">0</value__></resultType><m_hasSufficientAccess type="System.Boolean">True</m_hasSufficientAccess><counters type="Microsoft.VisualStudio.TestTools.Common.TestResultCounter"><values type="System.Int32">0,0,0,0,0,0,0,0,0,0,0,0,0,0</values><total type="System.Int32">1</total></counters><categoryId type="Microsoft.VisualStudio.TestTools.Common.TestCategoryId"><id type="System.Guid">8c84fa94-04c1-424b-9868-57a2d4851a1d</id></categoryId><outcome type="Microsoft.VisualStudio.TestTools.Common.TestOutcome"><value__ type="System.Int32">4</value__></outcome><errorInfo type="Microsoft.VisualStudio.TestTools.Common.TestResultErrorInfo"><message type="System.String">Assert.Inconclusive failed. Verify the correctness of this test method</message><stackTrace type="System.String">   at BrownShoe.UnitTests.Services.DataAccess.SysMonDBTest.Test_YesMailTest()
</stackTrace></errorInfo><traceInfo type="Microsoft.VisualStudio.TestTools.Common.TestExecutionTraceInformation"><trace type="System.Text.StringBuilder">Creating instance of class BrownShoe.UnitTests.Services.DataAccess.SysMonDBTest.
Calling Test method BrownShoe.UnitTests.Services.DataAccess.SysMonDBTest.Microsoft.VisualStudio.TestTools.TestTypes.Unit.TestMethod.
</trace></traceInfo><stdout type="System.String" /><stderr type="System.String" /><debugTrace type="System.String" /><workItemIds type="System.Collections.Generic.List`1[[System.Int32, mscorlib, Version=2.0.0.0, Culture=neutral, PublicKeyToken=b77a5c561934e089]]"><_size type="System.Int32">0</_size><_version type="System.Int32">1</_version></workItemIds><id type="Microsoft.VisualStudio.TestTools.Common.TestResultId"><runId type="System.Guid">3d9a8baa-b9cb-4717-8a94-3c6445344217</runId><executionId type="Microsoft.VisualStudio.TestTools.Common.TestExecId"><id type="System.Guid">14d628e1-cb3d-4648-9a9e-727ca20f6397</id></executionId><parentExecId type="Microsoft.VisualStudio.TestTools.Common.TestExecId"><id type="System.Guid">00000000-0000-0000-0000-000000000000</id></parentExecId><testId type="Microsoft.VisualStudio.TestTools.Common.TestId"><id type="System.Guid">81b1478a-3296-436e-1695-d7294afab6c8</id></testId></id><testName type="System.String">Test_YesMailTest</testName><testType type="Microsoft.VisualStudio.TestTools.Common.TestType"><id type="System.Guid">13cdc9d9-ddb5-4fa4-a97d-d965ccfc6d4b</id></testType><messageKind type="Microsoft.VisualStudio.TestTools.Common.TestMessageKind"><value__ type="System.Int32">1</value__></messageKind><computerInfo type="Microsoft.VisualStudio.TestTools.Common.ComputerInfo"><m_computerName type="System.String">ECDATA-TFS01</m_computerName></computerInfo><duration type="System.TimeSpan">00:00:00.0005902</duration><startTime type="System.DateTime"><dateData type="System.UInt64">633673774848441156</dateData></startTime><endTime type="System.DateTime"><dateData type="System.UInt64">633673774848597416</dateData></endTime><spoolMessage type="System.Boolean">True</spoolMessage></UnitTestResult><UnitTestResult type="Microsoft.VisualStudio.TestTools.TestTypes.Unit.UnitTestResult, Microsoft.VisualStudio.QualityTools.Tips.UnitTest.ObjectModel, Version=8.0.0.0, Culture=neutral, PublicKeyToken=b03f5f7f11d50a3a"><resultType type="Microsoft.VisualStudio.TestTools.TestTypes.Unit.UnitTestResultType, Microsoft.VisualStudio.QualityTools.Tips.UnitTest.ObjectModel, Version=8.0.0.0, Culture=neutral, PublicKeyToken=b03f5f7f11d50a3a"><value__ type="System.Int32">0</value__></resultType><m_hasSufficientAccess type="System.Boolean">True</m_hasSufficientAccess><counters type="Microsoft.VisualStudio.TestTools.Common.TestResultCounter"><values type="System.Int32">0,0,0,0,0,0,0,0,0,0,0,0,0,0</values><total type="System.Int32">1</total></counters><categoryId type="Microsoft.VisualStudio.TestTools.Common.TestCategoryId"><id type="System.Guid">8c84fa94-04c1-424b-9868-57a2d4851a1d</id></categoryId><outcome type="Microsoft.VisualStudio.TestTools.Common.TestOutcome"><value__ type="System.Int32">4</value__></outcome><errorInfo type="Microsoft.VisualStudio.TestTools.Common.TestResultErrorInfo"><message type="System.String">Assert.Inconclusive failed. Verify the correctness of this test method</message><stackTrace type="System.String">   at BrownShoe.UnitTests.Services.Email.CSCatalogEmailTemplateProviderTest.GetTemplateInfoListTest()
</stackTrace></errorInfo><traceInfo type="Microsoft.VisualStudio.TestTools.Common.TestExecutionTraceInformation"><trace type="System.Text.StringBuilder">Creating instance of class BrownShoe.UnitTests.Services.Email.CSCatalogEmailTemplateProviderTest.
Calling Test method BrownShoe.UnitTests.Services.Email.CSCatalogEmailTemplateProviderTest.Microsoft.VisualStudio.TestTools.TestTypes.Unit.TestMethod.
</trace></traceInfo><stdout type="System.String" /><stderr type="System.String" /><debugTrace type="System.String" /><workItemIds type="System.Collections.Generic.List`1[[System.Int32, mscorlib, Version=2.0.0.0, Culture=neutral, PublicKeyToken=b77a5c561934e089]]"><_size type="System.Int32">0</_size><_version type="System.Int32">1</_version></workItemIds><id type="Microsoft.VisualStudio.TestTools.Common.TestResultId"><runId type="System.Guid">3d9a8baa-b9cb-4717-8a94-3c6445344217</runId><executionId type="Microsoft.VisualStudio.TestTools.Common.TestExecId"><id type="System.Guid">83860dba-2e6e-4aed-8597-c17a8e9e9f9e</id></executionId><parentExecId type="Microsoft.VisualStudio.TestTools.Common.TestExecId"><id type="System.Guid">00000000-0000-0000-0000-000000000000</id></parentExecId><testId type="Microsoft.VisualStudio.TestTools.Common.TestId"><id type="System.Guid">d18a85c1-f712-45af-6eae-3a802a8ea095</id></testId></id><testName type="System.String">GetTemplateInfoListTest</testName><testType type="Microsoft.VisualStudio.TestTools.Common.TestType"><id type="System.Guid">13cdc9d9-ddb5-4fa4-a97d-d965ccfc6d4b</id></testType><messageKind type="Microsoft.VisualStudio.TestTools.Common.TestMessageKind"><value__ type="System.Int32">1</value__></messageKind><computerInfo type="Microsoft.VisualStudio.TestTools.Common.ComputerInfo"><m_computerName type="System.String">ECDATA-TFS01</m_computerName></computerInfo><duration type="System.TimeSpan">00:00:00.0011356</duration><startTime type="System.DateTime"><dateData type="System.UInt64">633673774848597416</dateData></startTime><endTime type="System.DateTime"><dateData type="System.UInt64">633673774848597416</dateData></endTime><spoolMessage type="System.Boolean">True</spoolMessage></UnitTestResult><UnitTestResult type="Microsoft.VisualStudio.TestTools.TestTypes.Unit.UnitTestResult, Microsoft.VisualStudio.QualityTools.Tips.UnitTest.ObjectModel, Version=8.0.0.0, Culture=neutral, PublicKeyToken=b03f5f7f11d50a3a"><resultType type="Microsoft.VisualStudio.TestTools.TestTypes.Unit.UnitTestResultType, Microsoft.VisualStudio.QualityTools.Tips.UnitTest.ObjectModel, Version=8.0.0.0, Culture=neutral, PublicKeyToken=b03f5f7f11d50a3a"><value__ type="System.Int32">0</value__></resultType><m_hasSufficientAccess type="System.Boolean">True</m_hasSufficientAccess><counters type="Microsoft.VisualStudio.TestTools.Common.TestResultCounter"><values type="System.Int32">0,0,0,0,0,0,0,0,0,0,0,0,0,0</values><total type="System.Int32">1</total></counters><categoryId type="Microsoft.VisualStudio.TestTools.Common.TestCategoryId"><id type="System.Guid">8c84fa94-04c1-424b-9868-57a2d4851a1d</id></categoryId><outcome type="Microsoft.VisualStudio.TestTools.Common.TestOutcome"><value__ type="System.Int32">4</value__></outcome><errorInfo type="Microsoft.VisualStudio.TestTools.Common.TestResultErrorInfo"><message type="System.String">Assert.Inconclusive failed. Verify the correctness of this test method</message><stackTrace type="System.String">   at BrownShoe.UnitTests.Services.Email.CSCatalogEmailTemplateProviderTest.GetTemplateTest()
</stackTrace></errorInfo><traceInfo type="Microsoft.VisualStudio.TestTools.Common.TestExecutionTraceInformation"><trace type="System.Text.StringBuilder">Creating instance of class BrownShoe.UnitTests.Services.Email.CSCatalogEmailTemplateProviderTest.
Calling Test method BrownShoe.UnitTests.Services.Email.CSCatalogEmailTemplateProviderTest.Microsoft.VisualStudio.TestTools.TestTypes.Unit.TestMethod.
</trace></traceInfo><stdout type="System.String" /><stderr type="System.String" /><debugTrace type="System.String" /><workItemIds type="System.Collections.Generic.List`1[[System.Int32, mscorlib, Version=2.0.0.0, Culture=neutral, PublicKeyToken=b77a5c561934e089]]"><_size type="System.Int32">0</_size><_version type="System.Int32">1</_version></workItemIds><id type="Microsoft.VisualStudio.TestTools.Common.TestResultId"><runId type="System.Guid">3d9a8baa-b9cb-4717-8a94-3c6445344217</runId><executionId type="Microsoft.VisualStudio.TestTools.Common.TestExecId"><id type="System.Guid">59c7dade-c009-4a23-90b7-dfbb0680f2f9</id></executionId><parentExecId type="Microsoft.VisualStudio.TestTools.Common.TestExecId"><id type="System.Guid">00000000-0000-0000-0000-000000000000</id></parentExecId><testId type="Microsoft.VisualStudio.TestTools.Common.TestId"><id type="System.Guid">f8fc8ea6-1c1a-8d46-6d8b-54b01bfd5ded</id></testId></id><testName type="System.String">GetTemplateTest</testName><testType type="Microsoft.VisualStudio.TestTools.Common.TestType"><id type="System.Guid">13cdc9d9-ddb5-4fa4-a97d-d965ccfc6d4b</id></testType><messageKind type="Microsoft.VisualStudio.TestTools.Common.TestMessageKind"><value__ type="System.Int32">1</value__></messageKind><computerInfo type="Microsoft.VisualStudio.TestTools.Common.ComputerInfo"><m_computerName type="System.String">ECDATA-TFS01</m_computerName></computerInfo><duration type="System.TimeSpan">00:00:00.0009542</duration><startTime type="System.DateTime"><dateData type="System.UInt64">633673774848597416</dateData></startTime><endTime type="System.DateTime"><dateData type="System.UInt64">633673774848753676</dateData></endTime><spoolMessage type="System.Boolean">True</spoolMessage></UnitTestResult><UnitTestResult type="Microsoft.VisualStudio.TestTools.TestTypes.Unit.UnitTestResult, Microsoft.VisualStudio.QualityTools.Tips.UnitTest.ObjectModel, Version=8.0.0.0, Culture=neutral, PublicKeyToken=b03f5f7f11d50a3a"><resultType type="Microsoft.VisualStudio.TestTools.TestTypes.Unit.UnitTestResultType, Microsoft.VisualStudio.QualityTools.Tips.UnitTest.ObjectModel, Version=8.0.0.0, Culture=neutral, PublicKeyToken=b03f5f7f11d50a3a"><value__ type="System.Int32">0</value__></resultType><m_hasSufficientAccess type="System.Boolean">True</m_hasSufficientAccess><counters type="Microsoft.VisualStudio.TestTools.Common.TestResultCounter"><values type="System.Int32">0,0,0,0,0,0,0,0,0,0,0,0,0,0</values><total type="System.Int32">1</total></counters><categoryId type="Microsoft.VisualStudio.TestTools.Common.TestCategoryId"><id type="System.Guid">8c84fa94-04c1-424b-9868-57a2d4851a1d</id></categoryId><outcome type="Microsoft.VisualStudio.TestTools.Common.TestOutcome"><value__ type="System.Int32">4</value__></outcome><errorInfo type="Microsoft.VisualStudio.TestTools.Common.TestResultErrorInfo"><message type="System.String">Assert.Inconclusive failed. Verify the correctness of this test method</message><stackTrace type="System.String">   at BrownShoe.UnitTests.Services.Email.EmailEnrollmentServiceTest.CreateTest()
</stackTrace></errorInfo><traceInfo type="Microsoft.VisualStudio.TestTools.Common.TestExecutionTraceInformation"><trace type="System.Text.StringBuilder">Creating instance of class BrownShoe.UnitTests.Services.Email.EmailEnrollmentServiceTest.
Calling Test method BrownShoe.UnitTests.Services.Email.EmailEnrollmentServiceTest.Microsoft.VisualStudio.TestTools.TestTypes.Unit.TestMethod.
</trace></traceInfo><stdout type="System.String" /><stderr type="System.String" /><debugTrace type="System.String" /><workItemIds type="System.Collections.Generic.List`1[[System.Int32, mscorlib, Version=2.0.0.0, Culture=neutral, PublicKeyToken=b77a5c561934e089]]"><_size type="System.Int32">0</_size><_version type="System.Int32">1</_version></workItemIds><id type="Microsoft.VisualStudio.TestTools.Common.TestResultId"><runId type="System.Guid">3d9a8baa-b9cb-4717-8a94-3c6445344217</runId><executionId type="Microsoft.VisualStudio.TestTools.Common.TestExecId"><id type="System.Guid">db72db7d-2971-49bb-b52c-1d13eeff49a1</id></executionId><parentExecId type="Microsoft.VisualStudio.TestTools.Common.TestExecId"><id type="System.Guid">00000000-0000-0000-0000-000000000000</id></parentExecId><testId type="Microsoft.VisualStudio.TestTools.Common.TestId"><id type="System.Guid">926e908e-06db-5ceb-9ab7-eda6ecf7e273</id></testId></id><testName type="System.String">CreateTest</testName><testType type="Microsoft.VisualStudio.TestTools.Common.TestType"><id type="System.Guid">13cdc9d9-ddb5-4fa4-a97d-d965ccfc6d4b</id></testType><messageKind type="Microsoft.VisualStudio.TestTools.Common.TestMessageKind"><value__ type="System.Int32">1</value__></messageKind><computerInfo type="Microsoft.VisualStudio.TestTools.Common.ComputerInfo"><m_computerName type="System.String">ECDATA-TFS01</m_computerName></computerInfo><duration type="System.TimeSpan">00:00:00.0012226</duration><startTime type="System.DateTime"><dateData type="System.UInt64">633673774848753676</dateData></startTime><endTime type="System.DateTime"><dateData type="System.UInt64">633673774848753676</dateData></endTime><spoolMessage type="System.Boolean">True</spoolMessage></UnitTestResult><UnitTestResult type="Microsoft.VisualStudio.TestTools.TestTypes.Unit.UnitTestResult, Microsoft.VisualStudio.QualityTools.Tips.UnitTest.ObjectModel, Version=8.0.0.0, Culture=neutral, PublicKeyToken=b03f5f7f11d50a3a"><resultType type="Microsoft.VisualStudio.TestTools.TestTypes.Unit.UnitTestResultType, Microsoft.VisualStudio.QualityTools.Tips.UnitTest.ObjectModel, Version=8.0.0.0, Culture=neutral, PublicKeyToken=b03f5f7f11d50a3a"><value__ type="System.Int32">0</value__></resultType><m_hasSufficientAccess type="System.Boolean">True</m_hasSufficientAccess><counters type="Microsoft.VisualStudio.TestTools.Common.TestResultCounter"><values type="System.Int32">0,0,0,0,0,0,0,0,0,0,0,0,0,0</values><total type="System.Int32">1</total></counters><categoryId type="Microsoft.VisualStudio.TestTools.Common.TestCategoryId"><id type="System.Guid">8c84fa94-04c1-424b-9868-57a2d4851a1d</id></categoryId><outcome type="Microsoft.VisualStudio.TestTools.Common.TestOutcome"><value__ type="System.Int32">4</value__></outcome><errorInfo type="Microsoft.VisualStudio.TestTools.Common.TestResultErrorInfo"><message type="System.String">Assert.Inconclusive failed. Verify the correctness of this test method</message><stackTrace type="System.String">   at BrownShoe.UnitTests.Services.Email.EmailEnrollmentServiceTest.ReadTest()
</stackTrace></errorInfo><traceInfo type="Microsoft.VisualStudio.TestTools.Common.TestExecutionTraceInformation"><trace type="System.Text.StringBuilder">Creating instance of class BrownShoe.UnitTests.Services.Email.EmailEnrollmentServiceTest.
Calling Test method BrownShoe.UnitTests.Services.Email.EmailEnrollmentServiceTest.Microsoft.VisualStudio.TestTools.TestTypes.Unit.TestMethod.
</trace></traceInfo><stdout type="System.String" /><stderr type="System.String" /><debugTrace type="System.String" /><workItemIds type="System.Collections.Generic.List`1[[System.Int32, mscorlib, Version=2.0.0.0, Culture=neutral, PublicKeyToken=b77a5c561934e089]]"><_size type="System.Int32">0</_size><_version type="System.Int32">1</_version></workItemIds><id type="Microsoft.VisualStudio.TestTools.Common.TestResultId"><runId type="System.Guid">3d9a8baa-b9cb-4717-8a94-3c6445344217</runId><executionId type="Microsoft.VisualStudio.TestTools.Common.TestExecId"><id type="System.Guid">ef632308-bf44-4c47-8a32-d32699f3132d</id></executionId><parentExecId type="Microsoft.VisualStudio.TestTools.Common.TestExecId"><id type="System.Guid">00000000-0000-0000-0000-000000000000</id></parentExecId><testId type="Microsoft.VisualStudio.TestTools.Common.TestId"><id type="System.Guid">373e3d98-8806-7398-7a84-048c5a8acbdf</id></testId></id><testName type="System.String">ReadTest</testName><testType type="Microsoft.VisualStudio.TestTools.Common.TestType"><id type="System.Guid">13cdc9d9-ddb5-4fa4-a97d-d965ccfc6d4b</id></testType><messageKind type="Microsoft.VisualStudio.TestTools.Common.TestMessageKind"><value__ type="System.Int32">1</value__></messageKind><computerInfo type="Microsoft.VisualStudio.TestTools.Common.ComputerInfo"><m_computerName type="System.String">ECDATA-TFS01</m_computerName></computerInfo><duration type="System.TimeSpan">00:00:00.0005979</duration><startTime type="System.DateTime"><dateData type="System.UInt64">633673774848753676</dateData></startTime><endTime type="System.DateTime"><dateData type="System.UInt64">633673774848753676</dateData></endTime><spoolMessage type="System.Boolean">True</spoolMessage></UnitTestResult><UnitTestResult type="Microsoft.VisualStudio.TestTools.TestTypes.Unit.UnitTestResult, Microsoft.VisualStudio.QualityTools.Tips.UnitTest.ObjectModel, Version=8.0.0.0, Culture=neutral, PublicKeyToken=b03f5f7f11d50a3a"><resultType type="Microsoft.VisualStudio.TestTools.TestTypes.Unit.UnitTestResultType, Microsoft.VisualStudio.QualityTools.Tips.UnitTest.ObjectModel, Version=8.0.0.0, Culture=neutral, PublicKeyToken=b03f5f7f11d50a3a"><value__ type="System.Int32">0</value__></resultType><m_hasSufficientAccess type="System.Boolean">True</m_hasSufficientAccess><counters type="Microsoft.VisualStudio.TestTools.Common.TestResultCounter"><values type="System.Int32">0,0,0,0,0,0,0,0,0,0,0,0,0,0</values><total type="System.Int32">1</total></counters><categoryId type="Microsoft.VisualStudio.TestTools.Common.TestCategoryId"><id type="System.Guid">8c84fa94-04c1-424b-9868-57a2d4851a1d</id></categoryId><outcome type="Microsoft.VisualStudio.TestTools.Common.TestOutcome"><value__ type="System.Int32">4</value__></outcome><errorInfo type="Microsoft.VisualStudio.TestTools.Common.TestResultErrorInfo"><message type="System.String">Assert.Inconclusive failed. Verify the correctness of this test method</message><stackTrace type="System.String">   at BrownShoe.UnitTests.Services.Email.EmailEnrollmentServiceTest.ToggleRegistrationTest()
</stackTrace></errorInfo><traceInfo type="Microsoft.VisualStudio.TestTools.Common.TestExecutionTraceInformation"><trace type="System.Text.StringBuilder">Creating instance of class BrownShoe.UnitTests.Services.Email.EmailEnrollmentServiceTest.
Calling Test method BrownShoe.UnitTests.Services.Email.EmailEnrollmentServiceTest.Microsoft.VisualStudio.TestTools.TestTypes.Unit.TestMethod.
</trace></traceInfo><stdout type="System.String" /><stderr type="System.String" /><debugTrace type="System.String" /><workItemIds type="System.Collections.Generic.List`1[[System.Int32, mscorlib, Version=2.0.0.0, Culture=neutral, PublicKeyToken=b77a5c561934e089]]"><_size type="System.Int32">0</_size><_version type="System.Int32">1</_version></workItemIds><id type="Microsoft.VisualStudio.TestTools.Common.TestResultId"><runId type="System.Guid">3d9a8baa-b9cb-4717-8a94-3c6445344217</runId><executionId type="Microsoft.VisualStudio.TestTools.Common.TestExecId"><id type="System.Guid">0608b55f-0b43-49de-946d-4dc8bb0a40ff</id></executionId><parentExecId type="Microsoft.VisualStudio.TestTools.Common.TestExecId"><id type="System.Guid">00000000-0000-0000-0000-000000000000</id></parentExecId><testId type="Microsoft.VisualStudio.TestTools.Common.TestId"><id type="System.Guid">ddf4ee9a-2c6b-ab4f-39b4-419b81e08971</id></testId></id><testName type="System.String">ToggleRegistrationTest</testName><testType type="Microsoft.VisualStudio.TestTools.Common.TestType"><id type="System.Guid">13cdc9d9-ddb5-4fa4-a97d-d965ccfc6d4b</id></testType><messageKind type="Microsoft.VisualStudio.TestTools.Common.TestMessageKind"><value__ type="System.Int32">1</value__></messageKind><computerInfo type="Microsoft.VisualStudio.TestTools.Common.ComputerInfo"><m_computerName type="System.String">ECDATA-TFS01</m_computerName></computerInfo><duration type="System.TimeSpan">00:00:00.0010123</duration><startTime type="System.DateTime"><dateData type="System.UInt64">633673774848753676</dateData></startTime><endTime type="System.DateTime"><dateData type="System.UInt64">633673774848909936</dateData></endTime><spoolMessage type="System.Boolean">True</spoolMessage></UnitTestResult><UnitTestResult type="Microsoft.VisualStudio.TestTools.TestTypes.Unit.UnitTestResult, Microsoft.VisualStudio.QualityTools.Tips.UnitTest.ObjectModel, Version=8.0.0.0, Culture=neutral, PublicKeyToken=b03f5f7f11d50a3a"><resultType type="Microsoft.VisualStudio.TestTools.TestTypes.Unit.UnitTestResultType, Microsoft.VisualStudio.QualityTools.Tips.UnitTest.ObjectModel, Version=8.0.0.0, Culture=neutral, PublicKeyToken=b03f5f7f11d50a3a"><value__ type="System.Int32">0</value__></resultType><m_hasSufficientAccess type="System.Boolean">True</m_hasSufficientAccess><counters type="Microsoft.VisualStudio.TestTools.Common.TestResultCounter"><values type="System.Int32">0,0,0,0,0,0,0,0,0,0,0,0,0,0</values><total type="System.Int32">1</total></counters><categoryId type="Microsoft.VisualStudio.TestTools.Common.TestCategoryId"><id type="System.Guid">8c84fa94-04c1-424b-9868-57a2d4851a1d</id></categoryId><outcome type="Microsoft.VisualStudio.TestTools.Common.TestOutcome"><value__ type="System.Int32">4</value__></outcome><errorInfo type="Microsoft.VisualStudio.TestTools.Common.TestResultErrorInfo"><message type="System.String">Assert.Inconclusive failed. Verify the correctness of this test method</message><stackTrace type="System.String">   at BrownShoe.UnitTests.Services.Email.EmailEnrollmentServiceTest.UpdateTest()
</stackTrace></errorInfo><traceInfo type="Microsoft.VisualStudio.TestTools.Common.TestExecutionTraceInformation"><trace type="System.Text.StringBuilder">Creating instance of class BrownShoe.UnitTests.Services.Email.EmailEnrollmentServiceTest.
Calling Test method BrownShoe.UnitTests.Services.Email.EmailEnrollmentServiceTest.Microsoft.VisualStudio.TestTools.TestTypes.Unit.TestMethod.
</trace></traceInfo><stdout type="System.String" /><stderr type="System.String" /><debugTrace type="System.String" /><workItemIds type="System.Collections.Generic.List`1[[System.Int32, mscorlib, Version=2.0.0.0, Culture=neutral, PublicKeyToken=b77a5c561934e089]]"><_size type="System.Int32">0</_size><_version type="System.Int32">1</_version></workItemIds><id type="Microsoft.VisualStudio.TestTools.Common.TestResultId"><runId type="System.Guid">3d9a8baa-b9cb-4717-8a94-3c6445344217</runId><executionId type="Microsoft.VisualStudio.TestTools.Common.TestExecId"><id type="System.Guid">1bf990e9-5ccb-41a6-b38a-a7f8e363c8b4</id></executionId><parentExecId type="Microsoft.VisualStudio.TestTools.Common.TestExecId"><id type="System.Guid">00000000-0000-0000-0000-000000000000</id></parentExecId><testId type="Microsoft.VisualStudio.TestTools.Common.TestId"><id type="System.Guid">7f4f55bf-09e6-8ddb-d0b2-3dfa226c5a50</id></testId></id><testName type="System.String">UpdateTest</testName><testType type="Microsoft.VisualStudio.TestTools.Common.TestType"><id type="System.Guid">13cdc9d9-ddb5-4fa4-a97d-d965ccfc6d4b</id></testType><messageKind type="Microsoft.VisualStudio.TestTools.Common.TestMessageKind"><value__ type="System.Int32">1</value__></messageKind><computerInfo type="Microsoft.VisualStudio.TestTools.Common.ComputerInfo"><m_computerName type="System.String">ECDATA-TFS01</m_computerName></computerInfo><duration type="System.TimeSpan">00:00:00.0005976</duration><startTime type="System.DateTime"><dateData type="System.UInt64">633673774848909936</dateData></startTime><endTime type="System.DateTime"><dateData type="System.UInt64">633673774848909936</dateData></endTime><spoolMessage type="System.Boolean">True</spoolMessage></UnitTestResult><UnitTestResult type="Microsoft.VisualStudio.TestTools.TestTypes.Unit.UnitTestResult, Microsoft.VisualStudio.QualityTools.Tips.UnitTest.ObjectModel, Version=8.0.0.0, Culture=neutral, PublicKeyToken=b03f5f7f11d50a3a"><resultType type="Microsoft.VisualStudio.TestTools.TestTypes.Unit.UnitTestResultType, Microsoft.VisualStudio.QualityTools.Tips.UnitTest.ObjectModel, Version=8.0.0.0, Culture=neutral, PublicKeyToken=b03f5f7f11d50a3a"><value__ type="System.Int32">0</value__></resultType><m_hasSufficientAccess type="System.Boolean">True</m_hasSufficientAccess><counters type="Microsoft.VisualStudio.TestTools.Common.TestResultCounter"><values type="System.Int32">0,0,0,0,0,0,0,0,0,0,0,0,0,0</values><total type="System.Int32">1</total></counters><categoryId type="Microsoft.VisualStudio.TestTools.Common.TestCategoryId"><id type="System.Guid">8c84fa94-04c1-424b-9868-57a2d4851a1d</id></categoryId><outcome type="Microsoft.VisualStudio.TestTools.Common.TestOutcome"><value__ type="System.Int32">4</value__></outcome><errorInfo type="Microsoft.VisualStudio.TestTools.Common.TestResultErrorInfo"><message type="System.String">Assert.Inconclusive failed. Verify the correctness of this test method</message><stackTrace type="System.String">   at BrownShoe.UnitTests.Services.Email.EmailServiceTest.SendTest()
</stackTrace></errorInfo><traceInfo type="Microsoft.VisualStudio.TestTools.Common.TestExecutionTraceInformation"><trace type="System.Text.StringBuilder">Creating instance of class BrownShoe.UnitTests.Services.Email.EmailServiceTest.
Calling Test method BrownShoe.UnitTests.Services.Email.EmailServiceTest.Microsoft.VisualStudio.TestTools.TestTypes.Unit.TestMethod.
</trace></traceInfo><stdout type="System.String" /><stderr type="System.String" /><debugTrace type="System.String" /><workItemIds type="System.Collections.Generic.List`1[[System.Int32, mscorlib, Version=2.0.0.0, Culture=neutral, PublicKeyToken=b77a5c561934e089]]"><_size type="System.Int32">0</_size><_version type="System.Int32">1</_version></workItemIds><id type="Microsoft.VisualStudio.TestTools.Common.TestResultId"><runId type="System.Guid">3d9a8baa-b9cb-4717-8a94-3c6445344217</runId><executionId type="Microsoft.VisualStudio.TestTools.Common.TestExecId"><id type="System.Guid">20d40875-41e8-406a-908a-3bcaa43425a0</id></executionId><parentExecId type="Microsoft.VisualStudio.TestTools.Common.TestExecId"><id type="System.Guid">00000000-0000-0000-0000-000000000000</id></parentExecId><testId type="Microsoft.VisualStudio.TestTools.Common.TestId"><id type="System.Guid">1a524ff1-b1b2-c20b-a024-392a85900da6</id></testId></id><testName type="System.String">SendTest</testName><testType type="Microsoft.VisualStudio.TestTools.Common.TestType"><id type="System.Guid">13cdc9d9-ddb5-4fa4-a97d-d965ccfc6d4b</id></testType><messageKind type="Microsoft.VisualStudio.TestTools.Common.TestMessageKind"><value__ type="System.Int32">1</value__></messageKind><computerInfo type="Microsoft.VisualStudio.TestTools.Common.ComputerInfo"><m_computerName type="System.String">ECDATA-TFS01</m_computerName></computerInfo><duration type="System.TimeSpan">00:00:00.0012159</duration><startTime type="System.DateTime"><dateData type="System.UInt64">633673774848909936</dateData></startTime><endTime type="System.DateTime"><dateData type="System.UInt64">633673774849066196</dateData></endTime><spoolMessage type="System.Boolean">True</spoolMessage></UnitTestResult><UnitTestResult type="Microsoft.VisualStudio.TestTools.TestTypes.Unit.UnitTestResult, Microsoft.VisualStudio.QualityTools.Tips.UnitTest.ObjectModel, Version=8.0.0.0, Culture=neutral, PublicKeyToken=b03f5f7f11d50a3a"><resultType type="Microsoft.VisualStudio.TestTools.TestTypes.Unit.UnitTestResultType, Microsoft.VisualStudio.QualityTools.Tips.UnitTest.ObjectModel, Version=8.0.0.0, Culture=neutral, PublicKeyToken=b03f5f7f11d50a3a"><value__ type="System.Int32">0</value__></resultType><m_hasSufficientAccess type="System.Boolean">True</m_hasSufficientAccess><counters type="Microsoft.VisualStudio.TestTools.Common.TestResultCounter"><values type="System.Int32">0,0,0,0,0,0,0,0,0,0,0,0,0,0</values><total type="System.Int32">1</total></counters><categoryId type="Microsoft.VisualStudio.TestTools.Common.TestCategoryId"><id type="System.Guid">8c84fa94-04c1-424b-9868-57a2d4851a1d</id></categoryId><outcome type="Microsoft.VisualStudio.TestTools.Common.TestOutcome"><value__ type="System.Int32">4</value__></outcome><errorInfo type="Microsoft.VisualStudio.TestTools.Common.TestResultErrorInfo"><message type="System.String">Assert.Inconclusive failed. Verify the correctness of this test method</message><stackTrace type="System.String">   at BrownShoe.UnitTests.Services.Endeca.EndecaServiceTest.GetNValueDescTest()
</stackTrace></errorInfo><traceInfo type="Microsoft.VisualStudio.TestTools.Common.TestExecutionTraceInformation"><trace type="System.Text.StringBuilder">Creating instance of class BrownShoe.UnitTests.Services.Endeca.EndecaServiceTest.
Calling Test method BrownShoe.UnitTests.Services.Endeca.EndecaServiceTest.Microsoft.VisualStudio.TestTools.TestTypes.Unit.TestMethod.
</trace></traceInfo><stdout type="System.String" /><stderr type="System.String" /><debugTrace type="System.String" /><workItemIds type="System.Collections.Generic.List`1[[System.Int32, mscorlib, Version=2.0.0.0, Culture=neutral, PublicKeyToken=b77a5c561934e089]]"><_size type="System.Int32">0</_size><_version type="System.Int32">1</_version></workItemIds><id type="Microsoft.VisualStudio.TestTools.Common.TestResultId"><runId type="System.Guid">3d9a8baa-b9cb-4717-8a94-3c6445344217</runId><executionId type="Microsoft.VisualStudio.TestTools.Common.TestExecId"><id type="System.Guid">067ec920-9dfa-43f0-8069-d23df4e43482</id></executionId><parentExecId type="Microsoft.VisualStudio.TestTools.Common.TestExecId"><id type="System.Guid">00000000-0000-0000-0000-000000000000</id></parentExecId><testId type="Microsoft.VisualStudio.TestTools.Common.TestId"><id type="System.Guid">0d9bd82f-30c4-c692-4c2f-2849754c9c58</id></testId></id><testName type="System.String">GetNValueDescTest</testName><testType type="Microsoft.VisualStudio.TestTools.Common.TestType"><id type="System.Guid">13cdc9d9-ddb5-4fa4-a97d-d965ccfc6d4b</id></testType><messageKind type="Microsoft.VisualStudio.TestTools.Common.TestMessageKind"><value__ type="System.Int32">1</value__></messageKind><computerInfo type="Microsoft.VisualStudio.TestTools.Common.ComputerInfo"><m_computerName type="System.String">ECDATA-TFS01</m_computerName></computerInfo><duration type="System.TimeSpan">00:00:00.0008439</duration><startTime type="System.DateTime"><dateData type="System.UInt64">633673774849066196</dateData></startTime><endTime type="System.DateTime"><dateData type="System.UInt64">633673774849066196</dateData></endTime><spoolMessage type="System.Boolean">True</spoolMessage></UnitTestResult><UnitTestResult type="Microsoft.VisualStudio.TestTools.TestTypes.Unit.UnitTestResult, Microsoft.VisualStudio.QualityTools.Tips.UnitTest.ObjectModel, Version=8.0.0.0, Culture=neutral, PublicKeyToken=b03f5f7f11d50a3a"><resultType type="Microsoft.VisualStudio.TestTools.TestTypes.Unit.UnitTestResultType, Microsoft.VisualStudio.QualityTools.Tips.UnitTest.ObjectModel, Version=8.0.0.0, Culture=neutral, PublicKeyToken=b03f5f7f11d50a3a"><value__ type="System.Int32">0</value__></resultType><m_hasSufficientAccess type="System.Boolean">True</m_hasSufficientAccess><counters type="Microsoft.VisualStudio.TestTools.Common.TestResultCounter"><values type="System.Int32">0,0,0,0,0,0,0,0,0,0,0,0,0,0</values><total type="System.Int32">1</total></counters><categoryId type="Microsoft.VisualStudio.TestTools.Common.TestCategoryId"><id type="System.Guid">8c84fa94-04c1-424b-9868-57a2d4851a1d</id></categoryId><outcome type="Microsoft.VisualStudio.TestTools.Common.TestOutcome"><value__ type="System.Int32">4</value__></outcome><errorInfo type="Microsoft.VisualStudio.TestTools.Common.TestResultErrorInfo"><message type="System.String">Assert.Inconclusive failed. Verify the correctness of this test method</message><stackTrace type="System.String">   at BrownShoe.UnitTests.Services.Endeca.EndecaServiceTest.SearchAgainstDimensionsOnlyTest()
</stackTrace></errorInfo><traceInfo type="Microsoft.VisualStudio.TestTools.Common.TestExecutionTraceInformation"><trace type="System.Text.StringBuilder">Creating instance of class BrownShoe.UnitTests.Services.Endeca.EndecaServiceTest.
Calling Test method BrownShoe.UnitTests.Services.Endeca.EndecaServiceTest.Microsoft.VisualStudio.TestTools.TestTypes.Unit.TestMethod.
</trace></traceInfo><stdout type="System.String" /><stderr type="System.String" /><debugTrace type="System.String" /><workItemIds type="System.Collections.Generic.List`1[[System.Int32, mscorlib, Version=2.0.0.0, Culture=neutral, PublicKeyToken=b77a5c561934e089]]"><_size type="System.Int32">0</_size><_version type="System.Int32">1</_version></workItemIds><id type="Microsoft.VisualStudio.TestTools.Common.TestResultId"><runId type="System.Guid">3d9a8baa-b9cb-4717-8a94-3c6445344217</runId><executionId type="Microsoft.VisualStudio.TestTools.Common.TestExecId"><id type="System.Guid">c98f6e65-024f-4df1-90d3-9c956ec830e2</id></executionId><parentExecId type="Microsoft.VisualStudio.TestTools.Common.TestExecId"><id type="System.Guid">00000000-0000-0000-0000-000000000000</id></parentExecId><testId type="Microsoft.VisualStudio.TestTools.Common.TestId"><id type="System.Guid">64059aa1-e80a-8ad4-ab71-5a9d63376f44</id></testId></id><testName type="System.String">SearchAgainstDimensionsOnlyTest</testName><testType type="Microsoft.VisualStudio.TestTools.Common.TestType"><id type="System.Guid">13cdc9d9-ddb5-4fa4-a97d-d965ccfc6d4b</id></testType><messageKind type="Microsoft.VisualStudio.TestTools.Common.TestMessageKind"><value__ type="System.Int32">1</value__></messageKind><computerInfo type="Microsoft.VisualStudio.TestTools.Common.ComputerInfo"><m_computerName type="System.String">ECDATA-TFS01</m_computerName></computerInfo><duration type="System.TimeSpan">00:00:00.0008253</duration><startTime type="System.DateTime"><dateData type="System.UInt64">633673774849066196</dateData></startTime><endTime type="System.DateTime"><dateData type="System.UInt64">633673774849066196</dateData></endTime><spoolMessage type="System.Boolean">True</spoolMessage></UnitTestResult><UnitTestResult type="Microsoft.VisualStudio.TestTools.TestTypes.Unit.UnitTestResult, Microsoft.VisualStudio.QualityTools.Tips.UnitTest.ObjectModel, Version=8.0.0.0, Culture=neutral, PublicKeyToken=b03f5f7f11d50a3a"><resultType type="Microsoft.VisualStudio.TestTools.TestTypes.Unit.UnitTestResultType, Microsoft.VisualStudio.QualityTools.Tips.UnitTest.ObjectModel, Version=8.0.0.0, Culture=neutral, PublicKeyToken=b03f5f7f11d50a3a"><value__ type="System.Int32">0</value__></resultType><m_hasSufficientAccess type="System.Boolean">True</m_hasSufficientAccess><counters type="Microsoft.VisualStudio.TestTools.Common.TestResultCounter"><values type="System.Int32">0,0,0,0,0,0,0,0,0,0,0,0,0,0</values><total type="System.Int32">1</total></counters><categoryId type="Microsoft.VisualStudio.TestTools.Common.TestCategoryId"><id type="System.Guid">8c84fa94-04c1-424b-9868-57a2d4851a1d</id></categoryId><outcome type="Microsoft.VisualStudio.TestTools.Common.TestOutcome"><value__ type="System.Int32">4</value__></outcome><errorInfo type="Microsoft.VisualStudio.TestTools.Common.TestResultErrorInfo"><message type="System.String">Assert.Inconclusive failed. Verify the correctness of this test method</message><stackTrace type="System.String">   at BrownShoe.UnitTests.Services.Endeca.EndecaServiceTest.SearchRecordTest()
</stackTrace></errorInfo><traceInfo type="Microsoft.VisualStudio.TestTools.Common.TestExecutionTraceInformation"><trace type="System.Text.StringBuilder">Creating instance of class BrownShoe.UnitTests.Services.Endeca.EndecaServiceTest.
Calling Test method BrownShoe.UnitTests.Services.Endeca.EndecaServiceTest.Microsoft.VisualStudio.TestTools.TestTypes.Unit.TestMethod.
</trace></traceInfo><stdout type="System.String" /><stderr type="System.String" /><debugTrace type="System.String" /><workItemIds type="System.Collections.Generic.List`1[[System.Int32, mscorlib, Version=2.0.0.0, Culture=neutral, PublicKeyToken=b77a5c561934e089]]"><_size type="System.Int32">0</_size><_version type="System.Int32">1</_version></workItemIds><id type="Microsoft.VisualStudio.TestTools.Common.TestResultId"><runId type="System.Guid">3d9a8baa-b9cb-4717-8a94-3c6445344217</runId><executionId type="Microsoft.VisualStudio.TestTools.Common.TestExecId"><id type="System.Guid">6d12ca91-b3c4-4815-9bb1-5845ab045210</id></executionId><parentExecId type="Microsoft.VisualStudio.TestTools.Common.TestExecId"><id type="System.Guid">00000000-0000-0000-0000-000000000000</id></parentExecId><testId type="Microsoft.VisualStudio.TestTools.Common.TestId"><id type="System.Guid">36af79db-49e3-d713-2756-45e0e8b8331f</id></testId></id><testName type="System.String">SearchRecordTest</testName><testType type="Microsoft.VisualStudio.TestTools.Common.TestType"><id type="System.Guid">13cdc9d9-ddb5-4fa4-a97d-d965ccfc6d4b</id></testType><messageKind type="Microsoft.VisualStudio.TestTools.Common.TestMessageKind"><value__ type="System.Int32">1</value__></messageKind><computerInfo type="Microsoft.VisualStudio.TestTools.Common.ComputerInfo"><m_computerName type="System.String">ECDATA-TFS01</m_computerName></computerInfo><duration type="System.TimeSpan">00:00:00.0006154</duration><startTime type="System.DateTime"><dateData type="System.UInt64">633673774849066196</dateData></startTime><endTime type="System.DateTime"><dateData type="System.UInt64">633673774849222456</dateData></endTime><spoolMessage type="System.Boolean">True</spoolMessage></UnitTestResult><UnitTestResult type="Microsoft.VisualStudio.TestTools.TestTypes.Unit.UnitTestResult, Microsoft.VisualStudio.QualityTools.Tips.UnitTest.ObjectModel, Version=8.0.0.0, Culture=neutral, PublicKeyToken=b03f5f7f11d50a3a"><resultType type="Microsoft.VisualStudio.TestTools.TestTypes.Unit.UnitTestResultType, Microsoft.VisualStudio.QualityTools.Tips.UnitTest.ObjectModel, Version=8.0.0.0, Culture=neutral, PublicKeyToken=b03f5f7f11d50a3a"><value__ type="System.Int32">0</value__></resultType><m_hasSufficientAccess type="System.Boolean">True</m_hasSufficientAccess><counters type="Microsoft.VisualStudio.TestTools.Common.TestResultCounter"><values type="System.Int32">0,0,0,0,0,0,0,0,0,0,0,0,0,0</values><total type="System.Int32">1</total></counters><categoryId type="Microsoft.VisualStudio.TestTools.Common.TestCategoryId"><id type="System.Guid">8c84fa94-04c1-424b-9868-57a2d4851a1d</id></categoryId><outcome type="Microsoft.VisualStudio.TestTools.Common.TestOutcome"><value__ type="System.Int32">4</value__></outcome><errorInfo type="Microsoft.VisualStudio.TestTools.Common.TestResultErrorInfo"><message type="System.String">Assert.Inconclusive failed. Verify the correctness of this test method</message><stackTrace type="System.String">   at BrownShoe.UnitTests.Services.Endeca.EndecaServiceTest.SearchRelatedItemsTest()
</stackTrace></errorInfo><traceInfo type="Microsoft.VisualStudio.TestTools.Common.TestExecutionTraceInformation"><trace type="System.Text.StringBuilder">Creating instance of class BrownShoe.UnitTests.Services.Endeca.EndecaServiceTest.
Calling Test method BrownShoe.UnitTests.Services.Endeca.EndecaServiceTest.Microsoft.VisualStudio.TestTools.TestTypes.Unit.TestMethod.
</trace></traceInfo><stdout type="System.String" /><stderr type="System.String" /><debugTrace type="System.String" /><workItemIds type="System.Collections.Generic.List`1[[System.Int32, mscorlib, Version=2.0.0.0, Culture=neutral, PublicKeyToken=b77a5c561934e089]]"><_size type="System.Int32">0</_size><_version type="System.Int32">1</_version></workItemIds><id type="Microsoft.VisualStudio.TestTools.Common.TestResultId"><runId type="System.Guid">3d9a8baa-b9cb-4717-8a94-3c6445344217</runId><executionId type="Microsoft.VisualStudio.TestTools.Common.TestExecId"><id type="System.Guid">fa90f626-5e3c-4bf5-9001-664305fe75e4</id></executionId><parentExecId type="Microsoft.VisualStudio.TestTools.Common.TestExecId"><id type="System.Guid">00000000-0000-0000-0000-000000000000</id></parentExecId><testId type="Microsoft.VisualStudio.TestTools.Common.TestId"><id type="System.Guid">739b7338-7f5b-c0c3-f931-6f6881765449</id></testId></id><testName type="System.String">SearchRelatedItemsTest</testName><testType type="Microsoft.VisualStudio.TestTools.Common.TestType"><id type="System.Guid">13cdc9d9-ddb5-4fa4-a97d-d965ccfc6d4b</id></testType><messageKind type="Microsoft.VisualStudio.TestTools.Common.TestMessageKind"><value__ type="System.Int32">1</value__></messageKind><computerInfo type="Microsoft.VisualStudio.TestTools.Common.ComputerInfo"><m_computerName type="System.String">ECDATA-TFS01</m_computerName></computerInfo><duration type="System.TimeSpan">00:00:00.0007425</duration><startTime type="System.DateTime"><dateData type="System.UInt64">633673774849222456</dateData></startTime><endTime type="System.DateTime"><dateData type="System.UInt64">633673774849222456</dateData></endTime><spoolMessage type="System.Boolean">True</spoolMessage></UnitTestResult><UnitTestResult type="Microsoft.VisualStudio.TestTools.TestTypes.Unit.UnitTestResult, Microsoft.VisualStudio.QualityTools.Tips.UnitTest.ObjectModel, Version=8.0.0.0, Culture=neutral, PublicKeyToken=b03f5f7f11d50a3a"><resultType type="Microsoft.VisualStudio.TestTools.TestTypes.Unit.UnitTestResultType, Microsoft.VisualStudio.QualityTools.Tips.UnitTest.ObjectModel, Version=8.0.0.0, Culture=neutral, PublicKeyToken=b03f5f7f11d50a3a"><value__ type="System.Int32">0</value__></resultType><m_hasSufficientAccess type="System.Boolean">True</m_hasSufficientAccess><counters type="Microsoft.VisualStudio.TestTools.Common.TestResultCounter"><values type="System.Int32">0,0,0,0,0,0,0,0,0,0,0,0,0,0</values><total type="System.Int32">1</total></counters><categoryId type="Microsoft.VisualStudio.TestTools.Common.TestCategoryId"><id type="System.Guid">8c84fa94-04c1-424b-9868-57a2d4851a1d</id></categoryId><outcome type="Microsoft.VisualStudio.TestTools.Common.TestOutcome"><value__ type="System.Int32">4</value__></outcome><errorInfo type="Microsoft.VisualStudio.TestTools.Common.TestResultErrorInfo"><message type="System.String">Assert.Inconclusive failed. Verify the correctness of this test method</message><stackTrace type="System.String">   at BrownShoe.UnitTests.Services.Endeca.EndecaServiceTest.SearchSiblingRefinementsTest()
</stackTrace></errorInfo><traceInfo type="Microsoft.VisualStudio.TestTools.Common.TestExecutionTraceInformation"><trace type="System.Text.StringBuilder">Creating instance of class BrownShoe.UnitTests.Services.Endeca.EndecaServiceTest.
Calling Test method BrownShoe.UnitTests.Services.Endeca.EndecaServiceTest.Microsoft.VisualStudio.TestTools.TestTypes.Unit.TestMethod.
</trace></traceInfo><stdout type="System.String" /><stderr type="System.String" /><debugTrace type="System.String" /><workItemIds type="System.Collections.Generic.List`1[[System.Int32, mscorlib, Version=2.0.0.0, Culture=neutral, PublicKeyToken=b77a5c561934e089]]"><_size type="System.Int32">0</_size><_version type="System.Int32">1</_version></workItemIds><id type="Microsoft.VisualStudio.TestTools.Common.TestResultId"><runId type="System.Guid">3d9a8baa-b9cb-4717-8a94-3c6445344217</runId><executionId type="Microsoft.VisualStudio.TestTools.Common.TestExecId"><id type="System.Guid">43a78eb6-1614-4d9c-be4f-22566cbc1b35</id></executionId><parentExecId type="Microsoft.VisualStudio.TestTools.Common.TestExecId"><id type="System.Guid">00000000-0000-0000-0000-000000000000</id></parentExecId><testId type="Microsoft.VisualStudio.TestTools.Common.TestId"><id type="System.Guid">38ee0d87-bbed-fac4-306d-e37759fc7037</id></testId></id><testName type="System.String">SearchSiblingRefinementsTest</testName><testType type="Microsoft.VisualStudio.TestTools.Common.TestType"><id type="System.Guid">13cdc9d9-ddb5-4fa4-a97d-d965ccfc6d4b</id></testType><messageKind type="Microsoft.VisualStudio.TestTools.Common.TestMessageKind"><value__ type="System.Int32">1</value__></messageKind><computerInfo type="Microsoft.VisualStudio.TestTools.Common.ComputerInfo"><m_computerName type="System.String">ECDATA-TFS01</m_computerName></computerInfo><duration type="System.TimeSpan">00:00:00.0008510</duration><startTime type="System.DateTime"><dateData type="System.UInt64">633673774849222456</dateData></startTime><endTime type="System.DateTime"><dateData type="System.UInt64">633673774849222456</dateData></endTime><spoolMessage type="System.Boolean">True</spoolMessage></UnitTestResult><UnitTestResult type="Microsoft.VisualStudio.TestTools.TestTypes.Unit.UnitTestResult, Microsoft.VisualStudio.QualityTools.Tips.UnitTest.ObjectModel, Version=8.0.0.0, Culture=neutral, PublicKeyToken=b03f5f7f11d50a3a"><resultType type="Microsoft.VisualStudio.TestTools.TestTypes.Unit.UnitTestResultType, Microsoft.VisualStudio.QualityTools.Tips.UnitTest.ObjectModel, Version=8.0.0.0, Culture=neutral, PublicKeyToken=b03f5f7f11d50a3a"><value__ type="System.Int32">0</value__></resultType><m_hasSufficientAccess type="System.Boolean">True</m_hasSufficientAccess><counters type="Microsoft.VisualStudio.TestTools.Common.TestResultCounter"><values type="System.Int32">0,0,0,0,0,0,0,0,0,0,0,0,0,0</values><total type="System.Int32">1</total></counters><categoryId type="Microsoft.VisualStudio.TestTools.Common.TestCategoryId"><id type="System.Guid">8c84fa94-04c1-424b-9868-57a2d4851a1d</id></categoryId><outcome type="Microsoft.VisualStudio.TestTools.Common.TestOutcome"><value__ type="System.Int32">1</value__></outcome><errorInfo type="Microsoft.VisualStudio.TestTools.Common.TestResultErrorInfo"><message type="System.String">Test method BrownShoe.UnitTests.Services.Endeca.EndecaServiceTest.SearchTest threw exception:  System.Configuration.ConfigurationErrorsException: The type Microsoft.Practices.EnterpriseLibrary.ExceptionHandling.Logging.LoggingExceptionHandler, Microsoft.Practices.EnterpriseLibrary.ExceptionHandling.Logging, Version=2.0.0.0, Culture=neutral, PublicKeyToken=c834797fd9c628b4 from configuration could not be created. (E:\projects\brownshoe\unit_tests\product\srvtfs_ECDATA-TFS01 2009-01-12 11_17_41\Out\BrownShoe.UnitTests.DLL.config line 38).</message><stackTrace type="System.String">    at System.Configuration.BaseConfigurationRecord.EvaluateOne(String[] keys, SectionInput input, Boolean isTrusted, FactoryRecord factoryRecord, SectionRecord sectionRecord, Object parentResult)
   at System.Configuration.BaseConfigurationRecord.Evaluate(FactoryRecord factoryRecord, SectionRecord sectionRecord, Object parentResult, Boolean getLkg, Boolean getRuntimeObject, Object&amp; result, Object&amp; resultRuntimeObject)
   at System.Configuration.BaseConfigurationRecord.GetSectionRecursive(String configKey, Boolean getLkg, Boolean checkPermission, Boolean getRuntimeObject, Boolean requestIsHere, Object&amp; result, Object&amp; resultRuntimeObject)
   at System.Configuration.BaseConfigurationRecord.GetSectionRecursive(String configKey, Boolean getLkg, Boolean checkPermission, Boolean getRuntimeObject, Boolean requestIsHere, Object&amp; result, Object&amp; resultRuntimeObject)
   at System.Configuration.BaseConfigurationRecord.GetSectionRecursive(String configKey, Boolean getLkg, Boolean checkPermission, Boolean getRuntimeObject, Boolean requestIsHere, Object&amp; result, Object&amp; resultRuntimeObject)
   at System.Configuration.BaseConfigurationRecord.GetSection(String configKey, Boolean getLkg, Boolean checkPermission)
   at System.Configuration.BaseConfigurationRecord.GetSection(String configKey)
   at System.Configuration.ClientConfigurationSystem.System.Configuration.Internal.IInternalConfigSystem.GetSection(String sectionName)
   at System.Configuration.ConfigurationManager.GetSection(String sectionName)
   at Microsoft.Practices.EnterpriseLibrary.Common.Configuration.SystemConfigurationSourceImplementation.GetSection(String sectionName)
   at Microsoft.Practices.EnterpriseLibrary.Common.Configuration.SystemConfigurationSource.GetSection(String sectionName)
   at Microsoft.Practices.EnterpriseLibrary.ExceptionHandling.Configuration.ExceptionHandlingSettings.GetExceptionHandlingSettings(IConfigurationSource configurationSource)
   at Microsoft.Practices.EnterpriseLibrary.ExceptionHandling.ExceptionHandlingConfigurationView.get_ExceptionHandlingSettings()
   at Microsoft.Practices.EnterpriseLibrary.ExceptionHandling.ExceptionHandlingConfigurationView.GetExceptionPolicyData(String policyName)
   at Microsoft.Practices.EnterpriseLibrary.ExceptionHandling.ExceptionPolicyCustomFactory.GetConfiguration(String id, IConfigurationSource configurationSource)
   at Microsoft.Practices.EnterpriseLibrary.ExceptionHandling.ExceptionPolicyCustomFactory.CreateObject(IBuilderContext context, String name, IConfigurationSource configurationSource, ConfigurationReflectionCache reflectionCache)
   at Microsoft.Practices.EnterpriseLibrary.Common.Configuration.ObjectBuilder.ConfiguredObjectStrategy.BuildUp(IBuilderContext context, Type t, Object existing, String id)
   at Microsoft.Practices.ObjectBuilder.BuilderStrategy.BuildUp(IBuilderContext context, Type typeToBuild, Object existing, String idToBuild)
   at Microsoft.Practices.ObjectBuilder.SingletonStrategy.BuildUp(IBuilderContext context, Type typeToBuild, Object existing, String idToBuild)
   at Microsoft.Practices.ObjectBuilder.BuilderStrategy.BuildUp(IBuilderContext context, Type typeToBuild, Object existing, String idToBuild)
   at Microsoft.Practices.EnterpriseLibrary.Common.Configuration.ObjectBuilder.ConfigurationNameMappingStrategy.BuildUp(IBuilderContext context, Type t, Object existing, String id)
   at Microsoft.Practices.ObjectBuilder.BuilderBase`1.DoBuildUp(IReadWriteLocator locator, Type typeToBuild, String idToBuild, Object existing, PolicyList[] transientPolicies)
   at Microsoft.Practices.ObjectBuilder.BuilderBase`1.BuildUp(IReadWriteLocator locator, Type typeToBuild, String idToBuild, Object existing, PolicyList[] transientPolicies)
   at Microsoft.Practices.ObjectBuilder.BuilderBase`1.BuildUp[TTypeToBuild](IReadWriteLocator locator, String idToBuild, Object existing, PolicyList[] transientPolicies)
   at Microsoft.Practices.EnterpriseLibrary.Common.Configuration.ObjectBuilder.EnterpriseLibraryFactory.BuildUp[T](IReadWriteLocator locator, String id, IConfigurationSource configurationSource)
   at Microsoft.Practices.EnterpriseLibrary.Common.Configuration.ObjectBuilder.LocatorNameTypeFactoryBase`1.Create(String name)
   at Microsoft.Practices.EnterpriseLibrary.ExceptionHandling.ExceptionPolicy.GetExceptionPolicy(Exception exception, String policyName)
   at Microsoft.Practices.EnterpriseLibrary.ExceptionHandling.ExceptionPolicy.HandleException(Exception exceptionToHandle, String policyName)
   at BrownShoe.ExceptionPolicy.HandleException(Exception exc) in e:\projects\brownshoe\unit_tests\product\src\BrownShoe\Libraries\Core\ExceptionPolicies.cs:line 117
   at BrownShoe.Endeca.EndecaService.Search(EndecaSearchParameters sp) in e:\projects\brownshoe\unit_tests\product\src\BrownShoe\Libraries\Services\Endeca\EndecaService.cs:line 252
   at BrownShoe.UnitTests.Services.Endeca.EndecaServiceTest.SearchTest()
</stackTrace></errorInfo><traceInfo type="Microsoft.VisualStudio.TestTools.Common.TestExecutionTraceInformation"><trace type="System.Text.StringBuilder">Creating instance of class BrownShoe.UnitTests.Services.Endeca.EndecaServiceTest.
Calling Test method BrownShoe.UnitTests.Services.Endeca.EndecaServiceTest.Microsoft.VisualStudio.TestTools.TestTypes.Unit.TestMethod.
</trace></traceInfo><stdout type="System.String" /><stderr type="System.String" /><debugTrace type="System.String" /><workItemIds type="System.Collections.Generic.List`1[[System.Int32, mscorlib, Version=2.0.0.0, Culture=neutral, PublicKeyToken=b77a5c561934e089]]"><_size type="System.Int32">0</_size><_version type="System.Int32">1</_version></workItemIds><id type="Microsoft.VisualStudio.TestTools.Common.TestResultId"><runId type="System.Guid">3d9a8baa-b9cb-4717-8a94-3c6445344217</runId><executionId type="Microsoft.VisualStudio.TestTools.Common.TestExecId"><id type="System.Guid">532d4609-b66c-4b5e-b7ea-71e11189a3e3</id></executionId><parentExecId type="Microsoft.VisualStudio.TestTools.Common.TestExecId"><id type="System.Guid">00000000-0000-0000-0000-000000000000</id></parentExecId><testId type="Microsoft.VisualStudio.TestTools.Common.TestId"><id type="System.Guid">ac826f12-6fb1-9c62-240d-9da84af119e9</id></testId></id><testName type="System.String">SearchTest</testName><testType type="Microsoft.VisualStudio.TestTools.Common.TestType"><id type="System.Guid">13cdc9d9-ddb5-4fa4-a97d-d965ccfc6d4b</id></testType><messageKind type="Microsoft.VisualStudio.TestTools.Common.TestMessageKind"><value__ type="System.Int32">1</value__></messageKind><computerInfo type="Microsoft.VisualStudio.TestTools.Common.ComputerInfo"><m_computerName type="System.String">ECDATA-TFS01</m_computerName></computerInfo><duration type="System.TimeSpan">00:00:00.0432361</duration><startTime type="System.DateTime"><dateData type="System.UInt64">633673774849222456</dateData></startTime><endTime type="System.DateTime"><dateData type="System.UInt64">633673774849691236</dateData></endTime><spoolMessage type="System.Boolean">True</spoolMessage></UnitTestResult><UnitTestResult type="Microsoft.VisualStudio.TestTools.TestTypes.Unit.UnitTestResult, Microsoft.VisualStudio.QualityTools.Tips.UnitTest.ObjectModel, Version=8.0.0.0, Culture=neutral, PublicKeyToken=b03f5f7f11d50a3a"><resultType type="Microsoft.VisualStudio.TestTools.TestTypes.Unit.UnitTestResultType, Microsoft.VisualStudio.QualityTools.Tips.UnitTest.ObjectModel, Version=8.0.0.0, Culture=neutral, PublicKeyToken=b03f5f7f11d50a3a"><value__ type="System.Int32">0</value__></resultType><m_hasSufficientAccess type="System.Boolean">True</m_hasSufficientAccess><counters type="Microsoft.VisualStudio.TestTools.Common.TestResultCounter"><values type="System.Int32">0,0,0,0,0,0,0,0,0,0,0,0,0,0</values><total type="System.Int32">1</total></counters><categoryId type="Microsoft.VisualStudio.TestTools.Common.TestCategoryId"><id type="System.Guid">8c84fa94-04c1-424b-9868-57a2d4851a1d</id></categoryId><outcome type="Microsoft.VisualStudio.TestTools.Common.TestOutcome"><value__ type="System.Int32">4</value__></outcome><errorInfo type="Microsoft.VisualStudio.TestTools.Common.TestResultErrorInfo"><message type="System.String">Assert.Inconclusive failed. Verify the correctness of this test method</message><stackTrace type="System.String">   at BrownShoe.UnitTests.Services.Frauds.FraudDetectionServiceTest.CreateTest()
</stackTrace></errorInfo><traceInfo type="Microsoft.VisualStudio.TestTools.Common.TestExecutionTraceInformation"><trace type="System.Text.StringBuilder">Creating instance of class BrownShoe.UnitTests.Services.Frauds.FraudDetectionServiceTest.
Calling Test method BrownShoe.UnitTests.Services.Frauds.FraudDetectionServiceTest.Microsoft.VisualStudio.TestTools.TestTypes.Unit.TestMethod.
</trace></traceInfo><stdout type="System.String" /><stderr type="System.String" /><debugTrace type="System.String" /><workItemIds type="System.Collections.Generic.List`1[[System.Int32, mscorlib, Version=2.0.0.0, Culture=neutral, PublicKeyToken=b77a5c561934e089]]"><_size type="System.Int32">0</_size><_version type="System.Int32">1</_version></workItemIds><id type="Microsoft.VisualStudio.TestTools.Common.TestResultId"><runId type="System.Guid">3d9a8baa-b9cb-4717-8a94-3c6445344217</runId><executionId type="Microsoft.VisualStudio.TestTools.Common.TestExecId"><id type="System.Guid">773e8434-eb4d-48ad-8c4e-8c81a74cfd96</id></executionId><parentExecId type="Microsoft.VisualStudio.TestTools.Common.TestExecId"><id type="System.Guid">00000000-0000-0000-0000-000000000000</id></parentExecId><testId type="Microsoft.VisualStudio.TestTools.Common.TestId"><id type="System.Guid">daa98c6d-38c3-62f2-9bed-c66925819b2b</id></testId></id><testName type="System.String">CreateTest</testName><testType type="Microsoft.VisualStudio.TestTools.Common.TestType"><id type="System.Guid">13cdc9d9-ddb5-4fa4-a97d-d965ccfc6d4b</id></testType><messageKind type="Microsoft.VisualStudio.TestTools.Common.TestMessageKind"><value__ type="System.Int32">1</value__></messageKind><computerInfo type="Microsoft.VisualStudio.TestTools.Common.ComputerInfo"><m_computerName type="System.String">ECDATA-TFS01</m_computerName></computerInfo><duration type="System.TimeSpan">00:00:00.0010337</duration><startTime type="System.DateTime"><dateData type="System.UInt64">633673774849691236</dateData></startTime><endTime type="System.DateTime"><dateData type="System.UInt64">633673774849847496</dateData></endTime><spoolMessage type="System.Boolean">True</spoolMessage></UnitTestResult><UnitTestResult type="Microsoft.VisualStudio.TestTools.TestTypes.Unit.UnitTestResult, Microsoft.VisualStudio.QualityTools.Tips.UnitTest.ObjectModel, Version=8.0.0.0, Culture=neutral, PublicKeyToken=b03f5f7f11d50a3a"><resultType type="Microsoft.VisualStudio.TestTools.TestTypes.Unit.UnitTestResultType, Microsoft.VisualStudio.QualityTools.Tips.UnitTest.ObjectModel, Version=8.0.0.0, Culture=neutral, PublicKeyToken=b03f5f7f11d50a3a"><value__ type="System.Int32">0</value__></resultType><m_hasSufficientAccess type="System.Boolean">True</m_hasSufficientAccess><counters type="Microsoft.VisualStudio.TestTools.Common.TestResultCounter"><values type="System.Int32">0,0,0,0,0,0,0,0,0,0,0,0,0,0</values><total type="System.Int32">1</total></counters><categoryId type="Microsoft.VisualStudio.TestTools.Common.TestCategoryId"><id type="System.Guid">8c84fa94-04c1-424b-9868-57a2d4851a1d</id></categoryId><outcome type="Microsoft.VisualStudio.TestTools.Common.TestOutcome"><value__ type="System.Int32">4</value__></outcome><errorInfo type="Microsoft.VisualStudio.TestTools.Common.TestResultErrorInfo"><message type="System.String">Assert.Inconclusive failed. Verify the correctness of this test method</message><stackTrace type="System.String">   at BrownShoe.UnitTests.Services.Frauds.FraudDetectionServiceTest.DeleteTest()
</stackTrace></errorInfo><traceInfo type="Microsoft.VisualStudio.TestTools.Common.TestExecutionTraceInformation"><trace type="System.Text.StringBuilder">Creating instance of class BrownShoe.UnitTests.Services.Frauds.FraudDetectionServiceTest.
Calling Test method BrownShoe.UnitTests.Services.Frauds.FraudDetectionServiceTest.Microsoft.VisualStudio.TestTools.TestTypes.Unit.TestMethod.
</trace></traceInfo><stdout type="System.String" /><stderr type="System.String" /><debugTrace type="System.String" /><workItemIds type="System.Collections.Generic.List`1[[System.Int32, mscorlib, Version=2.0.0.0, Culture=neutral, PublicKeyToken=b77a5c561934e089]]"><_size type="System.Int32">0</_size><_version type="System.Int32">1</_version></workItemIds><id type="Microsoft.VisualStudio.TestTools.Common.TestResultId"><runId type="System.Guid">3d9a8baa-b9cb-4717-8a94-3c6445344217</runId><executionId type="Microsoft.VisualStudio.TestTools.Common.TestExecId"><id type="System.Guid">37225538-9192-4fa3-acca-6cc932ba3acc</id></executionId><parentExecId type="Microsoft.VisualStudio.TestTools.Common.TestExecId"><id type="System.Guid">00000000-0000-0000-0000-000000000000</id></parentExecId><testId type="Microsoft.VisualStudio.TestTools.Common.TestId"><id type="System.Guid">faa93158-edb6-509d-093f-13f7a3d9c683</id></testId></id><testName type="System.String">DeleteTest</testName><testType type="Microsoft.VisualStudio.TestTools.Common.TestType"><id type="System.Guid">13cdc9d9-ddb5-4fa4-a97d-d965ccfc6d4b</id></testType><messageKind type="Microsoft.VisualStudio.TestTools.Common.TestMessageKind"><value__ type="System.Int32">1</value__></messageKind><computerInfo type="Microsoft.VisualStudio.TestTools.Common.ComputerInfo"><m_computerName type="System.String">ECDATA-TFS01</m_computerName></computerInfo><duration type="System.TimeSpan">00:00:00.0009105</duration><startTime type="System.DateTime"><dateData type="System.UInt64">633673774849847496</dateData></startTime><endTime type="System.DateTime"><dateData type="System.UInt64">633673774850003756</dateData></endTime><spoolMessage type="System.Boolean">True</spoolMessage></UnitTestResult><UnitTestResult type="Microsoft.VisualStudio.TestTools.TestTypes.Unit.UnitTestResult, Microsoft.VisualStudio.QualityTools.Tips.UnitTest.ObjectModel, Version=8.0.0.0, Culture=neutral, PublicKeyToken=b03f5f7f11d50a3a"><resultType type="Microsoft.VisualStudio.TestTools.TestTypes.Unit.UnitTestResultType, Microsoft.VisualStudio.QualityTools.Tips.UnitTest.ObjectModel, Version=8.0.0.0, Culture=neutral, PublicKeyToken=b03f5f7f11d50a3a"><value__ type="System.Int32">0</value__></resultType><m_hasSufficientAccess type="System.Boolean">True</m_hasSufficientAccess><counters type="Microsoft.VisualStudio.TestTools.Common.TestResultCounter"><values type="System.Int32">0,0,0,0,0,0,0,0,0,0,0,0,0,0</values><total type="System.Int32">1</total></counters><categoryId type="Microsoft.VisualStudio.TestTools.Common.TestCategoryId"><id type="System.Guid">8c84fa94-04c1-424b-9868-57a2d4851a1d</id></categoryId><outcome type="Microsoft.VisualStudio.TestTools.Common.TestOutcome"><value__ type="System.Int32">4</value__></outcome><errorInfo type="Microsoft.VisualStudio.TestTools.Common.TestResultErrorInfo"><message type="System.String">Assert.Inconclusive failed. Verify the correctness of this test method</message><stackTrace type="System.String">   at BrownShoe.UnitTests.Services.Frauds.FraudDetectionServiceTest.GetFraudAnalysisTest()
</stackTrace></errorInfo><traceInfo type="Microsoft.VisualStudio.TestTools.Common.TestExecutionTraceInformation"><trace type="System.Text.StringBuilder">Creating instance of class BrownShoe.UnitTests.Services.Frauds.FraudDetectionServiceTest.
Calling Test method BrownShoe.UnitTests.Services.Frauds.FraudDetectionServiceTest.Microsoft.VisualStudio.TestTools.TestTypes.Unit.TestMethod.
</trace></traceInfo><stdout type="System.String" /><stderr type="System.String" /><debugTrace type="System.String" /><workItemIds type="System.Collections.Generic.List`1[[System.Int32, mscorlib, Version=2.0.0.0, Culture=neutral, PublicKeyToken=b77a5c561934e089]]"><_size type="System.Int32">0</_size><_version type="System.Int32">1</_version></workItemIds><id type="Microsoft.VisualStudio.TestTools.Common.TestResultId"><runId type="System.Guid">3d9a8baa-b9cb-4717-8a94-3c6445344217</runId><executionId type="Microsoft.VisualStudio.TestTools.Common.TestExecId"><id type="System.Guid">a5e49360-071b-4e35-b0c4-2e0d83bc6d18</id></executionId><parentExecId type="Microsoft.VisualStudio.TestTools.Common.TestExecId"><id type="System.Guid">00000000-0000-0000-0000-000000000000</id></parentExecId><testId type="Microsoft.VisualStudio.TestTools.Common.TestId"><id type="System.Guid">4f376451-5eb1-78c2-ead9-ad84302f49e9</id></testId></id><testName type="System.String">GetFraudAnalysisTest</testName><testType type="Microsoft.VisualStudio.TestTools.Common.TestType"><id type="System.Guid">13cdc9d9-ddb5-4fa4-a97d-d965ccfc6d4b</id></testType><messageKind type="Microsoft.VisualStudio.TestTools.Common.TestMessageKind"><value__ type="System.Int32">1</value__></messageKind><computerInfo type="Microsoft.VisualStudio.TestTools.Common.ComputerInfo"><m_computerName type="System.String">ECDATA-TFS01</m_computerName></computerInfo><duration type="System.TimeSpan">00:00:00.0006027</duration><startTime type="System.DateTime"><dateData type="System.UInt64">633673774850003756</dateData></startTime><endTime type="System.DateTime"><dateData type="System.UInt64">633673774850003756</dateData></endTime><spoolMessage type="System.Boolean">True</spoolMessage></UnitTestResult><UnitTestResult type="Microsoft.VisualStudio.TestTools.TestTypes.Unit.UnitTestResult, Microsoft.VisualStudio.QualityTools.Tips.UnitTest.ObjectModel, Version=8.0.0.0, Culture=neutral, PublicKeyToken=b03f5f7f11d50a3a"><resultType type="Microsoft.VisualStudio.TestTools.TestTypes.Unit.UnitTestResultType, Microsoft.VisualStudio.QualityTools.Tips.UnitTest.ObjectModel, Version=8.0.0.0, Culture=neutral, PublicKeyToken=b03f5f7f11d50a3a"><value__ type="System.Int32">0</value__></resultType><m_hasSufficientAccess type="System.Boolean">True</m_hasSufficientAccess><counters type="Microsoft.VisualStudio.TestTools.Common.TestResultCounter"><values type="System.Int32">0,0,0,0,0,0,0,0,0,0,0,0,0,0</values><total type="System.Int32">1</total></counters><categoryId type="Microsoft.VisualStudio.TestTools.Common.TestCategoryId"><id type="System.Guid">8c84fa94-04c1-424b-9868-57a2d4851a1d</id></categoryId><outcome type="Microsoft.VisualStudio.TestTools.Common.TestOutcome"><value__ type="System.Int32">4</value__></outcome><errorInfo type="Microsoft.VisualStudio.TestTools.Common.TestResultErrorInfo"><message type="System.String">Assert.Inconclusive failed. Verify the correctness of this test method</message><stackTrace type="System.String">   at BrownShoe.UnitTests.Services.Frauds.FraudDetectionServiceTest.IsFraudIPTest()
</stackTrace></errorInfo><traceInfo type="Microsoft.VisualStudio.TestTools.Common.TestExecutionTraceInformation"><trace type="System.Text.StringBuilder">Creating instance of class BrownShoe.UnitTests.Services.Frauds.FraudDetectionServiceTest.
Calling Test method BrownShoe.UnitTests.Services.Frauds.FraudDetectionServiceTest.Microsoft.VisualStudio.TestTools.TestTypes.Unit.TestMethod.
</trace></traceInfo><stdout type="System.String" /><stderr type="System.String" /><debugTrace type="System.String" /><workItemIds type="System.Collections.Generic.List`1[[System.Int32, mscorlib, Version=2.0.0.0, Culture=neutral, PublicKeyToken=b77a5c561934e089]]"><_size type="System.Int32">0</_size><_version type="System.Int32">1</_version></workItemIds><id type="Microsoft.VisualStudio.TestTools.Common.TestResultId"><runId type="System.Guid">3d9a8baa-b9cb-4717-8a94-3c6445344217</runId><executionId type="Microsoft.VisualStudio.TestTools.Common.TestExecId"><id type="System.Guid">77312e00-3714-410f-a53f-9c047ca1ee9a</id></executionId><parentExecId type="Microsoft.VisualStudio.TestTools.Common.TestExecId"><id type="System.Guid">00000000-0000-0000-0000-000000000000</id></parentExecId><testId type="Microsoft.VisualStudio.TestTools.Common.TestId"><id type="System.Guid">26d7d256-d8f1-9df4-b37b-a5de24c4577e</id></testId></id><testName type="System.String">IsFraudIPTest</testName><testType type="Microsoft.VisualStudio.TestTools.Common.TestType"><id type="System.Guid">13cdc9d9-ddb5-4fa4-a97d-d965ccfc6d4b</id></testType><messageKind type="Microsoft.VisualStudio.TestTools.Common.TestMessageKind"><value__ type="System.Int32">1</value__></messageKind><computerInfo type="Microsoft.VisualStudio.TestTools.Common.ComputerInfo"><m_computerName type="System.String">ECDATA-TFS01</m_computerName></computerInfo><duration type="System.TimeSpan">00:00:00.0006782</duration><startTime type="System.DateTime"><dateData type="System.UInt64">633673774850003756</dateData></startTime><endTime type="System.DateTime"><dateData type="System.UInt64">633673774850003756</dateData></endTime><spoolMessage type="System.Boolean">True</spoolMessage></UnitTestResult><UnitTestResult type="Microsoft.VisualStudio.TestTools.TestTypes.Unit.UnitTestResult, Microsoft.VisualStudio.QualityTools.Tips.UnitTest.ObjectModel, Version=8.0.0.0, Culture=neutral, PublicKeyToken=b03f5f7f11d50a3a"><resultType type="Microsoft.VisualStudio.TestTools.TestTypes.Unit.UnitTestResultType, Microsoft.VisualStudio.QualityTools.Tips.UnitTest.ObjectModel, Version=8.0.0.0, Culture=neutral, PublicKeyToken=b03f5f7f11d50a3a"><value__ type="System.Int32">0</value__></resultType><m_hasSufficientAccess type="System.Boolean">True</m_hasSufficientAccess><counters type="Microsoft.VisualStudio.TestTools.Common.TestResultCounter"><values type="System.Int32">0,0,0,0,0,0,0,0,0,0,0,0,0,0</values><total type="System.Int32">1</total></counters><categoryId type="Microsoft.VisualStudio.TestTools.Common.TestCategoryId"><id type="System.Guid">8c84fa94-04c1-424b-9868-57a2d4851a1d</id></categoryId><outcome type="Microsoft.VisualStudio.TestTools.Common.TestOutcome"><value__ type="System.Int32">4</value__></outcome><errorInfo type="Microsoft.VisualStudio.TestTools.Common.TestResultErrorInfo"><message type="System.String">Assert.Inconclusive failed. Verify the correctness of this test method</message><stackTrace type="System.String">   at BrownShoe.UnitTests.Services.Frauds.FraudDetectionServiceTest.ReadTest()
</stackTrace></errorInfo><traceInfo type="Microsoft.VisualStudio.TestTools.Common.TestExecutionTraceInformation"><trace type="System.Text.StringBuilder">Creating instance of class BrownShoe.UnitTests.Services.Frauds.FraudDetectionServiceTest.
Calling Test method BrownShoe.UnitTests.Services.Frauds.FraudDetectionServiceTest.Microsoft.VisualStudio.TestTools.TestTypes.Unit.TestMethod.
</trace></traceInfo><stdout type="System.String" /><stderr type="System.String" /><debugTrace type="System.String" /><workItemIds type="System.Collections.Generic.List`1[[System.Int32, mscorlib, Version=2.0.0.0, Culture=neutral, PublicKeyToken=b77a5c561934e089]]"><_size type="System.Int32">0</_size><_version type="System.Int32">1</_version></workItemIds><id type="Microsoft.VisualStudio.TestTools.Common.TestResultId"><runId type="System.Guid">3d9a8baa-b9cb-4717-8a94-3c6445344217</runId><executionId type="Microsoft.VisualStudio.TestTools.Common.TestExecId"><id type="System.Guid">c84ebf80-b275-4845-9c48-84d36bf3163a</id></executionId><parentExecId type="Microsoft.VisualStudio.TestTools.Common.TestExecId"><id type="System.Guid">00000000-0000-0000-0000-000000000000</id></parentExecId><testId type="Microsoft.VisualStudio.TestTools.Common.TestId"><id type="System.Guid">436a870a-6017-7530-79f9-8670f605e803</id></testId></id><testName type="System.String">ReadTest</testName><testType type="Microsoft.VisualStudio.TestTools.Common.TestType"><id type="System.Guid">13cdc9d9-ddb5-4fa4-a97d-d965ccfc6d4b</id></testType><messageKind type="Microsoft.VisualStudio.TestTools.Common.TestMessageKind"><value__ type="System.Int32">1</value__></messageKind><computerInfo type="Microsoft.VisualStudio.TestTools.Common.ComputerInfo"><m_computerName type="System.String">ECDATA-TFS01</m_computerName></computerInfo><duration type="System.TimeSpan">00:00:00.0006172</duration><startTime type="System.DateTime"><dateData type="System.UInt64">633673774850003756</dateData></startTime><endTime type="System.DateTime"><dateData type="System.UInt64">633673774850160016</dateData></endTime><spoolMessage type="System.Boolean">True</spoolMessage></UnitTestResult><UnitTestResult type="Microsoft.VisualStudio.TestTools.TestTypes.Unit.UnitTestResult, Microsoft.VisualStudio.QualityTools.Tips.UnitTest.ObjectModel, Version=8.0.0.0, Culture=neutral, PublicKeyToken=b03f5f7f11d50a3a"><resultType type="Microsoft.VisualStudio.TestTools.TestTypes.Unit.UnitTestResultType, Microsoft.VisualStudio.QualityTools.Tips.UnitTest.ObjectModel, Version=8.0.0.0, Culture=neutral, PublicKeyToken=b03f5f7f11d50a3a"><value__ type="System.Int32">0</value__></resultType><m_hasSufficientAccess type="System.Boolean">True</m_hasSufficientAccess><counters type="Microsoft.VisualStudio.TestTools.Common.TestResultCounter"><values type="System.Int32">0,0,0,0,0,0,0,0,0,0,0,0,0,0</values><total type="System.Int32">1</total></counters><categoryId type="Microsoft.VisualStudio.TestTools.Common.TestCategoryId"><id type="System.Guid">8c84fa94-04c1-424b-9868-57a2d4851a1d</id></categoryId><outcome type="Microsoft.VisualStudio.TestTools.Common.TestOutcome"><value__ type="System.Int32">4</value__></outcome><errorInfo type="Microsoft.VisualStudio.TestTools.Common.TestResultErrorInfo"><message type="System.String">Assert.Inconclusive failed. Verify the correctness of this test method</message><stackTrace type="System.String">   at BrownShoe.UnitTests.Services.Frauds.FraudDetectionServiceTest.SearchDBTest()
</stackTrace></errorInfo><traceInfo type="Microsoft.VisualStudio.TestTools.Common.TestExecutionTraceInformation"><trace type="System.Text.StringBuilder">Creating instance of class BrownShoe.UnitTests.Services.Frauds.FraudDetectionServiceTest.
Calling Test method BrownShoe.UnitTests.Services.Frauds.FraudDetectionServiceTest.Microsoft.VisualStudio.TestTools.TestTypes.Unit.TestMethod.
</trace></traceInfo><stdout type="System.String" /><stderr type="System.String" /><debugTrace type="System.String" /><workItemIds type="System.Collections.Generic.List`1[[System.Int32, mscorlib, Version=2.0.0.0, Culture=neutral, PublicKeyToken=b77a5c561934e089]]"><_size type="System.Int32">0</_size><_version type="System.Int32">1</_version></workItemIds><id type="Microsoft.VisualStudio.TestTools.Common.TestResultId"><runId type="System.Guid">3d9a8baa-b9cb-4717-8a94-3c6445344217</runId><executionId type="Microsoft.VisualStudio.TestTools.Common.TestExecId"><id type="System.Guid">41bb1c1b-13e9-4fd8-9bf1-3baee8e24139</id></executionId><parentExecId type="Microsoft.VisualStudio.TestTools.Common.TestExecId"><id type="System.Guid">00000000-0000-0000-0000-000000000000</id></parentExecId><testId type="Microsoft.VisualStudio.TestTools.Common.TestId"><id type="System.Guid">e47c9298-5146-fd00-93f3-eba7986892d8</id></testId></id><testName type="System.String">SearchDBTest</testName><testType type="Microsoft.VisualStudio.TestTools.Common.TestType"><id type="System.Guid">13cdc9d9-ddb5-4fa4-a97d-d965ccfc6d4b</id></testType><messageKind type="Microsoft.VisualStudio.TestTools.Common.TestMessageKind"><value__ type="System.Int32">1</value__></messageKind><computerInfo type="Microsoft.VisualStudio.TestTools.Common.ComputerInfo"><m_computerName type="System.String">ECDATA-TFS01</m_computerName></computerInfo><duration type="System.TimeSpan">00:00:00.0010324</duration><startTime type="System.DateTime"><dateData type="System.UInt64">633673774850160016</dateData></startTime><endTime type="System.DateTime"><dateData type="System.UInt64">633673774850160016</dateData></endTime><spoolMessage type="System.Boolean">True</spoolMessage></UnitTestResult><UnitTestResult type="Microsoft.VisualStudio.TestTools.TestTypes.Unit.UnitTestResult, Microsoft.VisualStudio.QualityTools.Tips.UnitTest.ObjectModel, Version=8.0.0.0, Culture=neutral, PublicKeyToken=b03f5f7f11d50a3a"><resultType type="Microsoft.VisualStudio.TestTools.TestTypes.Unit.UnitTestResultType, Microsoft.VisualStudio.QualityTools.Tips.UnitTest.ObjectModel, Version=8.0.0.0, Culture=neutral, PublicKeyToken=b03f5f7f11d50a3a"><value__ type="System.Int32">0</value__></resultType><m_hasSufficientAccess type="System.Boolean">True</m_hasSufficientAccess><counters type="Microsoft.VisualStudio.TestTools.Common.TestResultCounter"><values type="System.Int32">0,0,0,0,0,0,0,0,0,0,0,0,0,0</values><total type="System.Int32">1</total></counters><categoryId type="Microsoft.VisualStudio.TestTools.Common.TestCategoryId"><id type="System.Guid">8c84fa94-04c1-424b-9868-57a2d4851a1d</id></categoryId><outcome type="Microsoft.VisualStudio.TestTools.Common.TestOutcome"><value__ type="System.Int32">4</value__></outcome><errorInfo type="Microsoft.VisualStudio.TestTools.Common.TestResultErrorInfo"><message type="System.String">Assert.Inconclusive failed. Verify the correctness of this test method</message><stackTrace type="System.String">   at BrownShoe.UnitTests.Services.Frauds.FraudDetectionServiceTest.SearchTest()
</stackTrace></errorInfo><traceInfo type="Microsoft.VisualStudio.TestTools.Common.TestExecutionTraceInformation"><trace type="System.Text.StringBuilder">Creating instance of class BrownShoe.UnitTests.Services.Frauds.FraudDetectionServiceTest.
Calling Test method BrownShoe.UnitTests.Services.Frauds.FraudDetectionServiceTest.Microsoft.VisualStudio.TestTools.TestTypes.Unit.TestMethod.
</trace></traceInfo><stdout type="System.String" /><stderr type="System.String" /><debugTrace type="System.String" /><workItemIds type="System.Collections.Generic.List`1[[System.Int32, mscorlib, Version=2.0.0.0, Culture=neutral, PublicKeyToken=b77a5c561934e089]]"><_size type="System.Int32">0</_size><_version type="System.Int32">1</_version></workItemIds><id type="Microsoft.VisualStudio.TestTools.Common.TestResultId"><runId type="System.Guid">3d9a8baa-b9cb-4717-8a94-3c6445344217</runId><executionId type="Microsoft.VisualStudio.TestTools.Common.TestExecId"><id type="System.Guid">92dfd4e3-ad55-4c37-9384-04eacf406463</id></executionId><parentExecId type="Microsoft.VisualStudio.TestTools.Common.TestExecId"><id type="System.Guid">00000000-0000-0000-0000-000000000000</id></parentExecId><testId type="Microsoft.VisualStudio.TestTools.Common.TestId"><id type="System.Guid">35966df6-971e-d584-67cf-b3b380dc2b82</id></testId></id><testName type="System.String">SearchTest</testName><testType type="Microsoft.VisualStudio.TestTools.Common.TestType"><id type="System.Guid">13cdc9d9-ddb5-4fa4-a97d-d965ccfc6d4b</id></testType><messageKind type="Microsoft.VisualStudio.TestTools.Common.TestMessageKind"><value__ type="System.Int32">1</value__></messageKind><computerInfo type="Microsoft.VisualStudio.TestTools.Common.ComputerInfo"><m_computerName type="System.String">ECDATA-TFS01</m_computerName></computerInfo><duration type="System.TimeSpan">00:00:00.0010801</duration><startTime type="System.DateTime"><dateData type="System.UInt64">633673774850160016</dateData></startTime><endTime type="System.DateTime"><dateData type="System.UInt64">633673774850316276</dateData></endTime><spoolMessage type="System.Boolean">True</spoolMessage></UnitTestResult><UnitTestResult type="Microsoft.VisualStudio.TestTools.TestTypes.Unit.UnitTestResult, Microsoft.VisualStudio.QualityTools.Tips.UnitTest.ObjectModel, Version=8.0.0.0, Culture=neutral, PublicKeyToken=b03f5f7f11d50a3a"><resultType type="Microsoft.VisualStudio.TestTools.TestTypes.Unit.UnitTestResultType, Microsoft.VisualStudio.QualityTools.Tips.UnitTest.ObjectModel, Version=8.0.0.0, Culture=neutral, PublicKeyToken=b03f5f7f11d50a3a"><value__ type="System.Int32">0</value__></resultType><m_hasSufficientAccess type="System.Boolean">True</m_hasSufficientAccess><counters type="Microsoft.VisualStudio.TestTools.Common.TestResultCounter"><values type="System.Int32">0,0,0,0,0,0,0,0,0,0,0,0,0,0</values><total type="System.Int32">1</total></counters><categoryId type="Microsoft.VisualStudio.TestTools.Common.TestCategoryId"><id type="System.Guid">8c84fa94-04c1-424b-9868-57a2d4851a1d</id></categoryId><outcome type="Microsoft.VisualStudio.TestTools.Common.TestOutcome"><value__ type="System.Int32">4</value__></outcome><errorInfo type="Microsoft.VisualStudio.TestTools.Common.TestResultErrorInfo"><message type="System.String">Assert.Inconclusive failed. Verify the correctness of this test method</message><stackTrace type="System.String">   at BrownShoe.UnitTests.Services.Frauds.FraudDetectionServiceTest.UpdateTest()
</stackTrace></errorInfo><traceInfo type="Microsoft.VisualStudio.TestTools.Common.TestExecutionTraceInformation"><trace type="System.Text.StringBuilder">Creating instance of class BrownShoe.UnitTests.Services.Frauds.FraudDetectionServiceTest.
Calling Test method BrownShoe.UnitTests.Services.Frauds.FraudDetectionServiceTest.Microsoft.VisualStudio.TestTools.TestTypes.Unit.TestMethod.
</trace></traceInfo><stdout type="System.String" /><stderr type="System.String" /><debugTrace type="System.String" /><workItemIds type="System.Collections.Generic.List`1[[System.Int32, mscorlib, Version=2.0.0.0, Culture=neutral, PublicKeyToken=b77a5c561934e089]]"><_size type="System.Int32">0</_size><_version type="System.Int32">1</_version></workItemIds><id type="Microsoft.VisualStudio.TestTools.Common.TestResultId"><runId type="System.Guid">3d9a8baa-b9cb-4717-8a94-3c6445344217</runId><executionId type="Microsoft.VisualStudio.TestTools.Common.TestExecId"><id type="System.Guid">e89647a0-0b65-4206-b352-2b62df5f04fd</id></executionId><parentExecId type="Microsoft.VisualStudio.TestTools.Common.TestExecId"><id type="System.Guid">00000000-0000-0000-0000-000000000000</id></parentExecId><testId type="Microsoft.VisualStudio.TestTools.Common.TestId"><id type="System.Guid">fb61c791-fd0a-c78d-e63a-6250372bff94</id></testId></id><testName type="System.String">UpdateTest</testName><testType type="Microsoft.VisualStudio.TestTools.Common.TestType"><id type="System.Guid">13cdc9d9-ddb5-4fa4-a97d-d965ccfc6d4b</id></testType><messageKind type="Microsoft.VisualStudio.TestTools.Common.TestMessageKind"><value__ type="System.Int32">1</value__></messageKind><computerInfo type="Microsoft.VisualStudio.TestTools.Common.ComputerInfo"><m_computerName type="System.String">ECDATA-TFS01</m_computerName></computerInfo><duration type="System.TimeSpan">00:00:00.0007363</duration><startTime type="System.DateTime"><dateData type="System.UInt64">633673774850316276</dateData></startTime><endTime type="System.DateTime"><dateData type="System.UInt64">633673774850316276</dateData></endTime><spoolMessage type="System.Boolean">True</spoolMessage></UnitTestResult><UnitTestResult type="Microsoft.VisualStudio.TestTools.TestTypes.Unit.UnitTestResult, Microsoft.VisualStudio.QualityTools.Tips.UnitTest.ObjectModel, Version=8.0.0.0, Culture=neutral, PublicKeyToken=b03f5f7f11d50a3a"><resultType type="Microsoft.VisualStudio.TestTools.TestTypes.Unit.UnitTestResultType, Microsoft.VisualStudio.QualityTools.Tips.UnitTest.ObjectModel, Version=8.0.0.0, Culture=neutral, PublicKeyToken=b03f5f7f11d50a3a"><value__ type="System.Int32">0</value__></resultType><m_hasSufficientAccess type="System.Boolean">True</m_hasSufficientAccess><counters type="Microsoft.VisualStudio.TestTools.Common.TestResultCounter"><values type="System.Int32">0,0,0,0,0,0,0,0,0,0,0,0,0,0</values><total type="System.Int32">1</total></counters><categoryId type="Microsoft.VisualStudio.TestTools.Common.TestCategoryId"><id type="System.Guid">8c84fa94-04c1-424b-9868-57a2d4851a1d</id></categoryId><outcome type="Microsoft.VisualStudio.TestTools.Common.TestOutcome"><value__ type="System.Int32">4</value__></outcome><errorInfo type="Microsoft.VisualStudio.TestTools.Common.TestResultErrorInfo"><message type="System.String">Assert.Inconclusive failed. Verify the correctness of this test method</message><stackTrace type="System.String">   at BrownShoe.UnitTests.Services.Frauds.FraudDetectionServiceTest.ValidateAddressTest()
</stackTrace></errorInfo><traceInfo type="Microsoft.VisualStudio.TestTools.Common.TestExecutionTraceInformation"><trace type="System.Text.StringBuilder">Creating instance of class BrownShoe.UnitTests.Services.Frauds.FraudDetectionServiceTest.
Calling Test method BrownShoe.UnitTests.Services.Frauds.FraudDetectionServiceTest.Microsoft.VisualStudio.TestTools.TestTypes.Unit.TestMethod.
</trace></traceInfo><stdout type="System.String" /><stderr type="System.String" /><debugTrace type="System.String" /><workItemIds type="System.Collections.Generic.List`1[[System.Int32, mscorlib, Version=2.0.0.0, Culture=neutral, PublicKeyToken=b77a5c561934e089]]"><_size type="System.Int32">0</_size><_version type="System.Int32">1</_version></workItemIds><id type="Microsoft.VisualStudio.TestTools.Common.TestResultId"><runId type="System.Guid">3d9a8baa-b9cb-4717-8a94-3c6445344217</runId><executionId type="Microsoft.VisualStudio.TestTools.Common.TestExecId"><id type="System.Guid">3e850923-f06e-472b-a77c-6eaded65adfe</id></executionId><parentExecId type="Microsoft.VisualStudio.TestTools.Common.TestExecId"><id type="System.Guid">00000000-0000-0000-0000-000000000000</id></parentExecId><testId type="Microsoft.VisualStudio.TestTools.Common.TestId"><id type="System.Guid">c2759626-01c8-b393-7616-52703cac459a</id></testId></id><testName type="System.String">ValidateAddressTest</testName><testType type="Microsoft.VisualStudio.TestTools.Common.TestType"><id type="System.Guid">13cdc9d9-ddb5-4fa4-a97d-d965ccfc6d4b</id></testType><messageKind type="Microsoft.VisualStudio.TestTools.Common.TestMessageKind"><value__ type="System.Int32">1</value__></messageKind><computerInfo type="Microsoft.VisualStudio.TestTools.Common.ComputerInfo"><m_computerName type="System.String">ECDATA-TFS01</m_computerName></computerInfo><duration type="System.TimeSpan">00:00:00.0007104</duration><startTime type="System.DateTime"><dateData type="System.UInt64">633673774850316276</dateData></startTime><endTime type="System.DateTime"><dateData type="System.UInt64">633673774850316276</dateData></endTime><spoolMessage type="System.Boolean">True</spoolMessage></UnitTestResult><UnitTestResult type="Microsoft.VisualStudio.TestTools.TestTypes.Unit.UnitTestResult, Microsoft.VisualStudio.QualityTools.Tips.UnitTest.ObjectModel, Version=8.0.0.0, Culture=neutral, PublicKeyToken=b03f5f7f11d50a3a"><resultType type="Microsoft.VisualStudio.TestTools.TestTypes.Unit.UnitTestResultType, Microsoft.VisualStudio.QualityTools.Tips.UnitTest.ObjectModel, Version=8.0.0.0, Culture=neutral, PublicKeyToken=b03f5f7f11d50a3a"><value__ type="System.Int32">0</value__></resultType><m_hasSufficientAccess type="System.Boolean">True</m_hasSufficientAccess><counters type="Microsoft.VisualStudio.TestTools.Common.TestResultCounter"><values type="System.Int32">0,0,0,0,0,0,0,0,0,0,0,0,0,0</values><total type="System.Int32">1</total></counters><categoryId type="Microsoft.VisualStudio.TestTools.Common.TestCategoryId"><id type="System.Guid">8c84fa94-04c1-424b-9868-57a2d4851a1d</id></categoryId><outcome type="Microsoft.VisualStudio.TestTools.Common.TestOutcome"><value__ type="System.Int32">4</value__></outcome><errorInfo type="Microsoft.VisualStudio.TestTools.Common.TestResultErrorInfo"><message type="System.String">Assert.Inconclusive failed. Verify the correctness of this test method</message><stackTrace type="System.String">   at BrownShoe.UnitTests.Services.Inventory.InventoryWSAgent.GetSkusTest()
</stackTrace></errorInfo><traceInfo type="Microsoft.VisualStudio.TestTools.Common.TestExecutionTraceInformation"><trace type="System.Text.StringBuilder">Creating instance of class BrownShoe.UnitTests.Services.Inventory.InventoryWSAgent.
Calling Test method BrownShoe.UnitTests.Services.Inventory.InventoryWSAgent.Microsoft.VisualStudio.TestTools.TestTypes.Unit.TestMethod.
</trace></traceInfo><stdout type="System.String" /><stderr type="System.String" /><debugTrace type="System.String" /><workItemIds type="System.Collections.Generic.List`1[[System.Int32, mscorlib, Version=2.0.0.0, Culture=neutral, PublicKeyToken=b77a5c561934e089]]"><_size type="System.Int32">0</_size><_version type="System.Int32">1</_version></workItemIds><id type="Microsoft.VisualStudio.TestTools.Common.TestResultId"><runId type="System.Guid">3d9a8baa-b9cb-4717-8a94-3c6445344217</runId><executionId type="Microsoft.VisualStudio.TestTools.Common.TestExecId"><id type="System.Guid">0ebbd8fa-7a1c-471a-8d89-fd64db6c80c3</id></executionId><parentExecId type="Microsoft.VisualStudio.TestTools.Common.TestExecId"><id type="System.Guid">00000000-0000-0000-0000-000000000000</id></parentExecId><testId type="Microsoft.VisualStudio.TestTools.Common.TestId"><id type="System.Guid">f80ffaa3-5ea5-ed93-9737-58b514a65e17</id></testId></id><testName type="System.String">GetSkusTest</testName><testType type="Microsoft.VisualStudio.TestTools.Common.TestType"><id type="System.Guid">13cdc9d9-ddb5-4fa4-a97d-d965ccfc6d4b</id></testType><messageKind type="Microsoft.VisualStudio.TestTools.Common.TestMessageKind"><value__ type="System.Int32">1</value__></messageKind><computerInfo type="Microsoft.VisualStudio.TestTools.Common.ComputerInfo"><m_computerName type="System.String">ECDATA-TFS01</m_computerName></computerInfo><duration type="System.TimeSpan">00:00:00.0014761</duration><startTime type="System.DateTime"><dateData type="System.UInt64">633673774850316276</dateData></startTime><endTime type="System.DateTime"><dateData type="System.UInt64">633673774850472536</dateData></endTime><spoolMessage type="System.Boolean">True</spoolMessage></UnitTestResult><UnitTestResult type="Microsoft.VisualStudio.TestTools.TestTypes.Unit.UnitTestResult, Microsoft.VisualStudio.QualityTools.Tips.UnitTest.ObjectModel, Version=8.0.0.0, Culture=neutral, PublicKeyToken=b03f5f7f11d50a3a"><resultType type="Microsoft.VisualStudio.TestTools.TestTypes.Unit.UnitTestResultType, Microsoft.VisualStudio.QualityTools.Tips.UnitTest.ObjectModel, Version=8.0.0.0, Culture=neutral, PublicKeyToken=b03f5f7f11d50a3a"><value__ type="System.Int32">0</value__></resultType><m_hasSufficientAccess type="System.Boolean">True</m_hasSufficientAccess><counters type="Microsoft.VisualStudio.TestTools.Common.TestResultCounter"><values type="System.Int32">0,0,0,0,0,0,0,0,0,0,0,0,0,0</values><total type="System.Int32">1</total></counters><categoryId type="Microsoft.VisualStudio.TestTools.Common.TestCategoryId"><id type="System.Guid">8c84fa94-04c1-424b-9868-57a2d4851a1d</id></categoryId><outcome type="Microsoft.VisualStudio.TestTools.Common.TestOutcome"><value__ type="System.Int32">4</value__></outcome><errorInfo type="Microsoft.VisualStudio.TestTools.Common.TestResultErrorInfo"><message type="System.String">Assert.Inconclusive failed. Verify the correctness of this test method</message><stackTrace type="System.String">   at BrownShoe.UnitTests.Services.Inventory.InventoryWSAgent.ReserveInventoryTest()
</stackTrace></errorInfo><traceInfo type="Microsoft.VisualStudio.TestTools.Common.TestExecutionTraceInformation"><trace type="System.Text.StringBuilder">Creating instance of class BrownShoe.UnitTests.Services.Inventory.InventoryWSAgent.
Calling Test method BrownShoe.UnitTests.Services.Inventory.InventoryWSAgent.Microsoft.VisualStudio.TestTools.TestTypes.Unit.TestMethod.
</trace></traceInfo><stdout type="System.String" /><stderr type="System.String" /><debugTrace type="System.String" /><workItemIds type="System.Collections.Generic.List`1[[System.Int32, mscorlib, Version=2.0.0.0, Culture=neutral, PublicKeyToken=b77a5c561934e089]]"><_size type="System.Int32">0</_size><_version type="System.Int32">1</_version></workItemIds><id type="Microsoft.VisualStudio.TestTools.Common.TestResultId"><runId type="System.Guid">3d9a8baa-b9cb-4717-8a94-3c6445344217</runId><executionId type="Microsoft.VisualStudio.TestTools.Common.TestExecId"><id type="System.Guid">f03af859-da36-49c1-9c51-04150ab00fd8</id></executionId><parentExecId type="Microsoft.VisualStudio.TestTools.Common.TestExecId"><id type="System.Guid">00000000-0000-0000-0000-000000000000</id></parentExecId><testId type="Microsoft.VisualStudio.TestTools.Common.TestId"><id type="System.Guid">46a4c7f0-9a7c-c32a-a9e4-8b23ad3fc62d</id></testId></id><testName type="System.String">ReserveInventoryTest</testName><testType type="Microsoft.VisualStudio.TestTools.Common.TestType"><id type="System.Guid">13cdc9d9-ddb5-4fa4-a97d-d965ccfc6d4b</id></testType><messageKind type="Microsoft.VisualStudio.TestTools.Common.TestMessageKind"><value__ type="System.Int32">1</value__></messageKind><computerInfo type="Microsoft.VisualStudio.TestTools.Common.ComputerInfo"><m_computerName type="System.String">ECDATA-TFS01</m_computerName></computerInfo><duration type="System.TimeSpan">00:00:00.0006130</duration><startTime type="System.DateTime"><dateData type="System.UInt64">633673774850472536</dateData></startTime><endTime type="System.DateTime"><dateData type="System.UInt64">633673774850472536</dateData></endTime><spoolMessage type="System.Boolean">True</spoolMessage></UnitTestResult><UnitTestResult type="Microsoft.VisualStudio.TestTools.TestTypes.Unit.UnitTestResult, Microsoft.VisualStudio.QualityTools.Tips.UnitTest.ObjectModel, Version=8.0.0.0, Culture=neutral, PublicKeyToken=b03f5f7f11d50a3a"><resultType type="Microsoft.VisualStudio.TestTools.TestTypes.Unit.UnitTestResultType, Microsoft.VisualStudio.QualityTools.Tips.UnitTest.ObjectModel, Version=8.0.0.0, Culture=neutral, PublicKeyToken=b03f5f7f11d50a3a"><value__ type="System.Int32">0</value__></resultType><m_hasSufficientAccess type="System.Boolean">True</m_hasSufficientAccess><counters type="Microsoft.VisualStudio.TestTools.Common.TestResultCounter"><values type="System.Int32">0,0,0,0,0,0,0,0,0,0,0,0,0,0</values><total type="System.Int32">1</total></counters><categoryId type="Microsoft.VisualStudio.TestTools.Common.TestCategoryId"><id type="System.Guid">8c84fa94-04c1-424b-9868-57a2d4851a1d</id></categoryId><outcome type="Microsoft.VisualStudio.TestTools.Common.TestOutcome"><value__ type="System.Int32">4</value__></outcome><errorInfo type="Microsoft.VisualStudio.TestTools.Common.TestResultErrorInfo"><message type="System.String">Assert.Inconclusive failed. Verify the correctness of this test method</message><stackTrace type="System.String">   at BrownShoe.UnitTests.Services.Madison.AddressServiceTest.CreateTest()
</stackTrace></errorInfo><traceInfo type="Microsoft.VisualStudio.TestTools.Common.TestExecutionTraceInformation"><trace type="System.Text.StringBuilder">Creating instance of class BrownShoe.UnitTests.Services.Madison.AddressServiceTest.
Calling Test method BrownShoe.UnitTests.Services.Madison.AddressServiceTest.Microsoft.VisualStudio.TestTools.TestTypes.Unit.TestMethod.
</trace></traceInfo><stdout type="System.String" /><stderr type="System.String" /><debugTrace type="System.String" /><workItemIds type="System.Collections.Generic.List`1[[System.Int32, mscorlib, Version=2.0.0.0, Culture=neutral, PublicKeyToken=b77a5c561934e089]]"><_size type="System.Int32">0</_size><_version type="System.Int32">1</_version></workItemIds><id type="Microsoft.VisualStudio.TestTools.Common.TestResultId"><runId type="System.Guid">3d9a8baa-b9cb-4717-8a94-3c6445344217</runId><executionId type="Microsoft.VisualStudio.TestTools.Common.TestExecId"><id type="System.Guid">7103824f-ebba-443f-82b0-255014a16fe1</id></executionId><parentExecId type="Microsoft.VisualStudio.TestTools.Common.TestExecId"><id type="System.Guid">00000000-0000-0000-0000-000000000000</id></parentExecId><testId type="Microsoft.VisualStudio.TestTools.Common.TestId"><id type="System.Guid">3a493e3f-9919-4cf4-1b29-edb9b959d2cb</id></testId></id><testName type="System.String">CreateTest</testName><testType type="Microsoft.VisualStudio.TestTools.Common.TestType"><id type="System.Guid">13cdc9d9-ddb5-4fa4-a97d-d965ccfc6d4b</id></testType><messageKind type="Microsoft.VisualStudio.TestTools.Common.TestMessageKind"><value__ type="System.Int32">1</value__></messageKind><computerInfo type="Microsoft.VisualStudio.TestTools.Common.ComputerInfo"><m_computerName type="System.String">ECDATA-TFS01</m_computerName></computerInfo><duration type="System.TimeSpan">00:00:00.0014341</duration><startTime type="System.DateTime"><dateData type="System.UInt64">633673774850472536</dateData></startTime><endTime type="System.DateTime"><dateData type="System.UInt64">633673774850472536</dateData></endTime><spoolMessage type="System.Boolean">True</spoolMessage></UnitTestResult><UnitTestResult type="Microsoft.VisualStudio.TestTools.TestTypes.Unit.UnitTestResult, Microsoft.VisualStudio.QualityTools.Tips.UnitTest.ObjectModel, Version=8.0.0.0, Culture=neutral, PublicKeyToken=b03f5f7f11d50a3a"><resultType type="Microsoft.VisualStudio.TestTools.TestTypes.Unit.UnitTestResultType, Microsoft.VisualStudio.QualityTools.Tips.UnitTest.ObjectModel, Version=8.0.0.0, Culture=neutral, PublicKeyToken=b03f5f7f11d50a3a"><value__ type="System.Int32">0</value__></resultType><m_hasSufficientAccess type="System.Boolean">True</m_hasSufficientAccess><counters type="Microsoft.VisualStudio.TestTools.Common.TestResultCounter"><values type="System.Int32">0,0,0,0,0,0,0,0,0,0,0,0,0,0</values><total type="System.Int32">1</total></counters><categoryId type="Microsoft.VisualStudio.TestTools.Common.TestCategoryId"><id type="System.Guid">8c84fa94-04c1-424b-9868-57a2d4851a1d</id></categoryId><outcome type="Microsoft.VisualStudio.TestTools.Common.TestOutcome"><value__ type="System.Int32">4</value__></outcome><errorInfo type="Microsoft.VisualStudio.TestTools.Common.TestResultErrorInfo"><message type="System.String">Assert.Inconclusive failed. Verify the correctness of this test method</message><stackTrace type="System.String">   at BrownShoe.UnitTests.Services.Madison.AddressServiceTest.GetAccuMailErrorMessageTest()
</stackTrace></errorInfo><traceInfo type="Microsoft.VisualStudio.TestTools.Common.TestExecutionTraceInformation"><trace type="System.Text.StringBuilder">Creating instance of class BrownShoe.UnitTests.Services.Madison.AddressServiceTest.
Calling Test method BrownShoe.UnitTests.Services.Madison.AddressServiceTest.Microsoft.VisualStudio.TestTools.TestTypes.Unit.TestMethod.
</trace></traceInfo><stdout type="System.String" /><stderr type="System.String" /><debugTrace type="System.String" /><workItemIds type="System.Collections.Generic.List`1[[System.Int32, mscorlib, Version=2.0.0.0, Culture=neutral, PublicKeyToken=b77a5c561934e089]]"><_size type="System.Int32">0</_size><_version type="System.Int32">1</_version></workItemIds><id type="Microsoft.VisualStudio.TestTools.Common.TestResultId"><runId type="System.Guid">3d9a8baa-b9cb-4717-8a94-3c6445344217</runId><executionId type="Microsoft.VisualStudio.TestTools.Common.TestExecId"><id type="System.Guid">e155e514-e88b-40e2-a06e-e0d06e232915</id></executionId><parentExecId type="Microsoft.VisualStudio.TestTools.Common.TestExecId"><id type="System.Guid">00000000-0000-0000-0000-000000000000</id></parentExecId><testId type="Microsoft.VisualStudio.TestTools.Common.TestId"><id type="System.Guid">ba218900-ffed-0550-582e-3ba7c81b8cf0</id></testId></id><testName type="System.String">GetAccuMailErrorMessageTest</testName><testType type="Microsoft.VisualStudio.TestTools.Common.TestType"><id type="System.Guid">13cdc9d9-ddb5-4fa4-a97d-d965ccfc6d4b</id></testType><messageKind type="Microsoft.VisualStudio.TestTools.Common.TestMessageKind"><value__ type="System.Int32">1</value__></messageKind><computerInfo type="Microsoft.VisualStudio.TestTools.Common.ComputerInfo"><m_computerName type="System.String">ECDATA-TFS01</m_computerName></computerInfo><duration type="System.TimeSpan">00:00:00.0006451</duration><startTime type="System.DateTime"><dateData type="System.UInt64">633673774850472536</dateData></startTime><endTime type="System.DateTime"><dateData type="System.UInt64">633673774850628796</dateData></endTime><spoolMessage type="System.Boolean">True</spoolMessage></UnitTestResult><UnitTestResult type="Microsoft.VisualStudio.TestTools.TestTypes.Unit.UnitTestResult, Microsoft.VisualStudio.QualityTools.Tips.UnitTest.ObjectModel, Version=8.0.0.0, Culture=neutral, PublicKeyToken=b03f5f7f11d50a3a"><resultType type="Microsoft.VisualStudio.TestTools.TestTypes.Unit.UnitTestResultType, Microsoft.VisualStudio.QualityTools.Tips.UnitTest.ObjectModel, Version=8.0.0.0, Culture=neutral, PublicKeyToken=b03f5f7f11d50a3a"><value__ type="System.Int32">0</value__></resultType><m_hasSufficientAccess type="System.Boolean">True</m_hasSufficientAccess><counters type="Microsoft.VisualStudio.TestTools.Common.TestResultCounter"><values type="System.Int32">0,0,0,0,0,0,0,0,0,0,0,0,0,0</values><total type="System.Int32">1</total></counters><categoryId type="Microsoft.VisualStudio.TestTools.Common.TestCategoryId"><id type="System.Guid">8c84fa94-04c1-424b-9868-57a2d4851a1d</id></categoryId><outcome type="Microsoft.VisualStudio.TestTools.Common.TestOutcome"><value__ type="System.Int32">4</value__></outcome><errorInfo type="Microsoft.VisualStudio.TestTools.Common.TestResultErrorInfo"><message type="System.String">Assert.Inconclusive failed. Verify the correctness of this test method</message><stackTrace type="System.String">   at BrownShoe.UnitTests.Services.Madison.AddressServiceTest.PurgeTest()
</stackTrace></errorInfo><traceInfo type="Microsoft.VisualStudio.TestTools.Common.TestExecutionTraceInformation"><trace type="System.Text.StringBuilder">Creating instance of class BrownShoe.UnitTests.Services.Madison.AddressServiceTest.
Calling Test method BrownShoe.UnitTests.Services.Madison.AddressServiceTest.Microsoft.VisualStudio.TestTools.TestTypes.Unit.TestMethod.
</trace></traceInfo><stdout type="System.String" /><stderr type="System.String" /><debugTrace type="System.String" /><workItemIds type="System.Collections.Generic.List`1[[System.Int32, mscorlib, Version=2.0.0.0, Culture=neutral, PublicKeyToken=b77a5c561934e089]]"><_size type="System.Int32">0</_size><_version type="System.Int32">1</_version></workItemIds><id type="Microsoft.VisualStudio.TestTools.Common.TestResultId"><runId type="System.Guid">3d9a8baa-b9cb-4717-8a94-3c6445344217</runId><executionId type="Microsoft.VisualStudio.TestTools.Common.TestExecId"><id type="System.Guid">bcd4d986-af57-4779-9a05-de3ee973d589</id></executionId><parentExecId type="Microsoft.VisualStudio.TestTools.Common.TestExecId"><id type="System.Guid">00000000-0000-0000-0000-000000000000</id></parentExecId><testId type="Microsoft.VisualStudio.TestTools.Common.TestId"><id type="System.Guid">0dbf86a0-8d64-cf6a-4bdb-8a1bd994088a</id></testId></id><testName type="System.String">PurgeTest</testName><testType type="Microsoft.VisualStudio.TestTools.Common.TestType"><id type="System.Guid">13cdc9d9-ddb5-4fa4-a97d-d965ccfc6d4b</id></testType><messageKind type="Microsoft.VisualStudio.TestTools.Common.TestMessageKind"><value__ type="System.Int32">1</value__></messageKind><computerInfo type="Microsoft.VisualStudio.TestTools.Common.ComputerInfo"><m_computerName type="System.String">ECDATA-TFS01</m_computerName></computerInfo><duration type="System.TimeSpan">00:00:00.0010051</duration><startTime type="System.DateTime"><dateData type="System.UInt64">633673774850628796</dateData></startTime><endTime type="System.DateTime"><dateData type="System.UInt64">633673774850628796</dateData></endTime><spoolMessage type="System.Boolean">True</spoolMessage></UnitTestResult><UnitTestResult type="Microsoft.VisualStudio.TestTools.TestTypes.Unit.UnitTestResult, Microsoft.VisualStudio.QualityTools.Tips.UnitTest.ObjectModel, Version=8.0.0.0, Culture=neutral, PublicKeyToken=b03f5f7f11d50a3a"><resultType type="Microsoft.VisualStudio.TestTools.TestTypes.Unit.UnitTestResultType, Microsoft.VisualStudio.QualityTools.Tips.UnitTest.ObjectModel, Version=8.0.0.0, Culture=neutral, PublicKeyToken=b03f5f7f11d50a3a"><value__ type="System.Int32">0</value__></resultType><m_hasSufficientAccess type="System.Boolean">True</m_hasSufficientAccess><counters type="Microsoft.VisualStudio.TestTools.Common.TestResultCounter"><values type="System.Int32">0,0,0,0,0,0,0,0,0,0,0,0,0,0</values><total type="System.Int32">1</total></counters><categoryId type="Microsoft.VisualStudio.TestTools.Common.TestCategoryId"><id type="System.Guid">8c84fa94-04c1-424b-9868-57a2d4851a1d</id></categoryId><outcome type="Microsoft.VisualStudio.TestTools.Common.TestOutcome"><value__ type="System.Int32">4</value__></outcome><errorInfo type="Microsoft.VisualStudio.TestTools.Common.TestResultErrorInfo"><message type="System.String">Assert.Inconclusive failed. Verify the correctness of this test method</message><stackTrace type="System.String">   at BrownShoe.UnitTests.Services.Madison.AddressServiceTest.ReadTest()
</stackTrace></errorInfo><traceInfo type="Microsoft.VisualStudio.TestTools.Common.TestExecutionTraceInformation"><trace type="System.Text.StringBuilder">Creating instance of class BrownShoe.UnitTests.Services.Madison.AddressServiceTest.
Calling Test method BrownShoe.UnitTests.Services.Madison.AddressServiceTest.Microsoft.VisualStudio.TestTools.TestTypes.Unit.TestMethod.
</trace></traceInfo><stdout type="System.String" /><stderr type="System.String" /><debugTrace type="System.String" /><workItemIds type="System.Collections.Generic.List`1[[System.Int32, mscorlib, Version=2.0.0.0, Culture=neutral, PublicKeyToken=b77a5c561934e089]]"><_size type="System.Int32">0</_size><_version type="System.Int32">1</_version></workItemIds><id type="Microsoft.VisualStudio.TestTools.Common.TestResultId"><runId type="System.Guid">3d9a8baa-b9cb-4717-8a94-3c6445344217</runId><executionId type="Microsoft.VisualStudio.TestTools.Common.TestExecId"><id type="System.Guid">1c36639f-b3b2-45c0-b627-e2948ac89885</id></executionId><parentExecId type="Microsoft.VisualStudio.TestTools.Common.TestExecId"><id type="System.Guid">00000000-0000-0000-0000-000000000000</id></parentExecId><testId type="Microsoft.VisualStudio.TestTools.Common.TestId"><id type="System.Guid">e3cf340e-bd22-843f-1a35-f713d67f0c18</id></testId></id><testName type="System.String">ReadTest</testName><testType type="Microsoft.VisualStudio.TestTools.Common.TestType"><id type="System.Guid">13cdc9d9-ddb5-4fa4-a97d-d965ccfc6d4b</id></testType><messageKind type="Microsoft.VisualStudio.TestTools.Common.TestMessageKind"><value__ type="System.Int32">1</value__></messageKind><computerInfo type="Microsoft.VisualStudio.TestTools.Common.ComputerInfo"><m_computerName type="System.String">ECDATA-TFS01</m_computerName></computerInfo><duration type="System.TimeSpan">00:00:00.0005878</duration><startTime type="System.DateTime"><dateData type="System.UInt64">633673774850628796</dateData></startTime><endTime type="System.DateTime"><dateData type="System.UInt64">633673774850785056</dateData></endTime><spoolMessage type="System.Boolean">True</spoolMessage></UnitTestResult><UnitTestResult type="Microsoft.VisualStudio.TestTools.TestTypes.Unit.UnitTestResult, Microsoft.VisualStudio.QualityTools.Tips.UnitTest.ObjectModel, Version=8.0.0.0, Culture=neutral, PublicKeyToken=b03f5f7f11d50a3a"><resultType type="Microsoft.VisualStudio.TestTools.TestTypes.Unit.UnitTestResultType, Microsoft.VisualStudio.QualityTools.Tips.UnitTest.ObjectModel, Version=8.0.0.0, Culture=neutral, PublicKeyToken=b03f5f7f11d50a3a"><value__ type="System.Int32">0</value__></resultType><m_hasSufficientAccess type="System.Boolean">True</m_hasSufficientAccess><counters type="Microsoft.VisualStudio.TestTools.Common.TestResultCounter"><values type="System.Int32">0,0,0,0,0,0,0,0,0,0,0,0,0,0</values><total type="System.Int32">1</total></counters><categoryId type="Microsoft.VisualStudio.TestTools.Common.TestCategoryId"><id type="System.Guid">8c84fa94-04c1-424b-9868-57a2d4851a1d</id></categoryId><outcome type="Microsoft.VisualStudio.TestTools.Common.TestOutcome"><value__ type="System.Int32">4</value__></outcome><errorInfo type="Microsoft.VisualStudio.TestTools.Common.TestResultErrorInfo"><message type="System.String">Assert.Inconclusive failed. Verify the correctness of this test method</message><stackTrace type="System.String">   at BrownShoe.UnitTests.Services.Madison.GrandOpeningServiceTest.AddTest()
</stackTrace></errorInfo><traceInfo type="Microsoft.VisualStudio.TestTools.Common.TestExecutionTraceInformation"><trace type="System.Text.StringBuilder">Creating instance of class BrownShoe.UnitTests.Services.Madison.GrandOpeningServiceTest.
Calling Test method BrownShoe.UnitTests.Services.Madison.GrandOpeningServiceTest.Microsoft.VisualStudio.TestTools.TestTypes.Unit.TestMethod.
</trace></traceInfo><stdout type="System.String" /><stderr type="System.String" /><debugTrace type="System.String" /><workItemIds type="System.Collections.Generic.List`1[[System.Int32, mscorlib, Version=2.0.0.0, Culture=neutral, PublicKeyToken=b77a5c561934e089]]"><_size type="System.Int32">0</_size><_version type="System.Int32">1</_version></workItemIds><id type="Microsoft.VisualStudio.TestTools.Common.TestResultId"><runId type="System.Guid">3d9a8baa-b9cb-4717-8a94-3c6445344217</runId><executionId type="Microsoft.VisualStudio.TestTools.Common.TestExecId"><id type="System.Guid">89902f86-ab9c-4dc8-a4e4-2f0c6b2a1e56</id></executionId><parentExecId type="Microsoft.VisualStudio.TestTools.Common.TestExecId"><id type="System.Guid">00000000-0000-0000-0000-000000000000</id></parentExecId><testId type="Microsoft.VisualStudio.TestTools.Common.TestId"><id type="System.Guid">cbfbc7e9-f6fc-c8dc-f543-3c87977e4a85</id></testId></id><testName type="System.String">AddTest</testName><testType type="Microsoft.VisualStudio.TestTools.Common.TestType"><id type="System.Guid">13cdc9d9-ddb5-4fa4-a97d-d965ccfc6d4b</id></testType><messageKind type="Microsoft.VisualStudio.TestTools.Common.TestMessageKind"><value__ type="System.Int32">1</value__></messageKind><computerInfo type="Microsoft.VisualStudio.TestTools.Common.ComputerInfo"><m_computerName type="System.String">ECDATA-TFS01</m_computerName></computerInfo><duration type="System.TimeSpan">00:00:00.0025872</duration><startTime type="System.DateTime"><dateData type="System.UInt64">633673774850785056</dateData></startTime><endTime type="System.DateTime"><dateData type="System.UInt64">633673774850785056</dateData></endTime><spoolMessage type="System.Boolean">True</spoolMessage></UnitTestResult><UnitTestResult type="Microsoft.VisualStudio.TestTools.TestTypes.Unit.UnitTestResult, Microsoft.VisualStudio.QualityTools.Tips.UnitTest.ObjectModel, Version=8.0.0.0, Culture=neutral, PublicKeyToken=b03f5f7f11d50a3a"><resultType type="Microsoft.VisualStudio.TestTools.TestTypes.Unit.UnitTestResultType, Microsoft.VisualStudio.QualityTools.Tips.UnitTest.ObjectModel, Version=8.0.0.0, Culture=neutral, PublicKeyToken=b03f5f7f11d50a3a"><value__ type="System.Int32">0</value__></resultType><m_hasSufficientAccess type="System.Boolean">True</m_hasSufficientAccess><counters type="Microsoft.VisualStudio.TestTools.Common.TestResultCounter"><values type="System.Int32">0,0,0,0,0,0,0,0,0,0,0,0,0,0</values><total type="System.Int32">1</total></counters><categoryId type="Microsoft.VisualStudio.TestTools.Common.TestCategoryId"><id type="System.Guid">8c84fa94-04c1-424b-9868-57a2d4851a1d</id></categoryId><outcome type="Microsoft.VisualStudio.TestTools.Common.TestOutcome"><value__ type="System.Int32">4</value__></outcome><errorInfo type="Microsoft.VisualStudio.TestTools.Common.TestResultErrorInfo"><message type="System.String">Assert.Inconclusive failed. Verify the correctness of this test method</message><stackTrace type="System.String">   at BrownShoe.UnitTests.Services.Madison.GrandOpeningServiceTest.DeleteTest()
</stackTrace></errorInfo><traceInfo type="Microsoft.VisualStudio.TestTools.Common.TestExecutionTraceInformation"><trace type="System.Text.StringBuilder">Creating instance of class BrownShoe.UnitTests.Services.Madison.GrandOpeningServiceTest.
Calling Test method BrownShoe.UnitTests.Services.Madison.GrandOpeningServiceTest.Microsoft.VisualStudio.TestTools.TestTypes.Unit.TestMethod.
</trace></traceInfo><stdout type="System.String" /><stderr type="System.String" /><debugTrace type="System.String" /><workItemIds type="System.Collections.Generic.List`1[[System.Int32, mscorlib, Version=2.0.0.0, Culture=neutral, PublicKeyToken=b77a5c561934e089]]"><_size type="System.Int32">0</_size><_version type="System.Int32">1</_version></workItemIds><id type="Microsoft.VisualStudio.TestTools.Common.TestResultId"><runId type="System.Guid">3d9a8baa-b9cb-4717-8a94-3c6445344217</runId><executionId type="Microsoft.VisualStudio.TestTools.Common.TestExecId"><id type="System.Guid">2a2311a3-fc75-4b97-ab0f-d2cd0700656f</id></executionId><parentExecId type="Microsoft.VisualStudio.TestTools.Common.TestExecId"><id type="System.Guid">00000000-0000-0000-0000-000000000000</id></parentExecId><testId type="Microsoft.VisualStudio.TestTools.Common.TestId"><id type="System.Guid">dd659e9b-0fcf-d968-3559-112877ba7e86</id></testId></id><testName type="System.String">DeleteTest</testName><testType type="Microsoft.VisualStudio.TestTools.Common.TestType"><id type="System.Guid">13cdc9d9-ddb5-4fa4-a97d-d965ccfc6d4b</id></testType><messageKind type="Microsoft.VisualStudio.TestTools.Common.TestMessageKind"><value__ type="System.Int32">1</value__></messageKind><computerInfo type="Microsoft.VisualStudio.TestTools.Common.ComputerInfo"><m_computerName type="System.String">ECDATA-TFS01</m_computerName></computerInfo><duration type="System.TimeSpan">00:00:00.0006684</duration><startTime type="System.DateTime"><dateData type="System.UInt64">633673774850785056</dateData></startTime><endTime type="System.DateTime"><dateData type="System.UInt64">633673774850941316</dateData></endTime><spoolMessage type="System.Boolean">True</spoolMessage></UnitTestResult><UnitTestResult type="Microsoft.VisualStudio.TestTools.TestTypes.Unit.UnitTestResult, Microsoft.VisualStudio.QualityTools.Tips.UnitTest.ObjectModel, Version=8.0.0.0, Culture=neutral, PublicKeyToken=b03f5f7f11d50a3a"><resultType type="Microsoft.VisualStudio.TestTools.TestTypes.Unit.UnitTestResultType, Microsoft.VisualStudio.QualityTools.Tips.UnitTest.ObjectModel, Version=8.0.0.0, Culture=neutral, PublicKeyToken=b03f5f7f11d50a3a"><value__ type="System.Int32">0</value__></resultType><m_hasSufficientAccess type="System.Boolean">True</m_hasSufficientAccess><counters type="Microsoft.VisualStudio.TestTools.Common.TestResultCounter"><values type="System.Int32">0,0,0,0,0,0,0,0,0,0,0,0,0,0</values><total type="System.Int32">1</total></counters><categoryId type="Microsoft.VisualStudio.TestTools.Common.TestCategoryId"><id type="System.Guid">8c84fa94-04c1-424b-9868-57a2d4851a1d</id></categoryId><outcome type="Microsoft.VisualStudio.TestTools.Common.TestOutcome"><value__ type="System.Int32">4</value__></outcome><errorInfo type="Microsoft.VisualStudio.TestTools.Common.TestResultErrorInfo"><message type="System.String">Assert.Inconclusive failed. Verify the correctness of this test method</message><stackTrace type="System.String">   at BrownShoe.UnitTests.Services.Madison.GrandOpeningServiceTest.GetActiveTest()
</stackTrace></errorInfo><traceInfo type="Microsoft.VisualStudio.TestTools.Common.TestExecutionTraceInformation"><trace type="System.Text.StringBuilder">Creating instance of class BrownShoe.UnitTests.Services.Madison.GrandOpeningServiceTest.
Calling Test method BrownShoe.UnitTests.Services.Madison.GrandOpeningServiceTest.Microsoft.VisualStudio.TestTools.TestTypes.Unit.TestMethod.
</trace></traceInfo><stdout type="System.String" /><stderr type="System.String" /><debugTrace type="System.String" /><workItemIds type="System.Collections.Generic.List`1[[System.Int32, mscorlib, Version=2.0.0.0, Culture=neutral, PublicKeyToken=b77a5c561934e089]]"><_size type="System.Int32">0</_size><_version type="System.Int32">1</_version></workItemIds><id type="Microsoft.VisualStudio.TestTools.Common.TestResultId"><runId type="System.Guid">3d9a8baa-b9cb-4717-8a94-3c6445344217</runId><executionId type="Microsoft.VisualStudio.TestTools.Common.TestExecId"><id type="System.Guid">8acb4248-7e61-4aee-9867-6d89befcfba8</id></executionId><parentExecId type="Microsoft.VisualStudio.TestTools.Common.TestExecId"><id type="System.Guid">00000000-0000-0000-0000-000000000000</id></parentExecId><testId type="Microsoft.VisualStudio.TestTools.Common.TestId"><id type="System.Guid">067affe7-e30c-d297-35a2-cd4fce1b899f</id></testId></id><testName type="System.String">GetActiveTest</testName><testType type="Microsoft.VisualStudio.TestTools.Common.TestType"><id type="System.Guid">13cdc9d9-ddb5-4fa4-a97d-d965ccfc6d4b</id></testType><messageKind type="Microsoft.VisualStudio.TestTools.Common.TestMessageKind"><value__ type="System.Int32">1</value__></messageKind><computerInfo type="Microsoft.VisualStudio.TestTools.Common.ComputerInfo"><m_computerName type="System.String">ECDATA-TFS01</m_computerName></computerInfo><duration type="System.TimeSpan">00:00:00.0006591</duration><startTime type="System.DateTime"><dateData type="System.UInt64">633673774850941316</dateData></startTime><endTime type="System.DateTime"><dateData type="System.UInt64">633673774850941316</dateData></endTime><spoolMessage type="System.Boolean">True</spoolMessage></UnitTestResult><UnitTestResult type="Microsoft.VisualStudio.TestTools.TestTypes.Unit.UnitTestResult, Microsoft.VisualStudio.QualityTools.Tips.UnitTest.ObjectModel, Version=8.0.0.0, Culture=neutral, PublicKeyToken=b03f5f7f11d50a3a"><resultType type="Microsoft.VisualStudio.TestTools.TestTypes.Unit.UnitTestResultType, Microsoft.VisualStudio.QualityTools.Tips.UnitTest.ObjectModel, Version=8.0.0.0, Culture=neutral, PublicKeyToken=b03f5f7f11d50a3a"><value__ type="System.Int32">0</value__></resultType><m_hasSufficientAccess type="System.Boolean">True</m_hasSufficientAccess><counters type="Microsoft.VisualStudio.TestTools.Common.TestResultCounter"><values type="System.Int32">0,0,0,0,0,0,0,0,0,0,0,0,0,0</values><total type="System.Int32">1</total></counters><categoryId type="Microsoft.VisualStudio.TestTools.Common.TestCategoryId"><id type="System.Guid">8c84fa94-04c1-424b-9868-57a2d4851a1d</id></categoryId><outcome type="Microsoft.VisualStudio.TestTools.Common.TestOutcome"><value__ type="System.Int32">4</value__></outcome><errorInfo type="Microsoft.VisualStudio.TestTools.Common.TestResultErrorInfo"><message type="System.String">Assert.Inconclusive failed. Verify the correctness of this test method</message><stackTrace type="System.String">   at BrownShoe.UnitTests.Services.Madison.GrandOpeningServiceTest.GetAllTest()
</stackTrace></errorInfo><traceInfo type="Microsoft.VisualStudio.TestTools.Common.TestExecutionTraceInformation"><trace type="System.Text.StringBuilder">Creating instance of class BrownShoe.UnitTests.Services.Madison.GrandOpeningServiceTest.
Calling Test method BrownShoe.UnitTests.Services.Madison.GrandOpeningServiceTest.Microsoft.VisualStudio.TestTools.TestTypes.Unit.TestMethod.
</trace></traceInfo><stdout type="System.String" /><stderr type="System.String" /><debugTrace type="System.String" /><workItemIds type="System.Collections.Generic.List`1[[System.Int32, mscorlib, Version=2.0.0.0, Culture=neutral, PublicKeyToken=b77a5c561934e089]]"><_size type="System.Int32">0</_size><_version type="System.Int32">1</_version></workItemIds><id type="Microsoft.VisualStudio.TestTools.Common.TestResultId"><runId type="System.Guid">3d9a8baa-b9cb-4717-8a94-3c6445344217</runId><executionId type="Microsoft.VisualStudio.TestTools.Common.TestExecId"><id type="System.Guid">e6be459c-aca6-4d1c-b21e-c3410eadcfd0</id></executionId><parentExecId type="Microsoft.VisualStudio.TestTools.Common.TestExecId"><id type="System.Guid">00000000-0000-0000-0000-000000000000</id></parentExecId><testId type="Microsoft.VisualStudio.TestTools.Common.TestId"><id type="System.Guid">f5b8ecc6-4aa3-6e42-8018-04040f188816</id></testId></id><testName type="System.String">GetAllTest</testName><testType type="Microsoft.VisualStudio.TestTools.Common.TestType"><id type="System.Guid">13cdc9d9-ddb5-4fa4-a97d-d965ccfc6d4b</id></testType><messageKind type="Microsoft.VisualStudio.TestTools.Common.TestMessageKind"><value__ type="System.Int32">1</value__></messageKind><computerInfo type="Microsoft.VisualStudio.TestTools.Common.ComputerInfo"><m_computerName type="System.String">ECDATA-TFS01</m_computerName></computerInfo><duration type="System.TimeSpan">00:00:00.0007508</duration><startTime type="System.DateTime"><dateData type="System.UInt64">633673774850941316</dateData></startTime><endTime type="System.DateTime"><dateData type="System.UInt64">633673774850941316</dateData></endTime><spoolMessage type="System.Boolean">True</spoolMessage></UnitTestResult><UnitTestResult type="Microsoft.VisualStudio.TestTools.TestTypes.Unit.UnitTestResult, Microsoft.VisualStudio.QualityTools.Tips.UnitTest.ObjectModel, Version=8.0.0.0, Culture=neutral, PublicKeyToken=b03f5f7f11d50a3a"><resultType type="Microsoft.VisualStudio.TestTools.TestTypes.Unit.UnitTestResultType, Microsoft.VisualStudio.QualityTools.Tips.UnitTest.ObjectModel, Version=8.0.0.0, Culture=neutral, PublicKeyToken=b03f5f7f11d50a3a"><value__ type="System.Int32">0</value__></resultType><m_hasSufficientAccess type="System.Boolean">True</m_hasSufficientAccess><counters type="Microsoft.VisualStudio.TestTools.Common.TestResultCounter"><values type="System.Int32">0,0,0,0,0,0,0,0,0,0,0,0,0,0</values><total type="System.Int32">1</total></counters><categoryId type="Microsoft.VisualStudio.TestTools.Common.TestCategoryId"><id type="System.Guid">8c84fa94-04c1-424b-9868-57a2d4851a1d</id></categoryId><outcome type="Microsoft.VisualStudio.TestTools.Common.TestOutcome"><value__ type="System.Int32">4</value__></outcome><errorInfo type="Microsoft.VisualStudio.TestTools.Common.TestResultErrorInfo"><message type="System.String">Assert.Inconclusive failed. Verify the correctness of this test method</message><stackTrace type="System.String">   at BrownShoe.UnitTests.Services.Madison.GrandOpeningServiceTest.GetByIDTest()
</stackTrace></errorInfo><traceInfo type="Microsoft.VisualStudio.TestTools.Common.TestExecutionTraceInformation"><trace type="System.Text.StringBuilder">Creating instance of class BrownShoe.UnitTests.Services.Madison.GrandOpeningServiceTest.
Calling Test method BrownShoe.UnitTests.Services.Madison.GrandOpeningServiceTest.Microsoft.VisualStudio.TestTools.TestTypes.Unit.TestMethod.
</trace></traceInfo><stdout type="System.String" /><stderr type="System.String" /><debugTrace type="System.String" /><workItemIds type="System.Collections.Generic.List`1[[System.Int32, mscorlib, Version=2.0.0.0, Culture=neutral, PublicKeyToken=b77a5c561934e089]]"><_size type="System.Int32">0</_size><_version type="System.Int32">1</_version></workItemIds><id type="Microsoft.VisualStudio.TestTools.Common.TestResultId"><runId type="System.Guid">3d9a8baa-b9cb-4717-8a94-3c6445344217</runId><executionId type="Microsoft.VisualStudio.TestTools.Common.TestExecId"><id type="System.Guid">368bef38-9e57-49fc-be55-279f0e2966a8</id></executionId><parentExecId type="Microsoft.VisualStudio.TestTools.Common.TestExecId"><id type="System.Guid">00000000-0000-0000-0000-000000000000</id></parentExecId><testId type="Microsoft.VisualStudio.TestTools.Common.TestId"><id type="System.Guid">d24b919a-e5c5-a281-e4d4-031d989ab3a0</id></testId></id><testName type="System.String">GetByIDTest</testName><testType type="Microsoft.VisualStudio.TestTools.Common.TestType"><id type="System.Guid">13cdc9d9-ddb5-4fa4-a97d-d965ccfc6d4b</id></testType><messageKind type="Microsoft.VisualStudio.TestTools.Common.TestMessageKind"><value__ type="System.Int32">1</value__></messageKind><computerInfo type="Microsoft.VisualStudio.TestTools.Common.ComputerInfo"><m_computerName type="System.String">ECDATA-TFS01</m_computerName></computerInfo><duration type="System.TimeSpan">00:00:00.0016734</duration><startTime type="System.DateTime"><dateData type="System.UInt64">633673774850941316</dateData></startTime><endTime type="System.DateTime"><dateData type="System.UInt64">633673774851097576</dateData></endTime><spoolMessage type="System.Boolean">True</spoolMessage></UnitTestResult><UnitTestResult type="Microsoft.VisualStudio.TestTools.TestTypes.Unit.UnitTestResult, Microsoft.VisualStudio.QualityTools.Tips.UnitTest.ObjectModel, Version=8.0.0.0, Culture=neutral, PublicKeyToken=b03f5f7f11d50a3a"><resultType type="Microsoft.VisualStudio.TestTools.TestTypes.Unit.UnitTestResultType, Microsoft.VisualStudio.QualityTools.Tips.UnitTest.ObjectModel, Version=8.0.0.0, Culture=neutral, PublicKeyToken=b03f5f7f11d50a3a"><value__ type="System.Int32">0</value__></resultType><m_hasSufficientAccess type="System.Boolean">True</m_hasSufficientAccess><counters type="Microsoft.VisualStudio.TestTools.Common.TestResultCounter"><values type="System.Int32">0,0,0,0,0,0,0,0,0,0,0,0,0,0</values><total type="System.Int32">1</total></counters><categoryId type="Microsoft.VisualStudio.TestTools.Common.TestCategoryId"><id type="System.Guid">8c84fa94-04c1-424b-9868-57a2d4851a1d</id></categoryId><outcome type="Microsoft.VisualStudio.TestTools.Common.TestOutcome"><value__ type="System.Int32">10</value__></outcome><traceInfo type="Microsoft.VisualStudio.TestTools.Common.TestExecutionTraceInformation"><trace type="System.Text.StringBuilder">Creating instance of class BrownShoe.UnitTests.Services.Madison.HomeDeliveryOrderLineTest.
Calling Test method BrownShoe.UnitTests.Services.Madison.HomeDeliveryOrderLineTest.Microsoft.VisualStudio.TestTools.TestTypes.Unit.TestMethod.
</trace></traceInfo><stdout type="System.String" /><stderr type="System.String" /><debugTrace type="System.String" /><workItemIds type="System.Collections.Generic.List`1[[System.Int32, mscorlib, Version=2.0.0.0, Culture=neutral, PublicKeyToken=b77a5c561934e089]]"><_size type="System.Int32">0</_size><_version type="System.Int32">1</_version></workItemIds><id type="Microsoft.VisualStudio.TestTools.Common.TestResultId"><runId type="System.Guid">3d9a8baa-b9cb-4717-8a94-3c6445344217</runId><executionId type="Microsoft.VisualStudio.TestTools.Common.TestExecId"><id type="System.Guid">526d0e55-73b3-4bbb-a348-7f31a1ba5826</id></executionId><parentExecId type="Microsoft.VisualStudio.TestTools.Common.TestExecId"><id type="System.Guid">00000000-0000-0000-0000-000000000000</id></parentExecId><testId type="Microsoft.VisualStudio.TestTools.Common.TestId"><id type="System.Guid">8deeb89a-095f-067e-8640-f0546875ce95</id></testId></id><testName type="System.String">CarrierIdTest</testName><testType type="Microsoft.VisualStudio.TestTools.Common.TestType"><id type="System.Guid">13cdc9d9-ddb5-4fa4-a97d-d965ccfc6d4b</id></testType><messageKind type="Microsoft.VisualStudio.TestTools.Common.TestMessageKind"><value__ type="System.Int32">1</value__></messageKind><computerInfo type="Microsoft.VisualStudio.TestTools.Common.ComputerInfo"><m_computerName type="System.String">ECDATA-TFS01</m_computerName></computerInfo><duration type="System.TimeSpan">00:00:00.0021083</duration><startTime type="System.DateTime"><dateData type="System.UInt64">633673774851097576</dateData></startTime><endTime type="System.DateTime"><dateData type="System.UInt64">633673774851097576</dateData></endTime><spoolMessage type="System.Boolean">True</spoolMessage></UnitTestResult><UnitTestResult type="Microsoft.VisualStudio.TestTools.TestTypes.Unit.UnitTestResult, Microsoft.VisualStudio.QualityTools.Tips.UnitTest.ObjectModel, Version=8.0.0.0, Culture=neutral, PublicKeyToken=b03f5f7f11d50a3a"><resultType type="Microsoft.VisualStudio.TestTools.TestTypes.Unit.UnitTestResultType, Microsoft.VisualStudio.QualityTools.Tips.UnitTest.ObjectModel, Version=8.0.0.0, Culture=neutral, PublicKeyToken=b03f5f7f11d50a3a"><value__ type="System.Int32">0</value__></resultType><m_hasSufficientAccess type="System.Boolean">True</m_hasSufficientAccess><counters type="Microsoft.VisualStudio.TestTools.Common.TestResultCounter"><values type="System.Int32">0,0,0,0,0,0,0,0,0,0,0,0,0,0</values><total type="System.Int32">1</total></counters><categoryId type="Microsoft.VisualStudio.TestTools.Common.TestCategoryId"><id type="System.Guid">8c84fa94-04c1-424b-9868-57a2d4851a1d</id></categoryId><outcome type="Microsoft.VisualStudio.TestTools.Common.TestOutcome"><value__ type="System.Int32">10</value__></outcome><traceInfo type="Microsoft.VisualStudio.TestTools.Common.TestExecutionTraceInformation"><trace type="System.Text.StringBuilder">Creating instance of class BrownShoe.UnitTests.Services.Madison.HomeDeliveryOrderLineTest.
Calling Test method BrownShoe.UnitTests.Services.Madison.HomeDeliveryOrderLineTest.Microsoft.VisualStudio.TestTools.TestTypes.Unit.TestMethod.
</trace></traceInfo><stdout type="System.String" /><stderr type="System.String" /><debugTrace type="System.String" /><workItemIds type="System.Collections.Generic.List`1[[System.Int32, mscorlib, Version=2.0.0.0, Culture=neutral, PublicKeyToken=b77a5c561934e089]]"><_size type="System.Int32">0</_size><_version type="System.Int32">1</_version></workItemIds><id type="Microsoft.VisualStudio.TestTools.Common.TestResultId"><runId type="System.Guid">3d9a8baa-b9cb-4717-8a94-3c6445344217</runId><executionId type="Microsoft.VisualStudio.TestTools.Common.TestExecId"><id type="System.Guid">850fa2ad-37d6-4a67-9b18-a6e10c7eb7e5</id></executionId><parentExecId type="Microsoft.VisualStudio.TestTools.Common.TestExecId"><id type="System.Guid">00000000-0000-0000-0000-000000000000</id></parentExecId><testId type="Microsoft.VisualStudio.TestTools.Common.TestId"><id type="System.Guid">eaf69837-3459-b27f-d881-51f4fbb722eb</id></testId></id><testName type="System.String">PriceTest</testName><testType type="Microsoft.VisualStudio.TestTools.Common.TestType"><id type="System.Guid">13cdc9d9-ddb5-4fa4-a97d-d965ccfc6d4b</id></testType><messageKind type="Microsoft.VisualStudio.TestTools.Common.TestMessageKind"><value__ type="System.Int32">1</value__></messageKind><computerInfo type="Microsoft.VisualStudio.TestTools.Common.ComputerInfo"><m_computerName type="System.String">ECDATA-TFS01</m_computerName></computerInfo><duration type="System.TimeSpan">00:00:00.0056726</duration><startTime type="System.DateTime"><dateData type="System.UInt64">633673774851097576</dateData></startTime><endTime type="System.DateTime"><dateData type="System.UInt64">633673774851253836</dateData></endTime><spoolMessage type="System.Boolean">True</spoolMessage></UnitTestResult><UnitTestResult type="Microsoft.VisualStudio.TestTools.TestTypes.Unit.UnitTestResult, Microsoft.VisualStudio.QualityTools.Tips.UnitTest.ObjectModel, Version=8.0.0.0, Culture=neutral, PublicKeyToken=b03f5f7f11d50a3a"><resultType type="Microsoft.VisualStudio.TestTools.TestTypes.Unit.UnitTestResultType, Microsoft.VisualStudio.QualityTools.Tips.UnitTest.ObjectModel, Version=8.0.0.0, Culture=neutral, PublicKeyToken=b03f5f7f11d50a3a"><value__ type="System.Int32">0</value__></resultType><m_hasSufficientAccess type="System.Boolean">True</m_hasSufficientAccess><counters type="Microsoft.VisualStudio.TestTools.Common.TestResultCounter"><values type="System.Int32">0,0,0,0,0,0,0,0,0,0,0,0,0,0</values><total type="System.Int32">1</total></counters><categoryId type="Microsoft.VisualStudio.TestTools.Common.TestCategoryId"><id type="System.Guid">8c84fa94-04c1-424b-9868-57a2d4851a1d</id></categoryId><outcome type="Microsoft.VisualStudio.TestTools.Common.TestOutcome"><value__ type="System.Int32">10</value__></outcome><traceInfo type="Microsoft.VisualStudio.TestTools.Common.TestExecutionTraceInformation"><trace type="System.Text.StringBuilder">Creating instance of class BrownShoe.UnitTests.Services.Madison.HomeDeliveryOrderLineTest.
Calling Test method BrownShoe.UnitTests.Services.Madison.HomeDeliveryOrderLineTest.Microsoft.VisualStudio.TestTools.TestTypes.Unit.TestMethod.
</trace></traceInfo><stdout type="System.String" /><stderr type="System.String" /><debugTrace type="System.String" /><workItemIds type="System.Collections.Generic.List`1[[System.Int32, mscorlib, Version=2.0.0.0, Culture=neutral, PublicKeyToken=b77a5c561934e089]]"><_size type="System.Int32">0</_size><_version type="System.Int32">1</_version></workItemIds><id type="Microsoft.VisualStudio.TestTools.Common.TestResultId"><runId type="System.Guid">3d9a8baa-b9cb-4717-8a94-3c6445344217</runId><executionId type="Microsoft.VisualStudio.TestTools.Common.TestExecId"><id type="System.Guid">2839624d-867f-49b9-8b3b-5bee658ebc6d</id></executionId><parentExecId type="Microsoft.VisualStudio.TestTools.Common.TestExecId"><id type="System.Guid">00000000-0000-0000-0000-000000000000</id></parentExecId><testId type="Microsoft.VisualStudio.TestTools.Common.TestId"><id type="System.Guid">e04edd1f-adc1-3b54-7b30-ac7c13757c73</id></testId></id><testName type="System.String">QuantityTest</testName><testType type="Microsoft.VisualStudio.TestTools.Common.TestType"><id type="System.Guid">13cdc9d9-ddb5-4fa4-a97d-d965ccfc6d4b</id></testType><messageKind type="Microsoft.VisualStudio.TestTools.Common.TestMessageKind"><value__ type="System.Int32">1</value__></messageKind><computerInfo type="Microsoft.VisualStudio.TestTools.Common.ComputerInfo"><m_computerName type="System.String">ECDATA-TFS01</m_computerName></computerInfo><duration type="System.TimeSpan">00:00:00.0023086</duration><startTime type="System.DateTime"><dateData type="System.UInt64">633673774851253836</dateData></startTime><endTime type="System.DateTime"><dateData type="System.UInt64">633673774851410096</dateData></endTime><spoolMessage type="System.Boolean">True</spoolMessage></UnitTestResult><UnitTestResult type="Microsoft.VisualStudio.TestTools.TestTypes.Unit.UnitTestResult, Microsoft.VisualStudio.QualityTools.Tips.UnitTest.ObjectModel, Version=8.0.0.0, Culture=neutral, PublicKeyToken=b03f5f7f11d50a3a"><resultType type="Microsoft.VisualStudio.TestTools.TestTypes.Unit.UnitTestResultType, Microsoft.VisualStudio.QualityTools.Tips.UnitTest.ObjectModel, Version=8.0.0.0, Culture=neutral, PublicKeyToken=b03f5f7f11d50a3a"><value__ type="System.Int32">0</value__></resultType><m_hasSufficientAccess type="System.Boolean">True</m_hasSufficientAccess><counters type="Microsoft.VisualStudio.TestTools.Common.TestResultCounter"><values type="System.Int32">0,0,0,0,0,0,0,0,0,0,0,0,0,0</values><total type="System.Int32">1</total></counters><categoryId type="Microsoft.VisualStudio.TestTools.Common.TestCategoryId"><id type="System.Guid">8c84fa94-04c1-424b-9868-57a2d4851a1d</id></categoryId><outcome type="Microsoft.VisualStudio.TestTools.Common.TestOutcome"><value__ type="System.Int32">10</value__></outcome><traceInfo type="Microsoft.VisualStudio.TestTools.Common.TestExecutionTraceInformation"><trace type="System.Text.StringBuilder">Creating instance of class BrownShoe.UnitTests.Services.Madison.HomeDeliveryOrderLineTest.
Calling Test method BrownShoe.UnitTests.Services.Madison.HomeDeliveryOrderLineTest.Microsoft.VisualStudio.TestTools.TestTypes.Unit.TestMethod.
</trace></traceInfo><stdout type="System.String" /><stderr type="System.String" /><debugTrace type="System.String" /><workItemIds type="System.Collections.Generic.List`1[[System.Int32, mscorlib, Version=2.0.0.0, Culture=neutral, PublicKeyToken=b77a5c561934e089]]"><_size type="System.Int32">0</_size><_version type="System.Int32">1</_version></workItemIds><id type="Microsoft.VisualStudio.TestTools.Common.TestResultId"><runId type="System.Guid">3d9a8baa-b9cb-4717-8a94-3c6445344217</runId><executionId type="Microsoft.VisualStudio.TestTools.Common.TestExecId"><id type="System.Guid">0ad9241d-58ba-4bd8-a9c4-7f8394a34d83</id></executionId><parentExecId type="Microsoft.VisualStudio.TestTools.Common.TestExecId"><id type="System.Guid">00000000-0000-0000-0000-000000000000</id></parentExecId><testId type="Microsoft.VisualStudio.TestTools.Common.TestId"><id type="System.Guid">c29ea641-fc01-4cf2-1cca-b39dc3c25f0e</id></testId></id><testName type="System.String">SizeTest</testName><testType type="Microsoft.VisualStudio.TestTools.Common.TestType"><id type="System.Guid">13cdc9d9-ddb5-4fa4-a97d-d965ccfc6d4b</id></testType><messageKind type="Microsoft.VisualStudio.TestTools.Common.TestMessageKind"><value__ type="System.Int32">1</value__></messageKind><computerInfo type="Microsoft.VisualStudio.TestTools.Common.ComputerInfo"><m_computerName type="System.String">ECDATA-TFS01</m_computerName></computerInfo><duration type="System.TimeSpan">00:00:00.0007482</duration><startTime type="System.DateTime"><dateData type="System.UInt64">633673774851410096</dateData></startTime><endTime type="System.DateTime"><dateData type="System.UInt64">633673774851410096</dateData></endTime><spoolMessage type="System.Boolean">True</spoolMessage></UnitTestResult><UnitTestResult type="Microsoft.VisualStudio.TestTools.TestTypes.Unit.UnitTestResult, Microsoft.VisualStudio.QualityTools.Tips.UnitTest.ObjectModel, Version=8.0.0.0, Culture=neutral, PublicKeyToken=b03f5f7f11d50a3a"><resultType type="Microsoft.VisualStudio.TestTools.TestTypes.Unit.UnitTestResultType, Microsoft.VisualStudio.QualityTools.Tips.UnitTest.ObjectModel, Version=8.0.0.0, Culture=neutral, PublicKeyToken=b03f5f7f11d50a3a"><value__ type="System.Int32">0</value__></resultType><m_hasSufficientAccess type="System.Boolean">True</m_hasSufficientAccess><counters type="Microsoft.VisualStudio.TestTools.Common.TestResultCounter"><values type="System.Int32">0,0,0,0,0,0,0,0,0,0,0,0,0,0</values><total type="System.Int32">1</total></counters><categoryId type="Microsoft.VisualStudio.TestTools.Common.TestCategoryId"><id type="System.Guid">8c84fa94-04c1-424b-9868-57a2d4851a1d</id></categoryId><outcome type="Microsoft.VisualStudio.TestTools.Common.TestOutcome"><value__ type="System.Int32">10</value__></outcome><traceInfo type="Microsoft.VisualStudio.TestTools.Common.TestExecutionTraceInformation"><trace type="System.Text.StringBuilder">Creating instance of class BrownShoe.UnitTests.Services.Madison.HomeDeliveryOrderLineTest.
Calling Test method BrownShoe.UnitTests.Services.Madison.HomeDeliveryOrderLineTest.Microsoft.VisualStudio.TestTools.TestTypes.Unit.TestMethod.
</trace></traceInfo><stdout type="System.String" /><stderr type="System.String" /><debugTrace type="System.String" /><workItemIds type="System.Collections.Generic.List`1[[System.Int32, mscorlib, Version=2.0.0.0, Culture=neutral, PublicKeyToken=b77a5c561934e089]]"><_size type="System.Int32">0</_size><_version type="System.Int32">1</_version></workItemIds><id type="Microsoft.VisualStudio.TestTools.Common.TestResultId"><runId type="System.Guid">3d9a8baa-b9cb-4717-8a94-3c6445344217</runId><executionId type="Microsoft.VisualStudio.TestTools.Common.TestExecId"><id type="System.Guid">45511761-f836-44eb-98c0-a8bd04963801</id></executionId><parentExecId type="Microsoft.VisualStudio.TestTools.Common.TestExecId"><id type="System.Guid">00000000-0000-0000-0000-000000000000</id></parentExecId><testId type="Microsoft.VisualStudio.TestTools.Common.TestId"><id type="System.Guid">439c1722-13d6-6277-fd78-62803aef28d1</id></testId></id><testName type="System.String">StyleTest</testName><testType type="Microsoft.VisualStudio.TestTools.Common.TestType"><id type="System.Guid">13cdc9d9-ddb5-4fa4-a97d-d965ccfc6d4b</id></testType><messageKind type="Microsoft.VisualStudio.TestTools.Common.TestMessageKind"><value__ type="System.Int32">1</value__></messageKind><computerInfo type="Microsoft.VisualStudio.TestTools.Common.ComputerInfo"><m_computerName type="System.String">ECDATA-TFS01</m_computerName></computerInfo><duration type="System.TimeSpan">00:00:00.0004422</duration><startTime type="System.DateTime"><dateData type="System.UInt64">633673774851410096</dateData></startTime><endTime type="System.DateTime"><dateData type="System.UInt64">633673774851410096</dateData></endTime><spoolMessage type="System.Boolean">True</spoolMessage></UnitTestResult><UnitTestResult type="Microsoft.VisualStudio.TestTools.TestTypes.Unit.UnitTestResult, Microsoft.VisualStudio.QualityTools.Tips.UnitTest.ObjectModel, Version=8.0.0.0, Culture=neutral, PublicKeyToken=b03f5f7f11d50a3a"><resultType type="Microsoft.VisualStudio.TestTools.TestTypes.Unit.UnitTestResultType, Microsoft.VisualStudio.QualityTools.Tips.UnitTest.ObjectModel, Version=8.0.0.0, Culture=neutral, PublicKeyToken=b03f5f7f11d50a3a"><value__ type="System.Int32">0</value__></resultType><m_hasSufficientAccess type="System.Boolean">True</m_hasSufficientAccess><counters type="Microsoft.VisualStudio.TestTools.Common.TestResultCounter"><values type="System.Int32">0,0,0,0,0,0,0,0,0,0,0,0,0,0</values><total type="System.Int32">1</total></counters><categoryId type="Microsoft.VisualStudio.TestTools.Common.TestCategoryId"><id type="System.Guid">8c84fa94-04c1-424b-9868-57a2d4851a1d</id></categoryId><outcome type="Microsoft.VisualStudio.TestTools.Common.TestOutcome"><value__ type="System.Int32">10</value__></outcome><traceInfo type="Microsoft.VisualStudio.TestTools.Common.TestExecutionTraceInformation"><trace type="System.Text.StringBuilder">Creating instance of class BrownShoe.UnitTests.Services.Madison.HomeDeliveryOrderLineTest.
Calling Test method BrownShoe.UnitTests.Services.Madison.HomeDeliveryOrderLineTest.Microsoft.VisualStudio.TestTools.TestTypes.Unit.TestMethod.
</trace></traceInfo><stdout type="System.String" /><stderr type="System.String" /><debugTrace type="System.String" /><workItemIds type="System.Collections.Generic.List`1[[System.Int32, mscorlib, Version=2.0.0.0, Culture=neutral, PublicKeyToken=b77a5c561934e089]]"><_size type="System.Int32">0</_size><_version type="System.Int32">1</_version></workItemIds><id type="Microsoft.VisualStudio.TestTools.Common.TestResultId"><runId type="System.Guid">3d9a8baa-b9cb-4717-8a94-3c6445344217</runId><executionId type="Microsoft.VisualStudio.TestTools.Common.TestExecId"><id type="System.Guid">6144d10a-3a78-4656-950f-a24e93b534e4</id></executionId><parentExecId type="Microsoft.VisualStudio.TestTools.Common.TestExecId"><id type="System.Guid">00000000-0000-0000-0000-000000000000</id></parentExecId><testId type="Microsoft.VisualStudio.TestTools.Common.TestId"><id type="System.Guid">e757bdb6-ca4c-0352-cd9f-e65c6699f872</id></testId></id><testName type="System.String">TotalTest</testName><testType type="Microsoft.VisualStudio.TestTools.Common.TestType"><id type="System.Guid">13cdc9d9-ddb5-4fa4-a97d-d965ccfc6d4b</id></testType><messageKind type="Microsoft.VisualStudio.TestTools.Common.TestMessageKind"><value__ type="System.Int32">1</value__></messageKind><computerInfo type="Microsoft.VisualStudio.TestTools.Common.ComputerInfo"><m_computerName type="System.String">ECDATA-TFS01</m_computerName></computerInfo><duration type="System.TimeSpan">00:00:00.0003723</duration><startTime type="System.DateTime"><dateData type="System.UInt64">633673774851410096</dateData></startTime><endTime type="System.DateTime"><dateData type="System.UInt64">633673774851566356</dateData></endTime><spoolMessage type="System.Boolean">True</spoolMessage></UnitTestResult><UnitTestResult type="Microsoft.VisualStudio.TestTools.TestTypes.Unit.UnitTestResult, Microsoft.VisualStudio.QualityTools.Tips.UnitTest.ObjectModel, Version=8.0.0.0, Culture=neutral, PublicKeyToken=b03f5f7f11d50a3a"><resultType type="Microsoft.VisualStudio.TestTools.TestTypes.Unit.UnitTestResultType, Microsoft.VisualStudio.QualityTools.Tips.UnitTest.ObjectModel, Version=8.0.0.0, Culture=neutral, PublicKeyToken=b03f5f7f11d50a3a"><value__ type="System.Int32">0</value__></resultType><m_hasSufficientAccess type="System.Boolean">True</m_hasSufficientAccess><counters type="Microsoft.VisualStudio.TestTools.Common.TestResultCounter"><values type="System.Int32">0,0,0,0,0,0,0,0,0,0,0,0,0,0</values><total type="System.Int32">1</total></counters><categoryId type="Microsoft.VisualStudio.TestTools.Common.TestCategoryId"><id type="System.Guid">8c84fa94-04c1-424b-9868-57a2d4851a1d</id></categoryId><outcome type="Microsoft.VisualStudio.TestTools.Common.TestOutcome"><value__ type="System.Int32">10</value__></outcome><traceInfo type="Microsoft.VisualStudio.TestTools.Common.TestExecutionTraceInformation"><trace type="System.Text.StringBuilder">Creating instance of class BrownShoe.UnitTests.Services.Madison.HomeDeliveryOrderLineTest.
Calling Test method BrownShoe.UnitTests.Services.Madison.HomeDeliveryOrderLineTest.Microsoft.VisualStudio.TestTools.TestTypes.Unit.TestMethod.
</trace></traceInfo><stdout type="System.String" /><stderr type="System.String" /><debugTrace type="System.String" /><workItemIds type="System.Collections.Generic.List`1[[System.Int32, mscorlib, Version=2.0.0.0, Culture=neutral, PublicKeyToken=b77a5c561934e089]]"><_size type="System.Int32">0</_size><_version type="System.Int32">1</_version></workItemIds><id type="Microsoft.VisualStudio.TestTools.Common.TestResultId"><runId type="System.Guid">3d9a8baa-b9cb-4717-8a94-3c6445344217</runId><executionId type="Microsoft.VisualStudio.TestTools.Common.TestExecId"><id type="System.Guid">bbada971-6999-44b2-8966-6f5c9ada8003</id></executionId><parentExecId type="Microsoft.VisualStudio.TestTools.Common.TestExecId"><id type="System.Guid">00000000-0000-0000-0000-000000000000</id></parentExecId><testId type="Microsoft.VisualStudio.TestTools.Common.TestId"><id type="System.Guid">00c1bb6e-84c8-a5b7-9512-218160601b66</id></testId></id><testName type="System.String">TrackingCodeTest</testName><testType type="Microsoft.VisualStudio.TestTools.Common.TestType"><id type="System.Guid">13cdc9d9-ddb5-4fa4-a97d-d965ccfc6d4b</id></testType><messageKind type="Microsoft.VisualStudio.TestTools.Common.TestMessageKind"><value__ type="System.Int32">1</value__></messageKind><computerInfo type="Microsoft.VisualStudio.TestTools.Common.ComputerInfo"><m_computerName type="System.String">ECDATA-TFS01</m_computerName></computerInfo><duration type="System.TimeSpan">00:00:00.0003739</duration><startTime type="System.DateTime"><dateData type="System.UInt64">633673774851566356</dateData></startTime><endTime type="System.DateTime"><dateData type="System.UInt64">633673774851566356</dateData></endTime><spoolMessage type="System.Boolean">True</spoolMessage></UnitTestResult><UnitTestResult type="Microsoft.VisualStudio.TestTools.TestTypes.Unit.UnitTestResult, Microsoft.VisualStudio.QualityTools.Tips.UnitTest.ObjectModel, Version=8.0.0.0, Culture=neutral, PublicKeyToken=b03f5f7f11d50a3a"><resultType type="Microsoft.VisualStudio.TestTools.TestTypes.Unit.UnitTestResultType, Microsoft.VisualStudio.QualityTools.Tips.UnitTest.ObjectModel, Version=8.0.0.0, Culture=neutral, PublicKeyToken=b03f5f7f11d50a3a"><value__ type="System.Int32">0</value__></resultType><m_hasSufficientAccess type="System.Boolean">True</m_hasSufficientAccess><counters type="Microsoft.VisualStudio.TestTools.Common.TestResultCounter"><values type="System.Int32">0,0,0,0,0,0,0,0,0,0,0,0,0,0</values><total type="System.Int32">1</total></counters><categoryId type="Microsoft.VisualStudio.TestTools.Common.TestCategoryId"><id type="System.Guid">8c84fa94-04c1-424b-9868-57a2d4851a1d</id></categoryId><outcome type="Microsoft.VisualStudio.TestTools.Common.TestOutcome"><value__ type="System.Int32">10</value__></outcome><traceInfo type="Microsoft.VisualStudio.TestTools.Common.TestExecutionTraceInformation"><trace type="System.Text.StringBuilder">Creating instance of class BrownShoe.UnitTests.Services.Madison.HomeDeliveryOrderTest.
Calling Test method BrownShoe.UnitTests.Services.Madison.HomeDeliveryOrderTest.Microsoft.VisualStudio.TestTools.TestTypes.Unit.TestMethod.
</trace></traceInfo><stdout type="System.String" /><stderr type="System.String" /><debugTrace type="System.String" /><workItemIds type="System.Collections.Generic.List`1[[System.Int32, mscorlib, Version=2.0.0.0, Culture=neutral, PublicKeyToken=b77a5c561934e089]]"><_size type="System.Int32">0</_size><_version type="System.Int32">1</_version></workItemIds><id type="Microsoft.VisualStudio.TestTools.Common.TestResultId"><runId type="System.Guid">3d9a8baa-b9cb-4717-8a94-3c6445344217</runId><executionId type="Microsoft.VisualStudio.TestTools.Common.TestExecId"><id type="System.Guid">56d90f95-5cb4-4619-ac26-b20fe0aea0e0</id></executionId><parentExecId type="Microsoft.VisualStudio.TestTools.Common.TestExecId"><id type="System.Guid">00000000-0000-0000-0000-000000000000</id></parentExecId><testId type="Microsoft.VisualStudio.TestTools.Common.TestId"><id type="System.Guid">442857d2-931e-c657-5d0a-92e04f1df91e</id></testId></id><testName type="System.String">OrderLinesTest</testName><testType type="Microsoft.VisualStudio.TestTools.Common.TestType"><id type="System.Guid">13cdc9d9-ddb5-4fa4-a97d-d965ccfc6d4b</id></testType><messageKind type="Microsoft.VisualStudio.TestTools.Common.TestMessageKind"><value__ type="System.Int32">1</value__></messageKind><computerInfo type="Microsoft.VisualStudio.TestTools.Common.ComputerInfo"><m_computerName type="System.String">ECDATA-TFS01</m_computerName></computerInfo><duration type="System.TimeSpan">00:00:00.0022434</duration><startTime type="System.DateTime"><dateData type="System.UInt64">633673774851566356</dateData></startTime><endTime type="System.DateTime"><dateData type="System.UInt64">633673774851722616</dateData></endTime><spoolMessage type="System.Boolean">True</spoolMessage></UnitTestResult><UnitTestResult type="Microsoft.VisualStudio.TestTools.TestTypes.Unit.UnitTestResult, Microsoft.VisualStudio.QualityTools.Tips.UnitTest.ObjectModel, Version=8.0.0.0, Culture=neutral, PublicKeyToken=b03f5f7f11d50a3a"><resultType type="Microsoft.VisualStudio.TestTools.TestTypes.Unit.UnitTestResultType, Microsoft.VisualStudio.QualityTools.Tips.UnitTest.ObjectModel, Version=8.0.0.0, Culture=neutral, PublicKeyToken=b03f5f7f11d50a3a"><value__ type="System.Int32">0</value__></resultType><m_hasSufficientAccess type="System.Boolean">True</m_hasSufficientAccess><counters type="Microsoft.VisualStudio.TestTools.Common.TestResultCounter"><values type="System.Int32">0,0,0,0,0,0,0,0,0,0,0,0,0,0</values><total type="System.Int32">1</total></counters><categoryId type="Microsoft.VisualStudio.TestTools.Common.TestCategoryId"><id type="System.Guid">8c84fa94-04c1-424b-9868-57a2d4851a1d</id></categoryId><outcome type="Microsoft.VisualStudio.TestTools.Common.TestOutcome"><value__ type="System.Int32">10</value__></outcome><traceInfo type="Microsoft.VisualStudio.TestTools.Common.TestExecutionTraceInformation"><trace type="System.Text.StringBuilder">Creating instance of class BrownShoe.UnitTests.Services.Madison.HomeDeliveryOrderTest.
Calling Test method BrownShoe.UnitTests.Services.Madison.HomeDeliveryOrderTest.Microsoft.VisualStudio.TestTools.TestTypes.Unit.TestMethod.
</trace></traceInfo><stdout type="System.String" /><stderr type="System.String" /><debugTrace type="System.String" /><workItemIds type="System.Collections.Generic.List`1[[System.Int32, mscorlib, Version=2.0.0.0, Culture=neutral, PublicKeyToken=b77a5c561934e089]]"><_size type="System.Int32">0</_size><_version type="System.Int32">1</_version></workItemIds><id type="Microsoft.VisualStudio.TestTools.Common.TestResultId"><runId type="System.Guid">3d9a8baa-b9cb-4717-8a94-3c6445344217</runId><executionId type="Microsoft.VisualStudio.TestTools.Common.TestExecId"><id type="System.Guid">101b8081-9dde-4ca5-8c49-41dc04eb12ea</id></executionId><parentExecId type="Microsoft.VisualStudio.TestTools.Common.TestExecId"><id type="System.Guid">00000000-0000-0000-0000-000000000000</id></parentExecId><testId type="Microsoft.VisualStudio.TestTools.Common.TestId"><id type="System.Guid">a1ee21bc-d90e-60ff-c932-ee2e55f11190</id></testId></id><testName type="System.String">OrderStatusTest</testName><testType type="Microsoft.VisualStudio.TestTools.Common.TestType"><id type="System.Guid">13cdc9d9-ddb5-4fa4-a97d-d965ccfc6d4b</id></testType><messageKind type="Microsoft.VisualStudio.TestTools.Common.TestMessageKind"><value__ type="System.Int32">1</value__></messageKind><computerInfo type="Microsoft.VisualStudio.TestTools.Common.ComputerInfo"><m_computerName type="System.String">ECDATA-TFS01</m_computerName></computerInfo><duration type="System.TimeSpan">00:00:00.0004823</duration><startTime type="System.DateTime"><dateData type="System.UInt64">633673774851722616</dateData></startTime><endTime type="System.DateTime"><dateData type="System.UInt64">633673774851722616</dateData></endTime><spoolMessage type="System.Boolean">True</spoolMessage></UnitTestResult><UnitTestResult type="Microsoft.VisualStudio.TestTools.TestTypes.Unit.UnitTestResult, Microsoft.VisualStudio.QualityTools.Tips.UnitTest.ObjectModel, Version=8.0.0.0, Culture=neutral, PublicKeyToken=b03f5f7f11d50a3a"><resultType type="Microsoft.VisualStudio.TestTools.TestTypes.Unit.UnitTestResultType, Microsoft.VisualStudio.QualityTools.Tips.UnitTest.ObjectModel, Version=8.0.0.0, Culture=neutral, PublicKeyToken=b03f5f7f11d50a3a"><value__ type="System.Int32">0</value__></resultType><m_hasSufficientAccess type="System.Boolean">True</m_hasSufficientAccess><counters type="Microsoft.VisualStudio.TestTools.Common.TestResultCounter"><values type="System.Int32">0,0,0,0,0,0,0,0,0,0,0,0,0,0</values><total type="System.Int32">1</total></counters><categoryId type="Microsoft.VisualStudio.TestTools.Common.TestCategoryId"><id type="System.Guid">8c84fa94-04c1-424b-9868-57a2d4851a1d</id></categoryId><outcome type="Microsoft.VisualStudio.TestTools.Common.TestOutcome"><value__ type="System.Int32">10</value__></outcome><traceInfo type="Microsoft.VisualStudio.TestTools.Common.TestExecutionTraceInformation"><trace type="System.Text.StringBuilder">Creating instance of class BrownShoe.UnitTests.Services.Madison.HomeDeliveryOrderTest.
Calling Test method BrownShoe.UnitTests.Services.Madison.HomeDeliveryOrderTest.Microsoft.VisualStudio.TestTools.TestTypes.Unit.TestMethod.
</trace></traceInfo><stdout type="System.String" /><stderr type="System.String" /><debugTrace type="System.String" /><workItemIds type="System.Collections.Generic.List`1[[System.Int32, mscorlib, Version=2.0.0.0, Culture=neutral, PublicKeyToken=b77a5c561934e089]]"><_size type="System.Int32">0</_size><_version type="System.Int32">1</_version></workItemIds><id type="Microsoft.VisualStudio.TestTools.Common.TestResultId"><runId type="System.Guid">3d9a8baa-b9cb-4717-8a94-3c6445344217</runId><executionId type="Microsoft.VisualStudio.TestTools.Common.TestExecId"><id type="System.Guid">6c0cb5f7-417d-40ef-919b-92951b24ecb9</id></executionId><parentExecId type="Microsoft.VisualStudio.TestTools.Common.TestExecId"><id type="System.Guid">00000000-0000-0000-0000-000000000000</id></parentExecId><testId type="Microsoft.VisualStudio.TestTools.Common.TestId"><id type="System.Guid">51cd2946-dc1c-b246-7f73-af384ded64e4</id></testId></id><testName type="System.String">OrderTotalTest</testName><testType type="Microsoft.VisualStudio.TestTools.Common.TestType"><id type="System.Guid">13cdc9d9-ddb5-4fa4-a97d-d965ccfc6d4b</id></testType><messageKind type="Microsoft.VisualStudio.TestTools.Common.TestMessageKind"><value__ type="System.Int32">1</value__></messageKind><computerInfo type="Microsoft.VisualStudio.TestTools.Common.ComputerInfo"><m_computerName type="System.String">ECDATA-TFS01</m_computerName></computerInfo><duration type="System.TimeSpan">00:00:00.0005801</duration><startTime type="System.DateTime"><dateData type="System.UInt64">633673774851722616</dateData></startTime><endTime type="System.DateTime"><dateData type="System.UInt64">633673774851722616</dateData></endTime><spoolMessage type="System.Boolean">True</spoolMessage></UnitTestResult><UnitTestResult type="Microsoft.VisualStudio.TestTools.TestTypes.Unit.UnitTestResult, Microsoft.VisualStudio.QualityTools.Tips.UnitTest.ObjectModel, Version=8.0.0.0, Culture=neutral, PublicKeyToken=b03f5f7f11d50a3a"><resultType type="Microsoft.VisualStudio.TestTools.TestTypes.Unit.UnitTestResultType, Microsoft.VisualStudio.QualityTools.Tips.UnitTest.ObjectModel, Version=8.0.0.0, Culture=neutral, PublicKeyToken=b03f5f7f11d50a3a"><value__ type="System.Int32">0</value__></resultType><m_hasSufficientAccess type="System.Boolean">True</m_hasSufficientAccess><counters type="Microsoft.VisualStudio.TestTools.Common.TestResultCounter"><values type="System.Int32">0,0,0,0,0,0,0,0,0,0,0,0,0,0</values><total type="System.Int32">1</total></counters><categoryId type="Microsoft.VisualStudio.TestTools.Common.TestCategoryId"><id type="System.Guid">8c84fa94-04c1-424b-9868-57a2d4851a1d</id></categoryId><outcome type="Microsoft.VisualStudio.TestTools.Common.TestOutcome"><value__ type="System.Int32">10</value__></outcome><traceInfo type="Microsoft.VisualStudio.TestTools.Common.TestExecutionTraceInformation"><trace type="System.Text.StringBuilder">Creating instance of class BrownShoe.UnitTests.Services.Madison.HomeDeliveryOrderTest.
Calling Test method BrownShoe.UnitTests.Services.Madison.HomeDeliveryOrderTest.Microsoft.VisualStudio.TestTools.TestTypes.Unit.TestMethod.
</trace></traceInfo><stdout type="System.String" /><stderr type="System.String" /><debugTrace type="System.String" /><workItemIds type="System.Collections.Generic.List`1[[System.Int32, mscorlib, Version=2.0.0.0, Culture=neutral, PublicKeyToken=b77a5c561934e089]]"><_size type="System.Int32">0</_size><_version type="System.Int32">1</_version></workItemIds><id type="Microsoft.VisualStudio.TestTools.Common.TestResultId"><runId type="System.Guid">3d9a8baa-b9cb-4717-8a94-3c6445344217</runId><executionId type="Microsoft.VisualStudio.TestTools.Common.TestExecId"><id type="System.Guid">8e82d37b-84b7-4f56-b864-67c23e30029a</id></executionId><parentExecId type="Microsoft.VisualStudio.TestTools.Common.TestExecId"><id type="System.Guid">00000000-0000-0000-0000-000000000000</id></parentExecId><testId type="Microsoft.VisualStudio.TestTools.Common.TestId"><id type="System.Guid">0756ba08-4fc1-86aa-2668-ea46b3f1c42f</id></testId></id><testName type="System.String">ShippingTest</testName><testType type="Microsoft.VisualStudio.TestTools.Common.TestType"><id type="System.Guid">13cdc9d9-ddb5-4fa4-a97d-d965ccfc6d4b</id></testType><messageKind type="Microsoft.VisualStudio.TestTools.Common.TestMessageKind"><value__ type="System.Int32">1</value__></messageKind><computerInfo type="Microsoft.VisualStudio.TestTools.Common.ComputerInfo"><m_computerName type="System.String">ECDATA-TFS01</m_computerName></computerInfo><duration type="System.TimeSpan">00:00:00.0003217</duration><startTime type="System.DateTime"><dateData type="System.UInt64">633673774851722616</dateData></startTime><endTime type="System.DateTime"><dateData type="System.UInt64">633673774851878876</dateData></endTime><spoolMessage type="System.Boolean">True</spoolMessage></UnitTestResult><UnitTestResult type="Microsoft.VisualStudio.TestTools.TestTypes.Unit.UnitTestResult, Microsoft.VisualStudio.QualityTools.Tips.UnitTest.ObjectModel, Version=8.0.0.0, Culture=neutral, PublicKeyToken=b03f5f7f11d50a3a"><resultType type="Microsoft.VisualStudio.TestTools.TestTypes.Unit.UnitTestResultType, Microsoft.VisualStudio.QualityTools.Tips.UnitTest.ObjectModel, Version=8.0.0.0, Culture=neutral, PublicKeyToken=b03f5f7f11d50a3a"><value__ type="System.Int32">0</value__></resultType><m_hasSufficientAccess type="System.Boolean">True</m_hasSufficientAccess><counters type="Microsoft.VisualStudio.TestTools.Common.TestResultCounter"><values type="System.Int32">0,0,0,0,0,0,0,0,0,0,0,0,0,0</values><total type="System.Int32">1</total></counters><categoryId type="Microsoft.VisualStudio.TestTools.Common.TestCategoryId"><id type="System.Guid">8c84fa94-04c1-424b-9868-57a2d4851a1d</id></categoryId><outcome type="Microsoft.VisualStudio.TestTools.Common.TestOutcome"><value__ type="System.Int32">10</value__></outcome><traceInfo type="Microsoft.VisualStudio.TestTools.Common.TestExecutionTraceInformation"><trace type="System.Text.StringBuilder">Creating instance of class BrownShoe.UnitTests.Services.Madison.HomeDeliveryOrderTest.
Calling Test method BrownShoe.UnitTests.Services.Madison.HomeDeliveryOrderTest.Microsoft.VisualStudio.TestTools.TestTypes.Unit.TestMethod.
</trace></traceInfo><stdout type="System.String" /><stderr type="System.String" /><debugTrace type="System.String" /><workItemIds type="System.Collections.Generic.List`1[[System.Int32, mscorlib, Version=2.0.0.0, Culture=neutral, PublicKeyToken=b77a5c561934e089]]"><_size type="System.Int32">0</_size><_version type="System.Int32">1</_version></workItemIds><id type="Microsoft.VisualStudio.TestTools.Common.TestResultId"><runId type="System.Guid">3d9a8baa-b9cb-4717-8a94-3c6445344217</runId><executionId type="Microsoft.VisualStudio.TestTools.Common.TestExecId"><id type="System.Guid">fb5e1822-8842-42c7-8415-6e2c46f2d106</id></executionId><parentExecId type="Microsoft.VisualStudio.TestTools.Common.TestExecId"><id type="System.Guid">00000000-0000-0000-0000-000000000000</id></parentExecId><testId type="Microsoft.VisualStudio.TestTools.Common.TestId"><id type="System.Guid">2d440f41-7e3e-9bb5-b24b-00be82685c58</id></testId></id><testName type="System.String">SubTotalTest</testName><testType type="Microsoft.VisualStudio.TestTools.Common.TestType"><id type="System.Guid">13cdc9d9-ddb5-4fa4-a97d-d965ccfc6d4b</id></testType><messageKind type="Microsoft.VisualStudio.TestTools.Common.TestMessageKind"><value__ type="System.Int32">1</value__></messageKind><computerInfo type="Microsoft.VisualStudio.TestTools.Common.ComputerInfo"><m_computerName type="System.String">ECDATA-TFS01</m_computerName></computerInfo><duration type="System.TimeSpan">00:00:00.0009847</duration><startTime type="System.DateTime"><dateData type="System.UInt64">633673774851878876</dateData></startTime><endTime type="System.DateTime"><dateData type="System.UInt64">633673774851878876</dateData></endTime><spoolMessage type="System.Boolean">True</spoolMessage></UnitTestResult><UnitTestResult type="Microsoft.VisualStudio.TestTools.TestTypes.Unit.UnitTestResult, Microsoft.VisualStudio.QualityTools.Tips.UnitTest.ObjectModel, Version=8.0.0.0, Culture=neutral, PublicKeyToken=b03f5f7f11d50a3a"><resultType type="Microsoft.VisualStudio.TestTools.TestTypes.Unit.UnitTestResultType, Microsoft.VisualStudio.QualityTools.Tips.UnitTest.ObjectModel, Version=8.0.0.0, Culture=neutral, PublicKeyToken=b03f5f7f11d50a3a"><value__ type="System.Int32">0</value__></resultType><m_hasSufficientAccess type="System.Boolean">True</m_hasSufficientAccess><counters type="Microsoft.VisualStudio.TestTools.Common.TestResultCounter"><values type="System.Int32">0,0,0,0,0,0,0,0,0,0,0,0,0,0</values><total type="System.Int32">1</total></counters><categoryId type="Microsoft.VisualStudio.TestTools.Common.TestCategoryId"><id type="System.Guid">8c84fa94-04c1-424b-9868-57a2d4851a1d</id></categoryId><outcome type="Microsoft.VisualStudio.TestTools.Common.TestOutcome"><value__ type="System.Int32">10</value__></outcome><traceInfo type="Microsoft.VisualStudio.TestTools.Common.TestExecutionTraceInformation"><trace type="System.Text.StringBuilder">Creating instance of class BrownShoe.UnitTests.Services.Madison.HomeDeliveryOrderTest.
Calling Test method BrownShoe.UnitTests.Services.Madison.HomeDeliveryOrderTest.Microsoft.VisualStudio.TestTools.TestTypes.Unit.TestMethod.
</trace></traceInfo><stdout type="System.String" /><stderr type="System.String" /><debugTrace type="System.String" /><workItemIds type="System.Collections.Generic.List`1[[System.Int32, mscorlib, Version=2.0.0.0, Culture=neutral, PublicKeyToken=b77a5c561934e089]]"><_size type="System.Int32">0</_size><_version type="System.Int32">1</_version></workItemIds><id type="Microsoft.VisualStudio.TestTools.Common.TestResultId"><runId type="System.Guid">3d9a8baa-b9cb-4717-8a94-3c6445344217</runId><executionId type="Microsoft.VisualStudio.TestTools.Common.TestExecId"><id type="System.Guid">1dd3fbe1-5825-4d3f-83e1-b068b2dead2f</id></executionId><parentExecId type="Microsoft.VisualStudio.TestTools.Common.TestExecId"><id type="System.Guid">00000000-0000-0000-0000-000000000000</id></parentExecId><testId type="Microsoft.VisualStudio.TestTools.Common.TestId"><id type="System.Guid">18c2cc6f-a0c8-1fc2-ca3b-888f4cb82484</id></testId></id><testName type="System.String">TaxTest</testName><testType type="Microsoft.VisualStudio.TestTools.Common.TestType"><id type="System.Guid">13cdc9d9-ddb5-4fa4-a97d-d965ccfc6d4b</id></testType><messageKind type="Microsoft.VisualStudio.TestTools.Common.TestMessageKind"><value__ type="System.Int32">1</value__></messageKind><computerInfo type="Microsoft.VisualStudio.TestTools.Common.ComputerInfo"><m_computerName type="System.String">ECDATA-TFS01</m_computerName></computerInfo><duration type="System.TimeSpan">00:00:00.0002982</duration><startTime type="System.DateTime"><dateData type="System.UInt64">633673774851878876</dateData></startTime><endTime type="System.DateTime"><dateData type="System.UInt64">633673774851878876</dateData></endTime><spoolMessage type="System.Boolean">True</spoolMessage></UnitTestResult><UnitTestResult type="Microsoft.VisualStudio.TestTools.TestTypes.Unit.UnitTestResult, Microsoft.VisualStudio.QualityTools.Tips.UnitTest.ObjectModel, Version=8.0.0.0, Culture=neutral, PublicKeyToken=b03f5f7f11d50a3a"><resultType type="Microsoft.VisualStudio.TestTools.TestTypes.Unit.UnitTestResultType, Microsoft.VisualStudio.QualityTools.Tips.UnitTest.ObjectModel, Version=8.0.0.0, Culture=neutral, PublicKeyToken=b03f5f7f11d50a3a"><value__ type="System.Int32">0</value__></resultType><m_hasSufficientAccess type="System.Boolean">True</m_hasSufficientAccess><counters type="Microsoft.VisualStudio.TestTools.Common.TestResultCounter"><values type="System.Int32">0,0,0,0,0,0,0,0,0,0,0,0,0,0</values><total type="System.Int32">1</total></counters><categoryId type="Microsoft.VisualStudio.TestTools.Common.TestCategoryId"><id type="System.Guid">8c84fa94-04c1-424b-9868-57a2d4851a1d</id></categoryId><outcome type="Microsoft.VisualStudio.TestTools.Common.TestOutcome"><value__ type="System.Int32">10</value__></outcome><traceInfo type="Microsoft.VisualStudio.TestTools.Common.TestExecutionTraceInformation"><trace type="System.Text.StringBuilder">Creating instance of class BrownShoe.UnitTests.Services.Madison.MadisonWebServiceResultOrderDetailTest.
Calling Test method BrownShoe.UnitTests.Services.Madison.MadisonWebServiceResultOrderDetailTest.Microsoft.VisualStudio.TestTools.TestTypes.Unit.TestMethod.
</trace></traceInfo><stdout type="System.String" /><stderr type="System.String" /><debugTrace type="System.String" /><workItemIds type="System.Collections.Generic.List`1[[System.Int32, mscorlib, Version=2.0.0.0, Culture=neutral, PublicKeyToken=b77a5c561934e089]]"><_size type="System.Int32">0</_size><_version type="System.Int32">1</_version></workItemIds><id type="Microsoft.VisualStudio.TestTools.Common.TestResultId"><runId type="System.Guid">3d9a8baa-b9cb-4717-8a94-3c6445344217</runId><executionId type="Microsoft.VisualStudio.TestTools.Common.TestExecId"><id type="System.Guid">bdadb711-f8e9-4aec-9e96-4414eef8bbe9</id></executionId><parentExecId type="Microsoft.VisualStudio.TestTools.Common.TestExecId"><id type="System.Guid">00000000-0000-0000-0000-000000000000</id></parentExecId><testId type="Microsoft.VisualStudio.TestTools.Common.TestId"><id type="System.Guid">4562a5a2-9bad-26d7-0301-912a1ce27ff9</id></testId></id><testName type="System.String">DataTest</testName><testType type="Microsoft.VisualStudio.TestTools.Common.TestType"><id type="System.Guid">13cdc9d9-ddb5-4fa4-a97d-d965ccfc6d4b</id></testType><messageKind type="Microsoft.VisualStudio.TestTools.Common.TestMessageKind"><value__ type="System.Int32">1</value__></messageKind><computerInfo type="Microsoft.VisualStudio.TestTools.Common.ComputerInfo"><m_computerName type="System.String">ECDATA-TFS01</m_computerName></computerInfo><duration type="System.TimeSpan">00:00:00.0024918</duration><startTime type="System.DateTime"><dateData type="System.UInt64">633673774851878876</dateData></startTime><endTime type="System.DateTime"><dateData type="System.UInt64">633673774852035136</dateData></endTime><spoolMessage type="System.Boolean">True</spoolMessage></UnitTestResult><UnitTestResult type="Microsoft.VisualStudio.TestTools.TestTypes.Unit.UnitTestResult, Microsoft.VisualStudio.QualityTools.Tips.UnitTest.ObjectModel, Version=8.0.0.0, Culture=neutral, PublicKeyToken=b03f5f7f11d50a3a"><resultType type="Microsoft.VisualStudio.TestTools.TestTypes.Unit.UnitTestResultType, Microsoft.VisualStudio.QualityTools.Tips.UnitTest.ObjectModel, Version=8.0.0.0, Culture=neutral, PublicKeyToken=b03f5f7f11d50a3a"><value__ type="System.Int32">0</value__></resultType><m_hasSufficientAccess type="System.Boolean">True</m_hasSufficientAccess><counters type="Microsoft.VisualStudio.TestTools.Common.TestResultCounter"><values type="System.Int32">0,0,0,0,0,0,0,0,0,0,0,0,0,0</values><total type="System.Int32">1</total></counters><categoryId type="Microsoft.VisualStudio.TestTools.Common.TestCategoryId"><id type="System.Guid">8c84fa94-04c1-424b-9868-57a2d4851a1d</id></categoryId><outcome type="Microsoft.VisualStudio.TestTools.Common.TestOutcome"><value__ type="System.Int32">10</value__></outcome><traceInfo type="Microsoft.VisualStudio.TestTools.Common.TestExecutionTraceInformation"><trace type="System.Text.StringBuilder">Creating instance of class BrownShoe.UnitTests.Services.Madison.MadisonWebServiceResultRewardsProfileTest.
Calling Test method BrownShoe.UnitTests.Services.Madison.MadisonWebServiceResultRewardsProfileTest.Microsoft.VisualStudio.TestTools.TestTypes.Unit.TestMethod.
</trace></traceInfo><stdout type="System.String" /><stderr type="System.String" /><debugTrace type="System.String" /><workItemIds type="System.Collections.Generic.List`1[[System.Int32, mscorlib, Version=2.0.0.0, Culture=neutral, PublicKeyToken=b77a5c561934e089]]"><_size type="System.Int32">0</_size><_version type="System.Int32">1</_version></workItemIds><id type="Microsoft.VisualStudio.TestTools.Common.TestResultId"><runId type="System.Guid">3d9a8baa-b9cb-4717-8a94-3c6445344217</runId><executionId type="Microsoft.VisualStudio.TestTools.Common.TestExecId"><id type="System.Guid">99aa8cb6-a70a-43bb-8ccb-ab84f92363c3</id></executionId><parentExecId type="Microsoft.VisualStudio.TestTools.Common.TestExecId"><id type="System.Guid">00000000-0000-0000-0000-000000000000</id></parentExecId><testId type="Microsoft.VisualStudio.TestTools.Common.TestId"><id type="System.Guid">f924fd99-c018-1886-b6c4-24970f238aca</id></testId></id><testName type="System.String">DataTest</testName><testType type="Microsoft.VisualStudio.TestTools.Common.TestType"><id type="System.Guid">13cdc9d9-ddb5-4fa4-a97d-d965ccfc6d4b</id></testType><messageKind type="Microsoft.VisualStudio.TestTools.Common.TestMessageKind"><value__ type="System.Int32">1</value__></messageKind><computerInfo type="Microsoft.VisualStudio.TestTools.Common.ComputerInfo"><m_computerName type="System.String">ECDATA-TFS01</m_computerName></computerInfo><duration type="System.TimeSpan">00:00:00.0013750</duration><startTime type="System.DateTime"><dateData type="System.UInt64">633673774852035136</dateData></startTime><endTime type="System.DateTime"><dateData type="System.UInt64">633673774852035136</dateData></endTime><spoolMessage type="System.Boolean">True</spoolMessage></UnitTestResult><UnitTestResult type="Microsoft.VisualStudio.TestTools.TestTypes.Unit.UnitTestResult, Microsoft.VisualStudio.QualityTools.Tips.UnitTest.ObjectModel, Version=8.0.0.0, Culture=neutral, PublicKeyToken=b03f5f7f11d50a3a"><resultType type="Microsoft.VisualStudio.TestTools.TestTypes.Unit.UnitTestResultType, Microsoft.VisualStudio.QualityTools.Tips.UnitTest.ObjectModel, Version=8.0.0.0, Culture=neutral, PublicKeyToken=b03f5f7f11d50a3a"><value__ type="System.Int32">0</value__></resultType><m_hasSufficientAccess type="System.Boolean">True</m_hasSufficientAccess><counters type="Microsoft.VisualStudio.TestTools.Common.TestResultCounter"><values type="System.Int32">0,0,0,0,0,0,0,0,0,0,0,0,0,0</values><total type="System.Int32">1</total></counters><categoryId type="Microsoft.VisualStudio.TestTools.Common.TestCategoryId"><id type="System.Guid">8c84fa94-04c1-424b-9868-57a2d4851a1d</id></categoryId><outcome type="Microsoft.VisualStudio.TestTools.Common.TestOutcome"><value__ type="System.Int32">10</value__></outcome><traceInfo type="Microsoft.VisualStudio.TestTools.Common.TestExecutionTraceInformation"><trace type="System.Text.StringBuilder">Creating instance of class BrownShoe.UnitTests.Services.Madison.MadisonWebServiceResultSimpleTest.
Calling Test method BrownShoe.UnitTests.Services.Madison.MadisonWebServiceResultSimpleTest.Microsoft.VisualStudio.TestTools.TestTypes.Unit.TestMethod.
</trace></traceInfo><stdout type="System.String" /><stderr type="System.String" /><debugTrace type="System.String" /><workItemIds type="System.Collections.Generic.List`1[[System.Int32, mscorlib, Version=2.0.0.0, Culture=neutral, PublicKeyToken=b77a5c561934e089]]"><_size type="System.Int32">0</_size><_version type="System.Int32">1</_version></workItemIds><id type="Microsoft.VisualStudio.TestTools.Common.TestResultId"><runId type="System.Guid">3d9a8baa-b9cb-4717-8a94-3c6445344217</runId><executionId type="Microsoft.VisualStudio.TestTools.Common.TestExecId"><id type="System.Guid">58bcd19d-72ee-48cc-a095-5303f77f46e0</id></executionId><parentExecId type="Microsoft.VisualStudio.TestTools.Common.TestExecId"><id type="System.Guid">00000000-0000-0000-0000-000000000000</id></parentExecId><testId type="Microsoft.VisualStudio.TestTools.Common.TestId"><id type="System.Guid">d7c13b58-bee4-1f16-1f3b-dfc18073ead4</id></testId></id><testName type="System.String">SuccessTest</testName><testType type="Microsoft.VisualStudio.TestTools.Common.TestType"><id type="System.Guid">13cdc9d9-ddb5-4fa4-a97d-d965ccfc6d4b</id></testType><messageKind type="Microsoft.VisualStudio.TestTools.Common.TestMessageKind"><value__ type="System.Int32">1</value__></messageKind><computerInfo type="Microsoft.VisualStudio.TestTools.Common.ComputerInfo"><m_computerName type="System.String">ECDATA-TFS01</m_computerName></computerInfo><duration type="System.TimeSpan">00:00:00.0024055</duration><startTime type="System.DateTime"><dateData type="System.UInt64">633673774852035136</dateData></startTime><endTime type="System.DateTime"><dateData type="System.UInt64">633673774852191396</dateData></endTime><spoolMessage type="System.Boolean">True</spoolMessage></UnitTestResult><UnitTestResult type="Microsoft.VisualStudio.TestTools.TestTypes.Unit.UnitTestResult, Microsoft.VisualStudio.QualityTools.Tips.UnitTest.ObjectModel, Version=8.0.0.0, Culture=neutral, PublicKeyToken=b03f5f7f11d50a3a"><resultType type="Microsoft.VisualStudio.TestTools.TestTypes.Unit.UnitTestResultType, Microsoft.VisualStudio.QualityTools.Tips.UnitTest.ObjectModel, Version=8.0.0.0, Culture=neutral, PublicKeyToken=b03f5f7f11d50a3a"><value__ type="System.Int32">0</value__></resultType><m_hasSufficientAccess type="System.Boolean">True</m_hasSufficientAccess><counters type="Microsoft.VisualStudio.TestTools.Common.TestResultCounter"><values type="System.Int32">0,0,0,0,0,0,0,0,0,0,0,0,0,0</values><total type="System.Int32">1</total></counters><categoryId type="Microsoft.VisualStudio.TestTools.Common.TestCategoryId"><id type="System.Guid">8c84fa94-04c1-424b-9868-57a2d4851a1d</id></categoryId><outcome type="Microsoft.VisualStudio.TestTools.Common.TestOutcome"><value__ type="System.Int32">10</value__></outcome><traceInfo type="Microsoft.VisualStudio.TestTools.Common.TestExecutionTraceInformation"><trace type="System.Text.StringBuilder">Creating instance of class BrownShoe.UnitTests.Services.Madison.MadisonWebServiceResultSimpleTest.
Calling Test method BrownShoe.UnitTests.Services.Madison.MadisonWebServiceResultSimpleTest.Microsoft.VisualStudio.TestTools.TestTypes.Unit.TestMethod.
</trace></traceInfo><stdout type="System.String" /><stderr type="System.String" /><debugTrace type="System.String" /><workItemIds type="System.Collections.Generic.List`1[[System.Int32, mscorlib, Version=2.0.0.0, Culture=neutral, PublicKeyToken=b77a5c561934e089]]"><_size type="System.Int32">0</_size><_version type="System.Int32">1</_version></workItemIds><id type="Microsoft.VisualStudio.TestTools.Common.TestResultId"><runId type="System.Guid">3d9a8baa-b9cb-4717-8a94-3c6445344217</runId><executionId type="Microsoft.VisualStudio.TestTools.Common.TestExecId"><id type="System.Guid">cfdf815c-e2bf-4ba4-af4b-dc543120309f</id></executionId><parentExecId type="Microsoft.VisualStudio.TestTools.Common.TestExecId"><id type="System.Guid">00000000-0000-0000-0000-000000000000</id></parentExecId><testId type="Microsoft.VisualStudio.TestTools.Common.TestId"><id type="System.Guid">3df1890d-e5f0-5143-e799-844ac2cd71c5</id></testId></id><testName type="System.String">WebServiceMessageTest</testName><testType type="Microsoft.VisualStudio.TestTools.Common.TestType"><id type="System.Guid">13cdc9d9-ddb5-4fa4-a97d-d965ccfc6d4b</id></testType><messageKind type="Microsoft.VisualStudio.TestTools.Common.TestMessageKind"><value__ type="System.Int32">1</value__></messageKind><computerInfo type="Microsoft.VisualStudio.TestTools.Common.ComputerInfo"><m_computerName type="System.String">ECDATA-TFS01</m_computerName></computerInfo><duration type="System.TimeSpan">00:00:00.0004798</duration><startTime type="System.DateTime"><dateData type="System.UInt64">633673774852191396</dateData></startTime><endTime type="System.DateTime"><dateData type="System.UInt64">633673774852191396</dateData></endTime><spoolMessage type="System.Boolean">True</spoolMessage></UnitTestResult><UnitTestResult type="Microsoft.VisualStudio.TestTools.TestTypes.Unit.UnitTestResult, Microsoft.VisualStudio.QualityTools.Tips.UnitTest.ObjectModel, Version=8.0.0.0, Culture=neutral, PublicKeyToken=b03f5f7f11d50a3a"><resultType type="Microsoft.VisualStudio.TestTools.TestTypes.Unit.UnitTestResultType, Microsoft.VisualStudio.QualityTools.Tips.UnitTest.ObjectModel, Version=8.0.0.0, Culture=neutral, PublicKeyToken=b03f5f7f11d50a3a"><value__ type="System.Int32">0</value__></resultType><m_hasSufficientAccess type="System.Boolean">True</m_hasSufficientAccess><counters type="Microsoft.VisualStudio.TestTools.Common.TestResultCounter"><values type="System.Int32">0,0,0,0,0,0,0,0,0,0,0,0,0,0</values><total type="System.Int32">1</total></counters><categoryId type="Microsoft.VisualStudio.TestTools.Common.TestCategoryId"><id type="System.Guid">8c84fa94-04c1-424b-9868-57a2d4851a1d</id></categoryId><outcome type="Microsoft.VisualStudio.TestTools.Common.TestOutcome"><value__ type="System.Int32">10</value__></outcome><traceInfo type="Microsoft.VisualStudio.TestTools.Common.TestExecutionTraceInformation"><trace type="System.Text.StringBuilder">Creating instance of class BrownShoe.UnitTests.Services.Madison.MadisonWebServiceResultSimpleTest.
Calling Test method BrownShoe.UnitTests.Services.Madison.MadisonWebServiceResultSimpleTest.Microsoft.VisualStudio.TestTools.TestTypes.Unit.TestMethod.
</trace></traceInfo><stdout type="System.String" /><stderr type="System.String" /><debugTrace type="System.String" /><workItemIds type="System.Collections.Generic.List`1[[System.Int32, mscorlib, Version=2.0.0.0, Culture=neutral, PublicKeyToken=b77a5c561934e089]]"><_size type="System.Int32">0</_size><_version type="System.Int32">1</_version></workItemIds><id type="Microsoft.VisualStudio.TestTools.Common.TestResultId"><runId type="System.Guid">3d9a8baa-b9cb-4717-8a94-3c6445344217</runId><executionId type="Microsoft.VisualStudio.TestTools.Common.TestExecId"><id type="System.Guid">7033da45-3bd6-4cd2-8ab3-26e8e47e80c8</id></executionId><parentExecId type="Microsoft.VisualStudio.TestTools.Common.TestExecId"><id type="System.Guid">00000000-0000-0000-0000-000000000000</id></parentExecId><testId type="Microsoft.VisualStudio.TestTools.Common.TestId"><id type="System.Guid">6ccbbc6b-7ae4-035d-15bd-271cfa0a21c9</id></testId></id><testName type="System.String">WebServiceResultCodeTest</testName><testType type="Microsoft.VisualStudio.TestTools.Common.TestType"><id type="System.Guid">13cdc9d9-ddb5-4fa4-a97d-d965ccfc6d4b</id></testType><messageKind type="Microsoft.VisualStudio.TestTools.Common.TestMessageKind"><value__ type="System.Int32">1</value__></messageKind><computerInfo type="Microsoft.VisualStudio.TestTools.Common.ComputerInfo"><m_computerName type="System.String">ECDATA-TFS01</m_computerName></computerInfo><duration type="System.TimeSpan">00:00:00.0007312</duration><startTime type="System.DateTime"><dateData type="System.UInt64">633673774852191396</dateData></startTime><endTime type="System.DateTime"><dateData type="System.UInt64">633673774852191396</dateData></endTime><spoolMessage type="System.Boolean">True</spoolMessage></UnitTestResult><UnitTestResult type="Microsoft.VisualStudio.TestTools.TestTypes.Unit.UnitTestResult, Microsoft.VisualStudio.QualityTools.Tips.UnitTest.ObjectModel, Version=8.0.0.0, Culture=neutral, PublicKeyToken=b03f5f7f11d50a3a"><resultType type="Microsoft.VisualStudio.TestTools.TestTypes.Unit.UnitTestResultType, Microsoft.VisualStudio.QualityTools.Tips.UnitTest.ObjectModel, Version=8.0.0.0, Culture=neutral, PublicKeyToken=b03f5f7f11d50a3a"><value__ type="System.Int32">0</value__></resultType><m_hasSufficientAccess type="System.Boolean">True</m_hasSufficientAccess><counters type="Microsoft.VisualStudio.TestTools.Common.TestResultCounter"><values type="System.Int32">0,0,0,0,0,0,0,0,0,0,0,0,0,0</values><total type="System.Int32">1</total></counters><categoryId type="Microsoft.VisualStudio.TestTools.Common.TestCategoryId"><id type="System.Guid">8c84fa94-04c1-424b-9868-57a2d4851a1d</id></categoryId><outcome type="Microsoft.VisualStudio.TestTools.Common.TestOutcome"><value__ type="System.Int32">10</value__></outcome><traceInfo type="Microsoft.VisualStudio.TestTools.Common.TestExecutionTraceInformation"><trace type="System.Text.StringBuilder">Creating instance of class BrownShoe.UnitTests.Services.Madison.MadisonWebServiceResultSizeDataTest.
Calling Test method BrownShoe.UnitTests.Services.Madison.MadisonWebServiceResultSizeDataTest.Microsoft.VisualStudio.TestTools.TestTypes.Unit.TestMethod.
</trace></traceInfo><stdout type="System.String" /><stderr type="System.String" /><debugTrace type="System.String" /><workItemIds type="System.Collections.Generic.List`1[[System.Int32, mscorlib, Version=2.0.0.0, Culture=neutral, PublicKeyToken=b77a5c561934e089]]"><_size type="System.Int32">0</_size><_version type="System.Int32">1</_version></workItemIds><id type="Microsoft.VisualStudio.TestTools.Common.TestResultId"><runId type="System.Guid">3d9a8baa-b9cb-4717-8a94-3c6445344217</runId><executionId type="Microsoft.VisualStudio.TestTools.Common.TestExecId"><id type="System.Guid">c2174c36-361f-4acf-bdcd-bc74de1090cb</id></executionId><parentExecId type="Microsoft.VisualStudio.TestTools.Common.TestExecId"><id type="System.Guid">00000000-0000-0000-0000-000000000000</id></parentExecId><testId type="Microsoft.VisualStudio.TestTools.Common.TestId"><id type="System.Guid">73dae59b-e4d5-73a6-23dd-84e5f3ae309a</id></testId></id><testName type="System.String">DataTest</testName><testType type="Microsoft.VisualStudio.TestTools.Common.TestType"><id type="System.Guid">13cdc9d9-ddb5-4fa4-a97d-d965ccfc6d4b</id></testType><messageKind type="Microsoft.VisualStudio.TestTools.Common.TestMessageKind"><value__ type="System.Int32">1</value__></messageKind><computerInfo type="Microsoft.VisualStudio.TestTools.Common.ComputerInfo"><m_computerName type="System.String">ECDATA-TFS01</m_computerName></computerInfo><duration type="System.TimeSpan">00:00:00.0019775</duration><startTime type="System.DateTime"><dateData type="System.UInt64">633673774852191396</dateData></startTime><endTime type="System.DateTime"><dateData type="System.UInt64">633673774852347656</dateData></endTime><spoolMessage type="System.Boolean">True</spoolMessage></UnitTestResult><UnitTestResult type="Microsoft.VisualStudio.TestTools.TestTypes.Unit.UnitTestResult, Microsoft.VisualStudio.QualityTools.Tips.UnitTest.ObjectModel, Version=8.0.0.0, Culture=neutral, PublicKeyToken=b03f5f7f11d50a3a"><resultType type="Microsoft.VisualStudio.TestTools.TestTypes.Unit.UnitTestResultType, Microsoft.VisualStudio.QualityTools.Tips.UnitTest.ObjectModel, Version=8.0.0.0, Culture=neutral, PublicKeyToken=b03f5f7f11d50a3a"><value__ type="System.Int32">0</value__></resultType><m_hasSufficientAccess type="System.Boolean">True</m_hasSufficientAccess><counters type="Microsoft.VisualStudio.TestTools.Common.TestResultCounter"><values type="System.Int32">0,0,0,0,0,0,0,0,0,0,0,0,0,0</values><total type="System.Int32">1</total></counters><categoryId type="Microsoft.VisualStudio.TestTools.Common.TestCategoryId"><id type="System.Guid">8c84fa94-04c1-424b-9868-57a2d4851a1d</id></categoryId><outcome type="Microsoft.VisualStudio.TestTools.Common.TestOutcome"><value__ type="System.Int32">10</value__></outcome><traceInfo type="Microsoft.VisualStudio.TestTools.Common.TestExecutionTraceInformation"><trace type="System.Text.StringBuilder">Creating instance of class BrownShoe.UnitTests.Services.Madison.MadisonWebServiceResultStoreLocationTest.
Calling Test method BrownShoe.UnitTests.Services.Madison.MadisonWebServiceResultStoreLocationTest.Microsoft.VisualStudio.TestTools.TestTypes.Unit.TestMethod.
</trace></traceInfo><stdout type="System.String" /><stderr type="System.String" /><debugTrace type="System.String" /><workItemIds type="System.Collections.Generic.List`1[[System.Int32, mscorlib, Version=2.0.0.0, Culture=neutral, PublicKeyToken=b77a5c561934e089]]"><_size type="System.Int32">0</_size><_version type="System.Int32">1</_version></workItemIds><id type="Microsoft.VisualStudio.TestTools.Common.TestResultId"><runId type="System.Guid">3d9a8baa-b9cb-4717-8a94-3c6445344217</runId><executionId type="Microsoft.VisualStudio.TestTools.Common.TestExecId"><id type="System.Guid">423f7723-dd9d-4605-ab4b-d64f4fdf1912</id></executionId><parentExecId type="Microsoft.VisualStudio.TestTools.Common.TestExecId"><id type="System.Guid">00000000-0000-0000-0000-000000000000</id></parentExecId><testId type="Microsoft.VisualStudio.TestTools.Common.TestId"><id type="System.Guid">64ec2b9f-f2f6-bb94-328a-cab7cf01d259</id></testId></id><testName type="System.String">DataTest</testName><testType type="Microsoft.VisualStudio.TestTools.Common.TestType"><id type="System.Guid">13cdc9d9-ddb5-4fa4-a97d-d965ccfc6d4b</id></testType><messageKind type="Microsoft.VisualStudio.TestTools.Common.TestMessageKind"><value__ type="System.Int32">1</value__></messageKind><computerInfo type="Microsoft.VisualStudio.TestTools.Common.ComputerInfo"><m_computerName type="System.String">ECDATA-TFS01</m_computerName></computerInfo><duration type="System.TimeSpan">00:00:00.0031354</duration><startTime type="System.DateTime"><dateData type="System.UInt64">633673774852347656</dateData></startTime><endTime type="System.DateTime"><dateData type="System.UInt64">633673774852347656</dateData></endTime><spoolMessage type="System.Boolean">True</spoolMessage></UnitTestResult><UnitTestResult type="Microsoft.VisualStudio.TestTools.TestTypes.Unit.UnitTestResult, Microsoft.VisualStudio.QualityTools.Tips.UnitTest.ObjectModel, Version=8.0.0.0, Culture=neutral, PublicKeyToken=b03f5f7f11d50a3a"><resultType type="Microsoft.VisualStudio.TestTools.TestTypes.Unit.UnitTestResultType, Microsoft.VisualStudio.QualityTools.Tips.UnitTest.ObjectModel, Version=8.0.0.0, Culture=neutral, PublicKeyToken=b03f5f7f11d50a3a"><value__ type="System.Int32">0</value__></resultType><m_hasSufficientAccess type="System.Boolean">True</m_hasSufficientAccess><counters type="Microsoft.VisualStudio.TestTools.Common.TestResultCounter"><values type="System.Int32">0,0,0,0,0,0,0,0,0,0,0,0,0,0</values><total type="System.Int32">1</total></counters><categoryId type="Microsoft.VisualStudio.TestTools.Common.TestCategoryId"><id type="System.Guid">8c84fa94-04c1-424b-9868-57a2d4851a1d</id></categoryId><outcome type="Microsoft.VisualStudio.TestTools.Common.TestOutcome"><value__ type="System.Int32">10</value__></outcome><traceInfo type="Microsoft.VisualStudio.TestTools.Common.TestExecutionTraceInformation"><trace type="System.Text.StringBuilder">Creating instance of class BrownShoe.UnitTests.Services.Madison.MadisonWebServiceResultStringTest.
Calling Test method BrownShoe.UnitTests.Services.Madison.MadisonWebServiceResultStringTest.Microsoft.VisualStudio.TestTools.TestTypes.Unit.TestMethod.
</trace></traceInfo><stdout type="System.String" /><stderr type="System.String" /><debugTrace type="System.String" /><workItemIds type="System.Collections.Generic.List`1[[System.Int32, mscorlib, Version=2.0.0.0, Culture=neutral, PublicKeyToken=b77a5c561934e089]]"><_size type="System.Int32">0</_size><_version type="System.Int32">1</_version></workItemIds><id type="Microsoft.VisualStudio.TestTools.Common.TestResultId"><runId type="System.Guid">3d9a8baa-b9cb-4717-8a94-3c6445344217</runId><executionId type="Microsoft.VisualStudio.TestTools.Common.TestExecId"><id type="System.Guid">d137a156-2653-4c5d-913c-0d91a2179559</id></executionId><parentExecId type="Microsoft.VisualStudio.TestTools.Common.TestExecId"><id type="System.Guid">00000000-0000-0000-0000-000000000000</id></parentExecId><testId type="Microsoft.VisualStudio.TestTools.Common.TestId"><id type="System.Guid">218cfa2a-2489-f88d-5e69-7cf9ed024d6e</id></testId></id><testName type="System.String">DataTest</testName><testType type="Microsoft.VisualStudio.TestTools.Common.TestType"><id type="System.Guid">13cdc9d9-ddb5-4fa4-a97d-d965ccfc6d4b</id></testType><messageKind type="Microsoft.VisualStudio.TestTools.Common.TestMessageKind"><value__ type="System.Int32">1</value__></messageKind><computerInfo type="Microsoft.VisualStudio.TestTools.Common.ComputerInfo"><m_computerName type="System.String">ECDATA-TFS01</m_computerName></computerInfo><duration type="System.TimeSpan">00:00:00.0008671</duration><startTime type="System.DateTime"><dateData type="System.UInt64">633673774852347656</dateData></startTime><endTime type="System.DateTime"><dateData type="System.UInt64">633673774852503916</dateData></endTime><spoolMessage type="System.Boolean">True</spoolMessage></UnitTestResult><UnitTestResult type="Microsoft.VisualStudio.TestTools.TestTypes.Unit.UnitTestResult, Microsoft.VisualStudio.QualityTools.Tips.UnitTest.ObjectModel, Version=8.0.0.0, Culture=neutral, PublicKeyToken=b03f5f7f11d50a3a"><resultType type="Microsoft.VisualStudio.TestTools.TestTypes.Unit.UnitTestResultType, Microsoft.VisualStudio.QualityTools.Tips.UnitTest.ObjectModel, Version=8.0.0.0, Culture=neutral, PublicKeyToken=b03f5f7f11d50a3a"><value__ type="System.Int32">0</value__></resultType><m_hasSufficientAccess type="System.Boolean">True</m_hasSufficientAccess><counters type="Microsoft.VisualStudio.TestTools.Common.TestResultCounter"><values type="System.Int32">0,0,0,0,0,0,0,0,0,0,0,0,0,0</values><total type="System.Int32">1</total></counters><categoryId type="Microsoft.VisualStudio.TestTools.Common.TestCategoryId"><id type="System.Guid">8c84fa94-04c1-424b-9868-57a2d4851a1d</id></categoryId><outcome type="Microsoft.VisualStudio.TestTools.Common.TestOutcome"><value__ type="System.Int32">1</value__></outcome><errorInfo type="Microsoft.VisualStudio.TestTools.Common.TestResultErrorInfo"><message type="System.String">Test method BrownShoe.UnitTests.Services.Madison.MadisonWebServiceTest.AddRewardsTransactionTest threw exception:  System.Configuration.ConfigurationErrorsException: The type Microsoft.Practices.EnterpriseLibrary.ExceptionHandling.Logging.LoggingExceptionHandler, Microsoft.Practices.EnterpriseLibrary.ExceptionHandling.Logging, Version=2.0.0.0, Culture=neutral, PublicKeyToken=c834797fd9c628b4 from configuration could not be created. (E:\projects\brownshoe\unit_tests\product\srvtfs_ECDATA-TFS01 2009-01-12 11_17_41\Out\BrownShoe.UnitTests.DLL.config line 38).</message><stackTrace type="System.String">    at System.Configuration.BaseConfigurationRecord.EvaluateOne(String[] keys, SectionInput input, Boolean isTrusted, FactoryRecord factoryRecord, SectionRecord sectionRecord, Object parentResult)
   at System.Configuration.BaseConfigurationRecord.Evaluate(FactoryRecord factoryRecord, SectionRecord sectionRecord, Object parentResult, Boolean getLkg, Boolean getRuntimeObject, Object&amp; result, Object&amp; resultRuntimeObject)
   at System.Configuration.BaseConfigurationRecord.GetSectionRecursive(String configKey, Boolean getLkg, Boolean checkPermission, Boolean getRuntimeObject, Boolean requestIsHere, Object&amp; result, Object&amp; resultRuntimeObject)
   at System.Configuration.BaseConfigurationRecord.GetSectionRecursive(String configKey, Boolean getLkg, Boolean checkPermission, Boolean getRuntimeObject, Boolean requestIsHere, Object&amp; result, Object&amp; resultRuntimeObject)
   at System.Configuration.BaseConfigurationRecord.GetSectionRecursive(String configKey, Boolean getLkg, Boolean checkPermission, Boolean getRuntimeObject, Boolean requestIsHere, Object&amp; result, Object&amp; resultRuntimeObject)
   at System.Configuration.BaseConfigurationRecord.GetSection(String configKey, Boolean getLkg, Boolean checkPermission)
   at System.Configuration.BaseConfigurationRecord.GetSection(String configKey)
   at System.Configuration.ClientConfigurationSystem.System.Configuration.Internal.IInternalConfigSystem.GetSection(String sectionName)
   at System.Configuration.ConfigurationManager.GetSection(String sectionName)
   at Microsoft.Practices.EnterpriseLibrary.Common.Configuration.SystemConfigurationSourceImplementation.GetSection(String sectionName)
   at Microsoft.Practices.EnterpriseLibrary.Common.Configuration.SystemConfigurationSource.GetSection(String sectionName)
   at Microsoft.Practices.EnterpriseLibrary.ExceptionHandling.Configuration.ExceptionHandlingSettings.GetExceptionHandlingSettings(IConfigurationSource configurationSource)
   at Microsoft.Practices.EnterpriseLibrary.ExceptionHandling.ExceptionHandlingConfigurationView.get_ExceptionHandlingSettings()
   at Microsoft.Practices.EnterpriseLibrary.ExceptionHandling.ExceptionHandlingConfigurationView.GetExceptionPolicyData(String policyName)
   at Microsoft.Practices.EnterpriseLibrary.ExceptionHandling.ExceptionPolicyCustomFactory.GetConfiguration(String id, IConfigurationSource configurationSource)
   at Microsoft.Practices.EnterpriseLibrary.ExceptionHandling.ExceptionPolicyCustomFactory.CreateObject(IBuilderContext context, String name, IConfigurationSource configurationSource, ConfigurationReflectionCache reflectionCache)
   at Microsoft.Practices.EnterpriseLibrary.Common.Configuration.ObjectBuilder.ConfiguredObjectStrategy.BuildUp(IBuilderContext context, Type t, Object existing, String id)
   at Microsoft.Practices.ObjectBuilder.BuilderStrategy.BuildUp(IBuilderContext context, Type typeToBuild, Object existing, String idToBuild)
   at Microsoft.Practices.ObjectBuilder.SingletonStrategy.BuildUp(IBuilderContext context, Type typeToBuild, Object existing, String idToBuild)
   at Microsoft.Practices.ObjectBuilder.BuilderStrategy.BuildUp(IBuilderContext context, Type typeToBuild, Object existing, String idToBuild)
   at Microsoft.Practices.EnterpriseLibrary.Common.Configuration.ObjectBuilder.ConfigurationNameMappingStrategy.BuildUp(IBuilderContext context, Type t, Object existing, String id)
   at Microsoft.Practices.ObjectBuilder.BuilderBase`1.DoBuildUp(IReadWriteLocator locator, Type typeToBuild, String idToBuild, Object existing, PolicyList[] transientPolicies)
   at Microsoft.Practices.ObjectBuilder.BuilderBase`1.BuildUp(IReadWriteLocator locator, Type typeToBuild, String idToBuild, Object existing, PolicyList[] transientPolicies)
   at Microsoft.Practices.ObjectBuilder.BuilderBase`1.BuildUp[TTypeToBuild](IReadWriteLocator locator, String idToBuild, Object existing, PolicyList[] transientPolicies)
   at Microsoft.Practices.EnterpriseLibrary.Common.Configuration.ObjectBuilder.EnterpriseLibraryFactory.BuildUp[T](IReadWriteLocator locator, String id, IConfigurationSource configurationSource)
   at Microsoft.Practices.EnterpriseLibrary.Common.Configuration.ObjectBuilder.LocatorNameTypeFactoryBase`1.Create(String name)
   at Microsoft.Practices.EnterpriseLibrary.ExceptionHandling.ExceptionPolicy.GetExceptionPolicy(Exception exception, String policyName)
   at Microsoft.Practices.EnterpriseLibrary.ExceptionHandling.ExceptionPolicy.HandleException(Exception exceptionToHandle, String policyName)
   at BrownShoe.ExceptionPolicy.HandleException(Exception exc) in e:\projects\brownshoe\unit_tests\product\src\BrownShoe\Libraries\Core\ExceptionPolicies.cs:line 117
   at BrownShoe.Madison.MadisonWebService.AddRewardsTransaction(String memberNumber, DateTime transactionDate, String storeNumber, String registerNumber, String transactionNumber) in e:\projects\brownshoe\unit_tests\product\src\BrownShoe\Libraries\Services\Madison\MadisonWebService.cs:line 919
   at BrownShoe.UnitTests.Services.Madison.MadisonWebServiceTest.AddRewardsTransactionTest()
</stackTrace></errorInfo><traceInfo type="Microsoft.VisualStudio.TestTools.Common.TestExecutionTraceInformation"><trace type="System.Text.StringBuilder">Creating instance of class BrownShoe.UnitTests.Services.Madison.MadisonWebServiceTest.
Calling Test method BrownShoe.UnitTests.Services.Madison.MadisonWebServiceTest.Microsoft.VisualStudio.TestTools.TestTypes.Unit.TestMethod.
</trace></traceInfo><stdout type="System.String" /><stderr type="System.String">log4net:ERROR XmlConfigurator: Failed to find configuration section 'log4net' in the application's .config file. Check your .config file for the &lt;log4net&gt; and &lt;configSections&gt; elements. The configuration section should look like: &lt;section name="log4net" type="log4net.Config.Log4NetConfigurationSectionHandler,log4net" /&gt;
</stderr><debugTrace type="System.String">log4net:ERROR XmlConfigurator: Failed to find configuration section 'log4net' in the application's .config file. Check your .config file for the &lt;log4net&gt; and &lt;configSections&gt; elements. The configuration section should look like: &lt;section name="log4net" type="log4net.Config.Log4NetConfigurationSectionHandler,log4net" /&gt;
</debugTrace><workItemIds type="System.Collections.Generic.List`1[[System.Int32, mscorlib, Version=2.0.0.0, Culture=neutral, PublicKeyToken=b77a5c561934e089]]"><_size type="System.Int32">0</_size><_version type="System.Int32">1</_version></workItemIds><id type="Microsoft.VisualStudio.TestTools.Common.TestResultId"><runId type="System.Guid">3d9a8baa-b9cb-4717-8a94-3c6445344217</runId><executionId type="Microsoft.VisualStudio.TestTools.Common.TestExecId"><id type="System.Guid">0fff99b8-ee9a-4b30-92c0-c1e7b217841f</id></executionId><parentExecId type="Microsoft.VisualStudio.TestTools.Common.TestExecId"><id type="System.Guid">00000000-0000-0000-0000-000000000000</id></parentExecId><testId type="Microsoft.VisualStudio.TestTools.Common.TestId"><id type="System.Guid">3b576279-e842-35a4-8998-ad0679fa4e0f</id></testId></id><testName type="System.String">AddRewardsTransactionTest</testName><testType type="Microsoft.VisualStudio.TestTools.Common.TestType"><id type="System.Guid">13cdc9d9-ddb5-4fa4-a97d-d965ccfc6d4b</id></testType><messageKind type="Microsoft.VisualStudio.TestTools.Common.TestMessageKind"><value__ type="System.Int32">1</value__></messageKind><computerInfo type="Microsoft.VisualStudio.TestTools.Common.ComputerInfo"><m_computerName type="System.String">ECDATA-TFS01</m_computerName></computerInfo><duration type="System.TimeSpan">00:00:14.1996918</duration><startTime type="System.DateTime"><dateData type="System.UInt64">633673774852503916</dateData></startTime><endTime type="System.DateTime"><dateData type="System.UInt64">633673774994544256</dateData></endTime><spoolMessage type="System.Boolean">True</spoolMessage></UnitTestResult><UnitTestResult type="Microsoft.VisualStudio.TestTools.TestTypes.Unit.UnitTestResult, Microsoft.VisualStudio.QualityTools.Tips.UnitTest.ObjectModel, Version=8.0.0.0, Culture=neutral, PublicKeyToken=b03f5f7f11d50a3a"><resultType type="Microsoft.VisualStudio.TestTools.TestTypes.Unit.UnitTestResultType, Microsoft.VisualStudio.QualityTools.Tips.UnitTest.ObjectModel, Version=8.0.0.0, Culture=neutral, PublicKeyToken=b03f5f7f11d50a3a"><value__ type="System.Int32">0</value__></resultType><m_hasSufficientAccess type="System.Boolean">True</m_hasSufficientAccess><counters type="Microsoft.VisualStudio.TestTools.Common.TestResultCounter"><values type="System.Int32">0,0,0,0,0,0,0,0,0,0,0,0,0,0</values><total type="System.Int32">1</total></counters><categoryId type="Microsoft.VisualStudio.TestTools.Common.TestCategoryId"><id type="System.Guid">8c84fa94-04c1-424b-9868-57a2d4851a1d</id></categoryId><outcome type="Microsoft.VisualStudio.TestTools.Common.TestOutcome"><value__ type="System.Int32">1</value__></outcome><errorInfo type="Microsoft.VisualStudio.TestTools.Common.TestResultErrorInfo"><message type="System.String">Test method BrownShoe.UnitTests.Services.Madison.MadisonWebServiceTest.AddRewardsTransactionTestFailure threw exception:  System.Configuration.ConfigurationErrorsException: The type Microsoft.Practices.EnterpriseLibrary.ExceptionHandling.Logging.LoggingExceptionHandler, Microsoft.Practices.EnterpriseLibrary.ExceptionHandling.Logging, Version=2.0.0.0, Culture=neutral, PublicKeyToken=c834797fd9c628b4 from configuration could not be created. (E:\projects\brownshoe\unit_tests\product\srvtfs_ECDATA-TFS01 2009-01-12 11_17_41\Out\BrownShoe.UnitTests.DLL.config line 38).</message><stackTrace type="System.String">    at System.Configuration.BaseConfigurationRecord.EvaluateOne(String[] keys, SectionInput input, Boolean isTrusted, FactoryRecord factoryRecord, SectionRecord sectionRecord, Object parentResult)
   at System.Configuration.BaseConfigurationRecord.Evaluate(FactoryRecord factoryRecord, SectionRecord sectionRecord, Object parentResult, Boolean getLkg, Boolean getRuntimeObject, Object&amp; result, Object&amp; resultRuntimeObject)
   at System.Configuration.BaseConfigurationRecord.GetSectionRecursive(String configKey, Boolean getLkg, Boolean checkPermission, Boolean getRuntimeObject, Boolean requestIsHere, Object&amp; result, Object&amp; resultRuntimeObject)
   at System.Configuration.BaseConfigurationRecord.GetSectionRecursive(String configKey, Boolean getLkg, Boolean checkPermission, Boolean getRuntimeObject, Boolean requestIsHere, Object&amp; result, Object&amp; resultRuntimeObject)
   at System.Configuration.BaseConfigurationRecord.GetSectionRecursive(String configKey, Boolean getLkg, Boolean checkPermission, Boolean getRuntimeObject, Boolean requestIsHere, Object&amp; result, Object&amp; resultRuntimeObject)
   at System.Configuration.BaseConfigurationRecord.GetSection(String configKey, Boolean getLkg, Boolean checkPermission)
   at System.Configuration.BaseConfigurationRecord.GetSection(String configKey)
   at System.Configuration.ClientConfigurationSystem.System.Configuration.Internal.IInternalConfigSystem.GetSection(String sectionName)
   at System.Configuration.ConfigurationManager.GetSection(String sectionName)
   at Microsoft.Practices.EnterpriseLibrary.Common.Configuration.SystemConfigurationSourceImplementation.GetSection(String sectionName)
   at Microsoft.Practices.EnterpriseLibrary.Common.Configuration.SystemConfigurationSource.GetSection(String sectionName)
   at Microsoft.Practices.EnterpriseLibrary.ExceptionHandling.Configuration.ExceptionHandlingSettings.GetExceptionHandlingSettings(IConfigurationSource configurationSource)
   at Microsoft.Practices.EnterpriseLibrary.ExceptionHandling.ExceptionHandlingConfigurationView.get_ExceptionHandlingSettings()
   at Microsoft.Practices.EnterpriseLibrary.ExceptionHandling.ExceptionHandlingConfigurationView.GetExceptionPolicyData(String policyName)
   at Microsoft.Practices.EnterpriseLibrary.ExceptionHandling.ExceptionPolicyCustomFactory.GetConfiguration(String id, IConfigurationSource configurationSource)
   at Microsoft.Practices.EnterpriseLibrary.ExceptionHandling.ExceptionPolicyCustomFactory.CreateObject(IBuilderContext context, String name, IConfigurationSource configurationSource, ConfigurationReflectionCache reflectionCache)
   at Microsoft.Practices.EnterpriseLibrary.Common.Configuration.ObjectBuilder.ConfiguredObjectStrategy.BuildUp(IBuilderContext context, Type t, Object existing, String id)
   at Microsoft.Practices.ObjectBuilder.BuilderStrategy.BuildUp(IBuilderContext context, Type typeToBuild, Object existing, String idToBuild)
   at Microsoft.Practices.ObjectBuilder.SingletonStrategy.BuildUp(IBuilderContext context, Type typeToBuild, Object existing, String idToBuild)
   at Microsoft.Practices.ObjectBuilder.BuilderStrategy.BuildUp(IBuilderContext context, Type typeToBuild, Object existing, String idToBuild)
   at Microsoft.Practices.EnterpriseLibrary.Common.Configuration.ObjectBuilder.ConfigurationNameMappingStrategy.BuildUp(IBuilderContext context, Type t, Object existing, String id)
   at Microsoft.Practices.ObjectBuilder.BuilderBase`1.DoBuildUp(IReadWriteLocator locator, Type typeToBuild, String idToBuild, Object existing, PolicyList[] transientPolicies)
   at Microsoft.Practices.ObjectBuilder.BuilderBase`1.BuildUp(IReadWriteLocator locator, Type typeToBuild, String idToBuild, Object existing, PolicyList[] transientPolicies)
   at Microsoft.Practices.ObjectBuilder.BuilderBase`1.BuildUp[TTypeToBuild](IReadWriteLocator locator, String idToBuild, Object existing, PolicyList[] transientPolicies)
   at Microsoft.Practices.EnterpriseLibrary.Common.Configuration.ObjectBuilder.EnterpriseLibraryFactory.BuildUp[T](IReadWriteLocator locator, String id, IConfigurationSource configurationSource)
   at Microsoft.Practices.EnterpriseLibrary.Common.Configuration.ObjectBuilder.LocatorNameTypeFactoryBase`1.Create(String name)
   at Microsoft.Practices.EnterpriseLibrary.ExceptionHandling.ExceptionPolicy.GetExceptionPolicy(Exception exception, String policyName)
   at Microsoft.Practices.EnterpriseLibrary.ExceptionHandling.ExceptionPolicy.HandleException(Exception exceptionToHandle, String policyName)
   at BrownShoe.ExceptionPolicy.HandleException(Exception exc) in e:\projects\brownshoe\unit_tests\product\src\BrownShoe\Libraries\Core\ExceptionPolicies.cs:line 117
   at BrownShoe.Madison.MadisonWebService.AddRewardsTransaction(String memberNumber, DateTime transactionDate, String storeNumber, String registerNumber, String transactionNumber) in e:\projects\brownshoe\unit_tests\product\src\BrownShoe\Libraries\Services\Madison\MadisonWebService.cs:line 919
   at BrownShoe.UnitTests.Services.Madison.MadisonWebServiceTest.AddRewardsTransactionTestFailure()
</stackTrace></errorInfo><traceInfo type="Microsoft.VisualStudio.TestTools.Common.TestExecutionTraceInformation"><trace type="System.Text.StringBuilder">Creating instance of class BrownShoe.UnitTests.Services.Madison.MadisonWebServiceTest.
Calling Test method BrownShoe.UnitTests.Services.Madison.MadisonWebServiceTest.Microsoft.VisualStudio.TestTools.TestTypes.Unit.TestMethod.
</trace></traceInfo><stdout type="System.String" /><stderr type="System.String" /><debugTrace type="System.String" /><workItemIds type="System.Collections.Generic.List`1[[System.Int32, mscorlib, Version=2.0.0.0, Culture=neutral, PublicKeyToken=b77a5c561934e089]]"><_size type="System.Int32">0</_size><_version type="System.Int32">1</_version></workItemIds><id type="Microsoft.VisualStudio.TestTools.Common.TestResultId"><runId type="System.Guid">3d9a8baa-b9cb-4717-8a94-3c6445344217</runId><executionId type="Microsoft.VisualStudio.TestTools.Common.TestExecId"><id type="System.Guid">aa8ce972-798d-45b3-a7d4-4f83664a545d</id></executionId><parentExecId type="Microsoft.VisualStudio.TestTools.Common.TestExecId"><id type="System.Guid">00000000-0000-0000-0000-000000000000</id></parentExecId><testId type="Microsoft.VisualStudio.TestTools.Common.TestId"><id type="System.Guid">5a14d5e3-44ec-7592-b739-f97bd65ab9a1</id></testId></id><testName type="System.String">AddRewardsTransactionTestFailure</testName><testType type="Microsoft.VisualStudio.TestTools.Common.TestType"><id type="System.Guid">13cdc9d9-ddb5-4fa4-a97d-d965ccfc6d4b</id></testType><messageKind type="Microsoft.VisualStudio.TestTools.Common.TestMessageKind"><value__ type="System.Int32">1</value__></messageKind><computerInfo type="Microsoft.VisualStudio.TestTools.Common.ComputerInfo"><m_computerName type="System.String">ECDATA-TFS01</m_computerName></computerInfo><duration type="System.TimeSpan">00:00:00.0138739</duration><startTime type="System.DateTime"><dateData type="System.UInt64">633673774994544256</dateData></startTime><endTime type="System.DateTime"><dateData type="System.UInt64">633673774994856776</dateData></endTime><spoolMessage type="System.Boolean">True</spoolMessage></UnitTestResult><UnitTestResult type="Microsoft.VisualStudio.TestTools.TestTypes.Unit.UnitTestResult, Microsoft.VisualStudio.QualityTools.Tips.UnitTest.ObjectModel, Version=8.0.0.0, Culture=neutral, PublicKeyToken=b03f5f7f11d50a3a"><resultType type="Microsoft.VisualStudio.TestTools.TestTypes.Unit.UnitTestResultType, Microsoft.VisualStudio.QualityTools.Tips.UnitTest.ObjectModel, Version=8.0.0.0, Culture=neutral, PublicKeyToken=b03f5f7f11d50a3a"><value__ type="System.Int32">0</value__></resultType><m_hasSufficientAccess type="System.Boolean">True</m_hasSufficientAccess><counters type="Microsoft.VisualStudio.TestTools.Common.TestResultCounter"><values type="System.Int32">0,0,0,0,0,0,0,0,0,0,0,0,0,0</values><total type="System.Int32">1</total></counters><categoryId type="Microsoft.VisualStudio.TestTools.Common.TestCategoryId"><id type="System.Guid">8c84fa94-04c1-424b-9868-57a2d4851a1d</id></categoryId><outcome type="Microsoft.VisualStudio.TestTools.Common.TestOutcome"><value__ type="System.Int32">1</value__></outcome><errorInfo type="Microsoft.VisualStudio.TestTools.Common.TestResultErrorInfo"><message type="System.String">Test method BrownShoe.UnitTests.Services.Madison.MadisonWebServiceTest.FamousFootwearCheckForInventoryTest threw exception:  System.Configuration.ConfigurationErrorsException: The type Microsoft.Practices.EnterpriseLibrary.ExceptionHandling.Logging.LoggingExceptionHandler, Microsoft.Practices.EnterpriseLibrary.ExceptionHandling.Logging, Version=2.0.0.0, Culture=neutral, PublicKeyToken=c834797fd9c628b4 from configuration could not be created. (E:\projects\brownshoe\unit_tests\product\srvtfs_ECDATA-TFS01 2009-01-12 11_17_41\Out\BrownShoe.UnitTests.DLL.config line 38).</message><stackTrace type="System.String">    at System.Configuration.BaseConfigurationRecord.EvaluateOne(String[] keys, SectionInput input, Boolean isTrusted, FactoryRecord factoryRecord, SectionRecord sectionRecord, Object parentResult)
   at System.Configuration.BaseConfigurationRecord.Evaluate(FactoryRecord factoryRecord, SectionRecord sectionRecord, Object parentResult, Boolean getLkg, Boolean getRuntimeObject, Object&amp; result, Object&amp; resultRuntimeObject)
   at System.Configuration.BaseConfigurationRecord.GetSectionRecursive(String configKey, Boolean getLkg, Boolean checkPermission, Boolean getRuntimeObject, Boolean requestIsHere, Object&amp; result, Object&amp; resultRuntimeObject)
   at System.Configuration.BaseConfigurationRecord.GetSectionRecursive(String configKey, Boolean getLkg, Boolean checkPermission, Boolean getRuntimeObject, Boolean requestIsHere, Object&amp; result, Object&amp; resultRuntimeObject)
   at System.Configuration.BaseConfigurationRecord.GetSectionRecursive(String configKey, Boolean getLkg, Boolean checkPermission, Boolean getRuntimeObject, Boolean requestIsHere, Object&amp; result, Object&amp; resultRuntimeObject)
   at System.Configuration.BaseConfigurationRecord.GetSection(String configKey, Boolean getLkg, Boolean checkPermission)
   at System.Configuration.BaseConfigurationRecord.GetSection(String configKey)
   at System.Configuration.ClientConfigurationSystem.System.Configuration.Internal.IInternalConfigSystem.GetSection(String sectionName)
   at System.Configuration.ConfigurationManager.GetSection(String sectionName)
   at Microsoft.Practices.EnterpriseLibrary.Common.Configuration.SystemConfigurationSourceImplementation.GetSection(String sectionName)
   at Microsoft.Practices.EnterpriseLibrary.Common.Configuration.SystemConfigurationSource.GetSection(String sectionName)
   at Microsoft.Practices.EnterpriseLibrary.ExceptionHandling.Configuration.ExceptionHandlingSettings.GetExceptionHandlingSettings(IConfigurationSource configurationSource)
   at Microsoft.Practices.EnterpriseLibrary.ExceptionHandling.ExceptionHandlingConfigurationView.get_ExceptionHandlingSettings()
   at Microsoft.Practices.EnterpriseLibrary.ExceptionHandling.ExceptionHandlingConfigurationView.GetExceptionPolicyData(String policyName)
   at Microsoft.Practices.EnterpriseLibrary.ExceptionHandling.ExceptionPolicyCustomFactory.GetConfiguration(String id, IConfigurationSource configurationSource)
   at Microsoft.Practices.EnterpriseLibrary.ExceptionHandling.ExceptionPolicyCustomFactory.CreateObject(IBuilderContext context, String name, IConfigurationSource configurationSource, ConfigurationReflectionCache reflectionCache)
   at Microsoft.Practices.EnterpriseLibrary.Common.Configuration.ObjectBuilder.ConfiguredObjectStrategy.BuildUp(IBuilderContext context, Type t, Object existing, String id)
   at Microsoft.Practices.ObjectBuilder.BuilderStrategy.BuildUp(IBuilderContext context, Type typeToBuild, Object existing, String idToBuild)
   at Microsoft.Practices.ObjectBuilder.SingletonStrategy.BuildUp(IBuilderContext context, Type typeToBuild, Object existing, String idToBuild)
   at Microsoft.Practices.ObjectBuilder.BuilderStrategy.BuildUp(IBuilderContext context, Type typeToBuild, Object existing, String idToBuild)
   at Microsoft.Practices.EnterpriseLibrary.Common.Configuration.ObjectBuilder.ConfigurationNameMappingStrategy.BuildUp(IBuilderContext context, Type t, Object existing, String id)
   at Microsoft.Practices.ObjectBuilder.BuilderBase`1.DoBuildUp(IReadWriteLocator locator, Type typeToBuild, String idToBuild, Object existing, PolicyList[] transientPolicies)
   at Microsoft.Practices.ObjectBuilder.BuilderBase`1.BuildUp(IReadWriteLocator locator, Type typeToBuild, String idToBuild, Object existing, PolicyList[] transientPolicies)
   at Microsoft.Practices.ObjectBuilder.BuilderBase`1.BuildUp[TTypeToBuild](IReadWriteLocator locator, String idToBuild, Object existing, PolicyList[] transientPolicies)
   at Microsoft.Practices.EnterpriseLibrary.Common.Configuration.ObjectBuilder.EnterpriseLibraryFactory.BuildUp[T](IReadWriteLocator locator, String id, IConfigurationSource configurationSource)
   at Microsoft.Practices.EnterpriseLibrary.Common.Configuration.ObjectBuilder.LocatorNameTypeFactoryBase`1.Create(String name)
   at Microsoft.Practices.EnterpriseLibrary.ExceptionHandling.ExceptionPolicy.GetExceptionPolicy(Exception exception, String policyName)
   at Microsoft.Practices.EnterpriseLibrary.ExceptionHandling.ExceptionPolicy.HandleException(Exception exceptionToHandle, String policyName)
   at BrownShoe.ExceptionPolicy.HandleException(Exception exc) in e:\projects\brownshoe\unit_tests\product\src\BrownShoe\Libraries\Core\ExceptionPolicies.cs:line 117
   at BrownShoe.Madison.MadisonWebService.FamousFootwearCheckForInventory(String storeNumber, String itemNumber, String itemSize, String itemWidth, Int32 quantity) in e:\projects\brownshoe\unit_tests\product\src\BrownShoe\Libraries\Services\Madison\MadisonWebService.cs:line 412
   at BrownShoe.UnitTests.Services.Madison.MadisonWebServiceTest.FamousFootwearCheckForInventoryTest()
</stackTrace></errorInfo><traceInfo type="Microsoft.VisualStudio.TestTools.Common.TestExecutionTraceInformation"><trace type="System.Text.StringBuilder">Creating instance of class BrownShoe.UnitTests.Services.Madison.MadisonWebServiceTest.
Calling Test method BrownShoe.UnitTests.Services.Madison.MadisonWebServiceTest.Microsoft.VisualStudio.TestTools.TestTypes.Unit.TestMethod.
</trace></traceInfo><stdout type="System.String" /><stderr type="System.String" /><debugTrace type="System.String" /><workItemIds type="System.Collections.Generic.List`1[[System.Int32, mscorlib, Version=2.0.0.0, Culture=neutral, PublicKeyToken=b77a5c561934e089]]"><_size type="System.Int32">0</_size><_version type="System.Int32">1</_version></workItemIds><id type="Microsoft.VisualStudio.TestTools.Common.TestResultId"><runId type="System.Guid">3d9a8baa-b9cb-4717-8a94-3c6445344217</runId><executionId type="Microsoft.VisualStudio.TestTools.Common.TestExecId"><id type="System.Guid">2d12027d-b6b0-4e7b-93ab-193fe3eddc8d</id></executionId><parentExecId type="Microsoft.VisualStudio.TestTools.Common.TestExecId"><id type="System.Guid">00000000-0000-0000-0000-000000000000</id></parentExecId><testId type="Microsoft.VisualStudio.TestTools.Common.TestId"><id type="System.Guid">54f90975-5825-76a8-275c-3f8873ce6571</id></testId></id><testName type="System.String">FamousFootwearCheckForInventoryTest</testName><testType type="Microsoft.VisualStudio.TestTools.Common.TestType"><id type="System.Guid">13cdc9d9-ddb5-4fa4-a97d-d965ccfc6d4b</id></testType><messageKind type="Microsoft.VisualStudio.TestTools.Common.TestMessageKind"><value__ type="System.Int32">1</value__></messageKind><computerInfo type="Microsoft.VisualStudio.TestTools.Common.ComputerInfo"><m_computerName type="System.String">ECDATA-TFS01</m_computerName></computerInfo><duration type="System.TimeSpan">00:00:00.0155325</duration><startTime type="System.DateTime"><dateData type="System.UInt64">633673774994856776</dateData></startTime><endTime type="System.DateTime"><dateData type="System.UInt64">633673774995013036</dateData></endTime><spoolMessage type="System.Boolean">True</spoolMessage></UnitTestResult><UnitTestResult type="Microsoft.VisualStudio.TestTools.TestTypes.Unit.UnitTestResult, Microsoft.VisualStudio.QualityTools.Tips.UnitTest.ObjectModel, Version=8.0.0.0, Culture=neutral, PublicKeyToken=b03f5f7f11d50a3a"><resultType type="Microsoft.VisualStudio.TestTools.TestTypes.Unit.UnitTestResultType, Microsoft.VisualStudio.QualityTools.Tips.UnitTest.ObjectModel, Version=8.0.0.0, Culture=neutral, PublicKeyToken=b03f5f7f11d50a3a"><value__ type="System.Int32">0</value__></resultType><m_hasSufficientAccess type="System.Boolean">True</m_hasSufficientAccess><counters type="Microsoft.VisualStudio.TestTools.Common.TestResultCounter"><values type="System.Int32">0,0,0,0,0,0,0,0,0,0,0,0,0,0</values><total type="System.Int32">1</total></counters><categoryId type="Microsoft.VisualStudio.TestTools.Common.TestCategoryId"><id type="System.Guid">8c84fa94-04c1-424b-9868-57a2d4851a1d</id></categoryId><outcome type="Microsoft.VisualStudio.TestTools.Common.TestOutcome"><value__ type="System.Int32">1</value__></outcome><errorInfo type="Microsoft.VisualStudio.TestTools.Common.TestResultErrorInfo"><message type="System.String">Test method BrownShoe.UnitTests.Services.Madison.MadisonWebServiceTest.GetHomeDeliveryOrderStatusTest threw exception:  System.Configuration.ConfigurationErrorsException: The type Microsoft.Practices.EnterpriseLibrary.ExceptionHandling.Logging.LoggingExceptionHandler, Microsoft.Practices.EnterpriseLibrary.ExceptionHandling.Logging, Version=2.0.0.0, Culture=neutral, PublicKeyToken=c834797fd9c628b4 from configuration could not be created. (E:\projects\brownshoe\unit_tests\product\srvtfs_ECDATA-TFS01 2009-01-12 11_17_41\Out\BrownShoe.UnitTests.DLL.config line 38).</message><stackTrace type="System.String">    at System.Configuration.BaseConfigurationRecord.EvaluateOne(String[] keys, SectionInput input, Boolean isTrusted, FactoryRecord factoryRecord, SectionRecord sectionRecord, Object parentResult)
   at System.Configuration.BaseConfigurationRecord.Evaluate(FactoryRecord factoryRecord, SectionRecord sectionRecord, Object parentResult, Boolean getLkg, Boolean getRuntimeObject, Object&amp; result, Object&amp; resultRuntimeObject)
   at System.Configuration.BaseConfigurationRecord.GetSectionRecursive(String configKey, Boolean getLkg, Boolean checkPermission, Boolean getRuntimeObject, Boolean requestIsHere, Object&amp; result, Object&amp; resultRuntimeObject)
   at System.Configuration.BaseConfigurationRecord.GetSectionRecursive(String configKey, Boolean getLkg, Boolean checkPermission, Boolean getRuntimeObject, Boolean requestIsHere, Object&amp; result, Object&amp; resultRuntimeObject)
   at System.Configuration.BaseConfigurationRecord.GetSectionRecursive(String configKey, Boolean getLkg, Boolean checkPermission, Boolean getRuntimeObject, Boolean requestIsHere, Object&amp; result, Object&amp; resultRuntimeObject)
   at System.Configuration.BaseConfigurationRecord.GetSection(String configKey, Boolean getLkg, Boolean checkPermission)
   at System.Configuration.BaseConfigurationRecord.GetSection(String configKey)
   at System.Configuration.ClientConfigurationSystem.System.Configuration.Internal.IInternalConfigSystem.GetSection(String sectionName)
   at System.Configuration.ConfigurationManager.GetSection(String sectionName)
   at Microsoft.Practices.EnterpriseLibrary.Common.Configuration.SystemConfigurationSourceImplementation.GetSection(String sectionName)
   at Microsoft.Practices.EnterpriseLibrary.Common.Configuration.SystemConfigurationSource.GetSection(String sectionName)
   at Microsoft.Practices.EnterpriseLibrary.ExceptionHandling.Configuration.ExceptionHandlingSettings.GetExceptionHandlingSettings(IConfigurationSource configurationSource)
   at Microsoft.Practices.EnterpriseLibrary.ExceptionHandling.ExceptionHandlingConfigurationView.get_ExceptionHandlingSettings()
   at Microsoft.Practices.EnterpriseLibrary.ExceptionHandling.ExceptionHandlingConfigurationView.GetExceptionPolicyData(String policyName)
   at Microsoft.Practices.EnterpriseLibrary.ExceptionHandling.ExceptionPolicyCustomFactory.GetConfiguration(String id, IConfigurationSource configurationSource)
   at Microsoft.Practices.EnterpriseLibrary.ExceptionHandling.ExceptionPolicyCustomFactory.CreateObject(IBuilderContext context, String name, IConfigurationSource configurationSource, ConfigurationReflectionCache reflectionCache)
   at Microsoft.Practices.EnterpriseLibrary.Common.Configuration.ObjectBuilder.ConfiguredObjectStrategy.BuildUp(IBuilderContext context, Type t, Object existing, String id)
   at Microsoft.Practices.ObjectBuilder.BuilderStrategy.BuildUp(IBuilderContext context, Type typeToBuild, Object existing, String idToBuild)
   at Microsoft.Practices.ObjectBuilder.SingletonStrategy.BuildUp(IBuilderContext context, Type typeToBuild, Object existing, String idToBuild)
   at Microsoft.Practices.ObjectBuilder.BuilderStrategy.BuildUp(IBuilderContext context, Type typeToBuild, Object existing, String idToBuild)
   at Microsoft.Practices.EnterpriseLibrary.Common.Configuration.ObjectBuilder.ConfigurationNameMappingStrategy.BuildUp(IBuilderContext context, Type t, Object existing, String id)
   at Microsoft.Practices.ObjectBuilder.BuilderBase`1.DoBuildUp(IReadWriteLocator locator, Type typeToBuild, String idToBuild, Object existing, PolicyList[] transientPolicies)
   at Microsoft.Practices.ObjectBuilder.BuilderBase`1.BuildUp(IReadWriteLocator locator, Type typeToBuild, String idToBuild, Object existing, PolicyList[] transientPolicies)
   at Microsoft.Practices.ObjectBuilder.BuilderBase`1.BuildUp[TTypeToBuild](IReadWriteLocator locator, String idToBuild, Object existing, PolicyList[] transientPolicies)
   at Microsoft.Practices.EnterpriseLibrary.Common.Configuration.ObjectBuilder.EnterpriseLibraryFactory.BuildUp[T](IReadWriteLocator locator, String id, IConfigurationSource configurationSource)
   at Microsoft.Practices.EnterpriseLibrary.Common.Configuration.ObjectBuilder.LocatorNameTypeFactoryBase`1.Create(String name)
   at Microsoft.Practices.EnterpriseLibrary.ExceptionHandling.ExceptionPolicy.GetExceptionPolicy(Exception exception, String policyName)
   at Microsoft.Practices.EnterpriseLibrary.ExceptionHandling.ExceptionPolicy.HandleException(Exception exceptionToHandle, String policyName)
   at BrownShoe.ExceptionPolicy.HandleException(Exception exc) in e:\projects\brownshoe\unit_tests\product\src\BrownShoe\Libraries\Core\ExceptionPolicies.cs:line 117
   at BrownShoe.Madison.MadisonWebService.GetHomeDeliveryOrderStatus(String storeNumber, String registerNumber, String transactionNumber, DateTime transactionDate) in e:\projects\brownshoe\unit_tests\product\src\BrownShoe\Libraries\Services\Madison\MadisonWebService.cs:line 1510
   at BrownShoe.UnitTests.Services.Madison.MadisonWebServiceTest.GetHomeDeliveryOrderStatusTest()
</stackTrace></errorInfo><traceInfo type="Microsoft.VisualStudio.TestTools.Common.TestExecutionTraceInformation"><trace type="System.Text.StringBuilder">Creating instance of class BrownShoe.UnitTests.Services.Madison.MadisonWebServiceTest.
Calling Test method BrownShoe.UnitTests.Services.Madison.MadisonWebServiceTest.Microsoft.VisualStudio.TestTools.TestTypes.Unit.TestMethod.
</trace></traceInfo><stdout type="System.String" /><stderr type="System.String" /><debugTrace type="System.String" /><workItemIds type="System.Collections.Generic.List`1[[System.Int32, mscorlib, Version=2.0.0.0, Culture=neutral, PublicKeyToken=b77a5c561934e089]]"><_size type="System.Int32">0</_size><_version type="System.Int32">1</_version></workItemIds><id type="Microsoft.VisualStudio.TestTools.Common.TestResultId"><runId type="System.Guid">3d9a8baa-b9cb-4717-8a94-3c6445344217</runId><executionId type="Microsoft.VisualStudio.TestTools.Common.TestExecId"><id type="System.Guid">7b3839cd-a16d-4c48-9679-6dd40b3c6bf3</id></executionId><parentExecId type="Microsoft.VisualStudio.TestTools.Common.TestExecId"><id type="System.Guid">00000000-0000-0000-0000-000000000000</id></parentExecId><testId type="Microsoft.VisualStudio.TestTools.Common.TestId"><id type="System.Guid">90589c80-ded3-3c12-572e-28c03b287bfd</id></testId></id><testName type="System.String">GetHomeDeliveryOrderStatusTest</testName><testType type="Microsoft.VisualStudio.TestTools.Common.TestType"><id type="System.Guid">13cdc9d9-ddb5-4fa4-a97d-d965ccfc6d4b</id></testType><messageKind type="Microsoft.VisualStudio.TestTools.Common.TestMessageKind"><value__ type="System.Int32">1</value__></messageKind><computerInfo type="Microsoft.VisualStudio.TestTools.Common.ComputerInfo"><m_computerName type="System.String">ECDATA-TFS01</m_computerName></computerInfo><duration type="System.TimeSpan">00:00:00.0183852</duration><startTime type="System.DateTime"><dateData type="System.UInt64">633673774995013036</dateData></startTime><endTime type="System.DateTime"><dateData type="System.UInt64">633673774995169296</dateData></endTime><spoolMessage type="System.Boolean">True</spoolMessage></UnitTestResult><UnitTestResult type="Microsoft.VisualStudio.TestTools.TestTypes.Unit.UnitTestResult, Microsoft.VisualStudio.QualityTools.Tips.UnitTest.ObjectModel, Version=8.0.0.0, Culture=neutral, PublicKeyToken=b03f5f7f11d50a3a"><resultType type="Microsoft.VisualStudio.TestTools.TestTypes.Unit.UnitTestResultType, Microsoft.VisualStudio.QualityTools.Tips.UnitTest.ObjectModel, Version=8.0.0.0, Culture=neutral, PublicKeyToken=b03f5f7f11d50a3a"><value__ type="System.Int32">0</value__></resultType><m_hasSufficientAccess type="System.Boolean">True</m_hasSufficientAccess><counters type="Microsoft.VisualStudio.TestTools.Common.TestResultCounter"><values type="System.Int32">0,0,0,0,0,0,0,0,0,0,0,0,0,0</values><total type="System.Int32">1</total></counters><categoryId type="Microsoft.VisualStudio.TestTools.Common.TestCategoryId"><id type="System.Guid">8c84fa94-04c1-424b-9868-57a2d4851a1d</id></categoryId><outcome type="Microsoft.VisualStudio.TestTools.Common.TestOutcome"><value__ type="System.Int32">1</value__></outcome><errorInfo type="Microsoft.VisualStudio.TestTools.Common.TestResultErrorInfo"><message type="System.String">Test method BrownShoe.UnitTests.Services.Madison.MadisonWebServiceTest.GetHomeDeliveryOrderStatusTestFailure threw exception:  System.Configuration.ConfigurationErrorsException: The type Microsoft.Practices.EnterpriseLibrary.ExceptionHandling.Logging.LoggingExceptionHandler, Microsoft.Practices.EnterpriseLibrary.ExceptionHandling.Logging, Version=2.0.0.0, Culture=neutral, PublicKeyToken=c834797fd9c628b4 from configuration could not be created. (E:\projects\brownshoe\unit_tests\product\srvtfs_ECDATA-TFS01 2009-01-12 11_17_41\Out\BrownShoe.UnitTests.DLL.config line 38).</message><stackTrace type="System.String">    at System.Configuration.BaseConfigurationRecord.EvaluateOne(String[] keys, SectionInput input, Boolean isTrusted, FactoryRecord factoryRecord, SectionRecord sectionRecord, Object parentResult)
   at System.Configuration.BaseConfigurationRecord.Evaluate(FactoryRecord factoryRecord, SectionRecord sectionRecord, Object parentResult, Boolean getLkg, Boolean getRuntimeObject, Object&amp; result, Object&amp; resultRuntimeObject)
   at System.Configuration.BaseConfigurationRecord.GetSectionRecursive(String configKey, Boolean getLkg, Boolean checkPermission, Boolean getRuntimeObject, Boolean requestIsHere, Object&amp; result, Object&amp; resultRuntimeObject)
   at System.Configuration.BaseConfigurationRecord.GetSectionRecursive(String configKey, Boolean getLkg, Boolean checkPermission, Boolean getRuntimeObject, Boolean requestIsHere, Object&amp; result, Object&amp; resultRuntimeObject)
   at System.Configuration.BaseConfigurationRecord.GetSectionRecursive(String configKey, Boolean getLkg, Boolean checkPermission, Boolean getRuntimeObject, Boolean requestIsHere, Object&amp; result, Object&amp; resultRuntimeObject)
   at System.Configuration.BaseConfigurationRecord.GetSection(String configKey, Boolean getLkg, Boolean checkPermission)
   at System.Configuration.BaseConfigurationRecord.GetSection(String configKey)
   at System.Configuration.ClientConfigurationSystem.System.Configuration.Internal.IInternalConfigSystem.GetSection(String sectionName)
   at System.Configuration.ConfigurationManager.GetSection(String sectionName)
   at Microsoft.Practices.EnterpriseLibrary.Common.Configuration.SystemConfigurationSourceImplementation.GetSection(String sectionName)
   at Microsoft.Practices.EnterpriseLibrary.Common.Configuration.SystemConfigurationSource.GetSection(String sectionName)
   at Microsoft.Practices.EnterpriseLibrary.ExceptionHandling.Configuration.ExceptionHandlingSettings.GetExceptionHandlingSettings(IConfigurationSource configurationSource)
   at Microsoft.Practices.EnterpriseLibrary.ExceptionHandling.ExceptionHandlingConfigurationView.get_ExceptionHandlingSettings()
   at Microsoft.Practices.EnterpriseLibrary.ExceptionHandling.ExceptionHandlingConfigurationView.GetExceptionPolicyData(String policyName)
   at Microsoft.Practices.EnterpriseLibrary.ExceptionHandling.ExceptionPolicyCustomFactory.GetConfiguration(String id, IConfigurationSource configurationSource)
   at Microsoft.Practices.EnterpriseLibrary.ExceptionHandling.ExceptionPolicyCustomFactory.CreateObject(IBuilderContext context, String name, IConfigurationSource configurationSource, ConfigurationReflectionCache reflectionCache)
   at Microsoft.Practices.EnterpriseLibrary.Common.Configuration.ObjectBuilder.ConfiguredObjectStrategy.BuildUp(IBuilderContext context, Type t, Object existing, String id)
   at Microsoft.Practices.ObjectBuilder.BuilderStrategy.BuildUp(IBuilderContext context, Type typeToBuild, Object existing, String idToBuild)
   at Microsoft.Practices.ObjectBuilder.SingletonStrategy.BuildUp(IBuilderContext context, Type typeToBuild, Object existing, String idToBuild)
   at Microsoft.Practices.ObjectBuilder.BuilderStrategy.BuildUp(IBuilderContext context, Type typeToBuild, Object existing, String idToBuild)
   at Microsoft.Practices.EnterpriseLibrary.Common.Configuration.ObjectBuilder.ConfigurationNameMappingStrategy.BuildUp(IBuilderContext context, Type t, Object existing, String id)
   at Microsoft.Practices.ObjectBuilder.BuilderBase`1.DoBuildUp(IReadWriteLocator locator, Type typeToBuild, String idToBuild, Object existing, PolicyList[] transientPolicies)
   at Microsoft.Practices.ObjectBuilder.BuilderBase`1.BuildUp(IReadWriteLocator locator, Type typeToBuild, String idToBuild, Object existing, PolicyList[] transientPolicies)
   at Microsoft.Practices.ObjectBuilder.BuilderBase`1.BuildUp[TTypeToBuild](IReadWriteLocator locator, String idToBuild, Object existing, PolicyList[] transientPolicies)
   at Microsoft.Practices.EnterpriseLibrary.Common.Configuration.ObjectBuilder.EnterpriseLibraryFactory.BuildUp[T](IReadWriteLocator locator, String id, IConfigurationSource configurationSource)
   at Microsoft.Practices.EnterpriseLibrary.Common.Configuration.ObjectBuilder.LocatorNameTypeFactoryBase`1.Create(String name)
   at Microsoft.Practices.EnterpriseLibrary.ExceptionHandling.ExceptionPolicy.GetExceptionPolicy(Exception exception, String policyName)
   at Microsoft.Practices.EnterpriseLibrary.ExceptionHandling.ExceptionPolicy.HandleException(Exception exceptionToHandle, String policyName)
   at BrownShoe.ExceptionPolicy.HandleException(Exception exc) in e:\projects\brownshoe\unit_tests\product\src\BrownShoe\Libraries\Core\ExceptionPolicies.cs:line 117
   at BrownShoe.Madison.MadisonWebService.GetHomeDeliveryOrderStatus(String storeNumber, String registerNumber, String transactionNumber, DateTime transactionDate) in e:\projects\brownshoe\unit_tests\product\src\BrownShoe\Libraries\Services\Madison\MadisonWebService.cs:line 1510
   at BrownShoe.UnitTests.Services.Madison.MadisonWebServiceTest.GetHomeDeliveryOrderStatusTestFailure()
</stackTrace></errorInfo><traceInfo type="Microsoft.VisualStudio.TestTools.Common.TestExecutionTraceInformation"><trace type="System.Text.StringBuilder">Creating instance of class BrownShoe.UnitTests.Services.Madison.MadisonWebServiceTest.
Calling Test method BrownShoe.UnitTests.Services.Madison.MadisonWebServiceTest.Microsoft.VisualStudio.TestTools.TestTypes.Unit.TestMethod.
</trace></traceInfo><stdout type="System.String" /><stderr type="System.String" /><debugTrace type="System.String" /><workItemIds type="System.Collections.Generic.List`1[[System.Int32, mscorlib, Version=2.0.0.0, Culture=neutral, PublicKeyToken=b77a5c561934e089]]"><_size type="System.Int32">0</_size><_version type="System.Int32">1</_version></workItemIds><id type="Microsoft.VisualStudio.TestTools.Common.TestResultId"><runId type="System.Guid">3d9a8baa-b9cb-4717-8a94-3c6445344217</runId><executionId type="Microsoft.VisualStudio.TestTools.Common.TestExecId"><id type="System.Guid">1e09c704-44cf-4aca-82b1-ba56e7ade03c</id></executionId><parentExecId type="Microsoft.VisualStudio.TestTools.Common.TestExecId"><id type="System.Guid">00000000-0000-0000-0000-000000000000</id></parentExecId><testId type="Microsoft.VisualStudio.TestTools.Common.TestId"><id type="System.Guid">50655df2-3e03-e5f4-4dd1-557b5d92ebfc</id></testId></id><testName type="System.String">GetHomeDeliveryOrderStatusTestFailure</testName><testType type="Microsoft.VisualStudio.TestTools.Common.TestType"><id type="System.Guid">13cdc9d9-ddb5-4fa4-a97d-d965ccfc6d4b</id></testType><messageKind type="Microsoft.VisualStudio.TestTools.Common.TestMessageKind"><value__ type="System.Int32">1</value__></messageKind><computerInfo type="Microsoft.VisualStudio.TestTools.Common.ComputerInfo"><m_computerName type="System.String">ECDATA-TFS01</m_computerName></computerInfo><duration type="System.TimeSpan">00:00:00.0133602</duration><startTime type="System.DateTime"><dateData type="System.UInt64">633673774995169296</dateData></startTime><endTime type="System.DateTime"><dateData type="System.UInt64">633673774995481816</dateData></endTime><spoolMessage type="System.Boolean">True</spoolMessage></UnitTestResult><UnitTestResult type="Microsoft.VisualStudio.TestTools.TestTypes.Unit.UnitTestResult, Microsoft.VisualStudio.QualityTools.Tips.UnitTest.ObjectModel, Version=8.0.0.0, Culture=neutral, PublicKeyToken=b03f5f7f11d50a3a"><resultType type="Microsoft.VisualStudio.TestTools.TestTypes.Unit.UnitTestResultType, Microsoft.VisualStudio.QualityTools.Tips.UnitTest.ObjectModel, Version=8.0.0.0, Culture=neutral, PublicKeyToken=b03f5f7f11d50a3a"><value__ type="System.Int32">0</value__></resultType><m_hasSufficientAccess type="System.Boolean">True</m_hasSufficientAccess><counters type="Microsoft.VisualStudio.TestTools.Common.TestResultCounter"><values type="System.Int32">0,0,0,0,0,0,0,0,0,0,0,0,0,0</values><total type="System.Int32">1</total></counters><categoryId type="Microsoft.VisualStudio.TestTools.Common.TestCategoryId"><id type="System.Guid">8c84fa94-04c1-424b-9868-57a2d4851a1d</id></categoryId><outcome type="Microsoft.VisualStudio.TestTools.Common.TestOutcome"><value__ type="System.Int32">1</value__></outcome><errorInfo type="Microsoft.VisualStudio.TestTools.Common.TestResultErrorInfo"><message type="System.String">Test method BrownShoe.UnitTests.Services.Madison.MadisonWebServiceTest.GetNextMemberNumberTest threw exception:  System.Configuration.ConfigurationErrorsException: The type Microsoft.Practices.EnterpriseLibrary.ExceptionHandling.Logging.LoggingExceptionHandler, Microsoft.Practices.EnterpriseLibrary.ExceptionHandling.Logging, Version=2.0.0.0, Culture=neutral, PublicKeyToken=c834797fd9c628b4 from configuration could not be created. (E:\projects\brownshoe\unit_tests\product\srvtfs_ECDATA-TFS01 2009-01-12 11_17_41\Out\BrownShoe.UnitTests.DLL.config line 38).</message><stackTrace type="System.String">    at System.Configuration.BaseConfigurationRecord.EvaluateOne(String[] keys, SectionInput input, Boolean isTrusted, FactoryRecord factoryRecord, SectionRecord sectionRecord, Object parentResult)
   at System.Configuration.BaseConfigurationRecord.Evaluate(FactoryRecord factoryRecord, SectionRecord sectionRecord, Object parentResult, Boolean getLkg, Boolean getRuntimeObject, Object&amp; result, Object&amp; resultRuntimeObject)
   at System.Configuration.BaseConfigurationRecord.GetSectionRecursive(String configKey, Boolean getLkg, Boolean checkPermission, Boolean getRuntimeObject, Boolean requestIsHere, Object&amp; result, Object&amp; resultRuntimeObject)
   at System.Configuration.BaseConfigurationRecord.GetSectionRecursive(String configKey, Boolean getLkg, Boolean checkPermission, Boolean getRuntimeObject, Boolean requestIsHere, Object&amp; result, Object&amp; resultRuntimeObject)
   at System.Configuration.BaseConfigurationRecord.GetSectionRecursive(String configKey, Boolean getLkg, Boolean checkPermission, Boolean getRuntimeObject, Boolean requestIsHere, Object&amp; result, Object&amp; resultRuntimeObject)
   at System.Configuration.BaseConfigurationRecord.GetSection(String configKey, Boolean getLkg, Boolean checkPermission)
   at System.Configuration.BaseConfigurationRecord.GetSection(String configKey)
   at System.Configuration.ClientConfigurationSystem.System.Configuration.Internal.IInternalConfigSystem.GetSection(String sectionName)
   at System.Configuration.ConfigurationManager.GetSection(String sectionName)
   at Microsoft.Practices.EnterpriseLibrary.Common.Configuration.SystemConfigurationSourceImplementation.GetSection(String sectionName)
   at Microsoft.Practices.EnterpriseLibrary.Common.Configuration.SystemConfigurationSource.GetSection(String sectionName)
   at Microsoft.Practices.EnterpriseLibrary.ExceptionHandling.Configuration.ExceptionHandlingSettings.GetExceptionHandlingSettings(IConfigurationSource configurationSource)
   at Microsoft.Practices.EnterpriseLibrary.ExceptionHandling.ExceptionHandlingConfigurationView.get_ExceptionHandlingSettings()
   at Microsoft.Practices.EnterpriseLibrary.ExceptionHandling.ExceptionHandlingConfigurationView.GetExceptionPolicyData(String policyName)
   at Microsoft.Practices.EnterpriseLibrary.ExceptionHandling.ExceptionPolicyCustomFactory.GetConfiguration(String id, IConfigurationSource configurationSource)
   at Microsoft.Practices.EnterpriseLibrary.ExceptionHandling.ExceptionPolicyCustomFactory.CreateObject(IBuilderContext context, String name, IConfigurationSource configurationSource, ConfigurationReflectionCache reflectionCache)
   at Microsoft.Practices.EnterpriseLibrary.Common.Configuration.ObjectBuilder.ConfiguredObjectStrategy.BuildUp(IBuilderContext context, Type t, Object existing, String id)
   at Microsoft.Practices.ObjectBuilder.BuilderStrategy.BuildUp(IBuilderContext context, Type typeToBuild, Object existing, String idToBuild)
   at Microsoft.Practices.ObjectBuilder.SingletonStrategy.BuildUp(IBuilderContext context, Type typeToBuild, Object existing, String idToBuild)
   at Microsoft.Practices.ObjectBuilder.BuilderStrategy.BuildUp(IBuilderContext context, Type typeToBuild, Object existing, String idToBuild)
   at Microsoft.Practices.EnterpriseLibrary.Common.Configuration.ObjectBuilder.ConfigurationNameMappingStrategy.BuildUp(IBuilderContext context, Type t, Object existing, String id)
   at Microsoft.Practices.ObjectBuilder.BuilderBase`1.DoBuildUp(IReadWriteLocator locator, Type typeToBuild, String idToBuild, Object existing, PolicyList[] transientPolicies)
   at Microsoft.Practices.ObjectBuilder.BuilderBase`1.BuildUp(IReadWriteLocator locator, Type typeToBuild, String idToBuild, Object existing, PolicyList[] transientPolicies)
   at Microsoft.Practices.ObjectBuilder.BuilderBase`1.BuildUp[TTypeToBuild](IReadWriteLocator locator, String idToBuild, Object existing, PolicyList[] transientPolicies)
   at Microsoft.Practices.EnterpriseLibrary.Common.Configuration.ObjectBuilder.EnterpriseLibraryFactory.BuildUp[T](IReadWriteLocator locator, String id, IConfigurationSource configurationSource)
   at Microsoft.Practices.EnterpriseLibrary.Common.Configuration.ObjectBuilder.LocatorNameTypeFactoryBase`1.Create(String name)
   at Microsoft.Practices.EnterpriseLibrary.ExceptionHandling.ExceptionPolicy.GetExceptionPolicy(Exception exception, String policyName)
   at Microsoft.Practices.EnterpriseLibrary.ExceptionHandling.ExceptionPolicy.HandleException(Exception exceptionToHandle, String policyName)
   at BrownShoe.ExceptionPolicy.HandleException(Exception exc) in e:\projects\brownshoe\unit_tests\product\src\BrownShoe\Libraries\Core\ExceptionPolicies.cs:line 117
   at BrownShoe.Madison.MadisonWebService.GetNextMemberNumber() in e:\projects\brownshoe\unit_tests\product\src\BrownShoe\Libraries\Services\Madison\MadisonWebService.cs:line 285
   at BrownShoe.UnitTests.Services.Madison.MadisonWebServiceTest.GetNextMemberNumberTest()
</stackTrace></errorInfo><traceInfo type="Microsoft.VisualStudio.TestTools.Common.TestExecutionTraceInformation"><trace type="System.Text.StringBuilder">Creating instance of class BrownShoe.UnitTests.Services.Madison.MadisonWebServiceTest.
Calling Test method BrownShoe.UnitTests.Services.Madison.MadisonWebServiceTest.Microsoft.VisualStudio.TestTools.TestTypes.Unit.TestMethod.
</trace></traceInfo><stdout type="System.String" /><stderr type="System.String" /><debugTrace type="System.String" /><workItemIds type="System.Collections.Generic.List`1[[System.Int32, mscorlib, Version=2.0.0.0, Culture=neutral, PublicKeyToken=b77a5c561934e089]]"><_size type="System.Int32">0</_size><_version type="System.Int32">1</_version></workItemIds><id type="Microsoft.VisualStudio.TestTools.Common.TestResultId"><runId type="System.Guid">3d9a8baa-b9cb-4717-8a94-3c6445344217</runId><executionId type="Microsoft.VisualStudio.TestTools.Common.TestExecId"><id type="System.Guid">966fa215-bdc9-480b-8d05-75188e0ae150</id></executionId><parentExecId type="Microsoft.VisualStudio.TestTools.Common.TestExecId"><id type="System.Guid">00000000-0000-0000-0000-000000000000</id></parentExecId><testId type="Microsoft.VisualStudio.TestTools.Common.TestId"><id type="System.Guid">a849d7d1-1cf8-399b-654e-6bbf81d3692f</id></testId></id><testName type="System.String">GetNextMemberNumberTest</testName><testType type="Microsoft.VisualStudio.TestTools.Common.TestType"><id type="System.Guid">13cdc9d9-ddb5-4fa4-a97d-d965ccfc6d4b</id></testType><messageKind type="Microsoft.VisualStudio.TestTools.Common.TestMessageKind"><value__ type="System.Int32">1</value__></messageKind><computerInfo type="Microsoft.VisualStudio.TestTools.Common.ComputerInfo"><m_computerName type="System.String">ECDATA-TFS01</m_computerName></computerInfo><duration type="System.TimeSpan">00:00:00.0144985</duration><startTime type="System.DateTime"><dateData type="System.UInt64">633673774995481816</dateData></startTime><endTime type="System.DateTime"><dateData type="System.UInt64">633673774995638076</dateData></endTime><spoolMessage type="System.Boolean">True</spoolMessage></UnitTestResult><UnitTestResult type="Microsoft.VisualStudio.TestTools.TestTypes.Unit.UnitTestResult, Microsoft.VisualStudio.QualityTools.Tips.UnitTest.ObjectModel, Version=8.0.0.0, Culture=neutral, PublicKeyToken=b03f5f7f11d50a3a"><resultType type="Microsoft.VisualStudio.TestTools.TestTypes.Unit.UnitTestResultType, Microsoft.VisualStudio.QualityTools.Tips.UnitTest.ObjectModel, Version=8.0.0.0, Culture=neutral, PublicKeyToken=b03f5f7f11d50a3a"><value__ type="System.Int32">0</value__></resultType><m_hasSufficientAccess type="System.Boolean">True</m_hasSufficientAccess><counters type="Microsoft.VisualStudio.TestTools.Common.TestResultCounter"><values type="System.Int32">0,0,0,0,0,0,0,0,0,0,0,0,0,0</values><total type="System.Int32">1</total></counters><categoryId type="Microsoft.VisualStudio.TestTools.Common.TestCategoryId"><id type="System.Guid">8c84fa94-04c1-424b-9868-57a2d4851a1d</id></categoryId><outcome type="Microsoft.VisualStudio.TestTools.Common.TestOutcome"><value__ type="System.Int32">1</value__></outcome><errorInfo type="Microsoft.VisualStudio.TestTools.Common.TestResultErrorInfo"><message type="System.String">Test method BrownShoe.UnitTests.Services.Madison.MadisonWebServiceTest.GetNextMemberNumberTestFailure threw exception:  System.Configuration.ConfigurationErrorsException: The type Microsoft.Practices.EnterpriseLibrary.ExceptionHandling.Logging.LoggingExceptionHandler, Microsoft.Practices.EnterpriseLibrary.ExceptionHandling.Logging, Version=2.0.0.0, Culture=neutral, PublicKeyToken=c834797fd9c628b4 from configuration could not be created. (E:\projects\brownshoe\unit_tests\product\srvtfs_ECDATA-TFS01 2009-01-12 11_17_41\Out\BrownShoe.UnitTests.DLL.config line 38).</message><stackTrace type="System.String">    at System.Configuration.BaseConfigurationRecord.EvaluateOne(String[] keys, SectionInput input, Boolean isTrusted, FactoryRecord factoryRecord, SectionRecord sectionRecord, Object parentResult)
   at System.Configuration.BaseConfigurationRecord.Evaluate(FactoryRecord factoryRecord, SectionRecord sectionRecord, Object parentResult, Boolean getLkg, Boolean getRuntimeObject, Object&amp; result, Object&amp; resultRuntimeObject)
   at System.Configuration.BaseConfigurationRecord.GetSectionRecursive(String configKey, Boolean getLkg, Boolean checkPermission, Boolean getRuntimeObject, Boolean requestIsHere, Object&amp; result, Object&amp; resultRuntimeObject)
   at System.Configuration.BaseConfigurationRecord.GetSectionRecursive(String configKey, Boolean getLkg, Boolean checkPermission, Boolean getRuntimeObject, Boolean requestIsHere, Object&amp; result, Object&amp; resultRuntimeObject)
   at System.Configuration.BaseConfigurationRecord.GetSectionRecursive(String configKey, Boolean getLkg, Boolean checkPermission, Boolean getRuntimeObject, Boolean requestIsHere, Object&amp; result, Object&amp; resultRuntimeObject)
   at System.Configuration.BaseConfigurationRecord.GetSection(String configKey, Boolean getLkg, Boolean checkPermission)
   at System.Configuration.BaseConfigurationRecord.GetSection(String configKey)
   at System.Configuration.ClientConfigurationSystem.System.Configuration.Internal.IInternalConfigSystem.GetSection(String sectionName)
   at System.Configuration.ConfigurationManager.GetSection(String sectionName)
   at Microsoft.Practices.EnterpriseLibrary.Common.Configuration.SystemConfigurationSourceImplementation.GetSection(String sectionName)
   at Microsoft.Practices.EnterpriseLibrary.Common.Configuration.SystemConfigurationSource.GetSection(String sectionName)
   at Microsoft.Practices.EnterpriseLibrary.ExceptionHandling.Configuration.ExceptionHandlingSettings.GetExceptionHandlingSettings(IConfigurationSource configurationSource)
   at Microsoft.Practices.EnterpriseLibrary.ExceptionHandling.ExceptionHandlingConfigurationView.get_ExceptionHandlingSettings()
   at Microsoft.Practices.EnterpriseLibrary.ExceptionHandling.ExceptionHandlingConfigurationView.GetExceptionPolicyData(String policyName)
   at Microsoft.Practices.EnterpriseLibrary.ExceptionHandling.ExceptionPolicyCustomFactory.GetConfiguration(String id, IConfigurationSource configurationSource)
   at Microsoft.Practices.EnterpriseLibrary.ExceptionHandling.ExceptionPolicyCustomFactory.CreateObject(IBuilderContext context, String name, IConfigurationSource configurationSource, ConfigurationReflectionCache reflectionCache)
   at Microsoft.Practices.EnterpriseLibrary.Common.Configuration.ObjectBuilder.ConfiguredObjectStrategy.BuildUp(IBuilderContext context, Type t, Object existing, String id)
   at Microsoft.Practices.ObjectBuilder.BuilderStrategy.BuildUp(IBuilderContext context, Type typeToBuild, Object existing, String idToBuild)
   at Microsoft.Practices.ObjectBuilder.SingletonStrategy.BuildUp(IBuilderContext context, Type typeToBuild, Object existing, String idToBuild)
   at Microsoft.Practices.ObjectBuilder.BuilderStrategy.BuildUp(IBuilderContext context, Type typeToBuild, Object existing, String idToBuild)
   at Microsoft.Practices.EnterpriseLibrary.Common.Configuration.ObjectBuilder.ConfigurationNameMappingStrategy.BuildUp(IBuilderContext context, Type t, Object existing, String id)
   at Microsoft.Practices.ObjectBuilder.BuilderBase`1.DoBuildUp(IReadWriteLocator locator, Type typeToBuild, String idToBuild, Object existing, PolicyList[] transientPolicies)
   at Microsoft.Practices.ObjectBuilder.BuilderBase`1.BuildUp(IReadWriteLocator locator, Type typeToBuild, String idToBuild, Object existing, PolicyList[] transientPolicies)
   at Microsoft.Practices.ObjectBuilder.BuilderBase`1.BuildUp[TTypeToBuild](IReadWriteLocator locator, String idToBuild, Object existing, PolicyList[] transientPolicies)
   at Microsoft.Practices.EnterpriseLibrary.Common.Configuration.ObjectBuilder.EnterpriseLibraryFactory.BuildUp[T](IReadWriteLocator locator, String id, IConfigurationSource configurationSource)
   at Microsoft.Practices.EnterpriseLibrary.Common.Configuration.ObjectBuilder.LocatorNameTypeFactoryBase`1.Create(String name)
   at Microsoft.Practices.EnterpriseLibrary.ExceptionHandling.ExceptionPolicy.GetExceptionPolicy(Exception exception, String policyName)
   at Microsoft.Practices.EnterpriseLibrary.ExceptionHandling.ExceptionPolicy.HandleException(Exception exceptionToHandle, String policyName)
   at BrownShoe.ExceptionPolicy.HandleException(Exception exc) in e:\projects\brownshoe\unit_tests\product\src\BrownShoe\Libraries\Core\ExceptionPolicies.cs:line 117
   at BrownShoe.Madison.MadisonWebService.GetNextMemberNumber() in e:\projects\brownshoe\unit_tests\product\src\BrownShoe\Libraries\Services\Madison\MadisonWebService.cs:line 285
   at BrownShoe.UnitTests.Services.Madison.MadisonWebServiceTest.GetNextMemberNumberTestFailure()
</stackTrace></errorInfo><traceInfo type="Microsoft.VisualStudio.TestTools.Common.TestExecutionTraceInformation"><trace type="System.Text.StringBuilder">Creating instance of class BrownShoe.UnitTests.Services.Madison.MadisonWebServiceTest.
Calling Test method BrownShoe.UnitTests.Services.Madison.MadisonWebServiceTest.Microsoft.VisualStudio.TestTools.TestTypes.Unit.TestMethod.
</trace></traceInfo><stdout type="System.String" /><stderr type="System.String" /><debugTrace type="System.String" /><workItemIds type="System.Collections.Generic.List`1[[System.Int32, mscorlib, Version=2.0.0.0, Culture=neutral, PublicKeyToken=b77a5c561934e089]]"><_size type="System.Int32">0</_size><_version type="System.Int32">1</_version></workItemIds><id type="Microsoft.VisualStudio.TestTools.Common.TestResultId"><runId type="System.Guid">3d9a8baa-b9cb-4717-8a94-3c6445344217</runId><executionId type="Microsoft.VisualStudio.TestTools.Common.TestExecId"><id type="System.Guid">80d5c164-81c3-4383-b368-eb7d8e340271</id></executionId><parentExecId type="Microsoft.VisualStudio.TestTools.Common.TestExecId"><id type="System.Guid">00000000-0000-0000-0000-000000000000</id></parentExecId><testId type="Microsoft.VisualStudio.TestTools.Common.TestId"><id type="System.Guid">a0354f8e-3dcb-35a8-50a4-c83b8ddc4af5</id></testId></id><testName type="System.String">GetNextMemberNumberTestFailure</testName><testType type="Microsoft.VisualStudio.TestTools.Common.TestType"><id type="System.Guid">13cdc9d9-ddb5-4fa4-a97d-d965ccfc6d4b</id></testType><messageKind type="Microsoft.VisualStudio.TestTools.Common.TestMessageKind"><value__ type="System.Int32">1</value__></messageKind><computerInfo type="Microsoft.VisualStudio.TestTools.Common.ComputerInfo"><m_computerName type="System.String">ECDATA-TFS01</m_computerName></computerInfo><duration type="System.TimeSpan">00:00:00.0127196</duration><startTime type="System.DateTime"><dateData type="System.UInt64">633673774995638076</dateData></startTime><endTime type="System.DateTime"><dateData type="System.UInt64">633673774995794336</dateData></endTime><spoolMessage type="System.Boolean">True</spoolMessage></UnitTestResult><UnitTestResult type="Microsoft.VisualStudio.TestTools.TestTypes.Unit.UnitTestResult, Microsoft.VisualStudio.QualityTools.Tips.UnitTest.ObjectModel, Version=8.0.0.0, Culture=neutral, PublicKeyToken=b03f5f7f11d50a3a"><resultType type="Microsoft.VisualStudio.TestTools.TestTypes.Unit.UnitTestResultType, Microsoft.VisualStudio.QualityTools.Tips.UnitTest.ObjectModel, Version=8.0.0.0, Culture=neutral, PublicKeyToken=b03f5f7f11d50a3a"><value__ type="System.Int32">0</value__></resultType><m_hasSufficientAccess type="System.Boolean">True</m_hasSufficientAccess><counters type="Microsoft.VisualStudio.TestTools.Common.TestResultCounter"><values type="System.Int32">0,0,0,0,0,0,0,0,0,0,0,0,0,0</values><total type="System.Int32">1</total></counters><categoryId type="Microsoft.VisualStudio.TestTools.Common.TestCategoryId"><id type="System.Guid">8c84fa94-04c1-424b-9868-57a2d4851a1d</id></categoryId><outcome type="Microsoft.VisualStudio.TestTools.Common.TestOutcome"><value__ type="System.Int32">1</value__></outcome><errorInfo type="Microsoft.VisualStudio.TestTools.Common.TestResultErrorInfo"><message type="System.String">Test method BrownShoe.UnitTests.Services.Madison.MadisonWebServiceTest.GetRewardsPointsBalanceTest threw exception:  System.Configuration.ConfigurationErrorsException: The type Microsoft.Practices.EnterpriseLibrary.ExceptionHandling.Logging.LoggingExceptionHandler, Microsoft.Practices.EnterpriseLibrary.ExceptionHandling.Logging, Version=2.0.0.0, Culture=neutral, PublicKeyToken=c834797fd9c628b4 from configuration could not be created. (E:\projects\brownshoe\unit_tests\product\srvtfs_ECDATA-TFS01 2009-01-12 11_17_41\Out\BrownShoe.UnitTests.DLL.config line 38).</message><stackTrace type="System.String">    at System.Configuration.BaseConfigurationRecord.EvaluateOne(String[] keys, SectionInput input, Boolean isTrusted, FactoryRecord factoryRecord, SectionRecord sectionRecord, Object parentResult)
   at System.Configuration.BaseConfigurationRecord.Evaluate(FactoryRecord factoryRecord, SectionRecord sectionRecord, Object parentResult, Boolean getLkg, Boolean getRuntimeObject, Object&amp; result, Object&amp; resultRuntimeObject)
   at System.Configuration.BaseConfigurationRecord.GetSectionRecursive(String configKey, Boolean getLkg, Boolean checkPermission, Boolean getRuntimeObject, Boolean requestIsHere, Object&amp; result, Object&amp; resultRuntimeObject)
   at System.Configuration.BaseConfigurationRecord.GetSectionRecursive(String configKey, Boolean getLkg, Boolean checkPermission, Boolean getRuntimeObject, Boolean requestIsHere, Object&amp; result, Object&amp; resultRuntimeObject)
   at System.Configuration.BaseConfigurationRecord.GetSectionRecursive(String configKey, Boolean getLkg, Boolean checkPermission, Boolean getRuntimeObject, Boolean requestIsHere, Object&amp; result, Object&amp; resultRuntimeObject)
   at System.Configuration.BaseConfigurationRecord.GetSection(String configKey, Boolean getLkg, Boolean checkPermission)
   at System.Configuration.BaseConfigurationRecord.GetSection(String configKey)
   at System.Configuration.ClientConfigurationSystem.System.Configuration.Internal.IInternalConfigSystem.GetSection(String sectionName)
   at System.Configuration.ConfigurationManager.GetSection(String sectionName)
   at Microsoft.Practices.EnterpriseLibrary.Common.Configuration.SystemConfigurationSourceImplementation.GetSection(String sectionName)
   at Microsoft.Practices.EnterpriseLibrary.Common.Configuration.SystemConfigurationSource.GetSection(String sectionName)
   at Microsoft.Practices.EnterpriseLibrary.ExceptionHandling.Configuration.ExceptionHandlingSettings.GetExceptionHandlingSettings(IConfigurationSource configurationSource)
   at Microsoft.Practices.EnterpriseLibrary.ExceptionHandling.ExceptionHandlingConfigurationView.get_ExceptionHandlingSettings()
   at Microsoft.Practices.EnterpriseLibrary.ExceptionHandling.ExceptionHandlingConfigurationView.GetExceptionPolicyData(String policyName)
   at Microsoft.Practices.EnterpriseLibrary.ExceptionHandling.ExceptionPolicyCustomFactory.GetConfiguration(String id, IConfigurationSource configurationSource)
   at Microsoft.Practices.EnterpriseLibrary.ExceptionHandling.ExceptionPolicyCustomFactory.CreateObject(IBuilderContext context, String name, IConfigurationSource configurationSource, ConfigurationReflectionCache reflectionCache)
   at Microsoft.Practices.EnterpriseLibrary.Common.Configuration.ObjectBuilder.ConfiguredObjectStrategy.BuildUp(IBuilderContext context, Type t, Object existing, String id)
   at Microsoft.Practices.ObjectBuilder.BuilderStrategy.BuildUp(IBuilderContext context, Type typeToBuild, Object existing, String idToBuild)
   at Microsoft.Practices.ObjectBuilder.SingletonStrategy.BuildUp(IBuilderContext context, Type typeToBuild, Object existing, String idToBuild)
   at Microsoft.Practices.ObjectBuilder.BuilderStrategy.BuildUp(IBuilderContext context, Type typeToBuild, Object existing, String idToBuild)
   at Microsoft.Practices.EnterpriseLibrary.Common.Configuration.ObjectBuilder.ConfigurationNameMappingStrategy.BuildUp(IBuilderContext context, Type t, Object existing, String id)
   at Microsoft.Practices.ObjectBuilder.BuilderBase`1.DoBuildUp(IReadWriteLocator locator, Type typeToBuild, String idToBuild, Object existing, PolicyList[] transientPolicies)
   at Microsoft.Practices.ObjectBuilder.BuilderBase`1.BuildUp(IReadWriteLocator locator, Type typeToBuild, String idToBuild, Object existing, PolicyList[] transientPolicies)
   at Microsoft.Practices.ObjectBuilder.BuilderBase`1.BuildUp[TTypeToBuild](IReadWriteLocator locator, String idToBuild, Object existing, PolicyList[] transientPolicies)
   at Microsoft.Practices.EnterpriseLibrary.Common.Configuration.ObjectBuilder.EnterpriseLibraryFactory.BuildUp[T](IReadWriteLocator locator, String id, IConfigurationSource configurationSource)
   at Microsoft.Practices.EnterpriseLibrary.Common.Configuration.ObjectBuilder.LocatorNameTypeFactoryBase`1.Create(String name)
   at Microsoft.Practices.EnterpriseLibrary.ExceptionHandling.ExceptionPolicy.GetExceptionPolicy(Exception exception, String policyName)
   at Microsoft.Practices.EnterpriseLibrary.ExceptionHandling.ExceptionPolicy.HandleException(Exception exceptionToHandle, String policyName)
   at BrownShoe.ExceptionPolicy.HandleException(Exception exc) in e:\projects\brownshoe\unit_tests\product\src\BrownShoe\Libraries\Core\ExceptionPolicies.cs:line 117
   at BrownShoe.Madison.MadisonWebService.GetRewardsPointsBalance(String memberNumber) in e:\projects\brownshoe\unit_tests\product\src\BrownShoe\Libraries\Services\Madison\MadisonWebService.cs:line 172
   at BrownShoe.UnitTests.Services.Madison.MadisonWebServiceTest.GetRewardsPointsBalanceTest()
</stackTrace></errorInfo><traceInfo type="Microsoft.VisualStudio.TestTools.Common.TestExecutionTraceInformation"><trace type="System.Text.StringBuilder">Creating instance of class BrownShoe.UnitTests.Services.Madison.MadisonWebServiceTest.
Calling Test method BrownShoe.UnitTests.Services.Madison.MadisonWebServiceTest.Microsoft.VisualStudio.TestTools.TestTypes.Unit.TestMethod.
</trace></traceInfo><stdout type="System.String" /><stderr type="System.String" /><debugTrace type="System.String" /><workItemIds type="System.Collections.Generic.List`1[[System.Int32, mscorlib, Version=2.0.0.0, Culture=neutral, PublicKeyToken=b77a5c561934e089]]"><_size type="System.Int32">0</_size><_version type="System.Int32">1</_version></workItemIds><id type="Microsoft.VisualStudio.TestTools.Common.TestResultId"><runId type="System.Guid">3d9a8baa-b9cb-4717-8a94-3c6445344217</runId><executionId type="Microsoft.VisualStudio.TestTools.Common.TestExecId"><id type="System.Guid">79b8d0f4-0ac3-4d8f-876f-f6c95ebfdb9c</id></executionId><parentExecId type="Microsoft.VisualStudio.TestTools.Common.TestExecId"><id type="System.Guid">00000000-0000-0000-0000-000000000000</id></parentExecId><testId type="Microsoft.VisualStudio.TestTools.Common.TestId"><id type="System.Guid">e275a7e6-71c9-4dde-6ef3-93d6460cd2f7</id></testId></id><testName type="System.String">GetRewardsPointsBalanceTest</testName><testType type="Microsoft.VisualStudio.TestTools.Common.TestType"><id type="System.Guid">13cdc9d9-ddb5-4fa4-a97d-d965ccfc6d4b</id></testType><messageKind type="Microsoft.VisualStudio.TestTools.Common.TestMessageKind"><value__ type="System.Int32">1</value__></messageKind><computerInfo type="Microsoft.VisualStudio.TestTools.Common.ComputerInfo"><m_computerName type="System.String">ECDATA-TFS01</m_computerName></computerInfo><duration type="System.TimeSpan">00:00:00.0158415</duration><startTime type="System.DateTime"><dateData type="System.UInt64">633673774995794336</dateData></startTime><endTime type="System.DateTime"><dateData type="System.UInt64">633673774996106856</dateData></endTime><spoolMessage type="System.Boolean">True</spoolMessage></UnitTestResult><UnitTestResult type="Microsoft.VisualStudio.TestTools.TestTypes.Unit.UnitTestResult, Microsoft.VisualStudio.QualityTools.Tips.UnitTest.ObjectModel, Version=8.0.0.0, Culture=neutral, PublicKeyToken=b03f5f7f11d50a3a"><resultType type="Microsoft.VisualStudio.TestTools.TestTypes.Unit.UnitTestResultType, Microsoft.VisualStudio.QualityTools.Tips.UnitTest.ObjectModel, Version=8.0.0.0, Culture=neutral, PublicKeyToken=b03f5f7f11d50a3a"><value__ type="System.Int32">0</value__></resultType><m_hasSufficientAccess type="System.Boolean">True</m_hasSufficientAccess><counters type="Microsoft.VisualStudio.TestTools.Common.TestResultCounter"><values type="System.Int32">0,0,0,0,0,0,0,0,0,0,0,0,0,0</values><total type="System.Int32">1</total></counters><categoryId type="Microsoft.VisualStudio.TestTools.Common.TestCategoryId"><id type="System.Guid">8c84fa94-04c1-424b-9868-57a2d4851a1d</id></categoryId><outcome type="Microsoft.VisualStudio.TestTools.Common.TestOutcome"><value__ type="System.Int32">1</value__></outcome><errorInfo type="Microsoft.VisualStudio.TestTools.Common.TestResultErrorInfo"><message type="System.String">Test method BrownShoe.UnitTests.Services.Madison.MadisonWebServiceTest.GetRewardsPointsBalanceTestFailure threw exception:  System.Configuration.ConfigurationErrorsException: The type Microsoft.Practices.EnterpriseLibrary.ExceptionHandling.Logging.LoggingExceptionHandler, Microsoft.Practices.EnterpriseLibrary.ExceptionHandling.Logging, Version=2.0.0.0, Culture=neutral, PublicKeyToken=c834797fd9c628b4 from configuration could not be created. (E:\projects\brownshoe\unit_tests\product\srvtfs_ECDATA-TFS01 2009-01-12 11_17_41\Out\BrownShoe.UnitTests.DLL.config line 38).</message><stackTrace type="System.String">    at System.Configuration.BaseConfigurationRecord.EvaluateOne(String[] keys, SectionInput input, Boolean isTrusted, FactoryRecord factoryRecord, SectionRecord sectionRecord, Object parentResult)
   at System.Configuration.BaseConfigurationRecord.Evaluate(FactoryRecord factoryRecord, SectionRecord sectionRecord, Object parentResult, Boolean getLkg, Boolean getRuntimeObject, Object&amp; result, Object&amp; resultRuntimeObject)
   at System.Configuration.BaseConfigurationRecord.GetSectionRecursive(String configKey, Boolean getLkg, Boolean checkPermission, Boolean getRuntimeObject, Boolean requestIsHere, Object&amp; result, Object&amp; resultRuntimeObject)
   at System.Configuration.BaseConfigurationRecord.GetSectionRecursive(String configKey, Boolean getLkg, Boolean checkPermission, Boolean getRuntimeObject, Boolean requestIsHere, Object&amp; result, Object&amp; resultRuntimeObject)
   at System.Configuration.BaseConfigurationRecord.GetSectionRecursive(String configKey, Boolean getLkg, Boolean checkPermission, Boolean getRuntimeObject, Boolean requestIsHere, Object&amp; result, Object&amp; resultRuntimeObject)
   at System.Configuration.BaseConfigurationRecord.GetSection(String configKey, Boolean getLkg, Boolean checkPermission)
   at System.Configuration.BaseConfigurationRecord.GetSection(String configKey)
   at System.Configuration.ClientConfigurationSystem.System.Configuration.Internal.IInternalConfigSystem.GetSection(String sectionName)
   at System.Configuration.ConfigurationManager.GetSection(String sectionName)
   at Microsoft.Practices.EnterpriseLibrary.Common.Configuration.SystemConfigurationSourceImplementation.GetSection(String sectionName)
   at Microsoft.Practices.EnterpriseLibrary.Common.Configuration.SystemConfigurationSource.GetSection(String sectionName)
   at Microsoft.Practices.EnterpriseLibrary.ExceptionHandling.Configuration.ExceptionHandlingSettings.GetExceptionHandlingSettings(IConfigurationSource configurationSource)
   at Microsoft.Practices.EnterpriseLibrary.ExceptionHandling.ExceptionHandlingConfigurationView.get_ExceptionHandlingSettings()
   at Microsoft.Practices.EnterpriseLibrary.ExceptionHandling.ExceptionHandlingConfigurationView.GetExceptionPolicyData(String policyName)
   at Microsoft.Practices.EnterpriseLibrary.ExceptionHandling.ExceptionPolicyCustomFactory.GetConfiguration(String id, IConfigurationSource configurationSource)
   at Microsoft.Practices.EnterpriseLibrary.ExceptionHandling.ExceptionPolicyCustomFactory.CreateObject(IBuilderContext context, String name, IConfigurationSource configurationSource, ConfigurationReflectionCache reflectionCache)
   at Microsoft.Practices.EnterpriseLibrary.Common.Configuration.ObjectBuilder.ConfiguredObjectStrategy.BuildUp(IBuilderContext context, Type t, Object existing, String id)
   at Microsoft.Practices.ObjectBuilder.BuilderStrategy.BuildUp(IBuilderContext context, Type typeToBuild, Object existing, String idToBuild)
   at Microsoft.Practices.ObjectBuilder.SingletonStrategy.BuildUp(IBuilderContext context, Type typeToBuild, Object existing, String idToBuild)
   at Microsoft.Practices.ObjectBuilder.BuilderStrategy.BuildUp(IBuilderContext context, Type typeToBuild, Object existing, String idToBuild)
   at Microsoft.Practices.EnterpriseLibrary.Common.Configuration.ObjectBuilder.ConfigurationNameMappingStrategy.BuildUp(IBuilderContext context, Type t, Object existing, String id)
   at Microsoft.Practices.ObjectBuilder.BuilderBase`1.DoBuildUp(IReadWriteLocator locator, Type typeToBuild, String idToBuild, Object existing, PolicyList[] transientPolicies)
   at Microsoft.Practices.ObjectBuilder.BuilderBase`1.BuildUp(IReadWriteLocator locator, Type typeToBuild, String idToBuild, Object existing, PolicyList[] transientPolicies)
   at Microsoft.Practices.ObjectBuilder.BuilderBase`1.BuildUp[TTypeToBuild](IReadWriteLocator locator, String idToBuild, Object existing, PolicyList[] transientPolicies)
   at Microsoft.Practices.EnterpriseLibrary.Common.Configuration.ObjectBuilder.EnterpriseLibraryFactory.BuildUp[T](IReadWriteLocator locator, String id, IConfigurationSource configurationSource)
   at Microsoft.Practices.EnterpriseLibrary.Common.Configuration.ObjectBuilder.LocatorNameTypeFactoryBase`1.Create(String name)
   at Microsoft.Practices.EnterpriseLibrary.ExceptionHandling.ExceptionPolicy.GetExceptionPolicy(Exception exception, String policyName)
   at Microsoft.Practices.EnterpriseLibrary.ExceptionHandling.ExceptionPolicy.HandleException(Exception exceptionToHandle, String policyName)
   at BrownShoe.ExceptionPolicy.HandleException(Exception exc) in e:\projects\brownshoe\unit_tests\product\src\BrownShoe\Libraries\Core\ExceptionPolicies.cs:line 117
   at BrownShoe.Madison.MadisonWebService.GetRewardsPointsBalance(String memberNumber) in e:\projects\brownshoe\unit_tests\product\src\BrownShoe\Libraries\Services\Madison\MadisonWebService.cs:line 172
   at BrownShoe.UnitTests.Services.Madison.MadisonWebServiceTest.GetRewardsPointsBalanceTestFailure()
</stackTrace></errorInfo><traceInfo type="Microsoft.VisualStudio.TestTools.Common.TestExecutionTraceInformation"><trace type="System.Text.StringBuilder">Creating instance of class BrownShoe.UnitTests.Services.Madison.MadisonWebServiceTest.
Calling Test method BrownShoe.UnitTests.Services.Madison.MadisonWebServiceTest.Microsoft.VisualStudio.TestTools.TestTypes.Unit.TestMethod.
</trace></traceInfo><stdout type="System.String" /><stderr type="System.String" /><debugTrace type="System.String" /><workItemIds type="System.Collections.Generic.List`1[[System.Int32, mscorlib, Version=2.0.0.0, Culture=neutral, PublicKeyToken=b77a5c561934e089]]"><_size type="System.Int32">0</_size><_version type="System.Int32">1</_version></workItemIds><id type="Microsoft.VisualStudio.TestTools.Common.TestResultId"><runId type="System.Guid">3d9a8baa-b9cb-4717-8a94-3c6445344217</runId><executionId type="Microsoft.VisualStudio.TestTools.Common.TestExecId"><id type="System.Guid">fa960757-e513-4fb0-8a93-7f822a30bcfb</id></executionId><parentExecId type="Microsoft.VisualStudio.TestTools.Common.TestExecId"><id type="System.Guid">00000000-0000-0000-0000-000000000000</id></parentExecId><testId type="Microsoft.VisualStudio.TestTools.Common.TestId"><id type="System.Guid">89f5131d-8ce2-2047-c618-b30a5354fa0b</id></testId></id><testName type="System.String">GetRewardsPointsBalanceTestFailure</testName><testType type="Microsoft.VisualStudio.TestTools.Common.TestType"><id type="System.Guid">13cdc9d9-ddb5-4fa4-a97d-d965ccfc6d4b</id></testType><messageKind type="Microsoft.VisualStudio.TestTools.Common.TestMessageKind"><value__ type="System.Int32">1</value__></messageKind><computerInfo type="Microsoft.VisualStudio.TestTools.Common.ComputerInfo"><m_computerName type="System.String">ECDATA-TFS01</m_computerName></computerInfo><duration type="System.TimeSpan">00:00:00.0140593</duration><startTime type="System.DateTime"><dateData type="System.UInt64">633673774996106856</dateData></startTime><endTime type="System.DateTime"><dateData type="System.UInt64">633673774996263116</dateData></endTime><spoolMessage type="System.Boolean">True</spoolMessage></UnitTestResult><UnitTestResult type="Microsoft.VisualStudio.TestTools.TestTypes.Unit.UnitTestResult, Microsoft.VisualStudio.QualityTools.Tips.UnitTest.ObjectModel, Version=8.0.0.0, Culture=neutral, PublicKeyToken=b03f5f7f11d50a3a"><resultType type="Microsoft.VisualStudio.TestTools.TestTypes.Unit.UnitTestResultType, Microsoft.VisualStudio.QualityTools.Tips.UnitTest.ObjectModel, Version=8.0.0.0, Culture=neutral, PublicKeyToken=b03f5f7f11d50a3a"><value__ type="System.Int32">0</value__></resultType><m_hasSufficientAccess type="System.Boolean">True</m_hasSufficientAccess><counters type="Microsoft.VisualStudio.TestTools.Common.TestResultCounter"><values type="System.Int32">0,0,0,0,0,0,0,0,0,0,0,0,0,0</values><total type="System.Int32">1</total></counters><categoryId type="Microsoft.VisualStudio.TestTools.Common.TestCategoryId"><id type="System.Guid">8c84fa94-04c1-424b-9868-57a2d4851a1d</id></categoryId><outcome type="Microsoft.VisualStudio.TestTools.Common.TestOutcome"><value__ type="System.Int32">1</value__></outcome><errorInfo type="Microsoft.VisualStudio.TestTools.Common.TestResultErrorInfo"><message type="System.String">Test method BrownShoe.UnitTests.Services.Madison.MadisonWebServiceTest.GetRewardsProfileTest threw exception:  System.Configuration.ConfigurationErrorsException: The type Microsoft.Practices.EnterpriseLibrary.ExceptionHandling.Logging.LoggingExceptionHandler, Microsoft.Practices.EnterpriseLibrary.ExceptionHandling.Logging, Version=2.0.0.0, Culture=neutral, PublicKeyToken=c834797fd9c628b4 from configuration could not be created. (E:\projects\brownshoe\unit_tests\product\srvtfs_ECDATA-TFS01 2009-01-12 11_17_41\Out\BrownShoe.UnitTests.DLL.config line 38).</message><stackTrace type="System.String">    at System.Configuration.BaseConfigurationRecord.EvaluateOne(String[] keys, SectionInput input, Boolean isTrusted, FactoryRecord factoryRecord, SectionRecord sectionRecord, Object parentResult)
   at System.Configuration.BaseConfigurationRecord.Evaluate(FactoryRecord factoryRecord, SectionRecord sectionRecord, Object parentResult, Boolean getLkg, Boolean getRuntimeObject, Object&amp; result, Object&amp; resultRuntimeObject)
   at System.Configuration.BaseConfigurationRecord.GetSectionRecursive(String configKey, Boolean getLkg, Boolean checkPermission, Boolean getRuntimeObject, Boolean requestIsHere, Object&amp; result, Object&amp; resultRuntimeObject)
   at System.Configuration.BaseConfigurationRecord.GetSectionRecursive(String configKey, Boolean getLkg, Boolean checkPermission, Boolean getRuntimeObject, Boolean requestIsHere, Object&amp; result, Object&amp; resultRuntimeObject)
   at System.Configuration.BaseConfigurationRecord.GetSectionRecursive(String configKey, Boolean getLkg, Boolean checkPermission, Boolean getRuntimeObject, Boolean requestIsHere, Object&amp; result, Object&amp; resultRuntimeObject)
   at System.Configuration.BaseConfigurationRecord.GetSection(String configKey, Boolean getLkg, Boolean checkPermission)
   at System.Configuration.BaseConfigurationRecord.GetSection(String configKey)
   at System.Configuration.ClientConfigurationSystem.System.Configuration.Internal.IInternalConfigSystem.GetSection(String sectionName)
   at System.Configuration.ConfigurationManager.GetSection(String sectionName)
   at Microsoft.Practices.EnterpriseLibrary.Common.Configuration.SystemConfigurationSourceImplementation.GetSection(String sectionName)
   at Microsoft.Practices.EnterpriseLibrary.Common.Configuration.SystemConfigurationSource.GetSection(String sectionName)
   at Microsoft.Practices.EnterpriseLibrary.ExceptionHandling.Configuration.ExceptionHandlingSettings.GetExceptionHandlingSettings(IConfigurationSource configurationSource)
   at Microsoft.Practices.EnterpriseLibrary.ExceptionHandling.ExceptionHandlingConfigurationView.get_ExceptionHandlingSettings()
   at Microsoft.Practices.EnterpriseLibrary.ExceptionHandling.ExceptionHandlingConfigurationView.GetExceptionPolicyData(String policyName)
   at Microsoft.Practices.EnterpriseLibrary.ExceptionHandling.ExceptionPolicyCustomFactory.GetConfiguration(String id, IConfigurationSource configurationSource)
   at Microsoft.Practices.EnterpriseLibrary.ExceptionHandling.ExceptionPolicyCustomFactory.CreateObject(IBuilderContext context, String name, IConfigurationSource configurationSource, ConfigurationReflectionCache reflectionCache)
   at Microsoft.Practices.EnterpriseLibrary.Common.Configuration.ObjectBuilder.ConfiguredObjectStrategy.BuildUp(IBuilderContext context, Type t, Object existing, String id)
   at Microsoft.Practices.ObjectBuilder.BuilderStrategy.BuildUp(IBuilderContext context, Type typeToBuild, Object existing, String idToBuild)
   at Microsoft.Practices.ObjectBuilder.SingletonStrategy.BuildUp(IBuilderContext context, Type typeToBuild, Object existing, String idToBuild)
   at Microsoft.Practices.ObjectBuilder.BuilderStrategy.BuildUp(IBuilderContext context, Type typeToBuild, Object existing, String idToBuild)
   at Microsoft.Practices.EnterpriseLibrary.Common.Configuration.ObjectBuilder.ConfigurationNameMappingStrategy.BuildUp(IBuilderContext context, Type t, Object existing, String id)
   at Microsoft.Practices.ObjectBuilder.BuilderBase`1.DoBuildUp(IReadWriteLocator locator, Type typeToBuild, String idToBuild, Object existing, PolicyList[] transientPolicies)
   at Microsoft.Practices.ObjectBuilder.BuilderBase`1.BuildUp(IReadWriteLocator locator, Type typeToBuild, String idToBuild, Object existing, PolicyList[] transientPolicies)
   at Microsoft.Practices.ObjectBuilder.BuilderBase`1.BuildUp[TTypeToBuild](IReadWriteLocator locator, String idToBuild, Object existing, PolicyList[] transientPolicies)
   at Microsoft.Practices.EnterpriseLibrary.Common.Configuration.ObjectBuilder.EnterpriseLibraryFactory.BuildUp[T](IReadWriteLocator locator, String id, IConfigurationSource configurationSource)
   at Microsoft.Practices.EnterpriseLibrary.Common.Configuration.ObjectBuilder.LocatorNameTypeFactoryBase`1.Create(String name)
   at Microsoft.Practices.EnterpriseLibrary.ExceptionHandling.ExceptionPolicy.GetExceptionPolicy(Exception exception, String policyName)
   at Microsoft.Practices.EnterpriseLibrary.ExceptionHandling.ExceptionPolicy.HandleException(Exception exceptionToHandle, String policyName)
   at BrownShoe.ExceptionPolicy.HandleException(Exception exc) in e:\projects\brownshoe\unit_tests\product\src\BrownShoe\Libraries\Core\ExceptionPolicies.cs:line 117
   at BrownShoe.Madison.MadisonWebService.GetRewardsProfile(String memberNumber) in e:\projects\brownshoe\unit_tests\product\src\BrownShoe\Libraries\Services\Madison\MadisonWebService.cs:line 1000
   at BrownShoe.UnitTests.Services.Madison.MadisonWebServiceTest.GetRewardsProfileTest()
</stackTrace></errorInfo><traceInfo type="Microsoft.VisualStudio.TestTools.Common.TestExecutionTraceInformation"><trace type="System.Text.StringBuilder">Creating instance of class BrownShoe.UnitTests.Services.Madison.MadisonWebServiceTest.
Calling Test method BrownShoe.UnitTests.Services.Madison.MadisonWebServiceTest.Microsoft.VisualStudio.TestTools.TestTypes.Unit.TestMethod.
</trace></traceInfo><stdout type="System.String" /><stderr type="System.String" /><debugTrace type="System.String" /><workItemIds type="System.Collections.Generic.List`1[[System.Int32, mscorlib, Version=2.0.0.0, Culture=neutral, PublicKeyToken=b77a5c561934e089]]"><_size type="System.Int32">0</_size><_version type="System.Int32">1</_version></workItemIds><id type="Microsoft.VisualStudio.TestTools.Common.TestResultId"><runId type="System.Guid">3d9a8baa-b9cb-4717-8a94-3c6445344217</runId><executionId type="Microsoft.VisualStudio.TestTools.Common.TestExecId"><id type="System.Guid">4f5fb3bd-3fa2-4245-952e-8d4c206dca75</id></executionId><parentExecId type="Microsoft.VisualStudio.TestTools.Common.TestExecId"><id type="System.Guid">00000000-0000-0000-0000-000000000000</id></parentExecId><testId type="Microsoft.VisualStudio.TestTools.Common.TestId"><id type="System.Guid">d16fdca2-b7ee-9093-0f81-1d6d7b373572</id></testId></id><testName type="System.String">GetRewardsProfileTest</testName><testType type="Microsoft.VisualStudio.TestTools.Common.TestType"><id type="System.Guid">13cdc9d9-ddb5-4fa4-a97d-d965ccfc6d4b</id></testType><messageKind type="Microsoft.VisualStudio.TestTools.Common.TestMessageKind"><value__ type="System.Int32">1</value__></messageKind><computerInfo type="Microsoft.VisualStudio.TestTools.Common.ComputerInfo"><m_computerName type="System.String">ECDATA-TFS01</m_computerName></computerInfo><duration type="System.TimeSpan">00:00:00.0163719</duration><startTime type="System.DateTime"><dateData type="System.UInt64">633673774996263116</dateData></startTime><endTime type="System.DateTime"><dateData type="System.UInt64">633673774996419376</dateData></endTime><spoolMessage type="System.Boolean">True</spoolMessage></UnitTestResult><UnitTestResult type="Microsoft.VisualStudio.TestTools.TestTypes.Unit.UnitTestResult, Microsoft.VisualStudio.QualityTools.Tips.UnitTest.ObjectModel, Version=8.0.0.0, Culture=neutral, PublicKeyToken=b03f5f7f11d50a3a"><resultType type="Microsoft.VisualStudio.TestTools.TestTypes.Unit.UnitTestResultType, Microsoft.VisualStudio.QualityTools.Tips.UnitTest.ObjectModel, Version=8.0.0.0, Culture=neutral, PublicKeyToken=b03f5f7f11d50a3a"><value__ type="System.Int32">0</value__></resultType><m_hasSufficientAccess type="System.Boolean">True</m_hasSufficientAccess><counters type="Microsoft.VisualStudio.TestTools.Common.TestResultCounter"><values type="System.Int32">0,0,0,0,0,0,0,0,0,0,0,0,0,0</values><total type="System.Int32">1</total></counters><categoryId type="Microsoft.VisualStudio.TestTools.Common.TestCategoryId"><id type="System.Guid">8c84fa94-04c1-424b-9868-57a2d4851a1d</id></categoryId><outcome type="Microsoft.VisualStudio.TestTools.Common.TestOutcome"><value__ type="System.Int32">1</value__></outcome><errorInfo type="Microsoft.VisualStudio.TestTools.Common.TestResultErrorInfo"><message type="System.String">Test method BrownShoe.UnitTests.Services.Madison.MadisonWebServiceTest.GetRewardsProfileTestFailure threw exception:  System.Configuration.ConfigurationErrorsException: The type Microsoft.Practices.EnterpriseLibrary.ExceptionHandling.Logging.LoggingExceptionHandler, Microsoft.Practices.EnterpriseLibrary.ExceptionHandling.Logging, Version=2.0.0.0, Culture=neutral, PublicKeyToken=c834797fd9c628b4 from configuration could not be created. (E:\projects\brownshoe\unit_tests\product\srvtfs_ECDATA-TFS01 2009-01-12 11_17_41\Out\BrownShoe.UnitTests.DLL.config line 38).</message><stackTrace type="System.String">    at System.Configuration.BaseConfigurationRecord.EvaluateOne(String[] keys, SectionInput input, Boolean isTrusted, FactoryRecord factoryRecord, SectionRecord sectionRecord, Object parentResult)
   at System.Configuration.BaseConfigurationRecord.Evaluate(FactoryRecord factoryRecord, SectionRecord sectionRecord, Object parentResult, Boolean getLkg, Boolean getRuntimeObject, Object&amp; result, Object&amp; resultRuntimeObject)
   at System.Configuration.BaseConfigurationRecord.GetSectionRecursive(String configKey, Boolean getLkg, Boolean checkPermission, Boolean getRuntimeObject, Boolean requestIsHere, Object&amp; result, Object&amp; resultRuntimeObject)
   at System.Configuration.BaseConfigurationRecord.GetSectionRecursive(String configKey, Boolean getLkg, Boolean checkPermission, Boolean getRuntimeObject, Boolean requestIsHere, Object&amp; result, Object&amp; resultRuntimeObject)
   at System.Configuration.BaseConfigurationRecord.GetSectionRecursive(String configKey, Boolean getLkg, Boolean checkPermission, Boolean getRuntimeObject, Boolean requestIsHere, Object&amp; result, Object&amp; resultRuntimeObject)
   at System.Configuration.BaseConfigurationRecord.GetSection(String configKey, Boolean getLkg, Boolean checkPermission)
   at System.Configuration.BaseConfigurationRecord.GetSection(String configKey)
   at System.Configuration.ClientConfigurationSystem.System.Configuration.Internal.IInternalConfigSystem.GetSection(String sectionName)
   at System.Configuration.ConfigurationManager.GetSection(String sectionName)
   at Microsoft.Practices.EnterpriseLibrary.Common.Configuration.SystemConfigurationSourceImplementation.GetSection(String sectionName)
   at Microsoft.Practices.EnterpriseLibrary.Common.Configuration.SystemConfigurationSource.GetSection(String sectionName)
   at Microsoft.Practices.EnterpriseLibrary.ExceptionHandling.Configuration.ExceptionHandlingSettings.GetExceptionHandlingSettings(IConfigurationSource configurationSource)
   at Microsoft.Practices.EnterpriseLibrary.ExceptionHandling.ExceptionHandlingConfigurationView.get_ExceptionHandlingSettings()
   at Microsoft.Practices.EnterpriseLibrary.ExceptionHandling.ExceptionHandlingConfigurationView.GetExceptionPolicyData(String policyName)
   at Microsoft.Practices.EnterpriseLibrary.ExceptionHandling.ExceptionPolicyCustomFactory.GetConfiguration(String id, IConfigurationSource configurationSource)
   at Microsoft.Practices.EnterpriseLibrary.ExceptionHandling.ExceptionPolicyCustomFactory.CreateObject(IBuilderContext context, String name, IConfigurationSource configurationSource, ConfigurationReflectionCache reflectionCache)
   at Microsoft.Practices.EnterpriseLibrary.Common.Configuration.ObjectBuilder.ConfiguredObjectStrategy.BuildUp(IBuilderContext context, Type t, Object existing, String id)
   at Microsoft.Practices.ObjectBuilder.BuilderStrategy.BuildUp(IBuilderContext context, Type typeToBuild, Object existing, String idToBuild)
   at Microsoft.Practices.ObjectBuilder.SingletonStrategy.BuildUp(IBuilderContext context, Type typeToBuild, Object existing, String idToBuild)
   at Microsoft.Practices.ObjectBuilder.BuilderStrategy.BuildUp(IBuilderContext context, Type typeToBuild, Object existing, String idToBuild)
   at Microsoft.Practices.EnterpriseLibrary.Common.Configuration.ObjectBuilder.ConfigurationNameMappingStrategy.BuildUp(IBuilderContext context, Type t, Object existing, String id)
   at Microsoft.Practices.ObjectBuilder.BuilderBase`1.DoBuildUp(IReadWriteLocator locator, Type typeToBuild, String idToBuild, Object existing, PolicyList[] transientPolicies)
   at Microsoft.Practices.ObjectBuilder.BuilderBase`1.BuildUp(IReadWriteLocator locator, Type typeToBuild, String idToBuild, Object existing, PolicyList[] transientPolicies)
   at Microsoft.Practices.ObjectBuilder.BuilderBase`1.BuildUp[TTypeToBuild](IReadWriteLocator locator, String idToBuild, Object existing, PolicyList[] transientPolicies)
   at Microsoft.Practices.EnterpriseLibrary.Common.Configuration.ObjectBuilder.EnterpriseLibraryFactory.BuildUp[T](IReadWriteLocator locator, String id, IConfigurationSource configurationSource)
   at Microsoft.Practices.EnterpriseLibrary.Common.Configuration.ObjectBuilder.LocatorNameTypeFactoryBase`1.Create(String name)
   at Microsoft.Practices.EnterpriseLibrary.ExceptionHandling.ExceptionPolicy.GetExceptionPolicy(Exception exception, String policyName)
   at Microsoft.Practices.EnterpriseLibrary.ExceptionHandling.ExceptionPolicy.HandleException(Exception exceptionToHandle, String policyName)
   at BrownShoe.ExceptionPolicy.HandleException(Exception exc) in e:\projects\brownshoe\unit_tests\product\src\BrownShoe\Libraries\Core\ExceptionPolicies.cs:line 117
   at BrownShoe.Madison.MadisonWebService.GetRewardsProfile(String memberNumber) in e:\projects\brownshoe\unit_tests\product\src\BrownShoe\Libraries\Services\Madison\MadisonWebService.cs:line 1000
   at BrownShoe.UnitTests.Services.Madison.MadisonWebServiceTest.GetRewardsProfileTestFailure()
</stackTrace></errorInfo><traceInfo type="Microsoft.VisualStudio.TestTools.Common.TestExecutionTraceInformation"><trace type="System.Text.StringBuilder">Creating instance of class BrownShoe.UnitTests.Services.Madison.MadisonWebServiceTest.
Calling Test method BrownShoe.UnitTests.Services.Madison.MadisonWebServiceTest.Microsoft.VisualStudio.TestTools.TestTypes.Unit.TestMethod.
</trace></traceInfo><stdout type="System.String" /><stderr type="System.String" /><debugTrace type="System.String" /><workItemIds type="System.Collections.Generic.List`1[[System.Int32, mscorlib, Version=2.0.0.0, Culture=neutral, PublicKeyToken=b77a5c561934e089]]"><_size type="System.Int32">0</_size><_version type="System.Int32">1</_version></workItemIds><id type="Microsoft.VisualStudio.TestTools.Common.TestResultId"><runId type="System.Guid">3d9a8baa-b9cb-4717-8a94-3c6445344217</runId><executionId type="Microsoft.VisualStudio.TestTools.Common.TestExecId"><id type="System.Guid">b93540b5-bb80-4889-b58a-94fac42a914d</id></executionId><parentExecId type="Microsoft.VisualStudio.TestTools.Common.TestExecId"><id type="System.Guid">00000000-0000-0000-0000-000000000000</id></parentExecId><testId type="Microsoft.VisualStudio.TestTools.Common.TestId"><id type="System.Guid">e867b290-41b2-6024-2301-64459ad8bef9</id></testId></id><testName type="System.String">GetRewardsProfileTestFailure</testName><testType type="Microsoft.VisualStudio.TestTools.Common.TestType"><id type="System.Guid">13cdc9d9-ddb5-4fa4-a97d-d965ccfc6d4b</id></testType><messageKind type="Microsoft.VisualStudio.TestTools.Common.TestMessageKind"><value__ type="System.Int32">1</value__></messageKind><computerInfo type="Microsoft.VisualStudio.TestTools.Common.ComputerInfo"><m_computerName type="System.String">ECDATA-TFS01</m_computerName></computerInfo><duration type="System.TimeSpan">00:00:00.0133845</duration><startTime type="System.DateTime"><dateData type="System.UInt64">633673774996419376</dateData></startTime><endTime type="System.DateTime"><dateData type="System.UInt64">633673774996731896</dateData></endTime><spoolMessage type="System.Boolean">True</spoolMessage></UnitTestResult><UnitTestResult type="Microsoft.VisualStudio.TestTools.TestTypes.Unit.UnitTestResult, Microsoft.VisualStudio.QualityTools.Tips.UnitTest.ObjectModel, Version=8.0.0.0, Culture=neutral, PublicKeyToken=b03f5f7f11d50a3a"><resultType type="Microsoft.VisualStudio.TestTools.TestTypes.Unit.UnitTestResultType, Microsoft.VisualStudio.QualityTools.Tips.UnitTest.ObjectModel, Version=8.0.0.0, Culture=neutral, PublicKeyToken=b03f5f7f11d50a3a"><value__ type="System.Int32">0</value__></resultType><m_hasSufficientAccess type="System.Boolean">True</m_hasSufficientAccess><counters type="Microsoft.VisualStudio.TestTools.Common.TestResultCounter"><values type="System.Int32">0,0,0,0,0,0,0,0,0,0,0,0,0,0</values><total type="System.Int32">1</total></counters><categoryId type="Microsoft.VisualStudio.TestTools.Common.TestCategoryId"><id type="System.Guid">8c84fa94-04c1-424b-9868-57a2d4851a1d</id></categoryId><outcome type="Microsoft.VisualStudio.TestTools.Common.TestOutcome"><value__ type="System.Int32">4</value__></outcome><errorInfo type="Microsoft.VisualStudio.TestTools.Common.TestResultErrorInfo"><message type="System.String">Assert.Inconclusive failed. Verify the correctness of this test method</message><stackTrace type="System.String">   at BrownShoe.UnitTests.Services.Madison.MadisonWebServiceTest.GetZipFromTaxDataTest()
</stackTrace></errorInfo><traceInfo type="Microsoft.VisualStudio.TestTools.Common.TestExecutionTraceInformation"><trace type="System.Text.StringBuilder">Creating instance of class BrownShoe.UnitTests.Services.Madison.MadisonWebServiceTest.
Calling Test method BrownShoe.UnitTests.Services.Madison.MadisonWebServiceTest.Microsoft.VisualStudio.TestTools.TestTypes.Unit.TestMethod.
</trace></traceInfo><stdout type="System.String" /><stderr type="System.String" /><debugTrace type="System.String" /><workItemIds type="System.Collections.Generic.List`1[[System.Int32, mscorlib, Version=2.0.0.0, Culture=neutral, PublicKeyToken=b77a5c561934e089]]"><_size type="System.Int32">0</_size><_version type="System.Int32">1</_version></workItemIds><id type="Microsoft.VisualStudio.TestTools.Common.TestResultId"><runId type="System.Guid">3d9a8baa-b9cb-4717-8a94-3c6445344217</runId><executionId type="Microsoft.VisualStudio.TestTools.Common.TestExecId"><id type="System.Guid">2ff6b4d9-c83c-4fdd-a3f5-ec75f6d391e1</id></executionId><parentExecId type="Microsoft.VisualStudio.TestTools.Common.TestExecId"><id type="System.Guid">00000000-0000-0000-0000-000000000000</id></parentExecId><testId type="Microsoft.VisualStudio.TestTools.Common.TestId"><id type="System.Guid">8fecb716-dfa0-45e1-7a1a-0c2d9ce42f64</id></testId></id><testName type="System.String">GetZipFromTaxDataTest</testName><testType type="Microsoft.VisualStudio.TestTools.Common.TestType"><id type="System.Guid">13cdc9d9-ddb5-4fa4-a97d-d965ccfc6d4b</id></testType><messageKind type="Microsoft.VisualStudio.TestTools.Common.TestMessageKind"><value__ type="System.Int32">1</value__></messageKind><computerInfo type="Microsoft.VisualStudio.TestTools.Common.ComputerInfo"><m_computerName type="System.String">ECDATA-TFS01</m_computerName></computerInfo><duration type="System.TimeSpan">00:00:00.0007775</duration><startTime type="System.DateTime"><dateData type="System.UInt64">633673774996731896</dateData></startTime><endTime type="System.DateTime"><dateData type="System.UInt64">633673774996731896</dateData></endTime><spoolMessage type="System.Boolean">True</spoolMessage></UnitTestResult><UnitTestResult type="Microsoft.VisualStudio.TestTools.TestTypes.Unit.UnitTestResult, Microsoft.VisualStudio.QualityTools.Tips.UnitTest.ObjectModel, Version=8.0.0.0, Culture=neutral, PublicKeyToken=b03f5f7f11d50a3a"><resultType type="Microsoft.VisualStudio.TestTools.TestTypes.Unit.UnitTestResultType, Microsoft.VisualStudio.QualityTools.Tips.UnitTest.ObjectModel, Version=8.0.0.0, Culture=neutral, PublicKeyToken=b03f5f7f11d50a3a"><value__ type="System.Int32">0</value__></resultType><m_hasSufficientAccess type="System.Boolean">True</m_hasSufficientAccess><counters type="Microsoft.VisualStudio.TestTools.Common.TestResultCounter"><values type="System.Int32">0,0,0,0,0,0,0,0,0,0,0,0,0,0</values><total type="System.Int32">1</total></counters><categoryId type="Microsoft.VisualStudio.TestTools.Common.TestCategoryId"><id type="System.Guid">8c84fa94-04c1-424b-9868-57a2d4851a1d</id></categoryId><outcome type="Microsoft.VisualStudio.TestTools.Common.TestOutcome"><value__ type="System.Int32">1</value__></outcome><errorInfo type="Microsoft.VisualStudio.TestTools.Common.TestResultErrorInfo"><message type="System.String">Test method BrownShoe.UnitTests.Services.Madison.MadisonWebServiceTest.GiftCardActivateTest threw exception:  System.Configuration.ConfigurationErrorsException: The type Microsoft.Practices.EnterpriseLibrary.ExceptionHandling.Logging.LoggingExceptionHandler, Microsoft.Practices.EnterpriseLibrary.ExceptionHandling.Logging, Version=2.0.0.0, Culture=neutral, PublicKeyToken=c834797fd9c628b4 from configuration could not be created. (E:\projects\brownshoe\unit_tests\product\srvtfs_ECDATA-TFS01 2009-01-12 11_17_41\Out\BrownShoe.UnitTests.DLL.config line 38).</message><stackTrace type="System.String">    at System.Configuration.BaseConfigurationRecord.EvaluateOne(String[] keys, SectionInput input, Boolean isTrusted, FactoryRecord factoryRecord, SectionRecord sectionRecord, Object parentResult)
   at System.Configuration.BaseConfigurationRecord.Evaluate(FactoryRecord factoryRecord, SectionRecord sectionRecord, Object parentResult, Boolean getLkg, Boolean getRuntimeObject, Object&amp; result, Object&amp; resultRuntimeObject)
   at System.Configuration.BaseConfigurationRecord.GetSectionRecursive(String configKey, Boolean getLkg, Boolean checkPermission, Boolean getRuntimeObject, Boolean requestIsHere, Object&amp; result, Object&amp; resultRuntimeObject)
   at System.Configuration.BaseConfigurationRecord.GetSectionRecursive(String configKey, Boolean getLkg, Boolean checkPermission, Boolean getRuntimeObject, Boolean requestIsHere, Object&amp; result, Object&amp; resultRuntimeObject)
   at System.Configuration.BaseConfigurationRecord.GetSectionRecursive(String configKey, Boolean getLkg, Boolean checkPermission, Boolean getRuntimeObject, Boolean requestIsHere, Object&amp; result, Object&amp; resultRuntimeObject)
   at System.Configuration.BaseConfigurationRecord.GetSection(String configKey, Boolean getLkg, Boolean checkPermission)
   at System.Configuration.BaseConfigurationRecord.GetSection(String configKey)
   at System.Configuration.ClientConfigurationSystem.System.Configuration.Internal.IInternalConfigSystem.GetSection(String sectionName)
   at System.Configuration.ConfigurationManager.GetSection(String sectionName)
   at Microsoft.Practices.EnterpriseLibrary.Common.Configuration.SystemConfigurationSourceImplementation.GetSection(String sectionName)
   at Microsoft.Practices.EnterpriseLibrary.Common.Configuration.SystemConfigurationSource.GetSection(String sectionName)
   at Microsoft.Practices.EnterpriseLibrary.ExceptionHandling.Configuration.ExceptionHandlingSettings.GetExceptionHandlingSettings(IConfigurationSource configurationSource)
   at Microsoft.Practices.EnterpriseLibrary.ExceptionHandling.ExceptionHandlingConfigurationView.get_ExceptionHandlingSettings()
   at Microsoft.Practices.EnterpriseLibrary.ExceptionHandling.ExceptionHandlingConfigurationView.GetExceptionPolicyData(String policyName)
   at Microsoft.Practices.EnterpriseLibrary.ExceptionHandling.ExceptionPolicyCustomFactory.GetConfiguration(String id, IConfigurationSource configurationSource)
   at Microsoft.Practices.EnterpriseLibrary.ExceptionHandling.ExceptionPolicyCustomFactory.CreateObject(IBuilderContext context, String name, IConfigurationSource configurationSource, ConfigurationReflectionCache reflectionCache)
   at Microsoft.Practices.EnterpriseLibrary.Common.Configuration.ObjectBuilder.ConfiguredObjectStrategy.BuildUp(IBuilderContext context, Type t, Object existing, String id)
   at Microsoft.Practices.ObjectBuilder.BuilderStrategy.BuildUp(IBuilderContext context, Type typeToBuild, Object existing, String idToBuild)
   at Microsoft.Practices.ObjectBuilder.SingletonStrategy.BuildUp(IBuilderContext context, Type typeToBuild, Object existing, String idToBuild)
   at Microsoft.Practices.ObjectBuilder.BuilderStrategy.BuildUp(IBuilderContext context, Type typeToBuild, Object existing, String idToBuild)
   at Microsoft.Practices.EnterpriseLibrary.Common.Configuration.ObjectBuilder.ConfigurationNameMappingStrategy.BuildUp(IBuilderContext context, Type t, Object existing, String id)
   at Microsoft.Practices.ObjectBuilder.BuilderBase`1.DoBuildUp(IReadWriteLocator locator, Type typeToBuild, String idToBuild, Object existing, PolicyList[] transientPolicies)
   at Microsoft.Practices.ObjectBuilder.BuilderBase`1.BuildUp(IReadWriteLocator locator, Type typeToBuild, String idToBuild, Object existing, PolicyList[] transientPolicies)
   at Microsoft.Practices.ObjectBuilder.BuilderBase`1.BuildUp[TTypeToBuild](IReadWriteLocator locator, String idToBuild, Object existing, PolicyList[] transientPolicies)
   at Microsoft.Practices.EnterpriseLibrary.Common.Configuration.ObjectBuilder.EnterpriseLibraryFactory.BuildUp[T](IReadWriteLocator locator, String id, IConfigurationSource configurationSource)
   at Microsoft.Practices.EnterpriseLibrary.Common.Configuration.ObjectBuilder.LocatorNameTypeFactoryBase`1.Create(String name)
   at Microsoft.Practices.EnterpriseLibrary.ExceptionHandling.ExceptionPolicy.GetExceptionPolicy(Exception exception, String policyName)
   at Microsoft.Practices.EnterpriseLibrary.ExceptionHandling.ExceptionPolicy.HandleException(Exception exceptionToHandle, String policyName)
   at BrownShoe.ExceptionPolicy.HandleException(Exception exc) in e:\projects\brownshoe\unit_tests\product\src\BrownShoe\Libraries\Core\ExceptionPolicies.cs:line 117
   at BrownShoe.Madison.MadisonWebService.GiftCardActivate(String cardNumber) in e:\projects\brownshoe\unit_tests\product\src\BrownShoe\Libraries\Services\Madison\MadisonWebService.cs:line 1394
   at BrownShoe.UnitTests.Services.Madison.MadisonWebServiceTest.GiftCardActivateTest()
</stackTrace></errorInfo><traceInfo type="Microsoft.VisualStudio.TestTools.Common.TestExecutionTraceInformation"><trace type="System.Text.StringBuilder">Creating instance of class BrownShoe.UnitTests.Services.Madison.MadisonWebServiceTest.
Calling Test method BrownShoe.UnitTests.Services.Madison.MadisonWebServiceTest.Microsoft.VisualStudio.TestTools.TestTypes.Unit.TestMethod.
</trace></traceInfo><stdout type="System.String" /><stderr type="System.String" /><debugTrace type="System.String" /><workItemIds type="System.Collections.Generic.List`1[[System.Int32, mscorlib, Version=2.0.0.0, Culture=neutral, PublicKeyToken=b77a5c561934e089]]"><_size type="System.Int32">0</_size><_version type="System.Int32">1</_version></workItemIds><id type="Microsoft.VisualStudio.TestTools.Common.TestResultId"><runId type="System.Guid">3d9a8baa-b9cb-4717-8a94-3c6445344217</runId><executionId type="Microsoft.VisualStudio.TestTools.Common.TestExecId"><id type="System.Guid">ec9d893d-f038-4a02-b98c-18140f6f1303</id></executionId><parentExecId type="Microsoft.VisualStudio.TestTools.Common.TestExecId"><id type="System.Guid">00000000-0000-0000-0000-000000000000</id></parentExecId><testId type="Microsoft.VisualStudio.TestTools.Common.TestId"><id type="System.Guid">c2ff15f2-9243-15f4-fc8c-e2188e52044f</id></testId></id><testName type="System.String">GiftCardActivateTest</testName><testType type="Microsoft.VisualStudio.TestTools.Common.TestType"><id type="System.Guid">13cdc9d9-ddb5-4fa4-a97d-d965ccfc6d4b</id></testType><messageKind type="Microsoft.VisualStudio.TestTools.Common.TestMessageKind"><value__ type="System.Int32">1</value__></messageKind><computerInfo type="Microsoft.VisualStudio.TestTools.Common.ComputerInfo"><m_computerName type="System.String">ECDATA-TFS01</m_computerName></computerInfo><duration type="System.TimeSpan">00:00:00.0144977</duration><startTime type="System.DateTime"><dateData type="System.UInt64">633673774996731896</dateData></startTime><endTime type="System.DateTime"><dateData type="System.UInt64">633673774996888156</dateData></endTime><spoolMessage type="System.Boolean">True</spoolMessage></UnitTestResult><UnitTestResult type="Microsoft.VisualStudio.TestTools.TestTypes.Unit.UnitTestResult, Microsoft.VisualStudio.QualityTools.Tips.UnitTest.ObjectModel, Version=8.0.0.0, Culture=neutral, PublicKeyToken=b03f5f7f11d50a3a"><resultType type="Microsoft.VisualStudio.TestTools.TestTypes.Unit.UnitTestResultType, Microsoft.VisualStudio.QualityTools.Tips.UnitTest.ObjectModel, Version=8.0.0.0, Culture=neutral, PublicKeyToken=b03f5f7f11d50a3a"><value__ type="System.Int32">0</value__></resultType><m_hasSufficientAccess type="System.Boolean">True</m_hasSufficientAccess><counters type="Microsoft.VisualStudio.TestTools.Common.TestResultCounter"><values type="System.Int32">0,0,0,0,0,0,0,0,0,0,0,0,0,0</values><total type="System.Int32">1</total></counters><categoryId type="Microsoft.VisualStudio.TestTools.Common.TestCategoryId"><id type="System.Guid">8c84fa94-04c1-424b-9868-57a2d4851a1d</id></categoryId><outcome type="Microsoft.VisualStudio.TestTools.Common.TestOutcome"><value__ type="System.Int32">10</value__></outcome><traceInfo type="Microsoft.VisualStudio.TestTools.Common.TestExecutionTraceInformation"><trace type="System.Text.StringBuilder">Creating instance of class BrownShoe.UnitTests.Services.Madison.MadisonWebServiceTest.
Calling Test method BrownShoe.UnitTests.Services.Madison.MadisonWebServiceTest.Microsoft.VisualStudio.TestTools.TestTypes.Unit.TestMethod.
</trace></traceInfo><stdout type="System.String" /><stderr type="System.String" /><debugTrace type="System.String" /><workItemIds type="System.Collections.Generic.List`1[[System.Int32, mscorlib, Version=2.0.0.0, Culture=neutral, PublicKeyToken=b77a5c561934e089]]"><_size type="System.Int32">0</_size><_version type="System.Int32">1</_version></workItemIds><id type="Microsoft.VisualStudio.TestTools.Common.TestResultId"><runId type="System.Guid">3d9a8baa-b9cb-4717-8a94-3c6445344217</runId><executionId type="Microsoft.VisualStudio.TestTools.Common.TestExecId"><id type="System.Guid">c037b101-931b-4801-ba1d-6a6c9e93a879</id></executionId><parentExecId type="Microsoft.VisualStudio.TestTools.Common.TestExecId"><id type="System.Guid">00000000-0000-0000-0000-000000000000</id></parentExecId><testId type="Microsoft.VisualStudio.TestTools.Common.TestId"><id type="System.Guid">1e470e5e-85bc-c69a-397c-d31f5bc6e43a</id></testId></id><testName type="System.String">GiftCardActivateTestFailure</testName><testType type="Microsoft.VisualStudio.TestTools.Common.TestType"><id type="System.Guid">13cdc9d9-ddb5-4fa4-a97d-d965ccfc6d4b</id></testType><messageKind type="Microsoft.VisualStudio.TestTools.Common.TestMessageKind"><value__ type="System.Int32">1</value__></messageKind><computerInfo type="Microsoft.VisualStudio.TestTools.Common.ComputerInfo"><m_computerName type="System.String">ECDATA-TFS01</m_computerName></computerInfo><duration type="System.TimeSpan">00:00:00.0003784</duration><startTime type="System.DateTime"><dateData type="System.UInt64">633673774996888156</dateData></startTime><endTime type="System.DateTime"><dateData type="System.UInt64">633673774997044416</dateData></endTime><spoolMessage type="System.Boolean">True</spoolMessage></UnitTestResult><UnitTestResult type="Microsoft.VisualStudio.TestTools.TestTypes.Unit.UnitTestResult, Microsoft.VisualStudio.QualityTools.Tips.UnitTest.ObjectModel, Version=8.0.0.0, Culture=neutral, PublicKeyToken=b03f5f7f11d50a3a"><resultType type="Microsoft.VisualStudio.TestTools.TestTypes.Unit.UnitTestResultType, Microsoft.VisualStudio.QualityTools.Tips.UnitTest.ObjectModel, Version=8.0.0.0, Culture=neutral, PublicKeyToken=b03f5f7f11d50a3a"><value__ type="System.Int32">0</value__></resultType><m_hasSufficientAccess type="System.Boolean">True</m_hasSufficientAccess><counters type="Microsoft.VisualStudio.TestTools.Common.TestResultCounter"><values type="System.Int32">0,0,0,0,0,0,0,0,0,0,0,0,0,0</values><total type="System.Int32">1</total></counters><categoryId type="Microsoft.VisualStudio.TestTools.Common.TestCategoryId"><id type="System.Guid">8c84fa94-04c1-424b-9868-57a2d4851a1d</id></categoryId><outcome type="Microsoft.VisualStudio.TestTools.Common.TestOutcome"><value__ type="System.Int32">1</value__></outcome><errorInfo type="Microsoft.VisualStudio.TestTools.Common.TestResultErrorInfo"><message type="System.String">Test method BrownShoe.UnitTests.Services.Madison.MadisonWebServiceTest.GiftCardBalanceCheckTest threw exception:  System.Configuration.ConfigurationErrorsException: The type Microsoft.Practices.EnterpriseLibrary.ExceptionHandling.Logging.LoggingExceptionHandler, Microsoft.Practices.EnterpriseLibrary.ExceptionHandling.Logging, Version=2.0.0.0, Culture=neutral, PublicKeyToken=c834797fd9c628b4 from configuration could not be created. (E:\projects\brownshoe\unit_tests\product\srvtfs_ECDATA-TFS01 2009-01-12 11_17_41\Out\BrownShoe.UnitTests.DLL.config line 38).</message><stackTrace type="System.String">    at System.Configuration.BaseConfigurationRecord.EvaluateOne(String[] keys, SectionInput input, Boolean isTrusted, FactoryRecord factoryRecord, SectionRecord sectionRecord, Object parentResult)
   at System.Configuration.BaseConfigurationRecord.Evaluate(FactoryRecord factoryRecord, SectionRecord sectionRecord, Object parentResult, Boolean getLkg, Boolean getRuntimeObject, Object&amp; result, Object&amp; resultRuntimeObject)
   at System.Configuration.BaseConfigurationRecord.GetSectionRecursive(String configKey, Boolean getLkg, Boolean checkPermission, Boolean getRuntimeObject, Boolean requestIsHere, Object&amp; result, Object&amp; resultRuntimeObject)
   at System.Configuration.BaseConfigurationRecord.GetSectionRecursive(String configKey, Boolean getLkg, Boolean checkPermission, Boolean getRuntimeObject, Boolean requestIsHere, Object&amp; result, Object&amp; resultRuntimeObject)
   at System.Configuration.BaseConfigurationRecord.GetSectionRecursive(String configKey, Boolean getLkg, Boolean checkPermission, Boolean getRuntimeObject, Boolean requestIsHere, Object&amp; result, Object&amp; resultRuntimeObject)
   at System.Configuration.BaseConfigurationRecord.GetSection(String configKey, Boolean getLkg, Boolean checkPermission)
   at System.Configuration.BaseConfigurationRecord.GetSection(String configKey)
   at System.Configuration.ClientConfigurationSystem.System.Configuration.Internal.IInternalConfigSystem.GetSection(String sectionName)
   at System.Configuration.ConfigurationManager.GetSection(String sectionName)
   at Microsoft.Practices.EnterpriseLibrary.Common.Configuration.SystemConfigurationSourceImplementation.GetSection(String sectionName)
   at Microsoft.Practices.EnterpriseLibrary.Common.Configuration.SystemConfigurationSource.GetSection(String sectionName)
   at Microsoft.Practices.EnterpriseLibrary.ExceptionHandling.Configuration.ExceptionHandlingSettings.GetExceptionHandlingSettings(IConfigurationSource configurationSource)
   at Microsoft.Practices.EnterpriseLibrary.ExceptionHandling.ExceptionHandlingConfigurationView.get_ExceptionHandlingSettings()
   at Microsoft.Practices.EnterpriseLibrary.ExceptionHandling.ExceptionHandlingConfigurationView.GetExceptionPolicyData(String policyName)
   at Microsoft.Practices.EnterpriseLibrary.ExceptionHandling.ExceptionPolicyCustomFactory.GetConfiguration(String id, IConfigurationSource configurationSource)
   at Microsoft.Practices.EnterpriseLibrary.ExceptionHandling.ExceptionPolicyCustomFactory.CreateObject(IBuilderContext context, String name, IConfigurationSource configurationSource, ConfigurationReflectionCache reflectionCache)
   at Microsoft.Practices.EnterpriseLibrary.Common.Configuration.ObjectBuilder.ConfiguredObjectStrategy.BuildUp(IBuilderContext context, Type t, Object existing, String id)
   at Microsoft.Practices.ObjectBuilder.BuilderStrategy.BuildUp(IBuilderContext context, Type typeToBuild, Object existing, String idToBuild)
   at Microsoft.Practices.ObjectBuilder.SingletonStrategy.BuildUp(IBuilderContext context, Type typeToBuild, Object existing, String idToBuild)
   at Microsoft.Practices.ObjectBuilder.BuilderStrategy.BuildUp(IBuilderContext context, Type typeToBuild, Object existing, String idToBuild)
   at Microsoft.Practices.EnterpriseLibrary.Common.Configuration.ObjectBuilder.ConfigurationNameMappingStrategy.BuildUp(IBuilderContext context, Type t, Object existing, String id)
   at Microsoft.Practices.ObjectBuilder.BuilderBase`1.DoBuildUp(IReadWriteLocator locator, Type typeToBuild, String idToBuild, Object existing, PolicyList[] transientPolicies)
   at Microsoft.Practices.ObjectBuilder.BuilderBase`1.BuildUp(IReadWriteLocator locator, Type typeToBuild, String idToBuild, Object existing, PolicyList[] transientPolicies)
   at Microsoft.Practices.ObjectBuilder.BuilderBase`1.BuildUp[TTypeToBuild](IReadWriteLocator locator, String idToBuild, Object existing, PolicyList[] transientPolicies)
   at Microsoft.Practices.EnterpriseLibrary.Common.Configuration.ObjectBuilder.EnterpriseLibraryFactory.BuildUp[T](IReadWriteLocator locator, String id, IConfigurationSource configurationSource)
   at Microsoft.Practices.EnterpriseLibrary.Common.Configuration.ObjectBuilder.LocatorNameTypeFactoryBase`1.Create(String name)
   at Microsoft.Practices.EnterpriseLibrary.ExceptionHandling.ExceptionPolicy.GetExceptionPolicy(Exception exception, String policyName)
   at Microsoft.Practices.EnterpriseLibrary.ExceptionHandling.ExceptionPolicy.HandleException(Exception exceptionToHandle, String policyName)
   at BrownShoe.ExceptionPolicy.HandleException(Exception exc) in e:\projects\brownshoe\unit_tests\product\src\BrownShoe\Libraries\Core\ExceptionPolicies.cs:line 117
   at BrownShoe.Madison.MadisonWebService.GiftCardBalanceCheck(String cardNumber, String cardPin) in e:\projects\brownshoe\unit_tests\product\src\BrownShoe\Libraries\Services\Madison\MadisonWebService.cs:line 1086
   at BrownShoe.UnitTests.Services.Madison.MadisonWebServiceTest.GiftCardBalanceCheckTest()
</stackTrace></errorInfo><traceInfo type="Microsoft.VisualStudio.TestTools.Common.TestExecutionTraceInformation"><trace type="System.Text.StringBuilder">Creating instance of class BrownShoe.UnitTests.Services.Madison.MadisonWebServiceTest.
Calling Test method BrownShoe.UnitTests.Services.Madison.MadisonWebServiceTest.Microsoft.VisualStudio.TestTools.TestTypes.Unit.TestMethod.
</trace></traceInfo><stdout type="System.String" /><stderr type="System.String" /><debugTrace type="System.String" /><workItemIds type="System.Collections.Generic.List`1[[System.Int32, mscorlib, Version=2.0.0.0, Culture=neutral, PublicKeyToken=b77a5c561934e089]]"><_size type="System.Int32">0</_size><_version type="System.Int32">1</_version></workItemIds><id type="Microsoft.VisualStudio.TestTools.Common.TestResultId"><runId type="System.Guid">3d9a8baa-b9cb-4717-8a94-3c6445344217</runId><executionId type="Microsoft.VisualStudio.TestTools.Common.TestExecId"><id type="System.Guid">02573407-f30e-40b4-8310-308ac51cfe10</id></executionId><parentExecId type="Microsoft.VisualStudio.TestTools.Common.TestExecId"><id type="System.Guid">00000000-0000-0000-0000-000000000000</id></parentExecId><testId type="Microsoft.VisualStudio.TestTools.Common.TestId"><id type="System.Guid">c1f10672-4ba7-afc2-8387-32f74d7dd036</id></testId></id><testName type="System.String">GiftCardBalanceCheckTest</testName><testType type="Microsoft.VisualStudio.TestTools.Common.TestType"><id type="System.Guid">13cdc9d9-ddb5-4fa4-a97d-d965ccfc6d4b</id></testType><messageKind type="Microsoft.VisualStudio.TestTools.Common.TestMessageKind"><value__ type="System.Int32">1</value__></messageKind><computerInfo type="Microsoft.VisualStudio.TestTools.Common.ComputerInfo"><m_computerName type="System.String">ECDATA-TFS01</m_computerName></computerInfo><duration type="System.TimeSpan">00:00:00.0162042</duration><startTime type="System.DateTime"><dateData type="System.UInt64">633673774997044416</dateData></startTime><endTime type="System.DateTime"><dateData type="System.UInt64">633673774997200676</dateData></endTime><spoolMessage type="System.Boolean">True</spoolMessage></UnitTestResult><UnitTestResult type="Microsoft.VisualStudio.TestTools.TestTypes.Unit.UnitTestResult, Microsoft.VisualStudio.QualityTools.Tips.UnitTest.ObjectModel, Version=8.0.0.0, Culture=neutral, PublicKeyToken=b03f5f7f11d50a3a"><resultType type="Microsoft.VisualStudio.TestTools.TestTypes.Unit.UnitTestResultType, Microsoft.VisualStudio.QualityTools.Tips.UnitTest.ObjectModel, Version=8.0.0.0, Culture=neutral, PublicKeyToken=b03f5f7f11d50a3a"><value__ type="System.Int32">0</value__></resultType><m_hasSufficientAccess type="System.Boolean">True</m_hasSufficientAccess><counters type="Microsoft.VisualStudio.TestTools.Common.TestResultCounter"><values type="System.Int32">0,0,0,0,0,0,0,0,0,0,0,0,0,0</values><total type="System.Int32">1</total></counters><categoryId type="Microsoft.VisualStudio.TestTools.Common.TestCategoryId"><id type="System.Guid">8c84fa94-04c1-424b-9868-57a2d4851a1d</id></categoryId><outcome type="Microsoft.VisualStudio.TestTools.Common.TestOutcome"><value__ type="System.Int32">10</value__></outcome><traceInfo type="Microsoft.VisualStudio.TestTools.Common.TestExecutionTraceInformation"><trace type="System.Text.StringBuilder">Creating instance of class BrownShoe.UnitTests.Services.Madison.MadisonWebServiceTest.
Calling Test method BrownShoe.UnitTests.Services.Madison.MadisonWebServiceTest.Microsoft.VisualStudio.TestTools.TestTypes.Unit.TestMethod.
</trace></traceInfo><stdout type="System.String" /><stderr type="System.String" /><debugTrace type="System.String" /><workItemIds type="System.Collections.Generic.List`1[[System.Int32, mscorlib, Version=2.0.0.0, Culture=neutral, PublicKeyToken=b77a5c561934e089]]"><_size type="System.Int32">0</_size><_version type="System.Int32">1</_version></workItemIds><id type="Microsoft.VisualStudio.TestTools.Common.TestResultId"><runId type="System.Guid">3d9a8baa-b9cb-4717-8a94-3c6445344217</runId><executionId type="Microsoft.VisualStudio.TestTools.Common.TestExecId"><id type="System.Guid">b4a65551-787b-4ac2-9571-6ee7a0851b75</id></executionId><parentExecId type="Microsoft.VisualStudio.TestTools.Common.TestExecId"><id type="System.Guid">00000000-0000-0000-0000-000000000000</id></parentExecId><testId type="Microsoft.VisualStudio.TestTools.Common.TestId"><id type="System.Guid">9c088b27-df69-af73-0530-a9a70e94ecb3</id></testId></id><testName type="System.String">GiftCardBalanceCheckTestFailure</testName><testType type="Microsoft.VisualStudio.TestTools.Common.TestType"><id type="System.Guid">13cdc9d9-ddb5-4fa4-a97d-d965ccfc6d4b</id></testType><messageKind type="Microsoft.VisualStudio.TestTools.Common.TestMessageKind"><value__ type="System.Int32">1</value__></messageKind><computerInfo type="Microsoft.VisualStudio.TestTools.Common.ComputerInfo"><m_computerName type="System.String">ECDATA-TFS01</m_computerName></computerInfo><duration type="System.TimeSpan">00:00:00.0002072</duration><startTime type="System.DateTime"><dateData type="System.UInt64">633673774997200676</dateData></startTime><endTime type="System.DateTime"><dateData type="System.UInt64">633673774997356936</dateData></endTime><spoolMessage type="System.Boolean">True</spoolMessage></UnitTestResult><UnitTestResult type="Microsoft.VisualStudio.TestTools.TestTypes.Unit.UnitTestResult, Microsoft.VisualStudio.QualityTools.Tips.UnitTest.ObjectModel, Version=8.0.0.0, Culture=neutral, PublicKeyToken=b03f5f7f11d50a3a"><resultType type="Microsoft.VisualStudio.TestTools.TestTypes.Unit.UnitTestResultType, Microsoft.VisualStudio.QualityTools.Tips.UnitTest.ObjectModel, Version=8.0.0.0, Culture=neutral, PublicKeyToken=b03f5f7f11d50a3a"><value__ type="System.Int32">0</value__></resultType><m_hasSufficientAccess type="System.Boolean">True</m_hasSufficientAccess><counters type="Microsoft.VisualStudio.TestTools.Common.TestResultCounter"><values type="System.Int32">0,0,0,0,0,0,0,0,0,0,0,0,0,0</values><total type="System.Int32">1</total></counters><categoryId type="Microsoft.VisualStudio.TestTools.Common.TestCategoryId"><id type="System.Guid">8c84fa94-04c1-424b-9868-57a2d4851a1d</id></categoryId><outcome type="Microsoft.VisualStudio.TestTools.Common.TestOutcome"><value__ type="System.Int32">1</value__></outcome><errorInfo type="Microsoft.VisualStudio.TestTools.Common.TestResultErrorInfo"><message type="System.String">Test method BrownShoe.UnitTests.Services.Madison.MadisonWebServiceTest.GiftCardIssueTest threw exception:  System.Configuration.ConfigurationErrorsException: The type Microsoft.Practices.EnterpriseLibrary.ExceptionHandling.Logging.LoggingExceptionHandler, Microsoft.Practices.EnterpriseLibrary.ExceptionHandling.Logging, Version=2.0.0.0, Culture=neutral, PublicKeyToken=c834797fd9c628b4 from configuration could not be created. (E:\projects\brownshoe\unit_tests\product\srvtfs_ECDATA-TFS01 2009-01-12 11_17_41\Out\BrownShoe.UnitTests.DLL.config line 38).</message><stackTrace type="System.String">    at System.Configuration.BaseConfigurationRecord.EvaluateOne(String[] keys, SectionInput input, Boolean isTrusted, FactoryRecord factoryRecord, SectionRecord sectionRecord, Object parentResult)
   at System.Configuration.BaseConfigurationRecord.Evaluate(FactoryRecord factoryRecord, SectionRecord sectionRecord, Object parentResult, Boolean getLkg, Boolean getRuntimeObject, Object&amp; result, Object&amp; resultRuntimeObject)
   at System.Configuration.BaseConfigurationRecord.GetSectionRecursive(String configKey, Boolean getLkg, Boolean checkPermission, Boolean getRuntimeObject, Boolean requestIsHere, Object&amp; result, Object&amp; resultRuntimeObject)
   at System.Configuration.BaseConfigurationRecord.GetSectionRecursive(String configKey, Boolean getLkg, Boolean checkPermission, Boolean getRuntimeObject, Boolean requestIsHere, Object&amp; result, Object&amp; resultRuntimeObject)
   at System.Configuration.BaseConfigurationRecord.GetSectionRecursive(String configKey, Boolean getLkg, Boolean checkPermission, Boolean getRuntimeObject, Boolean requestIsHere, Object&amp; result, Object&amp; resultRuntimeObject)
   at System.Configuration.BaseConfigurationRecord.GetSection(String configKey, Boolean getLkg, Boolean checkPermission)
   at System.Configuration.BaseConfigurationRecord.GetSection(String configKey)
   at System.Configuration.ClientConfigurationSystem.System.Configuration.Internal.IInternalConfigSystem.GetSection(String sectionName)
   at System.Configuration.ConfigurationManager.GetSection(String sectionName)
   at Microsoft.Practices.EnterpriseLibrary.Common.Configuration.SystemConfigurationSourceImplementation.GetSection(String sectionName)
   at Microsoft.Practices.EnterpriseLibrary.Common.Configuration.SystemConfigurationSource.GetSection(String sectionName)
   at Microsoft.Practices.EnterpriseLibrary.ExceptionHandling.Configuration.ExceptionHandlingSettings.GetExceptionHandlingSettings(IConfigurationSource configurationSource)
   at Microsoft.Practices.EnterpriseLibrary.ExceptionHandling.ExceptionHandlingConfigurationView.get_ExceptionHandlingSettings()
   at Microsoft.Practices.EnterpriseLibrary.ExceptionHandling.ExceptionHandlingConfigurationView.GetExceptionPolicyData(String policyName)
   at Microsoft.Practices.EnterpriseLibrary.ExceptionHandling.ExceptionPolicyCustomFactory.GetConfiguration(String id, IConfigurationSource configurationSource)
   at Microsoft.Practices.EnterpriseLibrary.ExceptionHandling.ExceptionPolicyCustomFactory.CreateObject(IBuilderContext context, String name, IConfigurationSource configurationSource, ConfigurationReflectionCache reflectionCache)
   at Microsoft.Practices.EnterpriseLibrary.Common.Configuration.ObjectBuilder.ConfiguredObjectStrategy.BuildUp(IBuilderContext context, Type t, Object existing, String id)
   at Microsoft.Practices.ObjectBuilder.BuilderStrategy.BuildUp(IBuilderContext context, Type typeToBuild, Object existing, String idToBuild)
   at Microsoft.Practices.ObjectBuilder.SingletonStrategy.BuildUp(IBuilderContext context, Type typeToBuild, Object existing, String idToBuild)
   at Microsoft.Practices.ObjectBuilder.BuilderStrategy.BuildUp(IBuilderContext context, Type typeToBuild, Object existing, String idToBuild)
   at Microsoft.Practices.EnterpriseLibrary.Common.Configuration.ObjectBuilder.ConfigurationNameMappingStrategy.BuildUp(IBuilderContext context, Type t, Object existing, String id)
   at Microsoft.Practices.ObjectBuilder.BuilderBase`1.DoBuildUp(IReadWriteLocator locator, Type typeToBuild, String idToBuild, Object existing, PolicyList[] transientPolicies)
   at Microsoft.Practices.ObjectBuilder.BuilderBase`1.BuildUp(IReadWriteLocator locator, Type typeToBuild, String idToBuild, Object existing, PolicyList[] transientPolicies)
   at Microsoft.Practices.ObjectBuilder.BuilderBase`1.BuildUp[TTypeToBuild](IReadWriteLocator locator, String idToBuild, Object existing, PolicyList[] transientPolicies)
   at Microsoft.Practices.EnterpriseLibrary.Common.Configuration.ObjectBuilder.EnterpriseLibraryFactory.BuildUp[T](IReadWriteLocator locator, String id, IConfigurationSource configurationSource)
   at Microsoft.Practices.EnterpriseLibrary.Common.Configuration.ObjectBuilder.LocatorNameTypeFactoryBase`1.Create(String name)
   at Microsoft.Practices.EnterpriseLibrary.ExceptionHandling.ExceptionPolicy.GetExceptionPolicy(Exception exception, String policyName)
   at Microsoft.Practices.EnterpriseLibrary.ExceptionHandling.ExceptionPolicy.HandleException(Exception exceptionToHandle, String policyName)
   at BrownShoe.ExceptionPolicy.HandleException(Exception exc) in e:\projects\brownshoe\unit_tests\product\src\BrownShoe\Libraries\Core\ExceptionPolicies.cs:line 117
   at BrownShoe.Madison.MadisonWebService.GiftCardIssue(String cardNumber, Double amount, DateTime transactionDate, String storeNumber, String registerNumber, String transactionNumber, String itemNumber) in e:\projects\brownshoe\unit_tests\product\src\BrownShoe\Libraries\Services\Madison\MadisonWebService.cs:line 1327
   at BrownShoe.UnitTests.Services.Madison.MadisonWebServiceTest.GiftCardIssueTest()
</stackTrace></errorInfo><traceInfo type="Microsoft.VisualStudio.TestTools.Common.TestExecutionTraceInformation"><trace type="System.Text.StringBuilder">Creating instance of class BrownShoe.UnitTests.Services.Madison.MadisonWebServiceTest.
Calling Test method BrownShoe.UnitTests.Services.Madison.MadisonWebServiceTest.Microsoft.VisualStudio.TestTools.TestTypes.Unit.TestMethod.
</trace></traceInfo><stdout type="System.String" /><stderr type="System.String" /><debugTrace type="System.String" /><workItemIds type="System.Collections.Generic.List`1[[System.Int32, mscorlib, Version=2.0.0.0, Culture=neutral, PublicKeyToken=b77a5c561934e089]]"><_size type="System.Int32">0</_size><_version type="System.Int32">1</_version></workItemIds><id type="Microsoft.VisualStudio.TestTools.Common.TestResultId"><runId type="System.Guid">3d9a8baa-b9cb-4717-8a94-3c6445344217</runId><executionId type="Microsoft.VisualStudio.TestTools.Common.TestExecId"><id type="System.Guid">36b76418-c3dc-44cd-b8ce-cfcfbcefaea0</id></executionId><parentExecId type="Microsoft.VisualStudio.TestTools.Common.TestExecId"><id type="System.Guid">00000000-0000-0000-0000-000000000000</id></parentExecId><testId type="Microsoft.VisualStudio.TestTools.Common.TestId"><id type="System.Guid">86fd24f4-3443-dd9b-13fe-e3940145ce2e</id></testId></id><testName type="System.String">GiftCardIssueTest</testName><testType type="Microsoft.VisualStudio.TestTools.Common.TestType"><id type="System.Guid">13cdc9d9-ddb5-4fa4-a97d-d965ccfc6d4b</id></testType><messageKind type="Microsoft.VisualStudio.TestTools.Common.TestMessageKind"><value__ type="System.Int32">1</value__></messageKind><computerInfo type="Microsoft.VisualStudio.TestTools.Common.ComputerInfo"><m_computerName type="System.String">ECDATA-TFS01</m_computerName></computerInfo><duration type="System.TimeSpan">00:00:00.0197991</duration><startTime type="System.DateTime"><dateData type="System.UInt64">633673774997356936</dateData></startTime><endTime type="System.DateTime"><dateData type="System.UInt64">633673774997513196</dateData></endTime><spoolMessage type="System.Boolean">True</spoolMessage></UnitTestResult><UnitTestResult type="Microsoft.VisualStudio.TestTools.TestTypes.Unit.UnitTestResult, Microsoft.VisualStudio.QualityTools.Tips.UnitTest.ObjectModel, Version=8.0.0.0, Culture=neutral, PublicKeyToken=b03f5f7f11d50a3a"><resultType type="Microsoft.VisualStudio.TestTools.TestTypes.Unit.UnitTestResultType, Microsoft.VisualStudio.QualityTools.Tips.UnitTest.ObjectModel, Version=8.0.0.0, Culture=neutral, PublicKeyToken=b03f5f7f11d50a3a"><value__ type="System.Int32">0</value__></resultType><m_hasSufficientAccess type="System.Boolean">True</m_hasSufficientAccess><counters type="Microsoft.VisualStudio.TestTools.Common.TestResultCounter"><values type="System.Int32">0,0,0,0,0,0,0,0,0,0,0,0,0,0</values><total type="System.Int32">1</total></counters><categoryId type="Microsoft.VisualStudio.TestTools.Common.TestCategoryId"><id type="System.Guid">8c84fa94-04c1-424b-9868-57a2d4851a1d</id></categoryId><outcome type="Microsoft.VisualStudio.TestTools.Common.TestOutcome"><value__ type="System.Int32">10</value__></outcome><traceInfo type="Microsoft.VisualStudio.TestTools.Common.TestExecutionTraceInformation"><trace type="System.Text.StringBuilder">Creating instance of class BrownShoe.UnitTests.Services.Madison.MadisonWebServiceTest.
Calling Test method BrownShoe.UnitTests.Services.Madison.MadisonWebServiceTest.Microsoft.VisualStudio.TestTools.TestTypes.Unit.TestMethod.
</trace></traceInfo><stdout type="System.String" /><stderr type="System.String" /><debugTrace type="System.String" /><workItemIds type="System.Collections.Generic.List`1[[System.Int32, mscorlib, Version=2.0.0.0, Culture=neutral, PublicKeyToken=b77a5c561934e089]]"><_size type="System.Int32">0</_size><_version type="System.Int32">1</_version></workItemIds><id type="Microsoft.VisualStudio.TestTools.Common.TestResultId"><runId type="System.Guid">3d9a8baa-b9cb-4717-8a94-3c6445344217</runId><executionId type="Microsoft.VisualStudio.TestTools.Common.TestExecId"><id type="System.Guid">10cb0ef8-61c8-4139-b372-3d31d7d9c5ea</id></executionId><parentExecId type="Microsoft.VisualStudio.TestTools.Common.TestExecId"><id type="System.Guid">00000000-0000-0000-0000-000000000000</id></parentExecId><testId type="Microsoft.VisualStudio.TestTools.Common.TestId"><id type="System.Guid">6fa6e23e-dab1-07bb-0f2b-a13c90b8fb8b</id></testId></id><testName type="System.String">GiftCardIssueTestFailure</testName><testType type="Microsoft.VisualStudio.TestTools.Common.TestType"><id type="System.Guid">13cdc9d9-ddb5-4fa4-a97d-d965ccfc6d4b</id></testType><messageKind type="Microsoft.VisualStudio.TestTools.Common.TestMessageKind"><value__ type="System.Int32">1</value__></messageKind><computerInfo type="Microsoft.VisualStudio.TestTools.Common.ComputerInfo"><m_computerName type="System.String">ECDATA-TFS01</m_computerName></computerInfo><duration type="System.TimeSpan">00:00:00.0002083</duration><startTime type="System.DateTime"><dateData type="System.UInt64">633673774997513196</dateData></startTime><endTime type="System.DateTime"><dateData type="System.UInt64">633673774997669456</dateData></endTime><spoolMessage type="System.Boolean">True</spoolMessage></UnitTestResult><UnitTestResult type="Microsoft.VisualStudio.TestTools.TestTypes.Unit.UnitTestResult, Microsoft.VisualStudio.QualityTools.Tips.UnitTest.ObjectModel, Version=8.0.0.0, Culture=neutral, PublicKeyToken=b03f5f7f11d50a3a"><resultType type="Microsoft.VisualStudio.TestTools.TestTypes.Unit.UnitTestResultType, Microsoft.VisualStudio.QualityTools.Tips.UnitTest.ObjectModel, Version=8.0.0.0, Culture=neutral, PublicKeyToken=b03f5f7f11d50a3a"><value__ type="System.Int32">0</value__></resultType><m_hasSufficientAccess type="System.Boolean">True</m_hasSufficientAccess><counters type="Microsoft.VisualStudio.TestTools.Common.TestResultCounter"><values type="System.Int32">0,0,0,0,0,0,0,0,0,0,0,0,0,0</values><total type="System.Int32">1</total></counters><categoryId type="Microsoft.VisualStudio.TestTools.Common.TestCategoryId"><id type="System.Guid">8c84fa94-04c1-424b-9868-57a2d4851a1d</id></categoryId><outcome type="Microsoft.VisualStudio.TestTools.Common.TestOutcome"><value__ type="System.Int32">1</value__></outcome><errorInfo type="Microsoft.VisualStudio.TestTools.Common.TestResultErrorInfo"><message type="System.String">Test method BrownShoe.UnitTests.Services.Madison.MadisonWebServiceTest.GiftCardUpdateTest threw exception:  System.Configuration.ConfigurationErrorsException: The type Microsoft.Practices.EnterpriseLibrary.ExceptionHandling.Logging.LoggingExceptionHandler, Microsoft.Practices.EnterpriseLibrary.ExceptionHandling.Logging, Version=2.0.0.0, Culture=neutral, PublicKeyToken=c834797fd9c628b4 from configuration could not be created. (E:\projects\brownshoe\unit_tests\product\srvtfs_ECDATA-TFS01 2009-01-12 11_17_41\Out\BrownShoe.UnitTests.DLL.config line 38).</message><stackTrace type="System.String">    at System.Configuration.BaseConfigurationRecord.EvaluateOne(String[] keys, SectionInput input, Boolean isTrusted, FactoryRecord factoryRecord, SectionRecord sectionRecord, Object parentResult)
   at System.Configuration.BaseConfigurationRecord.Evaluate(FactoryRecord factoryRecord, SectionRecord sectionRecord, Object parentResult, Boolean getLkg, Boolean getRuntimeObject, Object&amp; result, Object&amp; resultRuntimeObject)
   at System.Configuration.BaseConfigurationRecord.GetSectionRecursive(String configKey, Boolean getLkg, Boolean checkPermission, Boolean getRuntimeObject, Boolean requestIsHere, Object&amp; result, Object&amp; resultRuntimeObject)
   at System.Configuration.BaseConfigurationRecord.GetSectionRecursive(String configKey, Boolean getLkg, Boolean checkPermission, Boolean getRuntimeObject, Boolean requestIsHere, Object&amp; result, Object&amp; resultRuntimeObject)
   at System.Configuration.BaseConfigurationRecord.GetSectionRecursive(String configKey, Boolean getLkg, Boolean checkPermission, Boolean getRuntimeObject, Boolean requestIsHere, Object&amp; result, Object&amp; resultRuntimeObject)
   at System.Configuration.BaseConfigurationRecord.GetSection(String configKey, Boolean getLkg, Boolean checkPermission)
   at System.Configuration.BaseConfigurationRecord.GetSection(String configKey)
   at System.Configuration.ClientConfigurationSystem.System.Configuration.Internal.IInternalConfigSystem.GetSection(String sectionName)
   at System.Configuration.ConfigurationManager.GetSection(String sectionName)
   at Microsoft.Practices.EnterpriseLibrary.Common.Configuration.SystemConfigurationSourceImplementation.GetSection(String sectionName)
   at Microsoft.Practices.EnterpriseLibrary.Common.Configuration.SystemConfigurationSource.GetSection(String sectionName)
   at Microsoft.Practices.EnterpriseLibrary.ExceptionHandling.Configuration.ExceptionHandlingSettings.GetExceptionHandlingSettings(IConfigurationSource configurationSource)
   at Microsoft.Practices.EnterpriseLibrary.ExceptionHandling.ExceptionHandlingConfigurationView.get_ExceptionHandlingSettings()
   at Microsoft.Practices.EnterpriseLibrary.ExceptionHandling.ExceptionHandlingConfigurationView.GetExceptionPolicyData(String policyName)
   at Microsoft.Practices.EnterpriseLibrary.ExceptionHandling.ExceptionPolicyCustomFactory.GetConfiguration(String id, IConfigurationSource configurationSource)
   at Microsoft.Practices.EnterpriseLibrary.ExceptionHandling.ExceptionPolicyCustomFactory.CreateObject(IBuilderContext context, String name, IConfigurationSource configurationSource, ConfigurationReflectionCache reflectionCache)
   at Microsoft.Practices.EnterpriseLibrary.Common.Configuration.ObjectBuilder.ConfiguredObjectStrategy.BuildUp(IBuilderContext context, Type t, Object existing, String id)
   at Microsoft.Practices.ObjectBuilder.BuilderStrategy.BuildUp(IBuilderContext context, Type typeToBuild, Object existing, String idToBuild)
   at Microsoft.Practices.ObjectBuilder.SingletonStrategy.BuildUp(IBuilderContext context, Type typeToBuild, Object existing, String idToBuild)
   at Microsoft.Practices.ObjectBuilder.BuilderStrategy.BuildUp(IBuilderContext context, Type typeToBuild, Object existing, String idToBuild)
   at Microsoft.Practices.EnterpriseLibrary.Common.Configuration.ObjectBuilder.ConfigurationNameMappingStrategy.BuildUp(IBuilderContext context, Type t, Object existing, String id)
   at Microsoft.Practices.ObjectBuilder.BuilderBase`1.DoBuildUp(IReadWriteLocator locator, Type typeToBuild, String idToBuild, Object existing, PolicyList[] transientPolicies)
   at Microsoft.Practices.ObjectBuilder.BuilderBase`1.BuildUp(IReadWriteLocator locator, Type typeToBuild, String idToBuild, Object existing, PolicyList[] transientPolicies)
   at Microsoft.Practices.ObjectBuilder.BuilderBase`1.BuildUp[TTypeToBuild](IReadWriteLocator locator, String idToBuild, Object existing, PolicyList[] transientPolicies)
   at Microsoft.Practices.EnterpriseLibrary.Common.Configuration.ObjectBuilder.EnterpriseLibraryFactory.BuildUp[T](IReadWriteLocator locator, String id, IConfigurationSource configurationSource)
   at Microsoft.Practices.EnterpriseLibrary.Common.Configuration.ObjectBuilder.LocatorNameTypeFactoryBase`1.Create(String name)
   at Microsoft.Practices.EnterpriseLibrary.ExceptionHandling.ExceptionPolicy.GetExceptionPolicy(Exception exception, String policyName)
   at Microsoft.Practices.EnterpriseLibrary.ExceptionHandling.ExceptionPolicy.HandleException(Exception exceptionToHandle, String policyName)
   at BrownShoe.ExceptionPolicy.HandleException(Exception exc) in e:\projects\brownshoe\unit_tests\product\src\BrownShoe\Libraries\Core\ExceptionPolicies.cs:line 117
   at BrownShoe.Madison.MadisonWebService.GiftCardUpdate(String cardNumber, String cardPin, Double amount, String amountType, DateTime transactionDate, String storeNumber, String registerNumber, String transactionNumber) in e:\projects\brownshoe\unit_tests\product\src\BrownShoe\Libraries\Services\Madison\MadisonWebService.cs:line 1206
   at BrownShoe.UnitTests.Services.Madison.MadisonWebServiceTest.GiftCardUpdateTest()
</stackTrace></errorInfo><traceInfo type="Microsoft.VisualStudio.TestTools.Common.TestExecutionTraceInformation"><trace type="System.Text.StringBuilder">Creating instance of class BrownShoe.UnitTests.Services.Madison.MadisonWebServiceTest.
Calling Test method BrownShoe.UnitTests.Services.Madison.MadisonWebServiceTest.Microsoft.VisualStudio.TestTools.TestTypes.Unit.TestMethod.
</trace></traceInfo><stdout type="System.String" /><stderr type="System.String" /><debugTrace type="System.String" /><workItemIds type="System.Collections.Generic.List`1[[System.Int32, mscorlib, Version=2.0.0.0, Culture=neutral, PublicKeyToken=b77a5c561934e089]]"><_size type="System.Int32">0</_size><_version type="System.Int32">1</_version></workItemIds><id type="Microsoft.VisualStudio.TestTools.Common.TestResultId"><runId type="System.Guid">3d9a8baa-b9cb-4717-8a94-3c6445344217</runId><executionId type="Microsoft.VisualStudio.TestTools.Common.TestExecId"><id type="System.Guid">70f5403b-91c0-48cb-bdca-49b61c93e522</id></executionId><parentExecId type="Microsoft.VisualStudio.TestTools.Common.TestExecId"><id type="System.Guid">00000000-0000-0000-0000-000000000000</id></parentExecId><testId type="Microsoft.VisualStudio.TestTools.Common.TestId"><id type="System.Guid">cb8596fa-4cfd-3b5e-8e55-932d91acaf78</id></testId></id><testName type="System.String">GiftCardUpdateTest</testName><testType type="Microsoft.VisualStudio.TestTools.Common.TestType"><id type="System.Guid">13cdc9d9-ddb5-4fa4-a97d-d965ccfc6d4b</id></testType><messageKind type="Microsoft.VisualStudio.TestTools.Common.TestMessageKind"><value__ type="System.Int32">1</value__></messageKind><computerInfo type="Microsoft.VisualStudio.TestTools.Common.ComputerInfo"><m_computerName type="System.String">ECDATA-TFS01</m_computerName></computerInfo><duration type="System.TimeSpan">00:00:00.0194156</duration><startTime type="System.DateTime"><dateData type="System.UInt64">633673774997669456</dateData></startTime><endTime type="System.DateTime"><dateData type="System.UInt64">633673774997825716</dateData></endTime><spoolMessage type="System.Boolean">True</spoolMessage></UnitTestResult><UnitTestResult type="Microsoft.VisualStudio.TestTools.TestTypes.Unit.UnitTestResult, Microsoft.VisualStudio.QualityTools.Tips.UnitTest.ObjectModel, Version=8.0.0.0, Culture=neutral, PublicKeyToken=b03f5f7f11d50a3a"><resultType type="Microsoft.VisualStudio.TestTools.TestTypes.Unit.UnitTestResultType, Microsoft.VisualStudio.QualityTools.Tips.UnitTest.ObjectModel, Version=8.0.0.0, Culture=neutral, PublicKeyToken=b03f5f7f11d50a3a"><value__ type="System.Int32">0</value__></resultType><m_hasSufficientAccess type="System.Boolean">True</m_hasSufficientAccess><counters type="Microsoft.VisualStudio.TestTools.Common.TestResultCounter"><values type="System.Int32">0,0,0,0,0,0,0,0,0,0,0,0,0,0</values><total type="System.Int32">1</total></counters><categoryId type="Microsoft.VisualStudio.TestTools.Common.TestCategoryId"><id type="System.Guid">8c84fa94-04c1-424b-9868-57a2d4851a1d</id></categoryId><outcome type="Microsoft.VisualStudio.TestTools.Common.TestOutcome"><value__ type="System.Int32">10</value__></outcome><traceInfo type="Microsoft.VisualStudio.TestTools.Common.TestExecutionTraceInformation"><trace type="System.Text.StringBuilder">Creating instance of class BrownShoe.UnitTests.Services.Madison.MadisonWebServiceTest.
Calling Test method BrownShoe.UnitTests.Services.Madison.MadisonWebServiceTest.Microsoft.VisualStudio.TestTools.TestTypes.Unit.TestMethod.
</trace></traceInfo><stdout type="System.String" /><stderr type="System.String" /><debugTrace type="System.String" /><workItemIds type="System.Collections.Generic.List`1[[System.Int32, mscorlib, Version=2.0.0.0, Culture=neutral, PublicKeyToken=b77a5c561934e089]]"><_size type="System.Int32">0</_size><_version type="System.Int32">1</_version></workItemIds><id type="Microsoft.VisualStudio.TestTools.Common.TestResultId"><runId type="System.Guid">3d9a8baa-b9cb-4717-8a94-3c6445344217</runId><executionId type="Microsoft.VisualStudio.TestTools.Common.TestExecId"><id type="System.Guid">11e3c58b-047c-4456-af6e-178982e36a42</id></executionId><parentExecId type="Microsoft.VisualStudio.TestTools.Common.TestExecId"><id type="System.Guid">00000000-0000-0000-0000-000000000000</id></parentExecId><testId type="Microsoft.VisualStudio.TestTools.Common.TestId"><id type="System.Guid">95739122-94a0-0a9b-f1f0-4851c37b4c5a</id></testId></id><testName type="System.String">GiftCardUpdateTestFailure</testName><testType type="Microsoft.VisualStudio.TestTools.Common.TestType"><id type="System.Guid">13cdc9d9-ddb5-4fa4-a97d-d965ccfc6d4b</id></testType><messageKind type="Microsoft.VisualStudio.TestTools.Common.TestMessageKind"><value__ type="System.Int32">1</value__></messageKind><computerInfo type="Microsoft.VisualStudio.TestTools.Common.ComputerInfo"><m_computerName type="System.String">ECDATA-TFS01</m_computerName></computerInfo><duration type="System.TimeSpan">00:00:00.0002358</duration><startTime type="System.DateTime"><dateData type="System.UInt64">633673774997825716</dateData></startTime><endTime type="System.DateTime"><dateData type="System.UInt64">633673774997981976</dateData></endTime><spoolMessage type="System.Boolean">True</spoolMessage></UnitTestResult><UnitTestResult type="Microsoft.VisualStudio.TestTools.TestTypes.Unit.UnitTestResult, Microsoft.VisualStudio.QualityTools.Tips.UnitTest.ObjectModel, Version=8.0.0.0, Culture=neutral, PublicKeyToken=b03f5f7f11d50a3a"><resultType type="Microsoft.VisualStudio.TestTools.TestTypes.Unit.UnitTestResultType, Microsoft.VisualStudio.QualityTools.Tips.UnitTest.ObjectModel, Version=8.0.0.0, Culture=neutral, PublicKeyToken=b03f5f7f11d50a3a"><value__ type="System.Int32">0</value__></resultType><m_hasSufficientAccess type="System.Boolean">True</m_hasSufficientAccess><counters type="Microsoft.VisualStudio.TestTools.Common.TestResultCounter"><values type="System.Int32">0,0,0,0,0,0,0,0,0,0,0,0,0,0</values><total type="System.Int32">1</total></counters><categoryId type="Microsoft.VisualStudio.TestTools.Common.TestCategoryId"><id type="System.Guid">8c84fa94-04c1-424b-9868-57a2d4851a1d</id></categoryId><outcome type="Microsoft.VisualStudio.TestTools.Common.TestOutcome"><value__ type="System.Int32">1</value__></outcome><errorInfo type="Microsoft.VisualStudio.TestTools.Common.TestResultErrorInfo"><message type="System.String">Test method BrownShoe.UnitTests.Services.Madison.MadisonWebServiceTest.LocateStoreInventorySizeWidthsTest threw exception:  System.Configuration.ConfigurationErrorsException: The type Microsoft.Practices.EnterpriseLibrary.ExceptionHandling.Logging.LoggingExceptionHandler, Microsoft.Practices.EnterpriseLibrary.ExceptionHandling.Logging, Version=2.0.0.0, Culture=neutral, PublicKeyToken=c834797fd9c628b4 from configuration could not be created. (E:\projects\brownshoe\unit_tests\product\srvtfs_ECDATA-TFS01 2009-01-12 11_17_41\Out\BrownShoe.UnitTests.DLL.config line 38).</message><stackTrace type="System.String">    at System.Configuration.BaseConfigurationRecord.EvaluateOne(String[] keys, SectionInput input, Boolean isTrusted, FactoryRecord factoryRecord, SectionRecord sectionRecord, Object parentResult)
   at System.Configuration.BaseConfigurationRecord.Evaluate(FactoryRecord factoryRecord, SectionRecord sectionRecord, Object parentResult, Boolean getLkg, Boolean getRuntimeObject, Object&amp; result, Object&amp; resultRuntimeObject)
   at System.Configuration.BaseConfigurationRecord.GetSectionRecursive(String configKey, Boolean getLkg, Boolean checkPermission, Boolean getRuntimeObject, Boolean requestIsHere, Object&amp; result, Object&amp; resultRuntimeObject)
   at System.Configuration.BaseConfigurationRecord.GetSectionRecursive(String configKey, Boolean getLkg, Boolean checkPermission, Boolean getRuntimeObject, Boolean requestIsHere, Object&amp; result, Object&amp; resultRuntimeObject)
   at System.Configuration.BaseConfigurationRecord.GetSectionRecursive(String configKey, Boolean getLkg, Boolean checkPermission, Boolean getRuntimeObject, Boolean requestIsHere, Object&amp; result, Object&amp; resultRuntimeObject)
   at System.Configuration.BaseConfigurationRecord.GetSection(String configKey, Boolean getLkg, Boolean checkPermission)
   at System.Configuration.BaseConfigurationRecord.GetSection(String configKey)
   at System.Configuration.ClientConfigurationSystem.System.Configuration.Internal.IInternalConfigSystem.GetSection(String sectionName)
   at System.Configuration.ConfigurationManager.GetSection(String sectionName)
   at Microsoft.Practices.EnterpriseLibrary.Common.Configuration.SystemConfigurationSourceImplementation.GetSection(String sectionName)
   at Microsoft.Practices.EnterpriseLibrary.Common.Configuration.SystemConfigurationSource.GetSection(String sectionName)
   at Microsoft.Practices.EnterpriseLibrary.ExceptionHandling.Configuration.ExceptionHandlingSettings.GetExceptionHandlingSettings(IConfigurationSource configurationSource)
   at Microsoft.Practices.EnterpriseLibrary.ExceptionHandling.ExceptionHandlingConfigurationView.get_ExceptionHandlingSettings()
   at Microsoft.Practices.EnterpriseLibrary.ExceptionHandling.ExceptionHandlingConfigurationView.GetExceptionPolicyData(String policyName)
   at Microsoft.Practices.EnterpriseLibrary.ExceptionHandling.ExceptionPolicyCustomFactory.GetConfiguration(String id, IConfigurationSource configurationSource)
   at Microsoft.Practices.EnterpriseLibrary.ExceptionHandling.ExceptionPolicyCustomFactory.CreateObject(IBuilderContext context, String name, IConfigurationSource configurationSource, ConfigurationReflectionCache reflectionCache)
   at Microsoft.Practices.EnterpriseLibrary.Common.Configuration.ObjectBuilder.ConfiguredObjectStrategy.BuildUp(IBuilderContext context, Type t, Object existing, String id)
   at Microsoft.Practices.ObjectBuilder.BuilderStrategy.BuildUp(IBuilderContext context, Type typeToBuild, Object existing, String idToBuild)
   at Microsoft.Practices.ObjectBuilder.SingletonStrategy.BuildUp(IBuilderContext context, Type typeToBuild, Object existing, String idToBuild)
   at Microsoft.Practices.ObjectBuilder.BuilderStrategy.BuildUp(IBuilderContext context, Type typeToBuild, Object existing, String idToBuild)
   at Microsoft.Practices.EnterpriseLibrary.Common.Configuration.ObjectBuilder.ConfigurationNameMappingStrategy.BuildUp(IBuilderContext context, Type t, Object existing, String id)
   at Microsoft.Practices.ObjectBuilder.BuilderBase`1.DoBuildUp(IReadWriteLocator locator, Type typeToBuild, String idToBuild, Object existing, PolicyList[] transientPolicies)
   at Microsoft.Practices.ObjectBuilder.BuilderBase`1.BuildUp(IReadWriteLocator locator, Type typeToBuild, String idToBuild, Object existing, PolicyList[] transientPolicies)
   at Microsoft.Practices.ObjectBuilder.BuilderBase`1.BuildUp[TTypeToBuild](IReadWriteLocator locator, String idToBuild, Object existing, PolicyList[] transientPolicies)
   at Microsoft.Practices.EnterpriseLibrary.Common.Configuration.ObjectBuilder.EnterpriseLibraryFactory.BuildUp[T](IReadWriteLocator locator, String id, IConfigurationSource configurationSource)
   at Microsoft.Practices.EnterpriseLibrary.Common.Configuration.ObjectBuilder.LocatorNameTypeFactoryBase`1.Create(String name)
   at Microsoft.Practices.EnterpriseLibrary.ExceptionHandling.ExceptionPolicy.GetExceptionPolicy(Exception exception, String policyName)
   at Microsoft.Practices.EnterpriseLibrary.ExceptionHandling.ExceptionPolicy.HandleException(Exception exceptionToHandle, String policyName)
   at BrownShoe.ExceptionPolicy.HandleException(Exception exc) in e:\projects\brownshoe\unit_tests\product\src\BrownShoe\Libraries\Core\ExceptionPolicies.cs:line 117
   at BrownShoe.Madison.MadisonWebService.LocateStoreInventorySizeWidths(String postalCode, Int32 radius, String itemNumber) in e:\projects\brownshoe\unit_tests\product\src\BrownShoe\Libraries\Services\Madison\MadisonWebService.cs:line 811
   at BrownShoe.UnitTests.Services.Madison.MadisonWebServiceTest.LocateStoreInventorySizeWidthsTest()
</stackTrace></errorInfo><traceInfo type="Microsoft.VisualStudio.TestTools.Common.TestExecutionTraceInformation"><trace type="System.Text.StringBuilder">Creating instance of class BrownShoe.UnitTests.Services.Madison.MadisonWebServiceTest.
Calling Test method BrownShoe.UnitTests.Services.Madison.MadisonWebServiceTest.Microsoft.VisualStudio.TestTools.TestTypes.Unit.TestMethod.
</trace></traceInfo><stdout type="System.String" /><stderr type="System.String" /><debugTrace type="System.String" /><workItemIds type="System.Collections.Generic.List`1[[System.Int32, mscorlib, Version=2.0.0.0, Culture=neutral, PublicKeyToken=b77a5c561934e089]]"><_size type="System.Int32">0</_size><_version type="System.Int32">1</_version></workItemIds><id type="Microsoft.VisualStudio.TestTools.Common.TestResultId"><runId type="System.Guid">3d9a8baa-b9cb-4717-8a94-3c6445344217</runId><executionId type="Microsoft.VisualStudio.TestTools.Common.TestExecId"><id type="System.Guid">abd419f3-ad85-479b-8958-339c7aba7ac1</id></executionId><parentExecId type="Microsoft.VisualStudio.TestTools.Common.TestExecId"><id type="System.Guid">00000000-0000-0000-0000-000000000000</id></parentExecId><testId type="Microsoft.VisualStudio.TestTools.Common.TestId"><id type="System.Guid">296bf6bc-9661-41e6-81d8-1c5ba350dce9</id></testId></id><testName type="System.String">LocateStoreInventorySizeWidthsTest</testName><testType type="Microsoft.VisualStudio.TestTools.Common.TestType"><id type="System.Guid">13cdc9d9-ddb5-4fa4-a97d-d965ccfc6d4b</id></testType><messageKind type="Microsoft.VisualStudio.TestTools.Common.TestMessageKind"><value__ type="System.Int32">1</value__></messageKind><computerInfo type="Microsoft.VisualStudio.TestTools.Common.ComputerInfo"><m_computerName type="System.String">ECDATA-TFS01</m_computerName></computerInfo><duration type="System.TimeSpan">00:00:00.0172807</duration><startTime type="System.DateTime"><dateData type="System.UInt64">633673774997981976</dateData></startTime><endTime type="System.DateTime"><dateData type="System.UInt64">633673774998138236</dateData></endTime><spoolMessage type="System.Boolean">True</spoolMessage></UnitTestResult><UnitTestResult type="Microsoft.VisualStudio.TestTools.TestTypes.Unit.UnitTestResult, Microsoft.VisualStudio.QualityTools.Tips.UnitTest.ObjectModel, Version=8.0.0.0, Culture=neutral, PublicKeyToken=b03f5f7f11d50a3a"><resultType type="Microsoft.VisualStudio.TestTools.TestTypes.Unit.UnitTestResultType, Microsoft.VisualStudio.QualityTools.Tips.UnitTest.ObjectModel, Version=8.0.0.0, Culture=neutral, PublicKeyToken=b03f5f7f11d50a3a"><value__ type="System.Int32">0</value__></resultType><m_hasSufficientAccess type="System.Boolean">True</m_hasSufficientAccess><counters type="Microsoft.VisualStudio.TestTools.Common.TestResultCounter"><values type="System.Int32">0,0,0,0,0,0,0,0,0,0,0,0,0,0</values><total type="System.Int32">1</total></counters><categoryId type="Microsoft.VisualStudio.TestTools.Common.TestCategoryId"><id type="System.Guid">8c84fa94-04c1-424b-9868-57a2d4851a1d</id></categoryId><outcome type="Microsoft.VisualStudio.TestTools.Common.TestOutcome"><value__ type="System.Int32">1</value__></outcome><errorInfo type="Microsoft.VisualStudio.TestTools.Common.TestResultErrorInfo"><message type="System.String">Test method BrownShoe.UnitTests.Services.Madison.MadisonWebServiceTest.LocateStoreInventorySizeWidthsTestFailure threw exception:  System.Configuration.ConfigurationErrorsException: The type Microsoft.Practices.EnterpriseLibrary.ExceptionHandling.Logging.LoggingExceptionHandler, Microsoft.Practices.EnterpriseLibrary.ExceptionHandling.Logging, Version=2.0.0.0, Culture=neutral, PublicKeyToken=c834797fd9c628b4 from configuration could not be created. (E:\projects\brownshoe\unit_tests\product\srvtfs_ECDATA-TFS01 2009-01-12 11_17_41\Out\BrownShoe.UnitTests.DLL.config line 38).</message><stackTrace type="System.String">    at System.Configuration.BaseConfigurationRecord.EvaluateOne(String[] keys, SectionInput input, Boolean isTrusted, FactoryRecord factoryRecord, SectionRecord sectionRecord, Object parentResult)
   at System.Configuration.BaseConfigurationRecord.Evaluate(FactoryRecord factoryRecord, SectionRecord sectionRecord, Object parentResult, Boolean getLkg, Boolean getRuntimeObject, Object&amp; result, Object&amp; resultRuntimeObject)
   at System.Configuration.BaseConfigurationRecord.GetSectionRecursive(String configKey, Boolean getLkg, Boolean checkPermission, Boolean getRuntimeObject, Boolean requestIsHere, Object&amp; result, Object&amp; resultRuntimeObject)
   at System.Configuration.BaseConfigurationRecord.GetSectionRecursive(String configKey, Boolean getLkg, Boolean checkPermission, Boolean getRuntimeObject, Boolean requestIsHere, Object&amp; result, Object&amp; resultRuntimeObject)
   at System.Configuration.BaseConfigurationRecord.GetSectionRecursive(String configKey, Boolean getLkg, Boolean checkPermission, Boolean getRuntimeObject, Boolean requestIsHere, Object&amp; result, Object&amp; resultRuntimeObject)
   at System.Configuration.BaseConfigurationRecord.GetSection(String configKey, Boolean getLkg, Boolean checkPermission)
   at System.Configuration.BaseConfigurationRecord.GetSection(String configKey)
   at System.Configuration.ClientConfigurationSystem.System.Configuration.Internal.IInternalConfigSystem.GetSection(String sectionName)
   at System.Configuration.ConfigurationManager.GetSection(String sectionName)
   at Microsoft.Practices.EnterpriseLibrary.Common.Configuration.SystemConfigurationSourceImplementation.GetSection(String sectionName)
   at Microsoft.Practices.EnterpriseLibrary.Common.Configuration.SystemConfigurationSource.GetSection(String sectionName)
   at Microsoft.Practices.EnterpriseLibrary.ExceptionHandling.Configuration.ExceptionHandlingSettings.GetExceptionHandlingSettings(IConfigurationSource configurationSource)
   at Microsoft.Practices.EnterpriseLibrary.ExceptionHandling.ExceptionHandlingConfigurationView.get_ExceptionHandlingSettings()
   at Microsoft.Practices.EnterpriseLibrary.ExceptionHandling.ExceptionHandlingConfigurationView.GetExceptionPolicyData(String policyName)
   at Microsoft.Practices.EnterpriseLibrary.ExceptionHandling.ExceptionPolicyCustomFactory.GetConfiguration(String id, IConfigurationSource configurationSource)
   at Microsoft.Practices.EnterpriseLibrary.ExceptionHandling.ExceptionPolicyCustomFactory.CreateObject(IBuilderContext context, String name, IConfigurationSource configurationSource, ConfigurationReflectionCache reflectionCache)
   at Microsoft.Practices.EnterpriseLibrary.Common.Configuration.ObjectBuilder.ConfiguredObjectStrategy.BuildUp(IBuilderContext context, Type t, Object existing, String id)
   at Microsoft.Practices.ObjectBuilder.BuilderStrategy.BuildUp(IBuilderContext context, Type typeToBuild, Object existing, String idToBuild)
   at Microsoft.Practices.ObjectBuilder.SingletonStrategy.BuildUp(IBuilderContext context, Type typeToBuild, Object existing, String idToBuild)
   at Microsoft.Practices.ObjectBuilder.BuilderStrategy.BuildUp(IBuilderContext context, Type typeToBuild, Object existing, String idToBuild)
   at Microsoft.Practices.EnterpriseLibrary.Common.Configuration.ObjectBuilder.ConfigurationNameMappingStrategy.BuildUp(IBuilderContext context, Type t, Object existing, String id)
   at Microsoft.Practices.ObjectBuilder.BuilderBase`1.DoBuildUp(IReadWriteLocator locator, Type typeToBuild, String idToBuild, Object existing, PolicyList[] transientPolicies)
   at Microsoft.Practices.ObjectBuilder.BuilderBase`1.BuildUp(IReadWriteLocator locator, Type typeToBuild, String idToBuild, Object existing, PolicyList[] transientPolicies)
   at Microsoft.Practices.ObjectBuilder.BuilderBase`1.BuildUp[TTypeToBuild](IReadWriteLocator locator, String idToBuild, Object existing, PolicyList[] transientPolicies)
   at Microsoft.Practices.EnterpriseLibrary.Common.Configuration.ObjectBuilder.EnterpriseLibraryFactory.BuildUp[T](IReadWriteLocator locator, String id, IConfigurationSource configurationSource)
   at Microsoft.Practices.EnterpriseLibrary.Common.Configuration.ObjectBuilder.LocatorNameTypeFactoryBase`1.Create(String name)
   at Microsoft.Practices.EnterpriseLibrary.ExceptionHandling.ExceptionPolicy.GetExceptionPolicy(Exception exception, String policyName)
   at Microsoft.Practices.EnterpriseLibrary.ExceptionHandling.ExceptionPolicy.HandleException(Exception exceptionToHandle, String policyName)
   at BrownShoe.ExceptionPolicy.HandleException(Exception exc) in e:\projects\brownshoe\unit_tests\product\src\BrownShoe\Libraries\Core\ExceptionPolicies.cs:line 117
   at BrownShoe.Madison.MadisonWebService.LocateStoreInventorySizeWidths(String postalCode, Int32 radius, String itemNumber) in e:\projects\brownshoe\unit_tests\product\src\BrownShoe\Libraries\Services\Madison\MadisonWebService.cs:line 811
   at BrownShoe.UnitTests.Services.Madison.MadisonWebServiceTest.LocateStoreInventorySizeWidthsTestFailure()
</stackTrace></errorInfo><traceInfo type="Microsoft.VisualStudio.TestTools.Common.TestExecutionTraceInformation"><trace type="System.Text.StringBuilder">Creating instance of class BrownShoe.UnitTests.Services.Madison.MadisonWebServiceTest.
Calling Test method BrownShoe.UnitTests.Services.Madison.MadisonWebServiceTest.Microsoft.VisualStudio.TestTools.TestTypes.Unit.TestMethod.
</trace></traceInfo><stdout type="System.String" /><stderr type="System.String" /><debugTrace type="System.String" /><workItemIds type="System.Collections.Generic.List`1[[System.Int32, mscorlib, Version=2.0.0.0, Culture=neutral, PublicKeyToken=b77a5c561934e089]]"><_size type="System.Int32">0</_size><_version type="System.Int32">1</_version></workItemIds><id type="Microsoft.VisualStudio.TestTools.Common.TestResultId"><runId type="System.Guid">3d9a8baa-b9cb-4717-8a94-3c6445344217</runId><executionId type="Microsoft.VisualStudio.TestTools.Common.TestExecId"><id type="System.Guid">b5fc1406-58d3-4369-ab7b-ddb0b2e97ca3</id></executionId><parentExecId type="Microsoft.VisualStudio.TestTools.Common.TestExecId"><id type="System.Guid">00000000-0000-0000-0000-000000000000</id></parentExecId><testId type="Microsoft.VisualStudio.TestTools.Common.TestId"><id type="System.Guid">b0a0b4ae-2c2d-fc93-3348-9689ae4705ae</id></testId></id><testName type="System.String">LocateStoreInventorySizeWidthsTestFailure</testName><testType type="Microsoft.VisualStudio.TestTools.Common.TestType"><id type="System.Guid">13cdc9d9-ddb5-4fa4-a97d-d965ccfc6d4b</id></testType><messageKind type="Microsoft.VisualStudio.TestTools.Common.TestMessageKind"><value__ type="System.Int32">1</value__></messageKind><computerInfo type="Microsoft.VisualStudio.TestTools.Common.ComputerInfo"><m_computerName type="System.String">ECDATA-TFS01</m_computerName></computerInfo><duration type="System.TimeSpan">00:00:00.0134766</duration><startTime type="System.DateTime"><dateData type="System.UInt64">633673774998138236</dateData></startTime><endTime type="System.DateTime"><dateData type="System.UInt64">633673774998294496</dateData></endTime><spoolMessage type="System.Boolean">True</spoolMessage></UnitTestResult><UnitTestResult type="Microsoft.VisualStudio.TestTools.TestTypes.Unit.UnitTestResult, Microsoft.VisualStudio.QualityTools.Tips.UnitTest.ObjectModel, Version=8.0.0.0, Culture=neutral, PublicKeyToken=b03f5f7f11d50a3a"><resultType type="Microsoft.VisualStudio.TestTools.TestTypes.Unit.UnitTestResultType, Microsoft.VisualStudio.QualityTools.Tips.UnitTest.ObjectModel, Version=8.0.0.0, Culture=neutral, PublicKeyToken=b03f5f7f11d50a3a"><value__ type="System.Int32">0</value__></resultType><m_hasSufficientAccess type="System.Boolean">True</m_hasSufficientAccess><counters type="Microsoft.VisualStudio.TestTools.Common.TestResultCounter"><values type="System.Int32">0,0,0,0,0,0,0,0,0,0,0,0,0,0</values><total type="System.Int32">1</total></counters><categoryId type="Microsoft.VisualStudio.TestTools.Common.TestCategoryId"><id type="System.Guid">8c84fa94-04c1-424b-9868-57a2d4851a1d</id></categoryId><outcome type="Microsoft.VisualStudio.TestTools.Common.TestOutcome"><value__ type="System.Int32">1</value__></outcome><errorInfo type="Microsoft.VisualStudio.TestTools.Common.TestResultErrorInfo"><message type="System.String">Test method BrownShoe.UnitTests.Services.Madison.MadisonWebServiceTest.LocateStoresTest threw exception:  System.Configuration.ConfigurationErrorsException: The type Microsoft.Practices.EnterpriseLibrary.ExceptionHandling.Logging.LoggingExceptionHandler, Microsoft.Practices.EnterpriseLibrary.ExceptionHandling.Logging, Version=2.0.0.0, Culture=neutral, PublicKeyToken=c834797fd9c628b4 from configuration could not be created. (E:\projects\brownshoe\unit_tests\product\srvtfs_ECDATA-TFS01 2009-01-12 11_17_41\Out\BrownShoe.UnitTests.DLL.config line 38).</message><stackTrace type="System.String">    at System.Configuration.BaseConfigurationRecord.EvaluateOne(String[] keys, SectionInput input, Boolean isTrusted, FactoryRecord factoryRecord, SectionRecord sectionRecord, Object parentResult)
   at System.Configuration.BaseConfigurationRecord.Evaluate(FactoryRecord factoryRecord, SectionRecord sectionRecord, Object parentResult, Boolean getLkg, Boolean getRuntimeObject, Object&amp; result, Object&amp; resultRuntimeObject)
   at System.Configuration.BaseConfigurationRecord.GetSectionRecursive(String configKey, Boolean getLkg, Boolean checkPermission, Boolean getRuntimeObject, Boolean requestIsHere, Object&amp; result, Object&amp; resultRuntimeObject)
   at System.Configuration.BaseConfigurationRecord.GetSectionRecursive(String configKey, Boolean getLkg, Boolean checkPermission, Boolean getRuntimeObject, Boolean requestIsHere, Object&amp; result, Object&amp; resultRuntimeObject)
   at System.Configuration.BaseConfigurationRecord.GetSectionRecursive(String configKey, Boolean getLkg, Boolean checkPermission, Boolean getRuntimeObject, Boolean requestIsHere, Object&amp; result, Object&amp; resultRuntimeObject)
   at System.Configuration.BaseConfigurationRecord.GetSection(String configKey, Boolean getLkg, Boolean checkPermission)
   at System.Configuration.BaseConfigurationRecord.GetSection(String configKey)
   at System.Configuration.ClientConfigurationSystem.System.Configuration.Internal.IInternalConfigSystem.GetSection(String sectionName)
   at System.Configuration.ConfigurationManager.GetSection(String sectionName)
   at Microsoft.Practices.EnterpriseLibrary.Common.Configuration.SystemConfigurationSourceImplementation.GetSection(String sectionName)
   at Microsoft.Practices.EnterpriseLibrary.Common.Configuration.SystemConfigurationSource.GetSection(String sectionName)
   at Microsoft.Practices.EnterpriseLibrary.ExceptionHandling.Configuration.ExceptionHandlingSettings.GetExceptionHandlingSettings(IConfigurationSource configurationSource)
   at Microsoft.Practices.EnterpriseLibrary.ExceptionHandling.ExceptionHandlingConfigurationView.get_ExceptionHandlingSettings()
   at Microsoft.Practices.EnterpriseLibrary.ExceptionHandling.ExceptionHandlingConfigurationView.GetExceptionPolicyData(String policyName)
   at Microsoft.Practices.EnterpriseLibrary.ExceptionHandling.ExceptionPolicyCustomFactory.GetConfiguration(String id, IConfigurationSource configurationSource)
   at Microsoft.Practices.EnterpriseLibrary.ExceptionHandling.ExceptionPolicyCustomFactory.CreateObject(IBuilderContext context, String name, IConfigurationSource configurationSource, ConfigurationReflectionCache reflectionCache)
   at Microsoft.Practices.EnterpriseLibrary.Common.Configuration.ObjectBuilder.ConfiguredObjectStrategy.BuildUp(IBuilderContext context, Type t, Object existing, String id)
   at Microsoft.Practices.ObjectBuilder.BuilderStrategy.BuildUp(IBuilderContext context, Type typeToBuild, Object existing, String idToBuild)
   at Microsoft.Practices.ObjectBuilder.SingletonStrategy.BuildUp(IBuilderContext context, Type typeToBuild, Object existing, String idToBuild)
   at Microsoft.Practices.ObjectBuilder.BuilderStrategy.BuildUp(IBuilderContext context, Type typeToBuild, Object existing, String idToBuild)
   at Microsoft.Practices.EnterpriseLibrary.Common.Configuration.ObjectBuilder.ConfigurationNameMappingStrategy.BuildUp(IBuilderContext context, Type t, Object existing, String id)
   at Microsoft.Practices.ObjectBuilder.BuilderBase`1.DoBuildUp(IReadWriteLocator locator, Type typeToBuild, String idToBuild, Object existing, PolicyList[] transientPolicies)
   at Microsoft.Practices.ObjectBuilder.BuilderBase`1.BuildUp(IReadWriteLocator locator, Type typeToBuild, String idToBuild, Object existing, PolicyList[] transientPolicies)
   at Microsoft.Practices.ObjectBuilder.BuilderBase`1.BuildUp[TTypeToBuild](IReadWriteLocator locator, String idToBuild, Object existing, PolicyList[] transientPolicies)
   at Microsoft.Practices.EnterpriseLibrary.Common.Configuration.ObjectBuilder.EnterpriseLibraryFactory.BuildUp[T](IReadWriteLocator locator, String id, IConfigurationSource configurationSource)
   at Microsoft.Practices.EnterpriseLibrary.Common.Configuration.ObjectBuilder.LocatorNameTypeFactoryBase`1.Create(String name)
   at Microsoft.Practices.EnterpriseLibrary.ExceptionHandling.ExceptionPolicy.GetExceptionPolicy(Exception exception, String policyName)
   at Microsoft.Practices.EnterpriseLibrary.ExceptionHandling.ExceptionPolicy.HandleException(Exception exceptionToHandle, String policyName)
   at BrownShoe.ExceptionPolicy.HandleException(Exception exc) in e:\projects\brownshoe\unit_tests\product\src\BrownShoe\Libraries\Core\ExceptionPolicies.cs:line 117
   at BrownShoe.Madison.MadisonWebService.LocateStores(String postalCode, String radius, String channels, String format) in e:\projects\brownshoe\unit_tests\product\src\BrownShoe\Libraries\Services\Madison\MadisonWebService.cs:line 673
   at BrownShoe.UnitTests.Services.Madison.MadisonWebServiceTest.LocateStoresTest()
</stackTrace></errorInfo><traceInfo type="Microsoft.VisualStudio.TestTools.Common.TestExecutionTraceInformation"><trace type="System.Text.StringBuilder">Creating instance of class BrownShoe.UnitTests.Services.Madison.MadisonWebServiceTest.
Calling Test method BrownShoe.UnitTests.Services.Madison.MadisonWebServiceTest.Microsoft.VisualStudio.TestTools.TestTypes.Unit.TestMethod.
</trace></traceInfo><stdout type="System.String" /><stderr type="System.String" /><debugTrace type="System.String" /><workItemIds type="System.Collections.Generic.List`1[[System.Int32, mscorlib, Version=2.0.0.0, Culture=neutral, PublicKeyToken=b77a5c561934e089]]"><_size type="System.Int32">0</_size><_version type="System.Int32">1</_version></workItemIds><id type="Microsoft.VisualStudio.TestTools.Common.TestResultId"><runId type="System.Guid">3d9a8baa-b9cb-4717-8a94-3c6445344217</runId><executionId type="Microsoft.VisualStudio.TestTools.Common.TestExecId"><id type="System.Guid">c129cd86-e37b-4603-8391-137cfc7b60aa</id></executionId><parentExecId type="Microsoft.VisualStudio.TestTools.Common.TestExecId"><id type="System.Guid">00000000-0000-0000-0000-000000000000</id></parentExecId><testId type="Microsoft.VisualStudio.TestTools.Common.TestId"><id type="System.Guid">b7f4897c-f815-90ce-427d-aff93e76aa56</id></testId></id><testName type="System.String">LocateStoresTest</testName><testType type="Microsoft.VisualStudio.TestTools.Common.TestType"><id type="System.Guid">13cdc9d9-ddb5-4fa4-a97d-d965ccfc6d4b</id></testType><messageKind type="Microsoft.VisualStudio.TestTools.Common.TestMessageKind"><value__ type="System.Int32">1</value__></messageKind><computerInfo type="Microsoft.VisualStudio.TestTools.Common.ComputerInfo"><m_computerName type="System.String">ECDATA-TFS01</m_computerName></computerInfo><duration type="System.TimeSpan">00:00:00.0167212</duration><startTime type="System.DateTime"><dateData type="System.UInt64">633673774998294496</dateData></startTime><endTime type="System.DateTime"><dateData type="System.UInt64">633673774998607016</dateData></endTime><spoolMessage type="System.Boolean">True</spoolMessage></UnitTestResult><UnitTestResult type="Microsoft.VisualStudio.TestTools.TestTypes.Unit.UnitTestResult, Microsoft.VisualStudio.QualityTools.Tips.UnitTest.ObjectModel, Version=8.0.0.0, Culture=neutral, PublicKeyToken=b03f5f7f11d50a3a"><resultType type="Microsoft.VisualStudio.TestTools.TestTypes.Unit.UnitTestResultType, Microsoft.VisualStudio.QualityTools.Tips.UnitTest.ObjectModel, Version=8.0.0.0, Culture=neutral, PublicKeyToken=b03f5f7f11d50a3a"><value__ type="System.Int32">0</value__></resultType><m_hasSufficientAccess type="System.Boolean">True</m_hasSufficientAccess><counters type="Microsoft.VisualStudio.TestTools.Common.TestResultCounter"><values type="System.Int32">0,0,0,0,0,0,0,0,0,0,0,0,0,0</values><total type="System.Int32">1</total></counters><categoryId type="Microsoft.VisualStudio.TestTools.Common.TestCategoryId"><id type="System.Guid">8c84fa94-04c1-424b-9868-57a2d4851a1d</id></categoryId><outcome type="Microsoft.VisualStudio.TestTools.Common.TestOutcome"><value__ type="System.Int32">1</value__></outcome><errorInfo type="Microsoft.VisualStudio.TestTools.Common.TestResultErrorInfo"><message type="System.String">Test method BrownShoe.UnitTests.Services.Madison.MadisonWebServiceTest.LocateStoresTestFailure threw exception:  System.Configuration.ConfigurationErrorsException: The type Microsoft.Practices.EnterpriseLibrary.ExceptionHandling.Logging.LoggingExceptionHandler, Microsoft.Practices.EnterpriseLibrary.ExceptionHandling.Logging, Version=2.0.0.0, Culture=neutral, PublicKeyToken=c834797fd9c628b4 from configuration could not be created. (E:\projects\brownshoe\unit_tests\product\srvtfs_ECDATA-TFS01 2009-01-12 11_17_41\Out\BrownShoe.UnitTests.DLL.config line 38).</message><stackTrace type="System.String">    at System.Configuration.BaseConfigurationRecord.EvaluateOne(String[] keys, SectionInput input, Boolean isTrusted, FactoryRecord factoryRecord, SectionRecord sectionRecord, Object parentResult)
   at System.Configuration.BaseConfigurationRecord.Evaluate(FactoryRecord factoryRecord, SectionRecord sectionRecord, Object parentResult, Boolean getLkg, Boolean getRuntimeObject, Object&amp; result, Object&amp; resultRuntimeObject)
   at System.Configuration.BaseConfigurationRecord.GetSectionRecursive(String configKey, Boolean getLkg, Boolean checkPermission, Boolean getRuntimeObject, Boolean requestIsHere, Object&amp; result, Object&amp; resultRuntimeObject)
   at System.Configuration.BaseConfigurationRecord.GetSectionRecursive(String configKey, Boolean getLkg, Boolean checkPermission, Boolean getRuntimeObject, Boolean requestIsHere, Object&amp; result, Object&amp; resultRuntimeObject)
   at System.Configuration.BaseConfigurationRecord.GetSectionRecursive(String configKey, Boolean getLkg, Boolean checkPermission, Boolean getRuntimeObject, Boolean requestIsHere, Object&amp; result, Object&amp; resultRuntimeObject)
   at System.Configuration.BaseConfigurationRecord.GetSection(String configKey, Boolean getLkg, Boolean checkPermission)
   at System.Configuration.BaseConfigurationRecord.GetSection(String configKey)
   at System.Configuration.ClientConfigurationSystem.System.Configuration.Internal.IInternalConfigSystem.GetSection(String sectionName)
   at System.Configuration.ConfigurationManager.GetSection(String sectionName)
   at Microsoft.Practices.EnterpriseLibrary.Common.Configuration.SystemConfigurationSourceImplementation.GetSection(String sectionName)
   at Microsoft.Practices.EnterpriseLibrary.Common.Configuration.SystemConfigurationSource.GetSection(String sectionName)
   at Microsoft.Practices.EnterpriseLibrary.ExceptionHandling.Configuration.ExceptionHandlingSettings.GetExceptionHandlingSettings(IConfigurationSource configurationSource)
   at Microsoft.Practices.EnterpriseLibrary.ExceptionHandling.ExceptionHandlingConfigurationView.get_ExceptionHandlingSettings()
   at Microsoft.Practices.EnterpriseLibrary.ExceptionHandling.ExceptionHandlingConfigurationView.GetExceptionPolicyData(String policyName)
   at Microsoft.Practices.EnterpriseLibrary.ExceptionHandling.ExceptionPolicyCustomFactory.GetConfiguration(String id, IConfigurationSource configurationSource)
   at Microsoft.Practices.EnterpriseLibrary.ExceptionHandling.ExceptionPolicyCustomFactory.CreateObject(IBuilderContext context, String name, IConfigurationSource configurationSource, ConfigurationReflectionCache reflectionCache)
   at Microsoft.Practices.EnterpriseLibrary.Common.Configuration.ObjectBuilder.ConfiguredObjectStrategy.BuildUp(IBuilderContext context, Type t, Object existing, String id)
   at Microsoft.Practices.ObjectBuilder.BuilderStrategy.BuildUp(IBuilderContext context, Type typeToBuild, Object existing, String idToBuild)
   at Microsoft.Practices.ObjectBuilder.SingletonStrategy.BuildUp(IBuilderContext context, Type typeToBuild, Object existing, String idToBuild)
   at Microsoft.Practices.ObjectBuilder.BuilderStrategy.BuildUp(IBuilderContext context, Type typeToBuild, Object existing, String idToBuild)
   at Microsoft.Practices.EnterpriseLibrary.Common.Configuration.ObjectBuilder.ConfigurationNameMappingStrategy.BuildUp(IBuilderContext context, Type t, Object existing, String id)
   at Microsoft.Practices.ObjectBuilder.BuilderBase`1.DoBuildUp(IReadWriteLocator locator, Type typeToBuild, String idToBuild, Object existing, PolicyList[] transientPolicies)
   at Microsoft.Practices.ObjectBuilder.BuilderBase`1.BuildUp(IReadWriteLocator locator, Type typeToBuild, String idToBuild, Object existing, PolicyList[] transientPolicies)
   at Microsoft.Practices.ObjectBuilder.BuilderBase`1.BuildUp[TTypeToBuild](IReadWriteLocator locator, String idToBuild, Object existing, PolicyList[] transientPolicies)
   at Microsoft.Practices.EnterpriseLibrary.Common.Configuration.ObjectBuilder.EnterpriseLibraryFactory.BuildUp[T](IReadWriteLocator locator, String id, IConfigurationSource configurationSource)
   at Microsoft.Practices.EnterpriseLibrary.Common.Configuration.ObjectBuilder.LocatorNameTypeFactoryBase`1.Create(String name)
   at Microsoft.Practices.EnterpriseLibrary.ExceptionHandling.ExceptionPolicy.GetExceptionPolicy(Exception exception, String policyName)
   at Microsoft.Practices.EnterpriseLibrary.ExceptionHandling.ExceptionPolicy.HandleException(Exception exceptionToHandle, String policyName)
   at BrownShoe.ExceptionPolicy.HandleException(Exception exc) in e:\projects\brownshoe\unit_tests\product\src\BrownShoe\Libraries\Core\ExceptionPolicies.cs:line 117
   at BrownShoe.Madison.MadisonWebService.LocateStores(String postalCode, String radius, String channels, String format) in e:\projects\brownshoe\unit_tests\product\src\BrownShoe\Libraries\Services\Madison\MadisonWebService.cs:line 673
   at BrownShoe.UnitTests.Services.Madison.MadisonWebServiceTest.LocateStoresTestFailure()
</stackTrace></errorInfo><traceInfo type="Microsoft.VisualStudio.TestTools.Common.TestExecutionTraceInformation"><trace type="System.Text.StringBuilder">Creating instance of class BrownShoe.UnitTests.Services.Madison.MadisonWebServiceTest.
Calling Test method BrownShoe.UnitTests.Services.Madison.MadisonWebServiceTest.Microsoft.VisualStudio.TestTools.TestTypes.Unit.TestMethod.
</trace></traceInfo><stdout type="System.String" /><stderr type="System.String" /><debugTrace type="System.String" /><workItemIds type="System.Collections.Generic.List`1[[System.Int32, mscorlib, Version=2.0.0.0, Culture=neutral, PublicKeyToken=b77a5c561934e089]]"><_size type="System.Int32">0</_size><_version type="System.Int32">1</_version></workItemIds><id type="Microsoft.VisualStudio.TestTools.Common.TestResultId"><runId type="System.Guid">3d9a8baa-b9cb-4717-8a94-3c6445344217</runId><executionId type="Microsoft.VisualStudio.TestTools.Common.TestExecId"><id type="System.Guid">fd9584a0-28bc-414d-adb8-f5871fa8a944</id></executionId><parentExecId type="Microsoft.VisualStudio.TestTools.Common.TestExecId"><id type="System.Guid">00000000-0000-0000-0000-000000000000</id></parentExecId><testId type="Microsoft.VisualStudio.TestTools.Common.TestId"><id type="System.Guid">e3f12f40-e5e8-184f-2861-9ea894b5d4ca</id></testId></id><testName type="System.String">LocateStoresTestFailure</testName><testType type="Microsoft.VisualStudio.TestTools.Common.TestType"><id type="System.Guid">13cdc9d9-ddb5-4fa4-a97d-d965ccfc6d4b</id></testType><messageKind type="Microsoft.VisualStudio.TestTools.Common.TestMessageKind"><value__ type="System.Int32">1</value__></messageKind><computerInfo type="Microsoft.VisualStudio.TestTools.Common.ComputerInfo"><m_computerName type="System.String">ECDATA-TFS01</m_computerName></computerInfo><duration type="System.TimeSpan">00:00:00.0133086</duration><startTime type="System.DateTime"><dateData type="System.UInt64">633673774998607016</dateData></startTime><endTime type="System.DateTime"><dateData type="System.UInt64">633673774998763276</dateData></endTime><spoolMessage type="System.Boolean">True</spoolMessage></UnitTestResult><UnitTestResult type="Microsoft.VisualStudio.TestTools.TestTypes.Unit.UnitTestResult, Microsoft.VisualStudio.QualityTools.Tips.UnitTest.ObjectModel, Version=8.0.0.0, Culture=neutral, PublicKeyToken=b03f5f7f11d50a3a"><resultType type="Microsoft.VisualStudio.TestTools.TestTypes.Unit.UnitTestResultType, Microsoft.VisualStudio.QualityTools.Tips.UnitTest.ObjectModel, Version=8.0.0.0, Culture=neutral, PublicKeyToken=b03f5f7f11d50a3a"><value__ type="System.Int32">0</value__></resultType><m_hasSufficientAccess type="System.Boolean">True</m_hasSufficientAccess><counters type="Microsoft.VisualStudio.TestTools.Common.TestResultCounter"><values type="System.Int32">0,0,0,0,0,0,0,0,0,0,0,0,0,0</values><total type="System.Int32">1</total></counters><categoryId type="Microsoft.VisualStudio.TestTools.Common.TestCategoryId"><id type="System.Guid">8c84fa94-04c1-424b-9868-57a2d4851a1d</id></categoryId><outcome type="Microsoft.VisualStudio.TestTools.Common.TestOutcome"><value__ type="System.Int32">1</value__></outcome><errorInfo type="Microsoft.VisualStudio.TestTools.Common.TestResultErrorInfo"><message type="System.String">Test method BrownShoe.UnitTests.Services.Madison.MadisonWebServiceTest.LocateStoresWithInventoryTest threw exception:  System.Configuration.ConfigurationErrorsException: The type Microsoft.Practices.EnterpriseLibrary.ExceptionHandling.Logging.LoggingExceptionHandler, Microsoft.Practices.EnterpriseLibrary.ExceptionHandling.Logging, Version=2.0.0.0, Culture=neutral, PublicKeyToken=c834797fd9c628b4 from configuration could not be created. (E:\projects\brownshoe\unit_tests\product\srvtfs_ECDATA-TFS01 2009-01-12 11_17_41\Out\BrownShoe.UnitTests.DLL.config line 38).</message><stackTrace type="System.String">    at System.Configuration.BaseConfigurationRecord.EvaluateOne(String[] keys, SectionInput input, Boolean isTrusted, FactoryRecord factoryRecord, SectionRecord sectionRecord, Object parentResult)
   at System.Configuration.BaseConfigurationRecord.Evaluate(FactoryRecord factoryRecord, SectionRecord sectionRecord, Object parentResult, Boolean getLkg, Boolean getRuntimeObject, Object&amp; result, Object&amp; resultRuntimeObject)
   at System.Configuration.BaseConfigurationRecord.GetSectionRecursive(String configKey, Boolean getLkg, Boolean checkPermission, Boolean getRuntimeObject, Boolean requestIsHere, Object&amp; result, Object&amp; resultRuntimeObject)
   at System.Configuration.BaseConfigurationRecord.GetSectionRecursive(String configKey, Boolean getLkg, Boolean checkPermission, Boolean getRuntimeObject, Boolean requestIsHere, Object&amp; result, Object&amp; resultRuntimeObject)
   at System.Configuration.BaseConfigurationRecord.GetSectionRecursive(String configKey, Boolean getLkg, Boolean checkPermission, Boolean getRuntimeObject, Boolean requestIsHere, Object&amp; result, Object&amp; resultRuntimeObject)
   at System.Configuration.BaseConfigurationRecord.GetSection(String configKey, Boolean getLkg, Boolean checkPermission)
   at System.Configuration.BaseConfigurationRecord.GetSection(String configKey)
   at System.Configuration.ClientConfigurationSystem.System.Configuration.Internal.IInternalConfigSystem.GetSection(String sectionName)
   at System.Configuration.ConfigurationManager.GetSection(String sectionName)
   at Microsoft.Practices.EnterpriseLibrary.Common.Configuration.SystemConfigurationSourceImplementation.GetSection(String sectionName)
   at Microsoft.Practices.EnterpriseLibrary.Common.Configuration.SystemConfigurationSource.GetSection(String sectionName)
   at Microsoft.Practices.EnterpriseLibrary.ExceptionHandling.Configuration.ExceptionHandlingSettings.GetExceptionHandlingSettings(IConfigurationSource configurationSource)
   at Microsoft.Practices.EnterpriseLibrary.ExceptionHandling.ExceptionHandlingConfigurationView.get_ExceptionHandlingSettings()
   at Microsoft.Practices.EnterpriseLibrary.ExceptionHandling.ExceptionHandlingConfigurationView.GetExceptionPolicyData(String policyName)
   at Microsoft.Practices.EnterpriseLibrary.ExceptionHandling.ExceptionPolicyCustomFactory.GetConfiguration(String id, IConfigurationSource configurationSource)
   at Microsoft.Practices.EnterpriseLibrary.ExceptionHandling.ExceptionPolicyCustomFactory.CreateObject(IBuilderContext context, String name, IConfigurationSource configurationSource, ConfigurationReflectionCache reflectionCache)
   at Microsoft.Practices.EnterpriseLibrary.Common.Configuration.ObjectBuilder.ConfiguredObjectStrategy.BuildUp(IBuilderContext context, Type t, Object existing, String id)
   at Microsoft.Practices.ObjectBuilder.BuilderStrategy.BuildUp(IBuilderContext context, Type typeToBuild, Object existing, String idToBuild)
   at Microsoft.Practices.ObjectBuilder.SingletonStrategy.BuildUp(IBuilderContext context, Type typeToBuild, Object existing, String idToBuild)
   at Microsoft.Practices.ObjectBuilder.BuilderStrategy.BuildUp(IBuilderContext context, Type typeToBuild, Object existing, String idToBuild)
   at Microsoft.Practices.EnterpriseLibrary.Common.Configuration.ObjectBuilder.ConfigurationNameMappingStrategy.BuildUp(IBuilderContext context, Type t, Object existing, String id)
   at Microsoft.Practices.ObjectBuilder.BuilderBase`1.DoBuildUp(IReadWriteLocator locator, Type typeToBuild, String idToBuild, Object existing, PolicyList[] transientPolicies)
   at Microsoft.Practices.ObjectBuilder.BuilderBase`1.BuildUp(IReadWriteLocator locator, Type typeToBuild, String idToBuild, Object existing, PolicyList[] transientPolicies)
   at Microsoft.Practices.ObjectBuilder.BuilderBase`1.BuildUp[TTypeToBuild](IReadWriteLocator locator, String idToBuild, Object existing, PolicyList[] transientPolicies)
   at Microsoft.Practices.EnterpriseLibrary.Common.Configuration.ObjectBuilder.EnterpriseLibraryFactory.BuildUp[T](IReadWriteLocator locator, String id, IConfigurationSource configurationSource)
   at Microsoft.Practices.EnterpriseLibrary.Common.Configuration.ObjectBuilder.LocatorNameTypeFactoryBase`1.Create(String name)
   at Microsoft.Practices.EnterpriseLibrary.ExceptionHandling.ExceptionPolicy.GetExceptionPolicy(Exception exception, String policyName)
   at Microsoft.Practices.EnterpriseLibrary.ExceptionHandling.ExceptionPolicy.HandleException(Exception exceptionToHandle, String policyName)
   at BrownShoe.ExceptionPolicy.HandleException(Exception exc) in e:\projects\brownshoe\unit_tests\product\src\BrownShoe\Libraries\Core\ExceptionPolicies.cs:line 117
   at BrownShoe.Madison.MadisonWebService.LocateStoresWithInventory(String postalCode, Int32 radius, String itemNumber, String itemSize, String itemWidth) in e:\projects\brownshoe\unit_tests\product\src\BrownShoe\Libraries\Services\Madison\MadisonWebService.cs:line 744
   at BrownShoe.UnitTests.Services.Madison.MadisonWebServiceTest.LocateStoresWithInventoryTest()
</stackTrace></errorInfo><traceInfo type="Microsoft.VisualStudio.TestTools.Common.TestExecutionTraceInformation"><trace type="System.Text.StringBuilder">Creating instance of class BrownShoe.UnitTests.Services.Madison.MadisonWebServiceTest.
Calling Test method BrownShoe.UnitTests.Services.Madison.MadisonWebServiceTest.Microsoft.VisualStudio.TestTools.TestTypes.Unit.TestMethod.
</trace></traceInfo><stdout type="System.String" /><stderr type="System.String" /><debugTrace type="System.String" /><workItemIds type="System.Collections.Generic.List`1[[System.Int32, mscorlib, Version=2.0.0.0, Culture=neutral, PublicKeyToken=b77a5c561934e089]]"><_size type="System.Int32">0</_size><_version type="System.Int32">1</_version></workItemIds><id type="Microsoft.VisualStudio.TestTools.Common.TestResultId"><runId type="System.Guid">3d9a8baa-b9cb-4717-8a94-3c6445344217</runId><executionId type="Microsoft.VisualStudio.TestTools.Common.TestExecId"><id type="System.Guid">f4926ce4-d577-4922-955a-2b167a090afb</id></executionId><parentExecId type="Microsoft.VisualStudio.TestTools.Common.TestExecId"><id type="System.Guid">00000000-0000-0000-0000-000000000000</id></parentExecId><testId type="Microsoft.VisualStudio.TestTools.Common.TestId"><id type="System.Guid">5db7e5b1-3d86-f91c-d166-a85922a4676a</id></testId></id><testName type="System.String">LocateStoresWithInventoryTest</testName><testType type="Microsoft.VisualStudio.TestTools.Common.TestType"><id type="System.Guid">13cdc9d9-ddb5-4fa4-a97d-d965ccfc6d4b</id></testType><messageKind type="Microsoft.VisualStudio.TestTools.Common.TestMessageKind"><value__ type="System.Int32">1</value__></messageKind><computerInfo type="Microsoft.VisualStudio.TestTools.Common.ComputerInfo"><m_computerName type="System.String">ECDATA-TFS01</m_computerName></computerInfo><duration type="System.TimeSpan">00:00:00.0153934</duration><startTime type="System.DateTime"><dateData type="System.UInt64">633673774998763276</dateData></startTime><endTime type="System.DateTime"><dateData type="System.UInt64">633673774998919536</dateData></endTime><spoolMessage type="System.Boolean">True</spoolMessage></UnitTestResult><UnitTestResult type="Microsoft.VisualStudio.TestTools.TestTypes.Unit.UnitTestResult, Microsoft.VisualStudio.QualityTools.Tips.UnitTest.ObjectModel, Version=8.0.0.0, Culture=neutral, PublicKeyToken=b03f5f7f11d50a3a"><resultType type="Microsoft.VisualStudio.TestTools.TestTypes.Unit.UnitTestResultType, Microsoft.VisualStudio.QualityTools.Tips.UnitTest.ObjectModel, Version=8.0.0.0, Culture=neutral, PublicKeyToken=b03f5f7f11d50a3a"><value__ type="System.Int32">0</value__></resultType><m_hasSufficientAccess type="System.Boolean">True</m_hasSufficientAccess><counters type="Microsoft.VisualStudio.TestTools.Common.TestResultCounter"><values type="System.Int32">0,0,0,0,0,0,0,0,0,0,0,0,0,0</values><total type="System.Int32">1</total></counters><categoryId type="Microsoft.VisualStudio.TestTools.Common.TestCategoryId"><id type="System.Guid">8c84fa94-04c1-424b-9868-57a2d4851a1d</id></categoryId><outcome type="Microsoft.VisualStudio.TestTools.Common.TestOutcome"><value__ type="System.Int32">1</value__></outcome><errorInfo type="Microsoft.VisualStudio.TestTools.Common.TestResultErrorInfo"><message type="System.String">Test method BrownShoe.UnitTests.Services.Madison.MadisonWebServiceTest.LocateStoresWithInventoryTestFailure threw exception:  System.Configuration.ConfigurationErrorsException: The type Microsoft.Practices.EnterpriseLibrary.ExceptionHandling.Logging.LoggingExceptionHandler, Microsoft.Practices.EnterpriseLibrary.ExceptionHandling.Logging, Version=2.0.0.0, Culture=neutral, PublicKeyToken=c834797fd9c628b4 from configuration could not be created. (E:\projects\brownshoe\unit_tests\product\srvtfs_ECDATA-TFS01 2009-01-12 11_17_41\Out\BrownShoe.UnitTests.DLL.config line 38).</message><stackTrace type="System.String">    at System.Configuration.BaseConfigurationRecord.EvaluateOne(String[] keys, SectionInput input, Boolean isTrusted, FactoryRecord factoryRecord, SectionRecord sectionRecord, Object parentResult)
   at System.Configuration.BaseConfigurationRecord.Evaluate(FactoryRecord factoryRecord, SectionRecord sectionRecord, Object parentResult, Boolean getLkg, Boolean getRuntimeObject, Object&amp; result, Object&amp; resultRuntimeObject)
   at System.Configuration.BaseConfigurationRecord.GetSectionRecursive(String configKey, Boolean getLkg, Boolean checkPermission, Boolean getRuntimeObject, Boolean requestIsHere, Object&amp; result, Object&amp; resultRuntimeObject)
   at System.Configuration.BaseConfigurationRecord.GetSectionRecursive(String configKey, Boolean getLkg, Boolean checkPermission, Boolean getRuntimeObject, Boolean requestIsHere, Object&amp; result, Object&amp; resultRuntimeObject)
   at System.Configuration.BaseConfigurationRecord.GetSectionRecursive(String configKey, Boolean getLkg, Boolean checkPermission, Boolean getRuntimeObject, Boolean requestIsHere, Object&amp; result, Object&amp; resultRuntimeObject)
   at System.Configuration.BaseConfigurationRecord.GetSection(String configKey, Boolean getLkg, Boolean checkPermission)
   at System.Configuration.BaseConfigurationRecord.GetSection(String configKey)
   at System.Configuration.ClientConfigurationSystem.System.Configuration.Internal.IInternalConfigSystem.GetSection(String sectionName)
   at System.Configuration.ConfigurationManager.GetSection(String sectionName)
   at Microsoft.Practices.EnterpriseLibrary.Common.Configuration.SystemConfigurationSourceImplementation.GetSection(String sectionName)
   at Microsoft.Practices.EnterpriseLibrary.Common.Configuration.SystemConfigurationSource.GetSection(String sectionName)
   at Microsoft.Practices.EnterpriseLibrary.ExceptionHandling.Configuration.ExceptionHandlingSettings.GetExceptionHandlingSettings(IConfigurationSource configurationSource)
   at Microsoft.Practices.EnterpriseLibrary.ExceptionHandling.ExceptionHandlingConfigurationView.get_ExceptionHandlingSettings()
   at Microsoft.Practices.EnterpriseLibrary.ExceptionHandling.ExceptionHandlingConfigurationView.GetExceptionPolicyData(String policyName)
   at Microsoft.Practices.EnterpriseLibrary.ExceptionHandling.ExceptionPolicyCustomFactory.GetConfiguration(String id, IConfigurationSource configurationSource)
   at Microsoft.Practices.EnterpriseLibrary.ExceptionHandling.ExceptionPolicyCustomFactory.CreateObject(IBuilderContext context, String name, IConfigurationSource configurationSource, ConfigurationReflectionCache reflectionCache)
   at Microsoft.Practices.EnterpriseLibrary.Common.Configuration.ObjectBuilder.ConfiguredObjectStrategy.BuildUp(IBuilderContext context, Type t, Object existing, String id)
   at Microsoft.Practices.ObjectBuilder.BuilderStrategy.BuildUp(IBuilderContext context, Type typeToBuild, Object existing, String idToBuild)
   at Microsoft.Practices.ObjectBuilder.SingletonStrategy.BuildUp(IBuilderContext context, Type typeToBuild, Object existing, String idToBuild)
   at Microsoft.Practices.ObjectBuilder.BuilderStrategy.BuildUp(IBuilderContext context, Type typeToBuild, Object existing, String idToBuild)
   at Microsoft.Practices.EnterpriseLibrary.Common.Configuration.ObjectBuilder.ConfigurationNameMappingStrategy.BuildUp(IBuilderContext context, Type t, Object existing, String id)
   at Microsoft.Practices.ObjectBuilder.BuilderBase`1.DoBuildUp(IReadWriteLocator locator, Type typeToBuild, String idToBuild, Object existing, PolicyList[] transientPolicies)
   at Microsoft.Practices.ObjectBuilder.BuilderBase`1.BuildUp(IReadWriteLocator locator, Type typeToBuild, String idToBuild, Object existing, PolicyList[] transientPolicies)
   at Microsoft.Practices.ObjectBuilder.BuilderBase`1.BuildUp[TTypeToBuild](IReadWriteLocator locator, String idToBuild, Object existing, PolicyList[] transientPolicies)
   at Microsoft.Practices.EnterpriseLibrary.Common.Configuration.ObjectBuilder.EnterpriseLibraryFactory.BuildUp[T](IReadWriteLocator locator, String id, IConfigurationSource configurationSource)
   at Microsoft.Practices.EnterpriseLibrary.Common.Configuration.ObjectBuilder.LocatorNameTypeFactoryBase`1.Create(String name)
   at Microsoft.Practices.EnterpriseLibrary.ExceptionHandling.ExceptionPolicy.GetExceptionPolicy(Exception exception, String policyName)
   at Microsoft.Practices.EnterpriseLibrary.ExceptionHandling.ExceptionPolicy.HandleException(Exception exceptionToHandle, String policyName)
   at BrownShoe.ExceptionPolicy.HandleException(Exception exc) in e:\projects\brownshoe\unit_tests\product\src\BrownShoe\Libraries\Core\ExceptionPolicies.cs:line 117
   at BrownShoe.Madison.MadisonWebService.LocateStoresWithInventory(String postalCode, Int32 radius, String itemNumber, String itemSize, String itemWidth) in e:\projects\brownshoe\unit_tests\product\src\BrownShoe\Libraries\Services\Madison\MadisonWebService.cs:line 744
   at BrownShoe.UnitTests.Services.Madison.MadisonWebServiceTest.LocateStoresWithInventoryTestFailure()
</stackTrace></errorInfo><traceInfo type="Microsoft.VisualStudio.TestTools.Common.TestExecutionTraceInformation"><trace type="System.Text.StringBuilder">Creating instance of class BrownShoe.UnitTests.Services.Madison.MadisonWebServiceTest.
Calling Test method BrownShoe.UnitTests.Services.Madison.MadisonWebServiceTest.Microsoft.VisualStudio.TestTools.TestTypes.Unit.TestMethod.
</trace></traceInfo><stdout type="System.String" /><stderr type="System.String" /><debugTrace type="System.String" /><workItemIds type="System.Collections.Generic.List`1[[System.Int32, mscorlib, Version=2.0.0.0, Culture=neutral, PublicKeyToken=b77a5c561934e089]]"><_size type="System.Int32">0</_size><_version type="System.Int32">1</_version></workItemIds><id type="Microsoft.VisualStudio.TestTools.Common.TestResultId"><runId type="System.Guid">3d9a8baa-b9cb-4717-8a94-3c6445344217</runId><executionId type="Microsoft.VisualStudio.TestTools.Common.TestExecId"><id type="System.Guid">58cc8e42-2238-4289-a910-53a8191abbac</id></executionId><parentExecId type="Microsoft.VisualStudio.TestTools.Common.TestExecId"><id type="System.Guid">00000000-0000-0000-0000-000000000000</id></parentExecId><testId type="Microsoft.VisualStudio.TestTools.Common.TestId"><id type="System.Guid">bfbc8961-61de-aaac-bf26-e930853df836</id></testId></id><testName type="System.String">LocateStoresWithInventoryTestFailure</testName><testType type="Microsoft.VisualStudio.TestTools.Common.TestType"><id type="System.Guid">13cdc9d9-ddb5-4fa4-a97d-d965ccfc6d4b</id></testType><messageKind type="Microsoft.VisualStudio.TestTools.Common.TestMessageKind"><value__ type="System.Int32">1</value__></messageKind><computerInfo type="Microsoft.VisualStudio.TestTools.Common.ComputerInfo"><m_computerName type="System.String">ECDATA-TFS01</m_computerName></computerInfo><duration type="System.TimeSpan">00:00:00.0128781</duration><startTime type="System.DateTime"><dateData type="System.UInt64">633673774998919536</dateData></startTime><endTime type="System.DateTime"><dateData type="System.UInt64">633673774999075796</dateData></endTime><spoolMessage type="System.Boolean">True</spoolMessage></UnitTestResult><UnitTestResult type="Microsoft.VisualStudio.TestTools.TestTypes.Unit.UnitTestResult, Microsoft.VisualStudio.QualityTools.Tips.UnitTest.ObjectModel, Version=8.0.0.0, Culture=neutral, PublicKeyToken=b03f5f7f11d50a3a"><resultType type="Microsoft.VisualStudio.TestTools.TestTypes.Unit.UnitTestResultType, Microsoft.VisualStudio.QualityTools.Tips.UnitTest.ObjectModel, Version=8.0.0.0, Culture=neutral, PublicKeyToken=b03f5f7f11d50a3a"><value__ type="System.Int32">0</value__></resultType><m_hasSufficientAccess type="System.Boolean">True</m_hasSufficientAccess><counters type="Microsoft.VisualStudio.TestTools.Common.TestResultCounter"><values type="System.Int32">0,0,0,0,0,0,0,0,0,0,0,0,0,0</values><total type="System.Int32">1</total></counters><categoryId type="Microsoft.VisualStudio.TestTools.Common.TestCategoryId"><id type="System.Guid">8c84fa94-04c1-424b-9868-57a2d4851a1d</id></categoryId><outcome type="Microsoft.VisualStudio.TestTools.Common.TestOutcome"><value__ type="System.Int32">1</value__></outcome><errorInfo type="Microsoft.VisualStudio.TestTools.Common.TestResultErrorInfo"><message type="System.String">Test method BrownShoe.UnitTests.Services.Madison.MadisonWebServiceTest.VerifyMemberPromotionCodeTest threw exception:  System.Configuration.ConfigurationErrorsException: The type Microsoft.Practices.EnterpriseLibrary.ExceptionHandling.Logging.LoggingExceptionHandler, Microsoft.Practices.EnterpriseLibrary.ExceptionHandling.Logging, Version=2.0.0.0, Culture=neutral, PublicKeyToken=c834797fd9c628b4 from configuration could not be created. (E:\projects\brownshoe\unit_tests\product\srvtfs_ECDATA-TFS01 2009-01-12 11_17_41\Out\BrownShoe.UnitTests.DLL.config line 38).</message><stackTrace type="System.String">    at System.Configuration.BaseConfigurationRecord.EvaluateOne(String[] keys, SectionInput input, Boolean isTrusted, FactoryRecord factoryRecord, SectionRecord sectionRecord, Object parentResult)
   at System.Configuration.BaseConfigurationRecord.Evaluate(FactoryRecord factoryRecord, SectionRecord sectionRecord, Object parentResult, Boolean getLkg, Boolean getRuntimeObject, Object&amp; result, Object&amp; resultRuntimeObject)
   at System.Configuration.BaseConfigurationRecord.GetSectionRecursive(String configKey, Boolean getLkg, Boolean checkPermission, Boolean getRuntimeObject, Boolean requestIsHere, Object&amp; result, Object&amp; resultRuntimeObject)
   at System.Configuration.BaseConfigurationRecord.GetSectionRecursive(String configKey, Boolean getLkg, Boolean checkPermission, Boolean getRuntimeObject, Boolean requestIsHere, Object&amp; result, Object&amp; resultRuntimeObject)
   at System.Configuration.BaseConfigurationRecord.GetSectionRecursive(String configKey, Boolean getLkg, Boolean checkPermission, Boolean getRuntimeObject, Boolean requestIsHere, Object&amp; result, Object&amp; resultRuntimeObject)
   at System.Configuration.BaseConfigurationRecord.GetSection(String configKey, Boolean getLkg, Boolean checkPermission)
   at System.Configuration.BaseConfigurationRecord.GetSection(String configKey)
   at System.Configuration.ClientConfigurationSystem.System.Configuration.Internal.IInternalConfigSystem.GetSection(String sectionName)
   at System.Configuration.ConfigurationManager.GetSection(String sectionName)
   at Microsoft.Practices.EnterpriseLibrary.Common.Configuration.SystemConfigurationSourceImplementation.GetSection(String sectionName)
   at Microsoft.Practices.EnterpriseLibrary.Common.Configuration.SystemConfigurationSource.GetSection(String sectionName)
   at Microsoft.Practices.EnterpriseLibrary.ExceptionHandling.Configuration.ExceptionHandlingSettings.GetExceptionHandlingSettings(IConfigurationSource configurationSource)
   at Microsoft.Practices.EnterpriseLibrary.ExceptionHandling.ExceptionHandlingConfigurationView.get_ExceptionHandlingSettings()
   at Microsoft.Practices.EnterpriseLibrary.ExceptionHandling.ExceptionHandlingConfigurationView.GetExceptionPolicyData(String policyName)
   at Microsoft.Practices.EnterpriseLibrary.ExceptionHandling.ExceptionPolicyCustomFactory.GetConfiguration(String id, IConfigurationSource configurationSource)
   at Microsoft.Practices.EnterpriseLibrary.ExceptionHandling.ExceptionPolicyCustomFactory.CreateObject(IBuilderContext context, String name, IConfigurationSource configurationSource, ConfigurationReflectionCache reflectionCache)
   at Microsoft.Practices.EnterpriseLibrary.Common.Configuration.ObjectBuilder.ConfiguredObjectStrategy.BuildUp(IBuilderContext context, Type t, Object existing, String id)
   at Microsoft.Practices.ObjectBuilder.BuilderStrategy.BuildUp(IBuilderContext context, Type typeToBuild, Object existing, String idToBuild)
   at Microsoft.Practices.ObjectBuilder.SingletonStrategy.BuildUp(IBuilderContext context, Type typeToBuild, Object existing, String idToBuild)
   at Microsoft.Practices.ObjectBuilder.BuilderStrategy.BuildUp(IBuilderContext context, Type typeToBuild, Object existing, String idToBuild)
   at Microsoft.Practices.EnterpriseLibrary.Common.Configuration.ObjectBuilder.ConfigurationNameMappingStrategy.BuildUp(IBuilderContext context, Type t, Object existing, String id)
   at Microsoft.Practices.ObjectBuilder.BuilderBase`1.DoBuildUp(IReadWriteLocator locator, Type typeToBuild, String idToBuild, Object existing, PolicyList[] transientPolicies)
   at Microsoft.Practices.ObjectBuilder.BuilderBase`1.BuildUp(IReadWriteLocator locator, Type typeToBuild, String idToBuild, Object existing, PolicyList[] transientPolicies)
   at Microsoft.Practices.ObjectBuilder.BuilderBase`1.BuildUp[TTypeToBuild](IReadWriteLocator locator, String idToBuild, Object existing, PolicyList[] transientPolicies)
   at Microsoft.Practices.EnterpriseLibrary.Common.Configuration.ObjectBuilder.EnterpriseLibraryFactory.BuildUp[T](IReadWriteLocator locator, String id, IConfigurationSource configurationSource)
   at Microsoft.Practices.EnterpriseLibrary.Common.Configuration.ObjectBuilder.LocatorNameTypeFactoryBase`1.Create(String name)
   at Microsoft.Practices.EnterpriseLibrary.ExceptionHandling.ExceptionPolicy.GetExceptionPolicy(Exception exception, String policyName)
   at Microsoft.Practices.EnterpriseLibrary.ExceptionHandling.ExceptionPolicy.HandleException(Exception exceptionToHandle, String policyName)
   at BrownShoe.ExceptionPolicy.HandleException(Exception exc) in e:\projects\brownshoe\unit_tests\product\src\BrownShoe\Libraries\Core\ExceptionPolicies.cs:line 117
   at BrownShoe.Madison.MadisonWebService.VerifyMemberPromotionCode(String memberNumber, String promotionCode) in e:\projects\brownshoe\unit_tests\product\src\BrownShoe\Libraries\Services\Madison\MadisonWebService.cs:line 350
   at BrownShoe.UnitTests.Services.Madison.MadisonWebServiceTest.VerifyMemberPromotionCodeTest()
</stackTrace></errorInfo><traceInfo type="Microsoft.VisualStudio.TestTools.Common.TestExecutionTraceInformation"><trace type="System.Text.StringBuilder">Creating instance of class BrownShoe.UnitTests.Services.Madison.MadisonWebServiceTest.
Calling Test method BrownShoe.UnitTests.Services.Madison.MadisonWebServiceTest.Microsoft.VisualStudio.TestTools.TestTypes.Unit.TestMethod.
</trace></traceInfo><stdout type="System.String" /><stderr type="System.String" /><debugTrace type="System.String" /><workItemIds type="System.Collections.Generic.List`1[[System.Int32, mscorlib, Version=2.0.0.0, Culture=neutral, PublicKeyToken=b77a5c561934e089]]"><_size type="System.Int32">0</_size><_version type="System.Int32">1</_version></workItemIds><id type="Microsoft.VisualStudio.TestTools.Common.TestResultId"><runId type="System.Guid">3d9a8baa-b9cb-4717-8a94-3c6445344217</runId><executionId type="Microsoft.VisualStudio.TestTools.Common.TestExecId"><id type="System.Guid">25fb44b4-b5a2-407a-a96d-f23b91b98b39</id></executionId><parentExecId type="Microsoft.VisualStudio.TestTools.Common.TestExecId"><id type="System.Guid">00000000-0000-0000-0000-000000000000</id></parentExecId><testId type="Microsoft.VisualStudio.TestTools.Common.TestId"><id type="System.Guid">d98f4b5c-813a-6718-37f3-e649ccaa80e1</id></testId></id><testName type="System.String">VerifyMemberPromotionCodeTest</testName><testType type="Microsoft.VisualStudio.TestTools.Common.TestType"><id type="System.Guid">13cdc9d9-ddb5-4fa4-a97d-d965ccfc6d4b</id></testType><messageKind type="Microsoft.VisualStudio.TestTools.Common.TestMessageKind"><value__ type="System.Int32">1</value__></messageKind><computerInfo type="Microsoft.VisualStudio.TestTools.Common.ComputerInfo"><m_computerName type="System.String">ECDATA-TFS01</m_computerName></computerInfo><duration type="System.TimeSpan">00:00:00.0135373</duration><startTime type="System.DateTime"><dateData type="System.UInt64">633673774999075796</dateData></startTime><endTime type="System.DateTime"><dateData type="System.UInt64">633673774999388316</dateData></endTime><spoolMessage type="System.Boolean">True</spoolMessage></UnitTestResult><UnitTestResult type="Microsoft.VisualStudio.TestTools.TestTypes.Unit.UnitTestResult, Microsoft.VisualStudio.QualityTools.Tips.UnitTest.ObjectModel, Version=8.0.0.0, Culture=neutral, PublicKeyToken=b03f5f7f11d50a3a"><resultType type="Microsoft.VisualStudio.TestTools.TestTypes.Unit.UnitTestResultType, Microsoft.VisualStudio.QualityTools.Tips.UnitTest.ObjectModel, Version=8.0.0.0, Culture=neutral, PublicKeyToken=b03f5f7f11d50a3a"><value__ type="System.Int32">0</value__></resultType><m_hasSufficientAccess type="System.Boolean">True</m_hasSufficientAccess><counters type="Microsoft.VisualStudio.TestTools.Common.TestResultCounter"><values type="System.Int32">0,0,0,0,0,0,0,0,0,0,0,0,0,0</values><total type="System.Int32">1</total></counters><categoryId type="Microsoft.VisualStudio.TestTools.Common.TestCategoryId"><id type="System.Guid">8c84fa94-04c1-424b-9868-57a2d4851a1d</id></categoryId><outcome type="Microsoft.VisualStudio.TestTools.Common.TestOutcome"><value__ type="System.Int32">10</value__></outcome><traceInfo type="Microsoft.VisualStudio.TestTools.Common.TestExecutionTraceInformation"><trace type="System.Text.StringBuilder">Creating instance of class BrownShoe.UnitTests.Services.Madison.MadisonWebServiceTest.
Calling Test method BrownShoe.UnitTests.Services.Madison.MadisonWebServiceTest.Microsoft.VisualStudio.TestTools.TestTypes.Unit.TestMethod.
</trace></traceInfo><stdout type="System.String" /><stderr type="System.String" /><debugTrace type="System.String" /><workItemIds type="System.Collections.Generic.List`1[[System.Int32, mscorlib, Version=2.0.0.0, Culture=neutral, PublicKeyToken=b77a5c561934e089]]"><_size type="System.Int32">0</_size><_version type="System.Int32">1</_version></workItemIds><id type="Microsoft.VisualStudio.TestTools.Common.TestResultId"><runId type="System.Guid">3d9a8baa-b9cb-4717-8a94-3c6445344217</runId><executionId type="Microsoft.VisualStudio.TestTools.Common.TestExecId"><id type="System.Guid">1a9778a5-eda2-40e5-a6c7-d818aea993dd</id></executionId><parentExecId type="Microsoft.VisualStudio.TestTools.Common.TestExecId"><id type="System.Guid">00000000-0000-0000-0000-000000000000</id></parentExecId><testId type="Microsoft.VisualStudio.TestTools.Common.TestId"><id type="System.Guid">f531b084-ea76-6ed1-28a3-f05d38edff6a</id></testId></id><testName type="System.String">VerifyMemberPromotionCodeTestFailure</testName><testType type="Microsoft.VisualStudio.TestTools.Common.TestType"><id type="System.Guid">13cdc9d9-ddb5-4fa4-a97d-d965ccfc6d4b</id></testType><messageKind type="Microsoft.VisualStudio.TestTools.Common.TestMessageKind"><value__ type="System.Int32">1</value__></messageKind><computerInfo type="Microsoft.VisualStudio.TestTools.Common.ComputerInfo"><m_computerName type="System.String">ECDATA-TFS01</m_computerName></computerInfo><duration type="System.TimeSpan">00:00:00.0002132</duration><startTime type="System.DateTime"><dateData type="System.UInt64">633673774999388316</dateData></startTime><endTime type="System.DateTime"><dateData type="System.UInt64">633673774999388316</dateData></endTime><spoolMessage type="System.Boolean">True</spoolMessage></UnitTestResult><UnitTestResult type="Microsoft.VisualStudio.TestTools.TestTypes.Unit.UnitTestResult, Microsoft.VisualStudio.QualityTools.Tips.UnitTest.ObjectModel, Version=8.0.0.0, Culture=neutral, PublicKeyToken=b03f5f7f11d50a3a"><resultType type="Microsoft.VisualStudio.TestTools.TestTypes.Unit.UnitTestResultType, Microsoft.VisualStudio.QualityTools.Tips.UnitTest.ObjectModel, Version=8.0.0.0, Culture=neutral, PublicKeyToken=b03f5f7f11d50a3a"><value__ type="System.Int32">0</value__></resultType><m_hasSufficientAccess type="System.Boolean">True</m_hasSufficientAccess><counters type="Microsoft.VisualStudio.TestTools.Common.TestResultCounter"><values type="System.Int32">0,0,0,0,0,0,0,0,0,0,0,0,0,0</values><total type="System.Int32">1</total></counters><categoryId type="Microsoft.VisualStudio.TestTools.Common.TestCategoryId"><id type="System.Guid">8c84fa94-04c1-424b-9868-57a2d4851a1d</id></categoryId><outcome type="Microsoft.VisualStudio.TestTools.Common.TestOutcome"><value__ type="System.Int32">1</value__></outcome><errorInfo type="Microsoft.VisualStudio.TestTools.Common.TestResultErrorInfo"><message type="System.String">Test method BrownShoe.UnitTests.Services.Madison.MadisonWebServiceTest.VerifyRewardsMemberTest threw exception:  System.Configuration.ConfigurationErrorsException: The type Microsoft.Practices.EnterpriseLibrary.ExceptionHandling.Logging.LoggingExceptionHandler, Microsoft.Practices.EnterpriseLibrary.ExceptionHandling.Logging, Version=2.0.0.0, Culture=neutral, PublicKeyToken=c834797fd9c628b4 from configuration could not be created. (E:\projects\brownshoe\unit_tests\product\srvtfs_ECDATA-TFS01 2009-01-12 11_17_41\Out\BrownShoe.UnitTests.DLL.config line 38).</message><stackTrace type="System.String">    at System.Configuration.BaseConfigurationRecord.EvaluateOne(String[] keys, SectionInput input, Boolean isTrusted, FactoryRecord factoryRecord, SectionRecord sectionRecord, Object parentResult)
   at System.Configuration.BaseConfigurationRecord.Evaluate(FactoryRecord factoryRecord, SectionRecord sectionRecord, Object parentResult, Boolean getLkg, Boolean getRuntimeObject, Object&amp; result, Object&amp; resultRuntimeObject)
   at System.Configuration.BaseConfigurationRecord.GetSectionRecursive(String configKey, Boolean getLkg, Boolean checkPermission, Boolean getRuntimeObject, Boolean requestIsHere, Object&amp; result, Object&amp; resultRuntimeObject)
   at System.Configuration.BaseConfigurationRecord.GetSectionRecursive(String configKey, Boolean getLkg, Boolean checkPermission, Boolean getRuntimeObject, Boolean requestIsHere, Object&amp; result, Object&amp; resultRuntimeObject)
   at System.Configuration.BaseConfigurationRecord.GetSectionRecursive(String configKey, Boolean getLkg, Boolean checkPermission, Boolean getRuntimeObject, Boolean requestIsHere, Object&amp; result, Object&amp; resultRuntimeObject)
   at System.Configuration.BaseConfigurationRecord.GetSection(String configKey, Boolean getLkg, Boolean checkPermission)
   at System.Configuration.BaseConfigurationRecord.GetSection(String configKey)
   at System.Configuration.ClientConfigurationSystem.System.Configuration.Internal.IInternalConfigSystem.GetSection(String sectionName)
   at System.Configuration.ConfigurationManager.GetSection(String sectionName)
   at Microsoft.Practices.EnterpriseLibrary.Common.Configuration.SystemConfigurationSourceImplementation.GetSection(String sectionName)
   at Microsoft.Practices.EnterpriseLibrary.Common.Configuration.SystemConfigurationSource.GetSection(String sectionName)
   at Microsoft.Practices.EnterpriseLibrary.ExceptionHandling.Configuration.ExceptionHandlingSettings.GetExceptionHandlingSettings(IConfigurationSource configurationSource)
   at Microsoft.Practices.EnterpriseLibrary.ExceptionHandling.ExceptionHandlingConfigurationView.get_ExceptionHandlingSettings()
   at Microsoft.Practices.EnterpriseLibrary.ExceptionHandling.ExceptionHandlingConfigurationView.GetExceptionPolicyData(String policyName)
   at Microsoft.Practices.EnterpriseLibrary.ExceptionHandling.ExceptionPolicyCustomFactory.GetConfiguration(String id, IConfigurationSource configurationSource)
   at Microsoft.Practices.EnterpriseLibrary.ExceptionHandling.ExceptionPolicyCustomFactory.CreateObject(IBuilderContext context, String name, IConfigurationSource configurationSource, ConfigurationReflectionCache reflectionCache)
   at Microsoft.Practices.EnterpriseLibrary.Common.Configuration.ObjectBuilder.ConfiguredObjectStrategy.BuildUp(IBuilderContext context, Type t, Object existing, String id)
   at Microsoft.Practices.ObjectBuilder.BuilderStrategy.BuildUp(IBuilderContext context, Type typeToBuild, Object existing, String idToBuild)
   at Microsoft.Practices.ObjectBuilder.SingletonStrategy.BuildUp(IBuilderContext context, Type typeToBuild, Object existing, String idToBuild)
   at Microsoft.Practices.ObjectBuilder.BuilderStrategy.BuildUp(IBuilderContext context, Type typeToBuild, Object existing, String idToBuild)
   at Microsoft.Practices.EnterpriseLibrary.Common.Configuration.ObjectBuilder.ConfigurationNameMappingStrategy.BuildUp(IBuilderContext context, Type t, Object existing, String id)
   at Microsoft.Practices.ObjectBuilder.BuilderBase`1.DoBuildUp(IReadWriteLocator locator, Type typeToBuild, String idToBuild, Object existing, PolicyList[] transientPolicies)
   at Microsoft.Practices.ObjectBuilder.BuilderBase`1.BuildUp(IReadWriteLocator locator, Type typeToBuild, String idToBuild, Object existing, PolicyList[] transientPolicies)
   at Microsoft.Practices.ObjectBuilder.BuilderBase`1.BuildUp[TTypeToBuild](IReadWriteLocator locator, String idToBuild, Object existing, PolicyList[] transientPolicies)
   at Microsoft.Practices.EnterpriseLibrary.Common.Configuration.ObjectBuilder.EnterpriseLibraryFactory.BuildUp[T](IReadWriteLocator locator, String id, IConfigurationSource configurationSource)
   at Microsoft.Practices.EnterpriseLibrary.Common.Configuration.ObjectBuilder.LocatorNameTypeFactoryBase`1.Create(String name)
   at Microsoft.Practices.EnterpriseLibrary.ExceptionHandling.ExceptionPolicy.GetExceptionPolicy(Exception exception, String policyName)
   at Microsoft.Practices.EnterpriseLibrary.ExceptionHandling.ExceptionPolicy.HandleException(Exception exceptionToHandle, String policyName)
   at BrownShoe.ExceptionPolicy.HandleException(Exception exc) in e:\projects\brownshoe\unit_tests\product\src\BrownShoe\Libraries\Core\ExceptionPolicies.cs:line 117
   at BrownShoe.Madison.MadisonWebService.VerifyRewardsMember(String memberNumber, String memberLastName) in e:\projects\brownshoe\unit_tests\product\src\BrownShoe\Libraries\Services\Madison\MadisonWebService.cs:line 237
   at BrownShoe.UnitTests.Services.Madison.MadisonWebServiceTest.VerifyRewardsMemberTest()
</stackTrace></errorInfo><traceInfo type="Microsoft.VisualStudio.TestTools.Common.TestExecutionTraceInformation"><trace type="System.Text.StringBuilder">Creating instance of class BrownShoe.UnitTests.Services.Madison.MadisonWebServiceTest.
Calling Test method BrownShoe.UnitTests.Services.Madison.MadisonWebServiceTest.Microsoft.VisualStudio.TestTools.TestTypes.Unit.TestMethod.
</trace></traceInfo><stdout type="System.String" /><stderr type="System.String" /><debugTrace type="System.String" /><workItemIds type="System.Collections.Generic.List`1[[System.Int32, mscorlib, Version=2.0.0.0, Culture=neutral, PublicKeyToken=b77a5c561934e089]]"><_size type="System.Int32">0</_size><_version type="System.Int32">1</_version></workItemIds><id type="Microsoft.VisualStudio.TestTools.Common.TestResultId"><runId type="System.Guid">3d9a8baa-b9cb-4717-8a94-3c6445344217</runId><executionId type="Microsoft.VisualStudio.TestTools.Common.TestExecId"><id type="System.Guid">3f3e30d4-1c72-4b78-b53d-e4984d7fbf28</id></executionId><parentExecId type="Microsoft.VisualStudio.TestTools.Common.TestExecId"><id type="System.Guid">00000000-0000-0000-0000-000000000000</id></parentExecId><testId type="Microsoft.VisualStudio.TestTools.Common.TestId"><id type="System.Guid">14b5f40b-baea-93e4-c768-69e13f70fac2</id></testId></id><testName type="System.String">VerifyRewardsMemberTest</testName><testType type="Microsoft.VisualStudio.TestTools.Common.TestType"><id type="System.Guid">13cdc9d9-ddb5-4fa4-a97d-d965ccfc6d4b</id></testType><messageKind type="Microsoft.VisualStudio.TestTools.Common.TestMessageKind"><value__ type="System.Int32">1</value__></messageKind><computerInfo type="Microsoft.VisualStudio.TestTools.Common.ComputerInfo"><m_computerName type="System.String">ECDATA-TFS01</m_computerName></computerInfo><duration type="System.TimeSpan">00:00:00.0155511</duration><startTime type="System.DateTime"><dateData type="System.UInt64">633673774999388316</dateData></startTime><endTime type="System.DateTime"><dateData type="System.UInt64">633673774999544576</dateData></endTime><spoolMessage type="System.Boolean">True</spoolMessage></UnitTestResult><UnitTestResult type="Microsoft.VisualStudio.TestTools.TestTypes.Unit.UnitTestResult, Microsoft.VisualStudio.QualityTools.Tips.UnitTest.ObjectModel, Version=8.0.0.0, Culture=neutral, PublicKeyToken=b03f5f7f11d50a3a"><resultType type="Microsoft.VisualStudio.TestTools.TestTypes.Unit.UnitTestResultType, Microsoft.VisualStudio.QualityTools.Tips.UnitTest.ObjectModel, Version=8.0.0.0, Culture=neutral, PublicKeyToken=b03f5f7f11d50a3a"><value__ type="System.Int32">0</value__></resultType><m_hasSufficientAccess type="System.Boolean">True</m_hasSufficientAccess><counters type="Microsoft.VisualStudio.TestTools.Common.TestResultCounter"><values type="System.Int32">0,0,0,0,0,0,0,0,0,0,0,0,0,0</values><total type="System.Int32">1</total></counters><categoryId type="Microsoft.VisualStudio.TestTools.Common.TestCategoryId"><id type="System.Guid">8c84fa94-04c1-424b-9868-57a2d4851a1d</id></categoryId><outcome type="Microsoft.VisualStudio.TestTools.Common.TestOutcome"><value__ type="System.Int32">10</value__></outcome><traceInfo type="Microsoft.VisualStudio.TestTools.Common.TestExecutionTraceInformation"><trace type="System.Text.StringBuilder">Creating instance of class BrownShoe.UnitTests.Services.Madison.MadisonWebServiceTest.
Calling Test method BrownShoe.UnitTests.Services.Madison.MadisonWebServiceTest.Microsoft.VisualStudio.TestTools.TestTypes.Unit.TestMethod.
</trace></traceInfo><stdout type="System.String" /><stderr type="System.String" /><debugTrace type="System.String" /><workItemIds type="System.Collections.Generic.List`1[[System.Int32, mscorlib, Version=2.0.0.0, Culture=neutral, PublicKeyToken=b77a5c561934e089]]"><_size type="System.Int32">0</_size><_version type="System.Int32">1</_version></workItemIds><id type="Microsoft.VisualStudio.TestTools.Common.TestResultId"><runId type="System.Guid">3d9a8baa-b9cb-4717-8a94-3c6445344217</runId><executionId type="Microsoft.VisualStudio.TestTools.Common.TestExecId"><id type="System.Guid">d4fb9966-fa99-4423-8a29-adc70f569394</id></executionId><parentExecId type="Microsoft.VisualStudio.TestTools.Common.TestExecId"><id type="System.Guid">00000000-0000-0000-0000-000000000000</id></parentExecId><testId type="Microsoft.VisualStudio.TestTools.Common.TestId"><id type="System.Guid">c513ab54-bcc0-3d95-6c57-41b9431a6d3b</id></testId></id><testName type="System.String">VerifyRewardsMemberTestFailure</testName><testType type="Microsoft.VisualStudio.TestTools.Common.TestType"><id type="System.Guid">13cdc9d9-ddb5-4fa4-a97d-d965ccfc6d4b</id></testType><messageKind type="Microsoft.VisualStudio.TestTools.Common.TestMessageKind"><value__ type="System.Int32">1</value__></messageKind><computerInfo type="Microsoft.VisualStudio.TestTools.Common.ComputerInfo"><m_computerName type="System.String">ECDATA-TFS01</m_computerName></computerInfo><duration type="System.TimeSpan">00:00:00.0002368</duration><startTime type="System.DateTime"><dateData type="System.UInt64">633673774999544576</dateData></startTime><endTime type="System.DateTime"><dateData type="System.UInt64">633673774999700836</dateData></endTime><spoolMessage type="System.Boolean">True</spoolMessage></UnitTestResult><UnitTestResult type="Microsoft.VisualStudio.TestTools.TestTypes.Unit.UnitTestResult, Microsoft.VisualStudio.QualityTools.Tips.UnitTest.ObjectModel, Version=8.0.0.0, Culture=neutral, PublicKeyToken=b03f5f7f11d50a3a"><resultType type="Microsoft.VisualStudio.TestTools.TestTypes.Unit.UnitTestResultType, Microsoft.VisualStudio.QualityTools.Tips.UnitTest.ObjectModel, Version=8.0.0.0, Culture=neutral, PublicKeyToken=b03f5f7f11d50a3a"><value__ type="System.Int32">0</value__></resultType><m_hasSufficientAccess type="System.Boolean">True</m_hasSufficientAccess><counters type="Microsoft.VisualStudio.TestTools.Common.TestResultCounter"><values type="System.Int32">0,0,0,0,0,0,0,0,0,0,0,0,0,0</values><total type="System.Int32">1</total></counters><categoryId type="Microsoft.VisualStudio.TestTools.Common.TestCategoryId"><id type="System.Guid">8c84fa94-04c1-424b-9868-57a2d4851a1d</id></categoryId><outcome type="Microsoft.VisualStudio.TestTools.Common.TestOutcome"><value__ type="System.Int32">1</value__></outcome><errorInfo type="Microsoft.VisualStudio.TestTools.Common.TestResultErrorInfo"><message type="System.String">Test method BrownShoe.UnitTests.Services.Madison.MadisonWebServiceTest.VerifyRewardsNumberTest threw exception:  System.Configuration.ConfigurationErrorsException: The type Microsoft.Practices.EnterpriseLibrary.ExceptionHandling.Logging.LoggingExceptionHandler, Microsoft.Practices.EnterpriseLibrary.ExceptionHandling.Logging, Version=2.0.0.0, Culture=neutral, PublicKeyToken=c834797fd9c628b4 from configuration could not be created. (E:\projects\brownshoe\unit_tests\product\srvtfs_ECDATA-TFS01 2009-01-12 11_17_41\Out\BrownShoe.UnitTests.DLL.config line 38).</message><stackTrace type="System.String">    at System.Configuration.BaseConfigurationRecord.EvaluateOne(String[] keys, SectionInput input, Boolean isTrusted, FactoryRecord factoryRecord, SectionRecord sectionRecord, Object parentResult)
   at System.Configuration.BaseConfigurationRecord.Evaluate(FactoryRecord factoryRecord, SectionRecord sectionRecord, Object parentResult, Boolean getLkg, Boolean getRuntimeObject, Object&amp; result, Object&amp; resultRuntimeObject)
   at System.Configuration.BaseConfigurationRecord.GetSectionRecursive(String configKey, Boolean getLkg, Boolean checkPermission, Boolean getRuntimeObject, Boolean requestIsHere, Object&amp; result, Object&amp; resultRuntimeObject)
   at System.Configuration.BaseConfigurationRecord.GetSectionRecursive(String configKey, Boolean getLkg, Boolean checkPermission, Boolean getRuntimeObject, Boolean requestIsHere, Object&amp; result, Object&amp; resultRuntimeObject)
   at System.Configuration.BaseConfigurationRecord.GetSectionRecursive(String configKey, Boolean getLkg, Boolean checkPermission, Boolean getRuntimeObject, Boolean requestIsHere, Object&amp; result, Object&amp; resultRuntimeObject)
   at System.Configuration.BaseConfigurationRecord.GetSection(String configKey, Boolean getLkg, Boolean checkPermission)
   at System.Configuration.BaseConfigurationRecord.GetSection(String configKey)
   at System.Configuration.ClientConfigurationSystem.System.Configuration.Internal.IInternalConfigSystem.GetSection(String sectionName)
   at System.Configuration.ConfigurationManager.GetSection(String sectionName)
   at Microsoft.Practices.EnterpriseLibrary.Common.Configuration.SystemConfigurationSourceImplementation.GetSection(String sectionName)
   at Microsoft.Practices.EnterpriseLibrary.Common.Configuration.SystemConfigurationSource.GetSection(String sectionName)
   at Microsoft.Practices.EnterpriseLibrary.ExceptionHandling.Configuration.ExceptionHandlingSettings.GetExceptionHandlingSettings(IConfigurationSource configurationSource)
   at Microsoft.Practices.EnterpriseLibrary.ExceptionHandling.ExceptionHandlingConfigurationView.get_ExceptionHandlingSettings()
   at Microsoft.Practices.EnterpriseLibrary.ExceptionHandling.ExceptionHandlingConfigurationView.GetExceptionPolicyData(String policyName)
   at Microsoft.Practices.EnterpriseLibrary.ExceptionHandling.ExceptionPolicyCustomFactory.GetConfiguration(String id, IConfigurationSource configurationSource)
   at Microsoft.Practices.EnterpriseLibrary.ExceptionHandling.ExceptionPolicyCustomFactory.CreateObject(IBuilderContext context, String name, IConfigurationSource configurationSource, ConfigurationReflectionCache reflectionCache)
   at Microsoft.Practices.EnterpriseLibrary.Common.Configuration.ObjectBuilder.ConfiguredObjectStrategy.BuildUp(IBuilderContext context, Type t, Object existing, String id)
   at Microsoft.Practices.ObjectBuilder.BuilderStrategy.BuildUp(IBuilderContext context, Type typeToBuild, Object existing, String idToBuild)
   at Microsoft.Practices.ObjectBuilder.SingletonStrategy.BuildUp(IBuilderContext context, Type typeToBuild, Object existing, String idToBuild)
   at Microsoft.Practices.ObjectBuilder.BuilderStrategy.BuildUp(IBuilderContext context, Type typeToBuild, Object existing, String idToBuild)
   at Microsoft.Practices.EnterpriseLibrary.Common.Configuration.ObjectBuilder.ConfigurationNameMappingStrategy.BuildUp(IBuilderContext context, Type t, Object existing, String id)
   at Microsoft.Practices.ObjectBuilder.BuilderBase`1.DoBuildUp(IReadWriteLocator locator, Type typeToBuild, String idToBuild, Object existing, PolicyList[] transientPolicies)
   at Microsoft.Practices.ObjectBuilder.BuilderBase`1.BuildUp(IReadWriteLocator locator, Type typeToBuild, String idToBuild, Object existing, PolicyList[] transientPolicies)
   at Microsoft.Practices.ObjectBuilder.BuilderBase`1.BuildUp[TTypeToBuild](IReadWriteLocator locator, String idToBuild, Object existing, PolicyList[] transientPolicies)
   at Microsoft.Practices.EnterpriseLibrary.Common.Configuration.ObjectBuilder.EnterpriseLibraryFactory.BuildUp[T](IReadWriteLocator locator, String id, IConfigurationSource configurationSource)
   at Microsoft.Practices.EnterpriseLibrary.Common.Configuration.ObjectBuilder.LocatorNameTypeFactoryBase`1.Create(String name)
   at Microsoft.Practices.EnterpriseLibrary.ExceptionHandling.ExceptionPolicy.GetExceptionPolicy(Exception exception, String policyName)
   at Microsoft.Practices.EnterpriseLibrary.ExceptionHandling.ExceptionPolicy.HandleException(Exception exceptionToHandle, String policyName)
   at BrownShoe.ExceptionPolicy.HandleException(Exception exc) in e:\projects\brownshoe\unit_tests\product\src\BrownShoe\Libraries\Core\ExceptionPolicies.cs:line 117
   at BrownShoe.Madison.MadisonWebService.VerifyRewardsNumber(String memberNumber) in e:\projects\brownshoe\unit_tests\product\src\BrownShoe\Libraries\Services\Madison\MadisonWebService.cs:line 864
   at BrownShoe.UnitTests.Services.Madison.MadisonWebServiceTest.VerifyRewardsNumberTest()
</stackTrace></errorInfo><traceInfo type="Microsoft.VisualStudio.TestTools.Common.TestExecutionTraceInformation"><trace type="System.Text.StringBuilder">Creating instance of class BrownShoe.UnitTests.Services.Madison.MadisonWebServiceTest.
Calling Test method BrownShoe.UnitTests.Services.Madison.MadisonWebServiceTest.Microsoft.VisualStudio.TestTools.TestTypes.Unit.TestMethod.
</trace></traceInfo><stdout type="System.String" /><stderr type="System.String" /><debugTrace type="System.String" /><workItemIds type="System.Collections.Generic.List`1[[System.Int32, mscorlib, Version=2.0.0.0, Culture=neutral, PublicKeyToken=b77a5c561934e089]]"><_size type="System.Int32">0</_size><_version type="System.Int32">1</_version></workItemIds><id type="Microsoft.VisualStudio.TestTools.Common.TestResultId"><runId type="System.Guid">3d9a8baa-b9cb-4717-8a94-3c6445344217</runId><executionId type="Microsoft.VisualStudio.TestTools.Common.TestExecId"><id type="System.Guid">972c7c69-d646-4084-9505-04785328fb60</id></executionId><parentExecId type="Microsoft.VisualStudio.TestTools.Common.TestExecId"><id type="System.Guid">00000000-0000-0000-0000-000000000000</id></parentExecId><testId type="Microsoft.VisualStudio.TestTools.Common.TestId"><id type="System.Guid">717cd881-3189-1437-e630-dd17a3c9fee1</id></testId></id><testName type="System.String">VerifyRewardsNumberTest</testName><testType type="Microsoft.VisualStudio.TestTools.Common.TestType"><id type="System.Guid">13cdc9d9-ddb5-4fa4-a97d-d965ccfc6d4b</id></testType><messageKind type="Microsoft.VisualStudio.TestTools.Common.TestMessageKind"><value__ type="System.Int32">1</value__></messageKind><computerInfo type="Microsoft.VisualStudio.TestTools.Common.ComputerInfo"><m_computerName type="System.String">ECDATA-TFS01</m_computerName></computerInfo><duration type="System.TimeSpan">00:00:00.0163596</duration><startTime type="System.DateTime"><dateData type="System.UInt64">633673774999700836</dateData></startTime><endTime type="System.DateTime"><dateData type="System.UInt64">633673774999857096</dateData></endTime><spoolMessage type="System.Boolean">True</spoolMessage></UnitTestResult><UnitTestResult type="Microsoft.VisualStudio.TestTools.TestTypes.Unit.UnitTestResult, Microsoft.VisualStudio.QualityTools.Tips.UnitTest.ObjectModel, Version=8.0.0.0, Culture=neutral, PublicKeyToken=b03f5f7f11d50a3a"><resultType type="Microsoft.VisualStudio.TestTools.TestTypes.Unit.UnitTestResultType, Microsoft.VisualStudio.QualityTools.Tips.UnitTest.ObjectModel, Version=8.0.0.0, Culture=neutral, PublicKeyToken=b03f5f7f11d50a3a"><value__ type="System.Int32">0</value__></resultType><m_hasSufficientAccess type="System.Boolean">True</m_hasSufficientAccess><counters type="Microsoft.VisualStudio.TestTools.Common.TestResultCounter"><values type="System.Int32">0,0,0,0,0,0,0,0,0,0,0,0,0,0</values><total type="System.Int32">1</total></counters><categoryId type="Microsoft.VisualStudio.TestTools.Common.TestCategoryId"><id type="System.Guid">8c84fa94-04c1-424b-9868-57a2d4851a1d</id></categoryId><outcome type="Microsoft.VisualStudio.TestTools.Common.TestOutcome"><value__ type="System.Int32">10</value__></outcome><traceInfo type="Microsoft.VisualStudio.TestTools.Common.TestExecutionTraceInformation"><trace type="System.Text.StringBuilder">Creating instance of class BrownShoe.UnitTests.Services.Madison.MadisonWebServiceTest.
Calling Test method BrownShoe.UnitTests.Services.Madison.MadisonWebServiceTest.Microsoft.VisualStudio.TestTools.TestTypes.Unit.TestMethod.
</trace></traceInfo><stdout type="System.String" /><stderr type="System.String" /><debugTrace type="System.String" /><workItemIds type="System.Collections.Generic.List`1[[System.Int32, mscorlib, Version=2.0.0.0, Culture=neutral, PublicKeyToken=b77a5c561934e089]]"><_size type="System.Int32">0</_size><_version type="System.Int32">1</_version></workItemIds><id type="Microsoft.VisualStudio.TestTools.Common.TestResultId"><runId type="System.Guid">3d9a8baa-b9cb-4717-8a94-3c6445344217</runId><executionId type="Microsoft.VisualStudio.TestTools.Common.TestExecId"><id type="System.Guid">1a2024fd-af13-4b92-9c66-bb31f87db976</id></executionId><parentExecId type="Microsoft.VisualStudio.TestTools.Common.TestExecId"><id type="System.Guid">00000000-0000-0000-0000-000000000000</id></parentExecId><testId type="Microsoft.VisualStudio.TestTools.Common.TestId"><id type="System.Guid">2073791d-8adb-a3d3-e711-1f7821ba8904</id></testId></id><testName type="System.String">VerifyRewardsNumberTestFailure</testName><testType type="Microsoft.VisualStudio.TestTools.Common.TestType"><id type="System.Guid">13cdc9d9-ddb5-4fa4-a97d-d965ccfc6d4b</id></testType><messageKind type="Microsoft.VisualStudio.TestTools.Common.TestMessageKind"><value__ type="System.Int32">1</value__></messageKind><computerInfo type="Microsoft.VisualStudio.TestTools.Common.ComputerInfo"><m_computerName type="System.String">ECDATA-TFS01</m_computerName></computerInfo><duration type="System.TimeSpan">00:00:00.0002069</duration><startTime type="System.DateTime"><dateData type="System.UInt64">633673774999857096</dateData></startTime><endTime type="System.DateTime"><dateData type="System.UInt64">633673775000013356</dateData></endTime><spoolMessage type="System.Boolean">True</spoolMessage></UnitTestResult><UnitTestResult type="Microsoft.VisualStudio.TestTools.TestTypes.Unit.UnitTestResult, Microsoft.VisualStudio.QualityTools.Tips.UnitTest.ObjectModel, Version=8.0.0.0, Culture=neutral, PublicKeyToken=b03f5f7f11d50a3a"><resultType type="Microsoft.VisualStudio.TestTools.TestTypes.Unit.UnitTestResultType, Microsoft.VisualStudio.QualityTools.Tips.UnitTest.ObjectModel, Version=8.0.0.0, Culture=neutral, PublicKeyToken=b03f5f7f11d50a3a"><value__ type="System.Int32">0</value__></resultType><m_hasSufficientAccess type="System.Boolean">True</m_hasSufficientAccess><counters type="Microsoft.VisualStudio.TestTools.Common.TestResultCounter"><values type="System.Int32">0,0,0,0,0,0,0,0,0,0,0,0,0,0</values><total type="System.Int32">1</total></counters><categoryId type="Microsoft.VisualStudio.TestTools.Common.TestCategoryId"><id type="System.Guid">8c84fa94-04c1-424b-9868-57a2d4851a1d</id></categoryId><outcome type="Microsoft.VisualStudio.TestTools.Common.TestOutcome"><value__ type="System.Int32">10</value__></outcome><traceInfo type="Microsoft.VisualStudio.TestTools.Common.TestExecutionTraceInformation"><trace type="System.Text.StringBuilder">Creating instance of class BrownShoe.UnitTests.Services.Madison.RewardsProfileTest.
Calling Test method BrownShoe.UnitTests.Services.Madison.RewardsProfileTest.Microsoft.VisualStudio.TestTools.TestTypes.Unit.TestMethod.
</trace></traceInfo><stdout type="System.String" /><stderr type="System.String" /><debugTrace type="System.String" /><workItemIds type="System.Collections.Generic.List`1[[System.Int32, mscorlib, Version=2.0.0.0, Culture=neutral, PublicKeyToken=b77a5c561934e089]]"><_size type="System.Int32">0</_size><_version type="System.Int32">1</_version></workItemIds><id type="Microsoft.VisualStudio.TestTools.Common.TestResultId"><runId type="System.Guid">3d9a8baa-b9cb-4717-8a94-3c6445344217</runId><executionId type="Microsoft.VisualStudio.TestTools.Common.TestExecId"><id type="System.Guid">a828f914-8980-419b-80bf-719903881db4</id></executionId><parentExecId type="Microsoft.VisualStudio.TestTools.Common.TestExecId"><id type="System.Guid">00000000-0000-0000-0000-000000000000</id></parentExecId><testId type="Microsoft.VisualStudio.TestTools.Common.TestId"><id type="System.Guid">b0ce7520-3a8d-5dd7-a43f-fc5fab28c302</id></testId></id><testName type="System.String">AddressLine1Test</testName><testType type="Microsoft.VisualStudio.TestTools.Common.TestType"><id type="System.Guid">13cdc9d9-ddb5-4fa4-a97d-d965ccfc6d4b</id></testType><messageKind type="Microsoft.VisualStudio.TestTools.Common.TestMessageKind"><value__ type="System.Int32">1</value__></messageKind><computerInfo type="Microsoft.VisualStudio.TestTools.Common.ComputerInfo"><m_computerName type="System.String">ECDATA-TFS01</m_computerName></computerInfo><duration type="System.TimeSpan">00:00:00.0010222</duration><startTime type="System.DateTime"><dateData type="System.UInt64">633673775000013356</dateData></startTime><endTime type="System.DateTime"><dateData type="System.UInt64">633673775000013356</dateData></endTime><spoolMessage type="System.Boolean">True</spoolMessage></UnitTestResult><UnitTestResult type="Microsoft.VisualStudio.TestTools.TestTypes.Unit.UnitTestResult, Microsoft.VisualStudio.QualityTools.Tips.UnitTest.ObjectModel, Version=8.0.0.0, Culture=neutral, PublicKeyToken=b03f5f7f11d50a3a"><resultType type="Microsoft.VisualStudio.TestTools.TestTypes.Unit.UnitTestResultType, Microsoft.VisualStudio.QualityTools.Tips.UnitTest.ObjectModel, Version=8.0.0.0, Culture=neutral, PublicKeyToken=b03f5f7f11d50a3a"><value__ type="System.Int32">0</value__></resultType><m_hasSufficientAccess type="System.Boolean">True</m_hasSufficientAccess><counters type="Microsoft.VisualStudio.TestTools.Common.TestResultCounter"><values type="System.Int32">0,0,0,0,0,0,0,0,0,0,0,0,0,0</values><total type="System.Int32">1</total></counters><categoryId type="Microsoft.VisualStudio.TestTools.Common.TestCategoryId"><id type="System.Guid">8c84fa94-04c1-424b-9868-57a2d4851a1d</id></categoryId><outcome type="Microsoft.VisualStudio.TestTools.Common.TestOutcome"><value__ type="System.Int32">10</value__></outcome><traceInfo type="Microsoft.VisualStudio.TestTools.Common.TestExecutionTraceInformation"><trace type="System.Text.StringBuilder">Creating instance of class BrownShoe.UnitTests.Services.Madison.RewardsProfileTest.
Calling Test method BrownShoe.UnitTests.Services.Madison.RewardsProfileTest.Microsoft.VisualStudio.TestTools.TestTypes.Unit.TestMethod.
</trace></traceInfo><stdout type="System.String" /><stderr type="System.String" /><debugTrace type="System.String" /><workItemIds type="System.Collections.Generic.List`1[[System.Int32, mscorlib, Version=2.0.0.0, Culture=neutral, PublicKeyToken=b77a5c561934e089]]"><_size type="System.Int32">0</_size><_version type="System.Int32">1</_version></workItemIds><id type="Microsoft.VisualStudio.TestTools.Common.TestResultId"><runId type="System.Guid">3d9a8baa-b9cb-4717-8a94-3c6445344217</runId><executionId type="Microsoft.VisualStudio.TestTools.Common.TestExecId"><id type="System.Guid">674f128e-e09d-4f7e-9c9e-6981f79b17e1</id></executionId><parentExecId type="Microsoft.VisualStudio.TestTools.Common.TestExecId"><id type="System.Guid">00000000-0000-0000-0000-000000000000</id></parentExecId><testId type="Microsoft.VisualStudio.TestTools.Common.TestId"><id type="System.Guid">357dc2a6-c893-6feb-855d-dee68df912f0</id></testId></id><testName type="System.String">AddressLine2Test</testName><testType type="Microsoft.VisualStudio.TestTools.Common.TestType"><id type="System.Guid">13cdc9d9-ddb5-4fa4-a97d-d965ccfc6d4b</id></testType><messageKind type="Microsoft.VisualStudio.TestTools.Common.TestMessageKind"><value__ type="System.Int32">1</value__></messageKind><computerInfo type="Microsoft.VisualStudio.TestTools.Common.ComputerInfo"><m_computerName type="System.String">ECDATA-TFS01</m_computerName></computerInfo><duration type="System.TimeSpan">00:00:00.0008482</duration><startTime type="System.DateTime"><dateData type="System.UInt64">633673775000013356</dateData></startTime><endTime type="System.DateTime"><dateData type="System.UInt64">633673775000169616</dateData></endTime><spoolMessage type="System.Boolean">True</spoolMessage></UnitTestResult><UnitTestResult type="Microsoft.VisualStudio.TestTools.TestTypes.Unit.UnitTestResult, Microsoft.VisualStudio.QualityTools.Tips.UnitTest.ObjectModel, Version=8.0.0.0, Culture=neutral, PublicKeyToken=b03f5f7f11d50a3a"><resultType type="Microsoft.VisualStudio.TestTools.TestTypes.Unit.UnitTestResultType, Microsoft.VisualStudio.QualityTools.Tips.UnitTest.ObjectModel, Version=8.0.0.0, Culture=neutral, PublicKeyToken=b03f5f7f11d50a3a"><value__ type="System.Int32">0</value__></resultType><m_hasSufficientAccess type="System.Boolean">True</m_hasSufficientAccess><counters type="Microsoft.VisualStudio.TestTools.Common.TestResultCounter"><values type="System.Int32">0,0,0,0,0,0,0,0,0,0,0,0,0,0</values><total type="System.Int32">1</total></counters><categoryId type="Microsoft.VisualStudio.TestTools.Common.TestCategoryId"><id type="System.Guid">8c84fa94-04c1-424b-9868-57a2d4851a1d</id></categoryId><outcome type="Microsoft.VisualStudio.TestTools.Common.TestOutcome"><value__ type="System.Int32">10</value__></outcome><traceInfo type="Microsoft.VisualStudio.TestTools.Common.TestExecutionTraceInformation"><trace type="System.Text.StringBuilder">Creating instance of class BrownShoe.UnitTests.Services.Madison.RewardsProfileTest.
Calling Test method BrownShoe.UnitTests.Services.Madison.RewardsProfileTest.Microsoft.VisualStudio.TestTools.TestTypes.Unit.TestMethod.
</trace></traceInfo><stdout type="System.String" /><stderr type="System.String" /><debugTrace type="System.String" /><workItemIds type="System.Collections.Generic.List`1[[System.Int32, mscorlib, Version=2.0.0.0, Culture=neutral, PublicKeyToken=b77a5c561934e089]]"><_size type="System.Int32">0</_size><_version type="System.Int32">1</_version></workItemIds><id type="Microsoft.VisualStudio.TestTools.Common.TestResultId"><runId type="System.Guid">3d9a8baa-b9cb-4717-8a94-3c6445344217</runId><executionId type="Microsoft.VisualStudio.TestTools.Common.TestExecId"><id type="System.Guid">2aed50a0-8dad-42be-bd4a-2cea689cd177</id></executionId><parentExecId type="Microsoft.VisualStudio.TestTools.Common.TestExecId"><id type="System.Guid">00000000-0000-0000-0000-000000000000</id></parentExecId><testId type="Microsoft.VisualStudio.TestTools.Common.TestId"><id type="System.Guid">92c815ee-6b83-761f-5561-0d5ff2edee6b</id></testId></id><testName type="System.String">BirthDateTest</testName><testType type="Microsoft.VisualStudio.TestTools.Common.TestType"><id type="System.Guid">13cdc9d9-ddb5-4fa4-a97d-d965ccfc6d4b</id></testType><messageKind type="Microsoft.VisualStudio.TestTools.Common.TestMessageKind"><value__ type="System.Int32">1</value__></messageKind><computerInfo type="Microsoft.VisualStudio.TestTools.Common.ComputerInfo"><m_computerName type="System.String">ECDATA-TFS01</m_computerName></computerInfo><duration type="System.TimeSpan">00:00:00.0010494</duration><startTime type="System.DateTime"><dateData type="System.UInt64">633673775000169616</dateData></startTime><endTime type="System.DateTime"><dateData type="System.UInt64">633673775000169616</dateData></endTime><spoolMessage type="System.Boolean">True</spoolMessage></UnitTestResult><UnitTestResult type="Microsoft.VisualStudio.TestTools.TestTypes.Unit.UnitTestResult, Microsoft.VisualStudio.QualityTools.Tips.UnitTest.ObjectModel, Version=8.0.0.0, Culture=neutral, PublicKeyToken=b03f5f7f11d50a3a"><resultType type="Microsoft.VisualStudio.TestTools.TestTypes.Unit.UnitTestResultType, Microsoft.VisualStudio.QualityTools.Tips.UnitTest.ObjectModel, Version=8.0.0.0, Culture=neutral, PublicKeyToken=b03f5f7f11d50a3a"><value__ type="System.Int32">0</value__></resultType><m_hasSufficientAccess type="System.Boolean">True</m_hasSufficientAccess><counters type="Microsoft.VisualStudio.TestTools.Common.TestResultCounter"><values type="System.Int32">0,0,0,0,0,0,0,0,0,0,0,0,0,0</values><total type="System.Int32">1</total></counters><categoryId type="Microsoft.VisualStudio.TestTools.Common.TestCategoryId"><id type="System.Guid">8c84fa94-04c1-424b-9868-57a2d4851a1d</id></categoryId><outcome type="Microsoft.VisualStudio.TestTools.Common.TestOutcome"><value__ type="System.Int32">10</value__></outcome><traceInfo type="Microsoft.VisualStudio.TestTools.Common.TestExecutionTraceInformation"><trace type="System.Text.StringBuilder">Creating instance of class BrownShoe.UnitTests.Services.Madison.RewardsProfileTest.
Calling Test method BrownShoe.UnitTests.Services.Madison.RewardsProfileTest.Microsoft.VisualStudio.TestTools.TestTypes.Unit.TestMethod.
</trace></traceInfo><stdout type="System.String" /><stderr type="System.String" /><debugTrace type="System.String" /><workItemIds type="System.Collections.Generic.List`1[[System.Int32, mscorlib, Version=2.0.0.0, Culture=neutral, PublicKeyToken=b77a5c561934e089]]"><_size type="System.Int32">0</_size><_version type="System.Int32">1</_version></workItemIds><id type="Microsoft.VisualStudio.TestTools.Common.TestResultId"><runId type="System.Guid">3d9a8baa-b9cb-4717-8a94-3c6445344217</runId><executionId type="Microsoft.VisualStudio.TestTools.Common.TestExecId"><id type="System.Guid">354b1a40-5f24-4045-bde8-55e2e7cac839</id></executionId><parentExecId type="Microsoft.VisualStudio.TestTools.Common.TestExecId"><id type="System.Guid">00000000-0000-0000-0000-000000000000</id></parentExecId><testId type="Microsoft.VisualStudio.TestTools.Common.TestId"><id type="System.Guid">c744475d-b006-7c1e-b095-550805466413</id></testId></id><testName type="System.String">CityTest</testName><testType type="Microsoft.VisualStudio.TestTools.Common.TestType"><id type="System.Guid">13cdc9d9-ddb5-4fa4-a97d-d965ccfc6d4b</id></testType><messageKind type="Microsoft.VisualStudio.TestTools.Common.TestMessageKind"><value__ type="System.Int32">1</value__></messageKind><computerInfo type="Microsoft.VisualStudio.TestTools.Common.ComputerInfo"><m_computerName type="System.String">ECDATA-TFS01</m_computerName></computerInfo><duration type="System.TimeSpan">00:00:00.0004311</duration><startTime type="System.DateTime"><dateData type="System.UInt64">633673775000169616</dateData></startTime><endTime type="System.DateTime"><dateData type="System.UInt64">633673775000169616</dateData></endTime><spoolMessage type="System.Boolean">True</spoolMessage></UnitTestResult><UnitTestResult type="Microsoft.VisualStudio.TestTools.TestTypes.Unit.UnitTestResult, Microsoft.VisualStudio.QualityTools.Tips.UnitTest.ObjectModel, Version=8.0.0.0, Culture=neutral, PublicKeyToken=b03f5f7f11d50a3a"><resultType type="Microsoft.VisualStudio.TestTools.TestTypes.Unit.UnitTestResultType, Microsoft.VisualStudio.QualityTools.Tips.UnitTest.ObjectModel, Version=8.0.0.0, Culture=neutral, PublicKeyToken=b03f5f7f11d50a3a"><value__ type="System.Int32">0</value__></resultType><m_hasSufficientAccess type="System.Boolean">True</m_hasSufficientAccess><counters type="Microsoft.VisualStudio.TestTools.Common.TestResultCounter"><values type="System.Int32">0,0,0,0,0,0,0,0,0,0,0,0,0,0</values><total type="System.Int32">1</total></counters><categoryId type="Microsoft.VisualStudio.TestTools.Common.TestCategoryId"><id type="System.Guid">8c84fa94-04c1-424b-9868-57a2d4851a1d</id></categoryId><outcome type="Microsoft.VisualStudio.TestTools.Common.TestOutcome"><value__ type="System.Int32">10</value__></outcome><traceInfo type="Microsoft.VisualStudio.TestTools.Common.TestExecutionTraceInformation"><trace type="System.Text.StringBuilder">Creating instance of class BrownShoe.UnitTests.Services.Madison.RewardsProfileTest.
Calling Test method BrownShoe.UnitTests.Services.Madison.RewardsProfileTest.Microsoft.VisualStudio.TestTools.TestTypes.Unit.TestMethod.
</trace></traceInfo><stdout type="System.String" /><stderr type="System.String" /><debugTrace type="System.String" /><workItemIds type="System.Collections.Generic.List`1[[System.Int32, mscorlib, Version=2.0.0.0, Culture=neutral, PublicKeyToken=b77a5c561934e089]]"><_size type="System.Int32">0</_size><_version type="System.Int32">1</_version></workItemIds><id type="Microsoft.VisualStudio.TestTools.Common.TestResultId"><runId type="System.Guid">3d9a8baa-b9cb-4717-8a94-3c6445344217</runId><executionId type="Microsoft.VisualStudio.TestTools.Common.TestExecId"><id type="System.Guid">13fbd25c-8456-4c0c-9736-2c85e8a83f1c</id></executionId><parentExecId type="Microsoft.VisualStudio.TestTools.Common.TestExecId"><id type="System.Guid">00000000-0000-0000-0000-000000000000</id></parentExecId><testId type="Microsoft.VisualStudio.TestTools.Common.TestId"><id type="System.Guid">550f286d-ff56-01a6-443a-e863051d2642</id></testId></id><testName type="System.String">EmailAddressTest</testName><testType type="Microsoft.VisualStudio.TestTools.Common.TestType"><id type="System.Guid">13cdc9d9-ddb5-4fa4-a97d-d965ccfc6d4b</id></testType><messageKind type="Microsoft.VisualStudio.TestTools.Common.TestMessageKind"><value__ type="System.Int32">1</value__></messageKind><computerInfo type="Microsoft.VisualStudio.TestTools.Common.ComputerInfo"><m_computerName type="System.String">ECDATA-TFS01</m_computerName></computerInfo><duration type="System.TimeSpan">00:00:00.0003957</duration><startTime type="System.DateTime"><dateData type="System.UInt64">633673775000169616</dateData></startTime><endTime type="System.DateTime"><dateData type="System.UInt64">633673775000325876</dateData></endTime><spoolMessage type="System.Boolean">True</spoolMessage></UnitTestResult><UnitTestResult type="Microsoft.VisualStudio.TestTools.TestTypes.Unit.UnitTestResult, Microsoft.VisualStudio.QualityTools.Tips.UnitTest.ObjectModel, Version=8.0.0.0, Culture=neutral, PublicKeyToken=b03f5f7f11d50a3a"><resultType type="Microsoft.VisualStudio.TestTools.TestTypes.Unit.UnitTestResultType, Microsoft.VisualStudio.QualityTools.Tips.UnitTest.ObjectModel, Version=8.0.0.0, Culture=neutral, PublicKeyToken=b03f5f7f11d50a3a"><value__ type="System.Int32">0</value__></resultType><m_hasSufficientAccess type="System.Boolean">True</m_hasSufficientAccess><counters type="Microsoft.VisualStudio.TestTools.Common.TestResultCounter"><values type="System.Int32">0,0,0,0,0,0,0,0,0,0,0,0,0,0</values><total type="System.Int32">1</total></counters><categoryId type="Microsoft.VisualStudio.TestTools.Common.TestCategoryId"><id type="System.Guid">8c84fa94-04c1-424b-9868-57a2d4851a1d</id></categoryId><outcome type="Microsoft.VisualStudio.TestTools.Common.TestOutcome"><value__ type="System.Int32">10</value__></outcome><traceInfo type="Microsoft.VisualStudio.TestTools.Common.TestExecutionTraceInformation"><trace type="System.Text.StringBuilder">Creating instance of class BrownShoe.UnitTests.Services.Madison.RewardsProfileTest.
Calling Test method BrownShoe.UnitTests.Services.Madison.RewardsProfileTest.Microsoft.VisualStudio.TestTools.TestTypes.Unit.TestMethod.
</trace></traceInfo><stdout type="System.String" /><stderr type="System.String" /><debugTrace type="System.String" /><workItemIds type="System.Collections.Generic.List`1[[System.Int32, mscorlib, Version=2.0.0.0, Culture=neutral, PublicKeyToken=b77a5c561934e089]]"><_size type="System.Int32">0</_size><_version type="System.Int32">1</_version></workItemIds><id type="Microsoft.VisualStudio.TestTools.Common.TestResultId"><runId type="System.Guid">3d9a8baa-b9cb-4717-8a94-3c6445344217</runId><executionId type="Microsoft.VisualStudio.TestTools.Common.TestExecId"><id type="System.Guid">1709286b-7704-4ea5-b9b6-712aafec3000</id></executionId><parentExecId type="Microsoft.VisualStudio.TestTools.Common.TestExecId"><id type="System.Guid">00000000-0000-0000-0000-000000000000</id></parentExecId><testId type="Microsoft.VisualStudio.TestTools.Common.TestId"><id type="System.Guid">32b37246-03c1-3830-e07d-f0b1c15dae70</id></testId></id><testName type="System.String">FirstNameTest</testName><testType type="Microsoft.VisualStudio.TestTools.Common.TestType"><id type="System.Guid">13cdc9d9-ddb5-4fa4-a97d-d965ccfc6d4b</id></testType><messageKind type="Microsoft.VisualStudio.TestTools.Common.TestMessageKind"><value__ type="System.Int32">1</value__></messageKind><computerInfo type="Microsoft.VisualStudio.TestTools.Common.ComputerInfo"><m_computerName type="System.String">ECDATA-TFS01</m_computerName></computerInfo><duration type="System.TimeSpan">00:00:00.0004230</duration><startTime type="System.DateTime"><dateData type="System.UInt64">633673775000325876</dateData></startTime><endTime type="System.DateTime"><dateData type="System.UInt64">633673775000325876</dateData></endTime><spoolMessage type="System.Boolean">True</spoolMessage></UnitTestResult><UnitTestResult type="Microsoft.VisualStudio.TestTools.TestTypes.Unit.UnitTestResult, Microsoft.VisualStudio.QualityTools.Tips.UnitTest.ObjectModel, Version=8.0.0.0, Culture=neutral, PublicKeyToken=b03f5f7f11d50a3a"><resultType type="Microsoft.VisualStudio.TestTools.TestTypes.Unit.UnitTestResultType, Microsoft.VisualStudio.QualityTools.Tips.UnitTest.ObjectModel, Version=8.0.0.0, Culture=neutral, PublicKeyToken=b03f5f7f11d50a3a"><value__ type="System.Int32">0</value__></resultType><m_hasSufficientAccess type="System.Boolean">True</m_hasSufficientAccess><counters type="Microsoft.VisualStudio.TestTools.Common.TestResultCounter"><values type="System.Int32">0,0,0,0,0,0,0,0,0,0,0,0,0,0</values><total type="System.Int32">1</total></counters><categoryId type="Microsoft.VisualStudio.TestTools.Common.TestCategoryId"><id type="System.Guid">8c84fa94-04c1-424b-9868-57a2d4851a1d</id></categoryId><outcome type="Microsoft.VisualStudio.TestTools.Common.TestOutcome"><value__ type="System.Int32">10</value__></outcome><traceInfo type="Microsoft.VisualStudio.TestTools.Common.TestExecutionTraceInformation"><trace type="System.Text.StringBuilder">Creating instance of class BrownShoe.UnitTests.Services.Madison.RewardsProfileTest.
Calling Test method BrownShoe.UnitTests.Services.Madison.RewardsProfileTest.Microsoft.VisualStudio.TestTools.TestTypes.Unit.TestMethod.
</trace></traceInfo><stdout type="System.String" /><stderr type="System.String" /><debugTrace type="System.String" /><workItemIds type="System.Collections.Generic.List`1[[System.Int32, mscorlib, Version=2.0.0.0, Culture=neutral, PublicKeyToken=b77a5c561934e089]]"><_size type="System.Int32">0</_size><_version type="System.Int32">1</_version></workItemIds><id type="Microsoft.VisualStudio.TestTools.Common.TestResultId"><runId type="System.Guid">3d9a8baa-b9cb-4717-8a94-3c6445344217</runId><executionId type="Microsoft.VisualStudio.TestTools.Common.TestExecId"><id type="System.Guid">8feb104f-0180-4c7b-b79b-28f36778da80</id></executionId><parentExecId type="Microsoft.VisualStudio.TestTools.Common.TestExecId"><id type="System.Guid">00000000-0000-0000-0000-000000000000</id></parentExecId><testId type="Microsoft.VisualStudio.TestTools.Common.TestId"><id type="System.Guid">00b9f56f-18ed-f0e1-2bbf-84a9c262e98f</id></testId></id><testName type="System.String">GenderTest</testName><testType type="Microsoft.VisualStudio.TestTools.Common.TestType"><id type="System.Guid">13cdc9d9-ddb5-4fa4-a97d-d965ccfc6d4b</id></testType><messageKind type="Microsoft.VisualStudio.TestTools.Common.TestMessageKind"><value__ type="System.Int32">1</value__></messageKind><computerInfo type="Microsoft.VisualStudio.TestTools.Common.ComputerInfo"><m_computerName type="System.String">ECDATA-TFS01</m_computerName></computerInfo><duration type="System.TimeSpan">00:00:00.0004584</duration><startTime type="System.DateTime"><dateData type="System.UInt64">633673775000325876</dateData></startTime><endTime type="System.DateTime"><dateData type="System.UInt64">633673775000325876</dateData></endTime><spoolMessage type="System.Boolean">True</spoolMessage></UnitTestResult><UnitTestResult type="Microsoft.VisualStudio.TestTools.TestTypes.Unit.UnitTestResult, Microsoft.VisualStudio.QualityTools.Tips.UnitTest.ObjectModel, Version=8.0.0.0, Culture=neutral, PublicKeyToken=b03f5f7f11d50a3a"><resultType type="Microsoft.VisualStudio.TestTools.TestTypes.Unit.UnitTestResultType, Microsoft.VisualStudio.QualityTools.Tips.UnitTest.ObjectModel, Version=8.0.0.0, Culture=neutral, PublicKeyToken=b03f5f7f11d50a3a"><value__ type="System.Int32">0</value__></resultType><m_hasSufficientAccess type="System.Boolean">True</m_hasSufficientAccess><counters type="Microsoft.VisualStudio.TestTools.Common.TestResultCounter"><values type="System.Int32">0,0,0,0,0,0,0,0,0,0,0,0,0,0</values><total type="System.Int32">1</total></counters><categoryId type="Microsoft.VisualStudio.TestTools.Common.TestCategoryId"><id type="System.Guid">8c84fa94-04c1-424b-9868-57a2d4851a1d</id></categoryId><outcome type="Microsoft.VisualStudio.TestTools.Common.TestOutcome"><value__ type="System.Int32">10</value__></outcome><traceInfo type="Microsoft.VisualStudio.TestTools.Common.TestExecutionTraceInformation"><trace type="System.Text.StringBuilder">Creating instance of class BrownShoe.UnitTests.Services.Madison.RewardsProfileTest.
Calling Test method BrownShoe.UnitTests.Services.Madison.RewardsProfileTest.Microsoft.VisualStudio.TestTools.TestTypes.Unit.TestMethod.
</trace></traceInfo><stdout type="System.String" /><stderr type="System.String" /><debugTrace type="System.String" /><workItemIds type="System.Collections.Generic.List`1[[System.Int32, mscorlib, Version=2.0.0.0, Culture=neutral, PublicKeyToken=b77a5c561934e089]]"><_size type="System.Int32">0</_size><_version type="System.Int32">1</_version></workItemIds><id type="Microsoft.VisualStudio.TestTools.Common.TestResultId"><runId type="System.Guid">3d9a8baa-b9cb-4717-8a94-3c6445344217</runId><executionId type="Microsoft.VisualStudio.TestTools.Common.TestExecId"><id type="System.Guid">ba2034f6-dd1e-4c8a-bd78-8f7858b9628c</id></executionId><parentExecId type="Microsoft.VisualStudio.TestTools.Common.TestExecId"><id type="System.Guid">00000000-0000-0000-0000-000000000000</id></parentExecId><testId type="Microsoft.VisualStudio.TestTools.Common.TestId"><id type="System.Guid">89e982fd-8258-6b5c-74b5-5d605b213536</id></testId></id><testName type="System.String">HomePhoneTest</testName><testType type="Microsoft.VisualStudio.TestTools.Common.TestType"><id type="System.Guid">13cdc9d9-ddb5-4fa4-a97d-d965ccfc6d4b</id></testType><messageKind type="Microsoft.VisualStudio.TestTools.Common.TestMessageKind"><value__ type="System.Int32">1</value__></messageKind><computerInfo type="Microsoft.VisualStudio.TestTools.Common.ComputerInfo"><m_computerName type="System.String">ECDATA-TFS01</m_computerName></computerInfo><duration type="System.TimeSpan">00:00:00.0005130</duration><startTime type="System.DateTime"><dateData type="System.UInt64">633673775000325876</dateData></startTime><endTime type="System.DateTime"><dateData type="System.UInt64">633673775000482136</dateData></endTime><spoolMessage type="System.Boolean">True</spoolMessage></UnitTestResult><UnitTestResult type="Microsoft.VisualStudio.TestTools.TestTypes.Unit.UnitTestResult, Microsoft.VisualStudio.QualityTools.Tips.UnitTest.ObjectModel, Version=8.0.0.0, Culture=neutral, PublicKeyToken=b03f5f7f11d50a3a"><resultType type="Microsoft.VisualStudio.TestTools.TestTypes.Unit.UnitTestResultType, Microsoft.VisualStudio.QualityTools.Tips.UnitTest.ObjectModel, Version=8.0.0.0, Culture=neutral, PublicKeyToken=b03f5f7f11d50a3a"><value__ type="System.Int32">0</value__></resultType><m_hasSufficientAccess type="System.Boolean">True</m_hasSufficientAccess><counters type="Microsoft.VisualStudio.TestTools.Common.TestResultCounter"><values type="System.Int32">0,0,0,0,0,0,0,0,0,0,0,0,0,0</values><total type="System.Int32">1</total></counters><categoryId type="Microsoft.VisualStudio.TestTools.Common.TestCategoryId"><id type="System.Guid">8c84fa94-04c1-424b-9868-57a2d4851a1d</id></categoryId><outcome type="Microsoft.VisualStudio.TestTools.Common.TestOutcome"><value__ type="System.Int32">10</value__></outcome><traceInfo type="Microsoft.VisualStudio.TestTools.Common.TestExecutionTraceInformation"><trace type="System.Text.StringBuilder">Creating instance of class BrownShoe.UnitTests.Services.Madison.RewardsProfileTest.
Calling Test method BrownShoe.UnitTests.Services.Madison.RewardsProfileTest.Microsoft.VisualStudio.TestTools.TestTypes.Unit.TestMethod.
</trace></traceInfo><stdout type="System.String" /><stderr type="System.String" /><debugTrace type="System.String" /><workItemIds type="System.Collections.Generic.List`1[[System.Int32, mscorlib, Version=2.0.0.0, Culture=neutral, PublicKeyToken=b77a5c561934e089]]"><_size type="System.Int32">0</_size><_version type="System.Int32">1</_version></workItemIds><id type="Microsoft.VisualStudio.TestTools.Common.TestResultId"><runId type="System.Guid">3d9a8baa-b9cb-4717-8a94-3c6445344217</runId><executionId type="Microsoft.VisualStudio.TestTools.Common.TestExecId"><id type="System.Guid">78684812-5d49-4151-935e-b436a6bc0615</id></executionId><parentExecId type="Microsoft.VisualStudio.TestTools.Common.TestExecId"><id type="System.Guid">00000000-0000-0000-0000-000000000000</id></parentExecId><testId type="Microsoft.VisualStudio.TestTools.Common.TestId"><id type="System.Guid">1670535b-bcd6-e54a-8e49-4d21cd12183b</id></testId></id><testName type="System.String">LastNameTest</testName><testType type="Microsoft.VisualStudio.TestTools.Common.TestType"><id type="System.Guid">13cdc9d9-ddb5-4fa4-a97d-d965ccfc6d4b</id></testType><messageKind type="Microsoft.VisualStudio.TestTools.Common.TestMessageKind"><value__ type="System.Int32">1</value__></messageKind><computerInfo type="Microsoft.VisualStudio.TestTools.Common.ComputerInfo"><m_computerName type="System.String">ECDATA-TFS01</m_computerName></computerInfo><duration type="System.TimeSpan">00:00:00.0003889</duration><startTime type="System.DateTime"><dateData type="System.UInt64">633673775000482136</dateData></startTime><endTime type="System.DateTime"><dateData type="System.UInt64">633673775000482136</dateData></endTime><spoolMessage type="System.Boolean">True</spoolMessage></UnitTestResult><UnitTestResult type="Microsoft.VisualStudio.TestTools.TestTypes.Unit.UnitTestResult, Microsoft.VisualStudio.QualityTools.Tips.UnitTest.ObjectModel, Version=8.0.0.0, Culture=neutral, PublicKeyToken=b03f5f7f11d50a3a"><resultType type="Microsoft.VisualStudio.TestTools.TestTypes.Unit.UnitTestResultType, Microsoft.VisualStudio.QualityTools.Tips.UnitTest.ObjectModel, Version=8.0.0.0, Culture=neutral, PublicKeyToken=b03f5f7f11d50a3a"><value__ type="System.Int32">0</value__></resultType><m_hasSufficientAccess type="System.Boolean">True</m_hasSufficientAccess><counters type="Microsoft.VisualStudio.TestTools.Common.TestResultCounter"><values type="System.Int32">0,0,0,0,0,0,0,0,0,0,0,0,0,0</values><total type="System.Int32">1</total></counters><categoryId type="Microsoft.VisualStudio.TestTools.Common.TestCategoryId"><id type="System.Guid">8c84fa94-04c1-424b-9868-57a2d4851a1d</id></categoryId><outcome type="Microsoft.VisualStudio.TestTools.Common.TestOutcome"><value__ type="System.Int32">10</value__></outcome><traceInfo type="Microsoft.VisualStudio.TestTools.Common.TestExecutionTraceInformation"><trace type="System.Text.StringBuilder">Creating instance of class BrownShoe.UnitTests.Services.Madison.RewardsProfileTest.
Calling Test method BrownShoe.UnitTests.Services.Madison.RewardsProfileTest.Microsoft.VisualStudio.TestTools.TestTypes.Unit.TestMethod.
</trace></traceInfo><stdout type="System.String" /><stderr type="System.String" /><debugTrace type="System.String" /><workItemIds type="System.Collections.Generic.List`1[[System.Int32, mscorlib, Version=2.0.0.0, Culture=neutral, PublicKeyToken=b77a5c561934e089]]"><_size type="System.Int32">0</_size><_version type="System.Int32">1</_version></workItemIds><id type="Microsoft.VisualStudio.TestTools.Common.TestResultId"><runId type="System.Guid">3d9a8baa-b9cb-4717-8a94-3c6445344217</runId><executionId type="Microsoft.VisualStudio.TestTools.Common.TestExecId"><id type="System.Guid">29b35b9a-f423-4379-8785-e77a1b612ae3</id></executionId><parentExecId type="Microsoft.VisualStudio.TestTools.Common.TestExecId"><id type="System.Guid">00000000-0000-0000-0000-000000000000</id></parentExecId><testId type="Microsoft.VisualStudio.TestTools.Common.TestId"><id type="System.Guid">5d4ba0bd-ecb8-5521-1e00-76c05d0654f5</id></testId></id><testName type="System.String">LoveShoeShoppingTest</testName><testType type="Microsoft.VisualStudio.TestTools.Common.TestType"><id type="System.Guid">13cdc9d9-ddb5-4fa4-a97d-d965ccfc6d4b</id></testType><messageKind type="Microsoft.VisualStudio.TestTools.Common.TestMessageKind"><value__ type="System.Int32">1</value__></messageKind><computerInfo type="Microsoft.VisualStudio.TestTools.Common.ComputerInfo"><m_computerName type="System.String">ECDATA-TFS01</m_computerName></computerInfo><duration type="System.TimeSpan">00:00:00.0004969</duration><startTime type="System.DateTime"><dateData type="System.UInt64">633673775000482136</dateData></startTime><endTime type="System.DateTime"><dateData type="System.UInt64">633673775000638396</dateData></endTime><spoolMessage type="System.Boolean">True</spoolMessage></UnitTestResult><UnitTestResult type="Microsoft.VisualStudio.TestTools.TestTypes.Unit.UnitTestResult, Microsoft.VisualStudio.QualityTools.Tips.UnitTest.ObjectModel, Version=8.0.0.0, Culture=neutral, PublicKeyToken=b03f5f7f11d50a3a"><resultType type="Microsoft.VisualStudio.TestTools.TestTypes.Unit.UnitTestResultType, Microsoft.VisualStudio.QualityTools.Tips.UnitTest.ObjectModel, Version=8.0.0.0, Culture=neutral, PublicKeyToken=b03f5f7f11d50a3a"><value__ type="System.Int32">0</value__></resultType><m_hasSufficientAccess type="System.Boolean">True</m_hasSufficientAccess><counters type="Microsoft.VisualStudio.TestTools.Common.TestResultCounter"><values type="System.Int32">0,0,0,0,0,0,0,0,0,0,0,0,0,0</values><total type="System.Int32">1</total></counters><categoryId type="Microsoft.VisualStudio.TestTools.Common.TestCategoryId"><id type="System.Guid">8c84fa94-04c1-424b-9868-57a2d4851a1d</id></categoryId><outcome type="Microsoft.VisualStudio.TestTools.Common.TestOutcome"><value__ type="System.Int32">10</value__></outcome><traceInfo type="Microsoft.VisualStudio.TestTools.Common.TestExecutionTraceInformation"><trace type="System.Text.StringBuilder">Creating instance of class BrownShoe.UnitTests.Services.Madison.RewardsProfileTest.
Calling Test method BrownShoe.UnitTests.Services.Madison.RewardsProfileTest.Microsoft.VisualStudio.TestTools.TestTypes.Unit.TestMethod.
</trace></traceInfo><stdout type="System.String" /><stderr type="System.String" /><debugTrace type="System.String" /><workItemIds type="System.Collections.Generic.List`1[[System.Int32, mscorlib, Version=2.0.0.0, Culture=neutral, PublicKeyToken=b77a5c561934e089]]"><_size type="System.Int32">0</_size><_version type="System.Int32">1</_version></workItemIds><id type="Microsoft.VisualStudio.TestTools.Common.TestResultId"><runId type="System.Guid">3d9a8baa-b9cb-4717-8a94-3c6445344217</runId><executionId type="Microsoft.VisualStudio.TestTools.Common.TestExecId"><id type="System.Guid">c470f8f8-1104-4e3f-a656-fca983ba2eb4</id></executionId><parentExecId type="Microsoft.VisualStudio.TestTools.Common.TestExecId"><id type="System.Guid">00000000-0000-0000-0000-000000000000</id></parentExecId><testId type="Microsoft.VisualStudio.TestTools.Common.TestId"><id type="System.Guid">2e7d0b5f-0d65-840f-d28d-55c43ed35c6b</id></testId></id><testName type="System.String">PlanShoePurchasesTest</testName><testType type="Microsoft.VisualStudio.TestTools.Common.TestType"><id type="System.Guid">13cdc9d9-ddb5-4fa4-a97d-d965ccfc6d4b</id></testType><messageKind type="Microsoft.VisualStudio.TestTools.Common.TestMessageKind"><value__ type="System.Int32">1</value__></messageKind><computerInfo type="Microsoft.VisualStudio.TestTools.Common.ComputerInfo"><m_computerName type="System.String">ECDATA-TFS01</m_computerName></computerInfo><duration type="System.TimeSpan">00:00:00.0004081</duration><startTime type="System.DateTime"><dateData type="System.UInt64">633673775000638396</dateData></startTime><endTime type="System.DateTime"><dateData type="System.UInt64">633673775000638396</dateData></endTime><spoolMessage type="System.Boolean">True</spoolMessage></UnitTestResult><UnitTestResult type="Microsoft.VisualStudio.TestTools.TestTypes.Unit.UnitTestResult, Microsoft.VisualStudio.QualityTools.Tips.UnitTest.ObjectModel, Version=8.0.0.0, Culture=neutral, PublicKeyToken=b03f5f7f11d50a3a"><resultType type="Microsoft.VisualStudio.TestTools.TestTypes.Unit.UnitTestResultType, Microsoft.VisualStudio.QualityTools.Tips.UnitTest.ObjectModel, Version=8.0.0.0, Culture=neutral, PublicKeyToken=b03f5f7f11d50a3a"><value__ type="System.Int32">0</value__></resultType><m_hasSufficientAccess type="System.Boolean">True</m_hasSufficientAccess><counters type="Microsoft.VisualStudio.TestTools.Common.TestResultCounter"><values type="System.Int32">0,0,0,0,0,0,0,0,0,0,0,0,0,0</values><total type="System.Int32">1</total></counters><categoryId type="Microsoft.VisualStudio.TestTools.Common.TestCategoryId"><id type="System.Guid">8c84fa94-04c1-424b-9868-57a2d4851a1d</id></categoryId><outcome type="Microsoft.VisualStudio.TestTools.Common.TestOutcome"><value__ type="System.Int32">10</value__></outcome><traceInfo type="Microsoft.VisualStudio.TestTools.Common.TestExecutionTraceInformation"><trace type="System.Text.StringBuilder">Creating instance of class BrownShoe.UnitTests.Services.Madison.RewardsProfileTest.
Calling Test method BrownShoe.UnitTests.Services.Madison.RewardsProfileTest.Microsoft.VisualStudio.TestTools.TestTypes.Unit.TestMethod.
</trace></traceInfo><stdout type="System.String" /><stderr type="System.String" /><debugTrace type="System.String" /><workItemIds type="System.Collections.Generic.List`1[[System.Int32, mscorlib, Version=2.0.0.0, Culture=neutral, PublicKeyToken=b77a5c561934e089]]"><_size type="System.Int32">0</_size><_version type="System.Int32">1</_version></workItemIds><id type="Microsoft.VisualStudio.TestTools.Common.TestResultId"><runId type="System.Guid">3d9a8baa-b9cb-4717-8a94-3c6445344217</runId><executionId type="Microsoft.VisualStudio.TestTools.Common.TestExecId"><id type="System.Guid">2d4a428f-6fe5-4c61-ac48-3a2f3edaa36d</id></executionId><parentExecId type="Microsoft.VisualStudio.TestTools.Common.TestExecId"><id type="System.Guid">00000000-0000-0000-0000-000000000000</id></parentExecId><testId type="Microsoft.VisualStudio.TestTools.Common.TestId"><id type="System.Guid">7239d019-ec0d-004a-4f17-366477381c4f</id></testId></id><testName type="System.String">PostalCodeTest</testName><testType type="Microsoft.VisualStudio.TestTools.Common.TestType"><id type="System.Guid">13cdc9d9-ddb5-4fa4-a97d-d965ccfc6d4b</id></testType><messageKind type="Microsoft.VisualStudio.TestTools.Common.TestMessageKind"><value__ type="System.Int32">1</value__></messageKind><computerInfo type="Microsoft.VisualStudio.TestTools.Common.ComputerInfo"><m_computerName type="System.String">ECDATA-TFS01</m_computerName></computerInfo><duration type="System.TimeSpan">00:00:00.0003641</duration><startTime type="System.DateTime"><dateData type="System.UInt64">633673775000638396</dateData></startTime><endTime type="System.DateTime"><dateData type="System.UInt64">633673775000638396</dateData></endTime><spoolMessage type="System.Boolean">True</spoolMessage></UnitTestResult><UnitTestResult type="Microsoft.VisualStudio.TestTools.TestTypes.Unit.UnitTestResult, Microsoft.VisualStudio.QualityTools.Tips.UnitTest.ObjectModel, Version=8.0.0.0, Culture=neutral, PublicKeyToken=b03f5f7f11d50a3a"><resultType type="Microsoft.VisualStudio.TestTools.TestTypes.Unit.UnitTestResultType, Microsoft.VisualStudio.QualityTools.Tips.UnitTest.ObjectModel, Version=8.0.0.0, Culture=neutral, PublicKeyToken=b03f5f7f11d50a3a"><value__ type="System.Int32">0</value__></resultType><m_hasSufficientAccess type="System.Boolean">True</m_hasSufficientAccess><counters type="Microsoft.VisualStudio.TestTools.Common.TestResultCounter"><values type="System.Int32">0,0,0,0,0,0,0,0,0,0,0,0,0,0</values><total type="System.Int32">1</total></counters><categoryId type="Microsoft.VisualStudio.TestTools.Common.TestCategoryId"><id type="System.Guid">8c84fa94-04c1-424b-9868-57a2d4851a1d</id></categoryId><outcome type="Microsoft.VisualStudio.TestTools.Common.TestOutcome"><value__ type="System.Int32">10</value__></outcome><traceInfo type="Microsoft.VisualStudio.TestTools.Common.TestExecutionTraceInformation"><trace type="System.Text.StringBuilder">Creating instance of class BrownShoe.UnitTests.Services.Madison.RewardsProfileTest.
Calling Test method BrownShoe.UnitTests.Services.Madison.RewardsProfileTest.Microsoft.VisualStudio.TestTools.TestTypes.Unit.TestMethod.
</trace></traceInfo><stdout type="System.String" /><stderr type="System.String" /><debugTrace type="System.String" /><workItemIds type="System.Collections.Generic.List`1[[System.Int32, mscorlib, Version=2.0.0.0, Culture=neutral, PublicKeyToken=b77a5c561934e089]]"><_size type="System.Int32">0</_size><_version type="System.Int32">1</_version></workItemIds><id type="Microsoft.VisualStudio.TestTools.Common.TestResultId"><runId type="System.Guid">3d9a8baa-b9cb-4717-8a94-3c6445344217</runId><executionId type="Microsoft.VisualStudio.TestTools.Common.TestExecId"><id type="System.Guid">ea0a3a37-d652-4521-8265-8bf74055d26a</id></executionId><parentExecId type="Microsoft.VisualStudio.TestTools.Common.TestExecId"><id type="System.Guid">00000000-0000-0000-0000-000000000000</id></parentExecId><testId type="Microsoft.VisualStudio.TestTools.Common.TestId"><id type="System.Guid">994c92b3-fc42-bcc7-ff38-eddcc300985b</id></testId></id><testName type="System.String">RegionTest</testName><testType type="Microsoft.VisualStudio.TestTools.Common.TestType"><id type="System.Guid">13cdc9d9-ddb5-4fa4-a97d-d965ccfc6d4b</id></testType><messageKind type="Microsoft.VisualStudio.TestTools.Common.TestMessageKind"><value__ type="System.Int32">1</value__></messageKind><computerInfo type="Microsoft.VisualStudio.TestTools.Common.ComputerInfo"><m_computerName type="System.String">ECDATA-TFS01</m_computerName></computerInfo><duration type="System.TimeSpan">00:00:00.0005085</duration><startTime type="System.DateTime"><dateData type="System.UInt64">633673775000638396</dateData></startTime><endTime type="System.DateTime"><dateData type="System.UInt64">633673775000794656</dateData></endTime><spoolMessage type="System.Boolean">True</spoolMessage></UnitTestResult><UnitTestResult type="Microsoft.VisualStudio.TestTools.TestTypes.Unit.UnitTestResult, Microsoft.VisualStudio.QualityTools.Tips.UnitTest.ObjectModel, Version=8.0.0.0, Culture=neutral, PublicKeyToken=b03f5f7f11d50a3a"><resultType type="Microsoft.VisualStudio.TestTools.TestTypes.Unit.UnitTestResultType, Microsoft.VisualStudio.QualityTools.Tips.UnitTest.ObjectModel, Version=8.0.0.0, Culture=neutral, PublicKeyToken=b03f5f7f11d50a3a"><value__ type="System.Int32">0</value__></resultType><m_hasSufficientAccess type="System.Boolean">True</m_hasSufficientAccess><counters type="Microsoft.VisualStudio.TestTools.Common.TestResultCounter"><values type="System.Int32">0,0,0,0,0,0,0,0,0,0,0,0,0,0</values><total type="System.Int32">1</total></counters><categoryId type="Microsoft.VisualStudio.TestTools.Common.TestCategoryId"><id type="System.Guid">8c84fa94-04c1-424b-9868-57a2d4851a1d</id></categoryId><outcome type="Microsoft.VisualStudio.TestTools.Common.TestOutcome"><value__ type="System.Int32">10</value__></outcome><traceInfo type="Microsoft.VisualStudio.TestTools.Common.TestExecutionTraceInformation"><trace type="System.Text.StringBuilder">Creating instance of class BrownShoe.UnitTests.Services.Madison.RewardsProfileTest.
Calling Test method BrownShoe.UnitTests.Services.Madison.RewardsProfileTest.Microsoft.VisualStudio.TestTools.TestTypes.Unit.TestMethod.
</trace></traceInfo><stdout type="System.String" /><stderr type="System.String" /><debugTrace type="System.String" /><workItemIds type="System.Collections.Generic.List`1[[System.Int32, mscorlib, Version=2.0.0.0, Culture=neutral, PublicKeyToken=b77a5c561934e089]]"><_size type="System.Int32">0</_size><_version type="System.Int32">1</_version></workItemIds><id type="Microsoft.VisualStudio.TestTools.Common.TestResultId"><runId type="System.Guid">3d9a8baa-b9cb-4717-8a94-3c6445344217</runId><executionId type="Microsoft.VisualStudio.TestTools.Common.TestExecId"><id type="System.Guid">70650c09-f9b9-4b75-a379-6dfee65c62c2</id></executionId><parentExecId type="Microsoft.VisualStudio.TestTools.Common.TestExecId"><id type="System.Guid">00000000-0000-0000-0000-000000000000</id></parentExecId><testId type="Microsoft.VisualStudio.TestTools.Common.TestId"><id type="System.Guid">496d2976-646a-df03-84d5-340af19926c9</id></testId></id><testName type="System.String">WantEmailOffersTest</testName><testType type="Microsoft.VisualStudio.TestTools.Common.TestType"><id type="System.Guid">13cdc9d9-ddb5-4fa4-a97d-d965ccfc6d4b</id></testType><messageKind type="Microsoft.VisualStudio.TestTools.Common.TestMessageKind"><value__ type="System.Int32">1</value__></messageKind><computerInfo type="Microsoft.VisualStudio.TestTools.Common.ComputerInfo"><m_computerName type="System.String">ECDATA-TFS01</m_computerName></computerInfo><duration type="System.TimeSpan">00:00:00.0003600</duration><startTime type="System.DateTime"><dateData type="System.UInt64">633673775000794656</dateData></startTime><endTime type="System.DateTime"><dateData type="System.UInt64">633673775000794656</dateData></endTime><spoolMessage type="System.Boolean">True</spoolMessage></UnitTestResult><UnitTestResult type="Microsoft.VisualStudio.TestTools.TestTypes.Unit.UnitTestResult, Microsoft.VisualStudio.QualityTools.Tips.UnitTest.ObjectModel, Version=8.0.0.0, Culture=neutral, PublicKeyToken=b03f5f7f11d50a3a"><resultType type="Microsoft.VisualStudio.TestTools.TestTypes.Unit.UnitTestResultType, Microsoft.VisualStudio.QualityTools.Tips.UnitTest.ObjectModel, Version=8.0.0.0, Culture=neutral, PublicKeyToken=b03f5f7f11d50a3a"><value__ type="System.Int32">0</value__></resultType><m_hasSufficientAccess type="System.Boolean">True</m_hasSufficientAccess><counters type="Microsoft.VisualStudio.TestTools.Common.TestResultCounter"><values type="System.Int32">0,0,0,0,0,0,0,0,0,0,0,0,0,0</values><total type="System.Int32">1</total></counters><categoryId type="Microsoft.VisualStudio.TestTools.Common.TestCategoryId"><id type="System.Guid">8c84fa94-04c1-424b-9868-57a2d4851a1d</id></categoryId><outcome type="Microsoft.VisualStudio.TestTools.Common.TestOutcome"><value__ type="System.Int32">10</value__></outcome><traceInfo type="Microsoft.VisualStudio.TestTools.Common.TestExecutionTraceInformation"><trace type="System.Text.StringBuilder">Creating instance of class BrownShoe.UnitTests.Services.Madison.SizeDataTest.
Calling Test method BrownShoe.UnitTests.Services.Madison.SizeDataTest.Microsoft.VisualStudio.TestTools.TestTypes.Unit.TestMethod.
</trace></traceInfo><stdout type="System.String" /><stderr type="System.String" /><debugTrace type="System.String" /><workItemIds type="System.Collections.Generic.List`1[[System.Int32, mscorlib, Version=2.0.0.0, Culture=neutral, PublicKeyToken=b77a5c561934e089]]"><_size type="System.Int32">0</_size><_version type="System.Int32">1</_version></workItemIds><id type="Microsoft.VisualStudio.TestTools.Common.TestResultId"><runId type="System.Guid">3d9a8baa-b9cb-4717-8a94-3c6445344217</runId><executionId type="Microsoft.VisualStudio.TestTools.Common.TestExecId"><id type="System.Guid">0ccecbfd-7088-4ee1-ac53-a24c1a59dca5</id></executionId><parentExecId type="Microsoft.VisualStudio.TestTools.Common.TestExecId"><id type="System.Guid">00000000-0000-0000-0000-000000000000</id></parentExecId><testId type="Microsoft.VisualStudio.TestTools.Common.TestId"><id type="System.Guid">b80e42f3-29e0-a495-32b7-f4809a434115</id></testId></id><testName type="System.String">DisplaySizeTest</testName><testType type="Microsoft.VisualStudio.TestTools.Common.TestType"><id type="System.Guid">13cdc9d9-ddb5-4fa4-a97d-d965ccfc6d4b</id></testType><messageKind type="Microsoft.VisualStudio.TestTools.Common.TestMessageKind"><value__ type="System.Int32">1</value__></messageKind><computerInfo type="Microsoft.VisualStudio.TestTools.Common.ComputerInfo"><m_computerName type="System.String">ECDATA-TFS01</m_computerName></computerInfo><duration type="System.TimeSpan">00:00:00.0015284</duration><startTime type="System.DateTime"><dateData type="System.UInt64">633673775000794656</dateData></startTime><endTime type="System.DateTime"><dateData type="System.UInt64">633673775000794656</dateData></endTime><spoolMessage type="System.Boolean">True</spoolMessage></UnitTestResult><UnitTestResult type="Microsoft.VisualStudio.TestTools.TestTypes.Unit.UnitTestResult, Microsoft.VisualStudio.QualityTools.Tips.UnitTest.ObjectModel, Version=8.0.0.0, Culture=neutral, PublicKeyToken=b03f5f7f11d50a3a"><resultType type="Microsoft.VisualStudio.TestTools.TestTypes.Unit.UnitTestResultType, Microsoft.VisualStudio.QualityTools.Tips.UnitTest.ObjectModel, Version=8.0.0.0, Culture=neutral, PublicKeyToken=b03f5f7f11d50a3a"><value__ type="System.Int32">0</value__></resultType><m_hasSufficientAccess type="System.Boolean">True</m_hasSufficientAccess><counters type="Microsoft.VisualStudio.TestTools.Common.TestResultCounter"><values type="System.Int32">0,0,0,0,0,0,0,0,0,0,0,0,0,0</values><total type="System.Int32">1</total></counters><categoryId type="Microsoft.VisualStudio.TestTools.Common.TestCategoryId"><id type="System.Guid">8c84fa94-04c1-424b-9868-57a2d4851a1d</id></categoryId><outcome type="Microsoft.VisualStudio.TestTools.Common.TestOutcome"><value__ type="System.Int32">10</value__></outcome><traceInfo type="Microsoft.VisualStudio.TestTools.Common.TestExecutionTraceInformation"><trace type="System.Text.StringBuilder">Creating instance of class BrownShoe.UnitTests.Services.Madison.SizeDataTest.
Calling Test method BrownShoe.UnitTests.Services.Madison.SizeDataTest.Microsoft.VisualStudio.TestTools.TestTypes.Unit.TestMethod.
</trace></traceInfo><stdout type="System.String" /><stderr type="System.String" /><debugTrace type="System.String" /><workItemIds type="System.Collections.Generic.List`1[[System.Int32, mscorlib, Version=2.0.0.0, Culture=neutral, PublicKeyToken=b77a5c561934e089]]"><_size type="System.Int32">0</_size><_version type="System.Int32">1</_version></workItemIds><id type="Microsoft.VisualStudio.TestTools.Common.TestResultId"><runId type="System.Guid">3d9a8baa-b9cb-4717-8a94-3c6445344217</runId><executionId type="Microsoft.VisualStudio.TestTools.Common.TestExecId"><id type="System.Guid">db00bc7d-54c8-4358-8606-c27ebdb10c57</id></executionId><parentExecId type="Microsoft.VisualStudio.TestTools.Common.TestExecId"><id type="System.Guid">00000000-0000-0000-0000-000000000000</id></parentExecId><testId type="Microsoft.VisualStudio.TestTools.Common.TestId"><id type="System.Guid">9f63df3d-0c46-0261-6fef-0b6710969a05</id></testId></id><testName type="System.String">DisplayWidthTest</testName><testType type="Microsoft.VisualStudio.TestTools.Common.TestType"><id type="System.Guid">13cdc9d9-ddb5-4fa4-a97d-d965ccfc6d4b</id></testType><messageKind type="Microsoft.VisualStudio.TestTools.Common.TestMessageKind"><value__ type="System.Int32">1</value__></messageKind><computerInfo type="Microsoft.VisualStudio.TestTools.Common.ComputerInfo"><m_computerName type="System.String">ECDATA-TFS01</m_computerName></computerInfo><duration type="System.TimeSpan">00:00:00.0003784</duration><startTime type="System.DateTime"><dateData type="System.UInt64">633673775000794656</dateData></startTime><endTime type="System.DateTime"><dateData type="System.UInt64">633673775000950916</dateData></endTime><spoolMessage type="System.Boolean">True</spoolMessage></UnitTestResult><UnitTestResult type="Microsoft.VisualStudio.TestTools.TestTypes.Unit.UnitTestResult, Microsoft.VisualStudio.QualityTools.Tips.UnitTest.ObjectModel, Version=8.0.0.0, Culture=neutral, PublicKeyToken=b03f5f7f11d50a3a"><resultType type="Microsoft.VisualStudio.TestTools.TestTypes.Unit.UnitTestResultType, Microsoft.VisualStudio.QualityTools.Tips.UnitTest.ObjectModel, Version=8.0.0.0, Culture=neutral, PublicKeyToken=b03f5f7f11d50a3a"><value__ type="System.Int32">0</value__></resultType><m_hasSufficientAccess type="System.Boolean">True</m_hasSufficientAccess><counters type="Microsoft.VisualStudio.TestTools.Common.TestResultCounter"><values type="System.Int32">0,0,0,0,0,0,0,0,0,0,0,0,0,0</values><total type="System.Int32">1</total></counters><categoryId type="Microsoft.VisualStudio.TestTools.Common.TestCategoryId"><id type="System.Guid">8c84fa94-04c1-424b-9868-57a2d4851a1d</id></categoryId><outcome type="Microsoft.VisualStudio.TestTools.Common.TestOutcome"><value__ type="System.Int32">10</value__></outcome><traceInfo type="Microsoft.VisualStudio.TestTools.Common.TestExecutionTraceInformation"><trace type="System.Text.StringBuilder">Creating instance of class BrownShoe.UnitTests.Services.Madison.SizeDataTest.
Calling Test method BrownShoe.UnitTests.Services.Madison.SizeDataTest.Microsoft.VisualStudio.TestTools.TestTypes.Unit.TestMethod.
</trace></traceInfo><stdout type="System.String" /><stderr type="System.String" /><debugTrace type="System.String" /><workItemIds type="System.Collections.Generic.List`1[[System.Int32, mscorlib, Version=2.0.0.0, Culture=neutral, PublicKeyToken=b77a5c561934e089]]"><_size type="System.Int32">0</_size><_version type="System.Int32">1</_version></workItemIds><id type="Microsoft.VisualStudio.TestTools.Common.TestResultId"><runId type="System.Guid">3d9a8baa-b9cb-4717-8a94-3c6445344217</runId><executionId type="Microsoft.VisualStudio.TestTools.Common.TestExecId"><id type="System.Guid">4cfbb9cb-d32d-4076-a778-11d8aa933a24</id></executionId><parentExecId type="Microsoft.VisualStudio.TestTools.Common.TestExecId"><id type="System.Guid">00000000-0000-0000-0000-000000000000</id></parentExecId><testId type="Microsoft.VisualStudio.TestTools.Common.TestId"><id type="System.Guid">a634bebe-8b79-344f-7e2e-accfb240c549</id></testId></id><testName type="System.String">NumericSizeTest</testName><testType type="Microsoft.VisualStudio.TestTools.Common.TestType"><id type="System.Guid">13cdc9d9-ddb5-4fa4-a97d-d965ccfc6d4b</id></testType><messageKind type="Microsoft.VisualStudio.TestTools.Common.TestMessageKind"><value__ type="System.Int32">1</value__></messageKind><computerInfo type="Microsoft.VisualStudio.TestTools.Common.ComputerInfo"><m_computerName type="System.String">ECDATA-TFS01</m_computerName></computerInfo><duration type="System.TimeSpan">00:00:00.0006137</duration><startTime type="System.DateTime"><dateData type="System.UInt64">633673775000950916</dateData></startTime><endTime type="System.DateTime"><dateData type="System.UInt64">633673775000950916</dateData></endTime><spoolMessage type="System.Boolean">True</spoolMessage></UnitTestResult><UnitTestResult type="Microsoft.VisualStudio.TestTools.TestTypes.Unit.UnitTestResult, Microsoft.VisualStudio.QualityTools.Tips.UnitTest.ObjectModel, Version=8.0.0.0, Culture=neutral, PublicKeyToken=b03f5f7f11d50a3a"><resultType type="Microsoft.VisualStudio.TestTools.TestTypes.Unit.UnitTestResultType, Microsoft.VisualStudio.QualityTools.Tips.UnitTest.ObjectModel, Version=8.0.0.0, Culture=neutral, PublicKeyToken=b03f5f7f11d50a3a"><value__ type="System.Int32">0</value__></resultType><m_hasSufficientAccess type="System.Boolean">True</m_hasSufficientAccess><counters type="Microsoft.VisualStudio.TestTools.Common.TestResultCounter"><values type="System.Int32">0,0,0,0,0,0,0,0,0,0,0,0,0,0</values><total type="System.Int32">1</total></counters><categoryId type="Microsoft.VisualStudio.TestTools.Common.TestCategoryId"><id type="System.Guid">8c84fa94-04c1-424b-9868-57a2d4851a1d</id></categoryId><outcome type="Microsoft.VisualStudio.TestTools.Common.TestOutcome"><value__ type="System.Int32">10</value__></outcome><traceInfo type="Microsoft.VisualStudio.TestTools.Common.TestExecutionTraceInformation"><trace type="System.Text.StringBuilder">Creating instance of class BrownShoe.UnitTests.Services.Madison.SizeDataTest.
Calling Test method BrownShoe.UnitTests.Services.Madison.SizeDataTest.Microsoft.VisualStudio.TestTools.TestTypes.Unit.TestMethod.
</trace></traceInfo><stdout type="System.String" /><stderr type="System.String" /><debugTrace type="System.String" /><workItemIds type="System.Collections.Generic.List`1[[System.Int32, mscorlib, Version=2.0.0.0, Culture=neutral, PublicKeyToken=b77a5c561934e089]]"><_size type="System.Int32">0</_size><_version type="System.Int32">1</_version></workItemIds><id type="Microsoft.VisualStudio.TestTools.Common.TestResultId"><runId type="System.Guid">3d9a8baa-b9cb-4717-8a94-3c6445344217</runId><executionId type="Microsoft.VisualStudio.TestTools.Common.TestExecId"><id type="System.Guid">091c0165-bfe2-4161-8f31-e85e18ce7fce</id></executionId><parentExecId type="Microsoft.VisualStudio.TestTools.Common.TestExecId"><id type="System.Guid">00000000-0000-0000-0000-000000000000</id></parentExecId><testId type="Microsoft.VisualStudio.TestTools.Common.TestId"><id type="System.Guid">7e1774f9-e96f-d335-cee5-7b0d24251c34</id></testId></id><testName type="System.String">NumericWidthTest</testName><testType type="Microsoft.VisualStudio.TestTools.Common.TestType"><id type="System.Guid">13cdc9d9-ddb5-4fa4-a97d-d965ccfc6d4b</id></testType><messageKind type="Microsoft.VisualStudio.TestTools.Common.TestMessageKind"><value__ type="System.Int32">1</value__></messageKind><computerInfo type="Microsoft.VisualStudio.TestTools.Common.ComputerInfo"><m_computerName type="System.String">ECDATA-TFS01</m_computerName></computerInfo><duration type="System.TimeSpan">00:00:00.0005310</duration><startTime type="System.DateTime"><dateData type="System.UInt64">633673775000950916</dateData></startTime><endTime type="System.DateTime"><dateData type="System.UInt64">633673775001107176</dateData></endTime><spoolMessage type="System.Boolean">True</spoolMessage></UnitTestResult><UnitTestResult type="Microsoft.VisualStudio.TestTools.TestTypes.Unit.UnitTestResult, Microsoft.VisualStudio.QualityTools.Tips.UnitTest.ObjectModel, Version=8.0.0.0, Culture=neutral, PublicKeyToken=b03f5f7f11d50a3a"><resultType type="Microsoft.VisualStudio.TestTools.TestTypes.Unit.UnitTestResultType, Microsoft.VisualStudio.QualityTools.Tips.UnitTest.ObjectModel, Version=8.0.0.0, Culture=neutral, PublicKeyToken=b03f5f7f11d50a3a"><value__ type="System.Int32">0</value__></resultType><m_hasSufficientAccess type="System.Boolean">True</m_hasSufficientAccess><counters type="Microsoft.VisualStudio.TestTools.Common.TestResultCounter"><values type="System.Int32">0,0,0,0,0,0,0,0,0,0,0,0,0,0</values><total type="System.Int32">1</total></counters><categoryId type="Microsoft.VisualStudio.TestTools.Common.TestCategoryId"><id type="System.Guid">8c84fa94-04c1-424b-9868-57a2d4851a1d</id></categoryId><outcome type="Microsoft.VisualStudio.TestTools.Common.TestOutcome"><value__ type="System.Int32">10</value__></outcome><traceInfo type="Microsoft.VisualStudio.TestTools.Common.TestExecutionTraceInformation"><trace type="System.Text.StringBuilder">Creating instance of class BrownShoe.UnitTests.Services.Madison.StoreLocationTest.
Calling Test method BrownShoe.UnitTests.Services.Madison.StoreLocationTest.Microsoft.VisualStudio.TestTools.TestTypes.Unit.TestMethod.
</trace></traceInfo><stdout type="System.String" /><stderr type="System.String" /><debugTrace type="System.String" /><workItemIds type="System.Collections.Generic.List`1[[System.Int32, mscorlib, Version=2.0.0.0, Culture=neutral, PublicKeyToken=b77a5c561934e089]]"><_size type="System.Int32">0</_size><_version type="System.Int32">1</_version></workItemIds><id type="Microsoft.VisualStudio.TestTools.Common.TestResultId"><runId type="System.Guid">3d9a8baa-b9cb-4717-8a94-3c6445344217</runId><executionId type="Microsoft.VisualStudio.TestTools.Common.TestExecId"><id type="System.Guid">65b46f16-526c-47e3-a718-e3bdbd801cd1</id></executionId><parentExecId type="Microsoft.VisualStudio.TestTools.Common.TestExecId"><id type="System.Guid">00000000-0000-0000-0000-000000000000</id></parentExecId><testId type="Microsoft.VisualStudio.TestTools.Common.TestId"><id type="System.Guid">072e81db-fa89-38f4-34d7-326f10e7439e</id></testId></id><testName type="System.String">AddressLine1Test</testName><testType type="Microsoft.VisualStudio.TestTools.Common.TestType"><id type="System.Guid">13cdc9d9-ddb5-4fa4-a97d-d965ccfc6d4b</id></testType><messageKind type="Microsoft.VisualStudio.TestTools.Common.TestMessageKind"><value__ type="System.Int32">1</value__></messageKind><computerInfo type="Microsoft.VisualStudio.TestTools.Common.ComputerInfo"><m_computerName type="System.String">ECDATA-TFS01</m_computerName></computerInfo><duration type="System.TimeSpan">00:00:00.0010017</duration><startTime type="System.DateTime"><dateData type="System.UInt64">633673775001107176</dateData></startTime><endTime type="System.DateTime"><dateData type="System.UInt64">633673775001107176</dateData></endTime><spoolMessage type="System.Boolean">True</spoolMessage></UnitTestResult><UnitTestResult type="Microsoft.VisualStudio.TestTools.TestTypes.Unit.UnitTestResult, Microsoft.VisualStudio.QualityTools.Tips.UnitTest.ObjectModel, Version=8.0.0.0, Culture=neutral, PublicKeyToken=b03f5f7f11d50a3a"><resultType type="Microsoft.VisualStudio.TestTools.TestTypes.Unit.UnitTestResultType, Microsoft.VisualStudio.QualityTools.Tips.UnitTest.ObjectModel, Version=8.0.0.0, Culture=neutral, PublicKeyToken=b03f5f7f11d50a3a"><value__ type="System.Int32">0</value__></resultType><m_hasSufficientAccess type="System.Boolean">True</m_hasSufficientAccess><counters type="Microsoft.VisualStudio.TestTools.Common.TestResultCounter"><values type="System.Int32">0,0,0,0,0,0,0,0,0,0,0,0,0,0</values><total type="System.Int32">1</total></counters><categoryId type="Microsoft.VisualStudio.TestTools.Common.TestCategoryId"><id type="System.Guid">8c84fa94-04c1-424b-9868-57a2d4851a1d</id></categoryId><outcome type="Microsoft.VisualStudio.TestTools.Common.TestOutcome"><value__ type="System.Int32">10</value__></outcome><traceInfo type="Microsoft.VisualStudio.TestTools.Common.TestExecutionTraceInformation"><trace type="System.Text.StringBuilder">Creating instance of class BrownShoe.UnitTests.Services.Madison.StoreLocationTest.
Calling Test method BrownShoe.UnitTests.Services.Madison.StoreLocationTest.Microsoft.VisualStudio.TestTools.TestTypes.Unit.TestMethod.
</trace></traceInfo><stdout type="System.String" /><stderr type="System.String" /><debugTrace type="System.String" /><workItemIds type="System.Collections.Generic.List`1[[System.Int32, mscorlib, Version=2.0.0.0, Culture=neutral, PublicKeyToken=b77a5c561934e089]]"><_size type="System.Int32">0</_size><_version type="System.Int32">1</_version></workItemIds><id type="Microsoft.VisualStudio.TestTools.Common.TestResultId"><runId type="System.Guid">3d9a8baa-b9cb-4717-8a94-3c6445344217</runId><executionId type="Microsoft.VisualStudio.TestTools.Common.TestExecId"><id type="System.Guid">13ce2046-8392-43d1-b927-d7654c5a5095</id></executionId><parentExecId type="Microsoft.VisualStudio.TestTools.Common.TestExecId"><id type="System.Guid">00000000-0000-0000-0000-000000000000</id></parentExecId><testId type="Microsoft.VisualStudio.TestTools.Common.TestId"><id type="System.Guid">4749a339-6463-c830-87e1-8927755bf626</id></testId></id><testName type="System.String">AddressLine2Test</testName><testType type="Microsoft.VisualStudio.TestTools.Common.TestType"><id type="System.Guid">13cdc9d9-ddb5-4fa4-a97d-d965ccfc6d4b</id></testType><messageKind type="Microsoft.VisualStudio.TestTools.Common.TestMessageKind"><value__ type="System.Int32">1</value__></messageKind><computerInfo type="Microsoft.VisualStudio.TestTools.Common.ComputerInfo"><m_computerName type="System.String">ECDATA-TFS01</m_computerName></computerInfo><duration type="System.TimeSpan">00:00:00.0005845</duration><startTime type="System.DateTime"><dateData type="System.UInt64">633673775001107176</dateData></startTime><endTime type="System.DateTime"><dateData type="System.UInt64">633673775001263436</dateData></endTime><spoolMessage type="System.Boolean">True</spoolMessage></UnitTestResult><UnitTestResult type="Microsoft.VisualStudio.TestTools.TestTypes.Unit.UnitTestResult, Microsoft.VisualStudio.QualityTools.Tips.UnitTest.ObjectModel, Version=8.0.0.0, Culture=neutral, PublicKeyToken=b03f5f7f11d50a3a"><resultType type="Microsoft.VisualStudio.TestTools.TestTypes.Unit.UnitTestResultType, Microsoft.VisualStudio.QualityTools.Tips.UnitTest.ObjectModel, Version=8.0.0.0, Culture=neutral, PublicKeyToken=b03f5f7f11d50a3a"><value__ type="System.Int32">0</value__></resultType><m_hasSufficientAccess type="System.Boolean">True</m_hasSufficientAccess><counters type="Microsoft.VisualStudio.TestTools.Common.TestResultCounter"><values type="System.Int32">0,0,0,0,0,0,0,0,0,0,0,0,0,0</values><total type="System.Int32">1</total></counters><categoryId type="Microsoft.VisualStudio.TestTools.Common.TestCategoryId"><id type="System.Guid">8c84fa94-04c1-424b-9868-57a2d4851a1d</id></categoryId><outcome type="Microsoft.VisualStudio.TestTools.Common.TestOutcome"><value__ type="System.Int32">10</value__></outcome><traceInfo type="Microsoft.VisualStudio.TestTools.Common.TestExecutionTraceInformation"><trace type="System.Text.StringBuilder">Creating instance of class BrownShoe.UnitTests.Services.Madison.StoreLocationTest.
Calling Test method BrownShoe.UnitTests.Services.Madison.StoreLocationTest.Microsoft.VisualStudio.TestTools.TestTypes.Unit.TestMethod.
</trace></traceInfo><stdout type="System.String" /><stderr type="System.String" /><debugTrace type="System.String" /><workItemIds type="System.Collections.Generic.List`1[[System.Int32, mscorlib, Version=2.0.0.0, Culture=neutral, PublicKeyToken=b77a5c561934e089]]"><_size type="System.Int32">0</_size><_version type="System.Int32">1</_version></workItemIds><id type="Microsoft.VisualStudio.TestTools.Common.TestResultId"><runId type="System.Guid">3d9a8baa-b9cb-4717-8a94-3c6445344217</runId><executionId type="Microsoft.VisualStudio.TestTools.Common.TestExecId"><id type="System.Guid">53ea9a87-3f54-4ec8-9cb9-8767160908ea</id></executionId><parentExecId type="Microsoft.VisualStudio.TestTools.Common.TestExecId"><id type="System.Guid">00000000-0000-0000-0000-000000000000</id></parentExecId><testId type="Microsoft.VisualStudio.TestTools.Common.TestId"><id type="System.Guid">fff0d6a7-523c-4f50-71d8-b7c2c709999e</id></testId></id><testName type="System.String">CityTest</testName><testType type="Microsoft.VisualStudio.TestTools.Common.TestType"><id type="System.Guid">13cdc9d9-ddb5-4fa4-a97d-d965ccfc6d4b</id></testType><messageKind type="Microsoft.VisualStudio.TestTools.Common.TestMessageKind"><value__ type="System.Int32">1</value__></messageKind><computerInfo type="Microsoft.VisualStudio.TestTools.Common.ComputerInfo"><m_computerName type="System.String">ECDATA-TFS01</m_computerName></computerInfo><duration type="System.TimeSpan">00:00:00.0004280</duration><startTime type="System.DateTime"><dateData type="System.UInt64">633673775001263436</dateData></startTime><endTime type="System.DateTime"><dateData type="System.UInt64">633673775001263436</dateData></endTime><spoolMessage type="System.Boolean">True</spoolMessage></UnitTestResult><UnitTestResult type="Microsoft.VisualStudio.TestTools.TestTypes.Unit.UnitTestResult, Microsoft.VisualStudio.QualityTools.Tips.UnitTest.ObjectModel, Version=8.0.0.0, Culture=neutral, PublicKeyToken=b03f5f7f11d50a3a"><resultType type="Microsoft.VisualStudio.TestTools.TestTypes.Unit.UnitTestResultType, Microsoft.VisualStudio.QualityTools.Tips.UnitTest.ObjectModel, Version=8.0.0.0, Culture=neutral, PublicKeyToken=b03f5f7f11d50a3a"><value__ type="System.Int32">0</value__></resultType><m_hasSufficientAccess type="System.Boolean">True</m_hasSufficientAccess><counters type="Microsoft.VisualStudio.TestTools.Common.TestResultCounter"><values type="System.Int32">0,0,0,0,0,0,0,0,0,0,0,0,0,0</values><total type="System.Int32">1</total></counters><categoryId type="Microsoft.VisualStudio.TestTools.Common.TestCategoryId"><id type="System.Guid">8c84fa94-04c1-424b-9868-57a2d4851a1d</id></categoryId><outcome type="Microsoft.VisualStudio.TestTools.Common.TestOutcome"><value__ type="System.Int32">10</value__></outcome><traceInfo type="Microsoft.VisualStudio.TestTools.Common.TestExecutionTraceInformation"><trace type="System.Text.StringBuilder">Creating instance of class BrownShoe.UnitTests.Services.Madison.StoreLocationTest.
Calling Test method BrownShoe.UnitTests.Services.Madison.StoreLocationTest.Microsoft.VisualStudio.TestTools.TestTypes.Unit.TestMethod.
</trace></traceInfo><stdout type="System.String" /><stderr type="System.String" /><debugTrace type="System.String" /><workItemIds type="System.Collections.Generic.List`1[[System.Int32, mscorlib, Version=2.0.0.0, Culture=neutral, PublicKeyToken=b77a5c561934e089]]"><_size type="System.Int32">0</_size><_version type="System.Int32">1</_version></workItemIds><id type="Microsoft.VisualStudio.TestTools.Common.TestResultId"><runId type="System.Guid">3d9a8baa-b9cb-4717-8a94-3c6445344217</runId><executionId type="Microsoft.VisualStudio.TestTools.Common.TestExecId"><id type="System.Guid">ee9bd592-6990-4756-b6a2-7f6f396d3fec</id></executionId><parentExecId type="Microsoft.VisualStudio.TestTools.Common.TestExecId"><id type="System.Guid">00000000-0000-0000-0000-000000000000</id></parentExecId><testId type="Microsoft.VisualStudio.TestTools.Common.TestId"><id type="System.Guid">22d52f29-3531-4d85-99c3-8704ba5110a4</id></testId></id><testName type="System.String">IntersectionStreetTest</testName><testType type="Microsoft.VisualStudio.TestTools.Common.TestType"><id type="System.Guid">13cdc9d9-ddb5-4fa4-a97d-d965ccfc6d4b</id></testType><messageKind type="Microsoft.VisualStudio.TestTools.Common.TestMessageKind"><value__ type="System.Int32">1</value__></messageKind><computerInfo type="Microsoft.VisualStudio.TestTools.Common.ComputerInfo"><m_computerName type="System.String">ECDATA-TFS01</m_computerName></computerInfo><duration type="System.TimeSpan">00:00:00.0004414</duration><startTime type="System.DateTime"><dateData type="System.UInt64">633673775001263436</dateData></startTime><endTime type="System.DateTime"><dateData type="System.UInt64">633673775001419696</dateData></endTime><spoolMessage type="System.Boolean">True</spoolMessage></UnitTestResult><UnitTestResult type="Microsoft.VisualStudio.TestTools.TestTypes.Unit.UnitTestResult, Microsoft.VisualStudio.QualityTools.Tips.UnitTest.ObjectModel, Version=8.0.0.0, Culture=neutral, PublicKeyToken=b03f5f7f11d50a3a"><resultType type="Microsoft.VisualStudio.TestTools.TestTypes.Unit.UnitTestResultType, Microsoft.VisualStudio.QualityTools.Tips.UnitTest.ObjectModel, Version=8.0.0.0, Culture=neutral, PublicKeyToken=b03f5f7f11d50a3a"><value__ type="System.Int32">0</value__></resultType><m_hasSufficientAccess type="System.Boolean">True</m_hasSufficientAccess><counters type="Microsoft.VisualStudio.TestTools.Common.TestResultCounter"><values type="System.Int32">0,0,0,0,0,0,0,0,0,0,0,0,0,0</values><total type="System.Int32">1</total></counters><categoryId type="Microsoft.VisualStudio.TestTools.Common.TestCategoryId"><id type="System.Guid">8c84fa94-04c1-424b-9868-57a2d4851a1d</id></categoryId><outcome type="Microsoft.VisualStudio.TestTools.Common.TestOutcome"><value__ type="System.Int32">10</value__></outcome><traceInfo type="Microsoft.VisualStudio.TestTools.Common.TestExecutionTraceInformation"><trace type="System.Text.StringBuilder">Creating instance of class BrownShoe.UnitTests.Services.Madison.StoreLocationTest.
Calling Test method BrownShoe.UnitTests.Services.Madison.StoreLocationTest.Microsoft.VisualStudio.TestTools.TestTypes.Unit.TestMethod.
</trace></traceInfo><stdout type="System.String" /><stderr type="System.String" /><debugTrace type="System.String" /><workItemIds type="System.Collections.Generic.List`1[[System.Int32, mscorlib, Version=2.0.0.0, Culture=neutral, PublicKeyToken=b77a5c561934e089]]"><_size type="System.Int32">0</_size><_version type="System.Int32">1</_version></workItemIds><id type="Microsoft.VisualStudio.TestTools.Common.TestResultId"><runId type="System.Guid">3d9a8baa-b9cb-4717-8a94-3c6445344217</runId><executionId type="Microsoft.VisualStudio.TestTools.Common.TestExecId"><id type="System.Guid">dfe0dbdd-e52d-40ee-9f81-8cfaa7b2028c</id></executionId><parentExecId type="Microsoft.VisualStudio.TestTools.Common.TestExecId"><id type="System.Guid">00000000-0000-0000-0000-000000000000</id></parentExecId><testId type="Microsoft.VisualStudio.TestTools.Common.TestId"><id type="System.Guid">1986844d-95db-d075-2bee-adba2fe9da7c</id></testId></id><testName type="System.String">PostalCodeTest</testName><testType type="Microsoft.VisualStudio.TestTools.Common.TestType"><id type="System.Guid">13cdc9d9-ddb5-4fa4-a97d-d965ccfc6d4b</id></testType><messageKind type="Microsoft.VisualStudio.TestTools.Common.TestMessageKind"><value__ type="System.Int32">1</value__></messageKind><computerInfo type="Microsoft.VisualStudio.TestTools.Common.ComputerInfo"><m_computerName type="System.String">ECDATA-TFS01</m_computerName></computerInfo><duration type="System.TimeSpan">00:00:00.0003751</duration><startTime type="System.DateTime"><dateData type="System.UInt64">633673775001419696</dateData></startTime><endTime type="System.DateTime"><dateData type="System.UInt64">633673775001419696</dateData></endTime><spoolMessage type="System.Boolean">True</spoolMessage></UnitTestResult><UnitTestResult type="Microsoft.VisualStudio.TestTools.TestTypes.Unit.UnitTestResult, Microsoft.VisualStudio.QualityTools.Tips.UnitTest.ObjectModel, Version=8.0.0.0, Culture=neutral, PublicKeyToken=b03f5f7f11d50a3a"><resultType type="Microsoft.VisualStudio.TestTools.TestTypes.Unit.UnitTestResultType, Microsoft.VisualStudio.QualityTools.Tips.UnitTest.ObjectModel, Version=8.0.0.0, Culture=neutral, PublicKeyToken=b03f5f7f11d50a3a"><value__ type="System.Int32">0</value__></resultType><m_hasSufficientAccess type="System.Boolean">True</m_hasSufficientAccess><counters type="Microsoft.VisualStudio.TestTools.Common.TestResultCounter"><values type="System.Int32">0,0,0,0,0,0,0,0,0,0,0,0,0,0</values><total type="System.Int32">1</total></counters><categoryId type="Microsoft.VisualStudio.TestTools.Common.TestCategoryId"><id type="System.Guid">8c84fa94-04c1-424b-9868-57a2d4851a1d</id></categoryId><outcome type="Microsoft.VisualStudio.TestTools.Common.TestOutcome"><value__ type="System.Int32">10</value__></outcome><traceInfo type="Microsoft.VisualStudio.TestTools.Common.TestExecutionTraceInformation"><trace type="System.Text.StringBuilder">Creating instance of class BrownShoe.UnitTests.Services.Madison.StoreLocationTest.
Calling Test method BrownShoe.UnitTests.Services.Madison.StoreLocationTest.Microsoft.VisualStudio.TestTools.TestTypes.Unit.TestMethod.
</trace></traceInfo><stdout type="System.String" /><stderr type="System.String" /><debugTrace type="System.String" /><workItemIds type="System.Collections.Generic.List`1[[System.Int32, mscorlib, Version=2.0.0.0, Culture=neutral, PublicKeyToken=b77a5c561934e089]]"><_size type="System.Int32">0</_size><_version type="System.Int32">1</_version></workItemIds><id type="Microsoft.VisualStudio.TestTools.Common.TestResultId"><runId type="System.Guid">3d9a8baa-b9cb-4717-8a94-3c6445344217</runId><executionId type="Microsoft.VisualStudio.TestTools.Common.TestExecId"><id type="System.Guid">221a7593-a27e-4aad-ad07-0204f6a69fe1</id></executionId><parentExecId type="Microsoft.VisualStudio.TestTools.Common.TestExecId"><id type="System.Guid">00000000-0000-0000-0000-000000000000</id></parentExecId><testId type="Microsoft.VisualStudio.TestTools.Common.TestId"><id type="System.Guid">6895f1f8-6e79-3a51-97e1-567b07e2d940</id></testId></id><testName type="System.String">QuantityTest</testName><testType type="Microsoft.VisualStudio.TestTools.Common.TestType"><id type="System.Guid">13cdc9d9-ddb5-4fa4-a97d-d965ccfc6d4b</id></testType><messageKind type="Microsoft.VisualStudio.TestTools.Common.TestMessageKind"><value__ type="System.Int32">1</value__></messageKind><computerInfo type="Microsoft.VisualStudio.TestTools.Common.ComputerInfo"><m_computerName type="System.String">ECDATA-TFS01</m_computerName></computerInfo><duration type="System.TimeSpan">00:00:00.0003938</duration><startTime type="System.DateTime"><dateData type="System.UInt64">633673775001419696</dateData></startTime><endTime type="System.DateTime"><dateData type="System.UInt64">633673775001575956</dateData></endTime><spoolMessage type="System.Boolean">True</spoolMessage></UnitTestResult><UnitTestResult type="Microsoft.VisualStudio.TestTools.TestTypes.Unit.UnitTestResult, Microsoft.VisualStudio.QualityTools.Tips.UnitTest.ObjectModel, Version=8.0.0.0, Culture=neutral, PublicKeyToken=b03f5f7f11d50a3a"><resultType type="Microsoft.VisualStudio.TestTools.TestTypes.Unit.UnitTestResultType, Microsoft.VisualStudio.QualityTools.Tips.UnitTest.ObjectModel, Version=8.0.0.0, Culture=neutral, PublicKeyToken=b03f5f7f11d50a3a"><value__ type="System.Int32">0</value__></resultType><m_hasSufficientAccess type="System.Boolean">True</m_hasSufficientAccess><counters type="Microsoft.VisualStudio.TestTools.Common.TestResultCounter"><values type="System.Int32">0,0,0,0,0,0,0,0,0,0,0,0,0,0</values><total type="System.Int32">1</total></counters><categoryId type="Microsoft.VisualStudio.TestTools.Common.TestCategoryId"><id type="System.Guid">8c84fa94-04c1-424b-9868-57a2d4851a1d</id></categoryId><outcome type="Microsoft.VisualStudio.TestTools.Common.TestOutcome"><value__ type="System.Int32">10</value__></outcome><traceInfo type="Microsoft.VisualStudio.TestTools.Common.TestExecutionTraceInformation"><trace type="System.Text.StringBuilder">Creating instance of class BrownShoe.UnitTests.Services.Madison.StoreLocationTest.
Calling Test method BrownShoe.UnitTests.Services.Madison.StoreLocationTest.Microsoft.VisualStudio.TestTools.TestTypes.Unit.TestMethod.
</trace></traceInfo><stdout type="System.String" /><stderr type="System.String" /><debugTrace type="System.String" /><workItemIds type="System.Collections.Generic.List`1[[System.Int32, mscorlib, Version=2.0.0.0, Culture=neutral, PublicKeyToken=b77a5c561934e089]]"><_size type="System.Int32">0</_size><_version type="System.Int32">1</_version></workItemIds><id type="Microsoft.VisualStudio.TestTools.Common.TestResultId"><runId type="System.Guid">3d9a8baa-b9cb-4717-8a94-3c6445344217</runId><executionId type="Microsoft.VisualStudio.TestTools.Common.TestExecId"><id type="System.Guid">09ab5cb7-199c-4ef0-a29a-dd5fc13f8ae1</id></executionId><parentExecId type="Microsoft.VisualStudio.TestTools.Common.TestExecId"><id type="System.Guid">00000000-0000-0000-0000-000000000000</id></parentExecId><testId type="Microsoft.VisualStudio.TestTools.Common.TestId"><id type="System.Guid">0dda3e02-b949-2246-34c0-6dcde2fe2147</id></testId></id><testName type="System.String">RegionTest</testName><testType type="Microsoft.VisualStudio.TestTools.Common.TestType"><id type="System.Guid">13cdc9d9-ddb5-4fa4-a97d-d965ccfc6d4b</id></testType><messageKind type="Microsoft.VisualStudio.TestTools.Common.TestMessageKind"><value__ type="System.Int32">1</value__></messageKind><computerInfo type="Microsoft.VisualStudio.TestTools.Common.ComputerInfo"><m_computerName type="System.String">ECDATA-TFS01</m_computerName></computerInfo><duration type="System.TimeSpan">00:00:00.0004502</duration><startTime type="System.DateTime"><dateData type="System.UInt64">633673775001575956</dateData></startTime><endTime type="System.DateTime"><dateData type="System.UInt64">633673775001575956</dateData></endTime><spoolMessage type="System.Boolean">True</spoolMessage></UnitTestResult><UnitTestResult type="Microsoft.VisualStudio.TestTools.TestTypes.Unit.UnitTestResult, Microsoft.VisualStudio.QualityTools.Tips.UnitTest.ObjectModel, Version=8.0.0.0, Culture=neutral, PublicKeyToken=b03f5f7f11d50a3a"><resultType type="Microsoft.VisualStudio.TestTools.TestTypes.Unit.UnitTestResultType, Microsoft.VisualStudio.QualityTools.Tips.UnitTest.ObjectModel, Version=8.0.0.0, Culture=neutral, PublicKeyToken=b03f5f7f11d50a3a"><value__ type="System.Int32">0</value__></resultType><m_hasSufficientAccess type="System.Boolean">True</m_hasSufficientAccess><counters type="Microsoft.VisualStudio.TestTools.Common.TestResultCounter"><values type="System.Int32">0,0,0,0,0,0,0,0,0,0,0,0,0,0</values><total type="System.Int32">1</total></counters><categoryId type="Microsoft.VisualStudio.TestTools.Common.TestCategoryId"><id type="System.Guid">8c84fa94-04c1-424b-9868-57a2d4851a1d</id></categoryId><outcome type="Microsoft.VisualStudio.TestTools.Common.TestOutcome"><value__ type="System.Int32">10</value__></outcome><traceInfo type="Microsoft.VisualStudio.TestTools.Common.TestExecutionTraceInformation"><trace type="System.Text.StringBuilder">Creating instance of class BrownShoe.UnitTests.Services.Madison.StoreLocationTest.
Calling Test method BrownShoe.UnitTests.Services.Madison.StoreLocationTest.Microsoft.VisualStudio.TestTools.TestTypes.Unit.TestMethod.
</trace></traceInfo><stdout type="System.String" /><stderr type="System.String" /><debugTrace type="System.String" /><workItemIds type="System.Collections.Generic.List`1[[System.Int32, mscorlib, Version=2.0.0.0, Culture=neutral, PublicKeyToken=b77a5c561934e089]]"><_size type="System.Int32">0</_size><_version type="System.Int32">1</_version></workItemIds><id type="Microsoft.VisualStudio.TestTools.Common.TestResultId"><runId type="System.Guid">3d9a8baa-b9cb-4717-8a94-3c6445344217</runId><executionId type="Microsoft.VisualStudio.TestTools.Common.TestExecId"><id type="System.Guid">bd8c348c-cfd1-4d7d-b13d-db81bbba656e</id></executionId><parentExecId type="Microsoft.VisualStudio.TestTools.Common.TestExecId"><id type="System.Guid">00000000-0000-0000-0000-000000000000</id></parentExecId><testId type="Microsoft.VisualStudio.TestTools.Common.TestId"><id type="System.Guid">094ea6fa-f48f-2dc5-23f2-e770c5c582c9</id></testId></id><testName type="System.String">RemodelEndDateTest</testName><testType type="Microsoft.VisualStudio.TestTools.Common.TestType"><id type="System.Guid">13cdc9d9-ddb5-4fa4-a97d-d965ccfc6d4b</id></testType><messageKind type="Microsoft.VisualStudio.TestTools.Common.TestMessageKind"><value__ type="System.Int32">1</value__></messageKind><computerInfo type="Microsoft.VisualStudio.TestTools.Common.ComputerInfo"><m_computerName type="System.String">ECDATA-TFS01</m_computerName></computerInfo><duration type="System.TimeSpan">00:00:00.0004221</duration><startTime type="System.DateTime"><dateData type="System.UInt64">633673775001575956</dateData></startTime><endTime type="System.DateTime"><dateData type="System.UInt64">633673775001575956</dateData></endTime><spoolMessage type="System.Boolean">True</spoolMessage></UnitTestResult><UnitTestResult type="Microsoft.VisualStudio.TestTools.TestTypes.Unit.UnitTestResult, Microsoft.VisualStudio.QualityTools.Tips.UnitTest.ObjectModel, Version=8.0.0.0, Culture=neutral, PublicKeyToken=b03f5f7f11d50a3a"><resultType type="Microsoft.VisualStudio.TestTools.TestTypes.Unit.UnitTestResultType, Microsoft.VisualStudio.QualityTools.Tips.UnitTest.ObjectModel, Version=8.0.0.0, Culture=neutral, PublicKeyToken=b03f5f7f11d50a3a"><value__ type="System.Int32">0</value__></resultType><m_hasSufficientAccess type="System.Boolean">True</m_hasSufficientAccess><counters type="Microsoft.VisualStudio.TestTools.Common.TestResultCounter"><values type="System.Int32">0,0,0,0,0,0,0,0,0,0,0,0,0,0</values><total type="System.Int32">1</total></counters><categoryId type="Microsoft.VisualStudio.TestTools.Common.TestCategoryId"><id type="System.Guid">8c84fa94-04c1-424b-9868-57a2d4851a1d</id></categoryId><outcome type="Microsoft.VisualStudio.TestTools.Common.TestOutcome"><value__ type="System.Int32">10</value__></outcome><traceInfo type="Microsoft.VisualStudio.TestTools.Common.TestExecutionTraceInformation"><trace type="System.Text.StringBuilder">Creating instance of class BrownShoe.UnitTests.Services.Madison.StoreLocationTest.
Calling Test method BrownShoe.UnitTests.Services.Madison.StoreLocationTest.Microsoft.VisualStudio.TestTools.TestTypes.Unit.TestMethod.
</trace></traceInfo><stdout type="System.String" /><stderr type="System.String" /><debugTrace type="System.String" /><workItemIds type="System.Collections.Generic.List`1[[System.Int32, mscorlib, Version=2.0.0.0, Culture=neutral, PublicKeyToken=b77a5c561934e089]]"><_size type="System.Int32">0</_size><_version type="System.Int32">1</_version></workItemIds><id type="Microsoft.VisualStudio.TestTools.Common.TestResultId"><runId type="System.Guid">3d9a8baa-b9cb-4717-8a94-3c6445344217</runId><executionId type="Microsoft.VisualStudio.TestTools.Common.TestExecId"><id type="System.Guid">23d7b0b8-78b1-402a-b6d9-168cb3546aec</id></executionId><parentExecId type="Microsoft.VisualStudio.TestTools.Common.TestExecId"><id type="System.Guid">00000000-0000-0000-0000-000000000000</id></parentExecId><testId type="Microsoft.VisualStudio.TestTools.Common.TestId"><id type="System.Guid">5a820df9-8bd3-5368-e16b-a02be6d8fc01</id></testId></id><testName type="System.String">StoreNameTest</testName><testType type="Microsoft.VisualStudio.TestTools.Common.TestType"><id type="System.Guid">13cdc9d9-ddb5-4fa4-a97d-d965ccfc6d4b</id></testType><messageKind type="Microsoft.VisualStudio.TestTools.Common.TestMessageKind"><value__ type="System.Int32">1</value__></messageKind><computerInfo type="Microsoft.VisualStudio.TestTools.Common.ComputerInfo"><m_computerName type="System.String">ECDATA-TFS01</m_computerName></computerInfo><duration type="System.TimeSpan">00:00:00.0004685</duration><startTime type="System.DateTime"><dateData type="System.UInt64">633673775001575956</dateData></startTime><endTime type="System.DateTime"><dateData type="System.UInt64">633673775001732216</dateData></endTime><spoolMessage type="System.Boolean">True</spoolMessage></UnitTestResult><UnitTestResult type="Microsoft.VisualStudio.TestTools.TestTypes.Unit.UnitTestResult, Microsoft.VisualStudio.QualityTools.Tips.UnitTest.ObjectModel, Version=8.0.0.0, Culture=neutral, PublicKeyToken=b03f5f7f11d50a3a"><resultType type="Microsoft.VisualStudio.TestTools.TestTypes.Unit.UnitTestResultType, Microsoft.VisualStudio.QualityTools.Tips.UnitTest.ObjectModel, Version=8.0.0.0, Culture=neutral, PublicKeyToken=b03f5f7f11d50a3a"><value__ type="System.Int32">0</value__></resultType><m_hasSufficientAccess type="System.Boolean">True</m_hasSufficientAccess><counters type="Microsoft.VisualStudio.TestTools.Common.TestResultCounter"><values type="System.Int32">0,0,0,0,0,0,0,0,0,0,0,0,0,0</values><total type="System.Int32">1</total></counters><categoryId type="Microsoft.VisualStudio.TestTools.Common.TestCategoryId"><id type="System.Guid">8c84fa94-04c1-424b-9868-57a2d4851a1d</id></categoryId><outcome type="Microsoft.VisualStudio.TestTools.Common.TestOutcome"><value__ type="System.Int32">1</value__></outcome><errorInfo type="Microsoft.VisualStudio.TestTools.Common.TestResultErrorInfo"><message type="System.String">Assert.AreEqual failed. Expected:&lt;191491232&gt;, Actual:&lt;&gt;. BrownShoe.Madison.StoreLocation.telephone was not set correctly.</message><stackTrace type="System.String">   at BrownShoe.UnitTests.Services.Madison.StoreLocationTest.TelephoneTest()
</stackTrace></errorInfo><traceInfo type="Microsoft.VisualStudio.TestTools.Common.TestExecutionTraceInformation"><trace type="System.Text.StringBuilder">Creating instance of class BrownShoe.UnitTests.Services.Madison.StoreLocationTest.
Calling Test method BrownShoe.UnitTests.Services.Madison.StoreLocationTest.Microsoft.VisualStudio.TestTools.TestTypes.Unit.TestMethod.
</trace></traceInfo><stdout type="System.String" /><stderr type="System.String" /><debugTrace type="System.String" /><workItemIds type="System.Collections.Generic.List`1[[System.Int32, mscorlib, Version=2.0.0.0, Culture=neutral, PublicKeyToken=b77a5c561934e089]]"><_size type="System.Int32">0</_size><_version type="System.Int32">1</_version></workItemIds><id type="Microsoft.VisualStudio.TestTools.Common.TestResultId"><runId type="System.Guid">3d9a8baa-b9cb-4717-8a94-3c6445344217</runId><executionId type="Microsoft.VisualStudio.TestTools.Common.TestExecId"><id type="System.Guid">b64e8fdd-7f19-4560-ad65-95bfa2ba1323</id></executionId><parentExecId type="Microsoft.VisualStudio.TestTools.Common.TestExecId"><id type="System.Guid">00000000-0000-0000-0000-000000000000</id></parentExecId><testId type="Microsoft.VisualStudio.TestTools.Common.TestId"><id type="System.Guid">e8ed8db3-5594-e972-e39f-255ec62baa43</id></testId></id><testName type="System.String">TelephoneTest</testName><testType type="Microsoft.VisualStudio.TestTools.Common.TestType"><id type="System.Guid">13cdc9d9-ddb5-4fa4-a97d-d965ccfc6d4b</id></testType><messageKind type="Microsoft.VisualStudio.TestTools.Common.TestMessageKind"><value__ type="System.Int32">1</value__></messageKind><computerInfo type="Microsoft.VisualStudio.TestTools.Common.ComputerInfo"><m_computerName type="System.String">ECDATA-TFS01</m_computerName></computerInfo><duration type="System.TimeSpan">00:00:00.0027006</duration><startTime type="System.DateTime"><dateData type="System.UInt64">633673775001732216</dateData></startTime><endTime type="System.DateTime"><dateData type="System.UInt64">633673775001732216</dateData></endTime><spoolMessage type="System.Boolean">True</spoolMessage></UnitTestResult><UnitTestResult type="Microsoft.VisualStudio.TestTools.TestTypes.Unit.UnitTestResult, Microsoft.VisualStudio.QualityTools.Tips.UnitTest.ObjectModel, Version=8.0.0.0, Culture=neutral, PublicKeyToken=b03f5f7f11d50a3a"><resultType type="Microsoft.VisualStudio.TestTools.TestTypes.Unit.UnitTestResultType, Microsoft.VisualStudio.QualityTools.Tips.UnitTest.ObjectModel, Version=8.0.0.0, Culture=neutral, PublicKeyToken=b03f5f7f11d50a3a"><value__ type="System.Int32">0</value__></resultType><m_hasSufficientAccess type="System.Boolean">True</m_hasSufficientAccess><counters type="Microsoft.VisualStudio.TestTools.Common.TestResultCounter"><values type="System.Int32">0,0,0,0,0,0,0,0,0,0,0,0,0,0</values><total type="System.Int32">1</total></counters><categoryId type="Microsoft.VisualStudio.TestTools.Common.TestCategoryId"><id type="System.Guid">8c84fa94-04c1-424b-9868-57a2d4851a1d</id></categoryId><outcome type="Microsoft.VisualStudio.TestTools.Common.TestOutcome"><value__ type="System.Int32">1</value__></outcome><errorInfo type="Microsoft.VisualStudio.TestTools.Common.TestResultErrorInfo"><message type="System.String">Test method BrownShoe.UnitTests.Services.Marketing.MarketingManagerServiceTest.RunMarketingAdTest threw exception:  System.Configuration.ConfigurationErrorsException: The type Microsoft.Practices.EnterpriseLibrary.ExceptionHandling.Logging.LoggingExceptionHandler, Microsoft.Practices.EnterpriseLibrary.ExceptionHandling.Logging, Version=2.0.0.0, Culture=neutral, PublicKeyToken=c834797fd9c628b4 from configuration could not be created. (E:\projects\brownshoe\unit_tests\product\srvtfs_ECDATA-TFS01 2009-01-12 11_17_41\Out\BrownShoe.UnitTests.DLL.config line 38).</message><stackTrace type="System.String">    at System.Configuration.BaseConfigurationRecord.EvaluateOne(String[] keys, SectionInput input, Boolean isTrusted, FactoryRecord factoryRecord, SectionRecord sectionRecord, Object parentResult)
   at System.Configuration.BaseConfigurationRecord.Evaluate(FactoryRecord factoryRecord, SectionRecord sectionRecord, Object parentResult, Boolean getLkg, Boolean getRuntimeObject, Object&amp; result, Object&amp; resultRuntimeObject)
   at System.Configuration.BaseConfigurationRecord.GetSectionRecursive(String configKey, Boolean getLkg, Boolean checkPermission, Boolean getRuntimeObject, Boolean requestIsHere, Object&amp; result, Object&amp; resultRuntimeObject)
   at System.Configuration.BaseConfigurationRecord.GetSectionRecursive(String configKey, Boolean getLkg, Boolean checkPermission, Boolean getRuntimeObject, Boolean requestIsHere, Object&amp; result, Object&amp; resultRuntimeObject)
   at System.Configuration.BaseConfigurationRecord.GetSectionRecursive(String configKey, Boolean getLkg, Boolean checkPermission, Boolean getRuntimeObject, Boolean requestIsHere, Object&amp; result, Object&amp; resultRuntimeObject)
   at System.Configuration.BaseConfigurationRecord.GetSection(String configKey, Boolean getLkg, Boolean checkPermission)
   at System.Configuration.BaseConfigurationRecord.GetSection(String configKey)
   at System.Configuration.ClientConfigurationSystem.System.Configuration.Internal.IInternalConfigSystem.GetSection(String sectionName)
   at System.Configuration.ConfigurationManager.GetSection(String sectionName)
   at Microsoft.Practices.EnterpriseLibrary.Common.Configuration.SystemConfigurationSourceImplementation.GetSection(String sectionName)
   at Microsoft.Practices.EnterpriseLibrary.Common.Configuration.SystemConfigurationSource.GetSection(String sectionName)
   at Microsoft.Practices.EnterpriseLibrary.ExceptionHandling.Configuration.ExceptionHandlingSettings.GetExceptionHandlingSettings(IConfigurationSource configurationSource)
   at Microsoft.Practices.EnterpriseLibrary.ExceptionHandling.ExceptionHandlingConfigurationView.get_ExceptionHandlingSettings()
   at Microsoft.Practices.EnterpriseLibrary.ExceptionHandling.ExceptionHandlingConfigurationView.GetExceptionPolicyData(String policyName)
   at Microsoft.Practices.EnterpriseLibrary.ExceptionHandling.ExceptionPolicyCustomFactory.GetConfiguration(String id, IConfigurationSource configurationSource)
   at Microsoft.Practices.EnterpriseLibrary.ExceptionHandling.ExceptionPolicyCustomFactory.CreateObject(IBuilderContext context, String name, IConfigurationSource configurationSource, ConfigurationReflectionCache reflectionCache)
   at Microsoft.Practices.EnterpriseLibrary.Common.Configuration.ObjectBuilder.ConfiguredObjectStrategy.BuildUp(IBuilderContext context, Type t, Object existing, String id)
   at Microsoft.Practices.ObjectBuilder.BuilderStrategy.BuildUp(IBuilderContext context, Type typeToBuild, Object existing, String idToBuild)
   at Microsoft.Practices.ObjectBuilder.SingletonStrategy.BuildUp(IBuilderContext context, Type typeToBuild, Object existing, String idToBuild)
   at Microsoft.Practices.ObjectBuilder.BuilderStrategy.BuildUp(IBuilderContext context, Type typeToBuild, Object existing, String idToBuild)
   at Microsoft.Practices.EnterpriseLibrary.Common.Configuration.ObjectBuilder.ConfigurationNameMappingStrategy.BuildUp(IBuilderContext context, Type t, Object existing, String id)
   at Microsoft.Practices.ObjectBuilder.BuilderBase`1.DoBuildUp(IReadWriteLocator locator, Type typeToBuild, String idToBuild, Object existing, PolicyList[] transientPolicies)
   at Microsoft.Practices.ObjectBuilder.BuilderBase`1.BuildUp(IReadWriteLocator locator, Type typeToBuild, String idToBuild, Object existing, PolicyList[] transientPolicies)
   at Microsoft.Practices.ObjectBuilder.BuilderBase`1.BuildUp[TTypeToBuild](IReadWriteLocator locator, String idToBuild, Object existing, PolicyList[] transientPolicies)
   at Microsoft.Practices.EnterpriseLibrary.Common.Configuration.ObjectBuilder.EnterpriseLibraryFactory.BuildUp[T](IReadWriteLocator locator, String id, IConfigurationSource configurationSource)
   at Microsoft.Practices.EnterpriseLibrary.Common.Configuration.ObjectBuilder.LocatorNameTypeFactoryBase`1.Create(String name)
   at Microsoft.Practices.EnterpriseLibrary.ExceptionHandling.ExceptionPolicy.GetExceptionPolicy(Exception exception, String policyName)
   at Microsoft.Practices.EnterpriseLibrary.ExceptionHandling.ExceptionPolicy.HandleException(Exception exceptionToHandle, String policyName)
   at BrownShoe.ExceptionPolicy.HandleException(Exception exc) in e:\projects\brownshoe\unit_tests\product\src\BrownShoe\Libraries\Core\ExceptionPolicies.cs:line 117
   at BrownShoe.Services.Marketing.MarketingManagerService.RunMarketingAd(String pageGroup) in e:\projects\brownshoe\unit_tests\product\src\BrownShoe\Libraries\Services\Marketing\MarketingManagerService.cs:line 34
   at BrownShoe.UnitTests.Services.Marketing.MarketingManagerServiceTest.RunMarketingAdTest()
</stackTrace></errorInfo><traceInfo type="Microsoft.VisualStudio.TestTools.Common.TestExecutionTraceInformation"><trace type="System.Text.StringBuilder">Creating instance of class BrownShoe.UnitTests.Services.Marketing.MarketingManagerServiceTest.
Calling Test method BrownShoe.UnitTests.Services.Marketing.MarketingManagerServiceTest.Microsoft.VisualStudio.TestTools.TestTypes.Unit.TestMethod.
</trace></traceInfo><stdout type="System.String" /><stderr type="System.String" /><debugTrace type="System.String" /><workItemIds type="System.Collections.Generic.List`1[[System.Int32, mscorlib, Version=2.0.0.0, Culture=neutral, PublicKeyToken=b77a5c561934e089]]"><_size type="System.Int32">0</_size><_version type="System.Int32">1</_version></workItemIds><id type="Microsoft.VisualStudio.TestTools.Common.TestResultId"><runId type="System.Guid">3d9a8baa-b9cb-4717-8a94-3c6445344217</runId><executionId type="Microsoft.VisualStudio.TestTools.Common.TestExecId"><id type="System.Guid">22218fa0-8cd2-422d-8f92-fb32cebd683e</id></executionId><parentExecId type="Microsoft.VisualStudio.TestTools.Common.TestExecId"><id type="System.Guid">00000000-0000-0000-0000-000000000000</id></parentExecId><testId type="Microsoft.VisualStudio.TestTools.Common.TestId"><id type="System.Guid">16ee9573-e12f-3d3a-b7ee-72101b637ed6</id></testId></id><testName type="System.String">RunMarketingAdTest</testName><testType type="Microsoft.VisualStudio.TestTools.Common.TestType"><id type="System.Guid">13cdc9d9-ddb5-4fa4-a97d-d965ccfc6d4b</id></testType><messageKind type="Microsoft.VisualStudio.TestTools.Common.TestMessageKind"><value__ type="System.Int32">1</value__></messageKind><computerInfo type="Microsoft.VisualStudio.TestTools.Common.ComputerInfo"><m_computerName type="System.String">ECDATA-TFS01</m_computerName></computerInfo><duration type="System.TimeSpan">00:00:00.0086438</duration><startTime type="System.DateTime"><dateData type="System.UInt64">633673775001732216</dateData></startTime><endTime type="System.DateTime"><dateData type="System.UInt64">633673775001888476</dateData></endTime><spoolMessage type="System.Boolean">True</spoolMessage></UnitTestResult><UnitTestResult type="Microsoft.VisualStudio.TestTools.TestTypes.Unit.UnitTestResult, Microsoft.VisualStudio.QualityTools.Tips.UnitTest.ObjectModel, Version=8.0.0.0, Culture=neutral, PublicKeyToken=b03f5f7f11d50a3a"><resultType type="Microsoft.VisualStudio.TestTools.TestTypes.Unit.UnitTestResultType, Microsoft.VisualStudio.QualityTools.Tips.UnitTest.ObjectModel, Version=8.0.0.0, Culture=neutral, PublicKeyToken=b03f5f7f11d50a3a"><value__ type="System.Int32">0</value__></resultType><m_hasSufficientAccess type="System.Boolean">True</m_hasSufficientAccess><counters type="Microsoft.VisualStudio.TestTools.Common.TestResultCounter"><values type="System.Int32">0,0,0,0,0,0,0,0,0,0,0,0,0,0</values><total type="System.Int32">1</total></counters><categoryId type="Microsoft.VisualStudio.TestTools.Common.TestCategoryId"><id type="System.Guid">8c84fa94-04c1-424b-9868-57a2d4851a1d</id></categoryId><outcome type="Microsoft.VisualStudio.TestTools.Common.TestOutcome"><value__ type="System.Int32">1</value__></outcome><errorInfo type="Microsoft.VisualStudio.TestTools.Common.TestResultErrorInfo"><message type="System.String">Test method BrownShoe.UnitTests.Services.Marketing.PromoCodeHelperTest.IsSuppressCJTestBadInput threw exception:  System.Configuration.ConfigurationErrorsException: The type Microsoft.Practices.EnterpriseLibrary.ExceptionHandling.Logging.LoggingExceptionHandler, Microsoft.Practices.EnterpriseLibrary.ExceptionHandling.Logging, Version=2.0.0.0, Culture=neutral, PublicKeyToken=c834797fd9c628b4 from configuration could not be created. (E:\projects\brownshoe\unit_tests\product\srvtfs_ECDATA-TFS01 2009-01-12 11_17_41\Out\BrownShoe.UnitTests.DLL.config line 38).</message><stackTrace type="System.String">    at System.Configuration.BaseConfigurationRecord.EvaluateOne(String[] keys, SectionInput input, Boolean isTrusted, FactoryRecord factoryRecord, SectionRecord sectionRecord, Object parentResult)
   at System.Configuration.BaseConfigurationRecord.Evaluate(FactoryRecord factoryRecord, SectionRecord sectionRecord, Object parentResult, Boolean getLkg, Boolean getRuntimeObject, Object&amp; result, Object&amp; resultRuntimeObject)
   at System.Configuration.BaseConfigurationRecord.GetSectionRecursive(String configKey, Boolean getLkg, Boolean checkPermission, Boolean getRuntimeObject, Boolean requestIsHere, Object&amp; result, Object&amp; resultRuntimeObject)
   at System.Configuration.BaseConfigurationRecord.GetSectionRecursive(String configKey, Boolean getLkg, Boolean checkPermission, Boolean getRuntimeObject, Boolean requestIsHere, Object&amp; result, Object&amp; resultRuntimeObject)
   at System.Configuration.BaseConfigurationRecord.GetSectionRecursive(String configKey, Boolean getLkg, Boolean checkPermission, Boolean getRuntimeObject, Boolean requestIsHere, Object&amp; result, Object&amp; resultRuntimeObject)
   at System.Configuration.BaseConfigurationRecord.GetSection(String configKey, Boolean getLkg, Boolean checkPermission)
   at System.Configuration.BaseConfigurationRecord.GetSection(String configKey)
   at System.Configuration.ClientConfigurationSystem.System.Configuration.Internal.IInternalConfigSystem.GetSection(String sectionName)
   at System.Configuration.ConfigurationManager.GetSection(String sectionName)
   at Microsoft.Practices.EnterpriseLibrary.Common.Configuration.SystemConfigurationSourceImplementation.GetSection(String sectionName)
   at Microsoft.Practices.EnterpriseLibrary.Common.Configuration.SystemConfigurationSource.GetSection(String sectionName)
   at Microsoft.Practices.EnterpriseLibrary.ExceptionHandling.Configuration.ExceptionHandlingSettings.GetExceptionHandlingSettings(IConfigurationSource configurationSource)
   at Microsoft.Practices.EnterpriseLibrary.ExceptionHandling.ExceptionHandlingConfigurationView.get_ExceptionHandlingSettings()
   at Microsoft.Practices.EnterpriseLibrary.ExceptionHandling.ExceptionHandlingConfigurationView.GetExceptionPolicyData(String policyName)
   at Microsoft.Practices.EnterpriseLibrary.ExceptionHandling.ExceptionPolicyCustomFactory.GetConfiguration(String id, IConfigurationSource configurationSource)
   at Microsoft.Practices.EnterpriseLibrary.ExceptionHandling.ExceptionPolicyCustomFactory.CreateObject(IBuilderContext context, String name, IConfigurationSource configurationSource, ConfigurationReflectionCache reflectionCache)
   at Microsoft.Practices.EnterpriseLibrary.Common.Configuration.ObjectBuilder.ConfiguredObjectStrategy.BuildUp(IBuilderContext context, Type t, Object existing, String id)
   at Microsoft.Practices.ObjectBuilder.BuilderStrategy.BuildUp(IBuilderContext context, Type typeToBuild, Object existing, String idToBuild)
   at Microsoft.Practices.ObjectBuilder.SingletonStrategy.BuildUp(IBuilderContext context, Type typeToBuild, Object existing, String idToBuild)
   at Microsoft.Practices.ObjectBuilder.BuilderStrategy.BuildUp(IBuilderContext context, Type typeToBuild, Object existing, String idToBuild)
   at Microsoft.Practices.EnterpriseLibrary.Common.Configuration.ObjectBuilder.ConfigurationNameMappingStrategy.BuildUp(IBuilderContext context, Type t, Object existing, String id)
   at Microsoft.Practices.ObjectBuilder.BuilderBase`1.DoBuildUp(IReadWriteLocator locator, Type typeToBuild, String idToBuild, Object existing, PolicyList[] transientPolicies)
   at Microsoft.Practices.ObjectBuilder.BuilderBase`1.BuildUp(IReadWriteLocator locator, Type typeToBuild, String idToBuild, Object existing, PolicyList[] transientPolicies)
   at Microsoft.Practices.ObjectBuilder.BuilderBase`1.BuildUp[TTypeToBuild](IReadWriteLocator locator, String idToBuild, Object existing, PolicyList[] transientPolicies)
   at Microsoft.Practices.EnterpriseLibrary.Common.Configuration.ObjectBuilder.EnterpriseLibraryFactory.BuildUp[T](IReadWriteLocator locator, String id, IConfigurationSource configurationSource)
   at Microsoft.Practices.EnterpriseLibrary.Common.Configuration.ObjectBuilder.LocatorNameTypeFactoryBase`1.Create(String name)
   at Microsoft.Practices.EnterpriseLibrary.ExceptionHandling.ExceptionPolicy.GetExceptionPolicy(Exception exception, String policyName)
   at Microsoft.Practices.EnterpriseLibrary.ExceptionHandling.ExceptionPolicy.HandleException(Exception exceptionToHandle, String policyName)
   at BrownShoe.ExceptionPolicy.HandleException(Exception exc) in e:\projects\brownshoe\unit_tests\product\src\BrownShoe\Libraries\Core\ExceptionPolicies.cs:line 117
   at BrownShoe.Marketing.PromoCodeHelper.IsSuppressCJ(String promoCode) in e:\projects\brownshoe\unit_tests\product\src\BrownShoe\Libraries\Services\Marketing\PromoCodeHelper.cs:line 189
   at BrownShoe.UnitTests.Services.Marketing.PromoCodeHelperTest.IsSuppressCJTestBadInput()
</stackTrace></errorInfo><traceInfo type="Microsoft.VisualStudio.TestTools.Common.TestExecutionTraceInformation"><trace type="System.Text.StringBuilder">Creating instance of class BrownShoe.UnitTests.Services.Marketing.PromoCodeHelperTest.
Calling Test method BrownShoe.UnitTests.Services.Marketing.PromoCodeHelperTest.Microsoft.VisualStudio.TestTools.TestTypes.Unit.TestMethod.
</trace></traceInfo><stdout type="System.String" /><stderr type="System.String" /><debugTrace type="System.String" /><workItemIds type="System.Collections.Generic.List`1[[System.Int32, mscorlib, Version=2.0.0.0, Culture=neutral, PublicKeyToken=b77a5c561934e089]]"><_size type="System.Int32">0</_size><_version type="System.Int32">1</_version></workItemIds><id type="Microsoft.VisualStudio.TestTools.Common.TestResultId"><runId type="System.Guid">3d9a8baa-b9cb-4717-8a94-3c6445344217</runId><executionId type="Microsoft.VisualStudio.TestTools.Common.TestExecId"><id type="System.Guid">5ab85afb-47e5-4f70-a8f8-642d508ca401</id></executionId><parentExecId type="Microsoft.VisualStudio.TestTools.Common.TestExecId"><id type="System.Guid">00000000-0000-0000-0000-000000000000</id></parentExecId><testId type="Microsoft.VisualStudio.TestTools.Common.TestId"><id type="System.Guid">7b6bce69-a30e-c907-f0c5-880f4a8742e5</id></testId></id><testName type="System.String">IsSuppressCJTestBadInput</testName><testType type="Microsoft.VisualStudio.TestTools.Common.TestType"><id type="System.Guid">13cdc9d9-ddb5-4fa4-a97d-d965ccfc6d4b</id></testType><messageKind type="Microsoft.VisualStudio.TestTools.Common.TestMessageKind"><value__ type="System.Int32">1</value__></messageKind><computerInfo type="Microsoft.VisualStudio.TestTools.Common.ComputerInfo"><m_computerName type="System.String">ECDATA-TFS01</m_computerName></computerInfo><duration type="System.TimeSpan">00:00:00.0352197</duration><startTime type="System.DateTime"><dateData type="System.UInt64">633673775001888476</dateData></startTime><endTime type="System.DateTime"><dateData type="System.UInt64">633673775002357256</dateData></endTime><spoolMessage type="System.Boolean">True</spoolMessage></UnitTestResult><UnitTestResult type="Microsoft.VisualStudio.TestTools.TestTypes.Unit.UnitTestResult, Microsoft.VisualStudio.QualityTools.Tips.UnitTest.ObjectModel, Version=8.0.0.0, Culture=neutral, PublicKeyToken=b03f5f7f11d50a3a"><resultType type="Microsoft.VisualStudio.TestTools.TestTypes.Unit.UnitTestResultType, Microsoft.VisualStudio.QualityTools.Tips.UnitTest.ObjectModel, Version=8.0.0.0, Culture=neutral, PublicKeyToken=b03f5f7f11d50a3a"><value__ type="System.Int32">0</value__></resultType><m_hasSufficientAccess type="System.Boolean">True</m_hasSufficientAccess><counters type="Microsoft.VisualStudio.TestTools.Common.TestResultCounter"><values type="System.Int32">0,0,0,0,0,0,0,0,0,0,0,0,0,0</values><total type="System.Int32">1</total></counters><categoryId type="Microsoft.VisualStudio.TestTools.Common.TestCategoryId"><id type="System.Guid">8c84fa94-04c1-424b-9868-57a2d4851a1d</id></categoryId><outcome type="Microsoft.VisualStudio.TestTools.Common.TestOutcome"><value__ type="System.Int32">10</value__></outcome><traceInfo type="Microsoft.VisualStudio.TestTools.Common.TestExecutionTraceInformation"><trace type="System.Text.StringBuilder">Creating instance of class BrownShoe.UnitTests.Services.Marketing.PromoCodeHelperTest.
Calling Test method BrownShoe.UnitTests.Services.Marketing.PromoCodeHelperTest.Microsoft.VisualStudio.TestTools.TestTypes.Unit.TestMethod.
</trace></traceInfo><stdout type="System.String" /><stderr type="System.String" /><debugTrace type="System.String" /><workItemIds type="System.Collections.Generic.List`1[[System.Int32, mscorlib, Version=2.0.0.0, Culture=neutral, PublicKeyToken=b77a5c561934e089]]"><_size type="System.Int32">0</_size><_version type="System.Int32">1</_version></workItemIds><id type="Microsoft.VisualStudio.TestTools.Common.TestResultId"><runId type="System.Guid">3d9a8baa-b9cb-4717-8a94-3c6445344217</runId><executionId type="Microsoft.VisualStudio.TestTools.Common.TestExecId"><id type="System.Guid">7b7971fe-3c20-4c96-8a95-e03dbb9183c2</id></executionId><parentExecId type="Microsoft.VisualStudio.TestTools.Common.TestExecId"><id type="System.Guid">00000000-0000-0000-0000-000000000000</id></parentExecId><testId type="Microsoft.VisualStudio.TestTools.Common.TestId"><id type="System.Guid">630c305d-d633-5622-b34a-8a631082767e</id></testId></id><testName type="System.String">IsSuppressCJTestEmpty</testName><testType type="Microsoft.VisualStudio.TestTools.Common.TestType"><id type="System.Guid">13cdc9d9-ddb5-4fa4-a97d-d965ccfc6d4b</id></testType><messageKind type="Microsoft.VisualStudio.TestTools.Common.TestMessageKind"><value__ type="System.Int32">1</value__></messageKind><computerInfo type="Microsoft.VisualStudio.TestTools.Common.ComputerInfo"><m_computerName type="System.String">ECDATA-TFS01</m_computerName></computerInfo><duration type="System.TimeSpan">00:00:00.0005344</duration><startTime type="System.DateTime"><dateData type="System.UInt64">633673775002357256</dateData></startTime><endTime type="System.DateTime"><dateData type="System.UInt64">633673775002357256</dateData></endTime><spoolMessage type="System.Boolean">True</spoolMessage></UnitTestResult><UnitTestResult type="Microsoft.VisualStudio.TestTools.TestTypes.Unit.UnitTestResult, Microsoft.VisualStudio.QualityTools.Tips.UnitTest.ObjectModel, Version=8.0.0.0, Culture=neutral, PublicKeyToken=b03f5f7f11d50a3a"><resultType type="Microsoft.VisualStudio.TestTools.TestTypes.Unit.UnitTestResultType, Microsoft.VisualStudio.QualityTools.Tips.UnitTest.ObjectModel, Version=8.0.0.0, Culture=neutral, PublicKeyToken=b03f5f7f11d50a3a"><value__ type="System.Int32">0</value__></resultType><m_hasSufficientAccess type="System.Boolean">True</m_hasSufficientAccess><counters type="Microsoft.VisualStudio.TestTools.Common.TestResultCounter"><values type="System.Int32">0,0,0,0,0,0,0,0,0,0,0,0,0,0</values><total type="System.Int32">1</total></counters><categoryId type="Microsoft.VisualStudio.TestTools.Common.TestCategoryId"><id type="System.Guid">8c84fa94-04c1-424b-9868-57a2d4851a1d</id></categoryId><outcome type="Microsoft.VisualStudio.TestTools.Common.TestOutcome"><value__ type="System.Int32">1</value__></outcome><errorInfo type="Microsoft.VisualStudio.TestTools.Common.TestResultErrorInfo"><message type="System.String">Test method BrownShoe.UnitTests.Services.Marketing.PromoCodeHelperTest.IsSuppressCJTestFalse threw exception:  System.Configuration.ConfigurationErrorsException: The type Microsoft.Practices.EnterpriseLibrary.ExceptionHandling.Logging.LoggingExceptionHandler, Microsoft.Practices.EnterpriseLibrary.ExceptionHandling.Logging, Version=2.0.0.0, Culture=neutral, PublicKeyToken=c834797fd9c628b4 from configuration could not be created. (E:\projects\brownshoe\unit_tests\product\srvtfs_ECDATA-TFS01 2009-01-12 11_17_41\Out\BrownShoe.UnitTests.DLL.config line 38).</message><stackTrace type="System.String">    at System.Configuration.BaseConfigurationRecord.EvaluateOne(String[] keys, SectionInput input, Boolean isTrusted, FactoryRecord factoryRecord, SectionRecord sectionRecord, Object parentResult)
   at System.Configuration.BaseConfigurationRecord.Evaluate(FactoryRecord factoryRecord, SectionRecord sectionRecord, Object parentResult, Boolean getLkg, Boolean getRuntimeObject, Object&amp; result, Object&amp; resultRuntimeObject)
   at System.Configuration.BaseConfigurationRecord.GetSectionRecursive(String configKey, Boolean getLkg, Boolean checkPermission, Boolean getRuntimeObject, Boolean requestIsHere, Object&amp; result, Object&amp; resultRuntimeObject)
   at System.Configuration.BaseConfigurationRecord.GetSectionRecursive(String configKey, Boolean getLkg, Boolean checkPermission, Boolean getRuntimeObject, Boolean requestIsHere, Object&amp; result, Object&amp; resultRuntimeObject)
   at System.Configuration.BaseConfigurationRecord.GetSectionRecursive(String configKey, Boolean getLkg, Boolean checkPermission, Boolean getRuntimeObject, Boolean requestIsHere, Object&amp; result, Object&amp; resultRuntimeObject)
   at System.Configuration.BaseConfigurationRecord.GetSection(String configKey, Boolean getLkg, Boolean checkPermission)
   at System.Configuration.BaseConfigurationRecord.GetSection(String configKey)
   at System.Configuration.ClientConfigurationSystem.System.Configuration.Internal.IInternalConfigSystem.GetSection(String sectionName)
   at System.Configuration.ConfigurationManager.GetSection(String sectionName)
   at Microsoft.Practices.EnterpriseLibrary.Common.Configuration.SystemConfigurationSourceImplementation.GetSection(String sectionName)
   at Microsoft.Practices.EnterpriseLibrary.Common.Configuration.SystemConfigurationSource.GetSection(String sectionName)
   at Microsoft.Practices.EnterpriseLibrary.ExceptionHandling.Configuration.ExceptionHandlingSettings.GetExceptionHandlingSettings(IConfigurationSource configurationSource)
   at Microsoft.Practices.EnterpriseLibrary.ExceptionHandling.ExceptionHandlingConfigurationView.get_ExceptionHandlingSettings()
   at Microsoft.Practices.EnterpriseLibrary.ExceptionHandling.ExceptionHandlingConfigurationView.GetExceptionPolicyData(String policyName)
   at Microsoft.Practices.EnterpriseLibrary.ExceptionHandling.ExceptionPolicyCustomFactory.GetConfiguration(String id, IConfigurationSource configurationSource)
   at Microsoft.Practices.EnterpriseLibrary.ExceptionHandling.ExceptionPolicyCustomFactory.CreateObject(IBuilderContext context, String name, IConfigurationSource configurationSource, ConfigurationReflectionCache reflectionCache)
   at Microsoft.Practices.EnterpriseLibrary.Common.Configuration.ObjectBuilder.ConfiguredObjectStrategy.BuildUp(IBuilderContext context, Type t, Object existing, String id)
   at Microsoft.Practices.ObjectBuilder.BuilderStrategy.BuildUp(IBuilderContext context, Type typeToBuild, Object existing, String idToBuild)
   at Microsoft.Practices.ObjectBuilder.SingletonStrategy.BuildUp(IBuilderContext context, Type typeToBuild, Object existing, String idToBuild)
   at Microsoft.Practices.ObjectBuilder.BuilderStrategy.BuildUp(IBuilderContext context, Type typeToBuild, Object existing, String idToBuild)
   at Microsoft.Practices.EnterpriseLibrary.Common.Configuration.ObjectBuilder.ConfigurationNameMappingStrategy.BuildUp(IBuilderContext context, Type t, Object existing, String id)
   at Microsoft.Practices.ObjectBuilder.BuilderBase`1.DoBuildUp(IReadWriteLocator locator, Type typeToBuild, String idToBuild, Object existing, PolicyList[] transientPolicies)
   at Microsoft.Practices.ObjectBuilder.BuilderBase`1.BuildUp(IReadWriteLocator locator, Type typeToBuild, String idToBuild, Object existing, PolicyList[] transientPolicies)
   at Microsoft.Practices.ObjectBuilder.BuilderBase`1.BuildUp[TTypeToBuild](IReadWriteLocator locator, String idToBuild, Object existing, PolicyList[] transientPolicies)
   at Microsoft.Practices.EnterpriseLibrary.Common.Configuration.ObjectBuilder.EnterpriseLibraryFactory.BuildUp[T](IReadWriteLocator locator, String id, IConfigurationSource configurationSource)
   at Microsoft.Practices.EnterpriseLibrary.Common.Configuration.ObjectBuilder.LocatorNameTypeFactoryBase`1.Create(String name)
   at Microsoft.Practices.EnterpriseLibrary.ExceptionHandling.ExceptionPolicy.GetExceptionPolicy(Exception exception, String policyName)
   at Microsoft.Practices.EnterpriseLibrary.ExceptionHandling.ExceptionPolicy.HandleException(Exception exceptionToHandle, String policyName)
   at BrownShoe.ExceptionPolicy.HandleException(Exception exc) in e:\projects\brownshoe\unit_tests\product\src\BrownShoe\Libraries\Core\ExceptionPolicies.cs:line 117
   at BrownShoe.Marketing.PromoCodeHelper.IsSuppressCJ(String promoCode) in e:\projects\brownshoe\unit_tests\product\src\BrownShoe\Libraries\Services\Marketing\PromoCodeHelper.cs:line 189
   at BrownShoe.UnitTests.Services.Marketing.PromoCodeHelperTest.IsSuppressCJTestFalse()
</stackTrace></errorInfo><traceInfo type="Microsoft.VisualStudio.TestTools.Common.TestExecutionTraceInformation"><trace type="System.Text.StringBuilder">Creating instance of class BrownShoe.UnitTests.Services.Marketing.PromoCodeHelperTest.
Calling Test method BrownShoe.UnitTests.Services.Marketing.PromoCodeHelperTest.Microsoft.VisualStudio.TestTools.TestTypes.Unit.TestMethod.
</trace></traceInfo><stdout type="System.String" /><stderr type="System.String" /><debugTrace type="System.String" /><workItemIds type="System.Collections.Generic.List`1[[System.Int32, mscorlib, Version=2.0.0.0, Culture=neutral, PublicKeyToken=b77a5c561934e089]]"><_size type="System.Int32">0</_size><_version type="System.Int32">1</_version></workItemIds><id type="Microsoft.VisualStudio.TestTools.Common.TestResultId"><runId type="System.Guid">3d9a8baa-b9cb-4717-8a94-3c6445344217</runId><executionId type="Microsoft.VisualStudio.TestTools.Common.TestExecId"><id type="System.Guid">68fa2e78-5476-436b-806a-c4f2bec4b923</id></executionId><parentExecId type="Microsoft.VisualStudio.TestTools.Common.TestExecId"><id type="System.Guid">00000000-0000-0000-0000-000000000000</id></parentExecId><testId type="Microsoft.VisualStudio.TestTools.Common.TestId"><id type="System.Guid">1fa5d952-606d-0710-6898-3a9c7dd5d0b1</id></testId></id><testName type="System.String">IsSuppressCJTestFalse</testName><testType type="Microsoft.VisualStudio.TestTools.Common.TestType"><id type="System.Guid">13cdc9d9-ddb5-4fa4-a97d-d965ccfc6d4b</id></testType><messageKind type="Microsoft.VisualStudio.TestTools.Common.TestMessageKind"><value__ type="System.Int32">1</value__></messageKind><computerInfo type="Microsoft.VisualStudio.TestTools.Common.ComputerInfo"><m_computerName type="System.String">ECDATA-TFS01</m_computerName></computerInfo><duration type="System.TimeSpan">00:00:00.0159570</duration><startTime type="System.DateTime"><dateData type="System.UInt64">633673775002357256</dateData></startTime><endTime type="System.DateTime"><dateData type="System.UInt64">633673775002669776</dateData></endTime><spoolMessage type="System.Boolean">True</spoolMessage></UnitTestResult><UnitTestResult type="Microsoft.VisualStudio.TestTools.TestTypes.Unit.UnitTestResult, Microsoft.VisualStudio.QualityTools.Tips.UnitTest.ObjectModel, Version=8.0.0.0, Culture=neutral, PublicKeyToken=b03f5f7f11d50a3a"><resultType type="Microsoft.VisualStudio.TestTools.TestTypes.Unit.UnitTestResultType, Microsoft.VisualStudio.QualityTools.Tips.UnitTest.ObjectModel, Version=8.0.0.0, Culture=neutral, PublicKeyToken=b03f5f7f11d50a3a"><value__ type="System.Int32">0</value__></resultType><m_hasSufficientAccess type="System.Boolean">True</m_hasSufficientAccess><counters type="Microsoft.VisualStudio.TestTools.Common.TestResultCounter"><values type="System.Int32">0,0,0,0,0,0,0,0,0,0,0,0,0,0</values><total type="System.Int32">1</total></counters><categoryId type="Microsoft.VisualStudio.TestTools.Common.TestCategoryId"><id type="System.Guid">8c84fa94-04c1-424b-9868-57a2d4851a1d</id></categoryId><outcome type="Microsoft.VisualStudio.TestTools.Common.TestOutcome"><value__ type="System.Int32">10</value__></outcome><traceInfo type="Microsoft.VisualStudio.TestTools.Common.TestExecutionTraceInformation"><trace type="System.Text.StringBuilder">Creating instance of class BrownShoe.UnitTests.Services.Marketing.PromoCodeHelperTest.
Calling Test method BrownShoe.UnitTests.Services.Marketing.PromoCodeHelperTest.Microsoft.VisualStudio.TestTools.TestTypes.Unit.TestMethod.
</trace></traceInfo><stdout type="System.String" /><stderr type="System.String" /><debugTrace type="System.String" /><workItemIds type="System.Collections.Generic.List`1[[System.Int32, mscorlib, Version=2.0.0.0, Culture=neutral, PublicKeyToken=b77a5c561934e089]]"><_size type="System.Int32">0</_size><_version type="System.Int32">1</_version></workItemIds><id type="Microsoft.VisualStudio.TestTools.Common.TestResultId"><runId type="System.Guid">3d9a8baa-b9cb-4717-8a94-3c6445344217</runId><executionId type="Microsoft.VisualStudio.TestTools.Common.TestExecId"><id type="System.Guid">0bc5d55a-2312-4f49-904e-36d4e93823f3</id></executionId><parentExecId type="Microsoft.VisualStudio.TestTools.Common.TestExecId"><id type="System.Guid">00000000-0000-0000-0000-000000000000</id></parentExecId><testId type="Microsoft.VisualStudio.TestTools.Common.TestId"><id type="System.Guid">c7e9601e-7664-4e71-c382-3bd22ed1de09</id></testId></id><testName type="System.String">IsSuppressCJTestNull</testName><testType type="Microsoft.VisualStudio.TestTools.Common.TestType"><id type="System.Guid">13cdc9d9-ddb5-4fa4-a97d-d965ccfc6d4b</id></testType><messageKind type="Microsoft.VisualStudio.TestTools.Common.TestMessageKind"><value__ type="System.Int32">1</value__></messageKind><computerInfo type="Microsoft.VisualStudio.TestTools.Common.ComputerInfo"><m_computerName type="System.String">ECDATA-TFS01</m_computerName></computerInfo><duration type="System.TimeSpan">00:00:00.0004791</duration><startTime type="System.DateTime"><dateData type="System.UInt64">633673775002669776</dateData></startTime><endTime type="System.DateTime"><dateData type="System.UInt64">633673775002669776</dateData></endTime><spoolMessage type="System.Boolean">True</spoolMessage></UnitTestResult><UnitTestResult type="Microsoft.VisualStudio.TestTools.TestTypes.Unit.UnitTestResult, Microsoft.VisualStudio.QualityTools.Tips.UnitTest.ObjectModel, Version=8.0.0.0, Culture=neutral, PublicKeyToken=b03f5f7f11d50a3a"><resultType type="Microsoft.VisualStudio.TestTools.TestTypes.Unit.UnitTestResultType, Microsoft.VisualStudio.QualityTools.Tips.UnitTest.ObjectModel, Version=8.0.0.0, Culture=neutral, PublicKeyToken=b03f5f7f11d50a3a"><value__ type="System.Int32">0</value__></resultType><m_hasSufficientAccess type="System.Boolean">True</m_hasSufficientAccess><counters type="Microsoft.VisualStudio.TestTools.Common.TestResultCounter"><values type="System.Int32">0,0,0,0,0,0,0,0,0,0,0,0,0,0</values><total type="System.Int32">1</total></counters><categoryId type="Microsoft.VisualStudio.TestTools.Common.TestCategoryId"><id type="System.Guid">8c84fa94-04c1-424b-9868-57a2d4851a1d</id></categoryId><outcome type="Microsoft.VisualStudio.TestTools.Common.TestOutcome"><value__ type="System.Int32">1</value__></outcome><errorInfo type="Microsoft.VisualStudio.TestTools.Common.TestResultErrorInfo"><message type="System.String">Test method BrownShoe.UnitTests.Services.Marketing.PromoCodeHelperTest.IsSuppressCJTestTrue threw exception:  System.Configuration.ConfigurationErrorsException: The type Microsoft.Practices.EnterpriseLibrary.ExceptionHandling.Logging.LoggingExceptionHandler, Microsoft.Practices.EnterpriseLibrary.ExceptionHandling.Logging, Version=2.0.0.0, Culture=neutral, PublicKeyToken=c834797fd9c628b4 from configuration could not be created. (E:\projects\brownshoe\unit_tests\product\srvtfs_ECDATA-TFS01 2009-01-12 11_17_41\Out\BrownShoe.UnitTests.DLL.config line 38).</message><stackTrace type="System.String">    at System.Configuration.BaseConfigurationRecord.EvaluateOne(String[] keys, SectionInput input, Boolean isTrusted, FactoryRecord factoryRecord, SectionRecord sectionRecord, Object parentResult)
   at System.Configuration.BaseConfigurationRecord.Evaluate(FactoryRecord factoryRecord, SectionRecord sectionRecord, Object parentResult, Boolean getLkg, Boolean getRuntimeObject, Object&amp; result, Object&amp; resultRuntimeObject)
   at System.Configuration.BaseConfigurationRecord.GetSectionRecursive(String configKey, Boolean getLkg, Boolean checkPermission, Boolean getRuntimeObject, Boolean requestIsHere, Object&amp; result, Object&amp; resultRuntimeObject)
   at System.Configuration.BaseConfigurationRecord.GetSectionRecursive(String configKey, Boolean getLkg, Boolean checkPermission, Boolean getRuntimeObject, Boolean requestIsHere, Object&amp; result, Object&amp; resultRuntimeObject)
   at System.Configuration.BaseConfigurationRecord.GetSectionRecursive(String configKey, Boolean getLkg, Boolean checkPermission, Boolean getRuntimeObject, Boolean requestIsHere, Object&amp; result, Object&amp; resultRuntimeObject)
   at System.Configuration.BaseConfigurationRecord.GetSection(String configKey, Boolean getLkg, Boolean checkPermission)
   at System.Configuration.BaseConfigurationRecord.GetSection(String configKey)
   at System.Configuration.ClientConfigurationSystem.System.Configuration.Internal.IInternalConfigSystem.GetSection(String sectionName)
   at System.Configuration.ConfigurationManager.GetSection(String sectionName)
   at Microsoft.Practices.EnterpriseLibrary.Common.Configuration.SystemConfigurationSourceImplementation.GetSection(String sectionName)
   at Microsoft.Practices.EnterpriseLibrary.Common.Configuration.SystemConfigurationSource.GetSection(String sectionName)
   at Microsoft.Practices.EnterpriseLibrary.ExceptionHandling.Configuration.ExceptionHandlingSettings.GetExceptionHandlingSettings(IConfigurationSource configurationSource)
   at Microsoft.Practices.EnterpriseLibrary.ExceptionHandling.ExceptionHandlingConfigurationView.get_ExceptionHandlingSettings()
   at Microsoft.Practices.EnterpriseLibrary.ExceptionHandling.ExceptionHandlingConfigurationView.GetExceptionPolicyData(String policyName)
   at Microsoft.Practices.EnterpriseLibrary.ExceptionHandling.ExceptionPolicyCustomFactory.GetConfiguration(String id, IConfigurationSource configurationSource)
   at Microsoft.Practices.EnterpriseLibrary.ExceptionHandling.ExceptionPolicyCustomFactory.CreateObject(IBuilderContext context, String name, IConfigurationSource configurationSource, ConfigurationReflectionCache reflectionCache)
   at Microsoft.Practices.EnterpriseLibrary.Common.Configuration.ObjectBuilder.ConfiguredObjectStrategy.BuildUp(IBuilderContext context, Type t, Object existing, String id)
   at Microsoft.Practices.ObjectBuilder.BuilderStrategy.BuildUp(IBuilderContext context, Type typeToBuild, Object existing, String idToBuild)
   at Microsoft.Practices.ObjectBuilder.SingletonStrategy.BuildUp(IBuilderContext context, Type typeToBuild, Object existing, String idToBuild)
   at Microsoft.Practices.ObjectBuilder.BuilderStrategy.BuildUp(IBuilderContext context, Type typeToBuild, Object existing, String idToBuild)
   at Microsoft.Practices.EnterpriseLibrary.Common.Configuration.ObjectBuilder.ConfigurationNameMappingStrategy.BuildUp(IBuilderContext context, Type t, Object existing, String id)
   at Microsoft.Practices.ObjectBuilder.BuilderBase`1.DoBuildUp(IReadWriteLocator locator, Type typeToBuild, String idToBuild, Object existing, PolicyList[] transientPolicies)
   at Microsoft.Practices.ObjectBuilder.BuilderBase`1.BuildUp(IReadWriteLocator locator, Type typeToBuild, String idToBuild, Object existing, PolicyList[] transientPolicies)
   at Microsoft.Practices.ObjectBuilder.BuilderBase`1.BuildUp[TTypeToBuild](IReadWriteLocator locator, String idToBuild, Object existing, PolicyList[] transientPolicies)
   at Microsoft.Practices.EnterpriseLibrary.Common.Configuration.ObjectBuilder.EnterpriseLibraryFactory.BuildUp[T](IReadWriteLocator locator, String id, IConfigurationSource configurationSource)
   at Microsoft.Practices.EnterpriseLibrary.Common.Configuration.ObjectBuilder.LocatorNameTypeFactoryBase`1.Create(String name)
   at Microsoft.Practices.EnterpriseLibrary.ExceptionHandling.ExceptionPolicy.GetExceptionPolicy(Exception exception, String policyName)
   at Microsoft.Practices.EnterpriseLibrary.ExceptionHandling.ExceptionPolicy.HandleException(Exception exceptionToHandle, String policyName)
   at BrownShoe.ExceptionPolicy.HandleException(Exception exc) in e:\projects\brownshoe\unit_tests\product\src\BrownShoe\Libraries\Core\ExceptionPolicies.cs:line 117
   at BrownShoe.Marketing.PromoCodeHelper.IsSuppressCJ(String promoCode) in e:\projects\brownshoe\unit_tests\product\src\BrownShoe\Libraries\Services\Marketing\PromoCodeHelper.cs:line 189
   at BrownShoe.UnitTests.Services.Marketing.PromoCodeHelperTest.IsSuppressCJTestTrue()
</stackTrace></errorInfo><traceInfo type="Microsoft.VisualStudio.TestTools.Common.TestExecutionTraceInformation"><trace type="System.Text.StringBuilder">Creating instance of class BrownShoe.UnitTests.Services.Marketing.PromoCodeHelperTest.
Calling Test method BrownShoe.UnitTests.Services.Marketing.PromoCodeHelperTest.Microsoft.VisualStudio.TestTools.TestTypes.Unit.TestMethod.
</trace></traceInfo><stdout type="System.String" /><stderr type="System.String" /><debugTrace type="System.String" /><workItemIds type="System.Collections.Generic.List`1[[System.Int32, mscorlib, Version=2.0.0.0, Culture=neutral, PublicKeyToken=b77a5c561934e089]]"><_size type="System.Int32">0</_size><_version type="System.Int32">1</_version></workItemIds><id type="Microsoft.VisualStudio.TestTools.Common.TestResultId"><runId type="System.Guid">3d9a8baa-b9cb-4717-8a94-3c6445344217</runId><executionId type="Microsoft.VisualStudio.TestTools.Common.TestExecId"><id type="System.Guid">1a4c497d-39ab-42b2-be7d-e754b1fae2c4</id></executionId><parentExecId type="Microsoft.VisualStudio.TestTools.Common.TestExecId"><id type="System.Guid">00000000-0000-0000-0000-000000000000</id></parentExecId><testId type="Microsoft.VisualStudio.TestTools.Common.TestId"><id type="System.Guid">b01e8c7e-5127-df29-6763-f1d90912bf83</id></testId></id><testName type="System.String">IsSuppressCJTestTrue</testName><testType type="Microsoft.VisualStudio.TestTools.Common.TestType"><id type="System.Guid">13cdc9d9-ddb5-4fa4-a97d-d965ccfc6d4b</id></testType><messageKind type="Microsoft.VisualStudio.TestTools.Common.TestMessageKind"><value__ type="System.Int32">1</value__></messageKind><computerInfo type="Microsoft.VisualStudio.TestTools.Common.ComputerInfo"><m_computerName type="System.String">ECDATA-TFS01</m_computerName></computerInfo><duration type="System.TimeSpan">00:00:00.0155129</duration><startTime type="System.DateTime"><dateData type="System.UInt64">633673775002669776</dateData></startTime><endTime type="System.DateTime"><dateData type="System.UInt64">633673775002826036</dateData></endTime><spoolMessage type="System.Boolean">True</spoolMessage></UnitTestResult><UnitTestResult type="Microsoft.VisualStudio.TestTools.TestTypes.Unit.UnitTestResult, Microsoft.VisualStudio.QualityTools.Tips.UnitTest.ObjectModel, Version=8.0.0.0, Culture=neutral, PublicKeyToken=b03f5f7f11d50a3a"><resultType type="Microsoft.VisualStudio.TestTools.TestTypes.Unit.UnitTestResultType, Microsoft.VisualStudio.QualityTools.Tips.UnitTest.ObjectModel, Version=8.0.0.0, Culture=neutral, PublicKeyToken=b03f5f7f11d50a3a"><value__ type="System.Int32">0</value__></resultType><m_hasSufficientAccess type="System.Boolean">True</m_hasSufficientAccess><counters type="Microsoft.VisualStudio.TestTools.Common.TestResultCounter"><values type="System.Int32">0,0,0,0,0,0,0,0,0,0,0,0,0,0</values><total type="System.Int32">1</total></counters><categoryId type="Microsoft.VisualStudio.TestTools.Common.TestCategoryId"><id type="System.Guid">8c84fa94-04c1-424b-9868-57a2d4851a1d</id></categoryId><outcome type="Microsoft.VisualStudio.TestTools.Common.TestOutcome"><value__ type="System.Int32">4</value__></outcome><errorInfo type="Microsoft.VisualStudio.TestTools.Common.TestResultErrorInfo"><message type="System.String">Assert.Inconclusive failed. Verify the correctness of this test method</message><stackTrace type="System.String">   at BrownShoe.UnitTests.Services.MarketingAdmin.DataFeedServiceTest.DeleteRuleTest()
</stackTrace></errorInfo><traceInfo type="Microsoft.VisualStudio.TestTools.Common.TestExecutionTraceInformation"><trace type="System.Text.StringBuilder">Creating instance of class BrownShoe.UnitTests.Services.MarketingAdmin.DataFeedServiceTest.
Calling Test method BrownShoe.UnitTests.Services.MarketingAdmin.DataFeedServiceTest.Microsoft.VisualStudio.TestTools.TestTypes.Unit.TestMethod.
</trace></traceInfo><stdout type="System.String" /><stderr type="System.String" /><debugTrace type="System.String" /><workItemIds type="System.Collections.Generic.List`1[[System.Int32, mscorlib, Version=2.0.0.0, Culture=neutral, PublicKeyToken=b77a5c561934e089]]"><_size type="System.Int32">0</_size><_version type="System.Int32">1</_version></workItemIds><id type="Microsoft.VisualStudio.TestTools.Common.TestResultId"><runId type="System.Guid">3d9a8baa-b9cb-4717-8a94-3c6445344217</runId><executionId type="Microsoft.VisualStudio.TestTools.Common.TestExecId"><id type="System.Guid">264fc200-c774-4bda-a2f8-c09d757c73f3</id></executionId><parentExecId type="Microsoft.VisualStudio.TestTools.Common.TestExecId"><id type="System.Guid">00000000-0000-0000-0000-000000000000</id></parentExecId><testId type="Microsoft.VisualStudio.TestTools.Common.TestId"><id type="System.Guid">15e945d0-d2ed-0e95-e4d6-80d0abd2eedf</id></testId></id><testName type="System.String">DeleteRuleTest</testName><testType type="Microsoft.VisualStudio.TestTools.Common.TestType"><id type="System.Guid">13cdc9d9-ddb5-4fa4-a97d-d965ccfc6d4b</id></testType><messageKind type="Microsoft.VisualStudio.TestTools.Common.TestMessageKind"><value__ type="System.Int32">1</value__></messageKind><computerInfo type="Microsoft.VisualStudio.TestTools.Common.ComputerInfo"><m_computerName type="System.String">ECDATA-TFS01</m_computerName></computerInfo><duration type="System.TimeSpan">00:00:00.0018178</duration><startTime type="System.DateTime"><dateData type="System.UInt64">633673775002826036</dateData></startTime><endTime type="System.DateTime"><dateData type="System.UInt64">633673775002982296</dateData></endTime><spoolMessage type="System.Boolean">True</spoolMessage></UnitTestResult><UnitTestResult type="Microsoft.VisualStudio.TestTools.TestTypes.Unit.UnitTestResult, Microsoft.VisualStudio.QualityTools.Tips.UnitTest.ObjectModel, Version=8.0.0.0, Culture=neutral, PublicKeyToken=b03f5f7f11d50a3a"><resultType type="Microsoft.VisualStudio.TestTools.TestTypes.Unit.UnitTestResultType, Microsoft.VisualStudio.QualityTools.Tips.UnitTest.ObjectModel, Version=8.0.0.0, Culture=neutral, PublicKeyToken=b03f5f7f11d50a3a"><value__ type="System.Int32">0</value__></resultType><m_hasSufficientAccess type="System.Boolean">True</m_hasSufficientAccess><counters type="Microsoft.VisualStudio.TestTools.Common.TestResultCounter"><values type="System.Int32">0,0,0,0,0,0,0,0,0,0,0,0,0,0</values><total type="System.Int32">1</total></counters><categoryId type="Microsoft.VisualStudio.TestTools.Common.TestCategoryId"><id type="System.Guid">8c84fa94-04c1-424b-9868-57a2d4851a1d</id></categoryId><outcome type="Microsoft.VisualStudio.TestTools.Common.TestOutcome"><value__ type="System.Int32">4</value__></outcome><errorInfo type="Microsoft.VisualStudio.TestTools.Common.TestResultErrorInfo"><message type="System.String">Assert.Inconclusive failed. Verify the correctness of this test method</message><stackTrace type="System.String">   at BrownShoe.UnitTests.Services.MarketingAdmin.DataFeedServiceTest.GetDataFeedListTest()
</stackTrace></errorInfo><traceInfo type="Microsoft.VisualStudio.TestTools.Common.TestExecutionTraceInformation"><trace type="System.Text.StringBuilder">Creating instance of class BrownShoe.UnitTests.Services.MarketingAdmin.DataFeedServiceTest.
Calling Test method BrownShoe.UnitTests.Services.MarketingAdmin.DataFeedServiceTest.Microsoft.VisualStudio.TestTools.TestTypes.Unit.TestMethod.
</trace></traceInfo><stdout type="System.String" /><stderr type="System.String" /><debugTrace type="System.String" /><workItemIds type="System.Collections.Generic.List`1[[System.Int32, mscorlib, Version=2.0.0.0, Culture=neutral, PublicKeyToken=b77a5c561934e089]]"><_size type="System.Int32">0</_size><_version type="System.Int32">1</_version></workItemIds><id type="Microsoft.VisualStudio.TestTools.Common.TestResultId"><runId type="System.Guid">3d9a8baa-b9cb-4717-8a94-3c6445344217</runId><executionId type="Microsoft.VisualStudio.TestTools.Common.TestExecId"><id type="System.Guid">b34c3b50-5b75-4f11-b676-a9e696a574b6</id></executionId><parentExecId type="Microsoft.VisualStudio.TestTools.Common.TestExecId"><id type="System.Guid">00000000-0000-0000-0000-000000000000</id></parentExecId><testId type="Microsoft.VisualStudio.TestTools.Common.TestId"><id type="System.Guid">65fa3e41-7278-4418-fc84-f1043191ec78</id></testId></id><testName type="System.String">GetDataFeedListTest</testName><testType type="Microsoft.VisualStudio.TestTools.Common.TestType"><id type="System.Guid">13cdc9d9-ddb5-4fa4-a97d-d965ccfc6d4b</id></testType><messageKind type="Microsoft.VisualStudio.TestTools.Common.TestMessageKind"><value__ type="System.Int32">1</value__></messageKind><computerInfo type="Microsoft.VisualStudio.TestTools.Common.ComputerInfo"><m_computerName type="System.String">ECDATA-TFS01</m_computerName></computerInfo><duration type="System.TimeSpan">00:00:00.0006267</duration><startTime type="System.DateTime"><dateData type="System.UInt64">633673775002982296</dateData></startTime><endTime type="System.DateTime"><dateData type="System.UInt64">633673775002982296</dateData></endTime><spoolMessage type="System.Boolean">True</spoolMessage></UnitTestResult><UnitTestResult type="Microsoft.VisualStudio.TestTools.TestTypes.Unit.UnitTestResult, Microsoft.VisualStudio.QualityTools.Tips.UnitTest.ObjectModel, Version=8.0.0.0, Culture=neutral, PublicKeyToken=b03f5f7f11d50a3a"><resultType type="Microsoft.VisualStudio.TestTools.TestTypes.Unit.UnitTestResultType, Microsoft.VisualStudio.QualityTools.Tips.UnitTest.ObjectModel, Version=8.0.0.0, Culture=neutral, PublicKeyToken=b03f5f7f11d50a3a"><value__ type="System.Int32">0</value__></resultType><m_hasSufficientAccess type="System.Boolean">True</m_hasSufficientAccess><counters type="Microsoft.VisualStudio.TestTools.Common.TestResultCounter"><values type="System.Int32">0,0,0,0,0,0,0,0,0,0,0,0,0,0</values><total type="System.Int32">1</total></counters><categoryId type="Microsoft.VisualStudio.TestTools.Common.TestCategoryId"><id type="System.Guid">8c84fa94-04c1-424b-9868-57a2d4851a1d</id></categoryId><outcome type="Microsoft.VisualStudio.TestTools.Common.TestOutcome"><value__ type="System.Int32">4</value__></outcome><errorInfo type="Microsoft.VisualStudio.TestTools.Common.TestResultErrorInfo"><message type="System.String">Assert.Inconclusive failed. Verify the correctness of this test method</message><stackTrace type="System.String">   at BrownShoe.UnitTests.Services.MarketingAdmin.DataFeedServiceTest.GetDataFeedRuleConditionsTest()
</stackTrace></errorInfo><traceInfo type="Microsoft.VisualStudio.TestTools.Common.TestExecutionTraceInformation"><trace type="System.Text.StringBuilder">Creating instance of class BrownShoe.UnitTests.Services.MarketingAdmin.DataFeedServiceTest.
Calling Test method BrownShoe.UnitTests.Services.MarketingAdmin.DataFeedServiceTest.Microsoft.VisualStudio.TestTools.TestTypes.Unit.TestMethod.
</trace></traceInfo><stdout type="System.String" /><stderr type="System.String" /><debugTrace type="System.String" /><workItemIds type="System.Collections.Generic.List`1[[System.Int32, mscorlib, Version=2.0.0.0, Culture=neutral, PublicKeyToken=b77a5c561934e089]]"><_size type="System.Int32">0</_size><_version type="System.Int32">1</_version></workItemIds><id type="Microsoft.VisualStudio.TestTools.Common.TestResultId"><runId type="System.Guid">3d9a8baa-b9cb-4717-8a94-3c6445344217</runId><executionId type="Microsoft.VisualStudio.TestTools.Common.TestExecId"><id type="System.Guid">ff812666-5c46-4b4b-9db3-01d2d075c563</id></executionId><parentExecId type="Microsoft.VisualStudio.TestTools.Common.TestExecId"><id type="System.Guid">00000000-0000-0000-0000-000000000000</id></parentExecId><testId type="Microsoft.VisualStudio.TestTools.Common.TestId"><id type="System.Guid">7153265c-847d-ee05-0f47-1d2b29f31e7d</id></testId></id><testName type="System.String">GetDataFeedRuleConditionsTest</testName><testType type="Microsoft.VisualStudio.TestTools.Common.TestType"><id type="System.Guid">13cdc9d9-ddb5-4fa4-a97d-d965ccfc6d4b</id></testType><messageKind type="Microsoft.VisualStudio.TestTools.Common.TestMessageKind"><value__ type="System.Int32">1</value__></messageKind><computerInfo type="Microsoft.VisualStudio.TestTools.Common.ComputerInfo"><m_computerName type="System.String">ECDATA-TFS01</m_computerName></computerInfo><duration type="System.TimeSpan">00:00:00.0007019</duration><startTime type="System.DateTime"><dateData type="System.UInt64">633673775002982296</dateData></startTime><endTime type="System.DateTime"><dateData type="System.UInt64">633673775003138556</dateData></endTime><spoolMessage type="System.Boolean">True</spoolMessage></UnitTestResult><UnitTestResult type="Microsoft.VisualStudio.TestTools.TestTypes.Unit.UnitTestResult, Microsoft.VisualStudio.QualityTools.Tips.UnitTest.ObjectModel, Version=8.0.0.0, Culture=neutral, PublicKeyToken=b03f5f7f11d50a3a"><resultType type="Microsoft.VisualStudio.TestTools.TestTypes.Unit.UnitTestResultType, Microsoft.VisualStudio.QualityTools.Tips.UnitTest.ObjectModel, Version=8.0.0.0, Culture=neutral, PublicKeyToken=b03f5f7f11d50a3a"><value__ type="System.Int32">0</value__></resultType><m_hasSufficientAccess type="System.Boolean">True</m_hasSufficientAccess><counters type="Microsoft.VisualStudio.TestTools.Common.TestResultCounter"><values type="System.Int32">0,0,0,0,0,0,0,0,0,0,0,0,0,0</values><total type="System.Int32">1</total></counters><categoryId type="Microsoft.VisualStudio.TestTools.Common.TestCategoryId"><id type="System.Guid">8c84fa94-04c1-424b-9868-57a2d4851a1d</id></categoryId><outcome type="Microsoft.VisualStudio.TestTools.Common.TestOutcome"><value__ type="System.Int32">4</value__></outcome><errorInfo type="Microsoft.VisualStudio.TestTools.Common.TestResultErrorInfo"><message type="System.String">Assert.Inconclusive failed. Verify the correctness of this test method</message><stackTrace type="System.String">   at BrownShoe.UnitTests.Services.MarketingAdmin.DataFeedServiceTest.GetDataFeedRulesTest()
</stackTrace></errorInfo><traceInfo type="Microsoft.VisualStudio.TestTools.Common.TestExecutionTraceInformation"><trace type="System.Text.StringBuilder">Creating instance of class BrownShoe.UnitTests.Services.MarketingAdmin.DataFeedServiceTest.
Calling Test method BrownShoe.UnitTests.Services.MarketingAdmin.DataFeedServiceTest.Microsoft.VisualStudio.TestTools.TestTypes.Unit.TestMethod.
</trace></traceInfo><stdout type="System.String" /><stderr type="System.String" /><debugTrace type="System.String" /><workItemIds type="System.Collections.Generic.List`1[[System.Int32, mscorlib, Version=2.0.0.0, Culture=neutral, PublicKeyToken=b77a5c561934e089]]"><_size type="System.Int32">0</_size><_version type="System.Int32">1</_version></workItemIds><id type="Microsoft.VisualStudio.TestTools.Common.TestResultId"><runId type="System.Guid">3d9a8baa-b9cb-4717-8a94-3c6445344217</runId><executionId type="Microsoft.VisualStudio.TestTools.Common.TestExecId"><id type="System.Guid">5148ba37-4a7c-49ee-9036-b162345c7340</id></executionId><parentExecId type="Microsoft.VisualStudio.TestTools.Common.TestExecId"><id type="System.Guid">00000000-0000-0000-0000-000000000000</id></parentExecId><testId type="Microsoft.VisualStudio.TestTools.Common.TestId"><id type="System.Guid">eaab0ceb-754a-948c-1df8-2a9693cd5e6b</id></testId></id><testName type="System.String">GetDataFeedRulesTest</testName><testType type="Microsoft.VisualStudio.TestTools.Common.TestType"><id type="System.Guid">13cdc9d9-ddb5-4fa4-a97d-d965ccfc6d4b</id></testType><messageKind type="Microsoft.VisualStudio.TestTools.Common.TestMessageKind"><value__ type="System.Int32">1</value__></messageKind><computerInfo type="Microsoft.VisualStudio.TestTools.Common.ComputerInfo"><m_computerName type="System.String">ECDATA-TFS01</m_computerName></computerInfo><duration type="System.TimeSpan">00:00:00.0006137</duration><startTime type="System.DateTime"><dateData type="System.UInt64">633673775003138556</dateData></startTime><endTime type="System.DateTime"><dateData type="System.UInt64">633673775003138556</dateData></endTime><spoolMessage type="System.Boolean">True</spoolMessage></UnitTestResult><UnitTestResult type="Microsoft.VisualStudio.TestTools.TestTypes.Unit.UnitTestResult, Microsoft.VisualStudio.QualityTools.Tips.UnitTest.ObjectModel, Version=8.0.0.0, Culture=neutral, PublicKeyToken=b03f5f7f11d50a3a"><resultType type="Microsoft.VisualStudio.TestTools.TestTypes.Unit.UnitTestResultType, Microsoft.VisualStudio.QualityTools.Tips.UnitTest.ObjectModel, Version=8.0.0.0, Culture=neutral, PublicKeyToken=b03f5f7f11d50a3a"><value__ type="System.Int32">0</value__></resultType><m_hasSufficientAccess type="System.Boolean">True</m_hasSufficientAccess><counters type="Microsoft.VisualStudio.TestTools.Common.TestResultCounter"><values type="System.Int32">0,0,0,0,0,0,0,0,0,0,0,0,0,0</values><total type="System.Int32">1</total></counters><categoryId type="Microsoft.VisualStudio.TestTools.Common.TestCategoryId"><id type="System.Guid">8c84fa94-04c1-424b-9868-57a2d4851a1d</id></categoryId><outcome type="Microsoft.VisualStudio.TestTools.Common.TestOutcome"><value__ type="System.Int32">4</value__></outcome><errorInfo type="Microsoft.VisualStudio.TestTools.Common.TestResultErrorInfo"><message type="System.String">Assert.Inconclusive failed. Verify the correctness of this test method</message><stackTrace type="System.String">   at BrownShoe.UnitTests.Services.MarketingAdmin.DataFeedServiceTest.GetDataFeedStatusTest()
</stackTrace></errorInfo><traceInfo type="Microsoft.VisualStudio.TestTools.Common.TestExecutionTraceInformation"><trace type="System.Text.StringBuilder">Creating instance of class BrownShoe.UnitTests.Services.MarketingAdmin.DataFeedServiceTest.
Calling Test method BrownShoe.UnitTests.Services.MarketingAdmin.DataFeedServiceTest.Microsoft.VisualStudio.TestTools.TestTypes.Unit.TestMethod.
</trace></traceInfo><stdout type="System.String" /><stderr type="System.String" /><debugTrace type="System.String" /><workItemIds type="System.Collections.Generic.List`1[[System.Int32, mscorlib, Version=2.0.0.0, Culture=neutral, PublicKeyToken=b77a5c561934e089]]"><_size type="System.Int32">0</_size><_version type="System.Int32">1</_version></workItemIds><id type="Microsoft.VisualStudio.TestTools.Common.TestResultId"><runId type="System.Guid">3d9a8baa-b9cb-4717-8a94-3c6445344217</runId><executionId type="Microsoft.VisualStudio.TestTools.Common.TestExecId"><id type="System.Guid">70dca837-4205-4e58-b820-ae82cf6fbe33</id></executionId><parentExecId type="Microsoft.VisualStudio.TestTools.Common.TestExecId"><id type="System.Guid">00000000-0000-0000-0000-000000000000</id></parentExecId><testId type="Microsoft.VisualStudio.TestTools.Common.TestId"><id type="System.Guid">3e7af468-5b50-141f-bb6d-f24168fdf571</id></testId></id><testName type="System.String">GetDataFeedStatusTest</testName><testType type="Microsoft.VisualStudio.TestTools.Common.TestType"><id type="System.Guid">13cdc9d9-ddb5-4fa4-a97d-d965ccfc6d4b</id></testType><messageKind type="Microsoft.VisualStudio.TestTools.Common.TestMessageKind"><value__ type="System.Int32">1</value__></messageKind><computerInfo type="Microsoft.VisualStudio.TestTools.Common.ComputerInfo"><m_computerName type="System.String">ECDATA-TFS01</m_computerName></computerInfo><duration type="System.TimeSpan">00:00:00.0010028</duration><startTime type="System.DateTime"><dateData type="System.UInt64">633673775003138556</dateData></startTime><endTime type="System.DateTime"><dateData type="System.UInt64">633673775003138556</dateData></endTime><spoolMessage type="System.Boolean">True</spoolMessage></UnitTestResult><UnitTestResult type="Microsoft.VisualStudio.TestTools.TestTypes.Unit.UnitTestResult, Microsoft.VisualStudio.QualityTools.Tips.UnitTest.ObjectModel, Version=8.0.0.0, Culture=neutral, PublicKeyToken=b03f5f7f11d50a3a"><resultType type="Microsoft.VisualStudio.TestTools.TestTypes.Unit.UnitTestResultType, Microsoft.VisualStudio.QualityTools.Tips.UnitTest.ObjectModel, Version=8.0.0.0, Culture=neutral, PublicKeyToken=b03f5f7f11d50a3a"><value__ type="System.Int32">0</value__></resultType><m_hasSufficientAccess type="System.Boolean">True</m_hasSufficientAccess><counters type="Microsoft.VisualStudio.TestTools.Common.TestResultCounter"><values type="System.Int32">0,0,0,0,0,0,0,0,0,0,0,0,0,0</values><total type="System.Int32">1</total></counters><categoryId type="Microsoft.VisualStudio.TestTools.Common.TestCategoryId"><id type="System.Guid">8c84fa94-04c1-424b-9868-57a2d4851a1d</id></categoryId><outcome type="Microsoft.VisualStudio.TestTools.Common.TestOutcome"><value__ type="System.Int32">4</value__></outcome><errorInfo type="Microsoft.VisualStudio.TestTools.Common.TestResultErrorInfo"><message type="System.String">Assert.Inconclusive failed. Verify the correctness of this test method</message><stackTrace type="System.String">   at BrownShoe.UnitTests.Services.MarketingAdmin.DataFeedServiceTest.QueueDataFeedTest()
</stackTrace></errorInfo><traceInfo type="Microsoft.VisualStudio.TestTools.Common.TestExecutionTraceInformation"><trace type="System.Text.StringBuilder">Creating instance of class BrownShoe.UnitTests.Services.MarketingAdmin.DataFeedServiceTest.
Calling Test method BrownShoe.UnitTests.Services.MarketingAdmin.DataFeedServiceTest.Microsoft.VisualStudio.TestTools.TestTypes.Unit.TestMethod.
</trace></traceInfo><stdout type="System.String" /><stderr type="System.String" /><debugTrace type="System.String" /><workItemIds type="System.Collections.Generic.List`1[[System.Int32, mscorlib, Version=2.0.0.0, Culture=neutral, PublicKeyToken=b77a5c561934e089]]"><_size type="System.Int32">0</_size><_version type="System.Int32">1</_version></workItemIds><id type="Microsoft.VisualStudio.TestTools.Common.TestResultId"><runId type="System.Guid">3d9a8baa-b9cb-4717-8a94-3c6445344217</runId><executionId type="Microsoft.VisualStudio.TestTools.Common.TestExecId"><id type="System.Guid">6fd79279-a464-4c6f-b22e-97eaf1f661ca</id></executionId><parentExecId type="Microsoft.VisualStudio.TestTools.Common.TestExecId"><id type="System.Guid">00000000-0000-0000-0000-000000000000</id></parentExecId><testId type="Microsoft.VisualStudio.TestTools.Common.TestId"><id type="System.Guid">f4f2758a-9626-c5df-dc18-06978c3499c7</id></testId></id><testName type="System.String">QueueDataFeedTest</testName><testType type="Microsoft.VisualStudio.TestTools.Common.TestType"><id type="System.Guid">13cdc9d9-ddb5-4fa4-a97d-d965ccfc6d4b</id></testType><messageKind type="Microsoft.VisualStudio.TestTools.Common.TestMessageKind"><value__ type="System.Int32">1</value__></messageKind><computerInfo type="Microsoft.VisualStudio.TestTools.Common.ComputerInfo"><m_computerName type="System.String">ECDATA-TFS01</m_computerName></computerInfo><duration type="System.TimeSpan">00:00:00.0005889</duration><startTime type="System.DateTime"><dateData type="System.UInt64">633673775003138556</dateData></startTime><endTime type="System.DateTime"><dateData type="System.UInt64">633673775003294816</dateData></endTime><spoolMessage type="System.Boolean">True</spoolMessage></UnitTestResult><UnitTestResult type="Microsoft.VisualStudio.TestTools.TestTypes.Unit.UnitTestResult, Microsoft.VisualStudio.QualityTools.Tips.UnitTest.ObjectModel, Version=8.0.0.0, Culture=neutral, PublicKeyToken=b03f5f7f11d50a3a"><resultType type="Microsoft.VisualStudio.TestTools.TestTypes.Unit.UnitTestResultType, Microsoft.VisualStudio.QualityTools.Tips.UnitTest.ObjectModel, Version=8.0.0.0, Culture=neutral, PublicKeyToken=b03f5f7f11d50a3a"><value__ type="System.Int32">0</value__></resultType><m_hasSufficientAccess type="System.Boolean">True</m_hasSufficientAccess><counters type="Microsoft.VisualStudio.TestTools.Common.TestResultCounter"><values type="System.Int32">0,0,0,0,0,0,0,0,0,0,0,0,0,0</values><total type="System.Int32">1</total></counters><categoryId type="Microsoft.VisualStudio.TestTools.Common.TestCategoryId"><id type="System.Guid">8c84fa94-04c1-424b-9868-57a2d4851a1d</id></categoryId><outcome type="Microsoft.VisualStudio.TestTools.Common.TestOutcome"><value__ type="System.Int32">4</value__></outcome><errorInfo type="Microsoft.VisualStudio.TestTools.Common.TestResultErrorInfo"><message type="System.String">Assert.Inconclusive failed. Verify the correctness of this test method</message><stackTrace type="System.String">   at BrownShoe.UnitTests.Services.MarketingAdmin.DataFeedServiceTest.SaveRuleTest()
</stackTrace></errorInfo><traceInfo type="Microsoft.VisualStudio.TestTools.Common.TestExecutionTraceInformation"><trace type="System.Text.StringBuilder">Creating instance of class BrownShoe.UnitTests.Services.MarketingAdmin.DataFeedServiceTest.
Calling Test method BrownShoe.UnitTests.Services.MarketingAdmin.DataFeedServiceTest.Microsoft.VisualStudio.TestTools.TestTypes.Unit.TestMethod.
</trace></traceInfo><stdout type="System.String" /><stderr type="System.String" /><debugTrace type="System.String" /><workItemIds type="System.Collections.Generic.List`1[[System.Int32, mscorlib, Version=2.0.0.0, Culture=neutral, PublicKeyToken=b77a5c561934e089]]"><_size type="System.Int32">0</_size><_version type="System.Int32">1</_version></workItemIds><id type="Microsoft.VisualStudio.TestTools.Common.TestResultId"><runId type="System.Guid">3d9a8baa-b9cb-4717-8a94-3c6445344217</runId><executionId type="Microsoft.VisualStudio.TestTools.Common.TestExecId"><id type="System.Guid">c29effa7-c37c-411b-bb2e-bb180656e9c9</id></executionId><parentExecId type="Microsoft.VisualStudio.TestTools.Common.TestExecId"><id type="System.Guid">00000000-0000-0000-0000-000000000000</id></parentExecId><testId type="Microsoft.VisualStudio.TestTools.Common.TestId"><id type="System.Guid">4cfa5a41-cb2a-b8a3-fd71-d4af63cf74fa</id></testId></id><testName type="System.String">SaveRuleTest</testName><testType type="Microsoft.VisualStudio.TestTools.Common.TestType"><id type="System.Guid">13cdc9d9-ddb5-4fa4-a97d-d965ccfc6d4b</id></testType><messageKind type="Microsoft.VisualStudio.TestTools.Common.TestMessageKind"><value__ type="System.Int32">1</value__></messageKind><computerInfo type="Microsoft.VisualStudio.TestTools.Common.ComputerInfo"><m_computerName type="System.String">ECDATA-TFS01</m_computerName></computerInfo><duration type="System.TimeSpan">00:00:00.0012975</duration><startTime type="System.DateTime"><dateData type="System.UInt64">633673775003294816</dateData></startTime><endTime type="System.DateTime"><dateData type="System.UInt64">633673775003294816</dateData></endTime><spoolMessage type="System.Boolean">True</spoolMessage></UnitTestResult><UnitTestResult type="Microsoft.VisualStudio.TestTools.TestTypes.Unit.UnitTestResult, Microsoft.VisualStudio.QualityTools.Tips.UnitTest.ObjectModel, Version=8.0.0.0, Culture=neutral, PublicKeyToken=b03f5f7f11d50a3a"><resultType type="Microsoft.VisualStudio.TestTools.TestTypes.Unit.UnitTestResultType, Microsoft.VisualStudio.QualityTools.Tips.UnitTest.ObjectModel, Version=8.0.0.0, Culture=neutral, PublicKeyToken=b03f5f7f11d50a3a"><value__ type="System.Int32">0</value__></resultType><m_hasSufficientAccess type="System.Boolean">True</m_hasSufficientAccess><counters type="Microsoft.VisualStudio.TestTools.Common.TestResultCounter"><values type="System.Int32">0,0,0,0,0,0,0,0,0,0,0,0,0,0</values><total type="System.Int32">1</total></counters><categoryId type="Microsoft.VisualStudio.TestTools.Common.TestCategoryId"><id type="System.Guid">8c84fa94-04c1-424b-9868-57a2d4851a1d</id></categoryId><outcome type="Microsoft.VisualStudio.TestTools.Common.TestOutcome"><value__ type="System.Int32">4</value__></outcome><errorInfo type="Microsoft.VisualStudio.TestTools.Common.TestResultErrorInfo"><message type="System.String">Assert.Inconclusive failed. Verify the correctness of this test method</message><stackTrace type="System.String">   at BrownShoe.UnitTests.Services.MarketingAdmin.DataFeedServiceTest.UpdatePriorityTest()
</stackTrace></errorInfo><traceInfo type="Microsoft.VisualStudio.TestTools.Common.TestExecutionTraceInformation"><trace type="System.Text.StringBuilder">Creating instance of class BrownShoe.UnitTests.Services.MarketingAdmin.DataFeedServiceTest.
Calling Test method BrownShoe.UnitTests.Services.MarketingAdmin.DataFeedServiceTest.Microsoft.VisualStudio.TestTools.TestTypes.Unit.TestMethod.
</trace></traceInfo><stdout type="System.String" /><stderr type="System.String" /><debugTrace type="System.String" /><workItemIds type="System.Collections.Generic.List`1[[System.Int32, mscorlib, Version=2.0.0.0, Culture=neutral, PublicKeyToken=b77a5c561934e089]]"><_size type="System.Int32">0</_size><_version type="System.Int32">1</_version></workItemIds><id type="Microsoft.VisualStudio.TestTools.Common.TestResultId"><runId type="System.Guid">3d9a8baa-b9cb-4717-8a94-3c6445344217</runId><executionId type="Microsoft.VisualStudio.TestTools.Common.TestExecId"><id type="System.Guid">07e8eaaf-37f1-48bc-8f50-4763f54a7514</id></executionId><parentExecId type="Microsoft.VisualStudio.TestTools.Common.TestExecId"><id type="System.Guid">00000000-0000-0000-0000-000000000000</id></parentExecId><testId type="Microsoft.VisualStudio.TestTools.Common.TestId"><id type="System.Guid">9ce6e354-3c8c-59aa-aad4-ad2606cfb264</id></testId></id><testName type="System.String">UpdatePriorityTest</testName><testType type="Microsoft.VisualStudio.TestTools.Common.TestType"><id type="System.Guid">13cdc9d9-ddb5-4fa4-a97d-d965ccfc6d4b</id></testType><messageKind type="Microsoft.VisualStudio.TestTools.Common.TestMessageKind"><value__ type="System.Int32">1</value__></messageKind><computerInfo type="Microsoft.VisualStudio.TestTools.Common.ComputerInfo"><m_computerName type="System.String">ECDATA-TFS01</m_computerName></computerInfo><duration type="System.TimeSpan">00:00:00.0006547</duration><startTime type="System.DateTime"><dateData type="System.UInt64">633673775003294816</dateData></startTime><endTime type="System.DateTime"><dateData type="System.UInt64">633673775003294816</dateData></endTime><spoolMessage type="System.Boolean">True</spoolMessage></UnitTestResult><UnitTestResult type="Microsoft.VisualStudio.TestTools.TestTypes.Unit.UnitTestResult, Microsoft.VisualStudio.QualityTools.Tips.UnitTest.ObjectModel, Version=8.0.0.0, Culture=neutral, PublicKeyToken=b03f5f7f11d50a3a"><resultType type="Microsoft.VisualStudio.TestTools.TestTypes.Unit.UnitTestResultType, Microsoft.VisualStudio.QualityTools.Tips.UnitTest.ObjectModel, Version=8.0.0.0, Culture=neutral, PublicKeyToken=b03f5f7f11d50a3a"><value__ type="System.Int32">0</value__></resultType><m_hasSufficientAccess type="System.Boolean">True</m_hasSufficientAccess><counters type="Microsoft.VisualStudio.TestTools.Common.TestResultCounter"><values type="System.Int32">0,0,0,0,0,0,0,0,0,0,0,0,0,0</values><total type="System.Int32">1</total></counters><categoryId type="Microsoft.VisualStudio.TestTools.Common.TestCategoryId"><id type="System.Guid">8c84fa94-04c1-424b-9868-57a2d4851a1d</id></categoryId><outcome type="Microsoft.VisualStudio.TestTools.Common.TestOutcome"><value__ type="System.Int32">4</value__></outcome><errorInfo type="Microsoft.VisualStudio.TestTools.Common.TestResultErrorInfo"><message type="System.String">Assert.Inconclusive failed. Verify the correctness of this test method</message><stackTrace type="System.String">   at BrownShoe.UnitTests.Services.MarketingAdmin.MarketingAdminServiceTest.ApplyGiftCertificatePurchaseTest()
</stackTrace></errorInfo><traceInfo type="Microsoft.VisualStudio.TestTools.Common.TestExecutionTraceInformation"><trace type="System.Text.StringBuilder">Creating instance of class BrownShoe.UnitTests.Services.MarketingAdmin.MarketingAdminServiceTest.
Calling Test method BrownShoe.UnitTests.Services.MarketingAdmin.MarketingAdminServiceTest.Microsoft.VisualStudio.TestTools.TestTypes.Unit.TestMethod.
</trace></traceInfo><stdout type="System.String" /><stderr type="System.String" /><debugTrace type="System.String" /><workItemIds type="System.Collections.Generic.List`1[[System.Int32, mscorlib, Version=2.0.0.0, Culture=neutral, PublicKeyToken=b77a5c561934e089]]"><_size type="System.Int32">0</_size><_version type="System.Int32">1</_version></workItemIds><id type="Microsoft.VisualStudio.TestTools.Common.TestResultId"><runId type="System.Guid">3d9a8baa-b9cb-4717-8a94-3c6445344217</runId><executionId type="Microsoft.VisualStudio.TestTools.Common.TestExecId"><id type="System.Guid">5149db27-c7b4-4622-8b46-483baf553643</id></executionId><parentExecId type="Microsoft.VisualStudio.TestTools.Common.TestExecId"><id type="System.Guid">00000000-0000-0000-0000-000000000000</id></parentExecId><testId type="Microsoft.VisualStudio.TestTools.Common.TestId"><id type="System.Guid">b3ec91a8-1e57-bd2e-787c-529344116793</id></testId></id><testName type="System.String">ApplyGiftCertificatePurchaseTest</testName><testType type="Microsoft.VisualStudio.TestTools.Common.TestType"><id type="System.Guid">13cdc9d9-ddb5-4fa4-a97d-d965ccfc6d4b</id></testType><messageKind type="Microsoft.VisualStudio.TestTools.Common.TestMessageKind"><value__ type="System.Int32">1</value__></messageKind><computerInfo type="Microsoft.VisualStudio.TestTools.Common.ComputerInfo"><m_computerName type="System.String">ECDATA-TFS01</m_computerName></computerInfo><duration type="System.TimeSpan">00:00:00.0010186</duration><startTime type="System.DateTime"><dateData type="System.UInt64">633673775003294816</dateData></startTime><endTime type="System.DateTime"><dateData type="System.UInt64">633673775003451076</dateData></endTime><spoolMessage type="System.Boolean">True</spoolMessage></UnitTestResult><UnitTestResult type="Microsoft.VisualStudio.TestTools.TestTypes.Unit.UnitTestResult, Microsoft.VisualStudio.QualityTools.Tips.UnitTest.ObjectModel, Version=8.0.0.0, Culture=neutral, PublicKeyToken=b03f5f7f11d50a3a"><resultType type="Microsoft.VisualStudio.TestTools.TestTypes.Unit.UnitTestResultType, Microsoft.VisualStudio.QualityTools.Tips.UnitTest.ObjectModel, Version=8.0.0.0, Culture=neutral, PublicKeyToken=b03f5f7f11d50a3a"><value__ type="System.Int32">0</value__></resultType><m_hasSufficientAccess type="System.Boolean">True</m_hasSufficientAccess><counters type="Microsoft.VisualStudio.TestTools.Common.TestResultCounter"><values type="System.Int32">0,0,0,0,0,0,0,0,0,0,0,0,0,0</values><total type="System.Int32">1</total></counters><categoryId type="Microsoft.VisualStudio.TestTools.Common.TestCategoryId"><id type="System.Guid">8c84fa94-04c1-424b-9868-57a2d4851a1d</id></categoryId><outcome type="Microsoft.VisualStudio.TestTools.Common.TestOutcome"><value__ type="System.Int32">4</value__></outcome><errorInfo type="Microsoft.VisualStudio.TestTools.Common.TestResultErrorInfo"><message type="System.String">Assert.Inconclusive failed. Verify the correctness of this test method</message><stackTrace type="System.String">   at BrownShoe.UnitTests.Services.MarketingAdmin.MarketingAdminServiceTest.ConvertDataSetToGiftCertificateListTest()
</stackTrace></errorInfo><traceInfo type="Microsoft.VisualStudio.TestTools.Common.TestExecutionTraceInformation"><trace type="System.Text.StringBuilder">Creating instance of class BrownShoe.UnitTests.Services.MarketingAdmin.MarketingAdminServiceTest.
Calling Test method BrownShoe.UnitTests.Services.MarketingAdmin.MarketingAdminServiceTest.Microsoft.VisualStudio.TestTools.TestTypes.Unit.TestMethod.
</trace></traceInfo><stdout type="System.String" /><stderr type="System.String" /><debugTrace type="System.String" /><workItemIds type="System.Collections.Generic.List`1[[System.Int32, mscorlib, Version=2.0.0.0, Culture=neutral, PublicKeyToken=b77a5c561934e089]]"><_size type="System.Int32">0</_size><_version type="System.Int32">1</_version></workItemIds><id type="Microsoft.VisualStudio.TestTools.Common.TestResultId"><runId type="System.Guid">3d9a8baa-b9cb-4717-8a94-3c6445344217</runId><executionId type="Microsoft.VisualStudio.TestTools.Common.TestExecId"><id type="System.Guid">b2ef4262-7845-4306-9226-2f750ea6d431</id></executionId><parentExecId type="Microsoft.VisualStudio.TestTools.Common.TestExecId"><id type="System.Guid">00000000-0000-0000-0000-000000000000</id></parentExecId><testId type="Microsoft.VisualStudio.TestTools.Common.TestId"><id type="System.Guid">204d0871-8cdf-c502-1310-dbcf7b4bd5c0</id></testId></id><testName type="System.String">ConvertDataSetToGiftCertificateListTest</testName><testType type="Microsoft.VisualStudio.TestTools.Common.TestType"><id type="System.Guid">13cdc9d9-ddb5-4fa4-a97d-d965ccfc6d4b</id></testType><messageKind type="Microsoft.VisualStudio.TestTools.Common.TestMessageKind"><value__ type="System.Int32">1</value__></messageKind><computerInfo type="Microsoft.VisualStudio.TestTools.Common.ComputerInfo"><m_computerName type="System.String">ECDATA-TFS01</m_computerName></computerInfo><duration type="System.TimeSpan">00:00:00.0006667</duration><startTime type="System.DateTime"><dateData type="System.UInt64">633673775003451076</dateData></startTime><endTime type="System.DateTime"><dateData type="System.UInt64">633673775003451076</dateData></endTime><spoolMessage type="System.Boolean">True</spoolMessage></UnitTestResult><UnitTestResult type="Microsoft.VisualStudio.TestTools.TestTypes.Unit.UnitTestResult, Microsoft.VisualStudio.QualityTools.Tips.UnitTest.ObjectModel, Version=8.0.0.0, Culture=neutral, PublicKeyToken=b03f5f7f11d50a3a"><resultType type="Microsoft.VisualStudio.TestTools.TestTypes.Unit.UnitTestResultType, Microsoft.VisualStudio.QualityTools.Tips.UnitTest.ObjectModel, Version=8.0.0.0, Culture=neutral, PublicKeyToken=b03f5f7f11d50a3a"><value__ type="System.Int32">0</value__></resultType><m_hasSufficientAccess type="System.Boolean">True</m_hasSufficientAccess><counters type="Microsoft.VisualStudio.TestTools.Common.TestResultCounter"><values type="System.Int32">0,0,0,0,0,0,0,0,0,0,0,0,0,0</values><total type="System.Int32">1</total></counters><categoryId type="Microsoft.VisualStudio.TestTools.Common.TestCategoryId"><id type="System.Guid">8c84fa94-04c1-424b-9868-57a2d4851a1d</id></categoryId><outcome type="Microsoft.VisualStudio.TestTools.Common.TestOutcome"><value__ type="System.Int32">4</value__></outcome><errorInfo type="Microsoft.VisualStudio.TestTools.Common.TestResultErrorInfo"><message type="System.String">Assert.Inconclusive failed. Verify the correctness of this test method</message><stackTrace type="System.String">   at BrownShoe.UnitTests.Services.MarketingAdmin.MarketingAdminServiceTest.CreateGiftCertificatesTest()
</stackTrace></errorInfo><traceInfo type="Microsoft.VisualStudio.TestTools.Common.TestExecutionTraceInformation"><trace type="System.Text.StringBuilder">Creating instance of class BrownShoe.UnitTests.Services.MarketingAdmin.MarketingAdminServiceTest.
Calling Test method BrownShoe.UnitTests.Services.MarketingAdmin.MarketingAdminServiceTest.Microsoft.VisualStudio.TestTools.TestTypes.Unit.TestMethod.
</trace></traceInfo><stdout type="System.String" /><stderr type="System.String" /><debugTrace type="System.String" /><workItemIds type="System.Collections.Generic.List`1[[System.Int32, mscorlib, Version=2.0.0.0, Culture=neutral, PublicKeyToken=b77a5c561934e089]]"><_size type="System.Int32">0</_size><_version type="System.Int32">1</_version></workItemIds><id type="Microsoft.VisualStudio.TestTools.Common.TestResultId"><runId type="System.Guid">3d9a8baa-b9cb-4717-8a94-3c6445344217</runId><executionId type="Microsoft.VisualStudio.TestTools.Common.TestExecId"><id type="System.Guid">1f8ad69b-7f6a-4d94-b8dd-7aba97054815</id></executionId><parentExecId type="Microsoft.VisualStudio.TestTools.Common.TestExecId"><id type="System.Guid">00000000-0000-0000-0000-000000000000</id></parentExecId><testId type="Microsoft.VisualStudio.TestTools.Common.TestId"><id type="System.Guid">9b4e73af-5153-9663-b862-b60a523857ad</id></testId></id><testName type="System.String">CreateGiftCertificatesTest</testName><testType type="Microsoft.VisualStudio.TestTools.Common.TestType"><id type="System.Guid">13cdc9d9-ddb5-4fa4-a97d-d965ccfc6d4b</id></testType><messageKind type="Microsoft.VisualStudio.TestTools.Common.TestMessageKind"><value__ type="System.Int32">1</value__></messageKind><computerInfo type="Microsoft.VisualStudio.TestTools.Common.ComputerInfo"><m_computerName type="System.String">ECDATA-TFS01</m_computerName></computerInfo><duration type="System.TimeSpan">00:00:00.0008336</duration><startTime type="System.DateTime"><dateData type="System.UInt64">633673775003451076</dateData></startTime><endTime type="System.DateTime"><dateData type="System.UInt64">633673775003451076</dateData></endTime><spoolMessage type="System.Boolean">True</spoolMessage></UnitTestResult><UnitTestResult type="Microsoft.VisualStudio.TestTools.TestTypes.Unit.UnitTestResult, Microsoft.VisualStudio.QualityTools.Tips.UnitTest.ObjectModel, Version=8.0.0.0, Culture=neutral, PublicKeyToken=b03f5f7f11d50a3a"><resultType type="Microsoft.VisualStudio.TestTools.TestTypes.Unit.UnitTestResultType, Microsoft.VisualStudio.QualityTools.Tips.UnitTest.ObjectModel, Version=8.0.0.0, Culture=neutral, PublicKeyToken=b03f5f7f11d50a3a"><value__ type="System.Int32">0</value__></resultType><m_hasSufficientAccess type="System.Boolean">True</m_hasSufficientAccess><counters type="Microsoft.VisualStudio.TestTools.Common.TestResultCounter"><values type="System.Int32">0,0,0,0,0,0,0,0,0,0,0,0,0,0</values><total type="System.Int32">1</total></counters><categoryId type="Microsoft.VisualStudio.TestTools.Common.TestCategoryId"><id type="System.Guid">8c84fa94-04c1-424b-9868-57a2d4851a1d</id></categoryId><outcome type="Microsoft.VisualStudio.TestTools.Common.TestOutcome"><value__ type="System.Int32">4</value__></outcome><errorInfo type="Microsoft.VisualStudio.TestTools.Common.TestResultErrorInfo"><message type="System.String">Assert.Inconclusive failed. Verify the correctness of this test method</message><stackTrace type="System.String">   at BrownShoe.UnitTests.Services.MarketingAdmin.MarketingAdminServiceTest.GetGiftCertificateTest()
</stackTrace></errorInfo><traceInfo type="Microsoft.VisualStudio.TestTools.Common.TestExecutionTraceInformation"><trace type="System.Text.StringBuilder">Creating instance of class BrownShoe.UnitTests.Services.MarketingAdmin.MarketingAdminServiceTest.
Calling Test method BrownShoe.UnitTests.Services.MarketingAdmin.MarketingAdminServiceTest.Microsoft.VisualStudio.TestTools.TestTypes.Unit.TestMethod.
</trace></traceInfo><stdout type="System.String" /><stderr type="System.String" /><debugTrace type="System.String" /><workItemIds type="System.Collections.Generic.List`1[[System.Int32, mscorlib, Version=2.0.0.0, Culture=neutral, PublicKeyToken=b77a5c561934e089]]"><_size type="System.Int32">0</_size><_version type="System.Int32">1</_version></workItemIds><id type="Microsoft.VisualStudio.TestTools.Common.TestResultId"><runId type="System.Guid">3d9a8baa-b9cb-4717-8a94-3c6445344217</runId><executionId type="Microsoft.VisualStudio.TestTools.Common.TestExecId"><id type="System.Guid">d3464408-5d84-418c-8207-25b2e9733e23</id></executionId><parentExecId type="Microsoft.VisualStudio.TestTools.Common.TestExecId"><id type="System.Guid">00000000-0000-0000-0000-000000000000</id></parentExecId><testId type="Microsoft.VisualStudio.TestTools.Common.TestId"><id type="System.Guid">cf98e067-2c03-79bc-10a0-e036c7e91fd8</id></testId></id><testName type="System.String">GetGiftCertificateTest</testName><testType type="Microsoft.VisualStudio.TestTools.Common.TestType"><id type="System.Guid">13cdc9d9-ddb5-4fa4-a97d-d965ccfc6d4b</id></testType><messageKind type="Microsoft.VisualStudio.TestTools.Common.TestMessageKind"><value__ type="System.Int32">1</value__></messageKind><computerInfo type="Microsoft.VisualStudio.TestTools.Common.ComputerInfo"><m_computerName type="System.String">ECDATA-TFS01</m_computerName></computerInfo><duration type="System.TimeSpan">00:00:00.0006294</duration><startTime type="System.DateTime"><dateData type="System.UInt64">633673775003451076</dateData></startTime><endTime type="System.DateTime"><dateData type="System.UInt64">633673775003607336</dateData></endTime><spoolMessage type="System.Boolean">True</spoolMessage></UnitTestResult><UnitTestResult type="Microsoft.VisualStudio.TestTools.TestTypes.Unit.UnitTestResult, Microsoft.VisualStudio.QualityTools.Tips.UnitTest.ObjectModel, Version=8.0.0.0, Culture=neutral, PublicKeyToken=b03f5f7f11d50a3a"><resultType type="Microsoft.VisualStudio.TestTools.TestTypes.Unit.UnitTestResultType, Microsoft.VisualStudio.QualityTools.Tips.UnitTest.ObjectModel, Version=8.0.0.0, Culture=neutral, PublicKeyToken=b03f5f7f11d50a3a"><value__ type="System.Int32">0</value__></resultType><m_hasSufficientAccess type="System.Boolean">True</m_hasSufficientAccess><counters type="Microsoft.VisualStudio.TestTools.Common.TestResultCounter"><values type="System.Int32">0,0,0,0,0,0,0,0,0,0,0,0,0,0</values><total type="System.Int32">1</total></counters><categoryId type="Microsoft.VisualStudio.TestTools.Common.TestCategoryId"><id type="System.Guid">8c84fa94-04c1-424b-9868-57a2d4851a1d</id></categoryId><outcome type="Microsoft.VisualStudio.TestTools.Common.TestOutcome"><value__ type="System.Int32">4</value__></outcome><errorInfo type="Microsoft.VisualStudio.TestTools.Common.TestResultErrorInfo"><message type="System.String">Assert.Inconclusive failed. Verify the correctness of this test method</message><stackTrace type="System.String">   at BrownShoe.UnitTests.Services.MarketingAdmin.MarketingAdminServiceTest.GetNewGiftCertificatesTest()
</stackTrace></errorInfo><traceInfo type="Microsoft.VisualStudio.TestTools.Common.TestExecutionTraceInformation"><trace type="System.Text.StringBuilder">Creating instance of class BrownShoe.UnitTests.Services.MarketingAdmin.MarketingAdminServiceTest.
Calling Test method BrownShoe.UnitTests.Services.MarketingAdmin.MarketingAdminServiceTest.Microsoft.VisualStudio.TestTools.TestTypes.Unit.TestMethod.
</trace></traceInfo><stdout type="System.String" /><stderr type="System.String" /><debugTrace type="System.String" /><workItemIds type="System.Collections.Generic.List`1[[System.Int32, mscorlib, Version=2.0.0.0, Culture=neutral, PublicKeyToken=b77a5c561934e089]]"><_size type="System.Int32">0</_size><_version type="System.Int32">1</_version></workItemIds><id type="Microsoft.VisualStudio.TestTools.Common.TestResultId"><runId type="System.Guid">3d9a8baa-b9cb-4717-8a94-3c6445344217</runId><executionId type="Microsoft.VisualStudio.TestTools.Common.TestExecId"><id type="System.Guid">71488b89-dc47-46e2-beab-68ed63052581</id></executionId><parentExecId type="Microsoft.VisualStudio.TestTools.Common.TestExecId"><id type="System.Guid">00000000-0000-0000-0000-000000000000</id></parentExecId><testId type="Microsoft.VisualStudio.TestTools.Common.TestId"><id type="System.Guid">802314f4-9286-6db9-666c-507620174a30</id></testId></id><testName type="System.String">GetNewGiftCertificatesTest</testName><testType type="Microsoft.VisualStudio.TestTools.Common.TestType"><id type="System.Guid">13cdc9d9-ddb5-4fa4-a97d-d965ccfc6d4b</id></testType><messageKind type="Microsoft.VisualStudio.TestTools.Common.TestMessageKind"><value__ type="System.Int32">1</value__></messageKind><computerInfo type="Microsoft.VisualStudio.TestTools.Common.ComputerInfo"><m_computerName type="System.String">ECDATA-TFS01</m_computerName></computerInfo><duration type="System.TimeSpan">00:00:00.0011022</duration><startTime type="System.DateTime"><dateData type="System.UInt64">633673775003607336</dateData></startTime><endTime type="System.DateTime"><dateData type="System.UInt64">633673775003607336</dateData></endTime><spoolMessage type="System.Boolean">True</spoolMessage></UnitTestResult><UnitTestResult type="Microsoft.VisualStudio.TestTools.TestTypes.Unit.UnitTestResult, Microsoft.VisualStudio.QualityTools.Tips.UnitTest.ObjectModel, Version=8.0.0.0, Culture=neutral, PublicKeyToken=b03f5f7f11d50a3a"><resultType type="Microsoft.VisualStudio.TestTools.TestTypes.Unit.UnitTestResultType, Microsoft.VisualStudio.QualityTools.Tips.UnitTest.ObjectModel, Version=8.0.0.0, Culture=neutral, PublicKeyToken=b03f5f7f11d50a3a"><value__ type="System.Int32">0</value__></resultType><m_hasSufficientAccess type="System.Boolean">True</m_hasSufficientAccess><counters type="Microsoft.VisualStudio.TestTools.Common.TestResultCounter"><values type="System.Int32">0,0,0,0,0,0,0,0,0,0,0,0,0,0</values><total type="System.Int32">1</total></counters><categoryId type="Microsoft.VisualStudio.TestTools.Common.TestCategoryId"><id type="System.Guid">8c84fa94-04c1-424b-9868-57a2d4851a1d</id></categoryId><outcome type="Microsoft.VisualStudio.TestTools.Common.TestOutcome"><value__ type="System.Int32">4</value__></outcome><errorInfo type="Microsoft.VisualStudio.TestTools.Common.TestResultErrorInfo"><message type="System.String">Assert.Inconclusive failed. Verify the correctness of this test method</message><stackTrace type="System.String">   at BrownShoe.UnitTests.Services.MarketingAdmin.MarketingAdminServiceTest.SearchTest()
</stackTrace></errorInfo><traceInfo type="Microsoft.VisualStudio.TestTools.Common.TestExecutionTraceInformation"><trace type="System.Text.StringBuilder">Creating instance of class BrownShoe.UnitTests.Services.MarketingAdmin.MarketingAdminServiceTest.
Calling Test method BrownShoe.UnitTests.Services.MarketingAdmin.MarketingAdminServiceTest.Microsoft.VisualStudio.TestTools.TestTypes.Unit.TestMethod.
</trace></traceInfo><stdout type="System.String" /><stderr type="System.String" /><debugTrace type="System.String" /><workItemIds type="System.Collections.Generic.List`1[[System.Int32, mscorlib, Version=2.0.0.0, Culture=neutral, PublicKeyToken=b77a5c561934e089]]"><_size type="System.Int32">0</_size><_version type="System.Int32">1</_version></workItemIds><id type="Microsoft.VisualStudio.TestTools.Common.TestResultId"><runId type="System.Guid">3d9a8baa-b9cb-4717-8a94-3c6445344217</runId><executionId type="Microsoft.VisualStudio.TestTools.Common.TestExecId"><id type="System.Guid">6e12d406-bca4-447c-b67d-4703dd5f1eee</id></executionId><parentExecId type="Microsoft.VisualStudio.TestTools.Common.TestExecId"><id type="System.Guid">00000000-0000-0000-0000-000000000000</id></parentExecId><testId type="Microsoft.VisualStudio.TestTools.Common.TestId"><id type="System.Guid">92551c77-d96c-75d5-c1af-0701787bf9ac</id></testId></id><testName type="System.String">SearchTest</testName><testType type="Microsoft.VisualStudio.TestTools.Common.TestType"><id type="System.Guid">13cdc9d9-ddb5-4fa4-a97d-d965ccfc6d4b</id></testType><messageKind type="Microsoft.VisualStudio.TestTools.Common.TestMessageKind"><value__ type="System.Int32">1</value__></messageKind><computerInfo type="Microsoft.VisualStudio.TestTools.Common.ComputerInfo"><m_computerName type="System.String">ECDATA-TFS01</m_computerName></computerInfo><duration type="System.TimeSpan">00:00:00.0005568</duration><startTime type="System.DateTime"><dateData type="System.UInt64">633673775003607336</dateData></startTime><endTime type="System.DateTime"><dateData type="System.UInt64">633673775003763596</dateData></endTime><spoolMessage type="System.Boolean">True</spoolMessage></UnitTestResult><UnitTestResult type="Microsoft.VisualStudio.TestTools.TestTypes.Unit.UnitTestResult, Microsoft.VisualStudio.QualityTools.Tips.UnitTest.ObjectModel, Version=8.0.0.0, Culture=neutral, PublicKeyToken=b03f5f7f11d50a3a"><resultType type="Microsoft.VisualStudio.TestTools.TestTypes.Unit.UnitTestResultType, Microsoft.VisualStudio.QualityTools.Tips.UnitTest.ObjectModel, Version=8.0.0.0, Culture=neutral, PublicKeyToken=b03f5f7f11d50a3a"><value__ type="System.Int32">0</value__></resultType><m_hasSufficientAccess type="System.Boolean">True</m_hasSufficientAccess><counters type="Microsoft.VisualStudio.TestTools.Common.TestResultCounter"><values type="System.Int32">0,0,0,0,0,0,0,0,0,0,0,0,0,0</values><total type="System.Int32">1</total></counters><categoryId type="Microsoft.VisualStudio.TestTools.Common.TestCategoryId"><id type="System.Guid">8c84fa94-04c1-424b-9868-57a2d4851a1d</id></categoryId><outcome type="Microsoft.VisualStudio.TestTools.Common.TestOutcome"><value__ type="System.Int32">4</value__></outcome><errorInfo type="Microsoft.VisualStudio.TestTools.Common.TestResultErrorInfo"><message type="System.String">Assert.Inconclusive failed. Verify the correctness of this test method</message><stackTrace type="System.String">   at BrownShoe.UnitTests.Services.MarketingAdmin.MarketingAdminServiceTest.UpdateGiftCertificatesTest()
</stackTrace></errorInfo><traceInfo type="Microsoft.VisualStudio.TestTools.Common.TestExecutionTraceInformation"><trace type="System.Text.StringBuilder">Creating instance of class BrownShoe.UnitTests.Services.MarketingAdmin.MarketingAdminServiceTest.
Calling Test method BrownShoe.UnitTests.Services.MarketingAdmin.MarketingAdminServiceTest.Microsoft.VisualStudio.TestTools.TestTypes.Unit.TestMethod.
</trace></traceInfo><stdout type="System.String" /><stderr type="System.String" /><debugTrace type="System.String" /><workItemIds type="System.Collections.Generic.List`1[[System.Int32, mscorlib, Version=2.0.0.0, Culture=neutral, PublicKeyToken=b77a5c561934e089]]"><_size type="System.Int32">0</_size><_version type="System.Int32">1</_version></workItemIds><id type="Microsoft.VisualStudio.TestTools.Common.TestResultId"><runId type="System.Guid">3d9a8baa-b9cb-4717-8a94-3c6445344217</runId><executionId type="Microsoft.VisualStudio.TestTools.Common.TestExecId"><id type="System.Guid">0b2d4ce4-9275-4f0d-a515-20fde73fd730</id></executionId><parentExecId type="Microsoft.VisualStudio.TestTools.Common.TestExecId"><id type="System.Guid">00000000-0000-0000-0000-000000000000</id></parentExecId><testId type="Microsoft.VisualStudio.TestTools.Common.TestId"><id type="System.Guid">365104b8-64d9-d2c1-6af5-37925e96873a</id></testId></id><testName type="System.String">UpdateGiftCertificatesTest</testName><testType type="Microsoft.VisualStudio.TestTools.Common.TestType"><id type="System.Guid">13cdc9d9-ddb5-4fa4-a97d-d965ccfc6d4b</id></testType><messageKind type="Microsoft.VisualStudio.TestTools.Common.TestMessageKind"><value__ type="System.Int32">1</value__></messageKind><computerInfo type="Microsoft.VisualStudio.TestTools.Common.ComputerInfo"><m_computerName type="System.String">ECDATA-TFS01</m_computerName></computerInfo><duration type="System.TimeSpan">00:00:00.0012398</duration><startTime type="System.DateTime"><dateData type="System.UInt64">633673775003763596</dateData></startTime><endTime type="System.DateTime"><dateData type="System.UInt64">633673775003763596</dateData></endTime><spoolMessage type="System.Boolean">True</spoolMessage></UnitTestResult><UnitTestResult type="Microsoft.VisualStudio.TestTools.TestTypes.Unit.UnitTestResult, Microsoft.VisualStudio.QualityTools.Tips.UnitTest.ObjectModel, Version=8.0.0.0, Culture=neutral, PublicKeyToken=b03f5f7f11d50a3a"><resultType type="Microsoft.VisualStudio.TestTools.TestTypes.Unit.UnitTestResultType, Microsoft.VisualStudio.QualityTools.Tips.UnitTest.ObjectModel, Version=8.0.0.0, Culture=neutral, PublicKeyToken=b03f5f7f11d50a3a"><value__ type="System.Int32">0</value__></resultType><m_hasSufficientAccess type="System.Boolean">True</m_hasSufficientAccess><counters type="Microsoft.VisualStudio.TestTools.Common.TestResultCounter"><values type="System.Int32">0,0,0,0,0,0,0,0,0,0,0,0,0,0</values><total type="System.Int32">1</total></counters><categoryId type="Microsoft.VisualStudio.TestTools.Common.TestCategoryId"><id type="System.Guid">8c84fa94-04c1-424b-9868-57a2d4851a1d</id></categoryId><outcome type="Microsoft.VisualStudio.TestTools.Common.TestOutcome"><value__ type="System.Int32">4</value__></outcome><errorInfo type="Microsoft.VisualStudio.TestTools.Common.TestResultErrorInfo"><message type="System.String">Assert.Inconclusive failed. Verify the correctness of this test method</message><stackTrace type="System.String">   at BrownShoe.UnitTests.Services.Navigation.AffiliatePartnerServiceTest.AddPartnerIdTest()
</stackTrace></errorInfo><traceInfo type="Microsoft.VisualStudio.TestTools.Common.TestExecutionTraceInformation"><trace type="System.Text.StringBuilder">Creating instance of class BrownShoe.UnitTests.Services.Navigation.AffiliatePartnerServiceTest.
Calling Test method BrownShoe.UnitTests.Services.Navigation.AffiliatePartnerServiceTest.Microsoft.VisualStudio.TestTools.TestTypes.Unit.TestMethod.
</trace></traceInfo><stdout type="System.String" /><stderr type="System.String" /><debugTrace type="System.String" /><workItemIds type="System.Collections.Generic.List`1[[System.Int32, mscorlib, Version=2.0.0.0, Culture=neutral, PublicKeyToken=b77a5c561934e089]]"><_size type="System.Int32">0</_size><_version type="System.Int32">1</_version></workItemIds><id type="Microsoft.VisualStudio.TestTools.Common.TestResultId"><runId type="System.Guid">3d9a8baa-b9cb-4717-8a94-3c6445344217</runId><executionId type="Microsoft.VisualStudio.TestTools.Common.TestExecId"><id type="System.Guid">53a702af-462f-4f94-89d1-ca623e3359ac</id></executionId><parentExecId type="Microsoft.VisualStudio.TestTools.Common.TestExecId"><id type="System.Guid">00000000-0000-0000-0000-000000000000</id></parentExecId><testId type="Microsoft.VisualStudio.TestTools.Common.TestId"><id type="System.Guid">bbb74f2c-a6bd-93c0-8e84-4fa9099b0dff</id></testId></id><testName type="System.String">AddPartnerIdTest</testName><testType type="Microsoft.VisualStudio.TestTools.Common.TestType"><id type="System.Guid">13cdc9d9-ddb5-4fa4-a97d-d965ccfc6d4b</id></testType><messageKind type="Microsoft.VisualStudio.TestTools.Common.TestMessageKind"><value__ type="System.Int32">1</value__></messageKind><computerInfo type="Microsoft.VisualStudio.TestTools.Common.ComputerInfo"><m_computerName type="System.String">ECDATA-TFS01</m_computerName></computerInfo><duration type="System.TimeSpan">00:00:00.0008718</duration><startTime type="System.DateTime"><dateData type="System.UInt64">633673775003763596</dateData></startTime><endTime type="System.DateTime"><dateData type="System.UInt64">633673775003763596</dateData></endTime><spoolMessage type="System.Boolean">True</spoolMessage></UnitTestResult><UnitTestResult type="Microsoft.VisualStudio.TestTools.TestTypes.Unit.UnitTestResult, Microsoft.VisualStudio.QualityTools.Tips.UnitTest.ObjectModel, Version=8.0.0.0, Culture=neutral, PublicKeyToken=b03f5f7f11d50a3a"><resultType type="Microsoft.VisualStudio.TestTools.TestTypes.Unit.UnitTestResultType, Microsoft.VisualStudio.QualityTools.Tips.UnitTest.ObjectModel, Version=8.0.0.0, Culture=neutral, PublicKeyToken=b03f5f7f11d50a3a"><value__ type="System.Int32">0</value__></resultType><m_hasSufficientAccess type="System.Boolean">True</m_hasSufficientAccess><counters type="Microsoft.VisualStudio.TestTools.Common.TestResultCounter"><values type="System.Int32">0,0,0,0,0,0,0,0,0,0,0,0,0,0</values><total type="System.Int32">1</total></counters><categoryId type="Microsoft.VisualStudio.TestTools.Common.TestCategoryId"><id type="System.Guid">8c84fa94-04c1-424b-9868-57a2d4851a1d</id></categoryId><outcome type="Microsoft.VisualStudio.TestTools.Common.TestOutcome"><value__ type="System.Int32">4</value__></outcome><errorInfo type="Microsoft.VisualStudio.TestTools.Common.TestResultErrorInfo"><message type="System.String">Assert.Inconclusive failed. Verify the correctness of this test method</message><stackTrace type="System.String">   at BrownShoe.UnitTests.Services.Navigation.AffiliatePartnerServiceTest.AddPromoCodeTest()
</stackTrace></errorInfo><traceInfo type="Microsoft.VisualStudio.TestTools.Common.TestExecutionTraceInformation"><trace type="System.Text.StringBuilder">Creating instance of class BrownShoe.UnitTests.Services.Navigation.AffiliatePartnerServiceTest.
Calling Test method BrownShoe.UnitTests.Services.Navigation.AffiliatePartnerServiceTest.Microsoft.VisualStudio.TestTools.TestTypes.Unit.TestMethod.
</trace></traceInfo><stdout type="System.String" /><stderr type="System.String" /><debugTrace type="System.String" /><workItemIds type="System.Collections.Generic.List`1[[System.Int32, mscorlib, Version=2.0.0.0, Culture=neutral, PublicKeyToken=b77a5c561934e089]]"><_size type="System.Int32">0</_size><_version type="System.Int32">1</_version></workItemIds><id type="Microsoft.VisualStudio.TestTools.Common.TestResultId"><runId type="System.Guid">3d9a8baa-b9cb-4717-8a94-3c6445344217</runId><executionId type="Microsoft.VisualStudio.TestTools.Common.TestExecId"><id type="System.Guid">79e3edcf-3118-42b9-87d1-950217b089e8</id></executionId><parentExecId type="Microsoft.VisualStudio.TestTools.Common.TestExecId"><id type="System.Guid">00000000-0000-0000-0000-000000000000</id></parentExecId><testId type="Microsoft.VisualStudio.TestTools.Common.TestId"><id type="System.Guid">9597b72f-4882-e859-71f1-0ee76c5916d5</id></testId></id><testName type="System.String">AddPromoCodeTest</testName><testType type="Microsoft.VisualStudio.TestTools.Common.TestType"><id type="System.Guid">13cdc9d9-ddb5-4fa4-a97d-d965ccfc6d4b</id></testType><messageKind type="Microsoft.VisualStudio.TestTools.Common.TestMessageKind"><value__ type="System.Int32">1</value__></messageKind><computerInfo type="Microsoft.VisualStudio.TestTools.Common.ComputerInfo"><m_computerName type="System.String">ECDATA-TFS01</m_computerName></computerInfo><duration type="System.TimeSpan">00:00:00.0009425</duration><startTime type="System.DateTime"><dateData type="System.UInt64">633673775003763596</dateData></startTime><endTime type="System.DateTime"><dateData type="System.UInt64">633673775003919856</dateData></endTime><spoolMessage type="System.Boolean">True</spoolMessage></UnitTestResult><UnitTestResult type="Microsoft.VisualStudio.TestTools.TestTypes.Unit.UnitTestResult, Microsoft.VisualStudio.QualityTools.Tips.UnitTest.ObjectModel, Version=8.0.0.0, Culture=neutral, PublicKeyToken=b03f5f7f11d50a3a"><resultType type="Microsoft.VisualStudio.TestTools.TestTypes.Unit.UnitTestResultType, Microsoft.VisualStudio.QualityTools.Tips.UnitTest.ObjectModel, Version=8.0.0.0, Culture=neutral, PublicKeyToken=b03f5f7f11d50a3a"><value__ type="System.Int32">0</value__></resultType><m_hasSufficientAccess type="System.Boolean">True</m_hasSufficientAccess><counters type="Microsoft.VisualStudio.TestTools.Common.TestResultCounter"><values type="System.Int32">0,0,0,0,0,0,0,0,0,0,0,0,0,0</values><total type="System.Int32">1</total></counters><categoryId type="Microsoft.VisualStudio.TestTools.Common.TestCategoryId"><id type="System.Guid">8c84fa94-04c1-424b-9868-57a2d4851a1d</id></categoryId><outcome type="Microsoft.VisualStudio.TestTools.Common.TestOutcome"><value__ type="System.Int32">4</value__></outcome><errorInfo type="Microsoft.VisualStudio.TestTools.Common.TestResultErrorInfo"><message type="System.String">Assert.Inconclusive failed. Verify the correctness of this test method</message><stackTrace type="System.String">   at BrownShoe.UnitTests.Services.Navigation.AffiliatePartnerServiceTest.GetBlueHornetRoiTest()
</stackTrace></errorInfo><traceInfo type="Microsoft.VisualStudio.TestTools.Common.TestExecutionTraceInformation"><trace type="System.Text.StringBuilder">Creating instance of class BrownShoe.UnitTests.Services.Navigation.AffiliatePartnerServiceTest.
Calling Test method BrownShoe.UnitTests.Services.Navigation.AffiliatePartnerServiceTest.Microsoft.VisualStudio.TestTools.TestTypes.Unit.TestMethod.
</trace></traceInfo><stdout type="System.String" /><stderr type="System.String" /><debugTrace type="System.String" /><workItemIds type="System.Collections.Generic.List`1[[System.Int32, mscorlib, Version=2.0.0.0, Culture=neutral, PublicKeyToken=b77a5c561934e089]]"><_size type="System.Int32">0</_size><_version type="System.Int32">1</_version></workItemIds><id type="Microsoft.VisualStudio.TestTools.Common.TestResultId"><runId type="System.Guid">3d9a8baa-b9cb-4717-8a94-3c6445344217</runId><executionId type="Microsoft.VisualStudio.TestTools.Common.TestExecId"><id type="System.Guid">85676de3-4ff8-4ea9-90b9-098fb7d25429</id></executionId><parentExecId type="Microsoft.VisualStudio.TestTools.Common.TestExecId"><id type="System.Guid">00000000-0000-0000-0000-000000000000</id></parentExecId><testId type="Microsoft.VisualStudio.TestTools.Common.TestId"><id type="System.Guid">36238562-b85c-be74-bd6d-9175efd21a2e</id></testId></id><testName type="System.String">GetBlueHornetRoiTest</testName><testType type="Microsoft.VisualStudio.TestTools.Common.TestType"><id type="System.Guid">13cdc9d9-ddb5-4fa4-a97d-d965ccfc6d4b</id></testType><messageKind type="Microsoft.VisualStudio.TestTools.Common.TestMessageKind"><value__ type="System.Int32">1</value__></messageKind><computerInfo type="Microsoft.VisualStudio.TestTools.Common.ComputerInfo"><m_computerName type="System.String">ECDATA-TFS01</m_computerName></computerInfo><duration type="System.TimeSpan">00:00:00.0005596</duration><startTime type="System.DateTime"><dateData type="System.UInt64">633673775003919856</dateData></startTime><endTime type="System.DateTime"><dateData type="System.UInt64">633673775003919856</dateData></endTime><spoolMessage type="System.Boolean">True</spoolMessage></UnitTestResult><UnitTestResult type="Microsoft.VisualStudio.TestTools.TestTypes.Unit.UnitTestResult, Microsoft.VisualStudio.QualityTools.Tips.UnitTest.ObjectModel, Version=8.0.0.0, Culture=neutral, PublicKeyToken=b03f5f7f11d50a3a"><resultType type="Microsoft.VisualStudio.TestTools.TestTypes.Unit.UnitTestResultType, Microsoft.VisualStudio.QualityTools.Tips.UnitTest.ObjectModel, Version=8.0.0.0, Culture=neutral, PublicKeyToken=b03f5f7f11d50a3a"><value__ type="System.Int32">0</value__></resultType><m_hasSufficientAccess type="System.Boolean">True</m_hasSufficientAccess><counters type="Microsoft.VisualStudio.TestTools.Common.TestResultCounter"><values type="System.Int32">0,0,0,0,0,0,0,0,0,0,0,0,0,0</values><total type="System.Int32">1</total></counters><categoryId type="Microsoft.VisualStudio.TestTools.Common.TestCategoryId"><id type="System.Guid">8c84fa94-04c1-424b-9868-57a2d4851a1d</id></categoryId><outcome type="Microsoft.VisualStudio.TestTools.Common.TestOutcome"><value__ type="System.Int32">4</value__></outcome><errorInfo type="Microsoft.VisualStudio.TestTools.Common.TestResultErrorInfo"><message type="System.String">Assert.Inconclusive failed. Verify the correctness of this test method</message><stackTrace type="System.String">   at BrownShoe.UnitTests.Services.Navigation.AffiliatePartnerServiceTest.GetCpcsTest()
</stackTrace></errorInfo><traceInfo type="Microsoft.VisualStudio.TestTools.Common.TestExecutionTraceInformation"><trace type="System.Text.StringBuilder">Creating instance of class BrownShoe.UnitTests.Services.Navigation.AffiliatePartnerServiceTest.
Calling Test method BrownShoe.UnitTests.Services.Navigation.AffiliatePartnerServiceTest.Microsoft.VisualStudio.TestTools.TestTypes.Unit.TestMethod.
</trace></traceInfo><stdout type="System.String" /><stderr type="System.String" /><debugTrace type="System.String" /><workItemIds type="System.Collections.Generic.List`1[[System.Int32, mscorlib, Version=2.0.0.0, Culture=neutral, PublicKeyToken=b77a5c561934e089]]"><_size type="System.Int32">0</_size><_version type="System.Int32">1</_version></workItemIds><id type="Microsoft.VisualStudio.TestTools.Common.TestResultId"><runId type="System.Guid">3d9a8baa-b9cb-4717-8a94-3c6445344217</runId><executionId type="Microsoft.VisualStudio.TestTools.Common.TestExecId"><id type="System.Guid">928c662c-1300-42a5-b9cb-57a9093c075e</id></executionId><parentExecId type="Microsoft.VisualStudio.TestTools.Common.TestExecId"><id type="System.Guid">00000000-0000-0000-0000-000000000000</id></parentExecId><testId type="Microsoft.VisualStudio.TestTools.Common.TestId"><id type="System.Guid">10ddb2bc-df21-f211-50a5-e01670c349b2</id></testId></id><testName type="System.String">GetCpcsTest</testName><testType type="Microsoft.VisualStudio.TestTools.Common.TestType"><id type="System.Guid">13cdc9d9-ddb5-4fa4-a97d-d965ccfc6d4b</id></testType><messageKind type="Microsoft.VisualStudio.TestTools.Common.TestMessageKind"><value__ type="System.Int32">1</value__></messageKind><computerInfo type="Microsoft.VisualStudio.TestTools.Common.ComputerInfo"><m_computerName type="System.String">ECDATA-TFS01</m_computerName></computerInfo><duration type="System.TimeSpan">00:00:00.0007451</duration><startTime type="System.DateTime"><dateData type="System.UInt64">633673775003919856</dateData></startTime><endTime type="System.DateTime"><dateData type="System.UInt64">633673775003919856</dateData></endTime><spoolMessage type="System.Boolean">True</spoolMessage></UnitTestResult><UnitTestResult type="Microsoft.VisualStudio.TestTools.TestTypes.Unit.UnitTestResult, Microsoft.VisualStudio.QualityTools.Tips.UnitTest.ObjectModel, Version=8.0.0.0, Culture=neutral, PublicKeyToken=b03f5f7f11d50a3a"><resultType type="Microsoft.VisualStudio.TestTools.TestTypes.Unit.UnitTestResultType, Microsoft.VisualStudio.QualityTools.Tips.UnitTest.ObjectModel, Version=8.0.0.0, Culture=neutral, PublicKeyToken=b03f5f7f11d50a3a"><value__ type="System.Int32">0</value__></resultType><m_hasSufficientAccess type="System.Boolean">True</m_hasSufficientAccess><counters type="Microsoft.VisualStudio.TestTools.Common.TestResultCounter"><values type="System.Int32">0,0,0,0,0,0,0,0,0,0,0,0,0,0</values><total type="System.Int32">1</total></counters><categoryId type="Microsoft.VisualStudio.TestTools.Common.TestCategoryId"><id type="System.Guid">8c84fa94-04c1-424b-9868-57a2d4851a1d</id></categoryId><outcome type="Microsoft.VisualStudio.TestTools.Common.TestOutcome"><value__ type="System.Int32">4</value__></outcome><errorInfo type="Microsoft.VisualStudio.TestTools.Common.TestResultErrorInfo"><message type="System.String">Assert.Inconclusive failed. Verify the correctness of this test method</message><stackTrace type="System.String">   at BrownShoe.UnitTests.Services.Navigation.AffiliatePartnerServiceTest.GetExternalReferrerTest()
</stackTrace></errorInfo><traceInfo type="Microsoft.VisualStudio.TestTools.Common.TestExecutionTraceInformation"><trace type="System.Text.StringBuilder">Creating instance of class BrownShoe.UnitTests.Services.Navigation.AffiliatePartnerServiceTest.
Calling Test method BrownShoe.UnitTests.Services.Navigation.AffiliatePartnerServiceTest.Microsoft.VisualStudio.TestTools.TestTypes.Unit.TestMethod.
</trace></traceInfo><stdout type="System.String" /><stderr type="System.String" /><debugTrace type="System.String" /><workItemIds type="System.Collections.Generic.List`1[[System.Int32, mscorlib, Version=2.0.0.0, Culture=neutral, PublicKeyToken=b77a5c561934e089]]"><_size type="System.Int32">0</_size><_version type="System.Int32">1</_version></workItemIds><id type="Microsoft.VisualStudio.TestTools.Common.TestResultId"><runId type="System.Guid">3d9a8baa-b9cb-4717-8a94-3c6445344217</runId><executionId type="Microsoft.VisualStudio.TestTools.Common.TestExecId"><id type="System.Guid">47ba40cb-a605-402e-b270-591aa4d52187</id></executionId><parentExecId type="Microsoft.VisualStudio.TestTools.Common.TestExecId"><id type="System.Guid">00000000-0000-0000-0000-000000000000</id></parentExecId><testId type="Microsoft.VisualStudio.TestTools.Common.TestId"><id type="System.Guid">2e0efa32-2e0f-73cc-494d-e801471db754</id></testId></id><testName type="System.String">GetExternalReferrerTest</testName><testType type="Microsoft.VisualStudio.TestTools.Common.TestType"><id type="System.Guid">13cdc9d9-ddb5-4fa4-a97d-d965ccfc6d4b</id></testType><messageKind type="Microsoft.VisualStudio.TestTools.Common.TestMessageKind"><value__ type="System.Int32">1</value__></messageKind><computerInfo type="Microsoft.VisualStudio.TestTools.Common.ComputerInfo"><m_computerName type="System.String">ECDATA-TFS01</m_computerName></computerInfo><duration type="System.TimeSpan">00:00:00.0006012</duration><startTime type="System.DateTime"><dateData type="System.UInt64">633673775003919856</dateData></startTime><endTime type="System.DateTime"><dateData type="System.UInt64">633673775004076116</dateData></endTime><spoolMessage type="System.Boolean">True</spoolMessage></UnitTestResult><UnitTestResult type="Microsoft.VisualStudio.TestTools.TestTypes.Unit.UnitTestResult, Microsoft.VisualStudio.QualityTools.Tips.UnitTest.ObjectModel, Version=8.0.0.0, Culture=neutral, PublicKeyToken=b03f5f7f11d50a3a"><resultType type="Microsoft.VisualStudio.TestTools.TestTypes.Unit.UnitTestResultType, Microsoft.VisualStudio.QualityTools.Tips.UnitTest.ObjectModel, Version=8.0.0.0, Culture=neutral, PublicKeyToken=b03f5f7f11d50a3a"><value__ type="System.Int32">0</value__></resultType><m_hasSufficientAccess type="System.Boolean">True</m_hasSufficientAccess><counters type="Microsoft.VisualStudio.TestTools.Common.TestResultCounter"><values type="System.Int32">0,0,0,0,0,0,0,0,0,0,0,0,0,0</values><total type="System.Int32">1</total></counters><categoryId type="Microsoft.VisualStudio.TestTools.Common.TestCategoryId"><id type="System.Guid">8c84fa94-04c1-424b-9868-57a2d4851a1d</id></categoryId><outcome type="Microsoft.VisualStudio.TestTools.Common.TestOutcome"><value__ type="System.Int32">4</value__></outcome><errorInfo type="Microsoft.VisualStudio.TestTools.Common.TestResultErrorInfo"><message type="System.String">Assert.Inconclusive failed. Verify the correctness of this test method</message><stackTrace type="System.String">   at BrownShoe.UnitTests.Services.Navigation.AffiliatePartnerServiceTest.GetLikeComSidTest()
</stackTrace></errorInfo><traceInfo type="Microsoft.VisualStudio.TestTools.Common.TestExecutionTraceInformation"><trace type="System.Text.StringBuilder">Creating instance of class BrownShoe.UnitTests.Services.Navigation.AffiliatePartnerServiceTest.
Calling Test method BrownShoe.UnitTests.Services.Navigation.AffiliatePartnerServiceTest.Microsoft.VisualStudio.TestTools.TestTypes.Unit.TestMethod.
</trace></traceInfo><stdout type="System.String" /><stderr type="System.String" /><debugTrace type="System.String" /><workItemIds type="System.Collections.Generic.List`1[[System.Int32, mscorlib, Version=2.0.0.0, Culture=neutral, PublicKeyToken=b77a5c561934e089]]"><_size type="System.Int32">0</_size><_version type="System.Int32">1</_version></workItemIds><id type="Microsoft.VisualStudio.TestTools.Common.TestResultId"><runId type="System.Guid">3d9a8baa-b9cb-4717-8a94-3c6445344217</runId><executionId type="Microsoft.VisualStudio.TestTools.Common.TestExecId"><id type="System.Guid">3f188d5a-ab2b-4100-98bc-6309a7a7bc9c</id></executionId><parentExecId type="Microsoft.VisualStudio.TestTools.Common.TestExecId"><id type="System.Guid">00000000-0000-0000-0000-000000000000</id></parentExecId><testId type="Microsoft.VisualStudio.TestTools.Common.TestId"><id type="System.Guid">149370ab-127b-87fd-ddfc-6f675a5fb26c</id></testId></id><testName type="System.String">GetLikeComSidTest</testName><testType type="Microsoft.VisualStudio.TestTools.Common.TestType"><id type="System.Guid">13cdc9d9-ddb5-4fa4-a97d-d965ccfc6d4b</id></testType><messageKind type="Microsoft.VisualStudio.TestTools.Common.TestMessageKind"><value__ type="System.Int32">1</value__></messageKind><computerInfo type="Microsoft.VisualStudio.TestTools.Common.ComputerInfo"><m_computerName type="System.String">ECDATA-TFS01</m_computerName></computerInfo><duration type="System.TimeSpan">00:00:00.0009459</duration><startTime type="System.DateTime"><dateData type="System.UInt64">633673775004076116</dateData></startTime><endTime type="System.DateTime"><dateData type="System.UInt64">633673775004076116</dateData></endTime><spoolMessage type="System.Boolean">True</spoolMessage></UnitTestResult><UnitTestResult type="Microsoft.VisualStudio.TestTools.TestTypes.Unit.UnitTestResult, Microsoft.VisualStudio.QualityTools.Tips.UnitTest.ObjectModel, Version=8.0.0.0, Culture=neutral, PublicKeyToken=b03f5f7f11d50a3a"><resultType type="Microsoft.VisualStudio.TestTools.TestTypes.Unit.UnitTestResultType, Microsoft.VisualStudio.QualityTools.Tips.UnitTest.ObjectModel, Version=8.0.0.0, Culture=neutral, PublicKeyToken=b03f5f7f11d50a3a"><value__ type="System.Int32">0</value__></resultType><m_hasSufficientAccess type="System.Boolean">True</m_hasSufficientAccess><counters type="Microsoft.VisualStudio.TestTools.Common.TestResultCounter"><values type="System.Int32">0,0,0,0,0,0,0,0,0,0,0,0,0,0</values><total type="System.Int32">1</total></counters><categoryId type="Microsoft.VisualStudio.TestTools.Common.TestCategoryId"><id type="System.Guid">8c84fa94-04c1-424b-9868-57a2d4851a1d</id></categoryId><outcome type="Microsoft.VisualStudio.TestTools.Common.TestOutcome"><value__ type="System.Int32">4</value__></outcome><errorInfo type="Microsoft.VisualStudio.TestTools.Common.TestResultErrorInfo"><message type="System.String">Assert.Inconclusive failed. Verify the correctness of this test method</message><stackTrace type="System.String">   at BrownShoe.UnitTests.Services.Navigation.AffiliatePartnerServiceTest.GetPartnerIDsTest()
</stackTrace></errorInfo><traceInfo type="Microsoft.VisualStudio.TestTools.Common.TestExecutionTraceInformation"><trace type="System.Text.StringBuilder">Creating instance of class BrownShoe.UnitTests.Services.Navigation.AffiliatePartnerServiceTest.
Calling Test method BrownShoe.UnitTests.Services.Navigation.AffiliatePartnerServiceTest.Microsoft.VisualStudio.TestTools.TestTypes.Unit.TestMethod.
</trace></traceInfo><stdout type="System.String" /><stderr type="System.String" /><debugTrace type="System.String" /><workItemIds type="System.Collections.Generic.List`1[[System.Int32, mscorlib, Version=2.0.0.0, Culture=neutral, PublicKeyToken=b77a5c561934e089]]"><_size type="System.Int32">0</_size><_version type="System.Int32">1</_version></workItemIds><id type="Microsoft.VisualStudio.TestTools.Common.TestResultId"><runId type="System.Guid">3d9a8baa-b9cb-4717-8a94-3c6445344217</runId><executionId type="Microsoft.VisualStudio.TestTools.Common.TestExecId"><id type="System.Guid">ad2102e3-b191-458e-91b4-c26fc34f329d</id></executionId><parentExecId type="Microsoft.VisualStudio.TestTools.Common.TestExecId"><id type="System.Guid">00000000-0000-0000-0000-000000000000</id></parentExecId><testId type="Microsoft.VisualStudio.TestTools.Common.TestId"><id type="System.Guid">45b3ad03-f333-2563-5faa-2dad9e3c519b</id></testId></id><testName type="System.String">GetPartnerIDsTest</testName><testType type="Microsoft.VisualStudio.TestTools.Common.TestType"><id type="System.Guid">13cdc9d9-ddb5-4fa4-a97d-d965ccfc6d4b</id></testType><messageKind type="Microsoft.VisualStudio.TestTools.Common.TestMessageKind"><value__ type="System.Int32">1</value__></messageKind><computerInfo type="Microsoft.VisualStudio.TestTools.Common.ComputerInfo"><m_computerName type="System.String">ECDATA-TFS01</m_computerName></computerInfo><duration type="System.TimeSpan">00:00:00.0005793</duration><startTime type="System.DateTime"><dateData type="System.UInt64">633673775004076116</dateData></startTime><endTime type="System.DateTime"><dateData type="System.UInt64">633673775004076116</dateData></endTime><spoolMessage type="System.Boolean">True</spoolMessage></UnitTestResult><UnitTestResult type="Microsoft.VisualStudio.TestTools.TestTypes.Unit.UnitTestResult, Microsoft.VisualStudio.QualityTools.Tips.UnitTest.ObjectModel, Version=8.0.0.0, Culture=neutral, PublicKeyToken=b03f5f7f11d50a3a"><resultType type="Microsoft.VisualStudio.TestTools.TestTypes.Unit.UnitTestResultType, Microsoft.VisualStudio.QualityTools.Tips.UnitTest.ObjectModel, Version=8.0.0.0, Culture=neutral, PublicKeyToken=b03f5f7f11d50a3a"><value__ type="System.Int32">0</value__></resultType><m_hasSufficientAccess type="System.Boolean">True</m_hasSufficientAccess><counters type="Microsoft.VisualStudio.TestTools.Common.TestResultCounter"><values type="System.Int32">0,0,0,0,0,0,0,0,0,0,0,0,0,0</values><total type="System.Int32">1</total></counters><categoryId type="Microsoft.VisualStudio.TestTools.Common.TestCategoryId"><id type="System.Guid">8c84fa94-04c1-424b-9868-57a2d4851a1d</id></categoryId><outcome type="Microsoft.VisualStudio.TestTools.Common.TestOutcome"><value__ type="System.Int32">4</value__></outcome><errorInfo type="Microsoft.VisualStudio.TestTools.Common.TestResultErrorInfo"><message type="System.String">Assert.Inconclusive failed. Verify the correctness of this test method</message><stackTrace type="System.String">   at BrownShoe.UnitTests.Services.Navigation.AffiliatePartnerServiceTest.ParseQueryStringTest()
</stackTrace></errorInfo><traceInfo type="Microsoft.VisualStudio.TestTools.Common.TestExecutionTraceInformation"><trace type="System.Text.StringBuilder">Creating instance of class BrownShoe.UnitTests.Services.Navigation.AffiliatePartnerServiceTest.
Calling Test method BrownShoe.UnitTests.Services.Navigation.AffiliatePartnerServiceTest.Microsoft.VisualStudio.TestTools.TestTypes.Unit.TestMethod.
</trace></traceInfo><stdout type="System.String" /><stderr type="System.String" /><debugTrace type="System.String" /><workItemIds type="System.Collections.Generic.List`1[[System.Int32, mscorlib, Version=2.0.0.0, Culture=neutral, PublicKeyToken=b77a5c561934e089]]"><_size type="System.Int32">0</_size><_version type="System.Int32">1</_version></workItemIds><id type="Microsoft.VisualStudio.TestTools.Common.TestResultId"><runId type="System.Guid">3d9a8baa-b9cb-4717-8a94-3c6445344217</runId><executionId type="Microsoft.VisualStudio.TestTools.Common.TestExecId"><id type="System.Guid">c8f02db4-38df-4f56-b2ff-493169e9105a</id></executionId><parentExecId type="Microsoft.VisualStudio.TestTools.Common.TestExecId"><id type="System.Guid">00000000-0000-0000-0000-000000000000</id></parentExecId><testId type="Microsoft.VisualStudio.TestTools.Common.TestId"><id type="System.Guid">d3056a09-c969-b5ab-eba9-386f98325fce</id></testId></id><testName type="System.String">ParseQueryStringTest</testName><testType type="Microsoft.VisualStudio.TestTools.Common.TestType"><id type="System.Guid">13cdc9d9-ddb5-4fa4-a97d-d965ccfc6d4b</id></testType><messageKind type="Microsoft.VisualStudio.TestTools.Common.TestMessageKind"><value__ type="System.Int32">1</value__></messageKind><computerInfo type="Microsoft.VisualStudio.TestTools.Common.ComputerInfo"><m_computerName type="System.String">ECDATA-TFS01</m_computerName></computerInfo><duration type="System.TimeSpan">00:00:00.0005984</duration><startTime type="System.DateTime"><dateData type="System.UInt64">633673775004076116</dateData></startTime><endTime type="System.DateTime"><dateData type="System.UInt64">633673775004232376</dateData></endTime><spoolMessage type="System.Boolean">True</spoolMessage></UnitTestResult><UnitTestResult type="Microsoft.VisualStudio.TestTools.TestTypes.Unit.UnitTestResult, Microsoft.VisualStudio.QualityTools.Tips.UnitTest.ObjectModel, Version=8.0.0.0, Culture=neutral, PublicKeyToken=b03f5f7f11d50a3a"><resultType type="Microsoft.VisualStudio.TestTools.TestTypes.Unit.UnitTestResultType, Microsoft.VisualStudio.QualityTools.Tips.UnitTest.ObjectModel, Version=8.0.0.0, Culture=neutral, PublicKeyToken=b03f5f7f11d50a3a"><value__ type="System.Int32">0</value__></resultType><m_hasSufficientAccess type="System.Boolean">True</m_hasSufficientAccess><counters type="Microsoft.VisualStudio.TestTools.Common.TestResultCounter"><values type="System.Int32">0,0,0,0,0,0,0,0,0,0,0,0,0,0</values><total type="System.Int32">1</total></counters><categoryId type="Microsoft.VisualStudio.TestTools.Common.TestCategoryId"><id type="System.Guid">8c84fa94-04c1-424b-9868-57a2d4851a1d</id></categoryId><outcome type="Microsoft.VisualStudio.TestTools.Common.TestOutcome"><value__ type="System.Int32">4</value__></outcome><errorInfo type="Microsoft.VisualStudio.TestTools.Common.TestResultErrorInfo"><message type="System.String">Assert.Inconclusive failed. Verify the correctness of this test method</message><stackTrace type="System.String">   at BrownShoe.UnitTests.Services.Navigation.NavigationServiceTest.GetBrandListTest()
</stackTrace></errorInfo><traceInfo type="Microsoft.VisualStudio.TestTools.Common.TestExecutionTraceInformation"><trace type="System.Text.StringBuilder">Creating instance of class BrownShoe.UnitTests.Services.Navigation.NavigationServiceTest.
Calling Test method BrownShoe.UnitTests.Services.Navigation.NavigationServiceTest.Microsoft.VisualStudio.TestTools.TestTypes.Unit.TestMethod.
</trace></traceInfo><stdout type="System.String" /><stderr type="System.String" /><debugTrace type="System.String" /><workItemIds type="System.Collections.Generic.List`1[[System.Int32, mscorlib, Version=2.0.0.0, Culture=neutral, PublicKeyToken=b77a5c561934e089]]"><_size type="System.Int32">0</_size><_version type="System.Int32">1</_version></workItemIds><id type="Microsoft.VisualStudio.TestTools.Common.TestResultId"><runId type="System.Guid">3d9a8baa-b9cb-4717-8a94-3c6445344217</runId><executionId type="Microsoft.VisualStudio.TestTools.Common.TestExecId"><id type="System.Guid">19d371c2-25c9-4c6e-8077-65e1bcc5a403</id></executionId><parentExecId type="Microsoft.VisualStudio.TestTools.Common.TestExecId"><id type="System.Guid">00000000-0000-0000-0000-000000000000</id></parentExecId><testId type="Microsoft.VisualStudio.TestTools.Common.TestId"><id type="System.Guid">01db33ed-8108-3c92-134d-6748625e9ef0</id></testId></id><testName type="System.String">GetBrandListTest</testName><testType type="Microsoft.VisualStudio.TestTools.Common.TestType"><id type="System.Guid">13cdc9d9-ddb5-4fa4-a97d-d965ccfc6d4b</id></testType><messageKind type="Microsoft.VisualStudio.TestTools.Common.TestMessageKind"><value__ type="System.Int32">1</value__></messageKind><computerInfo type="Microsoft.VisualStudio.TestTools.Common.ComputerInfo"><m_computerName type="System.String">ECDATA-TFS01</m_computerName></computerInfo><duration type="System.TimeSpan">00:00:00.0012770</duration><startTime type="System.DateTime"><dateData type="System.UInt64">633673775004232376</dateData></startTime><endTime type="System.DateTime"><dateData type="System.UInt64">633673775004388636</dateData></endTime><spoolMessage type="System.Boolean">True</spoolMessage></UnitTestResult><UnitTestResult type="Microsoft.VisualStudio.TestTools.TestTypes.Unit.UnitTestResult, Microsoft.VisualStudio.QualityTools.Tips.UnitTest.ObjectModel, Version=8.0.0.0, Culture=neutral, PublicKeyToken=b03f5f7f11d50a3a"><resultType type="Microsoft.VisualStudio.TestTools.TestTypes.Unit.UnitTestResultType, Microsoft.VisualStudio.QualityTools.Tips.UnitTest.ObjectModel, Version=8.0.0.0, Culture=neutral, PublicKeyToken=b03f5f7f11d50a3a"><value__ type="System.Int32">0</value__></resultType><m_hasSufficientAccess type="System.Boolean">True</m_hasSufficientAccess><counters type="Microsoft.VisualStudio.TestTools.Common.TestResultCounter"><values type="System.Int32">0,0,0,0,0,0,0,0,0,0,0,0,0,0</values><total type="System.Int32">1</total></counters><categoryId type="Microsoft.VisualStudio.TestTools.Common.TestCategoryId"><id type="System.Guid">8c84fa94-04c1-424b-9868-57a2d4851a1d</id></categoryId><outcome type="Microsoft.VisualStudio.TestTools.Common.TestOutcome"><value__ type="System.Int32">4</value__></outcome><errorInfo type="Microsoft.VisualStudio.TestTools.Common.TestResultErrorInfo"><message type="System.String">Assert.Inconclusive failed. Verify the correctness of this test method</message><stackTrace type="System.String">   at BrownShoe.UnitTests.Services.Navigation.NavigationServiceTest.GetBrandStylesListTest()
</stackTrace></errorInfo><traceInfo type="Microsoft.VisualStudio.TestTools.Common.TestExecutionTraceInformation"><trace type="System.Text.StringBuilder">Creating instance of class BrownShoe.UnitTests.Services.Navigation.NavigationServiceTest.
Calling Test method BrownShoe.UnitTests.Services.Navigation.NavigationServiceTest.Microsoft.VisualStudio.TestTools.TestTypes.Unit.TestMethod.
</trace></traceInfo><stdout type="System.String" /><stderr type="System.String" /><debugTrace type="System.String" /><workItemIds type="System.Collections.Generic.List`1[[System.Int32, mscorlib, Version=2.0.0.0, Culture=neutral, PublicKeyToken=b77a5c561934e089]]"><_size type="System.Int32">0</_size><_version type="System.Int32">1</_version></workItemIds><id type="Microsoft.VisualStudio.TestTools.Common.TestResultId"><runId type="System.Guid">3d9a8baa-b9cb-4717-8a94-3c6445344217</runId><executionId type="Microsoft.VisualStudio.TestTools.Common.TestExecId"><id type="System.Guid">9696590b-101c-4cf9-bcbc-8588fdf1f716</id></executionId><parentExecId type="Microsoft.VisualStudio.TestTools.Common.TestExecId"><id type="System.Guid">00000000-0000-0000-0000-000000000000</id></parentExecId><testId type="Microsoft.VisualStudio.TestTools.Common.TestId"><id type="System.Guid">21f07092-65d4-4213-742e-e1de49d46ed6</id></testId></id><testName type="System.String">GetBrandStylesListTest</testName><testType type="Microsoft.VisualStudio.TestTools.Common.TestType"><id type="System.Guid">13cdc9d9-ddb5-4fa4-a97d-d965ccfc6d4b</id></testType><messageKind type="Microsoft.VisualStudio.TestTools.Common.TestMessageKind"><value__ type="System.Int32">1</value__></messageKind><computerInfo type="Microsoft.VisualStudio.TestTools.Common.ComputerInfo"><m_computerName type="System.String">ECDATA-TFS01</m_computerName></computerInfo><duration type="System.TimeSpan">00:00:00.0008614</duration><startTime type="System.DateTime"><dateData type="System.UInt64">633673775004388636</dateData></startTime><endTime type="System.DateTime"><dateData type="System.UInt64">633673775004388636</dateData></endTime><spoolMessage type="System.Boolean">True</spoolMessage></UnitTestResult><UnitTestResult type="Microsoft.VisualStudio.TestTools.TestTypes.Unit.UnitTestResult, Microsoft.VisualStudio.QualityTools.Tips.UnitTest.ObjectModel, Version=8.0.0.0, Culture=neutral, PublicKeyToken=b03f5f7f11d50a3a"><resultType type="Microsoft.VisualStudio.TestTools.TestTypes.Unit.UnitTestResultType, Microsoft.VisualStudio.QualityTools.Tips.UnitTest.ObjectModel, Version=8.0.0.0, Culture=neutral, PublicKeyToken=b03f5f7f11d50a3a"><value__ type="System.Int32">0</value__></resultType><m_hasSufficientAccess type="System.Boolean">True</m_hasSufficientAccess><counters type="Microsoft.VisualStudio.TestTools.Common.TestResultCounter"><values type="System.Int32">0,0,0,0,0,0,0,0,0,0,0,0,0,0</values><total type="System.Int32">1</total></counters><categoryId type="Microsoft.VisualStudio.TestTools.Common.TestCategoryId"><id type="System.Guid">8c84fa94-04c1-424b-9868-57a2d4851a1d</id></categoryId><outcome type="Microsoft.VisualStudio.TestTools.Common.TestOutcome"><value__ type="System.Int32">1</value__></outcome><errorInfo type="Microsoft.VisualStudio.TestTools.Common.TestResultErrorInfo"><message type="System.String">Test method BrownShoe.UnitTests.Services.Orders.AddressValidationServiceTest.IsValidZipTest threw exception:  System.Configuration.ConfigurationErrorsException: The type Microsoft.Practices.EnterpriseLibrary.ExceptionHandling.Logging.LoggingExceptionHandler, Microsoft.Practices.EnterpriseLibrary.ExceptionHandling.Logging, Version=2.0.0.0, Culture=neutral, PublicKeyToken=c834797fd9c628b4 from configuration could not be created. (E:\projects\brownshoe\unit_tests\product\srvtfs_ECDATA-TFS01 2009-01-12 11_17_41\Out\BrownShoe.UnitTests.DLL.config line 38).</message><stackTrace type="System.String">    at System.Configuration.BaseConfigurationRecord.EvaluateOne(String[] keys, SectionInput input, Boolean isTrusted, FactoryRecord factoryRecord, SectionRecord sectionRecord, Object parentResult)
   at System.Configuration.BaseConfigurationRecord.Evaluate(FactoryRecord factoryRecord, SectionRecord sectionRecord, Object parentResult, Boolean getLkg, Boolean getRuntimeObject, Object&amp; result, Object&amp; resultRuntimeObject)
   at System.Configuration.BaseConfigurationRecord.GetSectionRecursive(String configKey, Boolean getLkg, Boolean checkPermission, Boolean getRuntimeObject, Boolean requestIsHere, Object&amp; result, Object&amp; resultRuntimeObject)
   at System.Configuration.BaseConfigurationRecord.GetSectionRecursive(String configKey, Boolean getLkg, Boolean checkPermission, Boolean getRuntimeObject, Boolean requestIsHere, Object&amp; result, Object&amp; resultRuntimeObject)
   at System.Configuration.BaseConfigurationRecord.GetSectionRecursive(String configKey, Boolean getLkg, Boolean checkPermission, Boolean getRuntimeObject, Boolean requestIsHere, Object&amp; result, Object&amp; resultRuntimeObject)
   at System.Configuration.BaseConfigurationRecord.GetSection(String configKey, Boolean getLkg, Boolean checkPermission)
   at System.Configuration.BaseConfigurationRecord.GetSection(String configKey)
   at System.Configuration.ClientConfigurationSystem.System.Configuration.Internal.IInternalConfigSystem.GetSection(String sectionName)
   at System.Configuration.ConfigurationManager.GetSection(String sectionName)
   at Microsoft.Practices.EnterpriseLibrary.Common.Configuration.SystemConfigurationSourceImplementation.GetSection(String sectionName)
   at Microsoft.Practices.EnterpriseLibrary.Common.Configuration.SystemConfigurationSource.GetSection(String sectionName)
   at Microsoft.Practices.EnterpriseLibrary.ExceptionHandling.Configuration.ExceptionHandlingSettings.GetExceptionHandlingSettings(IConfigurationSource configurationSource)
   at Microsoft.Practices.EnterpriseLibrary.ExceptionHandling.ExceptionHandlingConfigurationView.get_ExceptionHandlingSettings()
   at Microsoft.Practices.EnterpriseLibrary.ExceptionHandling.ExceptionHandlingConfigurationView.GetExceptionPolicyData(String policyName)
   at Microsoft.Practices.EnterpriseLibrary.ExceptionHandling.ExceptionPolicyCustomFactory.GetConfiguration(String id, IConfigurationSource configurationSource)
   at Microsoft.Practices.EnterpriseLibrary.ExceptionHandling.ExceptionPolicyCustomFactory.CreateObject(IBuilderContext context, String name, IConfigurationSource configurationSource, ConfigurationReflectionCache reflectionCache)
   at Microsoft.Practices.EnterpriseLibrary.Common.Configuration.ObjectBuilder.ConfiguredObjectStrategy.BuildUp(IBuilderContext context, Type t, Object existing, String id)
   at Microsoft.Practices.ObjectBuilder.BuilderStrategy.BuildUp(IBuilderContext context, Type typeToBuild, Object existing, String idToBuild)
   at Microsoft.Practices.ObjectBuilder.SingletonStrategy.BuildUp(IBuilderContext context, Type typeToBuild, Object existing, String idToBuild)
   at Microsoft.Practices.ObjectBuilder.BuilderStrategy.BuildUp(IBuilderContext context, Type typeToBuild, Object existing, String idToBuild)
   at Microsoft.Practices.EnterpriseLibrary.Common.Configuration.ObjectBuilder.ConfigurationNameMappingStrategy.BuildUp(IBuilderContext context, Type t, Object existing, String id)
   at Microsoft.Practices.ObjectBuilder.BuilderBase`1.DoBuildUp(IReadWriteLocator locator, Type typeToBuild, String idToBuild, Object existing, PolicyList[] transientPolicies)
   at Microsoft.Practices.ObjectBuilder.BuilderBase`1.BuildUp(IReadWriteLocator locator, Type typeToBuild, String idToBuild, Object existing, PolicyList[] transientPolicies)
   at Microsoft.Practices.ObjectBuilder.BuilderBase`1.BuildUp[TTypeToBuild](IReadWriteLocator locator, String idToBuild, Object existing, PolicyList[] transientPolicies)
   at Microsoft.Practices.EnterpriseLibrary.Common.Configuration.ObjectBuilder.EnterpriseLibraryFactory.BuildUp[T](IReadWriteLocator locator, String id, IConfigurationSource configurationSource)
   at Microsoft.Practices.EnterpriseLibrary.Common.Configuration.ObjectBuilder.LocatorNameTypeFactoryBase`1.Create(String name)
   at Microsoft.Practices.EnterpriseLibrary.ExceptionHandling.ExceptionPolicy.GetExceptionPolicy(Exception exception, String policyName)
   at Microsoft.Practices.EnterpriseLibrary.ExceptionHandling.ExceptionPolicy.HandleException(Exception exceptionToHandle, String policyName)
   at BrownShoe.ExceptionPolicy.HandleException(Exception exc) in e:\projects\brownshoe\unit_tests\product\src\BrownShoe\Libraries\Core\ExceptionPolicies.cs:line 117
   at BrownShoe.Profiles.AddressService.Create() in e:\projects\brownshoe\unit_tests\product\src\BrownShoe\Libraries\Services\Profiles\AddressService.cs:line 55
   at BrownShoe.UnitTests.Services.Orders.AddressValidationServiceTest.CreateProfileAddress()
   at BrownShoe.UnitTests.Services.Orders.AddressValidationServiceTest.IsValidZipTest()
</stackTrace></errorInfo><traceInfo type="Microsoft.VisualStudio.TestTools.Common.TestExecutionTraceInformation"><trace type="System.Text.StringBuilder">Creating instance of class BrownShoe.UnitTests.Services.Orders.AddressValidationServiceTest.
Calling Test method BrownShoe.UnitTests.Services.Orders.AddressValidationServiceTest.Microsoft.VisualStudio.TestTools.TestTypes.Unit.TestMethod.
</trace></traceInfo><stdout type="System.String" /><stderr type="System.String" /><debugTrace type="System.String" /><workItemIds type="System.Collections.Generic.List`1[[System.Int32, mscorlib, Version=2.0.0.0, Culture=neutral, PublicKeyToken=b77a5c561934e089]]"><_size type="System.Int32">0</_size><_version type="System.Int32">1</_version></workItemIds><id type="Microsoft.VisualStudio.TestTools.Common.TestResultId"><runId type="System.Guid">3d9a8baa-b9cb-4717-8a94-3c6445344217</runId><executionId type="Microsoft.VisualStudio.TestTools.Common.TestExecId"><id type="System.Guid">6f949ab0-9003-41aa-a9a5-c0be91b9519d</id></executionId><parentExecId type="Microsoft.VisualStudio.TestTools.Common.TestExecId"><id type="System.Guid">00000000-0000-0000-0000-000000000000</id></parentExecId><testId type="Microsoft.VisualStudio.TestTools.Common.TestId"><id type="System.Guid">84083163-4f02-7dcc-2d05-5e8fd5418c32</id></testId></id><testName type="System.String">IsValidZipTest</testName><testType type="Microsoft.VisualStudio.TestTools.Common.TestType"><id type="System.Guid">13cdc9d9-ddb5-4fa4-a97d-d965ccfc6d4b</id></testType><messageKind type="Microsoft.VisualStudio.TestTools.Common.TestMessageKind"><value__ type="System.Int32">1</value__></messageKind><computerInfo type="Microsoft.VisualStudio.TestTools.Common.ComputerInfo"><m_computerName type="System.String">ECDATA-TFS01</m_computerName></computerInfo><duration type="System.TimeSpan">00:00:00.0125200</duration><startTime type="System.DateTime"><dateData type="System.UInt64">633673775004388636</dateData></startTime><endTime type="System.DateTime"><dateData type="System.UInt64">633673775004544896</dateData></endTime><spoolMessage type="System.Boolean">True</spoolMessage></UnitTestResult><UnitTestResult type="Microsoft.VisualStudio.TestTools.TestTypes.Unit.UnitTestResult, Microsoft.VisualStudio.QualityTools.Tips.UnitTest.ObjectModel, Version=8.0.0.0, Culture=neutral, PublicKeyToken=b03f5f7f11d50a3a"><resultType type="Microsoft.VisualStudio.TestTools.TestTypes.Unit.UnitTestResultType, Microsoft.VisualStudio.QualityTools.Tips.UnitTest.ObjectModel, Version=8.0.0.0, Culture=neutral, PublicKeyToken=b03f5f7f11d50a3a"><value__ type="System.Int32">0</value__></resultType><m_hasSufficientAccess type="System.Boolean">True</m_hasSufficientAccess><counters type="Microsoft.VisualStudio.TestTools.Common.TestResultCounter"><values type="System.Int32">0,0,0,0,0,0,0,0,0,0,0,0,0,0</values><total type="System.Int32">1</total></counters><categoryId type="Microsoft.VisualStudio.TestTools.Common.TestCategoryId"><id type="System.Guid">8c84fa94-04c1-424b-9868-57a2d4851a1d</id></categoryId><outcome type="Microsoft.VisualStudio.TestTools.Common.TestOutcome"><value__ type="System.Int32">1</value__></outcome><errorInfo type="Microsoft.VisualStudio.TestTools.Common.TestResultErrorInfo"><message type="System.String">Test method BrownShoe.UnitTests.Services.Orders.AddressValidationServiceTest.ValidateAddressTest threw exception:  Microsoft.CommerceServer.Runtime.Orders.OrderContextNotInitializedException: The OrderContext object has not been initialized. It must be initialized..</message><stackTrace type="System.String">    at Microsoft.CommerceServer.Runtime.MappedStorageBase.GetOrderSystem()
   at Microsoft.CommerceServer.Runtime.Orders.OrderAddress.InternalSetLine1(String line1)
   at Microsoft.CommerceServer.Runtime.Orders.OrderAddress.set_Line1(String value)
   at BrownShoe.UnitTests.Services.Orders.AddressValidationServiceTest.ValidateAddressTest()
</stackTrace></errorInfo><traceInfo type="Microsoft.VisualStudio.TestTools.Common.TestExecutionTraceInformation"><trace type="System.Text.StringBuilder">Creating instance of class BrownShoe.UnitTests.Services.Orders.AddressValidationServiceTest.
Calling Test method BrownShoe.UnitTests.Services.Orders.AddressValidationServiceTest.Microsoft.VisualStudio.TestTools.TestTypes.Unit.TestMethod.
</trace></traceInfo><stdout type="System.String" /><stderr type="System.String" /><debugTrace type="System.String" /><workItemIds type="System.Collections.Generic.List`1[[System.Int32, mscorlib, Version=2.0.0.0, Culture=neutral, PublicKeyToken=b77a5c561934e089]]"><_size type="System.Int32">0</_size><_version type="System.Int32">1</_version></workItemIds><id type="Microsoft.VisualStudio.TestTools.Common.TestResultId"><runId type="System.Guid">3d9a8baa-b9cb-4717-8a94-3c6445344217</runId><executionId type="Microsoft.VisualStudio.TestTools.Common.TestExecId"><id type="System.Guid">d7ecbda8-04f4-484a-9ebd-0d36b120c72e</id></executionId><parentExecId type="Microsoft.VisualStudio.TestTools.Common.TestExecId"><id type="System.Guid">00000000-0000-0000-0000-000000000000</id></parentExecId><testId type="Microsoft.VisualStudio.TestTools.Common.TestId"><id type="System.Guid">7f2373cd-fdc1-f225-6eef-8dc4f785dae3</id></testId></id><testName type="System.String">ValidateAddressTest</testName><testType type="Microsoft.VisualStudio.TestTools.Common.TestType"><id type="System.Guid">13cdc9d9-ddb5-4fa4-a97d-d965ccfc6d4b</id></testType><messageKind type="Microsoft.VisualStudio.TestTools.Common.TestMessageKind"><value__ type="System.Int32">1</value__></messageKind><computerInfo type="Microsoft.VisualStudio.TestTools.Common.ComputerInfo"><m_computerName type="System.String">ECDATA-TFS01</m_computerName></computerInfo><duration type="System.TimeSpan">00:00:00.0582358</duration><startTime type="System.DateTime"><dateData type="System.UInt64">633673775004544896</dateData></startTime><endTime type="System.DateTime"><dateData type="System.UInt64">633673775005169936</dateData></endTime><spoolMessage type="System.Boolean">True</spoolMessage></UnitTestResult><UnitTestResult type="Microsoft.VisualStudio.TestTools.TestTypes.Unit.UnitTestResult, Microsoft.VisualStudio.QualityTools.Tips.UnitTest.ObjectModel, Version=8.0.0.0, Culture=neutral, PublicKeyToken=b03f5f7f11d50a3a"><resultType type="Microsoft.VisualStudio.TestTools.TestTypes.Unit.UnitTestResultType, Microsoft.VisualStudio.QualityTools.Tips.UnitTest.ObjectModel, Version=8.0.0.0, Culture=neutral, PublicKeyToken=b03f5f7f11d50a3a"><value__ type="System.Int32">0</value__></resultType><m_hasSufficientAccess type="System.Boolean">True</m_hasSufficientAccess><counters type="Microsoft.VisualStudio.TestTools.Common.TestResultCounter"><values type="System.Int32">0,0,0,0,0,0,0,0,0,0,0,0,0,0</values><total type="System.Int32">1</total></counters><categoryId type="Microsoft.VisualStudio.TestTools.Common.TestCategoryId"><id type="System.Guid">8c84fa94-04c1-424b-9868-57a2d4851a1d</id></categoryId><outcome type="Microsoft.VisualStudio.TestTools.Common.TestOutcome"><value__ type="System.Int32">1</value__></outcome><errorInfo type="Microsoft.VisualStudio.TestTools.Common.TestResultErrorInfo"><message type="System.String">Test method BrownShoe.UnitTests.Services.Orders.AddressValidationServiceTest.ValidateCityStateZipTest threw exception:  System.Configuration.ConfigurationErrorsException: The type Microsoft.Practices.EnterpriseLibrary.ExceptionHandling.Logging.LoggingExceptionHandler, Microsoft.Practices.EnterpriseLibrary.ExceptionHandling.Logging, Version=2.0.0.0, Culture=neutral, PublicKeyToken=c834797fd9c628b4 from configuration could not be created. (E:\projects\brownshoe\unit_tests\product\srvtfs_ECDATA-TFS01 2009-01-12 11_17_41\Out\BrownShoe.UnitTests.DLL.config line 38).</message><stackTrace type="System.String">    at System.Configuration.BaseConfigurationRecord.EvaluateOne(String[] keys, SectionInput input, Boolean isTrusted, FactoryRecord factoryRecord, SectionRecord sectionRecord, Object parentResult)
   at System.Configuration.BaseConfigurationRecord.Evaluate(FactoryRecord factoryRecord, SectionRecord sectionRecord, Object parentResult, Boolean getLkg, Boolean getRuntimeObject, Object&amp; result, Object&amp; resultRuntimeObject)
   at System.Configuration.BaseConfigurationRecord.GetSectionRecursive(String configKey, Boolean getLkg, Boolean checkPermission, Boolean getRuntimeObject, Boolean requestIsHere, Object&amp; result, Object&amp; resultRuntimeObject)
   at System.Configuration.BaseConfigurationRecord.GetSectionRecursive(String configKey, Boolean getLkg, Boolean checkPermission, Boolean getRuntimeObject, Boolean requestIsHere, Object&amp; result, Object&amp; resultRuntimeObject)
   at System.Configuration.BaseConfigurationRecord.GetSectionRecursive(String configKey, Boolean getLkg, Boolean checkPermission, Boolean getRuntimeObject, Boolean requestIsHere, Object&amp; result, Object&amp; resultRuntimeObject)
   at System.Configuration.BaseConfigurationRecord.GetSection(String configKey, Boolean getLkg, Boolean checkPermission)
   at System.Configuration.BaseConfigurationRecord.GetSection(String configKey)
   at System.Configuration.ClientConfigurationSystem.System.Configuration.Internal.IInternalConfigSystem.GetSection(String sectionName)
   at System.Configuration.ConfigurationManager.GetSection(String sectionName)
   at Microsoft.Practices.EnterpriseLibrary.Common.Configuration.SystemConfigurationSourceImplementation.GetSection(String sectionName)
   at Microsoft.Practices.EnterpriseLibrary.Common.Configuration.SystemConfigurationSource.GetSection(String sectionName)
   at Microsoft.Practices.EnterpriseLibrary.ExceptionHandling.Configuration.ExceptionHandlingSettings.GetExceptionHandlingSettings(IConfigurationSource configurationSource)
   at Microsoft.Practices.EnterpriseLibrary.ExceptionHandling.ExceptionHandlingConfigurationView.get_ExceptionHandlingSettings()
   at Microsoft.Practices.EnterpriseLibrary.ExceptionHandling.ExceptionHandlingConfigurationView.GetExceptionPolicyData(String policyName)
   at Microsoft.Practices.EnterpriseLibrary.ExceptionHandling.ExceptionPolicyCustomFactory.GetConfiguration(String id, IConfigurationSource configurationSource)
   at Microsoft.Practices.EnterpriseLibrary.ExceptionHandling.ExceptionPolicyCustomFactory.CreateObject(IBuilderContext context, String name, IConfigurationSource configurationSource, ConfigurationReflectionCache reflectionCache)
   at Microsoft.Practices.EnterpriseLibrary.Common.Configuration.ObjectBuilder.ConfiguredObjectStrategy.BuildUp(IBuilderContext context, Type t, Object existing, String id)
   at Microsoft.Practices.ObjectBuilder.BuilderStrategy.BuildUp(IBuilderContext context, Type typeToBuild, Object existing, String idToBuild)
   at Microsoft.Practices.ObjectBuilder.SingletonStrategy.BuildUp(IBuilderContext context, Type typeToBuild, Object existing, String idToBuild)
   at Microsoft.Practices.ObjectBuilder.BuilderStrategy.BuildUp(IBuilderContext context, Type typeToBuild, Object existing, String idToBuild)
   at Microsoft.Practices.EnterpriseLibrary.Common.Configuration.ObjectBuilder.ConfigurationNameMappingStrategy.BuildUp(IBuilderContext context, Type t, Object existing, String id)
   at Microsoft.Practices.ObjectBuilder.BuilderBase`1.DoBuildUp(IReadWriteLocator locator, Type typeToBuild, String idToBuild, Object existing, PolicyList[] transientPolicies)
   at Microsoft.Practices.ObjectBuilder.BuilderBase`1.BuildUp(IReadWriteLocator locator, Type typeToBuild, String idToBuild, Object existing, PolicyList[] transientPolicies)
   at Microsoft.Practices.ObjectBuilder.BuilderBase`1.BuildUp[TTypeToBuild](IReadWriteLocator locator, String idToBuild, Object existing, PolicyList[] transientPolicies)
   at Microsoft.Practices.EnterpriseLibrary.Common.Configuration.ObjectBuilder.EnterpriseLibraryFactory.BuildUp[T](IReadWriteLocator locator, String id, IConfigurationSource configurationSource)
   at Microsoft.Practices.EnterpriseLibrary.Common.Configuration.ObjectBuilder.LocatorNameTypeFactoryBase`1.Create(String name)
   at Microsoft.Practices.EnterpriseLibrary.ExceptionHandling.ExceptionPolicy.GetExceptionPolicy(Exception exception, String policyName)
   at Microsoft.Practices.EnterpriseLibrary.ExceptionHandling.ExceptionPolicy.HandleException(Exception exceptionToHandle, String policyName)
   at BrownShoe.ExceptionPolicy.HandleException(Exception exc) in e:\projects\brownshoe\unit_tests\product\src\BrownShoe\Libraries\Core\ExceptionPolicies.cs:line 117
   at BrownShoe.Profiles.AddressService.Create() in e:\projects\brownshoe\unit_tests\product\src\BrownShoe\Libraries\Services\Profiles\AddressService.cs:line 55
   at BrownShoe.UnitTests.Services.Orders.AddressValidationServiceTest.CreateProfileAddress()
   at BrownShoe.UnitTests.Services.Orders.AddressValidationServiceTest.ValidateCityStateZipTest()
</stackTrace></errorInfo><traceInfo type="Microsoft.VisualStudio.TestTools.Common.TestExecutionTraceInformation"><trace type="System.Text.StringBuilder">Creating instance of class BrownShoe.UnitTests.Services.Orders.AddressValidationServiceTest.
Calling Test method BrownShoe.UnitTests.Services.Orders.AddressValidationServiceTest.Microsoft.VisualStudio.TestTools.TestTypes.Unit.TestMethod.
</trace></traceInfo><stdout type="System.String" /><stderr type="System.String" /><debugTrace type="System.String" /><workItemIds type="System.Collections.Generic.List`1[[System.Int32, mscorlib, Version=2.0.0.0, Culture=neutral, PublicKeyToken=b77a5c561934e089]]"><_size type="System.Int32">0</_size><_version type="System.Int32">1</_version></workItemIds><id type="Microsoft.VisualStudio.TestTools.Common.TestResultId"><runId type="System.Guid">3d9a8baa-b9cb-4717-8a94-3c6445344217</runId><executionId type="Microsoft.VisualStudio.TestTools.Common.TestExecId"><id type="System.Guid">753c8c1e-c125-4532-9ae5-17e5736c708c</id></executionId><parentExecId type="Microsoft.VisualStudio.TestTools.Common.TestExecId"><id type="System.Guid">00000000-0000-0000-0000-000000000000</id></parentExecId><testId type="Microsoft.VisualStudio.TestTools.Common.TestId"><id type="System.Guid">bc6b5867-0f10-766b-9ddb-3d5a4f08f5f5</id></testId></id><testName type="System.String">ValidateCityStateZipTest</testName><testType type="Microsoft.VisualStudio.TestTools.Common.TestType"><id type="System.Guid">13cdc9d9-ddb5-4fa4-a97d-d965ccfc6d4b</id></testType><messageKind type="Microsoft.VisualStudio.TestTools.Common.TestMessageKind"><value__ type="System.Int32">1</value__></messageKind><computerInfo type="Microsoft.VisualStudio.TestTools.Common.ComputerInfo"><m_computerName type="System.String">ECDATA-TFS01</m_computerName></computerInfo><duration type="System.TimeSpan">00:00:00.0076849</duration><startTime type="System.DateTime"><dateData type="System.UInt64">633673775005169936</dateData></startTime><endTime type="System.DateTime"><dateData type="System.UInt64">633673775005326196</dateData></endTime><spoolMessage type="System.Boolean">True</spoolMessage></UnitTestResult><UnitTestResult type="Microsoft.VisualStudio.TestTools.TestTypes.Unit.UnitTestResult, Microsoft.VisualStudio.QualityTools.Tips.UnitTest.ObjectModel, Version=8.0.0.0, Culture=neutral, PublicKeyToken=b03f5f7f11d50a3a"><resultType type="Microsoft.VisualStudio.TestTools.TestTypes.Unit.UnitTestResultType, Microsoft.VisualStudio.QualityTools.Tips.UnitTest.ObjectModel, Version=8.0.0.0, Culture=neutral, PublicKeyToken=b03f5f7f11d50a3a"><value__ type="System.Int32">0</value__></resultType><m_hasSufficientAccess type="System.Boolean">True</m_hasSufficientAccess><counters type="Microsoft.VisualStudio.TestTools.Common.TestResultCounter"><values type="System.Int32">0,0,0,0,0,0,0,0,0,0,0,0,0,0</values><total type="System.Int32">1</total></counters><categoryId type="Microsoft.VisualStudio.TestTools.Common.TestCategoryId"><id type="System.Guid">8c84fa94-04c1-424b-9868-57a2d4851a1d</id></categoryId><outcome type="Microsoft.VisualStudio.TestTools.Common.TestOutcome"><value__ type="System.Int32">4</value__></outcome><errorInfo type="Microsoft.VisualStudio.TestTools.Common.TestResultErrorInfo"><message type="System.String">Assert.Inconclusive failed. Verify the correctness of this test method</message><stackTrace type="System.String">   at BrownShoe.UnitTests.Services.Orders.BrownOrderServiceTest.GetBrownBasketTest()
</stackTrace></errorInfo><traceInfo type="Microsoft.VisualStudio.TestTools.Common.TestExecutionTraceInformation"><trace type="System.Text.StringBuilder">Creating instance of class BrownShoe.UnitTests.Services.Orders.BrownOrderServiceTest.
Calling Test method BrownShoe.UnitTests.Services.Orders.BrownOrderServiceTest.Microsoft.VisualStudio.TestTools.TestTypes.Unit.TestMethod.
</trace></traceInfo><stdout type="System.String" /><stderr type="System.String" /><debugTrace type="System.String" /><workItemIds type="System.Collections.Generic.List`1[[System.Int32, mscorlib, Version=2.0.0.0, Culture=neutral, PublicKeyToken=b77a5c561934e089]]"><_size type="System.Int32">0</_size><_version type="System.Int32">1</_version></workItemIds><id type="Microsoft.VisualStudio.TestTools.Common.TestResultId"><runId type="System.Guid">3d9a8baa-b9cb-4717-8a94-3c6445344217</runId><executionId type="Microsoft.VisualStudio.TestTools.Common.TestExecId"><id type="System.Guid">b33ffcce-fcde-4cd3-a8d1-0d2bdddf8706</id></executionId><parentExecId type="Microsoft.VisualStudio.TestTools.Common.TestExecId"><id type="System.Guid">00000000-0000-0000-0000-000000000000</id></parentExecId><testId type="Microsoft.VisualStudio.TestTools.Common.TestId"><id type="System.Guid">de4adb9b-7380-e30e-f59b-7cc41aa99e57</id></testId></id><testName type="System.String">GetBrownBasketTest</testName><testType type="Microsoft.VisualStudio.TestTools.Common.TestType"><id type="System.Guid">13cdc9d9-ddb5-4fa4-a97d-d965ccfc6d4b</id></testType><messageKind type="Microsoft.VisualStudio.TestTools.Common.TestMessageKind"><value__ type="System.Int32">1</value__></messageKind><computerInfo type="Microsoft.VisualStudio.TestTools.Common.ComputerInfo"><m_computerName type="System.String">ECDATA-TFS01</m_computerName></computerInfo><duration type="System.TimeSpan">00:00:00.0018463</duration><startTime type="System.DateTime"><dateData type="System.UInt64">633673775005326196</dateData></startTime><endTime type="System.DateTime"><dateData type="System.UInt64">633673775005482456</dateData></endTime><spoolMessage type="System.Boolean">True</spoolMessage></UnitTestResult><UnitTestResult type="Microsoft.VisualStudio.TestTools.TestTypes.Unit.UnitTestResult, Microsoft.VisualStudio.QualityTools.Tips.UnitTest.ObjectModel, Version=8.0.0.0, Culture=neutral, PublicKeyToken=b03f5f7f11d50a3a"><resultType type="Microsoft.VisualStudio.TestTools.TestTypes.Unit.UnitTestResultType, Microsoft.VisualStudio.QualityTools.Tips.UnitTest.ObjectModel, Version=8.0.0.0, Culture=neutral, PublicKeyToken=b03f5f7f11d50a3a"><value__ type="System.Int32">0</value__></resultType><m_hasSufficientAccess type="System.Boolean">True</m_hasSufficientAccess><counters type="Microsoft.VisualStudio.TestTools.Common.TestResultCounter"><values type="System.Int32">0,0,0,0,0,0,0,0,0,0,0,0,0,0</values><total type="System.Int32">1</total></counters><categoryId type="Microsoft.VisualStudio.TestTools.Common.TestCategoryId"><id type="System.Guid">8c84fa94-04c1-424b-9868-57a2d4851a1d</id></categoryId><outcome type="Microsoft.VisualStudio.TestTools.Common.TestOutcome"><value__ type="System.Int32">4</value__></outcome><errorInfo type="Microsoft.VisualStudio.TestTools.Common.TestResultErrorInfo"><message type="System.String">Assert.Inconclusive failed. Verify the correctness of this test method</message><stackTrace type="System.String">   at BrownShoe.UnitTests.Services.Orders.BrownOrderServiceTest.GetPurchaseOrderTest()
</stackTrace></errorInfo><traceInfo type="Microsoft.VisualStudio.TestTools.Common.TestExecutionTraceInformation"><trace type="System.Text.StringBuilder">Creating instance of class BrownShoe.UnitTests.Services.Orders.BrownOrderServiceTest.
Calling Test method BrownShoe.UnitTests.Services.Orders.BrownOrderServiceTest.Microsoft.VisualStudio.TestTools.TestTypes.Unit.TestMethod.
</trace></traceInfo><stdout type="System.String" /><stderr type="System.String" /><debugTrace type="System.String" /><workItemIds type="System.Collections.Generic.List`1[[System.Int32, mscorlib, Version=2.0.0.0, Culture=neutral, PublicKeyToken=b77a5c561934e089]]"><_size type="System.Int32">0</_size><_version type="System.Int32">1</_version></workItemIds><id type="Microsoft.VisualStudio.TestTools.Common.TestResultId"><runId type="System.Guid">3d9a8baa-b9cb-4717-8a94-3c6445344217</runId><executionId type="Microsoft.VisualStudio.TestTools.Common.TestExecId"><id type="System.Guid">13b9c1df-9fa4-49ff-9c51-669e62ae95f8</id></executionId><parentExecId type="Microsoft.VisualStudio.TestTools.Common.TestExecId"><id type="System.Guid">00000000-0000-0000-0000-000000000000</id></parentExecId><testId type="Microsoft.VisualStudio.TestTools.Common.TestId"><id type="System.Guid">6e025d0c-2786-34e7-5586-23bccbd29a5d</id></testId></id><testName type="System.String">GetPurchaseOrderTest</testName><testType type="Microsoft.VisualStudio.TestTools.Common.TestType"><id type="System.Guid">13cdc9d9-ddb5-4fa4-a97d-d965ccfc6d4b</id></testType><messageKind type="Microsoft.VisualStudio.TestTools.Common.TestMessageKind"><value__ type="System.Int32">1</value__></messageKind><computerInfo type="Microsoft.VisualStudio.TestTools.Common.ComputerInfo"><m_computerName type="System.String">ECDATA-TFS01</m_computerName></computerInfo><duration type="System.TimeSpan">00:00:00.0006595</duration><startTime type="System.DateTime"><dateData type="System.UInt64">633673775005482456</dateData></startTime><endTime type="System.DateTime"><dateData type="System.UInt64">633673775005482456</dateData></endTime><spoolMessage type="System.Boolean">True</spoolMessage></UnitTestResult><UnitTestResult type="Microsoft.VisualStudio.TestTools.TestTypes.Unit.UnitTestResult, Microsoft.VisualStudio.QualityTools.Tips.UnitTest.ObjectModel, Version=8.0.0.0, Culture=neutral, PublicKeyToken=b03f5f7f11d50a3a"><resultType type="Microsoft.VisualStudio.TestTools.TestTypes.Unit.UnitTestResultType, Microsoft.VisualStudio.QualityTools.Tips.UnitTest.ObjectModel, Version=8.0.0.0, Culture=neutral, PublicKeyToken=b03f5f7f11d50a3a"><value__ type="System.Int32">0</value__></resultType><m_hasSufficientAccess type="System.Boolean">True</m_hasSufficientAccess><counters type="Microsoft.VisualStudio.TestTools.Common.TestResultCounter"><values type="System.Int32">0,0,0,0,0,0,0,0,0,0,0,0,0,0</values><total type="System.Int32">1</total></counters><categoryId type="Microsoft.VisualStudio.TestTools.Common.TestCategoryId"><id type="System.Guid">8c84fa94-04c1-424b-9868-57a2d4851a1d</id></categoryId><outcome type="Microsoft.VisualStudio.TestTools.Common.TestOutcome"><value__ type="System.Int32">4</value__></outcome><errorInfo type="Microsoft.VisualStudio.TestTools.Common.TestResultErrorInfo"><message type="System.String">Assert.Inconclusive failed. Verify the correctness of this test method</message><stackTrace type="System.String">   at BrownShoe.UnitTests.Services.Orders.CheckoutServiceTest.AddGiftCardPaymentToCartTest()
</stackTrace></errorInfo><traceInfo type="Microsoft.VisualStudio.TestTools.Common.TestExecutionTraceInformation"><trace type="System.Text.StringBuilder">Creating instance of class BrownShoe.UnitTests.Services.Orders.CheckoutServiceTest.
Calling Test method BrownShoe.UnitTests.Services.Orders.CheckoutServiceTest.Microsoft.VisualStudio.TestTools.TestTypes.Unit.TestMethod.
</trace></traceInfo><stdout type="System.String" /><stderr type="System.String" /><debugTrace type="System.String" /><workItemIds type="System.Collections.Generic.List`1[[System.Int32, mscorlib, Version=2.0.0.0, Culture=neutral, PublicKeyToken=b77a5c561934e089]]"><_size type="System.Int32">0</_size><_version type="System.Int32">1</_version></workItemIds><id type="Microsoft.VisualStudio.TestTools.Common.TestResultId"><runId type="System.Guid">3d9a8baa-b9cb-4717-8a94-3c6445344217</runId><executionId type="Microsoft.VisualStudio.TestTools.Common.TestExecId"><id type="System.Guid">3de05995-f275-46ff-826e-d9c7f16f25a8</id></executionId><parentExecId type="Microsoft.VisualStudio.TestTools.Common.TestExecId"><id type="System.Guid">00000000-0000-0000-0000-000000000000</id></parentExecId><testId type="Microsoft.VisualStudio.TestTools.Common.TestId"><id type="System.Guid">4427a4f6-9648-4b50-f47f-d0889b1bb111</id></testId></id><testName type="System.String">AddGiftCardPaymentToCartTest</testName><testType type="Microsoft.VisualStudio.TestTools.Common.TestType"><id type="System.Guid">13cdc9d9-ddb5-4fa4-a97d-d965ccfc6d4b</id></testType><messageKind type="Microsoft.VisualStudio.TestTools.Common.TestMessageKind"><value__ type="System.Int32">1</value__></messageKind><computerInfo type="Microsoft.VisualStudio.TestTools.Common.ComputerInfo"><m_computerName type="System.String">ECDATA-TFS01</m_computerName></computerInfo><duration type="System.TimeSpan">00:00:00.0010775</duration><startTime type="System.DateTime"><dateData type="System.UInt64">633673775005482456</dateData></startTime><endTime type="System.DateTime"><dateData type="System.UInt64">633673775005482456</dateData></endTime><spoolMessage type="System.Boolean">True</spoolMessage></UnitTestResult><UnitTestResult type="Microsoft.VisualStudio.TestTools.TestTypes.Unit.UnitTestResult, Microsoft.VisualStudio.QualityTools.Tips.UnitTest.ObjectModel, Version=8.0.0.0, Culture=neutral, PublicKeyToken=b03f5f7f11d50a3a"><resultType type="Microsoft.VisualStudio.TestTools.TestTypes.Unit.UnitTestResultType, Microsoft.VisualStudio.QualityTools.Tips.UnitTest.ObjectModel, Version=8.0.0.0, Culture=neutral, PublicKeyToken=b03f5f7f11d50a3a"><value__ type="System.Int32">0</value__></resultType><m_hasSufficientAccess type="System.Boolean">True</m_hasSufficientAccess><counters type="Microsoft.VisualStudio.TestTools.Common.TestResultCounter"><values type="System.Int32">0,0,0,0,0,0,0,0,0,0,0,0,0,0</values><total type="System.Int32">1</total></counters><categoryId type="Microsoft.VisualStudio.TestTools.Common.TestCategoryId"><id type="System.Guid">8c84fa94-04c1-424b-9868-57a2d4851a1d</id></categoryId><outcome type="Microsoft.VisualStudio.TestTools.Common.TestOutcome"><value__ type="System.Int32">4</value__></outcome><errorInfo type="Microsoft.VisualStudio.TestTools.Common.TestResultErrorInfo"><message type="System.String">Assert.Inconclusive failed. Verify the correctness of this test method</message><stackTrace type="System.String">   at BrownShoe.UnitTests.Services.Orders.CheckoutServiceTest.AddGiftCertficatePaymentToCartTest()
</stackTrace></errorInfo><traceInfo type="Microsoft.VisualStudio.TestTools.Common.TestExecutionTraceInformation"><trace type="System.Text.StringBuilder">Creating instance of class BrownShoe.UnitTests.Services.Orders.CheckoutServiceTest.
Calling Test method BrownShoe.UnitTests.Services.Orders.CheckoutServiceTest.Microsoft.VisualStudio.TestTools.TestTypes.Unit.TestMethod.
</trace></traceInfo><stdout type="System.String" /><stderr type="System.String" /><debugTrace type="System.String" /><workItemIds type="System.Collections.Generic.List`1[[System.Int32, mscorlib, Version=2.0.0.0, Culture=neutral, PublicKeyToken=b77a5c561934e089]]"><_size type="System.Int32">0</_size><_version type="System.Int32">1</_version></workItemIds><id type="Microsoft.VisualStudio.TestTools.Common.TestResultId"><runId type="System.Guid">3d9a8baa-b9cb-4717-8a94-3c6445344217</runId><executionId type="Microsoft.VisualStudio.TestTools.Common.TestExecId"><id type="System.Guid">cd769922-6ca1-4c3d-bb02-ec5bc3a74c89</id></executionId><parentExecId type="Microsoft.VisualStudio.TestTools.Common.TestExecId"><id type="System.Guid">00000000-0000-0000-0000-000000000000</id></parentExecId><testId type="Microsoft.VisualStudio.TestTools.Common.TestId"><id type="System.Guid">328ea4bf-8d5d-7a92-afc4-b2a1a132e42c</id></testId></id><testName type="System.String">AddGiftCertficatePaymentToCartTest</testName><testType type="Microsoft.VisualStudio.TestTools.Common.TestType"><id type="System.Guid">13cdc9d9-ddb5-4fa4-a97d-d965ccfc6d4b</id></testType><messageKind type="Microsoft.VisualStudio.TestTools.Common.TestMessageKind"><value__ type="System.Int32">1</value__></messageKind><computerInfo type="Microsoft.VisualStudio.TestTools.Common.ComputerInfo"><m_computerName type="System.String">ECDATA-TFS01</m_computerName></computerInfo><duration type="System.TimeSpan">00:00:00.0005790</duration><startTime type="System.DateTime"><dateData type="System.UInt64">633673775005482456</dateData></startTime><endTime type="System.DateTime"><dateData type="System.UInt64">633673775005638716</dateData></endTime><spoolMessage type="System.Boolean">True</spoolMessage></UnitTestResult><UnitTestResult type="Microsoft.VisualStudio.TestTools.TestTypes.Unit.UnitTestResult, Microsoft.VisualStudio.QualityTools.Tips.UnitTest.ObjectModel, Version=8.0.0.0, Culture=neutral, PublicKeyToken=b03f5f7f11d50a3a"><resultType type="Microsoft.VisualStudio.TestTools.TestTypes.Unit.UnitTestResultType, Microsoft.VisualStudio.QualityTools.Tips.UnitTest.ObjectModel, Version=8.0.0.0, Culture=neutral, PublicKeyToken=b03f5f7f11d50a3a"><value__ type="System.Int32">0</value__></resultType><m_hasSufficientAccess type="System.Boolean">True</m_hasSufficientAccess><counters type="Microsoft.VisualStudio.TestTools.Common.TestResultCounter"><values type="System.Int32">0,0,0,0,0,0,0,0,0,0,0,0,0,0</values><total type="System.Int32">1</total></counters><categoryId type="Microsoft.VisualStudio.TestTools.Common.TestCategoryId"><id type="System.Guid">8c84fa94-04c1-424b-9868-57a2d4851a1d</id></categoryId><outcome type="Microsoft.VisualStudio.TestTools.Common.TestOutcome"><value__ type="System.Int32">4</value__></outcome><errorInfo type="Microsoft.VisualStudio.TestTools.Common.TestResultErrorInfo"><message type="System.String">Assert.Inconclusive failed. Verify the correctness of this test method</message><stackTrace type="System.String">   at BrownShoe.UnitTests.Services.Orders.CheckoutServiceTest.AddPromoCodeToBasketTest()
</stackTrace></errorInfo><traceInfo type="Microsoft.VisualStudio.TestTools.Common.TestExecutionTraceInformation"><trace type="System.Text.StringBuilder">Creating instance of class BrownShoe.UnitTests.Services.Orders.CheckoutServiceTest.
Calling Test method BrownShoe.UnitTests.Services.Orders.CheckoutServiceTest.Microsoft.VisualStudio.TestTools.TestTypes.Unit.TestMethod.
</trace></traceInfo><stdout type="System.String" /><stderr type="System.String" /><debugTrace type="System.String" /><workItemIds type="System.Collections.Generic.List`1[[System.Int32, mscorlib, Version=2.0.0.0, Culture=neutral, PublicKeyToken=b77a5c561934e089]]"><_size type="System.Int32">0</_size><_version type="System.Int32">1</_version></workItemIds><id type="Microsoft.VisualStudio.TestTools.Common.TestResultId"><runId type="System.Guid">3d9a8baa-b9cb-4717-8a94-3c6445344217</runId><executionId type="Microsoft.VisualStudio.TestTools.Common.TestExecId"><id type="System.Guid">aa3696d3-3f60-4b4e-b69e-acab822153a6</id></executionId><parentExecId type="Microsoft.VisualStudio.TestTools.Common.TestExecId"><id type="System.Guid">00000000-0000-0000-0000-000000000000</id></parentExecId><testId type="Microsoft.VisualStudio.TestTools.Common.TestId"><id type="System.Guid">edc3b1a0-e8f9-bfa1-2d8e-288b3a2c3d3f</id></testId></id><testName type="System.String">AddPromoCodeToBasketTest</testName><testType type="Microsoft.VisualStudio.TestTools.Common.TestType"><id type="System.Guid">13cdc9d9-ddb5-4fa4-a97d-d965ccfc6d4b</id></testType><messageKind type="Microsoft.VisualStudio.TestTools.Common.TestMessageKind"><value__ type="System.Int32">1</value__></messageKind><computerInfo type="Microsoft.VisualStudio.TestTools.Common.ComputerInfo"><m_computerName type="System.String">ECDATA-TFS01</m_computerName></computerInfo><duration type="System.TimeSpan">00:00:00.0006107</duration><startTime type="System.DateTime"><dateData type="System.UInt64">633673775005638716</dateData></startTime><endTime type="System.DateTime"><dateData type="System.UInt64">633673775005638716</dateData></endTime><spoolMessage type="System.Boolean">True</spoolMessage></UnitTestResult><UnitTestResult type="Microsoft.VisualStudio.TestTools.TestTypes.Unit.UnitTestResult, Microsoft.VisualStudio.QualityTools.Tips.UnitTest.ObjectModel, Version=8.0.0.0, Culture=neutral, PublicKeyToken=b03f5f7f11d50a3a"><resultType type="Microsoft.VisualStudio.TestTools.TestTypes.Unit.UnitTestResultType, Microsoft.VisualStudio.QualityTools.Tips.UnitTest.ObjectModel, Version=8.0.0.0, Culture=neutral, PublicKeyToken=b03f5f7f11d50a3a"><value__ type="System.Int32">0</value__></resultType><m_hasSufficientAccess type="System.Boolean">True</m_hasSufficientAccess><counters type="Microsoft.VisualStudio.TestTools.Common.TestResultCounter"><values type="System.Int32">0,0,0,0,0,0,0,0,0,0,0,0,0,0</values><total type="System.Int32">1</total></counters><categoryId type="Microsoft.VisualStudio.TestTools.Common.TestCategoryId"><id type="System.Guid">8c84fa94-04c1-424b-9868-57a2d4851a1d</id></categoryId><outcome type="Microsoft.VisualStudio.TestTools.Common.TestOutcome"><value__ type="System.Int32">4</value__></outcome><errorInfo type="Microsoft.VisualStudio.TestTools.Common.TestResultErrorInfo"><message type="System.String">Assert.Inconclusive failed. Verify the correctness of this test method</message><stackTrace type="System.String">   at BrownShoe.UnitTests.Services.Orders.CheckoutServiceTest.GetCartTest()
</stackTrace></errorInfo><traceInfo type="Microsoft.VisualStudio.TestTools.Common.TestExecutionTraceInformation"><trace type="System.Text.StringBuilder">Creating instance of class BrownShoe.UnitTests.Services.Orders.CheckoutServiceTest.
Calling Test method BrownShoe.UnitTests.Services.Orders.CheckoutServiceTest.Microsoft.VisualStudio.TestTools.TestTypes.Unit.TestMethod.
</trace></traceInfo><stdout type="System.String" /><stderr type="System.String" /><debugTrace type="System.String" /><workItemIds type="System.Collections.Generic.List`1[[System.Int32, mscorlib, Version=2.0.0.0, Culture=neutral, PublicKeyToken=b77a5c561934e089]]"><_size type="System.Int32">0</_size><_version type="System.Int32">1</_version></workItemIds><id type="Microsoft.VisualStudio.TestTools.Common.TestResultId"><runId type="System.Guid">3d9a8baa-b9cb-4717-8a94-3c6445344217</runId><executionId type="Microsoft.VisualStudio.TestTools.Common.TestExecId"><id type="System.Guid">4206c4d7-4514-47eb-b63c-d392d90c1afe</id></executionId><parentExecId type="Microsoft.VisualStudio.TestTools.Common.TestExecId"><id type="System.Guid">00000000-0000-0000-0000-000000000000</id></parentExecId><testId type="Microsoft.VisualStudio.TestTools.Common.TestId"><id type="System.Guid">bdd19d34-ee5c-b2dc-f553-6e6bba69bee8</id></testId></id><testName type="System.String">GetCartTest</testName><testType type="Microsoft.VisualStudio.TestTools.Common.TestType"><id type="System.Guid">13cdc9d9-ddb5-4fa4-a97d-d965ccfc6d4b</id></testType><messageKind type="Microsoft.VisualStudio.TestTools.Common.TestMessageKind"><value__ type="System.Int32">1</value__></messageKind><computerInfo type="Microsoft.VisualStudio.TestTools.Common.ComputerInfo"><m_computerName type="System.String">ECDATA-TFS01</m_computerName></computerInfo><duration type="System.TimeSpan">00:00:00.0007342</duration><startTime type="System.DateTime"><dateData type="System.UInt64">633673775005638716</dateData></startTime><endTime type="System.DateTime"><dateData type="System.UInt64">633673775005638716</dateData></endTime><spoolMessage type="System.Boolean">True</spoolMessage></UnitTestResult><UnitTestResult type="Microsoft.VisualStudio.TestTools.TestTypes.Unit.UnitTestResult, Microsoft.VisualStudio.QualityTools.Tips.UnitTest.ObjectModel, Version=8.0.0.0, Culture=neutral, PublicKeyToken=b03f5f7f11d50a3a"><resultType type="Microsoft.VisualStudio.TestTools.TestTypes.Unit.UnitTestResultType, Microsoft.VisualStudio.QualityTools.Tips.UnitTest.ObjectModel, Version=8.0.0.0, Culture=neutral, PublicKeyToken=b03f5f7f11d50a3a"><value__ type="System.Int32">0</value__></resultType><m_hasSufficientAccess type="System.Boolean">True</m_hasSufficientAccess><counters type="Microsoft.VisualStudio.TestTools.Common.TestResultCounter"><values type="System.Int32">0,0,0,0,0,0,0,0,0,0,0,0,0,0</values><total type="System.Int32">1</total></counters><categoryId type="Microsoft.VisualStudio.TestTools.Common.TestCategoryId"><id type="System.Guid">8c84fa94-04c1-424b-9868-57a2d4851a1d</id></categoryId><outcome type="Microsoft.VisualStudio.TestTools.Common.TestOutcome"><value__ type="System.Int32">4</value__></outcome><errorInfo type="Microsoft.VisualStudio.TestTools.Common.TestResultErrorInfo"><message type="System.String">Assert.Inconclusive failed. Verify the correctness of this test method</message><stackTrace type="System.String">   at BrownShoe.UnitTests.Services.Orders.CheckoutServiceTest.GetPurchaseOrderTest()
</stackTrace></errorInfo><traceInfo type="Microsoft.VisualStudio.TestTools.Common.TestExecutionTraceInformation"><trace type="System.Text.StringBuilder">Creating instance of class BrownShoe.UnitTests.Services.Orders.CheckoutServiceTest.
Calling Test method BrownShoe.UnitTests.Services.Orders.CheckoutServiceTest.Microsoft.VisualStudio.TestTools.TestTypes.Unit.TestMethod.
</trace></traceInfo><stdout type="System.String" /><stderr type="System.String" /><debugTrace type="System.String" /><workItemIds type="System.Collections.Generic.List`1[[System.Int32, mscorlib, Version=2.0.0.0, Culture=neutral, PublicKeyToken=b77a5c561934e089]]"><_size type="System.Int32">0</_size><_version type="System.Int32">1</_version></workItemIds><id type="Microsoft.VisualStudio.TestTools.Common.TestResultId"><runId type="System.Guid">3d9a8baa-b9cb-4717-8a94-3c6445344217</runId><executionId type="Microsoft.VisualStudio.TestTools.Common.TestExecId"><id type="System.Guid">c32987a0-4c25-4154-9982-b60c81d02b2a</id></executionId><parentExecId type="Microsoft.VisualStudio.TestTools.Common.TestExecId"><id type="System.Guid">00000000-0000-0000-0000-000000000000</id></parentExecId><testId type="Microsoft.VisualStudio.TestTools.Common.TestId"><id type="System.Guid">6d2b8f48-0231-7d3a-ab46-c0fdd3e0743b</id></testId></id><testName type="System.String">GetPurchaseOrderTest</testName><testType type="Microsoft.VisualStudio.TestTools.Common.TestType"><id type="System.Guid">13cdc9d9-ddb5-4fa4-a97d-d965ccfc6d4b</id></testType><messageKind type="Microsoft.VisualStudio.TestTools.Common.TestMessageKind"><value__ type="System.Int32">1</value__></messageKind><computerInfo type="Microsoft.VisualStudio.TestTools.Common.ComputerInfo"><m_computerName type="System.String">ECDATA-TFS01</m_computerName></computerInfo><duration type="System.TimeSpan">00:00:00.0009623</duration><startTime type="System.DateTime"><dateData type="System.UInt64">633673775005638716</dateData></startTime><endTime type="System.DateTime"><dateData type="System.UInt64">633673775005794976</dateData></endTime><spoolMessage type="System.Boolean">True</spoolMessage></UnitTestResult><UnitTestResult type="Microsoft.VisualStudio.TestTools.TestTypes.Unit.UnitTestResult, Microsoft.VisualStudio.QualityTools.Tips.UnitTest.ObjectModel, Version=8.0.0.0, Culture=neutral, PublicKeyToken=b03f5f7f11d50a3a"><resultType type="Microsoft.VisualStudio.TestTools.TestTypes.Unit.UnitTestResultType, Microsoft.VisualStudio.QualityTools.Tips.UnitTest.ObjectModel, Version=8.0.0.0, Culture=neutral, PublicKeyToken=b03f5f7f11d50a3a"><value__ type="System.Int32">0</value__></resultType><m_hasSufficientAccess type="System.Boolean">True</m_hasSufficientAccess><counters type="Microsoft.VisualStudio.TestTools.Common.TestResultCounter"><values type="System.Int32">0,0,0,0,0,0,0,0,0,0,0,0,0,0</values><total type="System.Int32">1</total></counters><categoryId type="Microsoft.VisualStudio.TestTools.Common.TestCategoryId"><id type="System.Guid">8c84fa94-04c1-424b-9868-57a2d4851a1d</id></categoryId><outcome type="Microsoft.VisualStudio.TestTools.Common.TestOutcome"><value__ type="System.Int32">4</value__></outcome><errorInfo type="Microsoft.VisualStudio.TestTools.Common.TestResultErrorInfo"><message type="System.String">Assert.Inconclusive failed. Verify the correctness of this test method</message><stackTrace type="System.String">   at BrownShoe.UnitTests.Services.Orders.CheckoutServiceTest.IsValidPaypalTokenTest()
</stackTrace></errorInfo><traceInfo type="Microsoft.VisualStudio.TestTools.Common.TestExecutionTraceInformation"><trace type="System.Text.StringBuilder">Creating instance of class BrownShoe.UnitTests.Services.Orders.CheckoutServiceTest.
Calling Test method BrownShoe.UnitTests.Services.Orders.CheckoutServiceTest.Microsoft.VisualStudio.TestTools.TestTypes.Unit.TestMethod.
</trace></traceInfo><stdout type="System.String" /><stderr type="System.String" /><debugTrace type="System.String" /><workItemIds type="System.Collections.Generic.List`1[[System.Int32, mscorlib, Version=2.0.0.0, Culture=neutral, PublicKeyToken=b77a5c561934e089]]"><_size type="System.Int32">0</_size><_version type="System.Int32">1</_version></workItemIds><id type="Microsoft.VisualStudio.TestTools.Common.TestResultId"><runId type="System.Guid">3d9a8baa-b9cb-4717-8a94-3c6445344217</runId><executionId type="Microsoft.VisualStudio.TestTools.Common.TestExecId"><id type="System.Guid">30c2040f-2849-412f-ba71-fa36df7a0a8c</id></executionId><parentExecId type="Microsoft.VisualStudio.TestTools.Common.TestExecId"><id type="System.Guid">00000000-0000-0000-0000-000000000000</id></parentExecId><testId type="Microsoft.VisualStudio.TestTools.Common.TestId"><id type="System.Guid">cae7845b-a90e-ff30-8b6a-a8aabfc152cc</id></testId></id><testName type="System.String">IsValidPaypalTokenTest</testName><testType type="Microsoft.VisualStudio.TestTools.Common.TestType"><id type="System.Guid">13cdc9d9-ddb5-4fa4-a97d-d965ccfc6d4b</id></testType><messageKind type="Microsoft.VisualStudio.TestTools.Common.TestMessageKind"><value__ type="System.Int32">1</value__></messageKind><computerInfo type="Microsoft.VisualStudio.TestTools.Common.ComputerInfo"><m_computerName type="System.String">ECDATA-TFS01</m_computerName></computerInfo><duration type="System.TimeSpan">00:00:00.0009241</duration><startTime type="System.DateTime"><dateData type="System.UInt64">633673775005794976</dateData></startTime><endTime type="System.DateTime"><dateData type="System.UInt64">633673775005951236</dateData></endTime><spoolMessage type="System.Boolean">True</spoolMessage></UnitTestResult><UnitTestResult type="Microsoft.VisualStudio.TestTools.TestTypes.Unit.UnitTestResult, Microsoft.VisualStudio.QualityTools.Tips.UnitTest.ObjectModel, Version=8.0.0.0, Culture=neutral, PublicKeyToken=b03f5f7f11d50a3a"><resultType type="Microsoft.VisualStudio.TestTools.TestTypes.Unit.UnitTestResultType, Microsoft.VisualStudio.QualityTools.Tips.UnitTest.ObjectModel, Version=8.0.0.0, Culture=neutral, PublicKeyToken=b03f5f7f11d50a3a"><value__ type="System.Int32">0</value__></resultType><m_hasSufficientAccess type="System.Boolean">True</m_hasSufficientAccess><counters type="Microsoft.VisualStudio.TestTools.Common.TestResultCounter"><values type="System.Int32">0,0,0,0,0,0,0,0,0,0,0,0,0,0</values><total type="System.Int32">1</total></counters><categoryId type="Microsoft.VisualStudio.TestTools.Common.TestCategoryId"><id type="System.Guid">8c84fa94-04c1-424b-9868-57a2d4851a1d</id></categoryId><outcome type="Microsoft.VisualStudio.TestTools.Common.TestOutcome"><value__ type="System.Int32">4</value__></outcome><errorInfo type="Microsoft.VisualStudio.TestTools.Common.TestResultErrorInfo"><message type="System.String">Assert.Inconclusive failed. Verify the correctness of this test method</message><stackTrace type="System.String">   at BrownShoe.UnitTests.Services.Orders.CheckoutServiceTest.RemoveGiftCertificatePaymentTest()
</stackTrace></errorInfo><traceInfo type="Microsoft.VisualStudio.TestTools.Common.TestExecutionTraceInformation"><trace type="System.Text.StringBuilder">Creating instance of class BrownShoe.UnitTests.Services.Orders.CheckoutServiceTest.
Calling Test method BrownShoe.UnitTests.Services.Orders.CheckoutServiceTest.Microsoft.VisualStudio.TestTools.TestTypes.Unit.TestMethod.
</trace></traceInfo><stdout type="System.String" /><stderr type="System.String" /><debugTrace type="System.String" /><workItemIds type="System.Collections.Generic.List`1[[System.Int32, mscorlib, Version=2.0.0.0, Culture=neutral, PublicKeyToken=b77a5c561934e089]]"><_size type="System.Int32">0</_size><_version type="System.Int32">1</_version></workItemIds><id type="Microsoft.VisualStudio.TestTools.Common.TestResultId"><runId type="System.Guid">3d9a8baa-b9cb-4717-8a94-3c6445344217</runId><executionId type="Microsoft.VisualStudio.TestTools.Common.TestExecId"><id type="System.Guid">dab067be-339a-45e0-96dc-aec5e5903b35</id></executionId><parentExecId type="Microsoft.VisualStudio.TestTools.Common.TestExecId"><id type="System.Guid">00000000-0000-0000-0000-000000000000</id></parentExecId><testId type="Microsoft.VisualStudio.TestTools.Common.TestId"><id type="System.Guid">85acd10b-0989-24c8-1d49-a05457b35899</id></testId></id><testName type="System.String">RemoveGiftCertificatePaymentTest</testName><testType type="Microsoft.VisualStudio.TestTools.Common.TestType"><id type="System.Guid">13cdc9d9-ddb5-4fa4-a97d-d965ccfc6d4b</id></testType><messageKind type="Microsoft.VisualStudio.TestTools.Common.TestMessageKind"><value__ type="System.Int32">1</value__></messageKind><computerInfo type="Microsoft.VisualStudio.TestTools.Common.ComputerInfo"><m_computerName type="System.String">ECDATA-TFS01</m_computerName></computerInfo><duration type="System.TimeSpan">00:00:00.0009510</duration><startTime type="System.DateTime"><dateData type="System.UInt64">633673775005951236</dateData></startTime><endTime type="System.DateTime"><dateData type="System.UInt64">633673775005951236</dateData></endTime><spoolMessage type="System.Boolean">True</spoolMessage></UnitTestResult><UnitTestResult type="Microsoft.VisualStudio.TestTools.TestTypes.Unit.UnitTestResult, Microsoft.VisualStudio.QualityTools.Tips.UnitTest.ObjectModel, Version=8.0.0.0, Culture=neutral, PublicKeyToken=b03f5f7f11d50a3a"><resultType type="Microsoft.VisualStudio.TestTools.TestTypes.Unit.UnitTestResultType, Microsoft.VisualStudio.QualityTools.Tips.UnitTest.ObjectModel, Version=8.0.0.0, Culture=neutral, PublicKeyToken=b03f5f7f11d50a3a"><value__ type="System.Int32">0</value__></resultType><m_hasSufficientAccess type="System.Boolean">True</m_hasSufficientAccess><counters type="Microsoft.VisualStudio.TestTools.Common.TestResultCounter"><values type="System.Int32">0,0,0,0,0,0,0,0,0,0,0,0,0,0</values><total type="System.Int32">1</total></counters><categoryId type="Microsoft.VisualStudio.TestTools.Common.TestCategoryId"><id type="System.Guid">8c84fa94-04c1-424b-9868-57a2d4851a1d</id></categoryId><outcome type="Microsoft.VisualStudio.TestTools.Common.TestOutcome"><value__ type="System.Int32">4</value__></outcome><errorInfo type="Microsoft.VisualStudio.TestTools.Common.TestResultErrorInfo"><message type="System.String">Assert.Inconclusive failed. Verify the correctness of this test method</message><stackTrace type="System.String">   at BrownShoe.UnitTests.Services.Orders.CheckoutServiceTest.SubmitOrderTest()
</stackTrace></errorInfo><traceInfo type="Microsoft.VisualStudio.TestTools.Common.TestExecutionTraceInformation"><trace type="System.Text.StringBuilder">Creating instance of class BrownShoe.UnitTests.Services.Orders.CheckoutServiceTest.
Calling Test method BrownShoe.UnitTests.Services.Orders.CheckoutServiceTest.Microsoft.VisualStudio.TestTools.TestTypes.Unit.TestMethod.
</trace></traceInfo><stdout type="System.String" /><stderr type="System.String" /><debugTrace type="System.String" /><workItemIds type="System.Collections.Generic.List`1[[System.Int32, mscorlib, Version=2.0.0.0, Culture=neutral, PublicKeyToken=b77a5c561934e089]]"><_size type="System.Int32">0</_size><_version type="System.Int32">1</_version></workItemIds><id type="Microsoft.VisualStudio.TestTools.Common.TestResultId"><runId type="System.Guid">3d9a8baa-b9cb-4717-8a94-3c6445344217</runId><executionId type="Microsoft.VisualStudio.TestTools.Common.TestExecId"><id type="System.Guid">7de25868-317f-4d3c-9325-c689c2f4da44</id></executionId><parentExecId type="Microsoft.VisualStudio.TestTools.Common.TestExecId"><id type="System.Guid">00000000-0000-0000-0000-000000000000</id></parentExecId><testId type="Microsoft.VisualStudio.TestTools.Common.TestId"><id type="System.Guid">7981b0c2-db66-9dd0-b81c-988cf04c1c24</id></testId></id><testName type="System.String">SubmitOrderTest</testName><testType type="Microsoft.VisualStudio.TestTools.Common.TestType"><id type="System.Guid">13cdc9d9-ddb5-4fa4-a97d-d965ccfc6d4b</id></testType><messageKind type="Microsoft.VisualStudio.TestTools.Common.TestMessageKind"><value__ type="System.Int32">1</value__></messageKind><computerInfo type="Microsoft.VisualStudio.TestTools.Common.ComputerInfo"><m_computerName type="System.String">ECDATA-TFS01</m_computerName></computerInfo><duration type="System.TimeSpan">00:00:00.0006218</duration><startTime type="System.DateTime"><dateData type="System.UInt64">633673775005951236</dateData></startTime><endTime type="System.DateTime"><dateData type="System.UInt64">633673775005951236</dateData></endTime><spoolMessage type="System.Boolean">True</spoolMessage></UnitTestResult><UnitTestResult type="Microsoft.VisualStudio.TestTools.TestTypes.Unit.UnitTestResult, Microsoft.VisualStudio.QualityTools.Tips.UnitTest.ObjectModel, Version=8.0.0.0, Culture=neutral, PublicKeyToken=b03f5f7f11d50a3a"><resultType type="Microsoft.VisualStudio.TestTools.TestTypes.Unit.UnitTestResultType, Microsoft.VisualStudio.QualityTools.Tips.UnitTest.ObjectModel, Version=8.0.0.0, Culture=neutral, PublicKeyToken=b03f5f7f11d50a3a"><value__ type="System.Int32">0</value__></resultType><m_hasSufficientAccess type="System.Boolean">True</m_hasSufficientAccess><counters type="Microsoft.VisualStudio.TestTools.Common.TestResultCounter"><values type="System.Int32">0,0,0,0,0,0,0,0,0,0,0,0,0,0</values><total type="System.Int32">1</total></counters><categoryId type="Microsoft.VisualStudio.TestTools.Common.TestCategoryId"><id type="System.Guid">8c84fa94-04c1-424b-9868-57a2d4851a1d</id></categoryId><outcome type="Microsoft.VisualStudio.TestTools.Common.TestOutcome"><value__ type="System.Int32">4</value__></outcome><errorInfo type="Microsoft.VisualStudio.TestTools.Common.TestResultErrorInfo"><message type="System.String">Assert.Inconclusive failed. Verify the correctness of this test method</message><stackTrace type="System.String">   at BrownShoe.UnitTests.Services.Orders.CheckoutServiceTest.SubmitPayPalLoginCredentialsTest()
</stackTrace></errorInfo><traceInfo type="Microsoft.VisualStudio.TestTools.Common.TestExecutionTraceInformation"><trace type="System.Text.StringBuilder">Creating instance of class BrownShoe.UnitTests.Services.Orders.CheckoutServiceTest.
Calling Test method BrownShoe.UnitTests.Services.Orders.CheckoutServiceTest.Microsoft.VisualStudio.TestTools.TestTypes.Unit.TestMethod.
</trace></traceInfo><stdout type="System.String" /><stderr type="System.String" /><debugTrace type="System.String" /><workItemIds type="System.Collections.Generic.List`1[[System.Int32, mscorlib, Version=2.0.0.0, Culture=neutral, PublicKeyToken=b77a5c561934e089]]"><_size type="System.Int32">0</_size><_version type="System.Int32">1</_version></workItemIds><id type="Microsoft.VisualStudio.TestTools.Common.TestResultId"><runId type="System.Guid">3d9a8baa-b9cb-4717-8a94-3c6445344217</runId><executionId type="Microsoft.VisualStudio.TestTools.Common.TestExecId"><id type="System.Guid">6402aee5-90c1-402e-ae97-7aa792ee7bde</id></executionId><parentExecId type="Microsoft.VisualStudio.TestTools.Common.TestExecId"><id type="System.Guid">00000000-0000-0000-0000-000000000000</id></parentExecId><testId type="Microsoft.VisualStudio.TestTools.Common.TestId"><id type="System.Guid">a7b3e5e5-b87b-8094-1c39-3098fcc036bf</id></testId></id><testName type="System.String">SubmitPayPalLoginCredentialsTest</testName><testType type="Microsoft.VisualStudio.TestTools.Common.TestType"><id type="System.Guid">13cdc9d9-ddb5-4fa4-a97d-d965ccfc6d4b</id></testType><messageKind type="Microsoft.VisualStudio.TestTools.Common.TestMessageKind"><value__ type="System.Int32">1</value__></messageKind><computerInfo type="Microsoft.VisualStudio.TestTools.Common.ComputerInfo"><m_computerName type="System.String">ECDATA-TFS01</m_computerName></computerInfo><duration type="System.TimeSpan">00:00:00.0008498</duration><startTime type="System.DateTime"><dateData type="System.UInt64">633673775005951236</dateData></startTime><endTime type="System.DateTime"><dateData type="System.UInt64">633673775006107496</dateData></endTime><spoolMessage type="System.Boolean">True</spoolMessage></UnitTestResult><UnitTestResult type="Microsoft.VisualStudio.TestTools.TestTypes.Unit.UnitTestResult, Microsoft.VisualStudio.QualityTools.Tips.UnitTest.ObjectModel, Version=8.0.0.0, Culture=neutral, PublicKeyToken=b03f5f7f11d50a3a"><resultType type="Microsoft.VisualStudio.TestTools.TestTypes.Unit.UnitTestResultType, Microsoft.VisualStudio.QualityTools.Tips.UnitTest.ObjectModel, Version=8.0.0.0, Culture=neutral, PublicKeyToken=b03f5f7f11d50a3a"><value__ type="System.Int32">0</value__></resultType><m_hasSufficientAccess type="System.Boolean">True</m_hasSufficientAccess><counters type="Microsoft.VisualStudio.TestTools.Common.TestResultCounter"><values type="System.Int32">0,0,0,0,0,0,0,0,0,0,0,0,0,0</values><total type="System.Int32">1</total></counters><categoryId type="Microsoft.VisualStudio.TestTools.Common.TestCategoryId"><id type="System.Guid">8c84fa94-04c1-424b-9868-57a2d4851a1d</id></categoryId><outcome type="Microsoft.VisualStudio.TestTools.Common.TestOutcome"><value__ type="System.Int32">4</value__></outcome><errorInfo type="Microsoft.VisualStudio.TestTools.Common.TestResultErrorInfo"><message type="System.String">Assert.Inconclusive failed. Verify the correctness of this test method</message><stackTrace type="System.String">   at BrownShoe.UnitTests.Services.Orders.CheckoutServiceTest.UpdateCartTest()
</stackTrace></errorInfo><traceInfo type="Microsoft.VisualStudio.TestTools.Common.TestExecutionTraceInformation"><trace type="System.Text.StringBuilder">Creating instance of class BrownShoe.UnitTests.Services.Orders.CheckoutServiceTest.
Calling Test method BrownShoe.UnitTests.Services.Orders.CheckoutServiceTest.Microsoft.VisualStudio.TestTools.TestTypes.Unit.TestMethod.
</trace></traceInfo><stdout type="System.String" /><stderr type="System.String" /><debugTrace type="System.String" /><workItemIds type="System.Collections.Generic.List`1[[System.Int32, mscorlib, Version=2.0.0.0, Culture=neutral, PublicKeyToken=b77a5c561934e089]]"><_size type="System.Int32">0</_size><_version type="System.Int32">1</_version></workItemIds><id type="Microsoft.VisualStudio.TestTools.Common.TestResultId"><runId type="System.Guid">3d9a8baa-b9cb-4717-8a94-3c6445344217</runId><executionId type="Microsoft.VisualStudio.TestTools.Common.TestExecId"><id type="System.Guid">b0697b4b-27a9-445e-a34f-361818ef5a80</id></executionId><parentExecId type="Microsoft.VisualStudio.TestTools.Common.TestExecId"><id type="System.Guid">00000000-0000-0000-0000-000000000000</id></parentExecId><testId type="Microsoft.VisualStudio.TestTools.Common.TestId"><id type="System.Guid">89aca768-4747-1a2f-aa3a-3249fcea559d</id></testId></id><testName type="System.String">UpdateCartTest</testName><testType type="Microsoft.VisualStudio.TestTools.Common.TestType"><id type="System.Guid">13cdc9d9-ddb5-4fa4-a97d-d965ccfc6d4b</id></testType><messageKind type="Microsoft.VisualStudio.TestTools.Common.TestMessageKind"><value__ type="System.Int32">1</value__></messageKind><computerInfo type="Microsoft.VisualStudio.TestTools.Common.ComputerInfo"><m_computerName type="System.String">ECDATA-TFS01</m_computerName></computerInfo><duration type="System.TimeSpan">00:00:00.0005859</duration><startTime type="System.DateTime"><dateData type="System.UInt64">633673775006107496</dateData></startTime><endTime type="System.DateTime"><dateData type="System.UInt64">633673775006107496</dateData></endTime><spoolMessage type="System.Boolean">True</spoolMessage></UnitTestResult><UnitTestResult type="Microsoft.VisualStudio.TestTools.TestTypes.Unit.UnitTestResult, Microsoft.VisualStudio.QualityTools.Tips.UnitTest.ObjectModel, Version=8.0.0.0, Culture=neutral, PublicKeyToken=b03f5f7f11d50a3a"><resultType type="Microsoft.VisualStudio.TestTools.TestTypes.Unit.UnitTestResultType, Microsoft.VisualStudio.QualityTools.Tips.UnitTest.ObjectModel, Version=8.0.0.0, Culture=neutral, PublicKeyToken=b03f5f7f11d50a3a"><value__ type="System.Int32">0</value__></resultType><m_hasSufficientAccess type="System.Boolean">True</m_hasSufficientAccess><counters type="Microsoft.VisualStudio.TestTools.Common.TestResultCounter"><values type="System.Int32">0,0,0,0,0,0,0,0,0,0,0,0,0,0</values><total type="System.Int32">1</total></counters><categoryId type="Microsoft.VisualStudio.TestTools.Common.TestCategoryId"><id type="System.Guid">8c84fa94-04c1-424b-9868-57a2d4851a1d</id></categoryId><outcome type="Microsoft.VisualStudio.TestTools.Common.TestOutcome"><value__ type="System.Int32">4</value__></outcome><errorInfo type="Microsoft.VisualStudio.TestTools.Common.TestResultErrorInfo"><message type="System.String">Assert.Inconclusive failed. Verify the correctness of this test method</message><stackTrace type="System.String">   at BrownShoe.UnitTests.Services.Orders.CustomerOrderServiceTest.AssignMultipleTest()
</stackTrace></errorInfo><traceInfo type="Microsoft.VisualStudio.TestTools.Common.TestExecutionTraceInformation"><trace type="System.Text.StringBuilder">Creating instance of class BrownShoe.UnitTests.Services.Orders.CustomerOrderServiceTest.
Calling Test method BrownShoe.UnitTests.Services.Orders.CustomerOrderServiceTest.Microsoft.VisualStudio.TestTools.TestTypes.Unit.TestMethod.
</trace></traceInfo><stdout type="System.String" /><stderr type="System.String" /><debugTrace type="System.String" /><workItemIds type="System.Collections.Generic.List`1[[System.Int32, mscorlib, Version=2.0.0.0, Culture=neutral, PublicKeyToken=b77a5c561934e089]]"><_size type="System.Int32">0</_size><_version type="System.Int32">1</_version></workItemIds><id type="Microsoft.VisualStudio.TestTools.Common.TestResultId"><runId type="System.Guid">3d9a8baa-b9cb-4717-8a94-3c6445344217</runId><executionId type="Microsoft.VisualStudio.TestTools.Common.TestExecId"><id type="System.Guid">e390b36a-40cc-4854-a675-2b6ee2a8992e</id></executionId><parentExecId type="Microsoft.VisualStudio.TestTools.Common.TestExecId"><id type="System.Guid">00000000-0000-0000-0000-000000000000</id></parentExecId><testId type="Microsoft.VisualStudio.TestTools.Common.TestId"><id type="System.Guid">427bf6a6-f9b0-7480-87ba-712fe8d6b02c</id></testId></id><testName type="System.String">AssignMultipleTest</testName><testType type="Microsoft.VisualStudio.TestTools.Common.TestType"><id type="System.Guid">13cdc9d9-ddb5-4fa4-a97d-d965ccfc6d4b</id></testType><messageKind type="Microsoft.VisualStudio.TestTools.Common.TestMessageKind"><value__ type="System.Int32">1</value__></messageKind><computerInfo type="Microsoft.VisualStudio.TestTools.Common.ComputerInfo"><m_computerName type="System.String">ECDATA-TFS01</m_computerName></computerInfo><duration type="System.TimeSpan">00:00:00.0012409</duration><startTime type="System.DateTime"><dateData type="System.UInt64">633673775006107496</dateData></startTime><endTime type="System.DateTime"><dateData type="System.UInt64">633673775006107496</dateData></endTime><spoolMessage type="System.Boolean">True</spoolMessage></UnitTestResult><UnitTestResult type="Microsoft.VisualStudio.TestTools.TestTypes.Unit.UnitTestResult, Microsoft.VisualStudio.QualityTools.Tips.UnitTest.ObjectModel, Version=8.0.0.0, Culture=neutral, PublicKeyToken=b03f5f7f11d50a3a"><resultType type="Microsoft.VisualStudio.TestTools.TestTypes.Unit.UnitTestResultType, Microsoft.VisualStudio.QualityTools.Tips.UnitTest.ObjectModel, Version=8.0.0.0, Culture=neutral, PublicKeyToken=b03f5f7f11d50a3a"><value__ type="System.Int32">0</value__></resultType><m_hasSufficientAccess type="System.Boolean">True</m_hasSufficientAccess><counters type="Microsoft.VisualStudio.TestTools.Common.TestResultCounter"><values type="System.Int32">0,0,0,0,0,0,0,0,0,0,0,0,0,0</values><total type="System.Int32">1</total></counters><categoryId type="Microsoft.VisualStudio.TestTools.Common.TestCategoryId"><id type="System.Guid">8c84fa94-04c1-424b-9868-57a2d4851a1d</id></categoryId><outcome type="Microsoft.VisualStudio.TestTools.Common.TestOutcome"><value__ type="System.Int32">4</value__></outcome><errorInfo type="Microsoft.VisualStudio.TestTools.Common.TestResultErrorInfo"><message type="System.String">Assert.Inconclusive failed. Verify the correctness of this test method</message><stackTrace type="System.String">   at BrownShoe.UnitTests.Services.Orders.CustomerOrderServiceTest.AssignSingleTest()
</stackTrace></errorInfo><traceInfo type="Microsoft.VisualStudio.TestTools.Common.TestExecutionTraceInformation"><trace type="System.Text.StringBuilder">Creating instance of class BrownShoe.UnitTests.Services.Orders.CustomerOrderServiceTest.
Calling Test method BrownShoe.UnitTests.Services.Orders.CustomerOrderServiceTest.Microsoft.VisualStudio.TestTools.TestTypes.Unit.TestMethod.
</trace></traceInfo><stdout type="System.String" /><stderr type="System.String" /><debugTrace type="System.String" /><workItemIds type="System.Collections.Generic.List`1[[System.Int32, mscorlib, Version=2.0.0.0, Culture=neutral, PublicKeyToken=b77a5c561934e089]]"><_size type="System.Int32">0</_size><_version type="System.Int32">1</_version></workItemIds><id type="Microsoft.VisualStudio.TestTools.Common.TestResultId"><runId type="System.Guid">3d9a8baa-b9cb-4717-8a94-3c6445344217</runId><executionId type="Microsoft.VisualStudio.TestTools.Common.TestExecId"><id type="System.Guid">c49abb89-0e5e-4bf5-a038-7519476123af</id></executionId><parentExecId type="Microsoft.VisualStudio.TestTools.Common.TestExecId"><id type="System.Guid">00000000-0000-0000-0000-000000000000</id></parentExecId><testId type="Microsoft.VisualStudio.TestTools.Common.TestId"><id type="System.Guid">aaeeb46f-c472-7c2d-80b6-052c038e0cfc</id></testId></id><testName type="System.String">AssignSingleTest</testName><testType type="Microsoft.VisualStudio.TestTools.Common.TestType"><id type="System.Guid">13cdc9d9-ddb5-4fa4-a97d-d965ccfc6d4b</id></testType><messageKind type="Microsoft.VisualStudio.TestTools.Common.TestMessageKind"><value__ type="System.Int32">1</value__></messageKind><computerInfo type="Microsoft.VisualStudio.TestTools.Common.ComputerInfo"><m_computerName type="System.String">ECDATA-TFS01</m_computerName></computerInfo><duration type="System.TimeSpan">00:00:00.0006934</duration><startTime type="System.DateTime"><dateData type="System.UInt64">633673775006107496</dateData></startTime><endTime type="System.DateTime"><dateData type="System.UInt64">633673775006263756</dateData></endTime><spoolMessage type="System.Boolean">True</spoolMessage></UnitTestResult><UnitTestResult type="Microsoft.VisualStudio.TestTools.TestTypes.Unit.UnitTestResult, Microsoft.VisualStudio.QualityTools.Tips.UnitTest.ObjectModel, Version=8.0.0.0, Culture=neutral, PublicKeyToken=b03f5f7f11d50a3a"><resultType type="Microsoft.VisualStudio.TestTools.TestTypes.Unit.UnitTestResultType, Microsoft.VisualStudio.QualityTools.Tips.UnitTest.ObjectModel, Version=8.0.0.0, Culture=neutral, PublicKeyToken=b03f5f7f11d50a3a"><value__ type="System.Int32">0</value__></resultType><m_hasSufficientAccess type="System.Boolean">True</m_hasSufficientAccess><counters type="Microsoft.VisualStudio.TestTools.Common.TestResultCounter"><values type="System.Int32">0,0,0,0,0,0,0,0,0,0,0,0,0,0</values><total type="System.Int32">1</total></counters><categoryId type="Microsoft.VisualStudio.TestTools.Common.TestCategoryId"><id type="System.Guid">8c84fa94-04c1-424b-9868-57a2d4851a1d</id></categoryId><outcome type="Microsoft.VisualStudio.TestTools.Common.TestOutcome"><value__ type="System.Int32">4</value__></outcome><errorInfo type="Microsoft.VisualStudio.TestTools.Common.TestResultErrorInfo"><message type="System.String">Assert.Inconclusive failed. Verify the correctness of this test method</message><stackTrace type="System.String">   at BrownShoe.UnitTests.Services.Orders.CustomerOrderServiceTest.CancelOrderFamilyTest()
</stackTrace></errorInfo><traceInfo type="Microsoft.VisualStudio.TestTools.Common.TestExecutionTraceInformation"><trace type="System.Text.StringBuilder">Creating instance of class BrownShoe.UnitTests.Services.Orders.CustomerOrderServiceTest.
Calling Test method BrownShoe.UnitTests.Services.Orders.CustomerOrderServiceTest.Microsoft.VisualStudio.TestTools.TestTypes.Unit.TestMethod.
</trace></traceInfo><stdout type="System.String" /><stderr type="System.String" /><debugTrace type="System.String" /><workItemIds type="System.Collections.Generic.List`1[[System.Int32, mscorlib, Version=2.0.0.0, Culture=neutral, PublicKeyToken=b77a5c561934e089]]"><_size type="System.Int32">0</_size><_version type="System.Int32">1</_version></workItemIds><id type="Microsoft.VisualStudio.TestTools.Common.TestResultId"><runId type="System.Guid">3d9a8baa-b9cb-4717-8a94-3c6445344217</runId><executionId type="Microsoft.VisualStudio.TestTools.Common.TestExecId"><id type="System.Guid">aa4920d5-006e-4345-a82b-0bc7dacecaca</id></executionId><parentExecId type="Microsoft.VisualStudio.TestTools.Common.TestExecId"><id type="System.Guid">00000000-0000-0000-0000-000000000000</id></parentExecId><testId type="Microsoft.VisualStudio.TestTools.Common.TestId"><id type="System.Guid">45a510b0-c976-e7f6-3601-f40ac0e94c2e</id></testId></id><testName type="System.String">CancelOrderFamilyTest</testName><testType type="Microsoft.VisualStudio.TestTools.Common.TestType"><id type="System.Guid">13cdc9d9-ddb5-4fa4-a97d-d965ccfc6d4b</id></testType><messageKind type="Microsoft.VisualStudio.TestTools.Common.TestMessageKind"><value__ type="System.Int32">1</value__></messageKind><computerInfo type="Microsoft.VisualStudio.TestTools.Common.ComputerInfo"><m_computerName type="System.String">ECDATA-TFS01</m_computerName></computerInfo><duration type="System.TimeSpan">00:00:00.0010289</duration><startTime type="System.DateTime"><dateData type="System.UInt64">633673775006263756</dateData></startTime><endTime type="System.DateTime"><dateData type="System.UInt64">633673775006263756</dateData></endTime><spoolMessage type="System.Boolean">True</spoolMessage></UnitTestResult><UnitTestResult type="Microsoft.VisualStudio.TestTools.TestTypes.Unit.UnitTestResult, Microsoft.VisualStudio.QualityTools.Tips.UnitTest.ObjectModel, Version=8.0.0.0, Culture=neutral, PublicKeyToken=b03f5f7f11d50a3a"><resultType type="Microsoft.VisualStudio.TestTools.TestTypes.Unit.UnitTestResultType, Microsoft.VisualStudio.QualityTools.Tips.UnitTest.ObjectModel, Version=8.0.0.0, Culture=neutral, PublicKeyToken=b03f5f7f11d50a3a"><value__ type="System.Int32">0</value__></resultType><m_hasSufficientAccess type="System.Boolean">True</m_hasSufficientAccess><counters type="Microsoft.VisualStudio.TestTools.Common.TestResultCounter"><values type="System.Int32">0,0,0,0,0,0,0,0,0,0,0,0,0,0</values><total type="System.Int32">1</total></counters><categoryId type="Microsoft.VisualStudio.TestTools.Common.TestCategoryId"><id type="System.Guid">8c84fa94-04c1-424b-9868-57a2d4851a1d</id></categoryId><outcome type="Microsoft.VisualStudio.TestTools.Common.TestOutcome"><value__ type="System.Int32">4</value__></outcome><errorInfo type="Microsoft.VisualStudio.TestTools.Common.TestResultErrorInfo"><message type="System.String">Assert.Inconclusive failed. Verify the correctness of this test method</message><stackTrace type="System.String">   at BrownShoe.UnitTests.Services.Orders.CustomerOrderServiceTest.FetchEbagsReturnItemTest()
</stackTrace></errorInfo><traceInfo type="Microsoft.VisualStudio.TestTools.Common.TestExecutionTraceInformation"><trace type="System.Text.StringBuilder">Creating instance of class BrownShoe.UnitTests.Services.Orders.CustomerOrderServiceTest.
Calling Test method BrownShoe.UnitTests.Services.Orders.CustomerOrderServiceTest.Microsoft.VisualStudio.TestTools.TestTypes.Unit.TestMethod.
</trace></traceInfo><stdout type="System.String" /><stderr type="System.String" /><debugTrace type="System.String" /><workItemIds type="System.Collections.Generic.List`1[[System.Int32, mscorlib, Version=2.0.0.0, Culture=neutral, PublicKeyToken=b77a5c561934e089]]"><_size type="System.Int32">0</_size><_version type="System.Int32">1</_version></workItemIds><id type="Microsoft.VisualStudio.TestTools.Common.TestResultId"><runId type="System.Guid">3d9a8baa-b9cb-4717-8a94-3c6445344217</runId><executionId type="Microsoft.VisualStudio.TestTools.Common.TestExecId"><id type="System.Guid">c8828a16-ea24-469a-9410-de39c66f072e</id></executionId><parentExecId type="Microsoft.VisualStudio.TestTools.Common.TestExecId"><id type="System.Guid">00000000-0000-0000-0000-000000000000</id></parentExecId><testId type="Microsoft.VisualStudio.TestTools.Common.TestId"><id type="System.Guid">1ad9d2d1-e07e-d47d-19cc-3014a9ff9771</id></testId></id><testName type="System.String">FetchEbagsReturnItemTest</testName><testType type="Microsoft.VisualStudio.TestTools.Common.TestType"><id type="System.Guid">13cdc9d9-ddb5-4fa4-a97d-d965ccfc6d4b</id></testType><messageKind type="Microsoft.VisualStudio.TestTools.Common.TestMessageKind"><value__ type="System.Int32">1</value__></messageKind><computerInfo type="Microsoft.VisualStudio.TestTools.Common.ComputerInfo"><m_computerName type="System.String">ECDATA-TFS01</m_computerName></computerInfo><duration type="System.TimeSpan">00:00:00.0005755</duration><startTime type="System.DateTime"><dateData type="System.UInt64">633673775006263756</dateData></startTime><endTime type="System.DateTime"><dateData type="System.UInt64">633673775006263756</dateData></endTime><spoolMessage type="System.Boolean">True</spoolMessage></UnitTestResult><UnitTestResult type="Microsoft.VisualStudio.TestTools.TestTypes.Unit.UnitTestResult, Microsoft.VisualStudio.QualityTools.Tips.UnitTest.ObjectModel, Version=8.0.0.0, Culture=neutral, PublicKeyToken=b03f5f7f11d50a3a"><resultType type="Microsoft.VisualStudio.TestTools.TestTypes.Unit.UnitTestResultType, Microsoft.VisualStudio.QualityTools.Tips.UnitTest.ObjectModel, Version=8.0.0.0, Culture=neutral, PublicKeyToken=b03f5f7f11d50a3a"><value__ type="System.Int32">0</value__></resultType><m_hasSufficientAccess type="System.Boolean">True</m_hasSufficientAccess><counters type="Microsoft.VisualStudio.TestTools.Common.TestResultCounter"><values type="System.Int32">0,0,0,0,0,0,0,0,0,0,0,0,0,0</values><total type="System.Int32">1</total></counters><categoryId type="Microsoft.VisualStudio.TestTools.Common.TestCategoryId"><id type="System.Guid">8c84fa94-04c1-424b-9868-57a2d4851a1d</id></categoryId><outcome type="Microsoft.VisualStudio.TestTools.Common.TestOutcome"><value__ type="System.Int32">4</value__></outcome><errorInfo type="Microsoft.VisualStudio.TestTools.Common.TestResultErrorInfo"><message type="System.String">Assert.Inconclusive failed. Verify the correctness of this test method</message><stackTrace type="System.String">   at BrownShoe.UnitTests.Services.Orders.CustomerOrderServiceTest.FetchOrderOwnerIdTest()
</stackTrace></errorInfo><traceInfo type="Microsoft.VisualStudio.TestTools.Common.TestExecutionTraceInformation"><trace type="System.Text.StringBuilder">Creating instance of class BrownShoe.UnitTests.Services.Orders.CustomerOrderServiceTest.
Calling Test method BrownShoe.UnitTests.Services.Orders.CustomerOrderServiceTest.Microsoft.VisualStudio.TestTools.TestTypes.Unit.TestMethod.
</trace></traceInfo><stdout type="System.String" /><stderr type="System.String" /><debugTrace type="System.String" /><workItemIds type="System.Collections.Generic.List`1[[System.Int32, mscorlib, Version=2.0.0.0, Culture=neutral, PublicKeyToken=b77a5c561934e089]]"><_size type="System.Int32">0</_size><_version type="System.Int32">1</_version></workItemIds><id type="Microsoft.VisualStudio.TestTools.Common.TestResultId"><runId type="System.Guid">3d9a8baa-b9cb-4717-8a94-3c6445344217</runId><executionId type="Microsoft.VisualStudio.TestTools.Common.TestExecId"><id type="System.Guid">d315ea58-a4ac-40dc-bb10-c0ee81c123e2</id></executionId><parentExecId type="Microsoft.VisualStudio.TestTools.Common.TestExecId"><id type="System.Guid">00000000-0000-0000-0000-000000000000</id></parentExecId><testId type="Microsoft.VisualStudio.TestTools.Common.TestId"><id type="System.Guid">2185d90b-bcf6-8ef2-55bb-73afa5e90280</id></testId></id><testName type="System.String">FetchOrderOwnerIdTest</testName><testType type="Microsoft.VisualStudio.TestTools.Common.TestType"><id type="System.Guid">13cdc9d9-ddb5-4fa4-a97d-d965ccfc6d4b</id></testType><messageKind type="Microsoft.VisualStudio.TestTools.Common.TestMessageKind"><value__ type="System.Int32">1</value__></messageKind><computerInfo type="Microsoft.VisualStudio.TestTools.Common.ComputerInfo"><m_computerName type="System.String">ECDATA-TFS01</m_computerName></computerInfo><duration type="System.TimeSpan">00:00:00.0011960</duration><startTime type="System.DateTime"><dateData type="System.UInt64">633673775006263756</dateData></startTime><endTime type="System.DateTime"><dateData type="System.UInt64">633673775006420016</dateData></endTime><spoolMessage type="System.Boolean">True</spoolMessage></UnitTestResult><UnitTestResult type="Microsoft.VisualStudio.TestTools.TestTypes.Unit.UnitTestResult, Microsoft.VisualStudio.QualityTools.Tips.UnitTest.ObjectModel, Version=8.0.0.0, Culture=neutral, PublicKeyToken=b03f5f7f11d50a3a"><resultType type="Microsoft.VisualStudio.TestTools.TestTypes.Unit.UnitTestResultType, Microsoft.VisualStudio.QualityTools.Tips.UnitTest.ObjectModel, Version=8.0.0.0, Culture=neutral, PublicKeyToken=b03f5f7f11d50a3a"><value__ type="System.Int32">0</value__></resultType><m_hasSufficientAccess type="System.Boolean">True</m_hasSufficientAccess><counters type="Microsoft.VisualStudio.TestTools.Common.TestResultCounter"><values type="System.Int32">0,0,0,0,0,0,0,0,0,0,0,0,0,0</values><total type="System.Int32">1</total></counters><categoryId type="Microsoft.VisualStudio.TestTools.Common.TestCategoryId"><id type="System.Guid">8c84fa94-04c1-424b-9868-57a2d4851a1d</id></categoryId><outcome type="Microsoft.VisualStudio.TestTools.Common.TestOutcome"><value__ type="System.Int32">4</value__></outcome><errorInfo type="Microsoft.VisualStudio.TestTools.Common.TestResultErrorInfo"><message type="System.String">Assert.Inconclusive failed. Verify the correctness of this test method</message><stackTrace type="System.String">   at BrownShoe.UnitTests.Services.Orders.CustomerOrderServiceTest.FetchSowOrderIdTest()
</stackTrace></errorInfo><traceInfo type="Microsoft.VisualStudio.TestTools.Common.TestExecutionTraceInformation"><trace type="System.Text.StringBuilder">Creating instance of class BrownShoe.UnitTests.Services.Orders.CustomerOrderServiceTest.
Calling Test method BrownShoe.UnitTests.Services.Orders.CustomerOrderServiceTest.Microsoft.VisualStudio.TestTools.TestTypes.Unit.TestMethod.
</trace></traceInfo><stdout type="System.String" /><stderr type="System.String" /><debugTrace type="System.String" /><workItemIds type="System.Collections.Generic.List`1[[System.Int32, mscorlib, Version=2.0.0.0, Culture=neutral, PublicKeyToken=b77a5c561934e089]]"><_size type="System.Int32">0</_size><_version type="System.Int32">1</_version></workItemIds><id type="Microsoft.VisualStudio.TestTools.Common.TestResultId"><runId type="System.Guid">3d9a8baa-b9cb-4717-8a94-3c6445344217</runId><executionId type="Microsoft.VisualStudio.TestTools.Common.TestExecId"><id type="System.Guid">a3ec8ac3-60bc-489b-99bc-cbd4129d93dd</id></executionId><parentExecId type="Microsoft.VisualStudio.TestTools.Common.TestExecId"><id type="System.Guid">00000000-0000-0000-0000-000000000000</id></parentExecId><testId type="Microsoft.VisualStudio.TestTools.Common.TestId"><id type="System.Guid">ae54f69a-7bcc-16dc-514d-6a3231e19eb2</id></testId></id><testName type="System.String">FetchSowOrderIdTest</testName><testType type="Microsoft.VisualStudio.TestTools.Common.TestType"><id type="System.Guid">13cdc9d9-ddb5-4fa4-a97d-d965ccfc6d4b</id></testType><messageKind type="Microsoft.VisualStudio.TestTools.Common.TestMessageKind"><value__ type="System.Int32">1</value__></messageKind><computerInfo type="Microsoft.VisualStudio.TestTools.Common.ComputerInfo"><m_computerName type="System.String">ECDATA-TFS01</m_computerName></computerInfo><duration type="System.TimeSpan">00:00:00.0005422</duration><startTime type="System.DateTime"><dateData type="System.UInt64">633673775006420016</dateData></startTime><endTime type="System.DateTime"><dateData type="System.UInt64">633673775006420016</dateData></endTime><spoolMessage type="System.Boolean">True</spoolMessage></UnitTestResult><UnitTestResult type="Microsoft.VisualStudio.TestTools.TestTypes.Unit.UnitTestResult, Microsoft.VisualStudio.QualityTools.Tips.UnitTest.ObjectModel, Version=8.0.0.0, Culture=neutral, PublicKeyToken=b03f5f7f11d50a3a"><resultType type="Microsoft.VisualStudio.TestTools.TestTypes.Unit.UnitTestResultType, Microsoft.VisualStudio.QualityTools.Tips.UnitTest.ObjectModel, Version=8.0.0.0, Culture=neutral, PublicKeyToken=b03f5f7f11d50a3a"><value__ type="System.Int32">0</value__></resultType><m_hasSufficientAccess type="System.Boolean">True</m_hasSufficientAccess><counters type="Microsoft.VisualStudio.TestTools.Common.TestResultCounter"><values type="System.Int32">0,0,0,0,0,0,0,0,0,0,0,0,0,0</values><total type="System.Int32">1</total></counters><categoryId type="Microsoft.VisualStudio.TestTools.Common.TestCategoryId"><id type="System.Guid">8c84fa94-04c1-424b-9868-57a2d4851a1d</id></categoryId><outcome type="Microsoft.VisualStudio.TestTools.Common.TestOutcome"><value__ type="System.Int32">4</value__></outcome><errorInfo type="Microsoft.VisualStudio.TestTools.Common.TestResultErrorInfo"><message type="System.String">Assert.Inconclusive failed. Verify the correctness of this test method</message><stackTrace type="System.String">   at BrownShoe.UnitTests.Services.Orders.CustomerOrderServiceTest.FetchTest()
</stackTrace></errorInfo><traceInfo type="Microsoft.VisualStudio.TestTools.Common.TestExecutionTraceInformation"><trace type="System.Text.StringBuilder">Creating instance of class BrownShoe.UnitTests.Services.Orders.CustomerOrderServiceTest.
Calling Test method BrownShoe.UnitTests.Services.Orders.CustomerOrderServiceTest.Microsoft.VisualStudio.TestTools.TestTypes.Unit.TestMethod.
</trace></traceInfo><stdout type="System.String" /><stderr type="System.String" /><debugTrace type="System.String" /><workItemIds type="System.Collections.Generic.List`1[[System.Int32, mscorlib, Version=2.0.0.0, Culture=neutral, PublicKeyToken=b77a5c561934e089]]"><_size type="System.Int32">0</_size><_version type="System.Int32">1</_version></workItemIds><id type="Microsoft.VisualStudio.TestTools.Common.TestResultId"><runId type="System.Guid">3d9a8baa-b9cb-4717-8a94-3c6445344217</runId><executionId type="Microsoft.VisualStudio.TestTools.Common.TestExecId"><id type="System.Guid">2ea0738b-3515-4a98-b8a1-c33f7e1a218c</id></executionId><parentExecId type="Microsoft.VisualStudio.TestTools.Common.TestExecId"><id type="System.Guid">00000000-0000-0000-0000-000000000000</id></parentExecId><testId type="Microsoft.VisualStudio.TestTools.Common.TestId"><id type="System.Guid">eed9d08a-fa3f-4162-8767-335e2a705e03</id></testId></id><testName type="System.String">FetchTest</testName><testType type="Microsoft.VisualStudio.TestTools.Common.TestType"><id type="System.Guid">13cdc9d9-ddb5-4fa4-a97d-d965ccfc6d4b</id></testType><messageKind type="Microsoft.VisualStudio.TestTools.Common.TestMessageKind"><value__ type="System.Int32">1</value__></messageKind><computerInfo type="Microsoft.VisualStudio.TestTools.Common.ComputerInfo"><m_computerName type="System.String">ECDATA-TFS01</m_computerName></computerInfo><duration type="System.TimeSpan">00:00:00.0010435</duration><startTime type="System.DateTime"><dateData type="System.UInt64">633673775006420016</dateData></startTime><endTime type="System.DateTime"><dateData type="System.UInt64">633673775006576276</dateData></endTime><spoolMessage type="System.Boolean">True</spoolMessage></UnitTestResult><UnitTestResult type="Microsoft.VisualStudio.TestTools.TestTypes.Unit.UnitTestResult, Microsoft.VisualStudio.QualityTools.Tips.UnitTest.ObjectModel, Version=8.0.0.0, Culture=neutral, PublicKeyToken=b03f5f7f11d50a3a"><resultType type="Microsoft.VisualStudio.TestTools.TestTypes.Unit.UnitTestResultType, Microsoft.VisualStudio.QualityTools.Tips.UnitTest.ObjectModel, Version=8.0.0.0, Culture=neutral, PublicKeyToken=b03f5f7f11d50a3a"><value__ type="System.Int32">0</value__></resultType><m_hasSufficientAccess type="System.Boolean">True</m_hasSufficientAccess><counters type="Microsoft.VisualStudio.TestTools.Common.TestResultCounter"><values type="System.Int32">0,0,0,0,0,0,0,0,0,0,0,0,0,0</values><total type="System.Int32">1</total></counters><categoryId type="Microsoft.VisualStudio.TestTools.Common.TestCategoryId"><id type="System.Guid">8c84fa94-04c1-424b-9868-57a2d4851a1d</id></categoryId><outcome type="Microsoft.VisualStudio.TestTools.Common.TestOutcome"><value__ type="System.Int32">4</value__></outcome><errorInfo type="Microsoft.VisualStudio.TestTools.Common.TestResultErrorInfo"><message type="System.String">Assert.Inconclusive failed. Verify the correctness of this test method</message><stackTrace type="System.String">   at BrownShoe.UnitTests.Services.Orders.CustomerOrderServiceTest.GetEbagsPackingSlipTest()
</stackTrace></errorInfo><traceInfo type="Microsoft.VisualStudio.TestTools.Common.TestExecutionTraceInformation"><trace type="System.Text.StringBuilder">Creating instance of class BrownShoe.UnitTests.Services.Orders.CustomerOrderServiceTest.
Calling Test method BrownShoe.UnitTests.Services.Orders.CustomerOrderServiceTest.Microsoft.VisualStudio.TestTools.TestTypes.Unit.TestMethod.
</trace></traceInfo><stdout type="System.String" /><stderr type="System.String" /><debugTrace type="System.String" /><workItemIds type="System.Collections.Generic.List`1[[System.Int32, mscorlib, Version=2.0.0.0, Culture=neutral, PublicKeyToken=b77a5c561934e089]]"><_size type="System.Int32">0</_size><_version type="System.Int32">1</_version></workItemIds><id type="Microsoft.VisualStudio.TestTools.Common.TestResultId"><runId type="System.Guid">3d9a8baa-b9cb-4717-8a94-3c6445344217</runId><executionId type="Microsoft.VisualStudio.TestTools.Common.TestExecId"><id type="System.Guid">e7699a12-bb1f-4699-93e2-0cadd1fabb03</id></executionId><parentExecId type="Microsoft.VisualStudio.TestTools.Common.TestExecId"><id type="System.Guid">00000000-0000-0000-0000-000000000000</id></parentExecId><testId type="Microsoft.VisualStudio.TestTools.Common.TestId"><id type="System.Guid">b52f4101-3a66-97fc-dbe9-6ccca0b7ecf1</id></testId></id><testName type="System.String">GetEbagsPackingSlipTest</testName><testType type="Microsoft.VisualStudio.TestTools.Common.TestType"><id type="System.Guid">13cdc9d9-ddb5-4fa4-a97d-d965ccfc6d4b</id></testType><messageKind type="Microsoft.VisualStudio.TestTools.Common.TestMessageKind"><value__ type="System.Int32">1</value__></messageKind><computerInfo type="Microsoft.VisualStudio.TestTools.Common.ComputerInfo"><m_computerName type="System.String">ECDATA-TFS01</m_computerName></computerInfo><duration type="System.TimeSpan">00:00:00.0006992</duration><startTime type="System.DateTime"><dateData type="System.UInt64">633673775006576276</dateData></startTime><endTime type="System.DateTime"><dateData type="System.UInt64">633673775006576276</dateData></endTime><spoolMessage type="System.Boolean">True</spoolMessage></UnitTestResult><UnitTestResult type="Microsoft.VisualStudio.TestTools.TestTypes.Unit.UnitTestResult, Microsoft.VisualStudio.QualityTools.Tips.UnitTest.ObjectModel, Version=8.0.0.0, Culture=neutral, PublicKeyToken=b03f5f7f11d50a3a"><resultType type="Microsoft.VisualStudio.TestTools.TestTypes.Unit.UnitTestResultType, Microsoft.VisualStudio.QualityTools.Tips.UnitTest.ObjectModel, Version=8.0.0.0, Culture=neutral, PublicKeyToken=b03f5f7f11d50a3a"><value__ type="System.Int32">0</value__></resultType><m_hasSufficientAccess type="System.Boolean">True</m_hasSufficientAccess><counters type="Microsoft.VisualStudio.TestTools.Common.TestResultCounter"><values type="System.Int32">0,0,0,0,0,0,0,0,0,0,0,0,0,0</values><total type="System.Int32">1</total></counters><categoryId type="Microsoft.VisualStudio.TestTools.Common.TestCategoryId"><id type="System.Guid">8c84fa94-04c1-424b-9868-57a2d4851a1d</id></categoryId><outcome type="Microsoft.VisualStudio.TestTools.Common.TestOutcome"><value__ type="System.Int32">4</value__></outcome><errorInfo type="Microsoft.VisualStudio.TestTools.Common.TestResultErrorInfo"><message type="System.String">Assert.Inconclusive failed. Verify the correctness of this test method</message><stackTrace type="System.String">   at BrownShoe.UnitTests.Services.Orders.CustomerOrderServiceTest.GetExchangeItemsTest()
</stackTrace></errorInfo><traceInfo type="Microsoft.VisualStudio.TestTools.Common.TestExecutionTraceInformation"><trace type="System.Text.StringBuilder">Creating instance of class BrownShoe.UnitTests.Services.Orders.CustomerOrderServiceTest.
Calling Test method BrownShoe.UnitTests.Services.Orders.CustomerOrderServiceTest.Microsoft.VisualStudio.TestTools.TestTypes.Unit.TestMethod.
</trace></traceInfo><stdout type="System.String" /><stderr type="System.String" /><debugTrace type="System.String" /><workItemIds type="System.Collections.Generic.List`1[[System.Int32, mscorlib, Version=2.0.0.0, Culture=neutral, PublicKeyToken=b77a5c561934e089]]"><_size type="System.Int32">0</_size><_version type="System.Int32">1</_version></workItemIds><id type="Microsoft.VisualStudio.TestTools.Common.TestResultId"><runId type="System.Guid">3d9a8baa-b9cb-4717-8a94-3c6445344217</runId><executionId type="Microsoft.VisualStudio.TestTools.Common.TestExecId"><id type="System.Guid">ab9e051d-8bc7-4fe4-819c-3e37b0c8d930</id></executionId><parentExecId type="Microsoft.VisualStudio.TestTools.Common.TestExecId"><id type="System.Guid">00000000-0000-0000-0000-000000000000</id></parentExecId><testId type="Microsoft.VisualStudio.TestTools.Common.TestId"><id type="System.Guid">ed086d7b-e249-06d9-b8e7-4310829fc623</id></testId></id><testName type="System.String">GetExchangeItemsTest</testName><testType type="Microsoft.VisualStudio.TestTools.Common.TestType"><id type="System.Guid">13cdc9d9-ddb5-4fa4-a97d-d965ccfc6d4b</id></testType><messageKind type="Microsoft.VisualStudio.TestTools.Common.TestMessageKind"><value__ type="System.Int32">1</value__></messageKind><computerInfo type="Microsoft.VisualStudio.TestTools.Common.ComputerInfo"><m_computerName type="System.String">ECDATA-TFS01</m_computerName></computerInfo><duration type="System.TimeSpan">00:00:00.0010711</duration><startTime type="System.DateTime"><dateData type="System.UInt64">633673775006576276</dateData></startTime><endTime type="System.DateTime"><dateData type="System.UInt64">633673775006576276</dateData></endTime><spoolMessage type="System.Boolean">True</spoolMessage></UnitTestResult><UnitTestResult type="Microsoft.VisualStudio.TestTools.TestTypes.Unit.UnitTestResult, Microsoft.VisualStudio.QualityTools.Tips.UnitTest.ObjectModel, Version=8.0.0.0, Culture=neutral, PublicKeyToken=b03f5f7f11d50a3a"><resultType type="Microsoft.VisualStudio.TestTools.TestTypes.Unit.UnitTestResultType, Microsoft.VisualStudio.QualityTools.Tips.UnitTest.ObjectModel, Version=8.0.0.0, Culture=neutral, PublicKeyToken=b03f5f7f11d50a3a"><value__ type="System.Int32">0</value__></resultType><m_hasSufficientAccess type="System.Boolean">True</m_hasSufficientAccess><counters type="Microsoft.VisualStudio.TestTools.Common.TestResultCounter"><values type="System.Int32">0,0,0,0,0,0,0,0,0,0,0,0,0,0</values><total type="System.Int32">1</total></counters><categoryId type="Microsoft.VisualStudio.TestTools.Common.TestCategoryId"><id type="System.Guid">8c84fa94-04c1-424b-9868-57a2d4851a1d</id></categoryId><outcome type="Microsoft.VisualStudio.TestTools.Common.TestOutcome"><value__ type="System.Int32">4</value__></outcome><errorInfo type="Microsoft.VisualStudio.TestTools.Common.TestResultErrorInfo"><message type="System.String">Assert.Inconclusive failed. Verify the correctness of this test method</message><stackTrace type="System.String">   at BrownShoe.UnitTests.Services.Orders.CustomerOrderServiceTest.GetLocalOrderDateTest()
</stackTrace></errorInfo><traceInfo type="Microsoft.VisualStudio.TestTools.Common.TestExecutionTraceInformation"><trace type="System.Text.StringBuilder">Creating instance of class BrownShoe.UnitTests.Services.Orders.CustomerOrderServiceTest.
Calling Test method BrownShoe.UnitTests.Services.Orders.CustomerOrderServiceTest.Microsoft.VisualStudio.TestTools.TestTypes.Unit.TestMethod.
</trace></traceInfo><stdout type="System.String" /><stderr type="System.String" /><debugTrace type="System.String" /><workItemIds type="System.Collections.Generic.List`1[[System.Int32, mscorlib, Version=2.0.0.0, Culture=neutral, PublicKeyToken=b77a5c561934e089]]"><_size type="System.Int32">0</_size><_version type="System.Int32">1</_version></workItemIds><id type="Microsoft.VisualStudio.TestTools.Common.TestResultId"><runId type="System.Guid">3d9a8baa-b9cb-4717-8a94-3c6445344217</runId><executionId type="Microsoft.VisualStudio.TestTools.Common.TestExecId"><id type="System.Guid">43808155-7e51-446b-b83a-baba4bafa969</id></executionId><parentExecId type="Microsoft.VisualStudio.TestTools.Common.TestExecId"><id type="System.Guid">00000000-0000-0000-0000-000000000000</id></parentExecId><testId type="Microsoft.VisualStudio.TestTools.Common.TestId"><id type="System.Guid">caf6d8b4-4d17-2111-6a71-e6953894b20b</id></testId></id><testName type="System.String">GetLocalOrderDateTest</testName><testType type="Microsoft.VisualStudio.TestTools.Common.TestType"><id type="System.Guid">13cdc9d9-ddb5-4fa4-a97d-d965ccfc6d4b</id></testType><messageKind type="Microsoft.VisualStudio.TestTools.Common.TestMessageKind"><value__ type="System.Int32">1</value__></messageKind><computerInfo type="Microsoft.VisualStudio.TestTools.Common.ComputerInfo"><m_computerName type="System.String">ECDATA-TFS01</m_computerName></computerInfo><duration type="System.TimeSpan">00:00:00.0006814</duration><startTime type="System.DateTime"><dateData type="System.UInt64">633673775006576276</dateData></startTime><endTime type="System.DateTime"><dateData type="System.UInt64">633673775006732536</dateData></endTime><spoolMessage type="System.Boolean">True</spoolMessage></UnitTestResult><UnitTestResult type="Microsoft.VisualStudio.TestTools.TestTypes.Unit.UnitTestResult, Microsoft.VisualStudio.QualityTools.Tips.UnitTest.ObjectModel, Version=8.0.0.0, Culture=neutral, PublicKeyToken=b03f5f7f11d50a3a"><resultType type="Microsoft.VisualStudio.TestTools.TestTypes.Unit.UnitTestResultType, Microsoft.VisualStudio.QualityTools.Tips.UnitTest.ObjectModel, Version=8.0.0.0, Culture=neutral, PublicKeyToken=b03f5f7f11d50a3a"><value__ type="System.Int32">0</value__></resultType><m_hasSufficientAccess type="System.Boolean">True</m_hasSufficientAccess><counters type="Microsoft.VisualStudio.TestTools.Common.TestResultCounter"><values type="System.Int32">0,0,0,0,0,0,0,0,0,0,0,0,0,0</values><total type="System.Int32">1</total></counters><categoryId type="Microsoft.VisualStudio.TestTools.Common.TestCategoryId"><id type="System.Guid">8c84fa94-04c1-424b-9868-57a2d4851a1d</id></categoryId><outcome type="Microsoft.VisualStudio.TestTools.Common.TestOutcome"><value__ type="System.Int32">4</value__></outcome><errorInfo type="Microsoft.VisualStudio.TestTools.Common.TestResultErrorInfo"><message type="System.String">Assert.Inconclusive failed. Verify the correctness of this test method</message><stackTrace type="System.String">   at BrownShoe.UnitTests.Services.Orders.CustomerOrderServiceTest.GetOrderMemosTest()
</stackTrace></errorInfo><traceInfo type="Microsoft.VisualStudio.TestTools.Common.TestExecutionTraceInformation"><trace type="System.Text.StringBuilder">Creating instance of class BrownShoe.UnitTests.Services.Orders.CustomerOrderServiceTest.
Calling Test method BrownShoe.UnitTests.Services.Orders.CustomerOrderServiceTest.Microsoft.VisualStudio.TestTools.TestTypes.Unit.TestMethod.
</trace></traceInfo><stdout type="System.String" /><stderr type="System.String" /><debugTrace type="System.String" /><workItemIds type="System.Collections.Generic.List`1[[System.Int32, mscorlib, Version=2.0.0.0, Culture=neutral, PublicKeyToken=b77a5c561934e089]]"><_size type="System.Int32">0</_size><_version type="System.Int32">1</_version></workItemIds><id type="Microsoft.VisualStudio.TestTools.Common.TestResultId"><runId type="System.Guid">3d9a8baa-b9cb-4717-8a94-3c6445344217</runId><executionId type="Microsoft.VisualStudio.TestTools.Common.TestExecId"><id type="System.Guid">57004e99-4823-4c9a-b07f-e0231358c600</id></executionId><parentExecId type="Microsoft.VisualStudio.TestTools.Common.TestExecId"><id type="System.Guid">00000000-0000-0000-0000-000000000000</id></parentExecId><testId type="Microsoft.VisualStudio.TestTools.Common.TestId"><id type="System.Guid">452428fe-1e46-2b6b-5eec-e0980f91fda7</id></testId></id><testName type="System.String">GetOrderMemosTest</testName><testType type="Microsoft.VisualStudio.TestTools.Common.TestType"><id type="System.Guid">13cdc9d9-ddb5-4fa4-a97d-d965ccfc6d4b</id></testType><messageKind type="Microsoft.VisualStudio.TestTools.Common.TestMessageKind"><value__ type="System.Int32">1</value__></messageKind><computerInfo type="Microsoft.VisualStudio.TestTools.Common.ComputerInfo"><m_computerName type="System.String">ECDATA-TFS01</m_computerName></computerInfo><duration type="System.TimeSpan">00:00:00.0010288</duration><startTime type="System.DateTime"><dateData type="System.UInt64">633673775006732536</dateData></startTime><endTime type="System.DateTime"><dateData type="System.UInt64">633673775006732536</dateData></endTime><spoolMessage type="System.Boolean">True</spoolMessage></UnitTestResult><UnitTestResult type="Microsoft.VisualStudio.TestTools.TestTypes.Unit.UnitTestResult, Microsoft.VisualStudio.QualityTools.Tips.UnitTest.ObjectModel, Version=8.0.0.0, Culture=neutral, PublicKeyToken=b03f5f7f11d50a3a"><resultType type="Microsoft.VisualStudio.TestTools.TestTypes.Unit.UnitTestResultType, Microsoft.VisualStudio.QualityTools.Tips.UnitTest.ObjectModel, Version=8.0.0.0, Culture=neutral, PublicKeyToken=b03f5f7f11d50a3a"><value__ type="System.Int32">0</value__></resultType><m_hasSufficientAccess type="System.Boolean">True</m_hasSufficientAccess><counters type="Microsoft.VisualStudio.TestTools.Common.TestResultCounter"><values type="System.Int32">0,0,0,0,0,0,0,0,0,0,0,0,0,0</values><total type="System.Int32">1</total></counters><categoryId type="Microsoft.VisualStudio.TestTools.Common.TestCategoryId"><id type="System.Guid">8c84fa94-04c1-424b-9868-57a2d4851a1d</id></categoryId><outcome type="Microsoft.VisualStudio.TestTools.Common.TestOutcome"><value__ type="System.Int32">4</value__></outcome><errorInfo type="Microsoft.VisualStudio.TestTools.Common.TestResultErrorInfo"><message type="System.String">Assert.Inconclusive failed. Verify the correctness of this test method</message><stackTrace type="System.String">   at BrownShoe.UnitTests.Services.Orders.CustomerOrderServiceTest.GetProductIdFromTrackingNumberTest()
</stackTrace></errorInfo><traceInfo type="Microsoft.VisualStudio.TestTools.Common.TestExecutionTraceInformation"><trace type="System.Text.StringBuilder">Creating instance of class BrownShoe.UnitTests.Services.Orders.CustomerOrderServiceTest.
Calling Test method BrownShoe.UnitTests.Services.Orders.CustomerOrderServiceTest.Microsoft.VisualStudio.TestTools.TestTypes.Unit.TestMethod.
</trace></traceInfo><stdout type="System.String" /><stderr type="System.String" /><debugTrace type="System.String" /><workItemIds type="System.Collections.Generic.List`1[[System.Int32, mscorlib, Version=2.0.0.0, Culture=neutral, PublicKeyToken=b77a5c561934e089]]"><_size type="System.Int32">0</_size><_version type="System.Int32">1</_version></workItemIds><id type="Microsoft.VisualStudio.TestTools.Common.TestResultId"><runId type="System.Guid">3d9a8baa-b9cb-4717-8a94-3c6445344217</runId><executionId type="Microsoft.VisualStudio.TestTools.Common.TestExecId"><id type="System.Guid">3973e2f3-022b-4572-93d4-9566ad916aa0</id></executionId><parentExecId type="Microsoft.VisualStudio.TestTools.Common.TestExecId"><id type="System.Guid">00000000-0000-0000-0000-000000000000</id></parentExecId><testId type="Microsoft.VisualStudio.TestTools.Common.TestId"><id type="System.Guid">757be063-28c2-e982-124f-ca5e3fcadce6</id></testId></id><testName type="System.String">GetProductIdFromTrackingNumberTest</testName><testType type="Microsoft.VisualStudio.TestTools.Common.TestType"><id type="System.Guid">13cdc9d9-ddb5-4fa4-a97d-d965ccfc6d4b</id></testType><messageKind type="Microsoft.VisualStudio.TestTools.Common.TestMessageKind"><value__ type="System.Int32">1</value__></messageKind><computerInfo type="Microsoft.VisualStudio.TestTools.Common.ComputerInfo"><m_computerName type="System.String">ECDATA-TFS01</m_computerName></computerInfo><duration type="System.TimeSpan">00:00:00.0007640</duration><startTime type="System.DateTime"><dateData type="System.UInt64">633673775006732536</dateData></startTime><endTime type="System.DateTime"><dateData type="System.UInt64">633673775006888796</dateData></endTime><spoolMessage type="System.Boolean">True</spoolMessage></UnitTestResult><UnitTestResult type="Microsoft.VisualStudio.TestTools.TestTypes.Unit.UnitTestResult, Microsoft.VisualStudio.QualityTools.Tips.UnitTest.ObjectModel, Version=8.0.0.0, Culture=neutral, PublicKeyToken=b03f5f7f11d50a3a"><resultType type="Microsoft.VisualStudio.TestTools.TestTypes.Unit.UnitTestResultType, Microsoft.VisualStudio.QualityTools.Tips.UnitTest.ObjectModel, Version=8.0.0.0, Culture=neutral, PublicKeyToken=b03f5f7f11d50a3a"><value__ type="System.Int32">0</value__></resultType><m_hasSufficientAccess type="System.Boolean">True</m_hasSufficientAccess><counters type="Microsoft.VisualStudio.TestTools.Common.TestResultCounter"><values type="System.Int32">0,0,0,0,0,0,0,0,0,0,0,0,0,0</values><total type="System.Int32">1</total></counters><categoryId type="Microsoft.VisualStudio.TestTools.Common.TestCategoryId"><id type="System.Guid">8c84fa94-04c1-424b-9868-57a2d4851a1d</id></categoryId><outcome type="Microsoft.VisualStudio.TestTools.Common.TestOutcome"><value__ type="System.Int32">4</value__></outcome><errorInfo type="Microsoft.VisualStudio.TestTools.Common.TestResultErrorInfo"><message type="System.String">Assert.Inconclusive failed. Verify the correctness of this test method</message><stackTrace type="System.String">   at BrownShoe.UnitTests.Services.Orders.CustomerOrderServiceTest.GetRepeatBuyerDetailsTest()
</stackTrace></errorInfo><traceInfo type="Microsoft.VisualStudio.TestTools.Common.TestExecutionTraceInformation"><trace type="System.Text.StringBuilder">Creating instance of class BrownShoe.UnitTests.Services.Orders.CustomerOrderServiceTest.
Calling Test method BrownShoe.UnitTests.Services.Orders.CustomerOrderServiceTest.Microsoft.VisualStudio.TestTools.TestTypes.Unit.TestMethod.
</trace></traceInfo><stdout type="System.String" /><stderr type="System.String" /><debugTrace type="System.String" /><workItemIds type="System.Collections.Generic.List`1[[System.Int32, mscorlib, Version=2.0.0.0, Culture=neutral, PublicKeyToken=b77a5c561934e089]]"><_size type="System.Int32">0</_size><_version type="System.Int32">1</_version></workItemIds><id type="Microsoft.VisualStudio.TestTools.Common.TestResultId"><runId type="System.Guid">3d9a8baa-b9cb-4717-8a94-3c6445344217</runId><executionId type="Microsoft.VisualStudio.TestTools.Common.TestExecId"><id type="System.Guid">9dcc31de-e8bf-4fed-9b7f-7d9309ca88fc</id></executionId><parentExecId type="Microsoft.VisualStudio.TestTools.Common.TestExecId"><id type="System.Guid">00000000-0000-0000-0000-000000000000</id></parentExecId><testId type="Microsoft.VisualStudio.TestTools.Common.TestId"><id type="System.Guid">9628f18f-43e1-5072-3b1c-fb6380209ec9</id></testId></id><testName type="System.String">GetRepeatBuyerDetailsTest</testName><testType type="Microsoft.VisualStudio.TestTools.Common.TestType"><id type="System.Guid">13cdc9d9-ddb5-4fa4-a97d-d965ccfc6d4b</id></testType><messageKind type="Microsoft.VisualStudio.TestTools.Common.TestMessageKind"><value__ type="System.Int32">1</value__></messageKind><computerInfo type="Microsoft.VisualStudio.TestTools.Common.ComputerInfo"><m_computerName type="System.String">ECDATA-TFS01</m_computerName></computerInfo><duration type="System.TimeSpan">00:00:00.0009493</duration><startTime type="System.DateTime"><dateData type="System.UInt64">633673775006888796</dateData></startTime><endTime type="System.DateTime"><dateData type="System.UInt64">633673775006888796</dateData></endTime><spoolMessage type="System.Boolean">True</spoolMessage></UnitTestResult><UnitTestResult type="Microsoft.VisualStudio.TestTools.TestTypes.Unit.UnitTestResult, Microsoft.VisualStudio.QualityTools.Tips.UnitTest.ObjectModel, Version=8.0.0.0, Culture=neutral, PublicKeyToken=b03f5f7f11d50a3a"><resultType type="Microsoft.VisualStudio.TestTools.TestTypes.Unit.UnitTestResultType, Microsoft.VisualStudio.QualityTools.Tips.UnitTest.ObjectModel, Version=8.0.0.0, Culture=neutral, PublicKeyToken=b03f5f7f11d50a3a"><value__ type="System.Int32">0</value__></resultType><m_hasSufficientAccess type="System.Boolean">True</m_hasSufficientAccess><counters type="Microsoft.VisualStudio.TestTools.Common.TestResultCounter"><values type="System.Int32">0,0,0,0,0,0,0,0,0,0,0,0,0,0</values><total type="System.Int32">1</total></counters><categoryId type="Microsoft.VisualStudio.TestTools.Common.TestCategoryId"><id type="System.Guid">8c84fa94-04c1-424b-9868-57a2d4851a1d</id></categoryId><outcome type="Microsoft.VisualStudio.TestTools.Common.TestOutcome"><value__ type="System.Int32">4</value__></outcome><errorInfo type="Microsoft.VisualStudio.TestTools.Common.TestResultErrorInfo"><message type="System.String">Assert.Inconclusive failed. Verify the correctness of this test method</message><stackTrace type="System.String">   at BrownShoe.UnitTests.Services.Orders.CustomerOrderServiceTest.GetUPSImageTest()
</stackTrace></errorInfo><traceInfo type="Microsoft.VisualStudio.TestTools.Common.TestExecutionTraceInformation"><trace type="System.Text.StringBuilder">Creating instance of class BrownShoe.UnitTests.Services.Orders.CustomerOrderServiceTest.
Calling Test method BrownShoe.UnitTests.Services.Orders.CustomerOrderServiceTest.Microsoft.VisualStudio.TestTools.TestTypes.Unit.TestMethod.
</trace></traceInfo><stdout type="System.String" /><stderr type="System.String" /><debugTrace type="System.String" /><workItemIds type="System.Collections.Generic.List`1[[System.Int32, mscorlib, Version=2.0.0.0, Culture=neutral, PublicKeyToken=b77a5c561934e089]]"><_size type="System.Int32">0</_size><_version type="System.Int32">1</_version></workItemIds><id type="Microsoft.VisualStudio.TestTools.Common.TestResultId"><runId type="System.Guid">3d9a8baa-b9cb-4717-8a94-3c6445344217</runId><executionId type="Microsoft.VisualStudio.TestTools.Common.TestExecId"><id type="System.Guid">45092571-5c34-4684-ba2d-98d125a5526a</id></executionId><parentExecId type="Microsoft.VisualStudio.TestTools.Common.TestExecId"><id type="System.Guid">00000000-0000-0000-0000-000000000000</id></parentExecId><testId type="Microsoft.VisualStudio.TestTools.Common.TestId"><id type="System.Guid">3bff7ea8-6619-697f-191d-ebff9307b25d</id></testId></id><testName type="System.String">GetUPSImageTest</testName><testType type="Microsoft.VisualStudio.TestTools.Common.TestType"><id type="System.Guid">13cdc9d9-ddb5-4fa4-a97d-d965ccfc6d4b</id></testType><messageKind type="Microsoft.VisualStudio.TestTools.Common.TestMessageKind"><value__ type="System.Int32">1</value__></messageKind><computerInfo type="Microsoft.VisualStudio.TestTools.Common.ComputerInfo"><m_computerName type="System.String">ECDATA-TFS01</m_computerName></computerInfo><duration type="System.TimeSpan">00:00:00.0006291</duration><startTime type="System.DateTime"><dateData type="System.UInt64">633673775006888796</dateData></startTime><endTime type="System.DateTime"><dateData type="System.UInt64">633673775007045056</dateData></endTime><spoolMessage type="System.Boolean">True</spoolMessage></UnitTestResult><UnitTestResult type="Microsoft.VisualStudio.TestTools.TestTypes.Unit.UnitTestResult, Microsoft.VisualStudio.QualityTools.Tips.UnitTest.ObjectModel, Version=8.0.0.0, Culture=neutral, PublicKeyToken=b03f5f7f11d50a3a"><resultType type="Microsoft.VisualStudio.TestTools.TestTypes.Unit.UnitTestResultType, Microsoft.VisualStudio.QualityTools.Tips.UnitTest.ObjectModel, Version=8.0.0.0, Culture=neutral, PublicKeyToken=b03f5f7f11d50a3a"><value__ type="System.Int32">0</value__></resultType><m_hasSufficientAccess type="System.Boolean">True</m_hasSufficientAccess><counters type="Microsoft.VisualStudio.TestTools.Common.TestResultCounter"><values type="System.Int32">0,0,0,0,0,0,0,0,0,0,0,0,0,0</values><total type="System.Int32">1</total></counters><categoryId type="Microsoft.VisualStudio.TestTools.Common.TestCategoryId"><id type="System.Guid">8c84fa94-04c1-424b-9868-57a2d4851a1d</id></categoryId><outcome type="Microsoft.VisualStudio.TestTools.Common.TestOutcome"><value__ type="System.Int32">4</value__></outcome><errorInfo type="Microsoft.VisualStudio.TestTools.Common.TestResultErrorInfo"><message type="System.String">Assert.Inconclusive failed. Verify the correctness of this test method</message><stackTrace type="System.String">   at BrownShoe.UnitTests.Services.Orders.CustomerOrderServiceTest.InsertEbagsReturnItemTest()
</stackTrace></errorInfo><traceInfo type="Microsoft.VisualStudio.TestTools.Common.TestExecutionTraceInformation"><trace type="System.Text.StringBuilder">Creating instance of class BrownShoe.UnitTests.Services.Orders.CustomerOrderServiceTest.
Calling Test method BrownShoe.UnitTests.Services.Orders.CustomerOrderServiceTest.Microsoft.VisualStudio.TestTools.TestTypes.Unit.TestMethod.
</trace></traceInfo><stdout type="System.String" /><stderr type="System.String" /><debugTrace type="System.String" /><workItemIds type="System.Collections.Generic.List`1[[System.Int32, mscorlib, Version=2.0.0.0, Culture=neutral, PublicKeyToken=b77a5c561934e089]]"><_size type="System.Int32">0</_size><_version type="System.Int32">1</_version></workItemIds><id type="Microsoft.VisualStudio.TestTools.Common.TestResultId"><runId type="System.Guid">3d9a8baa-b9cb-4717-8a94-3c6445344217</runId><executionId type="Microsoft.VisualStudio.TestTools.Common.TestExecId"><id type="System.Guid">69e242d7-8c3c-4fd4-bbb8-d07c6f6e0fe3</id></executionId><parentExecId type="Microsoft.VisualStudio.TestTools.Common.TestExecId"><id type="System.Guid">00000000-0000-0000-0000-000000000000</id></parentExecId><testId type="Microsoft.VisualStudio.TestTools.Common.TestId"><id type="System.Guid">6365ea37-5d29-50b8-5ca1-5ac13c4708bb</id></testId></id><testName type="System.String">InsertEbagsReturnItemTest</testName><testType type="Microsoft.VisualStudio.TestTools.Common.TestType"><id type="System.Guid">13cdc9d9-ddb5-4fa4-a97d-d965ccfc6d4b</id></testType><messageKind type="Microsoft.VisualStudio.TestTools.Common.TestMessageKind"><value__ type="System.Int32">1</value__></messageKind><computerInfo type="Microsoft.VisualStudio.TestTools.Common.ComputerInfo"><m_computerName type="System.String">ECDATA-TFS01</m_computerName></computerInfo><duration type="System.TimeSpan">00:00:00.0006534</duration><startTime type="System.DateTime"><dateData type="System.UInt64">633673775007045056</dateData></startTime><endTime type="System.DateTime"><dateData type="System.UInt64">633673775007045056</dateData></endTime><spoolMessage type="System.Boolean">True</spoolMessage></UnitTestResult><UnitTestResult type="Microsoft.VisualStudio.TestTools.TestTypes.Unit.UnitTestResult, Microsoft.VisualStudio.QualityTools.Tips.UnitTest.ObjectModel, Version=8.0.0.0, Culture=neutral, PublicKeyToken=b03f5f7f11d50a3a"><resultType type="Microsoft.VisualStudio.TestTools.TestTypes.Unit.UnitTestResultType, Microsoft.VisualStudio.QualityTools.Tips.UnitTest.ObjectModel, Version=8.0.0.0, Culture=neutral, PublicKeyToken=b03f5f7f11d50a3a"><value__ type="System.Int32">0</value__></resultType><m_hasSufficientAccess type="System.Boolean">True</m_hasSufficientAccess><counters type="Microsoft.VisualStudio.TestTools.Common.TestResultCounter"><values type="System.Int32">0,0,0,0,0,0,0,0,0,0,0,0,0,0</values><total type="System.Int32">1</total></counters><categoryId type="Microsoft.VisualStudio.TestTools.Common.TestCategoryId"><id type="System.Guid">8c84fa94-04c1-424b-9868-57a2d4851a1d</id></categoryId><outcome type="Microsoft.VisualStudio.TestTools.Common.TestOutcome"><value__ type="System.Int32">4</value__></outcome><errorInfo type="Microsoft.VisualStudio.TestTools.Common.TestResultErrorInfo"><message type="System.String">Assert.Inconclusive failed. Verify the correctness of this test method</message><stackTrace type="System.String">   at BrownShoe.UnitTests.Services.Orders.CustomerOrderServiceTest.InsertExchangeTest()
</stackTrace></errorInfo><traceInfo type="Microsoft.VisualStudio.TestTools.Common.TestExecutionTraceInformation"><trace type="System.Text.StringBuilder">Creating instance of class BrownShoe.UnitTests.Services.Orders.CustomerOrderServiceTest.
Calling Test method BrownShoe.UnitTests.Services.Orders.CustomerOrderServiceTest.Microsoft.VisualStudio.TestTools.TestTypes.Unit.TestMethod.
</trace></traceInfo><stdout type="System.String" /><stderr type="System.String" /><debugTrace type="System.String" /><workItemIds type="System.Collections.Generic.List`1[[System.Int32, mscorlib, Version=2.0.0.0, Culture=neutral, PublicKeyToken=b77a5c561934e089]]"><_size type="System.Int32">0</_size><_version type="System.Int32">1</_version></workItemIds><id type="Microsoft.VisualStudio.TestTools.Common.TestResultId"><runId type="System.Guid">3d9a8baa-b9cb-4717-8a94-3c6445344217</runId><executionId type="Microsoft.VisualStudio.TestTools.Common.TestExecId"><id type="System.Guid">e145ca71-c211-4944-943a-a6ae64c0c3ab</id></executionId><parentExecId type="Microsoft.VisualStudio.TestTools.Common.TestExecId"><id type="System.Guid">00000000-0000-0000-0000-000000000000</id></parentExecId><testId type="Microsoft.VisualStudio.TestTools.Common.TestId"><id type="System.Guid">0e39395f-0780-39f6-a3dd-97d29c6b4c23</id></testId></id><testName type="System.String">InsertExchangeTest</testName><testType type="Microsoft.VisualStudio.TestTools.Common.TestType"><id type="System.Guid">13cdc9d9-ddb5-4fa4-a97d-d965ccfc6d4b</id></testType><messageKind type="Microsoft.VisualStudio.TestTools.Common.TestMessageKind"><value__ type="System.Int32">1</value__></messageKind><computerInfo type="Microsoft.VisualStudio.TestTools.Common.ComputerInfo"><m_computerName type="System.String">ECDATA-TFS01</m_computerName></computerInfo><duration type="System.TimeSpan">00:00:00.0006219</duration><startTime type="System.DateTime"><dateData type="System.UInt64">633673775007045056</dateData></startTime><endTime type="System.DateTime"><dateData type="System.UInt64">633673775007045056</dateData></endTime><spoolMessage type="System.Boolean">True</spoolMessage></UnitTestResult><UnitTestResult type="Microsoft.VisualStudio.TestTools.TestTypes.Unit.UnitTestResult, Microsoft.VisualStudio.QualityTools.Tips.UnitTest.ObjectModel, Version=8.0.0.0, Culture=neutral, PublicKeyToken=b03f5f7f11d50a3a"><resultType type="Microsoft.VisualStudio.TestTools.TestTypes.Unit.UnitTestResultType, Microsoft.VisualStudio.QualityTools.Tips.UnitTest.ObjectModel, Version=8.0.0.0, Culture=neutral, PublicKeyToken=b03f5f7f11d50a3a"><value__ type="System.Int32">0</value__></resultType><m_hasSufficientAccess type="System.Boolean">True</m_hasSufficientAccess><counters type="Microsoft.VisualStudio.TestTools.Common.TestResultCounter"><values type="System.Int32">0,0,0,0,0,0,0,0,0,0,0,0,0,0</values><total type="System.Int32">1</total></counters><categoryId type="Microsoft.VisualStudio.TestTools.Common.TestCategoryId"><id type="System.Guid">8c84fa94-04c1-424b-9868-57a2d4851a1d</id></categoryId><outcome type="Microsoft.VisualStudio.TestTools.Common.TestOutcome"><value__ type="System.Int32">4</value__></outcome><errorInfo type="Microsoft.VisualStudio.TestTools.Common.TestResultErrorInfo"><message type="System.String">Assert.Inconclusive failed. Verify the correctness of this test method</message><stackTrace type="System.String">   at BrownShoe.UnitTests.Services.Orders.CustomerOrderServiceTest.InsertOrderMemoTest()
</stackTrace></errorInfo><traceInfo type="Microsoft.VisualStudio.TestTools.Common.TestExecutionTraceInformation"><trace type="System.Text.StringBuilder">Creating instance of class BrownShoe.UnitTests.Services.Orders.CustomerOrderServiceTest.
Calling Test method BrownShoe.UnitTests.Services.Orders.CustomerOrderServiceTest.Microsoft.VisualStudio.TestTools.TestTypes.Unit.TestMethod.
</trace></traceInfo><stdout type="System.String" /><stderr type="System.String" /><debugTrace type="System.String" /><workItemIds type="System.Collections.Generic.List`1[[System.Int32, mscorlib, Version=2.0.0.0, Culture=neutral, PublicKeyToken=b77a5c561934e089]]"><_size type="System.Int32">0</_size><_version type="System.Int32">1</_version></workItemIds><id type="Microsoft.VisualStudio.TestTools.Common.TestResultId"><runId type="System.Guid">3d9a8baa-b9cb-4717-8a94-3c6445344217</runId><executionId type="Microsoft.VisualStudio.TestTools.Common.TestExecId"><id type="System.Guid">f4143ee9-06d9-4429-a051-a825d358fb1f</id></executionId><parentExecId type="Microsoft.VisualStudio.TestTools.Common.TestExecId"><id type="System.Guid">00000000-0000-0000-0000-000000000000</id></parentExecId><testId type="Microsoft.VisualStudio.TestTools.Common.TestId"><id type="System.Guid">b168aa96-62ed-625a-5fcd-1c992eaa4308</id></testId></id><testName type="System.String">InsertOrderMemoTest</testName><testType type="Microsoft.VisualStudio.TestTools.Common.TestType"><id type="System.Guid">13cdc9d9-ddb5-4fa4-a97d-d965ccfc6d4b</id></testType><messageKind type="Microsoft.VisualStudio.TestTools.Common.TestMessageKind"><value__ type="System.Int32">1</value__></messageKind><computerInfo type="Microsoft.VisualStudio.TestTools.Common.ComputerInfo"><m_computerName type="System.String">ECDATA-TFS01</m_computerName></computerInfo><duration type="System.TimeSpan">00:00:00.0007156</duration><startTime type="System.DateTime"><dateData type="System.UInt64">633673775007045056</dateData></startTime><endTime type="System.DateTime"><dateData type="System.UInt64">633673775007201316</dateData></endTime><spoolMessage type="System.Boolean">True</spoolMessage></UnitTestResult><UnitTestResult type="Microsoft.VisualStudio.TestTools.TestTypes.Unit.UnitTestResult, Microsoft.VisualStudio.QualityTools.Tips.UnitTest.ObjectModel, Version=8.0.0.0, Culture=neutral, PublicKeyToken=b03f5f7f11d50a3a"><resultType type="Microsoft.VisualStudio.TestTools.TestTypes.Unit.UnitTestResultType, Microsoft.VisualStudio.QualityTools.Tips.UnitTest.ObjectModel, Version=8.0.0.0, Culture=neutral, PublicKeyToken=b03f5f7f11d50a3a"><value__ type="System.Int32">0</value__></resultType><m_hasSufficientAccess type="System.Boolean">True</m_hasSufficientAccess><counters type="Microsoft.VisualStudio.TestTools.Common.TestResultCounter"><values type="System.Int32">0,0,0,0,0,0,0,0,0,0,0,0,0,0</values><total type="System.Int32">1</total></counters><categoryId type="Microsoft.VisualStudio.TestTools.Common.TestCategoryId"><id type="System.Guid">8c84fa94-04c1-424b-9868-57a2d4851a1d</id></categoryId><outcome type="Microsoft.VisualStudio.TestTools.Common.TestOutcome"><value__ type="System.Int32">4</value__></outcome><errorInfo type="Microsoft.VisualStudio.TestTools.Common.TestResultErrorInfo"><message type="System.String">Assert.Inconclusive failed. Verify the correctness of this test method</message><stackTrace type="System.String">   at BrownShoe.UnitTests.Services.Orders.CustomerOrderServiceTest.InsertRepeatBuyerTest()
</stackTrace></errorInfo><traceInfo type="Microsoft.VisualStudio.TestTools.Common.TestExecutionTraceInformation"><trace type="System.Text.StringBuilder">Creating instance of class BrownShoe.UnitTests.Services.Orders.CustomerOrderServiceTest.
Calling Test method BrownShoe.UnitTests.Services.Orders.CustomerOrderServiceTest.Microsoft.VisualStudio.TestTools.TestTypes.Unit.TestMethod.
</trace></traceInfo><stdout type="System.String" /><stderr type="System.String" /><debugTrace type="System.String" /><workItemIds type="System.Collections.Generic.List`1[[System.Int32, mscorlib, Version=2.0.0.0, Culture=neutral, PublicKeyToken=b77a5c561934e089]]"><_size type="System.Int32">0</_size><_version type="System.Int32">1</_version></workItemIds><id type="Microsoft.VisualStudio.TestTools.Common.TestResultId"><runId type="System.Guid">3d9a8baa-b9cb-4717-8a94-3c6445344217</runId><executionId type="Microsoft.VisualStudio.TestTools.Common.TestExecId"><id type="System.Guid">447a41c4-82d7-4a35-8a35-3f596446c8c1</id></executionId><parentExecId type="Microsoft.VisualStudio.TestTools.Common.TestExecId"><id type="System.Guid">00000000-0000-0000-0000-000000000000</id></parentExecId><testId type="Microsoft.VisualStudio.TestTools.Common.TestId"><id type="System.Guid">79cfbbe5-0bda-e19d-cacd-ef9466e1c37b</id></testId></id><testName type="System.String">InsertRepeatBuyerTest</testName><testType type="Microsoft.VisualStudio.TestTools.Common.TestType"><id type="System.Guid">13cdc9d9-ddb5-4fa4-a97d-d965ccfc6d4b</id></testType><messageKind type="Microsoft.VisualStudio.TestTools.Common.TestMessageKind"><value__ type="System.Int32">1</value__></messageKind><computerInfo type="Microsoft.VisualStudio.TestTools.Common.ComputerInfo"><m_computerName type="System.String">ECDATA-TFS01</m_computerName></computerInfo><duration type="System.TimeSpan">00:00:00.0006156</duration><startTime type="System.DateTime"><dateData type="System.UInt64">633673775007201316</dateData></startTime><endTime type="System.DateTime"><dateData type="System.UInt64">633673775007201316</dateData></endTime><spoolMessage type="System.Boolean">True</spoolMessage></UnitTestResult><UnitTestResult type="Microsoft.VisualStudio.TestTools.TestTypes.Unit.UnitTestResult, Microsoft.VisualStudio.QualityTools.Tips.UnitTest.ObjectModel, Version=8.0.0.0, Culture=neutral, PublicKeyToken=b03f5f7f11d50a3a"><resultType type="Microsoft.VisualStudio.TestTools.TestTypes.Unit.UnitTestResultType, Microsoft.VisualStudio.QualityTools.Tips.UnitTest.ObjectModel, Version=8.0.0.0, Culture=neutral, PublicKeyToken=b03f5f7f11d50a3a"><value__ type="System.Int32">0</value__></resultType><m_hasSufficientAccess type="System.Boolean">True</m_hasSufficientAccess><counters type="Microsoft.VisualStudio.TestTools.Common.TestResultCounter"><values type="System.Int32">0,0,0,0,0,0,0,0,0,0,0,0,0,0</values><total type="System.Int32">1</total></counters><categoryId type="Microsoft.VisualStudio.TestTools.Common.TestCategoryId"><id type="System.Guid">8c84fa94-04c1-424b-9868-57a2d4851a1d</id></categoryId><outcome type="Microsoft.VisualStudio.TestTools.Common.TestOutcome"><value__ type="System.Int32">4</value__></outcome><errorInfo type="Microsoft.VisualStudio.TestTools.Common.TestResultErrorInfo"><message type="System.String">Assert.Inconclusive failed. Verify the correctness of this test method</message><stackTrace type="System.String">   at BrownShoe.UnitTests.Services.Orders.CustomerOrderServiceTest.InsertReturnTest()
</stackTrace></errorInfo><traceInfo type="Microsoft.VisualStudio.TestTools.Common.TestExecutionTraceInformation"><trace type="System.Text.StringBuilder">Creating instance of class BrownShoe.UnitTests.Services.Orders.CustomerOrderServiceTest.
Calling Test method BrownShoe.UnitTests.Services.Orders.CustomerOrderServiceTest.Microsoft.VisualStudio.TestTools.TestTypes.Unit.TestMethod.
</trace></traceInfo><stdout type="System.String" /><stderr type="System.String" /><debugTrace type="System.String" /><workItemIds type="System.Collections.Generic.List`1[[System.Int32, mscorlib, Version=2.0.0.0, Culture=neutral, PublicKeyToken=b77a5c561934e089]]"><_size type="System.Int32">0</_size><_version type="System.Int32">1</_version></workItemIds><id type="Microsoft.VisualStudio.TestTools.Common.TestResultId"><runId type="System.Guid">3d9a8baa-b9cb-4717-8a94-3c6445344217</runId><executionId type="Microsoft.VisualStudio.TestTools.Common.TestExecId"><id type="System.Guid">62b48d8c-4166-4eda-a0d7-3b69530c3925</id></executionId><parentExecId type="Microsoft.VisualStudio.TestTools.Common.TestExecId"><id type="System.Guid">00000000-0000-0000-0000-000000000000</id></parentExecId><testId type="Microsoft.VisualStudio.TestTools.Common.TestId"><id type="System.Guid">587b87e5-013a-0507-8a80-f9d738119cca</id></testId></id><testName type="System.String">InsertReturnTest</testName><testType type="Microsoft.VisualStudio.TestTools.Common.TestType"><id type="System.Guid">13cdc9d9-ddb5-4fa4-a97d-d965ccfc6d4b</id></testType><messageKind type="Microsoft.VisualStudio.TestTools.Common.TestMessageKind"><value__ type="System.Int32">1</value__></messageKind><computerInfo type="Microsoft.VisualStudio.TestTools.Common.ComputerInfo"><m_computerName type="System.String">ECDATA-TFS01</m_computerName></computerInfo><duration type="System.TimeSpan">00:00:00.0012271</duration><startTime type="System.DateTime"><dateData type="System.UInt64">633673775007201316</dateData></startTime><endTime type="System.DateTime"><dateData type="System.UInt64">633673775007201316</dateData></endTime><spoolMessage type="System.Boolean">True</spoolMessage></UnitTestResult><UnitTestResult type="Microsoft.VisualStudio.TestTools.TestTypes.Unit.UnitTestResult, Microsoft.VisualStudio.QualityTools.Tips.UnitTest.ObjectModel, Version=8.0.0.0, Culture=neutral, PublicKeyToken=b03f5f7f11d50a3a"><resultType type="Microsoft.VisualStudio.TestTools.TestTypes.Unit.UnitTestResultType, Microsoft.VisualStudio.QualityTools.Tips.UnitTest.ObjectModel, Version=8.0.0.0, Culture=neutral, PublicKeyToken=b03f5f7f11d50a3a"><value__ type="System.Int32">0</value__></resultType><m_hasSufficientAccess type="System.Boolean">True</m_hasSufficientAccess><counters type="Microsoft.VisualStudio.TestTools.Common.TestResultCounter"><values type="System.Int32">0,0,0,0,0,0,0,0,0,0,0,0,0,0</values><total type="System.Int32">1</total></counters><categoryId type="Microsoft.VisualStudio.TestTools.Common.TestCategoryId"><id type="System.Guid">8c84fa94-04c1-424b-9868-57a2d4851a1d</id></categoryId><outcome type="Microsoft.VisualStudio.TestTools.Common.TestOutcome"><value__ type="System.Int32">4</value__></outcome><errorInfo type="Microsoft.VisualStudio.TestTools.Common.TestResultErrorInfo"><message type="System.String">Assert.Inconclusive failed. Verify the correctness of this test method</message><stackTrace type="System.String">   at BrownShoe.UnitTests.Services.Orders.CustomerOrderServiceTest.InsertUPSImageToReturnTest()
</stackTrace></errorInfo><traceInfo type="Microsoft.VisualStudio.TestTools.Common.TestExecutionTraceInformation"><trace type="System.Text.StringBuilder">Creating instance of class BrownShoe.UnitTests.Services.Orders.CustomerOrderServiceTest.
Calling Test method BrownShoe.UnitTests.Services.Orders.CustomerOrderServiceTest.Microsoft.VisualStudio.TestTools.TestTypes.Unit.TestMethod.
</trace></traceInfo><stdout type="System.String" /><stderr type="System.String" /><debugTrace type="System.String" /><workItemIds type="System.Collections.Generic.List`1[[System.Int32, mscorlib, Version=2.0.0.0, Culture=neutral, PublicKeyToken=b77a5c561934e089]]"><_size type="System.Int32">0</_size><_version type="System.Int32">1</_version></workItemIds><id type="Microsoft.VisualStudio.TestTools.Common.TestResultId"><runId type="System.Guid">3d9a8baa-b9cb-4717-8a94-3c6445344217</runId><executionId type="Microsoft.VisualStudio.TestTools.Common.TestExecId"><id type="System.Guid">e6909515-af10-4d8c-90a2-60d588923b64</id></executionId><parentExecId type="Microsoft.VisualStudio.TestTools.Common.TestExecId"><id type="System.Guid">00000000-0000-0000-0000-000000000000</id></parentExecId><testId type="Microsoft.VisualStudio.TestTools.Common.TestId"><id type="System.Guid">bfaf040f-e110-7f9b-3438-04fe179adb10</id></testId></id><testName type="System.String">InsertUPSImageToReturnTest</testName><testType type="Microsoft.VisualStudio.TestTools.Common.TestType"><id type="System.Guid">13cdc9d9-ddb5-4fa4-a97d-d965ccfc6d4b</id></testType><messageKind type="Microsoft.VisualStudio.TestTools.Common.TestMessageKind"><value__ type="System.Int32">1</value__></messageKind><computerInfo type="Microsoft.VisualStudio.TestTools.Common.ComputerInfo"><m_computerName type="System.String">ECDATA-TFS01</m_computerName></computerInfo><duration type="System.TimeSpan">00:00:00.0006214</duration><startTime type="System.DateTime"><dateData type="System.UInt64">633673775007201316</dateData></startTime><endTime type="System.DateTime"><dateData type="System.UInt64">633673775007357576</dateData></endTime><spoolMessage type="System.Boolean">True</spoolMessage></UnitTestResult><UnitTestResult type="Microsoft.VisualStudio.TestTools.TestTypes.Unit.UnitTestResult, Microsoft.VisualStudio.QualityTools.Tips.UnitTest.ObjectModel, Version=8.0.0.0, Culture=neutral, PublicKeyToken=b03f5f7f11d50a3a"><resultType type="Microsoft.VisualStudio.TestTools.TestTypes.Unit.UnitTestResultType, Microsoft.VisualStudio.QualityTools.Tips.UnitTest.ObjectModel, Version=8.0.0.0, Culture=neutral, PublicKeyToken=b03f5f7f11d50a3a"><value__ type="System.Int32">0</value__></resultType><m_hasSufficientAccess type="System.Boolean">True</m_hasSufficientAccess><counters type="Microsoft.VisualStudio.TestTools.Common.TestResultCounter"><values type="System.Int32">0,0,0,0,0,0,0,0,0,0,0,0,0,0</values><total type="System.Int32">1</total></counters><categoryId type="Microsoft.VisualStudio.TestTools.Common.TestCategoryId"><id type="System.Guid">8c84fa94-04c1-424b-9868-57a2d4851a1d</id></categoryId><outcome type="Microsoft.VisualStudio.TestTools.Common.TestOutcome"><value__ type="System.Int32">4</value__></outcome><errorInfo type="Microsoft.VisualStudio.TestTools.Common.TestResultErrorInfo"><message type="System.String">Assert.Inconclusive failed. Verify the correctness of this test method</message><stackTrace type="System.String">   at BrownShoe.UnitTests.Services.Orders.CustomerOrderServiceTest.ListAdjustmentReasonsTest()
</stackTrace></errorInfo><traceInfo type="Microsoft.VisualStudio.TestTools.Common.TestExecutionTraceInformation"><trace type="System.Text.StringBuilder">Creating instance of class BrownShoe.UnitTests.Services.Orders.CustomerOrderServiceTest.
Calling Test method BrownShoe.UnitTests.Services.Orders.CustomerOrderServiceTest.Microsoft.VisualStudio.TestTools.TestTypes.Unit.TestMethod.
</trace></traceInfo><stdout type="System.String" /><stderr type="System.String" /><debugTrace type="System.String" /><workItemIds type="System.Collections.Generic.List`1[[System.Int32, mscorlib, Version=2.0.0.0, Culture=neutral, PublicKeyToken=b77a5c561934e089]]"><_size type="System.Int32">0</_size><_version type="System.Int32">1</_version></workItemIds><id type="Microsoft.VisualStudio.TestTools.Common.TestResultId"><runId type="System.Guid">3d9a8baa-b9cb-4717-8a94-3c6445344217</runId><executionId type="Microsoft.VisualStudio.TestTools.Common.TestExecId"><id type="System.Guid">3e3467b2-cfd5-49d8-bd22-650be13a7de2</id></executionId><parentExecId type="Microsoft.VisualStudio.TestTools.Common.TestExecId"><id type="System.Guid">00000000-0000-0000-0000-000000000000</id></parentExecId><testId type="Microsoft.VisualStudio.TestTools.Common.TestId"><id type="System.Guid">6708908b-3058-f534-0f14-1470d02c6785</id></testId></id><testName type="System.String">ListAdjustmentReasonsTest</testName><testType type="Microsoft.VisualStudio.TestTools.Common.TestType"><id type="System.Guid">13cdc9d9-ddb5-4fa4-a97d-d965ccfc6d4b</id></testType><messageKind type="Microsoft.VisualStudio.TestTools.Common.TestMessageKind"><value__ type="System.Int32">1</value__></messageKind><computerInfo type="Microsoft.VisualStudio.TestTools.Common.ComputerInfo"><m_computerName type="System.String">ECDATA-TFS01</m_computerName></computerInfo><duration type="System.TimeSpan">00:00:00.0006015</duration><startTime type="System.DateTime"><dateData type="System.UInt64">633673775007357576</dateData></startTime><endTime type="System.DateTime"><dateData type="System.UInt64">633673775007357576</dateData></endTime><spoolMessage type="System.Boolean">True</spoolMessage></UnitTestResult><UnitTestResult type="Microsoft.VisualStudio.TestTools.TestTypes.Unit.UnitTestResult, Microsoft.VisualStudio.QualityTools.Tips.UnitTest.ObjectModel, Version=8.0.0.0, Culture=neutral, PublicKeyToken=b03f5f7f11d50a3a"><resultType type="Microsoft.VisualStudio.TestTools.TestTypes.Unit.UnitTestResultType, Microsoft.VisualStudio.QualityTools.Tips.UnitTest.ObjectModel, Version=8.0.0.0, Culture=neutral, PublicKeyToken=b03f5f7f11d50a3a"><value__ type="System.Int32">0</value__></resultType><m_hasSufficientAccess type="System.Boolean">True</m_hasSufficientAccess><counters type="Microsoft.VisualStudio.TestTools.Common.TestResultCounter"><values type="System.Int32">0,0,0,0,0,0,0,0,0,0,0,0,0,0</values><total type="System.Int32">1</total></counters><categoryId type="Microsoft.VisualStudio.TestTools.Common.TestCategoryId"><id type="System.Guid">8c84fa94-04c1-424b-9868-57a2d4851a1d</id></categoryId><outcome type="Microsoft.VisualStudio.TestTools.Common.TestOutcome"><value__ type="System.Int32">4</value__></outcome><errorInfo type="Microsoft.VisualStudio.TestTools.Common.TestResultErrorInfo"><message type="System.String">Assert.Inconclusive failed. Verify the correctness of this test method</message><stackTrace type="System.String">   at BrownShoe.UnitTests.Services.Orders.CustomerOrderServiceTest.ListOrderPaymentsTest()
</stackTrace></errorInfo><traceInfo type="Microsoft.VisualStudio.TestTools.Common.TestExecutionTraceInformation"><trace type="System.Text.StringBuilder">Creating instance of class BrownShoe.UnitTests.Services.Orders.CustomerOrderServiceTest.
Calling Test method BrownShoe.UnitTests.Services.Orders.CustomerOrderServiceTest.Microsoft.VisualStudio.TestTools.TestTypes.Unit.TestMethod.
</trace></traceInfo><stdout type="System.String" /><stderr type="System.String" /><debugTrace type="System.String" /><workItemIds type="System.Collections.Generic.List`1[[System.Int32, mscorlib, Version=2.0.0.0, Culture=neutral, PublicKeyToken=b77a5c561934e089]]"><_size type="System.Int32">0</_size><_version type="System.Int32">1</_version></workItemIds><id type="Microsoft.VisualStudio.TestTools.Common.TestResultId"><runId type="System.Guid">3d9a8baa-b9cb-4717-8a94-3c6445344217</runId><executionId type="Microsoft.VisualStudio.TestTools.Common.TestExecId"><id type="System.Guid">8504f7cb-c68a-40cc-8cb7-3054840ed196</id></executionId><parentExecId type="Microsoft.VisualStudio.TestTools.Common.TestExecId"><id type="System.Guid">00000000-0000-0000-0000-000000000000</id></parentExecId><testId type="Microsoft.VisualStudio.TestTools.Common.TestId"><id type="System.Guid">df127347-acaa-6ff2-8971-3a8b3931bdd0</id></testId></id><testName type="System.String">ListOrderPaymentsTest</testName><testType type="Microsoft.VisualStudio.TestTools.Common.TestType"><id type="System.Guid">13cdc9d9-ddb5-4fa4-a97d-d965ccfc6d4b</id></testType><messageKind type="Microsoft.VisualStudio.TestTools.Common.TestMessageKind"><value__ type="System.Int32">1</value__></messageKind><computerInfo type="Microsoft.VisualStudio.TestTools.Common.ComputerInfo"><m_computerName type="System.String">ECDATA-TFS01</m_computerName></computerInfo><duration type="System.TimeSpan">00:00:00.0006425</duration><startTime type="System.DateTime"><dateData type="System.UInt64">633673775007357576</dateData></startTime><endTime type="System.DateTime"><dateData type="System.UInt64">633673775007513836</dateData></endTime><spoolMessage type="System.Boolean">True</spoolMessage></UnitTestResult><UnitTestResult type="Microsoft.VisualStudio.TestTools.TestTypes.Unit.UnitTestResult, Microsoft.VisualStudio.QualityTools.Tips.UnitTest.ObjectModel, Version=8.0.0.0, Culture=neutral, PublicKeyToken=b03f5f7f11d50a3a"><resultType type="Microsoft.VisualStudio.TestTools.TestTypes.Unit.UnitTestResultType, Microsoft.VisualStudio.QualityTools.Tips.UnitTest.ObjectModel, Version=8.0.0.0, Culture=neutral, PublicKeyToken=b03f5f7f11d50a3a"><value__ type="System.Int32">0</value__></resultType><m_hasSufficientAccess type="System.Boolean">True</m_hasSufficientAccess><counters type="Microsoft.VisualStudio.TestTools.Common.TestResultCounter"><values type="System.Int32">0,0,0,0,0,0,0,0,0,0,0,0,0,0</values><total type="System.Int32">1</total></counters><categoryId type="Microsoft.VisualStudio.TestTools.Common.TestCategoryId"><id type="System.Guid">8c84fa94-04c1-424b-9868-57a2d4851a1d</id></categoryId><outcome type="Microsoft.VisualStudio.TestTools.Common.TestOutcome"><value__ type="System.Int32">4</value__></outcome><errorInfo type="Microsoft.VisualStudio.TestTools.Common.TestResultErrorInfo"><message type="System.String">Assert.Inconclusive failed. Verify the correctness of this test method</message><stackTrace type="System.String">   at BrownShoe.UnitTests.Services.Orders.CustomerOrderServiceTest.ListPaymentMethodsTest()
</stackTrace></errorInfo><traceInfo type="Microsoft.VisualStudio.TestTools.Common.TestExecutionTraceInformation"><trace type="System.Text.StringBuilder">Creating instance of class BrownShoe.UnitTests.Services.Orders.CustomerOrderServiceTest.
Calling Test method BrownShoe.UnitTests.Services.Orders.CustomerOrderServiceTest.Microsoft.VisualStudio.TestTools.TestTypes.Unit.TestMethod.
</trace></traceInfo><stdout type="System.String" /><stderr type="System.String" /><debugTrace type="System.String" /><workItemIds type="System.Collections.Generic.List`1[[System.Int32, mscorlib, Version=2.0.0.0, Culture=neutral, PublicKeyToken=b77a5c561934e089]]"><_size type="System.Int32">0</_size><_version type="System.Int32">1</_version></workItemIds><id type="Microsoft.VisualStudio.TestTools.Common.TestResultId"><runId type="System.Guid">3d9a8baa-b9cb-4717-8a94-3c6445344217</runId><executionId type="Microsoft.VisualStudio.TestTools.Common.TestExecId"><id type="System.Guid">65fe93d3-e317-4465-a482-9b659e6f7394</id></executionId><parentExecId type="Microsoft.VisualStudio.TestTools.Common.TestExecId"><id type="System.Guid">00000000-0000-0000-0000-000000000000</id></parentExecId><testId type="Microsoft.VisualStudio.TestTools.Common.TestId"><id type="System.Guid">928ab8dd-de1f-57b3-90b5-213f1defacdb</id></testId></id><testName type="System.String">ListPaymentMethodsTest</testName><testType type="Microsoft.VisualStudio.TestTools.Common.TestType"><id type="System.Guid">13cdc9d9-ddb5-4fa4-a97d-d965ccfc6d4b</id></testType><messageKind type="Microsoft.VisualStudio.TestTools.Common.TestMessageKind"><value__ type="System.Int32">1</value__></messageKind><computerInfo type="Microsoft.VisualStudio.TestTools.Common.ComputerInfo"><m_computerName type="System.String">ECDATA-TFS01</m_computerName></computerInfo><duration type="System.TimeSpan">00:00:00.0010907</duration><startTime type="System.DateTime"><dateData type="System.UInt64">633673775007513836</dateData></startTime><endTime type="System.DateTime"><dateData type="System.UInt64">633673775007513836</dateData></endTime><spoolMessage type="System.Boolean">True</spoolMessage></UnitTestResult><UnitTestResult type="Microsoft.VisualStudio.TestTools.TestTypes.Unit.UnitTestResult, Microsoft.VisualStudio.QualityTools.Tips.UnitTest.ObjectModel, Version=8.0.0.0, Culture=neutral, PublicKeyToken=b03f5f7f11d50a3a"><resultType type="Microsoft.VisualStudio.TestTools.TestTypes.Unit.UnitTestResultType, Microsoft.VisualStudio.QualityTools.Tips.UnitTest.ObjectModel, Version=8.0.0.0, Culture=neutral, PublicKeyToken=b03f5f7f11d50a3a"><value__ type="System.Int32">0</value__></resultType><m_hasSufficientAccess type="System.Boolean">True</m_hasSufficientAccess><counters type="Microsoft.VisualStudio.TestTools.Common.TestResultCounter"><values type="System.Int32">0,0,0,0,0,0,0,0,0,0,0,0,0,0</values><total type="System.Int32">1</total></counters><categoryId type="Microsoft.VisualStudio.TestTools.Common.TestCategoryId"><id type="System.Guid">8c84fa94-04c1-424b-9868-57a2d4851a1d</id></categoryId><outcome type="Microsoft.VisualStudio.TestTools.Common.TestOutcome"><value__ type="System.Int32">4</value__></outcome><errorInfo type="Microsoft.VisualStudio.TestTools.Common.TestResultErrorInfo"><message type="System.String">Assert.Inconclusive failed. Verify the correctness of this test method</message><stackTrace type="System.String">   at BrownShoe.UnitTests.Services.Orders.CustomerOrderServiceTest.ListRelatedOrderHistoryTest()
</stackTrace></errorInfo><traceInfo type="Microsoft.VisualStudio.TestTools.Common.TestExecutionTraceInformation"><trace type="System.Text.StringBuilder">Creating instance of class BrownShoe.UnitTests.Services.Orders.CustomerOrderServiceTest.
Calling Test method BrownShoe.UnitTests.Services.Orders.CustomerOrderServiceTest.Microsoft.VisualStudio.TestTools.TestTypes.Unit.TestMethod.
</trace></traceInfo><stdout type="System.String" /><stderr type="System.String" /><debugTrace type="System.String" /><workItemIds type="System.Collections.Generic.List`1[[System.Int32, mscorlib, Version=2.0.0.0, Culture=neutral, PublicKeyToken=b77a5c561934e089]]"><_size type="System.Int32">0</_size><_version type="System.Int32">1</_version></workItemIds><id type="Microsoft.VisualStudio.TestTools.Common.TestResultId"><runId type="System.Guid">3d9a8baa-b9cb-4717-8a94-3c6445344217</runId><executionId type="Microsoft.VisualStudio.TestTools.Common.TestExecId"><id type="System.Guid">13e7691c-a5f0-4217-99fe-62cb5025903c</id></executionId><parentExecId type="Microsoft.VisualStudio.TestTools.Common.TestExecId"><id type="System.Guid">00000000-0000-0000-0000-000000000000</id></parentExecId><testId type="Microsoft.VisualStudio.TestTools.Common.TestId"><id type="System.Guid">179dd97c-a1b0-0996-44e6-2df937b5eda3</id></testId></id><testName type="System.String">ListRelatedOrderHistoryTest</testName><testType type="Microsoft.VisualStudio.TestTools.Common.TestType"><id type="System.Guid">13cdc9d9-ddb5-4fa4-a97d-d965ccfc6d4b</id></testType><messageKind type="Microsoft.VisualStudio.TestTools.Common.TestMessageKind"><value__ type="System.Int32">1</value__></messageKind><computerInfo type="Microsoft.VisualStudio.TestTools.Common.ComputerInfo"><m_computerName type="System.String">ECDATA-TFS01</m_computerName></computerInfo><duration type="System.TimeSpan">00:00:00.0006788</duration><startTime type="System.DateTime"><dateData type="System.UInt64">633673775007513836</dateData></startTime><endTime type="System.DateTime"><dateData type="System.UInt64">633673775007670096</dateData></endTime><spoolMessage type="System.Boolean">True</spoolMessage></UnitTestResult><UnitTestResult type="Microsoft.VisualStudio.TestTools.TestTypes.Unit.UnitTestResult, Microsoft.VisualStudio.QualityTools.Tips.UnitTest.ObjectModel, Version=8.0.0.0, Culture=neutral, PublicKeyToken=b03f5f7f11d50a3a"><resultType type="Microsoft.VisualStudio.TestTools.TestTypes.Unit.UnitTestResultType, Microsoft.VisualStudio.QualityTools.Tips.UnitTest.ObjectModel, Version=8.0.0.0, Culture=neutral, PublicKeyToken=b03f5f7f11d50a3a"><value__ type="System.Int32">0</value__></resultType><m_hasSufficientAccess type="System.Boolean">True</m_hasSufficientAccess><counters type="Microsoft.VisualStudio.TestTools.Common.TestResultCounter"><values type="System.Int32">0,0,0,0,0,0,0,0,0,0,0,0,0,0</values><total type="System.Int32">1</total></counters><categoryId type="Microsoft.VisualStudio.TestTools.Common.TestCategoryId"><id type="System.Guid">8c84fa94-04c1-424b-9868-57a2d4851a1d</id></categoryId><outcome type="Microsoft.VisualStudio.TestTools.Common.TestOutcome"><value__ type="System.Int32">4</value__></outcome><errorInfo type="Microsoft.VisualStudio.TestTools.Common.TestResultErrorInfo"><message type="System.String">Assert.Inconclusive failed. Verify the correctness of this test method</message><stackTrace type="System.String">   at BrownShoe.UnitTests.Services.Orders.CustomerOrderServiceTest.ListRetailSiteReturnReasonsTest()
</stackTrace></errorInfo><traceInfo type="Microsoft.VisualStudio.TestTools.Common.TestExecutionTraceInformation"><trace type="System.Text.StringBuilder">Creating instance of class BrownShoe.UnitTests.Services.Orders.CustomerOrderServiceTest.
Calling Test method BrownShoe.UnitTests.Services.Orders.CustomerOrderServiceTest.Microsoft.VisualStudio.TestTools.TestTypes.Unit.TestMethod.
</trace></traceInfo><stdout type="System.String" /><stderr type="System.String" /><debugTrace type="System.String" /><workItemIds type="System.Collections.Generic.List`1[[System.Int32, mscorlib, Version=2.0.0.0, Culture=neutral, PublicKeyToken=b77a5c561934e089]]"><_size type="System.Int32">0</_size><_version type="System.Int32">1</_version></workItemIds><id type="Microsoft.VisualStudio.TestTools.Common.TestResultId"><runId type="System.Guid">3d9a8baa-b9cb-4717-8a94-3c6445344217</runId><executionId type="Microsoft.VisualStudio.TestTools.Common.TestExecId"><id type="System.Guid">27bc2309-aebc-43e3-b62e-7cd245c7002f</id></executionId><parentExecId type="Microsoft.VisualStudio.TestTools.Common.TestExecId"><id type="System.Guid">00000000-0000-0000-0000-000000000000</id></parentExecId><testId type="Microsoft.VisualStudio.TestTools.Common.TestId"><id type="System.Guid">c8870ffe-9330-87df-54e6-9a1f7017c4c2</id></testId></id><testName type="System.String">ListRetailSiteReturnReasonsTest</testName><testType type="Microsoft.VisualStudio.TestTools.Common.TestType"><id type="System.Guid">13cdc9d9-ddb5-4fa4-a97d-d965ccfc6d4b</id></testType><messageKind type="Microsoft.VisualStudio.TestTools.Common.TestMessageKind"><value__ type="System.Int32">1</value__></messageKind><computerInfo type="Microsoft.VisualStudio.TestTools.Common.ComputerInfo"><m_computerName type="System.String">ECDATA-TFS01</m_computerName></computerInfo><duration type="System.TimeSpan">00:00:00.0007624</duration><startTime type="System.DateTime"><dateData type="System.UInt64">633673775007670096</dateData></startTime><endTime type="System.DateTime"><dateData type="System.UInt64">633673775007670096</dateData></endTime><spoolMessage type="System.Boolean">True</spoolMessage></UnitTestResult><UnitTestResult type="Microsoft.VisualStudio.TestTools.TestTypes.Unit.UnitTestResult, Microsoft.VisualStudio.QualityTools.Tips.UnitTest.ObjectModel, Version=8.0.0.0, Culture=neutral, PublicKeyToken=b03f5f7f11d50a3a"><resultType type="Microsoft.VisualStudio.TestTools.TestTypes.Unit.UnitTestResultType, Microsoft.VisualStudio.QualityTools.Tips.UnitTest.ObjectModel, Version=8.0.0.0, Culture=neutral, PublicKeyToken=b03f5f7f11d50a3a"><value__ type="System.Int32">0</value__></resultType><m_hasSufficientAccess type="System.Boolean">True</m_hasSufficientAccess><counters type="Microsoft.VisualStudio.TestTools.Common.TestResultCounter"><values type="System.Int32">0,0,0,0,0,0,0,0,0,0,0,0,0,0</values><total type="System.Int32">1</total></counters><categoryId type="Microsoft.VisualStudio.TestTools.Common.TestCategoryId"><id type="System.Guid">8c84fa94-04c1-424b-9868-57a2d4851a1d</id></categoryId><outcome type="Microsoft.VisualStudio.TestTools.Common.TestOutcome"><value__ type="System.Int32">4</value__></outcome><errorInfo type="Microsoft.VisualStudio.TestTools.Common.TestResultErrorInfo"><message type="System.String">Assert.Inconclusive failed. Verify the correctness of this test method</message><stackTrace type="System.String">   at BrownShoe.UnitTests.Services.Orders.CustomerOrderServiceTest.ListReturnReasonsTest()
</stackTrace></errorInfo><traceInfo type="Microsoft.VisualStudio.TestTools.Common.TestExecutionTraceInformation"><trace type="System.Text.StringBuilder">Creating instance of class BrownShoe.UnitTests.Services.Orders.CustomerOrderServiceTest.
Calling Test method BrownShoe.UnitTests.Services.Orders.CustomerOrderServiceTest.Microsoft.VisualStudio.TestTools.TestTypes.Unit.TestMethod.
</trace></traceInfo><stdout type="System.String" /><stderr type="System.String" /><debugTrace type="System.String" /><workItemIds type="System.Collections.Generic.List`1[[System.Int32, mscorlib, Version=2.0.0.0, Culture=neutral, PublicKeyToken=b77a5c561934e089]]"><_size type="System.Int32">0</_size><_version type="System.Int32">1</_version></workItemIds><id type="Microsoft.VisualStudio.TestTools.Common.TestResultId"><runId type="System.Guid">3d9a8baa-b9cb-4717-8a94-3c6445344217</runId><executionId type="Microsoft.VisualStudio.TestTools.Common.TestExecId"><id type="System.Guid">18ad352a-805b-44e5-b6f9-fbf88a13b455</id></executionId><parentExecId type="Microsoft.VisualStudio.TestTools.Common.TestExecId"><id type="System.Guid">00000000-0000-0000-0000-000000000000</id></parentExecId><testId type="Microsoft.VisualStudio.TestTools.Common.TestId"><id type="System.Guid">30c45e4b-51ff-e0fc-4aca-6de014e5caf5</id></testId></id><testName type="System.String">ListReturnReasonsTest</testName><testType type="Microsoft.VisualStudio.TestTools.Common.TestType"><id type="System.Guid">13cdc9d9-ddb5-4fa4-a97d-d965ccfc6d4b</id></testType><messageKind type="Microsoft.VisualStudio.TestTools.Common.TestMessageKind"><value__ type="System.Int32">1</value__></messageKind><computerInfo type="Microsoft.VisualStudio.TestTools.Common.ComputerInfo"><m_computerName type="System.String">ECDATA-TFS01</m_computerName></computerInfo><duration type="System.TimeSpan">00:00:00.0007136</duration><startTime type="System.DateTime"><dateData type="System.UInt64">633673775007670096</dateData></startTime><endTime type="System.DateTime"><dateData type="System.UInt64">633673775007670096</dateData></endTime><spoolMessage type="System.Boolean">True</spoolMessage></UnitTestResult><UnitTestResult type="Microsoft.VisualStudio.TestTools.TestTypes.Unit.UnitTestResult, Microsoft.VisualStudio.QualityTools.Tips.UnitTest.ObjectModel, Version=8.0.0.0, Culture=neutral, PublicKeyToken=b03f5f7f11d50a3a"><resultType type="Microsoft.VisualStudio.TestTools.TestTypes.Unit.UnitTestResultType, Microsoft.VisualStudio.QualityTools.Tips.UnitTest.ObjectModel, Version=8.0.0.0, Culture=neutral, PublicKeyToken=b03f5f7f11d50a3a"><value__ type="System.Int32">0</value__></resultType><m_hasSufficientAccess type="System.Boolean">True</m_hasSufficientAccess><counters type="Microsoft.VisualStudio.TestTools.Common.TestResultCounter"><values type="System.Int32">0,0,0,0,0,0,0,0,0,0,0,0,0,0</values><total type="System.Int32">1</total></counters><categoryId type="Microsoft.VisualStudio.TestTools.Common.TestCategoryId"><id type="System.Guid">8c84fa94-04c1-424b-9868-57a2d4851a1d</id></categoryId><outcome type="Microsoft.VisualStudio.TestTools.Common.TestOutcome"><value__ type="System.Int32">4</value__></outcome><errorInfo type="Microsoft.VisualStudio.TestTools.Common.TestResultErrorInfo"><message type="System.String">Assert.Inconclusive failed. Verify the correctness of this test method</message><stackTrace type="System.String">   at BrownShoe.UnitTests.Services.Orders.CustomerOrderServiceTest.ListTest()
</stackTrace></errorInfo><traceInfo type="Microsoft.VisualStudio.TestTools.Common.TestExecutionTraceInformation"><trace type="System.Text.StringBuilder">Creating instance of class BrownShoe.UnitTests.Services.Orders.CustomerOrderServiceTest.
Calling Test method BrownShoe.UnitTests.Services.Orders.CustomerOrderServiceTest.Microsoft.VisualStudio.TestTools.TestTypes.Unit.TestMethod.
</trace></traceInfo><stdout type="System.String" /><stderr type="System.String" /><debugTrace type="System.String" /><workItemIds type="System.Collections.Generic.List`1[[System.Int32, mscorlib, Version=2.0.0.0, Culture=neutral, PublicKeyToken=b77a5c561934e089]]"><_size type="System.Int32">0</_size><_version type="System.Int32">1</_version></workItemIds><id type="Microsoft.VisualStudio.TestTools.Common.TestResultId"><runId type="System.Guid">3d9a8baa-b9cb-4717-8a94-3c6445344217</runId><executionId type="Microsoft.VisualStudio.TestTools.Common.TestExecId"><id type="System.Guid">6c00f0af-55ff-408f-a66f-cc298f8727c6</id></executionId><parentExecId type="Microsoft.VisualStudio.TestTools.Common.TestExecId"><id type="System.Guid">00000000-0000-0000-0000-000000000000</id></parentExecId><testId type="Microsoft.VisualStudio.TestTools.Common.TestId"><id type="System.Guid">6ad6e7ca-3b0b-adfe-aefb-9ad0ab6ce36f</id></testId></id><testName type="System.String">ListTest</testName><testType type="Microsoft.VisualStudio.TestTools.Common.TestType"><id type="System.Guid">13cdc9d9-ddb5-4fa4-a97d-d965ccfc6d4b</id></testType><messageKind type="Microsoft.VisualStudio.TestTools.Common.TestMessageKind"><value__ type="System.Int32">1</value__></messageKind><computerInfo type="Microsoft.VisualStudio.TestTools.Common.ComputerInfo"><m_computerName type="System.String">ECDATA-TFS01</m_computerName></computerInfo><duration type="System.TimeSpan">00:00:00.0007574</duration><startTime type="System.DateTime"><dateData type="System.UInt64">633673775007670096</dateData></startTime><endTime type="System.DateTime"><dateData type="System.UInt64">633673775007826356</dateData></endTime><spoolMessage type="System.Boolean">True</spoolMessage></UnitTestResult><UnitTestResult type="Microsoft.VisualStudio.TestTools.TestTypes.Unit.UnitTestResult, Microsoft.VisualStudio.QualityTools.Tips.UnitTest.ObjectModel, Version=8.0.0.0, Culture=neutral, PublicKeyToken=b03f5f7f11d50a3a"><resultType type="Microsoft.VisualStudio.TestTools.TestTypes.Unit.UnitTestResultType, Microsoft.VisualStudio.QualityTools.Tips.UnitTest.ObjectModel, Version=8.0.0.0, Culture=neutral, PublicKeyToken=b03f5f7f11d50a3a"><value__ type="System.Int32">0</value__></resultType><m_hasSufficientAccess type="System.Boolean">True</m_hasSufficientAccess><counters type="Microsoft.VisualStudio.TestTools.Common.TestResultCounter"><values type="System.Int32">0,0,0,0,0,0,0,0,0,0,0,0,0,0</values><total type="System.Int32">1</total></counters><categoryId type="Microsoft.VisualStudio.TestTools.Common.TestCategoryId"><id type="System.Guid">8c84fa94-04c1-424b-9868-57a2d4851a1d</id></categoryId><outcome type="Microsoft.VisualStudio.TestTools.Common.TestOutcome"><value__ type="System.Int32">4</value__></outcome><errorInfo type="Microsoft.VisualStudio.TestTools.Common.TestResultErrorInfo"><message type="System.String">Assert.Inconclusive failed. Verify the correctness of this test method</message><stackTrace type="System.String">   at BrownShoe.UnitTests.Services.Orders.CustomerOrderServiceTest.ListUserOrderHistoryTest()
</stackTrace></errorInfo><traceInfo type="Microsoft.VisualStudio.TestTools.Common.TestExecutionTraceInformation"><trace type="System.Text.StringBuilder">Creating instance of class BrownShoe.UnitTests.Services.Orders.CustomerOrderServiceTest.
Calling Test method BrownShoe.UnitTests.Services.Orders.CustomerOrderServiceTest.Microsoft.VisualStudio.TestTools.TestTypes.Unit.TestMethod.
</trace></traceInfo><stdout type="System.String" /><stderr type="System.String" /><debugTrace type="System.String" /><workItemIds type="System.Collections.Generic.List`1[[System.Int32, mscorlib, Version=2.0.0.0, Culture=neutral, PublicKeyToken=b77a5c561934e089]]"><_size type="System.Int32">0</_size><_version type="System.Int32">1</_version></workItemIds><id type="Microsoft.VisualStudio.TestTools.Common.TestResultId"><runId type="System.Guid">3d9a8baa-b9cb-4717-8a94-3c6445344217</runId><executionId type="Microsoft.VisualStudio.TestTools.Common.TestExecId"><id type="System.Guid">26a97ac0-109f-4727-9ffe-51e29e999e75</id></executionId><parentExecId type="Microsoft.VisualStudio.TestTools.Common.TestExecId"><id type="System.Guid">00000000-0000-0000-0000-000000000000</id></parentExecId><testId type="Microsoft.VisualStudio.TestTools.Common.TestId"><id type="System.Guid">778edacd-01ee-6577-ffea-5ade98f716c0</id></testId></id><testName type="System.String">ListUserOrderHistoryTest</testName><testType type="Microsoft.VisualStudio.TestTools.Common.TestType"><id type="System.Guid">13cdc9d9-ddb5-4fa4-a97d-d965ccfc6d4b</id></testType><messageKind type="Microsoft.VisualStudio.TestTools.Common.TestMessageKind"><value__ type="System.Int32">1</value__></messageKind><computerInfo type="Microsoft.VisualStudio.TestTools.Common.ComputerInfo"><m_computerName type="System.String">ECDATA-TFS01</m_computerName></computerInfo><duration type="System.TimeSpan">00:00:00.0005819</duration><startTime type="System.DateTime"><dateData type="System.UInt64">633673775007826356</dateData></startTime><endTime type="System.DateTime"><dateData type="System.UInt64">633673775007826356</dateData></endTime><spoolMessage type="System.Boolean">True</spoolMessage></UnitTestResult><UnitTestResult type="Microsoft.VisualStudio.TestTools.TestTypes.Unit.UnitTestResult, Microsoft.VisualStudio.QualityTools.Tips.UnitTest.ObjectModel, Version=8.0.0.0, Culture=neutral, PublicKeyToken=b03f5f7f11d50a3a"><resultType type="Microsoft.VisualStudio.TestTools.TestTypes.Unit.UnitTestResultType, Microsoft.VisualStudio.QualityTools.Tips.UnitTest.ObjectModel, Version=8.0.0.0, Culture=neutral, PublicKeyToken=b03f5f7f11d50a3a"><value__ type="System.Int32">0</value__></resultType><m_hasSufficientAccess type="System.Boolean">True</m_hasSufficientAccess><counters type="Microsoft.VisualStudio.TestTools.Common.TestResultCounter"><values type="System.Int32">0,0,0,0,0,0,0,0,0,0,0,0,0,0</values><total type="System.Int32">1</total></counters><categoryId type="Microsoft.VisualStudio.TestTools.Common.TestCategoryId"><id type="System.Guid">8c84fa94-04c1-424b-9868-57a2d4851a1d</id></categoryId><outcome type="Microsoft.VisualStudio.TestTools.Common.TestOutcome"><value__ type="System.Int32">4</value__></outcome><errorInfo type="Microsoft.VisualStudio.TestTools.Common.TestResultErrorInfo"><message type="System.String">Assert.Inconclusive failed. Verify the correctness of this test method</message><stackTrace type="System.String">   at BrownShoe.UnitTests.Services.Orders.CustomerOrderServiceTest.OrderReviewBankHoldTest()
</stackTrace></errorInfo><traceInfo type="Microsoft.VisualStudio.TestTools.Common.TestExecutionTraceInformation"><trace type="System.Text.StringBuilder">Creating instance of class BrownShoe.UnitTests.Services.Orders.CustomerOrderServiceTest.
Calling Test method BrownShoe.UnitTests.Services.Orders.CustomerOrderServiceTest.Microsoft.VisualStudio.TestTools.TestTypes.Unit.TestMethod.
</trace></traceInfo><stdout type="System.String" /><stderr type="System.String" /><debugTrace type="System.String" /><workItemIds type="System.Collections.Generic.List`1[[System.Int32, mscorlib, Version=2.0.0.0, Culture=neutral, PublicKeyToken=b77a5c561934e089]]"><_size type="System.Int32">0</_size><_version type="System.Int32">1</_version></workItemIds><id type="Microsoft.VisualStudio.TestTools.Common.TestResultId"><runId type="System.Guid">3d9a8baa-b9cb-4717-8a94-3c6445344217</runId><executionId type="Microsoft.VisualStudio.TestTools.Common.TestExecId"><id type="System.Guid">e9319432-3a19-4d48-9f0f-281c3ef27b9e</id></executionId><parentExecId type="Microsoft.VisualStudio.TestTools.Common.TestExecId"><id type="System.Guid">00000000-0000-0000-0000-000000000000</id></parentExecId><testId type="Microsoft.VisualStudio.TestTools.Common.TestId"><id type="System.Guid">35152d20-1c1a-9f37-70b1-aba76b88e0f3</id></testId></id><testName type="System.String">OrderReviewBankHoldTest</testName><testType type="Microsoft.VisualStudio.TestTools.Common.TestType"><id type="System.Guid">13cdc9d9-ddb5-4fa4-a97d-d965ccfc6d4b</id></testType><messageKind type="Microsoft.VisualStudio.TestTools.Common.TestMessageKind"><value__ type="System.Int32">1</value__></messageKind><computerInfo type="Microsoft.VisualStudio.TestTools.Common.ComputerInfo"><m_computerName type="System.String">ECDATA-TFS01</m_computerName></computerInfo><duration type="System.TimeSpan">00:00:00.0007252</duration><startTime type="System.DateTime"><dateData type="System.UInt64">633673775007826356</dateData></startTime><endTime type="System.DateTime"><dateData type="System.UInt64">633673775007982616</dateData></endTime><spoolMessage type="System.Boolean">True</spoolMessage></UnitTestResult><UnitTestResult type="Microsoft.VisualStudio.TestTools.TestTypes.Unit.UnitTestResult, Microsoft.VisualStudio.QualityTools.Tips.UnitTest.ObjectModel, Version=8.0.0.0, Culture=neutral, PublicKeyToken=b03f5f7f11d50a3a"><resultType type="Microsoft.VisualStudio.TestTools.TestTypes.Unit.UnitTestResultType, Microsoft.VisualStudio.QualityTools.Tips.UnitTest.ObjectModel, Version=8.0.0.0, Culture=neutral, PublicKeyToken=b03f5f7f11d50a3a"><value__ type="System.Int32">0</value__></resultType><m_hasSufficientAccess type="System.Boolean">True</m_hasSufficientAccess><counters type="Microsoft.VisualStudio.TestTools.Common.TestResultCounter"><values type="System.Int32">0,0,0,0,0,0,0,0,0,0,0,0,0,0</values><total type="System.Int32">1</total></counters><categoryId type="Microsoft.VisualStudio.TestTools.Common.TestCategoryId"><id type="System.Guid">8c84fa94-04c1-424b-9868-57a2d4851a1d</id></categoryId><outcome type="Microsoft.VisualStudio.TestTools.Common.TestOutcome"><value__ type="System.Int32">4</value__></outcome><errorInfo type="Microsoft.VisualStudio.TestTools.Common.TestResultErrorInfo"><message type="System.String">Assert.Inconclusive failed. Verify the correctness of this test method</message><stackTrace type="System.String">   at BrownShoe.UnitTests.Services.Orders.CustomerOrderServiceTest.OrderReviewCustHoldTest()
</stackTrace></errorInfo><traceInfo type="Microsoft.VisualStudio.TestTools.Common.TestExecutionTraceInformation"><trace type="System.Text.StringBuilder">Creating instance of class BrownShoe.UnitTests.Services.Orders.CustomerOrderServiceTest.
Calling Test method BrownShoe.UnitTests.Services.Orders.CustomerOrderServiceTest.Microsoft.VisualStudio.TestTools.TestTypes.Unit.TestMethod.
</trace></traceInfo><stdout type="System.String" /><stderr type="System.String" /><debugTrace type="System.String" /><workItemIds type="System.Collections.Generic.List`1[[System.Int32, mscorlib, Version=2.0.0.0, Culture=neutral, PublicKeyToken=b77a5c561934e089]]"><_size type="System.Int32">0</_size><_version type="System.Int32">1</_version></workItemIds><id type="Microsoft.VisualStudio.TestTools.Common.TestResultId"><runId type="System.Guid">3d9a8baa-b9cb-4717-8a94-3c6445344217</runId><executionId type="Microsoft.VisualStudio.TestTools.Common.TestExecId"><id type="System.Guid">85990604-53bc-4836-8e3f-d83c6a894f47</id></executionId><parentExecId type="Microsoft.VisualStudio.TestTools.Common.TestExecId"><id type="System.Guid">00000000-0000-0000-0000-000000000000</id></parentExecId><testId type="Microsoft.VisualStudio.TestTools.Common.TestId"><id type="System.Guid">da69150a-60d8-3f4f-6635-e349e4f74581</id></testId></id><testName type="System.String">OrderReviewCustHoldTest</testName><testType type="Microsoft.VisualStudio.TestTools.Common.TestType"><id type="System.Guid">13cdc9d9-ddb5-4fa4-a97d-d965ccfc6d4b</id></testType><messageKind type="Microsoft.VisualStudio.TestTools.Common.TestMessageKind"><value__ type="System.Int32">1</value__></messageKind><computerInfo type="Microsoft.VisualStudio.TestTools.Common.ComputerInfo"><m_computerName type="System.String">ECDATA-TFS01</m_computerName></computerInfo><duration type="System.TimeSpan">00:00:00.0006406</duration><startTime type="System.DateTime"><dateData type="System.UInt64">633673775007982616</dateData></startTime><endTime type="System.DateTime"><dateData type="System.UInt64">633673775007982616</dateData></endTime><spoolMessage type="System.Boolean">True</spoolMessage></UnitTestResult><UnitTestResult type="Microsoft.VisualStudio.TestTools.TestTypes.Unit.UnitTestResult, Microsoft.VisualStudio.QualityTools.Tips.UnitTest.ObjectModel, Version=8.0.0.0, Culture=neutral, PublicKeyToken=b03f5f7f11d50a3a"><resultType type="Microsoft.VisualStudio.TestTools.TestTypes.Unit.UnitTestResultType, Microsoft.VisualStudio.QualityTools.Tips.UnitTest.ObjectModel, Version=8.0.0.0, Culture=neutral, PublicKeyToken=b03f5f7f11d50a3a"><value__ type="System.Int32">0</value__></resultType><m_hasSufficientAccess type="System.Boolean">True</m_hasSufficientAccess><counters type="Microsoft.VisualStudio.TestTools.Common.TestResultCounter"><values type="System.Int32">0,0,0,0,0,0,0,0,0,0,0,0,0,0</values><total type="System.Int32">1</total></counters><categoryId type="Microsoft.VisualStudio.TestTools.Common.TestCategoryId"><id type="System.Guid">8c84fa94-04c1-424b-9868-57a2d4851a1d</id></categoryId><outcome type="Microsoft.VisualStudio.TestTools.Common.TestOutcome"><value__ type="System.Int32">4</value__></outcome><errorInfo type="Microsoft.VisualStudio.TestTools.Common.TestResultErrorInfo"><message type="System.String">Assert.Inconclusive failed. Verify the correctness of this test method</message><stackTrace type="System.String">   at BrownShoe.UnitTests.Services.Orders.CustomerOrderServiceTest.OrderReviewStartTest()
</stackTrace></errorInfo><traceInfo type="Microsoft.VisualStudio.TestTools.Common.TestExecutionTraceInformation"><trace type="System.Text.StringBuilder">Creating instance of class BrownShoe.UnitTests.Services.Orders.CustomerOrderServiceTest.
Calling Test method BrownShoe.UnitTests.Services.Orders.CustomerOrderServiceTest.Microsoft.VisualStudio.TestTools.TestTypes.Unit.TestMethod.
</trace></traceInfo><stdout type="System.String" /><stderr type="System.String" /><debugTrace type="System.String" /><workItemIds type="System.Collections.Generic.List`1[[System.Int32, mscorlib, Version=2.0.0.0, Culture=neutral, PublicKeyToken=b77a5c561934e089]]"><_size type="System.Int32">0</_size><_version type="System.Int32">1</_version></workItemIds><id type="Microsoft.VisualStudio.TestTools.Common.TestResultId"><runId type="System.Guid">3d9a8baa-b9cb-4717-8a94-3c6445344217</runId><executionId type="Microsoft.VisualStudio.TestTools.Common.TestExecId"><id type="System.Guid">e3350b94-bb04-4d61-a0e2-f9c2f2853148</id></executionId><parentExecId type="Microsoft.VisualStudio.TestTools.Common.TestExecId"><id type="System.Guid">00000000-0000-0000-0000-000000000000</id></parentExecId><testId type="Microsoft.VisualStudio.TestTools.Common.TestId"><id type="System.Guid">f2ae42da-79de-2c11-45ba-300d4848f277</id></testId></id><testName type="System.String">OrderReviewStartTest</testName><testType type="Microsoft.VisualStudio.TestTools.Common.TestType"><id type="System.Guid">13cdc9d9-ddb5-4fa4-a97d-d965ccfc6d4b</id></testType><messageKind type="Microsoft.VisualStudio.TestTools.Common.TestMessageKind"><value__ type="System.Int32">1</value__></messageKind><computerInfo type="Microsoft.VisualStudio.TestTools.Common.ComputerInfo"><m_computerName type="System.String">ECDATA-TFS01</m_computerName></computerInfo><duration type="System.TimeSpan">00:00:00.0006833</duration><startTime type="System.DateTime"><dateData type="System.UInt64">633673775007982616</dateData></startTime><endTime type="System.DateTime"><dateData type="System.UInt64">633673775007982616</dateData></endTime><spoolMessage type="System.Boolean">True</spoolMessage></UnitTestResult><UnitTestResult type="Microsoft.VisualStudio.TestTools.TestTypes.Unit.UnitTestResult, Microsoft.VisualStudio.QualityTools.Tips.UnitTest.ObjectModel, Version=8.0.0.0, Culture=neutral, PublicKeyToken=b03f5f7f11d50a3a"><resultType type="Microsoft.VisualStudio.TestTools.TestTypes.Unit.UnitTestResultType, Microsoft.VisualStudio.QualityTools.Tips.UnitTest.ObjectModel, Version=8.0.0.0, Culture=neutral, PublicKeyToken=b03f5f7f11d50a3a"><value__ type="System.Int32">0</value__></resultType><m_hasSufficientAccess type="System.Boolean">True</m_hasSufficientAccess><counters type="Microsoft.VisualStudio.TestTools.Common.TestResultCounter"><values type="System.Int32">0,0,0,0,0,0,0,0,0,0,0,0,0,0</values><total type="System.Int32">1</total></counters><categoryId type="Microsoft.VisualStudio.TestTools.Common.TestCategoryId"><id type="System.Guid">8c84fa94-04c1-424b-9868-57a2d4851a1d</id></categoryId><outcome type="Microsoft.VisualStudio.TestTools.Common.TestOutcome"><value__ type="System.Int32">4</value__></outcome><errorInfo type="Microsoft.VisualStudio.TestTools.Common.TestResultErrorInfo"><message type="System.String">Assert.Inconclusive failed. Verify the correctness of this test method</message><stackTrace type="System.String">   at BrownShoe.UnitTests.Services.Orders.CustomerOrderServiceTest.OrderReviewStopTest()
</stackTrace></errorInfo><traceInfo type="Microsoft.VisualStudio.TestTools.Common.TestExecutionTraceInformation"><trace type="System.Text.StringBuilder">Creating instance of class BrownShoe.UnitTests.Services.Orders.CustomerOrderServiceTest.
Calling Test method BrownShoe.UnitTests.Services.Orders.CustomerOrderServiceTest.Microsoft.VisualStudio.TestTools.TestTypes.Unit.TestMethod.
</trace></traceInfo><stdout type="System.String" /><stderr type="System.String" /><debugTrace type="System.String" /><workItemIds type="System.Collections.Generic.List`1[[System.Int32, mscorlib, Version=2.0.0.0, Culture=neutral, PublicKeyToken=b77a5c561934e089]]"><_size type="System.Int32">0</_size><_version type="System.Int32">1</_version></workItemIds><id type="Microsoft.VisualStudio.TestTools.Common.TestResultId"><runId type="System.Guid">3d9a8baa-b9cb-4717-8a94-3c6445344217</runId><executionId type="Microsoft.VisualStudio.TestTools.Common.TestExecId"><id type="System.Guid">4c96d7ba-5884-4c00-a71c-68bf5f363bae</id></executionId><parentExecId type="Microsoft.VisualStudio.TestTools.Common.TestExecId"><id type="System.Guid">00000000-0000-0000-0000-000000000000</id></parentExecId><testId type="Microsoft.VisualStudio.TestTools.Common.TestId"><id type="System.Guid">01414cf6-01ad-39e1-510c-7e25cdfead73</id></testId></id><testName type="System.String">OrderReviewStopTest</testName><testType type="Microsoft.VisualStudio.TestTools.Common.TestType"><id type="System.Guid">13cdc9d9-ddb5-4fa4-a97d-d965ccfc6d4b</id></testType><messageKind type="Microsoft.VisualStudio.TestTools.Common.TestMessageKind"><value__ type="System.Int32">1</value__></messageKind><computerInfo type="Microsoft.VisualStudio.TestTools.Common.ComputerInfo"><m_computerName type="System.String">ECDATA-TFS01</m_computerName></computerInfo><duration type="System.TimeSpan">00:00:00.0008368</duration><startTime type="System.DateTime"><dateData type="System.UInt64">633673775007982616</dateData></startTime><endTime type="System.DateTime"><dateData type="System.UInt64">633673775008138876</dateData></endTime><spoolMessage type="System.Boolean">True</spoolMessage></UnitTestResult><UnitTestResult type="Microsoft.VisualStudio.TestTools.TestTypes.Unit.UnitTestResult, Microsoft.VisualStudio.QualityTools.Tips.UnitTest.ObjectModel, Version=8.0.0.0, Culture=neutral, PublicKeyToken=b03f5f7f11d50a3a"><resultType type="Microsoft.VisualStudio.TestTools.TestTypes.Unit.UnitTestResultType, Microsoft.VisualStudio.QualityTools.Tips.UnitTest.ObjectModel, Version=8.0.0.0, Culture=neutral, PublicKeyToken=b03f5f7f11d50a3a"><value__ type="System.Int32">0</value__></resultType><m_hasSufficientAccess type="System.Boolean">True</m_hasSufficientAccess><counters type="Microsoft.VisualStudio.TestTools.Common.TestResultCounter"><values type="System.Int32">0,0,0,0,0,0,0,0,0,0,0,0,0,0</values><total type="System.Int32">1</total></counters><categoryId type="Microsoft.VisualStudio.TestTools.Common.TestCategoryId"><id type="System.Guid">8c84fa94-04c1-424b-9868-57a2d4851a1d</id></categoryId><outcome type="Microsoft.VisualStudio.TestTools.Common.TestOutcome"><value__ type="System.Int32">4</value__></outcome><errorInfo type="Microsoft.VisualStudio.TestTools.Common.TestResultErrorInfo"><message type="System.String">Assert.Inconclusive failed. Verify the correctness of this test method</message><stackTrace type="System.String">   at BrownShoe.UnitTests.Services.Orders.CustomerOrderServiceTest.ReadCustomerOrderReviewTest()
</stackTrace></errorInfo><traceInfo type="Microsoft.VisualStudio.TestTools.Common.TestExecutionTraceInformation"><trace type="System.Text.StringBuilder">Creating instance of class BrownShoe.UnitTests.Services.Orders.CustomerOrderServiceTest.
Calling Test method BrownShoe.UnitTests.Services.Orders.CustomerOrderServiceTest.Microsoft.VisualStudio.TestTools.TestTypes.Unit.TestMethod.
</trace></traceInfo><stdout type="System.String" /><stderr type="System.String" /><debugTrace type="System.String" /><workItemIds type="System.Collections.Generic.List`1[[System.Int32, mscorlib, Version=2.0.0.0, Culture=neutral, PublicKeyToken=b77a5c561934e089]]"><_size type="System.Int32">0</_size><_version type="System.Int32">1</_version></workItemIds><id type="Microsoft.VisualStudio.TestTools.Common.TestResultId"><runId type="System.Guid">3d9a8baa-b9cb-4717-8a94-3c6445344217</runId><executionId type="Microsoft.VisualStudio.TestTools.Common.TestExecId"><id type="System.Guid">1d9a7f6e-808a-44ef-9880-771904932c7e</id></executionId><parentExecId type="Microsoft.VisualStudio.TestTools.Common.TestExecId"><id type="System.Guid">00000000-0000-0000-0000-000000000000</id></parentExecId><testId type="Microsoft.VisualStudio.TestTools.Common.TestId"><id type="System.Guid">13bc5d17-c3c5-04d7-a922-03628cc9ae86</id></testId></id><testName type="System.String">ReadCustomerOrderReviewTest</testName><testType type="Microsoft.VisualStudio.TestTools.Common.TestType"><id type="System.Guid">13cdc9d9-ddb5-4fa4-a97d-d965ccfc6d4b</id></testType><messageKind type="Microsoft.VisualStudio.TestTools.Common.TestMessageKind"><value__ type="System.Int32">1</value__></messageKind><computerInfo type="Microsoft.VisualStudio.TestTools.Common.ComputerInfo"><m_computerName type="System.String">ECDATA-TFS01</m_computerName></computerInfo><duration type="System.TimeSpan">00:00:00.0009734</duration><startTime type="System.DateTime"><dateData type="System.UInt64">633673775008138876</dateData></startTime><endTime type="System.DateTime"><dateData type="System.UInt64">633673775008138876</dateData></endTime><spoolMessage type="System.Boolean">True</spoolMessage></UnitTestResult><UnitTestResult type="Microsoft.VisualStudio.TestTools.TestTypes.Unit.UnitTestResult, Microsoft.VisualStudio.QualityTools.Tips.UnitTest.ObjectModel, Version=8.0.0.0, Culture=neutral, PublicKeyToken=b03f5f7f11d50a3a"><resultType type="Microsoft.VisualStudio.TestTools.TestTypes.Unit.UnitTestResultType, Microsoft.VisualStudio.QualityTools.Tips.UnitTest.ObjectModel, Version=8.0.0.0, Culture=neutral, PublicKeyToken=b03f5f7f11d50a3a"><value__ type="System.Int32">0</value__></resultType><m_hasSufficientAccess type="System.Boolean">True</m_hasSufficientAccess><counters type="Microsoft.VisualStudio.TestTools.Common.TestResultCounter"><values type="System.Int32">0,0,0,0,0,0,0,0,0,0,0,0,0,0</values><total type="System.Int32">1</total></counters><categoryId type="Microsoft.VisualStudio.TestTools.Common.TestCategoryId"><id type="System.Guid">8c84fa94-04c1-424b-9868-57a2d4851a1d</id></categoryId><outcome type="Microsoft.VisualStudio.TestTools.Common.TestOutcome"><value__ type="System.Int32">4</value__></outcome><errorInfo type="Microsoft.VisualStudio.TestTools.Common.TestResultErrorInfo"><message type="System.String">Assert.Inconclusive failed. Verify the correctness of this test method</message><stackTrace type="System.String">   at BrownShoe.UnitTests.Services.Orders.CustomerOrderServiceTest.RequestReceiptReprintTest()
</stackTrace></errorInfo><traceInfo type="Microsoft.VisualStudio.TestTools.Common.TestExecutionTraceInformation"><trace type="System.Text.StringBuilder">Creating instance of class BrownShoe.UnitTests.Services.Orders.CustomerOrderServiceTest.
Calling Test method BrownShoe.UnitTests.Services.Orders.CustomerOrderServiceTest.Microsoft.VisualStudio.TestTools.TestTypes.Unit.TestMethod.
</trace></traceInfo><stdout type="System.String" /><stderr type="System.String" /><debugTrace type="System.String" /><workItemIds type="System.Collections.Generic.List`1[[System.Int32, mscorlib, Version=2.0.0.0, Culture=neutral, PublicKeyToken=b77a5c561934e089]]"><_size type="System.Int32">0</_size><_version type="System.Int32">1</_version></workItemIds><id type="Microsoft.VisualStudio.TestTools.Common.TestResultId"><runId type="System.Guid">3d9a8baa-b9cb-4717-8a94-3c6445344217</runId><executionId type="Microsoft.VisualStudio.TestTools.Common.TestExecId"><id type="System.Guid">d97185e5-6d4f-4e86-a6e9-4e718a137dc2</id></executionId><parentExecId type="Microsoft.VisualStudio.TestTools.Common.TestExecId"><id type="System.Guid">00000000-0000-0000-0000-000000000000</id></parentExecId><testId type="Microsoft.VisualStudio.TestTools.Common.TestId"><id type="System.Guid">f6422b00-e98c-b324-ec77-b36981ce9851</id></testId></id><testName type="System.String">RequestReceiptReprintTest</testName><testType type="Microsoft.VisualStudio.TestTools.Common.TestType"><id type="System.Guid">13cdc9d9-ddb5-4fa4-a97d-d965ccfc6d4b</id></testType><messageKind type="Microsoft.VisualStudio.TestTools.Common.TestMessageKind"><value__ type="System.Int32">1</value__></messageKind><computerInfo type="Microsoft.VisualStudio.TestTools.Common.ComputerInfo"><m_computerName type="System.String">ECDATA-TFS01</m_computerName></computerInfo><duration type="System.TimeSpan">00:00:00.0005834</duration><startTime type="System.DateTime"><dateData type="System.UInt64">633673775008138876</dateData></startTime><endTime type="System.DateTime"><dateData type="System.UInt64">633673775008295136</dateData></endTime><spoolMessage type="System.Boolean">True</spoolMessage></UnitTestResult><UnitTestResult type="Microsoft.VisualStudio.TestTools.TestTypes.Unit.UnitTestResult, Microsoft.VisualStudio.QualityTools.Tips.UnitTest.ObjectModel, Version=8.0.0.0, Culture=neutral, PublicKeyToken=b03f5f7f11d50a3a"><resultType type="Microsoft.VisualStudio.TestTools.TestTypes.Unit.UnitTestResultType, Microsoft.VisualStudio.QualityTools.Tips.UnitTest.ObjectModel, Version=8.0.0.0, Culture=neutral, PublicKeyToken=b03f5f7f11d50a3a"><value__ type="System.Int32">0</value__></resultType><m_hasSufficientAccess type="System.Boolean">True</m_hasSufficientAccess><counters type="Microsoft.VisualStudio.TestTools.Common.TestResultCounter"><values type="System.Int32">0,0,0,0,0,0,0,0,0,0,0,0,0,0</values><total type="System.Int32">1</total></counters><categoryId type="Microsoft.VisualStudio.TestTools.Common.TestCategoryId"><id type="System.Guid">8c84fa94-04c1-424b-9868-57a2d4851a1d</id></categoryId><outcome type="Microsoft.VisualStudio.TestTools.Common.TestOutcome"><value__ type="System.Int32">4</value__></outcome><errorInfo type="Microsoft.VisualStudio.TestTools.Common.TestResultErrorInfo"><message type="System.String">Assert.Inconclusive failed. Verify the correctness of this test method</message><stackTrace type="System.String">   at BrownShoe.UnitTests.Services.Orders.CustomerOrderServiceTest.SaveTest()
</stackTrace></errorInfo><traceInfo type="Microsoft.VisualStudio.TestTools.Common.TestExecutionTraceInformation"><trace type="System.Text.StringBuilder">Creating instance of class BrownShoe.UnitTests.Services.Orders.CustomerOrderServiceTest.
Calling Test method BrownShoe.UnitTests.Services.Orders.CustomerOrderServiceTest.Microsoft.VisualStudio.TestTools.TestTypes.Unit.TestMethod.
</trace></traceInfo><stdout type="System.String" /><stderr type="System.String" /><debugTrace type="System.String" /><workItemIds type="System.Collections.Generic.List`1[[System.Int32, mscorlib, Version=2.0.0.0, Culture=neutral, PublicKeyToken=b77a5c561934e089]]"><_size type="System.Int32">0</_size><_version type="System.Int32">1</_version></workItemIds><id type="Microsoft.VisualStudio.TestTools.Common.TestResultId"><runId type="System.Guid">3d9a8baa-b9cb-4717-8a94-3c6445344217</runId><executionId type="Microsoft.VisualStudio.TestTools.Common.TestExecId"><id type="System.Guid">7c3ba2e8-d7e0-4129-a8a5-c91783538dea</id></executionId><parentExecId type="Microsoft.VisualStudio.TestTools.Common.TestExecId"><id type="System.Guid">00000000-0000-0000-0000-000000000000</id></parentExecId><testId type="Microsoft.VisualStudio.TestTools.Common.TestId"><id type="System.Guid">9c21e60e-d2de-8036-16bb-f62abf68495d</id></testId></id><testName type="System.String">SaveTest</testName><testType type="Microsoft.VisualStudio.TestTools.Common.TestType"><id type="System.Guid">13cdc9d9-ddb5-4fa4-a97d-d965ccfc6d4b</id></testType><messageKind type="Microsoft.VisualStudio.TestTools.Common.TestMessageKind"><value__ type="System.Int32">1</value__></messageKind><computerInfo type="Microsoft.VisualStudio.TestTools.Common.ComputerInfo"><m_computerName type="System.String">ECDATA-TFS01</m_computerName></computerInfo><duration type="System.TimeSpan">00:00:00.0008527</duration><startTime type="System.DateTime"><dateData type="System.UInt64">633673775008295136</dateData></startTime><endTime type="System.DateTime"><dateData type="System.UInt64">633673775008295136</dateData></endTime><spoolMessage type="System.Boolean">True</spoolMessage></UnitTestResult><UnitTestResult type="Microsoft.VisualStudio.TestTools.TestTypes.Unit.UnitTestResult, Microsoft.VisualStudio.QualityTools.Tips.UnitTest.ObjectModel, Version=8.0.0.0, Culture=neutral, PublicKeyToken=b03f5f7f11d50a3a"><resultType type="Microsoft.VisualStudio.TestTools.TestTypes.Unit.UnitTestResultType, Microsoft.VisualStudio.QualityTools.Tips.UnitTest.ObjectModel, Version=8.0.0.0, Culture=neutral, PublicKeyToken=b03f5f7f11d50a3a"><value__ type="System.Int32">0</value__></resultType><m_hasSufficientAccess type="System.Boolean">True</m_hasSufficientAccess><counters type="Microsoft.VisualStudio.TestTools.Common.TestResultCounter"><values type="System.Int32">0,0,0,0,0,0,0,0,0,0,0,0,0,0</values><total type="System.Int32">1</total></counters><categoryId type="Microsoft.VisualStudio.TestTools.Common.TestCategoryId"><id type="System.Guid">8c84fa94-04c1-424b-9868-57a2d4851a1d</id></categoryId><outcome type="Microsoft.VisualStudio.TestTools.Common.TestOutcome"><value__ type="System.Int32">4</value__></outcome><errorInfo type="Microsoft.VisualStudio.TestTools.Common.TestResultErrorInfo"><message type="System.String">Assert.Inconclusive failed. Verify the correctness of this test method</message><stackTrace type="System.String">   at BrownShoe.UnitTests.Services.Orders.CustomerOrderServiceTest.SearchTest()
</stackTrace></errorInfo><traceInfo type="Microsoft.VisualStudio.TestTools.Common.TestExecutionTraceInformation"><trace type="System.Text.StringBuilder">Creating instance of class BrownShoe.UnitTests.Services.Orders.CustomerOrderServiceTest.
Calling Test method BrownShoe.UnitTests.Services.Orders.CustomerOrderServiceTest.Microsoft.VisualStudio.TestTools.TestTypes.Unit.TestMethod.
</trace></traceInfo><stdout type="System.String" /><stderr type="System.String" /><debugTrace type="System.String" /><workItemIds type="System.Collections.Generic.List`1[[System.Int32, mscorlib, Version=2.0.0.0, Culture=neutral, PublicKeyToken=b77a5c561934e089]]"><_size type="System.Int32">0</_size><_version type="System.Int32">1</_version></workItemIds><id type="Microsoft.VisualStudio.TestTools.Common.TestResultId"><runId type="System.Guid">3d9a8baa-b9cb-4717-8a94-3c6445344217</runId><executionId type="Microsoft.VisualStudio.TestTools.Common.TestExecId"><id type="System.Guid">416a53e4-1073-46ef-8703-d9d122fcaf98</id></executionId><parentExecId type="Microsoft.VisualStudio.TestTools.Common.TestExecId"><id type="System.Guid">00000000-0000-0000-0000-000000000000</id></parentExecId><testId type="Microsoft.VisualStudio.TestTools.Common.TestId"><id type="System.Guid">57ecfa94-4c03-364d-66c1-e9e30b8880a3</id></testId></id><testName type="System.String">SearchTest</testName><testType type="Microsoft.VisualStudio.TestTools.Common.TestType"><id type="System.Guid">13cdc9d9-ddb5-4fa4-a97d-d965ccfc6d4b</id></testType><messageKind type="Microsoft.VisualStudio.TestTools.Common.TestMessageKind"><value__ type="System.Int32">1</value__></messageKind><computerInfo type="Microsoft.VisualStudio.TestTools.Common.ComputerInfo"><m_computerName type="System.String">ECDATA-TFS01</m_computerName></computerInfo><duration type="System.TimeSpan">00:00:00.0005870</duration><startTime type="System.DateTime"><dateData type="System.UInt64">633673775008295136</dateData></startTime><endTime type="System.DateTime"><dateData type="System.UInt64">633673775008295136</dateData></endTime><spoolMessage type="System.Boolean">True</spoolMessage></UnitTestResult><UnitTestResult type="Microsoft.VisualStudio.TestTools.TestTypes.Unit.UnitTestResult, Microsoft.VisualStudio.QualityTools.Tips.UnitTest.ObjectModel, Version=8.0.0.0, Culture=neutral, PublicKeyToken=b03f5f7f11d50a3a"><resultType type="Microsoft.VisualStudio.TestTools.TestTypes.Unit.UnitTestResultType, Microsoft.VisualStudio.QualityTools.Tips.UnitTest.ObjectModel, Version=8.0.0.0, Culture=neutral, PublicKeyToken=b03f5f7f11d50a3a"><value__ type="System.Int32">0</value__></resultType><m_hasSufficientAccess type="System.Boolean">True</m_hasSufficientAccess><counters type="Microsoft.VisualStudio.TestTools.Common.TestResultCounter"><values type="System.Int32">0,0,0,0,0,0,0,0,0,0,0,0,0,0</values><total type="System.Int32">1</total></counters><categoryId type="Microsoft.VisualStudio.TestTools.Common.TestCategoryId"><id type="System.Guid">8c84fa94-04c1-424b-9868-57a2d4851a1d</id></categoryId><outcome type="Microsoft.VisualStudio.TestTools.Common.TestOutcome"><value__ type="System.Int32">4</value__></outcome><errorInfo type="Microsoft.VisualStudio.TestTools.Common.TestResultErrorInfo"><message type="System.String">Assert.Inconclusive failed. Verify the correctness of this test method</message><stackTrace type="System.String">   at BrownShoe.UnitTests.Services.Orders.CustomerOrderServiceTest.SetOwnerTest()
</stackTrace></errorInfo><traceInfo type="Microsoft.VisualStudio.TestTools.Common.TestExecutionTraceInformation"><trace type="System.Text.StringBuilder">Creating instance of class BrownShoe.UnitTests.Services.Orders.CustomerOrderServiceTest.
Calling Test method BrownShoe.UnitTests.Services.Orders.CustomerOrderServiceTest.Microsoft.VisualStudio.TestTools.TestTypes.Unit.TestMethod.
</trace></traceInfo><stdout type="System.String" /><stderr type="System.String" /><debugTrace type="System.String" /><workItemIds type="System.Collections.Generic.List`1[[System.Int32, mscorlib, Version=2.0.0.0, Culture=neutral, PublicKeyToken=b77a5c561934e089]]"><_size type="System.Int32">0</_size><_version type="System.Int32">1</_version></workItemIds><id type="Microsoft.VisualStudio.TestTools.Common.TestResultId"><runId type="System.Guid">3d9a8baa-b9cb-4717-8a94-3c6445344217</runId><executionId type="Microsoft.VisualStudio.TestTools.Common.TestExecId"><id type="System.Guid">45229e5c-7af1-4b1f-a3e4-bd92d9c8117b</id></executionId><parentExecId type="Microsoft.VisualStudio.TestTools.Common.TestExecId"><id type="System.Guid">00000000-0000-0000-0000-000000000000</id></parentExecId><testId type="Microsoft.VisualStudio.TestTools.Common.TestId"><id type="System.Guid">8a30af6d-aac7-6402-9054-3535ae2c7eea</id></testId></id><testName type="System.String">SetOwnerTest</testName><testType type="Microsoft.VisualStudio.TestTools.Common.TestType"><id type="System.Guid">13cdc9d9-ddb5-4fa4-a97d-d965ccfc6d4b</id></testType><messageKind type="Microsoft.VisualStudio.TestTools.Common.TestMessageKind"><value__ type="System.Int32">1</value__></messageKind><computerInfo type="Microsoft.VisualStudio.TestTools.Common.ComputerInfo"><m_computerName type="System.String">ECDATA-TFS01</m_computerName></computerInfo><duration type="System.TimeSpan">00:00:00.0010277</duration><startTime type="System.DateTime"><dateData type="System.UInt64">633673775008295136</dateData></startTime><endTime type="System.DateTime"><dateData type="System.UInt64">633673775008451396</dateData></endTime><spoolMessage type="System.Boolean">True</spoolMessage></UnitTestResult><UnitTestResult type="Microsoft.VisualStudio.TestTools.TestTypes.Unit.UnitTestResult, Microsoft.VisualStudio.QualityTools.Tips.UnitTest.ObjectModel, Version=8.0.0.0, Culture=neutral, PublicKeyToken=b03f5f7f11d50a3a"><resultType type="Microsoft.VisualStudio.TestTools.TestTypes.Unit.UnitTestResultType, Microsoft.VisualStudio.QualityTools.Tips.UnitTest.ObjectModel, Version=8.0.0.0, Culture=neutral, PublicKeyToken=b03f5f7f11d50a3a"><value__ type="System.Int32">0</value__></resultType><m_hasSufficientAccess type="System.Boolean">True</m_hasSufficientAccess><counters type="Microsoft.VisualStudio.TestTools.Common.TestResultCounter"><values type="System.Int32">0,0,0,0,0,0,0,0,0,0,0,0,0,0</values><total type="System.Int32">1</total></counters><categoryId type="Microsoft.VisualStudio.TestTools.Common.TestCategoryId"><id type="System.Guid">8c84fa94-04c1-424b-9868-57a2d4851a1d</id></categoryId><outcome type="Microsoft.VisualStudio.TestTools.Common.TestOutcome"><value__ type="System.Int32">4</value__></outcome><errorInfo type="Microsoft.VisualStudio.TestTools.Common.TestResultErrorInfo"><message type="System.String">Assert.Inconclusive failed. Verify the correctness of this test method</message><stackTrace type="System.String">   at BrownShoe.UnitTests.Services.Orders.CustomerOrderServiceTest.UpdateReturnItemStatusTest()
</stackTrace></errorInfo><traceInfo type="Microsoft.VisualStudio.TestTools.Common.TestExecutionTraceInformation"><trace type="System.Text.StringBuilder">Creating instance of class BrownShoe.UnitTests.Services.Orders.CustomerOrderServiceTest.
Calling Test method BrownShoe.UnitTests.Services.Orders.CustomerOrderServiceTest.Microsoft.VisualStudio.TestTools.TestTypes.Unit.TestMethod.
</trace></traceInfo><stdout type="System.String" /><stderr type="System.String" /><debugTrace type="System.String" /><workItemIds type="System.Collections.Generic.List`1[[System.Int32, mscorlib, Version=2.0.0.0, Culture=neutral, PublicKeyToken=b77a5c561934e089]]"><_size type="System.Int32">0</_size><_version type="System.Int32">1</_version></workItemIds><id type="Microsoft.VisualStudio.TestTools.Common.TestResultId"><runId type="System.Guid">3d9a8baa-b9cb-4717-8a94-3c6445344217</runId><executionId type="Microsoft.VisualStudio.TestTools.Common.TestExecId"><id type="System.Guid">d4976786-e972-449a-8f16-756a9a79c5a1</id></executionId><parentExecId type="Microsoft.VisualStudio.TestTools.Common.TestExecId"><id type="System.Guid">00000000-0000-0000-0000-000000000000</id></parentExecId><testId type="Microsoft.VisualStudio.TestTools.Common.TestId"><id type="System.Guid">cca69b6a-08bb-cfad-35ee-7bedae2769f1</id></testId></id><testName type="System.String">UpdateReturnItemStatusTest</testName><testType type="Microsoft.VisualStudio.TestTools.Common.TestType"><id type="System.Guid">13cdc9d9-ddb5-4fa4-a97d-d965ccfc6d4b</id></testType><messageKind type="Microsoft.VisualStudio.TestTools.Common.TestMessageKind"><value__ type="System.Int32">1</value__></messageKind><computerInfo type="Microsoft.VisualStudio.TestTools.Common.ComputerInfo"><m_computerName type="System.String">ECDATA-TFS01</m_computerName></computerInfo><duration type="System.TimeSpan">00:00:00.0005965</duration><startTime type="System.DateTime"><dateData type="System.UInt64">633673775008451396</dateData></startTime><endTime type="System.DateTime"><dateData type="System.UInt64">633673775008451396</dateData></endTime><spoolMessage type="System.Boolean">True</spoolMessage></UnitTestResult><UnitTestResult type="Microsoft.VisualStudio.TestTools.TestTypes.Unit.UnitTestResult, Microsoft.VisualStudio.QualityTools.Tips.UnitTest.ObjectModel, Version=8.0.0.0, Culture=neutral, PublicKeyToken=b03f5f7f11d50a3a"><resultType type="Microsoft.VisualStudio.TestTools.TestTypes.Unit.UnitTestResultType, Microsoft.VisualStudio.QualityTools.Tips.UnitTest.ObjectModel, Version=8.0.0.0, Culture=neutral, PublicKeyToken=b03f5f7f11d50a3a"><value__ type="System.Int32">0</value__></resultType><m_hasSufficientAccess type="System.Boolean">True</m_hasSufficientAccess><counters type="Microsoft.VisualStudio.TestTools.Common.TestResultCounter"><values type="System.Int32">0,0,0,0,0,0,0,0,0,0,0,0,0,0</values><total type="System.Int32">1</total></counters><categoryId type="Microsoft.VisualStudio.TestTools.Common.TestCategoryId"><id type="System.Guid">8c84fa94-04c1-424b-9868-57a2d4851a1d</id></categoryId><outcome type="Microsoft.VisualStudio.TestTools.Common.TestOutcome"><value__ type="System.Int32">4</value__></outcome><errorInfo type="Microsoft.VisualStudio.TestTools.Common.TestResultErrorInfo"><message type="System.String">Assert.Inconclusive failed. Verify the correctness of this test method</message><stackTrace type="System.String">   at BrownShoe.UnitTests.Services.Orders.GiftCardServiceTest.ActivateGiftCardTest()
</stackTrace></errorInfo><traceInfo type="Microsoft.VisualStudio.TestTools.Common.TestExecutionTraceInformation"><trace type="System.Text.StringBuilder">Creating instance of class BrownShoe.UnitTests.Services.Orders.GiftCardServiceTest.
Calling Test method BrownShoe.UnitTests.Services.Orders.GiftCardServiceTest.Microsoft.VisualStudio.TestTools.TestTypes.Unit.TestMethod.
</trace></traceInfo><stdout type="System.String" /><stderr type="System.String" /><debugTrace type="System.String" /><workItemIds type="System.Collections.Generic.List`1[[System.Int32, mscorlib, Version=2.0.0.0, Culture=neutral, PublicKeyToken=b77a5c561934e089]]"><_size type="System.Int32">0</_size><_version type="System.Int32">1</_version></workItemIds><id type="Microsoft.VisualStudio.TestTools.Common.TestResultId"><runId type="System.Guid">3d9a8baa-b9cb-4717-8a94-3c6445344217</runId><executionId type="Microsoft.VisualStudio.TestTools.Common.TestExecId"><id type="System.Guid">53707f3f-9464-46e9-94d4-8591260cc464</id></executionId><parentExecId type="Microsoft.VisualStudio.TestTools.Common.TestExecId"><id type="System.Guid">00000000-0000-0000-0000-000000000000</id></parentExecId><testId type="Microsoft.VisualStudio.TestTools.Common.TestId"><id type="System.Guid">fc5f6e35-5ed8-1974-9ccb-8c56074838c8</id></testId></id><testName type="System.String">ActivateGiftCardTest</testName><testType type="Microsoft.VisualStudio.TestTools.Common.TestType"><id type="System.Guid">13cdc9d9-ddb5-4fa4-a97d-d965ccfc6d4b</id></testType><messageKind type="Microsoft.VisualStudio.TestTools.Common.TestMessageKind"><value__ type="System.Int32">1</value__></messageKind><computerInfo type="Microsoft.VisualStudio.TestTools.Common.ComputerInfo"><m_computerName type="System.String">ECDATA-TFS01</m_computerName></computerInfo><duration type="System.TimeSpan">00:00:00.0011835</duration><startTime type="System.DateTime"><dateData type="System.UInt64">633673775008451396</dateData></startTime><endTime type="System.DateTime"><dateData type="System.UInt64">633673775008451396</dateData></endTime><spoolMessage type="System.Boolean">True</spoolMessage></UnitTestResult><UnitTestResult type="Microsoft.VisualStudio.TestTools.TestTypes.Unit.UnitTestResult, Microsoft.VisualStudio.QualityTools.Tips.UnitTest.ObjectModel, Version=8.0.0.0, Culture=neutral, PublicKeyToken=b03f5f7f11d50a3a"><resultType type="Microsoft.VisualStudio.TestTools.TestTypes.Unit.UnitTestResultType, Microsoft.VisualStudio.QualityTools.Tips.UnitTest.ObjectModel, Version=8.0.0.0, Culture=neutral, PublicKeyToken=b03f5f7f11d50a3a"><value__ type="System.Int32">0</value__></resultType><m_hasSufficientAccess type="System.Boolean">True</m_hasSufficientAccess><counters type="Microsoft.VisualStudio.TestTools.Common.TestResultCounter"><values type="System.Int32">0,0,0,0,0,0,0,0,0,0,0,0,0,0</values><total type="System.Int32">1</total></counters><categoryId type="Microsoft.VisualStudio.TestTools.Common.TestCategoryId"><id type="System.Guid">8c84fa94-04c1-424b-9868-57a2d4851a1d</id></categoryId><outcome type="Microsoft.VisualStudio.TestTools.Common.TestOutcome"><value__ type="System.Int32">4</value__></outcome><errorInfo type="Microsoft.VisualStudio.TestTools.Common.TestResultErrorInfo"><message type="System.String">Assert.Inconclusive failed. Verify the correctness of this test method</message><stackTrace type="System.String">   at BrownShoe.UnitTests.Services.Orders.GiftCardServiceTest.AssociateNewGiftCardOrderToReturnTest()
</stackTrace></errorInfo><traceInfo type="Microsoft.VisualStudio.TestTools.Common.TestExecutionTraceInformation"><trace type="System.Text.StringBuilder">Creating instance of class BrownShoe.UnitTests.Services.Orders.GiftCardServiceTest.
Calling Test method BrownShoe.UnitTests.Services.Orders.GiftCardServiceTest.Microsoft.VisualStudio.TestTools.TestTypes.Unit.TestMethod.
</trace></traceInfo><stdout type="System.String" /><stderr type="System.String" /><debugTrace type="System.String" /><workItemIds type="System.Collections.Generic.List`1[[System.Int32, mscorlib, Version=2.0.0.0, Culture=neutral, PublicKeyToken=b77a5c561934e089]]"><_size type="System.Int32">0</_size><_version type="System.Int32">1</_version></workItemIds><id type="Microsoft.VisualStudio.TestTools.Common.TestResultId"><runId type="System.Guid">3d9a8baa-b9cb-4717-8a94-3c6445344217</runId><executionId type="Microsoft.VisualStudio.TestTools.Common.TestExecId"><id type="System.Guid">3479100f-5697-43d2-96d0-01372bb8d278</id></executionId><parentExecId type="Microsoft.VisualStudio.TestTools.Common.TestExecId"><id type="System.Guid">00000000-0000-0000-0000-000000000000</id></parentExecId><testId type="Microsoft.VisualStudio.TestTools.Common.TestId"><id type="System.Guid">157a9f96-dcb8-8334-faff-33f1a22c0bfd</id></testId></id><testName type="System.String">AssociateNewGiftCardOrderToReturnTest</testName><testType type="Microsoft.VisualStudio.TestTools.Common.TestType"><id type="System.Guid">13cdc9d9-ddb5-4fa4-a97d-d965ccfc6d4b</id></testType><messageKind type="Microsoft.VisualStudio.TestTools.Common.TestMessageKind"><value__ type="System.Int32">1</value__></messageKind><computerInfo type="Microsoft.VisualStudio.TestTools.Common.ComputerInfo"><m_computerName type="System.String">ECDATA-TFS01</m_computerName></computerInfo><duration type="System.TimeSpan">00:00:00.0006168</duration><startTime type="System.DateTime"><dateData type="System.UInt64">633673775008451396</dateData></startTime><endTime type="System.DateTime"><dateData type="System.UInt64">633673775008607656</dateData></endTime><spoolMessage type="System.Boolean">True</spoolMessage></UnitTestResult><UnitTestResult type="Microsoft.VisualStudio.TestTools.TestTypes.Unit.UnitTestResult, Microsoft.VisualStudio.QualityTools.Tips.UnitTest.ObjectModel, Version=8.0.0.0, Culture=neutral, PublicKeyToken=b03f5f7f11d50a3a"><resultType type="Microsoft.VisualStudio.TestTools.TestTypes.Unit.UnitTestResultType, Microsoft.VisualStudio.QualityTools.Tips.UnitTest.ObjectModel, Version=8.0.0.0, Culture=neutral, PublicKeyToken=b03f5f7f11d50a3a"><value__ type="System.Int32">0</value__></resultType><m_hasSufficientAccess type="System.Boolean">True</m_hasSufficientAccess><counters type="Microsoft.VisualStudio.TestTools.Common.TestResultCounter"><values type="System.Int32">0,0,0,0,0,0,0,0,0,0,0,0,0,0</values><total type="System.Int32">1</total></counters><categoryId type="Microsoft.VisualStudio.TestTools.Common.TestCategoryId"><id type="System.Guid">8c84fa94-04c1-424b-9868-57a2d4851a1d</id></categoryId><outcome type="Microsoft.VisualStudio.TestTools.Common.TestOutcome"><value__ type="System.Int32">4</value__></outcome><errorInfo type="Microsoft.VisualStudio.TestTools.Common.TestResultErrorInfo"><message type="System.String">Assert.Inconclusive failed. Verify the correctness of this test method</message><stackTrace type="System.String">   at BrownShoe.UnitTests.Services.Orders.GiftCardServiceTest.CancelNewGiftCardOrderTest()
</stackTrace></errorInfo><traceInfo type="Microsoft.VisualStudio.TestTools.Common.TestExecutionTraceInformation"><trace type="System.Text.StringBuilder">Creating instance of class BrownShoe.UnitTests.Services.Orders.GiftCardServiceTest.
Calling Test method BrownShoe.UnitTests.Services.Orders.GiftCardServiceTest.Microsoft.VisualStudio.TestTools.TestTypes.Unit.TestMethod.
</trace></traceInfo><stdout type="System.String" /><stderr type="System.String" /><debugTrace type="System.String" /><workItemIds type="System.Collections.Generic.List`1[[System.Int32, mscorlib, Version=2.0.0.0, Culture=neutral, PublicKeyToken=b77a5c561934e089]]"><_size type="System.Int32">0</_size><_version type="System.Int32">1</_version></workItemIds><id type="Microsoft.VisualStudio.TestTools.Common.TestResultId"><runId type="System.Guid">3d9a8baa-b9cb-4717-8a94-3c6445344217</runId><executionId type="Microsoft.VisualStudio.TestTools.Common.TestExecId"><id type="System.Guid">77e85904-ad1c-48a6-90d8-0f5613070784</id></executionId><parentExecId type="Microsoft.VisualStudio.TestTools.Common.TestExecId"><id type="System.Guid">00000000-0000-0000-0000-000000000000</id></parentExecId><testId type="Microsoft.VisualStudio.TestTools.Common.TestId"><id type="System.Guid">aff1434d-e307-99c6-0826-1086b8060092</id></testId></id><testName type="System.String">CancelNewGiftCardOrderTest</testName><testType type="Microsoft.VisualStudio.TestTools.Common.TestType"><id type="System.Guid">13cdc9d9-ddb5-4fa4-a97d-d965ccfc6d4b</id></testType><messageKind type="Microsoft.VisualStudio.TestTools.Common.TestMessageKind"><value__ type="System.Int32">1</value__></messageKind><computerInfo type="Microsoft.VisualStudio.TestTools.Common.ComputerInfo"><m_computerName type="System.String">ECDATA-TFS01</m_computerName></computerInfo><duration type="System.TimeSpan">00:00:00.0005484</duration><startTime type="System.DateTime"><dateData type="System.UInt64">633673775008607656</dateData></startTime><endTime type="System.DateTime"><dateData type="System.UInt64">633673775008607656</dateData></endTime><spoolMessage type="System.Boolean">True</spoolMessage></UnitTestResult><UnitTestResult type="Microsoft.VisualStudio.TestTools.TestTypes.Unit.UnitTestResult, Microsoft.VisualStudio.QualityTools.Tips.UnitTest.ObjectModel, Version=8.0.0.0, Culture=neutral, PublicKeyToken=b03f5f7f11d50a3a"><resultType type="Microsoft.VisualStudio.TestTools.TestTypes.Unit.UnitTestResultType, Microsoft.VisualStudio.QualityTools.Tips.UnitTest.ObjectModel, Version=8.0.0.0, Culture=neutral, PublicKeyToken=b03f5f7f11d50a3a"><value__ type="System.Int32">0</value__></resultType><m_hasSufficientAccess type="System.Boolean">True</m_hasSufficientAccess><counters type="Microsoft.VisualStudio.TestTools.Common.TestResultCounter"><values type="System.Int32">0,0,0,0,0,0,0,0,0,0,0,0,0,0</values><total type="System.Int32">1</total></counters><categoryId type="Microsoft.VisualStudio.TestTools.Common.TestCategoryId"><id type="System.Guid">8c84fa94-04c1-424b-9868-57a2d4851a1d</id></categoryId><outcome type="Microsoft.VisualStudio.TestTools.Common.TestOutcome"><value__ type="System.Int32">4</value__></outcome><errorInfo type="Microsoft.VisualStudio.TestTools.Common.TestResultErrorInfo"><message type="System.String">Assert.Inconclusive failed. Verify the correctness of this test method</message><stackTrace type="System.String">   at BrownShoe.UnitTests.Services.Orders.GiftCardServiceTest.CheckGiftCardInventoryTest()
</stackTrace></errorInfo><traceInfo type="Microsoft.VisualStudio.TestTools.Common.TestExecutionTraceInformation"><trace type="System.Text.StringBuilder">Creating instance of class BrownShoe.UnitTests.Services.Orders.GiftCardServiceTest.
Calling Test method BrownShoe.UnitTests.Services.Orders.GiftCardServiceTest.Microsoft.VisualStudio.TestTools.TestTypes.Unit.TestMethod.
</trace></traceInfo><stdout type="System.String" /><stderr type="System.String" /><debugTrace type="System.String" /><workItemIds type="System.Collections.Generic.List`1[[System.Int32, mscorlib, Version=2.0.0.0, Culture=neutral, PublicKeyToken=b77a5c561934e089]]"><_size type="System.Int32">0</_size><_version type="System.Int32">1</_version></workItemIds><id type="Microsoft.VisualStudio.TestTools.Common.TestResultId"><runId type="System.Guid">3d9a8baa-b9cb-4717-8a94-3c6445344217</runId><executionId type="Microsoft.VisualStudio.TestTools.Common.TestExecId"><id type="System.Guid">0c59c0e9-ab24-415e-a587-6c46aa797564</id></executionId><parentExecId type="Microsoft.VisualStudio.TestTools.Common.TestExecId"><id type="System.Guid">00000000-0000-0000-0000-000000000000</id></parentExecId><testId type="Microsoft.VisualStudio.TestTools.Common.TestId"><id type="System.Guid">80fcbadc-74e6-09ec-8106-ceaadc4b1889</id></testId></id><testName type="System.String">CheckGiftCardInventoryTest</testName><testType type="Microsoft.VisualStudio.TestTools.Common.TestType"><id type="System.Guid">13cdc9d9-ddb5-4fa4-a97d-d965ccfc6d4b</id></testType><messageKind type="Microsoft.VisualStudio.TestTools.Common.TestMessageKind"><value__ type="System.Int32">1</value__></messageKind><computerInfo type="Microsoft.VisualStudio.TestTools.Common.ComputerInfo"><m_computerName type="System.String">ECDATA-TFS01</m_computerName></computerInfo><duration type="System.TimeSpan">00:00:00.0007156</duration><startTime type="System.DateTime"><dateData type="System.UInt64">633673775008607656</dateData></startTime><endTime type="System.DateTime"><dateData type="System.UInt64">633673775008763916</dateData></endTime><spoolMessage type="System.Boolean">True</spoolMessage></UnitTestResult><UnitTestResult type="Microsoft.VisualStudio.TestTools.TestTypes.Unit.UnitTestResult, Microsoft.VisualStudio.QualityTools.Tips.UnitTest.ObjectModel, Version=8.0.0.0, Culture=neutral, PublicKeyToken=b03f5f7f11d50a3a"><resultType type="Microsoft.VisualStudio.TestTools.TestTypes.Unit.UnitTestResultType, Microsoft.VisualStudio.QualityTools.Tips.UnitTest.ObjectModel, Version=8.0.0.0, Culture=neutral, PublicKeyToken=b03f5f7f11d50a3a"><value__ type="System.Int32">0</value__></resultType><m_hasSufficientAccess type="System.Boolean">True</m_hasSufficientAccess><counters type="Microsoft.VisualStudio.TestTools.Common.TestResultCounter"><values type="System.Int32">0,0,0,0,0,0,0,0,0,0,0,0,0,0</values><total type="System.Int32">1</total></counters><categoryId type="Microsoft.VisualStudio.TestTools.Common.TestCategoryId"><id type="System.Guid">8c84fa94-04c1-424b-9868-57a2d4851a1d</id></categoryId><outcome type="Microsoft.VisualStudio.TestTools.Common.TestOutcome"><value__ type="System.Int32">4</value__></outcome><errorInfo type="Microsoft.VisualStudio.TestTools.Common.TestResultErrorInfo"><message type="System.String">Assert.Inconclusive failed. Verify the correctness of this test method</message><stackTrace type="System.String">   at BrownShoe.UnitTests.Services.Orders.GiftCardServiceTest.CreditGiftCardTest()
</stackTrace></errorInfo><traceInfo type="Microsoft.VisualStudio.TestTools.Common.TestExecutionTraceInformation"><trace type="System.Text.StringBuilder">Creating instance of class BrownShoe.UnitTests.Services.Orders.GiftCardServiceTest.
Calling Test method BrownShoe.UnitTests.Services.Orders.GiftCardServiceTest.Microsoft.VisualStudio.TestTools.TestTypes.Unit.TestMethod.
</trace></traceInfo><stdout type="System.String" /><stderr type="System.String" /><debugTrace type="System.String" /><workItemIds type="System.Collections.Generic.List`1[[System.Int32, mscorlib, Version=2.0.0.0, Culture=neutral, PublicKeyToken=b77a5c561934e089]]"><_size type="System.Int32">0</_size><_version type="System.Int32">1</_version></workItemIds><id type="Microsoft.VisualStudio.TestTools.Common.TestResultId"><runId type="System.Guid">3d9a8baa-b9cb-4717-8a94-3c6445344217</runId><executionId type="Microsoft.VisualStudio.TestTools.Common.TestExecId"><id type="System.Guid">6b661c5e-eb44-4cee-8452-f636bb045dee</id></executionId><parentExecId type="Microsoft.VisualStudio.TestTools.Common.TestExecId"><id type="System.Guid">00000000-0000-0000-0000-000000000000</id></parentExecId><testId type="Microsoft.VisualStudio.TestTools.Common.TestId"><id type="System.Guid">91daa3da-28c9-7af9-5fd4-37fec9ad8634</id></testId></id><testName type="System.String">CreditGiftCardTest</testName><testType type="Microsoft.VisualStudio.TestTools.Common.TestType"><id type="System.Guid">13cdc9d9-ddb5-4fa4-a97d-d965ccfc6d4b</id></testType><messageKind type="Microsoft.VisualStudio.TestTools.Common.TestMessageKind"><value__ type="System.Int32">1</value__></messageKind><computerInfo type="Microsoft.VisualStudio.TestTools.Common.ComputerInfo"><m_computerName type="System.String">ECDATA-TFS01</m_computerName></computerInfo><duration type="System.TimeSpan">00:00:00.0010539</duration><startTime type="System.DateTime"><dateData type="System.UInt64">633673775008763916</dateData></startTime><endTime type="System.DateTime"><dateData type="System.UInt64">633673775008763916</dateData></endTime><spoolMessage type="System.Boolean">True</spoolMessage></UnitTestResult><UnitTestResult type="Microsoft.VisualStudio.TestTools.TestTypes.Unit.UnitTestResult, Microsoft.VisualStudio.QualityTools.Tips.UnitTest.ObjectModel, Version=8.0.0.0, Culture=neutral, PublicKeyToken=b03f5f7f11d50a3a"><resultType type="Microsoft.VisualStudio.TestTools.TestTypes.Unit.UnitTestResultType, Microsoft.VisualStudio.QualityTools.Tips.UnitTest.ObjectModel, Version=8.0.0.0, Culture=neutral, PublicKeyToken=b03f5f7f11d50a3a"><value__ type="System.Int32">0</value__></resultType><m_hasSufficientAccess type="System.Boolean">True</m_hasSufficientAccess><counters type="Microsoft.VisualStudio.TestTools.Common.TestResultCounter"><values type="System.Int32">0,0,0,0,0,0,0,0,0,0,0,0,0,0</values><total type="System.Int32">1</total></counters><categoryId type="Microsoft.VisualStudio.TestTools.Common.TestCategoryId"><id type="System.Guid">8c84fa94-04c1-424b-9868-57a2d4851a1d</id></categoryId><outcome type="Microsoft.VisualStudio.TestTools.Common.TestOutcome"><value__ type="System.Int32">4</value__></outcome><errorInfo type="Microsoft.VisualStudio.TestTools.Common.TestResultErrorInfo"><message type="System.String">Assert.Inconclusive failed. Verify the correctness of this test method</message><stackTrace type="System.String">   at BrownShoe.UnitTests.Services.Orders.GiftCardServiceTest.DebitGiftCardTest()
</stackTrace></errorInfo><traceInfo type="Microsoft.VisualStudio.TestTools.Common.TestExecutionTraceInformation"><trace type="System.Text.StringBuilder">Creating instance of class BrownShoe.UnitTests.Services.Orders.GiftCardServiceTest.
Calling Test method BrownShoe.UnitTests.Services.Orders.GiftCardServiceTest.Microsoft.VisualStudio.TestTools.TestTypes.Unit.TestMethod.
</trace></traceInfo><stdout type="System.String" /><stderr type="System.String" /><debugTrace type="System.String" /><workItemIds type="System.Collections.Generic.List`1[[System.Int32, mscorlib, Version=2.0.0.0, Culture=neutral, PublicKeyToken=b77a5c561934e089]]"><_size type="System.Int32">0</_size><_version type="System.Int32">1</_version></workItemIds><id type="Microsoft.VisualStudio.TestTools.Common.TestResultId"><runId type="System.Guid">3d9a8baa-b9cb-4717-8a94-3c6445344217</runId><executionId type="Microsoft.VisualStudio.TestTools.Common.TestExecId"><id type="System.Guid">97e065fe-47c1-4af0-91b5-d47bfc87d0e0</id></executionId><parentExecId type="Microsoft.VisualStudio.TestTools.Common.TestExecId"><id type="System.Guid">00000000-0000-0000-0000-000000000000</id></parentExecId><testId type="Microsoft.VisualStudio.TestTools.Common.TestId"><id type="System.Guid">5882ea2d-fc2a-56da-6cb1-2e74bc8c2564</id></testId></id><testName type="System.String">DebitGiftCardTest</testName><testType type="Microsoft.VisualStudio.TestTools.Common.TestType"><id type="System.Guid">13cdc9d9-ddb5-4fa4-a97d-d965ccfc6d4b</id></testType><messageKind type="Microsoft.VisualStudio.TestTools.Common.TestMessageKind"><value__ type="System.Int32">1</value__></messageKind><computerInfo type="Microsoft.VisualStudio.TestTools.Common.ComputerInfo"><m_computerName type="System.String">ECDATA-TFS01</m_computerName></computerInfo><duration type="System.TimeSpan">00:00:00.0005550</duration><startTime type="System.DateTime"><dateData type="System.UInt64">633673775008763916</dateData></startTime><endTime type="System.DateTime"><dateData type="System.UInt64">633673775008763916</dateData></endTime><spoolMessage type="System.Boolean">True</spoolMessage></UnitTestResult><UnitTestResult type="Microsoft.VisualStudio.TestTools.TestTypes.Unit.UnitTestResult, Microsoft.VisualStudio.QualityTools.Tips.UnitTest.ObjectModel, Version=8.0.0.0, Culture=neutral, PublicKeyToken=b03f5f7f11d50a3a"><resultType type="Microsoft.VisualStudio.TestTools.TestTypes.Unit.UnitTestResultType, Microsoft.VisualStudio.QualityTools.Tips.UnitTest.ObjectModel, Version=8.0.0.0, Culture=neutral, PublicKeyToken=b03f5f7f11d50a3a"><value__ type="System.Int32">0</value__></resultType><m_hasSufficientAccess type="System.Boolean">True</m_hasSufficientAccess><counters type="Microsoft.VisualStudio.TestTools.Common.TestResultCounter"><values type="System.Int32">0,0,0,0,0,0,0,0,0,0,0,0,0,0</values><total type="System.Int32">1</total></counters><categoryId type="Microsoft.VisualStudio.TestTools.Common.TestCategoryId"><id type="System.Guid">8c84fa94-04c1-424b-9868-57a2d4851a1d</id></categoryId><outcome type="Microsoft.VisualStudio.TestTools.Common.TestOutcome"><value__ type="System.Int32">4</value__></outcome><errorInfo type="Microsoft.VisualStudio.TestTools.Common.TestResultErrorInfo"><message type="System.String">Assert.Inconclusive failed. Verify the correctness of this test method</message><stackTrace type="System.String">   at BrownShoe.UnitTests.Services.Orders.GiftCardServiceTest.GetGiftCardBalanceTest()
</stackTrace></errorInfo><traceInfo type="Microsoft.VisualStudio.TestTools.Common.TestExecutionTraceInformation"><trace type="System.Text.StringBuilder">Creating instance of class BrownShoe.UnitTests.Services.Orders.GiftCardServiceTest.
Calling Test method BrownShoe.UnitTests.Services.Orders.GiftCardServiceTest.Microsoft.VisualStudio.TestTools.TestTypes.Unit.TestMethod.
</trace></traceInfo><stdout type="System.String" /><stderr type="System.String" /><debugTrace type="System.String" /><workItemIds type="System.Collections.Generic.List`1[[System.Int32, mscorlib, Version=2.0.0.0, Culture=neutral, PublicKeyToken=b77a5c561934e089]]"><_size type="System.Int32">0</_size><_version type="System.Int32">1</_version></workItemIds><id type="Microsoft.VisualStudio.TestTools.Common.TestResultId"><runId type="System.Guid">3d9a8baa-b9cb-4717-8a94-3c6445344217</runId><executionId type="Microsoft.VisualStudio.TestTools.Common.TestExecId"><id type="System.Guid">002593df-8e19-4e9a-ac28-c25ddc736d82</id></executionId><parentExecId type="Microsoft.VisualStudio.TestTools.Common.TestExecId"><id type="System.Guid">00000000-0000-0000-0000-000000000000</id></parentExecId><testId type="Microsoft.VisualStudio.TestTools.Common.TestId"><id type="System.Guid">9c05fbd0-bc77-0f6f-c095-a94f4c009dbc</id></testId></id><testName type="System.String">GetGiftCardBalanceTest</testName><testType type="Microsoft.VisualStudio.TestTools.Common.TestType"><id type="System.Guid">13cdc9d9-ddb5-4fa4-a97d-d965ccfc6d4b</id></testType><messageKind type="Microsoft.VisualStudio.TestTools.Common.TestMessageKind"><value__ type="System.Int32">1</value__></messageKind><computerInfo type="Microsoft.VisualStudio.TestTools.Common.ComputerInfo"><m_computerName type="System.String">ECDATA-TFS01</m_computerName></computerInfo><duration type="System.TimeSpan">00:00:00.0021016</duration><startTime type="System.DateTime"><dateData type="System.UInt64">633673775008763916</dateData></startTime><endTime type="System.DateTime"><dateData type="System.UInt64">633673775008920176</dateData></endTime><spoolMessage type="System.Boolean">True</spoolMessage></UnitTestResult><UnitTestResult type="Microsoft.VisualStudio.TestTools.TestTypes.Unit.UnitTestResult, Microsoft.VisualStudio.QualityTools.Tips.UnitTest.ObjectModel, Version=8.0.0.0, Culture=neutral, PublicKeyToken=b03f5f7f11d50a3a"><resultType type="Microsoft.VisualStudio.TestTools.TestTypes.Unit.UnitTestResultType, Microsoft.VisualStudio.QualityTools.Tips.UnitTest.ObjectModel, Version=8.0.0.0, Culture=neutral, PublicKeyToken=b03f5f7f11d50a3a"><value__ type="System.Int32">0</value__></resultType><m_hasSufficientAccess type="System.Boolean">True</m_hasSufficientAccess><counters type="Microsoft.VisualStudio.TestTools.Common.TestResultCounter"><values type="System.Int32">0,0,0,0,0,0,0,0,0,0,0,0,0,0</values><total type="System.Int32">1</total></counters><categoryId type="Microsoft.VisualStudio.TestTools.Common.TestCategoryId"><id type="System.Guid">8c84fa94-04c1-424b-9868-57a2d4851a1d</id></categoryId><outcome type="Microsoft.VisualStudio.TestTools.Common.TestOutcome"><value__ type="System.Int32">4</value__></outcome><errorInfo type="Microsoft.VisualStudio.TestTools.Common.TestResultErrorInfo"><message type="System.String">Assert.Inconclusive failed. Verify the correctness of this test method</message><stackTrace type="System.String">   at BrownShoe.UnitTests.Services.Orders.GiftCardServiceTest.UpdateGiftCardInventoryTest()
</stackTrace></errorInfo><traceInfo type="Microsoft.VisualStudio.TestTools.Common.TestExecutionTraceInformation"><trace type="System.Text.StringBuilder">Creating instance of class BrownShoe.UnitTests.Services.Orders.GiftCardServiceTest.
Calling Test method BrownShoe.UnitTests.Services.Orders.GiftCardServiceTest.Microsoft.VisualStudio.TestTools.TestTypes.Unit.TestMethod.
</trace></traceInfo><stdout type="System.String" /><stderr type="System.String" /><debugTrace type="System.String" /><workItemIds type="System.Collections.Generic.List`1[[System.Int32, mscorlib, Version=2.0.0.0, Culture=neutral, PublicKeyToken=b77a5c561934e089]]"><_size type="System.Int32">0</_size><_version type="System.Int32">1</_version></workItemIds><id type="Microsoft.VisualStudio.TestTools.Common.TestResultId"><runId type="System.Guid">3d9a8baa-b9cb-4717-8a94-3c6445344217</runId><executionId type="Microsoft.VisualStudio.TestTools.Common.TestExecId"><id type="System.Guid">8829cd87-dbef-497d-b30f-7a3758b07041</id></executionId><parentExecId type="Microsoft.VisualStudio.TestTools.Common.TestExecId"><id type="System.Guid">00000000-0000-0000-0000-000000000000</id></parentExecId><testId type="Microsoft.VisualStudio.TestTools.Common.TestId"><id type="System.Guid">011bda97-ebcd-0e3f-9953-c02a9738a793</id></testId></id><testName type="System.String">UpdateGiftCardInventoryTest</testName><testType type="Microsoft.VisualStudio.TestTools.Common.TestType"><id type="System.Guid">13cdc9d9-ddb5-4fa4-a97d-d965ccfc6d4b</id></testType><messageKind type="Microsoft.VisualStudio.TestTools.Common.TestMessageKind"><value__ type="System.Int32">1</value__></messageKind><computerInfo type="Microsoft.VisualStudio.TestTools.Common.ComputerInfo"><m_computerName type="System.String">ECDATA-TFS01</m_computerName></computerInfo><duration type="System.TimeSpan">00:00:00.0007003</duration><startTime type="System.DateTime"><dateData type="System.UInt64">633673775008920176</dateData></startTime><endTime type="System.DateTime"><dateData type="System.UInt64">633673775008920176</dateData></endTime><spoolMessage type="System.Boolean">True</spoolMessage></UnitTestResult><UnitTestResult type="Microsoft.VisualStudio.TestTools.TestTypes.Unit.UnitTestResult, Microsoft.VisualStudio.QualityTools.Tips.UnitTest.ObjectModel, Version=8.0.0.0, Culture=neutral, PublicKeyToken=b03f5f7f11d50a3a"><resultType type="Microsoft.VisualStudio.TestTools.TestTypes.Unit.UnitTestResultType, Microsoft.VisualStudio.QualityTools.Tips.UnitTest.ObjectModel, Version=8.0.0.0, Culture=neutral, PublicKeyToken=b03f5f7f11d50a3a"><value__ type="System.Int32">0</value__></resultType><m_hasSufficientAccess type="System.Boolean">True</m_hasSufficientAccess><counters type="Microsoft.VisualStudio.TestTools.Common.TestResultCounter"><values type="System.Int32">0,0,0,0,0,0,0,0,0,0,0,0,0,0</values><total type="System.Int32">1</total></counters><categoryId type="Microsoft.VisualStudio.TestTools.Common.TestCategoryId"><id type="System.Guid">8c84fa94-04c1-424b-9868-57a2d4851a1d</id></categoryId><outcome type="Microsoft.VisualStudio.TestTools.Common.TestOutcome"><value__ type="System.Int32">4</value__></outcome><errorInfo type="Microsoft.VisualStudio.TestTools.Common.TestResultErrorInfo"><message type="System.String">Assert.Inconclusive failed. Verify the correctness of this test method</message><stackTrace type="System.String">   at BrownShoe.UnitTests.Services.Orders.GiftCertificateServiceTest.GetTest()
</stackTrace></errorInfo><traceInfo type="Microsoft.VisualStudio.TestTools.Common.TestExecutionTraceInformation"><trace type="System.Text.StringBuilder">Creating instance of class BrownShoe.UnitTests.Services.Orders.GiftCertificateServiceTest.
Calling Test method BrownShoe.UnitTests.Services.Orders.GiftCertificateServiceTest.Microsoft.VisualStudio.TestTools.TestTypes.Unit.TestMethod.
</trace></traceInfo><stdout type="System.String" /><stderr type="System.String" /><debugTrace type="System.String" /><workItemIds type="System.Collections.Generic.List`1[[System.Int32, mscorlib, Version=2.0.0.0, Culture=neutral, PublicKeyToken=b77a5c561934e089]]"><_size type="System.Int32">0</_size><_version type="System.Int32">1</_version></workItemIds><id type="Microsoft.VisualStudio.TestTools.Common.TestResultId"><runId type="System.Guid">3d9a8baa-b9cb-4717-8a94-3c6445344217</runId><executionId type="Microsoft.VisualStudio.TestTools.Common.TestExecId"><id type="System.Guid">c3f75254-d4ab-4e70-b6db-2694cca550ef</id></executionId><parentExecId type="Microsoft.VisualStudio.TestTools.Common.TestExecId"><id type="System.Guid">00000000-0000-0000-0000-000000000000</id></parentExecId><testId type="Microsoft.VisualStudio.TestTools.Common.TestId"><id type="System.Guid">7916c59d-4984-bde8-cd08-26d6408fe646</id></testId></id><testName type="System.String">GetTest</testName><testType type="Microsoft.VisualStudio.TestTools.Common.TestType"><id type="System.Guid">13cdc9d9-ddb5-4fa4-a97d-d965ccfc6d4b</id></testType><messageKind type="Microsoft.VisualStudio.TestTools.Common.TestMessageKind"><value__ type="System.Int32">1</value__></messageKind><computerInfo type="Microsoft.VisualStudio.TestTools.Common.ComputerInfo"><m_computerName type="System.String">ECDATA-TFS01</m_computerName></computerInfo><duration type="System.TimeSpan">00:00:00.0012433</duration><startTime type="System.DateTime"><dateData type="System.UInt64">633673775008920176</dateData></startTime><endTime type="System.DateTime"><dateData type="System.UInt64">633673775008920176</dateData></endTime><spoolMessage type="System.Boolean">True</spoolMessage></UnitTestResult><UnitTestResult type="Microsoft.VisualStudio.TestTools.TestTypes.Unit.UnitTestResult, Microsoft.VisualStudio.QualityTools.Tips.UnitTest.ObjectModel, Version=8.0.0.0, Culture=neutral, PublicKeyToken=b03f5f7f11d50a3a"><resultType type="Microsoft.VisualStudio.TestTools.TestTypes.Unit.UnitTestResultType, Microsoft.VisualStudio.QualityTools.Tips.UnitTest.ObjectModel, Version=8.0.0.0, Culture=neutral, PublicKeyToken=b03f5f7f11d50a3a"><value__ type="System.Int32">0</value__></resultType><m_hasSufficientAccess type="System.Boolean">True</m_hasSufficientAccess><counters type="Microsoft.VisualStudio.TestTools.Common.TestResultCounter"><values type="System.Int32">0,0,0,0,0,0,0,0,0,0,0,0,0,0</values><total type="System.Int32">1</total></counters><categoryId type="Microsoft.VisualStudio.TestTools.Common.TestCategoryId"><id type="System.Guid">8c84fa94-04c1-424b-9868-57a2d4851a1d</id></categoryId><outcome type="Microsoft.VisualStudio.TestTools.Common.TestOutcome"><value__ type="System.Int32">4</value__></outcome><errorInfo type="Microsoft.VisualStudio.TestTools.Common.TestResultErrorInfo"><message type="System.String">Assert.Inconclusive failed. Verify the correctness of this test method</message><stackTrace type="System.String">   at BrownShoe.UnitTests.Services.Orders.GiftCertificateServiceTest.UpdateTest()
</stackTrace></errorInfo><traceInfo type="Microsoft.VisualStudio.TestTools.Common.TestExecutionTraceInformation"><trace type="System.Text.StringBuilder">Creating instance of class BrownShoe.UnitTests.Services.Orders.GiftCertificateServiceTest.
Calling Test method BrownShoe.UnitTests.Services.Orders.GiftCertificateServiceTest.Microsoft.VisualStudio.TestTools.TestTypes.Unit.TestMethod.
</trace></traceInfo><stdout type="System.String" /><stderr type="System.String" /><debugTrace type="System.String" /><workItemIds type="System.Collections.Generic.List`1[[System.Int32, mscorlib, Version=2.0.0.0, Culture=neutral, PublicKeyToken=b77a5c561934e089]]"><_size type="System.Int32">0</_size><_version type="System.Int32">1</_version></workItemIds><id type="Microsoft.VisualStudio.TestTools.Common.TestResultId"><runId type="System.Guid">3d9a8baa-b9cb-4717-8a94-3c6445344217</runId><executionId type="Microsoft.VisualStudio.TestTools.Common.TestExecId"><id type="System.Guid">7a06d441-46fa-43cb-9976-a602f7853446</id></executionId><parentExecId type="Microsoft.VisualStudio.TestTools.Common.TestExecId"><id type="System.Guid">00000000-0000-0000-0000-000000000000</id></parentExecId><testId type="Microsoft.VisualStudio.TestTools.Common.TestId"><id type="System.Guid">f4e7eeb6-df5f-9d63-fdbe-bc06b5617f04</id></testId></id><testName type="System.String">UpdateTest</testName><testType type="Microsoft.VisualStudio.TestTools.Common.TestType"><id type="System.Guid">13cdc9d9-ddb5-4fa4-a97d-d965ccfc6d4b</id></testType><messageKind type="Microsoft.VisualStudio.TestTools.Common.TestMessageKind"><value__ type="System.Int32">1</value__></messageKind><computerInfo type="Microsoft.VisualStudio.TestTools.Common.ComputerInfo"><m_computerName type="System.String">ECDATA-TFS01</m_computerName></computerInfo><duration type="System.TimeSpan">00:00:00.0005446</duration><startTime type="System.DateTime"><dateData type="System.UInt64">633673775008920176</dateData></startTime><endTime type="System.DateTime"><dateData type="System.UInt64">633673775009076436</dateData></endTime><spoolMessage type="System.Boolean">True</spoolMessage></UnitTestResult><UnitTestResult type="Microsoft.VisualStudio.TestTools.TestTypes.Unit.UnitTestResult, Microsoft.VisualStudio.QualityTools.Tips.UnitTest.ObjectModel, Version=8.0.0.0, Culture=neutral, PublicKeyToken=b03f5f7f11d50a3a"><resultType type="Microsoft.VisualStudio.TestTools.TestTypes.Unit.UnitTestResultType, Microsoft.VisualStudio.QualityTools.Tips.UnitTest.ObjectModel, Version=8.0.0.0, Culture=neutral, PublicKeyToken=b03f5f7f11d50a3a"><value__ type="System.Int32">0</value__></resultType><m_hasSufficientAccess type="System.Boolean">True</m_hasSufficientAccess><counters type="Microsoft.VisualStudio.TestTools.Common.TestResultCounter"><values type="System.Int32">0,0,0,0,0,0,0,0,0,0,0,0,0,0</values><total type="System.Int32">1</total></counters><categoryId type="Microsoft.VisualStudio.TestTools.Common.TestCategoryId"><id type="System.Guid">8c84fa94-04c1-424b-9868-57a2d4851a1d</id></categoryId><outcome type="Microsoft.VisualStudio.TestTools.Common.TestOutcome"><value__ type="System.Int32">4</value__></outcome><errorInfo type="Microsoft.VisualStudio.TestTools.Common.TestResultErrorInfo"><message type="System.String">Assert.Inconclusive failed. Verify the correctness of this test method</message><stackTrace type="System.String">   at BrownShoe.UnitTests.Services.Orders.Interfaces.IWishListServiceTest.CalculateWishListSubTotalTest()
</stackTrace></errorInfo><traceInfo type="Microsoft.VisualStudio.TestTools.Common.TestExecutionTraceInformation"><trace type="System.Text.StringBuilder">Creating instance of class BrownShoe.UnitTests.Services.Orders.Interfaces.IWishListServiceTest.
Calling Test method BrownShoe.UnitTests.Services.Orders.Interfaces.IWishListServiceTest.Microsoft.VisualStudio.TestTools.TestTypes.Unit.TestMethod.
</trace></traceInfo><stdout type="System.String" /><stderr type="System.String" /><debugTrace type="System.String" /><workItemIds type="System.Collections.Generic.List`1[[System.Int32, mscorlib, Version=2.0.0.0, Culture=neutral, PublicKeyToken=b77a5c561934e089]]"><_size type="System.Int32">0</_size><_version type="System.Int32">1</_version></workItemIds><id type="Microsoft.VisualStudio.TestTools.Common.TestResultId"><runId type="System.Guid">3d9a8baa-b9cb-4717-8a94-3c6445344217</runId><executionId type="Microsoft.VisualStudio.TestTools.Common.TestExecId"><id type="System.Guid">a25646dc-16da-4bec-8ebe-f8167c98ab25</id></executionId><parentExecId type="Microsoft.VisualStudio.TestTools.Common.TestExecId"><id type="System.Guid">00000000-0000-0000-0000-000000000000</id></parentExecId><testId type="Microsoft.VisualStudio.TestTools.Common.TestId"><id type="System.Guid">d697b319-2767-4af8-89ff-3eb03df087c8</id></testId></id><testName type="System.String">CalculateWishListSubTotalTest</testName><testType type="Microsoft.VisualStudio.TestTools.Common.TestType"><id type="System.Guid">13cdc9d9-ddb5-4fa4-a97d-d965ccfc6d4b</id></testType><messageKind type="Microsoft.VisualStudio.TestTools.Common.TestMessageKind"><value__ type="System.Int32">1</value__></messageKind><computerInfo type="Microsoft.VisualStudio.TestTools.Common.ComputerInfo"><m_computerName type="System.String">ECDATA-TFS01</m_computerName></computerInfo><duration type="System.TimeSpan">00:00:00.0012015</duration><startTime type="System.DateTime"><dateData type="System.UInt64">633673775009076436</dateData></startTime><endTime type="System.DateTime"><dateData type="System.UInt64">633673775009076436</dateData></endTime><spoolMessage type="System.Boolean">True</spoolMessage></UnitTestResult><UnitTestResult type="Microsoft.VisualStudio.TestTools.TestTypes.Unit.UnitTestResult, Microsoft.VisualStudio.QualityTools.Tips.UnitTest.ObjectModel, Version=8.0.0.0, Culture=neutral, PublicKeyToken=b03f5f7f11d50a3a"><resultType type="Microsoft.VisualStudio.TestTools.TestTypes.Unit.UnitTestResultType, Microsoft.VisualStudio.QualityTools.Tips.UnitTest.ObjectModel, Version=8.0.0.0, Culture=neutral, PublicKeyToken=b03f5f7f11d50a3a"><value__ type="System.Int32">0</value__></resultType><m_hasSufficientAccess type="System.Boolean">True</m_hasSufficientAccess><counters type="Microsoft.VisualStudio.TestTools.Common.TestResultCounter"><values type="System.Int32">0,0,0,0,0,0,0,0,0,0,0,0,0,0</values><total type="System.Int32">1</total></counters><categoryId type="Microsoft.VisualStudio.TestTools.Common.TestCategoryId"><id type="System.Guid">8c84fa94-04c1-424b-9868-57a2d4851a1d</id></categoryId><outcome type="Microsoft.VisualStudio.TestTools.Common.TestOutcome"><value__ type="System.Int32">4</value__></outcome><errorInfo type="Microsoft.VisualStudio.TestTools.Common.TestResultErrorInfo"><message type="System.String">Assert.Inconclusive failed. Verify the correctness of this test method</message><stackTrace type="System.String">   at BrownShoe.UnitTests.Services.Orders.Interfaces.IWishListServiceTest.FetchTest()
</stackTrace></errorInfo><traceInfo type="Microsoft.VisualStudio.TestTools.Common.TestExecutionTraceInformation"><trace type="System.Text.StringBuilder">Creating instance of class BrownShoe.UnitTests.Services.Orders.Interfaces.IWishListServiceTest.
Calling Test method BrownShoe.UnitTests.Services.Orders.Interfaces.IWishListServiceTest.Microsoft.VisualStudio.TestTools.TestTypes.Unit.TestMethod.
</trace></traceInfo><stdout type="System.String" /><stderr type="System.String" /><debugTrace type="System.String" /><workItemIds type="System.Collections.Generic.List`1[[System.Int32, mscorlib, Version=2.0.0.0, Culture=neutral, PublicKeyToken=b77a5c561934e089]]"><_size type="System.Int32">0</_size><_version type="System.Int32">1</_version></workItemIds><id type="Microsoft.VisualStudio.TestTools.Common.TestResultId"><runId type="System.Guid">3d9a8baa-b9cb-4717-8a94-3c6445344217</runId><executionId type="Microsoft.VisualStudio.TestTools.Common.TestExecId"><id type="System.Guid">97b6ec18-2502-4474-8e2a-9b834d598fb4</id></executionId><parentExecId type="Microsoft.VisualStudio.TestTools.Common.TestExecId"><id type="System.Guid">00000000-0000-0000-0000-000000000000</id></parentExecId><testId type="Microsoft.VisualStudio.TestTools.Common.TestId"><id type="System.Guid">717d050f-2571-ea8a-d61a-6632d6ea5d47</id></testId></id><testName type="System.String">FetchTest</testName><testType type="Microsoft.VisualStudio.TestTools.Common.TestType"><id type="System.Guid">13cdc9d9-ddb5-4fa4-a97d-d965ccfc6d4b</id></testType><messageKind type="Microsoft.VisualStudio.TestTools.Common.TestMessageKind"><value__ type="System.Int32">1</value__></messageKind><computerInfo type="Microsoft.VisualStudio.TestTools.Common.ComputerInfo"><m_computerName type="System.String">ECDATA-TFS01</m_computerName></computerInfo><duration type="System.TimeSpan">00:00:00.0005918</duration><startTime type="System.DateTime"><dateData type="System.UInt64">633673775009076436</dateData></startTime><endTime type="System.DateTime"><dateData type="System.UInt64">633673775009232696</dateData></endTime><spoolMessage type="System.Boolean">True</spoolMessage></UnitTestResult><UnitTestResult type="Microsoft.VisualStudio.TestTools.TestTypes.Unit.UnitTestResult, Microsoft.VisualStudio.QualityTools.Tips.UnitTest.ObjectModel, Version=8.0.0.0, Culture=neutral, PublicKeyToken=b03f5f7f11d50a3a"><resultType type="Microsoft.VisualStudio.TestTools.TestTypes.Unit.UnitTestResultType, Microsoft.VisualStudio.QualityTools.Tips.UnitTest.ObjectModel, Version=8.0.0.0, Culture=neutral, PublicKeyToken=b03f5f7f11d50a3a"><value__ type="System.Int32">0</value__></resultType><m_hasSufficientAccess type="System.Boolean">True</m_hasSufficientAccess><counters type="Microsoft.VisualStudio.TestTools.Common.TestResultCounter"><values type="System.Int32">0,0,0,0,0,0,0,0,0,0,0,0,0,0</values><total type="System.Int32">1</total></counters><categoryId type="Microsoft.VisualStudio.TestTools.Common.TestCategoryId"><id type="System.Guid">8c84fa94-04c1-424b-9868-57a2d4851a1d</id></categoryId><outcome type="Microsoft.VisualStudio.TestTools.Common.TestOutcome"><value__ type="System.Int32">4</value__></outcome><errorInfo type="Microsoft.VisualStudio.TestTools.Common.TestResultErrorInfo"><message type="System.String">Assert.Inconclusive failed. Verify the correctness of this test method</message><stackTrace type="System.String">   at BrownShoe.UnitTests.Services.Orders.Interfaces.IWishListServiceTest.MoveWishListItemsTest()
</stackTrace></errorInfo><traceInfo type="Microsoft.VisualStudio.TestTools.Common.TestExecutionTraceInformation"><trace type="System.Text.StringBuilder">Creating instance of class BrownShoe.UnitTests.Services.Orders.Interfaces.IWishListServiceTest.
Calling Test method BrownShoe.UnitTests.Services.Orders.Interfaces.IWishListServiceTest.Microsoft.VisualStudio.TestTools.TestTypes.Unit.TestMethod.
</trace></traceInfo><stdout type="System.String" /><stderr type="System.String" /><debugTrace type="System.String" /><workItemIds type="System.Collections.Generic.List`1[[System.Int32, mscorlib, Version=2.0.0.0, Culture=neutral, PublicKeyToken=b77a5c561934e089]]"><_size type="System.Int32">0</_size><_version type="System.Int32">1</_version></workItemIds><id type="Microsoft.VisualStudio.TestTools.Common.TestResultId"><runId type="System.Guid">3d9a8baa-b9cb-4717-8a94-3c6445344217</runId><executionId type="Microsoft.VisualStudio.TestTools.Common.TestExecId"><id type="System.Guid">6a34ba04-cce5-43e4-8efc-e9a39b97d749</id></executionId><parentExecId type="Microsoft.VisualStudio.TestTools.Common.TestExecId"><id type="System.Guid">00000000-0000-0000-0000-000000000000</id></parentExecId><testId type="Microsoft.VisualStudio.TestTools.Common.TestId"><id type="System.Guid">19774334-dd94-641b-658c-8c3194aeb6ff</id></testId></id><testName type="System.String">MoveWishListItemsTest</testName><testType type="Microsoft.VisualStudio.TestTools.Common.TestType"><id type="System.Guid">13cdc9d9-ddb5-4fa4-a97d-d965ccfc6d4b</id></testType><messageKind type="Microsoft.VisualStudio.TestTools.Common.TestMessageKind"><value__ type="System.Int32">1</value__></messageKind><computerInfo type="Microsoft.VisualStudio.TestTools.Common.ComputerInfo"><m_computerName type="System.String">ECDATA-TFS01</m_computerName></computerInfo><duration type="System.TimeSpan">00:00:00.0005405</duration><startTime type="System.DateTime"><dateData type="System.UInt64">633673775009232696</dateData></startTime><endTime type="System.DateTime"><dateData type="System.UInt64">633673775009232696</dateData></endTime><spoolMessage type="System.Boolean">True</spoolMessage></UnitTestResult><UnitTestResult type="Microsoft.VisualStudio.TestTools.TestTypes.Unit.UnitTestResult, Microsoft.VisualStudio.QualityTools.Tips.UnitTest.ObjectModel, Version=8.0.0.0, Culture=neutral, PublicKeyToken=b03f5f7f11d50a3a"><resultType type="Microsoft.VisualStudio.TestTools.TestTypes.Unit.UnitTestResultType, Microsoft.VisualStudio.QualityTools.Tips.UnitTest.ObjectModel, Version=8.0.0.0, Culture=neutral, PublicKeyToken=b03f5f7f11d50a3a"><value__ type="System.Int32">0</value__></resultType><m_hasSufficientAccess type="System.Boolean">True</m_hasSufficientAccess><counters type="Microsoft.VisualStudio.TestTools.Common.TestResultCounter"><values type="System.Int32">0,0,0,0,0,0,0,0,0,0,0,0,0,0</values><total type="System.Int32">1</total></counters><categoryId type="Microsoft.VisualStudio.TestTools.Common.TestCategoryId"><id type="System.Guid">8c84fa94-04c1-424b-9868-57a2d4851a1d</id></categoryId><outcome type="Microsoft.VisualStudio.TestTools.Common.TestOutcome"><value__ type="System.Int32">4</value__></outcome><errorInfo type="Microsoft.VisualStudio.TestTools.Common.TestResultErrorInfo"><message type="System.String">Assert.Inconclusive failed. Verify the correctness of this test method</message><stackTrace type="System.String">   at BrownShoe.UnitTests.Services.Orders.Interfaces.IWishListServiceTest.RunBasketPipelineTest()
</stackTrace></errorInfo><traceInfo type="Microsoft.VisualStudio.TestTools.Common.TestExecutionTraceInformation"><trace type="System.Text.StringBuilder">Creating instance of class BrownShoe.UnitTests.Services.Orders.Interfaces.IWishListServiceTest.
Calling Test method BrownShoe.UnitTests.Services.Orders.Interfaces.IWishListServiceTest.Microsoft.VisualStudio.TestTools.TestTypes.Unit.TestMethod.
</trace></traceInfo><stdout type="System.String" /><stderr type="System.String" /><debugTrace type="System.String" /><workItemIds type="System.Collections.Generic.List`1[[System.Int32, mscorlib, Version=2.0.0.0, Culture=neutral, PublicKeyToken=b77a5c561934e089]]"><_size type="System.Int32">0</_size><_version type="System.Int32">1</_version></workItemIds><id type="Microsoft.VisualStudio.TestTools.Common.TestResultId"><runId type="System.Guid">3d9a8baa-b9cb-4717-8a94-3c6445344217</runId><executionId type="Microsoft.VisualStudio.TestTools.Common.TestExecId"><id type="System.Guid">0062fbe3-f1db-4f4c-a417-e97711e9d3a1</id></executionId><parentExecId type="Microsoft.VisualStudio.TestTools.Common.TestExecId"><id type="System.Guid">00000000-0000-0000-0000-000000000000</id></parentExecId><testId type="Microsoft.VisualStudio.TestTools.Common.TestId"><id type="System.Guid">c4709664-fe7e-6005-c973-97ef69b5e5af</id></testId></id><testName type="System.String">RunBasketPipelineTest</testName><testType type="Microsoft.VisualStudio.TestTools.Common.TestType"><id type="System.Guid">13cdc9d9-ddb5-4fa4-a97d-d965ccfc6d4b</id></testType><messageKind type="Microsoft.VisualStudio.TestTools.Common.TestMessageKind"><value__ type="System.Int32">1</value__></messageKind><computerInfo type="Microsoft.VisualStudio.TestTools.Common.ComputerInfo"><m_computerName type="System.String">ECDATA-TFS01</m_computerName></computerInfo><duration type="System.TimeSpan">00:00:00.0005492</duration><startTime type="System.DateTime"><dateData type="System.UInt64">633673775009232696</dateData></startTime><endTime type="System.DateTime"><dateData type="System.UInt64">633673775009388956</dateData></endTime><spoolMessage type="System.Boolean">True</spoolMessage></UnitTestResult><UnitTestResult type="Microsoft.VisualStudio.TestTools.TestTypes.Unit.UnitTestResult, Microsoft.VisualStudio.QualityTools.Tips.UnitTest.ObjectModel, Version=8.0.0.0, Culture=neutral, PublicKeyToken=b03f5f7f11d50a3a"><resultType type="Microsoft.VisualStudio.TestTools.TestTypes.Unit.UnitTestResultType, Microsoft.VisualStudio.QualityTools.Tips.UnitTest.ObjectModel, Version=8.0.0.0, Culture=neutral, PublicKeyToken=b03f5f7f11d50a3a"><value__ type="System.Int32">0</value__></resultType><m_hasSufficientAccess type="System.Boolean">True</m_hasSufficientAccess><counters type="Microsoft.VisualStudio.TestTools.Common.TestResultCounter"><values type="System.Int32">0,0,0,0,0,0,0,0,0,0,0,0,0,0</values><total type="System.Int32">1</total></counters><categoryId type="Microsoft.VisualStudio.TestTools.Common.TestCategoryId"><id type="System.Guid">8c84fa94-04c1-424b-9868-57a2d4851a1d</id></categoryId><outcome type="Microsoft.VisualStudio.TestTools.Common.TestOutcome"><value__ type="System.Int32">4</value__></outcome><errorInfo type="Microsoft.VisualStudio.TestTools.Common.TestResultErrorInfo"><message type="System.String">Assert.Inconclusive failed. Verify the correctness of this test method</message><stackTrace type="System.String">   at BrownShoe.UnitTests.Services.Orders.Interfaces.IWishListServiceTest.SaveTest()
</stackTrace></errorInfo><traceInfo type="Microsoft.VisualStudio.TestTools.Common.TestExecutionTraceInformation"><trace type="System.Text.StringBuilder">Creating instance of class BrownShoe.UnitTests.Services.Orders.Interfaces.IWishListServiceTest.
Calling Test method BrownShoe.UnitTests.Services.Orders.Interfaces.IWishListServiceTest.Microsoft.VisualStudio.TestTools.TestTypes.Unit.TestMethod.
</trace></traceInfo><stdout type="System.String" /><stderr type="System.String" /><debugTrace type="System.String" /><workItemIds type="System.Collections.Generic.List`1[[System.Int32, mscorlib, Version=2.0.0.0, Culture=neutral, PublicKeyToken=b77a5c561934e089]]"><_size type="System.Int32">0</_size><_version type="System.Int32">1</_version></workItemIds><id type="Microsoft.VisualStudio.TestTools.Common.TestResultId"><runId type="System.Guid">3d9a8baa-b9cb-4717-8a94-3c6445344217</runId><executionId type="Microsoft.VisualStudio.TestTools.Common.TestExecId"><id type="System.Guid">0bbd74b6-bad8-405f-a28d-33ffdd70e19b</id></executionId><parentExecId type="Microsoft.VisualStudio.TestTools.Common.TestExecId"><id type="System.Guid">00000000-0000-0000-0000-000000000000</id></parentExecId><testId type="Microsoft.VisualStudio.TestTools.Common.TestId"><id type="System.Guid">8fcece5e-e3f5-7fc4-2ccf-3e9899f167cf</id></testId></id><testName type="System.String">SaveTest</testName><testType type="Microsoft.VisualStudio.TestTools.Common.TestType"><id type="System.Guid">13cdc9d9-ddb5-4fa4-a97d-d965ccfc6d4b</id></testType><messageKind type="Microsoft.VisualStudio.TestTools.Common.TestMessageKind"><value__ type="System.Int32">1</value__></messageKind><computerInfo type="Microsoft.VisualStudio.TestTools.Common.ComputerInfo"><m_computerName type="System.String">ECDATA-TFS01</m_computerName></computerInfo><duration type="System.TimeSpan">00:00:00.0007906</duration><startTime type="System.DateTime"><dateData type="System.UInt64">633673775009388956</dateData></startTime><endTime type="System.DateTime"><dateData type="System.UInt64">633673775009388956</dateData></endTime><spoolMessage type="System.Boolean">True</spoolMessage></UnitTestResult><UnitTestResult type="Microsoft.VisualStudio.TestTools.TestTypes.Unit.UnitTestResult, Microsoft.VisualStudio.QualityTools.Tips.UnitTest.ObjectModel, Version=8.0.0.0, Culture=neutral, PublicKeyToken=b03f5f7f11d50a3a"><resultType type="Microsoft.VisualStudio.TestTools.TestTypes.Unit.UnitTestResultType, Microsoft.VisualStudio.QualityTools.Tips.UnitTest.ObjectModel, Version=8.0.0.0, Culture=neutral, PublicKeyToken=b03f5f7f11d50a3a"><value__ type="System.Int32">0</value__></resultType><m_hasSufficientAccess type="System.Boolean">True</m_hasSufficientAccess><counters type="Microsoft.VisualStudio.TestTools.Common.TestResultCounter"><values type="System.Int32">0,0,0,0,0,0,0,0,0,0,0,0,0,0</values><total type="System.Int32">1</total></counters><categoryId type="Microsoft.VisualStudio.TestTools.Common.TestCategoryId"><id type="System.Guid">8c84fa94-04c1-424b-9868-57a2d4851a1d</id></categoryId><outcome type="Microsoft.VisualStudio.TestTools.Common.TestOutcome"><value__ type="System.Int32">4</value__></outcome><errorInfo type="Microsoft.VisualStudio.TestTools.Common.TestResultErrorInfo"><message type="System.String">Assert.Inconclusive failed. Verify the correctness of this test method</message><stackTrace type="System.String">   at BrownShoe.UnitTests.Services.Orders.MerchandiseReturnServiceTest.FetchReturnTest()
</stackTrace></errorInfo><traceInfo type="Microsoft.VisualStudio.TestTools.Common.TestExecutionTraceInformation"><trace type="System.Text.StringBuilder">Creating instance of class BrownShoe.UnitTests.Services.Orders.MerchandiseReturnServiceTest.
Calling Test method BrownShoe.UnitTests.Services.Orders.MerchandiseReturnServiceTest.Microsoft.VisualStudio.TestTools.TestTypes.Unit.TestMethod.
</trace></traceInfo><stdout type="System.String" /><stderr type="System.String" /><debugTrace type="System.String" /><workItemIds type="System.Collections.Generic.List`1[[System.Int32, mscorlib, Version=2.0.0.0, Culture=neutral, PublicKeyToken=b77a5c561934e089]]"><_size type="System.Int32">0</_size><_version type="System.Int32">1</_version></workItemIds><id type="Microsoft.VisualStudio.TestTools.Common.TestResultId"><runId type="System.Guid">3d9a8baa-b9cb-4717-8a94-3c6445344217</runId><executionId type="Microsoft.VisualStudio.TestTools.Common.TestExecId"><id type="System.Guid">e8cd2010-ea6b-45d4-b61c-f851d59dfe32</id></executionId><parentExecId type="Microsoft.VisualStudio.TestTools.Common.TestExecId"><id type="System.Guid">00000000-0000-0000-0000-000000000000</id></parentExecId><testId type="Microsoft.VisualStudio.TestTools.Common.TestId"><id type="System.Guid">aa8e44db-a930-8bcf-63c1-aa02b15bca0e</id></testId></id><testName type="System.String">FetchReturnTest</testName><testType type="Microsoft.VisualStudio.TestTools.Common.TestType"><id type="System.Guid">13cdc9d9-ddb5-4fa4-a97d-d965ccfc6d4b</id></testType><messageKind type="Microsoft.VisualStudio.TestTools.Common.TestMessageKind"><value__ type="System.Int32">1</value__></messageKind><computerInfo type="Microsoft.VisualStudio.TestTools.Common.ComputerInfo"><m_computerName type="System.String">ECDATA-TFS01</m_computerName></computerInfo><duration type="System.TimeSpan">00:00:00.0008071</duration><startTime type="System.DateTime"><dateData type="System.UInt64">633673775009388956</dateData></startTime><endTime type="System.DateTime"><dateData type="System.UInt64">633673775009388956</dateData></endTime><spoolMessage type="System.Boolean">True</spoolMessage></UnitTestResult><UnitTestResult type="Microsoft.VisualStudio.TestTools.TestTypes.Unit.UnitTestResult, Microsoft.VisualStudio.QualityTools.Tips.UnitTest.ObjectModel, Version=8.0.0.0, Culture=neutral, PublicKeyToken=b03f5f7f11d50a3a"><resultType type="Microsoft.VisualStudio.TestTools.TestTypes.Unit.UnitTestResultType, Microsoft.VisualStudio.QualityTools.Tips.UnitTest.ObjectModel, Version=8.0.0.0, Culture=neutral, PublicKeyToken=b03f5f7f11d50a3a"><value__ type="System.Int32">0</value__></resultType><m_hasSufficientAccess type="System.Boolean">True</m_hasSufficientAccess><counters type="Microsoft.VisualStudio.TestTools.Common.TestResultCounter"><values type="System.Int32">0,0,0,0,0,0,0,0,0,0,0,0,0,0</values><total type="System.Int32">1</total></counters><categoryId type="Microsoft.VisualStudio.TestTools.Common.TestCategoryId"><id type="System.Guid">8c84fa94-04c1-424b-9868-57a2d4851a1d</id></categoryId><outcome type="Microsoft.VisualStudio.TestTools.Common.TestOutcome"><value__ type="System.Int32">4</value__></outcome><errorInfo type="Microsoft.VisualStudio.TestTools.Common.TestResultErrorInfo"><message type="System.String">Assert.Inconclusive failed. Verify the correctness of this test method</message><stackTrace type="System.String">   at BrownShoe.UnitTests.Services.Orders.MerchandiseReturnServiceTest.GetShipmentAcceptRequestTest()
</stackTrace></errorInfo><traceInfo type="Microsoft.VisualStudio.TestTools.Common.TestExecutionTraceInformation"><trace type="System.Text.StringBuilder">Creating instance of class BrownShoe.UnitTests.Services.Orders.MerchandiseReturnServiceTest.
Calling Test method BrownShoe.UnitTests.Services.Orders.MerchandiseReturnServiceTest.Microsoft.VisualStudio.TestTools.TestTypes.Unit.TestMethod.
</trace></traceInfo><stdout type="System.String" /><stderr type="System.String" /><debugTrace type="System.String" /><workItemIds type="System.Collections.Generic.List`1[[System.Int32, mscorlib, Version=2.0.0.0, Culture=neutral, PublicKeyToken=b77a5c561934e089]]"><_size type="System.Int32">0</_size><_version type="System.Int32">1</_version></workItemIds><id type="Microsoft.VisualStudio.TestTools.Common.TestResultId"><runId type="System.Guid">3d9a8baa-b9cb-4717-8a94-3c6445344217</runId><executionId type="Microsoft.VisualStudio.TestTools.Common.TestExecId"><id type="System.Guid">fad3d02e-68b4-4bf5-bcd8-c0d04bd35543</id></executionId><parentExecId type="Microsoft.VisualStudio.TestTools.Common.TestExecId"><id type="System.Guid">00000000-0000-0000-0000-000000000000</id></parentExecId><testId type="Microsoft.VisualStudio.TestTools.Common.TestId"><id type="System.Guid">3164ea8c-2358-7710-41f3-4ecf4e1c0e49</id></testId></id><testName type="System.String">GetShipmentAcceptRequestTest</testName><testType type="Microsoft.VisualStudio.TestTools.Common.TestType"><id type="System.Guid">13cdc9d9-ddb5-4fa4-a97d-d965ccfc6d4b</id></testType><messageKind type="Microsoft.VisualStudio.TestTools.Common.TestMessageKind"><value__ type="System.Int32">1</value__></messageKind><computerInfo type="Microsoft.VisualStudio.TestTools.Common.ComputerInfo"><m_computerName type="System.String">ECDATA-TFS01</m_computerName></computerInfo><duration type="System.TimeSpan">00:00:00.0006798</duration><startTime type="System.DateTime"><dateData type="System.UInt64">633673775009388956</dateData></startTime><endTime type="System.DateTime"><dateData type="System.UInt64">633673775009545216</dateData></endTime><spoolMessage type="System.Boolean">True</spoolMessage></UnitTestResult><UnitTestResult type="Microsoft.VisualStudio.TestTools.TestTypes.Unit.UnitTestResult, Microsoft.VisualStudio.QualityTools.Tips.UnitTest.ObjectModel, Version=8.0.0.0, Culture=neutral, PublicKeyToken=b03f5f7f11d50a3a"><resultType type="Microsoft.VisualStudio.TestTools.TestTypes.Unit.UnitTestResultType, Microsoft.VisualStudio.QualityTools.Tips.UnitTest.ObjectModel, Version=8.0.0.0, Culture=neutral, PublicKeyToken=b03f5f7f11d50a3a"><value__ type="System.Int32">0</value__></resultType><m_hasSufficientAccess type="System.Boolean">True</m_hasSufficientAccess><counters type="Microsoft.VisualStudio.TestTools.Common.TestResultCounter"><values type="System.Int32">0,0,0,0,0,0,0,0,0,0,0,0,0,0</values><total type="System.Int32">1</total></counters><categoryId type="Microsoft.VisualStudio.TestTools.Common.TestCategoryId"><id type="System.Guid">8c84fa94-04c1-424b-9868-57a2d4851a1d</id></categoryId><outcome type="Microsoft.VisualStudio.TestTools.Common.TestOutcome"><value__ type="System.Int32">4</value__></outcome><errorInfo type="Microsoft.VisualStudio.TestTools.Common.TestResultErrorInfo"><message type="System.String">Assert.Inconclusive failed. Verify the correctness of this test method</message><stackTrace type="System.String">   at BrownShoe.UnitTests.Services.Orders.MerchandiseReturnServiceTest.GetShipmentConfirmRequestTest()
</stackTrace></errorInfo><traceInfo type="Microsoft.VisualStudio.TestTools.Common.TestExecutionTraceInformation"><trace type="System.Text.StringBuilder">Creating instance of class BrownShoe.UnitTests.Services.Orders.MerchandiseReturnServiceTest.
Calling Test method BrownShoe.UnitTests.Services.Orders.MerchandiseReturnServiceTest.Microsoft.VisualStudio.TestTools.TestTypes.Unit.TestMethod.
</trace></traceInfo><stdout type="System.String" /><stderr type="System.String" /><debugTrace type="System.String" /><workItemIds type="System.Collections.Generic.List`1[[System.Int32, mscorlib, Version=2.0.0.0, Culture=neutral, PublicKeyToken=b77a5c561934e089]]"><_size type="System.Int32">0</_size><_version type="System.Int32">1</_version></workItemIds><id type="Microsoft.VisualStudio.TestTools.Common.TestResultId"><runId type="System.Guid">3d9a8baa-b9cb-4717-8a94-3c6445344217</runId><executionId type="Microsoft.VisualStudio.TestTools.Common.TestExecId"><id type="System.Guid">481b0914-761d-4a61-9a26-513b1127cd4f</id></executionId><parentExecId type="Microsoft.VisualStudio.TestTools.Common.TestExecId"><id type="System.Guid">00000000-0000-0000-0000-000000000000</id></parentExecId><testId type="Microsoft.VisualStudio.TestTools.Common.TestId"><id type="System.Guid">6ec53b5a-921a-ab7b-f9da-07d79dc63baf</id></testId></id><testName type="System.String">GetShipmentConfirmRequestTest</testName><testType type="Microsoft.VisualStudio.TestTools.Common.TestType"><id type="System.Guid">13cdc9d9-ddb5-4fa4-a97d-d965ccfc6d4b</id></testType><messageKind type="Microsoft.VisualStudio.TestTools.Common.TestMessageKind"><value__ type="System.Int32">1</value__></messageKind><computerInfo type="Microsoft.VisualStudio.TestTools.Common.ComputerInfo"><m_computerName type="System.String">ECDATA-TFS01</m_computerName></computerInfo><duration type="System.TimeSpan">00:00:00.0006302</duration><startTime type="System.DateTime"><dateData type="System.UInt64">633673775009545216</dateData></startTime><endTime type="System.DateTime"><dateData type="System.UInt64">633673775009545216</dateData></endTime><spoolMessage type="System.Boolean">True</spoolMessage></UnitTestResult><UnitTestResult type="Microsoft.VisualStudio.TestTools.TestTypes.Unit.UnitTestResult, Microsoft.VisualStudio.QualityTools.Tips.UnitTest.ObjectModel, Version=8.0.0.0, Culture=neutral, PublicKeyToken=b03f5f7f11d50a3a"><resultType type="Microsoft.VisualStudio.TestTools.TestTypes.Unit.UnitTestResultType, Microsoft.VisualStudio.QualityTools.Tips.UnitTest.ObjectModel, Version=8.0.0.0, Culture=neutral, PublicKeyToken=b03f5f7f11d50a3a"><value__ type="System.Int32">0</value__></resultType><m_hasSufficientAccess type="System.Boolean">True</m_hasSufficientAccess><counters type="Microsoft.VisualStudio.TestTools.Common.TestResultCounter"><values type="System.Int32">0,0,0,0,0,0,0,0,0,0,0,0,0,0</values><total type="System.Int32">1</total></counters><categoryId type="Microsoft.VisualStudio.TestTools.Common.TestCategoryId"><id type="System.Guid">8c84fa94-04c1-424b-9868-57a2d4851a1d</id></categoryId><outcome type="Microsoft.VisualStudio.TestTools.Common.TestOutcome"><value__ type="System.Int32">4</value__></outcome><errorInfo type="Microsoft.VisualStudio.TestTools.Common.TestResultErrorInfo"><message type="System.String">Assert.Inconclusive failed. Verify the correctness of this test method</message><stackTrace type="System.String">   at BrownShoe.UnitTests.Services.Orders.MerchandiseReturnServiceTest.ListReturnsTest()
</stackTrace></errorInfo><traceInfo type="Microsoft.VisualStudio.TestTools.Common.TestExecutionTraceInformation"><trace type="System.Text.StringBuilder">Creating instance of class BrownShoe.UnitTests.Services.Orders.MerchandiseReturnServiceTest.
Calling Test method BrownShoe.UnitTests.Services.Orders.MerchandiseReturnServiceTest.Microsoft.VisualStudio.TestTools.TestTypes.Unit.TestMethod.
</trace></traceInfo><stdout type="System.String" /><stderr type="System.String" /><debugTrace type="System.String" /><workItemIds type="System.Collections.Generic.List`1[[System.Int32, mscorlib, Version=2.0.0.0, Culture=neutral, PublicKeyToken=b77a5c561934e089]]"><_size type="System.Int32">0</_size><_version type="System.Int32">1</_version></workItemIds><id type="Microsoft.VisualStudio.TestTools.Common.TestResultId"><runId type="System.Guid">3d9a8baa-b9cb-4717-8a94-3c6445344217</runId><executionId type="Microsoft.VisualStudio.TestTools.Common.TestExecId"><id type="System.Guid">3abfbba8-9163-47bd-ae3d-9bbd69841268</id></executionId><parentExecId type="Microsoft.VisualStudio.TestTools.Common.TestExecId"><id type="System.Guid">00000000-0000-0000-0000-000000000000</id></parentExecId><testId type="Microsoft.VisualStudio.TestTools.Common.TestId"><id type="System.Guid">32c2f894-e0e3-cf90-83a4-52d34f3a8498</id></testId></id><testName type="System.String">ListReturnsTest</testName><testType type="Microsoft.VisualStudio.TestTools.Common.TestType"><id type="System.Guid">13cdc9d9-ddb5-4fa4-a97d-d965ccfc6d4b</id></testType><messageKind type="Microsoft.VisualStudio.TestTools.Common.TestMessageKind"><value__ type="System.Int32">1</value__></messageKind><computerInfo type="Microsoft.VisualStudio.TestTools.Common.ComputerInfo"><m_computerName type="System.String">ECDATA-TFS01</m_computerName></computerInfo><duration type="System.TimeSpan">00:00:00.0011273</duration><startTime type="System.DateTime"><dateData type="System.UInt64">633673775009545216</dateData></startTime><endTime type="System.DateTime"><dateData type="System.UInt64">633673775009701476</dateData></endTime><spoolMessage type="System.Boolean">True</spoolMessage></UnitTestResult><UnitTestResult type="Microsoft.VisualStudio.TestTools.TestTypes.Unit.UnitTestResult, Microsoft.VisualStudio.QualityTools.Tips.UnitTest.ObjectModel, Version=8.0.0.0, Culture=neutral, PublicKeyToken=b03f5f7f11d50a3a"><resultType type="Microsoft.VisualStudio.TestTools.TestTypes.Unit.UnitTestResultType, Microsoft.VisualStudio.QualityTools.Tips.UnitTest.ObjectModel, Version=8.0.0.0, Culture=neutral, PublicKeyToken=b03f5f7f11d50a3a"><value__ type="System.Int32">0</value__></resultType><m_hasSufficientAccess type="System.Boolean">True</m_hasSufficientAccess><counters type="Microsoft.VisualStudio.TestTools.Common.TestResultCounter"><values type="System.Int32">0,0,0,0,0,0,0,0,0,0,0,0,0,0</values><total type="System.Int32">1</total></counters><categoryId type="Microsoft.VisualStudio.TestTools.Common.TestCategoryId"><id type="System.Guid">8c84fa94-04c1-424b-9868-57a2d4851a1d</id></categoryId><outcome type="Microsoft.VisualStudio.TestTools.Common.TestOutcome"><value__ type="System.Int32">4</value__></outcome><errorInfo type="Microsoft.VisualStudio.TestTools.Common.TestResultErrorInfo"><message type="System.String">Assert.Inconclusive failed. Verify the correctness of this test method</message><stackTrace type="System.String">   at BrownShoe.UnitTests.Services.Orders.MerchandiseReturnServiceTest.UpdateReturnLabelAddressTest()
</stackTrace></errorInfo><traceInfo type="Microsoft.VisualStudio.TestTools.Common.TestExecutionTraceInformation"><trace type="System.Text.StringBuilder">Creating instance of class BrownShoe.UnitTests.Services.Orders.MerchandiseReturnServiceTest.
Calling Test method BrownShoe.UnitTests.Services.Orders.MerchandiseReturnServiceTest.Microsoft.VisualStudio.TestTools.TestTypes.Unit.TestMethod.
</trace></traceInfo><stdout type="System.String" /><stderr type="System.String" /><debugTrace type="System.String" /><workItemIds type="System.Collections.Generic.List`1[[System.Int32, mscorlib, Version=2.0.0.0, Culture=neutral, PublicKeyToken=b77a5c561934e089]]"><_size type="System.Int32">0</_size><_version type="System.Int32">1</_version></workItemIds><id type="Microsoft.VisualStudio.TestTools.Common.TestResultId"><runId type="System.Guid">3d9a8baa-b9cb-4717-8a94-3c6445344217</runId><executionId type="Microsoft.VisualStudio.TestTools.Common.TestExecId"><id type="System.Guid">64b53f1c-e8f7-4d6d-876f-76b6889f3a67</id></executionId><parentExecId type="Microsoft.VisualStudio.TestTools.Common.TestExecId"><id type="System.Guid">00000000-0000-0000-0000-000000000000</id></parentExecId><testId type="Microsoft.VisualStudio.TestTools.Common.TestId"><id type="System.Guid">acf96f21-a85e-db49-e5a8-a50df78caa75</id></testId></id><testName type="System.String">UpdateReturnLabelAddressTest</testName><testType type="Microsoft.VisualStudio.TestTools.Common.TestType"><id type="System.Guid">13cdc9d9-ddb5-4fa4-a97d-d965ccfc6d4b</id></testType><messageKind type="Microsoft.VisualStudio.TestTools.Common.TestMessageKind"><value__ type="System.Int32">1</value__></messageKind><computerInfo type="Microsoft.VisualStudio.TestTools.Common.ComputerInfo"><m_computerName type="System.String">ECDATA-TFS01</m_computerName></computerInfo><duration type="System.TimeSpan">00:00:00.0006452</duration><startTime type="System.DateTime"><dateData type="System.UInt64">633673775009701476</dateData></startTime><endTime type="System.DateTime"><dateData type="System.UInt64">633673775009701476</dateData></endTime><spoolMessage type="System.Boolean">True</spoolMessage></UnitTestResult><UnitTestResult type="Microsoft.VisualStudio.TestTools.TestTypes.Unit.UnitTestResult, Microsoft.VisualStudio.QualityTools.Tips.UnitTest.ObjectModel, Version=8.0.0.0, Culture=neutral, PublicKeyToken=b03f5f7f11d50a3a"><resultType type="Microsoft.VisualStudio.TestTools.TestTypes.Unit.UnitTestResultType, Microsoft.VisualStudio.QualityTools.Tips.UnitTest.ObjectModel, Version=8.0.0.0, Culture=neutral, PublicKeyToken=b03f5f7f11d50a3a"><value__ type="System.Int32">0</value__></resultType><m_hasSufficientAccess type="System.Boolean">True</m_hasSufficientAccess><counters type="Microsoft.VisualStudio.TestTools.Common.TestResultCounter"><values type="System.Int32">0,0,0,0,0,0,0,0,0,0,0,0,0,0</values><total type="System.Int32">1</total></counters><categoryId type="Microsoft.VisualStudio.TestTools.Common.TestCategoryId"><id type="System.Guid">8c84fa94-04c1-424b-9868-57a2d4851a1d</id></categoryId><outcome type="Microsoft.VisualStudio.TestTools.Common.TestOutcome"><value__ type="System.Int32">4</value__></outcome><errorInfo type="Microsoft.VisualStudio.TestTools.Common.TestResultErrorInfo"><message type="System.String">Assert.Inconclusive failed. Verify the correctness of this test method</message><stackTrace type="System.String">   at BrownShoe.UnitTests.Services.Orders.MerchandiseReturnServiceTest.UpdateReturnTest()
</stackTrace></errorInfo><traceInfo type="Microsoft.VisualStudio.TestTools.Common.TestExecutionTraceInformation"><trace type="System.Text.StringBuilder">Creating instance of class BrownShoe.UnitTests.Services.Orders.MerchandiseReturnServiceTest.
Calling Test method BrownShoe.UnitTests.Services.Orders.MerchandiseReturnServiceTest.Microsoft.VisualStudio.TestTools.TestTypes.Unit.TestMethod.
</trace></traceInfo><stdout type="System.String" /><stderr type="System.String" /><debugTrace type="System.String" /><workItemIds type="System.Collections.Generic.List`1[[System.Int32, mscorlib, Version=2.0.0.0, Culture=neutral, PublicKeyToken=b77a5c561934e089]]"><_size type="System.Int32">0</_size><_version type="System.Int32">1</_version></workItemIds><id type="Microsoft.VisualStudio.TestTools.Common.TestResultId"><runId type="System.Guid">3d9a8baa-b9cb-4717-8a94-3c6445344217</runId><executionId type="Microsoft.VisualStudio.TestTools.Common.TestExecId"><id type="System.Guid">898adc4e-a821-4269-a34d-362cb81bdd1f</id></executionId><parentExecId type="Microsoft.VisualStudio.TestTools.Common.TestExecId"><id type="System.Guid">00000000-0000-0000-0000-000000000000</id></parentExecId><testId type="Microsoft.VisualStudio.TestTools.Common.TestId"><id type="System.Guid">33ab654b-f31c-3388-9257-8f4df14c4360</id></testId></id><testName type="System.String">UpdateReturnTest</testName><testType type="Microsoft.VisualStudio.TestTools.Common.TestType"><id type="System.Guid">13cdc9d9-ddb5-4fa4-a97d-d965ccfc6d4b</id></testType><messageKind type="Microsoft.VisualStudio.TestTools.Common.TestMessageKind"><value__ type="System.Int32">1</value__></messageKind><computerInfo type="Microsoft.VisualStudio.TestTools.Common.ComputerInfo"><m_computerName type="System.String">ECDATA-TFS01</m_computerName></computerInfo><duration type="System.TimeSpan">00:00:00.0006324</duration><startTime type="System.DateTime"><dateData type="System.UInt64">633673775009701476</dateData></startTime><endTime type="System.DateTime"><dateData type="System.UInt64">633673775009701476</dateData></endTime><spoolMessage type="System.Boolean">True</spoolMessage></UnitTestResult><UnitTestResult type="Microsoft.VisualStudio.TestTools.TestTypes.Unit.UnitTestResult, Microsoft.VisualStudio.QualityTools.Tips.UnitTest.ObjectModel, Version=8.0.0.0, Culture=neutral, PublicKeyToken=b03f5f7f11d50a3a"><resultType type="Microsoft.VisualStudio.TestTools.TestTypes.Unit.UnitTestResultType, Microsoft.VisualStudio.QualityTools.Tips.UnitTest.ObjectModel, Version=8.0.0.0, Culture=neutral, PublicKeyToken=b03f5f7f11d50a3a"><value__ type="System.Int32">0</value__></resultType><m_hasSufficientAccess type="System.Boolean">True</m_hasSufficientAccess><counters type="Microsoft.VisualStudio.TestTools.Common.TestResultCounter"><values type="System.Int32">0,0,0,0,0,0,0,0,0,0,0,0,0,0</values><total type="System.Int32">1</total></counters><categoryId type="Microsoft.VisualStudio.TestTools.Common.TestCategoryId"><id type="System.Guid">8c84fa94-04c1-424b-9868-57a2d4851a1d</id></categoryId><outcome type="Microsoft.VisualStudio.TestTools.Common.TestOutcome"><value__ type="System.Int32">4</value__></outcome><errorInfo type="Microsoft.VisualStudio.TestTools.Common.TestResultErrorInfo"><message type="System.String">Assert.Inconclusive failed. Verify the correctness of this test method</message><stackTrace type="System.String">   at BrownShoe.UnitTests.Services.Orders.OrderServiceTest.GetDefaultShippingMethodTest()
</stackTrace></errorInfo><traceInfo type="Microsoft.VisualStudio.TestTools.Common.TestExecutionTraceInformation"><trace type="System.Text.StringBuilder">Creating instance of class BrownShoe.UnitTests.Services.Orders.OrderServiceTest.
Calling Test method BrownShoe.UnitTests.Services.Orders.OrderServiceTest.Microsoft.VisualStudio.TestTools.TestTypes.Unit.TestMethod.
</trace></traceInfo><stdout type="System.String" /><stderr type="System.String" /><debugTrace type="System.String" /><workItemIds type="System.Collections.Generic.List`1[[System.Int32, mscorlib, Version=2.0.0.0, Culture=neutral, PublicKeyToken=b77a5c561934e089]]"><_size type="System.Int32">0</_size><_version type="System.Int32">1</_version></workItemIds><id type="Microsoft.VisualStudio.TestTools.Common.TestResultId"><runId type="System.Guid">3d9a8baa-b9cb-4717-8a94-3c6445344217</runId><executionId type="Microsoft.VisualStudio.TestTools.Common.TestExecId"><id type="System.Guid">863d1fff-c823-455a-8515-d067e6fcdcb8</id></executionId><parentExecId type="Microsoft.VisualStudio.TestTools.Common.TestExecId"><id type="System.Guid">00000000-0000-0000-0000-000000000000</id></parentExecId><testId type="Microsoft.VisualStudio.TestTools.Common.TestId"><id type="System.Guid">6184684b-ac34-9afa-14c4-1ce99e701fde</id></testId></id><testName type="System.String">GetDefaultShippingMethodTest</testName><testType type="Microsoft.VisualStudio.TestTools.Common.TestType"><id type="System.Guid">13cdc9d9-ddb5-4fa4-a97d-d965ccfc6d4b</id></testType><messageKind type="Microsoft.VisualStudio.TestTools.Common.TestMessageKind"><value__ type="System.Int32">1</value__></messageKind><computerInfo type="Microsoft.VisualStudio.TestTools.Common.ComputerInfo"><m_computerName type="System.String">ECDATA-TFS01</m_computerName></computerInfo><duration type="System.TimeSpan">00:00:00.0008905</duration><startTime type="System.DateTime"><dateData type="System.UInt64">633673775009701476</dateData></startTime><endTime type="System.DateTime"><dateData type="System.UInt64">633673775009857736</dateData></endTime><spoolMessage type="System.Boolean">True</spoolMessage></UnitTestResult><UnitTestResult type="Microsoft.VisualStudio.TestTools.TestTypes.Unit.UnitTestResult, Microsoft.VisualStudio.QualityTools.Tips.UnitTest.ObjectModel, Version=8.0.0.0, Culture=neutral, PublicKeyToken=b03f5f7f11d50a3a"><resultType type="Microsoft.VisualStudio.TestTools.TestTypes.Unit.UnitTestResultType, Microsoft.VisualStudio.QualityTools.Tips.UnitTest.ObjectModel, Version=8.0.0.0, Culture=neutral, PublicKeyToken=b03f5f7f11d50a3a"><value__ type="System.Int32">0</value__></resultType><m_hasSufficientAccess type="System.Boolean">True</m_hasSufficientAccess><counters type="Microsoft.VisualStudio.TestTools.Common.TestResultCounter"><values type="System.Int32">0,0,0,0,0,0,0,0,0,0,0,0,0,0</values><total type="System.Int32">1</total></counters><categoryId type="Microsoft.VisualStudio.TestTools.Common.TestCategoryId"><id type="System.Guid">8c84fa94-04c1-424b-9868-57a2d4851a1d</id></categoryId><outcome type="Microsoft.VisualStudio.TestTools.Common.TestOutcome"><value__ type="System.Int32">4</value__></outcome><errorInfo type="Microsoft.VisualStudio.TestTools.Common.TestResultErrorInfo"><message type="System.String">Assert.Inconclusive failed. Verify the correctness of this test method</message><stackTrace type="System.String">   at BrownShoe.UnitTests.Services.Orders.OrderServiceTest.GetPaymentMethodIDTest()
</stackTrace></errorInfo><traceInfo type="Microsoft.VisualStudio.TestTools.Common.TestExecutionTraceInformation"><trace type="System.Text.StringBuilder">Creating instance of class BrownShoe.UnitTests.Services.Orders.OrderServiceTest.
Calling Test method BrownShoe.UnitTests.Services.Orders.OrderServiceTest.Microsoft.VisualStudio.TestTools.TestTypes.Unit.TestMethod.
</trace></traceInfo><stdout type="System.String" /><stderr type="System.String" /><debugTrace type="System.String" /><workItemIds type="System.Collections.Generic.List`1[[System.Int32, mscorlib, Version=2.0.0.0, Culture=neutral, PublicKeyToken=b77a5c561934e089]]"><_size type="System.Int32">0</_size><_version type="System.Int32">1</_version></workItemIds><id type="Microsoft.VisualStudio.TestTools.Common.TestResultId"><runId type="System.Guid">3d9a8baa-b9cb-4717-8a94-3c6445344217</runId><executionId type="Microsoft.VisualStudio.TestTools.Common.TestExecId"><id type="System.Guid">d3a10070-363a-433c-9d6b-37993f8aeca7</id></executionId><parentExecId type="Microsoft.VisualStudio.TestTools.Common.TestExecId"><id type="System.Guid">00000000-0000-0000-0000-000000000000</id></parentExecId><testId type="Microsoft.VisualStudio.TestTools.Common.TestId"><id type="System.Guid">39d6e67a-2d9a-31f7-5018-1ea4442499b2</id></testId></id><testName type="System.String">GetPaymentMethodIDTest</testName><testType type="Microsoft.VisualStudio.TestTools.Common.TestType"><id type="System.Guid">13cdc9d9-ddb5-4fa4-a97d-d965ccfc6d4b</id></testType><messageKind type="Microsoft.VisualStudio.TestTools.Common.TestMessageKind"><value__ type="System.Int32">1</value__></messageKind><computerInfo type="Microsoft.VisualStudio.TestTools.Common.ComputerInfo"><m_computerName type="System.String">ECDATA-TFS01</m_computerName></computerInfo><duration type="System.TimeSpan">00:00:00.0010140</duration><startTime type="System.DateTime"><dateData type="System.UInt64">633673775009857736</dateData></startTime><endTime type="System.DateTime"><dateData type="System.UInt64">633673775009857736</dateData></endTime><spoolMessage type="System.Boolean">True</spoolMessage></UnitTestResult><UnitTestResult type="Microsoft.VisualStudio.TestTools.TestTypes.Unit.UnitTestResult, Microsoft.VisualStudio.QualityTools.Tips.UnitTest.ObjectModel, Version=8.0.0.0, Culture=neutral, PublicKeyToken=b03f5f7f11d50a3a"><resultType type="Microsoft.VisualStudio.TestTools.TestTypes.Unit.UnitTestResultType, Microsoft.VisualStudio.QualityTools.Tips.UnitTest.ObjectModel, Version=8.0.0.0, Culture=neutral, PublicKeyToken=b03f5f7f11d50a3a"><value__ type="System.Int32">0</value__></resultType><m_hasSufficientAccess type="System.Boolean">True</m_hasSufficientAccess><counters type="Microsoft.VisualStudio.TestTools.Common.TestResultCounter"><values type="System.Int32">0,0,0,0,0,0,0,0,0,0,0,0,0,0</values><total type="System.Int32">1</total></counters><categoryId type="Microsoft.VisualStudio.TestTools.Common.TestCategoryId"><id type="System.Guid">8c84fa94-04c1-424b-9868-57a2d4851a1d</id></categoryId><outcome type="Microsoft.VisualStudio.TestTools.Common.TestOutcome"><value__ type="System.Int32">4</value__></outcome><errorInfo type="Microsoft.VisualStudio.TestTools.Common.TestResultErrorInfo"><message type="System.String">Assert.Inconclusive failed. Verify the correctness of this test method</message><stackTrace type="System.String">   at BrownShoe.UnitTests.Services.Orders.OrderServiceTest.GetShippingMethodByIdTest()
</stackTrace></errorInfo><traceInfo type="Microsoft.VisualStudio.TestTools.Common.TestExecutionTraceInformation"><trace type="System.Text.StringBuilder">Creating instance of class BrownShoe.UnitTests.Services.Orders.OrderServiceTest.
Calling Test method BrownShoe.UnitTests.Services.Orders.OrderServiceTest.Microsoft.VisualStudio.TestTools.TestTypes.Unit.TestMethod.
</trace></traceInfo><stdout type="System.String" /><stderr type="System.String" /><debugTrace type="System.String" /><workItemIds type="System.Collections.Generic.List`1[[System.Int32, mscorlib, Version=2.0.0.0, Culture=neutral, PublicKeyToken=b77a5c561934e089]]"><_size type="System.Int32">0</_size><_version type="System.Int32">1</_version></workItemIds><id type="Microsoft.VisualStudio.TestTools.Common.TestResultId"><runId type="System.Guid">3d9a8baa-b9cb-4717-8a94-3c6445344217</runId><executionId type="Microsoft.VisualStudio.TestTools.Common.TestExecId"><id type="System.Guid">5ec3e39e-5f72-4d43-8893-25705c1b7cd0</id></executionId><parentExecId type="Microsoft.VisualStudio.TestTools.Common.TestExecId"><id type="System.Guid">00000000-0000-0000-0000-000000000000</id></parentExecId><testId type="Microsoft.VisualStudio.TestTools.Common.TestId"><id type="System.Guid">0e220b55-1623-25fa-468c-a6cbf8cec0ea</id></testId></id><testName type="System.String">GetShippingMethodByIdTest</testName><testType type="Microsoft.VisualStudio.TestTools.Common.TestType"><id type="System.Guid">13cdc9d9-ddb5-4fa4-a97d-d965ccfc6d4b</id></testType><messageKind type="Microsoft.VisualStudio.TestTools.Common.TestMessageKind"><value__ type="System.Int32">1</value__></messageKind><computerInfo type="Microsoft.VisualStudio.TestTools.Common.ComputerInfo"><m_computerName type="System.String">ECDATA-TFS01</m_computerName></computerInfo><duration type="System.TimeSpan">00:00:00.0005771</duration><startTime type="System.DateTime"><dateData type="System.UInt64">633673775009857736</dateData></startTime><endTime type="System.DateTime"><dateData type="System.UInt64">633673775010013996</dateData></endTime><spoolMessage type="System.Boolean">True</spoolMessage></UnitTestResult><UnitTestResult type="Microsoft.VisualStudio.TestTools.TestTypes.Unit.UnitTestResult, Microsoft.VisualStudio.QualityTools.Tips.UnitTest.ObjectModel, Version=8.0.0.0, Culture=neutral, PublicKeyToken=b03f5f7f11d50a3a"><resultType type="Microsoft.VisualStudio.TestTools.TestTypes.Unit.UnitTestResultType, Microsoft.VisualStudio.QualityTools.Tips.UnitTest.ObjectModel, Version=8.0.0.0, Culture=neutral, PublicKeyToken=b03f5f7f11d50a3a"><value__ type="System.Int32">0</value__></resultType><m_hasSufficientAccess type="System.Boolean">True</m_hasSufficientAccess><counters type="Microsoft.VisualStudio.TestTools.Common.TestResultCounter"><values type="System.Int32">0,0,0,0,0,0,0,0,0,0,0,0,0,0</values><total type="System.Int32">1</total></counters><categoryId type="Microsoft.VisualStudio.TestTools.Common.TestCategoryId"><id type="System.Guid">8c84fa94-04c1-424b-9868-57a2d4851a1d</id></categoryId><outcome type="Microsoft.VisualStudio.TestTools.Common.TestOutcome"><value__ type="System.Int32">4</value__></outcome><errorInfo type="Microsoft.VisualStudio.TestTools.Common.TestResultErrorInfo"><message type="System.String">Assert.Inconclusive failed. Verify the correctness of this test method</message><stackTrace type="System.String">   at BrownShoe.UnitTests.Services.Orders.OrderServiceTest.ListCheckoutMethodTypesTest()
</stackTrace></errorInfo><traceInfo type="Microsoft.VisualStudio.TestTools.Common.TestExecutionTraceInformation"><trace type="System.Text.StringBuilder">Creating instance of class BrownShoe.UnitTests.Services.Orders.OrderServiceTest.
Calling Test method BrownShoe.UnitTests.Services.Orders.OrderServiceTest.Microsoft.VisualStudio.TestTools.TestTypes.Unit.TestMethod.
</trace></traceInfo><stdout type="System.String" /><stderr type="System.String" /><debugTrace type="System.String" /><workItemIds type="System.Collections.Generic.List`1[[System.Int32, mscorlib, Version=2.0.0.0, Culture=neutral, PublicKeyToken=b77a5c561934e089]]"><_size type="System.Int32">0</_size><_version type="System.Int32">1</_version></workItemIds><id type="Microsoft.VisualStudio.TestTools.Common.TestResultId"><runId type="System.Guid">3d9a8baa-b9cb-4717-8a94-3c6445344217</runId><executionId type="Microsoft.VisualStudio.TestTools.Common.TestExecId"><id type="System.Guid">b7a11332-d662-4d09-989d-de6d3e89067b</id></executionId><parentExecId type="Microsoft.VisualStudio.TestTools.Common.TestExecId"><id type="System.Guid">00000000-0000-0000-0000-000000000000</id></parentExecId><testId type="Microsoft.VisualStudio.TestTools.Common.TestId"><id type="System.Guid">8567d575-666f-bb9b-0838-d16d786ca49f</id></testId></id><testName type="System.String">ListCheckoutMethodTypesTest</testName><testType type="Microsoft.VisualStudio.TestTools.Common.TestType"><id type="System.Guid">13cdc9d9-ddb5-4fa4-a97d-d965ccfc6d4b</id></testType><messageKind type="Microsoft.VisualStudio.TestTools.Common.TestMessageKind"><value__ type="System.Int32">1</value__></messageKind><computerInfo type="Microsoft.VisualStudio.TestTools.Common.ComputerInfo"><m_computerName type="System.String">ECDATA-TFS01</m_computerName></computerInfo><duration type="System.TimeSpan">00:00:00.0008390</duration><startTime type="System.DateTime"><dateData type="System.UInt64">633673775010013996</dateData></startTime><endTime type="System.DateTime"><dateData type="System.UInt64">633673775010013996</dateData></endTime><spoolMessage type="System.Boolean">True</spoolMessage></UnitTestResult><UnitTestResult type="Microsoft.VisualStudio.TestTools.TestTypes.Unit.UnitTestResult, Microsoft.VisualStudio.QualityTools.Tips.UnitTest.ObjectModel, Version=8.0.0.0, Culture=neutral, PublicKeyToken=b03f5f7f11d50a3a"><resultType type="Microsoft.VisualStudio.TestTools.TestTypes.Unit.UnitTestResultType, Microsoft.VisualStudio.QualityTools.Tips.UnitTest.ObjectModel, Version=8.0.0.0, Culture=neutral, PublicKeyToken=b03f5f7f11d50a3a"><value__ type="System.Int32">0</value__></resultType><m_hasSufficientAccess type="System.Boolean">True</m_hasSufficientAccess><counters type="Microsoft.VisualStudio.TestTools.Common.TestResultCounter"><values type="System.Int32">0,0,0,0,0,0,0,0,0,0,0,0,0,0</values><total type="System.Int32">1</total></counters><categoryId type="Microsoft.VisualStudio.TestTools.Common.TestCategoryId"><id type="System.Guid">8c84fa94-04c1-424b-9868-57a2d4851a1d</id></categoryId><outcome type="Microsoft.VisualStudio.TestTools.Common.TestOutcome"><value__ type="System.Int32">4</value__></outcome><errorInfo type="Microsoft.VisualStudio.TestTools.Common.TestResultErrorInfo"><message type="System.String">Assert.Inconclusive failed. Verify the correctness of this test method</message><stackTrace type="System.String">   at BrownShoe.UnitTests.Services.Orders.OrderServiceTest.ListCreditCardsTest()
</stackTrace></errorInfo><traceInfo type="Microsoft.VisualStudio.TestTools.Common.TestExecutionTraceInformation"><trace type="System.Text.StringBuilder">Creating instance of class BrownShoe.UnitTests.Services.Orders.OrderServiceTest.
Calling Test method BrownShoe.UnitTests.Services.Orders.OrderServiceTest.Microsoft.VisualStudio.TestTools.TestTypes.Unit.TestMethod.
</trace></traceInfo><stdout type="System.String" /><stderr type="System.String" /><debugTrace type="System.String" /><workItemIds type="System.Collections.Generic.List`1[[System.Int32, mscorlib, Version=2.0.0.0, Culture=neutral, PublicKeyToken=b77a5c561934e089]]"><_size type="System.Int32">0</_size><_version type="System.Int32">1</_version></workItemIds><id type="Microsoft.VisualStudio.TestTools.Common.TestResultId"><runId type="System.Guid">3d9a8baa-b9cb-4717-8a94-3c6445344217</runId><executionId type="Microsoft.VisualStudio.TestTools.Common.TestExecId"><id type="System.Guid">dbd1bb51-52ae-448b-b8c5-62cca3d4b6f6</id></executionId><parentExecId type="Microsoft.VisualStudio.TestTools.Common.TestExecId"><id type="System.Guid">00000000-0000-0000-0000-000000000000</id></parentExecId><testId type="Microsoft.VisualStudio.TestTools.Common.TestId"><id type="System.Guid">e50d7db4-3b92-17e1-0820-3ff4e1de1169</id></testId></id><testName type="System.String">ListCreditCardsTest</testName><testType type="Microsoft.VisualStudio.TestTools.Common.TestType"><id type="System.Guid">13cdc9d9-ddb5-4fa4-a97d-d965ccfc6d4b</id></testType><messageKind type="Microsoft.VisualStudio.TestTools.Common.TestMessageKind"><value__ type="System.Int32">1</value__></messageKind><computerInfo type="Microsoft.VisualStudio.TestTools.Common.ComputerInfo"><m_computerName type="System.String">ECDATA-TFS01</m_computerName></computerInfo><duration type="System.TimeSpan">00:00:00.0006181</duration><startTime type="System.DateTime"><dateData type="System.UInt64">633673775010013996</dateData></startTime><endTime type="System.DateTime"><dateData type="System.UInt64">633673775010013996</dateData></endTime><spoolMessage type="System.Boolean">True</spoolMessage></UnitTestResult><UnitTestResult type="Microsoft.VisualStudio.TestTools.TestTypes.Unit.UnitTestResult, Microsoft.VisualStudio.QualityTools.Tips.UnitTest.ObjectModel, Version=8.0.0.0, Culture=neutral, PublicKeyToken=b03f5f7f11d50a3a"><resultType type="Microsoft.VisualStudio.TestTools.TestTypes.Unit.UnitTestResultType, Microsoft.VisualStudio.QualityTools.Tips.UnitTest.ObjectModel, Version=8.0.0.0, Culture=neutral, PublicKeyToken=b03f5f7f11d50a3a"><value__ type="System.Int32">0</value__></resultType><m_hasSufficientAccess type="System.Boolean">True</m_hasSufficientAccess><counters type="Microsoft.VisualStudio.TestTools.Common.TestResultCounter"><values type="System.Int32">0,0,0,0,0,0,0,0,0,0,0,0,0,0</values><total type="System.Int32">1</total></counters><categoryId type="Microsoft.VisualStudio.TestTools.Common.TestCategoryId"><id type="System.Guid">8c84fa94-04c1-424b-9868-57a2d4851a1d</id></categoryId><outcome type="Microsoft.VisualStudio.TestTools.Common.TestOutcome"><value__ type="System.Int32">4</value__></outcome><errorInfo type="Microsoft.VisualStudio.TestTools.Common.TestResultErrorInfo"><message type="System.String">Assert.Inconclusive failed. Verify the correctness of this test method</message><stackTrace type="System.String">   at BrownShoe.UnitTests.Services.Orders.OrderServiceTest.ListOverrideShippingMethodTypesTest()
</stackTrace></errorInfo><traceInfo type="Microsoft.VisualStudio.TestTools.Common.TestExecutionTraceInformation"><trace type="System.Text.StringBuilder">Creating instance of class BrownShoe.UnitTests.Services.Orders.OrderServiceTest.
Calling Test method BrownShoe.UnitTests.Services.Orders.OrderServiceTest.Microsoft.VisualStudio.TestTools.TestTypes.Unit.TestMethod.
</trace></traceInfo><stdout type="System.String" /><stderr type="System.String" /><debugTrace type="System.String" /><workItemIds type="System.Collections.Generic.List`1[[System.Int32, mscorlib, Version=2.0.0.0, Culture=neutral, PublicKeyToken=b77a5c561934e089]]"><_size type="System.Int32">0</_size><_version type="System.Int32">1</_version></workItemIds><id type="Microsoft.VisualStudio.TestTools.Common.TestResultId"><runId type="System.Guid">3d9a8baa-b9cb-4717-8a94-3c6445344217</runId><executionId type="Microsoft.VisualStudio.TestTools.Common.TestExecId"><id type="System.Guid">cdd7d54b-135c-4e91-b8d8-d5f0ed4e0436</id></executionId><parentExecId type="Microsoft.VisualStudio.TestTools.Common.TestExecId"><id type="System.Guid">00000000-0000-0000-0000-000000000000</id></parentExecId><testId type="Microsoft.VisualStudio.TestTools.Common.TestId"><id type="System.Guid">0279adce-a3f8-3e26-5428-6d0ee255c061</id></testId></id><testName type="System.String">ListOverrideShippingMethodTypesTest</testName><testType type="Microsoft.VisualStudio.TestTools.Common.TestType"><id type="System.Guid">13cdc9d9-ddb5-4fa4-a97d-d965ccfc6d4b</id></testType><messageKind type="Microsoft.VisualStudio.TestTools.Common.TestMessageKind"><value__ type="System.Int32">1</value__></messageKind><computerInfo type="Microsoft.VisualStudio.TestTools.Common.ComputerInfo"><m_computerName type="System.String">ECDATA-TFS01</m_computerName></computerInfo><duration type="System.TimeSpan">00:00:00.0007945</duration><startTime type="System.DateTime"><dateData type="System.UInt64">633673775010013996</dateData></startTime><endTime type="System.DateTime"><dateData type="System.UInt64">633673775010170256</dateData></endTime><spoolMessage type="System.Boolean">True</spoolMessage></UnitTestResult><UnitTestResult type="Microsoft.VisualStudio.TestTools.TestTypes.Unit.UnitTestResult, Microsoft.VisualStudio.QualityTools.Tips.UnitTest.ObjectModel, Version=8.0.0.0, Culture=neutral, PublicKeyToken=b03f5f7f11d50a3a"><resultType type="Microsoft.VisualStudio.TestTools.TestTypes.Unit.UnitTestResultType, Microsoft.VisualStudio.QualityTools.Tips.UnitTest.ObjectModel, Version=8.0.0.0, Culture=neutral, PublicKeyToken=b03f5f7f11d50a3a"><value__ type="System.Int32">0</value__></resultType><m_hasSufficientAccess type="System.Boolean">True</m_hasSufficientAccess><counters type="Microsoft.VisualStudio.TestTools.Common.TestResultCounter"><values type="System.Int32">0,0,0,0,0,0,0,0,0,0,0,0,0,0</values><total type="System.Int32">1</total></counters><categoryId type="Microsoft.VisualStudio.TestTools.Common.TestCategoryId"><id type="System.Guid">8c84fa94-04c1-424b-9868-57a2d4851a1d</id></categoryId><outcome type="Microsoft.VisualStudio.TestTools.Common.TestOutcome"><value__ type="System.Int32">4</value__></outcome><errorInfo type="Microsoft.VisualStudio.TestTools.Common.TestResultErrorInfo"><message type="System.String">Assert.Inconclusive failed. Verify the correctness of this test method</message><stackTrace type="System.String">   at BrownShoe.UnitTests.Services.Orders.OrderServiceTest.ListOverrideShippingMethodWithCostTest()
</stackTrace></errorInfo><traceInfo type="Microsoft.VisualStudio.TestTools.Common.TestExecutionTraceInformation"><trace type="System.Text.StringBuilder">Creating instance of class BrownShoe.UnitTests.Services.Orders.OrderServiceTest.
Calling Test method BrownShoe.UnitTests.Services.Orders.OrderServiceTest.Microsoft.VisualStudio.TestTools.TestTypes.Unit.TestMethod.
</trace></traceInfo><stdout type="System.String" /><stderr type="System.String" /><debugTrace type="System.String" /><workItemIds type="System.Collections.Generic.List`1[[System.Int32, mscorlib, Version=2.0.0.0, Culture=neutral, PublicKeyToken=b77a5c561934e089]]"><_size type="System.Int32">0</_size><_version type="System.Int32">1</_version></workItemIds><id type="Microsoft.VisualStudio.TestTools.Common.TestResultId"><runId type="System.Guid">3d9a8baa-b9cb-4717-8a94-3c6445344217</runId><executionId type="Microsoft.VisualStudio.TestTools.Common.TestExecId"><id type="System.Guid">0cb42bff-76a6-40ce-ad26-87548835a40d</id></executionId><parentExecId type="Microsoft.VisualStudio.TestTools.Common.TestExecId"><id type="System.Guid">00000000-0000-0000-0000-000000000000</id></parentExecId><testId type="Microsoft.VisualStudio.TestTools.Common.TestId"><id type="System.Guid">8e329b5d-f859-ea8d-ad62-210910e40524</id></testId></id><testName type="System.String">ListOverrideShippingMethodWithCostTest</testName><testType type="Microsoft.VisualStudio.TestTools.Common.TestType"><id type="System.Guid">13cdc9d9-ddb5-4fa4-a97d-d965ccfc6d4b</id></testType><messageKind type="Microsoft.VisualStudio.TestTools.Common.TestMessageKind"><value__ type="System.Int32">1</value__></messageKind><computerInfo type="Microsoft.VisualStudio.TestTools.Common.ComputerInfo"><m_computerName type="System.String">ECDATA-TFS01</m_computerName></computerInfo><duration type="System.TimeSpan">00:00:00.0006671</duration><startTime type="System.DateTime"><dateData type="System.UInt64">633673775010170256</dateData></startTime><endTime type="System.DateTime"><dateData type="System.UInt64">633673775010170256</dateData></endTime><spoolMessage type="System.Boolean">True</spoolMessage></UnitTestResult><UnitTestResult type="Microsoft.VisualStudio.TestTools.TestTypes.Unit.UnitTestResult, Microsoft.VisualStudio.QualityTools.Tips.UnitTest.ObjectModel, Version=8.0.0.0, Culture=neutral, PublicKeyToken=b03f5f7f11d50a3a"><resultType type="Microsoft.VisualStudio.TestTools.TestTypes.Unit.UnitTestResultType, Microsoft.VisualStudio.QualityTools.Tips.UnitTest.ObjectModel, Version=8.0.0.0, Culture=neutral, PublicKeyToken=b03f5f7f11d50a3a"><value__ type="System.Int32">0</value__></resultType><m_hasSufficientAccess type="System.Boolean">True</m_hasSufficientAccess><counters type="Microsoft.VisualStudio.TestTools.Common.TestResultCounter"><values type="System.Int32">0,0,0,0,0,0,0,0,0,0,0,0,0,0</values><total type="System.Int32">1</total></counters><categoryId type="Microsoft.VisualStudio.TestTools.Common.TestCategoryId"><id type="System.Guid">8c84fa94-04c1-424b-9868-57a2d4851a1d</id></categoryId><outcome type="Microsoft.VisualStudio.TestTools.Common.TestOutcome"><value__ type="System.Int32">4</value__></outcome><errorInfo type="Microsoft.VisualStudio.TestTools.Common.TestResultErrorInfo"><message type="System.String">Assert.Inconclusive failed. Verify the correctness of this test method</message><stackTrace type="System.String">   at BrownShoe.UnitTests.Services.Orders.OrderServiceTest.ListPaymentMethodsTest()
</stackTrace></errorInfo><traceInfo type="Microsoft.VisualStudio.TestTools.Common.TestExecutionTraceInformation"><trace type="System.Text.StringBuilder">Creating instance of class BrownShoe.UnitTests.Services.Orders.OrderServiceTest.
Calling Test method BrownShoe.UnitTests.Services.Orders.OrderServiceTest.Microsoft.VisualStudio.TestTools.TestTypes.Unit.TestMethod.
</trace></traceInfo><stdout type="System.String" /><stderr type="System.String" /><debugTrace type="System.String" /><workItemIds type="System.Collections.Generic.List`1[[System.Int32, mscorlib, Version=2.0.0.0, Culture=neutral, PublicKeyToken=b77a5c561934e089]]"><_size type="System.Int32">0</_size><_version type="System.Int32">1</_version></workItemIds><id type="Microsoft.VisualStudio.TestTools.Common.TestResultId"><runId type="System.Guid">3d9a8baa-b9cb-4717-8a94-3c6445344217</runId><executionId type="Microsoft.VisualStudio.TestTools.Common.TestExecId"><id type="System.Guid">958f4eec-516c-40b8-a6bb-bdd67432dee2</id></executionId><parentExecId type="Microsoft.VisualStudio.TestTools.Common.TestExecId"><id type="System.Guid">00000000-0000-0000-0000-000000000000</id></parentExecId><testId type="Microsoft.VisualStudio.TestTools.Common.TestId"><id type="System.Guid">bf484693-ee5b-4d3e-ffb0-2e3ea526d0e9</id></testId></id><testName type="System.String">ListPaymentMethodsTest</testName><testType type="Microsoft.VisualStudio.TestTools.Common.TestType"><id type="System.Guid">13cdc9d9-ddb5-4fa4-a97d-d965ccfc6d4b</id></testType><messageKind type="Microsoft.VisualStudio.TestTools.Common.TestMessageKind"><value__ type="System.Int32">1</value__></messageKind><computerInfo type="Microsoft.VisualStudio.TestTools.Common.ComputerInfo"><m_computerName type="System.String">ECDATA-TFS01</m_computerName></computerInfo><duration type="System.TimeSpan">00:00:00.0008933</duration><startTime type="System.DateTime"><dateData type="System.UInt64">633673775010170256</dateData></startTime><endTime type="System.DateTime"><dateData type="System.UInt64">633673775010326516</dateData></endTime><spoolMessage type="System.Boolean">True</spoolMessage></UnitTestResult><UnitTestResult type="Microsoft.VisualStudio.TestTools.TestTypes.Unit.UnitTestResult, Microsoft.VisualStudio.QualityTools.Tips.UnitTest.ObjectModel, Version=8.0.0.0, Culture=neutral, PublicKeyToken=b03f5f7f11d50a3a"><resultType type="Microsoft.VisualStudio.TestTools.TestTypes.Unit.UnitTestResultType, Microsoft.VisualStudio.QualityTools.Tips.UnitTest.ObjectModel, Version=8.0.0.0, Culture=neutral, PublicKeyToken=b03f5f7f11d50a3a"><value__ type="System.Int32">0</value__></resultType><m_hasSufficientAccess type="System.Boolean">True</m_hasSufficientAccess><counters type="Microsoft.VisualStudio.TestTools.Common.TestResultCounter"><values type="System.Int32">0,0,0,0,0,0,0,0,0,0,0,0,0,0</values><total type="System.Int32">1</total></counters><categoryId type="Microsoft.VisualStudio.TestTools.Common.TestCategoryId"><id type="System.Guid">8c84fa94-04c1-424b-9868-57a2d4851a1d</id></categoryId><outcome type="Microsoft.VisualStudio.TestTools.Common.TestOutcome"><value__ type="System.Int32">4</value__></outcome><errorInfo type="Microsoft.VisualStudio.TestTools.Common.TestResultErrorInfo"><message type="System.String">Assert.Inconclusive failed. Verify the correctness of this test method</message><stackTrace type="System.String">   at BrownShoe.UnitTests.Services.Orders.OrderServiceTest.ListShippingMethodTypesTest()
</stackTrace></errorInfo><traceInfo type="Microsoft.VisualStudio.TestTools.Common.TestExecutionTraceInformation"><trace type="System.Text.StringBuilder">Creating instance of class BrownShoe.UnitTests.Services.Orders.OrderServiceTest.
Calling Test method BrownShoe.UnitTests.Services.Orders.OrderServiceTest.Microsoft.VisualStudio.TestTools.TestTypes.Unit.TestMethod.
</trace></traceInfo><stdout type="System.String" /><stderr type="System.String" /><debugTrace type="System.String" /><workItemIds type="System.Collections.Generic.List`1[[System.Int32, mscorlib, Version=2.0.0.0, Culture=neutral, PublicKeyToken=b77a5c561934e089]]"><_size type="System.Int32">0</_size><_version type="System.Int32">1</_version></workItemIds><id type="Microsoft.VisualStudio.TestTools.Common.TestResultId"><runId type="System.Guid">3d9a8baa-b9cb-4717-8a94-3c6445344217</runId><executionId type="Microsoft.VisualStudio.TestTools.Common.TestExecId"><id type="System.Guid">c08eb825-ea52-4b80-8b58-b2be18d8aaa6</id></executionId><parentExecId type="Microsoft.VisualStudio.TestTools.Common.TestExecId"><id type="System.Guid">00000000-0000-0000-0000-000000000000</id></parentExecId><testId type="Microsoft.VisualStudio.TestTools.Common.TestId"><id type="System.Guid">d1948412-2385-38cd-1a2d-d77ce3430590</id></testId></id><testName type="System.String">ListShippingMethodTypesTest</testName><testType type="Microsoft.VisualStudio.TestTools.Common.TestType"><id type="System.Guid">13cdc9d9-ddb5-4fa4-a97d-d965ccfc6d4b</id></testType><messageKind type="Microsoft.VisualStudio.TestTools.Common.TestMessageKind"><value__ type="System.Int32">1</value__></messageKind><computerInfo type="Microsoft.VisualStudio.TestTools.Common.ComputerInfo"><m_computerName type="System.String">ECDATA-TFS01</m_computerName></computerInfo><duration type="System.TimeSpan">00:00:00.0005804</duration><startTime type="System.DateTime"><dateData type="System.UInt64">633673775010326516</dateData></startTime><endTime type="System.DateTime"><dateData type="System.UInt64">633673775010326516</dateData></endTime><spoolMessage type="System.Boolean">True</spoolMessage></UnitTestResult><UnitTestResult type="Microsoft.VisualStudio.TestTools.TestTypes.Unit.UnitTestResult, Microsoft.VisualStudio.QualityTools.Tips.UnitTest.ObjectModel, Version=8.0.0.0, Culture=neutral, PublicKeyToken=b03f5f7f11d50a3a"><resultType type="Microsoft.VisualStudio.TestTools.TestTypes.Unit.UnitTestResultType, Microsoft.VisualStudio.QualityTools.Tips.UnitTest.ObjectModel, Version=8.0.0.0, Culture=neutral, PublicKeyToken=b03f5f7f11d50a3a"><value__ type="System.Int32">0</value__></resultType><m_hasSufficientAccess type="System.Boolean">True</m_hasSufficientAccess><counters type="Microsoft.VisualStudio.TestTools.Common.TestResultCounter"><values type="System.Int32">0,0,0,0,0,0,0,0,0,0,0,0,0,0</values><total type="System.Int32">1</total></counters><categoryId type="Microsoft.VisualStudio.TestTools.Common.TestCategoryId"><id type="System.Guid">8c84fa94-04c1-424b-9868-57a2d4851a1d</id></categoryId><outcome type="Microsoft.VisualStudio.TestTools.Common.TestOutcome"><value__ type="System.Int32">4</value__></outcome><errorInfo type="Microsoft.VisualStudio.TestTools.Common.TestResultErrorInfo"><message type="System.String">Assert.Inconclusive failed. Verify the correctness of this test method</message><stackTrace type="System.String">   at BrownShoe.UnitTests.Services.Orders.OrderServiceTest.ListShippingMethodWithCostTest()
</stackTrace></errorInfo><traceInfo type="Microsoft.VisualStudio.TestTools.Common.TestExecutionTraceInformation"><trace type="System.Text.StringBuilder">Creating instance of class BrownShoe.UnitTests.Services.Orders.OrderServiceTest.
Calling Test method BrownShoe.UnitTests.Services.Orders.OrderServiceTest.Microsoft.VisualStudio.TestTools.TestTypes.Unit.TestMethod.
</trace></traceInfo><stdout type="System.String" /><stderr type="System.String" /><debugTrace type="System.String" /><workItemIds type="System.Collections.Generic.List`1[[System.Int32, mscorlib, Version=2.0.0.0, Culture=neutral, PublicKeyToken=b77a5c561934e089]]"><_size type="System.Int32">0</_size><_version type="System.Int32">1</_version></workItemIds><id type="Microsoft.VisualStudio.TestTools.Common.TestResultId"><runId type="System.Guid">3d9a8baa-b9cb-4717-8a94-3c6445344217</runId><executionId type="Microsoft.VisualStudio.TestTools.Common.TestExecId"><id type="System.Guid">613594ff-2539-4db4-b09a-135547d28388</id></executionId><parentExecId type="Microsoft.VisualStudio.TestTools.Common.TestExecId"><id type="System.Guid">00000000-0000-0000-0000-000000000000</id></parentExecId><testId type="Microsoft.VisualStudio.TestTools.Common.TestId"><id type="System.Guid">3acadf46-bed2-1af1-82f5-0992a3fafc7b</id></testId></id><testName type="System.String">ListShippingMethodWithCostTest</testName><testType type="Microsoft.VisualStudio.TestTools.Common.TestType"><id type="System.Guid">13cdc9d9-ddb5-4fa4-a97d-d965ccfc6d4b</id></testType><messageKind type="Microsoft.VisualStudio.TestTools.Common.TestMessageKind"><value__ type="System.Int32">1</value__></messageKind><computerInfo type="Microsoft.VisualStudio.TestTools.Common.ComputerInfo"><m_computerName type="System.String">ECDATA-TFS01</m_computerName></computerInfo><duration type="System.TimeSpan">00:00:00.0006389</duration><startTime type="System.DateTime"><dateData type="System.UInt64">633673775010326516</dateData></startTime><endTime type="System.DateTime"><dateData type="System.UInt64">633673775010326516</dateData></endTime><spoolMessage type="System.Boolean">True</spoolMessage></UnitTestResult><UnitTestResult type="Microsoft.VisualStudio.TestTools.TestTypes.Unit.UnitTestResult, Microsoft.VisualStudio.QualityTools.Tips.UnitTest.ObjectModel, Version=8.0.0.0, Culture=neutral, PublicKeyToken=b03f5f7f11d50a3a"><resultType type="Microsoft.VisualStudio.TestTools.TestTypes.Unit.UnitTestResultType, Microsoft.VisualStudio.QualityTools.Tips.UnitTest.ObjectModel, Version=8.0.0.0, Culture=neutral, PublicKeyToken=b03f5f7f11d50a3a"><value__ type="System.Int32">0</value__></resultType><m_hasSufficientAccess type="System.Boolean">True</m_hasSufficientAccess><counters type="Microsoft.VisualStudio.TestTools.Common.TestResultCounter"><values type="System.Int32">0,0,0,0,0,0,0,0,0,0,0,0,0,0</values><total type="System.Int32">1</total></counters><categoryId type="Microsoft.VisualStudio.TestTools.Common.TestCategoryId"><id type="System.Guid">8c84fa94-04c1-424b-9868-57a2d4851a1d</id></categoryId><outcome type="Microsoft.VisualStudio.TestTools.Common.TestOutcome"><value__ type="System.Int32">1</value__></outcome><errorInfo type="Microsoft.VisualStudio.TestTools.Common.TestResultErrorInfo"><message type="System.String">Test method BrownShoe.UnitTests.Services.Orders.OrderTracking.SmartPost.SmartPostServiceTest.MakeRequestTest_BadXml threw exception:  System.Configuration.ConfigurationErrorsException: The type Microsoft.Practices.EnterpriseLibrary.ExceptionHandling.Logging.LoggingExceptionHandler, Microsoft.Practices.EnterpriseLibrary.ExceptionHandling.Logging, Version=2.0.0.0, Culture=neutral, PublicKeyToken=c834797fd9c628b4 from configuration could not be created. (E:\projects\brownshoe\unit_tests\product\srvtfs_ECDATA-TFS01 2009-01-12 11_17_41\Out\BrownShoe.UnitTests.DLL.config line 38).</message><stackTrace type="System.String">    at System.Configuration.BaseConfigurationRecord.EvaluateOne(String[] keys, SectionInput input, Boolean isTrusted, FactoryRecord factoryRecord, SectionRecord sectionRecord, Object parentResult)
   at System.Configuration.BaseConfigurationRecord.Evaluate(FactoryRecord factoryRecord, SectionRecord sectionRecord, Object parentResult, Boolean getLkg, Boolean getRuntimeObject, Object&amp; result, Object&amp; resultRuntimeObject)
   at System.Configuration.BaseConfigurationRecord.GetSectionRecursive(String configKey, Boolean getLkg, Boolean checkPermission, Boolean getRuntimeObject, Boolean requestIsHere, Object&amp; result, Object&amp; resultRuntimeObject)
   at System.Configuration.BaseConfigurationRecord.GetSectionRecursive(String configKey, Boolean getLkg, Boolean checkPermission, Boolean getRuntimeObject, Boolean requestIsHere, Object&amp; result, Object&amp; resultRuntimeObject)
   at System.Configuration.BaseConfigurationRecord.GetSectionRecursive(String configKey, Boolean getLkg, Boolean checkPermission, Boolean getRuntimeObject, Boolean requestIsHere, Object&amp; result, Object&amp; resultRuntimeObject)
   at System.Configuration.BaseConfigurationRecord.GetSection(String configKey, Boolean getLkg, Boolean checkPermission)
   at System.Configuration.BaseConfigurationRecord.GetSection(String configKey)
   at System.Configuration.ClientConfigurationSystem.System.Configuration.Internal.IInternalConfigSystem.GetSection(String sectionName)
   at System.Configuration.ConfigurationManager.GetSection(String sectionName)
   at Microsoft.Practices.EnterpriseLibrary.Common.Configuration.SystemConfigurationSourceImplementation.GetSection(String sectionName)
   at Microsoft.Practices.EnterpriseLibrary.Common.Configuration.SystemConfigurationSource.GetSection(String sectionName)
   at Microsoft.Practices.EnterpriseLibrary.ExceptionHandling.Configuration.ExceptionHandlingSettings.GetExceptionHandlingSettings(IConfigurationSource configurationSource)
   at Microsoft.Practices.EnterpriseLibrary.ExceptionHandling.ExceptionHandlingConfigurationView.get_ExceptionHandlingSettings()
   at Microsoft.Practices.EnterpriseLibrary.ExceptionHandling.ExceptionHandlingConfigurationView.GetExceptionPolicyData(String policyName)
   at Microsoft.Practices.EnterpriseLibrary.ExceptionHandling.ExceptionPolicyCustomFactory.GetConfiguration(String id, IConfigurationSource configurationSource)
   at Microsoft.Practices.EnterpriseLibrary.ExceptionHandling.ExceptionPolicyCustomFactory.CreateObject(IBuilderContext context, String name, IConfigurationSource configurationSource, ConfigurationReflectionCache reflectionCache)
   at Microsoft.Practices.EnterpriseLibrary.Common.Configuration.ObjectBuilder.ConfiguredObjectStrategy.BuildUp(IBuilderContext context, Type t, Object existing, String id)
   at Microsoft.Practices.ObjectBuilder.BuilderStrategy.BuildUp(IBuilderContext context, Type typeToBuild, Object existing, String idToBuild)
   at Microsoft.Practices.ObjectBuilder.SingletonStrategy.BuildUp(IBuilderContext context, Type typeToBuild, Object existing, String idToBuild)
   at Microsoft.Practices.ObjectBuilder.BuilderStrategy.BuildUp(IBuilderContext context, Type typeToBuild, Object existing, String idToBuild)
   at Microsoft.Practices.EnterpriseLibrary.Common.Configuration.ObjectBuilder.ConfigurationNameMappingStrategy.BuildUp(IBuilderContext context, Type t, Object existing, String id)
   at Microsoft.Practices.ObjectBuilder.BuilderBase`1.DoBuildUp(IReadWriteLocator locator, Type typeToBuild, String idToBuild, Object existing, PolicyList[] transientPolicies)
   at Microsoft.Practices.ObjectBuilder.BuilderBase`1.BuildUp(IReadWriteLocator locator, Type typeToBuild, String idToBuild, Object existing, PolicyList[] transientPolicies)
   at Microsoft.Practices.ObjectBuilder.BuilderBase`1.BuildUp[TTypeToBuild](IReadWriteLocator locator, String idToBuild, Object existing, PolicyList[] transientPolicies)
   at Microsoft.Practices.EnterpriseLibrary.Common.Configuration.ObjectBuilder.EnterpriseLibraryFactory.BuildUp[T](IReadWriteLocator locator, String id, IConfigurationSource configurationSource)
   at Microsoft.Practices.EnterpriseLibrary.Common.Configuration.ObjectBuilder.LocatorNameTypeFactoryBase`1.Create(String name)
   at Microsoft.Practices.EnterpriseLibrary.ExceptionHandling.ExceptionPolicy.GetExceptionPolicy(Exception exception, String policyName)
   at Microsoft.Practices.EnterpriseLibrary.ExceptionHandling.ExceptionPolicy.HandleException(Exception exceptionToHandle, String policyName)
   at BrownShoe.ExceptionPolicy.HandleException(Exception exc) in e:\projects\brownshoe\unit_tests\product\src\BrownShoe\Libraries\Core\ExceptionPolicies.cs:line 117
   at BrownShoe.ShipperInterface.SmartPost.Tracking.SmartPostService.MakeRequest(String SmartPostTrackingNumber) in e:\projects\brownshoe\unit_tests\product\src\BrownShoe\Libraries\Services\Orders\OrderTracking\SmartPost\SmartPostService.cs:line 230
   at BrownShoe.UnitTests.Services.Orders.OrderTracking.SmartPost.SmartPostServiceTest.MakeRequestTest_BadXml()
</stackTrace></errorInfo><traceInfo type="Microsoft.VisualStudio.TestTools.Common.TestExecutionTraceInformation"><trace type="System.Text.StringBuilder">Creating instance of class BrownShoe.UnitTests.Services.Orders.OrderTracking.SmartPost.SmartPostServiceTest.
Calling Test method BrownShoe.UnitTests.Services.Orders.OrderTracking.SmartPost.SmartPostServiceTest.Microsoft.VisualStudio.TestTools.TestTypes.Unit.TestMethod.
</trace></traceInfo><stdout type="System.String" /><stderr type="System.String" /><debugTrace type="System.String" /><workItemIds type="System.Collections.Generic.List`1[[System.Int32, mscorlib, Version=2.0.0.0, Culture=neutral, PublicKeyToken=b77a5c561934e089]]"><_size type="System.Int32">0</_size><_version type="System.Int32">1</_version></workItemIds><id type="Microsoft.VisualStudio.TestTools.Common.TestResultId"><runId type="System.Guid">3d9a8baa-b9cb-4717-8a94-3c6445344217</runId><executionId type="Microsoft.VisualStudio.TestTools.Common.TestExecId"><id type="System.Guid">5b64b892-d220-47bb-81d7-6ff352725088</id></executionId><parentExecId type="Microsoft.VisualStudio.TestTools.Common.TestExecId"><id type="System.Guid">00000000-0000-0000-0000-000000000000</id></parentExecId><testId type="Microsoft.VisualStudio.TestTools.Common.TestId"><id type="System.Guid">9a2d3e53-9146-5c3c-dc46-cb5981e6d46e</id></testId></id><testName type="System.String">MakeRequestTest_BadXml</testName><testType type="Microsoft.VisualStudio.TestTools.Common.TestType"><id type="System.Guid">13cdc9d9-ddb5-4fa4-a97d-d965ccfc6d4b</id></testType><messageKind type="Microsoft.VisualStudio.TestTools.Common.TestMessageKind"><value__ type="System.Int32">1</value__></messageKind><computerInfo type="Microsoft.VisualStudio.TestTools.Common.ComputerInfo"><m_computerName type="System.String">ECDATA-TFS01</m_computerName></computerInfo><duration type="System.TimeSpan">00:00:00.0198770</duration><startTime type="System.DateTime"><dateData type="System.UInt64">633673775010326516</dateData></startTime><endTime type="System.DateTime"><dateData type="System.UInt64">633673775010639036</dateData></endTime><spoolMessage type="System.Boolean">True</spoolMessage></UnitTestResult><UnitTestResult type="Microsoft.VisualStudio.TestTools.TestTypes.Unit.UnitTestResult, Microsoft.VisualStudio.QualityTools.Tips.UnitTest.ObjectModel, Version=8.0.0.0, Culture=neutral, PublicKeyToken=b03f5f7f11d50a3a"><resultType type="Microsoft.VisualStudio.TestTools.TestTypes.Unit.UnitTestResultType, Microsoft.VisualStudio.QualityTools.Tips.UnitTest.ObjectModel, Version=8.0.0.0, Culture=neutral, PublicKeyToken=b03f5f7f11d50a3a"><value__ type="System.Int32">0</value__></resultType><m_hasSufficientAccess type="System.Boolean">True</m_hasSufficientAccess><counters type="Microsoft.VisualStudio.TestTools.Common.TestResultCounter"><values type="System.Int32">0,0,0,0,0,0,0,0,0,0,0,0,0,0</values><total type="System.Int32">1</total></counters><categoryId type="Microsoft.VisualStudio.TestTools.Common.TestCategoryId"><id type="System.Guid">8c84fa94-04c1-424b-9868-57a2d4851a1d</id></categoryId><outcome type="Microsoft.VisualStudio.TestTools.Common.TestOutcome"><value__ type="System.Int32">1</value__></outcome><errorInfo type="Microsoft.VisualStudio.TestTools.Common.TestResultErrorInfo"><message type="System.String">Test method BrownShoe.UnitTests.Services.Orders.OrderTracking.SmartPost.SmartPostServiceTest.MakeRequestTest_GoodXmlError threw exception:  System.Configuration.ConfigurationErrorsException: The type Microsoft.Practices.EnterpriseLibrary.ExceptionHandling.Logging.LoggingExceptionHandler, Microsoft.Practices.EnterpriseLibrary.ExceptionHandling.Logging, Version=2.0.0.0, Culture=neutral, PublicKeyToken=c834797fd9c628b4 from configuration could not be created. (E:\projects\brownshoe\unit_tests\product\srvtfs_ECDATA-TFS01 2009-01-12 11_17_41\Out\BrownShoe.UnitTests.DLL.config line 38).</message><stackTrace type="System.String">    at System.Configuration.BaseConfigurationRecord.EvaluateOne(String[] keys, SectionInput input, Boolean isTrusted, FactoryRecord factoryRecord, SectionRecord sectionRecord, Object parentResult)
   at System.Configuration.BaseConfigurationRecord.Evaluate(FactoryRecord factoryRecord, SectionRecord sectionRecord, Object parentResult, Boolean getLkg, Boolean getRuntimeObject, Object&amp; result, Object&amp; resultRuntimeObject)
   at System.Configuration.BaseConfigurationRecord.GetSectionRecursive(String configKey, Boolean getLkg, Boolean checkPermission, Boolean getRuntimeObject, Boolean requestIsHere, Object&amp; result, Object&amp; resultRuntimeObject)
   at System.Configuration.BaseConfigurationRecord.GetSectionRecursive(String configKey, Boolean getLkg, Boolean checkPermission, Boolean getRuntimeObject, Boolean requestIsHere, Object&amp; result, Object&amp; resultRuntimeObject)
   at System.Configuration.BaseConfigurationRecord.GetSectionRecursive(String configKey, Boolean getLkg, Boolean checkPermission, Boolean getRuntimeObject, Boolean requestIsHere, Object&amp; result, Object&amp; resultRuntimeObject)
   at System.Configuration.BaseConfigurationRecord.GetSection(String configKey, Boolean getLkg, Boolean checkPermission)
   at System.Configuration.BaseConfigurationRecord.GetSection(String configKey)
   at System.Configuration.ClientConfigurationSystem.System.Configuration.Internal.IInternalConfigSystem.GetSection(String sectionName)
   at System.Configuration.ConfigurationManager.GetSection(String sectionName)
   at Microsoft.Practices.EnterpriseLibrary.Common.Configuration.SystemConfigurationSourceImplementation.GetSection(String sectionName)
   at Microsoft.Practices.EnterpriseLibrary.Common.Configuration.SystemConfigurationSource.GetSection(String sectionName)
   at Microsoft.Practices.EnterpriseLibrary.ExceptionHandling.Configuration.ExceptionHandlingSettings.GetExceptionHandlingSettings(IConfigurationSource configurationSource)
   at Microsoft.Practices.EnterpriseLibrary.ExceptionHandling.ExceptionHandlingConfigurationView.get_ExceptionHandlingSettings()
   at Microsoft.Practices.EnterpriseLibrary.ExceptionHandling.ExceptionHandlingConfigurationView.GetExceptionPolicyData(String policyName)
   at Microsoft.Practices.EnterpriseLibrary.ExceptionHandling.ExceptionPolicyCustomFactory.GetConfiguration(String id, IConfigurationSource configurationSource)
   at Microsoft.Practices.EnterpriseLibrary.ExceptionHandling.ExceptionPolicyCustomFactory.CreateObject(IBuilderContext context, String name, IConfigurationSource configurationSource, ConfigurationReflectionCache reflectionCache)
   at Microsoft.Practices.EnterpriseLibrary.Common.Configuration.ObjectBuilder.ConfiguredObjectStrategy.BuildUp(IBuilderContext context, Type t, Object existing, String id)
   at Microsoft.Practices.ObjectBuilder.BuilderStrategy.BuildUp(IBuilderContext context, Type typeToBuild, Object existing, String idToBuild)
   at Microsoft.Practices.ObjectBuilder.SingletonStrategy.BuildUp(IBuilderContext context, Type typeToBuild, Object existing, String idToBuild)
   at Microsoft.Practices.ObjectBuilder.BuilderStrategy.BuildUp(IBuilderContext context, Type typeToBuild, Object existing, String idToBuild)
   at Microsoft.Practices.EnterpriseLibrary.Common.Configuration.ObjectBuilder.ConfigurationNameMappingStrategy.BuildUp(IBuilderContext context, Type t, Object existing, String id)
   at Microsoft.Practices.ObjectBuilder.BuilderBase`1.DoBuildUp(IReadWriteLocator locator, Type typeToBuild, String idToBuild, Object existing, PolicyList[] transientPolicies)
   at Microsoft.Practices.ObjectBuilder.BuilderBase`1.BuildUp(IReadWriteLocator locator, Type typeToBuild, String idToBuild, Object existing, PolicyList[] transientPolicies)
   at Microsoft.Practices.ObjectBuilder.BuilderBase`1.BuildUp[TTypeToBuild](IReadWriteLocator locator, String idToBuild, Object existing, PolicyList[] transientPolicies)
   at Microsoft.Practices.EnterpriseLibrary.Common.Configuration.ObjectBuilder.EnterpriseLibraryFactory.BuildUp[T](IReadWriteLocator locator, String id, IConfigurationSource configurationSource)
   at Microsoft.Practices.EnterpriseLibrary.Common.Configuration.ObjectBuilder.LocatorNameTypeFactoryBase`1.Create(String name)
   at Microsoft.Practices.EnterpriseLibrary.ExceptionHandling.ExceptionPolicy.GetExceptionPolicy(Exception exception, String policyName)
   at Microsoft.Practices.EnterpriseLibrary.ExceptionHandling.ExceptionPolicy.HandleException(Exception exceptionToHandle, String policyName)
   at BrownShoe.ExceptionPolicy.HandleException(Exception exc) in e:\projects\brownshoe\unit_tests\product\src\BrownShoe\Libraries\Core\ExceptionPolicies.cs:line 117
   at BrownShoe.ShipperInterface.SmartPost.Tracking.SmartPostService.MakeRequest(String SmartPostTrackingNumber) in e:\projects\brownshoe\unit_tests\product\src\BrownShoe\Libraries\Services\Orders\OrderTracking\SmartPost\SmartPostService.cs:line 230
   at BrownShoe.UnitTests.Services.Orders.OrderTracking.SmartPost.SmartPostServiceTest.MakeRequestTest_GoodXmlError()
</stackTrace></errorInfo><traceInfo type="Microsoft.VisualStudio.TestTools.Common.TestExecutionTraceInformation"><trace type="System.Text.StringBuilder">Creating instance of class BrownShoe.UnitTests.Services.Orders.OrderTracking.SmartPost.SmartPostServiceTest.
Calling Test method BrownShoe.UnitTests.Services.Orders.OrderTracking.SmartPost.SmartPostServiceTest.Microsoft.VisualStudio.TestTools.TestTypes.Unit.TestMethod.
</trace></traceInfo><stdout type="System.String" /><stderr type="System.String" /><debugTrace type="System.String" /><workItemIds type="System.Collections.Generic.List`1[[System.Int32, mscorlib, Version=2.0.0.0, Culture=neutral, PublicKeyToken=b77a5c561934e089]]"><_size type="System.Int32">0</_size><_version type="System.Int32">1</_version></workItemIds><id type="Microsoft.VisualStudio.TestTools.Common.TestResultId"><runId type="System.Guid">3d9a8baa-b9cb-4717-8a94-3c6445344217</runId><executionId type="Microsoft.VisualStudio.TestTools.Common.TestExecId"><id type="System.Guid">e35c9e33-a26d-4c16-a104-a59633bd7d6d</id></executionId><parentExecId type="Microsoft.VisualStudio.TestTools.Common.TestExecId"><id type="System.Guid">00000000-0000-0000-0000-000000000000</id></parentExecId><testId type="Microsoft.VisualStudio.TestTools.Common.TestId"><id type="System.Guid">668c73ef-958b-60aa-fae4-5c49837c5fac</id></testId></id><testName type="System.String">MakeRequestTest_GoodXmlError</testName><testType type="Microsoft.VisualStudio.TestTools.Common.TestType"><id type="System.Guid">13cdc9d9-ddb5-4fa4-a97d-d965ccfc6d4b</id></testType><messageKind type="Microsoft.VisualStudio.TestTools.Common.TestMessageKind"><value__ type="System.Int32">1</value__></messageKind><computerInfo type="Microsoft.VisualStudio.TestTools.Common.ComputerInfo"><m_computerName type="System.String">ECDATA-TFS01</m_computerName></computerInfo><duration type="System.TimeSpan">00:00:00.0119110</duration><startTime type="System.DateTime"><dateData type="System.UInt64">633673775010639036</dateData></startTime><endTime type="System.DateTime"><dateData type="System.UInt64">633673775010795296</dateData></endTime><spoolMessage type="System.Boolean">True</spoolMessage></UnitTestResult><UnitTestResult type="Microsoft.VisualStudio.TestTools.TestTypes.Unit.UnitTestResult, Microsoft.VisualStudio.QualityTools.Tips.UnitTest.ObjectModel, Version=8.0.0.0, Culture=neutral, PublicKeyToken=b03f5f7f11d50a3a"><resultType type="Microsoft.VisualStudio.TestTools.TestTypes.Unit.UnitTestResultType, Microsoft.VisualStudio.QualityTools.Tips.UnitTest.ObjectModel, Version=8.0.0.0, Culture=neutral, PublicKeyToken=b03f5f7f11d50a3a"><value__ type="System.Int32">0</value__></resultType><m_hasSufficientAccess type="System.Boolean">True</m_hasSufficientAccess><counters type="Microsoft.VisualStudio.TestTools.Common.TestResultCounter"><values type="System.Int32">0,0,0,0,0,0,0,0,0,0,0,0,0,0</values><total type="System.Int32">1</total></counters><categoryId type="Microsoft.VisualStudio.TestTools.Common.TestCategoryId"><id type="System.Guid">8c84fa94-04c1-424b-9868-57a2d4851a1d</id></categoryId><outcome type="Microsoft.VisualStudio.TestTools.Common.TestOutcome"><value__ type="System.Int32">1</value__></outcome><errorInfo type="Microsoft.VisualStudio.TestTools.Common.TestResultErrorInfo"><message type="System.String">Test method BrownShoe.UnitTests.Services.Orders.OrderTracking.SmartPost.SmartPostServiceTest.MakeRequestTest_GoodXmlRootOnly threw exception:  System.Configuration.ConfigurationErrorsException: The type Microsoft.Practices.EnterpriseLibrary.ExceptionHandling.Logging.LoggingExceptionHandler, Microsoft.Practices.EnterpriseLibrary.ExceptionHandling.Logging, Version=2.0.0.0, Culture=neutral, PublicKeyToken=c834797fd9c628b4 from configuration could not be created. (E:\projects\brownshoe\unit_tests\product\srvtfs_ECDATA-TFS01 2009-01-12 11_17_41\Out\BrownShoe.UnitTests.DLL.config line 38).</message><stackTrace type="System.String">    at System.Configuration.BaseConfigurationRecord.EvaluateOne(String[] keys, SectionInput input, Boolean isTrusted, FactoryRecord factoryRecord, SectionRecord sectionRecord, Object parentResult)
   at System.Configuration.BaseConfigurationRecord.Evaluate(FactoryRecord factoryRecord, SectionRecord sectionRecord, Object parentResult, Boolean getLkg, Boolean getRuntimeObject, Object&amp; result, Object&amp; resultRuntimeObject)
   at System.Configuration.BaseConfigurationRecord.GetSectionRecursive(String configKey, Boolean getLkg, Boolean checkPermission, Boolean getRuntimeObject, Boolean requestIsHere, Object&amp; result, Object&amp; resultRuntimeObject)
   at System.Configuration.BaseConfigurationRecord.GetSectionRecursive(String configKey, Boolean getLkg, Boolean checkPermission, Boolean getRuntimeObject, Boolean requestIsHere, Object&amp; result, Object&amp; resultRuntimeObject)
   at System.Configuration.BaseConfigurationRecord.GetSectionRecursive(String configKey, Boolean getLkg, Boolean checkPermission, Boolean getRuntimeObject, Boolean requestIsHere, Object&amp; result, Object&amp; resultRuntimeObject)
   at System.Configuration.BaseConfigurationRecord.GetSection(String configKey, Boolean getLkg, Boolean checkPermission)
   at System.Configuration.BaseConfigurationRecord.GetSection(String configKey)
   at System.Configuration.ClientConfigurationSystem.System.Configuration.Internal.IInternalConfigSystem.GetSection(String sectionName)
   at System.Configuration.ConfigurationManager.GetSection(String sectionName)
   at Microsoft.Practices.EnterpriseLibrary.Common.Configuration.SystemConfigurationSourceImplementation.GetSection(String sectionName)
   at Microsoft.Practices.EnterpriseLibrary.Common.Configuration.SystemConfigurationSource.GetSection(String sectionName)
   at Microsoft.Practices.EnterpriseLibrary.ExceptionHandling.Configuration.ExceptionHandlingSettings.GetExceptionHandlingSettings(IConfigurationSource configurationSource)
   at Microsoft.Practices.EnterpriseLibrary.ExceptionHandling.ExceptionHandlingConfigurationView.get_ExceptionHandlingSettings()
   at Microsoft.Practices.EnterpriseLibrary.ExceptionHandling.ExceptionHandlingConfigurationView.GetExceptionPolicyData(String policyName)
   at Microsoft.Practices.EnterpriseLibrary.ExceptionHandling.ExceptionPolicyCustomFactory.GetConfiguration(String id, IConfigurationSource configurationSource)
   at Microsoft.Practices.EnterpriseLibrary.ExceptionHandling.ExceptionPolicyCustomFactory.CreateObject(IBuilderContext context, String name, IConfigurationSource configurationSource, ConfigurationReflectionCache reflectionCache)
   at Microsoft.Practices.EnterpriseLibrary.Common.Configuration.ObjectBuilder.ConfiguredObjectStrategy.BuildUp(IBuilderContext context, Type t, Object existing, String id)
   at Microsoft.Practices.ObjectBuilder.BuilderStrategy.BuildUp(IBuilderContext context, Type typeToBuild, Object existing, String idToBuild)
   at Microsoft.Practices.ObjectBuilder.SingletonStrategy.BuildUp(IBuilderContext context, Type typeToBuild, Object existing, String idToBuild)
   at Microsoft.Practices.ObjectBuilder.BuilderStrategy.BuildUp(IBuilderContext context, Type typeToBuild, Object existing, String idToBuild)
   at Microsoft.Practices.EnterpriseLibrary.Common.Configuration.ObjectBuilder.ConfigurationNameMappingStrategy.BuildUp(IBuilderContext context, Type t, Object existing, String id)
   at Microsoft.Practices.ObjectBuilder.BuilderBase`1.DoBuildUp(IReadWriteLocator locator, Type typeToBuild, String idToBuild, Object existing, PolicyList[] transientPolicies)
   at Microsoft.Practices.ObjectBuilder.BuilderBase`1.BuildUp(IReadWriteLocator locator, Type typeToBuild, String idToBuild, Object existing, PolicyList[] transientPolicies)
   at Microsoft.Practices.ObjectBuilder.BuilderBase`1.BuildUp[TTypeToBuild](IReadWriteLocator locator, String idToBuild, Object existing, PolicyList[] transientPolicies)
   at Microsoft.Practices.EnterpriseLibrary.Common.Configuration.ObjectBuilder.EnterpriseLibraryFactory.BuildUp[T](IReadWriteLocator locator, String id, IConfigurationSource configurationSource)
   at Microsoft.Practices.EnterpriseLibrary.Common.Configuration.ObjectBuilder.LocatorNameTypeFactoryBase`1.Create(String name)
   at Microsoft.Practices.EnterpriseLibrary.ExceptionHandling.ExceptionPolicy.GetExceptionPolicy(Exception exception, String policyName)
   at Microsoft.Practices.EnterpriseLibrary.ExceptionHandling.ExceptionPolicy.HandleException(Exception exceptionToHandle, String policyName)
   at BrownShoe.ExceptionPolicy.HandleException(Exception exc) in e:\projects\brownshoe\unit_tests\product\src\BrownShoe\Libraries\Core\ExceptionPolicies.cs:line 117
   at BrownShoe.ShipperInterface.SmartPost.Tracking.SmartPostService.MakeRequest(String SmartPostTrackingNumber) in e:\projects\brownshoe\unit_tests\product\src\BrownShoe\Libraries\Services\Orders\OrderTracking\SmartPost\SmartPostService.cs:line 230
   at BrownShoe.UnitTests.Services.Orders.OrderTracking.SmartPost.SmartPostServiceTest.MakeRequestTest_GoodXmlRootOnly()
</stackTrace></errorInfo><traceInfo type="Microsoft.VisualStudio.TestTools.Common.TestExecutionTraceInformation"><trace type="System.Text.StringBuilder">Creating instance of class BrownShoe.UnitTests.Services.Orders.OrderTracking.SmartPost.SmartPostServiceTest.
Calling Test method BrownShoe.UnitTests.Services.Orders.OrderTracking.SmartPost.SmartPostServiceTest.Microsoft.VisualStudio.TestTools.TestTypes.Unit.TestMethod.
</trace></traceInfo><stdout type="System.String" /><stderr type="System.String" /><debugTrace type="System.String" /><workItemIds type="System.Collections.Generic.List`1[[System.Int32, mscorlib, Version=2.0.0.0, Culture=neutral, PublicKeyToken=b77a5c561934e089]]"><_size type="System.Int32">0</_size><_version type="System.Int32">1</_version></workItemIds><id type="Microsoft.VisualStudio.TestTools.Common.TestResultId"><runId type="System.Guid">3d9a8baa-b9cb-4717-8a94-3c6445344217</runId><executionId type="Microsoft.VisualStudio.TestTools.Common.TestExecId"><id type="System.Guid">6ef426cd-308c-4e6a-baaf-178ec39a0f68</id></executionId><parentExecId type="Microsoft.VisualStudio.TestTools.Common.TestExecId"><id type="System.Guid">00000000-0000-0000-0000-000000000000</id></parentExecId><testId type="Microsoft.VisualStudio.TestTools.Common.TestId"><id type="System.Guid">02218a24-8bc2-ea4d-85e6-8366def54f8f</id></testId></id><testName type="System.String">MakeRequestTest_GoodXmlRootOnly</testName><testType type="Microsoft.VisualStudio.TestTools.Common.TestType"><id type="System.Guid">13cdc9d9-ddb5-4fa4-a97d-d965ccfc6d4b</id></testType><messageKind type="Microsoft.VisualStudio.TestTools.Common.TestMessageKind"><value__ type="System.Int32">1</value__></messageKind><computerInfo type="Microsoft.VisualStudio.TestTools.Common.ComputerInfo"><m_computerName type="System.String">ECDATA-TFS01</m_computerName></computerInfo><duration type="System.TimeSpan">00:00:00.0107770</duration><startTime type="System.DateTime"><dateData type="System.UInt64">633673775010795296</dateData></startTime><endTime type="System.DateTime"><dateData type="System.UInt64">633673775010951556</dateData></endTime><spoolMessage type="System.Boolean">True</spoolMessage></UnitTestResult><UnitTestResult type="Microsoft.VisualStudio.TestTools.TestTypes.Unit.UnitTestResult, Microsoft.VisualStudio.QualityTools.Tips.UnitTest.ObjectModel, Version=8.0.0.0, Culture=neutral, PublicKeyToken=b03f5f7f11d50a3a"><resultType type="Microsoft.VisualStudio.TestTools.TestTypes.Unit.UnitTestResultType, Microsoft.VisualStudio.QualityTools.Tips.UnitTest.ObjectModel, Version=8.0.0.0, Culture=neutral, PublicKeyToken=b03f5f7f11d50a3a"><value__ type="System.Int32">0</value__></resultType><m_hasSufficientAccess type="System.Boolean">True</m_hasSufficientAccess><counters type="Microsoft.VisualStudio.TestTools.Common.TestResultCounter"><values type="System.Int32">0,0,0,0,0,0,0,0,0,0,0,0,0,0</values><total type="System.Int32">1</total></counters><categoryId type="Microsoft.VisualStudio.TestTools.Common.TestCategoryId"><id type="System.Guid">8c84fa94-04c1-424b-9868-57a2d4851a1d</id></categoryId><outcome type="Microsoft.VisualStudio.TestTools.Common.TestOutcome"><value__ type="System.Int32">1</value__></outcome><errorInfo type="Microsoft.VisualStudio.TestTools.Common.TestResultErrorInfo"><message type="System.String">Test method BrownShoe.UnitTests.Services.Orders.OrderTracking.SmartPost.SmartPostServiceTest.MakeRequestTest_GoodXmlSuccess threw exception:  System.Configuration.ConfigurationErrorsException: The type Microsoft.Practices.EnterpriseLibrary.ExceptionHandling.Logging.LoggingExceptionHandler, Microsoft.Practices.EnterpriseLibrary.ExceptionHandling.Logging, Version=2.0.0.0, Culture=neutral, PublicKeyToken=c834797fd9c628b4 from configuration could not be created. (E:\projects\brownshoe\unit_tests\product\srvtfs_ECDATA-TFS01 2009-01-12 11_17_41\Out\BrownShoe.UnitTests.DLL.config line 38).</message><stackTrace type="System.String">    at System.Configuration.BaseConfigurationRecord.EvaluateOne(String[] keys, SectionInput input, Boolean isTrusted, FactoryRecord factoryRecord, SectionRecord sectionRecord, Object parentResult)
   at System.Configuration.BaseConfigurationRecord.Evaluate(FactoryRecord factoryRecord, SectionRecord sectionRecord, Object parentResult, Boolean getLkg, Boolean getRuntimeObject, Object&amp; result, Object&amp; resultRuntimeObject)
   at System.Configuration.BaseConfigurationRecord.GetSectionRecursive(String configKey, Boolean getLkg, Boolean checkPermission, Boolean getRuntimeObject, Boolean requestIsHere, Object&amp; result, Object&amp; resultRuntimeObject)
   at System.Configuration.BaseConfigurationRecord.GetSectionRecursive(String configKey, Boolean getLkg, Boolean checkPermission, Boolean getRuntimeObject, Boolean requestIsHere, Object&amp; result, Object&amp; resultRuntimeObject)
   at System.Configuration.BaseConfigurationRecord.GetSectionRecursive(String configKey, Boolean getLkg, Boolean checkPermission, Boolean getRuntimeObject, Boolean requestIsHere, Object&amp; result, Object&amp; resultRuntimeObject)
   at System.Configuration.BaseConfigurationRecord.GetSection(String configKey, Boolean getLkg, Boolean checkPermission)
   at System.Configuration.BaseConfigurationRecord.GetSection(String configKey)
   at System.Configuration.ClientConfigurationSystem.System.Configuration.Internal.IInternalConfigSystem.GetSection(String sectionName)
   at System.Configuration.ConfigurationManager.GetSection(String sectionName)
   at Microsoft.Practices.EnterpriseLibrary.Common.Configuration.SystemConfigurationSourceImplementation.GetSection(String sectionName)
   at Microsoft.Practices.EnterpriseLibrary.Common.Configuration.SystemConfigurationSource.GetSection(String sectionName)
   at Microsoft.Practices.EnterpriseLibrary.ExceptionHandling.Configuration.ExceptionHandlingSettings.GetExceptionHandlingSettings(IConfigurationSource configurationSource)
   at Microsoft.Practices.EnterpriseLibrary.ExceptionHandling.ExceptionHandlingConfigurationView.get_ExceptionHandlingSettings()
   at Microsoft.Practices.EnterpriseLibrary.ExceptionHandling.ExceptionHandlingConfigurationView.GetExceptionPolicyData(String policyName)
   at Microsoft.Practices.EnterpriseLibrary.ExceptionHandling.ExceptionPolicyCustomFactory.GetConfiguration(String id, IConfigurationSource configurationSource)
   at Microsoft.Practices.EnterpriseLibrary.ExceptionHandling.ExceptionPolicyCustomFactory.CreateObject(IBuilderContext context, String name, IConfigurationSource configurationSource, ConfigurationReflectionCache reflectionCache)
   at Microsoft.Practices.EnterpriseLibrary.Common.Configuration.ObjectBuilder.ConfiguredObjectStrategy.BuildUp(IBuilderContext context, Type t, Object existing, String id)
   at Microsoft.Practices.ObjectBuilder.BuilderStrategy.BuildUp(IBuilderContext context, Type typeToBuild, Object existing, String idToBuild)
   at Microsoft.Practices.ObjectBuilder.SingletonStrategy.BuildUp(IBuilderContext context, Type typeToBuild, Object existing, String idToBuild)
   at Microsoft.Practices.ObjectBuilder.BuilderStrategy.BuildUp(IBuilderContext context, Type typeToBuild, Object existing, String idToBuild)
   at Microsoft.Practices.EnterpriseLibrary.Common.Configuration.ObjectBuilder.ConfigurationNameMappingStrategy.BuildUp(IBuilderContext context, Type t, Object existing, String id)
   at Microsoft.Practices.ObjectBuilder.BuilderBase`1.DoBuildUp(IReadWriteLocator locator, Type typeToBuild, String idToBuild, Object existing, PolicyList[] transientPolicies)
   at Microsoft.Practices.ObjectBuilder.BuilderBase`1.BuildUp(IReadWriteLocator locator, Type typeToBuild, String idToBuild, Object existing, PolicyList[] transientPolicies)
   at Microsoft.Practices.ObjectBuilder.BuilderBase`1.BuildUp[TTypeToBuild](IReadWriteLocator locator, String idToBuild, Object existing, PolicyList[] transientPolicies)
   at Microsoft.Practices.EnterpriseLibrary.Common.Configuration.ObjectBuilder.EnterpriseLibraryFactory.BuildUp[T](IReadWriteLocator locator, String id, IConfigurationSource configurationSource)
   at Microsoft.Practices.EnterpriseLibrary.Common.Configuration.ObjectBuilder.LocatorNameTypeFactoryBase`1.Create(String name)
   at Microsoft.Practices.EnterpriseLibrary.ExceptionHandling.ExceptionPolicy.GetExceptionPolicy(Exception exception, String policyName)
   at Microsoft.Practices.EnterpriseLibrary.ExceptionHandling.ExceptionPolicy.HandleException(Exception exceptionToHandle, String policyName)
   at BrownShoe.ExceptionPolicy.HandleException(Exception exc) in e:\projects\brownshoe\unit_tests\product\src\BrownShoe\Libraries\Core\ExceptionPolicies.cs:line 117
   at BrownShoe.ShipperInterface.SmartPost.Tracking.SmartPostService.MakeRequest(String SmartPostTrackingNumber) in e:\projects\brownshoe\unit_tests\product\src\BrownShoe\Libraries\Services\Orders\OrderTracking\SmartPost\SmartPostService.cs:line 230
   at BrownShoe.UnitTests.Services.Orders.OrderTracking.SmartPost.SmartPostServiceTest.MakeRequestTest_GoodXmlSuccess()
</stackTrace></errorInfo><traceInfo type="Microsoft.VisualStudio.TestTools.Common.TestExecutionTraceInformation"><trace type="System.Text.StringBuilder">Creating instance of class BrownShoe.UnitTests.Services.Orders.OrderTracking.SmartPost.SmartPostServiceTest.
Calling Test method BrownShoe.UnitTests.Services.Orders.OrderTracking.SmartPost.SmartPostServiceTest.Microsoft.VisualStudio.TestTools.TestTypes.Unit.TestMethod.
</trace></traceInfo><stdout type="System.String" /><stderr type="System.String" /><debugTrace type="System.String" /><workItemIds type="System.Collections.Generic.List`1[[System.Int32, mscorlib, Version=2.0.0.0, Culture=neutral, PublicKeyToken=b77a5c561934e089]]"><_size type="System.Int32">0</_size><_version type="System.Int32">1</_version></workItemIds><id type="Microsoft.VisualStudio.TestTools.Common.TestResultId"><runId type="System.Guid">3d9a8baa-b9cb-4717-8a94-3c6445344217</runId><executionId type="Microsoft.VisualStudio.TestTools.Common.TestExecId"><id type="System.Guid">53fed6ac-0a15-4fe4-a9da-7b92f9933aee</id></executionId><parentExecId type="Microsoft.VisualStudio.TestTools.Common.TestExecId"><id type="System.Guid">00000000-0000-0000-0000-000000000000</id></parentExecId><testId type="Microsoft.VisualStudio.TestTools.Common.TestId"><id type="System.Guid">6121f546-19ac-b4b0-bfb7-3941ffe0ad96</id></testId></id><testName type="System.String">MakeRequestTest_GoodXmlSuccess</testName><testType type="Microsoft.VisualStudio.TestTools.Common.TestType"><id type="System.Guid">13cdc9d9-ddb5-4fa4-a97d-d965ccfc6d4b</id></testType><messageKind type="Microsoft.VisualStudio.TestTools.Common.TestMessageKind"><value__ type="System.Int32">1</value__></messageKind><computerInfo type="Microsoft.VisualStudio.TestTools.Common.ComputerInfo"><m_computerName type="System.String">ECDATA-TFS01</m_computerName></computerInfo><duration type="System.TimeSpan">00:00:00.0164773</duration><startTime type="System.DateTime"><dateData type="System.UInt64">633673775010951556</dateData></startTime><endTime type="System.DateTime"><dateData type="System.UInt64">633673775011264076</dateData></endTime><spoolMessage type="System.Boolean">True</spoolMessage></UnitTestResult><UnitTestResult type="Microsoft.VisualStudio.TestTools.TestTypes.Unit.UnitTestResult, Microsoft.VisualStudio.QualityTools.Tips.UnitTest.ObjectModel, Version=8.0.0.0, Culture=neutral, PublicKeyToken=b03f5f7f11d50a3a"><resultType type="Microsoft.VisualStudio.TestTools.TestTypes.Unit.UnitTestResultType, Microsoft.VisualStudio.QualityTools.Tips.UnitTest.ObjectModel, Version=8.0.0.0, Culture=neutral, PublicKeyToken=b03f5f7f11d50a3a"><value__ type="System.Int32">0</value__></resultType><m_hasSufficientAccess type="System.Boolean">True</m_hasSufficientAccess><counters type="Microsoft.VisualStudio.TestTools.Common.TestResultCounter"><values type="System.Int32">0,0,0,0,0,0,0,0,0,0,0,0,0,0</values><total type="System.Int32">1</total></counters><categoryId type="Microsoft.VisualStudio.TestTools.Common.TestCategoryId"><id type="System.Guid">8c84fa94-04c1-424b-9868-57a2d4851a1d</id></categoryId><outcome type="Microsoft.VisualStudio.TestTools.Common.TestOutcome"><value__ type="System.Int32">4</value__></outcome><errorInfo type="Microsoft.VisualStudio.TestTools.Common.TestResultErrorInfo"><message type="System.String">Assert.Inconclusive failed. Verify the correctness of this test method</message><stackTrace type="System.String">   at BrownShoe.UnitTests.Services.Payments.CreditCardTransactionServiceTest.ListTest()
</stackTrace></errorInfo><traceInfo type="Microsoft.VisualStudio.TestTools.Common.TestExecutionTraceInformation"><trace type="System.Text.StringBuilder">Creating instance of class BrownShoe.UnitTests.Services.Payments.CreditCardTransactionServiceTest.
Calling Test method BrownShoe.UnitTests.Services.Payments.CreditCardTransactionServiceTest.Microsoft.VisualStudio.TestTools.TestTypes.Unit.TestMethod.
</trace></traceInfo><stdout type="System.String" /><stderr type="System.String" /><debugTrace type="System.String" /><workItemIds type="System.Collections.Generic.List`1[[System.Int32, mscorlib, Version=2.0.0.0, Culture=neutral, PublicKeyToken=b77a5c561934e089]]"><_size type="System.Int32">0</_size><_version type="System.Int32">1</_version></workItemIds><id type="Microsoft.VisualStudio.TestTools.Common.TestResultId"><runId type="System.Guid">3d9a8baa-b9cb-4717-8a94-3c6445344217</runId><executionId type="Microsoft.VisualStudio.TestTools.Common.TestExecId"><id type="System.Guid">6e18e1f0-2ff3-45d7-b362-3d6659cfde84</id></executionId><parentExecId type="Microsoft.VisualStudio.TestTools.Common.TestExecId"><id type="System.Guid">00000000-0000-0000-0000-000000000000</id></parentExecId><testId type="Microsoft.VisualStudio.TestTools.Common.TestId"><id type="System.Guid">0a46866d-74c2-aea2-ee5a-a3a452495270</id></testId></id><testName type="System.String">ListTest</testName><testType type="Microsoft.VisualStudio.TestTools.Common.TestType"><id type="System.Guid">13cdc9d9-ddb5-4fa4-a97d-d965ccfc6d4b</id></testType><messageKind type="Microsoft.VisualStudio.TestTools.Common.TestMessageKind"><value__ type="System.Int32">1</value__></messageKind><computerInfo type="Microsoft.VisualStudio.TestTools.Common.ComputerInfo"><m_computerName type="System.String">ECDATA-TFS01</m_computerName></computerInfo><duration type="System.TimeSpan">00:00:00.0009813</duration><startTime type="System.DateTime"><dateData type="System.UInt64">633673775011264076</dateData></startTime><endTime type="System.DateTime"><dateData type="System.UInt64">633673775011264076</dateData></endTime><spoolMessage type="System.Boolean">True</spoolMessage></UnitTestResult><UnitTestResult type="Microsoft.VisualStudio.TestTools.TestTypes.Unit.UnitTestResult, Microsoft.VisualStudio.QualityTools.Tips.UnitTest.ObjectModel, Version=8.0.0.0, Culture=neutral, PublicKeyToken=b03f5f7f11d50a3a"><resultType type="Microsoft.VisualStudio.TestTools.TestTypes.Unit.UnitTestResultType, Microsoft.VisualStudio.QualityTools.Tips.UnitTest.ObjectModel, Version=8.0.0.0, Culture=neutral, PublicKeyToken=b03f5f7f11d50a3a"><value__ type="System.Int32">0</value__></resultType><m_hasSufficientAccess type="System.Boolean">True</m_hasSufficientAccess><counters type="Microsoft.VisualStudio.TestTools.Common.TestResultCounter"><values type="System.Int32">0,0,0,0,0,0,0,0,0,0,0,0,0,0</values><total type="System.Int32">1</total></counters><categoryId type="Microsoft.VisualStudio.TestTools.Common.TestCategoryId"><id type="System.Guid">8c84fa94-04c1-424b-9868-57a2d4851a1d</id></categoryId><outcome type="Microsoft.VisualStudio.TestTools.Common.TestOutcome"><value__ type="System.Int32">1</value__></outcome><errorInfo type="Microsoft.VisualStudio.TestTools.Common.TestResultErrorInfo"><message type="System.String">Test method BrownShoe.UnitTests.Services.Profiles.AddressServiceTest.CreateTest threw exception:  System.Configuration.ConfigurationErrorsException: The type Microsoft.Practices.EnterpriseLibrary.ExceptionHandling.Logging.LoggingExceptionHandler, Microsoft.Practices.EnterpriseLibrary.ExceptionHandling.Logging, Version=2.0.0.0, Culture=neutral, PublicKeyToken=c834797fd9c628b4 from configuration could not be created. (E:\projects\brownshoe\unit_tests\product\srvtfs_ECDATA-TFS01 2009-01-12 11_17_41\Out\BrownShoe.UnitTests.DLL.config line 38).</message><stackTrace type="System.String">    at System.Configuration.BaseConfigurationRecord.EvaluateOne(String[] keys, SectionInput input, Boolean isTrusted, FactoryRecord factoryRecord, SectionRecord sectionRecord, Object parentResult)
   at System.Configuration.BaseConfigurationRecord.Evaluate(FactoryRecord factoryRecord, SectionRecord sectionRecord, Object parentResult, Boolean getLkg, Boolean getRuntimeObject, Object&amp; result, Object&amp; resultRuntimeObject)
   at System.Configuration.BaseConfigurationRecord.GetSectionRecursive(String configKey, Boolean getLkg, Boolean checkPermission, Boolean getRuntimeObject, Boolean requestIsHere, Object&amp; result, Object&amp; resultRuntimeObject)
   at System.Configuration.BaseConfigurationRecord.GetSectionRecursive(String configKey, Boolean getLkg, Boolean checkPermission, Boolean getRuntimeObject, Boolean requestIsHere, Object&amp; result, Object&amp; resultRuntimeObject)
   at System.Configuration.BaseConfigurationRecord.GetSectionRecursive(String configKey, Boolean getLkg, Boolean checkPermission, Boolean getRuntimeObject, Boolean requestIsHere, Object&amp; result, Object&amp; resultRuntimeObject)
   at System.Configuration.BaseConfigurationRecord.GetSection(String configKey, Boolean getLkg, Boolean checkPermission)
   at System.Configuration.BaseConfigurationRecord.GetSection(String configKey)
   at System.Configuration.ClientConfigurationSystem.System.Configuration.Internal.IInternalConfigSystem.GetSection(String sectionName)
   at System.Configuration.ConfigurationManager.GetSection(String sectionName)
   at Microsoft.Practices.EnterpriseLibrary.Common.Configuration.SystemConfigurationSourceImplementation.GetSection(String sectionName)
   at Microsoft.Practices.EnterpriseLibrary.Common.Configuration.SystemConfigurationSource.GetSection(String sectionName)
   at Microsoft.Practices.EnterpriseLibrary.ExceptionHandling.Configuration.ExceptionHandlingSettings.GetExceptionHandlingSettings(IConfigurationSource configurationSource)
   at Microsoft.Practices.EnterpriseLibrary.ExceptionHandling.ExceptionHandlingConfigurationView.get_ExceptionHandlingSettings()
   at Microsoft.Practices.EnterpriseLibrary.ExceptionHandling.ExceptionHandlingConfigurationView.GetExceptionPolicyData(String policyName)
   at Microsoft.Practices.EnterpriseLibrary.ExceptionHandling.ExceptionPolicyCustomFactory.GetConfiguration(String id, IConfigurationSource configurationSource)
   at Microsoft.Practices.EnterpriseLibrary.ExceptionHandling.ExceptionPolicyCustomFactory.CreateObject(IBuilderContext context, String name, IConfigurationSource configurationSource, ConfigurationReflectionCache reflectionCache)
   at Microsoft.Practices.EnterpriseLibrary.Common.Configuration.ObjectBuilder.ConfiguredObjectStrategy.BuildUp(IBuilderContext context, Type t, Object existing, String id)
   at Microsoft.Practices.ObjectBuilder.BuilderStrategy.BuildUp(IBuilderContext context, Type typeToBuild, Object existing, String idToBuild)
   at Microsoft.Practices.ObjectBuilder.SingletonStrategy.BuildUp(IBuilderContext context, Type typeToBuild, Object existing, String idToBuild)
   at Microsoft.Practices.ObjectBuilder.BuilderStrategy.BuildUp(IBuilderContext context, Type typeToBuild, Object existing, String idToBuild)
   at Microsoft.Practices.EnterpriseLibrary.Common.Configuration.ObjectBuilder.ConfigurationNameMappingStrategy.BuildUp(IBuilderContext context, Type t, Object existing, String id)
   at Microsoft.Practices.ObjectBuilder.BuilderBase`1.DoBuildUp(IReadWriteLocator locator, Type typeToBuild, String idToBuild, Object existing, PolicyList[] transientPolicies)
   at Microsoft.Practices.ObjectBuilder.BuilderBase`1.BuildUp(IReadWriteLocator locator, Type typeToBuild, String idToBuild, Object existing, PolicyList[] transientPolicies)
   at Microsoft.Practices.ObjectBuilder.BuilderBase`1.BuildUp[TTypeToBuild](IReadWriteLocator locator, String idToBuild, Object existing, PolicyList[] transientPolicies)
   at Microsoft.Practices.EnterpriseLibrary.Common.Configuration.ObjectBuilder.EnterpriseLibraryFactory.BuildUp[T](IReadWriteLocator locator, String id, IConfigurationSource configurationSource)
   at Microsoft.Practices.EnterpriseLibrary.Common.Configuration.ObjectBuilder.LocatorNameTypeFactoryBase`1.Create(String name)
   at Microsoft.Practices.EnterpriseLibrary.ExceptionHandling.ExceptionPolicy.GetExceptionPolicy(Exception exception, String policyName)
   at Microsoft.Practices.EnterpriseLibrary.ExceptionHandling.ExceptionPolicy.HandleException(Exception exceptionToHandle, String policyName)
   at BrownShoe.ExceptionPolicy.HandleException(Exception exc) in e:\projects\brownshoe\unit_tests\product\src\BrownShoe\Libraries\Core\ExceptionPolicies.cs:line 117
   at BrownShoe.Profiles.AddressService.Create() in e:\projects\brownshoe\unit_tests\product\src\BrownShoe\Libraries\Services\Profiles\AddressService.cs:line 55
   at BrownShoe.UnitTests.Services.Profiles.AddressServiceTest.CreateTest()
</stackTrace></errorInfo><traceInfo type="Microsoft.VisualStudio.TestTools.Common.TestExecutionTraceInformation"><trace type="System.Text.StringBuilder">Creating instance of class BrownShoe.UnitTests.Services.Profiles.AddressServiceTest.
Calling Test method BrownShoe.UnitTests.Services.Profiles.AddressServiceTest.Microsoft.VisualStudio.TestTools.TestTypes.Unit.TestMethod.
</trace></traceInfo><stdout type="System.String" /><stderr type="System.String" /><debugTrace type="System.String" /><workItemIds type="System.Collections.Generic.List`1[[System.Int32, mscorlib, Version=2.0.0.0, Culture=neutral, PublicKeyToken=b77a5c561934e089]]"><_size type="System.Int32">0</_size><_version type="System.Int32">1</_version></workItemIds><id type="Microsoft.VisualStudio.TestTools.Common.TestResultId"><runId type="System.Guid">3d9a8baa-b9cb-4717-8a94-3c6445344217</runId><executionId type="Microsoft.VisualStudio.TestTools.Common.TestExecId"><id type="System.Guid">db9515a8-53b9-440f-bef0-d7bc091f232e</id></executionId><parentExecId type="Microsoft.VisualStudio.TestTools.Common.TestExecId"><id type="System.Guid">00000000-0000-0000-0000-000000000000</id></parentExecId><testId type="Microsoft.VisualStudio.TestTools.Common.TestId"><id type="System.Guid">51ead207-8cc9-729d-18f9-237bd455d945</id></testId></id><testName type="System.String">CreateTest</testName><testType type="Microsoft.VisualStudio.TestTools.Common.TestType"><id type="System.Guid">13cdc9d9-ddb5-4fa4-a97d-d965ccfc6d4b</id></testType><messageKind type="Microsoft.VisualStudio.TestTools.Common.TestMessageKind"><value__ type="System.Int32">1</value__></messageKind><computerInfo type="Microsoft.VisualStudio.TestTools.Common.ComputerInfo"><m_computerName type="System.String">ECDATA-TFS01</m_computerName></computerInfo><duration type="System.TimeSpan">00:00:00.0092844</duration><startTime type="System.DateTime"><dateData type="System.UInt64">633673775011264076</dateData></startTime><endTime type="System.DateTime"><dateData type="System.UInt64">633673775011420336</dateData></endTime><spoolMessage type="System.Boolean">True</spoolMessage></UnitTestResult><UnitTestResult type="Microsoft.VisualStudio.TestTools.TestTypes.Unit.UnitTestResult, Microsoft.VisualStudio.QualityTools.Tips.UnitTest.ObjectModel, Version=8.0.0.0, Culture=neutral, PublicKeyToken=b03f5f7f11d50a3a"><resultType type="Microsoft.VisualStudio.TestTools.TestTypes.Unit.UnitTestResultType, Microsoft.VisualStudio.QualityTools.Tips.UnitTest.ObjectModel, Version=8.0.0.0, Culture=neutral, PublicKeyToken=b03f5f7f11d50a3a"><value__ type="System.Int32">0</value__></resultType><m_hasSufficientAccess type="System.Boolean">True</m_hasSufficientAccess><counters type="Microsoft.VisualStudio.TestTools.Common.TestResultCounter"><values type="System.Int32">0,0,0,0,0,0,0,0,0,0,0,0,0,0</values><total type="System.Int32">1</total></counters><categoryId type="Microsoft.VisualStudio.TestTools.Common.TestCategoryId"><id type="System.Guid">8c84fa94-04c1-424b-9868-57a2d4851a1d</id></categoryId><outcome type="Microsoft.VisualStudio.TestTools.Common.TestOutcome"><value__ type="System.Int32">10</value__></outcome><traceInfo type="Microsoft.VisualStudio.TestTools.Common.TestExecutionTraceInformation"><trace type="System.Text.StringBuilder">Creating instance of class BrownShoe.UnitTests.Services.Profiles.AddressServiceTest.
Calling Test method BrownShoe.UnitTests.Services.Profiles.AddressServiceTest.Microsoft.VisualStudio.TestTools.TestTypes.Unit.TestMethod.
</trace></traceInfo><stdout type="System.String" /><stderr type="System.String" /><debugTrace type="System.String" /><workItemIds type="System.Collections.Generic.List`1[[System.Int32, mscorlib, Version=2.0.0.0, Culture=neutral, PublicKeyToken=b77a5c561934e089]]"><_size type="System.Int32">0</_size><_version type="System.Int32">1</_version></workItemIds><id type="Microsoft.VisualStudio.TestTools.Common.TestResultId"><runId type="System.Guid">3d9a8baa-b9cb-4717-8a94-3c6445344217</runId><executionId type="Microsoft.VisualStudio.TestTools.Common.TestExecId"><id type="System.Guid">761472af-8223-4f61-bdc3-441b6c25833d</id></executionId><parentExecId type="Microsoft.VisualStudio.TestTools.Common.TestExecId"><id type="System.Guid">00000000-0000-0000-0000-000000000000</id></parentExecId><testId type="Microsoft.VisualStudio.TestTools.Common.TestId"><id type="System.Guid">311d10a5-725c-d729-092d-090baa3535a8</id></testId></id><testName type="System.String">GetAccuMailErrorMessageTest</testName><testType type="Microsoft.VisualStudio.TestTools.Common.TestType"><id type="System.Guid">13cdc9d9-ddb5-4fa4-a97d-d965ccfc6d4b</id></testType><messageKind type="Microsoft.VisualStudio.TestTools.Common.TestMessageKind"><value__ type="System.Int32">1</value__></messageKind><computerInfo type="Microsoft.VisualStudio.TestTools.Common.ComputerInfo"><m_computerName type="System.String">ECDATA-TFS01</m_computerName></computerInfo><duration type="System.TimeSpan">00:00:00.0026390</duration><startTime type="System.DateTime"><dateData type="System.UInt64">633673775011420336</dateData></startTime><endTime type="System.DateTime"><dateData type="System.UInt64">633673775011576596</dateData></endTime><spoolMessage type="System.Boolean">True</spoolMessage></UnitTestResult><UnitTestResult type="Microsoft.VisualStudio.TestTools.TestTypes.Unit.UnitTestResult, Microsoft.VisualStudio.QualityTools.Tips.UnitTest.ObjectModel, Version=8.0.0.0, Culture=neutral, PublicKeyToken=b03f5f7f11d50a3a"><resultType type="Microsoft.VisualStudio.TestTools.TestTypes.Unit.UnitTestResultType, Microsoft.VisualStudio.QualityTools.Tips.UnitTest.ObjectModel, Version=8.0.0.0, Culture=neutral, PublicKeyToken=b03f5f7f11d50a3a"><value__ type="System.Int32">0</value__></resultType><m_hasSufficientAccess type="System.Boolean">True</m_hasSufficientAccess><counters type="Microsoft.VisualStudio.TestTools.Common.TestResultCounter"><values type="System.Int32">0,0,0,0,0,0,0,0,0,0,0,0,0,0</values><total type="System.Int32">1</total></counters><categoryId type="Microsoft.VisualStudio.TestTools.Common.TestCategoryId"><id type="System.Guid">8c84fa94-04c1-424b-9868-57a2d4851a1d</id></categoryId><outcome type="Microsoft.VisualStudio.TestTools.Common.TestOutcome"><value__ type="System.Int32">1</value__></outcome><errorInfo type="Microsoft.VisualStudio.TestTools.Common.TestResultErrorInfo"><message type="System.String">Test method BrownShoe.UnitTests.Services.Profiles.AddressServiceTest.PurgeTest threw exception:  System.Configuration.ConfigurationErrorsException: The type Microsoft.Practices.EnterpriseLibrary.ExceptionHandling.Logging.LoggingExceptionHandler, Microsoft.Practices.EnterpriseLibrary.ExceptionHandling.Logging, Version=2.0.0.0, Culture=neutral, PublicKeyToken=c834797fd9c628b4 from configuration could not be created. (E:\projects\brownshoe\unit_tests\product\srvtfs_ECDATA-TFS01 2009-01-12 11_17_41\Out\BrownShoe.UnitTests.DLL.config line 38).</message><stackTrace type="System.String">    at System.Configuration.BaseConfigurationRecord.EvaluateOne(String[] keys, SectionInput input, Boolean isTrusted, FactoryRecord factoryRecord, SectionRecord sectionRecord, Object parentResult)
   at System.Configuration.BaseConfigurationRecord.Evaluate(FactoryRecord factoryRecord, SectionRecord sectionRecord, Object parentResult, Boolean getLkg, Boolean getRuntimeObject, Object&amp; result, Object&amp; resultRuntimeObject)
   at System.Configuration.BaseConfigurationRecord.GetSectionRecursive(String configKey, Boolean getLkg, Boolean checkPermission, Boolean getRuntimeObject, Boolean requestIsHere, Object&amp; result, Object&amp; resultRuntimeObject)
   at System.Configuration.BaseConfigurationRecord.GetSectionRecursive(String configKey, Boolean getLkg, Boolean checkPermission, Boolean getRuntimeObject, Boolean requestIsHere, Object&amp; result, Object&amp; resultRuntimeObject)
   at System.Configuration.BaseConfigurationRecord.GetSectionRecursive(String configKey, Boolean getLkg, Boolean checkPermission, Boolean getRuntimeObject, Boolean requestIsHere, Object&amp; result, Object&amp; resultRuntimeObject)
   at System.Configuration.BaseConfigurationRecord.GetSection(String configKey, Boolean getLkg, Boolean checkPermission)
   at System.Configuration.BaseConfigurationRecord.GetSection(String configKey)
   at System.Configuration.ClientConfigurationSystem.System.Configuration.Internal.IInternalConfigSystem.GetSection(String sectionName)
   at System.Configuration.ConfigurationManager.GetSection(String sectionName)
   at Microsoft.Practices.EnterpriseLibrary.Common.Configuration.SystemConfigurationSourceImplementation.GetSection(String sectionName)
   at Microsoft.Practices.EnterpriseLibrary.Common.Configuration.SystemConfigurationSource.GetSection(String sectionName)
   at Microsoft.Practices.EnterpriseLibrary.ExceptionHandling.Configuration.ExceptionHandlingSettings.GetExceptionHandlingSettings(IConfigurationSource configurationSource)
   at Microsoft.Practices.EnterpriseLibrary.ExceptionHandling.ExceptionHandlingConfigurationView.get_ExceptionHandlingSettings()
   at Microsoft.Practices.EnterpriseLibrary.ExceptionHandling.ExceptionHandlingConfigurationView.GetExceptionPolicyData(String policyName)
   at Microsoft.Practices.EnterpriseLibrary.ExceptionHandling.ExceptionPolicyCustomFactory.GetConfiguration(String id, IConfigurationSource configurationSource)
   at Microsoft.Practices.EnterpriseLibrary.ExceptionHandling.ExceptionPolicyCustomFactory.CreateObject(IBuilderContext context, String name, IConfigurationSource configurationSource, ConfigurationReflectionCache reflectionCache)
   at Microsoft.Practices.EnterpriseLibrary.Common.Configuration.ObjectBuilder.ConfiguredObjectStrategy.BuildUp(IBuilderContext context, Type t, Object existing, String id)
   at Microsoft.Practices.ObjectBuilder.BuilderStrategy.BuildUp(IBuilderContext context, Type typeToBuild, Object existing, String idToBuild)
   at Microsoft.Practices.ObjectBuilder.SingletonStrategy.BuildUp(IBuilderContext context, Type typeToBuild, Object existing, String idToBuild)
   at Microsoft.Practices.ObjectBuilder.BuilderStrategy.BuildUp(IBuilderContext context, Type typeToBuild, Object existing, String idToBuild)
   at Microsoft.Practices.EnterpriseLibrary.Common.Configuration.ObjectBuilder.ConfigurationNameMappingStrategy.BuildUp(IBuilderContext context, Type t, Object existing, String id)
   at Microsoft.Practices.ObjectBuilder.BuilderBase`1.DoBuildUp(IReadWriteLocator locator, Type typeToBuild, String idToBuild, Object existing, PolicyList[] transientPolicies)
   at Microsoft.Practices.ObjectBuilder.BuilderBase`1.BuildUp(IReadWriteLocator locator, Type typeToBuild, String idToBuild, Object existing, PolicyList[] transientPolicies)
   at Microsoft.Practices.ObjectBuilder.BuilderBase`1.BuildUp[TTypeToBuild](IReadWriteLocator locator, String idToBuild, Object existing, PolicyList[] transientPolicies)
   at Microsoft.Practices.EnterpriseLibrary.Common.Configuration.ObjectBuilder.EnterpriseLibraryFactory.BuildUp[T](IReadWriteLocator locator, String id, IConfigurationSource configurationSource)
   at Microsoft.Practices.EnterpriseLibrary.Common.Configuration.ObjectBuilder.LocatorNameTypeFactoryBase`1.Create(String name)
   at Microsoft.Practices.EnterpriseLibrary.ExceptionHandling.ExceptionPolicy.GetExceptionPolicy(Exception exception, String policyName)
   at Microsoft.Practices.EnterpriseLibrary.ExceptionHandling.ExceptionPolicy.HandleException(Exception exceptionToHandle, String policyName)
   at BrownShoe.ExceptionPolicy.HandleException(Exception exc) in e:\projects\brownshoe\unit_tests\product\src\BrownShoe\Libraries\Core\ExceptionPolicies.cs:line 117
   at BrownShoe.Profiles.AddressService.Create() in e:\projects\brownshoe\unit_tests\product\src\BrownShoe\Libraries\Services\Profiles\AddressService.cs:line 55
   at BrownShoe.UnitTests.Services.Profiles.AddressServiceTest.PurgeTest()
</stackTrace></errorInfo><traceInfo type="Microsoft.VisualStudio.TestTools.Common.TestExecutionTraceInformation"><trace type="System.Text.StringBuilder">Creating instance of class BrownShoe.UnitTests.Services.Profiles.AddressServiceTest.
Calling Test method BrownShoe.UnitTests.Services.Profiles.AddressServiceTest.Microsoft.VisualStudio.TestTools.TestTypes.Unit.TestMethod.
</trace></traceInfo><stdout type="System.String" /><stderr type="System.String" /><debugTrace type="System.String" /><workItemIds type="System.Collections.Generic.List`1[[System.Int32, mscorlib, Version=2.0.0.0, Culture=neutral, PublicKeyToken=b77a5c561934e089]]"><_size type="System.Int32">0</_size><_version type="System.Int32">1</_version></workItemIds><id type="Microsoft.VisualStudio.TestTools.Common.TestResultId"><runId type="System.Guid">3d9a8baa-b9cb-4717-8a94-3c6445344217</runId><executionId type="Microsoft.VisualStudio.TestTools.Common.TestExecId"><id type="System.Guid">ccd53662-11f4-4feb-9f25-3e78f1d365b9</id></executionId><parentExecId type="Microsoft.VisualStudio.TestTools.Common.TestExecId"><id type="System.Guid">00000000-0000-0000-0000-000000000000</id></parentExecId><testId type="Microsoft.VisualStudio.TestTools.Common.TestId"><id type="System.Guid">d104a305-3e0f-711a-be2d-868fb5e95f17</id></testId></id><testName type="System.String">PurgeTest</testName><testType type="Microsoft.VisualStudio.TestTools.Common.TestType"><id type="System.Guid">13cdc9d9-ddb5-4fa4-a97d-d965ccfc6d4b</id></testType><messageKind type="Microsoft.VisualStudio.TestTools.Common.TestMessageKind"><value__ type="System.Int32">1</value__></messageKind><computerInfo type="Microsoft.VisualStudio.TestTools.Common.ComputerInfo"><m_computerName type="System.String">ECDATA-TFS01</m_computerName></computerInfo><duration type="System.TimeSpan">00:00:00.0073071</duration><startTime type="System.DateTime"><dateData type="System.UInt64">633673775011576596</dateData></startTime><endTime type="System.DateTime"><dateData type="System.UInt64">633673775011732856</dateData></endTime><spoolMessage type="System.Boolean">True</spoolMessage></UnitTestResult><UnitTestResult type="Microsoft.VisualStudio.TestTools.TestTypes.Unit.UnitTestResult, Microsoft.VisualStudio.QualityTools.Tips.UnitTest.ObjectModel, Version=8.0.0.0, Culture=neutral, PublicKeyToken=b03f5f7f11d50a3a"><resultType type="Microsoft.VisualStudio.TestTools.TestTypes.Unit.UnitTestResultType, Microsoft.VisualStudio.QualityTools.Tips.UnitTest.ObjectModel, Version=8.0.0.0, Culture=neutral, PublicKeyToken=b03f5f7f11d50a3a"><value__ type="System.Int32">0</value__></resultType><m_hasSufficientAccess type="System.Boolean">True</m_hasSufficientAccess><counters type="Microsoft.VisualStudio.TestTools.Common.TestResultCounter"><values type="System.Int32">0,0,0,0,0,0,0,0,0,0,0,0,0,0</values><total type="System.Int32">1</total></counters><categoryId type="Microsoft.VisualStudio.TestTools.Common.TestCategoryId"><id type="System.Guid">8c84fa94-04c1-424b-9868-57a2d4851a1d</id></categoryId><outcome type="Microsoft.VisualStudio.TestTools.Common.TestOutcome"><value__ type="System.Int32">1</value__></outcome><errorInfo type="Microsoft.VisualStudio.TestTools.Common.TestResultErrorInfo"><message type="System.String">Test method BrownShoe.UnitTests.Services.Profiles.AddressServiceTest.ReadTest threw exception:  System.Configuration.ConfigurationErrorsException: The type Microsoft.Practices.EnterpriseLibrary.ExceptionHandling.Logging.LoggingExceptionHandler, Microsoft.Practices.EnterpriseLibrary.ExceptionHandling.Logging, Version=2.0.0.0, Culture=neutral, PublicKeyToken=c834797fd9c628b4 from configuration could not be created. (E:\projects\brownshoe\unit_tests\product\srvtfs_ECDATA-TFS01 2009-01-12 11_17_41\Out\BrownShoe.UnitTests.DLL.config line 38).</message><stackTrace type="System.String">    at System.Configuration.BaseConfigurationRecord.EvaluateOne(String[] keys, SectionInput input, Boolean isTrusted, FactoryRecord factoryRecord, SectionRecord sectionRecord, Object parentResult)
   at System.Configuration.BaseConfigurationRecord.Evaluate(FactoryRecord factoryRecord, SectionRecord sectionRecord, Object parentResult, Boolean getLkg, Boolean getRuntimeObject, Object&amp; result, Object&amp; resultRuntimeObject)
   at System.Configuration.BaseConfigurationRecord.GetSectionRecursive(String configKey, Boolean getLkg, Boolean checkPermission, Boolean getRuntimeObject, Boolean requestIsHere, Object&amp; result, Object&amp; resultRuntimeObject)
   at System.Configuration.BaseConfigurationRecord.GetSectionRecursive(String configKey, Boolean getLkg, Boolean checkPermission, Boolean getRuntimeObject, Boolean requestIsHere, Object&amp; result, Object&amp; resultRuntimeObject)
   at System.Configuration.BaseConfigurationRecord.GetSectionRecursive(String configKey, Boolean getLkg, Boolean checkPermission, Boolean getRuntimeObject, Boolean requestIsHere, Object&amp; result, Object&amp; resultRuntimeObject)
   at System.Configuration.BaseConfigurationRecord.GetSection(String configKey, Boolean getLkg, Boolean checkPermission)
   at System.Configuration.BaseConfigurationRecord.GetSection(String configKey)
   at System.Configuration.ClientConfigurationSystem.System.Configuration.Internal.IInternalConfigSystem.GetSection(String sectionName)
   at System.Configuration.ConfigurationManager.GetSection(String sectionName)
   at Microsoft.Practices.EnterpriseLibrary.Common.Configuration.SystemConfigurationSourceImplementation.GetSection(String sectionName)
   at Microsoft.Practices.EnterpriseLibrary.Common.Configuration.SystemConfigurationSource.GetSection(String sectionName)
   at Microsoft.Practices.EnterpriseLibrary.ExceptionHandling.Configuration.ExceptionHandlingSettings.GetExceptionHandlingSettings(IConfigurationSource configurationSource)
   at Microsoft.Practices.EnterpriseLibrary.ExceptionHandling.ExceptionHandlingConfigurationView.get_ExceptionHandlingSettings()
   at Microsoft.Practices.EnterpriseLibrary.ExceptionHandling.ExceptionHandlingConfigurationView.GetExceptionPolicyData(String policyName)
   at Microsoft.Practices.EnterpriseLibrary.ExceptionHandling.ExceptionPolicyCustomFactory.GetConfiguration(String id, IConfigurationSource configurationSource)
   at Microsoft.Practices.EnterpriseLibrary.ExceptionHandling.ExceptionPolicyCustomFactory.CreateObject(IBuilderContext context, String name, IConfigurationSource configurationSource, ConfigurationReflectionCache reflectionCache)
   at Microsoft.Practices.EnterpriseLibrary.Common.Configuration.ObjectBuilder.ConfiguredObjectStrategy.BuildUp(IBuilderContext context, Type t, Object existing, String id)
   at Microsoft.Practices.ObjectBuilder.BuilderStrategy.BuildUp(IBuilderContext context, Type typeToBuild, Object existing, String idToBuild)
   at Microsoft.Practices.ObjectBuilder.SingletonStrategy.BuildUp(IBuilderContext context, Type typeToBuild, Object existing, String idToBuild)
   at Microsoft.Practices.ObjectBuilder.BuilderStrategy.BuildUp(IBuilderContext context, Type typeToBuild, Object existing, String idToBuild)
   at Microsoft.Practices.EnterpriseLibrary.Common.Configuration.ObjectBuilder.ConfigurationNameMappingStrategy.BuildUp(IBuilderContext context, Type t, Object existing, String id)
   at Microsoft.Practices.ObjectBuilder.BuilderBase`1.DoBuildUp(IReadWriteLocator locator, Type typeToBuild, String idToBuild, Object existing, PolicyList[] transientPolicies)
   at Microsoft.Practices.ObjectBuilder.BuilderBase`1.BuildUp(IReadWriteLocator locator, Type typeToBuild, String idToBuild, Object existing, PolicyList[] transientPolicies)
   at Microsoft.Practices.ObjectBuilder.BuilderBase`1.BuildUp[TTypeToBuild](IReadWriteLocator locator, String idToBuild, Object existing, PolicyList[] transientPolicies)
   at Microsoft.Practices.EnterpriseLibrary.Common.Configuration.ObjectBuilder.EnterpriseLibraryFactory.BuildUp[T](IReadWriteLocator locator, String id, IConfigurationSource configurationSource)
   at Microsoft.Practices.EnterpriseLibrary.Common.Configuration.ObjectBuilder.LocatorNameTypeFactoryBase`1.Create(String name)
   at Microsoft.Practices.EnterpriseLibrary.ExceptionHandling.ExceptionPolicy.GetExceptionPolicy(Exception exception, String policyName)
   at Microsoft.Practices.EnterpriseLibrary.ExceptionHandling.ExceptionPolicy.HandleException(Exception exceptionToHandle, String policyName)
   at BrownShoe.ExceptionPolicy.HandleException(Exception exc) in e:\projects\brownshoe\unit_tests\product\src\BrownShoe\Libraries\Core\ExceptionPolicies.cs:line 117
   at BrownShoe.Profiles.AddressService.Create() in e:\projects\brownshoe\unit_tests\product\src\BrownShoe\Libraries\Services\Profiles\AddressService.cs:line 55
   at BrownShoe.UnitTests.Services.Profiles.AddressServiceTest.ReadTest()
</stackTrace></errorInfo><traceInfo type="Microsoft.VisualStudio.TestTools.Common.TestExecutionTraceInformation"><trace type="System.Text.StringBuilder">Creating instance of class BrownShoe.UnitTests.Services.Profiles.AddressServiceTest.
Calling Test method BrownShoe.UnitTests.Services.Profiles.AddressServiceTest.Microsoft.VisualStudio.TestTools.TestTypes.Unit.TestMethod.
</trace></traceInfo><stdout type="System.String" /><stderr type="System.String" /><debugTrace type="System.String" /><workItemIds type="System.Collections.Generic.List`1[[System.Int32, mscorlib, Version=2.0.0.0, Culture=neutral, PublicKeyToken=b77a5c561934e089]]"><_size type="System.Int32">0</_size><_version type="System.Int32">1</_version></workItemIds><id type="Microsoft.VisualStudio.TestTools.Common.TestResultId"><runId type="System.Guid">3d9a8baa-b9cb-4717-8a94-3c6445344217</runId><executionId type="Microsoft.VisualStudio.TestTools.Common.TestExecId"><id type="System.Guid">d94c0e1f-abac-4be1-9a45-ef91ae56a127</id></executionId><parentExecId type="Microsoft.VisualStudio.TestTools.Common.TestExecId"><id type="System.Guid">00000000-0000-0000-0000-000000000000</id></parentExecId><testId type="Microsoft.VisualStudio.TestTools.Common.TestId"><id type="System.Guid">e957becf-ffcd-efca-398d-a469b433dce1</id></testId></id><testName type="System.String">ReadTest</testName><testType type="Microsoft.VisualStudio.TestTools.Common.TestType"><id type="System.Guid">13cdc9d9-ddb5-4fa4-a97d-d965ccfc6d4b</id></testType><messageKind type="Microsoft.VisualStudio.TestTools.Common.TestMessageKind"><value__ type="System.Int32">1</value__></messageKind><computerInfo type="Microsoft.VisualStudio.TestTools.Common.ComputerInfo"><m_computerName type="System.String">ECDATA-TFS01</m_computerName></computerInfo><duration type="System.TimeSpan">00:00:00.0105708</duration><startTime type="System.DateTime"><dateData type="System.UInt64">633673775011732856</dateData></startTime><endTime type="System.DateTime"><dateData type="System.UInt64">633673775011889116</dateData></endTime><spoolMessage type="System.Boolean">True</spoolMessage></UnitTestResult><UnitTestResult type="Microsoft.VisualStudio.TestTools.TestTypes.Unit.UnitTestResult, Microsoft.VisualStudio.QualityTools.Tips.UnitTest.ObjectModel, Version=8.0.0.0, Culture=neutral, PublicKeyToken=b03f5f7f11d50a3a"><resultType type="Microsoft.VisualStudio.TestTools.TestTypes.Unit.UnitTestResultType, Microsoft.VisualStudio.QualityTools.Tips.UnitTest.ObjectModel, Version=8.0.0.0, Culture=neutral, PublicKeyToken=b03f5f7f11d50a3a"><value__ type="System.Int32">0</value__></resultType><m_hasSufficientAccess type="System.Boolean">True</m_hasSufficientAccess><counters type="Microsoft.VisualStudio.TestTools.Common.TestResultCounter"><values type="System.Int32">0,0,0,0,0,0,0,0,0,0,0,0,0,0</values><total type="System.Int32">1</total></counters><categoryId type="Microsoft.VisualStudio.TestTools.Common.TestCategoryId"><id type="System.Guid">8c84fa94-04c1-424b-9868-57a2d4851a1d</id></categoryId><outcome type="Microsoft.VisualStudio.TestTools.Common.TestOutcome"><value__ type="System.Int32">1</value__></outcome><errorInfo type="Microsoft.VisualStudio.TestTools.Common.TestResultErrorInfo"><message type="System.String">Test method BrownShoe.UnitTests.Services.Profiles.AddressServiceTest.UpdateTest threw exception:  System.Configuration.ConfigurationErrorsException: The type Microsoft.Practices.EnterpriseLibrary.ExceptionHandling.Logging.LoggingExceptionHandler, Microsoft.Practices.EnterpriseLibrary.ExceptionHandling.Logging, Version=2.0.0.0, Culture=neutral, PublicKeyToken=c834797fd9c628b4 from configuration could not be created. (E:\projects\brownshoe\unit_tests\product\srvtfs_ECDATA-TFS01 2009-01-12 11_17_41\Out\BrownShoe.UnitTests.DLL.config line 38).</message><stackTrace type="System.String">    at System.Configuration.BaseConfigurationRecord.EvaluateOne(String[] keys, SectionInput input, Boolean isTrusted, FactoryRecord factoryRecord, SectionRecord sectionRecord, Object parentResult)
   at System.Configuration.BaseConfigurationRecord.Evaluate(FactoryRecord factoryRecord, SectionRecord sectionRecord, Object parentResult, Boolean getLkg, Boolean getRuntimeObject, Object&amp; result, Object&amp; resultRuntimeObject)
   at System.Configuration.BaseConfigurationRecord.GetSectionRecursive(String configKey, Boolean getLkg, Boolean checkPermission, Boolean getRuntimeObject, Boolean requestIsHere, Object&amp; result, Object&amp; resultRuntimeObject)
   at System.Configuration.BaseConfigurationRecord.GetSectionRecursive(String configKey, Boolean getLkg, Boolean checkPermission, Boolean getRuntimeObject, Boolean requestIsHere, Object&amp; result, Object&amp; resultRuntimeObject)
   at System.Configuration.BaseConfigurationRecord.GetSectionRecursive(String configKey, Boolean getLkg, Boolean checkPermission, Boolean getRuntimeObject, Boolean requestIsHere, Object&amp; result, Object&amp; resultRuntimeObject)
   at System.Configuration.BaseConfigurationRecord.GetSection(String configKey, Boolean getLkg, Boolean checkPermission)
   at System.Configuration.BaseConfigurationRecord.GetSection(String configKey)
   at System.Configuration.ClientConfigurationSystem.System.Configuration.Internal.IInternalConfigSystem.GetSection(String sectionName)
   at System.Configuration.ConfigurationManager.GetSection(String sectionName)
   at Microsoft.Practices.EnterpriseLibrary.Common.Configuration.SystemConfigurationSourceImplementation.GetSection(String sectionName)
   at Microsoft.Practices.EnterpriseLibrary.Common.Configuration.SystemConfigurationSource.GetSection(String sectionName)
   at Microsoft.Practices.EnterpriseLibrary.ExceptionHandling.Configuration.ExceptionHandlingSettings.GetExceptionHandlingSettings(IConfigurationSource configurationSource)
   at Microsoft.Practices.EnterpriseLibrary.ExceptionHandling.ExceptionHandlingConfigurationView.get_ExceptionHandlingSettings()
   at Microsoft.Practices.EnterpriseLibrary.ExceptionHandling.ExceptionHandlingConfigurationView.GetExceptionPolicyData(String policyName)
   at Microsoft.Practices.EnterpriseLibrary.ExceptionHandling.ExceptionPolicyCustomFactory.GetConfiguration(String id, IConfigurationSource configurationSource)
   at Microsoft.Practices.EnterpriseLibrary.ExceptionHandling.ExceptionPolicyCustomFactory.CreateObject(IBuilderContext context, String name, IConfigurationSource configurationSource, ConfigurationReflectionCache reflectionCache)
   at Microsoft.Practices.EnterpriseLibrary.Common.Configuration.ObjectBuilder.ConfiguredObjectStrategy.BuildUp(IBuilderContext context, Type t, Object existing, String id)
   at Microsoft.Practices.ObjectBuilder.BuilderStrategy.BuildUp(IBuilderContext context, Type typeToBuild, Object existing, String idToBuild)
   at Microsoft.Practices.ObjectBuilder.SingletonStrategy.BuildUp(IBuilderContext context, Type typeToBuild, Object existing, String idToBuild)
   at Microsoft.Practices.ObjectBuilder.BuilderStrategy.BuildUp(IBuilderContext context, Type typeToBuild, Object existing, String idToBuild)
   at Microsoft.Practices.EnterpriseLibrary.Common.Configuration.ObjectBuilder.ConfigurationNameMappingStrategy.BuildUp(IBuilderContext context, Type t, Object existing, String id)
   at Microsoft.Practices.ObjectBuilder.BuilderBase`1.DoBuildUp(IReadWriteLocator locator, Type typeToBuild, String idToBuild, Object existing, PolicyList[] transientPolicies)
   at Microsoft.Practices.ObjectBuilder.BuilderBase`1.BuildUp(IReadWriteLocator locator, Type typeToBuild, String idToBuild, Object existing, PolicyList[] transientPolicies)
   at Microsoft.Practices.ObjectBuilder.BuilderBase`1.BuildUp[TTypeToBuild](IReadWriteLocator locator, String idToBuild, Object existing, PolicyList[] transientPolicies)
   at Microsoft.Practices.EnterpriseLibrary.Common.Configuration.ObjectBuilder.EnterpriseLibraryFactory.BuildUp[T](IReadWriteLocator locator, String id, IConfigurationSource configurationSource)
   at Microsoft.Practices.EnterpriseLibrary.Common.Configuration.ObjectBuilder.LocatorNameTypeFactoryBase`1.Create(String name)
   at Microsoft.Practices.EnterpriseLibrary.ExceptionHandling.ExceptionPolicy.GetExceptionPolicy(Exception exception, String policyName)
   at Microsoft.Practices.EnterpriseLibrary.ExceptionHandling.ExceptionPolicy.HandleException(Exception exceptionToHandle, String policyName)
   at BrownShoe.ExceptionPolicy.HandleException(Exception exc) in e:\projects\brownshoe\unit_tests\product\src\BrownShoe\Libraries\Core\ExceptionPolicies.cs:line 117
   at BrownShoe.Profiles.AddressService.Create() in e:\projects\brownshoe\unit_tests\product\src\BrownShoe\Libraries\Services\Profiles\AddressService.cs:line 55
   at BrownShoe.UnitTests.Services.Profiles.AddressServiceTest.UpdateTest()
</stackTrace></errorInfo><traceInfo type="Microsoft.VisualStudio.TestTools.Common.TestExecutionTraceInformation"><trace type="System.Text.StringBuilder">Creating instance of class BrownShoe.UnitTests.Services.Profiles.AddressServiceTest.
Calling Test method BrownShoe.UnitTests.Services.Profiles.AddressServiceTest.Microsoft.VisualStudio.TestTools.TestTypes.Unit.TestMethod.
</trace></traceInfo><stdout type="System.String" /><stderr type="System.String" /><debugTrace type="System.String" /><workItemIds type="System.Collections.Generic.List`1[[System.Int32, mscorlib, Version=2.0.0.0, Culture=neutral, PublicKeyToken=b77a5c561934e089]]"><_size type="System.Int32">0</_size><_version type="System.Int32">1</_version></workItemIds><id type="Microsoft.VisualStudio.TestTools.Common.TestResultId"><runId type="System.Guid">3d9a8baa-b9cb-4717-8a94-3c6445344217</runId><executionId type="Microsoft.VisualStudio.TestTools.Common.TestExecId"><id type="System.Guid">c87b6919-28cf-4eef-b6f5-85137fb42d04</id></executionId><parentExecId type="Microsoft.VisualStudio.TestTools.Common.TestExecId"><id type="System.Guid">00000000-0000-0000-0000-000000000000</id></parentExecId><testId type="Microsoft.VisualStudio.TestTools.Common.TestId"><id type="System.Guid">f57f24b9-19c5-77f1-1040-de24c3077fd2</id></testId></id><testName type="System.String">UpdateTest</testName><testType type="Microsoft.VisualStudio.TestTools.Common.TestType"><id type="System.Guid">13cdc9d9-ddb5-4fa4-a97d-d965ccfc6d4b</id></testType><messageKind type="Microsoft.VisualStudio.TestTools.Common.TestMessageKind"><value__ type="System.Int32">1</value__></messageKind><computerInfo type="Microsoft.VisualStudio.TestTools.Common.ComputerInfo"><m_computerName type="System.String">ECDATA-TFS01</m_computerName></computerInfo><duration type="System.TimeSpan">00:00:00.0097695</duration><startTime type="System.DateTime"><dateData type="System.UInt64">633673775011889116</dateData></startTime><endTime type="System.DateTime"><dateData type="System.UInt64">633673775012045376</dateData></endTime><spoolMessage type="System.Boolean">True</spoolMessage></UnitTestResult><UnitTestResult type="Microsoft.VisualStudio.TestTools.TestTypes.Unit.UnitTestResult, Microsoft.VisualStudio.QualityTools.Tips.UnitTest.ObjectModel, Version=8.0.0.0, Culture=neutral, PublicKeyToken=b03f5f7f11d50a3a"><resultType type="Microsoft.VisualStudio.TestTools.TestTypes.Unit.UnitTestResultType, Microsoft.VisualStudio.QualityTools.Tips.UnitTest.ObjectModel, Version=8.0.0.0, Culture=neutral, PublicKeyToken=b03f5f7f11d50a3a"><value__ type="System.Int32">0</value__></resultType><m_hasSufficientAccess type="System.Boolean">True</m_hasSufficientAccess><counters type="Microsoft.VisualStudio.TestTools.Common.TestResultCounter"><values type="System.Int32">0,0,0,0,0,0,0,0,0,0,0,0,0,0</values><total type="System.Int32">1</total></counters><categoryId type="Microsoft.VisualStudio.TestTools.Common.TestCategoryId"><id type="System.Guid">8c84fa94-04c1-424b-9868-57a2d4851a1d</id></categoryId><outcome type="Microsoft.VisualStudio.TestTools.Common.TestOutcome"><value__ type="System.Int32">1</value__></outcome><errorInfo type="Microsoft.VisualStudio.TestTools.Common.TestResultErrorInfo"><message type="System.String">Test method BrownShoe.UnitTests.Services.Profiles.CreditCardServiceTest.CreateTest threw exception:  System.Configuration.ConfigurationErrorsException: The type Microsoft.Practices.EnterpriseLibrary.ExceptionHandling.Logging.LoggingExceptionHandler, Microsoft.Practices.EnterpriseLibrary.ExceptionHandling.Logging, Version=2.0.0.0, Culture=neutral, PublicKeyToken=c834797fd9c628b4 from configuration could not be created. (E:\projects\brownshoe\unit_tests\product\srvtfs_ECDATA-TFS01 2009-01-12 11_17_41\Out\BrownShoe.UnitTests.DLL.config line 38).</message><stackTrace type="System.String">    at System.Configuration.BaseConfigurationRecord.EvaluateOne(String[] keys, SectionInput input, Boolean isTrusted, FactoryRecord factoryRecord, SectionRecord sectionRecord, Object parentResult)
   at System.Configuration.BaseConfigurationRecord.Evaluate(FactoryRecord factoryRecord, SectionRecord sectionRecord, Object parentResult, Boolean getLkg, Boolean getRuntimeObject, Object&amp; result, Object&amp; resultRuntimeObject)
   at System.Configuration.BaseConfigurationRecord.GetSectionRecursive(String configKey, Boolean getLkg, Boolean checkPermission, Boolean getRuntimeObject, Boolean requestIsHere, Object&amp; result, Object&amp; resultRuntimeObject)
   at System.Configuration.BaseConfigurationRecord.GetSectionRecursive(String configKey, Boolean getLkg, Boolean checkPermission, Boolean getRuntimeObject, Boolean requestIsHere, Object&amp; result, Object&amp; resultRuntimeObject)
   at System.Configuration.BaseConfigurationRecord.GetSectionRecursive(String configKey, Boolean getLkg, Boolean checkPermission, Boolean getRuntimeObject, Boolean requestIsHere, Object&amp; result, Object&amp; resultRuntimeObject)
   at System.Configuration.BaseConfigurationRecord.GetSection(String configKey, Boolean getLkg, Boolean checkPermission)
   at System.Configuration.BaseConfigurationRecord.GetSection(String configKey)
   at System.Configuration.ClientConfigurationSystem.System.Configuration.Internal.IInternalConfigSystem.GetSection(String sectionName)
   at System.Configuration.ConfigurationManager.GetSection(String sectionName)
   at Microsoft.Practices.EnterpriseLibrary.Common.Configuration.SystemConfigurationSourceImplementation.GetSection(String sectionName)
   at Microsoft.Practices.EnterpriseLibrary.Common.Configuration.SystemConfigurationSource.GetSection(String sectionName)
   at Microsoft.Practices.EnterpriseLibrary.ExceptionHandling.Configuration.ExceptionHandlingSettings.GetExceptionHandlingSettings(IConfigurationSource configurationSource)
   at Microsoft.Practices.EnterpriseLibrary.ExceptionHandling.ExceptionHandlingConfigurationView.get_ExceptionHandlingSettings()
   at Microsoft.Practices.EnterpriseLibrary.ExceptionHandling.ExceptionHandlingConfigurationView.GetExceptionPolicyData(String policyName)
   at Microsoft.Practices.EnterpriseLibrary.ExceptionHandling.ExceptionPolicyCustomFactory.GetConfiguration(String id, IConfigurationSource configurationSource)
   at Microsoft.Practices.EnterpriseLibrary.ExceptionHandling.ExceptionPolicyCustomFactory.CreateObject(IBuilderContext context, String name, IConfigurationSource configurationSource, ConfigurationReflectionCache reflectionCache)
   at Microsoft.Practices.EnterpriseLibrary.Common.Configuration.ObjectBuilder.ConfiguredObjectStrategy.BuildUp(IBuilderContext context, Type t, Object existing, String id)
   at Microsoft.Practices.ObjectBuilder.BuilderStrategy.BuildUp(IBuilderContext context, Type typeToBuild, Object existing, String idToBuild)
   at Microsoft.Practices.ObjectBuilder.SingletonStrategy.BuildUp(IBuilderContext context, Type typeToBuild, Object existing, String idToBuild)
   at Microsoft.Practices.ObjectBuilder.BuilderStrategy.BuildUp(IBuilderContext context, Type typeToBuild, Object existing, String idToBuild)
   at Microsoft.Practices.EnterpriseLibrary.Common.Configuration.ObjectBuilder.ConfigurationNameMappingStrategy.BuildUp(IBuilderContext context, Type t, Object existing, String id)
   at Microsoft.Practices.ObjectBuilder.BuilderBase`1.DoBuildUp(IReadWriteLocator locator, Type typeToBuild, String idToBuild, Object existing, PolicyList[] transientPolicies)
   at Microsoft.Practices.ObjectBuilder.BuilderBase`1.BuildUp(IReadWriteLocator locator, Type typeToBuild, String idToBuild, Object existing, PolicyList[] transientPolicies)
   at Microsoft.Practices.ObjectBuilder.BuilderBase`1.BuildUp[TTypeToBuild](IReadWriteLocator locator, String idToBuild, Object existing, PolicyList[] transientPolicies)
   at Microsoft.Practices.EnterpriseLibrary.Common.Configuration.ObjectBuilder.EnterpriseLibraryFactory.BuildUp[T](IReadWriteLocator locator, String id, IConfigurationSource configurationSource)
   at Microsoft.Practices.EnterpriseLibrary.Common.Configuration.ObjectBuilder.LocatorNameTypeFactoryBase`1.Create(String name)
   at Microsoft.Practices.EnterpriseLibrary.ExceptionHandling.ExceptionPolicy.GetExceptionPolicy(Exception exception, String policyName)
   at Microsoft.Practices.EnterpriseLibrary.ExceptionHandling.ExceptionPolicy.HandleException(Exception exceptionToHandle, String policyName)
   at BrownShoe.ExceptionPolicy.HandleException(Exception exc) in e:\projects\brownshoe\unit_tests\product\src\BrownShoe\Libraries\Core\ExceptionPolicies.cs:line 117
   at BrownShoe.Profiles.CreditCardService.Create() in e:\projects\brownshoe\unit_tests\product\src\BrownShoe\Libraries\Services\Profiles\CreditCardService.cs:line 45
   at BrownShoe.UnitTests.Services.Profiles.CreditCardServiceTest.CreateTest()
</stackTrace></errorInfo><traceInfo type="Microsoft.VisualStudio.TestTools.Common.TestExecutionTraceInformation"><trace type="System.Text.StringBuilder">Creating instance of class BrownShoe.UnitTests.Services.Profiles.CreditCardServiceTest.
Calling Test method BrownShoe.UnitTests.Services.Profiles.CreditCardServiceTest.Microsoft.VisualStudio.TestTools.TestTypes.Unit.TestMethod.
</trace></traceInfo><stdout type="System.String" /><stderr type="System.String" /><debugTrace type="System.String" /><workItemIds type="System.Collections.Generic.List`1[[System.Int32, mscorlib, Version=2.0.0.0, Culture=neutral, PublicKeyToken=b77a5c561934e089]]"><_size type="System.Int32">0</_size><_version type="System.Int32">1</_version></workItemIds><id type="Microsoft.VisualStudio.TestTools.Common.TestResultId"><runId type="System.Guid">3d9a8baa-b9cb-4717-8a94-3c6445344217</runId><executionId type="Microsoft.VisualStudio.TestTools.Common.TestExecId"><id type="System.Guid">3bc560c3-7b15-4a26-9d85-a23a843991db</id></executionId><parentExecId type="Microsoft.VisualStudio.TestTools.Common.TestExecId"><id type="System.Guid">00000000-0000-0000-0000-000000000000</id></parentExecId><testId type="Microsoft.VisualStudio.TestTools.Common.TestId"><id type="System.Guid">7f159457-06c8-21f4-2bce-9ce56e35e115</id></testId></id><testName type="System.String">CreateTest</testName><testType type="Microsoft.VisualStudio.TestTools.Common.TestType"><id type="System.Guid">13cdc9d9-ddb5-4fa4-a97d-d965ccfc6d4b</id></testType><messageKind type="Microsoft.VisualStudio.TestTools.Common.TestMessageKind"><value__ type="System.Int32">1</value__></messageKind><computerInfo type="Microsoft.VisualStudio.TestTools.Common.ComputerInfo"><m_computerName type="System.String">ECDATA-TFS01</m_computerName></computerInfo><duration type="System.TimeSpan">00:00:00.0092003</duration><startTime type="System.DateTime"><dateData type="System.UInt64">633673775012045376</dateData></startTime><endTime type="System.DateTime"><dateData type="System.UInt64">633673775012201636</dateData></endTime><spoolMessage type="System.Boolean">True</spoolMessage></UnitTestResult><UnitTestResult type="Microsoft.VisualStudio.TestTools.TestTypes.Unit.UnitTestResult, Microsoft.VisualStudio.QualityTools.Tips.UnitTest.ObjectModel, Version=8.0.0.0, Culture=neutral, PublicKeyToken=b03f5f7f11d50a3a"><resultType type="Microsoft.VisualStudio.TestTools.TestTypes.Unit.UnitTestResultType, Microsoft.VisualStudio.QualityTools.Tips.UnitTest.ObjectModel, Version=8.0.0.0, Culture=neutral, PublicKeyToken=b03f5f7f11d50a3a"><value__ type="System.Int32">0</value__></resultType><m_hasSufficientAccess type="System.Boolean">True</m_hasSufficientAccess><counters type="Microsoft.VisualStudio.TestTools.Common.TestResultCounter"><values type="System.Int32">0,0,0,0,0,0,0,0,0,0,0,0,0,0</values><total type="System.Int32">1</total></counters><categoryId type="Microsoft.VisualStudio.TestTools.Common.TestCategoryId"><id type="System.Guid">8c84fa94-04c1-424b-9868-57a2d4851a1d</id></categoryId><outcome type="Microsoft.VisualStudio.TestTools.Common.TestOutcome"><value__ type="System.Int32">1</value__></outcome><errorInfo type="Microsoft.VisualStudio.TestTools.Common.TestResultErrorInfo"><message type="System.String">Test method BrownShoe.UnitTests.Services.Profiles.CreditCardServiceTest.DeleteTest threw exception:  System.Configuration.ConfigurationErrorsException: The type Microsoft.Practices.EnterpriseLibrary.ExceptionHandling.Logging.LoggingExceptionHandler, Microsoft.Practices.EnterpriseLibrary.ExceptionHandling.Logging, Version=2.0.0.0, Culture=neutral, PublicKeyToken=c834797fd9c628b4 from configuration could not be created. (E:\projects\brownshoe\unit_tests\product\srvtfs_ECDATA-TFS01 2009-01-12 11_17_41\Out\BrownShoe.UnitTests.DLL.config line 38).</message><stackTrace type="System.String">    at System.Configuration.BaseConfigurationRecord.EvaluateOne(String[] keys, SectionInput input, Boolean isTrusted, FactoryRecord factoryRecord, SectionRecord sectionRecord, Object parentResult)
   at System.Configuration.BaseConfigurationRecord.Evaluate(FactoryRecord factoryRecord, SectionRecord sectionRecord, Object parentResult, Boolean getLkg, Boolean getRuntimeObject, Object&amp; result, Object&amp; resultRuntimeObject)
   at System.Configuration.BaseConfigurationRecord.GetSectionRecursive(String configKey, Boolean getLkg, Boolean checkPermission, Boolean getRuntimeObject, Boolean requestIsHere, Object&amp; result, Object&amp; resultRuntimeObject)
   at System.Configuration.BaseConfigurationRecord.GetSectionRecursive(String configKey, Boolean getLkg, Boolean checkPermission, Boolean getRuntimeObject, Boolean requestIsHere, Object&amp; result, Object&amp; resultRuntimeObject)
   at System.Configuration.BaseConfigurationRecord.GetSectionRecursive(String configKey, Boolean getLkg, Boolean checkPermission, Boolean getRuntimeObject, Boolean requestIsHere, Object&amp; result, Object&amp; resultRuntimeObject)
   at System.Configuration.BaseConfigurationRecord.GetSection(String configKey, Boolean getLkg, Boolean checkPermission)
   at System.Configuration.BaseConfigurationRecord.GetSection(String configKey)
   at System.Configuration.ClientConfigurationSystem.System.Configuration.Internal.IInternalConfigSystem.GetSection(String sectionName)
   at System.Configuration.ConfigurationManager.GetSection(String sectionName)
   at Microsoft.Practices.EnterpriseLibrary.Common.Configuration.SystemConfigurationSourceImplementation.GetSection(String sectionName)
   at Microsoft.Practices.EnterpriseLibrary.Common.Configuration.SystemConfigurationSource.GetSection(String sectionName)
   at Microsoft.Practices.EnterpriseLibrary.ExceptionHandling.Configuration.ExceptionHandlingSettings.GetExceptionHandlingSettings(IConfigurationSource configurationSource)
   at Microsoft.Practices.EnterpriseLibrary.ExceptionHandling.ExceptionHandlingConfigurationView.get_ExceptionHandlingSettings()
   at Microsoft.Practices.EnterpriseLibrary.ExceptionHandling.ExceptionHandlingConfigurationView.GetExceptionPolicyData(String policyName)
   at Microsoft.Practices.EnterpriseLibrary.ExceptionHandling.ExceptionPolicyCustomFactory.GetConfiguration(String id, IConfigurationSource configurationSource)
   at Microsoft.Practices.EnterpriseLibrary.ExceptionHandling.ExceptionPolicyCustomFactory.CreateObject(IBuilderContext context, String name, IConfigurationSource configurationSource, ConfigurationReflectionCache reflectionCache)
   at Microsoft.Practices.EnterpriseLibrary.Common.Configuration.ObjectBuilder.ConfiguredObjectStrategy.BuildUp(IBuilderContext context, Type t, Object existing, String id)
   at Microsoft.Practices.ObjectBuilder.BuilderStrategy.BuildUp(IBuilderContext context, Type typeToBuild, Object existing, String idToBuild)
   at Microsoft.Practices.ObjectBuilder.SingletonStrategy.BuildUp(IBuilderContext context, Type typeToBuild, Object existing, String idToBuild)
   at Microsoft.Practices.ObjectBuilder.BuilderStrategy.BuildUp(IBuilderContext context, Type typeToBuild, Object existing, String idToBuild)
   at Microsoft.Practices.EnterpriseLibrary.Common.Configuration.ObjectBuilder.ConfigurationNameMappingStrategy.BuildUp(IBuilderContext context, Type t, Object existing, String id)
   at Microsoft.Practices.ObjectBuilder.BuilderBase`1.DoBuildUp(IReadWriteLocator locator, Type typeToBuild, String idToBuild, Object existing, PolicyList[] transientPolicies)
   at Microsoft.Practices.ObjectBuilder.BuilderBase`1.BuildUp(IReadWriteLocator locator, Type typeToBuild, String idToBuild, Object existing, PolicyList[] transientPolicies)
   at Microsoft.Practices.ObjectBuilder.BuilderBase`1.BuildUp[TTypeToBuild](IReadWriteLocator locator, String idToBuild, Object existing, PolicyList[] transientPolicies)
   at Microsoft.Practices.EnterpriseLibrary.Common.Configuration.ObjectBuilder.EnterpriseLibraryFactory.BuildUp[T](IReadWriteLocator locator, String id, IConfigurationSource configurationSource)
   at Microsoft.Practices.EnterpriseLibrary.Common.Configuration.ObjectBuilder.LocatorNameTypeFactoryBase`1.Create(String name)
   at Microsoft.Practices.EnterpriseLibrary.ExceptionHandling.ExceptionPolicy.GetExceptionPolicy(Exception exception, String policyName)
   at Microsoft.Practices.EnterpriseLibrary.ExceptionHandling.ExceptionPolicy.HandleException(Exception exceptionToHandle, String policyName)
   at BrownShoe.ExceptionPolicy.HandleException(Exception exc) in e:\projects\brownshoe\unit_tests\product\src\BrownShoe\Libraries\Core\ExceptionPolicies.cs:line 117
   at BrownShoe.Profiles.CreditCardService.Create() in e:\projects\brownshoe\unit_tests\product\src\BrownShoe\Libraries\Services\Profiles\CreditCardService.cs:line 45
   at BrownShoe.UnitTests.Services.Profiles.CreditCardServiceTest.DeleteTest()
</stackTrace></errorInfo><traceInfo type="Microsoft.VisualStudio.TestTools.Common.TestExecutionTraceInformation"><trace type="System.Text.StringBuilder">Creating instance of class BrownShoe.UnitTests.Services.Profiles.CreditCardServiceTest.
Calling Test method BrownShoe.UnitTests.Services.Profiles.CreditCardServiceTest.Microsoft.VisualStudio.TestTools.TestTypes.Unit.TestMethod.
</trace></traceInfo><stdout type="System.String" /><stderr type="System.String" /><debugTrace type="System.String" /><workItemIds type="System.Collections.Generic.List`1[[System.Int32, mscorlib, Version=2.0.0.0, Culture=neutral, PublicKeyToken=b77a5c561934e089]]"><_size type="System.Int32">0</_size><_version type="System.Int32">1</_version></workItemIds><id type="Microsoft.VisualStudio.TestTools.Common.TestResultId"><runId type="System.Guid">3d9a8baa-b9cb-4717-8a94-3c6445344217</runId><executionId type="Microsoft.VisualStudio.TestTools.Common.TestExecId"><id type="System.Guid">d1e0e1f5-8c6f-492b-8113-7717d32aa0f4</id></executionId><parentExecId type="Microsoft.VisualStudio.TestTools.Common.TestExecId"><id type="System.Guid">00000000-0000-0000-0000-000000000000</id></parentExecId><testId type="Microsoft.VisualStudio.TestTools.Common.TestId"><id type="System.Guid">4bf3f74a-77d2-527d-b34e-a172257e7115</id></testId></id><testName type="System.String">DeleteTest</testName><testType type="Microsoft.VisualStudio.TestTools.Common.TestType"><id type="System.Guid">13cdc9d9-ddb5-4fa4-a97d-d965ccfc6d4b</id></testType><messageKind type="Microsoft.VisualStudio.TestTools.Common.TestMessageKind"><value__ type="System.Int32">1</value__></messageKind><computerInfo type="Microsoft.VisualStudio.TestTools.Common.ComputerInfo"><m_computerName type="System.String">ECDATA-TFS01</m_computerName></computerInfo><duration type="System.TimeSpan">00:00:00.0072114</duration><startTime type="System.DateTime"><dateData type="System.UInt64">633673775012201636</dateData></startTime><endTime type="System.DateTime"><dateData type="System.UInt64">633673775012201636</dateData></endTime><spoolMessage type="System.Boolean">True</spoolMessage></UnitTestResult><UnitTestResult type="Microsoft.VisualStudio.TestTools.TestTypes.Unit.UnitTestResult, Microsoft.VisualStudio.QualityTools.Tips.UnitTest.ObjectModel, Version=8.0.0.0, Culture=neutral, PublicKeyToken=b03f5f7f11d50a3a"><resultType type="Microsoft.VisualStudio.TestTools.TestTypes.Unit.UnitTestResultType, Microsoft.VisualStudio.QualityTools.Tips.UnitTest.ObjectModel, Version=8.0.0.0, Culture=neutral, PublicKeyToken=b03f5f7f11d50a3a"><value__ type="System.Int32">0</value__></resultType><m_hasSufficientAccess type="System.Boolean">True</m_hasSufficientAccess><counters type="Microsoft.VisualStudio.TestTools.Common.TestResultCounter"><values type="System.Int32">0,0,0,0,0,0,0,0,0,0,0,0,0,0</values><total type="System.Int32">1</total></counters><categoryId type="Microsoft.VisualStudio.TestTools.Common.TestCategoryId"><id type="System.Guid">8c84fa94-04c1-424b-9868-57a2d4851a1d</id></categoryId><outcome type="Microsoft.VisualStudio.TestTools.Common.TestOutcome"><value__ type="System.Int32">1</value__></outcome><errorInfo type="Microsoft.VisualStudio.TestTools.Common.TestResultErrorInfo"><message type="System.String">Test method BrownShoe.UnitTests.Services.Profiles.CreditCardServiceTest.ReadTest threw exception:  System.Configuration.ConfigurationErrorsException: The type Microsoft.Practices.EnterpriseLibrary.ExceptionHandling.Logging.LoggingExceptionHandler, Microsoft.Practices.EnterpriseLibrary.ExceptionHandling.Logging, Version=2.0.0.0, Culture=neutral, PublicKeyToken=c834797fd9c628b4 from configuration could not be created. (E:\projects\brownshoe\unit_tests\product\srvtfs_ECDATA-TFS01 2009-01-12 11_17_41\Out\BrownShoe.UnitTests.DLL.config line 38).</message><stackTrace type="System.String">    at System.Configuration.BaseConfigurationRecord.EvaluateOne(String[] keys, SectionInput input, Boolean isTrusted, FactoryRecord factoryRecord, SectionRecord sectionRecord, Object parentResult)
   at System.Configuration.BaseConfigurationRecord.Evaluate(FactoryRecord factoryRecord, SectionRecord sectionRecord, Object parentResult, Boolean getLkg, Boolean getRuntimeObject, Object&amp; result, Object&amp; resultRuntimeObject)
   at System.Configuration.BaseConfigurationRecord.GetSectionRecursive(String configKey, Boolean getLkg, Boolean checkPermission, Boolean getRuntimeObject, Boolean requestIsHere, Object&amp; result, Object&amp; resultRuntimeObject)
   at System.Configuration.BaseConfigurationRecord.GetSectionRecursive(String configKey, Boolean getLkg, Boolean checkPermission, Boolean getRuntimeObject, Boolean requestIsHere, Object&amp; result, Object&amp; resultRuntimeObject)
   at System.Configuration.BaseConfigurationRecord.GetSectionRecursive(String configKey, Boolean getLkg, Boolean checkPermission, Boolean getRuntimeObject, Boolean requestIsHere, Object&amp; result, Object&amp; resultRuntimeObject)
   at System.Configuration.BaseConfigurationRecord.GetSection(String configKey, Boolean getLkg, Boolean checkPermission)
   at System.Configuration.BaseConfigurationRecord.GetSection(String configKey)
   at System.Configuration.ClientConfigurationSystem.System.Configuration.Internal.IInternalConfigSystem.GetSection(String sectionName)
   at System.Configuration.ConfigurationManager.GetSection(String sectionName)
   at Microsoft.Practices.EnterpriseLibrary.Common.Configuration.SystemConfigurationSourceImplementation.GetSection(String sectionName)
   at Microsoft.Practices.EnterpriseLibrary.Common.Configuration.SystemConfigurationSource.GetSection(String sectionName)
   at Microsoft.Practices.EnterpriseLibrary.ExceptionHandling.Configuration.ExceptionHandlingSettings.GetExceptionHandlingSettings(IConfigurationSource configurationSource)
   at Microsoft.Practices.EnterpriseLibrary.ExceptionHandling.ExceptionHandlingConfigurationView.get_ExceptionHandlingSettings()
   at Microsoft.Practices.EnterpriseLibrary.ExceptionHandling.ExceptionHandlingConfigurationView.GetExceptionPolicyData(String policyName)
   at Microsoft.Practices.EnterpriseLibrary.ExceptionHandling.ExceptionPolicyCustomFactory.GetConfiguration(String id, IConfigurationSource configurationSource)
   at Microsoft.Practices.EnterpriseLibrary.ExceptionHandling.ExceptionPolicyCustomFactory.CreateObject(IBuilderContext context, String name, IConfigurationSource configurationSource, ConfigurationReflectionCache reflectionCache)
   at Microsoft.Practices.EnterpriseLibrary.Common.Configuration.ObjectBuilder.ConfiguredObjectStrategy.BuildUp(IBuilderContext context, Type t, Object existing, String id)
   at Microsoft.Practices.ObjectBuilder.BuilderStrategy.BuildUp(IBuilderContext context, Type typeToBuild, Object existing, String idToBuild)
   at Microsoft.Practices.ObjectBuilder.SingletonStrategy.BuildUp(IBuilderContext context, Type typeToBuild, Object existing, String idToBuild)
   at Microsoft.Practices.ObjectBuilder.BuilderStrategy.BuildUp(IBuilderContext context, Type typeToBuild, Object existing, String idToBuild)
   at Microsoft.Practices.EnterpriseLibrary.Common.Configuration.ObjectBuilder.ConfigurationNameMappingStrategy.BuildUp(IBuilderContext context, Type t, Object existing, String id)
   at Microsoft.Practices.ObjectBuilder.BuilderBase`1.DoBuildUp(IReadWriteLocator locator, Type typeToBuild, String idToBuild, Object existing, PolicyList[] transientPolicies)
   at Microsoft.Practices.ObjectBuilder.BuilderBase`1.BuildUp(IReadWriteLocator locator, Type typeToBuild, String idToBuild, Object existing, PolicyList[] transientPolicies)
   at Microsoft.Practices.ObjectBuilder.BuilderBase`1.BuildUp[TTypeToBuild](IReadWriteLocator locator, String idToBuild, Object existing, PolicyList[] transientPolicies)
   at Microsoft.Practices.EnterpriseLibrary.Common.Configuration.ObjectBuilder.EnterpriseLibraryFactory.BuildUp[T](IReadWriteLocator locator, String id, IConfigurationSource configurationSource)
   at Microsoft.Practices.EnterpriseLibrary.Common.Configuration.ObjectBuilder.LocatorNameTypeFactoryBase`1.Create(String name)
   at Microsoft.Practices.EnterpriseLibrary.ExceptionHandling.ExceptionPolicy.GetExceptionPolicy(Exception exception, String policyName)
   at Microsoft.Practices.EnterpriseLibrary.ExceptionHandling.ExceptionPolicy.HandleException(Exception exceptionToHandle, String policyName)
   at BrownShoe.ExceptionPolicy.HandleException(Exception exc) in e:\projects\brownshoe\unit_tests\product\src\BrownShoe\Libraries\Core\ExceptionPolicies.cs:line 117
   at BrownShoe.Profiles.CreditCardService.Create() in e:\projects\brownshoe\unit_tests\product\src\BrownShoe\Libraries\Services\Profiles\CreditCardService.cs:line 45
   at BrownShoe.UnitTests.Services.Profiles.CreditCardServiceTest.ReadTest()
</stackTrace></errorInfo><traceInfo type="Microsoft.VisualStudio.TestTools.Common.TestExecutionTraceInformation"><trace type="System.Text.StringBuilder">Creating instance of class BrownShoe.UnitTests.Services.Profiles.CreditCardServiceTest.
Calling Test method BrownShoe.UnitTests.Services.Profiles.CreditCardServiceTest.Microsoft.VisualStudio.TestTools.TestTypes.Unit.TestMethod.
</trace></traceInfo><stdout type="System.String" /><stderr type="System.String" /><debugTrace type="System.String" /><workItemIds type="System.Collections.Generic.List`1[[System.Int32, mscorlib, Version=2.0.0.0, Culture=neutral, PublicKeyToken=b77a5c561934e089]]"><_size type="System.Int32">0</_size><_version type="System.Int32">1</_version></workItemIds><id type="Microsoft.VisualStudio.TestTools.Common.TestResultId"><runId type="System.Guid">3d9a8baa-b9cb-4717-8a94-3c6445344217</runId><executionId type="Microsoft.VisualStudio.TestTools.Common.TestExecId"><id type="System.Guid">30b8a73b-3ee6-4631-8008-72c60536ef58</id></executionId><parentExecId type="Microsoft.VisualStudio.TestTools.Common.TestExecId"><id type="System.Guid">00000000-0000-0000-0000-000000000000</id></parentExecId><testId type="Microsoft.VisualStudio.TestTools.Common.TestId"><id type="System.Guid">2d3e0192-de90-d6e5-ae98-ab2f1c059414</id></testId></id><testName type="System.String">ReadTest</testName><testType type="Microsoft.VisualStudio.TestTools.Common.TestType"><id type="System.Guid">13cdc9d9-ddb5-4fa4-a97d-d965ccfc6d4b</id></testType><messageKind type="Microsoft.VisualStudio.TestTools.Common.TestMessageKind"><value__ type="System.Int32">1</value__></messageKind><computerInfo type="Microsoft.VisualStudio.TestTools.Common.ComputerInfo"><m_computerName type="System.String">ECDATA-TFS01</m_computerName></computerInfo><duration type="System.TimeSpan">00:00:00.0066416</duration><startTime type="System.DateTime"><dateData type="System.UInt64">633673775012201636</dateData></startTime><endTime type="System.DateTime"><dateData type="System.UInt64">633673775012357896</dateData></endTime><spoolMessage type="System.Boolean">True</spoolMessage></UnitTestResult><UnitTestResult type="Microsoft.VisualStudio.TestTools.TestTypes.Unit.UnitTestResult, Microsoft.VisualStudio.QualityTools.Tips.UnitTest.ObjectModel, Version=8.0.0.0, Culture=neutral, PublicKeyToken=b03f5f7f11d50a3a"><resultType type="Microsoft.VisualStudio.TestTools.TestTypes.Unit.UnitTestResultType, Microsoft.VisualStudio.QualityTools.Tips.UnitTest.ObjectModel, Version=8.0.0.0, Culture=neutral, PublicKeyToken=b03f5f7f11d50a3a"><value__ type="System.Int32">0</value__></resultType><m_hasSufficientAccess type="System.Boolean">True</m_hasSufficientAccess><counters type="Microsoft.VisualStudio.TestTools.Common.TestResultCounter"><values type="System.Int32">0,0,0,0,0,0,0,0,0,0,0,0,0,0</values><total type="System.Int32">1</total></counters><categoryId type="Microsoft.VisualStudio.TestTools.Common.TestCategoryId"><id type="System.Guid">8c84fa94-04c1-424b-9868-57a2d4851a1d</id></categoryId><outcome type="Microsoft.VisualStudio.TestTools.Common.TestOutcome"><value__ type="System.Int32">1</value__></outcome><errorInfo type="Microsoft.VisualStudio.TestTools.Common.TestResultErrorInfo"><message type="System.String">Test method BrownShoe.UnitTests.Services.Profiles.CreditCardServiceTest.UpdateTest threw exception:  System.Configuration.ConfigurationErrorsException: The type Microsoft.Practices.EnterpriseLibrary.ExceptionHandling.Logging.LoggingExceptionHandler, Microsoft.Practices.EnterpriseLibrary.ExceptionHandling.Logging, Version=2.0.0.0, Culture=neutral, PublicKeyToken=c834797fd9c628b4 from configuration could not be created. (E:\projects\brownshoe\unit_tests\product\srvtfs_ECDATA-TFS01 2009-01-12 11_17_41\Out\BrownShoe.UnitTests.DLL.config line 38).</message><stackTrace type="System.String">    at System.Configuration.BaseConfigurationRecord.EvaluateOne(String[] keys, SectionInput input, Boolean isTrusted, FactoryRecord factoryRecord, SectionRecord sectionRecord, Object parentResult)
   at System.Configuration.BaseConfigurationRecord.Evaluate(FactoryRecord factoryRecord, SectionRecord sectionRecord, Object parentResult, Boolean getLkg, Boolean getRuntimeObject, Object&amp; result, Object&amp; resultRuntimeObject)
   at System.Configuration.BaseConfigurationRecord.GetSectionRecursive(String configKey, Boolean getLkg, Boolean checkPermission, Boolean getRuntimeObject, Boolean requestIsHere, Object&amp; result, Object&amp; resultRuntimeObject)
   at System.Configuration.BaseConfigurationRecord.GetSectionRecursive(String configKey, Boolean getLkg, Boolean checkPermission, Boolean getRuntimeObject, Boolean requestIsHere, Object&amp; result, Object&amp; resultRuntimeObject)
   at System.Configuration.BaseConfigurationRecord.GetSectionRecursive(String configKey, Boolean getLkg, Boolean checkPermission, Boolean getRuntimeObject, Boolean requestIsHere, Object&amp; result, Object&amp; resultRuntimeObject)
   at System.Configuration.BaseConfigurationRecord.GetSection(String configKey, Boolean getLkg, Boolean checkPermission)
   at System.Configuration.BaseConfigurationRecord.GetSection(String configKey)
   at System.Configuration.ClientConfigurationSystem.System.Configuration.Internal.IInternalConfigSystem.GetSection(String sectionName)
   at System.Configuration.ConfigurationManager.GetSection(String sectionName)
   at Microsoft.Practices.EnterpriseLibrary.Common.Configuration.SystemConfigurationSourceImplementation.GetSection(String sectionName)
   at Microsoft.Practices.EnterpriseLibrary.Common.Configuration.SystemConfigurationSource.GetSection(String sectionName)
   at Microsoft.Practices.EnterpriseLibrary.ExceptionHandling.Configuration.ExceptionHandlingSettings.GetExceptionHandlingSettings(IConfigurationSource configurationSource)
   at Microsoft.Practices.EnterpriseLibrary.ExceptionHandling.ExceptionHandlingConfigurationView.get_ExceptionHandlingSettings()
   at Microsoft.Practices.EnterpriseLibrary.ExceptionHandling.ExceptionHandlingConfigurationView.GetExceptionPolicyData(String policyName)
   at Microsoft.Practices.EnterpriseLibrary.ExceptionHandling.ExceptionPolicyCustomFactory.GetConfiguration(String id, IConfigurationSource configurationSource)
   at Microsoft.Practices.EnterpriseLibrary.ExceptionHandling.ExceptionPolicyCustomFactory.CreateObject(IBuilderContext context, String name, IConfigurationSource configurationSource, ConfigurationReflectionCache reflectionCache)
   at Microsoft.Practices.EnterpriseLibrary.Common.Configuration.ObjectBuilder.ConfiguredObjectStrategy.BuildUp(IBuilderContext context, Type t, Object existing, String id)
   at Microsoft.Practices.ObjectBuilder.BuilderStrategy.BuildUp(IBuilderContext context, Type typeToBuild, Object existing, String idToBuild)
   at Microsoft.Practices.ObjectBuilder.SingletonStrategy.BuildUp(IBuilderContext context, Type typeToBuild, Object existing, String idToBuild)
   at Microsoft.Practices.ObjectBuilder.BuilderStrategy.BuildUp(IBuilderContext context, Type typeToBuild, Object existing, String idToBuild)
   at Microsoft.Practices.EnterpriseLibrary.Common.Configuration.ObjectBuilder.ConfigurationNameMappingStrategy.BuildUp(IBuilderContext context, Type t, Object existing, String id)
   at Microsoft.Practices.ObjectBuilder.BuilderBase`1.DoBuildUp(IReadWriteLocator locator, Type typeToBuild, String idToBuild, Object existing, PolicyList[] transientPolicies)
   at Microsoft.Practices.ObjectBuilder.BuilderBase`1.BuildUp(IReadWriteLocator locator, Type typeToBuild, String idToBuild, Object existing, PolicyList[] transientPolicies)
   at Microsoft.Practices.ObjectBuilder.BuilderBase`1.BuildUp[TTypeToBuild](IReadWriteLocator locator, String idToBuild, Object existing, PolicyList[] transientPolicies)
   at Microsoft.Practices.EnterpriseLibrary.Common.Configuration.ObjectBuilder.EnterpriseLibraryFactory.BuildUp[T](IReadWriteLocator locator, String id, IConfigurationSource configurationSource)
   at Microsoft.Practices.EnterpriseLibrary.Common.Configuration.ObjectBuilder.LocatorNameTypeFactoryBase`1.Create(String name)
   at Microsoft.Practices.EnterpriseLibrary.ExceptionHandling.ExceptionPolicy.GetExceptionPolicy(Exception exception, String policyName)
   at Microsoft.Practices.EnterpriseLibrary.ExceptionHandling.ExceptionPolicy.HandleException(Exception exceptionToHandle, String policyName)
   at BrownShoe.ExceptionPolicy.HandleException(Exception exc) in e:\projects\brownshoe\unit_tests\product\src\BrownShoe\Libraries\Core\ExceptionPolicies.cs:line 117
   at BrownShoe.Profiles.CreditCardService.Create() in e:\projects\brownshoe\unit_tests\product\src\BrownShoe\Libraries\Services\Profiles\CreditCardService.cs:line 45
   at BrownShoe.UnitTests.Services.Profiles.CreditCardServiceTest.UpdateTest()
</stackTrace></errorInfo><traceInfo type="Microsoft.VisualStudio.TestTools.Common.TestExecutionTraceInformation"><trace type="System.Text.StringBuilder">Creating instance of class BrownShoe.UnitTests.Services.Profiles.CreditCardServiceTest.
Calling Test method BrownShoe.UnitTests.Services.Profiles.CreditCardServiceTest.Microsoft.VisualStudio.TestTools.TestTypes.Unit.TestMethod.
</trace></traceInfo><stdout type="System.String" /><stderr type="System.String" /><debugTrace type="System.String" /><workItemIds type="System.Collections.Generic.List`1[[System.Int32, mscorlib, Version=2.0.0.0, Culture=neutral, PublicKeyToken=b77a5c561934e089]]"><_size type="System.Int32">0</_size><_version type="System.Int32">1</_version></workItemIds><id type="Microsoft.VisualStudio.TestTools.Common.TestResultId"><runId type="System.Guid">3d9a8baa-b9cb-4717-8a94-3c6445344217</runId><executionId type="Microsoft.VisualStudio.TestTools.Common.TestExecId"><id type="System.Guid">fed678bd-5ad5-4dac-8781-6615595aa950</id></executionId><parentExecId type="Microsoft.VisualStudio.TestTools.Common.TestExecId"><id type="System.Guid">00000000-0000-0000-0000-000000000000</id></parentExecId><testId type="Microsoft.VisualStudio.TestTools.Common.TestId"><id type="System.Guid">36ebd8ac-9776-68a7-391f-38b994294261</id></testId></id><testName type="System.String">UpdateTest</testName><testType type="Microsoft.VisualStudio.TestTools.Common.TestType"><id type="System.Guid">13cdc9d9-ddb5-4fa4-a97d-d965ccfc6d4b</id></testType><messageKind type="Microsoft.VisualStudio.TestTools.Common.TestMessageKind"><value__ type="System.Int32">1</value__></messageKind><computerInfo type="Microsoft.VisualStudio.TestTools.Common.ComputerInfo"><m_computerName type="System.String">ECDATA-TFS01</m_computerName></computerInfo><duration type="System.TimeSpan">00:00:00.0083327</duration><startTime type="System.DateTime"><dateData type="System.UInt64">633673775012357896</dateData></startTime><endTime type="System.DateTime"><dateData type="System.UInt64">633673775012514156</dateData></endTime><spoolMessage type="System.Boolean">True</spoolMessage></UnitTestResult><UnitTestResult type="Microsoft.VisualStudio.TestTools.TestTypes.Unit.UnitTestResult, Microsoft.VisualStudio.QualityTools.Tips.UnitTest.ObjectModel, Version=8.0.0.0, Culture=neutral, PublicKeyToken=b03f5f7f11d50a3a"><resultType type="Microsoft.VisualStudio.TestTools.TestTypes.Unit.UnitTestResultType, Microsoft.VisualStudio.QualityTools.Tips.UnitTest.ObjectModel, Version=8.0.0.0, Culture=neutral, PublicKeyToken=b03f5f7f11d50a3a"><value__ type="System.Int32">0</value__></resultType><m_hasSufficientAccess type="System.Boolean">True</m_hasSufficientAccess><counters type="Microsoft.VisualStudio.TestTools.Common.TestResultCounter"><values type="System.Int32">0,0,0,0,0,0,0,0,0,0,0,0,0,0</values><total type="System.Int32">1</total></counters><categoryId type="Microsoft.VisualStudio.TestTools.Common.TestCategoryId"><id type="System.Guid">8c84fa94-04c1-424b-9868-57a2d4851a1d</id></categoryId><outcome type="Microsoft.VisualStudio.TestTools.Common.TestOutcome"><value__ type="System.Int32">4</value__></outcome><errorInfo type="Microsoft.VisualStudio.TestTools.Common.TestResultErrorInfo"><message type="System.String">Assert.Inconclusive failed. Verify the correctness of this test method</message><stackTrace type="System.String">   at BrownShoe.UnitTests.Services.Profiles.CsrProfileServiceTest.CreateTest()
</stackTrace></errorInfo><traceInfo type="Microsoft.VisualStudio.TestTools.Common.TestExecutionTraceInformation"><trace type="System.Text.StringBuilder">Creating instance of class BrownShoe.UnitTests.Services.Profiles.CsrProfileServiceTest.
Calling Test method BrownShoe.UnitTests.Services.Profiles.CsrProfileServiceTest.Microsoft.VisualStudio.TestTools.TestTypes.Unit.TestMethod.
</trace></traceInfo><stdout type="System.String" /><stderr type="System.String" /><debugTrace type="System.String" /><workItemIds type="System.Collections.Generic.List`1[[System.Int32, mscorlib, Version=2.0.0.0, Culture=neutral, PublicKeyToken=b77a5c561934e089]]"><_size type="System.Int32">0</_size><_version type="System.Int32">1</_version></workItemIds><id type="Microsoft.VisualStudio.TestTools.Common.TestResultId"><runId type="System.Guid">3d9a8baa-b9cb-4717-8a94-3c6445344217</runId><executionId type="Microsoft.VisualStudio.TestTools.Common.TestExecId"><id type="System.Guid">eefd2364-42c2-4774-b3a4-f45c93512e99</id></executionId><parentExecId type="Microsoft.VisualStudio.TestTools.Common.TestExecId"><id type="System.Guid">00000000-0000-0000-0000-000000000000</id></parentExecId><testId type="Microsoft.VisualStudio.TestTools.Common.TestId"><id type="System.Guid">dbcb25e8-f8ce-013e-abae-e6fe4ba5341b</id></testId></id><testName type="System.String">CreateTest</testName><testType type="Microsoft.VisualStudio.TestTools.Common.TestType"><id type="System.Guid">13cdc9d9-ddb5-4fa4-a97d-d965ccfc6d4b</id></testType><messageKind type="Microsoft.VisualStudio.TestTools.Common.TestMessageKind"><value__ type="System.Int32">1</value__></messageKind><computerInfo type="Microsoft.VisualStudio.TestTools.Common.ComputerInfo"><m_computerName type="System.String">ECDATA-TFS01</m_computerName></computerInfo><duration type="System.TimeSpan">00:00:00.0009381</duration><startTime type="System.DateTime"><dateData type="System.UInt64">633673775012514156</dateData></startTime><endTime type="System.DateTime"><dateData type="System.UInt64">633673775012670416</dateData></endTime><spoolMessage type="System.Boolean">True</spoolMessage></UnitTestResult><UnitTestResult type="Microsoft.VisualStudio.TestTools.TestTypes.Unit.UnitTestResult, Microsoft.VisualStudio.QualityTools.Tips.UnitTest.ObjectModel, Version=8.0.0.0, Culture=neutral, PublicKeyToken=b03f5f7f11d50a3a"><resultType type="Microsoft.VisualStudio.TestTools.TestTypes.Unit.UnitTestResultType, Microsoft.VisualStudio.QualityTools.Tips.UnitTest.ObjectModel, Version=8.0.0.0, Culture=neutral, PublicKeyToken=b03f5f7f11d50a3a"><value__ type="System.Int32">0</value__></resultType><m_hasSufficientAccess type="System.Boolean">True</m_hasSufficientAccess><counters type="Microsoft.VisualStudio.TestTools.Common.TestResultCounter"><values type="System.Int32">0,0,0,0,0,0,0,0,0,0,0,0,0,0</values><total type="System.Int32">1</total></counters><categoryId type="Microsoft.VisualStudio.TestTools.Common.TestCategoryId"><id type="System.Guid">8c84fa94-04c1-424b-9868-57a2d4851a1d</id></categoryId><outcome type="Microsoft.VisualStudio.TestTools.Common.TestOutcome"><value__ type="System.Int32">4</value__></outcome><errorInfo type="Microsoft.VisualStudio.TestTools.Common.TestResultErrorInfo"><message type="System.String">Assert.Inconclusive failed. Verify the correctness of this test method</message><stackTrace type="System.String">   at BrownShoe.UnitTests.Services.Profiles.CsrProfileServiceTest.ReadFromCashierNumberTest()
</stackTrace></errorInfo><traceInfo type="Microsoft.VisualStudio.TestTools.Common.TestExecutionTraceInformation"><trace type="System.Text.StringBuilder">Creating instance of class BrownShoe.UnitTests.Services.Profiles.CsrProfileServiceTest.
Calling Test method BrownShoe.UnitTests.Services.Profiles.CsrProfileServiceTest.Microsoft.VisualStudio.TestTools.TestTypes.Unit.TestMethod.
</trace></traceInfo><stdout type="System.String" /><stderr type="System.String" /><debugTrace type="System.String" /><workItemIds type="System.Collections.Generic.List`1[[System.Int32, mscorlib, Version=2.0.0.0, Culture=neutral, PublicKeyToken=b77a5c561934e089]]"><_size type="System.Int32">0</_size><_version type="System.Int32">1</_version></workItemIds><id type="Microsoft.VisualStudio.TestTools.Common.TestResultId"><runId type="System.Guid">3d9a8baa-b9cb-4717-8a94-3c6445344217</runId><executionId type="Microsoft.VisualStudio.TestTools.Common.TestExecId"><id type="System.Guid">4837e716-f69b-4a0f-87d6-8091a4a42ce8</id></executionId><parentExecId type="Microsoft.VisualStudio.TestTools.Common.TestExecId"><id type="System.Guid">00000000-0000-0000-0000-000000000000</id></parentExecId><testId type="Microsoft.VisualStudio.TestTools.Common.TestId"><id type="System.Guid">d4124dc6-88ee-4f62-abeb-85c17f3ea058</id></testId></id><testName type="System.String">ReadFromCashierNumberTest</testName><testType type="Microsoft.VisualStudio.TestTools.Common.TestType"><id type="System.Guid">13cdc9d9-ddb5-4fa4-a97d-d965ccfc6d4b</id></testType><messageKind type="Microsoft.VisualStudio.TestTools.Common.TestMessageKind"><value__ type="System.Int32">1</value__></messageKind><computerInfo type="Microsoft.VisualStudio.TestTools.Common.ComputerInfo"><m_computerName type="System.String">ECDATA-TFS01</m_computerName></computerInfo><duration type="System.TimeSpan">00:00:00.0009114</duration><startTime type="System.DateTime"><dateData type="System.UInt64">633673775012670416</dateData></startTime><endTime type="System.DateTime"><dateData type="System.UInt64">633673775012670416</dateData></endTime><spoolMessage type="System.Boolean">True</spoolMessage></UnitTestResult><UnitTestResult type="Microsoft.VisualStudio.TestTools.TestTypes.Unit.UnitTestResult, Microsoft.VisualStudio.QualityTools.Tips.UnitTest.ObjectModel, Version=8.0.0.0, Culture=neutral, PublicKeyToken=b03f5f7f11d50a3a"><resultType type="Microsoft.VisualStudio.TestTools.TestTypes.Unit.UnitTestResultType, Microsoft.VisualStudio.QualityTools.Tips.UnitTest.ObjectModel, Version=8.0.0.0, Culture=neutral, PublicKeyToken=b03f5f7f11d50a3a"><value__ type="System.Int32">0</value__></resultType><m_hasSufficientAccess type="System.Boolean">True</m_hasSufficientAccess><counters type="Microsoft.VisualStudio.TestTools.Common.TestResultCounter"><values type="System.Int32">0,0,0,0,0,0,0,0,0,0,0,0,0,0</values><total type="System.Int32">1</total></counters><categoryId type="Microsoft.VisualStudio.TestTools.Common.TestCategoryId"><id type="System.Guid">8c84fa94-04c1-424b-9868-57a2d4851a1d</id></categoryId><outcome type="Microsoft.VisualStudio.TestTools.Common.TestOutcome"><value__ type="System.Int32">4</value__></outcome><errorInfo type="Microsoft.VisualStudio.TestTools.Common.TestResultErrorInfo"><message type="System.String">Assert.Inconclusive failed. Verify the correctness of this test method</message><stackTrace type="System.String">   at BrownShoe.UnitTests.Services.Profiles.CsrProfileServiceTest.ReadFromNetworkIdentityTest()
</stackTrace></errorInfo><traceInfo type="Microsoft.VisualStudio.TestTools.Common.TestExecutionTraceInformation"><trace type="System.Text.StringBuilder">Creating instance of class BrownShoe.UnitTests.Services.Profiles.CsrProfileServiceTest.
Calling Test method BrownShoe.UnitTests.Services.Profiles.CsrProfileServiceTest.Microsoft.VisualStudio.TestTools.TestTypes.Unit.TestMethod.
</trace></traceInfo><stdout type="System.String" /><stderr type="System.String" /><debugTrace type="System.String" /><workItemIds type="System.Collections.Generic.List`1[[System.Int32, mscorlib, Version=2.0.0.0, Culture=neutral, PublicKeyToken=b77a5c561934e089]]"><_size type="System.Int32">0</_size><_version type="System.Int32">1</_version></workItemIds><id type="Microsoft.VisualStudio.TestTools.Common.TestResultId"><runId type="System.Guid">3d9a8baa-b9cb-4717-8a94-3c6445344217</runId><executionId type="Microsoft.VisualStudio.TestTools.Common.TestExecId"><id type="System.Guid">3b97b7d1-4fdb-4682-bdb0-0aa87db2ac75</id></executionId><parentExecId type="Microsoft.VisualStudio.TestTools.Common.TestExecId"><id type="System.Guid">00000000-0000-0000-0000-000000000000</id></parentExecId><testId type="Microsoft.VisualStudio.TestTools.Common.TestId"><id type="System.Guid">84c83d3a-0d73-ed7b-4412-f2084cf2e4cd</id></testId></id><testName type="System.String">ReadFromNetworkIdentityTest</testName><testType type="Microsoft.VisualStudio.TestTools.Common.TestType"><id type="System.Guid">13cdc9d9-ddb5-4fa4-a97d-d965ccfc6d4b</id></testType><messageKind type="Microsoft.VisualStudio.TestTools.Common.TestMessageKind"><value__ type="System.Int32">1</value__></messageKind><computerInfo type="Microsoft.VisualStudio.TestTools.Common.ComputerInfo"><m_computerName type="System.String">ECDATA-TFS01</m_computerName></computerInfo><duration type="System.TimeSpan">00:00:00.0016942</duration><startTime type="System.DateTime"><dateData type="System.UInt64">633673775012670416</dateData></startTime><endTime type="System.DateTime"><dateData type="System.UInt64">633673775012670416</dateData></endTime><spoolMessage type="System.Boolean">True</spoolMessage></UnitTestResult><UnitTestResult type="Microsoft.VisualStudio.TestTools.TestTypes.Unit.UnitTestResult, Microsoft.VisualStudio.QualityTools.Tips.UnitTest.ObjectModel, Version=8.0.0.0, Culture=neutral, PublicKeyToken=b03f5f7f11d50a3a"><resultType type="Microsoft.VisualStudio.TestTools.TestTypes.Unit.UnitTestResultType, Microsoft.VisualStudio.QualityTools.Tips.UnitTest.ObjectModel, Version=8.0.0.0, Culture=neutral, PublicKeyToken=b03f5f7f11d50a3a"><value__ type="System.Int32">0</value__></resultType><m_hasSufficientAccess type="System.Boolean">True</m_hasSufficientAccess><counters type="Microsoft.VisualStudio.TestTools.Common.TestResultCounter"><values type="System.Int32">0,0,0,0,0,0,0,0,0,0,0,0,0,0</values><total type="System.Int32">1</total></counters><categoryId type="Microsoft.VisualStudio.TestTools.Common.TestCategoryId"><id type="System.Guid">8c84fa94-04c1-424b-9868-57a2d4851a1d</id></categoryId><outcome type="Microsoft.VisualStudio.TestTools.Common.TestOutcome"><value__ type="System.Int32">4</value__></outcome><errorInfo type="Microsoft.VisualStudio.TestTools.Common.TestResultErrorInfo"><message type="System.String">Assert.Inconclusive failed. Verify the correctness of this test method</message><stackTrace type="System.String">   at BrownShoe.UnitTests.Services.Profiles.CsrProfileServiceTest.ReadTest()
</stackTrace></errorInfo><traceInfo type="Microsoft.VisualStudio.TestTools.Common.TestExecutionTraceInformation"><trace type="System.Text.StringBuilder">Creating instance of class BrownShoe.UnitTests.Services.Profiles.CsrProfileServiceTest.
Calling Test method BrownShoe.UnitTests.Services.Profiles.CsrProfileServiceTest.Microsoft.VisualStudio.TestTools.TestTypes.Unit.TestMethod.
</trace></traceInfo><stdout type="System.String" /><stderr type="System.String" /><debugTrace type="System.String" /><workItemIds type="System.Collections.Generic.List`1[[System.Int32, mscorlib, Version=2.0.0.0, Culture=neutral, PublicKeyToken=b77a5c561934e089]]"><_size type="System.Int32">0</_size><_version type="System.Int32">1</_version></workItemIds><id type="Microsoft.VisualStudio.TestTools.Common.TestResultId"><runId type="System.Guid">3d9a8baa-b9cb-4717-8a94-3c6445344217</runId><executionId type="Microsoft.VisualStudio.TestTools.Common.TestExecId"><id type="System.Guid">2f3c6762-7395-4f8c-9f02-287d32341073</id></executionId><parentExecId type="Microsoft.VisualStudio.TestTools.Common.TestExecId"><id type="System.Guid">00000000-0000-0000-0000-000000000000</id></parentExecId><testId type="Microsoft.VisualStudio.TestTools.Common.TestId"><id type="System.Guid">190d6acf-608f-757a-6761-1b06ef0b7b82</id></testId></id><testName type="System.String">ReadTest</testName><testType type="Microsoft.VisualStudio.TestTools.Common.TestType"><id type="System.Guid">13cdc9d9-ddb5-4fa4-a97d-d965ccfc6d4b</id></testType><messageKind type="Microsoft.VisualStudio.TestTools.Common.TestMessageKind"><value__ type="System.Int32">1</value__></messageKind><computerInfo type="Microsoft.VisualStudio.TestTools.Common.ComputerInfo"><m_computerName type="System.String">ECDATA-TFS01</m_computerName></computerInfo><duration type="System.TimeSpan">00:00:00.0006002</duration><startTime type="System.DateTime"><dateData type="System.UInt64">633673775012670416</dateData></startTime><endTime type="System.DateTime"><dateData type="System.UInt64">633673775012826676</dateData></endTime><spoolMessage type="System.Boolean">True</spoolMessage></UnitTestResult><UnitTestResult type="Microsoft.VisualStudio.TestTools.TestTypes.Unit.UnitTestResult, Microsoft.VisualStudio.QualityTools.Tips.UnitTest.ObjectModel, Version=8.0.0.0, Culture=neutral, PublicKeyToken=b03f5f7f11d50a3a"><resultType type="Microsoft.VisualStudio.TestTools.TestTypes.Unit.UnitTestResultType, Microsoft.VisualStudio.QualityTools.Tips.UnitTest.ObjectModel, Version=8.0.0.0, Culture=neutral, PublicKeyToken=b03f5f7f11d50a3a"><value__ type="System.Int32">0</value__></resultType><m_hasSufficientAccess type="System.Boolean">True</m_hasSufficientAccess><counters type="Microsoft.VisualStudio.TestTools.Common.TestResultCounter"><values type="System.Int32">0,0,0,0,0,0,0,0,0,0,0,0,0,0</values><total type="System.Int32">1</total></counters><categoryId type="Microsoft.VisualStudio.TestTools.Common.TestCategoryId"><id type="System.Guid">8c84fa94-04c1-424b-9868-57a2d4851a1d</id></categoryId><outcome type="Microsoft.VisualStudio.TestTools.Common.TestOutcome"><value__ type="System.Int32">1</value__></outcome><errorInfo type="Microsoft.VisualStudio.TestTools.Common.TestResultErrorInfo"><message type="System.String">Test method BrownShoe.UnitTests.Services.Profiles.CustomerServiceTest.CreateTest threw exception:  System.TypeInitializationException: The type initializer for 'BrownShoe.Profiles.CustomerService' threw an exception. ---&gt;  System.TypeInitializationException: The type initializer for 'BrownShoe.Profiles.ProfileCacheTrackerUsingCookies' threw an exception. ---&gt;  System.Configuration.ConfigurationErrorsException: Failed to obtain the Site Domain Name from the configuration file.</message><stackTrace type="System.String">    at BrownShoe.ConfigurationSettings.get_SiteDomainName() in e:\projects\brownshoe\unit_tests\product\src\BrownShoe\Libraries\Core\ConfigurationSettings.cs:line 997
   at BrownShoe.Profiles.ProfileCacheTrackerUsingCookies..ctor() in e:\projects\brownshoe\unit_tests\product\src\BrownShoe\Libraries\Services\Profiles\ProfileCacheTrackerUsingCookies.cs:line 22
   at BrownShoe.Profiles.ProfileCacheTrackerUsingCookies..cctor() in e:\projects\brownshoe\unit_tests\product\src\BrownShoe\Libraries\Services\Profiles\ProfileCacheTrackerUsingCookies.cs:line 18
 --- End of inner exception stack trace ---
    at BrownShoe.Profiles.ProfileCacheTrackerUsingCookies.get_Current()
   at BrownShoe.Profiles.CustomerService..cctor() in e:\projects\brownshoe\unit_tests\product\src\BrownShoe\Libraries\Services\Profiles\CustomerService.cs:line 26
 --- End of inner exception stack trace ---
    at BrownShoe.Profiles.CustomerService.get_Current()
   at BrownShoe.UnitTests.Services.Profiles.CustomerServiceTest.CreateTest()
</stackTrace></errorInfo><traceInfo type="Microsoft.VisualStudio.TestTools.Common.TestExecutionTraceInformation"><trace type="System.Text.StringBuilder">Creating instance of class BrownShoe.UnitTests.Services.Profiles.CustomerServiceTest.
Calling Test method BrownShoe.UnitTests.Services.Profiles.CustomerServiceTest.Microsoft.VisualStudio.TestTools.TestTypes.Unit.TestMethod.
</trace></traceInfo><stdout type="System.String" /><stderr type="System.String" /><debugTrace type="System.String" /><workItemIds type="System.Collections.Generic.List`1[[System.Int32, mscorlib, Version=2.0.0.0, Culture=neutral, PublicKeyToken=b77a5c561934e089]]"><_size type="System.Int32">0</_size><_version type="System.Int32">1</_version></workItemIds><id type="Microsoft.VisualStudio.TestTools.Common.TestResultId"><runId type="System.Guid">3d9a8baa-b9cb-4717-8a94-3c6445344217</runId><executionId type="Microsoft.VisualStudio.TestTools.Common.TestExecId"><id type="System.Guid">f18b01db-cf38-4a11-98b3-514e361ca748</id></executionId><parentExecId type="Microsoft.VisualStudio.TestTools.Common.TestExecId"><id type="System.Guid">00000000-0000-0000-0000-000000000000</id></parentExecId><testId type="Microsoft.VisualStudio.TestTools.Common.TestId"><id type="System.Guid">5aadb34f-b728-2ce9-2596-321fc0e06010</id></testId></id><testName type="System.String">CreateTest</testName><testType type="Microsoft.VisualStudio.TestTools.Common.TestType"><id type="System.Guid">13cdc9d9-ddb5-4fa4-a97d-d965ccfc6d4b</id></testType><messageKind type="Microsoft.VisualStudio.TestTools.Common.TestMessageKind"><value__ type="System.Int32">1</value__></messageKind><computerInfo type="Microsoft.VisualStudio.TestTools.Common.ComputerInfo"><m_computerName type="System.String">ECDATA-TFS01</m_computerName></computerInfo><duration type="System.TimeSpan">00:00:00.0018285</duration><startTime type="System.DateTime"><dateData type="System.UInt64">633673775012826676</dateData></startTime><endTime type="System.DateTime"><dateData type="System.UInt64">633673775012826676</dateData></endTime><spoolMessage type="System.Boolean">True</spoolMessage></UnitTestResult><UnitTestResult type="Microsoft.VisualStudio.TestTools.TestTypes.Unit.UnitTestResult, Microsoft.VisualStudio.QualityTools.Tips.UnitTest.ObjectModel, Version=8.0.0.0, Culture=neutral, PublicKeyToken=b03f5f7f11d50a3a"><resultType type="Microsoft.VisualStudio.TestTools.TestTypes.Unit.UnitTestResultType, Microsoft.VisualStudio.QualityTools.Tips.UnitTest.ObjectModel, Version=8.0.0.0, Culture=neutral, PublicKeyToken=b03f5f7f11d50a3a"><value__ type="System.Int32">0</value__></resultType><m_hasSufficientAccess type="System.Boolean">True</m_hasSufficientAccess><counters type="Microsoft.VisualStudio.TestTools.Common.TestResultCounter"><values type="System.Int32">0,0,0,0,0,0,0,0,0,0,0,0,0,0</values><total type="System.Int32">1</total></counters><categoryId type="Microsoft.VisualStudio.TestTools.Common.TestCategoryId"><id type="System.Guid">8c84fa94-04c1-424b-9868-57a2d4851a1d</id></categoryId><outcome type="Microsoft.VisualStudio.TestTools.Common.TestOutcome"><value__ type="System.Int32">1</value__></outcome><errorInfo type="Microsoft.VisualStudio.TestTools.Common.TestResultErrorInfo"><message type="System.String">Test method BrownShoe.UnitTests.Services.Profiles.CustomerServiceTest.ExistsTest threw exception:  System.TypeInitializationException: The type initializer for 'BrownShoe.Profiles.CustomerService' threw an exception. ---&gt;  System.TypeInitializationException: The type initializer for 'BrownShoe.Profiles.ProfileCacheTrackerUsingCookies' threw an exception. ---&gt;  System.Configuration.ConfigurationErrorsException: Failed to obtain the Site Domain Name from the configuration file.</message><stackTrace type="System.String">    at BrownShoe.ConfigurationSettings.get_SiteDomainName() in e:\projects\brownshoe\unit_tests\product\src\BrownShoe\Libraries\Core\ConfigurationSettings.cs:line 997
   at BrownShoe.Profiles.ProfileCacheTrackerUsingCookies..ctor() in e:\projects\brownshoe\unit_tests\product\src\BrownShoe\Libraries\Services\Profiles\ProfileCacheTrackerUsingCookies.cs:line 22
   at BrownShoe.Profiles.ProfileCacheTrackerUsingCookies..cctor() in e:\projects\brownshoe\unit_tests\product\src\BrownShoe\Libraries\Services\Profiles\ProfileCacheTrackerUsingCookies.cs:line 18
 --- End of inner exception stack trace ---
    at BrownShoe.Profiles.ProfileCacheTrackerUsingCookies.get_Current()
   at BrownShoe.Profiles.CustomerService..cctor() in e:\projects\brownshoe\unit_tests\product\src\BrownShoe\Libraries\Services\Profiles\CustomerService.cs:line 26
 --- End of inner exception stack trace ---
    at BrownShoe.Profiles.CustomerService.get_Current()
   at BrownShoe.UnitTests.Services.Profiles.CustomerServiceTest.ExistsTest()
</stackTrace></errorInfo><traceInfo type="Microsoft.VisualStudio.TestTools.Common.TestExecutionTraceInformation"><trace type="System.Text.StringBuilder">Creating instance of class BrownShoe.UnitTests.Services.Profiles.CustomerServiceTest.
Calling Test method BrownShoe.UnitTests.Services.Profiles.CustomerServiceTest.Microsoft.VisualStudio.TestTools.TestTypes.Unit.TestMethod.
</trace></traceInfo><stdout type="System.String" /><stderr type="System.String" /><debugTrace type="System.String" /><workItemIds type="System.Collections.Generic.List`1[[System.Int32, mscorlib, Version=2.0.0.0, Culture=neutral, PublicKeyToken=b77a5c561934e089]]"><_size type="System.Int32">0</_size><_version type="System.Int32">1</_version></workItemIds><id type="Microsoft.VisualStudio.TestTools.Common.TestResultId"><runId type="System.Guid">3d9a8baa-b9cb-4717-8a94-3c6445344217</runId><executionId type="Microsoft.VisualStudio.TestTools.Common.TestExecId"><id type="System.Guid">05317b1b-76d2-4fc4-a4b7-0a672833da38</id></executionId><parentExecId type="Microsoft.VisualStudio.TestTools.Common.TestExecId"><id type="System.Guid">00000000-0000-0000-0000-000000000000</id></parentExecId><testId type="Microsoft.VisualStudio.TestTools.Common.TestId"><id type="System.Guid">b17bb708-74f0-6b1b-47e5-2c14d809539c</id></testId></id><testName type="System.String">ExistsTest</testName><testType type="Microsoft.VisualStudio.TestTools.Common.TestType"><id type="System.Guid">13cdc9d9-ddb5-4fa4-a97d-d965ccfc6d4b</id></testType><messageKind type="Microsoft.VisualStudio.TestTools.Common.TestMessageKind"><value__ type="System.Int32">1</value__></messageKind><computerInfo type="Microsoft.VisualStudio.TestTools.Common.ComputerInfo"><m_computerName type="System.String">ECDATA-TFS01</m_computerName></computerInfo><duration type="System.TimeSpan">00:00:00.0022399</duration><startTime type="System.DateTime"><dateData type="System.UInt64">633673775012826676</dateData></startTime><endTime type="System.DateTime"><dateData type="System.UInt64">633673775012982936</dateData></endTime><spoolMessage type="System.Boolean">True</spoolMessage></UnitTestResult><UnitTestResult type="Microsoft.VisualStudio.TestTools.TestTypes.Unit.UnitTestResult, Microsoft.VisualStudio.QualityTools.Tips.UnitTest.ObjectModel, Version=8.0.0.0, Culture=neutral, PublicKeyToken=b03f5f7f11d50a3a"><resultType type="Microsoft.VisualStudio.TestTools.TestTypes.Unit.UnitTestResultType, Microsoft.VisualStudio.QualityTools.Tips.UnitTest.ObjectModel, Version=8.0.0.0, Culture=neutral, PublicKeyToken=b03f5f7f11d50a3a"><value__ type="System.Int32">0</value__></resultType><m_hasSufficientAccess type="System.Boolean">True</m_hasSufficientAccess><counters type="Microsoft.VisualStudio.TestTools.Common.TestResultCounter"><values type="System.Int32">0,0,0,0,0,0,0,0,0,0,0,0,0,0</values><total type="System.Int32">1</total></counters><categoryId type="Microsoft.VisualStudio.TestTools.Common.TestCategoryId"><id type="System.Guid">8c84fa94-04c1-424b-9868-57a2d4851a1d</id></categoryId><outcome type="Microsoft.VisualStudio.TestTools.Common.TestOutcome"><value__ type="System.Int32">1</value__></outcome><errorInfo type="Microsoft.VisualStudio.TestTools.Common.TestResultErrorInfo"><message type="System.String">Test method BrownShoe.UnitTests.Services.Profiles.CustomerServiceTest.GetSecurityQuestionsTest threw exception:  System.TypeInitializationException: The type initializer for 'BrownShoe.Profiles.CustomerService' threw an exception. ---&gt;  System.TypeInitializationException: The type initializer for 'BrownShoe.Profiles.ProfileCacheTrackerUsingCookies' threw an exception. ---&gt;  System.Configuration.ConfigurationErrorsException: Failed to obtain the Site Domain Name from the configuration file.</message><stackTrace type="System.String">    at BrownShoe.ConfigurationSettings.get_SiteDomainName() in e:\projects\brownshoe\unit_tests\product\src\BrownShoe\Libraries\Core\ConfigurationSettings.cs:line 997
   at BrownShoe.Profiles.ProfileCacheTrackerUsingCookies..ctor() in e:\projects\brownshoe\unit_tests\product\src\BrownShoe\Libraries\Services\Profiles\ProfileCacheTrackerUsingCookies.cs:line 22
   at BrownShoe.Profiles.ProfileCacheTrackerUsingCookies..cctor() in e:\projects\brownshoe\unit_tests\product\src\BrownShoe\Libraries\Services\Profiles\ProfileCacheTrackerUsingCookies.cs:line 18
 --- End of inner exception stack trace ---
    at BrownShoe.Profiles.ProfileCacheTrackerUsingCookies.get_Current()
   at BrownShoe.Profiles.CustomerService..cctor() in e:\projects\brownshoe\unit_tests\product\src\BrownShoe\Libraries\Services\Profiles\CustomerService.cs:line 26
 --- End of inner exception stack trace ---
    at BrownShoe.Profiles.CustomerService.get_Current()
   at BrownShoe.UnitTests.Services.Profiles.CustomerServiceTest.GetSecurityQuestionsTest()
</stackTrace></errorInfo><traceInfo type="Microsoft.VisualStudio.TestTools.Common.TestExecutionTraceInformation"><trace type="System.Text.StringBuilder">Creating instance of class BrownShoe.UnitTests.Services.Profiles.CustomerServiceTest.
Calling Test method BrownShoe.UnitTests.Services.Profiles.CustomerServiceTest.Microsoft.VisualStudio.TestTools.TestTypes.Unit.TestMethod.
</trace></traceInfo><stdout type="System.String" /><stderr type="System.String" /><debugTrace type="System.String" /><workItemIds type="System.Collections.Generic.List`1[[System.Int32, mscorlib, Version=2.0.0.0, Culture=neutral, PublicKeyToken=b77a5c561934e089]]"><_size type="System.Int32">0</_size><_version type="System.Int32">1</_version></workItemIds><id type="Microsoft.VisualStudio.TestTools.Common.TestResultId"><runId type="System.Guid">3d9a8baa-b9cb-4717-8a94-3c6445344217</runId><executionId type="Microsoft.VisualStudio.TestTools.Common.TestExecId"><id type="System.Guid">0d056ee2-8823-4cca-9793-6178c35cb278</id></executionId><parentExecId type="Microsoft.VisualStudio.TestTools.Common.TestExecId"><id type="System.Guid">00000000-0000-0000-0000-000000000000</id></parentExecId><testId type="Microsoft.VisualStudio.TestTools.Common.TestId"><id type="System.Guid">9fe4eb2e-d104-b704-29bd-1e6baf579a8a</id></testId></id><testName type="System.String">GetSecurityQuestionsTest</testName><testType type="Microsoft.VisualStudio.TestTools.Common.TestType"><id type="System.Guid">13cdc9d9-ddb5-4fa4-a97d-d965ccfc6d4b</id></testType><messageKind type="Microsoft.VisualStudio.TestTools.Common.TestMessageKind"><value__ type="System.Int32">1</value__></messageKind><computerInfo type="Microsoft.VisualStudio.TestTools.Common.ComputerInfo"><m_computerName type="System.String">ECDATA-TFS01</m_computerName></computerInfo><duration type="System.TimeSpan">00:00:00.0017293</duration><startTime type="System.DateTime"><dateData type="System.UInt64">633673775012982936</dateData></startTime><endTime type="System.DateTime"><dateData type="System.UInt64">633673775012982936</dateData></endTime><spoolMessage type="System.Boolean">True</spoolMessage></UnitTestResult><UnitTestResult type="Microsoft.VisualStudio.TestTools.TestTypes.Unit.UnitTestResult, Microsoft.VisualStudio.QualityTools.Tips.UnitTest.ObjectModel, Version=8.0.0.0, Culture=neutral, PublicKeyToken=b03f5f7f11d50a3a"><resultType type="Microsoft.VisualStudio.TestTools.TestTypes.Unit.UnitTestResultType, Microsoft.VisualStudio.QualityTools.Tips.UnitTest.ObjectModel, Version=8.0.0.0, Culture=neutral, PublicKeyToken=b03f5f7f11d50a3a"><value__ type="System.Int32">0</value__></resultType><m_hasSufficientAccess type="System.Boolean">True</m_hasSufficientAccess><counters type="Microsoft.VisualStudio.TestTools.Common.TestResultCounter"><values type="System.Int32">0,0,0,0,0,0,0,0,0,0,0,0,0,0</values><total type="System.Int32">1</total></counters><categoryId type="Microsoft.VisualStudio.TestTools.Common.TestCategoryId"><id type="System.Guid">8c84fa94-04c1-424b-9868-57a2d4851a1d</id></categoryId><outcome type="Microsoft.VisualStudio.TestTools.Common.TestOutcome"><value__ type="System.Int32">1</value__></outcome><errorInfo type="Microsoft.VisualStudio.TestTools.Common.TestResultErrorInfo"><message type="System.String">Test method BrownShoe.UnitTests.Services.Profiles.CustomerServiceTest.ReadFromSiteEmailTest threw exception:  System.TypeInitializationException: The type initializer for 'BrownShoe.Profiles.CustomerService' threw an exception. ---&gt;  System.TypeInitializationException: The type initializer for 'BrownShoe.Profiles.ProfileCacheTrackerUsingCookies' threw an exception. ---&gt;  System.Configuration.ConfigurationErrorsException: Failed to obtain the Site Domain Name from the configuration file.</message><stackTrace type="System.String">    at BrownShoe.ConfigurationSettings.get_SiteDomainName() in e:\projects\brownshoe\unit_tests\product\src\BrownShoe\Libraries\Core\ConfigurationSettings.cs:line 997
   at BrownShoe.Profiles.ProfileCacheTrackerUsingCookies..ctor() in e:\projects\brownshoe\unit_tests\product\src\BrownShoe\Libraries\Services\Profiles\ProfileCacheTrackerUsingCookies.cs:line 22
   at BrownShoe.Profiles.ProfileCacheTrackerUsingCookies..cctor() in e:\projects\brownshoe\unit_tests\product\src\BrownShoe\Libraries\Services\Profiles\ProfileCacheTrackerUsingCookies.cs:line 18
 --- End of inner exception stack trace ---
    at BrownShoe.Profiles.ProfileCacheTrackerUsingCookies.get_Current()
   at BrownShoe.Profiles.CustomerService..cctor() in e:\projects\brownshoe\unit_tests\product\src\BrownShoe\Libraries\Services\Profiles\CustomerService.cs:line 26
 --- End of inner exception stack trace ---
    at BrownShoe.Profiles.CustomerService.get_Current()
   at BrownShoe.UnitTests.Services.Profiles.CustomerServiceTest.ReadFromSiteEmailTest()
</stackTrace></errorInfo><traceInfo type="Microsoft.VisualStudio.TestTools.Common.TestExecutionTraceInformation"><trace type="System.Text.StringBuilder">Creating instance of class BrownShoe.UnitTests.Services.Profiles.CustomerServiceTest.
Calling Test method BrownShoe.UnitTests.Services.Profiles.CustomerServiceTest.Microsoft.VisualStudio.TestTools.TestTypes.Unit.TestMethod.
</trace></traceInfo><stdout type="System.String" /><stderr type="System.String" /><debugTrace type="System.String" /><workItemIds type="System.Collections.Generic.List`1[[System.Int32, mscorlib, Version=2.0.0.0, Culture=neutral, PublicKeyToken=b77a5c561934e089]]"><_size type="System.Int32">0</_size><_version type="System.Int32">1</_version></workItemIds><id type="Microsoft.VisualStudio.TestTools.Common.TestResultId"><runId type="System.Guid">3d9a8baa-b9cb-4717-8a94-3c6445344217</runId><executionId type="Microsoft.VisualStudio.TestTools.Common.TestExecId"><id type="System.Guid">d7e8c776-1a03-4bdf-95e9-8789dbf13d33</id></executionId><parentExecId type="Microsoft.VisualStudio.TestTools.Common.TestExecId"><id type="System.Guid">00000000-0000-0000-0000-000000000000</id></parentExecId><testId type="Microsoft.VisualStudio.TestTools.Common.TestId"><id type="System.Guid">699b971e-861b-dd5d-8464-d7cbe7955470</id></testId></id><testName type="System.String">ReadFromSiteEmailTest</testName><testType type="Microsoft.VisualStudio.TestTools.Common.TestType"><id type="System.Guid">13cdc9d9-ddb5-4fa4-a97d-d965ccfc6d4b</id></testType><messageKind type="Microsoft.VisualStudio.TestTools.Common.TestMessageKind"><value__ type="System.Int32">1</value__></messageKind><computerInfo type="Microsoft.VisualStudio.TestTools.Common.ComputerInfo"><m_computerName type="System.String">ECDATA-TFS01</m_computerName></computerInfo><duration type="System.TimeSpan">00:00:00.0026178</duration><startTime type="System.DateTime"><dateData type="System.UInt64">633673775012982936</dateData></startTime><endTime type="System.DateTime"><dateData type="System.UInt64">633673775013139196</dateData></endTime><spoolMessage type="System.Boolean">True</spoolMessage></UnitTestResult><UnitTestResult type="Microsoft.VisualStudio.TestTools.TestTypes.Unit.UnitTestResult, Microsoft.VisualStudio.QualityTools.Tips.UnitTest.ObjectModel, Version=8.0.0.0, Culture=neutral, PublicKeyToken=b03f5f7f11d50a3a"><resultType type="Microsoft.VisualStudio.TestTools.TestTypes.Unit.UnitTestResultType, Microsoft.VisualStudio.QualityTools.Tips.UnitTest.ObjectModel, Version=8.0.0.0, Culture=neutral, PublicKeyToken=b03f5f7f11d50a3a"><value__ type="System.Int32">0</value__></resultType><m_hasSufficientAccess type="System.Boolean">True</m_hasSufficientAccess><counters type="Microsoft.VisualStudio.TestTools.Common.TestResultCounter"><values type="System.Int32">0,0,0,0,0,0,0,0,0,0,0,0,0,0</values><total type="System.Int32">1</total></counters><categoryId type="Microsoft.VisualStudio.TestTools.Common.TestCategoryId"><id type="System.Guid">8c84fa94-04c1-424b-9868-57a2d4851a1d</id></categoryId><outcome type="Microsoft.VisualStudio.TestTools.Common.TestOutcome"><value__ type="System.Int32">1</value__></outcome><errorInfo type="Microsoft.VisualStudio.TestTools.Common.TestResultErrorInfo"><message type="System.String">Test method BrownShoe.UnitTests.Services.Profiles.CustomerServiceTest.ReadTest threw exception:  System.TypeInitializationException: The type initializer for 'BrownShoe.Profiles.CustomerService' threw an exception. ---&gt;  System.TypeInitializationException: The type initializer for 'BrownShoe.Profiles.ProfileCacheTrackerUsingCookies' threw an exception. ---&gt;  System.Configuration.ConfigurationErrorsException: Failed to obtain the Site Domain Name from the configuration file.</message><stackTrace type="System.String">    at BrownShoe.ConfigurationSettings.get_SiteDomainName() in e:\projects\brownshoe\unit_tests\product\src\BrownShoe\Libraries\Core\ConfigurationSettings.cs:line 997
   at BrownShoe.Profiles.ProfileCacheTrackerUsingCookies..ctor() in e:\projects\brownshoe\unit_tests\product\src\BrownShoe\Libraries\Services\Profiles\ProfileCacheTrackerUsingCookies.cs:line 22
   at BrownShoe.Profiles.ProfileCacheTrackerUsingCookies..cctor() in e:\projects\brownshoe\unit_tests\product\src\BrownShoe\Libraries\Services\Profiles\ProfileCacheTrackerUsingCookies.cs:line 18
 --- End of inner exception stack trace ---
    at BrownShoe.Profiles.ProfileCacheTrackerUsingCookies.get_Current()
   at BrownShoe.Profiles.CustomerService..cctor() in e:\projects\brownshoe\unit_tests\product\src\BrownShoe\Libraries\Services\Profiles\CustomerService.cs:line 26
 --- End of inner exception stack trace ---
    at BrownShoe.Profiles.CustomerService.get_Current()
   at BrownShoe.UnitTests.Services.Profiles.CustomerServiceTest.ReadTest()
</stackTrace></errorInfo><traceInfo type="Microsoft.VisualStudio.TestTools.Common.TestExecutionTraceInformation"><trace type="System.Text.StringBuilder">Creating instance of class BrownShoe.UnitTests.Services.Profiles.CustomerServiceTest.
Calling Test method BrownShoe.UnitTests.Services.Profiles.CustomerServiceTest.Microsoft.VisualStudio.TestTools.TestTypes.Unit.TestMethod.
</trace></traceInfo><stdout type="System.String" /><stderr type="System.String" /><debugTrace type="System.String" /><workItemIds type="System.Collections.Generic.List`1[[System.Int32, mscorlib, Version=2.0.0.0, Culture=neutral, PublicKeyToken=b77a5c561934e089]]"><_size type="System.Int32">0</_size><_version type="System.Int32">1</_version></workItemIds><id type="Microsoft.VisualStudio.TestTools.Common.TestResultId"><runId type="System.Guid">3d9a8baa-b9cb-4717-8a94-3c6445344217</runId><executionId type="Microsoft.VisualStudio.TestTools.Common.TestExecId"><id type="System.Guid">9ca3fb4f-4de7-4861-9ca5-7dd62c8b303a</id></executionId><parentExecId type="Microsoft.VisualStudio.TestTools.Common.TestExecId"><id type="System.Guid">00000000-0000-0000-0000-000000000000</id></parentExecId><testId type="Microsoft.VisualStudio.TestTools.Common.TestId"><id type="System.Guid">2fdb9be2-cee2-1915-068b-be0111e03fce</id></testId></id><testName type="System.String">ReadTest</testName><testType type="Microsoft.VisualStudio.TestTools.Common.TestType"><id type="System.Guid">13cdc9d9-ddb5-4fa4-a97d-d965ccfc6d4b</id></testType><messageKind type="Microsoft.VisualStudio.TestTools.Common.TestMessageKind"><value__ type="System.Int32">1</value__></messageKind><computerInfo type="Microsoft.VisualStudio.TestTools.Common.ComputerInfo"><m_computerName type="System.String">ECDATA-TFS01</m_computerName></computerInfo><duration type="System.TimeSpan">00:00:00.0022661</duration><startTime type="System.DateTime"><dateData type="System.UInt64">633673775013139196</dateData></startTime><endTime type="System.DateTime"><dateData type="System.UInt64">633673775013139196</dateData></endTime><spoolMessage type="System.Boolean">True</spoolMessage></UnitTestResult><UnitTestResult type="Microsoft.VisualStudio.TestTools.TestTypes.Unit.UnitTestResult, Microsoft.VisualStudio.QualityTools.Tips.UnitTest.ObjectModel, Version=8.0.0.0, Culture=neutral, PublicKeyToken=b03f5f7f11d50a3a"><resultType type="Microsoft.VisualStudio.TestTools.TestTypes.Unit.UnitTestResultType, Microsoft.VisualStudio.QualityTools.Tips.UnitTest.ObjectModel, Version=8.0.0.0, Culture=neutral, PublicKeyToken=b03f5f7f11d50a3a"><value__ type="System.Int32">0</value__></resultType><m_hasSufficientAccess type="System.Boolean">True</m_hasSufficientAccess><counters type="Microsoft.VisualStudio.TestTools.Common.TestResultCounter"><values type="System.Int32">0,0,0,0,0,0,0,0,0,0,0,0,0,0</values><total type="System.Int32">1</total></counters><categoryId type="Microsoft.VisualStudio.TestTools.Common.TestCategoryId"><id type="System.Guid">8c84fa94-04c1-424b-9868-57a2d4851a1d</id></categoryId><outcome type="Microsoft.VisualStudio.TestTools.Common.TestOutcome"><value__ type="System.Int32">1</value__></outcome><errorInfo type="Microsoft.VisualStudio.TestTools.Common.TestResultErrorInfo"><message type="System.String">Test method BrownShoe.UnitTests.Services.Profiles.CustomerServiceTest.SearchTest threw exception:  System.TypeInitializationException: The type initializer for 'BrownShoe.Profiles.CustomerService' threw an exception. ---&gt;  System.TypeInitializationException: The type initializer for 'BrownShoe.Profiles.ProfileCacheTrackerUsingCookies' threw an exception. ---&gt;  System.Configuration.ConfigurationErrorsException: Failed to obtain the Site Domain Name from the configuration file.</message><stackTrace type="System.String">    at BrownShoe.ConfigurationSettings.get_SiteDomainName() in e:\projects\brownshoe\unit_tests\product\src\BrownShoe\Libraries\Core\ConfigurationSettings.cs:line 997
   at BrownShoe.Profiles.ProfileCacheTrackerUsingCookies..ctor() in e:\projects\brownshoe\unit_tests\product\src\BrownShoe\Libraries\Services\Profiles\ProfileCacheTrackerUsingCookies.cs:line 22
   at BrownShoe.Profiles.ProfileCacheTrackerUsingCookies..cctor() in e:\projects\brownshoe\unit_tests\product\src\BrownShoe\Libraries\Services\Profiles\ProfileCacheTrackerUsingCookies.cs:line 18
 --- End of inner exception stack trace ---
    at BrownShoe.Profiles.ProfileCacheTrackerUsingCookies.get_Current()
   at BrownShoe.Profiles.CustomerService..cctor() in e:\projects\brownshoe\unit_tests\product\src\BrownShoe\Libraries\Services\Profiles\CustomerService.cs:line 26
 --- End of inner exception stack trace ---
    at BrownShoe.Profiles.CustomerService.get_Current()
   at BrownShoe.UnitTests.Services.Profiles.CustomerServiceTest.SearchTest()
</stackTrace></errorInfo><traceInfo type="Microsoft.VisualStudio.TestTools.Common.TestExecutionTraceInformation"><trace type="System.Text.StringBuilder">Creating instance of class BrownShoe.UnitTests.Services.Profiles.CustomerServiceTest.
Calling Test method BrownShoe.UnitTests.Services.Profiles.CustomerServiceTest.Microsoft.VisualStudio.TestTools.TestTypes.Unit.TestMethod.
</trace></traceInfo><stdout type="System.String" /><stderr type="System.String" /><debugTrace type="System.String" /><workItemIds type="System.Collections.Generic.List`1[[System.Int32, mscorlib, Version=2.0.0.0, Culture=neutral, PublicKeyToken=b77a5c561934e089]]"><_size type="System.Int32">0</_size><_version type="System.Int32">1</_version></workItemIds><id type="Microsoft.VisualStudio.TestTools.Common.TestResultId"><runId type="System.Guid">3d9a8baa-b9cb-4717-8a94-3c6445344217</runId><executionId type="Microsoft.VisualStudio.TestTools.Common.TestExecId"><id type="System.Guid">2167dc62-10b3-4b70-9925-bcfe5012ec6a</id></executionId><parentExecId type="Microsoft.VisualStudio.TestTools.Common.TestExecId"><id type="System.Guid">00000000-0000-0000-0000-000000000000</id></parentExecId><testId type="Microsoft.VisualStudio.TestTools.Common.TestId"><id type="System.Guid">b2f56e81-a248-3794-a9a2-d74a9c497c40</id></testId></id><testName type="System.String">SearchTest</testName><testType type="Microsoft.VisualStudio.TestTools.Common.TestType"><id type="System.Guid">13cdc9d9-ddb5-4fa4-a97d-d965ccfc6d4b</id></testType><messageKind type="Microsoft.VisualStudio.TestTools.Common.TestMessageKind"><value__ type="System.Int32">1</value__></messageKind><computerInfo type="Microsoft.VisualStudio.TestTools.Common.ComputerInfo"><m_computerName type="System.String">ECDATA-TFS01</m_computerName></computerInfo><duration type="System.TimeSpan">00:00:00.0027200</duration><startTime type="System.DateTime"><dateData type="System.UInt64">633673775013139196</dateData></startTime><endTime type="System.DateTime"><dateData type="System.UInt64">633673775013139196</dateData></endTime><spoolMessage type="System.Boolean">True</spoolMessage></UnitTestResult><UnitTestResult type="Microsoft.VisualStudio.TestTools.TestTypes.Unit.UnitTestResult, Microsoft.VisualStudio.QualityTools.Tips.UnitTest.ObjectModel, Version=8.0.0.0, Culture=neutral, PublicKeyToken=b03f5f7f11d50a3a"><resultType type="Microsoft.VisualStudio.TestTools.TestTypes.Unit.UnitTestResultType, Microsoft.VisualStudio.QualityTools.Tips.UnitTest.ObjectModel, Version=8.0.0.0, Culture=neutral, PublicKeyToken=b03f5f7f11d50a3a"><value__ type="System.Int32">0</value__></resultType><m_hasSufficientAccess type="System.Boolean">True</m_hasSufficientAccess><counters type="Microsoft.VisualStudio.TestTools.Common.TestResultCounter"><values type="System.Int32">0,0,0,0,0,0,0,0,0,0,0,0,0,0</values><total type="System.Int32">1</total></counters><categoryId type="Microsoft.VisualStudio.TestTools.Common.TestCategoryId"><id type="System.Guid">8c84fa94-04c1-424b-9868-57a2d4851a1d</id></categoryId><outcome type="Microsoft.VisualStudio.TestTools.Common.TestOutcome"><value__ type="System.Int32">1</value__></outcome><errorInfo type="Microsoft.VisualStudio.TestTools.Common.TestResultErrorInfo"><message type="System.String">Test method BrownShoe.UnitTests.Services.Profiles.CustomerServiceTest.UpdateTest threw exception:  System.TypeInitializationException: The type initializer for 'BrownShoe.Profiles.CustomerService' threw an exception. ---&gt;  System.TypeInitializationException: The type initializer for 'BrownShoe.Profiles.ProfileCacheTrackerUsingCookies' threw an exception. ---&gt;  System.Configuration.ConfigurationErrorsException: Failed to obtain the Site Domain Name from the configuration file.</message><stackTrace type="System.String">    at BrownShoe.ConfigurationSettings.get_SiteDomainName() in e:\projects\brownshoe\unit_tests\product\src\BrownShoe\Libraries\Core\ConfigurationSettings.cs:line 997
   at BrownShoe.Profiles.ProfileCacheTrackerUsingCookies..ctor() in e:\projects\brownshoe\unit_tests\product\src\BrownShoe\Libraries\Services\Profiles\ProfileCacheTrackerUsingCookies.cs:line 22
   at BrownShoe.Profiles.ProfileCacheTrackerUsingCookies..cctor() in e:\projects\brownshoe\unit_tests\product\src\BrownShoe\Libraries\Services\Profiles\ProfileCacheTrackerUsingCookies.cs:line 18
 --- End of inner exception stack trace ---
    at BrownShoe.Profiles.ProfileCacheTrackerUsingCookies.get_Current()
   at BrownShoe.Profiles.CustomerService..cctor() in e:\projects\brownshoe\unit_tests\product\src\BrownShoe\Libraries\Services\Profiles\CustomerService.cs:line 26
 --- End of inner exception stack trace ---
    at BrownShoe.Profiles.CustomerService.get_Current()
   at BrownShoe.UnitTests.Services.Profiles.CustomerServiceTest.UpdateTest()
</stackTrace></errorInfo><traceInfo type="Microsoft.VisualStudio.TestTools.Common.TestExecutionTraceInformation"><trace type="System.Text.StringBuilder">Creating instance of class BrownShoe.UnitTests.Services.Profiles.CustomerServiceTest.
Calling Test method BrownShoe.UnitTests.Services.Profiles.CustomerServiceTest.Microsoft.VisualStudio.TestTools.TestTypes.Unit.TestMethod.
</trace></traceInfo><stdout type="System.String" /><stderr type="System.String" /><debugTrace type="System.String" /><workItemIds type="System.Collections.Generic.List`1[[System.Int32, mscorlib, Version=2.0.0.0, Culture=neutral, PublicKeyToken=b77a5c561934e089]]"><_size type="System.Int32">0</_size><_version type="System.Int32">1</_version></workItemIds><id type="Microsoft.VisualStudio.TestTools.Common.TestResultId"><runId type="System.Guid">3d9a8baa-b9cb-4717-8a94-3c6445344217</runId><executionId type="Microsoft.VisualStudio.TestTools.Common.TestExecId"><id type="System.Guid">74bcf18a-89f4-4a38-b39f-58d38b7716c3</id></executionId><parentExecId type="Microsoft.VisualStudio.TestTools.Common.TestExecId"><id type="System.Guid">00000000-0000-0000-0000-000000000000</id></parentExecId><testId type="Microsoft.VisualStudio.TestTools.Common.TestId"><id type="System.Guid">3f56505f-614c-061a-dbe9-81d4a0264e8b</id></testId></id><testName type="System.String">UpdateTest</testName><testType type="Microsoft.VisualStudio.TestTools.Common.TestType"><id type="System.Guid">13cdc9d9-ddb5-4fa4-a97d-d965ccfc6d4b</id></testType><messageKind type="Microsoft.VisualStudio.TestTools.Common.TestMessageKind"><value__ type="System.Int32">1</value__></messageKind><computerInfo type="Microsoft.VisualStudio.TestTools.Common.ComputerInfo"><m_computerName type="System.String">ECDATA-TFS01</m_computerName></computerInfo><duration type="System.TimeSpan">00:00:00.0020003</duration><startTime type="System.DateTime"><dateData type="System.UInt64">633673775013139196</dateData></startTime><endTime type="System.DateTime"><dateData type="System.UInt64">633673775013295456</dateData></endTime><spoolMessage type="System.Boolean">True</spoolMessage></UnitTestResult><UnitTestResult type="Microsoft.VisualStudio.TestTools.TestTypes.Unit.UnitTestResult, Microsoft.VisualStudio.QualityTools.Tips.UnitTest.ObjectModel, Version=8.0.0.0, Culture=neutral, PublicKeyToken=b03f5f7f11d50a3a"><resultType type="Microsoft.VisualStudio.TestTools.TestTypes.Unit.UnitTestResultType, Microsoft.VisualStudio.QualityTools.Tips.UnitTest.ObjectModel, Version=8.0.0.0, Culture=neutral, PublicKeyToken=b03f5f7f11d50a3a"><value__ type="System.Int32">0</value__></resultType><m_hasSufficientAccess type="System.Boolean">True</m_hasSufficientAccess><counters type="Microsoft.VisualStudio.TestTools.Common.TestResultCounter"><values type="System.Int32">0,0,0,0,0,0,0,0,0,0,0,0,0,0</values><total type="System.Int32">1</total></counters><categoryId type="Microsoft.VisualStudio.TestTools.Common.TestCategoryId"><id type="System.Guid">8c84fa94-04c1-424b-9868-57a2d4851a1d</id></categoryId><outcome type="Microsoft.VisualStudio.TestTools.Common.TestOutcome"><value__ type="System.Int32">4</value__></outcome><errorInfo type="Microsoft.VisualStudio.TestTools.Common.TestResultErrorInfo"><message type="System.String">Assert.Inconclusive failed. Verify the correctness of this test method</message><stackTrace type="System.String">   at BrownShoe.UnitTests.Services.Profiles.PermissionsServiceTest.ReadTest()
</stackTrace></errorInfo><traceInfo type="Microsoft.VisualStudio.TestTools.Common.TestExecutionTraceInformation"><trace type="System.Text.StringBuilder">Creating instance of class BrownShoe.UnitTests.Services.Profiles.PermissionsServiceTest.
Calling Test method BrownShoe.UnitTests.Services.Profiles.PermissionsServiceTest.Microsoft.VisualStudio.TestTools.TestTypes.Unit.TestMethod.
</trace></traceInfo><stdout type="System.String" /><stderr type="System.String" /><debugTrace type="System.String" /><workItemIds type="System.Collections.Generic.List`1[[System.Int32, mscorlib, Version=2.0.0.0, Culture=neutral, PublicKeyToken=b77a5c561934e089]]"><_size type="System.Int32">0</_size><_version type="System.Int32">1</_version></workItemIds><id type="Microsoft.VisualStudio.TestTools.Common.TestResultId"><runId type="System.Guid">3d9a8baa-b9cb-4717-8a94-3c6445344217</runId><executionId type="Microsoft.VisualStudio.TestTools.Common.TestExecId"><id type="System.Guid">05ea774e-37e2-45b9-af8c-1f884d119804</id></executionId><parentExecId type="Microsoft.VisualStudio.TestTools.Common.TestExecId"><id type="System.Guid">00000000-0000-0000-0000-000000000000</id></parentExecId><testId type="Microsoft.VisualStudio.TestTools.Common.TestId"><id type="System.Guid">f0139c03-ccf4-315c-2a0c-75331c14f654</id></testId></id><testName type="System.String">ReadTest</testName><testType type="Microsoft.VisualStudio.TestTools.Common.TestType"><id type="System.Guid">13cdc9d9-ddb5-4fa4-a97d-d965ccfc6d4b</id></testType><messageKind type="Microsoft.VisualStudio.TestTools.Common.TestMessageKind"><value__ type="System.Int32">1</value__></messageKind><computerInfo type="Microsoft.VisualStudio.TestTools.Common.ComputerInfo"><m_computerName type="System.String">ECDATA-TFS01</m_computerName></computerInfo><duration type="System.TimeSpan">00:00:00.0011946</duration><startTime type="System.DateTime"><dateData type="System.UInt64">633673775013295456</dateData></startTime><endTime type="System.DateTime"><dateData type="System.UInt64">633673775013451716</dateData></endTime><spoolMessage type="System.Boolean">True</spoolMessage></UnitTestResult><UnitTestResult type="Microsoft.VisualStudio.TestTools.TestTypes.Unit.UnitTestResult, Microsoft.VisualStudio.QualityTools.Tips.UnitTest.ObjectModel, Version=8.0.0.0, Culture=neutral, PublicKeyToken=b03f5f7f11d50a3a"><resultType type="Microsoft.VisualStudio.TestTools.TestTypes.Unit.UnitTestResultType, Microsoft.VisualStudio.QualityTools.Tips.UnitTest.ObjectModel, Version=8.0.0.0, Culture=neutral, PublicKeyToken=b03f5f7f11d50a3a"><value__ type="System.Int32">0</value__></resultType><m_hasSufficientAccess type="System.Boolean">True</m_hasSufficientAccess><counters type="Microsoft.VisualStudio.TestTools.Common.TestResultCounter"><values type="System.Int32">0,0,0,0,0,0,0,0,0,0,0,0,0,0</values><total type="System.Int32">1</total></counters><categoryId type="Microsoft.VisualStudio.TestTools.Common.TestCategoryId"><id type="System.Guid">8c84fa94-04c1-424b-9868-57a2d4851a1d</id></categoryId><outcome type="Microsoft.VisualStudio.TestTools.Common.TestOutcome"><value__ type="System.Int32">1</value__></outcome><errorInfo type="Microsoft.VisualStudio.TestTools.Common.TestResultErrorInfo"><message type="System.String">Test method BrownShoe.UnitTests.Services.Profiles.ProductInfoTest.BrandNameTest threw exception:  System.NullReferenceException: Object reference not set to an instance of an object..</message><stackTrace type="System.String">    at BrownShoe.Profiles.ProductInfo..ctor() in e:\projects\brownshoe\unit_tests\product\src\BrownShoe\Libraries\Services\Profiles\ProductInfo.cs:line 36
   at BrownShoe.UnitTests.Services.Profiles.ProductInfoTest.BrandNameTest()
</stackTrace></errorInfo><traceInfo type="Microsoft.VisualStudio.TestTools.Common.TestExecutionTraceInformation"><trace type="System.Text.StringBuilder">Creating instance of class BrownShoe.UnitTests.Services.Profiles.ProductInfoTest.
Calling Test method BrownShoe.UnitTests.Services.Profiles.ProductInfoTest.Microsoft.VisualStudio.TestTools.TestTypes.Unit.TestMethod.
</trace></traceInfo><stdout type="System.String" /><stderr type="System.String" /><debugTrace type="System.String" /><workItemIds type="System.Collections.Generic.List`1[[System.Int32, mscorlib, Version=2.0.0.0, Culture=neutral, PublicKeyToken=b77a5c561934e089]]"><_size type="System.Int32">0</_size><_version type="System.Int32">1</_version></workItemIds><id type="Microsoft.VisualStudio.TestTools.Common.TestResultId"><runId type="System.Guid">3d9a8baa-b9cb-4717-8a94-3c6445344217</runId><executionId type="Microsoft.VisualStudio.TestTools.Common.TestExecId"><id type="System.Guid">718c0a08-996f-42c5-9fa1-c386f7e97f71</id></executionId><parentExecId type="Microsoft.VisualStudio.TestTools.Common.TestExecId"><id type="System.Guid">00000000-0000-0000-0000-000000000000</id></parentExecId><testId type="Microsoft.VisualStudio.TestTools.Common.TestId"><id type="System.Guid">024f90f2-db66-7d0f-65a2-a7e7f450d0d6</id></testId></id><testName type="System.String">BrandNameTest</testName><testType type="Microsoft.VisualStudio.TestTools.Common.TestType"><id type="System.Guid">13cdc9d9-ddb5-4fa4-a97d-d965ccfc6d4b</id></testType><messageKind type="Microsoft.VisualStudio.TestTools.Common.TestMessageKind"><value__ type="System.Int32">1</value__></messageKind><computerInfo type="Microsoft.VisualStudio.TestTools.Common.ComputerInfo"><m_computerName type="System.String">ECDATA-TFS01</m_computerName></computerInfo><duration type="System.TimeSpan">00:00:00.0017757</duration><startTime type="System.DateTime"><dateData type="System.UInt64">633673775013451716</dateData></startTime><endTime type="System.DateTime"><dateData type="System.UInt64">633673775013451716</dateData></endTime><spoolMessage type="System.Boolean">True</spoolMessage></UnitTestResult><UnitTestResult type="Microsoft.VisualStudio.TestTools.TestTypes.Unit.UnitTestResult, Microsoft.VisualStudio.QualityTools.Tips.UnitTest.ObjectModel, Version=8.0.0.0, Culture=neutral, PublicKeyToken=b03f5f7f11d50a3a"><resultType type="Microsoft.VisualStudio.TestTools.TestTypes.Unit.UnitTestResultType, Microsoft.VisualStudio.QualityTools.Tips.UnitTest.ObjectModel, Version=8.0.0.0, Culture=neutral, PublicKeyToken=b03f5f7f11d50a3a"><value__ type="System.Int32">0</value__></resultType><m_hasSufficientAccess type="System.Boolean">True</m_hasSufficientAccess><counters type="Microsoft.VisualStudio.TestTools.Common.TestResultCounter"><values type="System.Int32">0,0,0,0,0,0,0,0,0,0,0,0,0,0</values><total type="System.Int32">1</total></counters><categoryId type="Microsoft.VisualStudio.TestTools.Common.TestCategoryId"><id type="System.Guid">8c84fa94-04c1-424b-9868-57a2d4851a1d</id></categoryId><outcome type="Microsoft.VisualStudio.TestTools.Common.TestOutcome"><value__ type="System.Int32">1</value__></outcome><errorInfo type="Microsoft.VisualStudio.TestTools.Common.TestResultErrorInfo"><message type="System.String">Test method BrownShoe.UnitTests.Services.Profiles.ProductInfoTest.ColorDescriptionTest threw exception:  System.NullReferenceException: Object reference not set to an instance of an object..</message><stackTrace type="System.String">    at BrownShoe.Profiles.ProductInfo..ctor() in e:\projects\brownshoe\unit_tests\product\src\BrownShoe\Libraries\Services\Profiles\ProductInfo.cs:line 36
   at BrownShoe.UnitTests.Services.Profiles.ProductInfoTest.ColorDescriptionTest()
</stackTrace></errorInfo><traceInfo type="Microsoft.VisualStudio.TestTools.Common.TestExecutionTraceInformation"><trace type="System.Text.StringBuilder">Creating instance of class BrownShoe.UnitTests.Services.Profiles.ProductInfoTest.
Calling Test method BrownShoe.UnitTests.Services.Profiles.ProductInfoTest.Microsoft.VisualStudio.TestTools.TestTypes.Unit.TestMethod.
</trace></traceInfo><stdout type="System.String" /><stderr type="System.String" /><debugTrace type="System.String" /><workItemIds type="System.Collections.Generic.List`1[[System.Int32, mscorlib, Version=2.0.0.0, Culture=neutral, PublicKeyToken=b77a5c561934e089]]"><_size type="System.Int32">0</_size><_version type="System.Int32">1</_version></workItemIds><id type="Microsoft.VisualStudio.TestTools.Common.TestResultId"><runId type="System.Guid">3d9a8baa-b9cb-4717-8a94-3c6445344217</runId><executionId type="Microsoft.VisualStudio.TestTools.Common.TestExecId"><id type="System.Guid">f6356cc0-0a6b-47b2-927e-2d860fdde3a9</id></executionId><parentExecId type="Microsoft.VisualStudio.TestTools.Common.TestExecId"><id type="System.Guid">00000000-0000-0000-0000-000000000000</id></parentExecId><testId type="Microsoft.VisualStudio.TestTools.Common.TestId"><id type="System.Guid">7bdfaff0-9345-fb81-7a07-d92e8e7f91a5</id></testId></id><testName type="System.String">ColorDescriptionTest</testName><testType type="Microsoft.VisualStudio.TestTools.Common.TestType"><id type="System.Guid">13cdc9d9-ddb5-4fa4-a97d-d965ccfc6d4b</id></testType><messageKind type="Microsoft.VisualStudio.TestTools.Common.TestMessageKind"><value__ type="System.Int32">1</value__></messageKind><computerInfo type="Microsoft.VisualStudio.TestTools.Common.ComputerInfo"><m_computerName type="System.String">ECDATA-TFS01</m_computerName></computerInfo><duration type="System.TimeSpan">00:00:00.0019042</duration><startTime type="System.DateTime"><dateData type="System.UInt64">633673775013451716</dateData></startTime><endTime type="System.DateTime"><dateData type="System.UInt64">633673775013607976</dateData></endTime><spoolMessage type="System.Boolean">True</spoolMessage></UnitTestResult><UnitTestResult type="Microsoft.VisualStudio.TestTools.TestTypes.Unit.UnitTestResult, Microsoft.VisualStudio.QualityTools.Tips.UnitTest.ObjectModel, Version=8.0.0.0, Culture=neutral, PublicKeyToken=b03f5f7f11d50a3a"><resultType type="Microsoft.VisualStudio.TestTools.TestTypes.Unit.UnitTestResultType, Microsoft.VisualStudio.QualityTools.Tips.UnitTest.ObjectModel, Version=8.0.0.0, Culture=neutral, PublicKeyToken=b03f5f7f11d50a3a"><value__ type="System.Int32">0</value__></resultType><m_hasSufficientAccess type="System.Boolean">True</m_hasSufficientAccess><counters type="Microsoft.VisualStudio.TestTools.Common.TestResultCounter"><values type="System.Int32">0,0,0,0,0,0,0,0,0,0,0,0,0,0</values><total type="System.Int32">1</total></counters><categoryId type="Microsoft.VisualStudio.TestTools.Common.TestCategoryId"><id type="System.Guid">8c84fa94-04c1-424b-9868-57a2d4851a1d</id></categoryId><outcome type="Microsoft.VisualStudio.TestTools.Common.TestOutcome"><value__ type="System.Int32">1</value__></outcome><errorInfo type="Microsoft.VisualStudio.TestTools.Common.TestResultErrorInfo"><message type="System.String">Test method BrownShoe.UnitTests.Services.Profiles.ProductInfoTest.GetProductInfoFromVariantSizeWidthTest threw exception:  System.ArgumentNullException: Value cannot be null.
Parameter name: encryptedData.</message><stackTrace type="System.String">    at Microsoft.CommerceServer.Catalog.CatalogContext.InternalCreate(CatalogSiteAgent catalogSiteAgent, DebugContext debugContext, CacheConfiguration cacheConfiguration)
   at Microsoft.CommerceServer.Catalog.CatalogContext.Create(CatalogSiteAgent catalogSiteAgent)
   at BrownShoe.UnitTests.Services.Profiles.ProductInfoTest.GetProductInfoFromVariantSizeWidthTest()
</stackTrace></errorInfo><traceInfo type="Microsoft.VisualStudio.TestTools.Common.TestExecutionTraceInformation"><trace type="System.Text.StringBuilder">Creating instance of class BrownShoe.UnitTests.Services.Profiles.ProductInfoTest.
Calling Test method BrownShoe.UnitTests.Services.Profiles.ProductInfoTest.Microsoft.VisualStudio.TestTools.TestTypes.Unit.TestMethod.
</trace></traceInfo><stdout type="System.String" /><stderr type="System.String" /><debugTrace type="System.String" /><workItemIds type="System.Collections.Generic.List`1[[System.Int32, mscorlib, Version=2.0.0.0, Culture=neutral, PublicKeyToken=b77a5c561934e089]]"><_size type="System.Int32">0</_size><_version type="System.Int32">1</_version></workItemIds><id type="Microsoft.VisualStudio.TestTools.Common.TestResultId"><runId type="System.Guid">3d9a8baa-b9cb-4717-8a94-3c6445344217</runId><executionId type="Microsoft.VisualStudio.TestTools.Common.TestExecId"><id type="System.Guid">bb1514dd-3f78-49b9-8813-90cddc906796</id></executionId><parentExecId type="Microsoft.VisualStudio.TestTools.Common.TestExecId"><id type="System.Guid">00000000-0000-0000-0000-000000000000</id></parentExecId><testId type="Microsoft.VisualStudio.TestTools.Common.TestId"><id type="System.Guid">16193e01-7037-ba77-2c53-145c7e3d3c28</id></testId></id><testName type="System.String">GetProductInfoFromVariantSizeWidthTest</testName><testType type="Microsoft.VisualStudio.TestTools.Common.TestType"><id type="System.Guid">13cdc9d9-ddb5-4fa4-a97d-d965ccfc6d4b</id></testType><messageKind type="Microsoft.VisualStudio.TestTools.Common.TestMessageKind"><value__ type="System.Int32">1</value__></messageKind><computerInfo type="Microsoft.VisualStudio.TestTools.Common.ComputerInfo"><m_computerName type="System.String">ECDATA-TFS01</m_computerName></computerInfo><duration type="System.TimeSpan">00:00:00.1763327</duration><startTime type="System.DateTime"><dateData type="System.UInt64">633673775013607976</dateData></startTime><endTime type="System.DateTime"><dateData type="System.UInt64">633673775015483096</dateData></endTime><spoolMessage type="System.Boolean">True</spoolMessage></UnitTestResult><UnitTestResult type="Microsoft.VisualStudio.TestTools.TestTypes.Unit.UnitTestResult, Microsoft.VisualStudio.QualityTools.Tips.UnitTest.ObjectModel, Version=8.0.0.0, Culture=neutral, PublicKeyToken=b03f5f7f11d50a3a"><resultType type="Microsoft.VisualStudio.TestTools.TestTypes.Unit.UnitTestResultType, Microsoft.VisualStudio.QualityTools.Tips.UnitTest.ObjectModel, Version=8.0.0.0, Culture=neutral, PublicKeyToken=b03f5f7f11d50a3a"><value__ type="System.Int32">0</value__></resultType><m_hasSufficientAccess type="System.Boolean">True</m_hasSufficientAccess><counters type="Microsoft.VisualStudio.TestTools.Common.TestResultCounter"><values type="System.Int32">0,0,0,0,0,0,0,0,0,0,0,0,0,0</values><total type="System.Int32">1</total></counters><categoryId type="Microsoft.VisualStudio.TestTools.Common.TestCategoryId"><id type="System.Guid">8c84fa94-04c1-424b-9868-57a2d4851a1d</id></categoryId><outcome type="Microsoft.VisualStudio.TestTools.Common.TestOutcome"><value__ type="System.Int32">1</value__></outcome><errorInfo type="Microsoft.VisualStudio.TestTools.Common.TestResultErrorInfo"><message type="System.String">Test method BrownShoe.UnitTests.Services.Profiles.ProductInfoTest.ImageThumbnailNameTest threw exception:  System.NullReferenceException: Object reference not set to an instance of an object..</message><stackTrace type="System.String">    at BrownShoe.Profiles.ProductInfo..ctor() in e:\projects\brownshoe\unit_tests\product\src\BrownShoe\Libraries\Services\Profiles\ProductInfo.cs:line 36
   at BrownShoe.UnitTests.Services.Profiles.ProductInfoTest.ImageThumbnailNameTest()
</stackTrace></errorInfo><traceInfo type="Microsoft.VisualStudio.TestTools.Common.TestExecutionTraceInformation"><trace type="System.Text.StringBuilder">Creating instance of class BrownShoe.UnitTests.Services.Profiles.ProductInfoTest.
Calling Test method BrownShoe.UnitTests.Services.Profiles.ProductInfoTest.Microsoft.VisualStudio.TestTools.TestTypes.Unit.TestMethod.
</trace></traceInfo><stdout type="System.String" /><stderr type="System.String" /><debugTrace type="System.String" /><workItemIds type="System.Collections.Generic.List`1[[System.Int32, mscorlib, Version=2.0.0.0, Culture=neutral, PublicKeyToken=b77a5c561934e089]]"><_size type="System.Int32">0</_size><_version type="System.Int32">1</_version></workItemIds><id type="Microsoft.VisualStudio.TestTools.Common.TestResultId"><runId type="System.Guid">3d9a8baa-b9cb-4717-8a94-3c6445344217</runId><executionId type="Microsoft.VisualStudio.TestTools.Common.TestExecId"><id type="System.Guid">23edecf9-f551-475b-a32a-fb2f6ab4aa14</id></executionId><parentExecId type="Microsoft.VisualStudio.TestTools.Common.TestExecId"><id type="System.Guid">00000000-0000-0000-0000-000000000000</id></parentExecId><testId type="Microsoft.VisualStudio.TestTools.Common.TestId"><id type="System.Guid">91c630ad-7f00-6495-0fad-06c3622cf1e4</id></testId></id><testName type="System.String">ImageThumbnailNameTest</testName><testType type="Microsoft.VisualStudio.TestTools.Common.TestType"><id type="System.Guid">13cdc9d9-ddb5-4fa4-a97d-d965ccfc6d4b</id></testType><messageKind type="Microsoft.VisualStudio.TestTools.Common.TestMessageKind"><value__ type="System.Int32">1</value__></messageKind><computerInfo type="Microsoft.VisualStudio.TestTools.Common.ComputerInfo"><m_computerName type="System.String">ECDATA-TFS01</m_computerName></computerInfo><duration type="System.TimeSpan">00:00:00.0011212</duration><startTime type="System.DateTime"><dateData type="System.UInt64">633673775015483096</dateData></startTime><endTime type="System.DateTime"><dateData type="System.UInt64">633673775015483096</dateData></endTime><spoolMessage type="System.Boolean">True</spoolMessage></UnitTestResult><UnitTestResult type="Microsoft.VisualStudio.TestTools.TestTypes.Unit.UnitTestResult, Microsoft.VisualStudio.QualityTools.Tips.UnitTest.ObjectModel, Version=8.0.0.0, Culture=neutral, PublicKeyToken=b03f5f7f11d50a3a"><resultType type="Microsoft.VisualStudio.TestTools.TestTypes.Unit.UnitTestResultType, Microsoft.VisualStudio.QualityTools.Tips.UnitTest.ObjectModel, Version=8.0.0.0, Culture=neutral, PublicKeyToken=b03f5f7f11d50a3a"><value__ type="System.Int32">0</value__></resultType><m_hasSufficientAccess type="System.Boolean">True</m_hasSufficientAccess><counters type="Microsoft.VisualStudio.TestTools.Common.TestResultCounter"><values type="System.Int32">0,0,0,0,0,0,0,0,0,0,0,0,0,0</values><total type="System.Int32">1</total></counters><categoryId type="Microsoft.VisualStudio.TestTools.Common.TestCategoryId"><id type="System.Guid">8c84fa94-04c1-424b-9868-57a2d4851a1d</id></categoryId><outcome type="Microsoft.VisualStudio.TestTools.Common.TestOutcome"><value__ type="System.Int32">1</value__></outcome><errorInfo type="Microsoft.VisualStudio.TestTools.Common.TestResultErrorInfo"><message type="System.String">Test method BrownShoe.UnitTests.Services.Profiles.ProductInfoTest.ProductGroupIDTest threw exception:  System.NullReferenceException: Object reference not set to an instance of an object..</message><stackTrace type="System.String">    at BrownShoe.Profiles.ProductInfo..ctor() in e:\projects\brownshoe\unit_tests\product\src\BrownShoe\Libraries\Services\Profiles\ProductInfo.cs:line 36
   at BrownShoe.UnitTests.Services.Profiles.ProductInfoTest.ProductGroupIDTest()
</stackTrace></errorInfo><traceInfo type="Microsoft.VisualStudio.TestTools.Common.TestExecutionTraceInformation"><trace type="System.Text.StringBuilder">Creating instance of class BrownShoe.UnitTests.Services.Profiles.ProductInfoTest.
Calling Test method BrownShoe.UnitTests.Services.Profiles.ProductInfoTest.Microsoft.VisualStudio.TestTools.TestTypes.Unit.TestMethod.
</trace></traceInfo><stdout type="System.String" /><stderr type="System.String" /><debugTrace type="System.String" /><workItemIds type="System.Collections.Generic.List`1[[System.Int32, mscorlib, Version=2.0.0.0, Culture=neutral, PublicKeyToken=b77a5c561934e089]]"><_size type="System.Int32">0</_size><_version type="System.Int32">1</_version></workItemIds><id type="Microsoft.VisualStudio.TestTools.Common.TestResultId"><runId type="System.Guid">3d9a8baa-b9cb-4717-8a94-3c6445344217</runId><executionId type="Microsoft.VisualStudio.TestTools.Common.TestExecId"><id type="System.Guid">9880b1dc-5d79-4f33-9b53-b02ac14bd378</id></executionId><parentExecId type="Microsoft.VisualStudio.TestTools.Common.TestExecId"><id type="System.Guid">00000000-0000-0000-0000-000000000000</id></parentExecId><testId type="Microsoft.VisualStudio.TestTools.Common.TestId"><id type="System.Guid">b922b997-2523-502f-376b-2d4238193760</id></testId></id><testName type="System.String">ProductGroupIDTest</testName><testType type="Microsoft.VisualStudio.TestTools.Common.TestType"><id type="System.Guid">13cdc9d9-ddb5-4fa4-a97d-d965ccfc6d4b</id></testType><messageKind type="Microsoft.VisualStudio.TestTools.Common.TestMessageKind"><value__ type="System.Int32">1</value__></messageKind><computerInfo type="Microsoft.VisualStudio.TestTools.Common.ComputerInfo"><m_computerName type="System.String">ECDATA-TFS01</m_computerName></computerInfo><duration type="System.TimeSpan">00:00:00.0009717</duration><startTime type="System.DateTime"><dateData type="System.UInt64">633673775015483096</dateData></startTime><endTime type="System.DateTime"><dateData type="System.UInt64">633673775015483096</dateData></endTime><spoolMessage type="System.Boolean">True</spoolMessage></UnitTestResult><UnitTestResult type="Microsoft.VisualStudio.TestTools.TestTypes.Unit.UnitTestResult, Microsoft.VisualStudio.QualityTools.Tips.UnitTest.ObjectModel, Version=8.0.0.0, Culture=neutral, PublicKeyToken=b03f5f7f11d50a3a"><resultType type="Microsoft.VisualStudio.TestTools.TestTypes.Unit.UnitTestResultType, Microsoft.VisualStudio.QualityTools.Tips.UnitTest.ObjectModel, Version=8.0.0.0, Culture=neutral, PublicKeyToken=b03f5f7f11d50a3a"><value__ type="System.Int32">0</value__></resultType><m_hasSufficientAccess type="System.Boolean">True</m_hasSufficientAccess><counters type="Microsoft.VisualStudio.TestTools.Common.TestResultCounter"><values type="System.Int32">0,0,0,0,0,0,0,0,0,0,0,0,0,0</values><total type="System.Int32">1</total></counters><categoryId type="Microsoft.VisualStudio.TestTools.Common.TestCategoryId"><id type="System.Guid">8c84fa94-04c1-424b-9868-57a2d4851a1d</id></categoryId><outcome type="Microsoft.VisualStudio.TestTools.Common.TestOutcome"><value__ type="System.Int32">1</value__></outcome><errorInfo type="Microsoft.VisualStudio.TestTools.Common.TestResultErrorInfo"><message type="System.String">Test method BrownShoe.UnitTests.Services.Profiles.ProductInfoTest.RetailPriceTest threw exception:  System.NullReferenceException: Object reference not set to an instance of an object..</message><stackTrace type="System.String">    at BrownShoe.Profiles.ProductInfo..ctor() in e:\projects\brownshoe\unit_tests\product\src\BrownShoe\Libraries\Services\Profiles\ProductInfo.cs:line 36
   at BrownShoe.UnitTests.Services.Profiles.ProductInfoTest.RetailPriceTest()
</stackTrace></errorInfo><traceInfo type="Microsoft.VisualStudio.TestTools.Common.TestExecutionTraceInformation"><trace type="System.Text.StringBuilder">Creating instance of class BrownShoe.UnitTests.Services.Profiles.ProductInfoTest.
Calling Test method BrownShoe.UnitTests.Services.Profiles.ProductInfoTest.Microsoft.VisualStudio.TestTools.TestTypes.Unit.TestMethod.
</trace></traceInfo><stdout type="System.String" /><stderr type="System.String" /><debugTrace type="System.String" /><workItemIds type="System.Collections.Generic.List`1[[System.Int32, mscorlib, Version=2.0.0.0, Culture=neutral, PublicKeyToken=b77a5c561934e089]]"><_size type="System.Int32">0</_size><_version type="System.Int32">1</_version></workItemIds><id type="Microsoft.VisualStudio.TestTools.Common.TestResultId"><runId type="System.Guid">3d9a8baa-b9cb-4717-8a94-3c6445344217</runId><executionId type="Microsoft.VisualStudio.TestTools.Common.TestExecId"><id type="System.Guid">23834f15-b4a4-4d81-9c45-dc395006de09</id></executionId><parentExecId type="Microsoft.VisualStudio.TestTools.Common.TestExecId"><id type="System.Guid">00000000-0000-0000-0000-000000000000</id></parentExecId><testId type="Microsoft.VisualStudio.TestTools.Common.TestId"><id type="System.Guid">5bae916d-1191-e528-6496-1e8ff72f61bc</id></testId></id><testName type="System.String">RetailPriceTest</testName><testType type="Microsoft.VisualStudio.TestTools.Common.TestType"><id type="System.Guid">13cdc9d9-ddb5-4fa4-a97d-d965ccfc6d4b</id></testType><messageKind type="Microsoft.VisualStudio.TestTools.Common.TestMessageKind"><value__ type="System.Int32">1</value__></messageKind><computerInfo type="Microsoft.VisualStudio.TestTools.Common.ComputerInfo"><m_computerName type="System.String">ECDATA-TFS01</m_computerName></computerInfo><duration type="System.TimeSpan">00:00:00.0014962</duration><startTime type="System.DateTime"><dateData type="System.UInt64">633673775015483096</dateData></startTime><endTime type="System.DateTime"><dateData type="System.UInt64">633673775015639356</dateData></endTime><spoolMessage type="System.Boolean">True</spoolMessage></UnitTestResult><UnitTestResult type="Microsoft.VisualStudio.TestTools.TestTypes.Unit.UnitTestResult, Microsoft.VisualStudio.QualityTools.Tips.UnitTest.ObjectModel, Version=8.0.0.0, Culture=neutral, PublicKeyToken=b03f5f7f11d50a3a"><resultType type="Microsoft.VisualStudio.TestTools.TestTypes.Unit.UnitTestResultType, Microsoft.VisualStudio.QualityTools.Tips.UnitTest.ObjectModel, Version=8.0.0.0, Culture=neutral, PublicKeyToken=b03f5f7f11d50a3a"><value__ type="System.Int32">0</value__></resultType><m_hasSufficientAccess type="System.Boolean">True</m_hasSufficientAccess><counters type="Microsoft.VisualStudio.TestTools.Common.TestResultCounter"><values type="System.Int32">0,0,0,0,0,0,0,0,0,0,0,0,0,0</values><total type="System.Int32">1</total></counters><categoryId type="Microsoft.VisualStudio.TestTools.Common.TestCategoryId"><id type="System.Guid">8c84fa94-04c1-424b-9868-57a2d4851a1d</id></categoryId><outcome type="Microsoft.VisualStudio.TestTools.Common.TestOutcome"><value__ type="System.Int32">1</value__></outcome><errorInfo type="Microsoft.VisualStudio.TestTools.Common.TestResultErrorInfo"><message type="System.String">Test method BrownShoe.UnitTests.Services.Profiles.ProductInfoTest.SalePriceTest threw exception:  System.NullReferenceException: Object reference not set to an instance of an object..</message><stackTrace type="System.String">    at BrownShoe.Profiles.ProductInfo..ctor() in e:\projects\brownshoe\unit_tests\product\src\BrownShoe\Libraries\Services\Profiles\ProductInfo.cs:line 36
   at BrownShoe.UnitTests.Services.Profiles.ProductInfoTest.SalePriceTest()
</stackTrace></errorInfo><traceInfo type="Microsoft.VisualStudio.TestTools.Common.TestExecutionTraceInformation"><trace type="System.Text.StringBuilder">Creating instance of class BrownShoe.UnitTests.Services.Profiles.ProductInfoTest.
Calling Test method BrownShoe.UnitTests.Services.Profiles.ProductInfoTest.Microsoft.VisualStudio.TestTools.TestTypes.Unit.TestMethod.
</trace></traceInfo><stdout type="System.String" /><stderr type="System.String" /><debugTrace type="System.String" /><workItemIds type="System.Collections.Generic.List`1[[System.Int32, mscorlib, Version=2.0.0.0, Culture=neutral, PublicKeyToken=b77a5c561934e089]]"><_size type="System.Int32">0</_size><_version type="System.Int32">1</_version></workItemIds><id type="Microsoft.VisualStudio.TestTools.Common.TestResultId"><runId type="System.Guid">3d9a8baa-b9cb-4717-8a94-3c6445344217</runId><executionId type="Microsoft.VisualStudio.TestTools.Common.TestExecId"><id type="System.Guid">4d9c4fdb-ce36-4341-a576-5ff52908b7dd</id></executionId><parentExecId type="Microsoft.VisualStudio.TestTools.Common.TestExecId"><id type="System.Guid">00000000-0000-0000-0000-000000000000</id></parentExecId><testId type="Microsoft.VisualStudio.TestTools.Common.TestId"><id type="System.Guid">b5594375-8fa3-4fec-e3cf-ed9099264951</id></testId></id><testName type="System.String">SalePriceTest</testName><testType type="Microsoft.VisualStudio.TestTools.Common.TestType"><id type="System.Guid">13cdc9d9-ddb5-4fa4-a97d-d965ccfc6d4b</id></testType><messageKind type="Microsoft.VisualStudio.TestTools.Common.TestMessageKind"><value__ type="System.Int32">1</value__></messageKind><computerInfo type="Microsoft.VisualStudio.TestTools.Common.ComputerInfo"><m_computerName type="System.String">ECDATA-TFS01</m_computerName></computerInfo><duration type="System.TimeSpan">00:00:00.0009678</duration><startTime type="System.DateTime"><dateData type="System.UInt64">633673775015639356</dateData></startTime><endTime type="System.DateTime"><dateData type="System.UInt64">633673775015639356</dateData></endTime><spoolMessage type="System.Boolean">True</spoolMessage></UnitTestResult><UnitTestResult type="Microsoft.VisualStudio.TestTools.TestTypes.Unit.UnitTestResult, Microsoft.VisualStudio.QualityTools.Tips.UnitTest.ObjectModel, Version=8.0.0.0, Culture=neutral, PublicKeyToken=b03f5f7f11d50a3a"><resultType type="Microsoft.VisualStudio.TestTools.TestTypes.Unit.UnitTestResultType, Microsoft.VisualStudio.QualityTools.Tips.UnitTest.ObjectModel, Version=8.0.0.0, Culture=neutral, PublicKeyToken=b03f5f7f11d50a3a"><value__ type="System.Int32">0</value__></resultType><m_hasSufficientAccess type="System.Boolean">True</m_hasSufficientAccess><counters type="Microsoft.VisualStudio.TestTools.Common.TestResultCounter"><values type="System.Int32">0,0,0,0,0,0,0,0,0,0,0,0,0,0</values><total type="System.Int32">1</total></counters><categoryId type="Microsoft.VisualStudio.TestTools.Common.TestCategoryId"><id type="System.Guid">8c84fa94-04c1-424b-9868-57a2d4851a1d</id></categoryId><outcome type="Microsoft.VisualStudio.TestTools.Common.TestOutcome"><value__ type="System.Int32">1</value__></outcome><errorInfo type="Microsoft.VisualStudio.TestTools.Common.TestResultErrorInfo"><message type="System.String">Test method BrownShoe.UnitTests.Services.Profiles.ProductInfoTest.ShoeDescriptionTest threw exception:  System.NullReferenceException: Object reference not set to an instance of an object..</message><stackTrace type="System.String">    at BrownShoe.Profiles.ProductInfo..ctor() in e:\projects\brownshoe\unit_tests\product\src\BrownShoe\Libraries\Services\Profiles\ProductInfo.cs:line 36
   at BrownShoe.UnitTests.Services.Profiles.ProductInfoTest.ShoeDescriptionTest()
</stackTrace></errorInfo><traceInfo type="Microsoft.VisualStudio.TestTools.Common.TestExecutionTraceInformation"><trace type="System.Text.StringBuilder">Creating instance of class BrownShoe.UnitTests.Services.Profiles.ProductInfoTest.
Calling Test method BrownShoe.UnitTests.Services.Profiles.ProductInfoTest.Microsoft.VisualStudio.TestTools.TestTypes.Unit.TestMethod.
</trace></traceInfo><stdout type="System.String" /><stderr type="System.String" /><debugTrace type="System.String" /><workItemIds type="System.Collections.Generic.List`1[[System.Int32, mscorlib, Version=2.0.0.0, Culture=neutral, PublicKeyToken=b77a5c561934e089]]"><_size type="System.Int32">0</_size><_version type="System.Int32">1</_version></workItemIds><id type="Microsoft.VisualStudio.TestTools.Common.TestResultId"><runId type="System.Guid">3d9a8baa-b9cb-4717-8a94-3c6445344217</runId><executionId type="Microsoft.VisualStudio.TestTools.Common.TestExecId"><id type="System.Guid">0942f394-4559-4b2e-bead-7d8be925e5a2</id></executionId><parentExecId type="Microsoft.VisualStudio.TestTools.Common.TestExecId"><id type="System.Guid">00000000-0000-0000-0000-000000000000</id></parentExecId><testId type="Microsoft.VisualStudio.TestTools.Common.TestId"><id type="System.Guid">a0bc831e-0f29-968e-4451-1ccc63107960</id></testId></id><testName type="System.String">ShoeDescriptionTest</testName><testType type="Microsoft.VisualStudio.TestTools.Common.TestType"><id type="System.Guid">13cdc9d9-ddb5-4fa4-a97d-d965ccfc6d4b</id></testType><messageKind type="Microsoft.VisualStudio.TestTools.Common.TestMessageKind"><value__ type="System.Int32">1</value__></messageKind><computerInfo type="Microsoft.VisualStudio.TestTools.Common.ComputerInfo"><m_computerName type="System.String">ECDATA-TFS01</m_computerName></computerInfo><duration type="System.TimeSpan">00:00:00.0013490</duration><startTime type="System.DateTime"><dateData type="System.UInt64">633673775015639356</dateData></startTime><endTime type="System.DateTime"><dateData type="System.UInt64">633673775015795616</dateData></endTime><spoolMessage type="System.Boolean">True</spoolMessage></UnitTestResult><UnitTestResult type="Microsoft.VisualStudio.TestTools.TestTypes.Unit.UnitTestResult, Microsoft.VisualStudio.QualityTools.Tips.UnitTest.ObjectModel, Version=8.0.0.0, Culture=neutral, PublicKeyToken=b03f5f7f11d50a3a"><resultType type="Microsoft.VisualStudio.TestTools.TestTypes.Unit.UnitTestResultType, Microsoft.VisualStudio.QualityTools.Tips.UnitTest.ObjectModel, Version=8.0.0.0, Culture=neutral, PublicKeyToken=b03f5f7f11d50a3a"><value__ type="System.Int32">0</value__></resultType><m_hasSufficientAccess type="System.Boolean">True</m_hasSufficientAccess><counters type="Microsoft.VisualStudio.TestTools.Common.TestResultCounter"><values type="System.Int32">0,0,0,0,0,0,0,0,0,0,0,0,0,0</values><total type="System.Int32">1</total></counters><categoryId type="Microsoft.VisualStudio.TestTools.Common.TestCategoryId"><id type="System.Guid">8c84fa94-04c1-424b-9868-57a2d4851a1d</id></categoryId><outcome type="Microsoft.VisualStudio.TestTools.Common.TestOutcome"><value__ type="System.Int32">1</value__></outcome><errorInfo type="Microsoft.VisualStudio.TestTools.Common.TestResultErrorInfo"><message type="System.String">Test method BrownShoe.UnitTests.Services.Profiles.ProfileServiceTest.AddAddressToProfileTest threw exception:  System.TypeInitializationException: The type initializer for 'BrownShoe.Profiles.CustomerService' threw an exception. ---&gt;  System.TypeInitializationException: The type initializer for 'BrownShoe.Profiles.ProfileCacheTrackerUsingCookies' threw an exception. ---&gt;  System.Configuration.ConfigurationErrorsException: Failed to obtain the Site Domain Name from the configuration file.</message><stackTrace type="System.String">    at BrownShoe.ConfigurationSettings.get_SiteDomainName() in e:\projects\brownshoe\unit_tests\product\src\BrownShoe\Libraries\Core\ConfigurationSettings.cs:line 997
   at BrownShoe.Profiles.ProfileCacheTrackerUsingCookies..ctor() in e:\projects\brownshoe\unit_tests\product\src\BrownShoe\Libraries\Services\Profiles\ProfileCacheTrackerUsingCookies.cs:line 22
   at BrownShoe.Profiles.ProfileCacheTrackerUsingCookies..cctor() in e:\projects\brownshoe\unit_tests\product\src\BrownShoe\Libraries\Services\Profiles\ProfileCacheTrackerUsingCookies.cs:line 18
 --- End of inner exception stack trace ---
    at BrownShoe.Profiles.ProfileCacheTrackerUsingCookies.get_Current()
   at BrownShoe.Profiles.CustomerService..cctor() in e:\projects\brownshoe\unit_tests\product\src\BrownShoe\Libraries\Services\Profiles\CustomerService.cs:line 26
 --- End of inner exception stack trace ---
    at BrownShoe.Profiles.CustomerService.get_Current()
   at BrownShoe.UnitTests.Services.Profiles.ProfileServiceTest.CreateProfile()
   at BrownShoe.UnitTests.Services.Profiles.ProfileServiceTest.AddAddressToProfileTest()
</stackTrace></errorInfo><traceInfo type="Microsoft.VisualStudio.TestTools.Common.TestExecutionTraceInformation"><trace type="System.Text.StringBuilder">Creating instance of class BrownShoe.UnitTests.Services.Profiles.ProfileServiceTest.
Calling Test method BrownShoe.UnitTests.Services.Profiles.ProfileServiceTest.Microsoft.VisualStudio.TestTools.TestTypes.Unit.TestMethod.
</trace></traceInfo><stdout type="System.String" /><stderr type="System.String" /><debugTrace type="System.String" /><workItemIds type="System.Collections.Generic.List`1[[System.Int32, mscorlib, Version=2.0.0.0, Culture=neutral, PublicKeyToken=b77a5c561934e089]]"><_size type="System.Int32">0</_size><_version type="System.Int32">1</_version></workItemIds><id type="Microsoft.VisualStudio.TestTools.Common.TestResultId"><runId type="System.Guid">3d9a8baa-b9cb-4717-8a94-3c6445344217</runId><executionId type="Microsoft.VisualStudio.TestTools.Common.TestExecId"><id type="System.Guid">34ef0fde-1be7-43cc-bce6-aeafa2728854</id></executionId><parentExecId type="Microsoft.VisualStudio.TestTools.Common.TestExecId"><id type="System.Guid">00000000-0000-0000-0000-000000000000</id></parentExecId><testId type="Microsoft.VisualStudio.TestTools.Common.TestId"><id type="System.Guid">2b161261-807b-f0ea-23d3-90395367cf10</id></testId></id><testName type="System.String">AddAddressToProfileTest</testName><testType type="Microsoft.VisualStudio.TestTools.Common.TestType"><id type="System.Guid">13cdc9d9-ddb5-4fa4-a97d-d965ccfc6d4b</id></testType><messageKind type="Microsoft.VisualStudio.TestTools.Common.TestMessageKind"><value__ type="System.Int32">1</value__></messageKind><computerInfo type="Microsoft.VisualStudio.TestTools.Common.ComputerInfo"><m_computerName type="System.String">ECDATA-TFS01</m_computerName></computerInfo><duration type="System.TimeSpan">00:00:00.0027856</duration><startTime type="System.DateTime"><dateData type="System.UInt64">633673775015795616</dateData></startTime><endTime type="System.DateTime"><dateData type="System.UInt64">633673775015795616</dateData></endTime><spoolMessage type="System.Boolean">True</spoolMessage></UnitTestResult><UnitTestResult type="Microsoft.VisualStudio.TestTools.TestTypes.Unit.UnitTestResult, Microsoft.VisualStudio.QualityTools.Tips.UnitTest.ObjectModel, Version=8.0.0.0, Culture=neutral, PublicKeyToken=b03f5f7f11d50a3a"><resultType type="Microsoft.VisualStudio.TestTools.TestTypes.Unit.UnitTestResultType, Microsoft.VisualStudio.QualityTools.Tips.UnitTest.ObjectModel, Version=8.0.0.0, Culture=neutral, PublicKeyToken=b03f5f7f11d50a3a"><value__ type="System.Int32">0</value__></resultType><m_hasSufficientAccess type="System.Boolean">True</m_hasSufficientAccess><counters type="Microsoft.VisualStudio.TestTools.Common.TestResultCounter"><values type="System.Int32">0,0,0,0,0,0,0,0,0,0,0,0,0,0</values><total type="System.Int32">1</total></counters><categoryId type="Microsoft.VisualStudio.TestTools.Common.TestCategoryId"><id type="System.Guid">8c84fa94-04c1-424b-9868-57a2d4851a1d</id></categoryId><outcome type="Microsoft.VisualStudio.TestTools.Common.TestOutcome"><value__ type="System.Int32">1</value__></outcome><errorInfo type="Microsoft.VisualStudio.TestTools.Common.TestResultErrorInfo"><message type="System.String">Test method BrownShoe.UnitTests.Services.Profiles.ProfileServiceTest.AddCreditCardToProfileTest threw exception:  System.TypeInitializationException: The type initializer for 'BrownShoe.Profiles.CustomerService' threw an exception. ---&gt;  System.TypeInitializationException: The type initializer for 'BrownShoe.Profiles.ProfileCacheTrackerUsingCookies' threw an exception. ---&gt;  System.Configuration.ConfigurationErrorsException: Failed to obtain the Site Domain Name from the configuration file.</message><stackTrace type="System.String">    at BrownShoe.ConfigurationSettings.get_SiteDomainName() in e:\projects\brownshoe\unit_tests\product\src\BrownShoe\Libraries\Core\ConfigurationSettings.cs:line 997
   at BrownShoe.Profiles.ProfileCacheTrackerUsingCookies..ctor() in e:\projects\brownshoe\unit_tests\product\src\BrownShoe\Libraries\Services\Profiles\ProfileCacheTrackerUsingCookies.cs:line 22
   at BrownShoe.Profiles.ProfileCacheTrackerUsingCookies..cctor() in e:\projects\brownshoe\unit_tests\product\src\BrownShoe\Libraries\Services\Profiles\ProfileCacheTrackerUsingCookies.cs:line 18
 --- End of inner exception stack trace ---
    at BrownShoe.Profiles.ProfileCacheTrackerUsingCookies.get_Current()
   at BrownShoe.Profiles.CustomerService..cctor() in e:\projects\brownshoe\unit_tests\product\src\BrownShoe\Libraries\Services\Profiles\CustomerService.cs:line 26
 --- End of inner exception stack trace ---
    at BrownShoe.Profiles.CustomerService.get_Current()
   at BrownShoe.UnitTests.Services.Profiles.ProfileServiceTest.CreateProfile()
   at BrownShoe.UnitTests.Services.Profiles.ProfileServiceTest.AddCreditCardToProfileTest()
</stackTrace></errorInfo><traceInfo type="Microsoft.VisualStudio.TestTools.Common.TestExecutionTraceInformation"><trace type="System.Text.StringBuilder">Creating instance of class BrownShoe.UnitTests.Services.Profiles.ProfileServiceTest.
Calling Test method BrownShoe.UnitTests.Services.Profiles.ProfileServiceTest.Microsoft.VisualStudio.TestTools.TestTypes.Unit.TestMethod.
</trace></traceInfo><stdout type="System.String" /><stderr type="System.String" /><debugTrace type="System.String" /><workItemIds type="System.Collections.Generic.List`1[[System.Int32, mscorlib, Version=2.0.0.0, Culture=neutral, PublicKeyToken=b77a5c561934e089]]"><_size type="System.Int32">0</_size><_version type="System.Int32">1</_version></workItemIds><id type="Microsoft.VisualStudio.TestTools.Common.TestResultId"><runId type="System.Guid">3d9a8baa-b9cb-4717-8a94-3c6445344217</runId><executionId type="Microsoft.VisualStudio.TestTools.Common.TestExecId"><id type="System.Guid">ac5f2072-f544-4103-b1e0-e5d3756793ee</id></executionId><parentExecId type="Microsoft.VisualStudio.TestTools.Common.TestExecId"><id type="System.Guid">00000000-0000-0000-0000-000000000000</id></parentExecId><testId type="Microsoft.VisualStudio.TestTools.Common.TestId"><id type="System.Guid">9d510392-21b8-6b52-6214-2032856c4a75</id></testId></id><testName type="System.String">AddCreditCardToProfileTest</testName><testType type="Microsoft.VisualStudio.TestTools.Common.TestType"><id type="System.Guid">13cdc9d9-ddb5-4fa4-a97d-d965ccfc6d4b</id></testType><messageKind type="Microsoft.VisualStudio.TestTools.Common.TestMessageKind"><value__ type="System.Int32">1</value__></messageKind><computerInfo type="Microsoft.VisualStudio.TestTools.Common.ComputerInfo"><m_computerName type="System.String">ECDATA-TFS01</m_computerName></computerInfo><duration type="System.TimeSpan">00:00:00.0036379</duration><startTime type="System.DateTime"><dateData type="System.UInt64">633673775015795616</dateData></startTime><endTime type="System.DateTime"><dateData type="System.UInt64">633673775015951876</dateData></endTime><spoolMessage type="System.Boolean">True</spoolMessage></UnitTestResult><UnitTestResult type="Microsoft.VisualStudio.TestTools.TestTypes.Unit.UnitTestResult, Microsoft.VisualStudio.QualityTools.Tips.UnitTest.ObjectModel, Version=8.0.0.0, Culture=neutral, PublicKeyToken=b03f5f7f11d50a3a"><resultType type="Microsoft.VisualStudio.TestTools.TestTypes.Unit.UnitTestResultType, Microsoft.VisualStudio.QualityTools.Tips.UnitTest.ObjectModel, Version=8.0.0.0, Culture=neutral, PublicKeyToken=b03f5f7f11d50a3a"><value__ type="System.Int32">0</value__></resultType><m_hasSufficientAccess type="System.Boolean">True</m_hasSufficientAccess><counters type="Microsoft.VisualStudio.TestTools.Common.TestResultCounter"><values type="System.Int32">0,0,0,0,0,0,0,0,0,0,0,0,0,0</values><total type="System.Int32">1</total></counters><categoryId type="Microsoft.VisualStudio.TestTools.Common.TestCategoryId"><id type="System.Guid">8c84fa94-04c1-424b-9868-57a2d4851a1d</id></categoryId><outcome type="Microsoft.VisualStudio.TestTools.Common.TestOutcome"><value__ type="System.Int32">1</value__></outcome><errorInfo type="Microsoft.VisualStudio.TestTools.Common.TestResultErrorInfo"><message type="System.String">Test method BrownShoe.UnitTests.Services.Profiles.ProfileServiceTest.DeleteAddressTest threw exception:  System.TypeInitializationException: The type initializer for 'BrownShoe.Profiles.CustomerService' threw an exception. ---&gt;  System.TypeInitializationException: The type initializer for 'BrownShoe.Profiles.ProfileCacheTrackerUsingCookies' threw an exception. ---&gt;  System.Configuration.ConfigurationErrorsException: Failed to obtain the Site Domain Name from the configuration file.</message><stackTrace type="System.String">    at BrownShoe.ConfigurationSettings.get_SiteDomainName() in e:\projects\brownshoe\unit_tests\product\src\BrownShoe\Libraries\Core\ConfigurationSettings.cs:line 997
   at BrownShoe.Profiles.ProfileCacheTrackerUsingCookies..ctor() in e:\projects\brownshoe\unit_tests\product\src\BrownShoe\Libraries\Services\Profiles\ProfileCacheTrackerUsingCookies.cs:line 22
   at BrownShoe.Profiles.ProfileCacheTrackerUsingCookies..cctor() in e:\projects\brownshoe\unit_tests\product\src\BrownShoe\Libraries\Services\Profiles\ProfileCacheTrackerUsingCookies.cs:line 18
 --- End of inner exception stack trace ---
    at BrownShoe.Profiles.ProfileCacheTrackerUsingCookies.get_Current()
   at BrownShoe.Profiles.CustomerService..cctor() in e:\projects\brownshoe\unit_tests\product\src\BrownShoe\Libraries\Services\Profiles\CustomerService.cs:line 26
 --- End of inner exception stack trace ---
    at BrownShoe.Profiles.CustomerService.get_Current()
   at BrownShoe.UnitTests.Services.Profiles.ProfileServiceTest.CreateProfile()
   at BrownShoe.UnitTests.Services.Profiles.ProfileServiceTest.DeleteAddressTest()
</stackTrace></errorInfo><traceInfo type="Microsoft.VisualStudio.TestTools.Common.TestExecutionTraceInformation"><trace type="System.Text.StringBuilder">Creating instance of class BrownShoe.UnitTests.Services.Profiles.ProfileServiceTest.
Calling Test method BrownShoe.UnitTests.Services.Profiles.ProfileServiceTest.Microsoft.VisualStudio.TestTools.TestTypes.Unit.TestMethod.
</trace></traceInfo><stdout type="System.String" /><stderr type="System.String" /><debugTrace type="System.String" /><workItemIds type="System.Collections.Generic.List`1[[System.Int32, mscorlib, Version=2.0.0.0, Culture=neutral, PublicKeyToken=b77a5c561934e089]]"><_size type="System.Int32">0</_size><_version type="System.Int32">1</_version></workItemIds><id type="Microsoft.VisualStudio.TestTools.Common.TestResultId"><runId type="System.Guid">3d9a8baa-b9cb-4717-8a94-3c6445344217</runId><executionId type="Microsoft.VisualStudio.TestTools.Common.TestExecId"><id type="System.Guid">fcd8dfcf-6ebd-4cc4-9028-36a950927913</id></executionId><parentExecId type="Microsoft.VisualStudio.TestTools.Common.TestExecId"><id type="System.Guid">00000000-0000-0000-0000-000000000000</id></parentExecId><testId type="Microsoft.VisualStudio.TestTools.Common.TestId"><id type="System.Guid">6052c3ce-b1de-2dbe-8e36-66c4ff2f9973</id></testId></id><testName type="System.String">DeleteAddressTest</testName><testType type="Microsoft.VisualStudio.TestTools.Common.TestType"><id type="System.Guid">13cdc9d9-ddb5-4fa4-a97d-d965ccfc6d4b</id></testType><messageKind type="Microsoft.VisualStudio.TestTools.Common.TestMessageKind"><value__ type="System.Int32">1</value__></messageKind><computerInfo type="Microsoft.VisualStudio.TestTools.Common.ComputerInfo"><m_computerName type="System.String">ECDATA-TFS01</m_computerName></computerInfo><duration type="System.TimeSpan">00:00:00.0018789</duration><startTime type="System.DateTime"><dateData type="System.UInt64">633673775015951876</dateData></startTime><endTime type="System.DateTime"><dateData type="System.UInt64">633673775015951876</dateData></endTime><spoolMessage type="System.Boolean">True</spoolMessage></UnitTestResult><UnitTestResult type="Microsoft.VisualStudio.TestTools.TestTypes.Unit.UnitTestResult, Microsoft.VisualStudio.QualityTools.Tips.UnitTest.ObjectModel, Version=8.0.0.0, Culture=neutral, PublicKeyToken=b03f5f7f11d50a3a"><resultType type="Microsoft.VisualStudio.TestTools.TestTypes.Unit.UnitTestResultType, Microsoft.VisualStudio.QualityTools.Tips.UnitTest.ObjectModel, Version=8.0.0.0, Culture=neutral, PublicKeyToken=b03f5f7f11d50a3a"><value__ type="System.Int32">0</value__></resultType><m_hasSufficientAccess type="System.Boolean">True</m_hasSufficientAccess><counters type="Microsoft.VisualStudio.TestTools.Common.TestResultCounter"><values type="System.Int32">0,0,0,0,0,0,0,0,0,0,0,0,0,0</values><total type="System.Int32">1</total></counters><categoryId type="Microsoft.VisualStudio.TestTools.Common.TestCategoryId"><id type="System.Guid">8c84fa94-04c1-424b-9868-57a2d4851a1d</id></categoryId><outcome type="Microsoft.VisualStudio.TestTools.Common.TestOutcome"><value__ type="System.Int32">1</value__></outcome><errorInfo type="Microsoft.VisualStudio.TestTools.Common.TestResultErrorInfo"><message type="System.String">Test method BrownShoe.UnitTests.Services.Profiles.ProfileServiceTest.DeleteCreditCardTest threw exception:  System.TypeInitializationException: The type initializer for 'BrownShoe.Profiles.CustomerService' threw an exception. ---&gt;  System.TypeInitializationException: The type initializer for 'BrownShoe.Profiles.ProfileCacheTrackerUsingCookies' threw an exception. ---&gt;  System.Configuration.ConfigurationErrorsException: Failed to obtain the Site Domain Name from the configuration file.</message><stackTrace type="System.String">    at BrownShoe.ConfigurationSettings.get_SiteDomainName() in e:\projects\brownshoe\unit_tests\product\src\BrownShoe\Libraries\Core\ConfigurationSettings.cs:line 997
   at BrownShoe.Profiles.ProfileCacheTrackerUsingCookies..ctor() in e:\projects\brownshoe\unit_tests\product\src\BrownShoe\Libraries\Services\Profiles\ProfileCacheTrackerUsingCookies.cs:line 22
   at BrownShoe.Profiles.ProfileCacheTrackerUsingCookies..cctor() in e:\projects\brownshoe\unit_tests\product\src\BrownShoe\Libraries\Services\Profiles\ProfileCacheTrackerUsingCookies.cs:line 18
 --- End of inner exception stack trace ---
    at BrownShoe.Profiles.ProfileCacheTrackerUsingCookies.get_Current()
   at BrownShoe.Profiles.CustomerService..cctor() in e:\projects\brownshoe\unit_tests\product\src\BrownShoe\Libraries\Services\Profiles\CustomerService.cs:line 26
 --- End of inner exception stack trace ---
    at BrownShoe.Profiles.CustomerService.get_Current()
   at BrownShoe.UnitTests.Services.Profiles.ProfileServiceTest.CreateProfile()
   at BrownShoe.UnitTests.Services.Profiles.ProfileServiceTest.DeleteCreditCardTest()
</stackTrace></errorInfo><traceInfo type="Microsoft.VisualStudio.TestTools.Common.TestExecutionTraceInformation"><trace type="System.Text.StringBuilder">Creating instance of class BrownShoe.UnitTests.Services.Profiles.ProfileServiceTest.
Calling Test method BrownShoe.UnitTests.Services.Profiles.ProfileServiceTest.Microsoft.VisualStudio.TestTools.TestTypes.Unit.TestMethod.
</trace></traceInfo><stdout type="System.String" /><stderr type="System.String" /><debugTrace type="System.String" /><workItemIds type="System.Collections.Generic.List`1[[System.Int32, mscorlib, Version=2.0.0.0, Culture=neutral, PublicKeyToken=b77a5c561934e089]]"><_size type="System.Int32">0</_size><_version type="System.Int32">1</_version></workItemIds><id type="Microsoft.VisualStudio.TestTools.Common.TestResultId"><runId type="System.Guid">3d9a8baa-b9cb-4717-8a94-3c6445344217</runId><executionId type="Microsoft.VisualStudio.TestTools.Common.TestExecId"><id type="System.Guid">266f3f3d-200f-427a-960b-e138a062d544</id></executionId><parentExecId type="Microsoft.VisualStudio.TestTools.Common.TestExecId"><id type="System.Guid">00000000-0000-0000-0000-000000000000</id></parentExecId><testId type="Microsoft.VisualStudio.TestTools.Common.TestId"><id type="System.Guid">a40bd365-9323-01e0-bf43-5a99da16e24b</id></testId></id><testName type="System.String">DeleteCreditCardTest</testName><testType type="Microsoft.VisualStudio.TestTools.Common.TestType"><id type="System.Guid">13cdc9d9-ddb5-4fa4-a97d-d965ccfc6d4b</id></testType><messageKind type="Microsoft.VisualStudio.TestTools.Common.TestMessageKind"><value__ type="System.Int32">1</value__></messageKind><computerInfo type="Microsoft.VisualStudio.TestTools.Common.ComputerInfo"><m_computerName type="System.String">ECDATA-TFS01</m_computerName></computerInfo><duration type="System.TimeSpan">00:00:00.0026880</duration><startTime type="System.DateTime"><dateData type="System.UInt64">633673775015951876</dateData></startTime><endTime type="System.DateTime"><dateData type="System.UInt64">633673775016108136</dateData></endTime><spoolMessage type="System.Boolean">True</spoolMessage></UnitTestResult><UnitTestResult type="Microsoft.VisualStudio.TestTools.TestTypes.Unit.UnitTestResult, Microsoft.VisualStudio.QualityTools.Tips.UnitTest.ObjectModel, Version=8.0.0.0, Culture=neutral, PublicKeyToken=b03f5f7f11d50a3a"><resultType type="Microsoft.VisualStudio.TestTools.TestTypes.Unit.UnitTestResultType, Microsoft.VisualStudio.QualityTools.Tips.UnitTest.ObjectModel, Version=8.0.0.0, Culture=neutral, PublicKeyToken=b03f5f7f11d50a3a"><value__ type="System.Int32">0</value__></resultType><m_hasSufficientAccess type="System.Boolean">True</m_hasSufficientAccess><counters type="Microsoft.VisualStudio.TestTools.Common.TestResultCounter"><values type="System.Int32">0,0,0,0,0,0,0,0,0,0,0,0,0,0</values><total type="System.Int32">1</total></counters><categoryId type="Microsoft.VisualStudio.TestTools.Common.TestCategoryId"><id type="System.Guid">8c84fa94-04c1-424b-9868-57a2d4851a1d</id></categoryId><outcome type="Microsoft.VisualStudio.TestTools.Common.TestOutcome"><value__ type="System.Int32">1</value__></outcome><errorInfo type="Microsoft.VisualStudio.TestTools.Common.TestResultErrorInfo"><message type="System.String">Test method BrownShoe.UnitTests.Services.Profiles.ProfileServiceTest.GetAddressListTest threw exception:  System.TypeInitializationException: The type initializer for 'BrownShoe.Profiles.CustomerService' threw an exception. ---&gt;  System.TypeInitializationException: The type initializer for 'BrownShoe.Profiles.ProfileCacheTrackerUsingCookies' threw an exception. ---&gt;  System.Configuration.ConfigurationErrorsException: Failed to obtain the Site Domain Name from the configuration file.</message><stackTrace type="System.String">    at BrownShoe.ConfigurationSettings.get_SiteDomainName() in e:\projects\brownshoe\unit_tests\product\src\BrownShoe\Libraries\Core\ConfigurationSettings.cs:line 997
   at BrownShoe.Profiles.ProfileCacheTrackerUsingCookies..ctor() in e:\projects\brownshoe\unit_tests\product\src\BrownShoe\Libraries\Services\Profiles\ProfileCacheTrackerUsingCookies.cs:line 22
   at BrownShoe.Profiles.ProfileCacheTrackerUsingCookies..cctor() in e:\projects\brownshoe\unit_tests\product\src\BrownShoe\Libraries\Services\Profiles\ProfileCacheTrackerUsingCookies.cs:line 18
 --- End of inner exception stack trace ---
    at BrownShoe.Profiles.ProfileCacheTrackerUsingCookies.get_Current()
   at BrownShoe.Profiles.CustomerService..cctor() in e:\projects\brownshoe\unit_tests\product\src\BrownShoe\Libraries\Services\Profiles\CustomerService.cs:line 26
 --- End of inner exception stack trace ---
    at BrownShoe.Profiles.CustomerService.get_Current()
   at BrownShoe.UnitTests.Services.Profiles.ProfileServiceTest.CreateProfile()
   at BrownShoe.UnitTests.Services.Profiles.ProfileServiceTest.GetAddressListTest()
</stackTrace></errorInfo><traceInfo type="Microsoft.VisualStudio.TestTools.Common.TestExecutionTraceInformation"><trace type="System.Text.StringBuilder">Creating instance of class BrownShoe.UnitTests.Services.Profiles.ProfileServiceTest.
Calling Test method BrownShoe.UnitTests.Services.Profiles.ProfileServiceTest.Microsoft.VisualStudio.TestTools.TestTypes.Unit.TestMethod.
</trace></traceInfo><stdout type="System.String" /><stderr type="System.String" /><debugTrace type="System.String" /><workItemIds type="System.Collections.Generic.List`1[[System.Int32, mscorlib, Version=2.0.0.0, Culture=neutral, PublicKeyToken=b77a5c561934e089]]"><_size type="System.Int32">0</_size><_version type="System.Int32">1</_version></workItemIds><id type="Microsoft.VisualStudio.TestTools.Common.TestResultId"><runId type="System.Guid">3d9a8baa-b9cb-4717-8a94-3c6445344217</runId><executionId type="Microsoft.VisualStudio.TestTools.Common.TestExecId"><id type="System.Guid">a40a03fe-32d7-456e-a327-8f92ea177470</id></executionId><parentExecId type="Microsoft.VisualStudio.TestTools.Common.TestExecId"><id type="System.Guid">00000000-0000-0000-0000-000000000000</id></parentExecId><testId type="Microsoft.VisualStudio.TestTools.Common.TestId"><id type="System.Guid">51df9fe3-81a5-f25f-0029-36148e21e87c</id></testId></id><testName type="System.String">GetAddressListTest</testName><testType type="Microsoft.VisualStudio.TestTools.Common.TestType"><id type="System.Guid">13cdc9d9-ddb5-4fa4-a97d-d965ccfc6d4b</id></testType><messageKind type="Microsoft.VisualStudio.TestTools.Common.TestMessageKind"><value__ type="System.Int32">1</value__></messageKind><computerInfo type="Microsoft.VisualStudio.TestTools.Common.ComputerInfo"><m_computerName type="System.String">ECDATA-TFS01</m_computerName></computerInfo><duration type="System.TimeSpan">00:00:00.0019512</duration><startTime type="System.DateTime"><dateData type="System.UInt64">633673775016108136</dateData></startTime><endTime type="System.DateTime"><dateData type="System.UInt64">633673775016108136</dateData></endTime><spoolMessage type="System.Boolean">True</spoolMessage></UnitTestResult><UnitTestResult type="Microsoft.VisualStudio.TestTools.TestTypes.Unit.UnitTestResult, Microsoft.VisualStudio.QualityTools.Tips.UnitTest.ObjectModel, Version=8.0.0.0, Culture=neutral, PublicKeyToken=b03f5f7f11d50a3a"><resultType type="Microsoft.VisualStudio.TestTools.TestTypes.Unit.UnitTestResultType, Microsoft.VisualStudio.QualityTools.Tips.UnitTest.ObjectModel, Version=8.0.0.0, Culture=neutral, PublicKeyToken=b03f5f7f11d50a3a"><value__ type="System.Int32">0</value__></resultType><m_hasSufficientAccess type="System.Boolean">True</m_hasSufficientAccess><counters type="Microsoft.VisualStudio.TestTools.Common.TestResultCounter"><values type="System.Int32">0,0,0,0,0,0,0,0,0,0,0,0,0,0</values><total type="System.Int32">1</total></counters><categoryId type="Microsoft.VisualStudio.TestTools.Common.TestCategoryId"><id type="System.Guid">8c84fa94-04c1-424b-9868-57a2d4851a1d</id></categoryId><outcome type="Microsoft.VisualStudio.TestTools.Common.TestOutcome"><value__ type="System.Int32">1</value__></outcome><errorInfo type="Microsoft.VisualStudio.TestTools.Common.TestResultErrorInfo"><message type="System.String">Test method BrownShoe.UnitTests.Services.Profiles.ProfileServiceTest.GetAddressTest threw exception:  System.TypeInitializationException: The type initializer for 'BrownShoe.Profiles.CustomerService' threw an exception. ---&gt;  System.TypeInitializationException: The type initializer for 'BrownShoe.Profiles.ProfileCacheTrackerUsingCookies' threw an exception. ---&gt;  System.Configuration.ConfigurationErrorsException: Failed to obtain the Site Domain Name from the configuration file.</message><stackTrace type="System.String">    at BrownShoe.ConfigurationSettings.get_SiteDomainName() in e:\projects\brownshoe\unit_tests\product\src\BrownShoe\Libraries\Core\ConfigurationSettings.cs:line 997
   at BrownShoe.Profiles.ProfileCacheTrackerUsingCookies..ctor() in e:\projects\brownshoe\unit_tests\product\src\BrownShoe\Libraries\Services\Profiles\ProfileCacheTrackerUsingCookies.cs:line 22
   at BrownShoe.Profiles.ProfileCacheTrackerUsingCookies..cctor() in e:\projects\brownshoe\unit_tests\product\src\BrownShoe\Libraries\Services\Profiles\ProfileCacheTrackerUsingCookies.cs:line 18
 --- End of inner exception stack trace ---
    at BrownShoe.Profiles.ProfileCacheTrackerUsingCookies.get_Current()
   at BrownShoe.Profiles.CustomerService..cctor() in e:\projects\brownshoe\unit_tests\product\src\BrownShoe\Libraries\Services\Profiles\CustomerService.cs:line 26
 --- End of inner exception stack trace ---
    at BrownShoe.Profiles.CustomerService.get_Current()
   at BrownShoe.UnitTests.Services.Profiles.ProfileServiceTest.CreateProfile()
   at BrownShoe.UnitTests.Services.Profiles.ProfileServiceTest.GetAddressTest()
</stackTrace></errorInfo><traceInfo type="Microsoft.VisualStudio.TestTools.Common.TestExecutionTraceInformation"><trace type="System.Text.StringBuilder">Creating instance of class BrownShoe.UnitTests.Services.Profiles.ProfileServiceTest.
Calling Test method BrownShoe.UnitTests.Services.Profiles.ProfileServiceTest.Microsoft.VisualStudio.TestTools.TestTypes.Unit.TestMethod.
</trace></traceInfo><stdout type="System.String" /><stderr type="System.String" /><debugTrace type="System.String" /><workItemIds type="System.Collections.Generic.List`1[[System.Int32, mscorlib, Version=2.0.0.0, Culture=neutral, PublicKeyToken=b77a5c561934e089]]"><_size type="System.Int32">0</_size><_version type="System.Int32">1</_version></workItemIds><id type="Microsoft.VisualStudio.TestTools.Common.TestResultId"><runId type="System.Guid">3d9a8baa-b9cb-4717-8a94-3c6445344217</runId><executionId type="Microsoft.VisualStudio.TestTools.Common.TestExecId"><id type="System.Guid">949bfc9d-77dc-4c4c-9582-2aea5da1cf74</id></executionId><parentExecId type="Microsoft.VisualStudio.TestTools.Common.TestExecId"><id type="System.Guid">00000000-0000-0000-0000-000000000000</id></parentExecId><testId type="Microsoft.VisualStudio.TestTools.Common.TestId"><id type="System.Guid">29fa1704-45a4-d9cb-c96d-2d4c3fb3a920</id></testId></id><testName type="System.String">GetAddressTest</testName><testType type="Microsoft.VisualStudio.TestTools.Common.TestType"><id type="System.Guid">13cdc9d9-ddb5-4fa4-a97d-d965ccfc6d4b</id></testType><messageKind type="Microsoft.VisualStudio.TestTools.Common.TestMessageKind"><value__ type="System.Int32">1</value__></messageKind><computerInfo type="Microsoft.VisualStudio.TestTools.Common.ComputerInfo"><m_computerName type="System.String">ECDATA-TFS01</m_computerName></computerInfo><duration type="System.TimeSpan">00:00:00.0033583</duration><startTime type="System.DateTime"><dateData type="System.UInt64">633673775016108136</dateData></startTime><endTime type="System.DateTime"><dateData type="System.UInt64">633673775016264396</dateData></endTime><spoolMessage type="System.Boolean">True</spoolMessage></UnitTestResult><UnitTestResult type="Microsoft.VisualStudio.TestTools.TestTypes.Unit.UnitTestResult, Microsoft.VisualStudio.QualityTools.Tips.UnitTest.ObjectModel, Version=8.0.0.0, Culture=neutral, PublicKeyToken=b03f5f7f11d50a3a"><resultType type="Microsoft.VisualStudio.TestTools.TestTypes.Unit.UnitTestResultType, Microsoft.VisualStudio.QualityTools.Tips.UnitTest.ObjectModel, Version=8.0.0.0, Culture=neutral, PublicKeyToken=b03f5f7f11d50a3a"><value__ type="System.Int32">0</value__></resultType><m_hasSufficientAccess type="System.Boolean">True</m_hasSufficientAccess><counters type="Microsoft.VisualStudio.TestTools.Common.TestResultCounter"><values type="System.Int32">0,0,0,0,0,0,0,0,0,0,0,0,0,0</values><total type="System.Int32">1</total></counters><categoryId type="Microsoft.VisualStudio.TestTools.Common.TestCategoryId"><id type="System.Guid">8c84fa94-04c1-424b-9868-57a2d4851a1d</id></categoryId><outcome type="Microsoft.VisualStudio.TestTools.Common.TestOutcome"><value__ type="System.Int32">1</value__></outcome><errorInfo type="Microsoft.VisualStudio.TestTools.Common.TestResultErrorInfo"><message type="System.String">Test method BrownShoe.UnitTests.Services.Profiles.ProfileServiceTest.GetCreditCardListTest threw exception:  System.TypeInitializationException: The type initializer for 'BrownShoe.Profiles.CustomerService' threw an exception. ---&gt;  System.TypeInitializationException: The type initializer for 'BrownShoe.Profiles.ProfileCacheTrackerUsingCookies' threw an exception. ---&gt;  System.Configuration.ConfigurationErrorsException: Failed to obtain the Site Domain Name from the configuration file.</message><stackTrace type="System.String">    at BrownShoe.ConfigurationSettings.get_SiteDomainName() in e:\projects\brownshoe\unit_tests\product\src\BrownShoe\Libraries\Core\ConfigurationSettings.cs:line 997
   at BrownShoe.Profiles.ProfileCacheTrackerUsingCookies..ctor() in e:\projects\brownshoe\unit_tests\product\src\BrownShoe\Libraries\Services\Profiles\ProfileCacheTrackerUsingCookies.cs:line 22
   at BrownShoe.Profiles.ProfileCacheTrackerUsingCookies..cctor() in e:\projects\brownshoe\unit_tests\product\src\BrownShoe\Libraries\Services\Profiles\ProfileCacheTrackerUsingCookies.cs:line 18
 --- End of inner exception stack trace ---
    at BrownShoe.Profiles.ProfileCacheTrackerUsingCookies.get_Current()
   at BrownShoe.Profiles.CustomerService..cctor() in e:\projects\brownshoe\unit_tests\product\src\BrownShoe\Libraries\Services\Profiles\CustomerService.cs:line 26
 --- End of inner exception stack trace ---
    at BrownShoe.Profiles.CustomerService.get_Current()
   at BrownShoe.UnitTests.Services.Profiles.ProfileServiceTest.CreateProfile()
   at BrownShoe.UnitTests.Services.Profiles.ProfileServiceTest.GetCreditCardListTest()
</stackTrace></errorInfo><traceInfo type="Microsoft.VisualStudio.TestTools.Common.TestExecutionTraceInformation"><trace type="System.Text.StringBuilder">Creating instance of class BrownShoe.UnitTests.Services.Profiles.ProfileServiceTest.
Calling Test method BrownShoe.UnitTests.Services.Profiles.ProfileServiceTest.Microsoft.VisualStudio.TestTools.TestTypes.Unit.TestMethod.
</trace></traceInfo><stdout type="System.String" /><stderr type="System.String" /><debugTrace type="System.String" /><workItemIds type="System.Collections.Generic.List`1[[System.Int32, mscorlib, Version=2.0.0.0, Culture=neutral, PublicKeyToken=b77a5c561934e089]]"><_size type="System.Int32">0</_size><_version type="System.Int32">1</_version></workItemIds><id type="Microsoft.VisualStudio.TestTools.Common.TestResultId"><runId type="System.Guid">3d9a8baa-b9cb-4717-8a94-3c6445344217</runId><executionId type="Microsoft.VisualStudio.TestTools.Common.TestExecId"><id type="System.Guid">84b29b4d-bf32-4a7b-88d3-23023d290904</id></executionId><parentExecId type="Microsoft.VisualStudio.TestTools.Common.TestExecId"><id type="System.Guid">00000000-0000-0000-0000-000000000000</id></parentExecId><testId type="Microsoft.VisualStudio.TestTools.Common.TestId"><id type="System.Guid">d4411770-9ef0-43df-2852-d5ceb2744505</id></testId></id><testName type="System.String">GetCreditCardListTest</testName><testType type="Microsoft.VisualStudio.TestTools.Common.TestType"><id type="System.Guid">13cdc9d9-ddb5-4fa4-a97d-d965ccfc6d4b</id></testType><messageKind type="Microsoft.VisualStudio.TestTools.Common.TestMessageKind"><value__ type="System.Int32">1</value__></messageKind><computerInfo type="Microsoft.VisualStudio.TestTools.Common.ComputerInfo"><m_computerName type="System.String">ECDATA-TFS01</m_computerName></computerInfo><duration type="System.TimeSpan">00:00:00.0015523</duration><startTime type="System.DateTime"><dateData type="System.UInt64">633673775016264396</dateData></startTime><endTime type="System.DateTime"><dateData type="System.UInt64">633673775016264396</dateData></endTime><spoolMessage type="System.Boolean">True</spoolMessage></UnitTestResult><UnitTestResult type="Microsoft.VisualStudio.TestTools.TestTypes.Unit.UnitTestResult, Microsoft.VisualStudio.QualityTools.Tips.UnitTest.ObjectModel, Version=8.0.0.0, Culture=neutral, PublicKeyToken=b03f5f7f11d50a3a"><resultType type="Microsoft.VisualStudio.TestTools.TestTypes.Unit.UnitTestResultType, Microsoft.VisualStudio.QualityTools.Tips.UnitTest.ObjectModel, Version=8.0.0.0, Culture=neutral, PublicKeyToken=b03f5f7f11d50a3a"><value__ type="System.Int32">0</value__></resultType><m_hasSufficientAccess type="System.Boolean">True</m_hasSufficientAccess><counters type="Microsoft.VisualStudio.TestTools.Common.TestResultCounter"><values type="System.Int32">0,0,0,0,0,0,0,0,0,0,0,0,0,0</values><total type="System.Int32">1</total></counters><categoryId type="Microsoft.VisualStudio.TestTools.Common.TestCategoryId"><id type="System.Guid">8c84fa94-04c1-424b-9868-57a2d4851a1d</id></categoryId><outcome type="Microsoft.VisualStudio.TestTools.Common.TestOutcome"><value__ type="System.Int32">1</value__></outcome><errorInfo type="Microsoft.VisualStudio.TestTools.Common.TestResultErrorInfo"><message type="System.String">Test method BrownShoe.UnitTests.Services.Profiles.ProfileServiceTest.GetCreditCardTest threw exception:  System.TypeInitializationException: The type initializer for 'BrownShoe.Profiles.CustomerService' threw an exception. ---&gt;  System.TypeInitializationException: The type initializer for 'BrownShoe.Profiles.ProfileCacheTrackerUsingCookies' threw an exception. ---&gt;  System.Configuration.ConfigurationErrorsException: Failed to obtain the Site Domain Name from the configuration file.</message><stackTrace type="System.String">    at BrownShoe.ConfigurationSettings.get_SiteDomainName() in e:\projects\brownshoe\unit_tests\product\src\BrownShoe\Libraries\Core\ConfigurationSettings.cs:line 997
   at BrownShoe.Profiles.ProfileCacheTrackerUsingCookies..ctor() in e:\projects\brownshoe\unit_tests\product\src\BrownShoe\Libraries\Services\Profiles\ProfileCacheTrackerUsingCookies.cs:line 22
   at BrownShoe.Profiles.ProfileCacheTrackerUsingCookies..cctor() in e:\projects\brownshoe\unit_tests\product\src\BrownShoe\Libraries\Services\Profiles\ProfileCacheTrackerUsingCookies.cs:line 18
 --- End of inner exception stack trace ---
    at BrownShoe.Profiles.ProfileCacheTrackerUsingCookies.get_Current()
   at BrownShoe.Profiles.CustomerService..cctor() in e:\projects\brownshoe\unit_tests\product\src\BrownShoe\Libraries\Services\Profiles\CustomerService.cs:line 26
 --- End of inner exception stack trace ---
    at BrownShoe.Profiles.CustomerService.get_Current()
   at BrownShoe.UnitTests.Services.Profiles.ProfileServiceTest.CreateProfile()
   at BrownShoe.UnitTests.Services.Profiles.ProfileServiceTest.GetCreditCardTest()
</stackTrace></errorInfo><traceInfo type="Microsoft.VisualStudio.TestTools.Common.TestExecutionTraceInformation"><trace type="System.Text.StringBuilder">Creating instance of class BrownShoe.UnitTests.Services.Profiles.ProfileServiceTest.
Calling Test method BrownShoe.UnitTests.Services.Profiles.ProfileServiceTest.Microsoft.VisualStudio.TestTools.TestTypes.Unit.TestMethod.
</trace></traceInfo><stdout type="System.String" /><stderr type="System.String" /><debugTrace type="System.String" /><workItemIds type="System.Collections.Generic.List`1[[System.Int32, mscorlib, Version=2.0.0.0, Culture=neutral, PublicKeyToken=b77a5c561934e089]]"><_size type="System.Int32">0</_size><_version type="System.Int32">1</_version></workItemIds><id type="Microsoft.VisualStudio.TestTools.Common.TestResultId"><runId type="System.Guid">3d9a8baa-b9cb-4717-8a94-3c6445344217</runId><executionId type="Microsoft.VisualStudio.TestTools.Common.TestExecId"><id type="System.Guid">0bd78ffd-df9e-4126-b6e3-389782a22162</id></executionId><parentExecId type="Microsoft.VisualStudio.TestTools.Common.TestExecId"><id type="System.Guid">00000000-0000-0000-0000-000000000000</id></parentExecId><testId type="Microsoft.VisualStudio.TestTools.Common.TestId"><id type="System.Guid">53128c28-c2dc-6f66-7276-dfacb0b7824e</id></testId></id><testName type="System.String">GetCreditCardTest</testName><testType type="Microsoft.VisualStudio.TestTools.Common.TestType"><id type="System.Guid">13cdc9d9-ddb5-4fa4-a97d-d965ccfc6d4b</id></testType><messageKind type="Microsoft.VisualStudio.TestTools.Common.TestMessageKind"><value__ type="System.Int32">1</value__></messageKind><computerInfo type="Microsoft.VisualStudio.TestTools.Common.ComputerInfo"><m_computerName type="System.String">ECDATA-TFS01</m_computerName></computerInfo><duration type="System.TimeSpan">00:00:00.0029024</duration><startTime type="System.DateTime"><dateData type="System.UInt64">633673775016264396</dateData></startTime><endTime type="System.DateTime"><dateData type="System.UInt64">633673775016420656</dateData></endTime><spoolMessage type="System.Boolean">True</spoolMessage></UnitTestResult><UnitTestResult type="Microsoft.VisualStudio.TestTools.TestTypes.Unit.UnitTestResult, Microsoft.VisualStudio.QualityTools.Tips.UnitTest.ObjectModel, Version=8.0.0.0, Culture=neutral, PublicKeyToken=b03f5f7f11d50a3a"><resultType type="Microsoft.VisualStudio.TestTools.TestTypes.Unit.UnitTestResultType, Microsoft.VisualStudio.QualityTools.Tips.UnitTest.ObjectModel, Version=8.0.0.0, Culture=neutral, PublicKeyToken=b03f5f7f11d50a3a"><value__ type="System.Int32">0</value__></resultType><m_hasSufficientAccess type="System.Boolean">True</m_hasSufficientAccess><counters type="Microsoft.VisualStudio.TestTools.Common.TestResultCounter"><values type="System.Int32">0,0,0,0,0,0,0,0,0,0,0,0,0,0</values><total type="System.Int32">1</total></counters><categoryId type="Microsoft.VisualStudio.TestTools.Common.TestCategoryId"><id type="System.Guid">8c84fa94-04c1-424b-9868-57a2d4851a1d</id></categoryId><outcome type="Microsoft.VisualStudio.TestTools.Common.TestOutcome"><value__ type="System.Int32">4</value__></outcome><errorInfo type="Microsoft.VisualStudio.TestTools.Common.TestResultErrorInfo"><message type="System.String">Assert.Inconclusive failed. Verify the correctness of this test method</message><stackTrace type="System.String">   at BrownShoe.UnitTests.Services.Profiles.ProfileServiceTest.GetCustomerProfileTest()
</stackTrace></errorInfo><traceInfo type="Microsoft.VisualStudio.TestTools.Common.TestExecutionTraceInformation"><trace type="System.Text.StringBuilder">Creating instance of class BrownShoe.UnitTests.Services.Profiles.ProfileServiceTest.
Calling Test method BrownShoe.UnitTests.Services.Profiles.ProfileServiceTest.Microsoft.VisualStudio.TestTools.TestTypes.Unit.TestMethod.
</trace></traceInfo><stdout type="System.String" /><stderr type="System.String" /><debugTrace type="System.String" /><workItemIds type="System.Collections.Generic.List`1[[System.Int32, mscorlib, Version=2.0.0.0, Culture=neutral, PublicKeyToken=b77a5c561934e089]]"><_size type="System.Int32">0</_size><_version type="System.Int32">1</_version></workItemIds><id type="Microsoft.VisualStudio.TestTools.Common.TestResultId"><runId type="System.Guid">3d9a8baa-b9cb-4717-8a94-3c6445344217</runId><executionId type="Microsoft.VisualStudio.TestTools.Common.TestExecId"><id type="System.Guid">04f525e5-6210-49ee-9b29-14070c00a2d4</id></executionId><parentExecId type="Microsoft.VisualStudio.TestTools.Common.TestExecId"><id type="System.Guid">00000000-0000-0000-0000-000000000000</id></parentExecId><testId type="Microsoft.VisualStudio.TestTools.Common.TestId"><id type="System.Guid">e7328ab2-e668-4d5e-e559-a51609985e5f</id></testId></id><testName type="System.String">GetCustomerProfileTest</testName><testType type="Microsoft.VisualStudio.TestTools.Common.TestType"><id type="System.Guid">13cdc9d9-ddb5-4fa4-a97d-d965ccfc6d4b</id></testType><messageKind type="Microsoft.VisualStudio.TestTools.Common.TestMessageKind"><value__ type="System.Int32">1</value__></messageKind><computerInfo type="Microsoft.VisualStudio.TestTools.Common.ComputerInfo"><m_computerName type="System.String">ECDATA-TFS01</m_computerName></computerInfo><duration type="System.TimeSpan">00:00:00.0006409</duration><startTime type="System.DateTime"><dateData type="System.UInt64">633673775016420656</dateData></startTime><endTime type="System.DateTime"><dateData type="System.UInt64">633673775016420656</dateData></endTime><spoolMessage type="System.Boolean">True</spoolMessage></UnitTestResult><UnitTestResult type="Microsoft.VisualStudio.TestTools.TestTypes.Unit.UnitTestResult, Microsoft.VisualStudio.QualityTools.Tips.UnitTest.ObjectModel, Version=8.0.0.0, Culture=neutral, PublicKeyToken=b03f5f7f11d50a3a"><resultType type="Microsoft.VisualStudio.TestTools.TestTypes.Unit.UnitTestResultType, Microsoft.VisualStudio.QualityTools.Tips.UnitTest.ObjectModel, Version=8.0.0.0, Culture=neutral, PublicKeyToken=b03f5f7f11d50a3a"><value__ type="System.Int32">0</value__></resultType><m_hasSufficientAccess type="System.Boolean">True</m_hasSufficientAccess><counters type="Microsoft.VisualStudio.TestTools.Common.TestResultCounter"><values type="System.Int32">0,0,0,0,0,0,0,0,0,0,0,0,0,0</values><total type="System.Int32">1</total></counters><categoryId type="Microsoft.VisualStudio.TestTools.Common.TestCategoryId"><id type="System.Guid">8c84fa94-04c1-424b-9868-57a2d4851a1d</id></categoryId><outcome type="Microsoft.VisualStudio.TestTools.Common.TestOutcome"><value__ type="System.Int32">4</value__></outcome><errorInfo type="Microsoft.VisualStudio.TestTools.Common.TestResultErrorInfo"><message type="System.String">Assert.Inconclusive failed. Verify the correctness of this test method</message><stackTrace type="System.String">   at BrownShoe.UnitTests.Services.Profiles.ProfileServiceTest.SetPreferredShippingMethodTest()
</stackTrace></errorInfo><traceInfo type="Microsoft.VisualStudio.TestTools.Common.TestExecutionTraceInformation"><trace type="System.Text.StringBuilder">Creating instance of class BrownShoe.UnitTests.Services.Profiles.ProfileServiceTest.
Calling Test method BrownShoe.UnitTests.Services.Profiles.ProfileServiceTest.Microsoft.VisualStudio.TestTools.TestTypes.Unit.TestMethod.
</trace></traceInfo><stdout type="System.String" /><stderr type="System.String" /><debugTrace type="System.String" /><workItemIds type="System.Collections.Generic.List`1[[System.Int32, mscorlib, Version=2.0.0.0, Culture=neutral, PublicKeyToken=b77a5c561934e089]]"><_size type="System.Int32">0</_size><_version type="System.Int32">1</_version></workItemIds><id type="Microsoft.VisualStudio.TestTools.Common.TestResultId"><runId type="System.Guid">3d9a8baa-b9cb-4717-8a94-3c6445344217</runId><executionId type="Microsoft.VisualStudio.TestTools.Common.TestExecId"><id type="System.Guid">da9ebd4a-ce33-4485-9007-8633261f5a51</id></executionId><parentExecId type="Microsoft.VisualStudio.TestTools.Common.TestExecId"><id type="System.Guid">00000000-0000-0000-0000-000000000000</id></parentExecId><testId type="Microsoft.VisualStudio.TestTools.Common.TestId"><id type="System.Guid">47bc97cf-05b1-c903-3afb-da812c073525</id></testId></id><testName type="System.String">SetPreferredShippingMethodTest</testName><testType type="Microsoft.VisualStudio.TestTools.Common.TestType"><id type="System.Guid">13cdc9d9-ddb5-4fa4-a97d-d965ccfc6d4b</id></testType><messageKind type="Microsoft.VisualStudio.TestTools.Common.TestMessageKind"><value__ type="System.Int32">1</value__></messageKind><computerInfo type="Microsoft.VisualStudio.TestTools.Common.ComputerInfo"><m_computerName type="System.String">ECDATA-TFS01</m_computerName></computerInfo><duration type="System.TimeSpan">00:00:00.0011899</duration><startTime type="System.DateTime"><dateData type="System.UInt64">633673775016420656</dateData></startTime><endTime type="System.DateTime"><dateData type="System.UInt64">633673775016420656</dateData></endTime><spoolMessage type="System.Boolean">True</spoolMessage></UnitTestResult><UnitTestResult type="Microsoft.VisualStudio.TestTools.TestTypes.Unit.UnitTestResult, Microsoft.VisualStudio.QualityTools.Tips.UnitTest.ObjectModel, Version=8.0.0.0, Culture=neutral, PublicKeyToken=b03f5f7f11d50a3a"><resultType type="Microsoft.VisualStudio.TestTools.TestTypes.Unit.UnitTestResultType, Microsoft.VisualStudio.QualityTools.Tips.UnitTest.ObjectModel, Version=8.0.0.0, Culture=neutral, PublicKeyToken=b03f5f7f11d50a3a"><value__ type="System.Int32">0</value__></resultType><m_hasSufficientAccess type="System.Boolean">True</m_hasSufficientAccess><counters type="Microsoft.VisualStudio.TestTools.Common.TestResultCounter"><values type="System.Int32">0,0,0,0,0,0,0,0,0,0,0,0,0,0</values><total type="System.Int32">1</total></counters><categoryId type="Microsoft.VisualStudio.TestTools.Common.TestCategoryId"><id type="System.Guid">8c84fa94-04c1-424b-9868-57a2d4851a1d</id></categoryId><outcome type="Microsoft.VisualStudio.TestTools.Common.TestOutcome"><value__ type="System.Int32">1</value__></outcome><errorInfo type="Microsoft.VisualStudio.TestTools.Common.TestResultErrorInfo"><message type="System.String">Test method BrownShoe.UnitTests.Services.Profiles.ProfileServiceTest.UpdateAddressTest threw exception:  System.TypeInitializationException: The type initializer for 'BrownShoe.Profiles.CustomerService' threw an exception. ---&gt;  System.TypeInitializationException: The type initializer for 'BrownShoe.Profiles.ProfileCacheTrackerUsingCookies' threw an exception. ---&gt;  System.Configuration.ConfigurationErrorsException: Failed to obtain the Site Domain Name from the configuration file.</message><stackTrace type="System.String">    at BrownShoe.ConfigurationSettings.get_SiteDomainName() in e:\projects\brownshoe\unit_tests\product\src\BrownShoe\Libraries\Core\ConfigurationSettings.cs:line 997
   at BrownShoe.Profiles.ProfileCacheTrackerUsingCookies..ctor() in e:\projects\brownshoe\unit_tests\product\src\BrownShoe\Libraries\Services\Profiles\ProfileCacheTrackerUsingCookies.cs:line 22
   at BrownShoe.Profiles.ProfileCacheTrackerUsingCookies..cctor() in e:\projects\brownshoe\unit_tests\product\src\BrownShoe\Libraries\Services\Profiles\ProfileCacheTrackerUsingCookies.cs:line 18
 --- End of inner exception stack trace ---
    at BrownShoe.Profiles.ProfileCacheTrackerUsingCookies.get_Current()
   at BrownShoe.Profiles.CustomerService..cctor() in e:\projects\brownshoe\unit_tests\product\src\BrownShoe\Libraries\Services\Profiles\CustomerService.cs:line 26
 --- End of inner exception stack trace ---
    at BrownShoe.Profiles.CustomerService.get_Current()
   at BrownShoe.UnitTests.Services.Profiles.ProfileServiceTest.CreateProfile()
   at BrownShoe.UnitTests.Services.Profiles.ProfileServiceTest.UpdateAddressTest()
</stackTrace></errorInfo><traceInfo type="Microsoft.VisualStudio.TestTools.Common.TestExecutionTraceInformation"><trace type="System.Text.StringBuilder">Creating instance of class BrownShoe.UnitTests.Services.Profiles.ProfileServiceTest.
Calling Test method BrownShoe.UnitTests.Services.Profiles.ProfileServiceTest.Microsoft.VisualStudio.TestTools.TestTypes.Unit.TestMethod.
</trace></traceInfo><stdout type="System.String" /><stderr type="System.String" /><debugTrace type="System.String" /><workItemIds type="System.Collections.Generic.List`1[[System.Int32, mscorlib, Version=2.0.0.0, Culture=neutral, PublicKeyToken=b77a5c561934e089]]"><_size type="System.Int32">0</_size><_version type="System.Int32">1</_version></workItemIds><id type="Microsoft.VisualStudio.TestTools.Common.TestResultId"><runId type="System.Guid">3d9a8baa-b9cb-4717-8a94-3c6445344217</runId><executionId type="Microsoft.VisualStudio.TestTools.Common.TestExecId"><id type="System.Guid">34977621-3ebe-41ea-8880-bf39edbb582a</id></executionId><parentExecId type="Microsoft.VisualStudio.TestTools.Common.TestExecId"><id type="System.Guid">00000000-0000-0000-0000-000000000000</id></parentExecId><testId type="Microsoft.VisualStudio.TestTools.Common.TestId"><id type="System.Guid">a2e46dd5-f2a9-f0f5-bd29-9b5a628acf8f</id></testId></id><testName type="System.String">UpdateAddressTest</testName><testType type="Microsoft.VisualStudio.TestTools.Common.TestType"><id type="System.Guid">13cdc9d9-ddb5-4fa4-a97d-d965ccfc6d4b</id></testType><messageKind type="Microsoft.VisualStudio.TestTools.Common.TestMessageKind"><value__ type="System.Int32">1</value__></messageKind><computerInfo type="Microsoft.VisualStudio.TestTools.Common.ComputerInfo"><m_computerName type="System.String">ECDATA-TFS01</m_computerName></computerInfo><duration type="System.TimeSpan">00:00:00.0040915</duration><startTime type="System.DateTime"><dateData type="System.UInt64">633673775016420656</dateData></startTime><endTime type="System.DateTime"><dateData type="System.UInt64">633673775016576916</dateData></endTime><spoolMessage type="System.Boolean">True</spoolMessage></UnitTestResult><UnitTestResult type="Microsoft.VisualStudio.TestTools.TestTypes.Unit.UnitTestResult, Microsoft.VisualStudio.QualityTools.Tips.UnitTest.ObjectModel, Version=8.0.0.0, Culture=neutral, PublicKeyToken=b03f5f7f11d50a3a"><resultType type="Microsoft.VisualStudio.TestTools.TestTypes.Unit.UnitTestResultType, Microsoft.VisualStudio.QualityTools.Tips.UnitTest.ObjectModel, Version=8.0.0.0, Culture=neutral, PublicKeyToken=b03f5f7f11d50a3a"><value__ type="System.Int32">0</value__></resultType><m_hasSufficientAccess type="System.Boolean">True</m_hasSufficientAccess><counters type="Microsoft.VisualStudio.TestTools.Common.TestResultCounter"><values type="System.Int32">0,0,0,0,0,0,0,0,0,0,0,0,0,0</values><total type="System.Int32">1</total></counters><categoryId type="Microsoft.VisualStudio.TestTools.Common.TestCategoryId"><id type="System.Guid">8c84fa94-04c1-424b-9868-57a2d4851a1d</id></categoryId><outcome type="Microsoft.VisualStudio.TestTools.Common.TestOutcome"><value__ type="System.Int32">1</value__></outcome><errorInfo type="Microsoft.VisualStudio.TestTools.Common.TestResultErrorInfo"><message type="System.String">Test method BrownShoe.UnitTests.Services.Profiles.ProfileServiceTest.UpdateCreditCardTest threw exception:  System.TypeInitializationException: The type initializer for 'BrownShoe.Profiles.CustomerService' threw an exception. ---&gt;  System.TypeInitializationException: The type initializer for 'BrownShoe.Profiles.ProfileCacheTrackerUsingCookies' threw an exception. ---&gt;  System.Configuration.ConfigurationErrorsException: Failed to obtain the Site Domain Name from the configuration file.</message><stackTrace type="System.String">    at BrownShoe.ConfigurationSettings.get_SiteDomainName() in e:\projects\brownshoe\unit_tests\product\src\BrownShoe\Libraries\Core\ConfigurationSettings.cs:line 997
   at BrownShoe.Profiles.ProfileCacheTrackerUsingCookies..ctor() in e:\projects\brownshoe\unit_tests\product\src\BrownShoe\Libraries\Services\Profiles\ProfileCacheTrackerUsingCookies.cs:line 22
   at BrownShoe.Profiles.ProfileCacheTrackerUsingCookies..cctor() in e:\projects\brownshoe\unit_tests\product\src\BrownShoe\Libraries\Services\Profiles\ProfileCacheTrackerUsingCookies.cs:line 18
 --- End of inner exception stack trace ---
    at BrownShoe.Profiles.ProfileCacheTrackerUsingCookies.get_Current()
   at BrownShoe.Profiles.CustomerService..cctor() in e:\projects\brownshoe\unit_tests\product\src\BrownShoe\Libraries\Services\Profiles\CustomerService.cs:line 26
 --- End of inner exception stack trace ---
    at BrownShoe.Profiles.CustomerService.get_Current()
   at BrownShoe.UnitTests.Services.Profiles.ProfileServiceTest.CreateProfile()
   at BrownShoe.UnitTests.Services.Profiles.ProfileServiceTest.UpdateCreditCardTest()
</stackTrace></errorInfo><traceInfo type="Microsoft.VisualStudio.TestTools.Common.TestExecutionTraceInformation"><trace type="System.Text.StringBuilder">Creating instance of class BrownShoe.UnitTests.Services.Profiles.ProfileServiceTest.
Calling Test method BrownShoe.UnitTests.Services.Profiles.ProfileServiceTest.Microsoft.VisualStudio.TestTools.TestTypes.Unit.TestMethod.
</trace></traceInfo><stdout type="System.String" /><stderr type="System.String" /><debugTrace type="System.String" /><workItemIds type="System.Collections.Generic.List`1[[System.Int32, mscorlib, Version=2.0.0.0, Culture=neutral, PublicKeyToken=b77a5c561934e089]]"><_size type="System.Int32">0</_size><_version type="System.Int32">1</_version></workItemIds><id type="Microsoft.VisualStudio.TestTools.Common.TestResultId"><runId type="System.Guid">3d9a8baa-b9cb-4717-8a94-3c6445344217</runId><executionId type="Microsoft.VisualStudio.TestTools.Common.TestExecId"><id type="System.Guid">46d18873-36b0-4c8f-95ad-390934a9858e</id></executionId><parentExecId type="Microsoft.VisualStudio.TestTools.Common.TestExecId"><id type="System.Guid">00000000-0000-0000-0000-000000000000</id></parentExecId><testId type="Microsoft.VisualStudio.TestTools.Common.TestId"><id type="System.Guid">c2810122-2597-e618-c5e6-41eea18ea177</id></testId></id><testName type="System.String">UpdateCreditCardTest</testName><testType type="Microsoft.VisualStudio.TestTools.Common.TestType"><id type="System.Guid">13cdc9d9-ddb5-4fa4-a97d-d965ccfc6d4b</id></testType><messageKind type="Microsoft.VisualStudio.TestTools.Common.TestMessageKind"><value__ type="System.Int32">1</value__></messageKind><computerInfo type="Microsoft.VisualStudio.TestTools.Common.ComputerInfo"><m_computerName type="System.String">ECDATA-TFS01</m_computerName></computerInfo><duration type="System.TimeSpan">00:00:00.0026109</duration><startTime type="System.DateTime"><dateData type="System.UInt64">633673775016576916</dateData></startTime><endTime type="System.DateTime"><dateData type="System.UInt64">633673775016733176</dateData></endTime><spoolMessage type="System.Boolean">True</spoolMessage></UnitTestResult><UnitTestResult type="Microsoft.VisualStudio.TestTools.TestTypes.Unit.UnitTestResult, Microsoft.VisualStudio.QualityTools.Tips.UnitTest.ObjectModel, Version=8.0.0.0, Culture=neutral, PublicKeyToken=b03f5f7f11d50a3a"><resultType type="Microsoft.VisualStudio.TestTools.TestTypes.Unit.UnitTestResultType, Microsoft.VisualStudio.QualityTools.Tips.UnitTest.ObjectModel, Version=8.0.0.0, Culture=neutral, PublicKeyToken=b03f5f7f11d50a3a"><value__ type="System.Int32">0</value__></resultType><m_hasSufficientAccess type="System.Boolean">True</m_hasSufficientAccess><counters type="Microsoft.VisualStudio.TestTools.Common.TestResultCounter"><values type="System.Int32">0,0,0,0,0,0,0,0,0,0,0,0,0,0</values><total type="System.Int32">1</total></counters><categoryId type="Microsoft.VisualStudio.TestTools.Common.TestCategoryId"><id type="System.Guid">8c84fa94-04c1-424b-9868-57a2d4851a1d</id></categoryId><outcome type="Microsoft.VisualStudio.TestTools.Common.TestOutcome"><value__ type="System.Int32">4</value__></outcome><errorInfo type="Microsoft.VisualStudio.TestTools.Common.TestResultErrorInfo"><message type="System.String">Assert.Inconclusive failed. Verify the correctness of this test method</message><stackTrace type="System.String">   at BrownShoe.UnitTests.Services.Profiles.ProfileServiceTest.UpdateProfileTest()
</stackTrace></errorInfo><traceInfo type="Microsoft.VisualStudio.TestTools.Common.TestExecutionTraceInformation"><trace type="System.Text.StringBuilder">Creating instance of class BrownShoe.UnitTests.Services.Profiles.ProfileServiceTest.
Calling Test method BrownShoe.UnitTests.Services.Profiles.ProfileServiceTest.Microsoft.VisualStudio.TestTools.TestTypes.Unit.TestMethod.
</trace></traceInfo><stdout type="System.String" /><stderr type="System.String" /><debugTrace type="System.String" /><workItemIds type="System.Collections.Generic.List`1[[System.Int32, mscorlib, Version=2.0.0.0, Culture=neutral, PublicKeyToken=b77a5c561934e089]]"><_size type="System.Int32">0</_size><_version type="System.Int32">1</_version></workItemIds><id type="Microsoft.VisualStudio.TestTools.Common.TestResultId"><runId type="System.Guid">3d9a8baa-b9cb-4717-8a94-3c6445344217</runId><executionId type="Microsoft.VisualStudio.TestTools.Common.TestExecId"><id type="System.Guid">a0ba56c1-8b8f-4adc-8dab-580a29bf50e3</id></executionId><parentExecId type="Microsoft.VisualStudio.TestTools.Common.TestExecId"><id type="System.Guid">00000000-0000-0000-0000-000000000000</id></parentExecId><testId type="Microsoft.VisualStudio.TestTools.Common.TestId"><id type="System.Guid">68f8ccaa-ae79-81b5-281c-0f1796784592</id></testId></id><testName type="System.String">UpdateProfileTest</testName><testType type="Microsoft.VisualStudio.TestTools.Common.TestType"><id type="System.Guid">13cdc9d9-ddb5-4fa4-a97d-d965ccfc6d4b</id></testType><messageKind type="Microsoft.VisualStudio.TestTools.Common.TestMessageKind"><value__ type="System.Int32">1</value__></messageKind><computerInfo type="Microsoft.VisualStudio.TestTools.Common.ComputerInfo"><m_computerName type="System.String">ECDATA-TFS01</m_computerName></computerInfo><duration type="System.TimeSpan">00:00:00.0007358</duration><startTime type="System.DateTime"><dateData type="System.UInt64">633673775016733176</dateData></startTime><endTime type="System.DateTime"><dateData type="System.UInt64">633673775016733176</dateData></endTime><spoolMessage type="System.Boolean">True</spoolMessage></UnitTestResult><UnitTestResult type="Microsoft.VisualStudio.TestTools.TestTypes.Unit.UnitTestResult, Microsoft.VisualStudio.QualityTools.Tips.UnitTest.ObjectModel, Version=8.0.0.0, Culture=neutral, PublicKeyToken=b03f5f7f11d50a3a"><resultType type="Microsoft.VisualStudio.TestTools.TestTypes.Unit.UnitTestResultType, Microsoft.VisualStudio.QualityTools.Tips.UnitTest.ObjectModel, Version=8.0.0.0, Culture=neutral, PublicKeyToken=b03f5f7f11d50a3a"><value__ type="System.Int32">0</value__></resultType><m_hasSufficientAccess type="System.Boolean">True</m_hasSufficientAccess><counters type="Microsoft.VisualStudio.TestTools.Common.TestResultCounter"><values type="System.Int32">0,0,0,0,0,0,0,0,0,0,0,0,0,0</values><total type="System.Int32">1</total></counters><categoryId type="Microsoft.VisualStudio.TestTools.Common.TestCategoryId"><id type="System.Guid">8c84fa94-04c1-424b-9868-57a2d4851a1d</id></categoryId><outcome type="Microsoft.VisualStudio.TestTools.Common.TestOutcome"><value__ type="System.Int32">4</value__></outcome><errorInfo type="Microsoft.VisualStudio.TestTools.Common.TestResultErrorInfo"><message type="System.String">Assert.Inconclusive failed. Verify the correctness of this test method</message><stackTrace type="System.String">   at BrownShoe.UnitTests.Services.Profiles.WebStoreServicesTest.GetAllWebStoresTest()
</stackTrace></errorInfo><traceInfo type="Microsoft.VisualStudio.TestTools.Common.TestExecutionTraceInformation"><trace type="System.Text.StringBuilder">Creating instance of class BrownShoe.UnitTests.Services.Profiles.WebStoreServicesTest.
Calling Test method BrownShoe.UnitTests.Services.Profiles.WebStoreServicesTest.Microsoft.VisualStudio.TestTools.TestTypes.Unit.TestMethod.
</trace></traceInfo><stdout type="System.String" /><stderr type="System.String" /><debugTrace type="System.String" /><workItemIds type="System.Collections.Generic.List`1[[System.Int32, mscorlib, Version=2.0.0.0, Culture=neutral, PublicKeyToken=b77a5c561934e089]]"><_size type="System.Int32">0</_size><_version type="System.Int32">1</_version></workItemIds><id type="Microsoft.VisualStudio.TestTools.Common.TestResultId"><runId type="System.Guid">3d9a8baa-b9cb-4717-8a94-3c6445344217</runId><executionId type="Microsoft.VisualStudio.TestTools.Common.TestExecId"><id type="System.Guid">766ecfd8-db79-41b9-b383-10a72e2de12b</id></executionId><parentExecId type="Microsoft.VisualStudio.TestTools.Common.TestExecId"><id type="System.Guid">00000000-0000-0000-0000-000000000000</id></parentExecId><testId type="Microsoft.VisualStudio.TestTools.Common.TestId"><id type="System.Guid">23ea3b8a-5e1b-3402-67cb-5a50591607f9</id></testId></id><testName type="System.String">GetAllWebStoresTest</testName><testType type="Microsoft.VisualStudio.TestTools.Common.TestType"><id type="System.Guid">13cdc9d9-ddb5-4fa4-a97d-d965ccfc6d4b</id></testType><messageKind type="Microsoft.VisualStudio.TestTools.Common.TestMessageKind"><value__ type="System.Int32">1</value__></messageKind><computerInfo type="Microsoft.VisualStudio.TestTools.Common.ComputerInfo"><m_computerName type="System.String">ECDATA-TFS01</m_computerName></computerInfo><duration type="System.TimeSpan">00:00:00.0008820</duration><startTime type="System.DateTime"><dateData type="System.UInt64">633673775016733176</dateData></startTime><endTime type="System.DateTime"><dateData type="System.UInt64">633673775016733176</dateData></endTime><spoolMessage type="System.Boolean">True</spoolMessage></UnitTestResult><UnitTestResult type="Microsoft.VisualStudio.TestTools.TestTypes.Unit.UnitTestResult, Microsoft.VisualStudio.QualityTools.Tips.UnitTest.ObjectModel, Version=8.0.0.0, Culture=neutral, PublicKeyToken=b03f5f7f11d50a3a"><resultType type="Microsoft.VisualStudio.TestTools.TestTypes.Unit.UnitTestResultType, Microsoft.VisualStudio.QualityTools.Tips.UnitTest.ObjectModel, Version=8.0.0.0, Culture=neutral, PublicKeyToken=b03f5f7f11d50a3a"><value__ type="System.Int32">0</value__></resultType><m_hasSufficientAccess type="System.Boolean">True</m_hasSufficientAccess><counters type="Microsoft.VisualStudio.TestTools.Common.TestResultCounter"><values type="System.Int32">0,0,0,0,0,0,0,0,0,0,0,0,0,0</values><total type="System.Int32">1</total></counters><categoryId type="Microsoft.VisualStudio.TestTools.Common.TestCategoryId"><id type="System.Guid">8c84fa94-04c1-424b-9868-57a2d4851a1d</id></categoryId><outcome type="Microsoft.VisualStudio.TestTools.Common.TestOutcome"><value__ type="System.Int32">4</value__></outcome><errorInfo type="Microsoft.VisualStudio.TestTools.Common.TestResultErrorInfo"><message type="System.String">Assert.Inconclusive failed. Verify the correctness of this test method</message><stackTrace type="System.String">   at BrownShoe.UnitTests.Services.Profiles.WebStoreServicesTest.GetCatalogWebStoreTest()
</stackTrace></errorInfo><traceInfo type="Microsoft.VisualStudio.TestTools.Common.TestExecutionTraceInformation"><trace type="System.Text.StringBuilder">Creating instance of class BrownShoe.UnitTests.Services.Profiles.WebStoreServicesTest.
Calling Test method BrownShoe.UnitTests.Services.Profiles.WebStoreServicesTest.Microsoft.VisualStudio.TestTools.TestTypes.Unit.TestMethod.
</trace></traceInfo><stdout type="System.String" /><stderr type="System.String" /><debugTrace type="System.String" /><workItemIds type="System.Collections.Generic.List`1[[System.Int32, mscorlib, Version=2.0.0.0, Culture=neutral, PublicKeyToken=b77a5c561934e089]]"><_size type="System.Int32">0</_size><_version type="System.Int32">1</_version></workItemIds><id type="Microsoft.VisualStudio.TestTools.Common.TestResultId"><runId type="System.Guid">3d9a8baa-b9cb-4717-8a94-3c6445344217</runId><executionId type="Microsoft.VisualStudio.TestTools.Common.TestExecId"><id type="System.Guid">8ee31fb5-64e1-434e-a82d-7306e8465908</id></executionId><parentExecId type="Microsoft.VisualStudio.TestTools.Common.TestExecId"><id type="System.Guid">00000000-0000-0000-0000-000000000000</id></parentExecId><testId type="Microsoft.VisualStudio.TestTools.Common.TestId"><id type="System.Guid">15b7900e-6ac2-6625-21b5-f1f4e7ee0ee8</id></testId></id><testName type="System.String">GetCatalogWebStoreTest</testName><testType type="Microsoft.VisualStudio.TestTools.Common.TestType"><id type="System.Guid">13cdc9d9-ddb5-4fa4-a97d-d965ccfc6d4b</id></testType><messageKind type="Microsoft.VisualStudio.TestTools.Common.TestMessageKind"><value__ type="System.Int32">1</value__></messageKind><computerInfo type="Microsoft.VisualStudio.TestTools.Common.ComputerInfo"><m_computerName type="System.String">ECDATA-TFS01</m_computerName></computerInfo><duration type="System.TimeSpan">00:00:00.0005914</duration><startTime type="System.DateTime"><dateData type="System.UInt64">633673775016733176</dateData></startTime><endTime type="System.DateTime"><dateData type="System.UInt64">633673775016889436</dateData></endTime><spoolMessage type="System.Boolean">True</spoolMessage></UnitTestResult><UnitTestResult type="Microsoft.VisualStudio.TestTools.TestTypes.Unit.UnitTestResult, Microsoft.VisualStudio.QualityTools.Tips.UnitTest.ObjectModel, Version=8.0.0.0, Culture=neutral, PublicKeyToken=b03f5f7f11d50a3a"><resultType type="Microsoft.VisualStudio.TestTools.TestTypes.Unit.UnitTestResultType, Microsoft.VisualStudio.QualityTools.Tips.UnitTest.ObjectModel, Version=8.0.0.0, Culture=neutral, PublicKeyToken=b03f5f7f11d50a3a"><value__ type="System.Int32">0</value__></resultType><m_hasSufficientAccess type="System.Boolean">True</m_hasSufficientAccess><counters type="Microsoft.VisualStudio.TestTools.Common.TestResultCounter"><values type="System.Int32">0,0,0,0,0,0,0,0,0,0,0,0,0,0</values><total type="System.Int32">1</total></counters><categoryId type="Microsoft.VisualStudio.TestTools.Common.TestCategoryId"><id type="System.Guid">8c84fa94-04c1-424b-9868-57a2d4851a1d</id></categoryId><outcome type="Microsoft.VisualStudio.TestTools.Common.TestOutcome"><value__ type="System.Int32">4</value__></outcome><errorInfo type="Microsoft.VisualStudio.TestTools.Common.TestResultErrorInfo"><message type="System.String">Assert.Inconclusive failed. Verify the correctness of this test method</message><stackTrace type="System.String">   at BrownShoe.UnitTests.Services.Profiles.WebStoreServicesTest.ReadTest()
</stackTrace></errorInfo><traceInfo type="Microsoft.VisualStudio.TestTools.Common.TestExecutionTraceInformation"><trace type="System.Text.StringBuilder">Creating instance of class BrownShoe.UnitTests.Services.Profiles.WebStoreServicesTest.
Calling Test method BrownShoe.UnitTests.Services.Profiles.WebStoreServicesTest.Microsoft.VisualStudio.TestTools.TestTypes.Unit.TestMethod.
</trace></traceInfo><stdout type="System.String" /><stderr type="System.String" /><debugTrace type="System.String" /><workItemIds type="System.Collections.Generic.List`1[[System.Int32, mscorlib, Version=2.0.0.0, Culture=neutral, PublicKeyToken=b77a5c561934e089]]"><_size type="System.Int32">0</_size><_version type="System.Int32">1</_version></workItemIds><id type="Microsoft.VisualStudio.TestTools.Common.TestResultId"><runId type="System.Guid">3d9a8baa-b9cb-4717-8a94-3c6445344217</runId><executionId type="Microsoft.VisualStudio.TestTools.Common.TestExecId"><id type="System.Guid">c8bf3a85-5bb0-41d7-8767-a5b615a049fa</id></executionId><parentExecId type="Microsoft.VisualStudio.TestTools.Common.TestExecId"><id type="System.Guid">00000000-0000-0000-0000-000000000000</id></parentExecId><testId type="Microsoft.VisualStudio.TestTools.Common.TestId"><id type="System.Guid">d3211a8e-0487-6b41-307d-8b111661a69d</id></testId></id><testName type="System.String">ReadTest</testName><testType type="Microsoft.VisualStudio.TestTools.Common.TestType"><id type="System.Guid">13cdc9d9-ddb5-4fa4-a97d-d965ccfc6d4b</id></testType><messageKind type="Microsoft.VisualStudio.TestTools.Common.TestMessageKind"><value__ type="System.Int32">1</value__></messageKind><computerInfo type="Microsoft.VisualStudio.TestTools.Common.ComputerInfo"><m_computerName type="System.String">ECDATA-TFS01</m_computerName></computerInfo><duration type="System.TimeSpan">00:00:00.0009628</duration><startTime type="System.DateTime"><dateData type="System.UInt64">633673775016889436</dateData></startTime><endTime type="System.DateTime"><dateData type="System.UInt64">633673775016889436</dateData></endTime><spoolMessage type="System.Boolean">True</spoolMessage></UnitTestResult><UnitTestResult type="Microsoft.VisualStudio.TestTools.TestTypes.Unit.UnitTestResult, Microsoft.VisualStudio.QualityTools.Tips.UnitTest.ObjectModel, Version=8.0.0.0, Culture=neutral, PublicKeyToken=b03f5f7f11d50a3a"><resultType type="Microsoft.VisualStudio.TestTools.TestTypes.Unit.UnitTestResultType, Microsoft.VisualStudio.QualityTools.Tips.UnitTest.ObjectModel, Version=8.0.0.0, Culture=neutral, PublicKeyToken=b03f5f7f11d50a3a"><value__ type="System.Int32">0</value__></resultType><m_hasSufficientAccess type="System.Boolean">True</m_hasSufficientAccess><counters type="Microsoft.VisualStudio.TestTools.Common.TestResultCounter"><values type="System.Int32">0,0,0,0,0,0,0,0,0,0,0,0,0,0</values><total type="System.Int32">1</total></counters><categoryId type="Microsoft.VisualStudio.TestTools.Common.TestCategoryId"><id type="System.Guid">8c84fa94-04c1-424b-9868-57a2d4851a1d</id></categoryId><outcome type="Microsoft.VisualStudio.TestTools.Common.TestOutcome"><value__ type="System.Int32">4</value__></outcome><errorInfo type="Microsoft.VisualStudio.TestTools.Common.TestResultErrorInfo"><message type="System.String">Assert.Inconclusive failed. Verify the correctness of this test method</message><stackTrace type="System.String">   at BrownShoe.UnitTests.Services.Search.SearchServiceTest.GetBrandSearchTest()
</stackTrace></errorInfo><traceInfo type="Microsoft.VisualStudio.TestTools.Common.TestExecutionTraceInformation"><trace type="System.Text.StringBuilder">Creating instance of class BrownShoe.UnitTests.Services.Search.SearchServiceTest.
Calling Test method BrownShoe.UnitTests.Services.Search.SearchServiceTest.Microsoft.VisualStudio.TestTools.TestTypes.Unit.TestMethod.
</trace></traceInfo><stdout type="System.String" /><stderr type="System.String" /><debugTrace type="System.String" /><workItemIds type="System.Collections.Generic.List`1[[System.Int32, mscorlib, Version=2.0.0.0, Culture=neutral, PublicKeyToken=b77a5c561934e089]]"><_size type="System.Int32">0</_size><_version type="System.Int32">1</_version></workItemIds><id type="Microsoft.VisualStudio.TestTools.Common.TestResultId"><runId type="System.Guid">3d9a8baa-b9cb-4717-8a94-3c6445344217</runId><executionId type="Microsoft.VisualStudio.TestTools.Common.TestExecId"><id type="System.Guid">fc5ae82e-126b-4fa4-b30e-c793d2c18266</id></executionId><parentExecId type="Microsoft.VisualStudio.TestTools.Common.TestExecId"><id type="System.Guid">00000000-0000-0000-0000-000000000000</id></parentExecId><testId type="Microsoft.VisualStudio.TestTools.Common.TestId"><id type="System.Guid">4c75fb7f-208b-52d9-3fe3-e303664045d2</id></testId></id><testName type="System.String">GetBrandSearchTest</testName><testType type="Microsoft.VisualStudio.TestTools.Common.TestType"><id type="System.Guid">13cdc9d9-ddb5-4fa4-a97d-d965ccfc6d4b</id></testType><messageKind type="Microsoft.VisualStudio.TestTools.Common.TestMessageKind"><value__ type="System.Int32">1</value__></messageKind><computerInfo type="Microsoft.VisualStudio.TestTools.Common.ComputerInfo"><m_computerName type="System.String">ECDATA-TFS01</m_computerName></computerInfo><duration type="System.TimeSpan">00:00:00.0008347</duration><startTime type="System.DateTime"><dateData type="System.UInt64">633673775016889436</dateData></startTime><endTime type="System.DateTime"><dateData type="System.UInt64">633673775016889436</dateData></endTime><spoolMessage type="System.Boolean">True</spoolMessage></UnitTestResult><UnitTestResult type="Microsoft.VisualStudio.TestTools.TestTypes.Unit.UnitTestResult, Microsoft.VisualStudio.QualityTools.Tips.UnitTest.ObjectModel, Version=8.0.0.0, Culture=neutral, PublicKeyToken=b03f5f7f11d50a3a"><resultType type="Microsoft.VisualStudio.TestTools.TestTypes.Unit.UnitTestResultType, Microsoft.VisualStudio.QualityTools.Tips.UnitTest.ObjectModel, Version=8.0.0.0, Culture=neutral, PublicKeyToken=b03f5f7f11d50a3a"><value__ type="System.Int32">0</value__></resultType><m_hasSufficientAccess type="System.Boolean">True</m_hasSufficientAccess><counters type="Microsoft.VisualStudio.TestTools.Common.TestResultCounter"><values type="System.Int32">0,0,0,0,0,0,0,0,0,0,0,0,0,0</values><total type="System.Int32">1</total></counters><categoryId type="Microsoft.VisualStudio.TestTools.Common.TestCategoryId"><id type="System.Guid">8c84fa94-04c1-424b-9868-57a2d4851a1d</id></categoryId><outcome type="Microsoft.VisualStudio.TestTools.Common.TestOutcome"><value__ type="System.Int32">4</value__></outcome><errorInfo type="Microsoft.VisualStudio.TestTools.Common.TestResultErrorInfo"><message type="System.String">Assert.Inconclusive failed. Verify the correctness of this test method</message><stackTrace type="System.String">   at BrownShoe.UnitTests.Services.Search.SearchServiceTest.GetCategorySearchTest()
</stackTrace></errorInfo><traceInfo type="Microsoft.VisualStudio.TestTools.Common.TestExecutionTraceInformation"><trace type="System.Text.StringBuilder">Creating instance of class BrownShoe.UnitTests.Services.Search.SearchServiceTest.
Calling Test method BrownShoe.UnitTests.Services.Search.SearchServiceTest.Microsoft.VisualStudio.TestTools.TestTypes.Unit.TestMethod.
</trace></traceInfo><stdout type="System.String" /><stderr type="System.String" /><debugTrace type="System.String" /><workItemIds type="System.Collections.Generic.List`1[[System.Int32, mscorlib, Version=2.0.0.0, Culture=neutral, PublicKeyToken=b77a5c561934e089]]"><_size type="System.Int32">0</_size><_version type="System.Int32">1</_version></workItemIds><id type="Microsoft.VisualStudio.TestTools.Common.TestResultId"><runId type="System.Guid">3d9a8baa-b9cb-4717-8a94-3c6445344217</runId><executionId type="Microsoft.VisualStudio.TestTools.Common.TestExecId"><id type="System.Guid">d84a799a-d04e-4008-8c14-c704ef1da308</id></executionId><parentExecId type="Microsoft.VisualStudio.TestTools.Common.TestExecId"><id type="System.Guid">00000000-0000-0000-0000-000000000000</id></parentExecId><testId type="Microsoft.VisualStudio.TestTools.Common.TestId"><id type="System.Guid">4f819d3c-ed56-80ce-3785-9e8f4fced24e</id></testId></id><testName type="System.String">GetCategorySearchTest</testName><testType type="Microsoft.VisualStudio.TestTools.Common.TestType"><id type="System.Guid">13cdc9d9-ddb5-4fa4-a97d-d965ccfc6d4b</id></testType><messageKind type="Microsoft.VisualStudio.TestTools.Common.TestMessageKind"><value__ type="System.Int32">1</value__></messageKind><computerInfo type="Microsoft.VisualStudio.TestTools.Common.ComputerInfo"><m_computerName type="System.String">ECDATA-TFS01</m_computerName></computerInfo><duration type="System.TimeSpan">00:00:00.0006309</duration><startTime type="System.DateTime"><dateData type="System.UInt64">633673775016889436</dateData></startTime><endTime type="System.DateTime"><dateData type="System.UInt64">633673775017045696</dateData></endTime><spoolMessage type="System.Boolean">True</spoolMessage></UnitTestResult><UnitTestResult type="Microsoft.VisualStudio.TestTools.TestTypes.Unit.UnitTestResult, Microsoft.VisualStudio.QualityTools.Tips.UnitTest.ObjectModel, Version=8.0.0.0, Culture=neutral, PublicKeyToken=b03f5f7f11d50a3a"><resultType type="Microsoft.VisualStudio.TestTools.TestTypes.Unit.UnitTestResultType, Microsoft.VisualStudio.QualityTools.Tips.UnitTest.ObjectModel, Version=8.0.0.0, Culture=neutral, PublicKeyToken=b03f5f7f11d50a3a"><value__ type="System.Int32">0</value__></resultType><m_hasSufficientAccess type="System.Boolean">True</m_hasSufficientAccess><counters type="Microsoft.VisualStudio.TestTools.Common.TestResultCounter"><values type="System.Int32">0,0,0,0,0,0,0,0,0,0,0,0,0,0</values><total type="System.Int32">1</total></counters><categoryId type="Microsoft.VisualStudio.TestTools.Common.TestCategoryId"><id type="System.Guid">8c84fa94-04c1-424b-9868-57a2d4851a1d</id></categoryId><outcome type="Microsoft.VisualStudio.TestTools.Common.TestOutcome"><value__ type="System.Int32">4</value__></outcome><errorInfo type="Microsoft.VisualStudio.TestTools.Common.TestResultErrorInfo"><message type="System.String">Assert.Inconclusive failed. Verify the correctness of this test method</message><stackTrace type="System.String">   at BrownShoe.UnitTests.Services.Search.SearchServiceTest.GetKeywordSearchTest()
</stackTrace></errorInfo><traceInfo type="Microsoft.VisualStudio.TestTools.Common.TestExecutionTraceInformation"><trace type="System.Text.StringBuilder">Creating instance of class BrownShoe.UnitTests.Services.Search.SearchServiceTest.
Calling Test method BrownShoe.UnitTests.Services.Search.SearchServiceTest.Microsoft.VisualStudio.TestTools.TestTypes.Unit.TestMethod.
</trace></traceInfo><stdout type="System.String" /><stderr type="System.String" /><debugTrace type="System.String" /><workItemIds type="System.Collections.Generic.List`1[[System.Int32, mscorlib, Version=2.0.0.0, Culture=neutral, PublicKeyToken=b77a5c561934e089]]"><_size type="System.Int32">0</_size><_version type="System.Int32">1</_version></workItemIds><id type="Microsoft.VisualStudio.TestTools.Common.TestResultId"><runId type="System.Guid">3d9a8baa-b9cb-4717-8a94-3c6445344217</runId><executionId type="Microsoft.VisualStudio.TestTools.Common.TestExecId"><id type="System.Guid">f058cb7b-64b1-40f4-ac8f-58531a495d4a</id></executionId><parentExecId type="Microsoft.VisualStudio.TestTools.Common.TestExecId"><id type="System.Guid">00000000-0000-0000-0000-000000000000</id></parentExecId><testId type="Microsoft.VisualStudio.TestTools.Common.TestId"><id type="System.Guid">4cfbe9cb-3842-6daa-f27d-fce3454220c3</id></testId></id><testName type="System.String">GetKeywordSearchTest</testName><testType type="Microsoft.VisualStudio.TestTools.Common.TestType"><id type="System.Guid">13cdc9d9-ddb5-4fa4-a97d-d965ccfc6d4b</id></testType><messageKind type="Microsoft.VisualStudio.TestTools.Common.TestMessageKind"><value__ type="System.Int32">1</value__></messageKind><computerInfo type="Microsoft.VisualStudio.TestTools.Common.ComputerInfo"><m_computerName type="System.String">ECDATA-TFS01</m_computerName></computerInfo><duration type="System.TimeSpan">00:00:00.0006823</duration><startTime type="System.DateTime"><dateData type="System.UInt64">633673775017045696</dateData></startTime><endTime type="System.DateTime"><dateData type="System.UInt64">633673775017045696</dateData></endTime><spoolMessage type="System.Boolean">True</spoolMessage></UnitTestResult><UnitTestResult type="Microsoft.VisualStudio.TestTools.TestTypes.Unit.UnitTestResult, Microsoft.VisualStudio.QualityTools.Tips.UnitTest.ObjectModel, Version=8.0.0.0, Culture=neutral, PublicKeyToken=b03f5f7f11d50a3a"><resultType type="Microsoft.VisualStudio.TestTools.TestTypes.Unit.UnitTestResultType, Microsoft.VisualStudio.QualityTools.Tips.UnitTest.ObjectModel, Version=8.0.0.0, Culture=neutral, PublicKeyToken=b03f5f7f11d50a3a"><value__ type="System.Int32">0</value__></resultType><m_hasSufficientAccess type="System.Boolean">True</m_hasSufficientAccess><counters type="Microsoft.VisualStudio.TestTools.Common.TestResultCounter"><values type="System.Int32">0,0,0,0,0,0,0,0,0,0,0,0,0,0</values><total type="System.Int32">1</total></counters><categoryId type="Microsoft.VisualStudio.TestTools.Common.TestCategoryId"><id type="System.Guid">8c84fa94-04c1-424b-9868-57a2d4851a1d</id></categoryId><outcome type="Microsoft.VisualStudio.TestTools.Common.TestOutcome"><value__ type="System.Int32">4</value__></outcome><errorInfo type="Microsoft.VisualStudio.TestTools.Common.TestResultErrorInfo"><message type="System.String">Assert.Inconclusive failed. Verify the correctness of this test method</message><stackTrace type="System.String">   at BrownShoe.UnitTests.Services.Search.SearchServiceTest.GetProductItemSearchTest()
</stackTrace></errorInfo><traceInfo type="Microsoft.VisualStudio.TestTools.Common.TestExecutionTraceInformation"><trace type="System.Text.StringBuilder">Creating instance of class BrownShoe.UnitTests.Services.Search.SearchServiceTest.
Calling Test method BrownShoe.UnitTests.Services.Search.SearchServiceTest.Microsoft.VisualStudio.TestTools.TestTypes.Unit.TestMethod.
</trace></traceInfo><stdout type="System.String" /><stderr type="System.String" /><debugTrace type="System.String" /><workItemIds type="System.Collections.Generic.List`1[[System.Int32, mscorlib, Version=2.0.0.0, Culture=neutral, PublicKeyToken=b77a5c561934e089]]"><_size type="System.Int32">0</_size><_version type="System.Int32">1</_version></workItemIds><id type="Microsoft.VisualStudio.TestTools.Common.TestResultId"><runId type="System.Guid">3d9a8baa-b9cb-4717-8a94-3c6445344217</runId><executionId type="Microsoft.VisualStudio.TestTools.Common.TestExecId"><id type="System.Guid">ef7b6b73-0637-416a-9929-42af706e9ed6</id></executionId><parentExecId type="Microsoft.VisualStudio.TestTools.Common.TestExecId"><id type="System.Guid">00000000-0000-0000-0000-000000000000</id></parentExecId><testId type="Microsoft.VisualStudio.TestTools.Common.TestId"><id type="System.Guid">c134a509-0406-956a-8412-827c3c5588f9</id></testId></id><testName type="System.String">GetProductItemSearchTest</testName><testType type="Microsoft.VisualStudio.TestTools.Common.TestType"><id type="System.Guid">13cdc9d9-ddb5-4fa4-a97d-d965ccfc6d4b</id></testType><messageKind type="Microsoft.VisualStudio.TestTools.Common.TestMessageKind"><value__ type="System.Int32">1</value__></messageKind><computerInfo type="Microsoft.VisualStudio.TestTools.Common.ComputerInfo"><m_computerName type="System.String">ECDATA-TFS01</m_computerName></computerInfo><duration type="System.TimeSpan">00:00:00.0013455</duration><startTime type="System.DateTime"><dateData type="System.UInt64">633673775017045696</dateData></startTime><endTime type="System.DateTime"><dateData type="System.UInt64">633673775017045696</dateData></endTime><spoolMessage type="System.Boolean">True</spoolMessage></UnitTestResult><UnitTestResult type="Microsoft.VisualStudio.TestTools.TestTypes.Unit.UnitTestResult, Microsoft.VisualStudio.QualityTools.Tips.UnitTest.ObjectModel, Version=8.0.0.0, Culture=neutral, PublicKeyToken=b03f5f7f11d50a3a"><resultType type="Microsoft.VisualStudio.TestTools.TestTypes.Unit.UnitTestResultType, Microsoft.VisualStudio.QualityTools.Tips.UnitTest.ObjectModel, Version=8.0.0.0, Culture=neutral, PublicKeyToken=b03f5f7f11d50a3a"><value__ type="System.Int32">0</value__></resultType><m_hasSufficientAccess type="System.Boolean">True</m_hasSufficientAccess><counters type="Microsoft.VisualStudio.TestTools.Common.TestResultCounter"><values type="System.Int32">0,0,0,0,0,0,0,0,0,0,0,0,0,0</values><total type="System.Int32">1</total></counters><categoryId type="Microsoft.VisualStudio.TestTools.Common.TestCategoryId"><id type="System.Guid">8c84fa94-04c1-424b-9868-57a2d4851a1d</id></categoryId><outcome type="Microsoft.VisualStudio.TestTools.Common.TestOutcome"><value__ type="System.Int32">4</value__></outcome><errorInfo type="Microsoft.VisualStudio.TestTools.Common.TestResultErrorInfo"><message type="System.String">Assert.Inconclusive failed. Verify the correctness of this test method</message><stackTrace type="System.String">   at BrownShoe.UnitTests.Services.Search.SearchServiceTest.GetProductSearchTest()
</stackTrace></errorInfo><traceInfo type="Microsoft.VisualStudio.TestTools.Common.TestExecutionTraceInformation"><trace type="System.Text.StringBuilder">Creating instance of class BrownShoe.UnitTests.Services.Search.SearchServiceTest.
Calling Test method BrownShoe.UnitTests.Services.Search.SearchServiceTest.Microsoft.VisualStudio.TestTools.TestTypes.Unit.TestMethod.
</trace></traceInfo><stdout type="System.String" /><stderr type="System.String" /><debugTrace type="System.String" /><workItemIds type="System.Collections.Generic.List`1[[System.Int32, mscorlib, Version=2.0.0.0, Culture=neutral, PublicKeyToken=b77a5c561934e089]]"><_size type="System.Int32">0</_size><_version type="System.Int32">1</_version></workItemIds><id type="Microsoft.VisualStudio.TestTools.Common.TestResultId"><runId type="System.Guid">3d9a8baa-b9cb-4717-8a94-3c6445344217</runId><executionId type="Microsoft.VisualStudio.TestTools.Common.TestExecId"><id type="System.Guid">a4a01609-ae1e-4944-89e9-112da04337cc</id></executionId><parentExecId type="Microsoft.VisualStudio.TestTools.Common.TestExecId"><id type="System.Guid">00000000-0000-0000-0000-000000000000</id></parentExecId><testId type="Microsoft.VisualStudio.TestTools.Common.TestId"><id type="System.Guid">4e992b85-bed0-4009-2c49-f928f74fe58b</id></testId></id><testName type="System.String">GetProductSearchTest</testName><testType type="Microsoft.VisualStudio.TestTools.Common.TestType"><id type="System.Guid">13cdc9d9-ddb5-4fa4-a97d-d965ccfc6d4b</id></testType><messageKind type="Microsoft.VisualStudio.TestTools.Common.TestMessageKind"><value__ type="System.Int32">1</value__></messageKind><computerInfo type="Microsoft.VisualStudio.TestTools.Common.ComputerInfo"><m_computerName type="System.String">ECDATA-TFS01</m_computerName></computerInfo><duration type="System.TimeSpan">00:00:00.0005593</duration><startTime type="System.DateTime"><dateData type="System.UInt64">633673775017045696</dateData></startTime><endTime type="System.DateTime"><dateData type="System.UInt64">633673775017201956</dateData></endTime><spoolMessage type="System.Boolean">True</spoolMessage></UnitTestResult><UnitTestResult type="Microsoft.VisualStudio.TestTools.TestTypes.Unit.UnitTestResult, Microsoft.VisualStudio.QualityTools.Tips.UnitTest.ObjectModel, Version=8.0.0.0, Culture=neutral, PublicKeyToken=b03f5f7f11d50a3a"><resultType type="Microsoft.VisualStudio.TestTools.TestTypes.Unit.UnitTestResultType, Microsoft.VisualStudio.QualityTools.Tips.UnitTest.ObjectModel, Version=8.0.0.0, Culture=neutral, PublicKeyToken=b03f5f7f11d50a3a"><value__ type="System.Int32">0</value__></resultType><m_hasSufficientAccess type="System.Boolean">True</m_hasSufficientAccess><counters type="Microsoft.VisualStudio.TestTools.Common.TestResultCounter"><values type="System.Int32">0,0,0,0,0,0,0,0,0,0,0,0,0,0</values><total type="System.Int32">1</total></counters><categoryId type="Microsoft.VisualStudio.TestTools.Common.TestCategoryId"><id type="System.Guid">8c84fa94-04c1-424b-9868-57a2d4851a1d</id></categoryId><outcome type="Microsoft.VisualStudio.TestTools.Common.TestOutcome"><value__ type="System.Int32">4</value__></outcome><errorInfo type="Microsoft.VisualStudio.TestTools.Common.TestResultErrorInfo"><message type="System.String">Assert.Inconclusive failed. Verify the correctness of this test method</message><stackTrace type="System.String">   at BrownShoe.UnitTests.Services.Search.SearchServiceTest.GetSizeCrossReferenceSearchTest()
</stackTrace></errorInfo><traceInfo type="Microsoft.VisualStudio.TestTools.Common.TestExecutionTraceInformation"><trace type="System.Text.StringBuilder">Creating instance of class BrownShoe.UnitTests.Services.Search.SearchServiceTest.
Calling Test method BrownShoe.UnitTests.Services.Search.SearchServiceTest.Microsoft.VisualStudio.TestTools.TestTypes.Unit.TestMethod.
</trace></traceInfo><stdout type="System.String" /><stderr type="System.String" /><debugTrace type="System.String" /><workItemIds type="System.Collections.Generic.List`1[[System.Int32, mscorlib, Version=2.0.0.0, Culture=neutral, PublicKeyToken=b77a5c561934e089]]"><_size type="System.Int32">0</_size><_version type="System.Int32">1</_version></workItemIds><id type="Microsoft.VisualStudio.TestTools.Common.TestResultId"><runId type="System.Guid">3d9a8baa-b9cb-4717-8a94-3c6445344217</runId><executionId type="Microsoft.VisualStudio.TestTools.Common.TestExecId"><id type="System.Guid">6005be9b-bc09-47aa-9472-df98183e8215</id></executionId><parentExecId type="Microsoft.VisualStudio.TestTools.Common.TestExecId"><id type="System.Guid">00000000-0000-0000-0000-000000000000</id></parentExecId><testId type="Microsoft.VisualStudio.TestTools.Common.TestId"><id type="System.Guid">a65950c2-ed4f-32cc-f379-3ee77ece9ca7</id></testId></id><testName type="System.String">GetSizeCrossReferenceSearchTest</testName><testType type="Microsoft.VisualStudio.TestTools.Common.TestType"><id type="System.Guid">13cdc9d9-ddb5-4fa4-a97d-d965ccfc6d4b</id></testType><messageKind type="Microsoft.VisualStudio.TestTools.Common.TestMessageKind"><value__ type="System.Int32">1</value__></messageKind><computerInfo type="Microsoft.VisualStudio.TestTools.Common.ComputerInfo"><m_computerName type="System.String">ECDATA-TFS01</m_computerName></computerInfo><duration type="System.TimeSpan">00:00:00.0010832</duration><startTime type="System.DateTime"><dateData type="System.UInt64">633673775017201956</dateData></startTime><endTime type="System.DateTime"><dateData type="System.UInt64">633673775017201956</dateData></endTime><spoolMessage type="System.Boolean">True</spoolMessage></UnitTestResult><UnitTestResult type="Microsoft.VisualStudio.TestTools.TestTypes.Unit.UnitTestResult, Microsoft.VisualStudio.QualityTools.Tips.UnitTest.ObjectModel, Version=8.0.0.0, Culture=neutral, PublicKeyToken=b03f5f7f11d50a3a"><resultType type="Microsoft.VisualStudio.TestTools.TestTypes.Unit.UnitTestResultType, Microsoft.VisualStudio.QualityTools.Tips.UnitTest.ObjectModel, Version=8.0.0.0, Culture=neutral, PublicKeyToken=b03f5f7f11d50a3a"><value__ type="System.Int32">0</value__></resultType><m_hasSufficientAccess type="System.Boolean">True</m_hasSufficientAccess><counters type="Microsoft.VisualStudio.TestTools.Common.TestResultCounter"><values type="System.Int32">0,0,0,0,0,0,0,0,0,0,0,0,0,0</values><total type="System.Int32">1</total></counters><categoryId type="Microsoft.VisualStudio.TestTools.Common.TestCategoryId"><id type="System.Guid">8c84fa94-04c1-424b-9868-57a2d4851a1d</id></categoryId><outcome type="Microsoft.VisualStudio.TestTools.Common.TestOutcome"><value__ type="System.Int32">4</value__></outcome><errorInfo type="Microsoft.VisualStudio.TestTools.Common.TestResultErrorInfo"><message type="System.String">Assert.Inconclusive failed. Verify the correctness of this test method</message><stackTrace type="System.String">   at BrownShoe.UnitTests.Services.Shopping.ShoppingCartServiceTest.CalculateBasketSubTotalTest()
</stackTrace></errorInfo><traceInfo type="Microsoft.VisualStudio.TestTools.Common.TestExecutionTraceInformation"><trace type="System.Text.StringBuilder">Creating instance of class BrownShoe.UnitTests.Services.Shopping.ShoppingCartServiceTest.
Calling Test method BrownShoe.UnitTests.Services.Shopping.ShoppingCartServiceTest.Microsoft.VisualStudio.TestTools.TestTypes.Unit.TestMethod.
</trace></traceInfo><stdout type="System.String" /><stderr type="System.String" /><debugTrace type="System.String" /><workItemIds type="System.Collections.Generic.List`1[[System.Int32, mscorlib, Version=2.0.0.0, Culture=neutral, PublicKeyToken=b77a5c561934e089]]"><_size type="System.Int32">0</_size><_version type="System.Int32">1</_version></workItemIds><id type="Microsoft.VisualStudio.TestTools.Common.TestResultId"><runId type="System.Guid">3d9a8baa-b9cb-4717-8a94-3c6445344217</runId><executionId type="Microsoft.VisualStudio.TestTools.Common.TestExecId"><id type="System.Guid">17466d13-668e-4ef2-aa62-d021d34e2c8d</id></executionId><parentExecId type="Microsoft.VisualStudio.TestTools.Common.TestExecId"><id type="System.Guid">00000000-0000-0000-0000-000000000000</id></parentExecId><testId type="Microsoft.VisualStudio.TestTools.Common.TestId"><id type="System.Guid">b6dfe85e-91ea-ff25-d833-757ab699057e</id></testId></id><testName type="System.String">CalculateBasketSubTotalTest</testName><testType type="Microsoft.VisualStudio.TestTools.Common.TestType"><id type="System.Guid">13cdc9d9-ddb5-4fa4-a97d-d965ccfc6d4b</id></testType><messageKind type="Microsoft.VisualStudio.TestTools.Common.TestMessageKind"><value__ type="System.Int32">1</value__></messageKind><computerInfo type="Microsoft.VisualStudio.TestTools.Common.ComputerInfo"><m_computerName type="System.String">ECDATA-TFS01</m_computerName></computerInfo><duration type="System.TimeSpan">00:00:00.0009729</duration><startTime type="System.DateTime"><dateData type="System.UInt64">633673775017201956</dateData></startTime><endTime type="System.DateTime"><dateData type="System.UInt64">633673775017358216</dateData></endTime><spoolMessage type="System.Boolean">True</spoolMessage></UnitTestResult><UnitTestResult type="Microsoft.VisualStudio.TestTools.TestTypes.Unit.UnitTestResult, Microsoft.VisualStudio.QualityTools.Tips.UnitTest.ObjectModel, Version=8.0.0.0, Culture=neutral, PublicKeyToken=b03f5f7f11d50a3a"><resultType type="Microsoft.VisualStudio.TestTools.TestTypes.Unit.UnitTestResultType, Microsoft.VisualStudio.QualityTools.Tips.UnitTest.ObjectModel, Version=8.0.0.0, Culture=neutral, PublicKeyToken=b03f5f7f11d50a3a"><value__ type="System.Int32">0</value__></resultType><m_hasSufficientAccess type="System.Boolean">True</m_hasSufficientAccess><counters type="Microsoft.VisualStudio.TestTools.Common.TestResultCounter"><values type="System.Int32">0,0,0,0,0,0,0,0,0,0,0,0,0,0</values><total type="System.Int32">1</total></counters><categoryId type="Microsoft.VisualStudio.TestTools.Common.TestCategoryId"><id type="System.Guid">8c84fa94-04c1-424b-9868-57a2d4851a1d</id></categoryId><outcome type="Microsoft.VisualStudio.TestTools.Common.TestOutcome"><value__ type="System.Int32">4</value__></outcome><errorInfo type="Microsoft.VisualStudio.TestTools.Common.TestResultErrorInfo"><message type="System.String">Assert.Inconclusive failed. Verify the correctness of this test method</message><stackTrace type="System.String">   at BrownShoe.UnitTests.Services.Shopping.ShoppingCartServiceTest.CalculateBasketTotalTest()
</stackTrace></errorInfo><traceInfo type="Microsoft.VisualStudio.TestTools.Common.TestExecutionTraceInformation"><trace type="System.Text.StringBuilder">Creating instance of class BrownShoe.UnitTests.Services.Shopping.ShoppingCartServiceTest.
Calling Test method BrownShoe.UnitTests.Services.Shopping.ShoppingCartServiceTest.Microsoft.VisualStudio.TestTools.TestTypes.Unit.TestMethod.
</trace></traceInfo><stdout type="System.String" /><stderr type="System.String" /><debugTrace type="System.String" /><workItemIds type="System.Collections.Generic.List`1[[System.Int32, mscorlib, Version=2.0.0.0, Culture=neutral, PublicKeyToken=b77a5c561934e089]]"><_size type="System.Int32">0</_size><_version type="System.Int32">1</_version></workItemIds><id type="Microsoft.VisualStudio.TestTools.Common.TestResultId"><runId type="System.Guid">3d9a8baa-b9cb-4717-8a94-3c6445344217</runId><executionId type="Microsoft.VisualStudio.TestTools.Common.TestExecId"><id type="System.Guid">dab7ea4d-1add-44b1-aa81-ef43c77d1f8b</id></executionId><parentExecId type="Microsoft.VisualStudio.TestTools.Common.TestExecId"><id type="System.Guid">00000000-0000-0000-0000-000000000000</id></parentExecId><testId type="Microsoft.VisualStudio.TestTools.Common.TestId"><id type="System.Guid">9017a61e-0fd6-bf20-f20a-e27152b8fe83</id></testId></id><testName type="System.String">CalculateBasketTotalTest</testName><testType type="Microsoft.VisualStudio.TestTools.Common.TestType"><id type="System.Guid">13cdc9d9-ddb5-4fa4-a97d-d965ccfc6d4b</id></testType><messageKind type="Microsoft.VisualStudio.TestTools.Common.TestMessageKind"><value__ type="System.Int32">1</value__></messageKind><computerInfo type="Microsoft.VisualStudio.TestTools.Common.ComputerInfo"><m_computerName type="System.String">ECDATA-TFS01</m_computerName></computerInfo><duration type="System.TimeSpan">00:00:00.0019712</duration><startTime type="System.DateTime"><dateData type="System.UInt64">633673775017358216</dateData></startTime><endTime type="System.DateTime"><dateData type="System.UInt64">633673775017358216</dateData></endTime><spoolMessage type="System.Boolean">True</spoolMessage></UnitTestResult><UnitTestResult type="Microsoft.VisualStudio.TestTools.TestTypes.Unit.UnitTestResult, Microsoft.VisualStudio.QualityTools.Tips.UnitTest.ObjectModel, Version=8.0.0.0, Culture=neutral, PublicKeyToken=b03f5f7f11d50a3a"><resultType type="Microsoft.VisualStudio.TestTools.TestTypes.Unit.UnitTestResultType, Microsoft.VisualStudio.QualityTools.Tips.UnitTest.ObjectModel, Version=8.0.0.0, Culture=neutral, PublicKeyToken=b03f5f7f11d50a3a"><value__ type="System.Int32">0</value__></resultType><m_hasSufficientAccess type="System.Boolean">True</m_hasSufficientAccess><counters type="Microsoft.VisualStudio.TestTools.Common.TestResultCounter"><values type="System.Int32">0,0,0,0,0,0,0,0,0,0,0,0,0,0</values><total type="System.Int32">1</total></counters><categoryId type="Microsoft.VisualStudio.TestTools.Common.TestCategoryId"><id type="System.Guid">8c84fa94-04c1-424b-9868-57a2d4851a1d</id></categoryId><outcome type="Microsoft.VisualStudio.TestTools.Common.TestOutcome"><value__ type="System.Int32">4</value__></outcome><errorInfo type="Microsoft.VisualStudio.TestTools.Common.TestResultErrorInfo"><message type="System.String">Assert.Inconclusive failed. Verify the correctness of this test method</message><stackTrace type="System.String">   at BrownShoe.UnitTests.Services.Shopping.ShoppingCartServiceTest.MoveBasketItemsTest()
</stackTrace></errorInfo><traceInfo type="Microsoft.VisualStudio.TestTools.Common.TestExecutionTraceInformation"><trace type="System.Text.StringBuilder">Creating instance of class BrownShoe.UnitTests.Services.Shopping.ShoppingCartServiceTest.
Calling Test method BrownShoe.UnitTests.Services.Shopping.ShoppingCartServiceTest.Microsoft.VisualStudio.TestTools.TestTypes.Unit.TestMethod.
</trace></traceInfo><stdout type="System.String" /><stderr type="System.String" /><debugTrace type="System.String" /><workItemIds type="System.Collections.Generic.List`1[[System.Int32, mscorlib, Version=2.0.0.0, Culture=neutral, PublicKeyToken=b77a5c561934e089]]"><_size type="System.Int32">0</_size><_version type="System.Int32">1</_version></workItemIds><id type="Microsoft.VisualStudio.TestTools.Common.TestResultId"><runId type="System.Guid">3d9a8baa-b9cb-4717-8a94-3c6445344217</runId><executionId type="Microsoft.VisualStudio.TestTools.Common.TestExecId"><id type="System.Guid">413ac7d7-9b9f-4da4-8f96-30dad6496ff1</id></executionId><parentExecId type="Microsoft.VisualStudio.TestTools.Common.TestExecId"><id type="System.Guid">00000000-0000-0000-0000-000000000000</id></parentExecId><testId type="Microsoft.VisualStudio.TestTools.Common.TestId"><id type="System.Guid">cee26f22-639d-c20a-dbd5-fc9c2cd3106e</id></testId></id><testName type="System.String">MoveBasketItemsTest</testName><testType type="Microsoft.VisualStudio.TestTools.Common.TestType"><id type="System.Guid">13cdc9d9-ddb5-4fa4-a97d-d965ccfc6d4b</id></testType><messageKind type="Microsoft.VisualStudio.TestTools.Common.TestMessageKind"><value__ type="System.Int32">1</value__></messageKind><computerInfo type="Microsoft.VisualStudio.TestTools.Common.ComputerInfo"><m_computerName type="System.String">ECDATA-TFS01</m_computerName></computerInfo><duration type="System.TimeSpan">00:00:00.0007630</duration><startTime type="System.DateTime"><dateData type="System.UInt64">633673775017358216</dateData></startTime><endTime type="System.DateTime"><dateData type="System.UInt64">633673775017358216</dateData></endTime><spoolMessage type="System.Boolean">True</spoolMessage></UnitTestResult><UnitTestResult type="Microsoft.VisualStudio.TestTools.TestTypes.Unit.UnitTestResult, Microsoft.VisualStudio.QualityTools.Tips.UnitTest.ObjectModel, Version=8.0.0.0, Culture=neutral, PublicKeyToken=b03f5f7f11d50a3a"><resultType type="Microsoft.VisualStudio.TestTools.TestTypes.Unit.UnitTestResultType, Microsoft.VisualStudio.QualityTools.Tips.UnitTest.ObjectModel, Version=8.0.0.0, Culture=neutral, PublicKeyToken=b03f5f7f11d50a3a"><value__ type="System.Int32">0</value__></resultType><m_hasSufficientAccess type="System.Boolean">True</m_hasSufficientAccess><counters type="Microsoft.VisualStudio.TestTools.Common.TestResultCounter"><values type="System.Int32">0,0,0,0,0,0,0,0,0,0,0,0,0,0</values><total type="System.Int32">1</total></counters><categoryId type="Microsoft.VisualStudio.TestTools.Common.TestCategoryId"><id type="System.Guid">8c84fa94-04c1-424b-9868-57a2d4851a1d</id></categoryId><outcome type="Microsoft.VisualStudio.TestTools.Common.TestOutcome"><value__ type="System.Int32">4</value__></outcome><errorInfo type="Microsoft.VisualStudio.TestTools.Common.TestResultErrorInfo"><message type="System.String">Assert.Inconclusive failed. Verify the correctness of this test method</message><stackTrace type="System.String">   at BrownShoe.UnitTests.Services.Shopping.ShoppingCartServiceTest.ReadTest()
</stackTrace></errorInfo><traceInfo type="Microsoft.VisualStudio.TestTools.Common.TestExecutionTraceInformation"><trace type="System.Text.StringBuilder">Creating instance of class BrownShoe.UnitTests.Services.Shopping.ShoppingCartServiceTest.
Calling Test method BrownShoe.UnitTests.Services.Shopping.ShoppingCartServiceTest.Microsoft.VisualStudio.TestTools.TestTypes.Unit.TestMethod.
</trace></traceInfo><stdout type="System.String" /><stderr type="System.String" /><debugTrace type="System.String" /><workItemIds type="System.Collections.Generic.List`1[[System.Int32, mscorlib, Version=2.0.0.0, Culture=neutral, PublicKeyToken=b77a5c561934e089]]"><_size type="System.Int32">0</_size><_version type="System.Int32">1</_version></workItemIds><id type="Microsoft.VisualStudio.TestTools.Common.TestResultId"><runId type="System.Guid">3d9a8baa-b9cb-4717-8a94-3c6445344217</runId><executionId type="Microsoft.VisualStudio.TestTools.Common.TestExecId"><id type="System.Guid">68d0e5ce-a139-4e33-8556-b108f9bea543</id></executionId><parentExecId type="Microsoft.VisualStudio.TestTools.Common.TestExecId"><id type="System.Guid">00000000-0000-0000-0000-000000000000</id></parentExecId><testId type="Microsoft.VisualStudio.TestTools.Common.TestId"><id type="System.Guid">fb194506-b7ca-6758-4c5f-623453544394</id></testId></id><testName type="System.String">ReadTest</testName><testType type="Microsoft.VisualStudio.TestTools.Common.TestType"><id type="System.Guid">13cdc9d9-ddb5-4fa4-a97d-d965ccfc6d4b</id></testType><messageKind type="Microsoft.VisualStudio.TestTools.Common.TestMessageKind"><value__ type="System.Int32">1</value__></messageKind><computerInfo type="Microsoft.VisualStudio.TestTools.Common.ComputerInfo"><m_computerName type="System.String">ECDATA-TFS01</m_computerName></computerInfo><duration type="System.TimeSpan">00:00:00.0005724</duration><startTime type="System.DateTime"><dateData type="System.UInt64">633673775017358216</dateData></startTime><endTime type="System.DateTime"><dateData type="System.UInt64">633673775017514476</dateData></endTime><spoolMessage type="System.Boolean">True</spoolMessage></UnitTestResult><UnitTestResult type="Microsoft.VisualStudio.TestTools.TestTypes.Unit.UnitTestResult, Microsoft.VisualStudio.QualityTools.Tips.UnitTest.ObjectModel, Version=8.0.0.0, Culture=neutral, PublicKeyToken=b03f5f7f11d50a3a"><resultType type="Microsoft.VisualStudio.TestTools.TestTypes.Unit.UnitTestResultType, Microsoft.VisualStudio.QualityTools.Tips.UnitTest.ObjectModel, Version=8.0.0.0, Culture=neutral, PublicKeyToken=b03f5f7f11d50a3a"><value__ type="System.Int32">0</value__></resultType><m_hasSufficientAccess type="System.Boolean">True</m_hasSufficientAccess><counters type="Microsoft.VisualStudio.TestTools.Common.TestResultCounter"><values type="System.Int32">0,0,0,0,0,0,0,0,0,0,0,0,0,0</values><total type="System.Int32">1</total></counters><categoryId type="Microsoft.VisualStudio.TestTools.Common.TestCategoryId"><id type="System.Guid">8c84fa94-04c1-424b-9868-57a2d4851a1d</id></categoryId><outcome type="Microsoft.VisualStudio.TestTools.Common.TestOutcome"><value__ type="System.Int32">4</value__></outcome><errorInfo type="Microsoft.VisualStudio.TestTools.Common.TestResultErrorInfo"><message type="System.String">Assert.Inconclusive failed. Verify the correctness of this test method</message><stackTrace type="System.String">   at BrownShoe.UnitTests.Services.Shopping.ShoppingCartServiceTest.RunBasketPipelineTest()
</stackTrace></errorInfo><traceInfo type="Microsoft.VisualStudio.TestTools.Common.TestExecutionTraceInformation"><trace type="System.Text.StringBuilder">Creating instance of class BrownShoe.UnitTests.Services.Shopping.ShoppingCartServiceTest.
Calling Test method BrownShoe.UnitTests.Services.Shopping.ShoppingCartServiceTest.Microsoft.VisualStudio.TestTools.TestTypes.Unit.TestMethod.
</trace></traceInfo><stdout type="System.String" /><stderr type="System.String" /><debugTrace type="System.String" /><workItemIds type="System.Collections.Generic.List`1[[System.Int32, mscorlib, Version=2.0.0.0, Culture=neutral, PublicKeyToken=b77a5c561934e089]]"><_size type="System.Int32">0</_size><_version type="System.Int32">1</_version></workItemIds><id type="Microsoft.VisualStudio.TestTools.Common.TestResultId"><runId type="System.Guid">3d9a8baa-b9cb-4717-8a94-3c6445344217</runId><executionId type="Microsoft.VisualStudio.TestTools.Common.TestExecId"><id type="System.Guid">54e11bb8-28ab-4192-9866-b251da7aeccf</id></executionId><parentExecId type="Microsoft.VisualStudio.TestTools.Common.TestExecId"><id type="System.Guid">00000000-0000-0000-0000-000000000000</id></parentExecId><testId type="Microsoft.VisualStudio.TestTools.Common.TestId"><id type="System.Guid">0b9e6b6b-e78e-50bb-fb86-93a93d24736e</id></testId></id><testName type="System.String">RunBasketPipelineTest</testName><testType type="Microsoft.VisualStudio.TestTools.Common.TestType"><id type="System.Guid">13cdc9d9-ddb5-4fa4-a97d-d965ccfc6d4b</id></testType><messageKind type="Microsoft.VisualStudio.TestTools.Common.TestMessageKind"><value__ type="System.Int32">1</value__></messageKind><computerInfo type="Microsoft.VisualStudio.TestTools.Common.ComputerInfo"><m_computerName type="System.String">ECDATA-TFS01</m_computerName></computerInfo><duration type="System.TimeSpan">00:00:00.0005639</duration><startTime type="System.DateTime"><dateData type="System.UInt64">633673775017514476</dateData></startTime><endTime type="System.DateTime"><dateData type="System.UInt64">633673775017514476</dateData></endTime><spoolMessage type="System.Boolean">True</spoolMessage></UnitTestResult><UnitTestResult type="Microsoft.VisualStudio.TestTools.TestTypes.Unit.UnitTestResult, Microsoft.VisualStudio.QualityTools.Tips.UnitTest.ObjectModel, Version=8.0.0.0, Culture=neutral, PublicKeyToken=b03f5f7f11d50a3a"><resultType type="Microsoft.VisualStudio.TestTools.TestTypes.Unit.UnitTestResultType, Microsoft.VisualStudio.QualityTools.Tips.UnitTest.ObjectModel, Version=8.0.0.0, Culture=neutral, PublicKeyToken=b03f5f7f11d50a3a"><value__ type="System.Int32">0</value__></resultType><m_hasSufficientAccess type="System.Boolean">True</m_hasSufficientAccess><counters type="Microsoft.VisualStudio.TestTools.Common.TestResultCounter"><values type="System.Int32">0,0,0,0,0,0,0,0,0,0,0,0,0,0</values><total type="System.Int32">1</total></counters><categoryId type="Microsoft.VisualStudio.TestTools.Common.TestCategoryId"><id type="System.Guid">8c84fa94-04c1-424b-9868-57a2d4851a1d</id></categoryId><outcome type="Microsoft.VisualStudio.TestTools.Common.TestOutcome"><value__ type="System.Int32">4</value__></outcome><errorInfo type="Microsoft.VisualStudio.TestTools.Common.TestResultErrorInfo"><message type="System.String">Assert.Inconclusive failed. Verify the correctness of this test method</message><stackTrace type="System.String">   at BrownShoe.UnitTests.Services.Shopping.ShoppingCartServiceTest.RunPayPalLoginPipelineTest()
</stackTrace></errorInfo><traceInfo type="Microsoft.VisualStudio.TestTools.Common.TestExecutionTraceInformation"><trace type="System.Text.StringBuilder">Creating instance of class BrownShoe.UnitTests.Services.Shopping.ShoppingCartServiceTest.
Calling Test method BrownShoe.UnitTests.Services.Shopping.ShoppingCartServiceTest.Microsoft.VisualStudio.TestTools.TestTypes.Unit.TestMethod.
</trace></traceInfo><stdout type="System.String" /><stderr type="System.String" /><debugTrace type="System.String" /><workItemIds type="System.Collections.Generic.List`1[[System.Int32, mscorlib, Version=2.0.0.0, Culture=neutral, PublicKeyToken=b77a5c561934e089]]"><_size type="System.Int32">0</_size><_version type="System.Int32">1</_version></workItemIds><id type="Microsoft.VisualStudio.TestTools.Common.TestResultId"><runId type="System.Guid">3d9a8baa-b9cb-4717-8a94-3c6445344217</runId><executionId type="Microsoft.VisualStudio.TestTools.Common.TestExecId"><id type="System.Guid">72f47d50-db07-49c8-814b-5909f5f5dac8</id></executionId><parentExecId type="Microsoft.VisualStudio.TestTools.Common.TestExecId"><id type="System.Guid">00000000-0000-0000-0000-000000000000</id></parentExecId><testId type="Microsoft.VisualStudio.TestTools.Common.TestId"><id type="System.Guid">213f5c77-3713-9b32-b746-8846479bd0d4</id></testId></id><testName type="System.String">RunPayPalLoginPipelineTest</testName><testType type="Microsoft.VisualStudio.TestTools.Common.TestType"><id type="System.Guid">13cdc9d9-ddb5-4fa4-a97d-d965ccfc6d4b</id></testType><messageKind type="Microsoft.VisualStudio.TestTools.Common.TestMessageKind"><value__ type="System.Int32">1</value__></messageKind><computerInfo type="Microsoft.VisualStudio.TestTools.Common.ComputerInfo"><m_computerName type="System.String">ECDATA-TFS01</m_computerName></computerInfo><duration type="System.TimeSpan">00:00:00.0009568</duration><startTime type="System.DateTime"><dateData type="System.UInt64">633673775017514476</dateData></startTime><endTime type="System.DateTime"><dateData type="System.UInt64">633673775017514476</dateData></endTime><spoolMessage type="System.Boolean">True</spoolMessage></UnitTestResult><UnitTestResult type="Microsoft.VisualStudio.TestTools.TestTypes.Unit.UnitTestResult, Microsoft.VisualStudio.QualityTools.Tips.UnitTest.ObjectModel, Version=8.0.0.0, Culture=neutral, PublicKeyToken=b03f5f7f11d50a3a"><resultType type="Microsoft.VisualStudio.TestTools.TestTypes.Unit.UnitTestResultType, Microsoft.VisualStudio.QualityTools.Tips.UnitTest.ObjectModel, Version=8.0.0.0, Culture=neutral, PublicKeyToken=b03f5f7f11d50a3a"><value__ type="System.Int32">0</value__></resultType><m_hasSufficientAccess type="System.Boolean">True</m_hasSufficientAccess><counters type="Microsoft.VisualStudio.TestTools.Common.TestResultCounter"><values type="System.Int32">0,0,0,0,0,0,0,0,0,0,0,0,0,0</values><total type="System.Int32">1</total></counters><categoryId type="Microsoft.VisualStudio.TestTools.Common.TestCategoryId"><id type="System.Guid">8c84fa94-04c1-424b-9868-57a2d4851a1d</id></categoryId><outcome type="Microsoft.VisualStudio.TestTools.Common.TestOutcome"><value__ type="System.Int32">4</value__></outcome><errorInfo type="Microsoft.VisualStudio.TestTools.Common.TestResultErrorInfo"><message type="System.String">Assert.Inconclusive failed. Verify the correctness of this test method</message><stackTrace type="System.String">   at BrownShoe.UnitTests.Services.Shopping.ShoppingCartServiceTest.RunPromoCodePipelineTest()
</stackTrace></errorInfo><traceInfo type="Microsoft.VisualStudio.TestTools.Common.TestExecutionTraceInformation"><trace type="System.Text.StringBuilder">Creating instance of class BrownShoe.UnitTests.Services.Shopping.ShoppingCartServiceTest.
Calling Test method BrownShoe.UnitTests.Services.Shopping.ShoppingCartServiceTest.Microsoft.VisualStudio.TestTools.TestTypes.Unit.TestMethod.
</trace></traceInfo><stdout type="System.String" /><stderr type="System.String" /><debugTrace type="System.String" /><workItemIds type="System.Collections.Generic.List`1[[System.Int32, mscorlib, Version=2.0.0.0, Culture=neutral, PublicKeyToken=b77a5c561934e089]]"><_size type="System.Int32">0</_size><_version type="System.Int32">1</_version></workItemIds><id type="Microsoft.VisualStudio.TestTools.Common.TestResultId"><runId type="System.Guid">3d9a8baa-b9cb-4717-8a94-3c6445344217</runId><executionId type="Microsoft.VisualStudio.TestTools.Common.TestExecId"><id type="System.Guid">7bf4f316-0b66-4c10-ad0b-b190eecc456b</id></executionId><parentExecId type="Microsoft.VisualStudio.TestTools.Common.TestExecId"><id type="System.Guid">00000000-0000-0000-0000-000000000000</id></parentExecId><testId type="Microsoft.VisualStudio.TestTools.Common.TestId"><id type="System.Guid">35628522-cf2d-73f0-acf8-101508f7a9ed</id></testId></id><testName type="System.String">RunPromoCodePipelineTest</testName><testType type="Microsoft.VisualStudio.TestTools.Common.TestType"><id type="System.Guid">13cdc9d9-ddb5-4fa4-a97d-d965ccfc6d4b</id></testType><messageKind type="Microsoft.VisualStudio.TestTools.Common.TestMessageKind"><value__ type="System.Int32">1</value__></messageKind><computerInfo type="Microsoft.VisualStudio.TestTools.Common.ComputerInfo"><m_computerName type="System.String">ECDATA-TFS01</m_computerName></computerInfo><duration type="System.TimeSpan">00:00:00.0007341</duration><startTime type="System.DateTime"><dateData type="System.UInt64">633673775017514476</dateData></startTime><endTime type="System.DateTime"><dateData type="System.UInt64">633673775017670736</dateData></endTime><spoolMessage type="System.Boolean">True</spoolMessage></UnitTestResult><UnitTestResult type="Microsoft.VisualStudio.TestTools.TestTypes.Unit.UnitTestResult, Microsoft.VisualStudio.QualityTools.Tips.UnitTest.ObjectModel, Version=8.0.0.0, Culture=neutral, PublicKeyToken=b03f5f7f11d50a3a"><resultType type="Microsoft.VisualStudio.TestTools.TestTypes.Unit.UnitTestResultType, Microsoft.VisualStudio.QualityTools.Tips.UnitTest.ObjectModel, Version=8.0.0.0, Culture=neutral, PublicKeyToken=b03f5f7f11d50a3a"><value__ type="System.Int32">0</value__></resultType><m_hasSufficientAccess type="System.Boolean">True</m_hasSufficientAccess><counters type="Microsoft.VisualStudio.TestTools.Common.TestResultCounter"><values type="System.Int32">0,0,0,0,0,0,0,0,0,0,0,0,0,0</values><total type="System.Int32">1</total></counters><categoryId type="Microsoft.VisualStudio.TestTools.Common.TestCategoryId"><id type="System.Guid">8c84fa94-04c1-424b-9868-57a2d4851a1d</id></categoryId><outcome type="Microsoft.VisualStudio.TestTools.Common.TestOutcome"><value__ type="System.Int32">4</value__></outcome><errorInfo type="Microsoft.VisualStudio.TestTools.Common.TestResultErrorInfo"><message type="System.String">Assert.Inconclusive failed. Verify the correctness of this test method</message><stackTrace type="System.String">   at BrownShoe.UnitTests.Services.Shopping.ShoppingCartServiceTest.SaveOrderTest()
</stackTrace></errorInfo><traceInfo type="Microsoft.VisualStudio.TestTools.Common.TestExecutionTraceInformation"><trace type="System.Text.StringBuilder">Creating instance of class BrownShoe.UnitTests.Services.Shopping.ShoppingCartServiceTest.
Calling Test method BrownShoe.UnitTests.Services.Shopping.ShoppingCartServiceTest.Microsoft.VisualStudio.TestTools.TestTypes.Unit.TestMethod.
</trace></traceInfo><stdout type="System.String" /><stderr type="System.String" /><debugTrace type="System.String" /><workItemIds type="System.Collections.Generic.List`1[[System.Int32, mscorlib, Version=2.0.0.0, Culture=neutral, PublicKeyToken=b77a5c561934e089]]"><_size type="System.Int32">0</_size><_version type="System.Int32">1</_version></workItemIds><id type="Microsoft.VisualStudio.TestTools.Common.TestResultId"><runId type="System.Guid">3d9a8baa-b9cb-4717-8a94-3c6445344217</runId><executionId type="Microsoft.VisualStudio.TestTools.Common.TestExecId"><id type="System.Guid">8db5f57e-036d-4b0c-831c-769a3b712213</id></executionId><parentExecId type="Microsoft.VisualStudio.TestTools.Common.TestExecId"><id type="System.Guid">00000000-0000-0000-0000-000000000000</id></parentExecId><testId type="Microsoft.VisualStudio.TestTools.Common.TestId"><id type="System.Guid">ed6bc080-4d12-2dd3-a3a4-cda8ec2e5d80</id></testId></id><testName type="System.String">SaveOrderTest</testName><testType type="Microsoft.VisualStudio.TestTools.Common.TestType"><id type="System.Guid">13cdc9d9-ddb5-4fa4-a97d-d965ccfc6d4b</id></testType><messageKind type="Microsoft.VisualStudio.TestTools.Common.TestMessageKind"><value__ type="System.Int32">1</value__></messageKind><computerInfo type="Microsoft.VisualStudio.TestTools.Common.ComputerInfo"><m_computerName type="System.String">ECDATA-TFS01</m_computerName></computerInfo><duration type="System.TimeSpan">00:00:00.0008591</duration><startTime type="System.DateTime"><dateData type="System.UInt64">633673775017670736</dateData></startTime><endTime type="System.DateTime"><dateData type="System.UInt64">633673775017670736</dateData></endTime><spoolMessage type="System.Boolean">True</spoolMessage></UnitTestResult><UnitTestResult type="Microsoft.VisualStudio.TestTools.TestTypes.Unit.UnitTestResult, Microsoft.VisualStudio.QualityTools.Tips.UnitTest.ObjectModel, Version=8.0.0.0, Culture=neutral, PublicKeyToken=b03f5f7f11d50a3a"><resultType type="Microsoft.VisualStudio.TestTools.TestTypes.Unit.UnitTestResultType, Microsoft.VisualStudio.QualityTools.Tips.UnitTest.ObjectModel, Version=8.0.0.0, Culture=neutral, PublicKeyToken=b03f5f7f11d50a3a"><value__ type="System.Int32">0</value__></resultType><m_hasSufficientAccess type="System.Boolean">True</m_hasSufficientAccess><counters type="Microsoft.VisualStudio.TestTools.Common.TestResultCounter"><values type="System.Int32">0,0,0,0,0,0,0,0,0,0,0,0,0,0</values><total type="System.Int32">1</total></counters><categoryId type="Microsoft.VisualStudio.TestTools.Common.TestCategoryId"><id type="System.Guid">8c84fa94-04c1-424b-9868-57a2d4851a1d</id></categoryId><outcome type="Microsoft.VisualStudio.TestTools.Common.TestOutcome"><value__ type="System.Int32">4</value__></outcome><errorInfo type="Microsoft.VisualStudio.TestTools.Common.TestResultErrorInfo"><message type="System.String">Assert.Inconclusive failed. Verify the correctness of this test method</message><stackTrace type="System.String">   at BrownShoe.UnitTests.Services.Shopping.ShoppingCartServiceTest.SearchTest()
</stackTrace></errorInfo><traceInfo type="Microsoft.VisualStudio.TestTools.Common.TestExecutionTraceInformation"><trace type="System.Text.StringBuilder">Creating instance of class BrownShoe.UnitTests.Services.Shopping.ShoppingCartServiceTest.
Calling Test method BrownShoe.UnitTests.Services.Shopping.ShoppingCartServiceTest.Microsoft.VisualStudio.TestTools.TestTypes.Unit.TestMethod.
</trace></traceInfo><stdout type="System.String" /><stderr type="System.String" /><debugTrace type="System.String" /><workItemIds type="System.Collections.Generic.List`1[[System.Int32, mscorlib, Version=2.0.0.0, Culture=neutral, PublicKeyToken=b77a5c561934e089]]"><_size type="System.Int32">0</_size><_version type="System.Int32">1</_version></workItemIds><id type="Microsoft.VisualStudio.TestTools.Common.TestResultId"><runId type="System.Guid">3d9a8baa-b9cb-4717-8a94-3c6445344217</runId><executionId type="Microsoft.VisualStudio.TestTools.Common.TestExecId"><id type="System.Guid">d9140e22-b2f6-48fe-9ccd-c85231184127</id></executionId><parentExecId type="Microsoft.VisualStudio.TestTools.Common.TestExecId"><id type="System.Guid">00000000-0000-0000-0000-000000000000</id></parentExecId><testId type="Microsoft.VisualStudio.TestTools.Common.TestId"><id type="System.Guid">ebae10c5-8eca-f58a-4014-7d1e7fca46dd</id></testId></id><testName type="System.String">SearchTest</testName><testType type="Microsoft.VisualStudio.TestTools.Common.TestType"><id type="System.Guid">13cdc9d9-ddb5-4fa4-a97d-d965ccfc6d4b</id></testType><messageKind type="Microsoft.VisualStudio.TestTools.Common.TestMessageKind"><value__ type="System.Int32">1</value__></messageKind><computerInfo type="Microsoft.VisualStudio.TestTools.Common.ComputerInfo"><m_computerName type="System.String">ECDATA-TFS01</m_computerName></computerInfo><duration type="System.TimeSpan">00:00:00.0006346</duration><startTime type="System.DateTime"><dateData type="System.UInt64">633673775017670736</dateData></startTime><endTime type="System.DateTime"><dateData type="System.UInt64">633673775017826996</dateData></endTime><spoolMessage type="System.Boolean">True</spoolMessage></UnitTestResult><UnitTestResult type="Microsoft.VisualStudio.TestTools.TestTypes.Unit.UnitTestResult, Microsoft.VisualStudio.QualityTools.Tips.UnitTest.ObjectModel, Version=8.0.0.0, Culture=neutral, PublicKeyToken=b03f5f7f11d50a3a"><resultType type="Microsoft.VisualStudio.TestTools.TestTypes.Unit.UnitTestResultType, Microsoft.VisualStudio.QualityTools.Tips.UnitTest.ObjectModel, Version=8.0.0.0, Culture=neutral, PublicKeyToken=b03f5f7f11d50a3a"><value__ type="System.Int32">0</value__></resultType><m_hasSufficientAccess type="System.Boolean">True</m_hasSufficientAccess><counters type="Microsoft.VisualStudio.TestTools.Common.TestResultCounter"><values type="System.Int32">0,0,0,0,0,0,0,0,0,0,0,0,0,0</values><total type="System.Int32">1</total></counters><categoryId type="Microsoft.VisualStudio.TestTools.Common.TestCategoryId"><id type="System.Guid">8c84fa94-04c1-424b-9868-57a2d4851a1d</id></categoryId><outcome type="Microsoft.VisualStudio.TestTools.Common.TestOutcome"><value__ type="System.Int32">4</value__></outcome><errorInfo type="Microsoft.VisualStudio.TestTools.Common.TestResultErrorInfo"><message type="System.String">Assert.Inconclusive failed. Verify the correctness of this test method</message><stackTrace type="System.String">   at BrownShoe.UnitTests.Services.Shopping.ShoppingCartServiceTest.UpdateTest()
</stackTrace></errorInfo><traceInfo type="Microsoft.VisualStudio.TestTools.Common.TestExecutionTraceInformation"><trace type="System.Text.StringBuilder">Creating instance of class BrownShoe.UnitTests.Services.Shopping.ShoppingCartServiceTest.
Calling Test method BrownShoe.UnitTests.Services.Shopping.ShoppingCartServiceTest.Microsoft.VisualStudio.TestTools.TestTypes.Unit.TestMethod.
</trace></traceInfo><stdout type="System.String" /><stderr type="System.String" /><debugTrace type="System.String" /><workItemIds type="System.Collections.Generic.List`1[[System.Int32, mscorlib, Version=2.0.0.0, Culture=neutral, PublicKeyToken=b77a5c561934e089]]"><_size type="System.Int32">0</_size><_version type="System.Int32">1</_version></workItemIds><id type="Microsoft.VisualStudio.TestTools.Common.TestResultId"><runId type="System.Guid">3d9a8baa-b9cb-4717-8a94-3c6445344217</runId><executionId type="Microsoft.VisualStudio.TestTools.Common.TestExecId"><id type="System.Guid">6df243cf-598a-4398-9f3a-e3bf069b5b71</id></executionId><parentExecId type="Microsoft.VisualStudio.TestTools.Common.TestExecId"><id type="System.Guid">00000000-0000-0000-0000-000000000000</id></parentExecId><testId type="Microsoft.VisualStudio.TestTools.Common.TestId"><id type="System.Guid">f66d3ce1-12b5-f733-2fe2-8c6516ab609b</id></testId></id><testName type="System.String">UpdateTest</testName><testType type="Microsoft.VisualStudio.TestTools.Common.TestType"><id type="System.Guid">13cdc9d9-ddb5-4fa4-a97d-d965ccfc6d4b</id></testType><messageKind type="Microsoft.VisualStudio.TestTools.Common.TestMessageKind"><value__ type="System.Int32">1</value__></messageKind><computerInfo type="Microsoft.VisualStudio.TestTools.Common.ComputerInfo"><m_computerName type="System.String">ECDATA-TFS01</m_computerName></computerInfo><duration type="System.TimeSpan">00:00:00.0009885</duration><startTime type="System.DateTime"><dateData type="System.UInt64">633673775017826996</dateData></startTime><endTime type="System.DateTime"><dateData type="System.UInt64">633673775017826996</dateData></endTime><spoolMessage type="System.Boolean">True</spoolMessage></UnitTestResult><UnitTestResult type="Microsoft.VisualStudio.TestTools.TestTypes.Unit.UnitTestResult, Microsoft.VisualStudio.QualityTools.Tips.UnitTest.ObjectModel, Version=8.0.0.0, Culture=neutral, PublicKeyToken=b03f5f7f11d50a3a"><resultType type="Microsoft.VisualStudio.TestTools.TestTypes.Unit.UnitTestResultType, Microsoft.VisualStudio.QualityTools.Tips.UnitTest.ObjectModel, Version=8.0.0.0, Culture=neutral, PublicKeyToken=b03f5f7f11d50a3a"><value__ type="System.Int32">0</value__></resultType><m_hasSufficientAccess type="System.Boolean">True</m_hasSufficientAccess><counters type="Microsoft.VisualStudio.TestTools.Common.TestResultCounter"><values type="System.Int32">0,0,0,0,0,0,0,0,0,0,0,0,0,0</values><total type="System.Int32">1</total></counters><categoryId type="Microsoft.VisualStudio.TestTools.Common.TestCategoryId"><id type="System.Guid">8c84fa94-04c1-424b-9868-57a2d4851a1d</id></categoryId><outcome type="Microsoft.VisualStudio.TestTools.Common.TestOutcome"><value__ type="System.Int32">4</value__></outcome><errorInfo type="Microsoft.VisualStudio.TestTools.Common.TestResultErrorInfo"><message type="System.String">Assert.Inconclusive failed. Verify the correctness of this test method</message><stackTrace type="System.String">   at BrownShoe.UnitTests.Services.Subscriptions.SubscriptionServiceTest.GetNewCatalogRequestsTest()
</stackTrace></errorInfo><traceInfo type="Microsoft.VisualStudio.TestTools.Common.TestExecutionTraceInformation"><trace type="System.Text.StringBuilder">Creating instance of class BrownShoe.UnitTests.Services.Subscriptions.SubscriptionServiceTest.
Calling Test method BrownShoe.UnitTests.Services.Subscriptions.SubscriptionServiceTest.Microsoft.VisualStudio.TestTools.TestTypes.Unit.TestMethod.
</trace></traceInfo><stdout type="System.String" /><stderr type="System.String" /><debugTrace type="System.String" /><workItemIds type="System.Collections.Generic.List`1[[System.Int32, mscorlib, Version=2.0.0.0, Culture=neutral, PublicKeyToken=b77a5c561934e089]]"><_size type="System.Int32">0</_size><_version type="System.Int32">1</_version></workItemIds><id type="Microsoft.VisualStudio.TestTools.Common.TestResultId"><runId type="System.Guid">3d9a8baa-b9cb-4717-8a94-3c6445344217</runId><executionId type="Microsoft.VisualStudio.TestTools.Common.TestExecId"><id type="System.Guid">691cdd00-fe81-4a2b-8141-c6726e37c56a</id></executionId><parentExecId type="Microsoft.VisualStudio.TestTools.Common.TestExecId"><id type="System.Guid">00000000-0000-0000-0000-000000000000</id></parentExecId><testId type="Microsoft.VisualStudio.TestTools.Common.TestId"><id type="System.Guid">980c2eaf-54c3-4164-6970-c7928072f317</id></testId></id><testName type="System.String">GetNewCatalogRequestsTest</testName><testType type="Microsoft.VisualStudio.TestTools.Common.TestType"><id type="System.Guid">13cdc9d9-ddb5-4fa4-a97d-d965ccfc6d4b</id></testType><messageKind type="Microsoft.VisualStudio.TestTools.Common.TestMessageKind"><value__ type="System.Int32">1</value__></messageKind><computerInfo type="Microsoft.VisualStudio.TestTools.Common.ComputerInfo"><m_computerName type="System.String">ECDATA-TFS01</m_computerName></computerInfo><duration type="System.TimeSpan">00:00:00.0007772</duration><startTime type="System.DateTime"><dateData type="System.UInt64">633673775017826996</dateData></startTime><endTime type="System.DateTime"><dateData type="System.UInt64">633673775017826996</dateData></endTime><spoolMessage type="System.Boolean">True</spoolMessage></UnitTestResult><UnitTestResult type="Microsoft.VisualStudio.TestTools.TestTypes.Unit.UnitTestResult, Microsoft.VisualStudio.QualityTools.Tips.UnitTest.ObjectModel, Version=8.0.0.0, Culture=neutral, PublicKeyToken=b03f5f7f11d50a3a"><resultType type="Microsoft.VisualStudio.TestTools.TestTypes.Unit.UnitTestResultType, Microsoft.VisualStudio.QualityTools.Tips.UnitTest.ObjectModel, Version=8.0.0.0, Culture=neutral, PublicKeyToken=b03f5f7f11d50a3a"><value__ type="System.Int32">0</value__></resultType><m_hasSufficientAccess type="System.Boolean">True</m_hasSufficientAccess><counters type="Microsoft.VisualStudio.TestTools.Common.TestResultCounter"><values type="System.Int32">0,0,0,0,0,0,0,0,0,0,0,0,0,0</values><total type="System.Int32">1</total></counters><categoryId type="Microsoft.VisualStudio.TestTools.Common.TestCategoryId"><id type="System.Guid">8c84fa94-04c1-424b-9868-57a2d4851a1d</id></categoryId><outcome type="Microsoft.VisualStudio.TestTools.Common.TestOutcome"><value__ type="System.Int32">4</value__></outcome><errorInfo type="Microsoft.VisualStudio.TestTools.Common.TestResultErrorInfo"><message type="System.String">Assert.Inconclusive failed. Verify the correctness of this test method</message><stackTrace type="System.String">   at BrownShoe.UnitTests.Services.Subscriptions.SubscriptionServiceTest.IsSubscribedToCatalogTest()
</stackTrace></errorInfo><traceInfo type="Microsoft.VisualStudio.TestTools.Common.TestExecutionTraceInformation"><trace type="System.Text.StringBuilder">Creating instance of class BrownShoe.UnitTests.Services.Subscriptions.SubscriptionServiceTest.
Calling Test method BrownShoe.UnitTests.Services.Subscriptions.SubscriptionServiceTest.Microsoft.VisualStudio.TestTools.TestTypes.Unit.TestMethod.
</trace></traceInfo><stdout type="System.String" /><stderr type="System.String" /><debugTrace type="System.String" /><workItemIds type="System.Collections.Generic.List`1[[System.Int32, mscorlib, Version=2.0.0.0, Culture=neutral, PublicKeyToken=b77a5c561934e089]]"><_size type="System.Int32">0</_size><_version type="System.Int32">1</_version></workItemIds><id type="Microsoft.VisualStudio.TestTools.Common.TestResultId"><runId type="System.Guid">3d9a8baa-b9cb-4717-8a94-3c6445344217</runId><executionId type="Microsoft.VisualStudio.TestTools.Common.TestExecId"><id type="System.Guid">c6267457-8aa7-42d6-ba03-1dcd8395e49b</id></executionId><parentExecId type="Microsoft.VisualStudio.TestTools.Common.TestExecId"><id type="System.Guid">00000000-0000-0000-0000-000000000000</id></parentExecId><testId type="Microsoft.VisualStudio.TestTools.Common.TestId"><id type="System.Guid">1b990684-ffae-2944-8945-114eaad5ed6d</id></testId></id><testName type="System.String">IsSubscribedToCatalogTest</testName><testType type="Microsoft.VisualStudio.TestTools.Common.TestType"><id type="System.Guid">13cdc9d9-ddb5-4fa4-a97d-d965ccfc6d4b</id></testType><messageKind type="Microsoft.VisualStudio.TestTools.Common.TestMessageKind"><value__ type="System.Int32">1</value__></messageKind><computerInfo type="Microsoft.VisualStudio.TestTools.Common.ComputerInfo"><m_computerName type="System.String">ECDATA-TFS01</m_computerName></computerInfo><duration type="System.TimeSpan">00:00:00.0007826</duration><startTime type="System.DateTime"><dateData type="System.UInt64">633673775017826996</dateData></startTime><endTime type="System.DateTime"><dateData type="System.UInt64">633673775017983256</dateData></endTime><spoolMessage type="System.Boolean">True</spoolMessage></UnitTestResult><UnitTestResult type="Microsoft.VisualStudio.TestTools.TestTypes.Unit.UnitTestResult, Microsoft.VisualStudio.QualityTools.Tips.UnitTest.ObjectModel, Version=8.0.0.0, Culture=neutral, PublicKeyToken=b03f5f7f11d50a3a"><resultType type="Microsoft.VisualStudio.TestTools.TestTypes.Unit.UnitTestResultType, Microsoft.VisualStudio.QualityTools.Tips.UnitTest.ObjectModel, Version=8.0.0.0, Culture=neutral, PublicKeyToken=b03f5f7f11d50a3a"><value__ type="System.Int32">0</value__></resultType><m_hasSufficientAccess type="System.Boolean">True</m_hasSufficientAccess><counters type="Microsoft.VisualStudio.TestTools.Common.TestResultCounter"><values type="System.Int32">0,0,0,0,0,0,0,0,0,0,0,0,0,0</values><total type="System.Int32">1</total></counters><categoryId type="Microsoft.VisualStudio.TestTools.Common.TestCategoryId"><id type="System.Guid">8c84fa94-04c1-424b-9868-57a2d4851a1d</id></categoryId><outcome type="Microsoft.VisualStudio.TestTools.Common.TestOutcome"><value__ type="System.Int32">4</value__></outcome><errorInfo type="Microsoft.VisualStudio.TestTools.Common.TestResultErrorInfo"><message type="System.String">Assert.Inconclusive failed. Verify the correctness of this test method</message><stackTrace type="System.String">   at BrownShoe.UnitTests.Services.Subscriptions.SubscriptionServiceTest.SubscribeToCatalogTest()
</stackTrace></errorInfo><traceInfo type="Microsoft.VisualStudio.TestTools.Common.TestExecutionTraceInformation"><trace type="System.Text.StringBuilder">Creating instance of class BrownShoe.UnitTests.Services.Subscriptions.SubscriptionServiceTest.
Calling Test method BrownShoe.UnitTests.Services.Subscriptions.SubscriptionServiceTest.Microsoft.VisualStudio.TestTools.TestTypes.Unit.TestMethod.
</trace></traceInfo><stdout type="System.String" /><stderr type="System.String" /><debugTrace type="System.String" /><workItemIds type="System.Collections.Generic.List`1[[System.Int32, mscorlib, Version=2.0.0.0, Culture=neutral, PublicKeyToken=b77a5c561934e089]]"><_size type="System.Int32">0</_size><_version type="System.Int32">1</_version></workItemIds><id type="Microsoft.VisualStudio.TestTools.Common.TestResultId"><runId type="System.Guid">3d9a8baa-b9cb-4717-8a94-3c6445344217</runId><executionId type="Microsoft.VisualStudio.TestTools.Common.TestExecId"><id type="System.Guid">20f80900-2dfe-4b3e-9a53-f9fed06148ae</id></executionId><parentExecId type="Microsoft.VisualStudio.TestTools.Common.TestExecId"><id type="System.Guid">00000000-0000-0000-0000-000000000000</id></parentExecId><testId type="Microsoft.VisualStudio.TestTools.Common.TestId"><id type="System.Guid">d42364c4-64f4-829f-b4a7-282a10f73699</id></testId></id><testName type="System.String">SubscribeToCatalogTest</testName><testType type="Microsoft.VisualStudio.TestTools.Common.TestType"><id type="System.Guid">13cdc9d9-ddb5-4fa4-a97d-d965ccfc6d4b</id></testType><messageKind type="Microsoft.VisualStudio.TestTools.Common.TestMessageKind"><value__ type="System.Int32">1</value__></messageKind><computerInfo type="Microsoft.VisualStudio.TestTools.Common.ComputerInfo"><m_computerName type="System.String">ECDATA-TFS01</m_computerName></computerInfo><duration type="System.TimeSpan">00:00:00.0006003</duration><startTime type="System.DateTime"><dateData type="System.UInt64">633673775017983256</dateData></startTime><endTime type="System.DateTime"><dateData type="System.UInt64">633673775017983256</dateData></endTime><spoolMessage type="System.Boolean">True</spoolMessage></UnitTestResult><UnitTestResult type="Microsoft.VisualStudio.TestTools.TestTypes.Unit.UnitTestResult, Microsoft.VisualStudio.QualityTools.Tips.UnitTest.ObjectModel, Version=8.0.0.0, Culture=neutral, PublicKeyToken=b03f5f7f11d50a3a"><resultType type="Microsoft.VisualStudio.TestTools.TestTypes.Unit.UnitTestResultType, Microsoft.VisualStudio.QualityTools.Tips.UnitTest.ObjectModel, Version=8.0.0.0, Culture=neutral, PublicKeyToken=b03f5f7f11d50a3a"><value__ type="System.Int32">0</value__></resultType><m_hasSufficientAccess type="System.Boolean">True</m_hasSufficientAccess><counters type="Microsoft.VisualStudio.TestTools.Common.TestResultCounter"><values type="System.Int32">0,0,0,0,0,0,0,0,0,0,0,0,0,0</values><total type="System.Int32">1</total></counters><categoryId type="Microsoft.VisualStudio.TestTools.Common.TestCategoryId"><id type="System.Guid">8c84fa94-04c1-424b-9868-57a2d4851a1d</id></categoryId><outcome type="Microsoft.VisualStudio.TestTools.Common.TestOutcome"><value__ type="System.Int32">4</value__></outcome><errorInfo type="Microsoft.VisualStudio.TestTools.Common.TestResultErrorInfo"><message type="System.String">Assert.Inconclusive failed. Verify the correctness of this test method</message><stackTrace type="System.String">   at BrownShoe.UnitTests.Services.Subscriptions.SubscriptionServiceTest.UnsubscribeFromCatalogTest()
</stackTrace></errorInfo><traceInfo type="Microsoft.VisualStudio.TestTools.Common.TestExecutionTraceInformation"><trace type="System.Text.StringBuilder">Creating instance of class BrownShoe.UnitTests.Services.Subscriptions.SubscriptionServiceTest.
Calling Test method BrownShoe.UnitTests.Services.Subscriptions.SubscriptionServiceTest.Microsoft.VisualStudio.TestTools.TestTypes.Unit.TestMethod.
</trace></traceInfo><stdout type="System.String" /><stderr type="System.String" /><debugTrace type="System.String" /><workItemIds type="System.Collections.Generic.List`1[[System.Int32, mscorlib, Version=2.0.0.0, Culture=neutral, PublicKeyToken=b77a5c561934e089]]"><_size type="System.Int32">0</_size><_version type="System.Int32">1</_version></workItemIds><id type="Microsoft.VisualStudio.TestTools.Common.TestResultId"><runId type="System.Guid">3d9a8baa-b9cb-4717-8a94-3c6445344217</runId><executionId type="Microsoft.VisualStudio.TestTools.Common.TestExecId"><id type="System.Guid">3c0ebb7f-876a-46d2-b8f5-96acba891f19</id></executionId><parentExecId type="Microsoft.VisualStudio.TestTools.Common.TestExecId"><id type="System.Guid">00000000-0000-0000-0000-000000000000</id></parentExecId><testId type="Microsoft.VisualStudio.TestTools.Common.TestId"><id type="System.Guid">8521f128-15c3-dde6-4e67-85c8d20ba803</id></testId></id><testName type="System.String">UnsubscribeFromCatalogTest</testName><testType type="Microsoft.VisualStudio.TestTools.Common.TestType"><id type="System.Guid">13cdc9d9-ddb5-4fa4-a97d-d965ccfc6d4b</id></testType><messageKind type="Microsoft.VisualStudio.TestTools.Common.TestMessageKind"><value__ type="System.Int32">1</value__></messageKind><computerInfo type="Microsoft.VisualStudio.TestTools.Common.ComputerInfo"><m_computerName type="System.String">ECDATA-TFS01</m_computerName></computerInfo><duration type="System.TimeSpan">00:00:00.0010868</duration><startTime type="System.DateTime"><dateData type="System.UInt64">633673775017983256</dateData></startTime><endTime type="System.DateTime"><dateData type="System.UInt64">633673775017983256</dateData></endTime><spoolMessage type="System.Boolean">True</spoolMessage></UnitTestResult></Tests>