<?xml version="1.0" encoding="utf-8"?><Tests><edtdocversion branch="retail" build="50727" revision="1433" /><TestRun type="Microsoft.VisualStudio.TestTools.Common.TestRun"><id type="System.Guid">5eb6df90-7fc1-45f8-b782-a2c0af421773</id><name type="System.String">begemot@BEGEMOT 2009-02-05 13:59:06</name><runUser type="System.String">SOFTERRA\begemot</runUser><runConfig type="Microsoft.VisualStudio.TestTools.Common.TestRunConfiguration"><id type="Microsoft.VisualStudio.TestTools.Common.TestRunConfigurationId"><id type="System.Guid">45c80cbc-b0d2-480f-bffb-aae14bc71f57</id></id><name type="System.String">localtestrun</name><description type="System.String">This is a default test run configuration for a local test run.</description><isCodeCoverageEnabled type="System.Boolean">False</isCodeCoverageEnabled><codeCoverageItems type="System.Collections.Generic.List`1[[Microsoft.VisualStudio.TestTools.Common.CodeCoverageItem, Microsoft.VisualStudio.QualityTools.Common, Version=8.0.0.0, Culture=neutral, PublicKeyToken=b03f5f7f11d50a3a]]"><_size type="System.Int32">0</_size><_version type="System.Int32">0</_version></codeCoverageItems><codeCoverageKeyFile type="System.String">..\adaxes.snk</codeCoverageKeyFile><aspNetProjectCoverageItems type="System.Collections.Generic.List`1[[Microsoft.VisualStudio.TestTools.Common.AspNetProjectItem, Microsoft.VisualStudio.QualityTools.Common, Version=8.0.0.0, Culture=neutral, PublicKeyToken=b03f5f7f11d50a3a]]"><_size type="System.Int32">0</_size><_version type="System.Int32">0</_version></aspNetProjectCoverageItems><isExecutedRemotely type="System.Boolean">False</isExecutedRemotely><bucketSize type="System.Int32">200</bucketSize><bucketThreshold type="System.Int32">1000</bucketThreshold><runTimeout type="System.Int32">0</runTimeout><testTimeout type="System.Int32">300000</testTimeout><agentNotRespondingTimeout type="System.Int32">300000</agentNotRespondingTimeout><deploymentTimeout type="System.Int32">300000</deploymentTimeout><controllerName type="System.String" /><plugins type="System.Collections.Generic.List`1[[System.String, mscorlib, Version=2.0.0.0, Culture=neutral, PublicKeyToken=b77a5c561934e089]]"><_items type="System.String[]"><element type="System.String">Microsoft.VisualStudio.TestTools.HostAdapters.AspNetPlugin, Microsoft.VisualStudio.QualityTools.HostAdapters.ASPNETAgent, Version=8.0.0.0, PublicKeyToken=b03f5f7f11d50a3a</element><element /><element /><element /></_items><_size type="System.Int32">1</_size><_version type="System.Int32">1</_version></plugins><testTypeSpecificData type="System.Collections.Generic.Dictionary`2[[Microsoft.VisualStudio.TestTools.Common.TestType, Microsoft.VisualStudio.QualityTools.Common, Version=8.0.0.0, Culture=neutral, PublicKeyToken=b03f5f7f11d50a3a],[Microsoft.VisualStudio.TestTools.Common.ITestTypeSpecificRunConfigurationData, Microsoft.VisualStudio.QualityTools.Common, Version=8.0.0.0, Culture=neutral, PublicKeyToken=b03f5f7f11d50a3a]]"><buckets type="System.Int32">-1,-1,0</buckets><entries type="System.Collections.Generic.Dictionary`2+Entry[[Microsoft.VisualStudio.TestTools.Common.TestType, Microsoft.VisualStudio.QualityTools.Common, Version=8.0.0.0, Culture=neutral, PublicKeyToken=b03f5f7f11d50a3a],[Microsoft.VisualStudio.TestTools.Common.ITestTypeSpecificRunConfigurationData, Microsoft.VisualStudio.QualityTools.Common, Version=8.0.0.0, Culture=neutral, PublicKeyToken=b03f5f7f11d50a3a]][]"><element type="System.Collections.Generic.Dictionary`2+Entry[[Microsoft.VisualStudio.TestTools.Common.TestType, Microsoft.VisualStudio.QualityTools.Common, Version=8.0.0.0, Culture=neutral, PublicKeyToken=b03f5f7f11d50a3a],[Microsoft.VisualStudio.TestTools.Common.ITestTypeSpecificRunConfigurationData, Microsoft.VisualStudio.QualityTools.Common, Version=8.0.0.0, Culture=neutral, PublicKeyToken=b03f5f7f11d50a3a]]"><hashCode type="System.Int32">1572788756</hashCode><next type="System.Int32">-1</next><key type="Microsoft.VisualStudio.TestTools.Common.TestType"><id type="System.Guid">4e7599fa-5ecb-43e9-a887-cd63cf72d207</id></key><value type="Microsoft.VisualStudio.TestTools.WebStress.WebTestRunConfig, Microsoft.VisualStudio.QualityTools.LoadTest, Version=8.0.0.0, Culture=neutral, PublicKeyToken=b03f5f7f11d50a3a"><m_stepping type="System.Boolean">False</m_stepping><m_simulateThinkTimes type="System.Boolean">False</m_simulateThinkTimes><m_runUntilDataExhausted type="System.Boolean">False</m_runUntilDataExhausted><m_iterationCount type="System.Int32">1</m_iterationCount><m_browser type="Microsoft.VisualStudio.TestTools.WebStress.WebTestBrowser, Microsoft.VisualStudio.QualityTools.LoadTest, Version=8.0.0.0, Culture=neutral, PublicKeyToken=b03f5f7f11d50a3a"><m_name type="System.String">Internet Explorer 6.0</m_name><m_headers type="System.Collections.Generic.List`1[[Microsoft.VisualStudio.TestTools.WebTesting.WebTestRequestHeader, Microsoft.VisualStudio.QualityTools.WebTestFramework, Version=8.0.0.0, Culture=neutral, PublicKeyToken=b03f5f7f11d50a3a]]"><_items type="Microsoft.VisualStudio.TestTools.WebTesting.WebTestRequestHeader[], Microsoft.VisualStudio.QualityTools.WebTestFramework, Version=8.0.0.0, Culture=neutral, PublicKeyToken=b03f5f7f11d50a3a"><element type="Microsoft.VisualStudio.TestTools.WebTesting.WebTestRequestHeader, Microsoft.VisualStudio.QualityTools.WebTestFramework, Version=8.0.0.0, Culture=neutral, PublicKeyToken=b03f5f7f11d50a3a"><m_name type="System.String">User-Agent</m_name><m_value type="System.String">Mozilla/4.0 (compatible; MSIE 6.0; Windows NT 5.1)</m_value></element><element type="Microsoft.VisualStudio.TestTools.WebTesting.WebTestRequestHeader, Microsoft.VisualStudio.QualityTools.WebTestFramework, Version=8.0.0.0, Culture=neutral, PublicKeyToken=b03f5f7f11d50a3a"><m_name type="System.String">Accept</m_name><m_value type="System.String">*/*</m_value></element><element type="Microsoft.VisualStudio.TestTools.WebTesting.WebTestRequestHeader, Microsoft.VisualStudio.QualityTools.WebTestFramework, Version=8.0.0.0, Culture=neutral, PublicKeyToken=b03f5f7f11d50a3a"><m_name type="System.String">Accept-Language</m_name><m_value type="System.String">{{$IEAcceptLanguage}}</m_value></element><element type="Microsoft.VisualStudio.TestTools.WebTesting.WebTestRequestHeader, Microsoft.VisualStudio.QualityTools.WebTestFramework, Version=8.0.0.0, Culture=neutral, PublicKeyToken=b03f5f7f11d50a3a"><m_name type="System.String">Accept-Encoding</m_name><m_value type="System.String">GZIP</m_value></element></_items><_size type="System.Int32">4</_size><_version type="System.Int32">4</_version></m_headers></m_browser><m_network type="Microsoft.VisualStudio.TestTools.WebStress.WebTestNetwork, Microsoft.VisualStudio.QualityTools.LoadTest, Version=8.0.0.0, Culture=neutral, PublicKeyToken=b03f5f7f11d50a3a"><m_name type="System.String">LAN</m_name><m_bandwidthInKbps type="System.Single">0</m_bandwidthInKbps></m_network></value></element><element type="System.Collections.Generic.Dictionary`2+Entry[[Microsoft.VisualStudio.TestTools.Common.TestType, Microsoft.VisualStudio.QualityTools.Common, Version=8.0.0.0, Culture=neutral, PublicKeyToken=b03f5f7f11d50a3a],[Microsoft.VisualStudio.TestTools.Common.ITestTypeSpecificRunConfigurationData, Microsoft.VisualStudio.QualityTools.Common, Version=8.0.0.0, Culture=neutral, PublicKeyToken=b03f5f7f11d50a3a]]"><hashCode type="System.Int32">0</hashCode><next type="System.Int32">0</next></element><element type="System.Collections.Generic.Dictionary`2+Entry[[Microsoft.VisualStudio.TestTools.Common.TestType, Microsoft.VisualStudio.QualityTools.Common, Version=8.0.0.0, Culture=neutral, PublicKeyToken=b03f5f7f11d50a3a],[Microsoft.VisualStudio.TestTools.Common.ITestTypeSpecificRunConfigurationData, Microsoft.VisualStudio.QualityTools.Common, Version=8.0.0.0, Culture=neutral, PublicKeyToken=b03f5f7f11d50a3a]]"><hashCode type="System.Int32">0</hashCode><next type="System.Int32">0</next></element></entries><count type="System.Int32">1</count><version type="System.Int32">1</version><freeList type="System.Int32">-1</freeList><freeCount type="System.Int32">0</freeCount><comparer type="System.Collections.Generic.ObjectEqualityComparer`1[[Microsoft.VisualStudio.TestTools.Common.TestType, Microsoft.VisualStudio.QualityTools.Common, Version=8.0.0.0, Culture=neutral, PublicKeyToken=b03f5f7f11d50a3a]]" /></testTypeSpecificData><userDeploymentRoot type="System.String">%TRUNK_ROOT%\build\auxiliary\MSIL\TestResults\Adaxes</userDeploymentRoot><useDefaultDeploymentRoot type="System.Boolean">False</useDefaultDeploymentRoot><runDeploymentRoot type="System.String">D:\home\projects\DS\build\auxiliary\MSIL\TestResults\Adaxes\begemot_BEGEMOT 2009-02-05 13_59_06</runDeploymentRoot><deploymentItems type="Microsoft.VisualStudio.TestTools.Common.DeploymentItemCollection"><m_container type="System.Collections.Hashtable"><key type="Microsoft.VisualStudio.TestTools.Common.DeploymentItem"><path type="System.String">..\..\..\..\build\binary\MSIL\debug\adaxes\System.Data.SQLite.DLL</path><outputDirectory type="System.String" /></key><value /><key type="Microsoft.VisualStudio.TestTools.Common.DeploymentItem"><path type="System.String">Common\AttributeFriendlyNames.xsd</path><outputDirectory type="System.String" /></key><value /><key type="Microsoft.VisualStudio.TestTools.Common.DeploymentItem"><path type="System.String">Tests\Softerra.Adaxes.Service.ini</path><outputDirectory type="System.String" /></key><value /><key type="Microsoft.VisualStudio.TestTools.Common.DeploymentItem"><path type="System.String">Common\Adaxes.Extensions.xsd</path><outputDirectory type="System.String" /></key><value /><key type="Microsoft.VisualStudio.TestTools.Common.DeploymentItem"><path type="System.String">Common\Config\Adaxes.Config.xsd</path><outputDirectory type="System.String" /></key><value /><key type="Microsoft.VisualStudio.TestTools.Common.DeploymentItem"><path type="System.String">Common\Adaxes.Logging.xsd</path><outputDirectory type="System.String" /></key><value /><key type="Microsoft.VisualStudio.TestTools.Common.DeploymentItem"><path type="System.String">Tests\Directory\AttributeFriendlyNames.xml</path><outputDirectory type="System.String" /></key><value /><key type="Microsoft.VisualStudio.TestTools.Common.DeploymentItem"><path type="System.String">Common\AttributeNameAliases.xsd</path><outputDirectory type="System.String" /></key><value /><key type="Microsoft.VisualStudio.TestTools.Common.DeploymentItem"><path type="System.String">Tests\Directory\AttributeFriendlyNames.deu.xml</path><outputDirectory type="System.String" /></key><value /><key type="Microsoft.VisualStudio.TestTools.Common.DeploymentItem"><path type="System.String">D:\home\projects\DS\source\adaxes\Service\Tests\bin\Debug\Softerra.Adaxes.Tests.dll</path><outputDirectory type="System.String" /></key><value /><key type="Microsoft.VisualStudio.TestTools.Common.DeploymentItem"><path type="System.String">Tests\Softerra.Adaxes.Tests.dll.config</path><outputDirectory type="System.String" /></key><value /><key type="Microsoft.VisualStudio.TestTools.Common.DeploymentItem"><path type="System.String">Tests\Directory\AttributeNameAliases.xml</path><outputDirectory type="System.String" /></key><value /><key type="Microsoft.VisualStudio.TestTools.Common.DeploymentItem"><path type="System.String">Common\Adaxes.Core.xsd</path><outputDirectory type="System.String" /></key><value /><key type="Microsoft.VisualStudio.TestTools.Common.DeploymentItem"><path type="System.String">..\..\..\..\build\binary\MSIL\debug\adaxes\debug\adaxes\TestFiles\</path><outputDirectory type="System.String" /></key><value /></m_container></deploymentItems><testRunNamingScheme type="Microsoft.VisualStudio.TestTools.Common.TestRunNamingScheme"><appendTimeStamp type="System.Boolean">True</appendTimeStamp><useDefault type="System.Boolean">True</useDefault></testRunNamingScheme><setupCommand type="System.String" /><cleanupCommand type="System.String" /><abortRunOnError type="System.Boolean">False</abortRunOnError><mapIPAddresses type="System.Boolean">False</mapIPAddresses><agentProperties type="System.Collections.Specialized.StringDictionary, System, Version=2.0.0.0, Culture=neutral, PublicKeyToken=b77a5c561934e089" /><hostData type="Microsoft.VisualStudio.TestTools.Common.HostRunConfigurationData"><mapHostSpecificData type="System.Collections.Generic.Dictionary`2[[System.String, mscorlib, Version=2.0.0.0, Culture=neutral, PublicKeyToken=b77a5c561934e089],[Microsoft.VisualStudio.TestTools.Common.IHostSpecificRunConfigurationData, Microsoft.VisualStudio.QualityTools.Common, Version=8.0.0.0, Culture=neutral, PublicKeyToken=b03f5f7f11d50a3a]]"><count type="System.Int32">0</count><version type="System.Int32">0</version><freeList type="System.Int32">0</freeList><freeCount type="System.Int32">0</freeCount><comparer type="System.Collections.Generic.GenericEqualityComparer`1[[System.String, mscorlib, Version=2.0.0.0, Culture=neutral, PublicKeyToken=b77a5c561934e089]]" /></mapHostSpecificData></hostData><ignoredDependentAssemblies type="System.String" /><apartmentState type="System.Threading.ApartmentState"><value__ type="System.Int32">1</value__></apartmentState></runConfig><result type="Microsoft.VisualStudio.TestTools.Common.RunResultAndStatistics"><runInfoList type="System.Collections.Generic.List`1[[Microsoft.VisualStudio.TestTools.Common.RunInfo, Microsoft.VisualStudio.QualityTools.Common, Version=8.0.0.0, Culture=neutral, PublicKeyToken=b03f5f7f11d50a3a]]"><_items type="Microsoft.VisualStudio.TestTools.Common.RunInfo[]"><element type="Microsoft.VisualStudio.TestTools.Common.RunInfo"><text type="System.String">Warning: Test Run deployment issue: Failed to get the file for deployment item 'Tests\Directory\AttributeFriendlyNames.xml': System.IO.FileNotFoundException: Could not find file 'D:\home\projects\DS\source\adaxes\Service\Tests\Directory\AttributeFriendlyNames.xml'.</text><exception type="System.IO.FileNotFoundException"><_fileName type="System.String">D:\home\projects\DS\source\adaxes\Service\Tests\Directory\AttributeFriendlyNames.xml</_fileName><_message type="System.String">Could not find file 'D:\home\projects\DS\source\adaxes\Service\Tests\Directory\AttributeFriendlyNames.xml'.</_message><_HResult type="System.Int32">-2147024894</_HResult></exception><computerInfo type="Microsoft.VisualStudio.TestTools.Common.ComputerInfo"><m_computerName type="System.String">BEGEMOT</m_computerName></computerInfo><outcome type="Microsoft.VisualStudio.TestTools.Common.TestOutcome"><value__ type="System.Int32">9</value__></outcome><timestamp type="System.DateTime"><dateData type="System.UInt64">5245380337907387904</dateData></timestamp></element><element type="Microsoft.VisualStudio.TestTools.Common.RunInfo"><text type="System.String">Warning: Test Run deployment issue: Failed to get the file for deployment item 'Tests\Directory\AttributeFriendlyNames.deu.xml': System.IO.FileNotFoundException: Could not find file 'D:\home\projects\DS\source\adaxes\Service\Tests\Directory\AttributeFriendlyNames.deu.xml'.</text><exception type="System.IO.FileNotFoundException"><_fileName type="System.String">D:\home\projects\DS\source\adaxes\Service\Tests\Directory\AttributeFriendlyNames.deu.xml</_fileName><_message type="System.String">Could not find file 'D:\home\projects\DS\source\adaxes\Service\Tests\Directory\AttributeFriendlyNames.deu.xml'.</_message><_HResult type="System.Int32">-2147024894</_HResult></exception><computerInfo type="Microsoft.VisualStudio.TestTools.Common.ComputerInfo"><m_computerName type="System.String">BEGEMOT</m_computerName></computerInfo><outcome type="Microsoft.VisualStudio.TestTools.Common.TestOutcome"><value__ type="System.Int32">9</value__></outcome><timestamp type="System.DateTime"><dateData type="System.UInt64">5245380337907544154</dateData></timestamp></element><element type="Microsoft.VisualStudio.TestTools.Common.RunInfo"><text type="System.String">Warning: Test Run deployment issue: Failed to get the file for deployment item '..\..\..\..\build\binary\MSIL\debug\adaxes\debug\adaxes\TestFiles\': System.IO.DirectoryNotFoundException: Could not find a part of the path 'D:\home\projects\build\binary\MSIL\debug\adaxes\debug\adaxes\TestFiles\'.</text><exception type="System.IO.DirectoryNotFoundException"><_message type="System.String">Could not find a part of the path 'D:\home\projects\build\binary\MSIL\debug\adaxes\debug\adaxes\TestFiles\'.</_message><_HResult type="System.Int32">-2147024893</_HResult></exception><computerInfo type="Microsoft.VisualStudio.TestTools.Common.ComputerInfo"><m_computerName type="System.String">BEGEMOT</m_computerName></computerInfo><outcome type="Microsoft.VisualStudio.TestTools.Common.TestOutcome"><value__ type="System.Int32">9</value__></outcome><timestamp type="System.DateTime"><dateData type="System.UInt64">5245380337907700404</dateData></timestamp></element><element /></_items><_size type="System.Int32">3</_size><_version type="System.Int32">3</_version></runInfoList><totalTestCount type="System.Int32">1</totalTestCount><executedTestCount type="System.Int32">1</executedTestCount><passedTestCount type="System.Int32">1</passedTestCount><stdout type="System.String" /><stderr type="System.String" /><debugTrace type="System.String" /><outcome type="Microsoft.VisualStudio.TestTools.Common.TestOutcome"><value__ type="System.Int32">9</value__></outcome><counters type="System.Int32">0,0,0,0,0,0,0,0,0,0,1,0,0,0</counters><isPartialRun type="System.Boolean">False</isPartialRun></result><creationTime type="System.DateTime"><dateData type="System.UInt64">5245380337889419154</dateData></creationTime><queueingTime type="System.DateTime"><dateData type="System.UInt64">5245380337916294154</dateData></queueingTime><startTime type="System.DateTime"><dateData type="System.UInt64">5245380337921606654</dateData></startTime><finishTime type="System.DateTime"><dateData type="System.UInt64">5245380338193325404</dateData></finishTime><tests type="System.Collections.Hashtable"><key type="Microsoft.VisualStudio.TestTools.Common.TestId"><id type="System.Guid">d08a8e97-b1eb-d81c-9ac3-5a4fef7db5fe</id></key><value type="Microsoft.VisualStudio.TestTools.TestTypes.Unit.UnitTestElement, Microsoft.VisualStudio.QualityTools.Tips.UnitTest.ObjectModel, Version=8.0.0.0, Culture=neutral, PublicKeyToken=b03f5f7f11d50a3a"><codeBase type="System.String">D:\home\projects\DS\source\adaxes\Service\Tests\bin\Debug\Softerra.Adaxes.Tests.dll</codeBase><adapterTypeName type="System.String">Microsoft.VisualStudio.TestTools.TestTypes.Unit.UnitTestAdapter, Microsoft.VisualStudio.QualityTools.Tips.UnitTest.Adapter, Version=8.0.0.0, Culture=neutral, PublicKeyToken=b03f5f7f11d50a3a</adapterTypeName><testMethod type="Microsoft.VisualStudio.TestTools.TestTypes.Unit.TestMethod, Microsoft.VisualStudio.QualityTools.Tips.UnitTest.ObjectModel, Version=8.0.0.0, Culture=neutral, PublicKeyToken=b03f5f7f11d50a3a"><className type="System.String">Softerra.Adaxes.Tests.AccessControl.AccessControlConfigTest, Softerra.Adaxes.Tests</className><name type="System.String">TestXmlSerialization</name><expectedExceptionMessage type="System.String" /><isValid type="System.Boolean">False</isValid></testMethod><aspNetDevServers type="System.Collections.Generic.List`1[[Microsoft.VisualStudio.TestTools.Common.AspNetDevelopmentServer, Microsoft.VisualStudio.QualityTools.Common, Version=8.0.0.0, Culture=neutral, PublicKeyToken=b03f5f7f11d50a3a]]"><_size type="System.Int32">0</_size><_version type="System.Int32">0</_version></aspNetDevServers><dataAccessMethod type="Microsoft.VisualStudio.TestTools.UnitTesting.DataAccessMethod, Microsoft.VisualStudio.QualityTools.UnitTestFramework, Version=8.0.0.0, Culture=neutral, PublicKeyToken=b03f5f7f11d50a3a"><value__ type="System.Int32">0</value__></dataAccessMethod><cssProjectStructure type="System.String" /><isRunOnRestart type="System.Boolean">False</isRunOnRestart><timeOut type="System.Int32">0</timeOut><isGroupable type="System.Boolean">True</isGroupable><abortRunOnAgentFailure type="System.Boolean">False</abortRunOnAgentFailure><cssIteration type="System.String" /><workItemIds type="System.Collections.Generic.List`1[[System.Int32, mscorlib, Version=2.0.0.0, Culture=neutral, PublicKeyToken=b77a5c561934e089]]"><_size type="System.Int32">0</_size><_version type="System.Int32">1</_version></workItemIds><id type="Microsoft.VisualStudio.TestTools.Common.TestId"><id type="System.Guid">d08a8e97-b1eb-d81c-9ac3-5a4fef7db5fe</id></id><name type="System.String">TestXmlSerialization</name><description type="System.String">AccessControl</description><enabled type="System.Boolean">True</enabled><owner type="System.String">Vladimir Dumchikov</owner><priority type="System.Int32">0</priority><executionId type="Microsoft.VisualStudio.TestTools.Common.TestExecId"><id type="System.Guid">00000000-0000-0000-0000-000000000000</id></executionId><parentExecutId type="Microsoft.VisualStudio.TestTools.Common.TestExecId"><id type="System.Guid">00000000-0000-0000-0000-000000000000</id></parentExecutId><deploymentItems type="Microsoft.VisualStudio.TestTools.Common.DeploymentItemCollection" /><agentAttributes type="System.Collections.Specialized.StringDictionary, System, Version=2.0.0.0, Culture=neutral, PublicKeyToken=b77a5c561934e089" /><storage type="System.String">d:\home\projects\ds\source\adaxes\service\tests\bin\debug\softerra.adaxes.tests.dll</storage><projectData type="Microsoft.VisualStudio.TestTools.Common.ProjectData"><id type="System.Guid">c3c24432-02f1-466a-a00b-55532896f718</id><projectName type="System.String">Softerra.Adaxes.Tests</projectName><solutionName type="System.String">Adaxes</solutionName><projectRelativePath type="System.String">Tests\Softerra.Adaxes.Tests.csproj</projectRelativePath></projectData><m_nonRunnableReason type="System.String" /></value></tests><categories type="System.Collections.Hashtable"><key type="Microsoft.VisualStudio.TestTools.Common.TestCategoryId"><id type="System.Guid">8c84fa94-04c1-424b-9868-57a2d4851a1d</id></key><value type="Microsoft.VisualStudio.TestTools.Common.TestCategory"><id type="Microsoft.VisualStudio.TestTools.Common.TestCategoryId"><id type="System.Guid">8c84fa94-04c1-424b-9868-57a2d4851a1d</id></id><name type="System.String">Results Not in a List</name><description type="System.String" /><enabled type="System.Boolean">True</enabled><parentCategoryId type="Microsoft.VisualStudio.TestTools.Common.TestCategoryId"><id type="System.Guid">00000000-0000-0000-0000-000000000000</id></parentCategoryId></value><key type="Microsoft.VisualStudio.TestTools.Common.TestCategoryId"><id type="System.Guid">19431567-8539-422a-85d7-44ee4e166bda</id></key><value type="Microsoft.VisualStudio.TestTools.Common.TestCategory"><id type="Microsoft.VisualStudio.TestTools.Common.TestCategoryId"><id type="System.Guid">19431567-8539-422a-85d7-44ee4e166bda</id></id><name type="System.String">All Loaded Results</name><description type="System.String" /><enabled type="System.Boolean">True</enabled><parentCategoryId type="Microsoft.VisualStudio.TestTools.Common.TestCategoryId"><id type="System.Guid">00000000-0000-0000-0000-000000000000</id></parentCategoryId></value></categories><entries type="Microsoft.VisualStudio.TestTools.Common.TestEntry[]"><element type="Microsoft.VisualStudio.TestTools.Common.TestEntry"><m_testId type="Microsoft.VisualStudio.TestTools.Common.TestId"><id type="System.Guid">d08a8e97-b1eb-d81c-9ac3-5a4fef7db5fe</id></m_testId><m_execId type="Microsoft.VisualStudio.TestTools.Common.TestExecId"><id type="System.Guid">0992148c-225f-40d5-baaf-234f7fd9274f</id></m_execId><m_parentExecId type="Microsoft.VisualStudio.TestTools.Common.TestExecId"><id type="System.Guid">00000000-0000-0000-0000-000000000000</id></m_parentExecId><m_categoryId type="Microsoft.VisualStudio.TestTools.Common.TestCategoryId"><id type="System.Guid">8c84fa94-04c1-424b-9868-57a2d4851a1d</id></m_categoryId><m_isTransparent type="System.Boolean">True</m_isTransparent></element></entries></TestRun><UnitTestResult type="Microsoft.VisualStudio.TestTools.TestTypes.Unit.UnitTestResult, Microsoft.VisualStudio.QualityTools.Tips.UnitTest.ObjectModel, Version=8.0.0.0, Culture=neutral, PublicKeyToken=b03f5f7f11d50a3a"><resultType type="Microsoft.VisualStudio.TestTools.TestTypes.Unit.UnitTestResultType, Microsoft.VisualStudio.QualityTools.Tips.UnitTest.ObjectModel, Version=8.0.0.0, Culture=neutral, PublicKeyToken=b03f5f7f11d50a3a"><value__ type="System.Int32">0</value__></resultType><m_hasSufficientAccess type="System.Boolean">True</m_hasSufficientAccess><counters type="Microsoft.VisualStudio.TestTools.Common.TestResultCounter"><values type="System.Int32">0,0,0,0,0,0,0,0,0,0,0,0,0,0</values><total type="System.Int32">1</total></counters><categoryId type="Microsoft.VisualStudio.TestTools.Common.TestCategoryId"><id type="System.Guid">8c84fa94-04c1-424b-9868-57a2d4851a1d</id></categoryId><outcome type="Microsoft.VisualStudio.TestTools.Common.TestOutcome"><value__ type="System.Int32">10</value__></outcome><traceInfo type="Microsoft.VisualStudio.TestTools.Common.TestExecutionTraceInformation"><trace type="System.Text.StringBuilder">Calling assembly initialization method Softerra.Adaxes.Tests.TestInitializer.Init.
Creating instance of class Softerra.Adaxes.Tests.AccessControl.AccessControlConfigTest.
Calling Test method Softerra.Adaxes.Tests.AccessControl.AccessControlConfigTest.Microsoft.VisualStudio.TestTools.TestTypes.Unit.TestMethod.
</trace></traceInfo><stdout type="System.String" /><stderr type="System.String" /><debugTrace type="System.String" /><workItemIds type="System.Collections.Generic.List`1[[System.Int32, mscorlib, Version=2.0.0.0, Culture=neutral, PublicKeyToken=b77a5c561934e089]]"><_size type="System.Int32">0</_size><_version type="System.Int32">1</_version></workItemIds><id type="Microsoft.VisualStudio.TestTools.Common.TestResultId"><runId type="System.Guid">5eb6df90-7fc1-45f8-b782-a2c0af421773</runId><executionId type="Microsoft.VisualStudio.TestTools.Common.TestExecId"><id type="System.Guid">0992148c-225f-40d5-baaf-234f7fd9274f</id></executionId><parentExecId type="Microsoft.VisualStudio.TestTools.Common.TestExecId"><id type="System.Guid">00000000-0000-0000-0000-000000000000</id></parentExecId><testId type="Microsoft.VisualStudio.TestTools.Common.TestId"><id type="System.Guid">d08a8e97-b1eb-d81c-9ac3-5a4fef7db5fe</id></testId></id><testName type="System.String">TestXmlSerialization</testName><testType type="Microsoft.VisualStudio.TestTools.Common.TestType"><id type="System.Guid">13cdc9d9-ddb5-4fa4-a97d-d965ccfc6d4b</id></testType><messageKind type="Microsoft.VisualStudio.TestTools.Common.TestMessageKind"><value__ type="System.Int32">1</value__></messageKind><computerInfo type="Microsoft.VisualStudio.TestTools.Common.ComputerInfo"><m_computerName type="System.String">BEGEMOT</m_computerName></computerInfo><duration type="System.TimeSpan">00:00:25.6523200</duration><startTime type="System.DateTime"><dateData type="System.UInt64">633694319496562500</dateData></startTime><endTime type="System.DateTime"><dateData type="System.UInt64">633694319761406250</dateData></endTime><spoolMessage type="System.Boolean">True</spoolMessage></UnitTestResult></Tests>