<?xml version="1.0" encoding="UTF-8"?>
<TestRun id="7e5beed4-6643-4af2-ab39-82044912b366" name="distributedagent@BUILD01 2010-12-23 11:01:41" runUser="BCNA\distributedagent" xmlns="http://microsoft.com/schemas/VisualStudio/TeamTest/2010">
  <TestSettings name="Default Test Settings" id="1f227286-8f9f-49bc-be7b-5eb7cda17261">
    <Deployment userDeploymentRoot="C:\Program Files (x86)\TeamCity\buildAgent\temp\buildTmp" useDefaultDeploymentRoot="false" runDeploymentRoot="distributedagent_BUILD01 2010-12-23 11_01_41" />
    <Execution>
      <TestTypeSpecific />
      <AgentRule name="Execution Agents">
      </AgentRule>
    </Execution>
  </TestSettings>
  <Times creation="2010-12-23T11:01:41.6936632-05:00" queuing="2010-12-23T11:01:45.4242752-05:00" start="2010-12-23T11:01:46.0717610-05:00" finish="2010-12-23T11:22:41.6863885-05:00" />
  <ResultSummary outcome="Failed">
    <Counters total="810" executed="810" passed="137" error="0" failed="27" timeout="0" aborted="646" inconclusive="0" passedButRunAborted="0" notRunnable="0" notExecuted="0" disconnected="0" warning="0" completed="0" inProgress="646" pending="0" />
  </ResultSummary>
  <TestDefinitions>
    <UnitTest name="CovarTest" storage="e:\teamcity_data\build\sierra\src\finom\finom.test\bin\debug\finom.test.dll" id="49c409bf-e39d-d88d-38b8-e266171c63bc">
      <Execution id="16af8557-ad1d-49c0-9df4-05e8ddd61d8a" />
      <TestMethod codeBase="E:/TeamCity_Data/Build/Sierra/src/FinOM/FinOM.Test/bin/Debug/FinOM.Test.DLL" adapterTypeName="Microsoft.VisualStudio.TestTools.TestTypes.Unit.UnitTestAdapter, Microsoft.VisualStudio.QualityTools.Tips.UnitTest.Adapter, Version=10.0.0.0, Culture=neutral, PublicKeyToken=b03f5f7f11d50a3a" className="FinOM.Test.TS.Core.MovingMultiTimeSeriesExprTests, FinOM.Test, Version=1.0.0.0, Culture=neutral, PublicKeyToken=null" name="CovarTest" />
    </UnitTest>
    <UnitTest name="TimeIndexCeilingTest" storage="e:\teamcity_data\build\sierra\src\finom\finom.test\bin\debug\finom.test.dll" id="62cea7fa-ee61-3f7f-ca37-dc5f443547c6">
      <Execution id="674af2dc-3f02-4e0b-a96c-7a0fa8778d5e" />
      <TestMethod codeBase="E:/TeamCity_Data/Build/Sierra/src/FinOM/FinOM.Test/bin/Debug/FinOM.Test.DLL" adapterTypeName="Microsoft.VisualStudio.TestTools.TestTypes.Unit.UnitTestAdapter, Microsoft.VisualStudio.QualityTools.Tips.UnitTest.Adapter, Version=10.0.0.0, Culture=neutral, PublicKeyToken=b03f5f7f11d50a3a" className="FinOM.Test.TS.Core.SegmentOfRecurringTimelineTests, FinOM.Test, Version=1.0.0.0, Culture=neutral, PublicKeyToken=null" name="TimeIndexCeilingTest" />
    </UnitTest>
    <UnitTest name="TimeToIndexShiftedNegativeTest" storage="e:\teamcity_data\build\sierra\src\finom\finom.test\bin\debug\finom.test.dll" id="c1b08b17-9973-9788-33ba-a519eec5b614">
      <Execution id="a2c94e45-0361-40ce-ac6a-6be9318f6d4b" />
      <TestMethod codeBase="E:/TeamCity_Data/Build/Sierra/src/FinOM/FinOM.Test/bin/Debug/FinOM.Test.DLL" adapterTypeName="Microsoft.VisualStudio.TestTools.TestTypes.Unit.UnitTestAdapter, Microsoft.VisualStudio.QualityTools.Tips.UnitTest.Adapter, Version=10.0.0.0, Culture=neutral, PublicKeyToken=b03f5f7f11d50a3a" className="FinOM.Test.TS.Core.WeekdayCompositeRecurrenceTests, FinOM.Test, Version=1.0.0.0, Culture=neutral, PublicKeyToken=null" name="TimeToIndexShiftedNegativeTest" />
    </UnitTest>
    <UnitTest name="CountTest" storage="e:\teamcity_data\build\sierra\src\finom\finom.test\bin\debug\finom.test.dll" id="61a830ce-1020-eb76-decc-542b7b4d7111">
      <Execution id="97641b9d-dde2-4a74-aa99-4aa440f3e9c4" />
      <TestMethod codeBase="E:/TeamCity_Data/Build/Sierra/src/FinOM/FinOM.Test/bin/Debug/FinOM.Test.DLL" adapterTypeName="Microsoft.VisualStudio.TestTools.TestTypes.Unit.UnitTestAdapter, Microsoft.VisualStudio.QualityTools.Tips.UnitTest.Adapter, Version=10.0.0.0, Culture=neutral, PublicKeyToken=b03f5f7f11d50a3a" className="FinOM.Test.TS.Core.EmptyTimelineTests, FinOM.Test, Version=1.0.0.0, Culture=neutral, PublicKeyToken=null" name="CountTest" />
    </UnitTest>
    <UnitTest name="CovarTest" storage="e:\teamcity_data\build\sierra\src\finom\finom.test\bin\debug\finom.test.dll" id="d25edff3-ec51-328b-a8f8-3a1808cb1b04">
      <Execution id="10bab45a-6418-494e-978e-d24dc54ca1e2" />
      <TestMethod codeBase="E:/TeamCity_Data/Build/Sierra/src/FinOM/FinOM.Test/bin/Debug/FinOM.Test.DLL" adapterTypeName="Microsoft.VisualStudio.TestTools.TestTypes.Unit.UnitTestAdapter, Microsoft.VisualStudio.QualityTools.Tips.UnitTest.Adapter, Version=10.0.0.0, Culture=neutral, PublicKeyToken=b03f5f7f11d50a3a" className="FinOM.Test.TS.Core.RunningMultiTimeSeriesExprTests, FinOM.Test, Version=1.0.0.0, Culture=neutral, PublicKeyToken=null" name="CovarTest" />
    </UnitTest>
    <UnitTest name="TimeIndexFloorSegmentTest" storage="e:\teamcity_data\build\sierra\src\finom\finom.test\bin\debug\finom.test.dll" id="48780141-bf75-9e72-3606-e9727b7cf617">
      <Execution id="2084984c-3f11-4c16-af30-a712ac05dd46" />
      <TestMethod codeBase="E:/TeamCity_Data/Build/Sierra/src/FinOM/FinOM.Test/bin/Debug/FinOM.Test.DLL" adapterTypeName="Microsoft.VisualStudio.TestTools.TestTypes.Unit.UnitTestAdapter, Microsoft.VisualStudio.QualityTools.Tips.UnitTest.Adapter, Version=10.0.0.0, Culture=neutral, PublicKeyToken=b03f5f7f11d50a3a" className="FinOM.Test.TS.Core.IntradayOfWeekdayTimelineTests, FinOM.Test, Version=1.0.0.0, Culture=neutral, PublicKeyToken=null" name="TimeIndexFloorSegmentTest" />
    </UnitTest>
    <UnitTest name="resbasis_loadSpreads3" storage="e:\teamcity_data\build\sierra\src\finom\finom.test\bin\debug\finom.test.dll" id="c460bee7-f712-6c5e-dc7f-917e4e334fbb">
      <Execution id="35f6f06d-4632-45cb-b367-8d2b42913b7a" />
      <TestMethod codeBase="E:/TeamCity_Data/Build/Sierra/src/FinOM/FinOM.Test/bin/Debug/FinOM.Test.DLL" adapterTypeName="Microsoft.VisualStudio.TestTools.TestTypes.Unit.UnitTestAdapter, Microsoft.VisualStudio.QualityTools.Tips.UnitTest.Adapter, Version=10.0.0.0, Culture=neutral, PublicKeyToken=b03f5f7f11d50a3a" className="FinOM.Analytics.Test.MarketDataTests, FinOM.Test, Version=1.0.0.0, Culture=neutral, PublicKeyToken=null" name="resbasis_loadSpreads3" />
    </UnitTest>
    <UnitTest name="CATest" storage="e:\teamcity_data\build\sierra\src\finom\finom.test\bin\debug\finom.test.dll" id="01b41f94-4828-5bad-b826-062b4294c16b">
      <Execution id="4d0522ad-674b-47af-af06-1e38900346b8" />
      <TestMethod codeBase="E:/TeamCity_Data/Build/Sierra/src/FinOM/FinOM.Test/bin/Debug/FinOM.Test.DLL" adapterTypeName="Microsoft.VisualStudio.TestTools.TestTypes.Unit.UnitTestAdapter, Microsoft.VisualStudio.QualityTools.Tips.UnitTest.Adapter, Version=10.0.0.0, Culture=neutral, PublicKeyToken=b03f5f7f11d50a3a" className="FinOM.Test.TS.Core.SpliceTimeSeriesExprTests, FinOM.Test, Version=1.0.0.0, Culture=neutral, PublicKeyToken=null" name="CATest" />
    </UnitTest>
    <UnitTest name="IntersectionTest" storage="e:\teamcity_data\build\sierra\src\finom\finom.test\bin\debug\finom.test.dll" id="27d1ab78-93c9-5460-5326-2be23ce720e3">
      <Execution id="2eafdc7f-8d45-4ee1-b7fa-7b2f78ef047a" />
      <TestMethod codeBase="E:/TeamCity_Data/Build/Sierra/src/FinOM/FinOM.Test/bin/Debug/FinOM.Test.DLL" adapterTypeName="Microsoft.VisualStudio.TestTools.TestTypes.Unit.UnitTestAdapter, Microsoft.VisualStudio.QualityTools.Tips.UnitTest.Adapter, Version=10.0.0.0, Culture=neutral, PublicKeyToken=b03f5f7f11d50a3a" className="FinOM.Test.TS.Core.SelfExpectedCombinedTimelinesTests, FinOM.Test, Version=1.0.0.0, Culture=neutral, PublicKeyToken=null" name="IntersectionTest" />
    </UnitTest>
    <UnitTest name="TestValuesTrade" storage="e:\teamcity_data\build\sierra\src\finom\finom.test\bin\debug\finom.test.dll" id="b992bfea-2c96-cac7-bee7-ec8c7e1b8e21">
      <Execution id="5d7e85b2-29af-4aa0-b8ae-e0eae1bad225" />
      <TestMethod codeBase="E:/TeamCity_Data/Build/Sierra/src/FinOM/FinOM.Test/bin/Debug/FinOM.Test.DLL" adapterTypeName="Microsoft.VisualStudio.TestTools.TestTypes.Unit.UnitTestAdapter, Microsoft.VisualStudio.QualityTools.Tips.UnitTest.Adapter, Version=10.0.0.0, Culture=neutral, PublicKeyToken=b03f5f7f11d50a3a" className="FinOM.Test.Trades.MongoPositionTest, FinOM.Test, Version=1.0.0.0, Culture=neutral, PublicKeyToken=null" name="TestValuesTrade" />
    </UnitTest>
    <UnitTest name="FullRecoveryTest" storage="e:\teamcity_data\build\sierra\src\finom\finom.test\bin\debug\finom.test.dll" id="8379c544-61ec-7b9d-0c0a-f1c90bd0e120">
      <Execution id="021b35ce-91d8-4a52-9557-cbf7d34909ce" />
      <TestMethod codeBase="E:/TeamCity_Data/Build/Sierra/src/FinOM/FinOM.Test/bin/Debug/FinOM.Test.DLL" adapterTypeName="Microsoft.VisualStudio.TestTools.TestTypes.Unit.UnitTestAdapter, Microsoft.VisualStudio.QualityTools.Tips.UnitTest.Adapter, Version=10.0.0.0, Culture=neutral, PublicKeyToken=b03f5f7f11d50a3a" className="FinOM.Test.Credit.RecSwapTest, FinOM.Test, Version=1.0.0.0, Culture=neutral, PublicKeyToken=null" name="FullRecoveryTest" />
    </UnitTest>
    <UnitTest name="AddTest" storage="e:\teamcity_data\build\sierra\src\finom\finom.test\bin\debug\finom.test.dll" id="0719a92f-660a-669c-d32b-372bcd502ac3">
      <Execution id="908905b4-6738-4ff6-b28f-0d1a47aaa800" />
      <TestMethod codeBase="E:/TeamCity_Data/Build/Sierra/src/FinOM/FinOM.Test/bin/Debug/FinOM.Test.DLL" adapterTypeName="Microsoft.VisualStudio.TestTools.TestTypes.Unit.UnitTestAdapter, Microsoft.VisualStudio.QualityTools.Tips.UnitTest.Adapter, Version=10.0.0.0, Culture=neutral, PublicKeyToken=b03f5f7f11d50a3a" className="FinOM.Test.TS.Util.TimeTests, FinOM.Test, Version=1.0.0.0, Culture=neutral, PublicKeyToken=null" name="AddTest" />
    </UnitTest>
    <UnitTest name="EndTimeTest" storage="e:\teamcity_data\build\sierra\src\finom\finom.test\bin\debug\finom.test.dll" id="8ddcf1dc-36a9-d348-098d-9d8ac179ec0b">
      <Execution id="e141c21e-c4a6-47ee-b638-4fa7c8bf87a2" />
      <TestMethod codeBase="E:/TeamCity_Data/Build/Sierra/src/FinOM/FinOM.Test/bin/Debug/FinOM.Test.DLL" adapterTypeName="Microsoft.VisualStudio.TestTools.TestTypes.Unit.UnitTestAdapter, Microsoft.VisualStudio.QualityTools.Tips.UnitTest.Adapter, Version=10.0.0.0, Culture=neutral, PublicKeyToken=b03f5f7f11d50a3a" className="FinOM.Test.TS.Core.OffsetOfRecurringTimelineTests, FinOM.Test, Version=1.0.0.0, Culture=neutral, PublicKeyToken=null" name="EndTimeTest" />
    </UnitTest>
    <UnitTest name="RoundTripPricingTest" storage="e:\teamcity_data\build\sierra\src\finom\finom.test\bin\debug\finom.test.dll" id="e7d628cf-d28c-1a4a-acab-872cc67dd3c4">
      <Execution timeOut="100000" id="3f1609f9-b4f1-4615-be93-66351d844b92" />
      <TestMethod codeBase="E:/TeamCity_Data/Build/Sierra/src/FinOM/FinOM.Test/bin/Debug/FinOM.Test.DLL" adapterTypeName="Microsoft.VisualStudio.TestTools.TestTypes.Unit.UnitTestAdapter, Microsoft.VisualStudio.QualityTools.Tips.UnitTest.Adapter, Version=10.0.0.0, Culture=neutral, PublicKeyToken=b03f5f7f11d50a3a" className="FinOM.Test.Credit.CDOTrancheTest, FinOM.Test, Version=1.0.0.0, Culture=neutral, PublicKeyToken=null" name="RoundTripPricingTest" />
    </UnitTest>
    <UnitTest name="IndexerTest" storage="e:\teamcity_data\build\sierra\src\finom\finom.test\bin\debug\finom.test.dll" id="7744969e-d420-b6c7-f549-dbc63a5c68f2">
      <Execution id="4b7ca361-a0e5-4270-9f64-5e17f751c260" />
      <TestMethod codeBase="E:/TeamCity_Data/Build/Sierra/src/FinOM/FinOM.Test/bin/Debug/FinOM.Test.DLL" adapterTypeName="Microsoft.VisualStudio.TestTools.TestTypes.Unit.UnitTestAdapter, Microsoft.VisualStudio.QualityTools.Tips.UnitTest.Adapter, Version=10.0.0.0, Culture=neutral, PublicKeyToken=b03f5f7f11d50a3a" className="FinOM.Test.TS.Core.IntradayOfDailyWithCutTimelineTests, FinOM.Test, Version=1.0.0.0, Culture=neutral, PublicKeyToken=null" name="IndexerTest" />
    </UnitTest>
    <UnitTest name="QVCurveQuotes2Test" storage="e:\teamcity_data\build\sierra\src\finom\finom.test\bin\debug\finom.test.dll" id="8dc78890-5a4a-a129-0f30-0a6234c43599">
      <Execution id="2a6f73c7-828e-40e7-a015-79102bc5f26a" />
      <TestMethod codeBase="E:/TeamCity_Data/Build/Sierra/src/FinOM/FinOM.Test/bin/Debug/FinOM.Test.DLL" adapterTypeName="Microsoft.VisualStudio.TestTools.TestTypes.Unit.UnitTestAdapter, Microsoft.VisualStudio.QualityTools.Tips.UnitTest.Adapter, Version=10.0.0.0, Culture=neutral, PublicKeyToken=b03f5f7f11d50a3a" className="FinOM.Test.FinanceData.QVCDSTests, FinOM.Test, Version=1.0.0.0, Culture=neutral, PublicKeyToken=null" name="QVCurveQuotes2Test" />
    </UnitTest>
    <UnitTest name="SeniorTranchePriceTest" storage="e:\teamcity_data\build\sierra\src\finom\finom.test\bin\debug\finom.test.dll" id="847e99b4-5c30-a06b-9248-fa01262c01a2">
      <Execution timeOut="1000000" id="7631f593-8a54-475a-81f5-d4489e79aef2" />
      <TestMethod codeBase="E:/TeamCity_Data/Build/Sierra/src/FinOM/FinOM.Test/bin/Debug/FinOM.Test.DLL" adapterTypeName="Microsoft.VisualStudio.TestTools.TestTypes.Unit.UnitTestAdapter, Microsoft.VisualStudio.QualityTools.Tips.UnitTest.Adapter, Version=10.0.0.0, Culture=neutral, PublicKeyToken=b03f5f7f11d50a3a" className="FinOM.Test.Credit.CDOTrancheTest, FinOM.Test, Version=1.0.0.0, Culture=neutral, PublicKeyToken=null" name="SeniorTranchePriceTest" />
    </UnitTest>
    <UnitTest name="CompositeRecurrencePositiveCreationTest1" storage="e:\teamcity_data\build\sierra\src\finom\finom.test\bin\debug\finom.test.dll" id="527ce70a-4182-e77a-d9f8-06e38e84917e">
      <Execution id="562b815f-d7dd-4ec2-bb74-2fede6f55095" />
      <TestMethod codeBase="E:/TeamCity_Data/Build/Sierra/src/FinOM/FinOM.Test/bin/Debug/FinOM.Test.DLL" adapterTypeName="Microsoft.VisualStudio.TestTools.TestTypes.Unit.UnitTestAdapter, Microsoft.VisualStudio.QualityTools.Tips.UnitTest.Adapter, Version=10.0.0.0, Culture=neutral, PublicKeyToken=b03f5f7f11d50a3a" className="FinOM.Test.TS.Core.WorkdayPartialCompositeRecurrenceTests, FinOM.Test, Version=1.0.0.0, Culture=neutral, PublicKeyToken=null" name="CompositeRecurrencePositiveCreationTest1" />
    </UnitTest>
    <UnitTest name="QueryByTradeAndOldStrategy" storage="e:\teamcity_data\build\sierra\src\finom\finom.test\bin\debug\finom.test.dll" id="2261e987-74a4-f1f3-446f-f7e2a48eeaf4">
      <Execution id="f36c825f-6557-417c-a0aa-ee5cd367ce56" />
      <TestMethod codeBase="E:/TeamCity_Data/Build/Sierra/src/FinOM/FinOM.Test/bin/Debug/FinOM.Test.DLL" adapterTypeName="Microsoft.VisualStudio.TestTools.TestTypes.Unit.UnitTestAdapter, Microsoft.VisualStudio.QualityTools.Tips.UnitTest.Adapter, Version=10.0.0.0, Culture=neutral, PublicKeyToken=b03f5f7f11d50a3a" className="FinOM.Analytics.Test.TransactionTests, FinOM.Test, Version=1.0.0.0, Culture=neutral, PublicKeyToken=null" name="QueryByTradeAndOldStrategy" />
    </UnitTest>
    <UnitTest name="SymDiffOfGuideTest" storage="e:\teamcity_data\build\sierra\src\finom\finom.test\bin\debug\finom.test.dll" id="9eddcb32-763d-50c2-96ac-ebeb83e711b8">
      <Execution id="a9a81b62-b2be-4e07-9d47-1d79fb0df421" />
      <TestMethod codeBase="E:/TeamCity_Data/Build/Sierra/src/FinOM/FinOM.Test/bin/Debug/FinOM.Test.DLL" adapterTypeName="Microsoft.VisualStudio.TestTools.TestTypes.Unit.UnitTestAdapter, Microsoft.VisualStudio.QualityTools.Tips.UnitTest.Adapter, Version=10.0.0.0, Culture=neutral, PublicKeyToken=b03f5f7f11d50a3a" className="FinOM.Test.TS.Core.RandomMixedCombinedTimelinesTests, FinOM.Test, Version=1.0.0.0, Culture=neutral, PublicKeyToken=null" name="SymDiffOfGuideTest" />
    </UnitTest>
    <UnitTest name="DayOfWeekTest" storage="e:\teamcity_data\build\sierra\src\finom\finom.test\bin\debug\finom.test.dll" id="0d34515d-806a-1833-1895-a754dfec45ef">
      <Execution id="d4a7cbc7-63df-4806-8f6b-cb37473ecf6d" />
      <TestMethod codeBase="E:/TeamCity_Data/Build/Sierra/src/FinOM/FinOM.Test/bin/Debug/FinOM.Test.DLL" adapterTypeName="Microsoft.VisualStudio.TestTools.TestTypes.Unit.UnitTestAdapter, Microsoft.VisualStudio.QualityTools.Tips.UnitTest.Adapter, Version=10.0.0.0, Culture=neutral, PublicKeyToken=b03f5f7f11d50a3a" className="FinOM.Test.TS.Core.DateTimeTimeSeriesExprTests, FinOM.Test, Version=1.0.0.0, Culture=neutral, PublicKeyToken=null" name="DayOfWeekTest" />
    </UnitTest>
    <UnitTest name="FixedGridNoopTest" storage="e:\teamcity_data\build\sierra\src\finom\finom.test\bin\debug\finom.test.dll" id="74abdc1e-39f6-a327-f3c2-f01a2f00fbad">
      <Execution id="6c90957f-efd3-4870-a913-1939e3181ec8" />
      <TestMethod codeBase="E:/TeamCity_Data/Build/Sierra/src/FinOM/FinOM.Test/bin/Debug/FinOM.Test.DLL" adapterTypeName="Microsoft.VisualStudio.TestTools.TestTypes.Unit.UnitTestAdapter, Microsoft.VisualStudio.QualityTools.Tips.UnitTest.Adapter, Version=10.0.0.0, Culture=neutral, PublicKeyToken=b03f5f7f11d50a3a" className="FinOM.Test.FinanceScenarios.FixedLossGridTest, FinOM.Test, Version=1.0.0.0, Culture=neutral, PublicKeyToken=null" name="FixedGridNoopTest" />
    </UnitTest>
    <UnitTest name="RemTest" storage="e:\teamcity_data\build\sierra\src\finom\finom.test\bin\debug\finom.test.dll" id="ee439802-2765-5e3b-c080-c7d820cd7764">
      <Execution id="2c2c1289-9718-4e97-a254-75696d62d2fe" />
      <TestMethod codeBase="E:/TeamCity_Data/Build/Sierra/src/FinOM/FinOM.Test/bin/Debug/FinOM.Test.DLL" adapterTypeName="Microsoft.VisualStudio.TestTools.TestTypes.Unit.UnitTestAdapter, Microsoft.VisualStudio.QualityTools.Tips.UnitTest.Adapter, Version=10.0.0.0, Culture=neutral, PublicKeyToken=b03f5f7f11d50a3a" className="FinOM.Test.TS.Core.MathTimeSeriesExprTests, FinOM.Test, Version=1.0.0.0, Culture=neutral, PublicKeyToken=null" name="RemTest" />
    </UnitTest>
    <UnitTest name="IntersectionOfSymDiffTest" storage="e:\teamcity_data\build\sierra\src\finom\finom.test\bin\debug\finom.test.dll" id="980276fb-cc14-ee48-24bf-09156b3ceb9a">
      <Execution id="b189f4a0-69d0-4943-be5e-224bb7f0f4ee" />
      <TestMethod codeBase="E:/TeamCity_Data/Build/Sierra/src/FinOM/FinOM.Test/bin/Debug/FinOM.Test.DLL" adapterTypeName="Microsoft.VisualStudio.TestTools.TestTypes.Unit.UnitTestAdapter, Microsoft.VisualStudio.QualityTools.Tips.UnitTest.Adapter, Version=10.0.0.0, Culture=neutral, PublicKeyToken=b03f5f7f11d50a3a" className="FinOM.Test.TS.Core.StepsMixedCombinedTimelinesTests, FinOM.Test, Version=1.0.0.0, Culture=neutral, PublicKeyToken=null" name="IntersectionOfSymDiffTest" />
    </UnitTest>
    <UnitTest name="SetFormulaTest" storage="e:\teamcity_data\build\sierra\src\finom\finom.test\bin\debug\finom.test.dll" id="d180fc73-c12e-27db-a2dd-213ec648bb6f">
      <Execution id="e265973e-1e15-4bad-9368-2af89cf80b2e" />
      <TestMethod codeBase="E:/TeamCity_Data/Build/Sierra/src/FinOM/FinOM.Test/bin/Debug/FinOM.Test.DLL" adapterTypeName="Microsoft.VisualStudio.TestTools.TestTypes.Unit.UnitTestAdapter, Microsoft.VisualStudio.QualityTools.Tips.UnitTest.Adapter, Version=10.0.0.0, Culture=neutral, PublicKeyToken=b03f5f7f11d50a3a" className="FinOM.Test.Cells.CellTest, FinOM.Test, Version=1.0.0.0, Culture=neutral, PublicKeyToken=null" name="SetFormulaTest" />
    </UnitTest>
    <UnitTest name="IndexOfTest" storage="e:\teamcity_data\build\sierra\src\finom\finom.test\bin\debug\finom.test.dll" id="18502462-e267-f1c8-2f83-f9c4dcdfc4b7">
      <Execution id="34bc5d66-5e10-4ad9-8677-495a3957a7b5" />
      <TestMethod codeBase="E:/TeamCity_Data/Build/Sierra/src/FinOM/FinOM.Test/bin/Debug/FinOM.Test.DLL" adapterTypeName="Microsoft.VisualStudio.TestTools.TestTypes.Unit.UnitTestAdapter, Microsoft.VisualStudio.QualityTools.Tips.UnitTest.Adapter, Version=10.0.0.0, Culture=neutral, PublicKeyToken=b03f5f7f11d50a3a" className="FinOM.Test.TS.Core.IndirectOfExplicitTimelineTests, FinOM.Test, Version=1.0.0.0, Culture=neutral, PublicKeyToken=null" name="IndexOfTest" />
    </UnitTest>
    <UnitTest name="RatioTest" storage="e:\teamcity_data\build\sierra\src\finom\finom.test\bin\debug\finom.test.dll" id="2309ae74-ad63-f2c9-6b73-2e7d86e1ae63">
      <Execution id="28d3b547-4ab6-4e7c-84be-d473ced4b06e" />
      <TestMethod codeBase="E:/TeamCity_Data/Build/Sierra/src/FinOM/FinOM.Test/bin/Debug/FinOM.Test.DLL" adapterTypeName="Microsoft.VisualStudio.TestTools.TestTypes.Unit.UnitTestAdapter, Microsoft.VisualStudio.QualityTools.Tips.UnitTest.Adapter, Version=10.0.0.0, Culture=neutral, PublicKeyToken=b03f5f7f11d50a3a" className="FinOM.Test.TS.Core.MovingUnaryTimeSeriesExprTests, FinOM.Test, Version=1.0.0.0, Culture=neutral, PublicKeyToken=null" name="RatioTest" />
    </UnitTest>
    <UnitTest name="AddCellAndInt" storage="e:\teamcity_data\build\sierra\src\finom\finom.test\bin\debug\finom.test.dll" id="d9e0a4dc-0f6b-e270-d8a1-3dc3fa0094cc">
      <Execution id="bab05681-441a-4796-9e82-d2e276b5c6fe" />
      <TestMethod codeBase="E:/TeamCity_Data/Build/Sierra/src/FinOM/FinOM.Test/bin/Debug/FinOM.Test.DLL" adapterTypeName="Microsoft.VisualStudio.TestTools.TestTypes.Unit.UnitTestAdapter, Microsoft.VisualStudio.QualityTools.Tips.UnitTest.Adapter, Version=10.0.0.0, Culture=neutral, PublicKeyToken=b03f5f7f11d50a3a" className="FinOM.Test.Cells.CellMathTests, FinOM.Test, Version=1.0.0.0, Culture=neutral, PublicKeyToken=null" name="AddCellAndInt" />
    </UnitTest>
    <UnitTest name="TimePointsTest" storage="e:\teamcity_data\build\sierra\src\finom\finom.test\bin\debug\finom.test.dll" id="8c5530f6-8d20-d59d-aa87-3bf4951304c9">
      <Execution id="fb8ec633-d8ab-42e4-bf9c-2149275cdfbb" />
      <TestMethod codeBase="E:/TeamCity_Data/Build/Sierra/src/FinOM/FinOM.Test/bin/Debug/FinOM.Test.DLL" adapterTypeName="Microsoft.VisualStudio.TestTools.TestTypes.Unit.UnitTestAdapter, Microsoft.VisualStudio.QualityTools.Tips.UnitTest.Adapter, Version=10.0.0.0, Culture=neutral, PublicKeyToken=b03f5f7f11d50a3a" className="FinOM.Test.TS.Core.IntradayOfDailyTimelineTests, FinOM.Test, Version=1.0.0.0, Culture=neutral, PublicKeyToken=null" name="TimePointsTest" />
    </UnitTest>
    <UnitTest name="XBondTest" storage="e:\teamcity_data\build\sierra\src\finom\finom.test\bin\debug\finom.test.dll" id="0976d553-e5af-6ca8-1a48-e1c69d98568e">
      <Execution id="53c8668f-de81-4ccd-81d9-9c8d3e1b35c3" />
      <TestMethod codeBase="E:/TeamCity_Data/Build/Sierra/src/FinOM/FinOM.Test/bin/Debug/FinOM.Test.DLL" adapterTypeName="Microsoft.VisualStudio.TestTools.TestTypes.Unit.UnitTestAdapter, Microsoft.VisualStudio.QualityTools.Tips.UnitTest.Adapter, Version=10.0.0.0, Culture=neutral, PublicKeyToken=b03f5f7f11d50a3a" className="FinOM.Analytics.Test.QuantlibXBondTests, FinOM.Test, Version=1.0.0.0, Culture=neutral, PublicKeyToken=null" name="XBondTest" />
    </UnitTest>
    <UnitTest name="SubTimelineSegmentTest" storage="e:\teamcity_data\build\sierra\src\finom\finom.test\bin\debug\finom.test.dll" id="91864df6-8b1e-5867-e926-730d85c90af2">
      <Execution id="92075e1a-e39c-4f1e-8d5d-63194034cd24" />
      <TestMethod codeBase="E:/TeamCity_Data/Build/Sierra/src/FinOM/FinOM.Test/bin/Debug/FinOM.Test.DLL" adapterTypeName="Microsoft.VisualStudio.TestTools.TestTypes.Unit.UnitTestAdapter, Microsoft.VisualStudio.QualityTools.Tips.UnitTest.Adapter, Version=10.0.0.0, Culture=neutral, PublicKeyToken=b03f5f7f11d50a3a" className="FinOM.Test.TS.Core.IntradayOfDailyTimelineTests, FinOM.Test, Version=1.0.0.0, Culture=neutral, PublicKeyToken=null" name="SubTimelineSegmentTest" />
    </UnitTest>
    <UnitTest name="DifferenceTest" storage="e:\teamcity_data\build\sierra\src\finom\finom.test\bin\debug\finom.test.dll" id="e5e4f104-e101-d4fc-720d-61068c3d488c">
      <Execution id="802305ee-6a33-4e47-aca0-f67a6adfcdee" />
      <TestMethod codeBase="E:/TeamCity_Data/Build/Sierra/src/FinOM/FinOM.Test/bin/Debug/FinOM.Test.DLL" adapterTypeName="Microsoft.VisualStudio.TestTools.TestTypes.Unit.UnitTestAdapter, Microsoft.VisualStudio.QualityTools.Tips.UnitTest.Adapter, Version=10.0.0.0, Culture=neutral, PublicKeyToken=b03f5f7f11d50a3a" className="FinOM.Test.TS.Core.SingularExpectedCombinedTimelinesTests, FinOM.Test, Version=1.0.0.0, Culture=neutral, PublicKeyToken=null" name="DifferenceTest" />
    </UnitTest>
    <UnitTest name="EnumeratorTest" storage="e:\teamcity_data\build\sierra\src\finom\finom.test\bin\debug\finom.test.dll" id="5d2bec42-a412-b98d-2264-dbc44879f9a4">
      <Execution id="347826ce-782f-4859-9611-278f28d4e779" />
      <TestMethod codeBase="E:/TeamCity_Data/Build/Sierra/src/FinOM/FinOM.Test/bin/Debug/FinOM.Test.DLL" adapterTypeName="Microsoft.VisualStudio.TestTools.TestTypes.Unit.UnitTestAdapter, Microsoft.VisualStudio.QualityTools.Tips.UnitTest.Adapter, Version=10.0.0.0, Culture=neutral, PublicKeyToken=b03f5f7f11d50a3a" className="FinOM.Test.TS.Core.IntradayOfDailyWithCutTimelineTests, FinOM.Test, Version=1.0.0.0, Culture=neutral, PublicKeyToken=null" name="EnumeratorTest" />
    </UnitTest>
    <UnitTest name="EnumeratorTest" storage="e:\teamcity_data\build\sierra\src\finom\finom.test\bin\debug\finom.test.dll" id="59c01b79-bf69-b84a-7057-a12b2a733494">
      <Execution id="454c0639-e22c-4c21-9da6-9913b2db303a" />
      <TestMethod codeBase="E:/TeamCity_Data/Build/Sierra/src/FinOM/FinOM.Test/bin/Debug/FinOM.Test.DLL" adapterTypeName="Microsoft.VisualStudio.TestTools.TestTypes.Unit.UnitTestAdapter, Microsoft.VisualStudio.QualityTools.Tips.UnitTest.Adapter, Version=10.0.0.0, Culture=neutral, PublicKeyToken=b03f5f7f11d50a3a" className="FinOM.Test.TS.Core.OffsetOfExplicitTimelineTests, FinOM.Test, Version=1.0.0.0, Culture=neutral, PublicKeyToken=null" name="EnumeratorTest" />
    </UnitTest>
    <UnitTest name="QueryByBmidWithIDCorrection" storage="e:\teamcity_data\build\sierra\src\finom\finom.test\bin\debug\finom.test.dll" id="5c7efce3-6e4b-62bd-3159-98f8c997fd4a">
      <Execution id="b3a4bf7f-9928-40c3-addd-18dec716c2c4" />
      <TestMethod codeBase="E:/TeamCity_Data/Build/Sierra/src/FinOM/FinOM.Test/bin/Debug/FinOM.Test.DLL" adapterTypeName="Microsoft.VisualStudio.TestTools.TestTypes.Unit.UnitTestAdapter, Microsoft.VisualStudio.QualityTools.Tips.UnitTest.Adapter, Version=10.0.0.0, Culture=neutral, PublicKeyToken=b03f5f7f11d50a3a" className="FinOM.Analytics.Test.TransactionTests, FinOM.Test, Version=1.0.0.0, Culture=neutral, PublicKeyToken=null" name="QueryByBmidWithIDCorrection" />
    </UnitTest>
    <UnitTest name="ProdTest" storage="e:\teamcity_data\build\sierra\src\finom\finom.test\bin\debug\finom.test.dll" id="2cb1e4e1-a244-ea0d-24b6-d91f61329f60">
      <Execution id="9fd8c6cb-2c40-4113-8ad7-bdecee86ea37" />
      <TestMethod codeBase="E:/TeamCity_Data/Build/Sierra/src/FinOM/FinOM.Test/bin/Debug/FinOM.Test.DLL" adapterTypeName="Microsoft.VisualStudio.TestTools.TestTypes.Unit.UnitTestAdapter, Microsoft.VisualStudio.QualityTools.Tips.UnitTest.Adapter, Version=10.0.0.0, Culture=neutral, PublicKeyToken=b03f5f7f11d50a3a" className="FinOM.Test.TS.Core.MultiPointTimeSeriesExprTests, FinOM.Test, Version=1.0.0.0, Culture=neutral, PublicKeyToken=null" name="ProdTest" />
    </UnitTest>
    <UnitTest name="SlopeTest" storage="e:\teamcity_data\build\sierra\src\finom\finom.test\bin\debug\finom.test.dll" id="dbf2a8d0-5d7c-5fac-93f5-7e26355b1687">
      <Execution id="17b3e05f-a466-4df4-a36d-ba5eb278fb6a" />
      <TestMethod codeBase="E:/TeamCity_Data/Build/Sierra/src/FinOM/FinOM.Test/bin/Debug/FinOM.Test.DLL" adapterTypeName="Microsoft.VisualStudio.TestTools.TestTypes.Unit.UnitTestAdapter, Microsoft.VisualStudio.QualityTools.Tips.UnitTest.Adapter, Version=10.0.0.0, Culture=neutral, PublicKeyToken=b03f5f7f11d50a3a" className="FinOM.Test.TS.Core.RunningMultiTimeSeriesExprTests, FinOM.Test, Version=1.0.0.0, Culture=neutral, PublicKeyToken=null" name="SlopeTest" />
    </UnitTest>
    <UnitTest name="Flat2X3CellTest" storage="e:\teamcity_data\build\sierra\src\finom\finom.test\bin\debug\finom.test.dll" id="aa2bcc13-6b1f-161e-7117-f17efaa76ff8">
      <Execution id="f3c138af-9c87-4f63-a64c-caa22e3311d9" />
      <TestMethod codeBase="E:/TeamCity_Data/Build/Sierra/src/FinOM/FinOM.Test/bin/Debug/FinOM.Test.DLL" adapterTypeName="Microsoft.VisualStudio.TestTools.TestTypes.Unit.UnitTestAdapter, Microsoft.VisualStudio.QualityTools.Tips.UnitTest.Adapter, Version=10.0.0.0, Culture=neutral, PublicKeyToken=b03f5f7f11d50a3a" className="FinOM.Test.Cells.ExhaustiveCellTests, FinOM.Test, Version=1.0.0.0, Culture=neutral, PublicKeyToken=null" name="Flat2X3CellTest" />
    </UnitTest>
    <UnitTest name="GuideOfUnionTest" storage="e:\teamcity_data\build\sierra\src\finom\finom.test\bin\debug\finom.test.dll" id="cdc27e76-02d9-486b-44af-29e8d2a98bdd">
      <Execution id="95446911-7615-42cf-ae35-b0c1bce142fe" />
      <TestMethod codeBase="E:/TeamCity_Data/Build/Sierra/src/FinOM/FinOM.Test/bin/Debug/FinOM.Test.DLL" adapterTypeName="Microsoft.VisualStudio.TestTools.TestTypes.Unit.UnitTestAdapter, Microsoft.VisualStudio.QualityTools.Tips.UnitTest.Adapter, Version=10.0.0.0, Culture=neutral, PublicKeyToken=b03f5f7f11d50a3a" className="FinOM.Test.TS.Core.StepsMixedCombinedTimelinesTests, FinOM.Test, Version=1.0.0.0, Culture=neutral, PublicKeyToken=null" name="GuideOfUnionTest" />
    </UnitTest>
    <UnitTest name="TestB" storage="e:\teamcity_data\build\sierra\src\finom\finom.test\bin\debug\finom.test.dll" id="13700dfc-2e74-1af5-53fb-f1bd783cc574">
      <Execution id="08dad244-bc18-430a-8bf3-a456df650927" />
      <TestMethod codeBase="E:/TeamCity_Data/Build/Sierra/src/FinOM/FinOM.Test/bin/Debug/FinOM.Test.DLL" adapterTypeName="Microsoft.VisualStudio.TestTools.TestTypes.Unit.UnitTestAdapter, Microsoft.VisualStudio.QualityTools.Tips.UnitTest.Adapter, Version=10.0.0.0, Culture=neutral, PublicKeyToken=b03f5f7f11d50a3a" className="FinOM.Test.TS.Core.ConstantTimeSeriesExprTests, FinOM.Test, Version=1.0.0.0, Culture=neutral, PublicKeyToken=null" name="TestB" />
    </UnitTest>
    <UnitTest name="AnnuityTest" storage="e:\teamcity_data\build\sierra\src\finom\finom.test\bin\debug\finom.test.dll" id="7f6d9085-bc41-9825-52e8-99b4a1a2da41">
      <Execution timeOut="100000" id="7b855077-daff-4bb3-8f44-ab6bc85aecfc" />
      <TestMethod codeBase="E:/TeamCity_Data/Build/Sierra/src/FinOM/FinOM.Test/bin/Debug/FinOM.Test.DLL" adapterTypeName="Microsoft.VisualStudio.TestTools.TestTypes.Unit.UnitTestAdapter, Microsoft.VisualStudio.QualityTools.Tips.UnitTest.Adapter, Version=10.0.0.0, Culture=neutral, PublicKeyToken=b03f5f7f11d50a3a" className="FinOM.Test.Credit.CDOTrancheTest, FinOM.Test, Version=1.0.0.0, Culture=neutral, PublicKeyToken=null" name="AnnuityTest" />
    </UnitTest>
    <UnitTest name="HarMeanTest" storage="e:\teamcity_data\build\sierra\src\finom\finom.test\bin\debug\finom.test.dll" id="0147ad77-aba4-9476-1453-57bcb37fc4f7">
      <Execution id="cd432146-9ace-4297-81ff-8d6e009830aa" />
      <TestMethod codeBase="E:/TeamCity_Data/Build/Sierra/src/FinOM/FinOM.Test/bin/Debug/FinOM.Test.DLL" adapterTypeName="Microsoft.VisualStudio.TestTools.TestTypes.Unit.UnitTestAdapter, Microsoft.VisualStudio.QualityTools.Tips.UnitTest.Adapter, Version=10.0.0.0, Culture=neutral, PublicKeyToken=b03f5f7f11d50a3a" className="FinOM.Test.TS.Core.ScalarUnaryTimeSeriesExprTests, FinOM.Test, Version=1.0.0.0, Culture=neutral, PublicKeyToken=null" name="HarMeanTest" />
    </UnitTest>
    <UnitTest name="EnumeratorTest" storage="e:\teamcity_data\build\sierra\src\finom\finom.test\bin\debug\finom.test.dll" id="c7cbed97-f561-b293-22e0-0f75739c0607">
      <Execution id="ca69b695-462e-4b95-ad63-783e95ddc950" />
      <TestMethod codeBase="E:/TeamCity_Data/Build/Sierra/src/FinOM/FinOM.Test/bin/Debug/FinOM.Test.DLL" adapterTypeName="Microsoft.VisualStudio.TestTools.TestTypes.Unit.UnitTestAdapter, Microsoft.VisualStudio.QualityTools.Tips.UnitTest.Adapter, Version=10.0.0.0, Culture=neutral, PublicKeyToken=b03f5f7f11d50a3a" className="FinOM.Test.TS.Core.IntradayOfWorkdayTimelineTests, FinOM.Test, Version=1.0.0.0, Culture=neutral, PublicKeyToken=null" name="EnumeratorTest" />
    </UnitTest>
    <UnitTest name="MappedGridNoOpTest" storage="e:\teamcity_data\build\sierra\src\finom\finom.test\bin\debug\finom.test.dll" id="46e8bd76-d518-80f4-4c3d-696e347298e7">
      <Execution id="53288b2e-8e86-4ab1-bb21-38a98dbb37c5" />
      <TestMethod codeBase="E:/TeamCity_Data/Build/Sierra/src/FinOM/FinOM.Test/bin/Debug/FinOM.Test.DLL" adapterTypeName="Microsoft.VisualStudio.TestTools.TestTypes.Unit.UnitTestAdapter, Microsoft.VisualStudio.QualityTools.Tips.UnitTest.Adapter, Version=10.0.0.0, Culture=neutral, PublicKeyToken=b03f5f7f11d50a3a" className="FinOM.Test.FinanceScenarios.MappedLossGridTest, FinOM.Test, Version=1.0.0.0, Culture=neutral, PublicKeyToken=null" name="MappedGridNoOpTest" />
    </UnitTest>
    <UnitTest name="NestedScenarioTest2" storage="e:\teamcity_data\build\sierra\src\finom\finom.test\bin\debug\finom.test.dll" id="b371b837-07f7-4e0d-5fad-21889ca02bc3">
      <Execution id="fbb4a280-c9ff-4b4d-972b-cd456d39c16e" />
      <TestMethod codeBase="E:/TeamCity_Data/Build/Sierra/src/FinOM/FinOM.Test/bin/Debug/FinOM.Test.DLL" adapterTypeName="Microsoft.VisualStudio.TestTools.TestTypes.Unit.UnitTestAdapter, Microsoft.VisualStudio.QualityTools.Tips.UnitTest.Adapter, Version=10.0.0.0, Culture=neutral, PublicKeyToken=b03f5f7f11d50a3a" className="FinOM.Test.Cells.CellTest, FinOM.Test, Version=1.0.0.0, Culture=neutral, PublicKeyToken=null" name="NestedScenarioTest2" />
    </UnitTest>
    <UnitTest name="DivFloorIntegralTest" storage="e:\teamcity_data\build\sierra\src\finom\finom.test\bin\debug\finom.test.dll" id="6fcabe40-613e-0ab2-aabd-f9119fd50217">
      <Execution id="fd750a24-0f85-48d0-b43b-85410d786a5a" />
      <TestMethod codeBase="E:/TeamCity_Data/Build/Sierra/src/FinOM/FinOM.Test/bin/Debug/FinOM.Test.DLL" adapterTypeName="Microsoft.VisualStudio.TestTools.TestTypes.Unit.UnitTestAdapter, Microsoft.VisualStudio.QualityTools.Tips.UnitTest.Adapter, Version=10.0.0.0, Culture=neutral, PublicKeyToken=b03f5f7f11d50a3a" className="FinOM.Test.TS.Util.TimeTests, FinOM.Test, Version=1.0.0.0, Culture=neutral, PublicKeyToken=null" name="DivFloorIntegralTest" />
    </UnitTest>
    <UnitTest name="EndTimeTest" storage="e:\teamcity_data\build\sierra\src\finom\finom.test\bin\debug\finom.test.dll" id="4b05b2c7-60d8-91f3-c89c-f2d8b797dd87">
      <Execution id="10094bf2-cb4f-4be8-a268-a971c11f7dc1" />
      <TestMethod codeBase="E:/TeamCity_Data/Build/Sierra/src/FinOM/FinOM.Test/bin/Debug/FinOM.Test.DLL" adapterTypeName="Microsoft.VisualStudio.TestTools.TestTypes.Unit.UnitTestAdapter, Microsoft.VisualStudio.QualityTools.Tips.UnitTest.Adapter, Version=10.0.0.0, Culture=neutral, PublicKeyToken=b03f5f7f11d50a3a" className="FinOM.Test.TS.Core.IntradayOfDailyTimelineTests, FinOM.Test, Version=1.0.0.0, Culture=neutral, PublicKeyToken=null" name="EndTimeTest" />
    </UnitTest>
    <UnitTest name="IndexerOutOfBoundsTest" storage="e:\teamcity_data\build\sierra\src\finom\finom.test\bin\debug\finom.test.dll" id="5a65fcf0-9225-de21-acfe-e0227cb27f7d">
      <Execution id="14ee6fe2-6c4c-4946-8892-fe651ed6d9de" />
      <TestMethod codeBase="E:/TeamCity_Data/Build/Sierra/src/FinOM/FinOM.Test/bin/Debug/FinOM.Test.DLL" adapterTypeName="Microsoft.VisualStudio.TestTools.TestTypes.Unit.UnitTestAdapter, Microsoft.VisualStudio.QualityTools.Tips.UnitTest.Adapter, Version=10.0.0.0, Culture=neutral, PublicKeyToken=b03f5f7f11d50a3a" className="FinOM.Test.TS.Core.OffsetOfRecurringTimelineTests, FinOM.Test, Version=1.0.0.0, Culture=neutral, PublicKeyToken=null" name="IndexerOutOfBoundsTest" />
    </UnitTest>
    <UnitTest name="CDSSpreadMonotonicityTest" storage="e:\teamcity_data\build\sierra\src\finom\finom.test\bin\debug\finom.test.dll" id="2875f27c-f80d-869b-9321-24d19460fd10">
      <Execution id="cfebe6b3-b9f8-4af4-a9ef-3ad83385f965" />
      <TestMethod codeBase="E:/TeamCity_Data/Build/Sierra/src/FinOM/FinOM.Test/bin/Debug/FinOM.Test.DLL" adapterTypeName="Microsoft.VisualStudio.TestTools.TestTypes.Unit.UnitTestAdapter, Microsoft.VisualStudio.QualityTools.Tips.UnitTest.Adapter, Version=10.0.0.0, Culture=neutral, PublicKeyToken=b03f5f7f11d50a3a" className="FinOM.Test.Credit.BondTest, FinOM.Test, Version=1.0.0.0, Culture=neutral, PublicKeyToken=null" name="CDSSpreadMonotonicityTest" />
    </UnitTest>
    <UnitTest name="NegativeIndexTest2" storage="e:\teamcity_data\build\sierra\src\finom\finom.test\bin\debug\finom.test.dll" id="56065fc4-7922-4b0b-e170-589ff4c5c26b">
      <Execution id="10dada56-d856-4b33-88b1-a6e36e7dfa99" />
      <TestMethod codeBase="E:/TeamCity_Data/Build/Sierra/src/FinOM/FinOM.Test/bin/Debug/FinOM.Test.DLL" adapterTypeName="Microsoft.VisualStudio.TestTools.TestTypes.Unit.UnitTestAdapter, Microsoft.VisualStudio.QualityTools.Tips.UnitTest.Adapter, Version=10.0.0.0, Culture=neutral, PublicKeyToken=b03f5f7f11d50a3a" className="FinOM.Test.TS.Core.SubsetAndIndexTests, FinOM.Test, Version=1.0.0.0, Culture=neutral, PublicKeyToken=null" name="NegativeIndexTest2" />
    </UnitTest>
    <UnitTest name="RecoveryMonotinicityTest" storage="e:\teamcity_data\build\sierra\src\finom\finom.test\bin\debug\finom.test.dll" id="b154c643-aa86-2736-da96-e06d07bf35a8">
      <Execution id="6540e501-9d52-437e-b777-c17b7dc71814" />
      <TestMethod codeBase="E:/TeamCity_Data/Build/Sierra/src/FinOM/FinOM.Test/bin/Debug/FinOM.Test.DLL" adapterTypeName="Microsoft.VisualStudio.TestTools.TestTypes.Unit.UnitTestAdapter, Microsoft.VisualStudio.QualityTools.Tips.UnitTest.Adapter, Version=10.0.0.0, Culture=neutral, PublicKeyToken=b03f5f7f11d50a3a" className="FinOM.Test.Credit.CDSTest, FinOM.Test, Version=1.0.0.0, Culture=neutral, PublicKeyToken=null" name="RecoveryMonotinicityTest" />
    </UnitTest>
    <UnitTest name="TimeIndexFloorTest" storage="e:\teamcity_data\build\sierra\src\finom\finom.test\bin\debug\finom.test.dll" id="1165a6bf-94f8-a5da-22cc-a7c0a82f1845">
      <Execution id="add279a9-9c94-4b31-a0cb-ad0ef04c3a82" />
      <TestMethod codeBase="E:/TeamCity_Data/Build/Sierra/src/FinOM/FinOM.Test/bin/Debug/FinOM.Test.DLL" adapterTypeName="Microsoft.VisualStudio.TestTools.TestTypes.Unit.UnitTestAdapter, Microsoft.VisualStudio.QualityTools.Tips.UnitTest.Adapter, Version=10.0.0.0, Culture=neutral, PublicKeyToken=b03f5f7f11d50a3a" className="FinOM.Test.TS.Core.IntradayOfWorkdayTimelineTests, FinOM.Test, Version=1.0.0.0, Culture=neutral, PublicKeyToken=null" name="TimeIndexFloorTest" />
    </UnitTest>
    <UnitTest name="MultipleDefaultIntrinsicTest" storage="e:\teamcity_data\build\sierra\src\finom\finom.test\bin\debug\finom.test.dll" id="809b03ed-07d0-be4b-de5b-95e00cd466fd">
      <Execution id="06c22fdd-35dc-4a73-a53e-e4b5906c61c5" />
      <TestMethod codeBase="E:/TeamCity_Data/Build/Sierra/src/FinOM/FinOM.Test/bin/Debug/FinOM.Test.DLL" adapterTypeName="Microsoft.VisualStudio.TestTools.TestTypes.Unit.UnitTestAdapter, Microsoft.VisualStudio.QualityTools.Tips.UnitTest.Adapter, Version=10.0.0.0, Culture=neutral, PublicKeyToken=b03f5f7f11d50a3a" className="FinOM.Test.Credit.CDITest, FinOM.Test, Version=1.0.0.0, Culture=neutral, PublicKeyToken=null" name="MultipleDefaultIntrinsicTest" />
    </UnitTest>
    <UnitTest name="AddViaCellsLong" storage="e:\teamcity_data\build\sierra\src\finom\finom.test\bin\debug\finom.test.dll" id="298a6e10-988b-95b8-0469-b3a2d0e5b0a3">
      <Execution id="1b58a1ce-8ebd-4a6b-9087-418acfffc09e" />
      <TestMethod codeBase="E:/TeamCity_Data/Build/Sierra/src/FinOM/FinOM.Test/bin/Debug/FinOM.Test.DLL" adapterTypeName="Microsoft.VisualStudio.TestTools.TestTypes.Unit.UnitTestAdapter, Microsoft.VisualStudio.QualityTools.Tips.UnitTest.Adapter, Version=10.0.0.0, Culture=neutral, PublicKeyToken=b03f5f7f11d50a3a" className="FinOM.Test.Cells.CellMathTests, FinOM.Test, Version=1.0.0.0, Culture=neutral, PublicKeyToken=null" name="AddViaCellsLong" />
    </UnitTest>
    <UnitTest name="TimeIndexCeilingTest" storage="e:\teamcity_data\build\sierra\src\finom\finom.test\bin\debug\finom.test.dll" id="d042fe29-7eba-5494-bf43-c2c5e3ba7935">
      <Execution id="2c7abc08-45ec-4de2-b643-2dfe554be827" />
      <TestMethod codeBase="E:/TeamCity_Data/Build/Sierra/src/FinOM/FinOM.Test/bin/Debug/FinOM.Test.DLL" adapterTypeName="Microsoft.VisualStudio.TestTools.TestTypes.Unit.UnitTestAdapter, Microsoft.VisualStudio.QualityTools.Tips.UnitTest.Adapter, Version=10.0.0.0, Culture=neutral, PublicKeyToken=b03f5f7f11d50a3a" className="FinOM.Test.TS.Core.OffsetOfExplicitTimelineTests, FinOM.Test, Version=1.0.0.0, Culture=neutral, PublicKeyToken=null" name="TimeIndexCeilingTest" />
    </UnitTest>
    <UnitTest name="IndexOfTest" storage="e:\teamcity_data\build\sierra\src\finom\finom.test\bin\debug\finom.test.dll" id="71cee95d-8dc7-8076-7414-5a61b02f4e03">
      <Execution id="72131979-b3cd-42a4-88d3-b7a580660e9c" />
      <TestMethod codeBase="E:/TeamCity_Data/Build/Sierra/src/FinOM/FinOM.Test/bin/Debug/FinOM.Test.DLL" adapterTypeName="Microsoft.VisualStudio.TestTools.TestTypes.Unit.UnitTestAdapter, Microsoft.VisualStudio.QualityTools.Tips.UnitTest.Adapter, Version=10.0.0.0, Culture=neutral, PublicKeyToken=b03f5f7f11d50a3a" className="FinOM.Test.TS.Core.SegmentOfExplicitTimelineTests, FinOM.Test, Version=1.0.0.0, Culture=neutral, PublicKeyToken=null" name="IndexOfTest" />
    </UnitTest>
    <UnitTest name="BestDealerBid" storage="e:\teamcity_data\build\sierra\src\finom\finom.test\bin\debug\finom.test.dll" id="cb1b0eb6-4964-9c4a-33d4-aa030193495c">
      <Execution timeOut="100000" id="336305a7-a7b1-4702-9af5-ccd095fbce96" />
      <TestMethod codeBase="E:/TeamCity_Data/Build/Sierra/src/FinOM/FinOM.Test/bin/Debug/FinOM.Test.DLL" adapterTypeName="Microsoft.VisualStudio.TestTools.TestTypes.Unit.UnitTestAdapter, Microsoft.VisualStudio.QualityTools.Tips.UnitTest.Adapter, Version=10.0.0.0, Culture=neutral, PublicKeyToken=b03f5f7f11d50a3a" className="FinOM.Test.Credit.CDOTrancheTest, FinOM.Test, Version=1.0.0.0, Culture=neutral, PublicKeyToken=null" name="BestDealerBid" />
    </UnitTest>
    <UnitTest name="IndexOfTest" storage="e:\teamcity_data\build\sierra\src\finom\finom.test\bin\debug\finom.test.dll" id="e759a6aa-6671-cad8-a5f2-64df5712b9f7">
      <Execution id="512eba0e-6a26-48e7-b9d1-6a57a834c4f8" />
      <TestMethod codeBase="E:/TeamCity_Data/Build/Sierra/src/FinOM/FinOM.Test/bin/Debug/FinOM.Test.DLL" adapterTypeName="Microsoft.VisualStudio.TestTools.TestTypes.Unit.UnitTestAdapter, Microsoft.VisualStudio.QualityTools.Tips.UnitTest.Adapter, Version=10.0.0.0, Culture=neutral, PublicKeyToken=b03f5f7f11d50a3a" className="FinOM.Test.TS.Core.OffsetOfRecurringTimelineTests, FinOM.Test, Version=1.0.0.0, Culture=neutral, PublicKeyToken=null" name="IndexOfTest" />
    </UnitTest>
    <UnitTest name="EnumeratorTest" storage="e:\teamcity_data\build\sierra\src\finom\finom.test\bin\debug\finom.test.dll" id="563e20ee-1cca-b394-3016-70444b42725a">
      <Execution id="da4f9d39-38a0-4108-b614-966222486643" />
      <TestMethod codeBase="E:/TeamCity_Data/Build/Sierra/src/FinOM/FinOM.Test/bin/Debug/FinOM.Test.DLL" adapterTypeName="Microsoft.VisualStudio.TestTools.TestTypes.Unit.UnitTestAdapter, Microsoft.VisualStudio.QualityTools.Tips.UnitTest.Adapter, Version=10.0.0.0, Culture=neutral, PublicKeyToken=b03f5f7f11d50a3a" className="FinOM.Test.TS.Core.RecurringTimelineTests, FinOM.Test, Version=1.0.0.0, Culture=neutral, PublicKeyToken=null" name="EnumeratorTest" />
    </UnitTest>
    <UnitTest name="CountTest" storage="e:\teamcity_data\build\sierra\src\finom\finom.test\bin\debug\finom.test.dll" id="cd734030-50f4-8516-8552-ebce9f7a5c1b">
      <Execution id="1167ce39-c37b-4633-98d6-52bc1632419a" />
      <TestMethod codeBase="E:/TeamCity_Data/Build/Sierra/src/FinOM/FinOM.Test/bin/Debug/FinOM.Test.DLL" adapterTypeName="Microsoft.VisualStudio.TestTools.TestTypes.Unit.UnitTestAdapter, Microsoft.VisualStudio.QualityTools.Tips.UnitTest.Adapter, Version=10.0.0.0, Culture=neutral, PublicKeyToken=b03f5f7f11d50a3a" className="FinOM.Test.TS.Core.IndirectOfExplicitTimelineTests, FinOM.Test, Version=1.0.0.0, Culture=neutral, PublicKeyToken=null" name="CountTest" />
    </UnitTest>
    <UnitTest name="TimesToExcelTest" storage="e:\teamcity_data\build\sierra\src\finom\finom.test\bin\debug\finom.test.dll" id="dde566d5-7fbf-e0c5-422e-e7e1ba4ede84">
      <Execution id="98f12142-3c28-4896-9c3c-bbad637d827c" />
      <TestMethod codeBase="E:/TeamCity_Data/Build/Sierra/src/FinOM/FinOM.Test/bin/Debug/FinOM.Test.DLL" adapterTypeName="Microsoft.VisualStudio.TestTools.TestTypes.Unit.UnitTestAdapter, Microsoft.VisualStudio.QualityTools.Tips.UnitTest.Adapter, Version=10.0.0.0, Culture=neutral, PublicKeyToken=b03f5f7f11d50a3a" className="FinOM.Test.TS.Util.TimeTests, FinOM.Test, Version=1.0.0.0, Culture=neutral, PublicKeyToken=null" name="TimesToExcelTest" />
    </UnitTest>
    <UnitTest name="NonUniformCompositeRecurrenceMixedOriginsIndexToTimeTest" storage="e:\teamcity_data\build\sierra\src\finom\finom.test\bin\debug\finom.test.dll" id="ed533506-8860-80fd-81c4-2353a396d330">
      <Execution id="44362733-c258-443d-833d-9d0bd028c90a" />
      <TestMethod codeBase="E:/TeamCity_Data/Build/Sierra/src/FinOM/FinOM.Test/bin/Debug/FinOM.Test.DLL" adapterTypeName="Microsoft.VisualStudio.TestTools.TestTypes.Unit.UnitTestAdapter, Microsoft.VisualStudio.QualityTools.Tips.UnitTest.Adapter, Version=10.0.0.0, Culture=neutral, PublicKeyToken=b03f5f7f11d50a3a" className="FinOM.Test.TS.Core.WorkdayPartialCompositeRecurrenceTests, FinOM.Test, Version=1.0.0.0, Culture=neutral, PublicKeyToken=null" name="NonUniformCompositeRecurrenceMixedOriginsIndexToTimeTest" />
    </UnitTest>
    <UnitTest name="IndexerTest" storage="e:\teamcity_data\build\sierra\src\finom\finom.test\bin\debug\finom.test.dll" id="045b2c13-82cc-45b7-87d2-e61e15c4e297">
      <Execution id="5675b598-a47e-458f-a45a-bdd541886bc0" />
      <TestMethod codeBase="E:/TeamCity_Data/Build/Sierra/src/FinOM/FinOM.Test/bin/Debug/FinOM.Test.DLL" adapterTypeName="Microsoft.VisualStudio.TestTools.TestTypes.Unit.UnitTestAdapter, Microsoft.VisualStudio.QualityTools.Tips.UnitTest.Adapter, Version=10.0.0.0, Culture=neutral, PublicKeyToken=b03f5f7f11d50a3a" className="FinOM.Test.TS.Core.IndirectOfExplicitTimelineTests, FinOM.Test, Version=1.0.0.0, Culture=neutral, PublicKeyToken=null" name="IndexerTest" />
    </UnitTest>
    <UnitTest name="FrameCellAsk" storage="e:\teamcity_data\build\sierra\src\finom\finom.test\bin\debug\finom.test.dll" id="e1f2f8d5-9e2f-26df-5bf1-535d316133a1">
      <Execution id="12184d55-706c-464f-a85b-91c5acccb0d9" />
      <TestMethod codeBase="E:/TeamCity_Data/Build/Sierra/src/FinOM/FinOM.Test/bin/Debug/FinOM.Test.DLL" adapterTypeName="Microsoft.VisualStudio.TestTools.TestTypes.Unit.UnitTestAdapter, Microsoft.VisualStudio.QualityTools.Tips.UnitTest.Adapter, Version=10.0.0.0, Culture=neutral, PublicKeyToken=b03f5f7f11d50a3a" className="FinOM.Core.Test.FrameTest, FinOM.Test, Version=1.0.0.0, Culture=neutral, PublicKeyToken=null" name="FrameCellAsk" />
    </UnitTest>
    <UnitTest name="SymDiffOfSymDiffTest" storage="e:\teamcity_data\build\sierra\src\finom\finom.test\bin\debug\finom.test.dll" id="1b5f9f3e-18b2-bb29-64fb-e2a66c789d9c">
      <Execution id="276c2f2c-236c-4ad9-9cc7-7f23ed53fd27" />
      <TestMethod codeBase="E:/TeamCity_Data/Build/Sierra/src/FinOM/FinOM.Test/bin/Debug/FinOM.Test.DLL" adapterTypeName="Microsoft.VisualStudio.TestTools.TestTypes.Unit.UnitTestAdapter, Microsoft.VisualStudio.QualityTools.Tips.UnitTest.Adapter, Version=10.0.0.0, Culture=neutral, PublicKeyToken=b03f5f7f11d50a3a" className="FinOM.Test.TS.Core.RandomMixedCombinedTimelinesTests, FinOM.Test, Version=1.0.0.0, Culture=neutral, PublicKeyToken=null" name="SymDiffOfSymDiffTest" />
    </UnitTest>
    <UnitTest name="ShortEndSpreadCalcExtrapolateTest2" storage="e:\teamcity_data\build\sierra\src\finom\finom.test\bin\debug\finom.test.dll" id="6acb1dbb-1c51-25cf-8cf1-8d05e124e3d7">
      <Execution id="6dcccbcf-6b54-41cb-b668-39a29aa87038" />
      <TestMethod codeBase="E:/TeamCity_Data/Build/Sierra/src/FinOM/FinOM.Test/bin/Debug/FinOM.Test.DLL" adapterTypeName="Microsoft.VisualStudio.TestTools.TestTypes.Unit.UnitTestAdapter, Microsoft.VisualStudio.QualityTools.Tips.UnitTest.Adapter, Version=10.0.0.0, Culture=neutral, PublicKeyToken=b03f5f7f11d50a3a" className="FinOM.Test.FinanceScenarios.CreditCurve.SpreadFillerTest, FinOM.Test, Version=1.0.0.0, Culture=neutral, PublicKeyToken=null" name="ShortEndSpreadCalcExtrapolateTest2" />
    </UnitTest>
    <UnitTest name="SpreadMonotinicityTest" storage="e:\teamcity_data\build\sierra\src\finom\finom.test\bin\debug\finom.test.dll" id="72516d63-e77a-9a04-1835-3af28cab8909">
      <Execution id="2f6dcdad-c739-4031-8cdb-781987efd3d1" />
      <TestMethod codeBase="E:/TeamCity_Data/Build/Sierra/src/FinOM/FinOM.Test/bin/Debug/FinOM.Test.DLL" adapterTypeName="Microsoft.VisualStudio.TestTools.TestTypes.Unit.UnitTestAdapter, Microsoft.VisualStudio.QualityTools.Tips.UnitTest.Adapter, Version=10.0.0.0, Culture=neutral, PublicKeyToken=b03f5f7f11d50a3a" className="FinOM.Test.Credit.CDSTest, FinOM.Test, Version=1.0.0.0, Culture=neutral, PublicKeyToken=null" name="SpreadMonotinicityTest" />
    </UnitTest>
    <UnitTest name="AddCellDates" storage="e:\teamcity_data\build\sierra\src\finom\finom.test\bin\debug\finom.test.dll" id="36a94826-3d8d-e7af-09c8-834069a5340a">
      <Execution id="3d92e4d0-0f54-445b-b878-cb8f056fe6a5" />
      <TestMethod codeBase="E:/TeamCity_Data/Build/Sierra/src/FinOM/FinOM.Test/bin/Debug/FinOM.Test.DLL" adapterTypeName="Microsoft.VisualStudio.TestTools.TestTypes.Unit.UnitTestAdapter, Microsoft.VisualStudio.QualityTools.Tips.UnitTest.Adapter, Version=10.0.0.0, Culture=neutral, PublicKeyToken=b03f5f7f11d50a3a" className="FinOM.Test.Cells.CellMathTests, FinOM.Test, Version=1.0.0.0, Culture=neutral, PublicKeyToken=null" name="AddCellDates" />
    </UnitTest>
    <UnitTest name="IndexOfTest" storage="e:\teamcity_data\build\sierra\src\finom\finom.test\bin\debug\finom.test.dll" id="4345d5b5-d50f-2d4f-45de-b55e659f574a">
      <Execution id="e0ecb606-799e-4eae-b333-d8b53f460893" />
      <TestMethod codeBase="E:/TeamCity_Data/Build/Sierra/src/FinOM/FinOM.Test/bin/Debug/FinOM.Test.DLL" adapterTypeName="Microsoft.VisualStudio.TestTools.TestTypes.Unit.UnitTestAdapter, Microsoft.VisualStudio.QualityTools.Tips.UnitTest.Adapter, Version=10.0.0.0, Culture=neutral, PublicKeyToken=b03f5f7f11d50a3a" className="FinOM.Test.TS.Core.IntradayOfDailyTimelineTests, FinOM.Test, Version=1.0.0.0, Culture=neutral, PublicKeyToken=null" name="IndexOfTest" />
    </UnitTest>
    <UnitTest name="EndTimeTest" storage="e:\teamcity_data\build\sierra\src\finom\finom.test\bin\debug\finom.test.dll" id="04c1af93-2bbb-9ea6-e6fa-ef8133f2dbbb">
      <Execution id="f855fa8b-c519-4c31-891f-6d3b11b28dfd" />
      <TestMethod codeBase="E:/TeamCity_Data/Build/Sierra/src/FinOM/FinOM.Test/bin/Debug/FinOM.Test.DLL" adapterTypeName="Microsoft.VisualStudio.TestTools.TestTypes.Unit.UnitTestAdapter, Microsoft.VisualStudio.QualityTools.Tips.UnitTest.Adapter, Version=10.0.0.0, Culture=neutral, PublicKeyToken=b03f5f7f11d50a3a" className="FinOM.Test.TS.Core.IndirectOfRecurringTimelineTests, FinOM.Test, Version=1.0.0.0, Culture=neutral, PublicKeyToken=null" name="EndTimeTest" />
    </UnitTest>
    <UnitTest name="AnonCellChangeBTop" storage="e:\teamcity_data\build\sierra\src\finom\finom.test\bin\debug\finom.test.dll" id="5bb87b65-8780-f47c-a7d1-ddf2bb24e636">
      <Execution id="52e70610-69c5-4688-9c6f-48a52076fbb9" />
      <TestMethod codeBase="E:/TeamCity_Data/Build/Sierra/src/FinOM/FinOM.Test/bin/Debug/FinOM.Test.DLL" adapterTypeName="Microsoft.VisualStudio.TestTools.TestTypes.Unit.UnitTestAdapter, Microsoft.VisualStudio.QualityTools.Tips.UnitTest.Adapter, Version=10.0.0.0, Culture=neutral, PublicKeyToken=b03f5f7f11d50a3a" className="FinOM.Test.Cells.AnonymousCellTests, FinOM.Test, Version=1.0.0.0, Culture=neutral, PublicKeyToken=null" name="AnonCellChangeBTop" />
    </UnitTest>
    <UnitTest name="CompositeRecurrenceNegativeCreationTest5" storage="e:\teamcity_data\build\sierra\src\finom\finom.test\bin\debug\finom.test.dll" id="72b7e143-e50f-d386-099b-b4d370bd52b1">
      <Execution id="2d671fcc-af9d-416b-994d-9d427eaaf0e8" />
      <TestMethod codeBase="E:/TeamCity_Data/Build/Sierra/src/FinOM/FinOM.Test/bin/Debug/FinOM.Test.DLL" adapterTypeName="Microsoft.VisualStudio.TestTools.TestTypes.Unit.UnitTestAdapter, Microsoft.VisualStudio.QualityTools.Tips.UnitTest.Adapter, Version=10.0.0.0, Culture=neutral, PublicKeyToken=b03f5f7f11d50a3a" className="FinOM.Test.TS.Core.WorkdayPartialCompositeRecurrenceTests, FinOM.Test, Version=1.0.0.0, Culture=neutral, PublicKeyToken=null" name="CompositeRecurrenceNegativeCreationTest5" />
    </UnitTest>
    <UnitTest name="SubTimelineIndirectTest" storage="e:\teamcity_data\build\sierra\src\finom\finom.test\bin\debug\finom.test.dll" id="f30becff-9457-cb9d-7de5-4c70b3dca13a">
      <Execution id="24d2aa24-9de6-45f4-8112-3ff26f413128" />
      <TestMethod codeBase="E:/TeamCity_Data/Build/Sierra/src/FinOM/FinOM.Test/bin/Debug/FinOM.Test.DLL" adapterTypeName="Microsoft.VisualStudio.TestTools.TestTypes.Unit.UnitTestAdapter, Microsoft.VisualStudio.QualityTools.Tips.UnitTest.Adapter, Version=10.0.0.0, Culture=neutral, PublicKeyToken=b03f5f7f11d50a3a" className="FinOM.Test.TS.Core.IntradayOfDailyTimelineTests, FinOM.Test, Version=1.0.0.0, Culture=neutral, PublicKeyToken=null" name="SubTimelineIndirectTest" />
    </UnitTest>
    <UnitTest name="AnonCellBasic2c" storage="e:\teamcity_data\build\sierra\src\finom\finom.test\bin\debug\finom.test.dll" id="67704338-e04d-4354-6de9-689fbd04d6d8">
      <Execution id="bc0d81a1-55d1-402f-8cf6-5f6f935d8f96" />
      <TestMethod codeBase="E:/TeamCity_Data/Build/Sierra/src/FinOM/FinOM.Test/bin/Debug/FinOM.Test.DLL" adapterTypeName="Microsoft.VisualStudio.TestTools.TestTypes.Unit.UnitTestAdapter, Microsoft.VisualStudio.QualityTools.Tips.UnitTest.Adapter, Version=10.0.0.0, Culture=neutral, PublicKeyToken=b03f5f7f11d50a3a" className="FinOM.Test.Cells.AnonymousCellTests, FinOM.Test, Version=1.0.0.0, Culture=neutral, PublicKeyToken=null" name="AnonCellBasic2c" />
    </UnitTest>
    <UnitTest name="MonthTest" storage="e:\teamcity_data\build\sierra\src\finom\finom.test\bin\debug\finom.test.dll" id="c90f9712-5471-2387-cd65-03280b65b0e6">
      <Execution id="0240aca2-ab1d-485a-9176-9ee703ee0f9d" />
      <TestMethod codeBase="E:/TeamCity_Data/Build/Sierra/src/FinOM/FinOM.Test/bin/Debug/FinOM.Test.DLL" adapterTypeName="Microsoft.VisualStudio.TestTools.TestTypes.Unit.UnitTestAdapter, Microsoft.VisualStudio.QualityTools.Tips.UnitTest.Adapter, Version=10.0.0.0, Culture=neutral, PublicKeyToken=b03f5f7f11d50a3a" className="FinOM.Test.TS.Core.DateTimeTimeSeriesExprTests, FinOM.Test, Version=1.0.0.0, Culture=neutral, PublicKeyToken=null" name="MonthTest" />
    </UnitTest>
    <UnitTest name="DereferencingTest" storage="e:\teamcity_data\build\sierra\src\finom\finom.test\bin\debug\finom.test.dll" id="31f6b531-2b6d-72f8-4ef9-c9e963fa80f8">
      <Execution id="8b94bad8-7187-45e9-b895-45568f5c2cd4" />
      <TestMethod codeBase="E:/TeamCity_Data/Build/Sierra/src/FinOM/FinOM.Test/bin/Debug/FinOM.Test.DLL" adapterTypeName="Microsoft.VisualStudio.TestTools.TestTypes.Unit.UnitTestAdapter, Microsoft.VisualStudio.QualityTools.Tips.UnitTest.Adapter, Version=10.0.0.0, Culture=neutral, PublicKeyToken=b03f5f7f11d50a3a" className="FinOM.Test.Cells.CellTest, FinOM.Test, Version=1.0.0.0, Culture=neutral, PublicKeyToken=null" name="DereferencingTest" />
    </UnitTest>
    <UnitTest name="NegativeSubsetTest" storage="e:\teamcity_data\build\sierra\src\finom\finom.test\bin\debug\finom.test.dll" id="e4582780-c92b-1e15-2d5f-57040376837f">
      <Execution id="c602425d-d947-47a9-8ca4-616c8def7995" />
      <TestMethod codeBase="E:/TeamCity_Data/Build/Sierra/src/FinOM/FinOM.Test/bin/Debug/FinOM.Test.DLL" adapterTypeName="Microsoft.VisualStudio.TestTools.TestTypes.Unit.UnitTestAdapter, Microsoft.VisualStudio.QualityTools.Tips.UnitTest.Adapter, Version=10.0.0.0, Culture=neutral, PublicKeyToken=b03f5f7f11d50a3a" className="FinOM.Test.TS.Core.SubsetAndIndexTests, FinOM.Test, Version=1.0.0.0, Culture=neutral, PublicKeyToken=null" name="NegativeSubsetTest" />
    </UnitTest>
    <UnitTest name="StartTimeTest" storage="e:\teamcity_data\build\sierra\src\finom\finom.test\bin\debug\finom.test.dll" id="17e1682d-8272-8359-cb51-f1a20d44b0a7">
      <Execution id="85fa897b-9cff-4535-aadf-264a9c8b50fb" />
      <TestMethod codeBase="E:/TeamCity_Data/Build/Sierra/src/FinOM/FinOM.Test/bin/Debug/FinOM.Test.DLL" adapterTypeName="Microsoft.VisualStudio.TestTools.TestTypes.Unit.UnitTestAdapter, Microsoft.VisualStudio.QualityTools.Tips.UnitTest.Adapter, Version=10.0.0.0, Culture=neutral, PublicKeyToken=b03f5f7f11d50a3a" className="FinOM.Test.TS.Core.SegmentOfExplicitTimelineTests, FinOM.Test, Version=1.0.0.0, Culture=neutral, PublicKeyToken=null" name="StartTimeTest" />
    </UnitTest>
    <UnitTest name="IndexOfTest" storage="e:\teamcity_data\build\sierra\src\finom\finom.test\bin\debug\finom.test.dll" id="310cf6c9-b053-70d3-bdcf-5e6de9360ddf">
      <Execution id="a29ee784-227b-4a33-a2ca-a868be65a303" />
      <TestMethod codeBase="E:/TeamCity_Data/Build/Sierra/src/FinOM/FinOM.Test/bin/Debug/FinOM.Test.DLL" adapterTypeName="Microsoft.VisualStudio.TestTools.TestTypes.Unit.UnitTestAdapter, Microsoft.VisualStudio.QualityTools.Tips.UnitTest.Adapter, Version=10.0.0.0, Culture=neutral, PublicKeyToken=b03f5f7f11d50a3a" className="FinOM.Test.TS.Core.IndirectOfRecurringTimelineTests, FinOM.Test, Version=1.0.0.0, Culture=neutral, PublicKeyToken=null" name="IndexOfTest" />
    </UnitTest>
    <UnitTest name="ExecuteCreditCurveTest" storage="e:\teamcity_data\build\sierra\src\finom\finom.test\bin\debug\finom.test.dll" id="41262bc5-1db9-e011-af50-2ef2a8f03c65">
      <Execution id="4d3dd563-7fa4-43e8-bf6b-04c20aeee078" />
      <TestMethod codeBase="E:/TeamCity_Data/Build/Sierra/src/FinOM/FinOM.Test/bin/Debug/FinOM.Test.DLL" adapterTypeName="Microsoft.VisualStudio.TestTools.TestTypes.Unit.UnitTestAdapter, Microsoft.VisualStudio.QualityTools.Tips.UnitTest.Adapter, Version=10.0.0.0, Culture=neutral, PublicKeyToken=b03f5f7f11d50a3a" className="FinOM.Test.FinanceAnalytics.TracerTest, FinOM.Test, Version=1.0.0.0, Culture=neutral, PublicKeyToken=null" name="ExecuteCreditCurveTest" />
    </UnitTest>
    <UnitTest name="GuideOfSymDiffTest" storage="e:\teamcity_data\build\sierra\src\finom\finom.test\bin\debug\finom.test.dll" id="166c5dcd-0740-c0d9-63ad-daca7436527d">
      <Execution id="607939e0-6503-4250-aebd-e8e4bb5ce903" />
      <TestMethod codeBase="E:/TeamCity_Data/Build/Sierra/src/FinOM/FinOM.Test/bin/Debug/FinOM.Test.DLL" adapterTypeName="Microsoft.VisualStudio.TestTools.TestTypes.Unit.UnitTestAdapter, Microsoft.VisualStudio.QualityTools.Tips.UnitTest.Adapter, Version=10.0.0.0, Culture=neutral, PublicKeyToken=b03f5f7f11d50a3a" className="FinOM.Test.TS.Core.StepsMixedCombinedTimelinesTests, FinOM.Test, Version=1.0.0.0, Culture=neutral, PublicKeyToken=null" name="GuideOfSymDiffTest" />
    </UnitTest>
    <UnitTest name="MinuteTest" storage="e:\teamcity_data\build\sierra\src\finom\finom.test\bin\debug\finom.test.dll" id="719b12a2-d51c-5306-406d-49ff730cff48">
      <Execution id="3ed05ffb-31be-467d-b559-3684ed1a73bb" />
      <TestMethod codeBase="E:/TeamCity_Data/Build/Sierra/src/FinOM/FinOM.Test/bin/Debug/FinOM.Test.DLL" adapterTypeName="Microsoft.VisualStudio.TestTools.TestTypes.Unit.UnitTestAdapter, Microsoft.VisualStudio.QualityTools.Tips.UnitTest.Adapter, Version=10.0.0.0, Culture=neutral, PublicKeyToken=b03f5f7f11d50a3a" className="FinOM.Test.TS.Core.DateTimeTimeSeriesExprTests, FinOM.Test, Version=1.0.0.0, Culture=neutral, PublicKeyToken=null" name="MinuteTest" />
    </UnitTest>
    <UnitTest name="IndexerTest" storage="e:\teamcity_data\build\sierra\src\finom\finom.test\bin\debug\finom.test.dll" id="25fc0124-d30a-cef2-5467-b024a34606fb">
      <Execution id="ceaf7d2e-f3c6-4ad0-9924-ae5e90fee4b6" />
      <TestMethod codeBase="E:/TeamCity_Data/Build/Sierra/src/FinOM/FinOM.Test/bin/Debug/FinOM.Test.DLL" adapterTypeName="Microsoft.VisualStudio.TestTools.TestTypes.Unit.UnitTestAdapter, Microsoft.VisualStudio.QualityTools.Tips.UnitTest.Adapter, Version=10.0.0.0, Culture=neutral, PublicKeyToken=b03f5f7f11d50a3a" className="FinOM.Test.TS.Core.OffsetOfRecurringTimelineTests, FinOM.Test, Version=1.0.0.0, Culture=neutral, PublicKeyToken=null" name="IndexerTest" />
    </UnitTest>
    <UnitTest name="TimeIndexFloorTest" storage="e:\teamcity_data\build\sierra\src\finom\finom.test\bin\debug\finom.test.dll" id="05ebe8d6-bb37-3144-43b8-0fa61792df70">
      <Execution id="09262610-bacb-4911-9847-fa9196f6713b" />
      <TestMethod codeBase="E:/TeamCity_Data/Build/Sierra/src/FinOM/FinOM.Test/bin/Debug/FinOM.Test.DLL" adapterTypeName="Microsoft.VisualStudio.TestTools.TestTypes.Unit.UnitTestAdapter, Microsoft.VisualStudio.QualityTools.Tips.UnitTest.Adapter, Version=10.0.0.0, Culture=neutral, PublicKeyToken=b03f5f7f11d50a3a" className="FinOM.Test.TS.Core.ExplicitTimelineTests, FinOM.Test, Version=1.0.0.0, Culture=neutral, PublicKeyToken=null" name="TimeIndexFloorTest" />
    </UnitTest>
    <UnitTest name="CompositeRecurrencePositiveCreationTest3" storage="e:\teamcity_data\build\sierra\src\finom\finom.test\bin\debug\finom.test.dll" id="72d0cd67-b6f5-0a8b-07ba-52949d9bc074">
      <Execution id="d92c6dad-b472-479c-aee5-696501d4fa46" />
      <TestMethod codeBase="E:/TeamCity_Data/Build/Sierra/src/FinOM/FinOM.Test/bin/Debug/FinOM.Test.DLL" adapterTypeName="Microsoft.VisualStudio.TestTools.TestTypes.Unit.UnitTestAdapter, Microsoft.VisualStudio.QualityTools.Tips.UnitTest.Adapter, Version=10.0.0.0, Culture=neutral, PublicKeyToken=b03f5f7f11d50a3a" className="FinOM.Test.TS.Core.WorkdayPartialCompositeRecurrenceTests, FinOM.Test, Version=1.0.0.0, Culture=neutral, PublicKeyToken=null" name="CompositeRecurrencePositiveCreationTest3" />
    </UnitTest>
    <UnitTest name="IntersectionOfGuideTest" storage="e:\teamcity_data\build\sierra\src\finom\finom.test\bin\debug\finom.test.dll" id="6a7887b0-8e2d-3462-4861-525f6d9ab034">
      <Execution id="4cfbe00b-e916-4cdb-b226-a4a02d361b4f" />
      <TestMethod codeBase="E:/TeamCity_Data/Build/Sierra/src/FinOM/FinOM.Test/bin/Debug/FinOM.Test.DLL" adapterTypeName="Microsoft.VisualStudio.TestTools.TestTypes.Unit.UnitTestAdapter, Microsoft.VisualStudio.QualityTools.Tips.UnitTest.Adapter, Version=10.0.0.0, Culture=neutral, PublicKeyToken=b03f5f7f11d50a3a" className="FinOM.Test.TS.Core.RandomMixedCombinedTimelinesTests, FinOM.Test, Version=1.0.0.0, Culture=neutral, PublicKeyToken=null" name="IntersectionOfGuideTest" />
    </UnitTest>
    <UnitTest name="StDevTest" storage="e:\teamcity_data\build\sierra\src\finom\finom.test\bin\debug\finom.test.dll" id="59f8e928-4a52-b516-54e1-4468fdcc2899">
      <Execution id="8d272153-4848-47ac-b239-7b61026003c5" />
      <TestMethod codeBase="E:/TeamCity_Data/Build/Sierra/src/FinOM/FinOM.Test/bin/Debug/FinOM.Test.DLL" adapterTypeName="Microsoft.VisualStudio.TestTools.TestTypes.Unit.UnitTestAdapter, Microsoft.VisualStudio.QualityTools.Tips.UnitTest.Adapter, Version=10.0.0.0, Culture=neutral, PublicKeyToken=b03f5f7f11d50a3a" className="FinOM.Test.TS.Core.MultiPointTimeSeriesExprTests, FinOM.Test, Version=1.0.0.0, Culture=neutral, PublicKeyToken=null" name="StDevTest" />
    </UnitTest>
    <UnitTest name="GeoMeanTest" storage="e:\teamcity_data\build\sierra\src\finom\finom.test\bin\debug\finom.test.dll" id="fa7fd57d-d828-aab5-7e53-ad2460217cfc">
      <Execution id="03312ac2-ab75-4161-88df-7a09098f7790" />
      <TestMethod codeBase="E:/TeamCity_Data/Build/Sierra/src/FinOM/FinOM.Test/bin/Debug/FinOM.Test.DLL" adapterTypeName="Microsoft.VisualStudio.TestTools.TestTypes.Unit.UnitTestAdapter, Microsoft.VisualStudio.QualityTools.Tips.UnitTest.Adapter, Version=10.0.0.0, Culture=neutral, PublicKeyToken=b03f5f7f11d50a3a" className="FinOM.Test.TS.Core.ScalarUnaryTimeSeriesExprTests, FinOM.Test, Version=1.0.0.0, Culture=neutral, PublicKeyToken=null" name="GeoMeanTest" />
    </UnitTest>
    <UnitTest name="StartTimeTest" storage="e:\teamcity_data\build\sierra\src\finom\finom.test\bin\debug\finom.test.dll" id="63ac7102-8bb6-ea15-19a7-bc7043764113">
      <Execution id="f1fa1c87-5add-4e5e-a337-e6d860d7fc02" />
      <TestMethod codeBase="E:/TeamCity_Data/Build/Sierra/src/FinOM/FinOM.Test/bin/Debug/FinOM.Test.DLL" adapterTypeName="Microsoft.VisualStudio.TestTools.TestTypes.Unit.UnitTestAdapter, Microsoft.VisualStudio.QualityTools.Tips.UnitTest.Adapter, Version=10.0.0.0, Culture=neutral, PublicKeyToken=b03f5f7f11d50a3a" className="FinOM.Test.TS.Core.EmptyTimelineTests, FinOM.Test, Version=1.0.0.0, Culture=neutral, PublicKeyToken=null" name="StartTimeTest" />
    </UnitTest>
    <UnitTest name="SaveLoadTest" storage="e:\teamcity_data\build\sierra\src\finom\finom.test\bin\debug\finom.test.dll" id="c3c91fcc-fc4d-6aa3-c7a5-75b1703abaf5">
      <Execution id="1dabf076-4381-4726-a175-0c7a19520833" />
      <TestMethod codeBase="E:/TeamCity_Data/Build/Sierra/src/FinOM/FinOM.Test/bin/Debug/FinOM.Test.DLL" adapterTypeName="Microsoft.VisualStudio.TestTools.TestTypes.Unit.UnitTestAdapter, Microsoft.VisualStudio.QualityTools.Tips.UnitTest.Adapter, Version=10.0.0.0, Culture=neutral, PublicKeyToken=b03f5f7f11d50a3a" className="FinOM.Test.TS.Core.FileLoadableSeriesTests, FinOM.Test, Version=1.0.0.0, Culture=neutral, PublicKeyToken=null" name="SaveLoadTest" />
    </UnitTest>
    <UnitTest name="TimeIndexCeilingSegmentTest" storage="e:\teamcity_data\build\sierra\src\finom\finom.test\bin\debug\finom.test.dll" id="51875922-745d-9c36-9b58-ab2a8542fbd8">
      <Execution id="056be110-036d-496d-ad6c-212e5ee2a69d" />
      <TestMethod codeBase="E:/TeamCity_Data/Build/Sierra/src/FinOM/FinOM.Test/bin/Debug/FinOM.Test.DLL" adapterTypeName="Microsoft.VisualStudio.TestTools.TestTypes.Unit.UnitTestAdapter, Microsoft.VisualStudio.QualityTools.Tips.UnitTest.Adapter, Version=10.0.0.0, Culture=neutral, PublicKeyToken=b03f5f7f11d50a3a" className="FinOM.Test.TS.Core.SegmentOfRecurringTimelineTests, FinOM.Test, Version=1.0.0.0, Culture=neutral, PublicKeyToken=null" name="TimeIndexCeilingSegmentTest" />
    </UnitTest>
    <UnitTest name="NowTest" storage="e:\teamcity_data\build\sierra\src\finom\finom.test\bin\debug\finom.test.dll" id="8e645265-7eee-1b7d-7b17-9dc835d9fc3c">
      <Execution id="54543662-fa97-4b4f-a90b-0b5e3a281dd2" />
      <TestMethod codeBase="E:/TeamCity_Data/Build/Sierra/src/FinOM/FinOM.Test/bin/Debug/FinOM.Test.DLL" adapterTypeName="Microsoft.VisualStudio.TestTools.TestTypes.Unit.UnitTestAdapter, Microsoft.VisualStudio.QualityTools.Tips.UnitTest.Adapter, Version=10.0.0.0, Culture=neutral, PublicKeyToken=b03f5f7f11d50a3a" className="FinOM.Test.TS.Util.TimeTests, FinOM.Test, Version=1.0.0.0, Culture=neutral, PublicKeyToken=null" name="NowTest" />
    </UnitTest>
    <UnitTest name="AddCellDateAndDateInterval" storage="e:\teamcity_data\build\sierra\src\finom\finom.test\bin\debug\finom.test.dll" id="6bd75461-c76d-c082-af9d-de508cbce7ff">
      <Execution id="eeb19ffe-85eb-4e62-b179-3f5c9b496a7f" />
      <TestMethod codeBase="E:/TeamCity_Data/Build/Sierra/src/FinOM/FinOM.Test/bin/Debug/FinOM.Test.DLL" adapterTypeName="Microsoft.VisualStudio.TestTools.TestTypes.Unit.UnitTestAdapter, Microsoft.VisualStudio.QualityTools.Tips.UnitTest.Adapter, Version=10.0.0.0, Culture=neutral, PublicKeyToken=b03f5f7f11d50a3a" className="FinOM.Test.Cells.CellMathTests, FinOM.Test, Version=1.0.0.0, Culture=neutral, PublicKeyToken=null" name="AddCellDateAndDateInterval" />
    </UnitTest>
    <UnitTest name="SubTimelineIndirectTest" storage="e:\teamcity_data\build\sierra\src\finom\finom.test\bin\debug\finom.test.dll" id="59447ed2-adc5-c85e-cffa-fe022259911a">
      <Execution id="087d1fc0-52a7-4980-a748-25544e860760" />
      <TestMethod codeBase="E:/TeamCity_Data/Build/Sierra/src/FinOM/FinOM.Test/bin/Debug/FinOM.Test.DLL" adapterTypeName="Microsoft.VisualStudio.TestTools.TestTypes.Unit.UnitTestAdapter, Microsoft.VisualStudio.QualityTools.Tips.UnitTest.Adapter, Version=10.0.0.0, Culture=neutral, PublicKeyToken=b03f5f7f11d50a3a" className="FinOM.Test.TS.Core.IndirectOfRecurringTimelineTests, FinOM.Test, Version=1.0.0.0, Culture=neutral, PublicKeyToken=null" name="SubTimelineIndirectTest" />
    </UnitTest>
    <UnitTest name="SubTimelineIndirectTest" storage="e:\teamcity_data\build\sierra\src\finom\finom.test\bin\debug\finom.test.dll" id="00bed1b5-2eaf-38eb-d49e-cc443c8322ba">
      <Execution id="7975ef89-e5eb-490c-a0e5-a82dee2d7ea9" />
      <TestMethod codeBase="E:/TeamCity_Data/Build/Sierra/src/FinOM/FinOM.Test/bin/Debug/FinOM.Test.DLL" adapterTypeName="Microsoft.VisualStudio.TestTools.TestTypes.Unit.UnitTestAdapter, Microsoft.VisualStudio.QualityTools.Tips.UnitTest.Adapter, Version=10.0.0.0, Culture=neutral, PublicKeyToken=b03f5f7f11d50a3a" className="FinOM.Test.TS.Core.IndirectOfExplicitTimelineTests, FinOM.Test, Version=1.0.0.0, Culture=neutral, PublicKeyToken=null" name="SubTimelineIndirectTest" />
    </UnitTest>
    <UnitTest name="IndexOfNonExistingTest" storage="e:\teamcity_data\build\sierra\src\finom\finom.test\bin\debug\finom.test.dll" id="40298062-388c-6789-b30d-c19ab63c80a9">
      <Execution id="3585f761-e46f-40de-93b3-2cf7cca5aa5d" />
      <TestMethod codeBase="E:/TeamCity_Data/Build/Sierra/src/FinOM/FinOM.Test/bin/Debug/FinOM.Test.DLL" adapterTypeName="Microsoft.VisualStudio.TestTools.TestTypes.Unit.UnitTestAdapter, Microsoft.VisualStudio.QualityTools.Tips.UnitTest.Adapter, Version=10.0.0.0, Culture=neutral, PublicKeyToken=b03f5f7f11d50a3a" className="FinOM.Test.TS.Core.IntradayOfDailyWithCutTimelineTests, FinOM.Test, Version=1.0.0.0, Culture=neutral, PublicKeyToken=null" name="IndexOfNonExistingTest" />
    </UnitTest>
    <UnitTest name="AsinTest" storage="e:\teamcity_data\build\sierra\src\finom\finom.test\bin\debug\finom.test.dll" id="a73ee070-605c-6cfd-49f6-e237ffbd4c77">
      <Execution id="9081d355-5860-49a8-a90a-869d87766f64" />
      <TestMethod codeBase="E:/TeamCity_Data/Build/Sierra/src/FinOM/FinOM.Test/bin/Debug/FinOM.Test.DLL" adapterTypeName="Microsoft.VisualStudio.TestTools.TestTypes.Unit.UnitTestAdapter, Microsoft.VisualStudio.QualityTools.Tips.UnitTest.Adapter, Version=10.0.0.0, Culture=neutral, PublicKeyToken=b03f5f7f11d50a3a" className="FinOM.Test.TS.Core.MathTimeSeriesExprTests, FinOM.Test, Version=1.0.0.0, Culture=neutral, PublicKeyToken=null" name="AsinTest" />
    </UnitTest>
    <UnitTest name="UnionTest" storage="e:\teamcity_data\build\sierra\src\finom\finom.test\bin\debug\finom.test.dll" id="13c354ab-ea99-6739-01f3-613a840b8117">
      <Execution id="ec2dd32b-5cab-476f-bdf6-34dacf7d3eba" />
      <TestMethod codeBase="E:/TeamCity_Data/Build/Sierra/src/FinOM/FinOM.Test/bin/Debug/FinOM.Test.DLL" adapterTypeName="Microsoft.VisualStudio.TestTools.TestTypes.Unit.UnitTestAdapter, Microsoft.VisualStudio.QualityTools.Tips.UnitTest.Adapter, Version=10.0.0.0, Culture=neutral, PublicKeyToken=b03f5f7f11d50a3a" className="FinOM.Test.TS.Core.SingularExpectedCombinedTimelinesTests, FinOM.Test, Version=1.0.0.0, Culture=neutral, PublicKeyToken=null" name="UnionTest" />
    </UnitTest>
    <UnitTest name="RollForwardTest2" storage="e:\teamcity_data\build\sierra\src\finom\finom.test\bin\debug\finom.test.dll" id="840f82c6-328d-e195-00e0-d2f6465b0fda">
      <Execution id="aad2a86f-b4d9-4ec3-a1f8-cace3b3e2b8b" />
      <TestMethod codeBase="E:/TeamCity_Data/Build/Sierra/src/FinOM/FinOM.Test/bin/Debug/FinOM.Test.DLL" adapterTypeName="Microsoft.VisualStudio.TestTools.TestTypes.Unit.UnitTestAdapter, Microsoft.VisualStudio.QualityTools.Tips.UnitTest.Adapter, Version=10.0.0.0, Culture=neutral, PublicKeyToken=b03f5f7f11d50a3a" className="FinOM.Test.Credit.CreditCurveTest, FinOM.Test, Version=1.0.0.0, Culture=neutral, PublicKeyToken=null" name="RollForwardTest2" />
    </UnitTest>
    <UnitTest name="DifferenceOfSymDiffTest" storage="e:\teamcity_data\build\sierra\src\finom\finom.test\bin\debug\finom.test.dll" id="d76c8d5e-6971-7e3c-942d-90797c25e538">
      <Execution id="dac2334c-4f1f-4d5c-8878-bb30e4d8f93c" />
      <TestMethod codeBase="E:/TeamCity_Data/Build/Sierra/src/FinOM/FinOM.Test/bin/Debug/FinOM.Test.DLL" adapterTypeName="Microsoft.VisualStudio.TestTools.TestTypes.Unit.UnitTestAdapter, Microsoft.VisualStudio.QualityTools.Tips.UnitTest.Adapter, Version=10.0.0.0, Culture=neutral, PublicKeyToken=b03f5f7f11d50a3a" className="FinOM.Test.TS.Core.RandomMixedCombinedTimelinesTests, FinOM.Test, Version=1.0.0.0, Culture=neutral, PublicKeyToken=null" name="DifferenceOfSymDiffTest" />
    </UnitTest>
    <UnitTest name="CompatibleWithTest" storage="e:\teamcity_data\build\sierra\src\finom\finom.test\bin\debug\finom.test.dll" id="91447b39-8c45-89bd-a183-774a78314a2a">
      <Execution id="7827f076-6b7a-4ca3-b9e8-fc60a709b6fb" />
      <TestMethod codeBase="E:/TeamCity_Data/Build/Sierra/src/FinOM/FinOM.Test/bin/Debug/FinOM.Test.DLL" adapterTypeName="Microsoft.VisualStudio.TestTools.TestTypes.Unit.UnitTestAdapter, Microsoft.VisualStudio.QualityTools.Tips.UnitTest.Adapter, Version=10.0.0.0, Culture=neutral, PublicKeyToken=b03f5f7f11d50a3a" className="FinOM.Test.TS.Core.WorkdayCompositeRecurrenceTests, FinOM.Test, Version=1.0.0.0, Culture=neutral, PublicKeyToken=null" name="CompatibleWithTest" />
    </UnitTest>
    <UnitTest name="BasicDependencyTest" storage="e:\teamcity_data\build\sierra\src\finom\finom.test\bin\debug\finom.test.dll" id="b43de1ad-1de5-2b91-ea9b-6ed5abce113c">
      <Execution id="c7f560c6-31b0-40a3-af55-57afbaa11c80" />
      <TestMethod codeBase="E:/TeamCity_Data/Build/Sierra/src/FinOM/FinOM.Test/bin/Debug/FinOM.Test.DLL" adapterTypeName="Microsoft.VisualStudio.TestTools.TestTypes.Unit.UnitTestAdapter, Microsoft.VisualStudio.QualityTools.Tips.UnitTest.Adapter, Version=10.0.0.0, Culture=neutral, PublicKeyToken=b03f5f7f11d50a3a" className="FinOM.Test.Cells.CellTest, FinOM.Test, Version=1.0.0.0, Culture=neutral, PublicKeyToken=null" name="BasicDependencyTest" />
    </UnitTest>
    <UnitTest name="AZTest" storage="e:\teamcity_data\build\sierra\src\finom\finom.test\bin\debug\finom.test.dll" id="2d076558-89f2-9989-1183-18d96d97cca7">
      <Execution id="f405aea7-6e96-47a2-bfd4-ead5e71a530d" />
      <TestMethod codeBase="E:/TeamCity_Data/Build/Sierra/src/FinOM/FinOM.Test/bin/Debug/FinOM.Test.DLL" adapterTypeName="Microsoft.VisualStudio.TestTools.TestTypes.Unit.UnitTestAdapter, Microsoft.VisualStudio.QualityTools.Tips.UnitTest.Adapter, Version=10.0.0.0, Culture=neutral, PublicKeyToken=b03f5f7f11d50a3a" className="FinOM.Test.TS.Util.AZStringTests, FinOM.Test, Version=1.0.0.0, Culture=neutral, PublicKeyToken=null" name="AZTest" />
    </UnitTest>
    <UnitTest name="SparseStrategyScenarioGetDeletedStrategy" storage="e:\teamcity_data\build\sierra\src\finom\finom.test\bin\debug\finom.test.dll" id="01093a0e-229f-0c2a-d88d-1a579162970b">
      <Execution id="31440917-b3dd-4c0b-b689-32d7bfbbc2ef" />
      <TestMethod codeBase="E:/TeamCity_Data/Build/Sierra/src/FinOM/FinOM.Test/bin/Debug/FinOM.Test.DLL" adapterTypeName="Microsoft.VisualStudio.TestTools.TestTypes.Unit.UnitTestAdapter, Microsoft.VisualStudio.QualityTools.Tips.UnitTest.Adapter, Version=10.0.0.0, Culture=neutral, PublicKeyToken=b03f5f7f11d50a3a" className="FinOM.Test.Analytics.StrategyTest, FinOM.Test, Version=1.0.0.0, Culture=neutral, PublicKeyToken=null" name="SparseStrategyScenarioGetDeletedStrategy" />
    </UnitTest>
    <UnitTest name="RVarTest" storage="e:\teamcity_data\build\sierra\src\finom\finom.test\bin\debug\finom.test.dll" id="885a67b8-d624-987b-afef-ab4ac4a8725e">
      <Execution id="42d45ce3-0389-4f58-a710-3c34ea9f043e" />
      <TestMethod codeBase="E:/TeamCity_Data/Build/Sierra/src/FinOM/FinOM.Test/bin/Debug/FinOM.Test.DLL" adapterTypeName="Microsoft.VisualStudio.TestTools.TestTypes.Unit.UnitTestAdapter, Microsoft.VisualStudio.QualityTools.Tips.UnitTest.Adapter, Version=10.0.0.0, Culture=neutral, PublicKeyToken=b03f5f7f11d50a3a" className="FinOM.Test.TS.Core.RunningUnaryTimeSeriesExprTests, FinOM.Test, Version=1.0.0.0, Culture=neutral, PublicKeyToken=null" name="RVarTest" />
    </UnitTest>
    <UnitTest name="FrameCellIdentity" storage="e:\teamcity_data\build\sierra\src\finom\finom.test\bin\debug\finom.test.dll" id="3178fc9e-74ae-756c-fe7a-3d1622ecd0cd">
      <Execution id="303e323c-a571-41e3-b615-23a589e58acb" />
      <TestMethod codeBase="E:/TeamCity_Data/Build/Sierra/src/FinOM/FinOM.Test/bin/Debug/FinOM.Test.DLL" adapterTypeName="Microsoft.VisualStudio.TestTools.TestTypes.Unit.UnitTestAdapter, Microsoft.VisualStudio.QualityTools.Tips.UnitTest.Adapter, Version=10.0.0.0, Culture=neutral, PublicKeyToken=b03f5f7f11d50a3a" className="FinOM.Core.Test.FrameTest, FinOM.Test, Version=1.0.0.0, Culture=neutral, PublicKeyToken=null" name="FrameCellIdentity" />
    </UnitTest>
    <UnitTest name="InterceptTest" storage="e:\teamcity_data\build\sierra\src\finom\finom.test\bin\debug\finom.test.dll" id="98916f0e-ce2a-85ad-6387-65a6e8054b69">
      <Execution id="ef56ebf8-4468-4530-8947-414bfc8d4899" />
      <TestMethod codeBase="E:/TeamCity_Data/Build/Sierra/src/FinOM/FinOM.Test/bin/Debug/FinOM.Test.DLL" adapterTypeName="Microsoft.VisualStudio.TestTools.TestTypes.Unit.UnitTestAdapter, Microsoft.VisualStudio.QualityTools.Tips.UnitTest.Adapter, Version=10.0.0.0, Culture=neutral, PublicKeyToken=b03f5f7f11d50a3a" className="FinOM.Test.TS.Core.MovingMultiTimeSeriesExprTests, FinOM.Test, Version=1.0.0.0, Culture=neutral, PublicKeyToken=null" name="InterceptTest" />
    </UnitTest>
    <UnitTest name="GuideTest" storage="e:\teamcity_data\build\sierra\src\finom\finom.test\bin\debug\finom.test.dll" id="68f370e9-7ace-15ef-363f-ed281b250e3e">
      <Execution id="be8bad2f-427f-49bf-b47a-b893069e8be5" />
      <TestMethod codeBase="E:/TeamCity_Data/Build/Sierra/src/FinOM/FinOM.Test/bin/Debug/FinOM.Test.DLL" adapterTypeName="Microsoft.VisualStudio.TestTools.TestTypes.Unit.UnitTestAdapter, Microsoft.VisualStudio.QualityTools.Tips.UnitTest.Adapter, Version=10.0.0.0, Culture=neutral, PublicKeyToken=b03f5f7f11d50a3a" className="FinOM.Test.TS.Core.StepsBlindCombinedTimelinesTests, FinOM.Test, Version=1.0.0.0, Culture=neutral, PublicKeyToken=null" name="GuideTest" />
    </UnitTest>
    <UnitTest name="BasicYearEndSet" storage="e:\teamcity_data\build\sierra\src\finom\finom.test\bin\debug\finom.test.dll" id="c219cd7d-0039-3cbb-c3de-ed5f5ac00f3f">
      <Execution id="be280545-418d-44ed-826f-6800ca6ad333" />
      <TestMethod codeBase="E:/TeamCity_Data/Build/Sierra/src/FinOM/FinOM.Test/bin/Debug/FinOM.Test.DLL" adapterTypeName="Microsoft.VisualStudio.TestTools.TestTypes.Unit.UnitTestAdapter, Microsoft.VisualStudio.QualityTools.Tips.UnitTest.Adapter, Version=10.0.0.0, Culture=neutral, PublicKeyToken=b03f5f7f11d50a3a" className="FinOM.Analytics.Test.FinancialStatementTests, FinOM.Test, Version=1.0.0.0, Culture=neutral, PublicKeyToken=null" name="BasicYearEndSet" />
    </UnitTest>
    <UnitTest name="TracerTest1" storage="e:\teamcity_data\build\sierra\src\finom\finom.test\bin\debug\finom.test.dll" id="34b522d7-4e11-3b45-779b-ef3687e84622">
      <Execution id="8c4d5122-aedc-40fc-b7f4-82be770c7706" />
      <TestMethod codeBase="E:/TeamCity_Data/Build/Sierra/src/FinOM/FinOM.Test/bin/Debug/FinOM.Test.DLL" adapterTypeName="Microsoft.VisualStudio.TestTools.TestTypes.Unit.UnitTestAdapter, Microsoft.VisualStudio.QualityTools.Tips.UnitTest.Adapter, Version=10.0.0.0, Culture=neutral, PublicKeyToken=b03f5f7f11d50a3a" className="FinOM.Test.FinanceAnalytics.TracerTest, FinOM.Test, Version=1.0.0.0, Culture=neutral, PublicKeyToken=null" name="TracerTest1" />
    </UnitTest>
    <UnitTest name="TanhTest" storage="e:\teamcity_data\build\sierra\src\finom\finom.test\bin\debug\finom.test.dll" id="5e287a4b-fb52-3715-9146-d1ce40adb659">
      <Execution id="0376e271-8cfd-41d4-a01f-81aa4e7a1436" />
      <TestMethod codeBase="E:/TeamCity_Data/Build/Sierra/src/FinOM/FinOM.Test/bin/Debug/FinOM.Test.DLL" adapterTypeName="Microsoft.VisualStudio.TestTools.TestTypes.Unit.UnitTestAdapter, Microsoft.VisualStudio.QualityTools.Tips.UnitTest.Adapter, Version=10.0.0.0, Culture=neutral, PublicKeyToken=b03f5f7f11d50a3a" className="FinOM.Test.TS.Core.MathTimeSeriesExprTests, FinOM.Test, Version=1.0.0.0, Culture=neutral, PublicKeyToken=null" name="TanhTest" />
    </UnitTest>
    <UnitTest name="OptiomalCDIConsolidatorZeroNotional" storage="e:\teamcity_data\build\sierra\src\finom\finom.test\bin\debug\finom.test.dll" id="bb4cf092-bc39-fc47-9192-9ac1e52e6a7a">
      <Execution id="7812268d-143f-4392-9d3c-6d9b28c44e8e" />
      <TestMethod codeBase="E:/TeamCity_Data/Build/Sierra/src/FinOM/FinOM.Test/bin/Debug/FinOM.Test.DLL" adapterTypeName="Microsoft.VisualStudio.TestTools.TestTypes.Unit.UnitTestAdapter, Microsoft.VisualStudio.QualityTools.Tips.UnitTest.Adapter, Version=10.0.0.0, Culture=neutral, PublicKeyToken=b03f5f7f11d50a3a" className="FinOM.Test.Data.TradeConsolidatorTest, FinOM.Test, Version=1.0.0.0, Culture=neutral, PublicKeyToken=null" name="OptiomalCDIConsolidatorZeroNotional" />
    </UnitTest>
    <UnitTest name="EndTimeTest" storage="e:\teamcity_data\build\sierra\src\finom\finom.test\bin\debug\finom.test.dll" id="fcc9ffda-476f-90a9-3803-ac3d760c7dc9">
      <Execution id="7d2c9c3b-511e-4995-8d2f-8a439a9ebf8f" />
      <TestMethod codeBase="E:/TeamCity_Data/Build/Sierra/src/FinOM/FinOM.Test/bin/Debug/FinOM.Test.DLL" adapterTypeName="Microsoft.VisualStudio.TestTools.TestTypes.Unit.UnitTestAdapter, Microsoft.VisualStudio.QualityTools.Tips.UnitTest.Adapter, Version=10.0.0.0, Culture=neutral, PublicKeyToken=b03f5f7f11d50a3a" className="FinOM.Test.TS.Core.IndirectOfExplicitTimelineTests, FinOM.Test, Version=1.0.0.0, Culture=neutral, PublicKeyToken=null" name="EndTimeTest" />
    </UnitTest>
    <UnitTest name="UnionOfGuideTest" storage="e:\teamcity_data\build\sierra\src\finom\finom.test\bin\debug\finom.test.dll" id="1af78a1e-6405-60ca-3a05-bb25414f4086">
      <Execution id="ebfa3438-24ec-4ef6-b863-e28986759dac" />
      <TestMethod codeBase="E:/TeamCity_Data/Build/Sierra/src/FinOM/FinOM.Test/bin/Debug/FinOM.Test.DLL" adapterTypeName="Microsoft.VisualStudio.TestTools.TestTypes.Unit.UnitTestAdapter, Microsoft.VisualStudio.QualityTools.Tips.UnitTest.Adapter, Version=10.0.0.0, Culture=neutral, PublicKeyToken=b03f5f7f11d50a3a" className="FinOM.Test.TS.Core.StepsMixedCombinedTimelinesTests, FinOM.Test, Version=1.0.0.0, Culture=neutral, PublicKeyToken=null" name="UnionOfGuideTest" />
    </UnitTest>
    <UnitTest name="SubTimelineIndirectTest" storage="e:\teamcity_data\build\sierra\src\finom\finom.test\bin\debug\finom.test.dll" id="6fb00564-d971-eea9-196b-ed07e719c059">
      <Execution id="773102b5-03e2-4c95-941d-3ba9154eac8b" />
      <TestMethod codeBase="E:/TeamCity_Data/Build/Sierra/src/FinOM/FinOM.Test/bin/Debug/FinOM.Test.DLL" adapterTypeName="Microsoft.VisualStudio.TestTools.TestTypes.Unit.UnitTestAdapter, Microsoft.VisualStudio.QualityTools.Tips.UnitTest.Adapter, Version=10.0.0.0, Culture=neutral, PublicKeyToken=b03f5f7f11d50a3a" className="FinOM.Test.TS.Core.ExplicitTimelineTests, FinOM.Test, Version=1.0.0.0, Culture=neutral, PublicKeyToken=null" name="SubTimelineIndirectTest" />
    </UnitTest>
    <UnitTest name="CdiIrdv01" storage="e:\teamcity_data\build\sierra\src\finom\finom.test\bin\debug\finom.test.dll" id="3e39d2d2-1d52-33ba-70d5-9c6e21731a83">
      <Execution timeOut="1000000" id="d9c6e09b-a00a-4b7b-911d-203f1db9e8e0" />
      <TestMethod codeBase="E:/TeamCity_Data/Build/Sierra/src/FinOM/FinOM.Test/bin/Debug/FinOM.Test.DLL" adapterTypeName="Microsoft.VisualStudio.TestTools.TestTypes.Unit.UnitTestAdapter, Microsoft.VisualStudio.QualityTools.Tips.UnitTest.Adapter, Version=10.0.0.0, Culture=neutral, PublicKeyToken=b03f5f7f11d50a3a" className="FinOM.Test.Credit.CDITest, FinOM.Test, Version=1.0.0.0, Culture=neutral, PublicKeyToken=null" name="CdiIrdv01" />
    </UnitTest>
    <UnitTest name="IndexOfNonExistingTest" storage="e:\teamcity_data\build\sierra\src\finom\finom.test\bin\debug\finom.test.dll" id="4a1660a3-6cbe-e1bd-1383-9d7f682b7b1f">
      <Execution id="54fc0e6e-44cc-457f-a3dd-8d8366b9e6d3" />
      <TestMethod codeBase="E:/TeamCity_Data/Build/Sierra/src/FinOM/FinOM.Test/bin/Debug/FinOM.Test.DLL" adapterTypeName="Microsoft.VisualStudio.TestTools.TestTypes.Unit.UnitTestAdapter, Microsoft.VisualStudio.QualityTools.Tips.UnitTest.Adapter, Version=10.0.0.0, Culture=neutral, PublicKeyToken=b03f5f7f11d50a3a" className="FinOM.Test.TS.Core.IndirectOfExplicitTimelineTests, FinOM.Test, Version=1.0.0.0, Culture=neutral, PublicKeyToken=null" name="IndexOfNonExistingTest" />
    </UnitTest>
    <UnitTest name="TestFromQuotedSpread" storage="e:\teamcity_data\build\sierra\src\finom\finom.test\bin\debug\finom.test.dll" id="bc8acf49-6402-8541-f344-8a0e06c7cf8b">
      <Execution id="6b6c0bc8-6630-4642-bf70-0a06125b85af" />
      <TestMethod codeBase="E:/TeamCity_Data/Build/Sierra/src/FinOM/FinOM.Test/bin/Debug/FinOM.Test.DLL" adapterTypeName="Microsoft.VisualStudio.TestTools.TestTypes.Unit.UnitTestAdapter, Microsoft.VisualStudio.QualityTools.Tips.UnitTest.Adapter, Version=10.0.0.0, Culture=neutral, PublicKeyToken=b03f5f7f11d50a3a" className="FinOM.Test.Credit.IsdaCdsModelTest, FinOM.Test, Version=1.0.0.0, Culture=neutral, PublicKeyToken=null" name="TestFromQuotedSpread" />
    </UnitTest>
    <UnitTest name="EnumeratorTest" storage="e:\teamcity_data\build\sierra\src\finom\finom.test\bin\debug\finom.test.dll" id="8b1a469d-e7e1-fd56-0b75-f1e13f7cbe42">
      <Execution id="16c3d3ba-fdce-4ea2-b2d9-987db06c5c98" />
      <TestMethod codeBase="E:/TeamCity_Data/Build/Sierra/src/FinOM/FinOM.Test/bin/Debug/FinOM.Test.DLL" adapterTypeName="Microsoft.VisualStudio.TestTools.TestTypes.Unit.UnitTestAdapter, Microsoft.VisualStudio.QualityTools.Tips.UnitTest.Adapter, Version=10.0.0.0, Culture=neutral, PublicKeyToken=b03f5f7f11d50a3a" className="FinOM.Test.TS.Core.OffsetOfRecurringTimelineTests, FinOM.Test, Version=1.0.0.0, Culture=neutral, PublicKeyToken=null" name="EnumeratorTest" />
    </UnitTest>
    <UnitTest name="TimePointsTest" storage="e:\teamcity_data\build\sierra\src\finom\finom.test\bin\debug\finom.test.dll" id="da1727c1-7b6f-1dd9-f8f0-cfd94acb9f2d">
      <Execution id="8df1d4fc-da28-436f-99a8-8675a731e250" />
      <TestMethod codeBase="E:/TeamCity_Data/Build/Sierra/src/FinOM/FinOM.Test/bin/Debug/FinOM.Test.DLL" adapterTypeName="Microsoft.VisualStudio.TestTools.TestTypes.Unit.UnitTestAdapter, Microsoft.VisualStudio.QualityTools.Tips.UnitTest.Adapter, Version=10.0.0.0, Culture=neutral, PublicKeyToken=b03f5f7f11d50a3a" className="FinOM.Test.TS.Core.ExplicitTimelineTests, FinOM.Test, Version=1.0.0.0, Culture=neutral, PublicKeyToken=null" name="TimePointsTest" />
    </UnitTest>
    <UnitTest name="IndexOfTest" storage="e:\teamcity_data\build\sierra\src\finom\finom.test\bin\debug\finom.test.dll" id="6ce77e79-a3fb-32e3-b4bd-787e7f35b286">
      <Execution id="40bc9e78-3145-40c5-968d-0b193294eea2" />
      <TestMethod codeBase="E:/TeamCity_Data/Build/Sierra/src/FinOM/FinOM.Test/bin/Debug/FinOM.Test.DLL" adapterTypeName="Microsoft.VisualStudio.TestTools.TestTypes.Unit.UnitTestAdapter, Microsoft.VisualStudio.QualityTools.Tips.UnitTest.Adapter, Version=10.0.0.0, Culture=neutral, PublicKeyToken=b03f5f7f11d50a3a" className="FinOM.Test.TS.Core.OffsetOfExplicitTimelineTests, FinOM.Test, Version=1.0.0.0, Culture=neutral, PublicKeyToken=null" name="IndexOfTest" />
    </UnitTest>
    <UnitTest name="CreditCurveMakeTest" storage="e:\teamcity_data\build\sierra\src\finom\finom.test\bin\debug\finom.test.dll" id="0ed8d040-5ecd-19c8-0652-b91b1a8e5c1c">
      <Execution id="dc4301a9-1a8b-4966-b58a-0c19e31fac26" />
      <TestMethod codeBase="E:/TeamCity_Data/Build/Sierra/src/FinOM/FinOM.Test/bin/Debug/FinOM.Test.DLL" adapterTypeName="Microsoft.VisualStudio.TestTools.TestTypes.Unit.UnitTestAdapter, Microsoft.VisualStudio.QualityTools.Tips.UnitTest.Adapter, Version=10.0.0.0, Culture=neutral, PublicKeyToken=b03f5f7f11d50a3a" className="FinOM.Test.FinanceAnalytics.NativeAnalyticsTest, FinOM.Test, Version=1.0.0.0, Culture=neutral, PublicKeyToken=null" name="CreditCurveMakeTest" />
    </UnitTest>
    <UnitTest name="IndexerOutOfBoundsTest" storage="e:\teamcity_data\build\sierra\src\finom\finom.test\bin\debug\finom.test.dll" id="e10463e7-6904-8119-ee80-00fdb202ffb5">
      <Execution id="04b3e96f-d9a3-4cf2-b67e-32e45798f0c1" />
      <TestMethod codeBase="E:/TeamCity_Data/Build/Sierra/src/FinOM/FinOM.Test/bin/Debug/FinOM.Test.DLL" adapterTypeName="Microsoft.VisualStudio.TestTools.TestTypes.Unit.UnitTestAdapter, Microsoft.VisualStudio.QualityTools.Tips.UnitTest.Adapter, Version=10.0.0.0, Culture=neutral, PublicKeyToken=b03f5f7f11d50a3a" className="FinOM.Test.TS.Core.IndirectOfExplicitTimelineTests, FinOM.Test, Version=1.0.0.0, Culture=neutral, PublicKeyToken=null" name="IndexerOutOfBoundsTest" />
    </UnitTest>
    <UnitTest name="SubTimelineIndirectTest" storage="e:\teamcity_data\build\sierra\src\finom\finom.test\bin\debug\finom.test.dll" id="24aae7eb-20d2-3d1f-a78a-ac8c3fff37cd">
      <Execution id="3774e922-ace2-4ae0-936a-e3bf9d11cafc" />
      <TestMethod codeBase="E:/TeamCity_Data/Build/Sierra/src/FinOM/FinOM.Test/bin/Debug/FinOM.Test.DLL" adapterTypeName="Microsoft.VisualStudio.TestTools.TestTypes.Unit.UnitTestAdapter, Microsoft.VisualStudio.QualityTools.Tips.UnitTest.Adapter, Version=10.0.0.0, Culture=neutral, PublicKeyToken=b03f5f7f11d50a3a" className="FinOM.Test.TS.Core.SegmentOfExplicitTimelineTests, FinOM.Test, Version=1.0.0.0, Culture=neutral, PublicKeyToken=null" name="SubTimelineIndirectTest" />
    </UnitTest>
    <UnitTest name="IndexToTimeEvenTest" storage="e:\teamcity_data\build\sierra\src\finom\finom.test\bin\debug\finom.test.dll" id="14c79fd9-f9af-4170-106a-bbce560b5a72">
      <Execution id="29e5d2de-e606-40bb-b586-31e4698db4da" />
      <TestMethod codeBase="E:/TeamCity_Data/Build/Sierra/src/FinOM/FinOM.Test/bin/Debug/FinOM.Test.DLL" adapterTypeName="Microsoft.VisualStudio.TestTools.TestTypes.Unit.UnitTestAdapter, Microsoft.VisualStudio.QualityTools.Tips.UnitTest.Adapter, Version=10.0.0.0, Culture=neutral, PublicKeyToken=b03f5f7f11d50a3a" className="FinOM.Test.TS.Core.WorkdayCompositeRecurrenceTests, FinOM.Test, Version=1.0.0.0, Culture=neutral, PublicKeyToken=null" name="IndexToTimeEvenTest" />
    </UnitTest>
    <UnitTest name="PriceBasisRoundtripTest" storage="e:\teamcity_data\build\sierra\src\finom\finom.test\bin\debug\finom.test.dll" id="f9a6ddcd-bbea-f417-532e-968ea5167e2a">
      <Execution id="0c615880-4dcb-4261-b668-119d1160b8b9" />
      <TestMethod codeBase="E:/TeamCity_Data/Build/Sierra/src/FinOM/FinOM.Test/bin/Debug/FinOM.Test.DLL" adapterTypeName="Microsoft.VisualStudio.TestTools.TestTypes.Unit.UnitTestAdapter, Microsoft.VisualStudio.QualityTools.Tips.UnitTest.Adapter, Version=10.0.0.0, Culture=neutral, PublicKeyToken=b03f5f7f11d50a3a" className="FinOM.Test.Credit.BondTest, FinOM.Test, Version=1.0.0.0, Culture=neutral, PublicKeyToken=null" name="PriceBasisRoundtripTest" />
    </UnitTest>
    <UnitTest name="TimeIndexCeilingTest" storage="e:\teamcity_data\build\sierra\src\finom\finom.test\bin\debug\finom.test.dll" id="5c1413f3-4d69-6525-445e-13e064a69a25">
      <Execution id="a8c88ccc-e5ea-4872-afae-391ca379c50d" />
      <TestMethod codeBase="E:/TeamCity_Data/Build/Sierra/src/FinOM/FinOM.Test/bin/Debug/FinOM.Test.DLL" adapterTypeName="Microsoft.VisualStudio.TestTools.TestTypes.Unit.UnitTestAdapter, Microsoft.VisualStudio.QualityTools.Tips.UnitTest.Adapter, Version=10.0.0.0, Culture=neutral, PublicKeyToken=b03f5f7f11d50a3a" className="FinOM.Test.TS.Core.OffsetOfRecurringTimelineTests, FinOM.Test, Version=1.0.0.0, Culture=neutral, PublicKeyToken=null" name="TimeIndexCeilingTest" />
    </UnitTest>
    <UnitTest name="AddViaCells" storage="e:\teamcity_data\build\sierra\src\finom\finom.test\bin\debug\finom.test.dll" id="64f98bb9-47a6-499c-d6c9-96f8a2c24d73">
      <Execution id="426c0629-9caf-453f-99ee-1e3fcd9deb95" />
      <TestMethod codeBase="E:/TeamCity_Data/Build/Sierra/src/FinOM/FinOM.Test/bin/Debug/FinOM.Test.DLL" adapterTypeName="Microsoft.VisualStudio.TestTools.TestTypes.Unit.UnitTestAdapter, Microsoft.VisualStudio.QualityTools.Tips.UnitTest.Adapter, Version=10.0.0.0, Culture=neutral, PublicKeyToken=b03f5f7f11d50a3a" className="FinOM.Test.Cells.CellMathTests, FinOM.Test, Version=1.0.0.0, Culture=neutral, PublicKeyToken=null" name="AddViaCells" />
    </UnitTest>
    <UnitTest name="TimeIndexFloorTest" storage="e:\teamcity_data\build\sierra\src\finom\finom.test\bin\debug\finom.test.dll" id="5df20489-0a5b-6cb3-bd9f-0223d535b78d">
      <Execution id="a45a3df6-5142-40be-b643-b635131452d2" />
      <TestMethod codeBase="E:/TeamCity_Data/Build/Sierra/src/FinOM/FinOM.Test/bin/Debug/FinOM.Test.DLL" adapterTypeName="Microsoft.VisualStudio.TestTools.TestTypes.Unit.UnitTestAdapter, Microsoft.VisualStudio.QualityTools.Tips.UnitTest.Adapter, Version=10.0.0.0, Culture=neutral, PublicKeyToken=b03f5f7f11d50a3a" className="FinOM.Test.TS.Core.RecurringTimelineTests, FinOM.Test, Version=1.0.0.0, Culture=neutral, PublicKeyToken=null" name="TimeIndexFloorTest" />
    </UnitTest>
    <UnitTest name="AggregateWithOutliersTest" storage="e:\teamcity_data\build\sierra\src\finom\finom.test\bin\debug\finom.test.dll" id="f8c67dbb-687f-c4ff-1d67-a47097c735f4">
      <Execution id="a4dced71-3754-4f3e-ad0f-54879c24eeb7" />
      <TestMethod codeBase="E:/TeamCity_Data/Build/Sierra/src/FinOM/FinOM.Test/bin/Debug/FinOM.Test.DLL" adapterTypeName="Microsoft.VisualStudio.TestTools.TestTypes.Unit.UnitTestAdapter, Microsoft.VisualStudio.QualityTools.Tips.UnitTest.Adapter, Version=10.0.0.0, Culture=neutral, PublicKeyToken=b03f5f7f11d50a3a" className="FinOM.Test.TS.Core.AggregateTimeSeriesTests, FinOM.Test, Version=1.0.0.0, Culture=neutral, PublicKeyToken=null" name="AggregateWithOutliersTest" />
    </UnitTest>
    <UnitTest name="AvgTest" storage="e:\teamcity_data\build\sierra\src\finom\finom.test\bin\debug\finom.test.dll" id="09e385fc-d6b7-1585-18a6-2443a379be16">
      <Execution id="a50ac976-8614-4713-be8e-0b28cdb19c28" />
      <TestMethod codeBase="E:/TeamCity_Data/Build/Sierra/src/FinOM/FinOM.Test/bin/Debug/FinOM.Test.DLL" adapterTypeName="Microsoft.VisualStudio.TestTools.TestTypes.Unit.UnitTestAdapter, Microsoft.VisualStudio.QualityTools.Tips.UnitTest.Adapter, Version=10.0.0.0, Culture=neutral, PublicKeyToken=b03f5f7f11d50a3a" className="FinOM.Test.TS.Core.ScalarUnaryTimeSeriesExprTests, FinOM.Test, Version=1.0.0.0, Culture=neutral, PublicKeyToken=null" name="AvgTest" />
    </UnitTest>
    <UnitTest name="CompatibleWithTest" storage="e:\teamcity_data\build\sierra\src\finom\finom.test\bin\debug\finom.test.dll" id="87b93754-57b7-4f0b-92eb-7177bd120f6a">
      <Execution id="1a3bc25d-c1fb-4de2-94e0-d2c6ae3f0899" />
      <TestMethod codeBase="E:/TeamCity_Data/Build/Sierra/src/FinOM/FinOM.Test/bin/Debug/FinOM.Test.DLL" adapterTypeName="Microsoft.VisualStudio.TestTools.TestTypes.Unit.UnitTestAdapter, Microsoft.VisualStudio.QualityTools.Tips.UnitTest.Adapter, Version=10.0.0.0, Culture=neutral, PublicKeyToken=b03f5f7f11d50a3a" className="FinOM.Test.TS.Core.DailyRecurrenceTests, FinOM.Test, Version=1.0.0.0, Culture=neutral, PublicKeyToken=null" name="CompatibleWithTest" />
    </UnitTest>
    <UnitTest name="WorkdayBugTest" storage="e:\teamcity_data\build\sierra\src\finom\finom.test\bin\debug\finom.test.dll" id="bdad37f6-3252-b546-1e8c-7b3b5ff90465">
      <Execution id="b5886235-745b-492b-9b3f-f842fb29f921" />
      <TestMethod codeBase="E:/TeamCity_Data/Build/Sierra/src/FinOM/FinOM.Test/bin/Debug/FinOM.Test.DLL" adapterTypeName="Microsoft.VisualStudio.TestTools.TestTypes.Unit.UnitTestAdapter, Microsoft.VisualStudio.QualityTools.Tips.UnitTest.Adapter, Version=10.0.0.0, Culture=neutral, PublicKeyToken=b03f5f7f11d50a3a" className="FinOM.Test.TS.Core.WorkdayTest, FinOM.Test, Version=1.0.0.0, Culture=neutral, PublicKeyToken=null" name="WorkdayBugTest" />
    </UnitTest>
    <UnitTest name="BasicYearEndGet" storage="e:\teamcity_data\build\sierra\src\finom\finom.test\bin\debug\finom.test.dll" id="0feff6ba-db52-ff97-274a-d7245a3452c1">
      <Execution id="6f17a2d1-d6be-4362-b183-eb06984a8d57" />
      <TestMethod codeBase="E:/TeamCity_Data/Build/Sierra/src/FinOM/FinOM.Test/bin/Debug/FinOM.Test.DLL" adapterTypeName="Microsoft.VisualStudio.TestTools.TestTypes.Unit.UnitTestAdapter, Microsoft.VisualStudio.QualityTools.Tips.UnitTest.Adapter, Version=10.0.0.0, Culture=neutral, PublicKeyToken=b03f5f7f11d50a3a" className="FinOM.Analytics.Test.FinancialStatementTests, FinOM.Test, Version=1.0.0.0, Culture=neutral, PublicKeyToken=null" name="BasicYearEndGet" />
    </UnitTest>
    <UnitTest name="UnaryPointExprTest" storage="e:\teamcity_data\build\sierra\src\finom\finom.test\bin\debug\finom.test.dll" id="1c6c6748-896b-8df4-8af0-c8b21c5d4d76">
      <Execution id="74c73e51-befd-4e73-93fd-e41c8a14115a" />
      <TestMethod codeBase="E:/TeamCity_Data/Build/Sierra/src/FinOM/FinOM.Test/bin/Debug/FinOM.Test.DLL" adapterTypeName="Microsoft.VisualStudio.TestTools.TestTypes.Unit.UnitTestAdapter, Microsoft.VisualStudio.QualityTools.Tips.UnitTest.Adapter, Version=10.0.0.0, Culture=neutral, PublicKeyToken=b03f5f7f11d50a3a" className="FinOM.Test.TS.Core.CustomTimeSeriesExprTests, FinOM.Test, Version=1.0.0.0, Culture=neutral, PublicKeyToken=null" name="UnaryPointExprTest" />
    </UnitTest>
    <UnitTest name="TimeIndexFloorSegmentTest" storage="e:\teamcity_data\build\sierra\src\finom\finom.test\bin\debug\finom.test.dll" id="74381a27-9475-ed20-e8d2-f006a268cbb4">
      <Execution id="fb79ef2e-45f8-45f4-b120-a7d769d7df87" />
      <TestMethod codeBase="E:/TeamCity_Data/Build/Sierra/src/FinOM/FinOM.Test/bin/Debug/FinOM.Test.DLL" adapterTypeName="Microsoft.VisualStudio.TestTools.TestTypes.Unit.UnitTestAdapter, Microsoft.VisualStudio.QualityTools.Tips.UnitTest.Adapter, Version=10.0.0.0, Culture=neutral, PublicKeyToken=b03f5f7f11d50a3a" className="FinOM.Test.TS.Core.RecurringTimelineTests, FinOM.Test, Version=1.0.0.0, Culture=neutral, PublicKeyToken=null" name="TimeIndexFloorSegmentTest" />
    </UnitTest>
    <UnitTest name="TimeToIndexTest" storage="e:\teamcity_data\build\sierra\src\finom\finom.test\bin\debug\finom.test.dll" id="62a183c3-3aa4-8995-bac4-bfd139d2418b">
      <Execution id="6e1b09c8-7a76-4ae6-9cd3-c9d8017057e2" />
      <TestMethod codeBase="E:/TeamCity_Data/Build/Sierra/src/FinOM/FinOM.Test/bin/Debug/FinOM.Test.DLL" adapterTypeName="Microsoft.VisualStudio.TestTools.TestTypes.Unit.UnitTestAdapter, Microsoft.VisualStudio.QualityTools.Tips.UnitTest.Adapter, Version=10.0.0.0, Culture=neutral, PublicKeyToken=b03f5f7f11d50a3a" className="FinOM.Test.TS.Core.DailyRecurrenceTests, FinOM.Test, Version=1.0.0.0, Culture=neutral, PublicKeyToken=null" name="TimeToIndexTest" />
    </UnitTest>
    <UnitTest name="IndexOfTest" storage="e:\teamcity_data\build\sierra\src\finom\finom.test\bin\debug\finom.test.dll" id="89c4c40a-2672-ebb7-9e60-cbc52d692c08">
      <Execution id="81b46647-cb5d-48cf-b483-7a5272cb9085" />
      <TestMethod codeBase="E:/TeamCity_Data/Build/Sierra/src/FinOM/FinOM.Test/bin/Debug/FinOM.Test.DLL" adapterTypeName="Microsoft.VisualStudio.TestTools.TestTypes.Unit.UnitTestAdapter, Microsoft.VisualStudio.QualityTools.Tips.UnitTest.Adapter, Version=10.0.0.0, Culture=neutral, PublicKeyToken=b03f5f7f11d50a3a" className="FinOM.Test.TS.Core.RecurringTimelineTests, FinOM.Test, Version=1.0.0.0, Culture=neutral, PublicKeyToken=null" name="IndexOfTest" />
    </UnitTest>
    <UnitTest name="FrameCellTranscribeNonPreset" storage="e:\teamcity_data\build\sierra\src\finom\finom.test\bin\debug\finom.test.dll" id="3031b5a3-3b1a-ca60-b59d-ce0f2123e489">
      <Execution id="f84dd8d1-f687-4693-9927-69edc4d65e64" />
      <TestMethod codeBase="E:/TeamCity_Data/Build/Sierra/src/FinOM/FinOM.Test/bin/Debug/FinOM.Test.DLL" adapterTypeName="Microsoft.VisualStudio.TestTools.TestTypes.Unit.UnitTestAdapter, Microsoft.VisualStudio.QualityTools.Tips.UnitTest.Adapter, Version=10.0.0.0, Culture=neutral, PublicKeyToken=b03f5f7f11d50a3a" className="FinOM.Core.Test.FrameTest, FinOM.Test, Version=1.0.0.0, Culture=neutral, PublicKeyToken=null" name="FrameCellTranscribeNonPreset" />
    </UnitTest>
    <UnitTest name="TimeIndexFloorSegmentTest" storage="e:\teamcity_data\build\sierra\src\finom\finom.test\bin\debug\finom.test.dll" id="827c256d-915a-9c63-f36e-a9e10c0f6373">
      <Execution id="364d713b-6d9a-4cdf-ae1d-eb86f1130bcb" />
      <TestMethod codeBase="E:/TeamCity_Data/Build/Sierra/src/FinOM/FinOM.Test/bin/Debug/FinOM.Test.DLL" adapterTypeName="Microsoft.VisualStudio.TestTools.TestTypes.Unit.UnitTestAdapter, Microsoft.VisualStudio.QualityTools.Tips.UnitTest.Adapter, Version=10.0.0.0, Culture=neutral, PublicKeyToken=b03f5f7f11d50a3a" className="FinOM.Test.TS.Core.IntradayOfDailyTimelineTests, FinOM.Test, Version=1.0.0.0, Culture=neutral, PublicKeyToken=null" name="TimeIndexFloorSegmentTest" />
    </UnitTest>
    <UnitTest name="IntersectionOfGuideTest" storage="e:\teamcity_data\build\sierra\src\finom\finom.test\bin\debug\finom.test.dll" id="3586adbc-786c-e857-4129-eda3600d0718">
      <Execution id="81d7ade0-e5c4-423f-8a10-dae55697acc0" />
      <TestMethod codeBase="E:/TeamCity_Data/Build/Sierra/src/FinOM/FinOM.Test/bin/Debug/FinOM.Test.DLL" adapterTypeName="Microsoft.VisualStudio.TestTools.TestTypes.Unit.UnitTestAdapter, Microsoft.VisualStudio.QualityTools.Tips.UnitTest.Adapter, Version=10.0.0.0, Culture=neutral, PublicKeyToken=b03f5f7f11d50a3a" className="FinOM.Test.TS.Core.StepsMixedCombinedTimelinesTests, FinOM.Test, Version=1.0.0.0, Culture=neutral, PublicKeyToken=null" name="IntersectionOfGuideTest" />
    </UnitTest>
    <UnitTest name="EndTimeTest" storage="e:\teamcity_data\build\sierra\src\finom\finom.test\bin\debug\finom.test.dll" id="95207a62-32cb-7eac-637b-8142e417bc24">
      <Execution id="3731516d-0b1d-41d2-b8ba-b653ae5b2fe8" />
      <TestMethod codeBase="E:/TeamCity_Data/Build/Sierra/src/FinOM/FinOM.Test/bin/Debug/FinOM.Test.DLL" adapterTypeName="Microsoft.VisualStudio.TestTools.TestTypes.Unit.UnitTestAdapter, Microsoft.VisualStudio.QualityTools.Tips.UnitTest.Adapter, Version=10.0.0.0, Culture=neutral, PublicKeyToken=b03f5f7f11d50a3a" className="FinOM.Test.TS.Core.RecurringTimelineTests, FinOM.Test, Version=1.0.0.0, Culture=neutral, PublicKeyToken=null" name="EndTimeTest" />
    </UnitTest>
    <UnitTest name="AcosTest" storage="e:\teamcity_data\build\sierra\src\finom\finom.test\bin\debug\finom.test.dll" id="a6d05480-f0cd-36b8-d8cf-700a50b5c4b0">
      <Execution id="00056ba1-b928-4e69-a691-d9c6d2f9e422" />
      <TestMethod codeBase="E:/TeamCity_Data/Build/Sierra/src/FinOM/FinOM.Test/bin/Debug/FinOM.Test.DLL" adapterTypeName="Microsoft.VisualStudio.TestTools.TestTypes.Unit.UnitTestAdapter, Microsoft.VisualStudio.QualityTools.Tips.UnitTest.Adapter, Version=10.0.0.0, Culture=neutral, PublicKeyToken=b03f5f7f11d50a3a" className="FinOM.Test.TS.Core.MathTimeSeriesExprTests, FinOM.Test, Version=1.0.0.0, Culture=neutral, PublicKeyToken=null" name="AcosTest" />
    </UnitTest>
    <UnitTest name="CleaningTest" storage="e:\teamcity_data\build\sierra\src\finom\finom.test\bin\debug\finom.test.dll" id="ddfc85ef-621d-8b7b-9ff4-5b864f375627">
      <Execution id="22fe76f8-74c8-4fc8-8bba-a7d9649e590f" />
      <TestMethod codeBase="E:/TeamCity_Data/Build/Sierra/src/FinOM/FinOM.Test/bin/Debug/FinOM.Test.DLL" adapterTypeName="Microsoft.VisualStudio.TestTools.TestTypes.Unit.UnitTestAdapter, Microsoft.VisualStudio.QualityTools.Tips.UnitTest.Adapter, Version=10.0.0.0, Culture=neutral, PublicKeyToken=b03f5f7f11d50a3a" className="FinOM.Test.TS.UseCases.IntradayTests, FinOM.Test, Version=1.0.0.0, Culture=neutral, PublicKeyToken=null" name="CleaningTest" />
    </UnitTest>
    <UnitTest name="HarMeanTest" storage="e:\teamcity_data\build\sierra\src\finom\finom.test\bin\debug\finom.test.dll" id="102ece60-75cf-706d-bbe0-dcd2760f999b">
      <Execution id="611d4d93-b877-41f2-aef9-d180dcb52305" />
      <TestMethod codeBase="E:/TeamCity_Data/Build/Sierra/src/FinOM/FinOM.Test/bin/Debug/FinOM.Test.DLL" adapterTypeName="Microsoft.VisualStudio.TestTools.TestTypes.Unit.UnitTestAdapter, Microsoft.VisualStudio.QualityTools.Tips.UnitTest.Adapter, Version=10.0.0.0, Culture=neutral, PublicKeyToken=b03f5f7f11d50a3a" className="FinOM.Test.TS.Core.MultiPointTimeSeriesExprTests, FinOM.Test, Version=1.0.0.0, Culture=neutral, PublicKeyToken=null" name="HarMeanTest" />
    </UnitTest>
    <UnitTest name="DivCeilineFractionalTest" storage="e:\teamcity_data\build\sierra\src\finom\finom.test\bin\debug\finom.test.dll" id="5fcf2126-7fc9-a06a-3fee-9a64ae23a758">
      <Execution id="4bc36916-97d2-46eb-9e38-65965bfb5b13" />
      <TestMethod codeBase="E:/TeamCity_Data/Build/Sierra/src/FinOM/FinOM.Test/bin/Debug/FinOM.Test.DLL" adapterTypeName="Microsoft.VisualStudio.TestTools.TestTypes.Unit.UnitTestAdapter, Microsoft.VisualStudio.QualityTools.Tips.UnitTest.Adapter, Version=10.0.0.0, Culture=neutral, PublicKeyToken=b03f5f7f11d50a3a" className="FinOM.Test.TS.Util.TimeTests, FinOM.Test, Version=1.0.0.0, Culture=neutral, PublicKeyToken=null" name="DivCeilineFractionalTest" />
    </UnitTest>
    <UnitTest name="TimePointsTest" storage="e:\teamcity_data\build\sierra\src\finom\finom.test\bin\debug\finom.test.dll" id="ea4eda5d-7674-1494-a2d6-92c92dead34a">
      <Execution id="cdafcdd0-4d30-4eb0-ab5f-caf5e7f837b4" />
      <TestMethod codeBase="E:/TeamCity_Data/Build/Sierra/src/FinOM/FinOM.Test/bin/Debug/FinOM.Test.DLL" adapterTypeName="Microsoft.VisualStudio.TestTools.TestTypes.Unit.UnitTestAdapter, Microsoft.VisualStudio.QualityTools.Tips.UnitTest.Adapter, Version=10.0.0.0, Culture=neutral, PublicKeyToken=b03f5f7f11d50a3a" className="FinOM.Test.TS.Core.IntradayOfWorkdayTimelineTests, FinOM.Test, Version=1.0.0.0, Culture=neutral, PublicKeyToken=null" name="TimePointsTest" />
    </UnitTest>
    <UnitTest name="CdsIrdv01Test" storage="e:\teamcity_data\build\sierra\src\finom\finom.test\bin\debug\finom.test.dll" id="08c9c5ba-42ee-cee9-7911-6b5d24ee8790">
      <Execution timeOut="1000000" id="d99dafc1-13b4-41ac-9df2-bddf3b76ee3a" />
      <TestMethod codeBase="E:/TeamCity_Data/Build/Sierra/src/FinOM/FinOM.Test/bin/Debug/FinOM.Test.DLL" adapterTypeName="Microsoft.VisualStudio.TestTools.TestTypes.Unit.UnitTestAdapter, Microsoft.VisualStudio.QualityTools.Tips.UnitTest.Adapter, Version=10.0.0.0, Culture=neutral, PublicKeyToken=b03f5f7f11d50a3a" className="FinOM.Test.Credit.CDSTest, FinOM.Test, Version=1.0.0.0, Culture=neutral, PublicKeyToken=null" name="CdsIrdv01Test" />
    </UnitTest>
    <UnitTest name="TickerChangeDefaultTest" storage="e:\teamcity_data\build\sierra\src\finom\finom.test\bin\debug\finom.test.dll" id="fefb0f93-9325-8aa1-5334-276efea24804">
      <Execution id="0821e5d7-3b4a-4bac-9832-9cabee80d1ca" />
      <TestMethod codeBase="E:/TeamCity_Data/Build/Sierra/src/FinOM/FinOM.Test/bin/Debug/FinOM.Test.DLL" adapterTypeName="Microsoft.VisualStudio.TestTools.TestTypes.Unit.UnitTestAdapter, Microsoft.VisualStudio.QualityTools.Tips.UnitTest.Adapter, Version=10.0.0.0, Culture=neutral, PublicKeyToken=b03f5f7f11d50a3a" className="FinOM.Test.Credit.CreditEntityTest, FinOM.Test, Version=1.0.0.0, Culture=neutral, PublicKeyToken=null" name="TickerChangeDefaultTest" />
    </UnitTest>
    <UnitTest name="EqVarCompositeVolTest" storage="e:\teamcity_data\build\sierra\src\finom\finom.test\bin\debug\finom.test.dll" id="9fd029c3-51f7-71ef-4b62-5b650bce444b">
      <Execution id="4f675f6d-1df0-4804-beac-37238a2334e3" />
      <TestMethod codeBase="E:/TeamCity_Data/Build/Sierra/src/FinOM/FinOM.Test/bin/Debug/FinOM.Test.DLL" adapterTypeName="Microsoft.VisualStudio.TestTools.TestTypes.Unit.UnitTestAdapter, Microsoft.VisualStudio.QualityTools.Tips.UnitTest.Adapter, Version=10.0.0.0, Culture=neutral, PublicKeyToken=b03f5f7f11d50a3a" className="FinOM.Test.EquityDerivatives.EquityTests, FinOM.Test, Version=1.0.0.0, Culture=neutral, PublicKeyToken=null" name="EqVarCompositeVolTest" />
    </UnitTest>
    <UnitTest name="EveryDayTimelineCreationTest" storage="e:\teamcity_data\build\sierra\src\finom\finom.test\bin\debug\finom.test.dll" id="7a65d649-5829-2ae1-9a1f-47c652834b28">
      <Execution id="44274ee1-3507-4236-b945-d63ba2df39fa" />
      <TestMethod codeBase="E:/TeamCity_Data/Build/Sierra/src/FinOM/FinOM.Test/bin/Debug/FinOM.Test.DLL" adapterTypeName="Microsoft.VisualStudio.TestTools.TestTypes.Unit.UnitTestAdapter, Microsoft.VisualStudio.QualityTools.Tips.UnitTest.Adapter, Version=10.0.0.0, Culture=neutral, PublicKeyToken=b03f5f7f11d50a3a" className="FinOM.Test.TS.Core.RecurringTimelineCreationTests, FinOM.Test, Version=1.0.0.0, Culture=neutral, PublicKeyToken=null" name="EveryDayTimelineCreationTest" />
    </UnitTest>
    <UnitTest name="IndexToTimeTest" storage="e:\teamcity_data\build\sierra\src\finom\finom.test\bin\debug\finom.test.dll" id="02092a87-6ea5-256a-b0d9-b429ede5d42e">
      <Execution id="e3f882f4-26b4-44e7-8b73-a1242320c6d0" />
      <TestMethod codeBase="E:/TeamCity_Data/Build/Sierra/src/FinOM/FinOM.Test/bin/Debug/FinOM.Test.DLL" adapterTypeName="Microsoft.VisualStudio.TestTools.TestTypes.Unit.UnitTestAdapter, Microsoft.VisualStudio.QualityTools.Tips.UnitTest.Adapter, Version=10.0.0.0, Culture=neutral, PublicKeyToken=b03f5f7f11d50a3a" className="FinOM.Test.TS.Core.WorkdayRecurrenceTests, FinOM.Test, Version=1.0.0.0, Culture=neutral, PublicKeyToken=null" name="IndexToTimeTest" />
    </UnitTest>
    <UnitTest name="SparseStrategyScenarioGetChanges" storage="e:\teamcity_data\build\sierra\src\finom\finom.test\bin\debug\finom.test.dll" id="8b1d07d3-99d6-c155-5fa4-c3873bc59153">
      <Execution id="a33c8a6f-421a-4a45-a323-1974720cbd1d" />
      <TestMethod codeBase="E:/TeamCity_Data/Build/Sierra/src/FinOM/FinOM.Test/bin/Debug/FinOM.Test.DLL" adapterTypeName="Microsoft.VisualStudio.TestTools.TestTypes.Unit.UnitTestAdapter, Microsoft.VisualStudio.QualityTools.Tips.UnitTest.Adapter, Version=10.0.0.0, Culture=neutral, PublicKeyToken=b03f5f7f11d50a3a" className="FinOM.Test.Analytics.StrategyTest, FinOM.Test, Version=1.0.0.0, Culture=neutral, PublicKeyToken=null" name="SparseStrategyScenarioGetChanges" />
    </UnitTest>
    <UnitTest name="LoadFromDatabaseTest" storage="e:\teamcity_data\build\sierra\src\finom\finom.test\bin\debug\finom.test.dll" id="123593e9-1ae6-4dbe-78ab-bbd16e524b9d">
      <Execution id="7522258e-f95d-4c11-96db-4cca6395f616" />
      <TestMethod codeBase="E:/TeamCity_Data/Build/Sierra/src/FinOM/FinOM.Test/bin/Debug/FinOM.Test.DLL" adapterTypeName="Microsoft.VisualStudio.TestTools.TestTypes.Unit.UnitTestAdapter, Microsoft.VisualStudio.QualityTools.Tips.UnitTest.Adapter, Version=10.0.0.0, Culture=neutral, PublicKeyToken=b03f5f7f11d50a3a" className="FinOM.Test.CurveMarker.CreditHierarchyTests, FinOM.Test, Version=1.0.0.0, Culture=neutral, PublicKeyToken=null" name="LoadFromDatabaseTest" />
    </UnitTest>
    <UnitTest name="ErrorDependencyTest" storage="e:\teamcity_data\build\sierra\src\finom\finom.test\bin\debug\finom.test.dll" id="b9123df4-d016-2598-3a6e-2ab66a81096b">
      <Execution id="0926468d-f901-44b7-9096-486b05601c3e" />
      <TestMethod codeBase="E:/TeamCity_Data/Build/Sierra/src/FinOM/FinOM.Test/bin/Debug/FinOM.Test.DLL" adapterTypeName="Microsoft.VisualStudio.TestTools.TestTypes.Unit.UnitTestAdapter, Microsoft.VisualStudio.QualityTools.Tips.UnitTest.Adapter, Version=10.0.0.0, Culture=neutral, PublicKeyToken=b03f5f7f11d50a3a" className="FinOM.Test.Cells.CellTest, FinOM.Test, Version=1.0.0.0, Culture=neutral, PublicKeyToken=null" name="ErrorDependencyTest" />
    </UnitTest>
    <UnitTest name="NonUniformTest" storage="e:\teamcity_data\build\sierra\src\finom\finom.test\bin\debug\finom.test.dll" id="628b9328-4ed1-6705-c540-b53e20d5c947">
      <Execution id="5ce962cf-8fc1-451c-8967-8dd9ec915ba5" />
      <TestMethod codeBase="E:/TeamCity_Data/Build/Sierra/src/FinOM/FinOM.Test/bin/Debug/FinOM.Test.DLL" adapterTypeName="Microsoft.VisualStudio.TestTools.TestTypes.Unit.UnitTestAdapter, Microsoft.VisualStudio.QualityTools.Tips.UnitTest.Adapter, Version=10.0.0.0, Culture=neutral, PublicKeyToken=b03f5f7f11d50a3a" className="FinOM.Test.TS.UseCases.IntradayTests, FinOM.Test, Version=1.0.0.0, Culture=neutral, PublicKeyToken=null" name="NonUniformTest" />
    </UnitTest>
    <UnitTest name="RHarMeanTest" storage="e:\teamcity_data\build\sierra\src\finom\finom.test\bin\debug\finom.test.dll" id="c26507bc-ef6b-3066-249a-67c01d57bdca">
      <Execution id="50352cab-278e-459d-9982-24390f57bad4" />
      <TestMethod codeBase="E:/TeamCity_Data/Build/Sierra/src/FinOM/FinOM.Test/bin/Debug/FinOM.Test.DLL" adapterTypeName="Microsoft.VisualStudio.TestTools.TestTypes.Unit.UnitTestAdapter, Microsoft.VisualStudio.QualityTools.Tips.UnitTest.Adapter, Version=10.0.0.0, Culture=neutral, PublicKeyToken=b03f5f7f11d50a3a" className="FinOM.Test.TS.Core.RunningUnaryTimeSeriesExprTests, FinOM.Test, Version=1.0.0.0, Culture=neutral, PublicKeyToken=null" name="RHarMeanTest" />
    </UnitTest>
    <UnitTest name="GuideOfGuideTest" storage="e:\teamcity_data\build\sierra\src\finom\finom.test\bin\debug\finom.test.dll" id="2ef15251-71c3-8de2-afe4-b39806a2d4cb">
      <Execution id="e56c0c07-e1f4-4ffb-99ba-d89a53284e47" />
      <TestMethod codeBase="E:/TeamCity_Data/Build/Sierra/src/FinOM/FinOM.Test/bin/Debug/FinOM.Test.DLL" adapterTypeName="Microsoft.VisualStudio.TestTools.TestTypes.Unit.UnitTestAdapter, Microsoft.VisualStudio.QualityTools.Tips.UnitTest.Adapter, Version=10.0.0.0, Culture=neutral, PublicKeyToken=b03f5f7f11d50a3a" className="FinOM.Test.TS.Core.StepsMixedCombinedTimelinesTests, FinOM.Test, Version=1.0.0.0, Culture=neutral, PublicKeyToken=null" name="GuideOfGuideTest" />
    </UnitTest>
    <UnitTest name="CompositeRecurrencePositiveCreationTest4" storage="e:\teamcity_data\build\sierra\src\finom\finom.test\bin\debug\finom.test.dll" id="3b312407-7a38-b354-7c6b-b5fc62523c40">
      <Execution id="95651ee2-eceb-4d94-8f4d-9fcf7fe8f856" />
      <TestMethod codeBase="E:/TeamCity_Data/Build/Sierra/src/FinOM/FinOM.Test/bin/Debug/FinOM.Test.DLL" adapterTypeName="Microsoft.VisualStudio.TestTools.TestTypes.Unit.UnitTestAdapter, Microsoft.VisualStudio.QualityTools.Tips.UnitTest.Adapter, Version=10.0.0.0, Culture=neutral, PublicKeyToken=b03f5f7f11d50a3a" className="FinOM.Test.TS.Core.WorkdayPartialCompositeRecurrenceTests, FinOM.Test, Version=1.0.0.0, Culture=neutral, PublicKeyToken=null" name="CompositeRecurrencePositiveCreationTest4" />
    </UnitTest>
    <UnitTest name="TestMaxDateTime" storage="e:\teamcity_data\build\sierra\src\finom\finom.test\bin\debug\finom.test.dll" id="20839527-a15a-434a-7b64-2d92b9c1e04a">
      <Execution id="6ae46b81-cf8a-4314-94f1-82cdde145373" />
      <TestMethod codeBase="E:/TeamCity_Data/Build/Sierra/src/FinOM/FinOM.Test/bin/Debug/FinOM.Test.DLL" adapterTypeName="Microsoft.VisualStudio.TestTools.TestTypes.Unit.UnitTestAdapter, Microsoft.VisualStudio.QualityTools.Tips.UnitTest.Adapter, Version=10.0.0.0, Culture=neutral, PublicKeyToken=b03f5f7f11d50a3a" className="FinOM.Test.Cells.ListCellHelperTests, FinOM.Test, Version=1.0.0.0, Culture=neutral, PublicKeyToken=null" name="TestMaxDateTime" />
    </UnitTest>
    <UnitTest name="DifferenceOfIntersectionTest" storage="e:\teamcity_data\build\sierra\src\finom\finom.test\bin\debug\finom.test.dll" id="8bc270ba-32f7-2383-5bca-735c8e902c7c">
      <Execution id="943c941e-721f-4731-ae45-cc4743fcc0b4" />
      <TestMethod codeBase="E:/TeamCity_Data/Build/Sierra/src/FinOM/FinOM.Test/bin/Debug/FinOM.Test.DLL" adapterTypeName="Microsoft.VisualStudio.TestTools.TestTypes.Unit.UnitTestAdapter, Microsoft.VisualStudio.QualityTools.Tips.UnitTest.Adapter, Version=10.0.0.0, Culture=neutral, PublicKeyToken=b03f5f7f11d50a3a" className="FinOM.Test.TS.Core.StepsMixedCombinedTimelinesTests, FinOM.Test, Version=1.0.0.0, Culture=neutral, PublicKeyToken=null" name="DifferenceOfIntersectionTest" />
    </UnitTest>
    <UnitTest name="LoadFromDatabaseSaveToCacheTest" storage="e:\teamcity_data\build\sierra\src\finom\finom.test\bin\debug\finom.test.dll" id="c159d328-032c-2c7c-46d1-44dd23033643">
      <Execution id="cec85082-a7ac-4959-ad63-30ebb42bf839" />
      <TestMethod codeBase="E:/TeamCity_Data/Build/Sierra/src/FinOM/FinOM.Test/bin/Debug/FinOM.Test.DLL" adapterTypeName="Microsoft.VisualStudio.TestTools.TestTypes.Unit.UnitTestAdapter, Microsoft.VisualStudio.QualityTools.Tips.UnitTest.Adapter, Version=10.0.0.0, Culture=neutral, PublicKeyToken=b03f5f7f11d50a3a" className="FinOM.Test.CurveMarker.CreditHierarchyTests, FinOM.Test, Version=1.0.0.0, Culture=neutral, PublicKeyToken=null" name="LoadFromDatabaseSaveToCacheTest" />
    </UnitTest>
    <UnitTest name="Test4" storage="e:\teamcity_data\build\sierra\src\finom\finom.test\bin\debug\finom.test.dll" id="a5f36273-95c1-486b-a82b-c96a1f77b78f">
      <Execution id="8b594586-d52b-4645-bcd4-46457527db7f" />
      <TestMethod codeBase="E:/TeamCity_Data/Build/Sierra/src/FinOM/FinOM.Test/bin/Debug/FinOM.Test.DLL" adapterTypeName="Microsoft.VisualStudio.TestTools.TestTypes.Unit.UnitTestAdapter, Microsoft.VisualStudio.QualityTools.Tips.UnitTest.Adapter, Version=10.0.0.0, Culture=neutral, PublicKeyToken=b03f5f7f11d50a3a" className="FinOM.Test.TS.Tool.DateSpecTests, FinOM.Test, Version=1.0.0.0, Culture=neutral, PublicKeyToken=null" name="Test4" />
    </UnitTest>
    <UnitTest name="ExplicitAndNonExplicitPrecedentTest" storage="e:\teamcity_data\build\sierra\src\finom\finom.test\bin\debug\finom.test.dll" id="b96a2169-415c-0b04-3293-ed376a421107">
      <Execution id="6dadc676-f6dd-4033-858c-d57612db16bc" />
      <TestMethod codeBase="E:/TeamCity_Data/Build/Sierra/src/FinOM/FinOM.Test/bin/Debug/FinOM.Test.DLL" adapterTypeName="Microsoft.VisualStudio.TestTools.TestTypes.Unit.UnitTestAdapter, Microsoft.VisualStudio.QualityTools.Tips.UnitTest.Adapter, Version=10.0.0.0, Culture=neutral, PublicKeyToken=b03f5f7f11d50a3a" className="FinOM.Test.Cells.CellTest, FinOM.Test, Version=1.0.0.0, Culture=neutral, PublicKeyToken=null" name="ExplicitAndNonExplicitPrecedentTest" />
    </UnitTest>
    <UnitTest name="IndexerOutOfBoundsTest" storage="e:\teamcity_data\build\sierra\src\finom\finom.test\bin\debug\finom.test.dll" id="6cc5221b-82e4-50ac-6c77-596aee634762">
      <Execution id="15010519-984e-4ccf-9dd9-a35e6339a37b" />
      <TestMethod codeBase="E:/TeamCity_Data/Build/Sierra/src/FinOM/FinOM.Test/bin/Debug/FinOM.Test.DLL" adapterTypeName="Microsoft.VisualStudio.TestTools.TestTypes.Unit.UnitTestAdapter, Microsoft.VisualStudio.QualityTools.Tips.UnitTest.Adapter, Version=10.0.0.0, Culture=neutral, PublicKeyToken=b03f5f7f11d50a3a" className="FinOM.Test.TS.Core.IntradayOfWeekdayWithCutTimelineTests, FinOM.Test, Version=1.0.0.0, Culture=neutral, PublicKeyToken=null" name="IndexerOutOfBoundsTest" />
    </UnitTest>
    <UnitTest name="FixedGridPnlParityTest" storage="e:\teamcity_data\build\sierra\src\finom\finom.test\bin\debug\finom.test.dll" id="b93799ff-5b17-e1f9-0d99-2c637168fb69">
      <Execution id="846c1c4a-2e9e-4e28-a80e-d9e0bc2b23fc" />
      <TestMethod codeBase="E:/TeamCity_Data/Build/Sierra/src/FinOM/FinOM.Test/bin/Debug/FinOM.Test.DLL" adapterTypeName="Microsoft.VisualStudio.TestTools.TestTypes.Unit.UnitTestAdapter, Microsoft.VisualStudio.QualityTools.Tips.UnitTest.Adapter, Version=10.0.0.0, Culture=neutral, PublicKeyToken=b03f5f7f11d50a3a" className="FinOM.Test.FinanceScenarios.FixedLossGridTest, FinOM.Test, Version=1.0.0.0, Culture=neutral, PublicKeyToken=null" name="FixedGridPnlParityTest" />
    </UnitTest>
    <UnitTest name="FrameCellIdentityFail" storage="e:\teamcity_data\build\sierra\src\finom\finom.test\bin\debug\finom.test.dll" id="efe2d6a3-8547-02f9-85cf-33e9b70241d9">
      <Execution id="9f3f4e8d-1e9f-42a4-a807-f8f93db5bade" />
      <TestMethod codeBase="E:/TeamCity_Data/Build/Sierra/src/FinOM/FinOM.Test/bin/Debug/FinOM.Test.DLL" adapterTypeName="Microsoft.VisualStudio.TestTools.TestTypes.Unit.UnitTestAdapter, Microsoft.VisualStudio.QualityTools.Tips.UnitTest.Adapter, Version=10.0.0.0, Culture=neutral, PublicKeyToken=b03f5f7f11d50a3a" className="FinOM.Core.Test.FrameTest, FinOM.Test, Version=1.0.0.0, Culture=neutral, PublicKeyToken=null" name="FrameCellIdentityFail" />
    </UnitTest>
    <UnitTest name="ABCTest" storage="e:\teamcity_data\build\sierra\src\finom\finom.test\bin\debug\finom.test.dll" id="3627f330-23b8-c355-fa9e-4811c8a0c047">
      <Execution id="47f8c267-699e-484b-b326-673f42b4ebaa" />
      <TestMethod codeBase="E:/TeamCity_Data/Build/Sierra/src/FinOM/FinOM.Test/bin/Debug/FinOM.Test.DLL" adapterTypeName="Microsoft.VisualStudio.TestTools.TestTypes.Unit.UnitTestAdapter, Microsoft.VisualStudio.QualityTools.Tips.UnitTest.Adapter, Version=10.0.0.0, Culture=neutral, PublicKeyToken=b03f5f7f11d50a3a" className="FinOM.Test.TS.Core.SpliceTimeSeriesExprTests, FinOM.Test, Version=1.0.0.0, Culture=neutral, PublicKeyToken=null" name="ABCTest" />
    </UnitTest>
    <UnitTest name="GuideOfUnionTest" storage="e:\teamcity_data\build\sierra\src\finom\finom.test\bin\debug\finom.test.dll" id="15a22801-887b-8136-68f1-6f969fb1107f">
      <Execution id="f22b2006-7b99-44c6-96ce-69eb9efffe38" />
      <TestMethod codeBase="E:/TeamCity_Data/Build/Sierra/src/FinOM/FinOM.Test/bin/Debug/FinOM.Test.DLL" adapterTypeName="Microsoft.VisualStudio.TestTools.TestTypes.Unit.UnitTestAdapter, Microsoft.VisualStudio.QualityTools.Tips.UnitTest.Adapter, Version=10.0.0.0, Culture=neutral, PublicKeyToken=b03f5f7f11d50a3a" className="FinOM.Test.TS.Core.RandomMixedCombinedTimelinesTests, FinOM.Test, Version=1.0.0.0, Culture=neutral, PublicKeyToken=null" name="GuideOfUnionTest" />
    </UnitTest>
    <UnitTest name="IndexOfNonExistingTest" storage="e:\teamcity_data\build\sierra\src\finom\finom.test\bin\debug\finom.test.dll" id="3ac221e0-6b0b-ee27-44a3-5bb97fff0357">
      <Execution id="327ced7a-2aed-4c6b-91f0-50b7bfa3ff4d" />
      <TestMethod codeBase="E:/TeamCity_Data/Build/Sierra/src/FinOM/FinOM.Test/bin/Debug/FinOM.Test.DLL" adapterTypeName="Microsoft.VisualStudio.TestTools.TestTypes.Unit.UnitTestAdapter, Microsoft.VisualStudio.QualityTools.Tips.UnitTest.Adapter, Version=10.0.0.0, Culture=neutral, PublicKeyToken=b03f5f7f11d50a3a" className="FinOM.Test.TS.Core.IntradayOfWorkdayWithCutTimelineTests, FinOM.Test, Version=1.0.0.0, Culture=neutral, PublicKeyToken=null" name="IndexOfNonExistingTest" />
    </UnitTest>
    <UnitTest name="UniformCompositeRecurrenceMinimumIntervalTest" storage="e:\teamcity_data\build\sierra\src\finom\finom.test\bin\debug\finom.test.dll" id="dea0397c-d012-d0ad-e936-69352303d576">
      <Execution id="b12a611f-2b37-4c92-85f3-1b6288a15fa2" />
      <TestMethod codeBase="E:/TeamCity_Data/Build/Sierra/src/FinOM/FinOM.Test/bin/Debug/FinOM.Test.DLL" adapterTypeName="Microsoft.VisualStudio.TestTools.TestTypes.Unit.UnitTestAdapter, Microsoft.VisualStudio.QualityTools.Tips.UnitTest.Adapter, Version=10.0.0.0, Culture=neutral, PublicKeyToken=b03f5f7f11d50a3a" className="FinOM.Test.TS.Core.WorkdayPartialCompositeRecurrenceTests, FinOM.Test, Version=1.0.0.0, Culture=neutral, PublicKeyToken=null" name="UniformCompositeRecurrenceMinimumIntervalTest" />
    </UnitTest>
    <UnitTest name="BottomCellNotPointerOneMoreIndirect" storage="e:\teamcity_data\build\sierra\src\finom\finom.test\bin\debug\finom.test.dll" id="3051b7e8-9e9b-c9b7-4db7-2fda3b0432c7">
      <Execution id="77135705-4d0b-4795-9748-dd7ec991019f" />
      <TestMethod codeBase="E:/TeamCity_Data/Build/Sierra/src/FinOM/FinOM.Test/bin/Debug/FinOM.Test.DLL" adapterTypeName="Microsoft.VisualStudio.TestTools.TestTypes.Unit.UnitTestAdapter, Microsoft.VisualStudio.QualityTools.Tips.UnitTest.Adapter, Version=10.0.0.0, Culture=neutral, PublicKeyToken=b03f5f7f11d50a3a" className="FinOM.Test.Cells.CellMathTests, FinOM.Test, Version=1.0.0.0, Culture=neutral, PublicKeyToken=null" name="BottomCellNotPointerOneMoreIndirect" />
    </UnitTest>
    <UnitTest name="OptiomalCDSConsolidatorWithZeroNotional" storage="e:\teamcity_data\build\sierra\src\finom\finom.test\bin\debug\finom.test.dll" id="02011b17-9e7b-1b12-9cae-3976077b0585">
      <Execution id="f889d8f4-ce12-4174-9575-6b7f74a80a5a" />
      <TestMethod codeBase="E:/TeamCity_Data/Build/Sierra/src/FinOM/FinOM.Test/bin/Debug/FinOM.Test.DLL" adapterTypeName="Microsoft.VisualStudio.TestTools.TestTypes.Unit.UnitTestAdapter, Microsoft.VisualStudio.QualityTools.Tips.UnitTest.Adapter, Version=10.0.0.0, Culture=neutral, PublicKeyToken=b03f5f7f11d50a3a" className="FinOM.Test.Data.TradeConsolidatorTest, FinOM.Test, Version=1.0.0.0, Culture=neutral, PublicKeyToken=null" name="OptiomalCDSConsolidatorWithZeroNotional" />
    </UnitTest>
    <UnitTest name="NonUniformCompositeRecurrenceMinimumIntervalTest" storage="e:\teamcity_data\build\sierra\src\finom\finom.test\bin\debug\finom.test.dll" id="e09ee75f-6ca2-8a2c-eb91-fc3067915ebb">
      <Execution id="600692ac-4e0e-44bc-88df-80b0c3b81793" />
      <TestMethod codeBase="E:/TeamCity_Data/Build/Sierra/src/FinOM/FinOM.Test/bin/Debug/FinOM.Test.DLL" adapterTypeName="Microsoft.VisualStudio.TestTools.TestTypes.Unit.UnitTestAdapter, Microsoft.VisualStudio.QualityTools.Tips.UnitTest.Adapter, Version=10.0.0.0, Culture=neutral, PublicKeyToken=b03f5f7f11d50a3a" className="FinOM.Test.TS.Core.WorkdayPartialCompositeRecurrenceTests, FinOM.Test, Version=1.0.0.0, Culture=neutral, PublicKeyToken=null" name="NonUniformCompositeRecurrenceMinimumIntervalTest" />
    </UnitTest>
    <UnitTest name="RStDevTest" storage="e:\teamcity_data\build\sierra\src\finom\finom.test\bin\debug\finom.test.dll" id="5198b96d-d456-4419-cd8f-963165ec72f0">
      <Execution id="352b7cbb-0104-4a1d-a784-c2be91de9edc" />
      <TestMethod codeBase="E:/TeamCity_Data/Build/Sierra/src/FinOM/FinOM.Test/bin/Debug/FinOM.Test.DLL" adapterTypeName="Microsoft.VisualStudio.TestTools.TestTypes.Unit.UnitTestAdapter, Microsoft.VisualStudio.QualityTools.Tips.UnitTest.Adapter, Version=10.0.0.0, Culture=neutral, PublicKeyToken=b03f5f7f11d50a3a" className="FinOM.Test.TS.Core.RunningUnaryTimeSeriesExprTests, FinOM.Test, Version=1.0.0.0, Culture=neutral, PublicKeyToken=null" name="RStDevTest" />
    </UnitTest>
    <UnitTest name="OnTheRunCdxTestUsingExpression" storage="e:\teamcity_data\build\sierra\src\finom\finom.test\bin\debug\finom.test.dll" id="98686348-c8f7-990d-1f61-d194ba936a48">
      <Execution id="93d073b9-64d0-44ad-9e48-3b67f50d6824" />
      <TestMethod codeBase="E:/TeamCity_Data/Build/Sierra/src/FinOM/FinOM.Test/bin/Debug/FinOM.Test.DLL" adapterTypeName="Microsoft.VisualStudio.TestTools.TestTypes.Unit.UnitTestAdapter, Microsoft.VisualStudio.QualityTools.Tips.UnitTest.Adapter, Version=10.0.0.0, Culture=neutral, PublicKeyToken=b03f5f7f11d50a3a" className="BM.FinOM.TestN.TSTests, FinOM.Test, Version=1.0.0.0, Culture=neutral, PublicKeyToken=null" name="OnTheRunCdxTestUsingExpression" />
    </UnitTest>
    <UnitTest name="RAvgTest" storage="e:\teamcity_data\build\sierra\src\finom\finom.test\bin\debug\finom.test.dll" id="079b25c9-2546-7c38-5d2d-818db311bedf">
      <Execution id="de5ec201-aff3-453a-8c65-18ebba48eeb4" />
      <TestMethod codeBase="E:/TeamCity_Data/Build/Sierra/src/FinOM/FinOM.Test/bin/Debug/FinOM.Test.DLL" adapterTypeName="Microsoft.VisualStudio.TestTools.TestTypes.Unit.UnitTestAdapter, Microsoft.VisualStudio.QualityTools.Tips.UnitTest.Adapter, Version=10.0.0.0, Culture=neutral, PublicKeyToken=b03f5f7f11d50a3a" className="FinOM.Test.TS.Core.RunningUnaryTimeSeriesExprTests, FinOM.Test, Version=1.0.0.0, Culture=neutral, PublicKeyToken=null" name="RAvgTest" />
    </UnitTest>
    <UnitTest name="BinarySymDiff2Test" storage="e:\teamcity_data\build\sierra\src\finom\finom.test\bin\debug\finom.test.dll" id="4d31dd50-8591-2676-bed4-e3d00dcaf2fa">
      <Execution id="271d5304-1e90-46d1-8c8c-797830611a3f" />
      <TestMethod codeBase="E:/TeamCity_Data/Build/Sierra/src/FinOM/FinOM.Test/bin/Debug/FinOM.Test.DLL" adapterTypeName="Microsoft.VisualStudio.TestTools.TestTypes.Unit.UnitTestAdapter, Microsoft.VisualStudio.QualityTools.Tips.UnitTest.Adapter, Version=10.0.0.0, Culture=neutral, PublicKeyToken=b03f5f7f11d50a3a" className="FinOM.Test.TS.Core.BinaryExpectedCombinedTimelinesTests, FinOM.Test, Version=1.0.0.0, Culture=neutral, PublicKeyToken=null" name="BinarySymDiff2Test" />
    </UnitTest>
    <UnitTest name="ACTest" storage="e:\teamcity_data\build\sierra\src\finom\finom.test\bin\debug\finom.test.dll" id="d8046272-930f-c8b5-03a8-c34dc333b34e">
      <Execution id="5ccc2850-330f-4f03-bc01-4366e573b50b" />
      <TestMethod codeBase="E:/TeamCity_Data/Build/Sierra/src/FinOM/FinOM.Test/bin/Debug/FinOM.Test.DLL" adapterTypeName="Microsoft.VisualStudio.TestTools.TestTypes.Unit.UnitTestAdapter, Microsoft.VisualStudio.QualityTools.Tips.UnitTest.Adapter, Version=10.0.0.0, Culture=neutral, PublicKeyToken=b03f5f7f11d50a3a" className="FinOM.Test.TS.Core.SpliceTimeSeriesExprTests, FinOM.Test, Version=1.0.0.0, Culture=neutral, PublicKeyToken=null" name="ACTest" />
    </UnitTest>
    <UnitTest name="SymDiffTest" storage="e:\teamcity_data\build\sierra\src\finom\finom.test\bin\debug\finom.test.dll" id="fb3575ea-6bc7-0e8e-52b9-5f2f6a94db8d">
      <Execution id="1d73ac90-79ca-40e0-a313-233fae900c84" />
      <TestMethod codeBase="E:/TeamCity_Data/Build/Sierra/src/FinOM/FinOM.Test/bin/Debug/FinOM.Test.DLL" adapterTypeName="Microsoft.VisualStudio.TestTools.TestTypes.Unit.UnitTestAdapter, Microsoft.VisualStudio.QualityTools.Tips.UnitTest.Adapter, Version=10.0.0.0, Culture=neutral, PublicKeyToken=b03f5f7f11d50a3a" className="FinOM.Test.TS.Core.StepsBlindCombinedTimelinesTests, FinOM.Test, Version=1.0.0.0, Culture=neutral, PublicKeyToken=null" name="SymDiffTest" />
    </UnitTest>
    <UnitTest name="SubTimelineIndirectTest" storage="e:\teamcity_data\build\sierra\src\finom\finom.test\bin\debug\finom.test.dll" id="27e26e7b-372e-4ece-6a19-561037fefc37">
      <Execution id="2ff2b305-efac-4a49-97a2-c16fbae55a19" />
      <TestMethod codeBase="E:/TeamCity_Data/Build/Sierra/src/FinOM/FinOM.Test/bin/Debug/FinOM.Test.DLL" adapterTypeName="Microsoft.VisualStudio.TestTools.TestTypes.Unit.UnitTestAdapter, Microsoft.VisualStudio.QualityTools.Tips.UnitTest.Adapter, Version=10.0.0.0, Culture=neutral, PublicKeyToken=b03f5f7f11d50a3a" className="FinOM.Test.TS.Core.IntradayOfDailyWithCutTimelineTests, FinOM.Test, Version=1.0.0.0, Culture=neutral, PublicKeyToken=null" name="SubTimelineIndirectTest" />
    </UnitTest>
    <UnitTest name="TestIRZeroCurve" storage="e:\teamcity_data\build\sierra\src\finom\finom.test\bin\debug\finom.test.dll" id="bc0f9adf-0e4a-8258-51aa-47ade2761d78">
      <Execution id="de70d318-c963-44aa-9c24-c76e7510b95f" />
      <TestMethod codeBase="E:/TeamCity_Data/Build/Sierra/src/FinOM/FinOM.Test/bin/Debug/FinOM.Test.DLL" adapterTypeName="Microsoft.VisualStudio.TestTools.TestTypes.Unit.UnitTestAdapter, Microsoft.VisualStudio.QualityTools.Tips.UnitTest.Adapter, Version=10.0.0.0, Culture=neutral, PublicKeyToken=b03f5f7f11d50a3a" className="FinOM.Test.Credit.IsdaCdsModelTest, FinOM.Test, Version=1.0.0.0, Culture=neutral, PublicKeyToken=null" name="TestIRZeroCurve" />
    </UnitTest>
    <UnitTest name="TimeToIndexShiftedPositiveTest" storage="e:\teamcity_data\build\sierra\src\finom\finom.test\bin\debug\finom.test.dll" id="3cbcd098-1dbe-4f6d-1ce3-0ec21f7e926e">
      <Execution id="9966bcb0-0c82-4e81-bde0-66d99dd480e4" />
      <TestMethod codeBase="E:/TeamCity_Data/Build/Sierra/src/FinOM/FinOM.Test/bin/Debug/FinOM.Test.DLL" adapterTypeName="Microsoft.VisualStudio.TestTools.TestTypes.Unit.UnitTestAdapter, Microsoft.VisualStudio.QualityTools.Tips.UnitTest.Adapter, Version=10.0.0.0, Culture=neutral, PublicKeyToken=b03f5f7f11d50a3a" className="FinOM.Test.TS.Core.WeekdayCompositeRecurrenceTests, FinOM.Test, Version=1.0.0.0, Culture=neutral, PublicKeyToken=null" name="TimeToIndexShiftedPositiveTest" />
    </UnitTest>
    <UnitTest name="ListTest" storage="e:\teamcity_data\build\sierra\src\finom\finom.test\bin\debug\finom.test.dll" id="b80f6e54-2549-2a52-f7ef-541f5a8f6e43">
      <Execution id="528dcfac-07c5-402c-b5f0-1fde3c7a8e7d" />
      <TestMethod codeBase="E:/TeamCity_Data/Build/Sierra/src/FinOM/FinOM.Test/bin/Debug/FinOM.Test.DLL" adapterTypeName="Microsoft.VisualStudio.TestTools.TestTypes.Unit.UnitTestAdapter, Microsoft.VisualStudio.QualityTools.Tips.UnitTest.Adapter, Version=10.0.0.0, Culture=neutral, PublicKeyToken=b03f5f7f11d50a3a" className="FinOM.Test.Cells.CellTest, FinOM.Test, Version=1.0.0.0, Culture=neutral, PublicKeyToken=null" name="ListTest" />
    </UnitTest>
    <UnitTest name="TimeIndexFloorSegmentTest" storage="e:\teamcity_data\build\sierra\src\finom\finom.test\bin\debug\finom.test.dll" id="0595b4e0-76f2-345e-e822-64d940b5cb15">
      <Execution id="d2bcbec3-4c7c-4f64-ae5f-8465ceb68abd" />
      <TestMethod codeBase="E:/TeamCity_Data/Build/Sierra/src/FinOM/FinOM.Test/bin/Debug/FinOM.Test.DLL" adapterTypeName="Microsoft.VisualStudio.TestTools.TestTypes.Unit.UnitTestAdapter, Microsoft.VisualStudio.QualityTools.Tips.UnitTest.Adapter, Version=10.0.0.0, Culture=neutral, PublicKeyToken=b03f5f7f11d50a3a" className="FinOM.Test.TS.Core.IntradayOfDailyWithCutTimelineTests, FinOM.Test, Version=1.0.0.0, Culture=neutral, PublicKeyToken=null" name="TimeIndexFloorSegmentTest" />
    </UnitTest>
    <UnitTest name="LoadFromCacheTest" storage="e:\teamcity_data\build\sierra\src\finom\finom.test\bin\debug\finom.test.dll" id="15d84585-4bef-ec7a-5564-abd3cbc7cc9e">
      <Execution id="c345cec9-9db4-430a-a996-c5fc29bdf0b1" />
      <TestMethod codeBase="E:/TeamCity_Data/Build/Sierra/src/FinOM/FinOM.Test/bin/Debug/FinOM.Test.DLL" adapterTypeName="Microsoft.VisualStudio.TestTools.TestTypes.Unit.UnitTestAdapter, Microsoft.VisualStudio.QualityTools.Tips.UnitTest.Adapter, Version=10.0.0.0, Culture=neutral, PublicKeyToken=b03f5f7f11d50a3a" className="FinOM.Test.CurveMarker.CreditHierarchyTests, FinOM.Test, Version=1.0.0.0, Culture=neutral, PublicKeyToken=null" name="LoadFromCacheTest" />
    </UnitTest>
    <UnitTest name="TestConvertToSpread" storage="e:\teamcity_data\build\sierra\src\finom\finom.test\bin\debug\finom.test.dll" id="f2d31d01-15ec-58f4-2110-56064f365ddb">
      <Execution id="d54b4f56-bc1e-4b16-bd6d-5dfa22378c7b" />
      <TestMethod codeBase="E:/TeamCity_Data/Build/Sierra/src/FinOM/FinOM.Test/bin/Debug/FinOM.Test.DLL" adapterTypeName="Microsoft.VisualStudio.TestTools.TestTypes.Unit.UnitTestAdapter, Microsoft.VisualStudio.QualityTools.Tips.UnitTest.Adapter, Version=10.0.0.0, Culture=neutral, PublicKeyToken=b03f5f7f11d50a3a" className="FinOM.Test.Credit.IsdaCdsModelTest, FinOM.Test, Version=1.0.0.0, Culture=neutral, PublicKeyToken=null" name="TestConvertToSpread" />
    </UnitTest>
    <UnitTest name="SetAndOverrideTwoTest" storage="e:\teamcity_data\build\sierra\src\finom\finom.test\bin\debug\finom.test.dll" id="52201833-6fc5-cd19-368d-2f054d69cec1">
      <Execution id="367a20dd-ee37-4391-b7e6-3fbf0ef9761d" />
      <TestMethod codeBase="E:/TeamCity_Data/Build/Sierra/src/FinOM/FinOM.Test/bin/Debug/FinOM.Test.DLL" adapterTypeName="Microsoft.VisualStudio.TestTools.TestTypes.Unit.UnitTestAdapter, Microsoft.VisualStudio.QualityTools.Tips.UnitTest.Adapter, Version=10.0.0.0, Culture=neutral, PublicKeyToken=b03f5f7f11d50a3a" className="FinOM.Test.Cells.CellTest, FinOM.Test, Version=1.0.0.0, Culture=neutral, PublicKeyToken=null" name="SetAndOverrideTwoTest" />
    </UnitTest>
    <UnitTest name="FillMiddleWaterMorePropsSparseMemorySimpleRetrieve" storage="e:\teamcity_data\build\sierra\src\finom\finom.test\bin\debug\finom.test.dll" id="2346b8e1-b3c6-38a9-663a-9a37997695ca">
      <Execution id="e19e9904-2979-4852-a851-69d7937a8c38" />
      <TestMethod codeBase="E:/TeamCity_Data/Build/Sierra/src/FinOM/FinOM.Test/bin/Debug/FinOM.Test.DLL" adapterTypeName="Microsoft.VisualStudio.TestTools.TestTypes.Unit.UnitTestAdapter, Microsoft.VisualStudio.QualityTools.Tips.UnitTest.Adapter, Version=10.0.0.0, Culture=neutral, PublicKeyToken=b03f5f7f11d50a3a" className="FinOM.Core.Test.SparseDataTests, FinOM.Test, Version=1.0.0.0, Culture=neutral, PublicKeyToken=null" name="FillMiddleWaterMorePropsSparseMemorySimpleRetrieve" />
    </UnitTest>
    <UnitTest name="UnionOfIntersectionTest" storage="e:\teamcity_data\build\sierra\src\finom\finom.test\bin\debug\finom.test.dll" id="0b0bdee1-6828-5b4d-0b03-cbd806b42892">
      <Execution id="f736c42c-aa79-482f-b202-52a8fa3276d8" />
      <TestMethod codeBase="E:/TeamCity_Data/Build/Sierra/src/FinOM/FinOM.Test/bin/Debug/FinOM.Test.DLL" adapterTypeName="Microsoft.VisualStudio.TestTools.TestTypes.Unit.UnitTestAdapter, Microsoft.VisualStudio.QualityTools.Tips.UnitTest.Adapter, Version=10.0.0.0, Culture=neutral, PublicKeyToken=b03f5f7f11d50a3a" className="FinOM.Test.TS.Core.RandomMixedCombinedTimelinesTests, FinOM.Test, Version=1.0.0.0, Culture=neutral, PublicKeyToken=null" name="UnionOfIntersectionTest" />
    </UnitTest>
    <UnitTest name="StartTimeTest" storage="e:\teamcity_data\build\sierra\src\finom\finom.test\bin\debug\finom.test.dll" id="8f4ceed2-6d1c-2d8e-b899-854a8fa68582">
      <Execution id="2bc70577-6e62-42f0-8f15-d50d3aea95d9" />
      <TestMethod codeBase="E:/TeamCity_Data/Build/Sierra/src/FinOM/FinOM.Test/bin/Debug/FinOM.Test.DLL" adapterTypeName="Microsoft.VisualStudio.TestTools.TestTypes.Unit.UnitTestAdapter, Microsoft.VisualStudio.QualityTools.Tips.UnitTest.Adapter, Version=10.0.0.0, Culture=neutral, PublicKeyToken=b03f5f7f11d50a3a" className="FinOM.Test.TS.Core.OffsetOfRecurringTimelineTests, FinOM.Test, Version=1.0.0.0, Culture=neutral, PublicKeyToken=null" name="StartTimeTest" />
    </UnitTest>
    <UnitTest name="resbasis_retrieveMapTable" storage="e:\teamcity_data\build\sierra\src\finom\finom.test\bin\debug\finom.test.dll" id="a35d60bc-466c-7449-2d35-652207871210">
      <Execution id="8adc599e-fb6b-4f3d-a0cf-e30b58b45ed3" />
      <TestMethod codeBase="E:/TeamCity_Data/Build/Sierra/src/FinOM/FinOM.Test/bin/Debug/FinOM.Test.DLL" adapterTypeName="Microsoft.VisualStudio.TestTools.TestTypes.Unit.UnitTestAdapter, Microsoft.VisualStudio.QualityTools.Tips.UnitTest.Adapter, Version=10.0.0.0, Culture=neutral, PublicKeyToken=b03f5f7f11d50a3a" className="FinOM.Analytics.Test.MarketDataTests, FinOM.Test, Version=1.0.0.0, Culture=neutral, PublicKeyToken=null" name="resbasis_retrieveMapTable" />
    </UnitTest>
    <UnitTest name="StartTimeTest" storage="e:\teamcity_data\build\sierra\src\finom\finom.test\bin\debug\finom.test.dll" id="48f42360-a939-8248-4c02-1a011e21c1d7">
      <Execution id="9ef1f7ab-5ce2-49fd-8c14-ac942507d7ac" />
      <TestMethod codeBase="E:/TeamCity_Data/Build/Sierra/src/FinOM/FinOM.Test/bin/Debug/FinOM.Test.DLL" adapterTypeName="Microsoft.VisualStudio.TestTools.TestTypes.Unit.UnitTestAdapter, Microsoft.VisualStudio.QualityTools.Tips.UnitTest.Adapter, Version=10.0.0.0, Culture=neutral, PublicKeyToken=b03f5f7f11d50a3a" className="FinOM.Test.TS.Core.RecurringTimelineTests, FinOM.Test, Version=1.0.0.0, Culture=neutral, PublicKeyToken=null" name="StartTimeTest" />
    </UnitTest>
    <UnitTest name="EndTimeTest" storage="e:\teamcity_data\build\sierra\src\finom\finom.test\bin\debug\finom.test.dll" id="9749073d-88d7-f868-3be9-8418b410f954">
      <Execution id="529d20e3-9136-4a3d-839e-15d57146f307" />
      <TestMethod codeBase="E:/TeamCity_Data/Build/Sierra/src/FinOM/FinOM.Test/bin/Debug/FinOM.Test.DLL" adapterTypeName="Microsoft.VisualStudio.TestTools.TestTypes.Unit.UnitTestAdapter, Microsoft.VisualStudio.QualityTools.Tips.UnitTest.Adapter, Version=10.0.0.0, Culture=neutral, PublicKeyToken=b03f5f7f11d50a3a" className="FinOM.Test.TS.Core.IntradayOfWorkdayTimelineTests, FinOM.Test, Version=1.0.0.0, Culture=neutral, PublicKeyToken=null" name="EndTimeTest" />
    </UnitTest>
    <UnitTest name="EmptyScenarioTest" storage="e:\teamcity_data\build\sierra\src\finom\finom.test\bin\debug\finom.test.dll" id="74fd06f7-4fd4-f61f-07cd-7626d4ea4fc5">
      <Execution id="767d43e4-3233-41a7-ab1b-b27d6a076b5e" />
      <TestMethod codeBase="E:/TeamCity_Data/Build/Sierra/src/FinOM/FinOM.Test/bin/Debug/FinOM.Test.DLL" adapterTypeName="Microsoft.VisualStudio.TestTools.TestTypes.Unit.UnitTestAdapter, Microsoft.VisualStudio.QualityTools.Tips.UnitTest.Adapter, Version=10.0.0.0, Culture=neutral, PublicKeyToken=b03f5f7f11d50a3a" className="FinOM.Test.Cells.CellTest, FinOM.Test, Version=1.0.0.0, Culture=neutral, PublicKeyToken=null" name="EmptyScenarioTest" />
    </UnitTest>
    <UnitTest name="BasicFiscalQuarterList" storage="e:\teamcity_data\build\sierra\src\finom\finom.test\bin\debug\finom.test.dll" id="b7e833fa-09b7-7c23-ca3a-2160c850a6b5">
      <Execution id="ac57f560-5fa0-4c40-a2bc-3aea54699d51" />
      <TestMethod codeBase="E:/TeamCity_Data/Build/Sierra/src/FinOM/FinOM.Test/bin/Debug/FinOM.Test.DLL" adapterTypeName="Microsoft.VisualStudio.TestTools.TestTypes.Unit.UnitTestAdapter, Microsoft.VisualStudio.QualityTools.Tips.UnitTest.Adapter, Version=10.0.0.0, Culture=neutral, PublicKeyToken=b03f5f7f11d50a3a" className="FinOM.Analytics.Test.FinancialPeriodTests, FinOM.Test, Version=1.0.0.0, Culture=neutral, PublicKeyToken=null" name="BasicFiscalQuarterList" />
    </UnitTest>
    <UnitTest name="DiffTest" storage="e:\teamcity_data\build\sierra\src\finom\finom.test\bin\debug\finom.test.dll" id="6bd838dd-8bcc-375e-460f-6033f1084981">
      <Execution id="04ffe6d9-54e6-440b-a535-533b45c4772f" />
      <TestMethod codeBase="E:/TeamCity_Data/Build/Sierra/src/FinOM/FinOM.Test/bin/Debug/FinOM.Test.DLL" adapterTypeName="Microsoft.VisualStudio.TestTools.TestTypes.Unit.UnitTestAdapter, Microsoft.VisualStudio.QualityTools.Tips.UnitTest.Adapter, Version=10.0.0.0, Culture=neutral, PublicKeyToken=b03f5f7f11d50a3a" className="FinOM.Test.TS.Core.MovingUnaryTimeSeriesExprTests, FinOM.Test, Version=1.0.0.0, Culture=neutral, PublicKeyToken=null" name="DiffTest" />
    </UnitTest>
    <UnitTest name="JumpRatingsScenarioTest" storage="e:\teamcity_data\build\sierra\src\finom\finom.test\bin\debug\finom.test.dll" id="73368428-a119-1d33-3f70-33e3909d6d69">
      <Execution id="77d69b8b-b0c9-4292-982c-9ae5a7aef5aa" />
      <TestMethod codeBase="E:/TeamCity_Data/Build/Sierra/src/FinOM/FinOM.Test/bin/Debug/FinOM.Test.DLL" adapterTypeName="Microsoft.VisualStudio.TestTools.TestTypes.Unit.UnitTestAdapter, Microsoft.VisualStudio.QualityTools.Tips.UnitTest.Adapter, Version=10.0.0.0, Culture=neutral, PublicKeyToken=b03f5f7f11d50a3a" className="FinOM.Core.Test.SparseDataTests, FinOM.Test, Version=1.0.0.0, Culture=neutral, PublicKeyToken=null" name="JumpRatingsScenarioTest" />
    </UnitTest>
    <UnitTest name="CountTest" storage="e:\teamcity_data\build\sierra\src\finom\finom.test\bin\debug\finom.test.dll" id="3602c232-d4ac-a274-d8a7-aae36b928166">
      <Execution id="68961921-6956-4490-986e-846d778e44a9" />
      <TestMethod codeBase="E:/TeamCity_Data/Build/Sierra/src/FinOM/FinOM.Test/bin/Debug/FinOM.Test.DLL" adapterTypeName="Microsoft.VisualStudio.TestTools.TestTypes.Unit.UnitTestAdapter, Microsoft.VisualStudio.QualityTools.Tips.UnitTest.Adapter, Version=10.0.0.0, Culture=neutral, PublicKeyToken=b03f5f7f11d50a3a" className="FinOM.Test.TS.Core.OffsetOfExplicitTimelineTests, FinOM.Test, Version=1.0.0.0, Culture=neutral, PublicKeyToken=null" name="CountTest" />
    </UnitTest>
    <UnitTest name="CountTest" storage="e:\teamcity_data\build\sierra\src\finom\finom.test\bin\debug\finom.test.dll" id="d684ef4e-74cf-d409-e511-604a37dd4f55">
      <Execution id="9be16066-ac9f-41fa-b24c-cd49697dbbec" />
      <TestMethod codeBase="E:/TeamCity_Data/Build/Sierra/src/FinOM/FinOM.Test/bin/Debug/FinOM.Test.DLL" adapterTypeName="Microsoft.VisualStudio.TestTools.TestTypes.Unit.UnitTestAdapter, Microsoft.VisualStudio.QualityTools.Tips.UnitTest.Adapter, Version=10.0.0.0, Culture=neutral, PublicKeyToken=b03f5f7f11d50a3a" className="FinOM.Test.TS.Core.IntradayOfDailyWithCutTimelineTests, FinOM.Test, Version=1.0.0.0, Culture=neutral, PublicKeyToken=null" name="CountTest" />
    </UnitTest>
    <UnitTest name="PrecedentSymmetryTest2" storage="e:\teamcity_data\build\sierra\src\finom\finom.test\bin\debug\finom.test.dll" id="8ceb816e-d677-70c5-efb3-a5d7434db411">
      <Execution id="72acaa84-db45-40d9-8c6f-84031e98b17c" />
      <TestMethod codeBase="E:/TeamCity_Data/Build/Sierra/src/FinOM/FinOM.Test/bin/Debug/FinOM.Test.DLL" adapterTypeName="Microsoft.VisualStudio.TestTools.TestTypes.Unit.UnitTestAdapter, Microsoft.VisualStudio.QualityTools.Tips.UnitTest.Adapter, Version=10.0.0.0, Culture=neutral, PublicKeyToken=b03f5f7f11d50a3a" className="FinOM.Test.Cells.CellTest, FinOM.Test, Version=1.0.0.0, Culture=neutral, PublicKeyToken=null" name="PrecedentSymmetryTest2" />
    </UnitTest>
    <UnitTest name="TimeIndexFloorTest" storage="e:\teamcity_data\build\sierra\src\finom\finom.test\bin\debug\finom.test.dll" id="9c96012b-6d9e-9394-9bcb-20222931eafa">
      <Execution id="bd83ec4b-b435-4d0f-a3b4-af63e31584a9" />
      <TestMethod codeBase="E:/TeamCity_Data/Build/Sierra/src/FinOM/FinOM.Test/bin/Debug/FinOM.Test.DLL" adapterTypeName="Microsoft.VisualStudio.TestTools.TestTypes.Unit.UnitTestAdapter, Microsoft.VisualStudio.QualityTools.Tips.UnitTest.Adapter, Version=10.0.0.0, Culture=neutral, PublicKeyToken=b03f5f7f11d50a3a" className="FinOM.Test.TS.Core.SegmentOfRecurringTimelineTests, FinOM.Test, Version=1.0.0.0, Culture=neutral, PublicKeyToken=null" name="TimeIndexFloorTest" />
    </UnitTest>
    <UnitTest name="PgpFileEncryptTest" storage="e:\teamcity_data\build\sierra\src\finom\finom.test\bin\debug\finom.test.dll" id="aeb51c9c-9a39-0010-f031-ecbe0640d7f9">
      <Execution id="e91c45ad-a287-4a1e-9275-7e47f1225d03" />
      <TestMethod codeBase="E:/TeamCity_Data/Build/Sierra/src/FinOM/FinOM.Test/bin/Debug/FinOM.Test.DLL" adapterTypeName="Microsoft.VisualStudio.TestTools.TestTypes.Unit.UnitTestAdapter, Microsoft.VisualStudio.QualityTools.Tips.UnitTest.Adapter, Version=10.0.0.0, Culture=neutral, PublicKeyToken=b03f5f7f11d50a3a" className="FinOM.Test.Util.PgpTest, FinOM.Test, Version=1.0.0.0, Culture=neutral, PublicKeyToken=null" name="PgpFileEncryptTest" />
    </UnitTest>
    <UnitTest name="GuideOfSymDiffTest" storage="e:\teamcity_data\build\sierra\src\finom\finom.test\bin\debug\finom.test.dll" id="524104f7-1850-6ffc-d395-c0531994936a">
      <Execution id="7ef9c50d-d796-41bd-9a41-def3be0d7631" />
      <TestMethod codeBase="E:/TeamCity_Data/Build/Sierra/src/FinOM/FinOM.Test/bin/Debug/FinOM.Test.DLL" adapterTypeName="Microsoft.VisualStudio.TestTools.TestTypes.Unit.UnitTestAdapter, Microsoft.VisualStudio.QualityTools.Tips.UnitTest.Adapter, Version=10.0.0.0, Culture=neutral, PublicKeyToken=b03f5f7f11d50a3a" className="FinOM.Test.TS.Core.RandomMixedCombinedTimelinesTests, FinOM.Test, Version=1.0.0.0, Culture=neutral, PublicKeyToken=null" name="GuideOfSymDiffTest" />
    </UnitTest>
    <UnitTest name="SelfSymDiffTest" storage="e:\teamcity_data\build\sierra\src\finom\finom.test\bin\debug\finom.test.dll" id="abfbe6a1-359f-4a7c-bf6b-b3a8f2c61ee2">
      <Execution id="0a36e9c1-730e-4a63-9d08-db11719722fa" />
      <TestMethod codeBase="E:/TeamCity_Data/Build/Sierra/src/FinOM/FinOM.Test/bin/Debug/FinOM.Test.DLL" adapterTypeName="Microsoft.VisualStudio.TestTools.TestTypes.Unit.UnitTestAdapter, Microsoft.VisualStudio.QualityTools.Tips.UnitTest.Adapter, Version=10.0.0.0, Culture=neutral, PublicKeyToken=b03f5f7f11d50a3a" className="FinOM.Test.TS.Core.SelfExpectedCombinedTimelinesTests, FinOM.Test, Version=1.0.0.0, Culture=neutral, PublicKeyToken=null" name="SelfSymDiffTest" />
    </UnitTest>
    <UnitTest name="TodayMinusThenTest" storage="e:\teamcity_data\build\sierra\src\finom\finom.test\bin\debug\finom.test.dll" id="77cb46a3-0be6-d6b1-2b32-0b77c61b7aad">
      <Execution id="92f7ddec-25d5-44c9-8ac2-9d05117048cd" />
      <TestMethod codeBase="E:/TeamCity_Data/Build/Sierra/src/FinOM/FinOM.Test/bin/Debug/FinOM.Test.DLL" adapterTypeName="Microsoft.VisualStudio.TestTools.TestTypes.Unit.UnitTestAdapter, Microsoft.VisualStudio.QualityTools.Tips.UnitTest.Adapter, Version=10.0.0.0, Culture=neutral, PublicKeyToken=b03f5f7f11d50a3a" className="FinOM.Test.TS.Tool.ScriptTests, FinOM.Test, Version=1.0.0.0, Culture=neutral, PublicKeyToken=null" name="TodayMinusThenTest" />
    </UnitTest>
    <UnitTest name="RMinTest" storage="e:\teamcity_data\build\sierra\src\finom\finom.test\bin\debug\finom.test.dll" id="89fe82da-8b32-7cf4-0b9c-789e36c928b7">
      <Execution id="083373f6-1837-4727-8f71-e3857f33dfd0" />
      <TestMethod codeBase="E:/TeamCity_Data/Build/Sierra/src/FinOM/FinOM.Test/bin/Debug/FinOM.Test.DLL" adapterTypeName="Microsoft.VisualStudio.TestTools.TestTypes.Unit.UnitTestAdapter, Microsoft.VisualStudio.QualityTools.Tips.UnitTest.Adapter, Version=10.0.0.0, Culture=neutral, PublicKeyToken=b03f5f7f11d50a3a" className="FinOM.Test.TS.Core.RunningUnaryTimeSeriesExprTests, FinOM.Test, Version=1.0.0.0, Culture=neutral, PublicKeyToken=null" name="RMinTest" />
    </UnitTest>
    <UnitTest name="BinaryDifference1Test" storage="e:\teamcity_data\build\sierra\src\finom\finom.test\bin\debug\finom.test.dll" id="085d2937-eafc-4327-eaca-65345af54348">
      <Execution id="555f3188-8f4c-4523-8247-79114af22ba5" />
      <TestMethod codeBase="E:/TeamCity_Data/Build/Sierra/src/FinOM/FinOM.Test/bin/Debug/FinOM.Test.DLL" adapterTypeName="Microsoft.VisualStudio.TestTools.TestTypes.Unit.UnitTestAdapter, Microsoft.VisualStudio.QualityTools.Tips.UnitTest.Adapter, Version=10.0.0.0, Culture=neutral, PublicKeyToken=b03f5f7f11d50a3a" className="FinOM.Test.TS.Core.BinaryExpectedCombinedTimelinesTests, FinOM.Test, Version=1.0.0.0, Culture=neutral, PublicKeyToken=null" name="BinaryDifference1Test" />
    </UnitTest>
    <UnitTest name="SubTimelineSegmentTest" storage="e:\teamcity_data\build\sierra\src\finom\finom.test\bin\debug\finom.test.dll" id="7f76b270-5a5f-f174-3535-d1732f460f5e">
      <Execution id="d4858db0-0092-4c3c-a048-1e1716c7b91b" />
      <TestMethod codeBase="E:/TeamCity_Data/Build/Sierra/src/FinOM/FinOM.Test/bin/Debug/FinOM.Test.DLL" adapterTypeName="Microsoft.VisualStudio.TestTools.TestTypes.Unit.UnitTestAdapter, Microsoft.VisualStudio.QualityTools.Tips.UnitTest.Adapter, Version=10.0.0.0, Culture=neutral, PublicKeyToken=b03f5f7f11d50a3a" className="FinOM.Test.TS.Core.IntradayOfWeekdayTimelineTests, FinOM.Test, Version=1.0.0.0, Culture=neutral, PublicKeyToken=null" name="SubTimelineSegmentTest" />
    </UnitTest>
    <UnitTest name="InterceptTest" storage="e:\teamcity_data\build\sierra\src\finom\finom.test\bin\debug\finom.test.dll" id="0948cc3a-3e93-2aaa-57c3-2cae5fd0afbb">
      <Execution id="b601a4e1-2545-41ef-aea3-3d6ec274a5ba" />
      <TestMethod codeBase="E:/TeamCity_Data/Build/Sierra/src/FinOM/FinOM.Test/bin/Debug/FinOM.Test.DLL" adapterTypeName="Microsoft.VisualStudio.TestTools.TestTypes.Unit.UnitTestAdapter, Microsoft.VisualStudio.QualityTools.Tips.UnitTest.Adapter, Version=10.0.0.0, Culture=neutral, PublicKeyToken=b03f5f7f11d50a3a" className="FinOM.Test.TS.Core.ScalarMultiTimeSeriesExprTests, FinOM.Test, Version=1.0.0.0, Culture=neutral, PublicKeyToken=null" name="InterceptTest" />
    </UnitTest>
    <UnitTest name="DifferenceOfGuideTest" storage="e:\teamcity_data\build\sierra\src\finom\finom.test\bin\debug\finom.test.dll" id="6696bc71-5bbc-8f38-b0c1-c033d009136d">
      <Execution id="3261c0bb-4025-481d-92f6-03dc5c1d98a3" />
      <TestMethod codeBase="E:/TeamCity_Data/Build/Sierra/src/FinOM/FinOM.Test/bin/Debug/FinOM.Test.DLL" adapterTypeName="Microsoft.VisualStudio.TestTools.TestTypes.Unit.UnitTestAdapter, Microsoft.VisualStudio.QualityTools.Tips.UnitTest.Adapter, Version=10.0.0.0, Culture=neutral, PublicKeyToken=b03f5f7f11d50a3a" className="FinOM.Test.TS.Core.StepsMixedCombinedTimelinesTests, FinOM.Test, Version=1.0.0.0, Culture=neutral, PublicKeyToken=null" name="DifferenceOfGuideTest" />
    </UnitTest>
    <UnitTest name="DayOfYearTest" storage="e:\teamcity_data\build\sierra\src\finom\finom.test\bin\debug\finom.test.dll" id="536e478e-6855-c305-14cf-0612e8741d62">
      <Execution id="e48ce102-6a33-4c57-aa76-1f3e6601ab41" />
      <TestMethod codeBase="E:/TeamCity_Data/Build/Sierra/src/FinOM/FinOM.Test/bin/Debug/FinOM.Test.DLL" adapterTypeName="Microsoft.VisualStudio.TestTools.TestTypes.Unit.UnitTestAdapter, Microsoft.VisualStudio.QualityTools.Tips.UnitTest.Adapter, Version=10.0.0.0, Culture=neutral, PublicKeyToken=b03f5f7f11d50a3a" className="FinOM.Test.TS.Core.DateTimeTimeSeriesExprTests, FinOM.Test, Version=1.0.0.0, Culture=neutral, PublicKeyToken=null" name="DayOfYearTest" />
    </UnitTest>
    <UnitTest name="StartTimeTest" storage="e:\teamcity_data\build\sierra\src\finom\finom.test\bin\debug\finom.test.dll" id="437e6342-7460-3a5d-b520-9808ae7a125a">
      <Execution id="ec5c2385-e755-4c8d-9a00-da630579d401" />
      <TestMethod codeBase="E:/TeamCity_Data/Build/Sierra/src/FinOM/FinOM.Test/bin/Debug/FinOM.Test.DLL" adapterTypeName="Microsoft.VisualStudio.TestTools.TestTypes.Unit.UnitTestAdapter, Microsoft.VisualStudio.QualityTools.Tips.UnitTest.Adapter, Version=10.0.0.0, Culture=neutral, PublicKeyToken=b03f5f7f11d50a3a" className="FinOM.Test.TS.Core.OffsetOfExplicitTimelineTests, FinOM.Test, Version=1.0.0.0, Culture=neutral, PublicKeyToken=null" name="StartTimeTest" />
    </UnitTest>
    <UnitTest name="BondReferenceObligationIdTest" storage="e:\teamcity_data\build\sierra\src\finom\finom.test\bin\debug\finom.test.dll" id="b4a12a1a-0644-5485-3972-981397e1ca14">
      <Execution id="470389b2-0e33-464a-8c0b-e1e6d7b7aacb" />
      <TestMethod codeBase="E:/TeamCity_Data/Build/Sierra/src/FinOM/FinOM.Test/bin/Debug/FinOM.Test.DLL" adapterTypeName="Microsoft.VisualStudio.TestTools.TestTypes.Unit.UnitTestAdapter, Microsoft.VisualStudio.QualityTools.Tips.UnitTest.Adapter, Version=10.0.0.0, Culture=neutral, PublicKeyToken=b03f5f7f11d50a3a" className="FinOM.Test.Credit.BondReferenceObligationIdTests, FinOM.Test, Version=1.0.0.0, Culture=neutral, PublicKeyToken=null" name="BondReferenceObligationIdTest" />
    </UnitTest>
    <UnitTest name="ExpMATest" storage="e:\teamcity_data\build\sierra\src\finom\finom.test\bin\debug\finom.test.dll" id="ee50d3ca-c732-9095-8b27-ba03d64a9dff">
      <Execution id="773a79d3-919f-4fcd-acb9-7140bd7e5eea" />
      <TestMethod codeBase="E:/TeamCity_Data/Build/Sierra/src/FinOM/FinOM.Test/bin/Debug/FinOM.Test.DLL" adapterTypeName="Microsoft.VisualStudio.TestTools.TestTypes.Unit.UnitTestAdapter, Microsoft.VisualStudio.QualityTools.Tips.UnitTest.Adapter, Version=10.0.0.0, Culture=neutral, PublicKeyToken=b03f5f7f11d50a3a" className="FinOM.Test.TS.Core.MovingUnaryTimeSeriesExprTests, FinOM.Test, Version=1.0.0.0, Culture=neutral, PublicKeyToken=null" name="ExpMATest" />
    </UnitTest>
    <UnitTest name="InterceptTest" storage="e:\teamcity_data\build\sierra\src\finom\finom.test\bin\debug\finom.test.dll" id="ee3fa7ea-805f-2116-f18a-8451fdb4046a">
      <Execution id="b761c4bf-2db8-4b4c-b7cc-cd4a2effc585" />
      <TestMethod codeBase="E:/TeamCity_Data/Build/Sierra/src/FinOM/FinOM.Test/bin/Debug/FinOM.Test.DLL" adapterTypeName="Microsoft.VisualStudio.TestTools.TestTypes.Unit.UnitTestAdapter, Microsoft.VisualStudio.QualityTools.Tips.UnitTest.Adapter, Version=10.0.0.0, Culture=neutral, PublicKeyToken=b03f5f7f11d50a3a" className="FinOM.Test.TS.Core.RunningMultiTimeSeriesExprTests, FinOM.Test, Version=1.0.0.0, Culture=neutral, PublicKeyToken=null" name="InterceptTest" />
    </UnitTest>
    <UnitTest name="MaturityTest" storage="e:\teamcity_data\build\sierra\src\finom\finom.test\bin\debug\finom.test.dll" id="57b9873d-f4fc-4b93-6116-fd7d99e8790d">
      <Execution id="f3d3c648-d2f2-4836-82b9-91c6ebfa9564" />
      <TestMethod codeBase="E:/TeamCity_Data/Build/Sierra/src/FinOM/FinOM.Test/bin/Debug/FinOM.Test.DLL" adapterTypeName="Microsoft.VisualStudio.TestTools.TestTypes.Unit.UnitTestAdapter, Microsoft.VisualStudio.QualityTools.Tips.UnitTest.Adapter, Version=10.0.0.0, Culture=neutral, PublicKeyToken=b03f5f7f11d50a3a" className="FinOM.Test.Credit.CDSTest, FinOM.Test, Version=1.0.0.0, Culture=neutral, PublicKeyToken=null" name="MaturityTest" />
    </UnitTest>
    <UnitTest name="IndexOfNonExistingTest" storage="e:\teamcity_data\build\sierra\src\finom\finom.test\bin\debug\finom.test.dll" id="ab32261e-3312-91b3-7de5-d4685267856f">
      <Execution id="a7be4fc9-33d1-415c-aa0a-f171a9cd6597" />
      <TestMethod codeBase="E:/TeamCity_Data/Build/Sierra/src/FinOM/FinOM.Test/bin/Debug/FinOM.Test.DLL" adapterTypeName="Microsoft.VisualStudio.TestTools.TestTypes.Unit.UnitTestAdapter, Microsoft.VisualStudio.QualityTools.Tips.UnitTest.Adapter, Version=10.0.0.0, Culture=neutral, PublicKeyToken=b03f5f7f11d50a3a" className="FinOM.Test.TS.Core.IntradayOfWeekdayTimelineTests, FinOM.Test, Version=1.0.0.0, Culture=neutral, PublicKeyToken=null" name="IndexOfNonExistingTest" />
    </UnitTest>
    <UnitTest name="SymDiffTest" storage="e:\teamcity_data\build\sierra\src\finom\finom.test\bin\debug\finom.test.dll" id="3f2c387e-5a25-3330-8216-e7e5daa1c5ab">
      <Execution id="1332ad9a-bf18-4609-9721-b6a0df8e0fd6" />
      <TestMethod codeBase="E:/TeamCity_Data/Build/Sierra/src/FinOM/FinOM.Test/bin/Debug/FinOM.Test.DLL" adapterTypeName="Microsoft.VisualStudio.TestTools.TestTypes.Unit.UnitTestAdapter, Microsoft.VisualStudio.QualityTools.Tips.UnitTest.Adapter, Version=10.0.0.0, Culture=neutral, PublicKeyToken=b03f5f7f11d50a3a" className="FinOM.Test.TS.Core.RandomBlindCombinedTimelinesTests, FinOM.Test, Version=1.0.0.0, Culture=neutral, PublicKeyToken=null" name="SymDiffTest" />
    </UnitTest>
    <UnitTest name="DayTest" storage="e:\teamcity_data\build\sierra\src\finom\finom.test\bin\debug\finom.test.dll" id="af5d3fbf-2637-f5ef-045c-03fd38708e15">
      <Execution id="5e0acfa0-349a-4fdb-95d2-def044157eda" />
      <TestMethod codeBase="E:/TeamCity_Data/Build/Sierra/src/FinOM/FinOM.Test/bin/Debug/FinOM.Test.DLL" adapterTypeName="Microsoft.VisualStudio.TestTools.TestTypes.Unit.UnitTestAdapter, Microsoft.VisualStudio.QualityTools.Tips.UnitTest.Adapter, Version=10.0.0.0, Culture=neutral, PublicKeyToken=b03f5f7f11d50a3a" className="FinOM.Test.TS.Core.DateTimeTimeSeriesExprTests, FinOM.Test, Version=1.0.0.0, Culture=neutral, PublicKeyToken=null" name="DayTest" />
    </UnitTest>
    <UnitTest name="TimeIndexFloorSegmentTest" storage="e:\teamcity_data\build\sierra\src\finom\finom.test\bin\debug\finom.test.dll" id="f6e2d25d-e641-f5c5-4d6d-4ee2485a6bd0">
      <Execution id="d0f7e37e-21c3-4cc2-910e-d3065fb8149d" />
      <TestMethod codeBase="E:/TeamCity_Data/Build/Sierra/src/FinOM/FinOM.Test/bin/Debug/FinOM.Test.DLL" adapterTypeName="Microsoft.VisualStudio.TestTools.TestTypes.Unit.UnitTestAdapter, Microsoft.VisualStudio.QualityTools.Tips.UnitTest.Adapter, Version=10.0.0.0, Culture=neutral, PublicKeyToken=b03f5f7f11d50a3a" className="FinOM.Test.TS.Core.IndirectOfExplicitTimelineTests, FinOM.Test, Version=1.0.0.0, Culture=neutral, PublicKeyToken=null" name="TimeIndexFloorSegmentTest" />
    </UnitTest>
    <UnitTest name="QVDailyLoadableSeriesTest" storage="e:\teamcity_data\build\sierra\src\finom\finom.test\bin\debug\finom.test.dll" id="d0b6a426-5a06-7e67-a628-65456af0e215">
      <Execution id="987fad96-d49a-4127-b075-d7a1be9158f5" />
      <TestMethod codeBase="E:/TeamCity_Data/Build/Sierra/src/FinOM/FinOM.Test/bin/Debug/FinOM.Test.DLL" adapterTypeName="Microsoft.VisualStudio.TestTools.TestTypes.Unit.UnitTestAdapter, Microsoft.VisualStudio.QualityTools.Tips.UnitTest.Adapter, Version=10.0.0.0, Culture=neutral, PublicKeyToken=b03f5f7f11d50a3a" className="FinOM.Test.TS.Data.QVLoadableSeriesTests, FinOM.Test, Version=1.0.0.0, Culture=neutral, PublicKeyToken=null" name="QVDailyLoadableSeriesTest" />
    </UnitTest>
    <UnitTest name="IndexToTimeTest" storage="e:\teamcity_data\build\sierra\src\finom\finom.test\bin\debug\finom.test.dll" id="8b367ea4-bc6a-1ce6-32b5-c683fbbb3e8f">
      <Execution id="18c97718-b725-4c8d-82a0-d4e7aa709e73" />
      <TestMethod codeBase="E:/TeamCity_Data/Build/Sierra/src/FinOM/FinOM.Test/bin/Debug/FinOM.Test.DLL" adapterTypeName="Microsoft.VisualStudio.TestTools.TestTypes.Unit.UnitTestAdapter, Microsoft.VisualStudio.QualityTools.Tips.UnitTest.Adapter, Version=10.0.0.0, Culture=neutral, PublicKeyToken=b03f5f7f11d50a3a" className="FinOM.Test.TS.Core.DailyRecurrenceTests, FinOM.Test, Version=1.0.0.0, Culture=neutral, PublicKeyToken=null" name="IndexToTimeTest" />
    </UnitTest>
    <UnitTest name="SpecificPrecedentTestBenchmark" storage="e:\teamcity_data\build\sierra\src\finom\finom.test\bin\debug\finom.test.dll" id="1408efbe-8962-5f5a-1fbb-affb3aa7b698">
      <Execution id="878aa392-d279-4794-92ce-813300bc95f1" />
      <TestMethod codeBase="E:/TeamCity_Data/Build/Sierra/src/FinOM/FinOM.Test/bin/Debug/FinOM.Test.DLL" adapterTypeName="Microsoft.VisualStudio.TestTools.TestTypes.Unit.UnitTestAdapter, Microsoft.VisualStudio.QualityTools.Tips.UnitTest.Adapter, Version=10.0.0.0, Culture=neutral, PublicKeyToken=b03f5f7f11d50a3a" className="FinOM.Test.Cells.CellTest, FinOM.Test, Version=1.0.0.0, Culture=neutral, PublicKeyToken=null" name="SpecificPrecedentTestBenchmark" />
    </UnitTest>
    <UnitTest name="RollForwardTest4" storage="e:\teamcity_data\build\sierra\src\finom\finom.test\bin\debug\finom.test.dll" id="d6f8f985-e4ed-ab61-f2dd-89e90dc69515">
      <Execution id="431beba7-9f78-4e71-9e55-f2eb256c7645" />
      <TestMethod codeBase="E:/TeamCity_Data/Build/Sierra/src/FinOM/FinOM.Test/bin/Debug/FinOM.Test.DLL" adapterTypeName="Microsoft.VisualStudio.TestTools.TestTypes.Unit.UnitTestAdapter, Microsoft.VisualStudio.QualityTools.Tips.UnitTest.Adapter, Version=10.0.0.0, Culture=neutral, PublicKeyToken=b03f5f7f11d50a3a" className="FinOM.Test.Credit.CreditCurveTest, FinOM.Test, Version=1.0.0.0, Culture=neutral, PublicKeyToken=null" name="RollForwardTest4" />
    </UnitTest>
    <UnitTest name="BinarySymDiff1Test" storage="e:\teamcity_data\build\sierra\src\finom\finom.test\bin\debug\finom.test.dll" id="f307daca-88af-1d47-d59e-5d1f3972e11f">
      <Execution id="132669c8-a8ff-4f3c-a65c-dddc8e7d9e16" />
      <TestMethod codeBase="E:/TeamCity_Data/Build/Sierra/src/FinOM/FinOM.Test/bin/Debug/FinOM.Test.DLL" adapterTypeName="Microsoft.VisualStudio.TestTools.TestTypes.Unit.UnitTestAdapter, Microsoft.VisualStudio.QualityTools.Tips.UnitTest.Adapter, Version=10.0.0.0, Culture=neutral, PublicKeyToken=b03f5f7f11d50a3a" className="FinOM.Test.TS.Core.BinaryExpectedCombinedTimelinesTests, FinOM.Test, Version=1.0.0.0, Culture=neutral, PublicKeyToken=null" name="BinarySymDiff1Test" />
    </UnitTest>
    <UnitTest name="CheckNummberDependsOfB1" storage="e:\teamcity_data\build\sierra\src\finom\finom.test\bin\debug\finom.test.dll" id="7443953e-9a42-7e02-318c-3d73992fd940">
      <Execution id="4bf94fc5-a640-45fe-861a-2937b08a5428" />
      <TestMethod codeBase="E:/TeamCity_Data/Build/Sierra/src/FinOM/FinOM.Test/bin/Debug/FinOM.Test.DLL" adapterTypeName="Microsoft.VisualStudio.TestTools.TestTypes.Unit.UnitTestAdapter, Microsoft.VisualStudio.QualityTools.Tips.UnitTest.Adapter, Version=10.0.0.0, Culture=neutral, PublicKeyToken=b03f5f7f11d50a3a" className="FinOM.Test.Cells.CellMathTests, FinOM.Test, Version=1.0.0.0, Culture=neutral, PublicKeyToken=null" name="CheckNummberDependsOfB1" />
    </UnitTest>
    <UnitTest name="TimeIndexFloorTest" storage="e:\teamcity_data\build\sierra\src\finom\finom.test\bin\debug\finom.test.dll" id="f5d15f9c-8822-7881-ed79-b73933e46a4e">
      <Execution id="5927eadf-615b-4e03-8d61-04c21e61c9b5" />
      <TestMethod codeBase="E:/TeamCity_Data/Build/Sierra/src/FinOM/FinOM.Test/bin/Debug/FinOM.Test.DLL" adapterTypeName="Microsoft.VisualStudio.TestTools.TestTypes.Unit.UnitTestAdapter, Microsoft.VisualStudio.QualityTools.Tips.UnitTest.Adapter, Version=10.0.0.0, Culture=neutral, PublicKeyToken=b03f5f7f11d50a3a" className="FinOM.Test.TS.Core.OffsetOfExplicitTimelineTests, FinOM.Test, Version=1.0.0.0, Culture=neutral, PublicKeyToken=null" name="TimeIndexFloorTest" />
    </UnitTest>
    <UnitTest name="TrancheIrdv01Test" storage="e:\teamcity_data\build\sierra\src\finom\finom.test\bin\debug\finom.test.dll" id="8be39989-0c45-71a5-6594-68cea2ab24ec">
      <Execution timeOut="1000000" id="b92b5e45-9e16-4a9a-97b9-04a77ed43c53" />
      <TestMethod codeBase="E:/TeamCity_Data/Build/Sierra/src/FinOM/FinOM.Test/bin/Debug/FinOM.Test.DLL" adapterTypeName="Microsoft.VisualStudio.TestTools.TestTypes.Unit.UnitTestAdapter, Microsoft.VisualStudio.QualityTools.Tips.UnitTest.Adapter, Version=10.0.0.0, Culture=neutral, PublicKeyToken=b03f5f7f11d50a3a" className="FinOM.Test.Credit.CDOTrancheTest, FinOM.Test, Version=1.0.0.0, Culture=neutral, PublicKeyToken=null" name="TrancheIrdv01Test" />
    </UnitTest>
    <UnitTest name="EndTimeTest" storage="e:\teamcity_data\build\sierra\src\finom\finom.test\bin\debug\finom.test.dll" id="8039a4a3-ecd6-01b0-8fb9-d0431614a78a">
      <Execution id="25c950d3-da7d-42de-ae90-8521fdc365d0" />
      <TestMethod codeBase="E:/TeamCity_Data/Build/Sierra/src/FinOM/FinOM.Test/bin/Debug/FinOM.Test.DLL" adapterTypeName="Microsoft.VisualStudio.TestTools.TestTypes.Unit.UnitTestAdapter, Microsoft.VisualStudio.QualityTools.Tips.UnitTest.Adapter, Version=10.0.0.0, Culture=neutral, PublicKeyToken=b03f5f7f11d50a3a" className="FinOM.Test.TS.Core.OffsetOfExplicitTimelineTests, FinOM.Test, Version=1.0.0.0, Culture=neutral, PublicKeyToken=null" name="EndTimeTest" />
    </UnitTest>
    <UnitTest name="AnonCellBasic2a" storage="e:\teamcity_data\build\sierra\src\finom\finom.test\bin\debug\finom.test.dll" id="73b95dd9-3782-315a-a63b-3a0bd8c0e56a">
      <Execution id="a9de0385-b778-4473-996b-c7ac28beffe2" />
      <TestMethod codeBase="E:/TeamCity_Data/Build/Sierra/src/FinOM/FinOM.Test/bin/Debug/FinOM.Test.DLL" adapterTypeName="Microsoft.VisualStudio.TestTools.TestTypes.Unit.UnitTestAdapter, Microsoft.VisualStudio.QualityTools.Tips.UnitTest.Adapter, Version=10.0.0.0, Culture=neutral, PublicKeyToken=b03f5f7f11d50a3a" className="FinOM.Test.Cells.AnonymousCellTests, FinOM.Test, Version=1.0.0.0, Culture=neutral, PublicKeyToken=null" name="AnonCellBasic2a" />
    </UnitTest>
    <UnitTest name="RoundTest" storage="e:\teamcity_data\build\sierra\src\finom\finom.test\bin\debug\finom.test.dll" id="167c1010-249e-83d5-e567-7b506fdde7db">
      <Execution id="c68c73c0-7569-4277-a7be-35c4df9fc894" />
      <TestMethod codeBase="E:/TeamCity_Data/Build/Sierra/src/FinOM/FinOM.Test/bin/Debug/FinOM.Test.DLL" adapterTypeName="Microsoft.VisualStudio.TestTools.TestTypes.Unit.UnitTestAdapter, Microsoft.VisualStudio.QualityTools.Tips.UnitTest.Adapter, Version=10.0.0.0, Culture=neutral, PublicKeyToken=b03f5f7f11d50a3a" className="FinOM.Test.TS.Core.MathTimeSeriesExprTests, FinOM.Test, Version=1.0.0.0, Culture=neutral, PublicKeyToken=null" name="RoundTest" />
    </UnitTest>
    <UnitTest name="CreditBasketTest" storage="e:\teamcity_data\build\sierra\src\finom\finom.test\bin\debug\finom.test.dll" id="70309946-b558-78db-d1e1-ad25b7c971a0">
      <Execution id="6928854d-dee6-487c-bb4a-02b17fcc4059" />
      <TestMethod codeBase="E:/TeamCity_Data/Build/Sierra/src/FinOM/FinOM.Test/bin/Debug/FinOM.Test.DLL" adapterTypeName="Microsoft.VisualStudio.TestTools.TestTypes.Unit.UnitTestAdapter, Microsoft.VisualStudio.QualityTools.Tips.UnitTest.Adapter, Version=10.0.0.0, Culture=neutral, PublicKeyToken=b03f5f7f11d50a3a" className="FinOM.Test.Core.SierraDBReferenceDataTest, FinOM.Test, Version=1.0.0.0, Culture=neutral, PublicKeyToken=null" name="CreditBasketTest" />
    </UnitTest>
    <UnitTest name="TimeIndexFloorTest" storage="e:\teamcity_data\build\sierra\src\finom\finom.test\bin\debug\finom.test.dll" id="4fcfdd26-adda-3cb9-3e51-6121ae49e751">
      <Execution id="424619bc-0f14-45e1-b94f-f84f0750561f" />
      <TestMethod codeBase="E:/TeamCity_Data/Build/Sierra/src/FinOM/FinOM.Test/bin/Debug/FinOM.Test.DLL" adapterTypeName="Microsoft.VisualStudio.TestTools.TestTypes.Unit.UnitTestAdapter, Microsoft.VisualStudio.QualityTools.Tips.UnitTest.Adapter, Version=10.0.0.0, Culture=neutral, PublicKeyToken=b03f5f7f11d50a3a" className="FinOM.Test.TS.Core.IndirectOfRecurringTimelineTests, FinOM.Test, Version=1.0.0.0, Culture=neutral, PublicKeyToken=null" name="TimeIndexFloorTest" />
    </UnitTest>
    <UnitTest name="SinTest" storage="e:\teamcity_data\build\sierra\src\finom\finom.test\bin\debug\finom.test.dll" id="a6bdee90-a467-a15a-679f-b6f8905ca29b">
      <Execution id="c256818d-5365-4cc8-8b5a-530dc8e58861" />
      <TestMethod codeBase="E:/TeamCity_Data/Build/Sierra/src/FinOM/FinOM.Test/bin/Debug/FinOM.Test.DLL" adapterTypeName="Microsoft.VisualStudio.TestTools.TestTypes.Unit.UnitTestAdapter, Microsoft.VisualStudio.QualityTools.Tips.UnitTest.Adapter, Version=10.0.0.0, Culture=neutral, PublicKeyToken=b03f5f7f11d50a3a" className="FinOM.Test.TS.Core.MathTimeSeriesExprTests, FinOM.Test, Version=1.0.0.0, Culture=neutral, PublicKeyToken=null" name="SinTest" />
    </UnitTest>
    <UnitTest name="GeoMeanTest" storage="e:\teamcity_data\build\sierra\src\finom\finom.test\bin\debug\finom.test.dll" id="2b5b6fff-62d4-af89-b471-6ec6cf5db2a4">
      <Execution id="8b039b40-f501-4834-8b38-cfb26ca878cf" />
      <TestMethod codeBase="E:/TeamCity_Data/Build/Sierra/src/FinOM/FinOM.Test/bin/Debug/FinOM.Test.DLL" adapterTypeName="Microsoft.VisualStudio.TestTools.TestTypes.Unit.UnitTestAdapter, Microsoft.VisualStudio.QualityTools.Tips.UnitTest.Adapter, Version=10.0.0.0, Culture=neutral, PublicKeyToken=b03f5f7f11d50a3a" className="FinOM.Test.TS.Core.MovingUnaryTimeSeriesExprTests, FinOM.Test, Version=1.0.0.0, Culture=neutral, PublicKeyToken=null" name="GeoMeanTest" />
    </UnitTest>
    <UnitTest name="IndexerTest" storage="e:\teamcity_data\build\sierra\src\finom\finom.test\bin\debug\finom.test.dll" id="c58fbabc-4c4f-f5fc-7404-f9ff7fa147cf">
      <Execution id="e6c64937-681a-47d6-859a-4ad8ea74c41d" />
      <TestMethod codeBase="E:/TeamCity_Data/Build/Sierra/src/FinOM/FinOM.Test/bin/Debug/FinOM.Test.DLL" adapterTypeName="Microsoft.VisualStudio.TestTools.TestTypes.Unit.UnitTestAdapter, Microsoft.VisualStudio.QualityTools.Tips.UnitTest.Adapter, Version=10.0.0.0, Culture=neutral, PublicKeyToken=b03f5f7f11d50a3a" className="FinOM.Test.TS.Core.IntradayOfWorkdayWithCutTimelineTests, FinOM.Test, Version=1.0.0.0, Culture=neutral, PublicKeyToken=null" name="IndexerTest" />
    </UnitTest>
    <UnitTest name="TimeToIndexShiftedNegativeTest" storage="e:\teamcity_data\build\sierra\src\finom\finom.test\bin\debug\finom.test.dll" id="b47470ad-fd67-15d1-6162-f6bc55ae6b2e">
      <Execution id="63b6c018-23f0-4dd5-b26b-55ac02905234" />
      <TestMethod codeBase="E:/TeamCity_Data/Build/Sierra/src/FinOM/FinOM.Test/bin/Debug/FinOM.Test.DLL" adapterTypeName="Microsoft.VisualStudio.TestTools.TestTypes.Unit.UnitTestAdapter, Microsoft.VisualStudio.QualityTools.Tips.UnitTest.Adapter, Version=10.0.0.0, Culture=neutral, PublicKeyToken=b03f5f7f11d50a3a" className="FinOM.Test.TS.Core.WorkdayCompositeRecurrenceTests, FinOM.Test, Version=1.0.0.0, Culture=neutral, PublicKeyToken=null" name="TimeToIndexShiftedNegativeTest" />
    </UnitTest>
    <UnitTest name="FinOMvsDBConstituentCheck" storage="e:\teamcity_data\build\sierra\src\finom\finom.test\bin\debug\finom.test.dll" id="af3dfc69-334e-36a0-085a-14c9d49c1414">
      <Execution id="0285633e-ff3d-43ce-9774-daf088718559" />
      <TestMethod codeBase="E:/TeamCity_Data/Build/Sierra/src/FinOM/FinOM.Test/bin/Debug/FinOM.Test.DLL" adapterTypeName="Microsoft.VisualStudio.TestTools.TestTypes.Unit.UnitTestAdapter, Microsoft.VisualStudio.QualityTools.Tips.UnitTest.Adapter, Version=10.0.0.0, Culture=neutral, PublicKeyToken=b03f5f7f11d50a3a" className="FinOM.Test.Data.BasketTest, FinOM.Test, Version=1.0.0.0, Culture=neutral, PublicKeyToken=null" name="FinOMvsDBConstituentCheck" />
    </UnitTest>
    <UnitTest name="TestCleanAndDirtyEqual" storage="e:\teamcity_data\build\sierra\src\finom\finom.test\bin\debug\finom.test.dll" id="b3f5eaed-5f2b-241e-7660-92ecb3c2116b">
      <Execution id="670ab275-3234-4251-8dcd-e6ec306cf2d9" />
      <TestMethod codeBase="E:/TeamCity_Data/Build/Sierra/src/FinOM/FinOM.Test/bin/Debug/FinOM.Test.DLL" adapterTypeName="Microsoft.VisualStudio.TestTools.TestTypes.Unit.UnitTestAdapter, Microsoft.VisualStudio.QualityTools.Tips.UnitTest.Adapter, Version=10.0.0.0, Culture=neutral, PublicKeyToken=b03f5f7f11d50a3a" className="FinOM.Test.Credit.IsdaCdsModelTest, FinOM.Test, Version=1.0.0.0, Culture=neutral, PublicKeyToken=null" name="TestCleanAndDirtyEqual" />
    </UnitTest>
    <UnitTest name="AddViaCellNameUsingLocalInternalCells" storage="e:\teamcity_data\build\sierra\src\finom\finom.test\bin\debug\finom.test.dll" id="748d34e3-dd2f-5640-5367-545e3f40eb05">
      <Execution id="743cdf5e-3288-4995-9bc2-3cb5a69af9b4" />
      <TestMethod codeBase="E:/TeamCity_Data/Build/Sierra/src/FinOM/FinOM.Test/bin/Debug/FinOM.Test.DLL" adapterTypeName="Microsoft.VisualStudio.TestTools.TestTypes.Unit.UnitTestAdapter, Microsoft.VisualStudio.QualityTools.Tips.UnitTest.Adapter, Version=10.0.0.0, Culture=neutral, PublicKeyToken=b03f5f7f11d50a3a" className="FinOM.Test.Cells.CellMathTests, FinOM.Test, Version=1.0.0.0, Culture=neutral, PublicKeyToken=null" name="AddViaCellNameUsingLocalInternalCells" />
    </UnitTest>
    <UnitTest name="SyntheticAggregationTest" storage="e:\teamcity_data\build\sierra\src\finom\finom.test\bin\debug\finom.test.dll" id="be1e0e43-ad8b-e235-7919-b3e95bd5ba8a">
      <Execution id="ebc45856-5f72-431c-a3f1-df53f004b07b" />
      <TestMethod codeBase="E:/TeamCity_Data/Build/Sierra/src/FinOM/FinOM.Test/bin/Debug/FinOM.Test.DLL" adapterTypeName="Microsoft.VisualStudio.TestTools.TestTypes.Unit.UnitTestAdapter, Microsoft.VisualStudio.QualityTools.Tips.UnitTest.Adapter, Version=10.0.0.0, Culture=neutral, PublicKeyToken=b03f5f7f11d50a3a" className="FinOM.Test.TS.Core.AggregateTimeSeriesTests, FinOM.Test, Version=1.0.0.0, Culture=neutral, PublicKeyToken=null" name="SyntheticAggregationTest" />
    </UnitTest>
    <UnitTest name="OptionTest1" storage="e:\teamcity_data\build\sierra\src\finom\finom.test\bin\debug\finom.test.dll" id="2c6f6786-c103-6640-71c0-2dd4b753d8a2">
      <Execution id="ba96fb5c-73a5-44b6-8ef0-5aefdb34b5a3" />
      <TestMethod codeBase="E:/TeamCity_Data/Build/Sierra/src/FinOM/FinOM.Test/bin/Debug/FinOM.Test.DLL" adapterTypeName="Microsoft.VisualStudio.TestTools.TestTypes.Unit.UnitTestAdapter, Microsoft.VisualStudio.QualityTools.Tips.UnitTest.Adapter, Version=10.0.0.0, Culture=neutral, PublicKeyToken=b03f5f7f11d50a3a" className="FinOM.Test.Analytics.EquityDerivatives.OptionTests, FinOM.Test, Version=1.0.0.0, Culture=neutral, PublicKeyToken=null" name="OptionTest1" />
    </UnitTest>
    <UnitTest name="ExecuteTranchePriceTest" storage="e:\teamcity_data\build\sierra\src\finom\finom.test\bin\debug\finom.test.dll" id="f5443118-4d0d-50a1-0432-10343efad0ce">
      <Execution id="67152f83-a992-4855-894a-d13781eba892" />
      <TestMethod codeBase="E:/TeamCity_Data/Build/Sierra/src/FinOM/FinOM.Test/bin/Debug/FinOM.Test.DLL" adapterTypeName="Microsoft.VisualStudio.TestTools.TestTypes.Unit.UnitTestAdapter, Microsoft.VisualStudio.QualityTools.Tips.UnitTest.Adapter, Version=10.0.0.0, Culture=neutral, PublicKeyToken=b03f5f7f11d50a3a" className="FinOM.Test.FinanceAnalytics.TracerTest, FinOM.Test, Version=1.0.0.0, Culture=neutral, PublicKeyToken=null" name="ExecuteTranchePriceTest" />
    </UnitTest>
    <UnitTest name="TradeActionSetting" storage="e:\teamcity_data\build\sierra\src\finom\finom.test\bin\debug\finom.test.dll" id="edebee75-fa9c-330b-d7db-bec6580a4aec">
      <Execution id="87aea536-1502-4205-afc0-6985b6b7f24f" />
      <TestMethod codeBase="E:/TeamCity_Data/Build/Sierra/src/FinOM/FinOM.Test/bin/Debug/FinOM.Test.DLL" adapterTypeName="Microsoft.VisualStudio.TestTools.TestTypes.Unit.UnitTestAdapter, Microsoft.VisualStudio.QualityTools.Tips.UnitTest.Adapter, Version=10.0.0.0, Culture=neutral, PublicKeyToken=b03f5f7f11d50a3a" className="FinOM.Analytics.Test.TransactionTests, FinOM.Test, Version=1.0.0.0, Culture=neutral, PublicKeyToken=null" name="TradeActionSetting" />
    </UnitTest>
    <UnitTest name="TimeIndexCeilingTest" storage="e:\teamcity_data\build\sierra\src\finom\finom.test\bin\debug\finom.test.dll" id="bdbcd836-49d4-53e1-4d0c-c32a5e720e98">
      <Execution id="1d12128c-c59a-4630-af49-cec749eee2db" />
      <TestMethod codeBase="E:/TeamCity_Data/Build/Sierra/src/FinOM/FinOM.Test/bin/Debug/FinOM.Test.DLL" adapterTypeName="Microsoft.VisualStudio.TestTools.TestTypes.Unit.UnitTestAdapter, Microsoft.VisualStudio.QualityTools.Tips.UnitTest.Adapter, Version=10.0.0.0, Culture=neutral, PublicKeyToken=b03f5f7f11d50a3a" className="FinOM.Test.TS.Core.ExplicitTimelineTests, FinOM.Test, Version=1.0.0.0, Culture=neutral, PublicKeyToken=null" name="TimeIndexCeilingTest" />
    </UnitTest>
    <UnitTest name="CompatibleWithTest" storage="e:\teamcity_data\build\sierra\src\finom\finom.test\bin\debug\finom.test.dll" id="817caf19-7702-8bc6-2b3e-a5f8a2c3c912">
      <Execution id="26df40e1-0018-4905-9a7c-8c965e750e45" />
      <TestMethod codeBase="E:/TeamCity_Data/Build/Sierra/src/FinOM/FinOM.Test/bin/Debug/FinOM.Test.DLL" adapterTypeName="Microsoft.VisualStudio.TestTools.TestTypes.Unit.UnitTestAdapter, Microsoft.VisualStudio.QualityTools.Tips.UnitTest.Adapter, Version=10.0.0.0, Culture=neutral, PublicKeyToken=b03f5f7f11d50a3a" className="FinOM.Test.TS.Core.WeekdayRecurrenceTests, FinOM.Test, Version=1.0.0.0, Culture=neutral, PublicKeyToken=null" name="CompatibleWithTest" />
    </UnitTest>
    <UnitTest name="IndexOfTest" storage="e:\teamcity_data\build\sierra\src\finom\finom.test\bin\debug\finom.test.dll" id="305f7b59-bfbc-4510-db26-f00017fdb69c">
      <Execution id="79d36bc2-3e38-4f30-b118-396767a9ac4b" />
      <TestMethod codeBase="E:/TeamCity_Data/Build/Sierra/src/FinOM/FinOM.Test/bin/Debug/FinOM.Test.DLL" adapterTypeName="Microsoft.VisualStudio.TestTools.TestTypes.Unit.UnitTestAdapter, Microsoft.VisualStudio.QualityTools.Tips.UnitTest.Adapter, Version=10.0.0.0, Culture=neutral, PublicKeyToken=b03f5f7f11d50a3a" className="FinOM.Test.TS.Core.IntradayOfWeekdayTimelineTests, FinOM.Test, Version=1.0.0.0, Culture=neutral, PublicKeyToken=null" name="IndexOfTest" />
    </UnitTest>
    <UnitTest name="AddCellStringAndString" storage="e:\teamcity_data\build\sierra\src\finom\finom.test\bin\debug\finom.test.dll" id="fb65b714-97eb-ada0-3580-33952af4961d">
      <Execution id="bf68bd64-cdd6-4dc2-8364-ccec27fbeb0d" />
      <TestMethod codeBase="E:/TeamCity_Data/Build/Sierra/src/FinOM/FinOM.Test/bin/Debug/FinOM.Test.DLL" adapterTypeName="Microsoft.VisualStudio.TestTools.TestTypes.Unit.UnitTestAdapter, Microsoft.VisualStudio.QualityTools.Tips.UnitTest.Adapter, Version=10.0.0.0, Culture=neutral, PublicKeyToken=b03f5f7f11d50a3a" className="FinOM.Test.Cells.CellMathTests, FinOM.Test, Version=1.0.0.0, Culture=neutral, PublicKeyToken=null" name="AddCellStringAndString" />
    </UnitTest>
    <UnitTest name="StartTimeTest" storage="e:\teamcity_data\build\sierra\src\finom\finom.test\bin\debug\finom.test.dll" id="fdc4c841-9105-4bd3-f1bb-7356159e0734">
      <Execution id="2c22b9da-bedc-496a-bd39-a3dd68004b65" />
      <TestMethod codeBase="E:/TeamCity_Data/Build/Sierra/src/FinOM/FinOM.Test/bin/Debug/FinOM.Test.DLL" adapterTypeName="Microsoft.VisualStudio.TestTools.TestTypes.Unit.UnitTestAdapter, Microsoft.VisualStudio.QualityTools.Tips.UnitTest.Adapter, Version=10.0.0.0, Culture=neutral, PublicKeyToken=b03f5f7f11d50a3a" className="FinOM.Test.TS.Core.IndirectOfExplicitTimelineTests, FinOM.Test, Version=1.0.0.0, Culture=neutral, PublicKeyToken=null" name="StartTimeTest" />
    </UnitTest>
    <UnitTest name="EqVarRealizedUpTest" storage="e:\teamcity_data\build\sierra\src\finom\finom.test\bin\debug\finom.test.dll" id="00bc4c7f-4a77-1db8-aae1-6202c3a8e024">
      <Execution id="e0dcdb2e-ef86-40aa-b578-14697acd980b" />
      <TestMethod codeBase="E:/TeamCity_Data/Build/Sierra/src/FinOM/FinOM.Test/bin/Debug/FinOM.Test.DLL" adapterTypeName="Microsoft.VisualStudio.TestTools.TestTypes.Unit.UnitTestAdapter, Microsoft.VisualStudio.QualityTools.Tips.UnitTest.Adapter, Version=10.0.0.0, Culture=neutral, PublicKeyToken=b03f5f7f11d50a3a" className="FinOM.Test.EquityDerivatives.EquityTests, FinOM.Test, Version=1.0.0.0, Culture=neutral, PublicKeyToken=null" name="EqVarRealizedUpTest" />
    </UnitTest>
    <UnitTest name="resbasis_loadSpreads2" storage="e:\teamcity_data\build\sierra\src\finom\finom.test\bin\debug\finom.test.dll" id="875aef27-e073-18b8-8a4f-167b04ade983">
      <Execution id="a21035d6-99a2-473e-ae5f-64b930e5c906" />
      <TestMethod codeBase="E:/TeamCity_Data/Build/Sierra/src/FinOM/FinOM.Test/bin/Debug/FinOM.Test.DLL" adapterTypeName="Microsoft.VisualStudio.TestTools.TestTypes.Unit.UnitTestAdapter, Microsoft.VisualStudio.QualityTools.Tips.UnitTest.Adapter, Version=10.0.0.0, Culture=neutral, PublicKeyToken=b03f5f7f11d50a3a" className="FinOM.Analytics.Test.MarketDataTests, FinOM.Test, Version=1.0.0.0, Culture=neutral, PublicKeyToken=null" name="resbasis_loadSpreads2" />
    </UnitTest>
    <UnitTest name="CDIPriceTests" storage="e:\teamcity_data\build\sierra\src\finom\finom.test\bin\debug\finom.test.dll" id="c553b08a-fa5e-6ddf-0bac-1d6ece1e5cf4">
      <Execution id="a7541268-53ce-4bf7-b371-448ccc2a86eb" />
      <TestMethod codeBase="E:/TeamCity_Data/Build/Sierra/src/FinOM/FinOM.Test/bin/Debug/FinOM.Test.DLL" adapterTypeName="Microsoft.VisualStudio.TestTools.TestTypes.Unit.UnitTestAdapter, Microsoft.VisualStudio.QualityTools.Tips.UnitTest.Adapter, Version=10.0.0.0, Culture=neutral, PublicKeyToken=b03f5f7f11d50a3a" className="FinOM.Test.Credit.CDITest, FinOM.Test, Version=1.0.0.0, Culture=neutral, PublicKeyToken=null" name="CDIPriceTests" />
    </UnitTest>
    <UnitTest name="TimeIndexCeilingSegmentTest" storage="e:\teamcity_data\build\sierra\src\finom\finom.test\bin\debug\finom.test.dll" id="c474c0c2-73b6-100f-8d30-d5e965ce6bb1">
      <Execution id="9a93c815-5b0d-4883-9271-342d87cc7db7" />
      <TestMethod codeBase="E:/TeamCity_Data/Build/Sierra/src/FinOM/FinOM.Test/bin/Debug/FinOM.Test.DLL" adapterTypeName="Microsoft.VisualStudio.TestTools.TestTypes.Unit.UnitTestAdapter, Microsoft.VisualStudio.QualityTools.Tips.UnitTest.Adapter, Version=10.0.0.0, Culture=neutral, PublicKeyToken=b03f5f7f11d50a3a" className="FinOM.Test.TS.Core.IntradayOfWeekdayTimelineTests, FinOM.Test, Version=1.0.0.0, Culture=neutral, PublicKeyToken=null" name="TimeIndexCeilingSegmentTest" />
    </UnitTest>
    <UnitTest name="resbasis_loadSpreads1" storage="e:\teamcity_data\build\sierra\src\finom\finom.test\bin\debug\finom.test.dll" id="26a643eb-c7d3-3061-3d13-12df877729c7">
      <Execution id="7b501384-3e22-424d-9f7e-e394b6f70d87" />
      <TestMethod codeBase="E:/TeamCity_Data/Build/Sierra/src/FinOM/FinOM.Test/bin/Debug/FinOM.Test.DLL" adapterTypeName="Microsoft.VisualStudio.TestTools.TestTypes.Unit.UnitTestAdapter, Microsoft.VisualStudio.QualityTools.Tips.UnitTest.Adapter, Version=10.0.0.0, Culture=neutral, PublicKeyToken=b03f5f7f11d50a3a" className="FinOM.Analytics.Test.MarketDataTests, FinOM.Test, Version=1.0.0.0, Culture=neutral, PublicKeyToken=null" name="resbasis_loadSpreads1" />
    </UnitTest>
    <UnitTest name="UniformCompositeRecurrenceCeilingTest" storage="e:\teamcity_data\build\sierra\src\finom\finom.test\bin\debug\finom.test.dll" id="614d2d90-c33e-0c7d-69e7-f743aae9996c">
      <Execution id="e6a28d42-0dc0-4bd7-8b85-c106dd20ed39" />
      <TestMethod codeBase="E:/TeamCity_Data/Build/Sierra/src/FinOM/FinOM.Test/bin/Debug/FinOM.Test.DLL" adapterTypeName="Microsoft.VisualStudio.TestTools.TestTypes.Unit.UnitTestAdapter, Microsoft.VisualStudio.QualityTools.Tips.UnitTest.Adapter, Version=10.0.0.0, Culture=neutral, PublicKeyToken=b03f5f7f11d50a3a" className="FinOM.Test.TS.Core.WorkdayPartialCompositeRecurrenceTests, FinOM.Test, Version=1.0.0.0, Culture=neutral, PublicKeyToken=null" name="UniformCompositeRecurrenceCeilingTest" />
    </UnitTest>
    <UnitTest name="CountTest" storage="e:\teamcity_data\build\sierra\src\finom\finom.test\bin\debug\finom.test.dll" id="9d2154a1-c557-d5fb-02e1-01d28b31b3ed">
      <Execution id="efe4b003-ebc5-4d23-971e-a52b2b8e2ef3" />
      <TestMethod codeBase="E:/TeamCity_Data/Build/Sierra/src/FinOM/FinOM.Test/bin/Debug/FinOM.Test.DLL" adapterTypeName="Microsoft.VisualStudio.TestTools.TestTypes.Unit.UnitTestAdapter, Microsoft.VisualStudio.QualityTools.Tips.UnitTest.Adapter, Version=10.0.0.0, Culture=neutral, PublicKeyToken=b03f5f7f11d50a3a" className="FinOM.Test.TS.Core.IntradayOfDailyTimelineTests, FinOM.Test, Version=1.0.0.0, Culture=neutral, PublicKeyToken=null" name="CountTest" />
    </UnitTest>
    <UnitTest name="AnonCellBasic2b" storage="e:\teamcity_data\build\sierra\src\finom\finom.test\bin\debug\finom.test.dll" id="d684f4bf-ecc4-fa8e-9e67-807e5e2e0b95">
      <Execution id="cf10c684-9b98-4806-90d5-5a6105645fc8" />
      <TestMethod codeBase="E:/TeamCity_Data/Build/Sierra/src/FinOM/FinOM.Test/bin/Debug/FinOM.Test.DLL" adapterTypeName="Microsoft.VisualStudio.TestTools.TestTypes.Unit.UnitTestAdapter, Microsoft.VisualStudio.QualityTools.Tips.UnitTest.Adapter, Version=10.0.0.0, Culture=neutral, PublicKeyToken=b03f5f7f11d50a3a" className="FinOM.Test.Cells.AnonymousCellTests, FinOM.Test, Version=1.0.0.0, Culture=neutral, PublicKeyToken=null" name="AnonCellBasic2b" />
    </UnitTest>
    <UnitTest name="StartEndTimelineCreationTest" storage="e:\teamcity_data\build\sierra\src\finom\finom.test\bin\debug\finom.test.dll" id="006c7dca-a93f-f8d5-0f69-17a2167f2a4a">
      <Execution id="39ac159a-252e-4194-b3aa-6c9ed775141d" />
      <TestMethod codeBase="E:/TeamCity_Data/Build/Sierra/src/FinOM/FinOM.Test/bin/Debug/FinOM.Test.DLL" adapterTypeName="Microsoft.VisualStudio.TestTools.TestTypes.Unit.UnitTestAdapter, Microsoft.VisualStudio.QualityTools.Tips.UnitTest.Adapter, Version=10.0.0.0, Culture=neutral, PublicKeyToken=b03f5f7f11d50a3a" className="FinOM.Test.TS.Core.RecurringTimelineCreationTests, FinOM.Test, Version=1.0.0.0, Culture=neutral, PublicKeyToken=null" name="StartEndTimelineCreationTest" />
    </UnitTest>
    <UnitTest name="GuideOfDifferenceTest" storage="e:\teamcity_data\build\sierra\src\finom\finom.test\bin\debug\finom.test.dll" id="9de5d6ad-e2ef-91a8-9c09-31ab3cea18c1">
      <Execution id="a158b2e1-f5dc-4f35-ada8-bc0ec3546ece" />
      <TestMethod codeBase="E:/TeamCity_Data/Build/Sierra/src/FinOM/FinOM.Test/bin/Debug/FinOM.Test.DLL" adapterTypeName="Microsoft.VisualStudio.TestTools.TestTypes.Unit.UnitTestAdapter, Microsoft.VisualStudio.QualityTools.Tips.UnitTest.Adapter, Version=10.0.0.0, Culture=neutral, PublicKeyToken=b03f5f7f11d50a3a" className="FinOM.Test.TS.Core.RandomMixedCombinedTimelinesTests, FinOM.Test, Version=1.0.0.0, Culture=neutral, PublicKeyToken=null" name="GuideOfDifferenceTest" />
    </UnitTest>
    <UnitTest name="CountTest" storage="e:\teamcity_data\build\sierra\src\finom\finom.test\bin\debug\finom.test.dll" id="e22f2622-68ca-2364-119e-796d6ebc9a19">
      <Execution id="472c363e-d18c-4077-8b76-548b3629749d" />
      <TestMethod codeBase="E:/TeamCity_Data/Build/Sierra/src/FinOM/FinOM.Test/bin/Debug/FinOM.Test.DLL" adapterTypeName="Microsoft.VisualStudio.TestTools.TestTypes.Unit.UnitTestAdapter, Microsoft.VisualStudio.QualityTools.Tips.UnitTest.Adapter, Version=10.0.0.0, Culture=neutral, PublicKeyToken=b03f5f7f11d50a3a" className="FinOM.Test.TS.Core.ExplicitTimelineTests, FinOM.Test, Version=1.0.0.0, Culture=neutral, PublicKeyToken=null" name="CountTest" />
    </UnitTest>
    <UnitTest name="SymDiffTest" storage="e:\teamcity_data\build\sierra\src\finom\finom.test\bin\debug\finom.test.dll" id="61a3e468-dc6b-5c60-df85-396d6c71f6b9">
      <Execution id="859f4e47-8d5e-4187-b067-5e934a0287f5" />
      <TestMethod codeBase="E:/TeamCity_Data/Build/Sierra/src/FinOM/FinOM.Test/bin/Debug/FinOM.Test.DLL" adapterTypeName="Microsoft.VisualStudio.TestTools.TestTypes.Unit.UnitTestAdapter, Microsoft.VisualStudio.QualityTools.Tips.UnitTest.Adapter, Version=10.0.0.0, Culture=neutral, PublicKeyToken=b03f5f7f11d50a3a" className="FinOM.Test.TS.Core.OperatorTests, FinOM.Test, Version=1.0.0.0, Culture=neutral, PublicKeyToken=null" name="SymDiffTest" />
    </UnitTest>
    <UnitTest name="Atan2Test" storage="e:\teamcity_data\build\sierra\src\finom\finom.test\bin\debug\finom.test.dll" id="e1dd31cf-53b1-54d1-f3a9-df2816e49966">
      <Execution id="c9af61a0-660e-4e3d-9944-b4e2d3433127" />
      <TestMethod codeBase="E:/TeamCity_Data/Build/Sierra/src/FinOM/FinOM.Test/bin/Debug/FinOM.Test.DLL" adapterTypeName="Microsoft.VisualStudio.TestTools.TestTypes.Unit.UnitTestAdapter, Microsoft.VisualStudio.QualityTools.Tips.UnitTest.Adapter, Version=10.0.0.0, Culture=neutral, PublicKeyToken=b03f5f7f11d50a3a" className="FinOM.Test.TS.Core.MathTimeSeriesExprTests, FinOM.Test, Version=1.0.0.0, Culture=neutral, PublicKeyToken=null" name="Atan2Test" />
    </UnitTest>
    <UnitTest name="QVIntradayAggregationExprDailyTest" storage="e:\teamcity_data\build\sierra\src\finom\finom.test\bin\debug\finom.test.dll" id="07281b31-baeb-c5ef-0902-22fefa8f812b">
      <Execution id="bb051d36-7e4f-4cac-9a1c-84a336008d2a" />
      <TestMethod codeBase="E:/TeamCity_Data/Build/Sierra/src/FinOM/FinOM.Test/bin/Debug/FinOM.Test.DLL" adapterTypeName="Microsoft.VisualStudio.TestTools.TestTypes.Unit.UnitTestAdapter, Microsoft.VisualStudio.QualityTools.Tips.UnitTest.Adapter, Version=10.0.0.0, Culture=neutral, PublicKeyToken=b03f5f7f11d50a3a" className="FinOM.Test.TS.Data.QVLoadableSeriesTests, FinOM.Test, Version=1.0.0.0, Culture=neutral, PublicKeyToken=null" name="QVIntradayAggregationExprDailyTest" />
    </UnitTest>
    <UnitTest name="Test7" storage="e:\teamcity_data\build\sierra\src\finom\finom.test\bin\debug\finom.test.dll" id="8f4eb6e2-5030-8361-e7f9-dec113ce1a84">
      <Execution id="70119c94-2a46-4d93-a35a-ca68164e3f40" />
      <TestMethod codeBase="E:/TeamCity_Data/Build/Sierra/src/FinOM/FinOM.Test/bin/Debug/FinOM.Test.DLL" adapterTypeName="Microsoft.VisualStudio.TestTools.TestTypes.Unit.UnitTestAdapter, Microsoft.VisualStudio.QualityTools.Tips.UnitTest.Adapter, Version=10.0.0.0, Culture=neutral, PublicKeyToken=b03f5f7f11d50a3a" className="FinOM.Test.TS.Tool.DateSpecTests, FinOM.Test, Version=1.0.0.0, Culture=neutral, PublicKeyToken=null" name="Test7" />
    </UnitTest>
    <UnitTest name="DiffWTest" storage="e:\teamcity_data\build\sierra\src\finom\finom.test\bin\debug\finom.test.dll" id="c08e198a-7d53-356c-9eca-bc368527e9e7">
      <Execution id="07b8e1aa-c58d-4373-a857-9dbd548142fb" />
      <TestMethod codeBase="E:/TeamCity_Data/Build/Sierra/src/FinOM/FinOM.Test/bin/Debug/FinOM.Test.DLL" adapterTypeName="Microsoft.VisualStudio.TestTools.TestTypes.Unit.UnitTestAdapter, Microsoft.VisualStudio.QualityTools.Tips.UnitTest.Adapter, Version=10.0.0.0, Culture=neutral, PublicKeyToken=b03f5f7f11d50a3a" className="FinOM.Test.TS.Core.MovingUnaryTimeSeriesExprTests, FinOM.Test, Version=1.0.0.0, Culture=neutral, PublicKeyToken=null" name="DiffWTest" />
    </UnitTest>
    <UnitTest name="GeoMeanTest" storage="e:\teamcity_data\build\sierra\src\finom\finom.test\bin\debug\finom.test.dll" id="3fb116ed-dd2e-5396-4f0d-bfe94879629f">
      <Execution id="8977768b-e35e-4a5c-a163-de9ad3f0ed7a" />
      <TestMethod codeBase="E:/TeamCity_Data/Build/Sierra/src/FinOM/FinOM.Test/bin/Debug/FinOM.Test.DLL" adapterTypeName="Microsoft.VisualStudio.TestTools.TestTypes.Unit.UnitTestAdapter, Microsoft.VisualStudio.QualityTools.Tips.UnitTest.Adapter, Version=10.0.0.0, Culture=neutral, PublicKeyToken=b03f5f7f11d50a3a" className="FinOM.Test.TS.Core.MultiPointTimeSeriesExprTests, FinOM.Test, Version=1.0.0.0, Culture=neutral, PublicKeyToken=null" name="GeoMeanTest" />
    </UnitTest>
    <UnitTest name="SqrtTest" storage="e:\teamcity_data\build\sierra\src\finom\finom.test\bin\debug\finom.test.dll" id="f7c40804-1de3-db81-5fa3-f538700739d9">
      <Execution id="2539650e-9a6e-46ab-a8a0-ea43387bc8fa" />
      <TestMethod codeBase="E:/TeamCity_Data/Build/Sierra/src/FinOM/FinOM.Test/bin/Debug/FinOM.Test.DLL" adapterTypeName="Microsoft.VisualStudio.TestTools.TestTypes.Unit.UnitTestAdapter, Microsoft.VisualStudio.QualityTools.Tips.UnitTest.Adapter, Version=10.0.0.0, Culture=neutral, PublicKeyToken=b03f5f7f11d50a3a" className="FinOM.Test.TS.Core.MathTimeSeriesExprTests, FinOM.Test, Version=1.0.0.0, Culture=neutral, PublicKeyToken=null" name="SqrtTest" />
    </UnitTest>
    <UnitTest name="AnnuityTest" storage="e:\teamcity_data\build\sierra\src\finom\finom.test\bin\debug\finom.test.dll" id="5953718e-5b69-d42a-455b-f3ddfb4f120b">
      <Execution id="6735e81d-b690-431e-b998-d0490f4cc60a" />
      <TestMethod codeBase="E:/TeamCity_Data/Build/Sierra/src/FinOM/FinOM.Test/bin/Debug/FinOM.Test.DLL" adapterTypeName="Microsoft.VisualStudio.TestTools.TestTypes.Unit.UnitTestAdapter, Microsoft.VisualStudio.QualityTools.Tips.UnitTest.Adapter, Version=10.0.0.0, Culture=neutral, PublicKeyToken=b03f5f7f11d50a3a" className="FinOM.Test.Credit.CDSTest, FinOM.Test, Version=1.0.0.0, Culture=neutral, PublicKeyToken=null" name="AnnuityTest" />
    </UnitTest>
    <UnitTest name="ParTest" storage="e:\teamcity_data\build\sierra\src\finom\finom.test\bin\debug\finom.test.dll" id="d3da240a-3a12-3f5d-9c89-2e01e5a6237a">
      <Execution timeOut="10000" id="dc590d38-fcd4-4692-a876-2dde8d88512a" />
      <TestMethod codeBase="E:/TeamCity_Data/Build/Sierra/src/FinOM/FinOM.Test/bin/Debug/FinOM.Test.DLL" adapterTypeName="Microsoft.VisualStudio.TestTools.TestTypes.Unit.UnitTestAdapter, Microsoft.VisualStudio.QualityTools.Tips.UnitTest.Adapter, Version=10.0.0.0, Culture=neutral, PublicKeyToken=b03f5f7f11d50a3a" className="FinOM.Test.Credit.RecSwapTest, FinOM.Test, Version=1.0.0.0, Culture=neutral, PublicKeyToken=null" name="ParTest" />
    </UnitTest>
    <UnitTest name="DifferenceTest" storage="e:\teamcity_data\build\sierra\src\finom\finom.test\bin\debug\finom.test.dll" id="64c8e2b1-f56d-80b3-52ce-3dadd0293daf">
      <Execution id="e56c20c0-2f97-4d70-a49a-5d103ef2573f" />
      <TestMethod codeBase="E:/TeamCity_Data/Build/Sierra/src/FinOM/FinOM.Test/bin/Debug/FinOM.Test.DLL" adapterTypeName="Microsoft.VisualStudio.TestTools.TestTypes.Unit.UnitTestAdapter, Microsoft.VisualStudio.QualityTools.Tips.UnitTest.Adapter, Version=10.0.0.0, Culture=neutral, PublicKeyToken=b03f5f7f11d50a3a" className="FinOM.Test.TS.Core.OperatorTests, FinOM.Test, Version=1.0.0.0, Culture=neutral, PublicKeyToken=null" name="DifferenceTest" />
    </UnitTest>
    <UnitTest name="SpecificPrecedentTest" storage="e:\teamcity_data\build\sierra\src\finom\finom.test\bin\debug\finom.test.dll" id="179e292a-8c19-908e-f3a0-7dc56978a8c9">
      <Execution id="6ff5e15e-eddf-4768-98d2-6228a046df35" />
      <TestMethod codeBase="E:/TeamCity_Data/Build/Sierra/src/FinOM/FinOM.Test/bin/Debug/FinOM.Test.DLL" adapterTypeName="Microsoft.VisualStudio.TestTools.TestTypes.Unit.UnitTestAdapter, Microsoft.VisualStudio.QualityTools.Tips.UnitTest.Adapter, Version=10.0.0.0, Culture=neutral, PublicKeyToken=b03f5f7f11d50a3a" className="FinOM.Test.Cells.CellTest, FinOM.Test, Version=1.0.0.0, Culture=neutral, PublicKeyToken=null" name="SpecificPrecedentTest" />
    </UnitTest>
    <UnitTest name="IndexToTimeTest" storage="e:\teamcity_data\build\sierra\src\finom\finom.test\bin\debug\finom.test.dll" id="e4ee7c67-ec22-e858-1ccc-9ae617fd95f6">
      <Execution id="d0f85183-37b3-4d2a-99f0-35cd35b06945" />
      <TestMethod codeBase="E:/TeamCity_Data/Build/Sierra/src/FinOM/FinOM.Test/bin/Debug/FinOM.Test.DLL" adapterTypeName="Microsoft.VisualStudio.TestTools.TestTypes.Unit.UnitTestAdapter, Microsoft.VisualStudio.QualityTools.Tips.UnitTest.Adapter, Version=10.0.0.0, Culture=neutral, PublicKeyToken=b03f5f7f11d50a3a" className="FinOM.Test.TS.Core.UniformRecurrenceTests, FinOM.Test, Version=1.0.0.0, Culture=neutral, PublicKeyToken=null" name="IndexToTimeTest" />
    </UnitTest>
    <UnitTest name="TestIsdaDiscountCurve" storage="e:\teamcity_data\build\sierra\src\finom\finom.test\bin\debug\finom.test.dll" id="20aea2ae-6548-8a04-36ec-ee79d2389e6d">
      <Execution id="ed85b1a4-6cda-4b57-bb83-6a5967efcf03" />
      <TestMethod codeBase="E:/TeamCity_Data/Build/Sierra/src/FinOM/FinOM.Test/bin/Debug/FinOM.Test.DLL" adapterTypeName="Microsoft.VisualStudio.TestTools.TestTypes.Unit.UnitTestAdapter, Microsoft.VisualStudio.QualityTools.Tips.UnitTest.Adapter, Version=10.0.0.0, Culture=neutral, PublicKeyToken=b03f5f7f11d50a3a" className="FinOM.Test.Credit.IsdaCdsModelTest, FinOM.Test, Version=1.0.0.0, Culture=neutral, PublicKeyToken=null" name="TestIsdaDiscountCurve" />
    </UnitTest>
    <UnitTest name="CountTest" storage="e:\teamcity_data\build\sierra\src\finom\finom.test\bin\debug\finom.test.dll" id="b9925dde-338d-e154-1438-4822eab83079">
      <Execution id="d133b702-7ba6-4d64-9eed-d61338fa5807" />
      <TestMethod codeBase="E:/TeamCity_Data/Build/Sierra/src/FinOM/FinOM.Test/bin/Debug/FinOM.Test.DLL" adapterTypeName="Microsoft.VisualStudio.TestTools.TestTypes.Unit.UnitTestAdapter, Microsoft.VisualStudio.QualityTools.Tips.UnitTest.Adapter, Version=10.0.0.0, Culture=neutral, PublicKeyToken=b03f5f7f11d50a3a" className="FinOM.Test.TS.Core.IndirectOfRecurringTimelineTests, FinOM.Test, Version=1.0.0.0, Culture=neutral, PublicKeyToken=null" name="CountTest" />
    </UnitTest>
    <UnitTest name="CollateralEqualityTest1" storage="e:\teamcity_data\build\sierra\src\finom\finom.test\bin\debug\finom.test.dll" id="117d0dc8-92f2-3015-8de4-0fa03b6aa684">
      <Execution id="4e852e57-8b17-492a-93a5-81fbeb45091a" />
      <TestMethod codeBase="E:/TeamCity_Data/Build/Sierra/src/FinOM/FinOM.Test/bin/Debug/FinOM.Test.DLL" adapterTypeName="Microsoft.VisualStudio.TestTools.TestTypes.Unit.UnitTestAdapter, Microsoft.VisualStudio.QualityTools.Tips.UnitTest.Adapter, Version=10.0.0.0, Culture=neutral, PublicKeyToken=b03f5f7f11d50a3a" className="FinOM.Test.Credit.CDOTrancheTest, FinOM.Test, Version=1.0.0.0, Culture=neutral, PublicKeyToken=null" name="CollateralEqualityTest1" />
    </UnitTest>
    <UnitTest name="IntradayTest" storage="e:\teamcity_data\build\sierra\src\finom\finom.test\bin\debug\finom.test.dll" id="33269fda-e37d-5908-8bed-770860b81077">
      <Execution id="17f27055-bef3-4ef0-89fa-293cb89bdaea" />
      <TestMethod codeBase="E:/TeamCity_Data/Build/Sierra/src/FinOM/FinOM.Test/bin/Debug/FinOM.Test.DLL" adapterTypeName="Microsoft.VisualStudio.TestTools.TestTypes.Unit.UnitTestAdapter, Microsoft.VisualStudio.QualityTools.Tips.UnitTest.Adapter, Version=10.0.0.0, Culture=neutral, PublicKeyToken=b03f5f7f11d50a3a" className="FinOM.Test.TS.Core.WorkdayCompositeRecurrenceTests, FinOM.Test, Version=1.0.0.0, Culture=neutral, PublicKeyToken=null" name="IntradayTest" />
    </UnitTest>
    <UnitTest name="IndexerOutOfBoundsTest" storage="e:\teamcity_data\build\sierra\src\finom\finom.test\bin\debug\finom.test.dll" id="d699beba-6ef6-8ad1-9ac4-bf090f83c81c">
      <Execution id="92941668-fa6d-4f39-9f6b-ae01b76e3851" />
      <TestMethod codeBase="E:/TeamCity_Data/Build/Sierra/src/FinOM/FinOM.Test/bin/Debug/FinOM.Test.DLL" adapterTypeName="Microsoft.VisualStudio.TestTools.TestTypes.Unit.UnitTestAdapter, Microsoft.VisualStudio.QualityTools.Tips.UnitTest.Adapter, Version=10.0.0.0, Culture=neutral, PublicKeyToken=b03f5f7f11d50a3a" className="FinOM.Test.TS.Core.IntradayOfDailyWithCutTimelineTests, FinOM.Test, Version=1.0.0.0, Culture=neutral, PublicKeyToken=null" name="IndexerOutOfBoundsTest" />
    </UnitTest>
    <UnitTest name="AssignIntoDealerBids2" storage="e:\teamcity_data\build\sierra\src\finom\finom.test\bin\debug\finom.test.dll" id="4dd63ae0-e435-9996-0f42-8dad3066b7b5">
      <Execution id="13bfc4f3-df2b-4e9c-b404-8d3c416afeff" />
      <TestMethod codeBase="E:/TeamCity_Data/Build/Sierra/src/FinOM/FinOM.Test/bin/Debug/FinOM.Test.DLL" adapterTypeName="Microsoft.VisualStudio.TestTools.TestTypes.Unit.UnitTestAdapter, Microsoft.VisualStudio.QualityTools.Tips.UnitTest.Adapter, Version=10.0.0.0, Culture=neutral, PublicKeyToken=b03f5f7f11d50a3a" className="FinOM.Test.Credit.CDOTrancheTest, FinOM.Test, Version=1.0.0.0, Culture=neutral, PublicKeyToken=null" name="AssignIntoDealerBids2" />
    </UnitTest>
    <UnitTest name="IndexerTest" storage="e:\teamcity_data\build\sierra\src\finom\finom.test\bin\debug\finom.test.dll" id="442394a5-417a-91dd-bf58-5d3311d338df">
      <Execution id="d88e7b5b-ed40-460f-88e1-6a546a97444c" />
      <TestMethod codeBase="E:/TeamCity_Data/Build/Sierra/src/FinOM/FinOM.Test/bin/Debug/FinOM.Test.DLL" adapterTypeName="Microsoft.VisualStudio.TestTools.TestTypes.Unit.UnitTestAdapter, Microsoft.VisualStudio.QualityTools.Tips.UnitTest.Adapter, Version=10.0.0.0, Culture=neutral, PublicKeyToken=b03f5f7f11d50a3a" className="FinOM.Test.TS.Core.OffsetOfExplicitTimelineTests, FinOM.Test, Version=1.0.0.0, Culture=neutral, PublicKeyToken=null" name="IndexerTest" />
    </UnitTest>
    <UnitTest name="DifferenceOfSymDiffTest" storage="e:\teamcity_data\build\sierra\src\finom\finom.test\bin\debug\finom.test.dll" id="cc2a1de9-0979-a265-6048-65fb112d9d99">
      <Execution id="47d011e7-3156-4aa2-a5b9-09c0d6df9f46" />
      <TestMethod codeBase="E:/TeamCity_Data/Build/Sierra/src/FinOM/FinOM.Test/bin/Debug/FinOM.Test.DLL" adapterTypeName="Microsoft.VisualStudio.TestTools.TestTypes.Unit.UnitTestAdapter, Microsoft.VisualStudio.QualityTools.Tips.UnitTest.Adapter, Version=10.0.0.0, Culture=neutral, PublicKeyToken=b03f5f7f11d50a3a" className="FinOM.Test.TS.Core.StepsMixedCombinedTimelinesTests, FinOM.Test, Version=1.0.0.0, Culture=neutral, PublicKeyToken=null" name="DifferenceOfSymDiffTest" />
    </UnitTest>
    <UnitTest name="TimeIndexFloorSegmentTest" storage="e:\teamcity_data\build\sierra\src\finom\finom.test\bin\debug\finom.test.dll" id="24876aa8-73d3-7dda-4701-eda2a124dde9">
      <Execution id="433b227b-40af-43e7-8b9d-4f39f5a3390a" />
      <TestMethod codeBase="E:/TeamCity_Data/Build/Sierra/src/FinOM/FinOM.Test/bin/Debug/FinOM.Test.DLL" adapterTypeName="Microsoft.VisualStudio.TestTools.TestTypes.Unit.UnitTestAdapter, Microsoft.VisualStudio.QualityTools.Tips.UnitTest.Adapter, Version=10.0.0.0, Culture=neutral, PublicKeyToken=b03f5f7f11d50a3a" className="FinOM.Test.TS.Core.IntradayOfWorkdayWithCutTimelineTests, FinOM.Test, Version=1.0.0.0, Culture=neutral, PublicKeyToken=null" name="TimeIndexFloorSegmentTest" />
    </UnitTest>
    <UnitTest name="TimeIndexCeilingSegmentTest" storage="e:\teamcity_data\build\sierra\src\finom\finom.test\bin\debug\finom.test.dll" id="34f1cee4-b75e-641e-f178-be3cfd8e035b">
      <Execution id="7ddde09d-e80a-44c2-b85e-cb5a44d2dba1" />
      <TestMethod codeBase="E:/TeamCity_Data/Build/Sierra/src/FinOM/FinOM.Test/bin/Debug/FinOM.Test.DLL" adapterTypeName="Microsoft.VisualStudio.TestTools.TestTypes.Unit.UnitTestAdapter, Microsoft.VisualStudio.QualityTools.Tips.UnitTest.Adapter, Version=10.0.0.0, Culture=neutral, PublicKeyToken=b03f5f7f11d50a3a" className="FinOM.Test.TS.Core.IntradayOfDailyTimelineTests, FinOM.Test, Version=1.0.0.0, Culture=neutral, PublicKeyToken=null" name="TimeIndexCeilingSegmentTest" />
    </UnitTest>
    <UnitTest name="JumpRatingStoreChanges" storage="e:\teamcity_data\build\sierra\src\finom\finom.test\bin\debug\finom.test.dll" id="0ed989a1-5e56-8834-1d97-75499eb9cc34">
      <Execution id="df63363c-9f52-4ff3-9afa-4f322dcf57a2" />
      <TestMethod codeBase="E:/TeamCity_Data/Build/Sierra/src/FinOM/FinOM.Test/bin/Debug/FinOM.Test.DLL" adapterTypeName="Microsoft.VisualStudio.TestTools.TestTypes.Unit.UnitTestAdapter, Microsoft.VisualStudio.QualityTools.Tips.UnitTest.Adapter, Version=10.0.0.0, Culture=neutral, PublicKeyToken=b03f5f7f11d50a3a" className="FinOM.Analytics.Test.JumpRatingTest, FinOM.Test, Version=1.0.0.0, Culture=neutral, PublicKeyToken=null" name="JumpRatingStoreChanges" />
    </UnitTest>
    <UnitTest name="SelfBinaryTimelinesEnumeratorTest2" storage="e:\teamcity_data\build\sierra\src\finom\finom.test\bin\debug\finom.test.dll" id="89f1a3fd-327f-3ff7-3515-8c858f60c07a">
      <Execution id="25aba482-ecf3-47e2-b125-71d70d2b5c19" />
      <TestMethod codeBase="E:/TeamCity_Data/Build/Sierra/src/FinOM/FinOM.Test/bin/Debug/FinOM.Test.DLL" adapterTypeName="Microsoft.VisualStudio.TestTools.TestTypes.Unit.UnitTestAdapter, Microsoft.VisualStudio.QualityTools.Tips.UnitTest.Adapter, Version=10.0.0.0, Culture=neutral, PublicKeyToken=b03f5f7f11d50a3a" className="FinOM.Test.TS.Core.SelfBinaryTimelinesEnumeratorTests, FinOM.Test, Version=1.0.0.0, Culture=neutral, PublicKeyToken=null" name="SelfBinaryTimelinesEnumeratorTest2" />
    </UnitTest>
    <UnitTest name="SubTimelineSegmentTest" storage="e:\teamcity_data\build\sierra\src\finom\finom.test\bin\debug\finom.test.dll" id="5975833d-6186-1e09-955c-b4bdbb055895">
      <Execution id="6e713e81-13b6-4912-b8c5-2c1e1f7fdda0" />
      <TestMethod codeBase="E:/TeamCity_Data/Build/Sierra/src/FinOM/FinOM.Test/bin/Debug/FinOM.Test.DLL" adapterTypeName="Microsoft.VisualStudio.TestTools.TestTypes.Unit.UnitTestAdapter, Microsoft.VisualStudio.QualityTools.Tips.UnitTest.Adapter, Version=10.0.0.0, Culture=neutral, PublicKeyToken=b03f5f7f11d50a3a" className="FinOM.Test.TS.Core.SegmentOfRecurringTimelineTests, FinOM.Test, Version=1.0.0.0, Culture=neutral, PublicKeyToken=null" name="SubTimelineSegmentTest" />
    </UnitTest>
    <UnitTest name="TimeToIndexEvenTest" storage="e:\teamcity_data\build\sierra\src\finom\finom.test\bin\debug\finom.test.dll" id="3e4ad87d-8883-2b43-f57b-9fe3cfd211e0">
      <Execution id="96ec16e6-6549-4aab-95d5-9171922cf427" />
      <TestMethod codeBase="E:/TeamCity_Data/Build/Sierra/src/FinOM/FinOM.Test/bin/Debug/FinOM.Test.DLL" adapterTypeName="Microsoft.VisualStudio.TestTools.TestTypes.Unit.UnitTestAdapter, Microsoft.VisualStudio.QualityTools.Tips.UnitTest.Adapter, Version=10.0.0.0, Culture=neutral, PublicKeyToken=b03f5f7f11d50a3a" className="FinOM.Test.TS.Core.WeekdayCompositeRecurrenceTests, FinOM.Test, Version=1.0.0.0, Culture=neutral, PublicKeyToken=null" name="TimeToIndexEvenTest" />
    </UnitTest>
    <UnitTest name="BasicReadSqlMemory" storage="e:\teamcity_data\build\sierra\src\finom\finom.test\bin\debug\finom.test.dll" id="1852959a-d6b8-44b5-b0ec-2eaffa7c3f7d">
      <Execution id="06d1249b-8c56-40a4-bf91-34487afc8516" />
      <TestMethod codeBase="E:/TeamCity_Data/Build/Sierra/src/FinOM/FinOM.Test/bin/Debug/FinOM.Test.DLL" adapterTypeName="Microsoft.VisualStudio.TestTools.TestTypes.Unit.UnitTestAdapter, Microsoft.VisualStudio.QualityTools.Tips.UnitTest.Adapter, Version=10.0.0.0, Culture=neutral, PublicKeyToken=b03f5f7f11d50a3a" className="FinOM.Core.Test.SparseDataTests, FinOM.Test, Version=1.0.0.0, Culture=neutral, PublicKeyToken=null" name="BasicReadSqlMemory" />
    </UnitTest>
    <UnitTest name="IndexOfNonExistingTest" storage="e:\teamcity_data\build\sierra\src\finom\finom.test\bin\debug\finom.test.dll" id="a1e17580-9517-1504-2aad-ad322e4228e0">
      <Execution id="2af452b5-f053-4b1e-95c4-84afb5a64df5" />
      <TestMethod codeBase="E:/TeamCity_Data/Build/Sierra/src/FinOM/FinOM.Test/bin/Debug/FinOM.Test.DLL" adapterTypeName="Microsoft.VisualStudio.TestTools.TestTypes.Unit.UnitTestAdapter, Microsoft.VisualStudio.QualityTools.Tips.UnitTest.Adapter, Version=10.0.0.0, Culture=neutral, PublicKeyToken=b03f5f7f11d50a3a" className="FinOM.Test.TS.Core.OffsetOfExplicitTimelineTests, FinOM.Test, Version=1.0.0.0, Culture=neutral, PublicKeyToken=null" name="IndexOfNonExistingTest" />
    </UnitTest>
    <UnitTest name="PgpStreamingEncryptTest" storage="e:\teamcity_data\build\sierra\src\finom\finom.test\bin\debug\finom.test.dll" id="1079e5d7-4813-b4c4-7248-6e5571f8948d">
      <Execution id="905bd903-8817-4a22-9c72-16d701a7e774" />
      <TestMethod codeBase="E:/TeamCity_Data/Build/Sierra/src/FinOM/FinOM.Test/bin/Debug/FinOM.Test.DLL" adapterTypeName="Microsoft.VisualStudio.TestTools.TestTypes.Unit.UnitTestAdapter, Microsoft.VisualStudio.QualityTools.Tips.UnitTest.Adapter, Version=10.0.0.0, Culture=neutral, PublicKeyToken=b03f5f7f11d50a3a" className="FinOM.Test.Util.PgpTest, FinOM.Test, Version=1.0.0.0, Culture=neutral, PublicKeyToken=null" name="PgpStreamingEncryptTest" />
    </UnitTest>
    <UnitTest name="MultipleTimelinesIntersectionComprehensiveTest" storage="e:\teamcity_data\build\sierra\src\finom\finom.test\bin\debug\finom.test.dll" id="0f14ed66-52cd-469d-3e9c-f8371be99188">
      <Execution id="ed05e983-678b-4436-83ad-02f3dd0556dd" />
      <TestMethod codeBase="E:/TeamCity_Data/Build/Sierra/src/FinOM/FinOM.Test/bin/Debug/FinOM.Test.DLL" adapterTypeName="Microsoft.VisualStudio.TestTools.TestTypes.Unit.UnitTestAdapter, Microsoft.VisualStudio.QualityTools.Tips.UnitTest.Adapter, Version=10.0.0.0, Culture=neutral, PublicKeyToken=b03f5f7f11d50a3a" className="FinOM.Test.TS.Core.MultipleTimelinesIntersectionTests, FinOM.Test, Version=1.0.0.0, Culture=neutral, PublicKeyToken=null" name="MultipleTimelinesIntersectionComprehensiveTest" />
    </UnitTest>
    <UnitTest name="LoadTest" storage="e:\teamcity_data\build\sierra\src\finom\finom.test\bin\debug\finom.test.dll" id="41ce7425-5185-2575-6111-2c5a40da5fb2">
      <Execution id="2f4f3a9e-677e-4b4a-8a6c-b1cacb4ecfb4" />
      <TestMethod codeBase="E:/TeamCity_Data/Build/Sierra/src/FinOM/FinOM.Test/bin/Debug/FinOM.Test.DLL" adapterTypeName="Microsoft.VisualStudio.TestTools.TestTypes.Unit.UnitTestAdapter, Microsoft.VisualStudio.QualityTools.Tips.UnitTest.Adapter, Version=10.0.0.0, Culture=neutral, PublicKeyToken=b03f5f7f11d50a3a" className="FinOM.Test.CurveMarker.CreditHierarchyTests, FinOM.Test, Version=1.0.0.0, Culture=neutral, PublicKeyToken=null" name="LoadTest" />
    </UnitTest>
    <UnitTest name="ShortEndSpreadCalcExtrapolateTest1" storage="e:\teamcity_data\build\sierra\src\finom\finom.test\bin\debug\finom.test.dll" id="dba0b206-e133-0604-8801-cfbd9dc1f099">
      <Execution id="06db7d6c-75a7-4ae3-a6d6-1bf82f36cc66" />
      <TestMethod codeBase="E:/TeamCity_Data/Build/Sierra/src/FinOM/FinOM.Test/bin/Debug/FinOM.Test.DLL" adapterTypeName="Microsoft.VisualStudio.TestTools.TestTypes.Unit.UnitTestAdapter, Microsoft.VisualStudio.QualityTools.Tips.UnitTest.Adapter, Version=10.0.0.0, Culture=neutral, PublicKeyToken=b03f5f7f11d50a3a" className="FinOM.Test.FinanceScenarios.CreditCurve.SpreadFillerTest, FinOM.Test, Version=1.0.0.0, Culture=neutral, PublicKeyToken=null" name="ShortEndSpreadCalcExtrapolateTest1" />
    </UnitTest>
    <UnitTest name="SubTimelineSegmentTest" storage="e:\teamcity_data\build\sierra\src\finom\finom.test\bin\debug\finom.test.dll" id="344680b1-7166-0598-0fcb-919ef7145867">
      <Execution id="dad8e0a4-d488-48ed-a56e-7ac6b3ea13da" />
      <TestMethod codeBase="E:/TeamCity_Data/Build/Sierra/src/FinOM/FinOM.Test/bin/Debug/FinOM.Test.DLL" adapterTypeName="Microsoft.VisualStudio.TestTools.TestTypes.Unit.UnitTestAdapter, Microsoft.VisualStudio.QualityTools.Tips.UnitTest.Adapter, Version=10.0.0.0, Culture=neutral, PublicKeyToken=b03f5f7f11d50a3a" className="FinOM.Test.TS.Core.IntradayOfDailyWithCutTimelineTests, FinOM.Test, Version=1.0.0.0, Culture=neutral, PublicKeyToken=null" name="SubTimelineSegmentTest" />
    </UnitTest>
    <UnitTest name="LoadQVTickDataTest" storage="e:\teamcity_data\build\sierra\src\finom\finom.test\bin\debug\finom.test.dll" id="b041a329-0ae1-f8b4-592d-c588d506a252">
      <Execution id="85e24114-e17b-4de3-ac1d-f8c43352e98a" />
      <TestMethod codeBase="E:/TeamCity_Data/Build/Sierra/src/FinOM/FinOM.Test/bin/Debug/FinOM.Test.DLL" adapterTypeName="Microsoft.VisualStudio.TestTools.TestTypes.Unit.UnitTestAdapter, Microsoft.VisualStudio.QualityTools.Tips.UnitTest.Adapter, Version=10.0.0.0, Culture=neutral, PublicKeyToken=b03f5f7f11d50a3a" className="FinOM.Test.TS.UseCases.IntradayTests, FinOM.Test, Version=1.0.0.0, Culture=neutral, PublicKeyToken=null" name="LoadQVTickDataTest" />
    </UnitTest>
    <UnitTest name="MarkedTenorParSpreadTest" storage="e:\teamcity_data\build\sierra\src\finom\finom.test\bin\debug\finom.test.dll" id="943551d9-3142-fbc9-9d30-da7371695ae4">
      <Execution id="297c3500-5232-473e-b3dc-9265ed2219de" />
      <TestMethod codeBase="E:/TeamCity_Data/Build/Sierra/src/FinOM/FinOM.Test/bin/Debug/FinOM.Test.DLL" adapterTypeName="Microsoft.VisualStudio.TestTools.TestTypes.Unit.UnitTestAdapter, Microsoft.VisualStudio.QualityTools.Tips.UnitTest.Adapter, Version=10.0.0.0, Culture=neutral, PublicKeyToken=b03f5f7f11d50a3a" className="FinOM.Test.Credit.CDSTest, FinOM.Test, Version=1.0.0.0, Culture=neutral, PublicKeyToken=null" name="MarkedTenorParSpreadTest" />
    </UnitTest>
    <UnitTest name="IndexerOutOfBoundsTest" storage="e:\teamcity_data\build\sierra\src\finom\finom.test\bin\debug\finom.test.dll" id="f76fc9ea-e051-e701-f983-c27876dc54b2">
      <Execution id="f3c01a49-5f15-4c5c-8bf1-a5e12cda03dc" />
      <TestMethod codeBase="E:/TeamCity_Data/Build/Sierra/src/FinOM/FinOM.Test/bin/Debug/FinOM.Test.DLL" adapterTypeName="Microsoft.VisualStudio.TestTools.TestTypes.Unit.UnitTestAdapter, Microsoft.VisualStudio.QualityTools.Tips.UnitTest.Adapter, Version=10.0.0.0, Culture=neutral, PublicKeyToken=b03f5f7f11d50a3a" className="FinOM.Test.TS.Core.IntradayOfDailyTimelineTests, FinOM.Test, Version=1.0.0.0, Culture=neutral, PublicKeyToken=null" name="IndexerOutOfBoundsTest" />
    </UnitTest>
    <UnitTest name="NonUniformCompositeRecurrenceIndexToTimeTest" storage="e:\teamcity_data\build\sierra\src\finom\finom.test\bin\debug\finom.test.dll" id="be905746-cd26-8059-96a7-63c6cae73dd4">
      <Execution id="318da0fd-2299-4454-b311-3ed8e7027dab" />
      <TestMethod codeBase="E:/TeamCity_Data/Build/Sierra/src/FinOM/FinOM.Test/bin/Debug/FinOM.Test.DLL" adapterTypeName="Microsoft.VisualStudio.TestTools.TestTypes.Unit.UnitTestAdapter, Microsoft.VisualStudio.QualityTools.Tips.UnitTest.Adapter, Version=10.0.0.0, Culture=neutral, PublicKeyToken=b03f5f7f11d50a3a" className="FinOM.Test.TS.Core.WorkdayPartialCompositeRecurrenceTests, FinOM.Test, Version=1.0.0.0, Culture=neutral, PublicKeyToken=null" name="NonUniformCompositeRecurrenceIndexToTimeTest" />
    </UnitTest>
    <UnitTest name="StartTimeTest" storage="e:\teamcity_data\build\sierra\src\finom\finom.test\bin\debug\finom.test.dll" id="04e1331b-748e-51c1-db17-c951797b373d">
      <Execution id="f9b224d1-0c57-469a-a66c-08d24f61a2e8" />
      <TestMethod codeBase="E:/TeamCity_Data/Build/Sierra/src/FinOM/FinOM.Test/bin/Debug/FinOM.Test.DLL" adapterTypeName="Microsoft.VisualStudio.TestTools.TestTypes.Unit.UnitTestAdapter, Microsoft.VisualStudio.QualityTools.Tips.UnitTest.Adapter, Version=10.0.0.0, Culture=neutral, PublicKeyToken=b03f5f7f11d50a3a" className="FinOM.Test.TS.Core.IntradayOfDailyWithCutTimelineTests, FinOM.Test, Version=1.0.0.0, Culture=neutral, PublicKeyToken=null" name="StartTimeTest" />
    </UnitTest>
    <UnitTest name="IndexOfNonExistingTest" storage="e:\teamcity_data\build\sierra\src\finom\finom.test\bin\debug\finom.test.dll" id="b58d9ed4-8b03-3c4e-8714-15edb47d4b61">
      <Execution id="445d0be7-53ff-4a96-9d28-b230e892590e" />
      <TestMethod codeBase="E:/TeamCity_Data/Build/Sierra/src/FinOM/FinOM.Test/bin/Debug/FinOM.Test.DLL" adapterTypeName="Microsoft.VisualStudio.TestTools.TestTypes.Unit.UnitTestAdapter, Microsoft.VisualStudio.QualityTools.Tips.UnitTest.Adapter, Version=10.0.0.0, Culture=neutral, PublicKeyToken=b03f5f7f11d50a3a" className="FinOM.Test.TS.Core.IndirectOfRecurringTimelineTests, FinOM.Test, Version=1.0.0.0, Culture=neutral, PublicKeyToken=null" name="IndexOfNonExistingTest" />
    </UnitTest>
    <UnitTest name="RemoveDailyOutliersTest" storage="e:\teamcity_data\build\sierra\src\finom\finom.test\bin\debug\finom.test.dll" id="deaa45c3-cb0e-a044-46fb-35cc65ad3bf3">
      <Execution id="9d1ed07a-49b6-40a6-8f82-655d4a36c8ce" />
      <TestMethod codeBase="E:/TeamCity_Data/Build/Sierra/src/FinOM/FinOM.Test/bin/Debug/FinOM.Test.DLL" adapterTypeName="Microsoft.VisualStudio.TestTools.TestTypes.Unit.UnitTestAdapter, Microsoft.VisualStudio.QualityTools.Tips.UnitTest.Adapter, Version=10.0.0.0, Culture=neutral, PublicKeyToken=b03f5f7f11d50a3a" className="FinOM.Test.TS.UseCases.IntradayTests, FinOM.Test, Version=1.0.0.0, Culture=neutral, PublicKeyToken=null" name="RemoveDailyOutliersTest" />
    </UnitTest>
    <UnitTest name="TimeIndexFloorSegmentTest" storage="e:\teamcity_data\build\sierra\src\finom\finom.test\bin\debug\finom.test.dll" id="42f9a171-386a-7457-259b-769dd0696ae1">
      <Execution id="891bddee-bb56-4413-b96f-fb290334b542" />
      <TestMethod codeBase="E:/TeamCity_Data/Build/Sierra/src/FinOM/FinOM.Test/bin/Debug/FinOM.Test.DLL" adapterTypeName="Microsoft.VisualStudio.TestTools.TestTypes.Unit.UnitTestAdapter, Microsoft.VisualStudio.QualityTools.Tips.UnitTest.Adapter, Version=10.0.0.0, Culture=neutral, PublicKeyToken=b03f5f7f11d50a3a" className="FinOM.Test.TS.Core.OffsetOfExplicitTimelineTests, FinOM.Test, Version=1.0.0.0, Culture=neutral, PublicKeyToken=null" name="TimeIndexFloorSegmentTest" />
    </UnitTest>
    <UnitTest name="TestCDIInstrumentIsHY" storage="e:\teamcity_data\build\sierra\src\finom\finom.test\bin\debug\finom.test.dll" id="6cef5b74-acb9-0de4-d29c-52afea029c19">
      <Execution id="1823be9f-2b14-4202-8cd3-ca6b5f4489b5" />
      <TestMethod codeBase="E:/TeamCity_Data/Build/Sierra/src/FinOM/FinOM.Test/bin/Debug/FinOM.Test.DLL" adapterTypeName="Microsoft.VisualStudio.TestTools.TestTypes.Unit.UnitTestAdapter, Microsoft.VisualStudio.QualityTools.Tips.UnitTest.Adapter, Version=10.0.0.0, Culture=neutral, PublicKeyToken=b03f5f7f11d50a3a" className="FinOM.Test.FinanceScenarios.InsightHelperTest, FinOM.Test, Version=1.0.0.0, Culture=neutral, PublicKeyToken=null" name="TestCDIInstrumentIsHY" />
    </UnitTest>
    <UnitTest name="IntersectionOfDifferenceTest" storage="e:\teamcity_data\build\sierra\src\finom\finom.test\bin\debug\finom.test.dll" id="69ea61f4-9310-9feb-f70e-f35adf39ec2c">
      <Execution id="caa2c2b3-ce2f-412a-b61b-25db2bb33b92" />
      <TestMethod codeBase="E:/TeamCity_Data/Build/Sierra/src/FinOM/FinOM.Test/bin/Debug/FinOM.Test.DLL" adapterTypeName="Microsoft.VisualStudio.TestTools.TestTypes.Unit.UnitTestAdapter, Microsoft.VisualStudio.QualityTools.Tips.UnitTest.Adapter, Version=10.0.0.0, Culture=neutral, PublicKeyToken=b03f5f7f11d50a3a" className="FinOM.Test.TS.Core.StepsMixedCombinedTimelinesTests, FinOM.Test, Version=1.0.0.0, Culture=neutral, PublicKeyToken=null" name="IntersectionOfDifferenceTest" />
    </UnitTest>
    <UnitTest name="TimePointsTest" storage="e:\teamcity_data\build\sierra\src\finom\finom.test\bin\debug\finom.test.dll" id="ffa116cd-9ae8-be57-c975-f523e9756e78">
      <Execution id="ae52ba6d-16c6-4008-9c88-c0e2dc80d2e9" />
      <TestMethod codeBase="E:/TeamCity_Data/Build/Sierra/src/FinOM/FinOM.Test/bin/Debug/FinOM.Test.DLL" adapterTypeName="Microsoft.VisualStudio.TestTools.TestTypes.Unit.UnitTestAdapter, Microsoft.VisualStudio.QualityTools.Tips.UnitTest.Adapter, Version=10.0.0.0, Culture=neutral, PublicKeyToken=b03f5f7f11d50a3a" className="FinOM.Test.TS.Core.SegmentOfRecurringTimelineTests, FinOM.Test, Version=1.0.0.0, Culture=neutral, PublicKeyToken=null" name="TimePointsTest" />
    </UnitTest>
    <UnitTest name="Test3" storage="e:\teamcity_data\build\sierra\src\finom\finom.test\bin\debug\finom.test.dll" id="72ac8e93-9809-90fa-4165-d53e0d05467d">
      <Execution id="644cccc2-ac63-414e-9df4-e4258953f57a" />
      <TestMethod codeBase="E:/TeamCity_Data/Build/Sierra/src/FinOM/FinOM.Test/bin/Debug/FinOM.Test.DLL" adapterTypeName="Microsoft.VisualStudio.TestTools.TestTypes.Unit.UnitTestAdapter, Microsoft.VisualStudio.QualityTools.Tips.UnitTest.Adapter, Version=10.0.0.0, Culture=neutral, PublicKeyToken=b03f5f7f11d50a3a" className="FinOM.Test.TS.Tool.DateSpecTests, FinOM.Test, Version=1.0.0.0, Culture=neutral, PublicKeyToken=null" name="Test3" />
    </UnitTest>
    <UnitTest name="RetrieveTrnTrades" storage="e:\teamcity_data\build\sierra\src\finom\finom.test\bin\debug\finom.test.dll" id="5fb88c19-c0ac-c25b-64cc-bccbae348109">
      <Execution id="32884738-02d1-4783-8ae4-259c1433b3db" />
      <TestMethod codeBase="E:/TeamCity_Data/Build/Sierra/src/FinOM/FinOM.Test/bin/Debug/FinOM.Test.DLL" adapterTypeName="Microsoft.VisualStudio.TestTools.TestTypes.Unit.UnitTestAdapter, Microsoft.VisualStudio.QualityTools.Tips.UnitTest.Adapter, Version=10.0.0.0, Culture=neutral, PublicKeyToken=b03f5f7f11d50a3a" className="FinOM.Analytics.Test.TransactionTests, FinOM.Test, Version=1.0.0.0, Culture=neutral, PublicKeyToken=null" name="RetrieveTrnTrades" />
    </UnitTest>
    <UnitTest name="JumpRatingsSqlProvider1" storage="e:\teamcity_data\build\sierra\src\finom\finom.test\bin\debug\finom.test.dll" id="6c63c924-903e-4e8b-a264-45816756ef66">
      <Execution id="217502d5-5eb5-4c55-9de8-cd6efe6fc598" />
      <TestMethod codeBase="E:/TeamCity_Data/Build/Sierra/src/FinOM/FinOM.Test/bin/Debug/FinOM.Test.DLL" adapterTypeName="Microsoft.VisualStudio.TestTools.TestTypes.Unit.UnitTestAdapter, Microsoft.VisualStudio.QualityTools.Tips.UnitTest.Adapter, Version=10.0.0.0, Culture=neutral, PublicKeyToken=b03f5f7f11d50a3a" className="FinOM.Core.Test.SparseDataTests, FinOM.Test, Version=1.0.0.0, Culture=neutral, PublicKeyToken=null" name="JumpRatingsSqlProvider1" />
    </UnitTest>
    <UnitTest name="TimeIndexFloorTest" storage="e:\teamcity_data\build\sierra\src\finom\finom.test\bin\debug\finom.test.dll" id="7d44ea08-d4df-4323-ee14-9df0b4507084">
      <Execution id="da4e8f0f-bf03-4986-a114-8a576c202d07" />
      <TestMethod codeBase="E:/TeamCity_Data/Build/Sierra/src/FinOM/FinOM.Test/bin/Debug/FinOM.Test.DLL" adapterTypeName="Microsoft.VisualStudio.TestTools.TestTypes.Unit.UnitTestAdapter, Microsoft.VisualStudio.QualityTools.Tips.UnitTest.Adapter, Version=10.0.0.0, Culture=neutral, PublicKeyToken=b03f5f7f11d50a3a" className="FinOM.Test.TS.Core.IntradayOfWorkdayWithCutTimelineTests, FinOM.Test, Version=1.0.0.0, Culture=neutral, PublicKeyToken=null" name="TimeIndexFloorTest" />
    </UnitTest>
    <UnitTest name="ReversedHeapTest" storage="e:\teamcity_data\build\sierra\src\finom\finom.test\bin\debug\finom.test.dll" id="7518c2d2-7a97-1453-21c8-cc9ed6a49d67">
      <Execution id="2f8f80f8-f63a-4e7e-be4f-163724b9659a" />
      <TestMethod codeBase="E:/TeamCity_Data/Build/Sierra/src/FinOM/FinOM.Test/bin/Debug/FinOM.Test.DLL" adapterTypeName="Microsoft.VisualStudio.TestTools.TestTypes.Unit.UnitTestAdapter, Microsoft.VisualStudio.QualityTools.Tips.UnitTest.Adapter, Version=10.0.0.0, Culture=neutral, PublicKeyToken=b03f5f7f11d50a3a" className="FinOM.Test.TS.Util.HeapTests, FinOM.Test, Version=1.0.0.0, Culture=neutral, PublicKeyToken=null" name="ReversedHeapTest" />
    </UnitTest>
    <UnitTest name="StartTimeTest" storage="e:\teamcity_data\build\sierra\src\finom\finom.test\bin\debug\finom.test.dll" id="6e8c1a73-14bb-5a92-74dc-da4bbb18b05d">
      <Execution id="5bf5b8c1-3a21-4230-bf49-96c9f30534b9" />
      <TestMethod codeBase="E:/TeamCity_Data/Build/Sierra/src/FinOM/FinOM.Test/bin/Debug/FinOM.Test.DLL" adapterTypeName="Microsoft.VisualStudio.TestTools.TestTypes.Unit.UnitTestAdapter, Microsoft.VisualStudio.QualityTools.Tips.UnitTest.Adapter, Version=10.0.0.0, Culture=neutral, PublicKeyToken=b03f5f7f11d50a3a" className="FinOM.Test.TS.Core.IntradayOfWeekdayWithCutTimelineTests, FinOM.Test, Version=1.0.0.0, Culture=neutral, PublicKeyToken=null" name="StartTimeTest" />
    </UnitTest>
    <UnitTest name="TimeOfDayTest" storage="e:\teamcity_data\build\sierra\src\finom\finom.test\bin\debug\finom.test.dll" id="2f33c5cc-db13-9dfe-377a-c6e7e214eb8b">
      <Execution id="f29bedb9-4347-4581-957f-7fc04c3d5f81" />
      <TestMethod codeBase="E:/TeamCity_Data/Build/Sierra/src/FinOM/FinOM.Test/bin/Debug/FinOM.Test.DLL" adapterTypeName="Microsoft.VisualStudio.TestTools.TestTypes.Unit.UnitTestAdapter, Microsoft.VisualStudio.QualityTools.Tips.UnitTest.Adapter, Version=10.0.0.0, Culture=neutral, PublicKeyToken=b03f5f7f11d50a3a" className="FinOM.Test.TS.Core.DateTimeTimeSeriesExprTests, FinOM.Test, Version=1.0.0.0, Culture=neutral, PublicKeyToken=null" name="TimeOfDayTest" />
    </UnitTest>
    <UnitTest name="BATest" storage="e:\teamcity_data\build\sierra\src\finom\finom.test\bin\debug\finom.test.dll" id="6e9503d2-aac5-d0d9-d6d5-fbbf9bb0eda5">
      <Execution id="6751cff5-9dcc-416b-9b0b-c1eba1871d40" />
      <TestMethod codeBase="E:/TeamCity_Data/Build/Sierra/src/FinOM/FinOM.Test/bin/Debug/FinOM.Test.DLL" adapterTypeName="Microsoft.VisualStudio.TestTools.TestTypes.Unit.UnitTestAdapter, Microsoft.VisualStudio.QualityTools.Tips.UnitTest.Adapter, Version=10.0.0.0, Culture=neutral, PublicKeyToken=b03f5f7f11d50a3a" className="FinOM.Test.TS.Core.SpliceGeometricTimeSeriesExprTests, FinOM.Test, Version=1.0.0.0, Culture=neutral, PublicKeyToken=null" name="BATest" />
    </UnitTest>
    <UnitTest name="BasicTest1" storage="e:\teamcity_data\build\sierra\src\finom\finom.test\bin\debug\finom.test.dll" id="96d369e0-b963-dc43-8616-076c65d77554">
      <Execution id="63847991-d944-4f6f-b1f5-8ca0d347ed44" />
      <TestMethod codeBase="E:/TeamCity_Data/Build/Sierra/src/FinOM/FinOM.Test/bin/Debug/FinOM.Test.DLL" adapterTypeName="Microsoft.VisualStudio.TestTools.TestTypes.Unit.UnitTestAdapter, Microsoft.VisualStudio.QualityTools.Tips.UnitTest.Adapter, Version=10.0.0.0, Culture=neutral, PublicKeyToken=b03f5f7f11d50a3a" className="FinOM.Test.Types.WeakSetTest, FinOM.Test, Version=1.0.0.0, Culture=neutral, PublicKeyToken=null" name="BasicTest1" />
    </UnitTest>
    <UnitTest name="DateTest" storage="e:\teamcity_data\build\sierra\src\finom\finom.test\bin\debug\finom.test.dll" id="a44df1d0-04ff-ba6e-5de5-11c94ab00907">
      <Execution id="7f16aa0a-f248-4714-bedb-15d7da2a114b" />
      <TestMethod codeBase="E:/TeamCity_Data/Build/Sierra/src/FinOM/FinOM.Test/bin/Debug/FinOM.Test.DLL" adapterTypeName="Microsoft.VisualStudio.TestTools.TestTypes.Unit.UnitTestAdapter, Microsoft.VisualStudio.QualityTools.Tips.UnitTest.Adapter, Version=10.0.0.0, Culture=neutral, PublicKeyToken=b03f5f7f11d50a3a" className="FinOM.Test.TS.Core.DateTimeTimeSeriesExprTests, FinOM.Test, Version=1.0.0.0, Culture=neutral, PublicKeyToken=null" name="DateTest" />
    </UnitTest>
    <UnitTest name="TestC" storage="e:\teamcity_data\build\sierra\src\finom\finom.test\bin\debug\finom.test.dll" id="b9c260ed-ec37-dcbd-07da-ef00a7ad4154">
      <Execution id="d701c7c0-2337-4afa-848d-afc1dca2d548" />
      <TestMethod codeBase="E:/TeamCity_Data/Build/Sierra/src/FinOM/FinOM.Test/bin/Debug/FinOM.Test.DLL" adapterTypeName="Microsoft.VisualStudio.TestTools.TestTypes.Unit.UnitTestAdapter, Microsoft.VisualStudio.QualityTools.Tips.UnitTest.Adapter, Version=10.0.0.0, Culture=neutral, PublicKeyToken=b03f5f7f11d50a3a" className="FinOM.Test.TS.Core.ConstantTimeSeriesExprTests, FinOM.Test, Version=1.0.0.0, Culture=neutral, PublicKeyToken=null" name="TestC" />
    </UnitTest>
    <UnitTest name="ExecuteIntrinsicSpreadTest" storage="e:\teamcity_data\build\sierra\src\finom\finom.test\bin\debug\finom.test.dll" id="789d1865-0f2a-bb32-abf7-b6deec1b2668">
      <Execution id="4ca91a51-8d96-4d8f-8539-baa96891757a" />
      <TestMethod codeBase="E:/TeamCity_Data/Build/Sierra/src/FinOM/FinOM.Test/bin/Debug/FinOM.Test.DLL" adapterTypeName="Microsoft.VisualStudio.TestTools.TestTypes.Unit.UnitTestAdapter, Microsoft.VisualStudio.QualityTools.Tips.UnitTest.Adapter, Version=10.0.0.0, Culture=neutral, PublicKeyToken=b03f5f7f11d50a3a" className="FinOM.Test.FinanceAnalytics.TracerTest, FinOM.Test, Version=1.0.0.0, Culture=neutral, PublicKeyToken=null" name="ExecuteIntrinsicSpreadTest" />
    </UnitTest>
    <UnitTest name="SerializeMoney" storage="e:\teamcity_data\build\sierra\src\finom\finom.test\bin\debug\finom.test.dll" id="ee799af5-233a-b89e-585c-4babf94ffaea">
      <Execution id="3a3bda36-9643-4994-a115-cc508c5d82ba" />
      <TestMethod codeBase="E:/TeamCity_Data/Build/Sierra/src/FinOM/FinOM.Test/bin/Debug/FinOM.Test.DLL" adapterTypeName="Microsoft.VisualStudio.TestTools.TestTypes.Unit.UnitTestAdapter, Microsoft.VisualStudio.QualityTools.Tips.UnitTest.Adapter, Version=10.0.0.0, Culture=neutral, PublicKeyToken=b03f5f7f11d50a3a" className="FinOM.Analytics.Test.TransactionTests, FinOM.Test, Version=1.0.0.0, Culture=neutral, PublicKeyToken=null" name="SerializeMoney" />
    </UnitTest>
    <UnitTest name="TimeToIndexTest" storage="e:\teamcity_data\build\sierra\src\finom\finom.test\bin\debug\finom.test.dll" id="2a64f938-f935-cdbd-4fd7-0083f526f4ac">
      <Execution id="229202bd-9309-4d75-9794-cdf42beb405e" />
      <TestMethod codeBase="E:/TeamCity_Data/Build/Sierra/src/FinOM/FinOM.Test/bin/Debug/FinOM.Test.DLL" adapterTypeName="Microsoft.VisualStudio.TestTools.TestTypes.Unit.UnitTestAdapter, Microsoft.VisualStudio.QualityTools.Tips.UnitTest.Adapter, Version=10.0.0.0, Culture=neutral, PublicKeyToken=b03f5f7f11d50a3a" className="FinOM.Test.TS.Core.WorkdayRecurrenceTests, FinOM.Test, Version=1.0.0.0, Culture=neutral, PublicKeyToken=null" name="TimeToIndexTest" />
    </UnitTest>
    <UnitTest name="SubTimelineIndirectTest" storage="e:\teamcity_data\build\sierra\src\finom\finom.test\bin\debug\finom.test.dll" id="aff4cbad-38c9-c130-060e-f26c3c1964a3">
      <Execution id="73930e02-3c9d-49f8-83e1-bd4a959bd5f0" />
      <TestMethod codeBase="E:/TeamCity_Data/Build/Sierra/src/FinOM/FinOM.Test/bin/Debug/FinOM.Test.DLL" adapterTypeName="Microsoft.VisualStudio.TestTools.TestTypes.Unit.UnitTestAdapter, Microsoft.VisualStudio.QualityTools.Tips.UnitTest.Adapter, Version=10.0.0.0, Culture=neutral, PublicKeyToken=b03f5f7f11d50a3a" className="FinOM.Test.TS.Core.OffsetOfExplicitTimelineTests, FinOM.Test, Version=1.0.0.0, Culture=neutral, PublicKeyToken=null" name="SubTimelineIndirectTest" />
    </UnitTest>
    <UnitTest name="TimeIndexCeilingSegmentTest" storage="e:\teamcity_data\build\sierra\src\finom\finom.test\bin\debug\finom.test.dll" id="72e13252-2112-9f68-55fb-11d51625ec2c">
      <Execution id="21040cae-3ee4-4973-9fc9-9294409ec1b9" />
      <TestMethod codeBase="E:/TeamCity_Data/Build/Sierra/src/FinOM/FinOM.Test/bin/Debug/FinOM.Test.DLL" adapterTypeName="Microsoft.VisualStudio.TestTools.TestTypes.Unit.UnitTestAdapter, Microsoft.VisualStudio.QualityTools.Tips.UnitTest.Adapter, Version=10.0.0.0, Culture=neutral, PublicKeyToken=b03f5f7f11d50a3a" className="FinOM.Test.TS.Core.IntradayOfWorkdayTimelineTests, FinOM.Test, Version=1.0.0.0, Culture=neutral, PublicKeyToken=null" name="TimeIndexCeilingSegmentTest" />
    </UnitTest>
    <UnitTest name="SelfIndexTest" storage="e:\teamcity_data\build\sierra\src\finom\finom.test\bin\debug\finom.test.dll" id="8b1559e5-84cd-aace-80d9-6e79a75f3f6e">
      <Execution id="c2f92720-db1e-4c5c-9308-74e58af330b5" />
      <TestMethod codeBase="E:/TeamCity_Data/Build/Sierra/src/FinOM/FinOM.Test/bin/Debug/FinOM.Test.DLL" adapterTypeName="Microsoft.VisualStudio.TestTools.TestTypes.Unit.UnitTestAdapter, Microsoft.VisualStudio.QualityTools.Tips.UnitTest.Adapter, Version=10.0.0.0, Culture=neutral, PublicKeyToken=b03f5f7f11d50a3a" className="FinOM.Test.TS.Core.SubsetAndIndexTests, FinOM.Test, Version=1.0.0.0, Culture=neutral, PublicKeyToken=null" name="SelfIndexTest" />
    </UnitTest>
    <UnitTest name="CombinationsTest" storage="e:\teamcity_data\build\sierra\src\finom\finom.test\bin\debug\finom.test.dll" id="02f11969-fbc7-3244-ba76-3005afc583a4">
      <Execution id="cab94463-53f9-4cab-b211-5ae71169ee30" />
      <TestMethod codeBase="E:/TeamCity_Data/Build/Sierra/src/FinOM/FinOM.Test/bin/Debug/FinOM.Test.DLL" adapterTypeName="Microsoft.VisualStudio.TestTools.TestTypes.Unit.UnitTestAdapter, Microsoft.VisualStudio.QualityTools.Tips.UnitTest.Adapter, Version=10.0.0.0, Culture=neutral, PublicKeyToken=b03f5f7f11d50a3a" className="FinOM.Test.Util.PermutationTests, FinOM.Test, Version=1.0.0.0, Culture=neutral, PublicKeyToken=null" name="CombinationsTest" />
    </UnitTest>
    <UnitTest name="PositiveIndexTest" storage="e:\teamcity_data\build\sierra\src\finom\finom.test\bin\debug\finom.test.dll" id="1358350e-ad1a-2fcb-8ab2-f107e5f2f6a5">
      <Execution id="58976d95-65f1-41e7-bb84-0d5b3756edaf" />
      <TestMethod codeBase="E:/TeamCity_Data/Build/Sierra/src/FinOM/FinOM.Test/bin/Debug/FinOM.Test.DLL" adapterTypeName="Microsoft.VisualStudio.TestTools.TestTypes.Unit.UnitTestAdapter, Microsoft.VisualStudio.QualityTools.Tips.UnitTest.Adapter, Version=10.0.0.0, Culture=neutral, PublicKeyToken=b03f5f7f11d50a3a" className="FinOM.Test.TS.Core.SubsetAndIndexTests, FinOM.Test, Version=1.0.0.0, Culture=neutral, PublicKeyToken=null" name="PositiveIndexTest" />
    </UnitTest>
    <UnitTest name="TimeIndexFloorTest" storage="e:\teamcity_data\build\sierra\src\finom\finom.test\bin\debug\finom.test.dll" id="6c8207de-7a88-d18c-cff3-80475f449247">
      <Execution id="1a748146-6012-4ad4-8c9e-73f8ba2a2e2f" />
      <TestMethod codeBase="E:/TeamCity_Data/Build/Sierra/src/FinOM/FinOM.Test/bin/Debug/FinOM.Test.DLL" adapterTypeName="Microsoft.VisualStudio.TestTools.TestTypes.Unit.UnitTestAdapter, Microsoft.VisualStudio.QualityTools.Tips.UnitTest.Adapter, Version=10.0.0.0, Culture=neutral, PublicKeyToken=b03f5f7f11d50a3a" className="FinOM.Test.TS.Core.IntradayOfDailyWithCutTimelineTests, FinOM.Test, Version=1.0.0.0, Culture=neutral, PublicKeyToken=null" name="TimeIndexFloorTest" />
    </UnitTest>
    <UnitTest name="UnionOfSymDiffTest" storage="e:\teamcity_data\build\sierra\src\finom\finom.test\bin\debug\finom.test.dll" id="4455217a-5153-38fd-384a-e8e791a9476c">
      <Execution id="93532d5a-3b2b-4af6-a396-216bb89c0f5b" />
      <TestMethod codeBase="E:/TeamCity_Data/Build/Sierra/src/FinOM/FinOM.Test/bin/Debug/FinOM.Test.DLL" adapterTypeName="Microsoft.VisualStudio.TestTools.TestTypes.Unit.UnitTestAdapter, Microsoft.VisualStudio.QualityTools.Tips.UnitTest.Adapter, Version=10.0.0.0, Culture=neutral, PublicKeyToken=b03f5f7f11d50a3a" className="FinOM.Test.TS.Core.RandomMixedCombinedTimelinesTests, FinOM.Test, Version=1.0.0.0, Culture=neutral, PublicKeyToken=null" name="UnionOfSymDiffTest" />
    </UnitTest>
    <UnitTest name="DecreasingTimePointsTest" storage="e:\teamcity_data\build\sierra\src\finom\finom.test\bin\debug\finom.test.dll" id="6eb1817b-2784-5e2e-f99c-a93ddde6c9c6">
      <Execution id="c73e699e-bfe0-499f-aaf6-beb05af25d19" />
      <TestMethod codeBase="E:/TeamCity_Data/Build/Sierra/src/FinOM/FinOM.Test/bin/Debug/FinOM.Test.DLL" adapterTypeName="Microsoft.VisualStudio.TestTools.TestTypes.Unit.UnitTestAdapter, Microsoft.VisualStudio.QualityTools.Tips.UnitTest.Adapter, Version=10.0.0.0, Culture=neutral, PublicKeyToken=b03f5f7f11d50a3a" className="FinOM.Test.TS.Core.ExplicitTimelineTests, FinOM.Test, Version=1.0.0.0, Culture=neutral, PublicKeyToken=null" name="DecreasingTimePointsTest" />
    </UnitTest>
    <UnitTest name="NativeHandleTracerAddPointerTest" storage="e:\teamcity_data\build\sierra\src\finom\finom.test\bin\debug\finom.test.dll" id="dd0f396d-eb1a-a959-7bca-dce39667e90e">
      <Execution id="1346afa1-6f52-4ebd-ad9e-292d9a87e091" />
      <TestMethod codeBase="E:/TeamCity_Data/Build/Sierra/src/FinOM/FinOM.Test/bin/Debug/FinOM.Test.DLL" adapterTypeName="Microsoft.VisualStudio.TestTools.TestTypes.Unit.UnitTestAdapter, Microsoft.VisualStudio.QualityTools.Tips.UnitTest.Adapter, Version=10.0.0.0, Culture=neutral, PublicKeyToken=b03f5f7f11d50a3a" className="FinOM.Test.FinanceAnalytics.TracerTest, FinOM.Test, Version=1.0.0.0, Culture=neutral, PublicKeyToken=null" name="NativeHandleTracerAddPointerTest" />
    </UnitTest>
    <UnitTest name="IndexerOutOfBoundsTest" storage="e:\teamcity_data\build\sierra\src\finom\finom.test\bin\debug\finom.test.dll" id="3481a1e0-9bc9-c01a-55ab-88c3b2ec51d3">
      <Execution id="65010fc0-edfa-489c-90bc-0609d23635ce" />
      <TestMethod codeBase="E:/TeamCity_Data/Build/Sierra/src/FinOM/FinOM.Test/bin/Debug/FinOM.Test.DLL" adapterTypeName="Microsoft.VisualStudio.TestTools.TestTypes.Unit.UnitTestAdapter, Microsoft.VisualStudio.QualityTools.Tips.UnitTest.Adapter, Version=10.0.0.0, Culture=neutral, PublicKeyToken=b03f5f7f11d50a3a" className="FinOM.Test.TS.Core.RecurringTimelineTests, FinOM.Test, Version=1.0.0.0, Culture=neutral, PublicKeyToken=null" name="IndexerOutOfBoundsTest" />
    </UnitTest>
    <UnitTest name="TimeIndexFloorSegmentTest" storage="e:\teamcity_data\build\sierra\src\finom\finom.test\bin\debug\finom.test.dll" id="411f8d5e-725e-786d-1bbf-9e4a1f107541">
      <Execution id="d89cd323-c59b-4c28-8902-c5703bc53459" />
      <TestMethod codeBase="E:/TeamCity_Data/Build/Sierra/src/FinOM/FinOM.Test/bin/Debug/FinOM.Test.DLL" adapterTypeName="Microsoft.VisualStudio.TestTools.TestTypes.Unit.UnitTestAdapter, Microsoft.VisualStudio.QualityTools.Tips.UnitTest.Adapter, Version=10.0.0.0, Culture=neutral, PublicKeyToken=b03f5f7f11d50a3a" className="FinOM.Test.TS.Core.IntradayOfWorkdayTimelineTests, FinOM.Test, Version=1.0.0.0, Culture=neutral, PublicKeyToken=null" name="TimeIndexFloorSegmentTest" />
    </UnitTest>
    <UnitTest name="TimeIndexCeilingSegmentTest" storage="e:\teamcity_data\build\sierra\src\finom\finom.test\bin\debug\finom.test.dll" id="c4094262-0798-21c3-8875-a0199e8334db">
      <Execution id="d283ae45-94e0-4443-a625-72540cea63cb" />
      <TestMethod codeBase="E:/TeamCity_Data/Build/Sierra/src/FinOM/FinOM.Test/bin/Debug/FinOM.Test.DLL" adapterTypeName="Microsoft.VisualStudio.TestTools.TestTypes.Unit.UnitTestAdapter, Microsoft.VisualStudio.QualityTools.Tips.UnitTest.Adapter, Version=10.0.0.0, Culture=neutral, PublicKeyToken=b03f5f7f11d50a3a" className="FinOM.Test.TS.Core.IntradayOfDailyWithCutTimelineTests, FinOM.Test, Version=1.0.0.0, Culture=neutral, PublicKeyToken=null" name="TimeIndexCeilingSegmentTest" />
    </UnitTest>
    <UnitTest name="QueryActionExcludingNonVerifiedChanges" storage="e:\teamcity_data\build\sierra\src\finom\finom.test\bin\debug\finom.test.dll" id="20198fe6-09ab-c29b-70a6-55f21f4e88d6">
      <Execution id="675f302a-332f-4d59-96ac-61e88a742ba1" />
      <TestMethod codeBase="E:/TeamCity_Data/Build/Sierra/src/FinOM/FinOM.Test/bin/Debug/FinOM.Test.DLL" adapterTypeName="Microsoft.VisualStudio.TestTools.TestTypes.Unit.UnitTestAdapter, Microsoft.VisualStudio.QualityTools.Tips.UnitTest.Adapter, Version=10.0.0.0, Culture=neutral, PublicKeyToken=b03f5f7f11d50a3a" className="FinOM.Analytics.Test.TransactionTests, FinOM.Test, Version=1.0.0.0, Culture=neutral, PublicKeyToken=null" name="QueryActionExcludingNonVerifiedChanges" />
    </UnitTest>
    <UnitTest name="CBATest" storage="e:\teamcity_data\build\sierra\src\finom\finom.test\bin\debug\finom.test.dll" id="e72799eb-e106-15d2-9666-bdd240012778">
      <Execution id="eae1f305-9ef4-4115-b858-d24fe1956f06" />
      <TestMethod codeBase="E:/TeamCity_Data/Build/Sierra/src/FinOM/FinOM.Test/bin/Debug/FinOM.Test.DLL" adapterTypeName="Microsoft.VisualStudio.TestTools.TestTypes.Unit.UnitTestAdapter, Microsoft.VisualStudio.QualityTools.Tips.UnitTest.Adapter, Version=10.0.0.0, Culture=neutral, PublicKeyToken=b03f5f7f11d50a3a" className="FinOM.Test.TS.Core.SpliceGeometricTimeSeriesExprTests, FinOM.Test, Version=1.0.0.0, Culture=neutral, PublicKeyToken=null" name="CBATest" />
    </UnitTest>
    <UnitTest name="MinTest" storage="e:\teamcity_data\build\sierra\src\finom\finom.test\bin\debug\finom.test.dll" id="4eb251a2-6cb0-e688-cf43-d60ae91517d3">
      <Execution id="4a7d407f-8221-4dd6-aa50-a3b1b6e5b374" />
      <TestMethod codeBase="E:/TeamCity_Data/Build/Sierra/src/FinOM/FinOM.Test/bin/Debug/FinOM.Test.DLL" adapterTypeName="Microsoft.VisualStudio.TestTools.TestTypes.Unit.UnitTestAdapter, Microsoft.VisualStudio.QualityTools.Tips.UnitTest.Adapter, Version=10.0.0.0, Culture=neutral, PublicKeyToken=b03f5f7f11d50a3a" className="FinOM.Test.TS.Core.MultiPointTimeSeriesExprTests, FinOM.Test, Version=1.0.0.0, Culture=neutral, PublicKeyToken=null" name="MinTest" />
    </UnitTest>
    <UnitTest name="DeriveSetValueTest" storage="e:\teamcity_data\build\sierra\src\finom\finom.test\bin\debug\finom.test.dll" id="ba593ccb-e36b-cb55-2b82-0666735c19ec">
      <Execution id="8825867e-f9cd-4064-b6d4-9c8abca6a6de" />
      <TestMethod codeBase="E:/TeamCity_Data/Build/Sierra/src/FinOM/FinOM.Test/bin/Debug/FinOM.Test.DLL" adapterTypeName="Microsoft.VisualStudio.TestTools.TestTypes.Unit.UnitTestAdapter, Microsoft.VisualStudio.QualityTools.Tips.UnitTest.Adapter, Version=10.0.0.0, Culture=neutral, PublicKeyToken=b03f5f7f11d50a3a" className="FinOM.Test.Cells.CellTest, FinOM.Test, Version=1.0.0.0, Culture=neutral, PublicKeyToken=null" name="DeriveSetValueTest" />
    </UnitTest>
    <UnitTest name="AnonCellBasic" storage="e:\teamcity_data\build\sierra\src\finom\finom.test\bin\debug\finom.test.dll" id="ed254adb-b2fa-5b1c-ce30-c93ec5f5c43c">
      <Execution id="a2594216-e2a6-496c-8893-cc2e30981b35" />
      <TestMethod codeBase="E:/TeamCity_Data/Build/Sierra/src/FinOM/FinOM.Test/bin/Debug/FinOM.Test.DLL" adapterTypeName="Microsoft.VisualStudio.TestTools.TestTypes.Unit.UnitTestAdapter, Microsoft.VisualStudio.QualityTools.Tips.UnitTest.Adapter, Version=10.0.0.0, Culture=neutral, PublicKeyToken=b03f5f7f11d50a3a" className="FinOM.Test.Cells.AnonymousCellTests, FinOM.Test, Version=1.0.0.0, Culture=neutral, PublicKeyToken=null" name="AnonCellBasic" />
    </UnitTest>
    <UnitTest name="EndTimeTest" storage="e:\teamcity_data\build\sierra\src\finom\finom.test\bin\debug\finom.test.dll" id="787292e5-cea6-c19c-7e36-31bbfbff951b">
      <Execution id="1fd2e84c-10bf-4987-bfd3-4b27fe148c76" />
      <TestMethod codeBase="E:/TeamCity_Data/Build/Sierra/src/FinOM/FinOM.Test/bin/Debug/FinOM.Test.DLL" adapterTypeName="Microsoft.VisualStudio.TestTools.TestTypes.Unit.UnitTestAdapter, Microsoft.VisualStudio.QualityTools.Tips.UnitTest.Adapter, Version=10.0.0.0, Culture=neutral, PublicKeyToken=b03f5f7f11d50a3a" className="FinOM.Test.TS.Core.ExplicitTimelineTests, FinOM.Test, Version=1.0.0.0, Culture=neutral, PublicKeyToken=null" name="EndTimeTest" />
    </UnitTest>
    <UnitTest name="EnumeratorTest" storage="e:\teamcity_data\build\sierra\src\finom\finom.test\bin\debug\finom.test.dll" id="55d0eb05-7609-f462-b5c8-7a687bb0b158">
      <Execution id="92d500bd-362a-43ec-8e93-9f8370697ea5" />
      <TestMethod codeBase="E:/TeamCity_Data/Build/Sierra/src/FinOM/FinOM.Test/bin/Debug/FinOM.Test.DLL" adapterTypeName="Microsoft.VisualStudio.TestTools.TestTypes.Unit.UnitTestAdapter, Microsoft.VisualStudio.QualityTools.Tips.UnitTest.Adapter, Version=10.0.0.0, Culture=neutral, PublicKeyToken=b03f5f7f11d50a3a" className="FinOM.Test.TS.Core.SegmentOfExplicitTimelineTests, FinOM.Test, Version=1.0.0.0, Culture=neutral, PublicKeyToken=null" name="EnumeratorTest" />
    </UnitTest>
    <UnitTest name="OrderedNestedPermutationsTest" storage="e:\teamcity_data\build\sierra\src\finom\finom.test\bin\debug\finom.test.dll" id="0fc116b4-d370-4c43-87db-60291a8ff74a">
      <Execution id="6565679a-e0b5-4a5d-8f04-adaa331ce649" />
      <TestMethod codeBase="E:/TeamCity_Data/Build/Sierra/src/FinOM/FinOM.Test/bin/Debug/FinOM.Test.DLL" adapterTypeName="Microsoft.VisualStudio.TestTools.TestTypes.Unit.UnitTestAdapter, Microsoft.VisualStudio.QualityTools.Tips.UnitTest.Adapter, Version=10.0.0.0, Culture=neutral, PublicKeyToken=b03f5f7f11d50a3a" className="FinOM.Test.Util.PermutationTests, FinOM.Test, Version=1.0.0.0, Culture=neutral, PublicKeyToken=null" name="OrderedNestedPermutationsTest" />
    </UnitTest>
    <UnitTest name="IndexerOutOfBoundsTest" storage="e:\teamcity_data\build\sierra\src\finom\finom.test\bin\debug\finom.test.dll" id="787cea18-014e-a478-238e-887d52eff935">
      <Execution id="914a013b-eadb-4545-a22a-b67befa7ee70" />
      <TestMethod codeBase="E:/TeamCity_Data/Build/Sierra/src/FinOM/FinOM.Test/bin/Debug/FinOM.Test.DLL" adapterTypeName="Microsoft.VisualStudio.TestTools.TestTypes.Unit.UnitTestAdapter, Microsoft.VisualStudio.QualityTools.Tips.UnitTest.Adapter, Version=10.0.0.0, Culture=neutral, PublicKeyToken=b03f5f7f11d50a3a" className="FinOM.Test.TS.Core.SegmentOfRecurringTimelineTests, FinOM.Test, Version=1.0.0.0, Culture=neutral, PublicKeyToken=null" name="IndexerOutOfBoundsTest" />
    </UnitTest>
    <UnitTest name="StartTimeTest" storage="e:\teamcity_data\build\sierra\src\finom\finom.test\bin\debug\finom.test.dll" id="fe3db385-9459-645b-1f52-fd3faf3c0fdd">
      <Execution id="054999b6-aa09-486d-9ba3-ec5b0d05465b" />
      <TestMethod codeBase="E:/TeamCity_Data/Build/Sierra/src/FinOM/FinOM.Test/bin/Debug/FinOM.Test.DLL" adapterTypeName="Microsoft.VisualStudio.TestTools.TestTypes.Unit.UnitTestAdapter, Microsoft.VisualStudio.QualityTools.Tips.UnitTest.Adapter, Version=10.0.0.0, Culture=neutral, PublicKeyToken=b03f5f7f11d50a3a" className="FinOM.Test.TS.Core.ExplicitTimelineTests, FinOM.Test, Version=1.0.0.0, Culture=neutral, PublicKeyToken=null" name="StartTimeTest" />
    </UnitTest>
    <UnitTest name="TinyTimelinesCombiningTest3" storage="e:\teamcity_data\build\sierra\src\finom\finom.test\bin\debug\finom.test.dll" id="583f9143-422d-182f-bdb8-f61bdb62ab35">
      <Execution id="0763c05e-88f7-499a-aca3-f28b9aee0072" />
      <TestMethod codeBase="E:/TeamCity_Data/Build/Sierra/src/FinOM/FinOM.Test/bin/Debug/FinOM.Test.DLL" adapterTypeName="Microsoft.VisualStudio.TestTools.TestTypes.Unit.UnitTestAdapter, Microsoft.VisualStudio.QualityTools.Tips.UnitTest.Adapter, Version=10.0.0.0, Culture=neutral, PublicKeyToken=b03f5f7f11d50a3a" className="FinOM.Test.TS.Core.TinyTimelinesCombiningTests, FinOM.Test, Version=1.0.0.0, Culture=neutral, PublicKeyToken=null" name="TinyTimelinesCombiningTest3" />
    </UnitTest>
    <UnitTest name="ProdTest" storage="e:\teamcity_data\build\sierra\src\finom\finom.test\bin\debug\finom.test.dll" id="334924cd-4e21-4555-02cc-59a25b2259ae">
      <Execution id="a5c44745-c7d6-4184-b319-9b464ec840c2" />
      <TestMethod codeBase="E:/TeamCity_Data/Build/Sierra/src/FinOM/FinOM.Test/bin/Debug/FinOM.Test.DLL" adapterTypeName="Microsoft.VisualStudio.TestTools.TestTypes.Unit.UnitTestAdapter, Microsoft.VisualStudio.QualityTools.Tips.UnitTest.Adapter, Version=10.0.0.0, Culture=neutral, PublicKeyToken=b03f5f7f11d50a3a" className="FinOM.Test.TS.Core.ScalarUnaryTimeSeriesExprTests, FinOM.Test, Version=1.0.0.0, Culture=neutral, PublicKeyToken=null" name="ProdTest" />
    </UnitTest>
    <UnitTest name="EnumeratorTest" storage="e:\teamcity_data\build\sierra\src\finom\finom.test\bin\debug\finom.test.dll" id="eceb904d-60c6-e060-2175-9efaa597f5a3">
      <Execution id="1b189c1a-9670-4a44-a91e-8d14235be6e1" />
      <TestMethod codeBase="E:/TeamCity_Data/Build/Sierra/src/FinOM/FinOM.Test/bin/Debug/FinOM.Test.DLL" adapterTypeName="Microsoft.VisualStudio.TestTools.TestTypes.Unit.UnitTestAdapter, Microsoft.VisualStudio.QualityTools.Tips.UnitTest.Adapter, Version=10.0.0.0, Culture=neutral, PublicKeyToken=b03f5f7f11d50a3a" className="FinOM.Test.TS.Core.ExplicitTimelineTests, FinOM.Test, Version=1.0.0.0, Culture=neutral, PublicKeyToken=null" name="EnumeratorTest" />
    </UnitTest>
    <UnitTest name="CreditCurveMakeParallelTest" storage="e:\teamcity_data\build\sierra\src\finom\finom.test\bin\debug\finom.test.dll" id="e0e0cf2b-c5c3-df15-a9ec-db9680421a78">
      <Execution id="168b1988-ef4a-4405-bae5-66df24688473" />
      <TestMethod codeBase="E:/TeamCity_Data/Build/Sierra/src/FinOM/FinOM.Test/bin/Debug/FinOM.Test.DLL" adapterTypeName="Microsoft.VisualStudio.TestTools.TestTypes.Unit.UnitTestAdapter, Microsoft.VisualStudio.QualityTools.Tips.UnitTest.Adapter, Version=10.0.0.0, Culture=neutral, PublicKeyToken=b03f5f7f11d50a3a" className="FinOM.Test.FinanceAnalytics.NativeAnalyticsTest, FinOM.Test, Version=1.0.0.0, Culture=neutral, PublicKeyToken=null" name="CreditCurveMakeParallelTest" />
    </UnitTest>
    <UnitTest name="UniformCompositeRecurrenceMixedOriginsIndexToTimeTest" storage="e:\teamcity_data\build\sierra\src\finom\finom.test\bin\debug\finom.test.dll" id="b85a1097-878e-b441-9ce5-ba74deba16cb">
      <Execution id="7a535ed4-7640-4891-bf05-7b99e31e080b" />
      <TestMethod codeBase="E:/TeamCity_Data/Build/Sierra/src/FinOM/FinOM.Test/bin/Debug/FinOM.Test.DLL" adapterTypeName="Microsoft.VisualStudio.TestTools.TestTypes.Unit.UnitTestAdapter, Microsoft.VisualStudio.QualityTools.Tips.UnitTest.Adapter, Version=10.0.0.0, Culture=neutral, PublicKeyToken=b03f5f7f11d50a3a" className="FinOM.Test.TS.Core.WorkdayPartialCompositeRecurrenceTests, FinOM.Test, Version=1.0.0.0, Culture=neutral, PublicKeyToken=null" name="UniformCompositeRecurrenceMixedOriginsIndexToTimeTest" />
    </UnitTest>
    <UnitTest name="QueryByTicker" storage="e:\teamcity_data\build\sierra\src\finom\finom.test\bin\debug\finom.test.dll" id="9663d52e-4943-ca4b-1113-e309ff34b106">
      <Execution id="a043ac1c-50b6-43fa-888e-ca75afbb8687" />
      <TestMethod codeBase="E:/TeamCity_Data/Build/Sierra/src/FinOM/FinOM.Test/bin/Debug/FinOM.Test.DLL" adapterTypeName="Microsoft.VisualStudio.TestTools.TestTypes.Unit.UnitTestAdapter, Microsoft.VisualStudio.QualityTools.Tips.UnitTest.Adapter, Version=10.0.0.0, Culture=neutral, PublicKeyToken=b03f5f7f11d50a3a" className="FinOM.Analytics.Test.TransactionTests, FinOM.Test, Version=1.0.0.0, Culture=neutral, PublicKeyToken=null" name="QueryByTicker" />
    </UnitTest>
    <UnitTest name="TestLists" storage="e:\teamcity_data\build\sierra\src\finom\finom.test\bin\debug\finom.test.dll" id="80b66ca4-ed86-244e-a566-bc970d62393c">
      <Execution id="25156b8c-201a-4776-afd2-1ce671707538" />
      <TestMethod codeBase="E:/TeamCity_Data/Build/Sierra/src/FinOM/FinOM.Test/bin/Debug/FinOM.Test.DLL" adapterTypeName="Microsoft.VisualStudio.TestTools.TestTypes.Unit.UnitTestAdapter, Microsoft.VisualStudio.QualityTools.Tips.UnitTest.Adapter, Version=10.0.0.0, Culture=neutral, PublicKeyToken=b03f5f7f11d50a3a" className="FinOM.Test.Mongo.MongoTests, FinOM.Test, Version=1.0.0.0, Culture=neutral, PublicKeyToken=null" name="TestLists" />
    </UnitTest>
    <UnitTest name="TimeIndexCeilingSegmentTest" storage="e:\teamcity_data\build\sierra\src\finom\finom.test\bin\debug\finom.test.dll" id="0cba7db3-476c-3781-b065-76e32b4a69ec">
      <Execution id="551d2803-8732-43a4-aa69-c14f5a1dfc08" />
      <TestMethod codeBase="E:/TeamCity_Data/Build/Sierra/src/FinOM/FinOM.Test/bin/Debug/FinOM.Test.DLL" adapterTypeName="Microsoft.VisualStudio.TestTools.TestTypes.Unit.UnitTestAdapter, Microsoft.VisualStudio.QualityTools.Tips.UnitTest.Adapter, Version=10.0.0.0, Culture=neutral, PublicKeyToken=b03f5f7f11d50a3a" className="FinOM.Test.TS.Core.IndirectOfExplicitTimelineTests, FinOM.Test, Version=1.0.0.0, Culture=neutral, PublicKeyToken=null" name="TimeIndexCeilingSegmentTest" />
    </UnitTest>
    <UnitTest name="IndexToTimeShiftedNegativeTest" storage="e:\teamcity_data\build\sierra\src\finom\finom.test\bin\debug\finom.test.dll" id="0643e6bb-800c-419d-ea9c-f9d484e64f00">
      <Execution id="01885516-3054-49c6-af6a-3216637d53f5" />
      <TestMethod codeBase="E:/TeamCity_Data/Build/Sierra/src/FinOM/FinOM.Test/bin/Debug/FinOM.Test.DLL" adapterTypeName="Microsoft.VisualStudio.TestTools.TestTypes.Unit.UnitTestAdapter, Microsoft.VisualStudio.QualityTools.Tips.UnitTest.Adapter, Version=10.0.0.0, Culture=neutral, PublicKeyToken=b03f5f7f11d50a3a" className="FinOM.Test.TS.Core.WeekdayCompositeRecurrenceTests, FinOM.Test, Version=1.0.0.0, Culture=neutral, PublicKeyToken=null" name="IndexToTimeShiftedNegativeTest" />
    </UnitTest>
    <UnitTest name="SymDiffOfUnionTest" storage="e:\teamcity_data\build\sierra\src\finom\finom.test\bin\debug\finom.test.dll" id="cf70b2ca-bbd3-119b-2e68-ed35debd287e">
      <Execution id="326aedb2-d9bd-43a7-8ed8-3ea577ec32c2" />
      <TestMethod codeBase="E:/TeamCity_Data/Build/Sierra/src/FinOM/FinOM.Test/bin/Debug/FinOM.Test.DLL" adapterTypeName="Microsoft.VisualStudio.TestTools.TestTypes.Unit.UnitTestAdapter, Microsoft.VisualStudio.QualityTools.Tips.UnitTest.Adapter, Version=10.0.0.0, Culture=neutral, PublicKeyToken=b03f5f7f11d50a3a" className="FinOM.Test.TS.Core.RandomMixedCombinedTimelinesTests, FinOM.Test, Version=1.0.0.0, Culture=neutral, PublicKeyToken=null" name="SymDiffOfUnionTest" />
    </UnitTest>
    <UnitTest name="TestCDSInstrumentIsHY" storage="e:\teamcity_data\build\sierra\src\finom\finom.test\bin\debug\finom.test.dll" id="411f8471-c961-d534-113c-8c7a8a9d39a5">
      <Execution id="f0d13993-8b41-4ef4-bde0-528977f8f006" />
      <TestMethod codeBase="E:/TeamCity_Data/Build/Sierra/src/FinOM/FinOM.Test/bin/Debug/FinOM.Test.DLL" adapterTypeName="Microsoft.VisualStudio.TestTools.TestTypes.Unit.UnitTestAdapter, Microsoft.VisualStudio.QualityTools.Tips.UnitTest.Adapter, Version=10.0.0.0, Culture=neutral, PublicKeyToken=b03f5f7f11d50a3a" className="FinOM.Test.FinanceScenarios.InsightHelperTest, FinOM.Test, Version=1.0.0.0, Culture=neutral, PublicKeyToken=null" name="TestCDSInstrumentIsHY" />
    </UnitTest>
    <UnitTest name="MaxTest" storage="e:\teamcity_data\build\sierra\src\finom\finom.test\bin\debug\finom.test.dll" id="eac5d736-660f-0bc9-d2c2-31f7194bb3d4">
      <Execution id="5065840d-f158-4d50-8083-e837eb394648" />
      <TestMethod codeBase="E:/TeamCity_Data/Build/Sierra/src/FinOM/FinOM.Test/bin/Debug/FinOM.Test.DLL" adapterTypeName="Microsoft.VisualStudio.TestTools.TestTypes.Unit.UnitTestAdapter, Microsoft.VisualStudio.QualityTools.Tips.UnitTest.Adapter, Version=10.0.0.0, Culture=neutral, PublicKeyToken=b03f5f7f11d50a3a" className="FinOM.Test.TS.Core.MultiPointTimeSeriesExprTests, FinOM.Test, Version=1.0.0.0, Culture=neutral, PublicKeyToken=null" name="MaxTest" />
    </UnitTest>
    <UnitTest name="GetPortfolioNamesTest" storage="e:\teamcity_data\build\sierra\src\finom\finom.test\bin\debug\finom.test.dll" id="ad55ce7d-1c05-20be-f468-6e17d822fa43">
      <Execution id="8efa522b-c945-4d92-aad9-ae24258c986d" />
      <TestMethod codeBase="E:/TeamCity_Data/Build/Sierra/src/FinOM/FinOM.Test/bin/Debug/FinOM.Test.DLL" adapterTypeName="Microsoft.VisualStudio.TestTools.TestTypes.Unit.UnitTestAdapter, Microsoft.VisualStudio.QualityTools.Tips.UnitTest.Adapter, Version=10.0.0.0, Culture=neutral, PublicKeyToken=b03f5f7f11d50a3a" className="FinOM.Test.Core.SierraDBReferenceDataTest, FinOM.Test, Version=1.0.0.0, Culture=neutral, PublicKeyToken=null" name="GetPortfolioNamesTest" />
    </UnitTest>
    <UnitTest name="BasicFiscalYear" storage="e:\teamcity_data\build\sierra\src\finom\finom.test\bin\debug\finom.test.dll" id="b93cf57d-ecd6-dbf1-e3c4-6f6acd038955">
      <Execution id="e47b3a95-4da2-40ad-8be0-274815134a82" />
      <TestMethod codeBase="E:/TeamCity_Data/Build/Sierra/src/FinOM/FinOM.Test/bin/Debug/FinOM.Test.DLL" adapterTypeName="Microsoft.VisualStudio.TestTools.TestTypes.Unit.UnitTestAdapter, Microsoft.VisualStudio.QualityTools.Tips.UnitTest.Adapter, Version=10.0.0.0, Culture=neutral, PublicKeyToken=b03f5f7f11d50a3a" className="FinOM.Analytics.Test.FinancialPeriodTests, FinOM.Test, Version=1.0.0.0, Culture=neutral, PublicKeyToken=null" name="BasicFiscalYear" />
    </UnitTest>
    <UnitTest name="BottomCellNotPointer" storage="e:\teamcity_data\build\sierra\src\finom\finom.test\bin\debug\finom.test.dll" id="71148941-e92b-ccd2-20d6-76183d458d35">
      <Execution id="25c62017-884a-42ed-91ae-2d725a2f984a" />
      <TestMethod codeBase="E:/TeamCity_Data/Build/Sierra/src/FinOM/FinOM.Test/bin/Debug/FinOM.Test.DLL" adapterTypeName="Microsoft.VisualStudio.TestTools.TestTypes.Unit.UnitTestAdapter, Microsoft.VisualStudio.QualityTools.Tips.UnitTest.Adapter, Version=10.0.0.0, Culture=neutral, PublicKeyToken=b03f5f7f11d50a3a" className="FinOM.Test.Cells.CellMathTests, FinOM.Test, Version=1.0.0.0, Culture=neutral, PublicKeyToken=null" name="BottomCellNotPointer" />
    </UnitTest>
    <UnitTest name="ZeroToOneHunderTranchePriceTest" storage="e:\teamcity_data\build\sierra\src\finom\finom.test\bin\debug\finom.test.dll" id="86a860a7-2f5d-37de-487d-5a3afb381a31">
      <Execution timeOut="100000" id="a9a43d04-13c7-417a-84b1-e29c3288fda4" />
      <TestMethod codeBase="E:/TeamCity_Data/Build/Sierra/src/FinOM/FinOM.Test/bin/Debug/FinOM.Test.DLL" adapterTypeName="Microsoft.VisualStudio.TestTools.TestTypes.Unit.UnitTestAdapter, Microsoft.VisualStudio.QualityTools.Tips.UnitTest.Adapter, Version=10.0.0.0, Culture=neutral, PublicKeyToken=b03f5f7f11d50a3a" className="FinOM.Test.Credit.CDOTrancheTest, FinOM.Test, Version=1.0.0.0, Culture=neutral, PublicKeyToken=null" name="ZeroToOneHunderTranchePriceTest" />
    </UnitTest>
    <UnitTest name="AddViaCellNameWithValues" storage="e:\teamcity_data\build\sierra\src\finom\finom.test\bin\debug\finom.test.dll" id="255d0cb4-cf74-dc00-1186-db90cce801e0">
      <Execution id="b1081007-b500-42f6-bf58-8695db29078f" />
      <TestMethod codeBase="E:/TeamCity_Data/Build/Sierra/src/FinOM/FinOM.Test/bin/Debug/FinOM.Test.DLL" adapterTypeName="Microsoft.VisualStudio.TestTools.TestTypes.Unit.UnitTestAdapter, Microsoft.VisualStudio.QualityTools.Tips.UnitTest.Adapter, Version=10.0.0.0, Culture=neutral, PublicKeyToken=b03f5f7f11d50a3a" className="FinOM.Test.Cells.CellMathTests, FinOM.Test, Version=1.0.0.0, Culture=neutral, PublicKeyToken=null" name="AddViaCellNameWithValues" />
    </UnitTest>
    <UnitTest name="SubTimelineSegmentTest" storage="e:\teamcity_data\build\sierra\src\finom\finom.test\bin\debug\finom.test.dll" id="cc910b7b-0f6e-5944-29a0-54562e73fc95">
      <Execution id="d1ed54e1-40f1-42a1-9773-5eafad7741d4" />
      <TestMethod codeBase="E:/TeamCity_Data/Build/Sierra/src/FinOM/FinOM.Test/bin/Debug/FinOM.Test.DLL" adapterTypeName="Microsoft.VisualStudio.TestTools.TestTypes.Unit.UnitTestAdapter, Microsoft.VisualStudio.QualityTools.Tips.UnitTest.Adapter, Version=10.0.0.0, Culture=neutral, PublicKeyToken=b03f5f7f11d50a3a" className="FinOM.Test.TS.Core.IndirectOfExplicitTimelineTests, FinOM.Test, Version=1.0.0.0, Culture=neutral, PublicKeyToken=null" name="SubTimelineSegmentTest" />
    </UnitTest>
    <UnitTest name="TimePointsTest" storage="e:\teamcity_data\build\sierra\src\finom\finom.test\bin\debug\finom.test.dll" id="3c0e615d-e125-5909-8c24-e0fff50b5b1a">
      <Execution id="56874551-9f5b-404a-92e0-3cf987736b2f" />
      <TestMethod codeBase="E:/TeamCity_Data/Build/Sierra/src/FinOM/FinOM.Test/bin/Debug/FinOM.Test.DLL" adapterTypeName="Microsoft.VisualStudio.TestTools.TestTypes.Unit.UnitTestAdapter, Microsoft.VisualStudio.QualityTools.Tips.UnitTest.Adapter, Version=10.0.0.0, Culture=neutral, PublicKeyToken=b03f5f7f11d50a3a" className="FinOM.Test.TS.Core.IntradayOfDailyWithCutTimelineTests, FinOM.Test, Version=1.0.0.0, Culture=neutral, PublicKeyToken=null" name="TimePointsTest" />
    </UnitTest>
    <UnitTest name="PricingTest" storage="e:\teamcity_data\build\sierra\src\finom\finom.test\bin\debug\finom.test.dll" id="bf1e9eed-569b-e90b-82bd-12bdea938950">
      <Execution id="68f47f09-6f92-4105-963c-610a83aaf32d" />
      <TestMethod codeBase="E:/TeamCity_Data/Build/Sierra/src/FinOM/FinOM.Test/bin/Debug/FinOM.Test.DLL" adapterTypeName="Microsoft.VisualStudio.TestTools.TestTypes.Unit.UnitTestAdapter, Microsoft.VisualStudio.QualityTools.Tips.UnitTest.Adapter, Version=10.0.0.0, Culture=neutral, PublicKeyToken=b03f5f7f11d50a3a" className="FinOM.Test.FinanceScenarios.LossGridCorrelationParallelShiftSimpleTest, FinOM.Test, Version=1.0.0.0, Culture=neutral, PublicKeyToken=null" name="PricingTest" />
    </UnitTest>
    <UnitTest name="RetrieveTradesUsingStartWith" storage="e:\teamcity_data\build\sierra\src\finom\finom.test\bin\debug\finom.test.dll" id="930231b3-a753-64e8-2e7b-912c75e10f27">
      <Execution id="bfe1ba4a-4b22-44d5-9a67-894e1e84fe55" />
      <TestMethod codeBase="E:/TeamCity_Data/Build/Sierra/src/FinOM/FinOM.Test/bin/Debug/FinOM.Test.DLL" adapterTypeName="Microsoft.VisualStudio.TestTools.TestTypes.Unit.UnitTestAdapter, Microsoft.VisualStudio.QualityTools.Tips.UnitTest.Adapter, Version=10.0.0.0, Culture=neutral, PublicKeyToken=b03f5f7f11d50a3a" className="FinOM.Analytics.Test.TransactionTests, FinOM.Test, Version=1.0.0.0, Culture=neutral, PublicKeyToken=null" name="RetrieveTradesUsingStartWith" />
    </UnitTest>
    <UnitTest name="AddViaLocalCell" storage="e:\teamcity_data\build\sierra\src\finom\finom.test\bin\debug\finom.test.dll" id="9d8717ac-bada-fd3b-3a80-fab0c7fdeb3c">
      <Execution id="0b56fc90-4c65-4b17-907d-54d324458a5c" />
      <TestMethod codeBase="E:/TeamCity_Data/Build/Sierra/src/FinOM/FinOM.Test/bin/Debug/FinOM.Test.DLL" adapterTypeName="Microsoft.VisualStudio.TestTools.TestTypes.Unit.UnitTestAdapter, Microsoft.VisualStudio.QualityTools.Tips.UnitTest.Adapter, Version=10.0.0.0, Culture=neutral, PublicKeyToken=b03f5f7f11d50a3a" className="FinOM.Test.Cells.CellMathTests, FinOM.Test, Version=1.0.0.0, Culture=neutral, PublicKeyToken=null" name="AddViaLocalCell" />
    </UnitTest>
    <UnitTest name="TimeIndexCeilingTest" storage="e:\teamcity_data\build\sierra\src\finom\finom.test\bin\debug\finom.test.dll" id="70de0a7f-f75d-0b95-2756-a8b7998cc2ac">
      <Execution id="cf52d0b6-a9c6-4e21-9ae9-0f964e745f04" />
      <TestMethod codeBase="E:/TeamCity_Data/Build/Sierra/src/FinOM/FinOM.Test/bin/Debug/FinOM.Test.DLL" adapterTypeName="Microsoft.VisualStudio.TestTools.TestTypes.Unit.UnitTestAdapter, Microsoft.VisualStudio.QualityTools.Tips.UnitTest.Adapter, Version=10.0.0.0, Culture=neutral, PublicKeyToken=b03f5f7f11d50a3a" className="FinOM.Test.TS.Core.IntradayOfWorkdayTimelineTests, FinOM.Test, Version=1.0.0.0, Culture=neutral, PublicKeyToken=null" name="TimeIndexCeilingTest" />
    </UnitTest>
    <UnitTest name="CoshTest" storage="e:\teamcity_data\build\sierra\src\finom\finom.test\bin\debug\finom.test.dll" id="b8e279c2-5b6b-66c4-87e5-42efbe39f25c">
      <Execution id="3981d6ba-5355-4999-bf1f-07073e5bf9ad" />
      <TestMethod codeBase="E:/TeamCity_Data/Build/Sierra/src/FinOM/FinOM.Test/bin/Debug/FinOM.Test.DLL" adapterTypeName="Microsoft.VisualStudio.TestTools.TestTypes.Unit.UnitTestAdapter, Microsoft.VisualStudio.QualityTools.Tips.UnitTest.Adapter, Version=10.0.0.0, Culture=neutral, PublicKeyToken=b03f5f7f11d50a3a" className="FinOM.Test.TS.Core.MathTimeSeriesExprTests, FinOM.Test, Version=1.0.0.0, Culture=neutral, PublicKeyToken=null" name="CoshTest" />
    </UnitTest>
    <UnitTest name="ArrayMultiPointExprTest" storage="e:\teamcity_data\build\sierra\src\finom\finom.test\bin\debug\finom.test.dll" id="19830c15-32c9-f01c-956d-63e89441cd2d">
      <Execution id="ac59f385-2684-49fb-b849-992cfa6dd810" />
      <TestMethod codeBase="E:/TeamCity_Data/Build/Sierra/src/FinOM/FinOM.Test/bin/Debug/FinOM.Test.DLL" adapterTypeName="Microsoft.VisualStudio.TestTools.TestTypes.Unit.UnitTestAdapter, Microsoft.VisualStudio.QualityTools.Tips.UnitTest.Adapter, Version=10.0.0.0, Culture=neutral, PublicKeyToken=b03f5f7f11d50a3a" className="FinOM.Test.TS.Core.CustomTimeSeriesExprTests, FinOM.Test, Version=1.0.0.0, Culture=neutral, PublicKeyToken=null" name="ArrayMultiPointExprTest" />
    </UnitTest>
    <UnitTest name="StartTimeTest" storage="e:\teamcity_data\build\sierra\src\finom\finom.test\bin\debug\finom.test.dll" id="8dd52e3d-5bcb-b634-8f8e-c1613bd6ad5e">
      <Execution id="566bb429-2f1a-44ee-bc8e-4f69e1543311" />
      <TestMethod codeBase="E:/TeamCity_Data/Build/Sierra/src/FinOM/FinOM.Test/bin/Debug/FinOM.Test.DLL" adapterTypeName="Microsoft.VisualStudio.TestTools.TestTypes.Unit.UnitTestAdapter, Microsoft.VisualStudio.QualityTools.Tips.UnitTest.Adapter, Version=10.0.0.0, Culture=neutral, PublicKeyToken=b03f5f7f11d50a3a" className="FinOM.Test.TS.Core.SegmentOfRecurringTimelineTests, FinOM.Test, Version=1.0.0.0, Culture=neutral, PublicKeyToken=null" name="StartTimeTest" />
    </UnitTest>
    <UnitTest name="SubTimelineSegmentTest" storage="e:\teamcity_data\build\sierra\src\finom\finom.test\bin\debug\finom.test.dll" id="44e2ddd1-6991-a13f-e19a-f74c15b06f79">
      <Execution id="dbef525b-c30f-4eb0-b630-fb1ab83ddaba" />
      <TestMethod codeBase="E:/TeamCity_Data/Build/Sierra/src/FinOM/FinOM.Test/bin/Debug/FinOM.Test.DLL" adapterTypeName="Microsoft.VisualStudio.TestTools.TestTypes.Unit.UnitTestAdapter, Microsoft.VisualStudio.QualityTools.Tips.UnitTest.Adapter, Version=10.0.0.0, Culture=neutral, PublicKeyToken=b03f5f7f11d50a3a" className="FinOM.Test.TS.Core.RecurringTimelineTests, FinOM.Test, Version=1.0.0.0, Culture=neutral, PublicKeyToken=null" name="SubTimelineSegmentTest" />
    </UnitTest>
    <UnitTest name="SparseSqlProviderGetChanges2" storage="e:\teamcity_data\build\sierra\src\finom\finom.test\bin\debug\finom.test.dll" id="a9501a9b-a44c-b5c8-90d5-918bcd1000fe">
      <Execution id="7557fdd2-dbb7-488a-b063-3522ecec6771" />
      <TestMethod codeBase="E:/TeamCity_Data/Build/Sierra/src/FinOM/FinOM.Test/bin/Debug/FinOM.Test.DLL" adapterTypeName="Microsoft.VisualStudio.TestTools.TestTypes.Unit.UnitTestAdapter, Microsoft.VisualStudio.QualityTools.Tips.UnitTest.Adapter, Version=10.0.0.0, Culture=neutral, PublicKeyToken=b03f5f7f11d50a3a" className="FinOM.Core.Test.SparseDataTests, FinOM.Test, Version=1.0.0.0, Culture=neutral, PublicKeyToken=null" name="SparseSqlProviderGetChanges2" />
    </UnitTest>
    <UnitTest name="CountTest" storage="e:\teamcity_data\build\sierra\src\finom\finom.test\bin\debug\finom.test.dll" id="7bbcc15d-cfa0-5095-a816-0fcf92a0a5e1">
      <Execution id="41ddd2f7-ff44-4b26-9b71-4996841ad681" />
      <TestMethod codeBase="E:/TeamCity_Data/Build/Sierra/src/FinOM/FinOM.Test/bin/Debug/FinOM.Test.DLL" adapterTypeName="Microsoft.VisualStudio.TestTools.TestTypes.Unit.UnitTestAdapter, Microsoft.VisualStudio.QualityTools.Tips.UnitTest.Adapter, Version=10.0.0.0, Culture=neutral, PublicKeyToken=b03f5f7f11d50a3a" className="FinOM.Test.TS.Core.SegmentOfRecurringTimelineTests, FinOM.Test, Version=1.0.0.0, Culture=neutral, PublicKeyToken=null" name="CountTest" />
    </UnitTest>
    <UnitTest name="TimeIndexFloorTest" storage="e:\teamcity_data\build\sierra\src\finom\finom.test\bin\debug\finom.test.dll" id="e5a2811a-c5e6-0367-38f1-ed2cadc97930">
      <Execution id="4adbba4b-dc5b-4cba-9337-6f317df4f478" />
      <TestMethod codeBase="E:/TeamCity_Data/Build/Sierra/src/FinOM/FinOM.Test/bin/Debug/FinOM.Test.DLL" adapterTypeName="Microsoft.VisualStudio.TestTools.TestTypes.Unit.UnitTestAdapter, Microsoft.VisualStudio.QualityTools.Tips.UnitTest.Adapter, Version=10.0.0.0, Culture=neutral, PublicKeyToken=b03f5f7f11d50a3a" className="FinOM.Test.TS.Core.IntradayOfDailyTimelineTests, FinOM.Test, Version=1.0.0.0, Culture=neutral, PublicKeyToken=null" name="TimeIndexFloorTest" />
    </UnitTest>
    <UnitTest name="FilterUpDownMedianTest" storage="e:\teamcity_data\build\sierra\src\finom\finom.test\bin\debug\finom.test.dll" id="87caf0a4-c62e-5dff-e178-55401a78931b">
      <Execution id="20dfb87e-e946-4462-a692-e591d6d80a65" />
      <TestMethod codeBase="E:/TeamCity_Data/Build/Sierra/src/FinOM/FinOM.Test/bin/Debug/FinOM.Test.DLL" adapterTypeName="Microsoft.VisualStudio.TestTools.TestTypes.Unit.UnitTestAdapter, Microsoft.VisualStudio.QualityTools.Tips.UnitTest.Adapter, Version=10.0.0.0, Culture=neutral, PublicKeyToken=b03f5f7f11d50a3a" className="FinOM.Test.TS.UseCases.IntradayTests, FinOM.Test, Version=1.0.0.0, Culture=neutral, PublicKeyToken=null" name="FilterUpDownMedianTest" />
    </UnitTest>
    <UnitTest name="RiskFreeTest" storage="e:\teamcity_data\build\sierra\src\finom\finom.test\bin\debug\finom.test.dll" id="60bb8963-ae29-c7c2-ffc4-da312486c8ad">
      <Execution id="940ed431-5173-4fda-91b0-27886f4c6115" />
      <TestMethod codeBase="E:/TeamCity_Data/Build/Sierra/src/FinOM/FinOM.Test/bin/Debug/FinOM.Test.DLL" adapterTypeName="Microsoft.VisualStudio.TestTools.TestTypes.Unit.UnitTestAdapter, Microsoft.VisualStudio.QualityTools.Tips.UnitTest.Adapter, Version=10.0.0.0, Culture=neutral, PublicKeyToken=b03f5f7f11d50a3a" className="FinOM.Test.Credit.CDSTest, FinOM.Test, Version=1.0.0.0, Culture=neutral, PublicKeyToken=null" name="RiskFreeTest" />
    </UnitTest>
    <UnitTest name="TimeToIndexTest" storage="e:\teamcity_data\build\sierra\src\finom\finom.test\bin\debug\finom.test.dll" id="769ff708-f51a-225d-1ef4-c9eabaa416db">
      <Execution id="02a9309f-514f-4640-b412-b10a1a9b48b6" />
      <TestMethod codeBase="E:/TeamCity_Data/Build/Sierra/src/FinOM/FinOM.Test/bin/Debug/FinOM.Test.DLL" adapterTypeName="Microsoft.VisualStudio.TestTools.TestTypes.Unit.UnitTestAdapter, Microsoft.VisualStudio.QualityTools.Tips.UnitTest.Adapter, Version=10.0.0.0, Culture=neutral, PublicKeyToken=b03f5f7f11d50a3a" className="FinOM.Test.TS.Core.WeekdayRecurrenceTests, FinOM.Test, Version=1.0.0.0, Culture=neutral, PublicKeyToken=null" name="TimeToIndexTest" />
    </UnitTest>
    <UnitTest name="IndexOfNonExistingTest" storage="e:\teamcity_data\build\sierra\src\finom\finom.test\bin\debug\finom.test.dll" id="5dbcfe7a-9b23-a861-56f1-74f7fa4f1f44">
      <Execution id="28894cc9-49ab-4a0d-8f4e-f9bcd00d1066" />
      <TestMethod codeBase="E:/TeamCity_Data/Build/Sierra/src/FinOM/FinOM.Test/bin/Debug/FinOM.Test.DLL" adapterTypeName="Microsoft.VisualStudio.TestTools.TestTypes.Unit.UnitTestAdapter, Microsoft.VisualStudio.QualityTools.Tips.UnitTest.Adapter, Version=10.0.0.0, Culture=neutral, PublicKeyToken=b03f5f7f11d50a3a" className="FinOM.Test.TS.Core.IntradayOfDailyTimelineTests, FinOM.Test, Version=1.0.0.0, Culture=neutral, PublicKeyToken=null" name="IndexOfNonExistingTest" />
    </UnitTest>
    <UnitTest name="CDIMarketFromUnderyingPriceTest" storage="e:\teamcity_data\build\sierra\src\finom\finom.test\bin\debug\finom.test.dll" id="d981a4ac-d196-403b-37a2-403eb596db1c">
      <Execution id="2fd8f4f6-9477-48ac-b479-5313f6ae8eaf" />
      <TestMethod codeBase="E:/TeamCity_Data/Build/Sierra/src/FinOM/FinOM.Test/bin/Debug/FinOM.Test.DLL" adapterTypeName="Microsoft.VisualStudio.TestTools.TestTypes.Unit.UnitTestAdapter, Microsoft.VisualStudio.QualityTools.Tips.UnitTest.Adapter, Version=10.0.0.0, Culture=neutral, PublicKeyToken=b03f5f7f11d50a3a" className="FinOM.Test.Credit.CDITest, FinOM.Test, Version=1.0.0.0, Culture=neutral, PublicKeyToken=null" name="CDIMarketFromUnderyingPriceTest" />
    </UnitTest>
    <UnitTest name="TodayTest" storage="e:\teamcity_data\build\sierra\src\finom\finom.test\bin\debug\finom.test.dll" id="c828f042-5904-1dbf-78fe-6d1030664200">
      <Execution id="e819d038-7fcd-4eed-9a61-adcfb39c80af" />
      <TestMethod codeBase="E:/TeamCity_Data/Build/Sierra/src/FinOM/FinOM.Test/bin/Debug/FinOM.Test.DLL" adapterTypeName="Microsoft.VisualStudio.TestTools.TestTypes.Unit.UnitTestAdapter, Microsoft.VisualStudio.QualityTools.Tips.UnitTest.Adapter, Version=10.0.0.0, Culture=neutral, PublicKeyToken=b03f5f7f11d50a3a" className="FinOM.Test.TS.Util.TimeTests, FinOM.Test, Version=1.0.0.0, Culture=neutral, PublicKeyToken=null" name="TodayTest" />
    </UnitTest>
    <UnitTest name="AddViaCell3Long" storage="e:\teamcity_data\build\sierra\src\finom\finom.test\bin\debug\finom.test.dll" id="880b4d91-f7e5-ccd1-604d-a0435e5329b1">
      <Execution id="1e567a0c-3f26-4af6-ba79-62ddd8d04b89" />
      <TestMethod codeBase="E:/TeamCity_Data/Build/Sierra/src/FinOM/FinOM.Test/bin/Debug/FinOM.Test.DLL" adapterTypeName="Microsoft.VisualStudio.TestTools.TestTypes.Unit.UnitTestAdapter, Microsoft.VisualStudio.QualityTools.Tips.UnitTest.Adapter, Version=10.0.0.0, Culture=neutral, PublicKeyToken=b03f5f7f11d50a3a" className="FinOM.Test.Cells.CellMathTests, FinOM.Test, Version=1.0.0.0, Culture=neutral, PublicKeyToken=null" name="AddViaCell3Long" />
    </UnitTest>
    <UnitTest name="TimeIndexFloorTest" storage="e:\teamcity_data\build\sierra\src\finom\finom.test\bin\debug\finom.test.dll" id="097a81fe-40c3-83d9-67e6-d17da7e9b219">
      <Execution id="35e55368-9a9e-4729-86d0-a8c97c38e256" />
      <TestMethod codeBase="E:/TeamCity_Data/Build/Sierra/src/FinOM/FinOM.Test/bin/Debug/FinOM.Test.DLL" adapterTypeName="Microsoft.VisualStudio.TestTools.TestTypes.Unit.UnitTestAdapter, Microsoft.VisualStudio.QualityTools.Tips.UnitTest.Adapter, Version=10.0.0.0, Culture=neutral, PublicKeyToken=b03f5f7f11d50a3a" className="FinOM.Test.TS.Core.SegmentOfExplicitTimelineTests, FinOM.Test, Version=1.0.0.0, Culture=neutral, PublicKeyToken=null" name="TimeIndexFloorTest" />
    </UnitTest>
    <UnitTest name="TickerChangeDefaultTest1" storage="e:\teamcity_data\build\sierra\src\finom\finom.test\bin\debug\finom.test.dll" id="f17c66a4-25df-881d-f30a-808367181f93">
      <Execution id="15fb491c-c59d-4f6a-b662-c68200df2b1f" />
      <TestMethod codeBase="E:/TeamCity_Data/Build/Sierra/src/FinOM/FinOM.Test/bin/Debug/FinOM.Test.DLL" adapterTypeName="Microsoft.VisualStudio.TestTools.TestTypes.Unit.UnitTestAdapter, Microsoft.VisualStudio.QualityTools.Tips.UnitTest.Adapter, Version=10.0.0.0, Culture=neutral, PublicKeyToken=b03f5f7f11d50a3a" className="FinOM.Test.Credit.CreditEntityTest, FinOM.Test, Version=1.0.0.0, Culture=neutral, PublicKeyToken=null" name="TickerChangeDefaultTest1" />
    </UnitTest>
    <UnitTest name="PowTest" storage="e:\teamcity_data\build\sierra\src\finom\finom.test\bin\debug\finom.test.dll" id="2ee4f674-18fd-d9ee-4fe7-f67cefd3b0df">
      <Execution id="fcd2f0fe-56b9-4f26-a01c-91f319549d19" />
      <TestMethod codeBase="E:/TeamCity_Data/Build/Sierra/src/FinOM/FinOM.Test/bin/Debug/FinOM.Test.DLL" adapterTypeName="Microsoft.VisualStudio.TestTools.TestTypes.Unit.UnitTestAdapter, Microsoft.VisualStudio.QualityTools.Tips.UnitTest.Adapter, Version=10.0.0.0, Culture=neutral, PublicKeyToken=b03f5f7f11d50a3a" className="FinOM.Test.TS.Core.MathTimeSeriesExprTests, FinOM.Test, Version=1.0.0.0, Culture=neutral, PublicKeyToken=null" name="PowTest" />
    </UnitTest>
    <UnitTest name="UniformCompositeRecurrenceFloorTest" storage="e:\teamcity_data\build\sierra\src\finom\finom.test\bin\debug\finom.test.dll" id="6eb343e4-d98c-350f-c716-a689396d64eb">
      <Execution id="47517833-3282-4750-858a-fa3407983ffc" />
      <TestMethod codeBase="E:/TeamCity_Data/Build/Sierra/src/FinOM/FinOM.Test/bin/Debug/FinOM.Test.DLL" adapterTypeName="Microsoft.VisualStudio.TestTools.TestTypes.Unit.UnitTestAdapter, Microsoft.VisualStudio.QualityTools.Tips.UnitTest.Adapter, Version=10.0.0.0, Culture=neutral, PublicKeyToken=b03f5f7f11d50a3a" className="FinOM.Test.TS.Core.WorkdayPartialCompositeRecurrenceTests, FinOM.Test, Version=1.0.0.0, Culture=neutral, PublicKeyToken=null" name="UniformCompositeRecurrenceFloorTest" />
    </UnitTest>
    <UnitTest name="TimeIndexConsistencyTest" storage="e:\teamcity_data\build\sierra\src\finom\finom.test\bin\debug\finom.test.dll" id="a26f44c5-b3fc-9684-8e8d-c7ca13d66711">
      <Execution id="164858b6-feeb-44f8-b186-a5190b220695" />
      <TestMethod codeBase="E:/TeamCity_Data/Build/Sierra/src/FinOM/FinOM.Test/bin/Debug/FinOM.Test.DLL" adapterTypeName="Microsoft.VisualStudio.TestTools.TestTypes.Unit.UnitTestAdapter, Microsoft.VisualStudio.QualityTools.Tips.UnitTest.Adapter, Version=10.0.0.0, Culture=neutral, PublicKeyToken=b03f5f7f11d50a3a" className="FinOM.Test.TS.Core.RecurrenceConsistencyTests, FinOM.Test, Version=1.0.0.0, Culture=neutral, PublicKeyToken=null" name="TimeIndexConsistencyTest" />
    </UnitTest>
    <UnitTest name="CheckNummberDependsOfB" storage="e:\teamcity_data\build\sierra\src\finom\finom.test\bin\debug\finom.test.dll" id="1769c012-8f65-d9c0-c2ce-2d8bbb6e5342">
      <Execution id="b9d1b761-930b-4adc-b1a4-e5c2dc82d1e0" />
      <TestMethod codeBase="E:/TeamCity_Data/Build/Sierra/src/FinOM/FinOM.Test/bin/Debug/FinOM.Test.DLL" adapterTypeName="Microsoft.VisualStudio.TestTools.TestTypes.Unit.UnitTestAdapter, Microsoft.VisualStudio.QualityTools.Tips.UnitTest.Adapter, Version=10.0.0.0, Culture=neutral, PublicKeyToken=b03f5f7f11d50a3a" className="FinOM.Test.Cells.CellMathTests, FinOM.Test, Version=1.0.0.0, Culture=neutral, PublicKeyToken=null" name="CheckNummberDependsOfB" />
    </UnitTest>
    <UnitTest name="EndTimeTest" storage="e:\teamcity_data\build\sierra\src\finom\finom.test\bin\debug\finom.test.dll" id="de222560-70d1-fc66-ce5c-dc52294c1102">
      <Execution id="4be31b23-0b16-4d91-894c-5a29905e8310" />
      <TestMethod codeBase="E:/TeamCity_Data/Build/Sierra/src/FinOM/FinOM.Test/bin/Debug/FinOM.Test.DLL" adapterTypeName="Microsoft.VisualStudio.TestTools.TestTypes.Unit.UnitTestAdapter, Microsoft.VisualStudio.QualityTools.Tips.UnitTest.Adapter, Version=10.0.0.0, Culture=neutral, PublicKeyToken=b03f5f7f11d50a3a" className="FinOM.Test.TS.Core.SegmentOfExplicitTimelineTests, FinOM.Test, Version=1.0.0.0, Culture=neutral, PublicKeyToken=null" name="EndTimeTest" />
    </UnitTest>
    <UnitTest name="BasicCorpFiscalYearMutableDate" storage="e:\teamcity_data\build\sierra\src\finom\finom.test\bin\debug\finom.test.dll" id="0f79c3e4-2423-be2f-9473-85fc9900c74d">
      <Execution id="fac3be37-8ec8-47f9-9c24-53eb7b6c096d" />
      <TestMethod codeBase="E:/TeamCity_Data/Build/Sierra/src/FinOM/FinOM.Test/bin/Debug/FinOM.Test.DLL" adapterTypeName="Microsoft.VisualStudio.TestTools.TestTypes.Unit.UnitTestAdapter, Microsoft.VisualStudio.QualityTools.Tips.UnitTest.Adapter, Version=10.0.0.0, Culture=neutral, PublicKeyToken=b03f5f7f11d50a3a" className="FinOM.Analytics.Test.FinancialStatementTests, FinOM.Test, Version=1.0.0.0, Culture=neutral, PublicKeyToken=null" name="BasicCorpFiscalYearMutableDate" />
    </UnitTest>
    <UnitTest name="CompositeRecurrenceNegativeCreationTest6" storage="e:\teamcity_data\build\sierra\src\finom\finom.test\bin\debug\finom.test.dll" id="2ff85027-7af1-52c7-50be-326b0ef0e610">
      <Execution id="f337b78d-df51-4b6d-bcaf-6212c7e77d8e" />
      <TestMethod codeBase="E:/TeamCity_Data/Build/Sierra/src/FinOM/FinOM.Test/bin/Debug/FinOM.Test.DLL" adapterTypeName="Microsoft.VisualStudio.TestTools.TestTypes.Unit.UnitTestAdapter, Microsoft.VisualStudio.QualityTools.Tips.UnitTest.Adapter, Version=10.0.0.0, Culture=neutral, PublicKeyToken=b03f5f7f11d50a3a" className="FinOM.Test.TS.Core.WorkdayPartialCompositeRecurrenceTests, FinOM.Test, Version=1.0.0.0, Culture=neutral, PublicKeyToken=null" name="CompositeRecurrenceNegativeCreationTest6" />
    </UnitTest>
    <UnitTest name="QVIntradayLoadableSeriesFinOMTest" storage="e:\teamcity_data\build\sierra\src\finom\finom.test\bin\debug\finom.test.dll" id="daf046ef-de55-56c8-05f7-3b8c714d7945">
      <Execution id="d408b281-e572-4a96-a9c0-781e5c7f28fe" />
      <TestMethod codeBase="E:/TeamCity_Data/Build/Sierra/src/FinOM/FinOM.Test/bin/Debug/FinOM.Test.DLL" adapterTypeName="Microsoft.VisualStudio.TestTools.TestTypes.Unit.UnitTestAdapter, Microsoft.VisualStudio.QualityTools.Tips.UnitTest.Adapter, Version=10.0.0.0, Culture=neutral, PublicKeyToken=b03f5f7f11d50a3a" className="FinOM.Test.TS.Data.QVLoadableSeriesTests, FinOM.Test, Version=1.0.0.0, Culture=neutral, PublicKeyToken=null" name="QVIntradayLoadableSeriesFinOMTest" />
    </UnitTest>
    <UnitTest name="SelfDifferenceTest" storage="e:\teamcity_data\build\sierra\src\finom\finom.test\bin\debug\finom.test.dll" id="00437797-bbfd-b69c-255b-e5d77a761989">
      <Execution id="6c0c003e-489e-4293-92c4-e440b53f35df" />
      <TestMethod codeBase="E:/TeamCity_Data/Build/Sierra/src/FinOM/FinOM.Test/bin/Debug/FinOM.Test.DLL" adapterTypeName="Microsoft.VisualStudio.TestTools.TestTypes.Unit.UnitTestAdapter, Microsoft.VisualStudio.QualityTools.Tips.UnitTest.Adapter, Version=10.0.0.0, Culture=neutral, PublicKeyToken=b03f5f7f11d50a3a" className="FinOM.Test.TS.Core.SelfExpectedCombinedTimelinesTests, FinOM.Test, Version=1.0.0.0, Culture=neutral, PublicKeyToken=null" name="SelfDifferenceTest" />
    </UnitTest>
    <UnitTest name="BestDealerBidChangeMark" storage="e:\teamcity_data\build\sierra\src\finom\finom.test\bin\debug\finom.test.dll" id="8bc303a0-402e-b92e-12a0-d699b4d870a5">
      <Execution id="8394dcde-7c25-4fa2-ab57-875a6c45f56b" />
      <TestMethod codeBase="E:/TeamCity_Data/Build/Sierra/src/FinOM/FinOM.Test/bin/Debug/FinOM.Test.DLL" adapterTypeName="Microsoft.VisualStudio.TestTools.TestTypes.Unit.UnitTestAdapter, Microsoft.VisualStudio.QualityTools.Tips.UnitTest.Adapter, Version=10.0.0.0, Culture=neutral, PublicKeyToken=b03f5f7f11d50a3a" className="FinOM.Test.Credit.CDOTrancheTest, FinOM.Test, Version=1.0.0.0, Culture=neutral, PublicKeyToken=null" name="BestDealerBidChangeMark" />
    </UnitTest>
    <UnitTest name="TimeIndexFloorTest" storage="e:\teamcity_data\build\sierra\src\finom\finom.test\bin\debug\finom.test.dll" id="36fbe172-7a8f-d19e-f1a6-e952e7e52a67">
      <Execution id="49fe336e-bc59-4ae6-bfda-9a5739f50662" />
      <TestMethod codeBase="E:/TeamCity_Data/Build/Sierra/src/FinOM/FinOM.Test/bin/Debug/FinOM.Test.DLL" adapterTypeName="Microsoft.VisualStudio.TestTools.TestTypes.Unit.UnitTestAdapter, Microsoft.VisualStudio.QualityTools.Tips.UnitTest.Adapter, Version=10.0.0.0, Culture=neutral, PublicKeyToken=b03f5f7f11d50a3a" className="FinOM.Test.TS.Core.IntradayOfWeekdayWithCutTimelineTests, FinOM.Test, Version=1.0.0.0, Culture=neutral, PublicKeyToken=null" name="TimeIndexFloorTest" />
    </UnitTest>
    <UnitTest name="SomeTest2Zeros4Ones" storage="e:\teamcity_data\build\sierra\src\finom\finom.test\bin\debug\finom.test.dll" id="e315e361-bd04-518a-9ca3-0a3098a63ea0">
      <Execution id="ea956a6c-6106-44c8-affe-48826fc2d462" />
      <TestMethod codeBase="E:/TeamCity_Data/Build/Sierra/src/FinOM/FinOM.Test/bin/Debug/FinOM.Test.DLL" adapterTypeName="Microsoft.VisualStudio.TestTools.TestTypes.Unit.UnitTestAdapter, Microsoft.VisualStudio.QualityTools.Tips.UnitTest.Adapter, Version=10.0.0.0, Culture=neutral, PublicKeyToken=b03f5f7f11d50a3a" className="FinOM.Test.Util.FlagsTests, FinOM.Test, Version=1.0.0.0, Culture=neutral, PublicKeyToken=null" name="SomeTest2Zeros4Ones" />
    </UnitTest>
    <UnitTest name="TSDailyLoadableSeriesTest2" storage="e:\teamcity_data\build\sierra\src\finom\finom.test\bin\debug\finom.test.dll" id="5c0a4022-88a7-75e0-85c7-92911d145f3f">
      <Execution id="860b8adc-904b-4e89-8bf9-2bf5819f4500" />
      <TestMethod codeBase="E:/TeamCity_Data/Build/Sierra/src/FinOM/FinOM.Test/bin/Debug/FinOM.Test.DLL" adapterTypeName="Microsoft.VisualStudio.TestTools.TestTypes.Unit.UnitTestAdapter, Microsoft.VisualStudio.QualityTools.Tips.UnitTest.Adapter, Version=10.0.0.0, Culture=neutral, PublicKeyToken=b03f5f7f11d50a3a" className="FinOM.Test.TS.Data.TSLoadableSeriesTests, FinOM.Test, Version=1.0.0.0, Culture=neutral, PublicKeyToken=null" name="TSDailyLoadableSeriesTest2" />
    </UnitTest>
    <UnitTest name="CorrSwapTest" storage="e:\teamcity_data\build\sierra\src\finom\finom.test\bin\debug\finom.test.dll" id="50d5defa-9c46-2af8-7e00-c8c32ea961ed">
      <Execution id="d46c2fa3-a49d-45d1-a68a-76057d2e9a9f" />
      <TestMethod codeBase="E:/TeamCity_Data/Build/Sierra/src/FinOM/FinOM.Test/bin/Debug/FinOM.Test.DLL" adapterTypeName="Microsoft.VisualStudio.TestTools.TestTypes.Unit.UnitTestAdapter, Microsoft.VisualStudio.QualityTools.Tips.UnitTest.Adapter, Version=10.0.0.0, Culture=neutral, PublicKeyToken=b03f5f7f11d50a3a" className="FinOM.Test.EquityDerivatives.EquityTests, FinOM.Test, Version=1.0.0.0, Culture=neutral, PublicKeyToken=null" name="CorrSwapTest" />
    </UnitTest>
    <UnitTest name="SubTimelineSegmentTest" storage="e:\teamcity_data\build\sierra\src\finom\finom.test\bin\debug\finom.test.dll" id="e6dc5258-09fb-cc2f-85f9-16faea0fd241">
      <Execution id="7e6ef856-400a-4407-9734-5b515141a7bf" />
      <TestMethod codeBase="E:/TeamCity_Data/Build/Sierra/src/FinOM/FinOM.Test/bin/Debug/FinOM.Test.DLL" adapterTypeName="Microsoft.VisualStudio.TestTools.TestTypes.Unit.UnitTestAdapter, Microsoft.VisualStudio.QualityTools.Tips.UnitTest.Adapter, Version=10.0.0.0, Culture=neutral, PublicKeyToken=b03f5f7f11d50a3a" className="FinOM.Test.TS.Core.OffsetOfRecurringTimelineTests, FinOM.Test, Version=1.0.0.0, Culture=neutral, PublicKeyToken=null" name="SubTimelineSegmentTest" />
    </UnitTest>
    <UnitTest name="FillSparseMemorySimpleRetrieve" storage="e:\teamcity_data\build\sierra\src\finom\finom.test\bin\debug\finom.test.dll" id="933711ae-1707-ab0d-d506-28e88c3ae244">
      <Execution id="ac1b58ca-3d8a-423e-a4c7-38b916aab4a6" />
      <TestMethod codeBase="E:/TeamCity_Data/Build/Sierra/src/FinOM/FinOM.Test/bin/Debug/FinOM.Test.DLL" adapterTypeName="Microsoft.VisualStudio.TestTools.TestTypes.Unit.UnitTestAdapter, Microsoft.VisualStudio.QualityTools.Tips.UnitTest.Adapter, Version=10.0.0.0, Culture=neutral, PublicKeyToken=b03f5f7f11d50a3a" className="FinOM.Core.Test.SparseDataTests, FinOM.Test, Version=1.0.0.0, Culture=neutral, PublicKeyToken=null" name="FillSparseMemorySimpleRetrieve" />
    </UnitTest>
    <UnitTest name="RDiffTest" storage="e:\teamcity_data\build\sierra\src\finom\finom.test\bin\debug\finom.test.dll" id="c6e0d818-b503-9d51-d3f1-b2a2c9f0b2ee">
      <Execution id="0bc7a4c0-9369-44be-accf-9a84f5424ef8" />
      <TestMethod codeBase="E:/TeamCity_Data/Build/Sierra/src/FinOM/FinOM.Test/bin/Debug/FinOM.Test.DLL" adapterTypeName="Microsoft.VisualStudio.TestTools.TestTypes.Unit.UnitTestAdapter, Microsoft.VisualStudio.QualityTools.Tips.UnitTest.Adapter, Version=10.0.0.0, Culture=neutral, PublicKeyToken=b03f5f7f11d50a3a" className="FinOM.Test.TS.Core.RunningUnaryTimeSeriesExprTests, FinOM.Test, Version=1.0.0.0, Culture=neutral, PublicKeyToken=null" name="RDiffTest" />
    </UnitTest>
    <UnitTest name="ProductOfTwoTest" storage="e:\teamcity_data\build\sierra\src\finom\finom.test\bin\debug\finom.test.dll" id="5487e709-eba0-1b6d-2109-c2d807f00e06">
      <Execution id="cb214cab-546a-4d68-b225-01a200727ca8" />
      <TestMethod codeBase="E:/TeamCity_Data/Build/Sierra/src/FinOM/FinOM.Test/bin/Debug/FinOM.Test.DLL" adapterTypeName="Microsoft.VisualStudio.TestTools.TestTypes.Unit.UnitTestAdapter, Microsoft.VisualStudio.QualityTools.Tips.UnitTest.Adapter, Version=10.0.0.0, Culture=neutral, PublicKeyToken=b03f5f7f11d50a3a" className="FinOM.Test.Util.ProductTests, FinOM.Test, Version=1.0.0.0, Culture=neutral, PublicKeyToken=null" name="ProductOfTwoTest" />
    </UnitTest>
    <UnitTest name="EquityExpirationTest" storage="e:\teamcity_data\build\sierra\src\finom\finom.test\bin\debug\finom.test.dll" id="d7b06c89-6b5a-1e30-8c61-c9115a06689f">
      <Execution id="9f76bc62-6e57-4498-bbb0-835a6b8556dd" />
      <TestMethod codeBase="E:/TeamCity_Data/Build/Sierra/src/FinOM/FinOM.Test/bin/Debug/FinOM.Test.DLL" adapterTypeName="Microsoft.VisualStudio.TestTools.TestTypes.Unit.UnitTestAdapter, Microsoft.VisualStudio.QualityTools.Tips.UnitTest.Adapter, Version=10.0.0.0, Culture=neutral, PublicKeyToken=b03f5f7f11d50a3a" className="FinOM.Test.Types.DateTest, FinOM.Test, Version=1.0.0.0, Culture=neutral, PublicKeyToken=null" name="EquityExpirationTest" />
    </UnitTest>
    <UnitTest name="MaxTest" storage="e:\teamcity_data\build\sierra\src\finom\finom.test\bin\debug\finom.test.dll" id="de3a155c-5b7b-908e-6fc6-aaa240deab08">
      <Execution id="f71061f6-fb93-478b-ae57-41718c053f30" />
      <TestMethod codeBase="E:/TeamCity_Data/Build/Sierra/src/FinOM/FinOM.Test/bin/Debug/FinOM.Test.DLL" adapterTypeName="Microsoft.VisualStudio.TestTools.TestTypes.Unit.UnitTestAdapter, Microsoft.VisualStudio.QualityTools.Tips.UnitTest.Adapter, Version=10.0.0.0, Culture=neutral, PublicKeyToken=b03f5f7f11d50a3a" className="FinOM.Test.TS.Core.ScalarUnaryTimeSeriesExprTests, FinOM.Test, Version=1.0.0.0, Culture=neutral, PublicKeyToken=null" name="MaxTest" />
    </UnitTest>
    <UnitTest name="ConditionalVarTest" storage="e:\teamcity_data\build\sierra\src\finom\finom.test\bin\debug\finom.test.dll" id="0cc4d67c-65cb-3a26-8055-90cdd5f0d71f">
      <Execution id="6b6cea6a-2d44-40c0-898a-5403ed3b46ed" />
      <TestMethod codeBase="E:/TeamCity_Data/Build/Sierra/src/FinOM/FinOM.Test/bin/Debug/FinOM.Test.DLL" adapterTypeName="Microsoft.VisualStudio.TestTools.TestTypes.Unit.UnitTestAdapter, Microsoft.VisualStudio.QualityTools.Tips.UnitTest.Adapter, Version=10.0.0.0, Culture=neutral, PublicKeyToken=b03f5f7f11d50a3a" className="FinOM.Test.EquityDerivatives.EquityTests, FinOM.Test, Version=1.0.0.0, Culture=neutral, PublicKeyToken=null" name="ConditionalVarTest" />
    </UnitTest>
    <UnitTest name="GuideOfGuideTest" storage="e:\teamcity_data\build\sierra\src\finom\finom.test\bin\debug\finom.test.dll" id="da7100cd-4019-1761-c3a2-1821f32bc97f">
      <Execution id="b4b95976-5438-4fbc-9f80-e698f334eb9c" />
      <TestMethod codeBase="E:/TeamCity_Data/Build/Sierra/src/FinOM/FinOM.Test/bin/Debug/FinOM.Test.DLL" adapterTypeName="Microsoft.VisualStudio.TestTools.TestTypes.Unit.UnitTestAdapter, Microsoft.VisualStudio.QualityTools.Tips.UnitTest.Adapter, Version=10.0.0.0, Culture=neutral, PublicKeyToken=b03f5f7f11d50a3a" className="FinOM.Test.TS.Core.RandomMixedCombinedTimelinesTests, FinOM.Test, Version=1.0.0.0, Culture=neutral, PublicKeyToken=null" name="GuideOfGuideTest" />
    </UnitTest>
    <UnitTest name="AtanTest" storage="e:\teamcity_data\build\sierra\src\finom\finom.test\bin\debug\finom.test.dll" id="970e5c54-1fc3-5d07-29bb-bdbdb51bac61">
      <Execution id="2e7fd0fa-0ea8-444e-a6ca-7fe14127a2ff" />
      <TestMethod codeBase="E:/TeamCity_Data/Build/Sierra/src/FinOM/FinOM.Test/bin/Debug/FinOM.Test.DLL" adapterTypeName="Microsoft.VisualStudio.TestTools.TestTypes.Unit.UnitTestAdapter, Microsoft.VisualStudio.QualityTools.Tips.UnitTest.Adapter, Version=10.0.0.0, Culture=neutral, PublicKeyToken=b03f5f7f11d50a3a" className="FinOM.Test.TS.Core.MathTimeSeriesExprTests, FinOM.Test, Version=1.0.0.0, Culture=neutral, PublicKeyToken=null" name="AtanTest" />
    </UnitTest>
    <UnitTest name="TestSharedBaseScenario2" storage="e:\teamcity_data\build\sierra\src\finom\finom.test\bin\debug\finom.test.dll" id="ac33318b-f682-726d-8ce9-5bdeb7eb6457">
      <Execution id="8fc0a573-a8e6-4059-a925-3b0858b19063" />
      <TestMethod codeBase="E:/TeamCity_Data/Build/Sierra/src/FinOM/FinOM.Test/bin/Debug/FinOM.Test.DLL" adapterTypeName="Microsoft.VisualStudio.TestTools.TestTypes.Unit.UnitTestAdapter, Microsoft.VisualStudio.QualityTools.Tips.UnitTest.Adapter, Version=10.0.0.0, Culture=neutral, PublicKeyToken=b03f5f7f11d50a3a" className="FinOM.Test.Cells.AnonymousCellTests, FinOM.Test, Version=1.0.0.0, Culture=neutral, PublicKeyToken=null" name="TestSharedBaseScenario2" />
    </UnitTest>
    <UnitTest name="TestCDIInstrumentIsIG" storage="e:\teamcity_data\build\sierra\src\finom\finom.test\bin\debug\finom.test.dll" id="9efb06ed-4e32-4e36-fb87-afd72763bad8">
      <Execution id="ce36f8ea-ce50-4535-9dc2-d476402fb4d5" />
      <TestMethod codeBase="E:/TeamCity_Data/Build/Sierra/src/FinOM/FinOM.Test/bin/Debug/FinOM.Test.DLL" adapterTypeName="Microsoft.VisualStudio.TestTools.TestTypes.Unit.UnitTestAdapter, Microsoft.VisualStudio.QualityTools.Tips.UnitTest.Adapter, Version=10.0.0.0, Culture=neutral, PublicKeyToken=b03f5f7f11d50a3a" className="FinOM.Test.FinanceScenarios.InsightHelperTest, FinOM.Test, Version=1.0.0.0, Culture=neutral, PublicKeyToken=null" name="TestCDIInstrumentIsIG" />
    </UnitTest>
    <UnitTest name="VarTest" storage="e:\teamcity_data\build\sierra\src\finom\finom.test\bin\debug\finom.test.dll" id="6e4270f9-a951-786a-8206-4d26f02d48f3">
      <Execution id="5d091abb-66b2-4e5d-b064-5a4ec3f57fa1" />
      <TestMethod codeBase="E:/TeamCity_Data/Build/Sierra/src/FinOM/FinOM.Test/bin/Debug/FinOM.Test.DLL" adapterTypeName="Microsoft.VisualStudio.TestTools.TestTypes.Unit.UnitTestAdapter, Microsoft.VisualStudio.QualityTools.Tips.UnitTest.Adapter, Version=10.0.0.0, Culture=neutral, PublicKeyToken=b03f5f7f11d50a3a" className="FinOM.Test.TS.Core.MultiPointTimeSeriesExprTests, FinOM.Test, Version=1.0.0.0, Culture=neutral, PublicKeyToken=null" name="VarTest" />
    </UnitTest>
    <UnitTest name="EndTimeTest" storage="e:\teamcity_data\build\sierra\src\finom\finom.test\bin\debug\finom.test.dll" id="bf79c319-141c-5d31-5a3e-b0fdb82294c8">
      <Execution id="dc4da9dc-0665-4b4e-bab5-245b6e70f455" />
      <TestMethod codeBase="E:/TeamCity_Data/Build/Sierra/src/FinOM/FinOM.Test/bin/Debug/FinOM.Test.DLL" adapterTypeName="Microsoft.VisualStudio.TestTools.TestTypes.Unit.UnitTestAdapter, Microsoft.VisualStudio.QualityTools.Tips.UnitTest.Adapter, Version=10.0.0.0, Culture=neutral, PublicKeyToken=b03f5f7f11d50a3a" className="FinOM.Test.TS.Core.SegmentOfRecurringTimelineTests, FinOM.Test, Version=1.0.0.0, Culture=neutral, PublicKeyToken=null" name="EndTimeTest" />
    </UnitTest>
    <UnitTest name="StDevTest" storage="e:\teamcity_data\build\sierra\src\finom\finom.test\bin\debug\finom.test.dll" id="ba983c4d-fcb5-0320-7b6c-056b498dc42b">
      <Execution id="d5603e20-24f1-4707-89f5-c72803a9ed59" />
      <TestMethod codeBase="E:/TeamCity_Data/Build/Sierra/src/FinOM/FinOM.Test/bin/Debug/FinOM.Test.DLL" adapterTypeName="Microsoft.VisualStudio.TestTools.TestTypes.Unit.UnitTestAdapter, Microsoft.VisualStudio.QualityTools.Tips.UnitTest.Adapter, Version=10.0.0.0, Culture=neutral, PublicKeyToken=b03f5f7f11d50a3a" className="FinOM.Test.TS.Core.MovingUnaryTimeSeriesExprTests, FinOM.Test, Version=1.0.0.0, Culture=neutral, PublicKeyToken=null" name="StDevTest" />
    </UnitTest>
    <UnitTest name="QVIntradayLoadableSeriesNativeTest" storage="e:\teamcity_data\build\sierra\src\finom\finom.test\bin\debug\finom.test.dll" id="6b65f331-1ffe-524b-4f55-c0d75bd72dfe">
      <Execution id="4ae14380-ebf4-4d52-87fb-ee2c5eebaeb4" />
      <TestMethod codeBase="E:/TeamCity_Data/Build/Sierra/src/FinOM/FinOM.Test/bin/Debug/FinOM.Test.DLL" adapterTypeName="Microsoft.VisualStudio.TestTools.TestTypes.Unit.UnitTestAdapter, Microsoft.VisualStudio.QualityTools.Tips.UnitTest.Adapter, Version=10.0.0.0, Culture=neutral, PublicKeyToken=b03f5f7f11d50a3a" className="FinOM.Test.TS.Data.QVLoadableSeriesTests, FinOM.Test, Version=1.0.0.0, Culture=neutral, PublicKeyToken=null" name="QVIntradayLoadableSeriesNativeTest" />
    </UnitTest>
    <UnitTest name="YearTest" storage="e:\teamcity_data\build\sierra\src\finom\finom.test\bin\debug\finom.test.dll" id="248dbcc9-c827-bbbc-0c44-aa387d69084d">
      <Execution id="13d7889e-ec55-419f-8373-6ba573c4ba13" />
      <TestMethod codeBase="E:/TeamCity_Data/Build/Sierra/src/FinOM/FinOM.Test/bin/Debug/FinOM.Test.DLL" adapterTypeName="Microsoft.VisualStudio.TestTools.TestTypes.Unit.UnitTestAdapter, Microsoft.VisualStudio.QualityTools.Tips.UnitTest.Adapter, Version=10.0.0.0, Culture=neutral, PublicKeyToken=b03f5f7f11d50a3a" className="FinOM.Test.TS.Core.DateTimeTimeSeriesExprTests, FinOM.Test, Version=1.0.0.0, Culture=neutral, PublicKeyToken=null" name="YearTest" />
    </UnitTest>
    <UnitTest name="TimeIndexFloorTest" storage="e:\teamcity_data\build\sierra\src\finom\finom.test\bin\debug\finom.test.dll" id="50da4b16-77fe-fa53-eaee-91a887936f43">
      <Execution id="85d0675c-522a-4088-8520-087c6f7196ed" />
      <TestMethod codeBase="E:/TeamCity_Data/Build/Sierra/src/FinOM/FinOM.Test/bin/Debug/FinOM.Test.DLL" adapterTypeName="Microsoft.VisualStudio.TestTools.TestTypes.Unit.UnitTestAdapter, Microsoft.VisualStudio.QualityTools.Tips.UnitTest.Adapter, Version=10.0.0.0, Culture=neutral, PublicKeyToken=b03f5f7f11d50a3a" className="FinOM.Test.TS.Core.IntradayOfWeekdayTimelineTests, FinOM.Test, Version=1.0.0.0, Culture=neutral, PublicKeyToken=null" name="TimeIndexFloorTest" />
    </UnitTest>
    <UnitTest name="RSumTest" storage="e:\teamcity_data\build\sierra\src\finom\finom.test\bin\debug\finom.test.dll" id="96d0f2f9-7aad-ced7-6a28-fbdf8b0890f8">
      <Execution id="58338174-dffa-46e5-8ef1-9ad8cf47ed3b" />
      <TestMethod codeBase="E:/TeamCity_Data/Build/Sierra/src/FinOM/FinOM.Test/bin/Debug/FinOM.Test.DLL" adapterTypeName="Microsoft.VisualStudio.TestTools.TestTypes.Unit.UnitTestAdapter, Microsoft.VisualStudio.QualityTools.Tips.UnitTest.Adapter, Version=10.0.0.0, Culture=neutral, PublicKeyToken=b03f5f7f11d50a3a" className="FinOM.Test.TS.Core.RunningUnaryTimeSeriesExprTests, FinOM.Test, Version=1.0.0.0, Culture=neutral, PublicKeyToken=null" name="RSumTest" />
    </UnitTest>
    <UnitTest name="BestBidDealers" storage="e:\teamcity_data\build\sierra\src\finom\finom.test\bin\debug\finom.test.dll" id="5fffcc90-36c1-e8ac-6dd4-6d55979e6985">
      <Execution timeOut="100000" id="cb71d78d-8443-4dec-90ea-064bafa98daf" />
      <TestMethod codeBase="E:/TeamCity_Data/Build/Sierra/src/FinOM/FinOM.Test/bin/Debug/FinOM.Test.DLL" adapterTypeName="Microsoft.VisualStudio.TestTools.TestTypes.Unit.UnitTestAdapter, Microsoft.VisualStudio.QualityTools.Tips.UnitTest.Adapter, Version=10.0.0.0, Culture=neutral, PublicKeyToken=b03f5f7f11d50a3a" className="FinOM.Test.Credit.CDOTrancheTest, FinOM.Test, Version=1.0.0.0, Culture=neutral, PublicKeyToken=null" name="BestBidDealers" />
    </UnitTest>
    <UnitTest name="BasicFiscalQuarter2" storage="e:\teamcity_data\build\sierra\src\finom\finom.test\bin\debug\finom.test.dll" id="2d5f3e1f-36f2-8fad-2be4-4bd9fdf0107c">
      <Execution id="d29382b2-e7b6-4022-be81-a32763211a41" />
      <TestMethod codeBase="E:/TeamCity_Data/Build/Sierra/src/FinOM/FinOM.Test/bin/Debug/FinOM.Test.DLL" adapterTypeName="Microsoft.VisualStudio.TestTools.TestTypes.Unit.UnitTestAdapter, Microsoft.VisualStudio.QualityTools.Tips.UnitTest.Adapter, Version=10.0.0.0, Culture=neutral, PublicKeyToken=b03f5f7f11d50a3a" className="FinOM.Analytics.Test.FinancialPeriodTests, FinOM.Test, Version=1.0.0.0, Culture=neutral, PublicKeyToken=null" name="BasicFiscalQuarter2" />
    </UnitTest>
    <UnitTest name="FrameCellTranscribe" storage="e:\teamcity_data\build\sierra\src\finom\finom.test\bin\debug\finom.test.dll" id="7fef6279-2d18-72aa-adc7-cf170a2dae54">
      <Execution id="9b59dfad-810d-419b-ab31-24172f1b3795" />
      <TestMethod codeBase="E:/TeamCity_Data/Build/Sierra/src/FinOM/FinOM.Test/bin/Debug/FinOM.Test.DLL" adapterTypeName="Microsoft.VisualStudio.TestTools.TestTypes.Unit.UnitTestAdapter, Microsoft.VisualStudio.QualityTools.Tips.UnitTest.Adapter, Version=10.0.0.0, Culture=neutral, PublicKeyToken=b03f5f7f11d50a3a" className="FinOM.Core.Test.FrameTest, FinOM.Test, Version=1.0.0.0, Culture=neutral, PublicKeyToken=null" name="FrameCellTranscribe" />
    </UnitTest>
    <UnitTest name="IndexerOutOfBoundsTest" storage="e:\teamcity_data\build\sierra\src\finom\finom.test\bin\debug\finom.test.dll" id="f8058fb1-f9a0-ac88-e4f8-17b16c9b46f7">
      <Execution id="4ebd6e90-9577-49eb-8afb-805b7c79abb3" />
      <TestMethod codeBase="E:/TeamCity_Data/Build/Sierra/src/FinOM/FinOM.Test/bin/Debug/FinOM.Test.DLL" adapterTypeName="Microsoft.VisualStudio.TestTools.TestTypes.Unit.UnitTestAdapter, Microsoft.VisualStudio.QualityTools.Tips.UnitTest.Adapter, Version=10.0.0.0, Culture=neutral, PublicKeyToken=b03f5f7f11d50a3a" className="FinOM.Test.TS.Core.IntradayOfWorkdayTimelineTests, FinOM.Test, Version=1.0.0.0, Culture=neutral, PublicKeyToken=null" name="IndexerOutOfBoundsTest" />
    </UnitTest>
    <UnitTest name="IntersectionOfUnionTest" storage="e:\teamcity_data\build\sierra\src\finom\finom.test\bin\debug\finom.test.dll" id="f7c6ec76-bb0e-a00b-4485-3e632b83b746">
      <Execution id="645f0239-6177-474d-a8d3-8420f222788a" />
      <TestMethod codeBase="E:/TeamCity_Data/Build/Sierra/src/FinOM/FinOM.Test/bin/Debug/FinOM.Test.DLL" adapterTypeName="Microsoft.VisualStudio.TestTools.TestTypes.Unit.UnitTestAdapter, Microsoft.VisualStudio.QualityTools.Tips.UnitTest.Adapter, Version=10.0.0.0, Culture=neutral, PublicKeyToken=b03f5f7f11d50a3a" className="FinOM.Test.TS.Core.RandomMixedCombinedTimelinesTests, FinOM.Test, Version=1.0.0.0, Culture=neutral, PublicKeyToken=null" name="IntersectionOfUnionTest" />
    </UnitTest>
    <UnitTest name="QVIntradayLoadableSeriesInvalidSeniorityTest" storage="e:\teamcity_data\build\sierra\src\finom\finom.test\bin\debug\finom.test.dll" id="a1d71891-9435-5227-23e4-842f7c4356e7">
      <Execution id="f96b800b-ac2d-4cdd-ac72-988c4613f37a" />
      <TestMethod codeBase="E:/TeamCity_Data/Build/Sierra/src/FinOM/FinOM.Test/bin/Debug/FinOM.Test.DLL" adapterTypeName="Microsoft.VisualStudio.TestTools.TestTypes.Unit.UnitTestAdapter, Microsoft.VisualStudio.QualityTools.Tips.UnitTest.Adapter, Version=10.0.0.0, Culture=neutral, PublicKeyToken=b03f5f7f11d50a3a" className="FinOM.Test.TS.Data.QVLoadableSeriesTests, FinOM.Test, Version=1.0.0.0, Culture=neutral, PublicKeyToken=null" name="QVIntradayLoadableSeriesInvalidSeniorityTest" />
    </UnitTest>
    <UnitTest name="RecurringTimelineCreationPerformanceTest" storage="e:\teamcity_data\build\sierra\src\finom\finom.test\bin\debug\finom.test.dll" id="e83e4620-a5b8-c98e-6085-dddfdf70e496">
      <Execution id="1f361348-dd0e-42f3-b4ca-87304b882086" />
      <TestMethod codeBase="E:/TeamCity_Data/Build/Sierra/src/FinOM/FinOM.Test/bin/Debug/FinOM.Test.DLL" adapterTypeName="Microsoft.VisualStudio.TestTools.TestTypes.Unit.UnitTestAdapter, Microsoft.VisualStudio.QualityTools.Tips.UnitTest.Adapter, Version=10.0.0.0, Culture=neutral, PublicKeyToken=b03f5f7f11d50a3a" className="FinOM.Test.TS.Core.RecurringTimelineCreationPermormanceTests, FinOM.Test, Version=1.0.0.0, Culture=neutral, PublicKeyToken=null" name="RecurringTimelineCreationPerformanceTest" />
    </UnitTest>
    <UnitTest name="SubTimelineSegmentTest" storage="e:\teamcity_data\build\sierra\src\finom\finom.test\bin\debug\finom.test.dll" id="9fe842fe-07e3-5cd5-4665-a69db3cff9ec">
      <Execution id="3b1239f6-7a56-448d-aae3-a26b95233dc4" />
      <TestMethod codeBase="E:/TeamCity_Data/Build/Sierra/src/FinOM/FinOM.Test/bin/Debug/FinOM.Test.DLL" adapterTypeName="Microsoft.VisualStudio.TestTools.TestTypes.Unit.UnitTestAdapter, Microsoft.VisualStudio.QualityTools.Tips.UnitTest.Adapter, Version=10.0.0.0, Culture=neutral, PublicKeyToken=b03f5f7f11d50a3a" className="FinOM.Test.TS.Core.IntradayOfWeekdayWithCutTimelineTests, FinOM.Test, Version=1.0.0.0, Culture=neutral, PublicKeyToken=null" name="SubTimelineSegmentTest" />
    </UnitTest>
    <UnitTest name="AddViaCellNameWithCells" storage="e:\teamcity_data\build\sierra\src\finom\finom.test\bin\debug\finom.test.dll" id="4b1d139a-9c91-21b0-6ea1-d66d4039feab">
      <Execution id="ad80511a-e5f6-4f3b-884b-4b5c65c3ea80" />
      <TestMethod codeBase="E:/TeamCity_Data/Build/Sierra/src/FinOM/FinOM.Test/bin/Debug/FinOM.Test.DLL" adapterTypeName="Microsoft.VisualStudio.TestTools.TestTypes.Unit.UnitTestAdapter, Microsoft.VisualStudio.QualityTools.Tips.UnitTest.Adapter, Version=10.0.0.0, Culture=neutral, PublicKeyToken=b03f5f7f11d50a3a" className="FinOM.Test.Cells.CellMathTests, FinOM.Test, Version=1.0.0.0, Culture=neutral, PublicKeyToken=null" name="AddViaCellNameWithCells" />
    </UnitTest>
    <UnitTest name="CDSPriceTestPartStub" storage="e:\teamcity_data\build\sierra\src\finom\finom.test\bin\debug\finom.test.dll" id="5d5f3c08-73ff-3b4d-9a42-176c496de203">
      <Execution id="8befaf9b-8be5-4b19-b262-f7c95e1a2083" />
      <TestMethod codeBase="E:/TeamCity_Data/Build/Sierra/src/FinOM/FinOM.Test/bin/Debug/FinOM.Test.DLL" adapterTypeName="Microsoft.VisualStudio.TestTools.TestTypes.Unit.UnitTestAdapter, Microsoft.VisualStudio.QualityTools.Tips.UnitTest.Adapter, Version=10.0.0.0, Culture=neutral, PublicKeyToken=b03f5f7f11d50a3a" className="FinOM.Test.Data.TradeConsolidatorTest, FinOM.Test, Version=1.0.0.0, Culture=neutral, PublicKeyToken=null" name="CDSPriceTestPartStub" />
    </UnitTest>
    <UnitTest name="AddViaCell2Long" storage="e:\teamcity_data\build\sierra\src\finom\finom.test\bin\debug\finom.test.dll" id="c7fd62a7-03ba-c742-7c95-60a68017581a">
      <Execution id="a94350f6-6332-4cfb-b9be-841a20b6d380" />
      <TestMethod codeBase="E:/TeamCity_Data/Build/Sierra/src/FinOM/FinOM.Test/bin/Debug/FinOM.Test.DLL" adapterTypeName="Microsoft.VisualStudio.TestTools.TestTypes.Unit.UnitTestAdapter, Microsoft.VisualStudio.QualityTools.Tips.UnitTest.Adapter, Version=10.0.0.0, Culture=neutral, PublicKeyToken=b03f5f7f11d50a3a" className="FinOM.Test.Cells.CellMathTests, FinOM.Test, Version=1.0.0.0, Culture=neutral, PublicKeyToken=null" name="AddViaCell2Long" />
    </UnitTest>
    <UnitTest name="TimeIndexCeilingSegmentTest" storage="e:\teamcity_data\build\sierra\src\finom\finom.test\bin\debug\finom.test.dll" id="a878df53-5b07-9641-4fb8-e642408904bd">
      <Execution id="61770282-fced-4014-b45a-ed7f62cb7499" />
      <TestMethod codeBase="E:/TeamCity_Data/Build/Sierra/src/FinOM/FinOM.Test/bin/Debug/FinOM.Test.DLL" adapterTypeName="Microsoft.VisualStudio.TestTools.TestTypes.Unit.UnitTestAdapter, Microsoft.VisualStudio.QualityTools.Tips.UnitTest.Adapter, Version=10.0.0.0, Culture=neutral, PublicKeyToken=b03f5f7f11d50a3a" className="FinOM.Test.TS.Core.IntradayOfWeekdayWithCutTimelineTests, FinOM.Test, Version=1.0.0.0, Culture=neutral, PublicKeyToken=null" name="TimeIndexCeilingSegmentTest" />
    </UnitTest>
    <UnitTest name="LogBTest" storage="e:\teamcity_data\build\sierra\src\finom\finom.test\bin\debug\finom.test.dll" id="f33471ab-574c-52c0-ebe9-79105e4f9830">
      <Execution id="ff47891d-9e73-4158-a46c-998144bb4d7b" />
      <TestMethod codeBase="E:/TeamCity_Data/Build/Sierra/src/FinOM/FinOM.Test/bin/Debug/FinOM.Test.DLL" adapterTypeName="Microsoft.VisualStudio.TestTools.TestTypes.Unit.UnitTestAdapter, Microsoft.VisualStudio.QualityTools.Tips.UnitTest.Adapter, Version=10.0.0.0, Culture=neutral, PublicKeyToken=b03f5f7f11d50a3a" className="FinOM.Test.TS.Core.MathTimeSeriesExprTests, FinOM.Test, Version=1.0.0.0, Culture=neutral, PublicKeyToken=null" name="LogBTest" />
    </UnitTest>
    <UnitTest name="BasicFiscalQuarter" storage="e:\teamcity_data\build\sierra\src\finom\finom.test\bin\debug\finom.test.dll" id="daf4b2aa-01bc-d072-0062-ff26ce538558">
      <Execution id="4c66df5a-549b-4700-9f41-bd03d74c4b4b" />
      <TestMethod codeBase="E:/TeamCity_Data/Build/Sierra/src/FinOM/FinOM.Test/bin/Debug/FinOM.Test.DLL" adapterTypeName="Microsoft.VisualStudio.TestTools.TestTypes.Unit.UnitTestAdapter, Microsoft.VisualStudio.QualityTools.Tips.UnitTest.Adapter, Version=10.0.0.0, Culture=neutral, PublicKeyToken=b03f5f7f11d50a3a" className="FinOM.Analytics.Test.FinancialPeriodTests, FinOM.Test, Version=1.0.0.0, Culture=neutral, PublicKeyToken=null" name="BasicFiscalQuarter" />
    </UnitTest>
    <UnitTest name="Log10Test" storage="e:\teamcity_data\build\sierra\src\finom\finom.test\bin\debug\finom.test.dll" id="cc48ac03-1aaa-7e22-e482-576e7a70089f">
      <Execution id="cf240674-e361-41c4-9bd8-df6d5cefff68" />
      <TestMethod codeBase="E:/TeamCity_Data/Build/Sierra/src/FinOM/FinOM.Test/bin/Debug/FinOM.Test.DLL" adapterTypeName="Microsoft.VisualStudio.TestTools.TestTypes.Unit.UnitTestAdapter, Microsoft.VisualStudio.QualityTools.Tips.UnitTest.Adapter, Version=10.0.0.0, Culture=neutral, PublicKeyToken=b03f5f7f11d50a3a" className="FinOM.Test.TS.Core.MathTimeSeriesExprTests, FinOM.Test, Version=1.0.0.0, Culture=neutral, PublicKeyToken=null" name="Log10Test" />
    </UnitTest>
    <UnitTest name="TestA" storage="e:\teamcity_data\build\sierra\src\finom\finom.test\bin\debug\finom.test.dll" id="a0227952-4edd-1762-2a05-7b8c1519e533">
      <Execution id="98d3df2d-585c-4bf9-8d79-04f623112439" />
      <TestMethod codeBase="E:/TeamCity_Data/Build/Sierra/src/FinOM/FinOM.Test/bin/Debug/FinOM.Test.DLL" adapterTypeName="Microsoft.VisualStudio.TestTools.TestTypes.Unit.UnitTestAdapter, Microsoft.VisualStudio.QualityTools.Tips.UnitTest.Adapter, Version=10.0.0.0, Culture=neutral, PublicKeyToken=b03f5f7f11d50a3a" className="FinOM.Test.TS.Core.ConstantTimeSeriesExprTests, FinOM.Test, Version=1.0.0.0, Culture=neutral, PublicKeyToken=null" name="TestA" />
    </UnitTest>
    <UnitTest name="TimePointsTest" storage="e:\teamcity_data\build\sierra\src\finom\finom.test\bin\debug\finom.test.dll" id="3a9d0875-a352-4b06-541a-1f81d79ce8a9">
      <Execution id="99c30f81-109f-41c8-82a1-addf9ae2455c" />
      <TestMethod codeBase="E:/TeamCity_Data/Build/Sierra/src/FinOM/FinOM.Test/bin/Debug/FinOM.Test.DLL" adapterTypeName="Microsoft.VisualStudio.TestTools.TestTypes.Unit.UnitTestAdapter, Microsoft.VisualStudio.QualityTools.Tips.UnitTest.Adapter, Version=10.0.0.0, Culture=neutral, PublicKeyToken=b03f5f7f11d50a3a" className="FinOM.Test.TS.Core.OffsetOfExplicitTimelineTests, FinOM.Test, Version=1.0.0.0, Culture=neutral, PublicKeyToken=null" name="TimePointsTest" />
    </UnitTest>
    <UnitTest name="AggregateTest" storage="e:\teamcity_data\build\sierra\src\finom\finom.test\bin\debug\finom.test.dll" id="eb8a9bcb-9d44-dcaa-ba3c-41b86e18a018">
      <Execution id="b963718b-4ef8-4349-8466-36cdca92b436" />
      <TestMethod codeBase="E:/TeamCity_Data/Build/Sierra/src/FinOM/FinOM.Test/bin/Debug/FinOM.Test.DLL" adapterTypeName="Microsoft.VisualStudio.TestTools.TestTypes.Unit.UnitTestAdapter, Microsoft.VisualStudio.QualityTools.Tips.UnitTest.Adapter, Version=10.0.0.0, Culture=neutral, PublicKeyToken=b03f5f7f11d50a3a" className="FinOM.Test.TS.Core.AggregateTimeSeriesTests, FinOM.Test, Version=1.0.0.0, Culture=neutral, PublicKeyToken=null" name="AggregateTest" />
    </UnitTest>
    <UnitTest name="GuideOfDifferenceTest" storage="e:\teamcity_data\build\sierra\src\finom\finom.test\bin\debug\finom.test.dll" id="099b76bc-4013-bfeb-079a-cabd09766cc2">
      <Execution id="d1d1a81f-103f-4652-85a3-a2ac9b137811" />
      <TestMethod codeBase="E:/TeamCity_Data/Build/Sierra/src/FinOM/FinOM.Test/bin/Debug/FinOM.Test.DLL" adapterTypeName="Microsoft.VisualStudio.TestTools.TestTypes.Unit.UnitTestAdapter, Microsoft.VisualStudio.QualityTools.Tips.UnitTest.Adapter, Version=10.0.0.0, Culture=neutral, PublicKeyToken=b03f5f7f11d50a3a" className="FinOM.Test.TS.Core.StepsMixedCombinedTimelinesTests, FinOM.Test, Version=1.0.0.0, Culture=neutral, PublicKeyToken=null" name="GuideOfDifferenceTest" />
    </UnitTest>
    <UnitTest name="Test1" storage="e:\teamcity_data\build\sierra\src\finom\finom.test\bin\debug\finom.test.dll" id="760562e5-970f-ddbc-7eb6-7fbac947f6f9">
      <Execution id="f89b4dd0-d26f-44f8-9a50-8f9a439b5be6" />
      <TestMethod codeBase="E:/TeamCity_Data/Build/Sierra/src/FinOM/FinOM.Test/bin/Debug/FinOM.Test.DLL" adapterTypeName="Microsoft.VisualStudio.TestTools.TestTypes.Unit.UnitTestAdapter, Microsoft.VisualStudio.QualityTools.Tips.UnitTest.Adapter, Version=10.0.0.0, Culture=neutral, PublicKeyToken=b03f5f7f11d50a3a" className="FinOM.Test.TS.Tool.DateSpecTests, FinOM.Test, Version=1.0.0.0, Culture=neutral, PublicKeyToken=null" name="Test1" />
    </UnitTest>
    <UnitTest name="IndexerOutOfBoundsTest" storage="e:\teamcity_data\build\sierra\src\finom\finom.test\bin\debug\finom.test.dll" id="eeec48f2-dbf5-bef0-1f47-9e146825f890">
      <Execution id="9a5e4bc5-6ded-4ed5-8021-0fd3343e2973" />
      <TestMethod codeBase="E:/TeamCity_Data/Build/Sierra/src/FinOM/FinOM.Test/bin/Debug/FinOM.Test.DLL" adapterTypeName="Microsoft.VisualStudio.TestTools.TestTypes.Unit.UnitTestAdapter, Microsoft.VisualStudio.QualityTools.Tips.UnitTest.Adapter, Version=10.0.0.0, Culture=neutral, PublicKeyToken=b03f5f7f11d50a3a" className="FinOM.Test.TS.Core.OffsetOfExplicitTimelineTests, FinOM.Test, Version=1.0.0.0, Culture=neutral, PublicKeyToken=null" name="IndexerOutOfBoundsTest" />
    </UnitTest>
    <UnitTest name="ListCellTest" storage="e:\teamcity_data\build\sierra\src\finom\finom.test\bin\debug\finom.test.dll" id="9e5433a4-b1f7-13d2-46ae-d5df723efaa7">
      <Execution id="c3fcc668-a651-44e7-a6b8-316931fa0100" />
      <TestMethod codeBase="E:/TeamCity_Data/Build/Sierra/src/FinOM/FinOM.Test/bin/Debug/FinOM.Test.DLL" adapterTypeName="Microsoft.VisualStudio.TestTools.TestTypes.Unit.UnitTestAdapter, Microsoft.VisualStudio.QualityTools.Tips.UnitTest.Adapter, Version=10.0.0.0, Culture=neutral, PublicKeyToken=b03f5f7f11d50a3a" className="FinOM.Test.Cells.CellTest, FinOM.Test, Version=1.0.0.0, Culture=neutral, PublicKeyToken=null" name="ListCellTest" />
    </UnitTest>
    <UnitTest name="FillMiddleWaterSparseMemorySimpleRetrieve" storage="e:\teamcity_data\build\sierra\src\finom\finom.test\bin\debug\finom.test.dll" id="9d67a721-180d-f1cc-7cbd-23dfad3547cf">
      <Execution id="34edbc44-afa3-4f6d-ae06-6057edeef32f" />
      <TestMethod codeBase="E:/TeamCity_Data/Build/Sierra/src/FinOM/FinOM.Test/bin/Debug/FinOM.Test.DLL" adapterTypeName="Microsoft.VisualStudio.TestTools.TestTypes.Unit.UnitTestAdapter, Microsoft.VisualStudio.QualityTools.Tips.UnitTest.Adapter, Version=10.0.0.0, Culture=neutral, PublicKeyToken=b03f5f7f11d50a3a" className="FinOM.Core.Test.SparseDataTests, FinOM.Test, Version=1.0.0.0, Culture=neutral, PublicKeyToken=null" name="FillMiddleWaterSparseMemorySimpleRetrieve" />
    </UnitTest>
    <UnitTest name="BinaryGuide1Test" storage="e:\teamcity_data\build\sierra\src\finom\finom.test\bin\debug\finom.test.dll" id="1b5d08a6-6bca-f2e2-bb30-653743b01ed9">
      <Execution id="ca8ee9e3-a2ad-4e99-a438-8bbbacedb481" />
      <TestMethod codeBase="E:/TeamCity_Data/Build/Sierra/src/FinOM/FinOM.Test/bin/Debug/FinOM.Test.DLL" adapterTypeName="Microsoft.VisualStudio.TestTools.TestTypes.Unit.UnitTestAdapter, Microsoft.VisualStudio.QualityTools.Tips.UnitTest.Adapter, Version=10.0.0.0, Culture=neutral, PublicKeyToken=b03f5f7f11d50a3a" className="FinOM.Test.TS.Core.BinaryExpectedCombinedTimelinesTests, FinOM.Test, Version=1.0.0.0, Culture=neutral, PublicKeyToken=null" name="BinaryGuide1Test" />
    </UnitTest>
    <UnitTest name="AnnuityDeltaPricerTest" storage="e:\teamcity_data\build\sierra\src\finom\finom.test\bin\debug\finom.test.dll" id="1099d207-526b-e145-56f2-6c35be921da2">
      <Execution timeOut="100000" id="876f5623-738a-401a-93c9-ebd683855d83" />
      <TestMethod codeBase="E:/TeamCity_Data/Build/Sierra/src/FinOM/FinOM.Test/bin/Debug/FinOM.Test.DLL" adapterTypeName="Microsoft.VisualStudio.TestTools.TestTypes.Unit.UnitTestAdapter, Microsoft.VisualStudio.QualityTools.Tips.UnitTest.Adapter, Version=10.0.0.0, Culture=neutral, PublicKeyToken=b03f5f7f11d50a3a" className="FinOM.Test.Credit.CDOTrancheTest, FinOM.Test, Version=1.0.0.0, Culture=neutral, PublicKeyToken=null" name="AnnuityDeltaPricerTest" />
    </UnitTest>
    <UnitTest name="ExpOfTimeTest" storage="e:\teamcity_data\build\sierra\src\finom\finom.test\bin\debug\finom.test.dll" id="535a9524-e413-7138-4f8a-1efef2b275d9">
      <Execution id="5920f352-a6a1-43d4-8e96-27862e6d03ae" />
      <TestMethod codeBase="E:/TeamCity_Data/Build/Sierra/src/FinOM/FinOM.Test/bin/Debug/FinOM.Test.DLL" adapterTypeName="Microsoft.VisualStudio.TestTools.TestTypes.Unit.UnitTestAdapter, Microsoft.VisualStudio.QualityTools.Tips.UnitTest.Adapter, Version=10.0.0.0, Culture=neutral, PublicKeyToken=b03f5f7f11d50a3a" className="FinOM.Test.TS.Core.FunctionOfTimeTests, FinOM.Test, Version=1.0.0.0, Culture=neutral, PublicKeyToken=null" name="ExpOfTimeTest" />
    </UnitTest>
    <UnitTest name="CountTest" storage="e:\teamcity_data\build\sierra\src\finom\finom.test\bin\debug\finom.test.dll" id="7391e35a-c105-f98c-19c9-74dae8447229">
      <Execution id="318de11a-d4dd-4419-8060-b6bfd5d12924" />
      <TestMethod codeBase="E:/TeamCity_Data/Build/Sierra/src/FinOM/FinOM.Test/bin/Debug/FinOM.Test.DLL" adapterTypeName="Microsoft.VisualStudio.TestTools.TestTypes.Unit.UnitTestAdapter, Microsoft.VisualStudio.QualityTools.Tips.UnitTest.Adapter, Version=10.0.0.0, Culture=neutral, PublicKeyToken=b03f5f7f11d50a3a" className="FinOM.Test.TS.Core.IntradayOfWeekdayTimelineTests, FinOM.Test, Version=1.0.0.0, Culture=neutral, PublicKeyToken=null" name="CountTest" />
    </UnitTest>
    <UnitTest name="TestD" storage="e:\teamcity_data\build\sierra\src\finom\finom.test\bin\debug\finom.test.dll" id="83aa7bd5-361d-c7ff-b67e-9cc57dbb61d9">
      <Execution id="b320ca62-aff3-46b2-880a-30a21324a6b9" />
      <TestMethod codeBase="E:/TeamCity_Data/Build/Sierra/src/FinOM/FinOM.Test/bin/Debug/FinOM.Test.DLL" adapterTypeName="Microsoft.VisualStudio.TestTools.TestTypes.Unit.UnitTestAdapter, Microsoft.VisualStudio.QualityTools.Tips.UnitTest.Adapter, Version=10.0.0.0, Culture=neutral, PublicKeyToken=b03f5f7f11d50a3a" className="FinOM.Test.TS.Core.ConstantTimeSeriesExprTests, FinOM.Test, Version=1.0.0.0, Culture=neutral, PublicKeyToken=null" name="TestD" />
    </UnitTest>
    <UnitTest name="CountTest" storage="e:\teamcity_data\build\sierra\src\finom\finom.test\bin\debug\finom.test.dll" id="4ea9fff4-4f4c-9a15-1a84-103805e53cc8">
      <Execution id="98a86b65-0734-4c12-9f44-b317fe256cf2" />
      <TestMethod codeBase="E:/TeamCity_Data/Build/Sierra/src/FinOM/FinOM.Test/bin/Debug/FinOM.Test.DLL" adapterTypeName="Microsoft.VisualStudio.TestTools.TestTypes.Unit.UnitTestAdapter, Microsoft.VisualStudio.QualityTools.Tips.UnitTest.Adapter, Version=10.0.0.0, Culture=neutral, PublicKeyToken=b03f5f7f11d50a3a" className="FinOM.Test.TS.Core.OffsetOfRecurringTimelineTests, FinOM.Test, Version=1.0.0.0, Culture=neutral, PublicKeyToken=null" name="CountTest" />
    </UnitTest>
    <UnitTest name="PriceCleanAccruedTest" storage="e:\teamcity_data\build\sierra\src\finom\finom.test\bin\debug\finom.test.dll" id="051108cf-a2b6-645a-f3ab-915c798f307c">
      <Execution id="a8a35183-213d-4ebd-becd-1a9125bd172e" />
      <TestMethod codeBase="E:/TeamCity_Data/Build/Sierra/src/FinOM/FinOM.Test/bin/Debug/FinOM.Test.DLL" adapterTypeName="Microsoft.VisualStudio.TestTools.TestTypes.Unit.UnitTestAdapter, Microsoft.VisualStudio.QualityTools.Tips.UnitTest.Adapter, Version=10.0.0.0, Culture=neutral, PublicKeyToken=b03f5f7f11d50a3a" className="FinOM.Test.Credit.BondTest, FinOM.Test, Version=1.0.0.0, Culture=neutral, PublicKeyToken=null" name="PriceCleanAccruedTest" />
    </UnitTest>
    <UnitTest name="TestSharedBaseScenario" storage="e:\teamcity_data\build\sierra\src\finom\finom.test\bin\debug\finom.test.dll" id="6bc44f20-7197-6959-e859-267a05a0f58c">
      <Execution id="6cc623bf-a3d4-42a0-86f0-743f6e2e8df9" />
      <TestMethod codeBase="E:/TeamCity_Data/Build/Sierra/src/FinOM/FinOM.Test/bin/Debug/FinOM.Test.DLL" adapterTypeName="Microsoft.VisualStudio.TestTools.TestTypes.Unit.UnitTestAdapter, Microsoft.VisualStudio.QualityTools.Tips.UnitTest.Adapter, Version=10.0.0.0, Culture=neutral, PublicKeyToken=b03f5f7f11d50a3a" className="FinOM.Test.Cells.AnonymousCellTests, FinOM.Test, Version=1.0.0.0, Culture=neutral, PublicKeyToken=null" name="TestSharedBaseScenario" />
    </UnitTest>
    <UnitTest name="EquivalentGridNoopTest" storage="e:\teamcity_data\build\sierra\src\finom\finom.test\bin\debug\finom.test.dll" id="a5e262d0-5a15-65a2-5c65-af1e24f4a18c">
      <Execution id="a0e063cc-8c7b-4d53-a9d5-93dc411c7a0f" />
      <TestMethod codeBase="E:/TeamCity_Data/Build/Sierra/src/FinOM/FinOM.Test/bin/Debug/FinOM.Test.DLL" adapterTypeName="Microsoft.VisualStudio.TestTools.TestTypes.Unit.UnitTestAdapter, Microsoft.VisualStudio.QualityTools.Tips.UnitTest.Adapter, Version=10.0.0.0, Culture=neutral, PublicKeyToken=b03f5f7f11d50a3a" className="FinOM.Test.FinanceScenarios.FixedLossGridTest, FinOM.Test, Version=1.0.0.0, Culture=neutral, PublicKeyToken=null" name="EquivalentGridNoopTest" />
    </UnitTest>
    <UnitTest name="LogTest" storage="e:\teamcity_data\build\sierra\src\finom\finom.test\bin\debug\finom.test.dll" id="0bc0e625-3760-3795-2258-56cc6bb79887">
      <Execution id="f1a672ef-5b6b-4b23-bc0a-d79d080e4ba5" />
      <TestMethod codeBase="E:/TeamCity_Data/Build/Sierra/src/FinOM/FinOM.Test/bin/Debug/FinOM.Test.DLL" adapterTypeName="Microsoft.VisualStudio.TestTools.TestTypes.Unit.UnitTestAdapter, Microsoft.VisualStudio.QualityTools.Tips.UnitTest.Adapter, Version=10.0.0.0, Culture=neutral, PublicKeyToken=b03f5f7f11d50a3a" className="FinOM.Test.TS.Core.MathTimeSeriesExprTests, FinOM.Test, Version=1.0.0.0, Culture=neutral, PublicKeyToken=null" name="LogTest" />
    </UnitTest>
    <UnitTest name="NowTest" storage="e:\teamcity_data\build\sierra\src\finom\finom.test\bin\debug\finom.test.dll" id="bfa8dbb7-f978-2353-9ae3-514e3bd83c2d">
      <Execution id="76f72699-e7bd-4c3c-84f7-e2313144cd0d" />
      <TestMethod codeBase="E:/TeamCity_Data/Build/Sierra/src/FinOM/FinOM.Test/bin/Debug/FinOM.Test.DLL" adapterTypeName="Microsoft.VisualStudio.TestTools.TestTypes.Unit.UnitTestAdapter, Microsoft.VisualStudio.QualityTools.Tips.UnitTest.Adapter, Version=10.0.0.0, Culture=neutral, PublicKeyToken=b03f5f7f11d50a3a" className="FinOM.Test.TS.Core.DateTimeTimeSeriesExprTests, FinOM.Test, Version=1.0.0.0, Culture=neutral, PublicKeyToken=null" name="NowTest" />
    </UnitTest>
    <UnitTest name="IndexOfNonExistingTest" storage="e:\teamcity_data\build\sierra\src\finom\finom.test\bin\debug\finom.test.dll" id="0e31c927-ac48-17c6-a42a-a31ee18c8e6a">
      <Execution id="cb34606c-47b3-4d17-bf3e-1028de49b989" />
      <TestMethod codeBase="E:/TeamCity_Data/Build/Sierra/src/FinOM/FinOM.Test/bin/Debug/FinOM.Test.DLL" adapterTypeName="Microsoft.VisualStudio.TestTools.TestTypes.Unit.UnitTestAdapter, Microsoft.VisualStudio.QualityTools.Tips.UnitTest.Adapter, Version=10.0.0.0, Culture=neutral, PublicKeyToken=b03f5f7f11d50a3a" className="FinOM.Test.TS.Core.IntradayOfWorkdayTimelineTests, FinOM.Test, Version=1.0.0.0, Culture=neutral, PublicKeyToken=null" name="IndexOfNonExistingTest" />
    </UnitTest>
    <UnitTest name="TestRecursion" storage="e:\teamcity_data\build\sierra\src\finom\finom.test\bin\debug\finom.test.dll" id="c085c843-d6e3-8cee-075b-a1b7e1d18f0a">
      <Execution id="39fdeb3c-f53c-4356-b3fb-2a2dcc672665" />
      <TestMethod codeBase="E:/TeamCity_Data/Build/Sierra/src/FinOM/FinOM.Test/bin/Debug/FinOM.Test.DLL" adapterTypeName="Microsoft.VisualStudio.TestTools.TestTypes.Unit.UnitTestAdapter, Microsoft.VisualStudio.QualityTools.Tips.UnitTest.Adapter, Version=10.0.0.0, Culture=neutral, PublicKeyToken=b03f5f7f11d50a3a" className="FinOM.Test.Cells.AnonymousCellTests, FinOM.Test, Version=1.0.0.0, Culture=neutral, PublicKeyToken=null" name="TestRecursion" />
    </UnitTest>
    <UnitTest name="AddCellStrings" storage="e:\teamcity_data\build\sierra\src\finom\finom.test\bin\debug\finom.test.dll" id="771c7ab5-bdf7-91fd-8317-ecd71491c6b3">
      <Execution id="d1282308-e71a-4066-977c-f4ee3217210c" />
      <TestMethod codeBase="E:/TeamCity_Data/Build/Sierra/src/FinOM/FinOM.Test/bin/Debug/FinOM.Test.DLL" adapterTypeName="Microsoft.VisualStudio.TestTools.TestTypes.Unit.UnitTestAdapter, Microsoft.VisualStudio.QualityTools.Tips.UnitTest.Adapter, Version=10.0.0.0, Culture=neutral, PublicKeyToken=b03f5f7f11d50a3a" className="FinOM.Test.Cells.CellMathTests, FinOM.Test, Version=1.0.0.0, Culture=neutral, PublicKeyToken=null" name="AddCellStrings" />
    </UnitTest>
    <UnitTest name="SubTimelineIndirectTest" storage="e:\teamcity_data\build\sierra\src\finom\finom.test\bin\debug\finom.test.dll" id="864469ba-f84e-d345-4fd2-982a278c0f75">
      <Execution id="968174e8-8f97-4f9f-b9cd-f34f8bfae1d4" />
      <TestMethod codeBase="E:/TeamCity_Data/Build/Sierra/src/FinOM/FinOM.Test/bin/Debug/FinOM.Test.DLL" adapterTypeName="Microsoft.VisualStudio.TestTools.TestTypes.Unit.UnitTestAdapter, Microsoft.VisualStudio.QualityTools.Tips.UnitTest.Adapter, Version=10.0.0.0, Culture=neutral, PublicKeyToken=b03f5f7f11d50a3a" className="FinOM.Test.TS.Core.OffsetOfRecurringTimelineTests, FinOM.Test, Version=1.0.0.0, Culture=neutral, PublicKeyToken=null" name="SubTimelineIndirectTest" />
    </UnitTest>
    <UnitTest name="Counterparty" storage="e:\teamcity_data\build\sierra\src\finom\finom.test\bin\debug\finom.test.dll" id="4a220124-1aab-92c1-497d-dce9654f0061">
      <Execution id="71ec4ea0-e001-4567-b820-92a3b0b68000" />
      <TestMethod codeBase="E:/TeamCity_Data/Build/Sierra/src/FinOM/FinOM.Test/bin/Debug/FinOM.Test.DLL" adapterTypeName="Microsoft.VisualStudio.TestTools.TestTypes.Unit.UnitTestAdapter, Microsoft.VisualStudio.QualityTools.Tips.UnitTest.Adapter, Version=10.0.0.0, Culture=neutral, PublicKeyToken=b03f5f7f11d50a3a" className="FinOM.Analytics.Test.TransactionTests, FinOM.Test, Version=1.0.0.0, Culture=neutral, PublicKeyToken=null" name="Counterparty" />
    </UnitTest>
    <UnitTest name="TimeIndexCeilingSegmentTest" storage="e:\teamcity_data\build\sierra\src\finom\finom.test\bin\debug\finom.test.dll" id="c2945a20-4457-882f-5426-efae069d43fe">
      <Execution id="d5256bc9-3fc3-4a4d-add1-09c838d227f1" />
      <TestMethod codeBase="E:/TeamCity_Data/Build/Sierra/src/FinOM/FinOM.Test/bin/Debug/FinOM.Test.DLL" adapterTypeName="Microsoft.VisualStudio.TestTools.TestTypes.Unit.UnitTestAdapter, Microsoft.VisualStudio.QualityTools.Tips.UnitTest.Adapter, Version=10.0.0.0, Culture=neutral, PublicKeyToken=b03f5f7f11d50a3a" className="FinOM.Test.TS.Core.OffsetOfRecurringTimelineTests, FinOM.Test, Version=1.0.0.0, Culture=neutral, PublicKeyToken=null" name="TimeIndexCeilingSegmentTest" />
    </UnitTest>
    <UnitTest name="CountTest" storage="e:\teamcity_data\build\sierra\src\finom\finom.test\bin\debug\finom.test.dll" id="0fa1da25-b697-6c88-e55f-6aecc3eda9dc">
      <Execution id="ddd7b774-f5a6-47fa-8bae-8b002f2886b6" />
      <TestMethod codeBase="E:/TeamCity_Data/Build/Sierra/src/FinOM/FinOM.Test/bin/Debug/FinOM.Test.DLL" adapterTypeName="Microsoft.VisualStudio.TestTools.TestTypes.Unit.UnitTestAdapter, Microsoft.VisualStudio.QualityTools.Tips.UnitTest.Adapter, Version=10.0.0.0, Culture=neutral, PublicKeyToken=b03f5f7f11d50a3a" className="FinOM.Test.TS.Core.ScalarUnaryTimeSeriesExprTests, FinOM.Test, Version=1.0.0.0, Culture=neutral, PublicKeyToken=null" name="CountTest" />
    </UnitTest>
    <UnitTest name="VarTest" storage="e:\teamcity_data\build\sierra\src\finom\finom.test\bin\debug\finom.test.dll" id="0e9afad3-0074-7b22-e1cb-ce65edf1654c">
      <Execution id="40981c0a-afa5-4a34-9714-57525a57f0ef" />
      <TestMethod codeBase="E:/TeamCity_Data/Build/Sierra/src/FinOM/FinOM.Test/bin/Debug/FinOM.Test.DLL" adapterTypeName="Microsoft.VisualStudio.TestTools.TestTypes.Unit.UnitTestAdapter, Microsoft.VisualStudio.QualityTools.Tips.UnitTest.Adapter, Version=10.0.0.0, Culture=neutral, PublicKeyToken=b03f5f7f11d50a3a" className="FinOM.Test.TS.Core.ScalarUnaryTimeSeriesExprTests, FinOM.Test, Version=1.0.0.0, Culture=neutral, PublicKeyToken=null" name="VarTest" />
    </UnitTest>
    <UnitTest name="BasicCorpFiscalYearConstantDate" storage="e:\teamcity_data\build\sierra\src\finom\finom.test\bin\debug\finom.test.dll" id="84ef99a1-3b2b-8fc4-3d6d-3baffadc04d1">
      <Execution id="2a7240f2-0593-43f7-8c01-3b1dfd3b56e2" />
      <TestMethod codeBase="E:/TeamCity_Data/Build/Sierra/src/FinOM/FinOM.Test/bin/Debug/FinOM.Test.DLL" adapterTypeName="Microsoft.VisualStudio.TestTools.TestTypes.Unit.UnitTestAdapter, Microsoft.VisualStudio.QualityTools.Tips.UnitTest.Adapter, Version=10.0.0.0, Culture=neutral, PublicKeyToken=b03f5f7f11d50a3a" className="FinOM.Analytics.Test.FinancialStatementTests, FinOM.Test, Version=1.0.0.0, Culture=neutral, PublicKeyToken=null" name="BasicCorpFiscalYearConstantDate" />
    </UnitTest>
    <UnitTest name="Fill2WaterSparseMemorySimpleRetrieve" storage="e:\teamcity_data\build\sierra\src\finom\finom.test\bin\debug\finom.test.dll" id="9579628e-d9f4-3be4-30c2-455d7fb11ae8">
      <Execution id="33bdddf5-d9fb-4cb3-b12b-0e5b4da27ac4" />
      <TestMethod codeBase="E:/TeamCity_Data/Build/Sierra/src/FinOM/FinOM.Test/bin/Debug/FinOM.Test.DLL" adapterTypeName="Microsoft.VisualStudio.TestTools.TestTypes.Unit.UnitTestAdapter, Microsoft.VisualStudio.QualityTools.Tips.UnitTest.Adapter, Version=10.0.0.0, Culture=neutral, PublicKeyToken=b03f5f7f11d50a3a" className="FinOM.Core.Test.SparseDataTests, FinOM.Test, Version=1.0.0.0, Culture=neutral, PublicKeyToken=null" name="Fill2WaterSparseMemorySimpleRetrieve" />
    </UnitTest>
    <UnitTest name="AddViaCellUsingLocalInternalCells" storage="e:\teamcity_data\build\sierra\src\finom\finom.test\bin\debug\finom.test.dll" id="40e37ac8-898a-a00a-a798-01e9a36dc1b7">
      <Execution id="e7304218-a7d5-451f-9da8-ebc59d8d2aed" />
      <TestMethod codeBase="E:/TeamCity_Data/Build/Sierra/src/FinOM/FinOM.Test/bin/Debug/FinOM.Test.DLL" adapterTypeName="Microsoft.VisualStudio.TestTools.TestTypes.Unit.UnitTestAdapter, Microsoft.VisualStudio.QualityTools.Tips.UnitTest.Adapter, Version=10.0.0.0, Culture=neutral, PublicKeyToken=b03f5f7f11d50a3a" className="FinOM.Test.Cells.CellMathTests, FinOM.Test, Version=1.0.0.0, Culture=neutral, PublicKeyToken=null" name="AddViaCellUsingLocalInternalCells" />
    </UnitTest>
    <UnitTest name="SymDiffTest" storage="e:\teamcity_data\build\sierra\src\finom\finom.test\bin\debug\finom.test.dll" id="d956c3d1-e9e2-1f76-bb79-27ccda8b2914">
      <Execution id="3b5c953e-876e-4141-9be3-bfab57f6f4d5" />
      <TestMethod codeBase="E:/TeamCity_Data/Build/Sierra/src/FinOM/FinOM.Test/bin/Debug/FinOM.Test.DLL" adapterTypeName="Microsoft.VisualStudio.TestTools.TestTypes.Unit.UnitTestAdapter, Microsoft.VisualStudio.QualityTools.Tips.UnitTest.Adapter, Version=10.0.0.0, Culture=neutral, PublicKeyToken=b03f5f7f11d50a3a" className="FinOM.Test.TS.Core.SingularExpectedCombinedTimelinesTests, FinOM.Test, Version=1.0.0.0, Culture=neutral, PublicKeyToken=null" name="SymDiffTest" />
    </UnitTest>
    <UnitTest name="IndexerOutOfBoundsTest" storage="e:\teamcity_data\build\sierra\src\finom\finom.test\bin\debug\finom.test.dll" id="1e43a2e9-eeca-dea3-3cdf-284fe0212674">
      <Execution id="f97cd361-b9e7-44da-acaf-65348621827e" />
      <TestMethod codeBase="E:/TeamCity_Data/Build/Sierra/src/FinOM/FinOM.Test/bin/Debug/FinOM.Test.DLL" adapterTypeName="Microsoft.VisualStudio.TestTools.TestTypes.Unit.UnitTestAdapter, Microsoft.VisualStudio.QualityTools.Tips.UnitTest.Adapter, Version=10.0.0.0, Culture=neutral, PublicKeyToken=b03f5f7f11d50a3a" className="FinOM.Test.TS.Core.SegmentOfExplicitTimelineTests, FinOM.Test, Version=1.0.0.0, Culture=neutral, PublicKeyToken=null" name="IndexerOutOfBoundsTest" />
    </UnitTest>
    <UnitTest name="IndexerTest" storage="e:\teamcity_data\build\sierra\src\finom\finom.test\bin\debug\finom.test.dll" id="8b76427f-27a3-6e35-0873-de1da22de56b">
      <Execution id="4927b8e0-16c1-4170-be9f-85da9f25c1da" />
      <TestMethod codeBase="E:/TeamCity_Data/Build/Sierra/src/FinOM/FinOM.Test/bin/Debug/FinOM.Test.DLL" adapterTypeName="Microsoft.VisualStudio.TestTools.TestTypes.Unit.UnitTestAdapter, Microsoft.VisualStudio.QualityTools.Tips.UnitTest.Adapter, Version=10.0.0.0, Culture=neutral, PublicKeyToken=b03f5f7f11d50a3a" className="FinOM.Test.TS.Core.IntradayOfWeekdayTimelineTests, FinOM.Test, Version=1.0.0.0, Culture=neutral, PublicKeyToken=null" name="IndexerTest" />
    </UnitTest>
    <UnitTest name="BondTypesTest" storage="e:\teamcity_data\build\sierra\src\finom\finom.test\bin\debug\finom.test.dll" id="32dd3bf4-b133-5262-0bd0-92a78aa5df88">
      <Execution id="1b32fbb7-90fc-4553-983f-cc9fb6e3cea4" />
      <TestMethod codeBase="E:/TeamCity_Data/Build/Sierra/src/FinOM/FinOM.Test/bin/Debug/FinOM.Test.DLL" adapterTypeName="Microsoft.VisualStudio.TestTools.TestTypes.Unit.UnitTestAdapter, Microsoft.VisualStudio.QualityTools.Tips.UnitTest.Adapter, Version=10.0.0.0, Culture=neutral, PublicKeyToken=b03f5f7f11d50a3a" className="FinOM.Test.Credit.BondTypesTests, FinOM.Test, Version=1.0.0.0, Culture=neutral, PublicKeyToken=null" name="BondTypesTest" />
    </UnitTest>
    <UnitTest name="DifferenceTest" storage="e:\teamcity_data\build\sierra\src\finom\finom.test\bin\debug\finom.test.dll" id="e5702c16-f1e0-d44f-2c35-7259e26b426f">
      <Execution id="6312c6ba-c364-4cec-81bb-c311f8338a7e" />
      <TestMethod codeBase="E:/TeamCity_Data/Build/Sierra/src/FinOM/FinOM.Test/bin/Debug/FinOM.Test.DLL" adapterTypeName="Microsoft.VisualStudio.TestTools.TestTypes.Unit.UnitTestAdapter, Microsoft.VisualStudio.QualityTools.Tips.UnitTest.Adapter, Version=10.0.0.0, Culture=neutral, PublicKeyToken=b03f5f7f11d50a3a" className="FinOM.Test.TS.Core.RandomBlindCombinedTimelinesTests, FinOM.Test, Version=1.0.0.0, Culture=neutral, PublicKeyToken=null" name="DifferenceTest" />
    </UnitTest>
    <UnitTest name="AbsTest" storage="e:\teamcity_data\build\sierra\src\finom\finom.test\bin\debug\finom.test.dll" id="48d7b94e-573d-7820-6cba-e665c7a566ed">
      <Execution id="1e381684-56ab-49d1-9166-237b5d9e1793" />
      <TestMethod codeBase="E:/TeamCity_Data/Build/Sierra/src/FinOM/FinOM.Test/bin/Debug/FinOM.Test.DLL" adapterTypeName="Microsoft.VisualStudio.TestTools.TestTypes.Unit.UnitTestAdapter, Microsoft.VisualStudio.QualityTools.Tips.UnitTest.Adapter, Version=10.0.0.0, Culture=neutral, PublicKeyToken=b03f5f7f11d50a3a" className="FinOM.Test.TS.Core.MathTimeSeriesExprTests, FinOM.Test, Version=1.0.0.0, Culture=neutral, PublicKeyToken=null" name="AbsTest" />
    </UnitTest>
    <UnitTest name="CellPrecedentTest" storage="e:\teamcity_data\build\sierra\src\finom\finom.test\bin\debug\finom.test.dll" id="2714daf3-ba85-2fcb-5f2f-d3b46e9aa47a">
      <Execution id="7e0f8072-182d-4eda-9703-400cead6557a" />
      <TestMethod codeBase="E:/TeamCity_Data/Build/Sierra/src/FinOM/FinOM.Test/bin/Debug/FinOM.Test.DLL" adapterTypeName="Microsoft.VisualStudio.TestTools.TestTypes.Unit.UnitTestAdapter, Microsoft.VisualStudio.QualityTools.Tips.UnitTest.Adapter, Version=10.0.0.0, Culture=neutral, PublicKeyToken=b03f5f7f11d50a3a" className="FinOM.Test.Cells.CellTest, FinOM.Test, Version=1.0.0.0, Culture=neutral, PublicKeyToken=null" name="CellPrecedentTest" />
    </UnitTest>
    <UnitTest name="TimePointsSameTest" storage="e:\teamcity_data\build\sierra\src\finom\finom.test\bin\debug\finom.test.dll" id="6c2c0fa4-44f6-eba7-22a9-19b7bd4deb94">
      <Execution id="683d8420-d94b-42a4-9f55-1421bd63608f" />
      <TestMethod codeBase="E:/TeamCity_Data/Build/Sierra/src/FinOM/FinOM.Test/bin/Debug/FinOM.Test.DLL" adapterTypeName="Microsoft.VisualStudio.TestTools.TestTypes.Unit.UnitTestAdapter, Microsoft.VisualStudio.QualityTools.Tips.UnitTest.Adapter, Version=10.0.0.0, Culture=neutral, PublicKeyToken=b03f5f7f11d50a3a" className="FinOM.Test.TS.Core.ExplicitTimelineTests, FinOM.Test, Version=1.0.0.0, Culture=neutral, PublicKeyToken=null" name="TimePointsSameTest" />
    </UnitTest>
    <UnitTest name="BinaryGuide2Test" storage="e:\teamcity_data\build\sierra\src\finom\finom.test\bin\debug\finom.test.dll" id="77b80d29-2945-f0db-b88d-006e32161d64">
      <Execution id="05cc1842-bd91-4d8b-a580-6572aed46f8d" />
      <TestMethod codeBase="E:/TeamCity_Data/Build/Sierra/src/FinOM/FinOM.Test/bin/Debug/FinOM.Test.DLL" adapterTypeName="Microsoft.VisualStudio.TestTools.TestTypes.Unit.UnitTestAdapter, Microsoft.VisualStudio.QualityTools.Tips.UnitTest.Adapter, Version=10.0.0.0, Culture=neutral, PublicKeyToken=b03f5f7f11d50a3a" className="FinOM.Test.TS.Core.BinaryExpectedCombinedTimelinesTests, FinOM.Test, Version=1.0.0.0, Culture=neutral, PublicKeyToken=null" name="BinaryGuide2Test" />
    </UnitTest>
    <UnitTest name="TimeIndexFloorTest" storage="e:\teamcity_data\build\sierra\src\finom\finom.test\bin\debug\finom.test.dll" id="19e6506f-607b-e125-c6ec-83233becc68b">
      <Execution id="a1e1922b-c3ab-4162-acc5-f08947ea4d51" />
      <TestMethod codeBase="E:/TeamCity_Data/Build/Sierra/src/FinOM/FinOM.Test/bin/Debug/FinOM.Test.DLL" adapterTypeName="Microsoft.VisualStudio.TestTools.TestTypes.Unit.UnitTestAdapter, Microsoft.VisualStudio.QualityTools.Tips.UnitTest.Adapter, Version=10.0.0.0, Culture=neutral, PublicKeyToken=b03f5f7f11d50a3a" className="FinOM.Test.TS.Core.OffsetOfRecurringTimelineTests, FinOM.Test, Version=1.0.0.0, Culture=neutral, PublicKeyToken=null" name="TimeIndexFloorTest" />
    </UnitTest>
    <UnitTest name="SumTest" storage="e:\teamcity_data\build\sierra\src\finom\finom.test\bin\debug\finom.test.dll" id="77157c15-2ec2-03e4-c18d-12572d0de6d0">
      <Execution id="c229c25b-eae3-417f-a7f3-82359dac58f5" />
      <TestMethod codeBase="E:/TeamCity_Data/Build/Sierra/src/FinOM/FinOM.Test/bin/Debug/FinOM.Test.DLL" adapterTypeName="Microsoft.VisualStudio.TestTools.TestTypes.Unit.UnitTestAdapter, Microsoft.VisualStudio.QualityTools.Tips.UnitTest.Adapter, Version=10.0.0.0, Culture=neutral, PublicKeyToken=b03f5f7f11d50a3a" className="FinOM.Test.TS.Core.MovingUnaryTimeSeriesExprTests, FinOM.Test, Version=1.0.0.0, Culture=neutral, PublicKeyToken=null" name="SumTest" />
    </UnitTest>
    <UnitTest name="VarTest" storage="e:\teamcity_data\build\sierra\src\finom\finom.test\bin\debug\finom.test.dll" id="685a9311-1b13-36db-2436-03793072ff2f">
      <Execution id="8583228e-27fb-4764-a0f5-f98d85a4cdbc" />
      <TestMethod codeBase="E:/TeamCity_Data/Build/Sierra/src/FinOM/FinOM.Test/bin/Debug/FinOM.Test.DLL" adapterTypeName="Microsoft.VisualStudio.TestTools.TestTypes.Unit.UnitTestAdapter, Microsoft.VisualStudio.QualityTools.Tips.UnitTest.Adapter, Version=10.0.0.0, Culture=neutral, PublicKeyToken=b03f5f7f11d50a3a" className="FinOM.Test.TS.Core.MovingUnaryTimeSeriesExprTests, FinOM.Test, Version=1.0.0.0, Culture=neutral, PublicKeyToken=null" name="VarTest" />
    </UnitTest>
    <UnitTest name="StDevTest" storage="e:\teamcity_data\build\sierra\src\finom\finom.test\bin\debug\finom.test.dll" id="82e3d9db-1107-7bff-e6f0-79973cd4fad6">
      <Execution id="115d594e-b6e2-40c2-ac69-5aecc8bbafe3" />
      <TestMethod codeBase="E:/TeamCity_Data/Build/Sierra/src/FinOM/FinOM.Test/bin/Debug/FinOM.Test.DLL" adapterTypeName="Microsoft.VisualStudio.TestTools.TestTypes.Unit.UnitTestAdapter, Microsoft.VisualStudio.QualityTools.Tips.UnitTest.Adapter, Version=10.0.0.0, Culture=neutral, PublicKeyToken=b03f5f7f11d50a3a" className="FinOM.Test.TS.Core.ScalarUnaryTimeSeriesExprTests, FinOM.Test, Version=1.0.0.0, Culture=neutral, PublicKeyToken=null" name="StDevTest" />
    </UnitTest>
    <UnitTest name="BestDealerBidAcrossDates" storage="e:\teamcity_data\build\sierra\src\finom\finom.test\bin\debug\finom.test.dll" id="966655b0-213e-561b-084b-4013a5557e8b">
      <Execution id="ccd1265e-4cad-426b-9634-ba402fcac814" />
      <TestMethod codeBase="E:/TeamCity_Data/Build/Sierra/src/FinOM/FinOM.Test/bin/Debug/FinOM.Test.DLL" adapterTypeName="Microsoft.VisualStudio.TestTools.TestTypes.Unit.UnitTestAdapter, Microsoft.VisualStudio.QualityTools.Tips.UnitTest.Adapter, Version=10.0.0.0, Culture=neutral, PublicKeyToken=b03f5f7f11d50a3a" className="FinOM.Test.Credit.CDOTrancheTest, FinOM.Test, Version=1.0.0.0, Culture=neutral, PublicKeyToken=null" name="BestDealerBidAcrossDates" />
    </UnitTest>
    <UnitTest name="TimePointsTest" storage="e:\teamcity_data\build\sierra\src\finom\finom.test\bin\debug\finom.test.dll" id="cd3962ea-e4f4-03fd-c9f4-a9a058c847d2">
      <Execution id="8be90ada-f4a3-437e-8302-b3094830e607" />
      <TestMethod codeBase="E:/TeamCity_Data/Build/Sierra/src/FinOM/FinOM.Test/bin/Debug/FinOM.Test.DLL" adapterTypeName="Microsoft.VisualStudio.TestTools.TestTypes.Unit.UnitTestAdapter, Microsoft.VisualStudio.QualityTools.Tips.UnitTest.Adapter, Version=10.0.0.0, Culture=neutral, PublicKeyToken=b03f5f7f11d50a3a" className="FinOM.Test.TS.Core.IntradayOfWeekdayWithCutTimelineTests, FinOM.Test, Version=1.0.0.0, Culture=neutral, PublicKeyToken=null" name="TimePointsTest" />
    </UnitTest>
    <UnitTest name="TimeIndexFloorSegmentTest" storage="e:\teamcity_data\build\sierra\src\finom\finom.test\bin\debug\finom.test.dll" id="aa0da893-be65-ef2a-6ca1-e5188bbf7966">
      <Execution id="2060ef5d-77ad-4d21-9912-f585631de6e2" />
      <TestMethod codeBase="E:/TeamCity_Data/Build/Sierra/src/FinOM/FinOM.Test/bin/Debug/FinOM.Test.DLL" adapterTypeName="Microsoft.VisualStudio.TestTools.TestTypes.Unit.UnitTestAdapter, Microsoft.VisualStudio.QualityTools.Tips.UnitTest.Adapter, Version=10.0.0.0, Culture=neutral, PublicKeyToken=b03f5f7f11d50a3a" className="FinOM.Test.TS.Core.IntradayOfWeekdayWithCutTimelineTests, FinOM.Test, Version=1.0.0.0, Culture=neutral, PublicKeyToken=null" name="TimeIndexFloorSegmentTest" />
    </UnitTest>
    <UnitTest name="Test2" storage="e:\teamcity_data\build\sierra\src\finom\finom.test\bin\debug\finom.test.dll" id="7d8ab1da-505d-b12e-33eb-ae1dcc985051">
      <Execution id="c8e030ed-e9db-47a8-9baa-56f0c3f1e23b" />
      <TestMethod codeBase="E:/TeamCity_Data/Build/Sierra/src/FinOM/FinOM.Test/bin/Debug/FinOM.Test.DLL" adapterTypeName="Microsoft.VisualStudio.TestTools.TestTypes.Unit.UnitTestAdapter, Microsoft.VisualStudio.QualityTools.Tips.UnitTest.Adapter, Version=10.0.0.0, Culture=neutral, PublicKeyToken=b03f5f7f11d50a3a" className="FinOM.Test.TS.Tool.DateSpecTests, FinOM.Test, Version=1.0.0.0, Culture=neutral, PublicKeyToken=null" name="Test2" />
    </UnitTest>
    <UnitTest name="EqualityTest" storage="e:\teamcity_data\build\sierra\src\finom\finom.test\bin\debug\finom.test.dll" id="474a0e53-8eba-7757-7b1f-213883737000">
      <Execution id="64ba6800-b134-42e9-bed7-c5aecc3990a5" />
      <TestMethod codeBase="E:/TeamCity_Data/Build/Sierra/src/FinOM/FinOM.Test/bin/Debug/FinOM.Test.DLL" adapterTypeName="Microsoft.VisualStudio.TestTools.TestTypes.Unit.UnitTestAdapter, Microsoft.VisualStudio.QualityTools.Tips.UnitTest.Adapter, Version=10.0.0.0, Culture=neutral, PublicKeyToken=b03f5f7f11d50a3a" className="FinOM.Test.Cells.CellTest, FinOM.Test, Version=1.0.0.0, Culture=neutral, PublicKeyToken=null" name="EqualityTest" />
    </UnitTest>
    <UnitTest name="AddViaLocalCellValues" storage="e:\teamcity_data\build\sierra\src\finom\finom.test\bin\debug\finom.test.dll" id="2f1888c6-75ca-795c-7721-3a3faab60d4b">
      <Execution id="6b23fe65-e58e-4137-8e55-33e6e426dfae" />
      <TestMethod codeBase="E:/TeamCity_Data/Build/Sierra/src/FinOM/FinOM.Test/bin/Debug/FinOM.Test.DLL" adapterTypeName="Microsoft.VisualStudio.TestTools.TestTypes.Unit.UnitTestAdapter, Microsoft.VisualStudio.QualityTools.Tips.UnitTest.Adapter, Version=10.0.0.0, Culture=neutral, PublicKeyToken=b03f5f7f11d50a3a" className="FinOM.Test.Cells.CellMathTests, FinOM.Test, Version=1.0.0.0, Culture=neutral, PublicKeyToken=null" name="AddViaLocalCellValues" />
    </UnitTest>
    <UnitTest name="TestConvertToUpfront" storage="e:\teamcity_data\build\sierra\src\finom\finom.test\bin\debug\finom.test.dll" id="ae83b2f3-3866-42e9-33a5-c6e30d5988df">
      <Execution id="305f32ef-df0d-447e-8547-4507104251e8" />
      <TestMethod codeBase="E:/TeamCity_Data/Build/Sierra/src/FinOM/FinOM.Test/bin/Debug/FinOM.Test.DLL" adapterTypeName="Microsoft.VisualStudio.TestTools.TestTypes.Unit.UnitTestAdapter, Microsoft.VisualStudio.QualityTools.Tips.UnitTest.Adapter, Version=10.0.0.0, Culture=neutral, PublicKeyToken=b03f5f7f11d50a3a" className="FinOM.Test.Credit.IsdaCdsModelTest, FinOM.Test, Version=1.0.0.0, Culture=neutral, PublicKeyToken=null" name="TestConvertToUpfront" />
    </UnitTest>
    <UnitTest name="ZeroRecoveryTest" storage="e:\teamcity_data\build\sierra\src\finom\finom.test\bin\debug\finom.test.dll" id="0c9faec8-55d4-29ed-16fd-670ec018350b">
      <Execution timeOut="10000" id="5feceefe-3e1b-476b-8983-8e8cae27876b" />
      <TestMethod codeBase="E:/TeamCity_Data/Build/Sierra/src/FinOM/FinOM.Test/bin/Debug/FinOM.Test.DLL" adapterTypeName="Microsoft.VisualStudio.TestTools.TestTypes.Unit.UnitTestAdapter, Microsoft.VisualStudio.QualityTools.Tips.UnitTest.Adapter, Version=10.0.0.0, Culture=neutral, PublicKeyToken=b03f5f7f11d50a3a" className="FinOM.Test.Credit.RecSwapTest, FinOM.Test, Version=1.0.0.0, Culture=neutral, PublicKeyToken=null" name="ZeroRecoveryTest" />
    </UnitTest>
    <UnitTest name="LossGridCorrelationShiftTest" storage="e:\teamcity_data\build\sierra\src\finom\finom.test\bin\debug\finom.test.dll" id="1f7b8ec4-646a-255d-0079-681250a3b2ad">
      <Execution id="80ad7970-41a6-4375-babd-06288c300765" />
      <TestMethod codeBase="E:/TeamCity_Data/Build/Sierra/src/FinOM/FinOM.Test/bin/Debug/FinOM.Test.DLL" adapterTypeName="Microsoft.VisualStudio.TestTools.TestTypes.Unit.UnitTestAdapter, Microsoft.VisualStudio.QualityTools.Tips.UnitTest.Adapter, Version=10.0.0.0, Culture=neutral, PublicKeyToken=b03f5f7f11d50a3a" className="FinOM.Test.FinanceScenarios.LossGridCorrelationParallelShiftSimpleTest, FinOM.Test, Version=1.0.0.0, Culture=neutral, PublicKeyToken=null" name="LossGridCorrelationShiftTest" />
    </UnitTest>
    <UnitTest name="QVIntradayAggregationExprHourlyTest" storage="e:\teamcity_data\build\sierra\src\finom\finom.test\bin\debug\finom.test.dll" id="5f567b55-534a-b970-2532-8daa7d17715c">
      <Execution id="e4a54a4a-2c36-4905-9e46-4ccb0bc1f116" />
      <TestMethod codeBase="E:/TeamCity_Data/Build/Sierra/src/FinOM/FinOM.Test/bin/Debug/FinOM.Test.DLL" adapterTypeName="Microsoft.VisualStudio.TestTools.TestTypes.Unit.UnitTestAdapter, Microsoft.VisualStudio.QualityTools.Tips.UnitTest.Adapter, Version=10.0.0.0, Culture=neutral, PublicKeyToken=b03f5f7f11d50a3a" className="FinOM.Test.TS.Data.QVLoadableSeriesTests, FinOM.Test, Version=1.0.0.0, Culture=neutral, PublicKeyToken=null" name="QVIntradayAggregationExprHourlyTest" />
    </UnitTest>
    <UnitTest name="MonotonicityTest" storage="e:\teamcity_data\build\sierra\src\finom\finom.test\bin\debug\finom.test.dll" id="922a37e8-1ac9-7af4-c398-e0bb1980a45f">
      <Execution timeOut="10000" id="e7ac5fc1-e8c2-4b75-b610-68d53392d01b" />
      <TestMethod codeBase="E:/TeamCity_Data/Build/Sierra/src/FinOM/FinOM.Test/bin/Debug/FinOM.Test.DLL" adapterTypeName="Microsoft.VisualStudio.TestTools.TestTypes.Unit.UnitTestAdapter, Microsoft.VisualStudio.QualityTools.Tips.UnitTest.Adapter, Version=10.0.0.0, Culture=neutral, PublicKeyToken=b03f5f7f11d50a3a" className="FinOM.Test.Credit.RecSwapTest, FinOM.Test, Version=1.0.0.0, Culture=neutral, PublicKeyToken=null" name="MonotonicityTest" />
    </UnitTest>
    <UnitTest name="AssignIntoDealerBids" storage="e:\teamcity_data\build\sierra\src\finom\finom.test\bin\debug\finom.test.dll" id="8b3b8370-d3ac-b49c-02cd-3ee26fb719c9">
      <Execution id="dcef8316-4b8b-40cf-8661-b8045dbcec50" />
      <TestMethod codeBase="E:/TeamCity_Data/Build/Sierra/src/FinOM/FinOM.Test/bin/Debug/FinOM.Test.DLL" adapterTypeName="Microsoft.VisualStudio.TestTools.TestTypes.Unit.UnitTestAdapter, Microsoft.VisualStudio.QualityTools.Tips.UnitTest.Adapter, Version=10.0.0.0, Culture=neutral, PublicKeyToken=b03f5f7f11d50a3a" className="FinOM.Test.Credit.CDOTrancheTest, FinOM.Test, Version=1.0.0.0, Culture=neutral, PublicKeyToken=null" name="AssignIntoDealerBids" />
    </UnitTest>
    <UnitTest name="TimeIndexFloorSegmentTest" storage="e:\teamcity_data\build\sierra\src\finom\finom.test\bin\debug\finom.test.dll" id="d4e2430f-d63f-eeea-a16b-a53a11a7785a">
      <Execution id="b2b972be-1945-4fc6-90ee-ef56c9f0ceea" />
      <TestMethod codeBase="E:/TeamCity_Data/Build/Sierra/src/FinOM/FinOM.Test/bin/Debug/FinOM.Test.DLL" adapterTypeName="Microsoft.VisualStudio.TestTools.TestTypes.Unit.UnitTestAdapter, Microsoft.VisualStudio.QualityTools.Tips.UnitTest.Adapter, Version=10.0.0.0, Culture=neutral, PublicKeyToken=b03f5f7f11d50a3a" className="FinOM.Test.TS.Core.SegmentOfExplicitTimelineTests, FinOM.Test, Version=1.0.0.0, Culture=neutral, PublicKeyToken=null" name="TimeIndexFloorSegmentTest" />
    </UnitTest>
    <UnitTest name="PriceNameTest" storage="e:\teamcity_data\build\sierra\src\finom\finom.test\bin\debug\finom.test.dll" id="7fb2abe9-2f9a-2ddf-29c6-f3e158898b30">
      <Execution id="96b63901-08af-4c0f-abfa-c8649318e58c" />
      <TestMethod codeBase="E:/TeamCity_Data/Build/Sierra/src/FinOM/FinOM.Test/bin/Debug/FinOM.Test.DLL" adapterTypeName="Microsoft.VisualStudio.TestTools.TestTypes.Unit.UnitTestAdapter, Microsoft.VisualStudio.QualityTools.Tips.UnitTest.Adapter, Version=10.0.0.0, Culture=neutral, PublicKeyToken=b03f5f7f11d50a3a" className="BM.FinOM.TestN.DividendSwapTest, FinOM.Test, Version=1.0.0.0, Culture=neutral, PublicKeyToken=null" name="PriceNameTest" />
    </UnitTest>
    <UnitTest name="Tree3X4CellTest" storage="e:\teamcity_data\build\sierra\src\finom\finom.test\bin\debug\finom.test.dll" id="c1d898b1-d79d-043a-f183-2eeb6f646487">
      <Execution id="b0c720eb-728f-49fd-aa48-1e3ed13b254e" />
      <TestMethod codeBase="E:/TeamCity_Data/Build/Sierra/src/FinOM/FinOM.Test/bin/Debug/FinOM.Test.DLL" adapterTypeName="Microsoft.VisualStudio.TestTools.TestTypes.Unit.UnitTestAdapter, Microsoft.VisualStudio.QualityTools.Tips.UnitTest.Adapter, Version=10.0.0.0, Culture=neutral, PublicKeyToken=b03f5f7f11d50a3a" className="FinOM.Test.Cells.ExhaustiveCellTests, FinOM.Test, Version=1.0.0.0, Culture=neutral, PublicKeyToken=null" name="Tree3X4CellTest" />
    </UnitTest>
    <UnitTest name="TimePointsTest" storage="e:\teamcity_data\build\sierra\src\finom\finom.test\bin\debug\finom.test.dll" id="3855a0e7-23d6-acbd-9154-5031ea0afa84">
      <Execution id="3cc500e0-1788-4672-b95a-b80cee166032" />
      <TestMethod codeBase="E:/TeamCity_Data/Build/Sierra/src/FinOM/FinOM.Test/bin/Debug/FinOM.Test.DLL" adapterTypeName="Microsoft.VisualStudio.TestTools.TestTypes.Unit.UnitTestAdapter, Microsoft.VisualStudio.QualityTools.Tips.UnitTest.Adapter, Version=10.0.0.0, Culture=neutral, PublicKeyToken=b03f5f7f11d50a3a" className="FinOM.Test.TS.Core.SegmentOfExplicitTimelineTests, FinOM.Test, Version=1.0.0.0, Culture=neutral, PublicKeyToken=null" name="TimePointsTest" />
    </UnitTest>
    <UnitTest name="IndexerOutOfBoundsTest" storage="e:\teamcity_data\build\sierra\src\finom\finom.test\bin\debug\finom.test.dll" id="edaa83d8-52c6-0b2b-eba7-180d60a2ac4b">
      <Execution id="7b30ad5a-9654-4001-86bb-58fb35d77441" />
      <TestMethod codeBase="E:/TeamCity_Data/Build/Sierra/src/FinOM/FinOM.Test/bin/Debug/FinOM.Test.DLL" adapterTypeName="Microsoft.VisualStudio.TestTools.TestTypes.Unit.UnitTestAdapter, Microsoft.VisualStudio.QualityTools.Tips.UnitTest.Adapter, Version=10.0.0.0, Culture=neutral, PublicKeyToken=b03f5f7f11d50a3a" className="FinOM.Test.TS.Core.IntradayOfWeekdayTimelineTests, FinOM.Test, Version=1.0.0.0, Culture=neutral, PublicKeyToken=null" name="IndexerOutOfBoundsTest" />
    </UnitTest>
    <UnitTest name="TimeIndexCeilingTest" storage="e:\teamcity_data\build\sierra\src\finom\finom.test\bin\debug\finom.test.dll" id="e6cc9f22-dfb1-0a92-d687-11628f5e25d6">
      <Execution id="db2f406d-1ce7-4c55-9dc7-efca2c9a6f48" />
      <TestMethod codeBase="E:/TeamCity_Data/Build/Sierra/src/FinOM/FinOM.Test/bin/Debug/FinOM.Test.DLL" adapterTypeName="Microsoft.VisualStudio.TestTools.TestTypes.Unit.UnitTestAdapter, Microsoft.VisualStudio.QualityTools.Tips.UnitTest.Adapter, Version=10.0.0.0, Culture=neutral, PublicKeyToken=b03f5f7f11d50a3a" className="FinOM.Test.TS.Core.IndirectOfRecurringTimelineTests, FinOM.Test, Version=1.0.0.0, Culture=neutral, PublicKeyToken=null" name="TimeIndexCeilingTest" />
    </UnitTest>
    <UnitTest name="FloorTest" storage="e:\teamcity_data\build\sierra\src\finom\finom.test\bin\debug\finom.test.dll" id="7f276281-d0bf-6985-080f-f278451cf2d8">
      <Execution id="ee3a32cf-f665-407e-810e-df76f93ca2ee" />
      <TestMethod codeBase="E:/TeamCity_Data/Build/Sierra/src/FinOM/FinOM.Test/bin/Debug/FinOM.Test.DLL" adapterTypeName="Microsoft.VisualStudio.TestTools.TestTypes.Unit.UnitTestAdapter, Microsoft.VisualStudio.QualityTools.Tips.UnitTest.Adapter, Version=10.0.0.0, Culture=neutral, PublicKeyToken=b03f5f7f11d50a3a" className="FinOM.Test.TS.Core.MathTimeSeriesExprTests, FinOM.Test, Version=1.0.0.0, Culture=neutral, PublicKeyToken=null" name="FloorTest" />
    </UnitTest>
    <UnitTest name="GetFundNamesTest" storage="e:\teamcity_data\build\sierra\src\finom\finom.test\bin\debug\finom.test.dll" id="bb4ae70a-7f90-6aed-bcdf-d8f057642e6e">
      <Execution id="56da6d6c-b19d-4770-b860-9c5d7cdb9807" />
      <TestMethod codeBase="E:/TeamCity_Data/Build/Sierra/src/FinOM/FinOM.Test/bin/Debug/FinOM.Test.DLL" adapterTypeName="Microsoft.VisualStudio.TestTools.TestTypes.Unit.UnitTestAdapter, Microsoft.VisualStudio.QualityTools.Tips.UnitTest.Adapter, Version=10.0.0.0, Culture=neutral, PublicKeyToken=b03f5f7f11d50a3a" className="FinOM.Test.Core.SierraDBReferenceDataTest, FinOM.Test, Version=1.0.0.0, Culture=neutral, PublicKeyToken=null" name="GetFundNamesTest" />
    </UnitTest>
    <UnitTest name="TestCashFlows" storage="e:\teamcity_data\build\sierra\src\finom\finom.test\bin\debug\finom.test.dll" id="c07e485a-ca38-247a-745d-cd074944d4bb">
      <Execution id="1b15c075-5dd2-4eec-bb8a-dab22728b1e8" />
      <TestMethod codeBase="E:/TeamCity_Data/Build/Sierra/src/FinOM/FinOM.Test/bin/Debug/FinOM.Test.DLL" adapterTypeName="Microsoft.VisualStudio.TestTools.TestTypes.Unit.UnitTestAdapter, Microsoft.VisualStudio.QualityTools.Tips.UnitTest.Adapter, Version=10.0.0.0, Culture=neutral, PublicKeyToken=b03f5f7f11d50a3a" className="FinOM.Test.Credit.IsdaCdsModelTest, FinOM.Test, Version=1.0.0.0, Culture=neutral, PublicKeyToken=null" name="TestCashFlows" />
    </UnitTest>
    <UnitTest name="EnumeratorTest" storage="e:\teamcity_data\build\sierra\src\finom\finom.test\bin\debug\finom.test.dll" id="ac000dac-9500-65f7-4c87-e917db49d1a8">
      <Execution id="f4bf51ed-5910-45ee-be27-098e0e9b7727" />
      <TestMethod codeBase="E:/TeamCity_Data/Build/Sierra/src/FinOM/FinOM.Test/bin/Debug/FinOM.Test.DLL" adapterTypeName="Microsoft.VisualStudio.TestTools.TestTypes.Unit.UnitTestAdapter, Microsoft.VisualStudio.QualityTools.Tips.UnitTest.Adapter, Version=10.0.0.0, Culture=neutral, PublicKeyToken=b03f5f7f11d50a3a" className="FinOM.Test.TS.Core.IntradayOfWorkdayWithCutTimelineTests, FinOM.Test, Version=1.0.0.0, Culture=neutral, PublicKeyToken=null" name="EnumeratorTest" />
    </UnitTest>
    <UnitTest name="BATest" storage="e:\teamcity_data\build\sierra\src\finom\finom.test\bin\debug\finom.test.dll" id="b4f2955b-712d-eaf8-091b-0983bc1a2056">
      <Execution id="1babe4c4-c435-4e8d-91b8-b0184152fdc9" />
      <TestMethod codeBase="E:/TeamCity_Data/Build/Sierra/src/FinOM/FinOM.Test/bin/Debug/FinOM.Test.DLL" adapterTypeName="Microsoft.VisualStudio.TestTools.TestTypes.Unit.UnitTestAdapter, Microsoft.VisualStudio.QualityTools.Tips.UnitTest.Adapter, Version=10.0.0.0, Culture=neutral, PublicKeyToken=b03f5f7f11d50a3a" className="FinOM.Test.TS.Core.SpliceTimeSeriesExprTests, FinOM.Test, Version=1.0.0.0, Culture=neutral, PublicKeyToken=null" name="BATest" />
    </UnitTest>
    <UnitTest name="SubTimelineIndirectTest" storage="e:\teamcity_data\build\sierra\src\finom\finom.test\bin\debug\finom.test.dll" id="256df41d-e4b6-8278-1a0b-0d6c8e72a1f5">
      <Execution id="e7f835f3-d6af-4150-bffd-ed0f1ca69046" />
      <TestMethod codeBase="E:/TeamCity_Data/Build/Sierra/src/FinOM/FinOM.Test/bin/Debug/FinOM.Test.DLL" adapterTypeName="Microsoft.VisualStudio.TestTools.TestTypes.Unit.UnitTestAdapter, Microsoft.VisualStudio.QualityTools.Tips.UnitTest.Adapter, Version=10.0.0.0, Culture=neutral, PublicKeyToken=b03f5f7f11d50a3a" className="FinOM.Test.TS.Core.IntradayOfWorkdayTimelineTests, FinOM.Test, Version=1.0.0.0, Culture=neutral, PublicKeyToken=null" name="SubTimelineIndirectTest" />
    </UnitTest>
    <UnitTest name="BinaryIntersectionTest" storage="e:\teamcity_data\build\sierra\src\finom\finom.test\bin\debug\finom.test.dll" id="086697ee-07c2-975e-c18c-2f1d6fbd948e">
      <Execution id="839d44ae-4e09-48db-98db-fcd47f1fe4e6" />
      <TestMethod codeBase="E:/TeamCity_Data/Build/Sierra/src/FinOM/FinOM.Test/bin/Debug/FinOM.Test.DLL" adapterTypeName="Microsoft.VisualStudio.TestTools.TestTypes.Unit.UnitTestAdapter, Microsoft.VisualStudio.QualityTools.Tips.UnitTest.Adapter, Version=10.0.0.0, Culture=neutral, PublicKeyToken=b03f5f7f11d50a3a" className="FinOM.Test.TS.Core.BinaryExpectedCombinedTimelinesTests, FinOM.Test, Version=1.0.0.0, Culture=neutral, PublicKeyToken=null" name="BinaryIntersectionTest" />
    </UnitTest>
    <UnitTest name="SumTest" storage="e:\teamcity_data\build\sierra\src\finom\finom.test\bin\debug\finom.test.dll" id="07e6664d-4d38-0f0a-a163-22ed0d0bc443">
      <Execution id="fcc75397-d2aa-4524-bc40-1d79a3dd5e67" />
      <TestMethod codeBase="E:/TeamCity_Data/Build/Sierra/src/FinOM/FinOM.Test/bin/Debug/FinOM.Test.DLL" adapterTypeName="Microsoft.VisualStudio.TestTools.TestTypes.Unit.UnitTestAdapter, Microsoft.VisualStudio.QualityTools.Tips.UnitTest.Adapter, Version=10.0.0.0, Culture=neutral, PublicKeyToken=b03f5f7f11d50a3a" className="FinOM.Test.TS.Core.ScalarUnaryTimeSeriesExprTests, FinOM.Test, Version=1.0.0.0, Culture=neutral, PublicKeyToken=null" name="SumTest" />
    </UnitTest>
    <UnitTest name="PermutationsTest" storage="e:\teamcity_data\build\sierra\src\finom\finom.test\bin\debug\finom.test.dll" id="f5ce8c00-1a47-8763-f87d-8c3dc0aadddb">
      <Execution id="817e96d7-fbad-4e40-b93f-a41c6feb7da3" />
      <TestMethod codeBase="E:/TeamCity_Data/Build/Sierra/src/FinOM/FinOM.Test/bin/Debug/FinOM.Test.DLL" adapterTypeName="Microsoft.VisualStudio.TestTools.TestTypes.Unit.UnitTestAdapter, Microsoft.VisualStudio.QualityTools.Tips.UnitTest.Adapter, Version=10.0.0.0, Culture=neutral, PublicKeyToken=b03f5f7f11d50a3a" className="FinOM.Test.Util.PermutationTests, FinOM.Test, Version=1.0.0.0, Culture=neutral, PublicKeyToken=null" name="PermutationsTest" />
    </UnitTest>
    <UnitTest name="NativeHandleTracerDeletePointerTest" storage="e:\teamcity_data\build\sierra\src\finom\finom.test\bin\debug\finom.test.dll" id="eb13b130-e64d-ae6d-93e0-fe6f0711e8de">
      <Execution id="234f6afa-5ab5-4b91-9f64-6c0d343d6183" />
      <TestMethod codeBase="E:/TeamCity_Data/Build/Sierra/src/FinOM/FinOM.Test/bin/Debug/FinOM.Test.DLL" adapterTypeName="Microsoft.VisualStudio.TestTools.TestTypes.Unit.UnitTestAdapter, Microsoft.VisualStudio.QualityTools.Tips.UnitTest.Adapter, Version=10.0.0.0, Culture=neutral, PublicKeyToken=b03f5f7f11d50a3a" className="FinOM.Test.FinanceAnalytics.TracerTest, FinOM.Test, Version=1.0.0.0, Culture=neutral, PublicKeyToken=null" name="NativeHandleTracerDeletePointerTest" />
    </UnitTest>
    <UnitTest name="NestedScenarioTest" storage="e:\teamcity_data\build\sierra\src\finom\finom.test\bin\debug\finom.test.dll" id="8dd4161e-45f4-4b33-e8af-8b95940eb9dd">
      <Execution id="44777337-e009-4c15-8851-a1de9afef7e5" />
      <TestMethod codeBase="E:/TeamCity_Data/Build/Sierra/src/FinOM/FinOM.Test/bin/Debug/FinOM.Test.DLL" adapterTypeName="Microsoft.VisualStudio.TestTools.TestTypes.Unit.UnitTestAdapter, Microsoft.VisualStudio.QualityTools.Tips.UnitTest.Adapter, Version=10.0.0.0, Culture=neutral, PublicKeyToken=b03f5f7f11d50a3a" className="FinOM.Test.Cells.CellTest, FinOM.Test, Version=1.0.0.0, Culture=neutral, PublicKeyToken=null" name="NestedScenarioTest" />
    </UnitTest>
    <UnitTest name="IndexOfNonExistingTest" storage="e:\teamcity_data\build\sierra\src\finom\finom.test\bin\debug\finom.test.dll" id="24f48970-9635-842f-4e02-9286cd1e59d1">
      <Execution id="6a861bfa-d9d1-4518-a0b0-6d14a1dc88d4" />
      <TestMethod codeBase="E:/TeamCity_Data/Build/Sierra/src/FinOM/FinOM.Test/bin/Debug/FinOM.Test.DLL" adapterTypeName="Microsoft.VisualStudio.TestTools.TestTypes.Unit.UnitTestAdapter, Microsoft.VisualStudio.QualityTools.Tips.UnitTest.Adapter, Version=10.0.0.0, Culture=neutral, PublicKeyToken=b03f5f7f11d50a3a" className="FinOM.Test.TS.Core.SegmentOfRecurringTimelineTests, FinOM.Test, Version=1.0.0.0, Culture=neutral, PublicKeyToken=null" name="IndexOfNonExistingTest" />
    </UnitTest>
    <UnitTest name="FilterUpDownTest" storage="e:\teamcity_data\build\sierra\src\finom\finom.test\bin\debug\finom.test.dll" id="6b682cae-23f0-71f0-3e05-47432832197a">
      <Execution id="4a8e6f62-1a5b-439c-847e-5590b398557a" />
      <TestMethod codeBase="E:/TeamCity_Data/Build/Sierra/src/FinOM/FinOM.Test/bin/Debug/FinOM.Test.DLL" adapterTypeName="Microsoft.VisualStudio.TestTools.TestTypes.Unit.UnitTestAdapter, Microsoft.VisualStudio.QualityTools.Tips.UnitTest.Adapter, Version=10.0.0.0, Culture=neutral, PublicKeyToken=b03f5f7f11d50a3a" className="FinOM.Test.TS.UseCases.IntradayTests, FinOM.Test, Version=1.0.0.0, Culture=neutral, PublicKeyToken=null" name="FilterUpDownTest" />
    </UnitTest>
    <UnitTest name="IndexOfNonExistingTest" storage="e:\teamcity_data\build\sierra\src\finom\finom.test\bin\debug\finom.test.dll" id="3c65a203-b4c1-12f4-7b31-606842ff64bf">
      <Execution id="6c3786b3-f295-44f7-90b7-e192e3154968" />
      <TestMethod codeBase="E:/TeamCity_Data/Build/Sierra/src/FinOM/FinOM.Test/bin/Debug/FinOM.Test.DLL" adapterTypeName="Microsoft.VisualStudio.TestTools.TestTypes.Unit.UnitTestAdapter, Microsoft.VisualStudio.QualityTools.Tips.UnitTest.Adapter, Version=10.0.0.0, Culture=neutral, PublicKeyToken=b03f5f7f11d50a3a" className="FinOM.Test.TS.Core.OffsetOfRecurringTimelineTests, FinOM.Test, Version=1.0.0.0, Culture=neutral, PublicKeyToken=null" name="IndexOfNonExistingTest" />
    </UnitTest>
    <UnitTest name="TimePointsTest" storage="e:\teamcity_data\build\sierra\src\finom\finom.test\bin\debug\finom.test.dll" id="d2882b8e-bf3e-89e0-0b5d-56e4f3b8835c">
      <Execution id="6f9772b5-aaeb-4957-ae50-bc76acd5bb65" />
      <TestMethod codeBase="E:/TeamCity_Data/Build/Sierra/src/FinOM/FinOM.Test/bin/Debug/FinOM.Test.DLL" adapterTypeName="Microsoft.VisualStudio.TestTools.TestTypes.Unit.UnitTestAdapter, Microsoft.VisualStudio.QualityTools.Tips.UnitTest.Adapter, Version=10.0.0.0, Culture=neutral, PublicKeyToken=b03f5f7f11d50a3a" className="FinOM.Test.TS.Core.IndirectOfRecurringTimelineTests, FinOM.Test, Version=1.0.0.0, Culture=neutral, PublicKeyToken=null" name="TimePointsTest" />
    </UnitTest>
    <UnitTest name="JumpRatingTranscription1" storage="e:\teamcity_data\build\sierra\src\finom\finom.test\bin\debug\finom.test.dll" id="c548a6ab-0bdf-a77c-364e-953fc74bc559">
      <Execution id="b1e1762b-8847-475b-888e-db6bc9744542" />
      <TestMethod codeBase="E:/TeamCity_Data/Build/Sierra/src/FinOM/FinOM.Test/bin/Debug/FinOM.Test.DLL" adapterTypeName="Microsoft.VisualStudio.TestTools.TestTypes.Unit.UnitTestAdapter, Microsoft.VisualStudio.QualityTools.Tips.UnitTest.Adapter, Version=10.0.0.0, Culture=neutral, PublicKeyToken=b03f5f7f11d50a3a" className="FinOM.Analytics.Test.JumpRatingTest, FinOM.Test, Version=1.0.0.0, Culture=neutral, PublicKeyToken=null" name="JumpRatingTranscription1" />
    </UnitTest>
    <UnitTest name="AvgTest" storage="e:\teamcity_data\build\sierra\src\finom\finom.test\bin\debug\finom.test.dll" id="e3724952-b9d8-0f28-f86a-173f43d084ea">
      <Execution id="62c2436f-2778-4ad9-9d8d-ac14cddd1924" />
      <TestMethod codeBase="E:/TeamCity_Data/Build/Sierra/src/FinOM/FinOM.Test/bin/Debug/FinOM.Test.DLL" adapterTypeName="Microsoft.VisualStudio.TestTools.TestTypes.Unit.UnitTestAdapter, Microsoft.VisualStudio.QualityTools.Tips.UnitTest.Adapter, Version=10.0.0.0, Culture=neutral, PublicKeyToken=b03f5f7f11d50a3a" className="FinOM.Test.TS.Core.MultiPointTimeSeriesExprTests, FinOM.Test, Version=1.0.0.0, Culture=neutral, PublicKeyToken=null" name="AvgTest" />
    </UnitTest>
    <UnitTest name="IntersectionOfDifferenceTest" storage="e:\teamcity_data\build\sierra\src\finom\finom.test\bin\debug\finom.test.dll" id="c7b5a6a7-e35c-2b25-a69a-80b98ec3bb5c">
      <Execution id="bbacdd20-2337-4ce9-8723-365ffb408e52" />
      <TestMethod codeBase="E:/TeamCity_Data/Build/Sierra/src/FinOM/FinOM.Test/bin/Debug/FinOM.Test.DLL" adapterTypeName="Microsoft.VisualStudio.TestTools.TestTypes.Unit.UnitTestAdapter, Microsoft.VisualStudio.QualityTools.Tips.UnitTest.Adapter, Version=10.0.0.0, Culture=neutral, PublicKeyToken=b03f5f7f11d50a3a" className="FinOM.Test.TS.Core.RandomMixedCombinedTimelinesTests, FinOM.Test, Version=1.0.0.0, Culture=neutral, PublicKeyToken=null" name="IntersectionOfDifferenceTest" />
    </UnitTest>
    <UnitTest name="IntradayTest" storage="e:\teamcity_data\build\sierra\src\finom\finom.test\bin\debug\finom.test.dll" id="99e6e34b-f2c0-5753-5a7a-38716d8673d5">
      <Execution id="57ebfd2d-bd81-4d1b-9d0c-f08bbea5d482" />
      <TestMethod codeBase="E:/TeamCity_Data/Build/Sierra/src/FinOM/FinOM.Test/bin/Debug/FinOM.Test.DLL" adapterTypeName="Microsoft.VisualStudio.TestTools.TestTypes.Unit.UnitTestAdapter, Microsoft.VisualStudio.QualityTools.Tips.UnitTest.Adapter, Version=10.0.0.0, Culture=neutral, PublicKeyToken=b03f5f7f11d50a3a" className="FinOM.Test.TS.Core.DailyRecurrenceTests, FinOM.Test, Version=1.0.0.0, Culture=neutral, PublicKeyToken=null" name="IntradayTest" />
    </UnitTest>
    <UnitTest name="DifferenceOfDifferenceTest" storage="e:\teamcity_data\build\sierra\src\finom\finom.test\bin\debug\finom.test.dll" id="e0fe8ce9-9670-58bb-3099-0658ba661921">
      <Execution id="d73042d2-749c-439d-bd64-38cc51533ba5" />
      <TestMethod codeBase="E:/TeamCity_Data/Build/Sierra/src/FinOM/FinOM.Test/bin/Debug/FinOM.Test.DLL" adapterTypeName="Microsoft.VisualStudio.TestTools.TestTypes.Unit.UnitTestAdapter, Microsoft.VisualStudio.QualityTools.Tips.UnitTest.Adapter, Version=10.0.0.0, Culture=neutral, PublicKeyToken=b03f5f7f11d50a3a" className="FinOM.Test.TS.Core.RandomMixedCombinedTimelinesTests, FinOM.Test, Version=1.0.0.0, Culture=neutral, PublicKeyToken=null" name="DifferenceOfDifferenceTest" />
    </UnitTest>
    <UnitTest name="ExcelToTimesTest" storage="e:\teamcity_data\build\sierra\src\finom\finom.test\bin\debug\finom.test.dll" id="74d374b0-0afe-bc44-b1bc-c99bdced40c8">
      <Execution id="61bbb257-75c1-472f-af13-ebd56e498327" />
      <TestMethod codeBase="E:/TeamCity_Data/Build/Sierra/src/FinOM/FinOM.Test/bin/Debug/FinOM.Test.DLL" adapterTypeName="Microsoft.VisualStudio.TestTools.TestTypes.Unit.UnitTestAdapter, Microsoft.VisualStudio.QualityTools.Tips.UnitTest.Adapter, Version=10.0.0.0, Culture=neutral, PublicKeyToken=b03f5f7f11d50a3a" className="FinOM.Test.TS.Util.TimeTests, FinOM.Test, Version=1.0.0.0, Culture=neutral, PublicKeyToken=null" name="ExcelToTimesTest" />
    </UnitTest>
    <UnitTest name="PgpFileEncryptArmouredTest" storage="e:\teamcity_data\build\sierra\src\finom\finom.test\bin\debug\finom.test.dll" id="f2ec3d63-1dbf-fe64-8eeb-bf3a6572dcc8">
      <Execution id="deb48ee5-848b-4314-8ec5-6bd58dd09a70" />
      <TestMethod codeBase="E:/TeamCity_Data/Build/Sierra/src/FinOM/FinOM.Test/bin/Debug/FinOM.Test.DLL" adapterTypeName="Microsoft.VisualStudio.TestTools.TestTypes.Unit.UnitTestAdapter, Microsoft.VisualStudio.QualityTools.Tips.UnitTest.Adapter, Version=10.0.0.0, Culture=neutral, PublicKeyToken=b03f5f7f11d50a3a" className="FinOM.Test.Util.PgpTest, FinOM.Test, Version=1.0.0.0, Culture=neutral, PublicKeyToken=null" name="PgpFileEncryptArmouredTest" />
    </UnitTest>
    <UnitTest name="TimePointsTest" storage="e:\teamcity_data\build\sierra\src\finom\finom.test\bin\debug\finom.test.dll" id="4c2cbadd-4740-5e21-ff8b-4396e2c8e428">
      <Execution id="f3c63340-c411-450e-a78d-ab9afd969a8e" />
      <TestMethod codeBase="E:/TeamCity_Data/Build/Sierra/src/FinOM/FinOM.Test/bin/Debug/FinOM.Test.DLL" adapterTypeName="Microsoft.VisualStudio.TestTools.TestTypes.Unit.UnitTestAdapter, Microsoft.VisualStudio.QualityTools.Tips.UnitTest.Adapter, Version=10.0.0.0, Culture=neutral, PublicKeyToken=b03f5f7f11d50a3a" className="FinOM.Test.TS.Core.OffsetOfRecurringTimelineTests, FinOM.Test, Version=1.0.0.0, Culture=neutral, PublicKeyToken=null" name="TimePointsTest" />
    </UnitTest>
    <UnitTest name="QueryById" storage="e:\teamcity_data\build\sierra\src\finom\finom.test\bin\debug\finom.test.dll" id="347520ea-dcd2-2f95-ac5e-6fb9e649c7a8">
      <Execution id="677d1470-21f7-4e7e-b12d-13f72553221c" />
      <TestMethod codeBase="E:/TeamCity_Data/Build/Sierra/src/FinOM/FinOM.Test/bin/Debug/FinOM.Test.DLL" adapterTypeName="Microsoft.VisualStudio.TestTools.TestTypes.Unit.UnitTestAdapter, Microsoft.VisualStudio.QualityTools.Tips.UnitTest.Adapter, Version=10.0.0.0, Culture=neutral, PublicKeyToken=b03f5f7f11d50a3a" className="FinOM.Analytics.Test.TransactionTests, FinOM.Test, Version=1.0.0.0, Culture=neutral, PublicKeyToken=null" name="QueryById" />
    </UnitTest>
    <UnitTest name="TestAsyncQueue" storage="e:\teamcity_data\build\sierra\src\finom\finom.test\bin\debug\finom.test.dll" id="65264f58-5a1c-0411-ee6c-1833e58c46fc">
      <Execution timeOut="5000" id="5417becf-a952-4f48-8a4d-aff4585b096e" />
      <TestMethod codeBase="E:/TeamCity_Data/Build/Sierra/src/FinOM/FinOM.Test/bin/Debug/FinOM.Test.DLL" adapterTypeName="Microsoft.VisualStudio.TestTools.TestTypes.Unit.UnitTestAdapter, Microsoft.VisualStudio.QualityTools.Tips.UnitTest.Adapter, Version=10.0.0.0, Culture=neutral, PublicKeyToken=b03f5f7f11d50a3a" className="FinOM.Analytics.Test.TransactionTests, FinOM.Test, Version=1.0.0.0, Culture=neutral, PublicKeyToken=null" name="TestAsyncQueue" />
    </UnitTest>
    <UnitTest name="UnionOfUnionTest" storage="e:\teamcity_data\build\sierra\src\finom\finom.test\bin\debug\finom.test.dll" id="ec82a704-6d1c-aa0d-d2d5-7029a27d8967">
      <Execution id="fbfeffa3-adb2-4baa-ab57-6e6909b6a681" />
      <TestMethod codeBase="E:/TeamCity_Data/Build/Sierra/src/FinOM/FinOM.Test/bin/Debug/FinOM.Test.DLL" adapterTypeName="Microsoft.VisualStudio.TestTools.TestTypes.Unit.UnitTestAdapter, Microsoft.VisualStudio.QualityTools.Tips.UnitTest.Adapter, Version=10.0.0.0, Culture=neutral, PublicKeyToken=b03f5f7f11d50a3a" className="FinOM.Test.TS.Core.RandomMixedCombinedTimelinesTests, FinOM.Test, Version=1.0.0.0, Culture=neutral, PublicKeyToken=null" name="UnionOfUnionTest" />
    </UnitTest>
    <UnitTest name="QVIntradayToHourlyTest" storage="e:\teamcity_data\build\sierra\src\finom\finom.test\bin\debug\finom.test.dll" id="e71fab2a-1b04-e124-8fd4-65b15b482776">
      <Execution id="805014cd-828f-408e-8b91-6bab59fc4d18" />
      <TestMethod codeBase="E:/TeamCity_Data/Build/Sierra/src/FinOM/FinOM.Test/bin/Debug/FinOM.Test.DLL" adapterTypeName="Microsoft.VisualStudio.TestTools.TestTypes.Unit.UnitTestAdapter, Microsoft.VisualStudio.QualityTools.Tips.UnitTest.Adapter, Version=10.0.0.0, Culture=neutral, PublicKeyToken=b03f5f7f11d50a3a" className="FinOM.Test.TS.Data.QVLoadableSeriesTests, FinOM.Test, Version=1.0.0.0, Culture=neutral, PublicKeyToken=null" name="QVIntradayToHourlyTest" />
    </UnitTest>
    <UnitTest name="IndexerTest" storage="e:\teamcity_data\build\sierra\src\finom\finom.test\bin\debug\finom.test.dll" id="acd77b79-204d-afd5-95ff-bbbe1d6ae018">
      <Execution id="43a3ddfe-aff8-4e75-b2d3-252113ca0b47" />
      <TestMethod codeBase="E:/TeamCity_Data/Build/Sierra/src/FinOM/FinOM.Test/bin/Debug/FinOM.Test.DLL" adapterTypeName="Microsoft.VisualStudio.TestTools.TestTypes.Unit.UnitTestAdapter, Microsoft.VisualStudio.QualityTools.Tips.UnitTest.Adapter, Version=10.0.0.0, Culture=neutral, PublicKeyToken=b03f5f7f11d50a3a" className="FinOM.Test.TS.Core.EmptyTimelineTests, FinOM.Test, Version=1.0.0.0, Culture=neutral, PublicKeyToken=null" name="IndexerTest" />
    </UnitTest>
    <UnitTest name="CircularityTest" storage="e:\teamcity_data\build\sierra\src\finom\finom.test\bin\debug\finom.test.dll" id="a5a5ff04-9058-466d-f6b8-2264852cac84">
      <Execution id="c29c6334-0714-4fcf-8093-e3a7f8ea4987" />
      <TestMethod codeBase="E:/TeamCity_Data/Build/Sierra/src/FinOM/FinOM.Test/bin/Debug/FinOM.Test.DLL" adapterTypeName="Microsoft.VisualStudio.TestTools.TestTypes.Unit.UnitTestAdapter, Microsoft.VisualStudio.QualityTools.Tips.UnitTest.Adapter, Version=10.0.0.0, Culture=neutral, PublicKeyToken=b03f5f7f11d50a3a" className="FinOM.Test.Cells.CellTest, FinOM.Test, Version=1.0.0.0, Culture=neutral, PublicKeyToken=null" name="CircularityTest" />
    </UnitTest>
    <UnitTest name="Fill2SparseMemorySimpleRetrieve" storage="e:\teamcity_data\build\sierra\src\finom\finom.test\bin\debug\finom.test.dll" id="a2d63efb-3839-69b2-e7a1-2b0433d225dc">
      <Execution id="74c0f267-ed15-4b3a-b070-cd4c68983c61" />
      <TestMethod codeBase="E:/TeamCity_Data/Build/Sierra/src/FinOM/FinOM.Test/bin/Debug/FinOM.Test.DLL" adapterTypeName="Microsoft.VisualStudio.TestTools.TestTypes.Unit.UnitTestAdapter, Microsoft.VisualStudio.QualityTools.Tips.UnitTest.Adapter, Version=10.0.0.0, Culture=neutral, PublicKeyToken=b03f5f7f11d50a3a" className="FinOM.Core.Test.SparseDataTests, FinOM.Test, Version=1.0.0.0, Culture=neutral, PublicKeyToken=null" name="Fill2SparseMemorySimpleRetrieve" />
    </UnitTest>
    <UnitTest name="IndexerOutOfBoundsTest" storage="e:\teamcity_data\build\sierra\src\finom\finom.test\bin\debug\finom.test.dll" id="9661ec26-4ffd-2556-f92b-262f54c8066a">
      <Execution id="d75f2f96-b165-424f-8ae6-e4041c0843ee" />
      <TestMethod codeBase="E:/TeamCity_Data/Build/Sierra/src/FinOM/FinOM.Test/bin/Debug/FinOM.Test.DLL" adapterTypeName="Microsoft.VisualStudio.TestTools.TestTypes.Unit.UnitTestAdapter, Microsoft.VisualStudio.QualityTools.Tips.UnitTest.Adapter, Version=10.0.0.0, Culture=neutral, PublicKeyToken=b03f5f7f11d50a3a" className="FinOM.Test.TS.Core.ExplicitTimelineTests, FinOM.Test, Version=1.0.0.0, Culture=neutral, PublicKeyToken=null" name="IndexerOutOfBoundsTest" />
    </UnitTest>
    <UnitTest name="IndexOfNonExistingTest" storage="e:\teamcity_data\build\sierra\src\finom\finom.test\bin\debug\finom.test.dll" id="9ca7fe83-521a-9fb8-5df6-e3619ed28d7b">
      <Execution id="b5c3fc4e-8ded-4f5c-930c-fd66b33261cd" />
      <TestMethod codeBase="E:/TeamCity_Data/Build/Sierra/src/FinOM/FinOM.Test/bin/Debug/FinOM.Test.DLL" adapterTypeName="Microsoft.VisualStudio.TestTools.TestTypes.Unit.UnitTestAdapter, Microsoft.VisualStudio.QualityTools.Tips.UnitTest.Adapter, Version=10.0.0.0, Culture=neutral, PublicKeyToken=b03f5f7f11d50a3a" className="FinOM.Test.TS.Core.SegmentOfExplicitTimelineTests, FinOM.Test, Version=1.0.0.0, Culture=neutral, PublicKeyToken=null" name="IndexOfNonExistingTest" />
    </UnitTest>
    <UnitTest name="Flat3X4CellTest" storage="e:\teamcity_data\build\sierra\src\finom\finom.test\bin\debug\finom.test.dll" id="586b0c73-9dfd-74b5-c0ec-3aaaa46efb22">
      <Execution id="99dadf47-fcc8-464b-8a6a-a7ce3ec0f919" />
      <TestMethod codeBase="E:/TeamCity_Data/Build/Sierra/src/FinOM/FinOM.Test/bin/Debug/FinOM.Test.DLL" adapterTypeName="Microsoft.VisualStudio.TestTools.TestTypes.Unit.UnitTestAdapter, Microsoft.VisualStudio.QualityTools.Tips.UnitTest.Adapter, Version=10.0.0.0, Culture=neutral, PublicKeyToken=b03f5f7f11d50a3a" className="FinOM.Test.Cells.ExhaustiveCellTests, FinOM.Test, Version=1.0.0.0, Culture=neutral, PublicKeyToken=null" name="Flat3X4CellTest" />
    </UnitTest>
    <UnitTest name="AddViaValues" storage="e:\teamcity_data\build\sierra\src\finom\finom.test\bin\debug\finom.test.dll" id="d4fcd04f-4cd2-15c1-3a82-fd01582a6611">
      <Execution id="4e6f1fc7-c224-49d7-b34b-d789f90a4339" />
      <TestMethod codeBase="E:/TeamCity_Data/Build/Sierra/src/FinOM/FinOM.Test/bin/Debug/FinOM.Test.DLL" adapterTypeName="Microsoft.VisualStudio.TestTools.TestTypes.Unit.UnitTestAdapter, Microsoft.VisualStudio.QualityTools.Tips.UnitTest.Adapter, Version=10.0.0.0, Culture=neutral, PublicKeyToken=b03f5f7f11d50a3a" className="FinOM.Test.Cells.CellMathTests, FinOM.Test, Version=1.0.0.0, Culture=neutral, PublicKeyToken=null" name="AddViaValues" />
    </UnitTest>
    <UnitTest name="TimeIndexCeilingSegmentTest" storage="e:\teamcity_data\build\sierra\src\finom\finom.test\bin\debug\finom.test.dll" id="dd1d8af6-1d0e-9060-1d16-1a25d75d42b1">
      <Execution id="9f4384ac-60d9-4511-bcad-cd69f466c9ca" />
      <TestMethod codeBase="E:/TeamCity_Data/Build/Sierra/src/FinOM/FinOM.Test/bin/Debug/FinOM.Test.DLL" adapterTypeName="Microsoft.VisualStudio.TestTools.TestTypes.Unit.UnitTestAdapter, Microsoft.VisualStudio.QualityTools.Tips.UnitTest.Adapter, Version=10.0.0.0, Culture=neutral, PublicKeyToken=b03f5f7f11d50a3a" className="FinOM.Test.TS.Core.ExplicitTimelineTests, FinOM.Test, Version=1.0.0.0, Culture=neutral, PublicKeyToken=null" name="TimeIndexCeilingSegmentTest" />
    </UnitTest>
    <UnitTest name="IntersectionOfSymDiffTest" storage="e:\teamcity_data\build\sierra\src\finom\finom.test\bin\debug\finom.test.dll" id="541c258e-59c3-4705-d142-a748112489d9">
      <Execution id="31ef6734-c6f6-43f9-a3b2-b703d2cce655" />
      <TestMethod codeBase="E:/TeamCity_Data/Build/Sierra/src/FinOM/FinOM.Test/bin/Debug/FinOM.Test.DLL" adapterTypeName="Microsoft.VisualStudio.TestTools.TestTypes.Unit.UnitTestAdapter, Microsoft.VisualStudio.QualityTools.Tips.UnitTest.Adapter, Version=10.0.0.0, Culture=neutral, PublicKeyToken=b03f5f7f11d50a3a" className="FinOM.Test.TS.Core.RandomMixedCombinedTimelinesTests, FinOM.Test, Version=1.0.0.0, Culture=neutral, PublicKeyToken=null" name="IntersectionOfSymDiffTest" />
    </UnitTest>
    <UnitTest name="TestTradeActiveBetween" storage="e:\teamcity_data\build\sierra\src\finom\finom.test\bin\debug\finom.test.dll" id="8d3e8901-2c85-929b-93f6-35508d6d3028">
      <Execution id="6d24fbd9-4658-487e-9484-603e0638c618" />
      <TestMethod codeBase="E:/TeamCity_Data/Build/Sierra/src/FinOM/FinOM.Test/bin/Debug/FinOM.Test.DLL" adapterTypeName="Microsoft.VisualStudio.TestTools.TestTypes.Unit.UnitTestAdapter, Microsoft.VisualStudio.QualityTools.Tips.UnitTest.Adapter, Version=10.0.0.0, Culture=neutral, PublicKeyToken=b03f5f7f11d50a3a" className="FinOM.Analytics.Test.TransactionTests, FinOM.Test, Version=1.0.0.0, Culture=neutral, PublicKeyToken=null" name="TestTradeActiveBetween" />
    </UnitTest>
    <UnitTest name="IndexerOutOfBoundsTest" storage="e:\teamcity_data\build\sierra\src\finom\finom.test\bin\debug\finom.test.dll" id="711bf985-4eae-1669-b2db-02e0350971fa">
      <Execution id="244b648e-d244-4da5-9196-dc632a2ce06e" />
      <TestMethod codeBase="E:/TeamCity_Data/Build/Sierra/src/FinOM/FinOM.Test/bin/Debug/FinOM.Test.DLL" adapterTypeName="Microsoft.VisualStudio.TestTools.TestTypes.Unit.UnitTestAdapter, Microsoft.VisualStudio.QualityTools.Tips.UnitTest.Adapter, Version=10.0.0.0, Culture=neutral, PublicKeyToken=b03f5f7f11d50a3a" className="FinOM.Test.TS.Core.IndirectOfRecurringTimelineTests, FinOM.Test, Version=1.0.0.0, Culture=neutral, PublicKeyToken=null" name="IndexerOutOfBoundsTest" />
    </UnitTest>
    <UnitTest name="StartTimeTest" storage="e:\teamcity_data\build\sierra\src\finom\finom.test\bin\debug\finom.test.dll" id="fb467158-5c9d-558b-8e40-8fb9acb07f0b">
      <Execution id="e4b3c710-ed22-4eb5-9bf4-e2b3a0e21482" />
      <TestMethod codeBase="E:/TeamCity_Data/Build/Sierra/src/FinOM/FinOM.Test/bin/Debug/FinOM.Test.DLL" adapterTypeName="Microsoft.VisualStudio.TestTools.TestTypes.Unit.UnitTestAdapter, Microsoft.VisualStudio.QualityTools.Tips.UnitTest.Adapter, Version=10.0.0.0, Culture=neutral, PublicKeyToken=b03f5f7f11d50a3a" className="FinOM.Test.TS.Core.IntradayOfWeekdayTimelineTests, FinOM.Test, Version=1.0.0.0, Culture=neutral, PublicKeyToken=null" name="StartTimeTest" />
    </UnitTest>
    <UnitTest name="FuturesPriceTest" storage="e:\teamcity_data\build\sierra\src\finom\finom.test\bin\debug\finom.test.dll" id="f4e6fdfe-0b63-b2ec-c2be-d8552a1ab5e1">
      <Execution id="ba673970-83b8-47d9-8e9c-796c45b4127b" />
      <TestMethod codeBase="E:/TeamCity_Data/Build/Sierra/src/FinOM/FinOM.Test/bin/Debug/FinOM.Test.DLL" adapterTypeName="Microsoft.VisualStudio.TestTools.TestTypes.Unit.UnitTestAdapter, Microsoft.VisualStudio.QualityTools.Tips.UnitTest.Adapter, Version=10.0.0.0, Culture=neutral, PublicKeyToken=b03f5f7f11d50a3a" className="FinOM.Analytics.Test.TradedCFDTest, FinOM.Test, Version=1.0.0.0, Culture=neutral, PublicKeyToken=null" name="FuturesPriceTest" />
    </UnitTest>
    <UnitTest name="EndTimeTest" storage="e:\teamcity_data\build\sierra\src\finom\finom.test\bin\debug\finom.test.dll" id="09ae7854-891f-6806-7644-57ab1a7b502e">
      <Execution id="6943bd07-ecff-4b76-93f1-56cd5c0eecc1" />
      <TestMethod codeBase="E:/TeamCity_Data/Build/Sierra/src/FinOM/FinOM.Test/bin/Debug/FinOM.Test.DLL" adapterTypeName="Microsoft.VisualStudio.TestTools.TestTypes.Unit.UnitTestAdapter, Microsoft.VisualStudio.QualityTools.Tips.UnitTest.Adapter, Version=10.0.0.0, Culture=neutral, PublicKeyToken=b03f5f7f11d50a3a" className="FinOM.Test.TS.Core.IntradayOfWorkdayWithCutTimelineTests, FinOM.Test, Version=1.0.0.0, Culture=neutral, PublicKeyToken=null" name="EndTimeTest" />
    </UnitTest>
    <UnitTest name="LegSumTest" storage="e:\teamcity_data\build\sierra\src\finom\finom.test\bin\debug\finom.test.dll" id="caa1056f-6a9e-c3ee-06f6-b6eb0547bf76">
      <Execution timeOut="10000" id="664282ab-2c95-4e13-9a18-9c1f1bdcabc1" />
      <TestMethod codeBase="E:/TeamCity_Data/Build/Sierra/src/FinOM/FinOM.Test/bin/Debug/FinOM.Test.DLL" adapterTypeName="Microsoft.VisualStudio.TestTools.TestTypes.Unit.UnitTestAdapter, Microsoft.VisualStudio.QualityTools.Tips.UnitTest.Adapter, Version=10.0.0.0, Culture=neutral, PublicKeyToken=b03f5f7f11d50a3a" className="FinOM.Test.Credit.RecSwapTest, FinOM.Test, Version=1.0.0.0, Culture=neutral, PublicKeyToken=null" name="LegSumTest" />
    </UnitTest>
    <UnitTest name="OptiomalCDSConsolidator1" storage="e:\teamcity_data\build\sierra\src\finom\finom.test\bin\debug\finom.test.dll" id="31b1a552-0181-17c5-edfd-ab862a57b80b">
      <Execution id="fdb5c399-4c7c-4b3e-a4d5-df36c189ebb7" />
      <TestMethod codeBase="E:/TeamCity_Data/Build/Sierra/src/FinOM/FinOM.Test/bin/Debug/FinOM.Test.DLL" adapterTypeName="Microsoft.VisualStudio.TestTools.TestTypes.Unit.UnitTestAdapter, Microsoft.VisualStudio.QualityTools.Tips.UnitTest.Adapter, Version=10.0.0.0, Culture=neutral, PublicKeyToken=b03f5f7f11d50a3a" className="FinOM.Test.Data.TradeConsolidatorTest, FinOM.Test, Version=1.0.0.0, Culture=neutral, PublicKeyToken=null" name="OptiomalCDSConsolidator1" />
    </UnitTest>
    <UnitTest name="CeilingTest" storage="e:\teamcity_data\build\sierra\src\finom\finom.test\bin\debug\finom.test.dll" id="159d01f2-d4e8-c2c3-2a6d-e74507f12bde">
      <Execution id="3fe7171f-8930-4725-affb-759deeb9f4d7" />
      <TestMethod codeBase="E:/TeamCity_Data/Build/Sierra/src/FinOM/FinOM.Test/bin/Debug/FinOM.Test.DLL" adapterTypeName="Microsoft.VisualStudio.TestTools.TestTypes.Unit.UnitTestAdapter, Microsoft.VisualStudio.QualityTools.Tips.UnitTest.Adapter, Version=10.0.0.0, Culture=neutral, PublicKeyToken=b03f5f7f11d50a3a" className="FinOM.Test.TS.Core.MathTimeSeriesExprTests, FinOM.Test, Version=1.0.0.0, Culture=neutral, PublicKeyToken=null" name="CeilingTest" />
    </UnitTest>
    <UnitTest name="NegativeIndexTest1" storage="e:\teamcity_data\build\sierra\src\finom\finom.test\bin\debug\finom.test.dll" id="597b646c-7ee5-f553-f584-d2ca4e39aa4e">
      <Execution id="623d9ba5-9c49-4eb3-922c-a2bb8e3d73cd" />
      <TestMethod codeBase="E:/TeamCity_Data/Build/Sierra/src/FinOM/FinOM.Test/bin/Debug/FinOM.Test.DLL" adapterTypeName="Microsoft.VisualStudio.TestTools.TestTypes.Unit.UnitTestAdapter, Microsoft.VisualStudio.QualityTools.Tips.UnitTest.Adapter, Version=10.0.0.0, Culture=neutral, PublicKeyToken=b03f5f7f11d50a3a" className="FinOM.Test.TS.Core.SubsetAndIndexTests, FinOM.Test, Version=1.0.0.0, Culture=neutral, PublicKeyToken=null" name="NegativeIndexTest1" />
    </UnitTest>
    <UnitTest name="FullStubTest" storage="e:\teamcity_data\build\sierra\src\finom\finom.test\bin\debug\finom.test.dll" id="d2b9972d-9e90-7ae0-bb56-2013d6f06f50">
      <Execution id="076bf5a7-452b-4bd6-875d-53fcc00d213f" />
      <TestMethod codeBase="E:/TeamCity_Data/Build/Sierra/src/FinOM/FinOM.Test/bin/Debug/FinOM.Test.DLL" adapterTypeName="Microsoft.VisualStudio.TestTools.TestTypes.Unit.UnitTestAdapter, Microsoft.VisualStudio.QualityTools.Tips.UnitTest.Adapter, Version=10.0.0.0, Culture=neutral, PublicKeyToken=b03f5f7f11d50a3a" className="FinOM.Test.Credit.CDSTest, FinOM.Test, Version=1.0.0.0, Culture=neutral, PublicKeyToken=null" name="FullStubTest" />
    </UnitTest>
    <UnitTest name="EnumeratorTest" storage="e:\teamcity_data\build\sierra\src\finom\finom.test\bin\debug\finom.test.dll" id="9441469f-a83f-50a6-dd04-9ca03ae11d9e">
      <Execution id="baf4e071-52bb-4329-9448-098be2d9934f" />
      <TestMethod codeBase="E:/TeamCity_Data/Build/Sierra/src/FinOM/FinOM.Test/bin/Debug/FinOM.Test.DLL" adapterTypeName="Microsoft.VisualStudio.TestTools.TestTypes.Unit.UnitTestAdapter, Microsoft.VisualStudio.QualityTools.Tips.UnitTest.Adapter, Version=10.0.0.0, Culture=neutral, PublicKeyToken=b03f5f7f11d50a3a" className="FinOM.Test.TS.Core.IntradayOfWeekdayTimelineTests, FinOM.Test, Version=1.0.0.0, Culture=neutral, PublicKeyToken=null" name="EnumeratorTest" />
    </UnitTest>
    <UnitTest name="MaxTest" storage="e:\teamcity_data\build\sierra\src\finom\finom.test\bin\debug\finom.test.dll" id="2a02a7fa-90aa-79de-d76b-04cfbd740eee">
      <Execution id="44040b04-5c15-435e-a7d8-036be218fcde" />
      <TestMethod codeBase="E:/TeamCity_Data/Build/Sierra/src/FinOM/FinOM.Test/bin/Debug/FinOM.Test.DLL" adapterTypeName="Microsoft.VisualStudio.TestTools.TestTypes.Unit.UnitTestAdapter, Microsoft.VisualStudio.QualityTools.Tips.UnitTest.Adapter, Version=10.0.0.0, Culture=neutral, PublicKeyToken=b03f5f7f11d50a3a" className="FinOM.Test.TS.Core.MovingUnaryTimeSeriesExprTests, FinOM.Test, Version=1.0.0.0, Culture=neutral, PublicKeyToken=null" name="MaxTest" />
    </UnitTest>
    <UnitTest name="ExecuteCDSParSpreadTest" storage="e:\teamcity_data\build\sierra\src\finom\finom.test\bin\debug\finom.test.dll" id="c96ee4af-0276-feee-d28b-60a529bc2d31">
      <Execution id="ac4c4ec9-81e8-4905-a313-14c3367cfc16" />
      <TestMethod codeBase="E:/TeamCity_Data/Build/Sierra/src/FinOM/FinOM.Test/bin/Debug/FinOM.Test.DLL" adapterTypeName="Microsoft.VisualStudio.TestTools.TestTypes.Unit.UnitTestAdapter, Microsoft.VisualStudio.QualityTools.Tips.UnitTest.Adapter, Version=10.0.0.0, Culture=neutral, PublicKeyToken=b03f5f7f11d50a3a" className="FinOM.Test.FinanceAnalytics.TracerTest, FinOM.Test, Version=1.0.0.0, Culture=neutral, PublicKeyToken=null" name="ExecuteCDSParSpreadTest" />
    </UnitTest>
    <UnitTest name="MillisecondTest" storage="e:\teamcity_data\build\sierra\src\finom\finom.test\bin\debug\finom.test.dll" id="db6dc12a-a5b8-4963-eb47-63ec203fc95c">
      <Execution id="4918881b-c0f7-41b5-b122-cd02c4826aef" />
      <TestMethod codeBase="E:/TeamCity_Data/Build/Sierra/src/FinOM/FinOM.Test/bin/Debug/FinOM.Test.DLL" adapterTypeName="Microsoft.VisualStudio.TestTools.TestTypes.Unit.UnitTestAdapter, Microsoft.VisualStudio.QualityTools.Tips.UnitTest.Adapter, Version=10.0.0.0, Culture=neutral, PublicKeyToken=b03f5f7f11d50a3a" className="FinOM.Test.TS.Core.DateTimeTimeSeriesExprTests, FinOM.Test, Version=1.0.0.0, Culture=neutral, PublicKeyToken=null" name="MillisecondTest" />
    </UnitTest>
    <UnitTest name="StartTimeTest" storage="e:\teamcity_data\build\sierra\src\finom\finom.test\bin\debug\finom.test.dll" id="9041604c-843e-e73d-d74a-00e0ccac3dc4">
      <Execution id="bb4ecf38-202e-42a2-aa3f-8f27600e0499" />
      <TestMethod codeBase="E:/TeamCity_Data/Build/Sierra/src/FinOM/FinOM.Test/bin/Debug/FinOM.Test.DLL" adapterTypeName="Microsoft.VisualStudio.TestTools.TestTypes.Unit.UnitTestAdapter, Microsoft.VisualStudio.QualityTools.Tips.UnitTest.Adapter, Version=10.0.0.0, Culture=neutral, PublicKeyToken=b03f5f7f11d50a3a" className="FinOM.Test.TS.Core.IntradayOfDailyTimelineTests, FinOM.Test, Version=1.0.0.0, Culture=neutral, PublicKeyToken=null" name="StartTimeTest" />
    </UnitTest>
    <UnitTest name="BinaryTimelineAfterFinishStartEnumeratorTest" storage="e:\teamcity_data\build\sierra\src\finom\finom.test\bin\debug\finom.test.dll" id="004268ef-57c4-783e-773f-53ebab85a727">
      <Execution id="e17dec66-7d47-40b2-832c-1ef214866843" />
      <TestMethod codeBase="E:/TeamCity_Data/Build/Sierra/src/FinOM/FinOM.Test/bin/Debug/FinOM.Test.DLL" adapterTypeName="Microsoft.VisualStudio.TestTools.TestTypes.Unit.UnitTestAdapter, Microsoft.VisualStudio.QualityTools.Tips.UnitTest.Adapter, Version=10.0.0.0, Culture=neutral, PublicKeyToken=b03f5f7f11d50a3a" className="FinOM.Test.TS.Core.OutOfIterationTimelinesEnumeratorTests, FinOM.Test, Version=1.0.0.0, Culture=neutral, PublicKeyToken=null" name="BinaryTimelineAfterFinishStartEnumeratorTest" />
    </UnitTest>
    <UnitTest name="IndexerTest" storage="e:\teamcity_data\build\sierra\src\finom\finom.test\bin\debug\finom.test.dll" id="c7a42b38-7e3c-442a-2bfa-8bbc06c41fc8">
      <Execution id="31164215-dffc-4ffb-a317-1b5df0f550e2" />
      <TestMethod codeBase="E:/TeamCity_Data/Build/Sierra/src/FinOM/FinOM.Test/bin/Debug/FinOM.Test.DLL" adapterTypeName="Microsoft.VisualStudio.TestTools.TestTypes.Unit.UnitTestAdapter, Microsoft.VisualStudio.QualityTools.Tips.UnitTest.Adapter, Version=10.0.0.0, Culture=neutral, PublicKeyToken=b03f5f7f11d50a3a" className="FinOM.Test.TS.Core.RecurringTimelineTests, FinOM.Test, Version=1.0.0.0, Culture=neutral, PublicKeyToken=null" name="IndexerTest" />
    </UnitTest>
    <UnitTest name="QVIntradayToDailyTest" storage="e:\teamcity_data\build\sierra\src\finom\finom.test\bin\debug\finom.test.dll" id="b7d23f48-2723-134c-0821-a60a09d2d514">
      <Execution id="038d0ff8-c0d0-4b66-af0a-c1f9a4790755" />
      <TestMethod codeBase="E:/TeamCity_Data/Build/Sierra/src/FinOM/FinOM.Test/bin/Debug/FinOM.Test.DLL" adapterTypeName="Microsoft.VisualStudio.TestTools.TestTypes.Unit.UnitTestAdapter, Microsoft.VisualStudio.QualityTools.Tips.UnitTest.Adapter, Version=10.0.0.0, Culture=neutral, PublicKeyToken=b03f5f7f11d50a3a" className="FinOM.Test.TS.Data.QVLoadableSeriesTests, FinOM.Test, Version=1.0.0.0, Culture=neutral, PublicKeyToken=null" name="QVIntradayToDailyTest" />
    </UnitTest>
    <UnitTest name="TimePointsTest" storage="e:\teamcity_data\build\sierra\src\finom\finom.test\bin\debug\finom.test.dll" id="9c78e7c2-5dbf-1319-4917-d0f502ae3f08">
      <Execution id="5fb07c8c-1c9d-4d8c-a479-705969b8412d" />
      <TestMethod codeBase="E:/TeamCity_Data/Build/Sierra/src/FinOM/FinOM.Test/bin/Debug/FinOM.Test.DLL" adapterTypeName="Microsoft.VisualStudio.TestTools.TestTypes.Unit.UnitTestAdapter, Microsoft.VisualStudio.QualityTools.Tips.UnitTest.Adapter, Version=10.0.0.0, Culture=neutral, PublicKeyToken=b03f5f7f11d50a3a" className="FinOM.Test.TS.Core.IntradayOfWorkdayWithCutTimelineTests, FinOM.Test, Version=1.0.0.0, Culture=neutral, PublicKeyToken=null" name="TimePointsTest" />
    </UnitTest>
    <UnitTest name="MinTest" storage="e:\teamcity_data\build\sierra\src\finom\finom.test\bin\debug\finom.test.dll" id="ad81fb59-2884-06b2-38d0-05e1c8806108">
      <Execution id="a28eee73-87b8-4705-8979-042caf6abeaf" />
      <TestMethod codeBase="E:/TeamCity_Data/Build/Sierra/src/FinOM/FinOM.Test/bin/Debug/FinOM.Test.DLL" adapterTypeName="Microsoft.VisualStudio.TestTools.TestTypes.Unit.UnitTestAdapter, Microsoft.VisualStudio.QualityTools.Tips.UnitTest.Adapter, Version=10.0.0.0, Culture=neutral, PublicKeyToken=b03f5f7f11d50a3a" className="FinOM.Test.TS.Core.ScalarUnaryTimeSeriesExprTests, FinOM.Test, Version=1.0.0.0, Culture=neutral, PublicKeyToken=null" name="MinTest" />
    </UnitTest>
    <UnitTest name="IntersectionTest" storage="e:\teamcity_data\build\sierra\src\finom\finom.test\bin\debug\finom.test.dll" id="0a690dd7-7548-7ce3-c6b0-1ad4ab758ca8">
      <Execution id="aabb075a-e003-43fa-97fd-96758156236d" />
      <TestMethod codeBase="E:/TeamCity_Data/Build/Sierra/src/FinOM/FinOM.Test/bin/Debug/FinOM.Test.DLL" adapterTypeName="Microsoft.VisualStudio.TestTools.TestTypes.Unit.UnitTestAdapter, Microsoft.VisualStudio.QualityTools.Tips.UnitTest.Adapter, Version=10.0.0.0, Culture=neutral, PublicKeyToken=b03f5f7f11d50a3a" className="FinOM.Test.TS.Core.SingularExpectedCombinedTimelinesTests, FinOM.Test, Version=1.0.0.0, Culture=neutral, PublicKeyToken=null" name="IntersectionTest" />
    </UnitTest>
    <UnitTest name="SymDiffOfGuideTest" storage="e:\teamcity_data\build\sierra\src\finom\finom.test\bin\debug\finom.test.dll" id="db4ddd9e-9d9f-5981-89ce-1020745f7c4a">
      <Execution id="f1fc011d-72e1-45a8-8f57-c4a41ccbd3de" />
      <TestMethod codeBase="E:/TeamCity_Data/Build/Sierra/src/FinOM/FinOM.Test/bin/Debug/FinOM.Test.DLL" adapterTypeName="Microsoft.VisualStudio.TestTools.TestTypes.Unit.UnitTestAdapter, Microsoft.VisualStudio.QualityTools.Tips.UnitTest.Adapter, Version=10.0.0.0, Culture=neutral, PublicKeyToken=b03f5f7f11d50a3a" className="FinOM.Test.TS.Core.StepsMixedCombinedTimelinesTests, FinOM.Test, Version=1.0.0.0, Culture=neutral, PublicKeyToken=null" name="SymDiffOfGuideTest" />
    </UnitTest>
    <UnitTest name="TinyTimelinesCombiningTest1" storage="e:\teamcity_data\build\sierra\src\finom\finom.test\bin\debug\finom.test.dll" id="c06d5530-d6a8-2e62-db63-8ac3f5fcb09c">
      <Execution id="8b07f38c-2850-4017-95c2-d6a698d8bf9f" />
      <TestMethod codeBase="E:/TeamCity_Data/Build/Sierra/src/FinOM/FinOM.Test/bin/Debug/FinOM.Test.DLL" adapterTypeName="Microsoft.VisualStudio.TestTools.TestTypes.Unit.UnitTestAdapter, Microsoft.VisualStudio.QualityTools.Tips.UnitTest.Adapter, Version=10.0.0.0, Culture=neutral, PublicKeyToken=b03f5f7f11d50a3a" className="FinOM.Test.TS.Core.TinyTimelinesCombiningTests, FinOM.Test, Version=1.0.0.0, Culture=neutral, PublicKeyToken=null" name="TinyTimelinesCombiningTest1" />
    </UnitTest>
    <UnitTest name="TestCDSIsHY" storage="e:\teamcity_data\build\sierra\src\finom\finom.test\bin\debug\finom.test.dll" id="ffda11af-0331-c949-7da9-3503e1eb3f99">
      <Execution id="5355201c-1979-4733-bf95-1e650d479d10" />
      <TestMethod codeBase="E:/TeamCity_Data/Build/Sierra/src/FinOM/FinOM.Test/bin/Debug/FinOM.Test.DLL" adapterTypeName="Microsoft.VisualStudio.TestTools.TestTypes.Unit.UnitTestAdapter, Microsoft.VisualStudio.QualityTools.Tips.UnitTest.Adapter, Version=10.0.0.0, Culture=neutral, PublicKeyToken=b03f5f7f11d50a3a" className="FinOM.Test.FinanceScenarios.InsightHelperTest, FinOM.Test, Version=1.0.0.0, Culture=neutral, PublicKeyToken=null" name="TestCDSIsHY" />
    </UnitTest>
    <UnitTest name="SubTimelineSegmentTest" storage="e:\teamcity_data\build\sierra\src\finom\finom.test\bin\debug\finom.test.dll" id="4d2b10b2-7e27-a431-9e72-6eb79dec6d20">
      <Execution id="2c88740b-a637-4293-8088-b926da02fb2d" />
      <TestMethod codeBase="E:/TeamCity_Data/Build/Sierra/src/FinOM/FinOM.Test/bin/Debug/FinOM.Test.DLL" adapterTypeName="Microsoft.VisualStudio.TestTools.TestTypes.Unit.UnitTestAdapter, Microsoft.VisualStudio.QualityTools.Tips.UnitTest.Adapter, Version=10.0.0.0, Culture=neutral, PublicKeyToken=b03f5f7f11d50a3a" className="FinOM.Test.TS.Core.SegmentOfExplicitTimelineTests, FinOM.Test, Version=1.0.0.0, Culture=neutral, PublicKeyToken=null" name="SubTimelineSegmentTest" />
    </UnitTest>
    <UnitTest name="TimeIndexCeilingTest" storage="e:\teamcity_data\build\sierra\src\finom\finom.test\bin\debug\finom.test.dll" id="1da192c4-ca3f-ba3e-b0da-6da6c67457bc">
      <Execution id="b0502e28-ad6b-4d41-b5e9-fe5ef9741eb6" />
      <TestMethod codeBase="E:/TeamCity_Data/Build/Sierra/src/FinOM/FinOM.Test/bin/Debug/FinOM.Test.DLL" adapterTypeName="Microsoft.VisualStudio.TestTools.TestTypes.Unit.UnitTestAdapter, Microsoft.VisualStudio.QualityTools.Tips.UnitTest.Adapter, Version=10.0.0.0, Culture=neutral, PublicKeyToken=b03f5f7f11d50a3a" className="FinOM.Test.TS.Core.IntradayOfWeekdayTimelineTests, FinOM.Test, Version=1.0.0.0, Culture=neutral, PublicKeyToken=null" name="TimeIndexCeilingTest" />
    </UnitTest>
    <UnitTest name="PositiveSubsetTest" storage="e:\teamcity_data\build\sierra\src\finom\finom.test\bin\debug\finom.test.dll" id="09d0d9dc-b616-ab92-3e12-6a4451e7f830">
      <Execution id="09ab28e8-d677-4090-88c7-c0493a9757d1" />
      <TestMethod codeBase="E:/TeamCity_Data/Build/Sierra/src/FinOM/FinOM.Test/bin/Debug/FinOM.Test.DLL" adapterTypeName="Microsoft.VisualStudio.TestTools.TestTypes.Unit.UnitTestAdapter, Microsoft.VisualStudio.QualityTools.Tips.UnitTest.Adapter, Version=10.0.0.0, Culture=neutral, PublicKeyToken=b03f5f7f11d50a3a" className="FinOM.Test.TS.Core.SubsetAndIndexTests, FinOM.Test, Version=1.0.0.0, Culture=neutral, PublicKeyToken=null" name="PositiveSubsetTest" />
    </UnitTest>
    <UnitTest name="CDSPriceTestFullStub" storage="e:\teamcity_data\build\sierra\src\finom\finom.test\bin\debug\finom.test.dll" id="a13a2680-de2a-98a6-828b-22eb67d00b27">
      <Execution id="cef8e077-8de1-4c8f-9015-dad264e6c7c5" />
      <TestMethod codeBase="E:/TeamCity_Data/Build/Sierra/src/FinOM/FinOM.Test/bin/Debug/FinOM.Test.DLL" adapterTypeName="Microsoft.VisualStudio.TestTools.TestTypes.Unit.UnitTestAdapter, Microsoft.VisualStudio.QualityTools.Tips.UnitTest.Adapter, Version=10.0.0.0, Culture=neutral, PublicKeyToken=b03f5f7f11d50a3a" className="FinOM.Test.Data.TradeConsolidatorTest, FinOM.Test, Version=1.0.0.0, Culture=neutral, PublicKeyToken=null" name="CDSPriceTestFullStub" />
    </UnitTest>
    <UnitTest name="RollForwardTest3" storage="e:\teamcity_data\build\sierra\src\finom\finom.test\bin\debug\finom.test.dll" id="f46ad2bc-a40b-ae26-260f-793f9b2314f1">
      <Execution id="62da267c-46b8-4d55-a015-d6aaed3796ed" />
      <TestMethod codeBase="E:/TeamCity_Data/Build/Sierra/src/FinOM/FinOM.Test/bin/Debug/FinOM.Test.DLL" adapterTypeName="Microsoft.VisualStudio.TestTools.TestTypes.Unit.UnitTestAdapter, Microsoft.VisualStudio.QualityTools.Tips.UnitTest.Adapter, Version=10.0.0.0, Culture=neutral, PublicKeyToken=b03f5f7f11d50a3a" className="FinOM.Test.Credit.CreditCurveTest, FinOM.Test, Version=1.0.0.0, Culture=neutral, PublicKeyToken=null" name="RollForwardTest3" />
    </UnitTest>
    <UnitTest name="CorrelTest" storage="e:\teamcity_data\build\sierra\src\finom\finom.test\bin\debug\finom.test.dll" id="b65928a3-a265-29b6-337b-186c7c0600d3">
      <Execution id="48e6633a-726b-403d-94c4-acca97b4730f" />
      <TestMethod codeBase="E:/TeamCity_Data/Build/Sierra/src/FinOM/FinOM.Test/bin/Debug/FinOM.Test.DLL" adapterTypeName="Microsoft.VisualStudio.TestTools.TestTypes.Unit.UnitTestAdapter, Microsoft.VisualStudio.QualityTools.Tips.UnitTest.Adapter, Version=10.0.0.0, Culture=neutral, PublicKeyToken=b03f5f7f11d50a3a" className="FinOM.Test.TS.Core.MovingMultiTimeSeriesExprTests, FinOM.Test, Version=1.0.0.0, Culture=neutral, PublicKeyToken=null" name="CorrelTest" />
    </UnitTest>
    <UnitTest name="IndexOfNonExistingTest" storage="e:\teamcity_data\build\sierra\src\finom\finom.test\bin\debug\finom.test.dll" id="57dc385c-386a-54e7-5c63-2a6b1fc7a6a8">
      <Execution id="d3cb0287-6467-4338-94f5-78cee2abe55f" />
      <TestMethod codeBase="E:/TeamCity_Data/Build/Sierra/src/FinOM/FinOM.Test/bin/Debug/FinOM.Test.DLL" adapterTypeName="Microsoft.VisualStudio.TestTools.TestTypes.Unit.UnitTestAdapter, Microsoft.VisualStudio.QualityTools.Tips.UnitTest.Adapter, Version=10.0.0.0, Culture=neutral, PublicKeyToken=b03f5f7f11d50a3a" className="FinOM.Test.TS.Core.ExplicitTimelineTests, FinOM.Test, Version=1.0.0.0, Culture=neutral, PublicKeyToken=null" name="IndexOfNonExistingTest" />
    </UnitTest>
    <UnitTest name="TradeActionsAdd1" storage="e:\teamcity_data\build\sierra\src\finom\finom.test\bin\debug\finom.test.dll" id="b86dafc1-73fd-8923-64e3-4e14fe2f8258">
      <Execution id="61ce021c-ae56-4b9f-86b4-a01d4250b8fb" />
      <TestMethod codeBase="E:/TeamCity_Data/Build/Sierra/src/FinOM/FinOM.Test/bin/Debug/FinOM.Test.DLL" adapterTypeName="Microsoft.VisualStudio.TestTools.TestTypes.Unit.UnitTestAdapter, Microsoft.VisualStudio.QualityTools.Tips.UnitTest.Adapter, Version=10.0.0.0, Culture=neutral, PublicKeyToken=b03f5f7f11d50a3a" className="FinOM.Analytics.Test.TransactionTests, FinOM.Test, Version=1.0.0.0, Culture=neutral, PublicKeyToken=null" name="TradeActionsAdd1" />
    </UnitTest>
    <UnitTest name="XmlTracerTest1" storage="e:\teamcity_data\build\sierra\src\finom\finom.test\bin\debug\finom.test.dll" id="99626b41-2c37-993d-1e72-9e580bddc287">
      <Execution id="9a95088a-6924-492e-a0b9-1bef4972e152" />
      <TestMethod codeBase="E:/TeamCity_Data/Build/Sierra/src/FinOM/FinOM.Test/bin/Debug/FinOM.Test.DLL" adapterTypeName="Microsoft.VisualStudio.TestTools.TestTypes.Unit.UnitTestAdapter, Microsoft.VisualStudio.QualityTools.Tips.UnitTest.Adapter, Version=10.0.0.0, Culture=neutral, PublicKeyToken=b03f5f7f11d50a3a" className="FinOM.Test.FinanceAnalytics.TracerTest, FinOM.Test, Version=1.0.0.0, Culture=neutral, PublicKeyToken=null" name="XmlTracerTest1" />
    </UnitTest>
    <UnitTest name="DifferenceOfUnionTest" storage="e:\teamcity_data\build\sierra\src\finom\finom.test\bin\debug\finom.test.dll" id="447ea204-9a40-1817-a7f8-70fbeefcdd8a">
      <Execution id="26349966-fab0-43ae-89e9-0a0f3702849e" />
      <TestMethod codeBase="E:/TeamCity_Data/Build/Sierra/src/FinOM/FinOM.Test/bin/Debug/FinOM.Test.DLL" adapterTypeName="Microsoft.VisualStudio.TestTools.TestTypes.Unit.UnitTestAdapter, Microsoft.VisualStudio.QualityTools.Tips.UnitTest.Adapter, Version=10.0.0.0, Culture=neutral, PublicKeyToken=b03f5f7f11d50a3a" className="FinOM.Test.TS.Core.RandomMixedCombinedTimelinesTests, FinOM.Test, Version=1.0.0.0, Culture=neutral, PublicKeyToken=null" name="DifferenceOfUnionTest" />
    </UnitTest>
    <UnitTest name="NonUniformCompositeRecurrenceCeilingTest" storage="e:\teamcity_data\build\sierra\src\finom\finom.test\bin\debug\finom.test.dll" id="fc9802b2-2b89-ecf8-e4cb-35c64834b5f8">
      <Execution id="e6234be5-80da-485c-a8fe-ceb4d55ca964" />
      <TestMethod codeBase="E:/TeamCity_Data/Build/Sierra/src/FinOM/FinOM.Test/bin/Debug/FinOM.Test.DLL" adapterTypeName="Microsoft.VisualStudio.TestTools.TestTypes.Unit.UnitTestAdapter, Microsoft.VisualStudio.QualityTools.Tips.UnitTest.Adapter, Version=10.0.0.0, Culture=neutral, PublicKeyToken=b03f5f7f11d50a3a" className="FinOM.Test.TS.Core.WorkdayPartialCompositeRecurrenceTests, FinOM.Test, Version=1.0.0.0, Culture=neutral, PublicKeyToken=null" name="NonUniformCompositeRecurrenceCeilingTest" />
    </UnitTest>
    <UnitTest name="ABCTest" storage="e:\teamcity_data\build\sierra\src\finom\finom.test\bin\debug\finom.test.dll" id="fc507069-0130-0f03-4e94-6714663e91ab">
      <Execution id="a6d798fe-8797-4212-8bbb-143621394bbc" />
      <TestMethod codeBase="E:/TeamCity_Data/Build/Sierra/src/FinOM/FinOM.Test/bin/Debug/FinOM.Test.DLL" adapterTypeName="Microsoft.VisualStudio.TestTools.TestTypes.Unit.UnitTestAdapter, Microsoft.VisualStudio.QualityTools.Tips.UnitTest.Adapter, Version=10.0.0.0, Culture=neutral, PublicKeyToken=b03f5f7f11d50a3a" className="FinOM.Test.TS.Core.SpliceGeometricTimeSeriesExprTests, FinOM.Test, Version=1.0.0.0, Culture=neutral, PublicKeyToken=null" name="ABCTest" />
    </UnitTest>
    <UnitTest name="TodayTest" storage="e:\teamcity_data\build\sierra\src\finom\finom.test\bin\debug\finom.test.dll" id="1d9fa8f5-f057-a6c7-d7c4-cb63ffcf836a">
      <Execution id="5d955156-be77-40a4-adbe-d0eaabdfc6e2" />
      <TestMethod codeBase="E:/TeamCity_Data/Build/Sierra/src/FinOM/FinOM.Test/bin/Debug/FinOM.Test.DLL" adapterTypeName="Microsoft.VisualStudio.TestTools.TestTypes.Unit.UnitTestAdapter, Microsoft.VisualStudio.QualityTools.Tips.UnitTest.Adapter, Version=10.0.0.0, Culture=neutral, PublicKeyToken=b03f5f7f11d50a3a" className="FinOM.Test.TS.Core.DateTimeTimeSeriesExprTests, FinOM.Test, Version=1.0.0.0, Culture=neutral, PublicKeyToken=null" name="TodayTest" />
    </UnitTest>
    <UnitTest name="PriceFromLossGridCorrelationTest" storage="e:\teamcity_data\build\sierra\src\finom\finom.test\bin\debug\finom.test.dll" id="055c14a0-70c5-8865-14f0-8bd3b137b60a">
      <Execution timeOut="1000000" id="0f47f4c8-7341-4a9b-87a5-e7bf679ba6c9" />
      <TestMethod codeBase="E:/TeamCity_Data/Build/Sierra/src/FinOM/FinOM.Test/bin/Debug/FinOM.Test.DLL" adapterTypeName="Microsoft.VisualStudio.TestTools.TestTypes.Unit.UnitTestAdapter, Microsoft.VisualStudio.QualityTools.Tips.UnitTest.Adapter, Version=10.0.0.0, Culture=neutral, PublicKeyToken=b03f5f7f11d50a3a" className="FinOM.Test.Credit.CDOTrancheTest, FinOM.Test, Version=1.0.0.0, Culture=neutral, PublicKeyToken=null" name="PriceFromLossGridCorrelationTest" />
    </UnitTest>
    <UnitTest name="SameCellFromList" storage="e:\teamcity_data\build\sierra\src\finom\finom.test\bin\debug\finom.test.dll" id="eb84bca7-88bb-c2af-bfd0-5c726064d63d">
      <Execution id="86892e08-09eb-46de-89a4-b8389d89a940" />
      <TestMethod codeBase="E:/TeamCity_Data/Build/Sierra/src/FinOM/FinOM.Test/bin/Debug/FinOM.Test.DLL" adapterTypeName="Microsoft.VisualStudio.TestTools.TestTypes.Unit.UnitTestAdapter, Microsoft.VisualStudio.QualityTools.Tips.UnitTest.Adapter, Version=10.0.0.0, Culture=neutral, PublicKeyToken=b03f5f7f11d50a3a" className="FinOM.Test.Credit.CDOTrancheTest, FinOM.Test, Version=1.0.0.0, Culture=neutral, PublicKeyToken=null" name="SameCellFromList" />
    </UnitTest>
    <UnitTest name="ThenTest" storage="e:\teamcity_data\build\sierra\src\finom\finom.test\bin\debug\finom.test.dll" id="fb98d00a-62bf-3db5-3c6c-e518a145c069">
      <Execution id="5f5f304a-89e6-4c12-9253-31ba253be493" />
      <TestMethod codeBase="E:/TeamCity_Data/Build/Sierra/src/FinOM/FinOM.Test/bin/Debug/FinOM.Test.DLL" adapterTypeName="Microsoft.VisualStudio.TestTools.TestTypes.Unit.UnitTestAdapter, Microsoft.VisualStudio.QualityTools.Tips.UnitTest.Adapter, Version=10.0.0.0, Culture=neutral, PublicKeyToken=b03f5f7f11d50a3a" className="FinOM.Test.TS.Core.DateTimeTimeSeriesExprTests, FinOM.Test, Version=1.0.0.0, Culture=neutral, PublicKeyToken=null" name="ThenTest" />
    </UnitTest>
    <UnitTest name="TracerTest2" storage="e:\teamcity_data\build\sierra\src\finom\finom.test\bin\debug\finom.test.dll" id="545d326f-a13b-9dd0-102e-3193632b0841">
      <Execution id="01ac67c9-0f2a-4822-9ad5-de11f9e33b48" />
      <TestMethod codeBase="E:/TeamCity_Data/Build/Sierra/src/FinOM/FinOM.Test/bin/Debug/FinOM.Test.DLL" adapterTypeName="Microsoft.VisualStudio.TestTools.TestTypes.Unit.UnitTestAdapter, Microsoft.VisualStudio.QualityTools.Tips.UnitTest.Adapter, Version=10.0.0.0, Culture=neutral, PublicKeyToken=b03f5f7f11d50a3a" className="FinOM.Test.FinanceAnalytics.TracerTest, FinOM.Test, Version=1.0.0.0, Culture=neutral, PublicKeyToken=null" name="TracerTest2" />
    </UnitTest>
    <UnitTest name="IndexerTest" storage="e:\teamcity_data\build\sierra\src\finom\finom.test\bin\debug\finom.test.dll" id="7c50dc9b-8bb3-ae4a-a115-3ec5d837ab40">
      <Execution id="c60896ff-830f-4a1c-997c-9ebbdbaefa34" />
      <TestMethod codeBase="E:/TeamCity_Data/Build/Sierra/src/FinOM/FinOM.Test/bin/Debug/FinOM.Test.DLL" adapterTypeName="Microsoft.VisualStudio.TestTools.TestTypes.Unit.UnitTestAdapter, Microsoft.VisualStudio.QualityTools.Tips.UnitTest.Adapter, Version=10.0.0.0, Culture=neutral, PublicKeyToken=b03f5f7f11d50a3a" className="FinOM.Test.TS.Core.SegmentOfRecurringTimelineTests, FinOM.Test, Version=1.0.0.0, Culture=neutral, PublicKeyToken=null" name="IndexerTest" />
    </UnitTest>
    <UnitTest name="DifferenceOfGuideTest" storage="e:\teamcity_data\build\sierra\src\finom\finom.test\bin\debug\finom.test.dll" id="1596d980-5e27-4a92-8091-b6575a9fc7f0">
      <Execution id="62e79c7b-aa70-4564-bbca-61ff12065566" />
      <TestMethod codeBase="E:/TeamCity_Data/Build/Sierra/src/FinOM/FinOM.Test/bin/Debug/FinOM.Test.DLL" adapterTypeName="Microsoft.VisualStudio.TestTools.TestTypes.Unit.UnitTestAdapter, Microsoft.VisualStudio.QualityTools.Tips.UnitTest.Adapter, Version=10.0.0.0, Culture=neutral, PublicKeyToken=b03f5f7f11d50a3a" className="FinOM.Test.TS.Core.RandomMixedCombinedTimelinesTests, FinOM.Test, Version=1.0.0.0, Culture=neutral, PublicKeyToken=null" name="DifferenceOfGuideTest" />
    </UnitTest>
    <UnitTest name="IndexerTest" storage="e:\teamcity_data\build\sierra\src\finom\finom.test\bin\debug\finom.test.dll" id="1712597e-2076-df49-dc6f-3d941b7026f9">
      <Execution id="92d9b965-6508-408b-80d9-2b7fb7933f6a" />
      <TestMethod codeBase="E:/TeamCity_Data/Build/Sierra/src/FinOM/FinOM.Test/bin/Debug/FinOM.Test.DLL" adapterTypeName="Microsoft.VisualStudio.TestTools.TestTypes.Unit.UnitTestAdapter, Microsoft.VisualStudio.QualityTools.Tips.UnitTest.Adapter, Version=10.0.0.0, Culture=neutral, PublicKeyToken=b03f5f7f11d50a3a" className="FinOM.Test.TS.Core.IntradayOfWeekdayWithCutTimelineTests, FinOM.Test, Version=1.0.0.0, Culture=neutral, PublicKeyToken=null" name="IndexerTest" />
    </UnitTest>
    <UnitTest name="TSDailyLoadableSeriesTest1" storage="e:\teamcity_data\build\sierra\src\finom\finom.test\bin\debug\finom.test.dll" id="6d98fb1e-e3fb-e6bb-b32c-4c761cd7e1b1">
      <Execution id="bf5753fe-1396-4cde-afe1-4438495d3f3a" />
      <TestMethod codeBase="E:/TeamCity_Data/Build/Sierra/src/FinOM/FinOM.Test/bin/Debug/FinOM.Test.DLL" adapterTypeName="Microsoft.VisualStudio.TestTools.TestTypes.Unit.UnitTestAdapter, Microsoft.VisualStudio.QualityTools.Tips.UnitTest.Adapter, Version=10.0.0.0, Culture=neutral, PublicKeyToken=b03f5f7f11d50a3a" className="FinOM.Test.TS.Data.TSLoadableSeriesTests, FinOM.Test, Version=1.0.0.0, Culture=neutral, PublicKeyToken=null" name="TSDailyLoadableSeriesTest1" />
    </UnitTest>
    <UnitTest name="EmptyTimelineAfterFinishStartEnumeratorTest" storage="e:\teamcity_data\build\sierra\src\finom\finom.test\bin\debug\finom.test.dll" id="1859dd2d-7bc7-b425-1f01-25450abe9ed5">
      <Execution id="832832e3-0b9b-4ff7-abe8-d4f27b81970b" />
      <TestMethod codeBase="E:/TeamCity_Data/Build/Sierra/src/FinOM/FinOM.Test/bin/Debug/FinOM.Test.DLL" adapterTypeName="Microsoft.VisualStudio.TestTools.TestTypes.Unit.UnitTestAdapter, Microsoft.VisualStudio.QualityTools.Tips.UnitTest.Adapter, Version=10.0.0.0, Culture=neutral, PublicKeyToken=b03f5f7f11d50a3a" className="FinOM.Test.TS.Core.OutOfIterationTimelinesEnumeratorTests, FinOM.Test, Version=1.0.0.0, Culture=neutral, PublicKeyToken=null" name="EmptyTimelineAfterFinishStartEnumeratorTest" />
    </UnitTest>
    <UnitTest name="SymDiffOfIntersectionTest" storage="e:\teamcity_data\build\sierra\src\finom\finom.test\bin\debug\finom.test.dll" id="b3dc2562-50e3-8f2e-ad69-fb8d121b07d0">
      <Execution id="43d17bbe-94f1-4e68-a773-64dfabbe2c1d" />
      <TestMethod codeBase="E:/TeamCity_Data/Build/Sierra/src/FinOM/FinOM.Test/bin/Debug/FinOM.Test.DLL" adapterTypeName="Microsoft.VisualStudio.TestTools.TestTypes.Unit.UnitTestAdapter, Microsoft.VisualStudio.QualityTools.Tips.UnitTest.Adapter, Version=10.0.0.0, Culture=neutral, PublicKeyToken=b03f5f7f11d50a3a" className="FinOM.Test.TS.Core.StepsMixedCombinedTimelinesTests, FinOM.Test, Version=1.0.0.0, Culture=neutral, PublicKeyToken=null" name="SymDiffOfIntersectionTest" />
    </UnitTest>
    <UnitTest name="TanTest" storage="e:\teamcity_data\build\sierra\src\finom\finom.test\bin\debug\finom.test.dll" id="459b84ef-8984-a731-5e1e-a044e2f5d86b">
      <Execution id="aa9eec7a-93f1-4a21-b4b2-036a2c4b064f" />
      <TestMethod codeBase="E:/TeamCity_Data/Build/Sierra/src/FinOM/FinOM.Test/bin/Debug/FinOM.Test.DLL" adapterTypeName="Microsoft.VisualStudio.TestTools.TestTypes.Unit.UnitTestAdapter, Microsoft.VisualStudio.QualityTools.Tips.UnitTest.Adapter, Version=10.0.0.0, Culture=neutral, PublicKeyToken=b03f5f7f11d50a3a" className="FinOM.Test.TS.Core.MathTimeSeriesExprTests, FinOM.Test, Version=1.0.0.0, Culture=neutral, PublicKeyToken=null" name="TanTest" />
    </UnitTest>
    <UnitTest name="EquivGridPnlTest" storage="e:\teamcity_data\build\sierra\src\finom\finom.test\bin\debug\finom.test.dll" id="d645ba9c-1379-99db-2a10-3ad389eda5fe">
      <Execution id="d4b4b331-756b-43f6-ab3b-c46e492f535b" />
      <TestMethod codeBase="E:/TeamCity_Data/Build/Sierra/src/FinOM/FinOM.Test/bin/Debug/FinOM.Test.DLL" adapterTypeName="Microsoft.VisualStudio.TestTools.TestTypes.Unit.UnitTestAdapter, Microsoft.VisualStudio.QualityTools.Tips.UnitTest.Adapter, Version=10.0.0.0, Culture=neutral, PublicKeyToken=b03f5f7f11d50a3a" className="FinOM.Test.FinanceScenarios.FixedLossGridTest, FinOM.Test, Version=1.0.0.0, Culture=neutral, PublicKeyToken=null" name="EquivGridPnlTest" />
    </UnitTest>
    <UnitTest name="SymDiffOfSymDiffTest" storage="e:\teamcity_data\build\sierra\src\finom\finom.test\bin\debug\finom.test.dll" id="451f5fc7-9706-d202-097e-2caaa6d5a9e5">
      <Execution id="dea5c4e3-de66-4e34-a4e0-650ca46d4b29" />
      <TestMethod codeBase="E:/TeamCity_Data/Build/Sierra/src/FinOM/FinOM.Test/bin/Debug/FinOM.Test.DLL" adapterTypeName="Microsoft.VisualStudio.TestTools.TestTypes.Unit.UnitTestAdapter, Microsoft.VisualStudio.QualityTools.Tips.UnitTest.Adapter, Version=10.0.0.0, Culture=neutral, PublicKeyToken=b03f5f7f11d50a3a" className="FinOM.Test.TS.Core.StepsMixedCombinedTimelinesTests, FinOM.Test, Version=1.0.0.0, Culture=neutral, PublicKeyToken=null" name="SymDiffOfSymDiffTest" />
    </UnitTest>
    <UnitTest name="AddViaValuesLong" storage="e:\teamcity_data\build\sierra\src\finom\finom.test\bin\debug\finom.test.dll" id="39e3534d-88bb-ab6c-2a82-2fdb6cacadd3">
      <Execution id="495a58ae-9306-4d83-9461-06949c6dd4b1" />
      <TestMethod codeBase="E:/TeamCity_Data/Build/Sierra/src/FinOM/FinOM.Test/bin/Debug/FinOM.Test.DLL" adapterTypeName="Microsoft.VisualStudio.TestTools.TestTypes.Unit.UnitTestAdapter, Microsoft.VisualStudio.QualityTools.Tips.UnitTest.Adapter, Version=10.0.0.0, Culture=neutral, PublicKeyToken=b03f5f7f11d50a3a" className="FinOM.Test.Cells.CellMathTests, FinOM.Test, Version=1.0.0.0, Culture=neutral, PublicKeyToken=null" name="AddViaValuesLong" />
    </UnitTest>
    <UnitTest name="CosTest" storage="e:\teamcity_data\build\sierra\src\finom\finom.test\bin\debug\finom.test.dll" id="60694f05-e885-3ae2-742e-aa416ba50ed9">
      <Execution id="fc7c5ec8-578e-46ea-84fb-fce655a164e4" />
      <TestMethod codeBase="E:/TeamCity_Data/Build/Sierra/src/FinOM/FinOM.Test/bin/Debug/FinOM.Test.DLL" adapterTypeName="Microsoft.VisualStudio.TestTools.TestTypes.Unit.UnitTestAdapter, Microsoft.VisualStudio.QualityTools.Tips.UnitTest.Adapter, Version=10.0.0.0, Culture=neutral, PublicKeyToken=b03f5f7f11d50a3a" className="FinOM.Test.TS.Core.MathTimeSeriesExprTests, FinOM.Test, Version=1.0.0.0, Culture=neutral, PublicKeyToken=null" name="CosTest" />
    </UnitTest>
    <UnitTest name="SubTimelineSegmentTest" storage="e:\teamcity_data\build\sierra\src\finom\finom.test\bin\debug\finom.test.dll" id="2998c055-62eb-8cd6-61e5-0ffc890350c6">
      <Execution id="a604606a-7c90-4c7a-b5c7-4af8e33f60f7" />
      <TestMethod codeBase="E:/TeamCity_Data/Build/Sierra/src/FinOM/FinOM.Test/bin/Debug/FinOM.Test.DLL" adapterTypeName="Microsoft.VisualStudio.TestTools.TestTypes.Unit.UnitTestAdapter, Microsoft.VisualStudio.QualityTools.Tips.UnitTest.Adapter, Version=10.0.0.0, Culture=neutral, PublicKeyToken=b03f5f7f11d50a3a" className="FinOM.Test.TS.Core.OffsetOfExplicitTimelineTests, FinOM.Test, Version=1.0.0.0, Culture=neutral, PublicKeyToken=null" name="SubTimelineSegmentTest" />
    </UnitTest>
    <UnitTest name="CountTest" storage="e:\teamcity_data\build\sierra\src\finom\finom.test\bin\debug\finom.test.dll" id="335e3432-98f8-ce0e-be89-0e50bd4e51c5">
      <Execution id="27259e9e-e7f6-45e4-b01f-7148fe55be15" />
      <TestMethod codeBase="E:/TeamCity_Data/Build/Sierra/src/FinOM/FinOM.Test/bin/Debug/FinOM.Test.DLL" adapterTypeName="Microsoft.VisualStudio.TestTools.TestTypes.Unit.UnitTestAdapter, Microsoft.VisualStudio.QualityTools.Tips.UnitTest.Adapter, Version=10.0.0.0, Culture=neutral, PublicKeyToken=b03f5f7f11d50a3a" className="FinOM.Test.TS.Core.SegmentOfExplicitTimelineTests, FinOM.Test, Version=1.0.0.0, Culture=neutral, PublicKeyToken=null" name="CountTest" />
    </UnitTest>
    <UnitTest name="IntradayTest" storage="e:\teamcity_data\build\sierra\src\finom\finom.test\bin\debug\finom.test.dll" id="6e29bfff-6957-9ba7-7274-c896b78026f7">
      <Execution id="b57a41f2-3bd7-476d-9aa1-73cd7ee076b1" />
      <TestMethod codeBase="E:/TeamCity_Data/Build/Sierra/src/FinOM/FinOM.Test/bin/Debug/FinOM.Test.DLL" adapterTypeName="Microsoft.VisualStudio.TestTools.TestTypes.Unit.UnitTestAdapter, Microsoft.VisualStudio.QualityTools.Tips.UnitTest.Adapter, Version=10.0.0.0, Culture=neutral, PublicKeyToken=b03f5f7f11d50a3a" className="FinOM.Test.TS.Core.WorkdayRecurrenceTests, FinOM.Test, Version=1.0.0.0, Culture=neutral, PublicKeyToken=null" name="IntradayTest" />
    </UnitTest>
    <UnitTest name="JumpRatingTranscription2" storage="e:\teamcity_data\build\sierra\src\finom\finom.test\bin\debug\finom.test.dll" id="558e8657-2c28-54e0-d4bc-eca5348ac349">
      <Execution id="95590119-08fd-4108-b23f-e9836850d554" />
      <TestMethod codeBase="E:/TeamCity_Data/Build/Sierra/src/FinOM/FinOM.Test/bin/Debug/FinOM.Test.DLL" adapterTypeName="Microsoft.VisualStudio.TestTools.TestTypes.Unit.UnitTestAdapter, Microsoft.VisualStudio.QualityTools.Tips.UnitTest.Adapter, Version=10.0.0.0, Culture=neutral, PublicKeyToken=b03f5f7f11d50a3a" className="FinOM.Analytics.Test.JumpRatingTest, FinOM.Test, Version=1.0.0.0, Culture=neutral, PublicKeyToken=null" name="JumpRatingTranscription2" />
    </UnitTest>
    <UnitTest name="TimeIndexCeilingTest" storage="e:\teamcity_data\build\sierra\src\finom\finom.test\bin\debug\finom.test.dll" id="08b0b5d5-0d75-cdc1-5938-e1523ce2f2b5">
      <Execution id="e41daf40-1365-4587-8611-9af117e84c82" />
      <TestMethod codeBase="E:/TeamCity_Data/Build/Sierra/src/FinOM/FinOM.Test/bin/Debug/FinOM.Test.DLL" adapterTypeName="Microsoft.VisualStudio.TestTools.TestTypes.Unit.UnitTestAdapter, Microsoft.VisualStudio.QualityTools.Tips.UnitTest.Adapter, Version=10.0.0.0, Culture=neutral, PublicKeyToken=b03f5f7f11d50a3a" className="FinOM.Test.TS.Core.SegmentOfExplicitTimelineTests, FinOM.Test, Version=1.0.0.0, Culture=neutral, PublicKeyToken=null" name="TimeIndexCeilingTest" />
    </UnitTest>
    <UnitTest name="MultipleTimelinesIntersectionTest2" storage="e:\teamcity_data\build\sierra\src\finom\finom.test\bin\debug\finom.test.dll" id="7577bd33-eefc-51e7-3774-ee6680790273">
      <Execution id="e30167ca-28e0-4d64-be2d-22f132c08749" />
      <TestMethod codeBase="E:/TeamCity_Data/Build/Sierra/src/FinOM/FinOM.Test/bin/Debug/FinOM.Test.DLL" adapterTypeName="Microsoft.VisualStudio.TestTools.TestTypes.Unit.UnitTestAdapter, Microsoft.VisualStudio.QualityTools.Tips.UnitTest.Adapter, Version=10.0.0.0, Culture=neutral, PublicKeyToken=b03f5f7f11d50a3a" className="FinOM.Test.TS.Core.MultipleTimelinesIntersectionTests, FinOM.Test, Version=1.0.0.0, Culture=neutral, PublicKeyToken=null" name="MultipleTimelinesIntersectionTest2" />
    </UnitTest>
    <UnitTest name="ScenarioDeriveTest2" storage="e:\teamcity_data\build\sierra\src\finom\finom.test\bin\debug\finom.test.dll" id="d490dbec-b8a8-5799-7e83-04603b93e0a8">
      <Execution id="9011d958-282c-4554-beb7-e5afeded856e" />
      <TestMethod codeBase="E:/TeamCity_Data/Build/Sierra/src/FinOM/FinOM.Test/bin/Debug/FinOM.Test.DLL" adapterTypeName="Microsoft.VisualStudio.TestTools.TestTypes.Unit.UnitTestAdapter, Microsoft.VisualStudio.QualityTools.Tips.UnitTest.Adapter, Version=10.0.0.0, Culture=neutral, PublicKeyToken=b03f5f7f11d50a3a" className="FinOM.Test.Cells.CellTest, FinOM.Test, Version=1.0.0.0, Culture=neutral, PublicKeyToken=null" name="ScenarioDeriveTest2" />
    </UnitTest>
    <UnitTest name="RetrieveNewRecovery" storage="e:\teamcity_data\build\sierra\src\finom\finom.test\bin\debug\finom.test.dll" id="e91ffa97-579e-dea8-238f-f93e883e9fd7">
      <Execution id="360a0ae7-429f-4c86-92ff-d168aa435520" />
      <TestMethod codeBase="E:/TeamCity_Data/Build/Sierra/src/FinOM/FinOM.Test/bin/Debug/FinOM.Test.DLL" adapterTypeName="Microsoft.VisualStudio.TestTools.TestTypes.Unit.UnitTestAdapter, Microsoft.VisualStudio.QualityTools.Tips.UnitTest.Adapter, Version=10.0.0.0, Culture=neutral, PublicKeyToken=b03f5f7f11d50a3a" className="FinOM.Test.Credit.CDSTest, FinOM.Test, Version=1.0.0.0, Culture=neutral, PublicKeyToken=null" name="RetrieveNewRecovery" />
    </UnitTest>
    <UnitTest name="FeeLegTest" storage="e:\teamcity_data\build\sierra\src\finom\finom.test\bin\debug\finom.test.dll" id="369c7d63-1c2f-2ea9-6917-f85f0e776efa">
      <Execution id="6991ee91-bc7b-4d73-b507-477c0d4168dd" />
      <TestMethod codeBase="E:/TeamCity_Data/Build/Sierra/src/FinOM/FinOM.Test/bin/Debug/FinOM.Test.DLL" adapterTypeName="Microsoft.VisualStudio.TestTools.TestTypes.Unit.UnitTestAdapter, Microsoft.VisualStudio.QualityTools.Tips.UnitTest.Adapter, Version=10.0.0.0, Culture=neutral, PublicKeyToken=b03f5f7f11d50a3a" className="FinOM.Test.Credit.CDSTest, FinOM.Test, Version=1.0.0.0, Culture=neutral, PublicKeyToken=null" name="FeeLegTest" />
    </UnitTest>
    <UnitTest name="EnumeratorTest" storage="e:\teamcity_data\build\sierra\src\finom\finom.test\bin\debug\finom.test.dll" id="e03b8fe5-f9e2-b3c9-a6ea-dc436f82e919">
      <Execution id="aa3148c6-3112-4bf4-b118-3e876ff9e089" />
      <TestMethod codeBase="E:/TeamCity_Data/Build/Sierra/src/FinOM/FinOM.Test/bin/Debug/FinOM.Test.DLL" adapterTypeName="Microsoft.VisualStudio.TestTools.TestTypes.Unit.UnitTestAdapter, Microsoft.VisualStudio.QualityTools.Tips.UnitTest.Adapter, Version=10.0.0.0, Culture=neutral, PublicKeyToken=b03f5f7f11d50a3a" className="FinOM.Test.TS.Core.IntradayOfWeekdayWithCutTimelineTests, FinOM.Test, Version=1.0.0.0, Culture=neutral, PublicKeyToken=null" name="EnumeratorTest" />
    </UnitTest>
    <UnitTest name="BinaryDifference2Test" storage="e:\teamcity_data\build\sierra\src\finom\finom.test\bin\debug\finom.test.dll" id="e15c8bda-f8c7-2318-5995-060dc7beae4f">
      <Execution id="bc259934-1ddc-4626-bc75-c8aea8d283d7" />
      <TestMethod codeBase="E:/TeamCity_Data/Build/Sierra/src/FinOM/FinOM.Test/bin/Debug/FinOM.Test.DLL" adapterTypeName="Microsoft.VisualStudio.TestTools.TestTypes.Unit.UnitTestAdapter, Microsoft.VisualStudio.QualityTools.Tips.UnitTest.Adapter, Version=10.0.0.0, Culture=neutral, PublicKeyToken=b03f5f7f11d50a3a" className="FinOM.Test.TS.Core.BinaryExpectedCombinedTimelinesTests, FinOM.Test, Version=1.0.0.0, Culture=neutral, PublicKeyToken=null" name="BinaryDifference2Test" />
    </UnitTest>
    <UnitTest name="RefreshOutsideContext" storage="e:\teamcity_data\build\sierra\src\finom\finom.test\bin\debug\finom.test.dll" id="7421e635-c670-4274-a3db-8dc99b4eed36">
      <Execution id="fc22d342-6756-4c81-bcc6-b278b390048f" />
      <TestMethod codeBase="E:/TeamCity_Data/Build/Sierra/src/FinOM/FinOM.Test/bin/Debug/FinOM.Test.DLL" adapterTypeName="Microsoft.VisualStudio.TestTools.TestTypes.Unit.UnitTestAdapter, Microsoft.VisualStudio.QualityTools.Tips.UnitTest.Adapter, Version=10.0.0.0, Culture=neutral, PublicKeyToken=b03f5f7f11d50a3a" className="FinOM.Test.Credit.CDOTrancheTest, FinOM.Test, Version=1.0.0.0, Culture=neutral, PublicKeyToken=null" name="RefreshOutsideContext" />
    </UnitTest>
    <UnitTest name="TestCreatePerson" storage="e:\teamcity_data\build\sierra\src\finom\finom.test\bin\debug\finom.test.dll" id="c10e6076-1cc7-a18c-34fc-2d3eb6575455">
      <Execution id="5b6ce720-c124-4dd9-a1fb-fd1af0dd0463" />
      <TestMethod codeBase="E:/TeamCity_Data/Build/Sierra/src/FinOM/FinOM.Test/bin/Debug/FinOM.Test.DLL" adapterTypeName="Microsoft.VisualStudio.TestTools.TestTypes.Unit.UnitTestAdapter, Microsoft.VisualStudio.QualityTools.Tips.UnitTest.Adapter, Version=10.0.0.0, Culture=neutral, PublicKeyToken=b03f5f7f11d50a3a" className="FinOM.Test.Mongo.MongoTests, FinOM.Test, Version=1.0.0.0, Culture=neutral, PublicKeyToken=null" name="TestCreatePerson" />
    </UnitTest>
    <UnitTest name="QueryByBmid" storage="e:\teamcity_data\build\sierra\src\finom\finom.test\bin\debug\finom.test.dll" id="82ea481c-72c8-ba8c-3f39-8c651f5eb54a">
      <Execution id="22e959ce-8e3e-49cf-b83e-d4e4ed7a049d" />
      <TestMethod codeBase="E:/TeamCity_Data/Build/Sierra/src/FinOM/FinOM.Test/bin/Debug/FinOM.Test.DLL" adapterTypeName="Microsoft.VisualStudio.TestTools.TestTypes.Unit.UnitTestAdapter, Microsoft.VisualStudio.QualityTools.Tips.UnitTest.Adapter, Version=10.0.0.0, Culture=neutral, PublicKeyToken=b03f5f7f11d50a3a" className="FinOM.Analytics.Test.TransactionTests, FinOM.Test, Version=1.0.0.0, Culture=neutral, PublicKeyToken=null" name="QueryByBmid" />
    </UnitTest>
    <UnitTest name="TimeIndexFloorSegmentTest" storage="e:\teamcity_data\build\sierra\src\finom\finom.test\bin\debug\finom.test.dll" id="919a5d61-7282-3464-0add-47804239e527">
      <Execution id="ec0be84c-65e6-49ce-a591-bc479e6368dd" />
      <TestMethod codeBase="E:/TeamCity_Data/Build/Sierra/src/FinOM/FinOM.Test/bin/Debug/FinOM.Test.DLL" adapterTypeName="Microsoft.VisualStudio.TestTools.TestTypes.Unit.UnitTestAdapter, Microsoft.VisualStudio.QualityTools.Tips.UnitTest.Adapter, Version=10.0.0.0, Culture=neutral, PublicKeyToken=b03f5f7f11d50a3a" className="FinOM.Test.TS.Core.SegmentOfRecurringTimelineTests, FinOM.Test, Version=1.0.0.0, Culture=neutral, PublicKeyToken=null" name="TimeIndexFloorSegmentTest" />
    </UnitTest>
    <UnitTest name="TimeIndexCeilingTest" storage="e:\teamcity_data\build\sierra\src\finom\finom.test\bin\debug\finom.test.dll" id="078c761c-d79f-74b4-3e42-8d318f0103c6">
      <Execution id="9da33398-a9a9-478c-8c99-eef824d54bff" />
      <TestMethod codeBase="E:/TeamCity_Data/Build/Sierra/src/FinOM/FinOM.Test/bin/Debug/FinOM.Test.DLL" adapterTypeName="Microsoft.VisualStudio.TestTools.TestTypes.Unit.UnitTestAdapter, Microsoft.VisualStudio.QualityTools.Tips.UnitTest.Adapter, Version=10.0.0.0, Culture=neutral, PublicKeyToken=b03f5f7f11d50a3a" className="FinOM.Test.TS.Core.IntradayOfDailyTimelineTests, FinOM.Test, Version=1.0.0.0, Culture=neutral, PublicKeyToken=null" name="TimeIndexCeilingTest" />
    </UnitTest>
    <UnitTest name="TestQueryTrs" storage="e:\teamcity_data\build\sierra\src\finom\finom.test\bin\debug\finom.test.dll" id="741c2c27-c952-ffb1-9df9-a1de226b794c">
      <Execution id="4b4b5500-fccf-47be-a5d5-b42c3aca1d50" />
      <TestMethod codeBase="E:/TeamCity_Data/Build/Sierra/src/FinOM/FinOM.Test/bin/Debug/FinOM.Test.DLL" adapterTypeName="Microsoft.VisualStudio.TestTools.TestTypes.Unit.UnitTestAdapter, Microsoft.VisualStudio.QualityTools.Tips.UnitTest.Adapter, Version=10.0.0.0, Culture=neutral, PublicKeyToken=b03f5f7f11d50a3a" className="FinOM.Analytics.Test.TransactionTests, FinOM.Test, Version=1.0.0.0, Culture=neutral, PublicKeyToken=null" name="TestQueryTrs" />
    </UnitTest>
    <UnitTest name="ExpTest" storage="e:\teamcity_data\build\sierra\src\finom\finom.test\bin\debug\finom.test.dll" id="c3aaf3a1-4bec-679d-b15c-2f11bcf8ef50">
      <Execution id="3d3b18e1-eb28-435f-9d17-442e2ba2e183" />
      <TestMethod codeBase="E:/TeamCity_Data/Build/Sierra/src/FinOM/FinOM.Test/bin/Debug/FinOM.Test.DLL" adapterTypeName="Microsoft.VisualStudio.TestTools.TestTypes.Unit.UnitTestAdapter, Microsoft.VisualStudio.QualityTools.Tips.UnitTest.Adapter, Version=10.0.0.0, Culture=neutral, PublicKeyToken=b03f5f7f11d50a3a" className="FinOM.Test.TS.Core.MathTimeSeriesExprTests, FinOM.Test, Version=1.0.0.0, Culture=neutral, PublicKeyToken=null" name="ExpTest" />
    </UnitTest>
    <UnitTest name="IndexOfNonExistingTest" storage="e:\teamcity_data\build\sierra\src\finom\finom.test\bin\debug\finom.test.dll" id="b93b5a3f-be95-6415-8e9d-aea801688897">
      <Execution id="091579b8-b23e-4cf6-b44f-ca2d77538bc5" />
      <TestMethod codeBase="E:/TeamCity_Data/Build/Sierra/src/FinOM/FinOM.Test/bin/Debug/FinOM.Test.DLL" adapterTypeName="Microsoft.VisualStudio.TestTools.TestTypes.Unit.UnitTestAdapter, Microsoft.VisualStudio.QualityTools.Tips.UnitTest.Adapter, Version=10.0.0.0, Culture=neutral, PublicKeyToken=b03f5f7f11d50a3a" className="FinOM.Test.TS.Core.RecurringTimelineTests, FinOM.Test, Version=1.0.0.0, Culture=neutral, PublicKeyToken=null" name="IndexOfNonExistingTest" />
    </UnitTest>
    <UnitTest name="MultipleTimelinesIntersectionTest1" storage="e:\teamcity_data\build\sierra\src\finom\finom.test\bin\debug\finom.test.dll" id="18af348d-b6d1-7e8b-2228-abb7ab6637eb">
      <Execution id="d65f5c7c-44fc-48e9-9b08-e86fdeb83643" />
      <TestMethod codeBase="E:/TeamCity_Data/Build/Sierra/src/FinOM/FinOM.Test/bin/Debug/FinOM.Test.DLL" adapterTypeName="Microsoft.VisualStudio.TestTools.TestTypes.Unit.UnitTestAdapter, Microsoft.VisualStudio.QualityTools.Tips.UnitTest.Adapter, Version=10.0.0.0, Culture=neutral, PublicKeyToken=b03f5f7f11d50a3a" className="FinOM.Test.TS.Core.MultipleTimelinesIntersectionTests, FinOM.Test, Version=1.0.0.0, Culture=neutral, PublicKeyToken=null" name="MultipleTimelinesIntersectionTest1" />
    </UnitTest>
    <UnitTest name="CompatibleWithTest" storage="e:\teamcity_data\build\sierra\src\finom\finom.test\bin\debug\finom.test.dll" id="1b37aec3-3ea6-c4d9-3dda-7b6b582dc928">
      <Execution id="e394d111-00cc-40f7-848a-f3dd1c9bad81" />
      <TestMethod codeBase="E:/TeamCity_Data/Build/Sierra/src/FinOM/FinOM.Test/bin/Debug/FinOM.Test.DLL" adapterTypeName="Microsoft.VisualStudio.TestTools.TestTypes.Unit.UnitTestAdapter, Microsoft.VisualStudio.QualityTools.Tips.UnitTest.Adapter, Version=10.0.0.0, Culture=neutral, PublicKeyToken=b03f5f7f11d50a3a" className="FinOM.Test.TS.Core.WorkdayRecurrenceTests, FinOM.Test, Version=1.0.0.0, Culture=neutral, PublicKeyToken=null" name="CompatibleWithTest" />
    </UnitTest>
    <UnitTest name="QueryByBmid2" storage="e:\teamcity_data\build\sierra\src\finom\finom.test\bin\debug\finom.test.dll" id="86e5cc8b-5ca0-c2f0-29ce-c14fece6c34a">
      <Execution id="0e68bce8-8646-4125-a1fc-e219983b9156" />
      <TestMethod codeBase="E:/TeamCity_Data/Build/Sierra/src/FinOM/FinOM.Test/bin/Debug/FinOM.Test.DLL" adapterTypeName="Microsoft.VisualStudio.TestTools.TestTypes.Unit.UnitTestAdapter, Microsoft.VisualStudio.QualityTools.Tips.UnitTest.Adapter, Version=10.0.0.0, Culture=neutral, PublicKeyToken=b03f5f7f11d50a3a" className="FinOM.Analytics.Test.TransactionTests, FinOM.Test, Version=1.0.0.0, Culture=neutral, PublicKeyToken=null" name="QueryByBmid2" />
    </UnitTest>
    <UnitTest name="DifferenceOfUnionTest" storage="e:\teamcity_data\build\sierra\src\finom\finom.test\bin\debug\finom.test.dll" id="90e55c6c-cff1-6224-85bc-c8573e7e4bfa">
      <Execution id="1fcf1c95-611c-4e9d-a072-41d854545033" />
      <TestMethod codeBase="E:/TeamCity_Data/Build/Sierra/src/FinOM/FinOM.Test/bin/Debug/FinOM.Test.DLL" adapterTypeName="Microsoft.VisualStudio.TestTools.TestTypes.Unit.UnitTestAdapter, Microsoft.VisualStudio.QualityTools.Tips.UnitTest.Adapter, Version=10.0.0.0, Culture=neutral, PublicKeyToken=b03f5f7f11d50a3a" className="FinOM.Test.TS.Core.StepsMixedCombinedTimelinesTests, FinOM.Test, Version=1.0.0.0, Culture=neutral, PublicKeyToken=null" name="DifferenceOfUnionTest" />
    </UnitTest>
    <UnitTest name="UnionTest" storage="e:\teamcity_data\build\sierra\src\finom\finom.test\bin\debug\finom.test.dll" id="423cb769-3c9a-da28-6e09-5abcf1cbb8dc">
      <Execution id="e31c5973-88bf-4668-bff7-2df2f12f16a6" />
      <TestMethod codeBase="E:/TeamCity_Data/Build/Sierra/src/FinOM/FinOM.Test/bin/Debug/FinOM.Test.DLL" adapterTypeName="Microsoft.VisualStudio.TestTools.TestTypes.Unit.UnitTestAdapter, Microsoft.VisualStudio.QualityTools.Tips.UnitTest.Adapter, Version=10.0.0.0, Culture=neutral, PublicKeyToken=b03f5f7f11d50a3a" className="FinOM.Test.TS.Core.StepsBlindCombinedTimelinesTests, FinOM.Test, Version=1.0.0.0, Culture=neutral, PublicKeyToken=null" name="UnionTest" />
    </UnitTest>
    <UnitTest name="CBATest" storage="e:\teamcity_data\build\sierra\src\finom\finom.test\bin\debug\finom.test.dll" id="a8a52c08-3603-1121-c69f-c97b70f892f7">
      <Execution id="826b45a4-4c86-45b6-adc1-b2ec5d47e247" />
      <TestMethod codeBase="E:/TeamCity_Data/Build/Sierra/src/FinOM/FinOM.Test/bin/Debug/FinOM.Test.DLL" adapterTypeName="Microsoft.VisualStudio.TestTools.TestTypes.Unit.UnitTestAdapter, Microsoft.VisualStudio.QualityTools.Tips.UnitTest.Adapter, Version=10.0.0.0, Culture=neutral, PublicKeyToken=b03f5f7f11d50a3a" className="FinOM.Test.TS.Core.SpliceTimeSeriesExprTests, FinOM.Test, Version=1.0.0.0, Culture=neutral, PublicKeyToken=null" name="CBATest" />
    </UnitTest>
    <UnitTest name="SymDiffOfDifferenceTest" storage="e:\teamcity_data\build\sierra\src\finom\finom.test\bin\debug\finom.test.dll" id="85fa0b90-2a40-8444-6780-a52e79f9db21">
      <Execution id="91c2e718-320c-4d03-ad47-94060c6ba8e4" />
      <TestMethod codeBase="E:/TeamCity_Data/Build/Sierra/src/FinOM/FinOM.Test/bin/Debug/FinOM.Test.DLL" adapterTypeName="Microsoft.VisualStudio.TestTools.TestTypes.Unit.UnitTestAdapter, Microsoft.VisualStudio.QualityTools.Tips.UnitTest.Adapter, Version=10.0.0.0, Culture=neutral, PublicKeyToken=b03f5f7f11d50a3a" className="FinOM.Test.TS.Core.StepsMixedCombinedTimelinesTests, FinOM.Test, Version=1.0.0.0, Culture=neutral, PublicKeyToken=null" name="SymDiffOfDifferenceTest" />
    </UnitTest>
    <UnitTest name="CDIIntrinsicFromUnderyingPriceTest" storage="e:\teamcity_data\build\sierra\src\finom\finom.test\bin\debug\finom.test.dll" id="f285a415-a02b-7c0e-ea79-7a11249cba28">
      <Execution id="13e1553a-6407-47bd-9b03-ddd94dd335af" />
      <TestMethod codeBase="E:/TeamCity_Data/Build/Sierra/src/FinOM/FinOM.Test/bin/Debug/FinOM.Test.DLL" adapterTypeName="Microsoft.VisualStudio.TestTools.TestTypes.Unit.UnitTestAdapter, Microsoft.VisualStudio.QualityTools.Tips.UnitTest.Adapter, Version=10.0.0.0, Culture=neutral, PublicKeyToken=b03f5f7f11d50a3a" className="FinOM.Test.Credit.CDITest, FinOM.Test, Version=1.0.0.0, Culture=neutral, PublicKeyToken=null" name="CDIIntrinsicFromUnderyingPriceTest" />
    </UnitTest>
    <UnitTest name="RemoveAndAddSameEntity" storage="e:\teamcity_data\build\sierra\src\finom\finom.test\bin\debug\finom.test.dll" id="7c2cd905-2316-8062-dfc2-0b34db4687db">
      <Execution id="f8c338df-54bc-43f6-b14d-3df97d2c362c" />
      <TestMethod codeBase="E:/TeamCity_Data/Build/Sierra/src/FinOM/FinOM.Test/bin/Debug/FinOM.Test.DLL" adapterTypeName="Microsoft.VisualStudio.TestTools.TestTypes.Unit.UnitTestAdapter, Microsoft.VisualStudio.QualityTools.Tips.UnitTest.Adapter, Version=10.0.0.0, Culture=neutral, PublicKeyToken=b03f5f7f11d50a3a" className="FinOM.Test.Data.BasketTest, FinOM.Test, Version=1.0.0.0, Culture=neutral, PublicKeyToken=null" name="RemoveAndAddSameEntity" />
    </UnitTest>
    <UnitTest name="ScenarioDeriveTest" storage="e:\teamcity_data\build\sierra\src\finom\finom.test\bin\debug\finom.test.dll" id="f4049122-1743-890f-1c99-c8b6396315cc">
      <Execution id="c42a22a0-aacb-4ea3-a59c-450f48fb61ad" />
      <TestMethod codeBase="E:/TeamCity_Data/Build/Sierra/src/FinOM/FinOM.Test/bin/Debug/FinOM.Test.DLL" adapterTypeName="Microsoft.VisualStudio.TestTools.TestTypes.Unit.UnitTestAdapter, Microsoft.VisualStudio.QualityTools.Tips.UnitTest.Adapter, Version=10.0.0.0, Culture=neutral, PublicKeyToken=b03f5f7f11d50a3a" className="FinOM.Test.Cells.CellTest, FinOM.Test, Version=1.0.0.0, Culture=neutral, PublicKeyToken=null" name="ScenarioDeriveTest" />
    </UnitTest>
    <UnitTest name="SubTimelineIndirectTest" storage="e:\teamcity_data\build\sierra\src\finom\finom.test\bin\debug\finom.test.dll" id="2477c0a2-e00d-e5cb-f6c3-bc7ce9bbb8e6">
      <Execution id="5b07b09a-0b30-4fd2-8eb3-2c8d33ea5c37" />
      <TestMethod codeBase="E:/TeamCity_Data/Build/Sierra/src/FinOM/FinOM.Test/bin/Debug/FinOM.Test.DLL" adapterTypeName="Microsoft.VisualStudio.TestTools.TestTypes.Unit.UnitTestAdapter, Microsoft.VisualStudio.QualityTools.Tips.UnitTest.Adapter, Version=10.0.0.0, Culture=neutral, PublicKeyToken=b03f5f7f11d50a3a" className="FinOM.Test.TS.Core.IntradayOfWorkdayWithCutTimelineTests, FinOM.Test, Version=1.0.0.0, Culture=neutral, PublicKeyToken=null" name="SubTimelineIndirectTest" />
    </UnitTest>
    <UnitTest name="EqSpxCloseForwardRefTest" storage="e:\teamcity_data\build\sierra\src\finom\finom.test\bin\debug\finom.test.dll" id="e3aa9d60-3f2f-8683-0415-d9ad8e46b8b4">
      <Execution id="f55a1de2-172d-4d30-b9e7-fb5148c0f20c" />
      <TestMethod codeBase="E:/TeamCity_Data/Build/Sierra/src/FinOM/FinOM.Test/bin/Debug/FinOM.Test.DLL" adapterTypeName="Microsoft.VisualStudio.TestTools.TestTypes.Unit.UnitTestAdapter, Microsoft.VisualStudio.QualityTools.Tips.UnitTest.Adapter, Version=10.0.0.0, Culture=neutral, PublicKeyToken=b03f5f7f11d50a3a" className="FinOM.Test.TS.Tool.ScriptTests, FinOM.Test, Version=1.0.0.0, Culture=neutral, PublicKeyToken=null" name="EqSpxCloseForwardRefTest" />
    </UnitTest>
    <UnitTest name="IndexerTest" storage="e:\teamcity_data\build\sierra\src\finom\finom.test\bin\debug\finom.test.dll" id="7c7fff48-8f36-6e8d-1368-dcbf14c9d246">
      <Execution id="e0fa2619-4580-4305-9db5-d47274b53ee7" />
      <TestMethod codeBase="E:/TeamCity_Data/Build/Sierra/src/FinOM/FinOM.Test/bin/Debug/FinOM.Test.DLL" adapterTypeName="Microsoft.VisualStudio.TestTools.TestTypes.Unit.UnitTestAdapter, Microsoft.VisualStudio.QualityTools.Tips.UnitTest.Adapter, Version=10.0.0.0, Culture=neutral, PublicKeyToken=b03f5f7f11d50a3a" className="FinOM.Test.TS.Core.IndirectOfRecurringTimelineTests, FinOM.Test, Version=1.0.0.0, Culture=neutral, PublicKeyToken=null" name="IndexerTest" />
    </UnitTest>
    <UnitTest name="IntersectionOfUnionTest" storage="e:\teamcity_data\build\sierra\src\finom\finom.test\bin\debug\finom.test.dll" id="70d699b1-53e3-d55b-273c-c5ba8ac17c86">
      <Execution id="59bdf142-d764-432e-9bac-a5685b58e17b" />
      <TestMethod codeBase="E:/TeamCity_Data/Build/Sierra/src/FinOM/FinOM.Test/bin/Debug/FinOM.Test.DLL" adapterTypeName="Microsoft.VisualStudio.TestTools.TestTypes.Unit.UnitTestAdapter, Microsoft.VisualStudio.QualityTools.Tips.UnitTest.Adapter, Version=10.0.0.0, Culture=neutral, PublicKeyToken=b03f5f7f11d50a3a" className="FinOM.Test.TS.Core.StepsMixedCombinedTimelinesTests, FinOM.Test, Version=1.0.0.0, Culture=neutral, PublicKeyToken=null" name="IntersectionOfUnionTest" />
    </UnitTest>
    <UnitTest name="NotStaleAfterRefresh" storage="e:\teamcity_data\build\sierra\src\finom\finom.test\bin\debug\finom.test.dll" id="30fc0fda-83a1-d9d9-0906-3469fcaa3eb4">
      <Execution id="fb70d621-a762-4868-9cdb-151ac090a7b9" />
      <TestMethod codeBase="E:/TeamCity_Data/Build/Sierra/src/FinOM/FinOM.Test/bin/Debug/FinOM.Test.DLL" adapterTypeName="Microsoft.VisualStudio.TestTools.TestTypes.Unit.UnitTestAdapter, Microsoft.VisualStudio.QualityTools.Tips.UnitTest.Adapter, Version=10.0.0.0, Culture=neutral, PublicKeyToken=b03f5f7f11d50a3a" className="FinOM.Test.Credit.CDOTrancheTest, FinOM.Test, Version=1.0.0.0, Culture=neutral, PublicKeyToken=null" name="NotStaleAfterRefresh" />
    </UnitTest>
    <UnitTest name="SparseStrategyScenarioGetStrategyOverTime" storage="e:\teamcity_data\build\sierra\src\finom\finom.test\bin\debug\finom.test.dll" id="f1f3c2d1-4e59-d57a-dff2-c2ea986ad133">
      <Execution id="c04d87fe-0947-47b1-b561-4419008d6fb5" />
      <TestMethod codeBase="E:/TeamCity_Data/Build/Sierra/src/FinOM/FinOM.Test/bin/Debug/FinOM.Test.DLL" adapterTypeName="Microsoft.VisualStudio.TestTools.TestTypes.Unit.UnitTestAdapter, Microsoft.VisualStudio.QualityTools.Tips.UnitTest.Adapter, Version=10.0.0.0, Culture=neutral, PublicKeyToken=b03f5f7f11d50a3a" className="FinOM.Test.Analytics.StrategyTest, FinOM.Test, Version=1.0.0.0, Culture=neutral, PublicKeyToken=null" name="SparseStrategyScenarioGetStrategyOverTime" />
    </UnitTest>
    <UnitTest name="IndexOfTest" storage="e:\teamcity_data\build\sierra\src\finom\finom.test\bin\debug\finom.test.dll" id="31b901ec-08ef-5d23-7e4b-92827c8571d5">
      <Execution id="6d6fa030-045d-4194-8d79-565e303083d4" />
      <TestMethod codeBase="E:/TeamCity_Data/Build/Sierra/src/FinOM/FinOM.Test/bin/Debug/FinOM.Test.DLL" adapterTypeName="Microsoft.VisualStudio.TestTools.TestTypes.Unit.UnitTestAdapter, Microsoft.VisualStudio.QualityTools.Tips.UnitTest.Adapter, Version=10.0.0.0, Culture=neutral, PublicKeyToken=b03f5f7f11d50a3a" className="FinOM.Test.TS.Core.SegmentOfRecurringTimelineTests, FinOM.Test, Version=1.0.0.0, Culture=neutral, PublicKeyToken=null" name="IndexOfTest" />
    </UnitTest>
    <UnitTest name="TimeIndexFloorSegmentTest" storage="e:\teamcity_data\build\sierra\src\finom\finom.test\bin\debug\finom.test.dll" id="65154191-671f-4e01-f9a0-b0615c637d0f">
      <Execution id="0d238c1e-b646-4524-85a5-ae900306587c" />
      <TestMethod codeBase="E:/TeamCity_Data/Build/Sierra/src/FinOM/FinOM.Test/bin/Debug/FinOM.Test.DLL" adapterTypeName="Microsoft.VisualStudio.TestTools.TestTypes.Unit.UnitTestAdapter, Microsoft.VisualStudio.QualityTools.Tips.UnitTest.Adapter, Version=10.0.0.0, Culture=neutral, PublicKeyToken=b03f5f7f11d50a3a" className="FinOM.Test.TS.Core.OffsetOfRecurringTimelineTests, FinOM.Test, Version=1.0.0.0, Culture=neutral, PublicKeyToken=null" name="TimeIndexFloorSegmentTest" />
    </UnitTest>
    <UnitTest name="DifferenceTest" storage="e:\teamcity_data\build\sierra\src\finom\finom.test\bin\debug\finom.test.dll" id="3e604897-0268-51cf-1092-f6c1558fb5c7">
      <Execution id="567d19d8-591a-405a-9659-ee67714b3f8e" />
      <TestMethod codeBase="E:/TeamCity_Data/Build/Sierra/src/FinOM/FinOM.Test/bin/Debug/FinOM.Test.DLL" adapterTypeName="Microsoft.VisualStudio.TestTools.TestTypes.Unit.UnitTestAdapter, Microsoft.VisualStudio.QualityTools.Tips.UnitTest.Adapter, Version=10.0.0.0, Culture=neutral, PublicKeyToken=b03f5f7f11d50a3a" className="FinOM.Test.TS.Core.StepsBlindCombinedTimelinesTests, FinOM.Test, Version=1.0.0.0, Culture=neutral, PublicKeyToken=null" name="DifferenceTest" />
    </UnitTest>
    <UnitTest name="GuideTest" storage="e:\teamcity_data\build\sierra\src\finom\finom.test\bin\debug\finom.test.dll" id="bd364995-7a34-ffb7-973b-90d2179fc397">
      <Execution id="146fcd02-0b2b-4368-ab1a-51e78be4d5e9" />
      <TestMethod codeBase="E:/TeamCity_Data/Build/Sierra/src/FinOM/FinOM.Test/bin/Debug/FinOM.Test.DLL" adapterTypeName="Microsoft.VisualStudio.TestTools.TestTypes.Unit.UnitTestAdapter, Microsoft.VisualStudio.QualityTools.Tips.UnitTest.Adapter, Version=10.0.0.0, Culture=neutral, PublicKeyToken=b03f5f7f11d50a3a" className="FinOM.Test.TS.Core.SelfExpectedCombinedTimelinesTests, FinOM.Test, Version=1.0.0.0, Culture=neutral, PublicKeyToken=null" name="GuideTest" />
    </UnitTest>
    <UnitTest name="TestCashSettlement" storage="e:\teamcity_data\build\sierra\src\finom\finom.test\bin\debug\finom.test.dll" id="7bcc25d1-ad0d-c73f-e004-7be3d3b5b269">
      <Execution id="3179dc4e-82d6-4732-8a27-b8332d2c2261" />
      <TestMethod codeBase="E:/TeamCity_Data/Build/Sierra/src/FinOM/FinOM.Test/bin/Debug/FinOM.Test.DLL" adapterTypeName="Microsoft.VisualStudio.TestTools.TestTypes.Unit.UnitTestAdapter, Microsoft.VisualStudio.QualityTools.Tips.UnitTest.Adapter, Version=10.0.0.0, Culture=neutral, PublicKeyToken=b03f5f7f11d50a3a" className="FinOM.Test.Credit.IsdaCdsModelTest, FinOM.Test, Version=1.0.0.0, Culture=neutral, PublicKeyToken=null" name="TestCashSettlement" />
    </UnitTest>
    <UnitTest name="TimeToIndexEvenTest" storage="e:\teamcity_data\build\sierra\src\finom\finom.test\bin\debug\finom.test.dll" id="49630794-696c-fe2a-5ce8-349269a996cc">
      <Execution id="bad6d16a-ff04-4745-8502-3cbe4c3b87c6" />
      <TestMethod codeBase="E:/TeamCity_Data/Build/Sierra/src/FinOM/FinOM.Test/bin/Debug/FinOM.Test.DLL" adapterTypeName="Microsoft.VisualStudio.TestTools.TestTypes.Unit.UnitTestAdapter, Microsoft.VisualStudio.QualityTools.Tips.UnitTest.Adapter, Version=10.0.0.0, Culture=neutral, PublicKeyToken=b03f5f7f11d50a3a" className="FinOM.Test.TS.Core.WorkdayCompositeRecurrenceTests, FinOM.Test, Version=1.0.0.0, Culture=neutral, PublicKeyToken=null" name="TimeToIndexEvenTest" />
    </UnitTest>
    <UnitTest name="HourTest" storage="e:\teamcity_data\build\sierra\src\finom\finom.test\bin\debug\finom.test.dll" id="100b2f31-13d4-bf12-acc1-3c5832feae4d">
      <Execution id="61a9913e-4881-45fe-a082-8e114132742f" />
      <TestMethod codeBase="E:/TeamCity_Data/Build/Sierra/src/FinOM/FinOM.Test/bin/Debug/FinOM.Test.DLL" adapterTypeName="Microsoft.VisualStudio.TestTools.TestTypes.Unit.UnitTestAdapter, Microsoft.VisualStudio.QualityTools.Tips.UnitTest.Adapter, Version=10.0.0.0, Culture=neutral, PublicKeyToken=b03f5f7f11d50a3a" className="FinOM.Test.TS.Core.DateTimeTimeSeriesExprTests, FinOM.Test, Version=1.0.0.0, Culture=neutral, PublicKeyToken=null" name="HourTest" />
    </UnitTest>
    <UnitTest name="EnumeratorTest" storage="e:\teamcity_data\build\sierra\src\finom\finom.test\bin\debug\finom.test.dll" id="970b4f6f-940f-9aef-11d7-f3f4a810e93c">
      <Execution id="2325bf87-36a0-4684-b1a4-8e151d7dd328" />
      <TestMethod codeBase="E:/TeamCity_Data/Build/Sierra/src/FinOM/FinOM.Test/bin/Debug/FinOM.Test.DLL" adapterTypeName="Microsoft.VisualStudio.TestTools.TestTypes.Unit.UnitTestAdapter, Microsoft.VisualStudio.QualityTools.Tips.UnitTest.Adapter, Version=10.0.0.0, Culture=neutral, PublicKeyToken=b03f5f7f11d50a3a" className="FinOM.Test.TS.Core.IndirectOfExplicitTimelineTests, FinOM.Test, Version=1.0.0.0, Culture=neutral, PublicKeyToken=null" name="EnumeratorTest" />
    </UnitTest>
    <UnitTest name="Test5" storage="e:\teamcity_data\build\sierra\src\finom\finom.test\bin\debug\finom.test.dll" id="3ff40ca2-4ef3-5dd3-639e-e78c18d195ad">
      <Execution id="83497ab2-db31-4f0a-a862-550bac247afa" />
      <TestMethod codeBase="E:/TeamCity_Data/Build/Sierra/src/FinOM/FinOM.Test/bin/Debug/FinOM.Test.DLL" adapterTypeName="Microsoft.VisualStudio.TestTools.TestTypes.Unit.UnitTestAdapter, Microsoft.VisualStudio.QualityTools.Tips.UnitTest.Adapter, Version=10.0.0.0, Culture=neutral, PublicKeyToken=b03f5f7f11d50a3a" className="FinOM.Test.TS.Tool.DateSpecTests, FinOM.Test, Version=1.0.0.0, Culture=neutral, PublicKeyToken=null" name="Test5" />
    </UnitTest>
    <UnitTest name="ProdTest" storage="e:\teamcity_data\build\sierra\src\finom\finom.test\bin\debug\finom.test.dll" id="34c0564b-0d39-46cd-d550-382f8d415984">
      <Execution id="4ac731a7-f38e-4bb2-a9c1-4d976a53ce67" />
      <TestMethod codeBase="E:/TeamCity_Data/Build/Sierra/src/FinOM/FinOM.Test/bin/Debug/FinOM.Test.DLL" adapterTypeName="Microsoft.VisualStudio.TestTools.TestTypes.Unit.UnitTestAdapter, Microsoft.VisualStudio.QualityTools.Tips.UnitTest.Adapter, Version=10.0.0.0, Culture=neutral, PublicKeyToken=b03f5f7f11d50a3a" className="FinOM.Test.TS.Core.MovingUnaryTimeSeriesExprTests, FinOM.Test, Version=1.0.0.0, Culture=neutral, PublicKeyToken=null" name="ProdTest" />
    </UnitTest>
    <UnitTest name="PriceFutureCashFlowTrade" storage="e:\teamcity_data\build\sierra\src\finom\finom.test\bin\debug\finom.test.dll" id="2ae55c96-99f4-7210-96c6-27854c41c814">
      <Execution id="e2882326-ee1b-45a8-b247-bc55f87d15be" />
      <TestMethod codeBase="E:/TeamCity_Data/Build/Sierra/src/FinOM/FinOM.Test/bin/Debug/FinOM.Test.DLL" adapterTypeName="Microsoft.VisualStudio.TestTools.TestTypes.Unit.UnitTestAdapter, Microsoft.VisualStudio.QualityTools.Tips.UnitTest.Adapter, Version=10.0.0.0, Culture=neutral, PublicKeyToken=b03f5f7f11d50a3a" className="FinOM.Analytics.Test.CashInstrumentTest, FinOM.Test, Version=1.0.0.0, Culture=neutral, PublicKeyToken=null" name="PriceFutureCashFlowTrade" />
    </UnitTest>
    <UnitTest name="OptiomalCDSConsolidatorWithNegativeCoupon" storage="e:\teamcity_data\build\sierra\src\finom\finom.test\bin\debug\finom.test.dll" id="a3acd76c-197f-822f-0e52-eb7ecadc6473">
      <Execution id="e58c9854-7c5a-4cdd-aad7-663d8c3d0091" />
      <TestMethod codeBase="E:/TeamCity_Data/Build/Sierra/src/FinOM/FinOM.Test/bin/Debug/FinOM.Test.DLL" adapterTypeName="Microsoft.VisualStudio.TestTools.TestTypes.Unit.UnitTestAdapter, Microsoft.VisualStudio.QualityTools.Tips.UnitTest.Adapter, Version=10.0.0.0, Culture=neutral, PublicKeyToken=b03f5f7f11d50a3a" className="FinOM.Test.Data.TradeConsolidatorTest, FinOM.Test, Version=1.0.0.0, Culture=neutral, PublicKeyToken=null" name="OptiomalCDSConsolidatorWithNegativeCoupon" />
    </UnitTest>
    <UnitTest name="CompatibleWithTest" storage="e:\teamcity_data\build\sierra\src\finom\finom.test\bin\debug\finom.test.dll" id="65a84a76-4046-32b6-a2f2-4daf8521f9c3">
      <Execution id="4462d608-4782-4b54-b82d-37c82d6d4ca7" />
      <TestMethod codeBase="E:/TeamCity_Data/Build/Sierra/src/FinOM/FinOM.Test/bin/Debug/FinOM.Test.DLL" adapterTypeName="Microsoft.VisualStudio.TestTools.TestTypes.Unit.UnitTestAdapter, Microsoft.VisualStudio.QualityTools.Tips.UnitTest.Adapter, Version=10.0.0.0, Culture=neutral, PublicKeyToken=b03f5f7f11d50a3a" className="FinOM.Test.TS.Core.WeekdayCompositeRecurrenceTests, FinOM.Test, Version=1.0.0.0, Culture=neutral, PublicKeyToken=null" name="CompatibleWithTest" />
    </UnitTest>
    <UnitTest name="DivFloorFractionalTest" storage="e:\teamcity_data\build\sierra\src\finom\finom.test\bin\debug\finom.test.dll" id="f4b3c1b7-9c21-dea7-da51-1bebcf0bc1aa">
      <Execution id="e50746e2-f147-4bd4-a46c-fffcc60e3a16" />
      <TestMethod codeBase="E:/TeamCity_Data/Build/Sierra/src/FinOM/FinOM.Test/bin/Debug/FinOM.Test.DLL" adapterTypeName="Microsoft.VisualStudio.TestTools.TestTypes.Unit.UnitTestAdapter, Microsoft.VisualStudio.QualityTools.Tips.UnitTest.Adapter, Version=10.0.0.0, Culture=neutral, PublicKeyToken=b03f5f7f11d50a3a" className="FinOM.Test.TS.Util.TimeTests, FinOM.Test, Version=1.0.0.0, Culture=neutral, PublicKeyToken=null" name="DivFloorFractionalTest" />
    </UnitTest>
    <UnitTest name="TimeIndexCeilingSegmentTest" storage="e:\teamcity_data\build\sierra\src\finom\finom.test\bin\debug\finom.test.dll" id="d72557ed-e399-e6a8-8257-38ab614c7642">
      <Execution id="bd225d75-5925-4c14-8ac1-975a562811ed" />
      <TestMethod codeBase="E:/TeamCity_Data/Build/Sierra/src/FinOM/FinOM.Test/bin/Debug/FinOM.Test.DLL" adapterTypeName="Microsoft.VisualStudio.TestTools.TestTypes.Unit.UnitTestAdapter, Microsoft.VisualStudio.QualityTools.Tips.UnitTest.Adapter, Version=10.0.0.0, Culture=neutral, PublicKeyToken=b03f5f7f11d50a3a" className="FinOM.Test.TS.Core.OffsetOfExplicitTimelineTests, FinOM.Test, Version=1.0.0.0, Culture=neutral, PublicKeyToken=null" name="TimeIndexCeilingSegmentTest" />
    </UnitTest>
    <UnitTest name="AnnuityPricerTest" storage="e:\teamcity_data\build\sierra\src\finom\finom.test\bin\debug\finom.test.dll" id="6ac7ca45-f6f5-f6bd-37a5-582e6b4e9900">
      <Execution timeOut="100000" id="4ee58c11-b942-47a0-9778-b15d744100fa" />
      <TestMethod codeBase="E:/TeamCity_Data/Build/Sierra/src/FinOM/FinOM.Test/bin/Debug/FinOM.Test.DLL" adapterTypeName="Microsoft.VisualStudio.TestTools.TestTypes.Unit.UnitTestAdapter, Microsoft.VisualStudio.QualityTools.Tips.UnitTest.Adapter, Version=10.0.0.0, Culture=neutral, PublicKeyToken=b03f5f7f11d50a3a" className="FinOM.Test.Credit.CDOTrancheTest, FinOM.Test, Version=1.0.0.0, Culture=neutral, PublicKeyToken=null" name="AnnuityPricerTest" />
    </UnitTest>
    <UnitTest name="EnumeratorTest" storage="e:\teamcity_data\build\sierra\src\finom\finom.test\bin\debug\finom.test.dll" id="8ec42250-eb00-1ec8-fa92-40d62231ba2d">
      <Execution id="326ff6d8-d64c-4483-ac44-6d4c07e67c8c" />
      <TestMethod codeBase="E:/TeamCity_Data/Build/Sierra/src/FinOM/FinOM.Test/bin/Debug/FinOM.Test.DLL" adapterTypeName="Microsoft.VisualStudio.TestTools.TestTypes.Unit.UnitTestAdapter, Microsoft.VisualStudio.QualityTools.Tips.UnitTest.Adapter, Version=10.0.0.0, Culture=neutral, PublicKeyToken=b03f5f7f11d50a3a" className="FinOM.Test.TS.Core.SegmentOfRecurringTimelineTests, FinOM.Test, Version=1.0.0.0, Culture=neutral, PublicKeyToken=null" name="EnumeratorTest" />
    </UnitTest>
    <UnitTest name="SingleTimelineBeforeStartEnumeratorTest" storage="e:\teamcity_data\build\sierra\src\finom\finom.test\bin\debug\finom.test.dll" id="d8921de2-77a2-e37f-da9b-961777ed8bee">
      <Execution id="a7cde6ff-9dcc-4ea2-903a-7b98d2cdf818" />
      <TestMethod codeBase="E:/TeamCity_Data/Build/Sierra/src/FinOM/FinOM.Test/bin/Debug/FinOM.Test.DLL" adapterTypeName="Microsoft.VisualStudio.TestTools.TestTypes.Unit.UnitTestAdapter, Microsoft.VisualStudio.QualityTools.Tips.UnitTest.Adapter, Version=10.0.0.0, Culture=neutral, PublicKeyToken=b03f5f7f11d50a3a" className="FinOM.Test.TS.Core.OutOfIterationTimelinesEnumeratorTests, FinOM.Test, Version=1.0.0.0, Culture=neutral, PublicKeyToken=null" name="SingleTimelineBeforeStartEnumeratorTest" />
    </UnitTest>
    <UnitTest name="TestAddPrecendentExplicitly" storage="e:\teamcity_data\build\sierra\src\finom\finom.test\bin\debug\finom.test.dll" id="dab918dc-c947-5300-5f42-b2c1d21d2d55">
      <Execution id="699de838-36e6-439c-94b5-e06003557200" />
      <TestMethod codeBase="E:/TeamCity_Data/Build/Sierra/src/FinOM/FinOM.Test/bin/Debug/FinOM.Test.DLL" adapterTypeName="Microsoft.VisualStudio.TestTools.TestTypes.Unit.UnitTestAdapter, Microsoft.VisualStudio.QualityTools.Tips.UnitTest.Adapter, Version=10.0.0.0, Culture=neutral, PublicKeyToken=b03f5f7f11d50a3a" className="FinOM.Test.Cells.AnonymousCellTests, FinOM.Test, Version=1.0.0.0, Culture=neutral, PublicKeyToken=null" name="TestAddPrecendentExplicitly" />
    </UnitTest>
    <UnitTest name="TimeIndexCeilingSegmentTest" storage="e:\teamcity_data\build\sierra\src\finom\finom.test\bin\debug\finom.test.dll" id="7339078c-a0b0-e57d-6988-75b75dc76718">
      <Execution id="6d2bc3e7-4a07-4bc1-9960-60e6e951a1ff" />
      <TestMethod codeBase="E:/TeamCity_Data/Build/Sierra/src/FinOM/FinOM.Test/bin/Debug/FinOM.Test.DLL" adapterTypeName="Microsoft.VisualStudio.TestTools.TestTypes.Unit.UnitTestAdapter, Microsoft.VisualStudio.QualityTools.Tips.UnitTest.Adapter, Version=10.0.0.0, Culture=neutral, PublicKeyToken=b03f5f7f11d50a3a" className="FinOM.Test.TS.Core.SegmentOfExplicitTimelineTests, FinOM.Test, Version=1.0.0.0, Culture=neutral, PublicKeyToken=null" name="TimeIndexCeilingSegmentTest" />
    </UnitTest>
    <UnitTest name="TimeIndexFloorTest" storage="e:\teamcity_data\build\sierra\src\finom\finom.test\bin\debug\finom.test.dll" id="e314c946-3193-c56f-69a9-8d00cd69595b">
      <Execution id="c97cb823-a418-4983-93ff-6534cfb4f96a" />
      <TestMethod codeBase="E:/TeamCity_Data/Build/Sierra/src/FinOM/FinOM.Test/bin/Debug/FinOM.Test.DLL" adapterTypeName="Microsoft.VisualStudio.TestTools.TestTypes.Unit.UnitTestAdapter, Microsoft.VisualStudio.QualityTools.Tips.UnitTest.Adapter, Version=10.0.0.0, Culture=neutral, PublicKeyToken=b03f5f7f11d50a3a" className="FinOM.Test.TS.Core.IndirectOfExplicitTimelineTests, FinOM.Test, Version=1.0.0.0, Culture=neutral, PublicKeyToken=null" name="TimeIndexFloorTest" />
    </UnitTest>
    <UnitTest name="NormalHeapTest" storage="e:\teamcity_data\build\sierra\src\finom\finom.test\bin\debug\finom.test.dll" id="32ee4df3-0482-2cc3-870f-542ae4b801b9">
      <Execution id="4e92a0b9-f0a5-4452-a32c-b45eb7d32f20" />
      <TestMethod codeBase="E:/TeamCity_Data/Build/Sierra/src/FinOM/FinOM.Test/bin/Debug/FinOM.Test.DLL" adapterTypeName="Microsoft.VisualStudio.TestTools.TestTypes.Unit.UnitTestAdapter, Microsoft.VisualStudio.QualityTools.Tips.UnitTest.Adapter, Version=10.0.0.0, Culture=neutral, PublicKeyToken=b03f5f7f11d50a3a" className="FinOM.Test.TS.Util.HeapTests, FinOM.Test, Version=1.0.0.0, Culture=neutral, PublicKeyToken=null" name="NormalHeapTest" />
    </UnitTest>
    <UnitTest name="CountTest" storage="e:\teamcity_data\build\sierra\src\finom\finom.test\bin\debug\finom.test.dll" id="7adbc218-b49e-7d1a-f9d6-519e4cff4dbb">
      <Execution id="178c05d0-49d2-4aa1-ba3e-d4df96c6bdf7" />
      <TestMethod codeBase="E:/TeamCity_Data/Build/Sierra/src/FinOM/FinOM.Test/bin/Debug/FinOM.Test.DLL" adapterTypeName="Microsoft.VisualStudio.TestTools.TestTypes.Unit.UnitTestAdapter, Microsoft.VisualStudio.QualityTools.Tips.UnitTest.Adapter, Version=10.0.0.0, Culture=neutral, PublicKeyToken=b03f5f7f11d50a3a" className="FinOM.Test.TS.Core.RecurringTimelineTests, FinOM.Test, Version=1.0.0.0, Culture=neutral, PublicKeyToken=null" name="CountTest" />
    </UnitTest>
    <UnitTest name="Test1_5" storage="e:\teamcity_data\build\sierra\src\finom\finom.test\bin\debug\finom.test.dll" id="72200dbb-ce33-ce0f-b5b5-7f0d36d2c4f8">
      <Execution id="7e28b61c-c85d-4c81-b550-5160e26f5fce" />
      <TestMethod codeBase="E:/TeamCity_Data/Build/Sierra/src/FinOM/FinOM.Test/bin/Debug/FinOM.Test.DLL" adapterTypeName="Microsoft.VisualStudio.TestTools.TestTypes.Unit.UnitTestAdapter, Microsoft.VisualStudio.QualityTools.Tips.UnitTest.Adapter, Version=10.0.0.0, Culture=neutral, PublicKeyToken=b03f5f7f11d50a3a" className="FinOM.Test.TS.Tool.DateSpecTests, FinOM.Test, Version=1.0.0.0, Culture=neutral, PublicKeyToken=null" name="Test1_5" />
    </UnitTest>
    <UnitTest name="SlopeTest" storage="e:\teamcity_data\build\sierra\src\finom\finom.test\bin\debug\finom.test.dll" id="655e7897-c9b2-08d2-2fb1-62a11ef5bf74">
      <Execution id="85686b23-b746-405d-bb23-b53d31dd1807" />
      <TestMethod codeBase="E:/TeamCity_Data/Build/Sierra/src/FinOM/FinOM.Test/bin/Debug/FinOM.Test.DLL" adapterTypeName="Microsoft.VisualStudio.TestTools.TestTypes.Unit.UnitTestAdapter, Microsoft.VisualStudio.QualityTools.Tips.UnitTest.Adapter, Version=10.0.0.0, Culture=neutral, PublicKeyToken=b03f5f7f11d50a3a" className="FinOM.Test.TS.Core.ScalarMultiTimeSeriesExprTests, FinOM.Test, Version=1.0.0.0, Culture=neutral, PublicKeyToken=null" name="SlopeTest" />
    </UnitTest>
    <UnitTest name="IndexToTimeShiftedNegativeTest" storage="e:\teamcity_data\build\sierra\src\finom\finom.test\bin\debug\finom.test.dll" id="af08c38d-a58f-3cd1-8ad2-4db7296cab72">
      <Execution id="42511c60-7349-4cb1-af95-52a093ee0aba" />
      <TestMethod codeBase="E:/TeamCity_Data/Build/Sierra/src/FinOM/FinOM.Test/bin/Debug/FinOM.Test.DLL" adapterTypeName="Microsoft.VisualStudio.TestTools.TestTypes.Unit.UnitTestAdapter, Microsoft.VisualStudio.QualityTools.Tips.UnitTest.Adapter, Version=10.0.0.0, Culture=neutral, PublicKeyToken=b03f5f7f11d50a3a" className="FinOM.Test.TS.Core.WorkdayCompositeRecurrenceTests, FinOM.Test, Version=1.0.0.0, Culture=neutral, PublicKeyToken=null" name="IndexToTimeShiftedNegativeTest" />
    </UnitTest>
    <UnitTest name="RGeoMeanTest" storage="e:\teamcity_data\build\sierra\src\finom\finom.test\bin\debug\finom.test.dll" id="21e45240-bfab-51d2-9536-131459edf9d5">
      <Execution id="de4337d1-fb92-4795-9b7a-1621530ce7f3" />
      <TestMethod codeBase="E:/TeamCity_Data/Build/Sierra/src/FinOM/FinOM.Test/bin/Debug/FinOM.Test.DLL" adapterTypeName="Microsoft.VisualStudio.TestTools.TestTypes.Unit.UnitTestAdapter, Microsoft.VisualStudio.QualityTools.Tips.UnitTest.Adapter, Version=10.0.0.0, Culture=neutral, PublicKeyToken=b03f5f7f11d50a3a" className="FinOM.Test.TS.Core.RunningUnaryTimeSeriesExprTests, FinOM.Test, Version=1.0.0.0, Culture=neutral, PublicKeyToken=null" name="RGeoMeanTest" />
    </UnitTest>
    <UnitTest name="ErrorTest" storage="e:\teamcity_data\build\sierra\src\finom\finom.test\bin\debug\finom.test.dll" id="4186ca87-33bc-4338-058b-211b0186eee6">
      <Execution id="6616c532-1863-415a-a5d4-715e2c373488" />
      <TestMethod codeBase="E:/TeamCity_Data/Build/Sierra/src/FinOM/FinOM.Test/bin/Debug/FinOM.Test.DLL" adapterTypeName="Microsoft.VisualStudio.TestTools.TestTypes.Unit.UnitTestAdapter, Microsoft.VisualStudio.QualityTools.Tips.UnitTest.Adapter, Version=10.0.0.0, Culture=neutral, PublicKeyToken=b03f5f7f11d50a3a" className="FinOM.Test.Cells.CellTest, FinOM.Test, Version=1.0.0.0, Culture=neutral, PublicKeyToken=null" name="ErrorTest" />
    </UnitTest>
    <UnitTest name="TestCachedValueCell" storage="e:\teamcity_data\build\sierra\src\finom\finom.test\bin\debug\finom.test.dll" id="69aca574-c61b-679d-83e7-064c777cbc58">
      <Execution id="55bc093a-6d81-428d-ab54-bfc158e3fc35" />
      <TestMethod codeBase="E:/TeamCity_Data/Build/Sierra/src/FinOM/FinOM.Test/bin/Debug/FinOM.Test.DLL" adapterTypeName="Microsoft.VisualStudio.TestTools.TestTypes.Unit.UnitTestAdapter, Microsoft.VisualStudio.QualityTools.Tips.UnitTest.Adapter, Version=10.0.0.0, Culture=neutral, PublicKeyToken=b03f5f7f11d50a3a" className="FinOM.Test.Cells.AnonymousCellTests, FinOM.Test, Version=1.0.0.0, Culture=neutral, PublicKeyToken=null" name="TestCachedValueCell" />
    </UnitTest>
    <UnitTest name="TestMaxLastChanged" storage="e:\teamcity_data\build\sierra\src\finom\finom.test\bin\debug\finom.test.dll" id="0cbd69a2-bc5c-fece-8d86-ddd915d55d90">
      <Execution id="92996d41-15f2-4afe-93bc-65f11d2603a7" />
      <TestMethod codeBase="E:/TeamCity_Data/Build/Sierra/src/FinOM/FinOM.Test/bin/Debug/FinOM.Test.DLL" adapterTypeName="Microsoft.VisualStudio.TestTools.TestTypes.Unit.UnitTestAdapter, Microsoft.VisualStudio.QualityTools.Tips.UnitTest.Adapter, Version=10.0.0.0, Culture=neutral, PublicKeyToken=b03f5f7f11d50a3a" className="FinOM.Test.Cells.ListCellHelperTests, FinOM.Test, Version=1.0.0.0, Culture=neutral, PublicKeyToken=null" name="TestMaxLastChanged" />
    </UnitTest>
    <UnitTest name="FrameCellAskWrongType" storage="e:\teamcity_data\build\sierra\src\finom\finom.test\bin\debug\finom.test.dll" id="6566e972-4ec1-9614-622e-08fb47c24699">
      <Execution id="d61acf13-6f83-49ba-aa90-b512d58f4fb1" />
      <TestMethod codeBase="E:/TeamCity_Data/Build/Sierra/src/FinOM/FinOM.Test/bin/Debug/FinOM.Test.DLL" adapterTypeName="Microsoft.VisualStudio.TestTools.TestTypes.Unit.UnitTestAdapter, Microsoft.VisualStudio.QualityTools.Tips.UnitTest.Adapter, Version=10.0.0.0, Culture=neutral, PublicKeyToken=b03f5f7f11d50a3a" className="FinOM.Core.Test.FrameTest, FinOM.Test, Version=1.0.0.0, Culture=neutral, PublicKeyToken=null" name="FrameCellAskWrongType" />
    </UnitTest>
    <UnitTest name="IndexerOutOfBoundsTest" storage="e:\teamcity_data\build\sierra\src\finom\finom.test\bin\debug\finom.test.dll" id="1a711971-6daa-5825-ad46-516b26396360">
      <Execution id="6642640d-44cf-4712-93fd-a7061fe76a13" />
      <TestMethod codeBase="E:/TeamCity_Data/Build/Sierra/src/FinOM/FinOM.Test/bin/Debug/FinOM.Test.DLL" adapterTypeName="Microsoft.VisualStudio.TestTools.TestTypes.Unit.UnitTestAdapter, Microsoft.VisualStudio.QualityTools.Tips.UnitTest.Adapter, Version=10.0.0.0, Culture=neutral, PublicKeyToken=b03f5f7f11d50a3a" className="FinOM.Test.TS.Core.IntradayOfWorkdayWithCutTimelineTests, FinOM.Test, Version=1.0.0.0, Culture=neutral, PublicKeyToken=null" name="IndexerOutOfBoundsTest" />
    </UnitTest>
    <UnitTest name="ACTest" storage="e:\teamcity_data\build\sierra\src\finom\finom.test\bin\debug\finom.test.dll" id="395122c4-d860-ff54-177f-91b1e034f4b7">
      <Execution id="fecab58e-659c-4831-9178-5430248d2b61" />
      <TestMethod codeBase="E:/TeamCity_Data/Build/Sierra/src/FinOM/FinOM.Test/bin/Debug/FinOM.Test.DLL" adapterTypeName="Microsoft.VisualStudio.TestTools.TestTypes.Unit.UnitTestAdapter, Microsoft.VisualStudio.QualityTools.Tips.UnitTest.Adapter, Version=10.0.0.0, Culture=neutral, PublicKeyToken=b03f5f7f11d50a3a" className="FinOM.Test.TS.Core.SpliceGeometricTimeSeriesExprTests, FinOM.Test, Version=1.0.0.0, Culture=neutral, PublicKeyToken=null" name="ACTest" />
    </UnitTest>
    <UnitTest name="GuideOfIntersectionTest" storage="e:\teamcity_data\build\sierra\src\finom\finom.test\bin\debug\finom.test.dll" id="dd04dedc-893c-2b7a-5fb8-ea82a15d963c">
      <Execution id="d6e5f8c6-bbb5-490f-b1d2-a67e30403da2" />
      <TestMethod codeBase="E:/TeamCity_Data/Build/Sierra/src/FinOM/FinOM.Test/bin/Debug/FinOM.Test.DLL" adapterTypeName="Microsoft.VisualStudio.TestTools.TestTypes.Unit.UnitTestAdapter, Microsoft.VisualStudio.QualityTools.Tips.UnitTest.Adapter, Version=10.0.0.0, Culture=neutral, PublicKeyToken=b03f5f7f11d50a3a" className="FinOM.Test.TS.Core.StepsMixedCombinedTimelinesTests, FinOM.Test, Version=1.0.0.0, Culture=neutral, PublicKeyToken=null" name="GuideOfIntersectionTest" />
    </UnitTest>
    <UnitTest name="HierarchicalTimelinesCombiningTest" storage="e:\teamcity_data\build\sierra\src\finom\finom.test\bin\debug\finom.test.dll" id="c6dc3ac2-aa81-c54b-f60b-3627c29ea3c1">
      <Execution id="d9150759-8393-4ab1-b99c-f5a43f59a0ad" />
      <TestMethod codeBase="E:/TeamCity_Data/Build/Sierra/src/FinOM/FinOM.Test/bin/Debug/FinOM.Test.DLL" adapterTypeName="Microsoft.VisualStudio.TestTools.TestTypes.Unit.UnitTestAdapter, Microsoft.VisualStudio.QualityTools.Tips.UnitTest.Adapter, Version=10.0.0.0, Culture=neutral, PublicKeyToken=b03f5f7f11d50a3a" className="FinOM.Test.TS.Core.ExhaustiveTimelinesCombiningTests, FinOM.Test, Version=1.0.0.0, Culture=neutral, PublicKeyToken=null" name="HierarchicalTimelinesCombiningTest" />
    </UnitTest>
    <UnitTest name="TestTrnInstrument" storage="e:\teamcity_data\build\sierra\src\finom\finom.test\bin\debug\finom.test.dll" id="eb7c5149-5fb6-5da1-d39b-9e7899e10bf4">
      <Execution id="cf6fbbbb-54f3-4525-ab2e-f6640f4fafa4" />
      <TestMethod codeBase="E:/TeamCity_Data/Build/Sierra/src/FinOM/FinOM.Test/bin/Debug/FinOM.Test.DLL" adapterTypeName="Microsoft.VisualStudio.TestTools.TestTypes.Unit.UnitTestAdapter, Microsoft.VisualStudio.QualityTools.Tips.UnitTest.Adapter, Version=10.0.0.0, Culture=neutral, PublicKeyToken=b03f5f7f11d50a3a" className="FinOM.Test.FinanceScenarios.InsightHelperTest, FinOM.Test, Version=1.0.0.0, Culture=neutral, PublicKeyToken=null" name="TestTrnInstrument" />
    </UnitTest>
    <UnitTest name="TimeIndexCeilingTest" storage="e:\teamcity_data\build\sierra\src\finom\finom.test\bin\debug\finom.test.dll" id="10fef16f-bdfc-4c4a-38c4-84f95e2f2845">
      <Execution id="9cddaba0-1e15-429f-84f5-f22663aa7d96" />
      <TestMethod codeBase="E:/TeamCity_Data/Build/Sierra/src/FinOM/FinOM.Test/bin/Debug/FinOM.Test.DLL" adapterTypeName="Microsoft.VisualStudio.TestTools.TestTypes.Unit.UnitTestAdapter, Microsoft.VisualStudio.QualityTools.Tips.UnitTest.Adapter, Version=10.0.0.0, Culture=neutral, PublicKeyToken=b03f5f7f11d50a3a" className="FinOM.Test.TS.Core.RecurringTimelineTests, FinOM.Test, Version=1.0.0.0, Culture=neutral, PublicKeyToken=null" name="TimeIndexCeilingTest" />
    </UnitTest>
    <UnitTest name="EndTimeTest" storage="e:\teamcity_data\build\sierra\src\finom\finom.test\bin\debug\finom.test.dll" id="a447b6a4-1bb2-f0e6-b71b-26c9e7a7b04e">
      <Execution id="dcc286df-6c8c-426a-aa1a-6ed3a13b2964" />
      <TestMethod codeBase="E:/TeamCity_Data/Build/Sierra/src/FinOM/FinOM.Test/bin/Debug/FinOM.Test.DLL" adapterTypeName="Microsoft.VisualStudio.TestTools.TestTypes.Unit.UnitTestAdapter, Microsoft.VisualStudio.QualityTools.Tips.UnitTest.Adapter, Version=10.0.0.0, Culture=neutral, PublicKeyToken=b03f5f7f11d50a3a" className="FinOM.Test.TS.Core.IntradayOfDailyWithCutTimelineTests, FinOM.Test, Version=1.0.0.0, Culture=neutral, PublicKeyToken=null" name="EndTimeTest" />
    </UnitTest>
    <UnitTest name="UnionTest" storage="e:\teamcity_data\build\sierra\src\finom\finom.test\bin\debug\finom.test.dll" id="c41ae281-ab6d-ae68-af4e-419fc7d0d0da">
      <Execution id="363b24f0-716a-469c-a036-e8591e16c944" />
      <TestMethod codeBase="E:/TeamCity_Data/Build/Sierra/src/FinOM/FinOM.Test/bin/Debug/FinOM.Test.DLL" adapterTypeName="Microsoft.VisualStudio.TestTools.TestTypes.Unit.UnitTestAdapter, Microsoft.VisualStudio.QualityTools.Tips.UnitTest.Adapter, Version=10.0.0.0, Culture=neutral, PublicKeyToken=b03f5f7f11d50a3a" className="FinOM.Test.TS.Core.OperatorTests, FinOM.Test, Version=1.0.0.0, Culture=neutral, PublicKeyToken=null" name="UnionTest" />
    </UnitTest>
    <UnitTest name="IndexerTest" storage="e:\teamcity_data\build\sierra\src\finom\finom.test\bin\debug\finom.test.dll" id="f717ddcc-aa23-8c08-a1b2-e95d3fb5e239">
      <Execution id="0ace11a6-998f-4cb2-bcc1-8b7a6a557088" />
      <TestMethod codeBase="E:/TeamCity_Data/Build/Sierra/src/FinOM/FinOM.Test/bin/Debug/FinOM.Test.DLL" adapterTypeName="Microsoft.VisualStudio.TestTools.TestTypes.Unit.UnitTestAdapter, Microsoft.VisualStudio.QualityTools.Tips.UnitTest.Adapter, Version=10.0.0.0, Culture=neutral, PublicKeyToken=b03f5f7f11d50a3a" className="FinOM.Test.TS.Core.ExplicitTimelineTests, FinOM.Test, Version=1.0.0.0, Culture=neutral, PublicKeyToken=null" name="IndexerTest" />
    </UnitTest>
    <UnitTest name="EnumeratorTest" storage="e:\teamcity_data\build\sierra\src\finom\finom.test\bin\debug\finom.test.dll" id="c74251e2-4647-5457-2358-1276a3049004">
      <Execution id="14a5ed7e-8a9d-4ec5-8371-e565607421dd" />
      <TestMethod codeBase="E:/TeamCity_Data/Build/Sierra/src/FinOM/FinOM.Test/bin/Debug/FinOM.Test.DLL" adapterTypeName="Microsoft.VisualStudio.TestTools.TestTypes.Unit.UnitTestAdapter, Microsoft.VisualStudio.QualityTools.Tips.UnitTest.Adapter, Version=10.0.0.0, Culture=neutral, PublicKeyToken=b03f5f7f11d50a3a" className="FinOM.Test.TS.Core.IntradayOfDailyTimelineTests, FinOM.Test, Version=1.0.0.0, Culture=neutral, PublicKeyToken=null" name="EnumeratorTest" />
    </UnitTest>
    <UnitTest name="UnionTest" storage="e:\teamcity_data\build\sierra\src\finom\finom.test\bin\debug\finom.test.dll" id="90692cd6-bf69-9415-ab81-3c1cb70afea4">
      <Execution id="e091ffd8-75ec-4a31-ab08-2ba550e04f41" />
      <TestMethod codeBase="E:/TeamCity_Data/Build/Sierra/src/FinOM/FinOM.Test/bin/Debug/FinOM.Test.DLL" adapterTypeName="Microsoft.VisualStudio.TestTools.TestTypes.Unit.UnitTestAdapter, Microsoft.VisualStudio.QualityTools.Tips.UnitTest.Adapter, Version=10.0.0.0, Culture=neutral, PublicKeyToken=b03f5f7f11d50a3a" className="FinOM.Test.TS.Core.RandomBlindCombinedTimelinesTests, FinOM.Test, Version=1.0.0.0, Culture=neutral, PublicKeyToken=null" name="UnionTest" />
    </UnitTest>
    <UnitTest name="UnionOfUnionTest" storage="e:\teamcity_data\build\sierra\src\finom\finom.test\bin\debug\finom.test.dll" id="176dc36b-ac0d-8a46-d0a7-2af444e86a9d">
      <Execution id="d1fdea9e-9d0c-4d72-8be3-af35b1070a01" />
      <TestMethod codeBase="E:/TeamCity_Data/Build/Sierra/src/FinOM/FinOM.Test/bin/Debug/FinOM.Test.DLL" adapterTypeName="Microsoft.VisualStudio.TestTools.TestTypes.Unit.UnitTestAdapter, Microsoft.VisualStudio.QualityTools.Tips.UnitTest.Adapter, Version=10.0.0.0, Culture=neutral, PublicKeyToken=b03f5f7f11d50a3a" className="FinOM.Test.TS.Core.StepsMixedCombinedTimelinesTests, FinOM.Test, Version=1.0.0.0, Culture=neutral, PublicKeyToken=null" name="UnionOfUnionTest" />
    </UnitTest>
    <UnitTest name="SymDiffOfUnionTest" storage="e:\teamcity_data\build\sierra\src\finom\finom.test\bin\debug\finom.test.dll" id="19ea618f-4f59-2562-b793-f4086098c6c2">
      <Execution id="a8a58400-1aad-4cb4-8b01-71a3edaf5af0" />
      <TestMethod codeBase="E:/TeamCity_Data/Build/Sierra/src/FinOM/FinOM.Test/bin/Debug/FinOM.Test.DLL" adapterTypeName="Microsoft.VisualStudio.TestTools.TestTypes.Unit.UnitTestAdapter, Microsoft.VisualStudio.QualityTools.Tips.UnitTest.Adapter, Version=10.0.0.0, Culture=neutral, PublicKeyToken=b03f5f7f11d50a3a" className="FinOM.Test.TS.Core.StepsMixedCombinedTimelinesTests, FinOM.Test, Version=1.0.0.0, Culture=neutral, PublicKeyToken=null" name="SymDiffOfUnionTest" />
    </UnitTest>
    <UnitTest name="MarketDataTest" storage="e:\teamcity_data\build\sierra\src\finom\finom.test\bin\debug\finom.test.dll" id="7655110b-f365-aa78-93a0-c773eee56ba3">
      <Execution id="8701d14e-f746-4530-b15c-d4b1c14b6974" />
      <TestMethod codeBase="E:/TeamCity_Data/Build/Sierra/src/FinOM/FinOM.Test/bin/Debug/FinOM.Test.DLL" adapterTypeName="Microsoft.VisualStudio.TestTools.TestTypes.Unit.UnitTestAdapter, Microsoft.VisualStudio.QualityTools.Tips.UnitTest.Adapter, Version=10.0.0.0, Culture=neutral, PublicKeyToken=b03f5f7f11d50a3a" className="FinOM.Analytics.Test.UnmodelledInstrumentTest, FinOM.Test, Version=1.0.0.0, Culture=neutral, PublicKeyToken=null" name="MarketDataTest" />
    </UnitTest>
    <UnitTest name="CorrelTest" storage="e:\teamcity_data\build\sierra\src\finom\finom.test\bin\debug\finom.test.dll" id="f8e5dc3d-f836-0295-c2fa-642b09af90ff">
      <Execution id="6d1e7bca-0a0b-450a-b0bc-30959bc539e6" />
      <TestMethod codeBase="E:/TeamCity_Data/Build/Sierra/src/FinOM/FinOM.Test/bin/Debug/FinOM.Test.DLL" adapterTypeName="Microsoft.VisualStudio.TestTools.TestTypes.Unit.UnitTestAdapter, Microsoft.VisualStudio.QualityTools.Tips.UnitTest.Adapter, Version=10.0.0.0, Culture=neutral, PublicKeyToken=b03f5f7f11d50a3a" className="FinOM.Test.TS.Core.RunningMultiTimeSeriesExprTests, FinOM.Test, Version=1.0.0.0, Culture=neutral, PublicKeyToken=null" name="CorrelTest" />
    </UnitTest>
    <UnitTest name="NonUniformCompositeRecurrenceTimeToIndexTest" storage="e:\teamcity_data\build\sierra\src\finom\finom.test\bin\debug\finom.test.dll" id="d5df32cf-c471-a836-fe0a-c9adaf013973">
      <Execution id="4051ecaf-068e-4958-a8ac-546641084aa4" />
      <TestMethod codeBase="E:/TeamCity_Data/Build/Sierra/src/FinOM/FinOM.Test/bin/Debug/FinOM.Test.DLL" adapterTypeName="Microsoft.VisualStudio.TestTools.TestTypes.Unit.UnitTestAdapter, Microsoft.VisualStudio.QualityTools.Tips.UnitTest.Adapter, Version=10.0.0.0, Culture=neutral, PublicKeyToken=b03f5f7f11d50a3a" className="FinOM.Test.TS.Core.WorkdayPartialCompositeRecurrenceTests, FinOM.Test, Version=1.0.0.0, Culture=neutral, PublicKeyToken=null" name="NonUniformCompositeRecurrenceTimeToIndexTest" />
    </UnitTest>
    <UnitTest name="IndexerTest" storage="e:\teamcity_data\build\sierra\src\finom\finom.test\bin\debug\finom.test.dll" id="a793c660-1be8-b5f0-1d09-08b09d4be1e0">
      <Execution id="468b6c86-6226-476a-9b92-2aa0667b5c91" />
      <TestMethod codeBase="E:/TeamCity_Data/Build/Sierra/src/FinOM/FinOM.Test/bin/Debug/FinOM.Test.DLL" adapterTypeName="Microsoft.VisualStudio.TestTools.TestTypes.Unit.UnitTestAdapter, Microsoft.VisualStudio.QualityTools.Tips.UnitTest.Adapter, Version=10.0.0.0, Culture=neutral, PublicKeyToken=b03f5f7f11d50a3a" className="FinOM.Test.TS.Core.IntradayOfDailyTimelineTests, FinOM.Test, Version=1.0.0.0, Culture=neutral, PublicKeyToken=null" name="IndexerTest" />
    </UnitTest>
    <UnitTest name="TimeIndexCeilingTest" storage="e:\teamcity_data\build\sierra\src\finom\finom.test\bin\debug\finom.test.dll" id="49983d54-39c4-9333-270e-94dcd1768f99">
      <Execution id="5faee92b-4fce-4d9f-8a1a-16b3aeb19513" />
      <TestMethod codeBase="E:/TeamCity_Data/Build/Sierra/src/FinOM/FinOM.Test/bin/Debug/FinOM.Test.DLL" adapterTypeName="Microsoft.VisualStudio.TestTools.TestTypes.Unit.UnitTestAdapter, Microsoft.VisualStudio.QualityTools.Tips.UnitTest.Adapter, Version=10.0.0.0, Culture=neutral, PublicKeyToken=b03f5f7f11d50a3a" className="FinOM.Test.TS.Core.IntradayOfWorkdayWithCutTimelineTests, FinOM.Test, Version=1.0.0.0, Culture=neutral, PublicKeyToken=null" name="TimeIndexCeilingTest" />
    </UnitTest>
    <UnitTest name="SparseSqlProviderGetChanges1" storage="e:\teamcity_data\build\sierra\src\finom\finom.test\bin\debug\finom.test.dll" id="e3734368-ed4f-9855-22ae-2fe4a527bea1">
      <Execution id="96dda5e8-6d62-4bdc-aacb-c31c139c382f" />
      <TestMethod codeBase="E:/TeamCity_Data/Build/Sierra/src/FinOM/FinOM.Test/bin/Debug/FinOM.Test.DLL" adapterTypeName="Microsoft.VisualStudio.TestTools.TestTypes.Unit.UnitTestAdapter, Microsoft.VisualStudio.QualityTools.Tips.UnitTest.Adapter, Version=10.0.0.0, Culture=neutral, PublicKeyToken=b03f5f7f11d50a3a" className="FinOM.Core.Test.SparseDataTests, FinOM.Test, Version=1.0.0.0, Culture=neutral, PublicKeyToken=null" name="SparseSqlProviderGetChanges1" />
    </UnitTest>
    <UnitTest name="CombineExplicitTimelines" storage="e:\teamcity_data\build\sierra\src\finom\finom.test\bin\debug\finom.test.dll" id="6c3a197b-26ec-5fc1-1355-44d561fbe8a3">
      <Execution id="c0aa39d4-67c6-4509-9302-46b8917041fd" />
      <TestMethod codeBase="E:/TeamCity_Data/Build/Sierra/src/FinOM/FinOM.Test/bin/Debug/FinOM.Test.DLL" adapterTypeName="Microsoft.VisualStudio.TestTools.TestTypes.Unit.UnitTestAdapter, Microsoft.VisualStudio.QualityTools.Tips.UnitTest.Adapter, Version=10.0.0.0, Culture=neutral, PublicKeyToken=b03f5f7f11d50a3a" className="FinOM.Test.TS.TimelineTester, FinOM.Test, Version=1.0.0.0, Culture=neutral, PublicKeyToken=null" name="CombineExplicitTimelines" />
    </UnitTest>
    <UnitTest name="IndexOfTest" storage="e:\teamcity_data\build\sierra\src\finom\finom.test\bin\debug\finom.test.dll" id="4bc9cfa9-3d5d-d68f-121d-062ff5576f1e">
      <Execution id="a8999b72-c5ad-47ca-88df-1ec7579ccf23" />
      <TestMethod codeBase="E:/TeamCity_Data/Build/Sierra/src/FinOM/FinOM.Test/bin/Debug/FinOM.Test.DLL" adapterTypeName="Microsoft.VisualStudio.TestTools.TestTypes.Unit.UnitTestAdapter, Microsoft.VisualStudio.QualityTools.Tips.UnitTest.Adapter, Version=10.0.0.0, Culture=neutral, PublicKeyToken=b03f5f7f11d50a3a" className="FinOM.Test.TS.Core.IntradayOfWeekdayWithCutTimelineTests, FinOM.Test, Version=1.0.0.0, Culture=neutral, PublicKeyToken=null" name="IndexOfTest" />
    </UnitTest>
    <UnitTest name="CountTest" storage="e:\teamcity_data\build\sierra\src\finom\finom.test\bin\debug\finom.test.dll" id="2acd1d3f-d5ec-6a78-f78b-d4fe1d2b2aae">
      <Execution id="6a264446-8961-49cf-82f3-1904a5e931c2" />
      <TestMethod codeBase="E:/TeamCity_Data/Build/Sierra/src/FinOM/FinOM.Test/bin/Debug/FinOM.Test.DLL" adapterTypeName="Microsoft.VisualStudio.TestTools.TestTypes.Unit.UnitTestAdapter, Microsoft.VisualStudio.QualityTools.Tips.UnitTest.Adapter, Version=10.0.0.0, Culture=neutral, PublicKeyToken=b03f5f7f11d50a3a" className="FinOM.Test.TS.Core.IntradayOfWeekdayWithCutTimelineTests, FinOM.Test, Version=1.0.0.0, Culture=neutral, PublicKeyToken=null" name="CountTest" />
    </UnitTest>
    <UnitTest name="HourlyTest" storage="e:\teamcity_data\build\sierra\src\finom\finom.test\bin\debug\finom.test.dll" id="42a719b1-9a40-684d-57df-0ba187ec6e7d">
      <Execution id="698da0a4-6034-4237-85d1-7af1f9454647" />
      <TestMethod codeBase="E:/TeamCity_Data/Build/Sierra/src/FinOM/FinOM.Test/bin/Debug/FinOM.Test.DLL" adapterTypeName="Microsoft.VisualStudio.TestTools.TestTypes.Unit.UnitTestAdapter, Microsoft.VisualStudio.QualityTools.Tips.UnitTest.Adapter, Version=10.0.0.0, Culture=neutral, PublicKeyToken=b03f5f7f11d50a3a" className="FinOM.Test.TS.UseCases.IntradayTests, FinOM.Test, Version=1.0.0.0, Culture=neutral, PublicKeyToken=null" name="HourlyTest" />
    </UnitTest>
    <UnitTest name="TimePointsTest" storage="e:\teamcity_data\build\sierra\src\finom\finom.test\bin\debug\finom.test.dll" id="b4f13b84-4401-5c90-4547-7207e23e5eb8">
      <Execution id="d22806d9-7051-47d9-8c14-86ea1a6d3cd4" />
      <TestMethod codeBase="E:/TeamCity_Data/Build/Sierra/src/FinOM/FinOM.Test/bin/Debug/FinOM.Test.DLL" adapterTypeName="Microsoft.VisualStudio.TestTools.TestTypes.Unit.UnitTestAdapter, Microsoft.VisualStudio.QualityTools.Tips.UnitTest.Adapter, Version=10.0.0.0, Culture=neutral, PublicKeyToken=b03f5f7f11d50a3a" className="FinOM.Test.TS.Core.IntradayOfWeekdayTimelineTests, FinOM.Test, Version=1.0.0.0, Culture=neutral, PublicKeyToken=null" name="TimePointsTest" />
    </UnitTest>
    <UnitTest name="UniformCompositeRecurrenceIndexToTimeTest" storage="e:\teamcity_data\build\sierra\src\finom\finom.test\bin\debug\finom.test.dll" id="4df06cec-b08b-b096-6f03-915f5fe26ffe">
      <Execution id="b668802f-b765-433b-a739-ffda9793b7cc" />
      <TestMethod codeBase="E:/TeamCity_Data/Build/Sierra/src/FinOM/FinOM.Test/bin/Debug/FinOM.Test.DLL" adapterTypeName="Microsoft.VisualStudio.TestTools.TestTypes.Unit.UnitTestAdapter, Microsoft.VisualStudio.QualityTools.Tips.UnitTest.Adapter, Version=10.0.0.0, Culture=neutral, PublicKeyToken=b03f5f7f11d50a3a" className="FinOM.Test.TS.Core.WorkdayPartialCompositeRecurrenceTests, FinOM.Test, Version=1.0.0.0, Culture=neutral, PublicKeyToken=null" name="UniformCompositeRecurrenceIndexToTimeTest" />
    </UnitTest>
    <UnitTest name="BinaryUnionTest" storage="e:\teamcity_data\build\sierra\src\finom\finom.test\bin\debug\finom.test.dll" id="1718340b-e844-b48e-e482-3244df9c5907">
      <Execution id="23099da2-4ee5-48dc-b376-9143afe1a909" />
      <TestMethod codeBase="E:/TeamCity_Data/Build/Sierra/src/FinOM/FinOM.Test/bin/Debug/FinOM.Test.DLL" adapterTypeName="Microsoft.VisualStudio.TestTools.TestTypes.Unit.UnitTestAdapter, Microsoft.VisualStudio.QualityTools.Tips.UnitTest.Adapter, Version=10.0.0.0, Culture=neutral, PublicKeyToken=b03f5f7f11d50a3a" className="FinOM.Test.TS.Core.BinaryExpectedCombinedTimelinesTests, FinOM.Test, Version=1.0.0.0, Culture=neutral, PublicKeyToken=null" name="BinaryUnionTest" />
    </UnitTest>
    <UnitTest name="SubTimelineIndirectTest" storage="e:\teamcity_data\build\sierra\src\finom\finom.test\bin\debug\finom.test.dll" id="266db61a-2e1a-5835-b700-f6e3fe500205">
      <Execution id="dbf1b3d5-8dc2-4143-89ae-2f1728f5afb0" />
      <TestMethod codeBase="E:/TeamCity_Data/Build/Sierra/src/FinOM/FinOM.Test/bin/Debug/FinOM.Test.DLL" adapterTypeName="Microsoft.VisualStudio.TestTools.TestTypes.Unit.UnitTestAdapter, Microsoft.VisualStudio.QualityTools.Tips.UnitTest.Adapter, Version=10.0.0.0, Culture=neutral, PublicKeyToken=b03f5f7f11d50a3a" className="FinOM.Test.TS.Core.IntradayOfWeekdayWithCutTimelineTests, FinOM.Test, Version=1.0.0.0, Culture=neutral, PublicKeyToken=null" name="SubTimelineIndirectTest" />
    </UnitTest>
    <UnitTest name="ResetTrancheBaseRoundTripTest" storage="e:\teamcity_data\build\sierra\src\finom\finom.test\bin\debug\finom.test.dll" id="4c5872da-e94a-2cbc-82d6-8a30dc0f6bce">
      <Execution id="3b57c7a8-0092-4cf6-8697-73040bfafcff" />
      <TestMethod codeBase="E:/TeamCity_Data/Build/Sierra/src/FinOM/FinOM.Test/bin/Debug/FinOM.Test.DLL" adapterTypeName="Microsoft.VisualStudio.TestTools.TestTypes.Unit.UnitTestAdapter, Microsoft.VisualStudio.QualityTools.Tips.UnitTest.Adapter, Version=10.0.0.0, Culture=neutral, PublicKeyToken=b03f5f7f11d50a3a" className="FinOM.Test.FinanceScenarios.FixedLossGridTest, FinOM.Test, Version=1.0.0.0, Culture=neutral, PublicKeyToken=null" name="ResetTrancheBaseRoundTripTest" />
    </UnitTest>
    <UnitTest name="GuideTest" storage="e:\teamcity_data\build\sierra\src\finom\finom.test\bin\debug\finom.test.dll" id="818a2d02-e1b7-3302-e689-d202c08fdaf9">
      <Execution id="2b6c8b22-110b-4665-82d7-7509101c6f31" />
      <TestMethod codeBase="E:/TeamCity_Data/Build/Sierra/src/FinOM/FinOM.Test/bin/Debug/FinOM.Test.DLL" adapterTypeName="Microsoft.VisualStudio.TestTools.TestTypes.Unit.UnitTestAdapter, Microsoft.VisualStudio.QualityTools.Tips.UnitTest.Adapter, Version=10.0.0.0, Culture=neutral, PublicKeyToken=b03f5f7f11d50a3a" className="FinOM.Test.TS.Core.RandomBlindCombinedTimelinesTests, FinOM.Test, Version=1.0.0.0, Culture=neutral, PublicKeyToken=null" name="GuideTest" />
    </UnitTest>
    <UnitTest name="RemoveEntity" storage="e:\teamcity_data\build\sierra\src\finom\finom.test\bin\debug\finom.test.dll" id="6631792e-4686-774e-597b-e28dba4efc65">
      <Execution id="cc060dd2-319f-47c3-bb43-ba90b4038dc1" />
      <TestMethod codeBase="E:/TeamCity_Data/Build/Sierra/src/FinOM/FinOM.Test/bin/Debug/FinOM.Test.DLL" adapterTypeName="Microsoft.VisualStudio.TestTools.TestTypes.Unit.UnitTestAdapter, Microsoft.VisualStudio.QualityTools.Tips.UnitTest.Adapter, Version=10.0.0.0, Culture=neutral, PublicKeyToken=b03f5f7f11d50a3a" className="FinOM.Test.Data.BasketTest, FinOM.Test, Version=1.0.0.0, Culture=neutral, PublicKeyToken=null" name="RemoveEntity" />
    </UnitTest>
    <UnitTest name="TodayMinusThenTest" storage="e:\teamcity_data\build\sierra\src\finom\finom.test\bin\debug\finom.test.dll" id="4ddb7d20-0694-3328-1e1f-6781522dfc09">
      <Execution id="d4207bb1-313a-43d1-a187-f74c4766ebec" />
      <TestMethod codeBase="E:/TeamCity_Data/Build/Sierra/src/FinOM/FinOM.Test/bin/Debug/FinOM.Test.DLL" adapterTypeName="Microsoft.VisualStudio.TestTools.TestTypes.Unit.UnitTestAdapter, Microsoft.VisualStudio.QualityTools.Tips.UnitTest.Adapter, Version=10.0.0.0, Culture=neutral, PublicKeyToken=b03f5f7f11d50a3a" className="FinOM.Test.TS.Core.MiscTimeSeriesExprTests, FinOM.Test, Version=1.0.0.0, Culture=neutral, PublicKeyToken=null" name="TodayMinusThenTest" />
    </UnitTest>
    <UnitTest name="UnionTest" storage="e:\teamcity_data\build\sierra\src\finom\finom.test\bin\debug\finom.test.dll" id="74c0a7a0-5759-20e2-ce19-422601bf7cd8">
      <Execution id="20c3bf73-6f02-416a-8bf6-5e213b08ce78" />
      <TestMethod codeBase="E:/TeamCity_Data/Build/Sierra/src/FinOM/FinOM.Test/bin/Debug/FinOM.Test.DLL" adapterTypeName="Microsoft.VisualStudio.TestTools.TestTypes.Unit.UnitTestAdapter, Microsoft.VisualStudio.QualityTools.Tips.UnitTest.Adapter, Version=10.0.0.0, Culture=neutral, PublicKeyToken=b03f5f7f11d50a3a" className="FinOM.Test.TS.Core.SelfExpectedCombinedTimelinesTests, FinOM.Test, Version=1.0.0.0, Culture=neutral, PublicKeyToken=null" name="UnionTest" />
    </UnitTest>
    <UnitTest name="RProdTest" storage="e:\teamcity_data\build\sierra\src\finom\finom.test\bin\debug\finom.test.dll" id="a2bf214f-ccfd-bb05-e58f-fd01e1132809">
      <Execution id="4c799595-d138-4060-b566-212be3a55826" />
      <TestMethod codeBase="E:/TeamCity_Data/Build/Sierra/src/FinOM/FinOM.Test/bin/Debug/FinOM.Test.DLL" adapterTypeName="Microsoft.VisualStudio.TestTools.TestTypes.Unit.UnitTestAdapter, Microsoft.VisualStudio.QualityTools.Tips.UnitTest.Adapter, Version=10.0.0.0, Culture=neutral, PublicKeyToken=b03f5f7f11d50a3a" className="FinOM.Test.TS.Core.RunningUnaryTimeSeriesExprTests, FinOM.Test, Version=1.0.0.0, Culture=neutral, PublicKeyToken=null" name="RProdTest" />
    </UnitTest>
    <UnitTest name="UnionOfDifferenceTest" storage="e:\teamcity_data\build\sierra\src\finom\finom.test\bin\debug\finom.test.dll" id="9e81afae-608c-8cfe-3c4e-3a84abe52e8a">
      <Execution id="cb6d01c2-b218-4869-911e-1d2924555732" />
      <TestMethod codeBase="E:/TeamCity_Data/Build/Sierra/src/FinOM/FinOM.Test/bin/Debug/FinOM.Test.DLL" adapterTypeName="Microsoft.VisualStudio.TestTools.TestTypes.Unit.UnitTestAdapter, Microsoft.VisualStudio.QualityTools.Tips.UnitTest.Adapter, Version=10.0.0.0, Culture=neutral, PublicKeyToken=b03f5f7f11d50a3a" className="FinOM.Test.TS.Core.RandomMixedCombinedTimelinesTests, FinOM.Test, Version=1.0.0.0, Culture=neutral, PublicKeyToken=null" name="UnionOfDifferenceTest" />
    </UnitTest>
    <UnitTest name="SinhTest" storage="e:\teamcity_data\build\sierra\src\finom\finom.test\bin\debug\finom.test.dll" id="16a2449e-7406-65d4-eaa8-9a49363414d9">
      <Execution id="ad48abbb-e9c7-4b45-8e24-693db6013ecf" />
      <TestMethod codeBase="E:/TeamCity_Data/Build/Sierra/src/FinOM/FinOM.Test/bin/Debug/FinOM.Test.DLL" adapterTypeName="Microsoft.VisualStudio.TestTools.TestTypes.Unit.UnitTestAdapter, Microsoft.VisualStudio.QualityTools.Tips.UnitTest.Adapter, Version=10.0.0.0, Culture=neutral, PublicKeyToken=b03f5f7f11d50a3a" className="FinOM.Test.TS.Core.MathTimeSeriesExprTests, FinOM.Test, Version=1.0.0.0, Culture=neutral, PublicKeyToken=null" name="SinhTest" />
    </UnitTest>
    <UnitTest name="DifferenceOfDifferenceTest" storage="e:\teamcity_data\build\sierra\src\finom\finom.test\bin\debug\finom.test.dll" id="a9b85566-c5d1-829f-c970-b92d2b73824c">
      <Execution id="d54bd86b-c32c-4e4f-9aa1-0b220cb96143" />
      <TestMethod codeBase="E:/TeamCity_Data/Build/Sierra/src/FinOM/FinOM.Test/bin/Debug/FinOM.Test.DLL" adapterTypeName="Microsoft.VisualStudio.TestTools.TestTypes.Unit.UnitTestAdapter, Microsoft.VisualStudio.QualityTools.Tips.UnitTest.Adapter, Version=10.0.0.0, Culture=neutral, PublicKeyToken=b03f5f7f11d50a3a" className="FinOM.Test.TS.Core.StepsMixedCombinedTimelinesTests, FinOM.Test, Version=1.0.0.0, Culture=neutral, PublicKeyToken=null" name="DifferenceOfDifferenceTest" />
    </UnitTest>
    <UnitTest name="ABTest" storage="e:\teamcity_data\build\sierra\src\finom\finom.test\bin\debug\finom.test.dll" id="9181ae52-3528-7c94-22ec-64795f59d2f5">
      <Execution id="70cbad07-333d-4597-a762-09c7bb91c06d" />
      <TestMethod codeBase="E:/TeamCity_Data/Build/Sierra/src/FinOM/FinOM.Test/bin/Debug/FinOM.Test.DLL" adapterTypeName="Microsoft.VisualStudio.TestTools.TestTypes.Unit.UnitTestAdapter, Microsoft.VisualStudio.QualityTools.Tips.UnitTest.Adapter, Version=10.0.0.0, Culture=neutral, PublicKeyToken=b03f5f7f11d50a3a" className="FinOM.Test.TS.Core.SpliceTimeSeriesExprTests, FinOM.Test, Version=1.0.0.0, Culture=neutral, PublicKeyToken=null" name="ABTest" />
    </UnitTest>
    <UnitTest name="EqualTimePointsTest" storage="e:\teamcity_data\build\sierra\src\finom\finom.test\bin\debug\finom.test.dll" id="55b07e68-ecd8-9c02-295a-1ad933fe3ba1">
      <Execution id="7a99df6d-e466-4210-854c-f6963ff82c00" />
      <TestMethod codeBase="E:/TeamCity_Data/Build/Sierra/src/FinOM/FinOM.Test/bin/Debug/FinOM.Test.DLL" adapterTypeName="Microsoft.VisualStudio.TestTools.TestTypes.Unit.UnitTestAdapter, Microsoft.VisualStudio.QualityTools.Tips.UnitTest.Adapter, Version=10.0.0.0, Culture=neutral, PublicKeyToken=b03f5f7f11d50a3a" className="FinOM.Test.TS.Core.ExplicitTimelineTests, FinOM.Test, Version=1.0.0.0, Culture=neutral, PublicKeyToken=null" name="EqualTimePointsTest" />
    </UnitTest>
    <UnitTest name="IntersectionOfIntersectionTest" storage="e:\teamcity_data\build\sierra\src\finom\finom.test\bin\debug\finom.test.dll" id="d32770ba-faef-c162-caf5-a20dff8ecac6">
      <Execution id="3c5ae97a-8800-4172-8d54-db01ced4e4ae" />
      <TestMethod codeBase="E:/TeamCity_Data/Build/Sierra/src/FinOM/FinOM.Test/bin/Debug/FinOM.Test.DLL" adapterTypeName="Microsoft.VisualStudio.TestTools.TestTypes.Unit.UnitTestAdapter, Microsoft.VisualStudio.QualityTools.Tips.UnitTest.Adapter, Version=10.0.0.0, Culture=neutral, PublicKeyToken=b03f5f7f11d50a3a" className="FinOM.Test.TS.Core.RandomMixedCombinedTimelinesTests, FinOM.Test, Version=1.0.0.0, Culture=neutral, PublicKeyToken=null" name="IntersectionOfIntersectionTest" />
    </UnitTest>
    <UnitTest name="AddViaCellsLongDebug" storage="e:\teamcity_data\build\sierra\src\finom\finom.test\bin\debug\finom.test.dll" id="9a026c90-9bae-c4ff-aa5a-3d8b0f89b625">
      <Execution id="1e8c175d-acee-401c-81e9-61b070feddc3" />
      <TestMethod codeBase="E:/TeamCity_Data/Build/Sierra/src/FinOM/FinOM.Test/bin/Debug/FinOM.Test.DLL" adapterTypeName="Microsoft.VisualStudio.TestTools.TestTypes.Unit.UnitTestAdapter, Microsoft.VisualStudio.QualityTools.Tips.UnitTest.Adapter, Version=10.0.0.0, Culture=neutral, PublicKeyToken=b03f5f7f11d50a3a" className="FinOM.Test.Cells.CellMathTests, FinOM.Test, Version=1.0.0.0, Culture=neutral, PublicKeyToken=null" name="AddViaCellsLongDebug" />
    </UnitTest>
    <UnitTest name="StartEndDeltaTimelineCreationTest" storage="e:\teamcity_data\build\sierra\src\finom\finom.test\bin\debug\finom.test.dll" id="4e3dee07-5d75-3f36-0a46-cf316f63189d">
      <Execution id="512acc7f-8eff-42a8-afb7-29ff5724eeca" />
      <TestMethod codeBase="E:/TeamCity_Data/Build/Sierra/src/FinOM/FinOM.Test/bin/Debug/FinOM.Test.DLL" adapterTypeName="Microsoft.VisualStudio.TestTools.TestTypes.Unit.UnitTestAdapter, Microsoft.VisualStudio.QualityTools.Tips.UnitTest.Adapter, Version=10.0.0.0, Culture=neutral, PublicKeyToken=b03f5f7f11d50a3a" className="FinOM.Test.TS.Core.RecurringTimelineCreationTests, FinOM.Test, Version=1.0.0.0, Culture=neutral, PublicKeyToken=null" name="StartEndDeltaTimelineCreationTest" />
    </UnitTest>
    <UnitTest name="IndexToTimeShiftedPositiveTest" storage="e:\teamcity_data\build\sierra\src\finom\finom.test\bin\debug\finom.test.dll" id="e599a719-a644-fca3-38c2-9d67640baa4b">
      <Execution id="052acf11-8711-4ed0-9811-4ce478733bd6" />
      <TestMethod codeBase="E:/TeamCity_Data/Build/Sierra/src/FinOM/FinOM.Test/bin/Debug/FinOM.Test.DLL" adapterTypeName="Microsoft.VisualStudio.TestTools.TestTypes.Unit.UnitTestAdapter, Microsoft.VisualStudio.QualityTools.Tips.UnitTest.Adapter, Version=10.0.0.0, Culture=neutral, PublicKeyToken=b03f5f7f11d50a3a" className="FinOM.Test.TS.Core.WeekdayCompositeRecurrenceTests, FinOM.Test, Version=1.0.0.0, Culture=neutral, PublicKeyToken=null" name="IndexToTimeShiftedPositiveTest" />
    </UnitTest>
    <UnitTest name="ParSpreadRoundTripTest" storage="e:\teamcity_data\build\sierra\src\finom\finom.test\bin\debug\finom.test.dll" id="17ae8796-05d1-5dbf-3ea6-3fd8875ad02a">
      <Execution id="555763b7-ab2b-4bae-8861-b3398a643079" />
      <TestMethod codeBase="E:/TeamCity_Data/Build/Sierra/src/FinOM/FinOM.Test/bin/Debug/FinOM.Test.DLL" adapterTypeName="Microsoft.VisualStudio.TestTools.TestTypes.Unit.UnitTestAdapter, Microsoft.VisualStudio.QualityTools.Tips.UnitTest.Adapter, Version=10.0.0.0, Culture=neutral, PublicKeyToken=b03f5f7f11d50a3a" className="FinOM.Test.Credit.CDSTest, FinOM.Test, Version=1.0.0.0, Culture=neutral, PublicKeyToken=null" name="ParSpreadRoundTripTest" />
    </UnitTest>
    <UnitTest name="ProductOfThreeTest" storage="e:\teamcity_data\build\sierra\src\finom\finom.test\bin\debug\finom.test.dll" id="e84778a1-9c5b-dddf-740c-b238a6ea59f9">
      <Execution id="e3af40f2-228b-4ddc-9bcc-86b202536b38" />
      <TestMethod codeBase="E:/TeamCity_Data/Build/Sierra/src/FinOM/FinOM.Test/bin/Debug/FinOM.Test.DLL" adapterTypeName="Microsoft.VisualStudio.TestTools.TestTypes.Unit.UnitTestAdapter, Microsoft.VisualStudio.QualityTools.Tips.UnitTest.Adapter, Version=10.0.0.0, Culture=neutral, PublicKeyToken=b03f5f7f11d50a3a" className="FinOM.Test.Util.ProductTests, FinOM.Test, Version=1.0.0.0, Culture=neutral, PublicKeyToken=null" name="ProductOfThreeTest" />
    </UnitTest>
    <UnitTest name="SubTimelineSegmentTest" storage="e:\teamcity_data\build\sierra\src\finom\finom.test\bin\debug\finom.test.dll" id="603217da-9ae4-46b3-2e65-7d237f378c4b">
      <Execution id="a2df6d3b-0c90-4e21-8dfb-25b899fd16a6" />
      <TestMethod codeBase="E:/TeamCity_Data/Build/Sierra/src/FinOM/FinOM.Test/bin/Debug/FinOM.Test.DLL" adapterTypeName="Microsoft.VisualStudio.TestTools.TestTypes.Unit.UnitTestAdapter, Microsoft.VisualStudio.QualityTools.Tips.UnitTest.Adapter, Version=10.0.0.0, Culture=neutral, PublicKeyToken=b03f5f7f11d50a3a" className="FinOM.Test.TS.Core.ExplicitTimelineTests, FinOM.Test, Version=1.0.0.0, Culture=neutral, PublicKeyToken=null" name="SubTimelineSegmentTest" />
    </UnitTest>
    <UnitTest name="Random10Test" storage="e:\teamcity_data\build\sierra\src\finom\finom.test\bin\debug\finom.test.dll" id="36036894-626c-9b78-a3ec-b06ac1767e3c">
      <Execution id="7dfba54c-5c57-4b81-88e6-b94554bd4bd3" />
      <TestMethod codeBase="E:/TeamCity_Data/Build/Sierra/src/FinOM/FinOM.Test/bin/Debug/FinOM.Test.DLL" adapterTypeName="Microsoft.VisualStudio.TestTools.TestTypes.Unit.UnitTestAdapter, Microsoft.VisualStudio.QualityTools.Tips.UnitTest.Adapter, Version=10.0.0.0, Culture=neutral, PublicKeyToken=b03f5f7f11d50a3a" className="FinOM.Test.TS.Core.MiscTimeSeriesExprTests, FinOM.Test, Version=1.0.0.0, Culture=neutral, PublicKeyToken=null" name="Random10Test" />
    </UnitTest>
    <UnitTest name="PrecedentSymmetryTest1" storage="e:\teamcity_data\build\sierra\src\finom\finom.test\bin\debug\finom.test.dll" id="de681b62-cde2-a252-970e-c9743272663d">
      <Execution id="ed2a23de-556a-4505-be12-cb9f5977104e" />
      <TestMethod codeBase="E:/TeamCity_Data/Build/Sierra/src/FinOM/FinOM.Test/bin/Debug/FinOM.Test.DLL" adapterTypeName="Microsoft.VisualStudio.TestTools.TestTypes.Unit.UnitTestAdapter, Microsoft.VisualStudio.QualityTools.Tips.UnitTest.Adapter, Version=10.0.0.0, Culture=neutral, PublicKeyToken=b03f5f7f11d50a3a" className="FinOM.Test.Cells.CellTest, FinOM.Test, Version=1.0.0.0, Culture=neutral, PublicKeyToken=null" name="PrecedentSymmetryTest1" />
    </UnitTest>
    <UnitTest name="NestedPermutationsTest" storage="e:\teamcity_data\build\sierra\src\finom\finom.test\bin\debug\finom.test.dll" id="5f4aa2fa-4202-9ba7-52a1-3d17c5cc7c92">
      <Execution id="20a721eb-c611-476c-8ee3-080dcda73bf9" />
      <TestMethod codeBase="E:/TeamCity_Data/Build/Sierra/src/FinOM/FinOM.Test/bin/Debug/FinOM.Test.DLL" adapterTypeName="Microsoft.VisualStudio.TestTools.TestTypes.Unit.UnitTestAdapter, Microsoft.VisualStudio.QualityTools.Tips.UnitTest.Adapter, Version=10.0.0.0, Culture=neutral, PublicKeyToken=b03f5f7f11d50a3a" className="FinOM.Test.Util.PermutationTests, FinOM.Test, Version=1.0.0.0, Culture=neutral, PublicKeyToken=null" name="NestedPermutationsTest" />
    </UnitTest>
    <UnitTest name="UniformCompositeRecurrenceTimeToIndexTest" storage="e:\teamcity_data\build\sierra\src\finom\finom.test\bin\debug\finom.test.dll" id="eb9b16e6-00bb-f338-7c7f-e9fa554c5180">
      <Execution id="abfa2020-a687-4845-a8be-ec6fecba2c65" />
      <TestMethod codeBase="E:/TeamCity_Data/Build/Sierra/src/FinOM/FinOM.Test/bin/Debug/FinOM.Test.DLL" adapterTypeName="Microsoft.VisualStudio.TestTools.TestTypes.Unit.UnitTestAdapter, Microsoft.VisualStudio.QualityTools.Tips.UnitTest.Adapter, Version=10.0.0.0, Culture=neutral, PublicKeyToken=b03f5f7f11d50a3a" className="FinOM.Test.TS.Core.WorkdayPartialCompositeRecurrenceTests, FinOM.Test, Version=1.0.0.0, Culture=neutral, PublicKeyToken=null" name="UniformCompositeRecurrenceTimeToIndexTest" />
    </UnitTest>
    <UnitTest name="MinTest" storage="e:\teamcity_data\build\sierra\src\finom\finom.test\bin\debug\finom.test.dll" id="462caae8-5fdd-107a-a902-cab3b807d7f7">
      <Execution id="79fb4a0b-d383-4e28-b22d-3f1f8792a59c" />
      <TestMethod codeBase="E:/TeamCity_Data/Build/Sierra/src/FinOM/FinOM.Test/bin/Debug/FinOM.Test.DLL" adapterTypeName="Microsoft.VisualStudio.TestTools.TestTypes.Unit.UnitTestAdapter, Microsoft.VisualStudio.QualityTools.Tips.UnitTest.Adapter, Version=10.0.0.0, Culture=neutral, PublicKeyToken=b03f5f7f11d50a3a" className="FinOM.Test.TS.Core.MovingUnaryTimeSeriesExprTests, FinOM.Test, Version=1.0.0.0, Culture=neutral, PublicKeyToken=null" name="MinTest" />
    </UnitTest>
    <UnitTest name="ShortEndSpreadCalcComprehensiveTest" storage="e:\teamcity_data\build\sierra\src\finom\finom.test\bin\debug\finom.test.dll" id="c1901cff-2ab8-577c-7844-8ae3491e4d48">
      <Execution id="e889e39b-7aea-41f3-af1a-3780be053c66" />
      <TestMethod codeBase="E:/TeamCity_Data/Build/Sierra/src/FinOM/FinOM.Test/bin/Debug/FinOM.Test.DLL" adapterTypeName="Microsoft.VisualStudio.TestTools.TestTypes.Unit.UnitTestAdapter, Microsoft.VisualStudio.QualityTools.Tips.UnitTest.Adapter, Version=10.0.0.0, Culture=neutral, PublicKeyToken=b03f5f7f11d50a3a" className="FinOM.Test.FinanceScenarios.CreditCurve.SpreadFillerTest, FinOM.Test, Version=1.0.0.0, Culture=neutral, PublicKeyToken=null" name="ShortEndSpreadCalcComprehensiveTest" />
    </UnitTest>
    <UnitTest name="CovarTest" storage="e:\teamcity_data\build\sierra\src\finom\finom.test\bin\debug\finom.test.dll" id="186ff14f-2bc5-4068-34aa-b3cc8dd5a681">
      <Execution id="277a9562-4e67-48bc-bbc0-ebab34d64c3b" />
      <TestMethod codeBase="E:/TeamCity_Data/Build/Sierra/src/FinOM/FinOM.Test/bin/Debug/FinOM.Test.DLL" adapterTypeName="Microsoft.VisualStudio.TestTools.TestTypes.Unit.UnitTestAdapter, Microsoft.VisualStudio.QualityTools.Tips.UnitTest.Adapter, Version=10.0.0.0, Culture=neutral, PublicKeyToken=b03f5f7f11d50a3a" className="FinOM.Test.TS.Core.ScalarMultiTimeSeriesExprTests, FinOM.Test, Version=1.0.0.0, Culture=neutral, PublicKeyToken=null" name="CovarTest" />
    </UnitTest>
    <UnitTest name="TestMultiFormula" storage="e:\teamcity_data\build\sierra\src\finom\finom.test\bin\debug\finom.test.dll" id="826aaf84-602d-170a-119e-ab4e755fa732">
      <Execution id="542f8b1c-2445-4540-ad71-1b214c8da34a" />
      <TestMethod codeBase="E:/TeamCity_Data/Build/Sierra/src/FinOM/FinOM.Test/bin/Debug/FinOM.Test.DLL" adapterTypeName="Microsoft.VisualStudio.TestTools.TestTypes.Unit.UnitTestAdapter, Microsoft.VisualStudio.QualityTools.Tips.UnitTest.Adapter, Version=10.0.0.0, Culture=neutral, PublicKeyToken=b03f5f7f11d50a3a" className="FinOM.Test.Cells.AnonymousCellTests, FinOM.Test, Version=1.0.0.0, Culture=neutral, PublicKeyToken=null" name="TestMultiFormula" />
    </UnitTest>
    <UnitTest name="DJIATest" storage="e:\teamcity_data\build\sierra\src\finom\finom.test\bin\debug\finom.test.dll" id="ff0a74a0-353d-bd5a-c502-87c0706d8b9f">
      <Execution id="20d93401-52af-40df-8dc8-865cc698ce8b" />
      <TestMethod codeBase="E:/TeamCity_Data/Build/Sierra/src/FinOM/FinOM.Test/bin/Debug/FinOM.Test.DLL" adapterTypeName="Microsoft.VisualStudio.TestTools.TestTypes.Unit.UnitTestAdapter, Microsoft.VisualStudio.QualityTools.Tips.UnitTest.Adapter, Version=10.0.0.0, Culture=neutral, PublicKeyToken=b03f5f7f11d50a3a" className="FinOM.Test.TS.Core.DBTimeSeriesExprTests, FinOM.Test, Version=1.0.0.0, Culture=neutral, PublicKeyToken=null" name="DJIATest" />
    </UnitTest>
    <UnitTest name="TestReadMarkItRateDownload" storage="e:\teamcity_data\build\sierra\src\finom\finom.test\bin\debug\finom.test.dll" id="09e3c635-b496-7746-10dd-0fae1b089d5f">
      <Execution id="aec40517-d68f-4d02-8dfd-b20d28d915fb" />
      <TestMethod codeBase="E:/TeamCity_Data/Build/Sierra/src/FinOM/FinOM.Test/bin/Debug/FinOM.Test.DLL" adapterTypeName="Microsoft.VisualStudio.TestTools.TestTypes.Unit.UnitTestAdapter, Microsoft.VisualStudio.QualityTools.Tips.UnitTest.Adapter, Version=10.0.0.0, Culture=neutral, PublicKeyToken=b03f5f7f11d50a3a" className="FinOM.Test.Credit.IsdaCdsModelTest, FinOM.Test, Version=1.0.0.0, Culture=neutral, PublicKeyToken=null" name="TestReadMarkItRateDownload" />
    </UnitTest>
    <UnitTest name="SymDiffOfIntersectionTest" storage="e:\teamcity_data\build\sierra\src\finom\finom.test\bin\debug\finom.test.dll" id="ca14ef8d-9815-7e11-a3df-ce1863fcfe8b">
      <Execution id="a120d086-89e0-434b-86aa-46237f5f74f7" />
      <TestMethod codeBase="E:/TeamCity_Data/Build/Sierra/src/FinOM/FinOM.Test/bin/Debug/FinOM.Test.DLL" adapterTypeName="Microsoft.VisualStudio.TestTools.TestTypes.Unit.UnitTestAdapter, Microsoft.VisualStudio.QualityTools.Tips.UnitTest.Adapter, Version=10.0.0.0, Culture=neutral, PublicKeyToken=b03f5f7f11d50a3a" className="FinOM.Test.TS.Core.RandomMixedCombinedTimelinesTests, FinOM.Test, Version=1.0.0.0, Culture=neutral, PublicKeyToken=null" name="SymDiffOfIntersectionTest" />
    </UnitTest>
    <UnitTest name="UnionOfSymDiffTest" storage="e:\teamcity_data\build\sierra\src\finom\finom.test\bin\debug\finom.test.dll" id="fe4a2ce6-01fa-b702-ab1a-b79ffb8d09db">
      <Execution id="386c2b1a-8141-4dc7-8fb7-91678fb6848a" />
      <TestMethod codeBase="E:/TeamCity_Data/Build/Sierra/src/FinOM/FinOM.Test/bin/Debug/FinOM.Test.DLL" adapterTypeName="Microsoft.VisualStudio.TestTools.TestTypes.Unit.UnitTestAdapter, Microsoft.VisualStudio.QualityTools.Tips.UnitTest.Adapter, Version=10.0.0.0, Culture=neutral, PublicKeyToken=b03f5f7f11d50a3a" className="FinOM.Test.TS.Core.StepsMixedCombinedTimelinesTests, FinOM.Test, Version=1.0.0.0, Culture=neutral, PublicKeyToken=null" name="UnionOfSymDiffTest" />
    </UnitTest>
    <UnitTest name="SubTimelineIndirectTest" storage="e:\teamcity_data\build\sierra\src\finom\finom.test\bin\debug\finom.test.dll" id="404fc2ec-3a09-6de2-2db6-ed4e4afa7a3b">
      <Execution id="bb30729a-5f6e-46a4-8c61-54fd8e466e6a" />
      <TestMethod codeBase="E:/TeamCity_Data/Build/Sierra/src/FinOM/FinOM.Test/bin/Debug/FinOM.Test.DLL" adapterTypeName="Microsoft.VisualStudio.TestTools.TestTypes.Unit.UnitTestAdapter, Microsoft.VisualStudio.QualityTools.Tips.UnitTest.Adapter, Version=10.0.0.0, Culture=neutral, PublicKeyToken=b03f5f7f11d50a3a" className="FinOM.Test.TS.Core.SegmentOfRecurringTimelineTests, FinOM.Test, Version=1.0.0.0, Culture=neutral, PublicKeyToken=null" name="SubTimelineIndirectTest" />
    </UnitTest>
    <UnitTest name="BinaryTimelineBeforeStartEnumeratorTest" storage="e:\teamcity_data\build\sierra\src\finom\finom.test\bin\debug\finom.test.dll" id="d0967643-6030-d248-8540-fe30a0b92290">
      <Execution id="1d844a38-46a7-492c-a0bd-d54d76fc1796" />
      <TestMethod codeBase="E:/TeamCity_Data/Build/Sierra/src/FinOM/FinOM.Test/bin/Debug/FinOM.Test.DLL" adapterTypeName="Microsoft.VisualStudio.TestTools.TestTypes.Unit.UnitTestAdapter, Microsoft.VisualStudio.QualityTools.Tips.UnitTest.Adapter, Version=10.0.0.0, Culture=neutral, PublicKeyToken=b03f5f7f11d50a3a" className="FinOM.Test.TS.Core.OutOfIterationTimelinesEnumeratorTests, FinOM.Test, Version=1.0.0.0, Culture=neutral, PublicKeyToken=null" name="BinaryTimelineBeforeStartEnumeratorTest" />
    </UnitTest>
    <UnitTest name="RoundDTest" storage="e:\teamcity_data\build\sierra\src\finom\finom.test\bin\debug\finom.test.dll" id="a563cf95-11d9-4df1-7353-6308be18a820">
      <Execution id="56b41fe0-9a16-4fcf-85f8-bbb22decfb45" />
      <TestMethod codeBase="E:/TeamCity_Data/Build/Sierra/src/FinOM/FinOM.Test/bin/Debug/FinOM.Test.DLL" adapterTypeName="Microsoft.VisualStudio.TestTools.TestTypes.Unit.UnitTestAdapter, Microsoft.VisualStudio.QualityTools.Tips.UnitTest.Adapter, Version=10.0.0.0, Culture=neutral, PublicKeyToken=b03f5f7f11d50a3a" className="FinOM.Test.TS.Core.MathTimeSeriesExprTests, FinOM.Test, Version=1.0.0.0, Culture=neutral, PublicKeyToken=null" name="RoundDTest" />
    </UnitTest>
    <UnitTest name="SumTest" storage="e:\teamcity_data\build\sierra\src\finom\finom.test\bin\debug\finom.test.dll" id="663df171-a32f-318b-3d27-9941e69286ea">
      <Execution id="e7bd4076-301a-4c2c-8b14-88de13b3c581" />
      <TestMethod codeBase="E:/TeamCity_Data/Build/Sierra/src/FinOM/FinOM.Test/bin/Debug/FinOM.Test.DLL" adapterTypeName="Microsoft.VisualStudio.TestTools.TestTypes.Unit.UnitTestAdapter, Microsoft.VisualStudio.QualityTools.Tips.UnitTest.Adapter, Version=10.0.0.0, Culture=neutral, PublicKeyToken=b03f5f7f11d50a3a" className="FinOM.Test.TS.Core.MultiPointTimeSeriesExprTests, FinOM.Test, Version=1.0.0.0, Culture=neutral, PublicKeyToken=null" name="SumTest" />
    </UnitTest>
    <UnitTest name="IndexToTimeEvenTest" storage="e:\teamcity_data\build\sierra\src\finom\finom.test\bin\debug\finom.test.dll" id="af19ccbb-d274-babb-f900-43427e020b82">
      <Execution id="44eded07-0293-4281-89f2-901765f9f58c" />
      <TestMethod codeBase="E:/TeamCity_Data/Build/Sierra/src/FinOM/FinOM.Test/bin/Debug/FinOM.Test.DLL" adapterTypeName="Microsoft.VisualStudio.TestTools.TestTypes.Unit.UnitTestAdapter, Microsoft.VisualStudio.QualityTools.Tips.UnitTest.Adapter, Version=10.0.0.0, Culture=neutral, PublicKeyToken=b03f5f7f11d50a3a" className="FinOM.Test.TS.Core.WeekdayCompositeRecurrenceTests, FinOM.Test, Version=1.0.0.0, Culture=neutral, PublicKeyToken=null" name="IndexToTimeEvenTest" />
    </UnitTest>
    <UnitTest name="RMaxTest" storage="e:\teamcity_data\build\sierra\src\finom\finom.test\bin\debug\finom.test.dll" id="fc556bdd-7315-a43f-d174-6f755a6bfa8b">
      <Execution id="8f4130f5-5602-45d3-b8f5-bde6357d7472" />
      <TestMethod codeBase="E:/TeamCity_Data/Build/Sierra/src/FinOM/FinOM.Test/bin/Debug/FinOM.Test.DLL" adapterTypeName="Microsoft.VisualStudio.TestTools.TestTypes.Unit.UnitTestAdapter, Microsoft.VisualStudio.QualityTools.Tips.UnitTest.Adapter, Version=10.0.0.0, Culture=neutral, PublicKeyToken=b03f5f7f11d50a3a" className="FinOM.Test.TS.Core.RunningUnaryTimeSeriesExprTests, FinOM.Test, Version=1.0.0.0, Culture=neutral, PublicKeyToken=null" name="RMaxTest" />
    </UnitTest>
    <UnitTest name="SelfBinaryTimelinesEnumeratorTest1" storage="e:\teamcity_data\build\sierra\src\finom\finom.test\bin\debug\finom.test.dll" id="9c0beddc-c924-8284-f83b-7d008ac66309">
      <Execution id="d4cb78a1-9ae7-4a43-8ffa-b2e6fd31a46d" />
      <TestMethod codeBase="E:/TeamCity_Data/Build/Sierra/src/FinOM/FinOM.Test/bin/Debug/FinOM.Test.DLL" adapterTypeName="Microsoft.VisualStudio.TestTools.TestTypes.Unit.UnitTestAdapter, Microsoft.VisualStudio.QualityTools.Tips.UnitTest.Adapter, Version=10.0.0.0, Culture=neutral, PublicKeyToken=b03f5f7f11d50a3a" className="FinOM.Test.TS.Core.SelfBinaryTimelinesEnumeratorTests, FinOM.Test, Version=1.0.0.0, Culture=neutral, PublicKeyToken=null" name="SelfBinaryTimelinesEnumeratorTest1" />
    </UnitTest>
    <UnitTest name="OptionImpliedUpTest" storage="e:\teamcity_data\build\sierra\src\finom\finom.test\bin\debug\finom.test.dll" id="2ca5b6f2-b795-2f26-89f1-630e41cb68e8">
      <Execution id="70d3e713-ec4f-401e-8678-8e4b96627434" />
      <TestMethod codeBase="E:/TeamCity_Data/Build/Sierra/src/FinOM/FinOM.Test/bin/Debug/FinOM.Test.DLL" adapterTypeName="Microsoft.VisualStudio.TestTools.TestTypes.Unit.UnitTestAdapter, Microsoft.VisualStudio.QualityTools.Tips.UnitTest.Adapter, Version=10.0.0.0, Culture=neutral, PublicKeyToken=b03f5f7f11d50a3a" className="FinOM.Test.EquityDerivatives.EquityTests, FinOM.Test, Version=1.0.0.0, Culture=neutral, PublicKeyToken=null" name="OptionImpliedUpTest" />
    </UnitTest>
    <UnitTest name="CountTest" storage="e:\teamcity_data\build\sierra\src\finom\finom.test\bin\debug\finom.test.dll" id="d647b0df-44f2-d9e8-479c-f10e1787cd32">
      <Execution id="da1bed56-184f-4403-a967-1ec019d5b987" />
      <TestMethod codeBase="E:/TeamCity_Data/Build/Sierra/src/FinOM/FinOM.Test/bin/Debug/FinOM.Test.DLL" adapterTypeName="Microsoft.VisualStudio.TestTools.TestTypes.Unit.UnitTestAdapter, Microsoft.VisualStudio.QualityTools.Tips.UnitTest.Adapter, Version=10.0.0.0, Culture=neutral, PublicKeyToken=b03f5f7f11d50a3a" className="FinOM.Test.TS.Core.IntradayOfWorkdayWithCutTimelineTests, FinOM.Test, Version=1.0.0.0, Culture=neutral, PublicKeyToken=null" name="CountTest" />
    </UnitTest>
    <UnitTest name="SelfSubsetTest" storage="e:\teamcity_data\build\sierra\src\finom\finom.test\bin\debug\finom.test.dll" id="ce52de6f-d1ab-9b05-01da-5563ddc76dc4">
      <Execution id="f2e21f72-dcb3-48de-9042-e2a6883e1afc" />
      <TestMethod codeBase="E:/TeamCity_Data/Build/Sierra/src/FinOM/FinOM.Test/bin/Debug/FinOM.Test.DLL" adapterTypeName="Microsoft.VisualStudio.TestTools.TestTypes.Unit.UnitTestAdapter, Microsoft.VisualStudio.QualityTools.Tips.UnitTest.Adapter, Version=10.0.0.0, Culture=neutral, PublicKeyToken=b03f5f7f11d50a3a" className="FinOM.Test.TS.Core.SubsetAndIndexTests, FinOM.Test, Version=1.0.0.0, Culture=neutral, PublicKeyToken=null" name="SelfSubsetTest" />
    </UnitTest>
    <UnitTest name="RecoveryTest" storage="e:\teamcity_data\build\sierra\src\finom\finom.test\bin\debug\finom.test.dll" id="cd242285-4618-b7e3-d232-c259cff13222">
      <Execution id="e5cbf35a-cb78-483a-87c3-27288d5fbeda" />
      <TestMethod codeBase="E:/TeamCity_Data/Build/Sierra/src/FinOM/FinOM.Test/bin/Debug/FinOM.Test.DLL" adapterTypeName="Microsoft.VisualStudio.TestTools.TestTypes.Unit.UnitTestAdapter, Microsoft.VisualStudio.QualityTools.Tips.UnitTest.Adapter, Version=10.0.0.0, Culture=neutral, PublicKeyToken=b03f5f7f11d50a3a" className="FinOM.Test.Credit.CDSTest, FinOM.Test, Version=1.0.0.0, Culture=neutral, PublicKeyToken=null" name="RecoveryTest" />
    </UnitTest>
    <UnitTest name="ScenarioDeriveTest3" storage="e:\teamcity_data\build\sierra\src\finom\finom.test\bin\debug\finom.test.dll" id="ed23d3c0-1e0d-a107-6f42-f6f5d37ac69c">
      <Execution id="27847b22-d886-4080-abcc-3f86ffd5495e" />
      <TestMethod codeBase="E:/TeamCity_Data/Build/Sierra/src/FinOM/FinOM.Test/bin/Debug/FinOM.Test.DLL" adapterTypeName="Microsoft.VisualStudio.TestTools.TestTypes.Unit.UnitTestAdapter, Microsoft.VisualStudio.QualityTools.Tips.UnitTest.Adapter, Version=10.0.0.0, Culture=neutral, PublicKeyToken=b03f5f7f11d50a3a" className="FinOM.Test.Cells.CellTest, FinOM.Test, Version=1.0.0.0, Culture=neutral, PublicKeyToken=null" name="ScenarioDeriveTest3" />
    </UnitTest>
    <UnitTest name="IndexToTimeTest" storage="e:\teamcity_data\build\sierra\src\finom\finom.test\bin\debug\finom.test.dll" id="a8d37fc5-9157-1a1c-c586-1d414b5302e9">
      <Execution id="688c0d4b-13dd-402a-b301-d90e7dec0af6" />
      <TestMethod codeBase="E:/TeamCity_Data/Build/Sierra/src/FinOM/FinOM.Test/bin/Debug/FinOM.Test.DLL" adapterTypeName="Microsoft.VisualStudio.TestTools.TestTypes.Unit.UnitTestAdapter, Microsoft.VisualStudio.QualityTools.Tips.UnitTest.Adapter, Version=10.0.0.0, Culture=neutral, PublicKeyToken=b03f5f7f11d50a3a" className="FinOM.Test.TS.Core.WeekdayRecurrenceTests, FinOM.Test, Version=1.0.0.0, Culture=neutral, PublicKeyToken=null" name="IndexToTimeTest" />
    </UnitTest>
    <UnitTest name="StartTimeTest" storage="e:\teamcity_data\build\sierra\src\finom\finom.test\bin\debug\finom.test.dll" id="1091918b-0bfb-f522-74eb-143468be10a2">
      <Execution id="5a71d2e2-ad67-4ee4-9694-0e27bd32e221" />
      <TestMethod codeBase="E:/TeamCity_Data/Build/Sierra/src/FinOM/FinOM.Test/bin/Debug/FinOM.Test.DLL" adapterTypeName="Microsoft.VisualStudio.TestTools.TestTypes.Unit.UnitTestAdapter, Microsoft.VisualStudio.QualityTools.Tips.UnitTest.Adapter, Version=10.0.0.0, Culture=neutral, PublicKeyToken=b03f5f7f11d50a3a" className="FinOM.Test.TS.Core.IntradayOfWorkdayWithCutTimelineTests, FinOM.Test, Version=1.0.0.0, Culture=neutral, PublicKeyToken=null" name="StartTimeTest" />
    </UnitTest>
    <UnitTest name="StartTimeTest" storage="e:\teamcity_data\build\sierra\src\finom\finom.test\bin\debug\finom.test.dll" id="973034ca-451b-f79e-3938-5a5e9c933b32">
      <Execution id="e3765958-6d35-4901-b1f2-31c0e349c7fe" />
      <TestMethod codeBase="E:/TeamCity_Data/Build/Sierra/src/FinOM/FinOM.Test/bin/Debug/FinOM.Test.DLL" adapterTypeName="Microsoft.VisualStudio.TestTools.TestTypes.Unit.UnitTestAdapter, Microsoft.VisualStudio.QualityTools.Tips.UnitTest.Adapter, Version=10.0.0.0, Culture=neutral, PublicKeyToken=b03f5f7f11d50a3a" className="FinOM.Test.TS.Core.IndirectOfRecurringTimelineTests, FinOM.Test, Version=1.0.0.0, Culture=neutral, PublicKeyToken=null" name="StartTimeTest" />
    </UnitTest>
    <UnitTest name="IndexerTest" storage="e:\teamcity_data\build\sierra\src\finom\finom.test\bin\debug\finom.test.dll" id="ad87d0f0-d036-90d7-2024-d6edab90c80f">
      <Execution id="be847eac-7ace-4654-a85b-2868d447f9eb" />
      <TestMethod codeBase="E:/TeamCity_Data/Build/Sierra/src/FinOM/FinOM.Test/bin/Debug/FinOM.Test.DLL" adapterTypeName="Microsoft.VisualStudio.TestTools.TestTypes.Unit.UnitTestAdapter, Microsoft.VisualStudio.QualityTools.Tips.UnitTest.Adapter, Version=10.0.0.0, Culture=neutral, PublicKeyToken=b03f5f7f11d50a3a" className="FinOM.Test.TS.Core.SegmentOfExplicitTimelineTests, FinOM.Test, Version=1.0.0.0, Culture=neutral, PublicKeyToken=null" name="IndexerTest" />
    </UnitTest>
    <UnitTest name="TimeIndexFloorSegmentTest" storage="e:\teamcity_data\build\sierra\src\finom\finom.test\bin\debug\finom.test.dll" id="aedeaefe-f5b0-15ea-fd3c-8f82609fb9e3">
      <Execution id="bcd8b6e8-e2a7-4a9d-b3b5-a3bc18897995" />
      <TestMethod codeBase="E:/TeamCity_Data/Build/Sierra/src/FinOM/FinOM.Test/bin/Debug/FinOM.Test.DLL" adapterTypeName="Microsoft.VisualStudio.TestTools.TestTypes.Unit.UnitTestAdapter, Microsoft.VisualStudio.QualityTools.Tips.UnitTest.Adapter, Version=10.0.0.0, Culture=neutral, PublicKeyToken=b03f5f7f11d50a3a" className="FinOM.Test.TS.Core.IndirectOfRecurringTimelineTests, FinOM.Test, Version=1.0.0.0, Culture=neutral, PublicKeyToken=null" name="TimeIndexFloorSegmentTest" />
    </UnitTest>
    <UnitTest name="RatioWTest" storage="e:\teamcity_data\build\sierra\src\finom\finom.test\bin\debug\finom.test.dll" id="c847ae60-0c06-45cd-d503-b4c55ef4d3ea">
      <Execution id="3ad82984-bc88-486e-8596-79d2b3b54940" />
      <TestMethod codeBase="E:/TeamCity_Data/Build/Sierra/src/FinOM/FinOM.Test/bin/Debug/FinOM.Test.DLL" adapterTypeName="Microsoft.VisualStudio.TestTools.TestTypes.Unit.UnitTestAdapter, Microsoft.VisualStudio.QualityTools.Tips.UnitTest.Adapter, Version=10.0.0.0, Culture=neutral, PublicKeyToken=b03f5f7f11d50a3a" className="FinOM.Test.TS.Core.MovingUnaryTimeSeriesExprTests, FinOM.Test, Version=1.0.0.0, Culture=neutral, PublicKeyToken=null" name="RatioWTest" />
    </UnitTest>
    <UnitTest name="NonUniformCompositeRecurrenceFloorTest" storage="e:\teamcity_data\build\sierra\src\finom\finom.test\bin\debug\finom.test.dll" id="e9da50d4-2a63-1720-666c-da76942d5c26">
      <Execution id="7a2eeb48-b042-474b-b6b0-f058addc1159" />
      <TestMethod codeBase="E:/TeamCity_Data/Build/Sierra/src/FinOM/FinOM.Test/bin/Debug/FinOM.Test.DLL" adapterTypeName="Microsoft.VisualStudio.TestTools.TestTypes.Unit.UnitTestAdapter, Microsoft.VisualStudio.QualityTools.Tips.UnitTest.Adapter, Version=10.0.0.0, Culture=neutral, PublicKeyToken=b03f5f7f11d50a3a" className="FinOM.Test.TS.Core.WorkdayPartialCompositeRecurrenceTests, FinOM.Test, Version=1.0.0.0, Culture=neutral, PublicKeyToken=null" name="NonUniformCompositeRecurrenceFloorTest" />
    </UnitTest>
    <UnitTest name="IntradayTest" storage="e:\teamcity_data\build\sierra\src\finom\finom.test\bin\debug\finom.test.dll" id="198aef61-998a-a087-c941-455cdf4b5499">
      <Execution id="6b99cfcc-7646-4861-a2a5-7c525bac78ad" />
      <TestMethod codeBase="E:/TeamCity_Data/Build/Sierra/src/FinOM/FinOM.Test/bin/Debug/FinOM.Test.DLL" adapterTypeName="Microsoft.VisualStudio.TestTools.TestTypes.Unit.UnitTestAdapter, Microsoft.VisualStudio.QualityTools.Tips.UnitTest.Adapter, Version=10.0.0.0, Culture=neutral, PublicKeyToken=b03f5f7f11d50a3a" className="FinOM.Test.TS.Core.UniformRecurrenceTests, FinOM.Test, Version=1.0.0.0, Culture=neutral, PublicKeyToken=null" name="IntradayTest" />
    </UnitTest>
    <UnitTest name="StartTimeTest" storage="e:\teamcity_data\build\sierra\src\finom\finom.test\bin\debug\finom.test.dll" id="875b0a9f-0a9b-c795-41cd-8fb241a7778e">
      <Execution id="d0e7b3d5-e061-4c22-a764-db3efbe23ac5" />
      <TestMethod codeBase="E:/TeamCity_Data/Build/Sierra/src/FinOM/FinOM.Test/bin/Debug/FinOM.Test.DLL" adapterTypeName="Microsoft.VisualStudio.TestTools.TestTypes.Unit.UnitTestAdapter, Microsoft.VisualStudio.QualityTools.Tips.UnitTest.Adapter, Version=10.0.0.0, Culture=neutral, PublicKeyToken=b03f5f7f11d50a3a" className="FinOM.Test.TS.Core.IntradayOfWorkdayTimelineTests, FinOM.Test, Version=1.0.0.0, Culture=neutral, PublicKeyToken=null" name="StartTimeTest" />
    </UnitTest>
    <UnitTest name="IntradayTest" storage="e:\teamcity_data\build\sierra\src\finom\finom.test\bin\debug\finom.test.dll" id="2957edea-f521-8693-b084-675843a00f89">
      <Execution id="498d1955-9b4f-42ac-9667-f1a97c4c5f44" />
      <TestMethod codeBase="E:/TeamCity_Data/Build/Sierra/src/FinOM/FinOM.Test/bin/Debug/FinOM.Test.DLL" adapterTypeName="Microsoft.VisualStudio.TestTools.TestTypes.Unit.UnitTestAdapter, Microsoft.VisualStudio.QualityTools.Tips.UnitTest.Adapter, Version=10.0.0.0, Culture=neutral, PublicKeyToken=b03f5f7f11d50a3a" className="FinOM.Test.TS.Core.WeekdayCompositeRecurrenceTests, FinOM.Test, Version=1.0.0.0, Culture=neutral, PublicKeyToken=null" name="IntradayTest" />
    </UnitTest>
    <UnitTest name="GuideOfIntersectionTest" storage="e:\teamcity_data\build\sierra\src\finom\finom.test\bin\debug\finom.test.dll" id="95acf9e6-92e1-1b37-b38c-3a1fdbca2129">
      <Execution id="c141db59-81ce-410d-8cda-38880b02e69b" />
      <TestMethod codeBase="E:/TeamCity_Data/Build/Sierra/src/FinOM/FinOM.Test/bin/Debug/FinOM.Test.DLL" adapterTypeName="Microsoft.VisualStudio.TestTools.TestTypes.Unit.UnitTestAdapter, Microsoft.VisualStudio.QualityTools.Tips.UnitTest.Adapter, Version=10.0.0.0, Culture=neutral, PublicKeyToken=b03f5f7f11d50a3a" className="FinOM.Test.TS.Core.RandomMixedCombinedTimelinesTests, FinOM.Test, Version=1.0.0.0, Culture=neutral, PublicKeyToken=null" name="GuideOfIntersectionTest" />
    </UnitTest>
    <UnitTest name="AccruedDaysTest" storage="e:\teamcity_data\build\sierra\src\finom\finom.test\bin\debug\finom.test.dll" id="8463f1b9-e754-9f58-ee3f-668d1dc3913c">
      <Execution id="32874cf0-9f02-4e48-b67f-5da736f556d7" />
      <TestMethod codeBase="E:/TeamCity_Data/Build/Sierra/src/FinOM/FinOM.Test/bin/Debug/FinOM.Test.DLL" adapterTypeName="Microsoft.VisualStudio.TestTools.TestTypes.Unit.UnitTestAdapter, Microsoft.VisualStudio.QualityTools.Tips.UnitTest.Adapter, Version=10.0.0.0, Culture=neutral, PublicKeyToken=b03f5f7f11d50a3a" className="FinOM.Test.Credit.BondTest, FinOM.Test, Version=1.0.0.0, Culture=neutral, PublicKeyToken=null" name="AccruedDaysTest" />
    </UnitTest>
    <UnitTest name="ExhaustiveTimelinesCombiningTest" storage="e:\teamcity_data\build\sierra\src\finom\finom.test\bin\debug\finom.test.dll" id="b8cab60d-09fa-53bc-216b-3c002b1148c1">
      <Execution id="a20136ad-637b-42f1-8b1e-c39aa7539647" />
      <TestMethod codeBase="E:/TeamCity_Data/Build/Sierra/src/FinOM/FinOM.Test/bin/Debug/FinOM.Test.DLL" adapterTypeName="Microsoft.VisualStudio.TestTools.TestTypes.Unit.UnitTestAdapter, Microsoft.VisualStudio.QualityTools.Tips.UnitTest.Adapter, Version=10.0.0.0, Culture=neutral, PublicKeyToken=b03f5f7f11d50a3a" className="FinOM.Test.TS.Core.ExhaustiveTimelinesCombiningTests, FinOM.Test, Version=1.0.0.0, Culture=neutral, PublicKeyToken=null" name="ExhaustiveTimelinesCombiningTest" />
    </UnitTest>
    <UnitTest name="TimePointsTest" storage="e:\teamcity_data\build\sierra\src\finom\finom.test\bin\debug\finom.test.dll" id="3ddb232b-61c4-a71b-3e98-e0b9a24a70c5">
      <Execution id="dc5b1a22-dc58-4460-98fb-b7aa40231304" />
      <TestMethod codeBase="E:/TeamCity_Data/Build/Sierra/src/FinOM/FinOM.Test/bin/Debug/FinOM.Test.DLL" adapterTypeName="Microsoft.VisualStudio.TestTools.TestTypes.Unit.UnitTestAdapter, Microsoft.VisualStudio.QualityTools.Tips.UnitTest.Adapter, Version=10.0.0.0, Culture=neutral, PublicKeyToken=b03f5f7f11d50a3a" className="FinOM.Test.TS.Core.RecurringTimelineTests, FinOM.Test, Version=1.0.0.0, Culture=neutral, PublicKeyToken=null" name="TimePointsTest" />
    </UnitTest>
    <UnitTest name="IndexOfNonExistingTest" storage="e:\teamcity_data\build\sierra\src\finom\finom.test\bin\debug\finom.test.dll" id="48dd50ff-7646-a78a-8567-2098163bbfdc">
      <Execution id="a5a304b3-fe7c-4eb7-a5a1-9b8b888f9a54" />
      <TestMethod codeBase="E:/TeamCity_Data/Build/Sierra/src/FinOM/FinOM.Test/bin/Debug/FinOM.Test.DLL" adapterTypeName="Microsoft.VisualStudio.TestTools.TestTypes.Unit.UnitTestAdapter, Microsoft.VisualStudio.QualityTools.Tips.UnitTest.Adapter, Version=10.0.0.0, Culture=neutral, PublicKeyToken=b03f5f7f11d50a3a" className="FinOM.Test.TS.Core.IntradayOfWeekdayWithCutTimelineTests, FinOM.Test, Version=1.0.0.0, Culture=neutral, PublicKeyToken=null" name="IndexOfNonExistingTest" />
    </UnitTest>
    <UnitTest name="SubTimelineSegmentTest" storage="e:\teamcity_data\build\sierra\src\finom\finom.test\bin\debug\finom.test.dll" id="92dc3669-e753-fa08-038d-9fe0a6373f22">
      <Execution id="fdbed2c1-f67c-4afd-ad86-d5ca7a7a4e2e" />
      <TestMethod codeBase="E:/TeamCity_Data/Build/Sierra/src/FinOM/FinOM.Test/bin/Debug/FinOM.Test.DLL" adapterTypeName="Microsoft.VisualStudio.TestTools.TestTypes.Unit.UnitTestAdapter, Microsoft.VisualStudio.QualityTools.Tips.UnitTest.Adapter, Version=10.0.0.0, Culture=neutral, PublicKeyToken=b03f5f7f11d50a3a" className="FinOM.Test.TS.Core.IntradayOfWorkdayTimelineTests, FinOM.Test, Version=1.0.0.0, Culture=neutral, PublicKeyToken=null" name="SubTimelineSegmentTest" />
    </UnitTest>
    <UnitTest name="CorrelTest" storage="e:\teamcity_data\build\sierra\src\finom\finom.test\bin\debug\finom.test.dll" id="11536240-4050-5c20-479c-0b729ac9a66a">
      <Execution id="97425816-1235-4208-a335-c16b92c4633f" />
      <TestMethod codeBase="E:/TeamCity_Data/Build/Sierra/src/FinOM/FinOM.Test/bin/Debug/FinOM.Test.DLL" adapterTypeName="Microsoft.VisualStudio.TestTools.TestTypes.Unit.UnitTestAdapter, Microsoft.VisualStudio.QualityTools.Tips.UnitTest.Adapter, Version=10.0.0.0, Culture=neutral, PublicKeyToken=b03f5f7f11d50a3a" className="FinOM.Test.TS.Core.ScalarMultiTimeSeriesExprTests, FinOM.Test, Version=1.0.0.0, Culture=neutral, PublicKeyToken=null" name="CorrelTest" />
    </UnitTest>
    <UnitTest name="TimeIndexCeilingSegmentTest" storage="e:\teamcity_data\build\sierra\src\finom\finom.test\bin\debug\finom.test.dll" id="df21b48d-acf7-666e-d518-d863105e73cf">
      <Execution id="ddfa1937-9f68-47e1-9726-0ad8d49fbc72" />
      <TestMethod codeBase="E:/TeamCity_Data/Build/Sierra/src/FinOM/FinOM.Test/bin/Debug/FinOM.Test.DLL" adapterTypeName="Microsoft.VisualStudio.TestTools.TestTypes.Unit.UnitTestAdapter, Microsoft.VisualStudio.QualityTools.Tips.UnitTest.Adapter, Version=10.0.0.0, Culture=neutral, PublicKeyToken=b03f5f7f11d50a3a" className="FinOM.Test.TS.Core.IndirectOfRecurringTimelineTests, FinOM.Test, Version=1.0.0.0, Culture=neutral, PublicKeyToken=null" name="TimeIndexCeilingSegmentTest" />
    </UnitTest>
    <UnitTest name="SubTimelineIndirectTest" storage="e:\teamcity_data\build\sierra\src\finom\finom.test\bin\debug\finom.test.dll" id="a93af62a-5c89-eac5-3fd2-6fc5572fa86a">
      <Execution id="58075b7f-9e66-44f5-9bc3-195117eacc7a" />
      <TestMethod codeBase="E:/TeamCity_Data/Build/Sierra/src/FinOM/FinOM.Test/bin/Debug/FinOM.Test.DLL" adapterTypeName="Microsoft.VisualStudio.TestTools.TestTypes.Unit.UnitTestAdapter, Microsoft.VisualStudio.QualityTools.Tips.UnitTest.Adapter, Version=10.0.0.0, Culture=neutral, PublicKeyToken=b03f5f7f11d50a3a" className="FinOM.Test.TS.Core.RecurringTimelineTests, FinOM.Test, Version=1.0.0.0, Culture=neutral, PublicKeyToken=null" name="SubTimelineIndirectTest" />
    </UnitTest>
    <UnitTest name="IntradayTest" storage="e:\teamcity_data\build\sierra\src\finom\finom.test\bin\debug\finom.test.dll" id="5385dc1a-6f26-1e84-840b-b0eb278d9a17">
      <Execution id="e06669d6-7bf9-4f03-abf2-f51bcdbd7361" />
      <TestMethod codeBase="E:/TeamCity_Data/Build/Sierra/src/FinOM/FinOM.Test/bin/Debug/FinOM.Test.DLL" adapterTypeName="Microsoft.VisualStudio.TestTools.TestTypes.Unit.UnitTestAdapter, Microsoft.VisualStudio.QualityTools.Tips.UnitTest.Adapter, Version=10.0.0.0, Culture=neutral, PublicKeyToken=b03f5f7f11d50a3a" className="FinOM.Test.TS.Core.WeekdayRecurrenceTests, FinOM.Test, Version=1.0.0.0, Culture=neutral, PublicKeyToken=null" name="IntradayTest" />
    </UnitTest>
    <UnitTest name="SymDiffOfDifferenceTest" storage="e:\teamcity_data\build\sierra\src\finom\finom.test\bin\debug\finom.test.dll" id="281c78ab-bfa7-4913-fde9-34226c3ddf6e">
      <Execution id="ec5a65e0-cea0-4e2c-b0cb-9ed401a3fd25" />
      <TestMethod codeBase="E:/TeamCity_Data/Build/Sierra/src/FinOM/FinOM.Test/bin/Debug/FinOM.Test.DLL" adapterTypeName="Microsoft.VisualStudio.TestTools.TestTypes.Unit.UnitTestAdapter, Microsoft.VisualStudio.QualityTools.Tips.UnitTest.Adapter, Version=10.0.0.0, Culture=neutral, PublicKeyToken=b03f5f7f11d50a3a" className="FinOM.Test.TS.Core.RandomMixedCombinedTimelinesTests, FinOM.Test, Version=1.0.0.0, Culture=neutral, PublicKeyToken=null" name="SymDiffOfDifferenceTest" />
    </UnitTest>
    <UnitTest name="ParPriceTest" storage="e:\teamcity_data\build\sierra\src\finom\finom.test\bin\debug\finom.test.dll" id="64788b44-6ada-c1fd-d225-2bb63e3690a9">
      <Execution timeOut="1000000" id="01ac0fcb-a234-4e3e-a8b4-e807db6cb4df" />
      <TestMethod codeBase="E:/TeamCity_Data/Build/Sierra/src/FinOM/FinOM.Test/bin/Debug/FinOM.Test.DLL" adapterTypeName="Microsoft.VisualStudio.TestTools.TestTypes.Unit.UnitTestAdapter, Microsoft.VisualStudio.QualityTools.Tips.UnitTest.Adapter, Version=10.0.0.0, Culture=neutral, PublicKeyToken=b03f5f7f11d50a3a" className="FinOM.Test.Credit.CDOTrancheTest, FinOM.Test, Version=1.0.0.0, Culture=neutral, PublicKeyToken=null" name="ParPriceTest" />
    </UnitTest>
    <UnitTest name="TimeIndexCeilingSegmentTest" storage="e:\teamcity_data\build\sierra\src\finom\finom.test\bin\debug\finom.test.dll" id="7817e26e-df5f-7fbb-1965-46ac993cfa27">
      <Execution id="12e32d2f-af46-45ee-8f86-91a17bc52f7c" />
      <TestMethod codeBase="E:/TeamCity_Data/Build/Sierra/src/FinOM/FinOM.Test/bin/Debug/FinOM.Test.DLL" adapterTypeName="Microsoft.VisualStudio.TestTools.TestTypes.Unit.UnitTestAdapter, Microsoft.VisualStudio.QualityTools.Tips.UnitTest.Adapter, Version=10.0.0.0, Culture=neutral, PublicKeyToken=b03f5f7f11d50a3a" className="FinOM.Test.TS.Core.IntradayOfWorkdayWithCutTimelineTests, FinOM.Test, Version=1.0.0.0, Culture=neutral, PublicKeyToken=null" name="TimeIndexCeilingSegmentTest" />
    </UnitTest>
    <UnitTest name="EndTimeTest" storage="e:\teamcity_data\build\sierra\src\finom\finom.test\bin\debug\finom.test.dll" id="a0225984-4db8-8006-1e81-1f2350346a72">
      <Execution id="59083c5e-9c2b-4ea2-b4af-39106c2f713b" />
      <TestMethod codeBase="E:/TeamCity_Data/Build/Sierra/src/FinOM/FinOM.Test/bin/Debug/FinOM.Test.DLL" adapterTypeName="Microsoft.VisualStudio.TestTools.TestTypes.Unit.UnitTestAdapter, Microsoft.VisualStudio.QualityTools.Tips.UnitTest.Adapter, Version=10.0.0.0, Culture=neutral, PublicKeyToken=b03f5f7f11d50a3a" className="FinOM.Test.TS.Core.IntradayOfWeekdayWithCutTimelineTests, FinOM.Test, Version=1.0.0.0, Culture=neutral, PublicKeyToken=null" name="EndTimeTest" />
    </UnitTest>
    <UnitTest name="MultipleMatchTest" storage="e:\teamcity_data\build\sierra\src\finom\finom.test\bin\debug\finom.test.dll" id="10bc3c42-cfff-6cf1-8aa1-0c103114e4a8">
      <Execution id="dd290ae5-a198-49d3-a2e9-2cc7f5e922fa" />
      <TestMethod codeBase="E:/TeamCity_Data/Build/Sierra/src/FinOM/FinOM.Test/bin/Debug/FinOM.Test.DLL" adapterTypeName="Microsoft.VisualStudio.TestTools.TestTypes.Unit.UnitTestAdapter, Microsoft.VisualStudio.QualityTools.Tips.UnitTest.Adapter, Version=10.0.0.0, Culture=neutral, PublicKeyToken=b03f5f7f11d50a3a" className="FinOM.Test.Trades.CounterpatyTradeTests, FinOM.Test, Version=1.0.0.0, Culture=neutral, PublicKeyToken=null" name="MultipleMatchTest" />
    </UnitTest>
    <UnitTest name="SubTimelineSegmentTest" storage="e:\teamcity_data\build\sierra\src\finom\finom.test\bin\debug\finom.test.dll" id="2deb285e-66b3-8b34-493e-a65fc914dc53">
      <Execution id="e9b07172-0c94-4941-bcb6-42c38fe5e56b" />
      <TestMethod codeBase="E:/TeamCity_Data/Build/Sierra/src/FinOM/FinOM.Test/bin/Debug/FinOM.Test.DLL" adapterTypeName="Microsoft.VisualStudio.TestTools.TestTypes.Unit.UnitTestAdapter, Microsoft.VisualStudio.QualityTools.Tips.UnitTest.Adapter, Version=10.0.0.0, Culture=neutral, PublicKeyToken=b03f5f7f11d50a3a" className="FinOM.Test.TS.Core.IntradayOfWorkdayWithCutTimelineTests, FinOM.Test, Version=1.0.0.0, Culture=neutral, PublicKeyToken=null" name="SubTimelineSegmentTest" />
    </UnitTest>
    <UnitTest name="CompositeRecurrenceNegativeCreationTest7" storage="e:\teamcity_data\build\sierra\src\finom\finom.test\bin\debug\finom.test.dll" id="869b20a7-a0f8-8015-b031-3c56a750f4be">
      <Execution id="0e605c4d-f20e-482f-9a8c-bc91dc19b285" />
      <TestMethod codeBase="E:/TeamCity_Data/Build/Sierra/src/FinOM/FinOM.Test/bin/Debug/FinOM.Test.DLL" adapterTypeName="Microsoft.VisualStudio.TestTools.TestTypes.Unit.UnitTestAdapter, Microsoft.VisualStudio.QualityTools.Tips.UnitTest.Adapter, Version=10.0.0.0, Culture=neutral, PublicKeyToken=b03f5f7f11d50a3a" className="FinOM.Test.TS.Core.WorkdayPartialCompositeRecurrenceTests, FinOM.Test, Version=1.0.0.0, Culture=neutral, PublicKeyToken=null" name="CompositeRecurrenceNegativeCreationTest7" />
    </UnitTest>
    <UnitTest name="WeightedMATest" storage="e:\teamcity_data\build\sierra\src\finom\finom.test\bin\debug\finom.test.dll" id="26759944-e4d2-04ff-35a4-fe4aff335174">
      <Execution id="f882fe08-c870-45dd-a926-62a318907005" />
      <TestMethod codeBase="E:/TeamCity_Data/Build/Sierra/src/FinOM/FinOM.Test/bin/Debug/FinOM.Test.DLL" adapterTypeName="Microsoft.VisualStudio.TestTools.TestTypes.Unit.UnitTestAdapter, Microsoft.VisualStudio.QualityTools.Tips.UnitTest.Adapter, Version=10.0.0.0, Culture=neutral, PublicKeyToken=b03f5f7f11d50a3a" className="FinOM.Test.TS.Core.MovingUnaryTimeSeriesExprTests, FinOM.Test, Version=1.0.0.0, Culture=neutral, PublicKeyToken=null" name="WeightedMATest" />
    </UnitTest>
    <UnitTest name="CATest" storage="e:\teamcity_data\build\sierra\src\finom\finom.test\bin\debug\finom.test.dll" id="0e2b316f-e293-a47c-a207-00dc018b80da">
      <Execution id="6922ebc9-8619-494a-8ef0-bdcd1543cced" />
      <TestMethod codeBase="E:/TeamCity_Data/Build/Sierra/src/FinOM/FinOM.Test/bin/Debug/FinOM.Test.DLL" adapterTypeName="Microsoft.VisualStudio.TestTools.TestTypes.Unit.UnitTestAdapter, Microsoft.VisualStudio.QualityTools.Tips.UnitTest.Adapter, Version=10.0.0.0, Culture=neutral, PublicKeyToken=b03f5f7f11d50a3a" className="FinOM.Test.TS.Core.SpliceGeometricTimeSeriesExprTests, FinOM.Test, Version=1.0.0.0, Culture=neutral, PublicKeyToken=null" name="CATest" />
    </UnitTest>
    <UnitTest name="SubTimelineSegmentTest" storage="e:\teamcity_data\build\sierra\src\finom\finom.test\bin\debug\finom.test.dll" id="f9f95820-9e1b-4eb0-6d8e-a1997418b7c8">
      <Execution id="3ac780db-cd48-4244-ba91-532f348e996f" />
      <TestMethod codeBase="E:/TeamCity_Data/Build/Sierra/src/FinOM/FinOM.Test/bin/Debug/FinOM.Test.DLL" adapterTypeName="Microsoft.VisualStudio.TestTools.TestTypes.Unit.UnitTestAdapter, Microsoft.VisualStudio.QualityTools.Tips.UnitTest.Adapter, Version=10.0.0.0, Culture=neutral, PublicKeyToken=b03f5f7f11d50a3a" className="FinOM.Test.TS.Core.IndirectOfRecurringTimelineTests, FinOM.Test, Version=1.0.0.0, Culture=neutral, PublicKeyToken=null" name="SubTimelineSegmentTest" />
    </UnitTest>
    <UnitTest name="AvgTest" storage="e:\teamcity_data\build\sierra\src\finom\finom.test\bin\debug\finom.test.dll" id="e30076af-dd16-36a3-4bfb-27428bbd6f5f">
      <Execution id="82655b54-c4cf-4561-b883-db9efadb5a10" />
      <TestMethod codeBase="E:/TeamCity_Data/Build/Sierra/src/FinOM/FinOM.Test/bin/Debug/FinOM.Test.DLL" adapterTypeName="Microsoft.VisualStudio.TestTools.TestTypes.Unit.UnitTestAdapter, Microsoft.VisualStudio.QualityTools.Tips.UnitTest.Adapter, Version=10.0.0.0, Culture=neutral, PublicKeyToken=b03f5f7f11d50a3a" className="FinOM.Test.TS.Core.MovingUnaryTimeSeriesExprTests, FinOM.Test, Version=1.0.0.0, Culture=neutral, PublicKeyToken=null" name="AvgTest" />
    </UnitTest>
    <UnitTest name="OnTheRunCdxTest" storage="e:\teamcity_data\build\sierra\src\finom\finom.test\bin\debug\finom.test.dll" id="3e7fd082-9311-def2-e009-3466ff2a3c2d">
      <Execution id="1996e0a5-1101-49a8-975d-d86a673febd5" />
      <TestMethod codeBase="E:/TeamCity_Data/Build/Sierra/src/FinOM/FinOM.Test/bin/Debug/FinOM.Test.DLL" adapterTypeName="Microsoft.VisualStudio.TestTools.TestTypes.Unit.UnitTestAdapter, Microsoft.VisualStudio.QualityTools.Tips.UnitTest.Adapter, Version=10.0.0.0, Culture=neutral, PublicKeyToken=b03f5f7f11d50a3a" className="BM.FinOM.TestN.TSTests, FinOM.Test, Version=1.0.0.0, Culture=neutral, PublicKeyToken=null" name="OnTheRunCdxTest" />
    </UnitTest>
    <UnitTest name="resbasis_saveSpreads1" storage="e:\teamcity_data\build\sierra\src\finom\finom.test\bin\debug\finom.test.dll" id="d1aa17a5-2ed1-8b9c-a66b-dbfe09c0af81">
      <Execution id="ae5276dc-9023-4eb6-9138-38700611f74c" />
      <TestMethod codeBase="E:/TeamCity_Data/Build/Sierra/src/FinOM/FinOM.Test/bin/Debug/FinOM.Test.DLL" adapterTypeName="Microsoft.VisualStudio.TestTools.TestTypes.Unit.UnitTestAdapter, Microsoft.VisualStudio.QualityTools.Tips.UnitTest.Adapter, Version=10.0.0.0, Culture=neutral, PublicKeyToken=b03f5f7f11d50a3a" className="FinOM.Analytics.Test.MarketDataTests, FinOM.Test, Version=1.0.0.0, Culture=neutral, PublicKeyToken=null" name="resbasis_saveSpreads1" />
    </UnitTest>
    <UnitTest name="RandomTest" storage="e:\teamcity_data\build\sierra\src\finom\finom.test\bin\debug\finom.test.dll" id="c926f84e-3cdf-6cae-51a6-9481ca68f30a">
      <Execution id="729ea6c4-6dc9-45a3-ba80-95871f00a9e5" />
      <TestMethod codeBase="E:/TeamCity_Data/Build/Sierra/src/FinOM/FinOM.Test/bin/Debug/FinOM.Test.DLL" adapterTypeName="Microsoft.VisualStudio.TestTools.TestTypes.Unit.UnitTestAdapter, Microsoft.VisualStudio.QualityTools.Tips.UnitTest.Adapter, Version=10.0.0.0, Culture=neutral, PublicKeyToken=b03f5f7f11d50a3a" className="FinOM.Test.TS.Core.MiscTimeSeriesExprTests, FinOM.Test, Version=1.0.0.0, Culture=neutral, PublicKeyToken=null" name="RandomTest" />
    </UnitTest>
    <UnitTest name="RollForwardTest1" storage="e:\teamcity_data\build\sierra\src\finom\finom.test\bin\debug\finom.test.dll" id="c0b4200a-ef1e-d4ff-dde7-7ebcd9c4fd82">
      <Execution id="0f861277-c3fb-433a-b3da-ae0e616cd5cd" />
      <TestMethod codeBase="E:/TeamCity_Data/Build/Sierra/src/FinOM/FinOM.Test/bin/Debug/FinOM.Test.DLL" adapterTypeName="Microsoft.VisualStudio.TestTools.TestTypes.Unit.UnitTestAdapter, Microsoft.VisualStudio.QualityTools.Tips.UnitTest.Adapter, Version=10.0.0.0, Culture=neutral, PublicKeyToken=b03f5f7f11d50a3a" className="FinOM.Test.Credit.CreditCurveTest, FinOM.Test, Version=1.0.0.0, Culture=neutral, PublicKeyToken=null" name="RollForwardTest1" />
    </UnitTest>
    <UnitTest name="IndexerTest" storage="e:\teamcity_data\build\sierra\src\finom\finom.test\bin\debug\finom.test.dll" id="0f62238b-67e1-c66b-29df-76637f03f8af">
      <Execution id="9d423857-d0db-4465-8b46-b87f69bbe604" />
      <TestMethod codeBase="E:/TeamCity_Data/Build/Sierra/src/FinOM/FinOM.Test/bin/Debug/FinOM.Test.DLL" adapterTypeName="Microsoft.VisualStudio.TestTools.TestTypes.Unit.UnitTestAdapter, Microsoft.VisualStudio.QualityTools.Tips.UnitTest.Adapter, Version=10.0.0.0, Culture=neutral, PublicKeyToken=b03f5f7f11d50a3a" className="FinOM.Test.TS.Core.IntradayOfWorkdayTimelineTests, FinOM.Test, Version=1.0.0.0, Culture=neutral, PublicKeyToken=null" name="IndexerTest" />
    </UnitTest>
    <UnitTest name="CompatibleWithTest" storage="e:\teamcity_data\build\sierra\src\finom\finom.test\bin\debug\finom.test.dll" id="87933de3-2b05-29fb-30f8-b1bbc3086dd2">
      <Execution id="5b160565-2c63-4bca-950c-c6424683e11d" />
      <TestMethod codeBase="E:/TeamCity_Data/Build/Sierra/src/FinOM/FinOM.Test/bin/Debug/FinOM.Test.DLL" adapterTypeName="Microsoft.VisualStudio.TestTools.TestTypes.Unit.UnitTestAdapter, Microsoft.VisualStudio.QualityTools.Tips.UnitTest.Adapter, Version=10.0.0.0, Culture=neutral, PublicKeyToken=b03f5f7f11d50a3a" className="FinOM.Test.TS.Core.UniformRecurrenceTests, FinOM.Test, Version=1.0.0.0, Culture=neutral, PublicKeyToken=null" name="CompatibleWithTest" />
    </UnitTest>
    <UnitTest name="EmptyTimelineBeforeStartEnumeratorTest" storage="e:\teamcity_data\build\sierra\src\finom\finom.test\bin\debug\finom.test.dll" id="40641a32-732d-c09b-22bc-4e131a19a861">
      <Execution id="2b90fcf0-bd7d-42bb-ba3e-0df4e21a2c84" />
      <TestMethod codeBase="E:/TeamCity_Data/Build/Sierra/src/FinOM/FinOM.Test/bin/Debug/FinOM.Test.DLL" adapterTypeName="Microsoft.VisualStudio.TestTools.TestTypes.Unit.UnitTestAdapter, Microsoft.VisualStudio.QualityTools.Tips.UnitTest.Adapter, Version=10.0.0.0, Culture=neutral, PublicKeyToken=b03f5f7f11d50a3a" className="FinOM.Test.TS.Core.OutOfIterationTimelinesEnumeratorTests, FinOM.Test, Version=1.0.0.0, Culture=neutral, PublicKeyToken=null" name="EmptyTimelineBeforeStartEnumeratorTest" />
    </UnitTest>
    <UnitTest name="DataTest" storage="e:\teamcity_data\build\sierra\src\finom\finom.test\bin\debug\finom.test.dll" id="01df82f1-2e29-00cf-bf77-aaf0a4929587">
      <Execution id="bb5cfa97-0abe-47d7-b95e-0a3d15bb5aa0" />
      <TestMethod codeBase="E:/TeamCity_Data/Build/Sierra/src/FinOM/FinOM.Test/bin/Debug/FinOM.Test.DLL" adapterTypeName="Microsoft.VisualStudio.TestTools.TestTypes.Unit.UnitTestAdapter, Microsoft.VisualStudio.QualityTools.Tips.UnitTest.Adapter, Version=10.0.0.0, Culture=neutral, PublicKeyToken=b03f5f7f11d50a3a" className="FinOM.Test.TS.Core.MiscTimeSeriesExprTests, FinOM.Test, Version=1.0.0.0, Culture=neutral, PublicKeyToken=null" name="DataTest" />
    </UnitTest>
    <UnitTest name="DifferenceOfIntersectionTest" storage="e:\teamcity_data\build\sierra\src\finom\finom.test\bin\debug\finom.test.dll" id="815eeb30-b60a-ff07-724f-869a63c735f5">
      <Execution id="d05cfa2c-4e1c-4bf1-95b7-11b47c77a4db" />
      <TestMethod codeBase="E:/TeamCity_Data/Build/Sierra/src/FinOM/FinOM.Test/bin/Debug/FinOM.Test.DLL" adapterTypeName="Microsoft.VisualStudio.TestTools.TestTypes.Unit.UnitTestAdapter, Microsoft.VisualStudio.QualityTools.Tips.UnitTest.Adapter, Version=10.0.0.0, Culture=neutral, PublicKeyToken=b03f5f7f11d50a3a" className="FinOM.Test.TS.Core.RandomMixedCombinedTimelinesTests, FinOM.Test, Version=1.0.0.0, Culture=neutral, PublicKeyToken=null" name="DifferenceOfIntersectionTest" />
    </UnitTest>
    <UnitTest name="TimeIndexCeilingTest" storage="e:\teamcity_data\build\sierra\src\finom\finom.test\bin\debug\finom.test.dll" id="0a67879a-6ca5-f1b3-2ced-3340f3bfce2a">
      <Execution id="cfba3743-700f-46af-931c-c41c6201d636" />
      <TestMethod codeBase="E:/TeamCity_Data/Build/Sierra/src/FinOM/FinOM.Test/bin/Debug/FinOM.Test.DLL" adapterTypeName="Microsoft.VisualStudio.TestTools.TestTypes.Unit.UnitTestAdapter, Microsoft.VisualStudio.QualityTools.Tips.UnitTest.Adapter, Version=10.0.0.0, Culture=neutral, PublicKeyToken=b03f5f7f11d50a3a" className="FinOM.Test.TS.Core.IntradayOfDailyWithCutTimelineTests, FinOM.Test, Version=1.0.0.0, Culture=neutral, PublicKeyToken=null" name="TimeIndexCeilingTest" />
    </UnitTest>
    <UnitTest name="EndTimeTest" storage="e:\teamcity_data\build\sierra\src\finom\finom.test\bin\debug\finom.test.dll" id="4f98092d-2913-2303-5542-9571deb5c21a">
      <Execution id="d8ed15ba-6147-41d2-a1b1-5d6610b35942" />
      <TestMethod codeBase="E:/TeamCity_Data/Build/Sierra/src/FinOM/FinOM.Test/bin/Debug/FinOM.Test.DLL" adapterTypeName="Microsoft.VisualStudio.TestTools.TestTypes.Unit.UnitTestAdapter, Microsoft.VisualStudio.QualityTools.Tips.UnitTest.Adapter, Version=10.0.0.0, Culture=neutral, PublicKeyToken=b03f5f7f11d50a3a" className="FinOM.Test.TS.Core.EmptyTimelineTests, FinOM.Test, Version=1.0.0.0, Culture=neutral, PublicKeyToken=null" name="EndTimeTest" />
    </UnitTest>
    <UnitTest name="EveryWorkdayTimelineCreationTest" storage="e:\teamcity_data\build\sierra\src\finom\finom.test\bin\debug\finom.test.dll" id="508294a6-0f55-a78a-7cab-39a5d646f4ff">
      <Execution id="3661409d-77cc-48d4-b84a-210890b1e953" />
      <TestMethod codeBase="E:/TeamCity_Data/Build/Sierra/src/FinOM/FinOM.Test/bin/Debug/FinOM.Test.DLL" adapterTypeName="Microsoft.VisualStudio.TestTools.TestTypes.Unit.UnitTestAdapter, Microsoft.VisualStudio.QualityTools.Tips.UnitTest.Adapter, Version=10.0.0.0, Culture=neutral, PublicKeyToken=b03f5f7f11d50a3a" className="FinOM.Test.TS.Core.RecurringTimelineCreationTests, FinOM.Test, Version=1.0.0.0, Culture=neutral, PublicKeyToken=null" name="EveryWorkdayTimelineCreationTest" />
    </UnitTest>
    <UnitTest name="EqSpxCloseTest" storage="e:\teamcity_data\build\sierra\src\finom\finom.test\bin\debug\finom.test.dll" id="a9627adc-6665-fe6e-5bcd-65dd9a71c9fa">
      <Execution id="2b30de8f-9e0d-41d1-b11b-0e7620a3e00a" />
      <TestMethod codeBase="E:/TeamCity_Data/Build/Sierra/src/FinOM/FinOM.Test/bin/Debug/FinOM.Test.DLL" adapterTypeName="Microsoft.VisualStudio.TestTools.TestTypes.Unit.UnitTestAdapter, Microsoft.VisualStudio.QualityTools.Tips.UnitTest.Adapter, Version=10.0.0.0, Culture=neutral, PublicKeyToken=b03f5f7f11d50a3a" className="FinOM.Test.TS.Tool.ScriptTests, FinOM.Test, Version=1.0.0.0, Culture=neutral, PublicKeyToken=null" name="EqSpxCloseTest" />
    </UnitTest>
    <UnitTest name="RRatioTest" storage="e:\teamcity_data\build\sierra\src\finom\finom.test\bin\debug\finom.test.dll" id="4e906587-b8c3-2ef6-9f26-e2c6d7afa4e3">
      <Execution id="8fc9bb22-98e2-43ac-b9af-26beceb50ba5" />
      <TestMethod codeBase="E:/TeamCity_Data/Build/Sierra/src/FinOM/FinOM.Test/bin/Debug/FinOM.Test.DLL" adapterTypeName="Microsoft.VisualStudio.TestTools.TestTypes.Unit.UnitTestAdapter, Microsoft.VisualStudio.QualityTools.Tips.UnitTest.Adapter, Version=10.0.0.0, Culture=neutral, PublicKeyToken=b03f5f7f11d50a3a" className="FinOM.Test.TS.Core.RunningUnaryTimeSeriesExprTests, FinOM.Test, Version=1.0.0.0, Culture=neutral, PublicKeyToken=null" name="RRatioTest" />
    </UnitTest>
    <UnitTest name="TimeToIndexTest" storage="e:\teamcity_data\build\sierra\src\finom\finom.test\bin\debug\finom.test.dll" id="c8a6f3e0-d817-cc26-1670-ddf642027c02">
      <Execution id="8aebe1e1-50de-4a98-b02e-f14bb2c3d2d4" />
      <TestMethod codeBase="E:/TeamCity_Data/Build/Sierra/src/FinOM/FinOM.Test/bin/Debug/FinOM.Test.DLL" adapterTypeName="Microsoft.VisualStudio.TestTools.TestTypes.Unit.UnitTestAdapter, Microsoft.VisualStudio.QualityTools.Tips.UnitTest.Adapter, Version=10.0.0.0, Culture=neutral, PublicKeyToken=b03f5f7f11d50a3a" className="FinOM.Test.TS.Core.UniformRecurrenceTests, FinOM.Test, Version=1.0.0.0, Culture=neutral, PublicKeyToken=null" name="TimeToIndexTest" />
    </UnitTest>
    <UnitTest name="BinaryPointExprTest" storage="e:\teamcity_data\build\sierra\src\finom\finom.test\bin\debug\finom.test.dll" id="f7805eb1-4df6-3777-6f16-34b94a772b92">
      <Execution id="2f99c6b9-d598-4d85-be45-73f5d89383da" />
      <TestMethod codeBase="E:/TeamCity_Data/Build/Sierra/src/FinOM/FinOM.Test/bin/Debug/FinOM.Test.DLL" adapterTypeName="Microsoft.VisualStudio.TestTools.TestTypes.Unit.UnitTestAdapter, Microsoft.VisualStudio.QualityTools.Tips.UnitTest.Adapter, Version=10.0.0.0, Culture=neutral, PublicKeyToken=b03f5f7f11d50a3a" className="FinOM.Test.TS.Core.CustomTimeSeriesExprTests, FinOM.Test, Version=1.0.0.0, Culture=neutral, PublicKeyToken=null" name="BinaryPointExprTest" />
    </UnitTest>
    <UnitTest name="IndexOfTest" storage="e:\teamcity_data\build\sierra\src\finom\finom.test\bin\debug\finom.test.dll" id="16bffb35-8fab-a0f7-b844-7223617ee105">
      <Execution id="191a9fac-b219-413d-a1df-348bcc523305" />
      <TestMethod codeBase="E:/TeamCity_Data/Build/Sierra/src/FinOM/FinOM.Test/bin/Debug/FinOM.Test.DLL" adapterTypeName="Microsoft.VisualStudio.TestTools.TestTypes.Unit.UnitTestAdapter, Microsoft.VisualStudio.QualityTools.Tips.UnitTest.Adapter, Version=10.0.0.0, Culture=neutral, PublicKeyToken=b03f5f7f11d50a3a" className="FinOM.Test.TS.Core.IntradayOfWorkdayTimelineTests, FinOM.Test, Version=1.0.0.0, Culture=neutral, PublicKeyToken=null" name="IndexOfTest" />
    </UnitTest>
    <UnitTest name="GuideTest" storage="e:\teamcity_data\build\sierra\src\finom\finom.test\bin\debug\finom.test.dll" id="b694f9de-68c5-5188-bb47-27f84afe2685">
      <Execution id="9ad873f5-868a-4000-8857-cf5194e9ed1d" />
      <TestMethod codeBase="E:/TeamCity_Data/Build/Sierra/src/FinOM/FinOM.Test/bin/Debug/FinOM.Test.DLL" adapterTypeName="Microsoft.VisualStudio.TestTools.TestTypes.Unit.UnitTestAdapter, Microsoft.VisualStudio.QualityTools.Tips.UnitTest.Adapter, Version=10.0.0.0, Culture=neutral, PublicKeyToken=b03f5f7f11d50a3a" className="FinOM.Test.TS.Core.SingularExpectedCombinedTimelinesTests, FinOM.Test, Version=1.0.0.0, Culture=neutral, PublicKeyToken=null" name="GuideTest" />
    </UnitTest>
    <UnitTest name="LagWTest" storage="e:\teamcity_data\build\sierra\src\finom\finom.test\bin\debug\finom.test.dll" id="862ae7c4-4c0d-eaef-219b-7d81fc04afd3">
      <Execution id="344328cf-809a-42bf-a48f-ef1a1fdfcb1d" />
      <TestMethod codeBase="E:/TeamCity_Data/Build/Sierra/src/FinOM/FinOM.Test/bin/Debug/FinOM.Test.DLL" adapterTypeName="Microsoft.VisualStudio.TestTools.TestTypes.Unit.UnitTestAdapter, Microsoft.VisualStudio.QualityTools.Tips.UnitTest.Adapter, Version=10.0.0.0, Culture=neutral, PublicKeyToken=b03f5f7f11d50a3a" className="FinOM.Test.TS.Core.MovingUnaryTimeSeriesExprTests, FinOM.Test, Version=1.0.0.0, Culture=neutral, PublicKeyToken=null" name="LagWTest" />
    </UnitTest>
    <UnitTest name="IndexOfTest" storage="e:\teamcity_data\build\sierra\src\finom\finom.test\bin\debug\finom.test.dll" id="28139cb4-4e7a-e41f-8059-c5e9fd9a6f6f">
      <Execution id="9b3415bf-fab9-4f4e-83d9-77e6495200ff" />
      <TestMethod codeBase="E:/TeamCity_Data/Build/Sierra/src/FinOM/FinOM.Test/bin/Debug/FinOM.Test.DLL" adapterTypeName="Microsoft.VisualStudio.TestTools.TestTypes.Unit.UnitTestAdapter, Microsoft.VisualStudio.QualityTools.Tips.UnitTest.Adapter, Version=10.0.0.0, Culture=neutral, PublicKeyToken=b03f5f7f11d50a3a" className="FinOM.Test.TS.Core.IntradayOfWorkdayWithCutTimelineTests, FinOM.Test, Version=1.0.0.0, Culture=neutral, PublicKeyToken=null" name="IndexOfTest" />
    </UnitTest>
    <UnitTest name="TimeIndexCeilingTest" storage="e:\teamcity_data\build\sierra\src\finom\finom.test\bin\debug\finom.test.dll" id="0cb5bafa-132a-418b-1772-c4295697dfed">
      <Execution id="4090486e-24c9-41a9-b18f-264cf6a9ac2b" />
      <TestMethod codeBase="E:/TeamCity_Data/Build/Sierra/src/FinOM/FinOM.Test/bin/Debug/FinOM.Test.DLL" adapterTypeName="Microsoft.VisualStudio.TestTools.TestTypes.Unit.UnitTestAdapter, Microsoft.VisualStudio.QualityTools.Tips.UnitTest.Adapter, Version=10.0.0.0, Culture=neutral, PublicKeyToken=b03f5f7f11d50a3a" className="FinOM.Test.TS.Core.IntradayOfWeekdayWithCutTimelineTests, FinOM.Test, Version=1.0.0.0, Culture=neutral, PublicKeyToken=null" name="TimeIndexCeilingTest" />
    </UnitTest>
    <UnitTest name="EnumeratorTest" storage="e:\teamcity_data\build\sierra\src\finom\finom.test\bin\debug\finom.test.dll" id="445d349b-8e54-6329-e78f-cea8c5ab074f">
      <Execution id="e7393471-df0e-4a96-91fe-32b4a988917d" />
      <TestMethod codeBase="E:/TeamCity_Data/Build/Sierra/src/FinOM/FinOM.Test/bin/Debug/FinOM.Test.DLL" adapterTypeName="Microsoft.VisualStudio.TestTools.TestTypes.Unit.UnitTestAdapter, Microsoft.VisualStudio.QualityTools.Tips.UnitTest.Adapter, Version=10.0.0.0, Culture=neutral, PublicKeyToken=b03f5f7f11d50a3a" className="FinOM.Test.TS.Core.IndirectOfRecurringTimelineTests, FinOM.Test, Version=1.0.0.0, Culture=neutral, PublicKeyToken=null" name="EnumeratorTest" />
    </UnitTest>
    <UnitTest name="SecondTest" storage="e:\teamcity_data\build\sierra\src\finom\finom.test\bin\debug\finom.test.dll" id="63065785-c7ca-7436-d428-802994bffcc4">
      <Execution id="826c7147-f545-4305-adea-940b36d5b794" />
      <TestMethod codeBase="E:/TeamCity_Data/Build/Sierra/src/FinOM/FinOM.Test/bin/Debug/FinOM.Test.DLL" adapterTypeName="Microsoft.VisualStudio.TestTools.TestTypes.Unit.UnitTestAdapter, Microsoft.VisualStudio.QualityTools.Tips.UnitTest.Adapter, Version=10.0.0.0, Culture=neutral, PublicKeyToken=b03f5f7f11d50a3a" className="FinOM.Test.TS.Core.DateTimeTimeSeriesExprTests, FinOM.Test, Version=1.0.0.0, Culture=neutral, PublicKeyToken=null" name="SecondTest" />
    </UnitTest>
    <UnitTest name="OptiomalCDIConsolidator1" storage="e:\teamcity_data\build\sierra\src\finom\finom.test\bin\debug\finom.test.dll" id="d5e73d5a-e51e-9826-84e2-e52eb0fa4898">
      <Execution id="680eb8c3-2648-484f-bef1-27e2ddb764ac" />
      <TestMethod codeBase="E:/TeamCity_Data/Build/Sierra/src/FinOM/FinOM.Test/bin/Debug/FinOM.Test.DLL" adapterTypeName="Microsoft.VisualStudio.TestTools.TestTypes.Unit.UnitTestAdapter, Microsoft.VisualStudio.QualityTools.Tips.UnitTest.Adapter, Version=10.0.0.0, Culture=neutral, PublicKeyToken=b03f5f7f11d50a3a" className="FinOM.Test.Data.TradeConsolidatorTest, FinOM.Test, Version=1.0.0.0, Culture=neutral, PublicKeyToken=null" name="OptiomalCDIConsolidator1" />
    </UnitTest>
    <UnitTest name="EndTimeTest" storage="e:\teamcity_data\build\sierra\src\finom\finom.test\bin\debug\finom.test.dll" id="1c04d5b8-a9a2-ba2b-8f74-1b2c18ae8a53">
      <Execution id="88b01c26-ea00-473c-a245-b407358fe51c" />
      <TestMethod codeBase="E:/TeamCity_Data/Build/Sierra/src/FinOM/FinOM.Test/bin/Debug/FinOM.Test.DLL" adapterTypeName="Microsoft.VisualStudio.TestTools.TestTypes.Unit.UnitTestAdapter, Microsoft.VisualStudio.QualityTools.Tips.UnitTest.Adapter, Version=10.0.0.0, Culture=neutral, PublicKeyToken=b03f5f7f11d50a3a" className="FinOM.Test.TS.Core.IntradayOfWeekdayTimelineTests, FinOM.Test, Version=1.0.0.0, Culture=neutral, PublicKeyToken=null" name="EndTimeTest" />
    </UnitTest>
    <UnitTest name="HarMeanTest" storage="e:\teamcity_data\build\sierra\src\finom\finom.test\bin\debug\finom.test.dll" id="bba8e5a8-fe78-665a-2543-c88d65a011b6">
      <Execution id="e393ca11-4efb-40c5-b929-be6d24c702b8" />
      <TestMethod codeBase="E:/TeamCity_Data/Build/Sierra/src/FinOM/FinOM.Test/bin/Debug/FinOM.Test.DLL" adapterTypeName="Microsoft.VisualStudio.TestTools.TestTypes.Unit.UnitTestAdapter, Microsoft.VisualStudio.QualityTools.Tips.UnitTest.Adapter, Version=10.0.0.0, Culture=neutral, PublicKeyToken=b03f5f7f11d50a3a" className="FinOM.Test.TS.Core.MovingUnaryTimeSeriesExprTests, FinOM.Test, Version=1.0.0.0, Culture=neutral, PublicKeyToken=null" name="HarMeanTest" />
    </UnitTest>
    <UnitTest name="IndexToTimeShiftedPositiveTest" storage="e:\teamcity_data\build\sierra\src\finom\finom.test\bin\debug\finom.test.dll" id="522c6c4e-72b7-694f-69be-8141ef4afebe">
      <Execution id="904e403d-5bac-4429-afe7-822cd0f62dd9" />
      <TestMethod codeBase="E:/TeamCity_Data/Build/Sierra/src/FinOM/FinOM.Test/bin/Debug/FinOM.Test.DLL" adapterTypeName="Microsoft.VisualStudio.TestTools.TestTypes.Unit.UnitTestAdapter, Microsoft.VisualStudio.QualityTools.Tips.UnitTest.Adapter, Version=10.0.0.0, Culture=neutral, PublicKeyToken=b03f5f7f11d50a3a" className="FinOM.Test.TS.Core.WorkdayCompositeRecurrenceTests, FinOM.Test, Version=1.0.0.0, Culture=neutral, PublicKeyToken=null" name="IndexToTimeShiftedPositiveTest" />
    </UnitTest>
    <UnitTest name="LagTest" storage="e:\teamcity_data\build\sierra\src\finom\finom.test\bin\debug\finom.test.dll" id="6fab7338-e266-51ba-2482-fe3f4ac0d446">
      <Execution id="fd1744fc-2f6a-4b9d-a202-30460123719d" />
      <TestMethod codeBase="E:/TeamCity_Data/Build/Sierra/src/FinOM/FinOM.Test/bin/Debug/FinOM.Test.DLL" adapterTypeName="Microsoft.VisualStudio.TestTools.TestTypes.Unit.UnitTestAdapter, Microsoft.VisualStudio.QualityTools.Tips.UnitTest.Adapter, Version=10.0.0.0, Culture=neutral, PublicKeyToken=b03f5f7f11d50a3a" className="FinOM.Test.TS.Core.MovingUnaryTimeSeriesExprTests, FinOM.Test, Version=1.0.0.0, Culture=neutral, PublicKeyToken=null" name="LagTest" />
    </UnitTest>
    <UnitTest name="CheckInterning" storage="e:\teamcity_data\build\sierra\src\finom\finom.test\bin\debug\finom.test.dll" id="7f6c3303-6958-25c9-075e-f51f2f4a0f9b">
      <Execution id="63556a5d-cd35-4706-b514-e144786ea564" />
      <TestMethod codeBase="E:/TeamCity_Data/Build/Sierra/src/FinOM/FinOM.Test/bin/Debug/FinOM.Test.DLL" adapterTypeName="Microsoft.VisualStudio.TestTools.TestTypes.Unit.UnitTestAdapter, Microsoft.VisualStudio.QualityTools.Tips.UnitTest.Adapter, Version=10.0.0.0, Culture=neutral, PublicKeyToken=b03f5f7f11d50a3a" className="FinOM.Analytics.Test.FinancialPeriodTests, FinOM.Test, Version=1.0.0.0, Culture=neutral, PublicKeyToken=null" name="CheckInterning" />
    </UnitTest>
    <UnitTest name="ABTest" storage="e:\teamcity_data\build\sierra\src\finom\finom.test\bin\debug\finom.test.dll" id="9c69033b-67d3-874b-6ab0-1ceaca51cd2c">
      <Execution id="43fae210-c5f9-4a0f-9e82-34d6e1840950" />
      <TestMethod codeBase="E:/TeamCity_Data/Build/Sierra/src/FinOM/FinOM.Test/bin/Debug/FinOM.Test.DLL" adapterTypeName="Microsoft.VisualStudio.TestTools.TestTypes.Unit.UnitTestAdapter, Microsoft.VisualStudio.QualityTools.Tips.UnitTest.Adapter, Version=10.0.0.0, Culture=neutral, PublicKeyToken=b03f5f7f11d50a3a" className="FinOM.Test.TS.Core.SpliceGeometricTimeSeriesExprTests, FinOM.Test, Version=1.0.0.0, Culture=neutral, PublicKeyToken=null" name="ABTest" />
    </UnitTest>
    <UnitTest name="IndexOfTest" storage="e:\teamcity_data\build\sierra\src\finom\finom.test\bin\debug\finom.test.dll" id="2e3faac3-c273-6c7e-7cf6-1bfd002fb1e4">
      <Execution id="ae562f03-495a-41cc-874e-12dc3a1e0958" />
      <TestMethod codeBase="E:/TeamCity_Data/Build/Sierra/src/FinOM/FinOM.Test/bin/Debug/FinOM.Test.DLL" adapterTypeName="Microsoft.VisualStudio.TestTools.TestTypes.Unit.UnitTestAdapter, Microsoft.VisualStudio.QualityTools.Tips.UnitTest.Adapter, Version=10.0.0.0, Culture=neutral, PublicKeyToken=b03f5f7f11d50a3a" className="FinOM.Test.TS.Core.ExplicitTimelineTests, FinOM.Test, Version=1.0.0.0, Culture=neutral, PublicKeyToken=null" name="IndexOfTest" />
    </UnitTest>
    <UnitTest name="IntersectionOfIntersectionTest" storage="e:\teamcity_data\build\sierra\src\finom\finom.test\bin\debug\finom.test.dll" id="b5959257-d2bf-2e8c-417a-8347fec32aad">
      <Execution id="b96e7b6f-2590-4e7d-a92c-d12672417d07" />
      <TestMethod codeBase="E:/TeamCity_Data/Build/Sierra/src/FinOM/FinOM.Test/bin/Debug/FinOM.Test.DLL" adapterTypeName="Microsoft.VisualStudio.TestTools.TestTypes.Unit.UnitTestAdapter, Microsoft.VisualStudio.QualityTools.Tips.UnitTest.Adapter, Version=10.0.0.0, Culture=neutral, PublicKeyToken=b03f5f7f11d50a3a" className="FinOM.Test.TS.Core.StepsMixedCombinedTimelinesTests, FinOM.Test, Version=1.0.0.0, Culture=neutral, PublicKeyToken=null" name="IntersectionOfIntersectionTest" />
    </UnitTest>
    <UnitTest name="ChangeTopBAndExpectBottomCNotStale" storage="e:\teamcity_data\build\sierra\src\finom\finom.test\bin\debug\finom.test.dll" id="31253819-dc09-207b-bb98-dc17d0fddddb">
      <Execution id="fe0380da-c3da-47e4-bc8c-e39a650ff7a1" />
      <TestMethod codeBase="E:/TeamCity_Data/Build/Sierra/src/FinOM/FinOM.Test/bin/Debug/FinOM.Test.DLL" adapterTypeName="Microsoft.VisualStudio.TestTools.TestTypes.Unit.UnitTestAdapter, Microsoft.VisualStudio.QualityTools.Tips.UnitTest.Adapter, Version=10.0.0.0, Culture=neutral, PublicKeyToken=b03f5f7f11d50a3a" className="FinOM.Test.Cells.CellMathTests, FinOM.Test, Version=1.0.0.0, Culture=neutral, PublicKeyToken=null" name="ChangeTopBAndExpectBottomCNotStale" />
    </UnitTest>
    <UnitTest name="IntersectionTest" storage="e:\teamcity_data\build\sierra\src\finom\finom.test\bin\debug\finom.test.dll" id="84f4edd6-a2cb-151a-e45c-22a79a38592e">
      <Execution id="9394aed5-5787-4aef-8a63-ad5c4b16be1f" />
      <TestMethod codeBase="E:/TeamCity_Data/Build/Sierra/src/FinOM/FinOM.Test/bin/Debug/FinOM.Test.DLL" adapterTypeName="Microsoft.VisualStudio.TestTools.TestTypes.Unit.UnitTestAdapter, Microsoft.VisualStudio.QualityTools.Tips.UnitTest.Adapter, Version=10.0.0.0, Culture=neutral, PublicKeyToken=b03f5f7f11d50a3a" className="FinOM.Test.TS.Core.RandomBlindCombinedTimelinesTests, FinOM.Test, Version=1.0.0.0, Culture=neutral, PublicKeyToken=null" name="IntersectionTest" />
    </UnitTest>
    <UnitTest name="GetStrategyNamesTest" storage="e:\teamcity_data\build\sierra\src\finom\finom.test\bin\debug\finom.test.dll" id="0973f8a3-0f84-d101-0eec-9da93933e13e">
      <Execution id="08ffa1dd-fdc9-43f3-8d15-ae180654682b" />
      <TestMethod codeBase="E:/TeamCity_Data/Build/Sierra/src/FinOM/FinOM.Test/bin/Debug/FinOM.Test.DLL" adapterTypeName="Microsoft.VisualStudio.TestTools.TestTypes.Unit.UnitTestAdapter, Microsoft.VisualStudio.QualityTools.Tips.UnitTest.Adapter, Version=10.0.0.0, Culture=neutral, PublicKeyToken=b03f5f7f11d50a3a" className="FinOM.Test.Core.SierraDBReferenceDataTest, FinOM.Test, Version=1.0.0.0, Culture=neutral, PublicKeyToken=null" name="GetStrategyNamesTest" />
    </UnitTest>
    <UnitTest name="UnionOfIntersectionTest" storage="e:\teamcity_data\build\sierra\src\finom\finom.test\bin\debug\finom.test.dll" id="1182e47c-ba9e-2c53-f1c6-c9d95bba2041">
      <Execution id="451396ea-3a90-4c02-9544-6f502bf90349" />
      <TestMethod codeBase="E:/TeamCity_Data/Build/Sierra/src/FinOM/FinOM.Test/bin/Debug/FinOM.Test.DLL" adapterTypeName="Microsoft.VisualStudio.TestTools.TestTypes.Unit.UnitTestAdapter, Microsoft.VisualStudio.QualityTools.Tips.UnitTest.Adapter, Version=10.0.0.0, Culture=neutral, PublicKeyToken=b03f5f7f11d50a3a" className="FinOM.Test.TS.Core.StepsMixedCombinedTimelinesTests, FinOM.Test, Version=1.0.0.0, Culture=neutral, PublicKeyToken=null" name="UnionOfIntersectionTest" />
    </UnitTest>
    <UnitTest name="PrecedentSymmetryMarketDataTest" storage="e:\teamcity_data\build\sierra\src\finom\finom.test\bin\debug\finom.test.dll" id="8bb527df-8ec1-b207-9097-c8d4c1520d93">
      <Execution id="42e6c49b-8f8a-4044-a690-7f90f88a45f0" />
      <TestMethod codeBase="E:/TeamCity_Data/Build/Sierra/src/FinOM/FinOM.Test/bin/Debug/FinOM.Test.DLL" adapterTypeName="Microsoft.VisualStudio.TestTools.TestTypes.Unit.UnitTestAdapter, Microsoft.VisualStudio.QualityTools.Tips.UnitTest.Adapter, Version=10.0.0.0, Culture=neutral, PublicKeyToken=b03f5f7f11d50a3a" className="FinOM.Test.Cells.CellTest, FinOM.Test, Version=1.0.0.0, Culture=neutral, PublicKeyToken=null" name="PrecedentSymmetryMarketDataTest" />
    </UnitTest>
    <UnitTest name="SignTest" storage="e:\teamcity_data\build\sierra\src\finom\finom.test\bin\debug\finom.test.dll" id="81513c76-ca00-6a41-3471-68aec490acd7">
      <Execution id="29751765-cb58-4929-86ae-0c7b79b8f14c" />
      <TestMethod codeBase="E:/TeamCity_Data/Build/Sierra/src/FinOM/FinOM.Test/bin/Debug/FinOM.Test.DLL" adapterTypeName="Microsoft.VisualStudio.TestTools.TestTypes.Unit.UnitTestAdapter, Microsoft.VisualStudio.QualityTools.Tips.UnitTest.Adapter, Version=10.0.0.0, Culture=neutral, PublicKeyToken=b03f5f7f11d50a3a" className="FinOM.Test.TS.Core.MathTimeSeriesExprTests, FinOM.Test, Version=1.0.0.0, Culture=neutral, PublicKeyToken=null" name="SignTest" />
    </UnitTest>
    <UnitTest name="BestDealerBidDeleteMark" storage="e:\teamcity_data\build\sierra\src\finom\finom.test\bin\debug\finom.test.dll" id="66dd9d12-8d0a-33c2-2175-fa0125439d8f">
      <Execution id="3de5d864-7e17-4c2a-b00b-cb48ab5b49f4" />
      <TestMethod codeBase="E:/TeamCity_Data/Build/Sierra/src/FinOM/FinOM.Test/bin/Debug/FinOM.Test.DLL" adapterTypeName="Microsoft.VisualStudio.TestTools.TestTypes.Unit.UnitTestAdapter, Microsoft.VisualStudio.QualityTools.Tips.UnitTest.Adapter, Version=10.0.0.0, Culture=neutral, PublicKeyToken=b03f5f7f11d50a3a" className="FinOM.Test.Credit.CDOTrancheTest, FinOM.Test, Version=1.0.0.0, Culture=neutral, PublicKeyToken=null" name="BestDealerBidDeleteMark" />
    </UnitTest>
    <UnitTest name="ChangeTopBAndExpectTopCStale" storage="e:\teamcity_data\build\sierra\src\finom\finom.test\bin\debug\finom.test.dll" id="12c91b9a-9483-0701-0205-d7b3b206df5d">
      <Execution id="f64e51f5-2e8a-4ea1-9cb6-33a5044d6c48" />
      <TestMethod codeBase="E:/TeamCity_Data/Build/Sierra/src/FinOM/FinOM.Test/bin/Debug/FinOM.Test.DLL" adapterTypeName="Microsoft.VisualStudio.TestTools.TestTypes.Unit.UnitTestAdapter, Microsoft.VisualStudio.QualityTools.Tips.UnitTest.Adapter, Version=10.0.0.0, Culture=neutral, PublicKeyToken=b03f5f7f11d50a3a" className="FinOM.Test.Cells.CellMathTests, FinOM.Test, Version=1.0.0.0, Culture=neutral, PublicKeyToken=null" name="ChangeTopBAndExpectTopCStale" />
    </UnitTest>
    <UnitTest name="TimeToIndexShiftedPositiveTest" storage="e:\teamcity_data\build\sierra\src\finom\finom.test\bin\debug\finom.test.dll" id="59f12276-45b5-795f-915e-74aeab40f7a0">
      <Execution id="d418a89f-1f72-409f-b60b-ecb007ec4a81" />
      <TestMethod codeBase="E:/TeamCity_Data/Build/Sierra/src/FinOM/FinOM.Test/bin/Debug/FinOM.Test.DLL" adapterTypeName="Microsoft.VisualStudio.TestTools.TestTypes.Unit.UnitTestAdapter, Microsoft.VisualStudio.QualityTools.Tips.UnitTest.Adapter, Version=10.0.0.0, Culture=neutral, PublicKeyToken=b03f5f7f11d50a3a" className="FinOM.Test.TS.Core.WorkdayCompositeRecurrenceTests, FinOM.Test, Version=1.0.0.0, Culture=neutral, PublicKeyToken=null" name="TimeToIndexShiftedPositiveTest" />
    </UnitTest>
    <UnitTest name="UnionOfGuideTest" storage="e:\teamcity_data\build\sierra\src\finom\finom.test\bin\debug\finom.test.dll" id="e72763ce-344e-fd34-94c6-410f0a4ca150">
      <Execution id="eeca4a3c-59e8-4ebb-8d24-8c61968332dd" />
      <TestMethod codeBase="E:/TeamCity_Data/Build/Sierra/src/FinOM/FinOM.Test/bin/Debug/FinOM.Test.DLL" adapterTypeName="Microsoft.VisualStudio.TestTools.TestTypes.Unit.UnitTestAdapter, Microsoft.VisualStudio.QualityTools.Tips.UnitTest.Adapter, Version=10.0.0.0, Culture=neutral, PublicKeyToken=b03f5f7f11d50a3a" className="FinOM.Test.TS.Core.RandomMixedCombinedTimelinesTests, FinOM.Test, Version=1.0.0.0, Culture=neutral, PublicKeyToken=null" name="UnionOfGuideTest" />
    </UnitTest>
    <UnitTest name="TimePointsTest" storage="e:\teamcity_data\build\sierra\src\finom\finom.test\bin\debug\finom.test.dll" id="9a72c019-fd35-7789-32ea-82b6becbb17e">
      <Execution id="07641981-1fc6-4920-9542-1ba5599ac706" />
      <TestMethod codeBase="E:/TeamCity_Data/Build/Sierra/src/FinOM/FinOM.Test/bin/Debug/FinOM.Test.DLL" adapterTypeName="Microsoft.VisualStudio.TestTools.TestTypes.Unit.UnitTestAdapter, Microsoft.VisualStudio.QualityTools.Tips.UnitTest.Adapter, Version=10.0.0.0, Culture=neutral, PublicKeyToken=b03f5f7f11d50a3a" className="FinOM.Test.TS.Core.IndirectOfExplicitTimelineTests, FinOM.Test, Version=1.0.0.0, Culture=neutral, PublicKeyToken=null" name="TimePointsTest" />
    </UnitTest>
    <UnitTest name="TestCreditCurveFromQuotedSpread" storage="e:\teamcity_data\build\sierra\src\finom\finom.test\bin\debug\finom.test.dll" id="1d24d757-01c0-53ec-2d28-528d49390aa0">
      <Execution id="f496fd13-ca73-4574-940f-40cc7eff24b9" />
      <TestMethod codeBase="E:/TeamCity_Data/Build/Sierra/src/FinOM/FinOM.Test/bin/Debug/FinOM.Test.DLL" adapterTypeName="Microsoft.VisualStudio.TestTools.TestTypes.Unit.UnitTestAdapter, Microsoft.VisualStudio.QualityTools.Tips.UnitTest.Adapter, Version=10.0.0.0, Culture=neutral, PublicKeyToken=b03f5f7f11d50a3a" className="FinOM.Test.Credit.IsdaCdsModelTest, FinOM.Test, Version=1.0.0.0, Culture=neutral, PublicKeyToken=null" name="TestCreditCurveFromQuotedSpread" />
    </UnitTest>
    <UnitTest name="UnionOfDifferenceTest" storage="e:\teamcity_data\build\sierra\src\finom\finom.test\bin\debug\finom.test.dll" id="14f07d57-6e3f-8c60-f74f-640f894d297f">
      <Execution id="f5dc7981-3ede-405f-b70c-133b11c917da" />
      <TestMethod codeBase="E:/TeamCity_Data/Build/Sierra/src/FinOM/FinOM.Test/bin/Debug/FinOM.Test.DLL" adapterTypeName="Microsoft.VisualStudio.TestTools.TestTypes.Unit.UnitTestAdapter, Microsoft.VisualStudio.QualityTools.Tips.UnitTest.Adapter, Version=10.0.0.0, Culture=neutral, PublicKeyToken=b03f5f7f11d50a3a" className="FinOM.Test.TS.Core.StepsMixedCombinedTimelinesTests, FinOM.Test, Version=1.0.0.0, Culture=neutral, PublicKeyToken=null" name="UnionOfDifferenceTest" />
    </UnitTest>
    <UnitTest name="TinyTimelinesCombiningTest2" storage="e:\teamcity_data\build\sierra\src\finom\finom.test\bin\debug\finom.test.dll" id="f92df0b4-6520-dfc1-5b01-a36c4142cdd3">
      <Execution id="3caf8b5c-d3a9-49b2-a2c2-4725374eb101" />
      <TestMethod codeBase="E:/TeamCity_Data/Build/Sierra/src/FinOM/FinOM.Test/bin/Debug/FinOM.Test.DLL" adapterTypeName="Microsoft.VisualStudio.TestTools.TestTypes.Unit.UnitTestAdapter, Microsoft.VisualStudio.QualityTools.Tips.UnitTest.Adapter, Version=10.0.0.0, Culture=neutral, PublicKeyToken=b03f5f7f11d50a3a" className="FinOM.Test.TS.Core.TinyTimelinesCombiningTests, FinOM.Test, Version=1.0.0.0, Culture=neutral, PublicKeyToken=null" name="TinyTimelinesCombiningTest2" />
    </UnitTest>
    <UnitTest name="FillSparseMemorySimpleDelete" storage="e:\teamcity_data\build\sierra\src\finom\finom.test\bin\debug\finom.test.dll" id="a7f6ba2a-86a4-c688-d7f6-02032be65056">
      <Execution id="1143b4d7-05cc-4e0d-841b-754067b12935" />
      <TestMethod codeBase="E:/TeamCity_Data/Build/Sierra/src/FinOM/FinOM.Test/bin/Debug/FinOM.Test.DLL" adapterTypeName="Microsoft.VisualStudio.TestTools.TestTypes.Unit.UnitTestAdapter, Microsoft.VisualStudio.QualityTools.Tips.UnitTest.Adapter, Version=10.0.0.0, Culture=neutral, PublicKeyToken=b03f5f7f11d50a3a" className="FinOM.Core.Test.SparseDataTests, FinOM.Test, Version=1.0.0.0, Culture=neutral, PublicKeyToken=null" name="FillSparseMemorySimpleDelete" />
    </UnitTest>
    <UnitTest name="SumNotionalOfGeneratedTrades" storage="e:\teamcity_data\build\sierra\src\finom\finom.test\bin\debug\finom.test.dll" id="bbe037d4-ad08-3b25-bc57-b171b2b8dc9c">
      <Execution id="28e64a3a-5d5a-4ff2-aba3-158cb0cf8f63" />
      <TestMethod codeBase="E:/TeamCity_Data/Build/Sierra/src/FinOM/FinOM.Test/bin/Debug/FinOM.Test.DLL" adapterTypeName="Microsoft.VisualStudio.TestTools.TestTypes.Unit.UnitTestAdapter, Microsoft.VisualStudio.QualityTools.Tips.UnitTest.Adapter, Version=10.0.0.0, Culture=neutral, PublicKeyToken=b03f5f7f11d50a3a" className="FinOM.Analytics.Test.TransactionTests, FinOM.Test, Version=1.0.0.0, Culture=neutral, PublicKeyToken=null" name="SumNotionalOfGeneratedTrades" />
    </UnitTest>
    <UnitTest name="TimeIndexCeilingTest" storage="e:\teamcity_data\build\sierra\src\finom\finom.test\bin\debug\finom.test.dll" id="10048a36-0a34-26de-fb94-9cb4a072c3f3">
      <Execution id="b7706af7-b67a-4ab8-9ac2-8e28e8149d34" />
      <TestMethod codeBase="E:/TeamCity_Data/Build/Sierra/src/FinOM/FinOM.Test/bin/Debug/FinOM.Test.DLL" adapterTypeName="Microsoft.VisualStudio.TestTools.TestTypes.Unit.UnitTestAdapter, Microsoft.VisualStudio.QualityTools.Tips.UnitTest.Adapter, Version=10.0.0.0, Culture=neutral, PublicKeyToken=b03f5f7f11d50a3a" className="FinOM.Test.TS.Core.IndirectOfExplicitTimelineTests, FinOM.Test, Version=1.0.0.0, Culture=neutral, PublicKeyToken=null" name="TimeIndexCeilingTest" />
    </UnitTest>
    <UnitTest name="AnonCellBasic2d" storage="e:\teamcity_data\build\sierra\src\finom\finom.test\bin\debug\finom.test.dll" id="f4a051b8-8246-4ee2-5217-a9c07d0d92be">
      <Execution id="e4b576f2-8b7c-4b8f-a0e4-1e130b92bec1" />
      <TestMethod codeBase="E:/TeamCity_Data/Build/Sierra/src/FinOM/FinOM.Test/bin/Debug/FinOM.Test.DLL" adapterTypeName="Microsoft.VisualStudio.TestTools.TestTypes.Unit.UnitTestAdapter, Microsoft.VisualStudio.QualityTools.Tips.UnitTest.Adapter, Version=10.0.0.0, Culture=neutral, PublicKeyToken=b03f5f7f11d50a3a" className="FinOM.Test.Cells.AnonymousCellTests, FinOM.Test, Version=1.0.0.0, Culture=neutral, PublicKeyToken=null" name="AnonCellBasic2d" />
    </UnitTest>
    <UnitTest name="TimeIndexFloorSegmentTest" storage="e:\teamcity_data\build\sierra\src\finom\finom.test\bin\debug\finom.test.dll" id="b254b509-6f8d-f371-8e72-d694661b16e5">
      <Execution id="d02e7a3f-112c-4481-9ee4-733eb82059b2" />
      <TestMethod codeBase="E:/TeamCity_Data/Build/Sierra/src/FinOM/FinOM.Test/bin/Debug/FinOM.Test.DLL" adapterTypeName="Microsoft.VisualStudio.TestTools.TestTypes.Unit.UnitTestAdapter, Microsoft.VisualStudio.QualityTools.Tips.UnitTest.Adapter, Version=10.0.0.0, Culture=neutral, PublicKeyToken=b03f5f7f11d50a3a" className="FinOM.Test.TS.Core.ExplicitTimelineTests, FinOM.Test, Version=1.0.0.0, Culture=neutral, PublicKeyToken=null" name="TimeIndexFloorSegmentTest" />
    </UnitTest>
    <UnitTest name="TimeIndexCeilingSegmentTest" storage="e:\teamcity_data\build\sierra\src\finom\finom.test\bin\debug\finom.test.dll" id="b5821f00-cbca-787f-c67e-60c12d1771ef">
      <Execution id="ec18ccc3-fa55-4656-9609-247d94eff081" />
      <TestMethod codeBase="E:/TeamCity_Data/Build/Sierra/src/FinOM/FinOM.Test/bin/Debug/FinOM.Test.DLL" adapterTypeName="Microsoft.VisualStudio.TestTools.TestTypes.Unit.UnitTestAdapter, Microsoft.VisualStudio.QualityTools.Tips.UnitTest.Adapter, Version=10.0.0.0, Culture=neutral, PublicKeyToken=b03f5f7f11d50a3a" className="FinOM.Test.TS.Core.RecurringTimelineTests, FinOM.Test, Version=1.0.0.0, Culture=neutral, PublicKeyToken=null" name="TimeIndexCeilingSegmentTest" />
    </UnitTest>
    <UnitTest name="IndexOfTest" storage="e:\teamcity_data\build\sierra\src\finom\finom.test\bin\debug\finom.test.dll" id="b577e205-4f18-cd71-a4a0-c133cfdaabba">
      <Execution id="080e5b44-b026-4e62-a1c1-94be6ec1403b" />
      <TestMethod codeBase="E:/TeamCity_Data/Build/Sierra/src/FinOM/FinOM.Test/bin/Debug/FinOM.Test.DLL" adapterTypeName="Microsoft.VisualStudio.TestTools.TestTypes.Unit.UnitTestAdapter, Microsoft.VisualStudio.QualityTools.Tips.UnitTest.Adapter, Version=10.0.0.0, Culture=neutral, PublicKeyToken=b03f5f7f11d50a3a" className="FinOM.Test.TS.Core.IntradayOfDailyWithCutTimelineTests, FinOM.Test, Version=1.0.0.0, Culture=neutral, PublicKeyToken=null" name="IndexOfTest" />
    </UnitTest>
    <UnitTest name="IntersectionTest" storage="e:\teamcity_data\build\sierra\src\finom\finom.test\bin\debug\finom.test.dll" id="ce910033-b39b-720b-c3ee-e8f085074707">
      <Execution id="06128d15-aead-478c-b0a0-99a50ef04e2b" />
      <TestMethod codeBase="E:/TeamCity_Data/Build/Sierra/src/FinOM/FinOM.Test/bin/Debug/FinOM.Test.DLL" adapterTypeName="Microsoft.VisualStudio.TestTools.TestTypes.Unit.UnitTestAdapter, Microsoft.VisualStudio.QualityTools.Tips.UnitTest.Adapter, Version=10.0.0.0, Culture=neutral, PublicKeyToken=b03f5f7f11d50a3a" className="FinOM.Test.TS.Core.OperatorTests, FinOM.Test, Version=1.0.0.0, Culture=neutral, PublicKeyToken=null" name="IntersectionTest" />
    </UnitTest>
    <UnitTest name="SlopeTest" storage="e:\teamcity_data\build\sierra\src\finom\finom.test\bin\debug\finom.test.dll" id="cba07b9d-0755-537f-36fc-60fe93f8d6ed">
      <Execution id="27b28183-0387-4eb9-b72c-a08fc1f5ed21" />
      <TestMethod codeBase="E:/TeamCity_Data/Build/Sierra/src/FinOM/FinOM.Test/bin/Debug/FinOM.Test.DLL" adapterTypeName="Microsoft.VisualStudio.TestTools.TestTypes.Unit.UnitTestAdapter, Microsoft.VisualStudio.QualityTools.Tips.UnitTest.Adapter, Version=10.0.0.0, Culture=neutral, PublicKeyToken=b03f5f7f11d50a3a" className="FinOM.Test.TS.Core.MovingMultiTimeSeriesExprTests, FinOM.Test, Version=1.0.0.0, Culture=neutral, PublicKeyToken=null" name="SlopeTest" />
    </UnitTest>
    <UnitTest name="TestSave" storage="e:\teamcity_data\build\sierra\src\finom\finom.test\bin\debug\finom.test.dll" id="6b2a1d82-00de-73c0-bd13-9d22ea555854">
      <Execution id="95df24c3-f24c-4f74-a3df-d68626dba525" />
      <TestMethod codeBase="E:/TeamCity_Data/Build/Sierra/src/FinOM/FinOM.Test/bin/Debug/FinOM.Test.DLL" adapterTypeName="Microsoft.VisualStudio.TestTools.TestTypes.Unit.UnitTestAdapter, Microsoft.VisualStudio.QualityTools.Tips.UnitTest.Adapter, Version=10.0.0.0, Culture=neutral, PublicKeyToken=b03f5f7f11d50a3a" className="FinOM.Test.Trades.MongoPositionTest, FinOM.Test, Version=1.0.0.0, Culture=neutral, PublicKeyToken=null" name="TestSave" />
    </UnitTest>
    <UnitTest name="EqVarImpliedUpTest" storage="e:\teamcity_data\build\sierra\src\finom\finom.test\bin\debug\finom.test.dll" id="acedde2e-201b-e9fc-3c6b-0eaff9749c86">
      <Execution id="9cba3b63-a694-44ec-b179-bc330e789775" />
      <TestMethod codeBase="E:/TeamCity_Data/Build/Sierra/src/FinOM/FinOM.Test/bin/Debug/FinOM.Test.DLL" adapterTypeName="Microsoft.VisualStudio.TestTools.TestTypes.Unit.UnitTestAdapter, Microsoft.VisualStudio.QualityTools.Tips.UnitTest.Adapter, Version=10.0.0.0, Culture=neutral, PublicKeyToken=b03f5f7f11d50a3a" className="FinOM.Test.EquityDerivatives.EquityTests, FinOM.Test, Version=1.0.0.0, Culture=neutral, PublicKeyToken=null" name="EqVarImpliedUpTest" />
    </UnitTest>
    <UnitTest name="ShortEndSpreadCalcHaveValueTest" storage="e:\teamcity_data\build\sierra\src\finom\finom.test\bin\debug\finom.test.dll" id="10354c68-a879-b6e2-6d82-89a6773fefe1">
      <Execution id="3bc0a368-794d-4021-aba0-5b7952e91dea" />
      <TestMethod codeBase="E:/TeamCity_Data/Build/Sierra/src/FinOM/FinOM.Test/bin/Debug/FinOM.Test.DLL" adapterTypeName="Microsoft.VisualStudio.TestTools.TestTypes.Unit.UnitTestAdapter, Microsoft.VisualStudio.QualityTools.Tips.UnitTest.Adapter, Version=10.0.0.0, Culture=neutral, PublicKeyToken=b03f5f7f11d50a3a" className="FinOM.Test.FinanceScenarios.CreditCurve.SpreadFillerTest, FinOM.Test, Version=1.0.0.0, Culture=neutral, PublicKeyToken=null" name="ShortEndSpreadCalcHaveValueTest" />
    </UnitTest>
    <UnitTest name="CompositeRecurrencePositiveCreationTest2" storage="e:\teamcity_data\build\sierra\src\finom\finom.test\bin\debug\finom.test.dll" id="e65faafc-b6af-6afe-845b-0d71c28555a8">
      <Execution id="00f4a715-4c25-4ea7-b0e2-5afd7ee93619" />
      <TestMethod codeBase="E:/TeamCity_Data/Build/Sierra/src/FinOM/FinOM.Test/bin/Debug/FinOM.Test.DLL" adapterTypeName="Microsoft.VisualStudio.TestTools.TestTypes.Unit.UnitTestAdapter, Microsoft.VisualStudio.QualityTools.Tips.UnitTest.Adapter, Version=10.0.0.0, Culture=neutral, PublicKeyToken=b03f5f7f11d50a3a" className="FinOM.Test.TS.Core.WorkdayPartialCompositeRecurrenceTests, FinOM.Test, Version=1.0.0.0, Culture=neutral, PublicKeyToken=null" name="CompositeRecurrencePositiveCreationTest2" />
    </UnitTest>
    <UnitTest name="SubTimelineIndirectTest" storage="e:\teamcity_data\build\sierra\src\finom\finom.test\bin\debug\finom.test.dll" id="8e6bea84-6f03-30c0-7a98-2c468bde217d">
      <Execution id="8a87f0e7-629d-4298-91d0-b8bd85399415" />
      <TestMethod codeBase="E:/TeamCity_Data/Build/Sierra/src/FinOM/FinOM.Test/bin/Debug/FinOM.Test.DLL" adapterTypeName="Microsoft.VisualStudio.TestTools.TestTypes.Unit.UnitTestAdapter, Microsoft.VisualStudio.QualityTools.Tips.UnitTest.Adapter, Version=10.0.0.0, Culture=neutral, PublicKeyToken=b03f5f7f11d50a3a" className="FinOM.Test.TS.Core.IntradayOfWeekdayTimelineTests, FinOM.Test, Version=1.0.0.0, Culture=neutral, PublicKeyToken=null" name="SubTimelineIndirectTest" />
    </UnitTest>
    <UnitTest name="CountTest" storage="e:\teamcity_data\build\sierra\src\finom\finom.test\bin\debug\finom.test.dll" id="6a0a3e8b-7533-f541-9e71-62c6fc24fc9a">
      <Execution id="4d207aa9-e50e-4556-aeb0-1d1c0070bbab" />
      <TestMethod codeBase="E:/TeamCity_Data/Build/Sierra/src/FinOM/FinOM.Test/bin/Debug/FinOM.Test.DLL" adapterTypeName="Microsoft.VisualStudio.TestTools.TestTypes.Unit.UnitTestAdapter, Microsoft.VisualStudio.QualityTools.Tips.UnitTest.Adapter, Version=10.0.0.0, Culture=neutral, PublicKeyToken=b03f5f7f11d50a3a" className="FinOM.Test.TS.Core.IntradayOfWorkdayTimelineTests, FinOM.Test, Version=1.0.0.0, Culture=neutral, PublicKeyToken=null" name="CountTest" />
    </UnitTest>
    <UnitTest name="DivCeilineIntegralTest" storage="e:\teamcity_data\build\sierra\src\finom\finom.test\bin\debug\finom.test.dll" id="10fe92d1-cb25-e37b-71e7-5a48cc2311ce">
      <Execution id="fe0e0e0b-5914-4d77-9828-9eb254fd39c0" />
      <TestMethod codeBase="E:/TeamCity_Data/Build/Sierra/src/FinOM/FinOM.Test/bin/Debug/FinOM.Test.DLL" adapterTypeName="Microsoft.VisualStudio.TestTools.TestTypes.Unit.UnitTestAdapter, Microsoft.VisualStudio.QualityTools.Tips.UnitTest.Adapter, Version=10.0.0.0, Culture=neutral, PublicKeyToken=b03f5f7f11d50a3a" className="FinOM.Test.TS.Util.TimeTests, FinOM.Test, Version=1.0.0.0, Culture=neutral, PublicKeyToken=null" name="DivCeilineIntegralTest" />
    </UnitTest>
    <UnitTest name="SingleTimelineAfterFinishStartEnumeratorTest" storage="e:\teamcity_data\build\sierra\src\finom\finom.test\bin\debug\finom.test.dll" id="3f80258c-8996-10ac-2883-e110f3c3eb43">
      <Execution id="9256128f-99c7-451e-b0da-2e81fe5c40da" />
      <TestMethod codeBase="E:/TeamCity_Data/Build/Sierra/src/FinOM/FinOM.Test/bin/Debug/FinOM.Test.DLL" adapterTypeName="Microsoft.VisualStudio.TestTools.TestTypes.Unit.UnitTestAdapter, Microsoft.VisualStudio.QualityTools.Tips.UnitTest.Adapter, Version=10.0.0.0, Culture=neutral, PublicKeyToken=b03f5f7f11d50a3a" className="FinOM.Test.TS.Core.OutOfIterationTimelinesEnumeratorTests, FinOM.Test, Version=1.0.0.0, Culture=neutral, PublicKeyToken=null" name="SingleTimelineAfterFinishStartEnumeratorTest" />
    </UnitTest>
    <UnitTest name="PriceTradeModelLoadedCds" storage="e:\teamcity_data\build\sierra\src\finom\finom.test\bin\debug\finom.test.dll" id="a9dc7060-9d87-4cb0-d772-033b77b3ddce">
      <Execution id="2eb758ba-adce-4eac-a56c-0463f0964623" />
      <TestMethod codeBase="E:/TeamCity_Data/Build/Sierra/src/FinOM/FinOM.Test/bin/Debug/FinOM.Test.DLL" adapterTypeName="Microsoft.VisualStudio.TestTools.TestTypes.Unit.UnitTestAdapter, Microsoft.VisualStudio.QualityTools.Tips.UnitTest.Adapter, Version=10.0.0.0, Culture=neutral, PublicKeyToken=b03f5f7f11d50a3a" className="FinOM.Analytics.Test.TransactionTests, FinOM.Test, Version=1.0.0.0, Culture=neutral, PublicKeyToken=null" name="PriceTradeModelLoadedCds" />
    </UnitTest>
    <UnitTest name="EveryWeekdayTimelineCreationTest" storage="e:\teamcity_data\build\sierra\src\finom\finom.test\bin\debug\finom.test.dll" id="433150e4-3962-1e19-6807-9d4a1ccdd2ba">
      <Execution id="94d5a148-d324-46ad-8094-a7766fc9319d" />
      <TestMethod codeBase="E:/TeamCity_Data/Build/Sierra/src/FinOM/FinOM.Test/bin/Debug/FinOM.Test.DLL" adapterTypeName="Microsoft.VisualStudio.TestTools.TestTypes.Unit.UnitTestAdapter, Microsoft.VisualStudio.QualityTools.Tips.UnitTest.Adapter, Version=10.0.0.0, Culture=neutral, PublicKeyToken=b03f5f7f11d50a3a" className="FinOM.Test.TS.Core.RecurringTimelineCreationTests, FinOM.Test, Version=1.0.0.0, Culture=neutral, PublicKeyToken=null" name="EveryWeekdayTimelineCreationTest" />
    </UnitTest>
    <UnitTest name="IntersectionTest" storage="e:\teamcity_data\build\sierra\src\finom\finom.test\bin\debug\finom.test.dll" id="5f27cfa8-1cb1-27f6-68ce-b7a8c95f08c3">
      <Execution id="ee064d67-98f9-4b2f-b29e-51524adfb70f" />
      <TestMethod codeBase="E:/TeamCity_Data/Build/Sierra/src/FinOM/FinOM.Test/bin/Debug/FinOM.Test.DLL" adapterTypeName="Microsoft.VisualStudio.TestTools.TestTypes.Unit.UnitTestAdapter, Microsoft.VisualStudio.QualityTools.Tips.UnitTest.Adapter, Version=10.0.0.0, Culture=neutral, PublicKeyToken=b03f5f7f11d50a3a" className="FinOM.Test.TS.Core.StepsBlindCombinedTimelinesTests, FinOM.Test, Version=1.0.0.0, Culture=neutral, PublicKeyToken=null" name="IntersectionTest" />
    </UnitTest>
    <UnitTest name="RandomTest" storage="e:\teamcity_data\build\sierra\src\finom\finom.test\bin\debug\finom.test.dll" id="25c07826-8fbf-0ede-3415-1ae067116fe7">
      <Execution id="b70d1e49-8715-4e26-93f7-6be1bc01dff0" />
      <TestMethod codeBase="E:/TeamCity_Data/Build/Sierra/src/FinOM/FinOM.Test/bin/Debug/FinOM.Test.DLL" adapterTypeName="Microsoft.VisualStudio.TestTools.TestTypes.Unit.UnitTestAdapter, Microsoft.VisualStudio.QualityTools.Tips.UnitTest.Adapter, Version=10.0.0.0, Culture=neutral, PublicKeyToken=b03f5f7f11d50a3a" className="FinOM.Test.TS.Core.MathTimeSeriesExprTests, FinOM.Test, Version=1.0.0.0, Culture=neutral, PublicKeyToken=null" name="RandomTest" />
    </UnitTest>
    <UnitTest name="BestDealerUpfrontBid" storage="e:\teamcity_data\build\sierra\src\finom\finom.test\bin\debug\finom.test.dll" id="90ea9459-7695-7df1-0e41-c210d1556eff">
      <Execution timeOut="100000" id="11bc6f4c-af92-4196-b04b-38b5c47dce8f" />
      <TestMethod codeBase="E:/TeamCity_Data/Build/Sierra/src/FinOM/FinOM.Test/bin/Debug/FinOM.Test.DLL" adapterTypeName="Microsoft.VisualStudio.TestTools.TestTypes.Unit.UnitTestAdapter, Microsoft.VisualStudio.QualityTools.Tips.UnitTest.Adapter, Version=10.0.0.0, Culture=neutral, PublicKeyToken=b03f5f7f11d50a3a" className="FinOM.Test.Credit.CDOTrancheTest, FinOM.Test, Version=1.0.0.0, Culture=neutral, PublicKeyToken=null" name="BestDealerUpfrontBid" />
    </UnitTest>
  </TestDefinitions>
  <TestLists>
    <TestList name="Results Not in a List" id="8c84fa94-04c1-424b-9868-57a2d4851a1d" />
    <TestList name="All Loaded Results" id="19431567-8539-422a-85d7-44ee4e166bda" />
  </TestLists>
  <TestEntries>
    <TestEntry testId="7fb2abe9-2f9a-2ddf-29c6-f3e158898b30" executionId="96b63901-08af-4c0f-abfa-c8649318e58c" testListId="8c84fa94-04c1-424b-9868-57a2d4851a1d" />
    <TestEntry testId="3e7fd082-9311-def2-e009-3466ff2a3c2d" executionId="1996e0a5-1101-49a8-975d-d86a673febd5" testListId="8c84fa94-04c1-424b-9868-57a2d4851a1d" />
    <TestEntry testId="98686348-c8f7-990d-1f61-d194ba936a48" executionId="93d073b9-64d0-44ad-9e48-3b67f50d6824" testListId="8c84fa94-04c1-424b-9868-57a2d4851a1d" />
    <TestEntry testId="2ae55c96-99f4-7210-96c6-27854c41c814" executionId="e2882326-ee1b-45a8-b247-bc55f87d15be" testListId="8c84fa94-04c1-424b-9868-57a2d4851a1d" />
    <TestEntry testId="daf4b2aa-01bc-d072-0062-ff26ce538558" executionId="4c66df5a-549b-4700-9f41-bd03d74c4b4b" testListId="8c84fa94-04c1-424b-9868-57a2d4851a1d" />
    <TestEntry testId="2d5f3e1f-36f2-8fad-2be4-4bd9fdf0107c" executionId="d29382b2-e7b6-4022-be81-a32763211a41" testListId="8c84fa94-04c1-424b-9868-57a2d4851a1d" />
    <TestEntry testId="b7e833fa-09b7-7c23-ca3a-2160c850a6b5" executionId="ac57f560-5fa0-4c40-a2bc-3aea54699d51" testListId="8c84fa94-04c1-424b-9868-57a2d4851a1d" />
    <TestEntry testId="b93cf57d-ecd6-dbf1-e3c4-6f6acd038955" executionId="e47b3a95-4da2-40ad-8be0-274815134a82" testListId="8c84fa94-04c1-424b-9868-57a2d4851a1d" />
    <TestEntry testId="7f6c3303-6958-25c9-075e-f51f2f4a0f9b" executionId="63556a5d-cd35-4706-b514-e144786ea564" testListId="8c84fa94-04c1-424b-9868-57a2d4851a1d" />
    <TestEntry testId="84ef99a1-3b2b-8fc4-3d6d-3baffadc04d1" executionId="2a7240f2-0593-43f7-8c01-3b1dfd3b56e2" testListId="8c84fa94-04c1-424b-9868-57a2d4851a1d" />
    <TestEntry testId="0f79c3e4-2423-be2f-9473-85fc9900c74d" executionId="fac3be37-8ec8-47f9-9c24-53eb7b6c096d" testListId="8c84fa94-04c1-424b-9868-57a2d4851a1d" />
    <TestEntry testId="0feff6ba-db52-ff97-274a-d7245a3452c1" executionId="6f17a2d1-d6be-4362-b183-eb06984a8d57" testListId="8c84fa94-04c1-424b-9868-57a2d4851a1d" />
    <TestEntry testId="c219cd7d-0039-3cbb-c3de-ed5f5ac00f3f" executionId="be280545-418d-44ed-826f-6800ca6ad333" testListId="8c84fa94-04c1-424b-9868-57a2d4851a1d" />
    <TestEntry testId="0ed989a1-5e56-8834-1d97-75499eb9cc34" executionId="df63363c-9f52-4ff3-9afa-4f322dcf57a2" testListId="8c84fa94-04c1-424b-9868-57a2d4851a1d" />
    <TestEntry testId="c548a6ab-0bdf-a77c-364e-953fc74bc559" executionId="b1e1762b-8847-475b-888e-db6bc9744542" testListId="8c84fa94-04c1-424b-9868-57a2d4851a1d" />
    <TestEntry testId="558e8657-2c28-54e0-d4bc-eca5348ac349" executionId="95590119-08fd-4108-b23f-e9836850d554" testListId="8c84fa94-04c1-424b-9868-57a2d4851a1d" />
    <TestEntry testId="26a643eb-c7d3-3061-3d13-12df877729c7" executionId="7b501384-3e22-424d-9f7e-e394b6f70d87" testListId="8c84fa94-04c1-424b-9868-57a2d4851a1d" />
    <TestEntry testId="875aef27-e073-18b8-8a4f-167b04ade983" executionId="a21035d6-99a2-473e-ae5f-64b930e5c906" testListId="8c84fa94-04c1-424b-9868-57a2d4851a1d" />
    <TestEntry testId="c460bee7-f712-6c5e-dc7f-917e4e334fbb" executionId="35f6f06d-4632-45cb-b367-8d2b42913b7a" testListId="8c84fa94-04c1-424b-9868-57a2d4851a1d" />
    <TestEntry testId="a35d60bc-466c-7449-2d35-652207871210" executionId="8adc599e-fb6b-4f3d-a0cf-e30b58b45ed3" testListId="8c84fa94-04c1-424b-9868-57a2d4851a1d" />
    <TestEntry testId="d1aa17a5-2ed1-8b9c-a66b-dbfe09c0af81" executionId="ae5276dc-9023-4eb6-9138-38700611f74c" testListId="8c84fa94-04c1-424b-9868-57a2d4851a1d" />
    <TestEntry testId="0976d553-e5af-6ca8-1a48-e1c69d98568e" executionId="53c8668f-de81-4ccd-81d9-9c8d3e1b35c3" testListId="8c84fa94-04c1-424b-9868-57a2d4851a1d" />
    <TestEntry testId="f4e6fdfe-0b63-b2ec-c2be-d8552a1ab5e1" executionId="ba673970-83b8-47d9-8e9c-796c45b4127b" testListId="8c84fa94-04c1-424b-9868-57a2d4851a1d" />
    <TestEntry testId="4a220124-1aab-92c1-497d-dce9654f0061" executionId="71ec4ea0-e001-4567-b820-92a3b0b68000" testListId="8c84fa94-04c1-424b-9868-57a2d4851a1d" />
    <TestEntry testId="a9dc7060-9d87-4cb0-d772-033b77b3ddce" executionId="2eb758ba-adce-4eac-a56c-0463f0964623" testListId="8c84fa94-04c1-424b-9868-57a2d4851a1d" />
    <TestEntry testId="20198fe6-09ab-c29b-70a6-55f21f4e88d6" executionId="675f302a-332f-4d59-96ac-61e88a742ba1" testListId="8c84fa94-04c1-424b-9868-57a2d4851a1d" />
    <TestEntry testId="82ea481c-72c8-ba8c-3f39-8c651f5eb54a" executionId="22e959ce-8e3e-49cf-b83e-d4e4ed7a049d" testListId="8c84fa94-04c1-424b-9868-57a2d4851a1d" />
    <TestEntry testId="86e5cc8b-5ca0-c2f0-29ce-c14fece6c34a" executionId="0e68bce8-8646-4125-a1fc-e219983b9156" testListId="8c84fa94-04c1-424b-9868-57a2d4851a1d" />
    <TestEntry testId="5c7efce3-6e4b-62bd-3159-98f8c997fd4a" executionId="b3a4bf7f-9928-40c3-addd-18dec716c2c4" testListId="8c84fa94-04c1-424b-9868-57a2d4851a1d" />
    <TestEntry testId="347520ea-dcd2-2f95-ac5e-6fb9e649c7a8" executionId="677d1470-21f7-4e7e-b12d-13f72553221c" testListId="8c84fa94-04c1-424b-9868-57a2d4851a1d" />
    <TestEntry testId="9663d52e-4943-ca4b-1113-e309ff34b106" executionId="a043ac1c-50b6-43fa-888e-ca75afbb8687" testListId="8c84fa94-04c1-424b-9868-57a2d4851a1d" />
    <TestEntry testId="2261e987-74a4-f1f3-446f-f7e2a48eeaf4" executionId="f36c825f-6557-417c-a0aa-ee5cd367ce56" testListId="8c84fa94-04c1-424b-9868-57a2d4851a1d" />
    <TestEntry testId="930231b3-a753-64e8-2e7b-912c75e10f27" executionId="bfe1ba4a-4b22-44d5-9a67-894e1e84fe55" testListId="8c84fa94-04c1-424b-9868-57a2d4851a1d" />
    <TestEntry testId="5fb88c19-c0ac-c25b-64cc-bccbae348109" executionId="32884738-02d1-4783-8ae4-259c1433b3db" testListId="8c84fa94-04c1-424b-9868-57a2d4851a1d" />
    <TestEntry testId="ee799af5-233a-b89e-585c-4babf94ffaea" executionId="3a3bda36-9643-4994-a115-cc508c5d82ba" testListId="8c84fa94-04c1-424b-9868-57a2d4851a1d" />
    <TestEntry testId="bbe037d4-ad08-3b25-bc57-b171b2b8dc9c" executionId="28e64a3a-5d5a-4ff2-aba3-158cb0cf8f63" testListId="8c84fa94-04c1-424b-9868-57a2d4851a1d" />
    <TestEntry testId="65264f58-5a1c-0411-ee6c-1833e58c46fc" executionId="5417becf-a952-4f48-8a4d-aff4585b096e" testListId="8c84fa94-04c1-424b-9868-57a2d4851a1d" />
    <TestEntry testId="741c2c27-c952-ffb1-9df9-a1de226b794c" executionId="4b4b5500-fccf-47be-a5d5-b42c3aca1d50" testListId="8c84fa94-04c1-424b-9868-57a2d4851a1d" />
    <TestEntry testId="8d3e8901-2c85-929b-93f6-35508d6d3028" executionId="6d24fbd9-4658-487e-9484-603e0638c618" testListId="8c84fa94-04c1-424b-9868-57a2d4851a1d" />
    <TestEntry testId="b86dafc1-73fd-8923-64e3-4e14fe2f8258" executionId="61ce021c-ae56-4b9f-86b4-a01d4250b8fb" testListId="8c84fa94-04c1-424b-9868-57a2d4851a1d" />
    <TestEntry testId="edebee75-fa9c-330b-d7db-bec6580a4aec" executionId="87aea536-1502-4205-afc0-6985b6b7f24f" testListId="8c84fa94-04c1-424b-9868-57a2d4851a1d" />
    <TestEntry testId="7655110b-f365-aa78-93a0-c773eee56ba3" executionId="8701d14e-f746-4530-b15c-d4b1c14b6974" testListId="8c84fa94-04c1-424b-9868-57a2d4851a1d" />
    <TestEntry testId="e1f2f8d5-9e2f-26df-5bf1-535d316133a1" executionId="12184d55-706c-464f-a85b-91c5acccb0d9" testListId="8c84fa94-04c1-424b-9868-57a2d4851a1d" />
    <TestEntry testId="6566e972-4ec1-9614-622e-08fb47c24699" executionId="d61acf13-6f83-49ba-aa90-b512d58f4fb1" testListId="8c84fa94-04c1-424b-9868-57a2d4851a1d" />
    <TestEntry testId="3178fc9e-74ae-756c-fe7a-3d1622ecd0cd" executionId="303e323c-a571-41e3-b615-23a589e58acb" testListId="8c84fa94-04c1-424b-9868-57a2d4851a1d" />
    <TestEntry testId="efe2d6a3-8547-02f9-85cf-33e9b70241d9" executionId="9f3f4e8d-1e9f-42a4-a807-f8f93db5bade" testListId="8c84fa94-04c1-424b-9868-57a2d4851a1d" />
    <TestEntry testId="7fef6279-2d18-72aa-adc7-cf170a2dae54" executionId="9b59dfad-810d-419b-ab31-24172f1b3795" testListId="8c84fa94-04c1-424b-9868-57a2d4851a1d" />
    <TestEntry testId="3031b5a3-3b1a-ca60-b59d-ce0f2123e489" executionId="f84dd8d1-f687-4693-9927-69edc4d65e64" testListId="8c84fa94-04c1-424b-9868-57a2d4851a1d" />
    <TestEntry testId="1852959a-d6b8-44b5-b0ec-2eaffa7c3f7d" executionId="06d1249b-8c56-40a4-bf91-34487afc8516" testListId="8c84fa94-04c1-424b-9868-57a2d4851a1d" />
    <TestEntry testId="a2d63efb-3839-69b2-e7a1-2b0433d225dc" executionId="74c0f267-ed15-4b3a-b070-cd4c68983c61" testListId="8c84fa94-04c1-424b-9868-57a2d4851a1d" />
    <TestEntry testId="9579628e-d9f4-3be4-30c2-455d7fb11ae8" executionId="33bdddf5-d9fb-4cb3-b12b-0e5b4da27ac4" testListId="8c84fa94-04c1-424b-9868-57a2d4851a1d" />
    <TestEntry testId="2346b8e1-b3c6-38a9-663a-9a37997695ca" executionId="e19e9904-2979-4852-a851-69d7937a8c38" testListId="8c84fa94-04c1-424b-9868-57a2d4851a1d" />
    <TestEntry testId="9d67a721-180d-f1cc-7cbd-23dfad3547cf" executionId="34edbc44-afa3-4f6d-ae06-6057edeef32f" testListId="8c84fa94-04c1-424b-9868-57a2d4851a1d" />
    <TestEntry testId="a7f6ba2a-86a4-c688-d7f6-02032be65056" executionId="1143b4d7-05cc-4e0d-841b-754067b12935" testListId="8c84fa94-04c1-424b-9868-57a2d4851a1d" />
    <TestEntry testId="933711ae-1707-ab0d-d506-28e88c3ae244" executionId="ac1b58ca-3d8a-423e-a4c7-38b916aab4a6" testListId="8c84fa94-04c1-424b-9868-57a2d4851a1d" />
    <TestEntry testId="73368428-a119-1d33-3f70-33e3909d6d69" executionId="77d69b8b-b0c9-4292-982c-9ae5a7aef5aa" testListId="8c84fa94-04c1-424b-9868-57a2d4851a1d" />
    <TestEntry testId="6c63c924-903e-4e8b-a264-45816756ef66" executionId="217502d5-5eb5-4c55-9de8-cd6efe6fc598" testListId="8c84fa94-04c1-424b-9868-57a2d4851a1d" />
    <TestEntry testId="e3734368-ed4f-9855-22ae-2fe4a527bea1" executionId="96dda5e8-6d62-4bdc-aacb-c31c139c382f" testListId="8c84fa94-04c1-424b-9868-57a2d4851a1d" />
    <TestEntry testId="a9501a9b-a44c-b5c8-90d5-918bcd1000fe" executionId="7557fdd2-dbb7-488a-b063-3522ecec6771" testListId="8c84fa94-04c1-424b-9868-57a2d4851a1d" />
    <TestEntry testId="2c6f6786-c103-6640-71c0-2dd4b753d8a2" executionId="ba96fb5c-73a5-44b6-8ef0-5aefdb34b5a3" testListId="8c84fa94-04c1-424b-9868-57a2d4851a1d" />
    <TestEntry testId="8b1d07d3-99d6-c155-5fa4-c3873bc59153" executionId="a33c8a6f-421a-4a45-a323-1974720cbd1d" testListId="8c84fa94-04c1-424b-9868-57a2d4851a1d" />
    <TestEntry testId="01093a0e-229f-0c2a-d88d-1a579162970b" executionId="31440917-b3dd-4c0b-b689-32d7bfbbc2ef" testListId="8c84fa94-04c1-424b-9868-57a2d4851a1d" />
    <TestEntry testId="f1f3c2d1-4e59-d57a-dff2-c2ea986ad133" executionId="c04d87fe-0947-47b1-b561-4419008d6fb5" testListId="8c84fa94-04c1-424b-9868-57a2d4851a1d" />
    <TestEntry testId="ed254adb-b2fa-5b1c-ce30-c93ec5f5c43c" executionId="a2594216-e2a6-496c-8893-cc2e30981b35" testListId="8c84fa94-04c1-424b-9868-57a2d4851a1d" />
    <TestEntry testId="73b95dd9-3782-315a-a63b-3a0bd8c0e56a" executionId="a9de0385-b778-4473-996b-c7ac28beffe2" testListId="8c84fa94-04c1-424b-9868-57a2d4851a1d" />
    <TestEntry testId="d684f4bf-ecc4-fa8e-9e67-807e5e2e0b95" executionId="cf10c684-9b98-4806-90d5-5a6105645fc8" testListId="8c84fa94-04c1-424b-9868-57a2d4851a1d" />
    <TestEntry testId="67704338-e04d-4354-6de9-689fbd04d6d8" executionId="bc0d81a1-55d1-402f-8cf6-5f6f935d8f96" testListId="8c84fa94-04c1-424b-9868-57a2d4851a1d" />
    <TestEntry testId="f4a051b8-8246-4ee2-5217-a9c07d0d92be" executionId="e4b576f2-8b7c-4b8f-a0e4-1e130b92bec1" testListId="8c84fa94-04c1-424b-9868-57a2d4851a1d" />
    <TestEntry testId="5bb87b65-8780-f47c-a7d1-ddf2bb24e636" executionId="52e70610-69c5-4688-9c6f-48a52076fbb9" testListId="8c84fa94-04c1-424b-9868-57a2d4851a1d" />
    <TestEntry testId="dab918dc-c947-5300-5f42-b2c1d21d2d55" executionId="699de838-36e6-439c-94b5-e06003557200" testListId="8c84fa94-04c1-424b-9868-57a2d4851a1d" />
    <TestEntry testId="69aca574-c61b-679d-83e7-064c777cbc58" executionId="55bc093a-6d81-428d-ab54-bfc158e3fc35" testListId="8c84fa94-04c1-424b-9868-57a2d4851a1d" />
    <TestEntry testId="826aaf84-602d-170a-119e-ab4e755fa732" executionId="542f8b1c-2445-4540-ad71-1b214c8da34a" testListId="8c84fa94-04c1-424b-9868-57a2d4851a1d" />
    <TestEntry testId="c085c843-d6e3-8cee-075b-a1b7e1d18f0a" executionId="39fdeb3c-f53c-4356-b3fb-2a2dcc672665" testListId="8c84fa94-04c1-424b-9868-57a2d4851a1d" />
    <TestEntry testId="6bc44f20-7197-6959-e859-267a05a0f58c" executionId="6cc623bf-a3d4-42a0-86f0-743f6e2e8df9" testListId="8c84fa94-04c1-424b-9868-57a2d4851a1d" />
    <TestEntry testId="ac33318b-f682-726d-8ce9-5bdeb7eb6457" executionId="8fc0a573-a8e6-4059-a925-3b0858b19063" testListId="8c84fa94-04c1-424b-9868-57a2d4851a1d" />
    <TestEntry testId="d9e0a4dc-0f6b-e270-d8a1-3dc3fa0094cc" executionId="bab05681-441a-4796-9e82-d2e276b5c6fe" testListId="8c84fa94-04c1-424b-9868-57a2d4851a1d" />
    <TestEntry testId="6bd75461-c76d-c082-af9d-de508cbce7ff" executionId="eeb19ffe-85eb-4e62-b179-3f5c9b496a7f" testListId="8c84fa94-04c1-424b-9868-57a2d4851a1d" />
    <TestEntry testId="36a94826-3d8d-e7af-09c8-834069a5340a" executionId="3d92e4d0-0f54-445b-b878-cb8f056fe6a5" testListId="8c84fa94-04c1-424b-9868-57a2d4851a1d" />
    <TestEntry testId="fb65b714-97eb-ada0-3580-33952af4961d" executionId="bf68bd64-cdd6-4dc2-8364-ccec27fbeb0d" testListId="8c84fa94-04c1-424b-9868-57a2d4851a1d" />
    <TestEntry testId="771c7ab5-bdf7-91fd-8317-ecd71491c6b3" executionId="d1282308-e71a-4066-977c-f4ee3217210c" testListId="8c84fa94-04c1-424b-9868-57a2d4851a1d" />
    <TestEntry testId="c7fd62a7-03ba-c742-7c95-60a68017581a" executionId="a94350f6-6332-4cfb-b9be-841a20b6d380" testListId="8c84fa94-04c1-424b-9868-57a2d4851a1d" />
    <TestEntry testId="880b4d91-f7e5-ccd1-604d-a0435e5329b1" executionId="1e567a0c-3f26-4af6-ba79-62ddd8d04b89" testListId="8c84fa94-04c1-424b-9868-57a2d4851a1d" />
    <TestEntry testId="748d34e3-dd2f-5640-5367-545e3f40eb05" executionId="743cdf5e-3288-4995-9bc2-3cb5a69af9b4" testListId="8c84fa94-04c1-424b-9868-57a2d4851a1d" />
    <TestEntry testId="4b1d139a-9c91-21b0-6ea1-d66d4039feab" executionId="ad80511a-e5f6-4f3b-884b-4b5c65c3ea80" testListId="8c84fa94-04c1-424b-9868-57a2d4851a1d" />
    <TestEntry testId="255d0cb4-cf74-dc00-1186-db90cce801e0" executionId="b1081007-b500-42f6-bf58-8695db29078f" testListId="8c84fa94-04c1-424b-9868-57a2d4851a1d" />
    <TestEntry testId="64f98bb9-47a6-499c-d6c9-96f8a2c24d73" executionId="426c0629-9caf-453f-99ee-1e3fcd9deb95" testListId="8c84fa94-04c1-424b-9868-57a2d4851a1d" />
    <TestEntry testId="298a6e10-988b-95b8-0469-b3a2d0e5b0a3" executionId="1b58a1ce-8ebd-4a6b-9087-418acfffc09e" testListId="8c84fa94-04c1-424b-9868-57a2d4851a1d" />
    <TestEntry testId="9a026c90-9bae-c4ff-aa5a-3d8b0f89b625" executionId="1e8c175d-acee-401c-81e9-61b070feddc3" testListId="8c84fa94-04c1-424b-9868-57a2d4851a1d" />
    <TestEntry testId="40e37ac8-898a-a00a-a798-01e9a36dc1b7" executionId="e7304218-a7d5-451f-9da8-ebc59d8d2aed" testListId="8c84fa94-04c1-424b-9868-57a2d4851a1d" />
    <TestEntry testId="9d8717ac-bada-fd3b-3a80-fab0c7fdeb3c" executionId="0b56fc90-4c65-4b17-907d-54d324458a5c" testListId="8c84fa94-04c1-424b-9868-57a2d4851a1d" />
    <TestEntry testId="2f1888c6-75ca-795c-7721-3a3faab60d4b" executionId="6b23fe65-e58e-4137-8e55-33e6e426dfae" testListId="8c84fa94-04c1-424b-9868-57a2d4851a1d" />
    <TestEntry testId="d4fcd04f-4cd2-15c1-3a82-fd01582a6611" executionId="4e6f1fc7-c224-49d7-b34b-d789f90a4339" testListId="8c84fa94-04c1-424b-9868-57a2d4851a1d" />
    <TestEntry testId="39e3534d-88bb-ab6c-2a82-2fdb6cacadd3" executionId="495a58ae-9306-4d83-9461-06949c6dd4b1" testListId="8c84fa94-04c1-424b-9868-57a2d4851a1d" />
    <TestEntry testId="71148941-e92b-ccd2-20d6-76183d458d35" executionId="25c62017-884a-42ed-91ae-2d725a2f984a" testListId="8c84fa94-04c1-424b-9868-57a2d4851a1d" />
    <TestEntry testId="3051b7e8-9e9b-c9b7-4db7-2fda3b0432c7" executionId="77135705-4d0b-4795-9748-dd7ec991019f" testListId="8c84fa94-04c1-424b-9868-57a2d4851a1d" />
    <TestEntry testId="31253819-dc09-207b-bb98-dc17d0fddddb" executionId="fe0380da-c3da-47e4-bc8c-e39a650ff7a1" testListId="8c84fa94-04c1-424b-9868-57a2d4851a1d" />
    <TestEntry testId="12c91b9a-9483-0701-0205-d7b3b206df5d" executionId="f64e51f5-2e8a-4ea1-9cb6-33a5044d6c48" testListId="8c84fa94-04c1-424b-9868-57a2d4851a1d" />
    <TestEntry testId="1769c012-8f65-d9c0-c2ce-2d8bbb6e5342" executionId="b9d1b761-930b-4adc-b1a4-e5c2dc82d1e0" testListId="8c84fa94-04c1-424b-9868-57a2d4851a1d" />
    <TestEntry testId="7443953e-9a42-7e02-318c-3d73992fd940" executionId="4bf94fc5-a640-45fe-861a-2937b08a5428" testListId="8c84fa94-04c1-424b-9868-57a2d4851a1d" />
    <TestEntry testId="b43de1ad-1de5-2b91-ea9b-6ed5abce113c" executionId="c7f560c6-31b0-40a3-af55-57afbaa11c80" testListId="8c84fa94-04c1-424b-9868-57a2d4851a1d" />
    <TestEntry testId="2714daf3-ba85-2fcb-5f2f-d3b46e9aa47a" executionId="7e0f8072-182d-4eda-9703-400cead6557a" testListId="8c84fa94-04c1-424b-9868-57a2d4851a1d" />
    <TestEntry testId="a5a5ff04-9058-466d-f6b8-2264852cac84" executionId="c29c6334-0714-4fcf-8093-e3a7f8ea4987" testListId="8c84fa94-04c1-424b-9868-57a2d4851a1d" />
    <TestEntry testId="31f6b531-2b6d-72f8-4ef9-c9e963fa80f8" executionId="8b94bad8-7187-45e9-b895-45568f5c2cd4" testListId="8c84fa94-04c1-424b-9868-57a2d4851a1d" />
    <TestEntry testId="ba593ccb-e36b-cb55-2b82-0666735c19ec" executionId="8825867e-f9cd-4064-b6d4-9c8abca6a6de" testListId="8c84fa94-04c1-424b-9868-57a2d4851a1d" />
    <TestEntry testId="74fd06f7-4fd4-f61f-07cd-7626d4ea4fc5" executionId="767d43e4-3233-41a7-ab1b-b27d6a076b5e" testListId="8c84fa94-04c1-424b-9868-57a2d4851a1d" />
    <TestEntry testId="474a0e53-8eba-7757-7b1f-213883737000" executionId="64ba6800-b134-42e9-bed7-c5aecc3990a5" testListId="8c84fa94-04c1-424b-9868-57a2d4851a1d" />
    <TestEntry testId="b9123df4-d016-2598-3a6e-2ab66a81096b" executionId="0926468d-f901-44b7-9096-486b05601c3e" testListId="8c84fa94-04c1-424b-9868-57a2d4851a1d" />
    <TestEntry testId="4186ca87-33bc-4338-058b-211b0186eee6" executionId="6616c532-1863-415a-a5d4-715e2c373488" testListId="8c84fa94-04c1-424b-9868-57a2d4851a1d" />
    <TestEntry testId="b96a2169-415c-0b04-3293-ed376a421107" executionId="6dadc676-f6dd-4033-858c-d57612db16bc" testListId="8c84fa94-04c1-424b-9868-57a2d4851a1d" />
    <TestEntry testId="9e5433a4-b1f7-13d2-46ae-d5df723efaa7" executionId="c3fcc668-a651-44e7-a6b8-316931fa0100" testListId="8c84fa94-04c1-424b-9868-57a2d4851a1d" />
    <TestEntry testId="b80f6e54-2549-2a52-f7ef-541f5a8f6e43" executionId="528dcfac-07c5-402c-b5f0-1fde3c7a8e7d" testListId="8c84fa94-04c1-424b-9868-57a2d4851a1d" />
    <TestEntry testId="8dd4161e-45f4-4b33-e8af-8b95940eb9dd" executionId="44777337-e009-4c15-8851-a1de9afef7e5" testListId="8c84fa94-04c1-424b-9868-57a2d4851a1d" />
    <TestEntry testId="b371b837-07f7-4e0d-5fad-21889ca02bc3" executionId="fbb4a280-c9ff-4b4d-972b-cd456d39c16e" testListId="8c84fa94-04c1-424b-9868-57a2d4851a1d" />
    <TestEntry testId="8bb527df-8ec1-b207-9097-c8d4c1520d93" executionId="42e6c49b-8f8a-4044-a690-7f90f88a45f0" testListId="8c84fa94-04c1-424b-9868-57a2d4851a1d" />
    <TestEntry testId="de681b62-cde2-a252-970e-c9743272663d" executionId="ed2a23de-556a-4505-be12-cb9f5977104e" testListId="8c84fa94-04c1-424b-9868-57a2d4851a1d" />
    <TestEntry testId="8ceb816e-d677-70c5-efb3-a5d7434db411" executionId="72acaa84-db45-40d9-8c6f-84031e98b17c" testListId="8c84fa94-04c1-424b-9868-57a2d4851a1d" />
    <TestEntry testId="f4049122-1743-890f-1c99-c8b6396315cc" executionId="c42a22a0-aacb-4ea3-a59c-450f48fb61ad" testListId="8c84fa94-04c1-424b-9868-57a2d4851a1d" />
    <TestEntry testId="d490dbec-b8a8-5799-7e83-04603b93e0a8" executionId="9011d958-282c-4554-beb7-e5afeded856e" testListId="8c84fa94-04c1-424b-9868-57a2d4851a1d" />
    <TestEntry testId="ed23d3c0-1e0d-a107-6f42-f6f5d37ac69c" executionId="27847b22-d886-4080-abcc-3f86ffd5495e" testListId="8c84fa94-04c1-424b-9868-57a2d4851a1d" />
    <TestEntry testId="52201833-6fc5-cd19-368d-2f054d69cec1" executionId="367a20dd-ee37-4391-b7e6-3fbf0ef9761d" testListId="8c84fa94-04c1-424b-9868-57a2d4851a1d" />
    <TestEntry testId="d180fc73-c12e-27db-a2dd-213ec648bb6f" executionId="e265973e-1e15-4bad-9368-2af89cf80b2e" testListId="8c84fa94-04c1-424b-9868-57a2d4851a1d" />
    <TestEntry testId="179e292a-8c19-908e-f3a0-7dc56978a8c9" executionId="6ff5e15e-eddf-4768-98d2-6228a046df35" testListId="8c84fa94-04c1-424b-9868-57a2d4851a1d" />
    <TestEntry testId="1408efbe-8962-5f5a-1fbb-affb3aa7b698" executionId="878aa392-d279-4794-92ce-813300bc95f1" testListId="8c84fa94-04c1-424b-9868-57a2d4851a1d" />
    <TestEntry testId="aa2bcc13-6b1f-161e-7117-f17efaa76ff8" executionId="f3c138af-9c87-4f63-a64c-caa22e3311d9" testListId="8c84fa94-04c1-424b-9868-57a2d4851a1d" />
    <TestEntry testId="586b0c73-9dfd-74b5-c0ec-3aaaa46efb22" executionId="99dadf47-fcc8-464b-8a6a-a7ce3ec0f919" testListId="8c84fa94-04c1-424b-9868-57a2d4851a1d" />
    <TestEntry testId="c1d898b1-d79d-043a-f183-2eeb6f646487" executionId="b0c720eb-728f-49fd-aa48-1e3ed13b254e" testListId="8c84fa94-04c1-424b-9868-57a2d4851a1d" />
    <TestEntry testId="20839527-a15a-434a-7b64-2d92b9c1e04a" executionId="6ae46b81-cf8a-4314-94f1-82cdde145373" testListId="8c84fa94-04c1-424b-9868-57a2d4851a1d" />
    <TestEntry testId="0cbd69a2-bc5c-fece-8d86-ddd915d55d90" executionId="92996d41-15f2-4afe-93bc-65f11d2603a7" testListId="8c84fa94-04c1-424b-9868-57a2d4851a1d" />
    <TestEntry testId="70309946-b558-78db-d1e1-ad25b7c971a0" executionId="6928854d-dee6-487c-bb4a-02b17fcc4059" testListId="8c84fa94-04c1-424b-9868-57a2d4851a1d" />
    <TestEntry testId="bb4ae70a-7f90-6aed-bcdf-d8f057642e6e" executionId="56da6d6c-b19d-4770-b860-9c5d7cdb9807" testListId="8c84fa94-04c1-424b-9868-57a2d4851a1d" />
    <TestEntry testId="ad55ce7d-1c05-20be-f468-6e17d822fa43" executionId="8efa522b-c945-4d92-aad9-ae24258c986d" testListId="8c84fa94-04c1-424b-9868-57a2d4851a1d" />
    <TestEntry testId="0973f8a3-0f84-d101-0eec-9da93933e13e" executionId="08ffa1dd-fdc9-43f3-8d15-ae180654682b" testListId="8c84fa94-04c1-424b-9868-57a2d4851a1d" />
    <TestEntry testId="b4a12a1a-0644-5485-3972-981397e1ca14" executionId="470389b2-0e33-464a-8c0b-e1e6d7b7aacb" testListId="8c84fa94-04c1-424b-9868-57a2d4851a1d" />
    <TestEntry testId="8463f1b9-e754-9f58-ee3f-668d1dc3913c" executionId="32874cf0-9f02-4e48-b67f-5da736f556d7" testListId="8c84fa94-04c1-424b-9868-57a2d4851a1d" />
    <TestEntry testId="2875f27c-f80d-869b-9321-24d19460fd10" executionId="cfebe6b3-b9f8-4af4-a9ef-3ad83385f965" testListId="8c84fa94-04c1-424b-9868-57a2d4851a1d" />
    <TestEntry testId="f9a6ddcd-bbea-f417-532e-968ea5167e2a" executionId="0c615880-4dcb-4261-b668-119d1160b8b9" testListId="8c84fa94-04c1-424b-9868-57a2d4851a1d" />
    <TestEntry testId="051108cf-a2b6-645a-f3ab-915c798f307c" executionId="a8a35183-213d-4ebd-becd-1a9125bd172e" testListId="8c84fa94-04c1-424b-9868-57a2d4851a1d" />
    <TestEntry testId="32dd3bf4-b133-5262-0bd0-92a78aa5df88" executionId="1b32fbb7-90fc-4553-983f-cc9fb6e3cea4" testListId="8c84fa94-04c1-424b-9868-57a2d4851a1d" />
    <TestEntry testId="f285a415-a02b-7c0e-ea79-7a11249cba28" executionId="13e1553a-6407-47bd-9b03-ddd94dd335af" testListId="8c84fa94-04c1-424b-9868-57a2d4851a1d" />
    <TestEntry testId="3e39d2d2-1d52-33ba-70d5-9c6e21731a83" executionId="d9c6e09b-a00a-4b7b-911d-203f1db9e8e0" testListId="8c84fa94-04c1-424b-9868-57a2d4851a1d" />
    <TestEntry testId="d981a4ac-d196-403b-37a2-403eb596db1c" executionId="2fd8f4f6-9477-48ac-b479-5313f6ae8eaf" testListId="8c84fa94-04c1-424b-9868-57a2d4851a1d" />
    <TestEntry testId="c553b08a-fa5e-6ddf-0bac-1d6ece1e5cf4" executionId="a7541268-53ce-4bf7-b371-448ccc2a86eb" testListId="8c84fa94-04c1-424b-9868-57a2d4851a1d" />
    <TestEntry testId="809b03ed-07d0-be4b-de5b-95e00cd466fd" executionId="06c22fdd-35dc-4a73-a53e-e4b5906c61c5" testListId="8c84fa94-04c1-424b-9868-57a2d4851a1d" />
    <TestEntry testId="1099d207-526b-e145-56f2-6c35be921da2" executionId="876f5623-738a-401a-93c9-ebd683855d83" testListId="8c84fa94-04c1-424b-9868-57a2d4851a1d" />
    <TestEntry testId="6ac7ca45-f6f5-f6bd-37a5-582e6b4e9900" executionId="4ee58c11-b942-47a0-9778-b15d744100fa" testListId="8c84fa94-04c1-424b-9868-57a2d4851a1d" />
    <TestEntry testId="7f6d9085-bc41-9825-52e8-99b4a1a2da41" executionId="7b855077-daff-4bb3-8f44-ab6bc85aecfc" testListId="8c84fa94-04c1-424b-9868-57a2d4851a1d" />
    <TestEntry testId="8b3b8370-d3ac-b49c-02cd-3ee26fb719c9" executionId="dcef8316-4b8b-40cf-8661-b8045dbcec50" testListId="8c84fa94-04c1-424b-9868-57a2d4851a1d" />
    <TestEntry testId="4dd63ae0-e435-9996-0f42-8dad3066b7b5" executionId="13bfc4f3-df2b-4e9c-b404-8d3c416afeff" testListId="8c84fa94-04c1-424b-9868-57a2d4851a1d" />
    <TestEntry testId="5fffcc90-36c1-e8ac-6dd4-6d55979e6985" executionId="cb71d78d-8443-4dec-90ea-064bafa98daf" testListId="8c84fa94-04c1-424b-9868-57a2d4851a1d" />
    <TestEntry testId="cb1b0eb6-4964-9c4a-33d4-aa030193495c" executionId="336305a7-a7b1-4702-9af5-ccd095fbce96" testListId="8c84fa94-04c1-424b-9868-57a2d4851a1d" />
    <TestEntry testId="966655b0-213e-561b-084b-4013a5557e8b" executionId="ccd1265e-4cad-426b-9634-ba402fcac814" testListId="8c84fa94-04c1-424b-9868-57a2d4851a1d" />
    <TestEntry testId="8bc303a0-402e-b92e-12a0-d699b4d870a5" executionId="8394dcde-7c25-4fa2-ab57-875a6c45f56b" testListId="8c84fa94-04c1-424b-9868-57a2d4851a1d" />
    <TestEntry testId="66dd9d12-8d0a-33c2-2175-fa0125439d8f" executionId="3de5d864-7e17-4c2a-b00b-cb48ab5b49f4" testListId="8c84fa94-04c1-424b-9868-57a2d4851a1d" />
    <TestEntry testId="90ea9459-7695-7df1-0e41-c210d1556eff" executionId="11bc6f4c-af92-4196-b04b-38b5c47dce8f" testListId="8c84fa94-04c1-424b-9868-57a2d4851a1d" />
    <TestEntry testId="117d0dc8-92f2-3015-8de4-0fa03b6aa684" executionId="4e852e57-8b17-492a-93a5-81fbeb45091a" testListId="8c84fa94-04c1-424b-9868-57a2d4851a1d" />
    <TestEntry testId="30fc0fda-83a1-d9d9-0906-3469fcaa3eb4" executionId="fb70d621-a762-4868-9cdb-151ac090a7b9" testListId="8c84fa94-04c1-424b-9868-57a2d4851a1d" />
    <TestEntry testId="64788b44-6ada-c1fd-d225-2bb63e3690a9" executionId="01ac0fcb-a234-4e3e-a8b4-e807db6cb4df" testListId="8c84fa94-04c1-424b-9868-57a2d4851a1d" />
    <TestEntry testId="055c14a0-70c5-8865-14f0-8bd3b137b60a" executionId="0f47f4c8-7341-4a9b-87a5-e7bf679ba6c9" testListId="8c84fa94-04c1-424b-9868-57a2d4851a1d" />
    <TestEntry testId="7421e635-c670-4274-a3db-8dc99b4eed36" executionId="fc22d342-6756-4c81-bcc6-b278b390048f" testListId="8c84fa94-04c1-424b-9868-57a2d4851a1d" />
    <TestEntry testId="e7d628cf-d28c-1a4a-acab-872cc67dd3c4" executionId="3f1609f9-b4f1-4615-be93-66351d844b92" testListId="8c84fa94-04c1-424b-9868-57a2d4851a1d" />
    <TestEntry testId="eb84bca7-88bb-c2af-bfd0-5c726064d63d" executionId="86892e08-09eb-46de-89a4-b8389d89a940" testListId="8c84fa94-04c1-424b-9868-57a2d4851a1d" />
    <TestEntry testId="847e99b4-5c30-a06b-9248-fa01262c01a2" executionId="7631f593-8a54-475a-81f5-d4489e79aef2" testListId="8c84fa94-04c1-424b-9868-57a2d4851a1d" />
    <TestEntry testId="8be39989-0c45-71a5-6594-68cea2ab24ec" executionId="b92b5e45-9e16-4a9a-97b9-04a77ed43c53" testListId="8c84fa94-04c1-424b-9868-57a2d4851a1d" />
    <TestEntry testId="86a860a7-2f5d-37de-487d-5a3afb381a31" executionId="a9a43d04-13c7-417a-84b1-e29c3288fda4" testListId="8c84fa94-04c1-424b-9868-57a2d4851a1d" />
    <TestEntry testId="5953718e-5b69-d42a-455b-f3ddfb4f120b" executionId="6735e81d-b690-431e-b998-d0490f4cc60a" testListId="8c84fa94-04c1-424b-9868-57a2d4851a1d" />
    <TestEntry testId="08c9c5ba-42ee-cee9-7911-6b5d24ee8790" executionId="d99dafc1-13b4-41ac-9df2-bddf3b76ee3a" testListId="8c84fa94-04c1-424b-9868-57a2d4851a1d" />
    <TestEntry testId="369c7d63-1c2f-2ea9-6917-f85f0e776efa" executionId="6991ee91-bc7b-4d73-b507-477c0d4168dd" testListId="8c84fa94-04c1-424b-9868-57a2d4851a1d" />
    <TestEntry testId="d2b9972d-9e90-7ae0-bb56-2013d6f06f50" executionId="076bf5a7-452b-4bd6-875d-53fcc00d213f" testListId="8c84fa94-04c1-424b-9868-57a2d4851a1d" />
    <TestEntry testId="943551d9-3142-fbc9-9d30-da7371695ae4" executionId="297c3500-5232-473e-b3dc-9265ed2219de" testListId="8c84fa94-04c1-424b-9868-57a2d4851a1d" />
    <TestEntry testId="57b9873d-f4fc-4b93-6116-fd7d99e8790d" executionId="f3d3c648-d2f2-4836-82b9-91c6ebfa9564" testListId="8c84fa94-04c1-424b-9868-57a2d4851a1d" />
    <TestEntry testId="17ae8796-05d1-5dbf-3ea6-3fd8875ad02a" executionId="555763b7-ab2b-4bae-8861-b3398a643079" testListId="8c84fa94-04c1-424b-9868-57a2d4851a1d" />
    <TestEntry testId="b154c643-aa86-2736-da96-e06d07bf35a8" executionId="6540e501-9d52-437e-b777-c17b7dc71814" testListId="8c84fa94-04c1-424b-9868-57a2d4851a1d" />
    <TestEntry testId="cd242285-4618-b7e3-d232-c259cff13222" executionId="e5cbf35a-cb78-483a-87c3-27288d5fbeda" testListId="8c84fa94-04c1-424b-9868-57a2d4851a1d" />
    <TestEntry testId="e91ffa97-579e-dea8-238f-f93e883e9fd7" executionId="360a0ae7-429f-4c86-92ff-d168aa435520" testListId="8c84fa94-04c1-424b-9868-57a2d4851a1d" />
    <TestEntry testId="60bb8963-ae29-c7c2-ffc4-da312486c8ad" executionId="940ed431-5173-4fda-91b0-27886f4c6115" testListId="8c84fa94-04c1-424b-9868-57a2d4851a1d" />
    <TestEntry testId="72516d63-e77a-9a04-1835-3af28cab8909" executionId="2f6dcdad-c739-4031-8cdb-781987efd3d1" testListId="8c84fa94-04c1-424b-9868-57a2d4851a1d" />
    <TestEntry testId="c0b4200a-ef1e-d4ff-dde7-7ebcd9c4fd82" executionId="0f861277-c3fb-433a-b3da-ae0e616cd5cd" testListId="8c84fa94-04c1-424b-9868-57a2d4851a1d" />
    <TestEntry testId="840f82c6-328d-e195-00e0-d2f6465b0fda" executionId="aad2a86f-b4d9-4ec3-a1f8-cace3b3e2b8b" testListId="8c84fa94-04c1-424b-9868-57a2d4851a1d" />
    <TestEntry testId="f46ad2bc-a40b-ae26-260f-793f9b2314f1" executionId="62da267c-46b8-4d55-a015-d6aaed3796ed" testListId="8c84fa94-04c1-424b-9868-57a2d4851a1d" />
    <TestEntry testId="d6f8f985-e4ed-ab61-f2dd-89e90dc69515" executionId="431beba7-9f78-4e71-9e55-f2eb256c7645" testListId="8c84fa94-04c1-424b-9868-57a2d4851a1d" />
    <TestEntry testId="fefb0f93-9325-8aa1-5334-276efea24804" executionId="0821e5d7-3b4a-4bac-9832-9cabee80d1ca" testListId="8c84fa94-04c1-424b-9868-57a2d4851a1d" />
    <TestEntry testId="f17c66a4-25df-881d-f30a-808367181f93" executionId="15fb491c-c59d-4f6a-b662-c68200df2b1f" testListId="8c84fa94-04c1-424b-9868-57a2d4851a1d" />
    <TestEntry testId="c07e485a-ca38-247a-745d-cd074944d4bb" executionId="1b15c075-5dd2-4eec-bb8a-dab22728b1e8" testListId="8c84fa94-04c1-424b-9868-57a2d4851a1d" />
    <TestEntry testId="7bcc25d1-ad0d-c73f-e004-7be3d3b5b269" executionId="3179dc4e-82d6-4732-8a27-b8332d2c2261" testListId="8c84fa94-04c1-424b-9868-57a2d4851a1d" />
    <TestEntry testId="b3f5eaed-5f2b-241e-7660-92ecb3c2116b" executionId="670ab275-3234-4251-8dcd-e6ec306cf2d9" testListId="8c84fa94-04c1-424b-9868-57a2d4851a1d" />
    <TestEntry testId="f2d31d01-15ec-58f4-2110-56064f365ddb" executionId="d54b4f56-bc1e-4b16-bd6d-5dfa22378c7b" testListId="8c84fa94-04c1-424b-9868-57a2d4851a1d" />
    <TestEntry testId="ae83b2f3-3866-42e9-33a5-c6e30d5988df" executionId="305f32ef-df0d-447e-8547-4507104251e8" testListId="8c84fa94-04c1-424b-9868-57a2d4851a1d" />
    <TestEntry testId="1d24d757-01c0-53ec-2d28-528d49390aa0" executionId="f496fd13-ca73-4574-940f-40cc7eff24b9" testListId="8c84fa94-04c1-424b-9868-57a2d4851a1d" />
    <TestEntry testId="bc8acf49-6402-8541-f344-8a0e06c7cf8b" executionId="6b6c0bc8-6630-4642-bf70-0a06125b85af" testListId="8c84fa94-04c1-424b-9868-57a2d4851a1d" />
    <TestEntry testId="bc0f9adf-0e4a-8258-51aa-47ade2761d78" executionId="de70d318-c963-44aa-9c24-c76e7510b95f" testListId="8c84fa94-04c1-424b-9868-57a2d4851a1d" />
    <TestEntry testId="20aea2ae-6548-8a04-36ec-ee79d2389e6d" executionId="ed85b1a4-6cda-4b57-bb83-6a5967efcf03" testListId="8c84fa94-04c1-424b-9868-57a2d4851a1d" />
    <TestEntry testId="09e3c635-b496-7746-10dd-0fae1b089d5f" executionId="aec40517-d68f-4d02-8dfd-b20d28d915fb" testListId="8c84fa94-04c1-424b-9868-57a2d4851a1d" />
    <TestEntry testId="8379c544-61ec-7b9d-0c0a-f1c90bd0e120" executionId="021b35ce-91d8-4a52-9557-cbf7d34909ce" testListId="8c84fa94-04c1-424b-9868-57a2d4851a1d" />
    <TestEntry testId="caa1056f-6a9e-c3ee-06f6-b6eb0547bf76" executionId="664282ab-2c95-4e13-9a18-9c1f1bdcabc1" testListId="8c84fa94-04c1-424b-9868-57a2d4851a1d" />
    <TestEntry testId="922a37e8-1ac9-7af4-c398-e0bb1980a45f" executionId="e7ac5fc1-e8c2-4b75-b610-68d53392d01b" testListId="8c84fa94-04c1-424b-9868-57a2d4851a1d" />
    <TestEntry testId="d3da240a-3a12-3f5d-9c89-2e01e5a6237a" executionId="dc590d38-fcd4-4692-a876-2dde8d88512a" testListId="8c84fa94-04c1-424b-9868-57a2d4851a1d" />
    <TestEntry testId="0c9faec8-55d4-29ed-16fd-670ec018350b" executionId="5feceefe-3e1b-476b-8983-8e8cae27876b" testListId="8c84fa94-04c1-424b-9868-57a2d4851a1d" />
    <TestEntry testId="15d84585-4bef-ec7a-5564-abd3cbc7cc9e" executionId="c345cec9-9db4-430a-a996-c5fc29bdf0b1" testListId="8c84fa94-04c1-424b-9868-57a2d4851a1d" />
    <TestEntry testId="c159d328-032c-2c7c-46d1-44dd23033643" executionId="cec85082-a7ac-4959-ad63-30ebb42bf839" testListId="8c84fa94-04c1-424b-9868-57a2d4851a1d" />
    <TestEntry testId="123593e9-1ae6-4dbe-78ab-bbd16e524b9d" executionId="7522258e-f95d-4c11-96db-4cca6395f616" testListId="8c84fa94-04c1-424b-9868-57a2d4851a1d" />
    <TestEntry testId="41ce7425-5185-2575-6111-2c5a40da5fb2" executionId="2f4f3a9e-677e-4b4a-8a6c-b1cacb4ecfb4" testListId="8c84fa94-04c1-424b-9868-57a2d4851a1d" />
    <TestEntry testId="af3dfc69-334e-36a0-085a-14c9d49c1414" executionId="0285633e-ff3d-43ce-9774-daf088718559" testListId="8c84fa94-04c1-424b-9868-57a2d4851a1d" />
    <TestEntry testId="7c2cd905-2316-8062-dfc2-0b34db4687db" executionId="f8c338df-54bc-43f6-b14d-3df97d2c362c" testListId="8c84fa94-04c1-424b-9868-57a2d4851a1d" />
    <TestEntry testId="6631792e-4686-774e-597b-e28dba4efc65" executionId="cc060dd2-319f-47c3-bb43-ba90b4038dc1" testListId="8c84fa94-04c1-424b-9868-57a2d4851a1d" />
    <TestEntry testId="a13a2680-de2a-98a6-828b-22eb67d00b27" executionId="cef8e077-8de1-4c8f-9015-dad264e6c7c5" testListId="8c84fa94-04c1-424b-9868-57a2d4851a1d" />
    <TestEntry testId="5d5f3c08-73ff-3b4d-9a42-176c496de203" executionId="8befaf9b-8be5-4b19-b262-f7c95e1a2083" testListId="8c84fa94-04c1-424b-9868-57a2d4851a1d" />
    <TestEntry testId="d5e73d5a-e51e-9826-84e2-e52eb0fa4898" executionId="680eb8c3-2648-484f-bef1-27e2ddb764ac" testListId="8c84fa94-04c1-424b-9868-57a2d4851a1d" />
    <TestEntry testId="bb4cf092-bc39-fc47-9192-9ac1e52e6a7a" executionId="7812268d-143f-4392-9d3c-6d9b28c44e8e" testListId="8c84fa94-04c1-424b-9868-57a2d4851a1d" />
    <TestEntry testId="31b1a552-0181-17c5-edfd-ab862a57b80b" executionId="fdb5c399-4c7c-4b3e-a4d5-df36c189ebb7" testListId="8c84fa94-04c1-424b-9868-57a2d4851a1d" />
    <TestEntry testId="a3acd76c-197f-822f-0e52-eb7ecadc6473" executionId="e58c9854-7c5a-4cdd-aad7-663d8c3d0091" testListId="8c84fa94-04c1-424b-9868-57a2d4851a1d" />
    <TestEntry testId="02011b17-9e7b-1b12-9cae-3976077b0585" executionId="f889d8f4-ce12-4174-9575-6b7f74a80a5a" testListId="8c84fa94-04c1-424b-9868-57a2d4851a1d" />
    <TestEntry testId="0cc4d67c-65cb-3a26-8055-90cdd5f0d71f" executionId="6b6cea6a-2d44-40c0-898a-5403ed3b46ed" testListId="8c84fa94-04c1-424b-9868-57a2d4851a1d" />
    <TestEntry testId="50d5defa-9c46-2af8-7e00-c8c32ea961ed" executionId="d46c2fa3-a49d-45d1-a68a-76057d2e9a9f" testListId="8c84fa94-04c1-424b-9868-57a2d4851a1d" />
    <TestEntry testId="9fd029c3-51f7-71ef-4b62-5b650bce444b" executionId="4f675f6d-1df0-4804-beac-37238a2334e3" testListId="8c84fa94-04c1-424b-9868-57a2d4851a1d" />
    <TestEntry testId="acedde2e-201b-e9fc-3c6b-0eaff9749c86" executionId="9cba3b63-a694-44ec-b179-bc330e789775" testListId="8c84fa94-04c1-424b-9868-57a2d4851a1d" />
    <TestEntry testId="00bc4c7f-4a77-1db8-aae1-6202c3a8e024" executionId="e0dcdb2e-ef86-40aa-b578-14697acd980b" testListId="8c84fa94-04c1-424b-9868-57a2d4851a1d" />
    <TestEntry testId="2ca5b6f2-b795-2f26-89f1-630e41cb68e8" executionId="70d3e713-ec4f-401e-8678-8e4b96627434" testListId="8c84fa94-04c1-424b-9868-57a2d4851a1d" />
    <TestEntry testId="e0e0cf2b-c5c3-df15-a9ec-db9680421a78" executionId="168b1988-ef4a-4405-bae5-66df24688473" testListId="8c84fa94-04c1-424b-9868-57a2d4851a1d" />
    <TestEntry testId="0ed8d040-5ecd-19c8-0652-b91b1a8e5c1c" executionId="dc4301a9-1a8b-4966-b58a-0c19e31fac26" testListId="8c84fa94-04c1-424b-9868-57a2d4851a1d" />
    <TestEntry testId="c96ee4af-0276-feee-d28b-60a529bc2d31" executionId="ac4c4ec9-81e8-4905-a313-14c3367cfc16" testListId="8c84fa94-04c1-424b-9868-57a2d4851a1d" />
    <TestEntry testId="41262bc5-1db9-e011-af50-2ef2a8f03c65" executionId="4d3dd563-7fa4-43e8-bf6b-04c20aeee078" testListId="8c84fa94-04c1-424b-9868-57a2d4851a1d" />
    <TestEntry testId="789d1865-0f2a-bb32-abf7-b6deec1b2668" executionId="4ca91a51-8d96-4d8f-8539-baa96891757a" testListId="8c84fa94-04c1-424b-9868-57a2d4851a1d" />
    <TestEntry testId="f5443118-4d0d-50a1-0432-10343efad0ce" executionId="67152f83-a992-4855-894a-d13781eba892" testListId="8c84fa94-04c1-424b-9868-57a2d4851a1d" />
    <TestEntry testId="dd0f396d-eb1a-a959-7bca-dce39667e90e" executionId="1346afa1-6f52-4ebd-ad9e-292d9a87e091" testListId="8c84fa94-04c1-424b-9868-57a2d4851a1d" />
    <TestEntry testId="eb13b130-e64d-ae6d-93e0-fe6f0711e8de" executionId="234f6afa-5ab5-4b91-9f64-6c0d343d6183" testListId="8c84fa94-04c1-424b-9868-57a2d4851a1d" />
    <TestEntry testId="34b522d7-4e11-3b45-779b-ef3687e84622" executionId="8c4d5122-aedc-40fc-b7f4-82be770c7706" testListId="8c84fa94-04c1-424b-9868-57a2d4851a1d" />
    <TestEntry testId="545d326f-a13b-9dd0-102e-3193632b0841" executionId="01ac67c9-0f2a-4822-9ad5-de11f9e33b48" testListId="8c84fa94-04c1-424b-9868-57a2d4851a1d" />
    <TestEntry testId="99626b41-2c37-993d-1e72-9e580bddc287" executionId="9a95088a-6924-492e-a0b9-1bef4972e152" testListId="8c84fa94-04c1-424b-9868-57a2d4851a1d" />
    <TestEntry testId="8dc78890-5a4a-a129-0f30-0a6234c43599" executionId="2a6f73c7-828e-40e7-a015-79102bc5f26a" testListId="8c84fa94-04c1-424b-9868-57a2d4851a1d" />
    <TestEntry testId="c1901cff-2ab8-577c-7844-8ae3491e4d48" executionId="e889e39b-7aea-41f3-af1a-3780be053c66" testListId="8c84fa94-04c1-424b-9868-57a2d4851a1d" />
    <TestEntry testId="dba0b206-e133-0604-8801-cfbd9dc1f099" executionId="06db7d6c-75a7-4ae3-a6d6-1bf82f36cc66" testListId="8c84fa94-04c1-424b-9868-57a2d4851a1d" />
    <TestEntry testId="6acb1dbb-1c51-25cf-8cf1-8d05e124e3d7" executionId="6dcccbcf-6b54-41cb-b668-39a29aa87038" testListId="8c84fa94-04c1-424b-9868-57a2d4851a1d" />
    <TestEntry testId="10354c68-a879-b6e2-6d82-89a6773fefe1" executionId="3bc0a368-794d-4021-aba0-5b7952e91dea" testListId="8c84fa94-04c1-424b-9868-57a2d4851a1d" />
    <TestEntry testId="a5e262d0-5a15-65a2-5c65-af1e24f4a18c" executionId="a0e063cc-8c7b-4d53-a9d5-93dc411c7a0f" testListId="8c84fa94-04c1-424b-9868-57a2d4851a1d" />
    <TestEntry testId="d645ba9c-1379-99db-2a10-3ad389eda5fe" executionId="d4b4b331-756b-43f6-ab3b-c46e492f535b" testListId="8c84fa94-04c1-424b-9868-57a2d4851a1d" />
    <TestEntry testId="74abdc1e-39f6-a327-f3c2-f01a2f00fbad" executionId="6c90957f-efd3-4870-a913-1939e3181ec8" testListId="8c84fa94-04c1-424b-9868-57a2d4851a1d" />
    <TestEntry testId="b93799ff-5b17-e1f9-0d99-2c637168fb69" executionId="846c1c4a-2e9e-4e28-a80e-d9e0bc2b23fc" testListId="8c84fa94-04c1-424b-9868-57a2d4851a1d" />
    <TestEntry testId="4c5872da-e94a-2cbc-82d6-8a30dc0f6bce" executionId="3b57c7a8-0092-4cf6-8697-73040bfafcff" testListId="8c84fa94-04c1-424b-9868-57a2d4851a1d" />
    <TestEntry testId="6cef5b74-acb9-0de4-d29c-52afea029c19" executionId="1823be9f-2b14-4202-8cd3-ca6b5f4489b5" testListId="8c84fa94-04c1-424b-9868-57a2d4851a1d" />
    <TestEntry testId="9efb06ed-4e32-4e36-fb87-afd72763bad8" executionId="ce36f8ea-ce50-4535-9dc2-d476402fb4d5" testListId="8c84fa94-04c1-424b-9868-57a2d4851a1d" />
    <TestEntry testId="411f8471-c961-d534-113c-8c7a8a9d39a5" executionId="f0d13993-8b41-4ef4-bde0-528977f8f006" testListId="8c84fa94-04c1-424b-9868-57a2d4851a1d" />
    <TestEntry testId="ffda11af-0331-c949-7da9-3503e1eb3f99" executionId="5355201c-1979-4733-bf95-1e650d479d10" testListId="8c84fa94-04c1-424b-9868-57a2d4851a1d" />
    <TestEntry testId="eb7c5149-5fb6-5da1-d39b-9e7899e10bf4" executionId="cf6fbbbb-54f3-4525-ab2e-f6640f4fafa4" testListId="8c84fa94-04c1-424b-9868-57a2d4851a1d" />
    <TestEntry testId="1f7b8ec4-646a-255d-0079-681250a3b2ad" executionId="80ad7970-41a6-4375-babd-06288c300765" testListId="8c84fa94-04c1-424b-9868-57a2d4851a1d" />
    <TestEntry testId="bf1e9eed-569b-e90b-82bd-12bdea938950" executionId="68f47f09-6f92-4105-963c-610a83aaf32d" testListId="8c84fa94-04c1-424b-9868-57a2d4851a1d" />
    <TestEntry testId="46e8bd76-d518-80f4-4c3d-696e347298e7" executionId="53288b2e-8e86-4ab1-bb21-38a98dbb37c5" testListId="8c84fa94-04c1-424b-9868-57a2d4851a1d" />
    <TestEntry testId="c10e6076-1cc7-a18c-34fc-2d3eb6575455" executionId="5b6ce720-c124-4dd9-a1fb-fd1af0dd0463" testListId="8c84fa94-04c1-424b-9868-57a2d4851a1d" />
    <TestEntry testId="80b66ca4-ed86-244e-a566-bc970d62393c" executionId="25156b8c-201a-4776-afd2-1ce671707538" testListId="8c84fa94-04c1-424b-9868-57a2d4851a1d" />
    <TestEntry testId="10bc3c42-cfff-6cf1-8aa1-0c103114e4a8" executionId="dd290ae5-a198-49d3-a2e9-2cc7f5e922fa" testListId="8c84fa94-04c1-424b-9868-57a2d4851a1d" />
    <TestEntry testId="6b2a1d82-00de-73c0-bd13-9d22ea555854" executionId="95df24c3-f24c-4f74-a3df-d68626dba525" testListId="8c84fa94-04c1-424b-9868-57a2d4851a1d" />
    <TestEntry testId="b992bfea-2c96-cac7-bee7-ec8c7e1b8e21" executionId="5d7e85b2-29af-4aa0-b8ae-e0eae1bad225" testListId="8c84fa94-04c1-424b-9868-57a2d4851a1d" />
    <TestEntry testId="eb8a9bcb-9d44-dcaa-ba3c-41b86e18a018" executionId="b963718b-4ef8-4349-8466-36cdca92b436" testListId="8c84fa94-04c1-424b-9868-57a2d4851a1d" />
    <TestEntry testId="f8c67dbb-687f-c4ff-1d67-a47097c735f4" executionId="a4dced71-3754-4f3e-ad0f-54879c24eeb7" testListId="8c84fa94-04c1-424b-9868-57a2d4851a1d" />
    <TestEntry testId="be1e0e43-ad8b-e235-7919-b3e95bd5ba8a" executionId="ebc45856-5f72-431c-a3f1-df53f004b07b" testListId="8c84fa94-04c1-424b-9868-57a2d4851a1d" />
    <TestEntry testId="085d2937-eafc-4327-eaca-65345af54348" executionId="555f3188-8f4c-4523-8247-79114af22ba5" testListId="8c84fa94-04c1-424b-9868-57a2d4851a1d" />
    <TestEntry testId="e15c8bda-f8c7-2318-5995-060dc7beae4f" executionId="bc259934-1ddc-4626-bc75-c8aea8d283d7" testListId="8c84fa94-04c1-424b-9868-57a2d4851a1d" />
    <TestEntry testId="1b5d08a6-6bca-f2e2-bb30-653743b01ed9" executionId="ca8ee9e3-a2ad-4e99-a438-8bbbacedb481" testListId="8c84fa94-04c1-424b-9868-57a2d4851a1d" />
    <TestEntry testId="77b80d29-2945-f0db-b88d-006e32161d64" executionId="05cc1842-bd91-4d8b-a580-6572aed46f8d" testListId="8c84fa94-04c1-424b-9868-57a2d4851a1d" />
    <TestEntry testId="086697ee-07c2-975e-c18c-2f1d6fbd948e" executionId="839d44ae-4e09-48db-98db-fcd47f1fe4e6" testListId="8c84fa94-04c1-424b-9868-57a2d4851a1d" />
    <TestEntry testId="f307daca-88af-1d47-d59e-5d1f3972e11f" executionId="132669c8-a8ff-4f3c-a65c-dddc8e7d9e16" testListId="8c84fa94-04c1-424b-9868-57a2d4851a1d" />
    <TestEntry testId="4d31dd50-8591-2676-bed4-e3d00dcaf2fa" executionId="271d5304-1e90-46d1-8c8c-797830611a3f" testListId="8c84fa94-04c1-424b-9868-57a2d4851a1d" />
    <TestEntry testId="1718340b-e844-b48e-e482-3244df9c5907" executionId="23099da2-4ee5-48dc-b376-9143afe1a909" testListId="8c84fa94-04c1-424b-9868-57a2d4851a1d" />
    <TestEntry testId="a0227952-4edd-1762-2a05-7b8c1519e533" executionId="98d3df2d-585c-4bf9-8d79-04f623112439" testListId="8c84fa94-04c1-424b-9868-57a2d4851a1d" />
    <TestEntry testId="13700dfc-2e74-1af5-53fb-f1bd783cc574" executionId="08dad244-bc18-430a-8bf3-a456df650927" testListId="8c84fa94-04c1-424b-9868-57a2d4851a1d" />
    <TestEntry testId="b9c260ed-ec37-dcbd-07da-ef00a7ad4154" executionId="d701c7c0-2337-4afa-848d-afc1dca2d548" testListId="8c84fa94-04c1-424b-9868-57a2d4851a1d" />
    <TestEntry testId="83aa7bd5-361d-c7ff-b67e-9cc57dbb61d9" executionId="b320ca62-aff3-46b2-880a-30a21324a6b9" testListId="8c84fa94-04c1-424b-9868-57a2d4851a1d" />
    <TestEntry testId="19830c15-32c9-f01c-956d-63e89441cd2d" executionId="ac59f385-2684-49fb-b849-992cfa6dd810" testListId="8c84fa94-04c1-424b-9868-57a2d4851a1d" />
    <TestEntry testId="f7805eb1-4df6-3777-6f16-34b94a772b92" executionId="2f99c6b9-d598-4d85-be45-73f5d89383da" testListId="8c84fa94-04c1-424b-9868-57a2d4851a1d" />
    <TestEntry testId="1c6c6748-896b-8df4-8af0-c8b21c5d4d76" executionId="74c73e51-befd-4e73-93fd-e41c8a14115a" testListId="8c84fa94-04c1-424b-9868-57a2d4851a1d" />
    <TestEntry testId="87b93754-57b7-4f0b-92eb-7177bd120f6a" executionId="1a3bc25d-c1fb-4de2-94e0-d2c6ae3f0899" testListId="8c84fa94-04c1-424b-9868-57a2d4851a1d" />
    <TestEntry testId="8b367ea4-bc6a-1ce6-32b5-c683fbbb3e8f" executionId="18c97718-b725-4c8d-82a0-d4e7aa709e73" testListId="8c84fa94-04c1-424b-9868-57a2d4851a1d" />
    <TestEntry testId="99e6e34b-f2c0-5753-5a7a-38716d8673d5" executionId="57ebfd2d-bd81-4d1b-9d0c-f08bbea5d482" testListId="8c84fa94-04c1-424b-9868-57a2d4851a1d" />
    <TestEntry testId="62a183c3-3aa4-8995-bac4-bfd139d2418b" executionId="6e1b09c8-7a76-4ae6-9cd3-c9d8017057e2" testListId="8c84fa94-04c1-424b-9868-57a2d4851a1d" />
    <TestEntry testId="a44df1d0-04ff-ba6e-5de5-11c94ab00907" executionId="7f16aa0a-f248-4714-bedb-15d7da2a114b" testListId="8c84fa94-04c1-424b-9868-57a2d4851a1d" />
    <TestEntry testId="0d34515d-806a-1833-1895-a754dfec45ef" executionId="d4a7cbc7-63df-4806-8f6b-cb37473ecf6d" testListId="8c84fa94-04c1-424b-9868-57a2d4851a1d" />
    <TestEntry testId="536e478e-6855-c305-14cf-0612e8741d62" executionId="e48ce102-6a33-4c57-aa76-1f3e6601ab41" testListId="8c84fa94-04c1-424b-9868-57a2d4851a1d" />
    <TestEntry testId="af5d3fbf-2637-f5ef-045c-03fd38708e15" executionId="5e0acfa0-349a-4fdb-95d2-def044157eda" testListId="8c84fa94-04c1-424b-9868-57a2d4851a1d" />
    <TestEntry testId="100b2f31-13d4-bf12-acc1-3c5832feae4d" executionId="61a9913e-4881-45fe-a082-8e114132742f" testListId="8c84fa94-04c1-424b-9868-57a2d4851a1d" />
    <TestEntry testId="db6dc12a-a5b8-4963-eb47-63ec203fc95c" executionId="4918881b-c0f7-41b5-b122-cd02c4826aef" testListId="8c84fa94-04c1-424b-9868-57a2d4851a1d" />
    <TestEntry testId="719b12a2-d51c-5306-406d-49ff730cff48" executionId="3ed05ffb-31be-467d-b559-3684ed1a73bb" testListId="8c84fa94-04c1-424b-9868-57a2d4851a1d" />
    <TestEntry testId="c90f9712-5471-2387-cd65-03280b65b0e6" executionId="0240aca2-ab1d-485a-9176-9ee703ee0f9d" testListId="8c84fa94-04c1-424b-9868-57a2d4851a1d" />
    <TestEntry testId="bfa8dbb7-f978-2353-9ae3-514e3bd83c2d" executionId="76f72699-e7bd-4c3c-84f7-e2313144cd0d" testListId="8c84fa94-04c1-424b-9868-57a2d4851a1d" />
    <TestEntry testId="63065785-c7ca-7436-d428-802994bffcc4" executionId="826c7147-f545-4305-adea-940b36d5b794" testListId="8c84fa94-04c1-424b-9868-57a2d4851a1d" />
    <TestEntry testId="fb98d00a-62bf-3db5-3c6c-e518a145c069" executionId="5f5f304a-89e6-4c12-9253-31ba253be493" testListId="8c84fa94-04c1-424b-9868-57a2d4851a1d" />
    <TestEntry testId="2f33c5cc-db13-9dfe-377a-c6e7e214eb8b" executionId="f29bedb9-4347-4581-957f-7fc04c3d5f81" testListId="8c84fa94-04c1-424b-9868-57a2d4851a1d" />
    <TestEntry testId="1d9fa8f5-f057-a6c7-d7c4-cb63ffcf836a" executionId="5d955156-be77-40a4-adbe-d0eaabdfc6e2" testListId="8c84fa94-04c1-424b-9868-57a2d4851a1d" />
    <TestEntry testId="248dbcc9-c827-bbbc-0c44-aa387d69084d" executionId="13d7889e-ec55-419f-8373-6ba573c4ba13" testListId="8c84fa94-04c1-424b-9868-57a2d4851a1d" />
    <TestEntry testId="ff0a74a0-353d-bd5a-c502-87c0706d8b9f" executionId="20d93401-52af-40df-8dc8-865cc698ce8b" testListId="8c84fa94-04c1-424b-9868-57a2d4851a1d" />
    <TestEntry testId="61a830ce-1020-eb76-decc-542b7b4d7111" executionId="97641b9d-dde2-4a74-aa99-4aa440f3e9c4" testListId="8c84fa94-04c1-424b-9868-57a2d4851a1d" />
    <TestEntry testId="4f98092d-2913-2303-5542-9571deb5c21a" executionId="d8ed15ba-6147-41d2-a1b1-5d6610b35942" testListId="8c84fa94-04c1-424b-9868-57a2d4851a1d" />
    <TestEntry testId="acd77b79-204d-afd5-95ff-bbbe1d6ae018" executionId="43a3ddfe-aff8-4e75-b2d3-252113ca0b47" testListId="8c84fa94-04c1-424b-9868-57a2d4851a1d" />
    <TestEntry testId="63ac7102-8bb6-ea15-19a7-bc7043764113" executionId="f1fa1c87-5add-4e5e-a337-e6d860d7fc02" testListId="8c84fa94-04c1-424b-9868-57a2d4851a1d" />
    <TestEntry testId="b8cab60d-09fa-53bc-216b-3c002b1148c1" executionId="a20136ad-637b-42f1-8b1e-c39aa7539647" testListId="8c84fa94-04c1-424b-9868-57a2d4851a1d" />
    <TestEntry testId="c6dc3ac2-aa81-c54b-f60b-3627c29ea3c1" executionId="d9150759-8393-4ab1-b99c-f5a43f59a0ad" testListId="8c84fa94-04c1-424b-9868-57a2d4851a1d" />
    <TestEntry testId="e22f2622-68ca-2364-119e-796d6ebc9a19" executionId="472c363e-d18c-4077-8b76-548b3629749d" testListId="8c84fa94-04c1-424b-9868-57a2d4851a1d" />
    <TestEntry testId="6eb1817b-2784-5e2e-f99c-a93ddde6c9c6" executionId="c73e699e-bfe0-499f-aaf6-beb05af25d19" testListId="8c84fa94-04c1-424b-9868-57a2d4851a1d" />
    <TestEntry testId="787292e5-cea6-c19c-7e36-31bbfbff951b" executionId="1fd2e84c-10bf-4987-bfd3-4b27fe148c76" testListId="8c84fa94-04c1-424b-9868-57a2d4851a1d" />
    <TestEntry testId="eceb904d-60c6-e060-2175-9efaa597f5a3" executionId="1b189c1a-9670-4a44-a91e-8d14235be6e1" testListId="8c84fa94-04c1-424b-9868-57a2d4851a1d" />
    <TestEntry testId="55b07e68-ecd8-9c02-295a-1ad933fe3ba1" executionId="7a99df6d-e466-4210-854c-f6963ff82c00" testListId="8c84fa94-04c1-424b-9868-57a2d4851a1d" />
    <TestEntry testId="9661ec26-4ffd-2556-f92b-262f54c8066a" executionId="d75f2f96-b165-424f-8ae6-e4041c0843ee" testListId="8c84fa94-04c1-424b-9868-57a2d4851a1d" />
    <TestEntry testId="f717ddcc-aa23-8c08-a1b2-e95d3fb5e239" executionId="0ace11a6-998f-4cb2-bcc1-8b7a6a557088" testListId="8c84fa94-04c1-424b-9868-57a2d4851a1d" />
    <TestEntry testId="57dc385c-386a-54e7-5c63-2a6b1fc7a6a8" executionId="d3cb0287-6467-4338-94f5-78cee2abe55f" testListId="8c84fa94-04c1-424b-9868-57a2d4851a1d" />
    <TestEntry testId="2e3faac3-c273-6c7e-7cf6-1bfd002fb1e4" executionId="ae562f03-495a-41cc-874e-12dc3a1e0958" testListId="8c84fa94-04c1-424b-9868-57a2d4851a1d" />
    <TestEntry testId="fe3db385-9459-645b-1f52-fd3faf3c0fdd" executionId="054999b6-aa09-486d-9ba3-ec5b0d05465b" testListId="8c84fa94-04c1-424b-9868-57a2d4851a1d" />
    <TestEntry testId="6fb00564-d971-eea9-196b-ed07e719c059" executionId="773102b5-03e2-4c95-941d-3ba9154eac8b" testListId="8c84fa94-04c1-424b-9868-57a2d4851a1d" />
    <TestEntry testId="603217da-9ae4-46b3-2e65-7d237f378c4b" executionId="a2df6d3b-0c90-4e21-8dfb-25b899fd16a6" testListId="8c84fa94-04c1-424b-9868-57a2d4851a1d" />
    <TestEntry testId="dd1d8af6-1d0e-9060-1d16-1a25d75d42b1" executionId="9f4384ac-60d9-4511-bcad-cd69f466c9ca" testListId="8c84fa94-04c1-424b-9868-57a2d4851a1d" />
    <TestEntry testId="bdbcd836-49d4-53e1-4d0c-c32a5e720e98" executionId="1d12128c-c59a-4630-af49-cec749eee2db" testListId="8c84fa94-04c1-424b-9868-57a2d4851a1d" />
    <TestEntry testId="b254b509-6f8d-f371-8e72-d694661b16e5" executionId="d02e7a3f-112c-4481-9ee4-733eb82059b2" testListId="8c84fa94-04c1-424b-9868-57a2d4851a1d" />
    <TestEntry testId="05ebe8d6-bb37-3144-43b8-0fa61792df70" executionId="09262610-bacb-4911-9847-fa9196f6713b" testListId="8c84fa94-04c1-424b-9868-57a2d4851a1d" />
    <TestEntry testId="6c2c0fa4-44f6-eba7-22a9-19b7bd4deb94" executionId="683d8420-d94b-42a4-9f55-1421bd63608f" testListId="8c84fa94-04c1-424b-9868-57a2d4851a1d" />
    <TestEntry testId="da1727c1-7b6f-1dd9-f8f0-cfd94acb9f2d" executionId="8df1d4fc-da28-436f-99a8-8675a731e250" testListId="8c84fa94-04c1-424b-9868-57a2d4851a1d" />
    <TestEntry testId="c3c91fcc-fc4d-6aa3-c7a5-75b1703abaf5" executionId="1dabf076-4381-4726-a175-0c7a19520833" testListId="8c84fa94-04c1-424b-9868-57a2d4851a1d" />
    <TestEntry testId="535a9524-e413-7138-4f8a-1efef2b275d9" executionId="5920f352-a6a1-43d4-8e96-27862e6d03ae" testListId="8c84fa94-04c1-424b-9868-57a2d4851a1d" />
    <TestEntry testId="cd734030-50f4-8516-8552-ebce9f7a5c1b" executionId="1167ce39-c37b-4633-98d6-52bc1632419a" testListId="8c84fa94-04c1-424b-9868-57a2d4851a1d" />
    <TestEntry testId="fcc9ffda-476f-90a9-3803-ac3d760c7dc9" executionId="7d2c9c3b-511e-4995-8d2f-8a439a9ebf8f" testListId="8c84fa94-04c1-424b-9868-57a2d4851a1d" />
    <TestEntry testId="970b4f6f-940f-9aef-11d7-f3f4a810e93c" executionId="2325bf87-36a0-4684-b1a4-8e151d7dd328" testListId="8c84fa94-04c1-424b-9868-57a2d4851a1d" />
    <TestEntry testId="e10463e7-6904-8119-ee80-00fdb202ffb5" executionId="04b3e96f-d9a3-4cf2-b67e-32e45798f0c1" testListId="8c84fa94-04c1-424b-9868-57a2d4851a1d" />
    <TestEntry testId="045b2c13-82cc-45b7-87d2-e61e15c4e297" executionId="5675b598-a47e-458f-a45a-bdd541886bc0" testListId="8c84fa94-04c1-424b-9868-57a2d4851a1d" />
    <TestEntry testId="4a1660a3-6cbe-e1bd-1383-9d7f682b7b1f" executionId="54fc0e6e-44cc-457f-a3dd-8d8366b9e6d3" testListId="8c84fa94-04c1-424b-9868-57a2d4851a1d" />
    <TestEntry testId="18502462-e267-f1c8-2f83-f9c4dcdfc4b7" executionId="34bc5d66-5e10-4ad9-8677-495a3957a7b5" testListId="8c84fa94-04c1-424b-9868-57a2d4851a1d" />
    <TestEntry testId="fdc4c841-9105-4bd3-f1bb-7356159e0734" executionId="2c22b9da-bedc-496a-bd39-a3dd68004b65" testListId="8c84fa94-04c1-424b-9868-57a2d4851a1d" />
    <TestEntry testId="00bed1b5-2eaf-38eb-d49e-cc443c8322ba" executionId="7975ef89-e5eb-490c-a0e5-a82dee2d7ea9" testListId="8c84fa94-04c1-424b-9868-57a2d4851a1d" />
    <TestEntry testId="cc910b7b-0f6e-5944-29a0-54562e73fc95" executionId="d1ed54e1-40f1-42a1-9773-5eafad7741d4" testListId="8c84fa94-04c1-424b-9868-57a2d4851a1d" />
    <TestEntry testId="0cba7db3-476c-3781-b065-76e32b4a69ec" executionId="551d2803-8732-43a4-aa69-c14f5a1dfc08" testListId="8c84fa94-04c1-424b-9868-57a2d4851a1d" />
    <TestEntry testId="10048a36-0a34-26de-fb94-9cb4a072c3f3" executionId="b7706af7-b67a-4ab8-9ac2-8e28e8149d34" testListId="8c84fa94-04c1-424b-9868-57a2d4851a1d" />
    <TestEntry testId="f6e2d25d-e641-f5c5-4d6d-4ee2485a6bd0" executionId="d0f7e37e-21c3-4cc2-910e-d3065fb8149d" testListId="8c84fa94-04c1-424b-9868-57a2d4851a1d" />
    <TestEntry testId="e314c946-3193-c56f-69a9-8d00cd69595b" executionId="c97cb823-a418-4983-93ff-6534cfb4f96a" testListId="8c84fa94-04c1-424b-9868-57a2d4851a1d" />
    <TestEntry testId="9a72c019-fd35-7789-32ea-82b6becbb17e" executionId="07641981-1fc6-4920-9542-1ba5599ac706" testListId="8c84fa94-04c1-424b-9868-57a2d4851a1d" />
    <TestEntry testId="b9925dde-338d-e154-1438-4822eab83079" executionId="d133b702-7ba6-4d64-9eed-d61338fa5807" testListId="8c84fa94-04c1-424b-9868-57a2d4851a1d" />
    <TestEntry testId="04c1af93-2bbb-9ea6-e6fa-ef8133f2dbbb" executionId="f855fa8b-c519-4c31-891f-6d3b11b28dfd" testListId="8c84fa94-04c1-424b-9868-57a2d4851a1d" />
    <TestEntry testId="445d349b-8e54-6329-e78f-cea8c5ab074f" executionId="e7393471-df0e-4a96-91fe-32b4a988917d" testListId="8c84fa94-04c1-424b-9868-57a2d4851a1d" />
    <TestEntry testId="711bf985-4eae-1669-b2db-02e0350971fa" executionId="244b648e-d244-4da5-9196-dc632a2ce06e" testListId="8c84fa94-04c1-424b-9868-57a2d4851a1d" />
    <TestEntry testId="7c7fff48-8f36-6e8d-1368-dcbf14c9d246" executionId="e0fa2619-4580-4305-9db5-d47274b53ee7" testListId="8c84fa94-04c1-424b-9868-57a2d4851a1d" />
    <TestEntry testId="b58d9ed4-8b03-3c4e-8714-15edb47d4b61" executionId="445d0be7-53ff-4a96-9d28-b230e892590e" testListId="8c84fa94-04c1-424b-9868-57a2d4851a1d" />
    <TestEntry testId="310cf6c9-b053-70d3-bdcf-5e6de9360ddf" executionId="a29ee784-227b-4a33-a2ca-a868be65a303" testListId="8c84fa94-04c1-424b-9868-57a2d4851a1d" />
    <TestEntry testId="973034ca-451b-f79e-3938-5a5e9c933b32" executionId="e3765958-6d35-4901-b1f2-31c0e349c7fe" testListId="8c84fa94-04c1-424b-9868-57a2d4851a1d" />
    <TestEntry testId="59447ed2-adc5-c85e-cffa-fe022259911a" executionId="087d1fc0-52a7-4980-a748-25544e860760" testListId="8c84fa94-04c1-424b-9868-57a2d4851a1d" />
    <TestEntry testId="f9f95820-9e1b-4eb0-6d8e-a1997418b7c8" executionId="3ac780db-cd48-4244-ba91-532f348e996f" testListId="8c84fa94-04c1-424b-9868-57a2d4851a1d" />
    <TestEntry testId="df21b48d-acf7-666e-d518-d863105e73cf" executionId="ddfa1937-9f68-47e1-9726-0ad8d49fbc72" testListId="8c84fa94-04c1-424b-9868-57a2d4851a1d" />
    <TestEntry testId="e6cc9f22-dfb1-0a92-d687-11628f5e25d6" executionId="db2f406d-1ce7-4c55-9dc7-efca2c9a6f48" testListId="8c84fa94-04c1-424b-9868-57a2d4851a1d" />
    <TestEntry testId="aedeaefe-f5b0-15ea-fd3c-8f82609fb9e3" executionId="bcd8b6e8-e2a7-4a9d-b3b5-a3bc18897995" testListId="8c84fa94-04c1-424b-9868-57a2d4851a1d" />
    <TestEntry testId="4fcfdd26-adda-3cb9-3e51-6121ae49e751" executionId="424619bc-0f14-45e1-b94f-f84f0750561f" testListId="8c84fa94-04c1-424b-9868-57a2d4851a1d" />
    <TestEntry testId="d2882b8e-bf3e-89e0-0b5d-56e4f3b8835c" executionId="6f9772b5-aaeb-4957-ae50-bc76acd5bb65" testListId="8c84fa94-04c1-424b-9868-57a2d4851a1d" />
    <TestEntry testId="9d2154a1-c557-d5fb-02e1-01d28b31b3ed" executionId="efe4b003-ebc5-4d23-971e-a52b2b8e2ef3" testListId="8c84fa94-04c1-424b-9868-57a2d4851a1d" />
    <TestEntry testId="4b05b2c7-60d8-91f3-c89c-f2d8b797dd87" executionId="10094bf2-cb4f-4be8-a268-a971c11f7dc1" testListId="8c84fa94-04c1-424b-9868-57a2d4851a1d" />
    <TestEntry testId="c74251e2-4647-5457-2358-1276a3049004" executionId="14a5ed7e-8a9d-4ec5-8371-e565607421dd" testListId="8c84fa94-04c1-424b-9868-57a2d4851a1d" />
    <TestEntry testId="f76fc9ea-e051-e701-f983-c27876dc54b2" executionId="f3c01a49-5f15-4c5c-8bf1-a5e12cda03dc" testListId="8c84fa94-04c1-424b-9868-57a2d4851a1d" />
    <TestEntry testId="a793c660-1be8-b5f0-1d09-08b09d4be1e0" executionId="468b6c86-6226-476a-9b92-2aa0667b5c91" testListId="8c84fa94-04c1-424b-9868-57a2d4851a1d" />
    <TestEntry testId="5dbcfe7a-9b23-a861-56f1-74f7fa4f1f44" executionId="28894cc9-49ab-4a0d-8f4e-f9bcd00d1066" testListId="8c84fa94-04c1-424b-9868-57a2d4851a1d" />
    <TestEntry testId="4345d5b5-d50f-2d4f-45de-b55e659f574a" executionId="e0ecb606-799e-4eae-b333-d8b53f460893" testListId="8c84fa94-04c1-424b-9868-57a2d4851a1d" />
    <TestEntry testId="9041604c-843e-e73d-d74a-00e0ccac3dc4" executionId="bb4ecf38-202e-42a2-aa3f-8f27600e0499" testListId="8c84fa94-04c1-424b-9868-57a2d4851a1d" />
    <TestEntry testId="f30becff-9457-cb9d-7de5-4c70b3dca13a" executionId="24d2aa24-9de6-45f4-8112-3ff26f413128" testListId="8c84fa94-04c1-424b-9868-57a2d4851a1d" />
    <TestEntry testId="91864df6-8b1e-5867-e926-730d85c90af2" executionId="92075e1a-e39c-4f1e-8d5d-63194034cd24" testListId="8c84fa94-04c1-424b-9868-57a2d4851a1d" />
    <TestEntry testId="34f1cee4-b75e-641e-f178-be3cfd8e035b" executionId="7ddde09d-e80a-44c2-b85e-cb5a44d2dba1" testListId="8c84fa94-04c1-424b-9868-57a2d4851a1d" />
    <TestEntry testId="078c761c-d79f-74b4-3e42-8d318f0103c6" executionId="9da33398-a9a9-478c-8c99-eef824d54bff" testListId="8c84fa94-04c1-424b-9868-57a2d4851a1d" />
    <TestEntry testId="827c256d-915a-9c63-f36e-a9e10c0f6373" executionId="364d713b-6d9a-4cdf-ae1d-eb86f1130bcb" testListId="8c84fa94-04c1-424b-9868-57a2d4851a1d" />
    <TestEntry testId="e5a2811a-c5e6-0367-38f1-ed2cadc97930" executionId="4adbba4b-dc5b-4cba-9337-6f317df4f478" testListId="8c84fa94-04c1-424b-9868-57a2d4851a1d" />
    <TestEntry testId="8c5530f6-8d20-d59d-aa87-3bf4951304c9" executionId="fb8ec633-d8ab-42e4-bf9c-2149275cdfbb" testListId="8c84fa94-04c1-424b-9868-57a2d4851a1d" />
    <TestEntry testId="d684ef4e-74cf-d409-e511-604a37dd4f55" executionId="9be16066-ac9f-41fa-b24c-cd49697dbbec" testListId="8c84fa94-04c1-424b-9868-57a2d4851a1d" />
    <TestEntry testId="a447b6a4-1bb2-f0e6-b71b-26c9e7a7b04e" executionId="dcc286df-6c8c-426a-aa1a-6ed3a13b2964" testListId="8c84fa94-04c1-424b-9868-57a2d4851a1d" />
    <TestEntry testId="5d2bec42-a412-b98d-2264-dbc44879f9a4" executionId="347826ce-782f-4859-9611-278f28d4e779" testListId="8c84fa94-04c1-424b-9868-57a2d4851a1d" />
    <TestEntry testId="d699beba-6ef6-8ad1-9ac4-bf090f83c81c" executionId="92941668-fa6d-4f39-9f6b-ae01b76e3851" testListId="8c84fa94-04c1-424b-9868-57a2d4851a1d" />
    <TestEntry testId="7744969e-d420-b6c7-f549-dbc63a5c68f2" executionId="4b7ca361-a0e5-4270-9f64-5e17f751c260" testListId="8c84fa94-04c1-424b-9868-57a2d4851a1d" />
    <TestEntry testId="40298062-388c-6789-b30d-c19ab63c80a9" executionId="3585f761-e46f-40de-93b3-2cf7cca5aa5d" testListId="8c84fa94-04c1-424b-9868-57a2d4851a1d" />
    <TestEntry testId="b577e205-4f18-cd71-a4a0-c133cfdaabba" executionId="080e5b44-b026-4e62-a1c1-94be6ec1403b" testListId="8c84fa94-04c1-424b-9868-57a2d4851a1d" />
    <TestEntry testId="04e1331b-748e-51c1-db17-c951797b373d" executionId="f9b224d1-0c57-469a-a66c-08d24f61a2e8" testListId="8c84fa94-04c1-424b-9868-57a2d4851a1d" />
    <TestEntry testId="27e26e7b-372e-4ece-6a19-561037fefc37" executionId="2ff2b305-efac-4a49-97a2-c16fbae55a19" testListId="8c84fa94-04c1-424b-9868-57a2d4851a1d" />
    <TestEntry testId="344680b1-7166-0598-0fcb-919ef7145867" executionId="dad8e0a4-d488-48ed-a56e-7ac6b3ea13da" testListId="8c84fa94-04c1-424b-9868-57a2d4851a1d" />
    <TestEntry testId="c4094262-0798-21c3-8875-a0199e8334db" executionId="d283ae45-94e0-4443-a625-72540cea63cb" testListId="8c84fa94-04c1-424b-9868-57a2d4851a1d" />
    <TestEntry testId="0a67879a-6ca5-f1b3-2ced-3340f3bfce2a" executionId="cfba3743-700f-46af-931c-c41c6201d636" testListId="8c84fa94-04c1-424b-9868-57a2d4851a1d" />
    <TestEntry testId="0595b4e0-76f2-345e-e822-64d940b5cb15" executionId="d2bcbec3-4c7c-4f64-ae5f-8465ceb68abd" testListId="8c84fa94-04c1-424b-9868-57a2d4851a1d" />
    <TestEntry testId="6c8207de-7a88-d18c-cff3-80475f449247" executionId="1a748146-6012-4ad4-8c9e-73f8ba2a2e2f" testListId="8c84fa94-04c1-424b-9868-57a2d4851a1d" />
    <TestEntry testId="3c0e615d-e125-5909-8c24-e0fff50b5b1a" executionId="56874551-9f5b-404a-92e0-3cf987736b2f" testListId="8c84fa94-04c1-424b-9868-57a2d4851a1d" />
    <TestEntry testId="7391e35a-c105-f98c-19c9-74dae8447229" executionId="318de11a-d4dd-4419-8060-b6bfd5d12924" testListId="8c84fa94-04c1-424b-9868-57a2d4851a1d" />
    <TestEntry testId="1c04d5b8-a9a2-ba2b-8f74-1b2c18ae8a53" executionId="88b01c26-ea00-473c-a245-b407358fe51c" testListId="8c84fa94-04c1-424b-9868-57a2d4851a1d" />
    <TestEntry testId="9441469f-a83f-50a6-dd04-9ca03ae11d9e" executionId="baf4e071-52bb-4329-9448-098be2d9934f" testListId="8c84fa94-04c1-424b-9868-57a2d4851a1d" />
    <TestEntry testId="edaa83d8-52c6-0b2b-eba7-180d60a2ac4b" executionId="7b30ad5a-9654-4001-86bb-58fb35d77441" testListId="8c84fa94-04c1-424b-9868-57a2d4851a1d" />
    <TestEntry testId="8b76427f-27a3-6e35-0873-de1da22de56b" executionId="4927b8e0-16c1-4170-be9f-85da9f25c1da" testListId="8c84fa94-04c1-424b-9868-57a2d4851a1d" />
    <TestEntry testId="ab32261e-3312-91b3-7de5-d4685267856f" executionId="a7be4fc9-33d1-415c-aa0a-f171a9cd6597" testListId="8c84fa94-04c1-424b-9868-57a2d4851a1d" />
    <TestEntry testId="305f7b59-bfbc-4510-db26-f00017fdb69c" executionId="79d36bc2-3e38-4f30-b118-396767a9ac4b" testListId="8c84fa94-04c1-424b-9868-57a2d4851a1d" />
    <TestEntry testId="fb467158-5c9d-558b-8e40-8fb9acb07f0b" executionId="e4b3c710-ed22-4eb5-9bf4-e2b3a0e21482" testListId="8c84fa94-04c1-424b-9868-57a2d4851a1d" />
    <TestEntry testId="8e6bea84-6f03-30c0-7a98-2c468bde217d" executionId="8a87f0e7-629d-4298-91d0-b8bd85399415" testListId="8c84fa94-04c1-424b-9868-57a2d4851a1d" />
    <TestEntry testId="7f76b270-5a5f-f174-3535-d1732f460f5e" executionId="d4858db0-0092-4c3c-a048-1e1716c7b91b" testListId="8c84fa94-04c1-424b-9868-57a2d4851a1d" />
    <TestEntry testId="c474c0c2-73b6-100f-8d30-d5e965ce6bb1" executionId="9a93c815-5b0d-4883-9271-342d87cc7db7" testListId="8c84fa94-04c1-424b-9868-57a2d4851a1d" />
    <TestEntry testId="1da192c4-ca3f-ba3e-b0da-6da6c67457bc" executionId="b0502e28-ad6b-4d41-b5e9-fe5ef9741eb6" testListId="8c84fa94-04c1-424b-9868-57a2d4851a1d" />
    <TestEntry testId="48780141-bf75-9e72-3606-e9727b7cf617" executionId="2084984c-3f11-4c16-af30-a712ac05dd46" testListId="8c84fa94-04c1-424b-9868-57a2d4851a1d" />
    <TestEntry testId="50da4b16-77fe-fa53-eaee-91a887936f43" executionId="85d0675c-522a-4088-8520-087c6f7196ed" testListId="8c84fa94-04c1-424b-9868-57a2d4851a1d" />
    <TestEntry testId="b4f13b84-4401-5c90-4547-7207e23e5eb8" executionId="d22806d9-7051-47d9-8c14-86ea1a6d3cd4" testListId="8c84fa94-04c1-424b-9868-57a2d4851a1d" />
    <TestEntry testId="2acd1d3f-d5ec-6a78-f78b-d4fe1d2b2aae" executionId="6a264446-8961-49cf-82f3-1904a5e931c2" testListId="8c84fa94-04c1-424b-9868-57a2d4851a1d" />
    <TestEntry testId="a0225984-4db8-8006-1e81-1f2350346a72" executionId="59083c5e-9c2b-4ea2-b4af-39106c2f713b" testListId="8c84fa94-04c1-424b-9868-57a2d4851a1d" />
    <TestEntry testId="e03b8fe5-f9e2-b3c9-a6ea-dc436f82e919" executionId="aa3148c6-3112-4bf4-b118-3e876ff9e089" testListId="8c84fa94-04c1-424b-9868-57a2d4851a1d" />
    <TestEntry testId="6cc5221b-82e4-50ac-6c77-596aee634762" executionId="15010519-984e-4ccf-9dd9-a35e6339a37b" testListId="8c84fa94-04c1-424b-9868-57a2d4851a1d" />
    <TestEntry testId="1712597e-2076-df49-dc6f-3d941b7026f9" executionId="92d9b965-6508-408b-80d9-2b7fb7933f6a" testListId="8c84fa94-04c1-424b-9868-57a2d4851a1d" />
    <TestEntry testId="48dd50ff-7646-a78a-8567-2098163bbfdc" executionId="a5a304b3-fe7c-4eb7-a5a1-9b8b888f9a54" testListId="8c84fa94-04c1-424b-9868-57a2d4851a1d" />
    <TestEntry testId="4bc9cfa9-3d5d-d68f-121d-062ff5576f1e" executionId="a8999b72-c5ad-47ca-88df-1ec7579ccf23" testListId="8c84fa94-04c1-424b-9868-57a2d4851a1d" />
    <TestEntry testId="6e8c1a73-14bb-5a92-74dc-da4bbb18b05d" executionId="5bf5b8c1-3a21-4230-bf49-96c9f30534b9" testListId="8c84fa94-04c1-424b-9868-57a2d4851a1d" />
    <TestEntry testId="266db61a-2e1a-5835-b700-f6e3fe500205" executionId="dbf1b3d5-8dc2-4143-89ae-2f1728f5afb0" testListId="8c84fa94-04c1-424b-9868-57a2d4851a1d" />
    <TestEntry testId="9fe842fe-07e3-5cd5-4665-a69db3cff9ec" executionId="3b1239f6-7a56-448d-aae3-a26b95233dc4" testListId="8c84fa94-04c1-424b-9868-57a2d4851a1d" />
    <TestEntry testId="a878df53-5b07-9641-4fb8-e642408904bd" executionId="61770282-fced-4014-b45a-ed7f62cb7499" testListId="8c84fa94-04c1-424b-9868-57a2d4851a1d" />
    <TestEntry testId="0cb5bafa-132a-418b-1772-c4295697dfed" executionId="4090486e-24c9-41a9-b18f-264cf6a9ac2b" testListId="8c84fa94-04c1-424b-9868-57a2d4851a1d" />
    <TestEntry testId="aa0da893-be65-ef2a-6ca1-e5188bbf7966" executionId="2060ef5d-77ad-4d21-9912-f585631de6e2" testListId="8c84fa94-04c1-424b-9868-57a2d4851a1d" />
    <TestEntry testId="36fbe172-7a8f-d19e-f1a6-e952e7e52a67" executionId="49fe336e-bc59-4ae6-bfda-9a5739f50662" testListId="8c84fa94-04c1-424b-9868-57a2d4851a1d" />
    <TestEntry testId="cd3962ea-e4f4-03fd-c9f4-a9a058c847d2" executionId="8be90ada-f4a3-437e-8302-b3094830e607" testListId="8c84fa94-04c1-424b-9868-57a2d4851a1d" />
    <TestEntry testId="6a0a3e8b-7533-f541-9e71-62c6fc24fc9a" executionId="4d207aa9-e50e-4556-aeb0-1d1c0070bbab" testListId="8c84fa94-04c1-424b-9868-57a2d4851a1d" />
    <TestEntry testId="9749073d-88d7-f868-3be9-8418b410f954" executionId="529d20e3-9136-4a3d-839e-15d57146f307" testListId="8c84fa94-04c1-424b-9868-57a2d4851a1d" />
    <TestEntry testId="c7cbed97-f561-b293-22e0-0f75739c0607" executionId="ca69b695-462e-4b95-ad63-783e95ddc950" testListId="8c84fa94-04c1-424b-9868-57a2d4851a1d" />
    <TestEntry testId="f8058fb1-f9a0-ac88-e4f8-17b16c9b46f7" executionId="4ebd6e90-9577-49eb-8afb-805b7c79abb3" testListId="8c84fa94-04c1-424b-9868-57a2d4851a1d" />
    <TestEntry testId="0f62238b-67e1-c66b-29df-76637f03f8af" executionId="9d423857-d0db-4465-8b46-b87f69bbe604" testListId="8c84fa94-04c1-424b-9868-57a2d4851a1d" />
    <TestEntry testId="0e31c927-ac48-17c6-a42a-a31ee18c8e6a" executionId="cb34606c-47b3-4d17-bf3e-1028de49b989" testListId="8c84fa94-04c1-424b-9868-57a2d4851a1d" />
    <TestEntry testId="16bffb35-8fab-a0f7-b844-7223617ee105" executionId="191a9fac-b219-413d-a1df-348bcc523305" testListId="8c84fa94-04c1-424b-9868-57a2d4851a1d" />
    <TestEntry testId="875b0a9f-0a9b-c795-41cd-8fb241a7778e" executionId="d0e7b3d5-e061-4c22-a764-db3efbe23ac5" testListId="8c84fa94-04c1-424b-9868-57a2d4851a1d" />
    <TestEntry testId="256df41d-e4b6-8278-1a0b-0d6c8e72a1f5" executionId="e7f835f3-d6af-4150-bffd-ed0f1ca69046" testListId="8c84fa94-04c1-424b-9868-57a2d4851a1d" />
    <TestEntry testId="92dc3669-e753-fa08-038d-9fe0a6373f22" executionId="fdbed2c1-f67c-4afd-ad86-d5ca7a7a4e2e" testListId="8c84fa94-04c1-424b-9868-57a2d4851a1d" />
    <TestEntry testId="72e13252-2112-9f68-55fb-11d51625ec2c" executionId="21040cae-3ee4-4973-9fc9-9294409ec1b9" testListId="8c84fa94-04c1-424b-9868-57a2d4851a1d" />
    <TestEntry testId="70de0a7f-f75d-0b95-2756-a8b7998cc2ac" executionId="cf52d0b6-a9c6-4e21-9ae9-0f964e745f04" testListId="8c84fa94-04c1-424b-9868-57a2d4851a1d" />
    <TestEntry testId="411f8d5e-725e-786d-1bbf-9e4a1f107541" executionId="d89cd323-c59b-4c28-8902-c5703bc53459" testListId="8c84fa94-04c1-424b-9868-57a2d4851a1d" />
    <TestEntry testId="1165a6bf-94f8-a5da-22cc-a7c0a82f1845" executionId="add279a9-9c94-4b31-a0cb-ad0ef04c3a82" testListId="8c84fa94-04c1-424b-9868-57a2d4851a1d" />
    <TestEntry testId="ea4eda5d-7674-1494-a2d6-92c92dead34a" executionId="cdafcdd0-4d30-4eb0-ab5f-caf5e7f837b4" testListId="8c84fa94-04c1-424b-9868-57a2d4851a1d" />
    <TestEntry testId="d647b0df-44f2-d9e8-479c-f10e1787cd32" executionId="da1bed56-184f-4403-a967-1ec019d5b987" testListId="8c84fa94-04c1-424b-9868-57a2d4851a1d" />
    <TestEntry testId="09ae7854-891f-6806-7644-57ab1a7b502e" executionId="6943bd07-ecff-4b76-93f1-56cd5c0eecc1" testListId="8c84fa94-04c1-424b-9868-57a2d4851a1d" />
    <TestEntry testId="ac000dac-9500-65f7-4c87-e917db49d1a8" executionId="f4bf51ed-5910-45ee-be27-098e0e9b7727" testListId="8c84fa94-04c1-424b-9868-57a2d4851a1d" />
    <TestEntry testId="1a711971-6daa-5825-ad46-516b26396360" executionId="6642640d-44cf-4712-93fd-a7061fe76a13" testListId="8c84fa94-04c1-424b-9868-57a2d4851a1d" />
    <TestEntry testId="c58fbabc-4c4f-f5fc-7404-f9ff7fa147cf" executionId="e6c64937-681a-47d6-859a-4ad8ea74c41d" testListId="8c84fa94-04c1-424b-9868-57a2d4851a1d" />
    <TestEntry testId="3ac221e0-6b0b-ee27-44a3-5bb97fff0357" executionId="327ced7a-2aed-4c6b-91f0-50b7bfa3ff4d" testListId="8c84fa94-04c1-424b-9868-57a2d4851a1d" />
    <TestEntry testId="28139cb4-4e7a-e41f-8059-c5e9fd9a6f6f" executionId="9b3415bf-fab9-4f4e-83d9-77e6495200ff" testListId="8c84fa94-04c1-424b-9868-57a2d4851a1d" />
    <TestEntry testId="1091918b-0bfb-f522-74eb-143468be10a2" executionId="5a71d2e2-ad67-4ee4-9694-0e27bd32e221" testListId="8c84fa94-04c1-424b-9868-57a2d4851a1d" />
    <TestEntry testId="2477c0a2-e00d-e5cb-f6c3-bc7ce9bbb8e6" executionId="5b07b09a-0b30-4fd2-8eb3-2c8d33ea5c37" testListId="8c84fa94-04c1-424b-9868-57a2d4851a1d" />
    <TestEntry testId="2deb285e-66b3-8b34-493e-a65fc914dc53" executionId="e9b07172-0c94-4941-bcb6-42c38fe5e56b" testListId="8c84fa94-04c1-424b-9868-57a2d4851a1d" />
    <TestEntry testId="7817e26e-df5f-7fbb-1965-46ac993cfa27" executionId="12e32d2f-af46-45ee-8f86-91a17bc52f7c" testListId="8c84fa94-04c1-424b-9868-57a2d4851a1d" />
    <TestEntry testId="49983d54-39c4-9333-270e-94dcd1768f99" executionId="5faee92b-4fce-4d9f-8a1a-16b3aeb19513" testListId="8c84fa94-04c1-424b-9868-57a2d4851a1d" />
    <TestEntry testId="24876aa8-73d3-7dda-4701-eda2a124dde9" executionId="433b227b-40af-43e7-8b9d-4f39f5a3390a" testListId="8c84fa94-04c1-424b-9868-57a2d4851a1d" />
    <TestEntry testId="7d44ea08-d4df-4323-ee14-9df0b4507084" executionId="da4e8f0f-bf03-4986-a114-8a576c202d07" testListId="8c84fa94-04c1-424b-9868-57a2d4851a1d" />
    <TestEntry testId="9c78e7c2-5dbf-1319-4917-d0f502ae3f08" executionId="5fb07c8c-1c9d-4d8c-a479-705969b8412d" testListId="8c84fa94-04c1-424b-9868-57a2d4851a1d" />
    <TestEntry testId="48d7b94e-573d-7820-6cba-e665c7a566ed" executionId="1e381684-56ab-49d1-9166-237b5d9e1793" testListId="8c84fa94-04c1-424b-9868-57a2d4851a1d" />
    <TestEntry testId="a6d05480-f0cd-36b8-d8cf-700a50b5c4b0" executionId="00056ba1-b928-4e69-a691-d9c6d2f9e422" testListId="8c84fa94-04c1-424b-9868-57a2d4851a1d" />
    <TestEntry testId="a73ee070-605c-6cfd-49f6-e237ffbd4c77" executionId="9081d355-5860-49a8-a90a-869d87766f64" testListId="8c84fa94-04c1-424b-9868-57a2d4851a1d" />
    <TestEntry testId="e1dd31cf-53b1-54d1-f3a9-df2816e49966" executionId="c9af61a0-660e-4e3d-9944-b4e2d3433127" testListId="8c84fa94-04c1-424b-9868-57a2d4851a1d" />
    <TestEntry testId="970e5c54-1fc3-5d07-29bb-bdbdb51bac61" executionId="2e7fd0fa-0ea8-444e-a6ca-7fe14127a2ff" testListId="8c84fa94-04c1-424b-9868-57a2d4851a1d" />
    <TestEntry testId="159d01f2-d4e8-c2c3-2a6d-e74507f12bde" executionId="3fe7171f-8930-4725-affb-759deeb9f4d7" testListId="8c84fa94-04c1-424b-9868-57a2d4851a1d" />
    <TestEntry testId="b8e279c2-5b6b-66c4-87e5-42efbe39f25c" executionId="3981d6ba-5355-4999-bf1f-07073e5bf9ad" testListId="8c84fa94-04c1-424b-9868-57a2d4851a1d" />
    <TestEntry testId="60694f05-e885-3ae2-742e-aa416ba50ed9" executionId="fc7c5ec8-578e-46ea-84fb-fce655a164e4" testListId="8c84fa94-04c1-424b-9868-57a2d4851a1d" />
    <TestEntry testId="c3aaf3a1-4bec-679d-b15c-2f11bcf8ef50" executionId="3d3b18e1-eb28-435f-9d17-442e2ba2e183" testListId="8c84fa94-04c1-424b-9868-57a2d4851a1d" />
    <TestEntry testId="7f276281-d0bf-6985-080f-f278451cf2d8" executionId="ee3a32cf-f665-407e-810e-df76f93ca2ee" testListId="8c84fa94-04c1-424b-9868-57a2d4851a1d" />
    <TestEntry testId="cc48ac03-1aaa-7e22-e482-576e7a70089f" executionId="cf240674-e361-41c4-9bd8-df6d5cefff68" testListId="8c84fa94-04c1-424b-9868-57a2d4851a1d" />
    <TestEntry testId="f33471ab-574c-52c0-ebe9-79105e4f9830" executionId="ff47891d-9e73-4158-a46c-998144bb4d7b" testListId="8c84fa94-04c1-424b-9868-57a2d4851a1d" />
    <TestEntry testId="0bc0e625-3760-3795-2258-56cc6bb79887" executionId="f1a672ef-5b6b-4b23-bc0a-d79d080e4ba5" testListId="8c84fa94-04c1-424b-9868-57a2d4851a1d" />
    <TestEntry testId="2ee4f674-18fd-d9ee-4fe7-f67cefd3b0df" executionId="fcd2f0fe-56b9-4f26-a01c-91f319549d19" testListId="8c84fa94-04c1-424b-9868-57a2d4851a1d" />
    <TestEntry testId="25c07826-8fbf-0ede-3415-1ae067116fe7" executionId="b70d1e49-8715-4e26-93f7-6be1bc01dff0" testListId="8c84fa94-04c1-424b-9868-57a2d4851a1d" />
    <TestEntry testId="ee439802-2765-5e3b-c080-c7d820cd7764" executionId="2c2c1289-9718-4e97-a254-75696d62d2fe" testListId="8c84fa94-04c1-424b-9868-57a2d4851a1d" />
    <TestEntry testId="a563cf95-11d9-4df1-7353-6308be18a820" executionId="56b41fe0-9a16-4fcf-85f8-bbb22decfb45" testListId="8c84fa94-04c1-424b-9868-57a2d4851a1d" />
    <TestEntry testId="167c1010-249e-83d5-e567-7b506fdde7db" executionId="c68c73c0-7569-4277-a7be-35c4df9fc894" testListId="8c84fa94-04c1-424b-9868-57a2d4851a1d" />
    <TestEntry testId="81513c76-ca00-6a41-3471-68aec490acd7" executionId="29751765-cb58-4929-86ae-0c7b79b8f14c" testListId="8c84fa94-04c1-424b-9868-57a2d4851a1d" />
    <TestEntry testId="16a2449e-7406-65d4-eaa8-9a49363414d9" executionId="ad48abbb-e9c7-4b45-8e24-693db6013ecf" testListId="8c84fa94-04c1-424b-9868-57a2d4851a1d" />
    <TestEntry testId="a6bdee90-a467-a15a-679f-b6f8905ca29b" executionId="c256818d-5365-4cc8-8b5a-530dc8e58861" testListId="8c84fa94-04c1-424b-9868-57a2d4851a1d" />
    <TestEntry testId="f7c40804-1de3-db81-5fa3-f538700739d9" executionId="2539650e-9a6e-46ab-a8a0-ea43387bc8fa" testListId="8c84fa94-04c1-424b-9868-57a2d4851a1d" />
    <TestEntry testId="5e287a4b-fb52-3715-9146-d1ce40adb659" executionId="0376e271-8cfd-41d4-a01f-81aa4e7a1436" testListId="8c84fa94-04c1-424b-9868-57a2d4851a1d" />
    <TestEntry testId="459b84ef-8984-a731-5e1e-a044e2f5d86b" executionId="aa9eec7a-93f1-4a21-b4b2-036a2c4b064f" testListId="8c84fa94-04c1-424b-9868-57a2d4851a1d" />
    <TestEntry testId="01df82f1-2e29-00cf-bf77-aaf0a4929587" executionId="bb5cfa97-0abe-47d7-b95e-0a3d15bb5aa0" testListId="8c84fa94-04c1-424b-9868-57a2d4851a1d" />
    <TestEntry testId="36036894-626c-9b78-a3ec-b06ac1767e3c" executionId="7dfba54c-5c57-4b81-88e6-b94554bd4bd3" testListId="8c84fa94-04c1-424b-9868-57a2d4851a1d" />
    <TestEntry testId="c926f84e-3cdf-6cae-51a6-9481ca68f30a" executionId="729ea6c4-6dc9-45a3-ba80-95871f00a9e5" testListId="8c84fa94-04c1-424b-9868-57a2d4851a1d" />
    <TestEntry testId="4ddb7d20-0694-3328-1e1f-6781522dfc09" executionId="d4207bb1-313a-43d1-a187-f74c4766ebec" testListId="8c84fa94-04c1-424b-9868-57a2d4851a1d" />
    <TestEntry testId="b65928a3-a265-29b6-337b-186c7c0600d3" executionId="48e6633a-726b-403d-94c4-acca97b4730f" testListId="8c84fa94-04c1-424b-9868-57a2d4851a1d" />
    <TestEntry testId="49c409bf-e39d-d88d-38b8-e266171c63bc" executionId="16af8557-ad1d-49c0-9df4-05e8ddd61d8a" testListId="8c84fa94-04c1-424b-9868-57a2d4851a1d" />
    <TestEntry testId="98916f0e-ce2a-85ad-6387-65a6e8054b69" executionId="ef56ebf8-4468-4530-8947-414bfc8d4899" testListId="8c84fa94-04c1-424b-9868-57a2d4851a1d" />
    <TestEntry testId="cba07b9d-0755-537f-36fc-60fe93f8d6ed" executionId="27b28183-0387-4eb9-b72c-a08fc1f5ed21" testListId="8c84fa94-04c1-424b-9868-57a2d4851a1d" />
    <TestEntry testId="e30076af-dd16-36a3-4bfb-27428bbd6f5f" executionId="82655b54-c4cf-4561-b883-db9efadb5a10" testListId="8c84fa94-04c1-424b-9868-57a2d4851a1d" />
    <TestEntry testId="6bd838dd-8bcc-375e-460f-6033f1084981" executionId="04ffe6d9-54e6-440b-a535-533b45c4772f" testListId="8c84fa94-04c1-424b-9868-57a2d4851a1d" />
    <TestEntry testId="c08e198a-7d53-356c-9eca-bc368527e9e7" executionId="07b8e1aa-c58d-4373-a857-9dbd548142fb" testListId="8c84fa94-04c1-424b-9868-57a2d4851a1d" />
    <TestEntry testId="ee50d3ca-c732-9095-8b27-ba03d64a9dff" executionId="773a79d3-919f-4fcd-acb9-7140bd7e5eea" testListId="8c84fa94-04c1-424b-9868-57a2d4851a1d" />
    <TestEntry testId="2b5b6fff-62d4-af89-b471-6ec6cf5db2a4" executionId="8b039b40-f501-4834-8b38-cfb26ca878cf" testListId="8c84fa94-04c1-424b-9868-57a2d4851a1d" />
    <TestEntry testId="bba8e5a8-fe78-665a-2543-c88d65a011b6" executionId="e393ca11-4efb-40c5-b929-be6d24c702b8" testListId="8c84fa94-04c1-424b-9868-57a2d4851a1d" />
    <TestEntry testId="6fab7338-e266-51ba-2482-fe3f4ac0d446" executionId="fd1744fc-2f6a-4b9d-a202-30460123719d" testListId="8c84fa94-04c1-424b-9868-57a2d4851a1d" />
    <TestEntry testId="862ae7c4-4c0d-eaef-219b-7d81fc04afd3" executionId="344328cf-809a-42bf-a48f-ef1a1fdfcb1d" testListId="8c84fa94-04c1-424b-9868-57a2d4851a1d" />
    <TestEntry testId="2a02a7fa-90aa-79de-d76b-04cfbd740eee" executionId="44040b04-5c15-435e-a7d8-036be218fcde" testListId="8c84fa94-04c1-424b-9868-57a2d4851a1d" />
    <TestEntry testId="462caae8-5fdd-107a-a902-cab3b807d7f7" executionId="79fb4a0b-d383-4e28-b22d-3f1f8792a59c" testListId="8c84fa94-04c1-424b-9868-57a2d4851a1d" />
    <TestEntry testId="34c0564b-0d39-46cd-d550-382f8d415984" executionId="4ac731a7-f38e-4bb2-a9c1-4d976a53ce67" testListId="8c84fa94-04c1-424b-9868-57a2d4851a1d" />
    <TestEntry testId="2309ae74-ad63-f2c9-6b73-2e7d86e1ae63" executionId="28d3b547-4ab6-4e7c-84be-d473ced4b06e" testListId="8c84fa94-04c1-424b-9868-57a2d4851a1d" />
    <TestEntry testId="c847ae60-0c06-45cd-d503-b4c55ef4d3ea" executionId="3ad82984-bc88-486e-8596-79d2b3b54940" testListId="8c84fa94-04c1-424b-9868-57a2d4851a1d" />
    <TestEntry testId="ba983c4d-fcb5-0320-7b6c-056b498dc42b" executionId="d5603e20-24f1-4707-89f5-c72803a9ed59" testListId="8c84fa94-04c1-424b-9868-57a2d4851a1d" />
    <TestEntry testId="77157c15-2ec2-03e4-c18d-12572d0de6d0" executionId="c229c25b-eae3-417f-a7f3-82359dac58f5" testListId="8c84fa94-04c1-424b-9868-57a2d4851a1d" />
    <TestEntry testId="685a9311-1b13-36db-2436-03793072ff2f" executionId="8583228e-27fb-4764-a0f5-f98d85a4cdbc" testListId="8c84fa94-04c1-424b-9868-57a2d4851a1d" />
    <TestEntry testId="26759944-e4d2-04ff-35a4-fe4aff335174" executionId="f882fe08-c870-45dd-a926-62a318907005" testListId="8c84fa94-04c1-424b-9868-57a2d4851a1d" />
    <TestEntry testId="0f14ed66-52cd-469d-3e9c-f8371be99188" executionId="ed05e983-678b-4436-83ad-02f3dd0556dd" testListId="8c84fa94-04c1-424b-9868-57a2d4851a1d" />
    <TestEntry testId="18af348d-b6d1-7e8b-2228-abb7ab6637eb" executionId="d65f5c7c-44fc-48e9-9b08-e86fdeb83643" testListId="8c84fa94-04c1-424b-9868-57a2d4851a1d" />
    <TestEntry testId="7577bd33-eefc-51e7-3774-ee6680790273" executionId="e30167ca-28e0-4d64-be2d-22f132c08749" testListId="8c84fa94-04c1-424b-9868-57a2d4851a1d" />
    <TestEntry testId="e3724952-b9d8-0f28-f86a-173f43d084ea" executionId="62c2436f-2778-4ad9-9d8d-ac14cddd1924" testListId="8c84fa94-04c1-424b-9868-57a2d4851a1d" />
    <TestEntry testId="3fb116ed-dd2e-5396-4f0d-bfe94879629f" executionId="8977768b-e35e-4a5c-a163-de9ad3f0ed7a" testListId="8c84fa94-04c1-424b-9868-57a2d4851a1d" />
    <TestEntry testId="102ece60-75cf-706d-bbe0-dcd2760f999b" executionId="611d4d93-b877-41f2-aef9-d180dcb52305" testListId="8c84fa94-04c1-424b-9868-57a2d4851a1d" />
    <TestEntry testId="eac5d736-660f-0bc9-d2c2-31f7194bb3d4" executionId="5065840d-f158-4d50-8083-e837eb394648" testListId="8c84fa94-04c1-424b-9868-57a2d4851a1d" />
    <TestEntry testId="4eb251a2-6cb0-e688-cf43-d60ae91517d3" executionId="4a7d407f-8221-4dd6-aa50-a3b1b6e5b374" testListId="8c84fa94-04c1-424b-9868-57a2d4851a1d" />
    <TestEntry testId="2cb1e4e1-a244-ea0d-24b6-d91f61329f60" executionId="9fd8c6cb-2c40-4113-8ad7-bdecee86ea37" testListId="8c84fa94-04c1-424b-9868-57a2d4851a1d" />
    <TestEntry testId="59f8e928-4a52-b516-54e1-4468fdcc2899" executionId="8d272153-4848-47ac-b239-7b61026003c5" testListId="8c84fa94-04c1-424b-9868-57a2d4851a1d" />
    <TestEntry testId="663df171-a32f-318b-3d27-9941e69286ea" executionId="e7bd4076-301a-4c2c-8b14-88de13b3c581" testListId="8c84fa94-04c1-424b-9868-57a2d4851a1d" />
    <TestEntry testId="6e4270f9-a951-786a-8206-4d26f02d48f3" executionId="5d091abb-66b2-4e5d-b064-5a4ec3f57fa1" testListId="8c84fa94-04c1-424b-9868-57a2d4851a1d" />
    <TestEntry testId="3602c232-d4ac-a274-d8a7-aae36b928166" executionId="68961921-6956-4490-986e-846d778e44a9" testListId="8c84fa94-04c1-424b-9868-57a2d4851a1d" />
    <TestEntry testId="8039a4a3-ecd6-01b0-8fb9-d0431614a78a" executionId="25c950d3-da7d-42de-ae90-8521fdc365d0" testListId="8c84fa94-04c1-424b-9868-57a2d4851a1d" />
    <TestEntry testId="59c01b79-bf69-b84a-7057-a12b2a733494" executionId="454c0639-e22c-4c21-9da6-9913b2db303a" testListId="8c84fa94-04c1-424b-9868-57a2d4851a1d" />
    <TestEntry testId="eeec48f2-dbf5-bef0-1f47-9e146825f890" executionId="9a5e4bc5-6ded-4ed5-8021-0fd3343e2973" testListId="8c84fa94-04c1-424b-9868-57a2d4851a1d" />
    <TestEntry testId="442394a5-417a-91dd-bf58-5d3311d338df" executionId="d88e7b5b-ed40-460f-88e1-6a546a97444c" testListId="8c84fa94-04c1-424b-9868-57a2d4851a1d" />
    <TestEntry testId="a1e17580-9517-1504-2aad-ad322e4228e0" executionId="2af452b5-f053-4b1e-95c4-84afb5a64df5" testListId="8c84fa94-04c1-424b-9868-57a2d4851a1d" />
    <TestEntry testId="6ce77e79-a3fb-32e3-b4bd-787e7f35b286" executionId="40bc9e78-3145-40c5-968d-0b193294eea2" testListId="8c84fa94-04c1-424b-9868-57a2d4851a1d" />
    <TestEntry testId="437e6342-7460-3a5d-b520-9808ae7a125a" executionId="ec5c2385-e755-4c8d-9a00-da630579d401" testListId="8c84fa94-04c1-424b-9868-57a2d4851a1d" />
    <TestEntry testId="aff4cbad-38c9-c130-060e-f26c3c1964a3" executionId="73930e02-3c9d-49f8-83e1-bd4a959bd5f0" testListId="8c84fa94-04c1-424b-9868-57a2d4851a1d" />
    <TestEntry testId="2998c055-62eb-8cd6-61e5-0ffc890350c6" executionId="a604606a-7c90-4c7a-b5c7-4af8e33f60f7" testListId="8c84fa94-04c1-424b-9868-57a2d4851a1d" />
    <TestEntry testId="d72557ed-e399-e6a8-8257-38ab614c7642" executionId="bd225d75-5925-4c14-8ac1-975a562811ed" testListId="8c84fa94-04c1-424b-9868-57a2d4851a1d" />
    <TestEntry testId="d042fe29-7eba-5494-bf43-c2c5e3ba7935" executionId="2c7abc08-45ec-4de2-b643-2dfe554be827" testListId="8c84fa94-04c1-424b-9868-57a2d4851a1d" />
    <TestEntry testId="42f9a171-386a-7457-259b-769dd0696ae1" executionId="891bddee-bb56-4413-b96f-fb290334b542" testListId="8c84fa94-04c1-424b-9868-57a2d4851a1d" />
    <TestEntry testId="f5d15f9c-8822-7881-ed79-b73933e46a4e" executionId="5927eadf-615b-4e03-8d61-04c21e61c9b5" testListId="8c84fa94-04c1-424b-9868-57a2d4851a1d" />
    <TestEntry testId="3a9d0875-a352-4b06-541a-1f81d79ce8a9" executionId="99c30f81-109f-41c8-82a1-addf9ae2455c" testListId="8c84fa94-04c1-424b-9868-57a2d4851a1d" />
    <TestEntry testId="4ea9fff4-4f4c-9a15-1a84-103805e53cc8" executionId="98a86b65-0734-4c12-9f44-b317fe256cf2" testListId="8c84fa94-04c1-424b-9868-57a2d4851a1d" />
    <TestEntry testId="8ddcf1dc-36a9-d348-098d-9d8ac179ec0b" executionId="e141c21e-c4a6-47ee-b638-4fa7c8bf87a2" testListId="8c84fa94-04c1-424b-9868-57a2d4851a1d" />
    <TestEntry testId="8b1a469d-e7e1-fd56-0b75-f1e13f7cbe42" executionId="16c3d3ba-fdce-4ea2-b2d9-987db06c5c98" testListId="8c84fa94-04c1-424b-9868-57a2d4851a1d" />
    <TestEntry testId="5a65fcf0-9225-de21-acfe-e0227cb27f7d" executionId="14ee6fe2-6c4c-4946-8892-fe651ed6d9de" testListId="8c84fa94-04c1-424b-9868-57a2d4851a1d" />
    <TestEntry testId="25fc0124-d30a-cef2-5467-b024a34606fb" executionId="ceaf7d2e-f3c6-4ad0-9924-ae5e90fee4b6" testListId="8c84fa94-04c1-424b-9868-57a2d4851a1d" />
    <TestEntry testId="3c65a203-b4c1-12f4-7b31-606842ff64bf" executionId="6c3786b3-f295-44f7-90b7-e192e3154968" testListId="8c84fa94-04c1-424b-9868-57a2d4851a1d" />
    <TestEntry testId="e759a6aa-6671-cad8-a5f2-64df5712b9f7" executionId="512eba0e-6a26-48e7-b9d1-6a57a834c4f8" testListId="8c84fa94-04c1-424b-9868-57a2d4851a1d" />
    <TestEntry testId="8f4ceed2-6d1c-2d8e-b899-854a8fa68582" executionId="2bc70577-6e62-42f0-8f15-d50d3aea95d9" testListId="8c84fa94-04c1-424b-9868-57a2d4851a1d" />
    <TestEntry testId="864469ba-f84e-d345-4fd2-982a278c0f75" executionId="968174e8-8f97-4f9f-b9cd-f34f8bfae1d4" testListId="8c84fa94-04c1-424b-9868-57a2d4851a1d" />
    <TestEntry testId="e6dc5258-09fb-cc2f-85f9-16faea0fd241" executionId="7e6ef856-400a-4407-9734-5b515141a7bf" testListId="8c84fa94-04c1-424b-9868-57a2d4851a1d" />
    <TestEntry testId="c2945a20-4457-882f-5426-efae069d43fe" executionId="d5256bc9-3fc3-4a4d-add1-09c838d227f1" testListId="8c84fa94-04c1-424b-9868-57a2d4851a1d" />
    <TestEntry testId="5c1413f3-4d69-6525-445e-13e064a69a25" executionId="a8c88ccc-e5ea-4872-afae-391ca379c50d" testListId="8c84fa94-04c1-424b-9868-57a2d4851a1d" />
    <TestEntry testId="65154191-671f-4e01-f9a0-b0615c637d0f" executionId="0d238c1e-b646-4524-85a5-ae900306587c" testListId="8c84fa94-04c1-424b-9868-57a2d4851a1d" />
    <TestEntry testId="19e6506f-607b-e125-c6ec-83233becc68b" executionId="a1e1922b-c3ab-4162-acc5-f08947ea4d51" testListId="8c84fa94-04c1-424b-9868-57a2d4851a1d" />
    <TestEntry testId="4c2cbadd-4740-5e21-ff8b-4396e2c8e428" executionId="f3c63340-c411-450e-a78d-ab9afd969a8e" testListId="8c84fa94-04c1-424b-9868-57a2d4851a1d" />
    <TestEntry testId="64c8e2b1-f56d-80b3-52ce-3dadd0293daf" executionId="e56c20c0-2f97-4d70-a49a-5d103ef2573f" testListId="8c84fa94-04c1-424b-9868-57a2d4851a1d" />
    <TestEntry testId="ce910033-b39b-720b-c3ee-e8f085074707" executionId="06128d15-aead-478c-b0a0-99a50ef04e2b" testListId="8c84fa94-04c1-424b-9868-57a2d4851a1d" />
    <TestEntry testId="61a3e468-dc6b-5c60-df85-396d6c71f6b9" executionId="859f4e47-8d5e-4187-b067-5e934a0287f5" testListId="8c84fa94-04c1-424b-9868-57a2d4851a1d" />
    <TestEntry testId="c41ae281-ab6d-ae68-af4e-419fc7d0d0da" executionId="363b24f0-716a-469c-a036-e8591e16c944" testListId="8c84fa94-04c1-424b-9868-57a2d4851a1d" />
    <TestEntry testId="004268ef-57c4-783e-773f-53ebab85a727" executionId="e17dec66-7d47-40b2-832c-1ef214866843" testListId="8c84fa94-04c1-424b-9868-57a2d4851a1d" />
    <TestEntry testId="d0967643-6030-d248-8540-fe30a0b92290" executionId="1d844a38-46a7-492c-a0bd-d54d76fc1796" testListId="8c84fa94-04c1-424b-9868-57a2d4851a1d" />
    <TestEntry testId="1859dd2d-7bc7-b425-1f01-25450abe9ed5" executionId="832832e3-0b9b-4ff7-abe8-d4f27b81970b" testListId="8c84fa94-04c1-424b-9868-57a2d4851a1d" />
    <TestEntry testId="40641a32-732d-c09b-22bc-4e131a19a861" executionId="2b90fcf0-bd7d-42bb-ba3e-0df4e21a2c84" testListId="8c84fa94-04c1-424b-9868-57a2d4851a1d" />
    <TestEntry testId="3f80258c-8996-10ac-2883-e110f3c3eb43" executionId="9256128f-99c7-451e-b0da-2e81fe5c40da" testListId="8c84fa94-04c1-424b-9868-57a2d4851a1d" />
    <TestEntry testId="d8921de2-77a2-e37f-da9b-961777ed8bee" executionId="a7cde6ff-9dcc-4ea2-903a-7b98d2cdf818" testListId="8c84fa94-04c1-424b-9868-57a2d4851a1d" />
    <TestEntry testId="e5702c16-f1e0-d44f-2c35-7259e26b426f" executionId="6312c6ba-c364-4cec-81bb-c311f8338a7e" testListId="8c84fa94-04c1-424b-9868-57a2d4851a1d" />
    <TestEntry testId="818a2d02-e1b7-3302-e689-d202c08fdaf9" executionId="2b6c8b22-110b-4665-82d7-7509101c6f31" testListId="8c84fa94-04c1-424b-9868-57a2d4851a1d" />
    <TestEntry testId="84f4edd6-a2cb-151a-e45c-22a79a38592e" executionId="9394aed5-5787-4aef-8a63-ad5c4b16be1f" testListId="8c84fa94-04c1-424b-9868-57a2d4851a1d" />
    <TestEntry testId="3f2c387e-5a25-3330-8216-e7e5daa1c5ab" executionId="1332ad9a-bf18-4609-9721-b6a0df8e0fd6" testListId="8c84fa94-04c1-424b-9868-57a2d4851a1d" />
    <TestEntry testId="90692cd6-bf69-9415-ab81-3c1cb70afea4" executionId="e091ffd8-75ec-4a31-ab08-2ba550e04f41" testListId="8c84fa94-04c1-424b-9868-57a2d4851a1d" />
    <TestEntry testId="e0fe8ce9-9670-58bb-3099-0658ba661921" executionId="d73042d2-749c-439d-bd64-38cc51533ba5" testListId="8c84fa94-04c1-424b-9868-57a2d4851a1d" />
    <TestEntry testId="1596d980-5e27-4a92-8091-b6575a9fc7f0" executionId="62e79c7b-aa70-4564-bbca-61ff12065566" testListId="8c84fa94-04c1-424b-9868-57a2d4851a1d" />
    <TestEntry testId="815eeb30-b60a-ff07-724f-869a63c735f5" executionId="d05cfa2c-4e1c-4bf1-95b7-11b47c77a4db" testListId="8c84fa94-04c1-424b-9868-57a2d4851a1d" />
    <TestEntry testId="d76c8d5e-6971-7e3c-942d-90797c25e538" executionId="dac2334c-4f1f-4d5c-8878-bb30e4d8f93c" testListId="8c84fa94-04c1-424b-9868-57a2d4851a1d" />
    <TestEntry testId="447ea204-9a40-1817-a7f8-70fbeefcdd8a" executionId="26349966-fab0-43ae-89e9-0a0f3702849e" testListId="8c84fa94-04c1-424b-9868-57a2d4851a1d" />
    <TestEntry testId="9de5d6ad-e2ef-91a8-9c09-31ab3cea18c1" executionId="a158b2e1-f5dc-4f35-ada8-bc0ec3546ece" testListId="8c84fa94-04c1-424b-9868-57a2d4851a1d" />
    <TestEntry testId="da7100cd-4019-1761-c3a2-1821f32bc97f" executionId="b4b95976-5438-4fbc-9f80-e698f334eb9c" testListId="8c84fa94-04c1-424b-9868-57a2d4851a1d" />
    <TestEntry testId="95acf9e6-92e1-1b37-b38c-3a1fdbca2129" executionId="c141db59-81ce-410d-8cda-38880b02e69b" testListId="8c84fa94-04c1-424b-9868-57a2d4851a1d" />
    <TestEntry testId="524104f7-1850-6ffc-d395-c0531994936a" executionId="7ef9c50d-d796-41bd-9a41-def3be0d7631" testListId="8c84fa94-04c1-424b-9868-57a2d4851a1d" />
    <TestEntry testId="15a22801-887b-8136-68f1-6f969fb1107f" executionId="f22b2006-7b99-44c6-96ce-69eb9efffe38" testListId="8c84fa94-04c1-424b-9868-57a2d4851a1d" />
    <TestEntry testId="c7b5a6a7-e35c-2b25-a69a-80b98ec3bb5c" executionId="bbacdd20-2337-4ce9-8723-365ffb408e52" testListId="8c84fa94-04c1-424b-9868-57a2d4851a1d" />
    <TestEntry testId="6a7887b0-8e2d-3462-4861-525f6d9ab034" executionId="4cfbe00b-e916-4cdb-b226-a4a02d361b4f" testListId="8c84fa94-04c1-424b-9868-57a2d4851a1d" />
    <TestEntry testId="d32770ba-faef-c162-caf5-a20dff8ecac6" executionId="3c5ae97a-8800-4172-8d54-db01ced4e4ae" testListId="8c84fa94-04c1-424b-9868-57a2d4851a1d" />
    <TestEntry testId="541c258e-59c3-4705-d142-a748112489d9" executionId="31ef6734-c6f6-43f9-a3b2-b703d2cce655" testListId="8c84fa94-04c1-424b-9868-57a2d4851a1d" />
    <TestEntry testId="f7c6ec76-bb0e-a00b-4485-3e632b83b746" executionId="645f0239-6177-474d-a8d3-8420f222788a" testListId="8c84fa94-04c1-424b-9868-57a2d4851a1d" />
    <TestEntry testId="281c78ab-bfa7-4913-fde9-34226c3ddf6e" executionId="ec5a65e0-cea0-4e2c-b0cb-9ed401a3fd25" testListId="8c84fa94-04c1-424b-9868-57a2d4851a1d" />
    <TestEntry testId="9eddcb32-763d-50c2-96ac-ebeb83e711b8" executionId="a9a81b62-b2be-4e07-9d47-1d79fb0df421" testListId="8c84fa94-04c1-424b-9868-57a2d4851a1d" />
    <TestEntry testId="ca14ef8d-9815-7e11-a3df-ce1863fcfe8b" executionId="a120d086-89e0-434b-86aa-46237f5f74f7" testListId="8c84fa94-04c1-424b-9868-57a2d4851a1d" />
    <TestEntry testId="1b5f9f3e-18b2-bb29-64fb-e2a66c789d9c" executionId="276c2f2c-236c-4ad9-9cc7-7f23ed53fd27" testListId="8c84fa94-04c1-424b-9868-57a2d4851a1d" />
    <TestEntry testId="cf70b2ca-bbd3-119b-2e68-ed35debd287e" executionId="326aedb2-d9bd-43a7-8ed8-3ea577ec32c2" testListId="8c84fa94-04c1-424b-9868-57a2d4851a1d" />
    <TestEntry testId="9e81afae-608c-8cfe-3c4e-3a84abe52e8a" executionId="cb6d01c2-b218-4869-911e-1d2924555732" testListId="8c84fa94-04c1-424b-9868-57a2d4851a1d" />
    <TestEntry testId="e72763ce-344e-fd34-94c6-410f0a4ca150" executionId="eeca4a3c-59e8-4ebb-8d24-8c61968332dd" testListId="8c84fa94-04c1-424b-9868-57a2d4851a1d" />
    <TestEntry testId="0b0bdee1-6828-5b4d-0b03-cbd806b42892" executionId="f736c42c-aa79-482f-b202-52a8fa3276d8" testListId="8c84fa94-04c1-424b-9868-57a2d4851a1d" />
    <TestEntry testId="4455217a-5153-38fd-384a-e8e791a9476c" executionId="93532d5a-3b2b-4af6-a396-216bb89c0f5b" testListId="8c84fa94-04c1-424b-9868-57a2d4851a1d" />
    <TestEntry testId="ec82a704-6d1c-aa0d-d2d5-7029a27d8967" executionId="fbfeffa3-adb2-4baa-ab57-6e6909b6a681" testListId="8c84fa94-04c1-424b-9868-57a2d4851a1d" />
    <TestEntry testId="a26f44c5-b3fc-9684-8e8d-c7ca13d66711" executionId="164858b6-feeb-44f8-b186-a5190b220695" testListId="8c84fa94-04c1-424b-9868-57a2d4851a1d" />
    <TestEntry testId="e83e4620-a5b8-c98e-6085-dddfdf70e496" executionId="1f361348-dd0e-42f3-b4ca-87304b882086" testListId="8c84fa94-04c1-424b-9868-57a2d4851a1d" />
    <TestEntry testId="7a65d649-5829-2ae1-9a1f-47c652834b28" executionId="44274ee1-3507-4236-b945-d63ba2df39fa" testListId="8c84fa94-04c1-424b-9868-57a2d4851a1d" />
    <TestEntry testId="433150e4-3962-1e19-6807-9d4a1ccdd2ba" executionId="94d5a148-d324-46ad-8094-a7766fc9319d" testListId="8c84fa94-04c1-424b-9868-57a2d4851a1d" />
    <TestEntry testId="508294a6-0f55-a78a-7cab-39a5d646f4ff" executionId="3661409d-77cc-48d4-b84a-210890b1e953" testListId="8c84fa94-04c1-424b-9868-57a2d4851a1d" />
    <TestEntry testId="4e3dee07-5d75-3f36-0a46-cf316f63189d" executionId="512acc7f-8eff-42a8-afb7-29ff5724eeca" testListId="8c84fa94-04c1-424b-9868-57a2d4851a1d" />
    <TestEntry testId="006c7dca-a93f-f8d5-0f69-17a2167f2a4a" executionId="39ac159a-252e-4194-b3aa-6c9ed775141d" testListId="8c84fa94-04c1-424b-9868-57a2d4851a1d" />
    <TestEntry testId="7adbc218-b49e-7d1a-f9d6-519e4cff4dbb" executionId="178c05d0-49d2-4aa1-ba3e-d4df96c6bdf7" testListId="8c84fa94-04c1-424b-9868-57a2d4851a1d" />
    <TestEntry testId="95207a62-32cb-7eac-637b-8142e417bc24" executionId="3731516d-0b1d-41d2-b8ba-b653ae5b2fe8" testListId="8c84fa94-04c1-424b-9868-57a2d4851a1d" />
    <TestEntry testId="563e20ee-1cca-b394-3016-70444b42725a" executionId="da4f9d39-38a0-4108-b614-966222486643" testListId="8c84fa94-04c1-424b-9868-57a2d4851a1d" />
    <TestEntry testId="3481a1e0-9bc9-c01a-55ab-88c3b2ec51d3" executionId="65010fc0-edfa-489c-90bc-0609d23635ce" testListId="8c84fa94-04c1-424b-9868-57a2d4851a1d" />
    <TestEntry testId="c7a42b38-7e3c-442a-2bfa-8bbc06c41fc8" executionId="31164215-dffc-4ffb-a317-1b5df0f550e2" testListId="8c84fa94-04c1-424b-9868-57a2d4851a1d" />
    <TestEntry testId="b93b5a3f-be95-6415-8e9d-aea801688897" executionId="091579b8-b23e-4cf6-b44f-ca2d77538bc5" testListId="8c84fa94-04c1-424b-9868-57a2d4851a1d" />
    <TestEntry testId="89c4c40a-2672-ebb7-9e60-cbc52d692c08" executionId="81b46647-cb5d-48cf-b483-7a5272cb9085" testListId="8c84fa94-04c1-424b-9868-57a2d4851a1d" />
    <TestEntry testId="48f42360-a939-8248-4c02-1a011e21c1d7" executionId="9ef1f7ab-5ce2-49fd-8c14-ac942507d7ac" testListId="8c84fa94-04c1-424b-9868-57a2d4851a1d" />
    <TestEntry testId="a93af62a-5c89-eac5-3fd2-6fc5572fa86a" executionId="58075b7f-9e66-44f5-9bc3-195117eacc7a" testListId="8c84fa94-04c1-424b-9868-57a2d4851a1d" />
    <TestEntry testId="44e2ddd1-6991-a13f-e19a-f74c15b06f79" executionId="dbef525b-c30f-4eb0-b630-fb1ab83ddaba" testListId="8c84fa94-04c1-424b-9868-57a2d4851a1d" />
    <TestEntry testId="b5821f00-cbca-787f-c67e-60c12d1771ef" executionId="ec18ccc3-fa55-4656-9609-247d94eff081" testListId="8c84fa94-04c1-424b-9868-57a2d4851a1d" />
    <TestEntry testId="10fef16f-bdfc-4c4a-38c4-84f95e2f2845" executionId="9cddaba0-1e15-429f-84f5-f22663aa7d96" testListId="8c84fa94-04c1-424b-9868-57a2d4851a1d" />
    <TestEntry testId="74381a27-9475-ed20-e8d2-f006a268cbb4" executionId="fb79ef2e-45f8-45f4-b120-a7d769d7df87" testListId="8c84fa94-04c1-424b-9868-57a2d4851a1d" />
    <TestEntry testId="5df20489-0a5b-6cb3-bd9f-0223d535b78d" executionId="a45a3df6-5142-40be-b643-b635131452d2" testListId="8c84fa94-04c1-424b-9868-57a2d4851a1d" />
    <TestEntry testId="3ddb232b-61c4-a71b-3e98-e0b9a24a70c5" executionId="dc5b1a22-dc58-4460-98fb-b7aa40231304" testListId="8c84fa94-04c1-424b-9868-57a2d4851a1d" />
    <TestEntry testId="f8e5dc3d-f836-0295-c2fa-642b09af90ff" executionId="6d1e7bca-0a0b-450a-b0bc-30959bc539e6" testListId="8c84fa94-04c1-424b-9868-57a2d4851a1d" />
    <TestEntry testId="d25edff3-ec51-328b-a8f8-3a1808cb1b04" executionId="10bab45a-6418-494e-978e-d24dc54ca1e2" testListId="8c84fa94-04c1-424b-9868-57a2d4851a1d" />
    <TestEntry testId="ee3fa7ea-805f-2116-f18a-8451fdb4046a" executionId="b761c4bf-2db8-4b4c-b7cc-cd4a2effc585" testListId="8c84fa94-04c1-424b-9868-57a2d4851a1d" />
    <TestEntry testId="dbf2a8d0-5d7c-5fac-93f5-7e26355b1687" executionId="17b3e05f-a466-4df4-a36d-ba5eb278fb6a" testListId="8c84fa94-04c1-424b-9868-57a2d4851a1d" />
    <TestEntry testId="079b25c9-2546-7c38-5d2d-818db311bedf" executionId="de5ec201-aff3-453a-8c65-18ebba48eeb4" testListId="8c84fa94-04c1-424b-9868-57a2d4851a1d" />
    <TestEntry testId="c6e0d818-b503-9d51-d3f1-b2a2c9f0b2ee" executionId="0bc7a4c0-9369-44be-accf-9a84f5424ef8" testListId="8c84fa94-04c1-424b-9868-57a2d4851a1d" />
    <TestEntry testId="21e45240-bfab-51d2-9536-131459edf9d5" executionId="de4337d1-fb92-4795-9b7a-1621530ce7f3" testListId="8c84fa94-04c1-424b-9868-57a2d4851a1d" />
    <TestEntry testId="c26507bc-ef6b-3066-249a-67c01d57bdca" executionId="50352cab-278e-459d-9982-24390f57bad4" testListId="8c84fa94-04c1-424b-9868-57a2d4851a1d" />
    <TestEntry testId="fc556bdd-7315-a43f-d174-6f755a6bfa8b" executionId="8f4130f5-5602-45d3-b8f5-bde6357d7472" testListId="8c84fa94-04c1-424b-9868-57a2d4851a1d" />
    <TestEntry testId="89fe82da-8b32-7cf4-0b9c-789e36c928b7" executionId="083373f6-1837-4727-8f71-e3857f33dfd0" testListId="8c84fa94-04c1-424b-9868-57a2d4851a1d" />
    <TestEntry testId="a2bf214f-ccfd-bb05-e58f-fd01e1132809" executionId="4c799595-d138-4060-b566-212be3a55826" testListId="8c84fa94-04c1-424b-9868-57a2d4851a1d" />
    <TestEntry testId="4e906587-b8c3-2ef6-9f26-e2c6d7afa4e3" executionId="8fc9bb22-98e2-43ac-b9af-26beceb50ba5" testListId="8c84fa94-04c1-424b-9868-57a2d4851a1d" />
    <TestEntry testId="5198b96d-d456-4419-cd8f-963165ec72f0" executionId="352b7cbb-0104-4a1d-a784-c2be91de9edc" testListId="8c84fa94-04c1-424b-9868-57a2d4851a1d" />
    <TestEntry testId="96d0f2f9-7aad-ced7-6a28-fbdf8b0890f8" executionId="58338174-dffa-46e5-8ef1-9ad8cf47ed3b" testListId="8c84fa94-04c1-424b-9868-57a2d4851a1d" />
    <TestEntry testId="885a67b8-d624-987b-afef-ab4ac4a8725e" executionId="42d45ce3-0389-4f58-a710-3c34ea9f043e" testListId="8c84fa94-04c1-424b-9868-57a2d4851a1d" />
    <TestEntry testId="11536240-4050-5c20-479c-0b729ac9a66a" executionId="97425816-1235-4208-a335-c16b92c4633f" testListId="8c84fa94-04c1-424b-9868-57a2d4851a1d" />
    <TestEntry testId="186ff14f-2bc5-4068-34aa-b3cc8dd5a681" executionId="277a9562-4e67-48bc-bbc0-ebab34d64c3b" testListId="8c84fa94-04c1-424b-9868-57a2d4851a1d" />
    <TestEntry testId="0948cc3a-3e93-2aaa-57c3-2cae5fd0afbb" executionId="b601a4e1-2545-41ef-aea3-3d6ec274a5ba" testListId="8c84fa94-04c1-424b-9868-57a2d4851a1d" />
    <TestEntry testId="655e7897-c9b2-08d2-2fb1-62a11ef5bf74" executionId="85686b23-b746-405d-bb23-b53d31dd1807" testListId="8c84fa94-04c1-424b-9868-57a2d4851a1d" />
    <TestEntry testId="09e385fc-d6b7-1585-18a6-2443a379be16" executionId="a50ac976-8614-4713-be8e-0b28cdb19c28" testListId="8c84fa94-04c1-424b-9868-57a2d4851a1d" />
    <TestEntry testId="0fa1da25-b697-6c88-e55f-6aecc3eda9dc" executionId="ddd7b774-f5a6-47fa-8bae-8b002f2886b6" testListId="8c84fa94-04c1-424b-9868-57a2d4851a1d" />
    <TestEntry testId="fa7fd57d-d828-aab5-7e53-ad2460217cfc" executionId="03312ac2-ab75-4161-88df-7a09098f7790" testListId="8c84fa94-04c1-424b-9868-57a2d4851a1d" />
    <TestEntry testId="0147ad77-aba4-9476-1453-57bcb37fc4f7" executionId="cd432146-9ace-4297-81ff-8d6e009830aa" testListId="8c84fa94-04c1-424b-9868-57a2d4851a1d" />
    <TestEntry testId="de3a155c-5b7b-908e-6fc6-aaa240deab08" executionId="f71061f6-fb93-478b-ae57-41718c053f30" testListId="8c84fa94-04c1-424b-9868-57a2d4851a1d" />
    <TestEntry testId="ad81fb59-2884-06b2-38d0-05e1c8806108" executionId="a28eee73-87b8-4705-8979-042caf6abeaf" testListId="8c84fa94-04c1-424b-9868-57a2d4851a1d" />
    <TestEntry testId="334924cd-4e21-4555-02cc-59a25b2259ae" executionId="a5c44745-c7d6-4184-b319-9b464ec840c2" testListId="8c84fa94-04c1-424b-9868-57a2d4851a1d" />
    <TestEntry testId="82e3d9db-1107-7bff-e6f0-79973cd4fad6" executionId="115d594e-b6e2-40c2-ac69-5aecc8bbafe3" testListId="8c84fa94-04c1-424b-9868-57a2d4851a1d" />
    <TestEntry testId="07e6664d-4d38-0f0a-a163-22ed0d0bc443" executionId="fcc75397-d2aa-4524-bc40-1d79a3dd5e67" testListId="8c84fa94-04c1-424b-9868-57a2d4851a1d" />
    <TestEntry testId="0e9afad3-0074-7b22-e1cb-ce65edf1654c" executionId="40981c0a-afa5-4a34-9714-57525a57f0ef" testListId="8c84fa94-04c1-424b-9868-57a2d4851a1d" />
    <TestEntry testId="335e3432-98f8-ce0e-be89-0e50bd4e51c5" executionId="27259e9e-e7f6-45e4-b01f-7148fe55be15" testListId="8c84fa94-04c1-424b-9868-57a2d4851a1d" />
    <TestEntry testId="de222560-70d1-fc66-ce5c-dc52294c1102" executionId="4be31b23-0b16-4d91-894c-5a29905e8310" testListId="8c84fa94-04c1-424b-9868-57a2d4851a1d" />
    <TestEntry testId="55d0eb05-7609-f462-b5c8-7a687bb0b158" executionId="92d500bd-362a-43ec-8e93-9f8370697ea5" testListId="8c84fa94-04c1-424b-9868-57a2d4851a1d" />
    <TestEntry testId="1e43a2e9-eeca-dea3-3cdf-284fe0212674" executionId="f97cd361-b9e7-44da-acaf-65348621827e" testListId="8c84fa94-04c1-424b-9868-57a2d4851a1d" />
    <TestEntry testId="ad87d0f0-d036-90d7-2024-d6edab90c80f" executionId="be847eac-7ace-4654-a85b-2868d447f9eb" testListId="8c84fa94-04c1-424b-9868-57a2d4851a1d" />
    <TestEntry testId="9ca7fe83-521a-9fb8-5df6-e3619ed28d7b" executionId="b5c3fc4e-8ded-4f5c-930c-fd66b33261cd" testListId="8c84fa94-04c1-424b-9868-57a2d4851a1d" />
    <TestEntry testId="71cee95d-8dc7-8076-7414-5a61b02f4e03" executionId="72131979-b3cd-42a4-88d3-b7a580660e9c" testListId="8c84fa94-04c1-424b-9868-57a2d4851a1d" />
    <TestEntry testId="17e1682d-8272-8359-cb51-f1a20d44b0a7" executionId="85fa897b-9cff-4535-aadf-264a9c8b50fb" testListId="8c84fa94-04c1-424b-9868-57a2d4851a1d" />
    <TestEntry testId="24aae7eb-20d2-3d1f-a78a-ac8c3fff37cd" executionId="3774e922-ace2-4ae0-936a-e3bf9d11cafc" testListId="8c84fa94-04c1-424b-9868-57a2d4851a1d" />
    <TestEntry testId="4d2b10b2-7e27-a431-9e72-6eb79dec6d20" executionId="2c88740b-a637-4293-8088-b926da02fb2d" testListId="8c84fa94-04c1-424b-9868-57a2d4851a1d" />
    <TestEntry testId="7339078c-a0b0-e57d-6988-75b75dc76718" executionId="6d2bc3e7-4a07-4bc1-9960-60e6e951a1ff" testListId="8c84fa94-04c1-424b-9868-57a2d4851a1d" />
    <TestEntry testId="08b0b5d5-0d75-cdc1-5938-e1523ce2f2b5" executionId="e41daf40-1365-4587-8611-9af117e84c82" testListId="8c84fa94-04c1-424b-9868-57a2d4851a1d" />
    <TestEntry testId="d4e2430f-d63f-eeea-a16b-a53a11a7785a" executionId="b2b972be-1945-4fc6-90ee-ef56c9f0ceea" testListId="8c84fa94-04c1-424b-9868-57a2d4851a1d" />
    <TestEntry testId="097a81fe-40c3-83d9-67e6-d17da7e9b219" executionId="35e55368-9a9e-4729-86d0-a8c97c38e256" testListId="8c84fa94-04c1-424b-9868-57a2d4851a1d" />
    <TestEntry testId="3855a0e7-23d6-acbd-9154-5031ea0afa84" executionId="3cc500e0-1788-4672-b95a-b80cee166032" testListId="8c84fa94-04c1-424b-9868-57a2d4851a1d" />
    <TestEntry testId="7bbcc15d-cfa0-5095-a816-0fcf92a0a5e1" executionId="41ddd2f7-ff44-4b26-9b71-4996841ad681" testListId="8c84fa94-04c1-424b-9868-57a2d4851a1d" />
    <TestEntry testId="bf79c319-141c-5d31-5a3e-b0fdb82294c8" executionId="dc4da9dc-0665-4b4e-bab5-245b6e70f455" testListId="8c84fa94-04c1-424b-9868-57a2d4851a1d" />
    <TestEntry testId="8ec42250-eb00-1ec8-fa92-40d62231ba2d" executionId="326ff6d8-d64c-4483-ac44-6d4c07e67c8c" testListId="8c84fa94-04c1-424b-9868-57a2d4851a1d" />
    <TestEntry testId="787cea18-014e-a478-238e-887d52eff935" executionId="914a013b-eadb-4545-a22a-b67befa7ee70" testListId="8c84fa94-04c1-424b-9868-57a2d4851a1d" />
    <TestEntry testId="7c50dc9b-8bb3-ae4a-a115-3ec5d837ab40" executionId="c60896ff-830f-4a1c-997c-9ebbdbaefa34" testListId="8c84fa94-04c1-424b-9868-57a2d4851a1d" />
    <TestEntry testId="24f48970-9635-842f-4e02-9286cd1e59d1" executionId="6a861bfa-d9d1-4518-a0b0-6d14a1dc88d4" testListId="8c84fa94-04c1-424b-9868-57a2d4851a1d" />
    <TestEntry testId="31b901ec-08ef-5d23-7e4b-92827c8571d5" executionId="6d6fa030-045d-4194-8d79-565e303083d4" testListId="8c84fa94-04c1-424b-9868-57a2d4851a1d" />
    <TestEntry testId="8dd52e3d-5bcb-b634-8f8e-c1613bd6ad5e" executionId="566bb429-2f1a-44ee-bc8e-4f69e1543311" testListId="8c84fa94-04c1-424b-9868-57a2d4851a1d" />
    <TestEntry testId="404fc2ec-3a09-6de2-2db6-ed4e4afa7a3b" executionId="bb30729a-5f6e-46a4-8c61-54fd8e466e6a" testListId="8c84fa94-04c1-424b-9868-57a2d4851a1d" />
    <TestEntry testId="5975833d-6186-1e09-955c-b4bdbb055895" executionId="6e713e81-13b6-4912-b8c5-2c1e1f7fdda0" testListId="8c84fa94-04c1-424b-9868-57a2d4851a1d" />
    <TestEntry testId="51875922-745d-9c36-9b58-ab2a8542fbd8" executionId="056be110-036d-496d-ad6c-212e5ee2a69d" testListId="8c84fa94-04c1-424b-9868-57a2d4851a1d" />
    <TestEntry testId="62cea7fa-ee61-3f7f-ca37-dc5f443547c6" executionId="674af2dc-3f02-4e0b-a96c-7a0fa8778d5e" testListId="8c84fa94-04c1-424b-9868-57a2d4851a1d" />
    <TestEntry testId="919a5d61-7282-3464-0add-47804239e527" executionId="ec0be84c-65e6-49ce-a591-bc479e6368dd" testListId="8c84fa94-04c1-424b-9868-57a2d4851a1d" />
    <TestEntry testId="9c96012b-6d9e-9394-9bcb-20222931eafa" executionId="bd83ec4b-b435-4d0f-a3b4-af63e31584a9" testListId="8c84fa94-04c1-424b-9868-57a2d4851a1d" />
    <TestEntry testId="ffa116cd-9ae8-be57-c975-f523e9756e78" executionId="ae52ba6d-16c6-4008-9c88-c0e2dc80d2e9" testListId="8c84fa94-04c1-424b-9868-57a2d4851a1d" />
    <TestEntry testId="9c0beddc-c924-8284-f83b-7d008ac66309" executionId="d4cb78a1-9ae7-4a43-8ffa-b2e6fd31a46d" testListId="8c84fa94-04c1-424b-9868-57a2d4851a1d" />
    <TestEntry testId="89f1a3fd-327f-3ff7-3515-8c858f60c07a" executionId="25aba482-ecf3-47e2-b125-71d70d2b5c19" testListId="8c84fa94-04c1-424b-9868-57a2d4851a1d" />
    <TestEntry testId="bd364995-7a34-ffb7-973b-90d2179fc397" executionId="146fcd02-0b2b-4368-ab1a-51e78be4d5e9" testListId="8c84fa94-04c1-424b-9868-57a2d4851a1d" />
    <TestEntry testId="27d1ab78-93c9-5460-5326-2be23ce720e3" executionId="2eafdc7f-8d45-4ee1-b7fa-7b2f78ef047a" testListId="8c84fa94-04c1-424b-9868-57a2d4851a1d" />
    <TestEntry testId="00437797-bbfd-b69c-255b-e5d77a761989" executionId="6c0c003e-489e-4293-92c4-e440b53f35df" testListId="8c84fa94-04c1-424b-9868-57a2d4851a1d" />
    <TestEntry testId="abfbe6a1-359f-4a7c-bf6b-b3a8f2c61ee2" executionId="0a36e9c1-730e-4a63-9d08-db11719722fa" testListId="8c84fa94-04c1-424b-9868-57a2d4851a1d" />
    <TestEntry testId="74c0a7a0-5759-20e2-ce19-422601bf7cd8" executionId="20c3bf73-6f02-416a-8bf6-5e213b08ce78" testListId="8c84fa94-04c1-424b-9868-57a2d4851a1d" />
    <TestEntry testId="e5e4f104-e101-d4fc-720d-61068c3d488c" executionId="802305ee-6a33-4e47-aca0-f67a6adfcdee" testListId="8c84fa94-04c1-424b-9868-57a2d4851a1d" />
    <TestEntry testId="b694f9de-68c5-5188-bb47-27f84afe2685" executionId="9ad873f5-868a-4000-8857-cf5194e9ed1d" testListId="8c84fa94-04c1-424b-9868-57a2d4851a1d" />
    <TestEntry testId="0a690dd7-7548-7ce3-c6b0-1ad4ab758ca8" executionId="aabb075a-e003-43fa-97fd-96758156236d" testListId="8c84fa94-04c1-424b-9868-57a2d4851a1d" />
    <TestEntry testId="d956c3d1-e9e2-1f76-bb79-27ccda8b2914" executionId="3b5c953e-876e-4141-9be3-bfab57f6f4d5" testListId="8c84fa94-04c1-424b-9868-57a2d4851a1d" />
    <TestEntry testId="13c354ab-ea99-6739-01f3-613a840b8117" executionId="ec2dd32b-5cab-476f-bdf6-34dacf7d3eba" testListId="8c84fa94-04c1-424b-9868-57a2d4851a1d" />
    <TestEntry testId="fc507069-0130-0f03-4e94-6714663e91ab" executionId="a6d798fe-8797-4212-8bbb-143621394bbc" testListId="8c84fa94-04c1-424b-9868-57a2d4851a1d" />
    <TestEntry testId="9c69033b-67d3-874b-6ab0-1ceaca51cd2c" executionId="43fae210-c5f9-4a0f-9e82-34d6e1840950" testListId="8c84fa94-04c1-424b-9868-57a2d4851a1d" />
    <TestEntry testId="395122c4-d860-ff54-177f-91b1e034f4b7" executionId="fecab58e-659c-4831-9178-5430248d2b61" testListId="8c84fa94-04c1-424b-9868-57a2d4851a1d" />
    <TestEntry testId="6e9503d2-aac5-d0d9-d6d5-fbbf9bb0eda5" executionId="6751cff5-9dcc-416b-9b0b-c1eba1871d40" testListId="8c84fa94-04c1-424b-9868-57a2d4851a1d" />
    <TestEntry testId="0e2b316f-e293-a47c-a207-00dc018b80da" executionId="6922ebc9-8619-494a-8ef0-bdcd1543cced" testListId="8c84fa94-04c1-424b-9868-57a2d4851a1d" />
    <TestEntry testId="e72799eb-e106-15d2-9666-bdd240012778" executionId="eae1f305-9ef4-4115-b858-d24fe1956f06" testListId="8c84fa94-04c1-424b-9868-57a2d4851a1d" />
    <TestEntry testId="3627f330-23b8-c355-fa9e-4811c8a0c047" executionId="47f8c267-699e-484b-b326-673f42b4ebaa" testListId="8c84fa94-04c1-424b-9868-57a2d4851a1d" />
    <TestEntry testId="9181ae52-3528-7c94-22ec-64795f59d2f5" executionId="70cbad07-333d-4597-a762-09c7bb91c06d" testListId="8c84fa94-04c1-424b-9868-57a2d4851a1d" />
    <TestEntry testId="d8046272-930f-c8b5-03a8-c34dc333b34e" executionId="5ccc2850-330f-4f03-bc01-4366e573b50b" testListId="8c84fa94-04c1-424b-9868-57a2d4851a1d" />
    <TestEntry testId="b4f2955b-712d-eaf8-091b-0983bc1a2056" executionId="1babe4c4-c435-4e8d-91b8-b0184152fdc9" testListId="8c84fa94-04c1-424b-9868-57a2d4851a1d" />
    <TestEntry testId="01b41f94-4828-5bad-b826-062b4294c16b" executionId="4d0522ad-674b-47af-af06-1e38900346b8" testListId="8c84fa94-04c1-424b-9868-57a2d4851a1d" />
    <TestEntry testId="a8a52c08-3603-1121-c69f-c97b70f892f7" executionId="826b45a4-4c86-45b6-adc1-b2ec5d47e247" testListId="8c84fa94-04c1-424b-9868-57a2d4851a1d" />
    <TestEntry testId="3e604897-0268-51cf-1092-f6c1558fb5c7" executionId="567d19d8-591a-405a-9659-ee67714b3f8e" testListId="8c84fa94-04c1-424b-9868-57a2d4851a1d" />
    <TestEntry testId="68f370e9-7ace-15ef-363f-ed281b250e3e" executionId="be8bad2f-427f-49bf-b47a-b893069e8be5" testListId="8c84fa94-04c1-424b-9868-57a2d4851a1d" />
    <TestEntry testId="5f27cfa8-1cb1-27f6-68ce-b7a8c95f08c3" executionId="ee064d67-98f9-4b2f-b29e-51524adfb70f" testListId="8c84fa94-04c1-424b-9868-57a2d4851a1d" />
    <TestEntry testId="fb3575ea-6bc7-0e8e-52b9-5f2f6a94db8d" executionId="1d73ac90-79ca-40e0-a313-233fae900c84" testListId="8c84fa94-04c1-424b-9868-57a2d4851a1d" />
    <TestEntry testId="423cb769-3c9a-da28-6e09-5abcf1cbb8dc" executionId="e31c5973-88bf-4668-bff7-2df2f12f16a6" testListId="8c84fa94-04c1-424b-9868-57a2d4851a1d" />
    <TestEntry testId="a9b85566-c5d1-829f-c970-b92d2b73824c" executionId="d54bd86b-c32c-4e4f-9aa1-0b220cb96143" testListId="8c84fa94-04c1-424b-9868-57a2d4851a1d" />
    <TestEntry testId="6696bc71-5bbc-8f38-b0c1-c033d009136d" executionId="3261c0bb-4025-481d-92f6-03dc5c1d98a3" testListId="8c84fa94-04c1-424b-9868-57a2d4851a1d" />
    <TestEntry testId="8bc270ba-32f7-2383-5bca-735c8e902c7c" executionId="943c941e-721f-4731-ae45-cc4743fcc0b4" testListId="8c84fa94-04c1-424b-9868-57a2d4851a1d" />
    <TestEntry testId="cc2a1de9-0979-a265-6048-65fb112d9d99" executionId="47d011e7-3156-4aa2-a5b9-09c0d6df9f46" testListId="8c84fa94-04c1-424b-9868-57a2d4851a1d" />
    <TestEntry testId="90e55c6c-cff1-6224-85bc-c8573e7e4bfa" executionId="1fcf1c95-611c-4e9d-a072-41d854545033" testListId="8c84fa94-04c1-424b-9868-57a2d4851a1d" />
    <TestEntry testId="099b76bc-4013-bfeb-079a-cabd09766cc2" executionId="d1d1a81f-103f-4652-85a3-a2ac9b137811" testListId="8c84fa94-04c1-424b-9868-57a2d4851a1d" />
    <TestEntry testId="2ef15251-71c3-8de2-afe4-b39806a2d4cb" executionId="e56c0c07-e1f4-4ffb-99ba-d89a53284e47" testListId="8c84fa94-04c1-424b-9868-57a2d4851a1d" />
    <TestEntry testId="dd04dedc-893c-2b7a-5fb8-ea82a15d963c" executionId="d6e5f8c6-bbb5-490f-b1d2-a67e30403da2" testListId="8c84fa94-04c1-424b-9868-57a2d4851a1d" />
    <TestEntry testId="166c5dcd-0740-c0d9-63ad-daca7436527d" executionId="607939e0-6503-4250-aebd-e8e4bb5ce903" testListId="8c84fa94-04c1-424b-9868-57a2d4851a1d" />
    <TestEntry testId="cdc27e76-02d9-486b-44af-29e8d2a98bdd" executionId="95446911-7615-42cf-ae35-b0c1bce142fe" testListId="8c84fa94-04c1-424b-9868-57a2d4851a1d" />
    <TestEntry testId="69ea61f4-9310-9feb-f70e-f35adf39ec2c" executionId="caa2c2b3-ce2f-412a-b61b-25db2bb33b92" testListId="8c84fa94-04c1-424b-9868-57a2d4851a1d" />
    <TestEntry testId="3586adbc-786c-e857-4129-eda3600d0718" executionId="81d7ade0-e5c4-423f-8a10-dae55697acc0" testListId="8c84fa94-04c1-424b-9868-57a2d4851a1d" />
    <TestEntry testId="b5959257-d2bf-2e8c-417a-8347fec32aad" executionId="b96e7b6f-2590-4e7d-a92c-d12672417d07" testListId="8c84fa94-04c1-424b-9868-57a2d4851a1d" />
    <TestEntry testId="980276fb-cc14-ee48-24bf-09156b3ceb9a" executionId="b189f4a0-69d0-4943-be5e-224bb7f0f4ee" testListId="8c84fa94-04c1-424b-9868-57a2d4851a1d" />
    <TestEntry testId="70d699b1-53e3-d55b-273c-c5ba8ac17c86" executionId="59bdf142-d764-432e-9bac-a5685b58e17b" testListId="8c84fa94-04c1-424b-9868-57a2d4851a1d" />
    <TestEntry testId="85fa0b90-2a40-8444-6780-a52e79f9db21" executionId="91c2e718-320c-4d03-ad47-94060c6ba8e4" testListId="8c84fa94-04c1-424b-9868-57a2d4851a1d" />
    <TestEntry testId="db4ddd9e-9d9f-5981-89ce-1020745f7c4a" executionId="f1fc011d-72e1-45a8-8f57-c4a41ccbd3de" testListId="8c84fa94-04c1-424b-9868-57a2d4851a1d" />
    <TestEntry testId="b3dc2562-50e3-8f2e-ad69-fb8d121b07d0" executionId="43d17bbe-94f1-4e68-a773-64dfabbe2c1d" testListId="8c84fa94-04c1-424b-9868-57a2d4851a1d" />
    <TestEntry testId="451f5fc7-9706-d202-097e-2caaa6d5a9e5" executionId="dea5c4e3-de66-4e34-a4e0-650ca46d4b29" testListId="8c84fa94-04c1-424b-9868-57a2d4851a1d" />
    <TestEntry testId="19ea618f-4f59-2562-b793-f4086098c6c2" executionId="a8a58400-1aad-4cb4-8b01-71a3edaf5af0" testListId="8c84fa94-04c1-424b-9868-57a2d4851a1d" />
    <TestEntry testId="14f07d57-6e3f-8c60-f74f-640f894d297f" executionId="f5dc7981-3ede-405f-b70c-133b11c917da" testListId="8c84fa94-04c1-424b-9868-57a2d4851a1d" />
    <TestEntry testId="1af78a1e-6405-60ca-3a05-bb25414f4086" executionId="ebfa3438-24ec-4ef6-b863-e28986759dac" testListId="8c84fa94-04c1-424b-9868-57a2d4851a1d" />
    <TestEntry testId="1182e47c-ba9e-2c53-f1c6-c9d95bba2041" executionId="451396ea-3a90-4c02-9544-6f502bf90349" testListId="8c84fa94-04c1-424b-9868-57a2d4851a1d" />
    <TestEntry testId="fe4a2ce6-01fa-b702-ab1a-b79ffb8d09db" executionId="386c2b1a-8141-4dc7-8fb7-91678fb6848a" testListId="8c84fa94-04c1-424b-9868-57a2d4851a1d" />
    <TestEntry testId="176dc36b-ac0d-8a46-d0a7-2af444e86a9d" executionId="d1fdea9e-9d0c-4d72-8be3-af35b1070a01" testListId="8c84fa94-04c1-424b-9868-57a2d4851a1d" />
    <TestEntry testId="597b646c-7ee5-f553-f584-d2ca4e39aa4e" executionId="623d9ba5-9c49-4eb3-922c-a2bb8e3d73cd" testListId="8c84fa94-04c1-424b-9868-57a2d4851a1d" />
    <TestEntry testId="56065fc4-7922-4b0b-e170-589ff4c5c26b" executionId="10dada56-d856-4b33-88b1-a6e36e7dfa99" testListId="8c84fa94-04c1-424b-9868-57a2d4851a1d" />
    <TestEntry testId="e4582780-c92b-1e15-2d5f-57040376837f" executionId="c602425d-d947-47a9-8ca4-616c8def7995" testListId="8c84fa94-04c1-424b-9868-57a2d4851a1d" />
    <TestEntry testId="1358350e-ad1a-2fcb-8ab2-f107e5f2f6a5" executionId="58976d95-65f1-41e7-bb84-0d5b3756edaf" testListId="8c84fa94-04c1-424b-9868-57a2d4851a1d" />
    <TestEntry testId="09d0d9dc-b616-ab92-3e12-6a4451e7f830" executionId="09ab28e8-d677-4090-88c7-c0493a9757d1" testListId="8c84fa94-04c1-424b-9868-57a2d4851a1d" />
    <TestEntry testId="8b1559e5-84cd-aace-80d9-6e79a75f3f6e" executionId="c2f92720-db1e-4c5c-9308-74e58af330b5" testListId="8c84fa94-04c1-424b-9868-57a2d4851a1d" />
    <TestEntry testId="ce52de6f-d1ab-9b05-01da-5563ddc76dc4" executionId="f2e21f72-dcb3-48de-9042-e2a6883e1afc" testListId="8c84fa94-04c1-424b-9868-57a2d4851a1d" />
    <TestEntry testId="c06d5530-d6a8-2e62-db63-8ac3f5fcb09c" executionId="8b07f38c-2850-4017-95c2-d6a698d8bf9f" testListId="8c84fa94-04c1-424b-9868-57a2d4851a1d" />
    <TestEntry testId="f92df0b4-6520-dfc1-5b01-a36c4142cdd3" executionId="3caf8b5c-d3a9-49b2-a2c2-4725374eb101" testListId="8c84fa94-04c1-424b-9868-57a2d4851a1d" />
    <TestEntry testId="583f9143-422d-182f-bdb8-f61bdb62ab35" executionId="0763c05e-88f7-499a-aca3-f28b9aee0072" testListId="8c84fa94-04c1-424b-9868-57a2d4851a1d" />
    <TestEntry testId="87933de3-2b05-29fb-30f8-b1bbc3086dd2" executionId="5b160565-2c63-4bca-950c-c6424683e11d" testListId="8c84fa94-04c1-424b-9868-57a2d4851a1d" />
    <TestEntry testId="e4ee7c67-ec22-e858-1ccc-9ae617fd95f6" executionId="d0f85183-37b3-4d2a-99f0-35cd35b06945" testListId="8c84fa94-04c1-424b-9868-57a2d4851a1d" />
    <TestEntry testId="198aef61-998a-a087-c941-455cdf4b5499" executionId="6b99cfcc-7646-4861-a2a5-7c525bac78ad" testListId="8c84fa94-04c1-424b-9868-57a2d4851a1d" />
    <TestEntry testId="c8a6f3e0-d817-cc26-1670-ddf642027c02" executionId="8aebe1e1-50de-4a98-b02e-f14bb2c3d2d4" testListId="8c84fa94-04c1-424b-9868-57a2d4851a1d" />
    <TestEntry testId="65a84a76-4046-32b6-a2f2-4daf8521f9c3" executionId="4462d608-4782-4b54-b82d-37c82d6d4ca7" testListId="8c84fa94-04c1-424b-9868-57a2d4851a1d" />
    <TestEntry testId="af19ccbb-d274-babb-f900-43427e020b82" executionId="44eded07-0293-4281-89f2-901765f9f58c" testListId="8c84fa94-04c1-424b-9868-57a2d4851a1d" />
    <TestEntry testId="0643e6bb-800c-419d-ea9c-f9d484e64f00" executionId="01885516-3054-49c6-af6a-3216637d53f5" testListId="8c84fa94-04c1-424b-9868-57a2d4851a1d" />
    <TestEntry testId="e599a719-a644-fca3-38c2-9d67640baa4b" executionId="052acf11-8711-4ed0-9811-4ce478733bd6" testListId="8c84fa94-04c1-424b-9868-57a2d4851a1d" />
    <TestEntry testId="2957edea-f521-8693-b084-675843a00f89" executionId="498d1955-9b4f-42ac-9667-f1a97c4c5f44" testListId="8c84fa94-04c1-424b-9868-57a2d4851a1d" />
    <TestEntry testId="3e4ad87d-8883-2b43-f57b-9fe3cfd211e0" executionId="96ec16e6-6549-4aab-95d5-9171922cf427" testListId="8c84fa94-04c1-424b-9868-57a2d4851a1d" />
    <TestEntry testId="c1b08b17-9973-9788-33ba-a519eec5b614" executionId="a2c94e45-0361-40ce-ac6a-6be9318f6d4b" testListId="8c84fa94-04c1-424b-9868-57a2d4851a1d" />
    <TestEntry testId="3cbcd098-1dbe-4f6d-1ce3-0ec21f7e926e" executionId="9966bcb0-0c82-4e81-bde0-66d99dd480e4" testListId="8c84fa94-04c1-424b-9868-57a2d4851a1d" />
    <TestEntry testId="817caf19-7702-8bc6-2b3e-a5f8a2c3c912" executionId="26df40e1-0018-4905-9a7c-8c965e750e45" testListId="8c84fa94-04c1-424b-9868-57a2d4851a1d" />
    <TestEntry testId="a8d37fc5-9157-1a1c-c586-1d414b5302e9" executionId="688c0d4b-13dd-402a-b301-d90e7dec0af6" testListId="8c84fa94-04c1-424b-9868-57a2d4851a1d" />
    <TestEntry testId="5385dc1a-6f26-1e84-840b-b0eb278d9a17" executionId="e06669d6-7bf9-4f03-abf2-f51bcdbd7361" testListId="8c84fa94-04c1-424b-9868-57a2d4851a1d" />
    <TestEntry testId="769ff708-f51a-225d-1ef4-c9eabaa416db" executionId="02a9309f-514f-4640-b412-b10a1a9b48b6" testListId="8c84fa94-04c1-424b-9868-57a2d4851a1d" />
    <TestEntry testId="91447b39-8c45-89bd-a183-774a78314a2a" executionId="7827f076-6b7a-4ca3-b9e8-fc60a709b6fb" testListId="8c84fa94-04c1-424b-9868-57a2d4851a1d" />
    <TestEntry testId="14c79fd9-f9af-4170-106a-bbce560b5a72" executionId="29e5d2de-e606-40bb-b586-31e4698db4da" testListId="8c84fa94-04c1-424b-9868-57a2d4851a1d" />
    <TestEntry testId="af08c38d-a58f-3cd1-8ad2-4db7296cab72" executionId="42511c60-7349-4cb1-af95-52a093ee0aba" testListId="8c84fa94-04c1-424b-9868-57a2d4851a1d" />
    <TestEntry testId="522c6c4e-72b7-694f-69be-8141ef4afebe" executionId="904e403d-5bac-4429-afe7-822cd0f62dd9" testListId="8c84fa94-04c1-424b-9868-57a2d4851a1d" />
    <TestEntry testId="33269fda-e37d-5908-8bed-770860b81077" executionId="17f27055-bef3-4ef0-89fa-293cb89bdaea" testListId="8c84fa94-04c1-424b-9868-57a2d4851a1d" />
    <TestEntry testId="49630794-696c-fe2a-5ce8-349269a996cc" executionId="bad6d16a-ff04-4745-8502-3cbe4c3b87c6" testListId="8c84fa94-04c1-424b-9868-57a2d4851a1d" />
    <TestEntry testId="b47470ad-fd67-15d1-6162-f6bc55ae6b2e" executionId="63b6c018-23f0-4dd5-b26b-55ac02905234" testListId="8c84fa94-04c1-424b-9868-57a2d4851a1d" />
    <TestEntry testId="59f12276-45b5-795f-915e-74aeab40f7a0" executionId="d418a89f-1f72-409f-b60b-ecb007ec4a81" testListId="8c84fa94-04c1-424b-9868-57a2d4851a1d" />
    <TestEntry testId="72b7e143-e50f-d386-099b-b4d370bd52b1" executionId="2d671fcc-af9d-416b-994d-9d427eaaf0e8" testListId="8c84fa94-04c1-424b-9868-57a2d4851a1d" />
    <TestEntry testId="2ff85027-7af1-52c7-50be-326b0ef0e610" executionId="f337b78d-df51-4b6d-bcaf-6212c7e77d8e" testListId="8c84fa94-04c1-424b-9868-57a2d4851a1d" />
    <TestEntry testId="869b20a7-a0f8-8015-b031-3c56a750f4be" executionId="0e605c4d-f20e-482f-9a8c-bc91dc19b285" testListId="8c84fa94-04c1-424b-9868-57a2d4851a1d" />
    <TestEntry testId="527ce70a-4182-e77a-d9f8-06e38e84917e" executionId="562b815f-d7dd-4ec2-bb74-2fede6f55095" testListId="8c84fa94-04c1-424b-9868-57a2d4851a1d" />
    <TestEntry testId="e65faafc-b6af-6afe-845b-0d71c28555a8" executionId="00f4a715-4c25-4ea7-b0e2-5afd7ee93619" testListId="8c84fa94-04c1-424b-9868-57a2d4851a1d" />
    <TestEntry testId="72d0cd67-b6f5-0a8b-07ba-52949d9bc074" executionId="d92c6dad-b472-479c-aee5-696501d4fa46" testListId="8c84fa94-04c1-424b-9868-57a2d4851a1d" />
    <TestEntry testId="3b312407-7a38-b354-7c6b-b5fc62523c40" executionId="95651ee2-eceb-4d94-8f4d-9fcf7fe8f856" testListId="8c84fa94-04c1-424b-9868-57a2d4851a1d" />
    <TestEntry testId="fc9802b2-2b89-ecf8-e4cb-35c64834b5f8" executionId="e6234be5-80da-485c-a8fe-ceb4d55ca964" testListId="8c84fa94-04c1-424b-9868-57a2d4851a1d" />
    <TestEntry testId="e9da50d4-2a63-1720-666c-da76942d5c26" executionId="7a2eeb48-b042-474b-b6b0-f058addc1159" testListId="8c84fa94-04c1-424b-9868-57a2d4851a1d" />
    <TestEntry testId="be905746-cd26-8059-96a7-63c6cae73dd4" executionId="318da0fd-2299-4454-b311-3ed8e7027dab" testListId="8c84fa94-04c1-424b-9868-57a2d4851a1d" />
    <TestEntry testId="e09ee75f-6ca2-8a2c-eb91-fc3067915ebb" executionId="600692ac-4e0e-44bc-88df-80b0c3b81793" testListId="8c84fa94-04c1-424b-9868-57a2d4851a1d" />
    <TestEntry testId="ed533506-8860-80fd-81c4-2353a396d330" executionId="44362733-c258-443d-833d-9d0bd028c90a" testListId="8c84fa94-04c1-424b-9868-57a2d4851a1d" />
    <TestEntry testId="d5df32cf-c471-a836-fe0a-c9adaf013973" executionId="4051ecaf-068e-4958-a8ac-546641084aa4" testListId="8c84fa94-04c1-424b-9868-57a2d4851a1d" />
    <TestEntry testId="614d2d90-c33e-0c7d-69e7-f743aae9996c" executionId="e6a28d42-0dc0-4bd7-8b85-c106dd20ed39" testListId="8c84fa94-04c1-424b-9868-57a2d4851a1d" />
    <TestEntry testId="6eb343e4-d98c-350f-c716-a689396d64eb" executionId="47517833-3282-4750-858a-fa3407983ffc" testListId="8c84fa94-04c1-424b-9868-57a2d4851a1d" />
    <TestEntry testId="4df06cec-b08b-b096-6f03-915f5fe26ffe" executionId="b668802f-b765-433b-a739-ffda9793b7cc" testListId="8c84fa94-04c1-424b-9868-57a2d4851a1d" />
    <TestEntry testId="dea0397c-d012-d0ad-e936-69352303d576" executionId="b12a611f-2b37-4c92-85f3-1b6288a15fa2" testListId="8c84fa94-04c1-424b-9868-57a2d4851a1d" />
    <TestEntry testId="b85a1097-878e-b441-9ce5-ba74deba16cb" executionId="7a535ed4-7640-4891-bf05-7b99e31e080b" testListId="8c84fa94-04c1-424b-9868-57a2d4851a1d" />
    <TestEntry testId="eb9b16e6-00bb-f338-7c7f-e9fa554c5180" executionId="abfa2020-a687-4845-a8be-ec6fecba2c65" testListId="8c84fa94-04c1-424b-9868-57a2d4851a1d" />
    <TestEntry testId="1b37aec3-3ea6-c4d9-3dda-7b6b582dc928" executionId="e394d111-00cc-40f7-848a-f3dd1c9bad81" testListId="8c84fa94-04c1-424b-9868-57a2d4851a1d" />
    <TestEntry testId="02092a87-6ea5-256a-b0d9-b429ede5d42e" executionId="e3f882f4-26b4-44e7-8b73-a1242320c6d0" testListId="8c84fa94-04c1-424b-9868-57a2d4851a1d" />
    <TestEntry testId="6e29bfff-6957-9ba7-7274-c896b78026f7" executionId="b57a41f2-3bd7-476d-9aa1-73cd7ee076b1" testListId="8c84fa94-04c1-424b-9868-57a2d4851a1d" />
    <TestEntry testId="2a64f938-f935-cdbd-4fd7-0083f526f4ac" executionId="229202bd-9309-4d75-9794-cdf42beb405e" testListId="8c84fa94-04c1-424b-9868-57a2d4851a1d" />
    <TestEntry testId="bdad37f6-3252-b546-1e8c-7b3b5ff90465" executionId="b5886235-745b-492b-9b3f-f842fb29f921" testListId="8c84fa94-04c1-424b-9868-57a2d4851a1d" />
    <TestEntry testId="d0b6a426-5a06-7e67-a628-65456af0e215" executionId="987fad96-d49a-4127-b075-d7a1be9158f5" testListId="8c84fa94-04c1-424b-9868-57a2d4851a1d" />
    <TestEntry testId="07281b31-baeb-c5ef-0902-22fefa8f812b" executionId="bb051d36-7e4f-4cac-9a1c-84a336008d2a" testListId="8c84fa94-04c1-424b-9868-57a2d4851a1d" />
    <TestEntry testId="5f567b55-534a-b970-2532-8daa7d17715c" executionId="e4a54a4a-2c36-4905-9e46-4ccb0bc1f116" testListId="8c84fa94-04c1-424b-9868-57a2d4851a1d" />
    <TestEntry testId="daf046ef-de55-56c8-05f7-3b8c714d7945" executionId="d408b281-e572-4a96-a9c0-781e5c7f28fe" testListId="8c84fa94-04c1-424b-9868-57a2d4851a1d" />
    <TestEntry testId="a1d71891-9435-5227-23e4-842f7c4356e7" executionId="f96b800b-ac2d-4cdd-ac72-988c4613f37a" testListId="8c84fa94-04c1-424b-9868-57a2d4851a1d" />
    <TestEntry testId="6b65f331-1ffe-524b-4f55-c0d75bd72dfe" executionId="4ae14380-ebf4-4d52-87fb-ee2c5eebaeb4" testListId="8c84fa94-04c1-424b-9868-57a2d4851a1d" />
    <TestEntry testId="b7d23f48-2723-134c-0821-a60a09d2d514" executionId="038d0ff8-c0d0-4b66-af0a-c1f9a4790755" testListId="8c84fa94-04c1-424b-9868-57a2d4851a1d" />
    <TestEntry testId="e71fab2a-1b04-e124-8fd4-65b15b482776" executionId="805014cd-828f-408e-8b91-6bab59fc4d18" testListId="8c84fa94-04c1-424b-9868-57a2d4851a1d" />
    <TestEntry testId="6d98fb1e-e3fb-e6bb-b32c-4c761cd7e1b1" executionId="bf5753fe-1396-4cde-afe1-4438495d3f3a" testListId="8c84fa94-04c1-424b-9868-57a2d4851a1d" />
    <TestEntry testId="5c0a4022-88a7-75e0-85c7-92911d145f3f" executionId="860b8adc-904b-4e89-8bf9-2bf5819f4500" testListId="8c84fa94-04c1-424b-9868-57a2d4851a1d" />
    <TestEntry testId="6c3a197b-26ec-5fc1-1355-44d561fbe8a3" executionId="c0aa39d4-67c6-4509-9302-46b8917041fd" testListId="8c84fa94-04c1-424b-9868-57a2d4851a1d" />
    <TestEntry testId="760562e5-970f-ddbc-7eb6-7fbac947f6f9" executionId="f89b4dd0-d26f-44f8-9a50-8f9a439b5be6" testListId="8c84fa94-04c1-424b-9868-57a2d4851a1d" />
    <TestEntry testId="72200dbb-ce33-ce0f-b5b5-7f0d36d2c4f8" executionId="7e28b61c-c85d-4c81-b550-5160e26f5fce" testListId="8c84fa94-04c1-424b-9868-57a2d4851a1d" />
    <TestEntry testId="7d8ab1da-505d-b12e-33eb-ae1dcc985051" executionId="c8e030ed-e9db-47a8-9baa-56f0c3f1e23b" testListId="8c84fa94-04c1-424b-9868-57a2d4851a1d" />
    <TestEntry testId="72ac8e93-9809-90fa-4165-d53e0d05467d" executionId="644cccc2-ac63-414e-9df4-e4258953f57a" testListId="8c84fa94-04c1-424b-9868-57a2d4851a1d" />
    <TestEntry testId="a5f36273-95c1-486b-a82b-c96a1f77b78f" executionId="8b594586-d52b-4645-bcd4-46457527db7f" testListId="8c84fa94-04c1-424b-9868-57a2d4851a1d" />
    <TestEntry testId="3ff40ca2-4ef3-5dd3-639e-e78c18d195ad" executionId="83497ab2-db31-4f0a-a862-550bac247afa" testListId="8c84fa94-04c1-424b-9868-57a2d4851a1d" />
    <TestEntry testId="8f4eb6e2-5030-8361-e7f9-dec113ce1a84" executionId="70119c94-2a46-4d93-a35a-ca68164e3f40" testListId="8c84fa94-04c1-424b-9868-57a2d4851a1d" />
    <TestEntry testId="e3aa9d60-3f2f-8683-0415-d9ad8e46b8b4" executionId="f55a1de2-172d-4d30-b9e7-fb5148c0f20c" testListId="8c84fa94-04c1-424b-9868-57a2d4851a1d" />
    <TestEntry testId="a9627adc-6665-fe6e-5bcd-65dd9a71c9fa" executionId="2b30de8f-9e0d-41d1-b11b-0e7620a3e00a" testListId="8c84fa94-04c1-424b-9868-57a2d4851a1d" />
    <TestEntry testId="77cb46a3-0be6-d6b1-2b32-0b77c61b7aad" executionId="92f7ddec-25d5-44c9-8ac2-9d05117048cd" testListId="8c84fa94-04c1-424b-9868-57a2d4851a1d" />
    <TestEntry testId="ddfc85ef-621d-8b7b-9ff4-5b864f375627" executionId="22fe76f8-74c8-4fc8-8bba-a7d9649e590f" testListId="8c84fa94-04c1-424b-9868-57a2d4851a1d" />
    <TestEntry testId="87caf0a4-c62e-5dff-e178-55401a78931b" executionId="20dfb87e-e946-4462-a692-e591d6d80a65" testListId="8c84fa94-04c1-424b-9868-57a2d4851a1d" />
    <TestEntry testId="6b682cae-23f0-71f0-3e05-47432832197a" executionId="4a8e6f62-1a5b-439c-847e-5590b398557a" testListId="8c84fa94-04c1-424b-9868-57a2d4851a1d" />
    <TestEntry testId="42a719b1-9a40-684d-57df-0ba187ec6e7d" executionId="698da0a4-6034-4237-85d1-7af1f9454647" testListId="8c84fa94-04c1-424b-9868-57a2d4851a1d" />
    <TestEntry testId="b041a329-0ae1-f8b4-592d-c588d506a252" executionId="85e24114-e17b-4de3-ac1d-f8c43352e98a" testListId="8c84fa94-04c1-424b-9868-57a2d4851a1d" />
    <TestEntry testId="628b9328-4ed1-6705-c540-b53e20d5c947" executionId="5ce962cf-8fc1-451c-8967-8dd9ec915ba5" testListId="8c84fa94-04c1-424b-9868-57a2d4851a1d" />
    <TestEntry testId="deaa45c3-cb0e-a044-46fb-35cc65ad3bf3" executionId="9d1ed07a-49b6-40a6-8f82-655d4a36c8ce" testListId="8c84fa94-04c1-424b-9868-57a2d4851a1d" />
    <TestEntry testId="2d076558-89f2-9989-1183-18d96d97cca7" executionId="f405aea7-6e96-47a2-bfd4-ead5e71a530d" testListId="8c84fa94-04c1-424b-9868-57a2d4851a1d" />
    <TestEntry testId="32ee4df3-0482-2cc3-870f-542ae4b801b9" executionId="4e92a0b9-f0a5-4452-a32c-b45eb7d32f20" testListId="8c84fa94-04c1-424b-9868-57a2d4851a1d" />
    <TestEntry testId="7518c2d2-7a97-1453-21c8-cc9ed6a49d67" executionId="2f8f80f8-f63a-4e7e-be4f-163724b9659a" testListId="8c84fa94-04c1-424b-9868-57a2d4851a1d" />
    <TestEntry testId="0719a92f-660a-669c-d32b-372bcd502ac3" executionId="908905b4-6738-4ff6-b28f-0d1a47aaa800" testListId="8c84fa94-04c1-424b-9868-57a2d4851a1d" />
    <TestEntry testId="5fcf2126-7fc9-a06a-3fee-9a64ae23a758" executionId="4bc36916-97d2-46eb-9e38-65965bfb5b13" testListId="8c84fa94-04c1-424b-9868-57a2d4851a1d" />
    <TestEntry testId="10fe92d1-cb25-e37b-71e7-5a48cc2311ce" executionId="fe0e0e0b-5914-4d77-9828-9eb254fd39c0" testListId="8c84fa94-04c1-424b-9868-57a2d4851a1d" />
    <TestEntry testId="f4b3c1b7-9c21-dea7-da51-1bebcf0bc1aa" executionId="e50746e2-f147-4bd4-a46c-fffcc60e3a16" testListId="8c84fa94-04c1-424b-9868-57a2d4851a1d" />
    <TestEntry testId="6fcabe40-613e-0ab2-aabd-f9119fd50217" executionId="fd750a24-0f85-48d0-b43b-85410d786a5a" testListId="8c84fa94-04c1-424b-9868-57a2d4851a1d" />
    <TestEntry testId="74d374b0-0afe-bc44-b1bc-c99bdced40c8" executionId="61bbb257-75c1-472f-af13-ebd56e498327" testListId="8c84fa94-04c1-424b-9868-57a2d4851a1d" />
    <TestEntry testId="8e645265-7eee-1b7d-7b17-9dc835d9fc3c" executionId="54543662-fa97-4b4f-a90b-0b5e3a281dd2" testListId="8c84fa94-04c1-424b-9868-57a2d4851a1d" />
    <TestEntry testId="dde566d5-7fbf-e0c5-422e-e7e1ba4ede84" executionId="98f12142-3c28-4896-9c3c-bbad637d827c" testListId="8c84fa94-04c1-424b-9868-57a2d4851a1d" />
    <TestEntry testId="c828f042-5904-1dbf-78fe-6d1030664200" executionId="e819d038-7fcd-4eed-9a61-adcfb39c80af" testListId="8c84fa94-04c1-424b-9868-57a2d4851a1d" />
    <TestEntry testId="d7b06c89-6b5a-1e30-8c61-c9115a06689f" executionId="9f76bc62-6e57-4498-bbb0-835a6b8556dd" testListId="8c84fa94-04c1-424b-9868-57a2d4851a1d" />
    <TestEntry testId="96d369e0-b963-dc43-8616-076c65d77554" executionId="63847991-d944-4f6f-b1f5-8ca0d347ed44" testListId="8c84fa94-04c1-424b-9868-57a2d4851a1d" />
    <TestEntry testId="e315e361-bd04-518a-9ca3-0a3098a63ea0" executionId="ea956a6c-6106-44c8-affe-48826fc2d462" testListId="8c84fa94-04c1-424b-9868-57a2d4851a1d" />
    <TestEntry testId="02f11969-fbc7-3244-ba76-3005afc583a4" executionId="cab94463-53f9-4cab-b211-5ae71169ee30" testListId="8c84fa94-04c1-424b-9868-57a2d4851a1d" />
    <TestEntry testId="5f4aa2fa-4202-9ba7-52a1-3d17c5cc7c92" executionId="20a721eb-c611-476c-8ee3-080dcda73bf9" testListId="8c84fa94-04c1-424b-9868-57a2d4851a1d" />
    <TestEntry testId="0fc116b4-d370-4c43-87db-60291a8ff74a" executionId="6565679a-e0b5-4a5d-8f04-adaa331ce649" testListId="8c84fa94-04c1-424b-9868-57a2d4851a1d" />
    <TestEntry testId="f5ce8c00-1a47-8763-f87d-8c3dc0aadddb" executionId="817e96d7-fbad-4e40-b93f-a41c6feb7da3" testListId="8c84fa94-04c1-424b-9868-57a2d4851a1d" />
    <TestEntry testId="f2ec3d63-1dbf-fe64-8eeb-bf3a6572dcc8" executionId="deb48ee5-848b-4314-8ec5-6bd58dd09a70" testListId="8c84fa94-04c1-424b-9868-57a2d4851a1d" />
    <TestEntry testId="aeb51c9c-9a39-0010-f031-ecbe0640d7f9" executionId="e91c45ad-a287-4a1e-9275-7e47f1225d03" testListId="8c84fa94-04c1-424b-9868-57a2d4851a1d" />
    <TestEntry testId="1079e5d7-4813-b4c4-7248-6e5571f8948d" executionId="905bd903-8817-4a22-9c72-16d701a7e774" testListId="8c84fa94-04c1-424b-9868-57a2d4851a1d" />
    <TestEntry testId="e84778a1-9c5b-dddf-740c-b238a6ea59f9" executionId="e3af40f2-228b-4ddc-9bcc-86b202536b38" testListId="8c84fa94-04c1-424b-9868-57a2d4851a1d" />
    <TestEntry testId="5487e709-eba0-1b6d-2109-c2d807f00e06" executionId="cb214cab-546a-4d68-b225-01a200727ca8" testListId="8c84fa94-04c1-424b-9868-57a2d4851a1d" />
  </TestEntries>
  <Results>
    <UnitTestResult executionId="96b63901-08af-4c0f-abfa-c8649318e58c" testId="7fb2abe9-2f9a-2ddf-29c6-f3e158898b30" testName="PriceNameTest" computerName="BUILD01" duration="00:01:04.2589482" startTime="2010-12-23T11:01:46.1967658-05:00" endTime="2010-12-23T11:02:51.5117738-05:00" testType="13cdc9d9-ddb5-4fa4-a97d-d965ccfc6d4b" outcome="Passed" testListId="8c84fa94-04c1-424b-9868-57a2d4851a1d" relativeResultsDirectory="96b63901-08af-4c0f-abfa-c8649318e58c">
      <Output>
        <TextMessages>
          <Message>Ticker: EQI.AEX Strike: 16.8 StartDt: 12/16/2011 ExpDt: 12/21/2012 Currency: EUR Price: -107.38 EUR</Message>
          <Message>Ticker: EQI.AEX Strike: 16.8 StartDt: 12/16/2011 ExpDt: 12/21/2012 Currency: EUR Price: -107.38 EUR</Message>
          <Message>Ticker: EQI.AEX Strike: 16.8 StartDt: 12/16/2011 ExpDt: 12/21/2012 Currency: EUR Price: -107.38 EUR</Message>
          <Message>Ticker: EQI.AEX Strike: 16.6 StartDt: 12/16/2011 ExpDt: 12/21/2012 Currency: EUR Price: -107.38 EUR</Message>
          <Message>Ticker: EQI.AEX Strike: 11.35 StartDt: 12/17/2010 ExpDt: 12/16/2011 Currency: EUR Price: -109.35 EUR</Message>
          <Message>Ticker: EQI.CAC Strike: 162.5 StartDt: 12/17/2010 ExpDt: 12/16/2011 Currency: EUR Price: -109.35 EUR</Message>
          <Message>Ticker: EQI.CAC Strike: 152 StartDt: 12/16/2011 ExpDt: 12/21/2012 Currency: EUR Price: -107.38 EUR</Message>
          <Message>Ticker: EQI.CAC Strike: 130 StartDt: 12/17/2010 ExpDt: 12/16/2011 Currency: EUR Price: -109.35 EUR</Message>
          <Message>Ticker: EQI.CAC Strike: 162.5 StartDt: 12/17/2010 ExpDt: 12/16/2011 Currency: EUR Price: -109.35 EUR</Message>
          <Message>Ticker: EQI.CAC Strike: 163.5 StartDt: 12/16/2011 ExpDt: 12/21/2012 Currency: EUR Price: -107.38 EUR</Message>
          <Message>Ticker: EQI.CAC Strike: 160 StartDt: 12/16/2011 ExpDt: 12/21/2012 Currency: EUR Price: -107.38 EUR</Message>
          <Message>Ticker: EQI.CAC Strike: 163.5 StartDt: 12/16/2011 ExpDt: 12/21/2012 Currency: EUR Price: -107.38 EUR</Message>
          <Message>Ticker: EQI.CAC Strike: 225.5 StartDt: 12/16/2011 ExpDt: 12/21/2012 Currency: EUR Price: -107.38 EUR</Message>
          <Message>Ticker: EQI.CAC Strike: 220 StartDt: 12/17/2010 ExpDt: 12/16/2011 Currency: EUR Price: -109.35 EUR</Message>
          <Message>Ticker: EQI.CAC Strike: 220 StartDt: 12/17/2010 ExpDt: 12/16/2011 Currency: EUR Price: -109.35 EUR</Message>
          <Message>Ticker: EQI.CAC Strike: 220 StartDt: 12/17/2010 ExpDt: 12/16/2011 Currency: EUR Price: -109.35 EUR</Message>
          <Message>Ticker: EQI.CAC Strike: 123 StartDt: 12/16/2011 ExpDt: 12/21/2012 Currency: EUR Price: -107.38 EUR</Message>
          <Message>Ticker: EQI.CAC Strike: 125 StartDt: 12/17/2010 ExpDt: 12/16/2011 Currency: EUR Price: -109.35 EUR</Message>
          <Message>Ticker: EQI.CAC Strike: 220 StartDt: 12/17/2010 ExpDt: 12/16/2011 Currency: EUR Price: -109.35 EUR</Message>
          <Message>Ticker: EQI.CAC Strike: 209 StartDt: 12/16/2011 ExpDt: 12/21/2012 Currency: EUR Price: -107.38 EUR</Message>
          <Message>Ticker: EQI.CAC Strike: 225.5 StartDt: 12/16/2011 ExpDt: 12/21/2012 Currency: EUR Price: -107.38 EUR</Message>
          <Message>Ticker: EQI.CAC Strike: 209 StartDt: 12/16/2011 ExpDt: 12/21/2012 Currency: EUR Price: -107.38 EUR</Message>
          <Message>Ticker: EQI.CAC Strike: 137.5 StartDt: 12/16/2011 ExpDt: 12/21/2012 Currency: EUR Price: -107.38 EUR</Message>
          <Message>Ticker: EQI.CAC Strike: 137.5 StartDt: 12/16/2011 ExpDt: 12/21/2012 Currency: EUR Price: -107.38 EUR</Message>
          <Message>Ticker: EQI.CAC Strike: 203.375 StartDt: 12/17/2010 ExpDt: 12/16/2011 Currency: EUR Price: -109.35 EUR</Message>
          <Message>Ticker: EQI.CAC Strike: 203.375 StartDt: 12/17/2010 ExpDt: 12/16/2011 Currency: EUR Price: -109.35 EUR</Message>
          <Message>Ticker: EQI.CAC Strike: 143.5 StartDt: 12/16/2011 ExpDt: 12/21/2012 Currency: EUR Price: -107.38 EUR</Message>
          <Message>Ticker: EQI.CAC Strike: 152 StartDt: 12/16/2011 ExpDt: 12/21/2012 Currency: EUR Price: -107.38 EUR</Message>
          <Message>Ticker: EQI.CAC Strike: 142.6 StartDt: 12/16/2011 ExpDt: 12/21/2012 Currency: EUR Price: -107.38 EUR</Message>
          <Message>Ticker: EQI.CAC Strike: 160 StartDt: 12/16/2011 ExpDt: 12/21/2012 Currency: EUR Price: -107.38 EUR</Message>
          <Message>Ticker: EQI.HSCEI Strike: 288 StartDt: 12/30/2009 ExpDt: 12/30/2010 Currency: HKD Price: -111.00 HKD</Message>
          <Message>Ticker: EQI.HSI Strike: 870 StartDt: 12/30/2009 ExpDt: 12/30/2010 Currency: HKD Price: -111.00 HKD</Message>
          <Message>Ticker: EQI.HSI Strike: 665 StartDt: 12/30/2010 ExpDt: 12/29/2011 Currency: HKD Price: -110.27 HKD</Message>
          <Message>Ticker: EQI.HSI Strike: 750 StartDt: 12/30/2010 ExpDt: 12/29/2011 Currency: HKD Price: -110.27 HKD</Message>
          <Message>Ticker: EQI.HSI Strike: 665 StartDt: 12/29/2011 ExpDt: 12/28/2012 Currency: HKD Price: -109.30 HKD</Message>
          <Message>Ticker: EQI.HSI Strike: 440 StartDt: 12/30/2009 ExpDt: 12/30/2010 Currency: HKD Price: -111.00 HKD</Message>
          <Message>Ticker: EQI.HSI Strike: 801 StartDt: 12/30/2010 ExpDt: 12/29/2011 Currency: HKD Price: -110.27 HKD</Message>
          <Message>Ticker: EQI.HSI Strike: 870 StartDt: 12/29/2011 ExpDt: 12/28/2012 Currency: HKD Price: -109.30 HKD</Message>
          <Message>Ticker: EQI.HSI Strike: 890 StartDt: 12/30/2009 ExpDt: 12/30/2010 Currency: HKD Price: -111.00 HKD</Message>
          <Message>Ticker: EQI.HSI Strike: 754 StartDt: 12/30/2009 ExpDt: 12/30/2010 Currency: HKD Price: -111.00 HKD</Message>
          <Message>Ticker: EQI.HSI Strike: 890 StartDt: 12/18/2009 ExpDt: 12/30/2010 Currency: HKD Price: -111.00 HKD</Message>
          <Message>Ticker: EQI.NKY Strike: 102 StartDt: 12/31/2009 ExpDt: 12/31/2010 Currency: JPY Price: -111.00 JPY</Message>
          <Message>Ticker: EQI.NKY Strike: 101 StartDt: 1/1/2010 ExpDt: 12/31/2010 Currency: JPY Price: -111.00 JPY</Message>
          <Message>Ticker: EQI.NKY Strike: 138 StartDt: 12/31/2010 ExpDt: 12/31/2011 Currency: JPY Price: -110.36 JPY</Message>
          <Message>Ticker: EQI.NKY Strike: 108 StartDt: 1/1/2010 ExpDt: 12/31/2010 Currency: JPY Price: -111.00 JPY</Message>
          <Message>Ticker: EQI.NKY Strike: 108 StartDt: 12/31/2009 ExpDt: 12/31/2010 Currency: JPY Price: -111.00 JPY</Message>
          <Message>Ticker: EQI.NKY Strike: 167 StartDt: 12/31/2010 ExpDt: 12/31/2011 Currency: JPY Price: -110.36 JPY</Message>
          <Message>Ticker: EQI.NKY Strike: 167 StartDt: 12/31/2010 ExpDt: 12/31/2011 Currency: JPY Price: -110.36 JPY</Message>
          <Message>Ticker: EQI.SMI Strike: 180 StartDt: 12/16/2011 ExpDt: 12/21/2012 Currency: CHF Price: -109.92 CHF</Message>
          <Message>Ticker: EQI.SPX Strike: 22.775 StartDt: 12/31/2011 ExpDt: 12/31/2012 Currency: USD Price: -109.06 USD</Message>
          <Message>Ticker: EQI.SPX Strike: 23.2 StartDt: 12/31/2012 ExpDt: 12/31/2013 Currency: USD Price: -106.65 USD</Message>
          <Message>Ticker: EQI.SPX Strike: 25.25 StartDt: 12/31/2009 ExpDt: 12/31/2010 Currency: USD Price: -110.99 USD</Message>
          <Message>Ticker: EQI.SPX Strike: 29.15 StartDt: 12/31/2014 ExpDt: 12/31/2015 Currency: USD Price: -99.27 USD</Message>
          <Message>Ticker: EQI.SPX Strike: 32 StartDt: 1/1/2016 ExpDt: 12/31/2016 Currency: USD Price: -94.74 USD</Message>
          <Message>Ticker: EQI.SPX Strike: 30.3 StartDt: 12/31/2014 ExpDt: 12/31/2015 Currency: USD Price: -99.27 USD</Message>
          <Message>Ticker: EQI.SPX Strike: 28 StartDt: 1/1/2013 ExpDt: 12/31/2013 Currency: USD Price: -106.65 USD</Message>
          <Message>Ticker: EQI.SPX Strike: 25.25 StartDt: 12/31/2009 ExpDt: 12/31/2010 Currency: USD Price: -110.99 USD</Message>
          <Message>Ticker: EQI.SPX Strike: 26.8 StartDt: 12/31/2014 ExpDt: 12/31/2015 Currency: USD Price: -99.27 USD</Message>
          <Message>Ticker: EQI.SPX Strike: 31.1 StartDt: 12/31/2009 ExpDt: 12/31/2010 Currency: USD Price: -110.99 USD</Message>
          <Message>Ticker: EQI.SPX Strike: 29.2 StartDt: 1/1/2010 ExpDt: 12/31/2010 Currency: USD Price: -110.99 USD</Message>
          <Message>Ticker: EQI.SPX Strike: 29.2 StartDt: 1/1/2010 ExpDt: 12/31/2010 Currency: USD Price: -110.99 USD</Message>
          <Message>Ticker: EQI.SPX Strike: 31.1 StartDt: 12/31/2009 ExpDt: 12/31/2010 Currency: USD Price: -110.99 USD</Message>
          <Message>Ticker: EQI.SPX Strike: 28.7 StartDt: 12/31/2014 ExpDt: 12/31/2015 Currency: USD Price: -99.27 USD</Message>
          <Message>Ticker: EQI.SPX Strike: 24.1 StartDt: 12/31/2010 ExpDt: 12/31/2011 Currency: USD Price: -110.11 USD</Message>
          <Message>Ticker: EQI.SX5E Strike: 110.5 StartDt: 12/17/2010 ExpDt: 12/16/2011 Currency: EUR Price: -109.35 EUR</Message>
          <Message>Ticker: EQI.SX5E Strike: 93.8 StartDt: 12/16/2011 ExpDt: 12/21/2012 Currency: EUR Price: -107.38 EUR</Message>
          <Message>Ticker: EQI.SX5E Strike: 97 StartDt: 12/17/2010 ExpDt: 12/16/2011 Currency: EUR Price: -109.35 EUR</Message>
          <Message>Ticker: EQI.SX5E Strike: 110.4 StartDt: 12/16/2011 ExpDt: 12/21/2012 Currency: EUR Price: -107.38 EUR</Message>
          <Message>Ticker: EQI.SX5E Strike: 63.25 StartDt: 12/16/2011 ExpDt: 12/21/2012 Currency: EUR Price: -107.38 EUR</Message>
          <Message>Ticker: EQI.SX5E Strike: 53.5 StartDt: 12/16/2011 ExpDt: 12/21/2012 Currency: EUR Price: -107.38 EUR</Message>
          <Message>Ticker: EQI.SX5E Strike: 63.25 StartDt: 12/20/2013 ExpDt: 12/19/2014 Currency: EUR Price: -101.46 EUR</Message>
          <Message>Ticker: EQI.SX5E Strike: 154 StartDt: 1/1/2010 ExpDt: 12/31/2010 Currency: EUR Price: -110.98 EUR</Message>
          <Message>Ticker: EQI.SX5E Strike: 154 StartDt: 1/1/2010 ExpDt: 12/31/2010 Currency: EUR Price: -110.98 EUR</Message>
          <Message>Ticker: EQI.SX5E Strike: 218 StartDt: 12/16/2016 ExpDt: 12/15/2017 Currency: EUR Price: -90.54 EUR</Message>
          <Message>Ticker: EQI.SX5E Strike: 181 StartDt: 12/16/2011 ExpDt: 12/21/2012 Currency: EUR Price: -107.38 EUR</Message>
          <Message>Ticker: EQI.SX5E Strike: 104.4 StartDt: 12/21/2012 ExpDt: 12/20/2013 Currency: EUR Price: -104.64 EUR</Message>
          <Message>Ticker: EQI.SX5E Strike: 76.35 StartDt: 12/16/2011 ExpDt: 12/21/2012 Currency: EUR Price: -107.38 EUR</Message>
          <Message>Ticker: EQI.SX5E Strike: 88 StartDt: 12/16/2016 ExpDt: 12/15/2017 Currency: EUR Price: -90.54 EUR</Message>
          <Message>Ticker: EQI.SX5E Strike: 76.35 StartDt: 12/16/2011 ExpDt: 12/21/2012 Currency: EUR Price: -107.38 EUR</Message>
          <Message>Ticker: EQI.UKX Strike: 319.5 StartDt: 12/18/2015 ExpDt: 12/16/2016 Currency: GBP Price: -92.62 GBP</Message>
          <Message>Ticker: EQI.UKX Strike: 316 StartDt: 12/18/2015 ExpDt: 12/16/2016 Currency: GBP Price: -92.62 GBP</Message>
          <Message>Ticker: EQI.UKX Strike: 178.5 StartDt: 12/16/2011 ExpDt: 12/21/2012 Currency: GBP Price: -107.61 GBP</Message>
          <Message>Ticker: EQI.UKX Strike: 284.5 StartDt: 12/16/2011 ExpDt: 12/21/2012 Currency: GBP Price: -107.61 GBP</Message>
          <Message>Ticker: EQI.UKX Strike: 292.5 StartDt: 12/20/2013 ExpDt: 12/19/2014 Currency: GBP Price: -100.89 GBP</Message>
          <Message>Ticker: EQI.UKX Strike: 293.5 StartDt: 12/21/2012 ExpDt: 12/20/2013 Currency: GBP Price: -104.55 GBP</Message>
          <Message>Ticker: EQI.UKX Strike: 200 StartDt: 12/20/2013 ExpDt: 12/19/2014 Currency: GBP Price: -100.89 GBP</Message>
          <Message>Ticker: EQI.UKX Strike: 120 StartDt: 12/17/2010 ExpDt: 12/16/2011 Currency: GBP Price: -109.39 GBP</Message>
          <Message>Ticker: EQI.UKX Strike: 269 StartDt: 12/20/2013 ExpDt: 12/19/2014 Currency: GBP Price: -100.89 GBP</Message>
          <Message>Ticker: EQI.UKX Strike: 183 StartDt: 12/21/2012 ExpDt: 12/20/2013 Currency: GBP Price: -104.55 GBP</Message>
          <Message>Ticker: EQI.UKX Strike: 282.5 StartDt: 12/20/2013 ExpDt: 12/19/2014 Currency: GBP Price: -100.89 GBP</Message>
          <Message>Ticker: ALZSE Strike: 4.25 StartDt: 12/16/2011 ExpDt: 12/21/2012 Currency: EUR Price: -107.38 EUR</Message>
          <Message>Ticker: ALZSE Strike: 5.6 StartDt: 12/16/2011 ExpDt: 12/21/2012 Currency: EUR Price: -107.38 EUR</Message>
          <Message>Ticker: ALZSE Strike: 4.26 StartDt: 12/17/2010 ExpDt: 12/16/2011 Currency: EUR Price: -109.35 EUR</Message>
          <Message>Ticker: ALZSE Strike: 3.15 StartDt: 12/17/2010 ExpDt: 12/16/2011 Currency: EUR Price: -109.35 EUR</Message>
          <Message>Ticker: ALZSE Strike: 4.2 StartDt: 12/16/2011 ExpDt: 12/21/2012 Currency: EUR Price: -107.38 EUR</Message>
          <Message>Ticker: ALZSE Strike: 4.25 StartDt: 12/17/2010 ExpDt: 12/16/2011 Currency: EUR Price: -109.35 EUR</Message>
          <Message>Ticker: ALZSE Strike: 4 StartDt: 12/17/2010 ExpDt: 12/16/2011 Currency: EUR Price: -109.35 EUR</Message>
          <Message>Ticker: ALZSE Strike: 5.6 StartDt: 12/21/2012 ExpDt: 12/20/2013 Currency: EUR Price: -104.64 EUR</Message>
          <Message>Ticker: ALZSE Strike: 4.2 StartDt: 12/17/2010 ExpDt: 12/16/2011 Currency: EUR Price: -109.35 EUR</Message>
          <Message>Ticker: ALZSE Strike: 5.6 StartDt: 12/17/2010 ExpDt: 12/16/2011 Currency: EUR Price: -109.35 EUR</Message>
          <Message>Ticker: ALZSE Strike: 5.6 StartDt: 12/20/2013 ExpDt: 12/19/2014 Currency: EUR Price: -101.46 EUR</Message>
          <Message>Skipping ARMLL_USD_DEC12 due to difference in Pricing and Observable's currency USD : EUR</Message>
          <Message>Ticker: ARMLL Strike: 0.6 StartDt: 12/17/2010 ExpDt: 12/16/2011 Currency: EUR Price: -109.35 EUR</Message>
          <Message>Ticker: AXAF Strike: 0.6058 StartDt: 12/17/2010 ExpDt: 12/16/2011 Currency: EUR Price: -109.35 EUR</Message>
          <Message>Ticker: AXAF Strike: 0.64 StartDt: 12/16/2011 ExpDt: 12/21/2012 Currency: EUR Price: -107.38 EUR</Message>
          <Message>Ticker: BASFSE Strike: 1.65 StartDt: 12/16/2011 ExpDt: 12/21/2012 Currency: EUR Price: -107.38 EUR</Message>
          <Message>Ticker: BASFSE Strike: 1.6725 StartDt: 12/16/2011 ExpDt: 12/21/2012 Currency: EUR Price: -107.38 EUR</Message>
          <Message>Ticker: BASFSE Strike: 1.61 StartDt: 12/16/2011 ExpDt: 12/21/2012 Currency: EUR Price: -107.38 EUR</Message>
          <Message>Ticker: BASFSE Strike: 1.6725 StartDt: 12/16/2011 ExpDt: 12/21/2012 Currency: EUR Price: -107.38 EUR</Message>
          <Message>Ticker: BASFSE Strike: 1.16 StartDt: 12/17/2010 ExpDt: 12/16/2011 Currency: EUR Price: -109.35 EUR</Message>
          <Message>Ticker: BBVSM Strike: 0.39 StartDt: 12/16/2011 ExpDt: 12/21/2012 Currency: EUR Price: -107.38 EUR</Message>
          <Message>Ticker: BBVSM Strike: 0.672518 StartDt: 12/16/2011 ExpDt: 12/21/2012 Currency: EUR Price: -107.38 EUR</Message>
          <Message>Ticker: BBVSM Strike: 0.39 StartDt: 12/17/2010 ExpDt: 12/16/2011 Currency: EUR Price: -109.35 EUR</Message>
          <Message>Ticker: BBVSM Strike: 0.672518 StartDt: 12/21/2012 ExpDt: 12/20/2013 Currency: EUR Price: -104.64 EUR</Message>
          <Message>Ticker: BBVSM Strike: 0.3 StartDt: 12/16/2011 ExpDt: 12/21/2012 Currency: EUR Price: -107.38 EUR</Message>
          <Message>Ticker: BBVSM Strike: 0.37 StartDt: 12/17/2010 ExpDt: 12/16/2011 Currency: EUR Price: -109.35 EUR</Message>
          <Message>Ticker: BBVSM Strike: 0.3725 StartDt: 12/17/2010 ExpDt: 12/16/2011 Currency: EUR Price: -109.35 EUR</Message>
          <Message>Ticker: BBVSM Strike: 0.288222 StartDt: 12/17/2010 ExpDt: 12/16/2011 Currency: EUR Price: -109.35 EUR</Message>
          <Message>Ticker: BBVSM Strike: 0.2978294 StartDt: 12/17/2010 ExpDt: 12/16/2011 Currency: EUR Price: -109.35 EUR</Message>
          <Message>Ticker: BBVSM Strike: 0.3725 StartDt: 12/17/2010 ExpDt: 12/16/2011 Currency: EUR Price: -109.35 EUR</Message>
          <Message>Ticker: BBVSM Strike: 0.672518 StartDt: 12/17/2010 ExpDt: 12/16/2011 Currency: EUR Price: -109.35 EUR</Message>
          <Message>Ticker: BBVSM Strike: 0.672518 StartDt: 12/20/2013 ExpDt: 12/19/2014 Currency: EUR Price: -101.46 EUR</Message>
          <Message>Ticker: BBVSM Strike: 0.29 StartDt: 12/16/2011 ExpDt: 12/21/2012 Currency: EUR Price: -107.38 EUR</Message>
          <Message>Ticker: BMW Strike: 0.85 StartDt: 1/4/2010 ExpDt: 12/31/2010 Currency: EUR Price: -110.98 EUR</Message>
          <Message>Ticker: BNP Strike: 1.34 StartDt: 12/16/2011 ExpDt: 12/21/2012 Currency: EUR Price: -107.38 EUR</Message>
          <Message>Ticker: BNP Strike: 1.78 StartDt: 12/16/2011 ExpDt: 12/21/2012 Currency: EUR Price: -107.38 EUR</Message>
          <Message>Ticker: BNP Strike: 1.47 StartDt: 12/17/2010 ExpDt: 12/16/2011 Currency: EUR Price: -109.35 EUR</Message>
          <Message>Ticker: BNP Strike: 1.35 StartDt: 12/16/2011 ExpDt: 12/21/2012 Currency: EUR Price: -107.38 EUR</Message>
          <Message>Ticker: BNP Strike: 1.34 StartDt: 12/16/2011 ExpDt: 12/21/2012 Currency: EUR Price: -107.38 EUR</Message>
          <Message>Ticker: BRITEL Strike: 0.1 StartDt: 12/21/2012 ExpDt: 12/20/2013 Currency: GBP Price: -104.55 GBP</Message>
          <Message>Ticker: BYIF Strike: 1.15 StartDt: 12/16/2011 ExpDt: 12/21/2012 Currency: EUR Price: -107.38 EUR</Message>
          <Message>Ticker: BYIF Strike: 1.17 StartDt: 12/16/2011 ExpDt: 12/21/2012 Currency: EUR Price: -107.38 EUR</Message>
          <Message>Ticker: BYIF Strike: 1.2033 StartDt: 12/16/2011 ExpDt: 12/21/2012 Currency: EUR Price: -107.38 EUR</Message>
          <Message>Ticker: BYIF Strike: 1.17 StartDt: 12/17/2010 ExpDt: 12/16/2011 Currency: EUR Price: -109.35 EUR</Message>
          <Message>Ticker: BYIF Strike: 1.2033 StartDt: 12/16/2011 ExpDt: 12/21/2012 Currency: EUR Price: -107.38 EUR</Message>
          <Message>Ticker: C Strike: 0.6 StartDt: 1/1/2010 ExpDt: 12/31/2010 Currency: USD Price: -110.99 USD</Message>
          <Message>Ticker: C Strike: 0.06 StartDt: 12/31/2010 ExpDt: 12/31/2011 Currency: USD Price: -110.11 USD</Message>
          <Message>Ticker: CSGAG Strike: 1.75 StartDt: 12/16/2011 ExpDt: 12/21/2012 Currency: CHF Price: -109.92 CHF</Message>
          <Message>Ticker: DAMLR Strike: 1.06 StartDt: 12/17/2010 ExpDt: 12/16/2011 Currency: EUR Price: -109.35 EUR</Message>
          <Message>Ticker: DAMLR Strike: 2.1 StartDt: 12/16/2011 ExpDt: 12/21/2012 Currency: EUR Price: -107.38 EUR</Message>
          <Message>Ticker: DAMLR Strike: 2.1 StartDt: 12/17/2010 ExpDt: 12/16/2011 Currency: EUR Price: -109.35 EUR</Message>
          <Message>Ticker: DAMLR Strike: 2.1 StartDt: 12/21/2012 ExpDt: 12/20/2013 Currency: EUR Price: -104.64 EUR</Message>
          <Message>Ticker: DAMLR Strike: 1.11 StartDt: 12/17/2010 ExpDt: 12/16/2011 Currency: EUR Price: -109.35 EUR</Message>
          <Message>Ticker: DAMLR Strike: 1.13 StartDt: 12/17/2010 ExpDt: 12/16/2011 Currency: EUR Price: -109.35 EUR</Message>
          <Message>Ticker: DAMLR Strike: 1.13 StartDt: 12/17/2010 ExpDt: 12/16/2011 Currency: EUR Price: -109.35 EUR</Message>
          <Message>Ticker: DAMLR Strike: 1.13 StartDt: 12/17/2010 ExpDt: 12/16/2011 Currency: EUR Price: -109.35 EUR</Message>
          <Message>Ticker: DAMLR Strike: 1.06 StartDt: 12/16/2011 ExpDt: 12/21/2012 Currency: EUR Price: -107.38 EUR</Message>
          <Message>Ticker: DAMLR Strike: 2.1 StartDt: 12/20/2013 ExpDt: 12/19/2014 Currency: EUR Price: -101.46 EUR</Message>
          <Message>Ticker: DAMLR Strike: 0.78 StartDt: 12/16/2011 ExpDt: 12/21/2012 Currency: EUR Price: -107.38 EUR</Message>
          <Message>Ticker: DANONE Strike: 1.15 StartDt: 12/17/2010 ExpDt: 12/16/2011 Currency: EUR Price: -109.35 EUR</Message>
          <Message>Ticker: DANONE Strike: 1.01 StartDt: 12/16/2011 ExpDt: 12/21/2012 Currency: EUR Price: -107.38 EUR</Message>
          <Message>Ticker: DB Strike: 1.04 StartDt: 12/17/2010 ExpDt: 12/16/2011 Currency: EUR Price: -109.35 EUR</Message>
          <Message>Ticker: DB Strike: 0.9 StartDt: 12/17/2010 ExpDt: 12/16/2011 Currency: EUR Price: -109.35 EUR</Message>
          <Message>Ticker: DB Strike: 0.885 StartDt: 12/17/2010 ExpDt: 12/16/2011 Currency: EUR Price: -109.35 EUR</Message>
          <Message>Ticker: DB Strike: 0.97 StartDt: 12/16/2011 ExpDt: 12/21/2012 Currency: EUR Price: -107.38 EUR</Message>
          <Message>Ticker: DB Strike: 1.15 StartDt: 12/17/2010 ExpDt: 12/16/2011 Currency: EUR Price: -109.35 EUR</Message>
          <Message>Ticker: DT Strike: 0.76 StartDt: 12/20/2013 ExpDt: 12/19/2014 Currency: EUR Price: -101.46 EUR</Message>
          <Message>Ticker: DT Strike: 0.6688 StartDt: 12/17/2010 ExpDt: 12/16/2011 Currency: EUR Price: -109.35 EUR</Message>
          <Message>Ticker: DT Strike: 0.6688 StartDt: 12/17/2010 ExpDt: 12/16/2011 Currency: EUR Price: -109.35 EUR</Message>
          <Message>Ticker: DT Strike: 0.76 StartDt: 12/16/2011 ExpDt: 12/21/2012 Currency: EUR Price: -107.38 EUR</Message>
          <Message>Ticker: DT Strike: 0.76 StartDt: 12/21/2012 ExpDt: 12/20/2013 Currency: EUR Price: -104.64 EUR</Message>
          <Message>Ticker: DT Strike: 0.58 StartDt: 12/17/2010 ExpDt: 12/16/2011 Currency: EUR Price: -109.35 EUR</Message>
          <Message>Ticker: DT Strike: 0.61 StartDt: 12/17/2010 ExpDt: 12/16/2011 Currency: EUR Price: -109.35 EUR</Message>
          <Message>Ticker: DT Strike: 0.65 StartDt: 12/16/2011 ExpDt: 12/21/2012 Currency: EUR Price: -107.38 EUR</Message>
          <Message>Ticker: DT Strike: 0.56 StartDt: 12/17/2010 ExpDt: 12/16/2011 Currency: EUR Price: -109.35 EUR</Message>
          <Message>Ticker: DT Strike: 0.665 StartDt: 12/16/2011 ExpDt: 12/21/2012 Currency: EUR Price: -107.38 EUR</Message>
          <Message>Ticker: ENEL Strike: 0.19 StartDt: 12/16/2011 ExpDt: 12/21/2012 Currency: EUR Price: -107.38 EUR</Message>
          <Message>Ticker: ENEL Strike: 0.22 StartDt: 12/16/2011 ExpDt: 12/21/2012 Currency: EUR Price: -107.38 EUR</Message>
          <Message>Ticker: ENEL Strike: 0.21 StartDt: 12/17/2010 ExpDt: 12/16/2011 Currency: EUR Price: -109.35 EUR</Message>
          <Message>Ticker: ENEL Strike: 0.229708 StartDt: 12/17/2010 ExpDt: 12/16/2011 Currency: EUR Price: -109.35 EUR</Message>
          <Message>Ticker: ENEL Strike: 0.229708 StartDt: 12/17/2010 ExpDt: 12/16/2011 Currency: EUR Price: -109.35 EUR</Message>
          <Message>Ticker: ENI Strike: 0.87 StartDt: 12/16/2011 ExpDt: 12/21/2012 Currency: EUR Price: -107.38 EUR</Message>
          <Message>Ticker: ENI Strike: 0.75 StartDt: 12/17/2010 ExpDt: 12/16/2011 Currency: EUR Price: -109.35 EUR</Message>
          <Message>Ticker: ENI Strike: 0.88 StartDt: 12/16/2011 ExpDt: 12/21/2012 Currency: EUR Price: -107.38 EUR</Message>
          <Message>Ticker: ENI Strike: 0.85 StartDt: 12/16/2011 ExpDt: 12/21/2012 Currency: EUR Price: -107.38 EUR</Message>
          <Message>Ticker: ENI Strike: 0.85 StartDt: 12/17/2010 ExpDt: 12/16/2011 Currency: EUR Price: -109.35 EUR</Message>
          <Message>Ticker: ENI Strike: 0.85 StartDt: 12/16/2011 ExpDt: 12/21/2012 Currency: EUR Price: -107.38 EUR</Message>
          <Message>Ticker: EON Strike: 1.23 StartDt: 12/17/2010 ExpDt: 12/16/2011 Currency: EUR Price: -109.35 EUR</Message>
          <Message>Ticker: EON Strike: 1.43 StartDt: 12/17/2010 ExpDt: 12/16/2011 Currency: EUR Price: -109.35 EUR</Message>
          <Message>Ticker: EON Strike: 1.12 StartDt: 12/16/2011 ExpDt: 12/21/2012 Currency: EUR Price: -107.38 EUR</Message>
          <Message>Ticker: EON Strike: 1.23 StartDt: 12/16/2011 ExpDt: 12/21/2012 Currency: EUR Price: -107.38 EUR</Message>
          <Message>Ticker: FRTEL Strike: 1.295 StartDt: 12/17/2010 ExpDt: 12/16/2011 Currency: EUR Price: -109.35 EUR</Message>
          <Message>Ticker: FRTEL Strike: 1.28 StartDt: 12/16/2011 ExpDt: 12/21/2012 Currency: EUR Price: -107.38 EUR</Message>
          <Message>Ticker: FRTEL Strike: 1.1417 StartDt: 12/16/2011 ExpDt: 12/21/2012 Currency: EUR Price: -107.38 EUR</Message>
          <Message>Ticker: FRTEL Strike: 1.1417 StartDt: 12/16/2011 ExpDt: 12/21/2012 Currency: EUR Price: -107.38 EUR</Message>
          <Message>Ticker: FRTEL Strike: 1.3 StartDt: 12/17/2010 ExpDt: 12/16/2011 Currency: EUR Price: -109.35 EUR</Message>
          <Message>Ticker: FRTEL Strike: 1.3 StartDt: 12/16/2011 ExpDt: 12/21/2012 Currency: EUR Price: -107.38 EUR</Message>
          <Message>Ticker: FRTEL Strike: 1.18 StartDt: 12/16/2011 ExpDt: 12/21/2012 Currency: EUR Price: -107.38 EUR</Message>
          <Message>Ticker: FRTEL Strike: 1.255 StartDt: 12/17/2010 ExpDt: 12/16/2011 Currency: EUR Price: -109.35 EUR</Message>
          <Message>Ticker: FRTEL Strike: 1.255 StartDt: 12/17/2010 ExpDt: 12/16/2011 Currency: EUR Price: -109.35 EUR</Message>
          <Message>Ticker: FRTEL Strike: 1.26 StartDt: 12/17/2010 ExpDt: 12/16/2011 Currency: EUR Price: -109.35 EUR</Message>
          <Message>Ticker: FRTEL Strike: 1.18 StartDt: 12/16/2011 ExpDt: 12/21/2012 Currency: EUR Price: -107.38 EUR</Message>
          <Message>Ticker: FRTEL Strike: 1.26 StartDt: 12/16/2011 ExpDt: 12/21/2012 Currency: EUR Price: -107.38 EUR</Message>
          <Message>Ticker: GDFS Strike: 1.38 StartDt: 12/17/2010 ExpDt: 12/16/2011 Currency: EUR Price: -109.35 EUR</Message>
          <Message>Ticker: GDFS Strike: 1.445 StartDt: 12/17/2010 ExpDt: 12/16/2011 Currency: EUR Price: -109.35 EUR</Message>
          <Message>Ticker: GDFS Strike: 1.33 StartDt: 12/16/2011 ExpDt: 12/21/2012 Currency: EUR Price: -107.38 EUR</Message>
          <Message>Ticker: GSK Strike: 0.53 StartDt: 12/16/2011 ExpDt: 12/21/2012 Currency: GBP Price: -107.61 GBP</Message>
          <Message>Ticker: GSK Strike: 0.53 StartDt: 12/20/2013 ExpDt: 12/19/2014 Currency: GBP Price: -100.89 GBP</Message>
          <Message>Ticker: GSK Strike: 0.53 StartDt: 12/21/2012 ExpDt: 12/20/2013 Currency: GBP Price: -104.55 GBP</Message>
          <Message>Ticker: GSK Strike: 0.53 StartDt: 12/17/2010 ExpDt: 12/16/2011 Currency: GBP Price: -109.39 GBP</Message>
          <Message>Ticker: IBERDU Strike: 0.275 StartDt: 12/17/2010 ExpDt: 12/16/2011 Currency: EUR Price: -109.35 EUR</Message>
          <Message>Ticker: IBERDU Strike: 0.235 StartDt: 12/16/2011 ExpDt: 12/21/2012 Currency: EUR Price: -107.38 EUR</Message>
          <Message>Ticker: INTNED Strike: 0.9599 StartDt: 12/21/2012 ExpDt: 12/20/2013 Currency: EUR Price: -104.64 EUR</Message>
          <Message>Ticker: INTNED Strike: 0.9599 StartDt: 12/20/2013 ExpDt: 12/19/2014 Currency: EUR Price: -101.46 EUR</Message>
          <Message>Ticker: INTNED Strike: 0.9599 StartDt: 12/16/2011 ExpDt: 12/21/2012 Currency: EUR Price: -107.38 EUR</Message>
          <Message>Ticker: INTNED Strike: 0.12 StartDt: 12/17/2010 ExpDt: 12/16/2011 Currency: EUR Price: -109.35 EUR</Message>
          <Message>Ticker: INTNED Strike: 0.9599 StartDt: 12/17/2010 ExpDt: 12/16/2011 Currency: EUR Price: -109.35 EUR</Message>
          <Message>Ticker: INTNED Strike: 0.11 StartDt: 12/17/2010 ExpDt: 12/16/2011 Currency: EUR Price: -109.35 EUR</Message>
          <Message>Ticker: JPM Strike: 0.76 StartDt: 1/21/2011 ExpDt: 1/20/2012 Currency: USD Price: -110.14 USD</Message>
          <Message>Ticker: JPM Strike: 0.76 StartDt: 1/21/2011 ExpDt: 1/20/2012 Currency: USD Price: -110.14 USD</Message>
          <Message>Ticker: KPN Strike: 0.65 StartDt: 12/21/2012 ExpDt: 12/20/2013 Currency: EUR Price: -104.64 EUR</Message>
          <Message>Ticker: KPN Strike: 0.65 StartDt: 12/20/2013 ExpDt: 12/19/2014 Currency: EUR Price: -101.46 EUR</Message>
          <Message>Ticker: KPN Strike: 0.65 StartDt: 12/17/2010 ExpDt: 12/16/2011 Currency: EUR Price: -109.35 EUR</Message>
          <Message>Ticker: KPN Strike: 0.65 StartDt: 12/16/2011 ExpDt: 12/21/2012 Currency: EUR Price: -107.38 EUR</Message>
          <Message>Ticker: LBGP Strike: 0.3 StartDt: 12/16/2011 ExpDt: 12/21/2012 Currency: GBP Price: -107.61 GBP</Message>
          <Message>Ticker: LBGP Strike: 0.3 StartDt: 12/17/2010 ExpDt: 12/16/2011 Currency: GBP Price: -109.39 GBP</Message>
          <Message>Ticker: LBGP Strike: 0.3 StartDt: 12/20/2013 ExpDt: 12/19/2014 Currency: GBP Price: -100.89 GBP</Message>
          <Message>Ticker: LBGP Strike: 0.3 StartDt: 12/21/2012 ExpDt: 12/20/2013 Currency: GBP Price: -104.55 GBP</Message>
          <Message>Ticker: MUNRE Strike: 5.8 StartDt: 12/17/2010 ExpDt: 12/16/2011 Currency: EUR Price: -109.35 EUR</Message>
          <Message>Ticker: MUNRE Strike: 5.52 StartDt: 12/17/2010 ExpDt: 12/16/2011 Currency: EUR Price: -109.35 EUR</Message>
          <Message>Ticker: MUNRE Strike: 5.8 StartDt: 12/16/2011 ExpDt: 12/21/2012 Currency: EUR Price: -107.38 EUR</Message>
          <Message>Ticker: NESTLE Strike: 1.68 StartDt: 12/16/2011 ExpDt: 12/21/2012 Currency: CHF Price: -109.92 CHF</Message>
          <Message>Ticker: NESTLE Strike: 1.68 StartDt: 12/16/2011 ExpDt: 12/21/2012 Currency: CHF Price: -109.92 CHF</Message>
          <Message>Ticker: NOKIA Strike: 0.295 StartDt: 12/16/2011 ExpDt: 12/21/2012 Currency: EUR Price: -107.38 EUR</Message>
          <Message>Ticker: NOKIA Strike: 0.35 StartDt: 12/17/2010 ExpDt: 12/16/2011 Currency: EUR Price: -109.35 EUR</Message>
          <Message>Ticker: NOVART Strike: 1.75 StartDt: 12/21/2012 ExpDt: 12/20/2013 Currency: CHF Price: -108.40 CHF</Message>
          <Message>Ticker: NOVART Strike: 1.75 StartDt: 12/16/2011 ExpDt: 12/21/2012 Currency: CHF Price: -109.92 CHF</Message>
          <Message>Ticker: NOVART Strike: 1.75 StartDt: 12/20/2013 ExpDt: 12/19/2014 Currency: CHF Price: -106.30 CHF</Message>
          <Message>Ticker: NOVART Strike: 1.67 StartDt: 1/1/2010 ExpDt: 12/31/2010 Currency: CHF Price: -111.00 CHF</Message>
          <Message>Ticker: NOVART Strike: 1.75 StartDt: 12/17/2010 ExpDt: 12/16/2011 Currency: CHF Price: -110.45 CHF</Message>
          <Message>Ticker: PFE Strike: 1.4 StartDt: 1/1/2010 ExpDt: 12/31/2010 Currency: USD Price: -110.99 USD</Message>
          <Message>Ticker: PFE Strike: 1.12 StartDt: 12/31/2006 ExpDt: 12/31/2010 Currency: USD Price: -110.99 USD</Message>
          <Message>Ticker: PFE Strike: 1.32 StartDt: 1/1/2010 ExpDt: 12/31/2010 Currency: USD Price: -110.99 USD</Message>
          <Message>Ticker: PHG Strike: 0.65 StartDt: 12/17/2010 ExpDt: 12/16/2011 Currency: EUR Price: -109.35 EUR</Message>
          <Message>Ticker: PHG Strike: 0.76 StartDt: 12/16/2011 ExpDt: 12/21/2012 Currency: EUR Price: -107.38 EUR</Message>
          <Message>Ticker: REP Strike: 0.75 StartDt: 12/17/2010 ExpDt: 12/16/2011 Currency: EUR Price: -109.35 EUR</Message>
          <Message>Ticker: REP Strike: 0.79 StartDt: 12/16/2011 ExpDt: 12/21/2012 Currency: EUR Price: -107.38 EUR</Message>
          <Message>Ticker: RWE Strike: 3.5 StartDt: 12/16/2011 ExpDt: 12/21/2012 Currency: EUR Price: -107.38 EUR</Message>
          <Message>Ticker: RWE Strike: 3.15 StartDt: 12/17/2010 ExpDt: 12/16/2011 Currency: EUR Price: -109.35 EUR</Message>
          <Message>Ticker: RWE Strike: 2.83 StartDt: 12/16/2011 ExpDt: 12/21/2012 Currency: EUR Price: -107.38 EUR</Message>
          <Message>Ticker: RWE Strike: 3.59 StartDt: 12/17/2010 ExpDt: 12/16/2011 Currency: EUR Price: -109.35 EUR</Message>
          <Message>Ticker: RWE Strike: 3.5 StartDt: 12/21/2012 ExpDt: 12/20/2013 Currency: EUR Price: -104.64 EUR</Message>
          <Message>Ticker: RWE Strike: 3.5 StartDt: 12/20/2013 ExpDt: 12/19/2014 Currency: EUR Price: -101.46 EUR</Message>
          <Message>Ticker: RWE Strike: 3.5 StartDt: 12/17/2010 ExpDt: 12/16/2011 Currency: EUR Price: -109.35 EUR</Message>
          <Message>Ticker: SANPAO Strike: 0.07 StartDt: 12/16/2011 ExpDt: 12/21/2012 Currency: EUR Price: -107.38 EUR</Message>
          <Message>Ticker: SANTNDR Strike: 0.625974867 StartDt: 12/16/2011 ExpDt: 12/21/2012 Currency: EUR Price: -107.38 EUR</Message>
          <Message>Ticker: SANTNDR Strike: 0.625974867 StartDt: 12/21/2012 ExpDt: 12/20/2013 Currency: EUR Price: -104.64 EUR</Message>
          <Message>Ticker: SANTNDR Strike: 0.4443039 StartDt: 12/17/2010 ExpDt: 12/16/2011 Currency: EUR Price: -109.35 EUR</Message>
          <Message>Ticker: SANTNDR Strike: 0.40481022 StartDt: 12/16/2011 ExpDt: 12/21/2012 Currency: EUR Price: -107.38 EUR</Message>
          <Message>Ticker: SANTNDR Strike: 0.42455706 StartDt: 12/17/2010 ExpDt: 12/16/2011 Currency: EUR Price: -109.35 EUR</Message>
          <Message>Ticker: SANTNDR Strike: 0.39987351 StartDt: 12/16/2011 ExpDt: 12/21/2012 Currency: EUR Price: -107.38 EUR</Message>
          <Message>Ticker: SANTNDR Strike: 0.625974867 StartDt: 12/17/2010 ExpDt: 12/16/2011 Currency: EUR Price: -109.35 EUR</Message>
          <Message>Ticker: SANTNDR Strike: 0.42 StartDt: 12/16/2011 ExpDt: 12/21/2012 Currency: EUR Price: -107.38 EUR</Message>
          <Message>Ticker: SANTNDR Strike: 0.625974867 StartDt: 12/20/2013 ExpDt: 12/19/2014 Currency: EUR Price: -101.46 EUR</Message>
          <Message>Ticker: SANTNDR Strike: 0.5430381 StartDt: 12/17/2010 ExpDt: 12/16/2011 Currency: EUR Price: -109.35 EUR</Message>
          <Message>Ticker: SANTNDR Strike: 0.50729632 StartDt: 12/17/2010 ExpDt: 12/16/2011 Currency: EUR Price: -109.35 EUR</Message>
          <Message>Ticker: SANTNDR Strike: 0.50729632 StartDt: 12/17/2010 ExpDt: 12/16/2011 Currency: EUR Price: -109.35 EUR</Message>
          <Message>Ticker: SAPAG Strike: 0.5 StartDt: 12/16/2011 ExpDt: 12/21/2012 Currency: EUR Price: -107.38 EUR</Message>
          <Message>Ticker: SASY Strike: 2.16 StartDt: 12/17/2010 ExpDt: 12/16/2011 Currency: EUR Price: -109.35 EUR</Message>
          <Message>Ticker: SASY Strike: 2.3 StartDt: 12/16/2011 ExpDt: 12/21/2012 Currency: EUR Price: -107.38 EUR</Message>
          <Message>Ticker: SASY Strike: 2.21 StartDt: 12/16/2011 ExpDt: 12/21/2012 Currency: EUR Price: -107.38 EUR</Message>
          <Message>Ticker: SASY Strike: 2.2 StartDt: 12/16/2011 ExpDt: 12/21/2012 Currency: EUR Price: -107.38 EUR</Message>
          <Message>Ticker: SASY Strike: 2.717 StartDt: 12/16/2011 ExpDt: 12/21/2012 Currency: EUR Price: -107.38 EUR</Message>
          <Message>Ticker: SASY Strike: 2.3 StartDt: 12/17/2010 ExpDt: 12/16/2011 Currency: EUR Price: -109.35 EUR</Message>
          <Message>Ticker: SASY Strike: 2.717 StartDt: 12/16/2011 ExpDt: 12/21/2012 Currency: EUR Price: -107.38 EUR</Message>
          <Message>Ticker: SCHN Strike: 2.13 StartDt: 12/17/2010 ExpDt: 12/16/2011 Currency: EUR Price: -109.35 EUR</Message>
          <Message>Ticker: SIEM Strike: 1.64 StartDt: 12/16/2011 ExpDt: 12/21/2012 Currency: EUR Price: -107.38 EUR</Message>
          <Message>Ticker: SIEM Strike: 1.45 StartDt: 12/16/2011 ExpDt: 12/21/2012 Currency: EUR Price: -107.38 EUR</Message>
          <Message>Ticker: SIEM Strike: 1.675 StartDt: 12/16/2011 ExpDt: 12/21/2012 Currency: EUR Price: -107.38 EUR</Message>
          <Message>Ticker: SIEM Strike: 1.55 StartDt: 12/17/2010 ExpDt: 12/16/2011 Currency: EUR Price: -109.35 EUR</Message>
          <Message>Ticker: SIEM Strike: 1.5 StartDt: 12/17/2010 ExpDt: 12/16/2011 Currency: EUR Price: -109.35 EUR</Message>
          <Message>Ticker: SIEM Strike: 1.675 StartDt: 12/16/2011 ExpDt: 12/21/2012 Currency: EUR Price: -107.38 EUR</Message>
          <Message>Ticker: SOCGEN Strike: 1.01414065 StartDt: 12/17/2010 ExpDt: 12/16/2011 Currency: EUR Price: -109.35 EUR</Message>
          <Message>Ticker: SOCGEN Strike: 0.78 StartDt: 12/16/2011 ExpDt: 12/21/2012 Currency: EUR Price: -107.38 EUR</Message>
          <Message>Ticker: SOCGEN Strike: 0.79 StartDt: 12/16/2011 ExpDt: 12/21/2012 Currency: EUR Price: -107.38 EUR</Message>
          <Message>Ticker: SOCGEN Strike: 0.845 StartDt: 12/16/2011 ExpDt: 12/21/2012 Currency: EUR Price: -107.38 EUR</Message>
          <Message>Ticker: SOCGEN Strike: 0.845 StartDt: 12/16/2011 ExpDt: 12/21/2012 Currency: EUR Price: -107.38 EUR</Message>
          <Message>Ticker: TELEFO Strike: 1.405 StartDt: 12/17/2010 ExpDt: 12/16/2011 Currency: EUR Price: -109.35 EUR</Message>
          <Message>Ticker: TELEFO Strike: 1.36 StartDt: 12/16/2011 ExpDt: 12/21/2012 Currency: EUR Price: -107.38 EUR</Message>
          <Message>Ticker: TELEFO Strike: 1.3 StartDt: 12/17/2010 ExpDt: 12/16/2011 Currency: EUR Price: -109.35 EUR</Message>
          <Message>Ticker: TELEFO Strike: 1.36 StartDt: 12/21/2012 ExpDt: 12/20/2013 Currency: EUR Price: -104.64 EUR</Message>
          <Message>Ticker: TELEFO Strike: 1.405 StartDt: 12/17/2010 ExpDt: 12/16/2011 Currency: EUR Price: -109.35 EUR</Message>
          <Message>Ticker: TELEFO Strike: 1.185 StartDt: 12/16/2011 ExpDt: 12/21/2012 Currency: EUR Price: -107.38 EUR</Message>
          <Message>Ticker: TELEFO Strike: 1 StartDt: 12/17/2010 ExpDt: 12/16/2011 Currency: EUR Price: -109.35 EUR</Message>
          <Message>Ticker: TELEFO Strike: 1 StartDt: 12/17/2010 ExpDt: 12/16/2011 Currency: EUR Price: -109.35 EUR</Message>
          <Message>Ticker: TELEFO Strike: 1 StartDt: 12/16/2011 ExpDt: 12/21/2012 Currency: EUR Price: -107.38 EUR</Message>
          <Message>Ticker: TELEFO Strike: 1 StartDt: 12/20/2013 ExpDt: 12/19/2014 Currency: EUR Price: -101.46 EUR</Message>
          <Message>Ticker: TELEFO Strike: 1 StartDt: 12/21/2012 ExpDt: 12/20/2013 Currency: EUR Price: -104.64 EUR</Message>
          <Message>Ticker: TOTALN Strike: 2.1438 StartDt: 12/17/2010 ExpDt: 12/16/2011 Currency: EUR Price: -109.35 EUR</Message>
          <Message>Ticker: TOTALN Strike: 1.73 StartDt: 12/17/2010 ExpDt: 12/16/2011 Currency: EUR Price: -109.35 EUR</Message>
          <Message>Ticker: TOTALN Strike: 1.9 StartDt: 12/17/2010 ExpDt: 12/16/2011 Currency: EUR Price: -109.35 EUR</Message>
          <Message>Ticker: TOTALN Strike: 2.09 StartDt: 12/17/2010 ExpDt: 12/16/2011 Currency: EUR Price: -109.35 EUR</Message>
          <Message>Ticker: TOTALN Strike: 2.06 StartDt: 12/16/2011 ExpDt: 12/21/2012 Currency: EUR Price: -107.38 EUR</Message>
          <Message>Ticker: TOTALN Strike: 2.1438 StartDt: 12/17/2010 ExpDt: 12/16/2011 Currency: EUR Price: -109.35 EUR</Message>
          <Message>Ticker: ULVR Strike: 0.8 StartDt: 12/16/2011 ExpDt: 12/21/2012 Currency: EUR Price: -107.38 EUR</Message>
          <Message>Ticker: ULVR Strike: 0.76 StartDt: 12/17/2010 ExpDt: 12/16/2011 Currency: EUR Price: -109.35 EUR</Message>
          <Message>Ticker: ULVR Strike: 0.85 StartDt: 12/16/2011 ExpDt: 12/21/2012 Currency: EUR Price: -107.38 EUR</Message>
          <Message>Ticker: ULVR Strike: 0.7 StartDt: 12/17/2010 ExpDt: 12/16/2011 Currency: EUR Price: -109.35 EUR</Message>
          <Message>Ticker: USPA Strike: 0.2287 StartDt: 12/16/2011 ExpDt: 12/21/2012 Currency: EUR Price: -107.38 EUR</Message>
          <Message>Ticker: USPA Strike: 0.2287 StartDt: 12/21/2012 ExpDt: 12/20/2013 Currency: EUR Price: -104.64 EUR</Message>
          <Message>Ticker: USPA Strike: 0.2287 StartDt: 12/17/2010 ExpDt: 12/16/2011 Currency: EUR Price: -109.35 EUR</Message>
          <Message>Ticker: USPA Strike: 0.2287 StartDt: 12/20/2013 ExpDt: 12/19/2014 Currency: EUR Price: -101.46 EUR</Message>
          <Message>Ticker: VINCI Strike: 1.4 StartDt: 12/17/2010 ExpDt: 12/16/2011 Currency: EUR Price: -109.35 EUR</Message>
          <Message>Ticker: VIVNDI Strike: 1.36 StartDt: 12/16/2011 ExpDt: 12/21/2012 Currency: EUR Price: -107.38 EUR</Message>
          <Message>Ticker: VIVNDI Strike: 1.32 StartDt: 12/20/2013 ExpDt: 12/19/2014 Currency: EUR Price: -101.46 EUR</Message>
          <Message>Ticker: VIVNDI Strike: 0.8 StartDt: 12/17/2010 ExpDt: 12/16/2011 Currency: EUR Price: -109.35 EUR</Message>
          <Message>Ticker: VIVNDI Strike: 1.3 StartDt: 12/17/2010 ExpDt: 12/16/2011 Currency: EUR Price: -109.35 EUR</Message>
          <Message>Ticker: VIVNDI Strike: 1.32 StartDt: 12/21/2012 ExpDt: 12/20/2013 Currency: EUR Price: -104.64 EUR</Message>
          <Message>Ticker: VIVNDI Strike: 1.25 StartDt: 12/17/2010 ExpDt: 12/16/2011 Currency: EUR Price: -109.35 EUR</Message>
          <Message>Ticker: VIVNDI Strike: 1.25 StartDt: 12/17/2010 ExpDt: 12/16/2011 Currency: EUR Price: -109.35 EUR</Message>
          <Message>Ticker: VIVNDI Strike: 1.28 StartDt: 12/16/2011 ExpDt: 12/21/2012 Currency: EUR Price: -107.38 EUR</Message>
          <Message>Ticker: VIVNDI Strike: 1.32 StartDt: 12/16/2011 ExpDt: 12/21/2012 Currency: EUR Price: -107.38 EUR</Message>
          <Message>Ticker: VIVNDI Strike: 1.28 StartDt: 12/16/2011 ExpDt: 12/21/2012 Currency: EUR Price: -107.38 EUR</Message>
          <Message>Ticker: VIVNDI Strike: 1.28 StartDt: 12/16/2011 ExpDt: 12/21/2012 Currency: EUR Price: -107.38 EUR</Message>
        </TextMessages>
      </Output>
    </UnitTestResult>
    <UnitTestResult executionId="1996e0a5-1101-49a8-975d-d86a673febd5" testId="3e7fd082-9311-def2-e009-3466ff2a3c2d" testName="OnTheRunCdxTest" computerName="BUILD01" duration="00:00:00.9213410" startTime="2010-12-23T11:02:51.5176334-05:00" endTime="2010-12-23T11:02:52.4483332-05:00" testType="13cdc9d9-ddb5-4fa4-a97d-d965ccfc6d4b" outcome="Passed" testListId="8c84fa94-04c1-424b-9868-57a2d4851a1d" relativeResultsDirectory="1996e0a5-1101-49a8-975d-d86a673febd5">
    </UnitTestResult>
    <UnitTestResult executionId="93d073b9-64d0-44ad-9e48-3b67f50d6824" testId="98686348-c8f7-990d-1f61-d194ba936a48" testName="OnTheRunCdxTestUsingExpression" computerName="BUILD01" duration="00:00:00.0169561" startTime="2010-12-23T11:02:52.4551694-05:00" endTime="2010-12-23T11:02:52.4786078-05:00" testType="13cdc9d9-ddb5-4fa4-a97d-d965ccfc6d4b" outcome="Passed" testListId="8c84fa94-04c1-424b-9868-57a2d4851a1d" relativeResultsDirectory="93d073b9-64d0-44ad-9e48-3b67f50d6824">
    </UnitTestResult>
    <UnitTestResult executionId="e2882326-ee1b-45a8-b247-bc55f87d15be" testId="2ae55c96-99f4-7210-96c6-27854c41c814" testName="PriceFutureCashFlowTrade" computerName="BUILD01" duration="00:00:24.3125567" startTime="2010-12-23T11:02:52.4834908-05:00" endTime="2010-12-23T11:03:16.8057138-05:00" testType="13cdc9d9-ddb5-4fa4-a97d-d965ccfc6d4b" outcome="Passed" testListId="8c84fa94-04c1-424b-9868-57a2d4851a1d" relativeResultsDirectory="e2882326-ee1b-45a8-b247-bc55f87d15be">
    </UnitTestResult>
    <UnitTestResult executionId="4c66df5a-549b-4700-9f41-bd03d74c4b4b" testId="daf4b2aa-01bc-d072-0062-ff26ce538558" testName="BasicFiscalQuarter" computerName="BUILD01" duration="00:00:00.0476293" startTime="2010-12-23T11:03:16.8105968-05:00" endTime="2010-12-23T11:03:16.8662630-05:00" testType="13cdc9d9-ddb5-4fa4-a97d-d965ccfc6d4b" outcome="Passed" testListId="8c84fa94-04c1-424b-9868-57a2d4851a1d" relativeResultsDirectory="4c66df5a-549b-4700-9f41-bd03d74c4b4b">
    </UnitTestResult>
    <UnitTestResult executionId="d29382b2-e7b6-4022-be81-a32763211a41" testId="2d5f3e1f-36f2-8fad-2be4-4bd9fdf0107c" testName="BasicFiscalQuarter2" computerName="BUILD01" duration="00:00:00.0025971" startTime="2010-12-23T11:03:16.8721226-05:00" endTime="2010-12-23T11:03:16.8809120-05:00" testType="13cdc9d9-ddb5-4fa4-a97d-d965ccfc6d4b" outcome="Passed" testListId="8c84fa94-04c1-424b-9868-57a2d4851a1d" relativeResultsDirectory="d29382b2-e7b6-4022-be81-a32763211a41">
    </UnitTestResult>
    <UnitTestResult executionId="ac57f560-5fa0-4c40-a2bc-3aea54699d51" testId="b7e833fa-09b7-7c23-ca3a-2160c850a6b5" testName="BasicFiscalQuarterList" computerName="BUILD01" duration="00:00:00.0024665" startTime="2010-12-23T11:03:16.8867716-05:00" endTime="2010-12-23T11:03:16.8936078-05:00" testType="13cdc9d9-ddb5-4fa4-a97d-d965ccfc6d4b" outcome="Passed" testListId="8c84fa94-04c1-424b-9868-57a2d4851a1d" relativeResultsDirectory="ac57f560-5fa0-4c40-a2bc-3aea54699d51">
    </UnitTestResult>
    <UnitTestResult executionId="e47b3a95-4da2-40ad-8be0-274815134a82" testId="b93cf57d-ecd6-dbf1-e3c4-6f6acd038955" testName="BasicFiscalYear" computerName="BUILD01" duration="00:00:00.0009322" startTime="2010-12-23T11:03:16.8994674-05:00" endTime="2010-12-23T11:03:16.9063036-05:00" testType="13cdc9d9-ddb5-4fa4-a97d-d965ccfc6d4b" outcome="Passed" testListId="8c84fa94-04c1-424b-9868-57a2d4851a1d" relativeResultsDirectory="e47b3a95-4da2-40ad-8be0-274815134a82">
    </UnitTestResult>
    <UnitTestResult executionId="63556a5d-cd35-4706-b514-e144786ea564" testId="7f6c3303-6958-25c9-075e-f51f2f4a0f9b" testName="CheckInterning" computerName="BUILD01" duration="00:00:00.0005173" startTime="2010-12-23T11:03:16.9111866-05:00" endTime="2010-12-23T11:03:16.9170462-05:00" testType="13cdc9d9-ddb5-4fa4-a97d-d965ccfc6d4b" outcome="Passed" testListId="8c84fa94-04c1-424b-9868-57a2d4851a1d" relativeResultsDirectory="63556a5d-cd35-4706-b514-e144786ea564">
    </UnitTestResult>
    <UnitTestResult executionId="2a7240f2-0593-43f7-8c01-3b1dfd3b56e2" testId="84ef99a1-3b2b-8fc4-3d6d-3baffadc04d1" testName="BasicCorpFiscalYearConstantDate" computerName="BUILD01" duration="00:00:00.1546979" startTime="2010-12-23T11:03:16.9229058-05:00" endTime="2010-12-23T11:03:17.0840448-05:00" testType="13cdc9d9-ddb5-4fa4-a97d-d965ccfc6d4b" outcome="Failed" testListId="8c84fa94-04c1-424b-9868-57a2d4851a1d" relativeResultsDirectory="2a7240f2-0593-43f7-8c01-3b1dfd3b56e2">
      <Output>
        <ErrorInfo>
          <Message>Test method FinOM.Analytics.Test.FinancialStatementTests.BasicCorpFiscalYearConstantDate threw exception: 
System.NullReferenceException: Object reference not set to an instance of an object.</Message>
          <StackTrace>    at FinOM.Analytics.Test.FinancialStatementTests.BasicCorpFiscalYearConstantDate() in e:\TeamCity_Data\Build\Sierra\src\FinOM\FinOM.Test\Corporation\FinancialStatementTests.cs:line 252
</StackTrace>
        </ErrorInfo>
      </Output>
    </UnitTestResult>
    <UnitTestResult executionId="fac3be37-8ec8-47f9-9c24-53eb7b6c096d" testId="0f79c3e4-2423-be2f-9473-85fc9900c74d" testName="BasicCorpFiscalYearMutableDate" computerName="BUILD01" duration="00:00:00.0022438" startTime="2010-12-23T11:03:17.0918576-05:00" endTime="2010-12-23T11:03:17.0996704-05:00" testType="13cdc9d9-ddb5-4fa4-a97d-d965ccfc6d4b" outcome="Failed" testListId="8c84fa94-04c1-424b-9868-57a2d4851a1d" relativeResultsDirectory="fac3be37-8ec8-47f9-9c24-53eb7b6c096d">
      <Output>
        <ErrorInfo>
          <Message>Test method FinOM.Analytics.Test.FinancialStatementTests.BasicCorpFiscalYearMutableDate threw exception: 
System.NullReferenceException: Object reference not set to an instance of an object.</Message>
          <StackTrace>    at FinOM.Analytics.Test.FinancialStatementTests.BasicCorpFiscalYearMutableDate() in e:\TeamCity_Data\Build\Sierra\src\FinOM\FinOM.Test\Corporation\FinancialStatementTests.cs:line 295
</StackTrace>
        </ErrorInfo>
      </Output>
    </UnitTestResult>
    <UnitTestResult executionId="6f17a2d1-d6be-4362-b183-eb06984a8d57" testId="0feff6ba-db52-ff97-274a-d7245a3452c1" testName="BasicYearEndGet" computerName="BUILD01" duration="00:00:00.0063071" startTime="2010-12-23T11:03:17.1065066-05:00" endTime="2010-12-23T11:03:17.1172492-05:00" testType="13cdc9d9-ddb5-4fa4-a97d-d965ccfc6d4b" outcome="Failed" testListId="8c84fa94-04c1-424b-9868-57a2d4851a1d" relativeResultsDirectory="6f17a2d1-d6be-4362-b183-eb06984a8d57">
      <Output>
        <ErrorInfo>
          <Message>Test method FinOM.Analytics.Test.FinancialStatementTests.BasicYearEndGet threw exception: 
System.NullReferenceException: Object reference not set to an instance of an object.</Message>
          <StackTrace>    at FinOM.Analytics.Test.FinancialStatementTests.BasicYearEndGet() in e:\TeamCity_Data\Build\Sierra\src\FinOM\FinOM.Test\Corporation\FinancialStatementTests.cs:line 131
</StackTrace>
        </ErrorInfo>
      </Output>
    </UnitTestResult>
    <UnitTestResult executionId="be280545-418d-44ed-826f-6800ca6ad333" testId="c219cd7d-0039-3cbb-c3de-ed5f5ac00f3f" testName="BasicYearEndSet" computerName="BUILD01" duration="00:00:00.0105413" startTime="2010-12-23T11:03:17.1231088-05:00" endTime="2010-12-23T11:03:17.1377578-05:00" testType="13cdc9d9-ddb5-4fa4-a97d-d965ccfc6d4b" outcome="Failed" testListId="8c84fa94-04c1-424b-9868-57a2d4851a1d" relativeResultsDirectory="be280545-418d-44ed-826f-6800ca6ad333">
      <Output>
        <ErrorInfo>
          <Message>Test method FinOM.Analytics.Test.FinancialStatementTests.BasicYearEndSet threw exception: 
System.NullReferenceException: Object reference not set to an instance of an object.</Message>
          <StackTrace>    at FinOM.Analytics.Test.FinancialStatementTests.BasicYearEndSet() in e:\TeamCity_Data\Build\Sierra\src\FinOM\FinOM.Test\Corporation\FinancialStatementTests.cs:line 156
</StackTrace>
        </ErrorInfo>
      </Output>
    </UnitTestResult>
    <UnitTestResult executionId="df63363c-9f52-4ff3-9afa-4f322dcf57a2" testId="0ed989a1-5e56-8834-1d97-75499eb9cc34" testName="JumpRatingStoreChanges" computerName="BUILD01" duration="00:00:00.7757017" startTime="2010-12-23T11:03:17.1436174-05:00" endTime="2010-12-23T11:03:17.9268509-05:00" testType="13cdc9d9-ddb5-4fa4-a97d-d965ccfc6d4b" outcome="Passed" testListId="8c84fa94-04c1-424b-9868-57a2d4851a1d" relativeResultsDirectory="df63363c-9f52-4ff3-9afa-4f322dcf57a2">
    </UnitTestResult>
    <UnitTestResult executionId="b1e1762b-8847-475b-888e-db6bc9744542" testId="c548a6ab-0bdf-a77c-364e-953fc74bc559" testName="JumpRatingTranscription1" computerName="BUILD01" duration="00:00:00.0025576" startTime="2010-12-23T11:03:17.9346637-05:00" endTime="2010-12-23T11:03:17.9424765-05:00" testType="13cdc9d9-ddb5-4fa4-a97d-d965ccfc6d4b" outcome="Passed" testListId="8c84fa94-04c1-424b-9868-57a2d4851a1d" relativeResultsDirectory="b1e1762b-8847-475b-888e-db6bc9744542">
    </UnitTestResult>
    <UnitTestResult executionId="95590119-08fd-4108-b23f-e9836850d554" testId="558e8657-2c28-54e0-d4bc-eca5348ac349" testName="JumpRatingTranscription2" computerName="BUILD01" duration="00:00:00.0008437" startTime="2010-12-23T11:03:17.9483361-05:00" endTime="2010-12-23T11:03:17.9551723-05:00" testType="13cdc9d9-ddb5-4fa4-a97d-d965ccfc6d4b" outcome="Passed" testListId="8c84fa94-04c1-424b-9868-57a2d4851a1d" relativeResultsDirectory="95590119-08fd-4108-b23f-e9836850d554">
    </UnitTestResult>
    <UnitTestResult executionId="7b501384-3e22-424d-9f7e-e394b6f70d87" testId="26a643eb-c7d3-3061-3d13-12df877729c7" testName="resbasis_loadSpreads1" computerName="BUILD01" duration="00:00:03.5245090" startTime="2010-12-23T11:03:17.9600553-05:00" endTime="2010-12-23T11:03:21.4914409-05:00" testType="13cdc9d9-ddb5-4fa4-a97d-d965ccfc6d4b" outcome="Passed" testListId="8c84fa94-04c1-424b-9868-57a2d4851a1d" relativeResultsDirectory="7b501384-3e22-424d-9f7e-e394b6f70d87">
    </UnitTestResult>
    <UnitTestResult executionId="a21035d6-99a2-473e-ae5f-64b930e5c906" testId="875aef27-e073-18b8-8a4f-167b04ade983" testName="resbasis_loadSpreads2" computerName="BUILD01" duration="00:00:03.3410870" startTime="2010-12-23T11:03:21.4973005-05:00" endTime="2010-12-23T11:03:24.8450853-05:00" testType="13cdc9d9-ddb5-4fa4-a97d-d965ccfc6d4b" outcome="Passed" testListId="8c84fa94-04c1-424b-9868-57a2d4851a1d" relativeResultsDirectory="a21035d6-99a2-473e-ae5f-64b930e5c906">
    </UnitTestResult>
    <UnitTestResult executionId="35f6f06d-4632-45cb-b367-8d2b42913b7a" testId="c460bee7-f712-6c5e-dc7f-917e4e334fbb" testName="resbasis_loadSpreads3" computerName="BUILD01" duration="00:00:05.5861806" startTime="2010-12-23T11:03:24.8509449-05:00" endTime="2010-12-23T11:03:30.4439331-05:00" testType="13cdc9d9-ddb5-4fa4-a97d-d965ccfc6d4b" outcome="Passed" testListId="8c84fa94-04c1-424b-9868-57a2d4851a1d" relativeResultsDirectory="35f6f06d-4632-45cb-b367-8d2b42913b7a">
    </UnitTestResult>
    <UnitTestResult executionId="8adc599e-fb6b-4f3d-a0cf-e30b58b45ed3" testId="a35d60bc-466c-7449-2d35-652207871210" testName="resbasis_retrieveMapTable" computerName="BUILD01" duration="00:00:00.0009283" startTime="2010-12-23T11:03:30.4497927-05:00" endTime="2010-12-23T11:03:30.4556523-05:00" testType="13cdc9d9-ddb5-4fa4-a97d-d965ccfc6d4b" outcome="Passed" testListId="8c84fa94-04c1-424b-9868-57a2d4851a1d" relativeResultsDirectory="8adc599e-fb6b-4f3d-a0cf-e30b58b45ed3">
    </UnitTestResult>
    <UnitTestResult executionId="ae5276dc-9023-4eb6-9138-38700611f74c" testId="d1aa17a5-2ed1-8b9c-a66b-dbfe09c0af81" testName="resbasis_saveSpreads1" computerName="BUILD01" duration="00:00:00.1383201" startTime="2010-12-23T11:03:30.4605353-05:00" endTime="2010-12-23T11:03:30.6040955-05:00" testType="13cdc9d9-ddb5-4fa4-a97d-d965ccfc6d4b" outcome="Passed" testListId="8c84fa94-04c1-424b-9868-57a2d4851a1d" relativeResultsDirectory="ae5276dc-9023-4eb6-9138-38700611f74c">
    </UnitTestResult>
    <UnitTestResult executionId="53c8668f-de81-4ccd-81d9-9c8d3e1b35c3" testId="0976d553-e5af-6ca8-1a48-e1c69d98568e" testName="XBondTest" computerName="BUILD01" duration="00:00:00.4093595" startTime="2010-12-23T11:03:30.6089785-05:00" endTime="2010-12-23T11:03:31.0289165-05:00" testType="13cdc9d9-ddb5-4fa4-a97d-d965ccfc6d4b" outcome="Passed" testListId="8c84fa94-04c1-424b-9868-57a2d4851a1d" relativeResultsDirectory="53c8668f-de81-4ccd-81d9-9c8d3e1b35c3">
    </UnitTestResult>
    <UnitTestResult executionId="ba673970-83b8-47d9-8e9c-796c45b4127b" testId="f4e6fdfe-0b63-b2ec-c2be-d8552a1ab5e1" testName="FuturesPriceTest" computerName="BUILD01" duration="00:00:00.0058390" startTime="2010-12-23T11:03:31.0347761-05:00" endTime="2010-12-23T11:03:31.0464953-05:00" testType="13cdc9d9-ddb5-4fa4-a97d-d965ccfc6d4b" outcome="Passed" testListId="8c84fa94-04c1-424b-9868-57a2d4851a1d" relativeResultsDirectory="ba673970-83b8-47d9-8e9c-796c45b4127b">
    </UnitTestResult>
    <UnitTestResult executionId="71ec4ea0-e001-4567-b820-92a3b0b68000" testId="4a220124-1aab-92c1-497d-dce9654f0061" testName="Counterparty" computerName="BUILD01" duration="00:00:00.4148864" startTime="2010-12-23T11:03:31.0523549-05:00" endTime="2010-12-23T11:03:31.4771759-05:00" testType="13cdc9d9-ddb5-4fa4-a97d-d965ccfc6d4b" outcome="Passed" testListId="8c84fa94-04c1-424b-9868-57a2d4851a1d" relativeResultsDirectory="71ec4ea0-e001-4567-b820-92a3b0b68000">
    </UnitTestResult>
    <UnitTestResult executionId="2eb758ba-adce-4eac-a56c-0463f0964623" testId="a9dc7060-9d87-4cb0-d772-033b77b3ddce" testName="PriceTradeModelLoadedCds" computerName="BUILD01" duration="00:00:39.9280327" startTime="2010-12-23T11:03:31.4840121-05:00" endTime="2010-12-23T11:04:11.4220691-05:00" testType="13cdc9d9-ddb5-4fa4-a97d-d965ccfc6d4b" outcome="Passed" testListId="8c84fa94-04c1-424b-9868-57a2d4851a1d" relativeResultsDirectory="2eb758ba-adce-4eac-a56c-0463f0964623">
      <Output>
        <StdOut>11:03:32  Agent: adapter run thread for test 'PriceTradeModelLoadedCds' with id '2eb758ba-adce-4eac-a56c-0463f0964623' TradeExpressionVisitor is about to call SqlInstrumentProvider on 1..2500 of 1
11:03:32  Agent: adapter run thread for test 'PriceTradeModelLoadedCds' with id '2eb758ba-adce-4eac-a56c-0463f0964623' SqlInstrumentProvider Loading instrument Cds t.insguid in ('f12044e5-f8a9-4a81-a39a-db66c54f5d3b')
Effective: 2009-01-20 Payment: 1/23/2009 0.00 USD Upfront,Effective: 2009-03-20 Payment: 3/20/2009 -6,062.22 USD Interest,Effective: 2009-06-22 Payment: 6/22/2009 -6,475.56 USD Interest
11:03:37  Agent: adapter run thread for test 'PriceTradeModelLoadedCds' with id '2eb758ba-adce-4eac-a56c-0463f0964623' BeginTask Retrieve Market Data
11:03:37  Agent: adapter run thread for test 'PriceTradeModelLoadedCds' with id '2eb758ba-adce-4eac-a56c-0463f0964623' reading market snapshot...
11:03:39  Agent: adapter run thread for test 'PriceTradeModelLoadedCds' with id '2eb758ba-adce-4eac-a56c-0463f0964623' market snapshot read in 1.5567004 \\bcna.corp\DFS\BMData\market\2009-08-05\2009-08-05_2009-08-06T205103Z_temp.bin
11:03:39  Agent: adapter run thread for test 'PriceTradeModelLoadedCds' with id '2eb758ba-adce-4eac-a56c-0463f0964623' EndTask Retrieve Market Data 00:00:01.5581447
11:03:39  Agent: adapter run thread for test 'PriceTradeModelLoadedCds' with id '2eb758ba-adce-4eac-a56c-0463f0964623' reading market changes...
11:03:41  Agent: adapter run thread for test 'PriceTradeModelLoadedCds' with id '2eb758ba-adce-4eac-a56c-0463f0964623' finished reading market changes in 2.6036156 \\bcna.corp\DFS\BMData\market\2009-08-05\2009-08-05_2009-08-06T205103Z_temp.bin
Effective: 2009-03-20 Payment: 3/20/2009 -6,062.22 USD Interest,Effective: 2009-06-22 Payment: 6/22/2009 -6,475.56 USD Interest
Legacy - SierraTransactionLoader: 00:00:29.4737880
New Transaction Model: 00:00:10.4466902</StdOut>
        <DebugTrace>11:03:32  Agent: adapter run thread for test 'PriceTradeModelLoadedCds' with id '2eb758ba-adce-4eac-a56c-0463f0964623' TradeExpressionVisitor is about to call SqlInstrumentProvider on 1..2500 of 1
11:03:32  Agent: adapter run thread for test 'PriceTradeModelLoadedCds' with id '2eb758ba-adce-4eac-a56c-0463f0964623' SqlInstrumentProvider Loading instrument Cds t.insguid in ('f12044e5-f8a9-4a81-a39a-db66c54f5d3b')
11:03:37  Agent: adapter run thread for test 'PriceTradeModelLoadedCds' with id '2eb758ba-adce-4eac-a56c-0463f0964623' BeginTask Retrieve Market Data
11:03:37  Agent: adapter run thread for test 'PriceTradeModelLoadedCds' with id '2eb758ba-adce-4eac-a56c-0463f0964623' reading market snapshot...
11:03:39  Agent: adapter run thread for test 'PriceTradeModelLoadedCds' with id '2eb758ba-adce-4eac-a56c-0463f0964623' market snapshot read in 1.5567004 \\bcna.corp\DFS\BMData\market\2009-08-05\2009-08-05_2009-08-06T205103Z_temp.bin
11:03:39  Agent: adapter run thread for test 'PriceTradeModelLoadedCds' with id '2eb758ba-adce-4eac-a56c-0463f0964623' EndTask Retrieve Market Data 00:00:01.5581447
11:03:39  Agent: adapter run thread for test 'PriceTradeModelLoadedCds' with id '2eb758ba-adce-4eac-a56c-0463f0964623' reading market changes...
11:03:41  Agent: adapter run thread for test 'PriceTradeModelLoadedCds' with id '2eb758ba-adce-4eac-a56c-0463f0964623' finished reading market changes in 2.6036156 \\bcna.corp\DFS\BMData\market\2009-08-05\2009-08-05_2009-08-06T205103Z_temp.bin
</DebugTrace>
      </Output>
    </UnitTestResult>
    <UnitTestResult executionId="675f302a-332f-4d59-96ac-61e88a742ba1" testId="20198fe6-09ab-c29b-70a6-55f21f4e88d6" testName="QueryActionExcludingNonVerifiedChanges" computerName="BUILD01" duration="00:00:00.8592580" startTime="2010-12-23T11:04:11.4279287-05:00" endTime="2010-12-23T11:04:12.2951495-05:00" testType="13cdc9d9-ddb5-4fa4-a97d-d965ccfc6d4b" outcome="Passed" testListId="8c84fa94-04c1-424b-9868-57a2d4851a1d" relativeResultsDirectory="675f302a-332f-4d59-96ac-61e88a742ba1">
      <Output>
        <StdOut>11:04:11  Agent: adapter run thread for test 'QueryActionExcludingNonVerifiedChanges' with id '675f302a-332f-4d59-96ac-61e88a742ba1' TradeExpressionVisitor is about to call SqlInstrumentProvider on 1..2500 of 1
11:04:11  Agent: adapter run thread for test 'QueryActionExcludingNonVerifiedChanges' with id '675f302a-332f-4d59-96ac-61e88a742ba1' SqlInstrumentProvider Loading instrument EqiVar t.insguid in ('70e0a171-40b1-4f11-b962-10a796975f96')</StdOut>
        <DebugTrace>11:04:11  Agent: adapter run thread for test 'QueryActionExcludingNonVerifiedChanges' with id '675f302a-332f-4d59-96ac-61e88a742ba1' TradeExpressionVisitor is about to call SqlInstrumentProvider on 1..2500 of 1
11:04:11  Agent: adapter run thread for test 'QueryActionExcludingNonVerifiedChanges' with id '675f302a-332f-4d59-96ac-61e88a742ba1' SqlInstrumentProvider Loading instrument EqiVar t.insguid in ('70e0a171-40b1-4f11-b962-10a796975f96')
</DebugTrace>
      </Output>
    </UnitTestResult>
    <UnitTestResult executionId="22e959ce-8e3e-49cf-b83e-d4e4ed7a049d" testId="82ea481c-72c8-ba8c-3f39-8c651f5eb54a" testName="QueryByBmid" computerName="BUILD01" duration="00:00:00.6853961" startTime="2010-12-23T11:04:12.3010091-05:00" endTime="2010-12-23T11:04:12.9924419-05:00" testType="13cdc9d9-ddb5-4fa4-a97d-d965ccfc6d4b" outcome="Passed" testListId="8c84fa94-04c1-424b-9868-57a2d4851a1d" relativeResultsDirectory="22e959ce-8e3e-49cf-b83e-d4e4ed7a049d">
      <Output>
        <StdOut>11:04:12  Agent: adapter run thread for test 'QueryByBmid' with id '22e959ce-8e3e-49cf-b83e-d4e4ed7a049d' TradeExpressionVisitor is about to call SqlInstrumentProvider on 1..2500 of 1
11:04:12  Agent: adapter run thread for test 'QueryByBmid' with id '22e959ce-8e3e-49cf-b83e-d4e4ed7a049d' SqlInstrumentProvider Loading instrument Cdi t.insguid in ('7ee17329-86cc-4252-b975-d562567497c7')</StdOut>
        <DebugTrace>11:04:12  Agent: adapter run thread for test 'QueryByBmid' with id '22e959ce-8e3e-49cf-b83e-d4e4ed7a049d' TradeExpressionVisitor is about to call SqlInstrumentProvider on 1..2500 of 1
11:04:12  Agent: adapter run thread for test 'QueryByBmid' with id '22e959ce-8e3e-49cf-b83e-d4e4ed7a049d' SqlInstrumentProvider Loading instrument Cdi t.insguid in ('7ee17329-86cc-4252-b975-d562567497c7')
</DebugTrace>
      </Output>
    </UnitTestResult>
    <UnitTestResult executionId="0e68bce8-8646-4125-a1fc-e219983b9156" testId="86e5cc8b-5ca0-c2f0-29ce-c14fece6c34a" testName="QueryByBmid2" computerName="BUILD01" duration="00:00:00.6136557" startTime="2010-12-23T11:04:12.9973249-05:00" endTime="2010-12-23T11:04:13.6174659-05:00" testType="13cdc9d9-ddb5-4fa4-a97d-d965ccfc6d4b" outcome="Passed" testListId="8c84fa94-04c1-424b-9868-57a2d4851a1d" relativeResultsDirectory="0e68bce8-8646-4125-a1fc-e219983b9156">
      <Output>
        <StdOut>11:04:13  Agent: adapter run thread for test 'QueryByBmid2' with id '0e68bce8-8646-4125-a1fc-e219983b9156' TradeExpressionVisitor is about to call SqlInstrumentProvider on 1..2500 of 1
11:04:13  Agent: adapter run thread for test 'QueryByBmid2' with id '0e68bce8-8646-4125-a1fc-e219983b9156' SqlInstrumentProvider Loading instrument Cds (3)</StdOut>
        <DebugTrace>11:04:13  Agent: adapter run thread for test 'QueryByBmid2' with id '0e68bce8-8646-4125-a1fc-e219983b9156' TradeExpressionVisitor is about to call SqlInstrumentProvider on 1..2500 of 1
11:04:13  Agent: adapter run thread for test 'QueryByBmid2' with id '0e68bce8-8646-4125-a1fc-e219983b9156' SqlInstrumentProvider Loading instrument Cds (3)
</DebugTrace>
      </Output>
    </UnitTestResult>
    <UnitTestResult executionId="b3a4bf7f-9928-40c3-addd-18dec716c2c4" testId="5c7efce3-6e4b-62bd-3159-98f8c997fd4a" testName="QueryByBmidWithIDCorrection" computerName="BUILD01" duration="00:00:01.4427583" startTime="2010-12-23T11:04:13.6243021-05:00" endTime="2010-12-23T11:04:15.0735765-05:00" testType="13cdc9d9-ddb5-4fa4-a97d-d965ccfc6d4b" outcome="Failed" testListId="8c84fa94-04c1-424b-9868-57a2d4851a1d" relativeResultsDirectory="b3a4bf7f-9928-40c3-addd-18dec716c2c4">
      <Output>
        <ErrorInfo>
          <Message>Assert.IsNotNull failed. </Message>
          <StackTrace>   at FinOM.Analytics.Test.TransactionTests.QueryByBmidWithIDCorrection() in e:\TeamCity_Data\Build\Sierra\src\FinOM\FinOM.Test\Trades\TransactionTests.cs:line 515
</StackTrace>
        </ErrorInfo>
      </Output>
    </UnitTestResult>
    <UnitTestResult executionId="677d1470-21f7-4e7e-b12d-13f72553221c" testId="347520ea-dcd2-2f95-ac5e-6fb9e649c7a8" testName="QueryById" computerName="BUILD01" duration="00:00:00.6768804" startTime="2010-12-23T11:04:15.0813893-05:00" endTime="2010-12-23T11:04:15.7640327-05:00" testType="13cdc9d9-ddb5-4fa4-a97d-d965ccfc6d4b" outcome="Failed" testListId="8c84fa94-04c1-424b-9868-57a2d4851a1d" relativeResultsDirectory="677d1470-21f7-4e7e-b12d-13f72553221c">
      <Output>
        <ErrorInfo>
          <Message>Assert.IsTrue failed. </Message>
          <StackTrace>   at FinOM.Analytics.Test.TransactionTests.QueryById() in e:\TeamCity_Data\Build\Sierra\src\FinOM\FinOM.Test\Trades\TransactionTests.cs:line 404
</StackTrace>
        </ErrorInfo>
      </Output>
    </UnitTestResult>
    <UnitTestResult executionId="a043ac1c-50b6-43fa-888e-ca75afbb8687" testId="9663d52e-4943-ca4b-1113-e309ff34b106" testName="QueryByTicker" computerName="BUILD01" duration="00:00:05.2499379" startTime="2010-12-23T11:04:15.7708689-05:00" endTime="2010-12-23T11:04:21.0288833-05:00" testType="13cdc9d9-ddb5-4fa4-a97d-d965ccfc6d4b" outcome="Passed" testListId="8c84fa94-04c1-424b-9868-57a2d4851a1d" relativeResultsDirectory="a043ac1c-50b6-43fa-888e-ca75afbb8687">
    </UnitTestResult>
    <UnitTestResult executionId="f36c825f-6557-417c-a0aa-ee5cd367ce56" testId="2261e987-74a4-f1f3-446f-f7e2a48eeaf4" testName="QueryByTradeAndOldStrategy" computerName="BUILD01" duration="00:00:07.4431171" startTime="2010-12-23T11:04:21.0376727-05:00" endTime="2010-12-23T11:04:28.4881541-05:00" testType="13cdc9d9-ddb5-4fa4-a97d-d965ccfc6d4b" outcome="Passed" testListId="8c84fa94-04c1-424b-9868-57a2d4851a1d" relativeResultsDirectory="f36c825f-6557-417c-a0aa-ee5cd367ce56">
      <Output>
        <StdOut>11:04:21  Agent: adapter run thread for test 'QueryByTradeAndOldStrategy' with id 'f36c825f-6557-417c-a0aa-ee5cd367ce56' TradeExpressionVisitor is about to call SqlInstrumentProvider on 1..2500 of 1
11:04:21  Agent: adapter run thread for test 'QueryByTradeAndOldStrategy' with id 'f36c825f-6557-417c-a0aa-ee5cd367ce56' SqlInstrumentProvider Loading instrument Cdi t.insguid in ('9c05cfa3-ed4e-456d-9189-1693225fea60')
11:04:25  Agent: adapter run thread for test 'QueryByTradeAndOldStrategy' with id 'f36c825f-6557-417c-a0aa-ee5cd367ce56' TradeExpressionVisitor is about to call SqlInstrumentProvider on 1..2500 of 136
11:04:25  Agent: adapter run thread for test 'QueryByTradeAndOldStrategy' with id 'f36c825f-6557-417c-a0aa-ee5cd367ce56' SqlInstrumentProvider Loading instrument Trn (19)
11:04:25  Agent: adapter run thread for test 'QueryByTradeAndOldStrategy' with id 'f36c825f-6557-417c-a0aa-ee5cd367ce56' SqlInstrumentProvider Loading instrument Cdi (76)
11:04:25  Agent: adapter run thread for test 'QueryByTradeAndOldStrategy' with id 'f36c825f-6557-417c-a0aa-ee5cd367ce56' SqlInstrumentProvider Loading instrument Cash t.insguid in ('930374ce-2145-4823-a60c-bf8457dff31c')
11:04:28  Agent: adapter run thread for test 'QueryByTradeAndOldStrategy' with id 'f36c825f-6557-417c-a0aa-ee5cd367ce56' TradeExpressionVisitor is about to call SqlInstrumentProvider on 1..2500 of 1
11:04:28  Agent: adapter run thread for test 'QueryByTradeAndOldStrategy' with id 'f36c825f-6557-417c-a0aa-ee5cd367ce56' SqlInstrumentProvider Loading instrument Cdi t.insguid in ('9c05cfa3-ed4e-456d-9189-1693225fea60')</StdOut>
        <DebugTrace>11:04:21  Agent: adapter run thread for test 'QueryByTradeAndOldStrategy' with id 'f36c825f-6557-417c-a0aa-ee5cd367ce56' TradeExpressionVisitor is about to call SqlInstrumentProvider on 1..2500 of 1
11:04:21  Agent: adapter run thread for test 'QueryByTradeAndOldStrategy' with id 'f36c825f-6557-417c-a0aa-ee5cd367ce56' SqlInstrumentProvider Loading instrument Cdi t.insguid in ('9c05cfa3-ed4e-456d-9189-1693225fea60')
11:04:25  Agent: adapter run thread for test 'QueryByTradeAndOldStrategy' with id 'f36c825f-6557-417c-a0aa-ee5cd367ce56' TradeExpressionVisitor is about to call SqlInstrumentProvider on 1..2500 of 136
11:04:25  Agent: adapter run thread for test 'QueryByTradeAndOldStrategy' with id 'f36c825f-6557-417c-a0aa-ee5cd367ce56' SqlInstrumentProvider Loading instrument Trn (19)
11:04:25  Agent: adapter run thread for test 'QueryByTradeAndOldStrategy' with id 'f36c825f-6557-417c-a0aa-ee5cd367ce56' SqlInstrumentProvider Loading instrument Cdi (76)
11:04:25  Agent: adapter run thread for test 'QueryByTradeAndOldStrategy' with id 'f36c825f-6557-417c-a0aa-ee5cd367ce56' SqlInstrumentProvider Loading instrument Cash t.insguid in ('930374ce-2145-4823-a60c-bf8457dff31c')
11:04:28  Agent: adapter run thread for test 'QueryByTradeAndOldStrategy' with id 'f36c825f-6557-417c-a0aa-ee5cd367ce56' TradeExpressionVisitor is about to call SqlInstrumentProvider on 1..2500 of 1
11:04:28  Agent: adapter run thread for test 'QueryByTradeAndOldStrategy' with id 'f36c825f-6557-417c-a0aa-ee5cd367ce56' SqlInstrumentProvider Loading instrument Cdi t.insguid in ('9c05cfa3-ed4e-456d-9189-1693225fea60')
</DebugTrace>
      </Output>
    </UnitTestResult>
    <UnitTestResult executionId="bfe1ba4a-4b22-44d5-9a67-894e1e84fe55" testId="930231b3-a753-64e8-2e7b-912c75e10f27" testName="RetrieveTradesUsingStartWith" computerName="BUILD01" duration="00:00:01.7803278" startTime="2010-12-23T11:04:28.4940137-05:00" endTime="2010-12-23T11:04:30.2860747-05:00" testType="13cdc9d9-ddb5-4fa4-a97d-d965ccfc6d4b" outcome="Passed" testListId="8c84fa94-04c1-424b-9868-57a2d4851a1d" relativeResultsDirectory="bfe1ba4a-4b22-44d5-9a67-894e1e84fe55">
      <Output>
        <StdOut>11:04:29  Agent: adapter run thread for test 'RetrieveTradesUsingStartWith' with id 'bfe1ba4a-4b22-44d5-9a67-894e1e84fe55' TradeExpressionVisitor is about to call SqlInstrumentProvider on 1..2500 of 6
11:04:29  Agent: adapter run thread for test 'RetrieveTradesUsingStartWith' with id 'bfe1ba4a-4b22-44d5-9a67-894e1e84fe55' SqlInstrumentProvider Loading instrument EqiVar (6)
11:04:29  Agent: adapter run thread for test 'RetrieveTradesUsingStartWith' with id 'bfe1ba4a-4b22-44d5-9a67-894e1e84fe55' SqlInstrumentProvider Loading instrument Cds t.insguid in ('d1c581cc-764c-480e-9617-3472763c9cc3')</StdOut>
        <DebugTrace>11:04:29  Agent: adapter run thread for test 'RetrieveTradesUsingStartWith' with id 'bfe1ba4a-4b22-44d5-9a67-894e1e84fe55' TradeExpressionVisitor is about to call SqlInstrumentProvider on 1..2500 of 6
11:04:29  Agent: adapter run thread for test 'RetrieveTradesUsingStartWith' with id 'bfe1ba4a-4b22-44d5-9a67-894e1e84fe55' SqlInstrumentProvider Loading instrument EqiVar (6)
11:04:29  Agent: adapter run thread for test 'RetrieveTradesUsingStartWith' with id 'bfe1ba4a-4b22-44d5-9a67-894e1e84fe55' SqlInstrumentProvider Loading instrument Cds t.insguid in ('d1c581cc-764c-480e-9617-3472763c9cc3')
</DebugTrace>
      </Output>
    </UnitTestResult>
    <UnitTestResult executionId="32884738-02d1-4783-8ae4-259c1433b3db" testId="5fb88c19-c0ac-c25b-64cc-bccbae348109" testName="RetrieveTrnTrades" computerName="BUILD01" duration="00:00:00.3558884" startTime="2010-12-23T11:04:30.2948641-05:00" endTime="2010-12-23T11:04:30.6552295-05:00" testType="13cdc9d9-ddb5-4fa4-a97d-d965ccfc6d4b" outcome="Passed" testListId="8c84fa94-04c1-424b-9868-57a2d4851a1d" relativeResultsDirectory="32884738-02d1-4783-8ae4-259c1433b3db">
      <Output>
        <StdOut>11:04:30  Agent: adapter run thread for test 'RetrieveTrnTrades' with id '32884738-02d1-4783-8ae4-259c1433b3db' TradeExpressionVisitor is about to call SqlInstrumentProvider on 1..2500 of 46
11:04:30  Agent: adapter run thread for test 'RetrieveTrnTrades' with id '32884738-02d1-4783-8ae4-259c1433b3db' SqlInstrumentProvider Loading instrument Trn (26)</StdOut>
        <DebugTrace>11:04:30  Agent: adapter run thread for test 'RetrieveTrnTrades' with id '32884738-02d1-4783-8ae4-259c1433b3db' TradeExpressionVisitor is about to call SqlInstrumentProvider on 1..2500 of 46
11:04:30  Agent: adapter run thread for test 'RetrieveTrnTrades' with id '32884738-02d1-4783-8ae4-259c1433b3db' SqlInstrumentProvider Loading instrument Trn (26)
</DebugTrace>
      </Output>
    </UnitTestResult>
    <UnitTestResult executionId="3a3bda36-9643-4994-a115-cc508c5d82ba" testId="ee799af5-233a-b89e-585c-4babf94ffaea" testName="SerializeMoney" computerName="BUILD01" duration="00:00:00.0134406" startTime="2010-12-23T11:04:30.6630423-05:00" endTime="2010-12-23T11:04:30.6825743-05:00" testType="13cdc9d9-ddb5-4fa4-a97d-d965ccfc6d4b" outcome="Passed" testListId="8c84fa94-04c1-424b-9868-57a2d4851a1d" relativeResultsDirectory="3a3bda36-9643-4994-a115-cc508c5d82ba">
    </UnitTestResult>
    <UnitTestResult executionId="28e64a3a-5d5a-4ff2-aba3-158cb0cf8f63" testId="bbe037d4-ad08-3b25-bc57-b171b2b8dc9c" testName="SumNotionalOfGeneratedTrades" computerName="BUILD01" duration="00:00:01.4221077" startTime="2010-12-23T11:04:30.6874573-05:00" endTime="2010-12-23T11:04:32.1152465-05:00" testType="13cdc9d9-ddb5-4fa4-a97d-d965ccfc6d4b" outcome="Passed" testListId="8c84fa94-04c1-424b-9868-57a2d4851a1d" relativeResultsDirectory="28e64a3a-5d5a-4ff2-aba3-158cb0cf8f63">
      <Output>
        <StdOut>11:04:30  Agent: adapter run thread for test 'SumNotionalOfGeneratedTrades' with id '28e64a3a-5d5a-4ff2-aba3-158cb0cf8f63' Built trades in 131 ms
11:04:31  Agent: adapter run thread for test 'SumNotionalOfGeneratedTrades' with id '28e64a3a-5d5a-4ff2-aba3-158cb0cf8f63' Net Notional Calced in 708 ms
11:04:31  Agent: adapter run thread for test 'SumNotionalOfGeneratedTrades' with id '28e64a3a-5d5a-4ff2-aba3-158cb0cf8f63' Terminated trades in 53 ms
11:04:32  Agent: adapter run thread for test 'SumNotionalOfGeneratedTrades' with id '28e64a3a-5d5a-4ff2-aba3-158cb0cf8f63' Net Notional on PTermed calced in 519 ms</StdOut>
        <DebugTrace>11:04:30  Agent: adapter run thread for test 'SumNotionalOfGeneratedTrades' with id '28e64a3a-5d5a-4ff2-aba3-158cb0cf8f63' Built trades in 131 ms
11:04:31  Agent: adapter run thread for test 'SumNotionalOfGeneratedTrades' with id '28e64a3a-5d5a-4ff2-aba3-158cb0cf8f63' Net Notional Calced in 708 ms
11:04:31  Agent: adapter run thread for test 'SumNotionalOfGeneratedTrades' with id '28e64a3a-5d5a-4ff2-aba3-158cb0cf8f63' Terminated trades in 53 ms
11:04:32  Agent: adapter run thread for test 'SumNotionalOfGeneratedTrades' with id '28e64a3a-5d5a-4ff2-aba3-158cb0cf8f63' Net Notional on PTermed calced in 519 ms
</DebugTrace>
      </Output>
    </UnitTestResult>
    <UnitTestResult executionId="5417becf-a952-4f48-8a4d-aff4585b096e" testId="65264f58-5a1c-0411-ee6c-1833e58c46fc" testName="TestAsyncQueue" computerName="BUILD01" duration="00:00:02.0044215" startTime="2010-12-23T11:04:32.1201295-05:00" endTime="2010-12-23T11:04:34.1309489-05:00" testType="13cdc9d9-ddb5-4fa4-a97d-d965ccfc6d4b" outcome="Passed" testListId="8c84fa94-04c1-424b-9868-57a2d4851a1d" relativeResultsDirectory="5417becf-a952-4f48-8a4d-aff4585b096e">
    </UnitTestResult>
    <UnitTestResult executionId="4b4b5500-fccf-47be-a5d5-b42c3aca1d50" testId="741c2c27-c952-ffb1-9df9-a1de226b794c" testName="TestQueryTrs" computerName="BUILD01" duration="00:00:01.6287804" startTime="2010-12-23T11:04:34.1377851-05:00" endTime="2010-12-23T11:04:35.7726135-05:00" testType="13cdc9d9-ddb5-4fa4-a97d-d965ccfc6d4b" outcome="Passed" testListId="8c84fa94-04c1-424b-9868-57a2d4851a1d" relativeResultsDirectory="4b4b5500-fccf-47be-a5d5-b42c3aca1d50">
      <Output>
        <StdOut>11:04:35  Agent: adapter run thread for test 'TestQueryTrs' with id '4b4b5500-fccf-47be-a5d5-b42c3aca1d50' TradeExpressionVisitor is about to call SqlInstrumentProvider on 1..2500 of 1
11:04:35  Agent: adapter run thread for test 'TestQueryTrs' with id '4b4b5500-fccf-47be-a5d5-b42c3aca1d50' SqlInstrumentProvider Loading instrument EqiTrs t.insguid in ('12a91ebe-e7c9-de11-be95-00145ef56a90')</StdOut>
        <DebugTrace>11:04:35  Agent: adapter run thread for test 'TestQueryTrs' with id '4b4b5500-fccf-47be-a5d5-b42c3aca1d50' TradeExpressionVisitor is about to call SqlInstrumentProvider on 1..2500 of 1
11:04:35  Agent: adapter run thread for test 'TestQueryTrs' with id '4b4b5500-fccf-47be-a5d5-b42c3aca1d50' SqlInstrumentProvider Loading instrument EqiTrs t.insguid in ('12a91ebe-e7c9-de11-be95-00145ef56a90')
</DebugTrace>
      </Output>
    </UnitTestResult>
    <UnitTestResult executionId="6d24fbd9-4658-487e-9484-603e0638c618" testId="8d3e8901-2c85-929b-93f6-35508d6d3028" testName="TestTradeActiveBetween" computerName="BUILD01" duration="00:00:05.7827658" startTime="2010-12-23T11:04:35.7804263-05:00" endTime="2010-12-23T11:04:41.5677579-05:00" testType="13cdc9d9-ddb5-4fa4-a97d-d965ccfc6d4b" outcome="Passed" testListId="8c84fa94-04c1-424b-9868-57a2d4851a1d" relativeResultsDirectory="6d24fbd9-4658-487e-9484-603e0638c618">
      <Output>
        <StdOut>11:04:37  Agent: adapter run thread for test 'TestTradeActiveBetween' with id '6d24fbd9-4658-487e-9484-603e0638c618' TradeExpressionVisitor is about to call SqlInstrumentProvider on 1..2500 of 1
11:04:37  Agent: adapter run thread for test 'TestTradeActiveBetween' with id '6d24fbd9-4658-487e-9484-603e0638c618' SqlInstrumentProvider Loading instrument EqyDiv t.insguid in ('734e0665-179b-4ca0-81ac-06f846bb2fab')</StdOut>
        <DebugTrace>11:04:37  Agent: adapter run thread for test 'TestTradeActiveBetween' with id '6d24fbd9-4658-487e-9484-603e0638c618' TradeExpressionVisitor is about to call SqlInstrumentProvider on 1..2500 of 1
11:04:37  Agent: adapter run thread for test 'TestTradeActiveBetween' with id '6d24fbd9-4658-487e-9484-603e0638c618' SqlInstrumentProvider Loading instrument EqyDiv t.insguid in ('734e0665-179b-4ca0-81ac-06f846bb2fab')
</DebugTrace>
      </Output>
    </UnitTestResult>
    <UnitTestResult executionId="61ce021c-ae56-4b9f-86b4-a01d4250b8fb" testId="b86dafc1-73fd-8923-64e3-4e14fe2f8258" testName="TradeActionsAdd1" computerName="BUILD01" duration="00:00:00.0020872" startTime="2010-12-23T11:04:41.5755707-05:00" endTime="2010-12-23T11:04:41.5833835-05:00" testType="13cdc9d9-ddb5-4fa4-a97d-d965ccfc6d4b" outcome="Passed" testListId="8c84fa94-04c1-424b-9868-57a2d4851a1d" relativeResultsDirectory="61ce021c-ae56-4b9f-86b4-a01d4250b8fb">
    </UnitTestResult>
    <UnitTestResult executionId="87aea536-1502-4205-afc0-6985b6b7f24f" testId="edebee75-fa9c-330b-d7db-bec6580a4aec" testName="TradeActionSetting" computerName="BUILD01" duration="00:00:00.0019494" startTime="2010-12-23T11:04:41.5882665-05:00" endTime="2010-12-23T11:04:41.5960793-05:00" testType="13cdc9d9-ddb5-4fa4-a97d-d965ccfc6d4b" outcome="Passed" testListId="8c84fa94-04c1-424b-9868-57a2d4851a1d" relativeResultsDirectory="87aea536-1502-4205-afc0-6985b6b7f24f">
    </UnitTestResult>
    <UnitTestResult executionId="8701d14e-f746-4530-b15c-d4b1c14b6974" testId="7655110b-f365-aa78-93a0-c773eee56ba3" testName="MarketDataTest" computerName="BUILD01" duration="00:00:00.0042756" startTime="2010-12-23T11:04:41.6009623-05:00" endTime="2010-12-23T11:04:41.6107283-05:00" testType="13cdc9d9-ddb5-4fa4-a97d-d965ccfc6d4b" outcome="Failed" testListId="8c84fa94-04c1-424b-9868-57a2d4851a1d" relativeResultsDirectory="8701d14e-f746-4530-b15c-d4b1c14b6974">
      <Output>
        <ErrorInfo>
          <Message>Test method FinOM.Analytics.Test.UnmodelledInstrumentTest.MarketDataTest threw exception: 
System.NotImplementedException: Cannot Price UnmodelledInstrument. Use SierraPrice or SierraPriceScenario</Message>
          <StackTrace>    at BM.FinOM.FinanceCore.UnmodelledInstrument.&lt;get_Price&gt;b__0() in e:\TeamCity_Data\Build\Sierra\src\FinOM\FinOM\FinanceCore\UnmodelledInstrument.cs:line 52
   at ExceptionRecorder.ExceptionRecorderVB.ExceptionRecorder.RecordException[T](Func`1 func, Action`1 onError) in E:\TeamCity_Data\Build\Sierra\src\FinOM\ExceptionRecorder\ExceptionRecorder\ExceptionRecorder.vb:line 7
   at BM.FinOM.Cells.Cell`1.get_CurrentValue() in e:\TeamCity_Data\Build\Sierra\src\FinOM\FinOM\Cells\Cell.cs:line 547
   at FinOM.Analytics.Test.UnmodelledInstrumentTest.MarketDataTest() in e:\TeamCity_Data\Build\Sierra\src\FinOM\FinOM.Test\Trades\UnmodelledInstrumentTest.cs:line 33
</StackTrace>
        </ErrorInfo>
      </Output>
    </UnitTestResult>
    <UnitTestResult executionId="12184d55-706c-464f-a85b-91c5acccb0d9" testId="e1f2f8d5-9e2f-26df-5bf1-535d316133a1" testName="FrameCellAsk" computerName="BUILD01" duration="00:00:00.0075363" startTime="2010-12-23T11:04:41.6156113-05:00" endTime="2010-12-23T11:04:41.6283071-05:00" testType="13cdc9d9-ddb5-4fa4-a97d-d965ccfc6d4b" outcome="Passed" testListId="8c84fa94-04c1-424b-9868-57a2d4851a1d" relativeResultsDirectory="12184d55-706c-464f-a85b-91c5acccb0d9">
    </UnitTestResult>
    <UnitTestResult executionId="d61acf13-6f83-49ba-aa90-b512d58f4fb1" testId="6566e972-4ec1-9614-622e-08fb47c24699" testName="FrameCellAskWrongType" computerName="BUILD01" duration="00:00:00.0062339" startTime="2010-12-23T11:04:41.6331901-05:00" endTime="2010-12-23T11:04:41.6449093-05:00" testType="13cdc9d9-ddb5-4fa4-a97d-d965ccfc6d4b" outcome="Passed" testListId="8c84fa94-04c1-424b-9868-57a2d4851a1d" relativeResultsDirectory="d61acf13-6f83-49ba-aa90-b512d58f4fb1">
    </UnitTestResult>
    <UnitTestResult executionId="303e323c-a571-41e3-b615-23a589e58acb" testId="3178fc9e-74ae-756c-fe7a-3d1622ecd0cd" testName="FrameCellIdentity" computerName="BUILD01" duration="00:00:00.0007501" startTime="2010-12-23T11:04:41.6507689-05:00" endTime="2010-12-23T11:04:41.6556519-05:00" testType="13cdc9d9-ddb5-4fa4-a97d-d965ccfc6d4b" outcome="Passed" testListId="8c84fa94-04c1-424b-9868-57a2d4851a1d" relativeResultsDirectory="303e323c-a571-41e3-b615-23a589e58acb">
    </UnitTestResult>
    <UnitTestResult executionId="9f3f4e8d-1e9f-42a4-a807-f8f93db5bade" testId="efe2d6a3-8547-02f9-85cf-33e9b70241d9" testName="FrameCellIdentityFail" computerName="BUILD01" duration="00:00:00.0005757" startTime="2010-12-23T11:04:41.6605349-05:00" endTime="2010-12-23T11:04:41.6663945-05:00" testType="13cdc9d9-ddb5-4fa4-a97d-d965ccfc6d4b" outcome="Passed" testListId="8c84fa94-04c1-424b-9868-57a2d4851a1d" relativeResultsDirectory="9f3f4e8d-1e9f-42a4-a807-f8f93db5bade">
    </UnitTestResult>
    <UnitTestResult executionId="9b59dfad-810d-419b-ab31-24172f1b3795" testId="7fef6279-2d18-72aa-adc7-cf170a2dae54" testName="FrameCellTranscribe" computerName="BUILD01" duration="00:00:00.0008136" startTime="2010-12-23T11:04:41.6712775-05:00" endTime="2010-12-23T11:04:41.6820201-05:00" testType="13cdc9d9-ddb5-4fa4-a97d-d965ccfc6d4b" outcome="Passed" testListId="8c84fa94-04c1-424b-9868-57a2d4851a1d" relativeResultsDirectory="9b59dfad-810d-419b-ab31-24172f1b3795">
    </UnitTestResult>
    <UnitTestResult executionId="f84dd8d1-f687-4693-9927-69edc4d65e64" testId="3031b5a3-3b1a-ca60-b59d-ce0f2123e489" testName="FrameCellTranscribeNonPreset" computerName="BUILD01" duration="00:00:00.0014580" startTime="2010-12-23T11:04:41.6917861-05:00" endTime="2010-12-23T11:04:41.7103415-05:00" testType="13cdc9d9-ddb5-4fa4-a97d-d965ccfc6d4b" outcome="Passed" testListId="8c84fa94-04c1-424b-9868-57a2d4851a1d" relativeResultsDirectory="f84dd8d1-f687-4693-9927-69edc4d65e64">
    </UnitTestResult>
    <UnitTestResult executionId="06d1249b-8c56-40a4-bf91-34487afc8516" testId="1852959a-d6b8-44b5-b0ec-2eaffa7c3f7d" testName="BasicReadSqlMemory" computerName="BUILD01" duration="00:00:00.2127629" startTime="2010-12-23T11:04:41.7259671-05:00" endTime="2010-12-23T11:04:41.9564447-05:00" testType="13cdc9d9-ddb5-4fa4-a97d-d965ccfc6d4b" outcome="Failed" testListId="8c84fa94-04c1-424b-9868-57a2d4851a1d" relativeResultsDirectory="06d1249b-8c56-40a4-bf91-34487afc8516">
      <Output>
        <ErrorInfo>
          <Message>Test method FinOM.Core.Test.SparseDataTests.BasicReadSqlMemory threw exception: 
System.NullReferenceException: Object reference not set to an instance of an object.</Message>
          <StackTrace>    at BM.FinOM.SparseData.SparseSQLProvider.GetSparseName(String sparseClassName, String name) in e:\TeamCity_Data\Build\Sierra\src\FinOM\FinOM\SparseData\SparseProvider.cs:line 285
   at BM.FinOM.SparseData.SparseSQLProvider.GetMemoryFor(String ticker) in e:\TeamCity_Data\Build\Sierra\src\FinOM\FinOM\SparseData\SparseProvider.cs:line 159
   at FinOM.Core.Test.SparseDataTests.BasicReadSqlMemory() in e:\TeamCity_Data\Build\Sierra\src\FinOM\FinOM.Test\SparseData\SparseDataTest.cs:line 270
</StackTrace>
        </ErrorInfo>
      </Output>
    </UnitTestResult>
    <UnitTestResult executionId="74c0f267-ed15-4b3a-b070-cd4c68983c61" testId="a2d63efb-3839-69b2-e7a1-2b0433d225dc" testName="Fill2SparseMemorySimpleRetrieve" computerName="BUILD01" duration="00:00:00.0009387" startTime="2010-12-23T11:04:41.9632809-05:00" endTime="2010-12-23T11:04:41.9701171-05:00" testType="13cdc9d9-ddb5-4fa4-a97d-d965ccfc6d4b" outcome="Passed" testListId="8c84fa94-04c1-424b-9868-57a2d4851a1d" relativeResultsDirectory="74c0f267-ed15-4b3a-b070-cd4c68983c61">
    </UnitTestResult>
    <UnitTestResult executionId="33bdddf5-d9fb-4cb3-b12b-0e5b4da27ac4" testId="9579628e-d9f4-3be4-30c2-455d7fb11ae8" testName="Fill2WaterSparseMemorySimpleRetrieve" computerName="BUILD01" duration="00:00:00.0003724" startTime="2010-12-23T11:04:41.9750001-05:00" endTime="2010-12-23T11:04:41.9808597-05:00" testType="13cdc9d9-ddb5-4fa4-a97d-d965ccfc6d4b" outcome="Passed" testListId="8c84fa94-04c1-424b-9868-57a2d4851a1d" relativeResultsDirectory="33bdddf5-d9fb-4cb3-b12b-0e5b4da27ac4">
    </UnitTestResult>
    <UnitTestResult executionId="e19e9904-2979-4852-a851-69d7937a8c38" testId="2346b8e1-b3c6-38a9-663a-9a37997695ca" testName="FillMiddleWaterMorePropsSparseMemorySimpleRetrieve" computerName="BUILD01" duration="00:00:00.0004249" startTime="2010-12-23T11:04:41.9867193-05:00" endTime="2010-12-23T11:04:41.9925789-05:00" testType="13cdc9d9-ddb5-4fa4-a97d-d965ccfc6d4b" outcome="Passed" testListId="8c84fa94-04c1-424b-9868-57a2d4851a1d" relativeResultsDirectory="e19e9904-2979-4852-a851-69d7937a8c38">
    </UnitTestResult>
    <UnitTestResult executionId="34edbc44-afa3-4f6d-ae06-6057edeef32f" testId="9d67a721-180d-f1cc-7cbd-23dfad3547cf" testName="FillMiddleWaterSparseMemorySimpleRetrieve" computerName="BUILD01" duration="00:00:00.0003685" startTime="2010-12-23T11:04:41.9974619-05:00" endTime="2010-12-23T11:04:42.0023449-05:00" testType="13cdc9d9-ddb5-4fa4-a97d-d965ccfc6d4b" outcome="Passed" testListId="8c84fa94-04c1-424b-9868-57a2d4851a1d" relativeResultsDirectory="34edbc44-afa3-4f6d-ae06-6057edeef32f">
    </UnitTestResult>
    <UnitTestResult executionId="1143b4d7-05cc-4e0d-841b-754067b12935" testId="a7f6ba2a-86a4-c688-d7f6-02032be65056" testName="FillSparseMemorySimpleDelete" computerName="BUILD01" duration="00:00:00.0018548" startTime="2010-12-23T11:04:42.0082045-05:00" endTime="2010-12-23T11:04:42.0150407-05:00" testType="13cdc9d9-ddb5-4fa4-a97d-d965ccfc6d4b" outcome="Failed" testListId="8c84fa94-04c1-424b-9868-57a2d4851a1d" relativeResultsDirectory="1143b4d7-05cc-4e0d-841b-754067b12935">
      <Output>
        <ErrorInfo>
          <Message>Assert.AreEqual failed. Expected:&lt;True&gt;. Actual:&lt;False&gt;. </Message>
          <StackTrace>   at FinOM.Core.Test.SparseDataTests.FillSparseMemorySimpleDelete() in e:\TeamCity_Data\Build\Sierra\src\FinOM\FinOM.Test\SparseData\SparseDataTest.cs:line 106
</StackTrace>
        </ErrorInfo>
      </Output>
    </UnitTestResult>
    <UnitTestResult executionId="ac1b58ca-3d8a-423e-a4c7-38b916aab4a6" testId="933711ae-1707-ab0d-d506-28e88c3ae244" testName="FillSparseMemorySimpleRetrieve" computerName="BUILD01" duration="00:00:00.0004032" startTime="2010-12-23T11:04:42.0189471-05:00" endTime="2010-12-23T11:04:42.0238301-05:00" testType="13cdc9d9-ddb5-4fa4-a97d-d965ccfc6d4b" outcome="Passed" testListId="8c84fa94-04c1-424b-9868-57a2d4851a1d" relativeResultsDirectory="ac1b58ca-3d8a-423e-a4c7-38b916aab4a6">
    </UnitTestResult>
    <UnitTestResult executionId="77d69b8b-b0c9-4292-982c-9ae5a7aef5aa" testId="73368428-a119-1d33-3f70-33e3909d6d69" testName="JumpRatingsScenarioTest" computerName="BUILD01" duration="00:00:02.4073438" startTime="2010-12-23T11:04:42.0287131-05:00" endTime="2010-12-23T11:04:44.4409151-05:00" testType="13cdc9d9-ddb5-4fa4-a97d-d965ccfc6d4b" outcome="Passed" testListId="8c84fa94-04c1-424b-9868-57a2d4851a1d" relativeResultsDirectory="77d69b8b-b0c9-4292-982c-9ae5a7aef5aa">
      <Output>
        <StdOut>11:04:42  Agent: adapter run thread for test 'JumpRatingsScenarioTest' with id '77d69b8b-b0c9-4292-982c-9ae5a7aef5aa' GetChanges 0</StdOut>
        <DebugTrace>11:04:42  Agent: adapter run thread for test 'JumpRatingsScenarioTest' with id '77d69b8b-b0c9-4292-982c-9ae5a7aef5aa' GetChanges 0
</DebugTrace>
      </Output>
    </UnitTestResult>
    <UnitTestResult executionId="217502d5-5eb5-4c55-9de8-cd6efe6fc598" testId="6c63c924-903e-4e8b-a264-45816756ef66" testName="JumpRatingsSqlProvider1" computerName="BUILD01" duration="00:00:01.6839766" startTime="2010-12-23T11:04:44.4467747-05:00" endTime="2010-12-23T11:04:46.1362927-05:00" testType="13cdc9d9-ddb5-4fa4-a97d-d965ccfc6d4b" outcome="Passed" testListId="8c84fa94-04c1-424b-9868-57a2d4851a1d" relativeResultsDirectory="217502d5-5eb5-4c55-9de8-cd6efe6fc598">
      <Output>
        <StdOut>11:04:44  Agent: adapter run thread for test 'JumpRatingsSqlProvider1' with id '217502d5-5eb5-4c55-9de8-cd6efe6fc598' GetChanges 0</StdOut>
        <DebugTrace>11:04:44  Agent: adapter run thread for test 'JumpRatingsSqlProvider1' with id '217502d5-5eb5-4c55-9de8-cd6efe6fc598' GetChanges 0
</DebugTrace>
      </Output>
    </UnitTestResult>
    <UnitTestResult executionId="96dda5e8-6d62-4bdc-aacb-c31c139c382f" testId="e3734368-ed4f-9855-22ae-2fe4a527bea1" testName="SparseSqlProviderGetChanges1" computerName="BUILD01" duration="00:00:00.1323341" startTime="2010-12-23T11:04:46.1411757-05:00" endTime="2010-12-23T11:04:46.2788763-05:00" testType="13cdc9d9-ddb5-4fa4-a97d-d965ccfc6d4b" outcome="Passed" testListId="8c84fa94-04c1-424b-9868-57a2d4851a1d" relativeResultsDirectory="96dda5e8-6d62-4bdc-aacb-c31c139c382f">
      <Output>
        <StdOut>11:04:46  Agent: adapter run thread for test 'SparseSqlProviderGetChanges1' with id '96dda5e8-6d62-4bdc-aacb-c31c139c382f' GetChanges 0
11:04:46  Agent: adapter run thread for test 'SparseSqlProviderGetChanges1' with id '96dda5e8-6d62-4bdc-aacb-c31c139c382f' GetChanges 1</StdOut>
        <DebugTrace>11:04:46  Agent: adapter run thread for test 'SparseSqlProviderGetChanges1' with id '96dda5e8-6d62-4bdc-aacb-c31c139c382f' GetChanges 0
11:04:46  Agent: adapter run thread for test 'SparseSqlProviderGetChanges1' with id '96dda5e8-6d62-4bdc-aacb-c31c139c382f' GetChanges 1
</DebugTrace>
      </Output>
    </UnitTestResult>
    <UnitTestResult executionId="7557fdd2-dbb7-488a-b063-3522ecec6771" testId="a9501a9b-a44c-b5c8-90d5-918bcd1000fe" testName="SparseSqlProviderGetChanges2" computerName="BUILD01" duration="00:00:00.0290385" startTime="2010-12-23T11:04:46.2866891-05:00" endTime="2010-12-23T11:04:46.3208701-05:00" testType="13cdc9d9-ddb5-4fa4-a97d-d965ccfc6d4b" outcome="Passed" testListId="8c84fa94-04c1-424b-9868-57a2d4851a1d" relativeResultsDirectory="7557fdd2-dbb7-488a-b063-3522ecec6771">
      <Output>
        <StdOut>11:04:46  Agent: adapter run thread for test 'SparseSqlProviderGetChanges2' with id '7557fdd2-dbb7-488a-b063-3522ecec6771' GetChanges 0</StdOut>
        <DebugTrace>11:04:46  Agent: adapter run thread for test 'SparseSqlProviderGetChanges2' with id '7557fdd2-dbb7-488a-b063-3522ecec6771' GetChanges 0
</DebugTrace>
      </Output>
    </UnitTestResult>
    <UnitTestResult executionId="ba96fb5c-73a5-44b6-8ef0-5aefdb34b5a3" testId="2c6f6786-c103-6640-71c0-2dd4b753d8a2" testName="OptionTest1" computerName="BUILD01" duration="00:00:00.0036882" startTime="2010-12-23T11:04:46.3267297-05:00" endTime="2010-12-23T11:04:46.3355191-05:00" testType="13cdc9d9-ddb5-4fa4-a97d-d965ccfc6d4b" outcome="Passed" testListId="8c84fa94-04c1-424b-9868-57a2d4851a1d" relativeResultsDirectory="ba96fb5c-73a5-44b6-8ef0-5aefdb34b5a3">
    </UnitTestResult>
    <UnitTestResult executionId="a33c8a6f-421a-4a45-a323-1974720cbd1d" testId="8b1d07d3-99d6-c155-5fa4-c3873bc59153" testName="SparseStrategyScenarioGetChanges" computerName="BUILD01" duration="00:00:00.0040474" startTime="2010-12-23T11:04:46.3404021-05:00" endTime="2010-12-23T11:04:46.3511447-05:00" testType="13cdc9d9-ddb5-4fa4-a97d-d965ccfc6d4b" outcome="Passed" testListId="8c84fa94-04c1-424b-9868-57a2d4851a1d" relativeResultsDirectory="a33c8a6f-421a-4a45-a323-1974720cbd1d">
    </UnitTestResult>
    <UnitTestResult executionId="31440917-b3dd-4c0b-b689-32d7bfbbc2ef" testId="01093a0e-229f-0c2a-d88d-1a579162970b" testName="SparseStrategyScenarioGetDeletedStrategy" computerName="BUILD01" duration="00:00:01.9964284" startTime="2010-12-23T11:04:46.3560277-05:00" endTime="2010-12-23T11:04:48.3580577-05:00" testType="13cdc9d9-ddb5-4fa4-a97d-d965ccfc6d4b" outcome="Passed" testListId="8c84fa94-04c1-424b-9868-57a2d4851a1d" relativeResultsDirectory="31440917-b3dd-4c0b-b689-32d7bfbbc2ef">
    </UnitTestResult>
    <UnitTestResult executionId="c04d87fe-0947-47b1-b561-4419008d6fb5" testId="f1f3c2d1-4e59-d57a-dff2-c2ea986ad133" testName="SparseStrategyScenarioGetStrategyOverTime" computerName="BUILD01" duration="00:00:01.9035071" startTime="2010-12-23T11:04:48.3639173-05:00" endTime="2010-12-23T11:04:50.2751235-05:00" testType="13cdc9d9-ddb5-4fa4-a97d-d965ccfc6d4b" outcome="Failed" testListId="8c84fa94-04c1-424b-9868-57a2d4851a1d" relativeResultsDirectory="c04d87fe-0947-47b1-b561-4419008d6fb5">
      <Output>
        <ErrorInfo>
          <Message>Test method FinOM.Test.Analytics.StrategyTest.SparseStrategyScenarioGetStrategyOverTime threw exception: 
System.Exception: Duplicate strategies found TIMBCA_04. Make sure that there are no duplicate strids in strategyasof valid on date 1/1/2007 12:00:00 AM ---&gt; System.ArgumentException: An item with the same key has already been added.</Message>
          <StackTrace>    at System.ThrowHelper.ThrowArgumentException(ExceptionResource resource)
   at System.Collections.Generic.Dictionary`2.Insert(TKey key, TValue value, Boolean add)
   at System.Linq.Enumerable.ToDictionary[TSource,TKey,TElement](IEnumerable`1 source, Func`2 keySelector, Func`2 elementSelector, IEqualityComparer`1 comparer)
   at System.Linq.Enumerable.ToDictionary[TSource,TKey](IEnumerable`1 source, Func`2 keySelector)
   at BM.FinOM.Trades.FundHierarchy.&lt;get_StrategyMap&gt;b__0() in e:\TeamCity_Data\Build\Sierra\src\FinOM\FinOM\Trades\Strategy.cs:line 445
 --- End of inner exception stack trace ---
    at BM.FinOM.Trades.FundHierarchy.&lt;get_StrategyMap&gt;b__0() in e:\TeamCity_Data\Build\Sierra\src\FinOM\FinOM\Trades\Strategy.cs:line 449
   at ExceptionRecorder.ExceptionRecorderVB.ExceptionRecorder.RecordException[T](Func`1 func, Action`1 onError) in E:\TeamCity_Data\Build\Sierra\src\FinOM\ExceptionRecorder\ExceptionRecorder\ExceptionRecorder.vb:line 7
   at BM.FinOM.Cells.Cell`1.get_CurrentValue() in e:\TeamCity_Data\Build\Sierra\src\FinOM\FinOM\Cells\Cell.cs:line 547
   at BM.FinOM.Cells.CellName`1.CurrentValueIn(Scenario s) in e:\TeamCity_Data\Build\Sierra\src\FinOM\FinOM\Cells\CellName.cs:line 1246
   at BM.FinOM.Cells.CellName`2.CurrentValueIn(Scenario s) in e:\TeamCity_Data\Build\Sierra\src\FinOM\FinOM\Cells\CellName.cs:line 138
   at BM.FinOM.Cells.CellName`1.get_CurrentValue() in e:\TeamCity_Data\Build\Sierra\src\FinOM\FinOM\Cells\CellName.cs:line 1274
   at FinOM.Test.Analytics.StrategyTest.SparseStrategyScenarioGetStrategyOverTime() in e:\TeamCity_Data\Build\Sierra\src\FinOM\FinOM.Test\Trades\StrategyTest.cs:line 129
</StackTrace>
        </ErrorInfo>
      </Output>
    </UnitTestResult>
    <UnitTestResult executionId="a2594216-e2a6-496c-8893-cc2e30981b35" testId="ed254adb-b2fa-5b1c-ce30-c93ec5f5c43c" testName="AnonCellBasic" computerName="BUILD01" duration="00:00:00.0045213" startTime="2010-12-23T11:04:50.2809831-05:00" endTime="2010-12-23T11:04:50.2907491-05:00" testType="13cdc9d9-ddb5-4fa4-a97d-d965ccfc6d4b" outcome="Passed" testListId="8c84fa94-04c1-424b-9868-57a2d4851a1d" relativeResultsDirectory="a2594216-e2a6-496c-8893-cc2e30981b35">
    </UnitTestResult>
    <UnitTestResult executionId="a9de0385-b778-4473-996b-c7ac28beffe2" testId="73b95dd9-3782-315a-a63b-3a0bd8c0e56a" testName="AnonCellBasic2a" computerName="BUILD01" duration="00:00:00.0009916" startTime="2010-12-23T11:04:50.2956321-05:00" endTime="2010-12-23T11:04:50.3034449-05:00" testType="13cdc9d9-ddb5-4fa4-a97d-d965ccfc6d4b" outcome="Passed" testListId="8c84fa94-04c1-424b-9868-57a2d4851a1d" relativeResultsDirectory="a9de0385-b778-4473-996b-c7ac28beffe2">
    </UnitTestResult>
    <UnitTestResult executionId="cf10c684-9b98-4806-90d5-5a6105645fc8" testId="d684f4bf-ecc4-fa8e-9e67-807e5e2e0b95" testName="AnonCellBasic2b" computerName="BUILD01" duration="00:00:00.0012953" startTime="2010-12-23T11:04:50.3083279-05:00" endTime="2010-12-23T11:04:50.4782563-05:00" testType="13cdc9d9-ddb5-4fa4-a97d-d965ccfc6d4b" outcome="Passed" testListId="8c84fa94-04c1-424b-9868-57a2d4851a1d" relativeResultsDirectory="cf10c684-9b98-4806-90d5-5a6105645fc8">
    </UnitTestResult>
    <UnitTestResult executionId="bc0d81a1-55d1-402f-8cf6-5f6f935d8f96" testId="67704338-e04d-4354-6de9-689fbd04d6d8" testName="AnonCellBasic2c" computerName="BUILD01" duration="00:00:00.0023498" startTime="2010-12-23T11:04:50.4977883-05:00" endTime="2010-12-23T11:04:50.5143905-05:00" testType="13cdc9d9-ddb5-4fa4-a97d-d965ccfc6d4b" outcome="Passed" testListId="8c84fa94-04c1-424b-9868-57a2d4851a1d" relativeResultsDirectory="bc0d81a1-55d1-402f-8cf6-5f6f935d8f96">
    </UnitTestResult>
    <UnitTestResult executionId="e4b576f2-8b7c-4b8f-a0e4-1e130b92bec1" testId="f4a051b8-8246-4ee2-5217-a9c07d0d92be" testName="AnonCellBasic2d" computerName="BUILD01" duration="00:00:00.0011449" startTime="2010-12-23T11:04:50.5202501-05:00" endTime="2010-12-23T11:04:50.5261097-05:00" testType="13cdc9d9-ddb5-4fa4-a97d-d965ccfc6d4b" outcome="Passed" testListId="8c84fa94-04c1-424b-9868-57a2d4851a1d" relativeResultsDirectory="e4b576f2-8b7c-4b8f-a0e4-1e130b92bec1">
    </UnitTestResult>
    <UnitTestResult executionId="52e70610-69c5-4688-9c6f-48a52076fbb9" testId="5bb87b65-8780-f47c-a7d1-ddf2bb24e636" testName="AnonCellChangeBTop" computerName="BUILD01" duration="00:00:00.0023157" startTime="2010-12-23T11:04:50.5309927-05:00" endTime="2010-12-23T11:04:50.5388055-05:00" testType="13cdc9d9-ddb5-4fa4-a97d-d965ccfc6d4b" outcome="Passed" testListId="8c84fa94-04c1-424b-9868-57a2d4851a1d" relativeResultsDirectory="52e70610-69c5-4688-9c6f-48a52076fbb9">
    </UnitTestResult>
    <UnitTestResult executionId="699de838-36e6-439c-94b5-e06003557200" testId="dab918dc-c947-5300-5f42-b2c1d21d2d55" testName="TestAddPrecendentExplicitly" computerName="BUILD01" duration="00:00:00.0055599" startTime="2010-12-23T11:04:50.5436885-05:00" endTime="2010-12-23T11:04:50.5544311-05:00" testType="13cdc9d9-ddb5-4fa4-a97d-d965ccfc6d4b" outcome="Passed" testListId="8c84fa94-04c1-424b-9868-57a2d4851a1d" relativeResultsDirectory="699de838-36e6-439c-94b5-e06003557200">
    </UnitTestResult>
    <UnitTestResult executionId="55bc093a-6d81-428d-ab54-bfc158e3fc35" testId="69aca574-c61b-679d-83e7-064c777cbc58" testName="TestCachedValueCell" computerName="BUILD01" duration="00:00:00.0023119" startTime="2010-12-23T11:04:50.5593141-05:00" endTime="2010-12-23T11:04:50.5681035-05:00" testType="13cdc9d9-ddb5-4fa4-a97d-d965ccfc6d4b" outcome="Passed" testListId="8c84fa94-04c1-424b-9868-57a2d4851a1d" relativeResultsDirectory="55bc093a-6d81-428d-ab54-bfc158e3fc35">
    </UnitTestResult>
    <UnitTestResult executionId="542f8b1c-2445-4540-ad71-1b214c8da34a" testId="826aaf84-602d-170a-119e-ab4e755fa732" testName="TestMultiFormula" computerName="BUILD01" duration="00:00:00.0099931" startTime="2010-12-23T11:04:50.5739631-05:00" endTime="2010-12-23T11:04:50.5895887-05:00" testType="13cdc9d9-ddb5-4fa4-a97d-d965ccfc6d4b" outcome="Passed" testListId="8c84fa94-04c1-424b-9868-57a2d4851a1d" relativeResultsDirectory="542f8b1c-2445-4540-ad71-1b214c8da34a">
    </UnitTestResult>
    <UnitTestResult executionId="39fdeb3c-f53c-4356-b3fb-2a2dcc672665" testId="c085c843-d6e3-8cee-075b-a1b7e1d18f0a" testName="TestRecursion" computerName="BUILD01" duration="00:00:00.0088761" startTime="2010-12-23T11:04:50.5983781-05:00" endTime="2010-12-23T11:04:50.6140037-05:00" testType="13cdc9d9-ddb5-4fa4-a97d-d965ccfc6d4b" outcome="Failed" testListId="8c84fa94-04c1-424b-9868-57a2d4851a1d" relativeResultsDirectory="39fdeb3c-f53c-4356-b3fb-2a2dcc672665">
      <Output>
        <ErrorInfo>
          <Message>Assert.IsTrue failed. </Message>
          <StackTrace>   at FinOM.Test.Cells.AnonymousCellTests.TestRecursion() in e:\TeamCity_Data\Build\Sierra\src\FinOM\FinOM.Test\Cells\CellTest.cs:line 1855
</StackTrace>
        </ErrorInfo>
      </Output>
    </UnitTestResult>
    <UnitTestResult executionId="6cc623bf-a3d4-42a0-86f0-743f6e2e8df9" testId="6bc44f20-7197-6959-e859-267a05a0f58c" testName="TestSharedBaseScenario" computerName="BUILD01" duration="00:00:00.0120992" startTime="2010-12-23T11:04:50.6198633-05:00" endTime="2010-12-23T11:04:50.6374421-05:00" testType="13cdc9d9-ddb5-4fa4-a97d-d965ccfc6d4b" outcome="Failed" testListId="8c84fa94-04c1-424b-9868-57a2d4851a1d" relativeResultsDirectory="6cc623bf-a3d4-42a0-86f0-743f6e2e8df9">
      <Output>
        <ErrorInfo>
          <Message>Assert.IsFalse failed. Cells not in the stack should not be affected</Message>
          <StackTrace>   at FinOM.Test.Cells.AnonymousCellTests.TestSharedBaseScenario() in e:\TeamCity_Data\Build\Sierra\src\FinOM\FinOM.Test\Cells\CellTest.cs:line 1764
</StackTrace>
        </ErrorInfo>
      </Output>
    </UnitTestResult>
    <UnitTestResult executionId="8fc0a573-a8e6-4059-a925-3b0858b19063" testId="ac33318b-f682-726d-8ce9-5bdeb7eb6457" testName="TestSharedBaseScenario2" computerName="BUILD01" duration="00:00:00.9606788" startTime="2010-12-23T11:04:50.6423251-05:00" endTime="2010-12-23T11:04:51.6091591-05:00" testType="13cdc9d9-ddb5-4fa4-a97d-d965ccfc6d4b" outcome="Passed" testListId="8c84fa94-04c1-424b-9868-57a2d4851a1d" relativeResultsDirectory="8fc0a573-a8e6-4059-a925-3b0858b19063">
    </UnitTestResult>
    <UnitTestResult executionId="bab05681-441a-4796-9e82-d2e276b5c6fe" testId="d9e0a4dc-0f6b-e270-d8a1-3dc3fa0094cc" testName="AddCellAndInt" computerName="BUILD01" duration="00:00:00.0143281" startTime="2010-12-23T11:04:51.6140421-05:00" endTime="2010-12-23T11:04:51.6345507-05:00" testType="13cdc9d9-ddb5-4fa4-a97d-d965ccfc6d4b" outcome="Failed" testListId="8c84fa94-04c1-424b-9868-57a2d4851a1d" relativeResultsDirectory="bab05681-441a-4796-9e82-d2e276b5c6fe">
      <Output>
        <ErrorInfo>
          <Message>Assert.AreEqual failed. Expected:&lt;35&gt;. Actual:&lt;26&gt;. </Message>
          <StackTrace>   at FinOM.Test.Cells.CellMathTests.AddCellAndInt() in e:\TeamCity_Data\Build\Sierra\src\FinOM\FinOM.Test\Cells\CellTest.cs:line 1185
</StackTrace>
        </ErrorInfo>
      </Output>
    </UnitTestResult>
    <UnitTestResult executionId="eeb19ffe-85eb-4e62-b179-3f5c9b496a7f" testId="6bd75461-c76d-c082-af9d-de508cbce7ff" testName="AddCellDateAndDateInterval" computerName="BUILD01" duration="00:00:00.0139310" startTime="2010-12-23T11:04:51.6404103-05:00" endTime="2010-12-23T11:04:51.6599423-05:00" testType="13cdc9d9-ddb5-4fa4-a97d-d965ccfc6d4b" outcome="Failed" testListId="8c84fa94-04c1-424b-9868-57a2d4851a1d" relativeResultsDirectory="eeb19ffe-85eb-4e62-b179-3f5c9b496a7f">
      <Output>
        <ErrorInfo>
          <Message>Assert.AreEqual failed. Expected:&lt;9/23/2011&gt;. Actual:&lt;3/23/2011&gt;. </Message>
          <StackTrace>   at FinOM.Test.Cells.CellMathTests.AddCellDateAndDateInterval() in e:\TeamCity_Data\Build\Sierra\src\FinOM\FinOM.Test\Cells\CellTest.cs:line 1486
</StackTrace>
        </ErrorInfo>
      </Output>
    </UnitTestResult>
    <UnitTestResult executionId="3d92e4d0-0f54-445b-b878-cb8f056fe6a5" testId="36a94826-3d8d-e7af-09c8-834069a5340a" testName="AddCellDates" computerName="BUILD01" duration="00:00:00.0042396" startTime="2010-12-23T11:04:51.6658019-05:00" endTime="2010-12-23T11:04:51.6755679-05:00" testType="13cdc9d9-ddb5-4fa4-a97d-d965ccfc6d4b" outcome="Failed" testListId="8c84fa94-04c1-424b-9868-57a2d4851a1d" relativeResultsDirectory="3d92e4d0-0f54-445b-b878-cb8f056fe6a5">
      <Output>
        <ErrorInfo>
          <Message>Assert.AreEqual failed. Expected:&lt;8/23/2011&gt;. Actual:&lt;2/23/2011&gt;. </Message>
          <StackTrace>   at FinOM.Test.Cells.CellMathTests.AddCellDates() in e:\TeamCity_Data\Build\Sierra\src\FinOM\FinOM.Test\Cells\CellTest.cs:line 1466
</StackTrace>
        </ErrorInfo>
      </Output>
    </UnitTestResult>
    <UnitTestResult executionId="bf68bd64-cdd6-4dc2-8364-ccec27fbeb0d" testId="fb65b714-97eb-ada0-3580-33952af4961d" testName="AddCellStringAndString" computerName="BUILD01" duration="00:00:00.0141570" startTime="2010-12-23T11:04:51.7038893-05:00" endTime="2010-12-23T11:04:51.7351405-05:00" testType="13cdc9d9-ddb5-4fa4-a97d-d965ccfc6d4b" outcome="Failed" testListId="8c84fa94-04c1-424b-9868-57a2d4851a1d" relativeResultsDirectory="bf68bd64-cdd6-4dc2-8364-ccec27fbeb0d">
      <Output>
        <ErrorInfo>
          <Message>Assert.AreEqual failed. Expected:&lt;ozbx&gt;. Actual:&lt;azbx&gt;. </Message>
          <StackTrace>   at FinOM.Test.Cells.CellMathTests.AddCellStringAndString() in e:\TeamCity_Data\Build\Sierra\src\FinOM\FinOM.Test\Cells\CellTest.cs:line 1234
</StackTrace>
        </ErrorInfo>
      </Output>
    </UnitTestResult>
    <UnitTestResult executionId="d1282308-e71a-4066-977c-f4ee3217210c" testId="771c7ab5-bdf7-91fd-8317-ecd71491c6b3" testName="AddCellStrings" computerName="BUILD01" duration="00:00:00.0076829" startTime="2010-12-23T11:04:51.7468597-05:00" endTime="2010-12-23T11:04:51.7605321-05:00" testType="13cdc9d9-ddb5-4fa4-a97d-d965ccfc6d4b" outcome="Failed" testListId="8c84fa94-04c1-424b-9868-57a2d4851a1d" relativeResultsDirectory="d1282308-e71a-4066-977c-f4ee3217210c">
      <Output>
        <ErrorInfo>
          <Message>Assert.AreEqual failed. Expected:&lt;snorkbar&gt;. Actual:&lt;foobar&gt;. </Message>
          <StackTrace>   at FinOM.Test.Cells.CellMathTests.AddCellStrings() in e:\TeamCity_Data\Build\Sierra\src\FinOM\FinOM.Test\Cells\CellTest.cs:line 1209
</StackTrace>
        </ErrorInfo>
      </Output>
    </UnitTestResult>
    <UnitTestResult executionId="a94350f6-6332-4cfb-b9be-841a20b6d380" testId="c7fd62a7-03ba-c742-7c95-60a68017581a" testName="AddViaCell2Long" computerName="BUILD01" duration="00:00:00.0072507" startTime="2010-12-23T11:04:51.7800641-05:00" endTime="2010-12-23T11:04:51.8035025-05:00" testType="13cdc9d9-ddb5-4fa4-a97d-d965ccfc6d4b" outcome="Failed" testListId="8c84fa94-04c1-424b-9868-57a2d4851a1d" relativeResultsDirectory="a94350f6-6332-4cfb-b9be-841a20b6d380">
      <Output>
        <ErrorInfo>
          <Message>Assert.AreEqual failed. Expected:&lt;26&gt;. Actual:&lt;16&gt;. </Message>
          <StackTrace>   at FinOM.Test.Cells.CellMathTests.AddViaCell2Long() in e:\TeamCity_Data\Build\Sierra\src\FinOM\FinOM.Test\Cells\CellTest.cs:line 934
</StackTrace>
        </ErrorInfo>
      </Output>
    </UnitTestResult>
    <UnitTestResult executionId="1e567a0c-3f26-4af6-ba79-62ddd8d04b89" testId="880b4d91-f7e5-ccd1-604d-a0435e5329b1" testName="AddViaCell3Long" computerName="BUILD01" duration="00:00:00.0032130" startTime="2010-12-23T11:04:51.8171749-05:00" endTime="2010-12-23T11:04:51.8279175-05:00" testType="13cdc9d9-ddb5-4fa4-a97d-d965ccfc6d4b" outcome="Failed" testListId="8c84fa94-04c1-424b-9868-57a2d4851a1d" relativeResultsDirectory="1e567a0c-3f26-4af6-ba79-62ddd8d04b89">
      <Output>
        <ErrorInfo>
          <Message>Assert.AreEqual failed. Expected:&lt;25&gt;. Actual:&lt;15&gt;. </Message>
          <StackTrace>   at FinOM.Test.Cells.CellMathTests.AddViaCell3Long() in e:\TeamCity_Data\Build\Sierra\src\FinOM\FinOM.Test\Cells\CellTest.cs:line 971
</StackTrace>
        </ErrorInfo>
      </Output>
    </UnitTestResult>
    <UnitTestResult executionId="743cdf5e-3288-4995-9bc2-3cb5a69af9b4" testId="748d34e3-dd2f-5640-5367-545e3f40eb05" testName="AddViaCellNameUsingLocalInternalCells" computerName="BUILD01" duration="00:00:00.0084576" startTime="2010-12-23T11:04:51.8328005-05:00" endTime="2010-12-23T11:04:51.8464729-05:00" testType="13cdc9d9-ddb5-4fa4-a97d-d965ccfc6d4b" outcome="Passed" testListId="8c84fa94-04c1-424b-9868-57a2d4851a1d" relativeResultsDirectory="743cdf5e-3288-4995-9bc2-3cb5a69af9b4">
    </UnitTestResult>
    <UnitTestResult executionId="ad80511a-e5f6-4f3b-884b-4b5c65c3ea80" testId="4b1d139a-9c91-21b0-6ea1-d66d4039feab" testName="AddViaCellNameWithCells" computerName="BUILD01" duration="00:00:00.0046565" startTime="2010-12-23T11:04:51.8523325-05:00" endTime="2010-12-23T11:04:51.8620985-05:00" testType="13cdc9d9-ddb5-4fa4-a97d-d965ccfc6d4b" outcome="Failed" testListId="8c84fa94-04c1-424b-9868-57a2d4851a1d" relativeResultsDirectory="ad80511a-e5f6-4f3b-884b-4b5c65c3ea80">
      <Output>
        <ErrorInfo>
          <Message>Assert.IsTrue failed. Expected {21 2 23} encountered {21 2 13}</Message>
          <StackTrace>   at FinOM.Test.Cells.CellMathTests.AssertEqualValues[T](IEnumerable`1 values, IEnumerable`1 names) in e:\TeamCity_Data\Build\Sierra\src\FinOM\FinOM.Test\Cells\CellTest.cs:line 1494
   at FinOM.Test.Cells.CellMathTests.DerivedSum(Action`3 initialization) in e:\TeamCity_Data\Build\Sierra\src\FinOM\FinOM.Test\Cells\CellTest.cs:line 1034
   at FinOM.Test.Cells.CellMathTests.AddViaCellNameWithCells() in e:\TeamCity_Data\Build\Sierra\src\FinOM\FinOM.Test\Cells\CellTest.cs:line 1109
</StackTrace>
        </ErrorInfo>
      </Output>
    </UnitTestResult>
    <UnitTestResult executionId="b1081007-b500-42f6-bf58-8695db29078f" testId="255d0cb4-cf74-dc00-1186-db90cce801e0" testName="AddViaCellNameWithValues" computerName="BUILD01" duration="00:00:00.0011274" startTime="2010-12-23T11:04:51.8669815-05:00" endTime="2010-12-23T11:04:51.8728411-05:00" testType="13cdc9d9-ddb5-4fa4-a97d-d965ccfc6d4b" outcome="Passed" testListId="8c84fa94-04c1-424b-9868-57a2d4851a1d" relativeResultsDirectory="b1081007-b500-42f6-bf58-8695db29078f">
    </UnitTestResult>
    <UnitTestResult executionId="426c0629-9caf-453f-99ee-1e3fcd9deb95" testId="64f98bb9-47a6-499c-d6c9-96f8a2c24d73" testName="AddViaCells" computerName="BUILD01" duration="00:00:00.0024853" startTime="2010-12-23T11:04:51.8787007-05:00" endTime="2010-12-23T11:04:51.8865135-05:00" testType="13cdc9d9-ddb5-4fa4-a97d-d965ccfc6d4b" outcome="Failed" testListId="8c84fa94-04c1-424b-9868-57a2d4851a1d" relativeResultsDirectory="426c0629-9caf-453f-99ee-1e3fcd9deb95">
      <Output>
        <ErrorInfo>
          <Message>Assert.IsTrue failed. Expected {21 2 23} encountered {21 2 13}</Message>
          <StackTrace>   at FinOM.Test.Cells.CellMathTests.AssertEqualValues[T](IEnumerable`1 values, IEnumerable`1 names) in e:\TeamCity_Data\Build\Sierra\src\FinOM\FinOM.Test\Cells\CellTest.cs:line 1494
   at FinOM.Test.Cells.CellMathTests.DerivedSum(Action`3 initialization) in e:\TeamCity_Data\Build\Sierra\src\FinOM\FinOM.Test\Cells\CellTest.cs:line 1034
   at FinOM.Test.Cells.CellMathTests.AddViaCells() in e:\TeamCity_Data\Build\Sierra\src\FinOM\FinOM.Test\Cells\CellTest.cs:line 1083
</StackTrace>
        </ErrorInfo>
      </Output>
    </UnitTestResult>
    <UnitTestResult executionId="1b58a1ce-8ebd-4a6b-9087-418acfffc09e" testId="298a6e10-988b-95b8-0469-b3a2d0e5b0a3" testName="AddViaCellsLong" computerName="BUILD01" duration="00:00:00.0041346" startTime="2010-12-23T11:04:51.8913965-05:00" endTime="2010-12-23T11:04:51.9011625-05:00" testType="13cdc9d9-ddb5-4fa4-a97d-d965ccfc6d4b" outcome="Failed" testListId="8c84fa94-04c1-424b-9868-57a2d4851a1d" relativeResultsDirectory="1b58a1ce-8ebd-4a6b-9087-418acfffc09e">
      <Output>
        <ErrorInfo>
          <Message>Assert.IsTrue failed. Expected {21 2 23} encountered {21 2 13}</Message>
          <StackTrace>   at FinOM.Test.Cells.CellMathTests.AssertEqualValues[T](IEnumerable`1 values, IEnumerable`1 names) in e:\TeamCity_Data\Build\Sierra\src\FinOM\FinOM.Test\Cells\CellTest.cs:line 1494
   at FinOM.Test.Cells.CellMathTests.AddViaCellsLong() in e:\TeamCity_Data\Build\Sierra\src\FinOM\FinOM.Test\Cells\CellTest.cs:line 898
</StackTrace>
        </ErrorInfo>
      </Output>
    </UnitTestResult>
    <UnitTestResult executionId="1e8c175d-acee-401c-81e9-61b070feddc3" testId="9a026c90-9bae-c4ff-aa5a-3d8b0f89b625" testName="AddViaCellsLongDebug" computerName="BUILD01" duration="00:00:00.0029274" startTime="2010-12-23T11:04:51.9050689-05:00" endTime="2010-12-23T11:04:51.9128817-05:00" testType="13cdc9d9-ddb5-4fa4-a97d-d965ccfc6d4b" outcome="Failed" testListId="8c84fa94-04c1-424b-9868-57a2d4851a1d" relativeResultsDirectory="1e8c175d-acee-401c-81e9-61b070feddc3">
      <Output>
        <ErrorInfo>
          <Message>Assert.AreEqual failed. Expected:&lt;23&gt;. Actual:&lt;3&gt;. </Message>
          <StackTrace>   at FinOM.Test.Cells.CellMathTests.AddViaCellsLongDebug() in e:\TeamCity_Data\Build\Sierra\src\FinOM\FinOM.Test\Cells\CellTest.cs:line 1002
</StackTrace>
        </ErrorInfo>
      </Output>
    </UnitTestResult>
    <UnitTestResult executionId="e7304218-a7d5-451f-9da8-ebc59d8d2aed" testId="40e37ac8-898a-a00a-a798-01e9a36dc1b7" testName="AddViaCellUsingLocalInternalCells" computerName="BUILD01" duration="00:00:00.0018023" startTime="2010-12-23T11:04:51.9177647-05:00" endTime="2010-12-23T11:04:51.9255775-05:00" testType="13cdc9d9-ddb5-4fa4-a97d-d965ccfc6d4b" outcome="Passed" testListId="8c84fa94-04c1-424b-9868-57a2d4851a1d" relativeResultsDirectory="e7304218-a7d5-451f-9da8-ebc59d8d2aed">
    </UnitTestResult>
    <UnitTestResult executionId="0b56fc90-4c65-4b17-907d-54d324458a5c" testId="9d8717ac-bada-fd3b-3a80-fab0c7fdeb3c" testName="AddViaLocalCell" computerName="BUILD01" duration="00:00:00.0011154" startTime="2010-12-23T11:04:51.9304605-05:00" endTime="2010-12-23T11:04:51.9363201-05:00" testType="13cdc9d9-ddb5-4fa4-a97d-d965ccfc6d4b" outcome="Passed" testListId="8c84fa94-04c1-424b-9868-57a2d4851a1d" relativeResultsDirectory="0b56fc90-4c65-4b17-907d-54d324458a5c">
    </UnitTestResult>
    <UnitTestResult executionId="6b23fe65-e58e-4137-8e55-33e6e426dfae" testId="2f1888c6-75ca-795c-7721-3a3faab60d4b" testName="AddViaLocalCellValues" computerName="BUILD01" duration="00:00:00.0016143" startTime="2010-12-23T11:04:51.9412031-05:00" endTime="2010-12-23T11:04:51.9480393-05:00" testType="13cdc9d9-ddb5-4fa4-a97d-d965ccfc6d4b" outcome="Passed" testListId="8c84fa94-04c1-424b-9868-57a2d4851a1d" relativeResultsDirectory="6b23fe65-e58e-4137-8e55-33e6e426dfae">
    </UnitTestResult>
    <UnitTestResult executionId="4e6f1fc7-c224-49d7-b34b-d789f90a4339" testId="d4fcd04f-4cd2-15c1-3a82-fd01582a6611" testName="AddViaValues" computerName="BUILD01" duration="00:00:00.0008677" startTime="2010-12-23T11:04:51.9529223-05:00" endTime="2010-12-23T11:04:51.9587819-05:00" testType="13cdc9d9-ddb5-4fa4-a97d-d965ccfc6d4b" outcome="Passed" testListId="8c84fa94-04c1-424b-9868-57a2d4851a1d" relativeResultsDirectory="4e6f1fc7-c224-49d7-b34b-d789f90a4339">
    </UnitTestResult>
    <UnitTestResult executionId="495a58ae-9306-4d83-9461-06949c6dd4b1" testId="39e3534d-88bb-ab6c-2a82-2fdb6cacadd3" testName="AddViaValuesLong" computerName="BUILD01" duration="00:00:00.0024736" startTime="2010-12-23T11:04:51.9646415-05:00" endTime="2010-12-23T11:04:51.9724543-05:00" testType="13cdc9d9-ddb5-4fa4-a97d-d965ccfc6d4b" outcome="Passed" testListId="8c84fa94-04c1-424b-9868-57a2d4851a1d" relativeResultsDirectory="495a58ae-9306-4d83-9461-06949c6dd4b1">
    </UnitTestResult>
    <UnitTestResult executionId="25c62017-884a-42ed-91ae-2d725a2f984a" testId="71148941-e92b-ccd2-20d6-76183d458d35" testName="BottomCellNotPointer" computerName="BUILD01" duration="00:00:00.0022649" startTime="2010-12-23T11:04:51.9773373-05:00" endTime="2010-12-23T11:04:51.9841735-05:00" testType="13cdc9d9-ddb5-4fa4-a97d-d965ccfc6d4b" outcome="Passed" testListId="8c84fa94-04c1-424b-9868-57a2d4851a1d" relativeResultsDirectory="25c62017-884a-42ed-91ae-2d725a2f984a">
    </UnitTestResult>
    <UnitTestResult executionId="77135705-4d0b-4795-9748-dd7ec991019f" testId="3051b7e8-9e9b-c9b7-4db7-2fda3b0432c7" testName="BottomCellNotPointerOneMoreIndirect" computerName="BUILD01" duration="00:00:00.0033764" startTime="2010-12-23T11:04:51.9900331-05:00" endTime="2010-12-23T11:04:51.9978459-05:00" testType="13cdc9d9-ddb5-4fa4-a97d-d965ccfc6d4b" outcome="Passed" testListId="8c84fa94-04c1-424b-9868-57a2d4851a1d" relativeResultsDirectory="77135705-4d0b-4795-9748-dd7ec991019f">
    </UnitTestResult>
    <UnitTestResult executionId="fe0380da-c3da-47e4-bc8c-e39a650ff7a1" testId="31253819-dc09-207b-bb98-dc17d0fddddb" testName="ChangeTopBAndExpectBottomCNotStale" computerName="BUILD01" duration="00:00:00.0019644" startTime="2010-12-23T11:04:52.0037055-05:00" endTime="2010-12-23T11:04:52.0105417-05:00" testType="13cdc9d9-ddb5-4fa4-a97d-d965ccfc6d4b" outcome="Passed" testListId="8c84fa94-04c1-424b-9868-57a2d4851a1d" relativeResultsDirectory="fe0380da-c3da-47e4-bc8c-e39a650ff7a1">
    </UnitTestResult>
    <UnitTestResult executionId="f64e51f5-2e8a-4ea1-9cb6-33a5044d6c48" testId="12c91b9a-9483-0701-0205-d7b3b206df5d" testName="ChangeTopBAndExpectTopCStale" computerName="BUILD01" duration="00:00:00.0017835" startTime="2010-12-23T11:04:52.0144481-05:00" endTime="2010-12-23T11:04:52.0212843-05:00" testType="13cdc9d9-ddb5-4fa4-a97d-d965ccfc6d4b" outcome="Passed" testListId="8c84fa94-04c1-424b-9868-57a2d4851a1d" relativeResultsDirectory="f64e51f5-2e8a-4ea1-9cb6-33a5044d6c48">
    </UnitTestResult>
    <UnitTestResult executionId="b9d1b761-930b-4adc-b1a4-e5c2dc82d1e0" testId="1769c012-8f65-d9c0-c2ce-2d8bbb6e5342" testName="CheckNummberDependsOfB" computerName="BUILD01" duration="00:00:12.6044247" startTime="2010-12-23T11:04:52.0261673-05:00" endTime="2010-12-23T11:05:04.6379797-05:00" testType="13cdc9d9-ddb5-4fa4-a97d-d965ccfc6d4b" outcome="Passed" testListId="8c84fa94-04c1-424b-9868-57a2d4851a1d" relativeResultsDirectory="b9d1b761-930b-4adc-b1a4-e5c2dc82d1e0">
    </UnitTestResult>
    <UnitTestResult executionId="4bf94fc5-a640-45fe-861a-2937b08a5428" testId="7443953e-9a42-7e02-318c-3d73992fd940" testName="CheckNummberDependsOfB1" computerName="BUILD01" duration="00:00:00.0018512" startTime="2010-12-23T11:05:04.6438393-05:00" endTime="2010-12-23T11:05:04.6545819-05:00" testType="13cdc9d9-ddb5-4fa4-a97d-d965ccfc6d4b" outcome="Passed" testListId="8c84fa94-04c1-424b-9868-57a2d4851a1d" relativeResultsDirectory="4bf94fc5-a640-45fe-861a-2937b08a5428">
    </UnitTestResult>
    <UnitTestResult executionId="c7f560c6-31b0-40a3-af55-57afbaa11c80" testId="b43de1ad-1de5-2b91-ea9b-6ed5abce113c" testName="BasicDependencyTest" computerName="BUILD01" duration="00:00:00.0033475" startTime="2010-12-23T11:05:04.6604415-05:00" endTime="2010-12-23T11:05:04.6692309-05:00" testType="13cdc9d9-ddb5-4fa4-a97d-d965ccfc6d4b" outcome="Passed" testListId="8c84fa94-04c1-424b-9868-57a2d4851a1d" relativeResultsDirectory="c7f560c6-31b0-40a3-af55-57afbaa11c80">
    </UnitTestResult>
    <UnitTestResult executionId="7e0f8072-182d-4eda-9703-400cead6557a" testId="2714daf3-ba85-2fcb-5f2f-d3b46e9aa47a" testName="CellPrecedentTest" computerName="BUILD01" duration="00:00:00.0027219" startTime="2010-12-23T11:05:04.6750905-05:00" endTime="2010-12-23T11:05:04.7063417-05:00" testType="13cdc9d9-ddb5-4fa4-a97d-d965ccfc6d4b" outcome="Passed" testListId="8c84fa94-04c1-424b-9868-57a2d4851a1d" relativeResultsDirectory="7e0f8072-182d-4eda-9703-400cead6557a">
    </UnitTestResult>
    <UnitTestResult executionId="c29c6334-0714-4fcf-8093-e3a7f8ea4987" testId="a5a5ff04-9058-466d-f6b8-2264852cac84" testName="CircularityTest" computerName="BUILD01" duration="00:00:00.0033067" startTime="2010-12-23T11:05:04.7200141-05:00" endTime="2010-12-23T11:05:04.7297801-05:00" testType="13cdc9d9-ddb5-4fa4-a97d-d965ccfc6d4b" outcome="Passed" testListId="8c84fa94-04c1-424b-9868-57a2d4851a1d" relativeResultsDirectory="c29c6334-0714-4fcf-8093-e3a7f8ea4987">
    </UnitTestResult>
    <UnitTestResult executionId="8b94bad8-7187-45e9-b895-45568f5c2cd4" testId="31f6b531-2b6d-72f8-4ef9-c9e963fa80f8" testName="DereferencingTest" computerName="BUILD01" duration="00:00:00.0044413" startTime="2010-12-23T11:05:04.7346631-05:00" endTime="2010-12-23T11:05:04.7454057-05:00" testType="13cdc9d9-ddb5-4fa4-a97d-d965ccfc6d4b" outcome="Passed" testListId="8c84fa94-04c1-424b-9868-57a2d4851a1d" relativeResultsDirectory="8b94bad8-7187-45e9-b895-45568f5c2cd4">
    </UnitTestResult>
    <UnitTestResult executionId="8825867e-f9cd-4064-b6d4-9c8abca6a6de" testId="ba593ccb-e36b-cb55-2b82-0666735c19ec" testName="DeriveSetValueTest" computerName="BUILD01" duration="00:00:00.0011186" startTime="2010-12-23T11:05:04.7502887-05:00" endTime="2010-12-23T11:05:04.7561483-05:00" testType="13cdc9d9-ddb5-4fa4-a97d-d965ccfc6d4b" outcome="Passed" testListId="8c84fa94-04c1-424b-9868-57a2d4851a1d" relativeResultsDirectory="8825867e-f9cd-4064-b6d4-9c8abca6a6de">
    </UnitTestResult>
    <UnitTestResult executionId="767d43e4-3233-41a7-ab1b-b27d6a076b5e" testId="74fd06f7-4fd4-f61f-07cd-7626d4ea4fc5" testName="EmptyScenarioTest" computerName="BUILD01" duration="00:00:01.1860623" startTime="2010-12-23T11:05:04.7610313-05:00" endTime="2010-12-23T11:05:05.9534599-05:00" testType="13cdc9d9-ddb5-4fa4-a97d-d965ccfc6d4b" outcome="Passed" testListId="8c84fa94-04c1-424b-9868-57a2d4851a1d" relativeResultsDirectory="767d43e4-3233-41a7-ab1b-b27d6a076b5e">
    </UnitTestResult>
    <UnitTestResult executionId="64ba6800-b134-42e9-bed7-c5aecc3990a5" testId="474a0e53-8eba-7757-7b1f-213883737000" testName="EqualityTest" computerName="BUILD01" duration="00:00:00.0035038" startTime="2010-12-23T11:05:05.9573663-05:00" endTime="2010-12-23T11:05:05.9671323-05:00" testType="13cdc9d9-ddb5-4fa4-a97d-d965ccfc6d4b" outcome="Passed" testListId="8c84fa94-04c1-424b-9868-57a2d4851a1d" relativeResultsDirectory="64ba6800-b134-42e9-bed7-c5aecc3990a5">
    </UnitTestResult>
    <UnitTestResult executionId="0926468d-f901-44b7-9096-486b05601c3e" testId="b9123df4-d016-2598-3a6e-2ab66a81096b" testName="ErrorDependencyTest" computerName="BUILD01" duration="00:00:00.0011604" startTime="2010-12-23T11:05:05.9710387-05:00" endTime="2010-12-23T11:05:05.9768983-05:00" testType="13cdc9d9-ddb5-4fa4-a97d-d965ccfc6d4b" outcome="Passed" testListId="8c84fa94-04c1-424b-9868-57a2d4851a1d" relativeResultsDirectory="0926468d-f901-44b7-9096-486b05601c3e">
    </UnitTestResult>
    <UnitTestResult executionId="6616c532-1863-415a-a5d4-715e2c373488" testId="4186ca87-33bc-4338-058b-211b0186eee6" testName="ErrorTest" computerName="BUILD01" duration="00:00:00.0014554" startTime="2010-12-23T11:05:05.9817813-05:00" endTime="2010-12-23T11:05:05.9876409-05:00" testType="13cdc9d9-ddb5-4fa4-a97d-d965ccfc6d4b" outcome="Passed" testListId="8c84fa94-04c1-424b-9868-57a2d4851a1d" relativeResultsDirectory="6616c532-1863-415a-a5d4-715e2c373488">
    </UnitTestResult>
    <UnitTestResult executionId="6dadc676-f6dd-4033-858c-d57612db16bc" testId="b96a2169-415c-0b04-3293-ed376a421107" testName="ExplicitAndNonExplicitPrecedentTest" computerName="BUILD01" duration="00:00:00.0018266" startTime="2010-12-23T11:05:05.9925239-05:00" endTime="2010-12-23T11:05:06.0003367-05:00" testType="13cdc9d9-ddb5-4fa4-a97d-d965ccfc6d4b" outcome="Passed" testListId="8c84fa94-04c1-424b-9868-57a2d4851a1d" relativeResultsDirectory="6dadc676-f6dd-4033-858c-d57612db16bc">
    </UnitTestResult>
    <UnitTestResult executionId="c3fcc668-a651-44e7-a6b8-316931fa0100" testId="9e5433a4-b1f7-13d2-46ae-d5df723efaa7" testName="ListCellTest" computerName="BUILD01" duration="00:00:00.0045087" startTime="2010-12-23T11:05:06.0052197-05:00" endTime="2010-12-23T11:05:06.0149857-05:00" testType="13cdc9d9-ddb5-4fa4-a97d-d965ccfc6d4b" outcome="Passed" testListId="8c84fa94-04c1-424b-9868-57a2d4851a1d" relativeResultsDirectory="c3fcc668-a651-44e7-a6b8-316931fa0100">
    </UnitTestResult>
    <UnitTestResult executionId="528dcfac-07c5-402c-b5f0-1fde3c7a8e7d" testId="b80f6e54-2549-2a52-f7ef-541f5a8f6e43" testName="ListTest" computerName="BUILD01" duration="00:00:00.0296479" startTime="2010-12-23T11:05:06.0198687-05:00" endTime="2010-12-23T11:05:06.0550263-05:00" testType="13cdc9d9-ddb5-4fa4-a97d-d965ccfc6d4b" outcome="Passed" testListId="8c84fa94-04c1-424b-9868-57a2d4851a1d" relativeResultsDirectory="528dcfac-07c5-402c-b5f0-1fde3c7a8e7d">
    </UnitTestResult>
    <UnitTestResult executionId="44777337-e009-4c15-8851-a1de9afef7e5" testId="8dd4161e-45f4-4b33-e8af-8b95940eb9dd" testName="NestedScenarioTest" computerName="BUILD01" duration="00:00:00.0049136" startTime="2010-12-23T11:05:06.0608859-05:00" endTime="2010-12-23T11:05:06.0706519-05:00" testType="13cdc9d9-ddb5-4fa4-a97d-d965ccfc6d4b" outcome="Passed" testListId="8c84fa94-04c1-424b-9868-57a2d4851a1d" relativeResultsDirectory="44777337-e009-4c15-8851-a1de9afef7e5">
      <Output>
        <StdOut>11:05:06  Agent: adapter run thread for test 'NestedScenarioTest' with id '44777337-e009-4c15-8851-a1de9afef7e5' Warning:  Cell&lt;double&gt;(FinOM.Test.Cells.CellTest+MockObj.Two=real=2.4) in: nested 577374926 is higher than eval sheet 2</StdOut>
        <DebugTrace>11:05:06  Agent: adapter run thread for test 'NestedScenarioTest' with id '44777337-e009-4c15-8851-a1de9afef7e5' Warning:  Cell&lt;double&gt;(FinOM.Test.Cells.CellTest+MockObj.Two=real=2.4) in: nested 577374926 is higher than eval sheet 2
</DebugTrace>
      </Output>
    </UnitTestResult>
    <UnitTestResult executionId="fbb4a280-c9ff-4b4d-972b-cd456d39c16e" testId="b371b837-07f7-4e0d-5fad-21889ca02bc3" testName="NestedScenarioTest2" computerName="BUILD01" duration="00:00:00.0034795" startTime="2010-12-23T11:05:06.0755349-05:00" endTime="2010-12-23T11:05:06.0843243-05:00" testType="13cdc9d9-ddb5-4fa4-a97d-d965ccfc6d4b" outcome="Passed" testListId="8c84fa94-04c1-424b-9868-57a2d4851a1d" relativeResultsDirectory="fbb4a280-c9ff-4b4d-972b-cd456d39c16e">
      <Output>
        <StdOut>11:05:06  Agent: adapter run thread for test 'NestedScenarioTest2' with id 'fbb4a280-c9ff-4b4d-972b-cd456d39c16e' Warning:  Cell&lt;double&gt;(FinOM.Test.Cells.CellTest+MockObj.Three=real=2.3) in: nested -94308202 is higher than eval sheet 1</StdOut>
        <DebugTrace>11:05:06  Agent: adapter run thread for test 'NestedScenarioTest2' with id 'fbb4a280-c9ff-4b4d-972b-cd456d39c16e' Warning:  Cell&lt;double&gt;(FinOM.Test.Cells.CellTest+MockObj.Three=real=2.3) in: nested -94308202 is higher than eval sheet 1
</DebugTrace>
      </Output>
    </UnitTestResult>
    <UnitTestResult executionId="42e6c49b-8f8a-4044-a690-7f90f88a45f0" testId="8bb527df-8ec1-b207-9097-c8d4c1520d93" testName="PrecedentSymmetryMarketDataTest" computerName="BUILD01" duration="00:00:00.0016629" startTime="2010-12-23T11:05:06.0892073-05:00" endTime="2010-12-23T11:05:06.0960435-05:00" testType="13cdc9d9-ddb5-4fa4-a97d-d965ccfc6d4b" outcome="Passed" testListId="8c84fa94-04c1-424b-9868-57a2d4851a1d" relativeResultsDirectory="42e6c49b-8f8a-4044-a690-7f90f88a45f0">
    </UnitTestResult>
    <UnitTestResult executionId="ed2a23de-556a-4505-be12-cb9f5977104e" testId="de681b62-cde2-a252-970e-c9743272663d" testName="PrecedentSymmetryTest1" computerName="BUILD01" duration="00:00:00.0008369" startTime="2010-12-23T11:05:06.1009265-05:00" endTime="2010-12-23T11:05:06.1067861-05:00" testType="13cdc9d9-ddb5-4fa4-a97d-d965ccfc6d4b" outcome="Passed" testListId="8c84fa94-04c1-424b-9868-57a2d4851a1d" relativeResultsDirectory="ed2a23de-556a-4505-be12-cb9f5977104e">
    </UnitTestResult>
    <UnitTestResult executionId="72acaa84-db45-40d9-8c6f-84031e98b17c" testId="8ceb816e-d677-70c5-efb3-a5d7434db411" testName="PrecedentSymmetryTest2" computerName="BUILD01" duration="00:00:00.0013452" startTime="2010-12-23T11:05:06.1116691-05:00" endTime="2010-12-23T11:05:06.1185053-05:00" testType="13cdc9d9-ddb5-4fa4-a97d-d965ccfc6d4b" outcome="Passed" testListId="8c84fa94-04c1-424b-9868-57a2d4851a1d" relativeResultsDirectory="72acaa84-db45-40d9-8c6f-84031e98b17c">
    </UnitTestResult>
    <UnitTestResult executionId="c42a22a0-aacb-4ea3-a59c-450f48fb61ad" testId="f4049122-1743-890f-1c99-c8b6396315cc" testName="ScenarioDeriveTest" computerName="BUILD01" duration="00:00:00.0028085" startTime="2010-12-23T11:05:06.1233883-05:00" endTime="2010-12-23T11:05:06.1312011-05:00" testType="13cdc9d9-ddb5-4fa4-a97d-d965ccfc6d4b" outcome="Passed" testListId="8c84fa94-04c1-424b-9868-57a2d4851a1d" relativeResultsDirectory="c42a22a0-aacb-4ea3-a59c-450f48fb61ad">
    </UnitTestResult>
    <UnitTestResult executionId="9011d958-282c-4554-beb7-e5afeded856e" testId="d490dbec-b8a8-5799-7e83-04603b93e0a8" testName="ScenarioDeriveTest2" computerName="BUILD01" duration="00:00:00.0013326" startTime="2010-12-23T11:05:06.1360841-05:00" endTime="2010-12-23T11:05:06.1429203-05:00" testType="13cdc9d9-ddb5-4fa4-a97d-d965ccfc6d4b" outcome="Passed" testListId="8c84fa94-04c1-424b-9868-57a2d4851a1d" relativeResultsDirectory="9011d958-282c-4554-beb7-e5afeded856e">
    </UnitTestResult>
    <UnitTestResult executionId="27847b22-d886-4080-abcc-3f86ffd5495e" testId="ed23d3c0-1e0d-a107-6f42-f6f5d37ac69c" testName="ScenarioDeriveTest3" computerName="BUILD01" duration="00:00:00.0025592" startTime="2010-12-23T11:05:06.1478033-05:00" endTime="2010-12-23T11:05:06.1546395-05:00" testType="13cdc9d9-ddb5-4fa4-a97d-d965ccfc6d4b" outcome="Passed" testListId="8c84fa94-04c1-424b-9868-57a2d4851a1d" relativeResultsDirectory="27847b22-d886-4080-abcc-3f86ffd5495e">
    </UnitTestResult>
    <UnitTestResult executionId="367a20dd-ee37-4391-b7e6-3fbf0ef9761d" testId="52201833-6fc5-cd19-368d-2f054d69cec1" testName="SetAndOverrideTwoTest" computerName="BUILD01" duration="00:00:00.0522768" startTime="2010-12-23T11:05:06.1595225-05:00" endTime="2010-12-23T11:05:06.2181185-05:00" testType="13cdc9d9-ddb5-4fa4-a97d-d965ccfc6d4b" outcome="Passed" testListId="8c84fa94-04c1-424b-9868-57a2d4851a1d" relativeResultsDirectory="367a20dd-ee37-4391-b7e6-3fbf0ef9761d">
    </UnitTestResult>
    <UnitTestResult executionId="e265973e-1e15-4bad-9368-2af89cf80b2e" testId="d180fc73-c12e-27db-a2dd-213ec648bb6f" testName="SetFormulaTest" computerName="BUILD01" duration="00:00:00.0028905" startTime="2010-12-23T11:05:06.2249547-05:00" endTime="2010-12-23T11:05:06.2337441-05:00" testType="13cdc9d9-ddb5-4fa4-a97d-d965ccfc6d4b" outcome="Passed" testListId="8c84fa94-04c1-424b-9868-57a2d4851a1d" relativeResultsDirectory="e265973e-1e15-4bad-9368-2af89cf80b2e">
    </UnitTestResult>
    <UnitTestResult executionId="6ff5e15e-eddf-4768-98d2-6228a046df35" testId="179e292a-8c19-908e-f3a0-7dc56978a8c9" testName="SpecificPrecedentTest" computerName="BUILD01" duration="00:00:00.0014849" startTime="2010-12-23T11:05:06.2396037-05:00" endTime="2010-12-23T11:05:06.2464399-05:00" testType="13cdc9d9-ddb5-4fa4-a97d-d965ccfc6d4b" outcome="Passed" testListId="8c84fa94-04c1-424b-9868-57a2d4851a1d" relativeResultsDirectory="6ff5e15e-eddf-4768-98d2-6228a046df35">
    </UnitTestResult>
    <UnitTestResult executionId="878aa392-d279-4794-92ce-813300bc95f1" testId="1408efbe-8962-5f5a-1fbb-affb3aa7b698" testName="SpecificPrecedentTestBenchmark" computerName="BUILD01" duration="00:00:10.8731988" startTime="2010-12-23T11:05:06.2513229-05:00" endTime="2010-12-23T11:05:17.1316235-05:00" testType="13cdc9d9-ddb5-4fa4-a97d-d965ccfc6d4b" outcome="Passed" testListId="8c84fa94-04c1-424b-9868-57a2d4851a1d" relativeResultsDirectory="878aa392-d279-4794-92ce-813300bc95f1">
    </UnitTestResult>
    <UnitTestResult executionId="f3c138af-9c87-4f63-a64c-caa22e3311d9" testId="aa2bcc13-6b1f-161e-7117-f17efaa76ff8" testName="Flat2X3CellTest" computerName="BUILD01" duration="00:01:17.1871903" startTime="2010-12-23T11:05:17.1374831-05:00" endTime="2010-12-23T11:06:34.3396666-05:00" testType="13cdc9d9-ddb5-4fa4-a97d-d965ccfc6d4b" outcome="Passed" testListId="8c84fa94-04c1-424b-9868-57a2d4851a1d" relativeResultsDirectory="f3c138af-9c87-4f63-a64c-caa22e3311d9">
    </UnitTestResult>
    <UnitTestResult executionId="99dadf47-fcc8-464b-8a6a-a7ce3ec0f919" testId="586b0c73-9dfd-74b5-c0ec-3aaaa46efb22" testName="Flat3X4CellTest" computerName="BUILD01" duration="00:02:20.4549988" startTime="2010-12-23T11:06:34.3455262-05:00" endTime="2010-12-23T11:08:54.8235775-05:00" testType="13cdc9d9-ddb5-4fa4-a97d-d965ccfc6d4b" outcome="Passed" testListId="8c84fa94-04c1-424b-9868-57a2d4851a1d" relativeResultsDirectory="99dadf47-fcc8-464b-8a6a-a7ce3ec0f919">
    </UnitTestResult>
    <UnitTestResult executionId="b0c720eb-728f-49fd-aa48-1e3ed13b254e" testId="c1d898b1-d79d-043a-f183-2eeb6f646487" testName="Tree3X4CellTest" computerName="BUILD01" duration="00:03:28.1290546" startTime="2010-12-23T11:08:54.8294371-05:00" endTime="2010-12-23T11:12:22.9888033-05:00" testType="13cdc9d9-ddb5-4fa4-a97d-d965ccfc6d4b" outcome="Passed" testListId="8c84fa94-04c1-424b-9868-57a2d4851a1d" relativeResultsDirectory="b0c720eb-728f-49fd-aa48-1e3ed13b254e">
    </UnitTestResult>
    <UnitTestResult executionId="6ae46b81-cf8a-4314-94f1-82cdde145373" testId="20839527-a15a-434a-7b64-2d92b9c1e04a" testName="TestMaxDateTime" computerName="BUILD01" duration="00:00:00.0103491" startTime="2010-12-23T11:12:22.9946629-05:00" endTime="2010-12-23T11:12:23.0141949-05:00" testType="13cdc9d9-ddb5-4fa4-a97d-d965ccfc6d4b" outcome="Passed" testListId="8c84fa94-04c1-424b-9868-57a2d4851a1d" relativeResultsDirectory="6ae46b81-cf8a-4314-94f1-82cdde145373">
    </UnitTestResult>
    <UnitTestResult executionId="92996d41-15f2-4afe-93bc-65f11d2603a7" testId="0cbd69a2-bc5c-fece-8d86-ddd915d55d90" testName="TestMaxLastChanged" computerName="BUILD01" duration="00:00:00.0116570" startTime="2010-12-23T11:12:23.0181013-05:00" endTime="2010-12-23T11:12:23.0356801-05:00" testType="13cdc9d9-ddb5-4fa4-a97d-d965ccfc6d4b" outcome="Passed" testListId="8c84fa94-04c1-424b-9868-57a2d4851a1d" relativeResultsDirectory="92996d41-15f2-4afe-93bc-65f11d2603a7">
    </UnitTestResult>
    <UnitTestResult executionId="6928854d-dee6-487c-bb4a-02b17fcc4059" testId="70309946-b558-78db-d1e1-ad25b7c971a0" testName="CreditBasketTest" computerName="BUILD01" duration="00:00:00.5902427" startTime="2010-12-23T11:12:23.0415397-05:00" endTime="2010-12-23T11:12:23.6392189-05:00" testType="13cdc9d9-ddb5-4fa4-a97d-d965ccfc6d4b" outcome="Passed" testListId="8c84fa94-04c1-424b-9868-57a2d4851a1d" relativeResultsDirectory="6928854d-dee6-487c-bb4a-02b17fcc4059">
    </UnitTestResult>
    <UnitTestResult executionId="56da6d6c-b19d-4770-b860-9c5d7cdb9807" testId="bb4ae70a-7f90-6aed-bcdf-d8f057642e6e" testName="GetFundNamesTest" computerName="BUILD01" duration="00:00:00.7753283" startTime="2010-12-23T11:12:23.6450785-05:00" endTime="2010-12-23T11:12:24.4263585-05:00" testType="13cdc9d9-ddb5-4fa4-a97d-d965ccfc6d4b" outcome="Passed" testListId="8c84fa94-04c1-424b-9868-57a2d4851a1d" relativeResultsDirectory="56da6d6c-b19d-4770-b860-9c5d7cdb9807">
    </UnitTestResult>
    <UnitTestResult executionId="8efa522b-c945-4d92-aad9-ae24258c986d" testId="ad55ce7d-1c05-20be-f468-6e17d822fa43" testName="GetPortfolioNamesTest" computerName="BUILD01" duration="00:00:00.0011455" startTime="2010-12-23T11:12:24.4331947-05:00" endTime="2010-12-23T11:12:24.4410075-05:00" testType="13cdc9d9-ddb5-4fa4-a97d-d965ccfc6d4b" outcome="Passed" testListId="8c84fa94-04c1-424b-9868-57a2d4851a1d" relativeResultsDirectory="8efa522b-c945-4d92-aad9-ae24258c986d">
    </UnitTestResult>
    <UnitTestResult executionId="08ffa1dd-fdc9-43f3-8d15-ae180654682b" testId="0973f8a3-0f84-d101-0eec-9da93933e13e" testName="GetStrategyNamesTest" computerName="BUILD01" duration="00:00:00.2272691" startTime="2010-12-23T11:12:24.4458905-05:00" endTime="2010-12-23T11:12:24.6802745-05:00" testType="13cdc9d9-ddb5-4fa4-a97d-d965ccfc6d4b" outcome="Passed" testListId="8c84fa94-04c1-424b-9868-57a2d4851a1d" relativeResultsDirectory="08ffa1dd-fdc9-43f3-8d15-ae180654682b">
    </UnitTestResult>
    <UnitTestResult executionId="470389b2-0e33-464a-8c0b-e1e6d7b7aacb" testId="b4a12a1a-0644-5485-3972-981397e1ca14" testName="BondReferenceObligationIdTest" computerName="BUILD01" duration="00:00:05.7767293" startTime="2010-12-23T11:12:24.6851575-05:00" endTime="2010-12-23T11:12:30.4685827-05:00" testType="13cdc9d9-ddb5-4fa4-a97d-d965ccfc6d4b" outcome="Passed" testListId="8c84fa94-04c1-424b-9868-57a2d4851a1d" relativeResultsDirectory="470389b2-0e33-464a-8c0b-e1e6d7b7aacb">
    </UnitTestResult>
    <UnitTestResult executionId="32874cf0-9f02-4e48-b67f-5da736f556d7" testId="8463f1b9-e754-9f58-ee3f-668d1dc3913c" testName="AccruedDaysTest" computerName="BUILD01" duration="00:00:41.3361546" startTime="2010-12-23T11:12:30.4754189-05:00" endTime="2010-12-23T11:13:11.8236863-05:00" testType="13cdc9d9-ddb5-4fa4-a97d-d965ccfc6d4b" outcome="Passed" testListId="8c84fa94-04c1-424b-9868-57a2d4851a1d" relativeResultsDirectory="32874cf0-9f02-4e48-b67f-5da736f556d7">
      <Output>
        <StdOut>11:12:36  Agent: adapter run thread for test 'AccruedDaysTest' with id '32874cf0-9f02-4e48-b67f-5da736f556d7' BeginTask Retrieve Market Data
11:12:36  Agent: adapter run thread for test 'AccruedDaysTest' with id '32874cf0-9f02-4e48-b67f-5da736f556d7' reading market snapshot...
11:12:37  Agent: adapter run thread for test 'AccruedDaysTest' with id '32874cf0-9f02-4e48-b67f-5da736f556d7' market snapshot read in 1.865306 \\bcna.corp\DFS\BMData\market\2010-12-21\2010-12-21_2010-12-22T024300Z_temp.bin
11:12:37  Agent: adapter run thread for test 'AccruedDaysTest' with id '32874cf0-9f02-4e48-b67f-5da736f556d7' EndTask Retrieve Market Data 00:00:01.8667863
11:12:37  Agent: adapter run thread for test 'AccruedDaysTest' with id '32874cf0-9f02-4e48-b67f-5da736f556d7' reading market changes...
11:12:38  Agent: adapter run thread for test 'AccruedDaysTest' with id '32874cf0-9f02-4e48-b67f-5da736f556d7' finished reading market changes in 0.2265712 \\bcna.corp\DFS\BMData\market\2010-12-21\2010-12-21_2010-12-22T024300Z_temp.bin</StdOut>
        <DebugTrace>11:12:36  Agent: adapter run thread for test 'AccruedDaysTest' with id '32874cf0-9f02-4e48-b67f-5da736f556d7' BeginTask Retrieve Market Data
11:12:36  Agent: adapter run thread for test 'AccruedDaysTest' with id '32874cf0-9f02-4e48-b67f-5da736f556d7' reading market snapshot...
11:12:37  Agent: adapter run thread for test 'AccruedDaysTest' with id '32874cf0-9f02-4e48-b67f-5da736f556d7' market snapshot read in 1.865306 \\bcna.corp\DFS\BMData\market\2010-12-21\2010-12-21_2010-12-22T024300Z_temp.bin
11:12:37  Agent: adapter run thread for test 'AccruedDaysTest' with id '32874cf0-9f02-4e48-b67f-5da736f556d7' EndTask Retrieve Market Data 00:00:01.8667863
11:12:37  Agent: adapter run thread for test 'AccruedDaysTest' with id '32874cf0-9f02-4e48-b67f-5da736f556d7' reading market changes...
11:12:38  Agent: adapter run thread for test 'AccruedDaysTest' with id '32874cf0-9f02-4e48-b67f-5da736f556d7' finished reading market changes in 0.2265712 \\bcna.corp\DFS\BMData\market\2010-12-21\2010-12-21_2010-12-22T024300Z_temp.bin
</DebugTrace>
      </Output>
    </UnitTestResult>
    <UnitTestResult executionId="cfebe6b3-b9f8-4af4-a9ef-3ad83385f965" testId="2875f27c-f80d-869b-9321-24d19460fd10" testName="CDSSpreadMonotonicityTest" computerName="BUILD01" duration="00:00:11.4166628" startTime="2010-12-23T11:13:11.8363821-05:00" endTime="2010-12-23T11:13:23.2704149-05:00" testType="13cdc9d9-ddb5-4fa4-a97d-d965ccfc6d4b" outcome="Failed" testListId="8c84fa94-04c1-424b-9868-57a2d4851a1d" relativeResultsDirectory="cfebe6b3-b9f8-4af4-a9ef-3ad83385f965">
      <Output>
        <ErrorInfo>
          <Message>Assert.IsTrue failed. HEI_8.5%_OCT19</Message>
          <StackTrace>   at FinOM.Test.Credit.BondTest.CDSSpreadMonotonicityTest(IBond bond) in e:\TeamCity_Data\Build\Sierra\src\FinOM\FinOM.Test\Securities\BondTest.cs:line 304
   at FinOM.Test.Credit.BondTest.CDSSpreadMonotonicityTest() in e:\TeamCity_Data\Build\Sierra\src\FinOM\FinOM.Test\Securities\BondTest.cs:line 283
</StackTrace>
        </ErrorInfo>
      </Output>
    </UnitTestResult>
    <UnitTestResult executionId="0c615880-4dcb-4261-b668-119d1160b8b9" testId="f9a6ddcd-bbea-f417-532e-968ea5167e2a" testName="PriceBasisRoundtripTest" computerName="BUILD01" duration="00:00:36.9791296" startTime="2010-12-23T11:13:23.2752979-05:00" endTime="2010-12-23T11:14:00.2649995-05:00" testType="13cdc9d9-ddb5-4fa4-a97d-d965ccfc6d4b" outcome="Passed" testListId="8c84fa94-04c1-424b-9868-57a2d4851a1d" relativeResultsDirectory="0c615880-4dcb-4261-b668-119d1160b8b9">
    </UnitTestResult>
    <UnitTestResult executionId="a8a35183-213d-4ebd-becd-1a9125bd172e" testId="051108cf-a2b6-645a-f3ab-915c798f307c" testName="PriceCleanAccruedTest" computerName="BUILD01" duration="00:00:36.2684636" startTime="2010-12-23T11:14:00.2747655-05:00" endTime="2010-12-23T11:14:36.5525257-05:00" testType="13cdc9d9-ddb5-4fa4-a97d-d965ccfc6d4b" outcome="Passed" testListId="8c84fa94-04c1-424b-9868-57a2d4851a1d" relativeResultsDirectory="a8a35183-213d-4ebd-becd-1a9125bd172e">
    </UnitTestResult>
    <UnitTestResult executionId="1b32fbb7-90fc-4553-983f-cc9fb6e3cea4" testId="32dd3bf4-b133-5262-0bd0-92a78aa5df88" testName="BondTypesTest" computerName="BUILD01" duration="00:00:07.2810128" startTime="2010-12-23T11:14:36.5593619-05:00" endTime="2010-12-23T11:14:43.8457745-05:00" testType="13cdc9d9-ddb5-4fa4-a97d-d965ccfc6d4b" outcome="Passed" testListId="8c84fa94-04c1-424b-9868-57a2d4851a1d" relativeResultsDirectory="1b32fbb7-90fc-4553-983f-cc9fb6e3cea4">
      <Output>
        <StdOut>Bnd 180 Mbs 41 Frn 17 Clo 51 Hybrid 3</StdOut>
      </Output>
    </UnitTestResult>
    <UnitTestResult executionId="13e1553a-6407-47bd-9b03-ddd94dd335af" testId="f285a415-a02b-7c0e-ea79-7a11249cba28" testName="CDIIntrinsicFromUnderyingPriceTest" computerName="BUILD01" duration="00:00:05.4414733" startTime="2010-12-23T11:14:43.8516341-05:00" endTime="2010-12-23T11:14:49.2991089-05:00" testType="13cdc9d9-ddb5-4fa4-a97d-d965ccfc6d4b" outcome="Passed" testListId="8c84fa94-04c1-424b-9868-57a2d4851a1d" relativeResultsDirectory="13e1553a-6407-47bd-9b03-ddd94dd335af">
    </UnitTestResult>
    <UnitTestResult executionId="d9c6e09b-a00a-4b7b-911d-203f1db9e8e0" testId="3e39d2d2-1d52-33ba-70d5-9c6e21731a83" testName="CdiIrdv01" computerName="BUILD01" duration="00:00:50.9711316" startTime="2010-12-23T11:14:49.3039919-05:00" endTime="2010-12-23T11:15:40.2864183-05:00" testType="13cdc9d9-ddb5-4fa4-a97d-d965ccfc6d4b" outcome="Failed" testListId="8c84fa94-04c1-424b-9868-57a2d4851a1d" relativeResultsDirectory="d9c6e09b-a00a-4b7b-911d-203f1db9e8e0">
      <Output>
        <StdOut>11:14:54  Agent: adapter run thread for test 'CdiIrdv01' with id 'd9c6e09b-a00a-4b7b-911d-203f1db9e8e0' TradeExpressionVisitor is about to call SqlInstrumentProvider on 1..2500 of 970
11:14:54  Agent: adapter run thread for test 'CdiIrdv01' with id 'd9c6e09b-a00a-4b7b-911d-203f1db9e8e0' SqlInstrumentProvider Loading instrument Cdi (288)
11:15:21  Agent: adapter run thread for test 'CdiIrdv01' with id 'd9c6e09b-a00a-4b7b-911d-203f1db9e8e0' TradeExpressionVisitor is about to call SqlInstrumentProvider on 1..2500 of 970
11:15:21  Agent: adapter run thread for test 'CdiIrdv01' with id 'd9c6e09b-a00a-4b7b-911d-203f1db9e8e0' SqlInstrumentProvider Loading instrument Cdi (288)</StdOut>
        <DebugTrace>11:14:54  Agent: adapter run thread for test 'CdiIrdv01' with id 'd9c6e09b-a00a-4b7b-911d-203f1db9e8e0' TradeExpressionVisitor is about to call SqlInstrumentProvider on 1..2500 of 970
11:14:54  Agent: adapter run thread for test 'CdiIrdv01' with id 'd9c6e09b-a00a-4b7b-911d-203f1db9e8e0' SqlInstrumentProvider Loading instrument Cdi (288)
11:15:21  Agent: adapter run thread for test 'CdiIrdv01' with id 'd9c6e09b-a00a-4b7b-911d-203f1db9e8e0' TradeExpressionVisitor is about to call SqlInstrumentProvider on 1..2500 of 970
11:15:21  Agent: adapter run thread for test 'CdiIrdv01' with id 'd9c6e09b-a00a-4b7b-911d-203f1db9e8e0' SqlInstrumentProvider Loading instrument Cdi (288)
</DebugTrace>
        <ErrorInfo>
          <Message>Assert.IsFalse failed. position-69740961</Message>
          <StackTrace>   at FinOM.Test.Credit.CDITest.CdiIrdv01() in e:\TeamCity_Data\Build\Sierra\src\FinOM\FinOM.Test\Credit\CDITest.cs:line 257
</StackTrace>
        </ErrorInfo>
      </Output>
    </UnitTestResult>
    <UnitTestResult executionId="2fd8f4f6-9477-48ac-b479-5313f6ae8eaf" testId="d981a4ac-d196-403b-37a2-403eb596db1c" testName="CDIMarketFromUnderyingPriceTest" computerName="BUILD01" duration="00:00:13.9744915" startTime="2010-12-23T11:15:40.2922779-05:00" endTime="2010-12-23T11:15:54.2752367-05:00" testType="13cdc9d9-ddb5-4fa4-a97d-d965ccfc6d4b" outcome="Passed" testListId="8c84fa94-04c1-424b-9868-57a2d4851a1d" relativeResultsDirectory="2fd8f4f6-9477-48ac-b479-5313f6ae8eaf">
    </UnitTestResult>
    <UnitTestResult executionId="a7541268-53ce-4bf7-b371-448ccc2a86eb" testId="c553b08a-fa5e-6ddf-0bac-1d6ece1e5cf4" testName="CDIPriceTests" computerName="BUILD01" duration="00:00:09.5392764" startTime="2010-12-23T11:15:54.2810963-05:00" endTime="2010-12-23T11:16:03.8273613-05:00" testType="13cdc9d9-ddb5-4fa4-a97d-d965ccfc6d4b" outcome="Passed" testListId="8c84fa94-04c1-424b-9868-57a2d4851a1d" relativeResultsDirectory="a7541268-53ce-4bf7-b371-448ccc2a86eb">
    </UnitTestResult>
    <UnitTestResult executionId="06c22fdd-35dc-4a73-a53e-e4b5906c61c5" testId="809b03ed-07d0-be4b-de5b-95e00cd466fd" testName="MultipleDefaultIntrinsicTest" computerName="BUILD01" duration="00:00:11.6864675" startTime="2010-12-23T11:16:03.8322443-05:00" endTime="2010-12-23T11:16:15.5260527-05:00" testType="13cdc9d9-ddb5-4fa4-a97d-d965ccfc6d4b" outcome="Passed" testListId="8c84fa94-04c1-424b-9868-57a2d4851a1d" relativeResultsDirectory="06c22fdd-35dc-4a73-a53e-e4b5906c61c5">
    </UnitTestResult>
    <UnitTestResult executionId="876f5623-738a-401a-93c9-ebd683855d83" testId="1099d207-526b-e145-56f2-6c35be921da2" testName="AnnuityDeltaPricerTest" computerName="BUILD01" duration="00:01:34.6941731" startTime="2010-12-23T11:16:15.5309357-05:00" endTime="2010-12-23T11:17:50.2406271-05:00" testType="13cdc9d9-ddb5-4fa4-a97d-d965ccfc6d4b" outcome="Passed" testListId="8c84fa94-04c1-424b-9868-57a2d4851a1d" relativeResultsDirectory="876f5623-738a-401a-93c9-ebd683855d83">
      <Output>
        <StdOut>11:16:43  Agent: adapter run thread for test 'AnnuityDeltaPricerTest' with id '876f5623-738a-401a-93c9-ebd683855d83' pricing BHII.D_JUN14_0-3_0_UF on pricingDate=12/22/2010
11:16:44  Agent: adapter run thread for test 'AnnuityDeltaPricerTest' with id '876f5623-738a-401a-93c9-ebd683855d83' loss grid model LossGridModel&lt;BHII.D_20JUN14&gt; basisRatio=1
11:16:46  Agent: adapter run thread for test 'AnnuityDeltaPricerTest' with id '876f5623-738a-401a-93c9-ebd683855d83' loss grid model LossGridModel&lt;BHII.D_20JUN14&gt; basisRatio=1
11:16:47  Agent: adapter run thread for test 'AnnuityDeltaPricerTest' with id '876f5623-738a-401a-93c9-ebd683855d83' calibrating mapped grid for LossGridModel&lt;BHII.D_20JUN14&gt; on calibrationDate=12/22/2010
11:16:48  Agent: adapter run thread for test 'AnnuityDeltaPricerTest' with id '876f5623-738a-401a-93c9-ebd683855d83' calibrating loss grid for LossGridModel&lt;BM.BSPK9.X125_20DEC14&gt;_GI:3 in Market 12/22/2010 on 12/22/2010.  TargetMaturity=12/20/2014 gridInterval=3
11:16:48  Agent: adapter run thread for test 'AnnuityDeltaPricerTest' with id '876f5623-738a-401a-93c9-ebd683855d83' calibrating loss grid for LossGridModel&lt;CDX9_20DEC14&gt; in Market 12/22/2010 on 12/22/2010.  TargetMaturity=12/20/2014 gridInterval=3
11:16:55  Agent: adapter run thread for test 'AnnuityDeltaPricerTest' with id '876f5623-738a-401a-93c9-ebd683855d83' loss grid model LossGridModel&lt;CDX9_20DEC14&gt; basisRatio=0.956166044634306
11:17:01  Agent: adapter run thread for test 'AnnuityDeltaPricerTest' with id '876f5623-738a-401a-93c9-ebd683855d83' finished calibrating grid for LossGridModel&lt;CDX9_20DEC14&gt;
11:17:07  Agent: adapter run thread for test 'AnnuityDeltaPricerTest' with id '876f5623-738a-401a-93c9-ebd683855d83' loss grid model LossGridModel&lt;BM.BSPK9.X125_20DEC14&gt;_GI:3 basisRatio=1.22106800437852
11:17:14  Agent: adapter run thread for test 'AnnuityDeltaPricerTest' with id '876f5623-738a-401a-93c9-ebd683855d83' finished calibrating grid for LossGridModel&lt;BM.BSPK9.X125_20DEC14&gt;_GI:3
11:17:17  Agent: adapter run thread for test 'AnnuityDeltaPricerTest' with id '876f5623-738a-401a-93c9-ebd683855d83' Warning:  Cell&lt;NativeHandle&gt;(BM.FinOM.Credit.LossGridCDOCollateral.LossGridCDOCollateral=derived=NativeHandle&lt;1090985624&gt;) in: BucketedCreditCurveShock 796825660 is higher than eval sheet BasketInstrumentDeltas
11:17:17  Agent: adapter run thread for test 'AnnuityDeltaPricerTest' with id '876f5623-738a-401a-93c9-ebd683855d83' tranche annuity pricer for BHII.D_JUN14_0-3_0_UF in BasketInstrumentDeltas
11:17:17  Agent: adapter run thread for test 'AnnuityDeltaPricerTest' with id '876f5623-738a-401a-93c9-ebd683855d83' pricing BHII.D_JUN14_0-3_500_UF on pricingDate=12/22/2010
11:17:18  Agent: adapter run thread for test 'AnnuityDeltaPricerTest' with id '876f5623-738a-401a-93c9-ebd683855d83' loss grid model LossGridModel&lt;BHII.D_20JUN14&gt; basisRatio=1
11:17:20  Agent: adapter run thread for test 'AnnuityDeltaPricerTest' with id '876f5623-738a-401a-93c9-ebd683855d83' loss grid model LossGridModel&lt;BHII.D_20JUN14&gt; basisRatio=1
11:17:21  Agent: adapter run thread for test 'AnnuityDeltaPricerTest' with id '876f5623-738a-401a-93c9-ebd683855d83' calibrating mapped grid for LossGridModel&lt;BHII.D_20JUN14&gt; on calibrationDate=12/22/2010
11:17:21  Agent: adapter run thread for test 'AnnuityDeltaPricerTest' with id '876f5623-738a-401a-93c9-ebd683855d83' calibrating loss grid for LossGridModel&lt;BM.BSPK9.X125_20DEC14&gt;_GI:3 in Market 12/22/2010 on 12/22/2010.  TargetMaturity=12/20/2014 gridInterval=3
11:17:21  Agent: adapter run thread for test 'AnnuityDeltaPricerTest' with id '876f5623-738a-401a-93c9-ebd683855d83' calibrating loss grid for LossGridModel&lt;CDX9_20DEC14&gt; in Market 12/22/2010 on 12/22/2010.  TargetMaturity=12/20/2014 gridInterval=3
11:17:28  Agent: adapter run thread for test 'AnnuityDeltaPricerTest' with id '876f5623-738a-401a-93c9-ebd683855d83' loss grid model LossGridModel&lt;CDX9_20DEC14&gt; basisRatio=0.956166044634306
11:17:34  Agent: adapter run thread for test 'AnnuityDeltaPricerTest' with id '876f5623-738a-401a-93c9-ebd683855d83' finished calibrating grid for LossGridModel&lt;CDX9_20DEC14&gt;
11:17:40  Agent: adapter run thread for test 'AnnuityDeltaPricerTest' with id '876f5623-738a-401a-93c9-ebd683855d83' loss grid model LossGridModel&lt;BM.BSPK9.X125_20DEC14&gt;_GI:3 basisRatio=1.22106800437852
11:17:48  Agent: adapter run thread for test 'AnnuityDeltaPricerTest' with id '876f5623-738a-401a-93c9-ebd683855d83' finished calibrating grid for LossGridModel&lt;BM.BSPK9.X125_20DEC14&gt;_GI:3
11:17:50  Agent: adapter run thread for test 'AnnuityDeltaPricerTest' with id '876f5623-738a-401a-93c9-ebd683855d83' Warning:  Cell&lt;NativeHandle&gt;(BM.FinOM.Credit.LossGridCDOCollateral.LossGridCDOCollateral=derived=NativeHandle&lt;1391540824&gt;) in: BucketedCreditCurveShock 812400780 is higher than eval sheet BasketInstrumentDeltas</StdOut>
        <DebugTrace>11:16:43  Agent: adapter run thread for test 'AnnuityDeltaPricerTest' with id '876f5623-738a-401a-93c9-ebd683855d83' pricing BHII.D_JUN14_0-3_0_UF on pricingDate=12/22/2010
11:16:44  Agent: adapter run thread for test 'AnnuityDeltaPricerTest' with id '876f5623-738a-401a-93c9-ebd683855d83' loss grid model LossGridModel&lt;BHII.D_20JUN14&gt; basisRatio=1
11:16:46  Agent: adapter run thread for test 'AnnuityDeltaPricerTest' with id '876f5623-738a-401a-93c9-ebd683855d83' loss grid model LossGridModel&lt;BHII.D_20JUN14&gt; basisRatio=1
11:16:47  Agent: adapter run thread for test 'AnnuityDeltaPricerTest' with id '876f5623-738a-401a-93c9-ebd683855d83' calibrating mapped grid for LossGridModel&lt;BHII.D_20JUN14&gt; on calibrationDate=12/22/2010
11:16:48  Agent: adapter run thread for test 'AnnuityDeltaPricerTest' with id '876f5623-738a-401a-93c9-ebd683855d83' calibrating loss grid for LossGridModel&lt;BM.BSPK9.X125_20DEC14&gt;_GI:3 in Market 12/22/2010 on 12/22/2010.  TargetMaturity=12/20/2014 gridInterval=3
11:16:48  Agent: adapter run thread for test 'AnnuityDeltaPricerTest' with id '876f5623-738a-401a-93c9-ebd683855d83' calibrating loss grid for LossGridModel&lt;CDX9_20DEC14&gt; in Market 12/22/2010 on 12/22/2010.  TargetMaturity=12/20/2014 gridInterval=3
11:16:55  Agent: adapter run thread for test 'AnnuityDeltaPricerTest' with id '876f5623-738a-401a-93c9-ebd683855d83' loss grid model LossGridModel&lt;CDX9_20DEC14&gt; basisRatio=0.956166044634306
11:17:01  Agent: adapter run thread for test 'AnnuityDeltaPricerTest' with id '876f5623-738a-401a-93c9-ebd683855d83' finished calibrating grid for LossGridModel&lt;CDX9_20DEC14&gt;
11:17:07  Agent: adapter run thread for test 'AnnuityDeltaPricerTest' with id '876f5623-738a-401a-93c9-ebd683855d83' loss grid model LossGridModel&lt;BM.BSPK9.X125_20DEC14&gt;_GI:3 basisRatio=1.22106800437852
11:17:14  Agent: adapter run thread for test 'AnnuityDeltaPricerTest' with id '876f5623-738a-401a-93c9-ebd683855d83' finished calibrating grid for LossGridModel&lt;BM.BSPK9.X125_20DEC14&gt;_GI:3
11:17:17  Agent: adapter run thread for test 'AnnuityDeltaPricerTest' with id '876f5623-738a-401a-93c9-ebd683855d83' Warning:  Cell&lt;NativeHandle&gt;(BM.FinOM.Credit.LossGridCDOCollateral.LossGridCDOCollateral=derived=NativeHandle&lt;1090985624&gt;) in: BucketedCreditCurveShock 796825660 is higher than eval sheet BasketInstrumentDeltas
11:17:17  Agent: adapter run thread for test 'AnnuityDeltaPricerTest' with id '876f5623-738a-401a-93c9-ebd683855d83' tranche annuity pricer for BHII.D_JUN14_0-3_0_UF in BasketInstrumentDeltas
11:17:17  Agent: adapter run thread for test 'AnnuityDeltaPricerTest' with id '876f5623-738a-401a-93c9-ebd683855d83' pricing BHII.D_JUN14_0-3_500_UF on pricingDate=12/22/2010
11:17:18  Agent: adapter run thread for test 'AnnuityDeltaPricerTest' with id '876f5623-738a-401a-93c9-ebd683855d83' loss grid model LossGridModel&lt;BHII.D_20JUN14&gt; basisRatio=1
11:17:20  Agent: adapter run thread for test 'AnnuityDeltaPricerTest' with id '876f5623-738a-401a-93c9-ebd683855d83' loss grid model LossGridModel&lt;BHII.D_20JUN14&gt; basisRatio=1
11:17:21  Agent: adapter run thread for test 'AnnuityDeltaPricerTest' with id '876f5623-738a-401a-93c9-ebd683855d83' calibrating mapped grid for LossGridModel&lt;BHII.D_20JUN14&gt; on calibrationDate=12/22/2010
11:17:21  Agent: adapter run thread for test 'AnnuityDeltaPricerTest' with id '876f5623-738a-401a-93c9-ebd683855d83' calibrating loss grid for LossGridModel&lt;BM.BSPK9.X125_20DEC14&gt;_GI:3 in Market 12/22/2010 on 12/22/2010.  TargetMaturity=12/20/2014 gridInterval=3
11:17:21  Agent: adapter run thread for test 'AnnuityDeltaPricerTest' with id '876f5623-738a-401a-93c9-ebd683855d83' calibrating loss grid for LossGridModel&lt;CDX9_20DEC14&gt; in Market 12/22/2010 on 12/22/2010.  TargetMaturity=12/20/2014 gridInterval=3
11:17:28  Agent: adapter run thread for test 'AnnuityDeltaPricerTest' with id '876f5623-738a-401a-93c9-ebd683855d83' loss grid model LossGridModel&lt;CDX9_20DEC14&gt; basisRatio=0.956166044634306
11:17:34  Agent: adapter run thread for test 'AnnuityDeltaPricerTest' with id '876f5623-738a-401a-93c9-ebd683855d83' finished calibrating grid for LossGridModel&lt;CDX9_20DEC14&gt;
11:17:40  Agent: adapter run thread for test 'AnnuityDeltaPricerTest' with id '876f5623-738a-401a-93c9-ebd683855d83' loss grid model LossGridModel&lt;BM.BSPK9.X125_20DEC14&gt;_GI:3 basisRatio=1.22106800437852
11:17:48  Agent: adapter run thread for test 'AnnuityDeltaPricerTest' with id '876f5623-738a-401a-93c9-ebd683855d83' finished calibrating grid for LossGridModel&lt;BM.BSPK9.X125_20DEC14&gt;_GI:3
11:17:50  Agent: adapter run thread for test 'AnnuityDeltaPricerTest' with id '876f5623-738a-401a-93c9-ebd683855d83' Warning:  Cell&lt;NativeHandle&gt;(BM.FinOM.Credit.LossGridCDOCollateral.LossGridCDOCollateral=derived=NativeHandle&lt;1391540824&gt;) in: BucketedCreditCurveShock 812400780 is higher than eval sheet BasketInstrumentDeltas
</DebugTrace>
      </Output>
    </UnitTestResult>
    <UnitTestResult executionId="4ee58c11-b942-47a0-9778-b15d744100fa" testId="6ac7ca45-f6f5-f6bd-37a5-582e6b4e9900" testName="AnnuityPricerTest" computerName="BUILD01" duration="00:00:27.0543877" startTime="2010-12-23T11:17:50.2464867-05:00" endTime="2010-12-23T11:18:17.3110025-05:00" testType="13cdc9d9-ddb5-4fa4-a97d-d965ccfc6d4b" outcome="Passed" testListId="8c84fa94-04c1-424b-9868-57a2d4851a1d" relativeResultsDirectory="4ee58c11-b942-47a0-9778-b15d744100fa">
      <Output>
        <StdOut>11:17:50  Agent: adapter run thread for test 'AnnuityPricerTest' with id '4ee58c11-b942-47a0-9778-b15d744100fa' pricing CDX9_DEC12_0-5 on pricingDate=12/22/2010
11:17:57  Agent: adapter run thread for test 'AnnuityPricerTest' with id '4ee58c11-b942-47a0-9778-b15d744100fa' loss grid model LossGridModel&lt;CDX9_20DEC12&gt; basisRatio=0.956166044634306
11:17:59  Agent: adapter run thread for test 'AnnuityPricerTest' with id '4ee58c11-b942-47a0-9778-b15d744100fa' calibrating loss grid for LossGridModel&lt;CDX9_20DEC12&gt; in TrancheAnnuityPricer on 12/22/2010.  TargetMaturity=12/20/2012 gridInterval=3
11:18:03  Agent: adapter run thread for test 'AnnuityPricerTest' with id '4ee58c11-b942-47a0-9778-b15d744100fa' finished calibrating grid for LossGridModel&lt;CDX9_20DEC12&gt;
11:18:03  Agent: adapter run thread for test 'AnnuityPricerTest' with id '4ee58c11-b942-47a0-9778-b15d744100fa' tranche annuity pricer for CDX9_DEC12_0-5 in TrancheAnnuityPricer
11:18:03  Agent: adapter run thread for test 'AnnuityPricerTest' with id '4ee58c11-b942-47a0-9778-b15d744100fa' pricing CDX9_DEC12_0-5 on pricingDate=12/22/2010
11:18:10  Agent: adapter run thread for test 'AnnuityPricerTest' with id '4ee58c11-b942-47a0-9778-b15d744100fa' loss grid model LossGridModel&lt;CDX9_20DEC12&gt; basisRatio=0.956166044634306
11:18:12  Agent: adapter run thread for test 'AnnuityPricerTest' with id '4ee58c11-b942-47a0-9778-b15d744100fa' calibrating loss grid for LossGridModel&lt;CDX9_20DEC12&gt; in TrancheAnnuityPricer on 12/22/2010.  TargetMaturity=12/20/2012 gridInterval=3
11:18:17  Agent: adapter run thread for test 'AnnuityPricerTest' with id '4ee58c11-b942-47a0-9778-b15d744100fa' finished calibrating grid for LossGridModel&lt;CDX9_20DEC12&gt;</StdOut>
        <DebugTrace>11:17:50  Agent: adapter run thread for test 'AnnuityPricerTest' with id '4ee58c11-b942-47a0-9778-b15d744100fa' pricing CDX9_DEC12_0-5 on pricingDate=12/22/2010
11:17:57  Agent: adapter run thread for test 'AnnuityPricerTest' with id '4ee58c11-b942-47a0-9778-b15d744100fa' loss grid model LossGridModel&lt;CDX9_20DEC12&gt; basisRatio=0.956166044634306
11:17:59  Agent: adapter run thread for test 'AnnuityPricerTest' with id '4ee58c11-b942-47a0-9778-b15d744100fa' calibrating loss grid for LossGridModel&lt;CDX9_20DEC12&gt; in TrancheAnnuityPricer on 12/22/2010.  TargetMaturity=12/20/2012 gridInterval=3
11:18:03  Agent: adapter run thread for test 'AnnuityPricerTest' with id '4ee58c11-b942-47a0-9778-b15d744100fa' finished calibrating grid for LossGridModel&lt;CDX9_20DEC12&gt;
11:18:03  Agent: adapter run thread for test 'AnnuityPricerTest' with id '4ee58c11-b942-47a0-9778-b15d744100fa' tranche annuity pricer for CDX9_DEC12_0-5 in TrancheAnnuityPricer
11:18:03  Agent: adapter run thread for test 'AnnuityPricerTest' with id '4ee58c11-b942-47a0-9778-b15d744100fa' pricing CDX9_DEC12_0-5 on pricingDate=12/22/2010
11:18:10  Agent: adapter run thread for test 'AnnuityPricerTest' with id '4ee58c11-b942-47a0-9778-b15d744100fa' loss grid model LossGridModel&lt;CDX9_20DEC12&gt; basisRatio=0.956166044634306
11:18:12  Agent: adapter run thread for test 'AnnuityPricerTest' with id '4ee58c11-b942-47a0-9778-b15d744100fa' calibrating loss grid for LossGridModel&lt;CDX9_20DEC12&gt; in TrancheAnnuityPricer on 12/22/2010.  TargetMaturity=12/20/2012 gridInterval=3
11:18:17  Agent: adapter run thread for test 'AnnuityPricerTest' with id '4ee58c11-b942-47a0-9778-b15d744100fa' finished calibrating grid for LossGridModel&lt;CDX9_20DEC12&gt;
</DebugTrace>
      </Output>
    </UnitTestResult>
    <UnitTestResult executionId="7b855077-daff-4bb3-8f44-ab6bc85aecfc" testId="7f6d9085-bc41-9825-52e8-99b4a1a2da41" testName="AnnuityTest" computerName="BUILD01" duration="00:00:00.1190530" startTime="2010-12-23T11:18:17.3168621-05:00" endTime="2010-12-23T11:18:17.4428435-05:00" testType="13cdc9d9-ddb5-4fa4-a97d-d965ccfc6d4b" outcome="Passed" testListId="8c84fa94-04c1-424b-9868-57a2d4851a1d" relativeResultsDirectory="7b855077-daff-4bb3-8f44-ab6bc85aecfc">
    </UnitTestResult>
    <UnitTestResult executionId="dcef8316-4b8b-40cf-8661-b8045dbcec50" testId="8b3b8370-d3ac-b49c-02cd-3ee26fb719c9" testName="AssignIntoDealerBids" computerName="BUILD01" duration="00:00:04.5494958" startTime="2010-12-23T11:18:17.4535861-05:00" endTime="2010-12-23T11:18:22.0094251-05:00" testType="13cdc9d9-ddb5-4fa4-a97d-d965ccfc6d4b" outcome="Passed" testListId="8c84fa94-04c1-424b-9868-57a2d4851a1d" relativeResultsDirectory="dcef8316-4b8b-40cf-8661-b8045dbcec50">
      <Output>
        <StdOut>11:18:19  Agent: adapter run thread for test 'AssignIntoDealerBids' with id 'dcef8316-4b8b-40cf-8661-b8045dbcec50' BeginTask Retrieve Market Data
11:18:19  Agent: adapter run thread for test 'AssignIntoDealerBids' with id 'dcef8316-4b8b-40cf-8661-b8045dbcec50' reading market snapshot...
11:18:21  Agent: adapter run thread for test 'AssignIntoDealerBids' with id 'dcef8316-4b8b-40cf-8661-b8045dbcec50' market snapshot read in 1.4092338 \\bcna.corp\DFS\BMData\market\2009-06-05\2009-06-05_2009-06-08T155428Z_temp.bin
11:18:21  Agent: adapter run thread for test 'AssignIntoDealerBids' with id 'dcef8316-4b8b-40cf-8661-b8045dbcec50' EndTask Retrieve Market Data 00:00:01.4101452
11:18:21  Agent: adapter run thread for test 'AssignIntoDealerBids' with id 'dcef8316-4b8b-40cf-8661-b8045dbcec50' reading market changes...
11:18:21  Agent: adapter run thread for test 'AssignIntoDealerBids' with id 'dcef8316-4b8b-40cf-8661-b8045dbcec50' finished reading market changes in 0.6123282 \\bcna.corp\DFS\BMData\market\2009-06-05\2009-06-05_2009-06-08T155428Z_temp.bin</StdOut>
        <DebugTrace>11:18:19  Agent: adapter run thread for test 'AssignIntoDealerBids' with id 'dcef8316-4b8b-40cf-8661-b8045dbcec50' BeginTask Retrieve Market Data
11:18:19  Agent: adapter run thread for test 'AssignIntoDealerBids' with id 'dcef8316-4b8b-40cf-8661-b8045dbcec50' reading market snapshot...
11:18:21  Agent: adapter run thread for test 'AssignIntoDealerBids' with id 'dcef8316-4b8b-40cf-8661-b8045dbcec50' market snapshot read in 1.4092338 \\bcna.corp\DFS\BMData\market\2009-06-05\2009-06-05_2009-06-08T155428Z_temp.bin
11:18:21  Agent: adapter run thread for test 'AssignIntoDealerBids' with id 'dcef8316-4b8b-40cf-8661-b8045dbcec50' EndTask Retrieve Market Data 00:00:01.4101452
11:18:21  Agent: adapter run thread for test 'AssignIntoDealerBids' with id 'dcef8316-4b8b-40cf-8661-b8045dbcec50' reading market changes...
11:18:21  Agent: adapter run thread for test 'AssignIntoDealerBids' with id 'dcef8316-4b8b-40cf-8661-b8045dbcec50' finished reading market changes in 0.6123282 \\bcna.corp\DFS\BMData\market\2009-06-05\2009-06-05_2009-06-08T155428Z_temp.bin
</DebugTrace>
      </Output>
    </UnitTestResult>
    <UnitTestResult executionId="13bfc4f3-df2b-4e9c-b404-8d3c416afeff" testId="4dd63ae0-e435-9996-0f42-8dad3066b7b5" testName="AssignIntoDealerBids2" computerName="BUILD01" duration="00:00:00.0010823" startTime="2010-12-23T11:18:22.0152847-05:00" endTime="2010-12-23T11:18:22.0230975-05:00" testType="13cdc9d9-ddb5-4fa4-a97d-d965ccfc6d4b" outcome="Passed" testListId="8c84fa94-04c1-424b-9868-57a2d4851a1d" relativeResultsDirectory="13bfc4f3-df2b-4e9c-b404-8d3c416afeff">
    </UnitTestResult>
    <UnitTestResult executionId="cb71d78d-8443-4dec-90ea-064bafa98daf" testId="5fffcc90-36c1-e8ac-6dd4-6d55979e6985" testName="BestBidDealers" computerName="BUILD01" duration="00:00:04.3523492" startTime="2010-12-23T11:18:22.0289571-05:00" endTime="2010-12-23T11:18:26.3875229-05:00" testType="13cdc9d9-ddb5-4fa4-a97d-d965ccfc6d4b" outcome="Passed" testListId="8c84fa94-04c1-424b-9868-57a2d4851a1d" relativeResultsDirectory="cb71d78d-8443-4dec-90ea-064bafa98daf">
      <Output>
        <StdOut>11:18:23  Agent: adapter run thread for test 'BestBidDealers' with id 'cb71d78d-8443-4dec-90ea-064bafa98daf' BeginTask Retrieve Market Data
11:18:23  Agent: adapter run thread for test 'BestBidDealers' with id 'cb71d78d-8443-4dec-90ea-064bafa98daf' reading market snapshot...
11:18:25  Agent: adapter run thread for test 'BestBidDealers' with id 'cb71d78d-8443-4dec-90ea-064bafa98daf' market snapshot read in 1.4287658 \\bcna.corp\DFS\BMData\market\2009-02-11\2009-02-11_2009-02-12T030026Z_temp.bin
11:18:25  Agent: adapter run thread for test 'BestBidDealers' with id 'cb71d78d-8443-4dec-90ea-064bafa98daf' EndTask Retrieve Market Data 00:00:01.4293552
11:18:25  Agent: adapter run thread for test 'BestBidDealers' with id 'cb71d78d-8443-4dec-90ea-064bafa98daf' reading market changes...
11:18:26  Agent: adapter run thread for test 'BestBidDealers' with id 'cb71d78d-8443-4dec-90ea-064bafa98daf' finished reading market changes in 1.2100074 \\bcna.corp\DFS\BMData\market\2009-02-11\2009-02-11_2009-02-12T030026Z_temp.bin</StdOut>
        <DebugTrace>11:18:23  Agent: adapter run thread for test 'BestBidDealers' with id 'cb71d78d-8443-4dec-90ea-064bafa98daf' BeginTask Retrieve Market Data
11:18:23  Agent: adapter run thread for test 'BestBidDealers' with id 'cb71d78d-8443-4dec-90ea-064bafa98daf' reading market snapshot...
11:18:25  Agent: adapter run thread for test 'BestBidDealers' with id 'cb71d78d-8443-4dec-90ea-064bafa98daf' market snapshot read in 1.4287658 \\bcna.corp\DFS\BMData\market\2009-02-11\2009-02-11_2009-02-12T030026Z_temp.bin
11:18:25  Agent: adapter run thread for test 'BestBidDealers' with id 'cb71d78d-8443-4dec-90ea-064bafa98daf' EndTask Retrieve Market Data 00:00:01.4293552
11:18:25  Agent: adapter run thread for test 'BestBidDealers' with id 'cb71d78d-8443-4dec-90ea-064bafa98daf' reading market changes...
11:18:26  Agent: adapter run thread for test 'BestBidDealers' with id 'cb71d78d-8443-4dec-90ea-064bafa98daf' finished reading market changes in 1.2100074 \\bcna.corp\DFS\BMData\market\2009-02-11\2009-02-11_2009-02-12T030026Z_temp.bin
</DebugTrace>
      </Output>
    </UnitTestResult>
    <UnitTestResult executionId="336305a7-a7b1-4702-9af5-ccd095fbce96" testId="cb1b0eb6-4964-9c4a-33d4-aa030193495c" testName="BestDealerBid" computerName="BUILD01" duration="00:00:00.0025864" startTime="2010-12-23T11:18:26.3933825-05:00" endTime="2010-12-23T11:18:26.4021719-05:00" testType="13cdc9d9-ddb5-4fa4-a97d-d965ccfc6d4b" outcome="Passed" testListId="8c84fa94-04c1-424b-9868-57a2d4851a1d" relativeResultsDirectory="336305a7-a7b1-4702-9af5-ccd095fbce96">
    </UnitTestResult>
    <UnitTestResult executionId="ccd1265e-4cad-426b-9634-ba402fcac814" testId="966655b0-213e-561b-084b-4013a5557e8b" testName="BestDealerBidAcrossDates" computerName="BUILD01" duration="00:00:06.5173272" startTime="2010-12-23T11:18:26.4070549-05:00" endTime="2010-12-23T11:18:32.9326961-05:00" testType="13cdc9d9-ddb5-4fa4-a97d-d965ccfc6d4b" outcome="Passed" testListId="8c84fa94-04c1-424b-9868-57a2d4851a1d" relativeResultsDirectory="ccd1265e-4cad-426b-9634-ba402fcac814">
      <Output>
        <StdOut>11:18:28  Agent: adapter run thread for test 'BestDealerBidAcrossDates' with id 'ccd1265e-4cad-426b-9634-ba402fcac814' BeginTask Retrieve Market Data
11:18:28  Agent: adapter run thread for test 'BestDealerBidAcrossDates' with id 'ccd1265e-4cad-426b-9634-ba402fcac814' reading market snapshot...
11:18:29  Agent: adapter run thread for test 'BestDealerBidAcrossDates' with id 'ccd1265e-4cad-426b-9634-ba402fcac814' market snapshot read in 1.5957644 \\bcna.corp\DFS\BMData\market\2009-02-10\2009-02-10_2009-02-11T220505Z_temp.bin
11:18:29  Agent: adapter run thread for test 'BestDealerBidAcrossDates' with id 'ccd1265e-4cad-426b-9634-ba402fcac814' EndTask Retrieve Market Data 00:00:01.5965259
11:18:29  Agent: adapter run thread for test 'BestDealerBidAcrossDates' with id 'ccd1265e-4cad-426b-9634-ba402fcac814' reading market changes...
11:18:32  Agent: adapter run thread for test 'BestDealerBidAcrossDates' with id 'ccd1265e-4cad-426b-9634-ba402fcac814' finished reading market changes in 3.0967986 \\bcna.corp\DFS\BMData\market\2009-02-10\2009-02-10_2009-02-11T220505Z_temp.bin</StdOut>
        <DebugTrace>11:18:28  Agent: adapter run thread for test 'BestDealerBidAcrossDates' with id 'ccd1265e-4cad-426b-9634-ba402fcac814' BeginTask Retrieve Market Data
11:18:28  Agent: adapter run thread for test 'BestDealerBidAcrossDates' with id 'ccd1265e-4cad-426b-9634-ba402fcac814' reading market snapshot...
11:18:29  Agent: adapter run thread for test 'BestDealerBidAcrossDates' with id 'ccd1265e-4cad-426b-9634-ba402fcac814' market snapshot read in 1.5957644 \\bcna.corp\DFS\BMData\market\2009-02-10\2009-02-10_2009-02-11T220505Z_temp.bin
11:18:29  Agent: adapter run thread for test 'BestDealerBidAcrossDates' with id 'ccd1265e-4cad-426b-9634-ba402fcac814' EndTask Retrieve Market Data 00:00:01.5965259
11:18:29  Agent: adapter run thread for test 'BestDealerBidAcrossDates' with id 'ccd1265e-4cad-426b-9634-ba402fcac814' reading market changes...
11:18:32  Agent: adapter run thread for test 'BestDealerBidAcrossDates' with id 'ccd1265e-4cad-426b-9634-ba402fcac814' finished reading market changes in 3.0967986 \\bcna.corp\DFS\BMData\market\2009-02-10\2009-02-10_2009-02-11T220505Z_temp.bin
</DebugTrace>
      </Output>
    </UnitTestResult>
    <UnitTestResult executionId="8394dcde-7c25-4fa2-ab57-875a6c45f56b" testId="8bc303a0-402e-b92e-12a0-d699b4d870a5" testName="BestDealerBidChangeMark" computerName="BUILD01" duration="00:00:00.0075658" startTime="2010-12-23T11:18:32.9483217-05:00" endTime="2010-12-23T11:18:32.9659005-05:00" testType="13cdc9d9-ddb5-4fa4-a97d-d965ccfc6d4b" outcome="Passed" testListId="8c84fa94-04c1-424b-9868-57a2d4851a1d" relativeResultsDirectory="8394dcde-7c25-4fa2-ab57-875a6c45f56b">
    </UnitTestResult>
    <UnitTestResult executionId="3de5d864-7e17-4c2a-b00b-cb48ab5b49f4" testId="66dd9d12-8d0a-33c2-2175-fa0125439d8f" testName="BestDealerBidDeleteMark" computerName="BUILD01" duration="00:00:00.0036681" startTime="2010-12-23T11:18:32.9717601-05:00" endTime="2010-12-23T11:18:32.9961751-05:00" testType="13cdc9d9-ddb5-4fa4-a97d-d965ccfc6d4b" outcome="Passed" testListId="8c84fa94-04c1-424b-9868-57a2d4851a1d" relativeResultsDirectory="3de5d864-7e17-4c2a-b00b-cb48ab5b49f4">
    </UnitTestResult>
    <UnitTestResult executionId="11bc6f4c-af92-4196-b04b-38b5c47dce8f" testId="90ea9459-7695-7df1-0e41-c210d1556eff" testName="BestDealerUpfrontBid" computerName="BUILD01" duration="00:00:04.5036811" startTime="2010-12-23T11:18:33.0069177-05:00" endTime="2010-12-23T11:18:37.5275991-05:00" testType="13cdc9d9-ddb5-4fa4-a97d-d965ccfc6d4b" outcome="Passed" testListId="8c84fa94-04c1-424b-9868-57a2d4851a1d" relativeResultsDirectory="11bc6f4c-af92-4196-b04b-38b5c47dce8f">
      <Output>
        <StdOut>11:18:34  Agent: adapter run thread for test 'BestDealerUpfrontBid' with id '11bc6f4c-af92-4196-b04b-38b5c47dce8f' BeginTask Retrieve Market Data
11:18:34  Agent: adapter run thread for test 'BestDealerUpfrontBid' with id '11bc6f4c-af92-4196-b04b-38b5c47dce8f' reading market snapshot...
11:18:36  Agent: adapter run thread for test 'BestDealerUpfrontBid' with id '11bc6f4c-af92-4196-b04b-38b5c47dce8f' market snapshot read in 1.6367816 \\bcna.corp\DFS\BMData\market\2009-05-22\2009-05-22_2009-05-23T020004Z_temp.bin
11:18:36  Agent: adapter run thread for test 'BestDealerUpfrontBid' with id '11bc6f4c-af92-4196-b04b-38b5c47dce8f' EndTask Retrieve Market Data 00:00:01.6384744
11:18:36  Agent: adapter run thread for test 'BestDealerUpfrontBid' with id '11bc6f4c-af92-4196-b04b-38b5c47dce8f' reading market changes...
11:18:37  Agent: adapter run thread for test 'BestDealerUpfrontBid' with id '11bc6f4c-af92-4196-b04b-38b5c47dce8f' finished reading market changes in 1.5049406 \\bcna.corp\DFS\BMData\market\2009-05-22\2009-05-22_2009-05-23T020004Z_temp.bin</StdOut>
        <DebugTrace>11:18:34  Agent: adapter run thread for test 'BestDealerUpfrontBid' with id '11bc6f4c-af92-4196-b04b-38b5c47dce8f' BeginTask Retrieve Market Data
11:18:34  Agent: adapter run thread for test 'BestDealerUpfrontBid' with id '11bc6f4c-af92-4196-b04b-38b5c47dce8f' reading market snapshot...
11:18:36  Agent: adapter run thread for test 'BestDealerUpfrontBid' with id '11bc6f4c-af92-4196-b04b-38b5c47dce8f' market snapshot read in 1.6367816 \\bcna.corp\DFS\BMData\market\2009-05-22\2009-05-22_2009-05-23T020004Z_temp.bin
11:18:36  Agent: adapter run thread for test 'BestDealerUpfrontBid' with id '11bc6f4c-af92-4196-b04b-38b5c47dce8f' EndTask Retrieve Market Data 00:00:01.6384744
11:18:36  Agent: adapter run thread for test 'BestDealerUpfrontBid' with id '11bc6f4c-af92-4196-b04b-38b5c47dce8f' reading market changes...
11:18:37  Agent: adapter run thread for test 'BestDealerUpfrontBid' with id '11bc6f4c-af92-4196-b04b-38b5c47dce8f' finished reading market changes in 1.5049406 \\bcna.corp\DFS\BMData\market\2009-05-22\2009-05-22_2009-05-23T020004Z_temp.bin
</DebugTrace>
      </Output>
    </UnitTestResult>
    <UnitTestResult executionId="4e852e57-8b17-492a-93a5-81fbeb45091a" testId="117d0dc8-92f2-3015-8de4-0fa03b6aa684" testName="CollateralEqualityTest1" computerName="BUILD01" duration="00:00:00.0008930" startTime="2010-12-23T11:18:37.5334587-05:00" endTime="2010-12-23T11:18:37.5402949-05:00" testType="13cdc9d9-ddb5-4fa4-a97d-d965ccfc6d4b" outcome="Passed" testListId="8c84fa94-04c1-424b-9868-57a2d4851a1d" relativeResultsDirectory="4e852e57-8b17-492a-93a5-81fbeb45091a">
    </UnitTestResult>
    <UnitTestResult executionId="fb70d621-a762-4868-9cdb-151ac090a7b9" testId="30fc0fda-83a1-d9d9-0906-3469fcaa3eb4" testName="NotStaleAfterRefresh" computerName="BUILD01" duration="00:00:00.0008885" startTime="2010-12-23T11:18:37.5451779-05:00" endTime="2010-12-23T11:18:37.5510375-05:00" testType="13cdc9d9-ddb5-4fa4-a97d-d965ccfc6d4b" outcome="Passed" testListId="8c84fa94-04c1-424b-9868-57a2d4851a1d" relativeResultsDirectory="fb70d621-a762-4868-9cdb-151ac090a7b9">
    </UnitTestResult>
    <UnitTestResult executionId="01ac0fcb-a234-4e3e-a8b4-e807db6cb4df" testId="64788b44-6ada-c1fd-d225-2bb63e3690a9" testName="ParPriceTest" computerName="BUILD01" duration="00:00:18.7909392" startTime="2010-12-23T11:18:37.5549439-05:00" endTime="2010-12-23T11:18:56.3544939-05:00" testType="13cdc9d9-ddb5-4fa4-a97d-d965ccfc6d4b" outcome="Passed" testListId="8c84fa94-04c1-424b-9868-57a2d4851a1d" relativeResultsDirectory="01ac0fcb-a234-4e3e-a8b4-e807db6cb4df">
      <Output>
        <StdOut>11:18:37  Agent: adapter run thread for test 'ParPriceTest' with id '01ac0fcb-a234-4e3e-a8b4-e807db6cb4df' pricing CDX5_DEC12_0-3_500_UF on pricingDate=12/22/2010
11:18:40  Agent: adapter run thread for test 'ParPriceTest' with id '01ac0fcb-a234-4e3e-a8b4-e807db6cb4df' loss grid model LossGridModel&lt;CDX5_20DEC12&gt; basisRatio=0.972667628197451
11:18:42  Agent: adapter run thread for test 'ParPriceTest' with id '01ac0fcb-a234-4e3e-a8b4-e807db6cb4df' calibrating loss grid for LossGridModel&lt;CDX5_20DEC12&gt; in Market 12/22/2010 on 12/22/2010.  TargetMaturity=12/20/2012 gridInterval=3
11:18:42  Agent: adapter run thread for test 'ParPriceTest' with id '01ac0fcb-a234-4e3e-a8b4-e807db6cb4df' calibrating loss grid for LossGridModel&lt;CDX9_20DEC12&gt; in Market 12/22/2010 on 12/22/2010.  TargetMaturity=12/20/2012 gridInterval=3
11:18:48  Agent: adapter run thread for test 'ParPriceTest' with id '01ac0fcb-a234-4e3e-a8b4-e807db6cb4df' loss grid model LossGridModel&lt;CDX9_20DEC12&gt; basisRatio=0.956166044634306
11:18:55  Agent: adapter run thread for test 'ParPriceTest' with id '01ac0fcb-a234-4e3e-a8b4-e807db6cb4df' finished calibrating grid for LossGridModel&lt;CDX9_20DEC12&gt;
11:18:55  Agent: adapter run thread for test 'ParPriceTest' with id '01ac0fcb-a234-4e3e-a8b4-e807db6cb4df' finished calibrating grid for LossGridModel&lt;CDX5_20DEC12&gt;
11:18:55  Agent: adapter run thread for test 'ParPriceTest' with id '01ac0fcb-a234-4e3e-a8b4-e807db6cb4df' pricing CDX5_DEC12_3-7 on pricingDate=12/22/2010
11:18:55  Agent: adapter run thread for test 'ParPriceTest' with id '01ac0fcb-a234-4e3e-a8b4-e807db6cb4df' pricing CDX5_DEC12_7-10 on pricingDate=12/22/2010
11:18:55  Agent: adapter run thread for test 'ParPriceTest' with id '01ac0fcb-a234-4e3e-a8b4-e807db6cb4df' pricing CDX5_DEC12_10-15 on pricingDate=12/22/2010
11:18:56  Agent: adapter run thread for test 'ParPriceTest' with id '01ac0fcb-a234-4e3e-a8b4-e807db6cb4df' pricing CDX5_DEC12_15-30 on pricingDate=12/22/2010</StdOut>
        <DebugTrace>11:18:37  Agent: adapter run thread for test 'ParPriceTest' with id '01ac0fcb-a234-4e3e-a8b4-e807db6cb4df' pricing CDX5_DEC12_0-3_500_UF on pricingDate=12/22/2010
11:18:40  Agent: adapter run thread for test 'ParPriceTest' with id '01ac0fcb-a234-4e3e-a8b4-e807db6cb4df' loss grid model LossGridModel&lt;CDX5_20DEC12&gt; basisRatio=0.972667628197451
11:18:42  Agent: adapter run thread for test 'ParPriceTest' with id '01ac0fcb-a234-4e3e-a8b4-e807db6cb4df' calibrating loss grid for LossGridModel&lt;CDX5_20DEC12&gt; in Market 12/22/2010 on 12/22/2010.  TargetMaturity=12/20/2012 gridInterval=3
11:18:42  Agent: adapter run thread for test 'ParPriceTest' with id '01ac0fcb-a234-4e3e-a8b4-e807db6cb4df' calibrating loss grid for LossGridModel&lt;CDX9_20DEC12&gt; in Market 12/22/2010 on 12/22/2010.  TargetMaturity=12/20/2012 gridInterval=3
11:18:48  Agent: adapter run thread for test 'ParPriceTest' with id '01ac0fcb-a234-4e3e-a8b4-e807db6cb4df' loss grid model LossGridModel&lt;CDX9_20DEC12&gt; basisRatio=0.956166044634306
11:18:55  Agent: adapter run thread for test 'ParPriceTest' with id '01ac0fcb-a234-4e3e-a8b4-e807db6cb4df' finished calibrating grid for LossGridModel&lt;CDX9_20DEC12&gt;
11:18:55  Agent: adapter run thread for test 'ParPriceTest' with id '01ac0fcb-a234-4e3e-a8b4-e807db6cb4df' finished calibrating grid for LossGridModel&lt;CDX5_20DEC12&gt;
11:18:55  Agent: adapter run thread for test 'ParPriceTest' with id '01ac0fcb-a234-4e3e-a8b4-e807db6cb4df' pricing CDX5_DEC12_3-7 on pricingDate=12/22/2010
11:18:55  Agent: adapter run thread for test 'ParPriceTest' with id '01ac0fcb-a234-4e3e-a8b4-e807db6cb4df' pricing CDX5_DEC12_7-10 on pricingDate=12/22/2010
11:18:55  Agent: adapter run thread for test 'ParPriceTest' with id '01ac0fcb-a234-4e3e-a8b4-e807db6cb4df' pricing CDX5_DEC12_10-15 on pricingDate=12/22/2010
11:18:56  Agent: adapter run thread for test 'ParPriceTest' with id '01ac0fcb-a234-4e3e-a8b4-e807db6cb4df' pricing CDX5_DEC12_15-30 on pricingDate=12/22/2010
</DebugTrace>
      </Output>
    </UnitTestResult>
    <UnitTestResult executionId="0f47f4c8-7341-4a9b-87a5-e7bf679ba6c9" testId="055c14a0-70c5-8865-14f0-8bd3b137b60a" testName="PriceFromLossGridCorrelationTest" computerName="BUILD01" duration="00:00:27.3371014" startTime="2010-12-23T11:18:56.3593769-05:00" endTime="2010-12-23T11:19:23.7051535-05:00" testType="13cdc9d9-ddb5-4fa4-a97d-d965ccfc6d4b" outcome="Passed" testListId="8c84fa94-04c1-424b-9868-57a2d4851a1d" relativeResultsDirectory="0f47f4c8-7341-4a9b-87a5-e7bf679ba6c9">
      <Output>
        <StdOut>11:18:56  Agent: adapter run thread for test 'PriceFromLossGridCorrelationTest' with id '0f47f4c8-7341-4a9b-87a5-e7bf679ba6c9' pricing CDX9_DEC12_1-15 on pricingDate=12/22/2010
11:19:03  Agent: adapter run thread for test 'PriceFromLossGridCorrelationTest' with id '0f47f4c8-7341-4a9b-87a5-e7bf679ba6c9' loss grid model LossGridModel&lt;CDX9_20DEC12&gt; basisRatio=0.956166044634306
11:19:05  Agent: adapter run thread for test 'PriceFromLossGridCorrelationTest' with id '0f47f4c8-7341-4a9b-87a5-e7bf679ba6c9' calibrating loss grid for LossGridModel&lt;CDX9_20DEC12&gt; in Market 12/22/2010 on 12/22/2010.  TargetMaturity=12/20/2012 gridInterval=3
11:19:09  Agent: adapter run thread for test 'PriceFromLossGridCorrelationTest' with id '0f47f4c8-7341-4a9b-87a5-e7bf679ba6c9' finished calibrating grid for LossGridModel&lt;CDX9_20DEC12&gt;
11:19:17  Agent: adapter run thread for test 'PriceFromLossGridCorrelationTest' with id '0f47f4c8-7341-4a9b-87a5-e7bf679ba6c9' loss grid model LossGridModel&lt;CDX9_20DEC12&gt; basisRatio=0.956166044634306
11:19:18  Agent: adapter run thread for test 'PriceFromLossGridCorrelationTest' with id '0f47f4c8-7341-4a9b-87a5-e7bf679ba6c9' pricing CDX9_DEC12_1-15 on pricingDate=12/22/2010
11:19:19  Agent: adapter run thread for test 'PriceFromLossGridCorrelationTest' with id '0f47f4c8-7341-4a9b-87a5-e7bf679ba6c9' calibrating loss grid for LossGridModel&lt;CDX9_20DEC12&gt; in PriceFromLossGridCorrelation on 12/22/2010.  TargetMaturity=12/20/2012 gridInterval=3
11:19:23  Agent: adapter run thread for test 'PriceFromLossGridCorrelationTest' with id '0f47f4c8-7341-4a9b-87a5-e7bf679ba6c9' finished calibrating grid for LossGridModel&lt;CDX9_20DEC12&gt;
11:19:23  Agent: adapter run thread for test 'PriceFromLossGridCorrelationTest' with id '0f47f4c8-7341-4a9b-87a5-e7bf679ba6c9' pricing CDX9_DEC12_1-15 on pricingDate=12/22/2010</StdOut>
        <DebugTrace>11:18:56  Agent: adapter run thread for test 'PriceFromLossGridCorrelationTest' with id '0f47f4c8-7341-4a9b-87a5-e7bf679ba6c9' pricing CDX9_DEC12_1-15 on pricingDate=12/22/2010
11:19:03  Agent: adapter run thread for test 'PriceFromLossGridCorrelationTest' with id '0f47f4c8-7341-4a9b-87a5-e7bf679ba6c9' loss grid model LossGridModel&lt;CDX9_20DEC12&gt; basisRatio=0.956166044634306
11:19:05  Agent: adapter run thread for test 'PriceFromLossGridCorrelationTest' with id '0f47f4c8-7341-4a9b-87a5-e7bf679ba6c9' calibrating loss grid for LossGridModel&lt;CDX9_20DEC12&gt; in Market 12/22/2010 on 12/22/2010.  TargetMaturity=12/20/2012 gridInterval=3
11:19:09  Agent: adapter run thread for test 'PriceFromLossGridCorrelationTest' with id '0f47f4c8-7341-4a9b-87a5-e7bf679ba6c9' finished calibrating grid for LossGridModel&lt;CDX9_20DEC12&gt;
11:19:17  Agent: adapter run thread for test 'PriceFromLossGridCorrelationTest' with id '0f47f4c8-7341-4a9b-87a5-e7bf679ba6c9' loss grid model LossGridModel&lt;CDX9_20DEC12&gt; basisRatio=0.956166044634306
11:19:18  Agent: adapter run thread for test 'PriceFromLossGridCorrelationTest' with id '0f47f4c8-7341-4a9b-87a5-e7bf679ba6c9' pricing CDX9_DEC12_1-15 on pricingDate=12/22/2010
11:19:19  Agent: adapter run thread for test 'PriceFromLossGridCorrelationTest' with id '0f47f4c8-7341-4a9b-87a5-e7bf679ba6c9' calibrating loss grid for LossGridModel&lt;CDX9_20DEC12&gt; in PriceFromLossGridCorrelation on 12/22/2010.  TargetMaturity=12/20/2012 gridInterval=3
11:19:23  Agent: adapter run thread for test 'PriceFromLossGridCorrelationTest' with id '0f47f4c8-7341-4a9b-87a5-e7bf679ba6c9' finished calibrating grid for LossGridModel&lt;CDX9_20DEC12&gt;
11:19:23  Agent: adapter run thread for test 'PriceFromLossGridCorrelationTest' with id '0f47f4c8-7341-4a9b-87a5-e7bf679ba6c9' pricing CDX9_DEC12_1-15 on pricingDate=12/22/2010
</DebugTrace>
      </Output>
    </UnitTestResult>
    <UnitTestResult executionId="fc22d342-6756-4c81-bcc6-b278b390048f" testId="7421e635-c670-4274-a3db-8dc99b4eed36" testName="RefreshOutsideContext" computerName="BUILD01" duration="00:00:00.0009786" startTime="2010-12-23T11:19:23.7129663-05:00" endTime="2010-12-23T11:19:23.7198025-05:00" testType="13cdc9d9-ddb5-4fa4-a97d-d965ccfc6d4b" outcome="Passed" testListId="8c84fa94-04c1-424b-9868-57a2d4851a1d" relativeResultsDirectory="fc22d342-6756-4c81-bcc6-b278b390048f">
    </UnitTestResult>
    <UnitTestResult executionId="3f1609f9-b4f1-4615-be93-66351d844b92" testId="e7d628cf-d28c-1a4a-acab-872cc67dd3c4" testName="RoundTripPricingTest" computerName="BUILD01" duration="00:00:16.9808979" startTime="2010-12-23T11:19:23.7266387-05:00" endTime="2010-12-23T11:19:40.7145957-05:00" testType="13cdc9d9-ddb5-4fa4-a97d-d965ccfc6d4b" outcome="Passed" testListId="8c84fa94-04c1-424b-9868-57a2d4851a1d" relativeResultsDirectory="3f1609f9-b4f1-4615-be93-66351d844b92">
      <Output>
        <StdOut>11:19:23  Agent: adapter run thread for test 'RoundTripPricingTest' with id '3f1609f9-b4f1-4615-be93-66351d844b92' pricing CDX9_DEC14_30-100 on pricingDate=12/22/2010
11:19:30  Agent: adapter run thread for test 'RoundTripPricingTest' with id '3f1609f9-b4f1-4615-be93-66351d844b92' loss grid model LossGridModel&lt;CDX9_20DEC14&gt; basisRatio=0.956166044634306
11:19:33  Agent: adapter run thread for test 'RoundTripPricingTest' with id '3f1609f9-b4f1-4615-be93-66351d844b92' calibrating loss grid for LossGridModel&lt;CDX9_20DEC14&gt; in Market 12/22/2010 on 12/22/2010.  TargetMaturity=12/20/2014 gridInterval=3
11:19:37  Agent: adapter run thread for test 'RoundTripPricingTest' with id '3f1609f9-b4f1-4615-be93-66351d844b92' finished calibrating grid for LossGridModel&lt;CDX9_20DEC14&gt;</StdOut>
        <DebugTrace>11:19:23  Agent: adapter run thread for test 'RoundTripPricingTest' with id '3f1609f9-b4f1-4615-be93-66351d844b92' pricing CDX9_DEC14_30-100 on pricingDate=12/22/2010
11:19:30  Agent: adapter run thread for test 'RoundTripPricingTest' with id '3f1609f9-b4f1-4615-be93-66351d844b92' loss grid model LossGridModel&lt;CDX9_20DEC14&gt; basisRatio=0.956166044634306
11:19:33  Agent: adapter run thread for test 'RoundTripPricingTest' with id '3f1609f9-b4f1-4615-be93-66351d844b92' calibrating loss grid for LossGridModel&lt;CDX9_20DEC14&gt; in Market 12/22/2010 on 12/22/2010.  TargetMaturity=12/20/2014 gridInterval=3
11:19:37  Agent: adapter run thread for test 'RoundTripPricingTest' with id '3f1609f9-b4f1-4615-be93-66351d844b92' finished calibrating grid for LossGridModel&lt;CDX9_20DEC14&gt;
</DebugTrace>
      </Output>
    </UnitTestResult>
    <UnitTestResult executionId="86892e08-09eb-46de-89a4-b8389d89a940" testId="eb84bca7-88bb-c2af-bfd0-5c726064d63d" testName="SameCellFromList" computerName="BUILD01" duration="00:00:00.0009400" startTime="2010-12-23T11:19:40.7194787-05:00" endTime="2010-12-23T11:19:40.7272915-05:00" testType="13cdc9d9-ddb5-4fa4-a97d-d965ccfc6d4b" outcome="Passed" testListId="8c84fa94-04c1-424b-9868-57a2d4851a1d" relativeResultsDirectory="86892e08-09eb-46de-89a4-b8389d89a940">
    </UnitTestResult>
    <UnitTestResult executionId="7631f593-8a54-475a-81f5-d4489e79aef2" testId="847e99b4-5c30-a06b-9248-fa01262c01a2" testName="SeniorTranchePriceTest" computerName="BUILD01" duration="00:00:18.2546836" startTime="2010-12-23T11:19:40.7321745-05:00" endTime="2010-12-23T11:19:58.9945945-05:00" testType="13cdc9d9-ddb5-4fa4-a97d-d965ccfc6d4b" outcome="Passed" testListId="8c84fa94-04c1-424b-9868-57a2d4851a1d" relativeResultsDirectory="7631f593-8a54-475a-81f5-d4489e79aef2">
      <Output>
        <StdOut>11:19:40  Agent: adapter run thread for test 'SeniorTranchePriceTest' with id '7631f593-8a54-475a-81f5-d4489e79aef2' pricing CDX6_JUN11_10-20_0_UF on pricingDate=12/22/2010
11:19:43  Agent: adapter run thread for test 'SeniorTranchePriceTest' with id '7631f593-8a54-475a-81f5-d4489e79aef2' loss grid model LossGridModel&lt;CDX6_20JUN11&gt; basisRatio=0.713105873391448
11:19:45  Agent: adapter run thread for test 'SeniorTranchePriceTest' with id '7631f593-8a54-475a-81f5-d4489e79aef2' calibrating loss grid for LossGridModel&lt;CDX6_20JUN11&gt; in Market 12/22/2010 on 12/22/2010.  TargetMaturity=6/20/2011 gridInterval=1
11:19:45  Agent: adapter run thread for test 'SeniorTranchePriceTest' with id '7631f593-8a54-475a-81f5-d4489e79aef2' calibrating loss grid for LossGridModel&lt;CDX9_20DEC12&gt; in Market 12/22/2010 on 12/22/2010.  TargetMaturity=12/20/2012 gridInterval=3
11:19:51  Agent: adapter run thread for test 'SeniorTranchePriceTest' with id '7631f593-8a54-475a-81f5-d4489e79aef2' loss grid model LossGridModel&lt;CDX9_20DEC12&gt; basisRatio=0.956166044634306
11:19:57  Agent: adapter run thread for test 'SeniorTranchePriceTest' with id '7631f593-8a54-475a-81f5-d4489e79aef2' finished calibrating grid for LossGridModel&lt;CDX9_20DEC12&gt;
11:19:58  Agent: adapter run thread for test 'SeniorTranchePriceTest' with id '7631f593-8a54-475a-81f5-d4489e79aef2' finished calibrating grid for LossGridModel&lt;CDX6_20JUN11&gt;
11:19:58  Agent: adapter run thread for test 'SeniorTranchePriceTest' with id '7631f593-8a54-475a-81f5-d4489e79aef2' pricing CDX6_JUN11_20-30_0_UF on pricingDate=12/22/2010</StdOut>
        <DebugTrace>11:19:40  Agent: adapter run thread for test 'SeniorTranchePriceTest' with id '7631f593-8a54-475a-81f5-d4489e79aef2' pricing CDX6_JUN11_10-20_0_UF on pricingDate=12/22/2010
11:19:43  Agent: adapter run thread for test 'SeniorTranchePriceTest' with id '7631f593-8a54-475a-81f5-d4489e79aef2' loss grid model LossGridModel&lt;CDX6_20JUN11&gt; basisRatio=0.713105873391448
11:19:45  Agent: adapter run thread for test 'SeniorTranchePriceTest' with id '7631f593-8a54-475a-81f5-d4489e79aef2' calibrating loss grid for LossGridModel&lt;CDX6_20JUN11&gt; in Market 12/22/2010 on 12/22/2010.  TargetMaturity=6/20/2011 gridInterval=1
11:19:45  Agent: adapter run thread for test 'SeniorTranchePriceTest' with id '7631f593-8a54-475a-81f5-d4489e79aef2' calibrating loss grid for LossGridModel&lt;CDX9_20DEC12&gt; in Market 12/22/2010 on 12/22/2010.  TargetMaturity=12/20/2012 gridInterval=3
11:19:51  Agent: adapter run thread for test 'SeniorTranchePriceTest' with id '7631f593-8a54-475a-81f5-d4489e79aef2' loss grid model LossGridModel&lt;CDX9_20DEC12&gt; basisRatio=0.956166044634306
11:19:57  Agent: adapter run thread for test 'SeniorTranchePriceTest' with id '7631f593-8a54-475a-81f5-d4489e79aef2' finished calibrating grid for LossGridModel&lt;CDX9_20DEC12&gt;
11:19:58  Agent: adapter run thread for test 'SeniorTranchePriceTest' with id '7631f593-8a54-475a-81f5-d4489e79aef2' finished calibrating grid for LossGridModel&lt;CDX6_20JUN11&gt;
11:19:58  Agent: adapter run thread for test 'SeniorTranchePriceTest' with id '7631f593-8a54-475a-81f5-d4489e79aef2' pricing CDX6_JUN11_20-30_0_UF on pricingDate=12/22/2010
</DebugTrace>
      </Output>
    </UnitTestResult>
    <UnitTestResult executionId="b92b5e45-9e16-4a9a-97b9-04a77ed43c53" testId="8be39989-0c45-71a5-6594-68cea2ab24ec" testName="TrancheIrdv01Test" computerName="BUILD01" duration="00:01:38.8310682" startTime="2010-12-23T11:19:59.0004541-05:00" endTime="2010-12-23T11:21:37.8704615-05:00" testType="13cdc9d9-ddb5-4fa4-a97d-d965ccfc6d4b" outcome="Failed" testListId="8c84fa94-04c1-424b-9868-57a2d4851a1d" relativeResultsDirectory="b92b5e45-9e16-4a9a-97b9-04a77ed43c53">
      <Output>
        <StdOut>11:20:03  Agent: adapter run thread for test 'TrancheIrdv01Test' with id 'b92b5e45-9e16-4a9a-97b9-04a77ed43c53' TradeExpressionVisitor is about to call SqlInstrumentProvider on 1..2500 of 497
11:20:03  Agent: adapter run thread for test 'TrancheIrdv01Test' with id 'b92b5e45-9e16-4a9a-97b9-04a77ed43c53' SqlInstrumentProvider Loading instrument Trn (488)
11:20:18  Agent: adapter run thread for test 'TrancheIrdv01Test' with id 'b92b5e45-9e16-4a9a-97b9-04a77ed43c53' TradeExpressionVisitor is about to call SqlInstrumentProvider on 1..2500 of 497
11:20:18  Agent: adapter run thread for test 'TrancheIrdv01Test' with id 'b92b5e45-9e16-4a9a-97b9-04a77ed43c53' SqlInstrumentProvider Loading instrument Trn (488)
11:20:22  Agent: adapter run thread for test 'TrancheIrdv01Test' with id 'b92b5e45-9e16-4a9a-97b9-04a77ed43c53' pricing CDX9_DEC17_7-10 on pricingDate=12/22/2010
11:20:29  Agent: adapter run thread for test 'TrancheIrdv01Test' with id 'b92b5e45-9e16-4a9a-97b9-04a77ed43c53' loss grid model LossGridModel&lt;CDX9_20DEC17&gt; basisRatio=0.956166044634306
11:20:34  Agent: adapter run thread for test 'TrancheIrdv01Test' with id 'b92b5e45-9e16-4a9a-97b9-04a77ed43c53' calibrating loss grid for LossGridModel&lt;CDX9_20DEC17&gt; in Market 12/22/2010 on 12/22/2010.  TargetMaturity=12/20/2017 gridInterval=3
11:20:41  Agent: adapter run thread for test 'TrancheIrdv01Test' with id 'b92b5e45-9e16-4a9a-97b9-04a77ed43c53' loss grid model LossGridModel&lt;CDX9_20DEC17&gt; basisRatio=0.956166044634306
11:20:47  Agent: adapter run thread for test 'TrancheIrdv01Test' with id 'b92b5e45-9e16-4a9a-97b9-04a77ed43c53' finished calibrating grid for LossGridModel&lt;CDX9_20DEC17&gt;
11:20:47  Agent: adapter run thread for test 'TrancheIrdv01Test' with id 'b92b5e45-9e16-4a9a-97b9-04a77ed43c53' pricing CDX9_DEC17_7-10 on pricingDate=12/22/2010
11:20:52  Agent: adapter run thread for test 'TrancheIrdv01Test' with id 'b92b5e45-9e16-4a9a-97b9-04a77ed43c53' pricing CDX9_DEC17_7-10 on pricingDate=12/22/2010
11:20:55  Agent: adapter run thread for test 'TrancheIrdv01Test' with id 'b92b5e45-9e16-4a9a-97b9-04a77ed43c53' pricing CDX9_DEC17_7-10 on pricingDate=12/22/2010
11:20:59  Agent: adapter run thread for test 'TrancheIrdv01Test' with id 'b92b5e45-9e16-4a9a-97b9-04a77ed43c53' pricing CDX9_DEC17_7-10 on pricingDate=12/22/2010
11:21:02  Agent: adapter run thread for test 'TrancheIrdv01Test' with id 'b92b5e45-9e16-4a9a-97b9-04a77ed43c53' pricing CDX9_DEC17_7-10 on pricingDate=12/22/2010
11:21:05  Agent: adapter run thread for test 'TrancheIrdv01Test' with id 'b92b5e45-9e16-4a9a-97b9-04a77ed43c53' pricing CDX9_DEC17_7-10 on pricingDate=12/22/2010
11:21:10  Agent: adapter run thread for test 'TrancheIrdv01Test' with id 'b92b5e45-9e16-4a9a-97b9-04a77ed43c53' pricing CDX9_DEC17_7-10 on pricingDate=12/22/2010
11:21:14  Agent: adapter run thread for test 'TrancheIrdv01Test' with id 'b92b5e45-9e16-4a9a-97b9-04a77ed43c53' pricing CDX9_DEC17_7-10 on pricingDate=12/22/2010
11:21:20  Agent: adapter run thread for test 'TrancheIrdv01Test' with id 'b92b5e45-9e16-4a9a-97b9-04a77ed43c53' pricing CDX9_DEC17_7-10 on pricingDate=12/22/2010
11:21:26  Agent: adapter run thread for test 'TrancheIrdv01Test' with id 'b92b5e45-9e16-4a9a-97b9-04a77ed43c53' pricing CDX9_DEC17_7-10 on pricingDate=12/22/2010
11:21:32  Agent: adapter run thread for test 'TrancheIrdv01Test' with id 'b92b5e45-9e16-4a9a-97b9-04a77ed43c53' pricing CDX9_DEC17_7-10 on pricingDate=12/22/2010</StdOut>
        <DebugTrace>11:20:03  Agent: adapter run thread for test 'TrancheIrdv01Test' with id 'b92b5e45-9e16-4a9a-97b9-04a77ed43c53' TradeExpressionVisitor is about to call SqlInstrumentProvider on 1..2500 of 497
11:20:03  Agent: adapter run thread for test 'TrancheIrdv01Test' with id 'b92b5e45-9e16-4a9a-97b9-04a77ed43c53' SqlInstrumentProvider Loading instrument Trn (488)
11:20:18  Agent: adapter run thread for test 'TrancheIrdv01Test' with id 'b92b5e45-9e16-4a9a-97b9-04a77ed43c53' TradeExpressionVisitor is about to call SqlInstrumentProvider on 1..2500 of 497
11:20:18  Agent: adapter run thread for test 'TrancheIrdv01Test' with id 'b92b5e45-9e16-4a9a-97b9-04a77ed43c53' SqlInstrumentProvider Loading instrument Trn (488)
11:20:22  Agent: adapter run thread for test 'TrancheIrdv01Test' with id 'b92b5e45-9e16-4a9a-97b9-04a77ed43c53' pricing CDX9_DEC17_7-10 on pricingDate=12/22/2010
11:20:29  Agent: adapter run thread for test 'TrancheIrdv01Test' with id 'b92b5e45-9e16-4a9a-97b9-04a77ed43c53' loss grid model LossGridModel&lt;CDX9_20DEC17&gt; basisRatio=0.956166044634306
11:20:34  Agent: adapter run thread for test 'TrancheIrdv01Test' with id 'b92b5e45-9e16-4a9a-97b9-04a77ed43c53' calibrating loss grid for LossGridModel&lt;CDX9_20DEC17&gt; in Market 12/22/2010 on 12/22/2010.  TargetMaturity=12/20/2017 gridInterval=3
11:20:41  Agent: adapter run thread for test 'TrancheIrdv01Test' with id 'b92b5e45-9e16-4a9a-97b9-04a77ed43c53' loss grid model LossGridModel&lt;CDX9_20DEC17&gt; basisRatio=0.956166044634306
11:20:47  Agent: adapter run thread for test 'TrancheIrdv01Test' with id 'b92b5e45-9e16-4a9a-97b9-04a77ed43c53' finished calibrating grid for LossGridModel&lt;CDX9_20DEC17&gt;
11:20:47  Agent: adapter run thread for test 'TrancheIrdv01Test' with id 'b92b5e45-9e16-4a9a-97b9-04a77ed43c53' pricing CDX9_DEC17_7-10 on pricingDate=12/22/2010
11:20:52  Agent: adapter run thread for test 'TrancheIrdv01Test' with id 'b92b5e45-9e16-4a9a-97b9-04a77ed43c53' pricing CDX9_DEC17_7-10 on pricingDate=12/22/2010
11:20:55  Agent: adapter run thread for test 'TrancheIrdv01Test' with id 'b92b5e45-9e16-4a9a-97b9-04a77ed43c53' pricing CDX9_DEC17_7-10 on pricingDate=12/22/2010
11:20:59  Agent: adapter run thread for test 'TrancheIrdv01Test' with id 'b92b5e45-9e16-4a9a-97b9-04a77ed43c53' pricing CDX9_DEC17_7-10 on pricingDate=12/22/2010
11:21:02  Agent: adapter run thread for test 'TrancheIrdv01Test' with id 'b92b5e45-9e16-4a9a-97b9-04a77ed43c53' pricing CDX9_DEC17_7-10 on pricingDate=12/22/2010
11:21:05  Agent: adapter run thread for test 'TrancheIrdv01Test' with id 'b92b5e45-9e16-4a9a-97b9-04a77ed43c53' pricing CDX9_DEC17_7-10 on pricingDate=12/22/2010
11:21:10  Agent: adapter run thread for test 'TrancheIrdv01Test' with id 'b92b5e45-9e16-4a9a-97b9-04a77ed43c53' pricing CDX9_DEC17_7-10 on pricingDate=12/22/2010
11:21:14  Agent: adapter run thread for test 'TrancheIrdv01Test' with id 'b92b5e45-9e16-4a9a-97b9-04a77ed43c53' pricing CDX9_DEC17_7-10 on pricingDate=12/22/2010
11:21:20  Agent: adapter run thread for test 'TrancheIrdv01Test' with id 'b92b5e45-9e16-4a9a-97b9-04a77ed43c53' pricing CDX9_DEC17_7-10 on pricingDate=12/22/2010
11:21:26  Agent: adapter run thread for test 'TrancheIrdv01Test' with id 'b92b5e45-9e16-4a9a-97b9-04a77ed43c53' pricing CDX9_DEC17_7-10 on pricingDate=12/22/2010
11:21:32  Agent: adapter run thread for test 'TrancheIrdv01Test' with id 'b92b5e45-9e16-4a9a-97b9-04a77ed43c53' pricing CDX9_DEC17_7-10 on pricingDate=12/22/2010
</DebugTrace>
        <ErrorInfo>
          <Message>Assert.IsFalse failed. position-69850714</Message>
          <StackTrace>   at FinOM.Test.Credit.CDOTrancheTest.TrancheIrdv01Test() in e:\TeamCity_Data\Build\Sierra\src\FinOM\FinOM.Test\Credit\CDOTrancheTest.cs:line 291
</StackTrace>
        </ErrorInfo>
      </Output>
    </UnitTestResult>
    <UnitTestResult executionId="a9a43d04-13c7-417a-84b1-e29c3288fda4" testId="86a860a7-2f5d-37de-487d-5a3afb381a31" testName="ZeroToOneHunderTranchePriceTest" computerName="BUILD01" duration="00:00:55.3524721" startTime="2010-12-23T11:21:37.8763211-05:00" endTime="2010-12-23T11:22:33.2417283-05:00" testType="13cdc9d9-ddb5-4fa4-a97d-d965ccfc6d4b" outcome="Failed" testListId="8c84fa94-04c1-424b-9868-57a2d4851a1d" relativeResultsDirectory="a9a43d04-13c7-417a-84b1-e29c3288fda4">
      <Output>
        <StdOut>11:21:40  Agent: adapter run thread for test 'ZeroToOneHunderTranchePriceTest' with id 'a9a43d04-13c7-417a-84b1-e29c3288fda4' pricing ITRX5_JUN13_0-100 on pricingDate=12/22/2010
11:21:40  Agent: adapter run thread for test 'ZeroToOneHunderTranchePriceTest' with id 'a9a43d04-13c7-417a-84b1-e29c3288fda4' loss grid model LossGridModel&lt;ITRX5_20JUN13&gt; basisRatio=1
11:21:43  Agent: adapter run thread for test 'ZeroToOneHunderTranchePriceTest' with id 'a9a43d04-13c7-417a-84b1-e29c3288fda4' calibrating mapped grid for LossGridModel&lt;ITRX5_20JUN13&gt; on calibrationDate=12/22/2010
11:21:46  Agent: adapter run thread for test 'ZeroToOneHunderTranchePriceTest' with id 'a9a43d04-13c7-417a-84b1-e29c3288fda4' loss grid model LossGridModel&lt;ITRX5_20JUN13&gt; basisRatio=0.960005635800367
11:21:48  Agent: adapter run thread for test 'ZeroToOneHunderTranchePriceTest' with id 'a9a43d04-13c7-417a-84b1-e29c3288fda4' calibrating loss grid for LossGridModel&lt;ITRX5.B_20JUN13&gt;_GI:3 in Market 12/22/2010 on 12/22/2010.  TargetMaturity=6/20/2013 gridInterval=3
11:21:48  Agent: adapter run thread for test 'ZeroToOneHunderTranchePriceTest' with id 'a9a43d04-13c7-417a-84b1-e29c3288fda4' calibrating loss grid for LossGridModel&lt;ITRX9_20JUN13&gt; in Market 12/22/2010 on 12/22/2010.  TargetMaturity=6/20/2013 gridInterval=3
11:22:24  Agent: adapter run thread for test 'ZeroToOneHunderTranchePriceTest' with id 'a9a43d04-13c7-417a-84b1-e29c3288fda4' loss grid model LossGridModel&lt;ITRX9_20JUN13&gt; basisRatio=0.901815439925248
11:22:33  Agent: adapter run thread for test 'ZeroToOneHunderTranchePriceTest' with id 'a9a43d04-13c7-417a-84b1-e29c3288fda4' BM.FinOM.Credit.CreditCurveException: CreditCurve(NGP_Senior_MM-EUR) Failed to build credit curve on: 2010-12-22: Analytics Library Version 1.0.1GtoMallocSafe: Insufficient memory to allocate 1328 bytes. [0M=10.92 3M=13.12 6M=15.76 9M=18.94 1Y=22.75 2Y=37.63 3Y=50.96 5Y=73.52 7Y=82.74 10Y=89.64 30Y=93.67 recov=0.40]
   at BM.FinOM.Credit.CreditCurve.Calibrate(Cell`1 pricingDateCell, List`1 spreadCells, List`1 upfrontCells, Cell`1 recoveryRateCell, Cell`1 defaultEventCell, Cell`1 zeroCurveCell, Int32[] includes, Cell`1 shock, Cell`1 shockTenor, Cell`1 method, DateInterval gridInterval, Cell`1 bestEfforts, Cell`1 observableFrequency) in e:\TeamCity_Data\Build\Sierra\src\FinOM\FinOM\Credit\CreditCurve.cs:line 1332
   at BM.FinOM.Credit.CreditCurve.get_ShockedCalibratedCurveFormula() in e:\TeamCity_Data\Build\Sierra\src\FinOM\FinOM\Credit\CreditCurve.cs:line 1201
   at BM.FinOM.Credit.LossGridCDOModelBasisAdjustedCreditCurve.&lt;&gt;c__DisplayClass4.&lt;ShockedCalibratedCurveNameFor&gt;b__3() in e:\TeamCity_Data\Build\Sierra\src\FinOM\FinOM\Credit\BasisAdjustedCreditCurve.cs:line 143
   at ExceptionRecorder.ExceptionRecorderVB.ExceptionRecorder.RecordException[T](Func`1 func, Action`1 onError) in E:\TeamCity_Data\Build\Sierra\src\FinOM\ExceptionRecorder\ExceptionRecorder\ExceptionRecorder.vb:line 7
   at BM.FinOM.Cells.Cell`1.get_CurrentValue() in e:\TeamCity_Data\Build\Sierra\src\FinOM\FinOM\Cells\Cell.cs:line 547
   at BM.FinOM.Cells.CellName`1.CurrentValueIn(Scenario s) in e:\TeamCity_Data\Build\Sierra\src\FinOM\FinOM\Cells\CellName.cs:line 1246
   at BM.FinOM.Cells.CellName`2.CurrentValueIn(Scenario s) in e:\TeamCity_Data\Build\Sierra\src\FinOM\FinOM\Cells\CellName.cs:line 138
   at BM.FinOM.Cells.CellName`1.get_CurrentValue() in e:\TeamCity_Data\Build\Sierra\src\FinOM\FinOM\Cells\CellName.cs:line 1274
   at BM.FinOM.Cells.CellName`1.op_OnesComplement(CellName`1 name) in e:\TeamCity_Data\Build\Sierra\src\FinOM\FinOM\Cells\CellName.cs:line 1267
   at BM.FinOM.Credit.LossGridCDOCollateral.&lt;NativeHandle&gt;b__2(CellName`1 c) in e:\TeamCity_Data\Build\Sierra\src\FinOM\FinOM\Credit\LossGridCDOCollateral.cs:line 104
   at System.Linq.Enumerable.WhereSelectListIterator`2.MoveNext()
   at System.Linq.Buffer`1..ctor(IEnumerable`1 source)
   at System.Linq.Enumerable.ToArray[TSource](IEnumerable`1 source)
   at BM.FinOM.Credit.CollapsedCreditBasket.CollapseCreditCurves[T](IEnumerable`1 originalCurves) in e:\TeamCity_Data\Build\Sierra\src\FinOM\FinOM\Credit\CreditBasket.cs:line 667
   at BM.FinOM.Credit.LossGridCDOCollateral.NativeHandle() in e:\TeamCity_Data\Build\Sierra\src\FinOM\FinOM\Credit\LossGridCDOCollateral.cs:line 104</StdOut>
        <DebugTrace>11:21:40  Agent: adapter run thread for test 'ZeroToOneHunderTranchePriceTest' with id 'a9a43d04-13c7-417a-84b1-e29c3288fda4' pricing ITRX5_JUN13_0-100 on pricingDate=12/22/2010
11:21:40  Agent: adapter run thread for test 'ZeroToOneHunderTranchePriceTest' with id 'a9a43d04-13c7-417a-84b1-e29c3288fda4' loss grid model LossGridModel&lt;ITRX5_20JUN13&gt; basisRatio=1
11:21:43  Agent: adapter run thread for test 'ZeroToOneHunderTranchePriceTest' with id 'a9a43d04-13c7-417a-84b1-e29c3288fda4' calibrating mapped grid for LossGridModel&lt;ITRX5_20JUN13&gt; on calibrationDate=12/22/2010
11:21:46  Agent: adapter run thread for test 'ZeroToOneHunderTranchePriceTest' with id 'a9a43d04-13c7-417a-84b1-e29c3288fda4' loss grid model LossGridModel&lt;ITRX5_20JUN13&gt; basisRatio=0.960005635800367
11:21:48  Agent: adapter run thread for test 'ZeroToOneHunderTranchePriceTest' with id 'a9a43d04-13c7-417a-84b1-e29c3288fda4' calibrating loss grid for LossGridModel&lt;ITRX5.B_20JUN13&gt;_GI:3 in Market 12/22/2010 on 12/22/2010.  TargetMaturity=6/20/2013 gridInterval=3
11:21:48  Agent: adapter run thread for test 'ZeroToOneHunderTranchePriceTest' with id 'a9a43d04-13c7-417a-84b1-e29c3288fda4' calibrating loss grid for LossGridModel&lt;ITRX9_20JUN13&gt; in Market 12/22/2010 on 12/22/2010.  TargetMaturity=6/20/2013 gridInterval=3
11:22:24  Agent: adapter run thread for test 'ZeroToOneHunderTranchePriceTest' with id 'a9a43d04-13c7-417a-84b1-e29c3288fda4' loss grid model LossGridModel&lt;ITRX9_20JUN13&gt; basisRatio=0.901815439925248
11:22:33  Agent: adapter run thread for test 'ZeroToOneHunderTranchePriceTest' with id 'a9a43d04-13c7-417a-84b1-e29c3288fda4' BM.FinOM.Credit.CreditCurveException: CreditCurve(NGP_Senior_MM-EUR) Failed to build credit curve on: 2010-12-22: Analytics Library Version 1.0.1GtoMallocSafe: Insufficient memory to allocate 1328 bytes. [0M=10.92 3M=13.12 6M=15.76 9M=18.94 1Y=22.75 2Y=37.63 3Y=50.96 5Y=73.52 7Y=82.74 10Y=89.64 30Y=93.67 recov=0.40]
   at BM.FinOM.Credit.CreditCurve.Calibrate(Cell`1 pricingDateCell, List`1 spreadCells, List`1 upfrontCells, Cell`1 recoveryRateCell, Cell`1 defaultEventCell, Cell`1 zeroCurveCell, Int32[] includes, Cell`1 shock, Cell`1 shockTenor, Cell`1 method, DateInterval gridInterval, Cell`1 bestEfforts, Cell`1 observableFrequency) in e:\TeamCity_Data\Build\Sierra\src\FinOM\FinOM\Credit\CreditCurve.cs:line 1332
   at BM.FinOM.Credit.CreditCurve.get_ShockedCalibratedCurveFormula() in e:\TeamCity_Data\Build\Sierra\src\FinOM\FinOM\Credit\CreditCurve.cs:line 1201
   at BM.FinOM.Credit.LossGridCDOModelBasisAdjustedCreditCurve.&lt;&gt;c__DisplayClass4.&lt;ShockedCalibratedCurveNameFor&gt;b__3() in e:\TeamCity_Data\Build\Sierra\src\FinOM\FinOM\Credit\BasisAdjustedCreditCurve.cs:line 143
   at ExceptionRecorder.ExceptionRecorderVB.ExceptionRecorder.RecordException[T](Func`1 func, Action`1 onError) in E:\TeamCity_Data\Build\Sierra\src\FinOM\ExceptionRecorder\ExceptionRecorder\ExceptionRecorder.vb:line 7
   at BM.FinOM.Cells.Cell`1.get_CurrentValue() in e:\TeamCity_Data\Build\Sierra\src\FinOM\FinOM\Cells\Cell.cs:line 547
   at BM.FinOM.Cells.CellName`1.CurrentValueIn(Scenario s) in e:\TeamCity_Data\Build\Sierra\src\FinOM\FinOM\Cells\CellName.cs:line 1246
   at BM.FinOM.Cells.CellName`2.CurrentValueIn(Scenario s) in e:\TeamCity_Data\Build\Sierra\src\FinOM\FinOM\Cells\CellName.cs:line 138
   at BM.FinOM.Cells.CellName`1.get_CurrentValue() in e:\TeamCity_Data\Build\Sierra\src\FinOM\FinOM\Cells\CellName.cs:line 1274
   at BM.FinOM.Cells.CellName`1.op_OnesComplement(CellName`1 name) in e:\TeamCity_Data\Build\Sierra\src\FinOM\FinOM\Cells\CellName.cs:line 1267
   at BM.FinOM.Credit.LossGridCDOCollateral.&lt;NativeHandle&gt;b__2(CellName`1 c) in e:\TeamCity_Data\Build\Sierra\src\FinOM\FinOM\Credit\LossGridCDOCollateral.cs:line 104
   at System.Linq.Enumerable.WhereSelectListIterator`2.MoveNext()
   at System.Linq.Buffer`1..ctor(IEnumerable`1 source)
   at System.Linq.Enumerable.ToArray[TSource](IEnumerable`1 source)
   at BM.FinOM.Credit.CollapsedCreditBasket.CollapseCreditCurves[T](IEnumerable`1 originalCurves) in e:\TeamCity_Data\Build\Sierra\src\FinOM\FinOM\Credit\CreditBasket.cs:line 667
   at BM.FinOM.Credit.LossGridCDOCollateral.NativeHandle() in e:\TeamCity_Data\Build\Sierra\src\FinOM\FinOM\Credit\LossGridCDOCollateral.cs:line 104
</DebugTrace>
        <ErrorInfo>
          <Message>Test method FinOM.Test.Credit.CDOTrancheTest.ZeroToOneHunderTranchePriceTest threw exception: 
BM.FinOM.Credit.CreditCurveException: CreditCurve(NGP_Senior_MM-EUR) Failed to build credit curve on: 2010-12-22: Analytics Library Version 1.0.1GtoMallocSafe: Insufficient memory to allocate 1328 bytes. [0M=10.92 3M=13.12 6M=15.76 9M=18.94 1Y=22.75 2Y=37.63 3Y=50.96 5Y=73.52 7Y=82.74 10Y=89.64 30Y=93.67 recov=0.40]</Message>
          <StackTrace>    at BM.FinOM.Credit.CreditCurve.Calibrate(Cell`1 pricingDateCell, List`1 spreadCells, List`1 upfrontCells, Cell`1 recoveryRateCell, Cell`1 defaultEventCell, Cell`1 zeroCurveCell, Int32[] includes, Cell`1 shock, Cell`1 shockTenor, Cell`1 method, DateInterval gridInterval, Cell`1 bestEfforts, Cell`1 observableFrequency) in e:\TeamCity_Data\Build\Sierra\src\FinOM\FinOM\Credit\CreditCurve.cs:line 1332
   at BM.FinOM.Credit.CreditCurve.get_ShockedCalibratedCurveFormula() in e:\TeamCity_Data\Build\Sierra\src\FinOM\FinOM\Credit\CreditCurve.cs:line 1201
   at BM.FinOM.Credit.LossGridCDOModelBasisAdjustedCreditCurve.&lt;&gt;c__DisplayClass4.&lt;ShockedCalibratedCurveNameFor&gt;b__3() in e:\TeamCity_Data\Build\Sierra\src\FinOM\FinOM\Credit\BasisAdjustedCreditCurve.cs:line 143
   at ExceptionRecorder.ExceptionRecorderVB.ExceptionRecorder.RecordException[T](Func`1 func, Action`1 onError) in E:\TeamCity_Data\Build\Sierra\src\FinOM\ExceptionRecorder\ExceptionRecorder\ExceptionRecorder.vb:line 7
   at BM.FinOM.Cells.Cell`1.get_CurrentValue() in e:\TeamCity_Data\Build\Sierra\src\FinOM\FinOM\Cells\Cell.cs:line 547
   at BM.FinOM.Cells.CellName`1.CurrentValueIn(Scenario s) in e:\TeamCity_Data\Build\Sierra\src\FinOM\FinOM\Cells\CellName.cs:line 1246
   at BM.FinOM.Cells.CellName`2.CurrentValueIn(Scenario s) in e:\TeamCity_Data\Build\Sierra\src\FinOM\FinOM\Cells\CellName.cs:line 138
   at BM.FinOM.Cells.CellName`1.get_CurrentValue() in e:\TeamCity_Data\Build\Sierra\src\FinOM\FinOM\Cells\CellName.cs:line 1274
   at BM.FinOM.Cells.CellName`1.op_OnesComplement(CellName`1 name) in e:\TeamCity_Data\Build\Sierra\src\FinOM\FinOM\Cells\CellName.cs:line 1267
   at BM.FinOM.Credit.LossGridCDOCollateral.&lt;NativeHandle&gt;b__2(CellName`1 c) in e:\TeamCity_Data\Build\Sierra\src\FinOM\FinOM\Credit\LossGridCDOCollateral.cs:line 104
   at System.Linq.Enumerable.WhereSelectListIterator`2.MoveNext()
   at System.Linq.Buffer`1..ctor(IEnumerable`1 source)
   at System.Linq.Enumerable.ToArray[TSource](IEnumerable`1 source)
   at BM.FinOM.Credit.CollapsedCreditBasket.CollapseCreditCurves[T](IEnumerable`1 originalCurves) in e:\TeamCity_Data\Build\Sierra\src\FinOM\FinOM\Credit\CreditBasket.cs:line 667
   at BM.FinOM.Credit.LossGridCDOCollateral.NativeHandle() in e:\TeamCity_Data\Build\Sierra\src\FinOM\FinOM\Credit\LossGridCDOCollateral.cs:line 153
   at ExceptionRecorder.ExceptionRecorderVB.ExceptionRecorder.RecordException[T](Func`1 func, Action`1 onError) in E:\TeamCity_Data\Build\Sierra\src\FinOM\ExceptionRecorder\ExceptionRecorder\ExceptionRecorder.vb:line 7
   at BM.FinOM.Cells.Cell`1.get_CurrentValue() in e:\TeamCity_Data\Build\Sierra\src\FinOM\FinOM\Cells\Cell.cs:line 547
   at BM.FinOM.Cells.CellName`1.CurrentValueIn(Scenario s) in e:\TeamCity_Data\Build\Sierra\src\FinOM\FinOM\Cells\CellName.cs:line 1246
   at BM.FinOM.Cells.CellName`2.CurrentValueIn(Scenario s) in e:\TeamCity_Data\Build\Sierra\src\FinOM\FinOM\Cells\CellName.cs:line 138
   at BM.FinOM.Cells.CellName`1.get_CurrentValue() in e:\TeamCity_Data\Build\Sierra\src\FinOM\FinOM\Cells\CellName.cs:line 1274
   at BM.FinOM.Cells.CellName`1.op_OnesComplement(CellName`1 name) in e:\TeamCity_Data\Build\Sierra\src\FinOM\FinOM\Cells\CellName.cs:line 1267
   at BM.FinOM.Credit.LossGridModel.CalibrateLossGrid() in e:\TeamCity_Data\Build\Sierra\src\FinOM\FinOM\Credit\LossGridModel.cs:line 547
   at BM.FinOM.Credit.LossGridModel.&lt;get_GridSpecificMaturity&gt;b__11() in e:\TeamCity_Data\Build\Sierra\src\FinOM\FinOM\Credit\LossGridModel.cs:line 443
   at ExceptionRecorder.ExceptionRecorderVB.ExceptionRecorder.RecordException[T](Func`1 func, Action`1 onError) in E:\TeamCity_Data\Build\Sierra\src\FinOM\ExceptionRecorder\ExceptionRecorder\ExceptionRecorder.vb:line 7
   at BM.FinOM.Cells.Cell`1.get_CurrentValue() in e:\TeamCity_Data\Build\Sierra\src\FinOM\FinOM\Cells\Cell.cs:line 547
   at BM.FinOM.Cells.CellName`1.CurrentValueIn(Scenario s) in e:\TeamCity_Data\Build\Sierra\src\FinOM\FinOM\Cells\CellName.cs:line 1246
   at BM.FinOM.Cells.CellName`2.CurrentValueIn(Scenario s) in e:\TeamCity_Data\Build\Sierra\src\FinOM\FinOM\Cells\CellName.cs:line 138
   at BM.FinOM.Cells.CellName`1.get_CurrentValue() in e:\TeamCity_Data\Build\Sierra\src\FinOM\FinOM\Cells\CellName.cs:line 1274
   at BM.FinOM.Cells.CellName`1.op_OnesComplement(CellName`1 name) in e:\TeamCity_Data\Build\Sierra\src\FinOM\FinOM\Cells\CellName.cs:line 1267
   at BM.FinOM.Credit.LossGridModel.&lt;get_LeaderGrid&gt;b__14() in e:\TeamCity_Data\Build\Sierra\src\FinOM\FinOM\Credit\LossGridModel.cs:line 497
   at ExceptionRecorder.ExceptionRecorderVB.ExceptionRecorder.RecordException[T](Func`1 func, Action`1 onError) in E:\TeamCity_Data\Build\Sierra\src\FinOM\ExceptionRecorder\ExceptionRecorder\ExceptionRecorder.vb:line 7
   at BM.FinOM.Cells.Cell`1.get_CurrentValue() in e:\TeamCity_Data\Build\Sierra\src\FinOM\FinOM\Cells\Cell.cs:line 547
   at BM.FinOM.Cells.CellName`1.CurrentValueIn(Scenario s) in e:\TeamCity_Data\Build\Sierra\src\FinOM\FinOM\Cells\CellName.cs:line 1246
   at BM.FinOM.Cells.CellName`2.CurrentValueIn(Scenario s) in e:\TeamCity_Data\Build\Sierra\src\FinOM\FinOM\Cells\CellName.cs:line 138
   at BM.FinOM.Cells.CellName`1.get_CurrentValue() in e:\TeamCity_Data\Build\Sierra\src\FinOM\FinOM\Cells\CellName.cs:line 1274
   at BM.FinOM.Cells.CellName`1.op_OnesComplement(CellName`1 name) in e:\TeamCity_Data\Build\Sierra\src\FinOM\FinOM\Cells\CellName.cs:line 1267
   at BM.FinOM.Credit.LossGridModel.CalibrateLossGrid() in e:\TeamCity_Data\Build\Sierra\src\FinOM\FinOM\Credit\LossGridModel.cs:line 519
   at BM.FinOM.Credit.LossGridModel.&lt;get_GridSpecificMaturity&gt;b__11() in e:\TeamCity_Data\Build\Sierra\src\FinOM\FinOM\Credit\LossGridModel.cs:line 443
   at ExceptionRecorder.ExceptionRecorderVB.ExceptionRecorder.RecordException[T](Func`1 func, Action`1 onError) in E:\TeamCity_Data\Build\Sierra\src\FinOM\ExceptionRecorder\ExceptionRecorder\ExceptionRecorder.vb:line 7
   at BM.FinOM.Cells.Cell`1.get_CurrentValue() in e:\TeamCity_Data\Build\Sierra\src\FinOM\FinOM\Cells\Cell.cs:line 547
   at BM.FinOM.Cells.CellName`1.CurrentValueIn(Scenario s) in e:\TeamCity_Data\Build\Sierra\src\FinOM\FinOM\Cells\CellName.cs:line 1246
   at BM.FinOM.Cells.CellName`2.CurrentValueIn(Scenario s) in e:\TeamCity_Data\Build\Sierra\src\FinOM\FinOM\Cells\CellName.cs:line 138
   at BM.FinOM.Cells.CellName`1.get_CurrentValue() in e:\TeamCity_Data\Build\Sierra\src\FinOM\FinOM\Cells\CellName.cs:line 1274
   at BM.FinOM.Cells.CellName`1.op_OnesComplement(CellName`1 name) in e:\TeamCity_Data\Build\Sierra\src\FinOM\FinOM\Cells\CellName.cs:line 1267
   at BM.FinOM.Credit.LossGridModel.&lt;get_LeaderGrid&gt;b__14() in e:\TeamCity_Data\Build\Sierra\src\FinOM\FinOM\Credit\LossGridModel.cs:line 497
   at ExceptionRecorder.ExceptionRecorderVB.ExceptionRecorder.RecordException[T](Func`1 func, Action`1 onError) in E:\TeamCity_Data\Build\Sierra\src\FinOM\ExceptionRecorder\ExceptionRecorder\ExceptionRecorder.vb:line 7
   at BM.FinOM.Cells.Cell`1.get_CurrentValue() in e:\TeamCity_Data\Build\Sierra\src\FinOM\FinOM\Cells\Cell.cs:line 547
   at BM.FinOM.Cells.CellName`1.CurrentValueIn(Scenario s) in e:\TeamCity_Data\Build\Sierra\src\FinOM\FinOM\Cells\CellName.cs:line 1246
   at BM.FinOM.Cells.CellName`2.CurrentValueIn(Scenario s) in e:\TeamCity_Data\Build\Sierra\src\FinOM\FinOM\Cells\CellName.cs:line 138
   at BM.FinOM.Cells.CellName`1.get_CurrentValue() in e:\TeamCity_Data\Build\Sierra\src\FinOM\FinOM\Cells\CellName.cs:line 1274
   at BM.FinOM.Cells.CellName`1.op_OnesComplement(CellName`1 name) in e:\TeamCity_Data\Build\Sierra\src\FinOM\FinOM\Cells\CellName.cs:line 1267
   at BM.FinOM.Credit.MappedLossGridModel.CalibrateLossGrid() in e:\TeamCity_Data\Build\Sierra\src\FinOM\FinOM\Credit\LossGridModel.cs:line 90
   at BM.FinOM.Credit.LossGridModel.&lt;get_GridSpecificMaturity&gt;b__11() in e:\TeamCity_Data\Build\Sierra\src\FinOM\FinOM\Credit\LossGridModel.cs:line 443
   at ExceptionRecorder.ExceptionRecorderVB.ExceptionRecorder.RecordException[T](Func`1 func, Action`1 onError) in E:\TeamCity_Data\Build\Sierra\src\FinOM\ExceptionRecorder\ExceptionRecorder\ExceptionRecorder.vb:line 7
   at BM.FinOM.Cells.Cell`1.get_CurrentValue() in e:\TeamCity_Data\Build\Sierra\src\FinOM\FinOM\Cells\Cell.cs:line 547
   at BM.FinOM.Cells.CellName`1.CurrentValueIn(Scenario s) in e:\TeamCity_Data\Build\Sierra\src\FinOM\FinOM\Cells\CellName.cs:line 1246
   at BM.FinOM.Cells.CellName`2.CurrentValueIn(Scenario s) in e:\TeamCity_Data\Build\Sierra\src\FinOM\FinOM\Cells\CellName.cs:line 138
   at BM.FinOM.Cells.CellName`1.get_CurrentValue() in e:\TeamCity_Data\Build\Sierra\src\FinOM\FinOM\Cells\CellName.cs:line 1274
   at BM.FinOM.Cells.CellName`1.op_OnesComplement(CellName`1 name) in e:\TeamCity_Data\Build\Sierra\src\FinOM\FinOM\Cells\CellName.cs:line 1267
   at BM.FinOM.Credit.LossGridModel.&lt;get_Grid&gt;b__12() in e:\TeamCity_Data\Build\Sierra\src\FinOM\FinOM\Credit\LossGridModel.cs:line 473
   at ExceptionRecorder.ExceptionRecorderVB.ExceptionRecorder.RecordException[T](Func`1 func, Action`1 onError) in E:\TeamCity_Data\Build\Sierra\src\FinOM\ExceptionRecorder\ExceptionRecorder\ExceptionRecorder.vb:line 7
   at BM.FinOM.Cells.Cell`1.get_CurrentValue() in e:\TeamCity_Data\Build\Sierra\src\FinOM\FinOM\Cells\Cell.cs:line 547
   at BM.FinOM.Cells.Cell`1.op_OnesComplement(Cell`1 cell) in e:\TeamCity_Data\Build\Sierra\src\FinOM\FinOM\Cells\Cell.cs:line 949
   at BM.FinOM.FinanceScenarios.Tranche.FixedLossGrid.&lt;&gt;c__DisplayClass1.&lt;GetFormula&gt;b__0() in e:\TeamCity_Data\Build\Sierra\src\FinOM\FinOM\FinanceScenarios\Tranche\FixedLossGrid.cs:line 92
   at ExceptionRecorder.ExceptionRecorderVB.ExceptionRecorder.RecordException[T](Func`1 func, Action`1 onError) in E:\TeamCity_Data\Build\Sierra\src\FinOM\ExceptionRecorder\ExceptionRecorder\ExceptionRecorder.vb:line 7
   at BM.FinOM.Cells.Cell`1.get_CurrentValue() in e:\TeamCity_Data\Build\Sierra\src\FinOM\FinOM\Cells\Cell.cs:line 547
   at BM.FinOM.Cells.CellName`1.CurrentValueIn(Scenario s) in e:\TeamCity_Data\Build\Sierra\src\FinOM\FinOM\Cells\CellName.cs:line 1246
   at BM.FinOM.Cells.CellName`2.CurrentValueIn(Scenario s) in e:\TeamCity_Data\Build\Sierra\src\FinOM\FinOM\Cells\CellName.cs:line 138
   at BM.FinOM.Cells.CellName`1.get_CurrentValue() in e:\TeamCity_Data\Build\Sierra\src\FinOM\FinOM\Cells\CellName.cs:line 1274
   at BM.FinOM.Cells.CellName`1.op_OnesComplement(CellName`1 name) in e:\TeamCity_Data\Build\Sierra\src\FinOM\FinOM\Cells\CellName.cs:line 1267
   at BM.FinOM.Credit.CDOTrancheCalc.GetLossGridPricingModel(Dictionary`2[]&amp; deltasPricingErrors) in e:\TeamCity_Data\Build\Sierra\src\FinOM\FinOM\Credit\CDOTrancheCalc.cs:line 380
   at BM.FinOM.Credit.CDOTrancheCalc.CalculateLossGridPrice() in e:\TeamCity_Data\Build\Sierra\src\FinOM\FinOM\Credit\CDOTrancheCalc.cs:line 426
   at BM.FinOM.Credit.CDOTrancheCalc.get_LossGridCalcResult() in e:\TeamCity_Data\Build\Sierra\src\FinOM\FinOM\Credit\CDOTrancheCalc.cs:line 293
   at BM.FinOM.Credit.CDOTranche.&lt;get_LossGridCalcResult&gt;b__6() in e:\TeamCity_Data\Build\Sierra\src\FinOM\FinOM\Credit\CDOTranche.cs:line 216
   at ExceptionRecorder.ExceptionRecorderVB.ExceptionRecorder.RecordException[T](Func`1 func, Action`1 onError) in E:\TeamCity_Data\Build\Sierra\src\FinOM\ExceptionRecorder\ExceptionRecorder\ExceptionRecorder.vb:line 7
   at BM.FinOM.Cells.Cell`1.get_CurrentValue() in e:\TeamCity_Data\Build\Sierra\src\FinOM\FinOM\Cells\Cell.cs:line 547
   at BM.FinOM.Cells.CellName`1.CurrentValueIn(Scenario s) in e:\TeamCity_Data\Build\Sierra\src\FinOM\FinOM\Cells\CellName.cs:line 1246
   at BM.FinOM.Cells.CellName`2.CurrentValueIn(Scenario s) in e:\TeamCity_Data\Build\Sierra\src\FinOM\FinOM\Cells\CellName.cs:line 138
   at BM.FinOM.Cells.CellName`1.get_CurrentValue() in e:\TeamCity_Data\Build\Sierra\src\FinOM\FinOM\Cells\CellName.cs:line 1274
   at BM.FinOM.Cells.CellName`1.op_OnesComplement(CellName`1 name) in e:\TeamCity_Data\Build\Sierra\src\FinOM\FinOM\Cells\CellName.cs:line 1267
   at BM.FinOM.Credit.CDOTranche.&lt;get_CalcResult&gt;b__5() in e:\TeamCity_Data\Build\Sierra\src\FinOM\FinOM\Credit\CDOTranche.cs:line 209
   at ExceptionRecorder.ExceptionRecorderVB.ExceptionRecorder.RecordException[T](Func`1 func, Action`1 onError) in E:\TeamCity_Data\Build\Sierra\src\FinOM\ExceptionRecorder\ExceptionRecorder\ExceptionRecorder.vb:line 7
   at BM.FinOM.Cells.Cell`1.get_CurrentValue() in e:\TeamCity_Data\Build\Sierra\src\FinOM\FinOM\Cells\Cell.cs:line 547
   at BM.FinOM.Cells.CellName`1.CurrentValueIn(Scenario s) in e:\TeamCity_Data\Build\Sierra\src\FinOM\FinOM\Cells\CellName.cs:line 1246
   at BM.FinOM.Cells.CellName`2.CurrentValueIn(Scenario s) in e:\TeamCity_Data\Build\Sierra\src\FinOM\FinOM\Cells\CellName.cs:line 138
   at BM.FinOM.Cells.CellName`1.get_CurrentValue() in e:\TeamCity_Data\Build\Sierra\src\FinOM\FinOM\Cells\CellName.cs:line 1274
   at BM.FinOM.Credit.CDOTranche.&lt;get_CleanPrice&gt;b__b() in e:\TeamCity_Data\Build\Sierra\src\FinOM\FinOM\Credit\CDOTranche.cs:line 254
   at ExceptionRecorder.ExceptionRecorderVB.ExceptionRecorder.RecordException[T](Func`1 func, Action`1 onError) in E:\TeamCity_Data\Build\Sierra\src\FinOM\ExceptionRecorder\ExceptionRecorder\ExceptionRecorder.vb:line 7
   at BM.FinOM.Cells.Cell`1.get_CurrentValue() in e:\TeamCity_Data\Build\Sierra\src\FinOM\FinOM\Cells\Cell.cs:line 547
   at BM.FinOM.Cells.CellName`1.CurrentValueIn(Scenario s) in e:\TeamCity_Data\Build\Sierra\src\FinOM\FinOM\Cells\CellName.cs:line 1246
   at BM.FinOM.Cells.CellName`2.CurrentValueIn(Scenario s) in e:\TeamCity_Data\Build\Sierra\src\FinOM\FinOM\Cells\CellName.cs:line 138
   at BM.FinOM.Cells.CellName`1.get_CurrentValue() in e:\TeamCity_Data\Build\Sierra\src\FinOM\FinOM\Cells\CellName.cs:line 1274
   at BM.FinOM.Cells.CellName`1.op_OnesComplement(CellName`1 name) in e:\TeamCity_Data\Build\Sierra\src\FinOM\FinOM\Cells\CellName.cs:line 1267
   at FinOM.Test.Credit.CDOTrancheTest.ZeroToOneHunderTranchePriceTest() in e:\TeamCity_Data\Build\Sierra\src\FinOM\FinOM.Test\Credit\CDOTrancheTest.cs:line 204
</StackTrace>
        </ErrorInfo>
      </Output>
    </UnitTestResult>
    <UnitTestResult executionId="6735e81d-b690-431e-b998-d0490f4cc60a" testId="5953718e-5b69-d42a-455b-f3ddfb4f120b" testName="AnnuityTest" computerName="BUILD01" duration="00:00:08.3567662" startTime="2010-12-23T11:22:33.2495411-05:00" endTime="2010-12-23T11:22:41.6063073-05:00" testType="13cdc9d9-ddb5-4fa4-a97d-d965ccfc6d4b" outcome="Aborted" testListId="8c84fa94-04c1-424b-9868-57a2d4851a1d" relativeResultsDirectory="6735e81d-b690-431e-b998-d0490f4cc60a">
    </UnitTestResult>
    <UnitTestResult executionId="d99dafc1-13b4-41ac-9df2-bddf3b76ee3a" testId="08c9c5ba-42ee-cee9-7911-6b5d24ee8790" testName="CdsIrdv01Test" computerName="BUILD01" duration="00:00:08.1546100" startTime="2010-12-23T11:22:33.4516973-05:00" endTime="2010-12-23T11:22:41.6063073-05:00" testType="13cdc9d9-ddb5-4fa4-a97d-d965ccfc6d4b" outcome="Aborted" testListId="8c84fa94-04c1-424b-9868-57a2d4851a1d" relativeResultsDirectory="d99dafc1-13b4-41ac-9df2-bddf3b76ee3a">
    </UnitTestResult>
    <UnitTestResult executionId="6991ee91-bc7b-4d73-b507-477c0d4168dd" testId="369c7d63-1c2f-2ea9-6917-f85f0e776efa" testName="FeeLegTest" computerName="BUILD01" duration="00:00:08.1458206" startTime="2010-12-23T11:22:33.4604867-05:00" endTime="2010-12-23T11:22:41.6063073-05:00" testType="13cdc9d9-ddb5-4fa4-a97d-d965ccfc6d4b" outcome="Aborted" testListId="8c84fa94-04c1-424b-9868-57a2d4851a1d" relativeResultsDirectory="6991ee91-bc7b-4d73-b507-477c0d4168dd">
    </UnitTestResult>
    <UnitTestResult executionId="076bf5a7-452b-4bd6-875d-53fcc00d213f" testId="d2b9972d-9e90-7ae0-bb56-2013d6f06f50" testName="FullStubTest" computerName="BUILD01" duration="00:00:08.1380078" startTime="2010-12-23T11:22:33.4692761-05:00" endTime="2010-12-23T11:22:41.6072839-05:00" testType="13cdc9d9-ddb5-4fa4-a97d-d965ccfc6d4b" outcome="Aborted" testListId="8c84fa94-04c1-424b-9868-57a2d4851a1d" relativeResultsDirectory="076bf5a7-452b-4bd6-875d-53fcc00d213f">
    </UnitTestResult>
    <UnitTestResult executionId="297c3500-5232-473e-b3dc-9265ed2219de" testId="943551d9-3142-fbc9-9d30-da7371695ae4" testName="MarkedTenorParSpreadTest" computerName="BUILD01" duration="00:00:08.1311716" startTime="2010-12-23T11:22:33.4761123-05:00" endTime="2010-12-23T11:22:41.6072839-05:00" testType="13cdc9d9-ddb5-4fa4-a97d-d965ccfc6d4b" outcome="Aborted" testListId="8c84fa94-04c1-424b-9868-57a2d4851a1d" relativeResultsDirectory="297c3500-5232-473e-b3dc-9265ed2219de">
    </UnitTestResult>
    <UnitTestResult executionId="f3d3c648-d2f2-4836-82b9-91c6ebfa9564" testId="57b9873d-f4fc-4b93-6116-fd7d99e8790d" testName="MaturityTest" computerName="BUILD01" duration="00:00:08.1204290" startTime="2010-12-23T11:22:33.4868549-05:00" endTime="2010-12-23T11:22:41.6072839-05:00" testType="13cdc9d9-ddb5-4fa4-a97d-d965ccfc6d4b" outcome="Aborted" testListId="8c84fa94-04c1-424b-9868-57a2d4851a1d" relativeResultsDirectory="f3d3c648-d2f2-4836-82b9-91c6ebfa9564">
    </UnitTestResult>
    <UnitTestResult executionId="555763b7-ab2b-4bae-8861-b3398a643079" testId="17ae8796-05d1-5dbf-3ea6-3fd8875ad02a" testName="ParSpreadRoundTripTest" computerName="BUILD01" duration="00:00:08.1126162" startTime="2010-12-23T11:22:33.4946677-05:00" endTime="2010-12-23T11:22:41.6072839-05:00" testType="13cdc9d9-ddb5-4fa4-a97d-d965ccfc6d4b" outcome="Aborted" testListId="8c84fa94-04c1-424b-9868-57a2d4851a1d" relativeResultsDirectory="555763b7-ab2b-4bae-8861-b3398a643079">
    </UnitTestResult>
    <UnitTestResult executionId="6540e501-9d52-437e-b777-c17b7dc71814" testId="b154c643-aa86-2736-da96-e06d07bf35a8" testName="RecoveryMonotinicityTest" computerName="BUILD01" duration="00:00:08.1067566" startTime="2010-12-23T11:22:33.5005273-05:00" endTime="2010-12-23T11:22:41.6072839-05:00" testType="13cdc9d9-ddb5-4fa4-a97d-d965ccfc6d4b" outcome="Aborted" testListId="8c84fa94-04c1-424b-9868-57a2d4851a1d" relativeResultsDirectory="6540e501-9d52-437e-b777-c17b7dc71814">
    </UnitTestResult>
    <UnitTestResult executionId="e5cbf35a-cb78-483a-87c3-27288d5fbeda" testId="cd242285-4618-b7e3-d232-c259cff13222" testName="RecoveryTest" computerName="BUILD01" duration="00:00:08.1018736" startTime="2010-12-23T11:22:33.5054103-05:00" endTime="2010-12-23T11:22:41.6072839-05:00" testType="13cdc9d9-ddb5-4fa4-a97d-d965ccfc6d4b" outcome="Aborted" testListId="8c84fa94-04c1-424b-9868-57a2d4851a1d" relativeResultsDirectory="e5cbf35a-cb78-483a-87c3-27288d5fbeda">
    </UnitTestResult>
    <UnitTestResult executionId="360a0ae7-429f-4c86-92ff-d168aa435520" testId="e91ffa97-579e-dea8-238f-f93e883e9fd7" testName="RetrieveNewRecovery" computerName="BUILD01" duration="00:00:08.0969906" startTime="2010-12-23T11:22:33.5102933-05:00" endTime="2010-12-23T11:22:41.6072839-05:00" testType="13cdc9d9-ddb5-4fa4-a97d-d965ccfc6d4b" outcome="Aborted" testListId="8c84fa94-04c1-424b-9868-57a2d4851a1d" relativeResultsDirectory="360a0ae7-429f-4c86-92ff-d168aa435520">
    </UnitTestResult>
    <UnitTestResult executionId="940ed431-5173-4fda-91b0-27886f4c6115" testId="60bb8963-ae29-c7c2-ffc4-da312486c8ad" testName="RiskFreeTest" computerName="BUILD01" duration="00:00:08.0911310" startTime="2010-12-23T11:22:33.5161529-05:00" endTime="2010-12-23T11:22:41.6072839-05:00" testType="13cdc9d9-ddb5-4fa4-a97d-d965ccfc6d4b" outcome="Aborted" testListId="8c84fa94-04c1-424b-9868-57a2d4851a1d" relativeResultsDirectory="940ed431-5173-4fda-91b0-27886f4c6115">
    </UnitTestResult>
    <UnitTestResult executionId="2f6dcdad-c739-4031-8cdb-781987efd3d1" testId="72516d63-e77a-9a04-1835-3af28cab8909" testName="SpreadMonotinicityTest" computerName="BUILD01" duration="00:00:08.0842948" startTime="2010-12-23T11:22:33.5229891-05:00" endTime="2010-12-23T11:22:41.6072839-05:00" testType="13cdc9d9-ddb5-4fa4-a97d-d965ccfc6d4b" outcome="Aborted" testListId="8c84fa94-04c1-424b-9868-57a2d4851a1d" relativeResultsDirectory="2f6dcdad-c739-4031-8cdb-781987efd3d1">
    </UnitTestResult>
    <UnitTestResult executionId="0f861277-c3fb-433a-b3da-ae0e616cd5cd" testId="c0b4200a-ef1e-d4ff-dde7-7ebcd9c4fd82" testName="RollForwardTest1" computerName="BUILD01" duration="00:00:08.0774586" startTime="2010-12-23T11:22:33.5298253-05:00" endTime="2010-12-23T11:22:41.6072839-05:00" testType="13cdc9d9-ddb5-4fa4-a97d-d965ccfc6d4b" outcome="Aborted" testListId="8c84fa94-04c1-424b-9868-57a2d4851a1d" relativeResultsDirectory="0f861277-c3fb-433a-b3da-ae0e616cd5cd">
    </UnitTestResult>
    <UnitTestResult executionId="aad2a86f-b4d9-4ec3-a1f8-cace3b3e2b8b" testId="840f82c6-328d-e195-00e0-d2f6465b0fda" testName="RollForwardTest2" computerName="BUILD01" duration="00:00:08.0725756" startTime="2010-12-23T11:22:33.5356849-05:00" endTime="2010-12-23T11:22:41.6082605-05:00" testType="13cdc9d9-ddb5-4fa4-a97d-d965ccfc6d4b" outcome="Aborted" testListId="8c84fa94-04c1-424b-9868-57a2d4851a1d" relativeResultsDirectory="aad2a86f-b4d9-4ec3-a1f8-cace3b3e2b8b">
    </UnitTestResult>
    <UnitTestResult executionId="62da267c-46b8-4d55-a015-d6aaed3796ed" testId="f46ad2bc-a40b-ae26-260f-793f9b2314f1" testName="RollForwardTest3" computerName="BUILD01" duration="00:00:08.0657394" startTime="2010-12-23T11:22:33.5425211-05:00" endTime="2010-12-23T11:22:41.6082605-05:00" testType="13cdc9d9-ddb5-4fa4-a97d-d965ccfc6d4b" outcome="Aborted" testListId="8c84fa94-04c1-424b-9868-57a2d4851a1d" relativeResultsDirectory="62da267c-46b8-4d55-a015-d6aaed3796ed">
    </UnitTestResult>
    <UnitTestResult executionId="431beba7-9f78-4e71-9e55-f2eb256c7645" testId="d6f8f985-e4ed-ab61-f2dd-89e90dc69515" testName="RollForwardTest4" computerName="BUILD01" duration="00:00:08.0598798" startTime="2010-12-23T11:22:33.5483807-05:00" endTime="2010-12-23T11:22:41.6082605-05:00" testType="13cdc9d9-ddb5-4fa4-a97d-d965ccfc6d4b" outcome="Aborted" testListId="8c84fa94-04c1-424b-9868-57a2d4851a1d" relativeResultsDirectory="431beba7-9f78-4e71-9e55-f2eb256c7645">
    </UnitTestResult>
    <UnitTestResult executionId="0821e5d7-3b4a-4bac-9832-9cabee80d1ca" testId="fefb0f93-9325-8aa1-5334-276efea24804" testName="TickerChangeDefaultTest" computerName="BUILD01" duration="00:00:08.0540202" startTime="2010-12-23T11:22:33.5542403-05:00" endTime="2010-12-23T11:22:41.6082605-05:00" testType="13cdc9d9-ddb5-4fa4-a97d-d965ccfc6d4b" outcome="Aborted" testListId="8c84fa94-04c1-424b-9868-57a2d4851a1d" relativeResultsDirectory="0821e5d7-3b4a-4bac-9832-9cabee80d1ca">
    </UnitTestResult>
    <UnitTestResult executionId="15fb491c-c59d-4f6a-b662-c68200df2b1f" testId="f17c66a4-25df-881d-f30a-808367181f93" testName="TickerChangeDefaultTest1" computerName="BUILD01" duration="00:00:08.0481606" startTime="2010-12-23T11:22:33.5600999-05:00" endTime="2010-12-23T11:22:41.6082605-05:00" testType="13cdc9d9-ddb5-4fa4-a97d-d965ccfc6d4b" outcome="Aborted" testListId="8c84fa94-04c1-424b-9868-57a2d4851a1d" relativeResultsDirectory="15fb491c-c59d-4f6a-b662-c68200df2b1f">
    </UnitTestResult>
    <UnitTestResult executionId="1b15c075-5dd2-4eec-bb8a-dab22728b1e8" testId="c07e485a-ca38-247a-745d-cd074944d4bb" testName="TestCashFlows" computerName="BUILD01" duration="00:00:08.0413244" startTime="2010-12-23T11:22:33.5669361-05:00" endTime="2010-12-23T11:22:41.6082605-05:00" testType="13cdc9d9-ddb5-4fa4-a97d-d965ccfc6d4b" outcome="Aborted" testListId="8c84fa94-04c1-424b-9868-57a2d4851a1d" relativeResultsDirectory="1b15c075-5dd2-4eec-bb8a-dab22728b1e8">
    </UnitTestResult>
    <UnitTestResult executionId="3179dc4e-82d6-4732-8a27-b8332d2c2261" testId="7bcc25d1-ad0d-c73f-e004-7be3d3b5b269" testName="TestCashSettlement" computerName="BUILD01" duration="00:00:08.0344882" startTime="2010-12-23T11:22:33.5737723-05:00" endTime="2010-12-23T11:22:41.6082605-05:00" testType="13cdc9d9-ddb5-4fa4-a97d-d965ccfc6d4b" outcome="Aborted" testListId="8c84fa94-04c1-424b-9868-57a2d4851a1d" relativeResultsDirectory="3179dc4e-82d6-4732-8a27-b8332d2c2261">
    </UnitTestResult>
    <UnitTestResult executionId="670ab275-3234-4251-8dcd-e6ec306cf2d9" testId="b3f5eaed-5f2b-241e-7660-92ecb3c2116b" testName="TestCleanAndDirtyEqual" computerName="BUILD01" duration="00:00:08.0276520" startTime="2010-12-23T11:22:33.5806085-05:00" endTime="2010-12-23T11:22:41.6082605-05:00" testType="13cdc9d9-ddb5-4fa4-a97d-d965ccfc6d4b" outcome="Aborted" testListId="8c84fa94-04c1-424b-9868-57a2d4851a1d" relativeResultsDirectory="670ab275-3234-4251-8dcd-e6ec306cf2d9">
    </UnitTestResult>
    <UnitTestResult executionId="d54b4f56-bc1e-4b16-bd6d-5dfa22378c7b" testId="f2d31d01-15ec-58f4-2110-56064f365ddb" testName="TestConvertToSpread" computerName="BUILD01" duration="00:00:08.0217924" startTime="2010-12-23T11:22:33.5864681-05:00" endTime="2010-12-23T11:22:41.6082605-05:00" testType="13cdc9d9-ddb5-4fa4-a97d-d965ccfc6d4b" outcome="Aborted" testListId="8c84fa94-04c1-424b-9868-57a2d4851a1d" relativeResultsDirectory="d54b4f56-bc1e-4b16-bd6d-5dfa22378c7b">
    </UnitTestResult>
    <UnitTestResult executionId="305f32ef-df0d-447e-8547-4507104251e8" testId="ae83b2f3-3866-42e9-33a5-c6e30d5988df" testName="TestConvertToUpfront" computerName="BUILD01" duration="00:00:08.0159328" startTime="2010-12-23T11:22:33.5923277-05:00" endTime="2010-12-23T11:22:41.6082605-05:00" testType="13cdc9d9-ddb5-4fa4-a97d-d965ccfc6d4b" outcome="Aborted" testListId="8c84fa94-04c1-424b-9868-57a2d4851a1d" relativeResultsDirectory="305f32ef-df0d-447e-8547-4507104251e8">
    </UnitTestResult>
    <UnitTestResult executionId="f496fd13-ca73-4574-940f-40cc7eff24b9" testId="1d24d757-01c0-53ec-2d28-528d49390aa0" testName="TestCreditCurveFromQuotedSpread" computerName="BUILD01" duration="00:00:08.0012838" startTime="2010-12-23T11:22:33.6079533-05:00" endTime="2010-12-23T11:22:41.6092371-05:00" testType="13cdc9d9-ddb5-4fa4-a97d-d965ccfc6d4b" outcome="Aborted" testListId="8c84fa94-04c1-424b-9868-57a2d4851a1d" relativeResultsDirectory="f496fd13-ca73-4574-940f-40cc7eff24b9">
    </UnitTestResult>
    <UnitTestResult executionId="6b6c0bc8-6630-4642-bf70-0a06125b85af" testId="bc8acf49-6402-8541-f344-8a0e06c7cf8b" testName="TestFromQuotedSpread" computerName="BUILD01" duration="00:00:07.9905412" startTime="2010-12-23T11:22:33.6186959-05:00" endTime="2010-12-23T11:22:41.6092371-05:00" testType="13cdc9d9-ddb5-4fa4-a97d-d965ccfc6d4b" outcome="Aborted" testListId="8c84fa94-04c1-424b-9868-57a2d4851a1d" relativeResultsDirectory="6b6c0bc8-6630-4642-bf70-0a06125b85af">
    </UnitTestResult>
    <UnitTestResult executionId="de70d318-c963-44aa-9c24-c76e7510b95f" testId="bc0f9adf-0e4a-8258-51aa-47ade2761d78" testName="TestIRZeroCurve" computerName="BUILD01" duration="00:00:07.9758922" startTime="2010-12-23T11:22:33.6333449-05:00" endTime="2010-12-23T11:22:41.6092371-05:00" testType="13cdc9d9-ddb5-4fa4-a97d-d965ccfc6d4b" outcome="Aborted" testListId="8c84fa94-04c1-424b-9868-57a2d4851a1d" relativeResultsDirectory="de70d318-c963-44aa-9c24-c76e7510b95f">
    </UnitTestResult>
    <UnitTestResult executionId="ed85b1a4-6cda-4b57-bb83-6a5967efcf03" testId="20aea2ae-6548-8a04-36ec-ee79d2389e6d" testName="TestIsdaDiscountCurve" computerName="BUILD01" duration="00:00:07.9700326" startTime="2010-12-23T11:22:33.6392045-05:00" endTime="2010-12-23T11:22:41.6092371-05:00" testType="13cdc9d9-ddb5-4fa4-a97d-d965ccfc6d4b" outcome="Aborted" testListId="8c84fa94-04c1-424b-9868-57a2d4851a1d" relativeResultsDirectory="ed85b1a4-6cda-4b57-bb83-6a5967efcf03">
    </UnitTestResult>
    <UnitTestResult executionId="aec40517-d68f-4d02-8dfd-b20d28d915fb" testId="09e3c635-b496-7746-10dd-0fae1b089d5f" testName="TestReadMarkItRateDownload" computerName="BUILD01" duration="00:00:07.9641730" startTime="2010-12-23T11:22:33.6450641-05:00" endTime="2010-12-23T11:22:41.6092371-05:00" testType="13cdc9d9-ddb5-4fa4-a97d-d965ccfc6d4b" outcome="Aborted" testListId="8c84fa94-04c1-424b-9868-57a2d4851a1d" relativeResultsDirectory="aec40517-d68f-4d02-8dfd-b20d28d915fb">
    </UnitTestResult>
    <UnitTestResult executionId="021b35ce-91d8-4a52-9557-cbf7d34909ce" testId="8379c544-61ec-7b9d-0c0a-f1c90bd0e120" testName="FullRecoveryTest" computerName="BUILD01" duration="00:00:07.9583134" startTime="2010-12-23T11:22:33.6509237-05:00" endTime="2010-12-23T11:22:41.6092371-05:00" testType="13cdc9d9-ddb5-4fa4-a97d-d965ccfc6d4b" outcome="Aborted" testListId="8c84fa94-04c1-424b-9868-57a2d4851a1d" relativeResultsDirectory="021b35ce-91d8-4a52-9557-cbf7d34909ce">
    </UnitTestResult>
    <UnitTestResult executionId="664282ab-2c95-4e13-9a18-9c1f1bdcabc1" testId="caa1056f-6a9e-c3ee-06f6-b6eb0547bf76" testName="LegSumTest" computerName="BUILD01" duration="00:00:07.9524538" startTime="2010-12-23T11:22:33.6567833-05:00" endTime="2010-12-23T11:22:41.6092371-05:00" testType="13cdc9d9-ddb5-4fa4-a97d-d965ccfc6d4b" outcome="Aborted" testListId="8c84fa94-04c1-424b-9868-57a2d4851a1d" relativeResultsDirectory="664282ab-2c95-4e13-9a18-9c1f1bdcabc1">
    </UnitTestResult>
    <UnitTestResult executionId="e7ac5fc1-e8c2-4b75-b610-68d53392d01b" testId="922a37e8-1ac9-7af4-c398-e0bb1980a45f" testName="MonotonicityTest" computerName="BUILD01" duration="00:00:07.9465942" startTime="2010-12-23T11:22:33.6626429-05:00" endTime="2010-12-23T11:22:41.6092371-05:00" testType="13cdc9d9-ddb5-4fa4-a97d-d965ccfc6d4b" outcome="Aborted" testListId="8c84fa94-04c1-424b-9868-57a2d4851a1d" relativeResultsDirectory="e7ac5fc1-e8c2-4b75-b610-68d53392d01b">
    </UnitTestResult>
    <UnitTestResult executionId="dc590d38-fcd4-4692-a876-2dde8d88512a" testId="d3da240a-3a12-3f5d-9c89-2e01e5a6237a" testName="ParTest" computerName="BUILD01" duration="00:00:07.9417112" startTime="2010-12-23T11:22:33.6675259-05:00" endTime="2010-12-23T11:22:41.6092371-05:00" testType="13cdc9d9-ddb5-4fa4-a97d-d965ccfc6d4b" outcome="Aborted" testListId="8c84fa94-04c1-424b-9868-57a2d4851a1d" relativeResultsDirectory="dc590d38-fcd4-4692-a876-2dde8d88512a">
    </UnitTestResult>
    <UnitTestResult executionId="5feceefe-3e1b-476b-8983-8e8cae27876b" testId="0c9faec8-55d4-29ed-16fd-670ec018350b" testName="ZeroRecoveryTest" computerName="BUILD01" duration="00:00:07.9368282" startTime="2010-12-23T11:22:33.6733855-05:00" endTime="2010-12-23T11:22:41.6102137-05:00" testType="13cdc9d9-ddb5-4fa4-a97d-d965ccfc6d4b" outcome="Aborted" testListId="8c84fa94-04c1-424b-9868-57a2d4851a1d" relativeResultsDirectory="5feceefe-3e1b-476b-8983-8e8cae27876b">
    </UnitTestResult>
    <UnitTestResult executionId="c345cec9-9db4-430a-a996-c5fc29bdf0b1" testId="15d84585-4bef-ec7a-5564-abd3cbc7cc9e" testName="LoadFromCacheTest" computerName="BUILD01" duration="00:00:07.9309686" startTime="2010-12-23T11:22:33.6792451-05:00" endTime="2010-12-23T11:22:41.6102137-05:00" testType="13cdc9d9-ddb5-4fa4-a97d-d965ccfc6d4b" outcome="Aborted" testListId="8c84fa94-04c1-424b-9868-57a2d4851a1d" relativeResultsDirectory="c345cec9-9db4-430a-a996-c5fc29bdf0b1">
    </UnitTestResult>
    <UnitTestResult executionId="cec85082-a7ac-4959-ad63-30ebb42bf839" testId="c159d328-032c-2c7c-46d1-44dd23033643" testName="LoadFromDatabaseSaveToCacheTest" computerName="BUILD01" duration="00:00:07.9251090" startTime="2010-12-23T11:22:33.6851047-05:00" endTime="2010-12-23T11:22:41.6102137-05:00" testType="13cdc9d9-ddb5-4fa4-a97d-d965ccfc6d4b" outcome="Aborted" testListId="8c84fa94-04c1-424b-9868-57a2d4851a1d" relativeResultsDirectory="cec85082-a7ac-4959-ad63-30ebb42bf839">
    </UnitTestResult>
    <UnitTestResult executionId="7522258e-f95d-4c11-96db-4cca6395f616" testId="123593e9-1ae6-4dbe-78ab-bbd16e524b9d" testName="LoadFromDatabaseTest" computerName="BUILD01" duration="00:00:07.9163196" startTime="2010-12-23T11:22:33.6938941-05:00" endTime="2010-12-23T11:22:41.6102137-05:00" testType="13cdc9d9-ddb5-4fa4-a97d-d965ccfc6d4b" outcome="Aborted" testListId="8c84fa94-04c1-424b-9868-57a2d4851a1d" relativeResultsDirectory="7522258e-f95d-4c11-96db-4cca6395f616">
    </UnitTestResult>
    <UnitTestResult executionId="2f4f3a9e-677e-4b4a-8a6c-b1cacb4ecfb4" testId="41ce7425-5185-2575-6111-2c5a40da5fb2" testName="LoadTest" computerName="BUILD01" duration="00:00:07.9094834" startTime="2010-12-23T11:22:33.7007303-05:00" endTime="2010-12-23T11:22:41.6102137-05:00" testType="13cdc9d9-ddb5-4fa4-a97d-d965ccfc6d4b" outcome="Aborted" testListId="8c84fa94-04c1-424b-9868-57a2d4851a1d" relativeResultsDirectory="2f4f3a9e-677e-4b4a-8a6c-b1cacb4ecfb4">
    </UnitTestResult>
    <UnitTestResult executionId="0285633e-ff3d-43ce-9774-daf088718559" testId="af3dfc69-334e-36a0-085a-14c9d49c1414" testName="FinOMvsDBConstituentCheck" computerName="BUILD01" duration="00:00:07.9036238" startTime="2010-12-23T11:22:33.7065899-05:00" endTime="2010-12-23T11:22:41.6102137-05:00" testType="13cdc9d9-ddb5-4fa4-a97d-d965ccfc6d4b" outcome="Aborted" testListId="8c84fa94-04c1-424b-9868-57a2d4851a1d" relativeResultsDirectory="0285633e-ff3d-43ce-9774-daf088718559">
    </UnitTestResult>
    <UnitTestResult executionId="f8c338df-54bc-43f6-b14d-3df97d2c362c" testId="7c2cd905-2316-8062-dfc2-0b34db4687db" testName="RemoveAndAddSameEntity" computerName="BUILD01" duration="00:00:07.8967876" startTime="2010-12-23T11:22:33.7134261-05:00" endTime="2010-12-23T11:22:41.6102137-05:00" testType="13cdc9d9-ddb5-4fa4-a97d-d965ccfc6d4b" outcome="Aborted" testListId="8c84fa94-04c1-424b-9868-57a2d4851a1d" relativeResultsDirectory="f8c338df-54bc-43f6-b14d-3df97d2c362c">
    </UnitTestResult>
    <UnitTestResult executionId="cc060dd2-319f-47c3-bb43-ba90b4038dc1" testId="6631792e-4686-774e-597b-e28dba4efc65" testName="RemoveEntity" computerName="BUILD01" duration="00:00:07.8919046" startTime="2010-12-23T11:22:33.7183091-05:00" endTime="2010-12-23T11:22:41.6102137-05:00" testType="13cdc9d9-ddb5-4fa4-a97d-d965ccfc6d4b" outcome="Aborted" testListId="8c84fa94-04c1-424b-9868-57a2d4851a1d" relativeResultsDirectory="cc060dd2-319f-47c3-bb43-ba90b4038dc1">
    </UnitTestResult>
    <UnitTestResult executionId="cef8e077-8de1-4c8f-9015-dad264e6c7c5" testId="a13a2680-de2a-98a6-828b-22eb67d00b27" testName="CDSPriceTestFullStub" computerName="BUILD01" duration="00:00:07.8860450" startTime="2010-12-23T11:22:33.7241687-05:00" endTime="2010-12-23T11:22:41.6102137-05:00" testType="13cdc9d9-ddb5-4fa4-a97d-d965ccfc6d4b" outcome="Aborted" testListId="8c84fa94-04c1-424b-9868-57a2d4851a1d" relativeResultsDirectory="cef8e077-8de1-4c8f-9015-dad264e6c7c5">
    </UnitTestResult>
    <UnitTestResult executionId="8befaf9b-8be5-4b19-b262-f7c95e1a2083" testId="5d5f3c08-73ff-3b4d-9a42-176c496de203" testName="CDSPriceTestPartStub" computerName="BUILD01" duration="00:00:07.8811620" startTime="2010-12-23T11:22:33.7300283-05:00" endTime="2010-12-23T11:22:41.6111903-05:00" testType="13cdc9d9-ddb5-4fa4-a97d-d965ccfc6d4b" outcome="Aborted" testListId="8c84fa94-04c1-424b-9868-57a2d4851a1d" relativeResultsDirectory="8befaf9b-8be5-4b19-b262-f7c95e1a2083">
    </UnitTestResult>
    <UnitTestResult executionId="680eb8c3-2648-484f-bef1-27e2ddb764ac" testId="d5e73d5a-e51e-9826-84e2-e52eb0fa4898" testName="OptiomalCDIConsolidator1" computerName="BUILD01" duration="00:00:07.8762790" startTime="2010-12-23T11:22:33.7349113-05:00" endTime="2010-12-23T11:22:41.6111903-05:00" testType="13cdc9d9-ddb5-4fa4-a97d-d965ccfc6d4b" outcome="Aborted" testListId="8c84fa94-04c1-424b-9868-57a2d4851a1d" relativeResultsDirectory="680eb8c3-2648-484f-bef1-27e2ddb764ac">
    </UnitTestResult>
    <UnitTestResult executionId="7812268d-143f-4392-9d3c-6d9b28c44e8e" testId="bb4cf092-bc39-fc47-9192-9ac1e52e6a7a" testName="OptiomalCDIConsolidatorZeroNotional" computerName="BUILD01" duration="00:00:07.8694428" startTime="2010-12-23T11:22:33.7417475-05:00" endTime="2010-12-23T11:22:41.6111903-05:00" testType="13cdc9d9-ddb5-4fa4-a97d-d965ccfc6d4b" outcome="Aborted" testListId="8c84fa94-04c1-424b-9868-57a2d4851a1d" relativeResultsDirectory="7812268d-143f-4392-9d3c-6d9b28c44e8e">
    </UnitTestResult>
    <UnitTestResult executionId="fdb5c399-4c7c-4b3e-a4d5-df36c189ebb7" testId="31b1a552-0181-17c5-edfd-ab862a57b80b" testName="OptiomalCDSConsolidator1" computerName="BUILD01" duration="00:00:07.8635832" startTime="2010-12-23T11:22:33.7476071-05:00" endTime="2010-12-23T11:22:41.6111903-05:00" testType="13cdc9d9-ddb5-4fa4-a97d-d965ccfc6d4b" outcome="Aborted" testListId="8c84fa94-04c1-424b-9868-57a2d4851a1d" relativeResultsDirectory="fdb5c399-4c7c-4b3e-a4d5-df36c189ebb7">
    </UnitTestResult>
    <UnitTestResult executionId="e58c9854-7c5a-4cdd-aad7-663d8c3d0091" testId="a3acd76c-197f-822f-0e52-eb7ecadc6473" testName="OptiomalCDSConsolidatorWithNegativeCoupon" computerName="BUILD01" duration="00:00:07.8587002" startTime="2010-12-23T11:22:33.7524901-05:00" endTime="2010-12-23T11:22:41.6111903-05:00" testType="13cdc9d9-ddb5-4fa4-a97d-d965ccfc6d4b" outcome="Aborted" testListId="8c84fa94-04c1-424b-9868-57a2d4851a1d" relativeResultsDirectory="e58c9854-7c5a-4cdd-aad7-663d8c3d0091">
    </UnitTestResult>
    <UnitTestResult executionId="f889d8f4-ce12-4174-9575-6b7f74a80a5a" testId="02011b17-9e7b-1b12-9cae-3976077b0585" testName="OptiomalCDSConsolidatorWithZeroNotional" computerName="BUILD01" duration="00:00:07.8538172" startTime="2010-12-23T11:22:33.7573731-05:00" endTime="2010-12-23T11:22:41.6111903-05:00" testType="13cdc9d9-ddb5-4fa4-a97d-d965ccfc6d4b" outcome="Aborted" testListId="8c84fa94-04c1-424b-9868-57a2d4851a1d" relativeResultsDirectory="f889d8f4-ce12-4174-9575-6b7f74a80a5a">
    </UnitTestResult>
    <UnitTestResult executionId="6b6cea6a-2d44-40c0-898a-5403ed3b46ed" testId="0cc4d67c-65cb-3a26-8055-90cdd5f0d71f" testName="ConditionalVarTest" computerName="BUILD01" duration="00:00:07.8469810" startTime="2010-12-23T11:22:33.7642093-05:00" endTime="2010-12-23T11:22:41.6111903-05:00" testType="13cdc9d9-ddb5-4fa4-a97d-d965ccfc6d4b" outcome="Aborted" testListId="8c84fa94-04c1-424b-9868-57a2d4851a1d" relativeResultsDirectory="6b6cea6a-2d44-40c0-898a-5403ed3b46ed">
    </UnitTestResult>
    <UnitTestResult executionId="d46c2fa3-a49d-45d1-a68a-76057d2e9a9f" testId="50d5defa-9c46-2af8-7e00-c8c32ea961ed" testName="CorrSwapTest" computerName="BUILD01" duration="00:00:07.8547938" startTime="2010-12-23T11:22:33.7700689-05:00" endTime="2010-12-23T11:22:41.6248627-05:00" testType="13cdc9d9-ddb5-4fa4-a97d-d965ccfc6d4b" outcome="Aborted" testListId="8c84fa94-04c1-424b-9868-57a2d4851a1d" relativeResultsDirectory="d46c2fa3-a49d-45d1-a68a-76057d2e9a9f">
    </UnitTestResult>
    <UnitTestResult executionId="4f675f6d-1df0-4804-beac-37238a2334e3" testId="9fd029c3-51f7-71ef-4b62-5b650bce444b" testName="EqVarCompositeVolTest" computerName="BUILD01" duration="00:00:07.8508874" startTime="2010-12-23T11:22:33.7749519-05:00" endTime="2010-12-23T11:22:41.6258393-05:00" testType="13cdc9d9-ddb5-4fa4-a97d-d965ccfc6d4b" outcome="Aborted" testListId="8c84fa94-04c1-424b-9868-57a2d4851a1d" relativeResultsDirectory="4f675f6d-1df0-4804-beac-37238a2334e3">
    </UnitTestResult>
    <UnitTestResult executionId="9cba3b63-a694-44ec-b179-bc330e789775" testId="acedde2e-201b-e9fc-3c6b-0eaff9749c86" testName="EqVarImpliedUpTest" computerName="BUILD01" duration="00:00:07.8440512" startTime="2010-12-23T11:22:33.7817881-05:00" endTime="2010-12-23T11:22:41.6258393-05:00" testType="13cdc9d9-ddb5-4fa4-a97d-d965ccfc6d4b" outcome="Aborted" testListId="8c84fa94-04c1-424b-9868-57a2d4851a1d" relativeResultsDirectory="9cba3b63-a694-44ec-b179-bc330e789775">
    </UnitTestResult>
    <UnitTestResult executionId="e0dcdb2e-ef86-40aa-b578-14697acd980b" testId="00bc4c7f-4a77-1db8-aae1-6202c3a8e024" testName="EqVarRealizedUpTest" computerName="BUILD01" duration="00:00:07.8381916" startTime="2010-12-23T11:22:33.7876477-05:00" endTime="2010-12-23T11:22:41.6258393-05:00" testType="13cdc9d9-ddb5-4fa4-a97d-d965ccfc6d4b" outcome="Aborted" testListId="8c84fa94-04c1-424b-9868-57a2d4851a1d" relativeResultsDirectory="e0dcdb2e-ef86-40aa-b578-14697acd980b">
    </UnitTestResult>
    <UnitTestResult executionId="70d3e713-ec4f-401e-8678-8e4b96627434" testId="2ca5b6f2-b795-2f26-89f1-630e41cb68e8" testName="OptionImpliedUpTest" computerName="BUILD01" duration="00:00:07.8313554" startTime="2010-12-23T11:22:33.7944839-05:00" endTime="2010-12-23T11:22:41.6258393-05:00" testType="13cdc9d9-ddb5-4fa4-a97d-d965ccfc6d4b" outcome="Aborted" testListId="8c84fa94-04c1-424b-9868-57a2d4851a1d" relativeResultsDirectory="70d3e713-ec4f-401e-8678-8e4b96627434">
    </UnitTestResult>
    <UnitTestResult executionId="168b1988-ef4a-4405-bae5-66df24688473" testId="e0e0cf2b-c5c3-df15-a9ec-db9680421a78" testName="CreditCurveMakeParallelTest" computerName="BUILD01" duration="00:00:07.8245192" startTime="2010-12-23T11:22:33.8013201-05:00" endTime="2010-12-23T11:22:41.6258393-05:00" testType="13cdc9d9-ddb5-4fa4-a97d-d965ccfc6d4b" outcome="Aborted" testListId="8c84fa94-04c1-424b-9868-57a2d4851a1d" relativeResultsDirectory="168b1988-ef4a-4405-bae5-66df24688473">
    </UnitTestResult>
    <UnitTestResult executionId="dc4301a9-1a8b-4966-b58a-0c19e31fac26" testId="0ed8d040-5ecd-19c8-0652-b91b1a8e5c1c" testName="CreditCurveMakeTest" computerName="BUILD01" duration="00:00:07.8186596" startTime="2010-12-23T11:22:33.8071797-05:00" endTime="2010-12-23T11:22:41.6258393-05:00" testType="13cdc9d9-ddb5-4fa4-a97d-d965ccfc6d4b" outcome="Aborted" testListId="8c84fa94-04c1-424b-9868-57a2d4851a1d" relativeResultsDirectory="dc4301a9-1a8b-4966-b58a-0c19e31fac26">
    </UnitTestResult>
    <UnitTestResult executionId="ac4c4ec9-81e8-4905-a313-14c3367cfc16" testId="c96ee4af-0276-feee-d28b-60a529bc2d31" testName="ExecuteCDSParSpreadTest" computerName="BUILD01" duration="00:00:07.8128000" startTime="2010-12-23T11:22:33.8130393-05:00" endTime="2010-12-23T11:22:41.6258393-05:00" testType="13cdc9d9-ddb5-4fa4-a97d-d965ccfc6d4b" outcome="Aborted" testListId="8c84fa94-04c1-424b-9868-57a2d4851a1d" relativeResultsDirectory="ac4c4ec9-81e8-4905-a313-14c3367cfc16">
    </UnitTestResult>
    <UnitTestResult executionId="4d3dd563-7fa4-43e8-bf6b-04c20aeee078" testId="41262bc5-1db9-e011-af50-2ef2a8f03c65" testName="ExecuteCreditCurveTest" computerName="BUILD01" duration="00:00:07.8069404" startTime="2010-12-23T11:22:33.8188989-05:00" endTime="2010-12-23T11:22:41.6258393-05:00" testType="13cdc9d9-ddb5-4fa4-a97d-d965ccfc6d4b" outcome="Aborted" testListId="8c84fa94-04c1-424b-9868-57a2d4851a1d" relativeResultsDirectory="4d3dd563-7fa4-43e8-bf6b-04c20aeee078">
    </UnitTestResult>
    <UnitTestResult executionId="4ca91a51-8d96-4d8f-8539-baa96891757a" testId="789d1865-0f2a-bb32-abf7-b6deec1b2668" testName="ExecuteIntrinsicSpreadTest" computerName="BUILD01" duration="00:00:07.8010808" startTime="2010-12-23T11:22:33.8247585-05:00" endTime="2010-12-23T11:22:41.6258393-05:00" testType="13cdc9d9-ddb5-4fa4-a97d-d965ccfc6d4b" outcome="Aborted" testListId="8c84fa94-04c1-424b-9868-57a2d4851a1d" relativeResultsDirectory="4ca91a51-8d96-4d8f-8539-baa96891757a">
    </UnitTestResult>
    <UnitTestResult executionId="67152f83-a992-4855-894a-d13781eba892" testId="f5443118-4d0d-50a1-0432-10343efad0ce" testName="ExecuteTranchePriceTest" computerName="BUILD01" duration="00:00:07.7952212" startTime="2010-12-23T11:22:33.8306181-05:00" endTime="2010-12-23T11:22:41.6258393-05:00" testType="13cdc9d9-ddb5-4fa4-a97d-d965ccfc6d4b" outcome="Aborted" testListId="8c84fa94-04c1-424b-9868-57a2d4851a1d" relativeResultsDirectory="67152f83-a992-4855-894a-d13781eba892">
    </UnitTestResult>
    <UnitTestResult executionId="1346afa1-6f52-4ebd-ad9e-292d9a87e091" testId="dd0f396d-eb1a-a959-7bca-dce39667e90e" testName="NativeHandleTracerAddPointerTest" computerName="BUILD01" duration="00:00:07.7913148" startTime="2010-12-23T11:22:33.8355011-05:00" endTime="2010-12-23T11:22:41.6268159-05:00" testType="13cdc9d9-ddb5-4fa4-a97d-d965ccfc6d4b" outcome="Aborted" testListId="8c84fa94-04c1-424b-9868-57a2d4851a1d" relativeResultsDirectory="1346afa1-6f52-4ebd-ad9e-292d9a87e091">
    </UnitTestResult>
    <UnitTestResult executionId="234f6afa-5ab5-4b91-9f64-6c0d343d6183" testId="eb13b130-e64d-ae6d-93e0-fe6f0711e8de" testName="NativeHandleTracerDeletePointerTest" computerName="BUILD01" duration="00:00:07.7854552" startTime="2010-12-23T11:22:33.8413607-05:00" endTime="2010-12-23T11:22:41.6268159-05:00" testType="13cdc9d9-ddb5-4fa4-a97d-d965ccfc6d4b" outcome="Aborted" testListId="8c84fa94-04c1-424b-9868-57a2d4851a1d" relativeResultsDirectory="234f6afa-5ab5-4b91-9f64-6c0d343d6183">
    </UnitTestResult>
    <UnitTestResult executionId="8c4d5122-aedc-40fc-b7f4-82be770c7706" testId="34b522d7-4e11-3b45-779b-ef3687e84622" testName="TracerTest1" computerName="BUILD01" duration="00:00:07.7805722" startTime="2010-12-23T11:22:33.8462437-05:00" endTime="2010-12-23T11:22:41.6268159-05:00" testType="13cdc9d9-ddb5-4fa4-a97d-d965ccfc6d4b" outcome="Aborted" testListId="8c84fa94-04c1-424b-9868-57a2d4851a1d" relativeResultsDirectory="8c4d5122-aedc-40fc-b7f4-82be770c7706">
    </UnitTestResult>
    <UnitTestResult executionId="01ac67c9-0f2a-4822-9ad5-de11f9e33b48" testId="545d326f-a13b-9dd0-102e-3193632b0841" testName="TracerTest2" computerName="BUILD01" duration="00:00:07.7737360" startTime="2010-12-23T11:22:33.8530799-05:00" endTime="2010-12-23T11:22:41.6268159-05:00" testType="13cdc9d9-ddb5-4fa4-a97d-d965ccfc6d4b" outcome="Aborted" testListId="8c84fa94-04c1-424b-9868-57a2d4851a1d" relativeResultsDirectory="01ac67c9-0f2a-4822-9ad5-de11f9e33b48">
    </UnitTestResult>
    <UnitTestResult executionId="9a95088a-6924-492e-a0b9-1bef4972e152" testId="99626b41-2c37-993d-1e72-9e580bddc287" testName="XmlTracerTest1" computerName="BUILD01" duration="00:00:07.7678764" startTime="2010-12-23T11:22:33.8589395-05:00" endTime="2010-12-23T11:22:41.6268159-05:00" testType="13cdc9d9-ddb5-4fa4-a97d-d965ccfc6d4b" outcome="Aborted" testListId="8c84fa94-04c1-424b-9868-57a2d4851a1d" relativeResultsDirectory="9a95088a-6924-492e-a0b9-1bef4972e152">
    </UnitTestResult>
    <UnitTestResult executionId="2a6f73c7-828e-40e7-a015-79102bc5f26a" testId="8dc78890-5a4a-a129-0f30-0a6234c43599" testName="QVCurveQuotes2Test" computerName="BUILD01" duration="00:00:07.7620168" startTime="2010-12-23T11:22:33.8647991-05:00" endTime="2010-12-23T11:22:41.6268159-05:00" testType="13cdc9d9-ddb5-4fa4-a97d-d965ccfc6d4b" outcome="Aborted" testListId="8c84fa94-04c1-424b-9868-57a2d4851a1d" relativeResultsDirectory="2a6f73c7-828e-40e7-a015-79102bc5f26a">
    </UnitTestResult>
    <UnitTestResult executionId="e889e39b-7aea-41f3-af1a-3780be053c66" testId="c1901cff-2ab8-577c-7844-8ae3491e4d48" testName="ShortEndSpreadCalcComprehensiveTest" computerName="BUILD01" duration="00:00:07.7542040" startTime="2010-12-23T11:22:33.8726119-05:00" endTime="2010-12-23T11:22:41.6268159-05:00" testType="13cdc9d9-ddb5-4fa4-a97d-d965ccfc6d4b" outcome="Aborted" testListId="8c84fa94-04c1-424b-9868-57a2d4851a1d" relativeResultsDirectory="e889e39b-7aea-41f3-af1a-3780be053c66">
    </UnitTestResult>
    <UnitTestResult executionId="06db7d6c-75a7-4ae3-a6d6-1bf82f36cc66" testId="dba0b206-e133-0604-8801-cfbd9dc1f099" testName="ShortEndSpreadCalcExtrapolateTest1" computerName="BUILD01" duration="00:00:07.7483444" startTime="2010-12-23T11:22:33.8784715-05:00" endTime="2010-12-23T11:22:41.6268159-05:00" testType="13cdc9d9-ddb5-4fa4-a97d-d965ccfc6d4b" outcome="Aborted" testListId="8c84fa94-04c1-424b-9868-57a2d4851a1d" relativeResultsDirectory="06db7d6c-75a7-4ae3-a6d6-1bf82f36cc66">
    </UnitTestResult>
    <UnitTestResult executionId="6dcccbcf-6b54-41cb-b668-39a29aa87038" testId="6acb1dbb-1c51-25cf-8cf1-8d05e124e3d7" testName="ShortEndSpreadCalcExtrapolateTest2" computerName="BUILD01" duration="00:00:07.7424848" startTime="2010-12-23T11:22:33.8843311-05:00" endTime="2010-12-23T11:22:41.6268159-05:00" testType="13cdc9d9-ddb5-4fa4-a97d-d965ccfc6d4b" outcome="Aborted" testListId="8c84fa94-04c1-424b-9868-57a2d4851a1d" relativeResultsDirectory="6dcccbcf-6b54-41cb-b668-39a29aa87038">
    </UnitTestResult>
    <UnitTestResult executionId="3bc0a368-794d-4021-aba0-5b7952e91dea" testId="10354c68-a879-b6e2-6d82-89a6773fefe1" testName="ShortEndSpreadCalcHaveValueTest" computerName="BUILD01" duration="00:00:07.7376018" startTime="2010-12-23T11:22:33.8892141-05:00" endTime="2010-12-23T11:22:41.6268159-05:00" testType="13cdc9d9-ddb5-4fa4-a97d-d965ccfc6d4b" outcome="Aborted" testListId="8c84fa94-04c1-424b-9868-57a2d4851a1d" relativeResultsDirectory="3bc0a368-794d-4021-aba0-5b7952e91dea">
    </UnitTestResult>
    <UnitTestResult executionId="a0e063cc-8c7b-4d53-a9d5-93dc411c7a0f" testId="a5e262d0-5a15-65a2-5c65-af1e24f4a18c" testName="EquivalentGridNoopTest" computerName="BUILD01" duration="00:00:07.7327188" startTime="2010-12-23T11:22:33.8950737-05:00" endTime="2010-12-23T11:22:41.6277925-05:00" testType="13cdc9d9-ddb5-4fa4-a97d-d965ccfc6d4b" outcome="Aborted" testListId="8c84fa94-04c1-424b-9868-57a2d4851a1d" relativeResultsDirectory="a0e063cc-8c7b-4d53-a9d5-93dc411c7a0f">
    </UnitTestResult>
    <UnitTestResult executionId="d4b4b331-756b-43f6-ab3b-c46e492f535b" testId="d645ba9c-1379-99db-2a10-3ad389eda5fe" testName="EquivGridPnlTest" computerName="BUILD01" duration="00:00:07.7268592" startTime="2010-12-23T11:22:33.9009333-05:00" endTime="2010-12-23T11:22:41.6277925-05:00" testType="13cdc9d9-ddb5-4fa4-a97d-d965ccfc6d4b" outcome="Aborted" testListId="8c84fa94-04c1-424b-9868-57a2d4851a1d" relativeResultsDirectory="d4b4b331-756b-43f6-ab3b-c46e492f535b">
    </UnitTestResult>
    <UnitTestResult executionId="6c90957f-efd3-4870-a913-1939e3181ec8" testId="74abdc1e-39f6-a327-f3c2-f01a2f00fbad" testName="FixedGridNoopTest" computerName="BUILD01" duration="00:00:07.7219762" startTime="2010-12-23T11:22:33.9058163-05:00" endTime="2010-12-23T11:22:41.6277925-05:00" testType="13cdc9d9-ddb5-4fa4-a97d-d965ccfc6d4b" outcome="Aborted" testListId="8c84fa94-04c1-424b-9868-57a2d4851a1d" relativeResultsDirectory="6c90957f-efd3-4870-a913-1939e3181ec8">
    </UnitTestResult>
    <UnitTestResult executionId="846c1c4a-2e9e-4e28-a80e-d9e0bc2b23fc" testId="b93799ff-5b17-e1f9-0d99-2c637168fb69" testName="FixedGridPnlParityTest" computerName="BUILD01" duration="00:00:07.7151400" startTime="2010-12-23T11:22:33.9126525-05:00" endTime="2010-12-23T11:22:41.6277925-05:00" testType="13cdc9d9-ddb5-4fa4-a97d-d965ccfc6d4b" outcome="Aborted" testListId="8c84fa94-04c1-424b-9868-57a2d4851a1d" relativeResultsDirectory="846c1c4a-2e9e-4e28-a80e-d9e0bc2b23fc">
    </UnitTestResult>
    <UnitTestResult executionId="3b57c7a8-0092-4cf6-8697-73040bfafcff" testId="4c5872da-e94a-2cbc-82d6-8a30dc0f6bce" testName="ResetTrancheBaseRoundTripTest" computerName="BUILD01" duration="00:00:07.7063506" startTime="2010-12-23T11:22:33.9214419-05:00" endTime="2010-12-23T11:22:41.6277925-05:00" testType="13cdc9d9-ddb5-4fa4-a97d-d965ccfc6d4b" outcome="Aborted" testListId="8c84fa94-04c1-424b-9868-57a2d4851a1d" relativeResultsDirectory="3b57c7a8-0092-4cf6-8697-73040bfafcff">
    </UnitTestResult>
    <UnitTestResult executionId="1823be9f-2b14-4202-8cd3-ca6b5f4489b5" testId="6cef5b74-acb9-0de4-d29c-52afea029c19" testName="TestCDIInstrumentIsHY" computerName="BUILD01" duration="00:00:07.7004910" startTime="2010-12-23T11:22:33.9273015-05:00" endTime="2010-12-23T11:22:41.6277925-05:00" testType="13cdc9d9-ddb5-4fa4-a97d-d965ccfc6d4b" outcome="Aborted" testListId="8c84fa94-04c1-424b-9868-57a2d4851a1d" relativeResultsDirectory="1823be9f-2b14-4202-8cd3-ca6b5f4489b5">
    </UnitTestResult>
    <UnitTestResult executionId="ce36f8ea-ce50-4535-9dc2-d476402fb4d5" testId="9efb06ed-4e32-4e36-fb87-afd72763bad8" testName="TestCDIInstrumentIsIG" computerName="BUILD01" duration="00:00:07.6956080" startTime="2010-12-23T11:22:33.9321845-05:00" endTime="2010-12-23T11:22:41.6277925-05:00" testType="13cdc9d9-ddb5-4fa4-a97d-d965ccfc6d4b" outcome="Aborted" testListId="8c84fa94-04c1-424b-9868-57a2d4851a1d" relativeResultsDirectory="ce36f8ea-ce50-4535-9dc2-d476402fb4d5">
    </UnitTestResult>
    <UnitTestResult executionId="f0d13993-8b41-4ef4-bde0-528977f8f006" testId="411f8471-c961-d534-113c-8c7a8a9d39a5" testName="TestCDSInstrumentIsHY" computerName="BUILD01" duration="00:00:07.6897484" startTime="2010-12-23T11:22:33.9380441-05:00" endTime="2010-12-23T11:22:41.6277925-05:00" testType="13cdc9d9-ddb5-4fa4-a97d-d965ccfc6d4b" outcome="Aborted" testListId="8c84fa94-04c1-424b-9868-57a2d4851a1d" relativeResultsDirectory="f0d13993-8b41-4ef4-bde0-528977f8f006">
    </UnitTestResult>
    <UnitTestResult executionId="5355201c-1979-4733-bf95-1e650d479d10" testId="ffda11af-0331-c949-7da9-3503e1eb3f99" testName="TestCDSIsHY" computerName="BUILD01" duration="00:00:07.6848654" startTime="2010-12-23T11:22:33.9429271-05:00" endTime="2010-12-23T11:22:41.6277925-05:00" testType="13cdc9d9-ddb5-4fa4-a97d-d965ccfc6d4b" outcome="Aborted" testListId="8c84fa94-04c1-424b-9868-57a2d4851a1d" relativeResultsDirectory="5355201c-1979-4733-bf95-1e650d479d10">
    </UnitTestResult>
    <UnitTestResult executionId="cf6fbbbb-54f3-4525-ab2e-f6640f4fafa4" testId="eb7c5149-5fb6-5da1-d39b-9e7899e10bf4" testName="TestTrnInstrument" computerName="BUILD01" duration="00:00:07.6780292" startTime="2010-12-23T11:22:33.9497633-05:00" endTime="2010-12-23T11:22:41.6277925-05:00" testType="13cdc9d9-ddb5-4fa4-a97d-d965ccfc6d4b" outcome="Aborted" testListId="8c84fa94-04c1-424b-9868-57a2d4851a1d" relativeResultsDirectory="cf6fbbbb-54f3-4525-ab2e-f6640f4fafa4">
    </UnitTestResult>
    <UnitTestResult executionId="80ad7970-41a6-4375-babd-06288c300765" testId="1f7b8ec4-646a-255d-0079-681250a3b2ad" testName="LossGridCorrelationShiftTest" computerName="BUILD01" duration="00:00:07.6731462" startTime="2010-12-23T11:22:33.9556229-05:00" endTime="2010-12-23T11:22:41.6287691-05:00" testType="13cdc9d9-ddb5-4fa4-a97d-d965ccfc6d4b" outcome="Aborted" testListId="8c84fa94-04c1-424b-9868-57a2d4851a1d" relativeResultsDirectory="80ad7970-41a6-4375-babd-06288c300765">
    </UnitTestResult>
    <UnitTestResult executionId="68f47f09-6f92-4105-963c-610a83aaf32d" testId="bf1e9eed-569b-e90b-82bd-12bdea938950" testName="PricingTest" computerName="BUILD01" duration="00:00:07.6663100" startTime="2010-12-23T11:22:33.9624591-05:00" endTime="2010-12-23T11:22:41.6287691-05:00" testType="13cdc9d9-ddb5-4fa4-a97d-d965ccfc6d4b" outcome="Aborted" testListId="8c84fa94-04c1-424b-9868-57a2d4851a1d" relativeResultsDirectory="68f47f09-6f92-4105-963c-610a83aaf32d">
    </UnitTestResult>
    <UnitTestResult executionId="53288b2e-8e86-4ab1-bb21-38a98dbb37c5" testId="46e8bd76-d518-80f4-4c3d-696e347298e7" testName="MappedGridNoOpTest" computerName="BUILD01" duration="00:00:07.6594738" startTime="2010-12-23T11:22:33.9692953-05:00" endTime="2010-12-23T11:22:41.6287691-05:00" testType="13cdc9d9-ddb5-4fa4-a97d-d965ccfc6d4b" outcome="Aborted" testListId="8c84fa94-04c1-424b-9868-57a2d4851a1d" relativeResultsDirectory="53288b2e-8e86-4ab1-bb21-38a98dbb37c5">
    </UnitTestResult>
    <UnitTestResult executionId="5b6ce720-c124-4dd9-a1fb-fd1af0dd0463" testId="c10e6076-1cc7-a18c-34fc-2d3eb6575455" testName="TestCreatePerson" computerName="BUILD01" duration="00:00:07.6536142" startTime="2010-12-23T11:22:33.9751549-05:00" endTime="2010-12-23T11:22:41.6287691-05:00" testType="13cdc9d9-ddb5-4fa4-a97d-d965ccfc6d4b" outcome="Aborted" testListId="8c84fa94-04c1-424b-9868-57a2d4851a1d" relativeResultsDirectory="5b6ce720-c124-4dd9-a1fb-fd1af0dd0463">
    </UnitTestResult>
    <UnitTestResult executionId="25156b8c-201a-4776-afd2-1ce671707538" testId="80b66ca4-ed86-244e-a566-bc970d62393c" testName="TestLists" computerName="BUILD01" duration="00:00:07.6477546" startTime="2010-12-23T11:22:33.9810145-05:00" endTime="2010-12-23T11:22:41.6287691-05:00" testType="13cdc9d9-ddb5-4fa4-a97d-d965ccfc6d4b" outcome="Aborted" testListId="8c84fa94-04c1-424b-9868-57a2d4851a1d" relativeResultsDirectory="25156b8c-201a-4776-afd2-1ce671707538">
    </UnitTestResult>
    <UnitTestResult executionId="dd290ae5-a198-49d3-a2e9-2cc7f5e922fa" testId="10bc3c42-cfff-6cf1-8aa1-0c103114e4a8" testName="MultipleMatchTest" computerName="BUILD01" duration="00:00:07.6418950" startTime="2010-12-23T11:22:33.9868741-05:00" endTime="2010-12-23T11:22:41.6287691-05:00" testType="13cdc9d9-ddb5-4fa4-a97d-d965ccfc6d4b" outcome="Aborted" testListId="8c84fa94-04c1-424b-9868-57a2d4851a1d" relativeResultsDirectory="dd290ae5-a198-49d3-a2e9-2cc7f5e922fa">
    </UnitTestResult>
    <UnitTestResult executionId="95df24c3-f24c-4f74-a3df-d68626dba525" testId="6b2a1d82-00de-73c0-bd13-9d22ea555854" testName="TestSave" computerName="BUILD01" duration="00:00:07.6360354" startTime="2010-12-23T11:22:33.9927337-05:00" endTime="2010-12-23T11:22:41.6287691-05:00" testType="13cdc9d9-ddb5-4fa4-a97d-d965ccfc6d4b" outcome="Aborted" testListId="8c84fa94-04c1-424b-9868-57a2d4851a1d" relativeResultsDirectory="95df24c3-f24c-4f74-a3df-d68626dba525">
    </UnitTestResult>
    <UnitTestResult executionId="5d7e85b2-29af-4aa0-b8ae-e0eae1bad225" testId="b992bfea-2c96-cac7-bee7-ec8c7e1b8e21" testName="TestValuesTrade" computerName="BUILD01" duration="00:00:07.6301758" startTime="2010-12-23T11:22:33.9985933-05:00" endTime="2010-12-23T11:22:41.6287691-05:00" testType="13cdc9d9-ddb5-4fa4-a97d-d965ccfc6d4b" outcome="Aborted" testListId="8c84fa94-04c1-424b-9868-57a2d4851a1d" relativeResultsDirectory="5d7e85b2-29af-4aa0-b8ae-e0eae1bad225">
    </UnitTestResult>
    <UnitTestResult executionId="b963718b-4ef8-4349-8466-36cdca92b436" testId="eb8a9bcb-9d44-dcaa-ba3c-41b86e18a018" testName="AggregateTest" computerName="BUILD01" duration="00:00:07.6262694" startTime="2010-12-23T11:22:34.0034763-05:00" endTime="2010-12-23T11:22:41.6297457-05:00" testType="13cdc9d9-ddb5-4fa4-a97d-d965ccfc6d4b" outcome="Aborted" testListId="8c84fa94-04c1-424b-9868-57a2d4851a1d" relativeResultsDirectory="b963718b-4ef8-4349-8466-36cdca92b436">
    </UnitTestResult>
    <UnitTestResult executionId="a4dced71-3754-4f3e-ad0f-54879c24eeb7" testId="f8c67dbb-687f-c4ff-1d67-a47097c735f4" testName="AggregateWithOutliersTest" computerName="BUILD01" duration="00:00:07.6194332" startTime="2010-12-23T11:22:34.0103125-05:00" endTime="2010-12-23T11:22:41.6297457-05:00" testType="13cdc9d9-ddb5-4fa4-a97d-d965ccfc6d4b" outcome="Aborted" testListId="8c84fa94-04c1-424b-9868-57a2d4851a1d" relativeResultsDirectory="a4dced71-3754-4f3e-ad0f-54879c24eeb7">
    </UnitTestResult>
    <UnitTestResult executionId="ebc45856-5f72-431c-a3f1-df53f004b07b" testId="be1e0e43-ad8b-e235-7919-b3e95bd5ba8a" testName="SyntheticAggregationTest" computerName="BUILD01" duration="00:00:07.6145502" startTime="2010-12-23T11:22:34.0151955-05:00" endTime="2010-12-23T11:22:41.6297457-05:00" testType="13cdc9d9-ddb5-4fa4-a97d-d965ccfc6d4b" outcome="Aborted" testListId="8c84fa94-04c1-424b-9868-57a2d4851a1d" relativeResultsDirectory="ebc45856-5f72-431c-a3f1-df53f004b07b">
    </UnitTestResult>
    <UnitTestResult executionId="555f3188-8f4c-4523-8247-79114af22ba5" testId="085d2937-eafc-4327-eaca-65345af54348" testName="BinaryDifference1Test" computerName="BUILD01" duration="00:00:07.6086906" startTime="2010-12-23T11:22:34.0210551-05:00" endTime="2010-12-23T11:22:41.6297457-05:00" testType="13cdc9d9-ddb5-4fa4-a97d-d965ccfc6d4b" outcome="Aborted" testListId="8c84fa94-04c1-424b-9868-57a2d4851a1d" relativeResultsDirectory="555f3188-8f4c-4523-8247-79114af22ba5">
    </UnitTestResult>
    <UnitTestResult executionId="bc259934-1ddc-4626-bc75-c8aea8d283d7" testId="e15c8bda-f8c7-2318-5995-060dc7beae4f" testName="BinaryDifference2Test" computerName="BUILD01" duration="00:00:07.6028310" startTime="2010-12-23T11:22:34.0269147-05:00" endTime="2010-12-23T11:22:41.6297457-05:00" testType="13cdc9d9-ddb5-4fa4-a97d-d965ccfc6d4b" outcome="Aborted" testListId="8c84fa94-04c1-424b-9868-57a2d4851a1d" relativeResultsDirectory="bc259934-1ddc-4626-bc75-c8aea8d283d7">
    </UnitTestResult>
    <UnitTestResult executionId="ca8ee9e3-a2ad-4e99-a438-8bbbacedb481" testId="1b5d08a6-6bca-f2e2-bb30-653743b01ed9" testName="BinaryGuide1Test" computerName="BUILD01" duration="00:00:07.5979480" startTime="2010-12-23T11:22:34.0317977-05:00" endTime="2010-12-23T11:22:41.6297457-05:00" testType="13cdc9d9-ddb5-4fa4-a97d-d965ccfc6d4b" outcome="Aborted" testListId="8c84fa94-04c1-424b-9868-57a2d4851a1d" relativeResultsDirectory="ca8ee9e3-a2ad-4e99-a438-8bbbacedb481">
    </UnitTestResult>
    <UnitTestResult executionId="05cc1842-bd91-4d8b-a580-6572aed46f8d" testId="77b80d29-2945-f0db-b88d-006e32161d64" testName="BinaryGuide2Test" computerName="BUILD01" duration="00:00:07.5930650" startTime="2010-12-23T11:22:34.0366807-05:00" endTime="2010-12-23T11:22:41.6297457-05:00" testType="13cdc9d9-ddb5-4fa4-a97d-d965ccfc6d4b" outcome="Aborted" testListId="8c84fa94-04c1-424b-9868-57a2d4851a1d" relativeResultsDirectory="05cc1842-bd91-4d8b-a580-6572aed46f8d">
    </UnitTestResult>
    <UnitTestResult executionId="839d44ae-4e09-48db-98db-fcd47f1fe4e6" testId="086697ee-07c2-975e-c18c-2f1d6fbd948e" testName="BinaryIntersectionTest" computerName="BUILD01" duration="00:00:07.5872054" startTime="2010-12-23T11:22:34.0425403-05:00" endTime="2010-12-23T11:22:41.6297457-05:00" testType="13cdc9d9-ddb5-4fa4-a97d-d965ccfc6d4b" outcome="Aborted" testListId="8c84fa94-04c1-424b-9868-57a2d4851a1d" relativeResultsDirectory="839d44ae-4e09-48db-98db-fcd47f1fe4e6">
    </UnitTestResult>
    <UnitTestResult executionId="132669c8-a8ff-4f3c-a65c-dddc8e7d9e16" testId="f307daca-88af-1d47-d59e-5d1f3972e11f" testName="BinarySymDiff1Test" computerName="BUILD01" duration="00:00:07.5813458" startTime="2010-12-23T11:22:34.0483999-05:00" endTime="2010-12-23T11:22:41.6297457-05:00" testType="13cdc9d9-ddb5-4fa4-a97d-d965ccfc6d4b" outcome="Aborted" testListId="8c84fa94-04c1-424b-9868-57a2d4851a1d" relativeResultsDirectory="132669c8-a8ff-4f3c-a65c-dddc8e7d9e16">
    </UnitTestResult>
    <UnitTestResult executionId="271d5304-1e90-46d1-8c8c-797830611a3f" testId="4d31dd50-8591-2676-bed4-e3d00dcaf2fa" testName="BinarySymDiff2Test" computerName="BUILD01" duration="00:00:07.5764628" startTime="2010-12-23T11:22:34.0542595-05:00" endTime="2010-12-23T11:22:41.6307223-05:00" testType="13cdc9d9-ddb5-4fa4-a97d-d965ccfc6d4b" outcome="Aborted" testListId="8c84fa94-04c1-424b-9868-57a2d4851a1d" relativeResultsDirectory="271d5304-1e90-46d1-8c8c-797830611a3f">
    </UnitTestResult>
    <UnitTestResult executionId="23099da2-4ee5-48dc-b376-9143afe1a909" testId="1718340b-e844-b48e-e482-3244df9c5907" testName="BinaryUnionTest" computerName="BUILD01" duration="00:00:07.5706032" startTime="2010-12-23T11:22:34.0601191-05:00" endTime="2010-12-23T11:22:41.6307223-05:00" testType="13cdc9d9-ddb5-4fa4-a97d-d965ccfc6d4b" outcome="Aborted" testListId="8c84fa94-04c1-424b-9868-57a2d4851a1d" relativeResultsDirectory="23099da2-4ee5-48dc-b376-9143afe1a909">
    </UnitTestResult>
    <UnitTestResult executionId="98d3df2d-585c-4bf9-8d79-04f623112439" testId="a0227952-4edd-1762-2a05-7b8c1519e533" testName="TestA" computerName="BUILD01" duration="00:00:07.5647436" startTime="2010-12-23T11:22:34.0659787-05:00" endTime="2010-12-23T11:22:41.6307223-05:00" testType="13cdc9d9-ddb5-4fa4-a97d-d965ccfc6d4b" outcome="Aborted" testListId="8c84fa94-04c1-424b-9868-57a2d4851a1d" relativeResultsDirectory="98d3df2d-585c-4bf9-8d79-04f623112439">
    </UnitTestResult>
    <UnitTestResult executionId="08dad244-bc18-430a-8bf3-a456df650927" testId="13700dfc-2e74-1af5-53fb-f1bd783cc574" testName="TestB" computerName="BUILD01" duration="00:00:07.5588840" startTime="2010-12-23T11:22:34.0718383-05:00" endTime="2010-12-23T11:22:41.6307223-05:00" testType="13cdc9d9-ddb5-4fa4-a97d-d965ccfc6d4b" outcome="Aborted" testListId="8c84fa94-04c1-424b-9868-57a2d4851a1d" relativeResultsDirectory="08dad244-bc18-430a-8bf3-a456df650927">
    </UnitTestResult>
    <UnitTestResult executionId="d701c7c0-2337-4afa-848d-afc1dca2d548" testId="b9c260ed-ec37-dcbd-07da-ef00a7ad4154" testName="TestC" computerName="BUILD01" duration="00:00:07.5540010" startTime="2010-12-23T11:22:34.0767213-05:00" endTime="2010-12-23T11:22:41.6307223-05:00" testType="13cdc9d9-ddb5-4fa4-a97d-d965ccfc6d4b" outcome="Aborted" testListId="8c84fa94-04c1-424b-9868-57a2d4851a1d" relativeResultsDirectory="d701c7c0-2337-4afa-848d-afc1dca2d548">
    </UnitTestResult>
    <UnitTestResult executionId="b320ca62-aff3-46b2-880a-30a21324a6b9" testId="83aa7bd5-361d-c7ff-b67e-9cc57dbb61d9" testName="TestD" computerName="BUILD01" duration="00:00:07.5481414" startTime="2010-12-23T11:22:34.0825809-05:00" endTime="2010-12-23T11:22:41.6307223-05:00" testType="13cdc9d9-ddb5-4fa4-a97d-d965ccfc6d4b" outcome="Aborted" testListId="8c84fa94-04c1-424b-9868-57a2d4851a1d" relativeResultsDirectory="b320ca62-aff3-46b2-880a-30a21324a6b9">
    </UnitTestResult>
    <UnitTestResult executionId="ac59f385-2684-49fb-b849-992cfa6dd810" testId="19830c15-32c9-f01c-956d-63e89441cd2d" testName="ArrayMultiPointExprTest" computerName="BUILD01" duration="00:00:07.5422818" startTime="2010-12-23T11:22:34.0884405-05:00" endTime="2010-12-23T11:22:41.6307223-05:00" testType="13cdc9d9-ddb5-4fa4-a97d-d965ccfc6d4b" outcome="Aborted" testListId="8c84fa94-04c1-424b-9868-57a2d4851a1d" relativeResultsDirectory="ac59f385-2684-49fb-b849-992cfa6dd810">
    </UnitTestResult>
    <UnitTestResult executionId="2f99c6b9-d598-4d85-be45-73f5d89383da" testId="f7805eb1-4df6-3777-6f16-34b94a772b92" testName="BinaryPointExprTest" computerName="BUILD01" duration="00:00:07.5373988" startTime="2010-12-23T11:22:34.0933235-05:00" endTime="2010-12-23T11:22:41.6307223-05:00" testType="13cdc9d9-ddb5-4fa4-a97d-d965ccfc6d4b" outcome="Aborted" testListId="8c84fa94-04c1-424b-9868-57a2d4851a1d" relativeResultsDirectory="2f99c6b9-d598-4d85-be45-73f5d89383da">
    </UnitTestResult>
    <UnitTestResult executionId="74c73e51-befd-4e73-93fd-e41c8a14115a" testId="1c6c6748-896b-8df4-8af0-c8b21c5d4d76" testName="UnaryPointExprTest" computerName="BUILD01" duration="00:00:07.5315392" startTime="2010-12-23T11:22:34.0991831-05:00" endTime="2010-12-23T11:22:41.6307223-05:00" testType="13cdc9d9-ddb5-4fa4-a97d-d965ccfc6d4b" outcome="Aborted" testListId="8c84fa94-04c1-424b-9868-57a2d4851a1d" relativeResultsDirectory="74c73e51-befd-4e73-93fd-e41c8a14115a">
    </UnitTestResult>
    <UnitTestResult executionId="1a3bc25d-c1fb-4de2-94e0-d2c6ae3f0899" testId="87b93754-57b7-4f0b-92eb-7177bd120f6a" testName="CompatibleWithTest" computerName="BUILD01" duration="00:00:07.5256796" startTime="2010-12-23T11:22:34.1050427-05:00" endTime="2010-12-23T11:22:41.6307223-05:00" testType="13cdc9d9-ddb5-4fa4-a97d-d965ccfc6d4b" outcome="Aborted" testListId="8c84fa94-04c1-424b-9868-57a2d4851a1d" relativeResultsDirectory="1a3bc25d-c1fb-4de2-94e0-d2c6ae3f0899">
    </UnitTestResult>
    <UnitTestResult executionId="18c97718-b725-4c8d-82a0-d4e7aa709e73" testId="8b367ea4-bc6a-1ce6-32b5-c683fbbb3e8f" testName="IndexToTimeTest" computerName="BUILD01" duration="00:00:07.5207966" startTime="2010-12-23T11:22:34.1109023-05:00" endTime="2010-12-23T11:22:41.6316989-05:00" testType="13cdc9d9-ddb5-4fa4-a97d-d965ccfc6d4b" outcome="Aborted" testListId="8c84fa94-04c1-424b-9868-57a2d4851a1d" relativeResultsDirectory="18c97718-b725-4c8d-82a0-d4e7aa709e73">
    </UnitTestResult>
    <UnitTestResult executionId="57ebfd2d-bd81-4d1b-9d0c-f08bbea5d482" testId="99e6e34b-f2c0-5753-5a7a-38716d8673d5" testName="IntradayTest" computerName="BUILD01" duration="00:00:07.5159136" startTime="2010-12-23T11:22:34.1157853-05:00" endTime="2010-12-23T11:22:41.6316989-05:00" testType="13cdc9d9-ddb5-4fa4-a97d-d965ccfc6d4b" outcome="Aborted" testListId="8c84fa94-04c1-424b-9868-57a2d4851a1d" relativeResultsDirectory="57ebfd2d-bd81-4d1b-9d0c-f08bbea5d482">
    </UnitTestResult>
    <UnitTestResult executionId="6e1b09c8-7a76-4ae6-9cd3-c9d8017057e2" testId="62a183c3-3aa4-8995-bac4-bfd139d2418b" testName="TimeToIndexTest" computerName="BUILD01" duration="00:00:07.5100540" startTime="2010-12-23T11:22:34.1216449-05:00" endTime="2010-12-23T11:22:41.6316989-05:00" testType="13cdc9d9-ddb5-4fa4-a97d-d965ccfc6d4b" outcome="Aborted" testListId="8c84fa94-04c1-424b-9868-57a2d4851a1d" relativeResultsDirectory="6e1b09c8-7a76-4ae6-9cd3-c9d8017057e2">
    </UnitTestResult>
    <UnitTestResult executionId="7f16aa0a-f248-4714-bedb-15d7da2a114b" testId="a44df1d0-04ff-ba6e-5de5-11c94ab00907" testName="DateTest" computerName="BUILD01" duration="00:00:07.5051710" startTime="2010-12-23T11:22:34.1265279-05:00" endTime="2010-12-23T11:22:41.6316989-05:00" testType="13cdc9d9-ddb5-4fa4-a97d-d965ccfc6d4b" outcome="Aborted" testListId="8c84fa94-04c1-424b-9868-57a2d4851a1d" relativeResultsDirectory="7f16aa0a-f248-4714-bedb-15d7da2a114b">
    </UnitTestResult>
    <UnitTestResult executionId="d4a7cbc7-63df-4806-8f6b-cb37473ecf6d" testId="0d34515d-806a-1833-1895-a754dfec45ef" testName="DayOfWeekTest" computerName="BUILD01" duration="00:00:07.4993114" startTime="2010-12-23T11:22:34.1323875-05:00" endTime="2010-12-23T11:22:41.6316989-05:00" testType="13cdc9d9-ddb5-4fa4-a97d-d965ccfc6d4b" outcome="Aborted" testListId="8c84fa94-04c1-424b-9868-57a2d4851a1d" relativeResultsDirectory="d4a7cbc7-63df-4806-8f6b-cb37473ecf6d">
    </UnitTestResult>
    <UnitTestResult executionId="e48ce102-6a33-4c57-aa76-1f3e6601ab41" testId="536e478e-6855-c305-14cf-0612e8741d62" testName="DayOfYearTest" computerName="BUILD01" duration="00:00:07.4934518" startTime="2010-12-23T11:22:34.1382471-05:00" endTime="2010-12-23T11:22:41.6316989-05:00" testType="13cdc9d9-ddb5-4fa4-a97d-d965ccfc6d4b" outcome="Aborted" testListId="8c84fa94-04c1-424b-9868-57a2d4851a1d" relativeResultsDirectory="e48ce102-6a33-4c57-aa76-1f3e6601ab41">
    </UnitTestResult>
    <UnitTestResult executionId="5e0acfa0-349a-4fdb-95d2-def044157eda" testId="af5d3fbf-2637-f5ef-045c-03fd38708e15" testName="DayTest" computerName="BUILD01" duration="00:00:07.4866156" startTime="2010-12-23T11:22:34.1450833-05:00" endTime="2010-12-23T11:22:41.6316989-05:00" testType="13cdc9d9-ddb5-4fa4-a97d-d965ccfc6d4b" outcome="Aborted" testListId="8c84fa94-04c1-424b-9868-57a2d4851a1d" relativeResultsDirectory="5e0acfa0-349a-4fdb-95d2-def044157eda">
    </UnitTestResult>
    <UnitTestResult executionId="61a9913e-4881-45fe-a082-8e114132742f" testId="100b2f31-13d4-bf12-acc1-3c5832feae4d" testName="HourTest" computerName="BUILD01" duration="00:00:07.4817326" startTime="2010-12-23T11:22:34.1499663-05:00" endTime="2010-12-23T11:22:41.6316989-05:00" testType="13cdc9d9-ddb5-4fa4-a97d-d965ccfc6d4b" outcome="Aborted" testListId="8c84fa94-04c1-424b-9868-57a2d4851a1d" relativeResultsDirectory="61a9913e-4881-45fe-a082-8e114132742f">
    </UnitTestResult>
    <UnitTestResult executionId="4918881b-c0f7-41b5-b122-cd02c4826aef" testId="db6dc12a-a5b8-4963-eb47-63ec203fc95c" testName="MillisecondTest" computerName="BUILD01" duration="00:00:07.4758730" startTime="2010-12-23T11:22:34.1558259-05:00" endTime="2010-12-23T11:22:41.6316989-05:00" testType="13cdc9d9-ddb5-4fa4-a97d-d965ccfc6d4b" outcome="Aborted" testListId="8c84fa94-04c1-424b-9868-57a2d4851a1d" relativeResultsDirectory="4918881b-c0f7-41b5-b122-cd02c4826aef">
    </UnitTestResult>
    <UnitTestResult executionId="3ed05ffb-31be-467d-b559-3684ed1a73bb" testId="719b12a2-d51c-5306-406d-49ff730cff48" testName="MinuteTest" computerName="BUILD01" duration="00:00:07.4700134" startTime="2010-12-23T11:22:34.1616855-05:00" endTime="2010-12-23T11:22:41.6316989-05:00" testType="13cdc9d9-ddb5-4fa4-a97d-d965ccfc6d4b" outcome="Aborted" testListId="8c84fa94-04c1-424b-9868-57a2d4851a1d" relativeResultsDirectory="3ed05ffb-31be-467d-b559-3684ed1a73bb">
    </UnitTestResult>
    <UnitTestResult executionId="0240aca2-ab1d-485a-9176-9ee703ee0f9d" testId="c90f9712-5471-2387-cd65-03280b65b0e6" testName="MonthTest" computerName="BUILD01" duration="00:00:07.4651304" startTime="2010-12-23T11:22:34.1675451-05:00" endTime="2010-12-23T11:22:41.6326755-05:00" testType="13cdc9d9-ddb5-4fa4-a97d-d965ccfc6d4b" outcome="Aborted" testListId="8c84fa94-04c1-424b-9868-57a2d4851a1d" relativeResultsDirectory="0240aca2-ab1d-485a-9176-9ee703ee0f9d">
    </UnitTestResult>
    <UnitTestResult executionId="76f72699-e7bd-4c3c-84f7-e2313144cd0d" testId="bfa8dbb7-f978-2353-9ae3-514e3bd83c2d" testName="NowTest" computerName="BUILD01" duration="00:00:07.4475516" startTime="2010-12-23T11:22:34.1851239-05:00" endTime="2010-12-23T11:22:41.6326755-05:00" testType="13cdc9d9-ddb5-4fa4-a97d-d965ccfc6d4b" outcome="Aborted" testListId="8c84fa94-04c1-424b-9868-57a2d4851a1d" relativeResultsDirectory="76f72699-e7bd-4c3c-84f7-e2313144cd0d">
    </UnitTestResult>
    <UnitTestResult executionId="826c7147-f545-4305-adea-940b36d5b794" testId="63065785-c7ca-7436-d428-802994bffcc4" testName="SecondTest" computerName="BUILD01" duration="00:00:07.4416920" startTime="2010-12-23T11:22:34.1909835-05:00" endTime="2010-12-23T11:22:41.6326755-05:00" testType="13cdc9d9-ddb5-4fa4-a97d-d965ccfc6d4b" outcome="Aborted" testListId="8c84fa94-04c1-424b-9868-57a2d4851a1d" relativeResultsDirectory="826c7147-f545-4305-adea-940b36d5b794">
    </UnitTestResult>
    <UnitTestResult executionId="5f5f304a-89e6-4c12-9253-31ba253be493" testId="fb98d00a-62bf-3db5-3c6c-e518a145c069" testName="ThenTest" computerName="BUILD01" duration="00:00:07.4260664" startTime="2010-12-23T11:22:34.2066091-05:00" endTime="2010-12-23T11:22:41.6326755-05:00" testType="13cdc9d9-ddb5-4fa4-a97d-d965ccfc6d4b" outcome="Aborted" testListId="8c84fa94-04c1-424b-9868-57a2d4851a1d" relativeResultsDirectory="5f5f304a-89e6-4c12-9253-31ba253be493">
    </UnitTestResult>
    <UnitTestResult executionId="f29bedb9-4347-4581-957f-7fc04c3d5f81" testId="2f33c5cc-db13-9dfe-377a-c6e7e214eb8b" testName="TimeOfDayTest" computerName="BUILD01" duration="00:00:07.4182536" startTime="2010-12-23T11:22:34.2144219-05:00" endTime="2010-12-23T11:22:41.6326755-05:00" testType="13cdc9d9-ddb5-4fa4-a97d-d965ccfc6d4b" outcome="Aborted" testListId="8c84fa94-04c1-424b-9868-57a2d4851a1d" relativeResultsDirectory="f29bedb9-4347-4581-957f-7fc04c3d5f81">
    </UnitTestResult>
    <UnitTestResult executionId="5d955156-be77-40a4-adbe-d0eaabdfc6e2" testId="1d9fa8f5-f057-a6c7-d7c4-cb63ffcf836a" testName="TodayTest" computerName="BUILD01" duration="00:00:07.4114174" startTime="2010-12-23T11:22:34.2212581-05:00" endTime="2010-12-23T11:22:41.6326755-05:00" testType="13cdc9d9-ddb5-4fa4-a97d-d965ccfc6d4b" outcome="Aborted" testListId="8c84fa94-04c1-424b-9868-57a2d4851a1d" relativeResultsDirectory="5d955156-be77-40a4-adbe-d0eaabdfc6e2">
    </UnitTestResult>
    <UnitTestResult executionId="13d7889e-ec55-419f-8373-6ba573c4ba13" testId="248dbcc9-c827-bbbc-0c44-aa387d69084d" testName="YearTest" computerName="BUILD01" duration="00:00:07.4045812" startTime="2010-12-23T11:22:34.2280943-05:00" endTime="2010-12-23T11:22:41.6326755-05:00" testType="13cdc9d9-ddb5-4fa4-a97d-d965ccfc6d4b" outcome="Aborted" testListId="8c84fa94-04c1-424b-9868-57a2d4851a1d" relativeResultsDirectory="13d7889e-ec55-419f-8373-6ba573c4ba13">
    </UnitTestResult>
    <UnitTestResult executionId="20d93401-52af-40df-8dc8-865cc698ce8b" testId="ff0a74a0-353d-bd5a-c502-87c0706d8b9f" testName="DJIATest" computerName="BUILD01" duration="00:00:07.3987216" startTime="2010-12-23T11:22:34.2339539-05:00" endTime="2010-12-23T11:22:41.6326755-05:00" testType="13cdc9d9-ddb5-4fa4-a97d-d965ccfc6d4b" outcome="Aborted" testListId="8c84fa94-04c1-424b-9868-57a2d4851a1d" relativeResultsDirectory="20d93401-52af-40df-8dc8-865cc698ce8b">
    </UnitTestResult>
    <UnitTestResult executionId="97641b9d-dde2-4a74-aa99-4aa440f3e9c4" testId="61a830ce-1020-eb76-decc-542b7b4d7111" testName="CountTest" computerName="BUILD01" duration="00:00:07.3928620" startTime="2010-12-23T11:22:34.2398135-05:00" endTime="2010-12-23T11:22:41.6326755-05:00" testType="13cdc9d9-ddb5-4fa4-a97d-d965ccfc6d4b" outcome="Aborted" testListId="8c84fa94-04c1-424b-9868-57a2d4851a1d" relativeResultsDirectory="97641b9d-dde2-4a74-aa99-4aa440f3e9c4">
    </UnitTestResult>
    <UnitTestResult executionId="d8ed15ba-6147-41d2-a1b1-5d6610b35942" testId="4f98092d-2913-2303-5542-9571deb5c21a" testName="EndTimeTest" computerName="BUILD01" duration="00:00:07.3870024" startTime="2010-12-23T11:22:34.2456731-05:00" endTime="2010-12-23T11:22:41.6326755-05:00" testType="13cdc9d9-ddb5-4fa4-a97d-d965ccfc6d4b" outcome="Aborted" testListId="8c84fa94-04c1-424b-9868-57a2d4851a1d" relativeResultsDirectory="d8ed15ba-6147-41d2-a1b1-5d6610b35942">
    </UnitTestResult>
    <UnitTestResult executionId="43a3ddfe-aff8-4e75-b2d3-252113ca0b47" testId="acd77b79-204d-afd5-95ff-bbbe1d6ae018" testName="IndexerTest" computerName="BUILD01" duration="00:00:07.3830960" startTime="2010-12-23T11:22:34.2505561-05:00" endTime="2010-12-23T11:22:41.6336521-05:00" testType="13cdc9d9-ddb5-4fa4-a97d-d965ccfc6d4b" outcome="Aborted" testListId="8c84fa94-04c1-424b-9868-57a2d4851a1d" relativeResultsDirectory="43a3ddfe-aff8-4e75-b2d3-252113ca0b47">
    </UnitTestResult>
    <UnitTestResult executionId="f1fa1c87-5add-4e5e-a337-e6d860d7fc02" testId="63ac7102-8bb6-ea15-19a7-bc7043764113" testName="StartTimeTest" computerName="BUILD01" duration="00:00:07.3772364" startTime="2010-12-23T11:22:34.2564157-05:00" endTime="2010-12-23T11:22:41.6336521-05:00" testType="13cdc9d9-ddb5-4fa4-a97d-d965ccfc6d4b" outcome="Aborted" testListId="8c84fa94-04c1-424b-9868-57a2d4851a1d" relativeResultsDirectory="f1fa1c87-5add-4e5e-a337-e6d860d7fc02">
    </UnitTestResult>
    <UnitTestResult executionId="a20136ad-637b-42f1-8b1e-c39aa7539647" testId="b8cab60d-09fa-53bc-216b-3c002b1148c1" testName="ExhaustiveTimelinesCombiningTest" computerName="BUILD01" duration="00:00:07.3713768" startTime="2010-12-23T11:22:34.2622753-05:00" endTime="2010-12-23T11:22:41.6336521-05:00" testType="13cdc9d9-ddb5-4fa4-a97d-d965ccfc6d4b" outcome="Aborted" testListId="8c84fa94-04c1-424b-9868-57a2d4851a1d" relativeResultsDirectory="a20136ad-637b-42f1-8b1e-c39aa7539647">
    </UnitTestResult>
    <UnitTestResult executionId="d9150759-8393-4ab1-b99c-f5a43f59a0ad" testId="c6dc3ac2-aa81-c54b-f60b-3627c29ea3c1" testName="HierarchicalTimelinesCombiningTest" computerName="BUILD01" duration="00:00:07.3664938" startTime="2010-12-23T11:22:34.2671583-05:00" endTime="2010-12-23T11:22:41.6336521-05:00" testType="13cdc9d9-ddb5-4fa4-a97d-d965ccfc6d4b" outcome="Aborted" testListId="8c84fa94-04c1-424b-9868-57a2d4851a1d" relativeResultsDirectory="d9150759-8393-4ab1-b99c-f5a43f59a0ad">
    </UnitTestResult>
    <UnitTestResult executionId="472c363e-d18c-4077-8b76-548b3629749d" testId="e22f2622-68ca-2364-119e-796d6ebc9a19" testName="CountTest" computerName="BUILD01" duration="00:00:07.3616108" startTime="2010-12-23T11:22:34.2720413-05:00" endTime="2010-12-23T11:22:41.6336521-05:00" testType="13cdc9d9-ddb5-4fa4-a97d-d965ccfc6d4b" outcome="Aborted" testListId="8c84fa94-04c1-424b-9868-57a2d4851a1d" relativeResultsDirectory="472c363e-d18c-4077-8b76-548b3629749d">
    </UnitTestResult>
    <UnitTestResult executionId="c73e699e-bfe0-499f-aaf6-beb05af25d19" testId="6eb1817b-2784-5e2e-f99c-a93ddde6c9c6" testName="DecreasingTimePointsTest" computerName="BUILD01" duration="00:00:07.3567278" startTime="2010-12-23T11:22:34.2769243-05:00" endTime="2010-12-23T11:22:41.6336521-05:00" testType="13cdc9d9-ddb5-4fa4-a97d-d965ccfc6d4b" outcome="Aborted" testListId="8c84fa94-04c1-424b-9868-57a2d4851a1d" relativeResultsDirectory="c73e699e-bfe0-499f-aaf6-beb05af25d19">
    </UnitTestResult>
    <UnitTestResult executionId="1fd2e84c-10bf-4987-bfd3-4b27fe148c76" testId="787292e5-cea6-c19c-7e36-31bbfbff951b" testName="EndTimeTest" computerName="BUILD01" duration="00:00:07.3518448" startTime="2010-12-23T11:22:34.2818073-05:00" endTime="2010-12-23T11:22:41.6336521-05:00" testType="13cdc9d9-ddb5-4fa4-a97d-d965ccfc6d4b" outcome="Aborted" testListId="8c84fa94-04c1-424b-9868-57a2d4851a1d" relativeResultsDirectory="1fd2e84c-10bf-4987-bfd3-4b27fe148c76">
    </UnitTestResult>
    <UnitTestResult executionId="1b189c1a-9670-4a44-a91e-8d14235be6e1" testId="eceb904d-60c6-e060-2175-9efaa597f5a3" testName="EnumeratorTest" computerName="BUILD01" duration="00:00:07.3459852" startTime="2010-12-23T11:22:34.2876669-05:00" endTime="2010-12-23T11:22:41.6336521-05:00" testType="13cdc9d9-ddb5-4fa4-a97d-d965ccfc6d4b" outcome="Aborted" testListId="8c84fa94-04c1-424b-9868-57a2d4851a1d" relativeResultsDirectory="1b189c1a-9670-4a44-a91e-8d14235be6e1">
    </UnitTestResult>
    <UnitTestResult executionId="7a99df6d-e466-4210-854c-f6963ff82c00" testId="55b07e68-ecd8-9c02-295a-1ad933fe3ba1" testName="EqualTimePointsTest" computerName="BUILD01" duration="00:00:07.3401256" startTime="2010-12-23T11:22:34.2935265-05:00" endTime="2010-12-23T11:22:41.6336521-05:00" testType="13cdc9d9-ddb5-4fa4-a97d-d965ccfc6d4b" outcome="Aborted" testListId="8c84fa94-04c1-424b-9868-57a2d4851a1d" relativeResultsDirectory="7a99df6d-e466-4210-854c-f6963ff82c00">
    </UnitTestResult>
    <UnitTestResult executionId="d75f2f96-b165-424f-8ae6-e4041c0843ee" testId="9661ec26-4ffd-2556-f92b-262f54c8066a" testName="IndexerOutOfBoundsTest" computerName="BUILD01" duration="00:00:07.3342660" startTime="2010-12-23T11:22:34.2993861-05:00" endTime="2010-12-23T11:22:41.6336521-05:00" testType="13cdc9d9-ddb5-4fa4-a97d-d965ccfc6d4b" outcome="Aborted" testListId="8c84fa94-04c1-424b-9868-57a2d4851a1d" relativeResultsDirectory="d75f2f96-b165-424f-8ae6-e4041c0843ee">
    </UnitTestResult>
    <UnitTestResult executionId="0ace11a6-998f-4cb2-bcc1-8b7a6a557088" testId="f717ddcc-aa23-8c08-a1b2-e95d3fb5e239" testName="IndexerTest" computerName="BUILD01" duration="00:00:07.3293830" startTime="2010-12-23T11:22:34.3052457-05:00" endTime="2010-12-23T11:22:41.6346287-05:00" testType="13cdc9d9-ddb5-4fa4-a97d-d965ccfc6d4b" outcome="Aborted" testListId="8c84fa94-04c1-424b-9868-57a2d4851a1d" relativeResultsDirectory="0ace11a6-998f-4cb2-bcc1-8b7a6a557088">
    </UnitTestResult>
    <UnitTestResult executionId="d3cb0287-6467-4338-94f5-78cee2abe55f" testId="57dc385c-386a-54e7-5c63-2a6b1fc7a6a8" testName="IndexOfNonExistingTest" computerName="BUILD01" duration="00:00:07.3235234" startTime="2010-12-23T11:22:34.3111053-05:00" endTime="2010-12-23T11:22:41.6346287-05:00" testType="13cdc9d9-ddb5-4fa4-a97d-d965ccfc6d4b" outcome="Aborted" testListId="8c84fa94-04c1-424b-9868-57a2d4851a1d" relativeResultsDirectory="d3cb0287-6467-4338-94f5-78cee2abe55f">
    </UnitTestResult>
    <UnitTestResult executionId="ae562f03-495a-41cc-874e-12dc3a1e0958" testId="2e3faac3-c273-6c7e-7cf6-1bfd002fb1e4" testName="IndexOfTest" computerName="BUILD01" duration="00:00:07.3176638" startTime="2010-12-23T11:22:34.3169649-05:00" endTime="2010-12-23T11:22:41.6346287-05:00" testType="13cdc9d9-ddb5-4fa4-a97d-d965ccfc6d4b" outcome="Aborted" testListId="8c84fa94-04c1-424b-9868-57a2d4851a1d" relativeResultsDirectory="ae562f03-495a-41cc-874e-12dc3a1e0958">
    </UnitTestResult>
    <UnitTestResult executionId="054999b6-aa09-486d-9ba3-ec5b0d05465b" testId="fe3db385-9459-645b-1f52-fd3faf3c0fdd" testName="StartTimeTest" computerName="BUILD01" duration="00:00:07.3127808" startTime="2010-12-23T11:22:34.3218479-05:00" endTime="2010-12-23T11:22:41.6346287-05:00" testType="13cdc9d9-ddb5-4fa4-a97d-d965ccfc6d4b" outcome="Aborted" testListId="8c84fa94-04c1-424b-9868-57a2d4851a1d" relativeResultsDirectory="054999b6-aa09-486d-9ba3-ec5b0d05465b">
    </UnitTestResult>
    <UnitTestResult executionId="773102b5-03e2-4c95-941d-3ba9154eac8b" testId="6fb00564-d971-eea9-196b-ed07e719c059" testName="SubTimelineIndirectTest" computerName="BUILD01" duration="00:00:07.3059446" startTime="2010-12-23T11:22:34.3286841-05:00" endTime="2010-12-23T11:22:41.6346287-05:00" testType="13cdc9d9-ddb5-4fa4-a97d-d965ccfc6d4b" outcome="Aborted" testListId="8c84fa94-04c1-424b-9868-57a2d4851a1d" relativeResultsDirectory="773102b5-03e2-4c95-941d-3ba9154eac8b">
    </UnitTestResult>
    <UnitTestResult executionId="a2df6d3b-0c90-4e21-8dfb-25b899fd16a6" testId="603217da-9ae4-46b3-2e65-7d237f378c4b" testName="SubTimelineSegmentTest" computerName="BUILD01" duration="00:00:07.3000850" startTime="2010-12-23T11:22:34.3345437-05:00" endTime="2010-12-23T11:22:41.6346287-05:00" testType="13cdc9d9-ddb5-4fa4-a97d-d965ccfc6d4b" outcome="Aborted" testListId="8c84fa94-04c1-424b-9868-57a2d4851a1d" relativeResultsDirectory="a2df6d3b-0c90-4e21-8dfb-25b899fd16a6">
    </UnitTestResult>
    <UnitTestResult executionId="9f4384ac-60d9-4511-bcad-cd69f466c9ca" testId="dd1d8af6-1d0e-9060-1d16-1a25d75d42b1" testName="TimeIndexCeilingSegmentTest" computerName="BUILD01" duration="00:00:07.2942254" startTime="2010-12-23T11:22:34.3404033-05:00" endTime="2010-12-23T11:22:41.6346287-05:00" testType="13cdc9d9-ddb5-4fa4-a97d-d965ccfc6d4b" outcome="Aborted" testListId="8c84fa94-04c1-424b-9868-57a2d4851a1d" relativeResultsDirectory="9f4384ac-60d9-4511-bcad-cd69f466c9ca">
    </UnitTestResult>
    <UnitTestResult executionId="1d12128c-c59a-4630-af49-cec749eee2db" testId="bdbcd836-49d4-53e1-4d0c-c32a5e720e98" testName="TimeIndexCeilingTest" computerName="BUILD01" duration="00:00:07.2883658" startTime="2010-12-23T11:22:34.3462629-05:00" endTime="2010-12-23T11:22:41.6346287-05:00" testType="13cdc9d9-ddb5-4fa4-a97d-d965ccfc6d4b" outcome="Aborted" testListId="8c84fa94-04c1-424b-9868-57a2d4851a1d" relativeResultsDirectory="1d12128c-c59a-4630-af49-cec749eee2db">
    </UnitTestResult>
    <UnitTestResult executionId="d02e7a3f-112c-4481-9ee4-733eb82059b2" testId="b254b509-6f8d-f371-8e72-d694661b16e5" testName="TimeIndexFloorSegmentTest" computerName="BUILD01" duration="00:00:07.2825062" startTime="2010-12-23T11:22:34.3521225-05:00" endTime="2010-12-23T11:22:41.6346287-05:00" testType="13cdc9d9-ddb5-4fa4-a97d-d965ccfc6d4b" outcome="Aborted" testListId="8c84fa94-04c1-424b-9868-57a2d4851a1d" relativeResultsDirectory="d02e7a3f-112c-4481-9ee4-733eb82059b2">
    </UnitTestResult>
    <UnitTestResult executionId="09262610-bacb-4911-9847-fa9196f6713b" testId="05ebe8d6-bb37-3144-43b8-0fa61792df70" testName="TimeIndexFloorTest" computerName="BUILD01" duration="00:00:07.2776232" startTime="2010-12-23T11:22:34.3570055-05:00" endTime="2010-12-23T11:22:41.6346287-05:00" testType="13cdc9d9-ddb5-4fa4-a97d-d965ccfc6d4b" outcome="Aborted" testListId="8c84fa94-04c1-424b-9868-57a2d4851a1d" relativeResultsDirectory="09262610-bacb-4911-9847-fa9196f6713b">
    </UnitTestResult>
    <UnitTestResult executionId="683d8420-d94b-42a4-9f55-1421bd63608f" testId="6c2c0fa4-44f6-eba7-22a9-19b7bd4deb94" testName="TimePointsSameTest" computerName="BUILD01" duration="00:00:07.2727402" startTime="2010-12-23T11:22:34.3628651-05:00" endTime="2010-12-23T11:22:41.6356053-05:00" testType="13cdc9d9-ddb5-4fa4-a97d-d965ccfc6d4b" outcome="Aborted" testListId="8c84fa94-04c1-424b-9868-57a2d4851a1d" relativeResultsDirectory="683d8420-d94b-42a4-9f55-1421bd63608f">
    </UnitTestResult>
    <UnitTestResult executionId="8df1d4fc-da28-436f-99a8-8675a731e250" testId="da1727c1-7b6f-1dd9-f8f0-cfd94acb9f2d" testName="TimePointsTest" computerName="BUILD01" duration="00:00:07.2668806" startTime="2010-12-23T11:22:34.3687247-05:00" endTime="2010-12-23T11:22:41.6356053-05:00" testType="13cdc9d9-ddb5-4fa4-a97d-d965ccfc6d4b" outcome="Aborted" testListId="8c84fa94-04c1-424b-9868-57a2d4851a1d" relativeResultsDirectory="8df1d4fc-da28-436f-99a8-8675a731e250">
    </UnitTestResult>
    <UnitTestResult executionId="1dabf076-4381-4726-a175-0c7a19520833" testId="c3c91fcc-fc4d-6aa3-c7a5-75b1703abaf5" testName="SaveLoadTest" computerName="BUILD01" duration="00:00:07.0891394" startTime="2010-12-23T11:22:34.5464659-05:00" endTime="2010-12-23T11:22:41.6356053-05:00" testType="13cdc9d9-ddb5-4fa4-a97d-d965ccfc6d4b" outcome="Aborted" testListId="8c84fa94-04c1-424b-9868-57a2d4851a1d" relativeResultsDirectory="1dabf076-4381-4726-a175-0c7a19520833">
    </UnitTestResult>
    <UnitTestResult executionId="5920f352-a6a1-43d4-8e96-27862e6d03ae" testId="535a9524-e413-7138-4f8a-1efef2b275d9" testName="ExpOfTimeTest" computerName="BUILD01" duration="00:00:07.0813266" startTime="2010-12-23T11:22:34.5542787-05:00" endTime="2010-12-23T11:22:41.6356053-05:00" testType="13cdc9d9-ddb5-4fa4-a97d-d965ccfc6d4b" outcome="Aborted" testListId="8c84fa94-04c1-424b-9868-57a2d4851a1d" relativeResultsDirectory="5920f352-a6a1-43d4-8e96-27862e6d03ae">
    </UnitTestResult>
    <UnitTestResult executionId="1167ce39-c37b-4633-98d6-52bc1632419a" testId="cd734030-50f4-8516-8552-ebce9f7a5c1b" testName="CountTest" computerName="BUILD01" duration="00:00:07.0754670" startTime="2010-12-23T11:22:34.5601383-05:00" endTime="2010-12-23T11:22:41.6356053-05:00" testType="13cdc9d9-ddb5-4fa4-a97d-d965ccfc6d4b" outcome="Aborted" testListId="8c84fa94-04c1-424b-9868-57a2d4851a1d" relativeResultsDirectory="1167ce39-c37b-4633-98d6-52bc1632419a">
    </UnitTestResult>
    <UnitTestResult executionId="7d2c9c3b-511e-4995-8d2f-8a439a9ebf8f" testId="fcc9ffda-476f-90a9-3803-ac3d760c7dc9" testName="EndTimeTest" computerName="BUILD01" duration="00:00:07.0696074" startTime="2010-12-23T11:22:34.5659979-05:00" endTime="2010-12-23T11:22:41.6356053-05:00" testType="13cdc9d9-ddb5-4fa4-a97d-d965ccfc6d4b" outcome="Aborted" testListId="8c84fa94-04c1-424b-9868-57a2d4851a1d" relativeResultsDirectory="7d2c9c3b-511e-4995-8d2f-8a439a9ebf8f">
    </UnitTestResult>
    <UnitTestResult executionId="2325bf87-36a0-4684-b1a4-8e151d7dd328" testId="970b4f6f-940f-9aef-11d7-f3f4a810e93c" testName="EnumeratorTest" computerName="BUILD01" duration="00:00:07.0637478" startTime="2010-12-23T11:22:34.5718575-05:00" endTime="2010-12-23T11:22:41.6356053-05:00" testType="13cdc9d9-ddb5-4fa4-a97d-d965ccfc6d4b" outcome="Aborted" testListId="8c84fa94-04c1-424b-9868-57a2d4851a1d" relativeResultsDirectory="2325bf87-36a0-4684-b1a4-8e151d7dd328">
    </UnitTestResult>
    <UnitTestResult executionId="04b3e96f-d9a3-4cf2-b67e-32e45798f0c1" testId="e10463e7-6904-8119-ee80-00fdb202ffb5" testName="IndexerOutOfBoundsTest" computerName="BUILD01" duration="00:00:07.0578882" startTime="2010-12-23T11:22:34.5777171-05:00" endTime="2010-12-23T11:22:41.6356053-05:00" testType="13cdc9d9-ddb5-4fa4-a97d-d965ccfc6d4b" outcome="Aborted" testListId="8c84fa94-04c1-424b-9868-57a2d4851a1d" relativeResultsDirectory="04b3e96f-d9a3-4cf2-b67e-32e45798f0c1">
    </UnitTestResult>
    <UnitTestResult executionId="5675b598-a47e-458f-a45a-bdd541886bc0" testId="045b2c13-82cc-45b7-87d2-e61e15c4e297" testName="IndexerTest" computerName="BUILD01" duration="00:00:07.0520286" startTime="2010-12-23T11:22:34.5835767-05:00" endTime="2010-12-23T11:22:41.6356053-05:00" testType="13cdc9d9-ddb5-4fa4-a97d-d965ccfc6d4b" outcome="Aborted" testListId="8c84fa94-04c1-424b-9868-57a2d4851a1d" relativeResultsDirectory="5675b598-a47e-458f-a45a-bdd541886bc0">
    </UnitTestResult>
    <UnitTestResult executionId="54fc0e6e-44cc-457f-a3dd-8d8366b9e6d3" testId="4a1660a3-6cbe-e1bd-1383-9d7f682b7b1f" testName="IndexOfNonExistingTest" computerName="BUILD01" duration="00:00:07.0461690" startTime="2010-12-23T11:22:34.5894363-05:00" endTime="2010-12-23T11:22:41.6356053-05:00" testType="13cdc9d9-ddb5-4fa4-a97d-d965ccfc6d4b" outcome="Aborted" testListId="8c84fa94-04c1-424b-9868-57a2d4851a1d" relativeResultsDirectory="54fc0e6e-44cc-457f-a3dd-8d8366b9e6d3">
    </UnitTestResult>
    <UnitTestResult executionId="34bc5d66-5e10-4ad9-8677-495a3957a7b5" testId="18502462-e267-f1c8-2f83-f9c4dcdfc4b7" testName="IndexOfTest" computerName="BUILD01" duration="00:00:07.0412860" startTime="2010-12-23T11:22:34.5952959-05:00" endTime="2010-12-23T11:22:41.6365819-05:00" testType="13cdc9d9-ddb5-4fa4-a97d-d965ccfc6d4b" outcome="Aborted" testListId="8c84fa94-04c1-424b-9868-57a2d4851a1d" relativeResultsDirectory="34bc5d66-5e10-4ad9-8677-495a3957a7b5">
    </UnitTestResult>
    <UnitTestResult executionId="2c22b9da-bedc-496a-bd39-a3dd68004b65" testId="fdc4c841-9105-4bd3-f1bb-7356159e0734" testName="StartTimeTest" computerName="BUILD01" duration="00:00:07.0364030" startTime="2010-12-23T11:22:34.6001789-05:00" endTime="2010-12-23T11:22:41.6365819-05:00" testType="13cdc9d9-ddb5-4fa4-a97d-d965ccfc6d4b" outcome="Aborted" testListId="8c84fa94-04c1-424b-9868-57a2d4851a1d" relativeResultsDirectory="2c22b9da-bedc-496a-bd39-a3dd68004b65">
    </UnitTestResult>
    <UnitTestResult executionId="7975ef89-e5eb-490c-a0e5-a82dee2d7ea9" testId="00bed1b5-2eaf-38eb-d49e-cc443c8322ba" testName="SubTimelineIndirectTest" computerName="BUILD01" duration="00:00:07.0305434" startTime="2010-12-23T11:22:34.6060385-05:00" endTime="2010-12-23T11:22:41.6365819-05:00" testType="13cdc9d9-ddb5-4fa4-a97d-d965ccfc6d4b" outcome="Aborted" testListId="8c84fa94-04c1-424b-9868-57a2d4851a1d" relativeResultsDirectory="7975ef89-e5eb-490c-a0e5-a82dee2d7ea9">
    </UnitTestResult>
    <UnitTestResult executionId="d1ed54e1-40f1-42a1-9773-5eafad7741d4" testId="cc910b7b-0f6e-5944-29a0-54562e73fc95" testName="SubTimelineSegmentTest" computerName="BUILD01" duration="00:00:07.0246838" startTime="2010-12-23T11:22:34.6118981-05:00" endTime="2010-12-23T11:22:41.6365819-05:00" testType="13cdc9d9-ddb5-4fa4-a97d-d965ccfc6d4b" outcome="Aborted" testListId="8c84fa94-04c1-424b-9868-57a2d4851a1d" relativeResultsDirectory="d1ed54e1-40f1-42a1-9773-5eafad7741d4">
    </UnitTestResult>
    <UnitTestResult executionId="551d2803-8732-43a4-aa69-c14f5a1dfc08" testId="0cba7db3-476c-3781-b065-76e32b4a69ec" testName="TimeIndexCeilingSegmentTest" computerName="BUILD01" duration="00:00:07.0198008" startTime="2010-12-23T11:22:34.6167811-05:00" endTime="2010-12-23T11:22:41.6365819-05:00" testType="13cdc9d9-ddb5-4fa4-a97d-d965ccfc6d4b" outcome="Aborted" testListId="8c84fa94-04c1-424b-9868-57a2d4851a1d" relativeResultsDirectory="551d2803-8732-43a4-aa69-c14f5a1dfc08">
    </UnitTestResult>
    <UnitTestResult executionId="b7706af7-b67a-4ab8-9ac2-8e28e8149d34" testId="10048a36-0a34-26de-fb94-9cb4a072c3f3" testName="TimeIndexCeilingTest" computerName="BUILD01" duration="00:00:07.0139412" startTime="2010-12-23T11:22:34.6226407-05:00" endTime="2010-12-23T11:22:41.6365819-05:00" testType="13cdc9d9-ddb5-4fa4-a97d-d965ccfc6d4b" outcome="Aborted" testListId="8c84fa94-04c1-424b-9868-57a2d4851a1d" relativeResultsDirectory="b7706af7-b67a-4ab8-9ac2-8e28e8149d34">
    </UnitTestResult>
    <UnitTestResult executionId="d0f7e37e-21c3-4cc2-910e-d3065fb8149d" testId="f6e2d25d-e641-f5c5-4d6d-4ee2485a6bd0" testName="TimeIndexFloorSegmentTest" computerName="BUILD01" duration="00:00:07.0080816" startTime="2010-12-23T11:22:34.6285003-05:00" endTime="2010-12-23T11:22:41.6365819-05:00" testType="13cdc9d9-ddb5-4fa4-a97d-d965ccfc6d4b" outcome="Aborted" testListId="8c84fa94-04c1-424b-9868-57a2d4851a1d" relativeResultsDirectory="d0f7e37e-21c3-4cc2-910e-d3065fb8149d">
    </UnitTestResult>
    <UnitTestResult executionId="c97cb823-a418-4983-93ff-6534cfb4f96a" testId="e314c946-3193-c56f-69a9-8d00cd69595b" testName="TimeIndexFloorTest" computerName="BUILD01" duration="00:00:07.0022220" startTime="2010-12-23T11:22:34.6343599-05:00" endTime="2010-12-23T11:22:41.6365819-05:00" testType="13cdc9d9-ddb5-4fa4-a97d-d965ccfc6d4b" outcome="Aborted" testListId="8c84fa94-04c1-424b-9868-57a2d4851a1d" relativeResultsDirectory="c97cb823-a418-4983-93ff-6534cfb4f96a">
    </UnitTestResult>
    <UnitTestResult executionId="07641981-1fc6-4920-9542-1ba5599ac706" testId="9a72c019-fd35-7789-32ea-82b6becbb17e" testName="TimePointsTest" computerName="BUILD01" duration="00:00:06.9963624" startTime="2010-12-23T11:22:34.6402195-05:00" endTime="2010-12-23T11:22:41.6365819-05:00" testType="13cdc9d9-ddb5-4fa4-a97d-d965ccfc6d4b" outcome="Aborted" testListId="8c84fa94-04c1-424b-9868-57a2d4851a1d" relativeResultsDirectory="07641981-1fc6-4920-9542-1ba5599ac706">
    </UnitTestResult>
    <UnitTestResult executionId="d133b702-7ba6-4d64-9eed-d61338fa5807" testId="b9925dde-338d-e154-1438-4822eab83079" testName="CountTest" computerName="BUILD01" duration="00:00:06.9905028" startTime="2010-12-23T11:22:34.6460791-05:00" endTime="2010-12-23T11:22:41.6365819-05:00" testType="13cdc9d9-ddb5-4fa4-a97d-d965ccfc6d4b" outcome="Aborted" testListId="8c84fa94-04c1-424b-9868-57a2d4851a1d" relativeResultsDirectory="d133b702-7ba6-4d64-9eed-d61338fa5807">
    </UnitTestResult>
    <UnitTestResult executionId="f855fa8b-c519-4c31-891f-6d3b11b28dfd" testId="04c1af93-2bbb-9ea6-e6fa-ef8133f2dbbb" testName="EndTimeTest" computerName="BUILD01" duration="00:00:06.9856198" startTime="2010-12-23T11:22:34.6519387-05:00" endTime="2010-12-23T11:22:41.6375585-05:00" testType="13cdc9d9-ddb5-4fa4-a97d-d965ccfc6d4b" outcome="Aborted" testListId="8c84fa94-04c1-424b-9868-57a2d4851a1d" relativeResultsDirectory="f855fa8b-c519-4c31-891f-6d3b11b28dfd">
    </UnitTestResult>
    <UnitTestResult executionId="e7393471-df0e-4a96-91fe-32b4a988917d" testId="445d349b-8e54-6329-e78f-cea8c5ab074f" testName="EnumeratorTest" computerName="BUILD01" duration="00:00:06.9797602" startTime="2010-12-23T11:22:34.6577983-05:00" endTime="2010-12-23T11:22:41.6375585-05:00" testType="13cdc9d9-ddb5-4fa4-a97d-d965ccfc6d4b" outcome="Aborted" testListId="8c84fa94-04c1-424b-9868-57a2d4851a1d" relativeResultsDirectory="e7393471-df0e-4a96-91fe-32b4a988917d">
    </UnitTestResult>
    <UnitTestResult executionId="244b648e-d244-4da5-9196-dc632a2ce06e" testId="711bf985-4eae-1669-b2db-02e0350971fa" testName="IndexerOutOfBoundsTest" computerName="BUILD01" duration="00:00:06.9739006" startTime="2010-12-23T11:22:34.6636579-05:00" endTime="2010-12-23T11:22:41.6375585-05:00" testType="13cdc9d9-ddb5-4fa4-a97d-d965ccfc6d4b" outcome="Aborted" testListId="8c84fa94-04c1-424b-9868-57a2d4851a1d" relativeResultsDirectory="244b648e-d244-4da5-9196-dc632a2ce06e">
    </UnitTestResult>
    <UnitTestResult executionId="e0fa2619-4580-4305-9db5-d47274b53ee7" testId="7c7fff48-8f36-6e8d-1368-dcbf14c9d246" testName="IndexerTest" computerName="BUILD01" duration="00:00:06.9690176" startTime="2010-12-23T11:22:34.6685409-05:00" endTime="2010-12-23T11:22:41.6375585-05:00" testType="13cdc9d9-ddb5-4fa4-a97d-d965ccfc6d4b" outcome="Aborted" testListId="8c84fa94-04c1-424b-9868-57a2d4851a1d" relativeResultsDirectory="e0fa2619-4580-4305-9db5-d47274b53ee7">
    </UnitTestResult>
    <UnitTestResult executionId="445d0be7-53ff-4a96-9d28-b230e892590e" testId="b58d9ed4-8b03-3c4e-8714-15edb47d4b61" testName="IndexOfNonExistingTest" computerName="BUILD01" duration="00:00:06.9641346" startTime="2010-12-23T11:22:34.6734239-05:00" endTime="2010-12-23T11:22:41.6375585-05:00" testType="13cdc9d9-ddb5-4fa4-a97d-d965ccfc6d4b" outcome="Aborted" testListId="8c84fa94-04c1-424b-9868-57a2d4851a1d" relativeResultsDirectory="445d0be7-53ff-4a96-9d28-b230e892590e">
    </UnitTestResult>
    <UnitTestResult executionId="a29ee784-227b-4a33-a2ca-a868be65a303" testId="310cf6c9-b053-70d3-bdcf-5e6de9360ddf" testName="IndexOfTest" computerName="BUILD01" duration="00:00:06.9582750" startTime="2010-12-23T11:22:34.6792835-05:00" endTime="2010-12-23T11:22:41.6375585-05:00" testType="13cdc9d9-ddb5-4fa4-a97d-d965ccfc6d4b" outcome="Aborted" testListId="8c84fa94-04c1-424b-9868-57a2d4851a1d" relativeResultsDirectory="a29ee784-227b-4a33-a2ca-a868be65a303">
    </UnitTestResult>
    <UnitTestResult executionId="e3765958-6d35-4901-b1f2-31c0e349c7fe" testId="973034ca-451b-f79e-3938-5a5e9c933b32" testName="StartTimeTest" computerName="BUILD01" duration="00:00:06.9524154" startTime="2010-12-23T11:22:34.6851431-05:00" endTime="2010-12-23T11:22:41.6375585-05:00" testType="13cdc9d9-ddb5-4fa4-a97d-d965ccfc6d4b" outcome="Aborted" testListId="8c84fa94-04c1-424b-9868-57a2d4851a1d" relativeResultsDirectory="e3765958-6d35-4901-b1f2-31c0e349c7fe">
    </UnitTestResult>
    <UnitTestResult executionId="087d1fc0-52a7-4980-a748-25544e860760" testId="59447ed2-adc5-c85e-cffa-fe022259911a" testName="SubTimelineIndirectTest" computerName="BUILD01" duration="00:00:06.9475324" startTime="2010-12-23T11:22:34.6900261-05:00" endTime="2010-12-23T11:22:41.6375585-05:00" testType="13cdc9d9-ddb5-4fa4-a97d-d965ccfc6d4b" outcome="Aborted" testListId="8c84fa94-04c1-424b-9868-57a2d4851a1d" relativeResultsDirectory="087d1fc0-52a7-4980-a748-25544e860760">
    </UnitTestResult>
    <UnitTestResult executionId="3ac780db-cd48-4244-ba91-532f348e996f" testId="f9f95820-9e1b-4eb0-6d8e-a1997418b7c8" testName="SubTimelineSegmentTest" computerName="BUILD01" duration="00:00:06.9406962" startTime="2010-12-23T11:22:34.6968623-05:00" endTime="2010-12-23T11:22:41.6375585-05:00" testType="13cdc9d9-ddb5-4fa4-a97d-d965ccfc6d4b" outcome="Aborted" testListId="8c84fa94-04c1-424b-9868-57a2d4851a1d" relativeResultsDirectory="3ac780db-cd48-4244-ba91-532f348e996f">
    </UnitTestResult>
    <UnitTestResult executionId="ddfa1937-9f68-47e1-9726-0ad8d49fbc72" testId="df21b48d-acf7-666e-d518-d863105e73cf" testName="TimeIndexCeilingSegmentTest" computerName="BUILD01" duration="00:00:06.9358132" startTime="2010-12-23T11:22:34.7017453-05:00" endTime="2010-12-23T11:22:41.6375585-05:00" testType="13cdc9d9-ddb5-4fa4-a97d-d965ccfc6d4b" outcome="Aborted" testListId="8c84fa94-04c1-424b-9868-57a2d4851a1d" relativeResultsDirectory="ddfa1937-9f68-47e1-9726-0ad8d49fbc72">
    </UnitTestResult>
    <UnitTestResult executionId="db2f406d-1ce7-4c55-9dc7-efca2c9a6f48" testId="e6cc9f22-dfb1-0a92-d687-11628f5e25d6" testName="TimeIndexCeilingTest" computerName="BUILD01" duration="00:00:06.9309302" startTime="2010-12-23T11:22:34.7076049-05:00" endTime="2010-12-23T11:22:41.6385351-05:00" testType="13cdc9d9-ddb5-4fa4-a97d-d965ccfc6d4b" outcome="Aborted" testListId="8c84fa94-04c1-424b-9868-57a2d4851a1d" relativeResultsDirectory="db2f406d-1ce7-4c55-9dc7-efca2c9a6f48">
    </UnitTestResult>
    <UnitTestResult executionId="bcd8b6e8-e2a7-4a9d-b3b5-a3bc18897995" testId="aedeaefe-f5b0-15ea-fd3c-8f82609fb9e3" testName="TimeIndexFloorSegmentTest" computerName="BUILD01" duration="00:00:06.9260472" startTime="2010-12-23T11:22:34.7124879-05:00" endTime="2010-12-23T11:22:41.6385351-05:00" testType="13cdc9d9-ddb5-4fa4-a97d-d965ccfc6d4b" outcome="Aborted" testListId="8c84fa94-04c1-424b-9868-57a2d4851a1d" relativeResultsDirectory="bcd8b6e8-e2a7-4a9d-b3b5-a3bc18897995">
    </UnitTestResult>
    <UnitTestResult executionId="424619bc-0f14-45e1-b94f-f84f0750561f" testId="4fcfdd26-adda-3cb9-3e51-6121ae49e751" testName="TimeIndexFloorTest" computerName="BUILD01" duration="00:00:06.9201876" startTime="2010-12-23T11:22:34.7183475-05:00" endTime="2010-12-23T11:22:41.6385351-05:00" testType="13cdc9d9-ddb5-4fa4-a97d-d965ccfc6d4b" outcome="Aborted" testListId="8c84fa94-04c1-424b-9868-57a2d4851a1d" relativeResultsDirectory="424619bc-0f14-45e1-b94f-f84f0750561f">
    </UnitTestResult>
    <UnitTestResult executionId="6f9772b5-aaeb-4957-ae50-bc76acd5bb65" testId="d2882b8e-bf3e-89e0-0b5d-56e4f3b8835c" testName="TimePointsTest" computerName="BUILD01" duration="00:00:06.9153046" startTime="2010-12-23T11:22:34.7232305-05:00" endTime="2010-12-23T11:22:41.6385351-05:00" testType="13cdc9d9-ddb5-4fa4-a97d-d965ccfc6d4b" outcome="Aborted" testListId="8c84fa94-04c1-424b-9868-57a2d4851a1d" relativeResultsDirectory="6f9772b5-aaeb-4957-ae50-bc76acd5bb65">
    </UnitTestResult>
    <UnitTestResult executionId="efe4b003-ebc5-4d23-971e-a52b2b8e2ef3" testId="9d2154a1-c557-d5fb-02e1-01d28b31b3ed" testName="CountTest" computerName="BUILD01" duration="00:00:06.9104216" startTime="2010-12-23T11:22:34.7281135-05:00" endTime="2010-12-23T11:22:41.6385351-05:00" testType="13cdc9d9-ddb5-4fa4-a97d-d965ccfc6d4b" outcome="Aborted" testListId="8c84fa94-04c1-424b-9868-57a2d4851a1d" relativeResultsDirectory="efe4b003-ebc5-4d23-971e-a52b2b8e2ef3">
    </UnitTestResult>
    <UnitTestResult executionId="10094bf2-cb4f-4be8-a268-a971c11f7dc1" testId="4b05b2c7-60d8-91f3-c89c-f2d8b797dd87" testName="EndTimeTest" computerName="BUILD01" duration="00:00:06.9055386" startTime="2010-12-23T11:22:34.7329965-05:00" endTime="2010-12-23T11:22:41.6385351-05:00" testType="13cdc9d9-ddb5-4fa4-a97d-d965ccfc6d4b" outcome="Aborted" testListId="8c84fa94-04c1-424b-9868-57a2d4851a1d" relativeResultsDirectory="10094bf2-cb4f-4be8-a268-a971c11f7dc1">
    </UnitTestResult>
    <UnitTestResult executionId="14a5ed7e-8a9d-4ec5-8371-e565607421dd" testId="c74251e2-4647-5457-2358-1276a3049004" testName="EnumeratorTest" computerName="BUILD01" duration="00:00:06.8996790" startTime="2010-12-23T11:22:34.7388561-05:00" endTime="2010-12-23T11:22:41.6385351-05:00" testType="13cdc9d9-ddb5-4fa4-a97d-d965ccfc6d4b" outcome="Aborted" testListId="8c84fa94-04c1-424b-9868-57a2d4851a1d" relativeResultsDirectory="14a5ed7e-8a9d-4ec5-8371-e565607421dd">
    </UnitTestResult>
    <UnitTestResult executionId="f3c01a49-5f15-4c5c-8bf1-a5e12cda03dc" testId="f76fc9ea-e051-e701-f983-c27876dc54b2" testName="IndexerOutOfBoundsTest" computerName="BUILD01" duration="00:00:06.8938194" startTime="2010-12-23T11:22:34.7447157-05:00" endTime="2010-12-23T11:22:41.6385351-05:00" testType="13cdc9d9-ddb5-4fa4-a97d-d965ccfc6d4b" outcome="Aborted" testListId="8c84fa94-04c1-424b-9868-57a2d4851a1d" relativeResultsDirectory="f3c01a49-5f15-4c5c-8bf1-a5e12cda03dc">
    </UnitTestResult>
    <UnitTestResult executionId="468b6c86-6226-476a-9b92-2aa0667b5c91" testId="a793c660-1be8-b5f0-1d09-08b09d4be1e0" testName="IndexerTest" computerName="BUILD01" duration="00:00:06.8889364" startTime="2010-12-23T11:22:34.7495987-05:00" endTime="2010-12-23T11:22:41.6385351-05:00" testType="13cdc9d9-ddb5-4fa4-a97d-d965ccfc6d4b" outcome="Aborted" testListId="8c84fa94-04c1-424b-9868-57a2d4851a1d" relativeResultsDirectory="468b6c86-6226-476a-9b92-2aa0667b5c91">
    </UnitTestResult>
    <UnitTestResult executionId="28894cc9-49ab-4a0d-8f4e-f9bcd00d1066" testId="5dbcfe7a-9b23-a861-56f1-74f7fa4f1f44" testName="IndexOfNonExistingTest" computerName="BUILD01" duration="00:00:06.8840534" startTime="2010-12-23T11:22:34.7544817-05:00" endTime="2010-12-23T11:22:41.6385351-05:00" testType="13cdc9d9-ddb5-4fa4-a97d-d965ccfc6d4b" outcome="Aborted" testListId="8c84fa94-04c1-424b-9868-57a2d4851a1d" relativeResultsDirectory="28894cc9-49ab-4a0d-8f4e-f9bcd00d1066">
    </UnitTestResult>
    <UnitTestResult executionId="e0ecb606-799e-4eae-b333-d8b53f460893" testId="4345d5b5-d50f-2d4f-45de-b55e659f574a" testName="IndexOfTest" computerName="BUILD01" duration="00:00:06.8791704" startTime="2010-12-23T11:22:34.7603413-05:00" endTime="2010-12-23T11:22:41.6395117-05:00" testType="13cdc9d9-ddb5-4fa4-a97d-d965ccfc6d4b" outcome="Aborted" testListId="8c84fa94-04c1-424b-9868-57a2d4851a1d" relativeResultsDirectory="e0ecb606-799e-4eae-b333-d8b53f460893">
    </UnitTestResult>
    <UnitTestResult executionId="bb4ecf38-202e-42a2-aa3f-8f27600e0499" testId="9041604c-843e-e73d-d74a-00e0ccac3dc4" testName="StartTimeTest" computerName="BUILD01" duration="00:00:06.8742874" startTime="2010-12-23T11:22:34.7652243-05:00" endTime="2010-12-23T11:22:41.6395117-05:00" testType="13cdc9d9-ddb5-4fa4-a97d-d965ccfc6d4b" outcome="Aborted" testListId="8c84fa94-04c1-424b-9868-57a2d4851a1d" relativeResultsDirectory="bb4ecf38-202e-42a2-aa3f-8f27600e0499">
    </UnitTestResult>
    <UnitTestResult executionId="24d2aa24-9de6-45f4-8112-3ff26f413128" testId="f30becff-9457-cb9d-7de5-4c70b3dca13a" testName="SubTimelineIndirectTest" computerName="BUILD01" duration="00:00:06.8684278" startTime="2010-12-23T11:22:34.7710839-05:00" endTime="2010-12-23T11:22:41.6395117-05:00" testType="13cdc9d9-ddb5-4fa4-a97d-d965ccfc6d4b" outcome="Aborted" testListId="8c84fa94-04c1-424b-9868-57a2d4851a1d" relativeResultsDirectory="24d2aa24-9de6-45f4-8112-3ff26f413128">
    </UnitTestResult>
    <UnitTestResult executionId="92075e1a-e39c-4f1e-8d5d-63194034cd24" testId="91864df6-8b1e-5867-e926-730d85c90af2" testName="SubTimelineSegmentTest" computerName="BUILD01" duration="00:00:06.8625682" startTime="2010-12-23T11:22:34.7769435-05:00" endTime="2010-12-23T11:22:41.6395117-05:00" testType="13cdc9d9-ddb5-4fa4-a97d-d965ccfc6d4b" outcome="Aborted" testListId="8c84fa94-04c1-424b-9868-57a2d4851a1d" relativeResultsDirectory="92075e1a-e39c-4f1e-8d5d-63194034cd24">
    </UnitTestResult>
    <UnitTestResult executionId="7ddde09d-e80a-44c2-b85e-cb5a44d2dba1" testId="34f1cee4-b75e-641e-f178-be3cfd8e035b" testName="TimeIndexCeilingSegmentTest" computerName="BUILD01" duration="00:00:06.8567086" startTime="2010-12-23T11:22:34.7828031-05:00" endTime="2010-12-23T11:22:41.6395117-05:00" testType="13cdc9d9-ddb5-4fa4-a97d-d965ccfc6d4b" outcome="Aborted" testListId="8c84fa94-04c1-424b-9868-57a2d4851a1d" relativeResultsDirectory="7ddde09d-e80a-44c2-b85e-cb5a44d2dba1">
    </UnitTestResult>
    <UnitTestResult executionId="9da33398-a9a9-478c-8c99-eef824d54bff" testId="078c761c-d79f-74b4-3e42-8d318f0103c6" testName="TimeIndexCeilingTest" computerName="BUILD01" duration="00:00:06.8518256" startTime="2010-12-23T11:22:34.7876861-05:00" endTime="2010-12-23T11:22:41.6395117-05:00" testType="13cdc9d9-ddb5-4fa4-a97d-d965ccfc6d4b" outcome="Aborted" testListId="8c84fa94-04c1-424b-9868-57a2d4851a1d" relativeResultsDirectory="9da33398-a9a9-478c-8c99-eef824d54bff">
    </UnitTestResult>
    <UnitTestResult executionId="364d713b-6d9a-4cdf-ae1d-eb86f1130bcb" testId="827c256d-915a-9c63-f36e-a9e10c0f6373" testName="TimeIndexFloorSegmentTest" computerName="BUILD01" duration="00:00:06.8459660" startTime="2010-12-23T11:22:34.7935457-05:00" endTime="2010-12-23T11:22:41.6395117-05:00" testType="13cdc9d9-ddb5-4fa4-a97d-d965ccfc6d4b" outcome="Aborted" testListId="8c84fa94-04c1-424b-9868-57a2d4851a1d" relativeResultsDirectory="364d713b-6d9a-4cdf-ae1d-eb86f1130bcb">
    </UnitTestResult>
    <UnitTestResult executionId="4adbba4b-dc5b-4cba-9337-6f317df4f478" testId="e5a2811a-c5e6-0367-38f1-ed2cadc97930" testName="TimeIndexFloorTest" computerName="BUILD01" duration="00:00:06.8381532" startTime="2010-12-23T11:22:34.8013585-05:00" endTime="2010-12-23T11:22:41.6395117-05:00" testType="13cdc9d9-ddb5-4fa4-a97d-d965ccfc6d4b" outcome="Aborted" testListId="8c84fa94-04c1-424b-9868-57a2d4851a1d" relativeResultsDirectory="4adbba4b-dc5b-4cba-9337-6f317df4f478">
    </UnitTestResult>
    <UnitTestResult executionId="fb8ec633-d8ab-42e4-bf9c-2149275cdfbb" testId="8c5530f6-8d20-d59d-aa87-3bf4951304c9" testName="TimePointsTest" computerName="BUILD01" duration="00:00:06.8322936" startTime="2010-12-23T11:22:34.8072181-05:00" endTime="2010-12-23T11:22:41.6395117-05:00" testType="13cdc9d9-ddb5-4fa4-a97d-d965ccfc6d4b" outcome="Aborted" testListId="8c84fa94-04c1-424b-9868-57a2d4851a1d" relativeResultsDirectory="fb8ec633-d8ab-42e4-bf9c-2149275cdfbb">
    </UnitTestResult>
    <UnitTestResult executionId="9be16066-ac9f-41fa-b24c-cd49697dbbec" testId="d684ef4e-74cf-d409-e511-604a37dd4f55" testName="CountTest" computerName="BUILD01" duration="00:00:06.8283872" startTime="2010-12-23T11:22:34.8121011-05:00" endTime="2010-12-23T11:22:41.6404883-05:00" testType="13cdc9d9-ddb5-4fa4-a97d-d965ccfc6d4b" outcome="Aborted" testListId="8c84fa94-04c1-424b-9868-57a2d4851a1d" relativeResultsDirectory="9be16066-ac9f-41fa-b24c-cd49697dbbec">
    </UnitTestResult>
    <UnitTestResult executionId="dcc286df-6c8c-426a-aa1a-6ed3a13b2964" testId="a447b6a4-1bb2-f0e6-b71b-26c9e7a7b04e" testName="EndTimeTest" computerName="BUILD01" duration="00:00:06.8225276" startTime="2010-12-23T11:22:34.8179607-05:00" endTime="2010-12-23T11:22:41.6404883-05:00" testType="13cdc9d9-ddb5-4fa4-a97d-d965ccfc6d4b" outcome="Aborted" testListId="8c84fa94-04c1-424b-9868-57a2d4851a1d" relativeResultsDirectory="dcc286df-6c8c-426a-aa1a-6ed3a13b2964">
    </UnitTestResult>
    <UnitTestResult executionId="347826ce-782f-4859-9611-278f28d4e779" testId="5d2bec42-a412-b98d-2264-dbc44879f9a4" testName="EnumeratorTest" computerName="BUILD01" duration="00:00:06.8147148" startTime="2010-12-23T11:22:34.8257735-05:00" endTime="2010-12-23T11:22:41.6404883-05:00" testType="13cdc9d9-ddb5-4fa4-a97d-d965ccfc6d4b" outcome="Aborted" testListId="8c84fa94-04c1-424b-9868-57a2d4851a1d" relativeResultsDirectory="347826ce-782f-4859-9611-278f28d4e779">
    </UnitTestResult>
    <UnitTestResult executionId="92941668-fa6d-4f39-9f6b-ae01b76e3851" testId="d699beba-6ef6-8ad1-9ac4-bf090f83c81c" testName="IndexerOutOfBoundsTest" computerName="BUILD01" duration="00:00:06.8088552" startTime="2010-12-23T11:22:34.8316331-05:00" endTime="2010-12-23T11:22:41.6404883-05:00" testType="13cdc9d9-ddb5-4fa4-a97d-d965ccfc6d4b" outcome="Aborted" testListId="8c84fa94-04c1-424b-9868-57a2d4851a1d" relativeResultsDirectory="92941668-fa6d-4f39-9f6b-ae01b76e3851">
    </UnitTestResult>
    <UnitTestResult executionId="4b7ca361-a0e5-4270-9f64-5e17f751c260" testId="7744969e-d420-b6c7-f549-dbc63a5c68f2" testName="IndexerTest" computerName="BUILD01" duration="00:00:06.8029956" startTime="2010-12-23T11:22:34.8374927-05:00" endTime="2010-12-23T11:22:41.6404883-05:00" testType="13cdc9d9-ddb5-4fa4-a97d-d965ccfc6d4b" outcome="Aborted" testListId="8c84fa94-04c1-424b-9868-57a2d4851a1d" relativeResultsDirectory="4b7ca361-a0e5-4270-9f64-5e17f751c260">
    </UnitTestResult>
    <UnitTestResult executionId="3585f761-e46f-40de-93b3-2cf7cca5aa5d" testId="40298062-388c-6789-b30d-c19ab63c80a9" testName="IndexOfNonExistingTest" computerName="BUILD01" duration="00:00:06.7961594" startTime="2010-12-23T11:22:34.8443289-05:00" endTime="2010-12-23T11:22:41.6404883-05:00" testType="13cdc9d9-ddb5-4fa4-a97d-d965ccfc6d4b" outcome="Aborted" testListId="8c84fa94-04c1-424b-9868-57a2d4851a1d" relativeResultsDirectory="3585f761-e46f-40de-93b3-2cf7cca5aa5d">
    </UnitTestResult>
    <UnitTestResult executionId="080e5b44-b026-4e62-a1c1-94be6ec1403b" testId="b577e205-4f18-cd71-a4a0-c133cfdaabba" testName="IndexOfTest" computerName="BUILD01" duration="00:00:06.7902998" startTime="2010-12-23T11:22:34.8501885-05:00" endTime="2010-12-23T11:22:41.6404883-05:00" testType="13cdc9d9-ddb5-4fa4-a97d-d965ccfc6d4b" outcome="Aborted" testListId="8c84fa94-04c1-424b-9868-57a2d4851a1d" relativeResultsDirectory="080e5b44-b026-4e62-a1c1-94be6ec1403b">
    </UnitTestResult>
    <UnitTestResult executionId="f9b224d1-0c57-469a-a66c-08d24f61a2e8" testId="04e1331b-748e-51c1-db17-c951797b373d" testName="StartTimeTest" computerName="BUILD01" duration="00:00:06.7844402" startTime="2010-12-23T11:22:34.8560481-05:00" endTime="2010-12-23T11:22:41.6404883-05:00" testType="13cdc9d9-ddb5-4fa4-a97d-d965ccfc6d4b" outcome="Aborted" testListId="8c84fa94-04c1-424b-9868-57a2d4851a1d" relativeResultsDirectory="f9b224d1-0c57-469a-a66c-08d24f61a2e8">
    </UnitTestResult>
    <UnitTestResult executionId="2ff2b305-efac-4a49-97a2-c16fbae55a19" testId="27e26e7b-372e-4ece-6a19-561037fefc37" testName="SubTimelineIndirectTest" computerName="BUILD01" duration="00:00:06.7785806" startTime="2010-12-23T11:22:34.8619077-05:00" endTime="2010-12-23T11:22:41.6404883-05:00" testType="13cdc9d9-ddb5-4fa4-a97d-d965ccfc6d4b" outcome="Aborted" testListId="8c84fa94-04c1-424b-9868-57a2d4851a1d" relativeResultsDirectory="2ff2b305-efac-4a49-97a2-c16fbae55a19">
    </UnitTestResult>
    <UnitTestResult executionId="dad8e0a4-d488-48ed-a56e-7ac6b3ea13da" testId="344680b1-7166-0598-0fcb-919ef7145867" testName="SubTimelineSegmentTest" computerName="BUILD01" duration="00:00:06.7727210" startTime="2010-12-23T11:22:34.8677673-05:00" endTime="2010-12-23T11:22:41.6404883-05:00" testType="13cdc9d9-ddb5-4fa4-a97d-d965ccfc6d4b" outcome="Aborted" testListId="8c84fa94-04c1-424b-9868-57a2d4851a1d" relativeResultsDirectory="dad8e0a4-d488-48ed-a56e-7ac6b3ea13da">
    </UnitTestResult>
    <UnitTestResult executionId="d283ae45-94e0-4443-a625-72540cea63cb" testId="c4094262-0798-21c3-8875-a0199e8334db" testName="TimeIndexCeilingSegmentTest" computerName="BUILD01" duration="00:00:06.7668614" startTime="2010-12-23T11:22:34.8746035-05:00" endTime="2010-12-23T11:22:41.6414649-05:00" testType="13cdc9d9-ddb5-4fa4-a97d-d965ccfc6d4b" outcome="Aborted" testListId="8c84fa94-04c1-424b-9868-57a2d4851a1d" relativeResultsDirectory="d283ae45-94e0-4443-a625-72540cea63cb">
    </UnitTestResult>
    <UnitTestResult executionId="cfba3743-700f-46af-931c-c41c6201d636" testId="0a67879a-6ca5-f1b3-2ced-3340f3bfce2a" testName="TimeIndexCeilingTest" computerName="BUILD01" duration="00:00:06.7610018" startTime="2010-12-23T11:22:34.8804631-05:00" endTime="2010-12-23T11:22:41.6414649-05:00" testType="13cdc9d9-ddb5-4fa4-a97d-d965ccfc6d4b" outcome="Aborted" testListId="8c84fa94-04c1-424b-9868-57a2d4851a1d" relativeResultsDirectory="cfba3743-700f-46af-931c-c41c6201d636">
    </UnitTestResult>
    <UnitTestResult executionId="d2bcbec3-4c7c-4f64-ae5f-8465ceb68abd" testId="0595b4e0-76f2-345e-e822-64d940b5cb15" testName="TimeIndexFloorSegmentTest" computerName="BUILD01" duration="00:00:06.7561188" startTime="2010-12-23T11:22:34.8853461-05:00" endTime="2010-12-23T11:22:41.6414649-05:00" testType="13cdc9d9-ddb5-4fa4-a97d-d965ccfc6d4b" outcome="Aborted" testListId="8c84fa94-04c1-424b-9868-57a2d4851a1d" relativeResultsDirectory="d2bcbec3-4c7c-4f64-ae5f-8465ceb68abd">
    </UnitTestResult>
    <UnitTestResult executionId="1a748146-6012-4ad4-8c9e-73f8ba2a2e2f" testId="6c8207de-7a88-d18c-cff3-80475f449247" testName="TimeIndexFloorTest" computerName="BUILD01" duration="00:00:06.7492826" startTime="2010-12-23T11:22:34.8921823-05:00" endTime="2010-12-23T11:22:41.6414649-05:00" testType="13cdc9d9-ddb5-4fa4-a97d-d965ccfc6d4b" outcome="Aborted" testListId="8c84fa94-04c1-424b-9868-57a2d4851a1d" relativeResultsDirectory="1a748146-6012-4ad4-8c9e-73f8ba2a2e2f">
    </UnitTestResult>
    <UnitTestResult executionId="56874551-9f5b-404a-92e0-3cf987736b2f" testId="3c0e615d-e125-5909-8c24-e0fff50b5b1a" testName="TimePointsTest" computerName="BUILD01" duration="00:00:06.7443996" startTime="2010-12-23T11:22:34.8970653-05:00" endTime="2010-12-23T11:22:41.6414649-05:00" testType="13cdc9d9-ddb5-4fa4-a97d-d965ccfc6d4b" outcome="Aborted" testListId="8c84fa94-04c1-424b-9868-57a2d4851a1d" relativeResultsDirectory="56874551-9f5b-404a-92e0-3cf987736b2f">
    </UnitTestResult>
    <UnitTestResult executionId="318de11a-d4dd-4419-8060-b6bfd5d12924" testId="7391e35a-c105-f98c-19c9-74dae8447229" testName="CountTest" computerName="BUILD01" duration="00:00:06.7385400" startTime="2010-12-23T11:22:34.9029249-05:00" endTime="2010-12-23T11:22:41.6414649-05:00" testType="13cdc9d9-ddb5-4fa4-a97d-d965ccfc6d4b" outcome="Aborted" testListId="8c84fa94-04c1-424b-9868-57a2d4851a1d" relativeResultsDirectory="318de11a-d4dd-4419-8060-b6bfd5d12924">
    </UnitTestResult>
    <UnitTestResult executionId="88b01c26-ea00-473c-a245-b407358fe51c" testId="1c04d5b8-a9a2-ba2b-8f74-1b2c18ae8a53" testName="EndTimeTest" computerName="BUILD01" duration="00:00:06.7326804" startTime="2010-12-23T11:22:34.9087845-05:00" endTime="2010-12-23T11:22:41.6414649-05:00" testType="13cdc9d9-ddb5-4fa4-a97d-d965ccfc6d4b" outcome="Aborted" testListId="8c84fa94-04c1-424b-9868-57a2d4851a1d" relativeResultsDirectory="88b01c26-ea00-473c-a245-b407358fe51c">
    </UnitTestResult>
    <UnitTestResult executionId="baf4e071-52bb-4329-9448-098be2d9934f" testId="9441469f-a83f-50a6-dd04-9ca03ae11d9e" testName="EnumeratorTest" computerName="BUILD01" duration="00:00:06.7277974" startTime="2010-12-23T11:22:34.9136675-05:00" endTime="2010-12-23T11:22:41.6414649-05:00" testType="13cdc9d9-ddb5-4fa4-a97d-d965ccfc6d4b" outcome="Aborted" testListId="8c84fa94-04c1-424b-9868-57a2d4851a1d" relativeResultsDirectory="baf4e071-52bb-4329-9448-098be2d9934f">
    </UnitTestResult>
    <UnitTestResult executionId="7b30ad5a-9654-4001-86bb-58fb35d77441" testId="edaa83d8-52c6-0b2b-eba7-180d60a2ac4b" testName="IndexerOutOfBoundsTest" computerName="BUILD01" duration="00:00:06.7229144" startTime="2010-12-23T11:22:34.9195271-05:00" endTime="2010-12-23T11:22:41.6424415-05:00" testType="13cdc9d9-ddb5-4fa4-a97d-d965ccfc6d4b" outcome="Aborted" testListId="8c84fa94-04c1-424b-9868-57a2d4851a1d" relativeResultsDirectory="7b30ad5a-9654-4001-86bb-58fb35d77441">
    </UnitTestResult>
    <UnitTestResult executionId="4927b8e0-16c1-4170-be9f-85da9f25c1da" testId="8b76427f-27a3-6e35-0873-de1da22de56b" testName="IndexerTest" computerName="BUILD01" duration="00:00:06.7170548" startTime="2010-12-23T11:22:34.9253867-05:00" endTime="2010-12-23T11:22:41.6424415-05:00" testType="13cdc9d9-ddb5-4fa4-a97d-d965ccfc6d4b" outcome="Aborted" testListId="8c84fa94-04c1-424b-9868-57a2d4851a1d" relativeResultsDirectory="4927b8e0-16c1-4170-be9f-85da9f25c1da">
    </UnitTestResult>
    <UnitTestResult executionId="a7be4fc9-33d1-415c-aa0a-f171a9cd6597" testId="ab32261e-3312-91b3-7de5-d4685267856f" testName="IndexOfNonExistingTest" computerName="BUILD01" duration="00:00:06.7111952" startTime="2010-12-23T11:22:34.9312463-05:00" endTime="2010-12-23T11:22:41.6424415-05:00" testType="13cdc9d9-ddb5-4fa4-a97d-d965ccfc6d4b" outcome="Aborted" testListId="8c84fa94-04c1-424b-9868-57a2d4851a1d" relativeResultsDirectory="a7be4fc9-33d1-415c-aa0a-f171a9cd6597">
    </UnitTestResult>
    <UnitTestResult executionId="79d36bc2-3e38-4f30-b118-396767a9ac4b" testId="305f7b59-bfbc-4510-db26-f00017fdb69c" testName="IndexOfTest" computerName="BUILD01" duration="00:00:06.7024058" startTime="2010-12-23T11:22:34.9400357-05:00" endTime="2010-12-23T11:22:41.6424415-05:00" testType="13cdc9d9-ddb5-4fa4-a97d-d965ccfc6d4b" outcome="Aborted" testListId="8c84fa94-04c1-424b-9868-57a2d4851a1d" relativeResultsDirectory="79d36bc2-3e38-4f30-b118-396767a9ac4b">
    </UnitTestResult>
    <UnitTestResult executionId="e4b3c710-ed22-4eb5-9bf4-e2b3a0e21482" testId="fb467158-5c9d-558b-8e40-8fb9acb07f0b" testName="StartTimeTest" computerName="BUILD01" duration="00:00:06.6975228" startTime="2010-12-23T11:22:34.9449187-05:00" endTime="2010-12-23T11:22:41.6424415-05:00" testType="13cdc9d9-ddb5-4fa4-a97d-d965ccfc6d4b" outcome="Aborted" testListId="8c84fa94-04c1-424b-9868-57a2d4851a1d" relativeResultsDirectory="e4b3c710-ed22-4eb5-9bf4-e2b3a0e21482">
    </UnitTestResult>
    <UnitTestResult executionId="8a87f0e7-629d-4298-91d0-b8bd85399415" testId="8e6bea84-6f03-30c0-7a98-2c468bde217d" testName="SubTimelineIndirectTest" computerName="BUILD01" duration="00:00:06.6916632" startTime="2010-12-23T11:22:34.9507783-05:00" endTime="2010-12-23T11:22:41.6424415-05:00" testType="13cdc9d9-ddb5-4fa4-a97d-d965ccfc6d4b" outcome="Aborted" testListId="8c84fa94-04c1-424b-9868-57a2d4851a1d" relativeResultsDirectory="8a87f0e7-629d-4298-91d0-b8bd85399415">
    </UnitTestResult>
    <UnitTestResult executionId="d4858db0-0092-4c3c-a048-1e1716c7b91b" testId="7f76b270-5a5f-f174-3535-d1732f460f5e" testName="SubTimelineSegmentTest" computerName="BUILD01" duration="00:00:06.6858036" startTime="2010-12-23T11:22:34.9566379-05:00" endTime="2010-12-23T11:22:41.6424415-05:00" testType="13cdc9d9-ddb5-4fa4-a97d-d965ccfc6d4b" outcome="Aborted" testListId="8c84fa94-04c1-424b-9868-57a2d4851a1d" relativeResultsDirectory="d4858db0-0092-4c3c-a048-1e1716c7b91b">
    </UnitTestResult>
    <UnitTestResult executionId="9a93c815-5b0d-4883-9271-342d87cc7db7" testId="c474c0c2-73b6-100f-8d30-d5e965ce6bb1" testName="TimeIndexCeilingSegmentTest" computerName="BUILD01" duration="00:00:06.6809206" startTime="2010-12-23T11:22:34.9615209-05:00" endTime="2010-12-23T11:22:41.6424415-05:00" testType="13cdc9d9-ddb5-4fa4-a97d-d965ccfc6d4b" outcome="Aborted" testListId="8c84fa94-04c1-424b-9868-57a2d4851a1d" relativeResultsDirectory="9a93c815-5b0d-4883-9271-342d87cc7db7">
    </UnitTestResult>
    <UnitTestResult executionId="b0502e28-ad6b-4d41-b5e9-fe5ef9741eb6" testId="1da192c4-ca3f-ba3e-b0da-6da6c67457bc" testName="TimeIndexCeilingTest" computerName="BUILD01" duration="00:00:06.6760376" startTime="2010-12-23T11:22:34.9664039-05:00" endTime="2010-12-23T11:22:41.6424415-05:00" testType="13cdc9d9-ddb5-4fa4-a97d-d965ccfc6d4b" outcome="Aborted" testListId="8c84fa94-04c1-424b-9868-57a2d4851a1d" relativeResultsDirectory="b0502e28-ad6b-4d41-b5e9-fe5ef9741eb6">
    </UnitTestResult>
    <UnitTestResult executionId="2084984c-3f11-4c16-af30-a712ac05dd46" testId="48780141-bf75-9e72-3606-e9727b7cf617" testName="TimeIndexFloorSegmentTest" computerName="BUILD01" duration="00:00:06.6692014" startTime="2010-12-23T11:22:34.9732401-05:00" endTime="2010-12-23T11:22:41.6424415-05:00" testType="13cdc9d9-ddb5-4fa4-a97d-d965ccfc6d4b" outcome="Aborted" testListId="8c84fa94-04c1-424b-9868-57a2d4851a1d" relativeResultsDirectory="2084984c-3f11-4c16-af30-a712ac05dd46">
    </UnitTestResult>
    <UnitTestResult executionId="85d0675c-522a-4088-8520-087c6f7196ed" testId="50da4b16-77fe-fa53-eaee-91a887936f43" testName="TimeIndexFloorTest" computerName="BUILD01" duration="00:00:06.6633418" startTime="2010-12-23T11:22:34.9800763-05:00" endTime="2010-12-23T11:22:41.6434181-05:00" testType="13cdc9d9-ddb5-4fa4-a97d-d965ccfc6d4b" outcome="Aborted" testListId="8c84fa94-04c1-424b-9868-57a2d4851a1d" relativeResultsDirectory="85d0675c-522a-4088-8520-087c6f7196ed">
    </UnitTestResult>
    <UnitTestResult executionId="d22806d9-7051-47d9-8c14-86ea1a6d3cd4" testId="b4f13b84-4401-5c90-4547-7207e23e5eb8" testName="TimePointsTest" computerName="BUILD01" duration="00:00:06.6574822" startTime="2010-12-23T11:22:34.9859359-05:00" endTime="2010-12-23T11:22:41.6434181-05:00" testType="13cdc9d9-ddb5-4fa4-a97d-d965ccfc6d4b" outcome="Aborted" testListId="8c84fa94-04c1-424b-9868-57a2d4851a1d" relativeResultsDirectory="d22806d9-7051-47d9-8c14-86ea1a6d3cd4">
    </UnitTestResult>
    <UnitTestResult executionId="6a264446-8961-49cf-82f3-1904a5e931c2" testId="2acd1d3f-d5ec-6a78-f78b-d4fe1d2b2aae" testName="CountTest" computerName="BUILD01" duration="00:00:06.6506460" startTime="2010-12-23T11:22:34.9927721-05:00" endTime="2010-12-23T11:22:41.6434181-05:00" testType="13cdc9d9-ddb5-4fa4-a97d-d965ccfc6d4b" outcome="Aborted" testListId="8c84fa94-04c1-424b-9868-57a2d4851a1d" relativeResultsDirectory="6a264446-8961-49cf-82f3-1904a5e931c2">
    </UnitTestResult>
    <UnitTestResult executionId="59083c5e-9c2b-4ea2-b4af-39106c2f713b" testId="a0225984-4db8-8006-1e81-1f2350346a72" testName="EndTimeTest" computerName="BUILD01" duration="00:00:06.6447864" startTime="2010-12-23T11:22:34.9986317-05:00" endTime="2010-12-23T11:22:41.6434181-05:00" testType="13cdc9d9-ddb5-4fa4-a97d-d965ccfc6d4b" outcome="Aborted" testListId="8c84fa94-04c1-424b-9868-57a2d4851a1d" relativeResultsDirectory="59083c5e-9c2b-4ea2-b4af-39106c2f713b">
    </UnitTestResult>
    <UnitTestResult executionId="aa3148c6-3112-4bf4-b118-3e876ff9e089" testId="e03b8fe5-f9e2-b3c9-a6ea-dc436f82e919" testName="EnumeratorTest" computerName="BUILD01" duration="00:00:06.6389268" startTime="2010-12-23T11:22:35.0044913-05:00" endTime="2010-12-23T11:22:41.6434181-05:00" testType="13cdc9d9-ddb5-4fa4-a97d-d965ccfc6d4b" outcome="Aborted" testListId="8c84fa94-04c1-424b-9868-57a2d4851a1d" relativeResultsDirectory="aa3148c6-3112-4bf4-b118-3e876ff9e089">
    </UnitTestResult>
    <UnitTestResult executionId="15010519-984e-4ccf-9dd9-a35e6339a37b" testId="6cc5221b-82e4-50ac-6c77-596aee634762" testName="IndexerOutOfBoundsTest" computerName="BUILD01" duration="00:00:06.6320906" startTime="2010-12-23T11:22:35.0113275-05:00" endTime="2010-12-23T11:22:41.6434181-05:00" testType="13cdc9d9-ddb5-4fa4-a97d-d965ccfc6d4b" outcome="Aborted" testListId="8c84fa94-04c1-424b-9868-57a2d4851a1d" relativeResultsDirectory="15010519-984e-4ccf-9dd9-a35e6339a37b">
    </UnitTestResult>
    <UnitTestResult executionId="92d9b965-6508-408b-80d9-2b7fb7933f6a" testId="1712597e-2076-df49-dc6f-3d941b7026f9" testName="IndexerTest" computerName="BUILD01" duration="00:00:06.6233012" startTime="2010-12-23T11:22:35.0201169-05:00" endTime="2010-12-23T11:22:41.6434181-05:00" testType="13cdc9d9-ddb5-4fa4-a97d-d965ccfc6d4b" outcome="Aborted" testListId="8c84fa94-04c1-424b-9868-57a2d4851a1d" relativeResultsDirectory="92d9b965-6508-408b-80d9-2b7fb7933f6a">
    </UnitTestResult>
    <UnitTestResult executionId="a5a304b3-fe7c-4eb7-a5a1-9b8b888f9a54" testId="48dd50ff-7646-a78a-8567-2098163bbfdc" testName="IndexOfNonExistingTest" computerName="BUILD01" duration="00:00:06.6164650" startTime="2010-12-23T11:22:35.0269531-05:00" endTime="2010-12-23T11:22:41.6434181-05:00" testType="13cdc9d9-ddb5-4fa4-a97d-d965ccfc6d4b" outcome="Aborted" testListId="8c84fa94-04c1-424b-9868-57a2d4851a1d" relativeResultsDirectory="a5a304b3-fe7c-4eb7-a5a1-9b8b888f9a54">
    </UnitTestResult>
    <UnitTestResult executionId="a8999b72-c5ad-47ca-88df-1ec7579ccf23" testId="4bc9cfa9-3d5d-d68f-121d-062ff5576f1e" testName="IndexOfTest" computerName="BUILD01" duration="00:00:06.6115820" startTime="2010-12-23T11:22:35.0318361-05:00" endTime="2010-12-23T11:22:41.6434181-05:00" testType="13cdc9d9-ddb5-4fa4-a97d-d965ccfc6d4b" outcome="Aborted" testListId="8c84fa94-04c1-424b-9868-57a2d4851a1d" relativeResultsDirectory="a8999b72-c5ad-47ca-88df-1ec7579ccf23">
    </UnitTestResult>
    <UnitTestResult executionId="5bf5b8c1-3a21-4230-bf49-96c9f30534b9" testId="6e8c1a73-14bb-5a92-74dc-da4bbb18b05d" testName="StartTimeTest" computerName="BUILD01" duration="00:00:06.6066990" startTime="2010-12-23T11:22:35.0376957-05:00" endTime="2010-12-23T11:22:41.6443947-05:00" testType="13cdc9d9-ddb5-4fa4-a97d-d965ccfc6d4b" outcome="Aborted" testListId="8c84fa94-04c1-424b-9868-57a2d4851a1d" relativeResultsDirectory="5bf5b8c1-3a21-4230-bf49-96c9f30534b9">
    </UnitTestResult>
    <UnitTestResult executionId="dbf1b3d5-8dc2-4143-89ae-2f1728f5afb0" testId="266db61a-2e1a-5835-b700-f6e3fe500205" testName="SubTimelineIndirectTest" computerName="BUILD01" duration="00:00:06.6008394" startTime="2010-12-23T11:22:35.0435553-05:00" endTime="2010-12-23T11:22:41.6443947-05:00" testType="13cdc9d9-ddb5-4fa4-a97d-d965ccfc6d4b" outcome="Aborted" testListId="8c84fa94-04c1-424b-9868-57a2d4851a1d" relativeResultsDirectory="dbf1b3d5-8dc2-4143-89ae-2f1728f5afb0">
    </UnitTestResult>
    <UnitTestResult executionId="3b1239f6-7a56-448d-aae3-a26b95233dc4" testId="9fe842fe-07e3-5cd5-4665-a69db3cff9ec" testName="SubTimelineSegmentTest" computerName="BUILD01" duration="00:00:06.5949798" startTime="2010-12-23T11:22:35.0494149-05:00" endTime="2010-12-23T11:22:41.6443947-05:00" testType="13cdc9d9-ddb5-4fa4-a97d-d965ccfc6d4b" outcome="Aborted" testListId="8c84fa94-04c1-424b-9868-57a2d4851a1d" relativeResultsDirectory="3b1239f6-7a56-448d-aae3-a26b95233dc4">
    </UnitTestResult>
    <UnitTestResult executionId="61770282-fced-4014-b45a-ed7f62cb7499" testId="a878df53-5b07-9641-4fb8-e642408904bd" testName="TimeIndexCeilingSegmentTest" computerName="BUILD01" duration="00:00:06.5900968" startTime="2010-12-23T11:22:35.0542979-05:00" endTime="2010-12-23T11:22:41.6443947-05:00" testType="13cdc9d9-ddb5-4fa4-a97d-d965ccfc6d4b" outcome="Aborted" testListId="8c84fa94-04c1-424b-9868-57a2d4851a1d" relativeResultsDirectory="61770282-fced-4014-b45a-ed7f62cb7499">
    </UnitTestResult>
    <UnitTestResult executionId="4090486e-24c9-41a9-b18f-264cf6a9ac2b" testId="0cb5bafa-132a-418b-1772-c4295697dfed" testName="TimeIndexCeilingTest" computerName="BUILD01" duration="00:00:06.5842372" startTime="2010-12-23T11:22:35.0601575-05:00" endTime="2010-12-23T11:22:41.6443947-05:00" testType="13cdc9d9-ddb5-4fa4-a97d-d965ccfc6d4b" outcome="Aborted" testListId="8c84fa94-04c1-424b-9868-57a2d4851a1d" relativeResultsDirectory="4090486e-24c9-41a9-b18f-264cf6a9ac2b">
    </UnitTestResult>
    <UnitTestResult executionId="2060ef5d-77ad-4d21-9912-f585631de6e2" testId="aa0da893-be65-ef2a-6ca1-e5188bbf7966" testName="TimeIndexFloorSegmentTest" computerName="BUILD01" duration="00:00:06.5783776" startTime="2010-12-23T11:22:35.0660171-05:00" endTime="2010-12-23T11:22:41.6443947-05:00" testType="13cdc9d9-ddb5-4fa4-a97d-d965ccfc6d4b" outcome="Aborted" testListId="8c84fa94-04c1-424b-9868-57a2d4851a1d" relativeResultsDirectory="2060ef5d-77ad-4d21-9912-f585631de6e2">
    </UnitTestResult>
    <UnitTestResult executionId="49fe336e-bc59-4ae6-bfda-9a5739f50662" testId="36fbe172-7a8f-d19e-f1a6-e952e7e52a67" testName="TimeIndexFloorTest" computerName="BUILD01" duration="00:00:06.5734946" startTime="2010-12-23T11:22:35.0709001-05:00" endTime="2010-12-23T11:22:41.6443947-05:00" testType="13cdc9d9-ddb5-4fa4-a97d-d965ccfc6d4b" outcome="Aborted" testListId="8c84fa94-04c1-424b-9868-57a2d4851a1d" relativeResultsDirectory="49fe336e-bc59-4ae6-bfda-9a5739f50662">
    </UnitTestResult>
    <UnitTestResult executionId="8be90ada-f4a3-437e-8302-b3094830e607" testId="cd3962ea-e4f4-03fd-c9f4-a9a058c847d2" testName="TimePointsTest" computerName="BUILD01" duration="00:00:06.5686116" startTime="2010-12-23T11:22:35.0757831-05:00" endTime="2010-12-23T11:22:41.6443947-05:00" testType="13cdc9d9-ddb5-4fa4-a97d-d965ccfc6d4b" outcome="Aborted" testListId="8c84fa94-04c1-424b-9868-57a2d4851a1d" relativeResultsDirectory="8be90ada-f4a3-437e-8302-b3094830e607">
    </UnitTestResult>
    <UnitTestResult executionId="4d207aa9-e50e-4556-aeb0-1d1c0070bbab" testId="6a0a3e8b-7533-f541-9e71-62c6fc24fc9a" testName="CountTest" computerName="BUILD01" duration="00:00:06.5627520" startTime="2010-12-23T11:22:35.0816427-05:00" endTime="2010-12-23T11:22:41.6443947-05:00" testType="13cdc9d9-ddb5-4fa4-a97d-d965ccfc6d4b" outcome="Aborted" testListId="8c84fa94-04c1-424b-9868-57a2d4851a1d" relativeResultsDirectory="4d207aa9-e50e-4556-aeb0-1d1c0070bbab">
    </UnitTestResult>
    <UnitTestResult executionId="529d20e3-9136-4a3d-839e-15d57146f307" testId="9749073d-88d7-f868-3be9-8418b410f954" testName="EndTimeTest" computerName="BUILD01" duration="00:00:06.5549392" startTime="2010-12-23T11:22:35.0894555-05:00" endTime="2010-12-23T11:22:41.6443947-05:00" testType="13cdc9d9-ddb5-4fa4-a97d-d965ccfc6d4b" outcome="Aborted" testListId="8c84fa94-04c1-424b-9868-57a2d4851a1d" relativeResultsDirectory="529d20e3-9136-4a3d-839e-15d57146f307">
    </UnitTestResult>
    <UnitTestResult executionId="ca69b695-462e-4b95-ad63-783e95ddc950" testId="c7cbed97-f561-b293-22e0-0f75739c0607" testName="EnumeratorTest" computerName="BUILD01" duration="00:00:06.5510328" startTime="2010-12-23T11:22:35.0943385-05:00" endTime="2010-12-23T11:22:41.6453713-05:00" testType="13cdc9d9-ddb5-4fa4-a97d-d965ccfc6d4b" outcome="Aborted" testListId="8c84fa94-04c1-424b-9868-57a2d4851a1d" relativeResultsDirectory="ca69b695-462e-4b95-ad63-783e95ddc950">
    </UnitTestResult>
    <UnitTestResult executionId="4ebd6e90-9577-49eb-8afb-805b7c79abb3" testId="f8058fb1-f9a0-ac88-e4f8-17b16c9b46f7" testName="IndexerOutOfBoundsTest" computerName="BUILD01" duration="00:00:06.5451732" startTime="2010-12-23T11:22:35.1001981-05:00" endTime="2010-12-23T11:22:41.6453713-05:00" testType="13cdc9d9-ddb5-4fa4-a97d-d965ccfc6d4b" outcome="Aborted" testListId="8c84fa94-04c1-424b-9868-57a2d4851a1d" relativeResultsDirectory="4ebd6e90-9577-49eb-8afb-805b7c79abb3">
    </UnitTestResult>
    <UnitTestResult executionId="9d423857-d0db-4465-8b46-b87f69bbe604" testId="0f62238b-67e1-c66b-29df-76637f03f8af" testName="IndexerTest" computerName="BUILD01" duration="00:00:06.5393136" startTime="2010-12-23T11:22:35.1060577-05:00" endTime="2010-12-23T11:22:41.6453713-05:00" testType="13cdc9d9-ddb5-4fa4-a97d-d965ccfc6d4b" outcome="Aborted" testListId="8c84fa94-04c1-424b-9868-57a2d4851a1d" relativeResultsDirectory="9d423857-d0db-4465-8b46-b87f69bbe604">
    </UnitTestResult>
    <UnitTestResult executionId="cb34606c-47b3-4d17-bf3e-1028de49b989" testId="0e31c927-ac48-17c6-a42a-a31ee18c8e6a" testName="IndexOfNonExistingTest" computerName="BUILD01" duration="00:00:06.5324774" startTime="2010-12-23T11:22:35.1128939-05:00" endTime="2010-12-23T11:22:41.6453713-05:00" testType="13cdc9d9-ddb5-4fa4-a97d-d965ccfc6d4b" outcome="Aborted" testListId="8c84fa94-04c1-424b-9868-57a2d4851a1d" relativeResultsDirectory="cb34606c-47b3-4d17-bf3e-1028de49b989">
    </UnitTestResult>
    <UnitTestResult executionId="191a9fac-b219-413d-a1df-348bcc523305" testId="16bffb35-8fab-a0f7-b844-7223617ee105" testName="IndexOfTest" computerName="BUILD01" duration="00:00:06.5266178" startTime="2010-12-23T11:22:35.1187535-05:00" endTime="2010-12-23T11:22:41.6453713-05:00" testType="13cdc9d9-ddb5-4fa4-a97d-d965ccfc6d4b" outcome="Aborted" testListId="8c84fa94-04c1-424b-9868-57a2d4851a1d" relativeResultsDirectory="191a9fac-b219-413d-a1df-348bcc523305">
    </UnitTestResult>
    <UnitTestResult executionId="d0e7b3d5-e061-4c22-a764-db3efbe23ac5" testId="875b0a9f-0a9b-c795-41cd-8fb241a7778e" testName="StartTimeTest" computerName="BUILD01" duration="00:00:06.5217348" startTime="2010-12-23T11:22:35.1236365-05:00" endTime="2010-12-23T11:22:41.6453713-05:00" testType="13cdc9d9-ddb5-4fa4-a97d-d965ccfc6d4b" outcome="Aborted" testListId="8c84fa94-04c1-424b-9868-57a2d4851a1d" relativeResultsDirectory="d0e7b3d5-e061-4c22-a764-db3efbe23ac5">
    </UnitTestResult>
    <UnitTestResult executionId="e7f835f3-d6af-4150-bffd-ed0f1ca69046" testId="256df41d-e4b6-8278-1a0b-0d6c8e72a1f5" testName="SubTimelineIndirectTest" computerName="BUILD01" duration="00:00:06.5168518" startTime="2010-12-23T11:22:35.1285195-05:00" endTime="2010-12-23T11:22:41.6453713-05:00" testType="13cdc9d9-ddb5-4fa4-a97d-d965ccfc6d4b" outcome="Aborted" testListId="8c84fa94-04c1-424b-9868-57a2d4851a1d" relativeResultsDirectory="e7f835f3-d6af-4150-bffd-ed0f1ca69046">
    </UnitTestResult>
    <UnitTestResult executionId="fdbed2c1-f67c-4afd-ad86-d5ca7a7a4e2e" testId="92dc3669-e753-fa08-038d-9fe0a6373f22" testName="SubTimelineSegmentTest" computerName="BUILD01" duration="00:00:06.5119688" startTime="2010-12-23T11:22:35.1334025-05:00" endTime="2010-12-23T11:22:41.6453713-05:00" testType="13cdc9d9-ddb5-4fa4-a97d-d965ccfc6d4b" outcome="Aborted" testListId="8c84fa94-04c1-424b-9868-57a2d4851a1d" relativeResultsDirectory="fdbed2c1-f67c-4afd-ad86-d5ca7a7a4e2e">
    </UnitTestResult>
    <UnitTestResult executionId="21040cae-3ee4-4973-9fc9-9294409ec1b9" testId="72e13252-2112-9f68-55fb-11d51625ec2c" testName="TimeIndexCeilingSegmentTest" computerName="BUILD01" duration="00:00:06.5061092" startTime="2010-12-23T11:22:35.1392621-05:00" endTime="2010-12-23T11:22:41.6453713-05:00" testType="13cdc9d9-ddb5-4fa4-a97d-d965ccfc6d4b" outcome="Aborted" testListId="8c84fa94-04c1-424b-9868-57a2d4851a1d" relativeResultsDirectory="21040cae-3ee4-4973-9fc9-9294409ec1b9">
    </UnitTestResult>
    <UnitTestResult executionId="cf52d0b6-a9c6-4e21-9ae9-0f964e745f04" testId="70de0a7f-f75d-0b95-2756-a8b7998cc2ac" testName="TimeIndexCeilingTest" computerName="BUILD01" duration="00:00:06.5002496" startTime="2010-12-23T11:22:35.1451217-05:00" endTime="2010-12-23T11:22:41.6453713-05:00" testType="13cdc9d9-ddb5-4fa4-a97d-d965ccfc6d4b" outcome="Aborted" testListId="8c84fa94-04c1-424b-9868-57a2d4851a1d" relativeResultsDirectory="cf52d0b6-a9c6-4e21-9ae9-0f964e745f04">
    </UnitTestResult>
    <UnitTestResult executionId="d89cd323-c59b-4c28-8902-c5703bc53459" testId="411f8d5e-725e-786d-1bbf-9e4a1f107541" testName="TimeIndexFloorSegmentTest" computerName="BUILD01" duration="00:00:06.4953666" startTime="2010-12-23T11:22:35.1509813-05:00" endTime="2010-12-23T11:22:41.6463479-05:00" testType="13cdc9d9-ddb5-4fa4-a97d-d965ccfc6d4b" outcome="Aborted" testListId="8c84fa94-04c1-424b-9868-57a2d4851a1d" relativeResultsDirectory="d89cd323-c59b-4c28-8902-c5703bc53459">
    </UnitTestResult>
    <UnitTestResult executionId="add279a9-9c94-4b31-a0cb-ad0ef04c3a82" testId="1165a6bf-94f8-a5da-22cc-a7c0a82f1845" testName="TimeIndexFloorTest" computerName="BUILD01" duration="00:00:06.4895070" startTime="2010-12-23T11:22:35.1568409-05:00" endTime="2010-12-23T11:22:41.6463479-05:00" testType="13cdc9d9-ddb5-4fa4-a97d-d965ccfc6d4b" outcome="Aborted" testListId="8c84fa94-04c1-424b-9868-57a2d4851a1d" relativeResultsDirectory="add279a9-9c94-4b31-a0cb-ad0ef04c3a82">
    </UnitTestResult>
    <UnitTestResult executionId="cdafcdd0-4d30-4eb0-ab5f-caf5e7f837b4" testId="ea4eda5d-7674-1494-a2d6-92c92dead34a" testName="TimePointsTest" computerName="BUILD01" duration="00:00:06.4836474" startTime="2010-12-23T11:22:35.1627005-05:00" endTime="2010-12-23T11:22:41.6463479-05:00" testType="13cdc9d9-ddb5-4fa4-a97d-d965ccfc6d4b" outcome="Aborted" testListId="8c84fa94-04c1-424b-9868-57a2d4851a1d" relativeResultsDirectory="cdafcdd0-4d30-4eb0-ab5f-caf5e7f837b4">
    </UnitTestResult>
    <UnitTestResult executionId="da1bed56-184f-4403-a967-1ec019d5b987" testId="d647b0df-44f2-d9e8-479c-f10e1787cd32" testName="CountTest" computerName="BUILD01" duration="00:00:06.4768112" startTime="2010-12-23T11:22:35.1695367-05:00" endTime="2010-12-23T11:22:41.6463479-05:00" testType="13cdc9d9-ddb5-4fa4-a97d-d965ccfc6d4b" outcome="Aborted" testListId="8c84fa94-04c1-424b-9868-57a2d4851a1d" relativeResultsDirectory="da1bed56-184f-4403-a967-1ec019d5b987">
    </UnitTestResult>
    <UnitTestResult executionId="6943bd07-ecff-4b76-93f1-56cd5c0eecc1" testId="09ae7854-891f-6806-7644-57ab1a7b502e" testName="EndTimeTest" computerName="BUILD01" duration="00:00:06.4719282" startTime="2010-12-23T11:22:35.1744197-05:00" endTime="2010-12-23T11:22:41.6463479-05:00" testType="13cdc9d9-ddb5-4fa4-a97d-d965ccfc6d4b" outcome="Aborted" testListId="8c84fa94-04c1-424b-9868-57a2d4851a1d" relativeResultsDirectory="6943bd07-ecff-4b76-93f1-56cd5c0eecc1">
    </UnitTestResult>
    <UnitTestResult executionId="f4bf51ed-5910-45ee-be27-098e0e9b7727" testId="ac000dac-9500-65f7-4c87-e917db49d1a8" testName="EnumeratorTest" computerName="BUILD01" duration="00:00:06.4641154" startTime="2010-12-23T11:22:35.1822325-05:00" endTime="2010-12-23T11:22:41.6463479-05:00" testType="13cdc9d9-ddb5-4fa4-a97d-d965ccfc6d4b" outcome="Aborted" testListId="8c84fa94-04c1-424b-9868-57a2d4851a1d" relativeResultsDirectory="f4bf51ed-5910-45ee-be27-098e0e9b7727">
    </UnitTestResult>
    <UnitTestResult executionId="6642640d-44cf-4712-93fd-a7061fe76a13" testId="1a711971-6daa-5825-ad46-516b26396360" testName="IndexerOutOfBoundsTest" computerName="BUILD01" duration="00:00:06.4582558" startTime="2010-12-23T11:22:35.1880921-05:00" endTime="2010-12-23T11:22:41.6463479-05:00" testType="13cdc9d9-ddb5-4fa4-a97d-d965ccfc6d4b" outcome="Aborted" testListId="8c84fa94-04c1-424b-9868-57a2d4851a1d" relativeResultsDirectory="6642640d-44cf-4712-93fd-a7061fe76a13">
    </UnitTestResult>
    <UnitTestResult executionId="e6c64937-681a-47d6-859a-4ad8ea74c41d" testId="c58fbabc-4c4f-f5fc-7404-f9ff7fa147cf" testName="IndexerTest" computerName="BUILD01" duration="00:00:06.4514196" startTime="2010-12-23T11:22:35.1949283-05:00" endTime="2010-12-23T11:22:41.6463479-05:00" testType="13cdc9d9-ddb5-4fa4-a97d-d965ccfc6d4b" outcome="Aborted" testListId="8c84fa94-04c1-424b-9868-57a2d4851a1d" relativeResultsDirectory="e6c64937-681a-47d6-859a-4ad8ea74c41d">
    </UnitTestResult>
    <UnitTestResult executionId="327ced7a-2aed-4c6b-91f0-50b7bfa3ff4d" testId="3ac221e0-6b0b-ee27-44a3-5bb97fff0357" testName="IndexOfNonExistingTest" computerName="BUILD01" duration="00:00:06.4455600" startTime="2010-12-23T11:22:35.2007879-05:00" endTime="2010-12-23T11:22:41.6463479-05:00" testType="13cdc9d9-ddb5-4fa4-a97d-d965ccfc6d4b" outcome="Aborted" testListId="8c84fa94-04c1-424b-9868-57a2d4851a1d" relativeResultsDirectory="327ced7a-2aed-4c6b-91f0-50b7bfa3ff4d">
    </UnitTestResult>
    <UnitTestResult executionId="9b3415bf-fab9-4f4e-83d9-77e6495200ff" testId="28139cb4-4e7a-e41f-8059-c5e9fd9a6f6f" testName="IndexOfTest" computerName="BUILD01" duration="00:00:06.4416536" startTime="2010-12-23T11:22:35.2056709-05:00" endTime="2010-12-23T11:22:41.6473245-05:00" testType="13cdc9d9-ddb5-4fa4-a97d-d965ccfc6d4b" outcome="Aborted" testListId="8c84fa94-04c1-424b-9868-57a2d4851a1d" relativeResultsDirectory="9b3415bf-fab9-4f4e-83d9-77e6495200ff">
    </UnitTestResult>
    <UnitTestResult executionId="5a71d2e2-ad67-4ee4-9694-0e27bd32e221" testId="1091918b-0bfb-f522-74eb-143468be10a2" testName="StartTimeTest" computerName="BUILD01" duration="00:00:06.4357940" startTime="2010-12-23T11:22:35.2115305-05:00" endTime="2010-12-23T11:22:41.6473245-05:00" testType="13cdc9d9-ddb5-4fa4-a97d-d965ccfc6d4b" outcome="Aborted" testListId="8c84fa94-04c1-424b-9868-57a2d4851a1d" relativeResultsDirectory="5a71d2e2-ad67-4ee4-9694-0e27bd32e221">
    </UnitTestResult>
    <UnitTestResult executionId="5b07b09a-0b30-4fd2-8eb3-2c8d33ea5c37" testId="2477c0a2-e00d-e5cb-f6c3-bc7ce9bbb8e6" testName="SubTimelineIndirectTest" computerName="BUILD01" duration="00:00:06.4309110" startTime="2010-12-23T11:22:35.2164135-05:00" endTime="2010-12-23T11:22:41.6473245-05:00" testType="13cdc9d9-ddb5-4fa4-a97d-d965ccfc6d4b" outcome="Aborted" testListId="8c84fa94-04c1-424b-9868-57a2d4851a1d" relativeResultsDirectory="5b07b09a-0b30-4fd2-8eb3-2c8d33ea5c37">
    </UnitTestResult>
    <UnitTestResult executionId="e9b07172-0c94-4941-bcb6-42c38fe5e56b" testId="2deb285e-66b3-8b34-493e-a65fc914dc53" testName="SubTimelineSegmentTest" computerName="BUILD01" duration="00:00:06.4250514" startTime="2010-12-23T11:22:35.2222731-05:00" endTime="2010-12-23T11:22:41.6473245-05:00" testType="13cdc9d9-ddb5-4fa4-a97d-d965ccfc6d4b" outcome="Aborted" testListId="8c84fa94-04c1-424b-9868-57a2d4851a1d" relativeResultsDirectory="e9b07172-0c94-4941-bcb6-42c38fe5e56b">
    </UnitTestResult>
    <UnitTestResult executionId="12e32d2f-af46-45ee-8f86-91a17bc52f7c" testId="7817e26e-df5f-7fbb-1965-46ac993cfa27" testName="TimeIndexCeilingSegmentTest" computerName="BUILD01" duration="00:00:06.4191918" startTime="2010-12-23T11:22:35.2281327-05:00" endTime="2010-12-23T11:22:41.6473245-05:00" testType="13cdc9d9-ddb5-4fa4-a97d-d965ccfc6d4b" outcome="Aborted" testListId="8c84fa94-04c1-424b-9868-57a2d4851a1d" relativeResultsDirectory="12e32d2f-af46-45ee-8f86-91a17bc52f7c">
    </UnitTestResult>
    <UnitTestResult executionId="5faee92b-4fce-4d9f-8a1a-16b3aeb19513" testId="49983d54-39c4-9333-270e-94dcd1768f99" testName="TimeIndexCeilingTest" computerName="BUILD01" duration="00:00:06.4133322" startTime="2010-12-23T11:22:35.2339923-05:00" endTime="2010-12-23T11:22:41.6473245-05:00" testType="13cdc9d9-ddb5-4fa4-a97d-d965ccfc6d4b" outcome="Aborted" testListId="8c84fa94-04c1-424b-9868-57a2d4851a1d" relativeResultsDirectory="5faee92b-4fce-4d9f-8a1a-16b3aeb19513">
    </UnitTestResult>
    <UnitTestResult executionId="433b227b-40af-43e7-8b9d-4f39f5a3390a" testId="24876aa8-73d3-7dda-4701-eda2a124dde9" testName="TimeIndexFloorSegmentTest" computerName="BUILD01" duration="00:00:06.4084492" startTime="2010-12-23T11:22:35.2388753-05:00" endTime="2010-12-23T11:22:41.6473245-05:00" testType="13cdc9d9-ddb5-4fa4-a97d-d965ccfc6d4b" outcome="Aborted" testListId="8c84fa94-04c1-424b-9868-57a2d4851a1d" relativeResultsDirectory="433b227b-40af-43e7-8b9d-4f39f5a3390a">
    </UnitTestResult>
    <UnitTestResult executionId="da4e8f0f-bf03-4986-a114-8a576c202d07" testId="7d44ea08-d4df-4323-ee14-9df0b4507084" testName="TimeIndexFloorTest" computerName="BUILD01" duration="00:00:06.4025896" startTime="2010-12-23T11:22:35.2447349-05:00" endTime="2010-12-23T11:22:41.6473245-05:00" testType="13cdc9d9-ddb5-4fa4-a97d-d965ccfc6d4b" outcome="Aborted" testListId="8c84fa94-04c1-424b-9868-57a2d4851a1d" relativeResultsDirectory="da4e8f0f-bf03-4986-a114-8a576c202d07">
    </UnitTestResult>
    <UnitTestResult executionId="5fb07c8c-1c9d-4d8c-a479-705969b8412d" testId="9c78e7c2-5dbf-1319-4917-d0f502ae3f08" testName="TimePointsTest" computerName="BUILD01" duration="00:00:06.3977066" startTime="2010-12-23T11:22:35.2496179-05:00" endTime="2010-12-23T11:22:41.6473245-05:00" testType="13cdc9d9-ddb5-4fa4-a97d-d965ccfc6d4b" outcome="Aborted" testListId="8c84fa94-04c1-424b-9868-57a2d4851a1d" relativeResultsDirectory="5fb07c8c-1c9d-4d8c-a479-705969b8412d">
    </UnitTestResult>
    <UnitTestResult executionId="1e381684-56ab-49d1-9166-237b5d9e1793" testId="48d7b94e-573d-7820-6cba-e665c7a566ed" testName="AbsTest" computerName="BUILD01" duration="00:00:06.3908704" startTime="2010-12-23T11:22:35.2564541-05:00" endTime="2010-12-23T11:22:41.6473245-05:00" testType="13cdc9d9-ddb5-4fa4-a97d-d965ccfc6d4b" outcome="Aborted" testListId="8c84fa94-04c1-424b-9868-57a2d4851a1d" relativeResultsDirectory="1e381684-56ab-49d1-9166-237b5d9e1793">
    </UnitTestResult>
    <UnitTestResult executionId="00056ba1-b928-4e69-a691-d9c6d2f9e422" testId="a6d05480-f0cd-36b8-d8cf-700a50b5c4b0" testName="AcosTest" computerName="BUILD01" duration="00:00:06.3879406" startTime="2010-12-23T11:22:35.2603605-05:00" endTime="2010-12-23T11:22:41.6483011-05:00" testType="13cdc9d9-ddb5-4fa4-a97d-d965ccfc6d4b" outcome="Aborted" testListId="8c84fa94-04c1-424b-9868-57a2d4851a1d" relativeResultsDirectory="00056ba1-b928-4e69-a691-d9c6d2f9e422">
    </UnitTestResult>
    <UnitTestResult executionId="9081d355-5860-49a8-a90a-869d87766f64" testId="a73ee070-605c-6cfd-49f6-e237ffbd4c77" testName="AsinTest" computerName="BUILD01" duration="00:00:06.3811044" startTime="2010-12-23T11:22:35.2671967-05:00" endTime="2010-12-23T11:22:41.6483011-05:00" testType="13cdc9d9-ddb5-4fa4-a97d-d965ccfc6d4b" outcome="Aborted" testListId="8c84fa94-04c1-424b-9868-57a2d4851a1d" relativeResultsDirectory="9081d355-5860-49a8-a90a-869d87766f64">
    </UnitTestResult>
    <UnitTestResult executionId="c9af61a0-660e-4e3d-9944-b4e2d3433127" testId="e1dd31cf-53b1-54d1-f3a9-df2816e49966" testName="Atan2Test" computerName="BUILD01" duration="00:00:06.3752448" startTime="2010-12-23T11:22:35.2730563-05:00" endTime="2010-12-23T11:22:41.6483011-05:00" testType="13cdc9d9-ddb5-4fa4-a97d-d965ccfc6d4b" outcome="Aborted" testListId="8c84fa94-04c1-424b-9868-57a2d4851a1d" relativeResultsDirectory="c9af61a0-660e-4e3d-9944-b4e2d3433127">
    </UnitTestResult>
    <UnitTestResult executionId="2e7fd0fa-0ea8-444e-a6ca-7fe14127a2ff" testId="970e5c54-1fc3-5d07-29bb-bdbdb51bac61" testName="AtanTest" computerName="BUILD01" duration="00:00:06.3703618" startTime="2010-12-23T11:22:35.2779393-05:00" endTime="2010-12-23T11:22:41.6483011-05:00" testType="13cdc9d9-ddb5-4fa4-a97d-d965ccfc6d4b" outcome="Aborted" testListId="8c84fa94-04c1-424b-9868-57a2d4851a1d" relativeResultsDirectory="2e7fd0fa-0ea8-444e-a6ca-7fe14127a2ff">
    </UnitTestResult>
    <UnitTestResult executionId="3fe7171f-8930-4725-affb-759deeb9f4d7" testId="159d01f2-d4e8-c2c3-2a6d-e74507f12bde" testName="CeilingTest" computerName="BUILD01" duration="00:00:06.3654788" startTime="2010-12-23T11:22:35.2828223-05:00" endTime="2010-12-23T11:22:41.6483011-05:00" testType="13cdc9d9-ddb5-4fa4-a97d-d965ccfc6d4b" outcome="Aborted" testListId="8c84fa94-04c1-424b-9868-57a2d4851a1d" relativeResultsDirectory="3fe7171f-8930-4725-affb-759deeb9f4d7">
    </UnitTestResult>
    <UnitTestResult executionId="3981d6ba-5355-4999-bf1f-07073e5bf9ad" testId="b8e279c2-5b6b-66c4-87e5-42efbe39f25c" testName="CoshTest" computerName="BUILD01" duration="00:00:06.3596192" startTime="2010-12-23T11:22:35.2886819-05:00" endTime="2010-12-23T11:22:41.6483011-05:00" testType="13cdc9d9-ddb5-4fa4-a97d-d965ccfc6d4b" outcome="Aborted" testListId="8c84fa94-04c1-424b-9868-57a2d4851a1d" relativeResultsDirectory="3981d6ba-5355-4999-bf1f-07073e5bf9ad">
    </UnitTestResult>
    <UnitTestResult executionId="fc7c5ec8-578e-46ea-84fb-fce655a164e4" testId="60694f05-e885-3ae2-742e-aa416ba50ed9" testName="CosTest" computerName="BUILD01" duration="00:00:06.3537596" startTime="2010-12-23T11:22:35.2945415-05:00" endTime="2010-12-23T11:22:41.6483011-05:00" testType="13cdc9d9-ddb5-4fa4-a97d-d965ccfc6d4b" outcome="Aborted" testListId="8c84fa94-04c1-424b-9868-57a2d4851a1d" relativeResultsDirectory="fc7c5ec8-578e-46ea-84fb-fce655a164e4">
    </UnitTestResult>
    <UnitTestResult executionId="3d3b18e1-eb28-435f-9d17-442e2ba2e183" testId="c3aaf3a1-4bec-679d-b15c-2f11bcf8ef50" testName="ExpTest" computerName="BUILD01" duration="00:00:06.3479000" startTime="2010-12-23T11:22:35.3004011-05:00" endTime="2010-12-23T11:22:41.6483011-05:00" testType="13cdc9d9-ddb5-4fa4-a97d-d965ccfc6d4b" outcome="Aborted" testListId="8c84fa94-04c1-424b-9868-57a2d4851a1d" relativeResultsDirectory="3d3b18e1-eb28-435f-9d17-442e2ba2e183">
    </UnitTestResult>
    <UnitTestResult executionId="ee3a32cf-f665-407e-810e-df76f93ca2ee" testId="7f276281-d0bf-6985-080f-f278451cf2d8" testName="FloorTest" computerName="BUILD01" duration="00:00:06.3430170" startTime="2010-12-23T11:22:35.3052841-05:00" endTime="2010-12-23T11:22:41.6483011-05:00" testType="13cdc9d9-ddb5-4fa4-a97d-d965ccfc6d4b" outcome="Aborted" testListId="8c84fa94-04c1-424b-9868-57a2d4851a1d" relativeResultsDirectory="ee3a32cf-f665-407e-810e-df76f93ca2ee">
    </UnitTestResult>
    <UnitTestResult executionId="cf240674-e361-41c4-9bd8-df6d5cefff68" testId="cc48ac03-1aaa-7e22-e482-576e7a70089f" testName="Log10Test" computerName="BUILD01" duration="00:00:06.3371574" startTime="2010-12-23T11:22:35.3111437-05:00" endTime="2010-12-23T11:22:41.6483011-05:00" testType="13cdc9d9-ddb5-4fa4-a97d-d965ccfc6d4b" outcome="Aborted" testListId="8c84fa94-04c1-424b-9868-57a2d4851a1d" relativeResultsDirectory="cf240674-e361-41c4-9bd8-df6d5cefff68">
    </UnitTestResult>
    <UnitTestResult executionId="ff47891d-9e73-4158-a46c-998144bb4d7b" testId="f33471ab-574c-52c0-ebe9-79105e4f9830" testName="LogBTest" computerName="BUILD01" duration="00:00:06.3322744" startTime="2010-12-23T11:22:35.3170033-05:00" endTime="2010-12-23T11:22:41.6492777-05:00" testType="13cdc9d9-ddb5-4fa4-a97d-d965ccfc6d4b" outcome="Aborted" testListId="8c84fa94-04c1-424b-9868-57a2d4851a1d" relativeResultsDirectory="ff47891d-9e73-4158-a46c-998144bb4d7b">
    </UnitTestResult>
    <UnitTestResult executionId="f1a672ef-5b6b-4b23-bc0a-d79d080e4ba5" testId="0bc0e625-3760-3795-2258-56cc6bb79887" testName="LogTest" computerName="BUILD01" duration="00:00:06.3264148" startTime="2010-12-23T11:22:35.3228629-05:00" endTime="2010-12-23T11:22:41.6492777-05:00" testType="13cdc9d9-ddb5-4fa4-a97d-d965ccfc6d4b" outcome="Aborted" testListId="8c84fa94-04c1-424b-9868-57a2d4851a1d" relativeResultsDirectory="f1a672ef-5b6b-4b23-bc0a-d79d080e4ba5">
    </UnitTestResult>
    <UnitTestResult executionId="fcd2f0fe-56b9-4f26-a01c-91f319549d19" testId="2ee4f674-18fd-d9ee-4fe7-f67cefd3b0df" testName="PowTest" computerName="BUILD01" duration="00:00:06.3215318" startTime="2010-12-23T11:22:35.3277459-05:00" endTime="2010-12-23T11:22:41.6492777-05:00" testType="13cdc9d9-ddb5-4fa4-a97d-d965ccfc6d4b" outcome="Aborted" testListId="8c84fa94-04c1-424b-9868-57a2d4851a1d" relativeResultsDirectory="fcd2f0fe-56b9-4f26-a01c-91f319549d19">
    </UnitTestResult>
    <UnitTestResult executionId="b70d1e49-8715-4e26-93f7-6be1bc01dff0" testId="25c07826-8fbf-0ede-3415-1ae067116fe7" testName="RandomTest" computerName="BUILD01" duration="00:00:06.3156722" startTime="2010-12-23T11:22:35.3336055-05:00" endTime="2010-12-23T11:22:41.6492777-05:00" testType="13cdc9d9-ddb5-4fa4-a97d-d965ccfc6d4b" outcome="Aborted" testListId="8c84fa94-04c1-424b-9868-57a2d4851a1d" relativeResultsDirectory="b70d1e49-8715-4e26-93f7-6be1bc01dff0">
    </UnitTestResult>
    <UnitTestResult executionId="2c2c1289-9718-4e97-a254-75696d62d2fe" testId="ee439802-2765-5e3b-c080-c7d820cd7764" testName="RemTest" computerName="BUILD01" duration="00:00:06.3107892" startTime="2010-12-23T11:22:35.3384885-05:00" endTime="2010-12-23T11:22:41.6492777-05:00" testType="13cdc9d9-ddb5-4fa4-a97d-d965ccfc6d4b" outcome="Aborted" testListId="8c84fa94-04c1-424b-9868-57a2d4851a1d" relativeResultsDirectory="2c2c1289-9718-4e97-a254-75696d62d2fe">
    </UnitTestResult>
    <UnitTestResult executionId="56b41fe0-9a16-4fcf-85f8-bbb22decfb45" testId="a563cf95-11d9-4df1-7353-6308be18a820" testName="RoundDTest" computerName="BUILD01" duration="00:00:06.3039530" startTime="2010-12-23T11:22:35.3453247-05:00" endTime="2010-12-23T11:22:41.6492777-05:00" testType="13cdc9d9-ddb5-4fa4-a97d-d965ccfc6d4b" outcome="Aborted" testListId="8c84fa94-04c1-424b-9868-57a2d4851a1d" relativeResultsDirectory="56b41fe0-9a16-4fcf-85f8-bbb22decfb45">
    </UnitTestResult>
    <UnitTestResult executionId="c68c73c0-7569-4277-a7be-35c4df9fc894" testId="167c1010-249e-83d5-e567-7b506fdde7db" testName="RoundTest" computerName="BUILD01" duration="00:00:06.2990700" startTime="2010-12-23T11:22:35.3502077-05:00" endTime="2010-12-23T11:22:41.6492777-05:00" testType="13cdc9d9-ddb5-4fa4-a97d-d965ccfc6d4b" outcome="Aborted" testListId="8c84fa94-04c1-424b-9868-57a2d4851a1d" relativeResultsDirectory="c68c73c0-7569-4277-a7be-35c4df9fc894">
    </UnitTestResult>
    <UnitTestResult executionId="29751765-cb58-4929-86ae-0c7b79b8f14c" testId="81513c76-ca00-6a41-3471-68aec490acd7" testName="SignTest" computerName="BUILD01" duration="00:00:06.2932104" startTime="2010-12-23T11:22:35.3560673-05:00" endTime="2010-12-23T11:22:41.6492777-05:00" testType="13cdc9d9-ddb5-4fa4-a97d-d965ccfc6d4b" outcome="Aborted" testListId="8c84fa94-04c1-424b-9868-57a2d4851a1d" relativeResultsDirectory="29751765-cb58-4929-86ae-0c7b79b8f14c">
    </UnitTestResult>
    <UnitTestResult executionId="ad48abbb-e9c7-4b45-8e24-693db6013ecf" testId="16a2449e-7406-65d4-eaa8-9a49363414d9" testName="SinhTest" computerName="BUILD01" duration="00:00:06.2883274" startTime="2010-12-23T11:22:35.3609503-05:00" endTime="2010-12-23T11:22:41.6492777-05:00" testType="13cdc9d9-ddb5-4fa4-a97d-d965ccfc6d4b" outcome="Aborted" testListId="8c84fa94-04c1-424b-9868-57a2d4851a1d" relativeResultsDirectory="ad48abbb-e9c7-4b45-8e24-693db6013ecf">
    </UnitTestResult>
    <UnitTestResult executionId="c256818d-5365-4cc8-8b5a-530dc8e58861" testId="a6bdee90-a467-a15a-679f-b6f8905ca29b" testName="SinTest" computerName="BUILD01" duration="00:00:06.2824678" startTime="2010-12-23T11:22:35.3668099-05:00" endTime="2010-12-23T11:22:41.6492777-05:00" testType="13cdc9d9-ddb5-4fa4-a97d-d965ccfc6d4b" outcome="Aborted" testListId="8c84fa94-04c1-424b-9868-57a2d4851a1d" relativeResultsDirectory="c256818d-5365-4cc8-8b5a-530dc8e58861">
    </UnitTestResult>
    <UnitTestResult executionId="2539650e-9a6e-46ab-a8a0-ea43387bc8fa" testId="f7c40804-1de3-db81-5fa3-f538700739d9" testName="SqrtTest" computerName="BUILD01" duration="00:00:06.2766082" startTime="2010-12-23T11:22:35.3736461-05:00" endTime="2010-12-23T11:22:41.6502543-05:00" testType="13cdc9d9-ddb5-4fa4-a97d-d965ccfc6d4b" outcome="Aborted" testListId="8c84fa94-04c1-424b-9868-57a2d4851a1d" relativeResultsDirectory="2539650e-9a6e-46ab-a8a0-ea43387bc8fa">
    </UnitTestResult>
    <UnitTestResult executionId="0376e271-8cfd-41d4-a01f-81aa4e7a1436" testId="5e287a4b-fb52-3715-9146-d1ce40adb659" testName="TanhTest" computerName="BUILD01" duration="00:00:06.2707486" startTime="2010-12-23T11:22:35.3795057-05:00" endTime="2010-12-23T11:22:41.6502543-05:00" testType="13cdc9d9-ddb5-4fa4-a97d-d965ccfc6d4b" outcome="Aborted" testListId="8c84fa94-04c1-424b-9868-57a2d4851a1d" relativeResultsDirectory="0376e271-8cfd-41d4-a01f-81aa4e7a1436">
    </UnitTestResult>
    <UnitTestResult executionId="aa9eec7a-93f1-4a21-b4b2-036a2c4b064f" testId="459b84ef-8984-a731-5e1e-a044e2f5d86b" testName="TanTest" computerName="BUILD01" duration="00:00:06.2658656" startTime="2010-12-23T11:22:35.3843887-05:00" endTime="2010-12-23T11:22:41.6502543-05:00" testType="13cdc9d9-ddb5-4fa4-a97d-d965ccfc6d4b" outcome="Aborted" testListId="8c84fa94-04c1-424b-9868-57a2d4851a1d" relativeResultsDirectory="aa9eec7a-93f1-4a21-b4b2-036a2c4b064f">
    </UnitTestResult>
    <UnitTestResult executionId="bb5cfa97-0abe-47d7-b95e-0a3d15bb5aa0" testId="01df82f1-2e29-00cf-bf77-aaf0a4929587" testName="DataTest" computerName="BUILD01" duration="00:00:06.2600060" startTime="2010-12-23T11:22:35.3902483-05:00" endTime="2010-12-23T11:22:41.6502543-05:00" testType="13cdc9d9-ddb5-4fa4-a97d-d965ccfc6d4b" outcome="Aborted" testListId="8c84fa94-04c1-424b-9868-57a2d4851a1d" relativeResultsDirectory="bb5cfa97-0abe-47d7-b95e-0a3d15bb5aa0">
    </UnitTestResult>
    <UnitTestResult executionId="7dfba54c-5c57-4b81-88e6-b94554bd4bd3" testId="36036894-626c-9b78-a3ec-b06ac1767e3c" testName="Random10Test" computerName="BUILD01" duration="00:00:06.2541464" startTime="2010-12-23T11:22:35.3961079-05:00" endTime="2010-12-23T11:22:41.6502543-05:00" testType="13cdc9d9-ddb5-4fa4-a97d-d965ccfc6d4b" outcome="Aborted" testListId="8c84fa94-04c1-424b-9868-57a2d4851a1d" relativeResultsDirectory="7dfba54c-5c57-4b81-88e6-b94554bd4bd3">
    </UnitTestResult>
    <UnitTestResult executionId="729ea6c4-6dc9-45a3-ba80-95871f00a9e5" testId="c926f84e-3cdf-6cae-51a6-9481ca68f30a" testName="RandomTest" computerName="BUILD01" duration="00:00:06.2473102" startTime="2010-12-23T11:22:35.4029441-05:00" endTime="2010-12-23T11:22:41.6502543-05:00" testType="13cdc9d9-ddb5-4fa4-a97d-d965ccfc6d4b" outcome="Aborted" testListId="8c84fa94-04c1-424b-9868-57a2d4851a1d" relativeResultsDirectory="729ea6c4-6dc9-45a3-ba80-95871f00a9e5">
    </UnitTestResult>
    <UnitTestResult executionId="d4207bb1-313a-43d1-a187-f74c4766ebec" testId="4ddb7d20-0694-3328-1e1f-6781522dfc09" testName="TodayMinusThenTest" computerName="BUILD01" duration="00:00:06.2424272" startTime="2010-12-23T11:22:35.4078271-05:00" endTime="2010-12-23T11:22:41.6502543-05:00" testType="13cdc9d9-ddb5-4fa4-a97d-d965ccfc6d4b" outcome="Aborted" testListId="8c84fa94-04c1-424b-9868-57a2d4851a1d" relativeResultsDirectory="d4207bb1-313a-43d1-a187-f74c4766ebec">
    </UnitTestResult>
    <UnitTestResult executionId="48e6633a-726b-403d-94c4-acca97b4730f" testId="b65928a3-a265-29b6-337b-186c7c0600d3" testName="CorrelTest" computerName="BUILD01" duration="00:00:06.2365676" startTime="2010-12-23T11:22:35.4136867-05:00" endTime="2010-12-23T11:22:41.6502543-05:00" testType="13cdc9d9-ddb5-4fa4-a97d-d965ccfc6d4b" outcome="Aborted" testListId="8c84fa94-04c1-424b-9868-57a2d4851a1d" relativeResultsDirectory="48e6633a-726b-403d-94c4-acca97b4730f">
    </UnitTestResult>
    <UnitTestResult executionId="16af8557-ad1d-49c0-9df4-05e8ddd61d8a" testId="49c409bf-e39d-d88d-38b8-e266171c63bc" testName="CovarTest" computerName="BUILD01" duration="00:00:06.2316846" startTime="2010-12-23T11:22:35.4185697-05:00" endTime="2010-12-23T11:22:41.6502543-05:00" testType="13cdc9d9-ddb5-4fa4-a97d-d965ccfc6d4b" outcome="Aborted" testListId="8c84fa94-04c1-424b-9868-57a2d4851a1d" relativeResultsDirectory="16af8557-ad1d-49c0-9df4-05e8ddd61d8a">
    </UnitTestResult>
    <UnitTestResult executionId="ef56ebf8-4468-4530-8947-414bfc8d4899" testId="98916f0e-ce2a-85ad-6387-65a6e8054b69" testName="InterceptTest" computerName="BUILD01" duration="00:00:06.2268016" startTime="2010-12-23T11:22:35.4244293-05:00" endTime="2010-12-23T11:22:41.6512309-05:00" testType="13cdc9d9-ddb5-4fa4-a97d-d965ccfc6d4b" outcome="Aborted" testListId="8c84fa94-04c1-424b-9868-57a2d4851a1d" relativeResultsDirectory="ef56ebf8-4468-4530-8947-414bfc8d4899">
    </UnitTestResult>
    <UnitTestResult executionId="27b28183-0387-4eb9-b72c-a08fc1f5ed21" testId="cba07b9d-0755-537f-36fc-60fe93f8d6ed" testName="SlopeTest" computerName="BUILD01" duration="00:00:06.2189888" startTime="2010-12-23T11:22:35.4322421-05:00" endTime="2010-12-23T11:22:41.6512309-05:00" testType="13cdc9d9-ddb5-4fa4-a97d-d965ccfc6d4b" outcome="Aborted" testListId="8c84fa94-04c1-424b-9868-57a2d4851a1d" relativeResultsDirectory="27b28183-0387-4eb9-b72c-a08fc1f5ed21">
    </UnitTestResult>
    <UnitTestResult executionId="82655b54-c4cf-4561-b883-db9efadb5a10" testId="e30076af-dd16-36a3-4bfb-27428bbd6f5f" testName="AvgTest" computerName="BUILD01" duration="00:00:06.2131292" startTime="2010-12-23T11:22:35.4381017-05:00" endTime="2010-12-23T11:22:41.6512309-05:00" testType="13cdc9d9-ddb5-4fa4-a97d-d965ccfc6d4b" outcome="Aborted" testListId="8c84fa94-04c1-424b-9868-57a2d4851a1d" relativeResultsDirectory="82655b54-c4cf-4561-b883-db9efadb5a10">
    </UnitTestResult>
    <UnitTestResult executionId="04ffe6d9-54e6-440b-a535-533b45c4772f" testId="6bd838dd-8bcc-375e-460f-6033f1084981" testName="DiffTest" computerName="BUILD01" duration="00:00:06.2072696" startTime="2010-12-23T11:22:35.4439613-05:00" endTime="2010-12-23T11:22:41.6512309-05:00" testType="13cdc9d9-ddb5-4fa4-a97d-d965ccfc6d4b" outcome="Aborted" testListId="8c84fa94-04c1-424b-9868-57a2d4851a1d" relativeResultsDirectory="04ffe6d9-54e6-440b-a535-533b45c4772f">
    </UnitTestResult>
    <UnitTestResult executionId="07b8e1aa-c58d-4373-a857-9dbd548142fb" testId="c08e198a-7d53-356c-9eca-bc368527e9e7" testName="DiffWTest" computerName="BUILD01" duration="00:00:06.2014100" startTime="2010-12-23T11:22:35.4498209-05:00" endTime="2010-12-23T11:22:41.6512309-05:00" testType="13cdc9d9-ddb5-4fa4-a97d-d965ccfc6d4b" outcome="Aborted" testListId="8c84fa94-04c1-424b-9868-57a2d4851a1d" relativeResultsDirectory="07b8e1aa-c58d-4373-a857-9dbd548142fb">
    </UnitTestResult>
    <UnitTestResult executionId="773a79d3-919f-4fcd-acb9-7140bd7e5eea" testId="ee50d3ca-c732-9095-8b27-ba03d64a9dff" testName="ExpMATest" computerName="BUILD01" duration="00:00:06.1955504" startTime="2010-12-23T11:22:35.4556805-05:00" endTime="2010-12-23T11:22:41.6512309-05:00" testType="13cdc9d9-ddb5-4fa4-a97d-d965ccfc6d4b" outcome="Aborted" testListId="8c84fa94-04c1-424b-9868-57a2d4851a1d" relativeResultsDirectory="773a79d3-919f-4fcd-acb9-7140bd7e5eea">
    </UnitTestResult>
    <UnitTestResult executionId="8b039b40-f501-4834-8b38-cfb26ca878cf" testId="2b5b6fff-62d4-af89-b471-6ec6cf5db2a4" testName="GeoMeanTest" computerName="BUILD01" duration="00:00:06.1906674" startTime="2010-12-23T11:22:35.4605635-05:00" endTime="2010-12-23T11:22:41.6512309-05:00" testType="13cdc9d9-ddb5-4fa4-a97d-d965ccfc6d4b" outcome="Aborted" testListId="8c84fa94-04c1-424b-9868-57a2d4851a1d" relativeResultsDirectory="8b039b40-f501-4834-8b38-cfb26ca878cf">
    </UnitTestResult>
    <UnitTestResult executionId="e393ca11-4efb-40c5-b929-be6d24c702b8" testId="bba8e5a8-fe78-665a-2543-c88d65a011b6" testName="HarMeanTest" computerName="BUILD01" duration="00:00:06.1848078" startTime="2010-12-23T11:22:35.4664231-05:00" endTime="2010-12-23T11:22:41.6512309-05:00" testType="13cdc9d9-ddb5-4fa4-a97d-d965ccfc6d4b" outcome="Aborted" testListId="8c84fa94-04c1-424b-9868-57a2d4851a1d" relativeResultsDirectory="e393ca11-4efb-40c5-b929-be6d24c702b8">
    </UnitTestResult>
    <UnitTestResult executionId="fd1744fc-2f6a-4b9d-a202-30460123719d" testId="6fab7338-e266-51ba-2482-fe3f4ac0d446" testName="LagTest" computerName="BUILD01" duration="00:00:06.1789482" startTime="2010-12-23T11:22:35.4722827-05:00" endTime="2010-12-23T11:22:41.6512309-05:00" testType="13cdc9d9-ddb5-4fa4-a97d-d965ccfc6d4b" outcome="Aborted" testListId="8c84fa94-04c1-424b-9868-57a2d4851a1d" relativeResultsDirectory="fd1744fc-2f6a-4b9d-a202-30460123719d">
    </UnitTestResult>
    <UnitTestResult executionId="344328cf-809a-42bf-a48f-ef1a1fdfcb1d" testId="862ae7c4-4c0d-eaef-219b-7d81fc04afd3" testName="LagWTest" computerName="BUILD01" duration="00:00:06.1740652" startTime="2010-12-23T11:22:35.4771657-05:00" endTime="2010-12-23T11:22:41.6512309-05:00" testType="13cdc9d9-ddb5-4fa4-a97d-d965ccfc6d4b" outcome="Aborted" testListId="8c84fa94-04c1-424b-9868-57a2d4851a1d" relativeResultsDirectory="344328cf-809a-42bf-a48f-ef1a1fdfcb1d">
    </UnitTestResult>
    <UnitTestResult executionId="44040b04-5c15-435e-a7d8-036be218fcde" testId="2a02a7fa-90aa-79de-d76b-04cfbd740eee" testName="MaxTest" computerName="BUILD01" duration="00:00:06.1691822" startTime="2010-12-23T11:22:35.4830253-05:00" endTime="2010-12-23T11:22:41.6522075-05:00" testType="13cdc9d9-ddb5-4fa4-a97d-d965ccfc6d4b" outcome="Aborted" testListId="8c84fa94-04c1-424b-9868-57a2d4851a1d" relativeResultsDirectory="44040b04-5c15-435e-a7d8-036be218fcde">
    </UnitTestResult>
    <UnitTestResult executionId="79fb4a0b-d383-4e28-b22d-3f1f8792a59c" testId="462caae8-5fdd-107a-a902-cab3b807d7f7" testName="MinTest" computerName="BUILD01" duration="00:00:06.1633226" startTime="2010-12-23T11:22:35.4888849-05:00" endTime="2010-12-23T11:22:41.6522075-05:00" testType="13cdc9d9-ddb5-4fa4-a97d-d965ccfc6d4b" outcome="Aborted" testListId="8c84fa94-04c1-424b-9868-57a2d4851a1d" relativeResultsDirectory="79fb4a0b-d383-4e28-b22d-3f1f8792a59c">
    </UnitTestResult>
    <UnitTestResult executionId="4ac731a7-f38e-4bb2-a9c1-4d976a53ce67" testId="34c0564b-0d39-46cd-d550-382f8d415984" testName="ProdTest" computerName="BUILD01" duration="00:00:06.1574630" startTime="2010-12-23T11:22:35.4947445-05:00" endTime="2010-12-23T11:22:41.6522075-05:00" testType="13cdc9d9-ddb5-4fa4-a97d-d965ccfc6d4b" outcome="Aborted" testListId="8c84fa94-04c1-424b-9868-57a2d4851a1d" relativeResultsDirectory="4ac731a7-f38e-4bb2-a9c1-4d976a53ce67">
    </UnitTestResult>
    <UnitTestResult executionId="28d3b547-4ab6-4e7c-84be-d473ced4b06e" testId="2309ae74-ad63-f2c9-6b73-2e7d86e1ae63" testName="RatioTest" computerName="BUILD01" duration="00:00:06.1516034" startTime="2010-12-23T11:22:35.5006041-05:00" endTime="2010-12-23T11:22:41.6522075-05:00" testType="13cdc9d9-ddb5-4fa4-a97d-d965ccfc6d4b" outcome="Aborted" testListId="8c84fa94-04c1-424b-9868-57a2d4851a1d" relativeResultsDirectory="28d3b547-4ab6-4e7c-84be-d473ced4b06e">
    </UnitTestResult>
    <UnitTestResult executionId="3ad82984-bc88-486e-8596-79d2b3b54940" testId="c847ae60-0c06-45cd-d503-b4c55ef4d3ea" testName="RatioWTest" computerName="BUILD01" duration="00:00:06.1457438" startTime="2010-12-23T11:22:35.5064637-05:00" endTime="2010-12-23T11:22:41.6522075-05:00" testType="13cdc9d9-ddb5-4fa4-a97d-d965ccfc6d4b" outcome="Aborted" testListId="8c84fa94-04c1-424b-9868-57a2d4851a1d" relativeResultsDirectory="3ad82984-bc88-486e-8596-79d2b3b54940">
    </UnitTestResult>
    <UnitTestResult executionId="d5603e20-24f1-4707-89f5-c72803a9ed59" testId="ba983c4d-fcb5-0320-7b6c-056b498dc42b" testName="StDevTest" computerName="BUILD01" duration="00:00:06.1408608" startTime="2010-12-23T11:22:35.5113467-05:00" endTime="2010-12-23T11:22:41.6522075-05:00" testType="13cdc9d9-ddb5-4fa4-a97d-d965ccfc6d4b" outcome="Aborted" testListId="8c84fa94-04c1-424b-9868-57a2d4851a1d" relativeResultsDirectory="d5603e20-24f1-4707-89f5-c72803a9ed59">
    </UnitTestResult>
    <UnitTestResult executionId="c229c25b-eae3-417f-a7f3-82359dac58f5" testId="77157c15-2ec2-03e4-c18d-12572d0de6d0" testName="SumTest" computerName="BUILD01" duration="00:00:06.1340246" startTime="2010-12-23T11:22:35.5181829-05:00" endTime="2010-12-23T11:22:41.6522075-05:00" testType="13cdc9d9-ddb5-4fa4-a97d-d965ccfc6d4b" outcome="Aborted" testListId="8c84fa94-04c1-424b-9868-57a2d4851a1d" relativeResultsDirectory="c229c25b-eae3-417f-a7f3-82359dac58f5">
    </UnitTestResult>
    <UnitTestResult executionId="8583228e-27fb-4764-a0f5-f98d85a4cdbc" testId="685a9311-1b13-36db-2436-03793072ff2f" testName="VarTest" computerName="BUILD01" duration="00:00:06.1291416" startTime="2010-12-23T11:22:35.5230659-05:00" endTime="2010-12-23T11:22:41.6522075-05:00" testType="13cdc9d9-ddb5-4fa4-a97d-d965ccfc6d4b" outcome="Aborted" testListId="8c84fa94-04c1-424b-9868-57a2d4851a1d" relativeResultsDirectory="8583228e-27fb-4764-a0f5-f98d85a4cdbc">
    </UnitTestResult>
    <UnitTestResult executionId="f882fe08-c870-45dd-a926-62a318907005" testId="26759944-e4d2-04ff-35a4-fe4aff335174" testName="WeightedMATest" computerName="BUILD01" duration="00:00:06.1223054" startTime="2010-12-23T11:22:35.5299021-05:00" endTime="2010-12-23T11:22:41.6522075-05:00" testType="13cdc9d9-ddb5-4fa4-a97d-d965ccfc6d4b" outcome="Aborted" testListId="8c84fa94-04c1-424b-9868-57a2d4851a1d" relativeResultsDirectory="f882fe08-c870-45dd-a926-62a318907005">
    </UnitTestResult>
    <UnitTestResult executionId="ed05e983-678b-4436-83ad-02f3dd0556dd" testId="0f14ed66-52cd-469d-3e9c-f8371be99188" testName="MultipleTimelinesIntersectionComprehensiveTest" computerName="BUILD01" duration="00:00:06.1174224" startTime="2010-12-23T11:22:35.5347851-05:00" endTime="2010-12-23T11:22:41.6522075-05:00" testType="13cdc9d9-ddb5-4fa4-a97d-d965ccfc6d4b" outcome="Aborted" testListId="8c84fa94-04c1-424b-9868-57a2d4851a1d" relativeResultsDirectory="ed05e983-678b-4436-83ad-02f3dd0556dd">
    </UnitTestResult>
    <UnitTestResult executionId="d65f5c7c-44fc-48e9-9b08-e86fdeb83643" testId="18af348d-b6d1-7e8b-2228-abb7ab6637eb" testName="MultipleTimelinesIntersectionTest1" computerName="BUILD01" duration="00:00:06.1125394" startTime="2010-12-23T11:22:35.5406447-05:00" endTime="2010-12-23T11:22:41.6531841-05:00" testType="13cdc9d9-ddb5-4fa4-a97d-d965ccfc6d4b" outcome="Aborted" testListId="8c84fa94-04c1-424b-9868-57a2d4851a1d" relativeResultsDirectory="d65f5c7c-44fc-48e9-9b08-e86fdeb83643">
    </UnitTestResult>
    <UnitTestResult executionId="e30167ca-28e0-4d64-be2d-22f132c08749" testId="7577bd33-eefc-51e7-3774-ee6680790273" testName="MultipleTimelinesIntersectionTest2" computerName="BUILD01" duration="00:00:06.1076564" startTime="2010-12-23T11:22:35.5455277-05:00" endTime="2010-12-23T11:22:41.6531841-05:00" testType="13cdc9d9-ddb5-4fa4-a97d-d965ccfc6d4b" outcome="Aborted" testListId="8c84fa94-04c1-424b-9868-57a2d4851a1d" relativeResultsDirectory="e30167ca-28e0-4d64-be2d-22f132c08749">
    </UnitTestResult>
    <UnitTestResult executionId="62c2436f-2778-4ad9-9d8d-ac14cddd1924" testId="e3724952-b9d8-0f28-f86a-173f43d084ea" testName="AvgTest" computerName="BUILD01" duration="00:00:06.1017968" startTime="2010-12-23T11:22:35.5513873-05:00" endTime="2010-12-23T11:22:41.6531841-05:00" testType="13cdc9d9-ddb5-4fa4-a97d-d965ccfc6d4b" outcome="Aborted" testListId="8c84fa94-04c1-424b-9868-57a2d4851a1d" relativeResultsDirectory="62c2436f-2778-4ad9-9d8d-ac14cddd1924">
    </UnitTestResult>
    <UnitTestResult executionId="8977768b-e35e-4a5c-a163-de9ad3f0ed7a" testId="3fb116ed-dd2e-5396-4f0d-bfe94879629f" testName="GeoMeanTest" computerName="BUILD01" duration="00:00:06.0930074" startTime="2010-12-23T11:22:35.5601767-05:00" endTime="2010-12-23T11:22:41.6531841-05:00" testType="13cdc9d9-ddb5-4fa4-a97d-d965ccfc6d4b" outcome="Aborted" testListId="8c84fa94-04c1-424b-9868-57a2d4851a1d" relativeResultsDirectory="8977768b-e35e-4a5c-a163-de9ad3f0ed7a">
    </UnitTestResult>
    <UnitTestResult executionId="611d4d93-b877-41f2-aef9-d180dcb52305" testId="102ece60-75cf-706d-bbe0-dcd2760f999b" testName="HarMeanTest" computerName="BUILD01" duration="00:00:06.0861712" startTime="2010-12-23T11:22:35.5670129-05:00" endTime="2010-12-23T11:22:41.6531841-05:00" testType="13cdc9d9-ddb5-4fa4-a97d-d965ccfc6d4b" outcome="Aborted" testListId="8c84fa94-04c1-424b-9868-57a2d4851a1d" relativeResultsDirectory="611d4d93-b877-41f2-aef9-d180dcb52305">
    </UnitTestResult>
    <UnitTestResult executionId="5065840d-f158-4d50-8083-e837eb394648" testId="eac5d736-660f-0bc9-d2c2-31f7194bb3d4" testName="MaxTest" computerName="BUILD01" duration="00:00:06.0803116" startTime="2010-12-23T11:22:35.5728725-05:00" endTime="2010-12-23T11:22:41.6531841-05:00" testType="13cdc9d9-ddb5-4fa4-a97d-d965ccfc6d4b" outcome="Aborted" testListId="8c84fa94-04c1-424b-9868-57a2d4851a1d" relativeResultsDirectory="5065840d-f158-4d50-8083-e837eb394648">
    </UnitTestResult>
    <UnitTestResult executionId="4a7d407f-8221-4dd6-aa50-a3b1b6e5b374" testId="4eb251a2-6cb0-e688-cf43-d60ae91517d3" testName="MinTest" computerName="BUILD01" duration="00:00:06.0754286" startTime="2010-12-23T11:22:35.5777555-05:00" endTime="2010-12-23T11:22:41.6531841-05:00" testType="13cdc9d9-ddb5-4fa4-a97d-d965ccfc6d4b" outcome="Aborted" testListId="8c84fa94-04c1-424b-9868-57a2d4851a1d" relativeResultsDirectory="4a7d407f-8221-4dd6-aa50-a3b1b6e5b374">
    </UnitTestResult>
    <UnitTestResult executionId="9fd8c6cb-2c40-4113-8ad7-bdecee86ea37" testId="2cb1e4e1-a244-ea0d-24b6-d91f61329f60" testName="ProdTest" computerName="BUILD01" duration="00:00:06.0695690" startTime="2010-12-23T11:22:35.5836151-05:00" endTime="2010-12-23T11:22:41.6531841-05:00" testType="13cdc9d9-ddb5-4fa4-a97d-d965ccfc6d4b" outcome="Aborted" testListId="8c84fa94-04c1-424b-9868-57a2d4851a1d" relativeResultsDirectory="9fd8c6cb-2c40-4113-8ad7-bdecee86ea37">
    </UnitTestResult>
    <UnitTestResult executionId="8d272153-4848-47ac-b239-7b61026003c5" testId="59f8e928-4a52-b516-54e1-4468fdcc2899" testName="StDevTest" computerName="BUILD01" duration="00:00:06.0617562" startTime="2010-12-23T11:22:35.5914279-05:00" endTime="2010-12-23T11:22:41.6531841-05:00" testType="13cdc9d9-ddb5-4fa4-a97d-d965ccfc6d4b" outcome="Aborted" testListId="8c84fa94-04c1-424b-9868-57a2d4851a1d" relativeResultsDirectory="8d272153-4848-47ac-b239-7b61026003c5">
    </UnitTestResult>
    <UnitTestResult executionId="e7bd4076-301a-4c2c-8b14-88de13b3c581" testId="663df171-a32f-318b-3d27-9941e69286ea" testName="SumTest" computerName="BUILD01" duration="00:00:06.0568732" startTime="2010-12-23T11:22:35.5972875-05:00" endTime="2010-12-23T11:22:41.6541607-05:00" testType="13cdc9d9-ddb5-4fa4-a97d-d965ccfc6d4b" outcome="Aborted" testListId="8c84fa94-04c1-424b-9868-57a2d4851a1d" relativeResultsDirectory="e7bd4076-301a-4c2c-8b14-88de13b3c581">
    </UnitTestResult>
    <UnitTestResult executionId="5d091abb-66b2-4e5d-b064-5a4ec3f57fa1" testId="6e4270f9-a951-786a-8206-4d26f02d48f3" testName="VarTest" computerName="BUILD01" duration="00:00:06.0519902" startTime="2010-12-23T11:22:35.6021705-05:00" endTime="2010-12-23T11:22:41.6541607-05:00" testType="13cdc9d9-ddb5-4fa4-a97d-d965ccfc6d4b" outcome="Aborted" testListId="8c84fa94-04c1-424b-9868-57a2d4851a1d" relativeResultsDirectory="5d091abb-66b2-4e5d-b064-5a4ec3f57fa1">
    </UnitTestResult>
    <UnitTestResult executionId="68961921-6956-4490-986e-846d778e44a9" testId="3602c232-d4ac-a274-d8a7-aae36b928166" testName="CountTest" computerName="BUILD01" duration="00:00:06.0461306" startTime="2010-12-23T11:22:35.6080301-05:00" endTime="2010-12-23T11:22:41.6541607-05:00" testType="13cdc9d9-ddb5-4fa4-a97d-d965ccfc6d4b" outcome="Aborted" testListId="8c84fa94-04c1-424b-9868-57a2d4851a1d" relativeResultsDirectory="68961921-6956-4490-986e-846d778e44a9">
    </UnitTestResult>
    <UnitTestResult executionId="25c950d3-da7d-42de-ae90-8521fdc365d0" testId="8039a4a3-ecd6-01b0-8fb9-d0431614a78a" testName="EndTimeTest" computerName="BUILD01" duration="00:00:06.0402710" startTime="2010-12-23T11:22:35.6138897-05:00" endTime="2010-12-23T11:22:41.6541607-05:00" testType="13cdc9d9-ddb5-4fa4-a97d-d965ccfc6d4b" outcome="Aborted" testListId="8c84fa94-04c1-424b-9868-57a2d4851a1d" relativeResultsDirectory="25c950d3-da7d-42de-ae90-8521fdc365d0">
    </UnitTestResult>
    <UnitTestResult executionId="454c0639-e22c-4c21-9da6-9913b2db303a" testId="59c01b79-bf69-b84a-7057-a12b2a733494" testName="EnumeratorTest" computerName="BUILD01" duration="00:00:06.0353880" startTime="2010-12-23T11:22:35.6187727-05:00" endTime="2010-12-23T11:22:41.6541607-05:00" testType="13cdc9d9-ddb5-4fa4-a97d-d965ccfc6d4b" outcome="Aborted" testListId="8c84fa94-04c1-424b-9868-57a2d4851a1d" relativeResultsDirectory="454c0639-e22c-4c21-9da6-9913b2db303a">
    </UnitTestResult>
    <UnitTestResult executionId="9a5e4bc5-6ded-4ed5-8021-0fd3343e2973" testId="eeec48f2-dbf5-bef0-1f47-9e146825f890" testName="IndexerOutOfBoundsTest" computerName="BUILD01" duration="00:00:06.0285518" startTime="2010-12-23T11:22:35.6256089-05:00" endTime="2010-12-23T11:22:41.6541607-05:00" testType="13cdc9d9-ddb5-4fa4-a97d-d965ccfc6d4b" outcome="Aborted" testListId="8c84fa94-04c1-424b-9868-57a2d4851a1d" relativeResultsDirectory="9a5e4bc5-6ded-4ed5-8021-0fd3343e2973">
    </UnitTestResult>
    <UnitTestResult executionId="d88e7b5b-ed40-460f-88e1-6a546a97444c" testId="442394a5-417a-91dd-bf58-5d3311d338df" testName="IndexerTest" computerName="BUILD01" duration="00:00:06.0236688" startTime="2010-12-23T11:22:35.6304919-05:00" endTime="2010-12-23T11:22:41.6541607-05:00" testType="13cdc9d9-ddb5-4fa4-a97d-d965ccfc6d4b" outcome="Aborted" testListId="8c84fa94-04c1-424b-9868-57a2d4851a1d" relativeResultsDirectory="d88e7b5b-ed40-460f-88e1-6a546a97444c">
    </UnitTestResult>
    <UnitTestResult executionId="2af452b5-f053-4b1e-95c4-84afb5a64df5" testId="a1e17580-9517-1504-2aad-ad322e4228e0" testName="IndexOfNonExistingTest" computerName="BUILD01" duration="00:00:06.0168326" startTime="2010-12-23T11:22:35.6373281-05:00" endTime="2010-12-23T11:22:41.6541607-05:00" testType="13cdc9d9-ddb5-4fa4-a97d-d965ccfc6d4b" outcome="Aborted" testListId="8c84fa94-04c1-424b-9868-57a2d4851a1d" relativeResultsDirectory="2af452b5-f053-4b1e-95c4-84afb5a64df5">
    </UnitTestResult>
    <UnitTestResult executionId="40bc9e78-3145-40c5-968d-0b193294eea2" testId="6ce77e79-a3fb-32e3-b4bd-787e7f35b286" testName="IndexOfTest" computerName="BUILD01" duration="00:00:06.0119496" startTime="2010-12-23T11:22:35.6422111-05:00" endTime="2010-12-23T11:22:41.6541607-05:00" testType="13cdc9d9-ddb5-4fa4-a97d-d965ccfc6d4b" outcome="Aborted" testListId="8c84fa94-04c1-424b-9868-57a2d4851a1d" relativeResultsDirectory="40bc9e78-3145-40c5-968d-0b193294eea2">
    </UnitTestResult>
    <UnitTestResult executionId="ec5c2385-e755-4c8d-9a00-da630579d401" testId="437e6342-7460-3a5d-b520-9808ae7a125a" testName="StartTimeTest" computerName="BUILD01" duration="00:00:06.0060900" startTime="2010-12-23T11:22:35.6480707-05:00" endTime="2010-12-23T11:22:41.6541607-05:00" testType="13cdc9d9-ddb5-4fa4-a97d-d965ccfc6d4b" outcome="Aborted" testListId="8c84fa94-04c1-424b-9868-57a2d4851a1d" relativeResultsDirectory="ec5c2385-e755-4c8d-9a00-da630579d401">
    </UnitTestResult>
    <UnitTestResult executionId="73930e02-3c9d-49f8-83e1-bd4a959bd5f0" testId="aff4cbad-38c9-c130-060e-f26c3c1964a3" testName="SubTimelineIndirectTest" computerName="BUILD01" duration="00:00:06.0021836" startTime="2010-12-23T11:22:35.6529537-05:00" endTime="2010-12-23T11:22:41.6551373-05:00" testType="13cdc9d9-ddb5-4fa4-a97d-d965ccfc6d4b" outcome="Aborted" testListId="8c84fa94-04c1-424b-9868-57a2d4851a1d" relativeResultsDirectory="73930e02-3c9d-49f8-83e1-bd4a959bd5f0">
    </UnitTestResult>
    <UnitTestResult executionId="a604606a-7c90-4c7a-b5c7-4af8e33f60f7" testId="2998c055-62eb-8cd6-61e5-0ffc890350c6" testName="SubTimelineSegmentTest" computerName="BUILD01" duration="00:00:05.9963240" startTime="2010-12-23T11:22:35.6588133-05:00" endTime="2010-12-23T11:22:41.6551373-05:00" testType="13cdc9d9-ddb5-4fa4-a97d-d965ccfc6d4b" outcome="Aborted" testListId="8c84fa94-04c1-424b-9868-57a2d4851a1d" relativeResultsDirectory="a604606a-7c90-4c7a-b5c7-4af8e33f60f7">
    </UnitTestResult>
    <UnitTestResult executionId="bd225d75-5925-4c14-8ac1-975a562811ed" testId="d72557ed-e399-e6a8-8257-38ab614c7642" testName="TimeIndexCeilingSegmentTest" computerName="BUILD01" duration="00:00:05.9914410" startTime="2010-12-23T11:22:35.6636963-05:00" endTime="2010-12-23T11:22:41.6551373-05:00" testType="13cdc9d9-ddb5-4fa4-a97d-d965ccfc6d4b" outcome="Aborted" testListId="8c84fa94-04c1-424b-9868-57a2d4851a1d" relativeResultsDirectory="bd225d75-5925-4c14-8ac1-975a562811ed">
    </UnitTestResult>
    <UnitTestResult executionId="2c7abc08-45ec-4de2-b643-2dfe554be827" testId="d042fe29-7eba-5494-bf43-c2c5e3ba7935" testName="TimeIndexCeilingTest" computerName="BUILD01" duration="00:00:05.9855814" startTime="2010-12-23T11:22:35.6695559-05:00" endTime="2010-12-23T11:22:41.6551373-05:00" testType="13cdc9d9-ddb5-4fa4-a97d-d965ccfc6d4b" outcome="Aborted" testListId="8c84fa94-04c1-424b-9868-57a2d4851a1d" relativeResultsDirectory="2c7abc08-45ec-4de2-b643-2dfe554be827">
    </UnitTestResult>
    <UnitTestResult executionId="891bddee-bb56-4413-b96f-fb290334b542" testId="42f9a171-386a-7457-259b-769dd0696ae1" testName="TimeIndexFloorSegmentTest" computerName="BUILD01" duration="00:00:05.9797218" startTime="2010-12-23T11:22:35.6754155-05:00" endTime="2010-12-23T11:22:41.6551373-05:00" testType="13cdc9d9-ddb5-4fa4-a97d-d965ccfc6d4b" outcome="Aborted" testListId="8c84fa94-04c1-424b-9868-57a2d4851a1d" relativeResultsDirectory="891bddee-bb56-4413-b96f-fb290334b542">
    </UnitTestResult>
    <UnitTestResult executionId="5927eadf-615b-4e03-8d61-04c21e61c9b5" testId="f5d15f9c-8822-7881-ed79-b73933e46a4e" testName="TimeIndexFloorTest" computerName="BUILD01" duration="00:00:05.9748388" startTime="2010-12-23T11:22:35.6802985-05:00" endTime="2010-12-23T11:22:41.6551373-05:00" testType="13cdc9d9-ddb5-4fa4-a97d-d965ccfc6d4b" outcome="Aborted" testListId="8c84fa94-04c1-424b-9868-57a2d4851a1d" relativeResultsDirectory="5927eadf-615b-4e03-8d61-04c21e61c9b5">
    </UnitTestResult>
    <UnitTestResult executionId="99c30f81-109f-41c8-82a1-addf9ae2455c" testId="3a9d0875-a352-4b06-541a-1f81d79ce8a9" testName="TimePointsTest" computerName="BUILD01" duration="00:00:05.9689792" startTime="2010-12-23T11:22:35.6861581-05:00" endTime="2010-12-23T11:22:41.6551373-05:00" testType="13cdc9d9-ddb5-4fa4-a97d-d965ccfc6d4b" outcome="Aborted" testListId="8c84fa94-04c1-424b-9868-57a2d4851a1d" relativeResultsDirectory="99c30f81-109f-41c8-82a1-addf9ae2455c">
    </UnitTestResult>
    <UnitTestResult executionId="98a86b65-0734-4c12-9f44-b317fe256cf2" testId="4ea9fff4-4f4c-9a15-1a84-103805e53cc8" testName="CountTest" computerName="BUILD01" duration="00:00:05.9621430" startTime="2010-12-23T11:22:35.6929943-05:00" endTime="2010-12-23T11:22:41.6551373-05:00" testType="13cdc9d9-ddb5-4fa4-a97d-d965ccfc6d4b" outcome="Aborted" testListId="8c84fa94-04c1-424b-9868-57a2d4851a1d" relativeResultsDirectory="98a86b65-0734-4c12-9f44-b317fe256cf2">
    </UnitTestResult>
    <UnitTestResult executionId="e141c21e-c4a6-47ee-b638-4fa7c8bf87a2" testId="8ddcf1dc-36a9-d348-098d-9d8ac179ec0b" testName="EndTimeTest" computerName="BUILD01" duration="00:00:05.9572600" startTime="2010-12-23T11:22:35.6978773-05:00" endTime="2010-12-23T11:22:41.6551373-05:00" testType="13cdc9d9-ddb5-4fa4-a97d-d965ccfc6d4b" outcome="Aborted" testListId="8c84fa94-04c1-424b-9868-57a2d4851a1d" relativeResultsDirectory="e141c21e-c4a6-47ee-b638-4fa7c8bf87a2">
    </UnitTestResult>
    <UnitTestResult executionId="16c3d3ba-fdce-4ea2-b2d9-987db06c5c98" testId="8b1a469d-e7e1-fd56-0b75-f1e13f7cbe42" testName="EnumeratorTest" computerName="BUILD01" duration="00:00:05.9514004" startTime="2010-12-23T11:22:35.7047135-05:00" endTime="2010-12-23T11:22:41.6561139-05:00" testType="13cdc9d9-ddb5-4fa4-a97d-d965ccfc6d4b" outcome="Aborted" testListId="8c84fa94-04c1-424b-9868-57a2d4851a1d" relativeResultsDirectory="16c3d3ba-fdce-4ea2-b2d9-987db06c5c98">
    </UnitTestResult>
    <UnitTestResult executionId="14ee6fe2-6c4c-4946-8892-fe651ed6d9de" testId="5a65fcf0-9225-de21-acfe-e0227cb27f7d" testName="IndexerOutOfBoundsTest" computerName="BUILD01" duration="00:00:05.9455408" startTime="2010-12-23T11:22:35.7105731-05:00" endTime="2010-12-23T11:22:41.6561139-05:00" testType="13cdc9d9-ddb5-4fa4-a97d-d965ccfc6d4b" outcome="Aborted" testListId="8c84fa94-04c1-424b-9868-57a2d4851a1d" relativeResultsDirectory="14ee6fe2-6c4c-4946-8892-fe651ed6d9de">
    </UnitTestResult>
    <UnitTestResult executionId="ceaf7d2e-f3c6-4ad0-9924-ae5e90fee4b6" testId="25fc0124-d30a-cef2-5467-b024a34606fb" testName="IndexerTest" computerName="BUILD01" duration="00:00:05.9396812" startTime="2010-12-23T11:22:35.7164327-05:00" endTime="2010-12-23T11:22:41.6561139-05:00" testType="13cdc9d9-ddb5-4fa4-a97d-d965ccfc6d4b" outcome="Aborted" testListId="8c84fa94-04c1-424b-9868-57a2d4851a1d" relativeResultsDirectory="ceaf7d2e-f3c6-4ad0-9924-ae5e90fee4b6">
    </UnitTestResult>
    <UnitTestResult executionId="6c3786b3-f295-44f7-90b7-e192e3154968" testId="3c65a203-b4c1-12f4-7b31-606842ff64bf" testName="IndexOfNonExistingTest" computerName="BUILD01" duration="00:00:05.9338216" startTime="2010-12-23T11:22:35.7222923-05:00" endTime="2010-12-23T11:22:41.6561139-05:00" testType="13cdc9d9-ddb5-4fa4-a97d-d965ccfc6d4b" outcome="Aborted" testListId="8c84fa94-04c1-424b-9868-57a2d4851a1d" relativeResultsDirectory="6c3786b3-f295-44f7-90b7-e192e3154968">
    </UnitTestResult>
    <UnitTestResult executionId="512eba0e-6a26-48e7-b9d1-6a57a834c4f8" testId="e759a6aa-6671-cad8-a5f2-64df5712b9f7" testName="IndexOfTest" computerName="BUILD01" duration="00:00:05.9279620" startTime="2010-12-23T11:22:35.7281519-05:00" endTime="2010-12-23T11:22:41.6561139-05:00" testType="13cdc9d9-ddb5-4fa4-a97d-d965ccfc6d4b" outcome="Aborted" testListId="8c84fa94-04c1-424b-9868-57a2d4851a1d" relativeResultsDirectory="512eba0e-6a26-48e7-b9d1-6a57a834c4f8">
    </UnitTestResult>
    <UnitTestResult executionId="2bc70577-6e62-42f0-8f15-d50d3aea95d9" testId="8f4ceed2-6d1c-2d8e-b899-854a8fa68582" testName="StartTimeTest" computerName="BUILD01" duration="00:00:05.9230790" startTime="2010-12-23T11:22:35.7330349-05:00" endTime="2010-12-23T11:22:41.6561139-05:00" testType="13cdc9d9-ddb5-4fa4-a97d-d965ccfc6d4b" outcome="Aborted" testListId="8c84fa94-04c1-424b-9868-57a2d4851a1d" relativeResultsDirectory="2bc70577-6e62-42f0-8f15-d50d3aea95d9">
    </UnitTestResult>
    <UnitTestResult executionId="968174e8-8f97-4f9f-b9cd-f34f8bfae1d4" testId="864469ba-f84e-d345-4fd2-982a278c0f75" testName="SubTimelineIndirectTest" computerName="BUILD01" duration="00:00:05.9162428" startTime="2010-12-23T11:22:35.7398711-05:00" endTime="2010-12-23T11:22:41.6561139-05:00" testType="13cdc9d9-ddb5-4fa4-a97d-d965ccfc6d4b" outcome="Aborted" testListId="8c84fa94-04c1-424b-9868-57a2d4851a1d" relativeResultsDirectory="968174e8-8f97-4f9f-b9cd-f34f8bfae1d4">
    </UnitTestResult>
    <UnitTestResult executionId="7e6ef856-400a-4407-9734-5b515141a7bf" testId="e6dc5258-09fb-cc2f-85f9-16faea0fd241" testName="SubTimelineSegmentTest" computerName="BUILD01" duration="00:00:05.9113598" startTime="2010-12-23T11:22:35.7447541-05:00" endTime="2010-12-23T11:22:41.6561139-05:00" testType="13cdc9d9-ddb5-4fa4-a97d-d965ccfc6d4b" outcome="Aborted" testListId="8c84fa94-04c1-424b-9868-57a2d4851a1d" relativeResultsDirectory="7e6ef856-400a-4407-9734-5b515141a7bf">
    </UnitTestResult>
    <UnitTestResult executionId="d5256bc9-3fc3-4a4d-add1-09c838d227f1" testId="c2945a20-4457-882f-5426-efae069d43fe" testName="TimeIndexCeilingSegmentTest" computerName="BUILD01" duration="00:00:05.9055002" startTime="2010-12-23T11:22:35.7506137-05:00" endTime="2010-12-23T11:22:41.6561139-05:00" testType="13cdc9d9-ddb5-4fa4-a97d-d965ccfc6d4b" outcome="Aborted" testListId="8c84fa94-04c1-424b-9868-57a2d4851a1d" relativeResultsDirectory="d5256bc9-3fc3-4a4d-add1-09c838d227f1">
    </UnitTestResult>
    <UnitTestResult executionId="a8c88ccc-e5ea-4872-afae-391ca379c50d" testId="5c1413f3-4d69-6525-445e-13e064a69a25" testName="TimeIndexCeilingTest" computerName="BUILD01" duration="00:00:05.8976874" startTime="2010-12-23T11:22:35.7584265-05:00" endTime="2010-12-23T11:22:41.6561139-05:00" testType="13cdc9d9-ddb5-4fa4-a97d-d965ccfc6d4b" outcome="Aborted" testListId="8c84fa94-04c1-424b-9868-57a2d4851a1d" relativeResultsDirectory="a8c88ccc-e5ea-4872-afae-391ca379c50d">
    </UnitTestResult>
    <UnitTestResult executionId="0d238c1e-b646-4524-85a5-ae900306587c" testId="65154191-671f-4e01-f9a0-b0615c637d0f" testName="TimeIndexFloorSegmentTest" computerName="BUILD01" duration="00:00:05.8928044" startTime="2010-12-23T11:22:35.7642861-05:00" endTime="2010-12-23T11:22:41.6570905-05:00" testType="13cdc9d9-ddb5-4fa4-a97d-d965ccfc6d4b" outcome="Aborted" testListId="8c84fa94-04c1-424b-9868-57a2d4851a1d" relativeResultsDirectory="0d238c1e-b646-4524-85a5-ae900306587c">
    </UnitTestResult>
    <UnitTestResult executionId="a1e1922b-c3ab-4162-acc5-f08947ea4d51" testId="19e6506f-607b-e125-c6ec-83233becc68b" testName="TimeIndexFloorTest" computerName="BUILD01" duration="00:00:05.8869448" startTime="2010-12-23T11:22:35.7701457-05:00" endTime="2010-12-23T11:22:41.6570905-05:00" testType="13cdc9d9-ddb5-4fa4-a97d-d965ccfc6d4b" outcome="Aborted" testListId="8c84fa94-04c1-424b-9868-57a2d4851a1d" relativeResultsDirectory="a1e1922b-c3ab-4162-acc5-f08947ea4d51">
    </UnitTestResult>
    <UnitTestResult executionId="f3c63340-c411-450e-a78d-ab9afd969a8e" testId="4c2cbadd-4740-5e21-ff8b-4396e2c8e428" testName="TimePointsTest" computerName="BUILD01" duration="00:00:05.8810852" startTime="2010-12-23T11:22:35.7760053-05:00" endTime="2010-12-23T11:22:41.6570905-05:00" testType="13cdc9d9-ddb5-4fa4-a97d-d965ccfc6d4b" outcome="Aborted" testListId="8c84fa94-04c1-424b-9868-57a2d4851a1d" relativeResultsDirectory="f3c63340-c411-450e-a78d-ab9afd969a8e">
    </UnitTestResult>
    <UnitTestResult executionId="e56c20c0-2f97-4d70-a49a-5d103ef2573f" testId="64c8e2b1-f56d-80b3-52ce-3dadd0293daf" testName="DifferenceTest" computerName="BUILD01" duration="00:00:05.8762022" startTime="2010-12-23T11:22:35.7808883-05:00" endTime="2010-12-23T11:22:41.6570905-05:00" testType="13cdc9d9-ddb5-4fa4-a97d-d965ccfc6d4b" outcome="Aborted" testListId="8c84fa94-04c1-424b-9868-57a2d4851a1d" relativeResultsDirectory="e56c20c0-2f97-4d70-a49a-5d103ef2573f">
    </UnitTestResult>
    <UnitTestResult executionId="06128d15-aead-478c-b0a0-99a50ef04e2b" testId="ce910033-b39b-720b-c3ee-e8f085074707" testName="IntersectionTest" computerName="BUILD01" duration="00:00:05.8703426" startTime="2010-12-23T11:22:35.7867479-05:00" endTime="2010-12-23T11:22:41.6570905-05:00" testType="13cdc9d9-ddb5-4fa4-a97d-d965ccfc6d4b" outcome="Aborted" testListId="8c84fa94-04c1-424b-9868-57a2d4851a1d" relativeResultsDirectory="06128d15-aead-478c-b0a0-99a50ef04e2b">
    </UnitTestResult>
    <UnitTestResult executionId="859f4e47-8d5e-4187-b067-5e934a0287f5" testId="61a3e468-dc6b-5c60-df85-396d6c71f6b9" testName="SymDiffTest" computerName="BUILD01" duration="00:00:05.8644830" startTime="2010-12-23T11:22:35.7926075-05:00" endTime="2010-12-23T11:22:41.6570905-05:00" testType="13cdc9d9-ddb5-4fa4-a97d-d965ccfc6d4b" outcome="Aborted" testListId="8c84fa94-04c1-424b-9868-57a2d4851a1d" relativeResultsDirectory="859f4e47-8d5e-4187-b067-5e934a0287f5">
    </UnitTestResult>
    <UnitTestResult executionId="363b24f0-716a-469c-a036-e8591e16c944" testId="c41ae281-ab6d-ae68-af4e-419fc7d0d0da" testName="UnionTest" computerName="BUILD01" duration="00:00:05.8566702" startTime="2010-12-23T11:22:35.8004203-05:00" endTime="2010-12-23T11:22:41.6570905-05:00" testType="13cdc9d9-ddb5-4fa4-a97d-d965ccfc6d4b" outcome="Aborted" testListId="8c84fa94-04c1-424b-9868-57a2d4851a1d" relativeResultsDirectory="363b24f0-716a-469c-a036-e8591e16c944">
    </UnitTestResult>
    <UnitTestResult executionId="e17dec66-7d47-40b2-832c-1ef214866843" testId="004268ef-57c4-783e-773f-53ebab85a727" testName="BinaryTimelineAfterFinishStartEnumeratorTest" computerName="BUILD01" duration="00:00:05.8517872" startTime="2010-12-23T11:22:35.8053033-05:00" endTime="2010-12-23T11:22:41.6570905-05:00" testType="13cdc9d9-ddb5-4fa4-a97d-d965ccfc6d4b" outcome="Aborted" testListId="8c84fa94-04c1-424b-9868-57a2d4851a1d" relativeResultsDirectory="e17dec66-7d47-40b2-832c-1ef214866843">
    </UnitTestResult>
    <UnitTestResult executionId="1d844a38-46a7-492c-a0bd-d54d76fc1796" testId="d0967643-6030-d248-8540-fe30a0b92290" testName="BinaryTimelineBeforeStartEnumeratorTest" computerName="BUILD01" duration="00:00:05.8449510" startTime="2010-12-23T11:22:35.8121395-05:00" endTime="2010-12-23T11:22:41.6570905-05:00" testType="13cdc9d9-ddb5-4fa4-a97d-d965ccfc6d4b" outcome="Aborted" testListId="8c84fa94-04c1-424b-9868-57a2d4851a1d" relativeResultsDirectory="1d844a38-46a7-492c-a0bd-d54d76fc1796">
    </UnitTestResult>
    <UnitTestResult executionId="832832e3-0b9b-4ff7-abe8-d4f27b81970b" testId="1859dd2d-7bc7-b425-1f01-25450abe9ed5" testName="EmptyTimelineAfterFinishStartEnumeratorTest" computerName="BUILD01" duration="00:00:05.8390914" startTime="2010-12-23T11:22:35.8179991-05:00" endTime="2010-12-23T11:22:41.6570905-05:00" testType="13cdc9d9-ddb5-4fa4-a97d-d965ccfc6d4b" outcome="Aborted" testListId="8c84fa94-04c1-424b-9868-57a2d4851a1d" relativeResultsDirectory="832832e3-0b9b-4ff7-abe8-d4f27b81970b">
    </UnitTestResult>
    <UnitTestResult executionId="2b90fcf0-bd7d-42bb-ba3e-0df4e21a2c84" testId="40641a32-732d-c09b-22bc-4e131a19a861" testName="EmptyTimelineBeforeStartEnumeratorTest" computerName="BUILD01" duration="00:00:05.8332318" startTime="2010-12-23T11:22:35.8248353-05:00" endTime="2010-12-23T11:22:41.6580671-05:00" testType="13cdc9d9-ddb5-4fa4-a97d-d965ccfc6d4b" outcome="Aborted" testListId="8c84fa94-04c1-424b-9868-57a2d4851a1d" relativeResultsDirectory="2b90fcf0-bd7d-42bb-ba3e-0df4e21a2c84">
    </UnitTestResult>
    <UnitTestResult executionId="9256128f-99c7-451e-b0da-2e81fe5c40da" testId="3f80258c-8996-10ac-2883-e110f3c3eb43" testName="SingleTimelineAfterFinishStartEnumeratorTest" computerName="BUILD01" duration="00:00:05.8283488" startTime="2010-12-23T11:22:35.8297183-05:00" endTime="2010-12-23T11:22:41.6580671-05:00" testType="13cdc9d9-ddb5-4fa4-a97d-d965ccfc6d4b" outcome="Aborted" testListId="8c84fa94-04c1-424b-9868-57a2d4851a1d" relativeResultsDirectory="9256128f-99c7-451e-b0da-2e81fe5c40da">
    </UnitTestResult>
    <UnitTestResult executionId="a7cde6ff-9dcc-4ea2-903a-7b98d2cdf818" testId="d8921de2-77a2-e37f-da9b-961777ed8bee" testName="SingleTimelineBeforeStartEnumeratorTest" computerName="BUILD01" duration="00:00:05.8224892" startTime="2010-12-23T11:22:35.8355779-05:00" endTime="2010-12-23T11:22:41.6580671-05:00" testType="13cdc9d9-ddb5-4fa4-a97d-d965ccfc6d4b" outcome="Aborted" testListId="8c84fa94-04c1-424b-9868-57a2d4851a1d" relativeResultsDirectory="a7cde6ff-9dcc-4ea2-903a-7b98d2cdf818">
    </UnitTestResult>
    <UnitTestResult executionId="6312c6ba-c364-4cec-81bb-c311f8338a7e" testId="e5702c16-f1e0-d44f-2c35-7259e26b426f" testName="DifferenceTest" computerName="BUILD01" duration="00:00:05.8176062" startTime="2010-12-23T11:22:35.8404609-05:00" endTime="2010-12-23T11:22:41.6580671-05:00" testType="13cdc9d9-ddb5-4fa4-a97d-d965ccfc6d4b" outcome="Aborted" testListId="8c84fa94-04c1-424b-9868-57a2d4851a1d" relativeResultsDirectory="6312c6ba-c364-4cec-81bb-c311f8338a7e">
    </UnitTestResult>
    <UnitTestResult executionId="2b6c8b22-110b-4665-82d7-7509101c6f31" testId="818a2d02-e1b7-3302-e689-d202c08fdaf9" testName="GuideTest" computerName="BUILD01" duration="00:00:05.8117466" startTime="2010-12-23T11:22:35.8463205-05:00" endTime="2010-12-23T11:22:41.6580671-05:00" testType="13cdc9d9-ddb5-4fa4-a97d-d965ccfc6d4b" outcome="Aborted" testListId="8c84fa94-04c1-424b-9868-57a2d4851a1d" relativeResultsDirectory="2b6c8b22-110b-4665-82d7-7509101c6f31">
    </UnitTestResult>
    <UnitTestResult executionId="9394aed5-5787-4aef-8a63-ad5c4b16be1f" testId="84f4edd6-a2cb-151a-e45c-22a79a38592e" testName="IntersectionTest" computerName="BUILD01" duration="00:00:05.8068636" startTime="2010-12-23T11:22:35.8512035-05:00" endTime="2010-12-23T11:22:41.6580671-05:00" testType="13cdc9d9-ddb5-4fa4-a97d-d965ccfc6d4b" outcome="Aborted" testListId="8c84fa94-04c1-424b-9868-57a2d4851a1d" relativeResultsDirectory="9394aed5-5787-4aef-8a63-ad5c4b16be1f">
    </UnitTestResult>
    <UnitTestResult executionId="1332ad9a-bf18-4609-9721-b6a0df8e0fd6" testId="3f2c387e-5a25-3330-8216-e7e5daa1c5ab" testName="SymDiffTest" computerName="BUILD01" duration="00:00:05.8010040" startTime="2010-12-23T11:22:35.8570631-05:00" endTime="2010-12-23T11:22:41.6580671-05:00" testType="13cdc9d9-ddb5-4fa4-a97d-d965ccfc6d4b" outcome="Aborted" testListId="8c84fa94-04c1-424b-9868-57a2d4851a1d" relativeResultsDirectory="1332ad9a-bf18-4609-9721-b6a0df8e0fd6">
    </UnitTestResult>
    <UnitTestResult executionId="e091ffd8-75ec-4a31-ab08-2ba550e04f41" testId="90692cd6-bf69-9415-ab81-3c1cb70afea4" testName="UnionTest" computerName="BUILD01" duration="00:00:05.7951444" startTime="2010-12-23T11:22:35.8629227-05:00" endTime="2010-12-23T11:22:41.6580671-05:00" testType="13cdc9d9-ddb5-4fa4-a97d-d965ccfc6d4b" outcome="Aborted" testListId="8c84fa94-04c1-424b-9868-57a2d4851a1d" relativeResultsDirectory="e091ffd8-75ec-4a31-ab08-2ba550e04f41">
    </UnitTestResult>
    <UnitTestResult executionId="d73042d2-749c-439d-bd64-38cc51533ba5" testId="e0fe8ce9-9670-58bb-3099-0658ba661921" testName="DifferenceOfDifferenceTest" computerName="BUILD01" duration="00:00:05.7892848" startTime="2010-12-23T11:22:35.8687823-05:00" endTime="2010-12-23T11:22:41.6580671-05:00" testType="13cdc9d9-ddb5-4fa4-a97d-d965ccfc6d4b" outcome="Aborted" testListId="8c84fa94-04c1-424b-9868-57a2d4851a1d" relativeResultsDirectory="d73042d2-749c-439d-bd64-38cc51533ba5">
    </UnitTestResult>
    <UnitTestResult executionId="62e79c7b-aa70-4564-bbca-61ff12065566" testId="1596d980-5e27-4a92-8091-b6575a9fc7f0" testName="DifferenceOfGuideTest" computerName="BUILD01" duration="00:00:05.7844018" startTime="2010-12-23T11:22:35.8746419-05:00" endTime="2010-12-23T11:22:41.6590437-05:00" testType="13cdc9d9-ddb5-4fa4-a97d-d965ccfc6d4b" outcome="Aborted" testListId="8c84fa94-04c1-424b-9868-57a2d4851a1d" relativeResultsDirectory="62e79c7b-aa70-4564-bbca-61ff12065566">
    </UnitTestResult>
    <UnitTestResult executionId="d05cfa2c-4e1c-4bf1-95b7-11b47c77a4db" testId="815eeb30-b60a-ff07-724f-869a63c735f5" testName="DifferenceOfIntersectionTest" computerName="BUILD01" duration="00:00:05.7785422" startTime="2010-12-23T11:22:35.8805015-05:00" endTime="2010-12-23T11:22:41.6590437-05:00" testType="13cdc9d9-ddb5-4fa4-a97d-d965ccfc6d4b" outcome="Aborted" testListId="8c84fa94-04c1-424b-9868-57a2d4851a1d" relativeResultsDirectory="d05cfa2c-4e1c-4bf1-95b7-11b47c77a4db">
    </UnitTestResult>
    <UnitTestResult executionId="dac2334c-4f1f-4d5c-8878-bb30e4d8f93c" testId="d76c8d5e-6971-7e3c-942d-90797c25e538" testName="DifferenceOfSymDiffTest" computerName="BUILD01" duration="00:00:05.7726826" startTime="2010-12-23T11:22:35.8863611-05:00" endTime="2010-12-23T11:22:41.6590437-05:00" testType="13cdc9d9-ddb5-4fa4-a97d-d965ccfc6d4b" outcome="Aborted" testListId="8c84fa94-04c1-424b-9868-57a2d4851a1d" relativeResultsDirectory="dac2334c-4f1f-4d5c-8878-bb30e4d8f93c">
    </UnitTestResult>
    <UnitTestResult executionId="26349966-fab0-43ae-89e9-0a0f3702849e" testId="447ea204-9a40-1817-a7f8-70fbeefcdd8a" testName="DifferenceOfUnionTest" computerName="BUILD01" duration="00:00:05.7668230" startTime="2010-12-23T11:22:35.8922207-05:00" endTime="2010-12-23T11:22:41.6590437-05:00" testType="13cdc9d9-ddb5-4fa4-a97d-d965ccfc6d4b" outcome="Aborted" testListId="8c84fa94-04c1-424b-9868-57a2d4851a1d" relativeResultsDirectory="26349966-fab0-43ae-89e9-0a0f3702849e">
    </UnitTestResult>
    <UnitTestResult executionId="a158b2e1-f5dc-4f35-ada8-bc0ec3546ece" testId="9de5d6ad-e2ef-91a8-9c09-31ab3cea18c1" testName="GuideOfDifferenceTest" computerName="BUILD01" duration="00:00:05.7609634" startTime="2010-12-23T11:22:35.8980803-05:00" endTime="2010-12-23T11:22:41.6590437-05:00" testType="13cdc9d9-ddb5-4fa4-a97d-d965ccfc6d4b" outcome="Aborted" testListId="8c84fa94-04c1-424b-9868-57a2d4851a1d" relativeResultsDirectory="a158b2e1-f5dc-4f35-ada8-bc0ec3546ece">
    </UnitTestResult>
    <UnitTestResult executionId="b4b95976-5438-4fbc-9f80-e698f334eb9c" testId="da7100cd-4019-1761-c3a2-1821f32bc97f" testName="GuideOfGuideTest" computerName="BUILD01" duration="00:00:05.7551038" startTime="2010-12-23T11:22:35.9039399-05:00" endTime="2010-12-23T11:22:41.6590437-05:00" testType="13cdc9d9-ddb5-4fa4-a97d-d965ccfc6d4b" outcome="Aborted" testListId="8c84fa94-04c1-424b-9868-57a2d4851a1d" relativeResultsDirectory="b4b95976-5438-4fbc-9f80-e698f334eb9c">
    </UnitTestResult>
    <UnitTestResult executionId="c141db59-81ce-410d-8cda-38880b02e69b" testId="95acf9e6-92e1-1b37-b38c-3a1fdbca2129" testName="GuideOfIntersectionTest" computerName="BUILD01" duration="00:00:05.7492442" startTime="2010-12-23T11:22:35.9097995-05:00" endTime="2010-12-23T11:22:41.6590437-05:00" testType="13cdc9d9-ddb5-4fa4-a97d-d965ccfc6d4b" outcome="Aborted" testListId="8c84fa94-04c1-424b-9868-57a2d4851a1d" relativeResultsDirectory="c141db59-81ce-410d-8cda-38880b02e69b">
    </UnitTestResult>
    <UnitTestResult executionId="7ef9c50d-d796-41bd-9a41-def3be0d7631" testId="524104f7-1850-6ffc-d395-c0531994936a" testName="GuideOfSymDiffTest" computerName="BUILD01" duration="00:00:05.7433846" startTime="2010-12-23T11:22:35.9156591-05:00" endTime="2010-12-23T11:22:41.6590437-05:00" testType="13cdc9d9-ddb5-4fa4-a97d-d965ccfc6d4b" outcome="Aborted" testListId="8c84fa94-04c1-424b-9868-57a2d4851a1d" relativeResultsDirectory="7ef9c50d-d796-41bd-9a41-def3be0d7631">
    </UnitTestResult>
    <UnitTestResult executionId="f22b2006-7b99-44c6-96ce-69eb9efffe38" testId="15a22801-887b-8136-68f1-6f969fb1107f" testName="GuideOfUnionTest" computerName="BUILD01" duration="00:00:05.7385016" startTime="2010-12-23T11:22:35.9205421-05:00" endTime="2010-12-23T11:22:41.6590437-05:00" testType="13cdc9d9-ddb5-4fa4-a97d-d965ccfc6d4b" outcome="Aborted" testListId="8c84fa94-04c1-424b-9868-57a2d4851a1d" relativeResultsDirectory="f22b2006-7b99-44c6-96ce-69eb9efffe38">
    </UnitTestResult>
    <UnitTestResult executionId="bbacdd20-2337-4ce9-8723-365ffb408e52" testId="c7b5a6a7-e35c-2b25-a69a-80b98ec3bb5c" testName="IntersectionOfDifferenceTest" computerName="BUILD01" duration="00:00:05.7326420" startTime="2010-12-23T11:22:35.9264017-05:00" endTime="2010-12-23T11:22:41.6590437-05:00" testType="13cdc9d9-ddb5-4fa4-a97d-d965ccfc6d4b" outcome="Aborted" testListId="8c84fa94-04c1-424b-9868-57a2d4851a1d" relativeResultsDirectory="bbacdd20-2337-4ce9-8723-365ffb408e52">
    </UnitTestResult>
    <UnitTestResult executionId="4cfbe00b-e916-4cdb-b226-a4a02d361b4f" testId="6a7887b0-8e2d-3462-4861-525f6d9ab034" testName="IntersectionOfGuideTest" computerName="BUILD01" duration="00:00:05.7277590" startTime="2010-12-23T11:22:35.9322613-05:00" endTime="2010-12-23T11:22:41.6600203-05:00" testType="13cdc9d9-ddb5-4fa4-a97d-d965ccfc6d4b" outcome="Aborted" testListId="8c84fa94-04c1-424b-9868-57a2d4851a1d" relativeResultsDirectory="4cfbe00b-e916-4cdb-b226-a4a02d361b4f">
    </UnitTestResult>
    <UnitTestResult executionId="3c5ae97a-8800-4172-8d54-db01ced4e4ae" testId="d32770ba-faef-c162-caf5-a20dff8ecac6" testName="IntersectionOfIntersectionTest" computerName="BUILD01" duration="00:00:05.7218994" startTime="2010-12-23T11:22:35.9381209-05:00" endTime="2010-12-23T11:22:41.6600203-05:00" testType="13cdc9d9-ddb5-4fa4-a97d-d965ccfc6d4b" outcome="Aborted" testListId="8c84fa94-04c1-424b-9868-57a2d4851a1d" relativeResultsDirectory="3c5ae97a-8800-4172-8d54-db01ced4e4ae">
    </UnitTestResult>
    <UnitTestResult executionId="31ef6734-c6f6-43f9-a3b2-b703d2cce655" testId="541c258e-59c3-4705-d142-a748112489d9" testName="IntersectionOfSymDiffTest" computerName="BUILD01" duration="00:00:05.7170164" startTime="2010-12-23T11:22:35.9430039-05:00" endTime="2010-12-23T11:22:41.6600203-05:00" testType="13cdc9d9-ddb5-4fa4-a97d-d965ccfc6d4b" outcome="Aborted" testListId="8c84fa94-04c1-424b-9868-57a2d4851a1d" relativeResultsDirectory="31ef6734-c6f6-43f9-a3b2-b703d2cce655">
    </UnitTestResult>
    <UnitTestResult executionId="645f0239-6177-474d-a8d3-8420f222788a" testId="f7c6ec76-bb0e-a00b-4485-3e632b83b746" testName="IntersectionOfUnionTest" computerName="BUILD01" duration="00:00:05.7101802" startTime="2010-12-23T11:22:35.9498401-05:00" endTime="2010-12-23T11:22:41.6600203-05:00" testType="13cdc9d9-ddb5-4fa4-a97d-d965ccfc6d4b" outcome="Aborted" testListId="8c84fa94-04c1-424b-9868-57a2d4851a1d" relativeResultsDirectory="645f0239-6177-474d-a8d3-8420f222788a">
    </UnitTestResult>
    <UnitTestResult executionId="ec5a65e0-cea0-4e2c-b0cb-9ed401a3fd25" testId="281c78ab-bfa7-4913-fde9-34226c3ddf6e" testName="SymDiffOfDifferenceTest" computerName="BUILD01" duration="00:00:05.7033440" startTime="2010-12-23T11:22:35.9566763-05:00" endTime="2010-12-23T11:22:41.6600203-05:00" testType="13cdc9d9-ddb5-4fa4-a97d-d965ccfc6d4b" outcome="Aborted" testListId="8c84fa94-04c1-424b-9868-57a2d4851a1d" relativeResultsDirectory="ec5a65e0-cea0-4e2c-b0cb-9ed401a3fd25">
    </UnitTestResult>
    <UnitTestResult executionId="a9a81b62-b2be-4e07-9d47-1d79fb0df421" testId="9eddcb32-763d-50c2-96ac-ebeb83e711b8" testName="SymDiffOfGuideTest" computerName="BUILD01" duration="00:00:05.6984610" startTime="2010-12-23T11:22:35.9615593-05:00" endTime="2010-12-23T11:22:41.6600203-05:00" testType="13cdc9d9-ddb5-4fa4-a97d-d965ccfc6d4b" outcome="Aborted" testListId="8c84fa94-04c1-424b-9868-57a2d4851a1d" relativeResultsDirectory="a9a81b62-b2be-4e07-9d47-1d79fb0df421">
    </UnitTestResult>
    <UnitTestResult executionId="a120d086-89e0-434b-86aa-46237f5f74f7" testId="ca14ef8d-9815-7e11-a3df-ce1863fcfe8b" testName="SymDiffOfIntersectionTest" computerName="BUILD01" duration="00:00:05.6916248" startTime="2010-12-23T11:22:35.9683955-05:00" endTime="2010-12-23T11:22:41.6600203-05:00" testType="13cdc9d9-ddb5-4fa4-a97d-d965ccfc6d4b" outcome="Aborted" testListId="8c84fa94-04c1-424b-9868-57a2d4851a1d" relativeResultsDirectory="a120d086-89e0-434b-86aa-46237f5f74f7">
    </UnitTestResult>
    <UnitTestResult executionId="276c2f2c-236c-4ad9-9cc7-7f23ed53fd27" testId="1b5f9f3e-18b2-bb29-64fb-e2a66c789d9c" testName="SymDiffOfSymDiffTest" computerName="BUILD01" duration="00:00:05.6857652" startTime="2010-12-23T11:22:35.9742551-05:00" endTime="2010-12-23T11:22:41.6600203-05:00" testType="13cdc9d9-ddb5-4fa4-a97d-d965ccfc6d4b" outcome="Aborted" testListId="8c84fa94-04c1-424b-9868-57a2d4851a1d" relativeResultsDirectory="276c2f2c-236c-4ad9-9cc7-7f23ed53fd27">
    </UnitTestResult>
    <UnitTestResult executionId="326aedb2-d9bd-43a7-8ed8-3ea577ec32c2" testId="cf70b2ca-bbd3-119b-2e68-ed35debd287e" testName="SymDiffOfUnionTest" computerName="BUILD01" duration="00:00:05.6799056" startTime="2010-12-23T11:22:35.9801147-05:00" endTime="2010-12-23T11:22:41.6600203-05:00" testType="13cdc9d9-ddb5-4fa4-a97d-d965ccfc6d4b" outcome="Aborted" testListId="8c84fa94-04c1-424b-9868-57a2d4851a1d" relativeResultsDirectory="326aedb2-d9bd-43a7-8ed8-3ea577ec32c2">
    </UnitTestResult>
    <UnitTestResult executionId="cb6d01c2-b218-4869-911e-1d2924555732" testId="9e81afae-608c-8cfe-3c4e-3a84abe52e8a" testName="UnionOfDifferenceTest" computerName="BUILD01" duration="00:00:05.6740460" startTime="2010-12-23T11:22:35.9859743-05:00" endTime="2010-12-23T11:22:41.6600203-05:00" testType="13cdc9d9-ddb5-4fa4-a97d-d965ccfc6d4b" outcome="Aborted" testListId="8c84fa94-04c1-424b-9868-57a2d4851a1d" relativeResultsDirectory="cb6d01c2-b218-4869-911e-1d2924555732">
    </UnitTestResult>
    <UnitTestResult executionId="eeca4a3c-59e8-4ebb-8d24-8c61968332dd" testId="e72763ce-344e-fd34-94c6-410f0a4ca150" testName="UnionOfGuideTest" computerName="BUILD01" duration="00:00:05.6691630" startTime="2010-12-23T11:22:35.9918339-05:00" endTime="2010-12-23T11:22:41.6609969-05:00" testType="13cdc9d9-ddb5-4fa4-a97d-d965ccfc6d4b" outcome="Aborted" testListId="8c84fa94-04c1-424b-9868-57a2d4851a1d" relativeResultsDirectory="eeca4a3c-59e8-4ebb-8d24-8c61968332dd">
    </UnitTestResult>
    <UnitTestResult executionId="f736c42c-aa79-482f-b202-52a8fa3276d8" testId="0b0bdee1-6828-5b4d-0b03-cbd806b42892" testName="UnionOfIntersectionTest" computerName="BUILD01" duration="00:00:04.5197048" startTime="2010-12-23T11:22:37.1412921-05:00" endTime="2010-12-23T11:22:41.6609969-05:00" testType="13cdc9d9-ddb5-4fa4-a97d-d965ccfc6d4b" outcome="Aborted" testListId="8c84fa94-04c1-424b-9868-57a2d4851a1d" relativeResultsDirectory="f736c42c-aa79-482f-b202-52a8fa3276d8">
    </UnitTestResult>
    <UnitTestResult executionId="93532d5a-3b2b-4af6-a396-216bb89c0f5b" testId="4455217a-5153-38fd-384a-e8e791a9476c" testName="UnionOfSymDiffTest" computerName="BUILD01" duration="00:00:04.5138452" startTime="2010-12-23T11:22:37.1471517-05:00" endTime="2010-12-23T11:22:41.6609969-05:00" testType="13cdc9d9-ddb5-4fa4-a97d-d965ccfc6d4b" outcome="Aborted" testListId="8c84fa94-04c1-424b-9868-57a2d4851a1d" relativeResultsDirectory="93532d5a-3b2b-4af6-a396-216bb89c0f5b">
    </UnitTestResult>
    <UnitTestResult executionId="fbfeffa3-adb2-4baa-ab57-6e6909b6a681" testId="ec82a704-6d1c-aa0d-d2d5-7029a27d8967" testName="UnionOfUnionTest" computerName="BUILD01" duration="00:00:04.5079856" startTime="2010-12-23T11:22:37.1530113-05:00" endTime="2010-12-23T11:22:41.6609969-05:00" testType="13cdc9d9-ddb5-4fa4-a97d-d965ccfc6d4b" outcome="Aborted" testListId="8c84fa94-04c1-424b-9868-57a2d4851a1d" relativeResultsDirectory="fbfeffa3-adb2-4baa-ab57-6e6909b6a681">
    </UnitTestResult>
    <UnitTestResult executionId="164858b6-feeb-44f8-b186-a5190b220695" testId="a26f44c5-b3fc-9684-8e8d-c7ca13d66711" testName="TimeIndexConsistencyTest" computerName="BUILD01" duration="00:00:04.5021260" startTime="2010-12-23T11:22:37.1588709-05:00" endTime="2010-12-23T11:22:41.6609969-05:00" testType="13cdc9d9-ddb5-4fa4-a97d-d965ccfc6d4b" outcome="Aborted" testListId="8c84fa94-04c1-424b-9868-57a2d4851a1d" relativeResultsDirectory="164858b6-feeb-44f8-b186-a5190b220695">
    </UnitTestResult>
    <UnitTestResult executionId="1f361348-dd0e-42f3-b4ca-87304b882086" testId="e83e4620-a5b8-c98e-6085-dddfdf70e496" testName="RecurringTimelineCreationPerformanceTest" computerName="BUILD01" duration="00:00:04.4972430" startTime="2010-12-23T11:22:37.1637539-05:00" endTime="2010-12-23T11:22:41.6609969-05:00" testType="13cdc9d9-ddb5-4fa4-a97d-d965ccfc6d4b" outcome="Aborted" testListId="8c84fa94-04c1-424b-9868-57a2d4851a1d" relativeResultsDirectory="1f361348-dd0e-42f3-b4ca-87304b882086">
    </UnitTestResult>
    <UnitTestResult executionId="44274ee1-3507-4236-b945-d63ba2df39fa" testId="7a65d649-5829-2ae1-9a1f-47c652834b28" testName="EveryDayTimelineCreationTest" computerName="BUILD01" duration="00:00:04.4904068" startTime="2010-12-23T11:22:37.1705901-05:00" endTime="2010-12-23T11:22:41.6609969-05:00" testType="13cdc9d9-ddb5-4fa4-a97d-d965ccfc6d4b" outcome="Aborted" testListId="8c84fa94-04c1-424b-9868-57a2d4851a1d" relativeResultsDirectory="44274ee1-3507-4236-b945-d63ba2df39fa">
    </UnitTestResult>
    <UnitTestResult executionId="94d5a148-d324-46ad-8094-a7766fc9319d" testId="433150e4-3962-1e19-6807-9d4a1ccdd2ba" testName="EveryWeekdayTimelineCreationTest" computerName="BUILD01" duration="00:00:04.4845472" startTime="2010-12-23T11:22:37.1764497-05:00" endTime="2010-12-23T11:22:41.6609969-05:00" testType="13cdc9d9-ddb5-4fa4-a97d-d965ccfc6d4b" outcome="Aborted" testListId="8c84fa94-04c1-424b-9868-57a2d4851a1d" relativeResultsDirectory="94d5a148-d324-46ad-8094-a7766fc9319d">
    </UnitTestResult>
    <UnitTestResult executionId="3661409d-77cc-48d4-b84a-210890b1e953" testId="508294a6-0f55-a78a-7cab-39a5d646f4ff" testName="EveryWorkdayTimelineCreationTest" computerName="BUILD01" duration="00:00:04.4796642" startTime="2010-12-23T11:22:37.1813327-05:00" endTime="2010-12-23T11:22:41.6609969-05:00" testType="13cdc9d9-ddb5-4fa4-a97d-d965ccfc6d4b" outcome="Aborted" testListId="8c84fa94-04c1-424b-9868-57a2d4851a1d" relativeResultsDirectory="3661409d-77cc-48d4-b84a-210890b1e953">
    </UnitTestResult>
    <UnitTestResult executionId="512acc7f-8eff-42a8-afb7-29ff5724eeca" testId="4e3dee07-5d75-3f36-0a46-cf316f63189d" testName="StartEndDeltaTimelineCreationTest" computerName="BUILD01" duration="00:00:04.4747812" startTime="2010-12-23T11:22:37.1871923-05:00" endTime="2010-12-23T11:22:41.6619735-05:00" testType="13cdc9d9-ddb5-4fa4-a97d-d965ccfc6d4b" outcome="Aborted" testListId="8c84fa94-04c1-424b-9868-57a2d4851a1d" relativeResultsDirectory="512acc7f-8eff-42a8-afb7-29ff5724eeca">
    </UnitTestResult>
    <UnitTestResult executionId="39ac159a-252e-4194-b3aa-6c9ed775141d" testId="006c7dca-a93f-f8d5-0f69-17a2167f2a4a" testName="StartEndTimelineCreationTest" computerName="BUILD01" duration="00:00:04.4689216" startTime="2010-12-23T11:22:37.1930519-05:00" endTime="2010-12-23T11:22:41.6619735-05:00" testType="13cdc9d9-ddb5-4fa4-a97d-d965ccfc6d4b" outcome="Aborted" testListId="8c84fa94-04c1-424b-9868-57a2d4851a1d" relativeResultsDirectory="39ac159a-252e-4194-b3aa-6c9ed775141d">
    </UnitTestResult>
    <UnitTestResult executionId="178c05d0-49d2-4aa1-ba3e-d4df96c6bdf7" testId="7adbc218-b49e-7d1a-f9d6-519e4cff4dbb" testName="CountTest" computerName="BUILD01" duration="00:00:04.4630620" startTime="2010-12-23T11:22:37.1989115-05:00" endTime="2010-12-23T11:22:41.6619735-05:00" testType="13cdc9d9-ddb5-4fa4-a97d-d965ccfc6d4b" outcome="Aborted" testListId="8c84fa94-04c1-424b-9868-57a2d4851a1d" relativeResultsDirectory="178c05d0-49d2-4aa1-ba3e-d4df96c6bdf7">
    </UnitTestResult>
    <UnitTestResult executionId="3731516d-0b1d-41d2-b8ba-b653ae5b2fe8" testId="95207a62-32cb-7eac-637b-8142e417bc24" testName="EndTimeTest" computerName="BUILD01" duration="00:00:04.4572024" startTime="2010-12-23T11:22:37.2047711-05:00" endTime="2010-12-23T11:22:41.6619735-05:00" testType="13cdc9d9-ddb5-4fa4-a97d-d965ccfc6d4b" outcome="Aborted" testListId="8c84fa94-04c1-424b-9868-57a2d4851a1d" relativeResultsDirectory="3731516d-0b1d-41d2-b8ba-b653ae5b2fe8">
    </UnitTestResult>
    <UnitTestResult executionId="da4f9d39-38a0-4108-b614-966222486643" testId="563e20ee-1cca-b394-3016-70444b42725a" testName="EnumeratorTest" computerName="BUILD01" duration="00:00:04.4513428" startTime="2010-12-23T11:22:37.2106307-05:00" endTime="2010-12-23T11:22:41.6619735-05:00" testType="13cdc9d9-ddb5-4fa4-a97d-d965ccfc6d4b" outcome="Aborted" testListId="8c84fa94-04c1-424b-9868-57a2d4851a1d" relativeResultsDirectory="da4f9d39-38a0-4108-b614-966222486643">
    </UnitTestResult>
    <UnitTestResult executionId="65010fc0-edfa-489c-90bc-0609d23635ce" testId="3481a1e0-9bc9-c01a-55ab-88c3b2ec51d3" testName="IndexerOutOfBoundsTest" computerName="BUILD01" duration="00:00:04.4454832" startTime="2010-12-23T11:22:37.2164903-05:00" endTime="2010-12-23T11:22:41.6619735-05:00" testType="13cdc9d9-ddb5-4fa4-a97d-d965ccfc6d4b" outcome="Aborted" testListId="8c84fa94-04c1-424b-9868-57a2d4851a1d" relativeResultsDirectory="65010fc0-edfa-489c-90bc-0609d23635ce">
    </UnitTestResult>
    <UnitTestResult executionId="31164215-dffc-4ffb-a317-1b5df0f550e2" testId="c7a42b38-7e3c-442a-2bfa-8bbc06c41fc8" testName="IndexerTest" computerName="BUILD01" duration="00:00:04.4396236" startTime="2010-12-23T11:22:37.2223499-05:00" endTime="2010-12-23T11:22:41.6619735-05:00" testType="13cdc9d9-ddb5-4fa4-a97d-d965ccfc6d4b" outcome="Aborted" testListId="8c84fa94-04c1-424b-9868-57a2d4851a1d" relativeResultsDirectory="31164215-dffc-4ffb-a317-1b5df0f550e2">
    </UnitTestResult>
    <UnitTestResult executionId="091579b8-b23e-4cf6-b44f-ca2d77538bc5" testId="b93b5a3f-be95-6415-8e9d-aea801688897" testName="IndexOfNonExistingTest" computerName="BUILD01" duration="00:00:04.4337640" startTime="2010-12-23T11:22:37.2282095-05:00" endTime="2010-12-23T11:22:41.6619735-05:00" testType="13cdc9d9-ddb5-4fa4-a97d-d965ccfc6d4b" outcome="Aborted" testListId="8c84fa94-04c1-424b-9868-57a2d4851a1d" relativeResultsDirectory="091579b8-b23e-4cf6-b44f-ca2d77538bc5">
    </UnitTestResult>
    <UnitTestResult executionId="81b46647-cb5d-48cf-b483-7a5272cb9085" testId="89c4c40a-2672-ebb7-9e60-cbc52d692c08" testName="IndexOfTest" computerName="BUILD01" duration="00:00:04.4288810" startTime="2010-12-23T11:22:37.2330925-05:00" endTime="2010-12-23T11:22:41.6619735-05:00" testType="13cdc9d9-ddb5-4fa4-a97d-d965ccfc6d4b" outcome="Aborted" testListId="8c84fa94-04c1-424b-9868-57a2d4851a1d" relativeResultsDirectory="81b46647-cb5d-48cf-b483-7a5272cb9085">
    </UnitTestResult>
    <UnitTestResult executionId="9ef1f7ab-5ce2-49fd-8c14-ac942507d7ac" testId="48f42360-a939-8248-4c02-1a011e21c1d7" testName="StartTimeTest" computerName="BUILD01" duration="00:00:04.4230214" startTime="2010-12-23T11:22:37.2389521-05:00" endTime="2010-12-23T11:22:41.6619735-05:00" testType="13cdc9d9-ddb5-4fa4-a97d-d965ccfc6d4b" outcome="Aborted" testListId="8c84fa94-04c1-424b-9868-57a2d4851a1d" relativeResultsDirectory="9ef1f7ab-5ce2-49fd-8c14-ac942507d7ac">
    </UnitTestResult>
    <UnitTestResult executionId="58075b7f-9e66-44f5-9bc3-195117eacc7a" testId="a93af62a-5c89-eac5-3fd2-6fc5572fa86a" testName="SubTimelineIndirectTest" computerName="BUILD01" duration="00:00:04.4191150" startTime="2010-12-23T11:22:37.2438351-05:00" endTime="2010-12-23T11:22:41.6629501-05:00" testType="13cdc9d9-ddb5-4fa4-a97d-d965ccfc6d4b" outcome="Aborted" testListId="8c84fa94-04c1-424b-9868-57a2d4851a1d" relativeResultsDirectory="58075b7f-9e66-44f5-9bc3-195117eacc7a">
    </UnitTestResult>
    <UnitTestResult executionId="dbef525b-c30f-4eb0-b630-fb1ab83ddaba" testId="44e2ddd1-6991-a13f-e19a-f74c15b06f79" testName="SubTimelineSegmentTest" computerName="BUILD01" duration="00:00:04.4142320" startTime="2010-12-23T11:22:37.2487181-05:00" endTime="2010-12-23T11:22:41.6629501-05:00" testType="13cdc9d9-ddb5-4fa4-a97d-d965ccfc6d4b" outcome="Aborted" testListId="8c84fa94-04c1-424b-9868-57a2d4851a1d" relativeResultsDirectory="dbef525b-c30f-4eb0-b630-fb1ab83ddaba">
    </UnitTestResult>
    <UnitTestResult executionId="ec18ccc3-fa55-4656-9609-247d94eff081" testId="b5821f00-cbca-787f-c67e-60c12d1771ef" testName="TimeIndexCeilingSegmentTest" computerName="BUILD01" duration="00:00:04.4083724" startTime="2010-12-23T11:22:37.2545777-05:00" endTime="2010-12-23T11:22:41.6629501-05:00" testType="13cdc9d9-ddb5-4fa4-a97d-d965ccfc6d4b" outcome="Aborted" testListId="8c84fa94-04c1-424b-9868-57a2d4851a1d" relativeResultsDirectory="ec18ccc3-fa55-4656-9609-247d94eff081">
    </UnitTestResult>
    <UnitTestResult executionId="9cddaba0-1e15-429f-84f5-f22663aa7d96" testId="10fef16f-bdfc-4c4a-38c4-84f95e2f2845" testName="TimeIndexCeilingTest" computerName="BUILD01" duration="00:00:04.4034894" startTime="2010-12-23T11:22:37.2594607-05:00" endTime="2010-12-23T11:22:41.6629501-05:00" testType="13cdc9d9-ddb5-4fa4-a97d-d965ccfc6d4b" outcome="Aborted" testListId="8c84fa94-04c1-424b-9868-57a2d4851a1d" relativeResultsDirectory="9cddaba0-1e15-429f-84f5-f22663aa7d96">
    </UnitTestResult>
    <UnitTestResult executionId="fb79ef2e-45f8-45f4-b120-a7d769d7df87" testId="74381a27-9475-ed20-e8d2-f006a268cbb4" testName="TimeIndexFloorSegmentTest" computerName="BUILD01" duration="00:00:04.3976298" startTime="2010-12-23T11:22:37.2653203-05:00" endTime="2010-12-23T11:22:41.6629501-05:00" testType="13cdc9d9-ddb5-4fa4-a97d-d965ccfc6d4b" outcome="Aborted" testListId="8c84fa94-04c1-424b-9868-57a2d4851a1d" relativeResultsDirectory="fb79ef2e-45f8-45f4-b120-a7d769d7df87">
    </UnitTestResult>
    <UnitTestResult executionId="a45a3df6-5142-40be-b643-b635131452d2" testId="5df20489-0a5b-6cb3-bd9f-0223d535b78d" testName="TimeIndexFloorTest" computerName="BUILD01" duration="00:00:04.3927468" startTime="2010-12-23T11:22:37.2702033-05:00" endTime="2010-12-23T11:22:41.6629501-05:00" testType="13cdc9d9-ddb5-4fa4-a97d-d965ccfc6d4b" outcome="Aborted" testListId="8c84fa94-04c1-424b-9868-57a2d4851a1d" relativeResultsDirectory="a45a3df6-5142-40be-b643-b635131452d2">
    </UnitTestResult>
    <UnitTestResult executionId="dc5b1a22-dc58-4460-98fb-b7aa40231304" testId="3ddb232b-61c4-a71b-3e98-e0b9a24a70c5" testName="TimePointsTest" computerName="BUILD01" duration="00:00:04.3868872" startTime="2010-12-23T11:22:37.2760629-05:00" endTime="2010-12-23T11:22:41.6629501-05:00" testType="13cdc9d9-ddb5-4fa4-a97d-d965ccfc6d4b" outcome="Aborted" testListId="8c84fa94-04c1-424b-9868-57a2d4851a1d" relativeResultsDirectory="dc5b1a22-dc58-4460-98fb-b7aa40231304">
    </UnitTestResult>
    <UnitTestResult executionId="6d1e7bca-0a0b-450a-b0bc-30959bc539e6" testId="f8e5dc3d-f836-0295-c2fa-642b09af90ff" testName="CorrelTest" computerName="BUILD01" duration="00:00:04.3820042" startTime="2010-12-23T11:22:37.2809459-05:00" endTime="2010-12-23T11:22:41.6629501-05:00" testType="13cdc9d9-ddb5-4fa4-a97d-d965ccfc6d4b" outcome="Aborted" testListId="8c84fa94-04c1-424b-9868-57a2d4851a1d" relativeResultsDirectory="6d1e7bca-0a0b-450a-b0bc-30959bc539e6">
    </UnitTestResult>
    <UnitTestResult executionId="10bab45a-6418-494e-978e-d24dc54ca1e2" testId="d25edff3-ec51-328b-a8f8-3a1808cb1b04" testName="CovarTest" computerName="BUILD01" duration="00:00:04.3761446" startTime="2010-12-23T11:22:37.2868055-05:00" endTime="2010-12-23T11:22:41.6629501-05:00" testType="13cdc9d9-ddb5-4fa4-a97d-d965ccfc6d4b" outcome="Aborted" testListId="8c84fa94-04c1-424b-9868-57a2d4851a1d" relativeResultsDirectory="10bab45a-6418-494e-978e-d24dc54ca1e2">
    </UnitTestResult>
    <UnitTestResult executionId="b761c4bf-2db8-4b4c-b7cc-cd4a2effc585" testId="ee3fa7ea-805f-2116-f18a-8451fdb4046a" testName="InterceptTest" computerName="BUILD01" duration="00:00:04.3683318" startTime="2010-12-23T11:22:37.2946183-05:00" endTime="2010-12-23T11:22:41.6629501-05:00" testType="13cdc9d9-ddb5-4fa4-a97d-d965ccfc6d4b" outcome="Aborted" testListId="8c84fa94-04c1-424b-9868-57a2d4851a1d" relativeResultsDirectory="b761c4bf-2db8-4b4c-b7cc-cd4a2effc585">
    </UnitTestResult>
    <UnitTestResult executionId="17b3e05f-a466-4df4-a36d-ba5eb278fb6a" testId="dbf2a8d0-5d7c-5fac-93f5-7e26355b1687" testName="SlopeTest" computerName="BUILD01" duration="00:00:04.3634488" startTime="2010-12-23T11:22:37.3004779-05:00" endTime="2010-12-23T11:22:41.6639267-05:00" testType="13cdc9d9-ddb5-4fa4-a97d-d965ccfc6d4b" outcome="Aborted" testListId="8c84fa94-04c1-424b-9868-57a2d4851a1d" relativeResultsDirectory="17b3e05f-a466-4df4-a36d-ba5eb278fb6a">
    </UnitTestResult>
    <UnitTestResult executionId="de5ec201-aff3-453a-8c65-18ebba48eeb4" testId="079b25c9-2546-7c38-5d2d-818db311bedf" testName="RAvgTest" computerName="BUILD01" duration="00:00:04.3566126" startTime="2010-12-23T11:22:37.3073141-05:00" endTime="2010-12-23T11:22:41.6639267-05:00" testType="13cdc9d9-ddb5-4fa4-a97d-d965ccfc6d4b" outcome="Aborted" testListId="8c84fa94-04c1-424b-9868-57a2d4851a1d" relativeResultsDirectory="de5ec201-aff3-453a-8c65-18ebba48eeb4">
    </UnitTestResult>
    <UnitTestResult executionId="0bc7a4c0-9369-44be-accf-9a84f5424ef8" testId="c6e0d818-b503-9d51-d3f1-b2a2c9f0b2ee" testName="RDiffTest" computerName="BUILD01" duration="00:00:04.3517296" startTime="2010-12-23T11:22:37.3121971-05:00" endTime="2010-12-23T11:22:41.6639267-05:00" testType="13cdc9d9-ddb5-4fa4-a97d-d965ccfc6d4b" outcome="Aborted" testListId="8c84fa94-04c1-424b-9868-57a2d4851a1d" relativeResultsDirectory="0bc7a4c0-9369-44be-accf-9a84f5424ef8">
    </UnitTestResult>
    <UnitTestResult executionId="de4337d1-fb92-4795-9b7a-1621530ce7f3" testId="21e45240-bfab-51d2-9536-131459edf9d5" testName="RGeoMeanTest" computerName="BUILD01" duration="00:00:04.3439168" startTime="2010-12-23T11:22:37.3200099-05:00" endTime="2010-12-23T11:22:41.6639267-05:00" testType="13cdc9d9-ddb5-4fa4-a97d-d965ccfc6d4b" outcome="Aborted" testListId="8c84fa94-04c1-424b-9868-57a2d4851a1d" relativeResultsDirectory="de4337d1-fb92-4795-9b7a-1621530ce7f3">
    </UnitTestResult>
    <UnitTestResult executionId="50352cab-278e-459d-9982-24390f57bad4" testId="c26507bc-ef6b-3066-249a-67c01d57bdca" testName="RHarMeanTest" computerName="BUILD01" duration="00:00:04.3380572" startTime="2010-12-23T11:22:37.3258695-05:00" endTime="2010-12-23T11:22:41.6639267-05:00" testType="13cdc9d9-ddb5-4fa4-a97d-d965ccfc6d4b" outcome="Aborted" testListId="8c84fa94-04c1-424b-9868-57a2d4851a1d" relativeResultsDirectory="50352cab-278e-459d-9982-24390f57bad4">
    </UnitTestResult>
    <UnitTestResult executionId="8f4130f5-5602-45d3-b8f5-bde6357d7472" testId="fc556bdd-7315-a43f-d174-6f755a6bfa8b" testName="RMaxTest" computerName="BUILD01" duration="00:00:04.3321976" startTime="2010-12-23T11:22:37.3317291-05:00" endTime="2010-12-23T11:22:41.6639267-05:00" testType="13cdc9d9-ddb5-4fa4-a97d-d965ccfc6d4b" outcome="Aborted" testListId="8c84fa94-04c1-424b-9868-57a2d4851a1d" relativeResultsDirectory="8f4130f5-5602-45d3-b8f5-bde6357d7472">
    </UnitTestResult>
    <UnitTestResult executionId="083373f6-1837-4727-8f71-e3857f33dfd0" testId="89fe82da-8b32-7cf4-0b9c-789e36c928b7" testName="RMinTest" computerName="BUILD01" duration="00:00:04.3273146" startTime="2010-12-23T11:22:37.3366121-05:00" endTime="2010-12-23T11:22:41.6639267-05:00" testType="13cdc9d9-ddb5-4fa4-a97d-d965ccfc6d4b" outcome="Aborted" testListId="8c84fa94-04c1-424b-9868-57a2d4851a1d" relativeResultsDirectory="083373f6-1837-4727-8f71-e3857f33dfd0">
    </UnitTestResult>
    <UnitTestResult executionId="4c799595-d138-4060-b566-212be3a55826" testId="a2bf214f-ccfd-bb05-e58f-fd01e1132809" testName="RProdTest" computerName="BUILD01" duration="00:00:04.3214550" startTime="2010-12-23T11:22:37.3424717-05:00" endTime="2010-12-23T11:22:41.6639267-05:00" testType="13cdc9d9-ddb5-4fa4-a97d-d965ccfc6d4b" outcome="Aborted" testListId="8c84fa94-04c1-424b-9868-57a2d4851a1d" relativeResultsDirectory="4c799595-d138-4060-b566-212be3a55826">
    </UnitTestResult>
    <UnitTestResult executionId="8fc9bb22-98e2-43ac-b9af-26beceb50ba5" testId="4e906587-b8c3-2ef6-9f26-e2c6d7afa4e3" testName="RRatioTest" computerName="BUILD01" duration="00:00:04.3155954" startTime="2010-12-23T11:22:37.3483313-05:00" endTime="2010-12-23T11:22:41.6639267-05:00" testType="13cdc9d9-ddb5-4fa4-a97d-d965ccfc6d4b" outcome="Aborted" testListId="8c84fa94-04c1-424b-9868-57a2d4851a1d" relativeResultsDirectory="8fc9bb22-98e2-43ac-b9af-26beceb50ba5">
    </UnitTestResult>
    <UnitTestResult executionId="352b7cbb-0104-4a1d-a784-c2be91de9edc" testId="5198b96d-d456-4419-cd8f-963165ec72f0" testName="RStDevTest" computerName="BUILD01" duration="00:00:04.3087592" startTime="2010-12-23T11:22:37.3561441-05:00" endTime="2010-12-23T11:22:41.6649033-05:00" testType="13cdc9d9-ddb5-4fa4-a97d-d965ccfc6d4b" outcome="Aborted" testListId="8c84fa94-04c1-424b-9868-57a2d4851a1d" relativeResultsDirectory="352b7cbb-0104-4a1d-a784-c2be91de9edc">
    </UnitTestResult>
    <UnitTestResult executionId="58338174-dffa-46e5-8ef1-9ad8cf47ed3b" testId="96d0f2f9-7aad-ced7-6a28-fbdf8b0890f8" testName="RSumTest" computerName="BUILD01" duration="00:00:04.3038762" startTime="2010-12-23T11:22:37.3610271-05:00" endTime="2010-12-23T11:22:41.6649033-05:00" testType="13cdc9d9-ddb5-4fa4-a97d-d965ccfc6d4b" outcome="Aborted" testListId="8c84fa94-04c1-424b-9868-57a2d4851a1d" relativeResultsDirectory="58338174-dffa-46e5-8ef1-9ad8cf47ed3b">
    </UnitTestResult>
    <UnitTestResult executionId="42d45ce3-0389-4f58-a710-3c34ea9f043e" testId="885a67b8-d624-987b-afef-ab4ac4a8725e" testName="RVarTest" computerName="BUILD01" duration="00:00:04.2980166" startTime="2010-12-23T11:22:37.3668867-05:00" endTime="2010-12-23T11:22:41.6649033-05:00" testType="13cdc9d9-ddb5-4fa4-a97d-d965ccfc6d4b" outcome="Aborted" testListId="8c84fa94-04c1-424b-9868-57a2d4851a1d" relativeResultsDirectory="42d45ce3-0389-4f58-a710-3c34ea9f043e">
    </UnitTestResult>
    <UnitTestResult executionId="97425816-1235-4208-a335-c16b92c4633f" testId="11536240-4050-5c20-479c-0b729ac9a66a" testName="CorrelTest" computerName="BUILD01" duration="00:00:04.2921570" startTime="2010-12-23T11:22:37.3727463-05:00" endTime="2010-12-23T11:22:41.6649033-05:00" testType="13cdc9d9-ddb5-4fa4-a97d-d965ccfc6d4b" outcome="Aborted" testListId="8c84fa94-04c1-424b-9868-57a2d4851a1d" relativeResultsDirectory="97425816-1235-4208-a335-c16b92c4633f">
    </UnitTestResult>
    <UnitTestResult executionId="277a9562-4e67-48bc-bbc0-ebab34d64c3b" testId="186ff14f-2bc5-4068-34aa-b3cc8dd5a681" testName="CovarTest" computerName="BUILD01" duration="00:00:04.2862974" startTime="2010-12-23T11:22:37.3786059-05:00" endTime="2010-12-23T11:22:41.6649033-05:00" testType="13cdc9d9-ddb5-4fa4-a97d-d965ccfc6d4b" outcome="Aborted" testListId="8c84fa94-04c1-424b-9868-57a2d4851a1d" relativeResultsDirectory="277a9562-4e67-48bc-bbc0-ebab34d64c3b">
    </UnitTestResult>
    <UnitTestResult executionId="b601a4e1-2545-41ef-aea3-3d6ec274a5ba" testId="0948cc3a-3e93-2aaa-57c3-2cae5fd0afbb" testName="InterceptTest" computerName="BUILD01" duration="00:00:04.2784846" startTime="2010-12-23T11:22:37.3864187-05:00" endTime="2010-12-23T11:22:41.6649033-05:00" testType="13cdc9d9-ddb5-4fa4-a97d-d965ccfc6d4b" outcome="Aborted" testListId="8c84fa94-04c1-424b-9868-57a2d4851a1d" relativeResultsDirectory="b601a4e1-2545-41ef-aea3-3d6ec274a5ba">
    </UnitTestResult>
    <UnitTestResult executionId="85686b23-b746-405d-bb23-b53d31dd1807" testId="655e7897-c9b2-08d2-2fb1-62a11ef5bf74" testName="SlopeTest" computerName="BUILD01" duration="00:00:04.2726250" startTime="2010-12-23T11:22:37.3922783-05:00" endTime="2010-12-23T11:22:41.6649033-05:00" testType="13cdc9d9-ddb5-4fa4-a97d-d965ccfc6d4b" outcome="Aborted" testListId="8c84fa94-04c1-424b-9868-57a2d4851a1d" relativeResultsDirectory="85686b23-b746-405d-bb23-b53d31dd1807">
    </UnitTestResult>
    <UnitTestResult executionId="a50ac976-8614-4713-be8e-0b28cdb19c28" testId="09e385fc-d6b7-1585-18a6-2443a379be16" testName="AvgTest" computerName="BUILD01" duration="00:00:04.2667654" startTime="2010-12-23T11:22:37.3981379-05:00" endTime="2010-12-23T11:22:41.6649033-05:00" testType="13cdc9d9-ddb5-4fa4-a97d-d965ccfc6d4b" outcome="Aborted" testListId="8c84fa94-04c1-424b-9868-57a2d4851a1d" relativeResultsDirectory="a50ac976-8614-4713-be8e-0b28cdb19c28">
    </UnitTestResult>
    <UnitTestResult executionId="ddd7b774-f5a6-47fa-8bae-8b002f2886b6" testId="0fa1da25-b697-6c88-e55f-6aecc3eda9dc" testName="CountTest" computerName="BUILD01" duration="00:00:04.2609058" startTime="2010-12-23T11:22:37.4039975-05:00" endTime="2010-12-23T11:22:41.6649033-05:00" testType="13cdc9d9-ddb5-4fa4-a97d-d965ccfc6d4b" outcome="Aborted" testListId="8c84fa94-04c1-424b-9868-57a2d4851a1d" relativeResultsDirectory="ddd7b774-f5a6-47fa-8bae-8b002f2886b6">
    </UnitTestResult>
    <UnitTestResult executionId="03312ac2-ab75-4161-88df-7a09098f7790" testId="fa7fd57d-d828-aab5-7e53-ad2460217cfc" testName="GeoMeanTest" computerName="BUILD01" duration="00:00:04.2550462" startTime="2010-12-23T11:22:37.4098571-05:00" endTime="2010-12-23T11:22:41.6649033-05:00" testType="13cdc9d9-ddb5-4fa4-a97d-d965ccfc6d4b" outcome="Aborted" testListId="8c84fa94-04c1-424b-9868-57a2d4851a1d" relativeResultsDirectory="03312ac2-ab75-4161-88df-7a09098f7790">
    </UnitTestResult>
    <UnitTestResult executionId="cd432146-9ace-4297-81ff-8d6e009830aa" testId="0147ad77-aba4-9476-1453-57bcb37fc4f7" testName="HarMeanTest" computerName="BUILD01" duration="00:00:04.2511398" startTime="2010-12-23T11:22:37.4147401-05:00" endTime="2010-12-23T11:22:41.6658799-05:00" testType="13cdc9d9-ddb5-4fa4-a97d-d965ccfc6d4b" outcome="Aborted" testListId="8c84fa94-04c1-424b-9868-57a2d4851a1d" relativeResultsDirectory="cd432146-9ace-4297-81ff-8d6e009830aa">
    </UnitTestResult>
    <UnitTestResult executionId="f71061f6-fb93-478b-ae57-41718c053f30" testId="de3a155c-5b7b-908e-6fc6-aaa240deab08" testName="MaxTest" computerName="BUILD01" duration="00:00:04.2443036" startTime="2010-12-23T11:22:37.4215763-05:00" endTime="2010-12-23T11:22:41.6658799-05:00" testType="13cdc9d9-ddb5-4fa4-a97d-d965ccfc6d4b" outcome="Aborted" testListId="8c84fa94-04c1-424b-9868-57a2d4851a1d" relativeResultsDirectory="f71061f6-fb93-478b-ae57-41718c053f30">
    </UnitTestResult>
    <UnitTestResult executionId="a28eee73-87b8-4705-8979-042caf6abeaf" testId="ad81fb59-2884-06b2-38d0-05e1c8806108" testName="MinTest" computerName="BUILD01" duration="00:00:04.2374674" startTime="2010-12-23T11:22:37.4284125-05:00" endTime="2010-12-23T11:22:41.6658799-05:00" testType="13cdc9d9-ddb5-4fa4-a97d-d965ccfc6d4b" outcome="Aborted" testListId="8c84fa94-04c1-424b-9868-57a2d4851a1d" relativeResultsDirectory="a28eee73-87b8-4705-8979-042caf6abeaf">
    </UnitTestResult>
    <UnitTestResult executionId="a5c44745-c7d6-4184-b319-9b464ec840c2" testId="334924cd-4e21-4555-02cc-59a25b2259ae" testName="ProdTest" computerName="BUILD01" duration="00:00:04.2316078" startTime="2010-12-23T11:22:37.4342721-05:00" endTime="2010-12-23T11:22:41.6658799-05:00" testType="13cdc9d9-ddb5-4fa4-a97d-d965ccfc6d4b" outcome="Aborted" testListId="8c84fa94-04c1-424b-9868-57a2d4851a1d" relativeResultsDirectory="a5c44745-c7d6-4184-b319-9b464ec840c2">
    </UnitTestResult>
    <UnitTestResult executionId="115d594e-b6e2-40c2-ac69-5aecc8bbafe3" testId="82e3d9db-1107-7bff-e6f0-79973cd4fad6" testName="StDevTest" computerName="BUILD01" duration="00:00:04.2237950" startTime="2010-12-23T11:22:37.4420849-05:00" endTime="2010-12-23T11:22:41.6658799-05:00" testType="13cdc9d9-ddb5-4fa4-a97d-d965ccfc6d4b" outcome="Aborted" testListId="8c84fa94-04c1-424b-9868-57a2d4851a1d" relativeResultsDirectory="115d594e-b6e2-40c2-ac69-5aecc8bbafe3">
    </UnitTestResult>
    <UnitTestResult executionId="fcc75397-d2aa-4524-bc40-1d79a3dd5e67" testId="07e6664d-4d38-0f0a-a163-22ed0d0bc443" testName="SumTest" computerName="BUILD01" duration="00:00:04.2179354" startTime="2010-12-23T11:22:37.4479445-05:00" endTime="2010-12-23T11:22:41.6658799-05:00" testType="13cdc9d9-ddb5-4fa4-a97d-d965ccfc6d4b" outcome="Aborted" testListId="8c84fa94-04c1-424b-9868-57a2d4851a1d" relativeResultsDirectory="fcc75397-d2aa-4524-bc40-1d79a3dd5e67">
    </UnitTestResult>
    <UnitTestResult executionId="40981c0a-afa5-4a34-9714-57525a57f0ef" testId="0e9afad3-0074-7b22-e1cb-ce65edf1654c" testName="VarTest" computerName="BUILD01" duration="00:00:04.2120758" startTime="2010-12-23T11:22:37.4538041-05:00" endTime="2010-12-23T11:22:41.6658799-05:00" testType="13cdc9d9-ddb5-4fa4-a97d-d965ccfc6d4b" outcome="Aborted" testListId="8c84fa94-04c1-424b-9868-57a2d4851a1d" relativeResultsDirectory="40981c0a-afa5-4a34-9714-57525a57f0ef">
    </UnitTestResult>
    <UnitTestResult executionId="27259e9e-e7f6-45e4-b01f-7148fe55be15" testId="335e3432-98f8-ce0e-be89-0e50bd4e51c5" testName="CountTest" computerName="BUILD01" duration="00:00:04.2071928" startTime="2010-12-23T11:22:37.4586871-05:00" endTime="2010-12-23T11:22:41.6658799-05:00" testType="13cdc9d9-ddb5-4fa4-a97d-d965ccfc6d4b" outcome="Aborted" testListId="8c84fa94-04c1-424b-9868-57a2d4851a1d" relativeResultsDirectory="27259e9e-e7f6-45e4-b01f-7148fe55be15">
    </UnitTestResult>
    <UnitTestResult executionId="4be31b23-0b16-4d91-894c-5a29905e8310" testId="de222560-70d1-fc66-ce5c-dc52294c1102" testName="EndTimeTest" computerName="BUILD01" duration="00:00:04.2013332" startTime="2010-12-23T11:22:37.4645467-05:00" endTime="2010-12-23T11:22:41.6658799-05:00" testType="13cdc9d9-ddb5-4fa4-a97d-d965ccfc6d4b" outcome="Aborted" testListId="8c84fa94-04c1-424b-9868-57a2d4851a1d" relativeResultsDirectory="4be31b23-0b16-4d91-894c-5a29905e8310">
    </UnitTestResult>
    <UnitTestResult executionId="92d500bd-362a-43ec-8e93-9f8370697ea5" testId="55d0eb05-7609-f462-b5c8-7a687bb0b158" testName="EnumeratorTest" computerName="BUILD01" duration="00:00:04.1974268" startTime="2010-12-23T11:22:37.4694297-05:00" endTime="2010-12-23T11:22:41.6668565-05:00" testType="13cdc9d9-ddb5-4fa4-a97d-d965ccfc6d4b" outcome="Aborted" testListId="8c84fa94-04c1-424b-9868-57a2d4851a1d" relativeResultsDirectory="92d500bd-362a-43ec-8e93-9f8370697ea5">
    </UnitTestResult>
    <UnitTestResult executionId="f97cd361-b9e7-44da-acaf-65348621827e" testId="1e43a2e9-eeca-dea3-3cdf-284fe0212674" testName="IndexerOutOfBoundsTest" computerName="BUILD01" duration="00:00:04.1915672" startTime="2010-12-23T11:22:37.4752893-05:00" endTime="2010-12-23T11:22:41.6668565-05:00" testType="13cdc9d9-ddb5-4fa4-a97d-d965ccfc6d4b" outcome="Aborted" testListId="8c84fa94-04c1-424b-9868-57a2d4851a1d" relativeResultsDirectory="f97cd361-b9e7-44da-acaf-65348621827e">
    </UnitTestResult>
    <UnitTestResult executionId="be847eac-7ace-4654-a85b-2868d447f9eb" testId="ad87d0f0-d036-90d7-2024-d6edab90c80f" testName="IndexerTest" computerName="BUILD01" duration="00:00:04.1866842" startTime="2010-12-23T11:22:37.4801723-05:00" endTime="2010-12-23T11:22:41.6668565-05:00" testType="13cdc9d9-ddb5-4fa4-a97d-d965ccfc6d4b" outcome="Aborted" testListId="8c84fa94-04c1-424b-9868-57a2d4851a1d" relativeResultsDirectory="be847eac-7ace-4654-a85b-2868d447f9eb">
    </UnitTestResult>
    <UnitTestResult executionId="b5c3fc4e-8ded-4f5c-930c-fd66b33261cd" testId="9ca7fe83-521a-9fb8-5df6-e3619ed28d7b" testName="IndexOfNonExistingTest" computerName="BUILD01" duration="00:00:04.1808246" startTime="2010-12-23T11:22:37.4860319-05:00" endTime="2010-12-23T11:22:41.6668565-05:00" testType="13cdc9d9-ddb5-4fa4-a97d-d965ccfc6d4b" outcome="Aborted" testListId="8c84fa94-04c1-424b-9868-57a2d4851a1d" relativeResultsDirectory="b5c3fc4e-8ded-4f5c-930c-fd66b33261cd">
    </UnitTestResult>
    <UnitTestResult executionId="72131979-b3cd-42a4-88d3-b7a580660e9c" testId="71cee95d-8dc7-8076-7414-5a61b02f4e03" testName="IndexOfTest" computerName="BUILD01" duration="00:00:04.1749650" startTime="2010-12-23T11:22:37.4918915-05:00" endTime="2010-12-23T11:22:41.6668565-05:00" testType="13cdc9d9-ddb5-4fa4-a97d-d965ccfc6d4b" outcome="Aborted" testListId="8c84fa94-04c1-424b-9868-57a2d4851a1d" relativeResultsDirectory="72131979-b3cd-42a4-88d3-b7a580660e9c">
    </UnitTestResult>
    <UnitTestResult executionId="85fa897b-9cff-4535-aadf-264a9c8b50fb" testId="17e1682d-8272-8359-cb51-f1a20d44b0a7" testName="StartTimeTest" computerName="BUILD01" duration="00:00:04.1681288" startTime="2010-12-23T11:22:37.4987277-05:00" endTime="2010-12-23T11:22:41.6668565-05:00" testType="13cdc9d9-ddb5-4fa4-a97d-d965ccfc6d4b" outcome="Aborted" testListId="8c84fa94-04c1-424b-9868-57a2d4851a1d" relativeResultsDirectory="85fa897b-9cff-4535-aadf-264a9c8b50fb">
    </UnitTestResult>
    <UnitTestResult executionId="3774e922-ace2-4ae0-936a-e3bf9d11cafc" testId="24aae7eb-20d2-3d1f-a78a-ac8c3fff37cd" testName="SubTimelineIndirectTest" computerName="BUILD01" duration="00:00:04.1632458" startTime="2010-12-23T11:22:37.5036107-05:00" endTime="2010-12-23T11:22:41.6668565-05:00" testType="13cdc9d9-ddb5-4fa4-a97d-d965ccfc6d4b" outcome="Aborted" testListId="8c84fa94-04c1-424b-9868-57a2d4851a1d" relativeResultsDirectory="3774e922-ace2-4ae0-936a-e3bf9d11cafc">
    </UnitTestResult>
    <UnitTestResult executionId="2c88740b-a637-4293-8088-b926da02fb2d" testId="4d2b10b2-7e27-a431-9e72-6eb79dec6d20" testName="SubTimelineSegmentTest" computerName="BUILD01" duration="00:00:04.1573862" startTime="2010-12-23T11:22:37.5094703-05:00" endTime="2010-12-23T11:22:41.6668565-05:00" testType="13cdc9d9-ddb5-4fa4-a97d-d965ccfc6d4b" outcome="Aborted" testListId="8c84fa94-04c1-424b-9868-57a2d4851a1d" relativeResultsDirectory="2c88740b-a637-4293-8088-b926da02fb2d">
    </UnitTestResult>
    <UnitTestResult executionId="6d2bc3e7-4a07-4bc1-9960-60e6e951a1ff" testId="7339078c-a0b0-e57d-6988-75b75dc76718" testName="TimeIndexCeilingSegmentTest" computerName="BUILD01" duration="00:00:04.1495734" startTime="2010-12-23T11:22:37.5172831-05:00" endTime="2010-12-23T11:22:41.6668565-05:00" testType="13cdc9d9-ddb5-4fa4-a97d-d965ccfc6d4b" outcome="Aborted" testListId="8c84fa94-04c1-424b-9868-57a2d4851a1d" relativeResultsDirectory="6d2bc3e7-4a07-4bc1-9960-60e6e951a1ff">
    </UnitTestResult>
    <UnitTestResult executionId="e41daf40-1365-4587-8611-9af117e84c82" testId="08b0b5d5-0d75-cdc1-5938-e1523ce2f2b5" testName="TimeIndexCeilingTest" computerName="BUILD01" duration="00:00:04.1446904" startTime="2010-12-23T11:22:37.5221661-05:00" endTime="2010-12-23T11:22:41.6668565-05:00" testType="13cdc9d9-ddb5-4fa4-a97d-d965ccfc6d4b" outcome="Aborted" testListId="8c84fa94-04c1-424b-9868-57a2d4851a1d" relativeResultsDirectory="e41daf40-1365-4587-8611-9af117e84c82">
    </UnitTestResult>
    <UnitTestResult executionId="b2b972be-1945-4fc6-90ee-ef56c9f0ceea" testId="d4e2430f-d63f-eeea-a16b-a53a11a7785a" testName="TimeIndexFloorSegmentTest" computerName="BUILD01" duration="00:00:04.1407840" startTime="2010-12-23T11:22:37.5270491-05:00" endTime="2010-12-23T11:22:41.6678331-05:00" testType="13cdc9d9-ddb5-4fa4-a97d-d965ccfc6d4b" outcome="Aborted" testListId="8c84fa94-04c1-424b-9868-57a2d4851a1d" relativeResultsDirectory="b2b972be-1945-4fc6-90ee-ef56c9f0ceea">
    </UnitTestResult>
    <UnitTestResult executionId="35e55368-9a9e-4729-86d0-a8c97c38e256" testId="097a81fe-40c3-83d9-67e6-d17da7e9b219" testName="TimeIndexFloorTest" computerName="BUILD01" duration="00:00:04.1319946" startTime="2010-12-23T11:22:37.5358385-05:00" endTime="2010-12-23T11:22:41.6678331-05:00" testType="13cdc9d9-ddb5-4fa4-a97d-d965ccfc6d4b" outcome="Aborted" testListId="8c84fa94-04c1-424b-9868-57a2d4851a1d" relativeResultsDirectory="35e55368-9a9e-4729-86d0-a8c97c38e256">
    </UnitTestResult>
    <UnitTestResult executionId="3cc500e0-1788-4672-b95a-b80cee166032" testId="3855a0e7-23d6-acbd-9154-5031ea0afa84" testName="TimePointsTest" computerName="BUILD01" duration="00:00:04.1261350" startTime="2010-12-23T11:22:37.5416981-05:00" endTime="2010-12-23T11:22:41.6678331-05:00" testType="13cdc9d9-ddb5-4fa4-a97d-d965ccfc6d4b" outcome="Aborted" testListId="8c84fa94-04c1-424b-9868-57a2d4851a1d" relativeResultsDirectory="3cc500e0-1788-4672-b95a-b80cee166032">
    </UnitTestResult>
    <UnitTestResult executionId="41ddd2f7-ff44-4b26-9b71-4996841ad681" testId="7bbcc15d-cfa0-5095-a816-0fcf92a0a5e1" testName="CountTest" computerName="BUILD01" duration="00:00:04.1183222" startTime="2010-12-23T11:22:37.5495109-05:00" endTime="2010-12-23T11:22:41.6678331-05:00" testType="13cdc9d9-ddb5-4fa4-a97d-d965ccfc6d4b" outcome="Aborted" testListId="8c84fa94-04c1-424b-9868-57a2d4851a1d" relativeResultsDirectory="41ddd2f7-ff44-4b26-9b71-4996841ad681">
    </UnitTestResult>
    <UnitTestResult executionId="dc4da9dc-0665-4b4e-bab5-245b6e70f455" testId="bf79c319-141c-5d31-5a3e-b0fdb82294c8" testName="EndTimeTest" computerName="BUILD01" duration="00:00:04.1114860" startTime="2010-12-23T11:22:37.5563471-05:00" endTime="2010-12-23T11:22:41.6678331-05:00" testType="13cdc9d9-ddb5-4fa4-a97d-d965ccfc6d4b" outcome="Aborted" testListId="8c84fa94-04c1-424b-9868-57a2d4851a1d" relativeResultsDirectory="dc4da9dc-0665-4b4e-bab5-245b6e70f455">
    </UnitTestResult>
    <UnitTestResult executionId="326ff6d8-d64c-4483-ac44-6d4c07e67c8c" testId="8ec42250-eb00-1ec8-fa92-40d62231ba2d" testName="EnumeratorTest" computerName="BUILD01" duration="00:00:04.1066030" startTime="2010-12-23T11:22:37.5612301-05:00" endTime="2010-12-23T11:22:41.6678331-05:00" testType="13cdc9d9-ddb5-4fa4-a97d-d965ccfc6d4b" outcome="Aborted" testListId="8c84fa94-04c1-424b-9868-57a2d4851a1d" relativeResultsDirectory="326ff6d8-d64c-4483-ac44-6d4c07e67c8c">
    </UnitTestResult>
    <UnitTestResult executionId="914a013b-eadb-4545-a22a-b67befa7ee70" testId="787cea18-014e-a478-238e-887d52eff935" testName="IndexerOutOfBoundsTest" computerName="BUILD01" duration="00:00:04.0997668" startTime="2010-12-23T11:22:37.5680663-05:00" endTime="2010-12-23T11:22:41.6678331-05:00" testType="13cdc9d9-ddb5-4fa4-a97d-d965ccfc6d4b" outcome="Aborted" testListId="8c84fa94-04c1-424b-9868-57a2d4851a1d" relativeResultsDirectory="914a013b-eadb-4545-a22a-b67befa7ee70">
    </UnitTestResult>
    <UnitTestResult executionId="c60896ff-830f-4a1c-997c-9ebbdbaefa34" testId="7c50dc9b-8bb3-ae4a-a115-3ec5d837ab40" testName="IndexerTest" computerName="BUILD01" duration="00:00:04.0939072" startTime="2010-12-23T11:22:37.5739259-05:00" endTime="2010-12-23T11:22:41.6678331-05:00" testType="13cdc9d9-ddb5-4fa4-a97d-d965ccfc6d4b" outcome="Aborted" testListId="8c84fa94-04c1-424b-9868-57a2d4851a1d" relativeResultsDirectory="c60896ff-830f-4a1c-997c-9ebbdbaefa34">
    </UnitTestResult>
    <UnitTestResult executionId="6a861bfa-d9d1-4518-a0b0-6d14a1dc88d4" testId="24f48970-9635-842f-4e02-9286cd1e59d1" testName="IndexOfNonExistingTest" computerName="BUILD01" duration="00:00:04.0880476" startTime="2010-12-23T11:22:37.5797855-05:00" endTime="2010-12-23T11:22:41.6678331-05:00" testType="13cdc9d9-ddb5-4fa4-a97d-d965ccfc6d4b" outcome="Aborted" testListId="8c84fa94-04c1-424b-9868-57a2d4851a1d" relativeResultsDirectory="6a861bfa-d9d1-4518-a0b0-6d14a1dc88d4">
    </UnitTestResult>
    <UnitTestResult executionId="6d6fa030-045d-4194-8d79-565e303083d4" testId="31b901ec-08ef-5d23-7e4b-92827c8571d5" testName="IndexOfTest" computerName="BUILD01" duration="00:00:04.0841412" startTime="2010-12-23T11:22:37.5846685-05:00" endTime="2010-12-23T11:22:41.6688097-05:00" testType="13cdc9d9-ddb5-4fa4-a97d-d965ccfc6d4b" outcome="Aborted" testListId="8c84fa94-04c1-424b-9868-57a2d4851a1d" relativeResultsDirectory="6d6fa030-045d-4194-8d79-565e303083d4">
    </UnitTestResult>
    <UnitTestResult executionId="566bb429-2f1a-44ee-bc8e-4f69e1543311" testId="8dd52e3d-5bcb-b634-8f8e-c1613bd6ad5e" testName="StartTimeTest" computerName="BUILD01" duration="00:00:04.0782816" startTime="2010-12-23T11:22:37.5905281-05:00" endTime="2010-12-23T11:22:41.6688097-05:00" testType="13cdc9d9-ddb5-4fa4-a97d-d965ccfc6d4b" outcome="Aborted" testListId="8c84fa94-04c1-424b-9868-57a2d4851a1d" relativeResultsDirectory="566bb429-2f1a-44ee-bc8e-4f69e1543311">
    </UnitTestResult>
    <UnitTestResult executionId="bb30729a-5f6e-46a4-8c61-54fd8e466e6a" testId="404fc2ec-3a09-6de2-2db6-ed4e4afa7a3b" testName="SubTimelineIndirectTest" computerName="BUILD01" duration="00:00:04.0724220" startTime="2010-12-23T11:22:37.5963877-05:00" endTime="2010-12-23T11:22:41.6688097-05:00" testType="13cdc9d9-ddb5-4fa4-a97d-d965ccfc6d4b" outcome="Aborted" testListId="8c84fa94-04c1-424b-9868-57a2d4851a1d" relativeResultsDirectory="bb30729a-5f6e-46a4-8c61-54fd8e466e6a">
    </UnitTestResult>
    <UnitTestResult executionId="6e713e81-13b6-4912-b8c5-2c1e1f7fdda0" testId="5975833d-6186-1e09-955c-b4bdbb055895" testName="SubTimelineSegmentTest" computerName="BUILD01" duration="00:00:04.0655858" startTime="2010-12-23T11:22:37.6032239-05:00" endTime="2010-12-23T11:22:41.6688097-05:00" testType="13cdc9d9-ddb5-4fa4-a97d-d965ccfc6d4b" outcome="Aborted" testListId="8c84fa94-04c1-424b-9868-57a2d4851a1d" relativeResultsDirectory="6e713e81-13b6-4912-b8c5-2c1e1f7fdda0">
    </UnitTestResult>
    <UnitTestResult executionId="056be110-036d-496d-ad6c-212e5ee2a69d" testId="51875922-745d-9c36-9b58-ab2a8542fbd8" testName="TimeIndexCeilingSegmentTest" computerName="BUILD01" duration="00:00:04.0607028" startTime="2010-12-23T11:22:37.6081069-05:00" endTime="2010-12-23T11:22:41.6688097-05:00" testType="13cdc9d9-ddb5-4fa4-a97d-d965ccfc6d4b" outcome="Aborted" testListId="8c84fa94-04c1-424b-9868-57a2d4851a1d" relativeResultsDirectory="056be110-036d-496d-ad6c-212e5ee2a69d">
    </UnitTestResult>
    <UnitTestResult executionId="674af2dc-3f02-4e0b-a96c-7a0fa8778d5e" testId="62cea7fa-ee61-3f7f-ca37-dc5f443547c6" testName="TimeIndexCeilingTest" computerName="BUILD01" duration="00:00:04.0538666" startTime="2010-12-23T11:22:37.6149431-05:00" endTime="2010-12-23T11:22:41.6688097-05:00" testType="13cdc9d9-ddb5-4fa4-a97d-d965ccfc6d4b" outcome="Aborted" testListId="8c84fa94-04c1-424b-9868-57a2d4851a1d" relativeResultsDirectory="674af2dc-3f02-4e0b-a96c-7a0fa8778d5e">
    </UnitTestResult>
    <UnitTestResult executionId="ec0be84c-65e6-49ce-a591-bc479e6368dd" testId="919a5d61-7282-3464-0add-47804239e527" testName="TimeIndexFloorSegmentTest" computerName="BUILD01" duration="00:00:04.0489836" startTime="2010-12-23T11:22:37.6198261-05:00" endTime="2010-12-23T11:22:41.6688097-05:00" testType="13cdc9d9-ddb5-4fa4-a97d-d965ccfc6d4b" outcome="Aborted" testListId="8c84fa94-04c1-424b-9868-57a2d4851a1d" relativeResultsDirectory="ec0be84c-65e6-49ce-a591-bc479e6368dd">
    </UnitTestResult>
    <UnitTestResult executionId="bd83ec4b-b435-4d0f-a3b4-af63e31584a9" testId="9c96012b-6d9e-9394-9bcb-20222931eafa" testName="TimeIndexFloorTest" computerName="BUILD01" duration="00:00:04.0421474" startTime="2010-12-23T11:22:37.6266623-05:00" endTime="2010-12-23T11:22:41.6688097-05:00" testType="13cdc9d9-ddb5-4fa4-a97d-d965ccfc6d4b" outcome="Aborted" testListId="8c84fa94-04c1-424b-9868-57a2d4851a1d" relativeResultsDirectory="bd83ec4b-b435-4d0f-a3b4-af63e31584a9">
    </UnitTestResult>
    <UnitTestResult executionId="ae52ba6d-16c6-4008-9c88-c0e2dc80d2e9" testId="ffa116cd-9ae8-be57-c975-f523e9756e78" testName="TimePointsTest" computerName="BUILD01" duration="00:00:04.0372644" startTime="2010-12-23T11:22:37.6315453-05:00" endTime="2010-12-23T11:22:41.6688097-05:00" testType="13cdc9d9-ddb5-4fa4-a97d-d965ccfc6d4b" outcome="Aborted" testListId="8c84fa94-04c1-424b-9868-57a2d4851a1d" relativeResultsDirectory="ae52ba6d-16c6-4008-9c88-c0e2dc80d2e9">
    </UnitTestResult>
    <UnitTestResult executionId="d4cb78a1-9ae7-4a43-8ffa-b2e6fd31a46d" testId="9c0beddc-c924-8284-f83b-7d008ac66309" testName="SelfBinaryTimelinesEnumeratorTest1" computerName="BUILD01" duration="00:00:04.0314048" startTime="2010-12-23T11:22:37.6374049-05:00" endTime="2010-12-23T11:22:41.6688097-05:00" testType="13cdc9d9-ddb5-4fa4-a97d-d965ccfc6d4b" outcome="Aborted" testListId="8c84fa94-04c1-424b-9868-57a2d4851a1d" relativeResultsDirectory="d4cb78a1-9ae7-4a43-8ffa-b2e6fd31a46d">
    </UnitTestResult>
    <UnitTestResult executionId="25aba482-ecf3-47e2-b125-71d70d2b5c19" testId="89f1a3fd-327f-3ff7-3515-8c858f60c07a" testName="SelfBinaryTimelinesEnumeratorTest2" computerName="BUILD01" duration="00:00:04.0274984" startTime="2010-12-23T11:22:37.6422879-05:00" endTime="2010-12-23T11:22:41.6697863-05:00" testType="13cdc9d9-ddb5-4fa4-a97d-d965ccfc6d4b" outcome="Aborted" testListId="8c84fa94-04c1-424b-9868-57a2d4851a1d" relativeResultsDirectory="25aba482-ecf3-47e2-b125-71d70d2b5c19">
    </UnitTestResult>
    <UnitTestResult executionId="146fcd02-0b2b-4368-ab1a-51e78be4d5e9" testId="bd364995-7a34-ffb7-973b-90d2179fc397" testName="GuideTest" computerName="BUILD01" duration="00:00:04.0206622" startTime="2010-12-23T11:22:37.6491241-05:00" endTime="2010-12-23T11:22:41.6697863-05:00" testType="13cdc9d9-ddb5-4fa4-a97d-d965ccfc6d4b" outcome="Aborted" testListId="8c84fa94-04c1-424b-9868-57a2d4851a1d" relativeResultsDirectory="146fcd02-0b2b-4368-ab1a-51e78be4d5e9">
    </UnitTestResult>
    <UnitTestResult executionId="2eafdc7f-8d45-4ee1-b7fa-7b2f78ef047a" testId="27d1ab78-93c9-5460-5326-2be23ce720e3" testName="IntersectionTest" computerName="BUILD01" duration="00:00:04.0157792" startTime="2010-12-23T11:22:37.6540071-05:00" endTime="2010-12-23T11:22:41.6697863-05:00" testType="13cdc9d9-ddb5-4fa4-a97d-d965ccfc6d4b" outcome="Aborted" testListId="8c84fa94-04c1-424b-9868-57a2d4851a1d" relativeResultsDirectory="2eafdc7f-8d45-4ee1-b7fa-7b2f78ef047a">
    </UnitTestResult>
    <UnitTestResult executionId="6c0c003e-489e-4293-92c4-e440b53f35df" testId="00437797-bbfd-b69c-255b-e5d77a761989" testName="SelfDifferenceTest" computerName="BUILD01" duration="00:00:04.0099196" startTime="2010-12-23T11:22:37.6598667-05:00" endTime="2010-12-23T11:22:41.6697863-05:00" testType="13cdc9d9-ddb5-4fa4-a97d-d965ccfc6d4b" outcome="Aborted" testListId="8c84fa94-04c1-424b-9868-57a2d4851a1d" relativeResultsDirectory="6c0c003e-489e-4293-92c4-e440b53f35df">
    </UnitTestResult>
    <UnitTestResult executionId="0a36e9c1-730e-4a63-9d08-db11719722fa" testId="abfbe6a1-359f-4a7c-bf6b-b3a8f2c61ee2" testName="SelfSymDiffTest" computerName="BUILD01" duration="00:00:04.0050366" startTime="2010-12-23T11:22:37.6647497-05:00" endTime="2010-12-23T11:22:41.6697863-05:00" testType="13cdc9d9-ddb5-4fa4-a97d-d965ccfc6d4b" outcome="Aborted" testListId="8c84fa94-04c1-424b-9868-57a2d4851a1d" relativeResultsDirectory="0a36e9c1-730e-4a63-9d08-db11719722fa">
    </UnitTestResult>
    <UnitTestResult executionId="20c3bf73-6f02-416a-8bf6-5e213b08ce78" testId="74c0a7a0-5759-20e2-ce19-422601bf7cd8" testName="UnionTest" computerName="BUILD01" duration="00:00:04.0001536" startTime="2010-12-23T11:22:37.6696327-05:00" endTime="2010-12-23T11:22:41.6697863-05:00" testType="13cdc9d9-ddb5-4fa4-a97d-d965ccfc6d4b" outcome="Aborted" testListId="8c84fa94-04c1-424b-9868-57a2d4851a1d" relativeResultsDirectory="20c3bf73-6f02-416a-8bf6-5e213b08ce78">
    </UnitTestResult>
    <UnitTestResult executionId="802305ee-6a33-4e47-aca0-f67a6adfcdee" testId="e5e4f104-e101-d4fc-720d-61068c3d488c" testName="DifferenceTest" computerName="BUILD01" duration="00:00:03.9942940" startTime="2010-12-23T11:22:37.6754923-05:00" endTime="2010-12-23T11:22:41.6697863-05:00" testType="13cdc9d9-ddb5-4fa4-a97d-d965ccfc6d4b" outcome="Aborted" testListId="8c84fa94-04c1-424b-9868-57a2d4851a1d" relativeResultsDirectory="802305ee-6a33-4e47-aca0-f67a6adfcdee">
    </UnitTestResult>
    <UnitTestResult executionId="9ad873f5-868a-4000-8857-cf5194e9ed1d" testId="b694f9de-68c5-5188-bb47-27f84afe2685" testName="GuideTest" computerName="BUILD01" duration="00:00:03.9884344" startTime="2010-12-23T11:22:37.6813519-05:00" endTime="2010-12-23T11:22:41.6697863-05:00" testType="13cdc9d9-ddb5-4fa4-a97d-d965ccfc6d4b" outcome="Aborted" testListId="8c84fa94-04c1-424b-9868-57a2d4851a1d" relativeResultsDirectory="9ad873f5-868a-4000-8857-cf5194e9ed1d">
    </UnitTestResult>
    <UnitTestResult executionId="aabb075a-e003-43fa-97fd-96758156236d" testId="0a690dd7-7548-7ce3-c6b0-1ad4ab758ca8" testName="IntersectionTest" computerName="BUILD01" duration="00:00:03.9835514" startTime="2010-12-23T11:22:37.6862349-05:00" endTime="2010-12-23T11:22:41.6697863-05:00" testType="13cdc9d9-ddb5-4fa4-a97d-d965ccfc6d4b" outcome="Aborted" testListId="8c84fa94-04c1-424b-9868-57a2d4851a1d" relativeResultsDirectory="aabb075a-e003-43fa-97fd-96758156236d">
    </UnitTestResult>
    <UnitTestResult executionId="3b5c953e-876e-4141-9be3-bfab57f6f4d5" testId="d956c3d1-e9e2-1f76-bb79-27ccda8b2914" testName="SymDiffTest" computerName="BUILD01" duration="00:00:03.9796450" startTime="2010-12-23T11:22:37.6911179-05:00" endTime="2010-12-23T11:22:41.6707629-05:00" testType="13cdc9d9-ddb5-4fa4-a97d-d965ccfc6d4b" outcome="Aborted" testListId="8c84fa94-04c1-424b-9868-57a2d4851a1d" relativeResultsDirectory="3b5c953e-876e-4141-9be3-bfab57f6f4d5">
    </UnitTestResult>
    <UnitTestResult executionId="ec2dd32b-5cab-476f-bdf6-34dacf7d3eba" testId="13c354ab-ea99-6739-01f3-613a840b8117" testName="UnionTest" computerName="BUILD01" duration="00:00:03.9718322" startTime="2010-12-23T11:22:37.6989307-05:00" endTime="2010-12-23T11:22:41.6707629-05:00" testType="13cdc9d9-ddb5-4fa4-a97d-d965ccfc6d4b" outcome="Aborted" testListId="8c84fa94-04c1-424b-9868-57a2d4851a1d" relativeResultsDirectory="ec2dd32b-5cab-476f-bdf6-34dacf7d3eba">
    </UnitTestResult>
    <UnitTestResult executionId="a6d798fe-8797-4212-8bbb-143621394bbc" testId="fc507069-0130-0f03-4e94-6714663e91ab" testName="ABCTest" computerName="BUILD01" duration="00:00:03.9649960" startTime="2010-12-23T11:22:37.7057669-05:00" endTime="2010-12-23T11:22:41.6707629-05:00" testType="13cdc9d9-ddb5-4fa4-a97d-d965ccfc6d4b" outcome="Aborted" testListId="8c84fa94-04c1-424b-9868-57a2d4851a1d" relativeResultsDirectory="a6d798fe-8797-4212-8bbb-143621394bbc">
    </UnitTestResult>
    <UnitTestResult executionId="43fae210-c5f9-4a0f-9e82-34d6e1840950" testId="9c69033b-67d3-874b-6ab0-1ceaca51cd2c" testName="ABTest" computerName="BUILD01" duration="00:00:03.9591364" startTime="2010-12-23T11:22:37.7116265-05:00" endTime="2010-12-23T11:22:41.6707629-05:00" testType="13cdc9d9-ddb5-4fa4-a97d-d965ccfc6d4b" outcome="Aborted" testListId="8c84fa94-04c1-424b-9868-57a2d4851a1d" relativeResultsDirectory="43fae210-c5f9-4a0f-9e82-34d6e1840950">
    </UnitTestResult>
    <UnitTestResult executionId="fecab58e-659c-4831-9178-5430248d2b61" testId="395122c4-d860-ff54-177f-91b1e034f4b7" testName="ACTest" computerName="BUILD01" duration="00:00:03.9532768" startTime="2010-12-23T11:22:37.7174861-05:00" endTime="2010-12-23T11:22:41.6707629-05:00" testType="13cdc9d9-ddb5-4fa4-a97d-d965ccfc6d4b" outcome="Aborted" testListId="8c84fa94-04c1-424b-9868-57a2d4851a1d" relativeResultsDirectory="fecab58e-659c-4831-9178-5430248d2b61">
    </UnitTestResult>
    <UnitTestResult executionId="6751cff5-9dcc-416b-9b0b-c1eba1871d40" testId="6e9503d2-aac5-d0d9-d6d5-fbbf9bb0eda5" testName="BATest" computerName="BUILD01" duration="00:00:03.9454640" startTime="2010-12-23T11:22:37.7252989-05:00" endTime="2010-12-23T11:22:41.6707629-05:00" testType="13cdc9d9-ddb5-4fa4-a97d-d965ccfc6d4b" outcome="Aborted" testListId="8c84fa94-04c1-424b-9868-57a2d4851a1d" relativeResultsDirectory="6751cff5-9dcc-416b-9b0b-c1eba1871d40">
    </UnitTestResult>
    <UnitTestResult executionId="6922ebc9-8619-494a-8ef0-bdcd1543cced" testId="0e2b316f-e293-a47c-a207-00dc018b80da" testName="CATest" computerName="BUILD01" duration="00:00:03.9376512" startTime="2010-12-23T11:22:37.7331117-05:00" endTime="2010-12-23T11:22:41.6707629-05:00" testType="13cdc9d9-ddb5-4fa4-a97d-d965ccfc6d4b" outcome="Aborted" testListId="8c84fa94-04c1-424b-9868-57a2d4851a1d" relativeResultsDirectory="6922ebc9-8619-494a-8ef0-bdcd1543cced">
    </UnitTestResult>
    <UnitTestResult executionId="eae1f305-9ef4-4115-b858-d24fe1956f06" testId="e72799eb-e106-15d2-9666-bdd240012778" testName="CBATest" computerName="BUILD01" duration="00:00:03.9288618" startTime="2010-12-23T11:22:37.7419011-05:00" endTime="2010-12-23T11:22:41.6707629-05:00" testType="13cdc9d9-ddb5-4fa4-a97d-d965ccfc6d4b" outcome="Aborted" testListId="8c84fa94-04c1-424b-9868-57a2d4851a1d" relativeResultsDirectory="eae1f305-9ef4-4115-b858-d24fe1956f06">
    </UnitTestResult>
    <UnitTestResult executionId="47f8c267-699e-484b-b326-673f42b4ebaa" testId="3627f330-23b8-c355-fa9e-4811c8a0c047" testName="ABCTest" computerName="BUILD01" duration="00:00:03.9210490" startTime="2010-12-23T11:22:37.7497139-05:00" endTime="2010-12-23T11:22:41.6707629-05:00" testType="13cdc9d9-ddb5-4fa4-a97d-d965ccfc6d4b" outcome="Aborted" testListId="8c84fa94-04c1-424b-9868-57a2d4851a1d" relativeResultsDirectory="47f8c267-699e-484b-b326-673f42b4ebaa">
    </UnitTestResult>
    <UnitTestResult executionId="70cbad07-333d-4597-a762-09c7bb91c06d" testId="9181ae52-3528-7c94-22ec-64795f59d2f5" testName="ABTest" computerName="BUILD01" duration="00:00:03.9161660" startTime="2010-12-23T11:22:37.7545969-05:00" endTime="2010-12-23T11:22:41.6707629-05:00" testType="13cdc9d9-ddb5-4fa4-a97d-d965ccfc6d4b" outcome="Aborted" testListId="8c84fa94-04c1-424b-9868-57a2d4851a1d" relativeResultsDirectory="70cbad07-333d-4597-a762-09c7bb91c06d">
    </UnitTestResult>
    <UnitTestResult executionId="5ccc2850-330f-4f03-bc01-4366e573b50b" testId="d8046272-930f-c8b5-03a8-c34dc333b34e" testName="ACTest" computerName="BUILD01" duration="00:00:03.9103064" startTime="2010-12-23T11:22:37.7614331-05:00" endTime="2010-12-23T11:22:41.6717395-05:00" testType="13cdc9d9-ddb5-4fa4-a97d-d965ccfc6d4b" outcome="Aborted" testListId="8c84fa94-04c1-424b-9868-57a2d4851a1d" relativeResultsDirectory="5ccc2850-330f-4f03-bc01-4366e573b50b">
    </UnitTestResult>
    <UnitTestResult executionId="1babe4c4-c435-4e8d-91b8-b0184152fdc9" testId="b4f2955b-712d-eaf8-091b-0983bc1a2056" testName="BATest" computerName="BUILD01" duration="00:00:03.9034702" startTime="2010-12-23T11:22:37.7682693-05:00" endTime="2010-12-23T11:22:41.6717395-05:00" testType="13cdc9d9-ddb5-4fa4-a97d-d965ccfc6d4b" outcome="Aborted" testListId="8c84fa94-04c1-424b-9868-57a2d4851a1d" relativeResultsDirectory="1babe4c4-c435-4e8d-91b8-b0184152fdc9">
    </UnitTestResult>
    <UnitTestResult executionId="4d0522ad-674b-47af-af06-1e38900346b8" testId="01b41f94-4828-5bad-b826-062b4294c16b" testName="CATest" computerName="BUILD01" duration="00:00:03.8985872" startTime="2010-12-23T11:22:37.7731523-05:00" endTime="2010-12-23T11:22:41.6717395-05:00" testType="13cdc9d9-ddb5-4fa4-a97d-d965ccfc6d4b" outcome="Aborted" testListId="8c84fa94-04c1-424b-9868-57a2d4851a1d" relativeResultsDirectory="4d0522ad-674b-47af-af06-1e38900346b8">
    </UnitTestResult>
    <UnitTestResult executionId="826b45a4-4c86-45b6-adc1-b2ec5d47e247" testId="a8a52c08-3603-1121-c69f-c97b70f892f7" testName="CBATest" computerName="BUILD01" duration="00:00:03.8927276" startTime="2010-12-23T11:22:37.7790119-05:00" endTime="2010-12-23T11:22:41.6717395-05:00" testType="13cdc9d9-ddb5-4fa4-a97d-d965ccfc6d4b" outcome="Aborted" testListId="8c84fa94-04c1-424b-9868-57a2d4851a1d" relativeResultsDirectory="826b45a4-4c86-45b6-adc1-b2ec5d47e247">
    </UnitTestResult>
    <UnitTestResult executionId="567d19d8-591a-405a-9659-ee67714b3f8e" testId="3e604897-0268-51cf-1092-f6c1558fb5c7" testName="DifferenceTest" computerName="BUILD01" duration="00:00:03.8868680" startTime="2010-12-23T11:22:37.7848715-05:00" endTime="2010-12-23T11:22:41.6717395-05:00" testType="13cdc9d9-ddb5-4fa4-a97d-d965ccfc6d4b" outcome="Aborted" testListId="8c84fa94-04c1-424b-9868-57a2d4851a1d" relativeResultsDirectory="567d19d8-591a-405a-9659-ee67714b3f8e">
    </UnitTestResult>
    <UnitTestResult executionId="be8bad2f-427f-49bf-b47a-b893069e8be5" testId="68f370e9-7ace-15ef-363f-ed281b250e3e" testName="GuideTest" computerName="BUILD01" duration="00:00:03.8819850" startTime="2010-12-23T11:22:37.7897545-05:00" endTime="2010-12-23T11:22:41.6717395-05:00" testType="13cdc9d9-ddb5-4fa4-a97d-d965ccfc6d4b" outcome="Aborted" testListId="8c84fa94-04c1-424b-9868-57a2d4851a1d" relativeResultsDirectory="be8bad2f-427f-49bf-b47a-b893069e8be5">
    </UnitTestResult>
    <UnitTestResult executionId="ee064d67-98f9-4b2f-b29e-51524adfb70f" testId="5f27cfa8-1cb1-27f6-68ce-b7a8c95f08c3" testName="IntersectionTest" computerName="BUILD01" duration="00:00:03.8771020" startTime="2010-12-23T11:22:37.7946375-05:00" endTime="2010-12-23T11:22:41.6717395-05:00" testType="13cdc9d9-ddb5-4fa4-a97d-d965ccfc6d4b" outcome="Aborted" testListId="8c84fa94-04c1-424b-9868-57a2d4851a1d" relativeResultsDirectory="ee064d67-98f9-4b2f-b29e-51524adfb70f">
    </UnitTestResult>
    <UnitTestResult executionId="1d73ac90-79ca-40e0-a313-233fae900c84" testId="fb3575ea-6bc7-0e8e-52b9-5f2f6a94db8d" testName="SymDiffTest" computerName="BUILD01" duration="00:00:03.8712424" startTime="2010-12-23T11:22:37.8004971-05:00" endTime="2010-12-23T11:22:41.6717395-05:00" testType="13cdc9d9-ddb5-4fa4-a97d-d965ccfc6d4b" outcome="Aborted" testListId="8c84fa94-04c1-424b-9868-57a2d4851a1d" relativeResultsDirectory="1d73ac90-79ca-40e0-a313-233fae900c84">
    </UnitTestResult>
    <UnitTestResult executionId="e31c5973-88bf-4668-bff7-2df2f12f16a6" testId="423cb769-3c9a-da28-6e09-5abcf1cbb8dc" testName="UnionTest" computerName="BUILD01" duration="00:00:03.8653828" startTime="2010-12-23T11:22:37.8063567-05:00" endTime="2010-12-23T11:22:41.6717395-05:00" testType="13cdc9d9-ddb5-4fa4-a97d-d965ccfc6d4b" outcome="Aborted" testListId="8c84fa94-04c1-424b-9868-57a2d4851a1d" relativeResultsDirectory="e31c5973-88bf-4668-bff7-2df2f12f16a6">
    </UnitTestResult>
    <UnitTestResult executionId="d54bd86b-c32c-4e4f-9aa1-0b220cb96143" testId="a9b85566-c5d1-829f-c970-b92d2b73824c" testName="DifferenceOfDifferenceTest" computerName="BUILD01" duration="00:00:03.8604998" startTime="2010-12-23T11:22:37.8122163-05:00" endTime="2010-12-23T11:22:41.6727161-05:00" testType="13cdc9d9-ddb5-4fa4-a97d-d965ccfc6d4b" outcome="Aborted" testListId="8c84fa94-04c1-424b-9868-57a2d4851a1d" relativeResultsDirectory="d54bd86b-c32c-4e4f-9aa1-0b220cb96143">
    </UnitTestResult>
    <UnitTestResult executionId="3261c0bb-4025-481d-92f6-03dc5c1d98a3" testId="6696bc71-5bbc-8f38-b0c1-c033d009136d" testName="DifferenceOfGuideTest" computerName="BUILD01" duration="00:00:03.8556168" startTime="2010-12-23T11:22:37.8170993-05:00" endTime="2010-12-23T11:22:41.6727161-05:00" testType="13cdc9d9-ddb5-4fa4-a97d-d965ccfc6d4b" outcome="Aborted" testListId="8c84fa94-04c1-424b-9868-57a2d4851a1d" relativeResultsDirectory="3261c0bb-4025-481d-92f6-03dc5c1d98a3">
    </UnitTestResult>
    <UnitTestResult executionId="943c941e-721f-4731-ae45-cc4743fcc0b4" testId="8bc270ba-32f7-2383-5bca-735c8e902c7c" testName="DifferenceOfIntersectionTest" computerName="BUILD01" duration="00:00:03.8497572" startTime="2010-12-23T11:22:37.8229589-05:00" endTime="2010-12-23T11:22:41.6727161-05:00" testType="13cdc9d9-ddb5-4fa4-a97d-d965ccfc6d4b" outcome="Aborted" testListId="8c84fa94-04c1-424b-9868-57a2d4851a1d" relativeResultsDirectory="943c941e-721f-4731-ae45-cc4743fcc0b4">
    </UnitTestResult>
    <UnitTestResult executionId="47d011e7-3156-4aa2-a5b9-09c0d6df9f46" testId="cc2a1de9-0979-a265-6048-65fb112d9d99" testName="DifferenceOfSymDiffTest" computerName="BUILD01" duration="00:00:03.8438976" startTime="2010-12-23T11:22:37.8288185-05:00" endTime="2010-12-23T11:22:41.6727161-05:00" testType="13cdc9d9-ddb5-4fa4-a97d-d965ccfc6d4b" outcome="Aborted" testListId="8c84fa94-04c1-424b-9868-57a2d4851a1d" relativeResultsDirectory="47d011e7-3156-4aa2-a5b9-09c0d6df9f46">
    </UnitTestResult>
    <UnitTestResult executionId="1fcf1c95-611c-4e9d-a072-41d854545033" testId="90e55c6c-cff1-6224-85bc-c8573e7e4bfa" testName="DifferenceOfUnionTest" computerName="BUILD01" duration="00:00:03.8390146" startTime="2010-12-23T11:22:37.8337015-05:00" endTime="2010-12-23T11:22:41.6727161-05:00" testType="13cdc9d9-ddb5-4fa4-a97d-d965ccfc6d4b" outcome="Aborted" testListId="8c84fa94-04c1-424b-9868-57a2d4851a1d" relativeResultsDirectory="1fcf1c95-611c-4e9d-a072-41d854545033">
    </UnitTestResult>
    <UnitTestResult executionId="d1d1a81f-103f-4652-85a3-a2ac9b137811" testId="099b76bc-4013-bfeb-079a-cabd09766cc2" testName="GuideOfDifferenceTest" computerName="BUILD01" duration="00:00:03.8331550" startTime="2010-12-23T11:22:37.8395611-05:00" endTime="2010-12-23T11:22:41.6727161-05:00" testType="13cdc9d9-ddb5-4fa4-a97d-d965ccfc6d4b" outcome="Aborted" testListId="8c84fa94-04c1-424b-9868-57a2d4851a1d" relativeResultsDirectory="d1d1a81f-103f-4652-85a3-a2ac9b137811">
    </UnitTestResult>
    <UnitTestResult executionId="e56c0c07-e1f4-4ffb-99ba-d89a53284e47" testId="2ef15251-71c3-8de2-afe4-b39806a2d4cb" testName="GuideOfGuideTest" computerName="BUILD01" duration="00:00:03.8282720" startTime="2010-12-23T11:22:37.8444441-05:00" endTime="2010-12-23T11:22:41.6727161-05:00" testType="13cdc9d9-ddb5-4fa4-a97d-d965ccfc6d4b" outcome="Aborted" testListId="8c84fa94-04c1-424b-9868-57a2d4851a1d" relativeResultsDirectory="e56c0c07-e1f4-4ffb-99ba-d89a53284e47">
    </UnitTestResult>
    <UnitTestResult executionId="d6e5f8c6-bbb5-490f-b1d2-a67e30403da2" testId="dd04dedc-893c-2b7a-5fb8-ea82a15d963c" testName="GuideOfIntersectionTest" computerName="BUILD01" duration="00:00:03.8224124" startTime="2010-12-23T11:22:37.8503037-05:00" endTime="2010-12-23T11:22:41.6727161-05:00" testType="13cdc9d9-ddb5-4fa4-a97d-d965ccfc6d4b" outcome="Aborted" testListId="8c84fa94-04c1-424b-9868-57a2d4851a1d" relativeResultsDirectory="d6e5f8c6-bbb5-490f-b1d2-a67e30403da2">
    </UnitTestResult>
    <UnitTestResult executionId="607939e0-6503-4250-aebd-e8e4bb5ce903" testId="166c5dcd-0740-c0d9-63ad-daca7436527d" testName="GuideOfSymDiffTest" computerName="BUILD01" duration="00:00:03.8175294" startTime="2010-12-23T11:22:37.8551867-05:00" endTime="2010-12-23T11:22:41.6727161-05:00" testType="13cdc9d9-ddb5-4fa4-a97d-d965ccfc6d4b" outcome="Aborted" testListId="8c84fa94-04c1-424b-9868-57a2d4851a1d" relativeResultsDirectory="607939e0-6503-4250-aebd-e8e4bb5ce903">
    </UnitTestResult>
    <UnitTestResult executionId="95446911-7615-42cf-ae35-b0c1bce142fe" testId="cdc27e76-02d9-486b-44af-29e8d2a98bdd" testName="GuideOfUnionTest" computerName="BUILD01" duration="00:00:03.8116698" startTime="2010-12-23T11:22:37.8610463-05:00" endTime="2010-12-23T11:22:41.6727161-05:00" testType="13cdc9d9-ddb5-4fa4-a97d-d965ccfc6d4b" outcome="Aborted" testListId="8c84fa94-04c1-424b-9868-57a2d4851a1d" relativeResultsDirectory="95446911-7615-42cf-ae35-b0c1bce142fe">
    </UnitTestResult>
    <UnitTestResult executionId="caa2c2b3-ce2f-412a-b61b-25db2bb33b92" testId="69ea61f4-9310-9feb-f70e-f35adf39ec2c" testName="IntersectionOfDifferenceTest" computerName="BUILD01" duration="00:00:03.8077634" startTime="2010-12-23T11:22:37.8659293-05:00" endTime="2010-12-23T11:22:41.6736927-05:00" testType="13cdc9d9-ddb5-4fa4-a97d-d965ccfc6d4b" outcome="Aborted" testListId="8c84fa94-04c1-424b-9868-57a2d4851a1d" relativeResultsDirectory="caa2c2b3-ce2f-412a-b61b-25db2bb33b92">
    </UnitTestResult>
    <UnitTestResult executionId="81d7ade0-e5c4-423f-8a10-dae55697acc0" testId="3586adbc-786c-e857-4129-eda3600d0718" testName="IntersectionOfGuideTest" computerName="BUILD01" duration="00:00:03.8028804" startTime="2010-12-23T11:22:37.8708123-05:00" endTime="2010-12-23T11:22:41.6736927-05:00" testType="13cdc9d9-ddb5-4fa4-a97d-d965ccfc6d4b" outcome="Aborted" testListId="8c84fa94-04c1-424b-9868-57a2d4851a1d" relativeResultsDirectory="81d7ade0-e5c4-423f-8a10-dae55697acc0">
    </UnitTestResult>
    <UnitTestResult executionId="b96e7b6f-2590-4e7d-a92c-d12672417d07" testId="b5959257-d2bf-2e8c-417a-8347fec32aad" testName="IntersectionOfIntersectionTest" computerName="BUILD01" duration="00:00:03.7970208" startTime="2010-12-23T11:22:37.8766719-05:00" endTime="2010-12-23T11:22:41.6736927-05:00" testType="13cdc9d9-ddb5-4fa4-a97d-d965ccfc6d4b" outcome="Aborted" testListId="8c84fa94-04c1-424b-9868-57a2d4851a1d" relativeResultsDirectory="b96e7b6f-2590-4e7d-a92c-d12672417d07">
    </UnitTestResult>
    <UnitTestResult executionId="b189f4a0-69d0-4943-be5e-224bb7f0f4ee" testId="980276fb-cc14-ee48-24bf-09156b3ceb9a" testName="IntersectionOfSymDiffTest" computerName="BUILD01" duration="00:00:03.7911612" startTime="2010-12-23T11:22:37.8825315-05:00" endTime="2010-12-23T11:22:41.6736927-05:00" testType="13cdc9d9-ddb5-4fa4-a97d-d965ccfc6d4b" outcome="Aborted" testListId="8c84fa94-04c1-424b-9868-57a2d4851a1d" relativeResultsDirectory="b189f4a0-69d0-4943-be5e-224bb7f0f4ee">
    </UnitTestResult>
    <UnitTestResult executionId="59bdf142-d764-432e-9bac-a5685b58e17b" testId="70d699b1-53e3-d55b-273c-c5ba8ac17c86" testName="IntersectionOfUnionTest" computerName="BUILD01" duration="00:00:03.7853016" startTime="2010-12-23T11:22:37.8883911-05:00" endTime="2010-12-23T11:22:41.6736927-05:00" testType="13cdc9d9-ddb5-4fa4-a97d-d965ccfc6d4b" outcome="Aborted" testListId="8c84fa94-04c1-424b-9868-57a2d4851a1d" relativeResultsDirectory="59bdf142-d764-432e-9bac-a5685b58e17b">
    </UnitTestResult>
    <UnitTestResult executionId="91c2e718-320c-4d03-ad47-94060c6ba8e4" testId="85fa0b90-2a40-8444-6780-a52e79f9db21" testName="SymDiffOfDifferenceTest" computerName="BUILD01" duration="00:00:03.7804186" startTime="2010-12-23T11:22:37.8932741-05:00" endTime="2010-12-23T11:22:41.6736927-05:00" testType="13cdc9d9-ddb5-4fa4-a97d-d965ccfc6d4b" outcome="Aborted" testListId="8c84fa94-04c1-424b-9868-57a2d4851a1d" relativeResultsDirectory="91c2e718-320c-4d03-ad47-94060c6ba8e4">
    </UnitTestResult>
    <UnitTestResult executionId="f1fc011d-72e1-45a8-8f57-c4a41ccbd3de" testId="db4ddd9e-9d9f-5981-89ce-1020745f7c4a" testName="SymDiffOfGuideTest" computerName="BUILD01" duration="00:00:03.7726058" startTime="2010-12-23T11:22:37.9010869-05:00" endTime="2010-12-23T11:22:41.6736927-05:00" testType="13cdc9d9-ddb5-4fa4-a97d-d965ccfc6d4b" outcome="Aborted" testListId="8c84fa94-04c1-424b-9868-57a2d4851a1d" relativeResultsDirectory="f1fc011d-72e1-45a8-8f57-c4a41ccbd3de">
    </UnitTestResult>
    <UnitTestResult executionId="43d17bbe-94f1-4e68-a773-64dfabbe2c1d" testId="b3dc2562-50e3-8f2e-ad69-fb8d121b07d0" testName="SymDiffOfIntersectionTest" computerName="BUILD01" duration="00:00:03.7647930" startTime="2010-12-23T11:22:37.9088997-05:00" endTime="2010-12-23T11:22:41.6736927-05:00" testType="13cdc9d9-ddb5-4fa4-a97d-d965ccfc6d4b" outcome="Aborted" testListId="8c84fa94-04c1-424b-9868-57a2d4851a1d" relativeResultsDirectory="43d17bbe-94f1-4e68-a773-64dfabbe2c1d">
    </UnitTestResult>
    <UnitTestResult executionId="dea5c4e3-de66-4e34-a4e0-650ca46d4b29" testId="451f5fc7-9706-d202-097e-2caaa6d5a9e5" testName="SymDiffOfSymDiffTest" computerName="BUILD01" duration="00:00:03.7589334" startTime="2010-12-23T11:22:37.9147593-05:00" endTime="2010-12-23T11:22:41.6736927-05:00" testType="13cdc9d9-ddb5-4fa4-a97d-d965ccfc6d4b" outcome="Aborted" testListId="8c84fa94-04c1-424b-9868-57a2d4851a1d" relativeResultsDirectory="dea5c4e3-de66-4e34-a4e0-650ca46d4b29">
    </UnitTestResult>
    <UnitTestResult executionId="a8a58400-1aad-4cb4-8b01-71a3edaf5af0" testId="19ea618f-4f59-2562-b793-f4086098c6c2" testName="SymDiffOfUnionTest" computerName="BUILD01" duration="00:00:03.7550270" startTime="2010-12-23T11:22:37.9196423-05:00" endTime="2010-12-23T11:22:41.6746693-05:00" testType="13cdc9d9-ddb5-4fa4-a97d-d965ccfc6d4b" outcome="Aborted" testListId="8c84fa94-04c1-424b-9868-57a2d4851a1d" relativeResultsDirectory="a8a58400-1aad-4cb4-8b01-71a3edaf5af0">
    </UnitTestResult>
    <UnitTestResult executionId="f5dc7981-3ede-405f-b70c-133b11c917da" testId="14f07d57-6e3f-8c60-f74f-640f894d297f" testName="UnionOfDifferenceTest" computerName="BUILD01" duration="00:00:03.7481908" startTime="2010-12-23T11:22:37.9264785-05:00" endTime="2010-12-23T11:22:41.6746693-05:00" testType="13cdc9d9-ddb5-4fa4-a97d-d965ccfc6d4b" outcome="Aborted" testListId="8c84fa94-04c1-424b-9868-57a2d4851a1d" relativeResultsDirectory="f5dc7981-3ede-405f-b70c-133b11c917da">
    </UnitTestResult>
    <UnitTestResult executionId="ebfa3438-24ec-4ef6-b863-e28986759dac" testId="1af78a1e-6405-60ca-3a05-bb25414f4086" testName="UnionOfGuideTest" computerName="BUILD01" duration="00:00:03.7433078" startTime="2010-12-23T11:22:37.9313615-05:00" endTime="2010-12-23T11:22:41.6746693-05:00" testType="13cdc9d9-ddb5-4fa4-a97d-d965ccfc6d4b" outcome="Aborted" testListId="8c84fa94-04c1-424b-9868-57a2d4851a1d" relativeResultsDirectory="ebfa3438-24ec-4ef6-b863-e28986759dac">
    </UnitTestResult>
    <UnitTestResult executionId="451396ea-3a90-4c02-9544-6f502bf90349" testId="1182e47c-ba9e-2c53-f1c6-c9d95bba2041" testName="UnionOfIntersectionTest" computerName="BUILD01" duration="00:00:03.7374482" startTime="2010-12-23T11:22:37.9372211-05:00" endTime="2010-12-23T11:22:41.6746693-05:00" testType="13cdc9d9-ddb5-4fa4-a97d-d965ccfc6d4b" outcome="Aborted" testListId="8c84fa94-04c1-424b-9868-57a2d4851a1d" relativeResultsDirectory="451396ea-3a90-4c02-9544-6f502bf90349">
    </UnitTestResult>
    <UnitTestResult executionId="386c2b1a-8141-4dc7-8fb7-91678fb6848a" testId="fe4a2ce6-01fa-b702-ab1a-b79ffb8d09db" testName="UnionOfSymDiffTest" computerName="BUILD01" duration="00:00:03.7315886" startTime="2010-12-23T11:22:37.9430807-05:00" endTime="2010-12-23T11:22:41.6746693-05:00" testType="13cdc9d9-ddb5-4fa4-a97d-d965ccfc6d4b" outcome="Aborted" testListId="8c84fa94-04c1-424b-9868-57a2d4851a1d" relativeResultsDirectory="386c2b1a-8141-4dc7-8fb7-91678fb6848a">
    </UnitTestResult>
    <UnitTestResult executionId="d1fdea9e-9d0c-4d72-8be3-af35b1070a01" testId="176dc36b-ac0d-8a46-d0a7-2af444e86a9d" testName="UnionOfUnionTest" computerName="BUILD01" duration="00:00:03.7267056" startTime="2010-12-23T11:22:37.9479637-05:00" endTime="2010-12-23T11:22:41.6746693-05:00" testType="13cdc9d9-ddb5-4fa4-a97d-d965ccfc6d4b" outcome="Aborted" testListId="8c84fa94-04c1-424b-9868-57a2d4851a1d" relativeResultsDirectory="d1fdea9e-9d0c-4d72-8be3-af35b1070a01">
    </UnitTestResult>
    <UnitTestResult executionId="623d9ba5-9c49-4eb3-922c-a2bb8e3d73cd" testId="597b646c-7ee5-f553-f584-d2ca4e39aa4e" testName="NegativeIndexTest1" computerName="BUILD01" duration="00:00:03.7208460" startTime="2010-12-23T11:22:37.9538233-05:00" endTime="2010-12-23T11:22:41.6746693-05:00" testType="13cdc9d9-ddb5-4fa4-a97d-d965ccfc6d4b" outcome="Aborted" testListId="8c84fa94-04c1-424b-9868-57a2d4851a1d" relativeResultsDirectory="623d9ba5-9c49-4eb3-922c-a2bb8e3d73cd">
    </UnitTestResult>
    <UnitTestResult executionId="10dada56-d856-4b33-88b1-a6e36e7dfa99" testId="56065fc4-7922-4b0b-e170-589ff4c5c26b" testName="NegativeIndexTest2" computerName="BUILD01" duration="00:00:03.7149864" startTime="2010-12-23T11:22:37.9596829-05:00" endTime="2010-12-23T11:22:41.6746693-05:00" testType="13cdc9d9-ddb5-4fa4-a97d-d965ccfc6d4b" outcome="Aborted" testListId="8c84fa94-04c1-424b-9868-57a2d4851a1d" relativeResultsDirectory="10dada56-d856-4b33-88b1-a6e36e7dfa99">
    </UnitTestResult>
    <UnitTestResult executionId="c602425d-d947-47a9-8ca4-616c8def7995" testId="e4582780-c92b-1e15-2d5f-57040376837f" testName="NegativeSubsetTest" computerName="BUILD01" duration="00:00:03.7091268" startTime="2010-12-23T11:22:37.9655425-05:00" endTime="2010-12-23T11:22:41.6746693-05:00" testType="13cdc9d9-ddb5-4fa4-a97d-d965ccfc6d4b" outcome="Aborted" testListId="8c84fa94-04c1-424b-9868-57a2d4851a1d" relativeResultsDirectory="c602425d-d947-47a9-8ca4-616c8def7995">
    </UnitTestResult>
    <UnitTestResult executionId="58976d95-65f1-41e7-bb84-0d5b3756edaf" testId="1358350e-ad1a-2fcb-8ab2-f107e5f2f6a5" testName="PositiveIndexTest" computerName="BUILD01" duration="00:00:03.7032672" startTime="2010-12-23T11:22:37.9714021-05:00" endTime="2010-12-23T11:22:41.6746693-05:00" testType="13cdc9d9-ddb5-4fa4-a97d-d965ccfc6d4b" outcome="Aborted" testListId="8c84fa94-04c1-424b-9868-57a2d4851a1d" relativeResultsDirectory="58976d95-65f1-41e7-bb84-0d5b3756edaf">
    </UnitTestResult>
    <UnitTestResult executionId="09ab28e8-d677-4090-88c7-c0493a9757d1" testId="09d0d9dc-b616-ab92-3e12-6a4451e7f830" testName="PositiveSubsetTest" computerName="BUILD01" duration="00:00:03.6983842" startTime="2010-12-23T11:22:37.9772617-05:00" endTime="2010-12-23T11:22:41.6756459-05:00" testType="13cdc9d9-ddb5-4fa4-a97d-d965ccfc6d4b" outcome="Aborted" testListId="8c84fa94-04c1-424b-9868-57a2d4851a1d" relativeResultsDirectory="09ab28e8-d677-4090-88c7-c0493a9757d1">
    </UnitTestResult>
    <UnitTestResult executionId="c2f92720-db1e-4c5c-9308-74e58af330b5" testId="8b1559e5-84cd-aace-80d9-6e79a75f3f6e" testName="SelfIndexTest" computerName="BUILD01" duration="00:00:03.6935012" startTime="2010-12-23T11:22:37.9821447-05:00" endTime="2010-12-23T11:22:41.6756459-05:00" testType="13cdc9d9-ddb5-4fa4-a97d-d965ccfc6d4b" outcome="Aborted" testListId="8c84fa94-04c1-424b-9868-57a2d4851a1d" relativeResultsDirectory="c2f92720-db1e-4c5c-9308-74e58af330b5">
    </UnitTestResult>
    <UnitTestResult executionId="f2e21f72-dcb3-48de-9042-e2a6883e1afc" testId="ce52de6f-d1ab-9b05-01da-5563ddc76dc4" testName="SelfSubsetTest" computerName="BUILD01" duration="00:00:03.6866650" startTime="2010-12-23T11:22:37.9889809-05:00" endTime="2010-12-23T11:22:41.6756459-05:00" testType="13cdc9d9-ddb5-4fa4-a97d-d965ccfc6d4b" outcome="Aborted" testListId="8c84fa94-04c1-424b-9868-57a2d4851a1d" relativeResultsDirectory="f2e21f72-dcb3-48de-9042-e2a6883e1afc">
    </UnitTestResult>
    <UnitTestResult executionId="8b07f38c-2850-4017-95c2-d6a698d8bf9f" testId="c06d5530-d6a8-2e62-db63-8ac3f5fcb09c" testName="TinyTimelinesCombiningTest1" computerName="BUILD01" duration="00:00:03.6817820" startTime="2010-12-23T11:22:37.9938639-05:00" endTime="2010-12-23T11:22:41.6756459-05:00" testType="13cdc9d9-ddb5-4fa4-a97d-d965ccfc6d4b" outcome="Aborted" testListId="8c84fa94-04c1-424b-9868-57a2d4851a1d" relativeResultsDirectory="8b07f38c-2850-4017-95c2-d6a698d8bf9f">
    </UnitTestResult>
    <UnitTestResult executionId="3caf8b5c-d3a9-49b2-a2c2-4725374eb101" testId="f92df0b4-6520-dfc1-5b01-a36c4142cdd3" testName="TinyTimelinesCombiningTest2" computerName="BUILD01" duration="00:00:03.6759224" startTime="2010-12-23T11:22:37.9997235-05:00" endTime="2010-12-23T11:22:41.6756459-05:00" testType="13cdc9d9-ddb5-4fa4-a97d-d965ccfc6d4b" outcome="Aborted" testListId="8c84fa94-04c1-424b-9868-57a2d4851a1d" relativeResultsDirectory="3caf8b5c-d3a9-49b2-a2c2-4725374eb101">
    </UnitTestResult>
    <UnitTestResult executionId="0763c05e-88f7-499a-aca3-f28b9aee0072" testId="583f9143-422d-182f-bdb8-f61bdb62ab35" testName="TinyTimelinesCombiningTest3" computerName="BUILD01" duration="00:00:03.6681096" startTime="2010-12-23T11:22:38.0075363-05:00" endTime="2010-12-23T11:22:41.6756459-05:00" testType="13cdc9d9-ddb5-4fa4-a97d-d965ccfc6d4b" outcome="Aborted" testListId="8c84fa94-04c1-424b-9868-57a2d4851a1d" relativeResultsDirectory="0763c05e-88f7-499a-aca3-f28b9aee0072">
    </UnitTestResult>
    <UnitTestResult executionId="5b160565-2c63-4bca-950c-c6424683e11d" testId="87933de3-2b05-29fb-30f8-b1bbc3086dd2" testName="CompatibleWithTest" computerName="BUILD01" duration="00:00:03.6602968" startTime="2010-12-23T11:22:38.0153491-05:00" endTime="2010-12-23T11:22:41.6756459-05:00" testType="13cdc9d9-ddb5-4fa4-a97d-d965ccfc6d4b" outcome="Aborted" testListId="8c84fa94-04c1-424b-9868-57a2d4851a1d" relativeResultsDirectory="5b160565-2c63-4bca-950c-c6424683e11d">
    </UnitTestResult>
    <UnitTestResult executionId="d0f85183-37b3-4d2a-99f0-35cd35b06945" testId="e4ee7c67-ec22-e858-1ccc-9ae617fd95f6" testName="IndexToTimeTest" computerName="BUILD01" duration="00:00:03.6544372" startTime="2010-12-23T11:22:38.0212087-05:00" endTime="2010-12-23T11:22:41.6756459-05:00" testType="13cdc9d9-ddb5-4fa4-a97d-d965ccfc6d4b" outcome="Aborted" testListId="8c84fa94-04c1-424b-9868-57a2d4851a1d" relativeResultsDirectory="d0f85183-37b3-4d2a-99f0-35cd35b06945">
    </UnitTestResult>
    <UnitTestResult executionId="6b99cfcc-7646-4861-a2a5-7c525bac78ad" testId="198aef61-998a-a087-c941-455cdf4b5499" testName="IntradayTest" computerName="BUILD01" duration="00:00:03.6485776" startTime="2010-12-23T11:22:38.0270683-05:00" endTime="2010-12-23T11:22:41.6756459-05:00" testType="13cdc9d9-ddb5-4fa4-a97d-d965ccfc6d4b" outcome="Aborted" testListId="8c84fa94-04c1-424b-9868-57a2d4851a1d" relativeResultsDirectory="6b99cfcc-7646-4861-a2a5-7c525bac78ad">
    </UnitTestResult>
    <UnitTestResult executionId="8aebe1e1-50de-4a98-b02e-f14bb2c3d2d4" testId="c8a6f3e0-d817-cc26-1670-ddf642027c02" testName="TimeToIndexTest" computerName="BUILD01" duration="00:00:03.6436946" startTime="2010-12-23T11:22:38.0329279-05:00" endTime="2010-12-23T11:22:41.6766225-05:00" testType="13cdc9d9-ddb5-4fa4-a97d-d965ccfc6d4b" outcome="Aborted" testListId="8c84fa94-04c1-424b-9868-57a2d4851a1d" relativeResultsDirectory="8aebe1e1-50de-4a98-b02e-f14bb2c3d2d4">
    </UnitTestResult>
    <UnitTestResult executionId="4462d608-4782-4b54-b82d-37c82d6d4ca7" testId="65a84a76-4046-32b6-a2f2-4daf8521f9c3" testName="CompatibleWithTest" computerName="BUILD01" duration="00:00:03.6378350" startTime="2010-12-23T11:22:38.0387875-05:00" endTime="2010-12-23T11:22:41.6766225-05:00" testType="13cdc9d9-ddb5-4fa4-a97d-d965ccfc6d4b" outcome="Aborted" testListId="8c84fa94-04c1-424b-9868-57a2d4851a1d" relativeResultsDirectory="4462d608-4782-4b54-b82d-37c82d6d4ca7">
    </UnitTestResult>
    <UnitTestResult executionId="44eded07-0293-4281-89f2-901765f9f58c" testId="af19ccbb-d274-babb-f900-43427e020b82" testName="IndexToTimeEvenTest" computerName="BUILD01" duration="00:00:03.6319754" startTime="2010-12-23T11:22:38.0446471-05:00" endTime="2010-12-23T11:22:41.6766225-05:00" testType="13cdc9d9-ddb5-4fa4-a97d-d965ccfc6d4b" outcome="Aborted" testListId="8c84fa94-04c1-424b-9868-57a2d4851a1d" relativeResultsDirectory="44eded07-0293-4281-89f2-901765f9f58c">
    </UnitTestResult>
    <UnitTestResult executionId="01885516-3054-49c6-af6a-3216637d53f5" testId="0643e6bb-800c-419d-ea9c-f9d484e64f00" testName="IndexToTimeShiftedNegativeTest" computerName="BUILD01" duration="00:00:03.6261158" startTime="2010-12-23T11:22:38.0505067-05:00" endTime="2010-12-23T11:22:41.6766225-05:00" testType="13cdc9d9-ddb5-4fa4-a97d-d965ccfc6d4b" outcome="Aborted" testListId="8c84fa94-04c1-424b-9868-57a2d4851a1d" relativeResultsDirectory="01885516-3054-49c6-af6a-3216637d53f5">
    </UnitTestResult>
    <UnitTestResult executionId="052acf11-8711-4ed0-9811-4ce478733bd6" testId="e599a719-a644-fca3-38c2-9d67640baa4b" testName="IndexToTimeShiftedPositiveTest" computerName="BUILD01" duration="00:00:03.6202562" startTime="2010-12-23T11:22:38.0563663-05:00" endTime="2010-12-23T11:22:41.6766225-05:00" testType="13cdc9d9-ddb5-4fa4-a97d-d965ccfc6d4b" outcome="Aborted" testListId="8c84fa94-04c1-424b-9868-57a2d4851a1d" relativeResultsDirectory="052acf11-8711-4ed0-9811-4ce478733bd6">
    </UnitTestResult>
    <UnitTestResult executionId="498d1955-9b4f-42ac-9667-f1a97c4c5f44" testId="2957edea-f521-8693-b084-675843a00f89" testName="IntradayTest" computerName="BUILD01" duration="00:00:03.6143966" startTime="2010-12-23T11:22:38.0622259-05:00" endTime="2010-12-23T11:22:41.6766225-05:00" testType="13cdc9d9-ddb5-4fa4-a97d-d965ccfc6d4b" outcome="Aborted" testListId="8c84fa94-04c1-424b-9868-57a2d4851a1d" relativeResultsDirectory="498d1955-9b4f-42ac-9667-f1a97c4c5f44">
    </UnitTestResult>
    <UnitTestResult executionId="96ec16e6-6549-4aab-95d5-9171922cf427" testId="3e4ad87d-8883-2b43-f57b-9fe3cfd211e0" testName="TimeToIndexEvenTest" computerName="BUILD01" duration="00:00:03.6095136" startTime="2010-12-23T11:22:38.0671089-05:00" endTime="2010-12-23T11:22:41.6766225-05:00" testType="13cdc9d9-ddb5-4fa4-a97d-d965ccfc6d4b" outcome="Aborted" testListId="8c84fa94-04c1-424b-9868-57a2d4851a1d" relativeResultsDirectory="96ec16e6-6549-4aab-95d5-9171922cf427">
    </UnitTestResult>
    <UnitTestResult executionId="a2c94e45-0361-40ce-ac6a-6be9318f6d4b" testId="c1b08b17-9973-9788-33ba-a519eec5b614" testName="TimeToIndexShiftedNegativeTest" computerName="BUILD01" duration="00:00:03.6026774" startTime="2010-12-23T11:22:38.0739451-05:00" endTime="2010-12-23T11:22:41.6766225-05:00" testType="13cdc9d9-ddb5-4fa4-a97d-d965ccfc6d4b" outcome="Aborted" testListId="8c84fa94-04c1-424b-9868-57a2d4851a1d" relativeResultsDirectory="a2c94e45-0361-40ce-ac6a-6be9318f6d4b">
    </UnitTestResult>
    <UnitTestResult executionId="9966bcb0-0c82-4e81-bde0-66d99dd480e4" testId="3cbcd098-1dbe-4f6d-1ce3-0ec21f7e926e" testName="TimeToIndexShiftedPositiveTest" computerName="BUILD01" duration="00:00:03.5977944" startTime="2010-12-23T11:22:38.0788281-05:00" endTime="2010-12-23T11:22:41.6766225-05:00" testType="13cdc9d9-ddb5-4fa4-a97d-d965ccfc6d4b" outcome="Aborted" testListId="8c84fa94-04c1-424b-9868-57a2d4851a1d" relativeResultsDirectory="9966bcb0-0c82-4e81-bde0-66d99dd480e4">
    </UnitTestResult>
    <UnitTestResult executionId="26df40e1-0018-4905-9a7c-8c965e750e45" testId="817caf19-7702-8bc6-2b3e-a5f8a2c3c912" testName="CompatibleWithTest" computerName="BUILD01" duration="00:00:03.5919348" startTime="2010-12-23T11:22:38.0846877-05:00" endTime="2010-12-23T11:22:41.6766225-05:00" testType="13cdc9d9-ddb5-4fa4-a97d-d965ccfc6d4b" outcome="Aborted" testListId="8c84fa94-04c1-424b-9868-57a2d4851a1d" relativeResultsDirectory="26df40e1-0018-4905-9a7c-8c965e750e45">
    </UnitTestResult>
    <UnitTestResult executionId="688c0d4b-13dd-402a-b301-d90e7dec0af6" testId="a8d37fc5-9157-1a1c-c586-1d414b5302e9" testName="IndexToTimeTest" computerName="BUILD01" duration="00:00:03.5870518" startTime="2010-12-23T11:22:38.0905473-05:00" endTime="2010-12-23T11:22:41.6775991-05:00" testType="13cdc9d9-ddb5-4fa4-a97d-d965ccfc6d4b" outcome="Aborted" testListId="8c84fa94-04c1-424b-9868-57a2d4851a1d" relativeResultsDirectory="688c0d4b-13dd-402a-b301-d90e7dec0af6">
    </UnitTestResult>
    <UnitTestResult executionId="e06669d6-7bf9-4f03-abf2-f51bcdbd7361" testId="5385dc1a-6f26-1e84-840b-b0eb278d9a17" testName="IntradayTest" computerName="BUILD01" duration="00:00:03.5792390" startTime="2010-12-23T11:22:38.0983601-05:00" endTime="2010-12-23T11:22:41.6775991-05:00" testType="13cdc9d9-ddb5-4fa4-a97d-d965ccfc6d4b" outcome="Aborted" testListId="8c84fa94-04c1-424b-9868-57a2d4851a1d" relativeResultsDirectory="e06669d6-7bf9-4f03-abf2-f51bcdbd7361">
    </UnitTestResult>
    <UnitTestResult executionId="02a9309f-514f-4640-b412-b10a1a9b48b6" testId="769ff708-f51a-225d-1ef4-c9eabaa416db" testName="TimeToIndexTest" computerName="BUILD01" duration="00:00:03.5743560" startTime="2010-12-23T11:22:38.1032431-05:00" endTime="2010-12-23T11:22:41.6775991-05:00" testType="13cdc9d9-ddb5-4fa4-a97d-d965ccfc6d4b" outcome="Aborted" testListId="8c84fa94-04c1-424b-9868-57a2d4851a1d" relativeResultsDirectory="02a9309f-514f-4640-b412-b10a1a9b48b6">
    </UnitTestResult>
    <UnitTestResult executionId="7827f076-6b7a-4ca3-b9e8-fc60a709b6fb" testId="91447b39-8c45-89bd-a183-774a78314a2a" testName="CompatibleWithTest" computerName="BUILD01" duration="00:00:03.5684964" startTime="2010-12-23T11:22:38.1091027-05:00" endTime="2010-12-23T11:22:41.6775991-05:00" testType="13cdc9d9-ddb5-4fa4-a97d-d965ccfc6d4b" outcome="Aborted" testListId="8c84fa94-04c1-424b-9868-57a2d4851a1d" relativeResultsDirectory="7827f076-6b7a-4ca3-b9e8-fc60a709b6fb">
    </UnitTestResult>
    <UnitTestResult executionId="29e5d2de-e606-40bb-b586-31e4698db4da" testId="14c79fd9-f9af-4170-106a-bbce560b5a72" testName="IndexToTimeEvenTest" computerName="BUILD01" duration="00:00:03.5606836" startTime="2010-12-23T11:22:38.1169155-05:00" endTime="2010-12-23T11:22:41.6775991-05:00" testType="13cdc9d9-ddb5-4fa4-a97d-d965ccfc6d4b" outcome="Aborted" testListId="8c84fa94-04c1-424b-9868-57a2d4851a1d" relativeResultsDirectory="29e5d2de-e606-40bb-b586-31e4698db4da">
    </UnitTestResult>
    <UnitTestResult executionId="42511c60-7349-4cb1-af95-52a093ee0aba" testId="af08c38d-a58f-3cd1-8ad2-4db7296cab72" testName="IndexToTimeShiftedNegativeTest" computerName="BUILD01" duration="00:00:03.5548240" startTime="2010-12-23T11:22:38.1227751-05:00" endTime="2010-12-23T11:22:41.6775991-05:00" testType="13cdc9d9-ddb5-4fa4-a97d-d965ccfc6d4b" outcome="Aborted" testListId="8c84fa94-04c1-424b-9868-57a2d4851a1d" relativeResultsDirectory="42511c60-7349-4cb1-af95-52a093ee0aba">
    </UnitTestResult>
    <UnitTestResult executionId="904e403d-5bac-4429-afe7-822cd0f62dd9" testId="522c6c4e-72b7-694f-69be-8141ef4afebe" testName="IndexToTimeShiftedPositiveTest" computerName="BUILD01" duration="00:00:03.5489644" startTime="2010-12-23T11:22:38.1286347-05:00" endTime="2010-12-23T11:22:41.6775991-05:00" testType="13cdc9d9-ddb5-4fa4-a97d-d965ccfc6d4b" outcome="Aborted" testListId="8c84fa94-04c1-424b-9868-57a2d4851a1d" relativeResultsDirectory="904e403d-5bac-4429-afe7-822cd0f62dd9">
    </UnitTestResult>
    <UnitTestResult executionId="17f27055-bef3-4ef0-89fa-293cb89bdaea" testId="33269fda-e37d-5908-8bed-770860b81077" testName="IntradayTest" computerName="BUILD01" duration="00:00:03.5431048" startTime="2010-12-23T11:22:38.1344943-05:00" endTime="2010-12-23T11:22:41.6775991-05:00" testType="13cdc9d9-ddb5-4fa4-a97d-d965ccfc6d4b" outcome="Aborted" testListId="8c84fa94-04c1-424b-9868-57a2d4851a1d" relativeResultsDirectory="17f27055-bef3-4ef0-89fa-293cb89bdaea">
    </UnitTestResult>
    <UnitTestResult executionId="bad6d16a-ff04-4745-8502-3cbe4c3b87c6" testId="49630794-696c-fe2a-5ce8-349269a996cc" testName="TimeToIndexEvenTest" computerName="BUILD01" duration="00:00:03.5382218" startTime="2010-12-23T11:22:38.1393773-05:00" endTime="2010-12-23T11:22:41.6775991-05:00" testType="13cdc9d9-ddb5-4fa4-a97d-d965ccfc6d4b" outcome="Aborted" testListId="8c84fa94-04c1-424b-9868-57a2d4851a1d" relativeResultsDirectory="bad6d16a-ff04-4745-8502-3cbe4c3b87c6">
    </UnitTestResult>
    <UnitTestResult executionId="63b6c018-23f0-4dd5-b26b-55ac02905234" testId="b47470ad-fd67-15d1-6162-f6bc55ae6b2e" testName="TimeToIndexShiftedNegativeTest" computerName="BUILD01" duration="00:00:03.5333388" startTime="2010-12-23T11:22:38.1452369-05:00" endTime="2010-12-23T11:22:41.6785757-05:00" testType="13cdc9d9-ddb5-4fa4-a97d-d965ccfc6d4b" outcome="Aborted" testListId="8c84fa94-04c1-424b-9868-57a2d4851a1d" relativeResultsDirectory="63b6c018-23f0-4dd5-b26b-55ac02905234">
    </UnitTestResult>
    <UnitTestResult executionId="d418a89f-1f72-409f-b60b-ecb007ec4a81" testId="59f12276-45b5-795f-915e-74aeab40f7a0" testName="TimeToIndexShiftedPositiveTest" computerName="BUILD01" duration="00:00:03.5274792" startTime="2010-12-23T11:22:38.1510965-05:00" endTime="2010-12-23T11:22:41.6785757-05:00" testType="13cdc9d9-ddb5-4fa4-a97d-d965ccfc6d4b" outcome="Aborted" testListId="8c84fa94-04c1-424b-9868-57a2d4851a1d" relativeResultsDirectory="d418a89f-1f72-409f-b60b-ecb007ec4a81">
    </UnitTestResult>
    <UnitTestResult executionId="2d671fcc-af9d-416b-994d-9d427eaaf0e8" testId="72b7e143-e50f-d386-099b-b4d370bd52b1" testName="CompositeRecurrenceNegativeCreationTest5" computerName="BUILD01" duration="00:00:03.5216196" startTime="2010-12-23T11:22:38.1569561-05:00" endTime="2010-12-23T11:22:41.6785757-05:00" testType="13cdc9d9-ddb5-4fa4-a97d-d965ccfc6d4b" outcome="Aborted" testListId="8c84fa94-04c1-424b-9868-57a2d4851a1d" relativeResultsDirectory="2d671fcc-af9d-416b-994d-9d427eaaf0e8">
    </UnitTestResult>
    <UnitTestResult executionId="f337b78d-df51-4b6d-bcaf-6212c7e77d8e" testId="2ff85027-7af1-52c7-50be-326b0ef0e610" testName="CompositeRecurrenceNegativeCreationTest6" computerName="BUILD01" duration="00:00:03.5157600" startTime="2010-12-23T11:22:38.1628157-05:00" endTime="2010-12-23T11:22:41.6785757-05:00" testType="13cdc9d9-ddb5-4fa4-a97d-d965ccfc6d4b" outcome="Aborted" testListId="8c84fa94-04c1-424b-9868-57a2d4851a1d" relativeResultsDirectory="f337b78d-df51-4b6d-bcaf-6212c7e77d8e">
    </UnitTestResult>
    <UnitTestResult executionId="0e605c4d-f20e-482f-9a8c-bc91dc19b285" testId="869b20a7-a0f8-8015-b031-3c56a750f4be" testName="CompositeRecurrenceNegativeCreationTest7" computerName="BUILD01" duration="00:00:03.5099004" startTime="2010-12-23T11:22:38.1686753-05:00" endTime="2010-12-23T11:22:41.6785757-05:00" testType="13cdc9d9-ddb5-4fa4-a97d-d965ccfc6d4b" outcome="Aborted" testListId="8c84fa94-04c1-424b-9868-57a2d4851a1d" relativeResultsDirectory="0e605c4d-f20e-482f-9a8c-bc91dc19b285">
    </UnitTestResult>
    <UnitTestResult executionId="562b815f-d7dd-4ec2-bb74-2fede6f55095" testId="527ce70a-4182-e77a-d9f8-06e38e84917e" testName="CompositeRecurrencePositiveCreationTest1" computerName="BUILD01" duration="00:00:03.5040408" startTime="2010-12-23T11:22:38.1745349-05:00" endTime="2010-12-23T11:22:41.6785757-05:00" testType="13cdc9d9-ddb5-4fa4-a97d-d965ccfc6d4b" outcome="Aborted" testListId="8c84fa94-04c1-424b-9868-57a2d4851a1d" relativeResultsDirectory="562b815f-d7dd-4ec2-bb74-2fede6f55095">
    </UnitTestResult>
    <UnitTestResult executionId="00f4a715-4c25-4ea7-b0e2-5afd7ee93619" testId="e65faafc-b6af-6afe-845b-0d71c28555a8" testName="CompositeRecurrencePositiveCreationTest2" computerName="BUILD01" duration="00:00:03.4962280" startTime="2010-12-23T11:22:38.1823477-05:00" endTime="2010-12-23T11:22:41.6785757-05:00" testType="13cdc9d9-ddb5-4fa4-a97d-d965ccfc6d4b" outcome="Aborted" testListId="8c84fa94-04c1-424b-9868-57a2d4851a1d" relativeResultsDirectory="00f4a715-4c25-4ea7-b0e2-5afd7ee93619">
    </UnitTestResult>
    <UnitTestResult executionId="d92c6dad-b472-479c-aee5-696501d4fa46" testId="72d0cd67-b6f5-0a8b-07ba-52949d9bc074" testName="CompositeRecurrencePositiveCreationTest3" computerName="BUILD01" duration="00:00:03.4913450" startTime="2010-12-23T11:22:38.1872307-05:00" endTime="2010-12-23T11:22:41.6785757-05:00" testType="13cdc9d9-ddb5-4fa4-a97d-d965ccfc6d4b" outcome="Aborted" testListId="8c84fa94-04c1-424b-9868-57a2d4851a1d" relativeResultsDirectory="d92c6dad-b472-479c-aee5-696501d4fa46">
    </UnitTestResult>
    <UnitTestResult executionId="95651ee2-eceb-4d94-8f4d-9fcf7fe8f856" testId="3b312407-7a38-b354-7c6b-b5fc62523c40" testName="CompositeRecurrencePositiveCreationTest4" computerName="BUILD01" duration="00:00:03.4854854" startTime="2010-12-23T11:22:38.1930903-05:00" endTime="2010-12-23T11:22:41.6785757-05:00" testType="13cdc9d9-ddb5-4fa4-a97d-d965ccfc6d4b" outcome="Aborted" testListId="8c84fa94-04c1-424b-9868-57a2d4851a1d" relativeResultsDirectory="95651ee2-eceb-4d94-8f4d-9fcf7fe8f856">
    </UnitTestResult>
    <UnitTestResult executionId="e6234be5-80da-485c-a8fe-ceb4d55ca964" testId="fc9802b2-2b89-ecf8-e4cb-35c64834b5f8" testName="NonUniformCompositeRecurrenceCeilingTest" computerName="BUILD01" duration="00:00:03.4796258" startTime="2010-12-23T11:22:38.1989499-05:00" endTime="2010-12-23T11:22:41.6785757-05:00" testType="13cdc9d9-ddb5-4fa4-a97d-d965ccfc6d4b" outcome="Aborted" testListId="8c84fa94-04c1-424b-9868-57a2d4851a1d" relativeResultsDirectory="e6234be5-80da-485c-a8fe-ceb4d55ca964">
    </UnitTestResult>
    <UnitTestResult executionId="7a2eeb48-b042-474b-b6b0-f058addc1159" testId="e9da50d4-2a63-1720-666c-da76942d5c26" testName="NonUniformCompositeRecurrenceFloorTest" computerName="BUILD01" duration="00:00:03.4718130" startTime="2010-12-23T11:22:38.2077393-05:00" endTime="2010-12-23T11:22:41.6795523-05:00" testType="13cdc9d9-ddb5-4fa4-a97d-d965ccfc6d4b" outcome="Aborted" testListId="8c84fa94-04c1-424b-9868-57a2d4851a1d" relativeResultsDirectory="7a2eeb48-b042-474b-b6b0-f058addc1159">
    </UnitTestResult>
    <UnitTestResult executionId="318da0fd-2299-4454-b311-3ed8e7027dab" testId="be905746-cd26-8059-96a7-63c6cae73dd4" testName="NonUniformCompositeRecurrenceIndexToTimeTest" computerName="BUILD01" duration="00:00:03.4669300" startTime="2010-12-23T11:22:38.2126223-05:00" endTime="2010-12-23T11:22:41.6795523-05:00" testType="13cdc9d9-ddb5-4fa4-a97d-d965ccfc6d4b" outcome="Aborted" testListId="8c84fa94-04c1-424b-9868-57a2d4851a1d" relativeResultsDirectory="318da0fd-2299-4454-b311-3ed8e7027dab">
    </UnitTestResult>
    <UnitTestResult executionId="600692ac-4e0e-44bc-88df-80b0c3b81793" testId="e09ee75f-6ca2-8a2c-eb91-fc3067915ebb" testName="NonUniformCompositeRecurrenceMinimumIntervalTest" computerName="BUILD01" duration="00:00:03.4610704" startTime="2010-12-23T11:22:38.2184819-05:00" endTime="2010-12-23T11:22:41.6795523-05:00" testType="13cdc9d9-ddb5-4fa4-a97d-d965ccfc6d4b" outcome="Aborted" testListId="8c84fa94-04c1-424b-9868-57a2d4851a1d" relativeResultsDirectory="600692ac-4e0e-44bc-88df-80b0c3b81793">
    </UnitTestResult>
    <UnitTestResult executionId="44362733-c258-443d-833d-9d0bd028c90a" testId="ed533506-8860-80fd-81c4-2353a396d330" testName="NonUniformCompositeRecurrenceMixedOriginsIndexToTimeTest" computerName="BUILD01" duration="00:00:03.4532576" startTime="2010-12-23T11:22:38.2262947-05:00" endTime="2010-12-23T11:22:41.6795523-05:00" testType="13cdc9d9-ddb5-4fa4-a97d-d965ccfc6d4b" outcome="Aborted" testListId="8c84fa94-04c1-424b-9868-57a2d4851a1d" relativeResultsDirectory="44362733-c258-443d-833d-9d0bd028c90a">
    </UnitTestResult>
    <UnitTestResult executionId="4051ecaf-068e-4958-a8ac-546641084aa4" testId="d5df32cf-c471-a836-fe0a-c9adaf013973" testName="NonUniformCompositeRecurrenceTimeToIndexTest" computerName="BUILD01" duration="00:00:03.4473980" startTime="2010-12-23T11:22:38.2321543-05:00" endTime="2010-12-23T11:22:41.6795523-05:00" testType="13cdc9d9-ddb5-4fa4-a97d-d965ccfc6d4b" outcome="Aborted" testListId="8c84fa94-04c1-424b-9868-57a2d4851a1d" relativeResultsDirectory="4051ecaf-068e-4958-a8ac-546641084aa4">
    </UnitTestResult>
    <UnitTestResult executionId="e6a28d42-0dc0-4bd7-8b85-c106dd20ed39" testId="614d2d90-c33e-0c7d-69e7-f743aae9996c" testName="UniformCompositeRecurrenceCeilingTest" computerName="BUILD01" duration="00:00:03.4415384" startTime="2010-12-23T11:22:38.2380139-05:00" endTime="2010-12-23T11:22:41.6795523-05:00" testType="13cdc9d9-ddb5-4fa4-a97d-d965ccfc6d4b" outcome="Aborted" testListId="8c84fa94-04c1-424b-9868-57a2d4851a1d" relativeResultsDirectory="e6a28d42-0dc0-4bd7-8b85-c106dd20ed39">
    </UnitTestResult>
    <UnitTestResult executionId="47517833-3282-4750-858a-fa3407983ffc" testId="6eb343e4-d98c-350f-c716-a689396d64eb" testName="UniformCompositeRecurrenceFloorTest" computerName="BUILD01" duration="00:00:03.4366554" startTime="2010-12-23T11:22:38.2428969-05:00" endTime="2010-12-23T11:22:41.6795523-05:00" testType="13cdc9d9-ddb5-4fa4-a97d-d965ccfc6d4b" outcome="Aborted" testListId="8c84fa94-04c1-424b-9868-57a2d4851a1d" relativeResultsDirectory="47517833-3282-4750-858a-fa3407983ffc">
    </UnitTestResult>
    <UnitTestResult executionId="b668802f-b765-433b-a739-ffda9793b7cc" testId="4df06cec-b08b-b096-6f03-915f5fe26ffe" testName="UniformCompositeRecurrenceIndexToTimeTest" computerName="BUILD01" duration="00:00:03.4307958" startTime="2010-12-23T11:22:38.2487565-05:00" endTime="2010-12-23T11:22:41.6795523-05:00" testType="13cdc9d9-ddb5-4fa4-a97d-d965ccfc6d4b" outcome="Aborted" testListId="8c84fa94-04c1-424b-9868-57a2d4851a1d" relativeResultsDirectory="b668802f-b765-433b-a739-ffda9793b7cc">
    </UnitTestResult>
    <UnitTestResult executionId="b12a611f-2b37-4c92-85f3-1b6288a15fa2" testId="dea0397c-d012-d0ad-e936-69352303d576" testName="UniformCompositeRecurrenceMinimumIntervalTest" computerName="BUILD01" duration="00:00:03.4249362" startTime="2010-12-23T11:22:38.2546161-05:00" endTime="2010-12-23T11:22:41.6795523-05:00" testType="13cdc9d9-ddb5-4fa4-a97d-d965ccfc6d4b" outcome="Aborted" testListId="8c84fa94-04c1-424b-9868-57a2d4851a1d" relativeResultsDirectory="b12a611f-2b37-4c92-85f3-1b6288a15fa2">
    </UnitTestResult>
    <UnitTestResult executionId="7a535ed4-7640-4891-bf05-7b99e31e080b" testId="b85a1097-878e-b441-9ce5-ba74deba16cb" testName="UniformCompositeRecurrenceMixedOriginsIndexToTimeTest" computerName="BUILD01" duration="00:00:03.4210298" startTime="2010-12-23T11:22:38.2594991-05:00" endTime="2010-12-23T11:22:41.6805289-05:00" testType="13cdc9d9-ddb5-4fa4-a97d-d965ccfc6d4b" outcome="Aborted" testListId="8c84fa94-04c1-424b-9868-57a2d4851a1d" relativeResultsDirectory="7a535ed4-7640-4891-bf05-7b99e31e080b">
    </UnitTestResult>
    <UnitTestResult executionId="abfa2020-a687-4845-a8be-ec6fecba2c65" testId="eb9b16e6-00bb-f338-7c7f-e9fa554c5180" testName="UniformCompositeRecurrenceTimeToIndexTest" computerName="BUILD01" duration="00:00:03.4161468" startTime="2010-12-23T11:22:38.2643821-05:00" endTime="2010-12-23T11:22:41.6805289-05:00" testType="13cdc9d9-ddb5-4fa4-a97d-d965ccfc6d4b" outcome="Aborted" testListId="8c84fa94-04c1-424b-9868-57a2d4851a1d" relativeResultsDirectory="abfa2020-a687-4845-a8be-ec6fecba2c65">
    </UnitTestResult>
    <UnitTestResult executionId="e394d111-00cc-40f7-848a-f3dd1c9bad81" testId="1b37aec3-3ea6-c4d9-3dda-7b6b582dc928" testName="CompatibleWithTest" computerName="BUILD01" duration="00:00:03.4093106" startTime="2010-12-23T11:22:38.2712183-05:00" endTime="2010-12-23T11:22:41.6805289-05:00" testType="13cdc9d9-ddb5-4fa4-a97d-d965ccfc6d4b" outcome="Aborted" testListId="8c84fa94-04c1-424b-9868-57a2d4851a1d" relativeResultsDirectory="e394d111-00cc-40f7-848a-f3dd1c9bad81">
    </UnitTestResult>
    <UnitTestResult executionId="e3f882f4-26b4-44e7-8b73-a1242320c6d0" testId="02092a87-6ea5-256a-b0d9-b429ede5d42e" testName="IndexToTimeTest" computerName="BUILD01" duration="00:00:03.4034510" startTime="2010-12-23T11:22:38.2770779-05:00" endTime="2010-12-23T11:22:41.6805289-05:00" testType="13cdc9d9-ddb5-4fa4-a97d-d965ccfc6d4b" outcome="Aborted" testListId="8c84fa94-04c1-424b-9868-57a2d4851a1d" relativeResultsDirectory="e3f882f4-26b4-44e7-8b73-a1242320c6d0">
    </UnitTestResult>
    <UnitTestResult executionId="b57a41f2-3bd7-476d-9aa1-73cd7ee076b1" testId="6e29bfff-6957-9ba7-7274-c896b78026f7" testName="IntradayTest" computerName="BUILD01" duration="00:00:03.3956382" startTime="2010-12-23T11:22:38.2848907-05:00" endTime="2010-12-23T11:22:41.6805289-05:00" testType="13cdc9d9-ddb5-4fa4-a97d-d965ccfc6d4b" outcome="Aborted" testListId="8c84fa94-04c1-424b-9868-57a2d4851a1d" relativeResultsDirectory="b57a41f2-3bd7-476d-9aa1-73cd7ee076b1">
    </UnitTestResult>
    <UnitTestResult executionId="229202bd-9309-4d75-9794-cdf42beb405e" testId="2a64f938-f935-cdbd-4fd7-0083f526f4ac" testName="TimeToIndexTest" computerName="BUILD01" duration="00:00:03.3897786" startTime="2010-12-23T11:22:38.2907503-05:00" endTime="2010-12-23T11:22:41.6805289-05:00" testType="13cdc9d9-ddb5-4fa4-a97d-d965ccfc6d4b" outcome="Aborted" testListId="8c84fa94-04c1-424b-9868-57a2d4851a1d" relativeResultsDirectory="229202bd-9309-4d75-9794-cdf42beb405e">
    </UnitTestResult>
    <UnitTestResult executionId="b5886235-745b-492b-9b3f-f842fb29f921" testId="bdad37f6-3252-b546-1e8c-7b3b5ff90465" testName="WorkdayBugTest" computerName="BUILD01" duration="00:00:03.3839190" startTime="2010-12-23T11:22:38.2966099-05:00" endTime="2010-12-23T11:22:41.6805289-05:00" testType="13cdc9d9-ddb5-4fa4-a97d-d965ccfc6d4b" outcome="Aborted" testListId="8c84fa94-04c1-424b-9868-57a2d4851a1d" relativeResultsDirectory="b5886235-745b-492b-9b3f-f842fb29f921">
    </UnitTestResult>
    <UnitTestResult executionId="987fad96-d49a-4127-b075-d7a1be9158f5" testId="d0b6a426-5a06-7e67-a628-65456af0e215" testName="QVDailyLoadableSeriesTest" computerName="BUILD01" duration="00:00:03.3780594" startTime="2010-12-23T11:22:38.3024695-05:00" endTime="2010-12-23T11:22:41.6805289-05:00" testType="13cdc9d9-ddb5-4fa4-a97d-d965ccfc6d4b" outcome="Aborted" testListId="8c84fa94-04c1-424b-9868-57a2d4851a1d" relativeResultsDirectory="987fad96-d49a-4127-b075-d7a1be9158f5">
    </UnitTestResult>
    <UnitTestResult executionId="bb051d36-7e4f-4cac-9a1c-84a336008d2a" testId="07281b31-baeb-c5ef-0902-22fefa8f812b" testName="QVIntradayAggregationExprDailyTest" computerName="BUILD01" duration="00:00:03.3712232" startTime="2010-12-23T11:22:38.3093057-05:00" endTime="2010-12-23T11:22:41.6805289-05:00" testType="13cdc9d9-ddb5-4fa4-a97d-d965ccfc6d4b" outcome="Aborted" testListId="8c84fa94-04c1-424b-9868-57a2d4851a1d" relativeResultsDirectory="bb051d36-7e4f-4cac-9a1c-84a336008d2a">
    </UnitTestResult>
    <UnitTestResult executionId="e4a54a4a-2c36-4905-9e46-4ccb0bc1f116" testId="5f567b55-534a-b970-2532-8daa7d17715c" testName="QVIntradayAggregationExprHourlyTest" computerName="BUILD01" duration="00:00:03.3673168" startTime="2010-12-23T11:22:38.3141887-05:00" endTime="2010-12-23T11:22:41.6815055-05:00" testType="13cdc9d9-ddb5-4fa4-a97d-d965ccfc6d4b" outcome="Aborted" testListId="8c84fa94-04c1-424b-9868-57a2d4851a1d" relativeResultsDirectory="e4a54a4a-2c36-4905-9e46-4ccb0bc1f116">
    </UnitTestResult>
    <UnitTestResult executionId="d408b281-e572-4a96-a9c0-781e5c7f28fe" testId="daf046ef-de55-56c8-05f7-3b8c714d7945" testName="QVIntradayLoadableSeriesFinOMTest" computerName="BUILD01" duration="00:00:03.3595040" startTime="2010-12-23T11:22:38.3220015-05:00" endTime="2010-12-23T11:22:41.6815055-05:00" testType="13cdc9d9-ddb5-4fa4-a97d-d965ccfc6d4b" outcome="Aborted" testListId="8c84fa94-04c1-424b-9868-57a2d4851a1d" relativeResultsDirectory="d408b281-e572-4a96-a9c0-781e5c7f28fe">
    </UnitTestResult>
    <UnitTestResult executionId="f96b800b-ac2d-4cdd-ac72-988c4613f37a" testId="a1d71891-9435-5227-23e4-842f7c4356e7" testName="QVIntradayLoadableSeriesInvalidSeniorityTest" computerName="BUILD01" duration="00:00:03.3536444" startTime="2010-12-23T11:22:38.3278611-05:00" endTime="2010-12-23T11:22:41.6815055-05:00" testType="13cdc9d9-ddb5-4fa4-a97d-d965ccfc6d4b" outcome="Aborted" testListId="8c84fa94-04c1-424b-9868-57a2d4851a1d" relativeResultsDirectory="f96b800b-ac2d-4cdd-ac72-988c4613f37a">
    </UnitTestResult>
    <UnitTestResult executionId="4ae14380-ebf4-4d52-87fb-ee2c5eebaeb4" testId="6b65f331-1ffe-524b-4f55-c0d75bd72dfe" testName="QVIntradayLoadableSeriesNativeTest" computerName="BUILD01" duration="00:00:03.3477848" startTime="2010-12-23T11:22:38.3337207-05:00" endTime="2010-12-23T11:22:41.6815055-05:00" testType="13cdc9d9-ddb5-4fa4-a97d-d965ccfc6d4b" outcome="Aborted" testListId="8c84fa94-04c1-424b-9868-57a2d4851a1d" relativeResultsDirectory="4ae14380-ebf4-4d52-87fb-ee2c5eebaeb4">
    </UnitTestResult>
    <UnitTestResult executionId="038d0ff8-c0d0-4b66-af0a-c1f9a4790755" testId="b7d23f48-2723-134c-0821-a60a09d2d514" testName="QVIntradayToDailyTest" computerName="BUILD01" duration="00:00:03.3419252" startTime="2010-12-23T11:22:38.3395803-05:00" endTime="2010-12-23T11:22:41.6815055-05:00" testType="13cdc9d9-ddb5-4fa4-a97d-d965ccfc6d4b" outcome="Aborted" testListId="8c84fa94-04c1-424b-9868-57a2d4851a1d" relativeResultsDirectory="038d0ff8-c0d0-4b66-af0a-c1f9a4790755">
    </UnitTestResult>
    <UnitTestResult executionId="805014cd-828f-408e-8b91-6bab59fc4d18" testId="e71fab2a-1b04-e124-8fd4-65b15b482776" testName="QVIntradayToHourlyTest" computerName="BUILD01" duration="00:00:03.3360656" startTime="2010-12-23T11:22:38.3454399-05:00" endTime="2010-12-23T11:22:41.6815055-05:00" testType="13cdc9d9-ddb5-4fa4-a97d-d965ccfc6d4b" outcome="Aborted" testListId="8c84fa94-04c1-424b-9868-57a2d4851a1d" relativeResultsDirectory="805014cd-828f-408e-8b91-6bab59fc4d18">
    </UnitTestResult>
    <UnitTestResult executionId="bf5753fe-1396-4cde-afe1-4438495d3f3a" testId="6d98fb1e-e3fb-e6bb-b32c-4c761cd7e1b1" testName="TSDailyLoadableSeriesTest1" computerName="BUILD01" duration="00:00:03.3302060" startTime="2010-12-23T11:22:38.3512995-05:00" endTime="2010-12-23T11:22:41.6815055-05:00" testType="13cdc9d9-ddb5-4fa4-a97d-d965ccfc6d4b" outcome="Aborted" testListId="8c84fa94-04c1-424b-9868-57a2d4851a1d" relativeResultsDirectory="bf5753fe-1396-4cde-afe1-4438495d3f3a">
    </UnitTestResult>
    <UnitTestResult executionId="860b8adc-904b-4e89-8bf9-2bf5819f4500" testId="5c0a4022-88a7-75e0-85c7-92911d145f3f" testName="TSDailyLoadableSeriesTest2" computerName="BUILD01" duration="00:00:03.3243464" startTime="2010-12-23T11:22:38.3571591-05:00" endTime="2010-12-23T11:22:41.6815055-05:00" testType="13cdc9d9-ddb5-4fa4-a97d-d965ccfc6d4b" outcome="Aborted" testListId="8c84fa94-04c1-424b-9868-57a2d4851a1d" relativeResultsDirectory="860b8adc-904b-4e89-8bf9-2bf5819f4500">
    </UnitTestResult>
    <UnitTestResult executionId="c0aa39d4-67c6-4509-9302-46b8917041fd" testId="6c3a197b-26ec-5fc1-1355-44d561fbe8a3" testName="CombineExplicitTimelines" computerName="BUILD01" duration="00:00:03.3175102" startTime="2010-12-23T11:22:38.3639953-05:00" endTime="2010-12-23T11:22:41.6815055-05:00" testType="13cdc9d9-ddb5-4fa4-a97d-d965ccfc6d4b" outcome="Aborted" testListId="8c84fa94-04c1-424b-9868-57a2d4851a1d" relativeResultsDirectory="c0aa39d4-67c6-4509-9302-46b8917041fd">
    </UnitTestResult>
    <UnitTestResult executionId="f89b4dd0-d26f-44f8-9a50-8f9a439b5be6" testId="760562e5-970f-ddbc-7eb6-7fbac947f6f9" testName="Test1" computerName="BUILD01" duration="00:00:03.3096974" startTime="2010-12-23T11:22:38.3718081-05:00" endTime="2010-12-23T11:22:41.6815055-05:00" testType="13cdc9d9-ddb5-4fa4-a97d-d965ccfc6d4b" outcome="Aborted" testListId="8c84fa94-04c1-424b-9868-57a2d4851a1d" relativeResultsDirectory="f89b4dd0-d26f-44f8-9a50-8f9a439b5be6">
    </UnitTestResult>
    <UnitTestResult executionId="7e28b61c-c85d-4c81-b550-5160e26f5fce" testId="72200dbb-ce33-ce0f-b5b5-7f0d36d2c4f8" testName="Test1_5" computerName="BUILD01" duration="00:00:03.3048144" startTime="2010-12-23T11:22:38.3776677-05:00" endTime="2010-12-23T11:22:41.6824821-05:00" testType="13cdc9d9-ddb5-4fa4-a97d-d965ccfc6d4b" outcome="Aborted" testListId="8c84fa94-04c1-424b-9868-57a2d4851a1d" relativeResultsDirectory="7e28b61c-c85d-4c81-b550-5160e26f5fce">
    </UnitTestResult>
    <UnitTestResult executionId="c8e030ed-e9db-47a8-9baa-56f0c3f1e23b" testId="7d8ab1da-505d-b12e-33eb-ae1dcc985051" testName="Test2" computerName="BUILD01" duration="00:00:03.2999314" startTime="2010-12-23T11:22:38.3825507-05:00" endTime="2010-12-23T11:22:41.6824821-05:00" testType="13cdc9d9-ddb5-4fa4-a97d-d965ccfc6d4b" outcome="Aborted" testListId="8c84fa94-04c1-424b-9868-57a2d4851a1d" relativeResultsDirectory="c8e030ed-e9db-47a8-9baa-56f0c3f1e23b">
    </UnitTestResult>
    <UnitTestResult executionId="644cccc2-ac63-414e-9df4-e4258953f57a" testId="72ac8e93-9809-90fa-4165-d53e0d05467d" testName="Test3" computerName="BUILD01" duration="00:00:03.2940718" startTime="2010-12-23T11:22:38.3884103-05:00" endTime="2010-12-23T11:22:41.6824821-05:00" testType="13cdc9d9-ddb5-4fa4-a97d-d965ccfc6d4b" outcome="Aborted" testListId="8c84fa94-04c1-424b-9868-57a2d4851a1d" relativeResultsDirectory="644cccc2-ac63-414e-9df4-e4258953f57a">
    </UnitTestResult>
    <UnitTestResult executionId="8b594586-d52b-4645-bcd4-46457527db7f" testId="a5f36273-95c1-486b-a82b-c96a1f77b78f" testName="Test4" computerName="BUILD01" duration="00:00:03.2891888" startTime="2010-12-23T11:22:38.3932933-05:00" endTime="2010-12-23T11:22:41.6824821-05:00" testType="13cdc9d9-ddb5-4fa4-a97d-d965ccfc6d4b" outcome="Aborted" testListId="8c84fa94-04c1-424b-9868-57a2d4851a1d" relativeResultsDirectory="8b594586-d52b-4645-bcd4-46457527db7f">
    </UnitTestResult>
    <UnitTestResult executionId="83497ab2-db31-4f0a-a862-550bac247afa" testId="3ff40ca2-4ef3-5dd3-639e-e78c18d195ad" testName="Test5" computerName="BUILD01" duration="00:00:03.2833292" startTime="2010-12-23T11:22:38.3991529-05:00" endTime="2010-12-23T11:22:41.6824821-05:00" testType="13cdc9d9-ddb5-4fa4-a97d-d965ccfc6d4b" outcome="Aborted" testListId="8c84fa94-04c1-424b-9868-57a2d4851a1d" relativeResultsDirectory="83497ab2-db31-4f0a-a862-550bac247afa">
    </UnitTestResult>
    <UnitTestResult executionId="70119c94-2a46-4d93-a35a-ca68164e3f40" testId="8f4eb6e2-5030-8361-e7f9-dec113ce1a84" testName="Test7" computerName="BUILD01" duration="00:00:03.2764930" startTime="2010-12-23T11:22:38.4059891-05:00" endTime="2010-12-23T11:22:41.6824821-05:00" testType="13cdc9d9-ddb5-4fa4-a97d-d965ccfc6d4b" outcome="Aborted" testListId="8c84fa94-04c1-424b-9868-57a2d4851a1d" relativeResultsDirectory="70119c94-2a46-4d93-a35a-ca68164e3f40">
    </UnitTestResult>
    <UnitTestResult executionId="f55a1de2-172d-4d30-b9e7-fb5148c0f20c" testId="e3aa9d60-3f2f-8683-0415-d9ad8e46b8b4" testName="EqSpxCloseForwardRefTest" computerName="BUILD01" duration="00:00:03.2706334" startTime="2010-12-23T11:22:38.4118487-05:00" endTime="2010-12-23T11:22:41.6824821-05:00" testType="13cdc9d9-ddb5-4fa4-a97d-d965ccfc6d4b" outcome="Aborted" testListId="8c84fa94-04c1-424b-9868-57a2d4851a1d" relativeResultsDirectory="f55a1de2-172d-4d30-b9e7-fb5148c0f20c">
    </UnitTestResult>
    <UnitTestResult executionId="2b30de8f-9e0d-41d1-b11b-0e7620a3e00a" testId="a9627adc-6665-fe6e-5bcd-65dd9a71c9fa" testName="EqSpxCloseTest" computerName="BUILD01" duration="00:00:03.2657504" startTime="2010-12-23T11:22:38.4167317-05:00" endTime="2010-12-23T11:22:41.6824821-05:00" testType="13cdc9d9-ddb5-4fa4-a97d-d965ccfc6d4b" outcome="Aborted" testListId="8c84fa94-04c1-424b-9868-57a2d4851a1d" relativeResultsDirectory="2b30de8f-9e0d-41d1-b11b-0e7620a3e00a">
    </UnitTestResult>
    <UnitTestResult executionId="92f7ddec-25d5-44c9-8ac2-9d05117048cd" testId="77cb46a3-0be6-d6b1-2b32-0b77c61b7aad" testName="TodayMinusThenTest" computerName="BUILD01" duration="00:00:03.2598908" startTime="2010-12-23T11:22:38.4225913-05:00" endTime="2010-12-23T11:22:41.6824821-05:00" testType="13cdc9d9-ddb5-4fa4-a97d-d965ccfc6d4b" outcome="Aborted" testListId="8c84fa94-04c1-424b-9868-57a2d4851a1d" relativeResultsDirectory="92f7ddec-25d5-44c9-8ac2-9d05117048cd">
    </UnitTestResult>
    <UnitTestResult executionId="22fe76f8-74c8-4fc8-8bba-a7d9649e590f" testId="ddfc85ef-621d-8b7b-9ff4-5b864f375627" testName="CleaningTest" computerName="BUILD01" duration="00:00:03.2550078" startTime="2010-12-23T11:22:38.4284509-05:00" endTime="2010-12-23T11:22:41.6834587-05:00" testType="13cdc9d9-ddb5-4fa4-a97d-d965ccfc6d4b" outcome="Aborted" testListId="8c84fa94-04c1-424b-9868-57a2d4851a1d" relativeResultsDirectory="22fe76f8-74c8-4fc8-8bba-a7d9649e590f">
    </UnitTestResult>
    <UnitTestResult executionId="20dfb87e-e946-4462-a692-e591d6d80a65" testId="87caf0a4-c62e-5dff-e178-55401a78931b" testName="FilterUpDownMedianTest" computerName="BUILD01" duration="00:00:03.2491482" startTime="2010-12-23T11:22:38.4343105-05:00" endTime="2010-12-23T11:22:41.6834587-05:00" testType="13cdc9d9-ddb5-4fa4-a97d-d965ccfc6d4b" outcome="Aborted" testListId="8c84fa94-04c1-424b-9868-57a2d4851a1d" relativeResultsDirectory="20dfb87e-e946-4462-a692-e591d6d80a65">
    </UnitTestResult>
    <UnitTestResult executionId="4a8e6f62-1a5b-439c-847e-5590b398557a" testId="6b682cae-23f0-71f0-3e05-47432832197a" testName="FilterUpDownTest" computerName="BUILD01" duration="00:00:03.2432886" startTime="2010-12-23T11:22:38.4401701-05:00" endTime="2010-12-23T11:22:41.6834587-05:00" testType="13cdc9d9-ddb5-4fa4-a97d-d965ccfc6d4b" outcome="Aborted" testListId="8c84fa94-04c1-424b-9868-57a2d4851a1d" relativeResultsDirectory="4a8e6f62-1a5b-439c-847e-5590b398557a">
    </UnitTestResult>
    <UnitTestResult executionId="698da0a4-6034-4237-85d1-7af1f9454647" testId="42a719b1-9a40-684d-57df-0ba187ec6e7d" testName="HourlyTest" computerName="BUILD01" duration="00:00:03.2364524" startTime="2010-12-23T11:22:38.4470063-05:00" endTime="2010-12-23T11:22:41.6834587-05:00" testType="13cdc9d9-ddb5-4fa4-a97d-d965ccfc6d4b" outcome="Aborted" testListId="8c84fa94-04c1-424b-9868-57a2d4851a1d" relativeResultsDirectory="698da0a4-6034-4237-85d1-7af1f9454647">
    </UnitTestResult>
    <UnitTestResult executionId="85e24114-e17b-4de3-ac1d-f8c43352e98a" testId="b041a329-0ae1-f8b4-592d-c588d506a252" testName="LoadQVTickDataTest" computerName="BUILD01" duration="00:00:03.2305928" startTime="2010-12-23T11:22:38.4528659-05:00" endTime="2010-12-23T11:22:41.6834587-05:00" testType="13cdc9d9-ddb5-4fa4-a97d-d965ccfc6d4b" outcome="Aborted" testListId="8c84fa94-04c1-424b-9868-57a2d4851a1d" relativeResultsDirectory="85e24114-e17b-4de3-ac1d-f8c43352e98a">
    </UnitTestResult>
    <UnitTestResult executionId="5ce962cf-8fc1-451c-8967-8dd9ec915ba5" testId="628b9328-4ed1-6705-c540-b53e20d5c947" testName="NonUniformTest" computerName="BUILD01" duration="00:00:03.2257098" startTime="2010-12-23T11:22:38.4577489-05:00" endTime="2010-12-23T11:22:41.6834587-05:00" testType="13cdc9d9-ddb5-4fa4-a97d-d965ccfc6d4b" outcome="Aborted" testListId="8c84fa94-04c1-424b-9868-57a2d4851a1d" relativeResultsDirectory="5ce962cf-8fc1-451c-8967-8dd9ec915ba5">
    </UnitTestResult>
    <UnitTestResult executionId="9d1ed07a-49b6-40a6-8f82-655d4a36c8ce" testId="deaa45c3-cb0e-a044-46fb-35cc65ad3bf3" testName="RemoveDailyOutliersTest" computerName="BUILD01" duration="00:00:03.2208268" startTime="2010-12-23T11:22:38.4626319-05:00" endTime="2010-12-23T11:22:41.6834587-05:00" testType="13cdc9d9-ddb5-4fa4-a97d-d965ccfc6d4b" outcome="Aborted" testListId="8c84fa94-04c1-424b-9868-57a2d4851a1d" relativeResultsDirectory="9d1ed07a-49b6-40a6-8f82-655d4a36c8ce">
    </UnitTestResult>
    <UnitTestResult executionId="f405aea7-6e96-47a2-bfd4-ead5e71a530d" testId="2d076558-89f2-9989-1183-18d96d97cca7" testName="AZTest" computerName="BUILD01" duration="00:00:03.2130140" startTime="2010-12-23T11:22:38.4704447-05:00" endTime="2010-12-23T11:22:41.6834587-05:00" testType="13cdc9d9-ddb5-4fa4-a97d-d965ccfc6d4b" outcome="Aborted" testListId="8c84fa94-04c1-424b-9868-57a2d4851a1d" relativeResultsDirectory="f405aea7-6e96-47a2-bfd4-ead5e71a530d">
    </UnitTestResult>
    <UnitTestResult executionId="4e92a0b9-f0a5-4452-a32c-b45eb7d32f20" testId="32ee4df3-0482-2cc3-870f-542ae4b801b9" testName="NormalHeapTest" computerName="BUILD01" duration="00:00:03.2052012" startTime="2010-12-23T11:22:38.4782575-05:00" endTime="2010-12-23T11:22:41.6834587-05:00" testType="13cdc9d9-ddb5-4fa4-a97d-d965ccfc6d4b" outcome="Aborted" testListId="8c84fa94-04c1-424b-9868-57a2d4851a1d" relativeResultsDirectory="4e92a0b9-f0a5-4452-a32c-b45eb7d32f20">
    </UnitTestResult>
    <UnitTestResult executionId="2f8f80f8-f63a-4e7e-be4f-163724b9659a" testId="7518c2d2-7a97-1453-21c8-cc9ed6a49d67" testName="ReversedHeapTest" computerName="BUILD01" duration="00:00:03.2012948" startTime="2010-12-23T11:22:38.4831405-05:00" endTime="2010-12-23T11:22:41.6844353-05:00" testType="13cdc9d9-ddb5-4fa4-a97d-d965ccfc6d4b" outcome="Aborted" testListId="8c84fa94-04c1-424b-9868-57a2d4851a1d" relativeResultsDirectory="2f8f80f8-f63a-4e7e-be4f-163724b9659a">
    </UnitTestResult>
    <UnitTestResult executionId="908905b4-6738-4ff6-b28f-0d1a47aaa800" testId="0719a92f-660a-669c-d32b-372bcd502ac3" testName="AddTest" computerName="BUILD01" duration="00:00:03.1954352" startTime="2010-12-23T11:22:38.4890001-05:00" endTime="2010-12-23T11:22:41.6844353-05:00" testType="13cdc9d9-ddb5-4fa4-a97d-d965ccfc6d4b" outcome="Aborted" testListId="8c84fa94-04c1-424b-9868-57a2d4851a1d" relativeResultsDirectory="908905b4-6738-4ff6-b28f-0d1a47aaa800">
    </UnitTestResult>
    <UnitTestResult executionId="4bc36916-97d2-46eb-9e38-65965bfb5b13" testId="5fcf2126-7fc9-a06a-3fee-9a64ae23a758" testName="DivCeilineFractionalTest" computerName="BUILD01" duration="00:00:03.1895756" startTime="2010-12-23T11:22:38.4948597-05:00" endTime="2010-12-23T11:22:41.6844353-05:00" testType="13cdc9d9-ddb5-4fa4-a97d-d965ccfc6d4b" outcome="Aborted" testListId="8c84fa94-04c1-424b-9868-57a2d4851a1d" relativeResultsDirectory="4bc36916-97d2-46eb-9e38-65965bfb5b13">
    </UnitTestResult>
    <UnitTestResult executionId="fe0e0e0b-5914-4d77-9828-9eb254fd39c0" testId="10fe92d1-cb25-e37b-71e7-5a48cc2311ce" testName="DivCeilineIntegralTest" computerName="BUILD01" duration="00:00:03.1846926" startTime="2010-12-23T11:22:38.4997427-05:00" endTime="2010-12-23T11:22:41.6844353-05:00" testType="13cdc9d9-ddb5-4fa4-a97d-d965ccfc6d4b" outcome="Aborted" testListId="8c84fa94-04c1-424b-9868-57a2d4851a1d" relativeResultsDirectory="fe0e0e0b-5914-4d77-9828-9eb254fd39c0">
    </UnitTestResult>
    <UnitTestResult executionId="e50746e2-f147-4bd4-a46c-fffcc60e3a16" testId="f4b3c1b7-9c21-dea7-da51-1bebcf0bc1aa" testName="DivFloorFractionalTest" computerName="BUILD01" duration="00:00:03.1788330" startTime="2010-12-23T11:22:38.5056023-05:00" endTime="2010-12-23T11:22:41.6844353-05:00" testType="13cdc9d9-ddb5-4fa4-a97d-d965ccfc6d4b" outcome="Aborted" testListId="8c84fa94-04c1-424b-9868-57a2d4851a1d" relativeResultsDirectory="e50746e2-f147-4bd4-a46c-fffcc60e3a16">
    </UnitTestResult>
    <UnitTestResult executionId="fd750a24-0f85-48d0-b43b-85410d786a5a" testId="6fcabe40-613e-0ab2-aabd-f9119fd50217" testName="DivFloorIntegralTest" computerName="BUILD01" duration="00:00:03.1729734" startTime="2010-12-23T11:22:38.5114619-05:00" endTime="2010-12-23T11:22:41.6844353-05:00" testType="13cdc9d9-ddb5-4fa4-a97d-d965ccfc6d4b" outcome="Aborted" testListId="8c84fa94-04c1-424b-9868-57a2d4851a1d" relativeResultsDirectory="fd750a24-0f85-48d0-b43b-85410d786a5a">
    </UnitTestResult>
    <UnitTestResult executionId="61bbb257-75c1-472f-af13-ebd56e498327" testId="74d374b0-0afe-bc44-b1bc-c99bdced40c8" testName="ExcelToTimesTest" computerName="BUILD01" duration="00:00:03.1661372" startTime="2010-12-23T11:22:38.5182981-05:00" endTime="2010-12-23T11:22:41.6844353-05:00" testType="13cdc9d9-ddb5-4fa4-a97d-d965ccfc6d4b" outcome="Aborted" testListId="8c84fa94-04c1-424b-9868-57a2d4851a1d" relativeResultsDirectory="61bbb257-75c1-472f-af13-ebd56e498327">
    </UnitTestResult>
    <UnitTestResult executionId="54543662-fa97-4b4f-a90b-0b5e3a281dd2" testId="8e645265-7eee-1b7d-7b17-9dc835d9fc3c" testName="NowTest" computerName="BUILD01" duration="00:00:03.1602776" startTime="2010-12-23T11:22:38.5241577-05:00" endTime="2010-12-23T11:22:41.6844353-05:00" testType="13cdc9d9-ddb5-4fa4-a97d-d965ccfc6d4b" outcome="Aborted" testListId="8c84fa94-04c1-424b-9868-57a2d4851a1d" relativeResultsDirectory="54543662-fa97-4b4f-a90b-0b5e3a281dd2">
    </UnitTestResult>
    <UnitTestResult executionId="98f12142-3c28-4896-9c3c-bbad637d827c" testId="dde566d5-7fbf-e0c5-422e-e7e1ba4ede84" testName="TimesToExcelTest" computerName="BUILD01" duration="00:00:03.1534414" startTime="2010-12-23T11:22:38.5309939-05:00" endTime="2010-12-23T11:22:41.6844353-05:00" testType="13cdc9d9-ddb5-4fa4-a97d-d965ccfc6d4b" outcome="Aborted" testListId="8c84fa94-04c1-424b-9868-57a2d4851a1d" relativeResultsDirectory="98f12142-3c28-4896-9c3c-bbad637d827c">
    </UnitTestResult>
    <UnitTestResult executionId="e819d038-7fcd-4eed-9a61-adcfb39c80af" testId="c828f042-5904-1dbf-78fe-6d1030664200" testName="TodayTest" computerName="BUILD01" duration="00:00:03.1466052" startTime="2010-12-23T11:22:38.5378301-05:00" endTime="2010-12-23T11:22:41.6844353-05:00" testType="13cdc9d9-ddb5-4fa4-a97d-d965ccfc6d4b" outcome="Aborted" testListId="8c84fa94-04c1-424b-9868-57a2d4851a1d" relativeResultsDirectory="e819d038-7fcd-4eed-9a61-adcfb39c80af">
    </UnitTestResult>
    <UnitTestResult executionId="9f76bc62-6e57-4498-bbb0-835a6b8556dd" testId="d7b06c89-6b5a-1e30-8c61-c9115a06689f" testName="EquityExpirationTest" computerName="BUILD01" duration="00:00:03.1417222" startTime="2010-12-23T11:22:38.5436897-05:00" endTime="2010-12-23T11:22:41.6854119-05:00" testType="13cdc9d9-ddb5-4fa4-a97d-d965ccfc6d4b" outcome="Aborted" testListId="8c84fa94-04c1-424b-9868-57a2d4851a1d" relativeResultsDirectory="9f76bc62-6e57-4498-bbb0-835a6b8556dd">
    </UnitTestResult>
    <UnitTestResult executionId="63847991-d944-4f6f-b1f5-8ca0d347ed44" testId="96d369e0-b963-dc43-8616-076c65d77554" testName="BasicTest1" computerName="BUILD01" duration="00:00:03.1368392" startTime="2010-12-23T11:22:38.5485727-05:00" endTime="2010-12-23T11:22:41.6854119-05:00" testType="13cdc9d9-ddb5-4fa4-a97d-d965ccfc6d4b" outcome="Aborted" testListId="8c84fa94-04c1-424b-9868-57a2d4851a1d" relativeResultsDirectory="63847991-d944-4f6f-b1f5-8ca0d347ed44">
    </UnitTestResult>
    <UnitTestResult executionId="ea956a6c-6106-44c8-affe-48826fc2d462" testId="e315e361-bd04-518a-9ca3-0a3098a63ea0" testName="SomeTest2Zeros4Ones" computerName="BUILD01" duration="00:00:03.1309796" startTime="2010-12-23T11:22:38.5544323-05:00" endTime="2010-12-23T11:22:41.6854119-05:00" testType="13cdc9d9-ddb5-4fa4-a97d-d965ccfc6d4b" outcome="Aborted" testListId="8c84fa94-04c1-424b-9868-57a2d4851a1d" relativeResultsDirectory="ea956a6c-6106-44c8-affe-48826fc2d462">
    </UnitTestResult>
    <UnitTestResult executionId="cab94463-53f9-4cab-b211-5ae71169ee30" testId="02f11969-fbc7-3244-ba76-3005afc583a4" testName="CombinationsTest" computerName="BUILD01" duration="00:00:03.1260966" startTime="2010-12-23T11:22:38.5593153-05:00" endTime="2010-12-23T11:22:41.6854119-05:00" testType="13cdc9d9-ddb5-4fa4-a97d-d965ccfc6d4b" outcome="Aborted" testListId="8c84fa94-04c1-424b-9868-57a2d4851a1d" relativeResultsDirectory="cab94463-53f9-4cab-b211-5ae71169ee30">
    </UnitTestResult>
    <UnitTestResult executionId="20a721eb-c611-476c-8ee3-080dcda73bf9" testId="5f4aa2fa-4202-9ba7-52a1-3d17c5cc7c92" testName="NestedPermutationsTest" computerName="BUILD01" duration="00:00:03.1202370" startTime="2010-12-23T11:22:38.5651749-05:00" endTime="2010-12-23T11:22:41.6854119-05:00" testType="13cdc9d9-ddb5-4fa4-a97d-d965ccfc6d4b" outcome="Aborted" testListId="8c84fa94-04c1-424b-9868-57a2d4851a1d" relativeResultsDirectory="20a721eb-c611-476c-8ee3-080dcda73bf9">
    </UnitTestResult>
    <UnitTestResult executionId="6565679a-e0b5-4a5d-8f04-adaa331ce649" testId="0fc116b4-d370-4c43-87db-60291a8ff74a" testName="OrderedNestedPermutationsTest" computerName="BUILD01" duration="00:00:03.1153540" startTime="2010-12-23T11:22:38.5700579-05:00" endTime="2010-12-23T11:22:41.6854119-05:00" testType="13cdc9d9-ddb5-4fa4-a97d-d965ccfc6d4b" outcome="Aborted" testListId="8c84fa94-04c1-424b-9868-57a2d4851a1d" relativeResultsDirectory="6565679a-e0b5-4a5d-8f04-adaa331ce649">
    </UnitTestResult>
    <UnitTestResult executionId="817e96d7-fbad-4e40-b93f-a41c6feb7da3" testId="f5ce8c00-1a47-8763-f87d-8c3dc0aadddb" testName="PermutationsTest" computerName="BUILD01" duration="00:00:03.1094944" startTime="2010-12-23T11:22:38.5759175-05:00" endTime="2010-12-23T11:22:41.6854119-05:00" testType="13cdc9d9-ddb5-4fa4-a97d-d965ccfc6d4b" outcome="Aborted" testListId="8c84fa94-04c1-424b-9868-57a2d4851a1d" relativeResultsDirectory="817e96d7-fbad-4e40-b93f-a41c6feb7da3">
    </UnitTestResult>
    <UnitTestResult executionId="deb48ee5-848b-4314-8ec5-6bd58dd09a70" testId="f2ec3d63-1dbf-fe64-8eeb-bf3a6572dcc8" testName="PgpFileEncryptArmouredTest" computerName="BUILD01" duration="00:00:03.1046114" startTime="2010-12-23T11:22:38.5808005-05:00" endTime="2010-12-23T11:22:41.6854119-05:00" testType="13cdc9d9-ddb5-4fa4-a97d-d965ccfc6d4b" outcome="Aborted" testListId="8c84fa94-04c1-424b-9868-57a2d4851a1d" relativeResultsDirectory="deb48ee5-848b-4314-8ec5-6bd58dd09a70">
    </UnitTestResult>
    <UnitTestResult executionId="e91c45ad-a287-4a1e-9275-7e47f1225d03" testId="aeb51c9c-9a39-0010-f031-ecbe0640d7f9" testName="PgpFileEncryptTest" computerName="BUILD01" duration="00:00:03.0987518" startTime="2010-12-23T11:22:38.5866601-05:00" endTime="2010-12-23T11:22:41.6854119-05:00" testType="13cdc9d9-ddb5-4fa4-a97d-d965ccfc6d4b" outcome="Aborted" testListId="8c84fa94-04c1-424b-9868-57a2d4851a1d" relativeResultsDirectory="e91c45ad-a287-4a1e-9275-7e47f1225d03">
    </UnitTestResult>
    <UnitTestResult executionId="905bd903-8817-4a22-9c72-16d701a7e774" testId="1079e5d7-4813-b4c4-7248-6e5571f8948d" testName="PgpStreamingEncryptTest" computerName="BUILD01" duration="00:00:03.0938688" startTime="2010-12-23T11:22:38.5925197-05:00" endTime="2010-12-23T11:22:41.6863885-05:00" testType="13cdc9d9-ddb5-4fa4-a97d-d965ccfc6d4b" outcome="Aborted" testListId="8c84fa94-04c1-424b-9868-57a2d4851a1d" relativeResultsDirectory="905bd903-8817-4a22-9c72-16d701a7e774">
    </UnitTestResult>
    <UnitTestResult executionId="e3af40f2-228b-4ddc-9bcc-86b202536b38" testId="e84778a1-9c5b-dddf-740c-b238a6ea59f9" testName="ProductOfThreeTest" computerName="BUILD01" duration="00:00:03.0880092" startTime="2010-12-23T11:22:38.5983793-05:00" endTime="2010-12-23T11:22:41.6863885-05:00" testType="13cdc9d9-ddb5-4fa4-a97d-d965ccfc6d4b" outcome="Aborted" testListId="8c84fa94-04c1-424b-9868-57a2d4851a1d" relativeResultsDirectory="e3af40f2-228b-4ddc-9bcc-86b202536b38">
    </UnitTestResult>
    <UnitTestResult executionId="cb214cab-546a-4d68-b225-01a200727ca8" testId="5487e709-eba0-1b6d-2109-c2d807f00e06" testName="ProductOfTwoTest" computerName="BUILD01" duration="00:00:03.0831262" startTime="2010-12-23T11:22:38.6032623-05:00" endTime="2010-12-23T11:22:41.6863885-05:00" testType="13cdc9d9-ddb5-4fa4-a97d-d965ccfc6d4b" outcome="Aborted" testListId="8c84fa94-04c1-424b-9868-57a2d4851a1d" relativeResultsDirectory="cb214cab-546a-4d68-b225-01a200727ca8">
    </UnitTestResult>
  </Results>
</TestRun>