<?xml version="1.0" encoding="UTF-8"?>
<TestRun id="8a5a2dc8-cf0e-495e-a329-652b829be406" name="iro@NYCSPF20092 2009-11-05 10:01:50" runUser="WALLNET\iro" xmlns="http://microsoft.com/schemas/VisualStudio/TeamTest/2006">
  <TestRunConfiguration name="WSS.SPF.Interop" id="4c85363e-8f08-4a3f-8881-6c75144e8fbc">
    <Description>This is a default test run configuration for a local test run.</Description>
    <Timeouts runTimeout="86400000" testTimeout="86400000" />
    <Deployment userDeploymentRoot="C:\TeamCity\buildAgent\temp\buildTmp" useDefaultDeploymentRoot="false" runDeploymentRoot="C:\TeamCity\buildAgent\temp\buildTmp\iro_NYCSPF20092 2009-11-05 10_01_50">
      <DeploymentItem filename="WSS.SPF.Interop.Test\Report Data\Markets\" />
      <DeploymentItem filename="WSS.SPF.Interop.Test\Report Data\SPRates\" />
      <DeploymentItem filename="WSS.SPF.Interop.Test\Libor\" />
      <DeploymentItem filename="WSS.SPF.Interop.Test\Report Data\Interest Rates\" />
    </Deployment>
    <TestTypeSpecific>
      <WebTestRunConfiguration testTypeId="4e7599fa-5ecb-43e9-a887-cd63cf72d207">
        <Browser name="Internet Explorer 7.0">
          <Headers>
            <Header name="User-Agent" value="Mozilla/4.0 (compatible; MSIE 7.0; Windows NT 5.1)" />
            <Header name="Accept" value="*/*" />
            <Header name="Accept-Language" value="{{$IEAcceptLanguage}}" />
            <Header name="Accept-Encoding" value="GZIP" />
          </Headers>
        </Browser>
        <Network Name="LAN" BandwidthInKbps="0" />
      </WebTestRunConfiguration>
    </TestTypeSpecific>
  </TestRunConfiguration>
  <ResultSummary outcome="Failed">
    <Counters total="383" executed="383" passed="352" error="0" failed="25" timeout="0" aborted="0" inconclusive="6" passedButRunAborted="0" notRunnable="0" notExecuted="0" disconnected="0" warning="0" completed="0" inProgress="0" pending="0" />
  </ResultSummary>
  <Times creation="2009-11-05T10:01:50.9326913-05:00" queuing="2009-11-05T10:01:54.8392163-05:00" start="2009-11-05T10:01:55.2298688-05:00" finish="2009-11-05T10:20:53.5756277-05:00" />
  <TestDefinitions>
    <UnitTest name="TestCreditIndexLabels" storage="c:\depotci\dev\ird\2009.2\client\interop\wss.spf.interop.test\bin\release\wss.spf.interop.test.dll" id="1c9fc762-ec59-f3b4-b964-9e5ab94e3ab0">
      <Css projectStructure="" iteration="" />
      <Owners>
        <Owner name="" />
      </Owners>
      <Execution id="186c9b5e-95c2-4474-82b2-a940b8287103" />
      <TestMethod codeBase="C:/depotCI/dev/ird/2009.2/Client/Interop/WSS.SPF.Interop.Test/bin/Release/WSS.SPF.Interop.Test.DLL" adapterTypeName="Microsoft.VisualStudio.TestTools.TestTypes.Unit.UnitTestAdapter, Microsoft.VisualStudio.QualityTools.Tips.UnitTest.Adapter" className="WallStreetSystems.StructuredProducts.Interop.Test.CreditSpreadTests, WSS.SPF.Interop.Test, Version=2009.1.0.0, Culture=neutral, PublicKeyToken=b5fd1a36512e1285" name="TestCreditIndexLabels" />
    </UnitTest>
    <UnitTest name="TestExportImportUserKeyAsXmlInternal" storage="c:\depotci\dev\ird\2009.2\client\interop\wss.spf.interop.test\bin\release\wss.spf.interop.test.dll" id="9c87875d-2700-6477-e18d-b9d893563d21">
      <Css projectStructure="" iteration="" />
      <Owners>
        <Owner name="" />
      </Owners>
      <Execution id="27f14ae9-2c50-44fc-89cd-9d6680841fec" />
      <TestMethod codeBase="C:/depotCI/dev/ird/2009.2/Client/Interop/WSS.SPF.Interop.Test/bin/Release/WSS.SPF.Interop.Test.DLL" adapterTypeName="Microsoft.VisualStudio.TestTools.TestTypes.Unit.UnitTestAdapter, Microsoft.VisualStudio.QualityTools.Tips.UnitTest.Adapter" className="WallStreetSystems.StructuredProducts.Interop.Test.MiscTests, WSS.SPF.Interop.Test, Version=2009.1.0.0, Culture=neutral, PublicKeyToken=b5fd1a36512e1285" name="TestExportImportUserKeyAsXmlInternal" />
    </UnitTest>
    <UnitTest name="TestExportImportUserKeyAsXmlHuman" storage="c:\depotci\dev\ird\2009.2\client\interop\wss.spf.interop.test\bin\release\wss.spf.interop.test.dll" id="a7cb5891-34d9-d29b-1b1a-7da5e2d69d2d">
      <Css projectStructure="" iteration="" />
      <Owners>
        <Owner name="" />
      </Owners>
      <Execution id="82ff31a2-b97a-49f7-af45-20d2ae2011ab" />
      <TestMethod codeBase="C:/depotCI/dev/ird/2009.2/Client/Interop/WSS.SPF.Interop.Test/bin/Release/WSS.SPF.Interop.Test.DLL" adapterTypeName="Microsoft.VisualStudio.TestTools.TestTypes.Unit.UnitTestAdapter, Microsoft.VisualStudio.QualityTools.Tips.UnitTest.Adapter" className="WallStreetSystems.StructuredProducts.Interop.Test.MiscTests, WSS.SPF.Interop.Test, Version=2009.1.0.0, Culture=neutral, PublicKeyToken=b5fd1a36512e1285" name="TestExportImportUserKeyAsXmlHuman" expectedException="System.Runtime.InteropServices.COMException, mscorlib, Version=2.0.0.0, Culture=neutral, PublicKeyToken=b77a5c561934e089" expectedExceptionMessage="Should not be able to import wseXMLHuman" />
    </UnitTest>
    <UnitTest name="TestTreeModeTREE_VIEW_CURRENCY" storage="c:\depotci\dev\ird\2009.2\client\interop\wss.spf.interop.test\bin\release\wss.spf.interop.test.dll" id="c8563f37-8e8e-c7ad-7ba7-6a2c59b30f20">
      <Css projectStructure="" iteration="" />
      <Owners>
        <Owner name="" />
      </Owners>
      <Execution id="68f2f02b-94eb-4396-bfc6-03f1b18cdc75" />
      <TestMethod codeBase="C:/depotCI/dev/ird/2009.2/Client/Interop/WSS.SPF.Interop.Test/bin/Release/WSS.SPF.Interop.Test.DLL" adapterTypeName="Microsoft.VisualStudio.TestTools.TestTypes.Unit.UnitTestAdapter, Microsoft.VisualStudio.QualityTools.Tips.UnitTest.Adapter" className="WallStreetSystems.StructuredProducts.Interop.Test.LocalTreeTests, WSS.SPF.Interop.Test, Version=2009.1.0.0, Culture=neutral, PublicKeyToken=b5fd1a36512e1285" name="TestTreeModeTREE_VIEW_CURRENCY" />
    </UnitTest>
    <UnitTest name="TestBuildINDEX_CURVES" storage="c:\depotci\dev\ird\2009.2\client\interop\wss.spf.interop.test\bin\release\wss.spf.interop.test.dll" id="475f3e2b-ac2a-fc36-30f6-6aac5eaae28f">
      <Css projectStructure="" iteration="" />
      <Owners>
        <Owner name="" />
      </Owners>
      <Execution id="0ccba35e-443c-4c76-9a65-16a4a7db629b" />
      <TestMethod codeBase="C:/depotCI/dev/ird/2009.2/Client/Interop/WSS.SPF.Interop.Test/bin/Release/WSS.SPF.Interop.Test.DLL" adapterTypeName="Microsoft.VisualStudio.TestTools.TestTypes.Unit.UnitTestAdapter, Microsoft.VisualStudio.QualityTools.Tips.UnitTest.Adapter" className="WallStreetSystems.StructuredProducts.Interop.Test.CurveTests, WSS.SPF.Interop.Test, Version=2009.1.0.0, Culture=neutral, PublicKeyToken=b5fd1a36512e1285" name="TestBuildINDEX_CURVES" />
    </UnitTest>
    <UnitTest name="TestInvalidMarketCurveRatesBuildWithFlag" storage="c:\depotci\dev\ird\2009.2\client\interop\wss.spf.interop.test\bin\release\wss.spf.interop.test.dll" id="a7e1bf4b-912c-fdd3-df21-de349831c88b">
      <Css projectStructure="" iteration="" />
      <Owners>
        <Owner name="" />
      </Owners>
      <Execution id="cdd0c068-6094-4af1-b758-efa1b5dbc6f4" />
      <TestMethod codeBase="C:/depotCI/dev/ird/2009.2/Client/Interop/WSS.SPF.Interop.Test/bin/Release/WSS.SPF.Interop.Test.DLL" adapterTypeName="Microsoft.VisualStudio.TestTools.TestTypes.Unit.UnitTestAdapter, Microsoft.VisualStudio.QualityTools.Tips.UnitTest.Adapter" className="WallStreetSystems.StructuredProducts.Interop.Test.CurveTests, WSS.SPF.Interop.Test, Version=2009.1.0.0, Culture=neutral, PublicKeyToken=b5fd1a36512e1285" name="TestInvalidMarketCurveRatesBuildWithFlag" />
    </UnitTest>
    <UnitTest name="TestLiveRatesDBSources" storage="c:\depotci\dev\ird\2009.2\client\interop\wss.spf.interop.test\bin\release\wss.spf.interop.test.dll" id="a68add4f-f32d-9e79-8120-6900c0eb2c71">
      <Css projectStructure="" iteration="" />
      <Owners>
        <Owner name="" />
      </Owners>
      <Execution id="2d7940d3-7119-410d-ac94-87aa90c1d9e3" />
      <TestMethod codeBase="C:/depotCI/dev/ird/2009.2/Client/Interop/WSS.SPF.Interop.Test/bin/Release/WSS.SPF.Interop.Test.DLL" adapterTypeName="Microsoft.VisualStudio.TestTools.TestTypes.Unit.UnitTestAdapter, Microsoft.VisualStudio.QualityTools.Tips.UnitTest.Adapter" className="WallStreetSystems.StructuredProducts.Interop.Test.LiveRatesTests, WSS.SPF.Interop.Test, Version=2009.1.0.0, Culture=neutral, PublicKeyToken=b5fd1a36512e1285" name="TestLiveRatesDBSources" />
    </UnitTest>
    <UnitTest name="TestExportImportKeyAsBlob" storage="c:\depotci\dev\ird\2009.2\client\interop\wss.spf.interop.test\bin\release\wss.spf.interop.test.dll" id="c7e4801a-2af2-e695-8460-530fa9550963">
      <Css projectStructure="" iteration="" />
      <Owners>
        <Owner name="" />
      </Owners>
      <Execution id="99334a7a-c89b-46ed-b7be-c701a1efb5fb" />
      <TestMethod codeBase="C:/depotCI/dev/ird/2009.2/Client/Interop/WSS.SPF.Interop.Test/bin/Release/WSS.SPF.Interop.Test.DLL" adapterTypeName="Microsoft.VisualStudio.TestTools.TestTypes.Unit.UnitTestAdapter, Microsoft.VisualStudio.QualityTools.Tips.UnitTest.Adapter" className="WallStreetSystems.StructuredProducts.Interop.Test.MiscTests, WSS.SPF.Interop.Test, Version=2009.1.0.0, Culture=neutral, PublicKeyToken=b5fd1a36512e1285" name="TestExportImportKeyAsBlob" />
    </UnitTest>
    <UnitTest name="TestBuildDF" storage="c:\depotci\dev\ird\2009.2\client\interop\wss.spf.interop.test\bin\release\wss.spf.interop.test.dll" id="71231fbc-fb03-9f1a-14fd-f292fc9d3178">
      <Css projectStructure="" iteration="" />
      <Owners>
        <Owner name="" />
      </Owners>
      <Execution id="5a8ffe4b-da12-4ea2-8397-a2b858e93e2b" />
      <TestMethod codeBase="C:/depotCI/dev/ird/2009.2/Client/Interop/WSS.SPF.Interop.Test/bin/Release/WSS.SPF.Interop.Test.DLL" adapterTypeName="Microsoft.VisualStudio.TestTools.TestTypes.Unit.UnitTestAdapter, Microsoft.VisualStudio.QualityTools.Tips.UnitTest.Adapter" className="WallStreetSystems.StructuredProducts.Interop.Test.CurveTests, WSS.SPF.Interop.Test, Version=2009.1.0.0, Culture=neutral, PublicKeyToken=b5fd1a36512e1285" name="TestBuildDF" />
    </UnitTest>
    <UnitTest name="TestPackagePathOnTree" storage="c:\depotci\dev\ird\2009.2\client\interop\wss.spf.interop.test\bin\release\wss.spf.interop.test.dll" id="e836a812-7fa3-604c-b936-76697f7d244b">
      <Css projectStructure="" iteration="" />
      <Owners>
        <Owner name="" />
      </Owners>
      <Execution id="71d59e9e-ddac-4027-a5f0-c2dcefd81ad0" />
      <TestMethod codeBase="C:/depotCI/dev/ird/2009.2/Client/Interop/WSS.SPF.Interop.Test/bin/Release/WSS.SPF.Interop.Test.DLL" adapterTypeName="Microsoft.VisualStudio.TestTools.TestTypes.Unit.UnitTestAdapter, Microsoft.VisualStudio.QualityTools.Tips.UnitTest.Adapter" className="WallStreetSystems.StructuredProducts.Interop.Test.TradePackagesTests, WSS.SPF.Interop.Test, Version=2009.1.0.0, Culture=neutral, PublicKeyToken=b5fd1a36512e1285" name="TestPackagePathOnTree" />
    </UnitTest>
    <UnitTest name="TestLocalBuildAllNewEmptyMarket" storage="c:\depotci\dev\ird\2009.2\client\interop\wss.spf.interop.test\bin\release\wss.spf.interop.test.dll" id="4f88af9f-cf68-0942-8717-a2b5c84c2067">
      <Css projectStructure="" iteration="" />
      <Owners>
        <Owner name="" />
      </Owners>
      <Execution id="0e87a3e0-e594-429b-8610-44e68345681c" />
      <TestMethod codeBase="C:/depotCI/dev/ird/2009.2/Client/Interop/WSS.SPF.Interop.Test/bin/Release/WSS.SPF.Interop.Test.DLL" adapterTypeName="Microsoft.VisualStudio.TestTools.TestTypes.Unit.UnitTestAdapter, Microsoft.VisualStudio.QualityTools.Tips.UnitTest.Adapter" className="WallStreetSystems.StructuredProducts.Interop.Test.CurveTests, WSS.SPF.Interop.Test, Version=2009.1.0.0, Culture=neutral, PublicKeyToken=b5fd1a36512e1285" name="TestLocalBuildAllNewEmptyMarket" />
    </UnitTest>
    <UnitTest name="TestTryRetrieveCounterPartyWithDummyKey" storage="c:\depotci\dev\ird\2009.2\client\interop\wss.spf.interop.test\bin\release\wss.spf.interop.test.dll" id="0e8e2483-2982-cca7-9931-2552654a8d6b">
      <Css projectStructure="" iteration="" />
      <Owners>
        <Owner name="" />
      </Owners>
      <Execution id="24cbd6d7-7605-47bd-9568-d5f851d834a7" />
      <TestMethod codeBase="C:/depotCI/dev/ird/2009.2/Client/Interop/WSS.SPF.Interop.Test/bin/Release/WSS.SPF.Interop.Test.DLL" adapterTypeName="Microsoft.VisualStudio.TestTools.TestTypes.Unit.UnitTestAdapter, Microsoft.VisualStudio.QualityTools.Tips.UnitTest.Adapter" className="WallStreetSystems.StructuredProducts.Interop.Test.CounterPartiesTests, WSS.SPF.Interop.Test, Version=2009.1.0.0, Culture=neutral, PublicKeyToken=b5fd1a36512e1285" name="TestTryRetrieveCounterPartyWithDummyKey" />
    </UnitTest>
    <UnitTest name="TestMarketCurveUpdateFailure" storage="c:\depotci\dev\ird\2009.2\client\interop\wss.spf.interop.test\bin\release\wss.spf.interop.test.dll" id="fcdefeeb-275d-4aa5-5f67-3ae0443b87ed">
      <Css projectStructure="" iteration="" />
      <Owners>
        <Owner name="" />
      </Owners>
      <Execution id="b4666c4e-bbe5-4a4b-83c6-ddc25da6c709" />
      <TestMethod codeBase="C:/depotCI/dev/ird/2009.2/Client/Interop/WSS.SPF.Interop.Test/bin/Release/WSS.SPF.Interop.Test.DLL" adapterTypeName="Microsoft.VisualStudio.TestTools.TestTypes.Unit.UnitTestAdapter, Microsoft.VisualStudio.QualityTools.Tips.UnitTest.Adapter" className="WallStreetSystems.StructuredProducts.Interop.Test.CurveTests, WSS.SPF.Interop.Test, Version=2009.1.0.0, Culture=neutral, PublicKeyToken=b5fd1a36512e1285" name="TestMarketCurveUpdateFailure" />
    </UnitTest>
    <UnitTest name="TestFindPackageInTree" storage="c:\depotci\dev\ird\2009.2\client\interop\wss.spf.interop.test\bin\release\wss.spf.interop.test.dll" id="ca897206-cbe7-ccc9-83e5-326c5db32acd">
      <Css projectStructure="" iteration="" />
      <Owners>
        <Owner name="" />
      </Owners>
      <Execution id="626eeb93-aa44-42bf-bb04-f2835fbe1ae2" />
      <TestMethod codeBase="C:/depotCI/dev/ird/2009.2/Client/Interop/WSS.SPF.Interop.Test/bin/Release/WSS.SPF.Interop.Test.DLL" adapterTypeName="Microsoft.VisualStudio.TestTools.TestTypes.Unit.UnitTestAdapter, Microsoft.VisualStudio.QualityTools.Tips.UnitTest.Adapter" className="WallStreetSystems.StructuredProducts.Interop.Test.TradePackagesTests, WSS.SPF.Interop.Test, Version=2009.1.0.0, Culture=neutral, PublicKeyToken=b5fd1a36512e1285" name="TestFindPackageInTree" />
    </UnitTest>
    <UnitTest name="TestCreateBadVersionKey" storage="c:\depotci\dev\ird\2009.2\client\interop\wss.spf.interop.test\bin\release\wss.spf.interop.test.dll" id="eb6f5c7c-b800-bbdc-3df4-a04f4f7f78e9">
      <Css projectStructure="" iteration="" />
      <Owners>
        <Owner name="" />
      </Owners>
      <Execution id="4f942226-0851-4923-af98-9feead8c6551" />
      <TestMethod codeBase="C:/depotCI/dev/ird/2009.2/Client/Interop/WSS.SPF.Interop.Test/bin/Release/WSS.SPF.Interop.Test.DLL" adapterTypeName="Microsoft.VisualStudio.TestTools.TestTypes.Unit.UnitTestAdapter, Microsoft.VisualStudio.QualityTools.Tips.UnitTest.Adapter" className="WallStreetSystems.StructuredProducts.Interop.Test.MiscTests, WSS.SPF.Interop.Test, Version=2009.1.0.0, Culture=neutral, PublicKeyToken=b5fd1a36512e1285" name="TestCreateBadVersionKey" expectedException="System.Runtime.InteropServices.COMException, mscorlib, Version=2.0.0.0, Culture=neutral, PublicKeyToken=b77a5c561934e089" expectedExceptionMessage="Should not be able to create a MultisystemKey with a version longer than 16 characters" />
    </UnitTest>
    <UnitTest name="TestMarkToMarketErrors" storage="c:\depotci\dev\ird\2009.2\client\interop\wss.spf.interop.test\bin\release\wss.spf.interop.test.dll" id="8f9fc7ec-3534-fd9a-c8dc-b2c409b65411">
      <Css projectStructure="" iteration="" />
      <Owners>
        <Owner name="" />
      </Owners>
      <Execution id="3b9b6324-4942-4c5b-b54b-486d8118a0f8" />
      <TestMethod codeBase="C:/depotCI/dev/ird/2009.2/Client/Interop/WSS.SPF.Interop.Test/bin/Release/WSS.SPF.Interop.Test.DLL" adapterTypeName="Microsoft.VisualStudio.TestTools.TestTypes.Unit.UnitTestAdapter, Microsoft.VisualStudio.QualityTools.Tips.UnitTest.Adapter" className="WallStreetSystems.StructuredProducts.Interop.Test.ReportTests, WSS.SPF.Interop.Test, Version=2009.1.0.0, Culture=neutral, PublicKeyToken=b5fd1a36512e1285" name="TestMarkToMarketErrors" />
    </UnitTest>
    <UnitTest name="TestExportImportUserKeyAsFile" storage="c:\depotci\dev\ird\2009.2\client\interop\wss.spf.interop.test\bin\release\wss.spf.interop.test.dll" id="29ca9877-6ac0-ebd8-aad2-dd9406d9d210">
      <Css projectStructure="" iteration="" />
      <Owners>
        <Owner name="" />
      </Owners>
      <Execution id="9a4ad41f-92e2-46ce-b2eb-1a163fd71149" />
      <TestMethod codeBase="C:/depotCI/dev/ird/2009.2/Client/Interop/WSS.SPF.Interop.Test/bin/Release/WSS.SPF.Interop.Test.DLL" adapterTypeName="Microsoft.VisualStudio.TestTools.TestTypes.Unit.UnitTestAdapter, Microsoft.VisualStudio.QualityTools.Tips.UnitTest.Adapter" className="WallStreetSystems.StructuredProducts.Interop.Test.MiscTests, WSS.SPF.Interop.Test, Version=2009.1.0.0, Culture=neutral, PublicKeyToken=b5fd1a36512e1285" name="TestExportImportUserKeyAsFile" />
    </UnitTest>
    <UnitTest name="TestAssignEmptyUserKey" storage="c:\depotci\dev\ird\2009.2\client\interop\wss.spf.interop.test\bin\release\wss.spf.interop.test.dll" id="386de1fa-0d3a-2b63-6a17-aa0f8f40cd7e">
      <Css projectStructure="" iteration="" />
      <Owners>
        <Owner name="" />
      </Owners>
      <Execution id="a2b62e33-9a73-4a33-b923-894b1245a927" />
      <TestMethod codeBase="C:/depotCI/dev/ird/2009.2/Client/Interop/WSS.SPF.Interop.Test/bin/Release/WSS.SPF.Interop.Test.DLL" adapterTypeName="Microsoft.VisualStudio.TestTools.TestTypes.Unit.UnitTestAdapter, Microsoft.VisualStudio.QualityTools.Tips.UnitTest.Adapter" className="WallStreetSystems.StructuredProducts.Interop.Test.MiscTests, WSS.SPF.Interop.Test, Version=2009.1.0.0, Culture=neutral, PublicKeyToken=b5fd1a36512e1285" name="TestAssignEmptyUserKey" />
    </UnitTest>
    <UnitTest name="TestBuildMarketViaNewCrvDefFails" storage="c:\depotci\dev\ird\2009.2\client\interop\wss.spf.interop.test\bin\release\wss.spf.interop.test.dll" id="c5fd0830-63e2-d080-bbdb-ab3b70e193a7">
      <Css projectStructure="" iteration="" />
      <Owners>
        <Owner name="" />
      </Owners>
      <Execution id="b79e91b9-95ca-48ea-9353-e7c41a4d22d0" />
      <TestMethod codeBase="C:/depotCI/dev/ird/2009.2/Client/Interop/WSS.SPF.Interop.Test/bin/Release/WSS.SPF.Interop.Test.DLL" adapterTypeName="Microsoft.VisualStudio.TestTools.TestTypes.Unit.UnitTestAdapter, Microsoft.VisualStudio.QualityTools.Tips.UnitTest.Adapter" className="WallStreetSystems.StructuredProducts.Interop.Test.MarketBuildNoClientTests, WSS.SPF.Interop.Test, Version=2009.1.0.0, Culture=neutral, PublicKeyToken=b5fd1a36512e1285" name="TestBuildMarketViaNewCrvDefFails" />
    </UnitTest>
    <UnitTest name="TestBuildIR_FUT_VOL_FROM_CVMS" storage="c:\depotci\dev\ird\2009.2\client\interop\wss.spf.interop.test\bin\release\wss.spf.interop.test.dll" id="bf1775ca-a56c-d0e6-8462-b4ae7de41800">
      <Css projectStructure="" iteration="" />
      <Owners>
        <Owner name="" />
      </Owners>
      <Execution id="89fca976-6472-4634-8439-9840dfa969c2" />
      <TestMethod codeBase="C:/depotCI/dev/ird/2009.2/Client/Interop/WSS.SPF.Interop.Test/bin/Release/WSS.SPF.Interop.Test.DLL" adapterTypeName="Microsoft.VisualStudio.TestTools.TestTypes.Unit.UnitTestAdapter, Microsoft.VisualStudio.QualityTools.Tips.UnitTest.Adapter" className="WallStreetSystems.StructuredProducts.Interop.Test.CurveTests, WSS.SPF.Interop.Test, Version=2009.1.0.0, Culture=neutral, PublicKeyToken=b5fd1a36512e1285" name="TestBuildIR_FUT_VOL_FROM_CVMS" />
    </UnitTest>
    <UnitTest name="TestAddTradeToPackage" storage="c:\depotci\dev\ird\2009.2\client\interop\wss.spf.interop.test\bin\release\wss.spf.interop.test.dll" id="219d7de8-1615-207b-ee99-a57c3fb5637d">
      <Css projectStructure="" iteration="" />
      <Owners>
        <Owner name="" />
      </Owners>
      <Execution id="a74b50f5-49d1-4e25-a9ef-55b66a2c64c9" />
      <TestMethod codeBase="C:/depotCI/dev/ird/2009.2/Client/Interop/WSS.SPF.Interop.Test/bin/Release/WSS.SPF.Interop.Test.DLL" adapterTypeName="Microsoft.VisualStudio.TestTools.TestTypes.Unit.UnitTestAdapter, Microsoft.VisualStudio.QualityTools.Tips.UnitTest.Adapter" className="WallStreetSystems.StructuredProducts.Interop.Test.TradePackagesTests, WSS.SPF.Interop.Test, Version=2009.1.0.0, Culture=neutral, PublicKeyToken=b5fd1a36512e1285" name="TestAddTradeToPackage" />
    </UnitTest>
    <UnitTest name="TestAddMultipleCurrencies" storage="c:\depotci\dev\ird\2009.2\client\interop\wss.spf.interop.test\bin\release\wss.spf.interop.test.dll" id="bdf4891c-8082-f12e-1782-f4897d5f7dc3">
      <Css projectStructure="" iteration="" />
      <Owners>
        <Owner name="" />
      </Owners>
      <Execution id="859cd1a8-9441-47aa-a032-f7666f056b35" />
      <TestMethod codeBase="C:/depotCI/dev/ird/2009.2/Client/Interop/WSS.SPF.Interop.Test/bin/Release/WSS.SPF.Interop.Test.DLL" adapterTypeName="Microsoft.VisualStudio.TestTools.TestTypes.Unit.UnitTestAdapter, Microsoft.VisualStudio.QualityTools.Tips.UnitTest.Adapter" className="WallStreetSystems.StructuredProducts.Interop.Test.CurrencyTests, WSS.SPF.Interop.Test, Version=2009.1.0.0, Culture=neutral, PublicKeyToken=b5fd1a36512e1285" name="TestAddMultipleCurrencies" />
    </UnitTest>
    <UnitTest name="TestSortMarkets" storage="c:\depotci\dev\ird\2009.2\client\interop\wss.spf.interop.test\bin\release\wss.spf.interop.test.dll" id="fe3271f7-148d-e2fc-b6f5-6eff9b7da2f7">
      <Css projectStructure="" iteration="" />
      <Owners>
        <Owner name="" />
      </Owners>
      <Execution id="c9e4981c-622d-4671-b918-a39d4b8b87f1" />
      <TestMethod codeBase="C:/depotCI/dev/ird/2009.2/Client/Interop/WSS.SPF.Interop.Test/bin/Release/WSS.SPF.Interop.Test.DLL" adapterTypeName="Microsoft.VisualStudio.TestTools.TestTypes.Unit.UnitTestAdapter, Microsoft.VisualStudio.QualityTools.Tips.UnitTest.Adapter" className="WallStreetSystems.StructuredProducts.Interop.Test.ExpressionTests, WSS.SPF.Interop.Test, Version=2009.1.0.0, Culture=neutral, PublicKeyToken=b5fd1a36512e1285" name="TestSortMarkets" />
    </UnitTest>
    <UnitTest name="TestCreateUserWithNullGroup" storage="c:\depotci\dev\ird\2009.2\client\interop\wss.spf.interop.test\bin\release\wss.spf.interop.test.dll" id="65f4fdaf-2485-3095-5c3b-0bd6b6a03319">
      <Css projectStructure="" iteration="" />
      <Owners>
        <Owner name="" />
      </Owners>
      <Execution id="caa75d96-edeb-4b08-aebe-7cabfab86bfc" />
      <TestMethod codeBase="C:/depotCI/dev/ird/2009.2/Client/Interop/WSS.SPF.Interop.Test/bin/Release/WSS.SPF.Interop.Test.DLL" adapterTypeName="Microsoft.VisualStudio.TestTools.TestTypes.Unit.UnitTestAdapter, Microsoft.VisualStudio.QualityTools.Tips.UnitTest.Adapter" className="WallStreetSystems.StructuredProducts.Interop.Test.UserProfileTests, WSS.SPF.Interop.Test, Version=2009.1.0.0, Culture=neutral, PublicKeyToken=b5fd1a36512e1285" name="TestCreateUserWithNullGroup" />
    </UnitTest>
    <UnitTest name="TestSwptnVolSmilesNumberIncrease" storage="c:\depotci\dev\ird\2009.2\client\interop\wss.spf.interop.test\bin\release\wss.spf.interop.test.dll" id="a2824829-eba5-50ee-cea6-8b91818e759c">
      <Css projectStructure="" iteration="" />
      <Owners>
        <Owner name="" />
      </Owners>
      <Execution id="04eab8db-8eb4-41a1-9532-6608671fbd92" />
      <TestMethod codeBase="C:/depotCI/dev/ird/2009.2/Client/Interop/WSS.SPF.Interop.Test/bin/Release/WSS.SPF.Interop.Test.DLL" adapterTypeName="Microsoft.VisualStudio.TestTools.TestTypes.Unit.UnitTestAdapter, Microsoft.VisualStudio.QualityTools.Tips.UnitTest.Adapter" className="WallStreetSystems.StructuredProducts.Interop.Test.CurveTests, WSS.SPF.Interop.Test, Version=2009.1.0.0, Culture=neutral, PublicKeyToken=b5fd1a36512e1285" name="TestSwptnVolSmilesNumberIncrease" />
    </UnitTest>
    <UnitTest name="TestCapVolVolPtsAdd" storage="c:\depotci\dev\ird\2009.2\client\interop\wss.spf.interop.test\bin\release\wss.spf.interop.test.dll" id="1c113c05-a417-be0c-4775-5f19e725d399">
      <Css projectStructure="" iteration="" />
      <Owners>
        <Owner name="" />
      </Owners>
      <Execution id="937f7ded-bd65-44bc-83ff-4a06d60999bf" />
      <TestMethod codeBase="C:/depotCI/dev/ird/2009.2/Client/Interop/WSS.SPF.Interop.Test/bin/Release/WSS.SPF.Interop.Test.DLL" adapterTypeName="Microsoft.VisualStudio.TestTools.TestTypes.Unit.UnitTestAdapter, Microsoft.VisualStudio.QualityTools.Tips.UnitTest.Adapter" className="WallStreetSystems.StructuredProducts.Interop.Test.CurveTests, WSS.SPF.Interop.Test, Version=2009.1.0.0, Culture=neutral, PublicKeyToken=b5fd1a36512e1285" name="TestCapVolVolPtsAdd" />
    </UnitTest>
    <UnitTest name="TestTreeModeMAX_HN_RESERVED_LONG_VAL" storage="c:\depotci\dev\ird\2009.2\client\interop\wss.spf.interop.test\bin\release\wss.spf.interop.test.dll" id="1abaeca4-2e20-098d-232a-376ad4d9f356">
      <Css projectStructure="" iteration="" />
      <Owners>
        <Owner name="" />
      </Owners>
      <Execution id="6b9f55fa-60fc-40a7-b9e9-f899d6d49a17" />
      <TestMethod codeBase="C:/depotCI/dev/ird/2009.2/Client/Interop/WSS.SPF.Interop.Test/bin/Release/WSS.SPF.Interop.Test.DLL" adapterTypeName="Microsoft.VisualStudio.TestTools.TestTypes.Unit.UnitTestAdapter, Microsoft.VisualStudio.QualityTools.Tips.UnitTest.Adapter" className="WallStreetSystems.StructuredProducts.Interop.Test.LocalTreeTests, WSS.SPF.Interop.Test, Version=2009.1.0.0, Culture=neutral, PublicKeyToken=b5fd1a36512e1285" name="TestTreeModeMAX_HN_RESERVED_LONG_VAL" />
    </UnitTest>
    <UnitTest name="TestBuildCR_SPREAD_CRVS" storage="c:\depotci\dev\ird\2009.2\client\interop\wss.spf.interop.test\bin\release\wss.spf.interop.test.dll" id="d8d16034-1845-050d-ce3e-aa66d8e9e6e5">
      <Css projectStructure="" iteration="" />
      <Owners>
        <Owner name="" />
      </Owners>
      <Execution id="feff8680-7276-4157-8322-75cd22409e71" />
      <TestMethod codeBase="C:/depotCI/dev/ird/2009.2/Client/Interop/WSS.SPF.Interop.Test/bin/Release/WSS.SPF.Interop.Test.DLL" adapterTypeName="Microsoft.VisualStudio.TestTools.TestTypes.Unit.UnitTestAdapter, Microsoft.VisualStudio.QualityTools.Tips.UnitTest.Adapter" className="WallStreetSystems.StructuredProducts.Interop.Test.CurveTests, WSS.SPF.Interop.Test, Version=2009.1.0.0, Culture=neutral, PublicKeyToken=b5fd1a36512e1285" name="TestBuildCR_SPREAD_CRVS" />
    </UnitTest>
    <UnitTest name="TestTreeModeROOT_PORTFOLIO_NODE_NUMBER" storage="c:\depotci\dev\ird\2009.2\client\interop\wss.spf.interop.test\bin\release\wss.spf.interop.test.dll" id="5337fd83-1b13-96ab-1b56-e8d5cfb40cad">
      <Css projectStructure="" iteration="" />
      <Owners>
        <Owner name="" />
      </Owners>
      <Execution id="a2708dcd-c362-4bf9-9f73-710f8be7782b" />
      <TestMethod codeBase="C:/depotCI/dev/ird/2009.2/Client/Interop/WSS.SPF.Interop.Test/bin/Release/WSS.SPF.Interop.Test.DLL" adapterTypeName="Microsoft.VisualStudio.TestTools.TestTypes.Unit.UnitTestAdapter, Microsoft.VisualStudio.QualityTools.Tips.UnitTest.Adapter" className="WallStreetSystems.StructuredProducts.Interop.Test.LocalTreeTests, WSS.SPF.Interop.Test, Version=2009.1.0.0, Culture=neutral, PublicKeyToken=b5fd1a36512e1285" name="TestTreeModeROOT_PORTFOLIO_NODE_NUMBER" />
    </UnitTest>
    <UnitTest name="TestEnumGroups" storage="c:\depotci\dev\ird\2009.2\client\interop\wss.spf.interop.test\bin\release\wss.spf.interop.test.dll" id="873d6368-528a-73f0-95fd-2b658d22dc14">
      <Css projectStructure="" iteration="" />
      <Owners>
        <Owner name="" />
      </Owners>
      <Execution id="19e310e5-d267-45c8-adb3-f9a46190bb27" />
      <TestMethod codeBase="C:/depotCI/dev/ird/2009.2/Client/Interop/WSS.SPF.Interop.Test/bin/Release/WSS.SPF.Interop.Test.DLL" adapterTypeName="Microsoft.VisualStudio.TestTools.TestTypes.Unit.UnitTestAdapter, Microsoft.VisualStudio.QualityTools.Tips.UnitTest.Adapter" className="WallStreetSystems.StructuredProducts.Interop.Test.EnumTests, WSS.SPF.Interop.Test, Version=2009.1.0.0, Culture=neutral, PublicKeyToken=b5fd1a36512e1285" name="TestEnumGroups" />
    </UnitTest>
    <UnitTest name="TestTreeModeTREE_VIEW_NONEMPTY_ONLY" storage="c:\depotci\dev\ird\2009.2\client\interop\wss.spf.interop.test\bin\release\wss.spf.interop.test.dll" id="bb0369cf-0d8c-41d1-9fff-c83fe8febac0">
      <Css projectStructure="" iteration="" />
      <Owners>
        <Owner name="" />
      </Owners>
      <Execution id="9bc4e675-cf86-4826-8c6f-9e7cd077fe0b" />
      <TestMethod codeBase="C:/depotCI/dev/ird/2009.2/Client/Interop/WSS.SPF.Interop.Test/bin/Release/WSS.SPF.Interop.Test.DLL" adapterTypeName="Microsoft.VisualStudio.TestTools.TestTypes.Unit.UnitTestAdapter, Microsoft.VisualStudio.QualityTools.Tips.UnitTest.Adapter" className="WallStreetSystems.StructuredProducts.Interop.Test.LocalTreeTests, WSS.SPF.Interop.Test, Version=2009.1.0.0, Culture=neutral, PublicKeyToken=b5fd1a36512e1285" name="TestTreeModeTREE_VIEW_NONEMPTY_ONLY" />
    </UnitTest>
    <UnitTest name="TestXMLRateProviderFail" storage="c:\depotci\dev\ird\2009.2\client\interop\wss.spf.interop.test\bin\release\wss.spf.interop.test.dll" id="47677557-b543-d3bb-8cfa-347320173613">
      <Css projectStructure="" iteration="" />
      <Owners>
        <Owner name="" />
      </Owners>
      <Execution id="026b0d41-f87d-4198-ade7-62d7f6ecfa0b" />
      <TestMethod codeBase="C:/depotCI/dev/ird/2009.2/Client/Interop/WSS.SPF.Interop.Test/bin/Release/WSS.SPF.Interop.Test.DLL" adapterTypeName="Microsoft.VisualStudio.TestTools.TestTypes.Unit.UnitTestAdapter, Microsoft.VisualStudio.QualityTools.Tips.UnitTest.Adapter" className="WallStreetSystems.StructuredProducts.Interop.Test.XMLRateProviderTests, WSS.SPF.Interop.Test, Version=2009.1.0.0, Culture=neutral, PublicKeyToken=b5fd1a36512e1285" name="TestXMLRateProviderFail" />
    </UnitTest>
    <UnitTest name="TestFuturesExchanges" storage="c:\depotci\dev\ird\2009.2\client\interop\wss.spf.interop.test\bin\release\wss.spf.interop.test.dll" id="8a382010-5157-ea0c-8604-4dbc3fb85ca9">
      <Css projectStructure="" iteration="" />
      <Owners>
        <Owner name="" />
      </Owners>
      <Execution id="a6cfd42f-fbe2-4704-9acb-7980bffea8ad" />
      <TestMethod codeBase="C:/depotCI/dev/ird/2009.2/Client/Interop/WSS.SPF.Interop.Test/bin/Release/WSS.SPF.Interop.Test.DLL" adapterTypeName="Microsoft.VisualStudio.TestTools.TestTypes.Unit.UnitTestAdapter, Microsoft.VisualStudio.QualityTools.Tips.UnitTest.Adapter" className="WallStreetSystems.StructuredProducts.Interop.Test.FuturesTests, WSS.SPF.Interop.Test, Version=2009.1.0.0, Culture=neutral, PublicKeyToken=b5fd1a36512e1285" name="TestFuturesExchanges" />
    </UnitTest>
    <UnitTest name="TestTreeModeCombinationsPortfolioTrades" storage="c:\depotci\dev\ird\2009.2\client\interop\wss.spf.interop.test\bin\release\wss.spf.interop.test.dll" id="288ad703-fa79-60ee-d2f8-da2229b539b8">
      <Css projectStructure="" iteration="" />
      <Owners>
        <Owner name="" />
      </Owners>
      <Execution id="88533ad6-b40b-4ff3-8dee-11fb674d87bd" />
      <TestMethod codeBase="C:/depotCI/dev/ird/2009.2/Client/Interop/WSS.SPF.Interop.Test/bin/Release/WSS.SPF.Interop.Test.DLL" adapterTypeName="Microsoft.VisualStudio.TestTools.TestTypes.Unit.UnitTestAdapter, Microsoft.VisualStudio.QualityTools.Tips.UnitTest.Adapter" className="WallStreetSystems.StructuredProducts.Interop.Test.LocalTreeTests, WSS.SPF.Interop.Test, Version=2009.1.0.0, Culture=neutral, PublicKeyToken=b5fd1a36512e1285" name="TestTreeModeCombinationsPortfolioTrades" />
    </UnitTest>
    <UnitTest name="TestMissingAttachment" storage="c:\depotci\dev\ird\2009.2\client\interop\wss.spf.interop.test\bin\release\wss.spf.interop.test.dll" id="12c01db6-1402-3970-bfd3-cfda51be84ff">
      <Css projectStructure="" iteration="" />
      <Owners>
        <Owner name="" />
      </Owners>
      <Execution id="9e7ec66e-c6ce-4444-9bd4-4e67267acd2a" />
      <TestMethod codeBase="C:/depotCI/dev/ird/2009.2/Client/Interop/WSS.SPF.Interop.Test/bin/Release/WSS.SPF.Interop.Test.DLL" adapterTypeName="Microsoft.VisualStudio.TestTools.TestTypes.Unit.UnitTestAdapter, Microsoft.VisualStudio.QualityTools.Tips.UnitTest.Adapter" className="WallStreetSystems.StructuredProducts.Interop.Test.AttachmentTests, WSS.SPF.Interop.Test, Version=2009.1.0.0, Culture=neutral, PublicKeyToken=b5fd1a36512e1285" name="TestMissingAttachment" expectedException="System.Runtime.InteropServices.COMException, mscorlib, Version=2.0.0.0, Culture=neutral, PublicKeyToken=b77a5c561934e089" expectedExceptionMessage="Should not be able to attach a non-existent file" />
    </UnitTest>
    <UnitTest name="TestUserKeyAsExpression" storage="c:\depotci\dev\ird\2009.2\client\interop\wss.spf.interop.test\bin\release\wss.spf.interop.test.dll" id="d75674d0-98b2-3b83-da74-ace875334726">
      <Css projectStructure="" iteration="" />
      <Owners>
        <Owner name="" />
      </Owners>
      <Execution id="ab716e25-7da5-4a11-8384-6e5b9c7c45f9" />
      <TestMethod codeBase="C:/depotCI/dev/ird/2009.2/Client/Interop/WSS.SPF.Interop.Test/bin/Release/WSS.SPF.Interop.Test.DLL" adapterTypeName="Microsoft.VisualStudio.TestTools.TestTypes.Unit.UnitTestAdapter, Microsoft.VisualStudio.QualityTools.Tips.UnitTest.Adapter" className="WallStreetSystems.StructuredProducts.Interop.Test.UserProfileTests, WSS.SPF.Interop.Test, Version=2009.1.0.0, Culture=neutral, PublicKeyToken=b5fd1a36512e1285" name="TestUserKeyAsExpression" />
    </UnitTest>
    <UnitTest name="TestBuildBS_SPREAD_CURVES" storage="c:\depotci\dev\ird\2009.2\client\interop\wss.spf.interop.test\bin\release\wss.spf.interop.test.dll" id="9887396c-e1e4-0de7-01b6-e678b527f04c">
      <Css projectStructure="" iteration="" />
      <Owners>
        <Owner name="" />
      </Owners>
      <Execution id="267c9ea5-852a-4cdb-ad11-6d036980a297" />
      <TestMethod codeBase="C:/depotCI/dev/ird/2009.2/Client/Interop/WSS.SPF.Interop.Test/bin/Release/WSS.SPF.Interop.Test.DLL" adapterTypeName="Microsoft.VisualStudio.TestTools.TestTypes.Unit.UnitTestAdapter, Microsoft.VisualStudio.QualityTools.Tips.UnitTest.Adapter" className="WallStreetSystems.StructuredProducts.Interop.Test.CurveTests, WSS.SPF.Interop.Test, Version=2009.1.0.0, Culture=neutral, PublicKeyToken=b5fd1a36512e1285" name="TestBuildBS_SPREAD_CURVES" />
    </UnitTest>
    <UnitTest name="TestDeleteMrktCrvFromDatabaseViaDescriptions" storage="c:\depotci\dev\ird\2009.2\client\interop\wss.spf.interop.test\bin\release\wss.spf.interop.test.dll" id="01e15475-b38e-f1b9-52a4-c9811c72cd96">
      <Css projectStructure="" iteration="" />
      <Owners>
        <Owner name="" />
      </Owners>
      <Execution id="fe031637-65b9-41e9-ab6f-33dd0527cc60" />
      <TestMethod codeBase="C:/depotCI/dev/ird/2009.2/Client/Interop/WSS.SPF.Interop.Test/bin/Release/WSS.SPF.Interop.Test.DLL" adapterTypeName="Microsoft.VisualStudio.TestTools.TestTypes.Unit.UnitTestAdapter, Microsoft.VisualStudio.QualityTools.Tips.UnitTest.Adapter" className="WallStreetSystems.StructuredProducts.Interop.Test.MarketCurveDescriptionTests, WSS.SPF.Interop.Test, Version=2009.1.0.0, Culture=neutral, PublicKeyToken=b5fd1a36512e1285" name="TestDeleteMrktCrvFromDatabaseViaDescriptions" />
    </UnitTest>
    <UnitTest name="TestUserKeyCopy" storage="c:\depotci\dev\ird\2009.2\client\interop\wss.spf.interop.test\bin\release\wss.spf.interop.test.dll" id="4dd22250-51e6-5b07-41a2-5a99b99c1156">
      <Css projectStructure="" iteration="" />
      <Owners>
        <Owner name="" />
      </Owners>
      <Execution id="5079d97d-0412-495f-83f7-be885c510aae" />
      <TestMethod codeBase="C:/depotCI/dev/ird/2009.2/Client/Interop/WSS.SPF.Interop.Test/bin/Release/WSS.SPF.Interop.Test.DLL" adapterTypeName="Microsoft.VisualStudio.TestTools.TestTypes.Unit.UnitTestAdapter, Microsoft.VisualStudio.QualityTools.Tips.UnitTest.Adapter" className="WallStreetSystems.StructuredProducts.Interop.Test.MiscTests, WSS.SPF.Interop.Test, Version=2009.1.0.0, Culture=neutral, PublicKeyToken=b5fd1a36512e1285" name="TestUserKeyCopy" />
    </UnitTest>
    <UnitTest name="TestGenSwptnVolSmileFromEqn" storage="c:\depotci\dev\ird\2009.2\client\interop\wss.spf.interop.test\bin\release\wss.spf.interop.test.dll" id="3500e6c5-be0e-466f-e1f6-75614a425ca3">
      <Css projectStructure="" iteration="" />
      <Owners>
        <Owner name="" />
      </Owners>
      <Execution id="e3a90729-ff06-4795-a716-aa7e76a41e2c" />
      <TestMethod codeBase="C:/depotCI/dev/ird/2009.2/Client/Interop/WSS.SPF.Interop.Test/bin/Release/WSS.SPF.Interop.Test.DLL" adapterTypeName="Microsoft.VisualStudio.TestTools.TestTypes.Unit.UnitTestAdapter, Microsoft.VisualStudio.QualityTools.Tips.UnitTest.Adapter" className="WallStreetSystems.StructuredProducts.Interop.Test.CurveTests, WSS.SPF.Interop.Test, Version=2009.1.0.0, Culture=neutral, PublicKeyToken=b5fd1a36512e1285" name="TestGenSwptnVolSmileFromEqn" />
    </UnitTest>
    <UnitTest name="TestInvalidMarketCurveBaseDateSave" storage="c:\depotci\dev\ird\2009.2\client\interop\wss.spf.interop.test\bin\release\wss.spf.interop.test.dll" id="84087427-3455-1e5b-1d9b-ad1d241fb6a0">
      <Css projectStructure="" iteration="" />
      <Owners>
        <Owner name="" />
      </Owners>
      <Execution id="9700f2b9-4798-4114-96a2-e6f0882ae78f" />
      <TestMethod codeBase="C:/depotCI/dev/ird/2009.2/Client/Interop/WSS.SPF.Interop.Test/bin/Release/WSS.SPF.Interop.Test.DLL" adapterTypeName="Microsoft.VisualStudio.TestTools.TestTypes.Unit.UnitTestAdapter, Microsoft.VisualStudio.QualityTools.Tips.UnitTest.Adapter" className="WallStreetSystems.StructuredProducts.Interop.Test.CurveTests, WSS.SPF.Interop.Test, Version=2009.1.0.0, Culture=neutral, PublicKeyToken=b5fd1a36512e1285" name="TestInvalidMarketCurveBaseDateSave" />
    </UnitTest>
    <UnitTest name="TestUpdateCurveStatus" storage="c:\depotci\dev\ird\2009.2\client\interop\wss.spf.interop.test\bin\release\wss.spf.interop.test.dll" id="13f472db-8522-48c5-9def-4094dcc27da1">
      <Css projectStructure="" iteration="" />
      <Owners>
        <Owner name="" />
      </Owners>
      <Execution id="fb3bcdac-118f-440a-baf9-12ae75d9b8bc" />
      <TestMethod codeBase="C:/depotCI/dev/ird/2009.2/Client/Interop/WSS.SPF.Interop.Test/bin/Release/WSS.SPF.Interop.Test.DLL" adapterTypeName="Microsoft.VisualStudio.TestTools.TestTypes.Unit.UnitTestAdapter, Microsoft.VisualStudio.QualityTools.Tips.UnitTest.Adapter" className="WallStreetSystems.StructuredProducts.Interop.Test.CurveTests, WSS.SPF.Interop.Test, Version=2009.1.0.0, Culture=neutral, PublicKeyToken=b5fd1a36512e1285" name="TestUpdateCurveStatus" />
    </UnitTest>
    <UnitTest name="TestUpdateMarketViaCurvDef" storage="c:\depotci\dev\ird\2009.2\client\interop\wss.spf.interop.test\bin\release\wss.spf.interop.test.dll" id="b7366703-51c9-1e9e-e81b-87bdf36fc25c">
      <Css projectStructure="" iteration="" />
      <Owners>
        <Owner name="" />
      </Owners>
      <Execution id="7c36b04b-e153-4e18-bbcc-61c51cad1480" />
      <TestMethod codeBase="C:/depotCI/dev/ird/2009.2/Client/Interop/WSS.SPF.Interop.Test/bin/Release/WSS.SPF.Interop.Test.DLL" adapterTypeName="Microsoft.VisualStudio.TestTools.TestTypes.Unit.UnitTestAdapter, Microsoft.VisualStudio.QualityTools.Tips.UnitTest.Adapter" className="WallStreetSystems.StructuredProducts.Interop.Test.MarketUpdateNoClientTests, WSS.SPF.Interop.Test, Version=2009.1.0.0, Culture=neutral, PublicKeyToken=b5fd1a36512e1285" name="TestUpdateMarketViaCurvDef" />
    </UnitTest>
    <UnitTest name="TestFXCurveSpotPointNeverChange" storage="c:\depotci\dev\ird\2009.2\client\interop\wss.spf.interop.test\bin\release\wss.spf.interop.test.dll" id="9d630ccd-b483-ccc6-ac0c-babd3078372c">
      <Css projectStructure="" iteration="" />
      <Owners>
        <Owner name="" />
      </Owners>
      <Execution id="6484a9ea-3733-4e06-b7e2-96dab2eea87a" />
      <TestMethod codeBase="C:/depotCI/dev/ird/2009.2/Client/Interop/WSS.SPF.Interop.Test/bin/Release/WSS.SPF.Interop.Test.DLL" adapterTypeName="Microsoft.VisualStudio.TestTools.TestTypes.Unit.UnitTestAdapter, Microsoft.VisualStudio.QualityTools.Tips.UnitTest.Adapter" className="WallStreetSystems.StructuredProducts.Interop.Test.MarketCurveUpdateTests, WSS.SPF.Interop.Test, Version=2009.1.0.0, Culture=neutral, PublicKeyToken=b5fd1a36512e1285" name="TestFXCurveSpotPointNeverChange" />
    </UnitTest>
    <UnitTest name="TestBuildFutureRates" storage="c:\depotci\dev\ird\2009.2\client\interop\wss.spf.interop.test\bin\release\wss.spf.interop.test.dll" id="ab5a0d6b-db0f-6929-26c6-d8156afb170c">
      <Css projectStructure="" iteration="" />
      <Owners>
        <Owner name="" />
      </Owners>
      <Execution id="b787378b-c21d-4219-aebc-1b15d3c1daeb" />
      <TestMethod codeBase="C:/depotCI/dev/ird/2009.2/Client/Interop/WSS.SPF.Interop.Test/bin/Release/WSS.SPF.Interop.Test.DLL" adapterTypeName="Microsoft.VisualStudio.TestTools.TestTypes.Unit.UnitTestAdapter, Microsoft.VisualStudio.QualityTools.Tips.UnitTest.Adapter" className="WallStreetSystems.StructuredProducts.Interop.Test.CurveTests, WSS.SPF.Interop.Test, Version=2009.1.0.0, Culture=neutral, PublicKeyToken=b5fd1a36512e1285" name="TestBuildFutureRates" />
    </UnitTest>
    <UnitTest name="TestLiveRatesWSSSources" storage="c:\depotci\dev\ird\2009.2\client\interop\wss.spf.interop.test\bin\release\wss.spf.interop.test.dll" id="79d49447-0f49-eda1-7416-58a150aca4d7">
      <Css projectStructure="" iteration="" />
      <Owners>
        <Owner name="" />
      </Owners>
      <Execution id="2eb18db5-818b-4678-a3b3-d0125c198955" />
      <TestMethod codeBase="C:/depotCI/dev/ird/2009.2/Client/Interop/WSS.SPF.Interop.Test/bin/Release/WSS.SPF.Interop.Test.DLL" adapterTypeName="Microsoft.VisualStudio.TestTools.TestTypes.Unit.UnitTestAdapter, Microsoft.VisualStudio.QualityTools.Tips.UnitTest.Adapter" className="WallStreetSystems.StructuredProducts.Interop.Test.LiveRatesTests, WSS.SPF.Interop.Test, Version=2009.1.0.0, Culture=neutral, PublicKeyToken=b5fd1a36512e1285" name="TestLiveRatesWSSSources" />
    </UnitTest>
    <UnitTest name="TestCapVolSmilesNumberIncrease" storage="c:\depotci\dev\ird\2009.2\client\interop\wss.spf.interop.test\bin\release\wss.spf.interop.test.dll" id="677fb86e-0db1-fc8c-c72a-1389602d1e95">
      <Css projectStructure="" iteration="" />
      <Owners>
        <Owner name="" />
      </Owners>
      <Execution id="0f60372d-e0ca-4390-b364-3126415fe198" />
      <TestMethod codeBase="C:/depotCI/dev/ird/2009.2/Client/Interop/WSS.SPF.Interop.Test/bin/Release/WSS.SPF.Interop.Test.DLL" adapterTypeName="Microsoft.VisualStudio.TestTools.TestTypes.Unit.UnitTestAdapter, Microsoft.VisualStudio.QualityTools.Tips.UnitTest.Adapter" className="WallStreetSystems.StructuredProducts.Interop.Test.CurveTests, WSS.SPF.Interop.Test, Version=2009.1.0.0, Culture=neutral, PublicKeyToken=b5fd1a36512e1285" name="TestCapVolSmilesNumberIncrease" />
    </UnitTest>
    <UnitTest name="TestConvertMktCrvClientToClient" storage="c:\depotci\dev\ird\2009.2\client\interop\wss.spf.interop.test\bin\release\wss.spf.interop.test.dll" id="878455d0-ef80-153f-3a10-93bad16509cd">
      <Css projectStructure="" iteration="" />
      <Owners>
        <Owner name="" />
      </Owners>
      <Execution id="f8359dcf-486c-453f-987b-9dbfbeb96320" />
      <TestMethod codeBase="C:/depotCI/dev/ird/2009.2/Client/Interop/WSS.SPF.Interop.Test/bin/Release/WSS.SPF.Interop.Test.DLL" adapterTypeName="Microsoft.VisualStudio.TestTools.TestTypes.Unit.UnitTestAdapter, Microsoft.VisualStudio.QualityTools.Tips.UnitTest.Adapter" className="WallStreetSystems.StructuredProducts.Interop.Test.CurveTests, WSS.SPF.Interop.Test, Version=2009.1.0.0, Culture=neutral, PublicKeyToken=b5fd1a36512e1285" name="TestConvertMktCrvClientToClient" />
    </UnitTest>
    <UnitTest name="TestExportImportKeyAsXmlIntersystem" storage="c:\depotci\dev\ird\2009.2\client\interop\wss.spf.interop.test\bin\release\wss.spf.interop.test.dll" id="c4695238-9bd6-e5fa-2e96-012698b079c2">
      <Css projectStructure="" iteration="" />
      <Owners>
        <Owner name="" />
      </Owners>
      <Execution id="ec850d5a-8a19-42f3-9813-7ccdb400f0cb" />
      <TestMethod codeBase="C:/depotCI/dev/ird/2009.2/Client/Interop/WSS.SPF.Interop.Test/bin/Release/WSS.SPF.Interop.Test.DLL" adapterTypeName="Microsoft.VisualStudio.TestTools.TestTypes.Unit.UnitTestAdapter, Microsoft.VisualStudio.QualityTools.Tips.UnitTest.Adapter" className="WallStreetSystems.StructuredProducts.Interop.Test.MiscTests, WSS.SPF.Interop.Test, Version=2009.1.0.0, Culture=neutral, PublicKeyToken=b5fd1a36512e1285" name="TestExportImportKeyAsXmlIntersystem" expectedException="System.Runtime.InteropServices.COMException, mscorlib, Version=2.0.0.0, Culture=neutral, PublicKeyToken=b77a5c561934e089" expectedExceptionMessage="Should not be able to import wseXMLInterSystem" />
    </UnitTest>
    <UnitTest name="TestTreeTraversalByLegs" storage="c:\depotci\dev\ird\2009.2\client\interop\wss.spf.interop.test\bin\release\wss.spf.interop.test.dll" id="5d1d1842-9b36-51a6-ca88-6b867dedf740">
      <Css projectStructure="" iteration="" />
      <Owners>
        <Owner name="" />
      </Owners>
      <Execution id="bcb353fb-d3e9-4a5d-907a-b87fc5fb891b" />
      <TestMethod codeBase="C:/depotCI/dev/ird/2009.2/Client/Interop/WSS.SPF.Interop.Test/bin/Release/WSS.SPF.Interop.Test.DLL" adapterTypeName="Microsoft.VisualStudio.TestTools.TestTypes.Unit.UnitTestAdapter, Microsoft.VisualStudio.QualityTools.Tips.UnitTest.Adapter" className="WallStreetSystems.StructuredProducts.Interop.Test.LocalTreeTests, WSS.SPF.Interop.Test, Version=2009.1.0.0, Culture=neutral, PublicKeyToken=b5fd1a36512e1285" name="TestTreeTraversalByLegs" />
    </UnitTest>
    <UnitTest name="TestAgeMarketCurveToDate" storage="c:\depotci\dev\ird\2009.2\client\interop\wss.spf.interop.test\bin\release\wss.spf.interop.test.dll" id="a3b5a197-3776-6f58-360d-fdaa5abbb152">
      <Css projectStructure="" iteration="" />
      <Owners>
        <Owner name="" />
      </Owners>
      <Execution id="d1c63f6d-0767-4db7-ad04-2739aa43ea37" />
      <TestMethod codeBase="C:/depotCI/dev/ird/2009.2/Client/Interop/WSS.SPF.Interop.Test/bin/Release/WSS.SPF.Interop.Test.DLL" adapterTypeName="Microsoft.VisualStudio.TestTools.TestTypes.Unit.UnitTestAdapter, Microsoft.VisualStudio.QualityTools.Tips.UnitTest.Adapter" className="WallStreetSystems.StructuredProducts.Interop.Test.CurveTests, WSS.SPF.Interop.Test, Version=2009.1.0.0, Culture=neutral, PublicKeyToken=b5fd1a36512e1285" name="TestAgeMarketCurveToDate" />
    </UnitTest>
    <UnitTest name="TestNegationBuildFutureRates" storage="c:\depotci\dev\ird\2009.2\client\interop\wss.spf.interop.test\bin\release\wss.spf.interop.test.dll" id="e6547853-68d2-473f-6f2e-57b12c7bfe82">
      <Css projectStructure="" iteration="" />
      <Owners>
        <Owner name="" />
      </Owners>
      <Execution id="ecfcbcf1-38df-4460-824e-4de068c2a083" />
      <TestMethod codeBase="C:/depotCI/dev/ird/2009.2/Client/Interop/WSS.SPF.Interop.Test/bin/Release/WSS.SPF.Interop.Test.DLL" adapterTypeName="Microsoft.VisualStudio.TestTools.TestTypes.Unit.UnitTestAdapter, Microsoft.VisualStudio.QualityTools.Tips.UnitTest.Adapter" className="WallStreetSystems.StructuredProducts.Interop.Test.CurveTests, WSS.SPF.Interop.Test, Version=2009.1.0.0, Culture=neutral, PublicKeyToken=b5fd1a36512e1285" name="TestNegationBuildFutureRates" />
    </UnitTest>
    <UnitTest name="TestCapVolPointNoChange" storage="c:\depotci\dev\ird\2009.2\client\interop\wss.spf.interop.test\bin\release\wss.spf.interop.test.dll" id="1a54ec6d-c382-4117-6183-2db77517454c">
      <Css projectStructure="" iteration="" />
      <Owners>
        <Owner name="" />
      </Owners>
      <Execution id="8c296ab1-fabe-4eba-9b9a-49e0c25e0a72" />
      <TestMethod codeBase="C:/depotCI/dev/ird/2009.2/Client/Interop/WSS.SPF.Interop.Test/bin/Release/WSS.SPF.Interop.Test.DLL" adapterTypeName="Microsoft.VisualStudio.TestTools.TestTypes.Unit.UnitTestAdapter, Microsoft.VisualStudio.QualityTools.Tips.UnitTest.Adapter" className="WallStreetSystems.StructuredProducts.Interop.Test.MarketCurveUpdateTests, WSS.SPF.Interop.Test, Version=2009.1.0.0, Culture=neutral, PublicKeyToken=b5fd1a36512e1285" name="TestCapVolPointNoChange" />
    </UnitTest>
    <UnitTest name="TestDeleteFirstCurveFromWarehouse" storage="c:\depotci\dev\ird\2009.2\client\interop\wss.spf.interop.test\bin\release\wss.spf.interop.test.dll" id="43133470-0783-1d3a-3cb0-dd8476fbc4e4">
      <Css projectStructure="" iteration="" />
      <Owners>
        <Owner name="" />
      </Owners>
      <Execution id="051e7a25-0f07-4e28-98f3-e28b7003edf6" />
      <TestMethod codeBase="C:/depotCI/dev/ird/2009.2/Client/Interop/WSS.SPF.Interop.Test/bin/Release/WSS.SPF.Interop.Test.DLL" adapterTypeName="Microsoft.VisualStudio.TestTools.TestTypes.Unit.UnitTestAdapter, Microsoft.VisualStudio.QualityTools.Tips.UnitTest.Adapter" className="WallStreetSystems.StructuredProducts.Interop.Test.CurveTests, WSS.SPF.Interop.Test, Version=2009.1.0.0, Culture=neutral, PublicKeyToken=b5fd1a36512e1285" name="TestDeleteFirstCurveFromWarehouse" />
    </UnitTest>
    <UnitTest name="TestMarketCurveIDGeneration" storage="c:\depotci\dev\ird\2009.2\client\interop\wss.spf.interop.test\bin\release\wss.spf.interop.test.dll" id="673e378d-63f6-b1cf-a075-6afc668ba93b">
      <Css projectStructure="" iteration="" />
      <Owners>
        <Owner name="" />
      </Owners>
      <Execution id="4a721240-c7f5-4a60-b641-1b32427e57a1" />
      <TestMethod codeBase="C:/depotCI/dev/ird/2009.2/Client/Interop/WSS.SPF.Interop.Test/bin/Release/WSS.SPF.Interop.Test.DLL" adapterTypeName="Microsoft.VisualStudio.TestTools.TestTypes.Unit.UnitTestAdapter, Microsoft.VisualStudio.QualityTools.Tips.UnitTest.Adapter" className="WallStreetSystems.StructuredProducts.Interop.Test.CurveTests, WSS.SPF.Interop.Test, Version=2009.1.0.0, Culture=neutral, PublicKeyToken=b5fd1a36512e1285" name="TestMarketCurveIDGeneration" />
    </UnitTest>
    <UnitTest name="TestGetDistinctCommodityIndexDescriptions" storage="c:\depotci\dev\ird\2009.2\client\interop\wss.spf.interop.test\bin\release\wss.spf.interop.test.dll" id="b1039970-5239-1203-d82a-aba82d025e80">
      <Css projectStructure="" iteration="" />
      <Owners>
        <Owner name="" />
      </Owners>
      <Execution id="9c65ca24-7555-49a0-9855-450dc3d0ca4c" />
      <TestMethod codeBase="C:/depotCI/dev/ird/2009.2/Client/Interop/WSS.SPF.Interop.Test/bin/Release/WSS.SPF.Interop.Test.DLL" adapterTypeName="Microsoft.VisualStudio.TestTools.TestTypes.Unit.UnitTestAdapter, Microsoft.VisualStudio.QualityTools.Tips.UnitTest.Adapter" className="WallStreetSystems.StructuredProducts.Interop.Test.CommodityIndexTests, WSS.SPF.Interop.Test, Version=2009.1.0.0, Culture=neutral, PublicKeyToken=b5fd1a36512e1285" name="TestGetDistinctCommodityIndexDescriptions" />
    </UnitTest>
    <UnitTest name="TestTradeInfo" storage="c:\depotci\dev\ird\2009.2\client\interop\wss.spf.interop.test\bin\release\wss.spf.interop.test.dll" id="8e88f66c-f21a-c1af-08bc-813303bbe162">
      <Css projectStructure="" iteration="" />
      <Owners>
        <Owner name="" />
      </Owners>
      <Execution id="d1deed21-81d9-45f8-94c5-c319d969c7bb" />
      <TestMethod codeBase="C:/depotCI/dev/ird/2009.2/Client/Interop/WSS.SPF.Interop.Test/bin/Release/WSS.SPF.Interop.Test.DLL" adapterTypeName="Microsoft.VisualStudio.TestTools.TestTypes.Unit.UnitTestAdapter, Microsoft.VisualStudio.QualityTools.Tips.UnitTest.Adapter" className="WallStreetSystems.StructuredProducts.Interop.Test.TradeInfoTests, WSS.SPF.Interop.Test, Version=2009.1.0.0, Culture=neutral, PublicKeyToken=b5fd1a36512e1285" name="TestTradeInfo" />
    </UnitTest>
    <UnitTest name="TestDeleteFirstCurveFromDB" storage="c:\depotci\dev\ird\2009.2\client\interop\wss.spf.interop.test\bin\release\wss.spf.interop.test.dll" id="143cfd15-80c8-68ef-c41a-11ed16ee119e">
      <Css projectStructure="" iteration="" />
      <Owners>
        <Owner name="" />
      </Owners>
      <Execution id="ff787001-2166-4c98-953f-c5361a191637" />
      <TestMethod codeBase="C:/depotCI/dev/ird/2009.2/Client/Interop/WSS.SPF.Interop.Test/bin/Release/WSS.SPF.Interop.Test.DLL" adapterTypeName="Microsoft.VisualStudio.TestTools.TestTypes.Unit.UnitTestAdapter, Microsoft.VisualStudio.QualityTools.Tips.UnitTest.Adapter" className="WallStreetSystems.StructuredProducts.Interop.Test.CurveTests, WSS.SPF.Interop.Test, Version=2009.1.0.0, Culture=neutral, PublicKeyToken=b5fd1a36512e1285" name="TestDeleteFirstCurveFromDB" />
    </UnitTest>
    <UnitTest name="TestReportErrorLogging" storage="c:\depotci\dev\ird\2009.2\client\interop\wss.spf.interop.test\bin\release\wss.spf.interop.test.dll" id="b93b4680-cd64-1fe1-3c5c-318d3a684770">
      <Css projectStructure="" iteration="" />
      <Owners>
        <Owner name="" />
      </Owners>
      <Execution id="1451bf94-d459-48a4-9a77-0e656fed1db9" />
      <TestMethod codeBase="C:/depotCI/dev/ird/2009.2/Client/Interop/WSS.SPF.Interop.Test/bin/Release/WSS.SPF.Interop.Test.DLL" adapterTypeName="Microsoft.VisualStudio.TestTools.TestTypes.Unit.UnitTestAdapter, Microsoft.VisualStudio.QualityTools.Tips.UnitTest.Adapter" className="WallStreetSystems.StructuredProducts.Interop.Test.ReportTests, WSS.SPF.Interop.Test, Version=2009.1.0.0, Culture=neutral, PublicKeyToken=b5fd1a36512e1285" name="TestReportErrorLogging" />
    </UnitTest>
    <UnitTest name="TestSetSvSmileDataView" storage="c:\depotci\dev\ird\2009.2\client\interop\wss.spf.interop.test\bin\release\wss.spf.interop.test.dll" id="e56c809e-d147-851a-9a6e-bd3d35cfc89c">
      <Css projectStructure="" iteration="" />
      <Owners>
        <Owner name="" />
      </Owners>
      <Execution id="62213721-c2dc-4876-9143-a32f62c49210" />
      <TestMethod codeBase="C:/depotCI/dev/ird/2009.2/Client/Interop/WSS.SPF.Interop.Test/bin/Release/WSS.SPF.Interop.Test.DLL" adapterTypeName="Microsoft.VisualStudio.TestTools.TestTypes.Unit.UnitTestAdapter, Microsoft.VisualStudio.QualityTools.Tips.UnitTest.Adapter" className="WallStreetSystems.StructuredProducts.Interop.Test.CurveTests, WSS.SPF.Interop.Test, Version=2009.1.0.0, Culture=neutral, PublicKeyToken=b5fd1a36512e1285" name="TestSetSvSmileDataView" />
    </UnitTest>
    <UnitTest name="TestPriceSaveAndRetrieveCapTrade" storage="c:\depotci\dev\ird\2009.2\client\interop\wss.spf.interop.test\bin\release\wss.spf.interop.test.dll" id="caaa4508-686f-a98e-68fa-b357083118c9">
      <Css projectStructure="" iteration="" />
      <Owners>
        <Owner name="" />
      </Owners>
      <Execution id="ac6a9d0b-b413-49ed-8644-44cd4ed177ae" />
      <TestMethod codeBase="C:/depotCI/dev/ird/2009.2/Client/Interop/WSS.SPF.Interop.Test/bin/Release/WSS.SPF.Interop.Test.DLL" adapterTypeName="Microsoft.VisualStudio.TestTools.TestTypes.Unit.UnitTestAdapter, Microsoft.VisualStudio.QualityTools.Tips.UnitTest.Adapter" className="WallStreetSystems.StructuredProducts.Interop.Test.TradeTests, WSS.SPF.Interop.Test, Version=2009.1.0.0, Culture=neutral, PublicKeyToken=b5fd1a36512e1285" name="TestPriceSaveAndRetrieveCapTrade" />
    </UnitTest>
    <UnitTest name="TestCurveNameList" storage="c:\depotci\dev\ird\2009.2\client\interop\wss.spf.interop.test\bin\release\wss.spf.interop.test.dll" id="74c494c4-cd10-bba8-28d0-0635327e0f7c">
      <Css projectStructure="" iteration="" />
      <Owners>
        <Owner name="" />
      </Owners>
      <Execution id="ec3e15fa-33c3-4013-8d58-33853fde1a8c" />
      <TestMethod codeBase="C:/depotCI/dev/ird/2009.2/Client/Interop/WSS.SPF.Interop.Test/bin/Release/WSS.SPF.Interop.Test.DLL" adapterTypeName="Microsoft.VisualStudio.TestTools.TestTypes.Unit.UnitTestAdapter, Microsoft.VisualStudio.QualityTools.Tips.UnitTest.Adapter" className="WallStreetSystems.StructuredProducts.Interop.Test.CurveTests, WSS.SPF.Interop.Test, Version=2009.1.0.0, Culture=neutral, PublicKeyToken=b5fd1a36512e1285" name="TestCurveNameList" />
    </UnitTest>
    <UnitTest name="TestRateFixingRateChange" storage="c:\depotci\dev\ird\2009.2\client\interop\wss.spf.interop.test\bin\release\wss.spf.interop.test.dll" id="e0bf424d-f52e-84b0-86d9-54b7c75115e1">
      <Css projectStructure="" iteration="" />
      <Owners>
        <Owner name="" />
      </Owners>
      <Execution id="6c24edc3-e45d-46f1-991f-ccb1bfd7834f" />
      <TestMethod codeBase="C:/depotCI/dev/ird/2009.2/Client/Interop/WSS.SPF.Interop.Test/bin/Release/WSS.SPF.Interop.Test.DLL" adapterTypeName="Microsoft.VisualStudio.TestTools.TestTypes.Unit.UnitTestAdapter, Microsoft.VisualStudio.QualityTools.Tips.UnitTest.Adapter" className="WallStreetSystems.StructuredProducts.Interop.Test.RateTests, WSS.SPF.Interop.Test, Version=2009.1.0.0, Culture=neutral, PublicKeyToken=b5fd1a36512e1285" name="TestRateFixingRateChange" />
    </UnitTest>
    <UnitTest name="TestCopyKey" storage="c:\depotci\dev\ird\2009.2\client\interop\wss.spf.interop.test\bin\release\wss.spf.interop.test.dll" id="d3869d06-03c1-f722-c450-9508424fed16">
      <Css projectStructure="" iteration="" />
      <Owners>
        <Owner name="" />
      </Owners>
      <Execution id="b870e775-78b9-4fed-afe0-bc7acc33c4d9" />
      <TestMethod codeBase="C:/depotCI/dev/ird/2009.2/Client/Interop/WSS.SPF.Interop.Test/bin/Release/WSS.SPF.Interop.Test.DLL" adapterTypeName="Microsoft.VisualStudio.TestTools.TestTypes.Unit.UnitTestAdapter, Microsoft.VisualStudio.QualityTools.Tips.UnitTest.Adapter" className="WallStreetSystems.StructuredProducts.Interop.Test.MiscTests, WSS.SPF.Interop.Test, Version=2009.1.0.0, Culture=neutral, PublicKeyToken=b5fd1a36512e1285" name="TestCopyKey" />
    </UnitTest>
    <UnitTest name="TestDBRateProvider" storage="c:\depotci\dev\ird\2009.2\client\interop\wss.spf.interop.test\bin\release\wss.spf.interop.test.dll" id="c4357c3c-bf43-0385-6660-7fbb64991719">
      <Css projectStructure="" iteration="" />
      <Owners>
        <Owner name="" />
      </Owners>
      <Execution id="f4618bb4-fc24-44b3-b3ba-d797a717a9d4" />
      <TestMethod codeBase="C:/depotCI/dev/ird/2009.2/Client/Interop/WSS.SPF.Interop.Test/bin/Release/WSS.SPF.Interop.Test.DLL" adapterTypeName="Microsoft.VisualStudio.TestTools.TestTypes.Unit.UnitTestAdapter, Microsoft.VisualStudio.QualityTools.Tips.UnitTest.Adapter" className="WallStreetSystems.StructuredProducts.Interop.Test.DBRateProviderTests, WSS.SPF.Interop.Test, Version=2009.1.0.0, Culture=neutral, PublicKeyToken=b5fd1a36512e1285" name="TestDBRateProvider" />
    </UnitTest>
    <UnitTest name="TestXMLRateProvider" storage="c:\depotci\dev\ird\2009.2\client\interop\wss.spf.interop.test\bin\release\wss.spf.interop.test.dll" id="905113ad-b4d4-4d8d-1398-f09f43693760">
      <Css projectStructure="" iteration="" />
      <Owners>
        <Owner name="" />
      </Owners>
      <Execution id="071411c4-da08-42a6-af2a-9a9e75cb36b2" />
      <TestMethod codeBase="C:/depotCI/dev/ird/2009.2/Client/Interop/WSS.SPF.Interop.Test/bin/Release/WSS.SPF.Interop.Test.DLL" adapterTypeName="Microsoft.VisualStudio.TestTools.TestTypes.Unit.UnitTestAdapter, Microsoft.VisualStudio.QualityTools.Tips.UnitTest.Adapter" className="WallStreetSystems.StructuredProducts.Interop.Test.XMLRateProviderTests, WSS.SPF.Interop.Test, Version=2009.1.0.0, Culture=neutral, PublicKeyToken=b5fd1a36512e1285" name="TestXMLRateProvider" />
    </UnitTest>
    <UnitTest name="TestLoadProfile" storage="c:\depotci\dev\ird\2009.2\client\interop\wss.spf.interop.test\bin\release\wss.spf.interop.test.dll" id="e29b5997-b2e7-3478-c2ca-3781992dd41b">
      <Css projectStructure="" iteration="" />
      <Owners>
        <Owner name="" />
      </Owners>
      <Execution id="a5d68043-5932-459a-a524-cf456daa9ebb" />
      <TestMethod codeBase="C:/depotCI/dev/ird/2009.2/Client/Interop/WSS.SPF.Interop.Test/bin/Release/WSS.SPF.Interop.Test.DLL" adapterTypeName="Microsoft.VisualStudio.TestTools.TestTypes.Unit.UnitTestAdapter, Microsoft.VisualStudio.QualityTools.Tips.UnitTest.Adapter" className="WallStreetSystems.StructuredProducts.Interop.Test.UserProfileTests, WSS.SPF.Interop.Test, Version=2009.1.0.0, Culture=neutral, PublicKeyToken=b5fd1a36512e1285" name="TestLoadProfile" />
    </UnitTest>
    <UnitTest name="TestBuildGOVT_DF" storage="c:\depotci\dev\ird\2009.2\client\interop\wss.spf.interop.test\bin\release\wss.spf.interop.test.dll" id="20c35437-f4d4-1e5d-03b2-b3cf695872c8">
      <Css projectStructure="" iteration="" />
      <Owners>
        <Owner name="" />
      </Owners>
      <Execution id="7b67db17-3351-4241-98b2-a2f3c4c3da04" />
      <TestMethod codeBase="C:/depotCI/dev/ird/2009.2/Client/Interop/WSS.SPF.Interop.Test/bin/Release/WSS.SPF.Interop.Test.DLL" adapterTypeName="Microsoft.VisualStudio.TestTools.TestTypes.Unit.UnitTestAdapter, Microsoft.VisualStudio.QualityTools.Tips.UnitTest.Adapter" className="WallStreetSystems.StructuredProducts.Interop.Test.CurveTests, WSS.SPF.Interop.Test, Version=2009.1.0.0, Culture=neutral, PublicKeyToken=b5fd1a36512e1285" name="TestBuildGOVT_DF" />
    </UnitTest>
    <UnitTest name="TestCreateCounterParty" storage="c:\depotci\dev\ird\2009.2\client\interop\wss.spf.interop.test\bin\release\wss.spf.interop.test.dll" id="a62f4b5e-3b72-be1f-c988-8881365e62c0">
      <Css projectStructure="" iteration="" />
      <Owners>
        <Owner name="" />
      </Owners>
      <Execution id="dd2028a9-0692-4896-880d-8ad02b30c0ad" />
      <TestMethod codeBase="C:/depotCI/dev/ird/2009.2/Client/Interop/WSS.SPF.Interop.Test/bin/Release/WSS.SPF.Interop.Test.DLL" adapterTypeName="Microsoft.VisualStudio.TestTools.TestTypes.Unit.UnitTestAdapter, Microsoft.VisualStudio.QualityTools.Tips.UnitTest.Adapter" className="WallStreetSystems.StructuredProducts.Interop.Test.CounterPartiesTests, WSS.SPF.Interop.Test, Version=2009.1.0.0, Culture=neutral, PublicKeyToken=b5fd1a36512e1285" name="TestCreateCounterParty" />
    </UnitTest>
    <UnitTest name="TestSwptnVolTenorRemove" storage="c:\depotci\dev\ird\2009.2\client\interop\wss.spf.interop.test\bin\release\wss.spf.interop.test.dll" id="2a72a93f-e306-a1be-cdc8-0a9446bff7fa">
      <Css projectStructure="" iteration="" />
      <Owners>
        <Owner name="" />
      </Owners>
      <Execution id="fd7de9a5-091a-4a4d-a2f6-d264d297918b" />
      <TestMethod codeBase="C:/depotCI/dev/ird/2009.2/Client/Interop/WSS.SPF.Interop.Test/bin/Release/WSS.SPF.Interop.Test.DLL" adapterTypeName="Microsoft.VisualStudio.TestTools.TestTypes.Unit.UnitTestAdapter, Microsoft.VisualStudio.QualityTools.Tips.UnitTest.Adapter" className="WallStreetSystems.StructuredProducts.Interop.Test.CurveTests, WSS.SPF.Interop.Test, Version=2009.1.0.0, Culture=neutral, PublicKeyToken=b5fd1a36512e1285" name="TestSwptnVolTenorRemove" />
    </UnitTest>
    <UnitTest name="TestProcessInfo" storage="c:\depotci\dev\ird\2009.2\client\interop\wss.spf.interop.test\bin\release\wss.spf.interop.test.dll" id="e3f2119a-cb87-0870-20d7-7f6fb0173c6d">
      <Css projectStructure="" iteration="" />
      <Owners>
        <Owner name="" />
      </Owners>
      <Execution id="badd1f1e-00a2-4ed7-9d55-9697b51c33ef" />
      <TestMethod codeBase="C:/depotCI/dev/ird/2009.2/Client/Interop/WSS.SPF.Interop.Test/bin/Release/WSS.SPF.Interop.Test.DLL" adapterTypeName="Microsoft.VisualStudio.TestTools.TestTypes.Unit.UnitTestAdapter, Microsoft.VisualStudio.QualityTools.Tips.UnitTest.Adapter" className="WallStreetSystems.StructuredProducts.Interop.Test.SessionInfoTests, WSS.SPF.Interop.Test, Version=2009.1.0.0, Culture=neutral, PublicKeyToken=b5fd1a36512e1285" name="TestProcessInfo" />
    </UnitTest>
    <UnitTest name="TestGetAttachment" storage="c:\depotci\dev\ird\2009.2\client\interop\wss.spf.interop.test\bin\release\wss.spf.interop.test.dll" id="456902f8-1470-fca8-e3d9-2c7abd018216">
      <Css projectStructure="" iteration="" />
      <Owners>
        <Owner name="" />
      </Owners>
      <Execution id="9ecd1eb2-7743-4f77-a9a2-5c4fa34a0e77" />
      <TestMethod codeBase="C:/depotCI/dev/ird/2009.2/Client/Interop/WSS.SPF.Interop.Test/bin/Release/WSS.SPF.Interop.Test.DLL" adapterTypeName="Microsoft.VisualStudio.TestTools.TestTypes.Unit.UnitTestAdapter, Microsoft.VisualStudio.QualityTools.Tips.UnitTest.Adapter" className="WallStreetSystems.StructuredProducts.Interop.Test.AttachmentTests, WSS.SPF.Interop.Test, Version=2009.1.0.0, Culture=neutral, PublicKeyToken=b5fd1a36512e1285" name="TestGetAttachment" />
    </UnitTest>
    <UnitTest name="TestNegationCapVolVolPtsRemove" storage="c:\depotci\dev\ird\2009.2\client\interop\wss.spf.interop.test\bin\release\wss.spf.interop.test.dll" id="7bc8aa53-a7c5-f4e4-8b78-2b16b8bfa998">
      <Css projectStructure="" iteration="" />
      <Owners>
        <Owner name="" />
      </Owners>
      <Execution id="665db444-408e-4c6a-8671-1dbae180164d" />
      <TestMethod codeBase="C:/depotCI/dev/ird/2009.2/Client/Interop/WSS.SPF.Interop.Test/bin/Release/WSS.SPF.Interop.Test.DLL" adapterTypeName="Microsoft.VisualStudio.TestTools.TestTypes.Unit.UnitTestAdapter, Microsoft.VisualStudio.QualityTools.Tips.UnitTest.Adapter" className="WallStreetSystems.StructuredProducts.Interop.Test.CurveTests, WSS.SPF.Interop.Test, Version=2009.1.0.0, Culture=neutral, PublicKeyToken=b5fd1a36512e1285" name="TestNegationCapVolVolPtsRemove" expectedException="System.Runtime.InteropServices.COMException, mscorlib, Version=2.0.0.0, Culture=neutral, PublicKeyToken=b77a5c561934e089" expectedExceptionMessage="Should fail with no points to remove." />
    </UnitTest>
    <UnitTest name="TestTradeCount" storage="c:\depotci\dev\ird\2009.2\client\interop\wss.spf.interop.test\bin\release\wss.spf.interop.test.dll" id="4894b893-9a4f-3f82-caa3-b46492511ea7">
      <Css projectStructure="" iteration="" />
      <Owners>
        <Owner name="" />
      </Owners>
      <Execution id="e0e5699b-a66d-4fae-aa5e-4ce2ca0d0503" />
      <TestMethod codeBase="C:/depotCI/dev/ird/2009.2/Client/Interop/WSS.SPF.Interop.Test/bin/Release/WSS.SPF.Interop.Test.DLL" adapterTypeName="Microsoft.VisualStudio.TestTools.TestTypes.Unit.UnitTestAdapter, Microsoft.VisualStudio.QualityTools.Tips.UnitTest.Adapter" className="WallStreetSystems.StructuredProducts.Interop.Test.TradeTests, WSS.SPF.Interop.Test, Version=2009.1.0.0, Culture=neutral, PublicKeyToken=b5fd1a36512e1285" name="TestTradeCount" />
    </UnitTest>
    <UnitTest name="TestBuildAll" storage="c:\depotci\dev\ird\2009.2\client\interop\wss.spf.interop.test\bin\release\wss.spf.interop.test.dll" id="2b597ee4-856d-f227-1645-6d5403cbfaa5">
      <Css projectStructure="" iteration="" />
      <Owners>
        <Owner name="" />
      </Owners>
      <Execution id="eee4d452-e9d0-4d9c-a0f5-139898775976" />
      <TestMethod codeBase="C:/depotCI/dev/ird/2009.2/Client/Interop/WSS.SPF.Interop.Test/bin/Release/WSS.SPF.Interop.Test.DLL" adapterTypeName="Microsoft.VisualStudio.TestTools.TestTypes.Unit.UnitTestAdapter, Microsoft.VisualStudio.QualityTools.Tips.UnitTest.Adapter" className="WallStreetSystems.StructuredProducts.Interop.Test.CurveTests, WSS.SPF.Interop.Test, Version=2009.1.0.0, Culture=neutral, PublicKeyToken=b5fd1a36512e1285" name="TestBuildAll" />
    </UnitTest>
    <UnitTest name="TestExpressionPropertyEqProperty" storage="c:\depotci\dev\ird\2009.2\client\interop\wss.spf.interop.test\bin\release\wss.spf.interop.test.dll" id="a83da4cb-2996-8368-08db-5e58e9027e34">
      <Css projectStructure="" iteration="" />
      <Owners>
        <Owner name="" />
      </Owners>
      <Execution id="694014ba-5924-4b0f-8fa8-f05a57f2730a" />
      <TestMethod codeBase="C:/depotCI/dev/ird/2009.2/Client/Interop/WSS.SPF.Interop.Test/bin/Release/WSS.SPF.Interop.Test.DLL" adapterTypeName="Microsoft.VisualStudio.TestTools.TestTypes.Unit.UnitTestAdapter, Microsoft.VisualStudio.QualityTools.Tips.UnitTest.Adapter" className="WallStreetSystems.StructuredProducts.Interop.Test.MiscTests, WSS.SPF.Interop.Test, Version=2009.1.0.0, Culture=neutral, PublicKeyToken=b5fd1a36512e1285" name="TestExpressionPropertyEqProperty" />
    </UnitTest>
    <UnitTest name="TestExportImportKeyAsXmlHuman" storage="c:\depotci\dev\ird\2009.2\client\interop\wss.spf.interop.test\bin\release\wss.spf.interop.test.dll" id="c6821a12-ee41-6ba0-edc1-2372c591d4bf">
      <Css projectStructure="" iteration="" />
      <Owners>
        <Owner name="" />
      </Owners>
      <Execution id="89653bc8-4037-4442-b555-9e681efd7623" />
      <TestMethod codeBase="C:/depotCI/dev/ird/2009.2/Client/Interop/WSS.SPF.Interop.Test/bin/Release/WSS.SPF.Interop.Test.DLL" adapterTypeName="Microsoft.VisualStudio.TestTools.TestTypes.Unit.UnitTestAdapter, Microsoft.VisualStudio.QualityTools.Tips.UnitTest.Adapter" className="WallStreetSystems.StructuredProducts.Interop.Test.MiscTests, WSS.SPF.Interop.Test, Version=2009.1.0.0, Culture=neutral, PublicKeyToken=b5fd1a36512e1285" name="TestExportImportKeyAsXmlHuman" expectedException="System.Runtime.InteropServices.COMException, mscorlib, Version=2.0.0.0, Culture=neutral, PublicKeyToken=b77a5c561934e089" expectedExceptionMessage="Should not be able to import wseXMLHuman" />
    </UnitTest>
    <UnitTest name="TestPopulateFXCurve" storage="c:\depotci\dev\ird\2009.2\client\interop\wss.spf.interop.test\bin\release\wss.spf.interop.test.dll" id="6aedbc8d-bcff-d9fa-32ae-b1ee2c7519da">
      <Css projectStructure="" iteration="" />
      <Owners>
        <Owner name="" />
      </Owners>
      <Execution id="eb8d9402-dba6-4788-bc1c-c7e550e7446e" />
      <TestMethod codeBase="C:/depotCI/dev/ird/2009.2/Client/Interop/WSS.SPF.Interop.Test/bin/Release/WSS.SPF.Interop.Test.DLL" adapterTypeName="Microsoft.VisualStudio.TestTools.TestTypes.Unit.UnitTestAdapter, Microsoft.VisualStudio.QualityTools.Tips.UnitTest.Adapter" className="WallStreetSystems.StructuredProducts.Interop.Test.CurveTests, WSS.SPF.Interop.Test, Version=2009.1.0.0, Culture=neutral, PublicKeyToken=b5fd1a36512e1285" name="TestPopulateFXCurve" />
    </UnitTest>
    <UnitTest name="TestLoginLogoutTwoDifferentWays" storage="c:\depotci\dev\ird\2009.2\client\interop\wss.spf.interop.test\bin\release\wss.spf.interop.test.dll" id="ea106fc5-070b-f6bd-0cca-7e4d447c3780">
      <Css projectStructure="" iteration="" />
      <Owners>
        <Owner name="" />
      </Owners>
      <Execution id="0d79d013-139f-4a39-94e8-c9af537dea0a" />
      <TestMethod codeBase="C:/depotCI/dev/ird/2009.2/Client/Interop/WSS.SPF.Interop.Test/bin/Release/WSS.SPF.Interop.Test.DLL" adapterTypeName="Microsoft.VisualStudio.TestTools.TestTypes.Unit.UnitTestAdapter, Microsoft.VisualStudio.QualityTools.Tips.UnitTest.Adapter" className="WallStreetSystems.StructuredProducts.Interop.Test.SessionLoginLogoutTests, WSS.SPF.Interop.Test, Version=2009.1.0.0, Culture=neutral, PublicKeyToken=b5fd1a36512e1285" name="TestLoginLogoutTwoDifferentWays" />
    </UnitTest>
    <UnitTest name="TestTradeCopy" storage="c:\depotci\dev\ird\2009.2\client\interop\wss.spf.interop.test\bin\release\wss.spf.interop.test.dll" id="71668735-6ad8-f137-c03d-dfd905aabafe">
      <Css projectStructure="" iteration="" />
      <Owners>
        <Owner name="" />
      </Owners>
      <Execution id="1ea6adba-9030-4a12-841c-ca78722a955c" />
      <TestMethod codeBase="C:/depotCI/dev/ird/2009.2/Client/Interop/WSS.SPF.Interop.Test/bin/Release/WSS.SPF.Interop.Test.DLL" adapterTypeName="Microsoft.VisualStudio.TestTools.TestTypes.Unit.UnitTestAdapter, Microsoft.VisualStudio.QualityTools.Tips.UnitTest.Adapter" className="WallStreetSystems.StructuredProducts.Interop.Test.TradeTests, WSS.SPF.Interop.Test, Version=2009.1.0.0, Culture=neutral, PublicKeyToken=b5fd1a36512e1285" name="TestTradeCopy" />
    </UnitTest>
    <UnitTest name="TestCurveCalibrateSyncronizedFailErrorList" storage="c:\depotci\dev\ird\2009.2\client\interop\wss.spf.interop.test\bin\release\wss.spf.interop.test.dll" id="8c2a2b51-8406-45c4-08dd-03c10776e31d">
      <Css projectStructure="" iteration="" />
      <Owners>
        <Owner name="" />
      </Owners>
      <Execution id="fce3c5e3-7e04-4f17-99dc-cca92e149932" />
      <TestMethod codeBase="C:/depotCI/dev/ird/2009.2/Client/Interop/WSS.SPF.Interop.Test/bin/Release/WSS.SPF.Interop.Test.DLL" adapterTypeName="Microsoft.VisualStudio.TestTools.TestTypes.Unit.UnitTestAdapter, Microsoft.VisualStudio.QualityTools.Tips.UnitTest.Adapter" className="WallStreetSystems.StructuredProducts.Interop.Test.CurveTests, WSS.SPF.Interop.Test, Version=2009.1.0.0, Culture=neutral, PublicKeyToken=b5fd1a36512e1285" name="TestCurveCalibrateSyncronizedFailErrorList" />
    </UnitTest>
    <UnitTest name="TestBuildSwapRates" storage="c:\depotci\dev\ird\2009.2\client\interop\wss.spf.interop.test\bin\release\wss.spf.interop.test.dll" id="6ba4415e-f717-334b-d978-6e75ab02876f">
      <Css projectStructure="" iteration="" />
      <Owners>
        <Owner name="" />
      </Owners>
      <Execution id="8b69824a-6c6c-4b6a-b12b-26ea9aa8e2e3" />
      <TestMethod codeBase="C:/depotCI/dev/ird/2009.2/Client/Interop/WSS.SPF.Interop.Test/bin/Release/WSS.SPF.Interop.Test.DLL" adapterTypeName="Microsoft.VisualStudio.TestTools.TestTypes.Unit.UnitTestAdapter, Microsoft.VisualStudio.QualityTools.Tips.UnitTest.Adapter" className="WallStreetSystems.StructuredProducts.Interop.Test.CurveTests, WSS.SPF.Interop.Test, Version=2009.1.0.0, Culture=neutral, PublicKeyToken=b5fd1a36512e1285" name="TestBuildSwapRates" />
    </UnitTest>
    <UnitTest name="TestWsOfficialCrvIndicator" storage="c:\depotci\dev\ird\2009.2\client\interop\wss.spf.interop.test\bin\release\wss.spf.interop.test.dll" id="f32e9c19-92ce-7fa0-b367-2fa5f755ea5b">
      <Css projectStructure="" iteration="" />
      <Owners>
        <Owner name="" />
      </Owners>
      <Execution id="13a5b81b-0ddf-4b08-ae89-dab5156425e7" />
      <TestMethod codeBase="C:/depotCI/dev/ird/2009.2/Client/Interop/WSS.SPF.Interop.Test/bin/Release/WSS.SPF.Interop.Test.DLL" adapterTypeName="Microsoft.VisualStudio.TestTools.TestTypes.Unit.UnitTestAdapter, Microsoft.VisualStudio.QualityTools.Tips.UnitTest.Adapter" className="WallStreetSystems.StructuredProducts.Interop.Test.CurveTests, WSS.SPF.Interop.Test, Version=2009.1.0.0, Culture=neutral, PublicKeyToken=b5fd1a36512e1285" name="TestWsOfficialCrvIndicator" />
    </UnitTest>
    <UnitTest name="TestTradeMigrationReport" storage="c:\depotci\dev\ird\2009.2\client\interop\wss.spf.interop.test\bin\release\wss.spf.interop.test.dll" id="9d0abc3e-9149-8954-0776-1340096ca0c2">
      <Css projectStructure="" iteration="" />
      <Owners>
        <Owner name="" />
      </Owners>
      <Execution id="9c786dc4-087c-45a5-b83c-3bc55774fa68" />
      <TestMethod codeBase="C:/depotCI/dev/ird/2009.2/Client/Interop/WSS.SPF.Interop.Test/bin/Release/WSS.SPF.Interop.Test.DLL" adapterTypeName="Microsoft.VisualStudio.TestTools.TestTypes.Unit.UnitTestAdapter, Microsoft.VisualStudio.QualityTools.Tips.UnitTest.Adapter" className="WallStreetSystems.StructuredProducts.Interop.Test.ReportTests, WSS.SPF.Interop.Test, Version=2009.1.0.0, Culture=neutral, PublicKeyToken=b5fd1a36512e1285" name="TestTradeMigrationReport" />
    </UnitTest>
    <UnitTest name="TestSaveCurve3TimesNotCurrentUserAndRetrieve" storage="c:\depotci\dev\ird\2009.2\client\interop\wss.spf.interop.test\bin\release\wss.spf.interop.test.dll" id="f965ea00-b81a-4d39-68a2-43d1d666efb6">
      <Css projectStructure="" iteration="" />
      <Owners>
        <Owner name="" />
      </Owners>
      <Execution id="87345375-15e6-4e84-9946-a42b3ecf83c9" />
      <TestMethod codeBase="C:/depotCI/dev/ird/2009.2/Client/Interop/WSS.SPF.Interop.Test/bin/Release/WSS.SPF.Interop.Test.DLL" adapterTypeName="Microsoft.VisualStudio.TestTools.TestTypes.Unit.UnitTestAdapter, Microsoft.VisualStudio.QualityTools.Tips.UnitTest.Adapter" className="WallStreetSystems.StructuredProducts.Interop.Test.MarketCurveDescriptionTests, WSS.SPF.Interop.Test, Version=2009.1.0.0, Culture=neutral, PublicKeyToken=b5fd1a36512e1285" name="TestSaveCurve3TimesNotCurrentUserAndRetrieve" />
    </UnitTest>
    <UnitTest name="TestTreeModeTREE_NODES_LEAFS_ONLY" storage="c:\depotci\dev\ird\2009.2\client\interop\wss.spf.interop.test\bin\release\wss.spf.interop.test.dll" id="f750ba6b-fb10-030c-8df0-9d92cc6282bd">
      <Css projectStructure="" iteration="" />
      <Owners>
        <Owner name="" />
      </Owners>
      <Execution id="06456de1-e65c-46b1-a714-4f9109a12f4c" />
      <TestMethod codeBase="C:/depotCI/dev/ird/2009.2/Client/Interop/WSS.SPF.Interop.Test/bin/Release/WSS.SPF.Interop.Test.DLL" adapterTypeName="Microsoft.VisualStudio.TestTools.TestTypes.Unit.UnitTestAdapter, Microsoft.VisualStudio.QualityTools.Tips.UnitTest.Adapter" className="WallStreetSystems.StructuredProducts.Interop.Test.LocalTreeTests, WSS.SPF.Interop.Test, Version=2009.1.0.0, Culture=neutral, PublicKeyToken=b5fd1a36512e1285" name="TestTreeModeTREE_NODES_LEAFS_ONLY" />
    </UnitTest>
    <UnitTest name="TestConvertMktCrvFromServerToClient" storage="c:\depotci\dev\ird\2009.2\client\interop\wss.spf.interop.test\bin\release\wss.spf.interop.test.dll" id="a93cb279-18bb-da5b-9ecc-1f220436270d">
      <Css projectStructure="" iteration="" />
      <Owners>
        <Owner name="" />
      </Owners>
      <Execution id="ced30792-cb2a-4904-bee4-f599dfb6f26b" />
      <TestMethod codeBase="C:/depotCI/dev/ird/2009.2/Client/Interop/WSS.SPF.Interop.Test/bin/Release/WSS.SPF.Interop.Test.DLL" adapterTypeName="Microsoft.VisualStudio.TestTools.TestTypes.Unit.UnitTestAdapter, Microsoft.VisualStudio.QualityTools.Tips.UnitTest.Adapter" className="WallStreetSystems.StructuredProducts.Interop.Test.CurveTests, WSS.SPF.Interop.Test, Version=2009.1.0.0, Culture=neutral, PublicKeyToken=b5fd1a36512e1285" name="TestConvertMktCrvFromServerToClient" />
    </UnitTest>
    <UnitTest name="TestDisable" storage="c:\depotci\dev\ird\2009.2\client\interop\wss.spf.interop.test\bin\release\wss.spf.interop.test.dll" id="0f2b777f-5607-5bdb-2ef0-5bf30505234d">
      <Css projectStructure="" iteration="" />
      <Owners>
        <Owner name="" />
      </Owners>
      <Execution id="f499fad7-21ae-4675-b458-6f9a9412d833" />
      <TestMethod codeBase="C:/depotCI/dev/ird/2009.2/Client/Interop/WSS.SPF.Interop.Test/bin/Release/WSS.SPF.Interop.Test.DLL" adapterTypeName="Microsoft.VisualStudio.TestTools.TestTypes.Unit.UnitTestAdapter, Microsoft.VisualStudio.QualityTools.Tips.UnitTest.Adapter" className="WallStreetSystems.StructuredProducts.Interop.Test.UserProfileTests, WSS.SPF.Interop.Test, Version=2009.1.0.0, Culture=neutral, PublicKeyToken=b5fd1a36512e1285" name="TestDisable" />
    </UnitTest>
    <UnitTest name="TestRetrieveCounterPartyBykey" storage="c:\depotci\dev\ird\2009.2\client\interop\wss.spf.interop.test\bin\release\wss.spf.interop.test.dll" id="9da1ea8b-38af-3b36-32b5-8ff13d57941f">
      <Css projectStructure="" iteration="" />
      <Owners>
        <Owner name="" />
      </Owners>
      <Execution id="1fdd9531-1777-4111-b071-619f34bc508b" />
      <TestMethod codeBase="C:/depotCI/dev/ird/2009.2/Client/Interop/WSS.SPF.Interop.Test/bin/Release/WSS.SPF.Interop.Test.DLL" adapterTypeName="Microsoft.VisualStudio.TestTools.TestTypes.Unit.UnitTestAdapter, Microsoft.VisualStudio.QualityTools.Tips.UnitTest.Adapter" className="WallStreetSystems.StructuredProducts.Interop.Test.CounterPartiesTests, WSS.SPF.Interop.Test, Version=2009.1.0.0, Culture=neutral, PublicKeyToken=b5fd1a36512e1285" name="TestRetrieveCounterPartyBykey" />
    </UnitTest>
    <UnitTest name="TestMarketCurveCalibrateBDT" storage="c:\depotci\dev\ird\2009.2\client\interop\wss.spf.interop.test\bin\release\wss.spf.interop.test.dll" id="5e8e71f4-1a98-c160-64ac-72540d1bfbfb">
      <Css projectStructure="" iteration="" />
      <Owners>
        <Owner name="" />
      </Owners>
      <Execution id="64b37089-c679-49dc-ae40-d87f7c9fe5cb" />
      <TestMethod codeBase="C:/depotCI/dev/ird/2009.2/Client/Interop/WSS.SPF.Interop.Test/bin/Release/WSS.SPF.Interop.Test.DLL" adapterTypeName="Microsoft.VisualStudio.TestTools.TestTypes.Unit.UnitTestAdapter, Microsoft.VisualStudio.QualityTools.Tips.UnitTest.Adapter" className="WallStreetSystems.StructuredProducts.Interop.Test.CurveTests, WSS.SPF.Interop.Test, Version=2009.1.0.0, Culture=neutral, PublicKeyToken=b5fd1a36512e1285" name="TestMarketCurveCalibrateBDT" />
    </UnitTest>
    <UnitTest name="TestRetrieveCurve" storage="c:\depotci\dev\ird\2009.2\client\interop\wss.spf.interop.test\bin\release\wss.spf.interop.test.dll" id="e3304f8a-5cf1-6e50-d466-fcc13854332c">
      <Css projectStructure="" iteration="" />
      <Owners>
        <Owner name="" />
      </Owners>
      <Execution id="32095b57-832b-464a-b529-0114f4c8da23" />
      <TestMethod codeBase="C:/depotCI/dev/ird/2009.2/Client/Interop/WSS.SPF.Interop.Test/bin/Release/WSS.SPF.Interop.Test.DLL" adapterTypeName="Microsoft.VisualStudio.TestTools.TestTypes.Unit.UnitTestAdapter, Microsoft.VisualStudio.QualityTools.Tips.UnitTest.Adapter" className="WallStreetSystems.StructuredProducts.Interop.Test.CurveTests, WSS.SPF.Interop.Test, Version=2009.1.0.0, Culture=neutral, PublicKeyToken=b5fd1a36512e1285" name="TestRetrieveCurve" />
    </UnitTest>
    <UnitTest name="TestReportDescriptionRetrieve" storage="c:\depotci\dev\ird\2009.2\client\interop\wss.spf.interop.test\bin\release\wss.spf.interop.test.dll" id="4f73a80a-086d-0d90-14cb-dd7b08e9ad40">
      <Css projectStructure="" iteration="" />
      <Owners>
        <Owner name="" />
      </Owners>
      <Execution id="355fc8d4-ac45-4c7d-8d20-bdcbcca313d0" />
      <TestMethod codeBase="C:/depotCI/dev/ird/2009.2/Client/Interop/WSS.SPF.Interop.Test/bin/Release/WSS.SPF.Interop.Test.DLL" adapterTypeName="Microsoft.VisualStudio.TestTools.TestTypes.Unit.UnitTestAdapter, Microsoft.VisualStudio.QualityTools.Tips.UnitTest.Adapter" className="WallStreetSystems.StructuredProducts.Interop.Test.ReportTests, WSS.SPF.Interop.Test, Version=2009.1.0.0, Culture=neutral, PublicKeyToken=b5fd1a36512e1285" name="TestReportDescriptionRetrieve" />
    </UnitTest>
    <UnitTest name="TestCreateBadKeyKey" storage="c:\depotci\dev\ird\2009.2\client\interop\wss.spf.interop.test\bin\release\wss.spf.interop.test.dll" id="f99a4e13-b14b-0594-05d3-53bf0a9e4ec0">
      <Css projectStructure="" iteration="" />
      <Owners>
        <Owner name="" />
      </Owners>
      <Execution id="ca0a8aa0-0e7c-4248-83b2-dcafc1fbc5e3" />
      <TestMethod codeBase="C:/depotCI/dev/ird/2009.2/Client/Interop/WSS.SPF.Interop.Test/bin/Release/WSS.SPF.Interop.Test.DLL" adapterTypeName="Microsoft.VisualStudio.TestTools.TestTypes.Unit.UnitTestAdapter, Microsoft.VisualStudio.QualityTools.Tips.UnitTest.Adapter" className="WallStreetSystems.StructuredProducts.Interop.Test.MiscTests, WSS.SPF.Interop.Test, Version=2009.1.0.0, Culture=neutral, PublicKeyToken=b5fd1a36512e1285" name="TestCreateBadKeyKey" expectedException="System.Runtime.InteropServices.COMException, mscorlib, Version=2.0.0.0, Culture=neutral, PublicKeyToken=b77a5c561934e089" expectedExceptionMessage="Should not be able to create a MultisystemKey with a key longer than 48 characters" />
    </UnitTest>
    <UnitTest name="TestCreateDefaultKey" storage="c:\depotci\dev\ird\2009.2\client\interop\wss.spf.interop.test\bin\release\wss.spf.interop.test.dll" id="b3ace8d7-a5d8-9224-f67f-25c850710d80">
      <Css projectStructure="" iteration="" />
      <Owners>
        <Owner name="" />
      </Owners>
      <Execution id="598d3516-1db4-489e-86d4-fad0da6b17a2" />
      <TestMethod codeBase="C:/depotCI/dev/ird/2009.2/Client/Interop/WSS.SPF.Interop.Test/bin/Release/WSS.SPF.Interop.Test.DLL" adapterTypeName="Microsoft.VisualStudio.TestTools.TestTypes.Unit.UnitTestAdapter, Microsoft.VisualStudio.QualityTools.Tips.UnitTest.Adapter" className="WallStreetSystems.StructuredProducts.Interop.Test.MiscTests, WSS.SPF.Interop.Test, Version=2009.1.0.0, Culture=neutral, PublicKeyToken=b5fd1a36512e1285" name="TestCreateDefaultKey" />
    </UnitTest>
    <UnitTest name="TestFXCurveSpotPointDown" storage="c:\depotci\dev\ird\2009.2\client\interop\wss.spf.interop.test\bin\release\wss.spf.interop.test.dll" id="f5e8750a-cf2f-25e3-fc1a-cdce4fea6325">
      <Css projectStructure="" iteration="" />
      <Owners>
        <Owner name="" />
      </Owners>
      <Execution id="2e0ba41e-0862-4c8a-93a0-134705755017" />
      <TestMethod codeBase="C:/depotCI/dev/ird/2009.2/Client/Interop/WSS.SPF.Interop.Test/bin/Release/WSS.SPF.Interop.Test.DLL" adapterTypeName="Microsoft.VisualStudio.TestTools.TestTypes.Unit.UnitTestAdapter, Microsoft.VisualStudio.QualityTools.Tips.UnitTest.Adapter" className="WallStreetSystems.StructuredProducts.Interop.Test.MarketCurveUpdateTests, WSS.SPF.Interop.Test, Version=2009.1.0.0, Culture=neutral, PublicKeyToken=b5fd1a36512e1285" name="TestFXCurveSpotPointDown" />
    </UnitTest>
    <UnitTest name="TestSwaptionVolPointDown" storage="c:\depotci\dev\ird\2009.2\client\interop\wss.spf.interop.test\bin\release\wss.spf.interop.test.dll" id="5f0ba139-4c37-91f8-b565-6c8c6b1c4c21">
      <Css projectStructure="" iteration="" />
      <Owners>
        <Owner name="" />
      </Owners>
      <Execution id="857efa29-7b07-4abe-88bf-075bc4ccfca0" />
      <TestMethod codeBase="C:/depotCI/dev/ird/2009.2/Client/Interop/WSS.SPF.Interop.Test/bin/Release/WSS.SPF.Interop.Test.DLL" adapterTypeName="Microsoft.VisualStudio.TestTools.TestTypes.Unit.UnitTestAdapter, Microsoft.VisualStudio.QualityTools.Tips.UnitTest.Adapter" className="WallStreetSystems.StructuredProducts.Interop.Test.MarketCurveUpdateTests, WSS.SPF.Interop.Test, Version=2009.1.0.0, Culture=neutral, PublicKeyToken=b5fd1a36512e1285" name="TestSwaptionVolPointDown" />
    </UnitTest>
    <UnitTest name="TestIndexVolPointNoChange" storage="c:\depotci\dev\ird\2009.2\client\interop\wss.spf.interop.test\bin\release\wss.spf.interop.test.dll" id="ed53f19c-5974-892a-0daa-7d186682198c">
      <Css projectStructure="" iteration="" />
      <Owners>
        <Owner name="" />
      </Owners>
      <Execution id="2114a117-9d5e-46e2-b795-9419e9f8e73d" />
      <TestMethod codeBase="C:/depotCI/dev/ird/2009.2/Client/Interop/WSS.SPF.Interop.Test/bin/Release/WSS.SPF.Interop.Test.DLL" adapterTypeName="Microsoft.VisualStudio.TestTools.TestTypes.Unit.UnitTestAdapter, Microsoft.VisualStudio.QualityTools.Tips.UnitTest.Adapter" className="WallStreetSystems.StructuredProducts.Interop.Test.MarketCurveUpdateTests, WSS.SPF.Interop.Test, Version=2009.1.0.0, Culture=neutral, PublicKeyToken=b5fd1a36512e1285" name="TestIndexVolPointNoChange" />
    </UnitTest>
    <UnitTest name="TestRateSetInquiryReportID" storage="c:\depotci\dev\ird\2009.2\client\interop\wss.spf.interop.test\bin\release\wss.spf.interop.test.dll" id="e0b72d5d-6a99-a9f6-e520-f06091d91167">
      <Css projectStructure="" iteration="" />
      <Owners>
        <Owner name="" />
      </Owners>
      <Execution id="316087b4-7c58-4984-b346-ea7e8bd76968" />
      <TestMethod codeBase="C:/depotCI/dev/ird/2009.2/Client/Interop/WSS.SPF.Interop.Test/bin/Release/WSS.SPF.Interop.Test.DLL" adapterTypeName="Microsoft.VisualStudio.TestTools.TestTypes.Unit.UnitTestAdapter, Microsoft.VisualStudio.QualityTools.Tips.UnitTest.Adapter" className="WallStreetSystems.StructuredProducts.Interop.Test.ReportTests, WSS.SPF.Interop.Test, Version=2009.1.0.0, Culture=neutral, PublicKeyToken=b5fd1a36512e1285" name="TestRateSetInquiryReportID" />
    </UnitTest>
    <UnitTest name="TestUserKeyEmptyCopy" storage="c:\depotci\dev\ird\2009.2\client\interop\wss.spf.interop.test\bin\release\wss.spf.interop.test.dll" id="d6dd514f-155f-f856-f12f-18bb6b30e463">
      <Css projectStructure="" iteration="" />
      <Owners>
        <Owner name="" />
      </Owners>
      <Execution id="6f9b55c9-9f34-4516-9d5b-8d0d45f20fa0" />
      <TestMethod codeBase="C:/depotCI/dev/ird/2009.2/Client/Interop/WSS.SPF.Interop.Test/bin/Release/WSS.SPF.Interop.Test.DLL" adapterTypeName="Microsoft.VisualStudio.TestTools.TestTypes.Unit.UnitTestAdapter, Microsoft.VisualStudio.QualityTools.Tips.UnitTest.Adapter" className="WallStreetSystems.StructuredProducts.Interop.Test.MiscTests, WSS.SPF.Interop.Test, Version=2009.1.0.0, Culture=neutral, PublicKeyToken=b5fd1a36512e1285" name="TestUserKeyEmptyCopy" />
    </UnitTest>
    <UnitTest name="TestEODUpdate" storage="c:\depotci\dev\ird\2009.2\client\interop\wss.spf.interop.test\bin\release\wss.spf.interop.test.dll" id="a3889c5a-1a7e-8af5-acc0-bffdf04286de">
      <Css projectStructure="" iteration="" />
      <Owners>
        <Owner name="" />
      </Owners>
      <Execution id="0d75616d-30ea-4575-8c24-d1c9c2ef1434" />
      <TestMethod codeBase="C:/depotCI/dev/ird/2009.2/Client/Interop/WSS.SPF.Interop.Test/bin/Release/WSS.SPF.Interop.Test.DLL" adapterTypeName="Microsoft.VisualStudio.TestTools.TestTypes.Unit.UnitTestAdapter, Microsoft.VisualStudio.QualityTools.Tips.UnitTest.Adapter" className="WallStreetSystems.StructuredProducts.Interop.Test.ReportTests, WSS.SPF.Interop.Test, Version=2009.1.0.0, Culture=neutral, PublicKeyToken=b5fd1a36512e1285" name="TestEODUpdate" />
    </UnitTest>
    <UnitTest name="TestUserKeyAsExpression" storage="c:\depotci\dev\ird\2009.2\client\interop\wss.spf.interop.test\bin\release\wss.spf.interop.test.dll" id="7b20592b-7c4e-152b-d6fc-9e1fc2b6c149">
      <Css projectStructure="" iteration="" />
      <Owners>
        <Owner name="" />
      </Owners>
      <Execution id="b3eb2e57-db8d-40e8-86cf-559ba62fbbef" />
      <TestMethod codeBase="C:/depotCI/dev/ird/2009.2/Client/Interop/WSS.SPF.Interop.Test/bin/Release/WSS.SPF.Interop.Test.DLL" adapterTypeName="Microsoft.VisualStudio.TestTools.TestTypes.Unit.UnitTestAdapter, Microsoft.VisualStudio.QualityTools.Tips.UnitTest.Adapter" className="WallStreetSystems.StructuredProducts.Interop.Test.MiscTests, WSS.SPF.Interop.Test, Version=2009.1.0.0, Culture=neutral, PublicKeyToken=b5fd1a36512e1285" name="TestUserKeyAsExpression" />
    </UnitTest>
    <UnitTest name="TestBuildTSY_SPREADS" storage="c:\depotci\dev\ird\2009.2\client\interop\wss.spf.interop.test\bin\release\wss.spf.interop.test.dll" id="ba7e1300-b020-55c9-23d1-a0cad5a65e94">
      <Css projectStructure="" iteration="" />
      <Owners>
        <Owner name="" />
      </Owners>
      <Execution id="231d7948-f7b7-4008-b3ed-4d7d861110a2" />
      <TestMethod codeBase="C:/depotCI/dev/ird/2009.2/Client/Interop/WSS.SPF.Interop.Test/bin/Release/WSS.SPF.Interop.Test.DLL" adapterTypeName="Microsoft.VisualStudio.TestTools.TestTypes.Unit.UnitTestAdapter, Microsoft.VisualStudio.QualityTools.Tips.UnitTest.Adapter" className="WallStreetSystems.StructuredProducts.Interop.Test.CurveTests, WSS.SPF.Interop.Test, Version=2009.1.0.0, Culture=neutral, PublicKeyToken=b5fd1a36512e1285" name="TestBuildTSY_SPREADS" />
    </UnitTest>
    <UnitTest name="TestGetLiveRatesUtils" storage="c:\depotci\dev\ird\2009.2\client\interop\wss.spf.interop.test\bin\release\wss.spf.interop.test.dll" id="32a2e6e0-bdc0-ce16-29f8-6e23a925575e">
      <Css projectStructure="" iteration="" />
      <Owners>
        <Owner name="" />
      </Owners>
      <Execution id="5f25f258-d7b4-4234-8c9a-0796c48f3d6d" />
      <TestMethod codeBase="C:/depotCI/dev/ird/2009.2/Client/Interop/WSS.SPF.Interop.Test/bin/Release/WSS.SPF.Interop.Test.DLL" adapterTypeName="Microsoft.VisualStudio.TestTools.TestTypes.Unit.UnitTestAdapter, Microsoft.VisualStudio.QualityTools.Tips.UnitTest.Adapter" className="WallStreetSystems.StructuredProducts.Interop.Test.CurveTests, WSS.SPF.Interop.Test, Version=2009.1.0.0, Culture=neutral, PublicKeyToken=b5fd1a36512e1285" name="TestGetLiveRatesUtils" />
    </UnitTest>
    <UnitTest name="TestPakcageFindItem" storage="c:\depotci\dev\ird\2009.2\client\interop\wss.spf.interop.test\bin\release\wss.spf.interop.test.dll" id="1ee1e1e7-ff7a-b7dc-3ad3-ac662f3b48ac">
      <Css projectStructure="" iteration="" />
      <Owners>
        <Owner name="" />
      </Owners>
      <Execution id="974511d6-96b8-4851-8d3d-9a1994c11e82" />
      <TestMethod codeBase="C:/depotCI/dev/ird/2009.2/Client/Interop/WSS.SPF.Interop.Test/bin/Release/WSS.SPF.Interop.Test.DLL" adapterTypeName="Microsoft.VisualStudio.TestTools.TestTypes.Unit.UnitTestAdapter, Microsoft.VisualStudio.QualityTools.Tips.UnitTest.Adapter" className="WallStreetSystems.StructuredProducts.Interop.Test.TradePackagesTests, WSS.SPF.Interop.Test, Version=2009.1.0.0, Culture=neutral, PublicKeyToken=b5fd1a36512e1285" name="TestPakcageFindItem" />
    </UnitTest>
    <UnitTest name="TestLocalBuildDfNewMarket" storage="c:\depotci\dev\ird\2009.2\client\interop\wss.spf.interop.test\bin\release\wss.spf.interop.test.dll" id="9b9530e1-06b6-bed1-2bd5-19dc521c4d5a">
      <Css projectStructure="" iteration="" />
      <Owners>
        <Owner name="" />
      </Owners>
      <Execution id="ff6e2b92-c317-4a39-9c89-10d6c9be618f" />
      <TestMethod codeBase="C:/depotCI/dev/ird/2009.2/Client/Interop/WSS.SPF.Interop.Test/bin/Release/WSS.SPF.Interop.Test.DLL" adapterTypeName="Microsoft.VisualStudio.TestTools.TestTypes.Unit.UnitTestAdapter, Microsoft.VisualStudio.QualityTools.Tips.UnitTest.Adapter" className="WallStreetSystems.StructuredProducts.Interop.Test.CurveTests, WSS.SPF.Interop.Test, Version=2009.1.0.0, Culture=neutral, PublicKeyToken=b5fd1a36512e1285" name="TestLocalBuildDfNewMarket" />
    </UnitTest>
    <UnitTest name="TestSwptnVolTenorAdd" storage="c:\depotci\dev\ird\2009.2\client\interop\wss.spf.interop.test\bin\release\wss.spf.interop.test.dll" id="2a8a5e6e-cb9d-6b1e-d331-3b8cdfa5cc47">
      <Css projectStructure="" iteration="" />
      <Owners>
        <Owner name="" />
      </Owners>
      <Execution id="552eb711-4c98-461b-b96c-13b7a4f3f290" />
      <TestMethod codeBase="C:/depotCI/dev/ird/2009.2/Client/Interop/WSS.SPF.Interop.Test/bin/Release/WSS.SPF.Interop.Test.DLL" adapterTypeName="Microsoft.VisualStudio.TestTools.TestTypes.Unit.UnitTestAdapter, Microsoft.VisualStudio.QualityTools.Tips.UnitTest.Adapter" className="WallStreetSystems.StructuredProducts.Interop.Test.CurveTests, WSS.SPF.Interop.Test, Version=2009.1.0.0, Culture=neutral, PublicKeyToken=b5fd1a36512e1285" name="TestSwptnVolTenorAdd" />
    </UnitTest>
    <UnitTest name="TestWarehouseBuildDfNewMarket" storage="c:\depotci\dev\ird\2009.2\client\interop\wss.spf.interop.test\bin\release\wss.spf.interop.test.dll" id="867592b3-7190-5538-fa8a-40edc6aeb2ae">
      <Css projectStructure="" iteration="" />
      <Owners>
        <Owner name="" />
      </Owners>
      <Execution id="16398fac-f2dd-4974-b6f5-5c7b880a5dff" />
      <TestMethod codeBase="C:/depotCI/dev/ird/2009.2/Client/Interop/WSS.SPF.Interop.Test/bin/Release/WSS.SPF.Interop.Test.DLL" adapterTypeName="Microsoft.VisualStudio.TestTools.TestTypes.Unit.UnitTestAdapter, Microsoft.VisualStudio.QualityTools.Tips.UnitTest.Adapter" className="WallStreetSystems.StructuredProducts.Interop.Test.CurveTests, WSS.SPF.Interop.Test, Version=2009.1.0.0, Culture=neutral, PublicKeyToken=b5fd1a36512e1285" name="TestWarehouseBuildDfNewMarket" />
    </UnitTest>
    <UnitTest name="TestPriceSwapTrade" storage="c:\depotci\dev\ird\2009.2\client\interop\wss.spf.interop.test\bin\release\wss.spf.interop.test.dll" id="f52261e5-4ecf-038a-1fb4-70ef98f178ea">
      <Css projectStructure="" iteration="" />
      <Owners>
        <Owner name="" />
      </Owners>
      <Execution id="d5bec80d-7f80-4538-a97c-ea55e4674a6d" />
      <TestMethod codeBase="C:/depotCI/dev/ird/2009.2/Client/Interop/WSS.SPF.Interop.Test/bin/Release/WSS.SPF.Interop.Test.DLL" adapterTypeName="Microsoft.VisualStudio.TestTools.TestTypes.Unit.UnitTestAdapter, Microsoft.VisualStudio.QualityTools.Tips.UnitTest.Adapter" className="WallStreetSystems.StructuredProducts.Interop.Test.TradeTests, WSS.SPF.Interop.Test, Version=2009.1.0.0, Culture=neutral, PublicKeyToken=b5fd1a36512e1285" name="TestPriceSwapTrade" />
    </UnitTest>
    <UnitTest name="TestTreeModeCombinationsPortfolioPackage" storage="c:\depotci\dev\ird\2009.2\client\interop\wss.spf.interop.test\bin\release\wss.spf.interop.test.dll" id="c28ec5b4-7219-93cc-71fc-b5f5e86de297">
      <Css projectStructure="" iteration="" />
      <Owners>
        <Owner name="" />
      </Owners>
      <Execution id="a3850023-2434-4ab6-860d-079b9a03beb6" />
      <TestMethod codeBase="C:/depotCI/dev/ird/2009.2/Client/Interop/WSS.SPF.Interop.Test/bin/Release/WSS.SPF.Interop.Test.DLL" adapterTypeName="Microsoft.VisualStudio.TestTools.TestTypes.Unit.UnitTestAdapter, Microsoft.VisualStudio.QualityTools.Tips.UnitTest.Adapter" className="WallStreetSystems.StructuredProducts.Interop.Test.LocalTreeTests, WSS.SPF.Interop.Test, Version=2009.1.0.0, Culture=neutral, PublicKeyToken=b5fd1a36512e1285" name="TestTreeModeCombinationsPortfolioPackage" expectedException="System.Runtime.InteropServices.COMException, mscorlib, Version=2.0.0.0, Culture=neutral, PublicKeyToken=b77a5c561934e089" expectedExceptionMessage="Two Mutually exclusive modes should generate an exception." />
    </UnitTest>
    <UnitTest name="TestCreateDefaultUserKey" storage="c:\depotci\dev\ird\2009.2\client\interop\wss.spf.interop.test\bin\release\wss.spf.interop.test.dll" id="7f4ca9ab-de19-88f7-be81-d313dbe7dacd">
      <Css projectStructure="" iteration="" />
      <Owners>
        <Owner name="" />
      </Owners>
      <Execution id="752ca198-6a7c-492c-a145-e5e0eeac0d4e" />
      <TestMethod codeBase="C:/depotCI/dev/ird/2009.2/Client/Interop/WSS.SPF.Interop.Test/bin/Release/WSS.SPF.Interop.Test.DLL" adapterTypeName="Microsoft.VisualStudio.TestTools.TestTypes.Unit.UnitTestAdapter, Microsoft.VisualStudio.QualityTools.Tips.UnitTest.Adapter" className="WallStreetSystems.StructuredProducts.Interop.Test.MiscTests, WSS.SPF.Interop.Test, Version=2009.1.0.0, Culture=neutral, PublicKeyToken=b5fd1a36512e1285" name="TestCreateDefaultUserKey" />
    </UnitTest>
    <UnitTest name="TestNegationCapVolTenorRemove" storage="c:\depotci\dev\ird\2009.2\client\interop\wss.spf.interop.test\bin\release\wss.spf.interop.test.dll" id="46cd5df9-2085-bec4-e632-ab961de6c391">
      <Css projectStructure="" iteration="" />
      <Owners>
        <Owner name="" />
      </Owners>
      <Execution id="91e96890-dd34-44e6-8f0f-218c8e36d861" />
      <TestMethod codeBase="C:/depotCI/dev/ird/2009.2/Client/Interop/WSS.SPF.Interop.Test/bin/Release/WSS.SPF.Interop.Test.DLL" adapterTypeName="Microsoft.VisualStudio.TestTools.TestTypes.Unit.UnitTestAdapter, Microsoft.VisualStudio.QualityTools.Tips.UnitTest.Adapter" className="WallStreetSystems.StructuredProducts.Interop.Test.CurveTests, WSS.SPF.Interop.Test, Version=2009.1.0.0, Culture=neutral, PublicKeyToken=b5fd1a36512e1285" name="TestNegationCapVolTenorRemove" expectedException="System.Runtime.InteropServices.COMException, mscorlib, Version=2.0.0.0, Culture=neutral, PublicKeyToken=b77a5c561934e089" expectedExceptionMessage="Should fail when no points to remove." />
    </UnitTest>
    <UnitTest name="TestSecurityAuditLogAddEditRemoveRateDescription" storage="c:\depotci\dev\ird\2009.2\client\interop\wss.spf.interop.test\bin\release\wss.spf.interop.test.dll" id="0c1442ad-ee92-9e53-468f-e6d0bd9c4d8f">
      <Css projectStructure="" iteration="" />
      <Owners>
        <Owner name="" />
      </Owners>
      <Execution id="5f9dd429-f5dc-4148-b1a8-c464bd32dfe3" />
      <TestMethod codeBase="C:/depotCI/dev/ird/2009.2/Client/Interop/WSS.SPF.Interop.Test/bin/Release/WSS.SPF.Interop.Test.DLL" adapterTypeName="Microsoft.VisualStudio.TestTools.TestTypes.Unit.UnitTestAdapter, Microsoft.VisualStudio.QualityTools.Tips.UnitTest.Adapter" className="WallStreetSystems.StructuredProducts.Interop.Test.SecurityLogTests, WSS.SPF.Interop.Test, Version=2009.1.0.0, Culture=neutral, PublicKeyToken=b5fd1a36512e1285" name="TestSecurityAuditLogAddEditRemoveRateDescription" />
    </UnitTest>
    <UnitTest name="TestClearUserKey" storage="c:\depotci\dev\ird\2009.2\client\interop\wss.spf.interop.test\bin\release\wss.spf.interop.test.dll" id="287340f1-3170-1ced-1e71-3974a9ec6499">
      <Css projectStructure="" iteration="" />
      <Owners>
        <Owner name="" />
      </Owners>
      <Execution id="8c17884d-568a-4e0a-832c-91a374ff835f" />
      <TestMethod codeBase="C:/depotCI/dev/ird/2009.2/Client/Interop/WSS.SPF.Interop.Test/bin/Release/WSS.SPF.Interop.Test.DLL" adapterTypeName="Microsoft.VisualStudio.TestTools.TestTypes.Unit.UnitTestAdapter, Microsoft.VisualStudio.QualityTools.Tips.UnitTest.Adapter" className="WallStreetSystems.StructuredProducts.Interop.Test.MiscTests, WSS.SPF.Interop.Test, Version=2009.1.0.0, Culture=neutral, PublicKeyToken=b5fd1a36512e1285" name="TestClearUserKey" />
    </UnitTest>
    <UnitTest name="TestKeyCopy" storage="c:\depotci\dev\ird\2009.2\client\interop\wss.spf.interop.test\bin\release\wss.spf.interop.test.dll" id="caa60006-5e50-ef74-1dee-3fa38a8e6e57">
      <Css projectStructure="" iteration="" />
      <Owners>
        <Owner name="" />
      </Owners>
      <Execution id="7256e944-5803-4238-a94e-242a26038afd" />
      <TestMethod codeBase="C:/depotCI/dev/ird/2009.2/Client/Interop/WSS.SPF.Interop.Test/bin/Release/WSS.SPF.Interop.Test.DLL" adapterTypeName="Microsoft.VisualStudio.TestTools.TestTypes.Unit.UnitTestAdapter, Microsoft.VisualStudio.QualityTools.Tips.UnitTest.Adapter" className="WallStreetSystems.StructuredProducts.Interop.Test.MiscTests, WSS.SPF.Interop.Test, Version=2009.1.0.0, Culture=neutral, PublicKeyToken=b5fd1a36512e1285" name="TestKeyCopy" />
    </UnitTest>
    <UnitTest name="ClearHolidayList" storage="c:\depotci\dev\ird\2009.2\client\interop\wss.spf.interop.test\bin\release\wss.spf.interop.test.dll" id="b98a8cb3-0219-942a-0809-c6c5c9c71d0c">
      <Css projectStructure="" iteration="" />
      <Owners>
        <Owner name="" />
      </Owners>
      <Execution id="51aca840-58ac-434d-b99a-796d15437c2b" />
      <TestMethod codeBase="C:/depotCI/dev/ird/2009.2/Client/Interop/WSS.SPF.Interop.Test/bin/Release/WSS.SPF.Interop.Test.DLL" adapterTypeName="Microsoft.VisualStudio.TestTools.TestTypes.Unit.UnitTestAdapter, Microsoft.VisualStudio.QualityTools.Tips.UnitTest.Adapter" className="WallStreetSystems.StructuredProducts.Interop.Test.HolidayTableTest, WSS.SPF.Interop.Test, Version=2009.1.0.0, Culture=neutral, PublicKeyToken=b5fd1a36512e1285" name="ClearHolidayList" />
    </UnitTest>
    <UnitTest name="TestTreeModeCombinationsTradeLegs" storage="c:\depotci\dev\ird\2009.2\client\interop\wss.spf.interop.test\bin\release\wss.spf.interop.test.dll" id="3f0b25c0-b51c-67bb-4c7e-71776ba0ebb1">
      <Css projectStructure="" iteration="" />
      <Owners>
        <Owner name="" />
      </Owners>
      <Execution id="44330388-5fbf-45b5-8879-34fd65fc09b7" />
      <TestMethod codeBase="C:/depotCI/dev/ird/2009.2/Client/Interop/WSS.SPF.Interop.Test/bin/Release/WSS.SPF.Interop.Test.DLL" adapterTypeName="Microsoft.VisualStudio.TestTools.TestTypes.Unit.UnitTestAdapter, Microsoft.VisualStudio.QualityTools.Tips.UnitTest.Adapter" className="WallStreetSystems.StructuredProducts.Interop.Test.LocalTreeTests, WSS.SPF.Interop.Test, Version=2009.1.0.0, Culture=neutral, PublicKeyToken=b5fd1a36512e1285" name="TestTreeModeCombinationsTradeLegs" expectedException="System.Runtime.InteropServices.COMException, mscorlib, Version=2.0.0.0, Culture=neutral, PublicKeyToken=b77a5c561934e089" expectedExceptionMessage="Two Mutually exclusive modes should generate an exception." />
    </UnitTest>
    <UnitTest name="TestFXMarketCurveName" storage="c:\depotci\dev\ird\2009.2\client\interop\wss.spf.interop.test\bin\release\wss.spf.interop.test.dll" id="64511086-635d-225b-5fbc-2ac736b7263d">
      <Css projectStructure="" iteration="" />
      <Owners>
        <Owner name="" />
      </Owners>
      <Execution id="43b25483-5d75-4efb-82f0-1440b0c19209" />
      <TestMethod codeBase="C:/depotCI/dev/ird/2009.2/Client/Interop/WSS.SPF.Interop.Test/bin/Release/WSS.SPF.Interop.Test.DLL" adapterTypeName="Microsoft.VisualStudio.TestTools.TestTypes.Unit.UnitTestAdapter, Microsoft.VisualStudio.QualityTools.Tips.UnitTest.Adapter" className="WallStreetSystems.StructuredProducts.Interop.Test.CurveTests, WSS.SPF.Interop.Test, Version=2009.1.0.0, Culture=neutral, PublicKeyToken=b5fd1a36512e1285" name="TestFXMarketCurveName" />
    </UnitTest>
    <UnitTest name="TestCounterPartiesEnable" storage="c:\depotci\dev\ird\2009.2\client\interop\wss.spf.interop.test\bin\release\wss.spf.interop.test.dll" id="d8f00c58-3977-b344-c6fc-61381c18cbc6">
      <Css projectStructure="" iteration="" />
      <Owners>
        <Owner name="" />
      </Owners>
      <Execution id="dd16b113-dd17-4ef3-aa15-1935ba033883" />
      <TestMethod codeBase="C:/depotCI/dev/ird/2009.2/Client/Interop/WSS.SPF.Interop.Test/bin/Release/WSS.SPF.Interop.Test.DLL" adapterTypeName="Microsoft.VisualStudio.TestTools.TestTypes.Unit.UnitTestAdapter, Microsoft.VisualStudio.QualityTools.Tips.UnitTest.Adapter" className="WallStreetSystems.StructuredProducts.Interop.Test.CounterPartiesTests, WSS.SPF.Interop.Test, Version=2009.1.0.0, Culture=neutral, PublicKeyToken=b5fd1a36512e1285" name="TestCounterPartiesEnable" />
    </UnitTest>
    <UnitTest name="TestSwptnVolVolPtsAdd" storage="c:\depotci\dev\ird\2009.2\client\interop\wss.spf.interop.test\bin\release\wss.spf.interop.test.dll" id="2ce81d07-b2ab-ce3c-8b61-39e938ee62aa">
      <Css projectStructure="" iteration="" />
      <Owners>
        <Owner name="" />
      </Owners>
      <Execution id="5579c88a-3f4f-47bf-9ce9-b83eaff9d56a" />
      <TestMethod codeBase="C:/depotCI/dev/ird/2009.2/Client/Interop/WSS.SPF.Interop.Test/bin/Release/WSS.SPF.Interop.Test.DLL" adapterTypeName="Microsoft.VisualStudio.TestTools.TestTypes.Unit.UnitTestAdapter, Microsoft.VisualStudio.QualityTools.Tips.UnitTest.Adapter" className="WallStreetSystems.StructuredProducts.Interop.Test.CurveTests, WSS.SPF.Interop.Test, Version=2009.1.0.0, Culture=neutral, PublicKeyToken=b5fd1a36512e1285" name="TestSwptnVolVolPtsAdd" />
    </UnitTest>
    <UnitTest name="TestCounterPartyKeyIsEmpty" storage="c:\depotci\dev\ird\2009.2\client\interop\wss.spf.interop.test\bin\release\wss.spf.interop.test.dll" id="eacfb587-1c20-2d2c-ea7e-6aec3895ddca">
      <Css projectStructure="" iteration="" />
      <Owners>
        <Owner name="" />
      </Owners>
      <Execution id="69143104-f3f9-437b-b812-f257b51da350" />
      <TestMethod codeBase="C:/depotCI/dev/ird/2009.2/Client/Interop/WSS.SPF.Interop.Test/bin/Release/WSS.SPF.Interop.Test.DLL" adapterTypeName="Microsoft.VisualStudio.TestTools.TestTypes.Unit.UnitTestAdapter, Microsoft.VisualStudio.QualityTools.Tips.UnitTest.Adapter" className="WallStreetSystems.StructuredProducts.Interop.Test.CounterPartiesTests, WSS.SPF.Interop.Test, Version=2009.1.0.0, Culture=neutral, PublicKeyToken=b5fd1a36512e1285" name="TestCounterPartyKeyIsEmpty" />
    </UnitTest>
    <UnitTest name="TestReadFromSecurityLog" storage="c:\depotci\dev\ird\2009.2\client\interop\wss.spf.interop.test\bin\release\wss.spf.interop.test.dll" id="480ab88e-1db6-420c-8477-ee0b7b72fee4">
      <Css projectStructure="" iteration="" />
      <Owners>
        <Owner name="" />
      </Owners>
      <Execution id="8d70390f-bc9f-4176-be4c-14ff3cd2c047" />
      <TestMethod codeBase="C:/depotCI/dev/ird/2009.2/Client/Interop/WSS.SPF.Interop.Test/bin/Release/WSS.SPF.Interop.Test.DLL" adapterTypeName="Microsoft.VisualStudio.TestTools.TestTypes.Unit.UnitTestAdapter, Microsoft.VisualStudio.QualityTools.Tips.UnitTest.Adapter" className="WallStreetSystems.StructuredProducts.Interop.Test.SecurityLogTests, WSS.SPF.Interop.Test, Version=2009.1.0.0, Culture=neutral, PublicKeyToken=b5fd1a36512e1285" name="TestReadFromSecurityLog" />
    </UnitTest>
    <UnitTest name="TestMarketCurveUpdate" storage="c:\depotci\dev\ird\2009.2\client\interop\wss.spf.interop.test\bin\release\wss.spf.interop.test.dll" id="1b8933ed-810d-f308-6b84-38ed8b5f487c">
      <Css projectStructure="" iteration="" />
      <Owners>
        <Owner name="" />
      </Owners>
      <Execution id="348dd7d3-d812-4223-9b22-87a5c9e7929e" />
      <TestMethod codeBase="C:/depotCI/dev/ird/2009.2/Client/Interop/WSS.SPF.Interop.Test/bin/Release/WSS.SPF.Interop.Test.DLL" adapterTypeName="Microsoft.VisualStudio.TestTools.TestTypes.Unit.UnitTestAdapter, Microsoft.VisualStudio.QualityTools.Tips.UnitTest.Adapter" className="WallStreetSystems.StructuredProducts.Interop.Test.CurveTests, WSS.SPF.Interop.Test, Version=2009.1.0.0, Culture=neutral, PublicKeyToken=b5fd1a36512e1285" name="TestMarketCurveUpdate" />
    </UnitTest>
    <UnitTest name="TestCurveStringToObject" storage="c:\depotci\dev\ird\2009.2\client\interop\wss.spf.interop.test\bin\release\wss.spf.interop.test.dll" id="96e10780-aa25-ffcd-a889-c180338875ff">
      <Css projectStructure="" iteration="" />
      <Owners>
        <Owner name="" />
      </Owners>
      <Execution id="1a454bdd-bd5c-415f-9cec-a715310ff26a" />
      <TestMethod codeBase="C:/depotCI/dev/ird/2009.2/Client/Interop/WSS.SPF.Interop.Test/bin/Release/WSS.SPF.Interop.Test.DLL" adapterTypeName="Microsoft.VisualStudio.TestTools.TestTypes.Unit.UnitTestAdapter, Microsoft.VisualStudio.QualityTools.Tips.UnitTest.Adapter" className="WallStreetSystems.StructuredProducts.Interop.Test.CurveTests, WSS.SPF.Interop.Test, Version=2009.1.0.0, Culture=neutral, PublicKeyToken=b5fd1a36512e1285" name="TestCurveStringToObject" />
    </UnitTest>
    <UnitTest name="TestTreeModeTREE_VIEW_CUSTOM" storage="c:\depotci\dev\ird\2009.2\client\interop\wss.spf.interop.test\bin\release\wss.spf.interop.test.dll" id="b0724cee-e1b9-5b03-c0ff-f8e7c2dc8787">
      <Css projectStructure="" iteration="" />
      <Owners>
        <Owner name="" />
      </Owners>
      <Execution id="2e24c18f-4704-45fd-aed5-0a966319411e" />
      <TestMethod codeBase="C:/depotCI/dev/ird/2009.2/Client/Interop/WSS.SPF.Interop.Test/bin/Release/WSS.SPF.Interop.Test.DLL" adapterTypeName="Microsoft.VisualStudio.TestTools.TestTypes.Unit.UnitTestAdapter, Microsoft.VisualStudio.QualityTools.Tips.UnitTest.Adapter" className="WallStreetSystems.StructuredProducts.Interop.Test.LocalTreeTests, WSS.SPF.Interop.Test, Version=2009.1.0.0, Culture=neutral, PublicKeyToken=b5fd1a36512e1285" name="TestTreeModeTREE_VIEW_CUSTOM" />
    </UnitTest>
    <UnitTest name="TestBuildMarketViaExistingCrvDefFromDB" storage="c:\depotci\dev\ird\2009.2\client\interop\wss.spf.interop.test\bin\release\wss.spf.interop.test.dll" id="cfff5d22-1add-5597-8e51-05a96e74427d">
      <Css projectStructure="" iteration="" />
      <Owners>
        <Owner name="" />
      </Owners>
      <Execution id="d46fe5af-446e-4183-a46b-88f82ee00f6b" />
      <TestMethod codeBase="C:/depotCI/dev/ird/2009.2/Client/Interop/WSS.SPF.Interop.Test/bin/Release/WSS.SPF.Interop.Test.DLL" adapterTypeName="Microsoft.VisualStudio.TestTools.TestTypes.Unit.UnitTestAdapter, Microsoft.VisualStudio.QualityTools.Tips.UnitTest.Adapter" className="WallStreetSystems.StructuredProducts.Interop.Test.MarketBuildNoClientTests, WSS.SPF.Interop.Test, Version=2009.1.0.0, Culture=neutral, PublicKeyToken=b5fd1a36512e1285" name="TestBuildMarketViaExistingCrvDefFromDB" />
    </UnitTest>
    <UnitTest name="TestMktCurveDescriptionTimestampsUpdateWSC_BUILD_CV_MS" storage="c:\depotci\dev\ird\2009.2\client\interop\wss.spf.interop.test\bin\release\wss.spf.interop.test.dll" id="118541f2-dcf0-b406-5e30-421a8470d14c">
      <Css projectStructure="" iteration="" />
      <Owners>
        <Owner name="" />
      </Owners>
      <Execution id="5a389aef-6599-43c4-ab55-9d5055e98734" />
      <TestMethod codeBase="C:/depotCI/dev/ird/2009.2/Client/Interop/WSS.SPF.Interop.Test/bin/Release/WSS.SPF.Interop.Test.DLL" adapterTypeName="Microsoft.VisualStudio.TestTools.TestTypes.Unit.UnitTestAdapter, Microsoft.VisualStudio.QualityTools.Tips.UnitTest.Adapter" className="WallStreetSystems.StructuredProducts.Interop.Test.CurveTests, WSS.SPF.Interop.Test, Version=2009.1.0.0, Culture=neutral, PublicKeyToken=b5fd1a36512e1285" name="TestMktCurveDescriptionTimestampsUpdateWSC_BUILD_CV_MS" />
    </UnitTest>
    <UnitTest name="TestGetFuturesContractBySymbol" storage="c:\depotci\dev\ird\2009.2\client\interop\wss.spf.interop.test\bin\release\wss.spf.interop.test.dll" id="301f9da2-2cc4-1b47-53e9-101d41dc01b5">
      <Css projectStructure="" iteration="" />
      <Owners>
        <Owner name="" />
      </Owners>
      <Execution id="ce1179de-357f-44a7-b38e-12ad5177c8b9" />
      <TestMethod codeBase="C:/depotCI/dev/ird/2009.2/Client/Interop/WSS.SPF.Interop.Test/bin/Release/WSS.SPF.Interop.Test.DLL" adapterTypeName="Microsoft.VisualStudio.TestTools.TestTypes.Unit.UnitTestAdapter, Microsoft.VisualStudio.QualityTools.Tips.UnitTest.Adapter" className="WallStreetSystems.StructuredProducts.Interop.Test.FuturesTests, WSS.SPF.Interop.Test, Version=2009.1.0.0, Culture=neutral, PublicKeyToken=b5fd1a36512e1285" name="TestGetFuturesContractBySymbol" />
    </UnitTest>
    <UnitTest name="TestGetCurrencyByName" storage="c:\depotci\dev\ird\2009.2\client\interop\wss.spf.interop.test\bin\release\wss.spf.interop.test.dll" id="cfce1750-f2b2-dda0-a550-21061ff7e48c">
      <Css projectStructure="" iteration="" />
      <Owners>
        <Owner name="" />
      </Owners>
      <Execution id="1c1354ba-7eee-4dda-83b6-2a7ec606e959" />
      <TestMethod codeBase="C:/depotCI/dev/ird/2009.2/Client/Interop/WSS.SPF.Interop.Test/bin/Release/WSS.SPF.Interop.Test.DLL" adapterTypeName="Microsoft.VisualStudio.TestTools.TestTypes.Unit.UnitTestAdapter, Microsoft.VisualStudio.QualityTools.Tips.UnitTest.Adapter" className="WallStreetSystems.StructuredProducts.Interop.Test.CurrencyTests, WSS.SPF.Interop.Test, Version=2009.1.0.0, Culture=neutral, PublicKeyToken=b5fd1a36512e1285" name="TestGetCurrencyByName" />
    </UnitTest>
    <UnitTest name="TestSelectFromWarehouseNotEq" storage="c:\depotci\dev\ird\2009.2\client\interop\wss.spf.interop.test\bin\release\wss.spf.interop.test.dll" id="d32ea693-e412-c0b0-00e5-622d9bc3354e">
      <Css projectStructure="" iteration="" />
      <Owners>
        <Owner name="" />
      </Owners>
      <Execution id="d269b8eb-c99c-469e-ac77-b075c777469b" />
      <TestMethod codeBase="C:/depotCI/dev/ird/2009.2/Client/Interop/WSS.SPF.Interop.Test/bin/Release/WSS.SPF.Interop.Test.DLL" adapterTypeName="Microsoft.VisualStudio.TestTools.TestTypes.Unit.UnitTestAdapter, Microsoft.VisualStudio.QualityTools.Tips.UnitTest.Adapter" className="WallStreetSystems.StructuredProducts.Interop.Test.CurveTests, WSS.SPF.Interop.Test, Version=2009.1.0.0, Culture=neutral, PublicKeyToken=b5fd1a36512e1285" name="TestSelectFromWarehouseNotEq" />
    </UnitTest>
    <UnitTest name="TestInvalidMarketCurveBaseDateBuild" storage="c:\depotci\dev\ird\2009.2\client\interop\wss.spf.interop.test\bin\release\wss.spf.interop.test.dll" id="a5136669-b7fa-e943-11fc-427eef1a383d">
      <Css projectStructure="" iteration="" />
      <Owners>
        <Owner name="" />
      </Owners>
      <Execution id="f9e2b57d-e93f-429f-b2b8-4cde33e36f79" />
      <TestMethod codeBase="C:/depotCI/dev/ird/2009.2/Client/Interop/WSS.SPF.Interop.Test/bin/Release/WSS.SPF.Interop.Test.DLL" adapterTypeName="Microsoft.VisualStudio.TestTools.TestTypes.Unit.UnitTestAdapter, Microsoft.VisualStudio.QualityTools.Tips.UnitTest.Adapter" className="WallStreetSystems.StructuredProducts.Interop.Test.CurveTests, WSS.SPF.Interop.Test, Version=2009.1.0.0, Culture=neutral, PublicKeyToken=b5fd1a36512e1285" name="TestInvalidMarketCurveBaseDateBuild" />
    </UnitTest>
    <UnitTest name="TestLoadReportWarehouseIntoHistorical" storage="c:\depotci\dev\ird\2009.2\client\interop\wss.spf.interop.test\bin\release\wss.spf.interop.test.dll" id="40067874-a18f-e703-396d-809049db9f80">
      <Css projectStructure="" iteration="" />
      <Owners>
        <Owner name="" />
      </Owners>
      <Execution id="478fc4a4-bb69-4eac-bb11-a209e825025b" />
      <TestMethod codeBase="C:/depotCI/dev/ird/2009.2/Client/Interop/WSS.SPF.Interop.Test/bin/Release/WSS.SPF.Interop.Test.DLL" adapterTypeName="Microsoft.VisualStudio.TestTools.TestTypes.Unit.UnitTestAdapter, Microsoft.VisualStudio.QualityTools.Tips.UnitTest.Adapter" className="WallStreetSystems.StructuredProducts.Interop.Test.ReportTests, WSS.SPF.Interop.Test, Version=2009.1.0.0, Culture=neutral, PublicKeyToken=b5fd1a36512e1285" name="TestLoadReportWarehouseIntoHistorical" />
    </UnitTest>
    <UnitTest name="TestMarketCurveBuildErrorListContent" storage="c:\depotci\dev\ird\2009.2\client\interop\wss.spf.interop.test\bin\release\wss.spf.interop.test.dll" id="ff1fe03d-da1e-4d24-a477-02a0c061195b">
      <Css projectStructure="" iteration="" />
      <Owners>
        <Owner name="" />
      </Owners>
      <Execution id="34d0cd54-bb62-41c7-9cdb-2422f07ca359" />
      <TestMethod codeBase="C:/depotCI/dev/ird/2009.2/Client/Interop/WSS.SPF.Interop.Test/bin/Release/WSS.SPF.Interop.Test.DLL" adapterTypeName="Microsoft.VisualStudio.TestTools.TestTypes.Unit.UnitTestAdapter, Microsoft.VisualStudio.QualityTools.Tips.UnitTest.Adapter" className="WallStreetSystems.StructuredProducts.Interop.Test.CurveTests, WSS.SPF.Interop.Test, Version=2009.1.0.0, Culture=neutral, PublicKeyToken=b5fd1a36512e1285" name="TestMarketCurveBuildErrorListContent" />
    </UnitTest>
    <UnitTest name="TestExpressionFailParse" storage="c:\depotci\dev\ird\2009.2\client\interop\wss.spf.interop.test\bin\release\wss.spf.interop.test.dll" id="d5243573-b00d-ad2b-6d6d-0d66551d120d">
      <Css projectStructure="" iteration="" />
      <Owners>
        <Owner name="" />
      </Owners>
      <Execution id="fe2f74ea-5c77-41ec-8908-7c7135705dee" />
      <TestMethod codeBase="C:/depotCI/dev/ird/2009.2/Client/Interop/WSS.SPF.Interop.Test/bin/Release/WSS.SPF.Interop.Test.DLL" adapterTypeName="Microsoft.VisualStudio.TestTools.TestTypes.Unit.UnitTestAdapter, Microsoft.VisualStudio.QualityTools.Tips.UnitTest.Adapter" className="WallStreetSystems.StructuredProducts.Interop.Test.ExpressionTests, WSS.SPF.Interop.Test, Version=2009.1.0.0, Culture=neutral, PublicKeyToken=b5fd1a36512e1285" name="TestExpressionFailParse" expectedException="System.Runtime.InteropServices.COMException, mscorlib, Version=2.0.0.0, Culture=neutral, PublicKeyToken=b77a5c561934e089" expectedExceptionMessage="Expecting parse to fail." />
    </UnitTest>
    <UnitTest name="TestTreeModeTREE_VIEW_INVENTORY_FOLDERS" storage="c:\depotci\dev\ird\2009.2\client\interop\wss.spf.interop.test\bin\release\wss.spf.interop.test.dll" id="613496d1-3794-bc07-4bc3-7e60df7ff68a">
      <Css projectStructure="" iteration="" />
      <Owners>
        <Owner name="" />
      </Owners>
      <Execution id="e11a498d-adbb-44ab-8f36-a67a3ac1425a" />
      <TestMethod codeBase="C:/depotCI/dev/ird/2009.2/Client/Interop/WSS.SPF.Interop.Test/bin/Release/WSS.SPF.Interop.Test.DLL" adapterTypeName="Microsoft.VisualStudio.TestTools.TestTypes.Unit.UnitTestAdapter, Microsoft.VisualStudio.QualityTools.Tips.UnitTest.Adapter" className="WallStreetSystems.StructuredProducts.Interop.Test.LocalTreeTests, WSS.SPF.Interop.Test, Version=2009.1.0.0, Culture=neutral, PublicKeyToken=b5fd1a36512e1285" name="TestTreeModeTREE_VIEW_INVENTORY_FOLDERS" />
    </UnitTest>
    <UnitTest name="TestDeleteCommodityIndexDescription" storage="c:\depotci\dev\ird\2009.2\client\interop\wss.spf.interop.test\bin\release\wss.spf.interop.test.dll" id="9010de42-ba0a-350e-0561-5da7f2294202">
      <Css projectStructure="" iteration="" />
      <Owners>
        <Owner name="" />
      </Owners>
      <Execution id="3815ce16-4c52-441c-9be7-91d0422cd9c2" />
      <TestMethod codeBase="C:/depotCI/dev/ird/2009.2/Client/Interop/WSS.SPF.Interop.Test/bin/Release/WSS.SPF.Interop.Test.DLL" adapterTypeName="Microsoft.VisualStudio.TestTools.TestTypes.Unit.UnitTestAdapter, Microsoft.VisualStudio.QualityTools.Tips.UnitTest.Adapter" className="WallStreetSystems.StructuredProducts.Interop.Test.CommodityIndexTests, WSS.SPF.Interop.Test, Version=2009.1.0.0, Culture=neutral, PublicKeyToken=b5fd1a36512e1285" name="TestDeleteCommodityIndexDescription" />
    </UnitTest>
    <UnitTest name="TestCreateAndStorePseudoCvMS" storage="c:\depotci\dev\ird\2009.2\client\interop\wss.spf.interop.test\bin\release\wss.spf.interop.test.dll" id="d74bcada-b84a-3408-3db4-5c36b08b5403">
      <Css projectStructure="" iteration="" />
      <Owners>
        <Owner name="" />
      </Owners>
      <Execution id="c9a00f08-74c4-459d-8ca0-76c922c8cb3c" />
      <TestMethod codeBase="C:/depotCI/dev/ird/2009.2/Client/Interop/WSS.SPF.Interop.Test/bin/Release/WSS.SPF.Interop.Test.DLL" adapterTypeName="Microsoft.VisualStudio.TestTools.TestTypes.Unit.UnitTestAdapter, Microsoft.VisualStudio.QualityTools.Tips.UnitTest.Adapter" className="WallStreetSystems.StructuredProducts.Interop.Test.CurveTests, WSS.SPF.Interop.Test, Version=2009.1.0.0, Culture=neutral, PublicKeyToken=b5fd1a36512e1285" name="TestCreateAndStorePseudoCvMS" />
    </UnitTest>
    <UnitTest name="TestNegationCreateAndStoreFxIdxCrvsFrmIr" storage="c:\depotci\dev\ird\2009.2\client\interop\wss.spf.interop.test\bin\release\wss.spf.interop.test.dll" id="b8bf225f-1deb-872c-8594-6f7031474f2c">
      <Css projectStructure="" iteration="" />
      <Owners>
        <Owner name="" />
      </Owners>
      <Execution id="afe0e648-c1f6-4439-afe8-27ca7d7369b2" />
      <TestMethod codeBase="C:/depotCI/dev/ird/2009.2/Client/Interop/WSS.SPF.Interop.Test/bin/Release/WSS.SPF.Interop.Test.DLL" adapterTypeName="Microsoft.VisualStudio.TestTools.TestTypes.Unit.UnitTestAdapter, Microsoft.VisualStudio.QualityTools.Tips.UnitTest.Adapter" className="WallStreetSystems.StructuredProducts.Interop.Test.CurveTests, WSS.SPF.Interop.Test, Version=2009.1.0.0, Culture=neutral, PublicKeyToken=b5fd1a36512e1285" name="TestNegationCreateAndStoreFxIdxCrvsFrmIr" expectedException="System.Runtime.InteropServices.COMException, mscorlib, Version=2.0.0.0, Culture=neutral, PublicKeyToken=b77a5c561934e089" expectedExceptionMessage="Should fail without proper curve setup." />
    </UnitTest>
    <UnitTest name="TestCreateNewUser" storage="c:\depotci\dev\ird\2009.2\client\interop\wss.spf.interop.test\bin\release\wss.spf.interop.test.dll" id="fb7faa58-80b5-e0ff-f347-93f3a99a5815">
      <Css projectStructure="" iteration="" />
      <Owners>
        <Owner name="" />
      </Owners>
      <Execution id="4d5b534f-db47-4e7e-9a80-ae85c7e74dd9" />
      <TestMethod codeBase="C:/depotCI/dev/ird/2009.2/Client/Interop/WSS.SPF.Interop.Test/bin/Release/WSS.SPF.Interop.Test.DLL" adapterTypeName="Microsoft.VisualStudio.TestTools.TestTypes.Unit.UnitTestAdapter, Microsoft.VisualStudio.QualityTools.Tips.UnitTest.Adapter" className="WallStreetSystems.StructuredProducts.Interop.Test.UserProfileTests, WSS.SPF.Interop.Test, Version=2009.1.0.0, Culture=neutral, PublicKeyToken=b5fd1a36512e1285" name="TestCreateNewUser" />
    </UnitTest>
    <UnitTest name="TestInvalidMarketCurveRatesSave" storage="c:\depotci\dev\ird\2009.2\client\interop\wss.spf.interop.test\bin\release\wss.spf.interop.test.dll" id="6e0cbf6a-e91e-dc31-9017-487a060f42bc">
      <Css projectStructure="" iteration="" />
      <Owners>
        <Owner name="" />
      </Owners>
      <Execution id="bdef7da3-9a25-4389-b72d-6ca048553fcd" />
      <TestMethod codeBase="C:/depotCI/dev/ird/2009.2/Client/Interop/WSS.SPF.Interop.Test/bin/Release/WSS.SPF.Interop.Test.DLL" adapterTypeName="Microsoft.VisualStudio.TestTools.TestTypes.Unit.UnitTestAdapter, Microsoft.VisualStudio.QualityTools.Tips.UnitTest.Adapter" className="WallStreetSystems.StructuredProducts.Interop.Test.CurveTests, WSS.SPF.Interop.Test, Version=2009.1.0.0, Culture=neutral, PublicKeyToken=b5fd1a36512e1285" name="TestInvalidMarketCurveRatesSave" />
    </UnitTest>
    <UnitTest name="TestCreditEntities" storage="c:\depotci\dev\ird\2009.2\client\interop\wss.spf.interop.test\bin\release\wss.spf.interop.test.dll" id="3a33acae-ec72-5719-17b8-8f232ab9a989">
      <Css projectStructure="" iteration="" />
      <Owners>
        <Owner name="" />
      </Owners>
      <Execution id="f5ffc587-6e92-436e-8b28-047bb09edf97" />
      <TestMethod codeBase="C:/depotCI/dev/ird/2009.2/Client/Interop/WSS.SPF.Interop.Test/bin/Release/WSS.SPF.Interop.Test.DLL" adapterTypeName="Microsoft.VisualStudio.TestTools.TestTypes.Unit.UnitTestAdapter, Microsoft.VisualStudio.QualityTools.Tips.UnitTest.Adapter" className="WallStreetSystems.StructuredProducts.Interop.Test.CreditSpreadTests, WSS.SPF.Interop.Test, Version=2009.1.0.0, Culture=neutral, PublicKeyToken=b5fd1a36512e1285" name="TestCreditEntities" />
    </UnitTest>
    <UnitTest name="TestAddCurrencyMoreThanThreeChars" storage="c:\depotci\dev\ird\2009.2\client\interop\wss.spf.interop.test\bin\release\wss.spf.interop.test.dll" id="a64b751e-0628-8e24-0b51-11a48c017a91">
      <Css projectStructure="" iteration="" />
      <Owners>
        <Owner name="" />
      </Owners>
      <Execution id="4a5161d3-3871-49f7-9878-91269b2273c1" />
      <TestMethod codeBase="C:/depotCI/dev/ird/2009.2/Client/Interop/WSS.SPF.Interop.Test/bin/Release/WSS.SPF.Interop.Test.DLL" adapterTypeName="Microsoft.VisualStudio.TestTools.TestTypes.Unit.UnitTestAdapter, Microsoft.VisualStudio.QualityTools.Tips.UnitTest.Adapter" className="WallStreetSystems.StructuredProducts.Interop.Test.CurrencyTests, WSS.SPF.Interop.Test, Version=2009.1.0.0, Culture=neutral, PublicKeyToken=b5fd1a36512e1285" name="TestAddCurrencyMoreThanThreeChars" expectedException="System.Runtime.InteropServices.COMException, mscorlib, Version=2.0.0.0, Culture=neutral, PublicKeyToken=b77a5c561934e089" expectedExceptionMessage="Only support 3 letter currency code." />
    </UnitTest>
    <UnitTest name="TestRemoveTradeFromPackage" storage="c:\depotci\dev\ird\2009.2\client\interop\wss.spf.interop.test\bin\release\wss.spf.interop.test.dll" id="4abacc2c-b4dd-b6e3-d3dd-926f3d4a8e9a">
      <Css projectStructure="" iteration="" />
      <Owners>
        <Owner name="" />
      </Owners>
      <Execution id="feac61df-0a01-44b9-b7ea-4db3d52c39bc" />
      <TestMethod codeBase="C:/depotCI/dev/ird/2009.2/Client/Interop/WSS.SPF.Interop.Test/bin/Release/WSS.SPF.Interop.Test.DLL" adapterTypeName="Microsoft.VisualStudio.TestTools.TestTypes.Unit.UnitTestAdapter, Microsoft.VisualStudio.QualityTools.Tips.UnitTest.Adapter" className="WallStreetSystems.StructuredProducts.Interop.Test.TradePackagesTests, WSS.SPF.Interop.Test, Version=2009.1.0.0, Culture=neutral, PublicKeyToken=b5fd1a36512e1285" name="TestRemoveTradeFromPackage" />
    </UnitTest>
    <UnitTest name="TestPriceSaveSwapTrade" storage="c:\depotci\dev\ird\2009.2\client\interop\wss.spf.interop.test\bin\release\wss.spf.interop.test.dll" id="7c73ff8d-d6b4-13af-e84b-05f45d6cfd71">
      <Css projectStructure="" iteration="" />
      <Owners>
        <Owner name="" />
      </Owners>
      <Execution id="1678cade-c18e-4aa5-9c1d-07c99a4ab3ab" />
      <TestMethod codeBase="C:/depotCI/dev/ird/2009.2/Client/Interop/WSS.SPF.Interop.Test/bin/Release/WSS.SPF.Interop.Test.DLL" adapterTypeName="Microsoft.VisualStudio.TestTools.TestTypes.Unit.UnitTestAdapter, Microsoft.VisualStudio.QualityTools.Tips.UnitTest.Adapter" className="WallStreetSystems.StructuredProducts.Interop.Test.TradeTests, WSS.SPF.Interop.Test, Version=2009.1.0.0, Culture=neutral, PublicKeyToken=b5fd1a36512e1285" name="TestPriceSaveSwapTrade" />
    </UnitTest>
    <UnitTest name="TestCreateValidKey" storage="c:\depotci\dev\ird\2009.2\client\interop\wss.spf.interop.test\bin\release\wss.spf.interop.test.dll" id="a9d2278e-b4a1-c418-a6f3-83f901125e35">
      <Css projectStructure="" iteration="" />
      <Owners>
        <Owner name="" />
      </Owners>
      <Execution id="d497b85a-94b7-4e01-8988-c9c563119328" />
      <TestMethod codeBase="C:/depotCI/dev/ird/2009.2/Client/Interop/WSS.SPF.Interop.Test/bin/Release/WSS.SPF.Interop.Test.DLL" adapterTypeName="Microsoft.VisualStudio.TestTools.TestTypes.Unit.UnitTestAdapter, Microsoft.VisualStudio.QualityTools.Tips.UnitTest.Adapter" className="WallStreetSystems.StructuredProducts.Interop.Test.MiscTests, WSS.SPF.Interop.Test, Version=2009.1.0.0, Culture=neutral, PublicKeyToken=b5fd1a36512e1285" name="TestCreateValidKey" />
    </UnitTest>
    <UnitTest name="TestCreateRateDescriptionAndAddRates" storage="c:\depotci\dev\ird\2009.2\client\interop\wss.spf.interop.test\bin\release\wss.spf.interop.test.dll" id="9d9244c9-731a-5cb9-2866-a203d824782a">
      <Css projectStructure="" iteration="" />
      <Owners>
        <Owner name="" />
      </Owners>
      <Execution id="3f2b2fd1-d9fa-472f-9a97-460156532cea" />
      <TestMethod codeBase="C:/depotCI/dev/ird/2009.2/Client/Interop/WSS.SPF.Interop.Test/bin/Release/WSS.SPF.Interop.Test.DLL" adapterTypeName="Microsoft.VisualStudio.TestTools.TestTypes.Unit.UnitTestAdapter, Microsoft.VisualStudio.QualityTools.Tips.UnitTest.Adapter" className="WallStreetSystems.StructuredProducts.Interop.Test.RateTests, WSS.SPF.Interop.Test, Version=2009.1.0.0, Culture=neutral, PublicKeyToken=b5fd1a36512e1285" name="TestCreateRateDescriptionAndAddRates" />
    </UnitTest>
    <UnitTest name="TestSortRatesetInquiry" storage="c:\depotci\dev\ird\2009.2\client\interop\wss.spf.interop.test\bin\release\wss.spf.interop.test.dll" id="67c9fd86-d77a-16e6-b0f7-1eda07e33ac9">
      <Css projectStructure="" iteration="" />
      <Owners>
        <Owner name="" />
      </Owners>
      <Execution id="686c2486-9236-46da-9586-f575ba60d81d" />
      <TestMethod codeBase="C:/depotCI/dev/ird/2009.2/Client/Interop/WSS.SPF.Interop.Test/bin/Release/WSS.SPF.Interop.Test.DLL" adapterTypeName="Microsoft.VisualStudio.TestTools.TestTypes.Unit.UnitTestAdapter, Microsoft.VisualStudio.QualityTools.Tips.UnitTest.Adapter" className="WallStreetSystems.StructuredProducts.Interop.Test.ExpressionTests, WSS.SPF.Interop.Test, Version=2009.1.0.0, Culture=neutral, PublicKeyToken=b5fd1a36512e1285" name="TestSortRatesetInquiry" />
    </UnitTest>
    <UnitTest name="TestTreeModeCombinationsPackageInventoryFolders" storage="c:\depotci\dev\ird\2009.2\client\interop\wss.spf.interop.test\bin\release\wss.spf.interop.test.dll" id="e38dbe10-7483-7d22-648e-c8e73bb3a27a">
      <Css projectStructure="" iteration="" />
      <Owners>
        <Owner name="" />
      </Owners>
      <Execution id="7f908650-f988-4acc-9ace-f10cfa8a6db1" />
      <TestMethod codeBase="C:/depotCI/dev/ird/2009.2/Client/Interop/WSS.SPF.Interop.Test/bin/Release/WSS.SPF.Interop.Test.DLL" adapterTypeName="Microsoft.VisualStudio.TestTools.TestTypes.Unit.UnitTestAdapter, Microsoft.VisualStudio.QualityTools.Tips.UnitTest.Adapter" className="WallStreetSystems.StructuredProducts.Interop.Test.LocalTreeTests, WSS.SPF.Interop.Test, Version=2009.1.0.0, Culture=neutral, PublicKeyToken=b5fd1a36512e1285" name="TestTreeModeCombinationsPackageInventoryFolders" />
    </UnitTest>
    <UnitTest name="TestBuildBOND_ISS_SPREAD_CURVE" storage="c:\depotci\dev\ird\2009.2\client\interop\wss.spf.interop.test\bin\release\wss.spf.interop.test.dll" id="cd1bda6b-b5fb-be6d-95c1-fa680dc1b394">
      <Css projectStructure="" iteration="" />
      <Owners>
        <Owner name="" />
      </Owners>
      <Execution id="3ddbc051-df37-47a9-ad16-c04d1c3d38e0" />
      <TestMethod codeBase="C:/depotCI/dev/ird/2009.2/Client/Interop/WSS.SPF.Interop.Test/bin/Release/WSS.SPF.Interop.Test.DLL" adapterTypeName="Microsoft.VisualStudio.TestTools.TestTypes.Unit.UnitTestAdapter, Microsoft.VisualStudio.QualityTools.Tips.UnitTest.Adapter" className="WallStreetSystems.StructuredProducts.Interop.Test.CurveTests, WSS.SPF.Interop.Test, Version=2009.1.0.0, Culture=neutral, PublicKeyToken=b5fd1a36512e1285" name="TestBuildBOND_ISS_SPREAD_CURVE" />
    </UnitTest>
    <UnitTest name="TestAttachmentOnTradeAsFile" storage="c:\depotci\dev\ird\2009.2\client\interop\wss.spf.interop.test\bin\release\wss.spf.interop.test.dll" id="bfd2045d-61d8-1171-3410-8e260653b375">
      <Css projectStructure="" iteration="" />
      <Owners>
        <Owner name="" />
      </Owners>
      <Execution id="ff96e2ed-4f95-4133-98f5-0e9581e5279e" />
      <TestMethod codeBase="C:/depotCI/dev/ird/2009.2/Client/Interop/WSS.SPF.Interop.Test/bin/Release/WSS.SPF.Interop.Test.DLL" adapterTypeName="Microsoft.VisualStudio.TestTools.TestTypes.Unit.UnitTestAdapter, Microsoft.VisualStudio.QualityTools.Tips.UnitTest.Adapter" className="WallStreetSystems.StructuredProducts.Interop.Test.AttachmentTests, WSS.SPF.Interop.Test, Version=2009.1.0.0, Culture=neutral, PublicKeyToken=b5fd1a36512e1285" name="TestAttachmentOnTradeAsFile" />
    </UnitTest>
    <UnitTest name="TestCounterPartiesDisable" storage="c:\depotci\dev\ird\2009.2\client\interop\wss.spf.interop.test\bin\release\wss.spf.interop.test.dll" id="c28325c8-ed54-ba6c-2a79-a9dac153479a">
      <Css projectStructure="" iteration="" />
      <Owners>
        <Owner name="" />
      </Owners>
      <Execution id="c8e901e3-3ac4-424a-9513-74bb13c0b67c" />
      <TestMethod codeBase="C:/depotCI/dev/ird/2009.2/Client/Interop/WSS.SPF.Interop.Test/bin/Release/WSS.SPF.Interop.Test.DLL" adapterTypeName="Microsoft.VisualStudio.TestTools.TestTypes.Unit.UnitTestAdapter, Microsoft.VisualStudio.QualityTools.Tips.UnitTest.Adapter" className="WallStreetSystems.StructuredProducts.Interop.Test.CounterPartiesTests, WSS.SPF.Interop.Test, Version=2009.1.0.0, Culture=neutral, PublicKeyToken=b5fd1a36512e1285" name="TestCounterPartiesDisable" />
    </UnitTest>
    <UnitTest name="TestExpungeSwapTrade" storage="c:\depotci\dev\ird\2009.2\client\interop\wss.spf.interop.test\bin\release\wss.spf.interop.test.dll" id="409662c1-8c45-c323-b6a1-f562140ab552">
      <Css projectStructure="" iteration="" />
      <Owners>
        <Owner name="" />
      </Owners>
      <Execution id="e8095ce7-5c34-4ffb-bdcd-f98afa85c021" />
      <TestMethod codeBase="C:/depotCI/dev/ird/2009.2/Client/Interop/WSS.SPF.Interop.Test/bin/Release/WSS.SPF.Interop.Test.DLL" adapterTypeName="Microsoft.VisualStudio.TestTools.TestTypes.Unit.UnitTestAdapter, Microsoft.VisualStudio.QualityTools.Tips.UnitTest.Adapter" className="WallStreetSystems.StructuredProducts.Interop.Test.TradeTests, WSS.SPF.Interop.Test, Version=2009.1.0.0, Culture=neutral, PublicKeyToken=b5fd1a36512e1285" name="TestExpungeSwapTrade" />
    </UnitTest>
    <UnitTest name="TestSubPackageDelete" storage="c:\depotci\dev\ird\2009.2\client\interop\wss.spf.interop.test\bin\release\wss.spf.interop.test.dll" id="874b2f47-59be-6038-064f-e7fd5d15f256">
      <Css projectStructure="" iteration="" />
      <Owners>
        <Owner name="" />
      </Owners>
      <Execution id="347e4f73-5468-47ac-b9a2-c8cf256a84dc" />
      <TestMethod codeBase="C:/depotCI/dev/ird/2009.2/Client/Interop/WSS.SPF.Interop.Test/bin/Release/WSS.SPF.Interop.Test.DLL" adapterTypeName="Microsoft.VisualStudio.TestTools.TestTypes.Unit.UnitTestAdapter, Microsoft.VisualStudio.QualityTools.Tips.UnitTest.Adapter" className="WallStreetSystems.StructuredProducts.Interop.Test.TradePackagesTests, WSS.SPF.Interop.Test, Version=2009.1.0.0, Culture=neutral, PublicKeyToken=b5fd1a36512e1285" name="TestSubPackageDelete" />
    </UnitTest>
    <UnitTest name="TestCreateUserWithEmptyPassword" storage="c:\depotci\dev\ird\2009.2\client\interop\wss.spf.interop.test\bin\release\wss.spf.interop.test.dll" id="92d3294b-3ba4-a544-592e-3012a1c13d85">
      <Css projectStructure="" iteration="" />
      <Owners>
        <Owner name="" />
      </Owners>
      <Execution id="39a377d0-f752-409c-8c5d-8d4e7b6190cf" />
      <TestMethod codeBase="C:/depotCI/dev/ird/2009.2/Client/Interop/WSS.SPF.Interop.Test/bin/Release/WSS.SPF.Interop.Test.DLL" adapterTypeName="Microsoft.VisualStudio.TestTools.TestTypes.Unit.UnitTestAdapter, Microsoft.VisualStudio.QualityTools.Tips.UnitTest.Adapter" className="WallStreetSystems.StructuredProducts.Interop.Test.UserProfileTests, WSS.SPF.Interop.Test, Version=2009.1.0.0, Culture=neutral, PublicKeyToken=b5fd1a36512e1285" name="TestCreateUserWithEmptyPassword" />
    </UnitTest>
    <UnitTest name="TestMktCurveDescriptionTimestampsUpdateWSC_BUILD_DF" storage="c:\depotci\dev\ird\2009.2\client\interop\wss.spf.interop.test\bin\release\wss.spf.interop.test.dll" id="79863afc-d920-19fa-01c2-a8c5a6571ea5">
      <Css projectStructure="" iteration="" />
      <Owners>
        <Owner name="" />
      </Owners>
      <Execution id="a048ec88-6381-45d4-b400-c4f6278ce744" />
      <TestMethod codeBase="C:/depotCI/dev/ird/2009.2/Client/Interop/WSS.SPF.Interop.Test/bin/Release/WSS.SPF.Interop.Test.DLL" adapterTypeName="Microsoft.VisualStudio.TestTools.TestTypes.Unit.UnitTestAdapter, Microsoft.VisualStudio.QualityTools.Tips.UnitTest.Adapter" className="WallStreetSystems.StructuredProducts.Interop.Test.CurveTests, WSS.SPF.Interop.Test, Version=2009.1.0.0, Culture=neutral, PublicKeyToken=b5fd1a36512e1285" name="TestMktCurveDescriptionTimestampsUpdateWSC_BUILD_DF" />
    </UnitTest>
    <UnitTest name="TestPopulateCurve" storage="c:\depotci\dev\ird\2009.2\client\interop\wss.spf.interop.test\bin\release\wss.spf.interop.test.dll" id="77aecc22-9783-8e81-6de8-3ef0b57ceabb">
      <Css projectStructure="" iteration="" />
      <Owners>
        <Owner name="" />
      </Owners>
      <Execution id="2ac7c68e-0458-4fe9-9528-dba399f78d84" />
      <TestMethod codeBase="C:/depotCI/dev/ird/2009.2/Client/Interop/WSS.SPF.Interop.Test/bin/Release/WSS.SPF.Interop.Test.DLL" adapterTypeName="Microsoft.VisualStudio.TestTools.TestTypes.Unit.UnitTestAdapter, Microsoft.VisualStudio.QualityTools.Tips.UnitTest.Adapter" className="WallStreetSystems.StructuredProducts.Interop.Test.CurveTests, WSS.SPF.Interop.Test, Version=2009.1.0.0, Culture=neutral, PublicKeyToken=b5fd1a36512e1285" name="TestPopulateCurve" />
    </UnitTest>
    <UnitTest name="TestBuildSV" storage="c:\depotci\dev\ird\2009.2\client\interop\wss.spf.interop.test\bin\release\wss.spf.interop.test.dll" id="a9630c5e-0163-8a3e-6fcd-86bacf9e9f5e">
      <Css projectStructure="" iteration="" />
      <Owners>
        <Owner name="" />
      </Owners>
      <Execution id="e4c9b780-0a3e-4d9d-8b0f-f5ece3dcd502" />
      <TestMethod codeBase="C:/depotCI/dev/ird/2009.2/Client/Interop/WSS.SPF.Interop.Test/bin/Release/WSS.SPF.Interop.Test.DLL" adapterTypeName="Microsoft.VisualStudio.TestTools.TestTypes.Unit.UnitTestAdapter, Microsoft.VisualStudio.QualityTools.Tips.UnitTest.Adapter" className="WallStreetSystems.StructuredProducts.Interop.Test.CurveTests, WSS.SPF.Interop.Test, Version=2009.1.0.0, Culture=neutral, PublicKeyToken=b5fd1a36512e1285" name="TestBuildSV" />
    </UnitTest>
    <UnitTest name="TestNegationBuildCashToSpotRates" storage="c:\depotci\dev\ird\2009.2\client\interop\wss.spf.interop.test\bin\release\wss.spf.interop.test.dll" id="23ae4ff7-4b27-3509-e2d5-c9fa68871560">
      <Css projectStructure="" iteration="" />
      <Owners>
        <Owner name="" />
      </Owners>
      <Execution id="2bf96d41-99dc-4386-9f24-2f1a8c8dddb9" />
      <TestMethod codeBase="C:/depotCI/dev/ird/2009.2/Client/Interop/WSS.SPF.Interop.Test/bin/Release/WSS.SPF.Interop.Test.DLL" adapterTypeName="Microsoft.VisualStudio.TestTools.TestTypes.Unit.UnitTestAdapter, Microsoft.VisualStudio.QualityTools.Tips.UnitTest.Adapter" className="WallStreetSystems.StructuredProducts.Interop.Test.CurveTests, WSS.SPF.Interop.Test, Version=2009.1.0.0, Culture=neutral, PublicKeyToken=b5fd1a36512e1285" name="TestNegationBuildCashToSpotRates" expectedException="System.Runtime.InteropServices.COMException, mscorlib, Version=2.0.0.0, Culture=neutral, PublicKeyToken=b77a5c561934e089" expectedExceptionMessage="Should fail without proper maturity specified." />
    </UnitTest>
    <UnitTest name="TestParseTradePropertiesAsList" storage="c:\depotci\dev\ird\2009.2\client\interop\wss.spf.interop.test\bin\release\wss.spf.interop.test.dll" id="4014d7fc-c5cf-d48d-a6e6-7fe42069c9d3">
      <Css projectStructure="" iteration="" />
      <Owners>
        <Owner name="" />
      </Owners>
      <Execution id="3c7422dd-60c9-40aa-b1de-3da691f6b0b4" />
      <TestMethod codeBase="C:/depotCI/dev/ird/2009.2/Client/Interop/WSS.SPF.Interop.Test/bin/Release/WSS.SPF.Interop.Test.DLL" adapterTypeName="Microsoft.VisualStudio.TestTools.TestTypes.Unit.UnitTestAdapter, Microsoft.VisualStudio.QualityTools.Tips.UnitTest.Adapter" className="WallStreetSystems.StructuredProducts.Interop.Test.ExpressionTests, WSS.SPF.Interop.Test, Version=2009.1.0.0, Culture=neutral, PublicKeyToken=b5fd1a36512e1285" name="TestParseTradePropertiesAsList" />
    </UnitTest>
    <UnitTest name="TestCreateBadDiscriminatorKey" storage="c:\depotci\dev\ird\2009.2\client\interop\wss.spf.interop.test\bin\release\wss.spf.interop.test.dll" id="299ff8f8-21cc-0fca-e85f-1c4561d6f55b">
      <Css projectStructure="" iteration="" />
      <Owners>
        <Owner name="" />
      </Owners>
      <Execution id="7d05aa07-9910-4de6-9d3c-04fb3a812f00" />
      <TestMethod codeBase="C:/depotCI/dev/ird/2009.2/Client/Interop/WSS.SPF.Interop.Test/bin/Release/WSS.SPF.Interop.Test.DLL" adapterTypeName="Microsoft.VisualStudio.TestTools.TestTypes.Unit.UnitTestAdapter, Microsoft.VisualStudio.QualityTools.Tips.UnitTest.Adapter" className="WallStreetSystems.StructuredProducts.Interop.Test.MiscTests, WSS.SPF.Interop.Test, Version=2009.1.0.0, Culture=neutral, PublicKeyToken=b5fd1a36512e1285" name="TestCreateBadDiscriminatorKey" expectedException="System.Runtime.InteropServices.COMException, mscorlib, Version=2.0.0.0, Culture=neutral, PublicKeyToken=b77a5c561934e089" expectedExceptionMessage="Should not be able to create a MultisystemKey with a discriminator longer than 16 characters" />
    </UnitTest>
    <UnitTest name="GetHolidaysTable" storage="c:\depotci\dev\ird\2009.2\client\interop\wss.spf.interop.test\bin\release\wss.spf.interop.test.dll" id="537992fe-a708-85fc-162f-d7f30fd94339">
      <Css projectStructure="" iteration="" />
      <Owners>
        <Owner name="" />
      </Owners>
      <Execution id="5c43c986-8944-46db-b3be-7ad122fe4b2d" />
      <TestMethod codeBase="C:/depotCI/dev/ird/2009.2/Client/Interop/WSS.SPF.Interop.Test/bin/Release/WSS.SPF.Interop.Test.DLL" adapterTypeName="Microsoft.VisualStudio.TestTools.TestTypes.Unit.UnitTestAdapter, Microsoft.VisualStudio.QualityTools.Tips.UnitTest.Adapter" className="WallStreetSystems.StructuredProducts.Interop.Test.HolidayTableTest, WSS.SPF.Interop.Test, Version=2009.1.0.0, Culture=neutral, PublicKeyToken=b5fd1a36512e1285" name="GetHolidaysTable" />
    </UnitTest>
    <UnitTest name="TestFilterLiveMarkets" storage="c:\depotci\dev\ird\2009.2\client\interop\wss.spf.interop.test\bin\release\wss.spf.interop.test.dll" id="1c802b0f-e75e-88ff-e4e1-f708a7859f84">
      <Css projectStructure="" iteration="" />
      <Owners>
        <Owner name="" />
      </Owners>
      <Execution id="2218140d-54ed-4dca-aeba-42a325bee255" />
      <TestMethod codeBase="C:/depotCI/dev/ird/2009.2/Client/Interop/WSS.SPF.Interop.Test/bin/Release/WSS.SPF.Interop.Test.DLL" adapterTypeName="Microsoft.VisualStudio.TestTools.TestTypes.Unit.UnitTestAdapter, Microsoft.VisualStudio.QualityTools.Tips.UnitTest.Adapter" className="WallStreetSystems.StructuredProducts.Interop.Test.ExpressionTests, WSS.SPF.Interop.Test, Version=2009.1.0.0, Culture=neutral, PublicKeyToken=b5fd1a36512e1285" name="TestFilterLiveMarkets" />
    </UnitTest>
    <UnitTest name="TestRetrievePackageByID" storage="c:\depotci\dev\ird\2009.2\client\interop\wss.spf.interop.test\bin\release\wss.spf.interop.test.dll" id="d40db99e-21fe-f76c-592c-22db292a9461">
      <Css projectStructure="" iteration="" />
      <Owners>
        <Owner name="" />
      </Owners>
      <Execution id="a21857c1-d097-4167-b56d-6240ec1cad53" />
      <TestMethod codeBase="C:/depotCI/dev/ird/2009.2/Client/Interop/WSS.SPF.Interop.Test/bin/Release/WSS.SPF.Interop.Test.DLL" adapterTypeName="Microsoft.VisualStudio.TestTools.TestTypes.Unit.UnitTestAdapter, Microsoft.VisualStudio.QualityTools.Tips.UnitTest.Adapter" className="WallStreetSystems.StructuredProducts.Interop.Test.TradePackagesTests, WSS.SPF.Interop.Test, Version=2009.1.0.0, Culture=neutral, PublicKeyToken=b5fd1a36512e1285" name="TestRetrievePackageByID" />
    </UnitTest>
    <UnitTest name="TestBuildCV_MS" storage="c:\depotci\dev\ird\2009.2\client\interop\wss.spf.interop.test\bin\release\wss.spf.interop.test.dll" id="2bdc2fb0-b59a-c499-4d65-08f4c6894383">
      <Css projectStructure="" iteration="" />
      <Owners>
        <Owner name="" />
      </Owners>
      <Execution id="c90a02d6-7662-41cc-961a-6cd4e853be78" />
      <TestMethod codeBase="C:/depotCI/dev/ird/2009.2/Client/Interop/WSS.SPF.Interop.Test/bin/Release/WSS.SPF.Interop.Test.DLL" adapterTypeName="Microsoft.VisualStudio.TestTools.TestTypes.Unit.UnitTestAdapter, Microsoft.VisualStudio.QualityTools.Tips.UnitTest.Adapter" className="WallStreetSystems.StructuredProducts.Interop.Test.CurveTests, WSS.SPF.Interop.Test, Version=2009.1.0.0, Culture=neutral, PublicKeyToken=b5fd1a36512e1285" name="TestBuildCV_MS" />
    </UnitTest>
    <UnitTest name="TestConvertMktCrvFromClientToServer" storage="c:\depotci\dev\ird\2009.2\client\interop\wss.spf.interop.test\bin\release\wss.spf.interop.test.dll" id="40e18aab-4111-99e0-4019-f2327484de92">
      <Css projectStructure="" iteration="" />
      <Owners>
        <Owner name="" />
      </Owners>
      <Execution id="0eacdbb9-d0b7-45e5-a29c-c88510f09346" />
      <TestMethod codeBase="C:/depotCI/dev/ird/2009.2/Client/Interop/WSS.SPF.Interop.Test/bin/Release/WSS.SPF.Interop.Test.DLL" adapterTypeName="Microsoft.VisualStudio.TestTools.TestTypes.Unit.UnitTestAdapter, Microsoft.VisualStudio.QualityTools.Tips.UnitTest.Adapter" className="WallStreetSystems.StructuredProducts.Interop.Test.CurveTests, WSS.SPF.Interop.Test, Version=2009.1.0.0, Culture=neutral, PublicKeyToken=b5fd1a36512e1285" name="TestConvertMktCrvFromClientToServer" />
    </UnitTest>
    <UnitTest name="TestSelectFromDatabase" storage="c:\depotci\dev\ird\2009.2\client\interop\wss.spf.interop.test\bin\release\wss.spf.interop.test.dll" id="fffb29b4-054e-e4e7-0763-d9fc90b9730a">
      <Css projectStructure="" iteration="" />
      <Owners>
        <Owner name="" />
      </Owners>
      <Execution id="2e91dbef-dd15-429f-a5b9-7b93be94e067" />
      <TestMethod codeBase="C:/depotCI/dev/ird/2009.2/Client/Interop/WSS.SPF.Interop.Test/bin/Release/WSS.SPF.Interop.Test.DLL" adapterTypeName="Microsoft.VisualStudio.TestTools.TestTypes.Unit.UnitTestAdapter, Microsoft.VisualStudio.QualityTools.Tips.UnitTest.Adapter" className="WallStreetSystems.StructuredProducts.Interop.Test.CurveTests, WSS.SPF.Interop.Test, Version=2009.1.0.0, Culture=neutral, PublicKeyToken=b5fd1a36512e1285" name="TestSelectFromDatabase" />
    </UnitTest>
    <UnitTest name="TestFuturesEnums" storage="c:\depotci\dev\ird\2009.2\client\interop\wss.spf.interop.test\bin\release\wss.spf.interop.test.dll" id="73a971f3-e34f-34cd-6bd0-4432f7592fcc">
      <Css projectStructure="" iteration="" />
      <Owners>
        <Owner name="" />
      </Owners>
      <Execution id="f42a7eac-728b-4d72-902c-f786b9b2fe66" />
      <TestMethod codeBase="C:/depotCI/dev/ird/2009.2/Client/Interop/WSS.SPF.Interop.Test/bin/Release/WSS.SPF.Interop.Test.DLL" adapterTypeName="Microsoft.VisualStudio.TestTools.TestTypes.Unit.UnitTestAdapter, Microsoft.VisualStudio.QualityTools.Tips.UnitTest.Adapter" className="WallStreetSystems.StructuredProducts.Interop.Test.FuturesTests, WSS.SPF.Interop.Test, Version=2009.1.0.0, Culture=neutral, PublicKeyToken=b5fd1a36512e1285" name="TestFuturesEnums" />
    </UnitTest>
    <UnitTest name="TestClientInformation" storage="c:\depotci\dev\ird\2009.2\client\interop\wss.spf.interop.test\bin\release\wss.spf.interop.test.dll" id="be2ba2c2-3231-4cdb-a880-0628e141b1c3">
      <Css projectStructure="" iteration="" />
      <Owners>
        <Owner name="" />
      </Owners>
      <Execution id="c361ddeb-bb1c-4a0b-b13a-5bce18fea0fa" />
      <TestMethod codeBase="C:/depotCI/dev/ird/2009.2/Client/Interop/WSS.SPF.Interop.Test/bin/Release/WSS.SPF.Interop.Test.DLL" adapterTypeName="Microsoft.VisualStudio.TestTools.TestTypes.Unit.UnitTestAdapter, Microsoft.VisualStudio.QualityTools.Tips.UnitTest.Adapter" className="WallStreetSystems.StructuredProducts.Interop.Test.MiscTests, WSS.SPF.Interop.Test, Version=2009.1.0.0, Culture=neutral, PublicKeyToken=b5fd1a36512e1285" name="TestClientInformation" />
    </UnitTest>
    <UnitTest name="TestTreeModeTREE_NODES_FOLDERS" storage="c:\depotci\dev\ird\2009.2\client\interop\wss.spf.interop.test\bin\release\wss.spf.interop.test.dll" id="81771814-001b-04f2-1207-30264bb7ff83">
      <Css projectStructure="" iteration="" />
      <Owners>
        <Owner name="" />
      </Owners>
      <Execution id="0b8c5fe3-a7ba-48e6-9511-9cc75847e5c1" />
      <TestMethod codeBase="C:/depotCI/dev/ird/2009.2/Client/Interop/WSS.SPF.Interop.Test/bin/Release/WSS.SPF.Interop.Test.DLL" adapterTypeName="Microsoft.VisualStudio.TestTools.TestTypes.Unit.UnitTestAdapter, Microsoft.VisualStudio.QualityTools.Tips.UnitTest.Adapter" className="WallStreetSystems.StructuredProducts.Interop.Test.LocalTreeTests, WSS.SPF.Interop.Test, Version=2009.1.0.0, Culture=neutral, PublicKeyToken=b5fd1a36512e1285" name="TestTreeModeTREE_NODES_FOLDERS" />
    </UnitTest>
    <UnitTest name="TestTreeModeTREE_VIEW_INSTRUMENT" storage="c:\depotci\dev\ird\2009.2\client\interop\wss.spf.interop.test\bin\release\wss.spf.interop.test.dll" id="47b7a3b4-4cc3-b375-9a7d-3468d27c57b9">
      <Css projectStructure="" iteration="" />
      <Owners>
        <Owner name="" />
      </Owners>
      <Execution id="0fb50235-1d2f-4296-a094-b4d427825d53" />
      <TestMethod codeBase="C:/depotCI/dev/ird/2009.2/Client/Interop/WSS.SPF.Interop.Test/bin/Release/WSS.SPF.Interop.Test.DLL" adapterTypeName="Microsoft.VisualStudio.TestTools.TestTypes.Unit.UnitTestAdapter, Microsoft.VisualStudio.QualityTools.Tips.UnitTest.Adapter" className="WallStreetSystems.StructuredProducts.Interop.Test.LocalTreeTests, WSS.SPF.Interop.Test, Version=2009.1.0.0, Culture=neutral, PublicKeyToken=b5fd1a36512e1285" name="TestTreeModeTREE_VIEW_INSTRUMENT" />
    </UnitTest>
    <UnitTest name="TestMarketCurveCalibrateWithSampleCrv" storage="c:\depotci\dev\ird\2009.2\client\interop\wss.spf.interop.test\bin\release\wss.spf.interop.test.dll" id="b3e75ed7-b7a9-9311-cd6c-dffc613a8f03">
      <Css projectStructure="" iteration="" />
      <Owners>
        <Owner name="" />
      </Owners>
      <Execution id="7d11e243-487f-48a1-b683-16510c31e7f0" />
      <TestMethod codeBase="C:/depotCI/dev/ird/2009.2/Client/Interop/WSS.SPF.Interop.Test/bin/Release/WSS.SPF.Interop.Test.DLL" adapterTypeName="Microsoft.VisualStudio.TestTools.TestTypes.Unit.UnitTestAdapter, Microsoft.VisualStudio.QualityTools.Tips.UnitTest.Adapter" className="WallStreetSystems.StructuredProducts.Interop.Test.CurveTests, WSS.SPF.Interop.Test, Version=2009.1.0.0, Culture=neutral, PublicKeyToken=b5fd1a36512e1285" name="TestMarketCurveCalibrateWithSampleCrv" />
    </UnitTest>
    <UnitTest name="TestCapVolSmileRemove" storage="c:\depotci\dev\ird\2009.2\client\interop\wss.spf.interop.test\bin\release\wss.spf.interop.test.dll" id="01971cbf-6957-00a2-94bc-795d8b90e491">
      <Css projectStructure="" iteration="" />
      <Owners>
        <Owner name="" />
      </Owners>
      <Execution id="73b42b63-40c4-462d-9c64-0da7e540307f" />
      <TestMethod codeBase="C:/depotCI/dev/ird/2009.2/Client/Interop/WSS.SPF.Interop.Test/bin/Release/WSS.SPF.Interop.Test.DLL" adapterTypeName="Microsoft.VisualStudio.TestTools.TestTypes.Unit.UnitTestAdapter, Microsoft.VisualStudio.QualityTools.Tips.UnitTest.Adapter" className="WallStreetSystems.StructuredProducts.Interop.Test.CurveTests, WSS.SPF.Interop.Test, Version=2009.1.0.0, Culture=neutral, PublicKeyToken=b5fd1a36512e1285" name="TestCapVolSmileRemove" />
    </UnitTest>
    <UnitTest name="TestMktCrvDescProperties" storage="c:\depotci\dev\ird\2009.2\client\interop\wss.spf.interop.test\bin\release\wss.spf.interop.test.dll" id="7f56f943-8c89-ab4c-8340-6ea34ae4d2fa">
      <Css projectStructure="" iteration="" />
      <Owners>
        <Owner name="" />
      </Owners>
      <Execution id="0c78bf34-6954-46ad-843e-7cfb41542373" />
      <TestMethod codeBase="C:/depotCI/dev/ird/2009.2/Client/Interop/WSS.SPF.Interop.Test/bin/Release/WSS.SPF.Interop.Test.DLL" adapterTypeName="Microsoft.VisualStudio.TestTools.TestTypes.Unit.UnitTestAdapter, Microsoft.VisualStudio.QualityTools.Tips.UnitTest.Adapter" className="WallStreetSystems.StructuredProducts.Interop.Test.MarketCurveDescriptionTests, WSS.SPF.Interop.Test, Version=2009.1.0.0, Culture=neutral, PublicKeyToken=b5fd1a36512e1285" name="TestMktCrvDescProperties" />
    </UnitTest>
    <UnitTest name="TestServerInformationNoSession" storage="c:\depotci\dev\ird\2009.2\client\interop\wss.spf.interop.test\bin\release\wss.spf.interop.test.dll" id="87ec4358-9ad2-f2a5-7f11-dc99f088a96c">
      <Css projectStructure="" iteration="" />
      <Owners>
        <Owner name="" />
      </Owners>
      <Execution id="f0a19c2c-99e6-45b4-b333-a210a01fa688" />
      <TestMethod codeBase="C:/depotCI/dev/ird/2009.2/Client/Interop/WSS.SPF.Interop.Test/bin/Release/WSS.SPF.Interop.Test.DLL" adapterTypeName="Microsoft.VisualStudio.TestTools.TestTypes.Unit.UnitTestAdapter, Microsoft.VisualStudio.QualityTools.Tips.UnitTest.Adapter" className="WallStreetSystems.StructuredProducts.Interop.Test.MiscTests, WSS.SPF.Interop.Test, Version=2009.1.0.0, Culture=neutral, PublicKeyToken=b5fd1a36512e1285" name="TestServerInformationNoSession" expectedException="System.Runtime.InteropServices.COMException, mscorlib, Version=2.0.0.0, Culture=neutral, PublicKeyToken=b77a5c561934e089" expectedExceptionMessage="Should not be able to get server information without an active session" />
    </UnitTest>
    <UnitTest name="TestTreeModeCombinationsPackageTrades" storage="c:\depotci\dev\ird\2009.2\client\interop\wss.spf.interop.test\bin\release\wss.spf.interop.test.dll" id="b5539f8a-f273-a448-fe47-4923193036a9">
      <Css projectStructure="" iteration="" />
      <Owners>
        <Owner name="" />
      </Owners>
      <Execution id="c9ee8b5d-d975-4a47-a02a-129e6b5ddbe0" />
      <TestMethod codeBase="C:/depotCI/dev/ird/2009.2/Client/Interop/WSS.SPF.Interop.Test/bin/Release/WSS.SPF.Interop.Test.DLL" adapterTypeName="Microsoft.VisualStudio.TestTools.TestTypes.Unit.UnitTestAdapter, Microsoft.VisualStudio.QualityTools.Tips.UnitTest.Adapter" className="WallStreetSystems.StructuredProducts.Interop.Test.LocalTreeTests, WSS.SPF.Interop.Test, Version=2009.1.0.0, Culture=neutral, PublicKeyToken=b5fd1a36512e1285" name="TestTreeModeCombinationsPackageTrades" />
    </UnitTest>
    <UnitTest name="TestDeleteMktCrvFromWarehouseViaDescriptions" storage="c:\depotci\dev\ird\2009.2\client\interop\wss.spf.interop.test\bin\release\wss.spf.interop.test.dll" id="f1178a23-fd26-98ba-5fba-65509fe68739">
      <Css projectStructure="" iteration="" />
      <Owners>
        <Owner name="" />
      </Owners>
      <Execution id="cd72e5e4-f125-422c-aa13-5c7590abb5ce" />
      <TestMethod codeBase="C:/depotCI/dev/ird/2009.2/Client/Interop/WSS.SPF.Interop.Test/bin/Release/WSS.SPF.Interop.Test.DLL" adapterTypeName="Microsoft.VisualStudio.TestTools.TestTypes.Unit.UnitTestAdapter, Microsoft.VisualStudio.QualityTools.Tips.UnitTest.Adapter" className="WallStreetSystems.StructuredProducts.Interop.Test.MarketCurveDescriptionTests, WSS.SPF.Interop.Test, Version=2009.1.0.0, Culture=neutral, PublicKeyToken=b5fd1a36512e1285" name="TestDeleteMktCrvFromWarehouseViaDescriptions" />
    </UnitTest>
    <UnitTest name="TestTreeModeCombinationsTradesInventoryFolders" storage="c:\depotci\dev\ird\2009.2\client\interop\wss.spf.interop.test\bin\release\wss.spf.interop.test.dll" id="19a4b933-04bc-98e7-9bb4-9ad13ae57610">
      <Css projectStructure="" iteration="" />
      <Owners>
        <Owner name="" />
      </Owners>
      <Execution id="f8626e98-1a71-48ed-866b-bc72bf3936af" />
      <TestMethod codeBase="C:/depotCI/dev/ird/2009.2/Client/Interop/WSS.SPF.Interop.Test/bin/Release/WSS.SPF.Interop.Test.DLL" adapterTypeName="Microsoft.VisualStudio.TestTools.TestTypes.Unit.UnitTestAdapter, Microsoft.VisualStudio.QualityTools.Tips.UnitTest.Adapter" className="WallStreetSystems.StructuredProducts.Interop.Test.LocalTreeTests, WSS.SPF.Interop.Test, Version=2009.1.0.0, Culture=neutral, PublicKeyToken=b5fd1a36512e1285" name="TestTreeModeCombinationsTradesInventoryFolders" />
    </UnitTest>
    <UnitTest name="TestInitializeMarketCurve" storage="c:\depotci\dev\ird\2009.2\client\interop\wss.spf.interop.test\bin\release\wss.spf.interop.test.dll" id="bae4258a-cf81-972e-ca24-358a5cc13d7c">
      <Css projectStructure="" iteration="" />
      <Owners>
        <Owner name="" />
      </Owners>
      <Execution id="fb464879-7b80-4702-941b-a68cc3a6e70f" />
      <TestMethod codeBase="C:/depotCI/dev/ird/2009.2/Client/Interop/WSS.SPF.Interop.Test/bin/Release/WSS.SPF.Interop.Test.DLL" adapterTypeName="Microsoft.VisualStudio.TestTools.TestTypes.Unit.UnitTestAdapter, Microsoft.VisualStudio.QualityTools.Tips.UnitTest.Adapter" className="WallStreetSystems.StructuredProducts.Interop.Test.CurveTests, WSS.SPF.Interop.Test, Version=2009.1.0.0, Culture=neutral, PublicKeyToken=b5fd1a36512e1285" name="TestInitializeMarketCurve" />
    </UnitTest>
    <UnitTest name="TestCreateRateDescription" storage="c:\depotci\dev\ird\2009.2\client\interop\wss.spf.interop.test\bin\release\wss.spf.interop.test.dll" id="29f7a8d1-63a6-869e-73c0-4e2b32265151">
      <Css projectStructure="" iteration="" />
      <Owners>
        <Owner name="" />
      </Owners>
      <Execution id="1124b93d-fda0-4512-9d28-165e6878e325" />
      <TestMethod codeBase="C:/depotCI/dev/ird/2009.2/Client/Interop/WSS.SPF.Interop.Test/bin/Release/WSS.SPF.Interop.Test.DLL" adapterTypeName="Microsoft.VisualStudio.TestTools.TestTypes.Unit.UnitTestAdapter, Microsoft.VisualStudio.QualityTools.Tips.UnitTest.Adapter" className="WallStreetSystems.StructuredProducts.Interop.Test.RateTests, WSS.SPF.Interop.Test, Version=2009.1.0.0, Culture=neutral, PublicKeyToken=b5fd1a36512e1285" name="TestCreateRateDescription" />
    </UnitTest>
    <UnitTest name="TestBuildMarketViaNewCrvDef" storage="c:\depotci\dev\ird\2009.2\client\interop\wss.spf.interop.test\bin\release\wss.spf.interop.test.dll" id="8ae44a3b-469c-7027-eb51-038c8b8c11ad">
      <Css projectStructure="" iteration="" />
      <Owners>
        <Owner name="" />
      </Owners>
      <Execution id="766d7353-2fe0-4dbc-b5de-3fc19b73d02d" />
      <TestMethod codeBase="C:/depotCI/dev/ird/2009.2/Client/Interop/WSS.SPF.Interop.Test/bin/Release/WSS.SPF.Interop.Test.DLL" adapterTypeName="Microsoft.VisualStudio.TestTools.TestTypes.Unit.UnitTestAdapter, Microsoft.VisualStudio.QualityTools.Tips.UnitTest.Adapter" className="WallStreetSystems.StructuredProducts.Interop.Test.MarketBuildNoClientTests, WSS.SPF.Interop.Test, Version=2009.1.0.0, Culture=neutral, PublicKeyToken=b5fd1a36512e1285" name="TestBuildMarketViaNewCrvDef" />
    </UnitTest>
    <UnitTest name="TestLiveRatesXMLSources" storage="c:\depotci\dev\ird\2009.2\client\interop\wss.spf.interop.test\bin\release\wss.spf.interop.test.dll" id="52bffe89-0b9b-151f-7383-326bd8381154">
      <Css projectStructure="" iteration="" />
      <Owners>
        <Owner name="" />
      </Owners>
      <Execution id="973de023-42b1-4003-821b-38599bbfee49" />
      <TestMethod codeBase="C:/depotCI/dev/ird/2009.2/Client/Interop/WSS.SPF.Interop.Test/bin/Release/WSS.SPF.Interop.Test.DLL" adapterTypeName="Microsoft.VisualStudio.TestTools.TestTypes.Unit.UnitTestAdapter, Microsoft.VisualStudio.QualityTools.Tips.UnitTest.Adapter" className="WallStreetSystems.StructuredProducts.Interop.Test.LiveRatesTests, WSS.SPF.Interop.Test, Version=2009.1.0.0, Culture=neutral, PublicKeyToken=b5fd1a36512e1285" name="TestLiveRatesXMLSources" />
    </UnitTest>
    <UnitTest name="TestSaveCurveRetrieve" storage="c:\depotci\dev\ird\2009.2\client\interop\wss.spf.interop.test\bin\release\wss.spf.interop.test.dll" id="27ff0b24-b897-fe23-403d-75e3297fbc49">
      <Css projectStructure="" iteration="" />
      <Owners>
        <Owner name="" />
      </Owners>
      <Execution id="cf44764b-4cce-4a21-b7f6-86162c1cef9b" />
      <TestMethod codeBase="C:/depotCI/dev/ird/2009.2/Client/Interop/WSS.SPF.Interop.Test/bin/Release/WSS.SPF.Interop.Test.DLL" adapterTypeName="Microsoft.VisualStudio.TestTools.TestTypes.Unit.UnitTestAdapter, Microsoft.VisualStudio.QualityTools.Tips.UnitTest.Adapter" className="WallStreetSystems.StructuredProducts.Interop.Test.MarketCurveDescriptionTests, WSS.SPF.Interop.Test, Version=2009.1.0.0, Culture=neutral, PublicKeyToken=b5fd1a36512e1285" name="TestSaveCurveRetrieve" />
    </UnitTest>
    <UnitTest name="TestTradeAudit" storage="c:\depotci\dev\ird\2009.2\client\interop\wss.spf.interop.test\bin\release\wss.spf.interop.test.dll" id="77cf76a5-b1fb-242c-c6b6-3c2cce2b459c">
      <Css projectStructure="" iteration="" />
      <Owners>
        <Owner name="" />
      </Owners>
      <Execution id="a2ec1c5a-eb97-40e9-8a40-a9a09f3aa233" />
      <TestMethod codeBase="C:/depotCI/dev/ird/2009.2/Client/Interop/WSS.SPF.Interop.Test/bin/Release/WSS.SPF.Interop.Test.DLL" adapterTypeName="Microsoft.VisualStudio.TestTools.TestTypes.Unit.UnitTestAdapter, Microsoft.VisualStudio.QualityTools.Tips.UnitTest.Adapter" className="WallStreetSystems.StructuredProducts.Interop.Test.TradeAuditTests, WSS.SPF.Interop.Test, Version=2009.1.0.0, Culture=neutral, PublicKeyToken=b5fd1a36512e1285" name="TestTradeAudit" />
    </UnitTest>
    <UnitTest name="TestChangePassword" storage="c:\depotci\dev\ird\2009.2\client\interop\wss.spf.interop.test\bin\release\wss.spf.interop.test.dll" id="70686423-b4be-52f4-5053-69c265f4b2f7">
      <Css projectStructure="" iteration="" />
      <Owners>
        <Owner name="" />
      </Owners>
      <Execution id="b48d4ef1-9e23-45af-87e0-f202d76924da" />
      <TestMethod codeBase="C:/depotCI/dev/ird/2009.2/Client/Interop/WSS.SPF.Interop.Test/bin/Release/WSS.SPF.Interop.Test.DLL" adapterTypeName="Microsoft.VisualStudio.TestTools.TestTypes.Unit.UnitTestAdapter, Microsoft.VisualStudio.QualityTools.Tips.UnitTest.Adapter" className="WallStreetSystems.StructuredProducts.Interop.Test.UserProfileTests, WSS.SPF.Interop.Test, Version=2009.1.0.0, Culture=neutral, PublicKeyToken=b5fd1a36512e1285" name="TestChangePassword" />
    </UnitTest>
    <UnitTest name="TestBuildMktCrvObjectNotChanged" storage="c:\depotci\dev\ird\2009.2\client\interop\wss.spf.interop.test\bin\release\wss.spf.interop.test.dll" id="8277d440-df3a-11e8-73e4-497a868d8939">
      <Css projectStructure="" iteration="" />
      <Owners>
        <Owner name="" />
      </Owners>
      <Execution id="2081130f-92e1-4d44-85e4-78d9c10c8079" />
      <TestMethod codeBase="C:/depotCI/dev/ird/2009.2/Client/Interop/WSS.SPF.Interop.Test/bin/Release/WSS.SPF.Interop.Test.DLL" adapterTypeName="Microsoft.VisualStudio.TestTools.TestTypes.Unit.UnitTestAdapter, Microsoft.VisualStudio.QualityTools.Tips.UnitTest.Adapter" className="WallStreetSystems.StructuredProducts.Interop.Test.CurveTests, WSS.SPF.Interop.Test, Version=2009.1.0.0, Culture=neutral, PublicKeyToken=b5fd1a36512e1285" name="TestBuildMktCrvObjectNotChanged" />
    </UnitTest>
    <UnitTest name="TestParseLikeExpression" storage="c:\depotci\dev\ird\2009.2\client\interop\wss.spf.interop.test\bin\release\wss.spf.interop.test.dll" id="f5060a9d-3f9e-b431-30ee-6eea618c219d">
      <Css projectStructure="" iteration="" />
      <Owners>
        <Owner name="" />
      </Owners>
      <Execution id="84318145-3b78-4381-aa62-121c31cc7d09" />
      <TestMethod codeBase="C:/depotCI/dev/ird/2009.2/Client/Interop/WSS.SPF.Interop.Test/bin/Release/WSS.SPF.Interop.Test.DLL" adapterTypeName="Microsoft.VisualStudio.TestTools.TestTypes.Unit.UnitTestAdapter, Microsoft.VisualStudio.QualityTools.Tips.UnitTest.Adapter" className="WallStreetSystems.StructuredProducts.Interop.Test.ExpressionTests, WSS.SPF.Interop.Test, Version=2009.1.0.0, Culture=neutral, PublicKeyToken=b5fd1a36512e1285" name="TestParseLikeExpression" />
    </UnitTest>
    <UnitTest name="TestExportImportUserKeyAsBlob" storage="c:\depotci\dev\ird\2009.2\client\interop\wss.spf.interop.test\bin\release\wss.spf.interop.test.dll" id="2c5e5a39-2d78-890c-a985-86f62773de39">
      <Css projectStructure="" iteration="" />
      <Owners>
        <Owner name="" />
      </Owners>
      <Execution id="44209f45-8821-45af-a76a-e64ce8489315" />
      <TestMethod codeBase="C:/depotCI/dev/ird/2009.2/Client/Interop/WSS.SPF.Interop.Test/bin/Release/WSS.SPF.Interop.Test.DLL" adapterTypeName="Microsoft.VisualStudio.TestTools.TestTypes.Unit.UnitTestAdapter, Microsoft.VisualStudio.QualityTools.Tips.UnitTest.Adapter" className="WallStreetSystems.StructuredProducts.Interop.Test.MiscTests, WSS.SPF.Interop.Test, Version=2009.1.0.0, Culture=neutral, PublicKeyToken=b5fd1a36512e1285" name="TestExportImportUserKeyAsBlob" />
    </UnitTest>
    <UnitTest name="TestBuildFXFailed" storage="c:\depotci\dev\ird\2009.2\client\interop\wss.spf.interop.test\bin\release\wss.spf.interop.test.dll" id="1a6084b0-4adb-c6da-75d2-fac7b5cb3815">
      <Css projectStructure="" iteration="" />
      <Owners>
        <Owner name="" />
      </Owners>
      <Execution id="087f11c4-0a02-4d0e-93c7-69b0a54e0adf" />
      <TestMethod codeBase="C:/depotCI/dev/ird/2009.2/Client/Interop/WSS.SPF.Interop.Test/bin/Release/WSS.SPF.Interop.Test.DLL" adapterTypeName="Microsoft.VisualStudio.TestTools.TestTypes.Unit.UnitTestAdapter, Microsoft.VisualStudio.QualityTools.Tips.UnitTest.Adapter" className="WallStreetSystems.StructuredProducts.Interop.Test.CurveTests, WSS.SPF.Interop.Test, Version=2009.1.0.0, Culture=neutral, PublicKeyToken=b5fd1a36512e1285" name="TestBuildFXFailed" />
    </UnitTest>
    <UnitTest name="TestFuturesContacts" storage="c:\depotci\dev\ird\2009.2\client\interop\wss.spf.interop.test\bin\release\wss.spf.interop.test.dll" id="2c69f06c-4c23-0578-46ae-4512226351cc">
      <Css projectStructure="" iteration="" />
      <Owners>
        <Owner name="" />
      </Owners>
      <Execution id="c7095f37-92cb-416a-b56f-f8d5dabd8397" />
      <TestMethod codeBase="C:/depotCI/dev/ird/2009.2/Client/Interop/WSS.SPF.Interop.Test/bin/Release/WSS.SPF.Interop.Test.DLL" adapterTypeName="Microsoft.VisualStudio.TestTools.TestTypes.Unit.UnitTestAdapter, Microsoft.VisualStudio.QualityTools.Tips.UnitTest.Adapter" className="WallStreetSystems.StructuredProducts.Interop.Test.FuturesTests, WSS.SPF.Interop.Test, Version=2009.1.0.0, Culture=neutral, PublicKeyToken=b5fd1a36512e1285" name="TestFuturesContacts" />
    </UnitTest>
    <UnitTest name="TestTreeModeTREE_VIEW_PORTFOLIO" storage="c:\depotci\dev\ird\2009.2\client\interop\wss.spf.interop.test\bin\release\wss.spf.interop.test.dll" id="3c1f4ea2-36e9-bc47-3a77-b2809a736514">
      <Css projectStructure="" iteration="" />
      <Owners>
        <Owner name="" />
      </Owners>
      <Execution id="e04d3a6a-9b3d-46fc-847b-82c2f7f679eb" />
      <TestMethod codeBase="C:/depotCI/dev/ird/2009.2/Client/Interop/WSS.SPF.Interop.Test/bin/Release/WSS.SPF.Interop.Test.DLL" adapterTypeName="Microsoft.VisualStudio.TestTools.TestTypes.Unit.UnitTestAdapter, Microsoft.VisualStudio.QualityTools.Tips.UnitTest.Adapter" className="WallStreetSystems.StructuredProducts.Interop.Test.LocalTreeTests, WSS.SPF.Interop.Test, Version=2009.1.0.0, Culture=neutral, PublicKeyToken=b5fd1a36512e1285" name="TestTreeModeTREE_VIEW_PORTFOLIO" />
    </UnitTest>
    <UnitTest name="TestWriteToSecurityLog" storage="c:\depotci\dev\ird\2009.2\client\interop\wss.spf.interop.test\bin\release\wss.spf.interop.test.dll" id="8d3fcd5f-afdf-19e2-267a-5e4b51485d5b">
      <Css projectStructure="" iteration="" />
      <Owners>
        <Owner name="" />
      </Owners>
      <Execution id="46a34401-f348-46de-b789-44414f4f19f2" />
      <TestMethod codeBase="C:/depotCI/dev/ird/2009.2/Client/Interop/WSS.SPF.Interop.Test/bin/Release/WSS.SPF.Interop.Test.DLL" adapterTypeName="Microsoft.VisualStudio.TestTools.TestTypes.Unit.UnitTestAdapter, Microsoft.VisualStudio.QualityTools.Tips.UnitTest.Adapter" className="WallStreetSystems.StructuredProducts.Interop.Test.SecurityLogTests, WSS.SPF.Interop.Test, Version=2009.1.0.0, Culture=neutral, PublicKeyToken=b5fd1a36512e1285" name="TestWriteToSecurityLog" />
    </UnitTest>
    <UnitTest name="TestCurveAllPointsNeverChanged" storage="c:\depotci\dev\ird\2009.2\client\interop\wss.spf.interop.test\bin\release\wss.spf.interop.test.dll" id="b07075a4-6dfe-1be3-fa93-984f754cd8b1">
      <Css projectStructure="" iteration="" />
      <Owners>
        <Owner name="" />
      </Owners>
      <Execution id="53b9fb19-4105-422e-838a-2541d2bb9894" />
      <TestMethod codeBase="C:/depotCI/dev/ird/2009.2/Client/Interop/WSS.SPF.Interop.Test/bin/Release/WSS.SPF.Interop.Test.DLL" adapterTypeName="Microsoft.VisualStudio.TestTools.TestTypes.Unit.UnitTestAdapter, Microsoft.VisualStudio.QualityTools.Tips.UnitTest.Adapter" className="WallStreetSystems.StructuredProducts.Interop.Test.MarketCurveUpdateTests, WSS.SPF.Interop.Test, Version=2009.1.0.0, Culture=neutral, PublicKeyToken=b5fd1a36512e1285" name="TestCurveAllPointsNeverChanged" />
    </UnitTest>
    <UnitTest name="TestCapVolSmileAdd" storage="c:\depotci\dev\ird\2009.2\client\interop\wss.spf.interop.test\bin\release\wss.spf.interop.test.dll" id="a3e429a4-41ef-009d-b6ff-f8720741cd00">
      <Css projectStructure="" iteration="" />
      <Owners>
        <Owner name="" />
      </Owners>
      <Execution id="dfa54593-eb57-44dd-ad1e-154c901ae1e9" />
      <TestMethod codeBase="C:/depotCI/dev/ird/2009.2/Client/Interop/WSS.SPF.Interop.Test/bin/Release/WSS.SPF.Interop.Test.DLL" adapterTypeName="Microsoft.VisualStudio.TestTools.TestTypes.Unit.UnitTestAdapter, Microsoft.VisualStudio.QualityTools.Tips.UnitTest.Adapter" className="WallStreetSystems.StructuredProducts.Interop.Test.CurveTests, WSS.SPF.Interop.Test, Version=2009.1.0.0, Culture=neutral, PublicKeyToken=b5fd1a36512e1285" name="TestCapVolSmileAdd" />
    </UnitTest>
    <UnitTest name="TestCreateAndStorePseudoDf" storage="c:\depotci\dev\ird\2009.2\client\interop\wss.spf.interop.test\bin\release\wss.spf.interop.test.dll" id="0389b4f9-6fc3-b9c5-fb5e-3345d7032ad3">
      <Css projectStructure="" iteration="" />
      <Owners>
        <Owner name="" />
      </Owners>
      <Execution id="b108d4dc-ff76-489a-866a-181e1763ef05" />
      <TestMethod codeBase="C:/depotCI/dev/ird/2009.2/Client/Interop/WSS.SPF.Interop.Test/bin/Release/WSS.SPF.Interop.Test.DLL" adapterTypeName="Microsoft.VisualStudio.TestTools.TestTypes.Unit.UnitTestAdapter, Microsoft.VisualStudio.QualityTools.Tips.UnitTest.Adapter" className="WallStreetSystems.StructuredProducts.Interop.Test.CurveTests, WSS.SPF.Interop.Test, Version=2009.1.0.0, Culture=neutral, PublicKeyToken=b5fd1a36512e1285" name="TestCreateAndStorePseudoDf" />
    </UnitTest>
    <UnitTest name="TestStringAttachment" storage="c:\depotci\dev\ird\2009.2\client\interop\wss.spf.interop.test\bin\release\wss.spf.interop.test.dll" id="feef904e-d3c4-da14-cfc2-3af86e347eb2">
      <Css projectStructure="" iteration="" />
      <Owners>
        <Owner name="" />
      </Owners>
      <Execution id="c12759b8-fe80-4c33-8f8d-54dc2077bb0c" />
      <TestMethod codeBase="C:/depotCI/dev/ird/2009.2/Client/Interop/WSS.SPF.Interop.Test/bin/Release/WSS.SPF.Interop.Test.DLL" adapterTypeName="Microsoft.VisualStudio.TestTools.TestTypes.Unit.UnitTestAdapter, Microsoft.VisualStudio.QualityTools.Tips.UnitTest.Adapter" className="WallStreetSystems.StructuredProducts.Interop.Test.AttachmentTests, WSS.SPF.Interop.Test, Version=2009.1.0.0, Culture=neutral, PublicKeyToken=b5fd1a36512e1285" name="TestStringAttachment" />
    </UnitTest>
    <UnitTest name="TestTreeModeTREE_VIEW_PACKAGE" storage="c:\depotci\dev\ird\2009.2\client\interop\wss.spf.interop.test\bin\release\wss.spf.interop.test.dll" id="0af05782-ea0f-71de-2548-0e934f4541db">
      <Css projectStructure="" iteration="" />
      <Owners>
        <Owner name="" />
      </Owners>
      <Execution id="6ada8e44-c296-4ce2-8563-28b682049f9a" />
      <TestMethod codeBase="C:/depotCI/dev/ird/2009.2/Client/Interop/WSS.SPF.Interop.Test/bin/Release/WSS.SPF.Interop.Test.DLL" adapterTypeName="Microsoft.VisualStudio.TestTools.TestTypes.Unit.UnitTestAdapter, Microsoft.VisualStudio.QualityTools.Tips.UnitTest.Adapter" className="WallStreetSystems.StructuredProducts.Interop.Test.LocalTreeTests, WSS.SPF.Interop.Test, Version=2009.1.0.0, Culture=neutral, PublicKeyToken=b5fd1a36512e1285" name="TestTreeModeTREE_VIEW_PACKAGE" />
    </UnitTest>
    <UnitTest name="TestRandomString" storage="c:\depotci\dev\ird\2009.2\client\interop\wss.spf.interop.test\bin\release\wss.spf.interop.test.dll" id="58b18012-f48d-4aed-b421-3efe9039bea4">
      <Css projectStructure="" iteration="" />
      <Owners>
        <Owner name="" />
      </Owners>
      <Execution id="ff31ecdc-e733-4094-a285-d0becad54172" />
      <TestMethod codeBase="C:/depotCI/dev/ird/2009.2/Client/Interop/WSS.SPF.Interop.Test/bin/Release/WSS.SPF.Interop.Test.DLL" adapterTypeName="Microsoft.VisualStudio.TestTools.TestTypes.Unit.UnitTestAdapter, Microsoft.VisualStudio.QualityTools.Tips.UnitTest.Adapter" className="WallStreetSystems.StructuredProducts.Interop.Test.MiscTests, WSS.SPF.Interop.Test, Version=2009.1.0.0, Culture=neutral, PublicKeyToken=b5fd1a36512e1285" name="TestRandomString" />
    </UnitTest>
    <UnitTest name="TestMarketCurveCalibrateHW" storage="c:\depotci\dev\ird\2009.2\client\interop\wss.spf.interop.test\bin\release\wss.spf.interop.test.dll" id="a72f1c3a-6888-14a2-f296-de22deea85e1">
      <Css projectStructure="" iteration="" />
      <Owners>
        <Owner name="" />
      </Owners>
      <Execution id="cae8d3f3-972c-47e8-b216-1ff10792a666" />
      <TestMethod codeBase="C:/depotCI/dev/ird/2009.2/Client/Interop/WSS.SPF.Interop.Test/bin/Release/WSS.SPF.Interop.Test.DLL" adapterTypeName="Microsoft.VisualStudio.TestTools.TestTypes.Unit.UnitTestAdapter, Microsoft.VisualStudio.QualityTools.Tips.UnitTest.Adapter" className="WallStreetSystems.StructuredProducts.Interop.Test.CurveTests, WSS.SPF.Interop.Test, Version=2009.1.0.0, Culture=neutral, PublicKeyToken=b5fd1a36512e1285" name="TestMarketCurveCalibrateHW" />
    </UnitTest>
    <UnitTest name="TestPriceSaveCapTrade" storage="c:\depotci\dev\ird\2009.2\client\interop\wss.spf.interop.test\bin\release\wss.spf.interop.test.dll" id="7dac3dd2-1947-eecf-da93-506d5df9516d">
      <Css projectStructure="" iteration="" />
      <Owners>
        <Owner name="" />
      </Owners>
      <Execution id="68bfe03b-6380-497e-bd41-89d1ce1beeed" />
      <TestMethod codeBase="C:/depotCI/dev/ird/2009.2/Client/Interop/WSS.SPF.Interop.Test/bin/Release/WSS.SPF.Interop.Test.DLL" adapterTypeName="Microsoft.VisualStudio.TestTools.TestTypes.Unit.UnitTestAdapter, Microsoft.VisualStudio.QualityTools.Tips.UnitTest.Adapter" className="WallStreetSystems.StructuredProducts.Interop.Test.TradeTests, WSS.SPF.Interop.Test, Version=2009.1.0.0, Culture=neutral, PublicKeyToken=b5fd1a36512e1285" name="TestPriceSaveCapTrade" />
    </UnitTest>
    <UnitTest name="TestCapVolVolPtsRemove" storage="c:\depotci\dev\ird\2009.2\client\interop\wss.spf.interop.test\bin\release\wss.spf.interop.test.dll" id="00ddc7e1-23cd-f256-2bb5-7c63e67589f4">
      <Css projectStructure="" iteration="" />
      <Owners>
        <Owner name="" />
      </Owners>
      <Execution id="030587f9-7881-44ce-bab2-cfb1c7366ded" />
      <TestMethod codeBase="C:/depotCI/dev/ird/2009.2/Client/Interop/WSS.SPF.Interop.Test/bin/Release/WSS.SPF.Interop.Test.DLL" adapterTypeName="Microsoft.VisualStudio.TestTools.TestTypes.Unit.UnitTestAdapter, Microsoft.VisualStudio.QualityTools.Tips.UnitTest.Adapter" className="WallStreetSystems.StructuredProducts.Interop.Test.CurveTests, WSS.SPF.Interop.Test, Version=2009.1.0.0, Culture=neutral, PublicKeyToken=b5fd1a36512e1285" name="TestCapVolVolPtsRemove" />
    </UnitTest>
    <UnitTest name="TestMultipleLogins" storage="c:\depotci\dev\ird\2009.2\client\interop\wss.spf.interop.test\bin\release\wss.spf.interop.test.dll" id="aa5a3d20-8d24-260b-4fc0-f169db641f47">
      <Css projectStructure="" iteration="" />
      <Owners>
        <Owner name="" />
      </Owners>
      <Execution id="52ea70af-edaf-4a80-9e2e-4baf1a62b290" />
      <TestMethod codeBase="C:/depotCI/dev/ird/2009.2/Client/Interop/WSS.SPF.Interop.Test/bin/Release/WSS.SPF.Interop.Test.DLL" adapterTypeName="Microsoft.VisualStudio.TestTools.TestTypes.Unit.UnitTestAdapter, Microsoft.VisualStudio.QualityTools.Tips.UnitTest.Adapter" className="WallStreetSystems.StructuredProducts.Interop.Test.SessionLoginLogoutTests, WSS.SPF.Interop.Test, Version=2009.1.0.0, Culture=neutral, PublicKeyToken=b5fd1a36512e1285" name="TestMultipleLogins" />
    </UnitTest>
    <UnitTest name="TestSaveContractWithEmptyTenor" storage="c:\depotci\dev\ird\2009.2\client\interop\wss.spf.interop.test\bin\release\wss.spf.interop.test.dll" id="2cfff909-d3bc-dac7-267c-b1bf657fa9e1">
      <Css projectStructure="" iteration="" />
      <Owners>
        <Owner name="" />
      </Owners>
      <Execution id="d2934895-feb8-4155-bbed-f6286887eefe" />
      <TestMethod codeBase="C:/depotCI/dev/ird/2009.2/Client/Interop/WSS.SPF.Interop.Test/bin/Release/WSS.SPF.Interop.Test.DLL" adapterTypeName="Microsoft.VisualStudio.TestTools.TestTypes.Unit.UnitTestAdapter, Microsoft.VisualStudio.QualityTools.Tips.UnitTest.Adapter" className="WallStreetSystems.StructuredProducts.Interop.Test.FuturesTests, WSS.SPF.Interop.Test, Version=2009.1.0.0, Culture=neutral, PublicKeyToken=b5fd1a36512e1285" name="TestSaveContractWithEmptyTenor" expectedException="System.Runtime.InteropServices.COMException, mscorlib, Version=2.0.0.0, Culture=neutral, PublicKeyToken=b77a5c561934e089" expectedExceptionMessage="Should not be able to save futures contract with empty tenor." />
    </UnitTest>
    <UnitTest name="TestParseTradeProperties" storage="c:\depotci\dev\ird\2009.2\client\interop\wss.spf.interop.test\bin\release\wss.spf.interop.test.dll" id="b87c3137-153b-2cd6-6289-0d840de7b407">
      <Css projectStructure="" iteration="" />
      <Owners>
        <Owner name="" />
      </Owners>
      <Execution id="68517f48-1c11-427a-b1a7-6092d3f218c1" />
      <TestMethod codeBase="C:/depotCI/dev/ird/2009.2/Client/Interop/WSS.SPF.Interop.Test/bin/Release/WSS.SPF.Interop.Test.DLL" adapterTypeName="Microsoft.VisualStudio.TestTools.TestTypes.Unit.UnitTestAdapter, Microsoft.VisualStudio.QualityTools.Tips.UnitTest.Adapter" className="WallStreetSystems.StructuredProducts.Interop.Test.ExpressionTests, WSS.SPF.Interop.Test, Version=2009.1.0.0, Culture=neutral, PublicKeyToken=b5fd1a36512e1285" name="TestParseTradeProperties" />
    </UnitTest>
    <UnitTest name="TestRateFixingDateChangeFails" storage="c:\depotci\dev\ird\2009.2\client\interop\wss.spf.interop.test\bin\release\wss.spf.interop.test.dll" id="096867a8-3e68-62e4-ef1e-a481c9aef6b2">
      <Css projectStructure="" iteration="" />
      <Owners>
        <Owner name="" />
      </Owners>
      <Execution id="cb00a635-5103-4839-87af-deb31c6f7f38" />
      <TestMethod codeBase="C:/depotCI/dev/ird/2009.2/Client/Interop/WSS.SPF.Interop.Test/bin/Release/WSS.SPF.Interop.Test.DLL" adapterTypeName="Microsoft.VisualStudio.TestTools.TestTypes.Unit.UnitTestAdapter, Microsoft.VisualStudio.QualityTools.Tips.UnitTest.Adapter" className="WallStreetSystems.StructuredProducts.Interop.Test.RateTests, WSS.SPF.Interop.Test, Version=2009.1.0.0, Culture=neutral, PublicKeyToken=b5fd1a36512e1285" name="TestRateFixingDateChangeFails" />
    </UnitTest>
    <UnitTest name="TestPackagePathOnTreeByNodeID" storage="c:\depotci\dev\ird\2009.2\client\interop\wss.spf.interop.test\bin\release\wss.spf.interop.test.dll" id="27191708-2e73-6b56-a9ab-b9e2c6211038">
      <Css projectStructure="" iteration="" />
      <Owners>
        <Owner name="" />
      </Owners>
      <Execution id="00cd3753-6bda-4fd8-bd2e-6a2293fe99f7" />
      <TestMethod codeBase="C:/depotCI/dev/ird/2009.2/Client/Interop/WSS.SPF.Interop.Test/bin/Release/WSS.SPF.Interop.Test.DLL" adapterTypeName="Microsoft.VisualStudio.TestTools.TestTypes.Unit.UnitTestAdapter, Microsoft.VisualStudio.QualityTools.Tips.UnitTest.Adapter" className="WallStreetSystems.StructuredProducts.Interop.Test.TradePackagesTests, WSS.SPF.Interop.Test, Version=2009.1.0.0, Culture=neutral, PublicKeyToken=b5fd1a36512e1285" name="TestPackagePathOnTreeByNodeID" />
    </UnitTest>
    <UnitTest name="TestSecurityAuditLogAddEditRemoveRateFixing" storage="c:\depotci\dev\ird\2009.2\client\interop\wss.spf.interop.test\bin\release\wss.spf.interop.test.dll" id="ea881ab4-5635-aa04-fbeb-7155e6638ae3">
      <Css projectStructure="" iteration="" />
      <Owners>
        <Owner name="" />
      </Owners>
      <Execution id="a4585390-2b5f-4091-b97e-61f0ea57ce92" />
      <TestMethod codeBase="C:/depotCI/dev/ird/2009.2/Client/Interop/WSS.SPF.Interop.Test/bin/Release/WSS.SPF.Interop.Test.DLL" adapterTypeName="Microsoft.VisualStudio.TestTools.TestTypes.Unit.UnitTestAdapter, Microsoft.VisualStudio.QualityTools.Tips.UnitTest.Adapter" className="WallStreetSystems.StructuredProducts.Interop.Test.SecurityLogTests, WSS.SPF.Interop.Test, Version=2009.1.0.0, Culture=neutral, PublicKeyToken=b5fd1a36512e1285" name="TestSecurityAuditLogAddEditRemoveRateFixing" />
    </UnitTest>
    <UnitTest name="TestLengthCommodityIndexDescription" storage="c:\depotci\dev\ird\2009.2\client\interop\wss.spf.interop.test\bin\release\wss.spf.interop.test.dll" id="06296c81-d99c-84e4-1dc6-6ce6583c228b">
      <Css projectStructure="" iteration="" />
      <Owners>
        <Owner name="" />
      </Owners>
      <Execution id="a6d6d2e1-268d-404c-82e5-85013719f950" />
      <TestMethod codeBase="C:/depotCI/dev/ird/2009.2/Client/Interop/WSS.SPF.Interop.Test/bin/Release/WSS.SPF.Interop.Test.DLL" adapterTypeName="Microsoft.VisualStudio.TestTools.TestTypes.Unit.UnitTestAdapter, Microsoft.VisualStudio.QualityTools.Tips.UnitTest.Adapter" className="WallStreetSystems.StructuredProducts.Interop.Test.CommodityIndexTests, WSS.SPF.Interop.Test, Version=2009.1.0.0, Culture=neutral, PublicKeyToken=b5fd1a36512e1285" name="TestLengthCommodityIndexDescription" />
    </UnitTest>
    <UnitTest name="TestLoadCurve" storage="c:\depotci\dev\ird\2009.2\client\interop\wss.spf.interop.test\bin\release\wss.spf.interop.test.dll" id="634a86ee-60b1-4426-0734-4e17468f18ad">
      <Css projectStructure="" iteration="" />
      <Owners>
        <Owner name="" />
      </Owners>
      <Execution id="cb017da3-b41a-4708-a0a0-4797a2ca7fa8" />
      <TestMethod codeBase="C:/depotCI/dev/ird/2009.2/Client/Interop/WSS.SPF.Interop.Test/bin/Release/WSS.SPF.Interop.Test.DLL" adapterTypeName="Microsoft.VisualStudio.TestTools.TestTypes.Unit.UnitTestAdapter, Microsoft.VisualStudio.QualityTools.Tips.UnitTest.Adapter" className="WallStreetSystems.StructuredProducts.Interop.Test.CurveTests, WSS.SPF.Interop.Test, Version=2009.1.0.0, Culture=neutral, PublicKeyToken=b5fd1a36512e1285" name="TestLoadCurve" />
    </UnitTest>
    <UnitTest name="TestTreeModeCombinationsPackageLegs" storage="c:\depotci\dev\ird\2009.2\client\interop\wss.spf.interop.test\bin\release\wss.spf.interop.test.dll" id="fb2fae29-999a-e5d8-18a1-cdc478641088">
      <Css projectStructure="" iteration="" />
      <Owners>
        <Owner name="" />
      </Owners>
      <Execution id="30fd490f-caac-4fd7-9f62-21101998a1c1" />
      <TestMethod codeBase="C:/depotCI/dev/ird/2009.2/Client/Interop/WSS.SPF.Interop.Test/bin/Release/WSS.SPF.Interop.Test.DLL" adapterTypeName="Microsoft.VisualStudio.TestTools.TestTypes.Unit.UnitTestAdapter, Microsoft.VisualStudio.QualityTools.Tips.UnitTest.Adapter" className="WallStreetSystems.StructuredProducts.Interop.Test.LocalTreeTests, WSS.SPF.Interop.Test, Version=2009.1.0.0, Culture=neutral, PublicKeyToken=b5fd1a36512e1285" name="TestTreeModeCombinationsPackageLegs" />
    </UnitTest>
    <UnitTest name="TestSecurityAuditLogAddEditDisableUser" storage="c:\depotci\dev\ird\2009.2\client\interop\wss.spf.interop.test\bin\release\wss.spf.interop.test.dll" id="fb082343-8c8a-bcd5-f9a2-1b6d329451f1">
      <Css projectStructure="" iteration="" />
      <Owners>
        <Owner name="" />
      </Owners>
      <Execution id="2bfcee57-9eda-405e-b86c-dfe744b8fa62" />
      <TestMethod codeBase="C:/depotCI/dev/ird/2009.2/Client/Interop/WSS.SPF.Interop.Test/bin/Release/WSS.SPF.Interop.Test.DLL" adapterTypeName="Microsoft.VisualStudio.TestTools.TestTypes.Unit.UnitTestAdapter, Microsoft.VisualStudio.QualityTools.Tips.UnitTest.Adapter" className="WallStreetSystems.StructuredProducts.Interop.Test.SecurityLogTests, WSS.SPF.Interop.Test, Version=2009.1.0.0, Culture=neutral, PublicKeyToken=b5fd1a36512e1285" name="TestSecurityAuditLogAddEditDisableUser" />
    </UnitTest>
    <UnitTest name="TestGetSubpackages" storage="c:\depotci\dev\ird\2009.2\client\interop\wss.spf.interop.test\bin\release\wss.spf.interop.test.dll" id="d51b9a19-e24b-9b81-83f6-9a435804f1b5">
      <Css projectStructure="" iteration="" />
      <Owners>
        <Owner name="" />
      </Owners>
      <Execution id="3f5ece02-52df-4bf2-aeea-a204d9bad5c4" />
      <TestMethod codeBase="C:/depotCI/dev/ird/2009.2/Client/Interop/WSS.SPF.Interop.Test/bin/Release/WSS.SPF.Interop.Test.DLL" adapterTypeName="Microsoft.VisualStudio.TestTools.TestTypes.Unit.UnitTestAdapter, Microsoft.VisualStudio.QualityTools.Tips.UnitTest.Adapter" className="WallStreetSystems.StructuredProducts.Interop.Test.TradePackagesTests, WSS.SPF.Interop.Test, Version=2009.1.0.0, Culture=neutral, PublicKeyToken=b5fd1a36512e1285" name="TestGetSubpackages" />
    </UnitTest>
    <UnitTest name="TestInvalidMarketCurveRatesBuildNegativeRate" storage="c:\depotci\dev\ird\2009.2\client\interop\wss.spf.interop.test\bin\release\wss.spf.interop.test.dll" id="3bca8c05-7eb4-62ea-1b28-8ce6414550fe">
      <Css projectStructure="" iteration="" />
      <Owners>
        <Owner name="" />
      </Owners>
      <Execution id="596c16ff-ea85-4269-8d05-020524d4f619" />
      <TestMethod codeBase="C:/depotCI/dev/ird/2009.2/Client/Interop/WSS.SPF.Interop.Test/bin/Release/WSS.SPF.Interop.Test.DLL" adapterTypeName="Microsoft.VisualStudio.TestTools.TestTypes.Unit.UnitTestAdapter, Microsoft.VisualStudio.QualityTools.Tips.UnitTest.Adapter" className="WallStreetSystems.StructuredProducts.Interop.Test.CurveTests, WSS.SPF.Interop.Test, Version=2009.1.0.0, Culture=neutral, PublicKeyToken=b5fd1a36512e1285" name="TestInvalidMarketCurveRatesBuildNegativeRate" />
    </UnitTest>
    <UnitTest name="TestRetrieveCounterPartiesCombineExpressions" storage="c:\depotci\dev\ird\2009.2\client\interop\wss.spf.interop.test\bin\release\wss.spf.interop.test.dll" id="27078a2e-443b-d64f-efe4-6cd581bd31a4">
      <Css projectStructure="" iteration="" />
      <Owners>
        <Owner name="" />
      </Owners>
      <Execution id="73c807a8-149e-41e7-be17-c694bf411f13" />
      <TestMethod codeBase="C:/depotCI/dev/ird/2009.2/Client/Interop/WSS.SPF.Interop.Test/bin/Release/WSS.SPF.Interop.Test.DLL" adapterTypeName="Microsoft.VisualStudio.TestTools.TestTypes.Unit.UnitTestAdapter, Microsoft.VisualStudio.QualityTools.Tips.UnitTest.Adapter" className="WallStreetSystems.StructuredProducts.Interop.Test.CounterPartiesTests, WSS.SPF.Interop.Test, Version=2009.1.0.0, Culture=neutral, PublicKeyToken=b5fd1a36512e1285" name="TestRetrieveCounterPartiesCombineExpressions" />
    </UnitTest>
    <UnitTest name="TestLengthCommodityIndexDescriptionName" storage="c:\depotci\dev\ird\2009.2\client\interop\wss.spf.interop.test\bin\release\wss.spf.interop.test.dll" id="8c8c0900-32d7-164a-c219-7604d2fdd0ed">
      <Css projectStructure="" iteration="" />
      <Owners>
        <Owner name="" />
      </Owners>
      <Execution id="c98504c8-8622-4de0-a2bd-e1ff66e37038" />
      <TestMethod codeBase="C:/depotCI/dev/ird/2009.2/Client/Interop/WSS.SPF.Interop.Test/bin/Release/WSS.SPF.Interop.Test.DLL" adapterTypeName="Microsoft.VisualStudio.TestTools.TestTypes.Unit.UnitTestAdapter, Microsoft.VisualStudio.QualityTools.Tips.UnitTest.Adapter" className="WallStreetSystems.StructuredProducts.Interop.Test.CommodityIndexTests, WSS.SPF.Interop.Test, Version=2009.1.0.0, Culture=neutral, PublicKeyToken=b5fd1a36512e1285" name="TestLengthCommodityIndexDescriptionName" expectedException="System.Runtime.InteropServices.COMException, mscorlib, Version=2.0.0.0, Culture=neutral, PublicKeyToken=b77a5c561934e089" expectedExceptionMessage="Must throw exception when name is more than 29 chars long." />
    </UnitTest>
    <UnitTest name="TestMarketCurveCalibrateSyncronized" storage="c:\depotci\dev\ird\2009.2\client\interop\wss.spf.interop.test\bin\release\wss.spf.interop.test.dll" id="188af7bd-d9c9-b797-7150-e005660dc8f0">
      <Css projectStructure="" iteration="" />
      <Owners>
        <Owner name="" />
      </Owners>
      <Execution id="c63219dd-af32-4ecc-901c-87bd630e2f0a" />
      <TestMethod codeBase="C:/depotCI/dev/ird/2009.2/Client/Interop/WSS.SPF.Interop.Test/bin/Release/WSS.SPF.Interop.Test.DLL" adapterTypeName="Microsoft.VisualStudio.TestTools.TestTypes.Unit.UnitTestAdapter, Microsoft.VisualStudio.QualityTools.Tips.UnitTest.Adapter" className="WallStreetSystems.StructuredProducts.Interop.Test.CurveTests, WSS.SPF.Interop.Test, Version=2009.1.0.0, Culture=neutral, PublicKeyToken=b5fd1a36512e1285" name="TestMarketCurveCalibrateSyncronized" />
    </UnitTest>
    <UnitTest name="TestNegationSwptnVolVolPtsRemove" storage="c:\depotci\dev\ird\2009.2\client\interop\wss.spf.interop.test\bin\release\wss.spf.interop.test.dll" id="54649b14-31a6-e602-ee80-62e3c288c317">
      <Css projectStructure="" iteration="" />
      <Owners>
        <Owner name="" />
      </Owners>
      <Execution id="530b5fbb-8fd7-42f6-9dd9-fd5e1e64ecdd" />
      <TestMethod codeBase="C:/depotCI/dev/ird/2009.2/Client/Interop/WSS.SPF.Interop.Test/bin/Release/WSS.SPF.Interop.Test.DLL" adapterTypeName="Microsoft.VisualStudio.TestTools.TestTypes.Unit.UnitTestAdapter, Microsoft.VisualStudio.QualityTools.Tips.UnitTest.Adapter" className="WallStreetSystems.StructuredProducts.Interop.Test.CurveTests, WSS.SPF.Interop.Test, Version=2009.1.0.0, Culture=neutral, PublicKeyToken=b5fd1a36512e1285" name="TestNegationSwptnVolVolPtsRemove" expectedException="System.Runtime.InteropServices.COMException, mscorlib, Version=2.0.0.0, Culture=neutral, PublicKeyToken=b77a5c561934e089" expectedExceptionMessage="Should fail when no points to remove." />
    </UnitTest>
    <UnitTest name="TestFXCurveSpotPointNoChange" storage="c:\depotci\dev\ird\2009.2\client\interop\wss.spf.interop.test\bin\release\wss.spf.interop.test.dll" id="45f6b777-90d9-ff6d-a29d-da4ccced26ee">
      <Css projectStructure="" iteration="" />
      <Owners>
        <Owner name="" />
      </Owners>
      <Execution id="38109eeb-6eb0-4494-b948-e7af2bc6f822" />
      <TestMethod codeBase="C:/depotCI/dev/ird/2009.2/Client/Interop/WSS.SPF.Interop.Test/bin/Release/WSS.SPF.Interop.Test.DLL" adapterTypeName="Microsoft.VisualStudio.TestTools.TestTypes.Unit.UnitTestAdapter, Microsoft.VisualStudio.QualityTools.Tips.UnitTest.Adapter" className="WallStreetSystems.StructuredProducts.Interop.Test.MarketCurveUpdateTests, WSS.SPF.Interop.Test, Version=2009.1.0.0, Culture=neutral, PublicKeyToken=b5fd1a36512e1285" name="TestFXCurveSpotPointNoChange" />
    </UnitTest>
    <UnitTest name="TestCreateCallManagerOnABackgroundWorker" storage="c:\depotci\dev\ird\2009.2\client\interop\wss.spf.interop.test\bin\release\wss.spf.interop.test.dll" id="c4448764-4b89-92bc-e6c3-56366237f319">
      <Css projectStructure="" iteration="" />
      <Owners>
        <Owner name="" />
      </Owners>
      <Execution id="ba2825c2-c6ce-4a96-b72e-24c12b465ce1" />
      <TestMethod codeBase="C:/depotCI/dev/ird/2009.2/Client/Interop/WSS.SPF.Interop.Test/bin/Release/WSS.SPF.Interop.Test.DLL" adapterTypeName="Microsoft.VisualStudio.TestTools.TestTypes.Unit.UnitTestAdapter, Microsoft.VisualStudio.QualityTools.Tips.UnitTest.Adapter" className="WallStreetSystems.StructuredProducts.Interop.Test.CallTests, WSS.SPF.Interop.Test, Version=2009.1.0.0, Culture=neutral, PublicKeyToken=b5fd1a36512e1285" name="TestCreateCallManagerOnABackgroundWorker" />
    </UnitTest>
    <UnitTest name="TestAttachmentVersions" storage="c:\depotci\dev\ird\2009.2\client\interop\wss.spf.interop.test\bin\release\wss.spf.interop.test.dll" id="d34f8ce3-541e-1871-7503-d0c3b49fca54">
      <Css projectStructure="" iteration="" />
      <Owners>
        <Owner name="" />
      </Owners>
      <Execution id="be91a0e9-cd0f-45e3-b85b-eb13d4f4beec" />
      <TestMethod codeBase="C:/depotCI/dev/ird/2009.2/Client/Interop/WSS.SPF.Interop.Test/bin/Release/WSS.SPF.Interop.Test.DLL" adapterTypeName="Microsoft.VisualStudio.TestTools.TestTypes.Unit.UnitTestAdapter, Microsoft.VisualStudio.QualityTools.Tips.UnitTest.Adapter" className="WallStreetSystems.StructuredProducts.Interop.Test.AttachmentTests, WSS.SPF.Interop.Test, Version=2009.1.0.0, Culture=neutral, PublicKeyToken=b5fd1a36512e1285" name="TestAttachmentVersions" />
    </UnitTest>
    <UnitTest name="TestExportImportKeyAsXmlInternal" storage="c:\depotci\dev\ird\2009.2\client\interop\wss.spf.interop.test\bin\release\wss.spf.interop.test.dll" id="4d18cef3-0107-2b8b-d0b7-a03282826264">
      <Css projectStructure="" iteration="" />
      <Owners>
        <Owner name="" />
      </Owners>
      <Execution id="7d1c265f-af7a-42c9-9f99-c5ca22485137" />
      <TestMethod codeBase="C:/depotCI/dev/ird/2009.2/Client/Interop/WSS.SPF.Interop.Test/bin/Release/WSS.SPF.Interop.Test.DLL" adapterTypeName="Microsoft.VisualStudio.TestTools.TestTypes.Unit.UnitTestAdapter, Microsoft.VisualStudio.QualityTools.Tips.UnitTest.Adapter" className="WallStreetSystems.StructuredProducts.Interop.Test.MiscTests, WSS.SPF.Interop.Test, Version=2009.1.0.0, Culture=neutral, PublicKeyToken=b5fd1a36512e1285" name="TestExportImportKeyAsXmlInternal" />
    </UnitTest>
    <UnitTest name="TestCapVolPointDown" storage="c:\depotci\dev\ird\2009.2\client\interop\wss.spf.interop.test\bin\release\wss.spf.interop.test.dll" id="b6b23a54-f4ef-7410-0801-fdd6a3971786">
      <Css projectStructure="" iteration="" />
      <Owners>
        <Owner name="" />
      </Owners>
      <Execution id="4693c219-adda-45a9-a3a9-7d288ee9475b" />
      <TestMethod codeBase="C:/depotCI/dev/ird/2009.2/Client/Interop/WSS.SPF.Interop.Test/bin/Release/WSS.SPF.Interop.Test.DLL" adapterTypeName="Microsoft.VisualStudio.TestTools.TestTypes.Unit.UnitTestAdapter, Microsoft.VisualStudio.QualityTools.Tips.UnitTest.Adapter" className="WallStreetSystems.StructuredProducts.Interop.Test.MarketCurveUpdateTests, WSS.SPF.Interop.Test, Version=2009.1.0.0, Culture=neutral, PublicKeyToken=b5fd1a36512e1285" name="TestCapVolPointDown" />
    </UnitTest>
    <UnitTest name="TestCurveDescObjecToString" storage="c:\depotci\dev\ird\2009.2\client\interop\wss.spf.interop.test\bin\release\wss.spf.interop.test.dll" id="6fb36b0f-8f14-aa73-2995-4291fc3b3617">
      <Css projectStructure="" iteration="" />
      <Owners>
        <Owner name="" />
      </Owners>
      <Execution id="09685cb6-fa3f-405f-8a39-896df20477d5" />
      <TestMethod codeBase="C:/depotCI/dev/ird/2009.2/Client/Interop/WSS.SPF.Interop.Test/bin/Release/WSS.SPF.Interop.Test.DLL" adapterTypeName="Microsoft.VisualStudio.TestTools.TestTypes.Unit.UnitTestAdapter, Microsoft.VisualStudio.QualityTools.Tips.UnitTest.Adapter" className="WallStreetSystems.StructuredProducts.Interop.Test.CurveTests, WSS.SPF.Interop.Test, Version=2009.1.0.0, Culture=neutral, PublicKeyToken=b5fd1a36512e1285" name="TestCurveDescObjecToString" />
    </UnitTest>
    <UnitTest name="TestCreditSectors" storage="c:\depotci\dev\ird\2009.2\client\interop\wss.spf.interop.test\bin\release\wss.spf.interop.test.dll" id="388d8ca7-8132-3294-b2a2-1015cda1b86e">
      <Css projectStructure="" iteration="" />
      <Owners>
        <Owner name="" />
      </Owners>
      <Execution id="9296b07e-7ea3-4bdc-9524-0732c953e388" />
      <TestMethod codeBase="C:/depotCI/dev/ird/2009.2/Client/Interop/WSS.SPF.Interop.Test/bin/Release/WSS.SPF.Interop.Test.DLL" adapterTypeName="Microsoft.VisualStudio.TestTools.TestTypes.Unit.UnitTestAdapter, Microsoft.VisualStudio.QualityTools.Tips.UnitTest.Adapter" className="WallStreetSystems.StructuredProducts.Interop.Test.CreditSpreadTests, WSS.SPF.Interop.Test, Version=2009.1.0.0, Culture=neutral, PublicKeyToken=b5fd1a36512e1285" name="TestCreditSectors" />
    </UnitTest>
    <UnitTest name="TestTreeTraversalByTrades" storage="c:\depotci\dev\ird\2009.2\client\interop\wss.spf.interop.test\bin\release\wss.spf.interop.test.dll" id="8b9964f1-a355-7b6e-583d-53a1bb540595">
      <Css projectStructure="" iteration="" />
      <Owners>
        <Owner name="" />
      </Owners>
      <Execution id="e5abdd17-d774-4388-9631-5b5ec7070b44" />
      <TestMethod codeBase="C:/depotCI/dev/ird/2009.2/Client/Interop/WSS.SPF.Interop.Test/bin/Release/WSS.SPF.Interop.Test.DLL" adapterTypeName="Microsoft.VisualStudio.TestTools.TestTypes.Unit.UnitTestAdapter, Microsoft.VisualStudio.QualityTools.Tips.UnitTest.Adapter" className="WallStreetSystems.StructuredProducts.Interop.Test.LocalTreeTests, WSS.SPF.Interop.Test, Version=2009.1.0.0, Culture=neutral, PublicKeyToken=b5fd1a36512e1285" name="TestTreeTraversalByTrades" />
    </UnitTest>
    <UnitTest name="TestValidAttachment" storage="c:\depotci\dev\ird\2009.2\client\interop\wss.spf.interop.test\bin\release\wss.spf.interop.test.dll" id="33e58254-c743-bbec-dbdb-ca449688b26f">
      <Css projectStructure="" iteration="" />
      <Owners>
        <Owner name="" />
      </Owners>
      <Execution id="247584ea-fcb8-49f1-b5b3-20f9b413995b" />
      <TestMethod codeBase="C:/depotCI/dev/ird/2009.2/Client/Interop/WSS.SPF.Interop.Test/bin/Release/WSS.SPF.Interop.Test.DLL" adapterTypeName="Microsoft.VisualStudio.TestTools.TestTypes.Unit.UnitTestAdapter, Microsoft.VisualStudio.QualityTools.Tips.UnitTest.Adapter" className="WallStreetSystems.StructuredProducts.Interop.Test.AttachmentTests, WSS.SPF.Interop.Test, Version=2009.1.0.0, Culture=neutral, PublicKeyToken=b5fd1a36512e1285" name="TestValidAttachment" />
    </UnitTest>
    <UnitTest name="TestTreeModeTREE_VIEW_COMMODITY" storage="c:\depotci\dev\ird\2009.2\client\interop\wss.spf.interop.test\bin\release\wss.spf.interop.test.dll" id="68e35b27-e671-c633-cede-9b08f6ab9875">
      <Css projectStructure="" iteration="" />
      <Owners>
        <Owner name="" />
      </Owners>
      <Execution id="5ce45f01-f3da-41c1-aadf-bde811786ac9" />
      <TestMethod codeBase="C:/depotCI/dev/ird/2009.2/Client/Interop/WSS.SPF.Interop.Test/bin/Release/WSS.SPF.Interop.Test.DLL" adapterTypeName="Microsoft.VisualStudio.TestTools.TestTypes.Unit.UnitTestAdapter, Microsoft.VisualStudio.QualityTools.Tips.UnitTest.Adapter" className="WallStreetSystems.StructuredProducts.Interop.Test.LocalTreeTests, WSS.SPF.Interop.Test, Version=2009.1.0.0, Culture=neutral, PublicKeyToken=b5fd1a36512e1285" name="TestTreeModeTREE_VIEW_COMMODITY" />
    </UnitTest>
    <UnitTest name="TestPriceSaveAndRetrieveSwapTrade" storage="c:\depotci\dev\ird\2009.2\client\interop\wss.spf.interop.test\bin\release\wss.spf.interop.test.dll" id="18e0675e-1c83-d988-184b-26f27f9f1e8e">
      <Css projectStructure="" iteration="" />
      <Owners>
        <Owner name="" />
      </Owners>
      <Execution id="e52624e9-7531-4fa3-b3aa-9529ec0af766" />
      <TestMethod codeBase="C:/depotCI/dev/ird/2009.2/Client/Interop/WSS.SPF.Interop.Test/bin/Release/WSS.SPF.Interop.Test.DLL" adapterTypeName="Microsoft.VisualStudio.TestTools.TestTypes.Unit.UnitTestAdapter, Microsoft.VisualStudio.QualityTools.Tips.UnitTest.Adapter" className="WallStreetSystems.StructuredProducts.Interop.Test.TradeTests, WSS.SPF.Interop.Test, Version=2009.1.0.0, Culture=neutral, PublicKeyToken=b5fd1a36512e1285" name="TestPriceSaveAndRetrieveSwapTrade" />
    </UnitTest>
    <UnitTest name="TestTreeModeTREE_VIEW_PERMISSIONS" storage="c:\depotci\dev\ird\2009.2\client\interop\wss.spf.interop.test\bin\release\wss.spf.interop.test.dll" id="43ddcc73-7b81-bc00-8a45-0b6d849c4130">
      <Css projectStructure="" iteration="" />
      <Owners>
        <Owner name="" />
      </Owners>
      <Execution id="5cdd4b8d-48aa-434b-a0a1-95cee7e47ac2" />
      <TestMethod codeBase="C:/depotCI/dev/ird/2009.2/Client/Interop/WSS.SPF.Interop.Test/bin/Release/WSS.SPF.Interop.Test.DLL" adapterTypeName="Microsoft.VisualStudio.TestTools.TestTypes.Unit.UnitTestAdapter, Microsoft.VisualStudio.QualityTools.Tips.UnitTest.Adapter" className="WallStreetSystems.StructuredProducts.Interop.Test.LocalTreeTests, WSS.SPF.Interop.Test, Version=2009.1.0.0, Culture=neutral, PublicKeyToken=b5fd1a36512e1285" name="TestTreeModeTREE_VIEW_PERMISSIONS" />
    </UnitTest>
    <UnitTest name="TestEnable" storage="c:\depotci\dev\ird\2009.2\client\interop\wss.spf.interop.test\bin\release\wss.spf.interop.test.dll" id="4c1297bc-9201-897b-f457-ec626ab0c3c7">
      <Css projectStructure="" iteration="" />
      <Owners>
        <Owner name="" />
      </Owners>
      <Execution id="aeb26f9a-9c0e-4e16-ba52-8ab3520ac94a" />
      <TestMethod codeBase="C:/depotCI/dev/ird/2009.2/Client/Interop/WSS.SPF.Interop.Test/bin/Release/WSS.SPF.Interop.Test.DLL" adapterTypeName="Microsoft.VisualStudio.TestTools.TestTypes.Unit.UnitTestAdapter, Microsoft.VisualStudio.QualityTools.Tips.UnitTest.Adapter" className="WallStreetSystems.StructuredProducts.Interop.Test.UserProfileTests, WSS.SPF.Interop.Test, Version=2009.1.0.0, Culture=neutral, PublicKeyToken=b5fd1a36512e1285" name="TestEnable" />
    </UnitTest>
    <UnitTest name="HolidayListToFile" storage="c:\depotci\dev\ird\2009.2\client\interop\wss.spf.interop.test\bin\release\wss.spf.interop.test.dll" id="ea46ab97-0c1b-cdd0-6909-e618ee3c277b">
      <Css projectStructure="" iteration="" />
      <Owners>
        <Owner name="" />
      </Owners>
      <Execution id="70de180b-90d8-4c19-b879-de08caffee56" />
      <TestMethod codeBase="C:/depotCI/dev/ird/2009.2/Client/Interop/WSS.SPF.Interop.Test/bin/Release/WSS.SPF.Interop.Test.DLL" adapterTypeName="Microsoft.VisualStudio.TestTools.TestTypes.Unit.UnitTestAdapter, Microsoft.VisualStudio.QualityTools.Tips.UnitTest.Adapter" className="WallStreetSystems.StructuredProducts.Interop.Test.HolidayTableTest, WSS.SPF.Interop.Test, Version=2009.1.0.0, Culture=neutral, PublicKeyToken=b5fd1a36512e1285" name="HolidayListToFile" />
    </UnitTest>
    <UnitTest name="TestBuildCashRates" storage="c:\depotci\dev\ird\2009.2\client\interop\wss.spf.interop.test\bin\release\wss.spf.interop.test.dll" id="14a86e64-ca6b-414f-f722-36131318b5a9">
      <Css projectStructure="" iteration="" />
      <Owners>
        <Owner name="" />
      </Owners>
      <Execution id="ae264783-f36e-487f-8672-1f73a0328b0f" />
      <TestMethod codeBase="C:/depotCI/dev/ird/2009.2/Client/Interop/WSS.SPF.Interop.Test/bin/Release/WSS.SPF.Interop.Test.DLL" adapterTypeName="Microsoft.VisualStudio.TestTools.TestTypes.Unit.UnitTestAdapter, Microsoft.VisualStudio.QualityTools.Tips.UnitTest.Adapter" className="WallStreetSystems.StructuredProducts.Interop.Test.CurveTests, WSS.SPF.Interop.Test, Version=2009.1.0.0, Culture=neutral, PublicKeyToken=b5fd1a36512e1285" name="TestBuildCashRates" />
    </UnitTest>
    <UnitTest name="TestPackageGetTransactions" storage="c:\depotci\dev\ird\2009.2\client\interop\wss.spf.interop.test\bin\release\wss.spf.interop.test.dll" id="94db6ce0-7c3e-081d-76e2-de30f525e902">
      <Css projectStructure="" iteration="" />
      <Owners>
        <Owner name="" />
      </Owners>
      <Execution id="250f1b10-fd95-4ce1-8b34-8fdd7302bb76" />
      <TestMethod codeBase="C:/depotCI/dev/ird/2009.2/Client/Interop/WSS.SPF.Interop.Test/bin/Release/WSS.SPF.Interop.Test.DLL" adapterTypeName="Microsoft.VisualStudio.TestTools.TestTypes.Unit.UnitTestAdapter, Microsoft.VisualStudio.QualityTools.Tips.UnitTest.Adapter" className="WallStreetSystems.StructuredProducts.Interop.Test.TradePackagesTests, WSS.SPF.Interop.Test, Version=2009.1.0.0, Culture=neutral, PublicKeyToken=b5fd1a36512e1285" name="TestPackageGetTransactions" />
    </UnitTest>
    <UnitTest name="TestCreateRateDescriptionDuplicate" storage="c:\depotci\dev\ird\2009.2\client\interop\wss.spf.interop.test\bin\release\wss.spf.interop.test.dll" id="08cdab95-11f6-ab52-450f-010787753643">
      <Css projectStructure="" iteration="" />
      <Owners>
        <Owner name="" />
      </Owners>
      <Execution id="7b2e2c31-10b0-4896-ab8b-8ecf457e9377" />
      <TestMethod codeBase="C:/depotCI/dev/ird/2009.2/Client/Interop/WSS.SPF.Interop.Test/bin/Release/WSS.SPF.Interop.Test.DLL" adapterTypeName="Microsoft.VisualStudio.TestTools.TestTypes.Unit.UnitTestAdapter, Microsoft.VisualStudio.QualityTools.Tips.UnitTest.Adapter" className="WallStreetSystems.StructuredProducts.Interop.Test.RateTests, WSS.SPF.Interop.Test, Version=2009.1.0.0, Culture=neutral, PublicKeyToken=b5fd1a36512e1285" name="TestCreateRateDescriptionDuplicate" expectedException="System.Runtime.InteropServices.COMException, mscorlib, Version=2.0.0.0, Culture=neutral, PublicKeyToken=b77a5c561934e089" expectedExceptionMessage="Should not be able to insert duplicate description." />
    </UnitTest>
    <UnitTest name="TestMarketCurveRatesBuild" storage="c:\depotci\dev\ird\2009.2\client\interop\wss.spf.interop.test\bin\release\wss.spf.interop.test.dll" id="8a5505d9-d8b6-357b-2f25-5ba90c432885">
      <Css projectStructure="" iteration="" />
      <Owners>
        <Owner name="" />
      </Owners>
      <Execution id="47571bbd-c861-4208-b026-bf9c6b4bafcd" />
      <TestMethod codeBase="C:/depotCI/dev/ird/2009.2/Client/Interop/WSS.SPF.Interop.Test/bin/Release/WSS.SPF.Interop.Test.DLL" adapterTypeName="Microsoft.VisualStudio.TestTools.TestTypes.Unit.UnitTestAdapter, Microsoft.VisualStudio.QualityTools.Tips.UnitTest.Adapter" className="WallStreetSystems.StructuredProducts.Interop.Test.CurveTests, WSS.SPF.Interop.Test, Version=2009.1.0.0, Culture=neutral, PublicKeyToken=b5fd1a36512e1285" name="TestMarketCurveRatesBuild" />
    </UnitTest>
    <UnitTest name="TestMarketCurveName" storage="c:\depotci\dev\ird\2009.2\client\interop\wss.spf.interop.test\bin\release\wss.spf.interop.test.dll" id="2f4b20df-4fa3-d0ce-9ff5-13f9d6247745">
      <Css projectStructure="" iteration="" />
      <Owners>
        <Owner name="" />
      </Owners>
      <Execution id="1499c062-22e1-4640-b237-28e86a7b3bdf" />
      <TestMethod codeBase="C:/depotCI/dev/ird/2009.2/Client/Interop/WSS.SPF.Interop.Test/bin/Release/WSS.SPF.Interop.Test.DLL" adapterTypeName="Microsoft.VisualStudio.TestTools.TestTypes.Unit.UnitTestAdapter, Microsoft.VisualStudio.QualityTools.Tips.UnitTest.Adapter" className="WallStreetSystems.StructuredProducts.Interop.Test.CurveTests, WSS.SPF.Interop.Test, Version=2009.1.0.0, Culture=neutral, PublicKeyToken=b5fd1a36512e1285" name="TestMarketCurveName" />
    </UnitTest>
    <UnitTest name="TestFindSubPackageInTree" storage="c:\depotci\dev\ird\2009.2\client\interop\wss.spf.interop.test\bin\release\wss.spf.interop.test.dll" id="f74562f6-308b-286d-072d-29240c72c7cc">
      <Css projectStructure="" iteration="" />
      <Owners>
        <Owner name="" />
      </Owners>
      <Execution id="72a763ad-8b4a-4e35-ae74-bf5c109b37a5" />
      <TestMethod codeBase="C:/depotCI/dev/ird/2009.2/Client/Interop/WSS.SPF.Interop.Test/bin/Release/WSS.SPF.Interop.Test.DLL" adapterTypeName="Microsoft.VisualStudio.TestTools.TestTypes.Unit.UnitTestAdapter, Microsoft.VisualStudio.QualityTools.Tips.UnitTest.Adapter" className="WallStreetSystems.StructuredProducts.Interop.Test.TradePackagesTests, WSS.SPF.Interop.Test, Version=2009.1.0.0, Culture=neutral, PublicKeyToken=b5fd1a36512e1285" name="TestFindSubPackageInTree" />
    </UnitTest>
    <UnitTest name="TestParseStringWithNewlineChar" storage="c:\depotci\dev\ird\2009.2\client\interop\wss.spf.interop.test\bin\release\wss.spf.interop.test.dll" id="4742f4c4-6559-9d53-cd74-ebdd065d418d">
      <Css projectStructure="" iteration="" />
      <Owners>
        <Owner name="" />
      </Owners>
      <Execution id="2ecfab86-4724-431e-87cb-4e8f93e61c19" />
      <TestMethod codeBase="C:/depotCI/dev/ird/2009.2/Client/Interop/WSS.SPF.Interop.Test/bin/Release/WSS.SPF.Interop.Test.DLL" adapterTypeName="Microsoft.VisualStudio.TestTools.TestTypes.Unit.UnitTestAdapter, Microsoft.VisualStudio.QualityTools.Tips.UnitTest.Adapter" className="WallStreetSystems.StructuredProducts.Interop.Test.ExpressionTests, WSS.SPF.Interop.Test, Version=2009.1.0.0, Culture=neutral, PublicKeyToken=b5fd1a36512e1285" name="TestParseStringWithNewlineChar" />
    </UnitTest>
    <UnitTest name="TestCashCurvePointUp" storage="c:\depotci\dev\ird\2009.2\client\interop\wss.spf.interop.test\bin\release\wss.spf.interop.test.dll" id="7bf86ca4-733c-f832-84b8-623fa1c9fc5e">
      <Css projectStructure="" iteration="" />
      <Owners>
        <Owner name="" />
      </Owners>
      <Execution id="47e942ed-e527-4348-850f-8a40440f5d35" />
      <TestMethod codeBase="C:/depotCI/dev/ird/2009.2/Client/Interop/WSS.SPF.Interop.Test/bin/Release/WSS.SPF.Interop.Test.DLL" adapterTypeName="Microsoft.VisualStudio.TestTools.TestTypes.Unit.UnitTestAdapter, Microsoft.VisualStudio.QualityTools.Tips.UnitTest.Adapter" className="WallStreetSystems.StructuredProducts.Interop.Test.MarketCurveUpdateTests, WSS.SPF.Interop.Test, Version=2009.1.0.0, Culture=neutral, PublicKeyToken=b5fd1a36512e1285" name="TestCashCurvePointUp" />
    </UnitTest>
    <UnitTest name="TestGetPartyByKey" storage="c:\depotci\dev\ird\2009.2\client\interop\wss.spf.interop.test\bin\release\wss.spf.interop.test.dll" id="ec1eb231-3944-f61b-b958-f7b885146653">
      <Css projectStructure="" iteration="" />
      <Owners>
        <Owner name="" />
      </Owners>
      <Execution id="c4745fad-6dbf-484d-9677-bd7a625808d2" />
      <TestMethod codeBase="C:/depotCI/dev/ird/2009.2/Client/Interop/WSS.SPF.Interop.Test/bin/Release/WSS.SPF.Interop.Test.DLL" adapterTypeName="Microsoft.VisualStudio.TestTools.TestTypes.Unit.UnitTestAdapter, Microsoft.VisualStudio.QualityTools.Tips.UnitTest.Adapter" className="WallStreetSystems.StructuredProducts.Interop.Test.CounterPartiesTests, WSS.SPF.Interop.Test, Version=2009.1.0.0, Culture=neutral, PublicKeyToken=b5fd1a36512e1285" name="TestGetPartyByKey" />
    </UnitTest>
    <UnitTest name="TestSwptnVolSmileAdd" storage="c:\depotci\dev\ird\2009.2\client\interop\wss.spf.interop.test\bin\release\wss.spf.interop.test.dll" id="c6174118-2f40-fdf6-a693-3e3b6628c478">
      <Css projectStructure="" iteration="" />
      <Owners>
        <Owner name="" />
      </Owners>
      <Execution id="96f399ba-44a4-40f6-a29e-3919089ca0b5" />
      <TestMethod codeBase="C:/depotCI/dev/ird/2009.2/Client/Interop/WSS.SPF.Interop.Test/bin/Release/WSS.SPF.Interop.Test.DLL" adapterTypeName="Microsoft.VisualStudio.TestTools.TestTypes.Unit.UnitTestAdapter, Microsoft.VisualStudio.QualityTools.Tips.UnitTest.Adapter" className="WallStreetSystems.StructuredProducts.Interop.Test.CurveTests, WSS.SPF.Interop.Test, Version=2009.1.0.0, Culture=neutral, PublicKeyToken=b5fd1a36512e1285" name="TestSwptnVolSmileAdd" />
    </UnitTest>
    <UnitTest name="TestRateSetInquiryReportRunDuration" storage="c:\depotci\dev\ird\2009.2\client\interop\wss.spf.interop.test\bin\release\wss.spf.interop.test.dll" id="777aabfc-4ef8-33ae-9b42-b242e6e2a399">
      <Css projectStructure="" iteration="" />
      <Owners>
        <Owner name="" />
      </Owners>
      <Execution id="ff69369f-fe33-47f7-ac0c-0998d6690c08" />
      <TestMethod codeBase="C:/depotCI/dev/ird/2009.2/Client/Interop/WSS.SPF.Interop.Test/bin/Release/WSS.SPF.Interop.Test.DLL" adapterTypeName="Microsoft.VisualStudio.TestTools.TestTypes.Unit.UnitTestAdapter, Microsoft.VisualStudio.QualityTools.Tips.UnitTest.Adapter" className="WallStreetSystems.StructuredProducts.Interop.Test.ReportTests, WSS.SPF.Interop.Test, Version=2009.1.0.0, Culture=neutral, PublicKeyToken=b5fd1a36512e1285" name="TestRateSetInquiryReportRunDuration" />
    </UnitTest>
    <UnitTest name="TestWriteToSecurityLogAllActions" storage="c:\depotci\dev\ird\2009.2\client\interop\wss.spf.interop.test\bin\release\wss.spf.interop.test.dll" id="2d387e98-8a76-2ae7-e4a4-afb2af7034a4">
      <Css projectStructure="" iteration="" />
      <Owners>
        <Owner name="" />
      </Owners>
      <Execution id="fb73c249-131b-4010-9d30-80f3ad898647" />
      <TestMethod codeBase="C:/depotCI/dev/ird/2009.2/Client/Interop/WSS.SPF.Interop.Test/bin/Release/WSS.SPF.Interop.Test.DLL" adapterTypeName="Microsoft.VisualStudio.TestTools.TestTypes.Unit.UnitTestAdapter, Microsoft.VisualStudio.QualityTools.Tips.UnitTest.Adapter" className="WallStreetSystems.StructuredProducts.Interop.Test.SecurityLogTests, WSS.SPF.Interop.Test, Version=2009.1.0.0, Culture=neutral, PublicKeyToken=b5fd1a36512e1285" name="TestWriteToSecurityLogAllActions" />
    </UnitTest>
    <UnitTest name="TestNegationBuildCashRates" storage="c:\depotci\dev\ird\2009.2\client\interop\wss.spf.interop.test\bin\release\wss.spf.interop.test.dll" id="f30e54cc-2b9f-799d-c5c6-59c782fd680e">
      <Css projectStructure="" iteration="" />
      <Owners>
        <Owner name="" />
      </Owners>
      <Execution id="b8cf6b09-1c14-42cf-82fe-34185249aa53" />
      <TestMethod codeBase="C:/depotCI/dev/ird/2009.2/Client/Interop/WSS.SPF.Interop.Test/bin/Release/WSS.SPF.Interop.Test.DLL" adapterTypeName="Microsoft.VisualStudio.TestTools.TestTypes.Unit.UnitTestAdapter, Microsoft.VisualStudio.QualityTools.Tips.UnitTest.Adapter" className="WallStreetSystems.StructuredProducts.Interop.Test.CurveTests, WSS.SPF.Interop.Test, Version=2009.1.0.0, Culture=neutral, PublicKeyToken=b5fd1a36512e1285" name="TestNegationBuildCashRates" />
    </UnitTest>
    <UnitTest name="TestExportImportMarket" storage="c:\depotci\dev\ird\2009.2\client\interop\wss.spf.interop.test\bin\release\wss.spf.interop.test.dll" id="0559d26a-f31a-d3d5-5a3a-7e12eafb769d">
      <Css projectStructure="" iteration="" />
      <Owners>
        <Owner name="" />
      </Owners>
      <Execution id="95c8380c-e494-486e-9973-a718baa233ae" />
      <TestMethod codeBase="C:/depotCI/dev/ird/2009.2/Client/Interop/WSS.SPF.Interop.Test/bin/Release/WSS.SPF.Interop.Test.DLL" adapterTypeName="Microsoft.VisualStudio.TestTools.TestTypes.Unit.UnitTestAdapter, Microsoft.VisualStudio.QualityTools.Tips.UnitTest.Adapter" className="WallStreetSystems.StructuredProducts.Interop.Test.CurveTests, WSS.SPF.Interop.Test, Version=2009.1.0.0, Culture=neutral, PublicKeyToken=b5fd1a36512e1285" name="TestExportImportMarket" />
    </UnitTest>
    <UnitTest name="TestRateSetInquiryReportError" storage="c:\depotci\dev\ird\2009.2\client\interop\wss.spf.interop.test\bin\release\wss.spf.interop.test.dll" id="56383373-a058-2258-24bd-dad3a15be3ad">
      <Css projectStructure="" iteration="" />
      <Owners>
        <Owner name="" />
      </Owners>
      <Execution id="d03d7dac-889c-4347-a40e-4281d387c96e" />
      <TestMethod codeBase="C:/depotCI/dev/ird/2009.2/Client/Interop/WSS.SPF.Interop.Test/bin/Release/WSS.SPF.Interop.Test.DLL" adapterTypeName="Microsoft.VisualStudio.TestTools.TestTypes.Unit.UnitTestAdapter, Microsoft.VisualStudio.QualityTools.Tips.UnitTest.Adapter" className="WallStreetSystems.StructuredProducts.Interop.Test.ReportTests, WSS.SPF.Interop.Test, Version=2009.1.0.0, Culture=neutral, PublicKeyToken=b5fd1a36512e1285" name="TestRateSetInquiryReportError" />
    </UnitTest>
    <UnitTest name="TestChangeParty" storage="c:\depotci\dev\ird\2009.2\client\interop\wss.spf.interop.test\bin\release\wss.spf.interop.test.dll" id="42fd25d8-7b67-2cbc-ff35-0849cb61f4a1">
      <Css projectStructure="" iteration="" />
      <Owners>
        <Owner name="" />
      </Owners>
      <Execution id="d3c7a1c6-c937-433b-8690-73d58c62d21e" />
      <TestMethod codeBase="C:/depotCI/dev/ird/2009.2/Client/Interop/WSS.SPF.Interop.Test/bin/Release/WSS.SPF.Interop.Test.DLL" adapterTypeName="Microsoft.VisualStudio.TestTools.TestTypes.Unit.UnitTestAdapter, Microsoft.VisualStudio.QualityTools.Tips.UnitTest.Adapter" className="WallStreetSystems.StructuredProducts.Interop.Test.CounterPartiesTests, WSS.SPF.Interop.Test, Version=2009.1.0.0, Culture=neutral, PublicKeyToken=b5fd1a36512e1285" name="TestChangeParty" />
    </UnitTest>
    <UnitTest name="TestGetForwardCmtRate" storage="c:\depotci\dev\ird\2009.2\client\interop\wss.spf.interop.test\bin\release\wss.spf.interop.test.dll" id="356915f6-fa28-d89b-875b-4e7e3d5af998">
      <Css projectStructure="" iteration="" />
      <Owners>
        <Owner name="" />
      </Owners>
      <Execution id="606751d4-4c8a-47f0-8ca3-e54379067033" />
      <TestMethod codeBase="C:/depotCI/dev/ird/2009.2/Client/Interop/WSS.SPF.Interop.Test/bin/Release/WSS.SPF.Interop.Test.DLL" adapterTypeName="Microsoft.VisualStudio.TestTools.TestTypes.Unit.UnitTestAdapter, Microsoft.VisualStudio.QualityTools.Tips.UnitTest.Adapter" className="WallStreetSystems.StructuredProducts.Interop.Test.CurveTests, WSS.SPF.Interop.Test, Version=2009.1.0.0, Culture=neutral, PublicKeyToken=b5fd1a36512e1285" name="TestGetForwardCmtRate" />
    </UnitTest>
    <UnitTest name="TestCreateEmptyUserKey" storage="c:\depotci\dev\ird\2009.2\client\interop\wss.spf.interop.test\bin\release\wss.spf.interop.test.dll" id="39a497b4-8d49-6151-1ef1-1517564d2068">
      <Css projectStructure="" iteration="" />
      <Owners>
        <Owner name="" />
      </Owners>
      <Execution id="f6c5ee32-e573-46a1-bae2-348720f52f00" />
      <TestMethod codeBase="C:/depotCI/dev/ird/2009.2/Client/Interop/WSS.SPF.Interop.Test/bin/Release/WSS.SPF.Interop.Test.DLL" adapterTypeName="Microsoft.VisualStudio.TestTools.TestTypes.Unit.UnitTestAdapter, Microsoft.VisualStudio.QualityTools.Tips.UnitTest.Adapter" className="WallStreetSystems.StructuredProducts.Interop.Test.MiscTests, WSS.SPF.Interop.Test, Version=2009.1.0.0, Culture=neutral, PublicKeyToken=b5fd1a36512e1285" name="TestCreateEmptyUserKey" />
    </UnitTest>
    <UnitTest name="TestCreateCommodityIndexDescription" storage="c:\depotci\dev\ird\2009.2\client\interop\wss.spf.interop.test\bin\release\wss.spf.interop.test.dll" id="ce0b4076-499a-3d44-fea4-6a47c3629ab0">
      <Css projectStructure="" iteration="" />
      <Owners>
        <Owner name="" />
      </Owners>
      <Execution id="429be287-61e9-471e-a021-9206d1eb7820" />
      <TestMethod codeBase="C:/depotCI/dev/ird/2009.2/Client/Interop/WSS.SPF.Interop.Test/bin/Release/WSS.SPF.Interop.Test.DLL" adapterTypeName="Microsoft.VisualStudio.TestTools.TestTypes.Unit.UnitTestAdapter, Microsoft.VisualStudio.QualityTools.Tips.UnitTest.Adapter" className="WallStreetSystems.StructuredProducts.Interop.Test.CommodityIndexTests, WSS.SPF.Interop.Test, Version=2009.1.0.0, Culture=neutral, PublicKeyToken=b5fd1a36512e1285" name="TestCreateCommodityIndexDescription" />
    </UnitTest>
    <UnitTest name="TestCreateAndStoreCV_MS" storage="c:\depotci\dev\ird\2009.2\client\interop\wss.spf.interop.test\bin\release\wss.spf.interop.test.dll" id="f783c4f9-4a33-fce3-55f0-e3e84539aec7">
      <Css projectStructure="" iteration="" />
      <Owners>
        <Owner name="" />
      </Owners>
      <Execution id="1127fba9-20b9-472c-9622-0390a9ccf59a" />
      <TestMethod codeBase="C:/depotCI/dev/ird/2009.2/Client/Interop/WSS.SPF.Interop.Test/bin/Release/WSS.SPF.Interop.Test.DLL" adapterTypeName="Microsoft.VisualStudio.TestTools.TestTypes.Unit.UnitTestAdapter, Microsoft.VisualStudio.QualityTools.Tips.UnitTest.Adapter" className="WallStreetSystems.StructuredProducts.Interop.Test.CurveTests, WSS.SPF.Interop.Test, Version=2009.1.0.0, Culture=neutral, PublicKeyToken=b5fd1a36512e1285" name="TestCreateAndStoreCV_MS" />
    </UnitTest>
    <UnitTest name="TestSwaptionVolPointNoChange" storage="c:\depotci\dev\ird\2009.2\client\interop\wss.spf.interop.test\bin\release\wss.spf.interop.test.dll" id="6018bc8d-c267-1b10-53a4-475209237eef">
      <Css projectStructure="" iteration="" />
      <Owners>
        <Owner name="" />
      </Owners>
      <Execution id="3e5c4e36-63b3-48d5-8baf-df9cf0c31545" />
      <TestMethod codeBase="C:/depotCI/dev/ird/2009.2/Client/Interop/WSS.SPF.Interop.Test/bin/Release/WSS.SPF.Interop.Test.DLL" adapterTypeName="Microsoft.VisualStudio.TestTools.TestTypes.Unit.UnitTestAdapter, Microsoft.VisualStudio.QualityTools.Tips.UnitTest.Adapter" className="WallStreetSystems.StructuredProducts.Interop.Test.MarketCurveUpdateTests, WSS.SPF.Interop.Test, Version=2009.1.0.0, Culture=neutral, PublicKeyToken=b5fd1a36512e1285" name="TestSwaptionVolPointNoChange" />
    </UnitTest>
    <UnitTest name="TestIndexCurvePointDown" storage="c:\depotci\dev\ird\2009.2\client\interop\wss.spf.interop.test\bin\release\wss.spf.interop.test.dll" id="21f4270e-d605-57db-b68c-f7857466f18b">
      <Css projectStructure="" iteration="" />
      <Owners>
        <Owner name="" />
      </Owners>
      <Execution id="5fe536d5-e684-43e0-8936-28f05258d23e" />
      <TestMethod codeBase="C:/depotCI/dev/ird/2009.2/Client/Interop/WSS.SPF.Interop.Test/bin/Release/WSS.SPF.Interop.Test.DLL" adapterTypeName="Microsoft.VisualStudio.TestTools.TestTypes.Unit.UnitTestAdapter, Microsoft.VisualStudio.QualityTools.Tips.UnitTest.Adapter" className="WallStreetSystems.StructuredProducts.Interop.Test.MarketCurveUpdateTests, WSS.SPF.Interop.Test, Version=2009.1.0.0, Culture=neutral, PublicKeyToken=b5fd1a36512e1285" name="TestIndexCurvePointDown" />
    </UnitTest>
    <UnitTest name="TestMarketCurveRatesSave" storage="c:\depotci\dev\ird\2009.2\client\interop\wss.spf.interop.test\bin\release\wss.spf.interop.test.dll" id="894b5407-ff9f-5ef8-06dc-a0847e641b6a">
      <Css projectStructure="" iteration="" />
      <Owners>
        <Owner name="" />
      </Owners>
      <Execution id="e5b93a5e-d8ee-419d-80ec-d20f73b2e657" />
      <TestMethod codeBase="C:/depotCI/dev/ird/2009.2/Client/Interop/WSS.SPF.Interop.Test/bin/Release/WSS.SPF.Interop.Test.DLL" adapterTypeName="Microsoft.VisualStudio.TestTools.TestTypes.Unit.UnitTestAdapter, Microsoft.VisualStudio.QualityTools.Tips.UnitTest.Adapter" className="WallStreetSystems.StructuredProducts.Interop.Test.CurveTests, WSS.SPF.Interop.Test, Version=2009.1.0.0, Culture=neutral, PublicKeyToken=b5fd1a36512e1285" name="TestMarketCurveRatesSave" />
    </UnitTest>
    <UnitTest name="TestSetCvSmileDataView" storage="c:\depotci\dev\ird\2009.2\client\interop\wss.spf.interop.test\bin\release\wss.spf.interop.test.dll" id="6c1ea4bc-8fba-be9f-8792-6eb3eb8acc9d">
      <Css projectStructure="" iteration="" />
      <Owners>
        <Owner name="" />
      </Owners>
      <Execution id="ba87f9a4-95ac-482d-8f44-7857e7861e14" />
      <TestMethod codeBase="C:/depotCI/dev/ird/2009.2/Client/Interop/WSS.SPF.Interop.Test/bin/Release/WSS.SPF.Interop.Test.DLL" adapterTypeName="Microsoft.VisualStudio.TestTools.TestTypes.Unit.UnitTestAdapter, Microsoft.VisualStudio.QualityTools.Tips.UnitTest.Adapter" className="WallStreetSystems.StructuredProducts.Interop.Test.CurveTests, WSS.SPF.Interop.Test, Version=2009.1.0.0, Culture=neutral, PublicKeyToken=b5fd1a36512e1285" name="TestSetCvSmileDataView" />
    </UnitTest>
    <UnitTest name="TestGenCapVolSmileFromEqn" storage="c:\depotci\dev\ird\2009.2\client\interop\wss.spf.interop.test\bin\release\wss.spf.interop.test.dll" id="c7bf83d8-2b9b-1855-0971-551d617b8108">
      <Css projectStructure="" iteration="" />
      <Owners>
        <Owner name="" />
      </Owners>
      <Execution id="421e7926-1b1d-48df-8793-eedef223b925" />
      <TestMethod codeBase="C:/depotCI/dev/ird/2009.2/Client/Interop/WSS.SPF.Interop.Test/bin/Release/WSS.SPF.Interop.Test.DLL" adapterTypeName="Microsoft.VisualStudio.TestTools.TestTypes.Unit.UnitTestAdapter, Microsoft.VisualStudio.QualityTools.Tips.UnitTest.Adapter" className="WallStreetSystems.StructuredProducts.Interop.Test.CurveTests, WSS.SPF.Interop.Test, Version=2009.1.0.0, Culture=neutral, PublicKeyToken=b5fd1a36512e1285" name="TestGenCapVolSmileFromEqn" />
    </UnitTest>
    <UnitTest name="TestPriceCapTrade" storage="c:\depotci\dev\ird\2009.2\client\interop\wss.spf.interop.test\bin\release\wss.spf.interop.test.dll" id="b3d65f99-8737-04cf-6ac6-5a5d82bfa9e2">
      <Css projectStructure="" iteration="" />
      <Owners>
        <Owner name="" />
      </Owners>
      <Execution id="219bd410-017e-4f4a-8d3b-6e2c16626b54" />
      <TestMethod codeBase="C:/depotCI/dev/ird/2009.2/Client/Interop/WSS.SPF.Interop.Test/bin/Release/WSS.SPF.Interop.Test.DLL" adapterTypeName="Microsoft.VisualStudio.TestTools.TestTypes.Unit.UnitTestAdapter, Microsoft.VisualStudio.QualityTools.Tips.UnitTest.Adapter" className="WallStreetSystems.StructuredProducts.Interop.Test.TradeTests, WSS.SPF.Interop.Test, Version=2009.1.0.0, Culture=neutral, PublicKeyToken=b5fd1a36512e1285" name="TestPriceCapTrade" />
    </UnitTest>
    <UnitTest name="TestInsertFuturesSchedule" storage="c:\depotci\dev\ird\2009.2\client\interop\wss.spf.interop.test\bin\release\wss.spf.interop.test.dll" id="dd3ae191-c043-9f0f-7114-9a395ac235ba">
      <Css projectStructure="" iteration="" />
      <Owners>
        <Owner name="" />
      </Owners>
      <Execution id="ea4be93f-33fb-4de4-bc1a-66e9ab643e58" />
      <TestMethod codeBase="C:/depotCI/dev/ird/2009.2/Client/Interop/WSS.SPF.Interop.Test/bin/Release/WSS.SPF.Interop.Test.DLL" adapterTypeName="Microsoft.VisualStudio.TestTools.TestTypes.Unit.UnitTestAdapter, Microsoft.VisualStudio.QualityTools.Tips.UnitTest.Adapter" className="WallStreetSystems.StructuredProducts.Interop.Test.CurveTests, WSS.SPF.Interop.Test, Version=2009.1.0.0, Culture=neutral, PublicKeyToken=b5fd1a36512e1285" name="TestInsertFuturesSchedule" />
    </UnitTest>
    <UnitTest name="TestIndexDescriptionAll" storage="c:\depotci\dev\ird\2009.2\client\interop\wss.spf.interop.test\bin\release\wss.spf.interop.test.dll" id="d09b164f-c7f0-b03f-3d42-8e40dc0d627c">
      <Css projectStructure="" iteration="" />
      <Owners>
        <Owner name="" />
      </Owners>
      <Execution id="86d92245-2f3e-4222-8821-d148522298d4" />
      <TestMethod codeBase="C:/depotCI/dev/ird/2009.2/Client/Interop/WSS.SPF.Interop.Test/bin/Release/WSS.SPF.Interop.Test.DLL" adapterTypeName="Microsoft.VisualStudio.TestTools.TestTypes.Unit.UnitTestAdapter, Microsoft.VisualStudio.QualityTools.Tips.UnitTest.Adapter" className="WallStreetSystems.StructuredProducts.Interop.Test.CommodityIndexTests, WSS.SPF.Interop.Test, Version=2009.1.0.0, Culture=neutral, PublicKeyToken=b5fd1a36512e1285" name="TestIndexDescriptionAll" />
    </UnitTest>
    <UnitTest name="GetHolidays" storage="c:\depotci\dev\ird\2009.2\client\interop\wss.spf.interop.test\bin\release\wss.spf.interop.test.dll" id="02579b15-9a4d-fcf4-1044-05e5667acf82">
      <Css projectStructure="" iteration="" />
      <Owners>
        <Owner name="" />
      </Owners>
      <Execution id="81d741c1-f785-4ebe-8043-7c4746ef47d4" />
      <TestMethod codeBase="C:/depotCI/dev/ird/2009.2/Client/Interop/WSS.SPF.Interop.Test/bin/Release/WSS.SPF.Interop.Test.DLL" adapterTypeName="Microsoft.VisualStudio.TestTools.TestTypes.Unit.UnitTestAdapter, Microsoft.VisualStudio.QualityTools.Tips.UnitTest.Adapter" className="WallStreetSystems.StructuredProducts.Interop.Test.HolidayTableTest, WSS.SPF.Interop.Test, Version=2009.1.0.0, Culture=neutral, PublicKeyToken=b5fd1a36512e1285" name="GetHolidays" />
    </UnitTest>
    <UnitTest name="TestCreateSameUserTwice" storage="c:\depotci\dev\ird\2009.2\client\interop\wss.spf.interop.test\bin\release\wss.spf.interop.test.dll" id="63109958-9d3a-4c64-25a5-f2f6f4000902">
      <Css projectStructure="" iteration="" />
      <Owners>
        <Owner name="" />
      </Owners>
      <Execution id="7e1fc257-8dc7-4c5c-9b21-64fb2e4055ad" />
      <TestMethod codeBase="C:/depotCI/dev/ird/2009.2/Client/Interop/WSS.SPF.Interop.Test/bin/Release/WSS.SPF.Interop.Test.DLL" adapterTypeName="Microsoft.VisualStudio.TestTools.TestTypes.Unit.UnitTestAdapter, Microsoft.VisualStudio.QualityTools.Tips.UnitTest.Adapter" className="WallStreetSystems.StructuredProducts.Interop.Test.UserProfileTests, WSS.SPF.Interop.Test, Version=2009.1.0.0, Culture=neutral, PublicKeyToken=b5fd1a36512e1285" name="TestCreateSameUserTwice" />
    </UnitTest>
    <UnitTest name="TestLoadCurveFromWarehouse" storage="c:\depotci\dev\ird\2009.2\client\interop\wss.spf.interop.test\bin\release\wss.spf.interop.test.dll" id="071366aa-21f4-5982-2bae-944b7192e535">
      <Css projectStructure="" iteration="" />
      <Owners>
        <Owner name="" />
      </Owners>
      <Execution id="409ac625-caa1-429d-b260-42f519ada0ca" />
      <TestMethod codeBase="C:/depotCI/dev/ird/2009.2/Client/Interop/WSS.SPF.Interop.Test/bin/Release/WSS.SPF.Interop.Test.DLL" adapterTypeName="Microsoft.VisualStudio.TestTools.TestTypes.Unit.UnitTestAdapter, Microsoft.VisualStudio.QualityTools.Tips.UnitTest.Adapter" className="WallStreetSystems.StructuredProducts.Interop.Test.CurveTests, WSS.SPF.Interop.Test, Version=2009.1.0.0, Culture=neutral, PublicKeyToken=b5fd1a36512e1285" name="TestLoadCurveFromWarehouse" />
    </UnitTest>
    <UnitTest name="TestChangeCreditIndexID" storage="c:\depotci\dev\ird\2009.2\client\interop\wss.spf.interop.test\bin\release\wss.spf.interop.test.dll" id="d8d5dc67-78f4-a1d0-1380-00e723a7aea0">
      <Css projectStructure="" iteration="" />
      <Owners>
        <Owner name="" />
      </Owners>
      <Execution id="dac67aa9-8357-42b2-bfad-0709a2b3fbaf" />
      <TestMethod codeBase="C:/depotCI/dev/ird/2009.2/Client/Interop/WSS.SPF.Interop.Test/bin/Release/WSS.SPF.Interop.Test.DLL" adapterTypeName="Microsoft.VisualStudio.TestTools.TestTypes.Unit.UnitTestAdapter, Microsoft.VisualStudio.QualityTools.Tips.UnitTest.Adapter" className="WallStreetSystems.StructuredProducts.Interop.Test.CreditIndexTests, WSS.SPF.Interop.Test, Version=2009.1.0.0, Culture=neutral, PublicKeyToken=b5fd1a36512e1285" name="TestChangeCreditIndexID" />
    </UnitTest>
    <UnitTest name="TestTreeModeTREE_GROUP_SET_TERMINATOR" storage="c:\depotci\dev\ird\2009.2\client\interop\wss.spf.interop.test\bin\release\wss.spf.interop.test.dll" id="7e9b519c-769f-4bce-b345-15b417803c9e">
      <Css projectStructure="" iteration="" />
      <Owners>
        <Owner name="" />
      </Owners>
      <Execution id="8d770ecb-7821-4c29-a089-27f8d443be88" />
      <TestMethod codeBase="C:/depotCI/dev/ird/2009.2/Client/Interop/WSS.SPF.Interop.Test/bin/Release/WSS.SPF.Interop.Test.DLL" adapterTypeName="Microsoft.VisualStudio.TestTools.TestTypes.Unit.UnitTestAdapter, Microsoft.VisualStudio.QualityTools.Tips.UnitTest.Adapter" className="WallStreetSystems.StructuredProducts.Interop.Test.LocalTreeTests, WSS.SPF.Interop.Test, Version=2009.1.0.0, Culture=neutral, PublicKeyToken=b5fd1a36512e1285" name="TestTreeModeTREE_GROUP_SET_TERMINATOR" />
    </UnitTest>
    <UnitTest name="TestAssignUserKey" storage="c:\depotci\dev\ird\2009.2\client\interop\wss.spf.interop.test\bin\release\wss.spf.interop.test.dll" id="d54c5617-4e3f-75a5-befe-02e13cc833e2">
      <Css projectStructure="" iteration="" />
      <Owners>
        <Owner name="" />
      </Owners>
      <Execution id="c766d96b-b8e3-4247-abb8-760b13d1dacc" />
      <TestMethod codeBase="C:/depotCI/dev/ird/2009.2/Client/Interop/WSS.SPF.Interop.Test/bin/Release/WSS.SPF.Interop.Test.DLL" adapterTypeName="Microsoft.VisualStudio.TestTools.TestTypes.Unit.UnitTestAdapter, Microsoft.VisualStudio.QualityTools.Tips.UnitTest.Adapter" className="WallStreetSystems.StructuredProducts.Interop.Test.MiscTests, WSS.SPF.Interop.Test, Version=2009.1.0.0, Culture=neutral, PublicKeyToken=b5fd1a36512e1285" name="TestAssignUserKey" />
    </UnitTest>
    <UnitTest name="TestIndexCurvePointNoChange" storage="c:\depotci\dev\ird\2009.2\client\interop\wss.spf.interop.test\bin\release\wss.spf.interop.test.dll" id="47300b6f-2989-a54f-182d-94f09b764982">
      <Css projectStructure="" iteration="" />
      <Owners>
        <Owner name="" />
      </Owners>
      <Execution id="82541322-735a-486f-88e2-8147af25e5de" />
      <TestMethod codeBase="C:/depotCI/dev/ird/2009.2/Client/Interop/WSS.SPF.Interop.Test/bin/Release/WSS.SPF.Interop.Test.DLL" adapterTypeName="Microsoft.VisualStudio.TestTools.TestTypes.Unit.UnitTestAdapter, Microsoft.VisualStudio.QualityTools.Tips.UnitTest.Adapter" className="WallStreetSystems.StructuredProducts.Interop.Test.MarketCurveUpdateTests, WSS.SPF.Interop.Test, Version=2009.1.0.0, Culture=neutral, PublicKeyToken=b5fd1a36512e1285" name="TestIndexCurvePointNoChange" />
    </UnitTest>
    <UnitTest name="TestCreateUserWithEmptyGroup" storage="c:\depotci\dev\ird\2009.2\client\interop\wss.spf.interop.test\bin\release\wss.spf.interop.test.dll" id="5f5daee7-d915-c5e0-eb99-291f804b27f8">
      <Css projectStructure="" iteration="" />
      <Owners>
        <Owner name="" />
      </Owners>
      <Execution id="afd5f8af-ef43-40a0-a415-63849e0b8a70" />
      <TestMethod codeBase="C:/depotCI/dev/ird/2009.2/Client/Interop/WSS.SPF.Interop.Test/bin/Release/WSS.SPF.Interop.Test.DLL" adapterTypeName="Microsoft.VisualStudio.TestTools.TestTypes.Unit.UnitTestAdapter, Microsoft.VisualStudio.QualityTools.Tips.UnitTest.Adapter" className="WallStreetSystems.StructuredProducts.Interop.Test.UserProfileTests, WSS.SPF.Interop.Test, Version=2009.1.0.0, Culture=neutral, PublicKeyToken=b5fd1a36512e1285" name="TestCreateUserWithEmptyGroup" />
    </UnitTest>
    <UnitTest name="TestPackageGetTradeLegs" storage="c:\depotci\dev\ird\2009.2\client\interop\wss.spf.interop.test\bin\release\wss.spf.interop.test.dll" id="59d0cb1b-dc87-770a-46a5-6bed73e60829">
      <Css projectStructure="" iteration="" />
      <Owners>
        <Owner name="" />
      </Owners>
      <Execution id="326f7afd-a5bb-47b2-97d5-c023720f74da" />
      <TestMethod codeBase="C:/depotCI/dev/ird/2009.2/Client/Interop/WSS.SPF.Interop.Test/bin/Release/WSS.SPF.Interop.Test.DLL" adapterTypeName="Microsoft.VisualStudio.TestTools.TestTypes.Unit.UnitTestAdapter, Microsoft.VisualStudio.QualityTools.Tips.UnitTest.Adapter" className="WallStreetSystems.StructuredProducts.Interop.Test.TradePackagesTests, WSS.SPF.Interop.Test, Version=2009.1.0.0, Culture=neutral, PublicKeyToken=b5fd1a36512e1285" name="TestPackageGetTradeLegs" />
    </UnitTest>
    <UnitTest name="TestSecurityAuditLogAddRemoveUserGroup" storage="c:\depotci\dev\ird\2009.2\client\interop\wss.spf.interop.test\bin\release\wss.spf.interop.test.dll" id="999066d0-003b-683c-f0fd-9411f96898e0">
      <Css projectStructure="" iteration="" />
      <Owners>
        <Owner name="" />
      </Owners>
      <Execution id="ee4268da-dca9-4a66-9096-c9666014d539" />
      <TestMethod codeBase="C:/depotCI/dev/ird/2009.2/Client/Interop/WSS.SPF.Interop.Test/bin/Release/WSS.SPF.Interop.Test.DLL" adapterTypeName="Microsoft.VisualStudio.TestTools.TestTypes.Unit.UnitTestAdapter, Microsoft.VisualStudio.QualityTools.Tips.UnitTest.Adapter" className="WallStreetSystems.StructuredProducts.Interop.Test.SecurityLogTests, WSS.SPF.Interop.Test, Version=2009.1.0.0, Culture=neutral, PublicKeyToken=b5fd1a36512e1285" name="TestSecurityAuditLogAddRemoveUserGroup" />
    </UnitTest>
    <UnitTest name="TestRateSetInquiryReport" storage="c:\depotci\dev\ird\2009.2\client\interop\wss.spf.interop.test\bin\release\wss.spf.interop.test.dll" id="df982f82-9876-0d79-8cba-7eacee3a6983">
      <Css projectStructure="" iteration="" />
      <Owners>
        <Owner name="" />
      </Owners>
      <Execution id="500ed4df-d7d9-4b71-adb0-074e5e80885e" />
      <TestMethod codeBase="C:/depotCI/dev/ird/2009.2/Client/Interop/WSS.SPF.Interop.Test/bin/Release/WSS.SPF.Interop.Test.DLL" adapterTypeName="Microsoft.VisualStudio.TestTools.TestTypes.Unit.UnitTestAdapter, Microsoft.VisualStudio.QualityTools.Tips.UnitTest.Adapter" className="WallStreetSystems.StructuredProducts.Interop.Test.ReportTests, WSS.SPF.Interop.Test, Version=2009.1.0.0, Culture=neutral, PublicKeyToken=b5fd1a36512e1285" name="TestRateSetInquiryReport" />
    </UnitTest>
    <UnitTest name="TestAddLiveCvRate" storage="c:\depotci\dev\ird\2009.2\client\interop\wss.spf.interop.test\bin\release\wss.spf.interop.test.dll" id="338ac466-b57c-91d5-84b4-332758d9a9fa">
      <Css projectStructure="" iteration="" />
      <Owners>
        <Owner name="" />
      </Owners>
      <Execution id="ed85bfc6-0c19-4d35-bf6a-ab72a3da3a30" />
      <TestMethod codeBase="C:/depotCI/dev/ird/2009.2/Client/Interop/WSS.SPF.Interop.Test/bin/Release/WSS.SPF.Interop.Test.DLL" adapterTypeName="Microsoft.VisualStudio.TestTools.TestTypes.Unit.UnitTestAdapter, Microsoft.VisualStudio.QualityTools.Tips.UnitTest.Adapter" className="WallStreetSystems.StructuredProducts.Interop.Test.LiveRatesTests, WSS.SPF.Interop.Test, Version=2009.1.0.0, Culture=neutral, PublicKeyToken=b5fd1a36512e1285" name="TestAddLiveCvRate" />
    </UnitTest>
    <UnitTest name="TestGenericTrades" storage="c:\depotci\dev\ird\2009.2\client\interop\wss.spf.interop.test\bin\release\wss.spf.interop.test.dll" id="528d7731-0ac5-e828-1652-74a2bdfd1a48">
      <Css projectStructure="" iteration="" />
      <Owners>
        <Owner name="" />
      </Owners>
      <Execution id="1458d80e-84f0-4aef-a40a-9854e5f0d1ca" />
      <TestMethod codeBase="C:/depotCI/dev/ird/2009.2/Client/Interop/WSS.SPF.Interop.Test/bin/Release/WSS.SPF.Interop.Test.DLL" adapterTypeName="Microsoft.VisualStudio.TestTools.TestTypes.Unit.UnitTestAdapter, Microsoft.VisualStudio.QualityTools.Tips.UnitTest.Adapter" className="WallStreetSystems.StructuredProducts.Interop.Test.TradeTests, WSS.SPF.Interop.Test, Version=2009.1.0.0, Culture=neutral, PublicKeyToken=b5fd1a36512e1285" name="TestGenericTrades" />
    </UnitTest>
    <UnitTest name="TestSwaptionVolPointUp" storage="c:\depotci\dev\ird\2009.2\client\interop\wss.spf.interop.test\bin\release\wss.spf.interop.test.dll" id="b6bd2372-7c84-4b52-257e-c0ca8c4caab8">
      <Css projectStructure="" iteration="" />
      <Owners>
        <Owner name="" />
      </Owners>
      <Execution id="d99563b7-8e9d-4a5d-85d3-d4ac35c50317" />
      <TestMethod codeBase="C:/depotCI/dev/ird/2009.2/Client/Interop/WSS.SPF.Interop.Test/bin/Release/WSS.SPF.Interop.Test.DLL" adapterTypeName="Microsoft.VisualStudio.TestTools.TestTypes.Unit.UnitTestAdapter, Microsoft.VisualStudio.QualityTools.Tips.UnitTest.Adapter" className="WallStreetSystems.StructuredProducts.Interop.Test.MarketCurveUpdateTests, WSS.SPF.Interop.Test, Version=2009.1.0.0, Culture=neutral, PublicKeyToken=b5fd1a36512e1285" name="TestSwaptionVolPointUp" />
    </UnitTest>
    <UnitTest name="TestCapVolTenorAdd" storage="c:\depotci\dev\ird\2009.2\client\interop\wss.spf.interop.test\bin\release\wss.spf.interop.test.dll" id="7f59ee4e-f5c4-6aac-4a6a-93ca50316ed9">
      <Css projectStructure="" iteration="" />
      <Owners>
        <Owner name="" />
      </Owners>
      <Execution id="2f3b1d30-ff17-47b7-8b33-4e1325a150cf" />
      <TestMethod codeBase="C:/depotCI/dev/ird/2009.2/Client/Interop/WSS.SPF.Interop.Test/bin/Release/WSS.SPF.Interop.Test.DLL" adapterTypeName="Microsoft.VisualStudio.TestTools.TestTypes.Unit.UnitTestAdapter, Microsoft.VisualStudio.QualityTools.Tips.UnitTest.Adapter" className="WallStreetSystems.StructuredProducts.Interop.Test.CurveTests, WSS.SPF.Interop.Test, Version=2009.1.0.0, Culture=neutral, PublicKeyToken=b5fd1a36512e1285" name="TestCapVolTenorAdd" />
    </UnitTest>
    <UnitTest name="TestExportImportKeyAsFile" storage="c:\depotci\dev\ird\2009.2\client\interop\wss.spf.interop.test\bin\release\wss.spf.interop.test.dll" id="1c6421d1-dc3d-0f90-4ded-7f0c1ec555c5">
      <Css projectStructure="" iteration="" />
      <Owners>
        <Owner name="" />
      </Owners>
      <Execution id="4a0ecc79-d744-40e9-9722-0adc4e9fa4dc" />
      <TestMethod codeBase="C:/depotCI/dev/ird/2009.2/Client/Interop/WSS.SPF.Interop.Test/bin/Release/WSS.SPF.Interop.Test.DLL" adapterTypeName="Microsoft.VisualStudio.TestTools.TestTypes.Unit.UnitTestAdapter, Microsoft.VisualStudio.QualityTools.Tips.UnitTest.Adapter" className="WallStreetSystems.StructuredProducts.Interop.Test.MiscTests, WSS.SPF.Interop.Test, Version=2009.1.0.0, Culture=neutral, PublicKeyToken=b5fd1a36512e1285" name="TestExportImportKeyAsFile" />
    </UnitTest>
    <UnitTest name="TestSelectCurveFromWarehouseCombineEx" storage="c:\depotci\dev\ird\2009.2\client\interop\wss.spf.interop.test\bin\release\wss.spf.interop.test.dll" id="a05e74c3-b6a2-31f0-edd4-fa602310311f">
      <Css projectStructure="" iteration="" />
      <Owners>
        <Owner name="" />
      </Owners>
      <Execution id="f215c422-4f8c-4391-a358-5fd6d58cbe5d" />
      <TestMethod codeBase="C:/depotCI/dev/ird/2009.2/Client/Interop/WSS.SPF.Interop.Test/bin/Release/WSS.SPF.Interop.Test.DLL" adapterTypeName="Microsoft.VisualStudio.TestTools.TestTypes.Unit.UnitTestAdapter, Microsoft.VisualStudio.QualityTools.Tips.UnitTest.Adapter" className="WallStreetSystems.StructuredProducts.Interop.Test.CurveTests, WSS.SPF.Interop.Test, Version=2009.1.0.0, Culture=neutral, PublicKeyToken=b5fd1a36512e1285" name="TestSelectCurveFromWarehouseCombineEx" />
    </UnitTest>
    <UnitTest name="TestServerInformation" storage="c:\depotci\dev\ird\2009.2\client\interop\wss.spf.interop.test\bin\release\wss.spf.interop.test.dll" id="bc490be3-9625-1806-3677-f290861cae34">
      <Css projectStructure="" iteration="" />
      <Owners>
        <Owner name="" />
      </Owners>
      <Execution id="660abd53-6e28-498f-b017-2888a7522847" />
      <TestMethod codeBase="C:/depotCI/dev/ird/2009.2/Client/Interop/WSS.SPF.Interop.Test/bin/Release/WSS.SPF.Interop.Test.DLL" adapterTypeName="Microsoft.VisualStudio.TestTools.TestTypes.Unit.UnitTestAdapter, Microsoft.VisualStudio.QualityTools.Tips.UnitTest.Adapter" className="WallStreetSystems.StructuredProducts.Interop.Test.MiscTests, WSS.SPF.Interop.Test, Version=2009.1.0.0, Culture=neutral, PublicKeyToken=b5fd1a36512e1285" name="TestServerInformation" />
    </UnitTest>
    <UnitTest name="TestCreateEmptyKey" storage="c:\depotci\dev\ird\2009.2\client\interop\wss.spf.interop.test\bin\release\wss.spf.interop.test.dll" id="192f4ae4-2e82-560f-ef89-a675e5f71060">
      <Css projectStructure="" iteration="" />
      <Owners>
        <Owner name="" />
      </Owners>
      <Execution id="e3c12161-601d-46af-805e-49f9564e782e" />
      <TestMethod codeBase="C:/depotCI/dev/ird/2009.2/Client/Interop/WSS.SPF.Interop.Test/bin/Release/WSS.SPF.Interop.Test.DLL" adapterTypeName="Microsoft.VisualStudio.TestTools.TestTypes.Unit.UnitTestAdapter, Microsoft.VisualStudio.QualityTools.Tips.UnitTest.Adapter" className="WallStreetSystems.StructuredProducts.Interop.Test.MiscTests, WSS.SPF.Interop.Test, Version=2009.1.0.0, Culture=neutral, PublicKeyToken=b5fd1a36512e1285" name="TestCreateEmptyKey" />
    </UnitTest>
    <UnitTest name="TestRenamePackage" storage="c:\depotci\dev\ird\2009.2\client\interop\wss.spf.interop.test\bin\release\wss.spf.interop.test.dll" id="d7954a4a-74fc-a9aa-e6d5-194bde50668b">
      <Css projectStructure="" iteration="" />
      <Owners>
        <Owner name="" />
      </Owners>
      <Execution id="f92762f0-e33a-488a-a6cf-3138fefb550f" />
      <TestMethod codeBase="C:/depotCI/dev/ird/2009.2/Client/Interop/WSS.SPF.Interop.Test/bin/Release/WSS.SPF.Interop.Test.DLL" adapterTypeName="Microsoft.VisualStudio.TestTools.TestTypes.Unit.UnitTestAdapter, Microsoft.VisualStudio.QualityTools.Tips.UnitTest.Adapter" className="WallStreetSystems.StructuredProducts.Interop.Test.TradePackagesTests, WSS.SPF.Interop.Test, Version=2009.1.0.0, Culture=neutral, PublicKeyToken=b5fd1a36512e1285" name="TestRenamePackage" />
    </UnitTest>
    <UnitTest name="TestGetCurrencyByCode" storage="c:\depotci\dev\ird\2009.2\client\interop\wss.spf.interop.test\bin\release\wss.spf.interop.test.dll" id="29874346-5958-ecda-a167-08a6126b7c2e">
      <Css projectStructure="" iteration="" />
      <Owners>
        <Owner name="" />
      </Owners>
      <Execution id="92eb06a0-d2e8-4e72-a9cf-3bfaa09d4475" />
      <TestMethod codeBase="C:/depotCI/dev/ird/2009.2/Client/Interop/WSS.SPF.Interop.Test/bin/Release/WSS.SPF.Interop.Test.DLL" adapterTypeName="Microsoft.VisualStudio.TestTools.TestTypes.Unit.UnitTestAdapter, Microsoft.VisualStudio.QualityTools.Tips.UnitTest.Adapter" className="WallStreetSystems.StructuredProducts.Interop.Test.CurrencyTests, WSS.SPF.Interop.Test, Version=2009.1.0.0, Culture=neutral, PublicKeyToken=b5fd1a36512e1285" name="TestGetCurrencyByCode" />
    </UnitTest>
    <UnitTest name="TestMktCrvDescFailedBldErrorListContent" storage="c:\depotci\dev\ird\2009.2\client\interop\wss.spf.interop.test\bin\release\wss.spf.interop.test.dll" id="de5a6267-107c-b5ae-b8dc-1c121589f1c5">
      <Css projectStructure="" iteration="" />
      <Owners>
        <Owner name="" />
      </Owners>
      <Execution id="52f5fbd1-6366-4217-b941-e46974f0ef40" />
      <TestMethod codeBase="C:/depotCI/dev/ird/2009.2/Client/Interop/WSS.SPF.Interop.Test/bin/Release/WSS.SPF.Interop.Test.DLL" adapterTypeName="Microsoft.VisualStudio.TestTools.TestTypes.Unit.UnitTestAdapter, Microsoft.VisualStudio.QualityTools.Tips.UnitTest.Adapter" className="WallStreetSystems.StructuredProducts.Interop.Test.MarketCurveDescriptionTests, WSS.SPF.Interop.Test, Version=2009.1.0.0, Culture=neutral, PublicKeyToken=b5fd1a36512e1285" name="TestMktCrvDescFailedBldErrorListContent" />
    </UnitTest>
    <UnitTest name="TestSecurityAuditLogAddDeleteMarketName" storage="c:\depotci\dev\ird\2009.2\client\interop\wss.spf.interop.test\bin\release\wss.spf.interop.test.dll" id="4984390b-c5af-91b0-cbb6-170e7a46adfb">
      <Css projectStructure="" iteration="" />
      <Owners>
        <Owner name="" />
      </Owners>
      <Execution id="483e9f82-40b1-4fc8-89c5-7b52c033ce14" />
      <TestMethod codeBase="C:/depotCI/dev/ird/2009.2/Client/Interop/WSS.SPF.Interop.Test/bin/Release/WSS.SPF.Interop.Test.DLL" adapterTypeName="Microsoft.VisualStudio.TestTools.TestTypes.Unit.UnitTestAdapter, Microsoft.VisualStudio.QualityTools.Tips.UnitTest.Adapter" className="WallStreetSystems.StructuredProducts.Interop.Test.SecurityLogTests, WSS.SPF.Interop.Test, Version=2009.1.0.0, Culture=neutral, PublicKeyToken=b5fd1a36512e1285" name="TestSecurityAuditLogAddDeleteMarketName" />
    </UnitTest>
    <UnitTest name="TestComputeFutVolFromSwaps" storage="c:\depotci\dev\ird\2009.2\client\interop\wss.spf.interop.test\bin\release\wss.spf.interop.test.dll" id="40a544cb-393e-472d-e818-b4457381192e">
      <Css projectStructure="" iteration="" />
      <Owners>
        <Owner name="" />
      </Owners>
      <Execution id="4c7042e7-cc70-4e3a-affb-d00a6378f839" />
      <TestMethod codeBase="C:/depotCI/dev/ird/2009.2/Client/Interop/WSS.SPF.Interop.Test/bin/Release/WSS.SPF.Interop.Test.DLL" adapterTypeName="Microsoft.VisualStudio.TestTools.TestTypes.Unit.UnitTestAdapter, Microsoft.VisualStudio.QualityTools.Tips.UnitTest.Adapter" className="WallStreetSystems.StructuredProducts.Interop.Test.CurveTests, WSS.SPF.Interop.Test, Version=2009.1.0.0, Culture=neutral, PublicKeyToken=b5fd1a36512e1285" name="TestComputeFutVolFromSwaps" />
    </UnitTest>
    <UnitTest name="TestCreateUserWithEmptyUserName" storage="c:\depotci\dev\ird\2009.2\client\interop\wss.spf.interop.test\bin\release\wss.spf.interop.test.dll" id="218ead46-5aac-34d1-f868-fa1d71b645fd">
      <Css projectStructure="" iteration="" />
      <Owners>
        <Owner name="" />
      </Owners>
      <Execution id="076e6238-2c29-4e9f-8aec-6a406246292d" />
      <TestMethod codeBase="C:/depotCI/dev/ird/2009.2/Client/Interop/WSS.SPF.Interop.Test/bin/Release/WSS.SPF.Interop.Test.DLL" adapterTypeName="Microsoft.VisualStudio.TestTools.TestTypes.Unit.UnitTestAdapter, Microsoft.VisualStudio.QualityTools.Tips.UnitTest.Adapter" className="WallStreetSystems.StructuredProducts.Interop.Test.UserProfileTests, WSS.SPF.Interop.Test, Version=2009.1.0.0, Culture=neutral, PublicKeyToken=b5fd1a36512e1285" name="TestCreateUserWithEmptyUserName" />
    </UnitTest>
    <UnitTest name="TestTreeModeTREE_VIEW_NONEMPTY_SKELETON_ONLY" storage="c:\depotci\dev\ird\2009.2\client\interop\wss.spf.interop.test\bin\release\wss.spf.interop.test.dll" id="5e3480a2-1519-93c0-6008-6902fcf37638">
      <Css projectStructure="" iteration="" />
      <Owners>
        <Owner name="" />
      </Owners>
      <Execution id="f123d2e8-24ab-4417-8c4e-2ff8f5b0774d" />
      <TestMethod codeBase="C:/depotCI/dev/ird/2009.2/Client/Interop/WSS.SPF.Interop.Test/bin/Release/WSS.SPF.Interop.Test.DLL" adapterTypeName="Microsoft.VisualStudio.TestTools.TestTypes.Unit.UnitTestAdapter, Microsoft.VisualStudio.QualityTools.Tips.UnitTest.Adapter" className="WallStreetSystems.StructuredProducts.Interop.Test.LocalTreeTests, WSS.SPF.Interop.Test, Version=2009.1.0.0, Culture=neutral, PublicKeyToken=b5fd1a36512e1285" name="TestTreeModeTREE_VIEW_NONEMPTY_SKELETON_ONLY" />
    </UnitTest>
    <UnitTest name="TestTreeModeTREE_NODES_LEGS_ONLY" storage="c:\depotci\dev\ird\2009.2\client\interop\wss.spf.interop.test\bin\release\wss.spf.interop.test.dll" id="5105ca7d-64a6-75c0-d752-f59c642a313f">
      <Css projectStructure="" iteration="" />
      <Owners>
        <Owner name="" />
      </Owners>
      <Execution id="2fccf376-f780-48a9-8e2c-23e532453085" />
      <TestMethod codeBase="C:/depotCI/dev/ird/2009.2/Client/Interop/WSS.SPF.Interop.Test/bin/Release/WSS.SPF.Interop.Test.DLL" adapterTypeName="Microsoft.VisualStudio.TestTools.TestTypes.Unit.UnitTestAdapter, Microsoft.VisualStudio.QualityTools.Tips.UnitTest.Adapter" className="WallStreetSystems.StructuredProducts.Interop.Test.LocalTreeTests, WSS.SPF.Interop.Test, Version=2009.1.0.0, Culture=neutral, PublicKeyToken=b5fd1a36512e1285" name="TestTreeModeTREE_NODES_LEGS_ONLY" />
    </UnitTest>
    <UnitTest name="TestMarketCurveCalibrateSyncronizedFail" storage="c:\depotci\dev\ird\2009.2\client\interop\wss.spf.interop.test\bin\release\wss.spf.interop.test.dll" id="3715b313-3b69-80cf-4ad4-d6c612930bd2">
      <Css projectStructure="" iteration="" />
      <Owners>
        <Owner name="" />
      </Owners>
      <Execution id="f3fa3365-b079-435e-b482-9590ef4e6cff" />
      <TestMethod codeBase="C:/depotCI/dev/ird/2009.2/Client/Interop/WSS.SPF.Interop.Test/bin/Release/WSS.SPF.Interop.Test.DLL" adapterTypeName="Microsoft.VisualStudio.TestTools.TestTypes.Unit.UnitTestAdapter, Microsoft.VisualStudio.QualityTools.Tips.UnitTest.Adapter" className="WallStreetSystems.StructuredProducts.Interop.Test.CurveTests, WSS.SPF.Interop.Test, Version=2009.1.0.0, Culture=neutral, PublicKeyToken=b5fd1a36512e1285" name="TestMarketCurveCalibrateSyncronizedFail" />
    </UnitTest>
    <UnitTest name="TestSaveUserProfile" storage="c:\depotci\dev\ird\2009.2\client\interop\wss.spf.interop.test\bin\release\wss.spf.interop.test.dll" id="f1fd2a27-d718-8999-8198-8277df3226b2">
      <Css projectStructure="" iteration="" />
      <Owners>
        <Owner name="" />
      </Owners>
      <Execution id="595ab5da-42db-43d4-917f-fe655944f560" />
      <TestMethod codeBase="C:/depotCI/dev/ird/2009.2/Client/Interop/WSS.SPF.Interop.Test/bin/Release/WSS.SPF.Interop.Test.DLL" adapterTypeName="Microsoft.VisualStudio.TestTools.TestTypes.Unit.UnitTestAdapter, Microsoft.VisualStudio.QualityTools.Tips.UnitTest.Adapter" className="WallStreetSystems.StructuredProducts.Interop.Test.UserProfileTests, WSS.SPF.Interop.Test, Version=2009.1.0.0, Culture=neutral, PublicKeyToken=b5fd1a36512e1285" name="TestSaveUserProfile" />
    </UnitTest>
    <UnitTest name="TestAddCurrency" storage="c:\depotci\dev\ird\2009.2\client\interop\wss.spf.interop.test\bin\release\wss.spf.interop.test.dll" id="b3dd1dae-90b4-164c-3142-3910f89c4b3c">
      <Css projectStructure="" iteration="" />
      <Owners>
        <Owner name="" />
      </Owners>
      <Execution id="7eda4d20-d89b-4cb4-a865-49bb71a3598b" />
      <TestMethod codeBase="C:/depotCI/dev/ird/2009.2/Client/Interop/WSS.SPF.Interop.Test/bin/Release/WSS.SPF.Interop.Test.DLL" adapterTypeName="Microsoft.VisualStudio.TestTools.TestTypes.Unit.UnitTestAdapter, Microsoft.VisualStudio.QualityTools.Tips.UnitTest.Adapter" className="WallStreetSystems.StructuredProducts.Interop.Test.CurrencyTests, WSS.SPF.Interop.Test, Version=2009.1.0.0, Culture=neutral, PublicKeyToken=b5fd1a36512e1285" name="TestAddCurrency" />
    </UnitTest>
    <UnitTest name="TestLoadFirstCurveFromDBViaMarketDesc" storage="c:\depotci\dev\ird\2009.2\client\interop\wss.spf.interop.test\bin\release\wss.spf.interop.test.dll" id="5ec449a5-60b5-d7af-9862-e3aa121ed4aa">
      <Css projectStructure="" iteration="" />
      <Owners>
        <Owner name="" />
      </Owners>
      <Execution id="016e449d-6c3d-4677-a077-b62d921ed239" />
      <TestMethod codeBase="C:/depotCI/dev/ird/2009.2/Client/Interop/WSS.SPF.Interop.Test/bin/Release/WSS.SPF.Interop.Test.DLL" adapterTypeName="Microsoft.VisualStudio.TestTools.TestTypes.Unit.UnitTestAdapter, Microsoft.VisualStudio.QualityTools.Tips.UnitTest.Adapter" className="WallStreetSystems.StructuredProducts.Interop.Test.CurveTests, WSS.SPF.Interop.Test, Version=2009.1.0.0, Culture=neutral, PublicKeyToken=b5fd1a36512e1285" name="TestLoadFirstCurveFromDBViaMarketDesc" />
    </UnitTest>
    <UnitTest name="TestCapVolTenorRemove" storage="c:\depotci\dev\ird\2009.2\client\interop\wss.spf.interop.test\bin\release\wss.spf.interop.test.dll" id="aece77a2-54b0-7313-25bb-6673cb0a7ab7">
      <Css projectStructure="" iteration="" />
      <Owners>
        <Owner name="" />
      </Owners>
      <Execution id="229d8fb5-060d-4726-abe6-6bd54e67cb84" />
      <TestMethod codeBase="C:/depotCI/dev/ird/2009.2/Client/Interop/WSS.SPF.Interop.Test/bin/Release/WSS.SPF.Interop.Test.DLL" adapterTypeName="Microsoft.VisualStudio.TestTools.TestTypes.Unit.UnitTestAdapter, Microsoft.VisualStudio.QualityTools.Tips.UnitTest.Adapter" className="WallStreetSystems.StructuredProducts.Interop.Test.CurveTests, WSS.SPF.Interop.Test, Version=2009.1.0.0, Culture=neutral, PublicKeyToken=b5fd1a36512e1285" name="TestCapVolTenorRemove" />
    </UnitTest>
    <UnitTest name="TestTreeModeTREE_VIEW_COUNTERPARTY" storage="c:\depotci\dev\ird\2009.2\client\interop\wss.spf.interop.test\bin\release\wss.spf.interop.test.dll" id="0b779dde-e9b1-744d-c556-a13243372a2e">
      <Css projectStructure="" iteration="" />
      <Owners>
        <Owner name="" />
      </Owners>
      <Execution id="eb26668d-74d4-4521-af19-aad958d59a70" />
      <TestMethod codeBase="C:/depotCI/dev/ird/2009.2/Client/Interop/WSS.SPF.Interop.Test/bin/Release/WSS.SPF.Interop.Test.DLL" adapterTypeName="Microsoft.VisualStudio.TestTools.TestTypes.Unit.UnitTestAdapter, Microsoft.VisualStudio.QualityTools.Tips.UnitTest.Adapter" className="WallStreetSystems.StructuredProducts.Interop.Test.LocalTreeTests, WSS.SPF.Interop.Test, Version=2009.1.0.0, Culture=neutral, PublicKeyToken=b5fd1a36512e1285" name="TestTreeModeTREE_VIEW_COUNTERPARTY" />
    </UnitTest>
    <UnitTest name="TestSwptnVolVolPtsRemove" storage="c:\depotci\dev\ird\2009.2\client\interop\wss.spf.interop.test\bin\release\wss.spf.interop.test.dll" id="fe1a28b6-55c2-a2b6-853d-98511318340c">
      <Css projectStructure="" iteration="" />
      <Owners>
        <Owner name="" />
      </Owners>
      <Execution id="0b48f10b-605f-4d4a-9ad7-79afe2c4cda9" />
      <TestMethod codeBase="C:/depotCI/dev/ird/2009.2/Client/Interop/WSS.SPF.Interop.Test/bin/Release/WSS.SPF.Interop.Test.DLL" adapterTypeName="Microsoft.VisualStudio.TestTools.TestTypes.Unit.UnitTestAdapter, Microsoft.VisualStudio.QualityTools.Tips.UnitTest.Adapter" className="WallStreetSystems.StructuredProducts.Interop.Test.CurveTests, WSS.SPF.Interop.Test, Version=2009.1.0.0, Culture=neutral, PublicKeyToken=b5fd1a36512e1285" name="TestSwptnVolVolPtsRemove" />
    </UnitTest>
    <UnitTest name="TestParseTradePropertiesAsListOfSeparateOperands" storage="c:\depotci\dev\ird\2009.2\client\interop\wss.spf.interop.test\bin\release\wss.spf.interop.test.dll" id="2cefa6a4-ecc9-a45c-5c47-d84b94a7ba23">
      <Css projectStructure="" iteration="" />
      <Owners>
        <Owner name="" />
      </Owners>
      <Execution id="345ae49b-fec9-4493-8dfc-087131068e13" />
      <TestMethod codeBase="C:/depotCI/dev/ird/2009.2/Client/Interop/WSS.SPF.Interop.Test/bin/Release/WSS.SPF.Interop.Test.DLL" adapterTypeName="Microsoft.VisualStudio.TestTools.TestTypes.Unit.UnitTestAdapter, Microsoft.VisualStudio.QualityTools.Tips.UnitTest.Adapter" className="WallStreetSystems.StructuredProducts.Interop.Test.ExpressionTests, WSS.SPF.Interop.Test, Version=2009.1.0.0, Culture=neutral, PublicKeyToken=b5fd1a36512e1285" name="TestParseTradePropertiesAsListOfSeparateOperands" />
    </UnitTest>
    <UnitTest name="TestRetrieveCommodityIndexDescription" storage="c:\depotci\dev\ird\2009.2\client\interop\wss.spf.interop.test\bin\release\wss.spf.interop.test.dll" id="943d83c5-0738-95b7-0f5a-6f8da123afdd">
      <Css projectStructure="" iteration="" />
      <Owners>
        <Owner name="" />
      </Owners>
      <Execution id="32464f79-9c5c-4f47-84ce-4de871c23721" />
      <TestMethod codeBase="C:/depotCI/dev/ird/2009.2/Client/Interop/WSS.SPF.Interop.Test/bin/Release/WSS.SPF.Interop.Test.DLL" adapterTypeName="Microsoft.VisualStudio.TestTools.TestTypes.Unit.UnitTestAdapter, Microsoft.VisualStudio.QualityTools.Tips.UnitTest.Adapter" className="WallStreetSystems.StructuredProducts.Interop.Test.CommodityIndexTests, WSS.SPF.Interop.Test, Version=2009.1.0.0, Culture=neutral, PublicKeyToken=b5fd1a36512e1285" name="TestRetrieveCommodityIndexDescription" />
    </UnitTest>
    <UnitTest name="TestTreeModeMAX_TRADE_PACKAGE_NAME" storage="c:\depotci\dev\ird\2009.2\client\interop\wss.spf.interop.test\bin\release\wss.spf.interop.test.dll" id="df76e11f-520d-c9f2-d152-d982802dcb61">
      <Css projectStructure="" iteration="" />
      <Owners>
        <Owner name="" />
      </Owners>
      <Execution id="63776fb2-115b-4b4b-bb94-ed06e904ed4d" />
      <TestMethod codeBase="C:/depotCI/dev/ird/2009.2/Client/Interop/WSS.SPF.Interop.Test/bin/Release/WSS.SPF.Interop.Test.DLL" adapterTypeName="Microsoft.VisualStudio.TestTools.TestTypes.Unit.UnitTestAdapter, Microsoft.VisualStudio.QualityTools.Tips.UnitTest.Adapter" className="WallStreetSystems.StructuredProducts.Interop.Test.LocalTreeTests, WSS.SPF.Interop.Test, Version=2009.1.0.0, Culture=neutral, PublicKeyToken=b5fd1a36512e1285" name="TestTreeModeMAX_TRADE_PACKAGE_NAME" />
    </UnitTest>
    <UnitTest name="HolidayListToString" storage="c:\depotci\dev\ird\2009.2\client\interop\wss.spf.interop.test\bin\release\wss.spf.interop.test.dll" id="743447b5-fcb9-6cb3-90ec-2a932957285d">
      <Css projectStructure="" iteration="" />
      <Owners>
        <Owner name="" />
      </Owners>
      <Execution id="c2c91b80-92da-4a00-bbb4-2ba88570e17e" />
      <TestMethod codeBase="C:/depotCI/dev/ird/2009.2/Client/Interop/WSS.SPF.Interop.Test/bin/Release/WSS.SPF.Interop.Test.DLL" adapterTypeName="Microsoft.VisualStudio.TestTools.TestTypes.Unit.UnitTestAdapter, Microsoft.VisualStudio.QualityTools.Tips.UnitTest.Adapter" className="WallStreetSystems.StructuredProducts.Interop.Test.HolidayTableTest, WSS.SPF.Interop.Test, Version=2009.1.0.0, Culture=neutral, PublicKeyToken=b5fd1a36512e1285" name="HolidayListToString" />
    </UnitTest>
    <UnitTest name="TestSaveCommodityIndexDescription" storage="c:\depotci\dev\ird\2009.2\client\interop\wss.spf.interop.test\bin\release\wss.spf.interop.test.dll" id="5dfe3555-4c9e-23df-e1fe-d141dea17926">
      <Css projectStructure="" iteration="" />
      <Owners>
        <Owner name="" />
      </Owners>
      <Execution id="d883bafe-926a-4e03-9931-4df8e2720902" />
      <TestMethod codeBase="C:/depotCI/dev/ird/2009.2/Client/Interop/WSS.SPF.Interop.Test/bin/Release/WSS.SPF.Interop.Test.DLL" adapterTypeName="Microsoft.VisualStudio.TestTools.TestTypes.Unit.UnitTestAdapter, Microsoft.VisualStudio.QualityTools.Tips.UnitTest.Adapter" className="WallStreetSystems.StructuredProducts.Interop.Test.CommodityIndexTests, WSS.SPF.Interop.Test, Version=2009.1.0.0, Culture=neutral, PublicKeyToken=b5fd1a36512e1285" name="TestSaveCommodityIndexDescription" />
    </UnitTest>
    <UnitTest name="TestCreateKeyFromXml" storage="c:\depotci\dev\ird\2009.2\client\interop\wss.spf.interop.test\bin\release\wss.spf.interop.test.dll" id="850457e9-778c-75b3-d3c4-80309db6afeb">
      <Css projectStructure="" iteration="" />
      <Owners>
        <Owner name="" />
      </Owners>
      <Execution id="50792cd7-4a74-4f4f-ba54-f728ab8dc23c" />
      <TestMethod codeBase="C:/depotCI/dev/ird/2009.2/Client/Interop/WSS.SPF.Interop.Test/bin/Release/WSS.SPF.Interop.Test.DLL" adapterTypeName="Microsoft.VisualStudio.TestTools.TestTypes.Unit.UnitTestAdapter, Microsoft.VisualStudio.QualityTools.Tips.UnitTest.Adapter" className="WallStreetSystems.StructuredProducts.Interop.Test.MiscTests, WSS.SPF.Interop.Test, Version=2009.1.0.0, Culture=neutral, PublicKeyToken=b5fd1a36512e1285" name="TestCreateKeyFromXml" />
    </UnitTest>
    <UnitTest name="TestUserName" storage="c:\depotci\dev\ird\2009.2\client\interop\wss.spf.interop.test\bin\release\wss.spf.interop.test.dll" id="d4729437-e393-737c-a692-338cb2105a22">
      <Css projectStructure="" iteration="" />
      <Owners>
        <Owner name="" />
      </Owners>
      <Execution id="2055a1da-1b72-472f-b1b8-20186c14dd39" />
      <TestMethod codeBase="C:/depotCI/dev/ird/2009.2/Client/Interop/WSS.SPF.Interop.Test/bin/Release/WSS.SPF.Interop.Test.DLL" adapterTypeName="Microsoft.VisualStudio.TestTools.TestTypes.Unit.UnitTestAdapter, Microsoft.VisualStudio.QualityTools.Tips.UnitTest.Adapter" className="WallStreetSystems.StructuredProducts.Interop.Test.UserProfileTests, WSS.SPF.Interop.Test, Version=2009.1.0.0, Culture=neutral, PublicKeyToken=b5fd1a36512e1285" name="TestUserName" />
    </UnitTest>
    <UnitTest name="TestBookSwap" storage="c:\depotci\dev\ird\2009.2\client\interop\wss.spf.interop.test\bin\release\wss.spf.interop.test.dll" id="a9fd1533-9c44-fcc0-7457-e690895a4dc2">
      <Css projectStructure="" iteration="" />
      <Owners>
        <Owner name="" />
      </Owners>
      <Execution id="0d593887-b70f-4168-8f64-07cbcdd6fa68" />
      <TestMethod codeBase="C:/depotCI/dev/ird/2009.2/Client/Interop/WSS.SPF.Interop.Test/bin/Release/WSS.SPF.Interop.Test.DLL" adapterTypeName="Microsoft.VisualStudio.TestTools.TestTypes.Unit.UnitTestAdapter, Microsoft.VisualStudio.QualityTools.Tips.UnitTest.Adapter" className="WallStreetSystems.StructuredProducts.Interop.Test.TradeTests, WSS.SPF.Interop.Test, Version=2009.1.0.0, Culture=neutral, PublicKeyToken=b5fd1a36512e1285" name="TestBookSwap" />
    </UnitTest>
    <UnitTest name="TestParseLargeLogicalExpression" storage="c:\depotci\dev\ird\2009.2\client\interop\wss.spf.interop.test\bin\release\wss.spf.interop.test.dll" id="9e389205-436a-00e7-d501-cc3476668251">
      <Css projectStructure="" iteration="" />
      <Owners>
        <Owner name="" />
      </Owners>
      <Execution id="d3a1dc97-6c88-42a9-89ee-fbeb315cbb1a" />
      <TestMethod codeBase="C:/depotCI/dev/ird/2009.2/Client/Interop/WSS.SPF.Interop.Test/bin/Release/WSS.SPF.Interop.Test.DLL" adapterTypeName="Microsoft.VisualStudio.TestTools.TestTypes.Unit.UnitTestAdapter, Microsoft.VisualStudio.QualityTools.Tips.UnitTest.Adapter" className="WallStreetSystems.StructuredProducts.Interop.Test.ExpressionTests, WSS.SPF.Interop.Test, Version=2009.1.0.0, Culture=neutral, PublicKeyToken=b5fd1a36512e1285" name="TestParseLargeLogicalExpression" />
    </UnitTest>
    <UnitTest name="TestTreeModeCombinationsPackageLegsInventoryFolders" storage="c:\depotci\dev\ird\2009.2\client\interop\wss.spf.interop.test\bin\release\wss.spf.interop.test.dll" id="a7ac686b-801c-62f1-c2f9-13e8a385048a">
      <Css projectStructure="" iteration="" />
      <Owners>
        <Owner name="" />
      </Owners>
      <Execution id="a5ec7104-fa8c-4616-a132-899916424807" />
      <TestMethod codeBase="C:/depotCI/dev/ird/2009.2/Client/Interop/WSS.SPF.Interop.Test/bin/Release/WSS.SPF.Interop.Test.DLL" adapterTypeName="Microsoft.VisualStudio.TestTools.TestTypes.Unit.UnitTestAdapter, Microsoft.VisualStudio.QualityTools.Tips.UnitTest.Adapter" className="WallStreetSystems.StructuredProducts.Interop.Test.LocalTreeTests, WSS.SPF.Interop.Test, Version=2009.1.0.0, Culture=neutral, PublicKeyToken=b5fd1a36512e1285" name="TestTreeModeCombinationsPackageLegsInventoryFolders" />
    </UnitTest>
    <UnitTest name="TestMarketAsyncCalibrateErrors" storage="c:\depotci\dev\ird\2009.2\client\interop\wss.spf.interop.test\bin\release\wss.spf.interop.test.dll" id="450e3852-4f3c-b27e-16af-1c008b6a0f3b">
      <Css projectStructure="" iteration="" />
      <Owners>
        <Owner name="" />
      </Owners>
      <Execution id="19007098-ee57-441b-ab26-fd797f26b3e7" />
      <TestMethod codeBase="C:/depotCI/dev/ird/2009.2/Client/Interop/WSS.SPF.Interop.Test/bin/Release/WSS.SPF.Interop.Test.DLL" adapterTypeName="Microsoft.VisualStudio.TestTools.TestTypes.Unit.UnitTestAdapter, Microsoft.VisualStudio.QualityTools.Tips.UnitTest.Adapter" className="WallStreetSystems.StructuredProducts.Interop.Test.CurveTests, WSS.SPF.Interop.Test, Version=2009.1.0.0, Culture=neutral, PublicKeyToken=b5fd1a36512e1285" name="TestMarketAsyncCalibrateErrors" />
    </UnitTest>
    <UnitTest name="TestCashCurvePointDown" storage="c:\depotci\dev\ird\2009.2\client\interop\wss.spf.interop.test\bin\release\wss.spf.interop.test.dll" id="fa885ff0-f591-90e1-5340-99ca51c27a57">
      <Css projectStructure="" iteration="" />
      <Owners>
        <Owner name="" />
      </Owners>
      <Execution id="e8d001f8-210d-4bd1-b762-2bfec0782428" />
      <TestMethod codeBase="C:/depotCI/dev/ird/2009.2/Client/Interop/WSS.SPF.Interop.Test/bin/Release/WSS.SPF.Interop.Test.DLL" adapterTypeName="Microsoft.VisualStudio.TestTools.TestTypes.Unit.UnitTestAdapter, Microsoft.VisualStudio.QualityTools.Tips.UnitTest.Adapter" className="WallStreetSystems.StructuredProducts.Interop.Test.MarketCurveUpdateTests, WSS.SPF.Interop.Test, Version=2009.1.0.0, Culture=neutral, PublicKeyToken=b5fd1a36512e1285" name="TestCashCurvePointDown" />
    </UnitTest>
    <UnitTest name="TestSaveCurve" storage="c:\depotci\dev\ird\2009.2\client\interop\wss.spf.interop.test\bin\release\wss.spf.interop.test.dll" id="4dff4c73-2d4e-155e-823a-85618210ecdb">
      <Css projectStructure="" iteration="" />
      <Owners>
        <Owner name="" />
      </Owners>
      <Execution id="6dcc5ece-c5b4-4b16-8324-f8423cf96c33" />
      <TestMethod codeBase="C:/depotCI/dev/ird/2009.2/Client/Interop/WSS.SPF.Interop.Test/bin/Release/WSS.SPF.Interop.Test.DLL" adapterTypeName="Microsoft.VisualStudio.TestTools.TestTypes.Unit.UnitTestAdapter, Microsoft.VisualStudio.QualityTools.Tips.UnitTest.Adapter" className="WallStreetSystems.StructuredProducts.Interop.Test.CurveTests, WSS.SPF.Interop.Test, Version=2009.1.0.0, Culture=neutral, PublicKeyToken=b5fd1a36512e1285" name="TestSaveCurve" />
    </UnitTest>
    <UnitTest name="TestSecurityAuditLogAddDeleteIndexName" storage="c:\depotci\dev\ird\2009.2\client\interop\wss.spf.interop.test\bin\release\wss.spf.interop.test.dll" id="d28916ed-efa6-343e-3d40-5a35c60378dc">
      <Css projectStructure="" iteration="" />
      <Owners>
        <Owner name="" />
      </Owners>
      <Execution id="0b33d1d8-2e61-4cdb-80e7-0775ce66c991" />
      <TestMethod codeBase="C:/depotCI/dev/ird/2009.2/Client/Interop/WSS.SPF.Interop.Test/bin/Release/WSS.SPF.Interop.Test.DLL" adapterTypeName="Microsoft.VisualStudio.TestTools.TestTypes.Unit.UnitTestAdapter, Microsoft.VisualStudio.QualityTools.Tips.UnitTest.Adapter" className="WallStreetSystems.StructuredProducts.Interop.Test.SecurityLogTests, WSS.SPF.Interop.Test, Version=2009.1.0.0, Culture=neutral, PublicKeyToken=b5fd1a36512e1285" name="TestSecurityAuditLogAddDeleteIndexName" />
    </UnitTest>
    <UnitTest name="TestNegationBuildSwapRates" storage="c:\depotci\dev\ird\2009.2\client\interop\wss.spf.interop.test\bin\release\wss.spf.interop.test.dll" id="11e684f7-076b-ad77-5662-eb09efce424a">
      <Css projectStructure="" iteration="" />
      <Owners>
        <Owner name="" />
      </Owners>
      <Execution id="5c1d33a0-9ced-415b-b3db-7c1880522d64" />
      <TestMethod codeBase="C:/depotCI/dev/ird/2009.2/Client/Interop/WSS.SPF.Interop.Test/bin/Release/WSS.SPF.Interop.Test.DLL" adapterTypeName="Microsoft.VisualStudio.TestTools.TestTypes.Unit.UnitTestAdapter, Microsoft.VisualStudio.QualityTools.Tips.UnitTest.Adapter" className="WallStreetSystems.StructuredProducts.Interop.Test.CurveTests, WSS.SPF.Interop.Test, Version=2009.1.0.0, Culture=neutral, PublicKeyToken=b5fd1a36512e1285" name="TestNegationBuildSwapRates" />
    </UnitTest>
    <UnitTest name="TestTradeAuditFromFile" storage="c:\depotci\dev\ird\2009.2\client\interop\wss.spf.interop.test\bin\release\wss.spf.interop.test.dll" id="a4ce3d11-9b6a-9c3d-0528-24d8213312d9">
      <Css projectStructure="" iteration="" />
      <Owners>
        <Owner name="" />
      </Owners>
      <Execution id="f36dc926-d9b1-4155-9004-5e692655b9bd" />
      <TestMethod codeBase="C:/depotCI/dev/ird/2009.2/Client/Interop/WSS.SPF.Interop.Test/bin/Release/WSS.SPF.Interop.Test.DLL" adapterTypeName="Microsoft.VisualStudio.TestTools.TestTypes.Unit.UnitTestAdapter, Microsoft.VisualStudio.QualityTools.Tips.UnitTest.Adapter" className="WallStreetSystems.StructuredProducts.Interop.Test.TradeAuditTests, WSS.SPF.Interop.Test, Version=2009.1.0.0, Culture=neutral, PublicKeyToken=b5fd1a36512e1285" name="TestTradeAuditFromFile" />
    </UnitTest>
    <UnitTest name="TestTreeModeTREE_NODES_ALL" storage="c:\depotci\dev\ird\2009.2\client\interop\wss.spf.interop.test\bin\release\wss.spf.interop.test.dll" id="7ee969d9-5435-b20f-3bb8-b2a2e5f7c6e1">
      <Css projectStructure="" iteration="" />
      <Owners>
        <Owner name="" />
      </Owners>
      <Execution id="70734458-f437-44c8-98ab-14adfe1c4fb2" />
      <TestMethod codeBase="C:/depotCI/dev/ird/2009.2/Client/Interop/WSS.SPF.Interop.Test/bin/Release/WSS.SPF.Interop.Test.DLL" adapterTypeName="Microsoft.VisualStudio.TestTools.TestTypes.Unit.UnitTestAdapter, Microsoft.VisualStudio.QualityTools.Tips.UnitTest.Adapter" className="WallStreetSystems.StructuredProducts.Interop.Test.LocalTreeTests, WSS.SPF.Interop.Test, Version=2009.1.0.0, Culture=neutral, PublicKeyToken=b5fd1a36512e1285" name="TestTreeModeTREE_NODES_ALL" />
    </UnitTest>
    <UnitTest name="TestMktCurveDescriptionTimestampsUpdateWSC_BUILD_SV_MS" storage="c:\depotci\dev\ird\2009.2\client\interop\wss.spf.interop.test\bin\release\wss.spf.interop.test.dll" id="8836bffd-d8a4-5d6f-57f6-59937e90ca5e">
      <Css projectStructure="" iteration="" />
      <Owners>
        <Owner name="" />
      </Owners>
      <Execution id="121b57c5-6bad-4110-b55f-44695b8efca5" />
      <TestMethod codeBase="C:/depotCI/dev/ird/2009.2/Client/Interop/WSS.SPF.Interop.Test/bin/Release/WSS.SPF.Interop.Test.DLL" adapterTypeName="Microsoft.VisualStudio.TestTools.TestTypes.Unit.UnitTestAdapter, Microsoft.VisualStudio.QualityTools.Tips.UnitTest.Adapter" className="WallStreetSystems.StructuredProducts.Interop.Test.CurveTests, WSS.SPF.Interop.Test, Version=2009.1.0.0, Culture=neutral, PublicKeyToken=b5fd1a36512e1285" name="TestMktCurveDescriptionTimestampsUpdateWSC_BUILD_SV_MS" />
    </UnitTest>
    <UnitTest name="TestSelectCurveFromWarehouseEq" storage="c:\depotci\dev\ird\2009.2\client\interop\wss.spf.interop.test\bin\release\wss.spf.interop.test.dll" id="dc270fb8-be75-6f2b-5b7e-9ab1bba09481">
      <Css projectStructure="" iteration="" />
      <Owners>
        <Owner name="" />
      </Owners>
      <Execution id="28654f1c-2aff-4ca2-bb71-56f2421bd40a" />
      <TestMethod codeBase="C:/depotCI/dev/ird/2009.2/Client/Interop/WSS.SPF.Interop.Test/bin/Release/WSS.SPF.Interop.Test.DLL" adapterTypeName="Microsoft.VisualStudio.TestTools.TestTypes.Unit.UnitTestAdapter, Microsoft.VisualStudio.QualityTools.Tips.UnitTest.Adapter" className="WallStreetSystems.StructuredProducts.Interop.Test.CurveTests, WSS.SPF.Interop.Test, Version=2009.1.0.0, Culture=neutral, PublicKeyToken=b5fd1a36512e1285" name="TestSelectCurveFromWarehouseEq" />
    </UnitTest>
    <UnitTest name="TestDeletePackage" storage="c:\depotci\dev\ird\2009.2\client\interop\wss.spf.interop.test\bin\release\wss.spf.interop.test.dll" id="550fead1-d9d8-8294-2787-be955fa7a047">
      <Css projectStructure="" iteration="" />
      <Owners>
        <Owner name="" />
      </Owners>
      <Execution id="c59a4367-d89d-4545-abca-cfb1d22c4143" />
      <TestMethod codeBase="C:/depotCI/dev/ird/2009.2/Client/Interop/WSS.SPF.Interop.Test/bin/Release/WSS.SPF.Interop.Test.DLL" adapterTypeName="Microsoft.VisualStudio.TestTools.TestTypes.Unit.UnitTestAdapter, Microsoft.VisualStudio.QualityTools.Tips.UnitTest.Adapter" className="WallStreetSystems.StructuredProducts.Interop.Test.TradePackagesTests, WSS.SPF.Interop.Test, Version=2009.1.0.0, Culture=neutral, PublicKeyToken=b5fd1a36512e1285" name="TestDeletePackage" />
    </UnitTest>
    <UnitTest name="TestTradeSerialization" storage="c:\depotci\dev\ird\2009.2\client\interop\wss.spf.interop.test\bin\release\wss.spf.interop.test.dll" id="3a770766-b0d2-0283-0c8a-5ef33767fa4a">
      <Css projectStructure="" iteration="" />
      <Owners>
        <Owner name="" />
      </Owners>
      <Execution id="9a38b0aa-ef9b-47db-8f5e-32623283ea9c" />
      <TestMethod codeBase="C:/depotCI/dev/ird/2009.2/Client/Interop/WSS.SPF.Interop.Test/bin/Release/WSS.SPF.Interop.Test.DLL" adapterTypeName="Microsoft.VisualStudio.TestTools.TestTypes.Unit.UnitTestAdapter, Microsoft.VisualStudio.QualityTools.Tips.UnitTest.Adapter" className="WallStreetSystems.StructuredProducts.Interop.Test.TradeTests, WSS.SPF.Interop.Test, Version=2009.1.0.0, Culture=neutral, PublicKeyToken=b5fd1a36512e1285" name="TestTradeSerialization" />
    </UnitTest>
    <UnitTest name="TestCurveDescStringToObject" storage="c:\depotci\dev\ird\2009.2\client\interop\wss.spf.interop.test\bin\release\wss.spf.interop.test.dll" id="54b7e992-9b8a-155e-81ab-a1f08bfb377e">
      <Css projectStructure="" iteration="" />
      <Owners>
        <Owner name="" />
      </Owners>
      <Execution id="06f5edf6-8b25-4f58-970d-b06e9ed8061a" />
      <TestMethod codeBase="C:/depotCI/dev/ird/2009.2/Client/Interop/WSS.SPF.Interop.Test/bin/Release/WSS.SPF.Interop.Test.DLL" adapterTypeName="Microsoft.VisualStudio.TestTools.TestTypes.Unit.UnitTestAdapter, Microsoft.VisualStudio.QualityTools.Tips.UnitTest.Adapter" className="WallStreetSystems.StructuredProducts.Interop.Test.CurveTests, WSS.SPF.Interop.Test, Version=2009.1.0.0, Culture=neutral, PublicKeyToken=b5fd1a36512e1285" name="TestCurveDescStringToObject" />
    </UnitTest>
    <UnitTest name="TestCreateLiborHistoryCurves" storage="c:\depotci\dev\ird\2009.2\client\interop\wss.spf.interop.test\bin\release\wss.spf.interop.test.dll" id="becd69ae-5882-64a9-975f-b201fe119a4c">
      <Css projectStructure="" iteration="" />
      <Owners>
        <Owner name="" />
      </Owners>
      <Execution id="761c89bd-1841-451a-a8fa-4d016752a0b7" />
      <TestMethod codeBase="C:/depotCI/dev/ird/2009.2/Client/Interop/WSS.SPF.Interop.Test/bin/Release/WSS.SPF.Interop.Test.DLL" adapterTypeName="Microsoft.VisualStudio.TestTools.TestTypes.Unit.UnitTestAdapter, Microsoft.VisualStudio.QualityTools.Tips.UnitTest.Adapter" className="WallStreetSystems.StructuredProducts.Interop.Test.LiborHistoryTests, WSS.SPF.Interop.Test, Version=2009.1.0.0, Culture=neutral, PublicKeyToken=b5fd1a36512e1285" name="TestCreateLiborHistoryCurves" />
    </UnitTest>
    <UnitTest name="TestSaveCurveRetrieveByID" storage="c:\depotci\dev\ird\2009.2\client\interop\wss.spf.interop.test\bin\release\wss.spf.interop.test.dll" id="d5d6ac8f-797c-a2cf-eae9-23e7f0c5ea9c">
      <Css projectStructure="" iteration="" />
      <Owners>
        <Owner name="" />
      </Owners>
      <Execution id="8bd67ee8-1588-436b-bb93-8bad61bf3fb0" />
      <TestMethod codeBase="C:/depotCI/dev/ird/2009.2/Client/Interop/WSS.SPF.Interop.Test/bin/Release/WSS.SPF.Interop.Test.DLL" adapterTypeName="Microsoft.VisualStudio.TestTools.TestTypes.Unit.UnitTestAdapter, Microsoft.VisualStudio.QualityTools.Tips.UnitTest.Adapter" className="WallStreetSystems.StructuredProducts.Interop.Test.MarketCurveDescriptionTests, WSS.SPF.Interop.Test, Version=2009.1.0.0, Culture=neutral, PublicKeyToken=b5fd1a36512e1285" name="TestSaveCurveRetrieveByID" />
    </UnitTest>
    <UnitTest name="TestCreateCallManager" storage="c:\depotci\dev\ird\2009.2\client\interop\wss.spf.interop.test\bin\release\wss.spf.interop.test.dll" id="37975be1-e809-75c2-dc2f-5e5c070404fd">
      <Css projectStructure="" iteration="" />
      <Owners>
        <Owner name="" />
      </Owners>
      <Execution id="e76e8bb7-6e01-4b5d-b326-f2e67a43ab50" />
      <TestMethod codeBase="C:/depotCI/dev/ird/2009.2/Client/Interop/WSS.SPF.Interop.Test/bin/Release/WSS.SPF.Interop.Test.DLL" adapterTypeName="Microsoft.VisualStudio.TestTools.TestTypes.Unit.UnitTestAdapter, Microsoft.VisualStudio.QualityTools.Tips.UnitTest.Adapter" className="WallStreetSystems.StructuredProducts.Interop.Test.CallTests, WSS.SPF.Interop.Test, Version=2009.1.0.0, Culture=neutral, PublicKeyToken=b5fd1a36512e1285" name="TestCreateCallManager" />
    </UnitTest>
    <UnitTest name="TestMktCrvDescBldTracking" storage="c:\depotci\dev\ird\2009.2\client\interop\wss.spf.interop.test\bin\release\wss.spf.interop.test.dll" id="b850143e-2c8a-91b7-9253-afae85a28770">
      <Css projectStructure="" iteration="" />
      <Owners>
        <Owner name="" />
      </Owners>
      <Execution id="7082aa88-f9ef-48c5-bd83-d9642bdb32e8" />
      <TestMethod codeBase="C:/depotCI/dev/ird/2009.2/Client/Interop/WSS.SPF.Interop.Test/bin/Release/WSS.SPF.Interop.Test.DLL" adapterTypeName="Microsoft.VisualStudio.TestTools.TestTypes.Unit.UnitTestAdapter, Microsoft.VisualStudio.QualityTools.Tips.UnitTest.Adapter" className="WallStreetSystems.StructuredProducts.Interop.Test.MarketCurveDescriptionTests, WSS.SPF.Interop.Test, Version=2009.1.0.0, Culture=neutral, PublicKeyToken=b5fd1a36512e1285" name="TestMktCrvDescBldTracking" />
    </UnitTest>
    <UnitTest name="TestGvtCurveCashPointUp" storage="c:\depotci\dev\ird\2009.2\client\interop\wss.spf.interop.test\bin\release\wss.spf.interop.test.dll" id="3c1cc351-5eed-d83a-8921-eca8ebcd08d8">
      <Css projectStructure="" iteration="" />
      <Owners>
        <Owner name="" />
      </Owners>
      <Execution id="d5aae114-2385-44cf-acfb-46da3e7215ea" />
      <TestMethod codeBase="C:/depotCI/dev/ird/2009.2/Client/Interop/WSS.SPF.Interop.Test/bin/Release/WSS.SPF.Interop.Test.DLL" adapterTypeName="Microsoft.VisualStudio.TestTools.TestTypes.Unit.UnitTestAdapter, Microsoft.VisualStudio.QualityTools.Tips.UnitTest.Adapter" className="WallStreetSystems.StructuredProducts.Interop.Test.MarketCurveUpdateTests, WSS.SPF.Interop.Test, Version=2009.1.0.0, Culture=neutral, PublicKeyToken=b5fd1a36512e1285" name="TestGvtCurveCashPointUp" />
    </UnitTest>
    <UnitTest name="TestNegationCapVolSmileRemove" storage="c:\depotci\dev\ird\2009.2\client\interop\wss.spf.interop.test\bin\release\wss.spf.interop.test.dll" id="68b22fde-a75b-f392-6764-5e52359e0823">
      <Css projectStructure="" iteration="" />
      <Owners>
        <Owner name="" />
      </Owners>
      <Execution id="1977facb-243f-4e6c-85f4-26c569b93201" />
      <TestMethod codeBase="C:/depotCI/dev/ird/2009.2/Client/Interop/WSS.SPF.Interop.Test/bin/Release/WSS.SPF.Interop.Test.DLL" adapterTypeName="Microsoft.VisualStudio.TestTools.TestTypes.Unit.UnitTestAdapter, Microsoft.VisualStudio.QualityTools.Tips.UnitTest.Adapter" className="WallStreetSystems.StructuredProducts.Interop.Test.CurveTests, WSS.SPF.Interop.Test, Version=2009.1.0.0, Culture=neutral, PublicKeyToken=b5fd1a36512e1285" name="TestNegationCapVolSmileRemove" expectedException="System.Runtime.InteropServices.COMException, mscorlib, Version=2.0.0.0, Culture=neutral, PublicKeyToken=b77a5c561934e089" expectedExceptionMessage="Should fail with no points to remove." />
    </UnitTest>
    <UnitTest name="TestFuturesContractListRemoveFail" storage="c:\depotci\dev\ird\2009.2\client\interop\wss.spf.interop.test\bin\release\wss.spf.interop.test.dll" id="165c539b-79f7-dd32-e05a-2f8d9a21e48d">
      <Css projectStructure="" iteration="" />
      <Owners>
        <Owner name="" />
      </Owners>
      <Execution id="5f887000-473c-431f-9a62-770dac9c4fd7" />
      <TestMethod codeBase="C:/depotCI/dev/ird/2009.2/Client/Interop/WSS.SPF.Interop.Test/bin/Release/WSS.SPF.Interop.Test.DLL" adapterTypeName="Microsoft.VisualStudio.TestTools.TestTypes.Unit.UnitTestAdapter, Microsoft.VisualStudio.QualityTools.Tips.UnitTest.Adapter" className="WallStreetSystems.StructuredProducts.Interop.Test.FuturesTests, WSS.SPF.Interop.Test, Version=2009.1.0.0, Culture=neutral, PublicKeyToken=b5fd1a36512e1285" name="TestFuturesContractListRemoveFail" />
    </UnitTest>
    <UnitTest name="TestCreateUserWithNullPassword" storage="c:\depotci\dev\ird\2009.2\client\interop\wss.spf.interop.test\bin\release\wss.spf.interop.test.dll" id="bf62af9b-f553-3c2d-5be1-244d84ad0162">
      <Css projectStructure="" iteration="" />
      <Owners>
        <Owner name="" />
      </Owners>
      <Execution id="b58a21f8-da53-49e6-af41-444374d47f0d" />
      <TestMethod codeBase="C:/depotCI/dev/ird/2009.2/Client/Interop/WSS.SPF.Interop.Test/bin/Release/WSS.SPF.Interop.Test.DLL" adapterTypeName="Microsoft.VisualStudio.TestTools.TestTypes.Unit.UnitTestAdapter, Microsoft.VisualStudio.QualityTools.Tips.UnitTest.Adapter" className="WallStreetSystems.StructuredProducts.Interop.Test.UserProfileTests, WSS.SPF.Interop.Test, Version=2009.1.0.0, Culture=neutral, PublicKeyToken=b5fd1a36512e1285" name="TestCreateUserWithNullPassword" />
    </UnitTest>
    <UnitTest name="TestCreateValidUserKey" storage="c:\depotci\dev\ird\2009.2\client\interop\wss.spf.interop.test\bin\release\wss.spf.interop.test.dll" id="ea5874b2-db0c-f041-3124-80811d662e34">
      <Css projectStructure="" iteration="" />
      <Owners>
        <Owner name="" />
      </Owners>
      <Execution id="7bbefae1-b7a8-4b24-9359-9cdd7e644c3f" />
      <TestMethod codeBase="C:/depotCI/dev/ird/2009.2/Client/Interop/WSS.SPF.Interop.Test/bin/Release/WSS.SPF.Interop.Test.DLL" adapterTypeName="Microsoft.VisualStudio.TestTools.TestTypes.Unit.UnitTestAdapter, Microsoft.VisualStudio.QualityTools.Tips.UnitTest.Adapter" className="WallStreetSystems.StructuredProducts.Interop.Test.MiscTests, WSS.SPF.Interop.Test, Version=2009.1.0.0, Culture=neutral, PublicKeyToken=b5fd1a36512e1285" name="TestCreateValidUserKey" />
    </UnitTest>
    <UnitTest name="TestIndexCurvePointUp" storage="c:\depotci\dev\ird\2009.2\client\interop\wss.spf.interop.test\bin\release\wss.spf.interop.test.dll" id="694492a3-e7bb-c638-d804-84695dbaeff3">
      <Css projectStructure="" iteration="" />
      <Owners>
        <Owner name="" />
      </Owners>
      <Execution id="7e399538-2622-4183-9c3c-761912fe8aec" />
      <TestMethod codeBase="C:/depotCI/dev/ird/2009.2/Client/Interop/WSS.SPF.Interop.Test/bin/Release/WSS.SPF.Interop.Test.DLL" adapterTypeName="Microsoft.VisualStudio.TestTools.TestTypes.Unit.UnitTestAdapter, Microsoft.VisualStudio.QualityTools.Tips.UnitTest.Adapter" className="WallStreetSystems.StructuredProducts.Interop.Test.MarketCurveUpdateTests, WSS.SPF.Interop.Test, Version=2009.1.0.0, Culture=neutral, PublicKeyToken=b5fd1a36512e1285" name="TestIndexCurvePointUp" />
    </UnitTest>
    <UnitTest name="TestSubPackageCreate" storage="c:\depotci\dev\ird\2009.2\client\interop\wss.spf.interop.test\bin\release\wss.spf.interop.test.dll" id="09b0b32c-4843-73b4-61b2-0dbbab5a59cb">
      <Css projectStructure="" iteration="" />
      <Owners>
        <Owner name="" />
      </Owners>
      <Execution id="1b9ce558-7567-470a-9ad8-22afde9a38be" />
      <TestMethod codeBase="C:/depotCI/dev/ird/2009.2/Client/Interop/WSS.SPF.Interop.Test/bin/Release/WSS.SPF.Interop.Test.DLL" adapterTypeName="Microsoft.VisualStudio.TestTools.TestTypes.Unit.UnitTestAdapter, Microsoft.VisualStudio.QualityTools.Tips.UnitTest.Adapter" className="WallStreetSystems.StructuredProducts.Interop.Test.TradePackagesTests, WSS.SPF.Interop.Test, Version=2009.1.0.0, Culture=neutral, PublicKeyToken=b5fd1a36512e1285" name="TestSubPackageCreate" />
    </UnitTest>
    <UnitTest name="TestTreeModeTREE_VIEW_INVENTORY_POS" storage="c:\depotci\dev\ird\2009.2\client\interop\wss.spf.interop.test\bin\release\wss.spf.interop.test.dll" id="e66e047a-e9c7-8eab-0f6a-9994a5453db0">
      <Css projectStructure="" iteration="" />
      <Owners>
        <Owner name="" />
      </Owners>
      <Execution id="4f73ef22-d7b6-41dd-a995-18c588af8b26" />
      <TestMethod codeBase="C:/depotCI/dev/ird/2009.2/Client/Interop/WSS.SPF.Interop.Test/bin/Release/WSS.SPF.Interop.Test.DLL" adapterTypeName="Microsoft.VisualStudio.TestTools.TestTypes.Unit.UnitTestAdapter, Microsoft.VisualStudio.QualityTools.Tips.UnitTest.Adapter" className="WallStreetSystems.StructuredProducts.Interop.Test.LocalTreeTests, WSS.SPF.Interop.Test, Version=2009.1.0.0, Culture=neutral, PublicKeyToken=b5fd1a36512e1285" name="TestTreeModeTREE_VIEW_INVENTORY_POS" />
    </UnitTest>
    <UnitTest name="TestXMLRateProviderMultipleCreation" storage="c:\depotci\dev\ird\2009.2\client\interop\wss.spf.interop.test\bin\release\wss.spf.interop.test.dll" id="4a966658-24c9-85bc-7f40-163130f89454">
      <Css projectStructure="" iteration="" />
      <Owners>
        <Owner name="" />
      </Owners>
      <Execution id="30d87f5e-3a47-4413-b7ce-79fb2ce96a8b" />
      <TestMethod codeBase="C:/depotCI/dev/ird/2009.2/Client/Interop/WSS.SPF.Interop.Test/bin/Release/WSS.SPF.Interop.Test.DLL" adapterTypeName="Microsoft.VisualStudio.TestTools.TestTypes.Unit.UnitTestAdapter, Microsoft.VisualStudio.QualityTools.Tips.UnitTest.Adapter" className="WallStreetSystems.StructuredProducts.Interop.Test.XMLRateProviderTests, WSS.SPF.Interop.Test, Version=2009.1.0.0, Culture=neutral, PublicKeyToken=b5fd1a36512e1285" name="TestXMLRateProviderMultipleCreation" />
    </UnitTest>
    <UnitTest name="TestCreditRatings" storage="c:\depotci\dev\ird\2009.2\client\interop\wss.spf.interop.test\bin\release\wss.spf.interop.test.dll" id="07980622-8140-0124-bf74-db9dd3d267e0">
      <Css projectStructure="" iteration="" />
      <Owners>
        <Owner name="" />
      </Owners>
      <Execution id="64d34909-8085-4b2c-8477-f8d4a14ecd72" />
      <TestMethod codeBase="C:/depotCI/dev/ird/2009.2/Client/Interop/WSS.SPF.Interop.Test/bin/Release/WSS.SPF.Interop.Test.DLL" adapterTypeName="Microsoft.VisualStudio.TestTools.TestTypes.Unit.UnitTestAdapter, Microsoft.VisualStudio.QualityTools.Tips.UnitTest.Adapter" className="WallStreetSystems.StructuredProducts.Interop.Test.CreditSpreadTests, WSS.SPF.Interop.Test, Version=2009.1.0.0, Culture=neutral, PublicKeyToken=b5fd1a36512e1285" name="TestCreditRatings" />
    </UnitTest>
    <UnitTest name="TestMktCrvDescFailedBldTracking" storage="c:\depotci\dev\ird\2009.2\client\interop\wss.spf.interop.test\bin\release\wss.spf.interop.test.dll" id="db57cd7c-9d8b-b365-1a97-8c3bb716bd0b">
      <Css projectStructure="" iteration="" />
      <Owners>
        <Owner name="" />
      </Owners>
      <Execution id="6cfc779a-ad2e-4acb-8711-18982d0d04d2" />
      <TestMethod codeBase="C:/depotCI/dev/ird/2009.2/Client/Interop/WSS.SPF.Interop.Test/bin/Release/WSS.SPF.Interop.Test.DLL" adapterTypeName="Microsoft.VisualStudio.TestTools.TestTypes.Unit.UnitTestAdapter, Microsoft.VisualStudio.QualityTools.Tips.UnitTest.Adapter" className="WallStreetSystems.StructuredProducts.Interop.Test.MarketCurveDescriptionTests, WSS.SPF.Interop.Test, Version=2009.1.0.0, Culture=neutral, PublicKeyToken=b5fd1a36512e1285" name="TestMktCrvDescFailedBldTracking" />
    </UnitTest>
    <UnitTest name="TestCreateTradePackage" storage="c:\depotci\dev\ird\2009.2\client\interop\wss.spf.interop.test\bin\release\wss.spf.interop.test.dll" id="a1ef9e82-d45d-6626-4f93-5b6eb24a7a9f">
      <Css projectStructure="" iteration="" />
      <Owners>
        <Owner name="" />
      </Owners>
      <Execution id="a05ed916-117d-4cf1-a55c-ff61a9fb75b1" />
      <TestMethod codeBase="C:/depotCI/dev/ird/2009.2/Client/Interop/WSS.SPF.Interop.Test/bin/Release/WSS.SPF.Interop.Test.DLL" adapterTypeName="Microsoft.VisualStudio.TestTools.TestTypes.Unit.UnitTestAdapter, Microsoft.VisualStudio.QualityTools.Tips.UnitTest.Adapter" className="WallStreetSystems.StructuredProducts.Interop.Test.TradePackagesTests, WSS.SPF.Interop.Test, Version=2009.1.0.0, Culture=neutral, PublicKeyToken=b5fd1a36512e1285" name="TestCreateTradePackage" />
    </UnitTest>
    <UnitTest name="TestExportImportUserKeyAsXmlIntersystem" storage="c:\depotci\dev\ird\2009.2\client\interop\wss.spf.interop.test\bin\release\wss.spf.interop.test.dll" id="714e0c49-7ca2-7e52-fcbd-56159e71b963">
      <Css projectStructure="" iteration="" />
      <Owners>
        <Owner name="" />
      </Owners>
      <Execution id="4e9228ac-04a8-46da-a4c6-f3c0a376d014" />
      <TestMethod codeBase="C:/depotCI/dev/ird/2009.2/Client/Interop/WSS.SPF.Interop.Test/bin/Release/WSS.SPF.Interop.Test.DLL" adapterTypeName="Microsoft.VisualStudio.TestTools.TestTypes.Unit.UnitTestAdapter, Microsoft.VisualStudio.QualityTools.Tips.UnitTest.Adapter" className="WallStreetSystems.StructuredProducts.Interop.Test.MiscTests, WSS.SPF.Interop.Test, Version=2009.1.0.0, Culture=neutral, PublicKeyToken=b5fd1a36512e1285" name="TestExportImportUserKeyAsXmlIntersystem" expectedException="System.Runtime.InteropServices.COMException, mscorlib, Version=2.0.0.0, Culture=neutral, PublicKeyToken=b77a5c561934e089" expectedExceptionMessage="Should not be able to import wseXMLInterSystem" />
    </UnitTest>
    <UnitTest name="TestStringLengthAsConstantExpression" storage="c:\depotci\dev\ird\2009.2\client\interop\wss.spf.interop.test\bin\release\wss.spf.interop.test.dll" id="21a4b2b9-43f9-2104-a6a8-fb6d172e22cf">
      <Css projectStructure="" iteration="" />
      <Owners>
        <Owner name="" />
      </Owners>
      <Execution id="790af3bd-1a11-41af-b8d1-fd3abd2daf25" />
      <TestMethod codeBase="C:/depotCI/dev/ird/2009.2/Client/Interop/WSS.SPF.Interop.Test/bin/Release/WSS.SPF.Interop.Test.DLL" adapterTypeName="Microsoft.VisualStudio.TestTools.TestTypes.Unit.UnitTestAdapter, Microsoft.VisualStudio.QualityTools.Tips.UnitTest.Adapter" className="WallStreetSystems.StructuredProducts.Interop.Test.ExpressionTests, WSS.SPF.Interop.Test, Version=2009.1.0.0, Culture=neutral, PublicKeyToken=b5fd1a36512e1285" name="TestStringLengthAsConstantExpression" />
    </UnitTest>
    <UnitTest name="TestTreeModeTREE_VIEW_PRODUCT" storage="c:\depotci\dev\ird\2009.2\client\interop\wss.spf.interop.test\bin\release\wss.spf.interop.test.dll" id="d42968d7-c78c-f31a-b076-ac7294f782c0">
      <Css projectStructure="" iteration="" />
      <Owners>
        <Owner name="" />
      </Owners>
      <Execution id="88dfe522-9987-45f9-b087-a681b3bfbe14" />
      <TestMethod codeBase="C:/depotCI/dev/ird/2009.2/Client/Interop/WSS.SPF.Interop.Test/bin/Release/WSS.SPF.Interop.Test.DLL" adapterTypeName="Microsoft.VisualStudio.TestTools.TestTypes.Unit.UnitTestAdapter, Microsoft.VisualStudio.QualityTools.Tips.UnitTest.Adapter" className="WallStreetSystems.StructuredProducts.Interop.Test.LocalTreeTests, WSS.SPF.Interop.Test, Version=2009.1.0.0, Culture=neutral, PublicKeyToken=b5fd1a36512e1285" name="TestTreeModeTREE_VIEW_PRODUCT" />
    </UnitTest>
    <UnitTest name="TestAddLiveSvRate" storage="c:\depotci\dev\ird\2009.2\client\interop\wss.spf.interop.test\bin\release\wss.spf.interop.test.dll" id="d8136d54-86e1-bb52-28d1-acfc43863bcb">
      <Css projectStructure="" iteration="" />
      <Owners>
        <Owner name="" />
      </Owners>
      <Execution id="1ea3797c-97d9-4c47-8ef7-fe823e027764" />
      <TestMethod codeBase="C:/depotCI/dev/ird/2009.2/Client/Interop/WSS.SPF.Interop.Test/bin/Release/WSS.SPF.Interop.Test.DLL" adapterTypeName="Microsoft.VisualStudio.TestTools.TestTypes.Unit.UnitTestAdapter, Microsoft.VisualStudio.QualityTools.Tips.UnitTest.Adapter" className="WallStreetSystems.StructuredProducts.Interop.Test.LiveRatesTests, WSS.SPF.Interop.Test, Version=2009.1.0.0, Culture=neutral, PublicKeyToken=b5fd1a36512e1285" name="TestAddLiveSvRate" />
    </UnitTest>
    <UnitTest name="TestIndexVolPointUp" storage="c:\depotci\dev\ird\2009.2\client\interop\wss.spf.interop.test\bin\release\wss.spf.interop.test.dll" id="610e0a7d-ba12-3501-74bf-532038f92071">
      <Css projectStructure="" iteration="" />
      <Owners>
        <Owner name="" />
      </Owners>
      <Execution id="5ba9aebe-7e0e-4c80-8cd9-41653fff6606" />
      <TestMethod codeBase="C:/depotCI/dev/ird/2009.2/Client/Interop/WSS.SPF.Interop.Test/bin/Release/WSS.SPF.Interop.Test.DLL" adapterTypeName="Microsoft.VisualStudio.TestTools.TestTypes.Unit.UnitTestAdapter, Microsoft.VisualStudio.QualityTools.Tips.UnitTest.Adapter" className="WallStreetSystems.StructuredProducts.Interop.Test.MarketCurveUpdateTests, WSS.SPF.Interop.Test, Version=2009.1.0.0, Culture=neutral, PublicKeyToken=b5fd1a36512e1285" name="TestIndexVolPointUp" />
    </UnitTest>
    <UnitTest name="TestMktCrvDescFailedBldErrorList" storage="c:\depotci\dev\ird\2009.2\client\interop\wss.spf.interop.test\bin\release\wss.spf.interop.test.dll" id="e25d546c-58dc-1420-a9d7-618bc67b0bb0">
      <Css projectStructure="" iteration="" />
      <Owners>
        <Owner name="" />
      </Owners>
      <Execution id="0b56a7a3-93cc-4df3-bf7a-357cd6cef08b" />
      <TestMethod codeBase="C:/depotCI/dev/ird/2009.2/Client/Interop/WSS.SPF.Interop.Test/bin/Release/WSS.SPF.Interop.Test.DLL" adapterTypeName="Microsoft.VisualStudio.TestTools.TestTypes.Unit.UnitTestAdapter, Microsoft.VisualStudio.QualityTools.Tips.UnitTest.Adapter" className="WallStreetSystems.StructuredProducts.Interop.Test.MarketCurveDescriptionTests, WSS.SPF.Interop.Test, Version=2009.1.0.0, Culture=neutral, PublicKeyToken=b5fd1a36512e1285" name="TestMktCrvDescFailedBldErrorList" />
    </UnitTest>
    <UnitTest name="TestBuildMarketViaExistingCrvDef" storage="c:\depotci\dev\ird\2009.2\client\interop\wss.spf.interop.test\bin\release\wss.spf.interop.test.dll" id="2b9c98de-ec16-2de6-eb95-f7dbb882a586">
      <Css projectStructure="" iteration="" />
      <Owners>
        <Owner name="" />
      </Owners>
      <Execution id="af509e12-a1b7-49bc-b568-73f5c579b267" />
      <TestMethod codeBase="C:/depotCI/dev/ird/2009.2/Client/Interop/WSS.SPF.Interop.Test/bin/Release/WSS.SPF.Interop.Test.DLL" adapterTypeName="Microsoft.VisualStudio.TestTools.TestTypes.Unit.UnitTestAdapter, Microsoft.VisualStudio.QualityTools.Tips.UnitTest.Adapter" className="WallStreetSystems.StructuredProducts.Interop.Test.MarketBuildNoClientTests, WSS.SPF.Interop.Test, Version=2009.1.0.0, Culture=neutral, PublicKeyToken=b5fd1a36512e1285" name="TestBuildMarketViaExistingCrvDef" />
    </UnitTest>
    <UnitTest name="TestMarketCurveBuildFailedTracking" storage="c:\depotci\dev\ird\2009.2\client\interop\wss.spf.interop.test\bin\release\wss.spf.interop.test.dll" id="9191525c-ccad-5c8d-3d8a-e76ccf7eb084">
      <Css projectStructure="" iteration="" />
      <Owners>
        <Owner name="" />
      </Owners>
      <Execution id="deb42151-36b5-4fcb-b365-7b09899e6ea3" />
      <TestMethod codeBase="C:/depotCI/dev/ird/2009.2/Client/Interop/WSS.SPF.Interop.Test/bin/Release/WSS.SPF.Interop.Test.DLL" adapterTypeName="Microsoft.VisualStudio.TestTools.TestTypes.Unit.UnitTestAdapter, Microsoft.VisualStudio.QualityTools.Tips.UnitTest.Adapter" className="WallStreetSystems.StructuredProducts.Interop.Test.CurveTests, WSS.SPF.Interop.Test, Version=2009.1.0.0, Culture=neutral, PublicKeyToken=b5fd1a36512e1285" name="TestMarketCurveBuildFailedTracking" />
    </UnitTest>
    <UnitTest name="TestAssignEmptyKey" storage="c:\depotci\dev\ird\2009.2\client\interop\wss.spf.interop.test\bin\release\wss.spf.interop.test.dll" id="c1e85a6f-f3b0-23a5-b04a-581683fcc9a8">
      <Css projectStructure="" iteration="" />
      <Owners>
        <Owner name="" />
      </Owners>
      <Execution id="d34a54a4-bea9-4d7b-be65-863a90c9cc77" />
      <TestMethod codeBase="C:/depotCI/dev/ird/2009.2/Client/Interop/WSS.SPF.Interop.Test/bin/Release/WSS.SPF.Interop.Test.DLL" adapterTypeName="Microsoft.VisualStudio.TestTools.TestTypes.Unit.UnitTestAdapter, Microsoft.VisualStudio.QualityTools.Tips.UnitTest.Adapter" className="WallStreetSystems.StructuredProducts.Interop.Test.MiscTests, WSS.SPF.Interop.Test, Version=2009.1.0.0, Culture=neutral, PublicKeyToken=b5fd1a36512e1285" name="TestAssignEmptyKey" />
    </UnitTest>
    <UnitTest name="TestLocalBuildDfNewEmptyMarket" storage="c:\depotci\dev\ird\2009.2\client\interop\wss.spf.interop.test\bin\release\wss.spf.interop.test.dll" id="f2e8450a-4d54-5950-ea95-ccb612cdfaa7">
      <Css projectStructure="" iteration="" />
      <Owners>
        <Owner name="" />
      </Owners>
      <Execution id="5cedb3ba-b7bb-4659-9d26-3dfe43960f31" />
      <TestMethod codeBase="C:/depotCI/dev/ird/2009.2/Client/Interop/WSS.SPF.Interop.Test/bin/Release/WSS.SPF.Interop.Test.DLL" adapterTypeName="Microsoft.VisualStudio.TestTools.TestTypes.Unit.UnitTestAdapter, Microsoft.VisualStudio.QualityTools.Tips.UnitTest.Adapter" className="WallStreetSystems.StructuredProducts.Interop.Test.CurveTests, WSS.SPF.Interop.Test, Version=2009.1.0.0, Culture=neutral, PublicKeyToken=b5fd1a36512e1285" name="TestLocalBuildDfNewEmptyMarket" />
    </UnitTest>
    <UnitTest name="TestTreeModeCombinationsPortfolioLegs" storage="c:\depotci\dev\ird\2009.2\client\interop\wss.spf.interop.test\bin\release\wss.spf.interop.test.dll" id="4337647f-45f3-08e0-7315-5bcd53a8c6d5">
      <Css projectStructure="" iteration="" />
      <Owners>
        <Owner name="" />
      </Owners>
      <Execution id="29d44e11-5885-45be-8f92-5f8b69621ef8" />
      <TestMethod codeBase="C:/depotCI/dev/ird/2009.2/Client/Interop/WSS.SPF.Interop.Test/bin/Release/WSS.SPF.Interop.Test.DLL" adapterTypeName="Microsoft.VisualStudio.TestTools.TestTypes.Unit.UnitTestAdapter, Microsoft.VisualStudio.QualityTools.Tips.UnitTest.Adapter" className="WallStreetSystems.StructuredProducts.Interop.Test.LocalTreeTests, WSS.SPF.Interop.Test, Version=2009.1.0.0, Culture=neutral, PublicKeyToken=b5fd1a36512e1285" name="TestTreeModeCombinationsPortfolioLegs" />
    </UnitTest>
    <UnitTest name="TestIndexVolPointDown" storage="c:\depotci\dev\ird\2009.2\client\interop\wss.spf.interop.test\bin\release\wss.spf.interop.test.dll" id="813d1bf1-9bb4-f9f2-1f3c-07bd22d63efc">
      <Css projectStructure="" iteration="" />
      <Owners>
        <Owner name="" />
      </Owners>
      <Execution id="a86ee527-1ac7-454f-8771-fca359bcc648" />
      <TestMethod codeBase="C:/depotCI/dev/ird/2009.2/Client/Interop/WSS.SPF.Interop.Test/bin/Release/WSS.SPF.Interop.Test.DLL" adapterTypeName="Microsoft.VisualStudio.TestTools.TestTypes.Unit.UnitTestAdapter, Microsoft.VisualStudio.QualityTools.Tips.UnitTest.Adapter" className="WallStreetSystems.StructuredProducts.Interop.Test.MarketCurveUpdateTests, WSS.SPF.Interop.Test, Version=2009.1.0.0, Culture=neutral, PublicKeyToken=b5fd1a36512e1285" name="TestIndexVolPointDown" />
    </UnitTest>
    <UnitTest name="TestFuturesTransactions" storage="c:\depotci\dev\ird\2009.2\client\interop\wss.spf.interop.test\bin\release\wss.spf.interop.test.dll" id="e2fe47a1-d044-cd03-06ba-7766247301aa">
      <Css projectStructure="" iteration="" />
      <Owners>
        <Owner name="" />
      </Owners>
      <Execution id="b754bcaf-ad8a-4198-8017-fa45ea96b223" />
      <TestMethod codeBase="C:/depotCI/dev/ird/2009.2/Client/Interop/WSS.SPF.Interop.Test/bin/Release/WSS.SPF.Interop.Test.DLL" adapterTypeName="Microsoft.VisualStudio.TestTools.TestTypes.Unit.UnitTestAdapter, Microsoft.VisualStudio.QualityTools.Tips.UnitTest.Adapter" className="WallStreetSystems.StructuredProducts.Interop.Test.FuturesTests, WSS.SPF.Interop.Test, Version=2009.1.0.0, Culture=neutral, PublicKeyToken=b5fd1a36512e1285" name="TestFuturesTransactions" />
    </UnitTest>
    <UnitTest name="TestTreeModeHN_RESERVED_CHAR_VAL_SIZE" storage="c:\depotci\dev\ird\2009.2\client\interop\wss.spf.interop.test\bin\release\wss.spf.interop.test.dll" id="78377cd5-a074-90cd-2c8d-74e54e55b55c">
      <Css projectStructure="" iteration="" />
      <Owners>
        <Owner name="" />
      </Owners>
      <Execution id="c570ac38-62cd-4b89-b17e-8a8e337c05ac" />
      <TestMethod codeBase="C:/depotCI/dev/ird/2009.2/Client/Interop/WSS.SPF.Interop.Test/bin/Release/WSS.SPF.Interop.Test.DLL" adapterTypeName="Microsoft.VisualStudio.TestTools.TestTypes.Unit.UnitTestAdapter, Microsoft.VisualStudio.QualityTools.Tips.UnitTest.Adapter" className="WallStreetSystems.StructuredProducts.Interop.Test.LocalTreeTests, WSS.SPF.Interop.Test, Version=2009.1.0.0, Culture=neutral, PublicKeyToken=b5fd1a36512e1285" name="TestTreeModeHN_RESERVED_CHAR_VAL_SIZE" />
    </UnitTest>
    <UnitTest name="TestMarketSyncCalibrateErrors" storage="c:\depotci\dev\ird\2009.2\client\interop\wss.spf.interop.test\bin\release\wss.spf.interop.test.dll" id="6bfcf634-2852-6d65-4eb7-0fd94c04037f">
      <Css projectStructure="" iteration="" />
      <Owners>
        <Owner name="" />
      </Owners>
      <Execution id="258449bd-f46c-47bf-873b-f8c1d6cf05b6" />
      <TestMethod codeBase="C:/depotCI/dev/ird/2009.2/Client/Interop/WSS.SPF.Interop.Test/bin/Release/WSS.SPF.Interop.Test.DLL" adapterTypeName="Microsoft.VisualStudio.TestTools.TestTypes.Unit.UnitTestAdapter, Microsoft.VisualStudio.QualityTools.Tips.UnitTest.Adapter" className="WallStreetSystems.StructuredProducts.Interop.Test.CurveTests, WSS.SPF.Interop.Test, Version=2009.1.0.0, Culture=neutral, PublicKeyToken=b5fd1a36512e1285" name="TestMarketSyncCalibrateErrors" />
    </UnitTest>
    <UnitTest name="TestGroupPermissions" storage="c:\depotci\dev\ird\2009.2\client\interop\wss.spf.interop.test\bin\release\wss.spf.interop.test.dll" id="ca292a58-a95f-9cfc-d818-316b66f5dd7d">
      <Css projectStructure="" iteration="" />
      <Owners>
        <Owner name="" />
      </Owners>
      <Execution id="fd095710-9e63-4c28-950a-f681806d9bfa" />
      <TestMethod codeBase="C:/depotCI/dev/ird/2009.2/Client/Interop/WSS.SPF.Interop.Test/bin/Release/WSS.SPF.Interop.Test.DLL" adapterTypeName="Microsoft.VisualStudio.TestTools.TestTypes.Unit.UnitTestAdapter, Microsoft.VisualStudio.QualityTools.Tips.UnitTest.Adapter" className="WallStreetSystems.StructuredProducts.Interop.Test.GroupPermissionsTests, WSS.SPF.Interop.Test, Version=2009.1.0.0, Culture=neutral, PublicKeyToken=b5fd1a36512e1285" name="TestGroupPermissions" />
    </UnitTest>
    <UnitTest name="TestTreeModeLEG_NUM_NOT_APP" storage="c:\depotci\dev\ird\2009.2\client\interop\wss.spf.interop.test\bin\release\wss.spf.interop.test.dll" id="ef38e7af-800b-6129-678b-374702194f8c">
      <Css projectStructure="" iteration="" />
      <Owners>
        <Owner name="" />
      </Owners>
      <Execution id="5fb8f5d9-cae7-4de4-89e3-716330dc8e10" />
      <TestMethod codeBase="C:/depotCI/dev/ird/2009.2/Client/Interop/WSS.SPF.Interop.Test/bin/Release/WSS.SPF.Interop.Test.DLL" adapterTypeName="Microsoft.VisualStudio.TestTools.TestTypes.Unit.UnitTestAdapter, Microsoft.VisualStudio.QualityTools.Tips.UnitTest.Adapter" className="WallStreetSystems.StructuredProducts.Interop.Test.LocalTreeTests, WSS.SPF.Interop.Test, Version=2009.1.0.0, Culture=neutral, PublicKeyToken=b5fd1a36512e1285" name="TestTreeModeLEG_NUM_NOT_APP" />
    </UnitTest>
    <UnitTest name="TestCreateBadSystemIdKey" storage="c:\depotci\dev\ird\2009.2\client\interop\wss.spf.interop.test\bin\release\wss.spf.interop.test.dll" id="27cea1ae-720d-b5bd-421d-f1c1709917a8">
      <Css projectStructure="" iteration="" />
      <Owners>
        <Owner name="" />
      </Owners>
      <Execution id="26c302fd-bce1-4819-9a23-30e126eb0d27" />
      <TestMethod codeBase="C:/depotCI/dev/ird/2009.2/Client/Interop/WSS.SPF.Interop.Test/bin/Release/WSS.SPF.Interop.Test.DLL" adapterTypeName="Microsoft.VisualStudio.TestTools.TestTypes.Unit.UnitTestAdapter, Microsoft.VisualStudio.QualityTools.Tips.UnitTest.Adapter" className="WallStreetSystems.StructuredProducts.Interop.Test.MiscTests, WSS.SPF.Interop.Test, Version=2009.1.0.0, Culture=neutral, PublicKeyToken=b5fd1a36512e1285" name="TestCreateBadSystemIdKey" expectedException="System.Runtime.InteropServices.COMException, mscorlib, Version=2.0.0.0, Culture=neutral, PublicKeyToken=b77a5c561934e089" expectedExceptionMessage="Should not be able to create a MultisystemKey with a systemid longer than 16 characters" />
    </UnitTest>
    <UnitTest name="TestBuildRECOVERY_RATE_CRVS" storage="c:\depotci\dev\ird\2009.2\client\interop\wss.spf.interop.test\bin\release\wss.spf.interop.test.dll" id="2333bede-2dff-bfb5-eaeb-d65183a22ab5">
      <Css projectStructure="" iteration="" />
      <Owners>
        <Owner name="" />
      </Owners>
      <Execution id="c691b1ec-6fc7-48d7-a36d-1ee1a7827eaf" />
      <TestMethod codeBase="C:/depotCI/dev/ird/2009.2/Client/Interop/WSS.SPF.Interop.Test/bin/Release/WSS.SPF.Interop.Test.DLL" adapterTypeName="Microsoft.VisualStudio.TestTools.TestTypes.Unit.UnitTestAdapter, Microsoft.VisualStudio.QualityTools.Tips.UnitTest.Adapter" className="WallStreetSystems.StructuredProducts.Interop.Test.CurveTests, WSS.SPF.Interop.Test, Version=2009.1.0.0, Culture=neutral, PublicKeyToken=b5fd1a36512e1285" name="TestBuildRECOVERY_RATE_CRVS" />
    </UnitTest>
    <UnitTest name="TestFXCurveSpotPointUp" storage="c:\depotci\dev\ird\2009.2\client\interop\wss.spf.interop.test\bin\release\wss.spf.interop.test.dll" id="66303c9e-4c33-17be-f61c-31527751b87a">
      <Css projectStructure="" iteration="" />
      <Owners>
        <Owner name="" />
      </Owners>
      <Execution id="237d7cdf-c14a-42b3-aba5-779abce82bbe" />
      <TestMethod codeBase="C:/depotCI/dev/ird/2009.2/Client/Interop/WSS.SPF.Interop.Test/bin/Release/WSS.SPF.Interop.Test.DLL" adapterTypeName="Microsoft.VisualStudio.TestTools.TestTypes.Unit.UnitTestAdapter, Microsoft.VisualStudio.QualityTools.Tips.UnitTest.Adapter" className="WallStreetSystems.StructuredProducts.Interop.Test.MarketCurveUpdateTests, WSS.SPF.Interop.Test, Version=2009.1.0.0, Culture=neutral, PublicKeyToken=b5fd1a36512e1285" name="TestFXCurveSpotPointUp" />
    </UnitTest>
    <UnitTest name="TestSwptnVolSmileRemove" storage="c:\depotci\dev\ird\2009.2\client\interop\wss.spf.interop.test\bin\release\wss.spf.interop.test.dll" id="7a33d997-f893-8216-2411-9bac6fd447e5">
      <Css projectStructure="" iteration="" />
      <Owners>
        <Owner name="" />
      </Owners>
      <Execution id="c22351e2-8ddc-433f-97ce-f585bbfaec22" />
      <TestMethod codeBase="C:/depotCI/dev/ird/2009.2/Client/Interop/WSS.SPF.Interop.Test/bin/Release/WSS.SPF.Interop.Test.DLL" adapterTypeName="Microsoft.VisualStudio.TestTools.TestTypes.Unit.UnitTestAdapter, Microsoft.VisualStudio.QualityTools.Tips.UnitTest.Adapter" className="WallStreetSystems.StructuredProducts.Interop.Test.CurveTests, WSS.SPF.Interop.Test, Version=2009.1.0.0, Culture=neutral, PublicKeyToken=b5fd1a36512e1285" name="TestSwptnVolSmileRemove" />
    </UnitTest>
    <UnitTest name="TestClearKey" storage="c:\depotci\dev\ird\2009.2\client\interop\wss.spf.interop.test\bin\release\wss.spf.interop.test.dll" id="1682c692-5fc1-9900-3143-ad4214b9a482">
      <Css projectStructure="" iteration="" />
      <Owners>
        <Owner name="" />
      </Owners>
      <Execution id="f8f6f495-509a-49be-ae83-58284de31f26" />
      <TestMethod codeBase="C:/depotCI/dev/ird/2009.2/Client/Interop/WSS.SPF.Interop.Test/bin/Release/WSS.SPF.Interop.Test.DLL" adapterTypeName="Microsoft.VisualStudio.TestTools.TestTypes.Unit.UnitTestAdapter, Microsoft.VisualStudio.QualityTools.Tips.UnitTest.Adapter" className="WallStreetSystems.StructuredProducts.Interop.Test.MiscTests, WSS.SPF.Interop.Test, Version=2009.1.0.0, Culture=neutral, PublicKeyToken=b5fd1a36512e1285" name="TestClearKey" />
    </UnitTest>
    <UnitTest name="TestChangePasswordAndLoginWithOld" storage="c:\depotci\dev\ird\2009.2\client\interop\wss.spf.interop.test\bin\release\wss.spf.interop.test.dll" id="7c0c3de7-222e-13f9-9514-4e078fa0bc24">
      <Css projectStructure="" iteration="" />
      <Owners>
        <Owner name="" />
      </Owners>
      <Execution id="d2cc3d1c-46e3-44e0-a6e0-e3cc2485ff77" />
      <TestMethod codeBase="C:/depotCI/dev/ird/2009.2/Client/Interop/WSS.SPF.Interop.Test/bin/Release/WSS.SPF.Interop.Test.DLL" adapterTypeName="Microsoft.VisualStudio.TestTools.TestTypes.Unit.UnitTestAdapter, Microsoft.VisualStudio.QualityTools.Tips.UnitTest.Adapter" className="WallStreetSystems.StructuredProducts.Interop.Test.UserProfileTests, WSS.SPF.Interop.Test, Version=2009.1.0.0, Culture=neutral, PublicKeyToken=b5fd1a36512e1285" name="TestChangePasswordAndLoginWithOld" />
    </UnitTest>
    <UnitTest name="TestAttachmentOnCurveShift" storage="c:\depotci\dev\ird\2009.2\client\interop\wss.spf.interop.test\bin\release\wss.spf.interop.test.dll" id="77206a42-a299-b95c-3a7c-2658385af413">
      <Css projectStructure="" iteration="" />
      <Owners>
        <Owner name="" />
      </Owners>
      <Execution id="147d6cf8-a6f8-4ea8-9fa1-79374e4acaaf" />
      <TestMethod codeBase="C:/depotCI/dev/ird/2009.2/Client/Interop/WSS.SPF.Interop.Test/bin/Release/WSS.SPF.Interop.Test.DLL" adapterTypeName="Microsoft.VisualStudio.TestTools.TestTypes.Unit.UnitTestAdapter, Microsoft.VisualStudio.QualityTools.Tips.UnitTest.Adapter" className="WallStreetSystems.StructuredProducts.Interop.Test.AttachmentTests, WSS.SPF.Interop.Test, Version=2009.1.0.0, Culture=neutral, PublicKeyToken=b5fd1a36512e1285" name="TestAttachmentOnCurveShift" />
    </UnitTest>
    <UnitTest name="TestTreeModeTREE_VIEW_TRADES" storage="c:\depotci\dev\ird\2009.2\client\interop\wss.spf.interop.test\bin\release\wss.spf.interop.test.dll" id="c7894f53-f76d-558b-e2aa-b72636f3b009">
      <Css projectStructure="" iteration="" />
      <Owners>
        <Owner name="" />
      </Owners>
      <Execution id="986a1b17-ba79-4ea2-8f2f-e1dbd38fd05b" />
      <TestMethod codeBase="C:/depotCI/dev/ird/2009.2/Client/Interop/WSS.SPF.Interop.Test/bin/Release/WSS.SPF.Interop.Test.DLL" adapterTypeName="Microsoft.VisualStudio.TestTools.TestTypes.Unit.UnitTestAdapter, Microsoft.VisualStudio.QualityTools.Tips.UnitTest.Adapter" className="WallStreetSystems.StructuredProducts.Interop.Test.LocalTreeTests, WSS.SPF.Interop.Test, Version=2009.1.0.0, Culture=neutral, PublicKeyToken=b5fd1a36512e1285" name="TestTreeModeTREE_VIEW_TRADES" />
    </UnitTest>
    <UnitTest name="TestCashCurvePointNoChange" storage="c:\depotci\dev\ird\2009.2\client\interop\wss.spf.interop.test\bin\release\wss.spf.interop.test.dll" id="bb877264-3e4c-38a8-4735-784ecc819551">
      <Css projectStructure="" iteration="" />
      <Owners>
        <Owner name="" />
      </Owners>
      <Execution id="fee204e1-ecb4-4d09-9aac-71a773b658f3" />
      <TestMethod codeBase="C:/depotCI/dev/ird/2009.2/Client/Interop/WSS.SPF.Interop.Test/bin/Release/WSS.SPF.Interop.Test.DLL" adapterTypeName="Microsoft.VisualStudio.TestTools.TestTypes.Unit.UnitTestAdapter, Microsoft.VisualStudio.QualityTools.Tips.UnitTest.Adapter" className="WallStreetSystems.StructuredProducts.Interop.Test.MarketCurveUpdateTests, WSS.SPF.Interop.Test, Version=2009.1.0.0, Culture=neutral, PublicKeyToken=b5fd1a36512e1285" name="TestCashCurvePointNoChange" />
    </UnitTest>
    <UnitTest name="TestAttachmentOnTrade" storage="c:\depotci\dev\ird\2009.2\client\interop\wss.spf.interop.test\bin\release\wss.spf.interop.test.dll" id="7e0560d6-674a-4263-a39c-aaa82dd9156e">
      <Css projectStructure="" iteration="" />
      <Owners>
        <Owner name="" />
      </Owners>
      <Execution id="0349e6ce-2e9f-4c56-85da-0a4e01f982e1" />
      <TestMethod codeBase="C:/depotCI/dev/ird/2009.2/Client/Interop/WSS.SPF.Interop.Test/bin/Release/WSS.SPF.Interop.Test.DLL" adapterTypeName="Microsoft.VisualStudio.TestTools.TestTypes.Unit.UnitTestAdapter, Microsoft.VisualStudio.QualityTools.Tips.UnitTest.Adapter" className="WallStreetSystems.StructuredProducts.Interop.Test.AttachmentTests, WSS.SPF.Interop.Test, Version=2009.1.0.0, Culture=neutral, PublicKeyToken=b5fd1a36512e1285" name="TestAttachmentOnTrade" />
    </UnitTest>
    <UnitTest name="TestCreditIndexCreateDuplicate" storage="c:\depotci\dev\ird\2009.2\client\interop\wss.spf.interop.test\bin\release\wss.spf.interop.test.dll" id="9d5313b6-83b0-c3bb-c026-24449742a617">
      <Css projectStructure="" iteration="" />
      <Owners>
        <Owner name="" />
      </Owners>
      <Execution id="7985ff62-fd40-4d11-9c59-32816742d888" />
      <TestMethod codeBase="C:/depotCI/dev/ird/2009.2/Client/Interop/WSS.SPF.Interop.Test/bin/Release/WSS.SPF.Interop.Test.DLL" adapterTypeName="Microsoft.VisualStudio.TestTools.TestTypes.Unit.UnitTestAdapter, Microsoft.VisualStudio.QualityTools.Tips.UnitTest.Adapter" className="WallStreetSystems.StructuredProducts.Interop.Test.CreditIndexTests, WSS.SPF.Interop.Test, Version=2009.1.0.0, Culture=neutral, PublicKeyToken=b5fd1a36512e1285" name="TestCreditIndexCreateDuplicate" expectedException="System.Runtime.InteropServices.COMException, mscorlib, Version=2.0.0.0, Culture=neutral, PublicKeyToken=b77a5c561934e089" expectedExceptionMessage="Expecting to throw COMException when duplicate to be inserted into database." />
    </UnitTest>
    <UnitTest name="TestRateSetInquiryAndActionReport" storage="c:\depotci\dev\ird\2009.2\client\interop\wss.spf.interop.test\bin\release\wss.spf.interop.test.dll" id="6fe24a14-6048-a5b7-2f31-991d91cd1a0b">
      <Css projectStructure="" iteration="" />
      <Owners>
        <Owner name="" />
      </Owners>
      <Execution id="92b31965-4801-475a-9312-a1a7495d6d6f" />
      <TestMethod codeBase="C:/depotCI/dev/ird/2009.2/Client/Interop/WSS.SPF.Interop.Test/bin/Release/WSS.SPF.Interop.Test.DLL" adapterTypeName="Microsoft.VisualStudio.TestTools.TestTypes.Unit.UnitTestAdapter, Microsoft.VisualStudio.QualityTools.Tips.UnitTest.Adapter" className="WallStreetSystems.StructuredProducts.Interop.Test.ReportTests, WSS.SPF.Interop.Test, Version=2009.1.0.0, Culture=neutral, PublicKeyToken=b5fd1a36512e1285" name="TestRateSetInquiryAndActionReport" />
    </UnitTest>
    <UnitTest name="TestMarketCurveBuildFailedErrorList" storage="c:\depotci\dev\ird\2009.2\client\interop\wss.spf.interop.test\bin\release\wss.spf.interop.test.dll" id="abeb6608-710f-3808-370f-f22eeca82973">
      <Css projectStructure="" iteration="" />
      <Owners>
        <Owner name="" />
      </Owners>
      <Execution id="4ba24523-6e87-4b8d-9fc4-c7dfa216ddb5" />
      <TestMethod codeBase="C:/depotCI/dev/ird/2009.2/Client/Interop/WSS.SPF.Interop.Test/bin/Release/WSS.SPF.Interop.Test.DLL" adapterTypeName="Microsoft.VisualStudio.TestTools.TestTypes.Unit.UnitTestAdapter, Microsoft.VisualStudio.QualityTools.Tips.UnitTest.Adapter" className="WallStreetSystems.StructuredProducts.Interop.Test.CurveTests, WSS.SPF.Interop.Test, Version=2009.1.0.0, Culture=neutral, PublicKeyToken=b5fd1a36512e1285" name="TestMarketCurveBuildFailedErrorList" />
    </UnitTest>
    <UnitTest name="TestTradeCopyAsFile" storage="c:\depotci\dev\ird\2009.2\client\interop\wss.spf.interop.test\bin\release\wss.spf.interop.test.dll" id="814c3e77-34fe-a7c4-2c33-3d3fb6ea6943">
      <Css projectStructure="" iteration="" />
      <Owners>
        <Owner name="" />
      </Owners>
      <Execution id="28510ae9-066a-4935-8812-ed05d07c7582" />
      <TestMethod codeBase="C:/depotCI/dev/ird/2009.2/Client/Interop/WSS.SPF.Interop.Test/bin/Release/WSS.SPF.Interop.Test.DLL" adapterTypeName="Microsoft.VisualStudio.TestTools.TestTypes.Unit.UnitTestAdapter, Microsoft.VisualStudio.QualityTools.Tips.UnitTest.Adapter" className="WallStreetSystems.StructuredProducts.Interop.Test.TradeTests, WSS.SPF.Interop.Test, Version=2009.1.0.0, Culture=neutral, PublicKeyToken=b5fd1a36512e1285" name="TestTradeCopyAsFile" />
    </UnitTest>
    <UnitTest name="TestBuildCashToSpotRates" storage="c:\depotci\dev\ird\2009.2\client\interop\wss.spf.interop.test\bin\release\wss.spf.interop.test.dll" id="db5d791d-a64e-fcaa-b47b-b518f8d8fea1">
      <Css projectStructure="" iteration="" />
      <Owners>
        <Owner name="" />
      </Owners>
      <Execution id="9c094986-d195-4add-9eea-831a1f4cc9d6" />
      <TestMethod codeBase="C:/depotCI/dev/ird/2009.2/Client/Interop/WSS.SPF.Interop.Test/bin/Release/WSS.SPF.Interop.Test.DLL" adapterTypeName="Microsoft.VisualStudio.TestTools.TestTypes.Unit.UnitTestAdapter, Microsoft.VisualStudio.QualityTools.Tips.UnitTest.Adapter" className="WallStreetSystems.StructuredProducts.Interop.Test.CurveTests, WSS.SPF.Interop.Test, Version=2009.1.0.0, Culture=neutral, PublicKeyToken=b5fd1a36512e1285" name="TestBuildCashToSpotRates" />
    </UnitTest>
    <UnitTest name="TestAssignKey" storage="c:\depotci\dev\ird\2009.2\client\interop\wss.spf.interop.test\bin\release\wss.spf.interop.test.dll" id="93a164df-2656-421b-45ad-6c0c568f4469">
      <Css projectStructure="" iteration="" />
      <Owners>
        <Owner name="" />
      </Owners>
      <Execution id="926ceaed-43a3-40a1-96a4-a6c2c8eefa51" />
      <TestMethod codeBase="C:/depotCI/dev/ird/2009.2/Client/Interop/WSS.SPF.Interop.Test/bin/Release/WSS.SPF.Interop.Test.DLL" adapterTypeName="Microsoft.VisualStudio.TestTools.TestTypes.Unit.UnitTestAdapter, Microsoft.VisualStudio.QualityTools.Tips.UnitTest.Adapter" className="WallStreetSystems.StructuredProducts.Interop.Test.MiscTests, WSS.SPF.Interop.Test, Version=2009.1.0.0, Culture=neutral, PublicKeyToken=b5fd1a36512e1285" name="TestAssignKey" />
    </UnitTest>
    <UnitTest name="TestSelectFromDatabaseWithGroupBy" storage="c:\depotci\dev\ird\2009.2\client\interop\wss.spf.interop.test\bin\release\wss.spf.interop.test.dll" id="9c616202-519d-557d-5250-9a82fb67f5ad">
      <Css projectStructure="" iteration="" />
      <Owners>
        <Owner name="" />
      </Owners>
      <Execution id="ee8091b8-0bfe-4362-81a1-23c249869073" />
      <TestMethod codeBase="C:/depotCI/dev/ird/2009.2/Client/Interop/WSS.SPF.Interop.Test/bin/Release/WSS.SPF.Interop.Test.DLL" adapterTypeName="Microsoft.VisualStudio.TestTools.TestTypes.Unit.UnitTestAdapter, Microsoft.VisualStudio.QualityTools.Tips.UnitTest.Adapter" className="WallStreetSystems.StructuredProducts.Interop.Test.CurveTests, WSS.SPF.Interop.Test, Version=2009.1.0.0, Culture=neutral, PublicKeyToken=b5fd1a36512e1285" name="TestSelectFromDatabaseWithGroupBy" />
    </UnitTest>
    <UnitTest name="TestCreateUserKeyFromXml" storage="c:\depotci\dev\ird\2009.2\client\interop\wss.spf.interop.test\bin\release\wss.spf.interop.test.dll" id="187d5231-83e9-ec39-e1a9-e009e878af02">
      <Css projectStructure="" iteration="" />
      <Owners>
        <Owner name="" />
      </Owners>
      <Execution id="0315a5d0-c8b5-4f8c-8e28-e86584629b43" />
      <TestMethod codeBase="C:/depotCI/dev/ird/2009.2/Client/Interop/WSS.SPF.Interop.Test/bin/Release/WSS.SPF.Interop.Test.DLL" adapterTypeName="Microsoft.VisualStudio.TestTools.TestTypes.Unit.UnitTestAdapter, Microsoft.VisualStudio.QualityTools.Tips.UnitTest.Adapter" className="WallStreetSystems.StructuredProducts.Interop.Test.MiscTests, WSS.SPF.Interop.Test, Version=2009.1.0.0, Culture=neutral, PublicKeyToken=b5fd1a36512e1285" name="TestCreateUserKeyFromXml" />
    </UnitTest>
    <UnitTest name="TestMarketCurveBuildTracking" storage="c:\depotci\dev\ird\2009.2\client\interop\wss.spf.interop.test\bin\release\wss.spf.interop.test.dll" id="b5ddfb46-cde7-f6d2-5f88-4ed352f1ed4f">
      <Css projectStructure="" iteration="" />
      <Owners>
        <Owner name="" />
      </Owners>
      <Execution id="3ac2742b-4226-46b0-8d2a-99564ec8ac42" />
      <TestMethod codeBase="C:/depotCI/dev/ird/2009.2/Client/Interop/WSS.SPF.Interop.Test/bin/Release/WSS.SPF.Interop.Test.DLL" adapterTypeName="Microsoft.VisualStudio.TestTools.TestTypes.Unit.UnitTestAdapter, Microsoft.VisualStudio.QualityTools.Tips.UnitTest.Adapter" className="WallStreetSystems.StructuredProducts.Interop.Test.CurveTests, WSS.SPF.Interop.Test, Version=2009.1.0.0, Culture=neutral, PublicKeyToken=b5fd1a36512e1285" name="TestMarketCurveBuildTracking" />
    </UnitTest>
    <UnitTest name="TestTreeModeTREE_VIEW_LEGS" storage="c:\depotci\dev\ird\2009.2\client\interop\wss.spf.interop.test\bin\release\wss.spf.interop.test.dll" id="c1211244-62e9-87ae-9a1f-f40bf07be7e3">
      <Css projectStructure="" iteration="" />
      <Owners>
        <Owner name="" />
      </Owners>
      <Execution id="e522f0db-68fd-4b55-ba77-d50d055a80b4" />
      <TestMethod codeBase="C:/depotCI/dev/ird/2009.2/Client/Interop/WSS.SPF.Interop.Test/bin/Release/WSS.SPF.Interop.Test.DLL" adapterTypeName="Microsoft.VisualStudio.TestTools.TestTypes.Unit.UnitTestAdapter, Microsoft.VisualStudio.QualityTools.Tips.UnitTest.Adapter" className="WallStreetSystems.StructuredProducts.Interop.Test.LocalTreeTests, WSS.SPF.Interop.Test, Version=2009.1.0.0, Culture=neutral, PublicKeyToken=b5fd1a36512e1285" name="TestTreeModeTREE_VIEW_LEGS" />
    </UnitTest>
    <UnitTest name="TestRPC" storage="c:\depotci\dev\ird\2009.2\client\interop\wss.spf.interop.test\bin\release\wss.spf.interop.test.dll" id="915209f9-c74f-a16d-44f6-3db607ca7c1b">
      <Css projectStructure="" iteration="" />
      <Owners>
        <Owner name="" />
      </Owners>
      <Execution id="eb7dc85a-545c-4ecb-9a10-68e4091862a9" />
      <TestMethod codeBase="C:/depotCI/dev/ird/2009.2/Client/Interop/WSS.SPF.Interop.Test/bin/Release/WSS.SPF.Interop.Test.DLL" adapterTypeName="Microsoft.VisualStudio.TestTools.TestTypes.Unit.UnitTestAdapter, Microsoft.VisualStudio.QualityTools.Tips.UnitTest.Adapter" className="WallStreetSystems.StructuredProducts.Interop.Test.RPCTests, WSS.SPF.Interop.Test, Version=2009.1.0.0, Culture=neutral, PublicKeyToken=b5fd1a36512e1285" name="TestRPC" />
    </UnitTest>
    <UnitTest name="TestGvtCurveCashPointNoChange" storage="c:\depotci\dev\ird\2009.2\client\interop\wss.spf.interop.test\bin\release\wss.spf.interop.test.dll" id="b35a3ca9-2708-bb64-0c39-b573e34e63ff">
      <Css projectStructure="" iteration="" />
      <Owners>
        <Owner name="" />
      </Owners>
      <Execution id="37dbaa74-4a51-48d0-82d1-6d1af8a82359" />
      <TestMethod codeBase="C:/depotCI/dev/ird/2009.2/Client/Interop/WSS.SPF.Interop.Test/bin/Release/WSS.SPF.Interop.Test.DLL" adapterTypeName="Microsoft.VisualStudio.TestTools.TestTypes.Unit.UnitTestAdapter, Microsoft.VisualStudio.QualityTools.Tips.UnitTest.Adapter" className="WallStreetSystems.StructuredProducts.Interop.Test.MarketCurveUpdateTests, WSS.SPF.Interop.Test, Version=2009.1.0.0, Culture=neutral, PublicKeyToken=b5fd1a36512e1285" name="TestGvtCurveCashPointNoChange" />
    </UnitTest>
    <UnitTest name="TestCurveObjectToString" storage="c:\depotci\dev\ird\2009.2\client\interop\wss.spf.interop.test\bin\release\wss.spf.interop.test.dll" id="28ea6b2c-c8bd-d441-d95e-7b7d7e5ea5c5">
      <Css projectStructure="" iteration="" />
      <Owners>
        <Owner name="" />
      </Owners>
      <Execution id="9a00e414-eaa9-4ab8-8ffe-4f2b59214c51" />
      <TestMethod codeBase="C:/depotCI/dev/ird/2009.2/Client/Interop/WSS.SPF.Interop.Test/bin/Release/WSS.SPF.Interop.Test.DLL" adapterTypeName="Microsoft.VisualStudio.TestTools.TestTypes.Unit.UnitTestAdapter, Microsoft.VisualStudio.QualityTools.Tips.UnitTest.Adapter" className="WallStreetSystems.StructuredProducts.Interop.Test.CurveTests, WSS.SPF.Interop.Test, Version=2009.1.0.0, Culture=neutral, PublicKeyToken=b5fd1a36512e1285" name="TestCurveObjectToString" />
    </UnitTest>
    <UnitTest name="TestBuildFX" storage="c:\depotci\dev\ird\2009.2\client\interop\wss.spf.interop.test\bin\release\wss.spf.interop.test.dll" id="bd1d3338-d542-76ab-794b-20f3e4bcf36a">
      <Css projectStructure="" iteration="" />
      <Owners>
        <Owner name="" />
      </Owners>
      <Execution id="8896c1b7-7c5d-46b8-904a-6f66935a6e7f" />
      <TestMethod codeBase="C:/depotCI/dev/ird/2009.2/Client/Interop/WSS.SPF.Interop.Test/bin/Release/WSS.SPF.Interop.Test.DLL" adapterTypeName="Microsoft.VisualStudio.TestTools.TestTypes.Unit.UnitTestAdapter, Microsoft.VisualStudio.QualityTools.Tips.UnitTest.Adapter" className="WallStreetSystems.StructuredProducts.Interop.Test.CurveTests, WSS.SPF.Interop.Test, Version=2009.1.0.0, Culture=neutral, PublicKeyToken=b5fd1a36512e1285" name="TestBuildFX" />
    </UnitTest>
    <UnitTest name="TestAttachmentKeyWithApostrophe" storage="c:\depotci\dev\ird\2009.2\client\interop\wss.spf.interop.test\bin\release\wss.spf.interop.test.dll" id="312e1bf7-56e5-58a4-9313-cc39161a7dfa">
      <Css projectStructure="" iteration="" />
      <Owners>
        <Owner name="" />
      </Owners>
      <Execution id="e843b407-8aa8-4188-b5c9-6616f0edf1a0" />
      <TestMethod codeBase="C:/depotCI/dev/ird/2009.2/Client/Interop/WSS.SPF.Interop.Test/bin/Release/WSS.SPF.Interop.Test.DLL" adapterTypeName="Microsoft.VisualStudio.TestTools.TestTypes.Unit.UnitTestAdapter, Microsoft.VisualStudio.QualityTools.Tips.UnitTest.Adapter" className="WallStreetSystems.StructuredProducts.Interop.Test.AttachmentTests, WSS.SPF.Interop.Test, Version=2009.1.0.0, Culture=neutral, PublicKeyToken=b5fd1a36512e1285" name="TestAttachmentKeyWithApostrophe" expectedException="System.Runtime.InteropServices.COMException, mscorlib, Version=2.0.0.0, Culture=neutral, PublicKeyToken=b77a5c561934e089" expectedExceptionMessage="Expecting to throw COMException when retrieving key with apostrophe." />
    </UnitTest>
    <UnitTest name="TestActivityReport" storage="c:\depotci\dev\ird\2009.2\client\interop\wss.spf.interop.test\bin\release\wss.spf.interop.test.dll" id="4b25e0c9-dfda-0c5d-bb35-766aaacf90dd">
      <Css projectStructure="" iteration="" />
      <Owners>
        <Owner name="" />
      </Owners>
      <Execution id="e6bc8c91-e315-4dc6-a702-dcc0d373353f" />
      <TestMethod codeBase="C:/depotCI/dev/ird/2009.2/Client/Interop/WSS.SPF.Interop.Test/bin/Release/WSS.SPF.Interop.Test.DLL" adapterTypeName="Microsoft.VisualStudio.TestTools.TestTypes.Unit.UnitTestAdapter, Microsoft.VisualStudio.QualityTools.Tips.UnitTest.Adapter" className="WallStreetSystems.StructuredProducts.Interop.Test.ReportTests, WSS.SPF.Interop.Test, Version=2009.1.0.0, Culture=neutral, PublicKeyToken=b5fd1a36512e1285" name="TestActivityReport" />
    </UnitTest>
    <UnitTest name="TestGvtCurveCashPointDown" storage="c:\depotci\dev\ird\2009.2\client\interop\wss.spf.interop.test\bin\release\wss.spf.interop.test.dll" id="82b98baa-da62-ae2f-eb7c-2de7255ac712">
      <Css projectStructure="" iteration="" />
      <Owners>
        <Owner name="" />
      </Owners>
      <Execution id="32a0d361-a3ff-4180-b221-e0bfe2314d9c" />
      <TestMethod codeBase="C:/depotCI/dev/ird/2009.2/Client/Interop/WSS.SPF.Interop.Test/bin/Release/WSS.SPF.Interop.Test.DLL" adapterTypeName="Microsoft.VisualStudio.TestTools.TestTypes.Unit.UnitTestAdapter, Microsoft.VisualStudio.QualityTools.Tips.UnitTest.Adapter" className="WallStreetSystems.StructuredProducts.Interop.Test.MarketCurveUpdateTests, WSS.SPF.Interop.Test, Version=2009.1.0.0, Culture=neutral, PublicKeyToken=b5fd1a36512e1285" name="TestGvtCurveCashPointDown" />
    </UnitTest>
    <UnitTest name="TestMarketCurveCalibrateWithSampleCrvFail" storage="c:\depotci\dev\ird\2009.2\client\interop\wss.spf.interop.test\bin\release\wss.spf.interop.test.dll" id="cb35d722-9904-9c03-ede8-2158da317aa6">
      <Css projectStructure="" iteration="" />
      <Owners>
        <Owner name="" />
      </Owners>
      <Execution id="958fade3-2a1e-47a6-84f1-9404ed0d3ca8" />
      <TestMethod codeBase="C:/depotCI/dev/ird/2009.2/Client/Interop/WSS.SPF.Interop.Test/bin/Release/WSS.SPF.Interop.Test.DLL" adapterTypeName="Microsoft.VisualStudio.TestTools.TestTypes.Unit.UnitTestAdapter, Microsoft.VisualStudio.QualityTools.Tips.UnitTest.Adapter" className="WallStreetSystems.StructuredProducts.Interop.Test.CurveTests, WSS.SPF.Interop.Test, Version=2009.1.0.0, Culture=neutral, PublicKeyToken=b5fd1a36512e1285" name="TestMarketCurveCalibrateWithSampleCrvFail" />
    </UnitTest>
    <UnitTest name="TestExpressionRetrieve" storage="c:\depotci\dev\ird\2009.2\client\interop\wss.spf.interop.test\bin\release\wss.spf.interop.test.dll" id="77797147-c661-8d7c-e910-a1769d7cbb17">
      <Css projectStructure="" iteration="" />
      <Owners>
        <Owner name="" />
      </Owners>
      <Execution id="a76bf751-0881-4ebf-b07d-b203af124210" />
      <TestMethod codeBase="C:/depotCI/dev/ird/2009.2/Client/Interop/WSS.SPF.Interop.Test/bin/Release/WSS.SPF.Interop.Test.DLL" adapterTypeName="Microsoft.VisualStudio.TestTools.TestTypes.Unit.UnitTestAdapter, Microsoft.VisualStudio.QualityTools.Tips.UnitTest.Adapter" className="WallStreetSystems.StructuredProducts.Interop.Test.ExpressionTests, WSS.SPF.Interop.Test, Version=2009.1.0.0, Culture=neutral, PublicKeyToken=b5fd1a36512e1285" name="TestExpressionRetrieve" />
    </UnitTest>
    <UnitTest name="TestCreateUserWithNullUserName" storage="c:\depotci\dev\ird\2009.2\client\interop\wss.spf.interop.test\bin\release\wss.spf.interop.test.dll" id="4c6fa7e7-137e-ea6a-c4d7-01e30ffbb103">
      <Css projectStructure="" iteration="" />
      <Owners>
        <Owner name="" />
      </Owners>
      <Execution id="d53f4af6-288a-4fcd-9d49-de3eaeff4591" />
      <TestMethod codeBase="C:/depotCI/dev/ird/2009.2/Client/Interop/WSS.SPF.Interop.Test/bin/Release/WSS.SPF.Interop.Test.DLL" adapterTypeName="Microsoft.VisualStudio.TestTools.TestTypes.Unit.UnitTestAdapter, Microsoft.VisualStudio.QualityTools.Tips.UnitTest.Adapter" className="WallStreetSystems.StructuredProducts.Interop.Test.UserProfileTests, WSS.SPF.Interop.Test, Version=2009.1.0.0, Culture=neutral, PublicKeyToken=b5fd1a36512e1285" name="TestCreateUserWithNullUserName" />
    </UnitTest>
    <UnitTest name="TestSaveCurve100TimesAndRetrieve" storage="c:\depotci\dev\ird\2009.2\client\interop\wss.spf.interop.test\bin\release\wss.spf.interop.test.dll" id="e56e2826-42c5-829b-9308-4dd957afcae6">
      <Css projectStructure="" iteration="" />
      <Owners>
        <Owner name="" />
      </Owners>
      <Execution id="d9e457df-189e-4060-9eb2-a488490f05b0" />
      <TestMethod codeBase="C:/depotCI/dev/ird/2009.2/Client/Interop/WSS.SPF.Interop.Test/bin/Release/WSS.SPF.Interop.Test.DLL" adapterTypeName="Microsoft.VisualStudio.TestTools.TestTypes.Unit.UnitTestAdapter, Microsoft.VisualStudio.QualityTools.Tips.UnitTest.Adapter" className="WallStreetSystems.StructuredProducts.Interop.Test.MarketCurveDescriptionTests, WSS.SPF.Interop.Test, Version=2009.1.0.0, Culture=neutral, PublicKeyToken=b5fd1a36512e1285" name="TestSaveCurve100TimesAndRetrieve" />
    </UnitTest>
    <UnitTest name="TestMarketCurveCalibrateBK" storage="c:\depotci\dev\ird\2009.2\client\interop\wss.spf.interop.test\bin\release\wss.spf.interop.test.dll" id="4f079c73-be9e-04c2-5718-fc73126b661f">
      <Css projectStructure="" iteration="" />
      <Owners>
        <Owner name="" />
      </Owners>
      <Execution id="cbb1efbb-3117-4d8c-a866-119a697700e6" />
      <TestMethod codeBase="C:/depotCI/dev/ird/2009.2/Client/Interop/WSS.SPF.Interop.Test/bin/Release/WSS.SPF.Interop.Test.DLL" adapterTypeName="Microsoft.VisualStudio.TestTools.TestTypes.Unit.UnitTestAdapter, Microsoft.VisualStudio.QualityTools.Tips.UnitTest.Adapter" className="WallStreetSystems.StructuredProducts.Interop.Test.CurveTests, WSS.SPF.Interop.Test, Version=2009.1.0.0, Culture=neutral, PublicKeyToken=b5fd1a36512e1285" name="TestMarketCurveCalibrateBK" />
    </UnitTest>
    <UnitTest name="TestCounterPartyKeyCopy" storage="c:\depotci\dev\ird\2009.2\client\interop\wss.spf.interop.test\bin\release\wss.spf.interop.test.dll" id="001e2187-57cf-0c81-840e-bb35626811eb">
      <Css projectStructure="" iteration="" />
      <Owners>
        <Owner name="" />
      </Owners>
      <Execution id="bdebbbb9-143d-46ac-9953-00cbe352d647" />
      <TestMethod codeBase="C:/depotCI/dev/ird/2009.2/Client/Interop/WSS.SPF.Interop.Test/bin/Release/WSS.SPF.Interop.Test.DLL" adapterTypeName="Microsoft.VisualStudio.TestTools.TestTypes.Unit.UnitTestAdapter, Microsoft.VisualStudio.QualityTools.Tips.UnitTest.Adapter" className="WallStreetSystems.StructuredProducts.Interop.Test.CounterPartiesTests, WSS.SPF.Interop.Test, Version=2009.1.0.0, Culture=neutral, PublicKeyToken=b5fd1a36512e1285" name="TestCounterPartyKeyCopy" />
    </UnitTest>
    <UnitTest name="TestCopyUserKey" storage="c:\depotci\dev\ird\2009.2\client\interop\wss.spf.interop.test\bin\release\wss.spf.interop.test.dll" id="92a1c3d8-b172-69d8-4103-51096f6897c9">
      <Css projectStructure="" iteration="" />
      <Owners>
        <Owner name="" />
      </Owners>
      <Execution id="ac28d1ec-ea73-42e3-a922-9f2e56ba2cdf" />
      <TestMethod codeBase="C:/depotCI/dev/ird/2009.2/Client/Interop/WSS.SPF.Interop.Test/bin/Release/WSS.SPF.Interop.Test.DLL" adapterTypeName="Microsoft.VisualStudio.TestTools.TestTypes.Unit.UnitTestAdapter, Microsoft.VisualStudio.QualityTools.Tips.UnitTest.Adapter" className="WallStreetSystems.StructuredProducts.Interop.Test.MiscTests, WSS.SPF.Interop.Test, Version=2009.1.0.0, Culture=neutral, PublicKeyToken=b5fd1a36512e1285" name="TestCopyUserKey" />
    </UnitTest>
    <UnitTest name="TestCapVolPointUp" storage="c:\depotci\dev\ird\2009.2\client\interop\wss.spf.interop.test\bin\release\wss.spf.interop.test.dll" id="344c646c-6f65-3be2-f5b9-2368e0550113">
      <Css projectStructure="" iteration="" />
      <Owners>
        <Owner name="" />
      </Owners>
      <Execution id="093cc824-cfeb-4de6-b905-80e151b2c93d" />
      <TestMethod codeBase="C:/depotCI/dev/ird/2009.2/Client/Interop/WSS.SPF.Interop.Test/bin/Release/WSS.SPF.Interop.Test.DLL" adapterTypeName="Microsoft.VisualStudio.TestTools.TestTypes.Unit.UnitTestAdapter, Microsoft.VisualStudio.QualityTools.Tips.UnitTest.Adapter" className="WallStreetSystems.StructuredProducts.Interop.Test.MarketCurveUpdateTests, WSS.SPF.Interop.Test, Version=2009.1.0.0, Culture=neutral, PublicKeyToken=b5fd1a36512e1285" name="TestCapVolPointUp" />
    </UnitTest>
    <UnitTest name="TestAddDuplicateRates" storage="c:\depotci\dev\ird\2009.2\client\interop\wss.spf.interop.test\bin\release\wss.spf.interop.test.dll" id="30762383-6daf-5221-06f2-714c4b406dce">
      <Css projectStructure="" iteration="" />
      <Owners>
        <Owner name="" />
      </Owners>
      <Execution id="3e3d6345-e6ab-41a6-86d3-bc4d6970214e" />
      <TestMethod codeBase="C:/depotCI/dev/ird/2009.2/Client/Interop/WSS.SPF.Interop.Test/bin/Release/WSS.SPF.Interop.Test.DLL" adapterTypeName="Microsoft.VisualStudio.TestTools.TestTypes.Unit.UnitTestAdapter, Microsoft.VisualStudio.QualityTools.Tips.UnitTest.Adapter" className="WallStreetSystems.StructuredProducts.Interop.Test.RateTests, WSS.SPF.Interop.Test, Version=2009.1.0.0, Culture=neutral, PublicKeyToken=b5fd1a36512e1285" name="TestAddDuplicateRates" expectedException="System.Runtime.InteropServices.COMException, mscorlib, Version=2.0.0.0, Culture=neutral, PublicKeyToken=b77a5c561934e089" expectedExceptionMessage="Should not be able to insert duplicate rate fixing." />
    </UnitTest>
    <UnitTest name="TestBookCap" storage="c:\depotci\dev\ird\2009.2\client\interop\wss.spf.interop.test\bin\release\wss.spf.interop.test.dll" id="e7286f07-db05-d206-ebad-7053447a4f25">
      <Css projectStructure="" iteration="" />
      <Owners>
        <Owner name="" />
      </Owners>
      <Execution id="dc5da380-d778-4c50-9907-4c6b73124d25" />
      <TestMethod codeBase="C:/depotCI/dev/ird/2009.2/Client/Interop/WSS.SPF.Interop.Test/bin/Release/WSS.SPF.Interop.Test.DLL" adapterTypeName="Microsoft.VisualStudio.TestTools.TestTypes.Unit.UnitTestAdapter, Microsoft.VisualStudio.QualityTools.Tips.UnitTest.Adapter" className="WallStreetSystems.StructuredProducts.Interop.Test.TradeTests, WSS.SPF.Interop.Test, Version=2009.1.0.0, Culture=neutral, PublicKeyToken=b5fd1a36512e1285" name="TestBookCap" />
    </UnitTest>
  </TestDefinitions>
  <TestLists>
    <TestList name="Results Not in a List" id="8c84fa94-04c1-424b-9868-57a2d4851a1d" />
    <TestList name="All Loaded Results" id="19431567-8539-422a-85d7-44ee4e166bda" />
  </TestLists>
  <TestEntries>
    <TestEntry testId="312e1bf7-56e5-58a4-9313-cc39161a7dfa" executionId="e843b407-8aa8-4188-b5c9-6616f0edf1a0" testListId="8c84fa94-04c1-424b-9868-57a2d4851a1d" />
    <TestEntry testId="77206a42-a299-b95c-3a7c-2658385af413" executionId="147d6cf8-a6f8-4ea8-9fa1-79374e4acaaf" testListId="8c84fa94-04c1-424b-9868-57a2d4851a1d" />
    <TestEntry testId="7e0560d6-674a-4263-a39c-aaa82dd9156e" executionId="0349e6ce-2e9f-4c56-85da-0a4e01f982e1" testListId="8c84fa94-04c1-424b-9868-57a2d4851a1d" />
    <TestEntry testId="bfd2045d-61d8-1171-3410-8e260653b375" executionId="ff96e2ed-4f95-4133-98f5-0e9581e5279e" testListId="8c84fa94-04c1-424b-9868-57a2d4851a1d" />
    <TestEntry testId="d34f8ce3-541e-1871-7503-d0c3b49fca54" executionId="be91a0e9-cd0f-45e3-b85b-eb13d4f4beec" testListId="8c84fa94-04c1-424b-9868-57a2d4851a1d" />
    <TestEntry testId="456902f8-1470-fca8-e3d9-2c7abd018216" executionId="9ecd1eb2-7743-4f77-a9a2-5c4fa34a0e77" testListId="8c84fa94-04c1-424b-9868-57a2d4851a1d" />
    <TestEntry testId="12c01db6-1402-3970-bfd3-cfda51be84ff" executionId="9e7ec66e-c6ce-4444-9bd4-4e67267acd2a" testListId="8c84fa94-04c1-424b-9868-57a2d4851a1d" />
    <TestEntry testId="feef904e-d3c4-da14-cfc2-3af86e347eb2" executionId="c12759b8-fe80-4c33-8f8d-54dc2077bb0c" testListId="8c84fa94-04c1-424b-9868-57a2d4851a1d" />
    <TestEntry testId="33e58254-c743-bbec-dbdb-ca449688b26f" executionId="247584ea-fcb8-49f1-b5b3-20f9b413995b" testListId="8c84fa94-04c1-424b-9868-57a2d4851a1d" />
    <TestEntry testId="37975be1-e809-75c2-dc2f-5e5c070404fd" executionId="e76e8bb7-6e01-4b5d-b326-f2e67a43ab50" testListId="8c84fa94-04c1-424b-9868-57a2d4851a1d" />
    <TestEntry testId="c4448764-4b89-92bc-e6c3-56366237f319" executionId="ba2825c2-c6ce-4a96-b72e-24c12b465ce1" testListId="8c84fa94-04c1-424b-9868-57a2d4851a1d" />
    <TestEntry testId="ce0b4076-499a-3d44-fea4-6a47c3629ab0" executionId="429be287-61e9-471e-a021-9206d1eb7820" testListId="8c84fa94-04c1-424b-9868-57a2d4851a1d" />
    <TestEntry testId="9010de42-ba0a-350e-0561-5da7f2294202" executionId="3815ce16-4c52-441c-9be7-91d0422cd9c2" testListId="8c84fa94-04c1-424b-9868-57a2d4851a1d" />
    <TestEntry testId="b1039970-5239-1203-d82a-aba82d025e80" executionId="9c65ca24-7555-49a0-9855-450dc3d0ca4c" testListId="8c84fa94-04c1-424b-9868-57a2d4851a1d" />
    <TestEntry testId="d09b164f-c7f0-b03f-3d42-8e40dc0d627c" executionId="86d92245-2f3e-4222-8821-d148522298d4" testListId="8c84fa94-04c1-424b-9868-57a2d4851a1d" />
    <TestEntry testId="06296c81-d99c-84e4-1dc6-6ce6583c228b" executionId="a6d6d2e1-268d-404c-82e5-85013719f950" testListId="8c84fa94-04c1-424b-9868-57a2d4851a1d" />
    <TestEntry testId="8c8c0900-32d7-164a-c219-7604d2fdd0ed" executionId="c98504c8-8622-4de0-a2bd-e1ff66e37038" testListId="8c84fa94-04c1-424b-9868-57a2d4851a1d" />
    <TestEntry testId="943d83c5-0738-95b7-0f5a-6f8da123afdd" executionId="32464f79-9c5c-4f47-84ce-4de871c23721" testListId="8c84fa94-04c1-424b-9868-57a2d4851a1d" />
    <TestEntry testId="5dfe3555-4c9e-23df-e1fe-d141dea17926" executionId="d883bafe-926a-4e03-9931-4df8e2720902" testListId="8c84fa94-04c1-424b-9868-57a2d4851a1d" />
    <TestEntry testId="42fd25d8-7b67-2cbc-ff35-0849cb61f4a1" executionId="d3c7a1c6-c937-433b-8690-73d58c62d21e" testListId="8c84fa94-04c1-424b-9868-57a2d4851a1d" />
    <TestEntry testId="c28325c8-ed54-ba6c-2a79-a9dac153479a" executionId="c8e901e3-3ac4-424a-9513-74bb13c0b67c" testListId="8c84fa94-04c1-424b-9868-57a2d4851a1d" />
    <TestEntry testId="d8f00c58-3977-b344-c6fc-61381c18cbc6" executionId="dd16b113-dd17-4ef3-aa15-1935ba033883" testListId="8c84fa94-04c1-424b-9868-57a2d4851a1d" />
    <TestEntry testId="001e2187-57cf-0c81-840e-bb35626811eb" executionId="bdebbbb9-143d-46ac-9953-00cbe352d647" testListId="8c84fa94-04c1-424b-9868-57a2d4851a1d" />
    <TestEntry testId="eacfb587-1c20-2d2c-ea7e-6aec3895ddca" executionId="69143104-f3f9-437b-b812-f257b51da350" testListId="8c84fa94-04c1-424b-9868-57a2d4851a1d" />
    <TestEntry testId="a62f4b5e-3b72-be1f-c988-8881365e62c0" executionId="dd2028a9-0692-4896-880d-8ad02b30c0ad" testListId="8c84fa94-04c1-424b-9868-57a2d4851a1d" />
    <TestEntry testId="ec1eb231-3944-f61b-b958-f7b885146653" executionId="c4745fad-6dbf-484d-9677-bd7a625808d2" testListId="8c84fa94-04c1-424b-9868-57a2d4851a1d" />
    <TestEntry testId="27078a2e-443b-d64f-efe4-6cd581bd31a4" executionId="73c807a8-149e-41e7-be17-c694bf411f13" testListId="8c84fa94-04c1-424b-9868-57a2d4851a1d" />
    <TestEntry testId="9da1ea8b-38af-3b36-32b5-8ff13d57941f" executionId="1fdd9531-1777-4111-b071-619f34bc508b" testListId="8c84fa94-04c1-424b-9868-57a2d4851a1d" />
    <TestEntry testId="0e8e2483-2982-cca7-9931-2552654a8d6b" executionId="24cbd6d7-7605-47bd-9568-d5f851d834a7" testListId="8c84fa94-04c1-424b-9868-57a2d4851a1d" />
    <TestEntry testId="d8d5dc67-78f4-a1d0-1380-00e723a7aea0" executionId="dac67aa9-8357-42b2-bfad-0709a2b3fbaf" testListId="8c84fa94-04c1-424b-9868-57a2d4851a1d" />
    <TestEntry testId="9d5313b6-83b0-c3bb-c026-24449742a617" executionId="7985ff62-fd40-4d11-9c59-32816742d888" testListId="8c84fa94-04c1-424b-9868-57a2d4851a1d" />
    <TestEntry testId="3a33acae-ec72-5719-17b8-8f232ab9a989" executionId="f5ffc587-6e92-436e-8b28-047bb09edf97" testListId="8c84fa94-04c1-424b-9868-57a2d4851a1d" />
    <TestEntry testId="1c9fc762-ec59-f3b4-b964-9e5ab94e3ab0" executionId="186c9b5e-95c2-4474-82b2-a940b8287103" testListId="8c84fa94-04c1-424b-9868-57a2d4851a1d" />
    <TestEntry testId="07980622-8140-0124-bf74-db9dd3d267e0" executionId="64d34909-8085-4b2c-8477-f8d4a14ecd72" testListId="8c84fa94-04c1-424b-9868-57a2d4851a1d" />
    <TestEntry testId="388d8ca7-8132-3294-b2a2-1015cda1b86e" executionId="9296b07e-7ea3-4bdc-9524-0732c953e388" testListId="8c84fa94-04c1-424b-9868-57a2d4851a1d" />
    <TestEntry testId="b3dd1dae-90b4-164c-3142-3910f89c4b3c" executionId="7eda4d20-d89b-4cb4-a865-49bb71a3598b" testListId="8c84fa94-04c1-424b-9868-57a2d4851a1d" />
    <TestEntry testId="a64b751e-0628-8e24-0b51-11a48c017a91" executionId="4a5161d3-3871-49f7-9878-91269b2273c1" testListId="8c84fa94-04c1-424b-9868-57a2d4851a1d" />
    <TestEntry testId="bdf4891c-8082-f12e-1782-f4897d5f7dc3" executionId="859cd1a8-9441-47aa-a032-f7666f056b35" testListId="8c84fa94-04c1-424b-9868-57a2d4851a1d" />
    <TestEntry testId="29874346-5958-ecda-a167-08a6126b7c2e" executionId="92eb06a0-d2e8-4e72-a9cf-3bfaa09d4475" testListId="8c84fa94-04c1-424b-9868-57a2d4851a1d" />
    <TestEntry testId="cfce1750-f2b2-dda0-a550-21061ff7e48c" executionId="1c1354ba-7eee-4dda-83b6-2a7ec606e959" testListId="8c84fa94-04c1-424b-9868-57a2d4851a1d" />
    <TestEntry testId="a3b5a197-3776-6f58-360d-fdaa5abbb152" executionId="d1c63f6d-0767-4db7-ad04-2739aa43ea37" testListId="8c84fa94-04c1-424b-9868-57a2d4851a1d" />
    <TestEntry testId="2b597ee4-856d-f227-1645-6d5403cbfaa5" executionId="eee4d452-e9d0-4d9c-a0f5-139898775976" testListId="8c84fa94-04c1-424b-9868-57a2d4851a1d" />
    <TestEntry testId="cd1bda6b-b5fb-be6d-95c1-fa680dc1b394" executionId="3ddbc051-df37-47a9-ad16-c04d1c3d38e0" testListId="8c84fa94-04c1-424b-9868-57a2d4851a1d" />
    <TestEntry testId="9887396c-e1e4-0de7-01b6-e678b527f04c" executionId="267c9ea5-852a-4cdb-ad11-6d036980a297" testListId="8c84fa94-04c1-424b-9868-57a2d4851a1d" />
    <TestEntry testId="14a86e64-ca6b-414f-f722-36131318b5a9" executionId="ae264783-f36e-487f-8672-1f73a0328b0f" testListId="8c84fa94-04c1-424b-9868-57a2d4851a1d" />
    <TestEntry testId="db5d791d-a64e-fcaa-b47b-b518f8d8fea1" executionId="9c094986-d195-4add-9eea-831a1f4cc9d6" testListId="8c84fa94-04c1-424b-9868-57a2d4851a1d" />
    <TestEntry testId="d8d16034-1845-050d-ce3e-aa66d8e9e6e5" executionId="feff8680-7276-4157-8322-75cd22409e71" testListId="8c84fa94-04c1-424b-9868-57a2d4851a1d" />
    <TestEntry testId="2bdc2fb0-b59a-c499-4d65-08f4c6894383" executionId="c90a02d6-7662-41cc-961a-6cd4e853be78" testListId="8c84fa94-04c1-424b-9868-57a2d4851a1d" />
    <TestEntry testId="71231fbc-fb03-9f1a-14fd-f292fc9d3178" executionId="5a8ffe4b-da12-4ea2-8397-a2b858e93e2b" testListId="8c84fa94-04c1-424b-9868-57a2d4851a1d" />
    <TestEntry testId="ab5a0d6b-db0f-6929-26c6-d8156afb170c" executionId="b787378b-c21d-4219-aebc-1b15d3c1daeb" testListId="8c84fa94-04c1-424b-9868-57a2d4851a1d" />
    <TestEntry testId="bd1d3338-d542-76ab-794b-20f3e4bcf36a" executionId="8896c1b7-7c5d-46b8-904a-6f66935a6e7f" testListId="8c84fa94-04c1-424b-9868-57a2d4851a1d" />
    <TestEntry testId="1a6084b0-4adb-c6da-75d2-fac7b5cb3815" executionId="087f11c4-0a02-4d0e-93c7-69b0a54e0adf" testListId="8c84fa94-04c1-424b-9868-57a2d4851a1d" />
    <TestEntry testId="20c35437-f4d4-1e5d-03b2-b3cf695872c8" executionId="7b67db17-3351-4241-98b2-a2f3c4c3da04" testListId="8c84fa94-04c1-424b-9868-57a2d4851a1d" />
    <TestEntry testId="475f3e2b-ac2a-fc36-30f6-6aac5eaae28f" executionId="0ccba35e-443c-4c76-9a65-16a4a7db629b" testListId="8c84fa94-04c1-424b-9868-57a2d4851a1d" />
    <TestEntry testId="bf1775ca-a56c-d0e6-8462-b4ae7de41800" executionId="89fca976-6472-4634-8439-9840dfa969c2" testListId="8c84fa94-04c1-424b-9868-57a2d4851a1d" />
    <TestEntry testId="8277d440-df3a-11e8-73e4-497a868d8939" executionId="2081130f-92e1-4d44-85e4-78d9c10c8079" testListId="8c84fa94-04c1-424b-9868-57a2d4851a1d" />
    <TestEntry testId="2333bede-2dff-bfb5-eaeb-d65183a22ab5" executionId="c691b1ec-6fc7-48d7-a36d-1ee1a7827eaf" testListId="8c84fa94-04c1-424b-9868-57a2d4851a1d" />
    <TestEntry testId="a9630c5e-0163-8a3e-6fcd-86bacf9e9f5e" executionId="e4c9b780-0a3e-4d9d-8b0f-f5ece3dcd502" testListId="8c84fa94-04c1-424b-9868-57a2d4851a1d" />
    <TestEntry testId="6ba4415e-f717-334b-d978-6e75ab02876f" executionId="8b69824a-6c6c-4b6a-b12b-26ea9aa8e2e3" testListId="8c84fa94-04c1-424b-9868-57a2d4851a1d" />
    <TestEntry testId="ba7e1300-b020-55c9-23d1-a0cad5a65e94" executionId="231d7948-f7b7-4008-b3ed-4d7d861110a2" testListId="8c84fa94-04c1-424b-9868-57a2d4851a1d" />
    <TestEntry testId="a3e429a4-41ef-009d-b6ff-f8720741cd00" executionId="dfa54593-eb57-44dd-ad1e-154c901ae1e9" testListId="8c84fa94-04c1-424b-9868-57a2d4851a1d" />
    <TestEntry testId="01971cbf-6957-00a2-94bc-795d8b90e491" executionId="73b42b63-40c4-462d-9c64-0da7e540307f" testListId="8c84fa94-04c1-424b-9868-57a2d4851a1d" />
    <TestEntry testId="677fb86e-0db1-fc8c-c72a-1389602d1e95" executionId="0f60372d-e0ca-4390-b364-3126415fe198" testListId="8c84fa94-04c1-424b-9868-57a2d4851a1d" />
    <TestEntry testId="7f59ee4e-f5c4-6aac-4a6a-93ca50316ed9" executionId="2f3b1d30-ff17-47b7-8b33-4e1325a150cf" testListId="8c84fa94-04c1-424b-9868-57a2d4851a1d" />
    <TestEntry testId="aece77a2-54b0-7313-25bb-6673cb0a7ab7" executionId="229d8fb5-060d-4726-abe6-6bd54e67cb84" testListId="8c84fa94-04c1-424b-9868-57a2d4851a1d" />
    <TestEntry testId="1c113c05-a417-be0c-4775-5f19e725d399" executionId="937f7ded-bd65-44bc-83ff-4a06d60999bf" testListId="8c84fa94-04c1-424b-9868-57a2d4851a1d" />
    <TestEntry testId="00ddc7e1-23cd-f256-2bb5-7c63e67589f4" executionId="030587f9-7881-44ce-bab2-cfb1c7366ded" testListId="8c84fa94-04c1-424b-9868-57a2d4851a1d" />
    <TestEntry testId="40a544cb-393e-472d-e818-b4457381192e" executionId="4c7042e7-cc70-4e3a-affb-d00a6378f839" testListId="8c84fa94-04c1-424b-9868-57a2d4851a1d" />
    <TestEntry testId="878455d0-ef80-153f-3a10-93bad16509cd" executionId="f8359dcf-486c-453f-987b-9dbfbeb96320" testListId="8c84fa94-04c1-424b-9868-57a2d4851a1d" />
    <TestEntry testId="40e18aab-4111-99e0-4019-f2327484de92" executionId="0eacdbb9-d0b7-45e5-a29c-c88510f09346" testListId="8c84fa94-04c1-424b-9868-57a2d4851a1d" />
    <TestEntry testId="a93cb279-18bb-da5b-9ecc-1f220436270d" executionId="ced30792-cb2a-4904-bee4-f599dfb6f26b" testListId="8c84fa94-04c1-424b-9868-57a2d4851a1d" />
    <TestEntry testId="f783c4f9-4a33-fce3-55f0-e3e84539aec7" executionId="1127fba9-20b9-472c-9622-0390a9ccf59a" testListId="8c84fa94-04c1-424b-9868-57a2d4851a1d" />
    <TestEntry testId="d74bcada-b84a-3408-3db4-5c36b08b5403" executionId="c9a00f08-74c4-459d-8ca0-76c922c8cb3c" testListId="8c84fa94-04c1-424b-9868-57a2d4851a1d" />
    <TestEntry testId="0389b4f9-6fc3-b9c5-fb5e-3345d7032ad3" executionId="b108d4dc-ff76-489a-866a-181e1763ef05" testListId="8c84fa94-04c1-424b-9868-57a2d4851a1d" />
    <TestEntry testId="8c2a2b51-8406-45c4-08dd-03c10776e31d" executionId="fce3c5e3-7e04-4f17-99dc-cca92e149932" testListId="8c84fa94-04c1-424b-9868-57a2d4851a1d" />
    <TestEntry testId="6fb36b0f-8f14-aa73-2995-4291fc3b3617" executionId="09685cb6-fa3f-405f-8a39-896df20477d5" testListId="8c84fa94-04c1-424b-9868-57a2d4851a1d" />
    <TestEntry testId="54b7e992-9b8a-155e-81ab-a1f08bfb377e" executionId="06f5edf6-8b25-4f58-970d-b06e9ed8061a" testListId="8c84fa94-04c1-424b-9868-57a2d4851a1d" />
    <TestEntry testId="74c494c4-cd10-bba8-28d0-0635327e0f7c" executionId="ec3e15fa-33c3-4013-8d58-33853fde1a8c" testListId="8c84fa94-04c1-424b-9868-57a2d4851a1d" />
    <TestEntry testId="28ea6b2c-c8bd-d441-d95e-7b7d7e5ea5c5" executionId="9a00e414-eaa9-4ab8-8ffe-4f2b59214c51" testListId="8c84fa94-04c1-424b-9868-57a2d4851a1d" />
    <TestEntry testId="96e10780-aa25-ffcd-a889-c180338875ff" executionId="1a454bdd-bd5c-415f-9cec-a715310ff26a" testListId="8c84fa94-04c1-424b-9868-57a2d4851a1d" />
    <TestEntry testId="143cfd15-80c8-68ef-c41a-11ed16ee119e" executionId="ff787001-2166-4c98-953f-c5361a191637" testListId="8c84fa94-04c1-424b-9868-57a2d4851a1d" />
    <TestEntry testId="43133470-0783-1d3a-3cb0-dd8476fbc4e4" executionId="051e7a25-0f07-4e28-98f3-e28b7003edf6" testListId="8c84fa94-04c1-424b-9868-57a2d4851a1d" />
    <TestEntry testId="0559d26a-f31a-d3d5-5a3a-7e12eafb769d" executionId="95c8380c-e494-486e-9973-a718baa233ae" testListId="8c84fa94-04c1-424b-9868-57a2d4851a1d" />
    <TestEntry testId="64511086-635d-225b-5fbc-2ac736b7263d" executionId="43b25483-5d75-4efb-82f0-1440b0c19209" testListId="8c84fa94-04c1-424b-9868-57a2d4851a1d" />
    <TestEntry testId="c7bf83d8-2b9b-1855-0971-551d617b8108" executionId="421e7926-1b1d-48df-8793-eedef223b925" testListId="8c84fa94-04c1-424b-9868-57a2d4851a1d" />
    <TestEntry testId="3500e6c5-be0e-466f-e1f6-75614a425ca3" executionId="e3a90729-ff06-4795-a716-aa7e76a41e2c" testListId="8c84fa94-04c1-424b-9868-57a2d4851a1d" />
    <TestEntry testId="356915f6-fa28-d89b-875b-4e7e3d5af998" executionId="606751d4-4c8a-47f0-8ca3-e54379067033" testListId="8c84fa94-04c1-424b-9868-57a2d4851a1d" />
    <TestEntry testId="32a2e6e0-bdc0-ce16-29f8-6e23a925575e" executionId="5f25f258-d7b4-4234-8c9a-0796c48f3d6d" testListId="8c84fa94-04c1-424b-9868-57a2d4851a1d" />
    <TestEntry testId="bae4258a-cf81-972e-ca24-358a5cc13d7c" executionId="fb464879-7b80-4702-941b-a68cc3a6e70f" testListId="8c84fa94-04c1-424b-9868-57a2d4851a1d" />
    <TestEntry testId="dd3ae191-c043-9f0f-7114-9a395ac235ba" executionId="ea4be93f-33fb-4de4-bc1a-66e9ab643e58" testListId="8c84fa94-04c1-424b-9868-57a2d4851a1d" />
    <TestEntry testId="a5136669-b7fa-e943-11fc-427eef1a383d" executionId="f9e2b57d-e93f-429f-b2b8-4cde33e36f79" testListId="8c84fa94-04c1-424b-9868-57a2d4851a1d" />
    <TestEntry testId="84087427-3455-1e5b-1d9b-ad1d241fb6a0" executionId="9700f2b9-4798-4114-96a2-e6f0882ae78f" testListId="8c84fa94-04c1-424b-9868-57a2d4851a1d" />
    <TestEntry testId="3bca8c05-7eb4-62ea-1b28-8ce6414550fe" executionId="596c16ff-ea85-4269-8d05-020524d4f619" testListId="8c84fa94-04c1-424b-9868-57a2d4851a1d" />
    <TestEntry testId="a7e1bf4b-912c-fdd3-df21-de349831c88b" executionId="cdd0c068-6094-4af1-b758-efa1b5dbc6f4" testListId="8c84fa94-04c1-424b-9868-57a2d4851a1d" />
    <TestEntry testId="6e0cbf6a-e91e-dc31-9017-487a060f42bc" executionId="bdef7da3-9a25-4389-b72d-6ca048553fcd" testListId="8c84fa94-04c1-424b-9868-57a2d4851a1d" />
    <TestEntry testId="634a86ee-60b1-4426-0734-4e17468f18ad" executionId="cb017da3-b41a-4708-a0a0-4797a2ca7fa8" testListId="8c84fa94-04c1-424b-9868-57a2d4851a1d" />
    <TestEntry testId="071366aa-21f4-5982-2bae-944b7192e535" executionId="409ac625-caa1-429d-b260-42f519ada0ca" testListId="8c84fa94-04c1-424b-9868-57a2d4851a1d" />
    <TestEntry testId="5ec449a5-60b5-d7af-9862-e3aa121ed4aa" executionId="016e449d-6c3d-4677-a077-b62d921ed239" testListId="8c84fa94-04c1-424b-9868-57a2d4851a1d" />
    <TestEntry testId="4f88af9f-cf68-0942-8717-a2b5c84c2067" executionId="0e87a3e0-e594-429b-8610-44e68345681c" testListId="8c84fa94-04c1-424b-9868-57a2d4851a1d" />
    <TestEntry testId="f2e8450a-4d54-5950-ea95-ccb612cdfaa7" executionId="5cedb3ba-b7bb-4659-9d26-3dfe43960f31" testListId="8c84fa94-04c1-424b-9868-57a2d4851a1d" />
    <TestEntry testId="9b9530e1-06b6-bed1-2bd5-19dc521c4d5a" executionId="ff6e2b92-c317-4a39-9c89-10d6c9be618f" testListId="8c84fa94-04c1-424b-9868-57a2d4851a1d" />
    <TestEntry testId="450e3852-4f3c-b27e-16af-1c008b6a0f3b" executionId="19007098-ee57-441b-ab26-fd797f26b3e7" testListId="8c84fa94-04c1-424b-9868-57a2d4851a1d" />
    <TestEntry testId="ff1fe03d-da1e-4d24-a477-02a0c061195b" executionId="34d0cd54-bb62-41c7-9cdb-2422f07ca359" testListId="8c84fa94-04c1-424b-9868-57a2d4851a1d" />
    <TestEntry testId="abeb6608-710f-3808-370f-f22eeca82973" executionId="4ba24523-6e87-4b8d-9fc4-c7dfa216ddb5" testListId="8c84fa94-04c1-424b-9868-57a2d4851a1d" />
    <TestEntry testId="9191525c-ccad-5c8d-3d8a-e76ccf7eb084" executionId="deb42151-36b5-4fcb-b365-7b09899e6ea3" testListId="8c84fa94-04c1-424b-9868-57a2d4851a1d" />
    <TestEntry testId="b5ddfb46-cde7-f6d2-5f88-4ed352f1ed4f" executionId="3ac2742b-4226-46b0-8d2a-99564ec8ac42" testListId="8c84fa94-04c1-424b-9868-57a2d4851a1d" />
    <TestEntry testId="5e8e71f4-1a98-c160-64ac-72540d1bfbfb" executionId="64b37089-c679-49dc-ae40-d87f7c9fe5cb" testListId="8c84fa94-04c1-424b-9868-57a2d4851a1d" />
    <TestEntry testId="4f079c73-be9e-04c2-5718-fc73126b661f" executionId="cbb1efbb-3117-4d8c-a866-119a697700e6" testListId="8c84fa94-04c1-424b-9868-57a2d4851a1d" />
    <TestEntry testId="a72f1c3a-6888-14a2-f296-de22deea85e1" executionId="cae8d3f3-972c-47e8-b216-1ff10792a666" testListId="8c84fa94-04c1-424b-9868-57a2d4851a1d" />
    <TestEntry testId="188af7bd-d9c9-b797-7150-e005660dc8f0" executionId="c63219dd-af32-4ecc-901c-87bd630e2f0a" testListId="8c84fa94-04c1-424b-9868-57a2d4851a1d" />
    <TestEntry testId="3715b313-3b69-80cf-4ad4-d6c612930bd2" executionId="f3fa3365-b079-435e-b482-9590ef4e6cff" testListId="8c84fa94-04c1-424b-9868-57a2d4851a1d" />
    <TestEntry testId="b3e75ed7-b7a9-9311-cd6c-dffc613a8f03" executionId="7d11e243-487f-48a1-b683-16510c31e7f0" testListId="8c84fa94-04c1-424b-9868-57a2d4851a1d" />
    <TestEntry testId="cb35d722-9904-9c03-ede8-2158da317aa6" executionId="958fade3-2a1e-47a6-84f1-9404ed0d3ca8" testListId="8c84fa94-04c1-424b-9868-57a2d4851a1d" />
    <TestEntry testId="673e378d-63f6-b1cf-a075-6afc668ba93b" executionId="4a721240-c7f5-4a60-b641-1b32427e57a1" testListId="8c84fa94-04c1-424b-9868-57a2d4851a1d" />
    <TestEntry testId="2f4b20df-4fa3-d0ce-9ff5-13f9d6247745" executionId="1499c062-22e1-4640-b237-28e86a7b3bdf" testListId="8c84fa94-04c1-424b-9868-57a2d4851a1d" />
    <TestEntry testId="8a5505d9-d8b6-357b-2f25-5ba90c432885" executionId="47571bbd-c861-4208-b026-bf9c6b4bafcd" testListId="8c84fa94-04c1-424b-9868-57a2d4851a1d" />
    <TestEntry testId="894b5407-ff9f-5ef8-06dc-a0847e641b6a" executionId="e5b93a5e-d8ee-419d-80ec-d20f73b2e657" testListId="8c84fa94-04c1-424b-9868-57a2d4851a1d" />
    <TestEntry testId="1b8933ed-810d-f308-6b84-38ed8b5f487c" executionId="348dd7d3-d812-4223-9b22-87a5c9e7929e" testListId="8c84fa94-04c1-424b-9868-57a2d4851a1d" />
    <TestEntry testId="fcdefeeb-275d-4aa5-5f67-3ae0443b87ed" executionId="b4666c4e-bbe5-4a4b-83c6-ddc25da6c709" testListId="8c84fa94-04c1-424b-9868-57a2d4851a1d" />
    <TestEntry testId="6bfcf634-2852-6d65-4eb7-0fd94c04037f" executionId="258449bd-f46c-47bf-873b-f8c1d6cf05b6" testListId="8c84fa94-04c1-424b-9868-57a2d4851a1d" />
    <TestEntry testId="118541f2-dcf0-b406-5e30-421a8470d14c" executionId="5a389aef-6599-43c4-ab55-9d5055e98734" testListId="8c84fa94-04c1-424b-9868-57a2d4851a1d" />
    <TestEntry testId="79863afc-d920-19fa-01c2-a8c5a6571ea5" executionId="a048ec88-6381-45d4-b400-c4f6278ce744" testListId="8c84fa94-04c1-424b-9868-57a2d4851a1d" />
    <TestEntry testId="8836bffd-d8a4-5d6f-57f6-59937e90ca5e" executionId="121b57c5-6bad-4110-b55f-44695b8efca5" testListId="8c84fa94-04c1-424b-9868-57a2d4851a1d" />
    <TestEntry testId="f30e54cc-2b9f-799d-c5c6-59c782fd680e" executionId="b8cf6b09-1c14-42cf-82fe-34185249aa53" testListId="8c84fa94-04c1-424b-9868-57a2d4851a1d" />
    <TestEntry testId="23ae4ff7-4b27-3509-e2d5-c9fa68871560" executionId="2bf96d41-99dc-4386-9f24-2f1a8c8dddb9" testListId="8c84fa94-04c1-424b-9868-57a2d4851a1d" />
    <TestEntry testId="e6547853-68d2-473f-6f2e-57b12c7bfe82" executionId="ecfcbcf1-38df-4460-824e-4de068c2a083" testListId="8c84fa94-04c1-424b-9868-57a2d4851a1d" />
    <TestEntry testId="11e684f7-076b-ad77-5662-eb09efce424a" executionId="5c1d33a0-9ced-415b-b3db-7c1880522d64" testListId="8c84fa94-04c1-424b-9868-57a2d4851a1d" />
    <TestEntry testId="68b22fde-a75b-f392-6764-5e52359e0823" executionId="1977facb-243f-4e6c-85f4-26c569b93201" testListId="8c84fa94-04c1-424b-9868-57a2d4851a1d" />
    <TestEntry testId="46cd5df9-2085-bec4-e632-ab961de6c391" executionId="91e96890-dd34-44e6-8f0f-218c8e36d861" testListId="8c84fa94-04c1-424b-9868-57a2d4851a1d" />
    <TestEntry testId="7bc8aa53-a7c5-f4e4-8b78-2b16b8bfa998" executionId="665db444-408e-4c6a-8671-1dbae180164d" testListId="8c84fa94-04c1-424b-9868-57a2d4851a1d" />
    <TestEntry testId="b8bf225f-1deb-872c-8594-6f7031474f2c" executionId="afe0e648-c1f6-4439-afe8-27ca7d7369b2" testListId="8c84fa94-04c1-424b-9868-57a2d4851a1d" />
    <TestEntry testId="54649b14-31a6-e602-ee80-62e3c288c317" executionId="530b5fbb-8fd7-42f6-9dd9-fd5e1e64ecdd" testListId="8c84fa94-04c1-424b-9868-57a2d4851a1d" />
    <TestEntry testId="77aecc22-9783-8e81-6de8-3ef0b57ceabb" executionId="2ac7c68e-0458-4fe9-9528-dba399f78d84" testListId="8c84fa94-04c1-424b-9868-57a2d4851a1d" />
    <TestEntry testId="6aedbc8d-bcff-d9fa-32ae-b1ee2c7519da" executionId="eb8d9402-dba6-4788-bc1c-c7e550e7446e" testListId="8c84fa94-04c1-424b-9868-57a2d4851a1d" />
    <TestEntry testId="e3304f8a-5cf1-6e50-d466-fcc13854332c" executionId="32095b57-832b-464a-b529-0114f4c8da23" testListId="8c84fa94-04c1-424b-9868-57a2d4851a1d" />
    <TestEntry testId="4dff4c73-2d4e-155e-823a-85618210ecdb" executionId="6dcc5ece-c5b4-4b16-8324-f8423cf96c33" testListId="8c84fa94-04c1-424b-9868-57a2d4851a1d" />
    <TestEntry testId="a05e74c3-b6a2-31f0-edd4-fa602310311f" executionId="f215c422-4f8c-4391-a358-5fd6d58cbe5d" testListId="8c84fa94-04c1-424b-9868-57a2d4851a1d" />
    <TestEntry testId="dc270fb8-be75-6f2b-5b7e-9ab1bba09481" executionId="28654f1c-2aff-4ca2-bb71-56f2421bd40a" testListId="8c84fa94-04c1-424b-9868-57a2d4851a1d" />
    <TestEntry testId="fffb29b4-054e-e4e7-0763-d9fc90b9730a" executionId="2e91dbef-dd15-429f-a5b9-7b93be94e067" testListId="8c84fa94-04c1-424b-9868-57a2d4851a1d" />
    <TestEntry testId="9c616202-519d-557d-5250-9a82fb67f5ad" executionId="ee8091b8-0bfe-4362-81a1-23c249869073" testListId="8c84fa94-04c1-424b-9868-57a2d4851a1d" />
    <TestEntry testId="d32ea693-e412-c0b0-00e5-622d9bc3354e" executionId="d269b8eb-c99c-469e-ac77-b075c777469b" testListId="8c84fa94-04c1-424b-9868-57a2d4851a1d" />
    <TestEntry testId="6c1ea4bc-8fba-be9f-8792-6eb3eb8acc9d" executionId="ba87f9a4-95ac-482d-8f44-7857e7861e14" testListId="8c84fa94-04c1-424b-9868-57a2d4851a1d" />
    <TestEntry testId="e56c809e-d147-851a-9a6e-bd3d35cfc89c" executionId="62213721-c2dc-4876-9143-a32f62c49210" testListId="8c84fa94-04c1-424b-9868-57a2d4851a1d" />
    <TestEntry testId="c6174118-2f40-fdf6-a693-3e3b6628c478" executionId="96f399ba-44a4-40f6-a29e-3919089ca0b5" testListId="8c84fa94-04c1-424b-9868-57a2d4851a1d" />
    <TestEntry testId="7a33d997-f893-8216-2411-9bac6fd447e5" executionId="c22351e2-8ddc-433f-97ce-f585bbfaec22" testListId="8c84fa94-04c1-424b-9868-57a2d4851a1d" />
    <TestEntry testId="a2824829-eba5-50ee-cea6-8b91818e759c" executionId="04eab8db-8eb4-41a1-9532-6608671fbd92" testListId="8c84fa94-04c1-424b-9868-57a2d4851a1d" />
    <TestEntry testId="2a8a5e6e-cb9d-6b1e-d331-3b8cdfa5cc47" executionId="552eb711-4c98-461b-b96c-13b7a4f3f290" testListId="8c84fa94-04c1-424b-9868-57a2d4851a1d" />
    <TestEntry testId="2a72a93f-e306-a1be-cdc8-0a9446bff7fa" executionId="fd7de9a5-091a-4a4d-a2f6-d264d297918b" testListId="8c84fa94-04c1-424b-9868-57a2d4851a1d" />
    <TestEntry testId="2ce81d07-b2ab-ce3c-8b61-39e938ee62aa" executionId="5579c88a-3f4f-47bf-9ce9-b83eaff9d56a" testListId="8c84fa94-04c1-424b-9868-57a2d4851a1d" />
    <TestEntry testId="fe1a28b6-55c2-a2b6-853d-98511318340c" executionId="0b48f10b-605f-4d4a-9ad7-79afe2c4cda9" testListId="8c84fa94-04c1-424b-9868-57a2d4851a1d" />
    <TestEntry testId="13f472db-8522-48c5-9def-4094dcc27da1" executionId="fb3bcdac-118f-440a-baf9-12ae75d9b8bc" testListId="8c84fa94-04c1-424b-9868-57a2d4851a1d" />
    <TestEntry testId="867592b3-7190-5538-fa8a-40edc6aeb2ae" executionId="16398fac-f2dd-4974-b6f5-5c7b880a5dff" testListId="8c84fa94-04c1-424b-9868-57a2d4851a1d" />
    <TestEntry testId="f32e9c19-92ce-7fa0-b367-2fa5f755ea5b" executionId="13a5b81b-0ddf-4b08-ae89-dab5156425e7" testListId="8c84fa94-04c1-424b-9868-57a2d4851a1d" />
    <TestEntry testId="c4357c3c-bf43-0385-6660-7fbb64991719" executionId="f4618bb4-fc24-44b3-b3ba-d797a717a9d4" testListId="8c84fa94-04c1-424b-9868-57a2d4851a1d" />
    <TestEntry testId="873d6368-528a-73f0-95fd-2b658d22dc14" executionId="19e310e5-d267-45c8-adb3-f9a46190bb27" testListId="8c84fa94-04c1-424b-9868-57a2d4851a1d" />
    <TestEntry testId="d5243573-b00d-ad2b-6d6d-0d66551d120d" executionId="fe2f74ea-5c77-41ec-8908-7c7135705dee" testListId="8c84fa94-04c1-424b-9868-57a2d4851a1d" />
    <TestEntry testId="77797147-c661-8d7c-e910-a1769d7cbb17" executionId="a76bf751-0881-4ebf-b07d-b203af124210" testListId="8c84fa94-04c1-424b-9868-57a2d4851a1d" />
    <TestEntry testId="1c802b0f-e75e-88ff-e4e1-f708a7859f84" executionId="2218140d-54ed-4dca-aeba-42a325bee255" testListId="8c84fa94-04c1-424b-9868-57a2d4851a1d" />
    <TestEntry testId="9e389205-436a-00e7-d501-cc3476668251" executionId="d3a1dc97-6c88-42a9-89ee-fbeb315cbb1a" testListId="8c84fa94-04c1-424b-9868-57a2d4851a1d" />
    <TestEntry testId="f5060a9d-3f9e-b431-30ee-6eea618c219d" executionId="84318145-3b78-4381-aa62-121c31cc7d09" testListId="8c84fa94-04c1-424b-9868-57a2d4851a1d" />
    <TestEntry testId="4742f4c4-6559-9d53-cd74-ebdd065d418d" executionId="2ecfab86-4724-431e-87cb-4e8f93e61c19" testListId="8c84fa94-04c1-424b-9868-57a2d4851a1d" />
    <TestEntry testId="b87c3137-153b-2cd6-6289-0d840de7b407" executionId="68517f48-1c11-427a-b1a7-6092d3f218c1" testListId="8c84fa94-04c1-424b-9868-57a2d4851a1d" />
    <TestEntry testId="4014d7fc-c5cf-d48d-a6e6-7fe42069c9d3" executionId="3c7422dd-60c9-40aa-b1de-3da691f6b0b4" testListId="8c84fa94-04c1-424b-9868-57a2d4851a1d" />
    <TestEntry testId="2cefa6a4-ecc9-a45c-5c47-d84b94a7ba23" executionId="345ae49b-fec9-4493-8dfc-087131068e13" testListId="8c84fa94-04c1-424b-9868-57a2d4851a1d" />
    <TestEntry testId="fe3271f7-148d-e2fc-b6f5-6eff9b7da2f7" executionId="c9e4981c-622d-4671-b918-a39d4b8b87f1" testListId="8c84fa94-04c1-424b-9868-57a2d4851a1d" />
    <TestEntry testId="67c9fd86-d77a-16e6-b0f7-1eda07e33ac9" executionId="686c2486-9236-46da-9586-f575ba60d81d" testListId="8c84fa94-04c1-424b-9868-57a2d4851a1d" />
    <TestEntry testId="21a4b2b9-43f9-2104-a6a8-fb6d172e22cf" executionId="790af3bd-1a11-41af-b8d1-fd3abd2daf25" testListId="8c84fa94-04c1-424b-9868-57a2d4851a1d" />
    <TestEntry testId="2c69f06c-4c23-0578-46ae-4512226351cc" executionId="c7095f37-92cb-416a-b56f-f8d5dabd8397" testListId="8c84fa94-04c1-424b-9868-57a2d4851a1d" />
    <TestEntry testId="165c539b-79f7-dd32-e05a-2f8d9a21e48d" executionId="5f887000-473c-431f-9a62-770dac9c4fd7" testListId="8c84fa94-04c1-424b-9868-57a2d4851a1d" />
    <TestEntry testId="73a971f3-e34f-34cd-6bd0-4432f7592fcc" executionId="f42a7eac-728b-4d72-902c-f786b9b2fe66" testListId="8c84fa94-04c1-424b-9868-57a2d4851a1d" />
    <TestEntry testId="8a382010-5157-ea0c-8604-4dbc3fb85ca9" executionId="a6cfd42f-fbe2-4704-9acb-7980bffea8ad" testListId="8c84fa94-04c1-424b-9868-57a2d4851a1d" />
    <TestEntry testId="e2fe47a1-d044-cd03-06ba-7766247301aa" executionId="b754bcaf-ad8a-4198-8017-fa45ea96b223" testListId="8c84fa94-04c1-424b-9868-57a2d4851a1d" />
    <TestEntry testId="301f9da2-2cc4-1b47-53e9-101d41dc01b5" executionId="ce1179de-357f-44a7-b38e-12ad5177c8b9" testListId="8c84fa94-04c1-424b-9868-57a2d4851a1d" />
    <TestEntry testId="2cfff909-d3bc-dac7-267c-b1bf657fa9e1" executionId="d2934895-feb8-4155-bbed-f6286887eefe" testListId="8c84fa94-04c1-424b-9868-57a2d4851a1d" />
    <TestEntry testId="ca292a58-a95f-9cfc-d818-316b66f5dd7d" executionId="fd095710-9e63-4c28-950a-f681806d9bfa" testListId="8c84fa94-04c1-424b-9868-57a2d4851a1d" />
    <TestEntry testId="b98a8cb3-0219-942a-0809-c6c5c9c71d0c" executionId="51aca840-58ac-434d-b99a-796d15437c2b" testListId="8c84fa94-04c1-424b-9868-57a2d4851a1d" />
    <TestEntry testId="02579b15-9a4d-fcf4-1044-05e5667acf82" executionId="81d741c1-f785-4ebe-8043-7c4746ef47d4" testListId="8c84fa94-04c1-424b-9868-57a2d4851a1d" />
    <TestEntry testId="537992fe-a708-85fc-162f-d7f30fd94339" executionId="5c43c986-8944-46db-b3be-7ad122fe4b2d" testListId="8c84fa94-04c1-424b-9868-57a2d4851a1d" />
    <TestEntry testId="ea46ab97-0c1b-cdd0-6909-e618ee3c277b" executionId="70de180b-90d8-4c19-b879-de08caffee56" testListId="8c84fa94-04c1-424b-9868-57a2d4851a1d" />
    <TestEntry testId="743447b5-fcb9-6cb3-90ec-2a932957285d" executionId="c2c91b80-92da-4a00-bbb4-2ba88570e17e" testListId="8c84fa94-04c1-424b-9868-57a2d4851a1d" />
    <TestEntry testId="becd69ae-5882-64a9-975f-b201fe119a4c" executionId="761c89bd-1841-451a-a8fa-4d016752a0b7" testListId="8c84fa94-04c1-424b-9868-57a2d4851a1d" />
    <TestEntry testId="338ac466-b57c-91d5-84b4-332758d9a9fa" executionId="ed85bfc6-0c19-4d35-bf6a-ab72a3da3a30" testListId="8c84fa94-04c1-424b-9868-57a2d4851a1d" />
    <TestEntry testId="d8136d54-86e1-bb52-28d1-acfc43863bcb" executionId="1ea3797c-97d9-4c47-8ef7-fe823e027764" testListId="8c84fa94-04c1-424b-9868-57a2d4851a1d" />
    <TestEntry testId="a68add4f-f32d-9e79-8120-6900c0eb2c71" executionId="2d7940d3-7119-410d-ac94-87aa90c1d9e3" testListId="8c84fa94-04c1-424b-9868-57a2d4851a1d" />
    <TestEntry testId="79d49447-0f49-eda1-7416-58a150aca4d7" executionId="2eb18db5-818b-4678-a3b3-d0125c198955" testListId="8c84fa94-04c1-424b-9868-57a2d4851a1d" />
    <TestEntry testId="52bffe89-0b9b-151f-7383-326bd8381154" executionId="973de023-42b1-4003-821b-38599bbfee49" testListId="8c84fa94-04c1-424b-9868-57a2d4851a1d" />
    <TestEntry testId="e38dbe10-7483-7d22-648e-c8e73bb3a27a" executionId="7f908650-f988-4acc-9ace-f10cfa8a6db1" testListId="8c84fa94-04c1-424b-9868-57a2d4851a1d" />
    <TestEntry testId="fb2fae29-999a-e5d8-18a1-cdc478641088" executionId="30fd490f-caac-4fd7-9f62-21101998a1c1" testListId="8c84fa94-04c1-424b-9868-57a2d4851a1d" />
    <TestEntry testId="a7ac686b-801c-62f1-c2f9-13e8a385048a" executionId="a5ec7104-fa8c-4616-a132-899916424807" testListId="8c84fa94-04c1-424b-9868-57a2d4851a1d" />
    <TestEntry testId="b5539f8a-f273-a448-fe47-4923193036a9" executionId="c9ee8b5d-d975-4a47-a02a-129e6b5ddbe0" testListId="8c84fa94-04c1-424b-9868-57a2d4851a1d" />
    <TestEntry testId="4337647f-45f3-08e0-7315-5bcd53a8c6d5" executionId="29d44e11-5885-45be-8f92-5f8b69621ef8" testListId="8c84fa94-04c1-424b-9868-57a2d4851a1d" />
    <TestEntry testId="c28ec5b4-7219-93cc-71fc-b5f5e86de297" executionId="a3850023-2434-4ab6-860d-079b9a03beb6" testListId="8c84fa94-04c1-424b-9868-57a2d4851a1d" />
    <TestEntry testId="288ad703-fa79-60ee-d2f8-da2229b539b8" executionId="88533ad6-b40b-4ff3-8dee-11fb674d87bd" testListId="8c84fa94-04c1-424b-9868-57a2d4851a1d" />
    <TestEntry testId="3f0b25c0-b51c-67bb-4c7e-71776ba0ebb1" executionId="44330388-5fbf-45b5-8879-34fd65fc09b7" testListId="8c84fa94-04c1-424b-9868-57a2d4851a1d" />
    <TestEntry testId="19a4b933-04bc-98e7-9bb4-9ad13ae57610" executionId="f8626e98-1a71-48ed-866b-bc72bf3936af" testListId="8c84fa94-04c1-424b-9868-57a2d4851a1d" />
    <TestEntry testId="78377cd5-a074-90cd-2c8d-74e54e55b55c" executionId="c570ac38-62cd-4b89-b17e-8a8e337c05ac" testListId="8c84fa94-04c1-424b-9868-57a2d4851a1d" />
    <TestEntry testId="ef38e7af-800b-6129-678b-374702194f8c" executionId="5fb8f5d9-cae7-4de4-89e3-716330dc8e10" testListId="8c84fa94-04c1-424b-9868-57a2d4851a1d" />
    <TestEntry testId="1abaeca4-2e20-098d-232a-376ad4d9f356" executionId="6b9f55fa-60fc-40a7-b9e9-f899d6d49a17" testListId="8c84fa94-04c1-424b-9868-57a2d4851a1d" />
    <TestEntry testId="df76e11f-520d-c9f2-d152-d982802dcb61" executionId="63776fb2-115b-4b4b-bb94-ed06e904ed4d" testListId="8c84fa94-04c1-424b-9868-57a2d4851a1d" />
    <TestEntry testId="5337fd83-1b13-96ab-1b56-e8d5cfb40cad" executionId="a2708dcd-c362-4bf9-9f73-710f8be7782b" testListId="8c84fa94-04c1-424b-9868-57a2d4851a1d" />
    <TestEntry testId="7e9b519c-769f-4bce-b345-15b417803c9e" executionId="8d770ecb-7821-4c29-a089-27f8d443be88" testListId="8c84fa94-04c1-424b-9868-57a2d4851a1d" />
    <TestEntry testId="7ee969d9-5435-b20f-3bb8-b2a2e5f7c6e1" executionId="70734458-f437-44c8-98ab-14adfe1c4fb2" testListId="8c84fa94-04c1-424b-9868-57a2d4851a1d" />
    <TestEntry testId="81771814-001b-04f2-1207-30264bb7ff83" executionId="0b8c5fe3-a7ba-48e6-9511-9cc75847e5c1" testListId="8c84fa94-04c1-424b-9868-57a2d4851a1d" />
    <TestEntry testId="f750ba6b-fb10-030c-8df0-9d92cc6282bd" executionId="06456de1-e65c-46b1-a714-4f9109a12f4c" testListId="8c84fa94-04c1-424b-9868-57a2d4851a1d" />
    <TestEntry testId="5105ca7d-64a6-75c0-d752-f59c642a313f" executionId="2fccf376-f780-48a9-8e2c-23e532453085" testListId="8c84fa94-04c1-424b-9868-57a2d4851a1d" />
    <TestEntry testId="68e35b27-e671-c633-cede-9b08f6ab9875" executionId="5ce45f01-f3da-41c1-aadf-bde811786ac9" testListId="8c84fa94-04c1-424b-9868-57a2d4851a1d" />
    <TestEntry testId="0b779dde-e9b1-744d-c556-a13243372a2e" executionId="eb26668d-74d4-4521-af19-aad958d59a70" testListId="8c84fa94-04c1-424b-9868-57a2d4851a1d" />
    <TestEntry testId="c8563f37-8e8e-c7ad-7ba7-6a2c59b30f20" executionId="68f2f02b-94eb-4396-bfc6-03f1b18cdc75" testListId="8c84fa94-04c1-424b-9868-57a2d4851a1d" />
    <TestEntry testId="b0724cee-e1b9-5b03-c0ff-f8e7c2dc8787" executionId="2e24c18f-4704-45fd-aed5-0a966319411e" testListId="8c84fa94-04c1-424b-9868-57a2d4851a1d" />
    <TestEntry testId="47b7a3b4-4cc3-b375-9a7d-3468d27c57b9" executionId="0fb50235-1d2f-4296-a094-b4d427825d53" testListId="8c84fa94-04c1-424b-9868-57a2d4851a1d" />
    <TestEntry testId="613496d1-3794-bc07-4bc3-7e60df7ff68a" executionId="e11a498d-adbb-44ab-8f36-a67a3ac1425a" testListId="8c84fa94-04c1-424b-9868-57a2d4851a1d" />
    <TestEntry testId="e66e047a-e9c7-8eab-0f6a-9994a5453db0" executionId="4f73ef22-d7b6-41dd-a995-18c588af8b26" testListId="8c84fa94-04c1-424b-9868-57a2d4851a1d" />
    <TestEntry testId="c1211244-62e9-87ae-9a1f-f40bf07be7e3" executionId="e522f0db-68fd-4b55-ba77-d50d055a80b4" testListId="8c84fa94-04c1-424b-9868-57a2d4851a1d" />
    <TestEntry testId="bb0369cf-0d8c-41d1-9fff-c83fe8febac0" executionId="9bc4e675-cf86-4826-8c6f-9e7cd077fe0b" testListId="8c84fa94-04c1-424b-9868-57a2d4851a1d" />
    <TestEntry testId="5e3480a2-1519-93c0-6008-6902fcf37638" executionId="f123d2e8-24ab-4417-8c4e-2ff8f5b0774d" testListId="8c84fa94-04c1-424b-9868-57a2d4851a1d" />
    <TestEntry testId="0af05782-ea0f-71de-2548-0e934f4541db" executionId="6ada8e44-c296-4ce2-8563-28b682049f9a" testListId="8c84fa94-04c1-424b-9868-57a2d4851a1d" />
    <TestEntry testId="43ddcc73-7b81-bc00-8a45-0b6d849c4130" executionId="5cdd4b8d-48aa-434b-a0a1-95cee7e47ac2" testListId="8c84fa94-04c1-424b-9868-57a2d4851a1d" />
    <TestEntry testId="3c1f4ea2-36e9-bc47-3a77-b2809a736514" executionId="e04d3a6a-9b3d-46fc-847b-82c2f7f679eb" testListId="8c84fa94-04c1-424b-9868-57a2d4851a1d" />
    <TestEntry testId="d42968d7-c78c-f31a-b076-ac7294f782c0" executionId="88dfe522-9987-45f9-b087-a681b3bfbe14" testListId="8c84fa94-04c1-424b-9868-57a2d4851a1d" />
    <TestEntry testId="c7894f53-f76d-558b-e2aa-b72636f3b009" executionId="986a1b17-ba79-4ea2-8f2f-e1dbd38fd05b" testListId="8c84fa94-04c1-424b-9868-57a2d4851a1d" />
    <TestEntry testId="5d1d1842-9b36-51a6-ca88-6b867dedf740" executionId="bcb353fb-d3e9-4a5d-907a-b87fc5fb891b" testListId="8c84fa94-04c1-424b-9868-57a2d4851a1d" />
    <TestEntry testId="8b9964f1-a355-7b6e-583d-53a1bb540595" executionId="e5abdd17-d774-4388-9631-5b5ec7070b44" testListId="8c84fa94-04c1-424b-9868-57a2d4851a1d" />
    <TestEntry testId="2b9c98de-ec16-2de6-eb95-f7dbb882a586" executionId="af509e12-a1b7-49bc-b568-73f5c579b267" testListId="8c84fa94-04c1-424b-9868-57a2d4851a1d" />
    <TestEntry testId="cfff5d22-1add-5597-8e51-05a96e74427d" executionId="d46fe5af-446e-4183-a46b-88f82ee00f6b" testListId="8c84fa94-04c1-424b-9868-57a2d4851a1d" />
    <TestEntry testId="8ae44a3b-469c-7027-eb51-038c8b8c11ad" executionId="766d7353-2fe0-4dbc-b5de-3fc19b73d02d" testListId="8c84fa94-04c1-424b-9868-57a2d4851a1d" />
    <TestEntry testId="c5fd0830-63e2-d080-bbdb-ab3b70e193a7" executionId="b79e91b9-95ca-48ea-9353-e7c41a4d22d0" testListId="8c84fa94-04c1-424b-9868-57a2d4851a1d" />
    <TestEntry testId="f1178a23-fd26-98ba-5fba-65509fe68739" executionId="cd72e5e4-f125-422c-aa13-5c7590abb5ce" testListId="8c84fa94-04c1-424b-9868-57a2d4851a1d" />
    <TestEntry testId="01e15475-b38e-f1b9-52a4-c9811c72cd96" executionId="fe031637-65b9-41e9-ab6f-33dd0527cc60" testListId="8c84fa94-04c1-424b-9868-57a2d4851a1d" />
    <TestEntry testId="b850143e-2c8a-91b7-9253-afae85a28770" executionId="7082aa88-f9ef-48c5-bd83-d9642bdb32e8" testListId="8c84fa94-04c1-424b-9868-57a2d4851a1d" />
    <TestEntry testId="e25d546c-58dc-1420-a9d7-618bc67b0bb0" executionId="0b56a7a3-93cc-4df3-bf7a-357cd6cef08b" testListId="8c84fa94-04c1-424b-9868-57a2d4851a1d" />
    <TestEntry testId="de5a6267-107c-b5ae-b8dc-1c121589f1c5" executionId="52f5fbd1-6366-4217-b941-e46974f0ef40" testListId="8c84fa94-04c1-424b-9868-57a2d4851a1d" />
    <TestEntry testId="db57cd7c-9d8b-b365-1a97-8c3bb716bd0b" executionId="6cfc779a-ad2e-4acb-8711-18982d0d04d2" testListId="8c84fa94-04c1-424b-9868-57a2d4851a1d" />
    <TestEntry testId="7f56f943-8c89-ab4c-8340-6ea34ae4d2fa" executionId="0c78bf34-6954-46ad-843e-7cfb41542373" testListId="8c84fa94-04c1-424b-9868-57a2d4851a1d" />
    <TestEntry testId="e56e2826-42c5-829b-9308-4dd957afcae6" executionId="d9e457df-189e-4060-9eb2-a488490f05b0" testListId="8c84fa94-04c1-424b-9868-57a2d4851a1d" />
    <TestEntry testId="f965ea00-b81a-4d39-68a2-43d1d666efb6" executionId="87345375-15e6-4e84-9946-a42b3ecf83c9" testListId="8c84fa94-04c1-424b-9868-57a2d4851a1d" />
    <TestEntry testId="27ff0b24-b897-fe23-403d-75e3297fbc49" executionId="cf44764b-4cce-4a21-b7f6-86162c1cef9b" testListId="8c84fa94-04c1-424b-9868-57a2d4851a1d" />
    <TestEntry testId="d5d6ac8f-797c-a2cf-eae9-23e7f0c5ea9c" executionId="8bd67ee8-1588-436b-bb93-8bad61bf3fb0" testListId="8c84fa94-04c1-424b-9868-57a2d4851a1d" />
    <TestEntry testId="b6b23a54-f4ef-7410-0801-fdd6a3971786" executionId="4693c219-adda-45a9-a3a9-7d288ee9475b" testListId="8c84fa94-04c1-424b-9868-57a2d4851a1d" />
    <TestEntry testId="1a54ec6d-c382-4117-6183-2db77517454c" executionId="8c296ab1-fabe-4eba-9b9a-49e0c25e0a72" testListId="8c84fa94-04c1-424b-9868-57a2d4851a1d" />
    <TestEntry testId="344c646c-6f65-3be2-f5b9-2368e0550113" executionId="093cc824-cfeb-4de6-b905-80e151b2c93d" testListId="8c84fa94-04c1-424b-9868-57a2d4851a1d" />
    <TestEntry testId="fa885ff0-f591-90e1-5340-99ca51c27a57" executionId="e8d001f8-210d-4bd1-b762-2bfec0782428" testListId="8c84fa94-04c1-424b-9868-57a2d4851a1d" />
    <TestEntry testId="bb877264-3e4c-38a8-4735-784ecc819551" executionId="fee204e1-ecb4-4d09-9aac-71a773b658f3" testListId="8c84fa94-04c1-424b-9868-57a2d4851a1d" />
    <TestEntry testId="7bf86ca4-733c-f832-84b8-623fa1c9fc5e" executionId="47e942ed-e527-4348-850f-8a40440f5d35" testListId="8c84fa94-04c1-424b-9868-57a2d4851a1d" />
    <TestEntry testId="b07075a4-6dfe-1be3-fa93-984f754cd8b1" executionId="53b9fb19-4105-422e-838a-2541d2bb9894" testListId="8c84fa94-04c1-424b-9868-57a2d4851a1d" />
    <TestEntry testId="f5e8750a-cf2f-25e3-fc1a-cdce4fea6325" executionId="2e0ba41e-0862-4c8a-93a0-134705755017" testListId="8c84fa94-04c1-424b-9868-57a2d4851a1d" />
    <TestEntry testId="9d630ccd-b483-ccc6-ac0c-babd3078372c" executionId="6484a9ea-3733-4e06-b7e2-96dab2eea87a" testListId="8c84fa94-04c1-424b-9868-57a2d4851a1d" />
    <TestEntry testId="45f6b777-90d9-ff6d-a29d-da4ccced26ee" executionId="38109eeb-6eb0-4494-b948-e7af2bc6f822" testListId="8c84fa94-04c1-424b-9868-57a2d4851a1d" />
    <TestEntry testId="66303c9e-4c33-17be-f61c-31527751b87a" executionId="237d7cdf-c14a-42b3-aba5-779abce82bbe" testListId="8c84fa94-04c1-424b-9868-57a2d4851a1d" />
    <TestEntry testId="82b98baa-da62-ae2f-eb7c-2de7255ac712" executionId="32a0d361-a3ff-4180-b221-e0bfe2314d9c" testListId="8c84fa94-04c1-424b-9868-57a2d4851a1d" />
    <TestEntry testId="b35a3ca9-2708-bb64-0c39-b573e34e63ff" executionId="37dbaa74-4a51-48d0-82d1-6d1af8a82359" testListId="8c84fa94-04c1-424b-9868-57a2d4851a1d" />
    <TestEntry testId="3c1cc351-5eed-d83a-8921-eca8ebcd08d8" executionId="d5aae114-2385-44cf-acfb-46da3e7215ea" testListId="8c84fa94-04c1-424b-9868-57a2d4851a1d" />
    <TestEntry testId="21f4270e-d605-57db-b68c-f7857466f18b" executionId="5fe536d5-e684-43e0-8936-28f05258d23e" testListId="8c84fa94-04c1-424b-9868-57a2d4851a1d" />
    <TestEntry testId="47300b6f-2989-a54f-182d-94f09b764982" executionId="82541322-735a-486f-88e2-8147af25e5de" testListId="8c84fa94-04c1-424b-9868-57a2d4851a1d" />
    <TestEntry testId="694492a3-e7bb-c638-d804-84695dbaeff3" executionId="7e399538-2622-4183-9c3c-761912fe8aec" testListId="8c84fa94-04c1-424b-9868-57a2d4851a1d" />
    <TestEntry testId="813d1bf1-9bb4-f9f2-1f3c-07bd22d63efc" executionId="a86ee527-1ac7-454f-8771-fca359bcc648" testListId="8c84fa94-04c1-424b-9868-57a2d4851a1d" />
    <TestEntry testId="ed53f19c-5974-892a-0daa-7d186682198c" executionId="2114a117-9d5e-46e2-b795-9419e9f8e73d" testListId="8c84fa94-04c1-424b-9868-57a2d4851a1d" />
    <TestEntry testId="610e0a7d-ba12-3501-74bf-532038f92071" executionId="5ba9aebe-7e0e-4c80-8cd9-41653fff6606" testListId="8c84fa94-04c1-424b-9868-57a2d4851a1d" />
    <TestEntry testId="5f0ba139-4c37-91f8-b565-6c8c6b1c4c21" executionId="857efa29-7b07-4abe-88bf-075bc4ccfca0" testListId="8c84fa94-04c1-424b-9868-57a2d4851a1d" />
    <TestEntry testId="6018bc8d-c267-1b10-53a4-475209237eef" executionId="3e5c4e36-63b3-48d5-8baf-df9cf0c31545" testListId="8c84fa94-04c1-424b-9868-57a2d4851a1d" />
    <TestEntry testId="b6bd2372-7c84-4b52-257e-c0ca8c4caab8" executionId="d99563b7-8e9d-4a5d-85d3-d4ac35c50317" testListId="8c84fa94-04c1-424b-9868-57a2d4851a1d" />
    <TestEntry testId="b7366703-51c9-1e9e-e81b-87bdf36fc25c" executionId="7c36b04b-e153-4e18-bbcc-61c51cad1480" testListId="8c84fa94-04c1-424b-9868-57a2d4851a1d" />
    <TestEntry testId="c1e85a6f-f3b0-23a5-b04a-581683fcc9a8" executionId="d34a54a4-bea9-4d7b-be65-863a90c9cc77" testListId="8c84fa94-04c1-424b-9868-57a2d4851a1d" />
    <TestEntry testId="386de1fa-0d3a-2b63-6a17-aa0f8f40cd7e" executionId="a2b62e33-9a73-4a33-b923-894b1245a927" testListId="8c84fa94-04c1-424b-9868-57a2d4851a1d" />
    <TestEntry testId="93a164df-2656-421b-45ad-6c0c568f4469" executionId="926ceaed-43a3-40a1-96a4-a6c2c8eefa51" testListId="8c84fa94-04c1-424b-9868-57a2d4851a1d" />
    <TestEntry testId="d54c5617-4e3f-75a5-befe-02e13cc833e2" executionId="c766d96b-b8e3-4247-abb8-760b13d1dacc" testListId="8c84fa94-04c1-424b-9868-57a2d4851a1d" />
    <TestEntry testId="1682c692-5fc1-9900-3143-ad4214b9a482" executionId="f8f6f495-509a-49be-ae83-58284de31f26" testListId="8c84fa94-04c1-424b-9868-57a2d4851a1d" />
    <TestEntry testId="287340f1-3170-1ced-1e71-3974a9ec6499" executionId="8c17884d-568a-4e0a-832c-91a374ff835f" testListId="8c84fa94-04c1-424b-9868-57a2d4851a1d" />
    <TestEntry testId="be2ba2c2-3231-4cdb-a880-0628e141b1c3" executionId="c361ddeb-bb1c-4a0b-b13a-5bce18fea0fa" testListId="8c84fa94-04c1-424b-9868-57a2d4851a1d" />
    <TestEntry testId="d3869d06-03c1-f722-c450-9508424fed16" executionId="b870e775-78b9-4fed-afe0-bc7acc33c4d9" testListId="8c84fa94-04c1-424b-9868-57a2d4851a1d" />
    <TestEntry testId="92a1c3d8-b172-69d8-4103-51096f6897c9" executionId="ac28d1ec-ea73-42e3-a922-9f2e56ba2cdf" testListId="8c84fa94-04c1-424b-9868-57a2d4851a1d" />
    <TestEntry testId="299ff8f8-21cc-0fca-e85f-1c4561d6f55b" executionId="7d05aa07-9910-4de6-9d3c-04fb3a812f00" testListId="8c84fa94-04c1-424b-9868-57a2d4851a1d" />
    <TestEntry testId="f99a4e13-b14b-0594-05d3-53bf0a9e4ec0" executionId="ca0a8aa0-0e7c-4248-83b2-dcafc1fbc5e3" testListId="8c84fa94-04c1-424b-9868-57a2d4851a1d" />
    <TestEntry testId="27cea1ae-720d-b5bd-421d-f1c1709917a8" executionId="26c302fd-bce1-4819-9a23-30e126eb0d27" testListId="8c84fa94-04c1-424b-9868-57a2d4851a1d" />
    <TestEntry testId="eb6f5c7c-b800-bbdc-3df4-a04f4f7f78e9" executionId="4f942226-0851-4923-af98-9feead8c6551" testListId="8c84fa94-04c1-424b-9868-57a2d4851a1d" />
    <TestEntry testId="b3ace8d7-a5d8-9224-f67f-25c850710d80" executionId="598d3516-1db4-489e-86d4-fad0da6b17a2" testListId="8c84fa94-04c1-424b-9868-57a2d4851a1d" />
    <TestEntry testId="7f4ca9ab-de19-88f7-be81-d313dbe7dacd" executionId="752ca198-6a7c-492c-a145-e5e0eeac0d4e" testListId="8c84fa94-04c1-424b-9868-57a2d4851a1d" />
    <TestEntry testId="192f4ae4-2e82-560f-ef89-a675e5f71060" executionId="e3c12161-601d-46af-805e-49f9564e782e" testListId="8c84fa94-04c1-424b-9868-57a2d4851a1d" />
    <TestEntry testId="39a497b4-8d49-6151-1ef1-1517564d2068" executionId="f6c5ee32-e573-46a1-bae2-348720f52f00" testListId="8c84fa94-04c1-424b-9868-57a2d4851a1d" />
    <TestEntry testId="850457e9-778c-75b3-d3c4-80309db6afeb" executionId="50792cd7-4a74-4f4f-ba54-f728ab8dc23c" testListId="8c84fa94-04c1-424b-9868-57a2d4851a1d" />
    <TestEntry testId="187d5231-83e9-ec39-e1a9-e009e878af02" executionId="0315a5d0-c8b5-4f8c-8e28-e86584629b43" testListId="8c84fa94-04c1-424b-9868-57a2d4851a1d" />
    <TestEntry testId="a9d2278e-b4a1-c418-a6f3-83f901125e35" executionId="d497b85a-94b7-4e01-8988-c9c563119328" testListId="8c84fa94-04c1-424b-9868-57a2d4851a1d" />
    <TestEntry testId="ea5874b2-db0c-f041-3124-80811d662e34" executionId="7bbefae1-b7a8-4b24-9359-9cdd7e644c3f" testListId="8c84fa94-04c1-424b-9868-57a2d4851a1d" />
    <TestEntry testId="c7e4801a-2af2-e695-8460-530fa9550963" executionId="99334a7a-c89b-46ed-b7be-c701a1efb5fb" testListId="8c84fa94-04c1-424b-9868-57a2d4851a1d" />
    <TestEntry testId="1c6421d1-dc3d-0f90-4ded-7f0c1ec555c5" executionId="4a0ecc79-d744-40e9-9722-0adc4e9fa4dc" testListId="8c84fa94-04c1-424b-9868-57a2d4851a1d" />
    <TestEntry testId="c6821a12-ee41-6ba0-edc1-2372c591d4bf" executionId="89653bc8-4037-4442-b555-9e681efd7623" testListId="8c84fa94-04c1-424b-9868-57a2d4851a1d" />
    <TestEntry testId="4d18cef3-0107-2b8b-d0b7-a03282826264" executionId="7d1c265f-af7a-42c9-9f99-c5ca22485137" testListId="8c84fa94-04c1-424b-9868-57a2d4851a1d" />
    <TestEntry testId="c4695238-9bd6-e5fa-2e96-012698b079c2" executionId="ec850d5a-8a19-42f3-9813-7ccdb400f0cb" testListId="8c84fa94-04c1-424b-9868-57a2d4851a1d" />
    <TestEntry testId="2c5e5a39-2d78-890c-a985-86f62773de39" executionId="44209f45-8821-45af-a76a-e64ce8489315" testListId="8c84fa94-04c1-424b-9868-57a2d4851a1d" />
    <TestEntry testId="29ca9877-6ac0-ebd8-aad2-dd9406d9d210" executionId="9a4ad41f-92e2-46ce-b2eb-1a163fd71149" testListId="8c84fa94-04c1-424b-9868-57a2d4851a1d" />
    <TestEntry testId="a7cb5891-34d9-d29b-1b1a-7da5e2d69d2d" executionId="82ff31a2-b97a-49f7-af45-20d2ae2011ab" testListId="8c84fa94-04c1-424b-9868-57a2d4851a1d" />
    <TestEntry testId="9c87875d-2700-6477-e18d-b9d893563d21" executionId="27f14ae9-2c50-44fc-89cd-9d6680841fec" testListId="8c84fa94-04c1-424b-9868-57a2d4851a1d" />
    <TestEntry testId="714e0c49-7ca2-7e52-fcbd-56159e71b963" executionId="4e9228ac-04a8-46da-a4c6-f3c0a376d014" testListId="8c84fa94-04c1-424b-9868-57a2d4851a1d" />
    <TestEntry testId="a83da4cb-2996-8368-08db-5e58e9027e34" executionId="694014ba-5924-4b0f-8fa8-f05a57f2730a" testListId="8c84fa94-04c1-424b-9868-57a2d4851a1d" />
    <TestEntry testId="caa60006-5e50-ef74-1dee-3fa38a8e6e57" executionId="7256e944-5803-4238-a94e-242a26038afd" testListId="8c84fa94-04c1-424b-9868-57a2d4851a1d" />
    <TestEntry testId="58b18012-f48d-4aed-b421-3efe9039bea4" executionId="ff31ecdc-e733-4094-a285-d0becad54172" testListId="8c84fa94-04c1-424b-9868-57a2d4851a1d" />
    <TestEntry testId="bc490be3-9625-1806-3677-f290861cae34" executionId="660abd53-6e28-498f-b017-2888a7522847" testListId="8c84fa94-04c1-424b-9868-57a2d4851a1d" />
    <TestEntry testId="87ec4358-9ad2-f2a5-7f11-dc99f088a96c" executionId="f0a19c2c-99e6-45b4-b333-a210a01fa688" testListId="8c84fa94-04c1-424b-9868-57a2d4851a1d" />
    <TestEntry testId="7b20592b-7c4e-152b-d6fc-9e1fc2b6c149" executionId="b3eb2e57-db8d-40e8-86cf-559ba62fbbef" testListId="8c84fa94-04c1-424b-9868-57a2d4851a1d" />
    <TestEntry testId="4dd22250-51e6-5b07-41a2-5a99b99c1156" executionId="5079d97d-0412-495f-83f7-be885c510aae" testListId="8c84fa94-04c1-424b-9868-57a2d4851a1d" />
    <TestEntry testId="d6dd514f-155f-f856-f12f-18bb6b30e463" executionId="6f9b55c9-9f34-4516-9d5b-8d0d45f20fa0" testListId="8c84fa94-04c1-424b-9868-57a2d4851a1d" />
    <TestEntry testId="30762383-6daf-5221-06f2-714c4b406dce" executionId="3e3d6345-e6ab-41a6-86d3-bc4d6970214e" testListId="8c84fa94-04c1-424b-9868-57a2d4851a1d" />
    <TestEntry testId="29f7a8d1-63a6-869e-73c0-4e2b32265151" executionId="1124b93d-fda0-4512-9d28-165e6878e325" testListId="8c84fa94-04c1-424b-9868-57a2d4851a1d" />
    <TestEntry testId="9d9244c9-731a-5cb9-2866-a203d824782a" executionId="3f2b2fd1-d9fa-472f-9a97-460156532cea" testListId="8c84fa94-04c1-424b-9868-57a2d4851a1d" />
    <TestEntry testId="08cdab95-11f6-ab52-450f-010787753643" executionId="7b2e2c31-10b0-4896-ab8b-8ecf457e9377" testListId="8c84fa94-04c1-424b-9868-57a2d4851a1d" />
    <TestEntry testId="096867a8-3e68-62e4-ef1e-a481c9aef6b2" executionId="cb00a635-5103-4839-87af-deb31c6f7f38" testListId="8c84fa94-04c1-424b-9868-57a2d4851a1d" />
    <TestEntry testId="e0bf424d-f52e-84b0-86d9-54b7c75115e1" executionId="6c24edc3-e45d-46f1-991f-ccb1bfd7834f" testListId="8c84fa94-04c1-424b-9868-57a2d4851a1d" />
    <TestEntry testId="4b25e0c9-dfda-0c5d-bb35-766aaacf90dd" executionId="e6bc8c91-e315-4dc6-a702-dcc0d373353f" testListId="8c84fa94-04c1-424b-9868-57a2d4851a1d" />
    <TestEntry testId="a3889c5a-1a7e-8af5-acc0-bffdf04286de" executionId="0d75616d-30ea-4575-8c24-d1c9c2ef1434" testListId="8c84fa94-04c1-424b-9868-57a2d4851a1d" />
    <TestEntry testId="40067874-a18f-e703-396d-809049db9f80" executionId="478fc4a4-bb69-4eac-bb11-a209e825025b" testListId="8c84fa94-04c1-424b-9868-57a2d4851a1d" />
    <TestEntry testId="8f9fc7ec-3534-fd9a-c8dc-b2c409b65411" executionId="3b9b6324-4942-4c5b-b54b-486d8118a0f8" testListId="8c84fa94-04c1-424b-9868-57a2d4851a1d" />
    <TestEntry testId="6fe24a14-6048-a5b7-2f31-991d91cd1a0b" executionId="92b31965-4801-475a-9312-a1a7495d6d6f" testListId="8c84fa94-04c1-424b-9868-57a2d4851a1d" />
    <TestEntry testId="df982f82-9876-0d79-8cba-7eacee3a6983" executionId="500ed4df-d7d9-4b71-adb0-074e5e80885e" testListId="8c84fa94-04c1-424b-9868-57a2d4851a1d" />
    <TestEntry testId="56383373-a058-2258-24bd-dad3a15be3ad" executionId="d03d7dac-889c-4347-a40e-4281d387c96e" testListId="8c84fa94-04c1-424b-9868-57a2d4851a1d" />
    <TestEntry testId="e0b72d5d-6a99-a9f6-e520-f06091d91167" executionId="316087b4-7c58-4984-b346-ea7e8bd76968" testListId="8c84fa94-04c1-424b-9868-57a2d4851a1d" />
    <TestEntry testId="777aabfc-4ef8-33ae-9b42-b242e6e2a399" executionId="ff69369f-fe33-47f7-ac0c-0998d6690c08" testListId="8c84fa94-04c1-424b-9868-57a2d4851a1d" />
    <TestEntry testId="4f73a80a-086d-0d90-14cb-dd7b08e9ad40" executionId="355fc8d4-ac45-4c7d-8d20-bdcbcca313d0" testListId="8c84fa94-04c1-424b-9868-57a2d4851a1d" />
    <TestEntry testId="b93b4680-cd64-1fe1-3c5c-318d3a684770" executionId="1451bf94-d459-48a4-9a77-0e656fed1db9" testListId="8c84fa94-04c1-424b-9868-57a2d4851a1d" />
    <TestEntry testId="9d0abc3e-9149-8954-0776-1340096ca0c2" executionId="9c786dc4-087c-45a5-b83c-3bc55774fa68" testListId="8c84fa94-04c1-424b-9868-57a2d4851a1d" />
    <TestEntry testId="915209f9-c74f-a16d-44f6-3db607ca7c1b" executionId="eb7dc85a-545c-4ecb-9a10-68e4091862a9" testListId="8c84fa94-04c1-424b-9868-57a2d4851a1d" />
    <TestEntry testId="480ab88e-1db6-420c-8477-ee0b7b72fee4" executionId="8d70390f-bc9f-4176-be4c-14ff3cd2c047" testListId="8c84fa94-04c1-424b-9868-57a2d4851a1d" />
    <TestEntry testId="d28916ed-efa6-343e-3d40-5a35c60378dc" executionId="0b33d1d8-2e61-4cdb-80e7-0775ce66c991" testListId="8c84fa94-04c1-424b-9868-57a2d4851a1d" />
    <TestEntry testId="4984390b-c5af-91b0-cbb6-170e7a46adfb" executionId="483e9f82-40b1-4fc8-89c5-7b52c033ce14" testListId="8c84fa94-04c1-424b-9868-57a2d4851a1d" />
    <TestEntry testId="fb082343-8c8a-bcd5-f9a2-1b6d329451f1" executionId="2bfcee57-9eda-405e-b86c-dfe744b8fa62" testListId="8c84fa94-04c1-424b-9868-57a2d4851a1d" />
    <TestEntry testId="0c1442ad-ee92-9e53-468f-e6d0bd9c4d8f" executionId="5f9dd429-f5dc-4148-b1a8-c464bd32dfe3" testListId="8c84fa94-04c1-424b-9868-57a2d4851a1d" />
    <TestEntry testId="ea881ab4-5635-aa04-fbeb-7155e6638ae3" executionId="a4585390-2b5f-4091-b97e-61f0ea57ce92" testListId="8c84fa94-04c1-424b-9868-57a2d4851a1d" />
    <TestEntry testId="999066d0-003b-683c-f0fd-9411f96898e0" executionId="ee4268da-dca9-4a66-9096-c9666014d539" testListId="8c84fa94-04c1-424b-9868-57a2d4851a1d" />
    <TestEntry testId="8d3fcd5f-afdf-19e2-267a-5e4b51485d5b" executionId="46a34401-f348-46de-b789-44414f4f19f2" testListId="8c84fa94-04c1-424b-9868-57a2d4851a1d" />
    <TestEntry testId="2d387e98-8a76-2ae7-e4a4-afb2af7034a4" executionId="fb73c249-131b-4010-9d30-80f3ad898647" testListId="8c84fa94-04c1-424b-9868-57a2d4851a1d" />
    <TestEntry testId="e3f2119a-cb87-0870-20d7-7f6fb0173c6d" executionId="badd1f1e-00a2-4ed7-9d55-9697b51c33ef" testListId="8c84fa94-04c1-424b-9868-57a2d4851a1d" />
    <TestEntry testId="ea106fc5-070b-f6bd-0cca-7e4d447c3780" executionId="0d79d013-139f-4a39-94e8-c9af537dea0a" testListId="8c84fa94-04c1-424b-9868-57a2d4851a1d" />
    <TestEntry testId="aa5a3d20-8d24-260b-4fc0-f169db641f47" executionId="52ea70af-edaf-4a80-9e2e-4baf1a62b290" testListId="8c84fa94-04c1-424b-9868-57a2d4851a1d" />
    <TestEntry testId="77cf76a5-b1fb-242c-c6b6-3c2cce2b459c" executionId="a2ec1c5a-eb97-40e9-8a40-a9a09f3aa233" testListId="8c84fa94-04c1-424b-9868-57a2d4851a1d" />
    <TestEntry testId="a4ce3d11-9b6a-9c3d-0528-24d8213312d9" executionId="f36dc926-d9b1-4155-9004-5e692655b9bd" testListId="8c84fa94-04c1-424b-9868-57a2d4851a1d" />
    <TestEntry testId="8e88f66c-f21a-c1af-08bc-813303bbe162" executionId="d1deed21-81d9-45f8-94c5-c319d969c7bb" testListId="8c84fa94-04c1-424b-9868-57a2d4851a1d" />
    <TestEntry testId="219d7de8-1615-207b-ee99-a57c3fb5637d" executionId="a74b50f5-49d1-4e25-a9ef-55b66a2c64c9" testListId="8c84fa94-04c1-424b-9868-57a2d4851a1d" />
    <TestEntry testId="a1ef9e82-d45d-6626-4f93-5b6eb24a7a9f" executionId="a05ed916-117d-4cf1-a55c-ff61a9fb75b1" testListId="8c84fa94-04c1-424b-9868-57a2d4851a1d" />
    <TestEntry testId="550fead1-d9d8-8294-2787-be955fa7a047" executionId="c59a4367-d89d-4545-abca-cfb1d22c4143" testListId="8c84fa94-04c1-424b-9868-57a2d4851a1d" />
    <TestEntry testId="ca897206-cbe7-ccc9-83e5-326c5db32acd" executionId="626eeb93-aa44-42bf-bb04-f2835fbe1ae2" testListId="8c84fa94-04c1-424b-9868-57a2d4851a1d" />
    <TestEntry testId="f74562f6-308b-286d-072d-29240c72c7cc" executionId="72a763ad-8b4a-4e35-ae74-bf5c109b37a5" testListId="8c84fa94-04c1-424b-9868-57a2d4851a1d" />
    <TestEntry testId="d51b9a19-e24b-9b81-83f6-9a435804f1b5" executionId="3f5ece02-52df-4bf2-aeea-a204d9bad5c4" testListId="8c84fa94-04c1-424b-9868-57a2d4851a1d" />
    <TestEntry testId="59d0cb1b-dc87-770a-46a5-6bed73e60829" executionId="326f7afd-a5bb-47b2-97d5-c023720f74da" testListId="8c84fa94-04c1-424b-9868-57a2d4851a1d" />
    <TestEntry testId="94db6ce0-7c3e-081d-76e2-de30f525e902" executionId="250f1b10-fd95-4ce1-8b34-8fdd7302bb76" testListId="8c84fa94-04c1-424b-9868-57a2d4851a1d" />
    <TestEntry testId="e836a812-7fa3-604c-b936-76697f7d244b" executionId="71d59e9e-ddac-4027-a5f0-c2dcefd81ad0" testListId="8c84fa94-04c1-424b-9868-57a2d4851a1d" />
    <TestEntry testId="27191708-2e73-6b56-a9ab-b9e2c6211038" executionId="00cd3753-6bda-4fd8-bd2e-6a2293fe99f7" testListId="8c84fa94-04c1-424b-9868-57a2d4851a1d" />
    <TestEntry testId="1ee1e1e7-ff7a-b7dc-3ad3-ac662f3b48ac" executionId="974511d6-96b8-4851-8d3d-9a1994c11e82" testListId="8c84fa94-04c1-424b-9868-57a2d4851a1d" />
    <TestEntry testId="4abacc2c-b4dd-b6e3-d3dd-926f3d4a8e9a" executionId="feac61df-0a01-44b9-b7ea-4db3d52c39bc" testListId="8c84fa94-04c1-424b-9868-57a2d4851a1d" />
    <TestEntry testId="d7954a4a-74fc-a9aa-e6d5-194bde50668b" executionId="f92762f0-e33a-488a-a6cf-3138fefb550f" testListId="8c84fa94-04c1-424b-9868-57a2d4851a1d" />
    <TestEntry testId="d40db99e-21fe-f76c-592c-22db292a9461" executionId="a21857c1-d097-4167-b56d-6240ec1cad53" testListId="8c84fa94-04c1-424b-9868-57a2d4851a1d" />
    <TestEntry testId="09b0b32c-4843-73b4-61b2-0dbbab5a59cb" executionId="1b9ce558-7567-470a-9ad8-22afde9a38be" testListId="8c84fa94-04c1-424b-9868-57a2d4851a1d" />
    <TestEntry testId="874b2f47-59be-6038-064f-e7fd5d15f256" executionId="347e4f73-5468-47ac-b9a2-c8cf256a84dc" testListId="8c84fa94-04c1-424b-9868-57a2d4851a1d" />
    <TestEntry testId="e7286f07-db05-d206-ebad-7053447a4f25" executionId="dc5da380-d778-4c50-9907-4c6b73124d25" testListId="8c84fa94-04c1-424b-9868-57a2d4851a1d" />
    <TestEntry testId="a9fd1533-9c44-fcc0-7457-e690895a4dc2" executionId="0d593887-b70f-4168-8f64-07cbcdd6fa68" testListId="8c84fa94-04c1-424b-9868-57a2d4851a1d" />
    <TestEntry testId="409662c1-8c45-c323-b6a1-f562140ab552" executionId="e8095ce7-5c34-4ffb-bdcd-f98afa85c021" testListId="8c84fa94-04c1-424b-9868-57a2d4851a1d" />
    <TestEntry testId="528d7731-0ac5-e828-1652-74a2bdfd1a48" executionId="1458d80e-84f0-4aef-a40a-9854e5f0d1ca" testListId="8c84fa94-04c1-424b-9868-57a2d4851a1d" />
    <TestEntry testId="b3d65f99-8737-04cf-6ac6-5a5d82bfa9e2" executionId="219bd410-017e-4f4a-8d3b-6e2c16626b54" testListId="8c84fa94-04c1-424b-9868-57a2d4851a1d" />
    <TestEntry testId="caaa4508-686f-a98e-68fa-b357083118c9" executionId="ac6a9d0b-b413-49ed-8644-44cd4ed177ae" testListId="8c84fa94-04c1-424b-9868-57a2d4851a1d" />
    <TestEntry testId="18e0675e-1c83-d988-184b-26f27f9f1e8e" executionId="e52624e9-7531-4fa3-b3aa-9529ec0af766" testListId="8c84fa94-04c1-424b-9868-57a2d4851a1d" />
    <TestEntry testId="7dac3dd2-1947-eecf-da93-506d5df9516d" executionId="68bfe03b-6380-497e-bd41-89d1ce1beeed" testListId="8c84fa94-04c1-424b-9868-57a2d4851a1d" />
    <TestEntry testId="7c73ff8d-d6b4-13af-e84b-05f45d6cfd71" executionId="1678cade-c18e-4aa5-9c1d-07c99a4ab3ab" testListId="8c84fa94-04c1-424b-9868-57a2d4851a1d" />
    <TestEntry testId="f52261e5-4ecf-038a-1fb4-70ef98f178ea" executionId="d5bec80d-7f80-4538-a97c-ea55e4674a6d" testListId="8c84fa94-04c1-424b-9868-57a2d4851a1d" />
    <TestEntry testId="71668735-6ad8-f137-c03d-dfd905aabafe" executionId="1ea6adba-9030-4a12-841c-ca78722a955c" testListId="8c84fa94-04c1-424b-9868-57a2d4851a1d" />
    <TestEntry testId="814c3e77-34fe-a7c4-2c33-3d3fb6ea6943" executionId="28510ae9-066a-4935-8812-ed05d07c7582" testListId="8c84fa94-04c1-424b-9868-57a2d4851a1d" />
    <TestEntry testId="4894b893-9a4f-3f82-caa3-b46492511ea7" executionId="e0e5699b-a66d-4fae-aa5e-4ce2ca0d0503" testListId="8c84fa94-04c1-424b-9868-57a2d4851a1d" />
    <TestEntry testId="3a770766-b0d2-0283-0c8a-5ef33767fa4a" executionId="9a38b0aa-ef9b-47db-8f5e-32623283ea9c" testListId="8c84fa94-04c1-424b-9868-57a2d4851a1d" />
    <TestEntry testId="70686423-b4be-52f4-5053-69c265f4b2f7" executionId="b48d4ef1-9e23-45af-87e0-f202d76924da" testListId="8c84fa94-04c1-424b-9868-57a2d4851a1d" />
    <TestEntry testId="7c0c3de7-222e-13f9-9514-4e078fa0bc24" executionId="d2cc3d1c-46e3-44e0-a6e0-e3cc2485ff77" testListId="8c84fa94-04c1-424b-9868-57a2d4851a1d" />
    <TestEntry testId="fb7faa58-80b5-e0ff-f347-93f3a99a5815" executionId="4d5b534f-db47-4e7e-9a80-ae85c7e74dd9" testListId="8c84fa94-04c1-424b-9868-57a2d4851a1d" />
    <TestEntry testId="63109958-9d3a-4c64-25a5-f2f6f4000902" executionId="7e1fc257-8dc7-4c5c-9b21-64fb2e4055ad" testListId="8c84fa94-04c1-424b-9868-57a2d4851a1d" />
    <TestEntry testId="5f5daee7-d915-c5e0-eb99-291f804b27f8" executionId="afd5f8af-ef43-40a0-a415-63849e0b8a70" testListId="8c84fa94-04c1-424b-9868-57a2d4851a1d" />
    <TestEntry testId="92d3294b-3ba4-a544-592e-3012a1c13d85" executionId="39a377d0-f752-409c-8c5d-8d4e7b6190cf" testListId="8c84fa94-04c1-424b-9868-57a2d4851a1d" />
    <TestEntry testId="218ead46-5aac-34d1-f868-fa1d71b645fd" executionId="076e6238-2c29-4e9f-8aec-6a406246292d" testListId="8c84fa94-04c1-424b-9868-57a2d4851a1d" />
    <TestEntry testId="65f4fdaf-2485-3095-5c3b-0bd6b6a03319" executionId="caa75d96-edeb-4b08-aebe-7cabfab86bfc" testListId="8c84fa94-04c1-424b-9868-57a2d4851a1d" />
    <TestEntry testId="bf62af9b-f553-3c2d-5be1-244d84ad0162" executionId="b58a21f8-da53-49e6-af41-444374d47f0d" testListId="8c84fa94-04c1-424b-9868-57a2d4851a1d" />
    <TestEntry testId="4c6fa7e7-137e-ea6a-c4d7-01e30ffbb103" executionId="d53f4af6-288a-4fcd-9d49-de3eaeff4591" testListId="8c84fa94-04c1-424b-9868-57a2d4851a1d" />
    <TestEntry testId="0f2b777f-5607-5bdb-2ef0-5bf30505234d" executionId="f499fad7-21ae-4675-b458-6f9a9412d833" testListId="8c84fa94-04c1-424b-9868-57a2d4851a1d" />
    <TestEntry testId="4c1297bc-9201-897b-f457-ec626ab0c3c7" executionId="aeb26f9a-9c0e-4e16-ba52-8ab3520ac94a" testListId="8c84fa94-04c1-424b-9868-57a2d4851a1d" />
    <TestEntry testId="e29b5997-b2e7-3478-c2ca-3781992dd41b" executionId="a5d68043-5932-459a-a524-cf456daa9ebb" testListId="8c84fa94-04c1-424b-9868-57a2d4851a1d" />
    <TestEntry testId="f1fd2a27-d718-8999-8198-8277df3226b2" executionId="595ab5da-42db-43d4-917f-fe655944f560" testListId="8c84fa94-04c1-424b-9868-57a2d4851a1d" />
    <TestEntry testId="d75674d0-98b2-3b83-da74-ace875334726" executionId="ab716e25-7da5-4a11-8384-6e5b9c7c45f9" testListId="8c84fa94-04c1-424b-9868-57a2d4851a1d" />
    <TestEntry testId="d4729437-e393-737c-a692-338cb2105a22" executionId="2055a1da-1b72-472f-b1b8-20186c14dd39" testListId="8c84fa94-04c1-424b-9868-57a2d4851a1d" />
    <TestEntry testId="905113ad-b4d4-4d8d-1398-f09f43693760" executionId="071411c4-da08-42a6-af2a-9a9e75cb36b2" testListId="8c84fa94-04c1-424b-9868-57a2d4851a1d" />
    <TestEntry testId="47677557-b543-d3bb-8cfa-347320173613" executionId="026b0d41-f87d-4198-ade7-62d7f6ecfa0b" testListId="8c84fa94-04c1-424b-9868-57a2d4851a1d" />
    <TestEntry testId="4a966658-24c9-85bc-7f40-163130f89454" executionId="30d87f5e-3a47-4413-b7ce-79fb2ce96a8b" testListId="8c84fa94-04c1-424b-9868-57a2d4851a1d" />
  </TestEntries>
  <Results>
    <UnitTestResult executionId="e843b407-8aa8-4188-b5c9-6616f0edf1a0" testId="312e1bf7-56e5-58a4-9313-cc39161a7dfa" testName="TestAttachmentKeyWithApostrophe" computerName="NYCSPF20092" duration="00:00:00.1482773" startTime="2009-11-05T10:01:55.2767471-05:00" endTime="2009-11-05T10:01:56.3236958-05:00" testType="13cdc9d9-ddb5-4fa4-a97d-d965ccfc6d4b" outcome="Passed" testListId="8c84fa94-04c1-424b-9868-57a2d4851a1d">
      <Output>
      </Output>
    </UnitTestResult>
    <UnitTestResult executionId="147d6cf8-a6f8-4ea8-9fa1-79374e4acaaf" testId="77206a42-a299-b95c-3a7c-2658385af413" testName="TestAttachmentOnCurveShift" computerName="NYCSPF20092" duration="00:00:03.7384269" startTime="2009-11-05T10:01:56.3236958-05:00" endTime="2009-11-05T10:02:00.0739598-05:00" testType="13cdc9d9-ddb5-4fa4-a97d-d965ccfc6d4b" outcome="Passed" testListId="8c84fa94-04c1-424b-9868-57a2d4851a1d">
      <Output>
      </Output>
    </UnitTestResult>
    <UnitTestResult executionId="0349e6ce-2e9f-4c56-85da-0a4e01f982e1" testId="7e0560d6-674a-4263-a39c-aaa82dd9156e" testName="TestAttachmentOnTrade" computerName="NYCSPF20092" duration="00:00:08.0669714" startTime="2009-11-05T10:02:00.0739598-05:00" endTime="2009-11-05T10:02:08.1526535-05:00" testType="13cdc9d9-ddb5-4fa4-a97d-d965ccfc6d4b" outcome="Passed" testListId="8c84fa94-04c1-424b-9868-57a2d4851a1d">
      <Output>
      </Output>
    </UnitTestResult>
    <UnitTestResult executionId="ff96e2ed-4f95-4133-98f5-0e9581e5279e" testId="bfd2045d-61d8-1171-3410-8e260653b375" testName="TestAttachmentOnTradeAsFile" computerName="NYCSPF20092" duration="00:00:01.0072830" startTime="2009-11-05T10:02:08.1526535-05:00" endTime="2009-11-05T10:02:09.1683500-05:00" testType="13cdc9d9-ddb5-4fa4-a97d-d965ccfc6d4b" outcome="Passed" testListId="8c84fa94-04c1-424b-9868-57a2d4851a1d">
      <Output>
      </Output>
    </UnitTestResult>
    <UnitTestResult executionId="be91a0e9-cd0f-45e3-b85b-eb13d4f4beec" testId="d34f8ce3-541e-1871-7503-d0c3b49fca54" testName="TestAttachmentVersions" computerName="NYCSPF20092" duration="00:00:01.7913870" startTime="2009-11-05T10:02:09.1683500-05:00" endTime="2009-11-05T10:02:10.9653515-05:00" testType="13cdc9d9-ddb5-4fa4-a97d-d965ccfc6d4b" outcome="Passed" testListId="8c84fa94-04c1-424b-9868-57a2d4851a1d">
      <Output>
      </Output>
    </UnitTestResult>
    <UnitTestResult executionId="9ecd1eb2-7743-4f77-a9a2-5c4fa34a0e77" testId="456902f8-1470-fca8-e3d9-2c7abd018216" testName="TestGetAttachment" computerName="NYCSPF20092" duration="00:00:00.1193579" startTime="2009-11-05T10:02:10.9653515-05:00" endTime="2009-11-05T10:02:11.0903603-05:00" testType="13cdc9d9-ddb5-4fa4-a97d-d965ccfc6d4b" outcome="Passed" testListId="8c84fa94-04c1-424b-9868-57a2d4851a1d">
      <Output>
      </Output>
    </UnitTestResult>
    <UnitTestResult executionId="9e7ec66e-c6ce-4444-9bd4-4e67267acd2a" testId="12c01db6-1402-3970-bfd3-cfda51be84ff" testName="TestMissingAttachment" computerName="NYCSPF20092" duration="00:00:00.1121467" startTime="2009-11-05T10:02:11.1059864-05:00" endTime="2009-11-05T10:02:11.2153691-05:00" testType="13cdc9d9-ddb5-4fa4-a97d-d965ccfc6d4b" outcome="Passed" testListId="8c84fa94-04c1-424b-9868-57a2d4851a1d">
      <Output>
      </Output>
    </UnitTestResult>
    <UnitTestResult executionId="c12759b8-fe80-4c33-8f8d-54dc2077bb0c" testId="feef904e-d3c4-da14-cfc2-3af86e347eb2" testName="TestStringAttachment" computerName="NYCSPF20092" duration="00:00:00.0941852" startTime="2009-11-05T10:02:11.2153691-05:00" endTime="2009-11-05T10:02:11.3247518-05:00" testType="13cdc9d9-ddb5-4fa4-a97d-d965ccfc6d4b" outcome="Passed" testListId="8c84fa94-04c1-424b-9868-57a2d4851a1d">
      <Output>
      </Output>
    </UnitTestResult>
    <UnitTestResult executionId="247584ea-fcb8-49f1-b5b3-20f9b413995b" testId="33e58254-c743-bbec-dbdb-ca449688b26f" testName="TestValidAttachment" computerName="NYCSPF20092" duration="00:00:00.0877476" startTime="2009-11-05T10:02:11.3247518-05:00" endTime="2009-11-05T10:02:11.4185084-05:00" testType="13cdc9d9-ddb5-4fa4-a97d-d965ccfc6d4b" outcome="Passed" testListId="8c84fa94-04c1-424b-9868-57a2d4851a1d">
      <Output>
      </Output>
    </UnitTestResult>
    <UnitTestResult executionId="e76e8bb7-6e01-4b5d-b326-f2e67a43ab50" testId="37975be1-e809-75c2-dc2f-5e5c070404fd" testName="TestCreateCallManager" computerName="NYCSPF20092" duration="00:00:00.0029704" startTime="2009-11-05T10:02:11.4185084-05:00" endTime="2009-11-05T10:02:11.5122650-05:00" testType="13cdc9d9-ddb5-4fa4-a97d-d965ccfc6d4b" outcome="Passed" testListId="8c84fa94-04c1-424b-9868-57a2d4851a1d">
      <Output>
      </Output>
    </UnitTestResult>
    <UnitTestResult executionId="ba2825c2-c6ce-4a96-b72e-24c12b465ce1" testId="c4448764-4b89-92bc-e6c3-56366237f319" testName="TestCreateCallManagerOnABackgroundWorker" computerName="NYCSPF20092" duration="00:00:00.0016562" startTime="2009-11-05T10:02:11.5122650-05:00" endTime="2009-11-05T10:02:11.5122650-05:00" testType="13cdc9d9-ddb5-4fa4-a97d-d965ccfc6d4b" outcome="Passed" testListId="8c84fa94-04c1-424b-9868-57a2d4851a1d">
      <Output>
      </Output>
    </UnitTestResult>
    <UnitTestResult executionId="429be287-61e9-471e-a021-9206d1eb7820" testId="ce0b4076-499a-3d44-fea4-6a47c3629ab0" testName="TestCreateCommodityIndexDescription" computerName="NYCSPF20092" duration="00:00:00.0152404" startTime="2009-11-05T10:02:11.5122650-05:00" endTime="2009-11-05T10:02:11.8247870-05:00" testType="13cdc9d9-ddb5-4fa4-a97d-d965ccfc6d4b" outcome="Passed" testListId="8c84fa94-04c1-424b-9868-57a2d4851a1d">
      <Output>
      </Output>
    </UnitTestResult>
    <UnitTestResult executionId="3815ce16-4c52-441c-9be7-91d0422cd9c2" testId="9010de42-ba0a-350e-0561-5da7f2294202" testName="TestDeleteCommodityIndexDescription" computerName="NYCSPF20092" duration="00:00:00.1497193" startTime="2009-11-05T10:02:11.8247870-05:00" endTime="2009-11-05T10:02:11.9810480-05:00" testType="13cdc9d9-ddb5-4fa4-a97d-d965ccfc6d4b" outcome="Passed" testListId="8c84fa94-04c1-424b-9868-57a2d4851a1d">
      <Output>
      </Output>
    </UnitTestResult>
    <UnitTestResult executionId="9c65ca24-7555-49a0-9855-450dc3d0ca4c" testId="b1039970-5239-1203-d82a-aba82d025e80" testName="TestGetDistinctCommodityIndexDescriptions" computerName="NYCSPF20092" duration="00:00:00.1169017" startTime="2009-11-05T10:02:11.9810480-05:00" endTime="2009-11-05T10:02:12.1060568-05:00" testType="13cdc9d9-ddb5-4fa4-a97d-d965ccfc6d4b" outcome="Passed" testListId="8c84fa94-04c1-424b-9868-57a2d4851a1d">
      <Output>
      </Output>
    </UnitTestResult>
    <UnitTestResult executionId="86d92245-2f3e-4222-8821-d148522298d4" testId="d09b164f-c7f0-b03f-3d42-8e40dc0d627c" testName="TestIndexDescriptionAll" computerName="NYCSPF20092" duration="00:00:00.3368729" startTime="2009-11-05T10:02:12.1060568-05:00" endTime="2009-11-05T10:02:12.4498310-05:00" testType="13cdc9d9-ddb5-4fa4-a97d-d965ccfc6d4b" outcome="Passed" testListId="8c84fa94-04c1-424b-9868-57a2d4851a1d">
      <Output>
      </Output>
    </UnitTestResult>
    <UnitTestResult executionId="a6d6d2e1-268d-404c-82e5-85013719f950" testId="06296c81-d99c-84e4-1dc6-6ce6583c228b" testName="TestLengthCommodityIndexDescription" computerName="NYCSPF20092" duration="00:00:00.0836763" startTime="2009-11-05T10:02:12.4498310-05:00" endTime="2009-11-05T10:02:12.5435876-05:00" testType="13cdc9d9-ddb5-4fa4-a97d-d965ccfc6d4b" outcome="Passed" testListId="8c84fa94-04c1-424b-9868-57a2d4851a1d">
      <Output>
      </Output>
    </UnitTestResult>
    <UnitTestResult executionId="c98504c8-8622-4de0-a2bd-e1ff66e37038" testId="8c8c0900-32d7-164a-c219-7604d2fdd0ed" testName="TestLengthCommodityIndexDescriptionName" computerName="NYCSPF20092" duration="00:00:00.0076418" startTime="2009-11-05T10:02:12.5435876-05:00" endTime="2009-11-05T10:02:12.5592137-05:00" testType="13cdc9d9-ddb5-4fa4-a97d-d965ccfc6d4b" outcome="Passed" testListId="8c84fa94-04c1-424b-9868-57a2d4851a1d">
      <Output>
      </Output>
    </UnitTestResult>
    <UnitTestResult executionId="32464f79-9c5c-4f47-84ce-4de871c23721" testId="943d83c5-0738-95b7-0f5a-6f8da123afdd" testName="TestRetrieveCommodityIndexDescription" computerName="NYCSPF20092" duration="00:00:00.1356747" startTime="2009-11-05T10:02:12.5592137-05:00" endTime="2009-11-05T10:02:12.6998486-05:00" testType="13cdc9d9-ddb5-4fa4-a97d-d965ccfc6d4b" outcome="Passed" testListId="8c84fa94-04c1-424b-9868-57a2d4851a1d">
      <Output>
      </Output>
    </UnitTestResult>
    <UnitTestResult executionId="d883bafe-926a-4e03-9931-4df8e2720902" testId="5dfe3555-4c9e-23df-e1fe-d141dea17926" testName="TestSaveCommodityIndexDescription" computerName="NYCSPF20092" duration="00:00:00.1047037" startTime="2009-11-05T10:02:12.7154747-05:00" endTime="2009-11-05T10:02:12.8248574-05:00" testType="13cdc9d9-ddb5-4fa4-a97d-d965ccfc6d4b" outcome="Passed" testListId="8c84fa94-04c1-424b-9868-57a2d4851a1d">
      <Output>
      </Output>
    </UnitTestResult>
    <UnitTestResult executionId="d3c7a1c6-c937-433b-8690-73d58c62d21e" testId="42fd25d8-7b67-2cbc-ff35-0849cb61f4a1" testName="TestChangeParty" computerName="NYCSPF20092" duration="00:00:00.2132086" startTime="2009-11-05T10:02:12.8248574-05:00" endTime="2009-11-05T10:02:13.1530055-05:00" testType="13cdc9d9-ddb5-4fa4-a97d-d965ccfc6d4b" outcome="Passed" testListId="8c84fa94-04c1-424b-9868-57a2d4851a1d">
      <Output>
      </Output>
    </UnitTestResult>
    <UnitTestResult executionId="c8e901e3-3ac4-424a-9513-74bb13c0b67c" testId="c28325c8-ed54-ba6c-2a79-a9dac153479a" testName="TestCounterPartiesDisable" computerName="NYCSPF20092" duration="00:00:00.3286464" startTime="2009-11-05T10:02:13.1530055-05:00" endTime="2009-11-05T10:02:13.4811536-05:00" testType="13cdc9d9-ddb5-4fa4-a97d-d965ccfc6d4b" outcome="Passed" testListId="8c84fa94-04c1-424b-9868-57a2d4851a1d">
      <Output>
      </Output>
    </UnitTestResult>
    <UnitTestResult executionId="dd16b113-dd17-4ef3-aa15-1935ba033883" testId="d8f00c58-3977-b344-c6fc-61381c18cbc6" testName="TestCounterPartiesEnable" computerName="NYCSPF20092" duration="00:00:00.4139182" startTime="2009-11-05T10:02:13.4811536-05:00" endTime="2009-11-05T10:02:13.9030583-05:00" testType="13cdc9d9-ddb5-4fa4-a97d-d965ccfc6d4b" outcome="Passed" testListId="8c84fa94-04c1-424b-9868-57a2d4851a1d">
      <Output>
      </Output>
    </UnitTestResult>
    <UnitTestResult executionId="bdebbbb9-143d-46ac-9953-00cbe352d647" testId="001e2187-57cf-0c81-840e-bb35626811eb" testName="TestCounterPartyKeyCopy" computerName="NYCSPF20092" duration="00:00:01.1208121" startTime="2009-11-05T10:02:13.9030583-05:00" endTime="2009-11-05T10:02:15.0281375-05:00" testType="13cdc9d9-ddb5-4fa4-a97d-d965ccfc6d4b" outcome="Passed" testListId="8c84fa94-04c1-424b-9868-57a2d4851a1d">
      <Output>
      </Output>
    </UnitTestResult>
    <UnitTestResult executionId="69143104-f3f9-437b-b812-f257b51da350" testId="eacfb587-1c20-2d2c-ea7e-6aec3895ddca" testName="TestCounterPartyKeyIsEmpty" computerName="NYCSPF20092" duration="00:00:00.1251764" startTime="2009-11-05T10:02:15.0437636-05:00" endTime="2009-11-05T10:02:15.1687724-05:00" testType="13cdc9d9-ddb5-4fa4-a97d-d965ccfc6d4b" outcome="Passed" testListId="8c84fa94-04c1-424b-9868-57a2d4851a1d">
      <Output>
      </Output>
    </UnitTestResult>
    <UnitTestResult executionId="dd2028a9-0692-4896-880d-8ad02b30c0ad" testId="a62f4b5e-3b72-be1f-c988-8881365e62c0" testName="TestCreateCounterParty" computerName="NYCSPF20092" duration="00:00:00.1226881" startTime="2009-11-05T10:02:15.1687724-05:00" endTime="2009-11-05T10:02:15.2937812-05:00" testType="13cdc9d9-ddb5-4fa4-a97d-d965ccfc6d4b" outcome="Passed" testListId="8c84fa94-04c1-424b-9868-57a2d4851a1d">
      <Output>
      </Output>
    </UnitTestResult>
    <UnitTestResult executionId="c4745fad-6dbf-484d-9677-bd7a625808d2" testId="ec1eb231-3944-f61b-b958-f7b885146653" testName="TestGetPartyByKey" computerName="NYCSPF20092" duration="00:00:00.1651848" startTime="2009-11-05T10:02:15.2937812-05:00" endTime="2009-11-05T10:02:15.4656683-05:00" testType="13cdc9d9-ddb5-4fa4-a97d-d965ccfc6d4b" outcome="Passed" testListId="8c84fa94-04c1-424b-9868-57a2d4851a1d">
      <Output>
      </Output>
    </UnitTestResult>
    <UnitTestResult executionId="73c807a8-149e-41e7-be17-c694bf411f13" testId="27078a2e-443b-d64f-efe4-6cd581bd31a4" testName="TestRetrieveCounterPartiesCombineExpressions" computerName="NYCSPF20092" duration="00:00:02.1096431" startTime="2009-11-05T10:02:15.4812944-05:00" endTime="2009-11-05T10:02:17.5908179-05:00" testType="13cdc9d9-ddb5-4fa4-a97d-d965ccfc6d4b" outcome="Passed" testListId="8c84fa94-04c1-424b-9868-57a2d4851a1d">
      <Output>
      </Output>
    </UnitTestResult>
    <UnitTestResult executionId="1fdd9531-1777-4111-b071-619f34bc508b" testId="9da1ea8b-38af-3b36-32b5-8ff13d57941f" testName="TestRetrieveCounterPartyBykey" computerName="NYCSPF20092" duration="00:00:00.1376358" startTime="2009-11-05T10:02:17.5908179-05:00" endTime="2009-11-05T10:02:17.7314528-05:00" testType="13cdc9d9-ddb5-4fa4-a97d-d965ccfc6d4b" outcome="Passed" testListId="8c84fa94-04c1-424b-9868-57a2d4851a1d">
      <Output>
      </Output>
    </UnitTestResult>
    <UnitTestResult executionId="24cbd6d7-7605-47bd-9568-d5f851d834a7" testId="0e8e2483-2982-cca7-9931-2552654a8d6b" testName="TestTryRetrieveCounterPartyWithDummyKey" computerName="NYCSPF20092" duration="00:00:00.0982652" startTime="2009-11-05T10:02:17.7314528-05:00" endTime="2009-11-05T10:02:17.8408355-05:00" testType="13cdc9d9-ddb5-4fa4-a97d-d965ccfc6d4b" outcome="Passed" testListId="8c84fa94-04c1-424b-9868-57a2d4851a1d">
      <Output>
      </Output>
    </UnitTestResult>
    <UnitTestResult executionId="dac67aa9-8357-42b2-bfad-0709a2b3fbaf" testId="d8d5dc67-78f4-a1d0-1380-00e723a7aea0" testName="TestChangeCreditIndexID" computerName="NYCSPF20092" duration="00:00:00.1251010" startTime="2009-11-05T10:02:17.8408355-05:00" endTime="2009-11-05T10:02:18.0596009-05:00" testType="13cdc9d9-ddb5-4fa4-a97d-d965ccfc6d4b" outcome="Passed" testListId="8c84fa94-04c1-424b-9868-57a2d4851a1d">
      <Output>
      </Output>
    </UnitTestResult>
    <UnitTestResult executionId="7985ff62-fd40-4d11-9c59-32816742d888" testId="9d5313b6-83b0-c3bb-c026-24449742a617" testName="TestCreditIndexCreateDuplicate" computerName="NYCSPF20092" duration="00:00:00.1409116" startTime="2009-11-05T10:02:18.0596009-05:00" endTime="2009-11-05T10:02:18.2158619-05:00" testType="13cdc9d9-ddb5-4fa4-a97d-d965ccfc6d4b" outcome="Inconclusive" testListId="8c84fa94-04c1-424b-9868-57a2d4851a1d">
      <Output>
        <ErrorInfo>
          <Message>Assert.Inconclusive failed. This test is invalid: credit index has versioning. It is legal to save the same index multiple times, and its version number will be changed.</Message>
          <StackTrace>   at WallStreetSystems.StructuredProducts.Interop.Test.CreditIndexTests.TestCreditIndexCreateDuplicate()
</StackTrace>
        </ErrorInfo>
      </Output>
    </UnitTestResult>
    <UnitTestResult executionId="f5ffc587-6e92-436e-8b28-047bb09edf97" testId="3a33acae-ec72-5719-17b8-8f232ab9a989" testName="TestCreditEntities" computerName="NYCSPF20092" duration="00:00:00.2828534" startTime="2009-11-05T10:02:18.2158619-05:00" endTime="2009-11-05T10:02:18.5908883-05:00" testType="13cdc9d9-ddb5-4fa4-a97d-d965ccfc6d4b" outcome="Passed" testListId="8c84fa94-04c1-424b-9868-57a2d4851a1d">
      <Output>
      </Output>
    </UnitTestResult>
    <UnitTestResult executionId="186c9b5e-95c2-4474-82b2-a940b8287103" testId="1c9fc762-ec59-f3b4-b964-9e5ab94e3ab0" testName="TestCreditIndexLabels" computerName="NYCSPF20092" duration="00:00:00.1485903" startTime="2009-11-05T10:02:18.5908883-05:00" endTime="2009-11-05T10:02:18.7471493-05:00" testType="13cdc9d9-ddb5-4fa4-a97d-d965ccfc6d4b" outcome="Passed" testListId="8c84fa94-04c1-424b-9868-57a2d4851a1d">
      <Output>
      </Output>
    </UnitTestResult>
    <UnitTestResult executionId="64d34909-8085-4b2c-8477-f8d4a14ecd72" testId="07980622-8140-0124-bf74-db9dd3d267e0" testName="TestCreditRatings" computerName="NYCSPF20092" duration="00:00:00.3150398" startTime="2009-11-05T10:02:18.7471493-05:00" endTime="2009-11-05T10:02:19.0596713-05:00" testType="13cdc9d9-ddb5-4fa4-a97d-d965ccfc6d4b" outcome="Passed" testListId="8c84fa94-04c1-424b-9868-57a2d4851a1d">
      <Output>
      </Output>
    </UnitTestResult>
    <UnitTestResult executionId="9296b07e-7ea3-4bdc-9524-0732c953e388" testId="388d8ca7-8132-3294-b2a2-1015cda1b86e" testName="TestCreditSectors" computerName="NYCSPF20092" duration="00:00:00.2017624" startTime="2009-11-05T10:02:19.0596713-05:00" endTime="2009-11-05T10:02:19.2784367-05:00" testType="13cdc9d9-ddb5-4fa4-a97d-d965ccfc6d4b" outcome="Passed" testListId="8c84fa94-04c1-424b-9868-57a2d4851a1d">
      <Output>
      </Output>
    </UnitTestResult>
    <UnitTestResult executionId="7eda4d20-d89b-4cb4-a865-49bb71a3598b" testId="b3dd1dae-90b4-164c-3142-3910f89c4b3c" testName="TestAddCurrency" computerName="NYCSPF20092" duration="00:00:00.2314481" startTime="2009-11-05T10:02:19.2784367-05:00" endTime="2009-11-05T10:02:19.6065848-05:00" testType="13cdc9d9-ddb5-4fa4-a97d-d965ccfc6d4b" outcome="Passed" testListId="8c84fa94-04c1-424b-9868-57a2d4851a1d">
      <Output>
      </Output>
    </UnitTestResult>
    <UnitTestResult executionId="4a5161d3-3871-49f7-9878-91269b2273c1" testId="a64b751e-0628-8e24-0b51-11a48c017a91" testName="TestAddCurrencyMoreThanThreeChars" computerName="NYCSPF20092" duration="00:00:00.0988118" startTime="2009-11-05T10:02:19.6222109-05:00" endTime="2009-11-05T10:02:19.7315936-05:00" testType="13cdc9d9-ddb5-4fa4-a97d-d965ccfc6d4b" outcome="Passed" testListId="8c84fa94-04c1-424b-9868-57a2d4851a1d">
      <Output>
      </Output>
    </UnitTestResult>
    <UnitTestResult executionId="859cd1a8-9441-47aa-a032-f7666f056b35" testId="bdf4891c-8082-f12e-1782-f4897d5f7dc3" testName="TestAddMultipleCurrencies" computerName="NYCSPF20092" duration="00:00:00.7222283" startTime="2009-11-05T10:02:19.7315936-05:00" endTime="2009-11-05T10:02:20.4503942-05:00" testType="13cdc9d9-ddb5-4fa4-a97d-d965ccfc6d4b" outcome="Passed" testListId="8c84fa94-04c1-424b-9868-57a2d4851a1d">
      <Output>
      </Output>
    </UnitTestResult>
    <UnitTestResult executionId="92eb06a0-d2e8-4e72-a9cf-3bfaa09d4475" testId="29874346-5958-ecda-a167-08a6126b7c2e" testName="TestGetCurrencyByCode" computerName="NYCSPF20092" duration="00:00:00.2309725" startTime="2009-11-05T10:02:20.4503942-05:00" endTime="2009-11-05T10:02:20.6847857-05:00" testType="13cdc9d9-ddb5-4fa4-a97d-d965ccfc6d4b" outcome="Passed" testListId="8c84fa94-04c1-424b-9868-57a2d4851a1d">
      <Output>
      </Output>
    </UnitTestResult>
    <UnitTestResult executionId="1c1354ba-7eee-4dda-83b6-2a7ec606e959" testId="cfce1750-f2b2-dda0-a550-21061ff7e48c" testName="TestGetCurrencyByName" computerName="NYCSPF20092" duration="00:00:00.2389853" startTime="2009-11-05T10:02:20.6847857-05:00" endTime="2009-11-05T10:02:20.9348033-05:00" testType="13cdc9d9-ddb5-4fa4-a97d-d965ccfc6d4b" outcome="Passed" testListId="8c84fa94-04c1-424b-9868-57a2d4851a1d">
      <Output>
      </Output>
    </UnitTestResult>
    <UnitTestResult executionId="d1c63f6d-0767-4db7-ad04-2739aa43ea37" testId="a3b5a197-3776-6f58-360d-fdaa5abbb152" testName="TestAgeMarketCurveToDate" computerName="NYCSPF20092" duration="00:00:00.9429227" startTime="2009-11-05T10:02:20.9348033-05:00" endTime="2009-11-05T10:02:21.9817520-05:00" testType="13cdc9d9-ddb5-4fa4-a97d-d965ccfc6d4b" outcome="Passed" testListId="8c84fa94-04c1-424b-9868-57a2d4851a1d">
      <Output>
      </Output>
    </UnitTestResult>
    <UnitTestResult executionId="eee4d452-e9d0-4d9c-a0f5-139898775976" testId="2b597ee4-856d-f227-1645-6d5403cbfaa5" testName="TestBuildAll" computerName="NYCSPF20092" duration="00:00:01.6763545" startTime="2009-11-05T10:02:21.9817520-05:00" endTime="2009-11-05T10:02:23.6693708-05:00" testType="13cdc9d9-ddb5-4fa4-a97d-d965ccfc6d4b" outcome="Passed" testListId="8c84fa94-04c1-424b-9868-57a2d4851a1d">
      <Output>
      </Output>
    </UnitTestResult>
    <UnitTestResult executionId="3ddbc051-df37-47a9-ad16-c04d1c3d38e0" testId="cd1bda6b-b5fb-be6d-95c1-fa680dc1b394" testName="TestBuildBOND_ISS_SPREAD_CURVE" computerName="NYCSPF20092" duration="00:00:01.5548995" startTime="2009-11-05T10:02:23.6693708-05:00" endTime="2009-11-05T10:02:25.2319808-05:00" testType="13cdc9d9-ddb5-4fa4-a97d-d965ccfc6d4b" outcome="Passed" testListId="8c84fa94-04c1-424b-9868-57a2d4851a1d">
      <Output>
      </Output>
    </UnitTestResult>
    <UnitTestResult executionId="267c9ea5-852a-4cdb-ad11-6d036980a297" testId="9887396c-e1e4-0de7-01b6-e678b527f04c" testName="TestBuildBS_SPREAD_CURVES" computerName="NYCSPF20092" duration="00:00:01.5813880" startTime="2009-11-05T10:02:25.2319808-05:00" endTime="2009-11-05T10:02:26.8102169-05:00" testType="13cdc9d9-ddb5-4fa4-a97d-d965ccfc6d4b" outcome="Passed" testListId="8c84fa94-04c1-424b-9868-57a2d4851a1d">
      <Output>
      </Output>
    </UnitTestResult>
    <UnitTestResult executionId="ae264783-f36e-487f-8672-1f73a0328b0f" testId="14a86e64-ca6b-414f-f722-36131318b5a9" testName="TestBuildCashRates" computerName="NYCSPF20092" duration="00:00:01.2885140" startTime="2009-11-05T10:02:26.8258430-05:00" endTime="2009-11-05T10:02:28.1071832-05:00" testType="13cdc9d9-ddb5-4fa4-a97d-d965ccfc6d4b" outcome="Passed" testListId="8c84fa94-04c1-424b-9868-57a2d4851a1d">
      <Output>
      </Output>
    </UnitTestResult>
    <UnitTestResult executionId="9c094986-d195-4add-9eea-831a1f4cc9d6" testId="db5d791d-a64e-fcaa-b47b-b518f8d8fea1" testName="TestBuildCashToSpotRates" computerName="NYCSPF20092" duration="00:00:01.3014174" startTime="2009-11-05T10:02:28.1228093-05:00" endTime="2009-11-05T10:02:29.4197756-05:00" testType="13cdc9d9-ddb5-4fa4-a97d-d965ccfc6d4b" outcome="Passed" testListId="8c84fa94-04c1-424b-9868-57a2d4851a1d">
      <Output>
      </Output>
    </UnitTestResult>
    <UnitTestResult executionId="feff8680-7276-4157-8322-75cd22409e71" testId="d8d16034-1845-050d-ce3e-aa66d8e9e6e5" testName="TestBuildCR_SPREAD_CRVS" computerName="NYCSPF20092" duration="00:00:02.8476650" startTime="2009-11-05T10:02:29.4197756-05:00" endTime="2009-11-05T10:02:32.2793519-05:00" testType="13cdc9d9-ddb5-4fa4-a97d-d965ccfc6d4b" outcome="Passed" testListId="8c84fa94-04c1-424b-9868-57a2d4851a1d">
      <Output>
      </Output>
    </UnitTestResult>
    <UnitTestResult executionId="c90a02d6-7662-41cc-961a-6cd4e853be78" testId="2bdc2fb0-b59a-c499-4d65-08f4c6894383" testName="TestBuildCV_MS" computerName="NYCSPF20092" duration="00:00:02.8470183" startTime="2009-11-05T10:02:32.2793519-05:00" endTime="2009-11-05T10:02:35.1389282-05:00" testType="13cdc9d9-ddb5-4fa4-a97d-d965ccfc6d4b" outcome="Passed" testListId="8c84fa94-04c1-424b-9868-57a2d4851a1d">
      <Output>
      </Output>
    </UnitTestResult>
    <UnitTestResult executionId="5a8ffe4b-da12-4ea2-8397-a2b858e93e2b" testId="71231fbc-fb03-9f1a-14fd-f292fc9d3178" testName="TestBuildDF" computerName="NYCSPF20092" duration="00:00:01.2554353" startTime="2009-11-05T10:02:35.1389282-05:00" endTime="2009-11-05T10:02:36.4046423-05:00" testType="13cdc9d9-ddb5-4fa4-a97d-d965ccfc6d4b" outcome="Passed" testListId="8c84fa94-04c1-424b-9868-57a2d4851a1d">
      <Output>
      </Output>
    </UnitTestResult>
    <UnitTestResult executionId="b787378b-c21d-4219-aebc-1b15d3c1daeb" testId="ab5a0d6b-db0f-6929-26c6-d8156afb170c" testName="TestBuildFutureRates" computerName="NYCSPF20092" duration="00:00:01.4177794" startTime="2009-11-05T10:02:36.4046423-05:00" endTime="2009-11-05T10:02:37.8266174-05:00" testType="13cdc9d9-ddb5-4fa4-a97d-d965ccfc6d4b" outcome="Passed" testListId="8c84fa94-04c1-424b-9868-57a2d4851a1d">
      <Output>
      </Output>
    </UnitTestResult>
    <UnitTestResult executionId="8896c1b7-7c5d-46b8-904a-6f66935a6e7f" testId="bd1d3338-d542-76ab-794b-20f3e4bcf36a" testName="TestBuildFX" computerName="NYCSPF20092" duration="00:00:04.6099349" startTime="2009-11-05T10:02:37.8266174-05:00" endTime="2009-11-05T10:02:42.4519430-05:00" testType="13cdc9d9-ddb5-4fa4-a97d-d965ccfc6d4b" outcome="Passed" testListId="8c84fa94-04c1-424b-9868-57a2d4851a1d">
      <Output>
      </Output>
    </UnitTestResult>
    <UnitTestResult executionId="087f11c4-0a02-4d0e-93c7-69b0a54e0adf" testId="1a6084b0-4adb-c6da-75d2-fac7b5cb3815" testName="TestBuildFXFailed" computerName="NYCSPF20092" duration="00:00:06.8107760" startTime="2009-11-05T10:02:42.4519430-05:00" endTime="2009-11-05T10:02:49.2649226-05:00" testType="13cdc9d9-ddb5-4fa4-a97d-d965ccfc6d4b" outcome="Passed" testListId="8c84fa94-04c1-424b-9868-57a2d4851a1d">
      <Output>
      </Output>
    </UnitTestResult>
    <UnitTestResult executionId="7b67db17-3351-4241-98b2-a2f3c4c3da04" testId="20c35437-f4d4-1e5d-03b2-b3cf695872c8" testName="TestBuildGOVT_DF" computerName="NYCSPF20092" duration="00:00:01.9085283" startTime="2009-11-05T10:02:49.2649226-05:00" endTime="2009-11-05T10:02:51.1869329-05:00" testType="13cdc9d9-ddb5-4fa4-a97d-d965ccfc6d4b" outcome="Passed" testListId="8c84fa94-04c1-424b-9868-57a2d4851a1d">
      <Output>
      </Output>
    </UnitTestResult>
    <UnitTestResult executionId="0ccba35e-443c-4c76-9a65-16a4a7db629b" testId="475f3e2b-ac2a-fc36-30f6-6aac5eaae28f" testName="TestBuildINDEX_CURVES" computerName="NYCSPF20092" duration="00:00:02.5910083" startTime="2009-11-05T10:02:51.1869329-05:00" endTime="2009-11-05T10:02:53.7808655-05:00" testType="13cdc9d9-ddb5-4fa4-a97d-d965ccfc6d4b" outcome="Passed" testListId="8c84fa94-04c1-424b-9868-57a2d4851a1d">
      <Output>
      </Output>
    </UnitTestResult>
    <UnitTestResult executionId="89fca976-6472-4634-8439-9840dfa969c2" testId="bf1775ca-a56c-d0e6-8462-b4ae7de41800" testName="TestBuildIR_FUT_VOL_FROM_CVMS" computerName="NYCSPF20092" duration="00:00:04.7304390" startTime="2009-11-05T10:02:53.7808655-05:00" endTime="2009-11-05T10:02:58.5155738-05:00" testType="13cdc9d9-ddb5-4fa4-a97d-d965ccfc6d4b" outcome="Passed" testListId="8c84fa94-04c1-424b-9868-57a2d4851a1d">
      <Output>
      </Output>
    </UnitTestResult>
    <UnitTestResult executionId="2081130f-92e1-4d44-85e4-78d9c10c8079" testId="8277d440-df3a-11e8-73e4-497a868d8939" testName="TestBuildMktCrvObjectNotChanged" computerName="NYCSPF20092" duration="00:00:01.1543223" startTime="2009-11-05T10:02:58.5311999-05:00" endTime="2009-11-05T10:02:59.6875313-05:00" testType="13cdc9d9-ddb5-4fa4-a97d-d965ccfc6d4b" outcome="Passed" testListId="8c84fa94-04c1-424b-9868-57a2d4851a1d">
      <Output>
      </Output>
    </UnitTestResult>
    <UnitTestResult executionId="c691b1ec-6fc7-48d7-a36d-1ee1a7827eaf" testId="2333bede-2dff-bfb5-eaeb-d65183a22ab5" testName="TestBuildRECOVERY_RATE_CRVS" computerName="NYCSPF20092" duration="00:00:05.0307973" startTime="2009-11-05T10:02:59.6875313-05:00" endTime="2009-11-05T10:03:04.7191355-05:00" testType="13cdc9d9-ddb5-4fa4-a97d-d965ccfc6d4b" outcome="Passed" testListId="8c84fa94-04c1-424b-9868-57a2d4851a1d">
      <Output>
      </Output>
    </UnitTestResult>
    <UnitTestResult executionId="e4c9b780-0a3e-4d9d-8b0f-f5ece3dcd502" testId="a9630c5e-0163-8a3e-6fcd-86bacf9e9f5e" testName="TestBuildSV" computerName="NYCSPF20092" duration="00:00:01.9818142" startTime="2009-11-05T10:03:04.7347616-05:00" endTime="2009-11-05T10:03:06.7192763-05:00" testType="13cdc9d9-ddb5-4fa4-a97d-d965ccfc6d4b" outcome="Passed" testListId="8c84fa94-04c1-424b-9868-57a2d4851a1d">
      <Output>
      </Output>
    </UnitTestResult>
    <UnitTestResult executionId="8b69824a-6c6c-4b6a-b12b-26ea9aa8e2e3" testId="6ba4415e-f717-334b-d978-6e75ab02876f" testName="TestBuildSwapRates" computerName="NYCSPF20092" duration="00:00:01.9342284" startTime="2009-11-05T10:03:06.7192763-05:00" endTime="2009-11-05T10:03:08.6569127-05:00" testType="13cdc9d9-ddb5-4fa4-a97d-d965ccfc6d4b" outcome="Passed" testListId="8c84fa94-04c1-424b-9868-57a2d4851a1d">
      <Output>
      </Output>
    </UnitTestResult>
    <UnitTestResult executionId="231d7948-f7b7-4008-b3ed-4d7d861110a2" testId="ba7e1300-b020-55c9-23d1-a0cad5a65e94" testName="TestBuildTSY_SPREADS" computerName="NYCSPF20092" duration="00:00:02.7780912" startTime="2009-11-05T10:03:08.6725388-05:00" endTime="2009-11-05T10:03:11.4539846-05:00" testType="13cdc9d9-ddb5-4fa4-a97d-d965ccfc6d4b" outcome="Passed" testListId="8c84fa94-04c1-424b-9868-57a2d4851a1d">
      <Output>
      </Output>
    </UnitTestResult>
    <UnitTestResult executionId="dfa54593-eb57-44dd-ad1e-154c901ae1e9" testId="a3e429a4-41ef-009d-b6ff-f8720741cd00" testName="TestCapVolSmileAdd" computerName="NYCSPF20092" duration="00:00:00.6530509" startTime="2009-11-05T10:03:11.4696107-05:00" endTime="2009-11-05T10:03:12.1259069-05:00" testType="13cdc9d9-ddb5-4fa4-a97d-d965ccfc6d4b" outcome="Passed" testListId="8c84fa94-04c1-424b-9868-57a2d4851a1d">
      <Output>
      </Output>
    </UnitTestResult>
    <UnitTestResult executionId="73b42b63-40c4-462d-9c64-0da7e540307f" testId="01971cbf-6957-00a2-94bc-795d8b90e491" testName="TestCapVolSmileRemove" computerName="NYCSPF20092" duration="00:00:00.6514998" startTime="2009-11-05T10:03:12.1259069-05:00" endTime="2009-11-05T10:03:12.7822031-05:00" testType="13cdc9d9-ddb5-4fa4-a97d-d965ccfc6d4b" outcome="Passed" testListId="8c84fa94-04c1-424b-9868-57a2d4851a1d">
      <Output>
      </Output>
    </UnitTestResult>
    <UnitTestResult executionId="0f60372d-e0ca-4390-b364-3126415fe198" testId="677fb86e-0db1-fc8c-c72a-1389602d1e95" testName="TestCapVolSmilesNumberIncrease" computerName="NYCSPF20092" duration="00:00:00.2612212" startTime="2009-11-05T10:03:12.7822031-05:00" endTime="2009-11-05T10:03:13.0478468-05:00" testType="13cdc9d9-ddb5-4fa4-a97d-d965ccfc6d4b" outcome="Passed" testListId="8c84fa94-04c1-424b-9868-57a2d4851a1d">
      <Output>
      </Output>
    </UnitTestResult>
    <UnitTestResult executionId="2f3b1d30-ff17-47b7-8b33-4e1325a150cf" testId="7f59ee4e-f5c4-6aac-4a6a-93ca50316ed9" testName="TestCapVolTenorAdd" computerName="NYCSPF20092" duration="00:00:00.6542856" startTime="2009-11-05T10:03:13.0478468-05:00" endTime="2009-11-05T10:03:13.7041430-05:00" testType="13cdc9d9-ddb5-4fa4-a97d-d965ccfc6d4b" outcome="Passed" testListId="8c84fa94-04c1-424b-9868-57a2d4851a1d">
      <Output>
      </Output>
    </UnitTestResult>
    <UnitTestResult executionId="229d8fb5-060d-4726-abe6-6bd54e67cb84" testId="aece77a2-54b0-7313-25bb-6673cb0a7ab7" testName="TestCapVolTenorRemove" computerName="NYCSPF20092" duration="00:00:00.6347299" startTime="2009-11-05T10:03:13.7197691-05:00" endTime="2009-11-05T10:03:14.3448131-05:00" testType="13cdc9d9-ddb5-4fa4-a97d-d965ccfc6d4b" outcome="Passed" testListId="8c84fa94-04c1-424b-9868-57a2d4851a1d">
      <Output>
      </Output>
    </UnitTestResult>
    <UnitTestResult executionId="937f7ded-bd65-44bc-83ff-4a06d60999bf" testId="1c113c05-a417-be0c-4775-5f19e725d399" testName="TestCapVolVolPtsAdd" computerName="NYCSPF20092" duration="00:00:00.6411112" startTime="2009-11-05T10:03:14.3604392-05:00" endTime="2009-11-05T10:03:15.0011093-05:00" testType="13cdc9d9-ddb5-4fa4-a97d-d965ccfc6d4b" outcome="Passed" testListId="8c84fa94-04c1-424b-9868-57a2d4851a1d">
      <Output>
      </Output>
    </UnitTestResult>
    <UnitTestResult executionId="030587f9-7881-44ce-bab2-cfb1c7366ded" testId="00ddc7e1-23cd-f256-2bb5-7c63e67589f4" testName="TestCapVolVolPtsRemove" computerName="NYCSPF20092" duration="00:00:00.6527620" startTime="2009-11-05T10:03:15.0011093-05:00" endTime="2009-11-05T10:03:15.6574055-05:00" testType="13cdc9d9-ddb5-4fa4-a97d-d965ccfc6d4b" outcome="Passed" testListId="8c84fa94-04c1-424b-9868-57a2d4851a1d">
      <Output>
      </Output>
    </UnitTestResult>
    <UnitTestResult executionId="4c7042e7-cc70-4e3a-affb-d00a6378f839" testId="40a544cb-393e-472d-e818-b4457381192e" testName="TestComputeFutVolFromSwaps" computerName="NYCSPF20092" duration="00:00:01.3516702" startTime="2009-11-05T10:03:15.6574055-05:00" endTime="2009-11-05T10:03:17.0168762-05:00" testType="13cdc9d9-ddb5-4fa4-a97d-d965ccfc6d4b" outcome="Passed" testListId="8c84fa94-04c1-424b-9868-57a2d4851a1d">
      <Output>
      </Output>
    </UnitTestResult>
    <UnitTestResult executionId="f8359dcf-486c-453f-987b-9dbfbeb96320" testId="878455d0-ef80-153f-3a10-93bad16509cd" testName="TestConvertMktCrvClientToClient" computerName="NYCSPF20092" duration="00:00:00.6535068" startTime="2009-11-05T10:03:17.0168762-05:00" endTime="2009-11-05T10:03:17.6887985-05:00" testType="13cdc9d9-ddb5-4fa4-a97d-d965ccfc6d4b" outcome="Passed" testListId="8c84fa94-04c1-424b-9868-57a2d4851a1d">
      <Output>
      </Output>
    </UnitTestResult>
    <UnitTestResult executionId="0eacdbb9-d0b7-45e5-a29c-c88510f09346" testId="40e18aab-4111-99e0-4019-f2327484de92" testName="TestConvertMktCrvFromClientToServer" computerName="NYCSPF20092" duration="00:00:00.6544769" startTime="2009-11-05T10:03:17.6887985-05:00" endTime="2009-11-05T10:03:18.3450947-05:00" testType="13cdc9d9-ddb5-4fa4-a97d-d965ccfc6d4b" outcome="Passed" testListId="8c84fa94-04c1-424b-9868-57a2d4851a1d">
      <Output>
      </Output>
    </UnitTestResult>
    <UnitTestResult executionId="ced30792-cb2a-4904-bee4-f599dfb6f26b" testId="a93cb279-18bb-da5b-9ecc-1f220436270d" testName="TestConvertMktCrvFromServerToClient" computerName="NYCSPF20092" duration="00:00:00.6592522" startTime="2009-11-05T10:03:18.3450947-05:00" endTime="2009-11-05T10:03:19.0013909-05:00" testType="13cdc9d9-ddb5-4fa4-a97d-d965ccfc6d4b" outcome="Passed" testListId="8c84fa94-04c1-424b-9868-57a2d4851a1d">
      <Output>
      </Output>
    </UnitTestResult>
    <UnitTestResult executionId="1127fba9-20b9-472c-9622-0390a9ccf59a" testId="f783c4f9-4a33-fce3-55f0-e3e84539aec7" testName="TestCreateAndStoreCV_MS" computerName="NYCSPF20092" duration="00:00:06.4133601" startTime="2009-11-05T10:03:19.0170170-05:00" endTime="2009-11-05T10:03:25.4393441-05:00" testType="13cdc9d9-ddb5-4fa4-a97d-d965ccfc6d4b" outcome="Passed" testListId="8c84fa94-04c1-424b-9868-57a2d4851a1d">
      <Output>
      </Output>
    </UnitTestResult>
    <UnitTestResult executionId="c9a00f08-74c4-459d-8ca0-76c922c8cb3c" testId="d74bcada-b84a-3408-3db4-5c36b08b5403" testName="TestCreateAndStorePseudoCvMS" computerName="NYCSPF20092" duration="00:00:07.6131921" startTime="2009-11-05T10:03:25.4393441-05:00" endTime="2009-11-05T10:03:33.0648809-05:00" testType="13cdc9d9-ddb5-4fa4-a97d-d965ccfc6d4b" outcome="Passed" testListId="8c84fa94-04c1-424b-9868-57a2d4851a1d">
      <Output>
      </Output>
    </UnitTestResult>
    <UnitTestResult executionId="b108d4dc-ff76-489a-866a-181e1763ef05" testId="0389b4f9-6fc3-b9c5-fb5e-3345d7032ad3" testName="TestCreateAndStorePseudoDf" computerName="NYCSPF20092" duration="00:00:05.8614718" startTime="2009-11-05T10:03:33.0648809-05:00" endTime="2009-11-05T10:03:38.9246684-05:00" testType="13cdc9d9-ddb5-4fa4-a97d-d965ccfc6d4b" outcome="Passed" testListId="8c84fa94-04c1-424b-9868-57a2d4851a1d">
      <Output>
      </Output>
    </UnitTestResult>
    <UnitTestResult executionId="fce3c5e3-7e04-4f17-99dc-cca92e149932" testId="8c2a2b51-8406-45c4-08dd-03c10776e31d" testName="TestCurveCalibrateSyncronizedFailErrorList" computerName="NYCSPF20092" duration="00:00:05.0034548" startTime="2009-11-05T10:03:38.9402945-05:00" endTime="2009-11-05T10:03:43.9406465-05:00" testType="13cdc9d9-ddb5-4fa4-a97d-d965ccfc6d4b" outcome="Passed" testListId="8c84fa94-04c1-424b-9868-57a2d4851a1d">
      <Output>
      </Output>
    </UnitTestResult>
    <UnitTestResult executionId="09685cb6-fa3f-405f-8a39-896df20477d5" testId="6fb36b0f-8f14-aa73-2995-4291fc3b3617" testName="TestCurveDescObjecToString" computerName="NYCSPF20092" duration="00:00:00.0967526" startTime="2009-11-05T10:03:43.9406465-05:00" endTime="2009-11-05T10:03:44.0500292-05:00" testType="13cdc9d9-ddb5-4fa4-a97d-d965ccfc6d4b" outcome="Passed" testListId="8c84fa94-04c1-424b-9868-57a2d4851a1d">
      <Output>
      </Output>
    </UnitTestResult>
    <UnitTestResult executionId="06f5edf6-8b25-4f58-970d-b06e9ed8061a" testId="54b7e992-9b8a-155e-81ab-a1f08bfb377e" testName="TestCurveDescStringToObject" computerName="NYCSPF20092" duration="00:00:00.0875904" startTime="2009-11-05T10:03:44.0500292-05:00" endTime="2009-11-05T10:03:44.1437858-05:00" testType="13cdc9d9-ddb5-4fa4-a97d-d965ccfc6d4b" outcome="Passed" testListId="8c84fa94-04c1-424b-9868-57a2d4851a1d">
      <Output>
      </Output>
    </UnitTestResult>
    <UnitTestResult executionId="ec3e15fa-33c3-4013-8d58-33853fde1a8c" testId="74c494c4-cd10-bba8-28d0-0635327e0f7c" testName="TestCurveNameList" computerName="NYCSPF20092" duration="00:00:00.0885907" startTime="2009-11-05T10:03:44.1437858-05:00" endTime="2009-11-05T10:03:44.2375424-05:00" testType="13cdc9d9-ddb5-4fa4-a97d-d965ccfc6d4b" outcome="Passed" testListId="8c84fa94-04c1-424b-9868-57a2d4851a1d">
      <Output>
      </Output>
    </UnitTestResult>
    <UnitTestResult executionId="9a00e414-eaa9-4ab8-8ffe-4f2b59214c51" testId="28ea6b2c-c8bd-d441-d95e-7b7d7e5ea5c5" testName="TestCurveObjectToString" computerName="NYCSPF20092" duration="00:00:01.9979711" startTime="2009-11-05T10:03:44.2375424-05:00" endTime="2009-11-05T10:03:46.2533093-05:00" testType="13cdc9d9-ddb5-4fa4-a97d-d965ccfc6d4b" outcome="Passed" testListId="8c84fa94-04c1-424b-9868-57a2d4851a1d">
      <Output>
      </Output>
    </UnitTestResult>
    <UnitTestResult executionId="1a454bdd-bd5c-415f-9cec-a715310ff26a" testId="96e10780-aa25-ffcd-a889-c180338875ff" testName="TestCurveStringToObject" computerName="NYCSPF20092" duration="00:00:04.8277007" startTime="2009-11-05T10:03:46.2533093-05:00" endTime="2009-11-05T10:03:51.0817742-05:00" testType="13cdc9d9-ddb5-4fa4-a97d-d965ccfc6d4b" outcome="Passed" testListId="8c84fa94-04c1-424b-9868-57a2d4851a1d">
      <Output>
      </Output>
    </UnitTestResult>
    <UnitTestResult executionId="ff787001-2166-4c98-953f-c5361a191637" testId="143cfd15-80c8-68ef-c41a-11ed16ee119e" testName="TestDeleteFirstCurveFromDB" computerName="NYCSPF20092" duration="00:00:00.1568014" startTime="2009-11-05T10:03:51.0817742-05:00" endTime="2009-11-05T10:03:51.2536613-05:00" testType="13cdc9d9-ddb5-4fa4-a97d-d965ccfc6d4b" outcome="Passed" testListId="8c84fa94-04c1-424b-9868-57a2d4851a1d">
      <Output>
      </Output>
    </UnitTestResult>
    <UnitTestResult executionId="051e7a25-0f07-4e28-98f3-e28b7003edf6" testId="43133470-0783-1d3a-3cb0-dd8476fbc4e4" testName="TestDeleteFirstCurveFromWarehouse" computerName="NYCSPF20092" duration="00:00:00.0966183" startTime="2009-11-05T10:03:51.2536613-05:00" endTime="2009-11-05T10:03:51.3474179-05:00" testType="13cdc9d9-ddb5-4fa4-a97d-d965ccfc6d4b" outcome="Passed" testListId="8c84fa94-04c1-424b-9868-57a2d4851a1d">
      <Output>
      </Output>
    </UnitTestResult>
    <UnitTestResult executionId="95c8380c-e494-486e-9973-a718baa233ae" testId="0559d26a-f31a-d3d5-5a3a-7e12eafb769d" testName="TestExportImportMarket" computerName="NYCSPF20092" duration="00:00:09.7528384" startTime="2009-11-05T10:03:51.3474179-05:00" endTime="2009-11-05T10:04:01.1137304-05:00" testType="13cdc9d9-ddb5-4fa4-a97d-d965ccfc6d4b" outcome="Passed" testListId="8c84fa94-04c1-424b-9868-57a2d4851a1d">
      <Output>
      </Output>
    </UnitTestResult>
    <UnitTestResult executionId="43b25483-5d75-4efb-82f0-1440b0c19209" testId="64511086-635d-225b-5fbc-2ac736b7263d" testName="TestFXMarketCurveName" computerName="NYCSPF20092" duration="00:00:00.0893269" startTime="2009-11-05T10:04:01.1137304-05:00" endTime="2009-11-05T10:04:01.2074870-05:00" testType="13cdc9d9-ddb5-4fa4-a97d-d965ccfc6d4b" outcome="Passed" testListId="8c84fa94-04c1-424b-9868-57a2d4851a1d">
      <Output>
      </Output>
    </UnitTestResult>
    <UnitTestResult executionId="421e7926-1b1d-48df-8793-eedef223b925" testId="c7bf83d8-2b9b-1855-0971-551d617b8108" testName="TestGenCapVolSmileFromEqn" computerName="NYCSPF20092" duration="00:00:00.6473985" startTime="2009-11-05T10:04:01.2074870-05:00" endTime="2009-11-05T10:04:01.8637832-05:00" testType="13cdc9d9-ddb5-4fa4-a97d-d965ccfc6d4b" outcome="Passed" testListId="8c84fa94-04c1-424b-9868-57a2d4851a1d">
      <Output>
      </Output>
    </UnitTestResult>
    <UnitTestResult executionId="e3a90729-ff06-4795-a716-aa7e76a41e2c" testId="3500e6c5-be0e-466f-e1f6-75614a425ca3" testName="TestGenSwptnVolSmileFromEqn" computerName="NYCSPF20092" duration="00:00:00.6447575" startTime="2009-11-05T10:04:01.8637832-05:00" endTime="2009-11-05T10:04:02.5200794-05:00" testType="13cdc9d9-ddb5-4fa4-a97d-d965ccfc6d4b" outcome="Passed" testListId="8c84fa94-04c1-424b-9868-57a2d4851a1d">
      <Output>
      </Output>
    </UnitTestResult>
    <UnitTestResult executionId="606751d4-4c8a-47f0-8ca3-e54379067033" testId="356915f6-fa28-d89b-875b-4e7e3d5af998" testName="TestGetForwardCmtRate" computerName="NYCSPF20092" duration="00:00:03.4530007" startTime="2009-11-05T10:04:02.5200794-05:00" endTime="2009-11-05T10:04:05.9890736-05:00" testType="13cdc9d9-ddb5-4fa4-a97d-d965ccfc6d4b" outcome="Passed" testListId="8c84fa94-04c1-424b-9868-57a2d4851a1d">
      <Output>
      </Output>
    </UnitTestResult>
    <UnitTestResult executionId="5f25f258-d7b4-4234-8c9a-0796c48f3d6d" testId="32a2e6e0-bdc0-ce16-29f8-6e23a925575e" testName="TestGetLiveRatesUtils" computerName="NYCSPF20092" duration="00:00:00.6402767" startTime="2009-11-05T10:04:05.9890736-05:00" endTime="2009-11-05T10:04:06.6297437-05:00" testType="13cdc9d9-ddb5-4fa4-a97d-d965ccfc6d4b" outcome="Passed" testListId="8c84fa94-04c1-424b-9868-57a2d4851a1d">
      <Output>
      </Output>
    </UnitTestResult>
    <UnitTestResult executionId="fb464879-7b80-4702-941b-a68cc3a6e70f" testId="bae4258a-cf81-972e-ca24-358a5cc13d7c" testName="TestInitializeMarketCurve" computerName="NYCSPF20092" duration="00:00:00.2634323" startTime="2009-11-05T10:04:06.6297437-05:00" endTime="2009-11-05T10:04:06.8953874-05:00" testType="13cdc9d9-ddb5-4fa4-a97d-d965ccfc6d4b" outcome="Inconclusive" testListId="8c84fa94-04c1-424b-9868-57a2d4851a1d">
      <Output>
        <ErrorInfo>
          <Message>Assert.Inconclusive failed. Not completely valid test. Need more assertions.</Message>
          <StackTrace>   at WallStreetSystems.StructuredProducts.Interop.Test.CurveTests.TestInitializeMarketCurve()
</StackTrace>
        </ErrorInfo>
      </Output>
    </UnitTestResult>
    <UnitTestResult executionId="ea4be93f-33fb-4de4-bc1a-66e9ab643e58" testId="dd3ae191-c043-9f0f-7114-9a395ac235ba" testName="TestInsertFuturesSchedule" computerName="NYCSPF20092" duration="00:00:00.6467965" startTime="2009-11-05T10:04:06.9110135-05:00" endTime="2009-11-05T10:04:07.5673097-05:00" testType="13cdc9d9-ddb5-4fa4-a97d-d965ccfc6d4b" outcome="Passed" testListId="8c84fa94-04c1-424b-9868-57a2d4851a1d">
      <Output>
      </Output>
    </UnitTestResult>
    <UnitTestResult executionId="f9e2b57d-e93f-429f-b2b8-4cde33e36f79" testId="a5136669-b7fa-e943-11fc-427eef1a383d" testName="TestInvalidMarketCurveBaseDateBuild" computerName="NYCSPF20092" duration="00:00:01.5198222" startTime="2009-11-05T10:04:07.5673097-05:00" endTime="2009-11-05T10:04:09.0830414-05:00" testType="13cdc9d9-ddb5-4fa4-a97d-d965ccfc6d4b" outcome="Passed" testListId="8c84fa94-04c1-424b-9868-57a2d4851a1d">
      <Output>
      </Output>
    </UnitTestResult>
    <UnitTestResult executionId="9700f2b9-4798-4114-96a2-e6f0882ae78f" testId="84087427-3455-1e5b-1d9b-ad1d241fb6a0" testName="TestInvalidMarketCurveBaseDateSave" computerName="NYCSPF20092" duration="00:00:00.4186643" startTime="2009-11-05T10:04:09.0986675-05:00" endTime="2009-11-05T10:04:09.5205722-05:00" testType="13cdc9d9-ddb5-4fa4-a97d-d965ccfc6d4b" outcome="Passed" testListId="8c84fa94-04c1-424b-9868-57a2d4851a1d">
      <Output>
      </Output>
    </UnitTestResult>
    <UnitTestResult executionId="596c16ff-ea85-4269-8d05-020524d4f619" testId="3bca8c05-7eb4-62ea-1b28-8ce6414550fe" testName="TestInvalidMarketCurveRatesBuildNegativeRate" computerName="NYCSPF20092" duration="00:00:01.7899398" startTime="2009-11-05T10:04:09.5205722-05:00" endTime="2009-11-05T10:04:11.3175737-05:00" testType="13cdc9d9-ddb5-4fa4-a97d-d965ccfc6d4b" outcome="Passed" testListId="8c84fa94-04c1-424b-9868-57a2d4851a1d">
      <Output>
      </Output>
    </UnitTestResult>
    <UnitTestResult executionId="cdd0c068-6094-4af1-b758-efa1b5dbc6f4" testId="a7e1bf4b-912c-fdd3-df21-de349831c88b" testName="TestInvalidMarketCurveRatesBuildWithFlag" computerName="NYCSPF20092" duration="00:00:01.1456147" startTime="2009-11-05T10:04:11.3175737-05:00" endTime="2009-11-05T10:04:12.4739051-05:00" testType="13cdc9d9-ddb5-4fa4-a97d-d965ccfc6d4b" outcome="Passed" testListId="8c84fa94-04c1-424b-9868-57a2d4851a1d">
      <Output>
      </Output>
    </UnitTestResult>
    <UnitTestResult executionId="bdef7da3-9a25-4389-b72d-6ca048553fcd" testId="6e0cbf6a-e91e-dc31-9017-487a060f42bc" testName="TestInvalidMarketCurveRatesSave" computerName="NYCSPF20092" duration="00:00:00.4015619" startTime="2009-11-05T10:04:12.4739051-05:00" endTime="2009-11-05T10:04:12.8801837-05:00" testType="13cdc9d9-ddb5-4fa4-a97d-d965ccfc6d4b" outcome="Passed" testListId="8c84fa94-04c1-424b-9868-57a2d4851a1d">
      <Output>
      </Output>
    </UnitTestResult>
    <UnitTestResult executionId="cb017da3-b41a-4708-a0a0-4797a2ca7fa8" testId="634a86ee-60b1-4426-0734-4e17468f18ad" testName="TestLoadCurve" computerName="NYCSPF20092" duration="00:00:00.8520290" startTime="2009-11-05T10:04:12.8801837-05:00" endTime="2009-11-05T10:04:13.7396192-05:00" testType="13cdc9d9-ddb5-4fa4-a97d-d965ccfc6d4b" outcome="Passed" testListId="8c84fa94-04c1-424b-9868-57a2d4851a1d">
      <Output>
      </Output>
    </UnitTestResult>
    <UnitTestResult executionId="409ac625-caa1-429d-b260-42f519ada0ca" testId="071366aa-21f4-5982-2bae-944b7192e535" testName="TestLoadCurveFromWarehouse" computerName="NYCSPF20092" duration="00:00:00.7041655" startTime="2009-11-05T10:04:13.7396192-05:00" endTime="2009-11-05T10:04:14.4427937-05:00" testType="13cdc9d9-ddb5-4fa4-a97d-d965ccfc6d4b" outcome="Passed" testListId="8c84fa94-04c1-424b-9868-57a2d4851a1d">
      <Output>
      </Output>
    </UnitTestResult>
    <UnitTestResult executionId="016e449d-6c3d-4677-a077-b62d921ed239" testId="5ec449a5-60b5-d7af-9862-e3aa121ed4aa" testName="TestLoadFirstCurveFromDBViaMarketDesc" computerName="NYCSPF20092" duration="00:00:00.4172892" startTime="2009-11-05T10:04:14.4427937-05:00" endTime="2009-11-05T10:04:14.8646984-05:00" testType="13cdc9d9-ddb5-4fa4-a97d-d965ccfc6d4b" outcome="Passed" testListId="8c84fa94-04c1-424b-9868-57a2d4851a1d">
      <Output>
      </Output>
    </UnitTestResult>
    <UnitTestResult executionId="0e87a3e0-e594-429b-8610-44e68345681c" testId="4f88af9f-cf68-0942-8717-a2b5c84c2067" testName="TestLocalBuildAllNewEmptyMarket" computerName="NYCSPF20092" duration="00:00:02.1818468" startTime="2009-11-05T10:04:14.8803245-05:00" endTime="2009-11-05T10:04:17.0679785-05:00" testType="13cdc9d9-ddb5-4fa4-a97d-d965ccfc6d4b" outcome="Passed" testListId="8c84fa94-04c1-424b-9868-57a2d4851a1d">
      <Output>
      </Output>
    </UnitTestResult>
    <UnitTestResult executionId="5cedb3ba-b7bb-4659-9d26-3dfe43960f31" testId="f2e8450a-4d54-5950-ea95-ccb612cdfaa7" testName="TestLocalBuildDfNewEmptyMarket" computerName="NYCSPF20092" duration="00:00:02.2367111" startTime="2009-11-05T10:04:17.0679785-05:00" endTime="2009-11-05T10:04:19.3025108-05:00" testType="13cdc9d9-ddb5-4fa4-a97d-d965ccfc6d4b" outcome="Passed" testListId="8c84fa94-04c1-424b-9868-57a2d4851a1d">
      <Output>
      </Output>
    </UnitTestResult>
    <UnitTestResult executionId="ff6e2b92-c317-4a39-9c89-10d6c9be618f" testId="9b9530e1-06b6-bed1-2bd5-19dc521c4d5a" testName="TestLocalBuildDfNewMarket" computerName="NYCSPF20092" duration="00:00:02.1664923" startTime="2009-11-05T10:04:19.3025108-05:00" endTime="2009-11-05T10:04:21.4745387-05:00" testType="13cdc9d9-ddb5-4fa4-a97d-d965ccfc6d4b" outcome="Passed" testListId="8c84fa94-04c1-424b-9868-57a2d4851a1d">
      <Output>
      </Output>
    </UnitTestResult>
    <UnitTestResult executionId="19007098-ee57-441b-ab26-fd797f26b3e7" testId="450e3852-4f3c-b27e-16af-1c008b6a0f3b" testName="TestMarketAsyncCalibrateErrors" computerName="NYCSPF20092" duration="00:00:09.4766244" startTime="2009-11-05T10:04:21.4901648-05:00" endTime="2009-11-05T10:04:30.9752075-05:00" testType="13cdc9d9-ddb5-4fa4-a97d-d965ccfc6d4b" outcome="Passed" testListId="8c84fa94-04c1-424b-9868-57a2d4851a1d">
      <Output>
      </Output>
    </UnitTestResult>
    <UnitTestResult executionId="34d0cd54-bb62-41c7-9cdb-2422f07ca359" testId="ff1fe03d-da1e-4d24-a477-02a0c061195b" testName="TestMarketCurveBuildErrorListContent" computerName="NYCSPF20092" duration="00:00:03.5435537" startTime="2009-11-05T10:04:30.9752075-05:00" endTime="2009-11-05T10:04:34.5223322-05:00" testType="13cdc9d9-ddb5-4fa4-a97d-d965ccfc6d4b" outcome="Passed" testListId="8c84fa94-04c1-424b-9868-57a2d4851a1d">
      <Output>
      </Output>
    </UnitTestResult>
    <UnitTestResult executionId="4ba24523-6e87-4b8d-9fc4-c7dfa216ddb5" testId="abeb6608-710f-3808-370f-f22eeca82973" testName="TestMarketCurveBuildFailedErrorList" computerName="NYCSPF20092" duration="00:00:05.4997253" startTime="2009-11-05T10:04:34.5223322-05:00" endTime="2009-11-05T10:04:40.0383455-05:00" testType="13cdc9d9-ddb5-4fa4-a97d-d965ccfc6d4b" outcome="Passed" testListId="8c84fa94-04c1-424b-9868-57a2d4851a1d">
      <Output>
      </Output>
    </UnitTestResult>
    <UnitTestResult executionId="deb42151-36b5-4fcb-b365-7b09899e6ea3" testId="9191525c-ccad-5c8d-3d8a-e76ccf7eb084" testName="TestMarketCurveBuildFailedTracking" computerName="NYCSPF20092" duration="00:00:05.2659073" startTime="2009-11-05T10:04:40.0383455-05:00" endTime="2009-11-05T10:04:45.3043412-05:00" testType="13cdc9d9-ddb5-4fa4-a97d-d965ccfc6d4b" outcome="Passed" testListId="8c84fa94-04c1-424b-9868-57a2d4851a1d">
      <Output>
      </Output>
    </UnitTestResult>
    <UnitTestResult executionId="3ac2742b-4226-46b0-8d2a-99564ec8ac42" testId="b5ddfb46-cde7-f6d2-5f88-4ed352f1ed4f" testName="TestMarketCurveBuildTracking" computerName="NYCSPF20092" duration="00:00:00.7266866" startTime="2009-11-05T10:04:45.3043412-05:00" endTime="2009-11-05T10:04:46.0387679-05:00" testType="13cdc9d9-ddb5-4fa4-a97d-d965ccfc6d4b" outcome="Passed" testListId="8c84fa94-04c1-424b-9868-57a2d4851a1d">
      <Output>
      </Output>
    </UnitTestResult>
    <UnitTestResult executionId="64b37089-c679-49dc-ae40-d87f7c9fe5cb" testId="5e8e71f4-1a98-c160-64ac-72540d1bfbfb" testName="TestMarketCurveCalibrateBDT" computerName="NYCSPF20092" duration="00:00:07.6759908" startTime="2009-11-05T10:04:46.0387679-05:00" endTime="2009-11-05T10:04:53.7268091-05:00" testType="13cdc9d9-ddb5-4fa4-a97d-d965ccfc6d4b" outcome="Passed" testListId="8c84fa94-04c1-424b-9868-57a2d4851a1d">
      <Output>
      </Output>
    </UnitTestResult>
    <UnitTestResult executionId="cbb1efbb-3117-4d8c-a866-119a697700e6" testId="4f079c73-be9e-04c2-5718-fc73126b661f" testName="TestMarketCurveCalibrateBK" computerName="NYCSPF20092" duration="00:00:07.9634468" startTime="2009-11-05T10:04:53.7268091-05:00" endTime="2009-11-05T10:05:01.7117462-05:00" testType="13cdc9d9-ddb5-4fa4-a97d-d965ccfc6d4b" outcome="Passed" testListId="8c84fa94-04c1-424b-9868-57a2d4851a1d">
      <Output>
      </Output>
    </UnitTestResult>
    <UnitTestResult executionId="cae8d3f3-972c-47e8-b216-1ff10792a666" testId="a72f1c3a-6888-14a2-f296-de22deea85e1" testName="TestMarketCurveCalibrateHW" computerName="NYCSPF20092" duration="00:00:07.8605231" startTime="2009-11-05T10:05:01.7273723-05:00" endTime="2009-11-05T10:05:09.5873006-05:00" testType="13cdc9d9-ddb5-4fa4-a97d-d965ccfc6d4b" outcome="Passed" testListId="8c84fa94-04c1-424b-9868-57a2d4851a1d">
      <Output>
      </Output>
    </UnitTestResult>
    <UnitTestResult executionId="c63219dd-af32-4ecc-901c-87bd630e2f0a" testId="188af7bd-d9c9-b797-7150-e005660dc8f0" testName="TestMarketCurveCalibrateSyncronized" computerName="NYCSPF20092" duration="00:00:05.5421305" startTime="2009-11-05T10:05:09.5873006-05:00" endTime="2009-11-05T10:05:15.1501922-05:00" testType="13cdc9d9-ddb5-4fa4-a97d-d965ccfc6d4b" outcome="Passed" testListId="8c84fa94-04c1-424b-9868-57a2d4851a1d">
      <Output>
      </Output>
    </UnitTestResult>
    <UnitTestResult executionId="f3fa3365-b079-435e-b482-9590ef4e6cff" testId="3715b313-3b69-80cf-4ad4-d6c612930bd2" testName="TestMarketCurveCalibrateSyncronizedFail" computerName="NYCSPF20092" duration="00:00:05.4487802" startTime="2009-11-05T10:05:15.1501922-05:00" endTime="2009-11-05T10:05:20.6037011-05:00" testType="13cdc9d9-ddb5-4fa4-a97d-d965ccfc6d4b" outcome="Passed" testListId="8c84fa94-04c1-424b-9868-57a2d4851a1d">
      <Output>
      </Output>
    </UnitTestResult>
    <UnitTestResult executionId="7d11e243-487f-48a1-b683-16510c31e7f0" testId="b3e75ed7-b7a9-9311-cd6c-dffc613a8f03" testName="TestMarketCurveCalibrateWithSampleCrv" computerName="NYCSPF20092" duration="00:00:06.4166871" startTime="2009-11-05T10:05:20.6037011-05:00" endTime="2009-11-05T10:05:27.0260282-05:00" testType="13cdc9d9-ddb5-4fa4-a97d-d965ccfc6d4b" outcome="Passed" testListId="8c84fa94-04c1-424b-9868-57a2d4851a1d">
      <Output>
      </Output>
    </UnitTestResult>
    <UnitTestResult executionId="958fade3-2a1e-47a6-84f1-9404ed0d3ca8" testId="cb35d722-9904-9c03-ede8-2158da317aa6" testName="TestMarketCurveCalibrateWithSampleCrvFail" computerName="NYCSPF20092" duration="00:00:05.7146741" startTime="2009-11-05T10:05:27.0260282-05:00" endTime="2009-11-05T10:05:32.7451808-05:00" testType="13cdc9d9-ddb5-4fa4-a97d-d965ccfc6d4b" outcome="Passed" testListId="8c84fa94-04c1-424b-9868-57a2d4851a1d">
      <Output>
      </Output>
    </UnitTestResult>
    <UnitTestResult executionId="4a721240-c7f5-4a60-b641-1b32427e57a1" testId="673e378d-63f6-b1cf-a075-6afc668ba93b" testName="TestMarketCurveIDGeneration" computerName="NYCSPF20092" duration="00:00:00.3944018" startTime="2009-11-05T10:05:32.7608069-05:00" endTime="2009-11-05T10:05:33.1514594-05:00" testType="13cdc9d9-ddb5-4fa4-a97d-d965ccfc6d4b" outcome="Passed" testListId="8c84fa94-04c1-424b-9868-57a2d4851a1d">
      <Output>
      </Output>
    </UnitTestResult>
    <UnitTestResult executionId="1499c062-22e1-4640-b237-28e86a7b3bdf" testId="2f4b20df-4fa3-d0ce-9ff5-13f9d6247745" testName="TestMarketCurveName" computerName="NYCSPF20092" duration="00:00:00.2555347" startTime="2009-11-05T10:05:33.1670855-05:00" endTime="2009-11-05T10:05:33.4171031-05:00" testType="13cdc9d9-ddb5-4fa4-a97d-d965ccfc6d4b" outcome="Passed" testListId="8c84fa94-04c1-424b-9868-57a2d4851a1d">
      <Output>
      </Output>
    </UnitTestResult>
    <UnitTestResult executionId="47571bbd-c861-4208-b026-bf9c6b4bafcd" testId="8a5505d9-d8b6-357b-2f25-5ba90c432885" testName="TestMarketCurveRatesBuild" computerName="NYCSPF20092" duration="00:00:00.7086419" startTime="2009-11-05T10:05:33.4171031-05:00" endTime="2009-11-05T10:05:34.1359037-05:00" testType="13cdc9d9-ddb5-4fa4-a97d-d965ccfc6d4b" outcome="Passed" testListId="8c84fa94-04c1-424b-9868-57a2d4851a1d">
      <Output>
      </Output>
    </UnitTestResult>
    <UnitTestResult executionId="e5b93a5e-d8ee-419d-80ec-d20f73b2e657" testId="894b5407-ff9f-5ef8-06dc-a0847e641b6a" testName="TestMarketCurveRatesSave" computerName="NYCSPF20092" duration="00:00:00.4407882" startTime="2009-11-05T10:05:34.1359037-05:00" endTime="2009-11-05T10:05:34.5890606-05:00" testType="13cdc9d9-ddb5-4fa4-a97d-d965ccfc6d4b" outcome="Passed" testListId="8c84fa94-04c1-424b-9868-57a2d4851a1d">
      <Output>
      </Output>
    </UnitTestResult>
    <UnitTestResult executionId="348dd7d3-d812-4223-9b22-87a5c9e7929e" testId="1b8933ed-810d-f308-6b84-38ed8b5f487c" testName="TestMarketCurveUpdate" computerName="NYCSPF20092" duration="00:00:03.9236470" startTime="2009-11-05T10:05:34.5890606-05:00" endTime="2009-11-05T10:05:38.5112117-05:00" testType="13cdc9d9-ddb5-4fa4-a97d-d965ccfc6d4b" outcome="Passed" testListId="8c84fa94-04c1-424b-9868-57a2d4851a1d">
      <Output>
      </Output>
    </UnitTestResult>
    <UnitTestResult executionId="b4666c4e-bbe5-4a4b-83c6-ddc25da6c709" testId="fcdefeeb-275d-4aa5-5f67-3ae0443b87ed" testName="TestMarketCurveUpdateFailure" computerName="NYCSPF20092" duration="00:00:03.7063239" startTime="2009-11-05T10:05:38.5268378-05:00" endTime="2009-11-05T10:05:42.2302235-05:00" testType="13cdc9d9-ddb5-4fa4-a97d-d965ccfc6d4b" outcome="Passed" testListId="8c84fa94-04c1-424b-9868-57a2d4851a1d">
      <Output>
      </Output>
    </UnitTestResult>
    <UnitTestResult executionId="258449bd-f46c-47bf-873b-f8c1d6cf05b6" testId="6bfcf634-2852-6d65-4eb7-0fd94c04037f" testName="TestMarketSyncCalibrateErrors" computerName="NYCSPF20092" duration="00:00:09.9747547" startTime="2009-11-05T10:05:42.2302235-05:00" endTime="2009-11-05T10:05:52.2153014-05:00" testType="13cdc9d9-ddb5-4fa4-a97d-d965ccfc6d4b" outcome="Passed" testListId="8c84fa94-04c1-424b-9868-57a2d4851a1d">
      <Output>
      </Output>
    </UnitTestResult>
    <UnitTestResult executionId="5a389aef-6599-43c4-ab55-9d5055e98734" testId="118541f2-dcf0-b406-5e30-421a8470d14c" testName="TestMktCurveDescriptionTimestampsUpdateWSC_BUILD_CV_MS" computerName="NYCSPF20092" duration="00:00:06.8999651" startTime="2009-11-05T10:05:52.2153014-05:00" endTime="2009-11-05T10:05:59.1376637-05:00" testType="13cdc9d9-ddb5-4fa4-a97d-d965ccfc6d4b" outcome="Passed" testListId="8c84fa94-04c1-424b-9868-57a2d4851a1d">
      <Output>
      </Output>
    </UnitTestResult>
    <UnitTestResult executionId="a048ec88-6381-45d4-b400-c4f6278ce744" testId="79863afc-d920-19fa-01c2-a8c5a6571ea5" testName="TestMktCurveDescriptionTimestampsUpdateWSC_BUILD_DF" computerName="NYCSPF20092" duration="00:00:03.4814919" startTime="2009-11-05T10:05:59.1376637-05:00" endTime="2009-11-05T10:06:02.6222840-05:00" testType="13cdc9d9-ddb5-4fa4-a97d-d965ccfc6d4b" outcome="Passed" testListId="8c84fa94-04c1-424b-9868-57a2d4851a1d">
      <Output>
      </Output>
    </UnitTestResult>
    <UnitTestResult executionId="121b57c5-6bad-4110-b55f-44695b8efca5" testId="8836bffd-d8a4-5d6f-57f6-59937e90ca5e" testName="TestMktCurveDescriptionTimestampsUpdateWSC_BUILD_SV_MS" computerName="NYCSPF20092" duration="00:00:07.5363178" startTime="2009-11-05T10:06:02.6222840-05:00" endTime="2009-11-05T10:06:10.1696903-05:00" testType="13cdc9d9-ddb5-4fa4-a97d-d965ccfc6d4b" outcome="Passed" testListId="8c84fa94-04c1-424b-9868-57a2d4851a1d">
      <Output>
        <StdOut>11/5/2009 10:06:06 AM</StdOut>
      </Output>
    </UnitTestResult>
    <UnitTestResult executionId="b8cf6b09-1c14-42cf-82fe-34185249aa53" testId="f30e54cc-2b9f-799d-c5c6-59c782fd680e" testName="TestNegationBuildCashRates" computerName="NYCSPF20092" duration="00:00:01.5912012" startTime="2009-11-05T10:06:10.1696903-05:00" endTime="2009-11-05T10:06:11.7635525-05:00" testType="13cdc9d9-ddb5-4fa4-a97d-d965ccfc6d4b" outcome="Passed" testListId="8c84fa94-04c1-424b-9868-57a2d4851a1d">
      <Output>
      </Output>
    </UnitTestResult>
    <UnitTestResult executionId="2bf96d41-99dc-4386-9f24-2f1a8c8dddb9" testId="23ae4ff7-4b27-3509-e2d5-c9fa68871560" testName="TestNegationBuildCashToSpotRates" computerName="NYCSPF20092" duration="00:00:00.3239089" startTime="2009-11-05T10:06:11.7635525-05:00" endTime="2009-11-05T10:06:12.0917006-05:00" testType="13cdc9d9-ddb5-4fa4-a97d-d965ccfc6d4b" outcome="Passed" testListId="8c84fa94-04c1-424b-9868-57a2d4851a1d">
      <Output>
      </Output>
    </UnitTestResult>
    <UnitTestResult executionId="ecfcbcf1-38df-4460-824e-4de068c2a083" testId="e6547853-68d2-473f-6f2e-57b12c7bfe82" testName="TestNegationBuildFutureRates" computerName="NYCSPF20092" duration="00:00:02.1100295" startTime="2009-11-05T10:06:12.1073267-05:00" endTime="2009-11-05T10:06:14.2168502-05:00" testType="13cdc9d9-ddb5-4fa4-a97d-d965ccfc6d4b" outcome="Passed" testListId="8c84fa94-04c1-424b-9868-57a2d4851a1d">
      <Output>
      </Output>
    </UnitTestResult>
    <UnitTestResult executionId="5c1d33a0-9ced-415b-b3db-7c1880522d64" testId="11e684f7-076b-ad77-5662-eb09efce424a" testName="TestNegationBuildSwapRates" computerName="NYCSPF20092" duration="00:00:01.7878242" startTime="2009-11-05T10:06:14.2168502-05:00" endTime="2009-11-05T10:06:16.0138517-05:00" testType="13cdc9d9-ddb5-4fa4-a97d-d965ccfc6d4b" outcome="Passed" testListId="8c84fa94-04c1-424b-9868-57a2d4851a1d">
      <Output>
      </Output>
    </UnitTestResult>
    <UnitTestResult executionId="1977facb-243f-4e6c-85f4-26c569b93201" testId="68b22fde-a75b-f392-6764-5e52359e0823" testName="TestNegationCapVolSmileRemove" computerName="NYCSPF20092" duration="00:00:00.3087588" startTime="2009-11-05T10:06:16.0138517-05:00" endTime="2009-11-05T10:06:16.3263737-05:00" testType="13cdc9d9-ddb5-4fa4-a97d-d965ccfc6d4b" outcome="Passed" testListId="8c84fa94-04c1-424b-9868-57a2d4851a1d">
      <Output>
      </Output>
    </UnitTestResult>
    <UnitTestResult executionId="91e96890-dd34-44e6-8f0f-218c8e36d861" testId="46cd5df9-2085-bec4-e632-ab961de6c391" testName="TestNegationCapVolTenorRemove" computerName="NYCSPF20092" duration="00:00:00.3151347" startTime="2009-11-05T10:06:16.3263737-05:00" endTime="2009-11-05T10:06:16.6545218-05:00" testType="13cdc9d9-ddb5-4fa4-a97d-d965ccfc6d4b" outcome="Passed" testListId="8c84fa94-04c1-424b-9868-57a2d4851a1d">
      <Output>
      </Output>
    </UnitTestResult>
    <UnitTestResult executionId="665db444-408e-4c6a-8671-1dbae180164d" testId="7bc8aa53-a7c5-f4e4-8b78-2b16b8bfa998" testName="TestNegationCapVolVolPtsRemove" computerName="NYCSPF20092" duration="00:00:00.3150243" startTime="2009-11-05T10:06:16.6545218-05:00" endTime="2009-11-05T10:06:16.9826699-05:00" testType="13cdc9d9-ddb5-4fa4-a97d-d965ccfc6d4b" outcome="Passed" testListId="8c84fa94-04c1-424b-9868-57a2d4851a1d">
      <Output>
      </Output>
    </UnitTestResult>
    <UnitTestResult executionId="afe0e648-c1f6-4439-afe8-27ca7d7369b2" testId="b8bf225f-1deb-872c-8594-6f7031474f2c" testName="TestNegationCreateAndStoreFxIdxCrvsFrmIr" computerName="NYCSPF20092" duration="00:00:00.4796550" startTime="2009-11-05T10:06:16.9826699-05:00" endTime="2009-11-05T10:06:17.4670790-05:00" testType="13cdc9d9-ddb5-4fa4-a97d-d965ccfc6d4b" outcome="Passed" testListId="8c84fa94-04c1-424b-9868-57a2d4851a1d">
      <Output>
      </Output>
    </UnitTestResult>
    <UnitTestResult executionId="530b5fbb-8fd7-42f6-9dd9-fd5e1e64ecdd" testId="54649b14-31a6-e602-ee80-62e3c288c317" testName="TestNegationSwptnVolVolPtsRemove" computerName="NYCSPF20092" duration="00:00:00.2754047" startTime="2009-11-05T10:06:17.4983312-05:00" endTime="2009-11-05T10:06:17.7796010-05:00" testType="13cdc9d9-ddb5-4fa4-a97d-d965ccfc6d4b" outcome="Passed" testListId="8c84fa94-04c1-424b-9868-57a2d4851a1d">
      <Output>
      </Output>
    </UnitTestResult>
    <UnitTestResult executionId="2ac7c68e-0458-4fe9-9528-dba399f78d84" testId="77aecc22-9783-8e81-6de8-3ef0b57ceabb" testName="TestPopulateCurve" computerName="NYCSPF20092" duration="00:00:00.6585344" startTime="2009-11-05T10:06:17.7796010-05:00" endTime="2009-11-05T10:06:18.4515233-05:00" testType="13cdc9d9-ddb5-4fa4-a97d-d965ccfc6d4b" outcome="Passed" testListId="8c84fa94-04c1-424b-9868-57a2d4851a1d">
      <Output>
      </Output>
    </UnitTestResult>
    <UnitTestResult executionId="eb8d9402-dba6-4788-bc1c-c7e550e7446e" testId="6aedbc8d-bcff-d9fa-32ae-b1ee2c7519da" testName="TestPopulateFXCurve" computerName="NYCSPF20092" duration="00:00:00.2127557" startTime="2009-11-05T10:06:18.4515233-05:00" endTime="2009-11-05T10:06:18.6702887-05:00" testType="13cdc9d9-ddb5-4fa4-a97d-d965ccfc6d4b" outcome="Passed" testListId="8c84fa94-04c1-424b-9868-57a2d4851a1d">
      <Output>
      </Output>
    </UnitTestResult>
    <UnitTestResult executionId="32095b57-832b-464a-b529-0114f4c8da23" testId="e3304f8a-5cf1-6e50-d466-fcc13854332c" testName="TestRetrieveCurve" computerName="NYCSPF20092" duration="00:00:00.6834606" startTime="2009-11-05T10:06:18.6702887-05:00" endTime="2009-11-05T10:06:19.3578371-05:00" testType="13cdc9d9-ddb5-4fa4-a97d-d965ccfc6d4b" outcome="Passed" testListId="8c84fa94-04c1-424b-9868-57a2d4851a1d">
      <Output>
      </Output>
    </UnitTestResult>
    <UnitTestResult executionId="6dcc5ece-c5b4-4b16-8324-f8423cf96c33" testId="4dff4c73-2d4e-155e-823a-85618210ecdb" testName="TestSaveCurve" computerName="NYCSPF20092" duration="00:00:00.7288788" startTime="2009-11-05T10:06:19.3578371-05:00" endTime="2009-11-05T10:06:20.0922638-05:00" testType="13cdc9d9-ddb5-4fa4-a97d-d965ccfc6d4b" outcome="Passed" testListId="8c84fa94-04c1-424b-9868-57a2d4851a1d">
      <Output>
      </Output>
    </UnitTestResult>
    <UnitTestResult executionId="f215c422-4f8c-4391-a358-5fd6d58cbe5d" testId="a05e74c3-b6a2-31f0-edd4-fa602310311f" testName="TestSelectCurveFromWarehouseCombineEx" computerName="NYCSPF20092" duration="00:00:00.0674703" startTime="2009-11-05T10:06:20.0922638-05:00" endTime="2009-11-05T10:06:20.1703943-05:00" testType="13cdc9d9-ddb5-4fa4-a97d-d965ccfc6d4b" outcome="Passed" testListId="8c84fa94-04c1-424b-9868-57a2d4851a1d">
      <Output>
      </Output>
    </UnitTestResult>
    <UnitTestResult executionId="28654f1c-2aff-4ca2-bb71-56f2421bd40a" testId="dc270fb8-be75-6f2b-5b7e-9ab1bba09481" testName="TestSelectCurveFromWarehouseEq" computerName="NYCSPF20092" duration="00:00:00.0499658" startTime="2009-11-05T10:06:20.1703943-05:00" endTime="2009-11-05T10:06:20.2172726-05:00" testType="13cdc9d9-ddb5-4fa4-a97d-d965ccfc6d4b" outcome="Passed" testListId="8c84fa94-04c1-424b-9868-57a2d4851a1d">
      <Output>
      </Output>
    </UnitTestResult>
    <UnitTestResult executionId="2e91dbef-dd15-429f-a5b9-7b93be94e067" testId="fffb29b4-054e-e4e7-0763-d9fc90b9730a" testName="TestSelectFromDatabase" computerName="NYCSPF20092" duration="00:00:00.0567246" startTime="2009-11-05T10:06:20.2328987-05:00" endTime="2009-11-05T10:06:20.2797770-05:00" testType="13cdc9d9-ddb5-4fa4-a97d-d965ccfc6d4b" outcome="Passed" testListId="8c84fa94-04c1-424b-9868-57a2d4851a1d">
      <Output>
      </Output>
    </UnitTestResult>
    <UnitTestResult executionId="ee8091b8-0bfe-4362-81a1-23c249869073" testId="9c616202-519d-557d-5250-9a82fb67f5ad" testName="TestSelectFromDatabaseWithGroupBy" computerName="NYCSPF20092" duration="00:00:00.0755792" startTime="2009-11-05T10:06:20.2954031-05:00" endTime="2009-11-05T10:06:20.3735336-05:00" testType="13cdc9d9-ddb5-4fa4-a97d-d965ccfc6d4b" outcome="Passed" testListId="8c84fa94-04c1-424b-9868-57a2d4851a1d">
      <Output>
      </Output>
    </UnitTestResult>
    <UnitTestResult executionId="d269b8eb-c99c-469e-ac77-b075c777469b" testId="d32ea693-e412-c0b0-00e5-622d9bc3354e" testName="TestSelectFromWarehouseNotEq" computerName="NYCSPF20092" duration="00:00:00.0488146" startTime="2009-11-05T10:06:20.3735336-05:00" endTime="2009-11-05T10:06:20.4204119-05:00" testType="13cdc9d9-ddb5-4fa4-a97d-d965ccfc6d4b" outcome="Passed" testListId="8c84fa94-04c1-424b-9868-57a2d4851a1d">
      <Output>
      </Output>
    </UnitTestResult>
    <UnitTestResult executionId="ba87f9a4-95ac-482d-8f44-7857e7861e14" testId="6c1ea4bc-8fba-be9f-8792-6eb3eb8acc9d" testName="TestSetCvSmileDataView" computerName="NYCSPF20092" duration="00:00:00.6182062" startTime="2009-11-05T10:06:20.4204119-05:00" endTime="2009-11-05T10:06:21.0454559-05:00" testType="13cdc9d9-ddb5-4fa4-a97d-d965ccfc6d4b" outcome="Passed" testListId="8c84fa94-04c1-424b-9868-57a2d4851a1d">
      <Output>
      </Output>
    </UnitTestResult>
    <UnitTestResult executionId="62213721-c2dc-4876-9143-a32f62c49210" testId="e56c809e-d147-851a-9a6e-bd3d35cfc89c" testName="TestSetSvSmileDataView" computerName="NYCSPF20092" duration="00:00:00.5965954" startTime="2009-11-05T10:06:21.0454559-05:00" endTime="2009-11-05T10:06:21.6548738-05:00" testType="13cdc9d9-ddb5-4fa4-a97d-d965ccfc6d4b" outcome="Passed" testListId="8c84fa94-04c1-424b-9868-57a2d4851a1d">
      <Output>
      </Output>
    </UnitTestResult>
    <UnitTestResult executionId="96f399ba-44a4-40f6-a29e-3919089ca0b5" testId="c6174118-2f40-fdf6-a693-3e3b6628c478" testName="TestSwptnVolSmileAdd" computerName="NYCSPF20092" duration="00:00:00.6053932" startTime="2009-11-05T10:06:21.6548738-05:00" endTime="2009-11-05T10:06:22.2642917-05:00" testType="13cdc9d9-ddb5-4fa4-a97d-d965ccfc6d4b" outcome="Passed" testListId="8c84fa94-04c1-424b-9868-57a2d4851a1d">
      <Output>
      </Output>
    </UnitTestResult>
    <UnitTestResult executionId="c22351e2-8ddc-433f-97ce-f585bbfaec22" testId="7a33d997-f893-8216-2411-9bac6fd447e5" testName="TestSwptnVolSmileRemove" computerName="NYCSPF20092" duration="00:00:00.6142486" startTime="2009-11-05T10:06:22.2642917-05:00" endTime="2009-11-05T10:06:22.8893357-05:00" testType="13cdc9d9-ddb5-4fa4-a97d-d965ccfc6d4b" outcome="Passed" testListId="8c84fa94-04c1-424b-9868-57a2d4851a1d">
      <Output>
      </Output>
    </UnitTestResult>
    <UnitTestResult executionId="04eab8db-8eb4-41a1-9532-6608671fbd92" testId="a2824829-eba5-50ee-cea6-8b91818e759c" testName="TestSwptnVolSmilesNumberIncrease" computerName="NYCSPF20092" duration="00:00:00.2659948" startTime="2009-11-05T10:06:22.8893357-05:00" endTime="2009-11-05T10:06:23.1549794-05:00" testType="13cdc9d9-ddb5-4fa4-a97d-d965ccfc6d4b" outcome="Passed" testListId="8c84fa94-04c1-424b-9868-57a2d4851a1d">
      <Output>
      </Output>
    </UnitTestResult>
    <UnitTestResult executionId="552eb711-4c98-461b-b96c-13b7a4f3f290" testId="2a8a5e6e-cb9d-6b1e-d331-3b8cdfa5cc47" testName="TestSwptnVolTenorAdd" computerName="NYCSPF20092" duration="00:00:00.6186680" startTime="2009-11-05T10:06:23.1706055-05:00" endTime="2009-11-05T10:06:23.7800234-05:00" testType="13cdc9d9-ddb5-4fa4-a97d-d965ccfc6d4b" outcome="Passed" testListId="8c84fa94-04c1-424b-9868-57a2d4851a1d">
      <Output>
      </Output>
    </UnitTestResult>
    <UnitTestResult executionId="fd7de9a5-091a-4a4d-a2f6-d264d297918b" testId="2a72a93f-e306-a1be-cdc8-0a9446bff7fa" testName="TestSwptnVolTenorRemove" computerName="NYCSPF20092" duration="00:00:00.6133192" startTime="2009-11-05T10:06:23.7800234-05:00" endTime="2009-11-05T10:06:24.4050674-05:00" testType="13cdc9d9-ddb5-4fa4-a97d-d965ccfc6d4b" outcome="Passed" testListId="8c84fa94-04c1-424b-9868-57a2d4851a1d">
      <Output>
      </Output>
    </UnitTestResult>
    <UnitTestResult executionId="5579c88a-3f4f-47bf-9ce9-b83eaff9d56a" testId="2ce81d07-b2ab-ce3c-8b61-39e938ee62aa" testName="TestSwptnVolVolPtsAdd" computerName="NYCSPF20092" duration="00:00:00.6174242" startTime="2009-11-05T10:06:24.4050674-05:00" endTime="2009-11-05T10:06:25.0301114-05:00" testType="13cdc9d9-ddb5-4fa4-a97d-d965ccfc6d4b" outcome="Passed" testListId="8c84fa94-04c1-424b-9868-57a2d4851a1d">
      <Output>
      </Output>
    </UnitTestResult>
    <UnitTestResult executionId="0b48f10b-605f-4d4a-9ad7-79afe2c4cda9" testId="fe1a28b6-55c2-a2b6-853d-98511318340c" testName="TestSwptnVolVolPtsRemove" computerName="NYCSPF20092" duration="00:00:00.6109678" startTime="2009-11-05T10:06:25.0301114-05:00" endTime="2009-11-05T10:06:25.6551554-05:00" testType="13cdc9d9-ddb5-4fa4-a97d-d965ccfc6d4b" outcome="Passed" testListId="8c84fa94-04c1-424b-9868-57a2d4851a1d">
      <Output>
      </Output>
    </UnitTestResult>
    <UnitTestResult executionId="fb3bcdac-118f-440a-baf9-12ae75d9b8bc" testId="13f472db-8522-48c5-9def-4094dcc27da1" testName="TestUpdateCurveStatus" computerName="NYCSPF20092" duration="00:00:00.0787763" startTime="2009-11-05T10:06:25.6551554-05:00" endTime="2009-11-05T10:06:25.7332859-05:00" testType="13cdc9d9-ddb5-4fa4-a97d-d965ccfc6d4b" outcome="Passed" testListId="8c84fa94-04c1-424b-9868-57a2d4851a1d">
      <Output>
      </Output>
    </UnitTestResult>
    <UnitTestResult executionId="16398fac-f2dd-4974-b6f5-5c7b880a5dff" testId="867592b3-7190-5538-fa8a-40edc6aeb2ae" testName="TestWarehouseBuildDfNewMarket" computerName="NYCSPF20092" duration="00:00:00.8992218" startTime="2009-11-05T10:06:25.7332859-05:00" endTime="2009-11-05T10:06:26.6395997-05:00" testType="13cdc9d9-ddb5-4fa4-a97d-d965ccfc6d4b" outcome="Passed" testListId="8c84fa94-04c1-424b-9868-57a2d4851a1d">
      <Output>
      </Output>
    </UnitTestResult>
    <UnitTestResult executionId="13a5b81b-0ddf-4b08-ae89-dab5156425e7" testId="f32e9c19-92ce-7fa0-b367-2fa5f755ea5b" testName="TestWsOfficialCrvIndicator" computerName="NYCSPF20092" duration="00:00:00.7716488" startTime="2009-11-05T10:06:26.6395997-05:00" endTime="2009-11-05T10:06:27.4209047-05:00" testType="13cdc9d9-ddb5-4fa4-a97d-d965ccfc6d4b" outcome="Passed" testListId="8c84fa94-04c1-424b-9868-57a2d4851a1d">
      <Output>
      </Output>
    </UnitTestResult>
    <UnitTestResult executionId="f4618bb4-fc24-44b3-b3ba-d797a717a9d4" testId="c4357c3c-bf43-0385-6660-7fbb64991719" testName="TestDBRateProvider" computerName="NYCSPF20092" duration="00:00:06.6849012" startTime="2009-11-05T10:06:27.4209047-05:00" endTime="2009-11-05T10:06:34.1713799-05:00" testType="13cdc9d9-ddb5-4fa4-a97d-d965ccfc6d4b" outcome="Passed" testListId="8c84fa94-04c1-424b-9868-57a2d4851a1d">
      <Output>
      </Output>
    </UnitTestResult>
    <UnitTestResult executionId="19e310e5-d267-45c8-adb3-f9a46190bb27" testId="873d6368-528a-73f0-95fd-2b658d22dc14" testName="TestEnumGroups" computerName="NYCSPF20092" duration="00:00:00.0316802" startTime="2009-11-05T10:06:34.1713799-05:00" endTime="2009-11-05T10:06:34.2182582-05:00" testType="13cdc9d9-ddb5-4fa4-a97d-d965ccfc6d4b" outcome="Passed" testListId="8c84fa94-04c1-424b-9868-57a2d4851a1d">
      <Output>
      </Output>
    </UnitTestResult>
    <UnitTestResult executionId="fe2f74ea-5c77-41ec-8908-7c7135705dee" testId="d5243573-b00d-ad2b-6d6d-0d66551d120d" testName="TestExpressionFailParse" computerName="NYCSPF20092" duration="00:00:00.3504189" startTime="2009-11-05T10:06:34.2182582-05:00" endTime="2009-11-05T10:06:48.5005136-05:00" testType="13cdc9d9-ddb5-4fa4-a97d-d965ccfc6d4b" outcome="Passed" testListId="8c84fa94-04c1-424b-9868-57a2d4851a1d">
      <Output>
      </Output>
    </UnitTestResult>
    <UnitTestResult executionId="a76bf751-0881-4ebf-b07d-b203af124210" testId="77797147-c661-8d7c-e910-a1769d7cbb17" testName="TestExpressionRetrieve" computerName="NYCSPF20092" duration="00:00:00.1387442" startTime="2009-11-05T10:06:48.5005136-05:00" endTime="2009-11-05T10:06:48.6411485-05:00" testType="13cdc9d9-ddb5-4fa4-a97d-d965ccfc6d4b" outcome="Passed" testListId="8c84fa94-04c1-424b-9868-57a2d4851a1d">
      <Output>
      </Output>
    </UnitTestResult>
    <UnitTestResult executionId="2218140d-54ed-4dca-aeba-42a325bee255" testId="1c802b0f-e75e-88ff-e4e1-f708a7859f84" testName="TestFilterLiveMarkets" computerName="NYCSPF20092" duration="00:00:05.0849853" startTime="2009-11-05T10:06:48.6411485-05:00" endTime="2009-11-05T10:06:53.7352571-05:00" testType="13cdc9d9-ddb5-4fa4-a97d-d965ccfc6d4b" outcome="Failed" testListId="8c84fa94-04c1-424b-9868-57a2d4851a1d">
      <Output>
        <ErrorInfo>
          <Message>Assert.AreEqual failed. Expected:&lt;1&gt;. Actual:&lt;2&gt;. </Message>
          <StackTrace>   at WallStreetSystems.StructuredProducts.Interop.Test.ExpressionTests.TestFilterLiveMarkets()
</StackTrace>
        </ErrorInfo>
      </Output>
    </UnitTestResult>
    <UnitTestResult executionId="d3a1dc97-6c88-42a9-89ee-fbeb315cbb1a" testId="9e389205-436a-00e7-d501-cc3476668251" testName="TestParseLargeLogicalExpression" computerName="NYCSPF20092" duration="00:00:00.0323330" startTime="2009-11-05T10:06:53.7352571-05:00" endTime="2009-11-05T10:06:53.7821354-05:00" testType="13cdc9d9-ddb5-4fa4-a97d-d965ccfc6d4b" outcome="Passed" testListId="8c84fa94-04c1-424b-9868-57a2d4851a1d">
      <Output>
      </Output>
    </UnitTestResult>
    <UnitTestResult executionId="84318145-3b78-4381-aa62-121c31cc7d09" testId="f5060a9d-3f9e-b431-30ee-6eea618c219d" testName="TestParseLikeExpression" computerName="NYCSPF20092" duration="00:00:00.0118833" startTime="2009-11-05T10:06:53.7821354-05:00" endTime="2009-11-05T10:06:53.7977615-05:00" testType="13cdc9d9-ddb5-4fa4-a97d-d965ccfc6d4b" outcome="Passed" testListId="8c84fa94-04c1-424b-9868-57a2d4851a1d">
      <Output>
      </Output>
    </UnitTestResult>
    <UnitTestResult executionId="2ecfab86-4724-431e-87cb-4e8f93e61c19" testId="4742f4c4-6559-9d53-cd74-ebdd065d418d" testName="TestParseStringWithNewlineChar" computerName="NYCSPF20092" duration="00:00:00.0136494" startTime="2009-11-05T10:06:53.7977615-05:00" endTime="2009-11-05T10:06:53.8133876-05:00" testType="13cdc9d9-ddb5-4fa4-a97d-d965ccfc6d4b" outcome="Passed" testListId="8c84fa94-04c1-424b-9868-57a2d4851a1d">
      <Output>
      </Output>
    </UnitTestResult>
    <UnitTestResult executionId="68517f48-1c11-427a-b1a7-6092d3f218c1" testId="b87c3137-153b-2cd6-6289-0d840de7b407" testName="TestParseTradeProperties" computerName="NYCSPF20092" duration="00:00:00.0113194" startTime="2009-11-05T10:06:53.8133876-05:00" endTime="2009-11-05T10:06:53.8290137-05:00" testType="13cdc9d9-ddb5-4fa4-a97d-d965ccfc6d4b" outcome="Passed" testListId="8c84fa94-04c1-424b-9868-57a2d4851a1d">
      <Output>
      </Output>
    </UnitTestResult>
    <UnitTestResult executionId="3c7422dd-60c9-40aa-b1de-3da691f6b0b4" testId="4014d7fc-c5cf-d48d-a6e6-7fe42069c9d3" testName="TestParseTradePropertiesAsList" computerName="NYCSPF20092" duration="00:00:00.0121298" startTime="2009-11-05T10:06:53.8290137-05:00" endTime="2009-11-05T10:06:53.8446398-05:00" testType="13cdc9d9-ddb5-4fa4-a97d-d965ccfc6d4b" outcome="Passed" testListId="8c84fa94-04c1-424b-9868-57a2d4851a1d">
      <Output>
      </Output>
    </UnitTestResult>
    <UnitTestResult executionId="345ae49b-fec9-4493-8dfc-087131068e13" testId="2cefa6a4-ecc9-a45c-5c47-d84b94a7ba23" testName="TestParseTradePropertiesAsListOfSeparateOperands" computerName="NYCSPF20092" duration="00:00:00.0107383" startTime="2009-11-05T10:06:53.8446398-05:00" endTime="2009-11-05T10:06:53.8602659-05:00" testType="13cdc9d9-ddb5-4fa4-a97d-d965ccfc6d4b" outcome="Passed" testListId="8c84fa94-04c1-424b-9868-57a2d4851a1d">
      <Output>
      </Output>
    </UnitTestResult>
    <UnitTestResult executionId="c9e4981c-622d-4671-b918-a39d4b8b87f1" testId="fe3271f7-148d-e2fc-b6f5-6eff9b7da2f7" testName="TestSortMarkets" computerName="NYCSPF20092" duration="00:00:05.8614774" startTime="2009-11-05T10:06:53.8602659-05:00" endTime="2009-11-05T10:06:59.7356795-05:00" testType="13cdc9d9-ddb5-4fa4-a97d-d965ccfc6d4b" outcome="Passed" testListId="8c84fa94-04c1-424b-9868-57a2d4851a1d">
      <Output>
      </Output>
    </UnitTestResult>
    <UnitTestResult executionId="686c2486-9236-46da-9586-f575ba60d81d" testId="67c9fd86-d77a-16e6-b0f7-1eda07e33ac9" testName="TestSortRatesetInquiry" computerName="NYCSPF20092" duration="00:00:10.7336713" startTime="2009-11-05T10:06:59.7356795-05:00" endTime="2009-11-05T10:07:10.4864363-05:00" testType="13cdc9d9-ddb5-4fa4-a97d-d965ccfc6d4b" outcome="Passed" testListId="8c84fa94-04c1-424b-9868-57a2d4851a1d">
      <Output>
      </Output>
    </UnitTestResult>
    <UnitTestResult executionId="790af3bd-1a11-41af-b8d1-fd3abd2daf25" testId="21a4b2b9-43f9-2104-a6a8-fb6d172e22cf" testName="TestStringLengthAsConstantExpression" computerName="NYCSPF20092" duration="00:00:00.0118015" startTime="2009-11-05T10:07:10.4864363-05:00" endTime="2009-11-05T10:07:10.5020624-05:00" testType="13cdc9d9-ddb5-4fa4-a97d-d965ccfc6d4b" outcome="Passed" testListId="8c84fa94-04c1-424b-9868-57a2d4851a1d">
      <Output>
      </Output>
    </UnitTestResult>
    <UnitTestResult executionId="c7095f37-92cb-416a-b56f-f8d5dabd8397" testId="2c69f06c-4c23-0578-46ae-4512226351cc" testName="TestFuturesContacts" computerName="NYCSPF20092" duration="00:00:00.2833551" startTime="2009-11-05T10:07:10.5020624-05:00" endTime="2009-11-05T10:07:10.8614627-05:00" testType="13cdc9d9-ddb5-4fa4-a97d-d965ccfc6d4b" outcome="Passed" testListId="8c84fa94-04c1-424b-9868-57a2d4851a1d">
      <Output>
      </Output>
    </UnitTestResult>
    <UnitTestResult executionId="5f887000-473c-431f-9a62-770dac9c4fd7" testId="165c539b-79f7-dd32-e05a-2f8d9a21e48d" testName="TestFuturesContractListRemoveFail" computerName="NYCSPF20092" duration="00:00:00.2129249" startTime="2009-11-05T10:07:10.8614627-05:00" endTime="2009-11-05T10:07:11.0802281-05:00" testType="13cdc9d9-ddb5-4fa4-a97d-d965ccfc6d4b" outcome="Failed" testListId="8c84fa94-04c1-424b-9868-57a2d4851a1d">
      <Output>
        <ErrorInfo>
          <Message>Assert.AreEqual failed. Expected:&lt;0&gt;. Actual:&lt;6&gt;. After Remove Futures Contract List Count must be zero.</Message>
          <StackTrace>   at WallStreetSystems.StructuredProducts.Interop.Test.FuturesTests.TestFuturesContractListRemoveFail()
</StackTrace>
        </ErrorInfo>
      </Output>
    </UnitTestResult>
    <UnitTestResult executionId="f42a7eac-728b-4d72-902c-f786b9b2fe66" testId="73a971f3-e34f-34cd-6bd0-4432f7592fcc" testName="TestFuturesEnums" computerName="NYCSPF20092" duration="00:00:00.0167885" startTime="2009-11-05T10:07:11.0802281-05:00" endTime="2009-11-05T10:07:11.1114803-05:00" testType="13cdc9d9-ddb5-4fa4-a97d-d965ccfc6d4b" outcome="Passed" testListId="8c84fa94-04c1-424b-9868-57a2d4851a1d">
      <Output>
      </Output>
    </UnitTestResult>
    <UnitTestResult executionId="a6cfd42f-fbe2-4704-9acb-7980bffea8ad" testId="8a382010-5157-ea0c-8604-4dbc3fb85ca9" testName="TestFuturesExchanges" computerName="NYCSPF20092" duration="00:00:00.1731113" startTime="2009-11-05T10:07:11.1114803-05:00" endTime="2009-11-05T10:07:11.2833674-05:00" testType="13cdc9d9-ddb5-4fa4-a97d-d965ccfc6d4b" outcome="Passed" testListId="8c84fa94-04c1-424b-9868-57a2d4851a1d">
      <Output>
      </Output>
    </UnitTestResult>
    <UnitTestResult executionId="b754bcaf-ad8a-4198-8017-fa45ea96b223" testId="e2fe47a1-d044-cd03-06ba-7766247301aa" testName="TestFuturesTransactions" computerName="NYCSPF20092" duration="00:00:00.6438510" startTime="2009-11-05T10:07:11.2833674-05:00" endTime="2009-11-05T10:07:11.9396636-05:00" testType="13cdc9d9-ddb5-4fa4-a97d-d965ccfc6d4b" outcome="Passed" testListId="8c84fa94-04c1-424b-9868-57a2d4851a1d">
      <Output>
      </Output>
    </UnitTestResult>
    <UnitTestResult executionId="ce1179de-357f-44a7-b38e-12ad5177c8b9" testId="301f9da2-2cc4-1b47-53e9-101d41dc01b5" testName="TestGetFuturesContractBySymbol" computerName="NYCSPF20092" duration="00:00:02.0680481" startTime="2009-11-05T10:07:11.9396636-05:00" endTime="2009-11-05T10:07:14.0179349-05:00" testType="13cdc9d9-ddb5-4fa4-a97d-d965ccfc6d4b" outcome="Passed" testListId="8c84fa94-04c1-424b-9868-57a2d4851a1d">
      <Output>
      </Output>
    </UnitTestResult>
    <UnitTestResult executionId="d2934895-feb8-4155-bbed-f6286887eefe" testId="2cfff909-d3bc-dac7-267c-b1bf657fa9e1" testName="TestSaveContractWithEmptyTenor" computerName="NYCSPF20092" duration="00:00:00.0891078" startTime="2009-11-05T10:07:14.0179349-05:00" endTime="2009-11-05T10:07:14.1116915-05:00" testType="13cdc9d9-ddb5-4fa4-a97d-d965ccfc6d4b" outcome="Passed" testListId="8c84fa94-04c1-424b-9868-57a2d4851a1d">
      <Output>
      </Output>
    </UnitTestResult>
    <UnitTestResult executionId="fd095710-9e63-4c28-950a-f681806d9bfa" testId="ca292a58-a95f-9cfc-d818-316b66f5dd7d" testName="TestGroupPermissions" computerName="NYCSPF20092" duration="00:00:00.2528637" startTime="2009-11-05T10:07:14.1116915-05:00" endTime="2009-11-05T10:07:14.4398396-05:00" testType="13cdc9d9-ddb5-4fa4-a97d-d965ccfc6d4b" outcome="Passed" testListId="8c84fa94-04c1-424b-9868-57a2d4851a1d">
      <Output>
      </Output>
    </UnitTestResult>
    <UnitTestResult executionId="51aca840-58ac-434d-b99a-796d15437c2b" testId="b98a8cb3-0219-942a-0809-c6c5c9c71d0c" testName="ClearHolidayList" computerName="NYCSPF20092" duration="00:00:00.0039579" startTime="2009-11-05T10:07:14.4398396-05:00" endTime="2009-11-05T10:07:14.5179701-05:00" testType="13cdc9d9-ddb5-4fa4-a97d-d965ccfc6d4b" outcome="Passed" testListId="8c84fa94-04c1-424b-9868-57a2d4851a1d">
      <Output>
      </Output>
    </UnitTestResult>
    <UnitTestResult executionId="81d741c1-f785-4ebe-8043-7c4746ef47d4" testId="02579b15-9a4d-fcf4-1044-05e5667acf82" testName="GetHolidays" computerName="NYCSPF20092" duration="00:00:00.0131922" startTime="2009-11-05T10:07:14.5179701-05:00" endTime="2009-11-05T10:07:14.5335962-05:00" testType="13cdc9d9-ddb5-4fa4-a97d-d965ccfc6d4b" outcome="Passed" testListId="8c84fa94-04c1-424b-9868-57a2d4851a1d">
      <Output>
      </Output>
    </UnitTestResult>
    <UnitTestResult executionId="5c43c986-8944-46db-b3be-7ad122fe4b2d" testId="537992fe-a708-85fc-162f-d7f30fd94339" testName="GetHolidaysTable" computerName="NYCSPF20092" duration="00:00:00.0020637" startTime="2009-11-05T10:07:14.5335962-05:00" endTime="2009-11-05T10:07:14.5335962-05:00" testType="13cdc9d9-ddb5-4fa4-a97d-d965ccfc6d4b" outcome="Passed" testListId="8c84fa94-04c1-424b-9868-57a2d4851a1d">
      <Output>
      </Output>
    </UnitTestResult>
    <UnitTestResult executionId="70de180b-90d8-4c19-b879-de08caffee56" testId="ea46ab97-0c1b-cdd0-6909-e618ee3c277b" testName="HolidayListToFile" computerName="NYCSPF20092" duration="00:00:00.0362148" startTime="2009-11-05T10:07:14.5335962-05:00" endTime="2009-11-05T10:07:14.5804745-05:00" testType="13cdc9d9-ddb5-4fa4-a97d-d965ccfc6d4b" outcome="Passed" testListId="8c84fa94-04c1-424b-9868-57a2d4851a1d">
      <Output>
      </Output>
    </UnitTestResult>
    <UnitTestResult executionId="c2c91b80-92da-4a00-bbb4-2ba88570e17e" testId="743447b5-fcb9-6cb3-90ec-2a932957285d" testName="HolidayListToString" computerName="NYCSPF20092" duration="00:00:00.0133952" startTime="2009-11-05T10:07:14.5804745-05:00" endTime="2009-11-05T10:07:14.5961006-05:00" testType="13cdc9d9-ddb5-4fa4-a97d-d965ccfc6d4b" outcome="Passed" testListId="8c84fa94-04c1-424b-9868-57a2d4851a1d">
      <Output>
      </Output>
    </UnitTestResult>
    <UnitTestResult executionId="761c89bd-1841-451a-a8fa-4d016752a0b7" testId="becd69ae-5882-64a9-975f-b201fe119a4c" testName="TestCreateLiborHistoryCurves" computerName="NYCSPF20092" duration="00:00:00.0161771" startTime="2009-11-05T10:07:14.5961006-05:00" endTime="2009-11-05T10:07:14.6898572-05:00" testType="13cdc9d9-ddb5-4fa4-a97d-d965ccfc6d4b" outcome="Inconclusive" testListId="8c84fa94-04c1-424b-9868-57a2d4851a1d">
      <Output>
        <ErrorInfo>
          <Message>Assert.Inconclusive failed. Test disabled until a stress test suite is constructed</Message>
          <StackTrace>   at WallStreetSystems.StructuredProducts.Interop.Test.LiborHistoryTests.TestCreateLiborHistoryCurves()
</StackTrace>
        </ErrorInfo>
      </Output>
    </UnitTestResult>
    <UnitTestResult executionId="ed85bfc6-0c19-4d35-bf6a-ab72a3da3a30" testId="338ac466-b57c-91d5-84b4-332758d9a9fa" testName="TestAddLiveCvRate" computerName="NYCSPF20092" duration="00:00:00.0158441" startTime="2009-11-05T10:07:14.6898572-05:00" endTime="2009-11-05T10:07:14.7836138-05:00" testType="13cdc9d9-ddb5-4fa4-a97d-d965ccfc6d4b" outcome="Passed" testListId="8c84fa94-04c1-424b-9868-57a2d4851a1d">
      <Output>
      </Output>
    </UnitTestResult>
    <UnitTestResult executionId="1ea3797c-97d9-4c47-8ef7-fe823e027764" testId="d8136d54-86e1-bb52-28d1-acfc43863bcb" testName="TestAddLiveSvRate" computerName="NYCSPF20092" duration="00:00:00.0127001" startTime="2009-11-05T10:07:14.7836138-05:00" endTime="2009-11-05T10:07:14.7992399-05:00" testType="13cdc9d9-ddb5-4fa4-a97d-d965ccfc6d4b" outcome="Passed" testListId="8c84fa94-04c1-424b-9868-57a2d4851a1d">
      <Output>
      </Output>
    </UnitTestResult>
    <UnitTestResult executionId="2d7940d3-7119-410d-ac94-87aa90c1d9e3" testId="a68add4f-f32d-9e79-8120-6900c0eb2c71" testName="TestLiveRatesDBSources" computerName="NYCSPF20092" duration="00:00:00.0602672" startTime="2009-11-05T10:07:14.7992399-05:00" endTime="2009-11-05T10:07:14.8617443-05:00" testType="13cdc9d9-ddb5-4fa4-a97d-d965ccfc6d4b" outcome="Passed" testListId="8c84fa94-04c1-424b-9868-57a2d4851a1d">
      <Output>
      </Output>
    </UnitTestResult>
    <UnitTestResult executionId="2eb18db5-818b-4678-a3b3-d0125c198955" testId="79d49447-0f49-eda1-7416-58a150aca4d7" testName="TestLiveRatesWSSSources" computerName="NYCSPF20092" duration="00:00:00.0563465" startTime="2009-11-05T10:07:14.8617443-05:00" endTime="2009-11-05T10:07:14.9242487-05:00" testType="13cdc9d9-ddb5-4fa4-a97d-d965ccfc6d4b" outcome="Passed" testListId="8c84fa94-04c1-424b-9868-57a2d4851a1d">
      <Output>
      </Output>
    </UnitTestResult>
    <UnitTestResult executionId="973de023-42b1-4003-821b-38599bbfee49" testId="52bffe89-0b9b-151f-7383-326bd8381154" testName="TestLiveRatesXMLSources" computerName="NYCSPF20092" duration="00:00:00.0623969" startTime="2009-11-05T10:07:14.9242487-05:00" endTime="2009-11-05T10:07:15.0023792-05:00" testType="13cdc9d9-ddb5-4fa4-a97d-d965ccfc6d4b" outcome="Passed" testListId="8c84fa94-04c1-424b-9868-57a2d4851a1d">
      <Output>
      </Output>
    </UnitTestResult>
    <UnitTestResult executionId="7f908650-f988-4acc-9ace-f10cfa8a6db1" testId="e38dbe10-7483-7d22-648e-c8e73bb3a27a" testName="TestTreeModeCombinationsPackageInventoryFolders" computerName="NYCSPF20092" duration="00:00:00.0778849" startTime="2009-11-05T10:07:15.0023792-05:00" endTime="2009-11-05T10:07:15.1430141-05:00" testType="13cdc9d9-ddb5-4fa4-a97d-d965ccfc6d4b" outcome="Failed" testListId="8c84fa94-04c1-424b-9868-57a2d4851a1d">
      <Output>
        <ErrorInfo>
          <Message>Assert.AreEqual failed. Expected:&lt;514&gt;. Actual:&lt;515&gt;. Input View Mode should match resulting View Mode.</Message>
          <StackTrace>   at WallStreetSystems.StructuredProducts.Interop.Test.LocalTreeTests.TestTreeModeCombinationsPackageInventoryFolders()
</StackTrace>
        </ErrorInfo>
      </Output>
    </UnitTestResult>
    <UnitTestResult executionId="30fd490f-caac-4fd7-9f62-21101998a1c1" testId="fb2fae29-999a-e5d8-18a1-cdc478641088" testName="TestTreeModeCombinationsPackageLegs" computerName="NYCSPF20092" duration="00:00:00.1443368" startTime="2009-11-05T10:07:15.1430141-05:00" endTime="2009-11-05T10:07:15.2992751-05:00" testType="13cdc9d9-ddb5-4fa4-a97d-d965ccfc6d4b" outcome="Failed" testListId="8c84fa94-04c1-424b-9868-57a2d4851a1d">
      <Output>
        <ErrorInfo>
          <Message>Assert.AreEqual failed. Expected:&lt;66&gt;. Actual:&lt;67&gt;. Input View Mode should match resulting View Mode.</Message>
          <StackTrace>   at WallStreetSystems.StructuredProducts.Interop.Test.LocalTreeTests.TestTreeModeCombinationsPackageLegs()
</StackTrace>
        </ErrorInfo>
      </Output>
    </UnitTestResult>
    <UnitTestResult executionId="a5ec7104-fa8c-4616-a132-899916424807" testId="a7ac686b-801c-62f1-c2f9-13e8a385048a" testName="TestTreeModeCombinationsPackageLegsInventoryFolders" computerName="NYCSPF20092" duration="00:00:00.1823595" startTime="2009-11-05T10:07:15.2992751-05:00" endTime="2009-11-05T10:07:15.4867883-05:00" testType="13cdc9d9-ddb5-4fa4-a97d-d965ccfc6d4b" outcome="Failed" testListId="8c84fa94-04c1-424b-9868-57a2d4851a1d">
      <Output>
        <ErrorInfo>
          <Message>Assert.AreEqual failed. Expected:&lt;322&gt;. Actual:&lt;323&gt;. Input View Mode should match resulting View Mode.</Message>
          <StackTrace>   at WallStreetSystems.StructuredProducts.Interop.Test.LocalTreeTests.TestTreeModeCombinationsPackageLegsInventoryFolders()
</StackTrace>
        </ErrorInfo>
      </Output>
    </UnitTestResult>
    <UnitTestResult executionId="c9ee8b5d-d975-4a47-a02a-129e6b5ddbe0" testId="b5539f8a-f273-a448-fe47-4923193036a9" testName="TestTreeModeCombinationsPackageTrades" computerName="NYCSPF20092" duration="00:00:00.0768235" startTime="2009-11-05T10:07:15.4867883-05:00" endTime="2009-11-05T10:07:15.5649188-05:00" testType="13cdc9d9-ddb5-4fa4-a97d-d965ccfc6d4b" outcome="Failed" testListId="8c84fa94-04c1-424b-9868-57a2d4851a1d">
      <Output>
        <ErrorInfo>
          <Message>Assert.AreEqual failed. Expected:&lt;130&gt;. Actual:&lt;131&gt;. Input View Mode should match resulting View Mode.</Message>
          <StackTrace>   at WallStreetSystems.StructuredProducts.Interop.Test.LocalTreeTests.TestTreeModeCombinationsPackageTrades()
</StackTrace>
        </ErrorInfo>
      </Output>
    </UnitTestResult>
    <UnitTestResult executionId="29d44e11-5885-45be-8f92-5f8b69621ef8" testId="4337647f-45f3-08e0-7315-5bcd53a8c6d5" testName="TestTreeModeCombinationsPortfolioLegs" computerName="NYCSPF20092" duration="00:00:00.0656855" startTime="2009-11-05T10:07:15.5805449-05:00" endTime="2009-11-05T10:07:15.6430493-05:00" testType="13cdc9d9-ddb5-4fa4-a97d-d965ccfc6d4b" outcome="Passed" testListId="8c84fa94-04c1-424b-9868-57a2d4851a1d">
      <Output>
      </Output>
    </UnitTestResult>
    <UnitTestResult executionId="a3850023-2434-4ab6-860d-079b9a03beb6" testId="c28ec5b4-7219-93cc-71fc-b5f5e86de297" testName="TestTreeModeCombinationsPortfolioPackage" computerName="NYCSPF20092" duration="00:00:00.0725937" startTime="2009-11-05T10:07:15.6430493-05:00" endTime="2009-11-05T10:07:15.7211798-05:00" testType="13cdc9d9-ddb5-4fa4-a97d-d965ccfc6d4b" outcome="Inconclusive" testListId="8c84fa94-04c1-424b-9868-57a2d4851a1d">
      <Output>
        <ErrorInfo>
          <Message>Assert.Inconclusive failed. This test is disabled for now.</Message>
          <StackTrace>   at WallStreetSystems.StructuredProducts.Interop.Test.LocalTreeTests.TestTreeModeCombinationsPortfolioPackage()
</StackTrace>
        </ErrorInfo>
      </Output>
    </UnitTestResult>
    <UnitTestResult executionId="88533ad6-b40b-4ff3-8dee-11fb674d87bd" testId="288ad703-fa79-60ee-d2f8-da2229b539b8" testName="TestTreeModeCombinationsPortfolioTrades" computerName="NYCSPF20092" duration="00:00:00.0637062" startTime="2009-11-05T10:07:15.7211798-05:00" endTime="2009-11-05T10:07:15.7993103-05:00" testType="13cdc9d9-ddb5-4fa4-a97d-d965ccfc6d4b" outcome="Passed" testListId="8c84fa94-04c1-424b-9868-57a2d4851a1d">
      <Output>
      </Output>
    </UnitTestResult>
    <UnitTestResult executionId="44330388-5fbf-45b5-8879-34fd65fc09b7" testId="3f0b25c0-b51c-67bb-4c7e-71776ba0ebb1" testName="TestTreeModeCombinationsTradeLegs" computerName="NYCSPF20092" duration="00:00:00.0705207" startTime="2009-11-05T10:07:15.7993103-05:00" endTime="2009-11-05T10:07:15.8774408-05:00" testType="13cdc9d9-ddb5-4fa4-a97d-d965ccfc6d4b" outcome="Failed" testListId="8c84fa94-04c1-424b-9868-57a2d4851a1d">
      <Output>
        <ErrorInfo>
          <Message>Assert.AreEqual failed. Expected:&lt;192&gt;. Actual:&lt;193&gt;. </Message>
          <StackTrace>   at WallStreetSystems.StructuredProducts.Interop.Test.LocalTreeTests.TestTreeModeCombinationsTradeLegs()
</StackTrace>
        </ErrorInfo>
      </Output>
    </UnitTestResult>
    <UnitTestResult executionId="f8626e98-1a71-48ed-866b-bc72bf3936af" testId="19a4b933-04bc-98e7-9bb4-9ad13ae57610" testName="TestTreeModeCombinationsTradesInventoryFolders" computerName="NYCSPF20092" duration="00:00:00.0640248" startTime="2009-11-05T10:07:15.8774408-05:00" endTime="2009-11-05T10:07:15.9399452-05:00" testType="13cdc9d9-ddb5-4fa4-a97d-d965ccfc6d4b" outcome="Failed" testListId="8c84fa94-04c1-424b-9868-57a2d4851a1d">
      <Output>
        <ErrorInfo>
          <Message>Assert.AreEqual failed. Expected:&lt;640&gt;. Actual:&lt;641&gt;. Input View Mode should match resulting View Mode.</Message>
          <StackTrace>   at WallStreetSystems.StructuredProducts.Interop.Test.LocalTreeTests.TestTreeModeCombinationsTradesInventoryFolders()
</StackTrace>
        </ErrorInfo>
      </Output>
    </UnitTestResult>
    <UnitTestResult executionId="c570ac38-62cd-4b89-b17e-8a8e337c05ac" testId="78377cd5-a074-90cd-2c8d-74e54e55b55c" testName="TestTreeModeHN_RESERVED_CHAR_VAL_SIZE" computerName="NYCSPF20092" duration="00:00:00.0564105" startTime="2009-11-05T10:07:15.9399452-05:00" endTime="2009-11-05T10:07:16.0024496-05:00" testType="13cdc9d9-ddb5-4fa4-a97d-d965ccfc6d4b" outcome="Passed" testListId="8c84fa94-04c1-424b-9868-57a2d4851a1d">
      <Output>
      </Output>
    </UnitTestResult>
    <UnitTestResult executionId="5fb8f5d9-cae7-4de4-89e3-716330dc8e10" testId="ef38e7af-800b-6129-678b-374702194f8c" testName="TestTreeModeLEG_NUM_NOT_APP" computerName="NYCSPF20092" duration="00:00:00.6076851" startTime="2009-11-05T10:07:16.0024496-05:00" endTime="2009-11-05T10:07:16.6118675-05:00" testType="13cdc9d9-ddb5-4fa4-a97d-d965ccfc6d4b" outcome="Failed" testListId="8c84fa94-04c1-424b-9868-57a2d4851a1d">
      <Output>
        <ErrorInfo>
          <Message>Test method WallStreetSystems.StructuredProducts.Interop.Test.LocalTreeTests.TestTreeModeLEG_NUM_NOT_APP threw exception:  System.AccessViolationException: Attempted to read or write protected memory. This is often an indication that other memory is corrupt..</Message>
          <StackTrace>    at WallStreetSystems.StructuredProducts.Interop.Server.LocalTreeClass.SetViewMode(Int32 nView)
   at WallStreetSystems.StructuredProducts.Interop.Test.LocalTreeTests.TestTreeModeLEG_NUM_NOT_APP()
</StackTrace>
        </ErrorInfo>
      </Output>
    </UnitTestResult>
    <UnitTestResult executionId="6b9f55fa-60fc-40a7-b9e9-f899d6d49a17" testId="1abaeca4-2e20-098d-232a-376ad4d9f356" testName="TestTreeModeMAX_HN_RESERVED_LONG_VAL" computerName="NYCSPF20092" duration="00:00:00.0825669" startTime="2009-11-05T10:07:16.6431197-05:00" endTime="2009-11-05T10:07:16.7212502-05:00" testType="13cdc9d9-ddb5-4fa4-a97d-d965ccfc6d4b" outcome="Passed" testListId="8c84fa94-04c1-424b-9868-57a2d4851a1d">
      <Output>
      </Output>
    </UnitTestResult>
    <UnitTestResult executionId="63776fb2-115b-4b4b-bb94-ed06e904ed4d" testId="df76e11f-520d-c9f2-d152-d982802dcb61" testName="TestTreeModeMAX_TRADE_PACKAGE_NAME" computerName="NYCSPF20092" duration="00:00:00.0550453" startTime="2009-11-05T10:07:16.7368763-05:00" endTime="2009-11-05T10:07:16.7837546-05:00" testType="13cdc9d9-ddb5-4fa4-a97d-d965ccfc6d4b" outcome="Passed" testListId="8c84fa94-04c1-424b-9868-57a2d4851a1d">
      <Output>
      </Output>
    </UnitTestResult>
    <UnitTestResult executionId="a2708dcd-c362-4bf9-9f73-710f8be7782b" testId="5337fd83-1b13-96ab-1b56-e8d5cfb40cad" testName="TestTreeModeROOT_PORTFOLIO_NODE_NUMBER" computerName="NYCSPF20092" duration="00:00:00.0531970" startTime="2009-11-05T10:07:16.7993807-05:00" endTime="2009-11-05T10:07:16.8462590-05:00" testType="13cdc9d9-ddb5-4fa4-a97d-d965ccfc6d4b" outcome="Passed" testListId="8c84fa94-04c1-424b-9868-57a2d4851a1d">
      <Output>
      </Output>
    </UnitTestResult>
    <UnitTestResult executionId="8d770ecb-7821-4c29-a089-27f8d443be88" testId="7e9b519c-769f-4bce-b345-15b417803c9e" testName="TestTreeModeTREE_GROUP_SET_TERMINATOR" computerName="NYCSPF20092" duration="00:00:00.5581185" startTime="2009-11-05T10:07:16.8462590-05:00" endTime="2009-11-05T10:07:17.4087986-05:00" testType="13cdc9d9-ddb5-4fa4-a97d-d965ccfc6d4b" outcome="Failed" testListId="8c84fa94-04c1-424b-9868-57a2d4851a1d">
      <Output>
        <ErrorInfo>
          <Message>Test method WallStreetSystems.StructuredProducts.Interop.Test.LocalTreeTests.TestTreeModeTREE_GROUP_SET_TERMINATOR threw exception:  System.AccessViolationException: Attempted to read or write protected memory. This is often an indication that other memory is corrupt..</Message>
          <StackTrace>    at WallStreetSystems.StructuredProducts.Interop.Server.LocalTreeClass.Refresh()
   at WallStreetSystems.StructuredProducts.Interop.Test.LocalTreeTests.TestTreeModeTREE_GROUP_SET_TERMINATOR()
</StackTrace>
        </ErrorInfo>
      </Output>
    </UnitTestResult>
    <UnitTestResult executionId="70734458-f437-44c8-98ab-14adfe1c4fb2" testId="7ee969d9-5435-b20f-3bb8-b2a2e5f7c6e1" testName="TestTreeModeTREE_NODES_ALL" computerName="NYCSPF20092" duration="00:00:00.0688724" startTime="2009-11-05T10:07:17.4087986-05:00" endTime="2009-11-05T10:07:17.5181813-05:00" testType="13cdc9d9-ddb5-4fa4-a97d-d965ccfc6d4b" outcome="Passed" testListId="8c84fa94-04c1-424b-9868-57a2d4851a1d">
      <Output>
      </Output>
    </UnitTestResult>
    <UnitTestResult executionId="0b8c5fe3-a7ba-48e6-9511-9cc75847e5c1" testId="81771814-001b-04f2-1207-30264bb7ff83" testName="TestTreeModeTREE_NODES_FOLDERS" computerName="NYCSPF20092" duration="00:00:00.0520004" startTime="2009-11-05T10:07:17.5181813-05:00" endTime="2009-11-05T10:07:17.5650596-05:00" testType="13cdc9d9-ddb5-4fa4-a97d-d965ccfc6d4b" outcome="Passed" testListId="8c84fa94-04c1-424b-9868-57a2d4851a1d">
      <Output>
      </Output>
    </UnitTestResult>
    <UnitTestResult executionId="06456de1-e65c-46b1-a714-4f9109a12f4c" testId="f750ba6b-fb10-030c-8df0-9d92cc6282bd" testName="TestTreeModeTREE_NODES_LEAFS_ONLY" computerName="NYCSPF20092" duration="00:00:00.0672631" startTime="2009-11-05T10:07:17.5806857-05:00" endTime="2009-11-05T10:07:17.6431901-05:00" testType="13cdc9d9-ddb5-4fa4-a97d-d965ccfc6d4b" outcome="Passed" testListId="8c84fa94-04c1-424b-9868-57a2d4851a1d">
      <Output>
      </Output>
    </UnitTestResult>
    <UnitTestResult executionId="2fccf376-f780-48a9-8e2c-23e532453085" testId="5105ca7d-64a6-75c0-d752-f59c642a313f" testName="TestTreeModeTREE_NODES_LEGS_ONLY" computerName="NYCSPF20092" duration="00:00:01.3314210" startTime="2009-11-05T10:07:17.6431901-05:00" endTime="2009-11-05T10:07:18.9870347-05:00" testType="13cdc9d9-ddb5-4fa4-a97d-d965ccfc6d4b" outcome="Failed" testListId="8c84fa94-04c1-424b-9868-57a2d4851a1d">
      <Output>
        <ErrorInfo>
          <Message>Assert.AreEqual failed. Expected:&lt;2&gt;. Actual:&lt;3&gt;. </Message>
          <StackTrace>   at WallStreetSystems.StructuredProducts.Interop.Test.LocalTreeTests.TestTreeModeTREE_NODES_LEGS_ONLY()
</StackTrace>
        </ErrorInfo>
      </Output>
    </UnitTestResult>
    <UnitTestResult executionId="5ce45f01-f3da-41c1-aadf-bde811786ac9" testId="68e35b27-e671-c633-cede-9b08f6ab9875" testName="TestTreeModeTREE_VIEW_COMMODITY" computerName="NYCSPF20092" duration="00:00:00.0551515" startTime="2009-11-05T10:07:18.9870347-05:00" endTime="2009-11-05T10:07:19.0495391-05:00" testType="13cdc9d9-ddb5-4fa4-a97d-d965ccfc6d4b" outcome="Passed" testListId="8c84fa94-04c1-424b-9868-57a2d4851a1d">
      <Output>
      </Output>
    </UnitTestResult>
    <UnitTestResult executionId="eb26668d-74d4-4521-af19-aad958d59a70" testId="0b779dde-e9b1-744d-c556-a13243372a2e" testName="TestTreeModeTREE_VIEW_COUNTERPARTY" computerName="NYCSPF20092" duration="00:00:00.0558757" startTime="2009-11-05T10:07:19.0495391-05:00" endTime="2009-11-05T10:07:19.1120435-05:00" testType="13cdc9d9-ddb5-4fa4-a97d-d965ccfc6d4b" outcome="Passed" testListId="8c84fa94-04c1-424b-9868-57a2d4851a1d">
      <Output>
      </Output>
    </UnitTestResult>
    <UnitTestResult executionId="68f2f02b-94eb-4396-bfc6-03f1b18cdc75" testId="c8563f37-8e8e-c7ad-7ba7-6a2c59b30f20" testName="TestTreeModeTREE_VIEW_CURRENCY" computerName="NYCSPF20092" duration="00:00:00.0498673" startTime="2009-11-05T10:07:19.1120435-05:00" endTime="2009-11-05T10:07:19.1745479-05:00" testType="13cdc9d9-ddb5-4fa4-a97d-d965ccfc6d4b" outcome="Passed" testListId="8c84fa94-04c1-424b-9868-57a2d4851a1d">
      <Output>
      </Output>
    </UnitTestResult>
    <UnitTestResult executionId="2e24c18f-4704-45fd-aed5-0a966319411e" testId="b0724cee-e1b9-5b03-c0ff-f8e7c2dc8787" testName="TestTreeModeTREE_VIEW_CUSTOM" computerName="NYCSPF20092" duration="00:00:00.0541625" startTime="2009-11-05T10:07:19.1745479-05:00" endTime="2009-11-05T10:07:19.2370523-05:00" testType="13cdc9d9-ddb5-4fa4-a97d-d965ccfc6d4b" outcome="Failed" testListId="8c84fa94-04c1-424b-9868-57a2d4851a1d">
      <Output>
        <ErrorInfo>
          <Message>Assert.AreEqual failed. Expected:&lt;8192&gt;. Actual:&lt;8193&gt;. </Message>
          <StackTrace>   at WallStreetSystems.StructuredProducts.Interop.Test.LocalTreeTests.TestTreeModeTREE_VIEW_CUSTOM()
</StackTrace>
        </ErrorInfo>
      </Output>
    </UnitTestResult>
    <UnitTestResult executionId="0fb50235-1d2f-4296-a094-b4d427825d53" testId="47b7a3b4-4cc3-b375-9a7d-3468d27c57b9" testName="TestTreeModeTREE_VIEW_INSTRUMENT" computerName="NYCSPF20092" duration="00:00:00.0536259" startTime="2009-11-05T10:07:19.2370523-05:00" endTime="2009-11-05T10:07:19.2995567-05:00" testType="13cdc9d9-ddb5-4fa4-a97d-d965ccfc6d4b" outcome="Passed" testListId="8c84fa94-04c1-424b-9868-57a2d4851a1d">
      <Output>
      </Output>
    </UnitTestResult>
    <UnitTestResult executionId="e11a498d-adbb-44ab-8f36-a67a3ac1425a" testId="613496d1-3794-bc07-4bc3-7e60df7ff68a" testName="TestTreeModeTREE_VIEW_INVENTORY_FOLDERS" computerName="NYCSPF20092" duration="00:00:00.0724520" startTime="2009-11-05T10:07:19.2995567-05:00" endTime="2009-11-05T10:07:19.3776872-05:00" testType="13cdc9d9-ddb5-4fa4-a97d-d965ccfc6d4b" outcome="Failed" testListId="8c84fa94-04c1-424b-9868-57a2d4851a1d">
      <Output>
        <ErrorInfo>
          <Message>Assert.AreEqual failed. Expected:&lt;512&gt;. Actual:&lt;513&gt;. </Message>
          <StackTrace>   at WallStreetSystems.StructuredProducts.Interop.Test.LocalTreeTests.TestTreeModeTREE_VIEW_INVENTORY_FOLDERS()
</StackTrace>
        </ErrorInfo>
      </Output>
    </UnitTestResult>
    <UnitTestResult executionId="4f73ef22-d7b6-41dd-a995-18c588af8b26" testId="e66e047a-e9c7-8eab-0f6a-9994a5453db0" testName="TestTreeModeTREE_VIEW_INVENTORY_POS" computerName="NYCSPF20092" duration="00:00:00.0671336" startTime="2009-11-05T10:07:19.3776872-05:00" endTime="2009-11-05T10:07:19.4558177-05:00" testType="13cdc9d9-ddb5-4fa4-a97d-d965ccfc6d4b" outcome="Failed" testListId="8c84fa94-04c1-424b-9868-57a2d4851a1d">
      <Output>
        <ErrorInfo>
          <Message>Assert.AreEqual failed. Expected:&lt;256&gt;. Actual:&lt;257&gt;. </Message>
          <StackTrace>   at WallStreetSystems.StructuredProducts.Interop.Test.LocalTreeTests.TestTreeModeTREE_VIEW_INVENTORY_POS()
</StackTrace>
        </ErrorInfo>
      </Output>
    </UnitTestResult>
    <UnitTestResult executionId="e522f0db-68fd-4b55-ba77-d50d055a80b4" testId="c1211244-62e9-87ae-9a1f-f40bf07be7e3" testName="TestTreeModeTREE_VIEW_LEGS" computerName="NYCSPF20092" duration="00:00:00.0542238" startTime="2009-11-05T10:07:19.4558177-05:00" endTime="2009-11-05T10:07:19.5026960-05:00" testType="13cdc9d9-ddb5-4fa4-a97d-d965ccfc6d4b" outcome="Failed" testListId="8c84fa94-04c1-424b-9868-57a2d4851a1d">
      <Output>
        <ErrorInfo>
          <Message>Assert.AreEqual failed. Expected:&lt;64&gt;. Actual:&lt;65&gt;. </Message>
          <StackTrace>   at WallStreetSystems.StructuredProducts.Interop.Test.LocalTreeTests.TestTreeModeTREE_VIEW_LEGS()
</StackTrace>
        </ErrorInfo>
      </Output>
    </UnitTestResult>
    <UnitTestResult executionId="9bc4e675-cf86-4826-8c6f-9e7cd077fe0b" testId="bb0369cf-0d8c-41d1-9fff-c83fe8febac0" testName="TestTreeModeTREE_VIEW_NONEMPTY_ONLY" computerName="NYCSPF20092" duration="00:00:00.0645600" startTime="2009-11-05T10:07:19.5183221-05:00" endTime="2009-11-05T10:07:19.5808265-05:00" testType="13cdc9d9-ddb5-4fa4-a97d-d965ccfc6d4b" outcome="Failed" testListId="8c84fa94-04c1-424b-9868-57a2d4851a1d">
      <Output>
        <ErrorInfo>
          <Message>Assert.AreEqual failed. Expected:&lt;2048&gt;. Actual:&lt;2049&gt;. </Message>
          <StackTrace>   at WallStreetSystems.StructuredProducts.Interop.Test.LocalTreeTests.TestTreeModeTREE_VIEW_NONEMPTY_ONLY()
</StackTrace>
        </ErrorInfo>
      </Output>
    </UnitTestResult>
    <UnitTestResult executionId="f123d2e8-24ab-4417-8c4e-2ff8f5b0774d" testId="5e3480a2-1519-93c0-6008-6902fcf37638" testName="TestTreeModeTREE_VIEW_NONEMPTY_SKELETON_ONLY" computerName="NYCSPF20092" duration="00:00:00.0525491" startTime="2009-11-05T10:07:19.5808265-05:00" endTime="2009-11-05T10:07:19.6433309-05:00" testType="13cdc9d9-ddb5-4fa4-a97d-d965ccfc6d4b" outcome="Failed" testListId="8c84fa94-04c1-424b-9868-57a2d4851a1d">
      <Output>
        <ErrorInfo>
          <Message>Assert.AreEqual failed. Expected:&lt;16384&gt;. Actual:&lt;16385&gt;. </Message>
          <StackTrace>   at WallStreetSystems.StructuredProducts.Interop.Test.LocalTreeTests.TestTreeModeTREE_VIEW_NONEMPTY_SKELETON_ONLY()
</StackTrace>
        </ErrorInfo>
      </Output>
    </UnitTestResult>
    <UnitTestResult executionId="6ada8e44-c296-4ce2-8563-28b682049f9a" testId="0af05782-ea0f-71de-2548-0e934f4541db" testName="TestTreeModeTREE_VIEW_PACKAGE" computerName="NYCSPF20092" duration="00:00:00.0866364" startTime="2009-11-05T10:07:19.6433309-05:00" endTime="2009-11-05T10:07:19.7370875-05:00" testType="13cdc9d9-ddb5-4fa4-a97d-d965ccfc6d4b" outcome="Failed" testListId="8c84fa94-04c1-424b-9868-57a2d4851a1d">
      <Output>
        <ErrorInfo>
          <Message>Assert.AreEqual failed. Expected:&lt;2&gt;. Actual:&lt;3&gt;. </Message>
          <StackTrace>   at WallStreetSystems.StructuredProducts.Interop.Test.LocalTreeTests.TestTreeModeTREE_VIEW_PACKAGE()
</StackTrace>
        </ErrorInfo>
      </Output>
    </UnitTestResult>
    <UnitTestResult executionId="5cdd4b8d-48aa-434b-a0a1-95cee7e47ac2" testId="43ddcc73-7b81-bc00-8a45-0b6d849c4130" testName="TestTreeModeTREE_VIEW_PERMISSIONS" computerName="NYCSPF20092" duration="00:00:00.1249986" startTime="2009-11-05T10:07:19.7370875-05:00" endTime="2009-11-05T10:07:19.8777224-05:00" testType="13cdc9d9-ddb5-4fa4-a97d-d965ccfc6d4b" outcome="Failed" testListId="8c84fa94-04c1-424b-9868-57a2d4851a1d">
      <Output>
        <ErrorInfo>
          <Message>Assert.AreEqual failed. Expected:&lt;4096&gt;. Actual:&lt;4097&gt;. </Message>
          <StackTrace>   at WallStreetSystems.StructuredProducts.Interop.Test.LocalTreeTests.TestTreeModeTREE_VIEW_PERMISSIONS()
</StackTrace>
        </ErrorInfo>
      </Output>
    </UnitTestResult>
    <UnitTestResult executionId="e04d3a6a-9b3d-46fc-847b-82c2f7f679eb" testId="3c1f4ea2-36e9-bc47-3a77-b2809a736514" testName="TestTreeModeTREE_VIEW_PORTFOLIO" computerName="NYCSPF20092" duration="00:00:00.0562670" startTime="2009-11-05T10:07:19.8777224-05:00" endTime="2009-11-05T10:07:19.9402268-05:00" testType="13cdc9d9-ddb5-4fa4-a97d-d965ccfc6d4b" outcome="Passed" testListId="8c84fa94-04c1-424b-9868-57a2d4851a1d">
      <Output>
      </Output>
    </UnitTestResult>
    <UnitTestResult executionId="88dfe522-9987-45f9-b087-a681b3bfbe14" testId="d42968d7-c78c-f31a-b076-ac7294f782c0" testName="TestTreeModeTREE_VIEW_PRODUCT" computerName="NYCSPF20092" duration="00:00:00.0801282" startTime="2009-11-05T10:07:19.9402268-05:00" endTime="2009-11-05T10:07:20.0183573-05:00" testType="13cdc9d9-ddb5-4fa4-a97d-d965ccfc6d4b" outcome="Passed" testListId="8c84fa94-04c1-424b-9868-57a2d4851a1d">
      <Output>
      </Output>
    </UnitTestResult>
    <UnitTestResult executionId="986a1b17-ba79-4ea2-8f2f-e1dbd38fd05b" testId="c7894f53-f76d-558b-e2aa-b72636f3b009" testName="TestTreeModeTREE_VIEW_TRADES" computerName="NYCSPF20092" duration="00:00:00.0658394" startTime="2009-11-05T10:07:20.0183573-05:00" endTime="2009-11-05T10:07:20.0964878-05:00" testType="13cdc9d9-ddb5-4fa4-a97d-d965ccfc6d4b" outcome="Failed" testListId="8c84fa94-04c1-424b-9868-57a2d4851a1d">
      <Output>
        <ErrorInfo>
          <Message>Assert.AreEqual failed. Expected:&lt;128&gt;. Actual:&lt;129&gt;. </Message>
          <StackTrace>   at WallStreetSystems.StructuredProducts.Interop.Test.LocalTreeTests.TestTreeModeTREE_VIEW_TRADES()
</StackTrace>
        </ErrorInfo>
      </Output>
    </UnitTestResult>
    <UnitTestResult executionId="bcb353fb-d3e9-4a5d-907a-b87fc5fb891b" testId="5d1d1842-9b36-51a6-ca88-6b867dedf740" testName="TestTreeTraversalByLegs" computerName="NYCSPF20092" duration="00:00:00.6170382" startTime="2009-11-05T10:07:20.0964878-05:00" endTime="2009-11-05T10:07:20.7215318-05:00" testType="13cdc9d9-ddb5-4fa4-a97d-d965ccfc6d4b" outcome="Passed" testListId="8c84fa94-04c1-424b-9868-57a2d4851a1d">
      <Output>
      </Output>
    </UnitTestResult>
    <UnitTestResult executionId="e5abdd17-d774-4388-9631-5b5ec7070b44" testId="8b9964f1-a355-7b6e-583d-53a1bb540595" testName="TestTreeTraversalByTrades" computerName="NYCSPF20092" duration="00:00:00.6934749" startTime="2009-11-05T10:07:20.7215318-05:00" endTime="2009-11-05T10:07:21.4247063-05:00" testType="13cdc9d9-ddb5-4fa4-a97d-d965ccfc6d4b" outcome="Passed" testListId="8c84fa94-04c1-424b-9868-57a2d4851a1d">
      <Output>
      </Output>
    </UnitTestResult>
    <UnitTestResult executionId="af509e12-a1b7-49bc-b568-73f5c579b267" testId="2b9c98de-ec16-2de6-eb95-f7dbb882a586" testName="TestBuildMarketViaExistingCrvDef" computerName="NYCSPF20092" duration="00:00:10.6305105" startTime="2009-11-05T10:07:21.4403324-05:00" endTime="2009-11-05T10:07:51.3486878-05:00" testType="13cdc9d9-ddb5-4fa4-a97d-d965ccfc6d4b" outcome="Passed" testListId="8c84fa94-04c1-424b-9868-57a2d4851a1d">
      <Output>
      </Output>
    </UnitTestResult>
    <UnitTestResult executionId="d46fe5af-446e-4183-a46b-88f82ee00f6b" testId="cfff5d22-1add-5597-8e51-05a96e74427d" testName="TestBuildMarketViaExistingCrvDefFromDB" computerName="NYCSPF20092" duration="00:00:03.3584313" startTime="2009-11-05T10:07:51.3486878-05:00" endTime="2009-11-05T10:07:54.7082993-05:00" testType="13cdc9d9-ddb5-4fa4-a97d-d965ccfc6d4b" outcome="Passed" testListId="8c84fa94-04c1-424b-9868-57a2d4851a1d">
      <Output>
      </Output>
    </UnitTestResult>
    <UnitTestResult executionId="766d7353-2fe0-4dbc-b5de-3fc19b73d02d" testId="8ae44a3b-469c-7027-eb51-038c8b8c11ad" testName="TestBuildMarketViaNewCrvDef" computerName="NYCSPF20092" duration="00:00:03.3344016" startTime="2009-11-05T10:07:54.7082993-05:00" endTime="2009-11-05T10:07:58.0522847-05:00" testType="13cdc9d9-ddb5-4fa4-a97d-d965ccfc6d4b" outcome="Passed" testListId="8c84fa94-04c1-424b-9868-57a2d4851a1d">
      <Output>
      </Output>
    </UnitTestResult>
    <UnitTestResult executionId="b79e91b9-95ca-48ea-9353-e7c41a4d22d0" testId="c5fd0830-63e2-d080-bbdb-ab3b70e193a7" testName="TestBuildMarketViaNewCrvDefFails" computerName="NYCSPF20092" duration="00:00:00.7968787" startTime="2009-11-05T10:07:58.0522847-05:00" endTime="2009-11-05T10:07:58.8648419-05:00" testType="13cdc9d9-ddb5-4fa4-a97d-d965ccfc6d4b" outcome="Passed" testListId="8c84fa94-04c1-424b-9868-57a2d4851a1d">
      <Output>
      </Output>
    </UnitTestResult>
    <UnitTestResult executionId="cd72e5e4-f125-422c-aa13-5c7590abb5ce" testId="f1178a23-fd26-98ba-5fba-65509fe68739" testName="TestDeleteMktCrvFromWarehouseViaDescriptions" computerName="NYCSPF20092" duration="00:00:03.5867115" startTime="2009-11-05T10:07:58.8648419-05:00" endTime="2009-11-05T10:08:02.5213493-05:00" testType="13cdc9d9-ddb5-4fa4-a97d-d965ccfc6d4b" outcome="Passed" testListId="8c84fa94-04c1-424b-9868-57a2d4851a1d">
      <Output>
      </Output>
    </UnitTestResult>
    <UnitTestResult executionId="fe031637-65b9-41e9-ab6f-33dd0527cc60" testId="01e15475-b38e-f1b9-52a4-c9811c72cd96" testName="TestDeleteMrktCrvFromDatabaseViaDescriptions" computerName="NYCSPF20092" duration="00:00:02.3528469" startTime="2009-11-05T10:08:02.5213493-05:00" endTime="2009-11-05T10:08:04.8808904-05:00" testType="13cdc9d9-ddb5-4fa4-a97d-d965ccfc6d4b" outcome="Passed" testListId="8c84fa94-04c1-424b-9868-57a2d4851a1d">
      <Output>
      </Output>
    </UnitTestResult>
    <UnitTestResult executionId="7082aa88-f9ef-48c5-bd83-d9642bdb32e8" testId="b850143e-2c8a-91b7-9253-afae85a28770" testName="TestMktCrvDescBldTracking" computerName="NYCSPF20092" duration="00:00:03.7767375" startTime="2009-11-05T10:08:04.8808904-05:00" endTime="2009-11-05T10:08:08.6624066-05:00" testType="13cdc9d9-ddb5-4fa4-a97d-d965ccfc6d4b" outcome="Passed" testListId="8c84fa94-04c1-424b-9868-57a2d4851a1d">
      <Output>
      </Output>
    </UnitTestResult>
    <UnitTestResult executionId="0b56a7a3-93cc-4df3-bf7a-357cd6cef08b" testId="e25d546c-58dc-1420-a9d7-618bc67b0bb0" testName="TestMktCrvDescFailedBldErrorList" computerName="NYCSPF20092" duration="00:00:08.7650329" startTime="2009-11-05T10:08:08.6624066-05:00" endTime="2009-11-05T10:08:17.4442748-05:00" testType="13cdc9d9-ddb5-4fa4-a97d-d965ccfc6d4b" outcome="Passed" testListId="8c84fa94-04c1-424b-9868-57a2d4851a1d">
      <Output>
      </Output>
    </UnitTestResult>
    <UnitTestResult executionId="52f5fbd1-6366-4217-b941-e46974f0ef40" testId="de5a6267-107c-b5ae-b8dc-1c121589f1c5" testName="TestMktCrvDescFailedBldErrorListContent" computerName="NYCSPF20092" duration="00:00:08.5305862" startTime="2009-11-05T10:08:17.4442748-05:00" endTime="2009-11-05T10:08:25.9917515-05:00" testType="13cdc9d9-ddb5-4fa4-a97d-d965ccfc6d4b" outcome="Passed" testListId="8c84fa94-04c1-424b-9868-57a2d4851a1d">
      <Output>
      </Output>
    </UnitTestResult>
    <UnitTestResult executionId="6cfc779a-ad2e-4acb-8711-18982d0d04d2" testId="db57cd7c-9d8b-b365-1a97-8c3bb716bd0b" testName="TestMktCrvDescFailedBldTracking" computerName="NYCSPF20092" duration="00:00:08.9859631" startTime="2009-11-05T10:08:25.9917515-05:00" endTime="2009-11-05T10:08:34.9767590-05:00" testType="13cdc9d9-ddb5-4fa4-a97d-d965ccfc6d4b" outcome="Passed" testListId="8c84fa94-04c1-424b-9868-57a2d4851a1d">
      <Output>
      </Output>
    </UnitTestResult>
    <UnitTestResult executionId="0c78bf34-6954-46ad-843e-7cfb41542373" testId="7f56f943-8c89-ab4c-8340-6ea34ae4d2fa" testName="TestMktCrvDescProperties" computerName="NYCSPF20092" duration="00:00:03.5285304" startTime="2009-11-05T10:08:34.9767590-05:00" endTime="2009-11-05T10:08:38.5238837-05:00" testType="13cdc9d9-ddb5-4fa4-a97d-d965ccfc6d4b" outcome="Passed" testListId="8c84fa94-04c1-424b-9868-57a2d4851a1d">
      <Output>
      </Output>
    </UnitTestResult>
    <UnitTestResult executionId="d9e457df-189e-4060-9eb2-a488490f05b0" testId="e56e2826-42c5-829b-9308-4dd957afcae6" testName="TestSaveCurve100TimesAndRetrieve" computerName="NYCSPF20092" duration="00:00:09.7812688" startTime="2009-11-05T10:08:38.5238837-05:00" endTime="2009-11-05T10:08:48.3058223-05:00" testType="13cdc9d9-ddb5-4fa4-a97d-d965ccfc6d4b" outcome="Passed" testListId="8c84fa94-04c1-424b-9868-57a2d4851a1d">
      <Output>
      </Output>
    </UnitTestResult>
    <UnitTestResult executionId="87345375-15e6-4e84-9946-a42b3ecf83c9" testId="f965ea00-b81a-4d39-68a2-43d1d666efb6" testName="TestSaveCurve3TimesNotCurrentUserAndRetrieve" computerName="NYCSPF20092" duration="00:00:01.3136631" startTime="2009-11-05T10:08:48.3214484-05:00" endTime="2009-11-05T10:08:49.6340408-05:00" testType="13cdc9d9-ddb5-4fa4-a97d-d965ccfc6d4b" outcome="Passed" testListId="8c84fa94-04c1-424b-9868-57a2d4851a1d">
      <Output>
      </Output>
    </UnitTestResult>
    <UnitTestResult executionId="cf44764b-4cce-4a21-b7f6-86162c1cef9b" testId="27ff0b24-b897-fe23-403d-75e3297fbc49" testName="TestSaveCurveRetrieve" computerName="NYCSPF20092" duration="00:00:02.1356973" startTime="2009-11-05T10:08:49.6340408-05:00" endTime="2009-11-05T10:08:51.7748165-05:00" testType="13cdc9d9-ddb5-4fa4-a97d-d965ccfc6d4b" outcome="Passed" testListId="8c84fa94-04c1-424b-9868-57a2d4851a1d">
      <Output>
      </Output>
    </UnitTestResult>
    <UnitTestResult executionId="8bd67ee8-1588-436b-bb93-8bad61bf3fb0" testId="d5d6ac8f-797c-a2cf-eae9-23e7f0c5ea9c" testName="TestSaveCurveRetrieveByID" computerName="NYCSPF20092" duration="00:01:45.3217685" startTime="2009-11-05T10:08:51.7748165-05:00" endTime="2009-11-05T10:10:37.1416088-05:00" testType="13cdc9d9-ddb5-4fa4-a97d-d965ccfc6d4b" outcome="Passed" testListId="8c84fa94-04c1-424b-9868-57a2d4851a1d">
      <Output>
      </Output>
    </UnitTestResult>
    <UnitTestResult executionId="4693c219-adda-45a9-a3a9-7d288ee9475b" testId="b6b23a54-f4ef-7410-0801-fdd6a3971786" testName="TestCapVolPointDown" computerName="NYCSPF20092" duration="00:00:03.6088616" startTime="2009-11-05T10:10:37.1416088-05:00" endTime="2009-11-05T10:10:40.8449945-05:00" testType="13cdc9d9-ddb5-4fa4-a97d-d965ccfc6d4b" outcome="Passed" testListId="8c84fa94-04c1-424b-9868-57a2d4851a1d">
      <Output>
      </Output>
    </UnitTestResult>
    <UnitTestResult executionId="8c296ab1-fabe-4eba-9b9a-49e0c25e0a72" testId="1a54ec6d-c382-4117-6183-2db77517454c" testName="TestCapVolPointNoChange" computerName="NYCSPF20092" duration="00:00:08.0234375" startTime="2009-11-05T10:10:40.8606206-05:00" endTime="2009-11-05T10:10:48.8924360-05:00" testType="13cdc9d9-ddb5-4fa4-a97d-d965ccfc6d4b" outcome="Passed" testListId="8c84fa94-04c1-424b-9868-57a2d4851a1d">
      <Output>
      </Output>
    </UnitTestResult>
    <UnitTestResult executionId="093cc824-cfeb-4de6-b905-80e151b2c93d" testId="344c646c-6f65-3be2-f5b9-2368e0550113" testName="TestCapVolPointUp" computerName="NYCSPF20092" duration="00:00:03.6251697" startTime="2009-11-05T10:10:48.8924360-05:00" endTime="2009-11-05T10:10:52.5176912-05:00" testType="13cdc9d9-ddb5-4fa4-a97d-d965ccfc6d4b" outcome="Passed" testListId="8c84fa94-04c1-424b-9868-57a2d4851a1d">
      <Output>
      </Output>
    </UnitTestResult>
    <UnitTestResult executionId="e8d001f8-210d-4bd1-b762-2bfec0782428" testId="fa885ff0-f591-90e1-5340-99ca51c27a57" testName="TestCashCurvePointDown" computerName="NYCSPF20092" duration="00:00:03.8203618" startTime="2009-11-05T10:10:52.5176912-05:00" endTime="2009-11-05T10:10:56.3460857-05:00" testType="13cdc9d9-ddb5-4fa4-a97d-d965ccfc6d4b" outcome="Passed" testListId="8c84fa94-04c1-424b-9868-57a2d4851a1d">
      <Output>
      </Output>
    </UnitTestResult>
    <UnitTestResult executionId="fee204e1-ecb4-4d09-9aac-71a773b658f3" testId="bb877264-3e4c-38a8-4735-784ecc819551" testName="TestCashCurvePointNoChange" computerName="NYCSPF20092" duration="00:00:08.7628492" startTime="2009-11-05T10:10:56.3460857-05:00" endTime="2009-11-05T10:11:05.1123278-05:00" testType="13cdc9d9-ddb5-4fa4-a97d-d965ccfc6d4b" outcome="Passed" testListId="8c84fa94-04c1-424b-9868-57a2d4851a1d">
      <Output>
      </Output>
    </UnitTestResult>
    <UnitTestResult executionId="47e942ed-e527-4348-850f-8a40440f5d35" testId="7bf86ca4-733c-f832-84b8-623fa1c9fc5e" testName="TestCashCurvePointUp" computerName="NYCSPF20092" duration="00:00:03.7930630" startTime="2009-11-05T10:11:05.1123278-05:00" endTime="2009-11-05T10:11:08.9250962-05:00" testType="13cdc9d9-ddb5-4fa4-a97d-d965ccfc6d4b" outcome="Passed" testListId="8c84fa94-04c1-424b-9868-57a2d4851a1d">
      <Output>
      </Output>
    </UnitTestResult>
    <UnitTestResult executionId="53b9fb19-4105-422e-838a-2541d2bb9894" testId="b07075a4-6dfe-1be3-fa93-984f754cd8b1" testName="TestCurveAllPointsNeverChanged" computerName="NYCSPF20092" duration="00:00:01.0888318" startTime="2009-11-05T10:11:08.9250962-05:00" endTime="2009-11-05T10:11:10.0189232-05:00" testType="13cdc9d9-ddb5-4fa4-a97d-d965ccfc6d4b" outcome="Passed" testListId="8c84fa94-04c1-424b-9868-57a2d4851a1d">
      <Output>
      </Output>
    </UnitTestResult>
    <UnitTestResult executionId="2e0ba41e-0862-4c8a-93a0-134705755017" testId="f5e8750a-cf2f-25e3-fc1a-cdce4fea6325" testName="TestFXCurveSpotPointDown" computerName="NYCSPF20092" duration="00:00:13.2861668" startTime="2009-11-05T10:11:10.0189232-05:00" endTime="2009-11-05T10:11:23.3167343-05:00" testType="13cdc9d9-ddb5-4fa4-a97d-d965ccfc6d4b" outcome="Passed" testListId="8c84fa94-04c1-424b-9868-57a2d4851a1d">
      <Output>
      </Output>
    </UnitTestResult>
    <UnitTestResult executionId="6484a9ea-3733-4e06-b7e2-96dab2eea87a" testId="9d630ccd-b483-ccc6-ac0c-babd3078372c" testName="TestFXCurveSpotPointNeverChange" computerName="NYCSPF20092" duration="00:00:00.2051246" startTime="2009-11-05T10:11:23.3323604-05:00" endTime="2009-11-05T10:11:23.5511258-05:00" testType="13cdc9d9-ddb5-4fa4-a97d-d965ccfc6d4b" outcome="Passed" testListId="8c84fa94-04c1-424b-9868-57a2d4851a1d">
      <Output>
      </Output>
    </UnitTestResult>
    <UnitTestResult executionId="38109eeb-6eb0-4494-b948-e7af2bc6f822" testId="45f6b777-90d9-ff6d-a29d-da4ccced26ee" testName="TestFXCurveSpotPointNoChange" computerName="NYCSPF20092" duration="00:00:14.8925082" startTime="2009-11-05T10:11:23.5511258-05:00" endTime="2009-11-05T10:11:38.4584252-05:00" testType="13cdc9d9-ddb5-4fa4-a97d-d965ccfc6d4b" outcome="Passed" testListId="8c84fa94-04c1-424b-9868-57a2d4851a1d">
      <Output>
      </Output>
    </UnitTestResult>
    <UnitTestResult executionId="237d7cdf-c14a-42b3-aba5-779abce82bbe" testId="66303c9e-4c33-17be-f61c-31527751b87a" testName="TestFXCurveSpotPointUp" computerName="NYCSPF20092" duration="00:00:13.8492290" startTime="2009-11-05T10:11:38.4584252-05:00" endTime="2009-11-05T10:11:52.3187759-05:00" testType="13cdc9d9-ddb5-4fa4-a97d-d965ccfc6d4b" outcome="Passed" testListId="8c84fa94-04c1-424b-9868-57a2d4851a1d">
      <Output>
      </Output>
    </UnitTestResult>
    <UnitTestResult executionId="32a0d361-a3ff-4180-b221-e0bfe2314d9c" testId="82b98baa-da62-ae2f-eb7c-2de7255ac712" testName="TestGvtCurveCashPointDown" computerName="NYCSPF20092" duration="00:00:03.4246409" startTime="2009-11-05T10:11:52.3187759-05:00" endTime="2009-11-05T10:11:55.7565179-05:00" testType="13cdc9d9-ddb5-4fa4-a97d-d965ccfc6d4b" outcome="Passed" testListId="8c84fa94-04c1-424b-9868-57a2d4851a1d">
      <Output>
      </Output>
    </UnitTestResult>
    <UnitTestResult executionId="37dbaa74-4a51-48d0-82d1-6d1af8a82359" testId="b35a3ca9-2708-bb64-0c39-b573e34e63ff" testName="TestGvtCurveCashPointNoChange" computerName="NYCSPF20092" duration="00:00:09.2992261" startTime="2009-11-05T10:11:55.7565179-05:00" endTime="2009-11-05T10:12:05.0696735-05:00" testType="13cdc9d9-ddb5-4fa4-a97d-d965ccfc6d4b" outcome="Passed" testListId="8c84fa94-04c1-424b-9868-57a2d4851a1d">
      <Output>
      </Output>
    </UnitTestResult>
    <UnitTestResult executionId="d5aae114-2385-44cf-acfb-46da3e7215ea" testId="3c1cc351-5eed-d83a-8921-eca8ebcd08d8" testName="TestGvtCurveCashPointUp" computerName="NYCSPF20092" duration="00:00:03.3566775" startTime="2009-11-05T10:12:05.0696735-05:00" endTime="2009-11-05T10:12:08.4292850-05:00" testType="13cdc9d9-ddb5-4fa4-a97d-d965ccfc6d4b" outcome="Passed" testListId="8c84fa94-04c1-424b-9868-57a2d4851a1d">
      <Output>
      </Output>
    </UnitTestResult>
    <UnitTestResult executionId="5fe536d5-e684-43e0-8936-28f05258d23e" testId="21f4270e-d605-57db-b68c-f7857466f18b" testName="TestIndexCurvePointDown" computerName="NYCSPF20092" duration="00:00:03.6082538" startTime="2009-11-05T10:12:08.4292850-05:00" endTime="2009-11-05T10:12:12.0389141-05:00" testType="13cdc9d9-ddb5-4fa4-a97d-d965ccfc6d4b" outcome="Passed" testListId="8c84fa94-04c1-424b-9868-57a2d4851a1d">
      <Output>
      </Output>
    </UnitTestResult>
    <UnitTestResult executionId="82541322-735a-486f-88e2-8147af25e5de" testId="47300b6f-2989-a54f-182d-94f09b764982" testName="TestIndexCurvePointNoChange" computerName="NYCSPF20092" duration="00:00:08.9483618" startTime="2009-11-05T10:12:12.0389141-05:00" endTime="2009-11-05T10:12:21.0082955-05:00" testType="13cdc9d9-ddb5-4fa4-a97d-d965ccfc6d4b" outcome="Passed" testListId="8c84fa94-04c1-424b-9868-57a2d4851a1d">
      <Output>
      </Output>
    </UnitTestResult>
    <UnitTestResult executionId="7e399538-2622-4183-9c3c-761912fe8aec" testId="694492a3-e7bb-c638-d804-84695dbaeff3" testName="TestIndexCurvePointUp" computerName="NYCSPF20092" duration="00:00:03.1918262" startTime="2009-11-05T10:12:21.0082955-05:00" endTime="2009-11-05T10:12:24.1960199-05:00" testType="13cdc9d9-ddb5-4fa4-a97d-d965ccfc6d4b" outcome="Passed" testListId="8c84fa94-04c1-424b-9868-57a2d4851a1d">
      <Output>
      </Output>
    </UnitTestResult>
    <UnitTestResult executionId="a86ee527-1ac7-454f-8771-fca359bcc648" testId="813d1bf1-9bb4-f9f2-1f3c-07bd22d63efc" testName="TestIndexVolPointDown" computerName="NYCSPF20092" duration="00:00:03.6229012" startTime="2009-11-05T10:12:24.2116460-05:00" endTime="2009-11-05T10:12:27.8369012-05:00" testType="13cdc9d9-ddb5-4fa4-a97d-d965ccfc6d4b" outcome="Passed" testListId="8c84fa94-04c1-424b-9868-57a2d4851a1d">
      <Output>
      </Output>
    </UnitTestResult>
    <UnitTestResult executionId="2114a117-9d5e-46e2-b795-9419e9f8e73d" testId="ed53f19c-5974-892a-0daa-7d186682198c" testName="TestIndexVolPointNoChange" computerName="NYCSPF20092" duration="00:00:08.8076476" startTime="2009-11-05T10:12:27.8369012-05:00" endTime="2009-11-05T10:12:36.6500216-05:00" testType="13cdc9d9-ddb5-4fa4-a97d-d965ccfc6d4b" outcome="Passed" testListId="8c84fa94-04c1-424b-9868-57a2d4851a1d">
      <Output>
      </Output>
    </UnitTestResult>
    <UnitTestResult executionId="5ba9aebe-7e0e-4c80-8cd9-41653fff6606" testId="610e0a7d-ba12-3501-74bf-532038f92071" testName="TestIndexVolPointUp" computerName="NYCSPF20092" duration="00:00:03.3197415" startTime="2009-11-05T10:12:36.6500216-05:00" endTime="2009-11-05T10:12:39.9783809-05:00" testType="13cdc9d9-ddb5-4fa4-a97d-d965ccfc6d4b" outcome="Passed" testListId="8c84fa94-04c1-424b-9868-57a2d4851a1d">
      <Output>
      </Output>
    </UnitTestResult>
    <UnitTestResult executionId="857efa29-7b07-4abe-88bf-075bc4ccfca0" testId="5f0ba139-4c37-91f8-b565-6c8c6b1c4c21" testName="TestSwaptionVolPointDown" computerName="NYCSPF20092" duration="00:00:03.3986948" startTime="2009-11-05T10:12:39.9783809-05:00" endTime="2009-11-05T10:12:43.3848707-05:00" testType="13cdc9d9-ddb5-4fa4-a97d-d965ccfc6d4b" outcome="Passed" testListId="8c84fa94-04c1-424b-9868-57a2d4851a1d">
      <Output>
      </Output>
    </UnitTestResult>
    <UnitTestResult executionId="3e5c4e36-63b3-48d5-8baf-df9cf0c31545" testId="6018bc8d-c267-1b10-53a4-475209237eef" testName="TestSwaptionVolPointNoChange" computerName="NYCSPF20092" duration="00:00:09.1142208" startTime="2009-11-05T10:12:43.3848707-05:00" endTime="2009-11-05T10:12:52.5105131-05:00" testType="13cdc9d9-ddb5-4fa4-a97d-d965ccfc6d4b" outcome="Passed" testListId="8c84fa94-04c1-424b-9868-57a2d4851a1d">
      <Output>
      </Output>
    </UnitTestResult>
    <UnitTestResult executionId="d99563b7-8e9d-4a5d-85d3-d4ac35c50317" testId="b6bd2372-7c84-4b52-257e-c0ca8c4caab8" testName="TestSwaptionVolPointUp" computerName="NYCSPF20092" duration="00:00:03.2802000" startTime="2009-11-05T10:12:52.5105131-05:00" endTime="2009-11-05T10:12:55.8076202-05:00" testType="13cdc9d9-ddb5-4fa4-a97d-d965ccfc6d4b" outcome="Passed" testListId="8c84fa94-04c1-424b-9868-57a2d4851a1d">
      <Output>
      </Output>
    </UnitTestResult>
    <UnitTestResult executionId="7c36b04b-e153-4e18-bbcc-61c51cad1480" testId="b7366703-51c9-1e9e-e81b-87bdf36fc25c" testName="TestUpdateMarketViaCurvDef" computerName="NYCSPF20092" duration="00:00:08.5880746" startTime="2009-11-05T10:12:55.8076202-05:00" endTime="2009-11-05T10:13:23.7939653-05:00" testType="13cdc9d9-ddb5-4fa4-a97d-d965ccfc6d4b" outcome="Passed" testListId="8c84fa94-04c1-424b-9868-57a2d4851a1d">
      <Output>
      </Output>
    </UnitTestResult>
    <UnitTestResult executionId="d34a54a4-bea9-4d7b-be65-863a90c9cc77" testId="c1e85a6f-f3b0-23a5-b04a-581683fcc9a8" testName="TestAssignEmptyKey" computerName="NYCSPF20092" duration="00:00:00.0020233" startTime="2009-11-05T10:13:23.7939653-05:00" endTime="2009-11-05T10:13:23.8095914-05:00" testType="13cdc9d9-ddb5-4fa4-a97d-d965ccfc6d4b" outcome="Passed" testListId="8c84fa94-04c1-424b-9868-57a2d4851a1d">
      <Output>
      </Output>
    </UnitTestResult>
    <UnitTestResult executionId="a2b62e33-9a73-4a33-b923-894b1245a927" testId="386de1fa-0d3a-2b63-6a17-aa0f8f40cd7e" testName="TestAssignEmptyUserKey" computerName="NYCSPF20092" duration="00:00:00.0019824" startTime="2009-11-05T10:13:23.8095914-05:00" endTime="2009-11-05T10:13:23.8095914-05:00" testType="13cdc9d9-ddb5-4fa4-a97d-d965ccfc6d4b" outcome="Passed" testListId="8c84fa94-04c1-424b-9868-57a2d4851a1d">
      <Output>
      </Output>
    </UnitTestResult>
    <UnitTestResult executionId="926ceaed-43a3-40a1-96a4-a6c2c8eefa51" testId="93a164df-2656-421b-45ad-6c0c568f4469" testName="TestAssignKey" computerName="NYCSPF20092" duration="00:00:00.0024218" startTime="2009-11-05T10:13:23.8095914-05:00" endTime="2009-11-05T10:13:23.8095914-05:00" testType="13cdc9d9-ddb5-4fa4-a97d-d965ccfc6d4b" outcome="Passed" testListId="8c84fa94-04c1-424b-9868-57a2d4851a1d">
      <Output>
      </Output>
    </UnitTestResult>
    <UnitTestResult executionId="c766d96b-b8e3-4247-abb8-760b13d1dacc" testId="d54c5617-4e3f-75a5-befe-02e13cc833e2" testName="TestAssignUserKey" computerName="NYCSPF20092" duration="00:00:00.0013814" startTime="2009-11-05T10:13:23.8252175-05:00" endTime="2009-11-05T10:13:23.8252175-05:00" testType="13cdc9d9-ddb5-4fa4-a97d-d965ccfc6d4b" outcome="Passed" testListId="8c84fa94-04c1-424b-9868-57a2d4851a1d">
      <Output>
      </Output>
    </UnitTestResult>
    <UnitTestResult executionId="f8f6f495-509a-49be-ae83-58284de31f26" testId="1682c692-5fc1-9900-3143-ad4214b9a482" testName="TestClearKey" computerName="NYCSPF20092" duration="00:00:00.0015454" startTime="2009-11-05T10:13:23.8252175-05:00" endTime="2009-11-05T10:13:23.8252175-05:00" testType="13cdc9d9-ddb5-4fa4-a97d-d965ccfc6d4b" outcome="Passed" testListId="8c84fa94-04c1-424b-9868-57a2d4851a1d">
      <Output>
      </Output>
    </UnitTestResult>
    <UnitTestResult executionId="8c17884d-568a-4e0a-832c-91a374ff835f" testId="287340f1-3170-1ced-1e71-3974a9ec6499" testName="TestClearUserKey" computerName="NYCSPF20092" duration="00:00:00.0011531" startTime="2009-11-05T10:13:23.8252175-05:00" endTime="2009-11-05T10:13:23.8408436-05:00" testType="13cdc9d9-ddb5-4fa4-a97d-d965ccfc6d4b" outcome="Passed" testListId="8c84fa94-04c1-424b-9868-57a2d4851a1d">
      <Output>
      </Output>
    </UnitTestResult>
    <UnitTestResult executionId="c361ddeb-bb1c-4a0b-b13a-5bce18fea0fa" testId="be2ba2c2-3231-4cdb-a880-0628e141b1c3" testName="TestClientInformation" computerName="NYCSPF20092" duration="00:00:00.0049848" startTime="2009-11-05T10:13:23.8408436-05:00" endTime="2009-11-05T10:13:23.8408436-05:00" testType="13cdc9d9-ddb5-4fa4-a97d-d965ccfc6d4b" outcome="Passed" testListId="8c84fa94-04c1-424b-9868-57a2d4851a1d">
      <Output>
      </Output>
    </UnitTestResult>
    <UnitTestResult executionId="b870e775-78b9-4fed-afe0-bc7acc33c4d9" testId="d3869d06-03c1-f722-c450-9508424fed16" testName="TestCopyKey" computerName="NYCSPF20092" duration="00:00:00.0015288" startTime="2009-11-05T10:13:23.8408436-05:00" endTime="2009-11-05T10:13:23.8564697-05:00" testType="13cdc9d9-ddb5-4fa4-a97d-d965ccfc6d4b" outcome="Passed" testListId="8c84fa94-04c1-424b-9868-57a2d4851a1d">
      <Output>
      </Output>
    </UnitTestResult>
    <UnitTestResult executionId="ac28d1ec-ea73-42e3-a922-9f2e56ba2cdf" testId="92a1c3d8-b172-69d8-4103-51096f6897c9" testName="TestCopyUserKey" computerName="NYCSPF20092" duration="00:00:00.0015584" startTime="2009-11-05T10:13:23.8564697-05:00" endTime="2009-11-05T10:13:23.8564697-05:00" testType="13cdc9d9-ddb5-4fa4-a97d-d965ccfc6d4b" outcome="Passed" testListId="8c84fa94-04c1-424b-9868-57a2d4851a1d">
      <Output>
      </Output>
    </UnitTestResult>
    <UnitTestResult executionId="7d05aa07-9910-4de6-9d3c-04fb3a812f00" testId="299ff8f8-21cc-0fca-e85f-1c4561d6f55b" testName="TestCreateBadDiscriminatorKey" computerName="NYCSPF20092" duration="00:00:00.0025546" startTime="2009-11-05T10:13:23.8564697-05:00" endTime="2009-11-05T10:13:23.8720958-05:00" testType="13cdc9d9-ddb5-4fa4-a97d-d965ccfc6d4b" outcome="Passed" testListId="8c84fa94-04c1-424b-9868-57a2d4851a1d">
      <Output>
      </Output>
    </UnitTestResult>
    <UnitTestResult executionId="ca0a8aa0-0e7c-4248-83b2-dcafc1fbc5e3" testId="f99a4e13-b14b-0594-05d3-53bf0a9e4ec0" testName="TestCreateBadKeyKey" computerName="NYCSPF20092" duration="00:00:00.0008449" startTime="2009-11-05T10:13:23.8720958-05:00" endTime="2009-11-05T10:13:23.8720958-05:00" testType="13cdc9d9-ddb5-4fa4-a97d-d965ccfc6d4b" outcome="Passed" testListId="8c84fa94-04c1-424b-9868-57a2d4851a1d">
      <Output>
      </Output>
    </UnitTestResult>
    <UnitTestResult executionId="26c302fd-bce1-4819-9a23-30e126eb0d27" testId="27cea1ae-720d-b5bd-421d-f1c1709917a8" testName="TestCreateBadSystemIdKey" computerName="NYCSPF20092" duration="00:00:00.0010858" startTime="2009-11-05T10:13:23.8720958-05:00" endTime="2009-11-05T10:13:23.8720958-05:00" testType="13cdc9d9-ddb5-4fa4-a97d-d965ccfc6d4b" outcome="Passed" testListId="8c84fa94-04c1-424b-9868-57a2d4851a1d">
      <Output>
      </Output>
    </UnitTestResult>
    <UnitTestResult executionId="4f942226-0851-4923-af98-9feead8c6551" testId="eb6f5c7c-b800-bbdc-3df4-a04f4f7f78e9" testName="TestCreateBadVersionKey" computerName="NYCSPF20092" duration="00:00:00.0004172" startTime="2009-11-05T10:13:23.8720958-05:00" endTime="2009-11-05T10:13:23.8877219-05:00" testType="13cdc9d9-ddb5-4fa4-a97d-d965ccfc6d4b" outcome="Passed" testListId="8c84fa94-04c1-424b-9868-57a2d4851a1d">
      <Output>
      </Output>
    </UnitTestResult>
    <UnitTestResult executionId="598d3516-1db4-489e-86d4-fad0da6b17a2" testId="b3ace8d7-a5d8-9224-f67f-25c850710d80" testName="TestCreateDefaultKey" computerName="NYCSPF20092" duration="00:00:00.0017741" startTime="2009-11-05T10:13:23.8877219-05:00" endTime="2009-11-05T10:13:23.8877219-05:00" testType="13cdc9d9-ddb5-4fa4-a97d-d965ccfc6d4b" outcome="Passed" testListId="8c84fa94-04c1-424b-9868-57a2d4851a1d">
      <Output>
      </Output>
    </UnitTestResult>
    <UnitTestResult executionId="752ca198-6a7c-492c-a145-e5e0eeac0d4e" testId="7f4ca9ab-de19-88f7-be81-d313dbe7dacd" testName="TestCreateDefaultUserKey" computerName="NYCSPF20092" duration="00:00:00.0014461" startTime="2009-11-05T10:13:23.8877219-05:00" endTime="2009-11-05T10:13:23.8877219-05:00" testType="13cdc9d9-ddb5-4fa4-a97d-d965ccfc6d4b" outcome="Passed" testListId="8c84fa94-04c1-424b-9868-57a2d4851a1d">
      <Output>
      </Output>
    </UnitTestResult>
    <UnitTestResult executionId="e3c12161-601d-46af-805e-49f9564e782e" testId="192f4ae4-2e82-560f-ef89-a675e5f71060" testName="TestCreateEmptyKey" computerName="NYCSPF20092" duration="00:00:00.0026758" startTime="2009-11-05T10:13:23.9033480-05:00" endTime="2009-11-05T10:13:23.9033480-05:00" testType="13cdc9d9-ddb5-4fa4-a97d-d965ccfc6d4b" outcome="Passed" testListId="8c84fa94-04c1-424b-9868-57a2d4851a1d">
      <Output>
      </Output>
    </UnitTestResult>
    <UnitTestResult executionId="f6c5ee32-e573-46a1-bae2-348720f52f00" testId="39a497b4-8d49-6151-1ef1-1517564d2068" testName="TestCreateEmptyUserKey" computerName="NYCSPF20092" duration="00:00:00.0011315" startTime="2009-11-05T10:13:23.9033480-05:00" endTime="2009-11-05T10:13:23.9033480-05:00" testType="13cdc9d9-ddb5-4fa4-a97d-d965ccfc6d4b" outcome="Passed" testListId="8c84fa94-04c1-424b-9868-57a2d4851a1d">
      <Output>
      </Output>
    </UnitTestResult>
    <UnitTestResult executionId="50792cd7-4a74-4f4f-ba54-f728ab8dc23c" testId="850457e9-778c-75b3-d3c4-80309db6afeb" testName="TestCreateKeyFromXml" computerName="NYCSPF20092" duration="00:00:00.0016094" startTime="2009-11-05T10:13:23.9033480-05:00" endTime="2009-11-05T10:13:23.9189741-05:00" testType="13cdc9d9-ddb5-4fa4-a97d-d965ccfc6d4b" outcome="Passed" testListId="8c84fa94-04c1-424b-9868-57a2d4851a1d">
      <Output>
      </Output>
    </UnitTestResult>
    <UnitTestResult executionId="0315a5d0-c8b5-4f8c-8e28-e86584629b43" testId="187d5231-83e9-ec39-e1a9-e009e878af02" testName="TestCreateUserKeyFromXml" computerName="NYCSPF20092" duration="00:00:00.0015542" startTime="2009-11-05T10:13:23.9189741-05:00" endTime="2009-11-05T10:13:23.9189741-05:00" testType="13cdc9d9-ddb5-4fa4-a97d-d965ccfc6d4b" outcome="Passed" testListId="8c84fa94-04c1-424b-9868-57a2d4851a1d">
      <Output>
      </Output>
    </UnitTestResult>
    <UnitTestResult executionId="d497b85a-94b7-4e01-8988-c9c563119328" testId="a9d2278e-b4a1-c418-a6f3-83f901125e35" testName="TestCreateValidKey" computerName="NYCSPF20092" duration="00:00:00.0022407" startTime="2009-11-05T10:13:23.9189741-05:00" endTime="2009-11-05T10:13:23.9346002-05:00" testType="13cdc9d9-ddb5-4fa4-a97d-d965ccfc6d4b" outcome="Passed" testListId="8c84fa94-04c1-424b-9868-57a2d4851a1d">
      <Output>
      </Output>
    </UnitTestResult>
    <UnitTestResult executionId="7bbefae1-b7a8-4b24-9359-9cdd7e644c3f" testId="ea5874b2-db0c-f041-3124-80811d662e34" testName="TestCreateValidUserKey" computerName="NYCSPF20092" duration="00:00:00.0014080" startTime="2009-11-05T10:13:23.9346002-05:00" endTime="2009-11-05T10:13:23.9346002-05:00" testType="13cdc9d9-ddb5-4fa4-a97d-d965ccfc6d4b" outcome="Passed" testListId="8c84fa94-04c1-424b-9868-57a2d4851a1d">
      <Output>
      </Output>
    </UnitTestResult>
    <UnitTestResult executionId="99334a7a-c89b-46ed-b7be-c701a1efb5fb" testId="c7e4801a-2af2-e695-8460-530fa9550963" testName="TestExportImportKeyAsBlob" computerName="NYCSPF20092" duration="00:00:00.0037257" startTime="2009-11-05T10:13:23.9346002-05:00" endTime="2009-11-05T10:13:23.9502263-05:00" testType="13cdc9d9-ddb5-4fa4-a97d-d965ccfc6d4b" outcome="Passed" testListId="8c84fa94-04c1-424b-9868-57a2d4851a1d">
      <Output>
      </Output>
    </UnitTestResult>
    <UnitTestResult executionId="4a0ecc79-d744-40e9-9722-0adc4e9fa4dc" testId="1c6421d1-dc3d-0f90-4ded-7f0c1ec555c5" testName="TestExportImportKeyAsFile" computerName="NYCSPF20092" duration="00:00:00.0176257" startTime="2009-11-05T10:13:23.9502263-05:00" endTime="2009-11-05T10:13:23.9658524-05:00" testType="13cdc9d9-ddb5-4fa4-a97d-d965ccfc6d4b" outcome="Failed" testListId="8c84fa94-04c1-424b-9868-57a2d4851a1d">
      <Output>
        <ErrorInfo>
          <Message>Test method WallStreetSystems.StructuredProducts.Interop.Test.MiscTests.TestExportImportKeyAsFile threw exception:  System.Runtime.InteropServices.COMException: Failed to create object from the XML string read from file C:\TeamCity\buildAgent\temp\buildTmp\tmp2925.tmp.</Message>
          <StackTrace>    at WallStreetSystems.StructuredProducts.Interop.Server.MiscUtilsClass.ObjectFromFile(String bsFileName, Boolean bCleanObject)
   at WallStreetSystems.StructuredProducts.Interop.Test.MiscTests.TestExportImportKeyAsFile()
</StackTrace>
        </ErrorInfo>
      </Output>
    </UnitTestResult>
    <UnitTestResult executionId="89653bc8-4037-4442-b555-9e681efd7623" testId="c6821a12-ee41-6ba0-edc1-2372c591d4bf" testName="TestExportImportKeyAsXmlHuman" computerName="NYCSPF20092" duration="00:00:00.0040053" startTime="2009-11-05T10:13:23.9658524-05:00" endTime="2009-11-05T10:13:23.9814785-05:00" testType="13cdc9d9-ddb5-4fa4-a97d-d965ccfc6d4b" outcome="Passed" testListId="8c84fa94-04c1-424b-9868-57a2d4851a1d">
      <Output>
      </Output>
    </UnitTestResult>
    <UnitTestResult executionId="7d1c265f-af7a-42c9-9f99-c5ca22485137" testId="4d18cef3-0107-2b8b-d0b7-a03282826264" testName="TestExportImportKeyAsXmlInternal" computerName="NYCSPF20092" duration="00:00:00.0046373" startTime="2009-11-05T10:13:23.9814785-05:00" endTime="2009-11-05T10:13:23.9814785-05:00" testType="13cdc9d9-ddb5-4fa4-a97d-d965ccfc6d4b" outcome="Passed" testListId="8c84fa94-04c1-424b-9868-57a2d4851a1d">
      <Output>
      </Output>
    </UnitTestResult>
    <UnitTestResult executionId="ec850d5a-8a19-42f3-9813-7ccdb400f0cb" testId="c4695238-9bd6-e5fa-2e96-012698b079c2" testName="TestExportImportKeyAsXmlIntersystem" computerName="NYCSPF20092" duration="00:00:00.0044555" startTime="2009-11-05T10:13:23.9814785-05:00" endTime="2009-11-05T10:13:23.9971046-05:00" testType="13cdc9d9-ddb5-4fa4-a97d-d965ccfc6d4b" outcome="Passed" testListId="8c84fa94-04c1-424b-9868-57a2d4851a1d">
      <Output>
      </Output>
    </UnitTestResult>
    <UnitTestResult executionId="44209f45-8821-45af-a76a-e64ce8489315" testId="2c5e5a39-2d78-890c-a985-86f62773de39" testName="TestExportImportUserKeyAsBlob" computerName="NYCSPF20092" duration="00:00:00.0029350" startTime="2009-11-05T10:13:23.9971046-05:00" endTime="2009-11-05T10:13:24.0127307-05:00" testType="13cdc9d9-ddb5-4fa4-a97d-d965ccfc6d4b" outcome="Passed" testListId="8c84fa94-04c1-424b-9868-57a2d4851a1d">
      <Output>
      </Output>
    </UnitTestResult>
    <UnitTestResult executionId="9a4ad41f-92e2-46ce-b2eb-1a163fd71149" testId="29ca9877-6ac0-ebd8-aad2-dd9406d9d210" testName="TestExportImportUserKeyAsFile" computerName="NYCSPF20092" duration="00:00:00.0111324" startTime="2009-11-05T10:13:24.0127307-05:00" endTime="2009-11-05T10:13:24.0283568-05:00" testType="13cdc9d9-ddb5-4fa4-a97d-d965ccfc6d4b" outcome="Failed" testListId="8c84fa94-04c1-424b-9868-57a2d4851a1d">
      <Output>
        <ErrorInfo>
          <Message>Test method WallStreetSystems.StructuredProducts.Interop.Test.MiscTests.TestExportImportUserKeyAsFile threw exception:  System.Runtime.InteropServices.COMException: Failed to create object from the XML string read from file C:\TeamCity\buildAgent\temp\buildTmp\tmp2926.tmp.</Message>
          <StackTrace>    at WallStreetSystems.StructuredProducts.Interop.Server.MiscUtilsClass.ObjectFromFile(String bsFileName, Boolean bCleanObject)
   at WallStreetSystems.StructuredProducts.Interop.Test.MiscTests.TestExportImportUserKeyAsFile()
</StackTrace>
        </ErrorInfo>
      </Output>
    </UnitTestResult>
    <UnitTestResult executionId="82ff31a2-b97a-49f7-af45-20d2ae2011ab" testId="a7cb5891-34d9-d29b-1b1a-7da5e2d69d2d" testName="TestExportImportUserKeyAsXmlHuman" computerName="NYCSPF20092" duration="00:00:00.0114944" startTime="2009-11-05T10:13:24.0283568-05:00" endTime="2009-11-05T10:13:24.0439829-05:00" testType="13cdc9d9-ddb5-4fa4-a97d-d965ccfc6d4b" outcome="Passed" testListId="8c84fa94-04c1-424b-9868-57a2d4851a1d">
      <Output>
      </Output>
    </UnitTestResult>
    <UnitTestResult executionId="27f14ae9-2c50-44fc-89cd-9d6680841fec" testId="9c87875d-2700-6477-e18d-b9d893563d21" testName="TestExportImportUserKeyAsXmlInternal" computerName="NYCSPF20092" duration="00:00:00.0044886" startTime="2009-11-05T10:13:24.0439829-05:00" endTime="2009-11-05T10:13:24.0439829-05:00" testType="13cdc9d9-ddb5-4fa4-a97d-d965ccfc6d4b" outcome="Passed" testListId="8c84fa94-04c1-424b-9868-57a2d4851a1d">
      <Output>
      </Output>
    </UnitTestResult>
    <UnitTestResult executionId="4e9228ac-04a8-46da-a4c6-f3c0a376d014" testId="714e0c49-7ca2-7e52-fcbd-56159e71b963" testName="TestExportImportUserKeyAsXmlIntersystem" computerName="NYCSPF20092" duration="00:00:00.0101558" startTime="2009-11-05T10:13:24.0596090-05:00" endTime="2009-11-05T10:13:24.0596090-05:00" testType="13cdc9d9-ddb5-4fa4-a97d-d965ccfc6d4b" outcome="Passed" testListId="8c84fa94-04c1-424b-9868-57a2d4851a1d">
      <Output>
      </Output>
    </UnitTestResult>
    <UnitTestResult executionId="694014ba-5924-4b0f-8fa8-f05a57f2730a" testId="a83da4cb-2996-8368-08db-5e58e9027e34" testName="TestExpressionPropertyEqProperty" computerName="NYCSPF20092" duration="00:00:00.0019661" startTime="2009-11-05T10:13:24.0596090-05:00" endTime="2009-11-05T10:13:24.0752351-05:00" testType="13cdc9d9-ddb5-4fa4-a97d-d965ccfc6d4b" outcome="Passed" testListId="8c84fa94-04c1-424b-9868-57a2d4851a1d">
      <Output>
      </Output>
    </UnitTestResult>
    <UnitTestResult executionId="7256e944-5803-4238-a94e-242a26038afd" testId="caa60006-5e50-ef74-1dee-3fa38a8e6e57" testName="TestKeyCopy" computerName="NYCSPF20092" duration="00:00:00.0013628" startTime="2009-11-05T10:13:24.0752351-05:00" endTime="2009-11-05T10:13:24.0752351-05:00" testType="13cdc9d9-ddb5-4fa4-a97d-d965ccfc6d4b" outcome="Passed" testListId="8c84fa94-04c1-424b-9868-57a2d4851a1d">
      <Output>
      </Output>
    </UnitTestResult>
    <UnitTestResult executionId="ff31ecdc-e733-4094-a285-d0becad54172" testId="58b18012-f48d-4aed-b421-3efe9039bea4" testName="TestRandomString" computerName="NYCSPF20092" duration="00:00:00.0004732" startTime="2009-11-05T10:13:24.0752351-05:00" endTime="2009-11-05T10:13:24.0908612-05:00" testType="13cdc9d9-ddb5-4fa4-a97d-d965ccfc6d4b" outcome="Passed" testListId="8c84fa94-04c1-424b-9868-57a2d4851a1d">
      <Output>
      </Output>
    </UnitTestResult>
    <UnitTestResult executionId="660abd53-6e28-498f-b017-2888a7522847" testId="bc490be3-9625-1806-3677-f290861cae34" testName="TestServerInformation" computerName="NYCSPF20092" duration="00:00:00.0881087" startTime="2009-11-05T10:13:24.0908612-05:00" endTime="2009-11-05T10:13:24.1689917-05:00" testType="13cdc9d9-ddb5-4fa4-a97d-d965ccfc6d4b" outcome="Passed" testListId="8c84fa94-04c1-424b-9868-57a2d4851a1d">
      <Output>
      </Output>
    </UnitTestResult>
    <UnitTestResult executionId="f0a19c2c-99e6-45b4-b333-a210a01fa688" testId="87ec4358-9ad2-f2a5-7f11-dc99f088a96c" testName="TestServerInformationNoSession" computerName="NYCSPF20092" duration="00:00:00.0029618" startTime="2009-11-05T10:13:24.1846178-05:00" endTime="2009-11-05T10:13:24.1846178-05:00" testType="13cdc9d9-ddb5-4fa4-a97d-d965ccfc6d4b" outcome="Passed" testListId="8c84fa94-04c1-424b-9868-57a2d4851a1d">
      <Output>
      </Output>
    </UnitTestResult>
    <UnitTestResult executionId="b3eb2e57-db8d-40e8-86cf-559ba62fbbef" testId="7b20592b-7c4e-152b-d6fc-9e1fc2b6c149" testName="TestUserKeyAsExpression" computerName="NYCSPF20092" duration="00:00:00.0014858" startTime="2009-11-05T10:13:24.1846178-05:00" endTime="2009-11-05T10:13:24.2002439-05:00" testType="13cdc9d9-ddb5-4fa4-a97d-d965ccfc6d4b" outcome="Passed" testListId="8c84fa94-04c1-424b-9868-57a2d4851a1d">
      <Output>
      </Output>
    </UnitTestResult>
    <UnitTestResult executionId="5079d97d-0412-495f-83f7-be885c510aae" testId="4dd22250-51e6-5b07-41a2-5a99b99c1156" testName="TestUserKeyCopy" computerName="NYCSPF20092" duration="00:00:00.0016298" startTime="2009-11-05T10:13:24.2002439-05:00" endTime="2009-11-05T10:13:24.2002439-05:00" testType="13cdc9d9-ddb5-4fa4-a97d-d965ccfc6d4b" outcome="Passed" testListId="8c84fa94-04c1-424b-9868-57a2d4851a1d">
      <Output>
      </Output>
    </UnitTestResult>
    <UnitTestResult executionId="6f9b55c9-9f34-4516-9d5b-8d0d45f20fa0" testId="d6dd514f-155f-f856-f12f-18bb6b30e463" testName="TestUserKeyEmptyCopy" computerName="NYCSPF20092" duration="00:00:00.0010749" startTime="2009-11-05T10:13:24.2002439-05:00" endTime="2009-11-05T10:13:24.2002439-05:00" testType="13cdc9d9-ddb5-4fa4-a97d-d965ccfc6d4b" outcome="Passed" testListId="8c84fa94-04c1-424b-9868-57a2d4851a1d">
      <Output>
      </Output>
    </UnitTestResult>
    <UnitTestResult executionId="3e3d6345-e6ab-41a6-86d3-bc4d6970214e" testId="30762383-6daf-5221-06f2-714c4b406dce" testName="TestAddDuplicateRates" computerName="NYCSPF20092" duration="00:00:00.2887392" startTime="2009-11-05T10:13:24.2158700-05:00" endTime="2009-11-05T10:13:24.5596442-05:00" testType="13cdc9d9-ddb5-4fa4-a97d-d965ccfc6d4b" outcome="Passed" testListId="8c84fa94-04c1-424b-9868-57a2d4851a1d">
      <Output>
      </Output>
    </UnitTestResult>
    <UnitTestResult executionId="1124b93d-fda0-4512-9d28-165e6878e325" testId="29f7a8d1-63a6-869e-73c0-4e2b32265151" testName="TestCreateRateDescription" computerName="NYCSPF20092" duration="00:00:00.0902746" startTime="2009-11-05T10:13:24.5596442-05:00" endTime="2009-11-05T10:13:24.6534008-05:00" testType="13cdc9d9-ddb5-4fa4-a97d-d965ccfc6d4b" outcome="Passed" testListId="8c84fa94-04c1-424b-9868-57a2d4851a1d">
      <Output>
      </Output>
    </UnitTestResult>
    <UnitTestResult executionId="3f2b2fd1-d9fa-472f-9a97-460156532cea" testId="9d9244c9-731a-5cb9-2866-a203d824782a" testName="TestCreateRateDescriptionAndAddRates" computerName="NYCSPF20092" duration="00:00:00.3682924" startTime="2009-11-05T10:13:24.6690269-05:00" endTime="2009-11-05T10:13:25.0284272-05:00" testType="13cdc9d9-ddb5-4fa4-a97d-d965ccfc6d4b" outcome="Passed" testListId="8c84fa94-04c1-424b-9868-57a2d4851a1d">
      <Output>
      </Output>
    </UnitTestResult>
    <UnitTestResult executionId="7b2e2c31-10b0-4896-ab8b-8ecf457e9377" testId="08cdab95-11f6-ab52-450f-010787753643" testName="TestCreateRateDescriptionDuplicate" computerName="NYCSPF20092" duration="00:00:00.1197490" startTime="2009-11-05T10:13:25.0440533-05:00" endTime="2009-11-05T10:13:25.1534360-05:00" testType="13cdc9d9-ddb5-4fa4-a97d-d965ccfc6d4b" outcome="Passed" testListId="8c84fa94-04c1-424b-9868-57a2d4851a1d">
      <Output>
      </Output>
    </UnitTestResult>
    <UnitTestResult executionId="cb00a635-5103-4839-87af-deb31c6f7f38" testId="096867a8-3e68-62e4-ef1e-a481c9aef6b2" testName="TestRateFixingDateChangeFails" computerName="NYCSPF20092" duration="00:00:00.1687485" startTime="2009-11-05T10:13:25.1690621-05:00" endTime="2009-11-05T10:13:25.3409492-05:00" testType="13cdc9d9-ddb5-4fa4-a97d-d965ccfc6d4b" outcome="Inconclusive" testListId="8c84fa94-04c1-424b-9868-57a2d4851a1d">
      <Output>
        <ErrorInfo>
          <Message>Assert.Inconclusive failed. Give this a specific error code/exception: the code -2080374779 and message: 'Number of updated rows isn't exactly one' are not meaningful</Message>
          <StackTrace>   at WallStreetSystems.StructuredProducts.Interop.Test.RateTests.TestRateFixingDateChangeFails()
</StackTrace>
        </ErrorInfo>
      </Output>
    </UnitTestResult>
    <UnitTestResult executionId="6c24edc3-e45d-46f1-991f-ccb1bfd7834f" testId="e0bf424d-f52e-84b0-86d9-54b7c75115e1" testName="TestRateFixingRateChange" computerName="NYCSPF20092" duration="00:00:00.2132703" startTime="2009-11-05T10:13:25.3409492-05:00" endTime="2009-11-05T10:13:25.5597146-05:00" testType="13cdc9d9-ddb5-4fa4-a97d-d965ccfc6d4b" outcome="Passed" testListId="8c84fa94-04c1-424b-9868-57a2d4851a1d">
      <Output>
      </Output>
    </UnitTestResult>
    <UnitTestResult executionId="e6bc8c91-e315-4dc6-a702-dcc0d373353f" testId="4b25e0c9-dfda-0c5d-bb35-766aaacf90dd" testName="TestActivityReport" computerName="NYCSPF20092" duration="00:00:01.3240027" startTime="2009-11-05T10:13:25.5597146-05:00" endTime="2009-11-05T10:13:26.9504375-05:00" testType="13cdc9d9-ddb5-4fa4-a97d-d965ccfc6d4b" outcome="Inconclusive" testListId="8c84fa94-04c1-424b-9868-57a2d4851a1d">
      <Output>
        <ErrorInfo>
          <Message>Assert.Inconclusive failed. Not sure about conditions need to exist for activities to be picked up.</Message>
          <StackTrace>   at WallStreetSystems.StructuredProducts.Interop.Test.ReportTests.TestActivityReport()
</StackTrace>
        </ErrorInfo>
      </Output>
    </UnitTestResult>
    <UnitTestResult executionId="0d75616d-30ea-4575-8c24-d1c9c2ef1434" testId="a3889c5a-1a7e-8af5-acc0-bffdf04286de" testName="TestEODUpdate" computerName="NYCSPF20092" duration="00:00:05.8561697" startTime="2009-11-05T10:13:26.9504375-05:00" endTime="2009-11-05T10:13:32.8102250-05:00" testType="13cdc9d9-ddb5-4fa4-a97d-d965ccfc6d4b" outcome="Passed" testListId="8c84fa94-04c1-424b-9868-57a2d4851a1d">
      <Output>
      </Output>
    </UnitTestResult>
    <UnitTestResult executionId="478fc4a4-bb69-4eac-bb11-a209e825025b" testId="40067874-a18f-e703-396d-809049db9f80" testName="TestLoadReportWarehouseIntoHistorical" computerName="NYCSPF20092" duration="00:00:16.1938689" startTime="2009-11-05T10:13:32.8102250-05:00" endTime="2009-11-05T10:13:49.0301168-05:00" testType="13cdc9d9-ddb5-4fa4-a97d-d965ccfc6d4b" outcome="Passed" testListId="8c84fa94-04c1-424b-9868-57a2d4851a1d">
      <Output>
      </Output>
    </UnitTestResult>
    <UnitTestResult executionId="3b9b6324-4942-4c5b-b54b-486d8118a0f8" testId="8f9fc7ec-3534-fd9a-c8dc-b2c409b65411" testName="TestMarkToMarketErrors" computerName="NYCSPF20092" duration="00:00:00.7988667" startTime="2009-11-05T10:13:49.0301168-05:00" endTime="2009-11-05T10:13:49.8270479-05:00" testType="13cdc9d9-ddb5-4fa4-a97d-d965ccfc6d4b" outcome="Passed" testListId="8c84fa94-04c1-424b-9868-57a2d4851a1d">
      <Output>
      </Output>
    </UnitTestResult>
    <UnitTestResult executionId="92b31965-4801-475a-9312-a1a7495d6d6f" testId="6fe24a14-6048-a5b7-2f31-991d91cd1a0b" testName="TestRateSetInquiryAndActionReport" computerName="NYCSPF20092" duration="00:00:18.8222928" startTime="2009-11-05T10:13:49.8270479-05:00" endTime="2009-11-05T10:14:08.6721245-05:00" testType="13cdc9d9-ddb5-4fa4-a97d-d965ccfc6d4b" outcome="Passed" testListId="8c84fa94-04c1-424b-9868-57a2d4851a1d">
      <Output>
      </Output>
    </UnitTestResult>
    <UnitTestResult executionId="500ed4df-d7d9-4b71-adb0-074e5e80885e" testId="df982f82-9876-0d79-8cba-7eacee3a6983" testName="TestRateSetInquiryReport" computerName="NYCSPF20092" duration="00:00:24.0228458" startTime="2009-11-05T10:14:08.6721245-05:00" endTime="2009-11-05T10:14:32.7050663-05:00" testType="13cdc9d9-ddb5-4fa4-a97d-d965ccfc6d4b" outcome="Failed" testListId="8c84fa94-04c1-424b-9868-57a2d4851a1d">
      <Output>
        <ErrorInfo>
          <Message>[MESSAGE]:Test method WallStreetSystems.StructuredProducts.Interop.Test.ReportTests.TestRateSetInquiryReport threw exception:  System.AccessViolationException: Attempted to read or write protected memory. This is often an indication that other memory is corrupt..[/MESSAGE]</Message>
          <StackTrace>[STACK]    at WallStreetSystems.StructuredProducts.Interop.Server.RptLabelClass.ErrorList()
   at WallStreetSystems.StructuredProducts.Interop.Test.ReportTests.TestRateSetInquiryReport()
[STACK]</StackTrace>
        </ErrorInfo>
      </Output>
    </UnitTestResult>
    <UnitTestResult executionId="d03d7dac-889c-4347-a40e-4281d387c96e" testId="56383373-a058-2258-24bd-dad3a15be3ad" testName="TestRateSetInquiryReportError" computerName="NYCSPF20092" duration="00:00:01.8254671" startTime="2009-11-05T10:14:32.7050663-05:00" endTime="2009-11-05T10:14:34.5333200-05:00" testType="13cdc9d9-ddb5-4fa4-a97d-d965ccfc6d4b" outcome="Passed" testListId="8c84fa94-04c1-424b-9868-57a2d4851a1d">
      <Output>
      </Output>
    </UnitTestResult>
    <UnitTestResult executionId="316087b4-7c58-4984-b346-ea7e8bd76968" testId="e0b72d5d-6a99-a9f6-e520-f06091d91167" testName="TestRateSetInquiryReportID" computerName="NYCSPF20092" duration="00:00:01.6472378" startTime="2009-11-05T10:14:34.5333200-05:00" endTime="2009-11-05T10:14:36.1896866-05:00" testType="13cdc9d9-ddb5-4fa4-a97d-d965ccfc6d4b" outcome="Passed" testListId="8c84fa94-04c1-424b-9868-57a2d4851a1d">
      <Output>
      </Output>
    </UnitTestResult>
    <UnitTestResult executionId="ff69369f-fe33-47f7-ac0c-0998d6690c08" testId="777aabfc-4ef8-33ae-9b42-b242e6e2a399" testName="TestRateSetInquiryReportRunDuration" computerName="NYCSPF20092" duration="00:01:31.8997437" startTime="2009-11-05T10:14:36.1896866-05:00" endTime="2009-11-05T10:16:08.1492851-05:00" testType="13cdc9d9-ddb5-4fa4-a97d-d965ccfc6d4b" outcome="Passed" testListId="8c84fa94-04c1-424b-9868-57a2d4851a1d">
      <Output>
      </Output>
    </UnitTestResult>
    <UnitTestResult executionId="355fc8d4-ac45-4c7d-8d20-bdcbcca313d0" testId="4f73a80a-086d-0d90-14cb-dd7b08e9ad40" testName="TestReportDescriptionRetrieve" computerName="NYCSPF20092" duration="00:00:11.1469410" startTime="2009-11-05T10:16:08.1492851-05:00" endTime="2009-11-05T10:16:19.3063205-05:00" testType="13cdc9d9-ddb5-4fa4-a97d-d965ccfc6d4b" outcome="Passed" testListId="8c84fa94-04c1-424b-9868-57a2d4851a1d">
      <Output>
      </Output>
    </UnitTestResult>
    <UnitTestResult executionId="1451bf94-d459-48a4-9a77-0e656fed1db9" testId="b93b4680-cd64-1fe1-3c5c-318d3a684770" testName="TestReportErrorLogging" computerName="NYCSPF20092" duration="00:00:01.8257399" startTime="2009-11-05T10:16:19.3063205-05:00" endTime="2009-11-05T10:16:21.1345742-05:00" testType="13cdc9d9-ddb5-4fa4-a97d-d965ccfc6d4b" outcome="Passed" testListId="8c84fa94-04c1-424b-9868-57a2d4851a1d">
      <Output>
      </Output>
    </UnitTestResult>
    <UnitTestResult executionId="9c786dc4-087c-45a5-b83c-3bc55774fa68" testId="9d0abc3e-9149-8954-0776-1340096ca0c2" testName="TestTradeMigrationReport" computerName="NYCSPF20092" duration="00:00:00.4697340" startTime="2009-11-05T10:16:21.1345742-05:00" endTime="2009-11-05T10:16:21.6189833-05:00" testType="13cdc9d9-ddb5-4fa4-a97d-d965ccfc6d4b" outcome="Passed" testListId="8c84fa94-04c1-424b-9868-57a2d4851a1d">
      <Output>
      </Output>
    </UnitTestResult>
    <UnitTestResult executionId="eb7dc85a-545c-4ecb-9a10-68e4091862a9" testId="915209f9-c74f-a16d-44f6-3db607ca7c1b" testName="TestRPC" computerName="NYCSPF20092" duration="00:00:00.0979645" startTime="2009-11-05T10:16:21.6189833-05:00" endTime="2009-11-05T10:16:21.7752443-05:00" testType="13cdc9d9-ddb5-4fa4-a97d-d965ccfc6d4b" outcome="Passed" testListId="8c84fa94-04c1-424b-9868-57a2d4851a1d">
      <Output>
        <StdOut>Intergrated Mode is OFF
BackOffice communications are OFF.
Current user id is: &lt;MultisystemUserKey&gt;&lt;Key&gt;218927138&lt;/Key&gt;&lt;SystemId&gt;IRD&lt;/SystemId&gt;&lt;/MultisystemUserKey&gt;, session id is: 110681
Client Version: 20092617114
Client Build: 8/11/2009 15:20:40
Server Version: 20092617114
Server Build: 
Audit Mode forisTrue
Audit Mode forwseCurveManagerisTrue
Audit Mode forwseDateCalcManagerisTrue
Audit Mode forwseInventoryManagerisTrue
Audit Mode forwseLiveRatesManagerisTrue
Audit Mode forwseReportManagerisTrue
Audit Mode forwseReportDistributorisTrue
Audit Mode forwseSessionManagerisTrue
Audit Mode forwseUserManagerisTrue
Audit Mode forwseProfileManagerisTrue
Audit Mode forwseTradeManagerisTrue
Audit Mode forwseTreeManagerisTrue
Audit Mode forwseJobManagerisTrue
Audit Mode forwseStaticDataManagerisTrue
Audit Mode forwseAccessGatewayisTrue
Audit Mode forwseBLOBConversionisTrue
Audit Mode forwseDataAccessComponentsisTrue
Audit Mode forwseOrdManagerisTrue
Audit Mode forwseReportStagerisTrue
Audit Mode forwseInventoryLoaderisTrue
Audit Mode forwseValuationSubsystemisTrue
Audit Mode forwseSenderisTrue
Audit Mode forwseCurvesCollectionisTrue</StdOut>
      </Output>
    </UnitTestResult>
    <UnitTestResult executionId="8d70390f-bc9f-4176-be4c-14ff3cd2c047" testId="480ab88e-1db6-420c-8477-ee0b7b72fee4" testName="TestReadFromSecurityLog" computerName="NYCSPF20092" duration="00:00:00.2102708" startTime="2009-11-05T10:16:21.7752443-05:00" endTime="2009-11-05T10:16:21.9940097-05:00" testType="13cdc9d9-ddb5-4fa4-a97d-d965ccfc6d4b" outcome="Passed" testListId="8c84fa94-04c1-424b-9868-57a2d4851a1d">
      <Output>
      </Output>
    </UnitTestResult>
    <UnitTestResult executionId="0b33d1d8-2e61-4cdb-80e7-0775ce66c991" testId="d28916ed-efa6-343e-3d40-5a35c60378dc" testName="TestSecurityAuditLogAddDeleteIndexName" computerName="NYCSPF20092" duration="00:00:00.4622099" startTime="2009-11-05T10:16:21.9940097-05:00" endTime="2009-11-05T10:16:22.4627927-05:00" testType="13cdc9d9-ddb5-4fa4-a97d-d965ccfc6d4b" outcome="Passed" testListId="8c84fa94-04c1-424b-9868-57a2d4851a1d">
      <Output>
      </Output>
    </UnitTestResult>
    <UnitTestResult executionId="483e9f82-40b1-4fc8-89c5-7b52c033ce14" testId="4984390b-c5af-91b0-cbb6-170e7a46adfb" testName="TestSecurityAuditLogAddDeleteMarketName" computerName="NYCSPF20092" duration="00:00:00.3150009" startTime="2009-11-05T10:16:22.4627927-05:00" endTime="2009-11-05T10:16:22.7909408-05:00" testType="13cdc9d9-ddb5-4fa4-a97d-d965ccfc6d4b" outcome="Passed" testListId="8c84fa94-04c1-424b-9868-57a2d4851a1d">
      <Output>
      </Output>
    </UnitTestResult>
    <UnitTestResult executionId="2bfcee57-9eda-405e-b86c-dfe744b8fa62" testId="fb082343-8c8a-bcd5-f9a2-1b6d329451f1" testName="TestSecurityAuditLogAddEditDisableUser" computerName="NYCSPF20092" duration="00:00:00.4866156" startTime="2009-11-05T10:16:22.7909408-05:00" endTime="2009-11-05T10:16:23.2753499-05:00" testType="13cdc9d9-ddb5-4fa4-a97d-d965ccfc6d4b" outcome="Passed" testListId="8c84fa94-04c1-424b-9868-57a2d4851a1d">
      <Output>
      </Output>
    </UnitTestResult>
    <UnitTestResult executionId="5f9dd429-f5dc-4148-b1a8-c464bd32dfe3" testId="0c1442ad-ee92-9e53-468f-e6d0bd9c4d8f" testName="TestSecurityAuditLogAddEditRemoveRateDescription" computerName="NYCSPF20092" duration="00:00:00.3591563" startTime="2009-11-05T10:16:23.2909760-05:00" endTime="2009-11-05T10:16:23.6503763-05:00" testType="13cdc9d9-ddb5-4fa4-a97d-d965ccfc6d4b" outcome="Passed" testListId="8c84fa94-04c1-424b-9868-57a2d4851a1d">
      <Output>
      </Output>
    </UnitTestResult>
    <UnitTestResult executionId="a4585390-2b5f-4091-b97e-61f0ea57ce92" testId="ea881ab4-5635-aa04-fbeb-7155e6638ae3" testName="TestSecurityAuditLogAddEditRemoveRateFixing" computerName="NYCSPF20092" duration="00:00:00.4182122" startTime="2009-11-05T10:16:23.6503763-05:00" endTime="2009-11-05T10:16:24.0722810-05:00" testType="13cdc9d9-ddb5-4fa4-a97d-d965ccfc6d4b" outcome="Failed" testListId="8c84fa94-04c1-424b-9868-57a2d4851a1d">
      <Output>
        <ErrorInfo>
          <Message>Assert.AreEqual failed. Expected:&lt;12.Simple.SecTest642946983.USD.3M.Annual.2009-11-05&gt;. Actual:&lt;12.Simple.SecTest642946983.USD..3M.Annual.2009-11-5&gt;. Insert: Wrong item identity</Message>
          <StackTrace>   at WallStreetSystems.StructuredProducts.Interop.Test.SecurityLogTests.TestSecurityAuditLogAddEditRemoveRateFixing()
</StackTrace>
        </ErrorInfo>
      </Output>
    </UnitTestResult>
    <UnitTestResult executionId="ee4268da-dca9-4a66-9096-c9666014d539" testId="999066d0-003b-683c-f0fd-9411f96898e0" testName="TestSecurityAuditLogAddRemoveUserGroup" computerName="NYCSPF20092" duration="00:00:00.4109572" startTime="2009-11-05T10:16:24.0722810-05:00" endTime="2009-11-05T10:16:24.4941857-05:00" testType="13cdc9d9-ddb5-4fa4-a97d-d965ccfc6d4b" outcome="Passed" testListId="8c84fa94-04c1-424b-9868-57a2d4851a1d">
      <Output>
      </Output>
    </UnitTestResult>
    <UnitTestResult executionId="46a34401-f348-46de-b789-44414f4f19f2" testId="8d3fcd5f-afdf-19e2-267a-5e4b51485d5b" testName="TestWriteToSecurityLog" computerName="NYCSPF20092" duration="00:00:00.1788400" startTime="2009-11-05T10:16:24.4941857-05:00" endTime="2009-11-05T10:16:24.6816989-05:00" testType="13cdc9d9-ddb5-4fa4-a97d-d965ccfc6d4b" outcome="Passed" testListId="8c84fa94-04c1-424b-9868-57a2d4851a1d">
      <Output>
      </Output>
    </UnitTestResult>
    <UnitTestResult executionId="fb73c249-131b-4010-9d30-80f3ad898647" testId="2d387e98-8a76-2ae7-e4a4-afb2af7034a4" testName="TestWriteToSecurityLogAllActions" computerName="NYCSPF20092" duration="00:00:00.2768622" startTime="2009-11-05T10:16:24.6816989-05:00" endTime="2009-11-05T10:16:24.9629687-05:00" testType="13cdc9d9-ddb5-4fa4-a97d-d965ccfc6d4b" outcome="Passed" testListId="8c84fa94-04c1-424b-9868-57a2d4851a1d">
      <Output>
      </Output>
    </UnitTestResult>
    <UnitTestResult executionId="badd1f1e-00a2-4ed7-9d55-9697b51c33ef" testId="e3f2119a-cb87-0870-20d7-7f6fb0173c6d" testName="TestProcessInfo" computerName="NYCSPF20092" duration="00:00:00.1259819" startTime="2009-11-05T10:16:24.9629687-05:00" endTime="2009-11-05T10:16:25.0879775-05:00" testType="13cdc9d9-ddb5-4fa4-a97d-d965ccfc6d4b" outcome="Passed" testListId="8c84fa94-04c1-424b-9868-57a2d4851a1d">
      <Output>
      </Output>
    </UnitTestResult>
    <UnitTestResult executionId="0d79d013-139f-4a39-94e8-c9af537dea0a" testId="ea106fc5-070b-f6bd-0cca-7e4d447c3780" testName="TestLoginLogoutTwoDifferentWays" computerName="NYCSPF20092" duration="00:00:00.0146729" startTime="2009-11-05T10:16:25.0879775-05:00" endTime="2009-11-05T10:16:25.1192297-05:00" testType="13cdc9d9-ddb5-4fa4-a97d-d965ccfc6d4b" outcome="Failed" testListId="8c84fa94-04c1-424b-9868-57a2d4851a1d">
      <Output>
        <ErrorInfo>
          <Message>Assert.Fail failed. Test commented out because is kills the server's ability to accept logins for the rest of the tests</Message>
          <StackTrace>   at WallStreetSystems.StructuredProducts.Interop.Test.SessionLoginLogoutTests.TestLoginLogoutTwoDifferentWays()
</StackTrace>
        </ErrorInfo>
      </Output>
    </UnitTestResult>
    <UnitTestResult executionId="52ea70af-edaf-4a80-9e2e-4baf1a62b290" testId="aa5a3d20-8d24-260b-4fc0-f169db641f47" testName="TestMultipleLogins" computerName="NYCSPF20092" duration="00:00:04.9486288" startTime="2009-11-05T10:16:25.1192297-05:00" endTime="2009-11-05T10:16:30.0727034-05:00" testType="13cdc9d9-ddb5-4fa4-a97d-d965ccfc6d4b" outcome="Passed" testListId="8c84fa94-04c1-424b-9868-57a2d4851a1d">
      <Output>
      </Output>
    </UnitTestResult>
    <UnitTestResult executionId="a2ec1c5a-eb97-40e9-8a40-a9a09f3aa233" testId="77cf76a5-b1fb-242c-c6b6-3c2cce2b459c" testName="TestTradeAudit" computerName="NYCSPF20092" duration="00:00:03.0886361" startTime="2009-11-05T10:16:30.0727034-05:00" endTime="2009-11-05T10:16:33.2291756-05:00" testType="13cdc9d9-ddb5-4fa4-a97d-d965ccfc6d4b" outcome="Passed" testListId="8c84fa94-04c1-424b-9868-57a2d4851a1d">
      <Output>
      </Output>
    </UnitTestResult>
    <UnitTestResult executionId="f36dc926-d9b1-4155-9004-5e692655b9bd" testId="a4ce3d11-9b6a-9c3d-0528-24d8213312d9" testName="TestTradeAuditFromFile" computerName="NYCSPF20092" duration="00:00:14.1365255" startTime="2009-11-05T10:16:33.2291756-05:00" endTime="2009-11-05T10:16:47.3707961-05:00" testType="13cdc9d9-ddb5-4fa4-a97d-d965ccfc6d4b" outcome="Passed" testListId="8c84fa94-04c1-424b-9868-57a2d4851a1d">
      <Output>
      </Output>
    </UnitTestResult>
    <UnitTestResult executionId="d1deed21-81d9-45f8-94c5-c319d969c7bb" testId="8e88f66c-f21a-c1af-08bc-813303bbe162" testName="TestTradeInfo" computerName="NYCSPF20092" duration="00:00:01.4831844" startTime="2009-11-05T10:16:47.3864222-05:00" endTime="2009-11-05T10:17:13.6070180-05:00" testType="13cdc9d9-ddb5-4fa4-a97d-d965ccfc6d4b" outcome="Passed" testListId="8c84fa94-04c1-424b-9868-57a2d4851a1d">
      <Output>
      </Output>
    </UnitTestResult>
    <UnitTestResult executionId="a74b50f5-49d1-4e25-a9ef-55b66a2c64c9" testId="219d7de8-1615-207b-ee99-a57c3fb5637d" testName="TestAddTradeToPackage" computerName="NYCSPF20092" duration="00:00:01.2422667" startTime="2009-11-05T10:17:13.6070180-05:00" endTime="2009-11-05T10:17:14.9196104-05:00" testType="13cdc9d9-ddb5-4fa4-a97d-d965ccfc6d4b" outcome="Passed" testListId="8c84fa94-04c1-424b-9868-57a2d4851a1d">
      <Output>
      </Output>
    </UnitTestResult>
    <UnitTestResult executionId="a05ed916-117d-4cf1-a55c-ff61a9fb75b1" testId="a1ef9e82-d45d-6626-4f93-5b6eb24a7a9f" testName="TestCreateTradePackage" computerName="NYCSPF20092" duration="00:00:00.2259695" startTime="2009-11-05T10:17:14.9196104-05:00" endTime="2009-11-05T10:17:15.1540019-05:00" testType="13cdc9d9-ddb5-4fa4-a97d-d965ccfc6d4b" outcome="Passed" testListId="8c84fa94-04c1-424b-9868-57a2d4851a1d">
      <Output>
      </Output>
    </UnitTestResult>
    <UnitTestResult executionId="c59a4367-d89d-4545-abca-cfb1d22c4143" testId="550fead1-d9d8-8294-2787-be955fa7a047" testName="TestDeletePackage" computerName="NYCSPF20092" duration="00:00:00.1512158" startTime="2009-11-05T10:17:15.1540019-05:00" endTime="2009-11-05T10:17:15.3102629-05:00" testType="13cdc9d9-ddb5-4fa4-a97d-d965ccfc6d4b" outcome="Passed" testListId="8c84fa94-04c1-424b-9868-57a2d4851a1d">
      <Output>
      </Output>
    </UnitTestResult>
    <UnitTestResult executionId="626eeb93-aa44-42bf-bb04-f2835fbe1ae2" testId="ca897206-cbe7-ccc9-83e5-326c5db32acd" testName="TestFindPackageInTree" computerName="NYCSPF20092" duration="00:00:01.2083535" startTime="2009-11-05T10:17:15.3102629-05:00" endTime="2009-11-05T10:17:16.5290987-05:00" testType="13cdc9d9-ddb5-4fa4-a97d-d965ccfc6d4b" outcome="Passed" testListId="8c84fa94-04c1-424b-9868-57a2d4851a1d">
      <Output>
      </Output>
    </UnitTestResult>
    <UnitTestResult executionId="72a763ad-8b4a-4e35-ae74-bf5c109b37a5" testId="f74562f6-308b-286d-072d-29240c72c7cc" testName="TestFindSubPackageInTree" computerName="NYCSPF20092" duration="00:00:01.2151045" startTime="2009-11-05T10:17:16.5290987-05:00" endTime="2009-11-05T10:17:17.7479345-05:00" testType="13cdc9d9-ddb5-4fa4-a97d-d965ccfc6d4b" outcome="Passed" testListId="8c84fa94-04c1-424b-9868-57a2d4851a1d">
      <Output>
      </Output>
    </UnitTestResult>
    <UnitTestResult executionId="3f5ece02-52df-4bf2-aeea-a204d9bad5c4" testId="d51b9a19-e24b-9b81-83f6-9a435804f1b5" testName="TestGetSubpackages" computerName="NYCSPF20092" duration="00:00:00.2234932" startTime="2009-11-05T10:17:17.7479345-05:00" endTime="2009-11-05T10:17:17.9823260-05:00" testType="13cdc9d9-ddb5-4fa4-a97d-d965ccfc6d4b" outcome="Passed" testListId="8c84fa94-04c1-424b-9868-57a2d4851a1d">
      <Output>
      </Output>
    </UnitTestResult>
    <UnitTestResult executionId="326f7afd-a5bb-47b2-97d5-c023720f74da" testId="59d0cb1b-dc87-770a-46a5-6bed73e60829" testName="TestPackageGetTradeLegs" computerName="NYCSPF20092" duration="00:00:01.1179858" startTime="2009-11-05T10:17:17.9823260-05:00" endTime="2009-11-05T10:17:19.1074052-05:00" testType="13cdc9d9-ddb5-4fa4-a97d-d965ccfc6d4b" outcome="Passed" testListId="8c84fa94-04c1-424b-9868-57a2d4851a1d">
      <Output>
      </Output>
    </UnitTestResult>
    <UnitTestResult executionId="250f1b10-fd95-4ce1-8b34-8fdd7302bb76" testId="94db6ce0-7c3e-081d-76e2-de30f525e902" testName="TestPackageGetTransactions" computerName="NYCSPF20092" duration="00:00:01.4395339" startTime="2009-11-05T10:17:19.1074052-05:00" endTime="2009-11-05T10:17:20.5450064-05:00" testType="13cdc9d9-ddb5-4fa4-a97d-d965ccfc6d4b" outcome="Passed" testListId="8c84fa94-04c1-424b-9868-57a2d4851a1d">
      <Output>
      </Output>
    </UnitTestResult>
    <UnitTestResult executionId="71d59e9e-ddac-4027-a5f0-c2dcefd81ad0" testId="e836a812-7fa3-604c-b936-76697f7d244b" testName="TestPackagePathOnTree" computerName="NYCSPF20092" duration="00:00:00.1903024" startTime="2009-11-05T10:17:20.5606325-05:00" endTime="2009-11-05T10:17:20.7325196-05:00" testType="13cdc9d9-ddb5-4fa4-a97d-d965ccfc6d4b" outcome="Passed" testListId="8c84fa94-04c1-424b-9868-57a2d4851a1d">
      <Output>
      </Output>
    </UnitTestResult>
    <UnitTestResult executionId="00cd3753-6bda-4fd8-bd2e-6a2293fe99f7" testId="27191708-2e73-6b56-a9ab-b9e2c6211038" testName="TestPackagePathOnTreeByNodeID" computerName="NYCSPF20092" duration="00:00:00.1957176" startTime="2009-11-05T10:17:20.7325196-05:00" endTime="2009-11-05T10:17:20.9512850-05:00" testType="13cdc9d9-ddb5-4fa4-a97d-d965ccfc6d4b" outcome="Passed" testListId="8c84fa94-04c1-424b-9868-57a2d4851a1d">
      <Output>
      </Output>
    </UnitTestResult>
    <UnitTestResult executionId="974511d6-96b8-4851-8d3d-9a1994c11e82" testId="1ee1e1e7-ff7a-b7dc-3ad3-ac662f3b48ac" testName="TestPakcageFindItem" computerName="NYCSPF20092" duration="00:00:01.1575349" startTime="2009-11-05T10:17:20.9512850-05:00" endTime="2009-11-05T10:17:22.1076164-05:00" testType="13cdc9d9-ddb5-4fa4-a97d-d965ccfc6d4b" outcome="Passed" testListId="8c84fa94-04c1-424b-9868-57a2d4851a1d">
      <Output>
      </Output>
    </UnitTestResult>
    <UnitTestResult executionId="feac61df-0a01-44b9-b7ea-4db3d52c39bc" testId="4abacc2c-b4dd-b6e3-d3dd-926f3d4a8e9a" testName="TestRemoveTradeFromPackage" computerName="NYCSPF20092" duration="00:00:01.1347924" startTime="2009-11-05T10:17:22.1232425-05:00" endTime="2009-11-05T10:17:23.2639478-05:00" testType="13cdc9d9-ddb5-4fa4-a97d-d965ccfc6d4b" outcome="Passed" testListId="8c84fa94-04c1-424b-9868-57a2d4851a1d">
      <Output>
      </Output>
    </UnitTestResult>
    <UnitTestResult executionId="f92762f0-e33a-488a-a6cf-3138fefb550f" testId="d7954a4a-74fc-a9aa-e6d5-194bde50668b" testName="TestRenamePackage" computerName="NYCSPF20092" duration="00:00:00.1101040" startTime="2009-11-05T10:17:23.2639478-05:00" endTime="2009-11-05T10:17:23.3733305-05:00" testType="13cdc9d9-ddb5-4fa4-a97d-d965ccfc6d4b" outcome="Passed" testListId="8c84fa94-04c1-424b-9868-57a2d4851a1d">
      <Output>
      </Output>
    </UnitTestResult>
    <UnitTestResult executionId="a21857c1-d097-4167-b56d-6240ec1cad53" testId="d40db99e-21fe-f76c-592c-22db292a9461" testName="TestRetrievePackageByID" computerName="NYCSPF20092" duration="00:00:00.2966641" startTime="2009-11-05T10:17:23.3733305-05:00" endTime="2009-11-05T10:17:23.6858525-05:00" testType="13cdc9d9-ddb5-4fa4-a97d-d965ccfc6d4b" outcome="Passed" testListId="8c84fa94-04c1-424b-9868-57a2d4851a1d">
      <Output>
      </Output>
    </UnitTestResult>
    <UnitTestResult executionId="1b9ce558-7567-470a-9ad8-22afde9a38be" testId="09b0b32c-4843-73b4-61b2-0dbbab5a59cb" testName="TestSubPackageCreate" computerName="NYCSPF20092" duration="00:00:00.1441093" startTime="2009-11-05T10:17:23.6858525-05:00" endTime="2009-11-05T10:17:23.8264874-05:00" testType="13cdc9d9-ddb5-4fa4-a97d-d965ccfc6d4b" outcome="Passed" testListId="8c84fa94-04c1-424b-9868-57a2d4851a1d">
      <Output>
      </Output>
    </UnitTestResult>
    <UnitTestResult executionId="347e4f73-5468-47ac-b9a2-c8cf256a84dc" testId="874b2f47-59be-6038-064f-e7fd5d15f256" testName="TestSubPackageDelete" computerName="NYCSPF20092" duration="00:00:00.2574577" startTime="2009-11-05T10:17:23.8421135-05:00" endTime="2009-11-05T10:17:24.0921311-05:00" testType="13cdc9d9-ddb5-4fa4-a97d-d965ccfc6d4b" outcome="Passed" testListId="8c84fa94-04c1-424b-9868-57a2d4851a1d">
      <Output>
      </Output>
    </UnitTestResult>
    <UnitTestResult executionId="dc5da380-d778-4c50-9907-4c6b73124d25" testId="e7286f07-db05-d206-ebad-7053447a4f25" testName="TestBookCap" computerName="NYCSPF20092" duration="00:00:12.8381009" startTime="2009-11-05T10:17:24.0921311-05:00" endTime="2009-11-05T10:17:36.9992897-05:00" testType="13cdc9d9-ddb5-4fa4-a97d-d965ccfc6d4b" outcome="Passed" testListId="8c84fa94-04c1-424b-9868-57a2d4851a1d">
      <Output>
      </Output>
    </UnitTestResult>
    <UnitTestResult executionId="0d593887-b70f-4168-8f64-07cbcdd6fa68" testId="a9fd1533-9c44-fcc0-7457-e690895a4dc2" testName="TestBookSwap" computerName="NYCSPF20092" duration="00:00:15.6991758" startTime="2009-11-05T10:17:37.0149158-05:00" endTime="2009-11-05T10:17:52.7191463-05:00" testType="13cdc9d9-ddb5-4fa4-a97d-d965ccfc6d4b" outcome="Passed" testListId="8c84fa94-04c1-424b-9868-57a2d4851a1d">
      <Output>
      </Output>
    </UnitTestResult>
    <UnitTestResult executionId="e8095ce7-5c34-4ffb-bdcd-f98afa85c021" testId="409662c1-8c45-c323-b6a1-f562140ab552" testName="TestExpungeSwapTrade" computerName="NYCSPF20092" duration="00:00:17.7250570" startTime="2009-11-05T10:17:52.7191463-05:00" endTime="2009-11-05T10:18:10.4547698-05:00" testType="13cdc9d9-ddb5-4fa4-a97d-d965ccfc6d4b" outcome="Passed" testListId="8c84fa94-04c1-424b-9868-57a2d4851a1d">
      <Output>
      </Output>
    </UnitTestResult>
    <UnitTestResult executionId="1458d80e-84f0-4aef-a40a-9854e5f0d1ca" testId="528d7731-0ac5-e828-1652-74a2bdfd1a48" testName="TestGenericTrades" computerName="NYCSPF20092" duration="00:00:03.3200734" startTime="2009-11-05T10:18:10.4703959-05:00" endTime="2009-11-05T10:18:13.7831291-05:00" testType="13cdc9d9-ddb5-4fa4-a97d-d965ccfc6d4b" outcome="Passed" testListId="8c84fa94-04c1-424b-9868-57a2d4851a1d">
      <Output>
      </Output>
    </UnitTestResult>
    <UnitTestResult executionId="219bd410-017e-4f4a-8d3b-6e2c16626b54" testId="b3d65f99-8737-04cf-6ac6-5a5d82bfa9e2" testName="TestPriceCapTrade" computerName="NYCSPF20092" duration="00:00:13.9933515" startTime="2009-11-05T10:18:13.7987552-05:00" endTime="2009-11-05T10:18:27.7997408-05:00" testType="13cdc9d9-ddb5-4fa4-a97d-d965ccfc6d4b" outcome="Passed" testListId="8c84fa94-04c1-424b-9868-57a2d4851a1d">
      <Output>
      </Output>
    </UnitTestResult>
    <UnitTestResult executionId="ac6a9d0b-b413-49ed-8644-44cd4ed177ae" testId="caaa4508-686f-a98e-68fa-b357083118c9" testName="TestPriceSaveAndRetrieveCapTrade" computerName="NYCSPF20092" duration="00:00:16.0442634" startTime="2009-11-05T10:18:27.7997408-05:00" endTime="2009-11-05T10:18:43.8477455-05:00" testType="13cdc9d9-ddb5-4fa4-a97d-d965ccfc6d4b" outcome="Passed" testListId="8c84fa94-04c1-424b-9868-57a2d4851a1d">
      <Output>
      </Output>
    </UnitTestResult>
    <UnitTestResult executionId="e52624e9-7531-4fa3-b3aa-9529ec0af766" testId="18e0675e-1c83-d988-184b-26f27f9f1e8e" testName="TestPriceSaveAndRetrieveSwapTrade" computerName="NYCSPF20092" duration="00:00:16.0357295" startTime="2009-11-05T10:18:43.8633716-05:00" endTime="2009-11-05T10:18:59.8957502-05:00" testType="13cdc9d9-ddb5-4fa4-a97d-d965ccfc6d4b" outcome="Passed" testListId="8c84fa94-04c1-424b-9868-57a2d4851a1d">
      <Output>
      </Output>
    </UnitTestResult>
    <UnitTestResult executionId="68bfe03b-6380-497e-bd41-89d1ce1beeed" testId="7dac3dd2-1947-eecf-da93-506d5df9516d" testName="TestPriceSaveCapTrade" computerName="NYCSPF20092" duration="00:00:15.6816951" startTime="2009-11-05T10:18:59.9113763-05:00" endTime="2009-11-05T10:19:15.5999807-05:00" testType="13cdc9d9-ddb5-4fa4-a97d-d965ccfc6d4b" outcome="Passed" testListId="8c84fa94-04c1-424b-9868-57a2d4851a1d">
      <Output>
      </Output>
    </UnitTestResult>
    <UnitTestResult executionId="1678cade-c18e-4aa5-9c1d-07c99a4ab3ab" testId="7c73ff8d-d6b4-13af-e84b-05f45d6cfd71" testName="TestPriceSaveSwapTrade" computerName="NYCSPF20092" duration="00:00:19.6230025" startTime="2009-11-05T10:19:15.5999807-05:00" endTime="2009-11-05T10:19:35.2419884-05:00" testType="13cdc9d9-ddb5-4fa4-a97d-d965ccfc6d4b" outcome="Passed" testListId="8c84fa94-04c1-424b-9868-57a2d4851a1d">
      <Output>
      </Output>
    </UnitTestResult>
    <UnitTestResult executionId="d5bec80d-7f80-4538-a97c-ea55e4674a6d" testId="f52261e5-4ecf-038a-1fb4-70ef98f178ea" testName="TestPriceSwapTrade" computerName="NYCSPF20092" duration="00:00:15.7619264" startTime="2009-11-05T10:19:35.2419884-05:00" endTime="2009-11-05T10:19:51.0087233-05:00" testType="13cdc9d9-ddb5-4fa4-a97d-d965ccfc6d4b" outcome="Passed" testListId="8c84fa94-04c1-424b-9868-57a2d4851a1d">
      <Output>
      </Output>
    </UnitTestResult>
    <UnitTestResult executionId="1ea6adba-9030-4a12-841c-ca78722a955c" testId="71668735-6ad8-f137-c03d-dfd905aabafe" testName="TestTradeCopy" computerName="NYCSPF20092" duration="00:00:00.9268304" startTime="2009-11-05T10:19:51.0087233-05:00" endTime="2009-11-05T10:19:51.9462893-05:00" testType="13cdc9d9-ddb5-4fa4-a97d-d965ccfc6d4b" outcome="Passed" testListId="8c84fa94-04c1-424b-9868-57a2d4851a1d">
      <Output>
      </Output>
    </UnitTestResult>
    <UnitTestResult executionId="28510ae9-066a-4935-8812-ed05d07c7582" testId="814c3e77-34fe-a7c4-2c33-3d3fb6ea6943" testName="TestTradeCopyAsFile" computerName="NYCSPF20092" duration="00:00:01.7640430" startTime="2009-11-05T10:19:51.9619154-05:00" endTime="2009-11-05T10:19:53.7276647-05:00" testType="13cdc9d9-ddb5-4fa4-a97d-d965ccfc6d4b" outcome="Passed" testListId="8c84fa94-04c1-424b-9868-57a2d4851a1d">
      <Output>
      </Output>
    </UnitTestResult>
    <UnitTestResult executionId="e0e5699b-a66d-4fae-aa5e-4ce2ca0d0503" testId="4894b893-9a4f-3f82-caa3-b46492511ea7" testName="TestTradeCount" computerName="NYCSPF20092" duration="00:00:00.2142685" startTime="2009-11-05T10:19:53.7276647-05:00" endTime="2009-11-05T10:19:53.9464301-05:00" testType="13cdc9d9-ddb5-4fa4-a97d-d965ccfc6d4b" outcome="Passed" testListId="8c84fa94-04c1-424b-9868-57a2d4851a1d">
      <Output>
      </Output>
    </UnitTestResult>
    <UnitTestResult executionId="9a38b0aa-ef9b-47db-8f5e-32623283ea9c" testId="3a770766-b0d2-0283-0c8a-5ef33767fa4a" testName="TestTradeSerialization" computerName="NYCSPF20092" duration="00:00:03.0762447" startTime="2009-11-05T10:19:53.9620562-05:00" endTime="2009-11-05T10:19:57.0403979-05:00" testType="13cdc9d9-ddb5-4fa4-a97d-d965ccfc6d4b" outcome="Passed" testListId="8c84fa94-04c1-424b-9868-57a2d4851a1d">
      <Output>
      </Output>
    </UnitTestResult>
    <UnitTestResult executionId="b48d4ef1-9e23-45af-87e0-f202d76924da" testId="70686423-b4be-52f4-5053-69c265f4b2f7" testName="TestChangePassword" computerName="NYCSPF20092" duration="00:00:00.1842642" startTime="2009-11-05T10:19:57.0403979-05:00" endTime="2009-11-05T10:19:57.3372938-05:00" testType="13cdc9d9-ddb5-4fa4-a97d-d965ccfc6d4b" outcome="Passed" testListId="8c84fa94-04c1-424b-9868-57a2d4851a1d">
      <Output>
      </Output>
    </UnitTestResult>
    <UnitTestResult executionId="d2cc3d1c-46e3-44e0-a6e0-e3cc2485ff77" testId="7c0c3de7-222e-13f9-9514-4e078fa0bc24" testName="TestChangePasswordAndLoginWithOld" computerName="NYCSPF20092" duration="00:00:02.2968329" startTime="2009-11-05T10:19:57.3372938-05:00" endTime="2009-11-05T10:19:59.6343305-05:00" testType="13cdc9d9-ddb5-4fa4-a97d-d965ccfc6d4b" outcome="Passed" testListId="8c84fa94-04c1-424b-9868-57a2d4851a1d">
      <Output>
      </Output>
    </UnitTestResult>
    <UnitTestResult executionId="4d5b534f-db47-4e7e-9a80-ae85c7e74dd9" testId="fb7faa58-80b5-e0ff-f347-93f3a99a5815" testName="TestCreateNewUser" computerName="NYCSPF20092" duration="00:00:00.1842748" startTime="2009-11-05T10:19:59.6499566-05:00" endTime="2009-11-05T10:19:59.8374698-05:00" testType="13cdc9d9-ddb5-4fa4-a97d-d965ccfc6d4b" outcome="Passed" testListId="8c84fa94-04c1-424b-9868-57a2d4851a1d">
      <Output>
      </Output>
    </UnitTestResult>
    <UnitTestResult executionId="7e1fc257-8dc7-4c5c-9b21-64fb2e4055ad" testId="63109958-9d3a-4c64-25a5-f2f6f4000902" testName="TestCreateSameUserTwice" computerName="NYCSPF20092" duration="00:00:00.1831699" startTime="2009-11-05T10:19:59.8374698-05:00" endTime="2009-11-05T10:20:00.0249830-05:00" testType="13cdc9d9-ddb5-4fa4-a97d-d965ccfc6d4b" outcome="Passed" testListId="8c84fa94-04c1-424b-9868-57a2d4851a1d">
      <Output>
      </Output>
    </UnitTestResult>
    <UnitTestResult executionId="afd5f8af-ef43-40a0-a415-63849e0b8a70" testId="5f5daee7-d915-c5e0-eb99-291f804b27f8" testName="TestCreateUserWithEmptyGroup" computerName="NYCSPF20092" duration="00:00:00.0305470" startTime="2009-11-05T10:20:00.0249830-05:00" endTime="2009-11-05T10:20:00.0406091-05:00" testType="13cdc9d9-ddb5-4fa4-a97d-d965ccfc6d4b" outcome="Passed" testListId="8c84fa94-04c1-424b-9868-57a2d4851a1d">
      <Output>
      </Output>
    </UnitTestResult>
    <UnitTestResult executionId="39a377d0-f752-409c-8c5d-8d4e7b6190cf" testId="92d3294b-3ba4-a544-592e-3012a1c13d85" testName="TestCreateUserWithEmptyPassword" computerName="NYCSPF20092" duration="00:00:00.0270079" startTime="2009-11-05T10:20:00.0562352-05:00" endTime="2009-11-05T10:20:00.0874874-05:00" testType="13cdc9d9-ddb5-4fa4-a97d-d965ccfc6d4b" outcome="Passed" testListId="8c84fa94-04c1-424b-9868-57a2d4851a1d">
      <Output>
      </Output>
    </UnitTestResult>
    <UnitTestResult executionId="076e6238-2c29-4e9f-8aec-6a406246292d" testId="218ead46-5aac-34d1-f868-fa1d71b645fd" testName="TestCreateUserWithEmptyUserName" computerName="NYCSPF20092" duration="00:00:00.0283719" startTime="2009-11-05T10:20:00.1031135-05:00" endTime="2009-11-05T10:20:00.1343657-05:00" testType="13cdc9d9-ddb5-4fa4-a97d-d965ccfc6d4b" outcome="Passed" testListId="8c84fa94-04c1-424b-9868-57a2d4851a1d">
      <Output>
      </Output>
    </UnitTestResult>
    <UnitTestResult executionId="caa75d96-edeb-4b08-aebe-7cabfab86bfc" testId="65f4fdaf-2485-3095-5c3b-0bd6b6a03319" testName="TestCreateUserWithNullGroup" computerName="NYCSPF20092" duration="00:00:00.0302314" startTime="2009-11-05T10:20:00.1343657-05:00" endTime="2009-11-05T10:20:00.1656179-05:00" testType="13cdc9d9-ddb5-4fa4-a97d-d965ccfc6d4b" outcome="Passed" testListId="8c84fa94-04c1-424b-9868-57a2d4851a1d">
      <Output>
      </Output>
    </UnitTestResult>
    <UnitTestResult executionId="b58a21f8-da53-49e6-af41-444374d47f0d" testId="bf62af9b-f553-3c2d-5be1-244d84ad0162" testName="TestCreateUserWithNullPassword" computerName="NYCSPF20092" duration="00:00:00.0292101" startTime="2009-11-05T10:20:00.1656179-05:00" endTime="2009-11-05T10:20:00.1968701-05:00" testType="13cdc9d9-ddb5-4fa4-a97d-d965ccfc6d4b" outcome="Passed" testListId="8c84fa94-04c1-424b-9868-57a2d4851a1d">
      <Output>
      </Output>
    </UnitTestResult>
    <UnitTestResult executionId="d53f4af6-288a-4fcd-9d49-de3eaeff4591" testId="4c6fa7e7-137e-ea6a-c4d7-01e30ffbb103" testName="TestCreateUserWithNullUserName" computerName="NYCSPF20092" duration="00:00:00.0347849" startTime="2009-11-05T10:20:00.1968701-05:00" endTime="2009-11-05T10:20:00.2437484-05:00" testType="13cdc9d9-ddb5-4fa4-a97d-d965ccfc6d4b" outcome="Passed" testListId="8c84fa94-04c1-424b-9868-57a2d4851a1d">
      <Output>
      </Output>
    </UnitTestResult>
    <UnitTestResult executionId="f499fad7-21ae-4675-b458-6f9a9412d833" testId="0f2b777f-5607-5bdb-2ef0-5bf30505234d" testName="TestDisable" computerName="NYCSPF20092" duration="00:00:00.1641235" startTime="2009-11-05T10:20:00.2437484-05:00" endTime="2009-11-05T10:20:00.4156355-05:00" testType="13cdc9d9-ddb5-4fa4-a97d-d965ccfc6d4b" outcome="Passed" testListId="8c84fa94-04c1-424b-9868-57a2d4851a1d">
      <Output>
      </Output>
    </UnitTestResult>
    <UnitTestResult executionId="aeb26f9a-9c0e-4e16-ba52-8ab3520ac94a" testId="4c1297bc-9201-897b-f457-ec626ab0c3c7" testName="TestEnable" computerName="NYCSPF20092" duration="00:00:00.2247602" startTime="2009-11-05T10:20:00.4156355-05:00" endTime="2009-11-05T10:20:00.6500270-05:00" testType="13cdc9d9-ddb5-4fa4-a97d-d965ccfc6d4b" outcome="Passed" testListId="8c84fa94-04c1-424b-9868-57a2d4851a1d">
      <Output>
      </Output>
    </UnitTestResult>
    <UnitTestResult executionId="a5d68043-5932-459a-a524-cf456daa9ebb" testId="e29b5997-b2e7-3478-c2ca-3781992dd41b" testName="TestLoadProfile" computerName="NYCSPF20092" duration="00:00:00.5188328" startTime="2009-11-05T10:20:00.6500270-05:00" endTime="2009-11-05T10:20:01.1656883-05:00" testType="13cdc9d9-ddb5-4fa4-a97d-d965ccfc6d4b" outcome="Passed" testListId="8c84fa94-04c1-424b-9868-57a2d4851a1d">
      <Output>
      </Output>
    </UnitTestResult>
    <UnitTestResult executionId="595ab5da-42db-43d4-917f-fe655944f560" testId="f1fd2a27-d718-8999-8198-8277df3226b2" testName="TestSaveUserProfile" computerName="NYCSPF20092" duration="00:00:00.2136223" startTime="2009-11-05T10:20:01.1656883-05:00" endTime="2009-11-05T10:20:01.3844537-05:00" testType="13cdc9d9-ddb5-4fa4-a97d-d965ccfc6d4b" outcome="Passed" testListId="8c84fa94-04c1-424b-9868-57a2d4851a1d">
      <Output>
      </Output>
    </UnitTestResult>
    <UnitTestResult executionId="ab716e25-7da5-4a11-8384-6e5b9c7c45f9" testId="d75674d0-98b2-3b83-da74-ace875334726" testName="TestUserKeyAsExpression" computerName="NYCSPF20092" duration="00:00:00.0158777" startTime="2009-11-05T10:20:01.3844537-05:00" endTime="2009-11-05T10:20:01.4157059-05:00" testType="13cdc9d9-ddb5-4fa4-a97d-d965ccfc6d4b" outcome="Passed" testListId="8c84fa94-04c1-424b-9868-57a2d4851a1d">
      <Output>
      </Output>
    </UnitTestResult>
    <UnitTestResult executionId="2055a1da-1b72-472f-b1b8-20186c14dd39" testId="d4729437-e393-737c-a692-338cb2105a22" testName="TestUserName" computerName="NYCSPF20092" duration="00:00:00.1260429" startTime="2009-11-05T10:20:01.4157059-05:00" endTime="2009-11-05T10:20:01.5407147-05:00" testType="13cdc9d9-ddb5-4fa4-a97d-d965ccfc6d4b" outcome="Passed" testListId="8c84fa94-04c1-424b-9868-57a2d4851a1d">
      <Output>
      </Output>
    </UnitTestResult>
    <UnitTestResult executionId="071411c4-da08-42a6-af2a-9a9e75cb36b2" testId="905113ad-b4d4-4d8d-1398-f09f43693760" testName="TestXMLRateProvider" computerName="NYCSPF20092" duration="00:00:11.7825063" startTime="2009-11-05T10:20:01.5563408-05:00" endTime="2009-11-05T10:20:13.4165507-05:00" testType="13cdc9d9-ddb5-4fa4-a97d-d965ccfc6d4b" outcome="Passed" testListId="8c84fa94-04c1-424b-9868-57a2d4851a1d">
      <Output>
      </Output>
    </UnitTestResult>
    <UnitTestResult executionId="026b0d41-f87d-4198-ade7-62d7f6ecfa0b" testId="47677557-b543-d3bb-8cfa-347320173613" testName="TestXMLRateProviderFail" computerName="NYCSPF20092" duration="00:00:11.3802544" startTime="2009-11-05T10:20:13.4321768-05:00" endTime="2009-11-05T10:20:24.8236037-05:00" testType="13cdc9d9-ddb5-4fa4-a97d-d965ccfc6d4b" outcome="Passed" testListId="8c84fa94-04c1-424b-9868-57a2d4851a1d">
      <Output>
      </Output>
    </UnitTestResult>
    <UnitTestResult executionId="30d87f5e-3a47-4413-b7ce-79fb2ce96a8b" testId="4a966658-24c9-85bc-7f40-163130f89454" testName="TestXMLRateProviderMultipleCreation" computerName="NYCSPF20092" duration="00:00:28.1545435" startTime="2009-11-05T10:20:24.8236037-05:00" endTime="2009-11-05T10:20:52.9974620-05:00" testType="13cdc9d9-ddb5-4fa4-a97d-d965ccfc6d4b" outcome="Passed" testListId="8c84fa94-04c1-424b-9868-57a2d4851a1d">
      <Output>
      </Output>
    </UnitTestResult>
  </Results>
</TestRun>