<?xml version="1.0" encoding="UTF-8"?>
<TestRun id="6c9b1b2a-ab0f-4112-a5e9-7271ff61f889" name="teamcity.buildagent@ESPARES210 2010-02-12 14:44:43" runUser="ESPARES\teamcity.buildagent" xmlns="http://microsoft.com/schemas/VisualStudio/TeamTest/2010">
  <TestSettings name="default" id="566b56a2-3d2a-42e5-a2b5-a3f94123fbdd">
    <Description>These are default test settings for a local test run.</Description>
    <Deployment userDeploymentRoot="C:\TeamCity.BuildAgent\temp\buildTmp" useDefaultDeploymentRoot="false" runDeploymentRoot="teamcity.buildagent_ESPARES210 2010-02-12 14_44_43">
      <DeploymentItem filename="eSpares.Data.NHibernate.Tests\bin\Debug\NHibernate.ByteCode.Castle.dll" />
    </Deployment>
    <Execution>
      <TestTypeSpecific>
        <UnitTestRunConfig testTypeId="13cdc9d9-ddb5-4fa4-a97d-d965ccfc6d4b">
          <AssemblyResolution>
            <TestDirectory useLoadContext="true" />
          </AssemblyResolution>
        </UnitTestRunConfig>
        <WebTestRunConfiguration testTypeId="4e7599fa-5ecb-43e9-a887-cd63cf72d207">
          <Browser name="Internet Explorer 7.0">
            <Headers>
              <Header name="User-Agent" value="Mozilla/4.0 (compatible; MSIE 7.0; Windows NT 5.1)" />
              <Header name="Accept" value="*/*" />
              <Header name="Accept-Language" value="{{$IEAcceptLanguage}}" />
              <Header name="Accept-Encoding" value="GZIP" />
            </Headers>
          </Browser>
        </WebTestRunConfiguration>
      </TestTypeSpecific>
      <AgentRule name="LocalMachineDefaultRole">
      </AgentRule>
    </Execution>
  </TestSettings>
  <Times creation="2010-02-12T14:44:43.3341187+00:00" queuing="2010-02-12T14:44:43.7241577+00:00" start="2010-02-12T14:44:43.8001653+00:00" finish="2010-02-12T14:44:46.1323985+00:00" />
  <ResultSummary outcome="Failed">
    <Counters total="35" executed="35" error="0" failed="35" timeout="0" aborted="0" inconclusive="0" passedButRunAborted="0" notRunnable="0" notExecuted="0" disconnected="0" warning="0" passed="0" completed="0" inProgress="0" pending="0" />
    <RunInfos>
      <RunInfo computerName="ESPARES210" outcome="Warning" timestamp="2010-02-12T14:44:43.7181571+00:00">
        <Text>Warning: Test Run deployment issue: The assembly or module 'Microsoft.Practices.Unity' directly or indirectly referenced by the test container 'c:\teamcity.buildagent\work\1140675e932e9582\framework\orm\nhibernate\espares.data.nhibernate.tests\bin\debug\espares.data.nhibernate.tests.dll' was not found.</Text>
      </RunInfo>
    </RunInfos>
  </ResultSummary>
  <TestDefinitions>
    <UnitTest name="Query_With_Incompatible_UnitOfWork_Throws_InvalidOperationException" storage="c:\teamcity.buildagent\work\1140675e932e9582\framework\orm\nhibernate\espares.data.nhibernate.tests\bin\debug\espares.data.nhibernate.tests.dll" id="f3d3126a-fd84-a77c-ad86-f2f21dc4cb3a">
      <Execution id="02df8afd-f1d9-4223-9509-3a70a4c9a4d6" />
      <TestMethod codeBase="C:/TeamCity.BuildAgent/work/1140675e932e9582/Framework/ORM/NHibernate/eSpares.Data.NHibernate.Tests/bin/Debug/eSpares.Data.NHibernate.Tests.DLL" adapterTypeName="Microsoft.VisualStudio.TestTools.TestTypes.Unit.UnitTestAdapter, Microsoft.VisualStudio.QualityTools.Tips.UnitTest.Adapter, Version=10.0.0.0, Culture=neutral, PublicKeyToken=b03f5f7f11d50a3a" className="eSpares.Data.NHibernate.Tests.NHRepositoryTest, eSpares.Data.NHibernate.Tests, Version=1.0.0.0, Culture=neutral, PublicKeyToken=null" name="Query_With_Incompatible_UnitOfWork_Throws_InvalidOperationException" />
    </UnitTest>
    <UnitTest name="Ctor_Throws_ArgumentNullException_When_ISession_Parameter_Is_Null" storage="c:\teamcity.buildagent\work\1140675e932e9582\framework\orm\nhibernate\espares.data.nhibernate.tests\bin\debug\espares.data.nhibernate.tests.dll" id="3d8d1735-45b6-6ba6-9ff6-fdcfe6a318d8">
      <Execution id="1553f449-6dce-4baf-954c-832528b4ff4d" />
      <TestMethod codeBase="C:/TeamCity.BuildAgent/work/1140675e932e9582/Framework/ORM/NHibernate/eSpares.Data.NHibernate.Tests/bin/Debug/eSpares.Data.NHibernate.Tests.DLL" adapterTypeName="Microsoft.VisualStudio.TestTools.TestTypes.Unit.UnitTestAdapter, Microsoft.VisualStudio.QualityTools.Tips.UnitTest.Adapter, Version=10.0.0.0, Culture=neutral, PublicKeyToken=b03f5f7f11d50a3a" className="eSpares.Data.NHibernate.Tests.UnitOfWorkTest, eSpares.Data.NHibernate.Tests, Version=1.0.0.0, Culture=neutral, PublicKeyToken=null" name="Ctor_Throws_ArgumentNullException_When_ISession_Parameter_Is_Null" />
    </UnitTest>
    <UnitTest name="When_Calling_CalculateTotal_On_Order_Returns_Valid_With_No_UnitOfWork_Throws" storage="c:\teamcity.buildagent\work\1140675e932e9582\framework\orm\nhibernate\espares.data.nhibernate.tests\bin\debug\espares.data.nhibernate.tests.dll" id="0e4c63c5-08d3-3ac4-29c5-dd5715c2cc98">
      <Execution id="c6337107-bef2-48d6-a9c3-d152518c6634" />
      <TestMethod codeBase="C:/TeamCity.BuildAgent/work/1140675e932e9582/Framework/ORM/NHibernate/eSpares.Data.NHibernate.Tests/bin/Debug/eSpares.Data.NHibernate.Tests.DLL" adapterTypeName="Microsoft.VisualStudio.TestTools.TestTypes.Unit.UnitTestAdapter, Microsoft.VisualStudio.QualityTools.Tips.UnitTest.Adapter, Version=10.0.0.0, Culture=neutral, PublicKeyToken=b03f5f7f11d50a3a" className="eSpares.Data.NHibernate.Tests.NHRepositoryTest, eSpares.Data.NHibernate.Tests, Version=1.0.0.0, Culture=neutral, PublicKeyToken=null" name="When_Calling_CalculateTotal_On_Order_Returns_Valid_With_No_UnitOfWork_Throws" />
    </UnitTest>
    <UnitTest name="Query_Using_OrderBy_With_QueryMethod_Returns_Matched_Records_Only" storage="c:\teamcity.buildagent\work\1140675e932e9582\framework\orm\nhibernate\espares.data.nhibernate.tests\bin\debug\espares.data.nhibernate.tests.dll" id="23ee8681-128c-f9f8-520a-4786524c8218">
      <Execution id="2f599050-ba3c-420f-a3b1-0927acfa508c" />
      <TestMethod codeBase="C:/TeamCity.BuildAgent/work/1140675e932e9582/Framework/ORM/NHibernate/eSpares.Data.NHibernate.Tests/bin/Debug/eSpares.Data.NHibernate.Tests.DLL" adapterTypeName="Microsoft.VisualStudio.TestTools.TestTypes.Unit.UnitTestAdapter, Microsoft.VisualStudio.QualityTools.Tips.UnitTest.Adapter, Version=10.0.0.0, Culture=neutral, PublicKeyToken=b03f5f7f11d50a3a" className="eSpares.Data.NHibernate.Tests.NHRepositoryTest, eSpares.Data.NHibernate.Tests, Version=1.0.0.0, Culture=neutral, PublicKeyToken=null" name="Query_Using_OrderBy_With_QueryMethod_Returns_Matched_Records_Only" />
    </UnitTest>
    <UnitTest name="UnitOfWorkScopeTransactionOptions_CreateNew_Wont_Reuse_Existing_Transaction" storage="c:\teamcity.buildagent\work\1140675e932e9582\framework\orm\nhibernate\espares.data.nhibernate.tests\bin\debug\espares.data.nhibernate.tests.dll" id="8cb0369d-7ac7-bc6b-e84b-932edd3aaca1">
      <Execution id="d0f098f7-2780-4f7f-9653-21af88e0f188" />
      <TestMethod codeBase="C:/TeamCity.BuildAgent/work/1140675e932e9582/Framework/ORM/NHibernate/eSpares.Data.NHibernate.Tests/bin/Debug/eSpares.Data.NHibernate.Tests.DLL" adapterTypeName="Microsoft.VisualStudio.TestTools.TestTypes.Unit.UnitTestAdapter, Microsoft.VisualStudio.QualityTools.Tips.UnitTest.Adapter, Version=10.0.0.0, Culture=neutral, PublicKeyToken=b03f5f7f11d50a3a" className="eSpares.Data.NHibernate.Tests.NHUnitOfWorkTransactionTest, eSpares.Data.NHibernate.Tests, Version=1.0.0.0, Culture=neutral, PublicKeyToken=null" name="UnitOfWorkScopeTransactionOptions_CreateNew_Wont_Reuse_Existing_Transaction" />
    </UnitTest>
    <UnitTest name="Query_Throws_Exception_When_LazyLoading_After_UnitOfWork_Is_Finished" storage="c:\teamcity.buildagent\work\1140675e932e9582\framework\orm\nhibernate\espares.data.nhibernate.tests\bin\debug\espares.data.nhibernate.tests.dll" id="64e04018-d97a-0afe-4964-550e3caf0356">
      <Execution id="fa3f606a-1dce-47fb-9114-72e0ab0073a0" />
      <TestMethod codeBase="C:/TeamCity.BuildAgent/work/1140675e932e9582/Framework/ORM/NHibernate/eSpares.Data.NHibernate.Tests/bin/Debug/eSpares.Data.NHibernate.Tests.DLL" adapterTypeName="Microsoft.VisualStudio.TestTools.TestTypes.Unit.UnitTestAdapter, Microsoft.VisualStudio.QualityTools.Tips.UnitTest.Adapter, Version=10.0.0.0, Culture=neutral, PublicKeyToken=b03f5f7f11d50a3a" className="eSpares.Data.NHibernate.Tests.NHRepositoryTest, eSpares.Data.NHibernate.Tests, Version=1.0.0.0, Culture=neutral, PublicKeyToken=null" name="Query_Throws_Exception_When_LazyLoading_After_UnitOfWork_Is_Finished" />
    </UnitTest>
    <UnitTest name="Rollback_Transaction_Releases_Transaction_From_UnitOfWork" storage="c:\teamcity.buildagent\work\1140675e932e9582\framework\orm\nhibernate\espares.data.nhibernate.tests\bin\debug\espares.data.nhibernate.tests.dll" id="3d40354a-0c8c-d6de-bc02-27c36f938ba0">
      <Execution id="43557e5e-1899-4afd-b0bd-47ccf7183204" />
      <TestMethod codeBase="C:/TeamCity.BuildAgent/work/1140675e932e9582/Framework/ORM/NHibernate/eSpares.Data.NHibernate.Tests/bin/Debug/eSpares.Data.NHibernate.Tests.DLL" adapterTypeName="Microsoft.VisualStudio.TestTools.TestTypes.Unit.UnitTestAdapter, Microsoft.VisualStudio.QualityTools.Tips.UnitTest.Adapter, Version=10.0.0.0, Culture=neutral, PublicKeyToken=b03f5f7f11d50a3a" className="eSpares.Data.NHibernate.Tests.UnitOfWorkTest, eSpares.Data.NHibernate.Tests, Version=1.0.0.0, Culture=neutral, PublicKeyToken=null" name="Rollback_Transaction_Releases_Transaction_From_UnitOfWork" />
    </UnitTest>
    <UnitTest name="Query_Using_QueryMethod_Returns_Matched_Records_Only" storage="c:\teamcity.buildagent\work\1140675e932e9582\framework\orm\nhibernate\espares.data.nhibernate.tests\bin\debug\espares.data.nhibernate.tests.dll" id="1d0f9174-5921-d423-e10f-a02a8f942a4d">
      <Execution id="097f4787-97e5-4fbc-b3d7-f0b19e145717" />
      <TestMethod codeBase="C:/TeamCity.BuildAgent/work/1140675e932e9582/Framework/ORM/NHibernate/eSpares.Data.NHibernate.Tests/bin/Debug/eSpares.Data.NHibernate.Tests.DLL" adapterTypeName="Microsoft.VisualStudio.TestTools.TestTypes.Unit.UnitTestAdapter, Microsoft.VisualStudio.QualityTools.Tips.UnitTest.Adapter, Version=10.0.0.0, Culture=neutral, PublicKeyToken=b03f5f7f11d50a3a" className="eSpares.Data.NHibernate.Tests.NHRepositoryTest, eSpares.Data.NHibernate.Tests, Version=1.0.0.0, Culture=neutral, PublicKeyToken=null" name="Query_Using_QueryMethod_Returns_Matched_Records_Only" />
    </UnitTest>
    <UnitTest name="BeginTransaction_Should_Start_A_New_Transaction_With_Specified_IsolatinLevel" storage="c:\teamcity.buildagent\work\1140675e932e9582\framework\orm\nhibernate\espares.data.nhibernate.tests\bin\debug\espares.data.nhibernate.tests.dll" id="fb53809a-e542-7abb-bc91-afba463fc5f2">
      <Execution id="5f2124ed-3dcc-4769-b2a6-a2dd504818f5" />
      <TestMethod codeBase="C:/TeamCity.BuildAgent/work/1140675e932e9582/Framework/ORM/NHibernate/eSpares.Data.NHibernate.Tests/bin/Debug/eSpares.Data.NHibernate.Tests.DLL" adapterTypeName="Microsoft.VisualStudio.TestTools.TestTypes.Unit.UnitTestAdapter, Microsoft.VisualStudio.QualityTools.Tips.UnitTest.Adapter, Version=10.0.0.0, Culture=neutral, PublicKeyToken=b03f5f7f11d50a3a" className="eSpares.Data.NHibernate.Tests.UnitOfWorkTest, eSpares.Data.NHibernate.Tests, Version=1.0.0.0, Culture=neutral, PublicKeyToken=null" name="BeginTransaction_Should_Start_A_New_Transaction_With_Specified_IsolatinLevel" />
    </UnitTest>
    <UnitTest name="Begin_Transaction_Should_Start_A_New_Transaction_With_Default_IsolationLevel" storage="c:\teamcity.buildagent\work\1140675e932e9582\framework\orm\nhibernate\espares.data.nhibernate.tests\bin\debug\espares.data.nhibernate.tests.dll" id="9b1fa1d4-b782-9827-063d-f27e951557f8">
      <Execution id="7f77a252-ea4e-450d-87ff-b70e4de2e9f6" />
      <TestMethod codeBase="C:/TeamCity.BuildAgent/work/1140675e932e9582/Framework/ORM/NHibernate/eSpares.Data.NHibernate.Tests/bin/Debug/eSpares.Data.NHibernate.Tests.DLL" adapterTypeName="Microsoft.VisualStudio.TestTools.TestTypes.Unit.UnitTestAdapter, Microsoft.VisualStudio.QualityTools.Tips.UnitTest.Adapter, Version=10.0.0.0, Culture=neutral, PublicKeyToken=b03f5f7f11d50a3a" className="eSpares.Data.NHibernate.Tests.UnitOfWorkTest, eSpares.Data.NHibernate.Tests, Version=1.0.0.0, Culture=neutral, PublicKeyToken=null" name="Begin_Transaction_Should_Start_A_New_Transaction_With_Default_IsolationLevel" />
    </UnitTest>
    <UnitTest name="TransactionalFlush_Starts_A_Transaction_With_Specified_IsolationLevel_And_Commits_When_Flush_Succeeds" storage="c:\teamcity.buildagent\work\1140675e932e9582\framework\orm\nhibernate\espares.data.nhibernate.tests\bin\debug\espares.data.nhibernate.tests.dll" id="72b08290-352b-bc45-5576-ef286400ae9f">
      <Execution id="a0fb9b42-6053-4191-a31f-c9737fc35004" />
      <TestMethod codeBase="C:/TeamCity.BuildAgent/work/1140675e932e9582/Framework/ORM/NHibernate/eSpares.Data.NHibernate.Tests/bin/Debug/eSpares.Data.NHibernate.Tests.DLL" adapterTypeName="Microsoft.VisualStudio.TestTools.TestTypes.Unit.UnitTestAdapter, Microsoft.VisualStudio.QualityTools.Tips.UnitTest.Adapter, Version=10.0.0.0, Culture=neutral, PublicKeyToken=b03f5f7f11d50a3a" className="eSpares.Data.NHibernate.Tests.UnitOfWorkTest, eSpares.Data.NHibernate.Tests, Version=1.0.0.0, Culture=neutral, PublicKeyToken=null" name="TransactionalFlush_Starts_A_Transaction_With_Specified_IsolationLevel_And_Commits_When_Flush_Succeeds" />
    </UnitTest>
    <UnitTest name="when_ambient_transaction_is_running_multiple_scopes_work" storage="c:\teamcity.buildagent\work\1140675e932e9582\framework\orm\nhibernate\espares.data.nhibernate.tests\bin\debug\espares.data.nhibernate.tests.dll" id="5bd9e51d-3046-47d6-348c-5f5970bd780d">
      <Execution id="bb6ca4bf-d2aa-4dda-bb16-2a405a515dd9" />
      <TestMethod codeBase="C:/TeamCity.BuildAgent/work/1140675e932e9582/Framework/ORM/NHibernate/eSpares.Data.NHibernate.Tests/bin/Debug/eSpares.Data.NHibernate.Tests.DLL" adapterTypeName="Microsoft.VisualStudio.TestTools.TestTypes.Unit.UnitTestAdapter, Microsoft.VisualStudio.QualityTools.Tips.UnitTest.Adapter, Version=10.0.0.0, Culture=neutral, PublicKeyToken=b03f5f7f11d50a3a" className="eSpares.Data.NHibernate.Tests.NHUnitOfWorkTransactionTest, eSpares.Data.NHibernate.Tests, Version=1.0.0.0, Culture=neutral, PublicKeyToken=null" name="when_ambient_transaction_is_running_multiple_scopes_work" />
    </UnitTest>
    <UnitTest name="changes_are_persisted_when_ambient_scope_is_committed" storage="c:\teamcity.buildagent\work\1140675e932e9582\framework\orm\nhibernate\espares.data.nhibernate.tests\bin\debug\espares.data.nhibernate.tests.dll" id="b19ee2f2-459a-0ca4-ed4d-4f9ed6d5710d">
      <Execution id="c28bac65-ce2c-4925-b5ff-f2186bc2d950" />
      <TestMethod codeBase="C:/TeamCity.BuildAgent/work/1140675e932e9582/Framework/ORM/NHibernate/eSpares.Data.NHibernate.Tests/bin/Debug/eSpares.Data.NHibernate.Tests.DLL" adapterTypeName="Microsoft.VisualStudio.TestTools.TestTypes.Unit.UnitTestAdapter, Microsoft.VisualStudio.QualityTools.Tips.UnitTest.Adapter, Version=10.0.0.0, Culture=neutral, PublicKeyToken=b03f5f7f11d50a3a" className="eSpares.Data.NHibernate.Tests.NHUnitOfWorkTransactionTest, eSpares.Data.NHibernate.Tests, Version=1.0.0.0, Culture=neutral, PublicKeyToken=null" name="changes_are_persisted_when_ambient_scope_is_committed" />
    </UnitTest>
    <UnitTest name="Save_Updates_Existing_Order_Record" storage="c:\teamcity.buildagent\work\1140675e932e9582\framework\orm\nhibernate\espares.data.nhibernate.tests\bin\debug\espares.data.nhibernate.tests.dll" id="297749c7-b764-b24a-b463-b6f2bf607a3b">
      <Execution id="07a3b30a-865e-46bb-a1fc-b5e0e1e6f7ef" />
      <TestMethod codeBase="C:/TeamCity.BuildAgent/work/1140675e932e9582/Framework/ORM/NHibernate/eSpares.Data.NHibernate.Tests/bin/Debug/eSpares.Data.NHibernate.Tests.DLL" adapterTypeName="Microsoft.VisualStudio.TestTools.TestTypes.Unit.UnitTestAdapter, Microsoft.VisualStudio.QualityTools.Tips.UnitTest.Adapter, Version=10.0.0.0, Culture=neutral, PublicKeyToken=b03f5f7f11d50a3a" className="eSpares.Data.NHibernate.Tests.NHRepositoryTest, eSpares.Data.NHibernate.Tests, Version=1.0.0.0, Culture=neutral, PublicKeyToken=null" name="Save_Updates_Existing_Order_Record" />
    </UnitTest>
    <UnitTest name="Comitting_Transaction_Releases_Transaction_From_UnitOfWork" storage="c:\teamcity.buildagent\work\1140675e932e9582\framework\orm\nhibernate\espares.data.nhibernate.tests\bin\debug\espares.data.nhibernate.tests.dll" id="ef9dae81-072a-30fb-ea49-217d285940c9">
      <Execution id="a7665d76-d758-4553-85ca-77d5feaf8204" />
      <TestMethod codeBase="C:/TeamCity.BuildAgent/work/1140675e932e9582/Framework/ORM/NHibernate/eSpares.Data.NHibernate.Tests/bin/Debug/eSpares.Data.NHibernate.Tests.DLL" adapterTypeName="Microsoft.VisualStudio.TestTools.TestTypes.Unit.UnitTestAdapter, Microsoft.VisualStudio.QualityTools.Tips.UnitTest.Adapter, Version=10.0.0.0, Culture=neutral, PublicKeyToken=b03f5f7f11d50a3a" className="eSpares.Data.NHibernate.Tests.UnitOfWorkTest, eSpares.Data.NHibernate.Tests, Version=1.0.0.0, Culture=neutral, PublicKeyToken=null" name="Comitting_Transaction_Releases_Transaction_From_UnitOfWork" />
    </UnitTest>
    <UnitTest name="TransactionalFlush_Starts_A_Transaction_With_Default_Isolation_And_Commits_When_Flush_Succeeds" storage="c:\teamcity.buildagent\work\1140675e932e9582\framework\orm\nhibernate\espares.data.nhibernate.tests\bin\debug\espares.data.nhibernate.tests.dll" id="de8b67d7-fd73-1db1-e709-fa995200288e">
      <Execution id="e0154eec-5234-4c9a-86b8-cde379d926ce" />
      <TestMethod codeBase="C:/TeamCity.BuildAgent/work/1140675e932e9582/Framework/ORM/NHibernate/eSpares.Data.NHibernate.Tests/bin/Debug/eSpares.Data.NHibernate.Tests.DLL" adapterTypeName="Microsoft.VisualStudio.TestTools.TestTypes.Unit.UnitTestAdapter, Microsoft.VisualStudio.QualityTools.Tips.UnitTest.Adapter, Version=10.0.0.0, Culture=neutral, PublicKeyToken=b03f5f7f11d50a3a" className="eSpares.Data.NHibernate.Tests.UnitOfWorkTest, eSpares.Data.NHibernate.Tests, Version=1.0.0.0, Culture=neutral, PublicKeyToken=null" name="TransactionalFlush_Starts_A_Transaction_With_Default_Isolation_And_Commits_When_Flush_Succeeds" />
    </UnitTest>
    <UnitTest name="IsInTransaction_Should_Return_False_When_No_Transaction_Exists" storage="c:\teamcity.buildagent\work\1140675e932e9582\framework\orm\nhibernate\espares.data.nhibernate.tests\bin\debug\espares.data.nhibernate.tests.dll" id="a48af40c-f688-727c-b987-e0fa89194bf3">
      <Execution id="dd741b8a-b27b-4822-b6f0-036eb56f9cd2" />
      <TestMethod codeBase="C:/TeamCity.BuildAgent/work/1140675e932e9582/Framework/ORM/NHibernate/eSpares.Data.NHibernate.Tests/bin/Debug/eSpares.Data.NHibernate.Tests.DLL" adapterTypeName="Microsoft.VisualStudio.TestTools.TestTypes.Unit.UnitTestAdapter, Microsoft.VisualStudio.QualityTools.Tips.UnitTest.Adapter, Version=10.0.0.0, Culture=neutral, PublicKeyToken=b03f5f7f11d50a3a" className="eSpares.Data.NHibernate.Tests.UnitOfWorkTest, eSpares.Data.NHibernate.Tests, Version=1.0.0.0, Culture=neutral, PublicKeyToken=null" name="IsInTransaction_Should_Return_False_When_No_Transaction_Exists" />
    </UnitTest>
    <UnitTest name="Create_Returns_NHUnitOfWork_Instance_When_DataContextProvider_Has_Been_Set" storage="c:\teamcity.buildagent\work\1140675e932e9582\framework\orm\nhibernate\espares.data.nhibernate.tests\bin\debug\espares.data.nhibernate.tests.dll" id="e1c5ac4b-4abb-f1ad-ece9-c6046f66e943">
      <Execution id="8564ab23-c567-4483-abe9-06853899138b" />
      <TestMethod codeBase="C:/TeamCity.BuildAgent/work/1140675e932e9582/Framework/ORM/NHibernate/eSpares.Data.NHibernate.Tests/bin/Debug/eSpares.Data.NHibernate.Tests.DLL" adapterTypeName="Microsoft.VisualStudio.TestTools.TestTypes.Unit.UnitTestAdapter, Microsoft.VisualStudio.QualityTools.Tips.UnitTest.Adapter, Version=10.0.0.0, Culture=neutral, PublicKeyToken=b03f5f7f11d50a3a" className="eSpares.Data.NHibernate.Tests.UnitOfWorkFactoryTest, eSpares.Data.NHibernate.Tests, Version=1.0.0.0, Culture=neutral, PublicKeyToken=null" name="Create_Returns_NHUnitOfWork_Instance_When_DataContextProvider_Has_Been_Set" />
    </UnitTest>
    <UnitTest name="when_ambient_transaction_is_running_and_a_previous_scope_rollsback_new_scope_still_works" storage="c:\teamcity.buildagent\work\1140675e932e9582\framework\orm\nhibernate\espares.data.nhibernate.tests\bin\debug\espares.data.nhibernate.tests.dll" id="55e400b3-ef91-3f22-eb27-a929bc26e2ed">
      <Execution id="540aff11-f710-4713-8cf0-e67d5cb4fa42" />
      <TestMethod codeBase="C:/TeamCity.BuildAgent/work/1140675e932e9582/Framework/ORM/NHibernate/eSpares.Data.NHibernate.Tests/bin/Debug/eSpares.Data.NHibernate.Tests.DLL" adapterTypeName="Microsoft.VisualStudio.TestTools.TestTypes.Unit.UnitTestAdapter, Microsoft.VisualStudio.QualityTools.Tips.UnitTest.Adapter, Version=10.0.0.0, Culture=neutral, PublicKeyToken=b03f5f7f11d50a3a" className="eSpares.Data.NHibernate.Tests.NHUnitOfWorkTransactionTest, eSpares.Data.NHibernate.Tests, Version=1.0.0.0, Culture=neutral, PublicKeyToken=null" name="when_ambient_transaction_is_running_and_a_previous_scope_rollsback_new_scope_still_works" />
    </UnitTest>
    <UnitTest name="Query_With_No_UnitOfWork_Throws_InvalidOperationException" storage="c:\teamcity.buildagent\work\1140675e932e9582\framework\orm\nhibernate\espares.data.nhibernate.tests\bin\debug\espares.data.nhibernate.tests.dll" id="6019ee39-b25c-dcbc-fc42-961ffc7347cd">
      <Execution id="e184f50b-2051-416e-9222-5c3ea9495491" />
      <TestMethod codeBase="C:/TeamCity.BuildAgent/work/1140675e932e9582/Framework/ORM/NHibernate/eSpares.Data.NHibernate.Tests/bin/Debug/eSpares.Data.NHibernate.Tests.DLL" adapterTypeName="Microsoft.VisualStudio.TestTools.TestTypes.Unit.UnitTestAdapter, Microsoft.VisualStudio.QualityTools.Tips.UnitTest.Adapter, Version=10.0.0.0, Culture=neutral, PublicKeyToken=b03f5f7f11d50a3a" className="eSpares.Data.NHibernate.Tests.NHRepositoryTest, eSpares.Data.NHibernate.Tests, Version=1.0.0.0, Culture=neutral, PublicKeyToken=null" name="Query_With_No_UnitOfWork_Throws_InvalidOperationException" />
    </UnitTest>
    <UnitTest name="TransactionalFlush_Uses_Existing_Transaction_When_Transactional_AlreadyRunning" storage="c:\teamcity.buildagent\work\1140675e932e9582\framework\orm\nhibernate\espares.data.nhibernate.tests\bin\debug\espares.data.nhibernate.tests.dll" id="9602807c-ed7b-c58d-4888-d21f385b7c60">
      <Execution id="bf5cc621-c759-46ac-b7fa-9dcad26bea66" />
      <TestMethod codeBase="C:/TeamCity.BuildAgent/work/1140675e932e9582/Framework/ORM/NHibernate/eSpares.Data.NHibernate.Tests/bin/Debug/eSpares.Data.NHibernate.Tests.DLL" adapterTypeName="Microsoft.VisualStudio.TestTools.TestTypes.Unit.UnitTestAdapter, Microsoft.VisualStudio.QualityTools.Tips.UnitTest.Adapter, Version=10.0.0.0, Culture=neutral, PublicKeyToken=b03f5f7f11d50a3a" className="eSpares.Data.NHibernate.Tests.UnitOfWorkTest, eSpares.Data.NHibernate.Tests, Version=1.0.0.0, Culture=neutral, PublicKeyToken=null" name="TransactionalFlush_Uses_Existing_Transaction_When_Transactional_AlreadyRunning" />
    </UnitTest>
    <UnitTest name="Nested_UnitOfWork_With_Different_Transaction_Compatibility_Works" storage="c:\teamcity.buildagent\work\1140675e932e9582\framework\orm\nhibernate\espares.data.nhibernate.tests\bin\debug\espares.data.nhibernate.tests.dll" id="222a7ba4-a211-5dce-6cc0-4e936dead3bd">
      <Execution id="fee3515d-813f-475e-86c4-db72dfb2852c" />
      <TestMethod codeBase="C:/TeamCity.BuildAgent/work/1140675e932e9582/Framework/ORM/NHibernate/eSpares.Data.NHibernate.Tests/bin/Debug/eSpares.Data.NHibernate.Tests.DLL" adapterTypeName="Microsoft.VisualStudio.TestTools.TestTypes.Unit.UnitTestAdapter, Microsoft.VisualStudio.QualityTools.Tips.UnitTest.Adapter, Version=10.0.0.0, Culture=neutral, PublicKeyToken=b03f5f7f11d50a3a" className="eSpares.Data.NHibernate.Tests.NHRepositoryTest, eSpares.Data.NHibernate.Tests, Version=1.0.0.0, Culture=neutral, PublicKeyToken=null" name="Nested_UnitOfWork_With_Different_Transaction_Compatibility_Works" />
    </UnitTest>
    <UnitTest name="Save_Does_Not_Save_New_Customer_When_UnitOfWork_Is_Aborted" storage="c:\teamcity.buildagent\work\1140675e932e9582\framework\orm\nhibernate\espares.data.nhibernate.tests\bin\debug\espares.data.nhibernate.tests.dll" id="c328a348-3414-aee7-616e-f4958a9376b7">
      <Execution id="9f8b00f2-8ee0-40dd-91ce-c6b3914d6fce" />
      <TestMethod codeBase="C:/TeamCity.BuildAgent/work/1140675e932e9582/Framework/ORM/NHibernate/eSpares.Data.NHibernate.Tests/bin/Debug/eSpares.Data.NHibernate.Tests.DLL" adapterTypeName="Microsoft.VisualStudio.TestTools.TestTypes.Unit.UnitTestAdapter, Microsoft.VisualStudio.QualityTools.Tips.UnitTest.Adapter, Version=10.0.0.0, Culture=neutral, PublicKeyToken=b03f5f7f11d50a3a" className="eSpares.Data.NHibernate.Tests.NHRepositoryTest, eSpares.Data.NHibernate.Tests, Version=1.0.0.0, Culture=neutral, PublicKeyToken=null" name="Save_Does_Not_Save_New_Customer_When_UnitOfWork_Is_Aborted" />
    </UnitTest>
    <UnitTest name="Query_Allows_Lazy_Load_While_UnitOfWork_Still_Running" storage="c:\teamcity.buildagent\work\1140675e932e9582\framework\orm\nhibernate\espares.data.nhibernate.tests\bin\debug\espares.data.nhibernate.tests.dll" id="295dce75-cc15-c246-ba29-11be5e104286">
      <Execution id="413e232e-11b1-4351-bb54-3f7f3fb2899c" />
      <TestMethod codeBase="C:/TeamCity.BuildAgent/work/1140675e932e9582/Framework/ORM/NHibernate/eSpares.Data.NHibernate.Tests/bin/Debug/eSpares.Data.NHibernate.Tests.DLL" adapterTypeName="Microsoft.VisualStudio.TestTools.TestTypes.Unit.UnitTestAdapter, Microsoft.VisualStudio.QualityTools.Tips.UnitTest.Adapter, Version=10.0.0.0, Culture=neutral, PublicKeyToken=b03f5f7f11d50a3a" className="eSpares.Data.NHibernate.Tests.NHRepositoryTest, eSpares.Data.NHibernate.Tests, Version=1.0.0.0, Culture=neutral, PublicKeyToken=null" name="Query_Allows_Lazy_Load_While_UnitOfWork_Still_Running" />
    </UnitTest>
    <UnitTest name="Query_Allows_Projection_Using_Select_Projection" storage="c:\teamcity.buildagent\work\1140675e932e9582\framework\orm\nhibernate\espares.data.nhibernate.tests\bin\debug\espares.data.nhibernate.tests.dll" id="3cdef31d-ec85-951b-253e-a6488ee33dad">
      <Execution id="207f2803-c3a8-4128-bf0a-8ef4ceead513" />
      <TestMethod codeBase="C:/TeamCity.BuildAgent/work/1140675e932e9582/Framework/ORM/NHibernate/eSpares.Data.NHibernate.Tests/bin/Debug/eSpares.Data.NHibernate.Tests.DLL" adapterTypeName="Microsoft.VisualStudio.TestTools.TestTypes.Unit.UnitTestAdapter, Microsoft.VisualStudio.QualityTools.Tips.UnitTest.Adapter, Version=10.0.0.0, Culture=neutral, PublicKeyToken=b03f5f7f11d50a3a" className="eSpares.Data.NHibernate.Tests.NHRepositoryTest, eSpares.Data.NHibernate.Tests, Version=1.0.0.0, Culture=neutral, PublicKeyToken=null" name="Query_Allows_Projection_Using_Select_Projection" />
    </UnitTest>
    <UnitTest name="Delete_Deletes_Record" storage="c:\teamcity.buildagent\work\1140675e932e9582\framework\orm\nhibernate\espares.data.nhibernate.tests\bin\debug\espares.data.nhibernate.tests.dll" id="c6177264-c2c8-7905-7742-3af25007bd8d">
      <Execution id="ed8f82e9-57a5-4488-965d-884af6a73997" />
      <TestMethod codeBase="C:/TeamCity.BuildAgent/work/1140675e932e9582/Framework/ORM/NHibernate/eSpares.Data.NHibernate.Tests/bin/Debug/eSpares.Data.NHibernate.Tests.DLL" adapterTypeName="Microsoft.VisualStudio.TestTools.TestTypes.Unit.UnitTestAdapter, Microsoft.VisualStudio.QualityTools.Tips.UnitTest.Adapter, Version=10.0.0.0, Culture=neutral, PublicKeyToken=b03f5f7f11d50a3a" className="eSpares.Data.NHibernate.Tests.NHRepositoryTest, eSpares.Data.NHibernate.Tests, Version=1.0.0.0, Culture=neutral, PublicKeyToken=null" name="Delete_Deletes_Record" />
    </UnitTest>
    <UnitTest name="BeginTransaction_Throws_InvalidOperationException_When_Transaction_Already_Running" storage="c:\teamcity.buildagent\work\1140675e932e9582\framework\orm\nhibernate\espares.data.nhibernate.tests\bin\debug\espares.data.nhibernate.tests.dll" id="8f7edb6c-ade5-5279-bf20-f433b9f9d821">
      <Execution id="c099741f-9b6b-4357-a69e-be0e56191225" />
      <TestMethod codeBase="C:/TeamCity.BuildAgent/work/1140675e932e9582/Framework/ORM/NHibernate/eSpares.Data.NHibernate.Tests/bin/Debug/eSpares.Data.NHibernate.Tests.DLL" adapterTypeName="Microsoft.VisualStudio.TestTools.TestTypes.Unit.UnitTestAdapter, Microsoft.VisualStudio.QualityTools.Tips.UnitTest.Adapter, Version=10.0.0.0, Culture=neutral, PublicKeyToken=b03f5f7f11d50a3a" className="eSpares.Data.NHibernate.Tests.UnitOfWorkTest, eSpares.Data.NHibernate.Tests, Version=1.0.0.0, Culture=neutral, PublicKeyToken=null" name="BeginTransaction_Throws_InvalidOperationException_When_Transaction_Already_Running" />
    </UnitTest>
    <UnitTest name="UnitOfWork_Rolledback_When_Containing_TransactionScope_Is_Rolledback" storage="c:\teamcity.buildagent\work\1140675e932e9582\framework\orm\nhibernate\espares.data.nhibernate.tests\bin\debug\espares.data.nhibernate.tests.dll" id="61637284-c973-cb4a-98fc-2211d82e2f19">
      <Execution id="c32f0f99-d687-4ed0-84bd-10edd25c0f59" />
      <TestMethod codeBase="C:/TeamCity.BuildAgent/work/1140675e932e9582/Framework/ORM/NHibernate/eSpares.Data.NHibernate.Tests/bin/Debug/eSpares.Data.NHibernate.Tests.DLL" adapterTypeName="Microsoft.VisualStudio.TestTools.TestTypes.Unit.UnitTestAdapter, Microsoft.VisualStudio.QualityTools.Tips.UnitTest.Adapter, Version=10.0.0.0, Culture=neutral, PublicKeyToken=b03f5f7f11d50a3a" className="eSpares.Data.NHibernate.Tests.NHRepositoryTest, eSpares.Data.NHibernate.Tests, Version=1.0.0.0, Culture=neutral, PublicKeyToken=null" name="UnitOfWork_Rolledback_When_Containing_TransactionScope_Is_Rolledback" />
    </UnitTest>
    <UnitTest name="Save_New_Customer_Saves_Customer_When_UnitOfWork_Is_Committed" storage="c:\teamcity.buildagent\work\1140675e932e9582\framework\orm\nhibernate\espares.data.nhibernate.tests\bin\debug\espares.data.nhibernate.tests.dll" id="a1c2838d-43e4-4550-f444-9c0b4fce8f10">
      <Execution id="de9d7e8f-f6fa-44de-a46c-3c4590ecf676" />
      <TestMethod codeBase="C:/TeamCity.BuildAgent/work/1140675e932e9582/Framework/ORM/NHibernate/eSpares.Data.NHibernate.Tests/bin/Debug/eSpares.Data.NHibernate.Tests.DLL" adapterTypeName="Microsoft.VisualStudio.TestTools.TestTypes.Unit.UnitTestAdapter, Microsoft.VisualStudio.QualityTools.Tips.UnitTest.Adapter, Version=10.0.0.0, Culture=neutral, PublicKeyToken=b03f5f7f11d50a3a" className="eSpares.Data.NHibernate.Tests.NHRepositoryTest, eSpares.Data.NHibernate.Tests, Version=1.0.0.0, Culture=neutral, PublicKeyToken=null" name="Save_New_Customer_Saves_Customer_When_UnitOfWork_Is_Committed" />
    </UnitTest>
    <UnitTest name="changes_are_not_persisted_when_ambient_transaction_rolls_back" storage="c:\teamcity.buildagent\work\1140675e932e9582\framework\orm\nhibernate\espares.data.nhibernate.tests\bin\debug\espares.data.nhibernate.tests.dll" id="c340a96d-401b-f556-4c9e-610b35128b41">
      <Execution id="d00c780d-3481-4dbb-9502-5f375a7fb94b" />
      <TestMethod codeBase="C:/TeamCity.BuildAgent/work/1140675e932e9582/Framework/ORM/NHibernate/eSpares.Data.NHibernate.Tests/bin/Debug/eSpares.Data.NHibernate.Tests.DLL" adapterTypeName="Microsoft.VisualStudio.TestTools.TestTypes.Unit.UnitTestAdapter, Microsoft.VisualStudio.QualityTools.Tips.UnitTest.Adapter, Version=10.0.0.0, Culture=neutral, PublicKeyToken=b03f5f7f11d50a3a" className="eSpares.Data.NHibernate.Tests.NHUnitOfWorkTransactionTest, eSpares.Data.NHibernate.Tests, Version=1.0.0.0, Culture=neutral, PublicKeyToken=null" name="changes_are_not_persisted_when_ambient_transaction_rolls_back" />
    </UnitTest>
    <UnitTest name="Dispose_UnitOfWork_Disposed_Underlying_Transaction_And_Session" storage="c:\teamcity.buildagent\work\1140675e932e9582\framework\orm\nhibernate\espares.data.nhibernate.tests\bin\debug\espares.data.nhibernate.tests.dll" id="3ef2c910-9efa-7fbc-083c-fac28bea493a">
      <Execution id="352cfec6-d7a8-4fd4-a4d8-793a577573df" />
      <TestMethod codeBase="C:/TeamCity.BuildAgent/work/1140675e932e9582/Framework/ORM/NHibernate/eSpares.Data.NHibernate.Tests/bin/Debug/eSpares.Data.NHibernate.Tests.DLL" adapterTypeName="Microsoft.VisualStudio.TestTools.TestTypes.Unit.UnitTestAdapter, Microsoft.VisualStudio.QualityTools.Tips.UnitTest.Adapter, Version=10.0.0.0, Culture=neutral, PublicKeyToken=b03f5f7f11d50a3a" className="eSpares.Data.NHibernate.Tests.UnitOfWorkTest, eSpares.Data.NHibernate.Tests, Version=1.0.0.0, Culture=neutral, PublicKeyToken=null" name="Dispose_UnitOfWork_Disposed_Underlying_Transaction_And_Session" />
    </UnitTest>
    <UnitTest name="When_Calling_CalculateTotal_On_Order_Returns_Valid_When_Under_UnitOfWork" storage="c:\teamcity.buildagent\work\1140675e932e9582\framework\orm\nhibernate\espares.data.nhibernate.tests\bin\debug\espares.data.nhibernate.tests.dll" id="1cb86313-6a7d-265e-9c4b-dc34e1459b97">
      <Execution id="5dc80cee-aac1-4884-94b9-4688b8906dc9" />
      <TestMethod codeBase="C:/TeamCity.BuildAgent/work/1140675e932e9582/Framework/ORM/NHibernate/eSpares.Data.NHibernate.Tests/bin/Debug/eSpares.Data.NHibernate.Tests.DLL" adapterTypeName="Microsoft.VisualStudio.TestTools.TestTypes.Unit.UnitTestAdapter, Microsoft.VisualStudio.QualityTools.Tips.UnitTest.Adapter, Version=10.0.0.0, Culture=neutral, PublicKeyToken=b03f5f7f11d50a3a" className="eSpares.Data.NHibernate.Tests.NHRepositoryTest, eSpares.Data.NHibernate.Tests, Version=1.0.0.0, Culture=neutral, PublicKeyToken=null" name="When_Calling_CalculateTotal_On_Order_Returns_Valid_When_Under_UnitOfWork" />
    </UnitTest>
    <UnitTest name="Flush_Calls_Underlying_ISession_Flush" storage="c:\teamcity.buildagent\work\1140675e932e9582\framework\orm\nhibernate\espares.data.nhibernate.tests\bin\debug\espares.data.nhibernate.tests.dll" id="c583a545-f2db-fc12-bae7-d6671ae3efdf">
      <Execution id="d40a2a4a-24c0-4835-9d06-a139df0210af" />
      <TestMethod codeBase="C:/TeamCity.BuildAgent/work/1140675e932e9582/Framework/ORM/NHibernate/eSpares.Data.NHibernate.Tests/bin/Debug/eSpares.Data.NHibernate.Tests.DLL" adapterTypeName="Microsoft.VisualStudio.TestTools.TestTypes.Unit.UnitTestAdapter, Microsoft.VisualStudio.QualityTools.Tips.UnitTest.Adapter, Version=10.0.0.0, Culture=neutral, PublicKeyToken=b03f5f7f11d50a3a" className="eSpares.Data.NHibernate.Tests.UnitOfWorkTest, eSpares.Data.NHibernate.Tests, Version=1.0.0.0, Culture=neutral, PublicKeyToken=null" name="Flush_Calls_Underlying_ISession_Flush" />
    </UnitTest>
    <UnitTest name="TransactionalFlush_Rollsback_Transaction_When_Flush_Throws_Exception" storage="c:\teamcity.buildagent\work\1140675e932e9582\framework\orm\nhibernate\espares.data.nhibernate.tests\bin\debug\espares.data.nhibernate.tests.dll" id="b34362c6-7206-84e8-3358-3f43a65b4d33">
      <Execution id="36065541-0a7f-42bd-8327-a1ad40eb0241" />
      <TestMethod codeBase="C:/TeamCity.BuildAgent/work/1140675e932e9582/Framework/ORM/NHibernate/eSpares.Data.NHibernate.Tests/bin/Debug/eSpares.Data.NHibernate.Tests.DLL" adapterTypeName="Microsoft.VisualStudio.TestTools.TestTypes.Unit.UnitTestAdapter, Microsoft.VisualStudio.QualityTools.Tips.UnitTest.Adapter, Version=10.0.0.0, Culture=neutral, PublicKeyToken=b03f5f7f11d50a3a" className="eSpares.Data.NHibernate.Tests.UnitOfWorkTest, eSpares.Data.NHibernate.Tests, Version=1.0.0.0, Culture=neutral, PublicKeyToken=null" name="TransactionalFlush_Rollsback_Transaction_When_Flush_Throws_Exception" />
    </UnitTest>
    <UnitTest name="Create_Throws_InvalidOperationException_When_No_SessionProvider_Has_Been_Set" storage="c:\teamcity.buildagent\work\1140675e932e9582\framework\orm\nhibernate\espares.data.nhibernate.tests\bin\debug\espares.data.nhibernate.tests.dll" id="18ddd1f5-4cc7-6189-33be-c8680b17a014">
      <Execution id="bd38eb78-53c9-4dbb-8989-f93c9fcfa9c3" />
      <TestMethod codeBase="C:/TeamCity.BuildAgent/work/1140675e932e9582/Framework/ORM/NHibernate/eSpares.Data.NHibernate.Tests/bin/Debug/eSpares.Data.NHibernate.Tests.DLL" adapterTypeName="Microsoft.VisualStudio.TestTools.TestTypes.Unit.UnitTestAdapter, Microsoft.VisualStudio.QualityTools.Tips.UnitTest.Adapter, Version=10.0.0.0, Culture=neutral, PublicKeyToken=b03f5f7f11d50a3a" className="eSpares.Data.NHibernate.Tests.UnitOfWorkFactoryTest, eSpares.Data.NHibernate.Tests, Version=1.0.0.0, Culture=neutral, PublicKeyToken=null" name="Create_Throws_InvalidOperationException_When_No_SessionProvider_Has_Been_Set" />
    </UnitTest>
  </TestDefinitions>
  <TestLists>
    <TestList name="Results Not in a List" id="8c84fa94-04c1-424b-9868-57a2d4851a1d" />
    <TestList name="All Loaded Results" id="19431567-8539-422a-85d7-44ee4e166bda" />
  </TestLists>
  <TestEntries>
    <TestEntry testId="c6177264-c2c8-7905-7742-3af25007bd8d" executionId="ed8f82e9-57a5-4488-965d-884af6a73997" testListId="8c84fa94-04c1-424b-9868-57a2d4851a1d" />
    <TestEntry testId="222a7ba4-a211-5dce-6cc0-4e936dead3bd" executionId="fee3515d-813f-475e-86c4-db72dfb2852c" testListId="8c84fa94-04c1-424b-9868-57a2d4851a1d" />
    <TestEntry testId="295dce75-cc15-c246-ba29-11be5e104286" executionId="413e232e-11b1-4351-bb54-3f7f3fb2899c" testListId="8c84fa94-04c1-424b-9868-57a2d4851a1d" />
    <TestEntry testId="3cdef31d-ec85-951b-253e-a6488ee33dad" executionId="207f2803-c3a8-4128-bf0a-8ef4ceead513" testListId="8c84fa94-04c1-424b-9868-57a2d4851a1d" />
    <TestEntry testId="64e04018-d97a-0afe-4964-550e3caf0356" executionId="fa3f606a-1dce-47fb-9114-72e0ab0073a0" testListId="8c84fa94-04c1-424b-9868-57a2d4851a1d" />
    <TestEntry testId="23ee8681-128c-f9f8-520a-4786524c8218" executionId="2f599050-ba3c-420f-a3b1-0927acfa508c" testListId="8c84fa94-04c1-424b-9868-57a2d4851a1d" />
    <TestEntry testId="1d0f9174-5921-d423-e10f-a02a8f942a4d" executionId="097f4787-97e5-4fbc-b3d7-f0b19e145717" testListId="8c84fa94-04c1-424b-9868-57a2d4851a1d" />
    <TestEntry testId="f3d3126a-fd84-a77c-ad86-f2f21dc4cb3a" executionId="02df8afd-f1d9-4223-9509-3a70a4c9a4d6" testListId="8c84fa94-04c1-424b-9868-57a2d4851a1d" />
    <TestEntry testId="6019ee39-b25c-dcbc-fc42-961ffc7347cd" executionId="e184f50b-2051-416e-9222-5c3ea9495491" testListId="8c84fa94-04c1-424b-9868-57a2d4851a1d" />
    <TestEntry testId="c328a348-3414-aee7-616e-f4958a9376b7" executionId="9f8b00f2-8ee0-40dd-91ce-c6b3914d6fce" testListId="8c84fa94-04c1-424b-9868-57a2d4851a1d" />
    <TestEntry testId="a1c2838d-43e4-4550-f444-9c0b4fce8f10" executionId="de9d7e8f-f6fa-44de-a46c-3c4590ecf676" testListId="8c84fa94-04c1-424b-9868-57a2d4851a1d" />
    <TestEntry testId="297749c7-b764-b24a-b463-b6f2bf607a3b" executionId="07a3b30a-865e-46bb-a1fc-b5e0e1e6f7ef" testListId="8c84fa94-04c1-424b-9868-57a2d4851a1d" />
    <TestEntry testId="61637284-c973-cb4a-98fc-2211d82e2f19" executionId="c32f0f99-d687-4ed0-84bd-10edd25c0f59" testListId="8c84fa94-04c1-424b-9868-57a2d4851a1d" />
    <TestEntry testId="1cb86313-6a7d-265e-9c4b-dc34e1459b97" executionId="5dc80cee-aac1-4884-94b9-4688b8906dc9" testListId="8c84fa94-04c1-424b-9868-57a2d4851a1d" />
    <TestEntry testId="0e4c63c5-08d3-3ac4-29c5-dd5715c2cc98" executionId="c6337107-bef2-48d6-a9c3-d152518c6634" testListId="8c84fa94-04c1-424b-9868-57a2d4851a1d" />
    <TestEntry testId="c340a96d-401b-f556-4c9e-610b35128b41" executionId="d00c780d-3481-4dbb-9502-5f375a7fb94b" testListId="8c84fa94-04c1-424b-9868-57a2d4851a1d" />
    <TestEntry testId="b19ee2f2-459a-0ca4-ed4d-4f9ed6d5710d" executionId="c28bac65-ce2c-4925-b5ff-f2186bc2d950" testListId="8c84fa94-04c1-424b-9868-57a2d4851a1d" />
    <TestEntry testId="8cb0369d-7ac7-bc6b-e84b-932edd3aaca1" executionId="d0f098f7-2780-4f7f-9653-21af88e0f188" testListId="8c84fa94-04c1-424b-9868-57a2d4851a1d" />
    <TestEntry testId="55e400b3-ef91-3f22-eb27-a929bc26e2ed" executionId="540aff11-f710-4713-8cf0-e67d5cb4fa42" testListId="8c84fa94-04c1-424b-9868-57a2d4851a1d" />
    <TestEntry testId="5bd9e51d-3046-47d6-348c-5f5970bd780d" executionId="bb6ca4bf-d2aa-4dda-bb16-2a405a515dd9" testListId="8c84fa94-04c1-424b-9868-57a2d4851a1d" />
    <TestEntry testId="e1c5ac4b-4abb-f1ad-ece9-c6046f66e943" executionId="8564ab23-c567-4483-abe9-06853899138b" testListId="8c84fa94-04c1-424b-9868-57a2d4851a1d" />
    <TestEntry testId="18ddd1f5-4cc7-6189-33be-c8680b17a014" executionId="bd38eb78-53c9-4dbb-8989-f93c9fcfa9c3" testListId="8c84fa94-04c1-424b-9868-57a2d4851a1d" />
    <TestEntry testId="9b1fa1d4-b782-9827-063d-f27e951557f8" executionId="7f77a252-ea4e-450d-87ff-b70e4de2e9f6" testListId="8c84fa94-04c1-424b-9868-57a2d4851a1d" />
    <TestEntry testId="fb53809a-e542-7abb-bc91-afba463fc5f2" executionId="5f2124ed-3dcc-4769-b2a6-a2dd504818f5" testListId="8c84fa94-04c1-424b-9868-57a2d4851a1d" />
    <TestEntry testId="8f7edb6c-ade5-5279-bf20-f433b9f9d821" executionId="c099741f-9b6b-4357-a69e-be0e56191225" testListId="8c84fa94-04c1-424b-9868-57a2d4851a1d" />
    <TestEntry testId="ef9dae81-072a-30fb-ea49-217d285940c9" executionId="a7665d76-d758-4553-85ca-77d5feaf8204" testListId="8c84fa94-04c1-424b-9868-57a2d4851a1d" />
    <TestEntry testId="3d8d1735-45b6-6ba6-9ff6-fdcfe6a318d8" executionId="1553f449-6dce-4baf-954c-832528b4ff4d" testListId="8c84fa94-04c1-424b-9868-57a2d4851a1d" />
    <TestEntry testId="3ef2c910-9efa-7fbc-083c-fac28bea493a" executionId="352cfec6-d7a8-4fd4-a4d8-793a577573df" testListId="8c84fa94-04c1-424b-9868-57a2d4851a1d" />
    <TestEntry testId="c583a545-f2db-fc12-bae7-d6671ae3efdf" executionId="d40a2a4a-24c0-4835-9d06-a139df0210af" testListId="8c84fa94-04c1-424b-9868-57a2d4851a1d" />
    <TestEntry testId="a48af40c-f688-727c-b987-e0fa89194bf3" executionId="dd741b8a-b27b-4822-b6f0-036eb56f9cd2" testListId="8c84fa94-04c1-424b-9868-57a2d4851a1d" />
    <TestEntry testId="3d40354a-0c8c-d6de-bc02-27c36f938ba0" executionId="43557e5e-1899-4afd-b0bd-47ccf7183204" testListId="8c84fa94-04c1-424b-9868-57a2d4851a1d" />
    <TestEntry testId="b34362c6-7206-84e8-3358-3f43a65b4d33" executionId="36065541-0a7f-42bd-8327-a1ad40eb0241" testListId="8c84fa94-04c1-424b-9868-57a2d4851a1d" />
    <TestEntry testId="de8b67d7-fd73-1db1-e709-fa995200288e" executionId="e0154eec-5234-4c9a-86b8-cde379d926ce" testListId="8c84fa94-04c1-424b-9868-57a2d4851a1d" />
    <TestEntry testId="72b08290-352b-bc45-5576-ef286400ae9f" executionId="a0fb9b42-6053-4191-a31f-c9737fc35004" testListId="8c84fa94-04c1-424b-9868-57a2d4851a1d" />
    <TestEntry testId="9602807c-ed7b-c58d-4888-d21f385b7c60" executionId="bf5cc621-c759-46ac-b7fa-9dcad26bea66" testListId="8c84fa94-04c1-424b-9868-57a2d4851a1d" />
  </TestEntries>
  <Results>
    <UnitTestResult executionId="ed8f82e9-57a5-4488-965d-884af6a73997" testId="c6177264-c2c8-7905-7742-3af25007bd8d" testName="Delete_Deletes_Record" computerName="ESPARES210" startTime="2010-02-12T14:44:43.8081661+00:00" endTime="2010-02-12T14:44:45.9393792+00:00" testType="13cdc9d9-ddb5-4fa4-a97d-d965ccfc6d4b" outcome="Failed" testListId="8c84fa94-04c1-424b-9868-57a2d4851a1d" relativeResultsDirectory="ed8f82e9-57a5-4488-965d-884af6a73997">
      <Output>
        <ErrorInfo>
          <Message>Assembly Initialization method eSpares.Data.NHibernate.Tests.NHTestSetup.SetUpFactory threw exception. FluentNHibernate.Cfg.FluentConfigurationException: FluentNHibernate.Cfg.FluentConfigurationException: An invalid or incomplete configuration was used while creating a SessionFactory. Check PotentialReasons collection, and InnerException for more detail.

 ---&gt; FluentNHibernate.Cfg.FluentConfigurationException: An invalid or incomplete configuration was used while creating a SessionFactory. Check PotentialReasons collection, and InnerException for more detail.

 ---&gt; NHibernate.HibernateException: Login failed for user 'ESPARES\teamcity.buildagent'. ---&gt; System.Data.SqlClient.SqlException: Login failed for user 'ESPARES\teamcity.buildagent'.. Aborting test execution.</Message>
          <StackTrace>    at System.Data.SqlClient.SqlInternalConnection.OnError(SqlException exception, Boolean breakConnection)
   at System.Data.SqlClient.TdsParser.ThrowExceptionAndWarning()
   at System.Data.SqlClient.TdsParser.Run(RunBehavior runBehavior, SqlCommand cmdHandler, SqlDataReader dataStream, BulkCopySimpleResultSet bulkCopyHandler, TdsParserStateObject stateObj)
   at System.Data.SqlClient.SqlInternalConnectionTds.CompleteLogin(Boolean enlistOK)
   at System.Data.SqlClient.SqlInternalConnectionTds.AttemptOneLogin(ServerInfo serverInfo, String newPassword, Boolean ignoreSniOpenTimeout, TimeoutTimer timeout, SqlConnection owningObject)
   at System.Data.SqlClient.SqlInternalConnectionTds.LoginNoFailover(ServerInfo serverInfo, String newPassword, Boolean redirectedUserInstance, SqlConnection owningObject, SqlConnectionString connectionOptions, TimeoutTimer timeout)
   at System.Data.SqlClient.SqlInternalConnectionTds.OpenLoginEnlist(SqlConnection owningObject, TimeoutTimer timeout, SqlConnectionString connectionOptions, String newPassword, Boolean redirectedUserInstance)
   at System.Data.SqlClient.SqlInternalConnectionTds..ctor(DbConnectionPoolIdentity identity, SqlConnectionString connectionOptions, Object providerInfo, String newPassword, SqlConnection owningObject, Boolean redirectedUserInstance)
   at System.Data.SqlClient.SqlConnectionFactory.CreateConnection(DbConnectionOptions options, Object poolGroupProviderInfo, DbConnectionPool pool, DbConnection owningConnection)
   at System.Data.ProviderBase.DbConnectionFactory.CreatePooledConnection(DbConnection owningConnection, DbConnectionPool pool, DbConnectionOptions options)
   at System.Data.ProviderBase.DbConnectionPool.CreateObject(DbConnection owningObject)
   at System.Data.ProviderBase.DbConnectionPool.UserCreateRequest(DbConnection owningObject)
   at System.Data.ProviderBase.DbConnectionPool.GetConnection(DbConnection owningObject)
   at System.Data.ProviderBase.DbConnectionFactory.GetConnection(DbConnection owningConnection)
   at System.Data.ProviderBase.DbConnectionClosed.OpenConnection(DbConnection outerConnection, DbConnectionFactory connectionFactory)
   at System.Data.SqlClient.SqlConnection.Open()
   at NHibernate.Connection.DriverConnectionProvider.GetConnection()
   at NHibernate.Tool.hbm2ddl.SchemaExport.Execute(Action`1 scriptAction, Boolean export, Boolean justDrop)
 --- End of inner exception stack trace ---
    at NHibernate.Tool.hbm2ddl.SchemaExport.Execute(Action`1 scriptAction, Boolean export, Boolean justDrop)
   at NHibernate.Tool.hbm2ddl.SchemaExport.Execute(Boolean script, Boolean export, Boolean justDrop)
   at NHibernate.Tool.hbm2ddl.SchemaExport.Create(Boolean script, Boolean export)
   at eSpares.Data.NHibernate.Tests.NHTestSetup.&lt;SetUpFactory&gt;b__0(Configuration config) in c:\TeamCity.BuildAgent\work\1140675e932e9582\Framework\ORM\NHibernate\eSpares.Data.NHibernate.Tests\NHTestSetup.cs:line 52
   at FluentNHibernate.Cfg.FluentConfiguration.BuildConfiguration() in d:\Builds\FluentNH\src\FluentNHibernate\Cfg\FluentConfiguration.cs:line 112
 --- End of inner exception stack trace ---
    at FluentNHibernate.Cfg.FluentConfiguration.BuildConfiguration() in d:\Builds\FluentNH\src\FluentNHibernate\Cfg\FluentConfiguration.cs:line 119
   at FluentNHibernate.Cfg.FluentConfiguration.BuildSessionFactory() in d:\Builds\FluentNH\src\FluentNHibernate\Cfg\FluentConfiguration.cs:line 93
 --- End of inner exception stack trace ---
    at FluentNHibernate.Cfg.FluentConfiguration.BuildSessionFactory() in d:\Builds\FluentNH\src\FluentNHibernate\Cfg\FluentConfiguration.cs:line 98
   at eSpares.Data.NHibernate.Tests.NHTestSetup.SetUpFactory(TestContext context) in c:\TeamCity.BuildAgent\work\1140675e932e9582\Framework\ORM\NHibernate\eSpares.Data.NHibernate.Tests\NHTestSetup.cs:line 41
</StackTrace>
        </ErrorInfo>
      </Output>
    </UnitTestResult>
    <UnitTestResult executionId="fee3515d-813f-475e-86c4-db72dfb2852c" testId="222a7ba4-a211-5dce-6cc0-4e936dead3bd" testName="Nested_UnitOfWork_With_Different_Transaction_Compatibility_Works" computerName="ESPARES210" startTime="2010-02-12T14:44:45.9403793+00:00" endTime="2010-02-12T14:44:45.9443797+00:00" testType="13cdc9d9-ddb5-4fa4-a97d-d965ccfc6d4b" outcome="Failed" testListId="8c84fa94-04c1-424b-9868-57a2d4851a1d" relativeResultsDirectory="fee3515d-813f-475e-86c4-db72dfb2852c">
      <Output>
        <ErrorInfo>
          <Message>Assembly Initialization method eSpares.Data.NHibernate.Tests.NHTestSetup.SetUpFactory threw exception. FluentNHibernate.Cfg.FluentConfigurationException: FluentNHibernate.Cfg.FluentConfigurationException: An invalid or incomplete configuration was used while creating a SessionFactory. Check PotentialReasons collection, and InnerException for more detail.

 ---&gt; FluentNHibernate.Cfg.FluentConfigurationException: An invalid or incomplete configuration was used while creating a SessionFactory. Check PotentialReasons collection, and InnerException for more detail.

 ---&gt; NHibernate.HibernateException: Login failed for user 'ESPARES\teamcity.buildagent'. ---&gt; System.Data.SqlClient.SqlException: Login failed for user 'ESPARES\teamcity.buildagent'.. Aborting test execution.</Message>
          <StackTrace>    at System.Data.SqlClient.SqlInternalConnection.OnError(SqlException exception, Boolean breakConnection)
   at System.Data.SqlClient.TdsParser.ThrowExceptionAndWarning()
   at System.Data.SqlClient.TdsParser.Run(RunBehavior runBehavior, SqlCommand cmdHandler, SqlDataReader dataStream, BulkCopySimpleResultSet bulkCopyHandler, TdsParserStateObject stateObj)
   at System.Data.SqlClient.SqlInternalConnectionTds.CompleteLogin(Boolean enlistOK)
   at System.Data.SqlClient.SqlInternalConnectionTds.AttemptOneLogin(ServerInfo serverInfo, String newPassword, Boolean ignoreSniOpenTimeout, TimeoutTimer timeout, SqlConnection owningObject)
   at System.Data.SqlClient.SqlInternalConnectionTds.LoginNoFailover(ServerInfo serverInfo, String newPassword, Boolean redirectedUserInstance, SqlConnection owningObject, SqlConnectionString connectionOptions, TimeoutTimer timeout)
   at System.Data.SqlClient.SqlInternalConnectionTds.OpenLoginEnlist(SqlConnection owningObject, TimeoutTimer timeout, SqlConnectionString connectionOptions, String newPassword, Boolean redirectedUserInstance)
   at System.Data.SqlClient.SqlInternalConnectionTds..ctor(DbConnectionPoolIdentity identity, SqlConnectionString connectionOptions, Object providerInfo, String newPassword, SqlConnection owningObject, Boolean redirectedUserInstance)
   at System.Data.SqlClient.SqlConnectionFactory.CreateConnection(DbConnectionOptions options, Object poolGroupProviderInfo, DbConnectionPool pool, DbConnection owningConnection)
   at System.Data.ProviderBase.DbConnectionFactory.CreatePooledConnection(DbConnection owningConnection, DbConnectionPool pool, DbConnectionOptions options)
   at System.Data.ProviderBase.DbConnectionPool.CreateObject(DbConnection owningObject)
   at System.Data.ProviderBase.DbConnectionPool.UserCreateRequest(DbConnection owningObject)
   at System.Data.ProviderBase.DbConnectionPool.GetConnection(DbConnection owningObject)
   at System.Data.ProviderBase.DbConnectionFactory.GetConnection(DbConnection owningConnection)
   at System.Data.ProviderBase.DbConnectionClosed.OpenConnection(DbConnection outerConnection, DbConnectionFactory connectionFactory)
   at System.Data.SqlClient.SqlConnection.Open()
   at NHibernate.Connection.DriverConnectionProvider.GetConnection()
   at NHibernate.Tool.hbm2ddl.SchemaExport.Execute(Action`1 scriptAction, Boolean export, Boolean justDrop)
 --- End of inner exception stack trace ---
    at NHibernate.Tool.hbm2ddl.SchemaExport.Execute(Action`1 scriptAction, Boolean export, Boolean justDrop)
   at NHibernate.Tool.hbm2ddl.SchemaExport.Execute(Boolean script, Boolean export, Boolean justDrop)
   at NHibernate.Tool.hbm2ddl.SchemaExport.Create(Boolean script, Boolean export)
   at eSpares.Data.NHibernate.Tests.NHTestSetup.&lt;SetUpFactory&gt;b__0(Configuration config) in c:\TeamCity.BuildAgent\work\1140675e932e9582\Framework\ORM\NHibernate\eSpares.Data.NHibernate.Tests\NHTestSetup.cs:line 52
   at FluentNHibernate.Cfg.FluentConfiguration.BuildConfiguration() in d:\Builds\FluentNH\src\FluentNHibernate\Cfg\FluentConfiguration.cs:line 112
 --- End of inner exception stack trace ---
    at FluentNHibernate.Cfg.FluentConfiguration.BuildConfiguration() in d:\Builds\FluentNH\src\FluentNHibernate\Cfg\FluentConfiguration.cs:line 119
   at FluentNHibernate.Cfg.FluentConfiguration.BuildSessionFactory() in d:\Builds\FluentNH\src\FluentNHibernate\Cfg\FluentConfiguration.cs:line 93
 --- End of inner exception stack trace ---
    at FluentNHibernate.Cfg.FluentConfiguration.BuildSessionFactory() in d:\Builds\FluentNH\src\FluentNHibernate\Cfg\FluentConfiguration.cs:line 98
   at eSpares.Data.NHibernate.Tests.NHTestSetup.SetUpFactory(TestContext context) in c:\TeamCity.BuildAgent\work\1140675e932e9582\Framework\ORM\NHibernate\eSpares.Data.NHibernate.Tests\NHTestSetup.cs:line 41
</StackTrace>
        </ErrorInfo>
      </Output>
    </UnitTestResult>
    <UnitTestResult executionId="413e232e-11b1-4351-bb54-3f7f3fb2899c" testId="295dce75-cc15-c246-ba29-11be5e104286" testName="Query_Allows_Lazy_Load_While_UnitOfWork_Still_Running" computerName="ESPARES210" startTime="2010-02-12T14:44:45.9453798+00:00" endTime="2010-02-12T14:44:45.9503803+00:00" testType="13cdc9d9-ddb5-4fa4-a97d-d965ccfc6d4b" outcome="Failed" testListId="8c84fa94-04c1-424b-9868-57a2d4851a1d" relativeResultsDirectory="413e232e-11b1-4351-bb54-3f7f3fb2899c">
      <Output>
        <ErrorInfo>
          <Message>Assembly Initialization method eSpares.Data.NHibernate.Tests.NHTestSetup.SetUpFactory threw exception. FluentNHibernate.Cfg.FluentConfigurationException: FluentNHibernate.Cfg.FluentConfigurationException: An invalid or incomplete configuration was used while creating a SessionFactory. Check PotentialReasons collection, and InnerException for more detail.

 ---&gt; FluentNHibernate.Cfg.FluentConfigurationException: An invalid or incomplete configuration was used while creating a SessionFactory. Check PotentialReasons collection, and InnerException for more detail.

 ---&gt; NHibernate.HibernateException: Login failed for user 'ESPARES\teamcity.buildagent'. ---&gt; System.Data.SqlClient.SqlException: Login failed for user 'ESPARES\teamcity.buildagent'.. Aborting test execution.</Message>
          <StackTrace>    at System.Data.SqlClient.SqlInternalConnection.OnError(SqlException exception, Boolean breakConnection)
   at System.Data.SqlClient.TdsParser.ThrowExceptionAndWarning()
   at System.Data.SqlClient.TdsParser.Run(RunBehavior runBehavior, SqlCommand cmdHandler, SqlDataReader dataStream, BulkCopySimpleResultSet bulkCopyHandler, TdsParserStateObject stateObj)
   at System.Data.SqlClient.SqlInternalConnectionTds.CompleteLogin(Boolean enlistOK)
   at System.Data.SqlClient.SqlInternalConnectionTds.AttemptOneLogin(ServerInfo serverInfo, String newPassword, Boolean ignoreSniOpenTimeout, TimeoutTimer timeout, SqlConnection owningObject)
   at System.Data.SqlClient.SqlInternalConnectionTds.LoginNoFailover(ServerInfo serverInfo, String newPassword, Boolean redirectedUserInstance, SqlConnection owningObject, SqlConnectionString connectionOptions, TimeoutTimer timeout)
   at System.Data.SqlClient.SqlInternalConnectionTds.OpenLoginEnlist(SqlConnection owningObject, TimeoutTimer timeout, SqlConnectionString connectionOptions, String newPassword, Boolean redirectedUserInstance)
   at System.Data.SqlClient.SqlInternalConnectionTds..ctor(DbConnectionPoolIdentity identity, SqlConnectionString connectionOptions, Object providerInfo, String newPassword, SqlConnection owningObject, Boolean redirectedUserInstance)
   at System.Data.SqlClient.SqlConnectionFactory.CreateConnection(DbConnectionOptions options, Object poolGroupProviderInfo, DbConnectionPool pool, DbConnection owningConnection)
   at System.Data.ProviderBase.DbConnectionFactory.CreatePooledConnection(DbConnection owningConnection, DbConnectionPool pool, DbConnectionOptions options)
   at System.Data.ProviderBase.DbConnectionPool.CreateObject(DbConnection owningObject)
   at System.Data.ProviderBase.DbConnectionPool.UserCreateRequest(DbConnection owningObject)
   at System.Data.ProviderBase.DbConnectionPool.GetConnection(DbConnection owningObject)
   at System.Data.ProviderBase.DbConnectionFactory.GetConnection(DbConnection owningConnection)
   at System.Data.ProviderBase.DbConnectionClosed.OpenConnection(DbConnection outerConnection, DbConnectionFactory connectionFactory)
   at System.Data.SqlClient.SqlConnection.Open()
   at NHibernate.Connection.DriverConnectionProvider.GetConnection()
   at NHibernate.Tool.hbm2ddl.SchemaExport.Execute(Action`1 scriptAction, Boolean export, Boolean justDrop)
 --- End of inner exception stack trace ---
    at NHibernate.Tool.hbm2ddl.SchemaExport.Execute(Action`1 scriptAction, Boolean export, Boolean justDrop)
   at NHibernate.Tool.hbm2ddl.SchemaExport.Execute(Boolean script, Boolean export, Boolean justDrop)
   at NHibernate.Tool.hbm2ddl.SchemaExport.Create(Boolean script, Boolean export)
   at eSpares.Data.NHibernate.Tests.NHTestSetup.&lt;SetUpFactory&gt;b__0(Configuration config) in c:\TeamCity.BuildAgent\work\1140675e932e9582\Framework\ORM\NHibernate\eSpares.Data.NHibernate.Tests\NHTestSetup.cs:line 52
   at FluentNHibernate.Cfg.FluentConfiguration.BuildConfiguration() in d:\Builds\FluentNH\src\FluentNHibernate\Cfg\FluentConfiguration.cs:line 112
 --- End of inner exception stack trace ---
    at FluentNHibernate.Cfg.FluentConfiguration.BuildConfiguration() in d:\Builds\FluentNH\src\FluentNHibernate\Cfg\FluentConfiguration.cs:line 119
   at FluentNHibernate.Cfg.FluentConfiguration.BuildSessionFactory() in d:\Builds\FluentNH\src\FluentNHibernate\Cfg\FluentConfiguration.cs:line 93
 --- End of inner exception stack trace ---
    at FluentNHibernate.Cfg.FluentConfiguration.BuildSessionFactory() in d:\Builds\FluentNH\src\FluentNHibernate\Cfg\FluentConfiguration.cs:line 98
   at eSpares.Data.NHibernate.Tests.NHTestSetup.SetUpFactory(TestContext context) in c:\TeamCity.BuildAgent\work\1140675e932e9582\Framework\ORM\NHibernate\eSpares.Data.NHibernate.Tests\NHTestSetup.cs:line 41
</StackTrace>
        </ErrorInfo>
      </Output>
    </UnitTestResult>
    <UnitTestResult executionId="207f2803-c3a8-4128-bf0a-8ef4ceead513" testId="3cdef31d-ec85-951b-253e-a6488ee33dad" testName="Query_Allows_Projection_Using_Select_Projection" computerName="ESPARES210" startTime="2010-02-12T14:44:45.9503803+00:00" endTime="2010-02-12T14:44:45.9553808+00:00" testType="13cdc9d9-ddb5-4fa4-a97d-d965ccfc6d4b" outcome="Failed" testListId="8c84fa94-04c1-424b-9868-57a2d4851a1d" relativeResultsDirectory="207f2803-c3a8-4128-bf0a-8ef4ceead513">
      <Output>
        <ErrorInfo>
          <Message>Assembly Initialization method eSpares.Data.NHibernate.Tests.NHTestSetup.SetUpFactory threw exception. FluentNHibernate.Cfg.FluentConfigurationException: FluentNHibernate.Cfg.FluentConfigurationException: An invalid or incomplete configuration was used while creating a SessionFactory. Check PotentialReasons collection, and InnerException for more detail.

 ---&gt; FluentNHibernate.Cfg.FluentConfigurationException: An invalid or incomplete configuration was used while creating a SessionFactory. Check PotentialReasons collection, and InnerException for more detail.

 ---&gt; NHibernate.HibernateException: Login failed for user 'ESPARES\teamcity.buildagent'. ---&gt; System.Data.SqlClient.SqlException: Login failed for user 'ESPARES\teamcity.buildagent'.. Aborting test execution.</Message>
          <StackTrace>    at System.Data.SqlClient.SqlInternalConnection.OnError(SqlException exception, Boolean breakConnection)
   at System.Data.SqlClient.TdsParser.ThrowExceptionAndWarning()
   at System.Data.SqlClient.TdsParser.Run(RunBehavior runBehavior, SqlCommand cmdHandler, SqlDataReader dataStream, BulkCopySimpleResultSet bulkCopyHandler, TdsParserStateObject stateObj)
   at System.Data.SqlClient.SqlInternalConnectionTds.CompleteLogin(Boolean enlistOK)
   at System.Data.SqlClient.SqlInternalConnectionTds.AttemptOneLogin(ServerInfo serverInfo, String newPassword, Boolean ignoreSniOpenTimeout, TimeoutTimer timeout, SqlConnection owningObject)
   at System.Data.SqlClient.SqlInternalConnectionTds.LoginNoFailover(ServerInfo serverInfo, String newPassword, Boolean redirectedUserInstance, SqlConnection owningObject, SqlConnectionString connectionOptions, TimeoutTimer timeout)
   at System.Data.SqlClient.SqlInternalConnectionTds.OpenLoginEnlist(SqlConnection owningObject, TimeoutTimer timeout, SqlConnectionString connectionOptions, String newPassword, Boolean redirectedUserInstance)
   at System.Data.SqlClient.SqlInternalConnectionTds..ctor(DbConnectionPoolIdentity identity, SqlConnectionString connectionOptions, Object providerInfo, String newPassword, SqlConnection owningObject, Boolean redirectedUserInstance)
   at System.Data.SqlClient.SqlConnectionFactory.CreateConnection(DbConnectionOptions options, Object poolGroupProviderInfo, DbConnectionPool pool, DbConnection owningConnection)
   at System.Data.ProviderBase.DbConnectionFactory.CreatePooledConnection(DbConnection owningConnection, DbConnectionPool pool, DbConnectionOptions options)
   at System.Data.ProviderBase.DbConnectionPool.CreateObject(DbConnection owningObject)
   at System.Data.ProviderBase.DbConnectionPool.UserCreateRequest(DbConnection owningObject)
   at System.Data.ProviderBase.DbConnectionPool.GetConnection(DbConnection owningObject)
   at System.Data.ProviderBase.DbConnectionFactory.GetConnection(DbConnection owningConnection)
   at System.Data.ProviderBase.DbConnectionClosed.OpenConnection(DbConnection outerConnection, DbConnectionFactory connectionFactory)
   at System.Data.SqlClient.SqlConnection.Open()
   at NHibernate.Connection.DriverConnectionProvider.GetConnection()
   at NHibernate.Tool.hbm2ddl.SchemaExport.Execute(Action`1 scriptAction, Boolean export, Boolean justDrop)
 --- End of inner exception stack trace ---
    at NHibernate.Tool.hbm2ddl.SchemaExport.Execute(Action`1 scriptAction, Boolean export, Boolean justDrop)
   at NHibernate.Tool.hbm2ddl.SchemaExport.Execute(Boolean script, Boolean export, Boolean justDrop)
   at NHibernate.Tool.hbm2ddl.SchemaExport.Create(Boolean script, Boolean export)
   at eSpares.Data.NHibernate.Tests.NHTestSetup.&lt;SetUpFactory&gt;b__0(Configuration config) in c:\TeamCity.BuildAgent\work\1140675e932e9582\Framework\ORM\NHibernate\eSpares.Data.NHibernate.Tests\NHTestSetup.cs:line 52
   at FluentNHibernate.Cfg.FluentConfiguration.BuildConfiguration() in d:\Builds\FluentNH\src\FluentNHibernate\Cfg\FluentConfiguration.cs:line 112
 --- End of inner exception stack trace ---
    at FluentNHibernate.Cfg.FluentConfiguration.BuildConfiguration() in d:\Builds\FluentNH\src\FluentNHibernate\Cfg\FluentConfiguration.cs:line 119
   at FluentNHibernate.Cfg.FluentConfiguration.BuildSessionFactory() in d:\Builds\FluentNH\src\FluentNHibernate\Cfg\FluentConfiguration.cs:line 93
 --- End of inner exception stack trace ---
    at FluentNHibernate.Cfg.FluentConfiguration.BuildSessionFactory() in d:\Builds\FluentNH\src\FluentNHibernate\Cfg\FluentConfiguration.cs:line 98
   at eSpares.Data.NHibernate.Tests.NHTestSetup.SetUpFactory(TestContext context) in c:\TeamCity.BuildAgent\work\1140675e932e9582\Framework\ORM\NHibernate\eSpares.Data.NHibernate.Tests\NHTestSetup.cs:line 41
</StackTrace>
        </ErrorInfo>
      </Output>
    </UnitTestResult>
    <UnitTestResult executionId="fa3f606a-1dce-47fb-9114-72e0ab0073a0" testId="64e04018-d97a-0afe-4964-550e3caf0356" testName="Query_Throws_Exception_When_LazyLoading_After_UnitOfWork_Is_Finished" computerName="ESPARES210" startTime="2010-02-12T14:44:45.9563809+00:00" endTime="2010-02-12T14:44:45.9603813+00:00" testType="13cdc9d9-ddb5-4fa4-a97d-d965ccfc6d4b" outcome="Failed" testListId="8c84fa94-04c1-424b-9868-57a2d4851a1d" relativeResultsDirectory="fa3f606a-1dce-47fb-9114-72e0ab0073a0">
      <Output>
        <ErrorInfo>
          <Message>Assembly Initialization method eSpares.Data.NHibernate.Tests.NHTestSetup.SetUpFactory threw exception. FluentNHibernate.Cfg.FluentConfigurationException: FluentNHibernate.Cfg.FluentConfigurationException: An invalid or incomplete configuration was used while creating a SessionFactory. Check PotentialReasons collection, and InnerException for more detail.

 ---&gt; FluentNHibernate.Cfg.FluentConfigurationException: An invalid or incomplete configuration was used while creating a SessionFactory. Check PotentialReasons collection, and InnerException for more detail.

 ---&gt; NHibernate.HibernateException: Login failed for user 'ESPARES\teamcity.buildagent'. ---&gt; System.Data.SqlClient.SqlException: Login failed for user 'ESPARES\teamcity.buildagent'.. Aborting test execution.</Message>
          <StackTrace>    at System.Data.SqlClient.SqlInternalConnection.OnError(SqlException exception, Boolean breakConnection)
   at System.Data.SqlClient.TdsParser.ThrowExceptionAndWarning()
   at System.Data.SqlClient.TdsParser.Run(RunBehavior runBehavior, SqlCommand cmdHandler, SqlDataReader dataStream, BulkCopySimpleResultSet bulkCopyHandler, TdsParserStateObject stateObj)
   at System.Data.SqlClient.SqlInternalConnectionTds.CompleteLogin(Boolean enlistOK)
   at System.Data.SqlClient.SqlInternalConnectionTds.AttemptOneLogin(ServerInfo serverInfo, String newPassword, Boolean ignoreSniOpenTimeout, TimeoutTimer timeout, SqlConnection owningObject)
   at System.Data.SqlClient.SqlInternalConnectionTds.LoginNoFailover(ServerInfo serverInfo, String newPassword, Boolean redirectedUserInstance, SqlConnection owningObject, SqlConnectionString connectionOptions, TimeoutTimer timeout)
   at System.Data.SqlClient.SqlInternalConnectionTds.OpenLoginEnlist(SqlConnection owningObject, TimeoutTimer timeout, SqlConnectionString connectionOptions, String newPassword, Boolean redirectedUserInstance)
   at System.Data.SqlClient.SqlInternalConnectionTds..ctor(DbConnectionPoolIdentity identity, SqlConnectionString connectionOptions, Object providerInfo, String newPassword, SqlConnection owningObject, Boolean redirectedUserInstance)
   at System.Data.SqlClient.SqlConnectionFactory.CreateConnection(DbConnectionOptions options, Object poolGroupProviderInfo, DbConnectionPool pool, DbConnection owningConnection)
   at System.Data.ProviderBase.DbConnectionFactory.CreatePooledConnection(DbConnection owningConnection, DbConnectionPool pool, DbConnectionOptions options)
   at System.Data.ProviderBase.DbConnectionPool.CreateObject(DbConnection owningObject)
   at System.Data.ProviderBase.DbConnectionPool.UserCreateRequest(DbConnection owningObject)
   at System.Data.ProviderBase.DbConnectionPool.GetConnection(DbConnection owningObject)
   at System.Data.ProviderBase.DbConnectionFactory.GetConnection(DbConnection owningConnection)
   at System.Data.ProviderBase.DbConnectionClosed.OpenConnection(DbConnection outerConnection, DbConnectionFactory connectionFactory)
   at System.Data.SqlClient.SqlConnection.Open()
   at NHibernate.Connection.DriverConnectionProvider.GetConnection()
   at NHibernate.Tool.hbm2ddl.SchemaExport.Execute(Action`1 scriptAction, Boolean export, Boolean justDrop)
 --- End of inner exception stack trace ---
    at NHibernate.Tool.hbm2ddl.SchemaExport.Execute(Action`1 scriptAction, Boolean export, Boolean justDrop)
   at NHibernate.Tool.hbm2ddl.SchemaExport.Execute(Boolean script, Boolean export, Boolean justDrop)
   at NHibernate.Tool.hbm2ddl.SchemaExport.Create(Boolean script, Boolean export)
   at eSpares.Data.NHibernate.Tests.NHTestSetup.&lt;SetUpFactory&gt;b__0(Configuration config) in c:\TeamCity.BuildAgent\work\1140675e932e9582\Framework\ORM\NHibernate\eSpares.Data.NHibernate.Tests\NHTestSetup.cs:line 52
   at FluentNHibernate.Cfg.FluentConfiguration.BuildConfiguration() in d:\Builds\FluentNH\src\FluentNHibernate\Cfg\FluentConfiguration.cs:line 112
 --- End of inner exception stack trace ---
    at FluentNHibernate.Cfg.FluentConfiguration.BuildConfiguration() in d:\Builds\FluentNH\src\FluentNHibernate\Cfg\FluentConfiguration.cs:line 119
   at FluentNHibernate.Cfg.FluentConfiguration.BuildSessionFactory() in d:\Builds\FluentNH\src\FluentNHibernate\Cfg\FluentConfiguration.cs:line 93
 --- End of inner exception stack trace ---
    at FluentNHibernate.Cfg.FluentConfiguration.BuildSessionFactory() in d:\Builds\FluentNH\src\FluentNHibernate\Cfg\FluentConfiguration.cs:line 98
   at eSpares.Data.NHibernate.Tests.NHTestSetup.SetUpFactory(TestContext context) in c:\TeamCity.BuildAgent\work\1140675e932e9582\Framework\ORM\NHibernate\eSpares.Data.NHibernate.Tests\NHTestSetup.cs:line 41
</StackTrace>
        </ErrorInfo>
      </Output>
    </UnitTestResult>
    <UnitTestResult executionId="2f599050-ba3c-420f-a3b1-0927acfa508c" testId="23ee8681-128c-f9f8-520a-4786524c8218" testName="Query_Using_OrderBy_With_QueryMethod_Returns_Matched_Records_Only" computerName="ESPARES210" startTime="2010-02-12T14:44:45.9603813+00:00" endTime="2010-02-12T14:44:45.9653818+00:00" testType="13cdc9d9-ddb5-4fa4-a97d-d965ccfc6d4b" outcome="Failed" testListId="8c84fa94-04c1-424b-9868-57a2d4851a1d" relativeResultsDirectory="2f599050-ba3c-420f-a3b1-0927acfa508c">
      <Output>
        <ErrorInfo>
          <Message>Assembly Initialization method eSpares.Data.NHibernate.Tests.NHTestSetup.SetUpFactory threw exception. FluentNHibernate.Cfg.FluentConfigurationException: FluentNHibernate.Cfg.FluentConfigurationException: An invalid or incomplete configuration was used while creating a SessionFactory. Check PotentialReasons collection, and InnerException for more detail.

 ---&gt; FluentNHibernate.Cfg.FluentConfigurationException: An invalid or incomplete configuration was used while creating a SessionFactory. Check PotentialReasons collection, and InnerException for more detail.

 ---&gt; NHibernate.HibernateException: Login failed for user 'ESPARES\teamcity.buildagent'. ---&gt; System.Data.SqlClient.SqlException: Login failed for user 'ESPARES\teamcity.buildagent'.. Aborting test execution.</Message>
          <StackTrace>    at System.Data.SqlClient.SqlInternalConnection.OnError(SqlException exception, Boolean breakConnection)
   at System.Data.SqlClient.TdsParser.ThrowExceptionAndWarning()
   at System.Data.SqlClient.TdsParser.Run(RunBehavior runBehavior, SqlCommand cmdHandler, SqlDataReader dataStream, BulkCopySimpleResultSet bulkCopyHandler, TdsParserStateObject stateObj)
   at System.Data.SqlClient.SqlInternalConnectionTds.CompleteLogin(Boolean enlistOK)
   at System.Data.SqlClient.SqlInternalConnectionTds.AttemptOneLogin(ServerInfo serverInfo, String newPassword, Boolean ignoreSniOpenTimeout, TimeoutTimer timeout, SqlConnection owningObject)
   at System.Data.SqlClient.SqlInternalConnectionTds.LoginNoFailover(ServerInfo serverInfo, String newPassword, Boolean redirectedUserInstance, SqlConnection owningObject, SqlConnectionString connectionOptions, TimeoutTimer timeout)
   at System.Data.SqlClient.SqlInternalConnectionTds.OpenLoginEnlist(SqlConnection owningObject, TimeoutTimer timeout, SqlConnectionString connectionOptions, String newPassword, Boolean redirectedUserInstance)
   at System.Data.SqlClient.SqlInternalConnectionTds..ctor(DbConnectionPoolIdentity identity, SqlConnectionString connectionOptions, Object providerInfo, String newPassword, SqlConnection owningObject, Boolean redirectedUserInstance)
   at System.Data.SqlClient.SqlConnectionFactory.CreateConnection(DbConnectionOptions options, Object poolGroupProviderInfo, DbConnectionPool pool, DbConnection owningConnection)
   at System.Data.ProviderBase.DbConnectionFactory.CreatePooledConnection(DbConnection owningConnection, DbConnectionPool pool, DbConnectionOptions options)
   at System.Data.ProviderBase.DbConnectionPool.CreateObject(DbConnection owningObject)
   at System.Data.ProviderBase.DbConnectionPool.UserCreateRequest(DbConnection owningObject)
   at System.Data.ProviderBase.DbConnectionPool.GetConnection(DbConnection owningObject)
   at System.Data.ProviderBase.DbConnectionFactory.GetConnection(DbConnection owningConnection)
   at System.Data.ProviderBase.DbConnectionClosed.OpenConnection(DbConnection outerConnection, DbConnectionFactory connectionFactory)
   at System.Data.SqlClient.SqlConnection.Open()
   at NHibernate.Connection.DriverConnectionProvider.GetConnection()
   at NHibernate.Tool.hbm2ddl.SchemaExport.Execute(Action`1 scriptAction, Boolean export, Boolean justDrop)
 --- End of inner exception stack trace ---
    at NHibernate.Tool.hbm2ddl.SchemaExport.Execute(Action`1 scriptAction, Boolean export, Boolean justDrop)
   at NHibernate.Tool.hbm2ddl.SchemaExport.Execute(Boolean script, Boolean export, Boolean justDrop)
   at NHibernate.Tool.hbm2ddl.SchemaExport.Create(Boolean script, Boolean export)
   at eSpares.Data.NHibernate.Tests.NHTestSetup.&lt;SetUpFactory&gt;b__0(Configuration config) in c:\TeamCity.BuildAgent\work\1140675e932e9582\Framework\ORM\NHibernate\eSpares.Data.NHibernate.Tests\NHTestSetup.cs:line 52
   at FluentNHibernate.Cfg.FluentConfiguration.BuildConfiguration() in d:\Builds\FluentNH\src\FluentNHibernate\Cfg\FluentConfiguration.cs:line 112
 --- End of inner exception stack trace ---
    at FluentNHibernate.Cfg.FluentConfiguration.BuildConfiguration() in d:\Builds\FluentNH\src\FluentNHibernate\Cfg\FluentConfiguration.cs:line 119
   at FluentNHibernate.Cfg.FluentConfiguration.BuildSessionFactory() in d:\Builds\FluentNH\src\FluentNHibernate\Cfg\FluentConfiguration.cs:line 93
 --- End of inner exception stack trace ---
    at FluentNHibernate.Cfg.FluentConfiguration.BuildSessionFactory() in d:\Builds\FluentNH\src\FluentNHibernate\Cfg\FluentConfiguration.cs:line 98
   at eSpares.Data.NHibernate.Tests.NHTestSetup.SetUpFactory(TestContext context) in c:\TeamCity.BuildAgent\work\1140675e932e9582\Framework\ORM\NHibernate\eSpares.Data.NHibernate.Tests\NHTestSetup.cs:line 41
</StackTrace>
        </ErrorInfo>
      </Output>
    </UnitTestResult>
    <UnitTestResult executionId="097f4787-97e5-4fbc-b3d7-f0b19e145717" testId="1d0f9174-5921-d423-e10f-a02a8f942a4d" testName="Query_Using_QueryMethod_Returns_Matched_Records_Only" computerName="ESPARES210" startTime="2010-02-12T14:44:45.9653818+00:00" endTime="2010-02-12T14:44:45.9703823+00:00" testType="13cdc9d9-ddb5-4fa4-a97d-d965ccfc6d4b" outcome="Failed" testListId="8c84fa94-04c1-424b-9868-57a2d4851a1d" relativeResultsDirectory="097f4787-97e5-4fbc-b3d7-f0b19e145717">
      <Output>
        <ErrorInfo>
          <Message>Assembly Initialization method eSpares.Data.NHibernate.Tests.NHTestSetup.SetUpFactory threw exception. FluentNHibernate.Cfg.FluentConfigurationException: FluentNHibernate.Cfg.FluentConfigurationException: An invalid or incomplete configuration was used while creating a SessionFactory. Check PotentialReasons collection, and InnerException for more detail.

 ---&gt; FluentNHibernate.Cfg.FluentConfigurationException: An invalid or incomplete configuration was used while creating a SessionFactory. Check PotentialReasons collection, and InnerException for more detail.

 ---&gt; NHibernate.HibernateException: Login failed for user 'ESPARES\teamcity.buildagent'. ---&gt; System.Data.SqlClient.SqlException: Login failed for user 'ESPARES\teamcity.buildagent'.. Aborting test execution.</Message>
          <StackTrace>    at System.Data.SqlClient.SqlInternalConnection.OnError(SqlException exception, Boolean breakConnection)
   at System.Data.SqlClient.TdsParser.ThrowExceptionAndWarning()
   at System.Data.SqlClient.TdsParser.Run(RunBehavior runBehavior, SqlCommand cmdHandler, SqlDataReader dataStream, BulkCopySimpleResultSet bulkCopyHandler, TdsParserStateObject stateObj)
   at System.Data.SqlClient.SqlInternalConnectionTds.CompleteLogin(Boolean enlistOK)
   at System.Data.SqlClient.SqlInternalConnectionTds.AttemptOneLogin(ServerInfo serverInfo, String newPassword, Boolean ignoreSniOpenTimeout, TimeoutTimer timeout, SqlConnection owningObject)
   at System.Data.SqlClient.SqlInternalConnectionTds.LoginNoFailover(ServerInfo serverInfo, String newPassword, Boolean redirectedUserInstance, SqlConnection owningObject, SqlConnectionString connectionOptions, TimeoutTimer timeout)
   at System.Data.SqlClient.SqlInternalConnectionTds.OpenLoginEnlist(SqlConnection owningObject, TimeoutTimer timeout, SqlConnectionString connectionOptions, String newPassword, Boolean redirectedUserInstance)
   at System.Data.SqlClient.SqlInternalConnectionTds..ctor(DbConnectionPoolIdentity identity, SqlConnectionString connectionOptions, Object providerInfo, String newPassword, SqlConnection owningObject, Boolean redirectedUserInstance)
   at System.Data.SqlClient.SqlConnectionFactory.CreateConnection(DbConnectionOptions options, Object poolGroupProviderInfo, DbConnectionPool pool, DbConnection owningConnection)
   at System.Data.ProviderBase.DbConnectionFactory.CreatePooledConnection(DbConnection owningConnection, DbConnectionPool pool, DbConnectionOptions options)
   at System.Data.ProviderBase.DbConnectionPool.CreateObject(DbConnection owningObject)
   at System.Data.ProviderBase.DbConnectionPool.UserCreateRequest(DbConnection owningObject)
   at System.Data.ProviderBase.DbConnectionPool.GetConnection(DbConnection owningObject)
   at System.Data.ProviderBase.DbConnectionFactory.GetConnection(DbConnection owningConnection)
   at System.Data.ProviderBase.DbConnectionClosed.OpenConnection(DbConnection outerConnection, DbConnectionFactory connectionFactory)
   at System.Data.SqlClient.SqlConnection.Open()
   at NHibernate.Connection.DriverConnectionProvider.GetConnection()
   at NHibernate.Tool.hbm2ddl.SchemaExport.Execute(Action`1 scriptAction, Boolean export, Boolean justDrop)
 --- End of inner exception stack trace ---
    at NHibernate.Tool.hbm2ddl.SchemaExport.Execute(Action`1 scriptAction, Boolean export, Boolean justDrop)
   at NHibernate.Tool.hbm2ddl.SchemaExport.Execute(Boolean script, Boolean export, Boolean justDrop)
   at NHibernate.Tool.hbm2ddl.SchemaExport.Create(Boolean script, Boolean export)
   at eSpares.Data.NHibernate.Tests.NHTestSetup.&lt;SetUpFactory&gt;b__0(Configuration config) in c:\TeamCity.BuildAgent\work\1140675e932e9582\Framework\ORM\NHibernate\eSpares.Data.NHibernate.Tests\NHTestSetup.cs:line 52
   at FluentNHibernate.Cfg.FluentConfiguration.BuildConfiguration() in d:\Builds\FluentNH\src\FluentNHibernate\Cfg\FluentConfiguration.cs:line 112
 --- End of inner exception stack trace ---
    at FluentNHibernate.Cfg.FluentConfiguration.BuildConfiguration() in d:\Builds\FluentNH\src\FluentNHibernate\Cfg\FluentConfiguration.cs:line 119
   at FluentNHibernate.Cfg.FluentConfiguration.BuildSessionFactory() in d:\Builds\FluentNH\src\FluentNHibernate\Cfg\FluentConfiguration.cs:line 93
 --- End of inner exception stack trace ---
    at FluentNHibernate.Cfg.FluentConfiguration.BuildSessionFactory() in d:\Builds\FluentNH\src\FluentNHibernate\Cfg\FluentConfiguration.cs:line 98
   at eSpares.Data.NHibernate.Tests.NHTestSetup.SetUpFactory(TestContext context) in c:\TeamCity.BuildAgent\work\1140675e932e9582\Framework\ORM\NHibernate\eSpares.Data.NHibernate.Tests\NHTestSetup.cs:line 41
</StackTrace>
        </ErrorInfo>
      </Output>
    </UnitTestResult>
    <UnitTestResult executionId="02df8afd-f1d9-4223-9509-3a70a4c9a4d6" testId="f3d3126a-fd84-a77c-ad86-f2f21dc4cb3a" testName="Query_With_Incompatible_UnitOfWork_Throws_InvalidOperationException" computerName="ESPARES210" startTime="2010-02-12T14:44:45.9703823+00:00" endTime="2010-02-12T14:44:45.9743827+00:00" testType="13cdc9d9-ddb5-4fa4-a97d-d965ccfc6d4b" outcome="Failed" testListId="8c84fa94-04c1-424b-9868-57a2d4851a1d" relativeResultsDirectory="02df8afd-f1d9-4223-9509-3a70a4c9a4d6">
      <Output>
        <ErrorInfo>
          <Message>Assembly Initialization method eSpares.Data.NHibernate.Tests.NHTestSetup.SetUpFactory threw exception. FluentNHibernate.Cfg.FluentConfigurationException: FluentNHibernate.Cfg.FluentConfigurationException: An invalid or incomplete configuration was used while creating a SessionFactory. Check PotentialReasons collection, and InnerException for more detail.

 ---&gt; FluentNHibernate.Cfg.FluentConfigurationException: An invalid or incomplete configuration was used while creating a SessionFactory. Check PotentialReasons collection, and InnerException for more detail.

 ---&gt; NHibernate.HibernateException: Login failed for user 'ESPARES\teamcity.buildagent'. ---&gt; System.Data.SqlClient.SqlException: Login failed for user 'ESPARES\teamcity.buildagent'.. Aborting test execution.</Message>
          <StackTrace>    at System.Data.SqlClient.SqlInternalConnection.OnError(SqlException exception, Boolean breakConnection)
   at System.Data.SqlClient.TdsParser.ThrowExceptionAndWarning()
   at System.Data.SqlClient.TdsParser.Run(RunBehavior runBehavior, SqlCommand cmdHandler, SqlDataReader dataStream, BulkCopySimpleResultSet bulkCopyHandler, TdsParserStateObject stateObj)
   at System.Data.SqlClient.SqlInternalConnectionTds.CompleteLogin(Boolean enlistOK)
   at System.Data.SqlClient.SqlInternalConnectionTds.AttemptOneLogin(ServerInfo serverInfo, String newPassword, Boolean ignoreSniOpenTimeout, TimeoutTimer timeout, SqlConnection owningObject)
   at System.Data.SqlClient.SqlInternalConnectionTds.LoginNoFailover(ServerInfo serverInfo, String newPassword, Boolean redirectedUserInstance, SqlConnection owningObject, SqlConnectionString connectionOptions, TimeoutTimer timeout)
   at System.Data.SqlClient.SqlInternalConnectionTds.OpenLoginEnlist(SqlConnection owningObject, TimeoutTimer timeout, SqlConnectionString connectionOptions, String newPassword, Boolean redirectedUserInstance)
   at System.Data.SqlClient.SqlInternalConnectionTds..ctor(DbConnectionPoolIdentity identity, SqlConnectionString connectionOptions, Object providerInfo, String newPassword, SqlConnection owningObject, Boolean redirectedUserInstance)
   at System.Data.SqlClient.SqlConnectionFactory.CreateConnection(DbConnectionOptions options, Object poolGroupProviderInfo, DbConnectionPool pool, DbConnection owningConnection)
   at System.Data.ProviderBase.DbConnectionFactory.CreatePooledConnection(DbConnection owningConnection, DbConnectionPool pool, DbConnectionOptions options)
   at System.Data.ProviderBase.DbConnectionPool.CreateObject(DbConnection owningObject)
   at System.Data.ProviderBase.DbConnectionPool.UserCreateRequest(DbConnection owningObject)
   at System.Data.ProviderBase.DbConnectionPool.GetConnection(DbConnection owningObject)
   at System.Data.ProviderBase.DbConnectionFactory.GetConnection(DbConnection owningConnection)
   at System.Data.ProviderBase.DbConnectionClosed.OpenConnection(DbConnection outerConnection, DbConnectionFactory connectionFactory)
   at System.Data.SqlClient.SqlConnection.Open()
   at NHibernate.Connection.DriverConnectionProvider.GetConnection()
   at NHibernate.Tool.hbm2ddl.SchemaExport.Execute(Action`1 scriptAction, Boolean export, Boolean justDrop)
 --- End of inner exception stack trace ---
    at NHibernate.Tool.hbm2ddl.SchemaExport.Execute(Action`1 scriptAction, Boolean export, Boolean justDrop)
   at NHibernate.Tool.hbm2ddl.SchemaExport.Execute(Boolean script, Boolean export, Boolean justDrop)
   at NHibernate.Tool.hbm2ddl.SchemaExport.Create(Boolean script, Boolean export)
   at eSpares.Data.NHibernate.Tests.NHTestSetup.&lt;SetUpFactory&gt;b__0(Configuration config) in c:\TeamCity.BuildAgent\work\1140675e932e9582\Framework\ORM\NHibernate\eSpares.Data.NHibernate.Tests\NHTestSetup.cs:line 52
   at FluentNHibernate.Cfg.FluentConfiguration.BuildConfiguration() in d:\Builds\FluentNH\src\FluentNHibernate\Cfg\FluentConfiguration.cs:line 112
 --- End of inner exception stack trace ---
    at FluentNHibernate.Cfg.FluentConfiguration.BuildConfiguration() in d:\Builds\FluentNH\src\FluentNHibernate\Cfg\FluentConfiguration.cs:line 119
   at FluentNHibernate.Cfg.FluentConfiguration.BuildSessionFactory() in d:\Builds\FluentNH\src\FluentNHibernate\Cfg\FluentConfiguration.cs:line 93
 --- End of inner exception stack trace ---
    at FluentNHibernate.Cfg.FluentConfiguration.BuildSessionFactory() in d:\Builds\FluentNH\src\FluentNHibernate\Cfg\FluentConfiguration.cs:line 98
   at eSpares.Data.NHibernate.Tests.NHTestSetup.SetUpFactory(TestContext context) in c:\TeamCity.BuildAgent\work\1140675e932e9582\Framework\ORM\NHibernate\eSpares.Data.NHibernate.Tests\NHTestSetup.cs:line 41
</StackTrace>
        </ErrorInfo>
      </Output>
    </UnitTestResult>
    <UnitTestResult executionId="e184f50b-2051-416e-9222-5c3ea9495491" testId="6019ee39-b25c-dcbc-fc42-961ffc7347cd" testName="Query_With_No_UnitOfWork_Throws_InvalidOperationException" computerName="ESPARES210" startTime="2010-02-12T14:44:45.9753828+00:00" endTime="2010-02-12T14:44:45.9793832+00:00" testType="13cdc9d9-ddb5-4fa4-a97d-d965ccfc6d4b" outcome="Failed" testListId="8c84fa94-04c1-424b-9868-57a2d4851a1d" relativeResultsDirectory="e184f50b-2051-416e-9222-5c3ea9495491">
      <Output>
        <ErrorInfo>
          <Message>Assembly Initialization method eSpares.Data.NHibernate.Tests.NHTestSetup.SetUpFactory threw exception. FluentNHibernate.Cfg.FluentConfigurationException: FluentNHibernate.Cfg.FluentConfigurationException: An invalid or incomplete configuration was used while creating a SessionFactory. Check PotentialReasons collection, and InnerException for more detail.

 ---&gt; FluentNHibernate.Cfg.FluentConfigurationException: An invalid or incomplete configuration was used while creating a SessionFactory. Check PotentialReasons collection, and InnerException for more detail.

 ---&gt; NHibernate.HibernateException: Login failed for user 'ESPARES\teamcity.buildagent'. ---&gt; System.Data.SqlClient.SqlException: Login failed for user 'ESPARES\teamcity.buildagent'.. Aborting test execution.</Message>
          <StackTrace>    at System.Data.SqlClient.SqlInternalConnection.OnError(SqlException exception, Boolean breakConnection)
   at System.Data.SqlClient.TdsParser.ThrowExceptionAndWarning()
   at System.Data.SqlClient.TdsParser.Run(RunBehavior runBehavior, SqlCommand cmdHandler, SqlDataReader dataStream, BulkCopySimpleResultSet bulkCopyHandler, TdsParserStateObject stateObj)
   at System.Data.SqlClient.SqlInternalConnectionTds.CompleteLogin(Boolean enlistOK)
   at System.Data.SqlClient.SqlInternalConnectionTds.AttemptOneLogin(ServerInfo serverInfo, String newPassword, Boolean ignoreSniOpenTimeout, TimeoutTimer timeout, SqlConnection owningObject)
   at System.Data.SqlClient.SqlInternalConnectionTds.LoginNoFailover(ServerInfo serverInfo, String newPassword, Boolean redirectedUserInstance, SqlConnection owningObject, SqlConnectionString connectionOptions, TimeoutTimer timeout)
   at System.Data.SqlClient.SqlInternalConnectionTds.OpenLoginEnlist(SqlConnection owningObject, TimeoutTimer timeout, SqlConnectionString connectionOptions, String newPassword, Boolean redirectedUserInstance)
   at System.Data.SqlClient.SqlInternalConnectionTds..ctor(DbConnectionPoolIdentity identity, SqlConnectionString connectionOptions, Object providerInfo, String newPassword, SqlConnection owningObject, Boolean redirectedUserInstance)
   at System.Data.SqlClient.SqlConnectionFactory.CreateConnection(DbConnectionOptions options, Object poolGroupProviderInfo, DbConnectionPool pool, DbConnection owningConnection)
   at System.Data.ProviderBase.DbConnectionFactory.CreatePooledConnection(DbConnection owningConnection, DbConnectionPool pool, DbConnectionOptions options)
   at System.Data.ProviderBase.DbConnectionPool.CreateObject(DbConnection owningObject)
   at System.Data.ProviderBase.DbConnectionPool.UserCreateRequest(DbConnection owningObject)
   at System.Data.ProviderBase.DbConnectionPool.GetConnection(DbConnection owningObject)
   at System.Data.ProviderBase.DbConnectionFactory.GetConnection(DbConnection owningConnection)
   at System.Data.ProviderBase.DbConnectionClosed.OpenConnection(DbConnection outerConnection, DbConnectionFactory connectionFactory)
   at System.Data.SqlClient.SqlConnection.Open()
   at NHibernate.Connection.DriverConnectionProvider.GetConnection()
   at NHibernate.Tool.hbm2ddl.SchemaExport.Execute(Action`1 scriptAction, Boolean export, Boolean justDrop)
 --- End of inner exception stack trace ---
    at NHibernate.Tool.hbm2ddl.SchemaExport.Execute(Action`1 scriptAction, Boolean export, Boolean justDrop)
   at NHibernate.Tool.hbm2ddl.SchemaExport.Execute(Boolean script, Boolean export, Boolean justDrop)
   at NHibernate.Tool.hbm2ddl.SchemaExport.Create(Boolean script, Boolean export)
   at eSpares.Data.NHibernate.Tests.NHTestSetup.&lt;SetUpFactory&gt;b__0(Configuration config) in c:\TeamCity.BuildAgent\work\1140675e932e9582\Framework\ORM\NHibernate\eSpares.Data.NHibernate.Tests\NHTestSetup.cs:line 52
   at FluentNHibernate.Cfg.FluentConfiguration.BuildConfiguration() in d:\Builds\FluentNH\src\FluentNHibernate\Cfg\FluentConfiguration.cs:line 112
 --- End of inner exception stack trace ---
    at FluentNHibernate.Cfg.FluentConfiguration.BuildConfiguration() in d:\Builds\FluentNH\src\FluentNHibernate\Cfg\FluentConfiguration.cs:line 119
   at FluentNHibernate.Cfg.FluentConfiguration.BuildSessionFactory() in d:\Builds\FluentNH\src\FluentNHibernate\Cfg\FluentConfiguration.cs:line 93
 --- End of inner exception stack trace ---
    at FluentNHibernate.Cfg.FluentConfiguration.BuildSessionFactory() in d:\Builds\FluentNH\src\FluentNHibernate\Cfg\FluentConfiguration.cs:line 98
   at eSpares.Data.NHibernate.Tests.NHTestSetup.SetUpFactory(TestContext context) in c:\TeamCity.BuildAgent\work\1140675e932e9582\Framework\ORM\NHibernate\eSpares.Data.NHibernate.Tests\NHTestSetup.cs:line 41
</StackTrace>
        </ErrorInfo>
      </Output>
    </UnitTestResult>
    <UnitTestResult executionId="9f8b00f2-8ee0-40dd-91ce-c6b3914d6fce" testId="c328a348-3414-aee7-616e-f4958a9376b7" testName="Save_Does_Not_Save_New_Customer_When_UnitOfWork_Is_Aborted" computerName="ESPARES210" startTime="2010-02-12T14:44:45.9793832+00:00" endTime="2010-02-12T14:44:45.9833836+00:00" testType="13cdc9d9-ddb5-4fa4-a97d-d965ccfc6d4b" outcome="Failed" testListId="8c84fa94-04c1-424b-9868-57a2d4851a1d" relativeResultsDirectory="9f8b00f2-8ee0-40dd-91ce-c6b3914d6fce">
      <Output>
        <ErrorInfo>
          <Message>Assembly Initialization method eSpares.Data.NHibernate.Tests.NHTestSetup.SetUpFactory threw exception. FluentNHibernate.Cfg.FluentConfigurationException: FluentNHibernate.Cfg.FluentConfigurationException: An invalid or incomplete configuration was used while creating a SessionFactory. Check PotentialReasons collection, and InnerException for more detail.

 ---&gt; FluentNHibernate.Cfg.FluentConfigurationException: An invalid or incomplete configuration was used while creating a SessionFactory. Check PotentialReasons collection, and InnerException for more detail.

 ---&gt; NHibernate.HibernateException: Login failed for user 'ESPARES\teamcity.buildagent'. ---&gt; System.Data.SqlClient.SqlException: Login failed for user 'ESPARES\teamcity.buildagent'.. Aborting test execution.</Message>
          <StackTrace>    at System.Data.SqlClient.SqlInternalConnection.OnError(SqlException exception, Boolean breakConnection)
   at System.Data.SqlClient.TdsParser.ThrowExceptionAndWarning()
   at System.Data.SqlClient.TdsParser.Run(RunBehavior runBehavior, SqlCommand cmdHandler, SqlDataReader dataStream, BulkCopySimpleResultSet bulkCopyHandler, TdsParserStateObject stateObj)
   at System.Data.SqlClient.SqlInternalConnectionTds.CompleteLogin(Boolean enlistOK)
   at System.Data.SqlClient.SqlInternalConnectionTds.AttemptOneLogin(ServerInfo serverInfo, String newPassword, Boolean ignoreSniOpenTimeout, TimeoutTimer timeout, SqlConnection owningObject)
   at System.Data.SqlClient.SqlInternalConnectionTds.LoginNoFailover(ServerInfo serverInfo, String newPassword, Boolean redirectedUserInstance, SqlConnection owningObject, SqlConnectionString connectionOptions, TimeoutTimer timeout)
   at System.Data.SqlClient.SqlInternalConnectionTds.OpenLoginEnlist(SqlConnection owningObject, TimeoutTimer timeout, SqlConnectionString connectionOptions, String newPassword, Boolean redirectedUserInstance)
   at System.Data.SqlClient.SqlInternalConnectionTds..ctor(DbConnectionPoolIdentity identity, SqlConnectionString connectionOptions, Object providerInfo, String newPassword, SqlConnection owningObject, Boolean redirectedUserInstance)
   at System.Data.SqlClient.SqlConnectionFactory.CreateConnection(DbConnectionOptions options, Object poolGroupProviderInfo, DbConnectionPool pool, DbConnection owningConnection)
   at System.Data.ProviderBase.DbConnectionFactory.CreatePooledConnection(DbConnection owningConnection, DbConnectionPool pool, DbConnectionOptions options)
   at System.Data.ProviderBase.DbConnectionPool.CreateObject(DbConnection owningObject)
   at System.Data.ProviderBase.DbConnectionPool.UserCreateRequest(DbConnection owningObject)
   at System.Data.ProviderBase.DbConnectionPool.GetConnection(DbConnection owningObject)
   at System.Data.ProviderBase.DbConnectionFactory.GetConnection(DbConnection owningConnection)
   at System.Data.ProviderBase.DbConnectionClosed.OpenConnection(DbConnection outerConnection, DbConnectionFactory connectionFactory)
   at System.Data.SqlClient.SqlConnection.Open()
   at NHibernate.Connection.DriverConnectionProvider.GetConnection()
   at NHibernate.Tool.hbm2ddl.SchemaExport.Execute(Action`1 scriptAction, Boolean export, Boolean justDrop)
 --- End of inner exception stack trace ---
    at NHibernate.Tool.hbm2ddl.SchemaExport.Execute(Action`1 scriptAction, Boolean export, Boolean justDrop)
   at NHibernate.Tool.hbm2ddl.SchemaExport.Execute(Boolean script, Boolean export, Boolean justDrop)
   at NHibernate.Tool.hbm2ddl.SchemaExport.Create(Boolean script, Boolean export)
   at eSpares.Data.NHibernate.Tests.NHTestSetup.&lt;SetUpFactory&gt;b__0(Configuration config) in c:\TeamCity.BuildAgent\work\1140675e932e9582\Framework\ORM\NHibernate\eSpares.Data.NHibernate.Tests\NHTestSetup.cs:line 52
   at FluentNHibernate.Cfg.FluentConfiguration.BuildConfiguration() in d:\Builds\FluentNH\src\FluentNHibernate\Cfg\FluentConfiguration.cs:line 112
 --- End of inner exception stack trace ---
    at FluentNHibernate.Cfg.FluentConfiguration.BuildConfiguration() in d:\Builds\FluentNH\src\FluentNHibernate\Cfg\FluentConfiguration.cs:line 119
   at FluentNHibernate.Cfg.FluentConfiguration.BuildSessionFactory() in d:\Builds\FluentNH\src\FluentNHibernate\Cfg\FluentConfiguration.cs:line 93
 --- End of inner exception stack trace ---
    at FluentNHibernate.Cfg.FluentConfiguration.BuildSessionFactory() in d:\Builds\FluentNH\src\FluentNHibernate\Cfg\FluentConfiguration.cs:line 98
   at eSpares.Data.NHibernate.Tests.NHTestSetup.SetUpFactory(TestContext context) in c:\TeamCity.BuildAgent\work\1140675e932e9582\Framework\ORM\NHibernate\eSpares.Data.NHibernate.Tests\NHTestSetup.cs:line 41
</StackTrace>
        </ErrorInfo>
      </Output>
    </UnitTestResult>
    <UnitTestResult executionId="de9d7e8f-f6fa-44de-a46c-3c4590ecf676" testId="a1c2838d-43e4-4550-f444-9c0b4fce8f10" testName="Save_New_Customer_Saves_Customer_When_UnitOfWork_Is_Committed" computerName="ESPARES210" startTime="2010-02-12T14:44:45.9843837+00:00" endTime="2010-02-12T14:44:45.9883841+00:00" testType="13cdc9d9-ddb5-4fa4-a97d-d965ccfc6d4b" outcome="Failed" testListId="8c84fa94-04c1-424b-9868-57a2d4851a1d" relativeResultsDirectory="de9d7e8f-f6fa-44de-a46c-3c4590ecf676">
      <Output>
        <ErrorInfo>
          <Message>Assembly Initialization method eSpares.Data.NHibernate.Tests.NHTestSetup.SetUpFactory threw exception. FluentNHibernate.Cfg.FluentConfigurationException: FluentNHibernate.Cfg.FluentConfigurationException: An invalid or incomplete configuration was used while creating a SessionFactory. Check PotentialReasons collection, and InnerException for more detail.

 ---&gt; FluentNHibernate.Cfg.FluentConfigurationException: An invalid or incomplete configuration was used while creating a SessionFactory. Check PotentialReasons collection, and InnerException for more detail.

 ---&gt; NHibernate.HibernateException: Login failed for user 'ESPARES\teamcity.buildagent'. ---&gt; System.Data.SqlClient.SqlException: Login failed for user 'ESPARES\teamcity.buildagent'.. Aborting test execution.</Message>
          <StackTrace>    at System.Data.SqlClient.SqlInternalConnection.OnError(SqlException exception, Boolean breakConnection)
   at System.Data.SqlClient.TdsParser.ThrowExceptionAndWarning()
   at System.Data.SqlClient.TdsParser.Run(RunBehavior runBehavior, SqlCommand cmdHandler, SqlDataReader dataStream, BulkCopySimpleResultSet bulkCopyHandler, TdsParserStateObject stateObj)
   at System.Data.SqlClient.SqlInternalConnectionTds.CompleteLogin(Boolean enlistOK)
   at System.Data.SqlClient.SqlInternalConnectionTds.AttemptOneLogin(ServerInfo serverInfo, String newPassword, Boolean ignoreSniOpenTimeout, TimeoutTimer timeout, SqlConnection owningObject)
   at System.Data.SqlClient.SqlInternalConnectionTds.LoginNoFailover(ServerInfo serverInfo, String newPassword, Boolean redirectedUserInstance, SqlConnection owningObject, SqlConnectionString connectionOptions, TimeoutTimer timeout)
   at System.Data.SqlClient.SqlInternalConnectionTds.OpenLoginEnlist(SqlConnection owningObject, TimeoutTimer timeout, SqlConnectionString connectionOptions, String newPassword, Boolean redirectedUserInstance)
   at System.Data.SqlClient.SqlInternalConnectionTds..ctor(DbConnectionPoolIdentity identity, SqlConnectionString connectionOptions, Object providerInfo, String newPassword, SqlConnection owningObject, Boolean redirectedUserInstance)
   at System.Data.SqlClient.SqlConnectionFactory.CreateConnection(DbConnectionOptions options, Object poolGroupProviderInfo, DbConnectionPool pool, DbConnection owningConnection)
   at System.Data.ProviderBase.DbConnectionFactory.CreatePooledConnection(DbConnection owningConnection, DbConnectionPool pool, DbConnectionOptions options)
   at System.Data.ProviderBase.DbConnectionPool.CreateObject(DbConnection owningObject)
   at System.Data.ProviderBase.DbConnectionPool.UserCreateRequest(DbConnection owningObject)
   at System.Data.ProviderBase.DbConnectionPool.GetConnection(DbConnection owningObject)
   at System.Data.ProviderBase.DbConnectionFactory.GetConnection(DbConnection owningConnection)
   at System.Data.ProviderBase.DbConnectionClosed.OpenConnection(DbConnection outerConnection, DbConnectionFactory connectionFactory)
   at System.Data.SqlClient.SqlConnection.Open()
   at NHibernate.Connection.DriverConnectionProvider.GetConnection()
   at NHibernate.Tool.hbm2ddl.SchemaExport.Execute(Action`1 scriptAction, Boolean export, Boolean justDrop)
 --- End of inner exception stack trace ---
    at NHibernate.Tool.hbm2ddl.SchemaExport.Execute(Action`1 scriptAction, Boolean export, Boolean justDrop)
   at NHibernate.Tool.hbm2ddl.SchemaExport.Execute(Boolean script, Boolean export, Boolean justDrop)
   at NHibernate.Tool.hbm2ddl.SchemaExport.Create(Boolean script, Boolean export)
   at eSpares.Data.NHibernate.Tests.NHTestSetup.&lt;SetUpFactory&gt;b__0(Configuration config) in c:\TeamCity.BuildAgent\work\1140675e932e9582\Framework\ORM\NHibernate\eSpares.Data.NHibernate.Tests\NHTestSetup.cs:line 52
   at FluentNHibernate.Cfg.FluentConfiguration.BuildConfiguration() in d:\Builds\FluentNH\src\FluentNHibernate\Cfg\FluentConfiguration.cs:line 112
 --- End of inner exception stack trace ---
    at FluentNHibernate.Cfg.FluentConfiguration.BuildConfiguration() in d:\Builds\FluentNH\src\FluentNHibernate\Cfg\FluentConfiguration.cs:line 119
   at FluentNHibernate.Cfg.FluentConfiguration.BuildSessionFactory() in d:\Builds\FluentNH\src\FluentNHibernate\Cfg\FluentConfiguration.cs:line 93
 --- End of inner exception stack trace ---
    at FluentNHibernate.Cfg.FluentConfiguration.BuildSessionFactory() in d:\Builds\FluentNH\src\FluentNHibernate\Cfg\FluentConfiguration.cs:line 98
   at eSpares.Data.NHibernate.Tests.NHTestSetup.SetUpFactory(TestContext context) in c:\TeamCity.BuildAgent\work\1140675e932e9582\Framework\ORM\NHibernate\eSpares.Data.NHibernate.Tests\NHTestSetup.cs:line 41
</StackTrace>
        </ErrorInfo>
      </Output>
    </UnitTestResult>
    <UnitTestResult executionId="07a3b30a-865e-46bb-a1fc-b5e0e1e6f7ef" testId="297749c7-b764-b24a-b463-b6f2bf607a3b" testName="Save_Updates_Existing_Order_Record" computerName="ESPARES210" startTime="2010-02-12T14:44:45.9893842+00:00" endTime="2010-02-12T14:44:45.9933846+00:00" testType="13cdc9d9-ddb5-4fa4-a97d-d965ccfc6d4b" outcome="Failed" testListId="8c84fa94-04c1-424b-9868-57a2d4851a1d" relativeResultsDirectory="07a3b30a-865e-46bb-a1fc-b5e0e1e6f7ef">
      <Output>
        <ErrorInfo>
          <Message>Assembly Initialization method eSpares.Data.NHibernate.Tests.NHTestSetup.SetUpFactory threw exception. FluentNHibernate.Cfg.FluentConfigurationException: FluentNHibernate.Cfg.FluentConfigurationException: An invalid or incomplete configuration was used while creating a SessionFactory. Check PotentialReasons collection, and InnerException for more detail.

 ---&gt; FluentNHibernate.Cfg.FluentConfigurationException: An invalid or incomplete configuration was used while creating a SessionFactory. Check PotentialReasons collection, and InnerException for more detail.

 ---&gt; NHibernate.HibernateException: Login failed for user 'ESPARES\teamcity.buildagent'. ---&gt; System.Data.SqlClient.SqlException: Login failed for user 'ESPARES\teamcity.buildagent'.. Aborting test execution.</Message>
          <StackTrace>    at System.Data.SqlClient.SqlInternalConnection.OnError(SqlException exception, Boolean breakConnection)
   at System.Data.SqlClient.TdsParser.ThrowExceptionAndWarning()
   at System.Data.SqlClient.TdsParser.Run(RunBehavior runBehavior, SqlCommand cmdHandler, SqlDataReader dataStream, BulkCopySimpleResultSet bulkCopyHandler, TdsParserStateObject stateObj)
   at System.Data.SqlClient.SqlInternalConnectionTds.CompleteLogin(Boolean enlistOK)
   at System.Data.SqlClient.SqlInternalConnectionTds.AttemptOneLogin(ServerInfo serverInfo, String newPassword, Boolean ignoreSniOpenTimeout, TimeoutTimer timeout, SqlConnection owningObject)
   at System.Data.SqlClient.SqlInternalConnectionTds.LoginNoFailover(ServerInfo serverInfo, String newPassword, Boolean redirectedUserInstance, SqlConnection owningObject, SqlConnectionString connectionOptions, TimeoutTimer timeout)
   at System.Data.SqlClient.SqlInternalConnectionTds.OpenLoginEnlist(SqlConnection owningObject, TimeoutTimer timeout, SqlConnectionString connectionOptions, String newPassword, Boolean redirectedUserInstance)
   at System.Data.SqlClient.SqlInternalConnectionTds..ctor(DbConnectionPoolIdentity identity, SqlConnectionString connectionOptions, Object providerInfo, String newPassword, SqlConnection owningObject, Boolean redirectedUserInstance)
   at System.Data.SqlClient.SqlConnectionFactory.CreateConnection(DbConnectionOptions options, Object poolGroupProviderInfo, DbConnectionPool pool, DbConnection owningConnection)
   at System.Data.ProviderBase.DbConnectionFactory.CreatePooledConnection(DbConnection owningConnection, DbConnectionPool pool, DbConnectionOptions options)
   at System.Data.ProviderBase.DbConnectionPool.CreateObject(DbConnection owningObject)
   at System.Data.ProviderBase.DbConnectionPool.UserCreateRequest(DbConnection owningObject)
   at System.Data.ProviderBase.DbConnectionPool.GetConnection(DbConnection owningObject)
   at System.Data.ProviderBase.DbConnectionFactory.GetConnection(DbConnection owningConnection)
   at System.Data.ProviderBase.DbConnectionClosed.OpenConnection(DbConnection outerConnection, DbConnectionFactory connectionFactory)
   at System.Data.SqlClient.SqlConnection.Open()
   at NHibernate.Connection.DriverConnectionProvider.GetConnection()
   at NHibernate.Tool.hbm2ddl.SchemaExport.Execute(Action`1 scriptAction, Boolean export, Boolean justDrop)
 --- End of inner exception stack trace ---
    at NHibernate.Tool.hbm2ddl.SchemaExport.Execute(Action`1 scriptAction, Boolean export, Boolean justDrop)
   at NHibernate.Tool.hbm2ddl.SchemaExport.Execute(Boolean script, Boolean export, Boolean justDrop)
   at NHibernate.Tool.hbm2ddl.SchemaExport.Create(Boolean script, Boolean export)
   at eSpares.Data.NHibernate.Tests.NHTestSetup.&lt;SetUpFactory&gt;b__0(Configuration config) in c:\TeamCity.BuildAgent\work\1140675e932e9582\Framework\ORM\NHibernate\eSpares.Data.NHibernate.Tests\NHTestSetup.cs:line 52
   at FluentNHibernate.Cfg.FluentConfiguration.BuildConfiguration() in d:\Builds\FluentNH\src\FluentNHibernate\Cfg\FluentConfiguration.cs:line 112
 --- End of inner exception stack trace ---
    at FluentNHibernate.Cfg.FluentConfiguration.BuildConfiguration() in d:\Builds\FluentNH\src\FluentNHibernate\Cfg\FluentConfiguration.cs:line 119
   at FluentNHibernate.Cfg.FluentConfiguration.BuildSessionFactory() in d:\Builds\FluentNH\src\FluentNHibernate\Cfg\FluentConfiguration.cs:line 93
 --- End of inner exception stack trace ---
    at FluentNHibernate.Cfg.FluentConfiguration.BuildSessionFactory() in d:\Builds\FluentNH\src\FluentNHibernate\Cfg\FluentConfiguration.cs:line 98
   at eSpares.Data.NHibernate.Tests.NHTestSetup.SetUpFactory(TestContext context) in c:\TeamCity.BuildAgent\work\1140675e932e9582\Framework\ORM\NHibernate\eSpares.Data.NHibernate.Tests\NHTestSetup.cs:line 41
</StackTrace>
        </ErrorInfo>
      </Output>
    </UnitTestResult>
    <UnitTestResult executionId="c32f0f99-d687-4ed0-84bd-10edd25c0f59" testId="61637284-c973-cb4a-98fc-2211d82e2f19" testName="UnitOfWork_Rolledback_When_Containing_TransactionScope_Is_Rolledback" computerName="ESPARES210" startTime="2010-02-12T14:44:45.9933846+00:00" endTime="2010-02-12T14:44:45.9983851+00:00" testType="13cdc9d9-ddb5-4fa4-a97d-d965ccfc6d4b" outcome="Failed" testListId="8c84fa94-04c1-424b-9868-57a2d4851a1d" relativeResultsDirectory="c32f0f99-d687-4ed0-84bd-10edd25c0f59">
      <Output>
        <ErrorInfo>
          <Message>Assembly Initialization method eSpares.Data.NHibernate.Tests.NHTestSetup.SetUpFactory threw exception. FluentNHibernate.Cfg.FluentConfigurationException: FluentNHibernate.Cfg.FluentConfigurationException: An invalid or incomplete configuration was used while creating a SessionFactory. Check PotentialReasons collection, and InnerException for more detail.

 ---&gt; FluentNHibernate.Cfg.FluentConfigurationException: An invalid or incomplete configuration was used while creating a SessionFactory. Check PotentialReasons collection, and InnerException for more detail.

 ---&gt; NHibernate.HibernateException: Login failed for user 'ESPARES\teamcity.buildagent'. ---&gt; System.Data.SqlClient.SqlException: Login failed for user 'ESPARES\teamcity.buildagent'.. Aborting test execution.</Message>
          <StackTrace>    at System.Data.SqlClient.SqlInternalConnection.OnError(SqlException exception, Boolean breakConnection)
   at System.Data.SqlClient.TdsParser.ThrowExceptionAndWarning()
   at System.Data.SqlClient.TdsParser.Run(RunBehavior runBehavior, SqlCommand cmdHandler, SqlDataReader dataStream, BulkCopySimpleResultSet bulkCopyHandler, TdsParserStateObject stateObj)
   at System.Data.SqlClient.SqlInternalConnectionTds.CompleteLogin(Boolean enlistOK)
   at System.Data.SqlClient.SqlInternalConnectionTds.AttemptOneLogin(ServerInfo serverInfo, String newPassword, Boolean ignoreSniOpenTimeout, TimeoutTimer timeout, SqlConnection owningObject)
   at System.Data.SqlClient.SqlInternalConnectionTds.LoginNoFailover(ServerInfo serverInfo, String newPassword, Boolean redirectedUserInstance, SqlConnection owningObject, SqlConnectionString connectionOptions, TimeoutTimer timeout)
   at System.Data.SqlClient.SqlInternalConnectionTds.OpenLoginEnlist(SqlConnection owningObject, TimeoutTimer timeout, SqlConnectionString connectionOptions, String newPassword, Boolean redirectedUserInstance)
   at System.Data.SqlClient.SqlInternalConnectionTds..ctor(DbConnectionPoolIdentity identity, SqlConnectionString connectionOptions, Object providerInfo, String newPassword, SqlConnection owningObject, Boolean redirectedUserInstance)
   at System.Data.SqlClient.SqlConnectionFactory.CreateConnection(DbConnectionOptions options, Object poolGroupProviderInfo, DbConnectionPool pool, DbConnection owningConnection)
   at System.Data.ProviderBase.DbConnectionFactory.CreatePooledConnection(DbConnection owningConnection, DbConnectionPool pool, DbConnectionOptions options)
   at System.Data.ProviderBase.DbConnectionPool.CreateObject(DbConnection owningObject)
   at System.Data.ProviderBase.DbConnectionPool.UserCreateRequest(DbConnection owningObject)
   at System.Data.ProviderBase.DbConnectionPool.GetConnection(DbConnection owningObject)
   at System.Data.ProviderBase.DbConnectionFactory.GetConnection(DbConnection owningConnection)
   at System.Data.ProviderBase.DbConnectionClosed.OpenConnection(DbConnection outerConnection, DbConnectionFactory connectionFactory)
   at System.Data.SqlClient.SqlConnection.Open()
   at NHibernate.Connection.DriverConnectionProvider.GetConnection()
   at NHibernate.Tool.hbm2ddl.SchemaExport.Execute(Action`1 scriptAction, Boolean export, Boolean justDrop)
 --- End of inner exception stack trace ---
    at NHibernate.Tool.hbm2ddl.SchemaExport.Execute(Action`1 scriptAction, Boolean export, Boolean justDrop)
   at NHibernate.Tool.hbm2ddl.SchemaExport.Execute(Boolean script, Boolean export, Boolean justDrop)
   at NHibernate.Tool.hbm2ddl.SchemaExport.Create(Boolean script, Boolean export)
   at eSpares.Data.NHibernate.Tests.NHTestSetup.&lt;SetUpFactory&gt;b__0(Configuration config) in c:\TeamCity.BuildAgent\work\1140675e932e9582\Framework\ORM\NHibernate\eSpares.Data.NHibernate.Tests\NHTestSetup.cs:line 52
   at FluentNHibernate.Cfg.FluentConfiguration.BuildConfiguration() in d:\Builds\FluentNH\src\FluentNHibernate\Cfg\FluentConfiguration.cs:line 112
 --- End of inner exception stack trace ---
    at FluentNHibernate.Cfg.FluentConfiguration.BuildConfiguration() in d:\Builds\FluentNH\src\FluentNHibernate\Cfg\FluentConfiguration.cs:line 119
   at FluentNHibernate.Cfg.FluentConfiguration.BuildSessionFactory() in d:\Builds\FluentNH\src\FluentNHibernate\Cfg\FluentConfiguration.cs:line 93
 --- End of inner exception stack trace ---
    at FluentNHibernate.Cfg.FluentConfiguration.BuildSessionFactory() in d:\Builds\FluentNH\src\FluentNHibernate\Cfg\FluentConfiguration.cs:line 98
   at eSpares.Data.NHibernate.Tests.NHTestSetup.SetUpFactory(TestContext context) in c:\TeamCity.BuildAgent\work\1140675e932e9582\Framework\ORM\NHibernate\eSpares.Data.NHibernate.Tests\NHTestSetup.cs:line 41
</StackTrace>
        </ErrorInfo>
      </Output>
    </UnitTestResult>
    <UnitTestResult executionId="5dc80cee-aac1-4884-94b9-4688b8906dc9" testId="1cb86313-6a7d-265e-9c4b-dc34e1459b97" testName="When_Calling_CalculateTotal_On_Order_Returns_Valid_When_Under_UnitOfWork" computerName="ESPARES210" startTime="2010-02-12T14:44:45.9983851+00:00" endTime="2010-02-12T14:44:46.0023855+00:00" testType="13cdc9d9-ddb5-4fa4-a97d-d965ccfc6d4b" outcome="Failed" testListId="8c84fa94-04c1-424b-9868-57a2d4851a1d" relativeResultsDirectory="5dc80cee-aac1-4884-94b9-4688b8906dc9">
      <Output>
        <ErrorInfo>
          <Message>Assembly Initialization method eSpares.Data.NHibernate.Tests.NHTestSetup.SetUpFactory threw exception. FluentNHibernate.Cfg.FluentConfigurationException: FluentNHibernate.Cfg.FluentConfigurationException: An invalid or incomplete configuration was used while creating a SessionFactory. Check PotentialReasons collection, and InnerException for more detail.

 ---&gt; FluentNHibernate.Cfg.FluentConfigurationException: An invalid or incomplete configuration was used while creating a SessionFactory. Check PotentialReasons collection, and InnerException for more detail.

 ---&gt; NHibernate.HibernateException: Login failed for user 'ESPARES\teamcity.buildagent'. ---&gt; System.Data.SqlClient.SqlException: Login failed for user 'ESPARES\teamcity.buildagent'.. Aborting test execution.</Message>
          <StackTrace>    at System.Data.SqlClient.SqlInternalConnection.OnError(SqlException exception, Boolean breakConnection)
   at System.Data.SqlClient.TdsParser.ThrowExceptionAndWarning()
   at System.Data.SqlClient.TdsParser.Run(RunBehavior runBehavior, SqlCommand cmdHandler, SqlDataReader dataStream, BulkCopySimpleResultSet bulkCopyHandler, TdsParserStateObject stateObj)
   at System.Data.SqlClient.SqlInternalConnectionTds.CompleteLogin(Boolean enlistOK)
   at System.Data.SqlClient.SqlInternalConnectionTds.AttemptOneLogin(ServerInfo serverInfo, String newPassword, Boolean ignoreSniOpenTimeout, TimeoutTimer timeout, SqlConnection owningObject)
   at System.Data.SqlClient.SqlInternalConnectionTds.LoginNoFailover(ServerInfo serverInfo, String newPassword, Boolean redirectedUserInstance, SqlConnection owningObject, SqlConnectionString connectionOptions, TimeoutTimer timeout)
   at System.Data.SqlClient.SqlInternalConnectionTds.OpenLoginEnlist(SqlConnection owningObject, TimeoutTimer timeout, SqlConnectionString connectionOptions, String newPassword, Boolean redirectedUserInstance)
   at System.Data.SqlClient.SqlInternalConnectionTds..ctor(DbConnectionPoolIdentity identity, SqlConnectionString connectionOptions, Object providerInfo, String newPassword, SqlConnection owningObject, Boolean redirectedUserInstance)
   at System.Data.SqlClient.SqlConnectionFactory.CreateConnection(DbConnectionOptions options, Object poolGroupProviderInfo, DbConnectionPool pool, DbConnection owningConnection)
   at System.Data.ProviderBase.DbConnectionFactory.CreatePooledConnection(DbConnection owningConnection, DbConnectionPool pool, DbConnectionOptions options)
   at System.Data.ProviderBase.DbConnectionPool.CreateObject(DbConnection owningObject)
   at System.Data.ProviderBase.DbConnectionPool.UserCreateRequest(DbConnection owningObject)
   at System.Data.ProviderBase.DbConnectionPool.GetConnection(DbConnection owningObject)
   at System.Data.ProviderBase.DbConnectionFactory.GetConnection(DbConnection owningConnection)
   at System.Data.ProviderBase.DbConnectionClosed.OpenConnection(DbConnection outerConnection, DbConnectionFactory connectionFactory)
   at System.Data.SqlClient.SqlConnection.Open()
   at NHibernate.Connection.DriverConnectionProvider.GetConnection()
   at NHibernate.Tool.hbm2ddl.SchemaExport.Execute(Action`1 scriptAction, Boolean export, Boolean justDrop)
 --- End of inner exception stack trace ---
    at NHibernate.Tool.hbm2ddl.SchemaExport.Execute(Action`1 scriptAction, Boolean export, Boolean justDrop)
   at NHibernate.Tool.hbm2ddl.SchemaExport.Execute(Boolean script, Boolean export, Boolean justDrop)
   at NHibernate.Tool.hbm2ddl.SchemaExport.Create(Boolean script, Boolean export)
   at eSpares.Data.NHibernate.Tests.NHTestSetup.&lt;SetUpFactory&gt;b__0(Configuration config) in c:\TeamCity.BuildAgent\work\1140675e932e9582\Framework\ORM\NHibernate\eSpares.Data.NHibernate.Tests\NHTestSetup.cs:line 52
   at FluentNHibernate.Cfg.FluentConfiguration.BuildConfiguration() in d:\Builds\FluentNH\src\FluentNHibernate\Cfg\FluentConfiguration.cs:line 112
 --- End of inner exception stack trace ---
    at FluentNHibernate.Cfg.FluentConfiguration.BuildConfiguration() in d:\Builds\FluentNH\src\FluentNHibernate\Cfg\FluentConfiguration.cs:line 119
   at FluentNHibernate.Cfg.FluentConfiguration.BuildSessionFactory() in d:\Builds\FluentNH\src\FluentNHibernate\Cfg\FluentConfiguration.cs:line 93
 --- End of inner exception stack trace ---
    at FluentNHibernate.Cfg.FluentConfiguration.BuildSessionFactory() in d:\Builds\FluentNH\src\FluentNHibernate\Cfg\FluentConfiguration.cs:line 98
   at eSpares.Data.NHibernate.Tests.NHTestSetup.SetUpFactory(TestContext context) in c:\TeamCity.BuildAgent\work\1140675e932e9582\Framework\ORM\NHibernate\eSpares.Data.NHibernate.Tests\NHTestSetup.cs:line 41
</StackTrace>
        </ErrorInfo>
      </Output>
    </UnitTestResult>
    <UnitTestResult executionId="c6337107-bef2-48d6-a9c3-d152518c6634" testId="0e4c63c5-08d3-3ac4-29c5-dd5715c2cc98" testName="When_Calling_CalculateTotal_On_Order_Returns_Valid_With_No_UnitOfWork_Throws" computerName="ESPARES210" startTime="2010-02-12T14:44:46.0033856+00:00" endTime="2010-02-12T14:44:46.0073860+00:00" testType="13cdc9d9-ddb5-4fa4-a97d-d965ccfc6d4b" outcome="Failed" testListId="8c84fa94-04c1-424b-9868-57a2d4851a1d" relativeResultsDirectory="c6337107-bef2-48d6-a9c3-d152518c6634">
      <Output>
        <ErrorInfo>
          <Message>Assembly Initialization method eSpares.Data.NHibernate.Tests.NHTestSetup.SetUpFactory threw exception. FluentNHibernate.Cfg.FluentConfigurationException: FluentNHibernate.Cfg.FluentConfigurationException: An invalid or incomplete configuration was used while creating a SessionFactory. Check PotentialReasons collection, and InnerException for more detail.

 ---&gt; FluentNHibernate.Cfg.FluentConfigurationException: An invalid or incomplete configuration was used while creating a SessionFactory. Check PotentialReasons collection, and InnerException for more detail.

 ---&gt; NHibernate.HibernateException: Login failed for user 'ESPARES\teamcity.buildagent'. ---&gt; System.Data.SqlClient.SqlException: Login failed for user 'ESPARES\teamcity.buildagent'.. Aborting test execution.</Message>
          <StackTrace>    at System.Data.SqlClient.SqlInternalConnection.OnError(SqlException exception, Boolean breakConnection)
   at System.Data.SqlClient.TdsParser.ThrowExceptionAndWarning()
   at System.Data.SqlClient.TdsParser.Run(RunBehavior runBehavior, SqlCommand cmdHandler, SqlDataReader dataStream, BulkCopySimpleResultSet bulkCopyHandler, TdsParserStateObject stateObj)
   at System.Data.SqlClient.SqlInternalConnectionTds.CompleteLogin(Boolean enlistOK)
   at System.Data.SqlClient.SqlInternalConnectionTds.AttemptOneLogin(ServerInfo serverInfo, String newPassword, Boolean ignoreSniOpenTimeout, TimeoutTimer timeout, SqlConnection owningObject)
   at System.Data.SqlClient.SqlInternalConnectionTds.LoginNoFailover(ServerInfo serverInfo, String newPassword, Boolean redirectedUserInstance, SqlConnection owningObject, SqlConnectionString connectionOptions, TimeoutTimer timeout)
   at System.Data.SqlClient.SqlInternalConnectionTds.OpenLoginEnlist(SqlConnection owningObject, TimeoutTimer timeout, SqlConnectionString connectionOptions, String newPassword, Boolean redirectedUserInstance)
   at System.Data.SqlClient.SqlInternalConnectionTds..ctor(DbConnectionPoolIdentity identity, SqlConnectionString connectionOptions, Object providerInfo, String newPassword, SqlConnection owningObject, Boolean redirectedUserInstance)
   at System.Data.SqlClient.SqlConnectionFactory.CreateConnection(DbConnectionOptions options, Object poolGroupProviderInfo, DbConnectionPool pool, DbConnection owningConnection)
   at System.Data.ProviderBase.DbConnectionFactory.CreatePooledConnection(DbConnection owningConnection, DbConnectionPool pool, DbConnectionOptions options)
   at System.Data.ProviderBase.DbConnectionPool.CreateObject(DbConnection owningObject)
   at System.Data.ProviderBase.DbConnectionPool.UserCreateRequest(DbConnection owningObject)
   at System.Data.ProviderBase.DbConnectionPool.GetConnection(DbConnection owningObject)
   at System.Data.ProviderBase.DbConnectionFactory.GetConnection(DbConnection owningConnection)
   at System.Data.ProviderBase.DbConnectionClosed.OpenConnection(DbConnection outerConnection, DbConnectionFactory connectionFactory)
   at System.Data.SqlClient.SqlConnection.Open()
   at NHibernate.Connection.DriverConnectionProvider.GetConnection()
   at NHibernate.Tool.hbm2ddl.SchemaExport.Execute(Action`1 scriptAction, Boolean export, Boolean justDrop)
 --- End of inner exception stack trace ---
    at NHibernate.Tool.hbm2ddl.SchemaExport.Execute(Action`1 scriptAction, Boolean export, Boolean justDrop)
   at NHibernate.Tool.hbm2ddl.SchemaExport.Execute(Boolean script, Boolean export, Boolean justDrop)
   at NHibernate.Tool.hbm2ddl.SchemaExport.Create(Boolean script, Boolean export)
   at eSpares.Data.NHibernate.Tests.NHTestSetup.&lt;SetUpFactory&gt;b__0(Configuration config) in c:\TeamCity.BuildAgent\work\1140675e932e9582\Framework\ORM\NHibernate\eSpares.Data.NHibernate.Tests\NHTestSetup.cs:line 52
   at FluentNHibernate.Cfg.FluentConfiguration.BuildConfiguration() in d:\Builds\FluentNH\src\FluentNHibernate\Cfg\FluentConfiguration.cs:line 112
 --- End of inner exception stack trace ---
    at FluentNHibernate.Cfg.FluentConfiguration.BuildConfiguration() in d:\Builds\FluentNH\src\FluentNHibernate\Cfg\FluentConfiguration.cs:line 119
   at FluentNHibernate.Cfg.FluentConfiguration.BuildSessionFactory() in d:\Builds\FluentNH\src\FluentNHibernate\Cfg\FluentConfiguration.cs:line 93
 --- End of inner exception stack trace ---
    at FluentNHibernate.Cfg.FluentConfiguration.BuildSessionFactory() in d:\Builds\FluentNH\src\FluentNHibernate\Cfg\FluentConfiguration.cs:line 98
   at eSpares.Data.NHibernate.Tests.NHTestSetup.SetUpFactory(TestContext context) in c:\TeamCity.BuildAgent\work\1140675e932e9582\Framework\ORM\NHibernate\eSpares.Data.NHibernate.Tests\NHTestSetup.cs:line 41
</StackTrace>
        </ErrorInfo>
      </Output>
    </UnitTestResult>
    <UnitTestResult executionId="d00c780d-3481-4dbb-9502-5f375a7fb94b" testId="c340a96d-401b-f556-4c9e-610b35128b41" testName="changes_are_not_persisted_when_ambient_transaction_rolls_back" computerName="ESPARES210" startTime="2010-02-12T14:44:46.0083861+00:00" endTime="2010-02-12T14:44:46.0133866+00:00" testType="13cdc9d9-ddb5-4fa4-a97d-d965ccfc6d4b" outcome="Failed" testListId="8c84fa94-04c1-424b-9868-57a2d4851a1d" relativeResultsDirectory="d00c780d-3481-4dbb-9502-5f375a7fb94b">
      <Output>
        <ErrorInfo>
          <Message>Assembly Initialization method eSpares.Data.NHibernate.Tests.NHTestSetup.SetUpFactory threw exception. FluentNHibernate.Cfg.FluentConfigurationException: FluentNHibernate.Cfg.FluentConfigurationException: An invalid or incomplete configuration was used while creating a SessionFactory. Check PotentialReasons collection, and InnerException for more detail.

 ---&gt; FluentNHibernate.Cfg.FluentConfigurationException: An invalid or incomplete configuration was used while creating a SessionFactory. Check PotentialReasons collection, and InnerException for more detail.

 ---&gt; NHibernate.HibernateException: Login failed for user 'ESPARES\teamcity.buildagent'. ---&gt; System.Data.SqlClient.SqlException: Login failed for user 'ESPARES\teamcity.buildagent'.. Aborting test execution.</Message>
          <StackTrace>    at System.Data.SqlClient.SqlInternalConnection.OnError(SqlException exception, Boolean breakConnection)
   at System.Data.SqlClient.TdsParser.ThrowExceptionAndWarning()
   at System.Data.SqlClient.TdsParser.Run(RunBehavior runBehavior, SqlCommand cmdHandler, SqlDataReader dataStream, BulkCopySimpleResultSet bulkCopyHandler, TdsParserStateObject stateObj)
   at System.Data.SqlClient.SqlInternalConnectionTds.CompleteLogin(Boolean enlistOK)
   at System.Data.SqlClient.SqlInternalConnectionTds.AttemptOneLogin(ServerInfo serverInfo, String newPassword, Boolean ignoreSniOpenTimeout, TimeoutTimer timeout, SqlConnection owningObject)
   at System.Data.SqlClient.SqlInternalConnectionTds.LoginNoFailover(ServerInfo serverInfo, String newPassword, Boolean redirectedUserInstance, SqlConnection owningObject, SqlConnectionString connectionOptions, TimeoutTimer timeout)
   at System.Data.SqlClient.SqlInternalConnectionTds.OpenLoginEnlist(SqlConnection owningObject, TimeoutTimer timeout, SqlConnectionString connectionOptions, String newPassword, Boolean redirectedUserInstance)
   at System.Data.SqlClient.SqlInternalConnectionTds..ctor(DbConnectionPoolIdentity identity, SqlConnectionString connectionOptions, Object providerInfo, String newPassword, SqlConnection owningObject, Boolean redirectedUserInstance)
   at System.Data.SqlClient.SqlConnectionFactory.CreateConnection(DbConnectionOptions options, Object poolGroupProviderInfo, DbConnectionPool pool, DbConnection owningConnection)
   at System.Data.ProviderBase.DbConnectionFactory.CreatePooledConnection(DbConnection owningConnection, DbConnectionPool pool, DbConnectionOptions options)
   at System.Data.ProviderBase.DbConnectionPool.CreateObject(DbConnection owningObject)
   at System.Data.ProviderBase.DbConnectionPool.UserCreateRequest(DbConnection owningObject)
   at System.Data.ProviderBase.DbConnectionPool.GetConnection(DbConnection owningObject)
   at System.Data.ProviderBase.DbConnectionFactory.GetConnection(DbConnection owningConnection)
   at System.Data.ProviderBase.DbConnectionClosed.OpenConnection(DbConnection outerConnection, DbConnectionFactory connectionFactory)
   at System.Data.SqlClient.SqlConnection.Open()
   at NHibernate.Connection.DriverConnectionProvider.GetConnection()
   at NHibernate.Tool.hbm2ddl.SchemaExport.Execute(Action`1 scriptAction, Boolean export, Boolean justDrop)
 --- End of inner exception stack trace ---
    at NHibernate.Tool.hbm2ddl.SchemaExport.Execute(Action`1 scriptAction, Boolean export, Boolean justDrop)
   at NHibernate.Tool.hbm2ddl.SchemaExport.Execute(Boolean script, Boolean export, Boolean justDrop)
   at NHibernate.Tool.hbm2ddl.SchemaExport.Create(Boolean script, Boolean export)
   at eSpares.Data.NHibernate.Tests.NHTestSetup.&lt;SetUpFactory&gt;b__0(Configuration config) in c:\TeamCity.BuildAgent\work\1140675e932e9582\Framework\ORM\NHibernate\eSpares.Data.NHibernate.Tests\NHTestSetup.cs:line 52
   at FluentNHibernate.Cfg.FluentConfiguration.BuildConfiguration() in d:\Builds\FluentNH\src\FluentNHibernate\Cfg\FluentConfiguration.cs:line 112
 --- End of inner exception stack trace ---
    at FluentNHibernate.Cfg.FluentConfiguration.BuildConfiguration() in d:\Builds\FluentNH\src\FluentNHibernate\Cfg\FluentConfiguration.cs:line 119
   at FluentNHibernate.Cfg.FluentConfiguration.BuildSessionFactory() in d:\Builds\FluentNH\src\FluentNHibernate\Cfg\FluentConfiguration.cs:line 93
 --- End of inner exception stack trace ---
    at FluentNHibernate.Cfg.FluentConfiguration.BuildSessionFactory() in d:\Builds\FluentNH\src\FluentNHibernate\Cfg\FluentConfiguration.cs:line 98
   at eSpares.Data.NHibernate.Tests.NHTestSetup.SetUpFactory(TestContext context) in c:\TeamCity.BuildAgent\work\1140675e932e9582\Framework\ORM\NHibernate\eSpares.Data.NHibernate.Tests\NHTestSetup.cs:line 41
</StackTrace>
        </ErrorInfo>
      </Output>
    </UnitTestResult>
    <UnitTestResult executionId="c28bac65-ce2c-4925-b5ff-f2186bc2d950" testId="b19ee2f2-459a-0ca4-ed4d-4f9ed6d5710d" testName="changes_are_persisted_when_ambient_scope_is_committed" computerName="ESPARES210" startTime="2010-02-12T14:44:46.0133866+00:00" endTime="2010-02-12T14:44:46.0173870+00:00" testType="13cdc9d9-ddb5-4fa4-a97d-d965ccfc6d4b" outcome="Failed" testListId="8c84fa94-04c1-424b-9868-57a2d4851a1d" relativeResultsDirectory="c28bac65-ce2c-4925-b5ff-f2186bc2d950">
      <Output>
        <ErrorInfo>
          <Message>Assembly Initialization method eSpares.Data.NHibernate.Tests.NHTestSetup.SetUpFactory threw exception. FluentNHibernate.Cfg.FluentConfigurationException: FluentNHibernate.Cfg.FluentConfigurationException: An invalid or incomplete configuration was used while creating a SessionFactory. Check PotentialReasons collection, and InnerException for more detail.

 ---&gt; FluentNHibernate.Cfg.FluentConfigurationException: An invalid or incomplete configuration was used while creating a SessionFactory. Check PotentialReasons collection, and InnerException for more detail.

 ---&gt; NHibernate.HibernateException: Login failed for user 'ESPARES\teamcity.buildagent'. ---&gt; System.Data.SqlClient.SqlException: Login failed for user 'ESPARES\teamcity.buildagent'.. Aborting test execution.</Message>
          <StackTrace>    at System.Data.SqlClient.SqlInternalConnection.OnError(SqlException exception, Boolean breakConnection)
   at System.Data.SqlClient.TdsParser.ThrowExceptionAndWarning()
   at System.Data.SqlClient.TdsParser.Run(RunBehavior runBehavior, SqlCommand cmdHandler, SqlDataReader dataStream, BulkCopySimpleResultSet bulkCopyHandler, TdsParserStateObject stateObj)
   at System.Data.SqlClient.SqlInternalConnectionTds.CompleteLogin(Boolean enlistOK)
   at System.Data.SqlClient.SqlInternalConnectionTds.AttemptOneLogin(ServerInfo serverInfo, String newPassword, Boolean ignoreSniOpenTimeout, TimeoutTimer timeout, SqlConnection owningObject)
   at System.Data.SqlClient.SqlInternalConnectionTds.LoginNoFailover(ServerInfo serverInfo, String newPassword, Boolean redirectedUserInstance, SqlConnection owningObject, SqlConnectionString connectionOptions, TimeoutTimer timeout)
   at System.Data.SqlClient.SqlInternalConnectionTds.OpenLoginEnlist(SqlConnection owningObject, TimeoutTimer timeout, SqlConnectionString connectionOptions, String newPassword, Boolean redirectedUserInstance)
   at System.Data.SqlClient.SqlInternalConnectionTds..ctor(DbConnectionPoolIdentity identity, SqlConnectionString connectionOptions, Object providerInfo, String newPassword, SqlConnection owningObject, Boolean redirectedUserInstance)
   at System.Data.SqlClient.SqlConnectionFactory.CreateConnection(DbConnectionOptions options, Object poolGroupProviderInfo, DbConnectionPool pool, DbConnection owningConnection)
   at System.Data.ProviderBase.DbConnectionFactory.CreatePooledConnection(DbConnection owningConnection, DbConnectionPool pool, DbConnectionOptions options)
   at System.Data.ProviderBase.DbConnectionPool.CreateObject(DbConnection owningObject)
   at System.Data.ProviderBase.DbConnectionPool.UserCreateRequest(DbConnection owningObject)
   at System.Data.ProviderBase.DbConnectionPool.GetConnection(DbConnection owningObject)
   at System.Data.ProviderBase.DbConnectionFactory.GetConnection(DbConnection owningConnection)
   at System.Data.ProviderBase.DbConnectionClosed.OpenConnection(DbConnection outerConnection, DbConnectionFactory connectionFactory)
   at System.Data.SqlClient.SqlConnection.Open()
   at NHibernate.Connection.DriverConnectionProvider.GetConnection()
   at NHibernate.Tool.hbm2ddl.SchemaExport.Execute(Action`1 scriptAction, Boolean export, Boolean justDrop)
 --- End of inner exception stack trace ---
    at NHibernate.Tool.hbm2ddl.SchemaExport.Execute(Action`1 scriptAction, Boolean export, Boolean justDrop)
   at NHibernate.Tool.hbm2ddl.SchemaExport.Execute(Boolean script, Boolean export, Boolean justDrop)
   at NHibernate.Tool.hbm2ddl.SchemaExport.Create(Boolean script, Boolean export)
   at eSpares.Data.NHibernate.Tests.NHTestSetup.&lt;SetUpFactory&gt;b__0(Configuration config) in c:\TeamCity.BuildAgent\work\1140675e932e9582\Framework\ORM\NHibernate\eSpares.Data.NHibernate.Tests\NHTestSetup.cs:line 52
   at FluentNHibernate.Cfg.FluentConfiguration.BuildConfiguration() in d:\Builds\FluentNH\src\FluentNHibernate\Cfg\FluentConfiguration.cs:line 112
 --- End of inner exception stack trace ---
    at FluentNHibernate.Cfg.FluentConfiguration.BuildConfiguration() in d:\Builds\FluentNH\src\FluentNHibernate\Cfg\FluentConfiguration.cs:line 119
   at FluentNHibernate.Cfg.FluentConfiguration.BuildSessionFactory() in d:\Builds\FluentNH\src\FluentNHibernate\Cfg\FluentConfiguration.cs:line 93
 --- End of inner exception stack trace ---
    at FluentNHibernate.Cfg.FluentConfiguration.BuildSessionFactory() in d:\Builds\FluentNH\src\FluentNHibernate\Cfg\FluentConfiguration.cs:line 98
   at eSpares.Data.NHibernate.Tests.NHTestSetup.SetUpFactory(TestContext context) in c:\TeamCity.BuildAgent\work\1140675e932e9582\Framework\ORM\NHibernate\eSpares.Data.NHibernate.Tests\NHTestSetup.cs:line 41
</StackTrace>
        </ErrorInfo>
      </Output>
    </UnitTestResult>
    <UnitTestResult executionId="d0f098f7-2780-4f7f-9653-21af88e0f188" testId="8cb0369d-7ac7-bc6b-e84b-932edd3aaca1" testName="UnitOfWorkScopeTransactionOptions_CreateNew_Wont_Reuse_Existing_Transaction" computerName="ESPARES210" startTime="2010-02-12T14:44:46.0183871+00:00" endTime="2010-02-12T14:44:46.0223875+00:00" testType="13cdc9d9-ddb5-4fa4-a97d-d965ccfc6d4b" outcome="Failed" testListId="8c84fa94-04c1-424b-9868-57a2d4851a1d" relativeResultsDirectory="d0f098f7-2780-4f7f-9653-21af88e0f188">
      <Output>
        <ErrorInfo>
          <Message>Assembly Initialization method eSpares.Data.NHibernate.Tests.NHTestSetup.SetUpFactory threw exception. FluentNHibernate.Cfg.FluentConfigurationException: FluentNHibernate.Cfg.FluentConfigurationException: An invalid or incomplete configuration was used while creating a SessionFactory. Check PotentialReasons collection, and InnerException for more detail.

 ---&gt; FluentNHibernate.Cfg.FluentConfigurationException: An invalid or incomplete configuration was used while creating a SessionFactory. Check PotentialReasons collection, and InnerException for more detail.

 ---&gt; NHibernate.HibernateException: Login failed for user 'ESPARES\teamcity.buildagent'. ---&gt; System.Data.SqlClient.SqlException: Login failed for user 'ESPARES\teamcity.buildagent'.. Aborting test execution.</Message>
          <StackTrace>    at System.Data.SqlClient.SqlInternalConnection.OnError(SqlException exception, Boolean breakConnection)
   at System.Data.SqlClient.TdsParser.ThrowExceptionAndWarning()
   at System.Data.SqlClient.TdsParser.Run(RunBehavior runBehavior, SqlCommand cmdHandler, SqlDataReader dataStream, BulkCopySimpleResultSet bulkCopyHandler, TdsParserStateObject stateObj)
   at System.Data.SqlClient.SqlInternalConnectionTds.CompleteLogin(Boolean enlistOK)
   at System.Data.SqlClient.SqlInternalConnectionTds.AttemptOneLogin(ServerInfo serverInfo, String newPassword, Boolean ignoreSniOpenTimeout, TimeoutTimer timeout, SqlConnection owningObject)
   at System.Data.SqlClient.SqlInternalConnectionTds.LoginNoFailover(ServerInfo serverInfo, String newPassword, Boolean redirectedUserInstance, SqlConnection owningObject, SqlConnectionString connectionOptions, TimeoutTimer timeout)
   at System.Data.SqlClient.SqlInternalConnectionTds.OpenLoginEnlist(SqlConnection owningObject, TimeoutTimer timeout, SqlConnectionString connectionOptions, String newPassword, Boolean redirectedUserInstance)
   at System.Data.SqlClient.SqlInternalConnectionTds..ctor(DbConnectionPoolIdentity identity, SqlConnectionString connectionOptions, Object providerInfo, String newPassword, SqlConnection owningObject, Boolean redirectedUserInstance)
   at System.Data.SqlClient.SqlConnectionFactory.CreateConnection(DbConnectionOptions options, Object poolGroupProviderInfo, DbConnectionPool pool, DbConnection owningConnection)
   at System.Data.ProviderBase.DbConnectionFactory.CreatePooledConnection(DbConnection owningConnection, DbConnectionPool pool, DbConnectionOptions options)
   at System.Data.ProviderBase.DbConnectionPool.CreateObject(DbConnection owningObject)
   at System.Data.ProviderBase.DbConnectionPool.UserCreateRequest(DbConnection owningObject)
   at System.Data.ProviderBase.DbConnectionPool.GetConnection(DbConnection owningObject)
   at System.Data.ProviderBase.DbConnectionFactory.GetConnection(DbConnection owningConnection)
   at System.Data.ProviderBase.DbConnectionClosed.OpenConnection(DbConnection outerConnection, DbConnectionFactory connectionFactory)
   at System.Data.SqlClient.SqlConnection.Open()
   at NHibernate.Connection.DriverConnectionProvider.GetConnection()
   at NHibernate.Tool.hbm2ddl.SchemaExport.Execute(Action`1 scriptAction, Boolean export, Boolean justDrop)
 --- End of inner exception stack trace ---
    at NHibernate.Tool.hbm2ddl.SchemaExport.Execute(Action`1 scriptAction, Boolean export, Boolean justDrop)
   at NHibernate.Tool.hbm2ddl.SchemaExport.Execute(Boolean script, Boolean export, Boolean justDrop)
   at NHibernate.Tool.hbm2ddl.SchemaExport.Create(Boolean script, Boolean export)
   at eSpares.Data.NHibernate.Tests.NHTestSetup.&lt;SetUpFactory&gt;b__0(Configuration config) in c:\TeamCity.BuildAgent\work\1140675e932e9582\Framework\ORM\NHibernate\eSpares.Data.NHibernate.Tests\NHTestSetup.cs:line 52
   at FluentNHibernate.Cfg.FluentConfiguration.BuildConfiguration() in d:\Builds\FluentNH\src\FluentNHibernate\Cfg\FluentConfiguration.cs:line 112
 --- End of inner exception stack trace ---
    at FluentNHibernate.Cfg.FluentConfiguration.BuildConfiguration() in d:\Builds\FluentNH\src\FluentNHibernate\Cfg\FluentConfiguration.cs:line 119
   at FluentNHibernate.Cfg.FluentConfiguration.BuildSessionFactory() in d:\Builds\FluentNH\src\FluentNHibernate\Cfg\FluentConfiguration.cs:line 93
 --- End of inner exception stack trace ---
    at FluentNHibernate.Cfg.FluentConfiguration.BuildSessionFactory() in d:\Builds\FluentNH\src\FluentNHibernate\Cfg\FluentConfiguration.cs:line 98
   at eSpares.Data.NHibernate.Tests.NHTestSetup.SetUpFactory(TestContext context) in c:\TeamCity.BuildAgent\work\1140675e932e9582\Framework\ORM\NHibernate\eSpares.Data.NHibernate.Tests\NHTestSetup.cs:line 41
</StackTrace>
        </ErrorInfo>
      </Output>
    </UnitTestResult>
    <UnitTestResult executionId="540aff11-f710-4713-8cf0-e67d5cb4fa42" testId="55e400b3-ef91-3f22-eb27-a929bc26e2ed" testName="when_ambient_transaction_is_running_and_a_previous_scope_rollsback_new_scope_still_works" computerName="ESPARES210" startTime="2010-02-12T14:44:46.0233876+00:00" endTime="2010-02-12T14:44:46.0273880+00:00" testType="13cdc9d9-ddb5-4fa4-a97d-d965ccfc6d4b" outcome="Failed" testListId="8c84fa94-04c1-424b-9868-57a2d4851a1d" relativeResultsDirectory="540aff11-f710-4713-8cf0-e67d5cb4fa42">
      <Output>
        <ErrorInfo>
          <Message>Assembly Initialization method eSpares.Data.NHibernate.Tests.NHTestSetup.SetUpFactory threw exception. FluentNHibernate.Cfg.FluentConfigurationException: FluentNHibernate.Cfg.FluentConfigurationException: An invalid or incomplete configuration was used while creating a SessionFactory. Check PotentialReasons collection, and InnerException for more detail.

 ---&gt; FluentNHibernate.Cfg.FluentConfigurationException: An invalid or incomplete configuration was used while creating a SessionFactory. Check PotentialReasons collection, and InnerException for more detail.

 ---&gt; NHibernate.HibernateException: Login failed for user 'ESPARES\teamcity.buildagent'. ---&gt; System.Data.SqlClient.SqlException: Login failed for user 'ESPARES\teamcity.buildagent'.. Aborting test execution.</Message>
          <StackTrace>    at System.Data.SqlClient.SqlInternalConnection.OnError(SqlException exception, Boolean breakConnection)
   at System.Data.SqlClient.TdsParser.ThrowExceptionAndWarning()
   at System.Data.SqlClient.TdsParser.Run(RunBehavior runBehavior, SqlCommand cmdHandler, SqlDataReader dataStream, BulkCopySimpleResultSet bulkCopyHandler, TdsParserStateObject stateObj)
   at System.Data.SqlClient.SqlInternalConnectionTds.CompleteLogin(Boolean enlistOK)
   at System.Data.SqlClient.SqlInternalConnectionTds.AttemptOneLogin(ServerInfo serverInfo, String newPassword, Boolean ignoreSniOpenTimeout, TimeoutTimer timeout, SqlConnection owningObject)
   at System.Data.SqlClient.SqlInternalConnectionTds.LoginNoFailover(ServerInfo serverInfo, String newPassword, Boolean redirectedUserInstance, SqlConnection owningObject, SqlConnectionString connectionOptions, TimeoutTimer timeout)
   at System.Data.SqlClient.SqlInternalConnectionTds.OpenLoginEnlist(SqlConnection owningObject, TimeoutTimer timeout, SqlConnectionString connectionOptions, String newPassword, Boolean redirectedUserInstance)
   at System.Data.SqlClient.SqlInternalConnectionTds..ctor(DbConnectionPoolIdentity identity, SqlConnectionString connectionOptions, Object providerInfo, String newPassword, SqlConnection owningObject, Boolean redirectedUserInstance)
   at System.Data.SqlClient.SqlConnectionFactory.CreateConnection(DbConnectionOptions options, Object poolGroupProviderInfo, DbConnectionPool pool, DbConnection owningConnection)
   at System.Data.ProviderBase.DbConnectionFactory.CreatePooledConnection(DbConnection owningConnection, DbConnectionPool pool, DbConnectionOptions options)
   at System.Data.ProviderBase.DbConnectionPool.CreateObject(DbConnection owningObject)
   at System.Data.ProviderBase.DbConnectionPool.UserCreateRequest(DbConnection owningObject)
   at System.Data.ProviderBase.DbConnectionPool.GetConnection(DbConnection owningObject)
   at System.Data.ProviderBase.DbConnectionFactory.GetConnection(DbConnection owningConnection)
   at System.Data.ProviderBase.DbConnectionClosed.OpenConnection(DbConnection outerConnection, DbConnectionFactory connectionFactory)
   at System.Data.SqlClient.SqlConnection.Open()
   at NHibernate.Connection.DriverConnectionProvider.GetConnection()
   at NHibernate.Tool.hbm2ddl.SchemaExport.Execute(Action`1 scriptAction, Boolean export, Boolean justDrop)
 --- End of inner exception stack trace ---
    at NHibernate.Tool.hbm2ddl.SchemaExport.Execute(Action`1 scriptAction, Boolean export, Boolean justDrop)
   at NHibernate.Tool.hbm2ddl.SchemaExport.Execute(Boolean script, Boolean export, Boolean justDrop)
   at NHibernate.Tool.hbm2ddl.SchemaExport.Create(Boolean script, Boolean export)
   at eSpares.Data.NHibernate.Tests.NHTestSetup.&lt;SetUpFactory&gt;b__0(Configuration config) in c:\TeamCity.BuildAgent\work\1140675e932e9582\Framework\ORM\NHibernate\eSpares.Data.NHibernate.Tests\NHTestSetup.cs:line 52
   at FluentNHibernate.Cfg.FluentConfiguration.BuildConfiguration() in d:\Builds\FluentNH\src\FluentNHibernate\Cfg\FluentConfiguration.cs:line 112
 --- End of inner exception stack trace ---
    at FluentNHibernate.Cfg.FluentConfiguration.BuildConfiguration() in d:\Builds\FluentNH\src\FluentNHibernate\Cfg\FluentConfiguration.cs:line 119
   at FluentNHibernate.Cfg.FluentConfiguration.BuildSessionFactory() in d:\Builds\FluentNH\src\FluentNHibernate\Cfg\FluentConfiguration.cs:line 93
 --- End of inner exception stack trace ---
    at FluentNHibernate.Cfg.FluentConfiguration.BuildSessionFactory() in d:\Builds\FluentNH\src\FluentNHibernate\Cfg\FluentConfiguration.cs:line 98
   at eSpares.Data.NHibernate.Tests.NHTestSetup.SetUpFactory(TestContext context) in c:\TeamCity.BuildAgent\work\1140675e932e9582\Framework\ORM\NHibernate\eSpares.Data.NHibernate.Tests\NHTestSetup.cs:line 41
</StackTrace>
        </ErrorInfo>
      </Output>
    </UnitTestResult>
    <UnitTestResult executionId="bb6ca4bf-d2aa-4dda-bb16-2a405a515dd9" testId="5bd9e51d-3046-47d6-348c-5f5970bd780d" testName="when_ambient_transaction_is_running_multiple_scopes_work" computerName="ESPARES210" startTime="2010-02-12T14:44:46.0273880+00:00" endTime="2010-02-12T14:44:46.0323885+00:00" testType="13cdc9d9-ddb5-4fa4-a97d-d965ccfc6d4b" outcome="Failed" testListId="8c84fa94-04c1-424b-9868-57a2d4851a1d" relativeResultsDirectory="bb6ca4bf-d2aa-4dda-bb16-2a405a515dd9">
      <Output>
        <ErrorInfo>
          <Message>Assembly Initialization method eSpares.Data.NHibernate.Tests.NHTestSetup.SetUpFactory threw exception. FluentNHibernate.Cfg.FluentConfigurationException: FluentNHibernate.Cfg.FluentConfigurationException: An invalid or incomplete configuration was used while creating a SessionFactory. Check PotentialReasons collection, and InnerException for more detail.

 ---&gt; FluentNHibernate.Cfg.FluentConfigurationException: An invalid or incomplete configuration was used while creating a SessionFactory. Check PotentialReasons collection, and InnerException for more detail.

 ---&gt; NHibernate.HibernateException: Login failed for user 'ESPARES\teamcity.buildagent'. ---&gt; System.Data.SqlClient.SqlException: Login failed for user 'ESPARES\teamcity.buildagent'.. Aborting test execution.</Message>
          <StackTrace>    at System.Data.SqlClient.SqlInternalConnection.OnError(SqlException exception, Boolean breakConnection)
   at System.Data.SqlClient.TdsParser.ThrowExceptionAndWarning()
   at System.Data.SqlClient.TdsParser.Run(RunBehavior runBehavior, SqlCommand cmdHandler, SqlDataReader dataStream, BulkCopySimpleResultSet bulkCopyHandler, TdsParserStateObject stateObj)
   at System.Data.SqlClient.SqlInternalConnectionTds.CompleteLogin(Boolean enlistOK)
   at System.Data.SqlClient.SqlInternalConnectionTds.AttemptOneLogin(ServerInfo serverInfo, String newPassword, Boolean ignoreSniOpenTimeout, TimeoutTimer timeout, SqlConnection owningObject)
   at System.Data.SqlClient.SqlInternalConnectionTds.LoginNoFailover(ServerInfo serverInfo, String newPassword, Boolean redirectedUserInstance, SqlConnection owningObject, SqlConnectionString connectionOptions, TimeoutTimer timeout)
   at System.Data.SqlClient.SqlInternalConnectionTds.OpenLoginEnlist(SqlConnection owningObject, TimeoutTimer timeout, SqlConnectionString connectionOptions, String newPassword, Boolean redirectedUserInstance)
   at System.Data.SqlClient.SqlInternalConnectionTds..ctor(DbConnectionPoolIdentity identity, SqlConnectionString connectionOptions, Object providerInfo, String newPassword, SqlConnection owningObject, Boolean redirectedUserInstance)
   at System.Data.SqlClient.SqlConnectionFactory.CreateConnection(DbConnectionOptions options, Object poolGroupProviderInfo, DbConnectionPool pool, DbConnection owningConnection)
   at System.Data.ProviderBase.DbConnectionFactory.CreatePooledConnection(DbConnection owningConnection, DbConnectionPool pool, DbConnectionOptions options)
   at System.Data.ProviderBase.DbConnectionPool.CreateObject(DbConnection owningObject)
   at System.Data.ProviderBase.DbConnectionPool.UserCreateRequest(DbConnection owningObject)
   at System.Data.ProviderBase.DbConnectionPool.GetConnection(DbConnection owningObject)
   at System.Data.ProviderBase.DbConnectionFactory.GetConnection(DbConnection owningConnection)
   at System.Data.ProviderBase.DbConnectionClosed.OpenConnection(DbConnection outerConnection, DbConnectionFactory connectionFactory)
   at System.Data.SqlClient.SqlConnection.Open()
   at NHibernate.Connection.DriverConnectionProvider.GetConnection()
   at NHibernate.Tool.hbm2ddl.SchemaExport.Execute(Action`1 scriptAction, Boolean export, Boolean justDrop)
 --- End of inner exception stack trace ---
    at NHibernate.Tool.hbm2ddl.SchemaExport.Execute(Action`1 scriptAction, Boolean export, Boolean justDrop)
   at NHibernate.Tool.hbm2ddl.SchemaExport.Execute(Boolean script, Boolean export, Boolean justDrop)
   at NHibernate.Tool.hbm2ddl.SchemaExport.Create(Boolean script, Boolean export)
   at eSpares.Data.NHibernate.Tests.NHTestSetup.&lt;SetUpFactory&gt;b__0(Configuration config) in c:\TeamCity.BuildAgent\work\1140675e932e9582\Framework\ORM\NHibernate\eSpares.Data.NHibernate.Tests\NHTestSetup.cs:line 52
   at FluentNHibernate.Cfg.FluentConfiguration.BuildConfiguration() in d:\Builds\FluentNH\src\FluentNHibernate\Cfg\FluentConfiguration.cs:line 112
 --- End of inner exception stack trace ---
    at FluentNHibernate.Cfg.FluentConfiguration.BuildConfiguration() in d:\Builds\FluentNH\src\FluentNHibernate\Cfg\FluentConfiguration.cs:line 119
   at FluentNHibernate.Cfg.FluentConfiguration.BuildSessionFactory() in d:\Builds\FluentNH\src\FluentNHibernate\Cfg\FluentConfiguration.cs:line 93
 --- End of inner exception stack trace ---
    at FluentNHibernate.Cfg.FluentConfiguration.BuildSessionFactory() in d:\Builds\FluentNH\src\FluentNHibernate\Cfg\FluentConfiguration.cs:line 98
   at eSpares.Data.NHibernate.Tests.NHTestSetup.SetUpFactory(TestContext context) in c:\TeamCity.BuildAgent\work\1140675e932e9582\Framework\ORM\NHibernate\eSpares.Data.NHibernate.Tests\NHTestSetup.cs:line 41
</StackTrace>
        </ErrorInfo>
      </Output>
    </UnitTestResult>
    <UnitTestResult executionId="8564ab23-c567-4483-abe9-06853899138b" testId="e1c5ac4b-4abb-f1ad-ece9-c6046f66e943" testName="Create_Returns_NHUnitOfWork_Instance_When_DataContextProvider_Has_Been_Set" computerName="ESPARES210" startTime="2010-02-12T14:44:46.0323885+00:00" endTime="2010-02-12T14:44:46.0373890+00:00" testType="13cdc9d9-ddb5-4fa4-a97d-d965ccfc6d4b" outcome="Failed" testListId="8c84fa94-04c1-424b-9868-57a2d4851a1d" relativeResultsDirectory="8564ab23-c567-4483-abe9-06853899138b">
      <Output>
        <ErrorInfo>
          <Message>Assembly Initialization method eSpares.Data.NHibernate.Tests.NHTestSetup.SetUpFactory threw exception. FluentNHibernate.Cfg.FluentConfigurationException: FluentNHibernate.Cfg.FluentConfigurationException: An invalid or incomplete configuration was used while creating a SessionFactory. Check PotentialReasons collection, and InnerException for more detail.

 ---&gt; FluentNHibernate.Cfg.FluentConfigurationException: An invalid or incomplete configuration was used while creating a SessionFactory. Check PotentialReasons collection, and InnerException for more detail.

 ---&gt; NHibernate.HibernateException: Login failed for user 'ESPARES\teamcity.buildagent'. ---&gt; System.Data.SqlClient.SqlException: Login failed for user 'ESPARES\teamcity.buildagent'.. Aborting test execution.</Message>
          <StackTrace>    at System.Data.SqlClient.SqlInternalConnection.OnError(SqlException exception, Boolean breakConnection)
   at System.Data.SqlClient.TdsParser.ThrowExceptionAndWarning()
   at System.Data.SqlClient.TdsParser.Run(RunBehavior runBehavior, SqlCommand cmdHandler, SqlDataReader dataStream, BulkCopySimpleResultSet bulkCopyHandler, TdsParserStateObject stateObj)
   at System.Data.SqlClient.SqlInternalConnectionTds.CompleteLogin(Boolean enlistOK)
   at System.Data.SqlClient.SqlInternalConnectionTds.AttemptOneLogin(ServerInfo serverInfo, String newPassword, Boolean ignoreSniOpenTimeout, TimeoutTimer timeout, SqlConnection owningObject)
   at System.Data.SqlClient.SqlInternalConnectionTds.LoginNoFailover(ServerInfo serverInfo, String newPassword, Boolean redirectedUserInstance, SqlConnection owningObject, SqlConnectionString connectionOptions, TimeoutTimer timeout)
   at System.Data.SqlClient.SqlInternalConnectionTds.OpenLoginEnlist(SqlConnection owningObject, TimeoutTimer timeout, SqlConnectionString connectionOptions, String newPassword, Boolean redirectedUserInstance)
   at System.Data.SqlClient.SqlInternalConnectionTds..ctor(DbConnectionPoolIdentity identity, SqlConnectionString connectionOptions, Object providerInfo, String newPassword, SqlConnection owningObject, Boolean redirectedUserInstance)
   at System.Data.SqlClient.SqlConnectionFactory.CreateConnection(DbConnectionOptions options, Object poolGroupProviderInfo, DbConnectionPool pool, DbConnection owningConnection)
   at System.Data.ProviderBase.DbConnectionFactory.CreatePooledConnection(DbConnection owningConnection, DbConnectionPool pool, DbConnectionOptions options)
   at System.Data.ProviderBase.DbConnectionPool.CreateObject(DbConnection owningObject)
   at System.Data.ProviderBase.DbConnectionPool.UserCreateRequest(DbConnection owningObject)
   at System.Data.ProviderBase.DbConnectionPool.GetConnection(DbConnection owningObject)
   at System.Data.ProviderBase.DbConnectionFactory.GetConnection(DbConnection owningConnection)
   at System.Data.ProviderBase.DbConnectionClosed.OpenConnection(DbConnection outerConnection, DbConnectionFactory connectionFactory)
   at System.Data.SqlClient.SqlConnection.Open()
   at NHibernate.Connection.DriverConnectionProvider.GetConnection()
   at NHibernate.Tool.hbm2ddl.SchemaExport.Execute(Action`1 scriptAction, Boolean export, Boolean justDrop)
 --- End of inner exception stack trace ---
    at NHibernate.Tool.hbm2ddl.SchemaExport.Execute(Action`1 scriptAction, Boolean export, Boolean justDrop)
   at NHibernate.Tool.hbm2ddl.SchemaExport.Execute(Boolean script, Boolean export, Boolean justDrop)
   at NHibernate.Tool.hbm2ddl.SchemaExport.Create(Boolean script, Boolean export)
   at eSpares.Data.NHibernate.Tests.NHTestSetup.&lt;SetUpFactory&gt;b__0(Configuration config) in c:\TeamCity.BuildAgent\work\1140675e932e9582\Framework\ORM\NHibernate\eSpares.Data.NHibernate.Tests\NHTestSetup.cs:line 52
   at FluentNHibernate.Cfg.FluentConfiguration.BuildConfiguration() in d:\Builds\FluentNH\src\FluentNHibernate\Cfg\FluentConfiguration.cs:line 112
 --- End of inner exception stack trace ---
    at FluentNHibernate.Cfg.FluentConfiguration.BuildConfiguration() in d:\Builds\FluentNH\src\FluentNHibernate\Cfg\FluentConfiguration.cs:line 119
   at FluentNHibernate.Cfg.FluentConfiguration.BuildSessionFactory() in d:\Builds\FluentNH\src\FluentNHibernate\Cfg\FluentConfiguration.cs:line 93
 --- End of inner exception stack trace ---
    at FluentNHibernate.Cfg.FluentConfiguration.BuildSessionFactory() in d:\Builds\FluentNH\src\FluentNHibernate\Cfg\FluentConfiguration.cs:line 98
   at eSpares.Data.NHibernate.Tests.NHTestSetup.SetUpFactory(TestContext context) in c:\TeamCity.BuildAgent\work\1140675e932e9582\Framework\ORM\NHibernate\eSpares.Data.NHibernate.Tests\NHTestSetup.cs:line 41
</StackTrace>
        </ErrorInfo>
      </Output>
    </UnitTestResult>
    <UnitTestResult executionId="bd38eb78-53c9-4dbb-8989-f93c9fcfa9c3" testId="18ddd1f5-4cc7-6189-33be-c8680b17a014" testName="Create_Throws_InvalidOperationException_When_No_SessionProvider_Has_Been_Set" computerName="ESPARES210" startTime="2010-02-12T14:44:46.0373890+00:00" endTime="2010-02-12T14:44:46.0413894+00:00" testType="13cdc9d9-ddb5-4fa4-a97d-d965ccfc6d4b" outcome="Failed" testListId="8c84fa94-04c1-424b-9868-57a2d4851a1d" relativeResultsDirectory="bd38eb78-53c9-4dbb-8989-f93c9fcfa9c3">
      <Output>
        <ErrorInfo>
          <Message>Assembly Initialization method eSpares.Data.NHibernate.Tests.NHTestSetup.SetUpFactory threw exception. FluentNHibernate.Cfg.FluentConfigurationException: FluentNHibernate.Cfg.FluentConfigurationException: An invalid or incomplete configuration was used while creating a SessionFactory. Check PotentialReasons collection, and InnerException for more detail.

 ---&gt; FluentNHibernate.Cfg.FluentConfigurationException: An invalid or incomplete configuration was used while creating a SessionFactory. Check PotentialReasons collection, and InnerException for more detail.

 ---&gt; NHibernate.HibernateException: Login failed for user 'ESPARES\teamcity.buildagent'. ---&gt; System.Data.SqlClient.SqlException: Login failed for user 'ESPARES\teamcity.buildagent'.. Aborting test execution.</Message>
          <StackTrace>    at System.Data.SqlClient.SqlInternalConnection.OnError(SqlException exception, Boolean breakConnection)
   at System.Data.SqlClient.TdsParser.ThrowExceptionAndWarning()
   at System.Data.SqlClient.TdsParser.Run(RunBehavior runBehavior, SqlCommand cmdHandler, SqlDataReader dataStream, BulkCopySimpleResultSet bulkCopyHandler, TdsParserStateObject stateObj)
   at System.Data.SqlClient.SqlInternalConnectionTds.CompleteLogin(Boolean enlistOK)
   at System.Data.SqlClient.SqlInternalConnectionTds.AttemptOneLogin(ServerInfo serverInfo, String newPassword, Boolean ignoreSniOpenTimeout, TimeoutTimer timeout, SqlConnection owningObject)
   at System.Data.SqlClient.SqlInternalConnectionTds.LoginNoFailover(ServerInfo serverInfo, String newPassword, Boolean redirectedUserInstance, SqlConnection owningObject, SqlConnectionString connectionOptions, TimeoutTimer timeout)
   at System.Data.SqlClient.SqlInternalConnectionTds.OpenLoginEnlist(SqlConnection owningObject, TimeoutTimer timeout, SqlConnectionString connectionOptions, String newPassword, Boolean redirectedUserInstance)
   at System.Data.SqlClient.SqlInternalConnectionTds..ctor(DbConnectionPoolIdentity identity, SqlConnectionString connectionOptions, Object providerInfo, String newPassword, SqlConnection owningObject, Boolean redirectedUserInstance)
   at System.Data.SqlClient.SqlConnectionFactory.CreateConnection(DbConnectionOptions options, Object poolGroupProviderInfo, DbConnectionPool pool, DbConnection owningConnection)
   at System.Data.ProviderBase.DbConnectionFactory.CreatePooledConnection(DbConnection owningConnection, DbConnectionPool pool, DbConnectionOptions options)
   at System.Data.ProviderBase.DbConnectionPool.CreateObject(DbConnection owningObject)
   at System.Data.ProviderBase.DbConnectionPool.UserCreateRequest(DbConnection owningObject)
   at System.Data.ProviderBase.DbConnectionPool.GetConnection(DbConnection owningObject)
   at System.Data.ProviderBase.DbConnectionFactory.GetConnection(DbConnection owningConnection)
   at System.Data.ProviderBase.DbConnectionClosed.OpenConnection(DbConnection outerConnection, DbConnectionFactory connectionFactory)
   at System.Data.SqlClient.SqlConnection.Open()
   at NHibernate.Connection.DriverConnectionProvider.GetConnection()
   at NHibernate.Tool.hbm2ddl.SchemaExport.Execute(Action`1 scriptAction, Boolean export, Boolean justDrop)
 --- End of inner exception stack trace ---
    at NHibernate.Tool.hbm2ddl.SchemaExport.Execute(Action`1 scriptAction, Boolean export, Boolean justDrop)
   at NHibernate.Tool.hbm2ddl.SchemaExport.Execute(Boolean script, Boolean export, Boolean justDrop)
   at NHibernate.Tool.hbm2ddl.SchemaExport.Create(Boolean script, Boolean export)
   at eSpares.Data.NHibernate.Tests.NHTestSetup.&lt;SetUpFactory&gt;b__0(Configuration config) in c:\TeamCity.BuildAgent\work\1140675e932e9582\Framework\ORM\NHibernate\eSpares.Data.NHibernate.Tests\NHTestSetup.cs:line 52
   at FluentNHibernate.Cfg.FluentConfiguration.BuildConfiguration() in d:\Builds\FluentNH\src\FluentNHibernate\Cfg\FluentConfiguration.cs:line 112
 --- End of inner exception stack trace ---
    at FluentNHibernate.Cfg.FluentConfiguration.BuildConfiguration() in d:\Builds\FluentNH\src\FluentNHibernate\Cfg\FluentConfiguration.cs:line 119
   at FluentNHibernate.Cfg.FluentConfiguration.BuildSessionFactory() in d:\Builds\FluentNH\src\FluentNHibernate\Cfg\FluentConfiguration.cs:line 93
 --- End of inner exception stack trace ---
    at FluentNHibernate.Cfg.FluentConfiguration.BuildSessionFactory() in d:\Builds\FluentNH\src\FluentNHibernate\Cfg\FluentConfiguration.cs:line 98
   at eSpares.Data.NHibernate.Tests.NHTestSetup.SetUpFactory(TestContext context) in c:\TeamCity.BuildAgent\work\1140675e932e9582\Framework\ORM\NHibernate\eSpares.Data.NHibernate.Tests\NHTestSetup.cs:line 41
</StackTrace>
        </ErrorInfo>
      </Output>
    </UnitTestResult>
    <UnitTestResult executionId="7f77a252-ea4e-450d-87ff-b70e4de2e9f6" testId="9b1fa1d4-b782-9827-063d-f27e951557f8" testName="Begin_Transaction_Should_Start_A_New_Transaction_With_Default_IsolationLevel" computerName="ESPARES210" startTime="2010-02-12T14:44:46.0423895+00:00" endTime="2010-02-12T14:44:46.0463899+00:00" testType="13cdc9d9-ddb5-4fa4-a97d-d965ccfc6d4b" outcome="Failed" testListId="8c84fa94-04c1-424b-9868-57a2d4851a1d" relativeResultsDirectory="7f77a252-ea4e-450d-87ff-b70e4de2e9f6">
      <Output>
        <ErrorInfo>
          <Message>Assembly Initialization method eSpares.Data.NHibernate.Tests.NHTestSetup.SetUpFactory threw exception. FluentNHibernate.Cfg.FluentConfigurationException: FluentNHibernate.Cfg.FluentConfigurationException: An invalid or incomplete configuration was used while creating a SessionFactory. Check PotentialReasons collection, and InnerException for more detail.

 ---&gt; FluentNHibernate.Cfg.FluentConfigurationException: An invalid or incomplete configuration was used while creating a SessionFactory. Check PotentialReasons collection, and InnerException for more detail.

 ---&gt; NHibernate.HibernateException: Login failed for user 'ESPARES\teamcity.buildagent'. ---&gt; System.Data.SqlClient.SqlException: Login failed for user 'ESPARES\teamcity.buildagent'.. Aborting test execution.</Message>
          <StackTrace>    at System.Data.SqlClient.SqlInternalConnection.OnError(SqlException exception, Boolean breakConnection)
   at System.Data.SqlClient.TdsParser.ThrowExceptionAndWarning()
   at System.Data.SqlClient.TdsParser.Run(RunBehavior runBehavior, SqlCommand cmdHandler, SqlDataReader dataStream, BulkCopySimpleResultSet bulkCopyHandler, TdsParserStateObject stateObj)
   at System.Data.SqlClient.SqlInternalConnectionTds.CompleteLogin(Boolean enlistOK)
   at System.Data.SqlClient.SqlInternalConnectionTds.AttemptOneLogin(ServerInfo serverInfo, String newPassword, Boolean ignoreSniOpenTimeout, TimeoutTimer timeout, SqlConnection owningObject)
   at System.Data.SqlClient.SqlInternalConnectionTds.LoginNoFailover(ServerInfo serverInfo, String newPassword, Boolean redirectedUserInstance, SqlConnection owningObject, SqlConnectionString connectionOptions, TimeoutTimer timeout)
   at System.Data.SqlClient.SqlInternalConnectionTds.OpenLoginEnlist(SqlConnection owningObject, TimeoutTimer timeout, SqlConnectionString connectionOptions, String newPassword, Boolean redirectedUserInstance)
   at System.Data.SqlClient.SqlInternalConnectionTds..ctor(DbConnectionPoolIdentity identity, SqlConnectionString connectionOptions, Object providerInfo, String newPassword, SqlConnection owningObject, Boolean redirectedUserInstance)
   at System.Data.SqlClient.SqlConnectionFactory.CreateConnection(DbConnectionOptions options, Object poolGroupProviderInfo, DbConnectionPool pool, DbConnection owningConnection)
   at System.Data.ProviderBase.DbConnectionFactory.CreatePooledConnection(DbConnection owningConnection, DbConnectionPool pool, DbConnectionOptions options)
   at System.Data.ProviderBase.DbConnectionPool.CreateObject(DbConnection owningObject)
   at System.Data.ProviderBase.DbConnectionPool.UserCreateRequest(DbConnection owningObject)
   at System.Data.ProviderBase.DbConnectionPool.GetConnection(DbConnection owningObject)
   at System.Data.ProviderBase.DbConnectionFactory.GetConnection(DbConnection owningConnection)
   at System.Data.ProviderBase.DbConnectionClosed.OpenConnection(DbConnection outerConnection, DbConnectionFactory connectionFactory)
   at System.Data.SqlClient.SqlConnection.Open()
   at NHibernate.Connection.DriverConnectionProvider.GetConnection()
   at NHibernate.Tool.hbm2ddl.SchemaExport.Execute(Action`1 scriptAction, Boolean export, Boolean justDrop)
 --- End of inner exception stack trace ---
    at NHibernate.Tool.hbm2ddl.SchemaExport.Execute(Action`1 scriptAction, Boolean export, Boolean justDrop)
   at NHibernate.Tool.hbm2ddl.SchemaExport.Execute(Boolean script, Boolean export, Boolean justDrop)
   at NHibernate.Tool.hbm2ddl.SchemaExport.Create(Boolean script, Boolean export)
   at eSpares.Data.NHibernate.Tests.NHTestSetup.&lt;SetUpFactory&gt;b__0(Configuration config) in c:\TeamCity.BuildAgent\work\1140675e932e9582\Framework\ORM\NHibernate\eSpares.Data.NHibernate.Tests\NHTestSetup.cs:line 52
   at FluentNHibernate.Cfg.FluentConfiguration.BuildConfiguration() in d:\Builds\FluentNH\src\FluentNHibernate\Cfg\FluentConfiguration.cs:line 112
 --- End of inner exception stack trace ---
    at FluentNHibernate.Cfg.FluentConfiguration.BuildConfiguration() in d:\Builds\FluentNH\src\FluentNHibernate\Cfg\FluentConfiguration.cs:line 119
   at FluentNHibernate.Cfg.FluentConfiguration.BuildSessionFactory() in d:\Builds\FluentNH\src\FluentNHibernate\Cfg\FluentConfiguration.cs:line 93
 --- End of inner exception stack trace ---
    at FluentNHibernate.Cfg.FluentConfiguration.BuildSessionFactory() in d:\Builds\FluentNH\src\FluentNHibernate\Cfg\FluentConfiguration.cs:line 98
   at eSpares.Data.NHibernate.Tests.NHTestSetup.SetUpFactory(TestContext context) in c:\TeamCity.BuildAgent\work\1140675e932e9582\Framework\ORM\NHibernate\eSpares.Data.NHibernate.Tests\NHTestSetup.cs:line 41
</StackTrace>
        </ErrorInfo>
      </Output>
    </UnitTestResult>
    <UnitTestResult executionId="5f2124ed-3dcc-4769-b2a6-a2dd504818f5" testId="fb53809a-e542-7abb-bc91-afba463fc5f2" testName="BeginTransaction_Should_Start_A_New_Transaction_With_Specified_IsolatinLevel" computerName="ESPARES210" startTime="2010-02-12T14:44:46.0473900+00:00" endTime="2010-02-12T14:44:46.0513904+00:00" testType="13cdc9d9-ddb5-4fa4-a97d-d965ccfc6d4b" outcome="Failed" testListId="8c84fa94-04c1-424b-9868-57a2d4851a1d" relativeResultsDirectory="5f2124ed-3dcc-4769-b2a6-a2dd504818f5">
      <Output>
        <ErrorInfo>
          <Message>Assembly Initialization method eSpares.Data.NHibernate.Tests.NHTestSetup.SetUpFactory threw exception. FluentNHibernate.Cfg.FluentConfigurationException: FluentNHibernate.Cfg.FluentConfigurationException: An invalid or incomplete configuration was used while creating a SessionFactory. Check PotentialReasons collection, and InnerException for more detail.

 ---&gt; FluentNHibernate.Cfg.FluentConfigurationException: An invalid or incomplete configuration was used while creating a SessionFactory. Check PotentialReasons collection, and InnerException for more detail.

 ---&gt; NHibernate.HibernateException: Login failed for user 'ESPARES\teamcity.buildagent'. ---&gt; System.Data.SqlClient.SqlException: Login failed for user 'ESPARES\teamcity.buildagent'.. Aborting test execution.</Message>
          <StackTrace>    at System.Data.SqlClient.SqlInternalConnection.OnError(SqlException exception, Boolean breakConnection)
   at System.Data.SqlClient.TdsParser.ThrowExceptionAndWarning()
   at System.Data.SqlClient.TdsParser.Run(RunBehavior runBehavior, SqlCommand cmdHandler, SqlDataReader dataStream, BulkCopySimpleResultSet bulkCopyHandler, TdsParserStateObject stateObj)
   at System.Data.SqlClient.SqlInternalConnectionTds.CompleteLogin(Boolean enlistOK)
   at System.Data.SqlClient.SqlInternalConnectionTds.AttemptOneLogin(ServerInfo serverInfo, String newPassword, Boolean ignoreSniOpenTimeout, TimeoutTimer timeout, SqlConnection owningObject)
   at System.Data.SqlClient.SqlInternalConnectionTds.LoginNoFailover(ServerInfo serverInfo, String newPassword, Boolean redirectedUserInstance, SqlConnection owningObject, SqlConnectionString connectionOptions, TimeoutTimer timeout)
   at System.Data.SqlClient.SqlInternalConnectionTds.OpenLoginEnlist(SqlConnection owningObject, TimeoutTimer timeout, SqlConnectionString connectionOptions, String newPassword, Boolean redirectedUserInstance)
   at System.Data.SqlClient.SqlInternalConnectionTds..ctor(DbConnectionPoolIdentity identity, SqlConnectionString connectionOptions, Object providerInfo, String newPassword, SqlConnection owningObject, Boolean redirectedUserInstance)
   at System.Data.SqlClient.SqlConnectionFactory.CreateConnection(DbConnectionOptions options, Object poolGroupProviderInfo, DbConnectionPool pool, DbConnection owningConnection)
   at System.Data.ProviderBase.DbConnectionFactory.CreatePooledConnection(DbConnection owningConnection, DbConnectionPool pool, DbConnectionOptions options)
   at System.Data.ProviderBase.DbConnectionPool.CreateObject(DbConnection owningObject)
   at System.Data.ProviderBase.DbConnectionPool.UserCreateRequest(DbConnection owningObject)
   at System.Data.ProviderBase.DbConnectionPool.GetConnection(DbConnection owningObject)
   at System.Data.ProviderBase.DbConnectionFactory.GetConnection(DbConnection owningConnection)
   at System.Data.ProviderBase.DbConnectionClosed.OpenConnection(DbConnection outerConnection, DbConnectionFactory connectionFactory)
   at System.Data.SqlClient.SqlConnection.Open()
   at NHibernate.Connection.DriverConnectionProvider.GetConnection()
   at NHibernate.Tool.hbm2ddl.SchemaExport.Execute(Action`1 scriptAction, Boolean export, Boolean justDrop)
 --- End of inner exception stack trace ---
    at NHibernate.Tool.hbm2ddl.SchemaExport.Execute(Action`1 scriptAction, Boolean export, Boolean justDrop)
   at NHibernate.Tool.hbm2ddl.SchemaExport.Execute(Boolean script, Boolean export, Boolean justDrop)
   at NHibernate.Tool.hbm2ddl.SchemaExport.Create(Boolean script, Boolean export)
   at eSpares.Data.NHibernate.Tests.NHTestSetup.&lt;SetUpFactory&gt;b__0(Configuration config) in c:\TeamCity.BuildAgent\work\1140675e932e9582\Framework\ORM\NHibernate\eSpares.Data.NHibernate.Tests\NHTestSetup.cs:line 52
   at FluentNHibernate.Cfg.FluentConfiguration.BuildConfiguration() in d:\Builds\FluentNH\src\FluentNHibernate\Cfg\FluentConfiguration.cs:line 112
 --- End of inner exception stack trace ---
    at FluentNHibernate.Cfg.FluentConfiguration.BuildConfiguration() in d:\Builds\FluentNH\src\FluentNHibernate\Cfg\FluentConfiguration.cs:line 119
   at FluentNHibernate.Cfg.FluentConfiguration.BuildSessionFactory() in d:\Builds\FluentNH\src\FluentNHibernate\Cfg\FluentConfiguration.cs:line 93
 --- End of inner exception stack trace ---
    at FluentNHibernate.Cfg.FluentConfiguration.BuildSessionFactory() in d:\Builds\FluentNH\src\FluentNHibernate\Cfg\FluentConfiguration.cs:line 98
   at eSpares.Data.NHibernate.Tests.NHTestSetup.SetUpFactory(TestContext context) in c:\TeamCity.BuildAgent\work\1140675e932e9582\Framework\ORM\NHibernate\eSpares.Data.NHibernate.Tests\NHTestSetup.cs:line 41
</StackTrace>
        </ErrorInfo>
      </Output>
    </UnitTestResult>
    <UnitTestResult executionId="c099741f-9b6b-4357-a69e-be0e56191225" testId="8f7edb6c-ade5-5279-bf20-f433b9f9d821" testName="BeginTransaction_Throws_InvalidOperationException_When_Transaction_Already_Running" computerName="ESPARES210" startTime="2010-02-12T14:44:46.0513904+00:00" endTime="2010-02-12T14:44:46.0553908+00:00" testType="13cdc9d9-ddb5-4fa4-a97d-d965ccfc6d4b" outcome="Failed" testListId="8c84fa94-04c1-424b-9868-57a2d4851a1d" relativeResultsDirectory="c099741f-9b6b-4357-a69e-be0e56191225">
      <Output>
        <ErrorInfo>
          <Message>Assembly Initialization method eSpares.Data.NHibernate.Tests.NHTestSetup.SetUpFactory threw exception. FluentNHibernate.Cfg.FluentConfigurationException: FluentNHibernate.Cfg.FluentConfigurationException: An invalid or incomplete configuration was used while creating a SessionFactory. Check PotentialReasons collection, and InnerException for more detail.

 ---&gt; FluentNHibernate.Cfg.FluentConfigurationException: An invalid or incomplete configuration was used while creating a SessionFactory. Check PotentialReasons collection, and InnerException for more detail.

 ---&gt; NHibernate.HibernateException: Login failed for user 'ESPARES\teamcity.buildagent'. ---&gt; System.Data.SqlClient.SqlException: Login failed for user 'ESPARES\teamcity.buildagent'.. Aborting test execution.</Message>
          <StackTrace>    at System.Data.SqlClient.SqlInternalConnection.OnError(SqlException exception, Boolean breakConnection)
   at System.Data.SqlClient.TdsParser.ThrowExceptionAndWarning()
   at System.Data.SqlClient.TdsParser.Run(RunBehavior runBehavior, SqlCommand cmdHandler, SqlDataReader dataStream, BulkCopySimpleResultSet bulkCopyHandler, TdsParserStateObject stateObj)
   at System.Data.SqlClient.SqlInternalConnectionTds.CompleteLogin(Boolean enlistOK)
   at System.Data.SqlClient.SqlInternalConnectionTds.AttemptOneLogin(ServerInfo serverInfo, String newPassword, Boolean ignoreSniOpenTimeout, TimeoutTimer timeout, SqlConnection owningObject)
   at System.Data.SqlClient.SqlInternalConnectionTds.LoginNoFailover(ServerInfo serverInfo, String newPassword, Boolean redirectedUserInstance, SqlConnection owningObject, SqlConnectionString connectionOptions, TimeoutTimer timeout)
   at System.Data.SqlClient.SqlInternalConnectionTds.OpenLoginEnlist(SqlConnection owningObject, TimeoutTimer timeout, SqlConnectionString connectionOptions, String newPassword, Boolean redirectedUserInstance)
   at System.Data.SqlClient.SqlInternalConnectionTds..ctor(DbConnectionPoolIdentity identity, SqlConnectionString connectionOptions, Object providerInfo, String newPassword, SqlConnection owningObject, Boolean redirectedUserInstance)
   at System.Data.SqlClient.SqlConnectionFactory.CreateConnection(DbConnectionOptions options, Object poolGroupProviderInfo, DbConnectionPool pool, DbConnection owningConnection)
   at System.Data.ProviderBase.DbConnectionFactory.CreatePooledConnection(DbConnection owningConnection, DbConnectionPool pool, DbConnectionOptions options)
   at System.Data.ProviderBase.DbConnectionPool.CreateObject(DbConnection owningObject)
   at System.Data.ProviderBase.DbConnectionPool.UserCreateRequest(DbConnection owningObject)
   at System.Data.ProviderBase.DbConnectionPool.GetConnection(DbConnection owningObject)
   at System.Data.ProviderBase.DbConnectionFactory.GetConnection(DbConnection owningConnection)
   at System.Data.ProviderBase.DbConnectionClosed.OpenConnection(DbConnection outerConnection, DbConnectionFactory connectionFactory)
   at System.Data.SqlClient.SqlConnection.Open()
   at NHibernate.Connection.DriverConnectionProvider.GetConnection()
   at NHibernate.Tool.hbm2ddl.SchemaExport.Execute(Action`1 scriptAction, Boolean export, Boolean justDrop)
 --- End of inner exception stack trace ---
    at NHibernate.Tool.hbm2ddl.SchemaExport.Execute(Action`1 scriptAction, Boolean export, Boolean justDrop)
   at NHibernate.Tool.hbm2ddl.SchemaExport.Execute(Boolean script, Boolean export, Boolean justDrop)
   at NHibernate.Tool.hbm2ddl.SchemaExport.Create(Boolean script, Boolean export)
   at eSpares.Data.NHibernate.Tests.NHTestSetup.&lt;SetUpFactory&gt;b__0(Configuration config) in c:\TeamCity.BuildAgent\work\1140675e932e9582\Framework\ORM\NHibernate\eSpares.Data.NHibernate.Tests\NHTestSetup.cs:line 52
   at FluentNHibernate.Cfg.FluentConfiguration.BuildConfiguration() in d:\Builds\FluentNH\src\FluentNHibernate\Cfg\FluentConfiguration.cs:line 112
 --- End of inner exception stack trace ---
    at FluentNHibernate.Cfg.FluentConfiguration.BuildConfiguration() in d:\Builds\FluentNH\src\FluentNHibernate\Cfg\FluentConfiguration.cs:line 119
   at FluentNHibernate.Cfg.FluentConfiguration.BuildSessionFactory() in d:\Builds\FluentNH\src\FluentNHibernate\Cfg\FluentConfiguration.cs:line 93
 --- End of inner exception stack trace ---
    at FluentNHibernate.Cfg.FluentConfiguration.BuildSessionFactory() in d:\Builds\FluentNH\src\FluentNHibernate\Cfg\FluentConfiguration.cs:line 98
   at eSpares.Data.NHibernate.Tests.NHTestSetup.SetUpFactory(TestContext context) in c:\TeamCity.BuildAgent\work\1140675e932e9582\Framework\ORM\NHibernate\eSpares.Data.NHibernate.Tests\NHTestSetup.cs:line 41
</StackTrace>
        </ErrorInfo>
      </Output>
    </UnitTestResult>
    <UnitTestResult executionId="a7665d76-d758-4553-85ca-77d5feaf8204" testId="ef9dae81-072a-30fb-ea49-217d285940c9" testName="Comitting_Transaction_Releases_Transaction_From_UnitOfWork" computerName="ESPARES210" startTime="2010-02-12T14:44:46.0563909+00:00" endTime="2010-02-12T14:44:46.0603913+00:00" testType="13cdc9d9-ddb5-4fa4-a97d-d965ccfc6d4b" outcome="Failed" testListId="8c84fa94-04c1-424b-9868-57a2d4851a1d" relativeResultsDirectory="a7665d76-d758-4553-85ca-77d5feaf8204">
      <Output>
        <ErrorInfo>
          <Message>Assembly Initialization method eSpares.Data.NHibernate.Tests.NHTestSetup.SetUpFactory threw exception. FluentNHibernate.Cfg.FluentConfigurationException: FluentNHibernate.Cfg.FluentConfigurationException: An invalid or incomplete configuration was used while creating a SessionFactory. Check PotentialReasons collection, and InnerException for more detail.

 ---&gt; FluentNHibernate.Cfg.FluentConfigurationException: An invalid or incomplete configuration was used while creating a SessionFactory. Check PotentialReasons collection, and InnerException for more detail.

 ---&gt; NHibernate.HibernateException: Login failed for user 'ESPARES\teamcity.buildagent'. ---&gt; System.Data.SqlClient.SqlException: Login failed for user 'ESPARES\teamcity.buildagent'.. Aborting test execution.</Message>
          <StackTrace>    at System.Data.SqlClient.SqlInternalConnection.OnError(SqlException exception, Boolean breakConnection)
   at System.Data.SqlClient.TdsParser.ThrowExceptionAndWarning()
   at System.Data.SqlClient.TdsParser.Run(RunBehavior runBehavior, SqlCommand cmdHandler, SqlDataReader dataStream, BulkCopySimpleResultSet bulkCopyHandler, TdsParserStateObject stateObj)
   at System.Data.SqlClient.SqlInternalConnectionTds.CompleteLogin(Boolean enlistOK)
   at System.Data.SqlClient.SqlInternalConnectionTds.AttemptOneLogin(ServerInfo serverInfo, String newPassword, Boolean ignoreSniOpenTimeout, TimeoutTimer timeout, SqlConnection owningObject)
   at System.Data.SqlClient.SqlInternalConnectionTds.LoginNoFailover(ServerInfo serverInfo, String newPassword, Boolean redirectedUserInstance, SqlConnection owningObject, SqlConnectionString connectionOptions, TimeoutTimer timeout)
   at System.Data.SqlClient.SqlInternalConnectionTds.OpenLoginEnlist(SqlConnection owningObject, TimeoutTimer timeout, SqlConnectionString connectionOptions, String newPassword, Boolean redirectedUserInstance)
   at System.Data.SqlClient.SqlInternalConnectionTds..ctor(DbConnectionPoolIdentity identity, SqlConnectionString connectionOptions, Object providerInfo, String newPassword, SqlConnection owningObject, Boolean redirectedUserInstance)
   at System.Data.SqlClient.SqlConnectionFactory.CreateConnection(DbConnectionOptions options, Object poolGroupProviderInfo, DbConnectionPool pool, DbConnection owningConnection)
   at System.Data.ProviderBase.DbConnectionFactory.CreatePooledConnection(DbConnection owningConnection, DbConnectionPool pool, DbConnectionOptions options)
   at System.Data.ProviderBase.DbConnectionPool.CreateObject(DbConnection owningObject)
   at System.Data.ProviderBase.DbConnectionPool.UserCreateRequest(DbConnection owningObject)
   at System.Data.ProviderBase.DbConnectionPool.GetConnection(DbConnection owningObject)
   at System.Data.ProviderBase.DbConnectionFactory.GetConnection(DbConnection owningConnection)
   at System.Data.ProviderBase.DbConnectionClosed.OpenConnection(DbConnection outerConnection, DbConnectionFactory connectionFactory)
   at System.Data.SqlClient.SqlConnection.Open()
   at NHibernate.Connection.DriverConnectionProvider.GetConnection()
   at NHibernate.Tool.hbm2ddl.SchemaExport.Execute(Action`1 scriptAction, Boolean export, Boolean justDrop)
 --- End of inner exception stack trace ---
    at NHibernate.Tool.hbm2ddl.SchemaExport.Execute(Action`1 scriptAction, Boolean export, Boolean justDrop)
   at NHibernate.Tool.hbm2ddl.SchemaExport.Execute(Boolean script, Boolean export, Boolean justDrop)
   at NHibernate.Tool.hbm2ddl.SchemaExport.Create(Boolean script, Boolean export)
   at eSpares.Data.NHibernate.Tests.NHTestSetup.&lt;SetUpFactory&gt;b__0(Configuration config) in c:\TeamCity.BuildAgent\work\1140675e932e9582\Framework\ORM\NHibernate\eSpares.Data.NHibernate.Tests\NHTestSetup.cs:line 52
   at FluentNHibernate.Cfg.FluentConfiguration.BuildConfiguration() in d:\Builds\FluentNH\src\FluentNHibernate\Cfg\FluentConfiguration.cs:line 112
 --- End of inner exception stack trace ---
    at FluentNHibernate.Cfg.FluentConfiguration.BuildConfiguration() in d:\Builds\FluentNH\src\FluentNHibernate\Cfg\FluentConfiguration.cs:line 119
   at FluentNHibernate.Cfg.FluentConfiguration.BuildSessionFactory() in d:\Builds\FluentNH\src\FluentNHibernate\Cfg\FluentConfiguration.cs:line 93
 --- End of inner exception stack trace ---
    at FluentNHibernate.Cfg.FluentConfiguration.BuildSessionFactory() in d:\Builds\FluentNH\src\FluentNHibernate\Cfg\FluentConfiguration.cs:line 98
   at eSpares.Data.NHibernate.Tests.NHTestSetup.SetUpFactory(TestContext context) in c:\TeamCity.BuildAgent\work\1140675e932e9582\Framework\ORM\NHibernate\eSpares.Data.NHibernate.Tests\NHTestSetup.cs:line 41
</StackTrace>
        </ErrorInfo>
      </Output>
    </UnitTestResult>
    <UnitTestResult executionId="1553f449-6dce-4baf-954c-832528b4ff4d" testId="3d8d1735-45b6-6ba6-9ff6-fdcfe6a318d8" testName="Ctor_Throws_ArgumentNullException_When_ISession_Parameter_Is_Null" computerName="ESPARES210" startTime="2010-02-12T14:44:46.0613914+00:00" endTime="2010-02-12T14:44:46.0653918+00:00" testType="13cdc9d9-ddb5-4fa4-a97d-d965ccfc6d4b" outcome="Failed" testListId="8c84fa94-04c1-424b-9868-57a2d4851a1d" relativeResultsDirectory="1553f449-6dce-4baf-954c-832528b4ff4d">
      <Output>
        <ErrorInfo>
          <Message>Assembly Initialization method eSpares.Data.NHibernate.Tests.NHTestSetup.SetUpFactory threw exception. FluentNHibernate.Cfg.FluentConfigurationException: FluentNHibernate.Cfg.FluentConfigurationException: An invalid or incomplete configuration was used while creating a SessionFactory. Check PotentialReasons collection, and InnerException for more detail.

 ---&gt; FluentNHibernate.Cfg.FluentConfigurationException: An invalid or incomplete configuration was used while creating a SessionFactory. Check PotentialReasons collection, and InnerException for more detail.

 ---&gt; NHibernate.HibernateException: Login failed for user 'ESPARES\teamcity.buildagent'. ---&gt; System.Data.SqlClient.SqlException: Login failed for user 'ESPARES\teamcity.buildagent'.. Aborting test execution.</Message>
          <StackTrace>    at System.Data.SqlClient.SqlInternalConnection.OnError(SqlException exception, Boolean breakConnection)
   at System.Data.SqlClient.TdsParser.ThrowExceptionAndWarning()
   at System.Data.SqlClient.TdsParser.Run(RunBehavior runBehavior, SqlCommand cmdHandler, SqlDataReader dataStream, BulkCopySimpleResultSet bulkCopyHandler, TdsParserStateObject stateObj)
   at System.Data.SqlClient.SqlInternalConnectionTds.CompleteLogin(Boolean enlistOK)
   at System.Data.SqlClient.SqlInternalConnectionTds.AttemptOneLogin(ServerInfo serverInfo, String newPassword, Boolean ignoreSniOpenTimeout, TimeoutTimer timeout, SqlConnection owningObject)
   at System.Data.SqlClient.SqlInternalConnectionTds.LoginNoFailover(ServerInfo serverInfo, String newPassword, Boolean redirectedUserInstance, SqlConnection owningObject, SqlConnectionString connectionOptions, TimeoutTimer timeout)
   at System.Data.SqlClient.SqlInternalConnectionTds.OpenLoginEnlist(SqlConnection owningObject, TimeoutTimer timeout, SqlConnectionString connectionOptions, String newPassword, Boolean redirectedUserInstance)
   at System.Data.SqlClient.SqlInternalConnectionTds..ctor(DbConnectionPoolIdentity identity, SqlConnectionString connectionOptions, Object providerInfo, String newPassword, SqlConnection owningObject, Boolean redirectedUserInstance)
   at System.Data.SqlClient.SqlConnectionFactory.CreateConnection(DbConnectionOptions options, Object poolGroupProviderInfo, DbConnectionPool pool, DbConnection owningConnection)
   at System.Data.ProviderBase.DbConnectionFactory.CreatePooledConnection(DbConnection owningConnection, DbConnectionPool pool, DbConnectionOptions options)
   at System.Data.ProviderBase.DbConnectionPool.CreateObject(DbConnection owningObject)
   at System.Data.ProviderBase.DbConnectionPool.UserCreateRequest(DbConnection owningObject)
   at System.Data.ProviderBase.DbConnectionPool.GetConnection(DbConnection owningObject)
   at System.Data.ProviderBase.DbConnectionFactory.GetConnection(DbConnection owningConnection)
   at System.Data.ProviderBase.DbConnectionClosed.OpenConnection(DbConnection outerConnection, DbConnectionFactory connectionFactory)
   at System.Data.SqlClient.SqlConnection.Open()
   at NHibernate.Connection.DriverConnectionProvider.GetConnection()
   at NHibernate.Tool.hbm2ddl.SchemaExport.Execute(Action`1 scriptAction, Boolean export, Boolean justDrop)
 --- End of inner exception stack trace ---
    at NHibernate.Tool.hbm2ddl.SchemaExport.Execute(Action`1 scriptAction, Boolean export, Boolean justDrop)
   at NHibernate.Tool.hbm2ddl.SchemaExport.Execute(Boolean script, Boolean export, Boolean justDrop)
   at NHibernate.Tool.hbm2ddl.SchemaExport.Create(Boolean script, Boolean export)
   at eSpares.Data.NHibernate.Tests.NHTestSetup.&lt;SetUpFactory&gt;b__0(Configuration config) in c:\TeamCity.BuildAgent\work\1140675e932e9582\Framework\ORM\NHibernate\eSpares.Data.NHibernate.Tests\NHTestSetup.cs:line 52
   at FluentNHibernate.Cfg.FluentConfiguration.BuildConfiguration() in d:\Builds\FluentNH\src\FluentNHibernate\Cfg\FluentConfiguration.cs:line 112
 --- End of inner exception stack trace ---
    at FluentNHibernate.Cfg.FluentConfiguration.BuildConfiguration() in d:\Builds\FluentNH\src\FluentNHibernate\Cfg\FluentConfiguration.cs:line 119
   at FluentNHibernate.Cfg.FluentConfiguration.BuildSessionFactory() in d:\Builds\FluentNH\src\FluentNHibernate\Cfg\FluentConfiguration.cs:line 93
 --- End of inner exception stack trace ---
    at FluentNHibernate.Cfg.FluentConfiguration.BuildSessionFactory() in d:\Builds\FluentNH\src\FluentNHibernate\Cfg\FluentConfiguration.cs:line 98
   at eSpares.Data.NHibernate.Tests.NHTestSetup.SetUpFactory(TestContext context) in c:\TeamCity.BuildAgent\work\1140675e932e9582\Framework\ORM\NHibernate\eSpares.Data.NHibernate.Tests\NHTestSetup.cs:line 41
</StackTrace>
        </ErrorInfo>
      </Output>
    </UnitTestResult>
    <UnitTestResult executionId="352cfec6-d7a8-4fd4-a4d8-793a577573df" testId="3ef2c910-9efa-7fbc-083c-fac28bea493a" testName="Dispose_UnitOfWork_Disposed_Underlying_Transaction_And_Session" computerName="ESPARES210" startTime="2010-02-12T14:44:46.0653918+00:00" endTime="2010-02-12T14:44:46.0693922+00:00" testType="13cdc9d9-ddb5-4fa4-a97d-d965ccfc6d4b" outcome="Failed" testListId="8c84fa94-04c1-424b-9868-57a2d4851a1d" relativeResultsDirectory="352cfec6-d7a8-4fd4-a4d8-793a577573df">
      <Output>
        <ErrorInfo>
          <Message>Assembly Initialization method eSpares.Data.NHibernate.Tests.NHTestSetup.SetUpFactory threw exception. FluentNHibernate.Cfg.FluentConfigurationException: FluentNHibernate.Cfg.FluentConfigurationException: An invalid or incomplete configuration was used while creating a SessionFactory. Check PotentialReasons collection, and InnerException for more detail.

 ---&gt; FluentNHibernate.Cfg.FluentConfigurationException: An invalid or incomplete configuration was used while creating a SessionFactory. Check PotentialReasons collection, and InnerException for more detail.

 ---&gt; NHibernate.HibernateException: Login failed for user 'ESPARES\teamcity.buildagent'. ---&gt; System.Data.SqlClient.SqlException: Login failed for user 'ESPARES\teamcity.buildagent'.. Aborting test execution.</Message>
          <StackTrace>    at System.Data.SqlClient.SqlInternalConnection.OnError(SqlException exception, Boolean breakConnection)
   at System.Data.SqlClient.TdsParser.ThrowExceptionAndWarning()
   at System.Data.SqlClient.TdsParser.Run(RunBehavior runBehavior, SqlCommand cmdHandler, SqlDataReader dataStream, BulkCopySimpleResultSet bulkCopyHandler, TdsParserStateObject stateObj)
   at System.Data.SqlClient.SqlInternalConnectionTds.CompleteLogin(Boolean enlistOK)
   at System.Data.SqlClient.SqlInternalConnectionTds.AttemptOneLogin(ServerInfo serverInfo, String newPassword, Boolean ignoreSniOpenTimeout, TimeoutTimer timeout, SqlConnection owningObject)
   at System.Data.SqlClient.SqlInternalConnectionTds.LoginNoFailover(ServerInfo serverInfo, String newPassword, Boolean redirectedUserInstance, SqlConnection owningObject, SqlConnectionString connectionOptions, TimeoutTimer timeout)
   at System.Data.SqlClient.SqlInternalConnectionTds.OpenLoginEnlist(SqlConnection owningObject, TimeoutTimer timeout, SqlConnectionString connectionOptions, String newPassword, Boolean redirectedUserInstance)
   at System.Data.SqlClient.SqlInternalConnectionTds..ctor(DbConnectionPoolIdentity identity, SqlConnectionString connectionOptions, Object providerInfo, String newPassword, SqlConnection owningObject, Boolean redirectedUserInstance)
   at System.Data.SqlClient.SqlConnectionFactory.CreateConnection(DbConnectionOptions options, Object poolGroupProviderInfo, DbConnectionPool pool, DbConnection owningConnection)
   at System.Data.ProviderBase.DbConnectionFactory.CreatePooledConnection(DbConnection owningConnection, DbConnectionPool pool, DbConnectionOptions options)
   at System.Data.ProviderBase.DbConnectionPool.CreateObject(DbConnection owningObject)
   at System.Data.ProviderBase.DbConnectionPool.UserCreateRequest(DbConnection owningObject)
   at System.Data.ProviderBase.DbConnectionPool.GetConnection(DbConnection owningObject)
   at System.Data.ProviderBase.DbConnectionFactory.GetConnection(DbConnection owningConnection)
   at System.Data.ProviderBase.DbConnectionClosed.OpenConnection(DbConnection outerConnection, DbConnectionFactory connectionFactory)
   at System.Data.SqlClient.SqlConnection.Open()
   at NHibernate.Connection.DriverConnectionProvider.GetConnection()
   at NHibernate.Tool.hbm2ddl.SchemaExport.Execute(Action`1 scriptAction, Boolean export, Boolean justDrop)
 --- End of inner exception stack trace ---
    at NHibernate.Tool.hbm2ddl.SchemaExport.Execute(Action`1 scriptAction, Boolean export, Boolean justDrop)
   at NHibernate.Tool.hbm2ddl.SchemaExport.Execute(Boolean script, Boolean export, Boolean justDrop)
   at NHibernate.Tool.hbm2ddl.SchemaExport.Create(Boolean script, Boolean export)
   at eSpares.Data.NHibernate.Tests.NHTestSetup.&lt;SetUpFactory&gt;b__0(Configuration config) in c:\TeamCity.BuildAgent\work\1140675e932e9582\Framework\ORM\NHibernate\eSpares.Data.NHibernate.Tests\NHTestSetup.cs:line 52
   at FluentNHibernate.Cfg.FluentConfiguration.BuildConfiguration() in d:\Builds\FluentNH\src\FluentNHibernate\Cfg\FluentConfiguration.cs:line 112
 --- End of inner exception stack trace ---
    at FluentNHibernate.Cfg.FluentConfiguration.BuildConfiguration() in d:\Builds\FluentNH\src\FluentNHibernate\Cfg\FluentConfiguration.cs:line 119
   at FluentNHibernate.Cfg.FluentConfiguration.BuildSessionFactory() in d:\Builds\FluentNH\src\FluentNHibernate\Cfg\FluentConfiguration.cs:line 93
 --- End of inner exception stack trace ---
    at FluentNHibernate.Cfg.FluentConfiguration.BuildSessionFactory() in d:\Builds\FluentNH\src\FluentNHibernate\Cfg\FluentConfiguration.cs:line 98
   at eSpares.Data.NHibernate.Tests.NHTestSetup.SetUpFactory(TestContext context) in c:\TeamCity.BuildAgent\work\1140675e932e9582\Framework\ORM\NHibernate\eSpares.Data.NHibernate.Tests\NHTestSetup.cs:line 41
</StackTrace>
        </ErrorInfo>
      </Output>
    </UnitTestResult>
    <UnitTestResult executionId="d40a2a4a-24c0-4835-9d06-a139df0210af" testId="c583a545-f2db-fc12-bae7-d6671ae3efdf" testName="Flush_Calls_Underlying_ISession_Flush" computerName="ESPARES210" startTime="2010-02-12T14:44:46.0703923+00:00" endTime="2010-02-12T14:44:46.0743927+00:00" testType="13cdc9d9-ddb5-4fa4-a97d-d965ccfc6d4b" outcome="Failed" testListId="8c84fa94-04c1-424b-9868-57a2d4851a1d" relativeResultsDirectory="d40a2a4a-24c0-4835-9d06-a139df0210af">
      <Output>
        <ErrorInfo>
          <Message>Assembly Initialization method eSpares.Data.NHibernate.Tests.NHTestSetup.SetUpFactory threw exception. FluentNHibernate.Cfg.FluentConfigurationException: FluentNHibernate.Cfg.FluentConfigurationException: An invalid or incomplete configuration was used while creating a SessionFactory. Check PotentialReasons collection, and InnerException for more detail.

 ---&gt; FluentNHibernate.Cfg.FluentConfigurationException: An invalid or incomplete configuration was used while creating a SessionFactory. Check PotentialReasons collection, and InnerException for more detail.

 ---&gt; NHibernate.HibernateException: Login failed for user 'ESPARES\teamcity.buildagent'. ---&gt; System.Data.SqlClient.SqlException: Login failed for user 'ESPARES\teamcity.buildagent'.. Aborting test execution.</Message>
          <StackTrace>    at System.Data.SqlClient.SqlInternalConnection.OnError(SqlException exception, Boolean breakConnection)
   at System.Data.SqlClient.TdsParser.ThrowExceptionAndWarning()
   at System.Data.SqlClient.TdsParser.Run(RunBehavior runBehavior, SqlCommand cmdHandler, SqlDataReader dataStream, BulkCopySimpleResultSet bulkCopyHandler, TdsParserStateObject stateObj)
   at System.Data.SqlClient.SqlInternalConnectionTds.CompleteLogin(Boolean enlistOK)
   at System.Data.SqlClient.SqlInternalConnectionTds.AttemptOneLogin(ServerInfo serverInfo, String newPassword, Boolean ignoreSniOpenTimeout, TimeoutTimer timeout, SqlConnection owningObject)
   at System.Data.SqlClient.SqlInternalConnectionTds.LoginNoFailover(ServerInfo serverInfo, String newPassword, Boolean redirectedUserInstance, SqlConnection owningObject, SqlConnectionString connectionOptions, TimeoutTimer timeout)
   at System.Data.SqlClient.SqlInternalConnectionTds.OpenLoginEnlist(SqlConnection owningObject, TimeoutTimer timeout, SqlConnectionString connectionOptions, String newPassword, Boolean redirectedUserInstance)
   at System.Data.SqlClient.SqlInternalConnectionTds..ctor(DbConnectionPoolIdentity identity, SqlConnectionString connectionOptions, Object providerInfo, String newPassword, SqlConnection owningObject, Boolean redirectedUserInstance)
   at System.Data.SqlClient.SqlConnectionFactory.CreateConnection(DbConnectionOptions options, Object poolGroupProviderInfo, DbConnectionPool pool, DbConnection owningConnection)
   at System.Data.ProviderBase.DbConnectionFactory.CreatePooledConnection(DbConnection owningConnection, DbConnectionPool pool, DbConnectionOptions options)
   at System.Data.ProviderBase.DbConnectionPool.CreateObject(DbConnection owningObject)
   at System.Data.ProviderBase.DbConnectionPool.UserCreateRequest(DbConnection owningObject)
   at System.Data.ProviderBase.DbConnectionPool.GetConnection(DbConnection owningObject)
   at System.Data.ProviderBase.DbConnectionFactory.GetConnection(DbConnection owningConnection)
   at System.Data.ProviderBase.DbConnectionClosed.OpenConnection(DbConnection outerConnection, DbConnectionFactory connectionFactory)
   at System.Data.SqlClient.SqlConnection.Open()
   at NHibernate.Connection.DriverConnectionProvider.GetConnection()
   at NHibernate.Tool.hbm2ddl.SchemaExport.Execute(Action`1 scriptAction, Boolean export, Boolean justDrop)
 --- End of inner exception stack trace ---
    at NHibernate.Tool.hbm2ddl.SchemaExport.Execute(Action`1 scriptAction, Boolean export, Boolean justDrop)
   at NHibernate.Tool.hbm2ddl.SchemaExport.Execute(Boolean script, Boolean export, Boolean justDrop)
   at NHibernate.Tool.hbm2ddl.SchemaExport.Create(Boolean script, Boolean export)
   at eSpares.Data.NHibernate.Tests.NHTestSetup.&lt;SetUpFactory&gt;b__0(Configuration config) in c:\TeamCity.BuildAgent\work\1140675e932e9582\Framework\ORM\NHibernate\eSpares.Data.NHibernate.Tests\NHTestSetup.cs:line 52
   at FluentNHibernate.Cfg.FluentConfiguration.BuildConfiguration() in d:\Builds\FluentNH\src\FluentNHibernate\Cfg\FluentConfiguration.cs:line 112
 --- End of inner exception stack trace ---
    at FluentNHibernate.Cfg.FluentConfiguration.BuildConfiguration() in d:\Builds\FluentNH\src\FluentNHibernate\Cfg\FluentConfiguration.cs:line 119
   at FluentNHibernate.Cfg.FluentConfiguration.BuildSessionFactory() in d:\Builds\FluentNH\src\FluentNHibernate\Cfg\FluentConfiguration.cs:line 93
 --- End of inner exception stack trace ---
    at FluentNHibernate.Cfg.FluentConfiguration.BuildSessionFactory() in d:\Builds\FluentNH\src\FluentNHibernate\Cfg\FluentConfiguration.cs:line 98
   at eSpares.Data.NHibernate.Tests.NHTestSetup.SetUpFactory(TestContext context) in c:\TeamCity.BuildAgent\work\1140675e932e9582\Framework\ORM\NHibernate\eSpares.Data.NHibernate.Tests\NHTestSetup.cs:line 41
</StackTrace>
        </ErrorInfo>
      </Output>
    </UnitTestResult>
    <UnitTestResult executionId="dd741b8a-b27b-4822-b6f0-036eb56f9cd2" testId="a48af40c-f688-727c-b987-e0fa89194bf3" testName="IsInTransaction_Should_Return_False_When_No_Transaction_Exists" computerName="ESPARES210" startTime="2010-02-12T14:44:46.0753928+00:00" endTime="2010-02-12T14:44:46.0793932+00:00" testType="13cdc9d9-ddb5-4fa4-a97d-d965ccfc6d4b" outcome="Failed" testListId="8c84fa94-04c1-424b-9868-57a2d4851a1d" relativeResultsDirectory="dd741b8a-b27b-4822-b6f0-036eb56f9cd2">
      <Output>
        <ErrorInfo>
          <Message>Assembly Initialization method eSpares.Data.NHibernate.Tests.NHTestSetup.SetUpFactory threw exception. FluentNHibernate.Cfg.FluentConfigurationException: FluentNHibernate.Cfg.FluentConfigurationException: An invalid or incomplete configuration was used while creating a SessionFactory. Check PotentialReasons collection, and InnerException for more detail.

 ---&gt; FluentNHibernate.Cfg.FluentConfigurationException: An invalid or incomplete configuration was used while creating a SessionFactory. Check PotentialReasons collection, and InnerException for more detail.

 ---&gt; NHibernate.HibernateException: Login failed for user 'ESPARES\teamcity.buildagent'. ---&gt; System.Data.SqlClient.SqlException: Login failed for user 'ESPARES\teamcity.buildagent'.. Aborting test execution.</Message>
          <StackTrace>    at System.Data.SqlClient.SqlInternalConnection.OnError(SqlException exception, Boolean breakConnection)
   at System.Data.SqlClient.TdsParser.ThrowExceptionAndWarning()
   at System.Data.SqlClient.TdsParser.Run(RunBehavior runBehavior, SqlCommand cmdHandler, SqlDataReader dataStream, BulkCopySimpleResultSet bulkCopyHandler, TdsParserStateObject stateObj)
   at System.Data.SqlClient.SqlInternalConnectionTds.CompleteLogin(Boolean enlistOK)
   at System.Data.SqlClient.SqlInternalConnectionTds.AttemptOneLogin(ServerInfo serverInfo, String newPassword, Boolean ignoreSniOpenTimeout, TimeoutTimer timeout, SqlConnection owningObject)
   at System.Data.SqlClient.SqlInternalConnectionTds.LoginNoFailover(ServerInfo serverInfo, String newPassword, Boolean redirectedUserInstance, SqlConnection owningObject, SqlConnectionString connectionOptions, TimeoutTimer timeout)
   at System.Data.SqlClient.SqlInternalConnectionTds.OpenLoginEnlist(SqlConnection owningObject, TimeoutTimer timeout, SqlConnectionString connectionOptions, String newPassword, Boolean redirectedUserInstance)
   at System.Data.SqlClient.SqlInternalConnectionTds..ctor(DbConnectionPoolIdentity identity, SqlConnectionString connectionOptions, Object providerInfo, String newPassword, SqlConnection owningObject, Boolean redirectedUserInstance)
   at System.Data.SqlClient.SqlConnectionFactory.CreateConnection(DbConnectionOptions options, Object poolGroupProviderInfo, DbConnectionPool pool, DbConnection owningConnection)
   at System.Data.ProviderBase.DbConnectionFactory.CreatePooledConnection(DbConnection owningConnection, DbConnectionPool pool, DbConnectionOptions options)
   at System.Data.ProviderBase.DbConnectionPool.CreateObject(DbConnection owningObject)
   at System.Data.ProviderBase.DbConnectionPool.UserCreateRequest(DbConnection owningObject)
   at System.Data.ProviderBase.DbConnectionPool.GetConnection(DbConnection owningObject)
   at System.Data.ProviderBase.DbConnectionFactory.GetConnection(DbConnection owningConnection)
   at System.Data.ProviderBase.DbConnectionClosed.OpenConnection(DbConnection outerConnection, DbConnectionFactory connectionFactory)
   at System.Data.SqlClient.SqlConnection.Open()
   at NHibernate.Connection.DriverConnectionProvider.GetConnection()
   at NHibernate.Tool.hbm2ddl.SchemaExport.Execute(Action`1 scriptAction, Boolean export, Boolean justDrop)
 --- End of inner exception stack trace ---
    at NHibernate.Tool.hbm2ddl.SchemaExport.Execute(Action`1 scriptAction, Boolean export, Boolean justDrop)
   at NHibernate.Tool.hbm2ddl.SchemaExport.Execute(Boolean script, Boolean export, Boolean justDrop)
   at NHibernate.Tool.hbm2ddl.SchemaExport.Create(Boolean script, Boolean export)
   at eSpares.Data.NHibernate.Tests.NHTestSetup.&lt;SetUpFactory&gt;b__0(Configuration config) in c:\TeamCity.BuildAgent\work\1140675e932e9582\Framework\ORM\NHibernate\eSpares.Data.NHibernate.Tests\NHTestSetup.cs:line 52
   at FluentNHibernate.Cfg.FluentConfiguration.BuildConfiguration() in d:\Builds\FluentNH\src\FluentNHibernate\Cfg\FluentConfiguration.cs:line 112
 --- End of inner exception stack trace ---
    at FluentNHibernate.Cfg.FluentConfiguration.BuildConfiguration() in d:\Builds\FluentNH\src\FluentNHibernate\Cfg\FluentConfiguration.cs:line 119
   at FluentNHibernate.Cfg.FluentConfiguration.BuildSessionFactory() in d:\Builds\FluentNH\src\FluentNHibernate\Cfg\FluentConfiguration.cs:line 93
 --- End of inner exception stack trace ---
    at FluentNHibernate.Cfg.FluentConfiguration.BuildSessionFactory() in d:\Builds\FluentNH\src\FluentNHibernate\Cfg\FluentConfiguration.cs:line 98
   at eSpares.Data.NHibernate.Tests.NHTestSetup.SetUpFactory(TestContext context) in c:\TeamCity.BuildAgent\work\1140675e932e9582\Framework\ORM\NHibernate\eSpares.Data.NHibernate.Tests\NHTestSetup.cs:line 41
</StackTrace>
        </ErrorInfo>
      </Output>
    </UnitTestResult>
    <UnitTestResult executionId="43557e5e-1899-4afd-b0bd-47ccf7183204" testId="3d40354a-0c8c-d6de-bc02-27c36f938ba0" testName="Rollback_Transaction_Releases_Transaction_From_UnitOfWork" computerName="ESPARES210" startTime="2010-02-12T14:44:46.0803933+00:00" endTime="2010-02-12T14:44:46.0843937+00:00" testType="13cdc9d9-ddb5-4fa4-a97d-d965ccfc6d4b" outcome="Failed" testListId="8c84fa94-04c1-424b-9868-57a2d4851a1d" relativeResultsDirectory="43557e5e-1899-4afd-b0bd-47ccf7183204">
      <Output>
        <ErrorInfo>
          <Message>Assembly Initialization method eSpares.Data.NHibernate.Tests.NHTestSetup.SetUpFactory threw exception. FluentNHibernate.Cfg.FluentConfigurationException: FluentNHibernate.Cfg.FluentConfigurationException: An invalid or incomplete configuration was used while creating a SessionFactory. Check PotentialReasons collection, and InnerException for more detail.

 ---&gt; FluentNHibernate.Cfg.FluentConfigurationException: An invalid or incomplete configuration was used while creating a SessionFactory. Check PotentialReasons collection, and InnerException for more detail.

 ---&gt; NHibernate.HibernateException: Login failed for user 'ESPARES\teamcity.buildagent'. ---&gt; System.Data.SqlClient.SqlException: Login failed for user 'ESPARES\teamcity.buildagent'.. Aborting test execution.</Message>
          <StackTrace>    at System.Data.SqlClient.SqlInternalConnection.OnError(SqlException exception, Boolean breakConnection)
   at System.Data.SqlClient.TdsParser.ThrowExceptionAndWarning()
   at System.Data.SqlClient.TdsParser.Run(RunBehavior runBehavior, SqlCommand cmdHandler, SqlDataReader dataStream, BulkCopySimpleResultSet bulkCopyHandler, TdsParserStateObject stateObj)
   at System.Data.SqlClient.SqlInternalConnectionTds.CompleteLogin(Boolean enlistOK)
   at System.Data.SqlClient.SqlInternalConnectionTds.AttemptOneLogin(ServerInfo serverInfo, String newPassword, Boolean ignoreSniOpenTimeout, TimeoutTimer timeout, SqlConnection owningObject)
   at System.Data.SqlClient.SqlInternalConnectionTds.LoginNoFailover(ServerInfo serverInfo, String newPassword, Boolean redirectedUserInstance, SqlConnection owningObject, SqlConnectionString connectionOptions, TimeoutTimer timeout)
   at System.Data.SqlClient.SqlInternalConnectionTds.OpenLoginEnlist(SqlConnection owningObject, TimeoutTimer timeout, SqlConnectionString connectionOptions, String newPassword, Boolean redirectedUserInstance)
   at System.Data.SqlClient.SqlInternalConnectionTds..ctor(DbConnectionPoolIdentity identity, SqlConnectionString connectionOptions, Object providerInfo, String newPassword, SqlConnection owningObject, Boolean redirectedUserInstance)
   at System.Data.SqlClient.SqlConnectionFactory.CreateConnection(DbConnectionOptions options, Object poolGroupProviderInfo, DbConnectionPool pool, DbConnection owningConnection)
   at System.Data.ProviderBase.DbConnectionFactory.CreatePooledConnection(DbConnection owningConnection, DbConnectionPool pool, DbConnectionOptions options)
   at System.Data.ProviderBase.DbConnectionPool.CreateObject(DbConnection owningObject)
   at System.Data.ProviderBase.DbConnectionPool.UserCreateRequest(DbConnection owningObject)
   at System.Data.ProviderBase.DbConnectionPool.GetConnection(DbConnection owningObject)
   at System.Data.ProviderBase.DbConnectionFactory.GetConnection(DbConnection owningConnection)
   at System.Data.ProviderBase.DbConnectionClosed.OpenConnection(DbConnection outerConnection, DbConnectionFactory connectionFactory)
   at System.Data.SqlClient.SqlConnection.Open()
   at NHibernate.Connection.DriverConnectionProvider.GetConnection()
   at NHibernate.Tool.hbm2ddl.SchemaExport.Execute(Action`1 scriptAction, Boolean export, Boolean justDrop)
 --- End of inner exception stack trace ---
    at NHibernate.Tool.hbm2ddl.SchemaExport.Execute(Action`1 scriptAction, Boolean export, Boolean justDrop)
   at NHibernate.Tool.hbm2ddl.SchemaExport.Execute(Boolean script, Boolean export, Boolean justDrop)
   at NHibernate.Tool.hbm2ddl.SchemaExport.Create(Boolean script, Boolean export)
   at eSpares.Data.NHibernate.Tests.NHTestSetup.&lt;SetUpFactory&gt;b__0(Configuration config) in c:\TeamCity.BuildAgent\work\1140675e932e9582\Framework\ORM\NHibernate\eSpares.Data.NHibernate.Tests\NHTestSetup.cs:line 52
   at FluentNHibernate.Cfg.FluentConfiguration.BuildConfiguration() in d:\Builds\FluentNH\src\FluentNHibernate\Cfg\FluentConfiguration.cs:line 112
 --- End of inner exception stack trace ---
    at FluentNHibernate.Cfg.FluentConfiguration.BuildConfiguration() in d:\Builds\FluentNH\src\FluentNHibernate\Cfg\FluentConfiguration.cs:line 119
   at FluentNHibernate.Cfg.FluentConfiguration.BuildSessionFactory() in d:\Builds\FluentNH\src\FluentNHibernate\Cfg\FluentConfiguration.cs:line 93
 --- End of inner exception stack trace ---
    at FluentNHibernate.Cfg.FluentConfiguration.BuildSessionFactory() in d:\Builds\FluentNH\src\FluentNHibernate\Cfg\FluentConfiguration.cs:line 98
   at eSpares.Data.NHibernate.Tests.NHTestSetup.SetUpFactory(TestContext context) in c:\TeamCity.BuildAgent\work\1140675e932e9582\Framework\ORM\NHibernate\eSpares.Data.NHibernate.Tests\NHTestSetup.cs:line 41
</StackTrace>
        </ErrorInfo>
      </Output>
    </UnitTestResult>
    <UnitTestResult executionId="36065541-0a7f-42bd-8327-a1ad40eb0241" testId="b34362c6-7206-84e8-3358-3f43a65b4d33" testName="TransactionalFlush_Rollsback_Transaction_When_Flush_Throws_Exception" computerName="ESPARES210" startTime="2010-02-12T14:44:46.0853938+00:00" endTime="2010-02-12T14:44:46.0893942+00:00" testType="13cdc9d9-ddb5-4fa4-a97d-d965ccfc6d4b" outcome="Failed" testListId="8c84fa94-04c1-424b-9868-57a2d4851a1d" relativeResultsDirectory="36065541-0a7f-42bd-8327-a1ad40eb0241">
      <Output>
        <ErrorInfo>
          <Message>Assembly Initialization method eSpares.Data.NHibernate.Tests.NHTestSetup.SetUpFactory threw exception. FluentNHibernate.Cfg.FluentConfigurationException: FluentNHibernate.Cfg.FluentConfigurationException: An invalid or incomplete configuration was used while creating a SessionFactory. Check PotentialReasons collection, and InnerException for more detail.

 ---&gt; FluentNHibernate.Cfg.FluentConfigurationException: An invalid or incomplete configuration was used while creating a SessionFactory. Check PotentialReasons collection, and InnerException for more detail.

 ---&gt; NHibernate.HibernateException: Login failed for user 'ESPARES\teamcity.buildagent'. ---&gt; System.Data.SqlClient.SqlException: Login failed for user 'ESPARES\teamcity.buildagent'.. Aborting test execution.</Message>
          <StackTrace>    at System.Data.SqlClient.SqlInternalConnection.OnError(SqlException exception, Boolean breakConnection)
   at System.Data.SqlClient.TdsParser.ThrowExceptionAndWarning()
   at System.Data.SqlClient.TdsParser.Run(RunBehavior runBehavior, SqlCommand cmdHandler, SqlDataReader dataStream, BulkCopySimpleResultSet bulkCopyHandler, TdsParserStateObject stateObj)
   at System.Data.SqlClient.SqlInternalConnectionTds.CompleteLogin(Boolean enlistOK)
   at System.Data.SqlClient.SqlInternalConnectionTds.AttemptOneLogin(ServerInfo serverInfo, String newPassword, Boolean ignoreSniOpenTimeout, TimeoutTimer timeout, SqlConnection owningObject)
   at System.Data.SqlClient.SqlInternalConnectionTds.LoginNoFailover(ServerInfo serverInfo, String newPassword, Boolean redirectedUserInstance, SqlConnection owningObject, SqlConnectionString connectionOptions, TimeoutTimer timeout)
   at System.Data.SqlClient.SqlInternalConnectionTds.OpenLoginEnlist(SqlConnection owningObject, TimeoutTimer timeout, SqlConnectionString connectionOptions, String newPassword, Boolean redirectedUserInstance)
   at System.Data.SqlClient.SqlInternalConnectionTds..ctor(DbConnectionPoolIdentity identity, SqlConnectionString connectionOptions, Object providerInfo, String newPassword, SqlConnection owningObject, Boolean redirectedUserInstance)
   at System.Data.SqlClient.SqlConnectionFactory.CreateConnection(DbConnectionOptions options, Object poolGroupProviderInfo, DbConnectionPool pool, DbConnection owningConnection)
   at System.Data.ProviderBase.DbConnectionFactory.CreatePooledConnection(DbConnection owningConnection, DbConnectionPool pool, DbConnectionOptions options)
   at System.Data.ProviderBase.DbConnectionPool.CreateObject(DbConnection owningObject)
   at System.Data.ProviderBase.DbConnectionPool.UserCreateRequest(DbConnection owningObject)
   at System.Data.ProviderBase.DbConnectionPool.GetConnection(DbConnection owningObject)
   at System.Data.ProviderBase.DbConnectionFactory.GetConnection(DbConnection owningConnection)
   at System.Data.ProviderBase.DbConnectionClosed.OpenConnection(DbConnection outerConnection, DbConnectionFactory connectionFactory)
   at System.Data.SqlClient.SqlConnection.Open()
   at NHibernate.Connection.DriverConnectionProvider.GetConnection()
   at NHibernate.Tool.hbm2ddl.SchemaExport.Execute(Action`1 scriptAction, Boolean export, Boolean justDrop)
 --- End of inner exception stack trace ---
    at NHibernate.Tool.hbm2ddl.SchemaExport.Execute(Action`1 scriptAction, Boolean export, Boolean justDrop)
   at NHibernate.Tool.hbm2ddl.SchemaExport.Execute(Boolean script, Boolean export, Boolean justDrop)
   at NHibernate.Tool.hbm2ddl.SchemaExport.Create(Boolean script, Boolean export)
   at eSpares.Data.NHibernate.Tests.NHTestSetup.&lt;SetUpFactory&gt;b__0(Configuration config) in c:\TeamCity.BuildAgent\work\1140675e932e9582\Framework\ORM\NHibernate\eSpares.Data.NHibernate.Tests\NHTestSetup.cs:line 52
   at FluentNHibernate.Cfg.FluentConfiguration.BuildConfiguration() in d:\Builds\FluentNH\src\FluentNHibernate\Cfg\FluentConfiguration.cs:line 112
 --- End of inner exception stack trace ---
    at FluentNHibernate.Cfg.FluentConfiguration.BuildConfiguration() in d:\Builds\FluentNH\src\FluentNHibernate\Cfg\FluentConfiguration.cs:line 119
   at FluentNHibernate.Cfg.FluentConfiguration.BuildSessionFactory() in d:\Builds\FluentNH\src\FluentNHibernate\Cfg\FluentConfiguration.cs:line 93
 --- End of inner exception stack trace ---
    at FluentNHibernate.Cfg.FluentConfiguration.BuildSessionFactory() in d:\Builds\FluentNH\src\FluentNHibernate\Cfg\FluentConfiguration.cs:line 98
   at eSpares.Data.NHibernate.Tests.NHTestSetup.SetUpFactory(TestContext context) in c:\TeamCity.BuildAgent\work\1140675e932e9582\Framework\ORM\NHibernate\eSpares.Data.NHibernate.Tests\NHTestSetup.cs:line 41
</StackTrace>
        </ErrorInfo>
      </Output>
    </UnitTestResult>
    <UnitTestResult executionId="e0154eec-5234-4c9a-86b8-cde379d926ce" testId="de8b67d7-fd73-1db1-e709-fa995200288e" testName="TransactionalFlush_Starts_A_Transaction_With_Default_Isolation_And_Commits_When_Flush_Succeeds" computerName="ESPARES210" startTime="2010-02-12T14:44:46.0903943+00:00" endTime="2010-02-12T14:44:46.0943947+00:00" testType="13cdc9d9-ddb5-4fa4-a97d-d965ccfc6d4b" outcome="Failed" testListId="8c84fa94-04c1-424b-9868-57a2d4851a1d" relativeResultsDirectory="e0154eec-5234-4c9a-86b8-cde379d926ce">
      <Output>
        <ErrorInfo>
          <Message>Assembly Initialization method eSpares.Data.NHibernate.Tests.NHTestSetup.SetUpFactory threw exception. FluentNHibernate.Cfg.FluentConfigurationException: FluentNHibernate.Cfg.FluentConfigurationException: An invalid or incomplete configuration was used while creating a SessionFactory. Check PotentialReasons collection, and InnerException for more detail.

 ---&gt; FluentNHibernate.Cfg.FluentConfigurationException: An invalid or incomplete configuration was used while creating a SessionFactory. Check PotentialReasons collection, and InnerException for more detail.

 ---&gt; NHibernate.HibernateException: Login failed for user 'ESPARES\teamcity.buildagent'. ---&gt; System.Data.SqlClient.SqlException: Login failed for user 'ESPARES\teamcity.buildagent'.. Aborting test execution.</Message>
          <StackTrace>    at System.Data.SqlClient.SqlInternalConnection.OnError(SqlException exception, Boolean breakConnection)
   at System.Data.SqlClient.TdsParser.ThrowExceptionAndWarning()
   at System.Data.SqlClient.TdsParser.Run(RunBehavior runBehavior, SqlCommand cmdHandler, SqlDataReader dataStream, BulkCopySimpleResultSet bulkCopyHandler, TdsParserStateObject stateObj)
   at System.Data.SqlClient.SqlInternalConnectionTds.CompleteLogin(Boolean enlistOK)
   at System.Data.SqlClient.SqlInternalConnectionTds.AttemptOneLogin(ServerInfo serverInfo, String newPassword, Boolean ignoreSniOpenTimeout, TimeoutTimer timeout, SqlConnection owningObject)
   at System.Data.SqlClient.SqlInternalConnectionTds.LoginNoFailover(ServerInfo serverInfo, String newPassword, Boolean redirectedUserInstance, SqlConnection owningObject, SqlConnectionString connectionOptions, TimeoutTimer timeout)
   at System.Data.SqlClient.SqlInternalConnectionTds.OpenLoginEnlist(SqlConnection owningObject, TimeoutTimer timeout, SqlConnectionString connectionOptions, String newPassword, Boolean redirectedUserInstance)
   at System.Data.SqlClient.SqlInternalConnectionTds..ctor(DbConnectionPoolIdentity identity, SqlConnectionString connectionOptions, Object providerInfo, String newPassword, SqlConnection owningObject, Boolean redirectedUserInstance)
   at System.Data.SqlClient.SqlConnectionFactory.CreateConnection(DbConnectionOptions options, Object poolGroupProviderInfo, DbConnectionPool pool, DbConnection owningConnection)
   at System.Data.ProviderBase.DbConnectionFactory.CreatePooledConnection(DbConnection owningConnection, DbConnectionPool pool, DbConnectionOptions options)
   at System.Data.ProviderBase.DbConnectionPool.CreateObject(DbConnection owningObject)
   at System.Data.ProviderBase.DbConnectionPool.UserCreateRequest(DbConnection owningObject)
   at System.Data.ProviderBase.DbConnectionPool.GetConnection(DbConnection owningObject)
   at System.Data.ProviderBase.DbConnectionFactory.GetConnection(DbConnection owningConnection)
   at System.Data.ProviderBase.DbConnectionClosed.OpenConnection(DbConnection outerConnection, DbConnectionFactory connectionFactory)
   at System.Data.SqlClient.SqlConnection.Open()
   at NHibernate.Connection.DriverConnectionProvider.GetConnection()
   at NHibernate.Tool.hbm2ddl.SchemaExport.Execute(Action`1 scriptAction, Boolean export, Boolean justDrop)
 --- End of inner exception stack trace ---
    at NHibernate.Tool.hbm2ddl.SchemaExport.Execute(Action`1 scriptAction, Boolean export, Boolean justDrop)
   at NHibernate.Tool.hbm2ddl.SchemaExport.Execute(Boolean script, Boolean export, Boolean justDrop)
   at NHibernate.Tool.hbm2ddl.SchemaExport.Create(Boolean script, Boolean export)
   at eSpares.Data.NHibernate.Tests.NHTestSetup.&lt;SetUpFactory&gt;b__0(Configuration config) in c:\TeamCity.BuildAgent\work\1140675e932e9582\Framework\ORM\NHibernate\eSpares.Data.NHibernate.Tests\NHTestSetup.cs:line 52
   at FluentNHibernate.Cfg.FluentConfiguration.BuildConfiguration() in d:\Builds\FluentNH\src\FluentNHibernate\Cfg\FluentConfiguration.cs:line 112
 --- End of inner exception stack trace ---
    at FluentNHibernate.Cfg.FluentConfiguration.BuildConfiguration() in d:\Builds\FluentNH\src\FluentNHibernate\Cfg\FluentConfiguration.cs:line 119
   at FluentNHibernate.Cfg.FluentConfiguration.BuildSessionFactory() in d:\Builds\FluentNH\src\FluentNHibernate\Cfg\FluentConfiguration.cs:line 93
 --- End of inner exception stack trace ---
    at FluentNHibernate.Cfg.FluentConfiguration.BuildSessionFactory() in d:\Builds\FluentNH\src\FluentNHibernate\Cfg\FluentConfiguration.cs:line 98
   at eSpares.Data.NHibernate.Tests.NHTestSetup.SetUpFactory(TestContext context) in c:\TeamCity.BuildAgent\work\1140675e932e9582\Framework\ORM\NHibernate\eSpares.Data.NHibernate.Tests\NHTestSetup.cs:line 41
</StackTrace>
        </ErrorInfo>
      </Output>
    </UnitTestResult>
    <UnitTestResult executionId="a0fb9b42-6053-4191-a31f-c9737fc35004" testId="72b08290-352b-bc45-5576-ef286400ae9f" testName="TransactionalFlush_Starts_A_Transaction_With_Specified_IsolationLevel_And_Commits_When_Flush_Succeeds" computerName="ESPARES210" startTime="2010-02-12T14:44:46.0953948+00:00" endTime="2010-02-12T14:44:46.0993952+00:00" testType="13cdc9d9-ddb5-4fa4-a97d-d965ccfc6d4b" outcome="Failed" testListId="8c84fa94-04c1-424b-9868-57a2d4851a1d" relativeResultsDirectory="a0fb9b42-6053-4191-a31f-c9737fc35004">
      <Output>
        <ErrorInfo>
          <Message>Assembly Initialization method eSpares.Data.NHibernate.Tests.NHTestSetup.SetUpFactory threw exception. FluentNHibernate.Cfg.FluentConfigurationException: FluentNHibernate.Cfg.FluentConfigurationException: An invalid or incomplete configuration was used while creating a SessionFactory. Check PotentialReasons collection, and InnerException for more detail.

 ---&gt; FluentNHibernate.Cfg.FluentConfigurationException: An invalid or incomplete configuration was used while creating a SessionFactory. Check PotentialReasons collection, and InnerException for more detail.

 ---&gt; NHibernate.HibernateException: Login failed for user 'ESPARES\teamcity.buildagent'. ---&gt; System.Data.SqlClient.SqlException: Login failed for user 'ESPARES\teamcity.buildagent'.. Aborting test execution.</Message>
          <StackTrace>    at System.Data.SqlClient.SqlInternalConnection.OnError(SqlException exception, Boolean breakConnection)
   at System.Data.SqlClient.TdsParser.ThrowExceptionAndWarning()
   at System.Data.SqlClient.TdsParser.Run(RunBehavior runBehavior, SqlCommand cmdHandler, SqlDataReader dataStream, BulkCopySimpleResultSet bulkCopyHandler, TdsParserStateObject stateObj)
   at System.Data.SqlClient.SqlInternalConnectionTds.CompleteLogin(Boolean enlistOK)
   at System.Data.SqlClient.SqlInternalConnectionTds.AttemptOneLogin(ServerInfo serverInfo, String newPassword, Boolean ignoreSniOpenTimeout, TimeoutTimer timeout, SqlConnection owningObject)
   at System.Data.SqlClient.SqlInternalConnectionTds.LoginNoFailover(ServerInfo serverInfo, String newPassword, Boolean redirectedUserInstance, SqlConnection owningObject, SqlConnectionString connectionOptions, TimeoutTimer timeout)
   at System.Data.SqlClient.SqlInternalConnectionTds.OpenLoginEnlist(SqlConnection owningObject, TimeoutTimer timeout, SqlConnectionString connectionOptions, String newPassword, Boolean redirectedUserInstance)
   at System.Data.SqlClient.SqlInternalConnectionTds..ctor(DbConnectionPoolIdentity identity, SqlConnectionString connectionOptions, Object providerInfo, String newPassword, SqlConnection owningObject, Boolean redirectedUserInstance)
   at System.Data.SqlClient.SqlConnectionFactory.CreateConnection(DbConnectionOptions options, Object poolGroupProviderInfo, DbConnectionPool pool, DbConnection owningConnection)
   at System.Data.ProviderBase.DbConnectionFactory.CreatePooledConnection(DbConnection owningConnection, DbConnectionPool pool, DbConnectionOptions options)
   at System.Data.ProviderBase.DbConnectionPool.CreateObject(DbConnection owningObject)
   at System.Data.ProviderBase.DbConnectionPool.UserCreateRequest(DbConnection owningObject)
   at System.Data.ProviderBase.DbConnectionPool.GetConnection(DbConnection owningObject)
   at System.Data.ProviderBase.DbConnectionFactory.GetConnection(DbConnection owningConnection)
   at System.Data.ProviderBase.DbConnectionClosed.OpenConnection(DbConnection outerConnection, DbConnectionFactory connectionFactory)
   at System.Data.SqlClient.SqlConnection.Open()
   at NHibernate.Connection.DriverConnectionProvider.GetConnection()
   at NHibernate.Tool.hbm2ddl.SchemaExport.Execute(Action`1 scriptAction, Boolean export, Boolean justDrop)
 --- End of inner exception stack trace ---
    at NHibernate.Tool.hbm2ddl.SchemaExport.Execute(Action`1 scriptAction, Boolean export, Boolean justDrop)
   at NHibernate.Tool.hbm2ddl.SchemaExport.Execute(Boolean script, Boolean export, Boolean justDrop)
   at NHibernate.Tool.hbm2ddl.SchemaExport.Create(Boolean script, Boolean export)
   at eSpares.Data.NHibernate.Tests.NHTestSetup.&lt;SetUpFactory&gt;b__0(Configuration config) in c:\TeamCity.BuildAgent\work\1140675e932e9582\Framework\ORM\NHibernate\eSpares.Data.NHibernate.Tests\NHTestSetup.cs:line 52
   at FluentNHibernate.Cfg.FluentConfiguration.BuildConfiguration() in d:\Builds\FluentNH\src\FluentNHibernate\Cfg\FluentConfiguration.cs:line 112
 --- End of inner exception stack trace ---
    at FluentNHibernate.Cfg.FluentConfiguration.BuildConfiguration() in d:\Builds\FluentNH\src\FluentNHibernate\Cfg\FluentConfiguration.cs:line 119
   at FluentNHibernate.Cfg.FluentConfiguration.BuildSessionFactory() in d:\Builds\FluentNH\src\FluentNHibernate\Cfg\FluentConfiguration.cs:line 93
 --- End of inner exception stack trace ---
    at FluentNHibernate.Cfg.FluentConfiguration.BuildSessionFactory() in d:\Builds\FluentNH\src\FluentNHibernate\Cfg\FluentConfiguration.cs:line 98
   at eSpares.Data.NHibernate.Tests.NHTestSetup.SetUpFactory(TestContext context) in c:\TeamCity.BuildAgent\work\1140675e932e9582\Framework\ORM\NHibernate\eSpares.Data.NHibernate.Tests\NHTestSetup.cs:line 41
</StackTrace>
        </ErrorInfo>
      </Output>
    </UnitTestResult>
    <UnitTestResult executionId="bf5cc621-c759-46ac-b7fa-9dcad26bea66" testId="9602807c-ed7b-c58d-4888-d21f385b7c60" testName="TransactionalFlush_Uses_Existing_Transaction_When_Transactional_AlreadyRunning" computerName="ESPARES210" startTime="2010-02-12T14:44:46.1003953+00:00" endTime="2010-02-12T14:44:46.1053958+00:00" testType="13cdc9d9-ddb5-4fa4-a97d-d965ccfc6d4b" outcome="Failed" testListId="8c84fa94-04c1-424b-9868-57a2d4851a1d" relativeResultsDirectory="bf5cc621-c759-46ac-b7fa-9dcad26bea66">
      <Output>
        <ErrorInfo>
          <Message>Assembly Initialization method eSpares.Data.NHibernate.Tests.NHTestSetup.SetUpFactory threw exception. FluentNHibernate.Cfg.FluentConfigurationException: FluentNHibernate.Cfg.FluentConfigurationException: An invalid or incomplete configuration was used while creating a SessionFactory. Check PotentialReasons collection, and InnerException for more detail.

 ---&gt; FluentNHibernate.Cfg.FluentConfigurationException: An invalid or incomplete configuration was used while creating a SessionFactory. Check PotentialReasons collection, and InnerException for more detail.

 ---&gt; NHibernate.HibernateException: Login failed for user 'ESPARES\teamcity.buildagent'. ---&gt; System.Data.SqlClient.SqlException: Login failed for user 'ESPARES\teamcity.buildagent'.. Aborting test execution.</Message>
          <StackTrace>    at System.Data.SqlClient.SqlInternalConnection.OnError(SqlException exception, Boolean breakConnection)
   at System.Data.SqlClient.TdsParser.ThrowExceptionAndWarning()
   at System.Data.SqlClient.TdsParser.Run(RunBehavior runBehavior, SqlCommand cmdHandler, SqlDataReader dataStream, BulkCopySimpleResultSet bulkCopyHandler, TdsParserStateObject stateObj)
   at System.Data.SqlClient.SqlInternalConnectionTds.CompleteLogin(Boolean enlistOK)
   at System.Data.SqlClient.SqlInternalConnectionTds.AttemptOneLogin(ServerInfo serverInfo, String newPassword, Boolean ignoreSniOpenTimeout, TimeoutTimer timeout, SqlConnection owningObject)
   at System.Data.SqlClient.SqlInternalConnectionTds.LoginNoFailover(ServerInfo serverInfo, String newPassword, Boolean redirectedUserInstance, SqlConnection owningObject, SqlConnectionString connectionOptions, TimeoutTimer timeout)
   at System.Data.SqlClient.SqlInternalConnectionTds.OpenLoginEnlist(SqlConnection owningObject, TimeoutTimer timeout, SqlConnectionString connectionOptions, String newPassword, Boolean redirectedUserInstance)
   at System.Data.SqlClient.SqlInternalConnectionTds..ctor(DbConnectionPoolIdentity identity, SqlConnectionString connectionOptions, Object providerInfo, String newPassword, SqlConnection owningObject, Boolean redirectedUserInstance)
   at System.Data.SqlClient.SqlConnectionFactory.CreateConnection(DbConnectionOptions options, Object poolGroupProviderInfo, DbConnectionPool pool, DbConnection owningConnection)
   at System.Data.ProviderBase.DbConnectionFactory.CreatePooledConnection(DbConnection owningConnection, DbConnectionPool pool, DbConnectionOptions options)
   at System.Data.ProviderBase.DbConnectionPool.CreateObject(DbConnection owningObject)
   at System.Data.ProviderBase.DbConnectionPool.UserCreateRequest(DbConnection owningObject)
   at System.Data.ProviderBase.DbConnectionPool.GetConnection(DbConnection owningObject)
   at System.Data.ProviderBase.DbConnectionFactory.GetConnection(DbConnection owningConnection)
   at System.Data.ProviderBase.DbConnectionClosed.OpenConnection(DbConnection outerConnection, DbConnectionFactory connectionFactory)
   at System.Data.SqlClient.SqlConnection.Open()
   at NHibernate.Connection.DriverConnectionProvider.GetConnection()
   at NHibernate.Tool.hbm2ddl.SchemaExport.Execute(Action`1 scriptAction, Boolean export, Boolean justDrop)
 --- End of inner exception stack trace ---
    at NHibernate.Tool.hbm2ddl.SchemaExport.Execute(Action`1 scriptAction, Boolean export, Boolean justDrop)
   at NHibernate.Tool.hbm2ddl.SchemaExport.Execute(Boolean script, Boolean export, Boolean justDrop)
   at NHibernate.Tool.hbm2ddl.SchemaExport.Create(Boolean script, Boolean export)
   at eSpares.Data.NHibernate.Tests.NHTestSetup.&lt;SetUpFactory&gt;b__0(Configuration config) in c:\TeamCity.BuildAgent\work\1140675e932e9582\Framework\ORM\NHibernate\eSpares.Data.NHibernate.Tests\NHTestSetup.cs:line 52
   at FluentNHibernate.Cfg.FluentConfiguration.BuildConfiguration() in d:\Builds\FluentNH\src\FluentNHibernate\Cfg\FluentConfiguration.cs:line 112
 --- End of inner exception stack trace ---
    at FluentNHibernate.Cfg.FluentConfiguration.BuildConfiguration() in d:\Builds\FluentNH\src\FluentNHibernate\Cfg\FluentConfiguration.cs:line 119
   at FluentNHibernate.Cfg.FluentConfiguration.BuildSessionFactory() in d:\Builds\FluentNH\src\FluentNHibernate\Cfg\FluentConfiguration.cs:line 93
 --- End of inner exception stack trace ---
    at FluentNHibernate.Cfg.FluentConfiguration.BuildSessionFactory() in d:\Builds\FluentNH\src\FluentNHibernate\Cfg\FluentConfiguration.cs:line 98
   at eSpares.Data.NHibernate.Tests.NHTestSetup.SetUpFactory(TestContext context) in c:\TeamCity.BuildAgent\work\1140675e932e9582\Framework\ORM\NHibernate\eSpares.Data.NHibernate.Tests\NHTestSetup.cs:line 41
</StackTrace>
        </ErrorInfo>
      </Output>
    </UnitTestResult>
  </Results>
</TestRun>