<?xml version="1.0" encoding="UTF-8"?>
<TestRun id="a0081ccd-6060-4105-a64b-9df5b38b8b6f" name="builder@US07SBUILD01 2010-07-27 16:23:38" runUser="US07SBUILD01\builder" xmlns="http://microsoft.com/schemas/VisualStudio/TeamTest/2006">
  <TestRunConfiguration name="Default Run Configuration" id="7299790f-a15c-4be3-b11c-657af97d864d">
    <Deployment userDeploymentRoot="F:\TeamCity\buildAgent\work\eee3f59bf291369f" useDefaultDeploymentRoot="false" runDeploymentRoot="F:\TeamCity\buildAgent\work\eee3f59bf291369f\builder_US07SBUILD01 2010-07-27 16_23_38" />
    <Hosts skipUnhostableTests="false" />
    <TestTypeSpecific />
  </TestRunConfiguration>
  <ResultSummary outcome="Failed">
    <Counters total="302" executed="302" passed="300" error="0" failed="2" timeout="0" aborted="0" inconclusive="0" passedButRunAborted="0" notRunnable="0" notExecuted="0" disconnected="0" warning="0" completed="0" inProgress="0" pending="0" />
  </ResultSummary>
  <Times creation="2010-07-27T16:23:38.0200670-06:00" queuing="2010-07-27T16:23:40.4710820-06:00" start="2010-07-27T16:23:41.0276870-06:00" finish="2010-07-27T16:24:25.9154540-06:00" />
  <TestDefinitions>
    <UnitTest name="GetCommandersByQuery_WithCommanders" storage="f:\teamcity\buildagent\work\eee3f59bf291369f\logitech\dvs\web\test\bin\debug\logitech.dvs.web.test.dll" id="7d8a69f3-46d6-dff8-c392-55bd86aefbf7">
      <Css projectStructure="" iteration="" />
      <Description>GetCommandersByQuery throws if username is not specified</Description>
      <Owners>
        <Owner name="" />
      </Owners>
      <Execution id="2bb3a145-e809-4513-94ad-e923f3e8ba51" />
      <TestMethod codeBase="F:/TeamCity/buildAgent/work/eee3f59bf291369f/Logitech/Dvs/Web/Test/bin/Debug/Logitech.Dvs.Web.Test.DLL" adapterTypeName="Microsoft.VisualStudio.TestTools.TestTypes.Unit.UnitTestAdapter, Microsoft.VisualStudio.QualityTools.Tips.UnitTest.Adapter" className="Logitech.Dvs.Web.Test.CommanderServiceTest, Logitech.Dvs.Web.Test, Version=1.0.0.0, Culture=neutral, PublicKeyToken=null" name="GetCommandersByQuery_WithCommanders" />
    </UnitTest>
    <UnitTest name="CanonicalizeBad" storage="f:\teamcity\buildagent\work\eee3f59bf291369f\logitech\dvs\web\test\bin\debug\logitech.dvs.web.test.dll" id="aaf31dd7-69a0-cc56-e243-ae869794fb09">
      <Css projectStructure="" iteration="" />
      <Description>TryCanonicalize fails if the supplied key contains a bad character.</Description>
      <Owners>
        <Owner name="" />
      </Owners>
      <Execution id="99e7fa07-cb2c-4ffb-b7c7-56e27e06a697" />
      <TestMethod codeBase="F:/TeamCity/buildAgent/work/eee3f59bf291369f/Logitech/Dvs/Web/Test/bin/Debug/Logitech.Dvs.Web.Test.DLL" adapterTypeName="Microsoft.VisualStudio.TestTools.TestTypes.Unit.UnitTestAdapter, Microsoft.VisualStudio.QualityTools.Tips.UnitTest.Adapter" className="Logitech.Dvs.Web.Test.ProductKeyGeneratorTest, Logitech.Dvs.Web.Test, Version=1.0.0.0, Culture=neutral, PublicKeyToken=null" name="CanonicalizeBad" />
    </UnitTest>
    <UnitTest name="SiteChangeNotification" storage="f:\teamcity\buildagent\work\eee3f59bf291369f\logitech\dvs\web\test\bin\debug\logitech.dvs.web.test.dll" id="484561d4-7ff4-2268-e9a3-02f50bd11545">
      <Css projectStructure="" iteration="" />
      <Owners>
        <Owner name="" />
      </Owners>
      <Execution id="a603d885-3795-43cb-bb29-5d5da35c5b04" />
      <TestMethod codeBase="F:/TeamCity/buildAgent/work/eee3f59bf291369f/Logitech/Dvs/Web/Test/bin/Debug/Logitech.Dvs.Web.Test.DLL" adapterTypeName="Microsoft.VisualStudio.TestTools.TestTypes.Unit.UnitTestAdapter, Microsoft.VisualStudio.QualityTools.Tips.UnitTest.Adapter" className="Logitech.Dvs.Web.Test.SiteServiceTests, Logitech.Dvs.Web.Test, Version=1.0.0.0, Culture=neutral, PublicKeyToken=null" name="SiteChangeNotification" />
    </UnitTest>
    <UnitTest name="ShareNoTitle" storage="f:\teamcity\buildagent\work\eee3f59bf291369f\logitech\dvs\web\test\bin\debug\logitech.dvs.web.test.dll" id="e6338982-8fa5-a3c8-3295-90e0b376a454">
      <Css projectStructure="" iteration="" />
      <Description>Throws (400) if a title is not provided when sharing.</Description>
      <Owners>
        <Owner name="" />
      </Owners>
      <Execution id="d4aa1b40-bd56-471c-ba76-1740fe5499ed" />
      <TestMethod codeBase="F:/TeamCity/buildAgent/work/eee3f59bf291369f/Logitech/Dvs/Web/Test/bin/Debug/Logitech.Dvs.Web.Test.DLL" adapterTypeName="Microsoft.VisualStudio.TestTools.TestTypes.Unit.UnitTestAdapter, Microsoft.VisualStudio.QualityTools.Tips.UnitTest.Adapter" className="Logitech.Dvs.Web.Test.Model.YouTubeServiceTests, Logitech.Dvs.Web.Test, Version=1.0.0.0, Culture=neutral, PublicKeyToken=null" name="ShareNoTitle" />
    </UnitTest>
    <UnitTest name="GetShareStatus" storage="f:\teamcity\buildagent\work\eee3f59bf291369f\logitech\dvs\web\test\bin\debug\logitech.dvs.web.test.dll" id="8b354b68-7b53-b58a-5aab-f89685fe4cd9">
      <Css projectStructure="" iteration="" />
      <Description>GetShareStatus returns status for a known token.</Description>
      <Owners>
        <Owner name="" />
      </Owners>
      <Execution id="4c8523c7-826e-4fec-8ad7-11680d862e26" />
      <TestMethod codeBase="F:/TeamCity/buildAgent/work/eee3f59bf291369f/Logitech/Dvs/Web/Test/bin/Debug/Logitech.Dvs.Web.Test.DLL" adapterTypeName="Microsoft.VisualStudio.TestTools.TestTypes.Unit.UnitTestAdapter, Microsoft.VisualStudio.QualityTools.Tips.UnitTest.Adapter" className="Logitech.Dvs.Web.Test.ClipServiceTests, Logitech.Dvs.Web.Test, Version=1.0.0.0, Culture=neutral, PublicKeyToken=null" name="GetShareStatus" />
    </UnitTest>
    <UnitTest name="RevokeKey_Unused" storage="f:\teamcity\buildagent\work\eee3f59bf291369f\logitech\dvs\web\test\bin\debug\logitech.dvs.web.test.dll" id="0fc815a7-55a1-8277-5c86-06e2d3a6cfc3">
      <Css projectStructure="" iteration="" />
      <Description>RevokeKey marks an unused key as such.</Description>
      <Owners>
        <Owner name="" />
      </Owners>
      <Execution id="b4cc4f2e-c3a8-481d-b661-90b6e9b4e043" />
      <TestMethod codeBase="F:/TeamCity/buildAgent/work/eee3f59bf291369f/Logitech/Dvs/Web/Test/bin/Debug/Logitech.Dvs.Web.Test.DLL" adapterTypeName="Microsoft.VisualStudio.TestTools.TestTypes.Unit.UnitTestAdapter, Microsoft.VisualStudio.QualityTools.Tips.UnitTest.Adapter" className="Logitech.Dvs.Web.Test.CommerceServiceTests, Logitech.Dvs.Web.Test, Version=1.0.0.0, Culture=neutral, PublicKeyToken=null" name="RevokeKey_Unused" />
    </UnitTest>
    <UnitTest name="GetProductRegistration_ById" storage="f:\teamcity\buildagent\work\eee3f59bf291369f\logitech\dvs\web\test\bin\debug\logitech.dvs.web.test.dll" id="98094c08-a7d2-b64f-1e29-3f79397d2a44">
      <Css projectStructure="" iteration="" />
      <Description>GetProductRegistration_ById - returns the product info</Description>
      <Owners>
        <Owner name="" />
      </Owners>
      <Execution id="81a303b3-2850-4d04-852c-7dfd3ae9bae5" />
      <TestMethod codeBase="F:/TeamCity/buildAgent/work/eee3f59bf291369f/Logitech/Dvs/Web/Test/bin/Debug/Logitech.Dvs.Web.Test.DLL" adapterTypeName="Microsoft.VisualStudio.TestTools.TestTypes.Unit.UnitTestAdapter, Microsoft.VisualStudio.QualityTools.Tips.UnitTest.Adapter" className="Logitech.Dvs.Web.Test.CommerceServiceTests, Logitech.Dvs.Web.Test, Version=1.0.0.0, Culture=neutral, PublicKeyToken=null" name="GetProductRegistration_ById" />
    </UnitTest>
    <UnitTest name="CreateProductKeyBatch_BatchEntity" storage="f:\teamcity\buildagent\work\eee3f59bf291369f\logitech\dvs\web\test\bin\debug\logitech.dvs.web.test.dll" id="f30c2e91-b62b-7795-cc3e-759b7cca1a28">
      <Css projectStructure="" iteration="" />
      <Description>CreateProductKeyBatch creates a new product key batch entity.</Description>
      <Owners>
        <Owner name="" />
      </Owners>
      <Execution id="d4a3a3f1-1956-4239-b129-420c1942f943" />
      <TestMethod codeBase="F:/TeamCity/buildAgent/work/eee3f59bf291369f/Logitech/Dvs/Web/Test/bin/Debug/Logitech.Dvs.Web.Test.DLL" adapterTypeName="Microsoft.VisualStudio.TestTools.TestTypes.Unit.UnitTestAdapter, Microsoft.VisualStudio.QualityTools.Tips.UnitTest.Adapter" className="Logitech.Dvs.Web.Test.CommerceServiceTests, Logitech.Dvs.Web.Test, Version=1.0.0.0, Culture=neutral, PublicKeyToken=null" name="CreateProductKeyBatch_BatchEntity" />
    </UnitTest>
    <UnitTest name="RegisterKey_Unused" storage="f:\teamcity\buildagent\work\eee3f59bf291369f\logitech\dvs\web\test\bin\debug\logitech.dvs.web.test.dll" id="a20a8c05-c9e8-b130-fe0a-18197f12b7d8">
      <Css projectStructure="" iteration="" />
      <Description>RegisterKey registers the unused product key for the user</Description>
      <Owners>
        <Owner name="" />
      </Owners>
      <Execution id="61d550b1-7dff-4bb1-b050-b132606ac154" />
      <TestMethod codeBase="F:/TeamCity/buildAgent/work/eee3f59bf291369f/Logitech/Dvs/Web/Test/bin/Debug/Logitech.Dvs.Web.Test.DLL" adapterTypeName="Microsoft.VisualStudio.TestTools.TestTypes.Unit.UnitTestAdapter, Microsoft.VisualStudio.QualityTools.Tips.UnitTest.Adapter" className="Logitech.Dvs.Web.Test.CommerceServiceTests, Logitech.Dvs.Web.Test, Version=1.0.0.0, Culture=neutral, PublicKeyToken=null" name="RegisterKey_Unused" />
    </UnitTest>
    <UnitTest name="ToFromHex" storage="f:\teamcity\buildagent\work\eee3f59bf291369f\logitech\dvs\web\test\bin\debug\logitech.dvs.web.test.dll" id="7d1b6eb2-17a8-965e-afc6-b3ad8586ce59">
      <Css projectStructure="" iteration="" />
      <Description>Data can be round-tripped through hexadecimal conversion.</Description>
      <Owners>
        <Owner name="" />
      </Owners>
      <Execution id="d9bfed8e-6de8-4657-b82a-cc1d7e1d96aa" />
      <TestMethod codeBase="F:/TeamCity/buildAgent/work/eee3f59bf291369f/Logitech/Dvs/Web/Test/bin/Debug/Logitech.Dvs.Web.Test.DLL" adapterTypeName="Microsoft.VisualStudio.TestTools.TestTypes.Unit.UnitTestAdapter, Microsoft.VisualStudio.QualityTools.Tips.UnitTest.Adapter" className="Logitech.Dvs.Web.Test.DigestAuthenticationTest, Logitech.Dvs.Web.Test, Version=1.0.0.0, Culture=neutral, PublicKeyToken=null" name="ToFromHex" />
    </UnitTest>
    <UnitTest name="SupportTechReturns0" storage="f:\teamcity\buildagent\work\eee3f59bf291369f\logitech\dvs\web\test\bin\debug\logitech.dvs.web.test.dll" id="74b85d73-6266-98a9-3ad5-010c26e2a7ba">
      <Css projectStructure="" iteration="" />
      <Owners>
        <Owner name="" />
      </Owners>
      <Execution id="314cbeda-6465-49ac-859b-d6105398c642" />
      <TestMethod codeBase="F:/TeamCity/buildAgent/work/eee3f59bf291369f/Logitech/Dvs/Web/Test/bin/Debug/Logitech.Dvs.Web.Test.DLL" adapterTypeName="Microsoft.VisualStudio.TestTools.TestTypes.Unit.UnitTestAdapter, Microsoft.VisualStudio.QualityTools.Tips.UnitTest.Adapter" className="Logitech.Dvs.Web.Test.SupportServiceTests, Logitech.Dvs.Web.Test, Version=1.0.0.0, Culture=neutral, PublicKeyToken=null" name="SupportTechReturns0" />
    </UnitTest>
    <UnitTest name="FindCustomers_LastName_StartsWith" storage="f:\teamcity\buildagent\work\eee3f59bf291369f\logitech\dvs\web\test\bin\debug\logitech.dvs.web.test.dll" id="84a66a25-e26d-1d6a-bb8b-512b3fae0c7e">
      <Css projectStructure="" iteration="" />
      <Description>Tests search by lastname starts with</Description>
      <Owners>
        <Owner name="" />
      </Owners>
      <Execution id="d97ed872-9ff9-4923-a10f-8100d0e086ce" />
      <TestMethod codeBase="F:/TeamCity/buildAgent/work/eee3f59bf291369f/Logitech/Dvs/Web/Test/bin/Debug/Logitech.Dvs.Web.Test.DLL" adapterTypeName="Microsoft.VisualStudio.TestTools.TestTypes.Unit.UnitTestAdapter, Microsoft.VisualStudio.QualityTools.Tips.UnitTest.Adapter" className="Logitech.Dvs.Web.Test.SupportServiceTests, Logitech.Dvs.Web.Test, Version=1.0.0.0, Culture=neutral, PublicKeyToken=null" name="FindCustomers_LastName_StartsWith" />
    </UnitTest>
    <UnitTest name="DenyRoles_IsNotAuthorized" storage="f:\teamcity\buildagent\work\eee3f59bf291369f\logitech\dvs\web\test\bin\debug\logitech.dvs.web.test.dll" id="974004cf-5b93-b1fd-cfef-4114a6b0eb5e">
      <Css projectStructure="" iteration="" />
      <Owners>
        <Owner name="" />
      </Owners>
      <Execution id="77f993fe-c2c0-4e9d-9546-823c231862b6" />
      <TestMethod codeBase="F:/TeamCity/buildAgent/work/eee3f59bf291369f/Logitech/Dvs/Web/Test/bin/Debug/Logitech.Dvs.Web.Test.DLL" adapterTypeName="Microsoft.VisualStudio.TestTools.TestTypes.Unit.UnitTestAdapter, Microsoft.VisualStudio.QualityTools.Tips.UnitTest.Adapter" className="Logitech.Dvs.Web.Test.RoleSecurityAttributeTests, Logitech.Dvs.Web.Test, Version=1.0.0.0, Culture=neutral, PublicKeyToken=null" name="DenyRoles_IsNotAuthorized" />
    </UnitTest>
    <UnitTest name="GetProductKeyCategories_ToProductKeyCategoryInfoCollection" storage="f:\teamcity\buildagent\work\eee3f59bf291369f\logitech\dvs\web\test\bin\debug\logitech.dvs.web.test.dll" id="ee13f6c0-8b34-9f2f-ac08-2c4e323be5f9">
      <Css projectStructure="" iteration="" />
      <Description>GetProductKeyCategories - tests the mapping of ProductKeyCategory Entities to ProductKeyCategoryInfoCollection</Description>
      <Owners>
        <Owner name="" />
      </Owners>
      <Execution id="20a5dc05-8071-4f75-b9ea-78026b0df54b" />
      <TestMethod codeBase="F:/TeamCity/buildAgent/work/eee3f59bf291369f/Logitech/Dvs/Web/Test/bin/Debug/Logitech.Dvs.Web.Test.DLL" adapterTypeName="Microsoft.VisualStudio.TestTools.TestTypes.Unit.UnitTestAdapter, Microsoft.VisualStudio.QualityTools.Tips.UnitTest.Adapter" className="Logitech.Dvs.Web.Test.CommerceServiceTests, Logitech.Dvs.Web.Test, Version=1.0.0.0, Culture=neutral, PublicKeyToken=null" name="GetProductKeyCategories_ToProductKeyCategoryInfoCollection" />
    </UnitTest>
    <UnitTest name="RegisterKey_Twice" storage="f:\teamcity\buildagent\work\eee3f59bf291369f\logitech\dvs\web\test\bin\debug\logitech.dvs.web.test.dll" id="5eb3cb50-06bf-c88b-62e0-45a893499431">
      <Css projectStructure="" iteration="" />
      <Description>RegisterKey doesn't change the expiration date if registration is repeated.</Description>
      <Owners>
        <Owner name="" />
      </Owners>
      <Execution id="f6e80a9e-481d-4d73-9d63-011cc692a14d" />
      <TestMethod codeBase="F:/TeamCity/buildAgent/work/eee3f59bf291369f/Logitech/Dvs/Web/Test/bin/Debug/Logitech.Dvs.Web.Test.DLL" adapterTypeName="Microsoft.VisualStudio.TestTools.TestTypes.Unit.UnitTestAdapter, Microsoft.VisualStudio.QualityTools.Tips.UnitTest.Adapter" className="Logitech.Dvs.Web.Test.CommerceServiceTests, Logitech.Dvs.Web.Test, Version=1.0.0.0, Culture=neutral, PublicKeyToken=null" name="RegisterKey_Twice" />
    </UnitTest>
    <UnitTest name="AuthenticateBadNOnceEmpty" storage="f:\teamcity\buildagent\work\eee3f59bf291369f\logitech\dvs\web\test\bin\debug\logitech.dvs.web.test.dll" id="0270e931-dbd3-44cc-9ed9-4d77c939a149">
      <Css projectStructure="" iteration="" />
      <Description>A request with a bad nonce gets a 401.</Description>
      <Owners>
        <Owner name="" />
      </Owners>
      <Execution id="20bd1d6f-c4e5-4df6-b939-f2e1272a5192" />
      <TestMethod codeBase="F:/TeamCity/buildAgent/work/eee3f59bf291369f/Logitech/Dvs/Web/Test/bin/Debug/Logitech.Dvs.Web.Test.DLL" adapterTypeName="Microsoft.VisualStudio.TestTools.TestTypes.Unit.UnitTestAdapter, Microsoft.VisualStudio.QualityTools.Tips.UnitTest.Adapter" className="Logitech.Dvs.Web.Test.DigestAuthenticationTest, Logitech.Dvs.Web.Test, Version=1.0.0.0, Culture=neutral, PublicKeyToken=null" name="AuthenticateBadNOnceEmpty" />
    </UnitTest>
    <UnitTest name="CanonicalizeCase" storage="f:\teamcity\buildagent\work\eee3f59bf291369f\logitech\dvs\web\test\bin\debug\logitech.dvs.web.test.dll" id="9fce87a9-47ce-9ef1-a54b-acbba1b150be">
      <Css projectStructure="" iteration="" />
      <Description>TryCanonicalize converts to upper case.</Description>
      <Owners>
        <Owner name="" />
      </Owners>
      <Execution id="3a3da042-a456-4791-bcdc-6eb7a75c09e9" />
      <TestMethod codeBase="F:/TeamCity/buildAgent/work/eee3f59bf291369f/Logitech/Dvs/Web/Test/bin/Debug/Logitech.Dvs.Web.Test.DLL" adapterTypeName="Microsoft.VisualStudio.TestTools.TestTypes.Unit.UnitTestAdapter, Microsoft.VisualStudio.QualityTools.Tips.UnitTest.Adapter" className="Logitech.Dvs.Web.Test.ProductKeyGeneratorTest, Logitech.Dvs.Web.Test, Version=1.0.0.0, Culture=neutral, PublicKeyToken=null" name="CanonicalizeCase" />
    </UnitTest>
    <UnitTest name="MixedRolesStillWork" storage="f:\teamcity\buildagent\work\eee3f59bf291369f\logitech\dvs\web\test\bin\debug\logitech.dvs.web.test.dll" id="b3c8bdfc-5ee6-a3a3-57fe-74c626d992e6">
      <Css projectStructure="" iteration="" />
      <Owners>
        <Owner name="" />
      </Owners>
      <Execution id="fa090bb0-e494-4706-9021-5ed9cade923a" />
      <TestMethod codeBase="F:/TeamCity/buildAgent/work/eee3f59bf291369f/Logitech/Dvs/Web/Test/bin/Debug/Logitech.Dvs.Web.Test.DLL" adapterTypeName="Microsoft.VisualStudio.TestTools.TestTypes.Unit.UnitTestAdapter, Microsoft.VisualStudio.QualityTools.Tips.UnitTest.Adapter" className="Logitech.Dvs.Web.Test.SupportServiceTests, Logitech.Dvs.Web.Test, Version=1.0.0.0, Culture=neutral, PublicKeyToken=null" name="MixedRolesStillWork" />
    </UnitTest>
    <UnitTest name="VideoKeyFrameRateIsSet" storage="f:\teamcity\buildagent\work\eee3f59bf291369f\logitech\dvs\web\test\bin\debug\logitech.dvs.web.test.dll" id="5f442f65-6874-6e7c-7235-196cce38adc5">
      <Css projectStructure="" iteration="" />
      <Owners>
        <Owner name="" />
      </Owners>
      <Execution id="dc2d9ef1-bf03-4f8e-90e0-db7fb42a7e06" />
      <TestMethod codeBase="F:/TeamCity/buildAgent/work/eee3f59bf291369f/Logitech/Dvs/Web/Test/bin/Debug/Logitech.Dvs.Web.Test.DLL" adapterTypeName="Microsoft.VisualStudio.TestTools.TestTypes.Unit.UnitTestAdapter, Microsoft.VisualStudio.QualityTools.Tips.UnitTest.Adapter" className="Logitech.Dvs.Web.Test.LiveStreamTests, Logitech.Dvs.Web.Test, Version=1.0.0.0, Culture=neutral, PublicKeyToken=null" name="VideoKeyFrameRateIsSet" />
    </UnitTest>
    <UnitTest name="GetUserByUserName_ValidUserName_NoCache" storage="f:\teamcity\buildagent\work\eee3f59bf291369f\logitech\dvs\test\bin\debug\logitech.dvs.test.dll" id="66f41b72-5e75-2f83-64ea-e4a96925a996">
      <Css projectStructure="" iteration="" />
      <Owners>
        <Owner name="" />
      </Owners>
      <Execution id="a15af3d8-190f-4cc5-836f-111be3cb5d8b" />
      <TestMethod codeBase="F:/TeamCity/buildAgent/work/eee3f59bf291369f/Logitech/Dvs/Test/bin/Debug/Logitech.Dvs.Test.DLL" adapterTypeName="Microsoft.VisualStudio.TestTools.TestTypes.Unit.UnitTestAdapter, Microsoft.VisualStudio.QualityTools.Tips.UnitTest.Adapter" className="Logitech.Dvs.Entities.Test.DvsEntityContextTests, Logitech.Dvs.Test, Version=1.0.0.0, Culture=neutral, PublicKeyToken=null" name="GetUserByUserName_ValidUserName_NoCache" />
    </UnitTest>
    <UnitTest name="UpdatePresence_StatusNotChanged" storage="f:\teamcity\buildagent\work\eee3f59bf291369f\logitech\dvs\web\test\bin\debug\logitech.dvs.web.test.dll" id="b1a5dde0-902d-b14c-1978-2a18db98df95">
      <Css projectStructure="" iteration="" />
      <Description>Presence doesn't update OnlineStatusChanged if available hasn't changed</Description>
      <Owners>
        <Owner name="" />
      </Owners>
      <Execution id="7d01d62d-55ec-4bd8-92f6-13b99f6dcd97" />
      <TestMethod codeBase="F:/TeamCity/buildAgent/work/eee3f59bf291369f/Logitech/Dvs/Web/Test/bin/Debug/Logitech.Dvs.Web.Test.DLL" adapterTypeName="Microsoft.VisualStudio.TestTools.TestTypes.Unit.UnitTestAdapter, Microsoft.VisualStudio.QualityTools.Tips.UnitTest.Adapter" className="Logitech.Dvs.Web.Test.CameraServiceTest, Logitech.Dvs.Web.Test, Version=1.0.0.0, Culture=neutral, PublicKeyToken=null" name="UpdatePresence_StatusNotChanged" />
    </UnitTest>
    <UnitTest name="GetCustomerDetailInfo_UserNotFound" storage="f:\teamcity\buildagent\work\eee3f59bf291369f\logitech\dvs\web\test\bin\debug\logitech.dvs.web.test.dll" id="cd32ee02-cad1-f47b-fc16-d6b7d0d0e743">
      <Css projectStructure="" iteration="" />
      <Description>GetCustomerDetailInfo throws if not found</Description>
      <Owners>
        <Owner name="" />
      </Owners>
      <Execution id="757e65b6-a4cd-4fff-9256-685a04e83b33" />
      <TestMethod codeBase="F:/TeamCity/buildAgent/work/eee3f59bf291369f/Logitech/Dvs/Web/Test/bin/Debug/Logitech.Dvs.Web.Test.DLL" adapterTypeName="Microsoft.VisualStudio.TestTools.TestTypes.Unit.UnitTestAdapter, Microsoft.VisualStudio.QualityTools.Tips.UnitTest.Adapter" className="Logitech.Dvs.Web.Test.SupportServiceTests, Logitech.Dvs.Web.Test, Version=1.0.0.0, Culture=neutral, PublicKeyToken=null" name="GetCustomerDetailInfo_UserNotFound" />
    </UnitTest>
    <UnitTest name="RetryLimited" storage="f:\teamcity\buildagent\work\eee3f59bf291369f\logitech\dvs\test\bin\debug\logitech.dvs.test.dll" id="50ade168-ed03-96f1-de8b-682574757345">
      <Css projectStructure="" iteration="" />
      <Description>Eventually fails with too many IOExceptions.</Description>
      <Owners>
        <Owner name="" />
      </Owners>
      <Execution id="70e39a7c-ae95-4093-accd-9dd787e4f412" />
      <TestMethod codeBase="F:/TeamCity/buildAgent/work/eee3f59bf291369f/Logitech/Dvs/Test/bin/Debug/Logitech.Dvs.Test.DLL" adapterTypeName="Microsoft.VisualStudio.TestTools.TestTypes.Unit.UnitTestAdapter, Microsoft.VisualStudio.QualityTools.Tips.UnitTest.Adapter" className="Logitech.Dvs.Test.FileObjectStoreTests, Logitech.Dvs.Test, Version=1.0.0.0, Culture=neutral, PublicKeyToken=null" name="RetryLimited" expectedException="System.IO.IOException, mscorlib, Version=2.0.0.0, Culture=neutral, PublicKeyToken=b77a5c561934e089" />
    </UnitTest>
    <UnitTest name="RoundTrip" storage="f:\teamcity\buildagent\work\eee3f59bf291369f\logitech\dvs\test\bin\debug\logitech.dvs.test.dll" id="6726775e-8c94-6dc7-4475-35d32e3bf34f">
      <Css projectStructure="" iteration="" />
      <Description>Round-trips objects.</Description>
      <Owners>
        <Owner name="" />
      </Owners>
      <Execution id="905efd6c-ee34-4e49-afde-cb456671ef7f" />
      <TestMethod codeBase="F:/TeamCity/buildAgent/work/eee3f59bf291369f/Logitech/Dvs/Test/bin/Debug/Logitech.Dvs.Test.DLL" adapterTypeName="Microsoft.VisualStudio.TestTools.TestTypes.Unit.UnitTestAdapter, Microsoft.VisualStudio.QualityTools.Tips.UnitTest.Adapter" className="Logitech.Dvs.Test.FileObjectStoreTests, Logitech.Dvs.Test, Version=1.0.0.0, Culture=neutral, PublicKeyToken=null" name="RoundTrip" />
    </UnitTest>
    <UnitTest name="GetShareStatusRemove" storage="f:\teamcity\buildagent\work\eee3f59bf291369f\logitech\dvs\web\test\bin\debug\logitech.dvs.web.test.dll" id="1b3c1621-47c1-c65d-cab3-63aef7adbcf0">
      <Css projectStructure="" iteration="" />
      <Description>GetShareStatus removes the status object when the share is completed.</Description>
      <Owners>
        <Owner name="" />
      </Owners>
      <Execution id="dce62ec1-2621-41cf-979a-1483761e1dcb" />
      <TestMethod codeBase="F:/TeamCity/buildAgent/work/eee3f59bf291369f/Logitech/Dvs/Web/Test/bin/Debug/Logitech.Dvs.Web.Test.DLL" adapterTypeName="Microsoft.VisualStudio.TestTools.TestTypes.Unit.UnitTestAdapter, Microsoft.VisualStudio.QualityTools.Tips.UnitTest.Adapter" className="Logitech.Dvs.Web.Test.ClipServiceTests, Logitech.Dvs.Web.Test, Version=1.0.0.0, Culture=neutral, PublicKeyToken=null" name="GetShareStatusRemove" />
    </UnitTest>
    <UnitTest name="DeleteFile" storage="f:\teamcity\buildagent\work\eee3f59bf291369f\logitech\dvs\test\bin\debug\logitech.dvs.test.dll" id="a44a7fa8-33ab-6b63-92a6-f63ae4eb1fe0">
      <Css projectStructure="" iteration="" />
      <Description>DeleteFile deletes a file at the specified location.</Description>
      <Owners>
        <Owner name="" />
      </Owners>
      <Execution id="69389681-1fe2-4ac9-8445-365b35ddb106" />
      <TestMethod codeBase="F:/TeamCity/buildAgent/work/eee3f59bf291369f/Logitech/Dvs/Test/bin/Debug/Logitech.Dvs.Test.DLL" adapterTypeName="Microsoft.VisualStudio.TestTools.TestTypes.Unit.UnitTestAdapter, Microsoft.VisualStudio.QualityTools.Tips.UnitTest.Adapter" className="Logitech.Dvs.Test.FileSharedStorageTests, Logitech.Dvs.Test, Version=1.0.0.0, Culture=neutral, PublicKeyToken=null" name="DeleteFile" />
    </UnitTest>
    <UnitTest name="KnownCode" storage="f:\teamcity\buildagent\work\eee3f59bf291369f\logitech\dvs\messaging\test\bin\debug\logitech.dvs.messaging.test.dll" id="70855c05-0b37-d8dd-ffc8-e452304d4a81">
      <Css projectStructure="" iteration="" />
      <Description>CustomResultCodeString is formatted correctly for a known code.</Description>
      <Owners>
        <Owner name="" />
      </Owners>
      <Execution id="52a8c096-7a8e-405b-9312-3864142368c6" />
      <TestMethod codeBase="F:/TeamCity/buildAgent/work/eee3f59bf291369f/Logitech/Dvs/Messaging/Test/bin/Debug/Logitech.Dvs.Messaging.Test.DLL" adapterTypeName="Microsoft.VisualStudio.TestTools.TestTypes.Unit.UnitTestAdapter, Microsoft.VisualStudio.QualityTools.Tips.UnitTest.Adapter" className="Logitech.Dvs.Messaging.Test.XmppExceptionTests, Logitech.Dvs.Messaging.Test, Version=1.0.0.0, Culture=neutral, PublicKeyToken=null" name="KnownCode" />
    </UnitTest>
    <UnitTest name="LengthTimeout" storage="f:\teamcity\buildagent\work\eee3f59bf291369f\logitech\dvs\web\test\bin\debug\logitech.dvs.web.test.dll" id="6d3e5c91-95f9-6859-be47-0bc8ba4028fc">
      <Css projectStructure="" iteration="" />
      <Description>Getting the Length throws if the header chunk doesn't exist within the timeout.</Description>
      <Owners>
        <Owner name="" />
      </Owners>
      <Execution id="8cc00492-7c24-4214-954b-2f5b0f2dae14" />
      <TestMethod codeBase="F:/TeamCity/buildAgent/work/eee3f59bf291369f/Logitech/Dvs/Web/Test/bin/Debug/Logitech.Dvs.Web.Test.DLL" adapterTypeName="Microsoft.VisualStudio.TestTools.TestTypes.Unit.UnitTestAdapter, Microsoft.VisualStudio.QualityTools.Tips.UnitTest.Adapter" className="Logitech.Dvs.Web.Test.ChunkOutputStreamTests, Logitech.Dvs.Web.Test, Version=1.0.0.0, Culture=neutral, PublicKeyToken=null" name="LengthTimeout" expectedException="System.TimeoutException, mscorlib, Version=2.0.0.0, Culture=neutral, PublicKeyToken=b77a5c561934e089" />
    </UnitTest>
    <UnitTest name="GenerateDifferent" storage="f:\teamcity\buildagent\work\eee3f59bf291369f\logitech\dvs\web\test\bin\debug\logitech.dvs.web.test.dll" id="f893e679-9ec3-656e-1ae3-f8ac5f6ec8cb">
      <Css projectStructure="" iteration="" />
      <Description>Successive calls to generate create different keys.</Description>
      <Owners>
        <Owner name="" />
      </Owners>
      <Execution id="d1f89839-20a1-4e21-846d-bed0e8f044b3" />
      <TestMethod codeBase="F:/TeamCity/buildAgent/work/eee3f59bf291369f/Logitech/Dvs/Web/Test/bin/Debug/Logitech.Dvs.Web.Test.DLL" adapterTypeName="Microsoft.VisualStudio.TestTools.TestTypes.Unit.UnitTestAdapter, Microsoft.VisualStudio.QualityTools.Tips.UnitTest.Adapter" className="Logitech.Dvs.Web.Test.ProductKeyGeneratorTest, Logitech.Dvs.Web.Test, Version=1.0.0.0, Culture=neutral, PublicKeyToken=null" name="GenerateDifferent" />
    </UnitTest>
    <UnitTest name="FindCustomers_MacAddress" storage="f:\teamcity\buildagent\work\eee3f59bf291369f\logitech\dvs\web\test\bin\debug\logitech.dvs.web.test.dll" id="33d3d3bf-2d62-a4b9-1265-7dfb56cd3ee4">
      <Css projectStructure="" iteration="" />
      <Description>Tests mac address</Description>
      <Owners>
        <Owner name="" />
      </Owners>
      <Execution id="f9afbb03-2ad5-4422-9811-98bc6fac5d17" />
      <TestMethod codeBase="F:/TeamCity/buildAgent/work/eee3f59bf291369f/Logitech/Dvs/Web/Test/bin/Debug/Logitech.Dvs.Web.Test.DLL" adapterTypeName="Microsoft.VisualStudio.TestTools.TestTypes.Unit.UnitTestAdapter, Microsoft.VisualStudio.QualityTools.Tips.UnitTest.Adapter" className="Logitech.Dvs.Web.Test.SupportServiceTests, Logitech.Dvs.Web.Test, Version=1.0.0.0, Culture=neutral, PublicKeyToken=null" name="FindCustomers_MacAddress" />
    </UnitTest>
    <UnitTest name="RoundTrip" storage="f:\teamcity\buildagent\work\eee3f59bf291369f\logitech\dvs\web\test\bin\debug\logitech.dvs.web.test.dll" id="5601629a-d6e3-8737-e14b-9a7a791f8a68">
      <Css projectStructure="" iteration="" />
      <Description>Data can be round-tripped through encryption and decryption.</Description>
      <Owners>
        <Owner name="" />
      </Owners>
      <Execution id="47d50aea-3e5a-44a9-87fd-eb9ecc4ccafe" />
      <TestMethod codeBase="F:/TeamCity/buildAgent/work/eee3f59bf291369f/Logitech/Dvs/Web/Test/bin/Debug/Logitech.Dvs.Web.Test.DLL" adapterTypeName="Microsoft.VisualStudio.TestTools.TestTypes.Unit.UnitTestAdapter, Microsoft.VisualStudio.QualityTools.Tips.UnitTest.Adapter" className="Logitech.Dvs.Web.Test.EncryptionServiceTests, Logitech.Dvs.Web.Test, Version=1.0.0.0, Culture=neutral, PublicKeyToken=null" name="RoundTrip" />
    </UnitTest>
    <UnitTest name="UpdateSupportUser_Role_SupportManager" storage="f:\teamcity\buildagent\work\eee3f59bf291369f\logitech\dvs\web\test\bin\debug\logitech.dvs.web.test.dll" id="75bdbe14-6c23-d779-33ae-7b4d2fe28f9a">
      <Css projectStructure="" iteration="" />
      <Description>UpdateSupportUser updates the role for a support manager</Description>
      <Owners>
        <Owner name="" />
      </Owners>
      <Execution id="11f5e1e7-4bfd-4060-afa4-bfe802bfd14c" />
      <TestMethod codeBase="F:/TeamCity/buildAgent/work/eee3f59bf291369f/Logitech/Dvs/Web/Test/bin/Debug/Logitech.Dvs.Web.Test.DLL" adapterTypeName="Microsoft.VisualStudio.TestTools.TestTypes.Unit.UnitTestAdapter, Microsoft.VisualStudio.QualityTools.Tips.UnitTest.Adapter" className="Logitech.Dvs.Web.Test.SupportServiceTests, Logitech.Dvs.Web.Test, Version=1.0.0.0, Culture=neutral, PublicKeyToken=null" name="UpdateSupportUser_Role_SupportManager" />
    </UnitTest>
    <UnitTest name="TestGetCountry" storage="f:\teamcity\buildagent\work\eee3f59bf291369f\logitech\dvs\web\test\bin\debug\logitech.dvs.web.test.dll" id="981af072-6289-0acc-a3e5-fe3d7fb25f2e">
      <Css projectStructure="" iteration="" />
      <Owners>
        <Owner name="" />
      </Owners>
      <DeploymentItems>
        <DeploymentItem filename="GeoIP.dat" />
      </DeploymentItems>
      <Execution id="37edfbd1-3ced-4af3-8bf7-5ddfd9be12bb" />
      <TestMethod codeBase="F:/TeamCity/buildAgent/work/eee3f59bf291369f/Logitech/Dvs/Web/Test/bin/Debug/Logitech.Dvs.Web.Test.DLL" adapterTypeName="Microsoft.VisualStudio.TestTools.TestTypes.Unit.UnitTestAdapter, Microsoft.VisualStudio.QualityTools.Tips.UnitTest.Adapter" className="Logitech.Dvs.Web.Test.HostIPServiceTest, Logitech.Dvs.Web.Test, Version=1.0.0.0, Culture=neutral, PublicKeyToken=null" name="TestGetCountry" />
    </UnitTest>
    <UnitTest name="RoundTripBase64" storage="f:\teamcity\buildagent\work\eee3f59bf291369f\logitech\dvs\web\test\bin\debug\logitech.dvs.web.test.dll" id="6fd82b1f-f509-acd0-818b-afaf7cff43d4">
      <Css projectStructure="" iteration="" />
      <Description>Data can be round-tripped through encryption and decryption using the base 64 variations.</Description>
      <Owners>
        <Owner name="" />
      </Owners>
      <Execution id="6daa5215-f3ec-4ec5-bdb9-c6437ea3e365" />
      <TestMethod codeBase="F:/TeamCity/buildAgent/work/eee3f59bf291369f/Logitech/Dvs/Web/Test/bin/Debug/Logitech.Dvs.Web.Test.DLL" adapterTypeName="Microsoft.VisualStudio.TestTools.TestTypes.Unit.UnitTestAdapter, Microsoft.VisualStudio.QualityTools.Tips.UnitTest.Adapter" className="Logitech.Dvs.Web.Test.EncryptionServiceTests, Logitech.Dvs.Web.Test, Version=1.0.0.0, Culture=neutral, PublicKeyToken=null" name="RoundTripBase64" />
    </UnitTest>
    <UnitTest name="FindCustomers_ExactEmail" storage="f:\teamcity\buildagent\work\eee3f59bf291369f\logitech\dvs\web\test\bin\debug\logitech.dvs.web.test.dll" id="070f280e-1211-af84-c8f7-33777304d4d5">
      <Css projectStructure="" iteration="" />
      <Description>Tests exact email</Description>
      <Owners>
        <Owner name="" />
      </Owners>
      <Execution id="55e098f9-9880-41a9-9012-6f714f78b0cc" />
      <TestMethod codeBase="F:/TeamCity/buildAgent/work/eee3f59bf291369f/Logitech/Dvs/Web/Test/bin/Debug/Logitech.Dvs.Web.Test.DLL" adapterTypeName="Microsoft.VisualStudio.TestTools.TestTypes.Unit.UnitTestAdapter, Microsoft.VisualStudio.QualityTools.Tips.UnitTest.Adapter" className="Logitech.Dvs.Web.Test.SupportServiceTests, Logitech.Dvs.Web.Test, Version=1.0.0.0, Culture=neutral, PublicKeyToken=null" name="FindCustomers_ExactEmail" />
    </UnitTest>
    <UnitTest name="CallsAuthServiceWithUserId" storage="f:\teamcity\buildagent\work\eee3f59bf291369f\logitech\dvs\web\test\bin\debug\logitech.dvs.web.test.dll" id="47ccac5f-86fa-182c-dfaa-e5b82d7dadd3">
      <Css projectStructure="" iteration="" />
      <Description>Calls auth service using the userid without throwing.</Description>
      <Owners>
        <Owner name="" />
      </Owners>
      <Execution id="210c7862-1e74-4afe-aee3-72f821b2df9a" />
      <TestMethod codeBase="F:/TeamCity/buildAgent/work/eee3f59bf291369f/Logitech/Dvs/Web/Test/bin/Debug/Logitech.Dvs.Web.Test.DLL" adapterTypeName="Microsoft.VisualStudio.TestTools.TestTypes.Unit.UnitTestAdapter, Microsoft.VisualStudio.QualityTools.Tips.UnitTest.Adapter" className="Logitech.Dvs.Web.Test.RuntimeUserResolverTests, Logitech.Dvs.Web.Test, Version=1.0.0.0, Culture=neutral, PublicKeyToken=null" name="CallsAuthServiceWithUserId" />
    </UnitTest>
    <UnitTest name="AddElemActionNull" storage="f:\teamcity\buildagent\work\eee3f59bf291369f\logitech\dvs\test\bin\debug\logitech.dvs.test.dll" id="59bd8471-ac8c-7cf1-7649-528da6ad711e">
      <Css projectStructure="" iteration="" />
      <Description>Calling add element with a null parent never invokes the action and returns null</Description>
      <Owners>
        <Owner name="" />
      </Owners>
      <Execution id="4ddf8723-f8e5-4e12-9c77-738852bca81f" />
      <TestMethod codeBase="F:/TeamCity/buildAgent/work/eee3f59bf291369f/Logitech/Dvs/Test/bin/Debug/Logitech.Dvs.Test.DLL" adapterTypeName="Microsoft.VisualStudio.TestTools.TestTypes.Unit.UnitTestAdapter, Microsoft.VisualStudio.QualityTools.Tips.UnitTest.Adapter" className="Logitech.Dvs.Test.FluentXmlExtensionsTest, Logitech.Dvs.Test, Version=1.0.0.0, Culture=neutral, PublicKeyToken=null" name="AddElemActionNull" />
    </UnitTest>
    <UnitTest name="CanonicalizeDashes" storage="f:\teamcity\buildagent\work\eee3f59bf291369f\logitech\dvs\web\test\bin\debug\logitech.dvs.web.test.dll" id="f07c8de4-5fd6-e791-9955-023ba0c6a4bb">
      <Css projectStructure="" iteration="" />
      <Description>TryCanonicalize removes dashes.</Description>
      <Owners>
        <Owner name="" />
      </Owners>
      <Execution id="a55f645b-ad06-497a-926f-ec972f7fe936" />
      <TestMethod codeBase="F:/TeamCity/buildAgent/work/eee3f59bf291369f/Logitech/Dvs/Web/Test/bin/Debug/Logitech.Dvs.Web.Test.DLL" adapterTypeName="Microsoft.VisualStudio.TestTools.TestTypes.Unit.UnitTestAdapter, Microsoft.VisualStudio.QualityTools.Tips.UnitTest.Adapter" className="Logitech.Dvs.Web.Test.ProductKeyGeneratorTest, Logitech.Dvs.Web.Test, Version=1.0.0.0, Culture=neutral, PublicKeyToken=null" name="CanonicalizeDashes" />
    </UnitTest>
    <UnitTest name="NonSupportUserReturnsNeg1" storage="f:\teamcity\buildagent\work\eee3f59bf291369f\logitech\dvs\web\test\bin\debug\logitech.dvs.web.test.dll" id="9432912d-5287-562c-a8c6-63a7ad09ea36">
      <Css projectStructure="" iteration="" />
      <Owners>
        <Owner name="" />
      </Owners>
      <Execution id="38b02e38-72b4-401d-a55e-10999cec98a3" />
      <TestMethod codeBase="F:/TeamCity/buildAgent/work/eee3f59bf291369f/Logitech/Dvs/Web/Test/bin/Debug/Logitech.Dvs.Web.Test.DLL" adapterTypeName="Microsoft.VisualStudio.TestTools.TestTypes.Unit.UnitTestAdapter, Microsoft.VisualStudio.QualityTools.Tips.UnitTest.Adapter" className="Logitech.Dvs.Web.Test.SupportServiceTests, Logitech.Dvs.Web.Test, Version=1.0.0.0, Culture=neutral, PublicKeyToken=null" name="NonSupportUserReturnsNeg1" />
    </UnitTest>
    <UnitTest name="UserWithNoDvsEntityKeyReturnsNull" storage="f:\teamcity\buildagent\work\eee3f59bf291369f\logitech\dvs\web\test\bin\debug\logitech.dvs.web.test.dll" id="797333d9-b4de-df59-a9c7-9f309f2594d5">
      <Css projectStructure="" iteration="" />
      <Description>End User name is used when the device user is used</Description>
      <Owners>
        <Owner name="" />
      </Owners>
      <Execution id="ed2617ea-9498-485c-ae1e-49171da7c619" />
      <TestMethod codeBase="F:/TeamCity/buildAgent/work/eee3f59bf291369f/Logitech/Dvs/Web/Test/bin/Debug/Logitech.Dvs.Web.Test.DLL" adapterTypeName="Microsoft.VisualStudio.TestTools.TestTypes.Unit.UnitTestAdapter, Microsoft.VisualStudio.QualityTools.Tips.UnitTest.Adapter" className="Logitech.Dvs.Web.Test.RuntimeUserResolverTests, Logitech.Dvs.Web.Test, Version=1.0.0.0, Culture=neutral, PublicKeyToken=null" name="UserWithNoDvsEntityKeyReturnsNull" />
    </UnitTest>
    <UnitTest name="GetQueryIndexParam_Invalid" storage="f:\teamcity\buildagent\work\eee3f59bf291369f\logitech\dvs\web\test\bin\debug\logitech.dvs.web.test.dll" id="016754e4-bb80-6970-89b2-50ba660633d5">
      <Css projectStructure="" iteration="" />
      <Description>GetQueryIndexParam throws if invalid</Description>
      <Owners>
        <Owner name="" />
      </Owners>
      <Execution id="ab07d712-7c23-4c8a-8987-0fd00bc6a348" />
      <TestMethod codeBase="F:/TeamCity/buildAgent/work/eee3f59bf291369f/Logitech/Dvs/Web/Test/bin/Debug/Logitech.Dvs.Web.Test.DLL" adapterTypeName="Microsoft.VisualStudio.TestTools.TestTypes.Unit.UnitTestAdapter, Microsoft.VisualStudio.QualityTools.Tips.UnitTest.Adapter" className="Logitech.Dvs.Web.Test.SupportServiceTests, Logitech.Dvs.Web.Test, Version=1.0.0.0, Culture=neutral, PublicKeyToken=null" name="GetQueryIndexParam_Invalid" />
    </UnitTest>
    <UnitTest name="StatusPending" storage="f:\teamcity\buildagent\work\eee3f59bf291369f\logitech\dvs\web\test\bin\debug\logitech.dvs.web.test.dll" id="1cd1d41b-e141-63a7-7fcc-d84f5e91d580">
      <Css projectStructure="" iteration="" />
      <Description>Sets a pending status when sharing is started.</Description>
      <Owners>
        <Owner name="" />
      </Owners>
      <Execution id="b93d693a-701e-4874-8a17-2889fcd8b612" />
      <TestMethod codeBase="F:/TeamCity/buildAgent/work/eee3f59bf291369f/Logitech/Dvs/Web/Test/bin/Debug/Logitech.Dvs.Web.Test.DLL" adapterTypeName="Microsoft.VisualStudio.TestTools.TestTypes.Unit.UnitTestAdapter, Microsoft.VisualStudio.QualityTools.Tips.UnitTest.Adapter" className="Logitech.Dvs.Web.Test.Model.YouTubeServiceTests, Logitech.Dvs.Web.Test, Version=1.0.0.0, Culture=neutral, PublicKeyToken=null" name="StatusPending" />
    </UnitTest>
    <UnitTest name="UpdateSupportUser_Role_SupportAdmin" storage="f:\teamcity\buildagent\work\eee3f59bf291369f\logitech\dvs\web\test\bin\debug\logitech.dvs.web.test.dll" id="9b99b463-ef35-95a4-d97d-44c640692673">
      <Css projectStructure="" iteration="" />
      <Description>UpdateSupportUser updates the role for a support admin</Description>
      <Owners>
        <Owner name="" />
      </Owners>
      <Execution id="1dea4941-0de1-43dd-b501-65339f8a6040" />
      <TestMethod codeBase="F:/TeamCity/buildAgent/work/eee3f59bf291369f/Logitech/Dvs/Web/Test/bin/Debug/Logitech.Dvs.Web.Test.DLL" adapterTypeName="Microsoft.VisualStudio.TestTools.TestTypes.Unit.UnitTestAdapter, Microsoft.VisualStudio.QualityTools.Tips.UnitTest.Adapter" className="Logitech.Dvs.Web.Test.SupportServiceTests, Logitech.Dvs.Web.Test, Version=1.0.0.0, Culture=neutral, PublicKeyToken=null" name="UpdateSupportUser_Role_SupportAdmin" />
    </UnitTest>
    <UnitTest name="CreateOrUpdateCommander_BadId" storage="f:\teamcity\buildagent\work\eee3f59bf291369f\logitech\dvs\web\test\bin\debug\logitech.dvs.web.test.dll" id="18b21502-278f-0892-5036-e12d53815dc8">
      <Css projectStructure="" iteration="" />
      <Description>CreateOrUpdateCommander throws if id is bad</Description>
      <Owners>
        <Owner name="" />
      </Owners>
      <Execution id="b2e893ed-4ab1-4ba1-af80-cbb0931df5f3" />
      <TestMethod codeBase="F:/TeamCity/buildAgent/work/eee3f59bf291369f/Logitech/Dvs/Web/Test/bin/Debug/Logitech.Dvs.Web.Test.DLL" adapterTypeName="Microsoft.VisualStudio.TestTools.TestTypes.Unit.UnitTestAdapter, Microsoft.VisualStudio.QualityTools.Tips.UnitTest.Adapter" className="Logitech.Dvs.Web.Test.CommanderServiceTest, Logitech.Dvs.Web.Test, Version=1.0.0.0, Culture=neutral, PublicKeyToken=null" name="CreateOrUpdateCommander_BadId" expectedException="Logitech.Dvs.Web.Services.WebProtocolException, Logitech.Dvs.Web, Version=1.0.3860.27695, Culture=neutral, PublicKeyToken=null" />
    </UnitTest>
    <UnitTest name="GetKeyInfo_Malformed" storage="f:\teamcity\buildagent\work\eee3f59bf291369f\logitech\dvs\web\test\bin\debug\logitech.dvs.web.test.dll" id="56d52520-8e5d-d88e-44b3-acef93ef55bc">
      <Css projectStructure="" iteration="" />
      <Description>GetKeyInfo throws if the specified key is malformed.</Description>
      <Owners>
        <Owner name="" />
      </Owners>
      <Execution id="5121ca76-401a-41ff-9dab-5a5a97a86c26" />
      <TestMethod codeBase="F:/TeamCity/buildAgent/work/eee3f59bf291369f/Logitech/Dvs/Web/Test/bin/Debug/Logitech.Dvs.Web.Test.DLL" adapterTypeName="Microsoft.VisualStudio.TestTools.TestTypes.Unit.UnitTestAdapter, Microsoft.VisualStudio.QualityTools.Tips.UnitTest.Adapter" className="Logitech.Dvs.Web.Test.CommerceServiceTests, Logitech.Dvs.Web.Test, Version=1.0.0.0, Culture=neutral, PublicKeyToken=null" name="GetKeyInfo_Malformed" />
    </UnitTest>
    <UnitTest name="TestWelcomeNewUserTemplate_TextOnly" storage="f:\teamcity\buildagent\work\eee3f59bf291369f\logitech\dvs\web\test\bin\debug\logitech.dvs.web.test.dll" id="adadfdb4-815b-5b39-8aa5-28696d1ce15b">
      <Css projectStructure="" iteration="" />
      <Owners>
        <Owner name="" />
      </Owners>
      <Execution id="ce56cdfb-3228-4c5e-9e70-114a846cf7c5" />
      <TestMethod codeBase="F:/TeamCity/buildAgent/work/eee3f59bf291369f/Logitech/Dvs/Web/Test/bin/Debug/Logitech.Dvs.Web.Test.DLL" adapterTypeName="Microsoft.VisualStudio.TestTools.TestTypes.Unit.UnitTestAdapter, Microsoft.VisualStudio.QualityTools.Tips.UnitTest.Adapter" className="Logitech.Dvs.Web.Test.TemplateTests, Logitech.Dvs.Web.Test, Version=1.0.0.0, Culture=neutral, PublicKeyToken=null" name="TestWelcomeNewUserTemplate_TextOnly" />
    </UnitTest>
    <UnitTest name="NoRegisteredProducts" storage="f:\teamcity\buildagent\work\eee3f59bf291369f\logitech\dvs\web\test\bin\debug\logitech.dvs.web.test.dll" id="b292346f-d637-2277-e3c0-483c4e07f90d">
      <Css projectStructure="" iteration="" />
      <Owners>
        <Owner name="" />
      </Owners>
      <Execution id="eab9ac01-30b0-479d-8e8f-35f1aa9ede95" />
      <TestMethod codeBase="F:/TeamCity/buildAgent/work/eee3f59bf291369f/Logitech/Dvs/Web/Test/bin/Debug/Logitech.Dvs.Web.Test.DLL" adapterTypeName="Microsoft.VisualStudio.TestTools.TestTypes.Unit.UnitTestAdapter, Microsoft.VisualStudio.QualityTools.Tips.UnitTest.Adapter" className="Logitech.Dvs.Web.Test.FeatureSecurityServiceTests, Logitech.Dvs.Web.Test, Version=1.0.0.0, Culture=neutral, PublicKeyToken=null" name="NoRegisteredProducts" />
    </UnitTest>
    <UnitTest name="ResourceIdIsBadOnUpdate" storage="f:\teamcity\buildagent\work\eee3f59bf291369f\logitech\dvs\web\test\bin\debug\logitech.dvs.web.test.dll" id="3e9fc949-c76f-bee7-74ee-4b5c33cc0be3">
      <Css projectStructure="" iteration="" />
      <Description>Throws and exception if the siteid in the resource uri is bad</Description>
      <Owners>
        <Owner name="" />
      </Owners>
      <Execution id="25d74577-6ed2-4262-aabf-3a078a242990" />
      <TestMethod codeBase="F:/TeamCity/buildAgent/work/eee3f59bf291369f/Logitech/Dvs/Web/Test/bin/Debug/Logitech.Dvs.Web.Test.DLL" adapterTypeName="Microsoft.VisualStudio.TestTools.TestTypes.Unit.UnitTestAdapter, Microsoft.VisualStudio.QualityTools.Tips.UnitTest.Adapter" className="Logitech.Dvs.Web.Test.SiteServiceTests, Logitech.Dvs.Web.Test, Version=1.0.0.0, Culture=neutral, PublicKeyToken=null" name="ResourceIdIsBadOnUpdate" expectedException="Logitech.Dvs.Web.Services.WebProtocolException, Logitech.Dvs.Web, Version=1.0.3860.27695, Culture=neutral, PublicKeyToken=null" />
    </UnitTest>
    <UnitTest name="SavedUserName" storage="f:\teamcity\buildagent\work\eee3f59bf291369f\logitech\dvs\web\test\bin\debug\logitech.dvs.web.test.dll" id="c5b1a520-a3f2-4d01-41f7-2598de8e4886">
      <Css projectStructure="" iteration="" />
      <Description>Includes the user name part of saved credentials if they exist.</Description>
      <Owners>
        <Owner name="" />
      </Owners>
      <Execution id="a4ad201f-5747-4be4-9580-e83cad6be774" />
      <TestMethod codeBase="F:/TeamCity/buildAgent/work/eee3f59bf291369f/Logitech/Dvs/Web/Test/bin/Debug/Logitech.Dvs.Web.Test.DLL" adapterTypeName="Microsoft.VisualStudio.TestTools.TestTypes.Unit.UnitTestAdapter, Microsoft.VisualStudio.QualityTools.Tips.UnitTest.Adapter" className="Logitech.Dvs.Web.Test.Model.YouTubeServiceTests, Logitech.Dvs.Web.Test, Version=1.0.0.0, Culture=neutral, PublicKeyToken=null" name="SavedUserName" />
    </UnitTest>
    <UnitTest name="AuthenticateXHeader" storage="f:\teamcity\buildagent\work\eee3f59bf291369f\logitech\dvs\web\test\bin\debug\logitech.dvs.web.test.dll" id="b7489c82-3f2a-65af-f22e-e210030033c3">
      <Css projectStructure="" iteration="" />
      <Description>An 'X-Authorization' header is also acceptable.</Description>
      <Owners>
        <Owner name="" />
      </Owners>
      <Execution id="50d95d02-fa17-49aa-9d53-f6289a893bd3" />
      <TestMethod codeBase="F:/TeamCity/buildAgent/work/eee3f59bf291369f/Logitech/Dvs/Web/Test/bin/Debug/Logitech.Dvs.Web.Test.DLL" adapterTypeName="Microsoft.VisualStudio.TestTools.TestTypes.Unit.UnitTestAdapter, Microsoft.VisualStudio.QualityTools.Tips.UnitTest.Adapter" className="Logitech.Dvs.Web.Test.DigestAuthenticationTest, Logitech.Dvs.Web.Test, Version=1.0.0.0, Culture=neutral, PublicKeyToken=null" name="AuthenticateXHeader" />
    </UnitTest>
    <UnitTest name="ShareToYouTubeUnknownMac" storage="f:\teamcity\buildagent\work\eee3f59bf291369f\logitech\dvs\web\test\bin\debug\logitech.dvs.web.test.dll" id="ec57ae2a-31ba-68e8-f889-184e5dfdeeca">
      <Css projectStructure="" iteration="" />
      <Description>ShareToYouTube throws (404) if the MAC address doesn't refer to a known camera.</Description>
      <Owners>
        <Owner name="" />
      </Owners>
      <Execution id="8ac2ab58-4f55-44c9-bd36-4be458555469" />
      <TestMethod codeBase="F:/TeamCity/buildAgent/work/eee3f59bf291369f/Logitech/Dvs/Web/Test/bin/Debug/Logitech.Dvs.Web.Test.DLL" adapterTypeName="Microsoft.VisualStudio.TestTools.TestTypes.Unit.UnitTestAdapter, Microsoft.VisualStudio.QualityTools.Tips.UnitTest.Adapter" className="Logitech.Dvs.Web.Test.ClipServiceTests, Logitech.Dvs.Web.Test, Version=1.0.0.0, Culture=neutral, PublicKeyToken=null" name="ShareToYouTubeUnknownMac" />
    </UnitTest>
    <UnitTest name="RegisterKey_AlreadyRegistered" storage="f:\teamcity\buildagent\work\eee3f59bf291369f\logitech\dvs\web\test\bin\debug\logitech.dvs.web.test.dll" id="e21cc24a-1178-a350-7e70-387e48227512">
      <Css projectStructure="" iteration="" />
      <Description>RegisterKey throws if the key is registered to a different user</Description>
      <Owners>
        <Owner name="" />
      </Owners>
      <Execution id="14b71f07-67f0-4a61-94ca-69b17092508c" />
      <TestMethod codeBase="F:/TeamCity/buildAgent/work/eee3f59bf291369f/Logitech/Dvs/Web/Test/bin/Debug/Logitech.Dvs.Web.Test.DLL" adapterTypeName="Microsoft.VisualStudio.TestTools.TestTypes.Unit.UnitTestAdapter, Microsoft.VisualStudio.QualityTools.Tips.UnitTest.Adapter" className="Logitech.Dvs.Web.Test.CommerceServiceTests, Logitech.Dvs.Web.Test, Version=1.0.0.0, Culture=neutral, PublicKeyToken=null" name="RegisterKey_AlreadyRegistered" />
    </UnitTest>
    <UnitTest name="ReadAll" storage="f:\teamcity\buildagent\work\eee3f59bf291369f\logitech\dvs\web\test\bin\debug\logitech.dvs.web.test.dll" id="db220476-c2ef-7fd1-d7d5-93c44f89dcf2">
      <Css projectStructure="" iteration="" />
      <Description>The stream encapsulates multiple chunks as a single stream.</Description>
      <Owners>
        <Owner name="" />
      </Owners>
      <Execution id="9a78ba16-4ffa-460f-ba81-00b41a354630" />
      <TestMethod codeBase="F:/TeamCity/buildAgent/work/eee3f59bf291369f/Logitech/Dvs/Web/Test/bin/Debug/Logitech.Dvs.Web.Test.DLL" adapterTypeName="Microsoft.VisualStudio.TestTools.TestTypes.Unit.UnitTestAdapter, Microsoft.VisualStudio.QualityTools.Tips.UnitTest.Adapter" className="Logitech.Dvs.Web.Test.ChunkOutputStreamTests, Logitech.Dvs.Web.Test, Version=1.0.0.0, Culture=neutral, PublicKeyToken=null" name="ReadAll" />
    </UnitTest>
    <UnitTest name="Send_MapServiceUnavailablePacketException" storage="f:\teamcity\buildagent\work\eee3f59bf291369f\logitech\dvs\messaging\test\bin\debug\logitech.dvs.messaging.test.dll" id="1cdb7743-0e12-84d8-a550-bf2fa200abaf">
      <Css projectStructure="" iteration="" />
      <Description>Send maps ServiceUnavailablePacketException to HTTP 503.</Description>
      <Owners>
        <Owner name="" />
      </Owners>
      <Execution id="b992cb71-5bfb-455b-ba17-603be3f37e64" />
      <TestMethod codeBase="F:/TeamCity/buildAgent/work/eee3f59bf291369f/Logitech/Dvs/Messaging/Test/bin/Debug/Logitech.Dvs.Messaging.Test.DLL" adapterTypeName="Microsoft.VisualStudio.TestTools.TestTypes.Unit.UnitTestAdapter, Microsoft.VisualStudio.QualityTools.Tips.UnitTest.Adapter" className="Logitech.Dvs.Messaging.Test.XmppMessageManagerTests, Logitech.Dvs.Messaging.Test, Version=1.0.0.0, Culture=neutral, PublicKeyToken=null" name="Send_MapServiceUnavailablePacketException" />
    </UnitTest>
    <UnitTest name="Send_MapStreamException" storage="f:\teamcity\buildagent\work\eee3f59bf291369f\logitech\dvs\messaging\test\bin\debug\logitech.dvs.messaging.test.dll" id="5d72ab7b-73fc-1285-b391-26b440fe1f67">
      <Css projectStructure="" iteration="" />
      <Description>Send maps other stream exceptions to HTTP 500.</Description>
      <Owners>
        <Owner name="" />
      </Owners>
      <Execution id="42ba136c-4779-4a7d-974e-0778f499ed0c" />
      <TestMethod codeBase="F:/TeamCity/buildAgent/work/eee3f59bf291369f/Logitech/Dvs/Messaging/Test/bin/Debug/Logitech.Dvs.Messaging.Test.DLL" adapterTypeName="Microsoft.VisualStudio.TestTools.TestTypes.Unit.UnitTestAdapter, Microsoft.VisualStudio.QualityTools.Tips.UnitTest.Adapter" className="Logitech.Dvs.Messaging.Test.XmppMessageManagerTests, Logitech.Dvs.Messaging.Test, Version=1.0.0.0, Culture=neutral, PublicKeyToken=null" name="Send_MapStreamException" />
    </UnitTest>
    <UnitTest name="UserNameForEndUser" storage="f:\teamcity\buildagent\work\eee3f59bf291369f\logitech\dvs\web\test\bin\debug\logitech.dvs.web.test.dll" id="8247ac44-63c9-d63a-9d58-a47b31aa742a">
      <Css projectStructure="" iteration="" />
      <Description>User name is used when the username is an end user</Description>
      <Owners>
        <Owner name="" />
      </Owners>
      <Execution id="0f4d7343-bf65-40ce-ad80-37dc8301a549" />
      <TestMethod codeBase="F:/TeamCity/buildAgent/work/eee3f59bf291369f/Logitech/Dvs/Web/Test/bin/Debug/Logitech.Dvs.Web.Test.DLL" adapterTypeName="Microsoft.VisualStudio.TestTools.TestTypes.Unit.UnitTestAdapter, Microsoft.VisualStudio.QualityTools.Tips.UnitTest.Adapter" className="Logitech.Dvs.Web.Test.RuntimeUserResolverTests, Logitech.Dvs.Web.Test, Version=1.0.0.0, Culture=neutral, PublicKeyToken=null" name="UserNameForEndUser" />
    </UnitTest>
    <UnitTest name="SourcesAreSet" storage="f:\teamcity\buildagent\work\eee3f59bf291369f\logitech\dvs\web\test\bin\debug\logitech.dvs.web.test.dll" id="9027abc9-6703-bdf0-b231-86f4f2886b47">
      <Css projectStructure="" iteration="" />
      <Owners>
        <Owner name="" />
      </Owners>
      <Execution id="258f7b4a-a215-4193-91a6-331ca5e60f98" />
      <TestMethod codeBase="F:/TeamCity/buildAgent/work/eee3f59bf291369f/Logitech/Dvs/Web/Test/bin/Debug/Logitech.Dvs.Web.Test.DLL" adapterTypeName="Microsoft.VisualStudio.TestTools.TestTypes.Unit.UnitTestAdapter, Microsoft.VisualStudio.QualityTools.Tips.UnitTest.Adapter" className="Logitech.Dvs.Web.Test.LiveStreamTests, Logitech.Dvs.Web.Test, Version=1.0.0.0, Culture=neutral, PublicKeyToken=null" name="SourcesAreSet" />
    </UnitTest>
    <UnitTest name="CreateFile" storage="f:\teamcity\buildagent\work\eee3f59bf291369f\logitech\dvs\test\bin\debug\logitech.dvs.test.dll" id="4a17443d-6e12-7397-1ef3-38fbdcd2efdd">
      <Css projectStructure="" iteration="" />
      <Description>CreateFile creates a file at the specified location.</Description>
      <Owners>
        <Owner name="" />
      </Owners>
      <Execution id="b6aa20d8-116c-4b3e-8843-be8f2b721353" />
      <TestMethod codeBase="F:/TeamCity/buildAgent/work/eee3f59bf291369f/Logitech/Dvs/Test/bin/Debug/Logitech.Dvs.Test.DLL" adapterTypeName="Microsoft.VisualStudio.TestTools.TestTypes.Unit.UnitTestAdapter, Microsoft.VisualStudio.QualityTools.Tips.UnitTest.Adapter" className="Logitech.Dvs.Test.FileSharedStorageTests, Logitech.Dvs.Test, Version=1.0.0.0, Culture=neutral, PublicKeyToken=null" name="CreateFile" />
    </UnitTest>
    <UnitTest name="CreateFileOverwrite" storage="f:\teamcity\buildagent\work\eee3f59bf291369f\logitech\dvs\test\bin\debug\logitech.dvs.test.dll" id="49ffba92-c8c3-ce4f-4843-8ebc2b9ed8ac">
      <Css projectStructure="" iteration="" />
      <Description>CreateFile overwrites any file at the specified location.</Description>
      <Owners>
        <Owner name="" />
      </Owners>
      <Execution id="25d4b18a-3e19-4502-afd2-9c4847f53664" />
      <TestMethod codeBase="F:/TeamCity/buildAgent/work/eee3f59bf291369f/Logitech/Dvs/Test/bin/Debug/Logitech.Dvs.Test.DLL" adapterTypeName="Microsoft.VisualStudio.TestTools.TestTypes.Unit.UnitTestAdapter, Microsoft.VisualStudio.QualityTools.Tips.UnitTest.Adapter" className="Logitech.Dvs.Test.FileSharedStorageTests, Logitech.Dvs.Test, Version=1.0.0.0, Culture=neutral, PublicKeyToken=null" name="CreateFileOverwrite" />
    </UnitTest>
    <UnitTest name="ShouldWrapMessageFalse" storage="f:\teamcity\buildagent\work\eee3f59bf291369f\logitech\dvs\web\test\bin\debug\logitech.dvs.web.test.dll" id="83ee1e3d-9439-b0e1-3510-b3601110c423">
      <Css projectStructure="" iteration="" />
      <Description>ShouldWrapMessage is false when the request header is not there.</Description>
      <Owners>
        <Owner name="" />
      </Owners>
      <Execution id="a76afa94-bc2e-43c8-943c-d3938f5e230c" />
      <TestMethod codeBase="F:/TeamCity/buildAgent/work/eee3f59bf291369f/Logitech/Dvs/Web/Test/bin/Debug/Logitech.Dvs.Web.Test.DLL" adapterTypeName="Microsoft.VisualStudio.TestTools.TestTypes.Unit.UnitTestAdapter, Microsoft.VisualStudio.QualityTools.Tips.UnitTest.Adapter" className="Logitech.Dvs.Web.Test.ResponseInspectorTests, Logitech.Dvs.Web.Test, Version=1.0.0.0, Culture=neutral, PublicKeyToken=null" name="ShouldWrapMessageFalse" />
    </UnitTest>
    <UnitTest name="Mixed_IsNotAuthorized" storage="f:\teamcity\buildagent\work\eee3f59bf291369f\logitech\dvs\web\test\bin\debug\logitech.dvs.web.test.dll" id="a6982e99-95c8-d261-2400-3b753eb23370">
      <Css projectStructure="" iteration="" />
      <Owners>
        <Owner name="" />
      </Owners>
      <Execution id="5273fb99-a2c8-4a6b-a411-bb041c614f8e" />
      <TestMethod codeBase="F:/TeamCity/buildAgent/work/eee3f59bf291369f/Logitech/Dvs/Web/Test/bin/Debug/Logitech.Dvs.Web.Test.DLL" adapterTypeName="Microsoft.VisualStudio.TestTools.TestTypes.Unit.UnitTestAdapter, Microsoft.VisualStudio.QualityTools.Tips.UnitTest.Adapter" className="Logitech.Dvs.Web.Test.RoleSecurityAttributeTests, Logitech.Dvs.Web.Test, Version=1.0.0.0, Culture=neutral, PublicKeyToken=null" name="Mixed_IsNotAuthorized" />
    </UnitTest>
    <UnitTest name="RevokeKey_NotFound" storage="f:\teamcity\buildagent\work\eee3f59bf291369f\logitech\dvs\web\test\bin\debug\logitech.dvs.web.test.dll" id="7b4a3e8a-c691-250e-17b7-5236f9b5e797">
      <Css projectStructure="" iteration="" />
      <Description>RevokeKey throws if the specified key is not in the database.</Description>
      <Owners>
        <Owner name="" />
      </Owners>
      <Execution id="58c1b0b0-8b86-4681-9df8-c23761a6b0a3" />
      <TestMethod codeBase="F:/TeamCity/buildAgent/work/eee3f59bf291369f/Logitech/Dvs/Web/Test/bin/Debug/Logitech.Dvs.Web.Test.DLL" adapterTypeName="Microsoft.VisualStudio.TestTools.TestTypes.Unit.UnitTestAdapter, Microsoft.VisualStudio.QualityTools.Tips.UnitTest.Adapter" className="Logitech.Dvs.Web.Test.CommerceServiceTests, Logitech.Dvs.Web.Test, Version=1.0.0.0, Culture=neutral, PublicKeyToken=null" name="RevokeKey_NotFound" />
    </UnitTest>
    <UnitTest name="GetPtz_Offline" storage="f:\teamcity\buildagent\work\eee3f59bf291369f\logitech\dvs\web\test\bin\debug\logitech.dvs.web.test.dll" id="11404805-0fe9-77a0-0e57-aa2bf9bd1c9c">
      <Css projectStructure="" iteration="" />
      <Description>The camera service throws (503) for an offline camera.</Description>
      <Owners>
        <Owner name="" />
      </Owners>
      <Execution id="18cf86ec-9174-4173-be8c-ed4f6dfbcce8" />
      <TestMethod codeBase="F:/TeamCity/buildAgent/work/eee3f59bf291369f/Logitech/Dvs/Web/Test/bin/Debug/Logitech.Dvs.Web.Test.DLL" adapterTypeName="Microsoft.VisualStudio.TestTools.TestTypes.Unit.UnitTestAdapter, Microsoft.VisualStudio.QualityTools.Tips.UnitTest.Adapter" className="Logitech.Dvs.Web.Test.CameraServicePtzTests, Logitech.Dvs.Web.Test, Version=1.0.0.0, Culture=neutral, PublicKeyToken=null" name="GetPtz_Offline" />
    </UnitTest>
    <UnitTest name="FileExistsWaitCreated" storage="f:\teamcity\buildagent\work\eee3f59bf291369f\logitech\dvs\web\test\bin\debug\logitech.dvs.web.test.dll" id="b311d87d-43ef-f7ee-334e-b658a2a65a7e">
      <Css projectStructure="" iteration="" />
      <Description>FileExists waits for the second file to exist before returning (it shows up later).</Description>
      <Owners>
        <Owner name="" />
      </Owners>
      <Execution id="ade311cb-883f-4125-bf28-f186bfc11222" />
      <TestMethod codeBase="F:/TeamCity/buildAgent/work/eee3f59bf291369f/Logitech/Dvs/Web/Test/bin/Debug/Logitech.Dvs.Web.Test.DLL" adapterTypeName="Microsoft.VisualStudio.TestTools.TestTypes.Unit.UnitTestAdapter, Microsoft.VisualStudio.QualityTools.Tips.UnitTest.Adapter" className="Logitech.Dvs.Web.Test.ReadChunkManagerTests, Logitech.Dvs.Web.Test, Version=1.0.0.0, Culture=neutral, PublicKeyToken=null" name="FileExistsWaitCreated" />
    </UnitTest>
    <UnitTest name="UploadBodySmall" storage="f:\teamcity\buildagent\work\eee3f59bf291369f\logitech\dvs\web\test\bin\debug\logitech.dvs.web.test.dll" id="fcd2bcf4-3942-7ca8-1f60-98693bf7bea1">
      <Css projectStructure="" iteration="" />
      <Description>The body chunk is written corectly on an upload where the body is smaller than the buffer size.</Description>
      <Owners>
        <Owner name="" />
      </Owners>
      <Execution id="119af744-39e3-41fa-8e5b-8e062d1d88a8" />
      <TestMethod codeBase="F:/TeamCity/buildAgent/work/eee3f59bf291369f/Logitech/Dvs/Web/Test/bin/Debug/Logitech.Dvs.Web.Test.DLL" adapterTypeName="Microsoft.VisualStudio.TestTools.TestTypes.Unit.UnitTestAdapter, Microsoft.VisualStudio.QualityTools.Tips.UnitTest.Adapter" className="Logitech.Dvs.Web.Test.FileRelayServiceTests, Logitech.Dvs.Web.Test, Version=1.0.0.0, Culture=neutral, PublicKeyToken=null" name="UploadBodySmall" />
    </UnitTest>
    <UnitTest name="ShareToYouTubeNoMac" storage="f:\teamcity\buildagent\work\eee3f59bf291369f\logitech\dvs\web\test\bin\debug\logitech.dvs.web.test.dll" id="e0b27599-69f7-70dc-ed6c-0fbff189e920">
      <Css projectStructure="" iteration="" />
      <Description>ShareToYouTube throws (400) if the MAC address is not specified.</Description>
      <Owners>
        <Owner name="" />
      </Owners>
      <Execution id="2c0fa857-db48-410f-9256-e09e9640fb6f" />
      <TestMethod codeBase="F:/TeamCity/buildAgent/work/eee3f59bf291369f/Logitech/Dvs/Web/Test/bin/Debug/Logitech.Dvs.Web.Test.DLL" adapterTypeName="Microsoft.VisualStudio.TestTools.TestTypes.Unit.UnitTestAdapter, Microsoft.VisualStudio.QualityTools.Tips.UnitTest.Adapter" className="Logitech.Dvs.Web.Test.ClipServiceTests, Logitech.Dvs.Web.Test, Version=1.0.0.0, Culture=neutral, PublicKeyToken=null" name="ShareToYouTubeNoMac" />
    </UnitTest>
    <UnitTest name="FindCustomers_NoResults_LastName" storage="f:\teamcity\buildagent\work\eee3f59bf291369f\logitech\dvs\web\test\bin\debug\logitech.dvs.web.test.dll" id="377ad911-bf4f-3a20-9eb8-7d308fe0b249">
      <Css projectStructure="" iteration="" />
      <Description>Tests no results lastname</Description>
      <Owners>
        <Owner name="" />
      </Owners>
      <Execution id="6beb300b-5d6d-4b61-b99d-2d2456b93566" />
      <TestMethod codeBase="F:/TeamCity/buildAgent/work/eee3f59bf291369f/Logitech/Dvs/Web/Test/bin/Debug/Logitech.Dvs.Web.Test.DLL" adapterTypeName="Microsoft.VisualStudio.TestTools.TestTypes.Unit.UnitTestAdapter, Microsoft.VisualStudio.QualityTools.Tips.UnitTest.Adapter" className="Logitech.Dvs.Web.Test.SupportServiceTests, Logitech.Dvs.Web.Test, Version=1.0.0.0, Culture=neutral, PublicKeyToken=null" name="FindCustomers_NoResults_LastName" />
    </UnitTest>
    <UnitTest name="TestAlertTemplate_TextOnly" storage="f:\teamcity\buildagent\work\eee3f59bf291369f\logitech\dvs\web\test\bin\debug\logitech.dvs.web.test.dll" id="ed16e022-71cf-584c-0610-70b051feb390">
      <Css projectStructure="" iteration="" />
      <Owners>
        <Owner name="" />
      </Owners>
      <Execution id="0e705729-6a20-44ad-94e6-b0c3ac78b611" />
      <TestMethod codeBase="F:/TeamCity/buildAgent/work/eee3f59bf291369f/Logitech/Dvs/Web/Test/bin/Debug/Logitech.Dvs.Web.Test.DLL" adapterTypeName="Microsoft.VisualStudio.TestTools.TestTypes.Unit.UnitTestAdapter, Microsoft.VisualStudio.QualityTools.Tips.UnitTest.Adapter" className="Logitech.Dvs.Web.Test.TemplateTests, Logitech.Dvs.Web.Test, Version=1.0.0.0, Culture=neutral, PublicKeyToken=null" name="TestAlertTemplate_TextOnly" />
    </UnitTest>
    <UnitTest name="Retry" storage="f:\teamcity\buildagent\work\eee3f59bf291369f\logitech\dvs\test\bin\debug\logitech.dvs.test.dll" id="4833eace-28d1-6cc3-2ee6-812c3df559f1">
      <Css projectStructure="" iteration="" />
      <Description>Is resilient to IOExceptions.</Description>
      <Owners>
        <Owner name="" />
      </Owners>
      <Execution id="69e16bf6-e5b4-4761-80ef-20a3eebaa1b2" />
      <TestMethod codeBase="F:/TeamCity/buildAgent/work/eee3f59bf291369f/Logitech/Dvs/Test/bin/Debug/Logitech.Dvs.Test.DLL" adapterTypeName="Microsoft.VisualStudio.TestTools.TestTypes.Unit.UnitTestAdapter, Microsoft.VisualStudio.QualityTools.Tips.UnitTest.Adapter" className="Logitech.Dvs.Test.FileObjectStoreTests, Logitech.Dvs.Test, Version=1.0.0.0, Culture=neutral, PublicKeyToken=null" name="Retry" />
    </UnitTest>
    <UnitTest name="DownloadSaveComplexQuery" storage="f:\teamcity\buildagent\work\eee3f59bf291369f\logitech\dvs\web\test\bin\debug\logitech.dvs.web.test.dll" id="76a58247-9f6d-874d-c96a-f28290c95de6">
      <Css projectStructure="" iteration="" />
      <Description>Download correctly parses the file name for content-disposition even when the query string is complex.</Description>
      <Owners>
        <Owner name="" />
      </Owners>
      <Execution id="13584240-b937-4eaa-8246-7d48fac7abb6" />
      <TestMethod codeBase="F:/TeamCity/buildAgent/work/eee3f59bf291369f/Logitech/Dvs/Web/Test/bin/Debug/Logitech.Dvs.Web.Test.DLL" adapterTypeName="Microsoft.VisualStudio.TestTools.TestTypes.Unit.UnitTestAdapter, Microsoft.VisualStudio.QualityTools.Tips.UnitTest.Adapter" className="Logitech.Dvs.Web.Test.FileRelayServiceTests, Logitech.Dvs.Web.Test, Version=1.0.0.0, Culture=neutral, PublicKeyToken=null" name="DownloadSaveComplexQuery" />
    </UnitTest>
    <UnitTest name="Send_MapXMPPException" storage="f:\teamcity\buildagent\work\eee3f59bf291369f\logitech\dvs\messaging\test\bin\debug\logitech.dvs.messaging.test.dll" id="ecce1bc3-8536-51d1-6a3c-e2bee57890b0">
      <Css projectStructure="" iteration="" />
      <Description>Send maps other XMPP exceptions to HTTP 500.</Description>
      <Owners>
        <Owner name="" />
      </Owners>
      <Execution id="ef119594-7baf-4a41-be07-0b2e27ec7cb8" />
      <TestMethod codeBase="F:/TeamCity/buildAgent/work/eee3f59bf291369f/Logitech/Dvs/Messaging/Test/bin/Debug/Logitech.Dvs.Messaging.Test.DLL" adapterTypeName="Microsoft.VisualStudio.TestTools.TestTypes.Unit.UnitTestAdapter, Microsoft.VisualStudio.QualityTools.Tips.UnitTest.Adapter" className="Logitech.Dvs.Messaging.Test.XmppMessageManagerTests, Logitech.Dvs.Messaging.Test, Version=1.0.0.0, Culture=neutral, PublicKeyToken=null" name="Send_MapXMPPException" />
    </UnitTest>
    <UnitTest name="AuthenticateWrongPassword" storage="f:\teamcity\buildagent\work\eee3f59bf291369f\logitech\dvs\web\test\bin\debug\logitech.dvs.web.test.dll" id="2f4d4b00-0424-b3cd-f27d-2861b9f1f0be">
      <Css projectStructure="" iteration="" />
      <Description>A request with an incorrect password digest gets a 401.</Description>
      <Owners>
        <Owner name="" />
      </Owners>
      <Execution id="95327028-bdc0-426f-89aa-8a11b18b785c" />
      <TestMethod codeBase="F:/TeamCity/buildAgent/work/eee3f59bf291369f/Logitech/Dvs/Web/Test/bin/Debug/Logitech.Dvs.Web.Test.DLL" adapterTypeName="Microsoft.VisualStudio.TestTools.TestTypes.Unit.UnitTestAdapter, Microsoft.VisualStudio.QualityTools.Tips.UnitTest.Adapter" className="Logitech.Dvs.Web.Test.DigestAuthenticationTest, Logitech.Dvs.Web.Test, Version=1.0.0.0, Culture=neutral, PublicKeyToken=null" name="AuthenticateWrongPassword" />
    </UnitTest>
    <UnitTest name="SingleExpiredTrial" storage="f:\teamcity\buildagent\work\eee3f59bf291369f\logitech\dvs\web\test\bin\debug\logitech.dvs.web.test.dll" id="e7d59232-f8fb-f888-d11d-fdf70c81ac08">
      <Css projectStructure="" iteration="" />
      <Owners>
        <Owner name="" />
      </Owners>
      <Execution id="d7051498-28a1-42e6-9f95-fcf0e8efb65f" />
      <TestMethod codeBase="F:/TeamCity/buildAgent/work/eee3f59bf291369f/Logitech/Dvs/Web/Test/bin/Debug/Logitech.Dvs.Web.Test.DLL" adapterTypeName="Microsoft.VisualStudio.TestTools.TestTypes.Unit.UnitTestAdapter, Microsoft.VisualStudio.QualityTools.Tips.UnitTest.Adapter" className="Logitech.Dvs.Web.Test.FeatureSecurityServiceTests, Logitech.Dvs.Web.Test, Version=1.0.0.0, Culture=neutral, PublicKeyToken=null" name="SingleExpiredTrial" />
    </UnitTest>
    <UnitTest name="ShouldWrapMessageFalse_BadValue" storage="f:\teamcity\buildagent\work\eee3f59bf291369f\logitech\dvs\web\test\bin\debug\logitech.dvs.web.test.dll" id="51710cc0-97ba-f137-ccac-fd5d07efc855">
      <Css projectStructure="" iteration="" />
      <Description>ShouldWrapMessage false with non-boolean value</Description>
      <Owners>
        <Owner name="" />
      </Owners>
      <Execution id="6abecfc5-eec3-46e4-9bb0-4bbbe46fb090" />
      <TestMethod codeBase="F:/TeamCity/buildAgent/work/eee3f59bf291369f/Logitech/Dvs/Web/Test/bin/Debug/Logitech.Dvs.Web.Test.DLL" adapterTypeName="Microsoft.VisualStudio.TestTools.TestTypes.Unit.UnitTestAdapter, Microsoft.VisualStudio.QualityTools.Tips.UnitTest.Adapter" className="Logitech.Dvs.Web.Test.ResponseInspectorTests, Logitech.Dvs.Web.Test, Version=1.0.0.0, Culture=neutral, PublicKeyToken=null" name="ShouldWrapMessageFalse_BadValue" />
    </UnitTest>
    <UnitTest name="AllowRoles_IsAuthorized" storage="f:\teamcity\buildagent\work\eee3f59bf291369f\logitech\dvs\web\test\bin\debug\logitech.dvs.web.test.dll" id="222eb68e-08e7-49cc-5364-2062ebb02ded">
      <Css projectStructure="" iteration="" />
      <Owners>
        <Owner name="" />
      </Owners>
      <Execution id="33ba9ed1-dc58-44e9-bf78-41fb4e2b50bc" />
      <TestMethod codeBase="F:/TeamCity/buildAgent/work/eee3f59bf291369f/Logitech/Dvs/Web/Test/bin/Debug/Logitech.Dvs.Web.Test.DLL" adapterTypeName="Microsoft.VisualStudio.TestTools.TestTypes.Unit.UnitTestAdapter, Microsoft.VisualStudio.QualityTools.Tips.UnitTest.Adapter" className="Logitech.Dvs.Web.Test.RoleSecurityAttributeTests, Logitech.Dvs.Web.Test, Version=1.0.0.0, Culture=neutral, PublicKeyToken=null" name="AllowRoles_IsAuthorized" />
    </UnitTest>
    <UnitTest name="RevokeKey_Malformed" storage="f:\teamcity\buildagent\work\eee3f59bf291369f\logitech\dvs\web\test\bin\debug\logitech.dvs.web.test.dll" id="945a0b82-102d-6f18-12a1-8e9f198bb0e7">
      <Css projectStructure="" iteration="" />
      <Description>RevokeKey throws if the specified key is malformed.</Description>
      <Owners>
        <Owner name="" />
      </Owners>
      <Execution id="2a5303f5-922e-4152-b73d-46328315e534" />
      <TestMethod codeBase="F:/TeamCity/buildAgent/work/eee3f59bf291369f/Logitech/Dvs/Web/Test/bin/Debug/Logitech.Dvs.Web.Test.DLL" adapterTypeName="Microsoft.VisualStudio.TestTools.TestTypes.Unit.UnitTestAdapter, Microsoft.VisualStudio.QualityTools.Tips.UnitTest.Adapter" className="Logitech.Dvs.Web.Test.CommerceServiceTests, Logitech.Dvs.Web.Test, Version=1.0.0.0, Culture=neutral, PublicKeyToken=null" name="RevokeKey_Malformed" />
    </UnitTest>
    <UnitTest name="ParseStreamIdFailBadMac" storage="f:\teamcity\buildagent\work\eee3f59bf291369f\logitech\dvs\web\test\bin\debug\logitech.dvs.web.test.dll" id="17df41b6-d325-fc85-51b2-9fd7a6a2bbbc">
      <Css projectStructure="" iteration="" />
      <Owners>
        <Owner name="" />
      </Owners>
      <Execution id="5e9f1a75-96ee-4e96-8ac1-f04dc0dfa93d" />
      <TestMethod codeBase="F:/TeamCity/buildAgent/work/eee3f59bf291369f/Logitech/Dvs/Web/Test/bin/Debug/Logitech.Dvs.Web.Test.DLL" adapterTypeName="Microsoft.VisualStudio.TestTools.TestTypes.Unit.UnitTestAdapter, Microsoft.VisualStudio.QualityTools.Tips.UnitTest.Adapter" className="Logitech.Dvs.Web.Test.LiveStreamTests, Logitech.Dvs.Web.Test, Version=1.0.0.0, Culture=neutral, PublicKeyToken=null" name="ParseStreamIdFailBadMac" />
    </UnitTest>
    <UnitTest name="UpdateExisting" storage="f:\teamcity\buildagent\work\eee3f59bf291369f\logitech\dvs\web\test\bin\debug\logitech.dvs.web.test.dll" id="61d5b782-8476-0d04-5f6f-a155ef2079d3">
      <Css projectStructure="" iteration="" />
      <Description>Can update existing credentials for the current user.</Description>
      <Owners>
        <Owner name="" />
      </Owners>
      <Execution id="e5bee7d3-5db4-4442-b499-5e439a374a31" />
      <TestMethod codeBase="F:/TeamCity/buildAgent/work/eee3f59bf291369f/Logitech/Dvs/Web/Test/bin/Debug/Logitech.Dvs.Web.Test.DLL" adapterTypeName="Microsoft.VisualStudio.TestTools.TestTypes.Unit.UnitTestAdapter, Microsoft.VisualStudio.QualityTools.Tips.UnitTest.Adapter" className="Logitech.Dvs.Web.Test.Model.ExternalCredentialsTests, Logitech.Dvs.Web.Test, Version=1.0.0.0, Culture=neutral, PublicKeyToken=null" name="UpdateExisting" />
    </UnitTest>
    <UnitTest name="ShareAutoKeywords" storage="f:\teamcity\buildagent\work\eee3f59bf291369f\logitech\dvs\web\test\bin\debug\logitech.dvs.web.test.dll" id="71878c70-c570-8350-9e8f-4290762d97f8">
      <Css projectStructure="" iteration="" />
      <Description>Fills in key words if none are provided when sharing.</Description>
      <Owners>
        <Owner name="" />
      </Owners>
      <Execution id="874990f3-cb58-4029-b3f7-3b8f8191646f" />
      <TestMethod codeBase="F:/TeamCity/buildAgent/work/eee3f59bf291369f/Logitech/Dvs/Web/Test/bin/Debug/Logitech.Dvs.Web.Test.DLL" adapterTypeName="Microsoft.VisualStudio.TestTools.TestTypes.Unit.UnitTestAdapter, Microsoft.VisualStudio.QualityTools.Tips.UnitTest.Adapter" className="Logitech.Dvs.Web.Test.Model.YouTubeServiceTests, Logitech.Dvs.Web.Test, Version=1.0.0.0, Culture=neutral, PublicKeyToken=null" name="ShareAutoKeywords" />
    </UnitTest>
    <UnitTest name="StopStreamIdOut" storage="f:\teamcity\buildagent\work\eee3f59bf291369f\logitech\dvs\web\test\bin\debug\logitech.dvs.web.test.dll" id="2162af3d-17b6-d8c3-a049-b758fc6ecbe6">
      <Css projectStructure="" iteration="" />
      <Owners>
        <Owner name="" />
      </Owners>
      <Execution id="b9e0f689-0a37-476c-9bca-0f961a25ab9c" />
      <TestMethod codeBase="F:/TeamCity/buildAgent/work/eee3f59bf291369f/Logitech/Dvs/Web/Test/bin/Debug/Logitech.Dvs.Web.Test.DLL" adapterTypeName="Microsoft.VisualStudio.TestTools.TestTypes.Unit.UnitTestAdapter, Microsoft.VisualStudio.QualityTools.Tips.UnitTest.Adapter" className="Logitech.Dvs.Web.Test.LiveStreamTests, Logitech.Dvs.Web.Test, Version=1.0.0.0, Culture=neutral, PublicKeyToken=null" name="StopStreamIdOut" />
    </UnitTest>
    <UnitTest name="MergeEnumerable_Multiple" storage="f:\teamcity\buildagent\work\eee3f59bf291369f\logitech\dvs\test\bin\debug\logitech.dvs.test.dll" id="bcacaa8d-7c9f-3762-0ab0-06c0f2d4905f">
      <Css projectStructure="" iteration="" />
      <Description>MergeEnumerable can enumerate a multiple sorted IEnumerable in sorted order.</Description>
      <Owners>
        <Owner name="" />
      </Owners>
      <Execution id="f068c9a2-0857-4426-9d56-77537c43912a" />
      <TestMethod codeBase="F:/TeamCity/buildAgent/work/eee3f59bf291369f/Logitech/Dvs/Test/bin/Debug/Logitech.Dvs.Test.DLL" adapterTypeName="Microsoft.VisualStudio.TestTools.TestTypes.Unit.UnitTestAdapter, Microsoft.VisualStudio.QualityTools.Tips.UnitTest.Adapter" className="Logitech.Dvs.Test.VideoFileServiceTests, Logitech.Dvs.Test, Version=1.0.0.0, Culture=neutral, PublicKeyToken=null" name="MergeEnumerable_Multiple" />
    </UnitTest>
    <UnitTest name="FileNameSafe" storage="f:\teamcity\buildagent\work\eee3f59bf291369f\logitech\dvs\test\bin\debug\logitech.dvs.test.dll" id="1a1ad031-23a0-7e4e-0ece-2782c90931bb">
      <Css projectStructure="" iteration="" />
      <Description>Sanitizes keys for use as file names.</Description>
      <Owners>
        <Owner name="" />
      </Owners>
      <Execution id="27fbd9b9-ba05-43a2-be5a-bd03fcf7b67e" />
      <TestMethod codeBase="F:/TeamCity/buildAgent/work/eee3f59bf291369f/Logitech/Dvs/Test/bin/Debug/Logitech.Dvs.Test.DLL" adapterTypeName="Microsoft.VisualStudio.TestTools.TestTypes.Unit.UnitTestAdapter, Microsoft.VisualStudio.QualityTools.Tips.UnitTest.Adapter" className="Logitech.Dvs.Test.FileObjectStoreTests, Logitech.Dvs.Test, Version=1.0.0.0, Culture=neutral, PublicKeyToken=null" name="FileNameSafe" />
    </UnitTest>
    <UnitTest name="VideoDataRateIsSet" storage="f:\teamcity\buildagent\work\eee3f59bf291369f\logitech\dvs\web\test\bin\debug\logitech.dvs.web.test.dll" id="aaa03e81-c4a1-b502-2770-5bc61c569b15">
      <Css projectStructure="" iteration="" />
      <Owners>
        <Owner name="" />
      </Owners>
      <Execution id="855e2d3a-1f8f-4024-9142-10963cf7c3f7" />
      <TestMethod codeBase="F:/TeamCity/buildAgent/work/eee3f59bf291369f/Logitech/Dvs/Web/Test/bin/Debug/Logitech.Dvs.Web.Test.DLL" adapterTypeName="Microsoft.VisualStudio.TestTools.TestTypes.Unit.UnitTestAdapter, Microsoft.VisualStudio.QualityTools.Tips.UnitTest.Adapter" className="Logitech.Dvs.Web.Test.LiveStreamTests, Logitech.Dvs.Web.Test, Version=1.0.0.0, Culture=neutral, PublicKeyToken=null" name="VideoDataRateIsSet" />
    </UnitTest>
    <UnitTest name="UploadNoData" storage="f:\teamcity\buildagent\work\eee3f59bf291369f\logitech\dvs\web\test\bin\debug\logitech.dvs.web.test.dll" id="01e483e8-fb5d-59e6-11a2-f59a1ea87dd7">
      <Css projectStructure="" iteration="" />
      <Description>Upload fails if the content-length header value is zero.</Description>
      <Owners>
        <Owner name="" />
      </Owners>
      <Execution id="93aea0d7-6bf0-4d35-a4c6-7461265955fc" />
      <TestMethod codeBase="F:/TeamCity/buildAgent/work/eee3f59bf291369f/Logitech/Dvs/Web/Test/bin/Debug/Logitech.Dvs.Web.Test.DLL" adapterTypeName="Microsoft.VisualStudio.TestTools.TestTypes.Unit.UnitTestAdapter, Microsoft.VisualStudio.QualityTools.Tips.UnitTest.Adapter" className="Logitech.Dvs.Web.Test.FileRelayServiceTests, Logitech.Dvs.Web.Test, Version=1.0.0.0, Culture=neutral, PublicKeyToken=null" name="UploadNoData" />
    </UnitTest>
    <UnitTest name="Send_MapPacketException" storage="f:\teamcity\buildagent\work\eee3f59bf291369f\logitech\dvs\messaging\test\bin\debug\logitech.dvs.messaging.test.dll" id="518be02c-49a1-5076-9386-db85ba8943b6">
      <Css projectStructure="" iteration="" />
      <Description>Send maps other packet exceptions to HTTP 500.</Description>
      <Owners>
        <Owner name="" />
      </Owners>
      <Execution id="e0eec3c6-1eb9-49f3-8df4-8d2fe198f322" />
      <TestMethod codeBase="F:/TeamCity/buildAgent/work/eee3f59bf291369f/Logitech/Dvs/Messaging/Test/bin/Debug/Logitech.Dvs.Messaging.Test.DLL" adapterTypeName="Microsoft.VisualStudio.TestTools.TestTypes.Unit.UnitTestAdapter, Microsoft.VisualStudio.QualityTools.Tips.UnitTest.Adapter" className="Logitech.Dvs.Messaging.Test.XmppMessageManagerTests, Logitech.Dvs.Messaging.Test, Version=1.0.0.0, Culture=neutral, PublicKeyToken=null" name="Send_MapPacketException" />
    </UnitTest>
    <UnitTest name="NoSavedUserName" storage="f:\teamcity\buildagent\work\eee3f59bf291369f\logitech\dvs\web\test\bin\debug\logitech.dvs.web.test.dll" id="cbb5be5f-52c6-0ace-5611-c772f8e7deee">
      <Css projectStructure="" iteration="" />
      <Description>Doesn't include the user name part of saved credentials if they don't exist.</Description>
      <Owners>
        <Owner name="" />
      </Owners>
      <Execution id="11d709ce-76c4-4547-9008-67a5f34a3614" />
      <TestMethod codeBase="F:/TeamCity/buildAgent/work/eee3f59bf291369f/Logitech/Dvs/Web/Test/bin/Debug/Logitech.Dvs.Web.Test.DLL" adapterTypeName="Microsoft.VisualStudio.TestTools.TestTypes.Unit.UnitTestAdapter, Microsoft.VisualStudio.QualityTools.Tips.UnitTest.Adapter" className="Logitech.Dvs.Web.Test.Model.YouTubeServiceTests, Logitech.Dvs.Web.Test, Version=1.0.0.0, Culture=neutral, PublicKeyToken=null" name="NoSavedUserName" />
    </UnitTest>
    <UnitTest name="AllowRoles_IsNotAuthorized" storage="f:\teamcity\buildagent\work\eee3f59bf291369f\logitech\dvs\web\test\bin\debug\logitech.dvs.web.test.dll" id="5a3091d9-a800-1de6-5284-c01298243929">
      <Css projectStructure="" iteration="" />
      <Owners>
        <Owner name="" />
      </Owners>
      <Execution id="84d2e36c-5c2d-4739-b6b8-414befc10c93" />
      <TestMethod codeBase="F:/TeamCity/buildAgent/work/eee3f59bf291369f/Logitech/Dvs/Web/Test/bin/Debug/Logitech.Dvs.Web.Test.DLL" adapterTypeName="Microsoft.VisualStudio.TestTools.TestTypes.Unit.UnitTestAdapter, Microsoft.VisualStudio.QualityTools.Tips.UnitTest.Adapter" className="Logitech.Dvs.Web.Test.RoleSecurityAttributeTests, Logitech.Dvs.Web.Test, Version=1.0.0.0, Culture=neutral, PublicKeyToken=null" name="AllowRoles_IsNotAuthorized" />
    </UnitTest>
    <UnitTest name="ShareToYouTubeFromCamera" storage="f:\teamcity\buildagent\work\eee3f59bf291369f\logitech\dvs\web\test\bin\debug\logitech.dvs.web.test.dll" id="273c51e5-436e-07ec-c4de-7e993c2a8d2b">
      <Css projectStructure="" iteration="" />
      <Description>ShareToYouTube submits the specified clip from the camera (when not available from storage) and returns status.</Description>
      <Owners>
        <Owner name="" />
      </Owners>
      <Execution id="8edf0b35-3134-4350-981d-58470e66dd7f" />
      <TestMethod codeBase="F:/TeamCity/buildAgent/work/eee3f59bf291369f/Logitech/Dvs/Web/Test/bin/Debug/Logitech.Dvs.Web.Test.DLL" adapterTypeName="Microsoft.VisualStudio.TestTools.TestTypes.Unit.UnitTestAdapter, Microsoft.VisualStudio.QualityTools.Tips.UnitTest.Adapter" className="Logitech.Dvs.Web.Test.ClipServiceTests, Logitech.Dvs.Web.Test, Version=1.0.0.0, Culture=neutral, PublicKeyToken=null" name="ShareToYouTubeFromCamera" />
    </UnitTest>
    <UnitTest name="VideoMJPEGGroupSizeIsSet" storage="f:\teamcity\buildagent\work\eee3f59bf291369f\logitech\dvs\web\test\bin\debug\logitech.dvs.web.test.dll" id="acd688c7-5f8e-189c-98a3-7d5ab2e58f22">
      <Css projectStructure="" iteration="" />
      <Owners>
        <Owner name="" />
      </Owners>
      <Execution id="c5af7a01-fb57-49b9-b76d-283e4e468603" />
      <TestMethod codeBase="F:/TeamCity/buildAgent/work/eee3f59bf291369f/Logitech/Dvs/Web/Test/bin/Debug/Logitech.Dvs.Web.Test.DLL" adapterTypeName="Microsoft.VisualStudio.TestTools.TestTypes.Unit.UnitTestAdapter, Microsoft.VisualStudio.QualityTools.Tips.UnitTest.Adapter" className="Logitech.Dvs.Web.Test.LiveStreamTests, Logitech.Dvs.Web.Test, Version=1.0.0.0, Culture=neutral, PublicKeyToken=null" name="VideoMJPEGGroupSizeIsSet" />
    </UnitTest>
    <UnitTest name="DownloadSave" storage="f:\teamcity\buildagent\work\eee3f59bf291369f\logitech\dvs\web\test\bin\debug\logitech.dvs.web.test.dll" id="047caeda-6c83-178b-85fc-ef906a365924">
      <Css projectStructure="" iteration="" />
      <Description>Download may include a content-disposition header if requested.</Description>
      <Owners>
        <Owner name="" />
      </Owners>
      <Execution id="07d0c15d-4638-44f5-b3db-2f6c532bd905" />
      <TestMethod codeBase="F:/TeamCity/buildAgent/work/eee3f59bf291369f/Logitech/Dvs/Web/Test/bin/Debug/Logitech.Dvs.Web.Test.DLL" adapterTypeName="Microsoft.VisualStudio.TestTools.TestTypes.Unit.UnitTestAdapter, Microsoft.VisualStudio.QualityTools.Tips.UnitTest.Adapter" className="Logitech.Dvs.Web.Test.FileRelayServiceTests, Logitech.Dvs.Web.Test, Version=1.0.0.0, Culture=neutral, PublicKeyToken=null" name="DownloadSave" />
    </UnitTest>
    <UnitTest name="GetNextEof" storage="f:\teamcity\buildagent\work\eee3f59bf291369f\logitech\dvs\web\test\bin\debug\logitech.dvs.web.test.dll" id="06782599-b68e-5dd2-d797-f6d37e46763c">
      <Css projectStructure="" iteration="" />
      <Execution timeOut="2000" id="05a7bdf7-dbbe-4788-b473-a6747305eb78" />
      <Description>GetNextStream stops before the timeout if the EOF appears.</Description>
      <Owners>
        <Owner name="" />
      </Owners>
      <TestMethod codeBase="F:/TeamCity/buildAgent/work/eee3f59bf291369f/Logitech/Dvs/Web/Test/bin/Debug/Logitech.Dvs.Web.Test.DLL" adapterTypeName="Microsoft.VisualStudio.TestTools.TestTypes.Unit.UnitTestAdapter, Microsoft.VisualStudio.QualityTools.Tips.UnitTest.Adapter" className="Logitech.Dvs.Web.Test.ReadChunkManagerTests, Logitech.Dvs.Web.Test, Version=1.0.0.0, Culture=neutral, PublicKeyToken=null" name="GetNextEof" />
    </UnitTest>
    <UnitTest name="UpdatePresence_StatusChanged" storage="f:\teamcity\buildagent\work\eee3f59bf291369f\logitech\dvs\web\test\bin\debug\logitech.dvs.web.test.dll" id="1c11f909-62ad-d441-0117-d803de749d17">
      <Css projectStructure="" iteration="" />
      <Description>Presence updates OnlineStatusChanged if available has changed</Description>
      <Owners>
        <Owner name="" />
      </Owners>
      <Execution id="22753ec6-1ee8-44d6-bcb8-55425405af77" />
      <TestMethod codeBase="F:/TeamCity/buildAgent/work/eee3f59bf291369f/Logitech/Dvs/Web/Test/bin/Debug/Logitech.Dvs.Web.Test.DLL" adapterTypeName="Microsoft.VisualStudio.TestTools.TestTypes.Unit.UnitTestAdapter, Microsoft.VisualStudio.QualityTools.Tips.UnitTest.Adapter" className="Logitech.Dvs.Web.Test.CameraServiceTest, Logitech.Dvs.Web.Test, Version=1.0.0.0, Culture=neutral, PublicKeyToken=null" name="UpdatePresence_StatusChanged" />
    </UnitTest>
    <UnitTest name="ResolveNullUserThrows" storage="f:\teamcity\buildagent\work\eee3f59bf291369f\logitech\dvs\web\test\bin\debug\logitech.dvs.web.test.dll" id="e14b8a6a-9573-e3ef-adf0-747cea86ba40">
      <Css projectStructure="" iteration="" />
      <Owners>
        <Owner name="" />
      </Owners>
      <Execution id="be3c2b82-162b-4439-9765-5dc5f73c9bd5" />
      <TestMethod codeBase="F:/TeamCity/buildAgent/work/eee3f59bf291369f/Logitech/Dvs/Web/Test/bin/Debug/Logitech.Dvs.Web.Test.DLL" adapterTypeName="Microsoft.VisualStudio.TestTools.TestTypes.Unit.UnitTestAdapter, Microsoft.VisualStudio.QualityTools.Tips.UnitTest.Adapter" className="Logitech.Dvs.Web.Test.RuntimeUserResolverTests, Logitech.Dvs.Web.Test, Version=1.0.0.0, Culture=neutral, PublicKeyToken=null" name="ResolveNullUserThrows" expectedException="System.ArgumentNullException, mscorlib, Version=2.0.0.0, Culture=neutral, PublicKeyToken=b77a5c561934e089" />
    </UnitTest>
    <UnitTest name="ValidateTransferXml" storage="f:\teamcity\buildagent\work\eee3f59bf291369f\logitech\dvs\web\test\bin\debug\logitech.dvs.web.test.dll" id="97b5cac0-802d-5be6-5d9c-def4088fa9d7">
      <Css projectStructure="" iteration="" />
      <Owners>
        <Owner name="" />
      </Owners>
      <Execution id="59612160-c739-4b6b-9f67-4bdcaa6ef0cf" />
      <TestMethod codeBase="F:/TeamCity/buildAgent/work/eee3f59bf291369f/Logitech/Dvs/Web/Test/bin/Debug/Logitech.Dvs.Web.Test.DLL" adapterTypeName="Microsoft.VisualStudio.TestTools.TestTypes.Unit.UnitTestAdapter, Microsoft.VisualStudio.QualityTools.Tips.UnitTest.Adapter" className="Logitech.Dvs.Web.Test.TransferXMPPPacketTests, Logitech.Dvs.Web.Test, Version=1.0.0.0, Culture=neutral, PublicKeyToken=null" name="ValidateTransferXml" />
    </UnitTest>
    <UnitTest name="GetTrialTest" storage="f:\teamcity\buildagent\work\eee3f59bf291369f\logitech\dvs\web\test\bin\debug\logitech.dvs.web.test.dll" id="d1a3225d-511b-3179-1895-ebdbbc60dd5d">
      <Css projectStructure="" iteration="" />
      <Description>This validates the helper method that gets the current trial registration from a list of registrations.</Description>
      <Owners>
        <Owner name="" />
      </Owners>
      <Execution id="ea36a2ea-e8ef-4015-816b-989ffa035403" />
      <TestMethod codeBase="F:/TeamCity/buildAgent/work/eee3f59bf291369f/Logitech/Dvs/Web/Test/bin/Debug/Logitech.Dvs.Web.Test.DLL" adapterTypeName="Microsoft.VisualStudio.TestTools.TestTypes.Unit.UnitTestAdapter, Microsoft.VisualStudio.QualityTools.Tips.UnitTest.Adapter" className="Logitech.Dvs.Web.Test.FeatureSecurityServiceTests, Logitech.Dvs.Web.Test, Version=1.0.0.0, Culture=neutral, PublicKeyToken=null" name="GetTrialTest" />
    </UnitTest>
    <UnitTest name="Send_MapItemNotFoundPacketException" storage="f:\teamcity\buildagent\work\eee3f59bf291369f\logitech\dvs\messaging\test\bin\debug\logitech.dvs.messaging.test.dll" id="ed235918-3a30-22bf-d0e2-44751eb6e7d7">
      <Css projectStructure="" iteration="" />
      <Description>Send maps ItemNotFoundPacketException to HTTP 404.</Description>
      <Owners>
        <Owner name="" />
      </Owners>
      <Execution id="193d7127-27b4-49e0-8d64-f0da7a1dca9b" />
      <TestMethod codeBase="F:/TeamCity/buildAgent/work/eee3f59bf291369f/Logitech/Dvs/Messaging/Test/bin/Debug/Logitech.Dvs.Messaging.Test.DLL" adapterTypeName="Microsoft.VisualStudio.TestTools.TestTypes.Unit.UnitTestAdapter, Microsoft.VisualStudio.QualityTools.Tips.UnitTest.Adapter" className="Logitech.Dvs.Messaging.Test.XmppMessageManagerTests, Logitech.Dvs.Messaging.Test, Version=1.0.0.0, Culture=neutral, PublicKeyToken=null" name="Send_MapItemNotFoundPacketException" />
    </UnitTest>
    <UnitTest name="DownloadNotFound" storage="f:\teamcity\buildagent\work\eee3f59bf291369f\logitech\dvs\web\test\bin\debug\logitech.dvs.web.test.dll" id="973a834e-1e0d-5fc6-2db3-a412f5116862">
      <Css projectStructure="" iteration="" />
      <Description>Download responds with Not Found (HTTP 404) if the requested file doesn't exist within the timeout.</Description>
      <Owners>
        <Owner name="" />
      </Owners>
      <Execution id="17211699-d5e9-4751-8ebf-8ccb06e16150" />
      <TestMethod codeBase="F:/TeamCity/buildAgent/work/eee3f59bf291369f/Logitech/Dvs/Web/Test/bin/Debug/Logitech.Dvs.Web.Test.DLL" adapterTypeName="Microsoft.VisualStudio.TestTools.TestTypes.Unit.UnitTestAdapter, Microsoft.VisualStudio.QualityTools.Tips.UnitTest.Adapter" className="Logitech.Dvs.Web.Test.FileRelayServiceTests, Logitech.Dvs.Web.Test, Version=1.0.0.0, Culture=neutral, PublicKeyToken=null" name="DownloadNotFound" />
    </UnitTest>
    <UnitTest name="ShareNoCredentials" storage="f:\teamcity\buildagent\work\eee3f59bf291369f\logitech\dvs\web\test\bin\debug\logitech.dvs.web.test.dll" id="25fae873-9ba6-c902-7bef-d531144bc70d">
      <Css projectStructure="" iteration="" />
      <Description>Throws (401) if credentials are not provided and there aren't saved credentials.</Description>
      <Owners>
        <Owner name="" />
      </Owners>
      <Execution id="7b2aef95-e1f1-4002-b63f-c7d03f133338" />
      <TestMethod codeBase="F:/TeamCity/buildAgent/work/eee3f59bf291369f/Logitech/Dvs/Web/Test/bin/Debug/Logitech.Dvs.Web.Test.DLL" adapterTypeName="Microsoft.VisualStudio.TestTools.TestTypes.Unit.UnitTestAdapter, Microsoft.VisualStudio.QualityTools.Tips.UnitTest.Adapter" className="Logitech.Dvs.Web.Test.Model.YouTubeServiceTests, Logitech.Dvs.Web.Test, Version=1.0.0.0, Culture=neutral, PublicKeyToken=null" name="ShareNoCredentials" />
    </UnitTest>
    <UnitTest name="AudioDataRateIsSet" storage="f:\teamcity\buildagent\work\eee3f59bf291369f\logitech\dvs\web\test\bin\debug\logitech.dvs.web.test.dll" id="df833cbd-cc30-5b6a-e794-2bf57d95344d">
      <Css projectStructure="" iteration="" />
      <Owners>
        <Owner name="" />
      </Owners>
      <Execution id="8ce3d046-e9ae-42ce-a8e8-477d5dd03c5b" />
      <TestMethod codeBase="F:/TeamCity/buildAgent/work/eee3f59bf291369f/Logitech/Dvs/Web/Test/bin/Debug/Logitech.Dvs.Web.Test.DLL" adapterTypeName="Microsoft.VisualStudio.TestTools.TestTypes.Unit.UnitTestAdapter, Microsoft.VisualStudio.QualityTools.Tips.UnitTest.Adapter" className="Logitech.Dvs.Web.Test.LiveStreamTests, Logitech.Dvs.Web.Test, Version=1.0.0.0, Culture=neutral, PublicKeyToken=null" name="AudioDataRateIsSet" />
    </UnitTest>
    <UnitTest name="DeleteNoFile" storage="f:\teamcity\buildagent\work\eee3f59bf291369f\logitech\dvs\test\bin\debug\logitech.dvs.test.dll" id="64f30d2a-099b-5d9d-19de-bd769e909c13">
      <Css projectStructure="" iteration="" />
      <Description>DeleteFile doesn't throw deleting a non-existent file.</Description>
      <Owners>
        <Owner name="" />
      </Owners>
      <Execution id="042f88ba-d5c0-4783-beaa-7c82669d43d9" />
      <TestMethod codeBase="F:/TeamCity/buildAgent/work/eee3f59bf291369f/Logitech/Dvs/Test/bin/Debug/Logitech.Dvs.Test.DLL" adapterTypeName="Microsoft.VisualStudio.TestTools.TestTypes.Unit.UnitTestAdapter, Microsoft.VisualStudio.QualityTools.Tips.UnitTest.Adapter" className="Logitech.Dvs.Test.FileSharedStorageTests, Logitech.Dvs.Test, Version=1.0.0.0, Culture=neutral, PublicKeyToken=null" name="DeleteNoFile" />
    </UnitTest>
    <UnitTest name="UpdateSite" storage="f:\teamcity\buildagent\work\eee3f59bf291369f\logitech\dvs\web\test\bin\debug\logitech.dvs.web.test.dll" id="e1225170-b56b-e33b-5d40-b101d0d60a93">
      <Css projectStructure="" iteration="" />
      <Description>Tests updating a site</Description>
      <Owners>
        <Owner name="" />
      </Owners>
      <Execution id="02988631-9e45-4008-b0e0-5e24f26e2490" />
      <TestMethod codeBase="F:/TeamCity/buildAgent/work/eee3f59bf291369f/Logitech/Dvs/Web/Test/bin/Debug/Logitech.Dvs.Web.Test.DLL" adapterTypeName="Microsoft.VisualStudio.TestTools.TestTypes.Unit.UnitTestAdapter, Microsoft.VisualStudio.QualityTools.Tips.UnitTest.Adapter" className="Logitech.Dvs.Web.Test.SiteServiceTests, Logitech.Dvs.Web.Test, Version=1.0.0.0, Culture=neutral, PublicKeyToken=null" name="UpdateSite" />
    </UnitTest>
    <UnitTest name="TestDeleteSiteSecurity" storage="f:\teamcity\buildagent\work\eee3f59bf291369f\logitech\dvs\web\test\bin\debug\logitech.dvs.web.test.dll" id="c8c5e2b4-7393-08dc-10e2-d6faef315820">
      <Css projectStructure="" iteration="" />
      <Description>Tests that only the owner of the site can delete it</Description>
      <Owners>
        <Owner name="" />
      </Owners>
      <Execution id="28e9ea12-7bb6-4158-b547-d7052f838e5a" />
      <TestMethod codeBase="F:/TeamCity/buildAgent/work/eee3f59bf291369f/Logitech/Dvs/Web/Test/bin/Debug/Logitech.Dvs.Web.Test.DLL" adapterTypeName="Microsoft.VisualStudio.TestTools.TestTypes.Unit.UnitTestAdapter, Microsoft.VisualStudio.QualityTools.Tips.UnitTest.Adapter" className="Logitech.Dvs.Web.Test.SiteServiceTests, Logitech.Dvs.Web.Test, Version=1.0.0.0, Culture=neutral, PublicKeyToken=null" name="TestDeleteSiteSecurity" expectedException="Logitech.Dvs.Web.Services.WebProtocolException, Logitech.Dvs.Web, Version=1.0.3860.27695, Culture=neutral, PublicKeyToken=null" />
    </UnitTest>
    <UnitTest name="GetQueryPageSizeParam_ParseFails" storage="f:\teamcity\buildagent\work\eee3f59bf291369f\logitech\dvs\web\test\bin\debug\logitech.dvs.web.test.dll" id="c15ebafe-119a-8b55-613c-e54acfeaf216">
      <Css projectStructure="" iteration="" />
      <Description>GetQueryPageSizeParam throws if invalid</Description>
      <Owners>
        <Owner name="" />
      </Owners>
      <Execution id="6f4d20ab-a953-492b-a7ed-9f5f59a3cf24" />
      <TestMethod codeBase="F:/TeamCity/buildAgent/work/eee3f59bf291369f/Logitech/Dvs/Web/Test/bin/Debug/Logitech.Dvs.Web.Test.DLL" adapterTypeName="Microsoft.VisualStudio.TestTools.TestTypes.Unit.UnitTestAdapter, Microsoft.VisualStudio.QualityTools.Tips.UnitTest.Adapter" className="Logitech.Dvs.Web.Test.SupportServiceTests, Logitech.Dvs.Web.Test, Version=1.0.0.0, Culture=neutral, PublicKeyToken=null" name="GetQueryPageSizeParam_ParseFails" />
    </UnitTest>
    <UnitTest name="UploadHeader" storage="f:\teamcity\buildagent\work\eee3f59bf291369f\logitech\dvs\web\test\bin\debug\logitech.dvs.web.test.dll" id="0ebfcb8f-d95f-c605-851c-52de316e9cde">
      <Css projectStructure="" iteration="" />
      <Description>The header chunk is written correctly on an upload.</Description>
      <Owners>
        <Owner name="" />
      </Owners>
      <Execution id="aa033357-c79a-42a7-a4af-4c6b19eab189" />
      <TestMethod codeBase="F:/TeamCity/buildAgent/work/eee3f59bf291369f/Logitech/Dvs/Web/Test/bin/Debug/Logitech.Dvs.Web.Test.DLL" adapterTypeName="Microsoft.VisualStudio.TestTools.TestTypes.Unit.UnitTestAdapter, Microsoft.VisualStudio.QualityTools.Tips.UnitTest.Adapter" className="Logitech.Dvs.Web.Test.FileRelayServiceTests, Logitech.Dvs.Web.Test, Version=1.0.0.0, Culture=neutral, PublicKeyToken=null" name="UploadHeader" />
    </UnitTest>
    <UnitTest name="GetCategoriesFromYouTube" storage="f:\teamcity\buildagent\work\eee3f59bf291369f\logitech\dvs\web\test\bin\debug\logitech.dvs.web.test.dll" id="7b9ef8c4-da42-d2dd-411f-6c7c3f22a765">
      <Css projectStructure="" iteration="" />
      <Description>Retrieves the list of YouTube categories from YouTube if not available in the cache.</Description>
      <Owners>
        <Owner name="" />
      </Owners>
      <Execution id="ac399987-f7c9-4d03-bd7c-c0257707b7d7" />
      <TestMethod codeBase="F:/TeamCity/buildAgent/work/eee3f59bf291369f/Logitech/Dvs/Web/Test/bin/Debug/Logitech.Dvs.Web.Test.DLL" adapterTypeName="Microsoft.VisualStudio.TestTools.TestTypes.Unit.UnitTestAdapter, Microsoft.VisualStudio.QualityTools.Tips.UnitTest.Adapter" className="Logitech.Dvs.Web.Test.Model.YouTubeServiceTests, Logitech.Dvs.Web.Test, Version=1.0.0.0, Culture=neutral, PublicKeyToken=null" name="GetCategoriesFromYouTube" />
    </UnitTest>
    <UnitTest name="GetCommandersByQuery_NoUserName" storage="f:\teamcity\buildagent\work\eee3f59bf291369f\logitech\dvs\web\test\bin\debug\logitech.dvs.web.test.dll" id="f04869ad-9bdb-81c6-6188-b360687a0841">
      <Css projectStructure="" iteration="" />
      <Description>GetCommandersByQuery throws if username is not specified</Description>
      <Owners>
        <Owner name="" />
      </Owners>
      <Execution id="c1893d77-2438-4dd5-97f0-1b5cfca91e38" />
      <TestMethod codeBase="F:/TeamCity/buildAgent/work/eee3f59bf291369f/Logitech/Dvs/Web/Test/bin/Debug/Logitech.Dvs.Web.Test.DLL" adapterTypeName="Microsoft.VisualStudio.TestTools.TestTypes.Unit.UnitTestAdapter, Microsoft.VisualStudio.QualityTools.Tips.UnitTest.Adapter" className="Logitech.Dvs.Web.Test.CommanderServiceTest, Logitech.Dvs.Web.Test, Version=1.0.0.0, Culture=neutral, PublicKeyToken=null" name="GetCommandersByQuery_NoUserName" expectedException="Logitech.Dvs.Web.Services.WebProtocolException, Logitech.Dvs.Web, Version=1.0.3860.27695, Culture=neutral, PublicKeyToken=null" />
    </UnitTest>
    <UnitTest name="SingleActivePurchase" storage="f:\teamcity\buildagent\work\eee3f59bf291369f\logitech\dvs\web\test\bin\debug\logitech.dvs.web.test.dll" id="bd6c2930-0f32-e800-1614-2241ab4369de">
      <Css projectStructure="" iteration="" />
      <Owners>
        <Owner name="" />
      </Owners>
      <Execution id="d7d17d4b-7e9d-4b56-a122-a2a39449eaa8" />
      <TestMethod codeBase="F:/TeamCity/buildAgent/work/eee3f59bf291369f/Logitech/Dvs/Web/Test/bin/Debug/Logitech.Dvs.Web.Test.DLL" adapterTypeName="Microsoft.VisualStudio.TestTools.TestTypes.Unit.UnitTestAdapter, Microsoft.VisualStudio.QualityTools.Tips.UnitTest.Adapter" className="Logitech.Dvs.Web.Test.FeatureSecurityServiceTests, Logitech.Dvs.Web.Test, Version=1.0.0.0, Culture=neutral, PublicKeyToken=null" name="SingleActivePurchase" />
    </UnitTest>
    <UnitTest name="MergeEnumerable_Single" storage="f:\teamcity\buildagent\work\eee3f59bf291369f\logitech\dvs\test\bin\debug\logitech.dvs.test.dll" id="5ebddcea-799f-7d9b-62d2-3ad4e9251e20">
      <Css projectStructure="" iteration="" />
      <Description>MergeEnumerable can enumerate a single IEnumerable correctly.</Description>
      <Owners>
        <Owner name="" />
      </Owners>
      <Execution id="817d10a7-82ec-47f4-ba2f-c21f779088a4" />
      <TestMethod codeBase="F:/TeamCity/buildAgent/work/eee3f59bf291369f/Logitech/Dvs/Test/bin/Debug/Logitech.Dvs.Test.DLL" adapterTypeName="Microsoft.VisualStudio.TestTools.TestTypes.Unit.UnitTestAdapter, Microsoft.VisualStudio.QualityTools.Tips.UnitTest.Adapter" className="Logitech.Dvs.Test.VideoFileServiceTests, Logitech.Dvs.Test, Version=1.0.0.0, Culture=neutral, PublicKeyToken=null" name="MergeEnumerable_Single" />
    </UnitTest>
    <UnitTest name="GetQueryPageSizeParam_OutOfRange" storage="f:\teamcity\buildagent\work\eee3f59bf291369f\logitech\dvs\web\test\bin\debug\logitech.dvs.web.test.dll" id="ae1f9064-ec2c-8cf3-b9cf-315800274251">
      <Css projectStructure="" iteration="" />
      <Description>GetQueryPageSizeParam throws if invalid</Description>
      <Owners>
        <Owner name="" />
      </Owners>
      <Execution id="7704b2b5-894d-4701-b66b-ced149f4fc51" />
      <TestMethod codeBase="F:/TeamCity/buildAgent/work/eee3f59bf291369f/Logitech/Dvs/Web/Test/bin/Debug/Logitech.Dvs.Web.Test.DLL" adapterTypeName="Microsoft.VisualStudio.TestTools.TestTypes.Unit.UnitTestAdapter, Microsoft.VisualStudio.QualityTools.Tips.UnitTest.Adapter" className="Logitech.Dvs.Web.Test.SupportServiceTests, Logitech.Dvs.Web.Test, Version=1.0.0.0, Culture=neutral, PublicKeyToken=null" name="GetQueryPageSizeParam_OutOfRange" />
    </UnitTest>
    <UnitTest name="ExplicitAudioTest" storage="f:\teamcity\buildagent\work\eee3f59bf291369f\logitech\dvs\web\test\bin\debug\logitech.dvs.web.test.dll" id="8dfe607a-a74e-6340-1e95-d16aa7f5dad0">
      <Css projectStructure="" iteration="" />
      <Owners>
        <Owner name="" />
      </Owners>
      <Execution id="ac098819-23f7-4137-a9bf-00e309598645" />
      <TestMethod codeBase="F:/TeamCity/buildAgent/work/eee3f59bf291369f/Logitech/Dvs/Web/Test/bin/Debug/Logitech.Dvs.Web.Test.DLL" adapterTypeName="Microsoft.VisualStudio.TestTools.TestTypes.Unit.UnitTestAdapter, Microsoft.VisualStudio.QualityTools.Tips.UnitTest.Adapter" className="Logitech.Dvs.Web.Test.LiveStreamTests, Logitech.Dvs.Web.Test, Version=1.0.0.0, Culture=neutral, PublicKeyToken=null" name="ExplicitAudioTest" />
    </UnitTest>
    <UnitTest name="GetUserByUserName_NullUserName" storage="f:\teamcity\buildagent\work\eee3f59bf291369f\logitech\dvs\test\bin\debug\logitech.dvs.test.dll" id="c81dc2ae-5712-6f43-8f9a-99a6cf4c09c1">
      <Css projectStructure="" iteration="" />
      <Owners>
        <Owner name="" />
      </Owners>
      <Execution id="2dba2029-1a2e-45fc-b7ed-3e76a43685f2" />
      <TestMethod codeBase="F:/TeamCity/buildAgent/work/eee3f59bf291369f/Logitech/Dvs/Test/bin/Debug/Logitech.Dvs.Test.DLL" adapterTypeName="Microsoft.VisualStudio.TestTools.TestTypes.Unit.UnitTestAdapter, Microsoft.VisualStudio.QualityTools.Tips.UnitTest.Adapter" className="Logitech.Dvs.Entities.Test.DvsEntityContextTests, Logitech.Dvs.Test, Version=1.0.0.0, Culture=neutral, PublicKeyToken=null" name="GetUserByUserName_NullUserName" />
    </UnitTest>
    <UnitTest name="GetPtz_NotFound" storage="f:\teamcity\buildagent\work\eee3f59bf291369f\logitech\dvs\web\test\bin\debug\logitech.dvs.web.test.dll" id="81acc424-ea9c-d33d-2904-befd3d439aa5">
      <Css projectStructure="" iteration="" />
      <Description>The camera service throws (404) for an unknown MAC.</Description>
      <Owners>
        <Owner name="" />
      </Owners>
      <Execution id="c4aeb61f-0595-48f8-99d0-b4bd8c7e75c1" />
      <TestMethod codeBase="F:/TeamCity/buildAgent/work/eee3f59bf291369f/Logitech/Dvs/Web/Test/bin/Debug/Logitech.Dvs.Web.Test.DLL" adapterTypeName="Microsoft.VisualStudio.TestTools.TestTypes.Unit.UnitTestAdapter, Microsoft.VisualStudio.QualityTools.Tips.UnitTest.Adapter" className="Logitech.Dvs.Web.Test.CameraServicePtzTests, Logitech.Dvs.Web.Test, Version=1.0.0.0, Culture=neutral, PublicKeyToken=null" name="GetPtz_NotFound" />
    </UnitTest>
    <UnitTest name="TestResetPasswordTemplate_TextOnly" storage="f:\teamcity\buildagent\work\eee3f59bf291369f\logitech\dvs\web\test\bin\debug\logitech.dvs.web.test.dll" id="662508b4-f085-f22d-3de7-0fdaafabeb6a">
      <Css projectStructure="" iteration="" />
      <Owners>
        <Owner name="" />
      </Owners>
      <Execution id="849b05cc-afa2-42a8-8086-17337eee3cf4" />
      <TestMethod codeBase="F:/TeamCity/buildAgent/work/eee3f59bf291369f/Logitech/Dvs/Web/Test/bin/Debug/Logitech.Dvs.Web.Test.DLL" adapterTypeName="Microsoft.VisualStudio.TestTools.TestTypes.Unit.UnitTestAdapter, Microsoft.VisualStudio.QualityTools.Tips.UnitTest.Adapter" className="Logitech.Dvs.Web.Test.TemplateTests, Logitech.Dvs.Web.Test, Version=1.0.0.0, Culture=neutral, PublicKeyToken=null" name="TestResetPasswordTemplate_TextOnly" />
    </UnitTest>
    <UnitTest name="NewCameraInternalIP" storage="f:\teamcity\buildagent\work\eee3f59bf291369f\logitech\dvs\web\test\bin\debug\logitech.dvs.web.test.dll" id="574ae352-c3c9-11fc-2da7-20681e7e5852">
      <Css projectStructure="" iteration="" />
      <Description>Optional internal IP address is set when a camera is created.</Description>
      <Owners>
        <Owner name="" />
      </Owners>
      <Execution id="79d8919e-30cf-49d6-8e9a-58d3c5bb9e78" />
      <TestMethod codeBase="F:/TeamCity/buildAgent/work/eee3f59bf291369f/Logitech/Dvs/Web/Test/bin/Debug/Logitech.Dvs.Web.Test.DLL" adapterTypeName="Microsoft.VisualStudio.TestTools.TestTypes.Unit.UnitTestAdapter, Microsoft.VisualStudio.QualityTools.Tips.UnitTest.Adapter" className="Logitech.Dvs.Web.Test.CameraAdapterTests, Logitech.Dvs.Web.Test, Version=1.0.0.0, Culture=neutral, PublicKeyToken=null" name="NewCameraInternalIP" />
    </UnitTest>
    <UnitTest name="ShareToYouTubeInvalidMac" storage="f:\teamcity\buildagent\work\eee3f59bf291369f\logitech\dvs\web\test\bin\debug\logitech.dvs.web.test.dll" id="12112d10-bfa9-6e97-b9d5-6230b9765721">
      <Css projectStructure="" iteration="" />
      <Description>ShareToYouTube throws (400) if the MAC address is invalid.</Description>
      <Owners>
        <Owner name="" />
      </Owners>
      <Execution id="0c400daf-2611-49bb-8ff8-aa4ba572e707" />
      <TestMethod codeBase="F:/TeamCity/buildAgent/work/eee3f59bf291369f/Logitech/Dvs/Web/Test/bin/Debug/Logitech.Dvs.Web.Test.DLL" adapterTypeName="Microsoft.VisualStudio.TestTools.TestTypes.Unit.UnitTestAdapter, Microsoft.VisualStudio.QualityTools.Tips.UnitTest.Adapter" className="Logitech.Dvs.Web.Test.ClipServiceTests, Logitech.Dvs.Web.Test, Version=1.0.0.0, Culture=neutral, PublicKeyToken=null" name="ShareToYouTubeInvalidMac" />
    </UnitTest>
    <UnitTest name="GetClipUnknownMac" storage="f:\teamcity\buildagent\work\eee3f59bf291369f\logitech\dvs\web\test\bin\debug\logitech.dvs.web.test.dll" id="bc7849d6-7432-3f6c-1db1-f6508e4a160d">
      <Css projectStructure="" iteration="" />
      <Description>GetClip throws (404) if the MAC address doesn't refer to a known camera.</Description>
      <Owners>
        <Owner name="" />
      </Owners>
      <Execution id="beb92c86-3824-44b5-94a3-ffef86d68f44" />
      <TestMethod codeBase="F:/TeamCity/buildAgent/work/eee3f59bf291369f/Logitech/Dvs/Web/Test/bin/Debug/Logitech.Dvs.Web.Test.DLL" adapterTypeName="Microsoft.VisualStudio.TestTools.TestTypes.Unit.UnitTestAdapter, Microsoft.VisualStudio.QualityTools.Tips.UnitTest.Adapter" className="Logitech.Dvs.Web.Test.ClipServiceTests, Logitech.Dvs.Web.Test, Version=1.0.0.0, Culture=neutral, PublicKeyToken=null" name="GetClipUnknownMac" />
    </UnitTest>
    <UnitTest name="GetClipFromCameraOffline" storage="f:\teamcity\buildagent\work\eee3f59bf291369f\logitech\dvs\web\test\bin\debug\logitech.dvs.web.test.dll" id="683e417f-2507-1743-f69e-0778e41d8d24">
      <Css projectStructure="" iteration="" />
      <Description>GetClip throws (503) if the clip needs to come from the camera, but the camera is offline.</Description>
      <Owners>
        <Owner name="" />
      </Owners>
      <Execution id="fa14af4f-7a10-4cc7-9e16-0c76da32f5eb" />
      <TestMethod codeBase="F:/TeamCity/buildAgent/work/eee3f59bf291369f/Logitech/Dvs/Web/Test/bin/Debug/Logitech.Dvs.Web.Test.DLL" adapterTypeName="Microsoft.VisualStudio.TestTools.TestTypes.Unit.UnitTestAdapter, Microsoft.VisualStudio.QualityTools.Tips.UnitTest.Adapter" className="Logitech.Dvs.Web.Test.ClipServiceTests, Logitech.Dvs.Web.Test, Version=1.0.0.0, Culture=neutral, PublicKeyToken=null" name="GetClipFromCameraOffline" />
    </UnitTest>
    <UnitTest name="MethodNotAllowed" storage="f:\teamcity\buildagent\work\eee3f59bf291369f\logitech\dvs\web\test\bin\debug\logitech.dvs.web.test.dll" id="3823777d-b187-ff23-8f7d-29f5bb14475d">
      <Css projectStructure="" iteration="" />
      <Description>Only PUT, POST and GET are allowed.</Description>
      <Owners>
        <Owner name="" />
      </Owners>
      <Execution id="39b050c8-0bd1-4d0f-8883-07569207f132" />
      <TestMethod codeBase="F:/TeamCity/buildAgent/work/eee3f59bf291369f/Logitech/Dvs/Web/Test/bin/Debug/Logitech.Dvs.Web.Test.DLL" adapterTypeName="Microsoft.VisualStudio.TestTools.TestTypes.Unit.UnitTestAdapter, Microsoft.VisualStudio.QualityTools.Tips.UnitTest.Adapter" className="Logitech.Dvs.Web.Test.FileRelayServiceTests, Logitech.Dvs.Web.Test, Version=1.0.0.0, Culture=neutral, PublicKeyToken=null" name="MethodNotAllowed" />
    </UnitTest>
    <UnitTest name="HeadersAreAdded" storage="f:\teamcity\buildagent\work\eee3f59bf291369f\logitech\dvs\web\test\bin\debug\logitech.dvs.web.test.dll" id="3774576f-f7ef-72ad-6d17-57888d12ea59">
      <Css projectStructure="" iteration="" />
      <Owners>
        <Owner name="" />
      </Owners>
      <Execution id="90470020-e7b6-48b6-ab9c-2286de30d511" />
      <TestMethod codeBase="F:/TeamCity/buildAgent/work/eee3f59bf291369f/Logitech/Dvs/Web/Test/bin/Debug/Logitech.Dvs.Web.Test.DLL" adapterTypeName="Microsoft.VisualStudio.TestTools.TestTypes.Unit.UnitTestAdapter, Microsoft.VisualStudio.QualityTools.Tips.UnitTest.Adapter" className="Logitech.Dvs.Web.Test.WebProtocolExceptionTests, Logitech.Dvs.Web.Test, Version=1.0.0.0, Culture=neutral, PublicKeyToken=null" name="HeadersAreAdded" />
    </UnitTest>
    <UnitTest name="GetPtz_NotAvailable" storage="f:\teamcity\buildagent\work\eee3f59bf291369f\logitech\dvs\web\test\bin\debug\logitech.dvs.web.test.dll" id="80cf5dc8-1b56-18fa-2f95-0106cd7b91ae">
      <Css projectStructure="" iteration="" />
      <Description>The camera service throws (503) if the camera is not available when the XMPP is sent.</Description>
      <Owners>
        <Owner name="" />
      </Owners>
      <Execution id="87945853-7f0c-45e8-bab9-f0ea42b050ec" />
      <TestMethod codeBase="F:/TeamCity/buildAgent/work/eee3f59bf291369f/Logitech/Dvs/Web/Test/bin/Debug/Logitech.Dvs.Web.Test.DLL" adapterTypeName="Microsoft.VisualStudio.TestTools.TestTypes.Unit.UnitTestAdapter, Microsoft.VisualStudio.QualityTools.Tips.UnitTest.Adapter" className="Logitech.Dvs.Web.Test.CameraServicePtzTests, Logitech.Dvs.Web.Test, Version=1.0.0.0, Culture=neutral, PublicKeyToken=null" name="GetPtz_NotAvailable" />
    </UnitTest>
    <UnitTest name="RegisterKey_Malformed" storage="f:\teamcity\buildagent\work\eee3f59bf291369f\logitech\dvs\web\test\bin\debug\logitech.dvs.web.test.dll" id="bd40b344-e626-db69-ee37-e7aeff959e22">
      <Css projectStructure="" iteration="" />
      <Description>RegisterKey throws if the supplied keys is malformed.</Description>
      <Owners>
        <Owner name="" />
      </Owners>
      <Execution id="9b22ae6b-37d3-4e7b-84af-09a076aeeee9" />
      <TestMethod codeBase="F:/TeamCity/buildAgent/work/eee3f59bf291369f/Logitech/Dvs/Web/Test/bin/Debug/Logitech.Dvs.Web.Test.DLL" adapterTypeName="Microsoft.VisualStudio.TestTools.TestTypes.Unit.UnitTestAdapter, Microsoft.VisualStudio.QualityTools.Tips.UnitTest.Adapter" className="Logitech.Dvs.Web.Test.CommerceServiceTests, Logitech.Dvs.Web.Test, Version=1.0.0.0, Culture=neutral, PublicKeyToken=null" name="RegisterKey_Malformed" />
    </UnitTest>
    <UnitTest name="UploadBodyLarge" storage="f:\teamcity\buildagent\work\eee3f59bf291369f\logitech\dvs\web\test\bin\debug\logitech.dvs.web.test.dll" id="c7555a4b-40e6-c2f2-a50f-0bb25d952227">
      <Css projectStructure="" iteration="" />
      <Description>The body chunk is written corectly on an upload where the body is larger than the buffer size.</Description>
      <Owners>
        <Owner name="" />
      </Owners>
      <Execution id="e54ab7a7-0d81-41ce-97a5-7544148f79b7" />
      <TestMethod codeBase="F:/TeamCity/buildAgent/work/eee3f59bf291369f/Logitech/Dvs/Web/Test/bin/Debug/Logitech.Dvs.Web.Test.DLL" adapterTypeName="Microsoft.VisualStudio.TestTools.TestTypes.Unit.UnitTestAdapter, Microsoft.VisualStudio.QualityTools.Tips.UnitTest.Adapter" className="Logitech.Dvs.Web.Test.FileRelayServiceTests, Logitech.Dvs.Web.Test, Version=1.0.0.0, Culture=neutral, PublicKeyToken=null" name="UploadBodyLarge" />
    </UnitTest>
    <UnitTest name="Send_MapTimeoutException" storage="f:\teamcity\buildagent\work\eee3f59bf291369f\logitech\dvs\messaging\test\bin\debug\logitech.dvs.messaging.test.dll" id="6e502637-9f4c-e79e-8567-4cfa7a38f6f7">
      <Css projectStructure="" iteration="" />
      <Description>Send maps TimeoutException to HTTP 408.</Description>
      <Owners>
        <Owner name="" />
      </Owners>
      <Execution id="85d23df3-5b3a-42aa-985a-9a29fe5e3210" />
      <TestMethod codeBase="F:/TeamCity/buildAgent/work/eee3f59bf291369f/Logitech/Dvs/Messaging/Test/bin/Debug/Logitech.Dvs.Messaging.Test.DLL" adapterTypeName="Microsoft.VisualStudio.TestTools.TestTypes.Unit.UnitTestAdapter, Microsoft.VisualStudio.QualityTools.Tips.UnitTest.Adapter" className="Logitech.Dvs.Messaging.Test.XmppMessageManagerTests, Logitech.Dvs.Messaging.Test, Version=1.0.0.0, Culture=neutral, PublicKeyToken=null" name="Send_MapTimeoutException" />
    </UnitTest>
    <UnitTest name="PutObject" storage="f:\teamcity\buildagent\work\eee3f59bf291369f\logitech\dvs\test\bin\debug\logitech.dvs.test.dll" id="4deea7c2-8522-9a90-9510-7c9e9f055fc3">
      <Css projectStructure="" iteration="" />
      <Description>Stores objects on Put.</Description>
      <Owners>
        <Owner name="" />
      </Owners>
      <Execution id="69d38edc-32fc-477d-a29f-84d29c831dfe" />
      <TestMethod codeBase="F:/TeamCity/buildAgent/work/eee3f59bf291369f/Logitech/Dvs/Test/bin/Debug/Logitech.Dvs.Test.DLL" adapterTypeName="Microsoft.VisualStudio.TestTools.TestTypes.Unit.UnitTestAdapter, Microsoft.VisualStudio.QualityTools.Tips.UnitTest.Adapter" className="Logitech.Dvs.Test.FileObjectStoreTests, Logitech.Dvs.Test, Version=1.0.0.0, Culture=neutral, PublicKeyToken=null" name="PutObject" />
    </UnitTest>
    <UnitTest name="AuthenticateBadNOnceNotHex" storage="f:\teamcity\buildagent\work\eee3f59bf291369f\logitech\dvs\web\test\bin\debug\logitech.dvs.web.test.dll" id="55d2c740-edf8-9c4d-aa75-514513c31e92">
      <Css projectStructure="" iteration="" />
      <Description>A request with a bad nonce gets a 401.</Description>
      <Owners>
        <Owner name="" />
      </Owners>
      <Execution id="e47f9bb9-181f-4037-b1a3-ff90fee55220" />
      <TestMethod codeBase="F:/TeamCity/buildAgent/work/eee3f59bf291369f/Logitech/Dvs/Web/Test/bin/Debug/Logitech.Dvs.Web.Test.DLL" adapterTypeName="Microsoft.VisualStudio.TestTools.TestTypes.Unit.UnitTestAdapter, Microsoft.VisualStudio.QualityTools.Tips.UnitTest.Adapter" className="Logitech.Dvs.Web.Test.DigestAuthenticationTest, Logitech.Dvs.Web.Test, Version=1.0.0.0, Culture=neutral, PublicKeyToken=null" name="AuthenticateBadNOnceNotHex" />
    </UnitTest>
    <UnitTest name="CanonicalizeWhiteSpace" storage="f:\teamcity\buildagent\work\eee3f59bf291369f\logitech\dvs\web\test\bin\debug\logitech.dvs.web.test.dll" id="19e80751-5d68-ec11-84d2-ba40c841869d">
      <Css projectStructure="" iteration="" />
      <Description>TryCanonicalize removes white space.</Description>
      <Owners>
        <Owner name="" />
      </Owners>
      <Execution id="14ec183f-3b67-436a-994e-05096fd657d2" />
      <TestMethod codeBase="F:/TeamCity/buildAgent/work/eee3f59bf291369f/Logitech/Dvs/Web/Test/bin/Debug/Logitech.Dvs.Web.Test.DLL" adapterTypeName="Microsoft.VisualStudio.TestTools.TestTypes.Unit.UnitTestAdapter, Microsoft.VisualStudio.QualityTools.Tips.UnitTest.Adapter" className="Logitech.Dvs.Web.Test.ProductKeyGeneratorTest, Logitech.Dvs.Web.Test, Version=1.0.0.0, Culture=neutral, PublicKeyToken=null" name="CanonicalizeWhiteSpace" />
    </UnitTest>
    <UnitTest name="Send_MapFeatureNotImplementedPacketException" storage="f:\teamcity\buildagent\work\eee3f59bf291369f\logitech\dvs\messaging\test\bin\debug\logitech.dvs.messaging.test.dll" id="a9dc7890-55eb-2426-5b81-38033b5ebd70">
      <Css projectStructure="" iteration="" />
      <Description>Send maps FeatureNotImplementedPacketException to HTTP 501.</Description>
      <Owners>
        <Owner name="" />
      </Owners>
      <Execution id="360be316-ff62-4880-85a2-9991212b4eec" />
      <TestMethod codeBase="F:/TeamCity/buildAgent/work/eee3f59bf291369f/Logitech/Dvs/Messaging/Test/bin/Debug/Logitech.Dvs.Messaging.Test.DLL" adapterTypeName="Microsoft.VisualStudio.TestTools.TestTypes.Unit.UnitTestAdapter, Microsoft.VisualStudio.QualityTools.Tips.UnitTest.Adapter" className="Logitech.Dvs.Messaging.Test.XmppMessageManagerTests, Logitech.Dvs.Messaging.Test, Version=1.0.0.0, Culture=neutral, PublicKeyToken=null" name="Send_MapFeatureNotImplementedPacketException" />
    </UnitTest>
    <UnitTest name="GetUnconfirmedExpiredProductTest" storage="f:\teamcity\buildagent\work\eee3f59bf291369f\logitech\dvs\web\test\bin\debug\logitech.dvs.web.test.dll" id="dfbc2566-efa4-3fe8-1ee6-9d5749398db5">
      <Css projectStructure="" iteration="" />
      <Description>Validates that the latest unconfirmed and expired product is returned.</Description>
      <Owners>
        <Owner name="" />
      </Owners>
      <Execution id="cbda6f26-1d59-4839-b734-8556b68d3626" />
      <TestMethod codeBase="F:/TeamCity/buildAgent/work/eee3f59bf291369f/Logitech/Dvs/Web/Test/bin/Debug/Logitech.Dvs.Web.Test.DLL" adapterTypeName="Microsoft.VisualStudio.TestTools.TestTypes.Unit.UnitTestAdapter, Microsoft.VisualStudio.QualityTools.Tips.UnitTest.Adapter" className="Logitech.Dvs.Web.Test.FeatureSecurityServiceTests, Logitech.Dvs.Web.Test, Version=1.0.0.0, Culture=neutral, PublicKeyToken=null" name="GetUnconfirmedExpiredProductTest" />
    </UnitTest>
    <UnitTest name="FindCustomer_First_Last" storage="f:\teamcity\buildagent\work\eee3f59bf291369f\logitech\dvs\web\test\bin\debug\logitech.dvs.web.test.dll" id="5081daa7-0188-7815-d711-e2a9248fb260">
      <Css projectStructure="" iteration="" />
      <Description>Tests search by full name exact</Description>
      <Owners>
        <Owner name="" />
      </Owners>
      <Execution id="91195370-7f30-498d-9f2e-2ce4c142aae9" />
      <TestMethod codeBase="F:/TeamCity/buildAgent/work/eee3f59bf291369f/Logitech/Dvs/Web/Test/bin/Debug/Logitech.Dvs.Web.Test.DLL" adapterTypeName="Microsoft.VisualStudio.TestTools.TestTypes.Unit.UnitTestAdapter, Microsoft.VisualStudio.QualityTools.Tips.UnitTest.Adapter" className="Logitech.Dvs.Web.Test.SupportServiceTests, Logitech.Dvs.Web.Test, Version=1.0.0.0, Culture=neutral, PublicKeyToken=null" name="FindCustomer_First_Last" />
    </UnitTest>
    <UnitTest name="AddElemWorks" storage="f:\teamcity\buildagent\work\eee3f59bf291369f\logitech\dvs\test\bin\debug\logitech.dvs.test.dll" id="23f1fc44-c621-56c1-9c7f-7e5124c3a919">
      <Css projectStructure="" iteration="" />
      <Description>Calling add element returns the added node</Description>
      <Owners>
        <Owner name="" />
      </Owners>
      <Execution id="6e3070c4-37cb-4ec1-be77-2a2a41c092ec" />
      <TestMethod codeBase="F:/TeamCity/buildAgent/work/eee3f59bf291369f/Logitech/Dvs/Test/bin/Debug/Logitech.Dvs.Test.DLL" adapterTypeName="Microsoft.VisualStudio.TestTools.TestTypes.Unit.UnitTestAdapter, Microsoft.VisualStudio.QualityTools.Tips.UnitTest.Adapter" className="Logitech.Dvs.Test.FluentXmlExtensionsTest, Logitech.Dvs.Test, Version=1.0.0.0, Culture=neutral, PublicKeyToken=null" name="AddElemWorks" />
    </UnitTest>
    <UnitTest name="UserNameForDeviceUser" storage="f:\teamcity\buildagent\work\eee3f59bf291369f\logitech\dvs\web\test\bin\debug\logitech.dvs.web.test.dll" id="8ef45a56-1ada-fd3a-c710-ed411d2862eb">
      <Css projectStructure="" iteration="" />
      <Description>End User name is used when the device user is used</Description>
      <Owners>
        <Owner name="" />
      </Owners>
      <Execution id="74c5098e-b45e-4aa5-875c-f44004991ae9" />
      <TestMethod codeBase="F:/TeamCity/buildAgent/work/eee3f59bf291369f/Logitech/Dvs/Web/Test/bin/Debug/Logitech.Dvs.Web.Test.DLL" adapterTypeName="Microsoft.VisualStudio.TestTools.TestTypes.Unit.UnitTestAdapter, Microsoft.VisualStudio.QualityTools.Tips.UnitTest.Adapter" className="Logitech.Dvs.Web.Test.RuntimeUserResolverTests, Logitech.Dvs.Web.Test, Version=1.0.0.0, Culture=neutral, PublicKeyToken=null" name="UserNameForDeviceUser" />
    </UnitTest>
    <UnitTest name="GetUserByUserName_ValidUserName_Cache" storage="f:\teamcity\buildagent\work\eee3f59bf291369f\logitech\dvs\test\bin\debug\logitech.dvs.test.dll" id="88e388c1-0aec-cc35-0f60-2b0fa01d6abe">
      <Css projectStructure="" iteration="" />
      <Owners>
        <Owner name="" />
      </Owners>
      <Execution id="3b9de46b-a549-47c4-8047-f2183aed2ba0" />
      <TestMethod codeBase="F:/TeamCity/buildAgent/work/eee3f59bf291369f/Logitech/Dvs/Test/bin/Debug/Logitech.Dvs.Test.DLL" adapterTypeName="Microsoft.VisualStudio.TestTools.TestTypes.Unit.UnitTestAdapter, Microsoft.VisualStudio.QualityTools.Tips.UnitTest.Adapter" className="Logitech.Dvs.Entities.Test.DvsEntityContextTests, Logitech.Dvs.Test, Version=1.0.0.0, Culture=neutral, PublicKeyToken=null" name="GetUserByUserName_ValidUserName_Cache" />
    </UnitTest>
    <UnitTest name="StopStreamSetIn" storage="f:\teamcity\buildagent\work\eee3f59bf291369f\logitech\dvs\web\test\bin\debug\logitech.dvs.web.test.dll" id="74241ff2-6e6a-d086-f4a0-2f7c66e5b244">
      <Css projectStructure="" iteration="" />
      <Owners>
        <Owner name="" />
      </Owners>
      <Execution id="5bdff20c-01ee-4dbd-b959-8f9bdc0061dd" />
      <TestMethod codeBase="F:/TeamCity/buildAgent/work/eee3f59bf291369f/Logitech/Dvs/Web/Test/bin/Debug/Logitech.Dvs.Web.Test.DLL" adapterTypeName="Microsoft.VisualStudio.TestTools.TestTypes.Unit.UnitTestAdapter, Microsoft.VisualStudio.QualityTools.Tips.UnitTest.Adapter" className="Logitech.Dvs.Web.Test.LiveStreamTests, Logitech.Dvs.Web.Test, Version=1.0.0.0, Culture=neutral, PublicKeyToken=null" name="StopStreamSetIn" />
    </UnitTest>
    <UnitTest name="CreateProductKeyBatch_Count" storage="f:\teamcity\buildagent\work\eee3f59bf291369f\logitech\dvs\web\test\bin\debug\logitech.dvs.web.test.dll" id="48a56666-8ed2-c485-c1a0-6be47602de4f">
      <Css projectStructure="" iteration="" />
      <Description>CreateProductKeyBatch generates the right number of keys.</Description>
      <Owners>
        <Owner name="" />
      </Owners>
      <Execution id="168db4da-e8f1-43b9-9623-9cad3182c094" />
      <TestMethod codeBase="F:/TeamCity/buildAgent/work/eee3f59bf291369f/Logitech/Dvs/Web/Test/bin/Debug/Logitech.Dvs.Web.Test.DLL" adapterTypeName="Microsoft.VisualStudio.TestTools.TestTypes.Unit.UnitTestAdapter, Microsoft.VisualStudio.QualityTools.Tips.UnitTest.Adapter" className="Logitech.Dvs.Web.Test.CommerceServiceTests, Logitech.Dvs.Web.Test, Version=1.0.0.0, Culture=neutral, PublicKeyToken=null" name="CreateProductKeyBatch_Count" expectedException="Logitech.Dvs.Web.Services.WebProtocolException, Logitech.Dvs.Web, Version=1.0.3860.27695, Culture=neutral, PublicKeyToken=null" />
    </UnitTest>
    <UnitTest name="TestParseStreamId" storage="f:\teamcity\buildagent\work\eee3f59bf291369f\logitech\dvs\web\test\bin\debug\logitech.dvs.web.test.dll" id="babcf08d-6991-7a58-23b2-3269636b7fe5">
      <Css projectStructure="" iteration="" />
      <Owners>
        <Owner name="" />
      </Owners>
      <Execution id="37de7bbf-b0de-4e08-bfea-950010e03867" />
      <TestMethod codeBase="F:/TeamCity/buildAgent/work/eee3f59bf291369f/Logitech/Dvs/Web/Test/bin/Debug/Logitech.Dvs.Web.Test.DLL" adapterTypeName="Microsoft.VisualStudio.TestTools.TestTypes.Unit.UnitTestAdapter, Microsoft.VisualStudio.QualityTools.Tips.UnitTest.Adapter" className="Logitech.Dvs.Web.Test.LiveStreamTests, Logitech.Dvs.Web.Test, Version=1.0.0.0, Culture=neutral, PublicKeyToken=null" name="TestParseStreamId" />
    </UnitTest>
    <UnitTest name="GetUserByUserName_EmptyUserName" storage="f:\teamcity\buildagent\work\eee3f59bf291369f\logitech\dvs\test\bin\debug\logitech.dvs.test.dll" id="6bc2b4a9-b39c-59e9-6755-93cc4f936e54">
      <Css projectStructure="" iteration="" />
      <Owners>
        <Owner name="" />
      </Owners>
      <Execution id="a26c5b18-d3ca-498f-8916-08badfa8aebe" />
      <TestMethod codeBase="F:/TeamCity/buildAgent/work/eee3f59bf291369f/Logitech/Dvs/Test/bin/Debug/Logitech.Dvs.Test.DLL" adapterTypeName="Microsoft.VisualStudio.TestTools.TestTypes.Unit.UnitTestAdapter, Microsoft.VisualStudio.QualityTools.Tips.UnitTest.Adapter" className="Logitech.Dvs.Entities.Test.DvsEntityContextTests, Logitech.Dvs.Test, Version=1.0.0.0, Culture=neutral, PublicKeyToken=null" name="GetUserByUserName_EmptyUserName" />
    </UnitTest>
    <UnitTest name="RegisterKey_UserNotFound" storage="f:\teamcity\buildagent\work\eee3f59bf291369f\logitech\dvs\web\test\bin\debug\logitech.dvs.web.test.dll" id="d92dcfad-156a-9104-eb0b-f98da064b1a9">
      <Css projectStructure="" iteration="" />
      <Description>RegisterKey throws if the supplied user is not in the database.</Description>
      <Owners>
        <Owner name="" />
      </Owners>
      <Execution id="d717f416-e06d-41ac-9ff9-ce227d646215" />
      <TestMethod codeBase="F:/TeamCity/buildAgent/work/eee3f59bf291369f/Logitech/Dvs/Web/Test/bin/Debug/Logitech.Dvs.Web.Test.DLL" adapterTypeName="Microsoft.VisualStudio.TestTools.TestTypes.Unit.UnitTestAdapter, Microsoft.VisualStudio.QualityTools.Tips.UnitTest.Adapter" className="Logitech.Dvs.Web.Test.CommerceServiceTests, Logitech.Dvs.Web.Test, Version=1.0.0.0, Culture=neutral, PublicKeyToken=null" name="RegisterKey_UserNotFound" />
    </UnitTest>
    <UnitTest name="UnknownCode" storage="f:\teamcity\buildagent\work\eee3f59bf291369f\logitech\dvs\messaging\test\bin\debug\logitech.dvs.messaging.test.dll" id="639354b6-4554-f7fa-38c4-078b44a1ca73">
      <Css projectStructure="" iteration="" />
      <Description>CustomResultCodeString is formatted correctly for an unknown code.</Description>
      <Owners>
        <Owner name="" />
      </Owners>
      <Execution id="f674cc7b-2363-4e5b-84aa-483efa58abfa" />
      <TestMethod codeBase="F:/TeamCity/buildAgent/work/eee3f59bf291369f/Logitech/Dvs/Messaging/Test/bin/Debug/Logitech.Dvs.Messaging.Test.DLL" adapterTypeName="Microsoft.VisualStudio.TestTools.TestTypes.Unit.UnitTestAdapter, Microsoft.VisualStudio.QualityTools.Tips.UnitTest.Adapter" className="Logitech.Dvs.Messaging.Test.XmppExceptionTests, Logitech.Dvs.Messaging.Test, Version=1.0.0.0, Culture=neutral, PublicKeyToken=null" name="UnknownCode" />
    </UnitTest>
    <UnitTest name="NotSet_IsAuthorized" storage="f:\teamcity\buildagent\work\eee3f59bf291369f\logitech\dvs\web\test\bin\debug\logitech.dvs.web.test.dll" id="6618cda3-743e-003c-67df-1bedf2aee51d">
      <Css projectStructure="" iteration="" />
      <Owners>
        <Owner name="" />
      </Owners>
      <Execution id="e4c7959e-9096-4495-a71a-e0e8c64a4d83" />
      <TestMethod codeBase="F:/TeamCity/buildAgent/work/eee3f59bf291369f/Logitech/Dvs/Web/Test/bin/Debug/Logitech.Dvs.Web.Test.DLL" adapterTypeName="Microsoft.VisualStudio.TestTools.TestTypes.Unit.UnitTestAdapter, Microsoft.VisualStudio.QualityTools.Tips.UnitTest.Adapter" className="Logitech.Dvs.Web.Test.RoleSecurityAttributeTests, Logitech.Dvs.Web.Test, Version=1.0.0.0, Culture=neutral, PublicKeyToken=null" name="NotSet_IsAuthorized" />
    </UnitTest>
    <UnitTest name="GetUserOptIns" storage="f:\teamcity\buildagent\work\eee3f59bf291369f\logitech\dvs\test\bin\debug\logitech.dvs.test.dll" id="808bc6af-768a-bf8e-b55e-dd1b316cc6cb">
      <Css projectStructure="" iteration="" />
      <Owners>
        <Owner name="" />
      </Owners>
      <Execution id="a485b532-82d8-42c6-be8b-8dd95a1f617a" />
      <TestMethod codeBase="F:/TeamCity/buildAgent/work/eee3f59bf291369f/Logitech/Dvs/Test/bin/Debug/Logitech.Dvs.Test.DLL" adapterTypeName="Microsoft.VisualStudio.TestTools.TestTypes.Unit.UnitTestAdapter, Microsoft.VisualStudio.QualityTools.Tips.UnitTest.Adapter" className="Logitech.Dvs.Entities.Test.DvsEntityContextTests, Logitech.Dvs.Test, Version=1.0.0.0, Culture=neutral, PublicKeyToken=null" name="GetUserOptIns" />
    </UnitTest>
    <UnitTest name="ToUserEntity_NoPrinciple" storage="f:\teamcity\buildagent\work\eee3f59bf291369f\logitech\dvs\test\bin\debug\logitech.dvs.test.dll" id="9fd375d6-0bf1-9596-fd59-ca163c89c6f6">
      <Css projectStructure="" iteration="" />
      <Owners>
        <Owner name="" />
      </Owners>
      <Execution id="80a64984-b7a6-430e-b3ab-c6ee1679d2f5" />
      <TestMethod codeBase="F:/TeamCity/buildAgent/work/eee3f59bf291369f/Logitech/Dvs/Test/bin/Debug/Logitech.Dvs.Test.DLL" adapterTypeName="Microsoft.VisualStudio.TestTools.TestTypes.Unit.UnitTestAdapter, Microsoft.VisualStudio.QualityTools.Tips.UnitTest.Adapter" className="Logitech.Dvs.Entities.Test.DvsEntityContextTests, Logitech.Dvs.Test, Version=1.0.0.0, Culture=neutral, PublicKeyToken=null" name="ToUserEntity_NoPrinciple" />
    </UnitTest>
    <UnitTest name="RevokeKey_Used" storage="f:\teamcity\buildagent\work\eee3f59bf291369f\logitech\dvs\web\test\bin\debug\logitech.dvs.web.test.dll" id="d51a1c81-9269-3d2d-7a72-9e7e223dfbbb">
      <Css projectStructure="" iteration="" />
      <Description>RevokeKey cancels the associated product registration if the key has been used.</Description>
      <Owners>
        <Owner name="" />
      </Owners>
      <Execution id="d3599cf4-38be-4da2-a234-c896824ed921" />
      <TestMethod codeBase="F:/TeamCity/buildAgent/work/eee3f59bf291369f/Logitech/Dvs/Web/Test/bin/Debug/Logitech.Dvs.Web.Test.DLL" adapterTypeName="Microsoft.VisualStudio.TestTools.TestTypes.Unit.UnitTestAdapter, Microsoft.VisualStudio.QualityTools.Tips.UnitTest.Adapter" className="Logitech.Dvs.Web.Test.CommerceServiceTests, Logitech.Dvs.Web.Test, Version=1.0.0.0, Culture=neutral, PublicKeyToken=null" name="RevokeKey_Used" />
    </UnitTest>
    <UnitTest name="AudioFormatIsCreated" storage="f:\teamcity\buildagent\work\eee3f59bf291369f\logitech\dvs\web\test\bin\debug\logitech.dvs.web.test.dll" id="33369c7b-cb48-3abc-9405-b20bc46e8640">
      <Css projectStructure="" iteration="" />
      <Owners>
        <Owner name="" />
      </Owners>
      <Execution id="5414d97c-cc9f-4410-8e50-5984c1fe3096" />
      <TestMethod codeBase="F:/TeamCity/buildAgent/work/eee3f59bf291369f/Logitech/Dvs/Web/Test/bin/Debug/Logitech.Dvs.Web.Test.DLL" adapterTypeName="Microsoft.VisualStudio.TestTools.TestTypes.Unit.UnitTestAdapter, Microsoft.VisualStudio.QualityTools.Tips.UnitTest.Adapter" className="Logitech.Dvs.Web.Test.LiveStreamTests, Logitech.Dvs.Web.Test, Version=1.0.0.0, Culture=neutral, PublicKeyToken=null" name="AudioFormatIsCreated" />
    </UnitTest>
    <UnitTest name="DownloadSaveNoFileName" storage="f:\teamcity\buildagent\work\eee3f59bf291369f\logitech\dvs\web\test\bin\debug\logitech.dvs.web.test.dll" id="b7d1a352-dd0e-ce25-a3a1-062b65f338c7">
      <Css projectStructure="" iteration="" />
      <Description>Download treats the save as file name as optional.</Description>
      <Owners>
        <Owner name="" />
      </Owners>
      <Execution id="6f92766d-4e86-435c-b633-2ecf3892c073" />
      <TestMethod codeBase="F:/TeamCity/buildAgent/work/eee3f59bf291369f/Logitech/Dvs/Web/Test/bin/Debug/Logitech.Dvs.Web.Test.DLL" adapterTypeName="Microsoft.VisualStudio.TestTools.TestTypes.Unit.UnitTestAdapter, Microsoft.VisualStudio.QualityTools.Tips.UnitTest.Adapter" className="Logitech.Dvs.Web.Test.FileRelayServiceTests, Logitech.Dvs.Web.Test, Version=1.0.0.0, Culture=neutral, PublicKeyToken=null" name="DownloadSaveNoFileName" />
    </UnitTest>
    <UnitTest name="CreateFileAndDirectory" storage="f:\teamcity\buildagent\work\eee3f59bf291369f\logitech\dvs\test\bin\debug\logitech.dvs.test.dll" id="3f9ec110-78f8-d62b-ce33-f3a21e01968d">
      <Css projectStructure="" iteration="" />
      <Description>A stream can be created even if directories don't exist.</Description>
      <Owners>
        <Owner name="" />
      </Owners>
      <Execution id="11923f20-7eb4-4ce2-8fad-db8146f9d357" />
      <TestMethod codeBase="F:/TeamCity/buildAgent/work/eee3f59bf291369f/Logitech/Dvs/Test/bin/Debug/Logitech.Dvs.Test.DLL" adapterTypeName="Microsoft.VisualStudio.TestTools.TestTypes.Unit.UnitTestAdapter, Microsoft.VisualStudio.QualityTools.Tips.UnitTest.Adapter" className="Logitech.Dvs.Test.FileSharedStorageTests, Logitech.Dvs.Test, Version=1.0.0.0, Culture=neutral, PublicKeyToken=null" name="CreateFileAndDirectory" />
    </UnitTest>
    <UnitTest name="GetProductKeyBatches_NotFound" storage="f:\teamcity\buildagent\work\eee3f59bf291369f\logitech\dvs\web\test\bin\debug\logitech.dvs.web.test.dll" id="367a4ab6-4e43-b4bc-9d2c-8a1884a8e2e8">
      <Css projectStructure="" iteration="" />
      <Description>GetProductKeyBatches - throws if batch not found</Description>
      <Owners>
        <Owner name="" />
      </Owners>
      <Execution id="b97d84cb-ce45-442e-8c65-3eab8190b676" />
      <TestMethod codeBase="F:/TeamCity/buildAgent/work/eee3f59bf291369f/Logitech/Dvs/Web/Test/bin/Debug/Logitech.Dvs.Web.Test.DLL" adapterTypeName="Microsoft.VisualStudio.TestTools.TestTypes.Unit.UnitTestAdapter, Microsoft.VisualStudio.QualityTools.Tips.UnitTest.Adapter" className="Logitech.Dvs.Web.Test.CommerceServiceTests, Logitech.Dvs.Web.Test, Version=1.0.0.0, Culture=neutral, PublicKeyToken=null" name="GetProductKeyBatches_NotFound" />
    </UnitTest>
    <UnitTest name="VideoFormatIsCreated" storage="f:\teamcity\buildagent\work\eee3f59bf291369f\logitech\dvs\web\test\bin\debug\logitech.dvs.web.test.dll" id="2972b5a2-3494-e411-3cf3-8bb4ad237971">
      <Css projectStructure="" iteration="" />
      <Owners>
        <Owner name="" />
      </Owners>
      <Execution id="217708a5-0240-44c8-b61f-111ddab8ed5b" />
      <TestMethod codeBase="F:/TeamCity/buildAgent/work/eee3f59bf291369f/Logitech/Dvs/Web/Test/bin/Debug/Logitech.Dvs.Web.Test.DLL" adapterTypeName="Microsoft.VisualStudio.TestTools.TestTypes.Unit.UnitTestAdapter, Microsoft.VisualStudio.QualityTools.Tips.UnitTest.Adapter" className="Logitech.Dvs.Web.Test.LiveStreamTests, Logitech.Dvs.Web.Test, Version=1.0.0.0, Culture=neutral, PublicKeyToken=null" name="VideoFormatIsCreated" />
    </UnitTest>
    <UnitTest name="GetClipHostOverride" storage="f:\teamcity\buildagent\work\eee3f59bf291369f\logitech\dvs\web\test\bin\debug\logitech.dvs.web.test.dll" id="f3b8b0ed-3a92-dcde-d586-2f841ba080e1">
      <Css projectStructure="" iteration="" />
      <Description>GetClip redirects to the correct host when the hostOverride parameter is included.</Description>
      <Owners>
        <Owner name="" />
      </Owners>
      <Execution id="821ca473-d566-43b7-ba6f-a8253ea1ddf3" />
      <TestMethod codeBase="F:/TeamCity/buildAgent/work/eee3f59bf291369f/Logitech/Dvs/Web/Test/bin/Debug/Logitech.Dvs.Web.Test.DLL" adapterTypeName="Microsoft.VisualStudio.TestTools.TestTypes.Unit.UnitTestAdapter, Microsoft.VisualStudio.QualityTools.Tips.UnitTest.Adapter" className="Logitech.Dvs.Web.Test.ClipServiceTests, Logitech.Dvs.Web.Test, Version=1.0.0.0, Culture=neutral, PublicKeyToken=null" name="GetClipHostOverride" />
    </UnitTest>
    <UnitTest name="Delete" storage="f:\teamcity\buildagent\work\eee3f59bf291369f\logitech\dvs\web\test\bin\debug\logitech.dvs.web.test.dll" id="a97dae5f-46a9-3fd9-5b7c-c8fd59277347">
      <Css projectStructure="" iteration="" />
      <Description>Can delete existing credentials for the current user.</Description>
      <Owners>
        <Owner name="" />
      </Owners>
      <Execution id="8315acbd-5e32-4dc4-a564-3057d56b1991" />
      <TestMethod codeBase="F:/TeamCity/buildAgent/work/eee3f59bf291369f/Logitech/Dvs/Web/Test/bin/Debug/Logitech.Dvs.Web.Test.DLL" adapterTypeName="Microsoft.VisualStudio.TestTools.TestTypes.Unit.UnitTestAdapter, Microsoft.VisualStudio.QualityTools.Tips.UnitTest.Adapter" className="Logitech.Dvs.Web.Test.Model.ExternalCredentialsTests, Logitech.Dvs.Web.Test, Version=1.0.0.0, Culture=neutral, PublicKeyToken=null" name="Delete" />
    </UnitTest>
    <UnitTest name="ShareSaveCredentials" storage="f:\teamcity\buildagent\work\eee3f59bf291369f\logitech\dvs\web\test\bin\debug\logitech.dvs.web.test.dll" id="f4b3e4e1-8421-5622-c497-c38efb22531b">
      <Css projectStructure="" iteration="" />
      <Description>Saves the user's credentials (with password encrypted) if told to when sharing.</Description>
      <Owners>
        <Owner name="" />
      </Owners>
      <Execution id="da1d8b2c-5763-408e-86ee-b7d0e1cd4d76" />
      <TestMethod codeBase="F:/TeamCity/buildAgent/work/eee3f59bf291369f/Logitech/Dvs/Web/Test/bin/Debug/Logitech.Dvs.Web.Test.DLL" adapterTypeName="Microsoft.VisualStudio.TestTools.TestTypes.Unit.UnitTestAdapter, Microsoft.VisualStudio.QualityTools.Tips.UnitTest.Adapter" className="Logitech.Dvs.Web.Test.Model.YouTubeServiceTests, Logitech.Dvs.Web.Test, Version=1.0.0.0, Culture=neutral, PublicKeyToken=null" name="ShareSaveCredentials" />
    </UnitTest>
    <UnitTest name="TestObfuscateId" storage="f:\teamcity\buildagent\work\eee3f59bf291369f\logitech\dvs\web\test\bin\debug\logitech.dvs.web.test.dll" id="210c5c08-af38-0ed1-0582-70c4c5433d23">
      <Css projectStructure="" iteration="" />
      <Owners>
        <Owner name="" />
      </Owners>
      <Execution id="128ca18c-bd80-4137-b878-cf6ed9c1977b" />
      <TestMethod codeBase="F:/TeamCity/buildAgent/work/eee3f59bf291369f/Logitech/Dvs/Web/Test/bin/Debug/Logitech.Dvs.Web.Test.DLL" adapterTypeName="Microsoft.VisualStudio.TestTools.TestTypes.Unit.UnitTestAdapter, Microsoft.VisualStudio.QualityTools.Tips.UnitTest.Adapter" className="Logitech.Dvs.Web.Test.MembershipServiceTest, Logitech.Dvs.Web.Test, Version=1.0.0.0, Culture=neutral, PublicKeyToken=null" name="TestObfuscateId" />
    </UnitTest>
    <UnitTest name="UpdateSupportUser_Location_NotFound" storage="f:\teamcity\buildagent\work\eee3f59bf291369f\logitech\dvs\web\test\bin\debug\logitech.dvs.web.test.dll" id="7446a4da-08dd-641c-70aa-e66239b9ec7f">
      <Css projectStructure="" iteration="" />
      <Description>UpdateSupportUser throws if location not found</Description>
      <Owners>
        <Owner name="" />
      </Owners>
      <Execution id="19961ddd-5bc7-4e43-96d2-6390621e81b1" />
      <TestMethod codeBase="F:/TeamCity/buildAgent/work/eee3f59bf291369f/Logitech/Dvs/Web/Test/bin/Debug/Logitech.Dvs.Web.Test.DLL" adapterTypeName="Microsoft.VisualStudio.TestTools.TestTypes.Unit.UnitTestAdapter, Microsoft.VisualStudio.QualityTools.Tips.UnitTest.Adapter" className="Logitech.Dvs.Web.Test.SupportServiceTests, Logitech.Dvs.Web.Test, Version=1.0.0.0, Culture=neutral, PublicKeyToken=null" name="UpdateSupportUser_Location_NotFound" />
    </UnitTest>
    <UnitTest name="GetCommanderById_BadRequest" storage="f:\teamcity\buildagent\work\eee3f59bf291369f\logitech\dvs\web\test\bin\debug\logitech.dvs.web.test.dll" id="73765fb5-e537-2360-5ff9-00438445ccf5">
      <Css projectStructure="" iteration="" />
      <Description>Tests</Description>
      <Owners>
        <Owner name="" />
      </Owners>
      <Execution id="4d1c6cc4-779c-48d1-b550-b1a318d84fc7" />
      <TestMethod codeBase="F:/TeamCity/buildAgent/work/eee3f59bf291369f/Logitech/Dvs/Web/Test/bin/Debug/Logitech.Dvs.Web.Test.DLL" adapterTypeName="Microsoft.VisualStudio.TestTools.TestTypes.Unit.UnitTestAdapter, Microsoft.VisualStudio.QualityTools.Tips.UnitTest.Adapter" className="Logitech.Dvs.Web.Test.CommanderServiceTest, Logitech.Dvs.Web.Test, Version=1.0.0.0, Culture=neutral, PublicKeyToken=null" name="GetCommanderById_BadRequest" expectedException="Logitech.Dvs.Web.Services.WebProtocolException, Logitech.Dvs.Web, Version=1.0.3860.27695, Culture=neutral, PublicKeyToken=null" />
    </UnitTest>
    <UnitTest name="FileExistsWaitExists" storage="f:\teamcity\buildagent\work\eee3f59bf291369f\logitech\dvs\web\test\bin\debug\logitech.dvs.web.test.dll" id="5ef775ae-8af9-259d-ac16-c380c1fd3ea5">
      <Css projectStructure="" iteration="" />
      <Description>FileExists waits for the second file to exist before returning (it already exists).</Description>
      <Owners>
        <Owner name="" />
      </Owners>
      <Execution id="32d8ef29-b9ae-4dbf-9353-b1dca061acf1" />
      <TestMethod codeBase="F:/TeamCity/buildAgent/work/eee3f59bf291369f/Logitech/Dvs/Web/Test/bin/Debug/Logitech.Dvs.Web.Test.DLL" adapterTypeName="Microsoft.VisualStudio.TestTools.TestTypes.Unit.UnitTestAdapter, Microsoft.VisualStudio.QualityTools.Tips.UnitTest.Adapter" className="Logitech.Dvs.Web.Test.ReadChunkManagerTests, Logitech.Dvs.Web.Test, Version=1.0.0.0, Culture=neutral, PublicKeyToken=null" name="FileExistsWaitExists" />
    </UnitTest>
    <UnitTest name="GetSupportUserList_ReturnAll" storage="f:\teamcity\buildagent\work\eee3f59bf291369f\logitech\dvs\web\test\bin\debug\logitech.dvs.web.test.dll" id="07e52639-7084-4242-a4bf-9cc2aacf4022">
      <Css projectStructure="" iteration="" />
      <Description>Assertion about behavior</Description>
      <Owners>
        <Owner name="" />
      </Owners>
      <Execution id="be1d5cfd-9df1-44fa-93c6-3c6c76443813" />
      <TestMethod codeBase="F:/TeamCity/buildAgent/work/eee3f59bf291369f/Logitech/Dvs/Web/Test/bin/Debug/Logitech.Dvs.Web.Test.DLL" adapterTypeName="Microsoft.VisualStudio.TestTools.TestTypes.Unit.UnitTestAdapter, Microsoft.VisualStudio.QualityTools.Tips.UnitTest.Adapter" className="Logitech.Dvs.Web.Test.SupportServiceTests, Logitech.Dvs.Web.Test, Version=1.0.0.0, Culture=neutral, PublicKeyToken=null" name="GetSupportUserList_ReturnAll" />
    </UnitTest>
    <UnitTest name="StreamIdIsSet" storage="f:\teamcity\buildagent\work\eee3f59bf291369f\logitech\dvs\web\test\bin\debug\logitech.dvs.web.test.dll" id="4f34aff3-2206-d23d-ab6f-7951729d06e8">
      <Css projectStructure="" iteration="" />
      <Owners>
        <Owner name="" />
      </Owners>
      <Execution id="e2f80ad0-420c-497a-bb75-92070a724c9d" />
      <TestMethod codeBase="F:/TeamCity/buildAgent/work/eee3f59bf291369f/Logitech/Dvs/Web/Test/bin/Debug/Logitech.Dvs.Web.Test.DLL" adapterTypeName="Microsoft.VisualStudio.TestTools.TestTypes.Unit.UnitTestAdapter, Microsoft.VisualStudio.QualityTools.Tips.UnitTest.Adapter" className="Logitech.Dvs.Web.Test.LiveStreamTests, Logitech.Dvs.Web.Test, Version=1.0.0.0, Culture=neutral, PublicKeyToken=null" name="StreamIdIsSet" />
    </UnitTest>
    <UnitTest name="GetActivationDateWithMultipleProducts" storage="f:\teamcity\buildagent\work\eee3f59bf291369f\logitech\dvs\web\test\bin\debug\logitech.dvs.web.test.dll" id="3be1b4b7-3d88-b186-58fd-af6dd51b2649">
      <Css projectStructure="" iteration="" />
      <Description>Validates that the correct activation date is returned when there are multiple product keys queued up.</Description>
      <Owners>
        <Owner name="" />
      </Owners>
      <Execution id="01b85e50-2d70-42c7-b482-7f40e12755be" />
      <TestMethod codeBase="F:/TeamCity/buildAgent/work/eee3f59bf291369f/Logitech/Dvs/Web/Test/bin/Debug/Logitech.Dvs.Web.Test.DLL" adapterTypeName="Microsoft.VisualStudio.TestTools.TestTypes.Unit.UnitTestAdapter, Microsoft.VisualStudio.QualityTools.Tips.UnitTest.Adapter" className="Logitech.Dvs.Web.Test.FeatureSecurityServiceTests, Logitech.Dvs.Web.Test, Version=1.0.0.0, Culture=neutral, PublicKeyToken=null" name="GetActivationDateWithMultipleProducts" />
    </UnitTest>
    <UnitTest name="FindCustomers_PartialEmail" storage="f:\teamcity\buildagent\work\eee3f59bf291369f\logitech\dvs\web\test\bin\debug\logitech.dvs.web.test.dll" id="98b4821c-fcd4-7d4e-5984-aa244d43b6fc">
      <Css projectStructure="" iteration="" />
      <Description>Tests starts with email</Description>
      <Owners>
        <Owner name="" />
      </Owners>
      <Execution id="42822ab4-5709-4485-86af-015d186b7431" />
      <TestMethod codeBase="F:/TeamCity/buildAgent/work/eee3f59bf291369f/Logitech/Dvs/Web/Test/bin/Debug/Logitech.Dvs.Web.Test.DLL" adapterTypeName="Microsoft.VisualStudio.TestTools.TestTypes.Unit.UnitTestAdapter, Microsoft.VisualStudio.QualityTools.Tips.UnitTest.Adapter" className="Logitech.Dvs.Web.Test.SupportServiceTests, Logitech.Dvs.Web.Test, Version=1.0.0.0, Culture=neutral, PublicKeyToken=null" name="FindCustomers_PartialEmail" />
    </UnitTest>
    <UnitTest name="Send_OtherException" storage="f:\teamcity\buildagent\work\eee3f59bf291369f\logitech\dvs\messaging\test\bin\debug\logitech.dvs.messaging.test.dll" id="be3f905e-2e4d-42b2-c4d7-859062ca4423">
      <Css projectStructure="" iteration="" />
      <Description>Send DOES NOT map non-XMPP exceptions.</Description>
      <Owners>
        <Owner name="" />
      </Owners>
      <Execution id="5acd70dd-1d19-4695-ac93-c9969061697d" />
      <TestMethod codeBase="F:/TeamCity/buildAgent/work/eee3f59bf291369f/Logitech/Dvs/Messaging/Test/bin/Debug/Logitech.Dvs.Messaging.Test.DLL" adapterTypeName="Microsoft.VisualStudio.TestTools.TestTypes.Unit.UnitTestAdapter, Microsoft.VisualStudio.QualityTools.Tips.UnitTest.Adapter" className="Logitech.Dvs.Messaging.Test.XmppMessageManagerTests, Logitech.Dvs.Messaging.Test, Version=1.0.0.0, Culture=neutral, PublicKeyToken=null" name="Send_OtherException" expectedException="System.AccessViolationException, mscorlib, Version=2.0.0.0, Culture=neutral, PublicKeyToken=b77a5c561934e089" />
    </UnitTest>
    <UnitTest name="CanonicalizeBad2" storage="f:\teamcity\buildagent\work\eee3f59bf291369f\logitech\dvs\web\test\bin\debug\logitech.dvs.web.test.dll" id="c1cb954f-9e23-5005-103d-afe0aba8ca33">
      <Css projectStructure="" iteration="" />
      <Description>TryCanonicalize fails if the supplied key contains a bad character, even if the length comes out right.</Description>
      <Owners>
        <Owner name="" />
      </Owners>
      <Execution id="8e8f83fc-3435-42b4-b4f5-53ba798d62a6" />
      <TestMethod codeBase="F:/TeamCity/buildAgent/work/eee3f59bf291369f/Logitech/Dvs/Web/Test/bin/Debug/Logitech.Dvs.Web.Test.DLL" adapterTypeName="Microsoft.VisualStudio.TestTools.TestTypes.Unit.UnitTestAdapter, Microsoft.VisualStudio.QualityTools.Tips.UnitTest.Adapter" className="Logitech.Dvs.Web.Test.ProductKeyGeneratorTest, Logitech.Dvs.Web.Test, Version=1.0.0.0, Culture=neutral, PublicKeyToken=null" name="CanonicalizeBad2" />
    </UnitTest>
    <UnitTest name="UnauthenticatedException" storage="f:\teamcity\buildagent\work\eee3f59bf291369f\logitech\dvs\web\test\bin\debug\logitech.dvs.web.test.dll" id="7aeb4932-080b-0485-08b3-c7d21077e38e">
      <Css projectStructure="" iteration="" />
      <Description>AuthenticateCurrentRequest throws an exception 401 in response to a request without authentication.</Description>
      <Owners>
        <Owner name="" />
      </Owners>
      <Execution id="7a6e3f58-45ac-40aa-afcd-8aba7cc38bf8" />
      <TestMethod codeBase="F:/TeamCity/buildAgent/work/eee3f59bf291369f/Logitech/Dvs/Web/Test/bin/Debug/Logitech.Dvs.Web.Test.DLL" adapterTypeName="Microsoft.VisualStudio.TestTools.TestTypes.Unit.UnitTestAdapter, Microsoft.VisualStudio.QualityTools.Tips.UnitTest.Adapter" className="Logitech.Dvs.Web.Test.DigestAuthenticationTest, Logitech.Dvs.Web.Test, Version=1.0.0.0, Culture=neutral, PublicKeyToken=null" name="UnauthenticatedException" />
    </UnitTest>
    <UnitTest name="GetSupportUserList_ReturnAll_LocationNotFound" storage="f:\teamcity\buildagent\work\eee3f59bf291369f\logitech\dvs\web\test\bin\debug\logitech.dvs.web.test.dll" id="025623ff-8aa4-03b9-95bf-dadf44e67d04">
      <Css projectStructure="" iteration="" />
      <Description>Assertion about behavior</Description>
      <Owners>
        <Owner name="" />
      </Owners>
      <Execution id="f2788626-ac92-487b-baec-71ee3e1bf2b7" />
      <TestMethod codeBase="F:/TeamCity/buildAgent/work/eee3f59bf291369f/Logitech/Dvs/Web/Test/bin/Debug/Logitech.Dvs.Web.Test.DLL" adapterTypeName="Microsoft.VisualStudio.TestTools.TestTypes.Unit.UnitTestAdapter, Microsoft.VisualStudio.QualityTools.Tips.UnitTest.Adapter" className="Logitech.Dvs.Web.Test.SupportServiceTests, Logitech.Dvs.Web.Test, Version=1.0.0.0, Culture=neutral, PublicKeyToken=null" name="GetSupportUserList_ReturnAll_LocationNotFound" />
    </UnitTest>
    <UnitTest name="GetPtz_BadMac" storage="f:\teamcity\buildagent\work\eee3f59bf291369f\logitech\dvs\web\test\bin\debug\logitech.dvs.web.test.dll" id="5eb54b2f-9683-cdf4-3c7e-ad145d00c238">
      <Css projectStructure="" iteration="" />
      <Description>The camera service throws (400) for a bad MAC.</Description>
      <Owners>
        <Owner name="" />
      </Owners>
      <Execution id="42baf2d7-1913-49be-b613-718618a30ab7" />
      <TestMethod codeBase="F:/TeamCity/buildAgent/work/eee3f59bf291369f/Logitech/Dvs/Web/Test/bin/Debug/Logitech.Dvs.Web.Test.DLL" adapterTypeName="Microsoft.VisualStudio.TestTools.TestTypes.Unit.UnitTestAdapter, Microsoft.VisualStudio.QualityTools.Tips.UnitTest.Adapter" className="Logitech.Dvs.Web.Test.CameraServicePtzTests, Logitech.Dvs.Web.Test, Version=1.0.0.0, Culture=neutral, PublicKeyToken=null" name="GetPtz_BadMac" />
    </UnitTest>
    <UnitTest name="ShareMarketingTag" storage="f:\teamcity\buildagent\work\eee3f59bf291369f\logitech\dvs\web\test\bin\debug\logitech.dvs.web.test.dll" id="98da819a-d6a3-93a4-1bb3-084b26e051c1">
      <Css projectStructure="" iteration="" />
      <Description>Appends a marketing tag to the description when sharing.</Description>
      <Owners>
        <Owner name="" />
      </Owners>
      <Execution id="32d5424c-8926-4936-8b1a-385fbee87bce" />
      <TestMethod codeBase="F:/TeamCity/buildAgent/work/eee3f59bf291369f/Logitech/Dvs/Web/Test/bin/Debug/Logitech.Dvs.Web.Test.DLL" adapterTypeName="Microsoft.VisualStudio.TestTools.TestTypes.Unit.UnitTestAdapter, Microsoft.VisualStudio.QualityTools.Tips.UnitTest.Adapter" className="Logitech.Dvs.Web.Test.Model.YouTubeServiceTests, Logitech.Dvs.Web.Test, Version=1.0.0.0, Culture=neutral, PublicKeyToken=null" name="ShareMarketingTag" />
    </UnitTest>
    <UnitTest name="GetProductRegistration_Invalid" storage="f:\teamcity\buildagent\work\eee3f59bf291369f\logitech\dvs\web\test\bin\debug\logitech.dvs.web.test.dll" id="c3e304b6-d053-c6d7-bd22-4106cfccdba5">
      <Css projectStructure="" iteration="" />
      <Description>GetProductRegistration - throws if the guid is invalid</Description>
      <Owners>
        <Owner name="" />
      </Owners>
      <Execution id="49e0a60b-9f2a-4976-94aa-b0d44fd590fc" />
      <TestMethod codeBase="F:/TeamCity/buildAgent/work/eee3f59bf291369f/Logitech/Dvs/Web/Test/bin/Debug/Logitech.Dvs.Web.Test.DLL" adapterTypeName="Microsoft.VisualStudio.TestTools.TestTypes.Unit.UnitTestAdapter, Microsoft.VisualStudio.QualityTools.Tips.UnitTest.Adapter" className="Logitech.Dvs.Web.Test.CommerceServiceTests, Logitech.Dvs.Web.Test, Version=1.0.0.0, Culture=neutral, PublicKeyToken=null" name="GetProductRegistration_Invalid" />
    </UnitTest>
    <UnitTest name="GetKeyInfoForBatchCsv_BatchNotFound" storage="f:\teamcity\buildagent\work\eee3f59bf291369f\logitech\dvs\web\test\bin\debug\logitech.dvs.web.test.dll" id="0b7e0d44-12d1-49c1-78a8-a4eb544bcc8b">
      <Css projectStructure="" iteration="" />
      <Description>GetKeyInfoForBatchCsv throws if a batch ID is not found.</Description>
      <Owners>
        <Owner name="" />
      </Owners>
      <Execution id="91bf279b-4bdc-4e30-97eb-2aee0d786dda" />
      <TestMethod codeBase="F:/TeamCity/buildAgent/work/eee3f59bf291369f/Logitech/Dvs/Web/Test/bin/Debug/Logitech.Dvs.Web.Test.DLL" adapterTypeName="Microsoft.VisualStudio.TestTools.TestTypes.Unit.UnitTestAdapter, Microsoft.VisualStudio.QualityTools.Tips.UnitTest.Adapter" className="Logitech.Dvs.Web.Test.CommerceServiceTests, Logitech.Dvs.Web.Test, Version=1.0.0.0, Culture=neutral, PublicKeyToken=null" name="GetKeyInfoForBatchCsv_BatchNotFound" />
    </UnitTest>
    <UnitTest name="AuthenticateBadNOnceFormat" storage="f:\teamcity\buildagent\work\eee3f59bf291369f\logitech\dvs\web\test\bin\debug\logitech.dvs.web.test.dll" id="b6de49ad-1ac4-9644-59f5-fc78bb42025e">
      <Css projectStructure="" iteration="" />
      <Description>A request with a bad nonce gets a 401.</Description>
      <Owners>
        <Owner name="" />
      </Owners>
      <Execution id="1ce6c90b-c81a-42ab-85ea-9170bf98be1d" />
      <TestMethod codeBase="F:/TeamCity/buildAgent/work/eee3f59bf291369f/Logitech/Dvs/Web/Test/bin/Debug/Logitech.Dvs.Web.Test.DLL" adapterTypeName="Microsoft.VisualStudio.TestTools.TestTypes.Unit.UnitTestAdapter, Microsoft.VisualStudio.QualityTools.Tips.UnitTest.Adapter" className="Logitech.Dvs.Web.Test.DigestAuthenticationTest, Logitech.Dvs.Web.Test, Version=1.0.0.0, Culture=neutral, PublicKeyToken=null" name="AuthenticateBadNOnceFormat" />
    </UnitTest>
    <UnitTest name="NewCameraSite" storage="f:\teamcity\buildagent\work\eee3f59bf291369f\logitech\dvs\web\test\bin\debug\logitech.dvs.web.test.dll" id="5f09bad3-339e-410b-1044-aaab609c7e24">
      <Css projectStructure="" iteration="" />
      <Description>Optional site is set when a camera is created.</Description>
      <Owners>
        <Owner name="" />
      </Owners>
      <Execution id="a60f3dfd-93bc-4eed-b5ab-26656b6ef8cf" />
      <TestMethod codeBase="F:/TeamCity/buildAgent/work/eee3f59bf291369f/Logitech/Dvs/Web/Test/bin/Debug/Logitech.Dvs.Web.Test.DLL" adapterTypeName="Microsoft.VisualStudio.TestTools.TestTypes.Unit.UnitTestAdapter, Microsoft.VisualStudio.QualityTools.Tips.UnitTest.Adapter" className="Logitech.Dvs.Web.Test.CameraServiceTest, Logitech.Dvs.Web.Test, Version=1.0.0.0, Culture=neutral, PublicKeyToken=null" name="NewCameraSite" />
    </UnitTest>
    <UnitTest name="TestChangeUsernameTemplate_TextOnly" storage="f:\teamcity\buildagent\work\eee3f59bf291369f\logitech\dvs\web\test\bin\debug\logitech.dvs.web.test.dll" id="c4da9bb7-ad2b-a073-5aef-fe6225f38e3e">
      <Css projectStructure="" iteration="" />
      <Owners>
        <Owner name="" />
      </Owners>
      <Execution id="14f66217-3193-4dc1-bbd8-7bab0c8363ee" />
      <TestMethod codeBase="F:/TeamCity/buildAgent/work/eee3f59bf291369f/Logitech/Dvs/Web/Test/bin/Debug/Logitech.Dvs.Web.Test.DLL" adapterTypeName="Microsoft.VisualStudio.TestTools.TestTypes.Unit.UnitTestAdapter, Microsoft.VisualStudio.QualityTools.Tips.UnitTest.Adapter" className="Logitech.Dvs.Web.Test.TemplateTests, Logitech.Dvs.Web.Test, Version=1.0.0.0, Culture=neutral, PublicKeyToken=null" name="TestChangeUsernameTemplate_TextOnly" />
    </UnitTest>
    <UnitTest name="NonExistingCameraPresence" storage="f:\teamcity\buildagent\work\eee3f59bf291369f\logitech\dvs\web\test\bin\debug\logitech.dvs.web.test.dll" id="1d69a0bd-660e-8631-d113-375ff2c1d013">
      <Css projectStructure="" iteration="" />
      <Description>Presence can't be updated for a non-existing camera.</Description>
      <Owners>
        <Owner name="" />
      </Owners>
      <Execution id="c25baf9d-dd2d-4ab3-b292-09b69c4a4576" />
      <TestMethod codeBase="F:/TeamCity/buildAgent/work/eee3f59bf291369f/Logitech/Dvs/Web/Test/bin/Debug/Logitech.Dvs.Web.Test.DLL" adapterTypeName="Microsoft.VisualStudio.TestTools.TestTypes.Unit.UnitTestAdapter, Microsoft.VisualStudio.QualityTools.Tips.UnitTest.Adapter" className="Logitech.Dvs.Web.Test.CameraServiceTest, Logitech.Dvs.Web.Test, Version=1.0.0.0, Culture=neutral, PublicKeyToken=null" name="NonExistingCameraPresence" />
    </UnitTest>
    <UnitTest name="LoadExisting" storage="f:\teamcity\buildagent\work\eee3f59bf291369f\logitech\dvs\web\test\bin\debug\logitech.dvs.web.test.dll" id="d3cd4eaf-a56a-e290-1002-3e706bce78d8">
      <Css projectStructure="" iteration="" />
      <Description>Can load existing credentials for the current user.</Description>
      <Owners>
        <Owner name="" />
      </Owners>
      <Execution id="293245aa-f21f-46e3-ac2d-d00587678c60" />
      <TestMethod codeBase="F:/TeamCity/buildAgent/work/eee3f59bf291369f/Logitech/Dvs/Web/Test/bin/Debug/Logitech.Dvs.Web.Test.DLL" adapterTypeName="Microsoft.VisualStudio.TestTools.TestTypes.Unit.UnitTestAdapter, Microsoft.VisualStudio.QualityTools.Tips.UnitTest.Adapter" className="Logitech.Dvs.Web.Test.Model.ExternalCredentialsTests, Logitech.Dvs.Web.Test, Version=1.0.0.0, Culture=neutral, PublicKeyToken=null" name="LoadExisting" />
    </UnitTest>
    <UnitTest name="GetUserByUserName_ValidUserName_CaseInsensitive" storage="f:\teamcity\buildagent\work\eee3f59bf291369f\logitech\dvs\test\bin\debug\logitech.dvs.test.dll" id="64963739-3144-06e4-f320-267fea1cf93d">
      <Css projectStructure="" iteration="" />
      <Owners>
        <Owner name="" />
      </Owners>
      <Execution id="9fc8fa1e-04a0-4309-b85f-dc9d8181fb59" />
      <TestMethod codeBase="F:/TeamCity/buildAgent/work/eee3f59bf291369f/Logitech/Dvs/Test/bin/Debug/Logitech.Dvs.Test.DLL" adapterTypeName="Microsoft.VisualStudio.TestTools.TestTypes.Unit.UnitTestAdapter, Microsoft.VisualStudio.QualityTools.Tips.UnitTest.Adapter" className="Logitech.Dvs.Entities.Test.DvsEntityContextTests, Logitech.Dvs.Test, Version=1.0.0.0, Culture=neutral, PublicKeyToken=null" name="GetUserByUserName_ValidUserName_CaseInsensitive" />
    </UnitTest>
    <UnitTest name="GetProducts_ToProductInfoCollection" storage="f:\teamcity\buildagent\work\eee3f59bf291369f\logitech\dvs\web\test\bin\debug\logitech.dvs.web.test.dll" id="53b05cc5-4ddc-0d31-24b2-eeba8f9efffe">
      <Css projectStructure="" iteration="" />
      <Description>GetProducts - tests the mapping of Product Entities to ProductInfoCollection</Description>
      <Owners>
        <Owner name="" />
      </Owners>
      <Execution id="087fa547-35f7-4ed7-a751-fef199e3911d" />
      <TestMethod codeBase="F:/TeamCity/buildAgent/work/eee3f59bf291369f/Logitech/Dvs/Web/Test/bin/Debug/Logitech.Dvs.Web.Test.DLL" adapterTypeName="Microsoft.VisualStudio.TestTools.TestTypes.Unit.UnitTestAdapter, Microsoft.VisualStudio.QualityTools.Tips.UnitTest.Adapter" className="Logitech.Dvs.Web.Test.CommerceServiceTests, Logitech.Dvs.Web.Test, Version=1.0.0.0, Culture=neutral, PublicKeyToken=null" name="GetProducts_ToProductInfoCollection" />
    </UnitTest>
    <UnitTest name="CreateOrUpdateCommander_UpdateNotModified" storage="f:\teamcity\buildagent\work\eee3f59bf291369f\logitech\dvs\web\test\bin\debug\logitech.dvs.web.test.dll" id="6ddda81a-f353-b869-8e0a-8e97698408c0">
      <Css projectStructure="" iteration="" />
      <Description>CreateOrUpdateCommander throws if id is bad</Description>
      <Owners>
        <Owner name="" />
      </Owners>
      <Execution id="d34d7057-39c8-4371-9e25-634a2bafd42a" />
      <TestMethod codeBase="F:/TeamCity/buildAgent/work/eee3f59bf291369f/Logitech/Dvs/Web/Test/bin/Debug/Logitech.Dvs.Web.Test.DLL" adapterTypeName="Microsoft.VisualStudio.TestTools.TestTypes.Unit.UnitTestAdapter, Microsoft.VisualStudio.QualityTools.Tips.UnitTest.Adapter" className="Logitech.Dvs.Web.Test.CommanderServiceTest, Logitech.Dvs.Web.Test, Version=1.0.0.0, Culture=neutral, PublicKeyToken=null" name="CreateOrUpdateCommander_UpdateNotModified" />
    </UnitTest>
    <UnitTest name="UpdatePtz_NotFound" storage="f:\teamcity\buildagent\work\eee3f59bf291369f\logitech\dvs\web\test\bin\debug\logitech.dvs.web.test.dll" id="5c1f2842-976f-d01c-3cb6-9ec39dbc41b3">
      <Css projectStructure="" iteration="" />
      <Description>The camera service throws (404) for an unknown MAC.</Description>
      <Owners>
        <Owner name="" />
      </Owners>
      <Execution id="8a196b4f-77cb-4df0-beb4-572db822fe23" />
      <TestMethod codeBase="F:/TeamCity/buildAgent/work/eee3f59bf291369f/Logitech/Dvs/Web/Test/bin/Debug/Logitech.Dvs.Web.Test.DLL" adapterTypeName="Microsoft.VisualStudio.TestTools.TestTypes.Unit.UnitTestAdapter, Microsoft.VisualStudio.QualityTools.Tips.UnitTest.Adapter" className="Logitech.Dvs.Web.Test.CameraServicePtzTests, Logitech.Dvs.Web.Test, Version=1.0.0.0, Culture=neutral, PublicKeyToken=null" name="UpdatePtz_NotFound" />
    </UnitTest>
    <UnitTest name="GetProductRegistrationByUser_All" storage="f:\teamcity\buildagent\work\eee3f59bf291369f\logitech\dvs\web\test\bin\debug\logitech.dvs.web.test.dll" id="4da1b380-1e4f-e77f-56ff-e867af970f4d">
      <Css projectStructure="" iteration="" />
      <Description>GetProductRegistrationByUser - returns all products for the user</Description>
      <Owners>
        <Owner name="" />
      </Owners>
      <Execution id="1ff8387f-bfb1-410b-ae8f-bfef45e73d0e" />
      <TestMethod codeBase="F:/TeamCity/buildAgent/work/eee3f59bf291369f/Logitech/Dvs/Web/Test/bin/Debug/Logitech.Dvs.Web.Test.DLL" adapterTypeName="Microsoft.VisualStudio.TestTools.TestTypes.Unit.UnitTestAdapter, Microsoft.VisualStudio.QualityTools.Tips.UnitTest.Adapter" className="Logitech.Dvs.Web.Test.CommerceServiceTests, Logitech.Dvs.Web.Test, Version=1.0.0.0, Culture=neutral, PublicKeyToken=null" name="GetProductRegistrationByUser_All" />
    </UnitTest>
    <UnitTest name="VideoMJPEGBoundaryIsSet" storage="f:\teamcity\buildagent\work\eee3f59bf291369f\logitech\dvs\web\test\bin\debug\logitech.dvs.web.test.dll" id="c81bdbd4-0d2d-f46f-dd87-351051196418">
      <Css projectStructure="" iteration="" />
      <Owners>
        <Owner name="" />
      </Owners>
      <Execution id="aa3add2b-30f7-43d9-a180-942bd48a24f1" />
      <TestMethod codeBase="F:/TeamCity/buildAgent/work/eee3f59bf291369f/Logitech/Dvs/Web/Test/bin/Debug/Logitech.Dvs.Web.Test.DLL" adapterTypeName="Microsoft.VisualStudio.TestTools.TestTypes.Unit.UnitTestAdapter, Microsoft.VisualStudio.QualityTools.Tips.UnitTest.Adapter" className="Logitech.Dvs.Web.Test.LiveStreamTests, Logitech.Dvs.Web.Test, Version=1.0.0.0, Culture=neutral, PublicKeyToken=null" name="VideoMJPEGBoundaryIsSet" />
    </UnitTest>
    <UnitTest name="UpdateCamera" storage="f:\teamcity\buildagent\work\eee3f59bf291369f\logitech\dvs\web\test\bin\debug\logitech.dvs.web.test.dll" id="b7276fff-df5f-5a75-7169-2b202b346391">
      <Css projectStructure="" iteration="" />
      <Description>An existing camera can be updated with new values.</Description>
      <Owners>
        <Owner name="" />
      </Owners>
      <Execution id="d0fbcb7d-4fd1-4787-bac5-162b246bb9ab" />
      <TestMethod codeBase="F:/TeamCity/buildAgent/work/eee3f59bf291369f/Logitech/Dvs/Web/Test/bin/Debug/Logitech.Dvs.Web.Test.DLL" adapterTypeName="Microsoft.VisualStudio.TestTools.TestTypes.Unit.UnitTestAdapter, Microsoft.VisualStudio.QualityTools.Tips.UnitTest.Adapter" className="Logitech.Dvs.Web.Test.CameraAdapterTests, Logitech.Dvs.Web.Test, Version=1.0.0.0, Culture=neutral, PublicKeyToken=null" name="UpdateCamera" />
    </UnitTest>
    <UnitTest name="Send_CustomResultData" storage="f:\teamcity\buildagent\work\eee3f59bf291369f\logitech\dvs\messaging\test\bin\debug\logitech.dvs.messaging.test.dll" id="95a13b7b-755e-0486-0916-4a7cb1dfef31">
      <Css projectStructure="" iteration="" />
      <Description>Send extracts the custom result data (if any) to the exception's CustomResultData property.</Description>
      <Owners>
        <Owner name="" />
      </Owners>
      <Execution id="b392ebf9-c1a8-4572-9abf-b0cb06d37d9e" />
      <TestMethod codeBase="F:/TeamCity/buildAgent/work/eee3f59bf291369f/Logitech/Dvs/Messaging/Test/bin/Debug/Logitech.Dvs.Messaging.Test.DLL" adapterTypeName="Microsoft.VisualStudio.TestTools.TestTypes.Unit.UnitTestAdapter, Microsoft.VisualStudio.QualityTools.Tips.UnitTest.Adapter" className="Logitech.Dvs.Messaging.Test.XmppMessageManagerTests, Logitech.Dvs.Messaging.Test, Version=1.0.0.0, Culture=neutral, PublicKeyToken=null" name="Send_CustomResultData" />
    </UnitTest>
    <UnitTest name="RevokeKey_Twice" storage="f:\teamcity\buildagent\work\eee3f59bf291369f\logitech\dvs\web\test\bin\debug\logitech.dvs.web.test.dll" id="84e9b135-70c3-e705-7688-94a33e6709ed">
      <Css projectStructure="" iteration="" />
      <Description>RevokeKey doesn't overwrite the cancel date for a registration if it was already canceled.</Description>
      <Owners>
        <Owner name="" />
      </Owners>
      <Execution id="5f0c4b60-7e38-4bb0-bb5b-de264e39f3cd" />
      <TestMethod codeBase="F:/TeamCity/buildAgent/work/eee3f59bf291369f/Logitech/Dvs/Web/Test/bin/Debug/Logitech.Dvs.Web.Test.DLL" adapterTypeName="Microsoft.VisualStudio.TestTools.TestTypes.Unit.UnitTestAdapter, Microsoft.VisualStudio.QualityTools.Tips.UnitTest.Adapter" className="Logitech.Dvs.Web.Test.CommerceServiceTests, Logitech.Dvs.Web.Test, Version=1.0.0.0, Culture=neutral, PublicKeyToken=null" name="RevokeKey_Twice" />
    </UnitTest>
    <UnitTest name="CanonicalizeShort" storage="f:\teamcity\buildagent\work\eee3f59bf291369f\logitech\dvs\web\test\bin\debug\logitech.dvs.web.test.dll" id="04ad5d42-507e-fc31-ae4f-cb10eeeceab8">
      <Css projectStructure="" iteration="" />
      <Description>TryCanonicalize fails if the supplied key is too short.</Description>
      <Owners>
        <Owner name="" />
      </Owners>
      <Execution id="4f2762ef-1d89-467d-ac7c-324f031d5671" />
      <TestMethod codeBase="F:/TeamCity/buildAgent/work/eee3f59bf291369f/Logitech/Dvs/Web/Test/bin/Debug/Logitech.Dvs.Web.Test.DLL" adapterTypeName="Microsoft.VisualStudio.TestTools.TestTypes.Unit.UnitTestAdapter, Microsoft.VisualStudio.QualityTools.Tips.UnitTest.Adapter" className="Logitech.Dvs.Web.Test.ProductKeyGeneratorTest, Logitech.Dvs.Web.Test, Version=1.0.0.0, Culture=neutral, PublicKeyToken=null" name="CanonicalizeShort" />
    </UnitTest>
    <UnitTest name="UpdateSupportUser_Location_Succeeds" storage="f:\teamcity\buildagent\work\eee3f59bf291369f\logitech\dvs\web\test\bin\debug\logitech.dvs.web.test.dll" id="dc795418-04b0-d1d3-9a7b-cb941916f128">
      <Css projectStructure="" iteration="" />
      <Description>UpdateSupportUser update location</Description>
      <Owners>
        <Owner name="" />
      </Owners>
      <Execution id="0f350e50-5d67-4e35-991b-5f2925229872" />
      <TestMethod codeBase="F:/TeamCity/buildAgent/work/eee3f59bf291369f/Logitech/Dvs/Web/Test/bin/Debug/Logitech.Dvs.Web.Test.DLL" adapterTypeName="Microsoft.VisualStudio.TestTools.TestTypes.Unit.UnitTestAdapter, Microsoft.VisualStudio.QualityTools.Tips.UnitTest.Adapter" className="Logitech.Dvs.Web.Test.SupportServiceTests, Logitech.Dvs.Web.Test, Version=1.0.0.0, Culture=neutral, PublicKeyToken=null" name="UpdateSupportUser_Location_Succeeds" />
    </UnitTest>
    <UnitTest name="GetProductRegistration_NotFound" storage="f:\teamcity\buildagent\work\eee3f59bf291369f\logitech\dvs\web\test\bin\debug\logitech.dvs.web.test.dll" id="87d8bb1b-c0de-060b-4d0a-5c7b92bfcd5c">
      <Css projectStructure="" iteration="" />
      <Description>GetProductRegistration_NotFound - throws for productregistration not found</Description>
      <Owners>
        <Owner name="" />
      </Owners>
      <Execution id="c90f4a1a-d239-4539-b6cc-554e7ec91fe8" />
      <TestMethod codeBase="F:/TeamCity/buildAgent/work/eee3f59bf291369f/Logitech/Dvs/Web/Test/bin/Debug/Logitech.Dvs.Web.Test.DLL" adapterTypeName="Microsoft.VisualStudio.TestTools.TestTypes.Unit.UnitTestAdapter, Microsoft.VisualStudio.QualityTools.Tips.UnitTest.Adapter" className="Logitech.Dvs.Web.Test.CommerceServiceTests, Logitech.Dvs.Web.Test, Version=1.0.0.0, Culture=neutral, PublicKeyToken=null" name="GetProductRegistration_NotFound" />
    </UnitTest>
    <UnitTest name="DenyRoles_IsAuthorized" storage="f:\teamcity\buildagent\work\eee3f59bf291369f\logitech\dvs\web\test\bin\debug\logitech.dvs.web.test.dll" id="3ffa48e4-8d88-8ad5-3f04-ff3dea1b3f2e">
      <Css projectStructure="" iteration="" />
      <Owners>
        <Owner name="" />
      </Owners>
      <Execution id="aef1a87f-b9d5-458b-b8b0-419459eecee9" />
      <TestMethod codeBase="F:/TeamCity/buildAgent/work/eee3f59bf291369f/Logitech/Dvs/Web/Test/bin/Debug/Logitech.Dvs.Web.Test.DLL" adapterTypeName="Microsoft.VisualStudio.TestTools.TestTypes.Unit.UnitTestAdapter, Microsoft.VisualStudio.QualityTools.Tips.UnitTest.Adapter" className="Logitech.Dvs.Web.Test.RoleSecurityAttributeTests, Logitech.Dvs.Web.Test, Version=1.0.0.0, Culture=neutral, PublicKeyToken=null" name="DenyRoles_IsAuthorized" />
    </UnitTest>
    <UnitTest name="DeleteSupportUser_Succeeds" storage="f:\teamcity\buildagent\work\eee3f59bf291369f\logitech\dvs\web\test\bin\debug\logitech.dvs.web.test.dll" id="095dd165-99bd-9bb7-cdf7-ae12a0e10509">
      <Css projectStructure="" iteration="" />
      <Description>UpdateSupportUser removes the user from all support roles.</Description>
      <Owners>
        <Owner name="" />
      </Owners>
      <Execution id="f7fc874c-fa76-4e9e-95c3-21adeb554ad3" />
      <TestMethod codeBase="F:/TeamCity/buildAgent/work/eee3f59bf291369f/Logitech/Dvs/Web/Test/bin/Debug/Logitech.Dvs.Web.Test.DLL" adapterTypeName="Microsoft.VisualStudio.TestTools.TestTypes.Unit.UnitTestAdapter, Microsoft.VisualStudio.QualityTools.Tips.UnitTest.Adapter" className="Logitech.Dvs.Web.Test.SupportServiceTests, Logitech.Dvs.Web.Test, Version=1.0.0.0, Culture=neutral, PublicKeyToken=null" name="DeleteSupportUser_Succeeds" />
    </UnitTest>
    <UnitTest name="TestDeleteSite" storage="f:\teamcity\buildagent\work\eee3f59bf291369f\logitech\dvs\web\test\bin\debug\logitech.dvs.web.test.dll" id="a79f4558-938b-b381-8bd6-2b8aa952f320">
      <Css projectStructure="" iteration="" />
      <Description>Tests deletion of a site</Description>
      <Owners>
        <Owner name="" />
      </Owners>
      <Execution id="349a1324-a700-42b6-a992-b827761ba789" />
      <TestMethod codeBase="F:/TeamCity/buildAgent/work/eee3f59bf291369f/Logitech/Dvs/Web/Test/bin/Debug/Logitech.Dvs.Web.Test.DLL" adapterTypeName="Microsoft.VisualStudio.TestTools.TestTypes.Unit.UnitTestAdapter, Microsoft.VisualStudio.QualityTools.Tips.UnitTest.Adapter" className="Logitech.Dvs.Web.Test.SiteServiceTests, Logitech.Dvs.Web.Test, Version=1.0.0.0, Culture=neutral, PublicKeyToken=null" name="TestDeleteSite" />
    </UnitTest>
    <UnitTest name="ExplicitVideoTest" storage="f:\teamcity\buildagent\work\eee3f59bf291369f\logitech\dvs\web\test\bin\debug\logitech.dvs.web.test.dll" id="44965f00-6968-5c86-4f0a-5823af6b16d4">
      <Css projectStructure="" iteration="" />
      <Owners>
        <Owner name="" />
      </Owners>
      <Execution id="4995032b-b381-4c1c-afde-fb5a2576c210" />
      <TestMethod codeBase="F:/TeamCity/buildAgent/work/eee3f59bf291369f/Logitech/Dvs/Web/Test/bin/Debug/Logitech.Dvs.Web.Test.DLL" adapterTypeName="Microsoft.VisualStudio.TestTools.TestTypes.Unit.UnitTestAdapter, Microsoft.VisualStudio.QualityTools.Tips.UnitTest.Adapter" className="Logitech.Dvs.Web.Test.LiveStreamTests, Logitech.Dvs.Web.Test, Version=1.0.0.0, Culture=neutral, PublicKeyToken=null" name="ExplicitVideoTest" />
    </UnitTest>
    <UnitTest name="Send_MapForbiddenPacketException" storage="f:\teamcity\buildagent\work\eee3f59bf291369f\logitech\dvs\messaging\test\bin\debug\logitech.dvs.messaging.test.dll" id="f01ce4d8-38aa-75f1-c777-6c70e9a4cb95">
      <Css projectStructure="" iteration="" />
      <Description>Send maps ForbiddenPacketException to HTTP 403.</Description>
      <Owners>
        <Owner name="" />
      </Owners>
      <Execution id="293b5980-28f1-4d46-82b4-213d4d2f427f" />
      <TestMethod codeBase="F:/TeamCity/buildAgent/work/eee3f59bf291369f/Logitech/Dvs/Messaging/Test/bin/Debug/Logitech.Dvs.Messaging.Test.DLL" adapterTypeName="Microsoft.VisualStudio.TestTools.TestTypes.Unit.UnitTestAdapter, Microsoft.VisualStudio.QualityTools.Tips.UnitTest.Adapter" className="Logitech.Dvs.Messaging.Test.XmppMessageManagerTests, Logitech.Dvs.Messaging.Test, Version=1.0.0.0, Culture=neutral, PublicKeyToken=null" name="Send_MapForbiddenPacketException" />
    </UnitTest>
    <UnitTest name="AuthenticateBadNOnceShort" storage="f:\teamcity\buildagent\work\eee3f59bf291369f\logitech\dvs\web\test\bin\debug\logitech.dvs.web.test.dll" id="093fae36-759c-0992-0848-97e9f6e8638e">
      <Css projectStructure="" iteration="" />
      <Description>A request with a bad nonce gets a 401.</Description>
      <Owners>
        <Owner name="" />
      </Owners>
      <Execution id="d32c848a-c35f-492c-b36b-f32a6001310d" />
      <TestMethod codeBase="F:/TeamCity/buildAgent/work/eee3f59bf291369f/Logitech/Dvs/Web/Test/bin/Debug/Logitech.Dvs.Web.Test.DLL" adapterTypeName="Microsoft.VisualStudio.TestTools.TestTypes.Unit.UnitTestAdapter, Microsoft.VisualStudio.QualityTools.Tips.UnitTest.Adapter" className="Logitech.Dvs.Web.Test.DigestAuthenticationTest, Logitech.Dvs.Web.Test, Version=1.0.0.0, Culture=neutral, PublicKeyToken=null" name="AuthenticateBadNOnceShort" />
    </UnitTest>
    <UnitTest name="CanonicalizeLong" storage="f:\teamcity\buildagent\work\eee3f59bf291369f\logitech\dvs\web\test\bin\debug\logitech.dvs.web.test.dll" id="cbad4eae-92f4-3c03-7675-69006a663f1f">
      <Css projectStructure="" iteration="" />
      <Description>TryCanonicalize fails if the supplied key is too long.</Description>
      <Owners>
        <Owner name="" />
      </Owners>
      <Execution id="1e4ea59a-e3bc-4cf8-9025-576e10d0504e" />
      <TestMethod codeBase="F:/TeamCity/buildAgent/work/eee3f59bf291369f/Logitech/Dvs/Web/Test/bin/Debug/Logitech.Dvs.Web.Test.DLL" adapterTypeName="Microsoft.VisualStudio.TestTools.TestTypes.Unit.UnitTestAdapter, Microsoft.VisualStudio.QualityTools.Tips.UnitTest.Adapter" className="Logitech.Dvs.Web.Test.ProductKeyGeneratorTest, Logitech.Dvs.Web.Test, Version=1.0.0.0, Culture=neutral, PublicKeyToken=null" name="CanonicalizeLong" />
    </UnitTest>
    <UnitTest name="GetProductKeyBatches_One" storage="f:\teamcity\buildagent\work\eee3f59bf291369f\logitech\dvs\web\test\bin\debug\logitech.dvs.web.test.dll" id="dead4c53-8526-5a90-2f5a-51fffe3e061a">
      <Css projectStructure="" iteration="" />
      <Description>GetProductKeyBatches returns a single batch when a batch ID is specified.</Description>
      <Owners>
        <Owner name="" />
      </Owners>
      <Execution id="aa974aab-5769-4ccc-90ef-3540874ff994" />
      <TestMethod codeBase="F:/TeamCity/buildAgent/work/eee3f59bf291369f/Logitech/Dvs/Web/Test/bin/Debug/Logitech.Dvs.Web.Test.DLL" adapterTypeName="Microsoft.VisualStudio.TestTools.TestTypes.Unit.UnitTestAdapter, Microsoft.VisualStudio.QualityTools.Tips.UnitTest.Adapter" className="Logitech.Dvs.Web.Test.CommerceServiceTests, Logitech.Dvs.Web.Test, Version=1.0.0.0, Culture=neutral, PublicKeyToken=null" name="GetProductKeyBatches_One" />
    </UnitTest>
    <UnitTest name="ShareToYouTubeFromStorage" storage="f:\teamcity\buildagent\work\eee3f59bf291369f\logitech\dvs\web\test\bin\debug\logitech.dvs.web.test.dll" id="c9aef68e-bd08-efc0-48b9-27308c13eedd">
      <Css projectStructure="" iteration="" />
      <Description>ShareToYouTube submits the specified clip from storage (when available) and returns status.</Description>
      <Owners>
        <Owner name="" />
      </Owners>
      <Execution id="6b379972-6dd7-46fd-ae68-a1ccf427e8e4" />
      <TestMethod codeBase="F:/TeamCity/buildAgent/work/eee3f59bf291369f/Logitech/Dvs/Web/Test/bin/Debug/Logitech.Dvs.Web.Test.DLL" adapterTypeName="Microsoft.VisualStudio.TestTools.TestTypes.Unit.UnitTestAdapter, Microsoft.VisualStudio.QualityTools.Tips.UnitTest.Adapter" className="Logitech.Dvs.Web.Test.ClipServiceTests, Logitech.Dvs.Web.Test, Version=1.0.0.0, Culture=neutral, PublicKeyToken=null" name="ShareToYouTubeFromStorage" />
    </UnitTest>
    <UnitTest name="GetCommanderById_Found" storage="f:\teamcity\buildagent\work\eee3f59bf291369f\logitech\dvs\web\test\bin\debug\logitech.dvs.web.test.dll" id="71b7f9d2-97a0-198e-fac5-70f598b5e8e8">
      <Css projectStructure="" iteration="" />
      <Description>GetCommanderByID_Found</Description>
      <Owners>
        <Owner name="" />
      </Owners>
      <Execution id="7ec17fcf-37ff-4ad6-997a-841e3a7abe18" />
      <TestMethod codeBase="F:/TeamCity/buildAgent/work/eee3f59bf291369f/Logitech/Dvs/Web/Test/bin/Debug/Logitech.Dvs.Web.Test.DLL" adapterTypeName="Microsoft.VisualStudio.TestTools.TestTypes.Unit.UnitTestAdapter, Microsoft.VisualStudio.QualityTools.Tips.UnitTest.Adapter" className="Logitech.Dvs.Web.Test.CommanderServiceTest, Logitech.Dvs.Web.Test, Version=1.0.0.0, Culture=neutral, PublicKeyToken=null" name="GetCommanderById_Found" />
    </UnitTest>
    <UnitTest name="GetOptInList" storage="f:\teamcity\buildagent\work\eee3f59bf291369f\logitech\dvs\test\bin\debug\logitech.dvs.test.dll" id="dff45c6f-43ca-2a0f-06f9-505cd94cd0ef">
      <Css projectStructure="" iteration="" />
      <Owners>
        <Owner name="" />
      </Owners>
      <Execution id="52162617-2564-40cc-8f87-a716096e0c26" />
      <TestMethod codeBase="F:/TeamCity/buildAgent/work/eee3f59bf291369f/Logitech/Dvs/Test/bin/Debug/Logitech.Dvs.Test.DLL" adapterTypeName="Microsoft.VisualStudio.TestTools.TestTypes.Unit.UnitTestAdapter, Microsoft.VisualStudio.QualityTools.Tips.UnitTest.Adapter" className="Logitech.Dvs.Entities.Test.DvsEntityContextTests, Logitech.Dvs.Test, Version=1.0.0.0, Culture=neutral, PublicKeyToken=null" name="GetOptInList" />
    </UnitTest>
    <UnitTest name="ToExistingEntity" storage="f:\teamcity\buildagent\work\eee3f59bf291369f\logitech\dvs\web\test\bin\debug\logitech.dvs.web.test.dll" id="34caa6e3-d475-99e9-ace3-36d10c0a4575">
      <Css projectStructure="" iteration="" />
      <Description>ToEntity gets an existing entity if the id's match and updates the name</Description>
      <Owners>
        <Owner name="" />
      </Owners>
      <Execution id="b066fa42-555f-4148-9b5e-a7a72d7e3a30" />
      <TestMethod codeBase="F:/TeamCity/buildAgent/work/eee3f59bf291369f/Logitech/Dvs/Web/Test/bin/Debug/Logitech.Dvs.Web.Test.DLL" adapterTypeName="Microsoft.VisualStudio.TestTools.TestTypes.Unit.UnitTestAdapter, Microsoft.VisualStudio.QualityTools.Tips.UnitTest.Adapter" className="Logitech.Dvs.Web.Test.SiteAdapterTests, Logitech.Dvs.Web.Test, Version=1.0.0.0, Culture=neutral, PublicKeyToken=null" name="ToExistingEntity" />
    </UnitTest>
    <UnitTest name="ResourceIdMatchPutData" storage="f:\teamcity\buildagent\work\eee3f59bf291369f\logitech\dvs\web\test\bin\debug\logitech.dvs.web.test.dll" id="d1280bf6-a6ac-bfb2-1fcf-aafebc04eca5">
      <Css projectStructure="" iteration="" />
      <Description>Throws and exeption if the resourceid doesn't match the PUT data</Description>
      <Owners>
        <Owner name="" />
      </Owners>
      <Execution id="51a306d9-9b44-4982-bf73-564d3e1138d0" />
      <TestMethod codeBase="F:/TeamCity/buildAgent/work/eee3f59bf291369f/Logitech/Dvs/Web/Test/bin/Debug/Logitech.Dvs.Web.Test.DLL" adapterTypeName="Microsoft.VisualStudio.TestTools.TestTypes.Unit.UnitTestAdapter, Microsoft.VisualStudio.QualityTools.Tips.UnitTest.Adapter" className="Logitech.Dvs.Web.Test.SiteServiceTests, Logitech.Dvs.Web.Test, Version=1.0.0.0, Culture=neutral, PublicKeyToken=null" name="ResourceIdMatchPutData" expectedException="Logitech.Dvs.Web.Services.WebProtocolException, Logitech.Dvs.Web, Version=1.0.3860.27695, Culture=neutral, PublicKeyToken=null" />
    </UnitTest>
    <UnitTest name="GetKeyInfo_Used" storage="f:\teamcity\buildagent\work\eee3f59bf291369f\logitech\dvs\web\test\bin\debug\logitech.dvs.web.test.dll" id="ba70cfbc-d41c-f566-79e8-7ef5bd55d829">
      <Css projectStructure="" iteration="" />
      <Description>GetKetInfo returns registration detail information about a used key.</Description>
      <Owners>
        <Owner name="" />
      </Owners>
      <Execution id="1ccad0ad-08a7-4279-a03c-0cfff9f7c594" />
      <TestMethod codeBase="F:/TeamCity/buildAgent/work/eee3f59bf291369f/Logitech/Dvs/Web/Test/bin/Debug/Logitech.Dvs.Web.Test.DLL" adapterTypeName="Microsoft.VisualStudio.TestTools.TestTypes.Unit.UnitTestAdapter, Microsoft.VisualStudio.QualityTools.Tips.UnitTest.Adapter" className="Logitech.Dvs.Web.Test.CommerceServiceTests, Logitech.Dvs.Web.Test, Version=1.0.0.0, Culture=neutral, PublicKeyToken=null" name="GetKeyInfo_Used" />
    </UnitTest>
    <UnitTest name="ParseStreamId" storage="f:\teamcity\buildagent\work\eee3f59bf291369f\logitech\dvs\web\test\bin\debug\logitech.dvs.web.test.dll" id="77bf2ac1-d752-3974-1ee9-90607ba5cb45">
      <Css projectStructure="" iteration="" />
      <Owners>
        <Owner name="" />
      </Owners>
      <Execution id="abb2cdb5-acea-4e71-9cc3-8dd556b4e621" />
      <TestMethod codeBase="F:/TeamCity/buildAgent/work/eee3f59bf291369f/Logitech/Dvs/Web/Test/bin/Debug/Logitech.Dvs.Web.Test.DLL" adapterTypeName="Microsoft.VisualStudio.TestTools.TestTypes.Unit.UnitTestAdapter, Microsoft.VisualStudio.QualityTools.Tips.UnitTest.Adapter" className="Logitech.Dvs.Web.Test.LiveStreamTests, Logitech.Dvs.Web.Test, Version=1.0.0.0, Culture=neutral, PublicKeyToken=null" name="ParseStreamId" />
    </UnitTest>
    <UnitTest name="UnauthenticatedHeader" storage="f:\teamcity\buildagent\work\eee3f59bf291369f\logitech\dvs\web\test\bin\debug\logitech.dvs.web.test.dll" id="4d8d1e49-3596-f76e-deed-682b566a71e6">
      <Css projectStructure="" iteration="" />
      <Description>AuthenticateCurrentRequest adds the WWW-Authenticate header in response to a request without authentication.</Description>
      <Owners>
        <Owner name="" />
      </Owners>
      <Execution id="4fd39df8-deb8-4a3e-a646-2f8391806c29" />
      <TestMethod codeBase="F:/TeamCity/buildAgent/work/eee3f59bf291369f/Logitech/Dvs/Web/Test/bin/Debug/Logitech.Dvs.Web.Test.DLL" adapterTypeName="Microsoft.VisualStudio.TestTools.TestTypes.Unit.UnitTestAdapter, Microsoft.VisualStudio.QualityTools.Tips.UnitTest.Adapter" className="Logitech.Dvs.Web.Test.DigestAuthenticationTest, Logitech.Dvs.Web.Test, Version=1.0.0.0, Culture=neutral, PublicKeyToken=null" name="UnauthenticatedHeader" />
    </UnitTest>
    <UnitTest name="AuthenticateUnknownUser" storage="f:\teamcity\buildagent\work\eee3f59bf291369f\logitech\dvs\web\test\bin\debug\logitech.dvs.web.test.dll" id="1462f0b7-7f61-a7e2-fe1c-9f53b86d6845">
      <Css projectStructure="" iteration="" />
      <Description>A request with an unknown user gets a 401.</Description>
      <Owners>
        <Owner name="" />
      </Owners>
      <Execution id="4e6346c7-c74b-411f-813b-56a2e67d4371" />
      <TestMethod codeBase="F:/TeamCity/buildAgent/work/eee3f59bf291369f/Logitech/Dvs/Web/Test/bin/Debug/Logitech.Dvs.Web.Test.DLL" adapterTypeName="Microsoft.VisualStudio.TestTools.TestTypes.Unit.UnitTestAdapter, Microsoft.VisualStudio.QualityTools.Tips.UnitTest.Adapter" className="Logitech.Dvs.Web.Test.DigestAuthenticationTest, Logitech.Dvs.Web.Test, Version=1.0.0.0, Culture=neutral, PublicKeyToken=null" name="AuthenticateUnknownUser" />
    </UnitTest>
    <UnitTest name="ToUserEntity_EmptyUserName" storage="f:\teamcity\buildagent\work\eee3f59bf291369f\logitech\dvs\test\bin\debug\logitech.dvs.test.dll" id="b5fb0b11-94e4-f83c-09a2-0d5d1000db9c">
      <Css projectStructure="" iteration="" />
      <Owners>
        <Owner name="" />
      </Owners>
      <Execution id="82a6fbc4-aedf-4f52-acb0-486419e777ad" />
      <TestMethod codeBase="F:/TeamCity/buildAgent/work/eee3f59bf291369f/Logitech/Dvs/Test/bin/Debug/Logitech.Dvs.Test.DLL" adapterTypeName="Microsoft.VisualStudio.TestTools.TestTypes.Unit.UnitTestAdapter, Microsoft.VisualStudio.QualityTools.Tips.UnitTest.Adapter" className="Logitech.Dvs.Entities.Test.DvsEntityContextTests, Logitech.Dvs.Test, Version=1.0.0.0, Culture=neutral, PublicKeyToken=null" name="ToUserEntity_EmptyUserName" />
    </UnitTest>
    <UnitTest name="BasePathParent" storage="f:\teamcity\buildagent\work\eee3f59bf291369f\logitech\dvs\test\bin\debug\logitech.dvs.test.dll" id="1f9ca9b4-13e6-901c-c158-48a46a802657">
      <Css projectStructure="" iteration="" />
      <Description>A path can't go outside of the storage's base path by using parent.</Description>
      <Owners>
        <Owner name="" />
      </Owners>
      <Execution id="5f38cfe6-35b0-4ff6-87e4-375fd0b28412" />
      <TestMethod codeBase="F:/TeamCity/buildAgent/work/eee3f59bf291369f/Logitech/Dvs/Test/bin/Debug/Logitech.Dvs.Test.DLL" adapterTypeName="Microsoft.VisualStudio.TestTools.TestTypes.Unit.UnitTestAdapter, Microsoft.VisualStudio.QualityTools.Tips.UnitTest.Adapter" className="Logitech.Dvs.Test.FileSharedStorageTests, Logitech.Dvs.Test, Version=1.0.0.0, Culture=neutral, PublicKeyToken=null" name="BasePathParent" />
    </UnitTest>
    <UnitTest name="ImplicitAudioTest" storage="f:\teamcity\buildagent\work\eee3f59bf291369f\logitech\dvs\web\test\bin\debug\logitech.dvs.web.test.dll" id="4d9c0f58-755e-ebb5-d76b-89e7666e30c6">
      <Css projectStructure="" iteration="" />
      <Owners>
        <Owner name="" />
      </Owners>
      <Execution id="ea3bb93a-88d7-4c5a-8be9-ab7f71909d7f" />
      <TestMethod codeBase="F:/TeamCity/buildAgent/work/eee3f59bf291369f/Logitech/Dvs/Web/Test/bin/Debug/Logitech.Dvs.Web.Test.DLL" adapterTypeName="Microsoft.VisualStudio.TestTools.TestTypes.Unit.UnitTestAdapter, Microsoft.VisualStudio.QualityTools.Tips.UnitTest.Adapter" className="Logitech.Dvs.Web.Test.LiveStreamTests, Logitech.Dvs.Web.Test, Version=1.0.0.0, Culture=neutral, PublicKeyToken=null" name="ImplicitAudioTest" />
    </UnitTest>
    <UnitTest name="ActiveProductTodayTest" storage="f:\teamcity\buildagent\work\eee3f59bf291369f\logitech\dvs\web\test\bin\debug\logitech.dvs.web.test.dll" id="d349d629-380f-74a8-b1db-d9690a2d8c89">
      <Css projectStructure="" iteration="" />
      <Description>Validates that only the active product is selected.</Description>
      <Owners>
        <Owner name="" />
      </Owners>
      <Execution id="e2ca573a-6eac-4e0c-aeac-52dd7d8fe2bb" />
      <TestMethod codeBase="F:/TeamCity/buildAgent/work/eee3f59bf291369f/Logitech/Dvs/Web/Test/bin/Debug/Logitech.Dvs.Web.Test.DLL" adapterTypeName="Microsoft.VisualStudio.TestTools.TestTypes.Unit.UnitTestAdapter, Microsoft.VisualStudio.QualityTools.Tips.UnitTest.Adapter" className="Logitech.Dvs.Web.Test.FeatureSecurityServiceTests, Logitech.Dvs.Web.Test, Version=1.0.0.0, Culture=neutral, PublicKeyToken=null" name="ActiveProductTodayTest" />
    </UnitTest>
    <UnitTest name="CameraIPCountryUpdated" storage="f:\teamcity\buildagent\work\eee3f59bf291369f\logitech\dvs\web\test\bin\debug\logitech.dvs.web.test.dll" id="ab62b200-3fae-2611-c9e8-9e64498a9d71">
      <Css projectStructure="" iteration="" />
      <Description>The country calculated from the IP address is automatically updated on any camera update.</Description>
      <Owners>
        <Owner name="" />
      </Owners>
      <Execution id="5e656e68-2d84-4c26-9b5f-c8d89a03ae98" />
      <TestMethod codeBase="F:/TeamCity/buildAgent/work/eee3f59bf291369f/Logitech/Dvs/Web/Test/bin/Debug/Logitech.Dvs.Web.Test.DLL" adapterTypeName="Microsoft.VisualStudio.TestTools.TestTypes.Unit.UnitTestAdapter, Microsoft.VisualStudio.QualityTools.Tips.UnitTest.Adapter" className="Logitech.Dvs.Web.Test.CameraAdapterTests, Logitech.Dvs.Web.Test, Version=1.0.0.0, Culture=neutral, PublicKeyToken=null" name="CameraIPCountryUpdated" />
    </UnitTest>
    <UnitTest name="GetCommanderById_NotFound" storage="f:\teamcity\buildagent\work\eee3f59bf291369f\logitech\dvs\web\test\bin\debug\logitech.dvs.web.test.dll" id="c44aa344-3638-b23c-8c07-deee8e2854f8">
      <Css projectStructure="" iteration="" />
      <Description>Tests</Description>
      <Owners>
        <Owner name="" />
      </Owners>
      <Execution id="c6b06ba2-a682-4de5-bc63-56181b42cdd1" />
      <TestMethod codeBase="F:/TeamCity/buildAgent/work/eee3f59bf291369f/Logitech/Dvs/Web/Test/bin/Debug/Logitech.Dvs.Web.Test.DLL" adapterTypeName="Microsoft.VisualStudio.TestTools.TestTypes.Unit.UnitTestAdapter, Microsoft.VisualStudio.QualityTools.Tips.UnitTest.Adapter" className="Logitech.Dvs.Web.Test.CommanderServiceTest, Logitech.Dvs.Web.Test, Version=1.0.0.0, Culture=neutral, PublicKeyToken=null" name="GetCommanderById_NotFound" />
    </UnitTest>
    <UnitTest name="UploadEof" storage="f:\teamcity\buildagent\work\eee3f59bf291369f\logitech\dvs\web\test\bin\debug\logitech.dvs.web.test.dll" id="2e858c3c-b461-54ff-4204-7a36a111e581">
      <Css projectStructure="" iteration="" />
      <Description>The EOF chunk is written correctly on an upload.</Description>
      <Owners>
        <Owner name="" />
      </Owners>
      <Execution id="8fb50408-9fc7-4922-b018-20898b087381" />
      <TestMethod codeBase="F:/TeamCity/buildAgent/work/eee3f59bf291369f/Logitech/Dvs/Web/Test/bin/Debug/Logitech.Dvs.Web.Test.DLL" adapterTypeName="Microsoft.VisualStudio.TestTools.TestTypes.Unit.UnitTestAdapter, Microsoft.VisualStudio.QualityTools.Tips.UnitTest.Adapter" className="Logitech.Dvs.Web.Test.FileRelayServiceTests, Logitech.Dvs.Web.Test, Version=1.0.0.0, Culture=neutral, PublicKeyToken=null" name="UploadEof" />
    </UnitTest>
    <UnitTest name="MergeEnumerable_EliminatesDuplicates" storage="f:\teamcity\buildagent\work\eee3f59bf291369f\logitech\dvs\test\bin\debug\logitech.dvs.test.dll" id="fb90422a-1b24-dcfe-4a94-a3092d18cec2">
      <Css projectStructure="" iteration="" />
      <Description>MergeEnumerable eliminates duplicates.</Description>
      <Owners>
        <Owner name="" />
      </Owners>
      <Execution id="89390c9f-bdde-48e0-beb8-d86d94dcca6d" />
      <TestMethod codeBase="F:/TeamCity/buildAgent/work/eee3f59bf291369f/Logitech/Dvs/Test/bin/Debug/Logitech.Dvs.Test.DLL" adapterTypeName="Microsoft.VisualStudio.TestTools.TestTypes.Unit.UnitTestAdapter, Microsoft.VisualStudio.QualityTools.Tips.UnitTest.Adapter" className="Logitech.Dvs.Test.VideoFileServiceTests, Logitech.Dvs.Test, Version=1.0.0.0, Culture=neutral, PublicKeyToken=null" name="MergeEnumerable_EliminatesDuplicates" />
    </UnitTest>
    <UnitTest name="Send_ResultTypeMismatch" storage="f:\teamcity\buildagent\work\eee3f59bf291369f\logitech\dvs\messaging\test\bin\debug\logitech.dvs.messaging.test.dll" id="877e61ca-37c2-b7fb-09ce-64297537112e">
      <Css projectStructure="" iteration="" />
      <Description>Send throws if the result type is not what is expected.</Description>
      <Owners>
        <Owner name="" />
      </Owners>
      <Execution id="0f5b6fd9-c286-45ea-84a7-0059e4824a99" />
      <TestMethod codeBase="F:/TeamCity/buildAgent/work/eee3f59bf291369f/Logitech/Dvs/Messaging/Test/bin/Debug/Logitech.Dvs.Messaging.Test.DLL" adapterTypeName="Microsoft.VisualStudio.TestTools.TestTypes.Unit.UnitTestAdapter, Microsoft.VisualStudio.QualityTools.Tips.UnitTest.Adapter" className="Logitech.Dvs.Messaging.Test.XmppMessageManagerTests, Logitech.Dvs.Messaging.Test, Version=1.0.0.0, Culture=neutral, PublicKeyToken=null" name="Send_ResultTypeMismatch" expectedException="System.InvalidOperationException, mscorlib, Version=2.0.0.0, Culture=neutral, PublicKeyToken=b77a5c561934e089" />
    </UnitTest>
    <UnitTest name="CreateOrUpdateCommander_Create" storage="f:\teamcity\buildagent\work\eee3f59bf291369f\logitech\dvs\web\test\bin\debug\logitech.dvs.web.test.dll" id="a886a3f6-2e83-9e31-a598-f40941cfadf5">
      <Css projectStructure="" iteration="" />
      <Description>CreateOrUpdateCommander throws if id is bad</Description>
      <Owners>
        <Owner name="" />
      </Owners>
      <Execution id="4729ea81-aa82-4cf3-8c56-94acf537d577" />
      <TestMethod codeBase="F:/TeamCity/buildAgent/work/eee3f59bf291369f/Logitech/Dvs/Web/Test/bin/Debug/Logitech.Dvs.Web.Test.DLL" adapterTypeName="Microsoft.VisualStudio.TestTools.TestTypes.Unit.UnitTestAdapter, Microsoft.VisualStudio.QualityTools.Tips.UnitTest.Adapter" className="Logitech.Dvs.Web.Test.CommanderServiceTest, Logitech.Dvs.Web.Test, Version=1.0.0.0, Culture=neutral, PublicKeyToken=null" name="CreateOrUpdateCommander_Create" />
    </UnitTest>
    <UnitTest name="OtherUsersProductsAreNotIncluded" storage="f:\teamcity\buildagent\work\eee3f59bf291369f\logitech\dvs\web\test\bin\debug\logitech.dvs.web.test.dll" id="4a821b40-20bc-8b3c-fc8d-06e73289ff6a">
      <Css projectStructure="" iteration="" />
      <Owners>
        <Owner name="" />
      </Owners>
      <Execution id="b84c1282-53da-4210-a175-1d1ca7c1a0c3" />
      <TestMethod codeBase="F:/TeamCity/buildAgent/work/eee3f59bf291369f/Logitech/Dvs/Web/Test/bin/Debug/Logitech.Dvs.Web.Test.DLL" adapterTypeName="Microsoft.VisualStudio.TestTools.TestTypes.Unit.UnitTestAdapter, Microsoft.VisualStudio.QualityTools.Tips.UnitTest.Adapter" className="Logitech.Dvs.Web.Test.FeatureSecurityServiceTests, Logitech.Dvs.Web.Test, Version=1.0.0.0, Culture=neutral, PublicKeyToken=null" name="OtherUsersProductsAreNotIncluded" />
    </UnitTest>
    <UnitTest name="AudioChannelCountIsSet" storage="f:\teamcity\buildagent\work\eee3f59bf291369f\logitech\dvs\web\test\bin\debug\logitech.dvs.web.test.dll" id="1996ad66-c8b9-c60c-449c-708a68fac6ca">
      <Css projectStructure="" iteration="" />
      <Owners>
        <Owner name="" />
      </Owners>
      <Execution id="ecaa9c26-20a8-41a0-9709-b87c0fff3116" />
      <TestMethod codeBase="F:/TeamCity/buildAgent/work/eee3f59bf291369f/Logitech/Dvs/Web/Test/bin/Debug/Logitech.Dvs.Web.Test.DLL" adapterTypeName="Microsoft.VisualStudio.TestTools.TestTypes.Unit.UnitTestAdapter, Microsoft.VisualStudio.QualityTools.Tips.UnitTest.Adapter" className="Logitech.Dvs.Web.Test.LiveStreamTests, Logitech.Dvs.Web.Test, Version=1.0.0.0, Culture=neutral, PublicKeyToken=null" name="AudioChannelCountIsSet" />
    </UnitTest>
    <UnitTest name="ResolveEntityEmptyStringTest" storage="f:\teamcity\buildagent\work\eee3f59bf291369f\logitech\dvs\web\test\bin\debug\logitech.dvs.web.test.dll" id="4a66f570-eeed-4e99-7e57-68178031ec59">
      <Css projectStructure="" iteration="" />
      <Description>An empty userName throw an ArgumentException</Description>
      <Owners>
        <Owner name="" />
      </Owners>
      <Execution id="c4644a75-dd39-435e-998b-f19be464d988" />
      <TestMethod codeBase="F:/TeamCity/buildAgent/work/eee3f59bf291369f/Logitech/Dvs/Web/Test/bin/Debug/Logitech.Dvs.Web.Test.DLL" adapterTypeName="Microsoft.VisualStudio.TestTools.TestTypes.Unit.UnitTestAdapter, Microsoft.VisualStudio.QualityTools.Tips.UnitTest.Adapter" className="Logitech.Dvs.Web.Test.RuntimeUserResolverTests, Logitech.Dvs.Web.Test, Version=1.0.0.0, Culture=neutral, PublicKeyToken=null" name="ResolveEntityEmptyStringTest" expectedException="System.ArgumentException, mscorlib, Version=2.0.0.0, Culture=neutral, PublicKeyToken=b77a5c561934e089" />
    </UnitTest>
    <UnitTest name="UpdateSupportUser_Role_SupportTech" storage="f:\teamcity\buildagent\work\eee3f59bf291369f\logitech\dvs\web\test\bin\debug\logitech.dvs.web.test.dll" id="2473f402-63a0-27d8-9b50-46aa4a8bbf8c">
      <Css projectStructure="" iteration="" />
      <Description>UpdateSupportUser updates the role for a support tech</Description>
      <Owners>
        <Owner name="" />
      </Owners>
      <Execution id="88e58a74-61a2-4501-acf9-c2b3314e6f7b" />
      <TestMethod codeBase="F:/TeamCity/buildAgent/work/eee3f59bf291369f/Logitech/Dvs/Web/Test/bin/Debug/Logitech.Dvs.Web.Test.DLL" adapterTypeName="Microsoft.VisualStudio.TestTools.TestTypes.Unit.UnitTestAdapter, Microsoft.VisualStudio.QualityTools.Tips.UnitTest.Adapter" className="Logitech.Dvs.Web.Test.SupportServiceTests, Logitech.Dvs.Web.Test, Version=1.0.0.0, Culture=neutral, PublicKeyToken=null" name="UpdateSupportUser_Role_SupportTech" />
    </UnitTest>
    <UnitTest name="GetClipFromCamera" storage="f:\teamcity\buildagent\work\eee3f59bf291369f\logitech\dvs\web\test\bin\debug\logitech.dvs.web.test.dll" id="1d223ebe-f7d0-e2e6-7aa3-42defe8090cf">
      <Css projectStructure="" iteration="" />
      <Description>GetClip successfully retrieves the specified clip from the camera (when not available from storage) and redirects.</Description>
      <Owners>
        <Owner name="" />
      </Owners>
      <Execution id="d31dc9ef-dbc6-4244-880d-189d9aa6118a" />
      <TestMethod codeBase="F:/TeamCity/buildAgent/work/eee3f59bf291369f/Logitech/Dvs/Web/Test/bin/Debug/Logitech.Dvs.Web.Test.DLL" adapterTypeName="Microsoft.VisualStudio.TestTools.TestTypes.Unit.UnitTestAdapter, Microsoft.VisualStudio.QualityTools.Tips.UnitTest.Adapter" className="Logitech.Dvs.Web.Test.ClipServiceTests, Logitech.Dvs.Web.Test, Version=1.0.0.0, Culture=neutral, PublicKeyToken=null" name="GetClipFromCamera" />
    </UnitTest>
    <UnitTest name="ParseStreamIdFail" storage="f:\teamcity\buildagent\work\eee3f59bf291369f\logitech\dvs\web\test\bin\debug\logitech.dvs.web.test.dll" id="520338d9-3310-6ca4-83fe-a4cd5f816fc7">
      <Css projectStructure="" iteration="" />
      <Owners>
        <Owner name="" />
      </Owners>
      <Execution id="b1ef5634-7ada-4782-a312-1ea2c04fec0b" />
      <TestMethod codeBase="F:/TeamCity/buildAgent/work/eee3f59bf291369f/Logitech/Dvs/Web/Test/bin/Debug/Logitech.Dvs.Web.Test.DLL" adapterTypeName="Microsoft.VisualStudio.TestTools.TestTypes.Unit.UnitTestAdapter, Microsoft.VisualStudio.QualityTools.Tips.UnitTest.Adapter" className="Logitech.Dvs.Web.Test.LiveStreamTests, Logitech.Dvs.Web.Test, Version=1.0.0.0, Culture=neutral, PublicKeyToken=null" name="ParseStreamIdFail" />
    </UnitTest>
    <UnitTest name="DeliveryTypeIsSetForMJPEG" storage="f:\teamcity\buildagent\work\eee3f59bf291369f\logitech\dvs\web\test\bin\debug\logitech.dvs.web.test.dll" id="58970041-1251-2434-bba7-499a587d9497">
      <Css projectStructure="" iteration="" />
      <Owners>
        <Owner name="" />
      </Owners>
      <Execution id="ec17663e-ee23-4e83-b9d4-fb1110f06971" />
      <TestMethod codeBase="F:/TeamCity/buildAgent/work/eee3f59bf291369f/Logitech/Dvs/Web/Test/bin/Debug/Logitech.Dvs.Web.Test.DLL" adapterTypeName="Microsoft.VisualStudio.TestTools.TestTypes.Unit.UnitTestAdapter, Microsoft.VisualStudio.QualityTools.Tips.UnitTest.Adapter" className="Logitech.Dvs.Web.Test.LiveStreamTests, Logitech.Dvs.Web.Test, Version=1.0.0.0, Culture=neutral, PublicKeyToken=null" name="DeliveryTypeIsSetForMJPEG" />
    </UnitTest>
    <UnitTest name="LengthFromHeader" storage="f:\teamcity\buildagent\work\eee3f59bf291369f\logitech\dvs\web\test\bin\debug\logitech.dvs.web.test.dll" id="1c8f64df-5cc2-e4fc-7afb-1ee67d22e492">
      <Css projectStructure="" iteration="" />
      <Description>The stream Length comes from the header chunk.</Description>
      <Owners>
        <Owner name="" />
      </Owners>
      <Execution id="78cc58ef-1b12-4eb5-a352-19d6a958f193" />
      <TestMethod codeBase="F:/TeamCity/buildAgent/work/eee3f59bf291369f/Logitech/Dvs/Web/Test/bin/Debug/Logitech.Dvs.Web.Test.DLL" adapterTypeName="Microsoft.VisualStudio.TestTools.TestTypes.Unit.UnitTestAdapter, Microsoft.VisualStudio.QualityTools.Tips.UnitTest.Adapter" className="Logitech.Dvs.Web.Test.ChunkOutputStreamTests, Logitech.Dvs.Web.Test, Version=1.0.0.0, Culture=neutral, PublicKeyToken=null" name="LengthFromHeader" />
    </UnitTest>
    <UnitTest name="ResolveEntityNullTest" storage="f:\teamcity\buildagent\work\eee3f59bf291369f\logitech\dvs\web\test\bin\debug\logitech.dvs.web.test.dll" id="5b6e1a61-fb15-f3c6-56d4-577751f67a63">
      <Css projectStructure="" iteration="" />
      <Description>A null userName throw an ArgumentException</Description>
      <Owners>
        <Owner name="" />
      </Owners>
      <Execution id="56253126-65af-4d8a-8d39-a686ecce9657" />
      <TestMethod codeBase="F:/TeamCity/buildAgent/work/eee3f59bf291369f/Logitech/Dvs/Web/Test/bin/Debug/Logitech.Dvs.Web.Test.DLL" adapterTypeName="Microsoft.VisualStudio.TestTools.TestTypes.Unit.UnitTestAdapter, Microsoft.VisualStudio.QualityTools.Tips.UnitTest.Adapter" className="Logitech.Dvs.Web.Test.RuntimeUserResolverTests, Logitech.Dvs.Web.Test, Version=1.0.0.0, Culture=neutral, PublicKeyToken=null" name="ResolveEntityNullTest" expectedException="System.ArgumentException, mscorlib, Version=2.0.0.0, Culture=neutral, PublicKeyToken=b77a5c561934e089" />
    </UnitTest>
    <UnitTest name="ImplicitVideoTest" storage="f:\teamcity\buildagent\work\eee3f59bf291369f\logitech\dvs\web\test\bin\debug\logitech.dvs.web.test.dll" id="49ae978e-4307-892b-db0d-f275a3da15ce">
      <Css projectStructure="" iteration="" />
      <Owners>
        <Owner name="" />
      </Owners>
      <Execution id="33c34545-a4b3-4667-91d8-7cd123e314c0" />
      <TestMethod codeBase="F:/TeamCity/buildAgent/work/eee3f59bf291369f/Logitech/Dvs/Web/Test/bin/Debug/Logitech.Dvs.Web.Test.DLL" adapterTypeName="Microsoft.VisualStudio.TestTools.TestTypes.Unit.UnitTestAdapter, Microsoft.VisualStudio.QualityTools.Tips.UnitTest.Adapter" className="Logitech.Dvs.Web.Test.LiveStreamTests, Logitech.Dvs.Web.Test, Version=1.0.0.0, Culture=neutral, PublicKeyToken=null" name="ImplicitVideoTest" />
    </UnitTest>
    <UnitTest name="CreateProductKeyBatch_InvalidProduct" storage="f:\teamcity\buildagent\work\eee3f59bf291369f\logitech\dvs\web\test\bin\debug\logitech.dvs.web.test.dll" id="fd7f76d6-e3b0-5ad4-a284-348b4d24f2ee">
      <Css projectStructure="" iteration="" />
      <Description>CreateProductKeyBatch throws if the specified product ID is invalid.</Description>
      <Owners>
        <Owner name="" />
      </Owners>
      <Execution id="32c0b03a-1a00-4bdc-a0bb-11c11302eab8" />
      <TestMethod codeBase="F:/TeamCity/buildAgent/work/eee3f59bf291369f/Logitech/Dvs/Web/Test/bin/Debug/Logitech.Dvs.Web.Test.DLL" adapterTypeName="Microsoft.VisualStudio.TestTools.TestTypes.Unit.UnitTestAdapter, Microsoft.VisualStudio.QualityTools.Tips.UnitTest.Adapter" className="Logitech.Dvs.Web.Test.CommerceServiceTests, Logitech.Dvs.Web.Test, Version=1.0.0.0, Culture=neutral, PublicKeyToken=null" name="CreateProductKeyBatch_InvalidProduct" />
    </UnitTest>
    <UnitTest name="CreateProductKeyBatch_InvalidProductKeyCategory" storage="f:\teamcity\buildagent\work\eee3f59bf291369f\logitech\dvs\web\test\bin\debug\logitech.dvs.web.test.dll" id="d28a125a-f8d9-3a83-2820-d38fd4a8cf84">
      <Css projectStructure="" iteration="" />
      <Description>CreateProductKeyBatch throws if the specified product key category ID is invalid.</Description>
      <Owners>
        <Owner name="" />
      </Owners>
      <Execution id="a053fcc6-11d2-440e-bff2-f74c3559aac7" />
      <TestMethod codeBase="F:/TeamCity/buildAgent/work/eee3f59bf291369f/Logitech/Dvs/Web/Test/bin/Debug/Logitech.Dvs.Web.Test.DLL" adapterTypeName="Microsoft.VisualStudio.TestTools.TestTypes.Unit.UnitTestAdapter, Microsoft.VisualStudio.QualityTools.Tips.UnitTest.Adapter" className="Logitech.Dvs.Web.Test.CommerceServiceTests, Logitech.Dvs.Web.Test, Version=1.0.0.0, Culture=neutral, PublicKeyToken=null" name="CreateProductKeyBatch_InvalidProductKeyCategory" />
    </UnitTest>
    <UnitTest name="DownloadSuccess" storage="f:\teamcity\buildagent\work\eee3f59bf291369f\logitech\dvs\web\test\bin\debug\logitech.dvs.web.test.dll" id="1007045e-9832-a97a-85b1-7c0d43f3855a">
      <Css projectStructure="" iteration="" />
      <Description>Download can stream a previously uploaded file.</Description>
      <Owners>
        <Owner name="" />
      </Owners>
      <Execution id="9f225328-f135-430a-a32a-ca5632003723" />
      <TestMethod codeBase="F:/TeamCity/buildAgent/work/eee3f59bf291369f/Logitech/Dvs/Web/Test/bin/Debug/Logitech.Dvs.Web.Test.DLL" adapterTypeName="Microsoft.VisualStudio.TestTools.TestTypes.Unit.UnitTestAdapter, Microsoft.VisualStudio.QualityTools.Tips.UnitTest.Adapter" className="Logitech.Dvs.Web.Test.FileRelayServiceTests, Logitech.Dvs.Web.Test, Version=1.0.0.0, Culture=neutral, PublicKeyToken=null" name="DownloadSuccess" />
    </UnitTest>
    <UnitTest name="CreateOrUpdateCommander_UpdateModified" storage="f:\teamcity\buildagent\work\eee3f59bf291369f\logitech\dvs\web\test\bin\debug\logitech.dvs.web.test.dll" id="3d58a5bc-9d47-e40c-5786-00ca639a7b45">
      <Css projectStructure="" iteration="" />
      <Description>CreateOrUpdateCommander throws if id is bad</Description>
      <Owners>
        <Owner name="" />
      </Owners>
      <Execution id="9c22c8d0-914c-4190-9496-762168b4e8f4" />
      <TestMethod codeBase="F:/TeamCity/buildAgent/work/eee3f59bf291369f/Logitech/Dvs/Web/Test/bin/Debug/Logitech.Dvs.Web.Test.DLL" adapterTypeName="Microsoft.VisualStudio.TestTools.TestTypes.Unit.UnitTestAdapter, Microsoft.VisualStudio.QualityTools.Tips.UnitTest.Adapter" className="Logitech.Dvs.Web.Test.CommanderServiceTest, Logitech.Dvs.Web.Test, Version=1.0.0.0, Culture=neutral, PublicKeyToken=null" name="CreateOrUpdateCommander_UpdateModified" />
    </UnitTest>
    <UnitTest name="ParseDirectives" storage="f:\teamcity\buildagent\work\eee3f59bf291369f\logitech\dvs\web\test\bin\debug\logitech.dvs.web.test.dll" id="4796f98d-aecd-3718-66bb-fce492d0020b">
      <Css projectStructure="" iteration="" />
      <Description>ParseDirectives parses the directives out of an Authorization header.</Description>
      <Owners>
        <Owner name="" />
      </Owners>
      <Execution id="f23f6c9a-6525-475d-b980-1468369558dd" />
      <TestMethod codeBase="F:/TeamCity/buildAgent/work/eee3f59bf291369f/Logitech/Dvs/Web/Test/bin/Debug/Logitech.Dvs.Web.Test.DLL" adapterTypeName="Microsoft.VisualStudio.TestTools.TestTypes.Unit.UnitTestAdapter, Microsoft.VisualStudio.QualityTools.Tips.UnitTest.Adapter" className="Logitech.Dvs.Web.Test.DigestAuthenticationTest, Logitech.Dvs.Web.Test, Version=1.0.0.0, Culture=neutral, PublicKeyToken=null" name="ParseDirectives" />
    </UnitTest>
    <UnitTest name="AddElemNull" storage="f:\teamcity\buildagent\work\eee3f59bf291369f\logitech\dvs\test\bin\debug\logitech.dvs.test.dll" id="6b3ff818-c30f-e5c1-89d9-f2f62fd3467f">
      <Css projectStructure="" iteration="" />
      <Description>Calling add element with a null parent results in a null result</Description>
      <Owners>
        <Owner name="" />
      </Owners>
      <Execution id="7a9da979-f7c0-4ba0-8a72-9f26c18e1e58" />
      <TestMethod codeBase="F:/TeamCity/buildAgent/work/eee3f59bf291369f/Logitech/Dvs/Test/bin/Debug/Logitech.Dvs.Test.DLL" adapterTypeName="Microsoft.VisualStudio.TestTools.TestTypes.Unit.UnitTestAdapter, Microsoft.VisualStudio.QualityTools.Tips.UnitTest.Adapter" className="Logitech.Dvs.Test.FluentXmlExtensionsTest, Logitech.Dvs.Test, Version=1.0.0.0, Culture=neutral, PublicKeyToken=null" name="AddElemNull" />
    </UnitTest>
    <UnitTest name="TestAlertTemplate_Image" storage="f:\teamcity\buildagent\work\eee3f59bf291369f\logitech\dvs\web\test\bin\debug\logitech.dvs.web.test.dll" id="39156b50-2cbc-b3bb-8515-a275e94858c0">
      <Css projectStructure="" iteration="" />
      <Owners>
        <Owner name="" />
      </Owners>
      <Execution id="c8bdf0d5-4c29-43d9-b16e-6be7cde63991" />
      <TestMethod codeBase="F:/TeamCity/buildAgent/work/eee3f59bf291369f/Logitech/Dvs/Web/Test/bin/Debug/Logitech.Dvs.Web.Test.DLL" adapterTypeName="Microsoft.VisualStudio.TestTools.TestTypes.Unit.UnitTestAdapter, Microsoft.VisualStudio.QualityTools.Tips.UnitTest.Adapter" className="Logitech.Dvs.Web.Test.TemplateTests, Logitech.Dvs.Web.Test, Version=1.0.0.0, Culture=neutral, PublicKeyToken=null" name="TestAlertTemplate_Image" />
    </UnitTest>
    <UnitTest name="GetPtz" storage="f:\teamcity\buildagent\work\eee3f59bf291369f\logitech\dvs\web\test\bin\debug\logitech.dvs.web.test.dll" id="cbda8f7a-1968-7fba-4f4a-c5138c6fbfde">
      <Css projectStructure="" iteration="" />
      <Description>The camera service can retrieve PTZ for a camera.</Description>
      <Owners>
        <Owner name="" />
      </Owners>
      <Execution id="e2594d1b-4cb6-4b78-8bcf-0d395d204d55" />
      <TestMethod codeBase="F:/TeamCity/buildAgent/work/eee3f59bf291369f/Logitech/Dvs/Web/Test/bin/Debug/Logitech.Dvs.Web.Test.DLL" adapterTypeName="Microsoft.VisualStudio.TestTools.TestTypes.Unit.UnitTestAdapter, Microsoft.VisualStudio.QualityTools.Tips.UnitTest.Adapter" className="Logitech.Dvs.Web.Test.CameraServicePtzTests, Logitech.Dvs.Web.Test, Version=1.0.0.0, Culture=neutral, PublicKeyToken=null" name="GetPtz" />
    </UnitTest>
    <UnitTest name="Send_CustomResultCode" storage="f:\teamcity\buildagent\work\eee3f59bf291369f\logitech\dvs\messaging\test\bin\debug\logitech.dvs.messaging.test.dll" id="09ba32c9-e8be-6716-7d60-6051ea86bc18">
      <Css projectStructure="" iteration="" />
      <Description>Send extracts the custom result code (if any) to the exception's CustomResultCode property.</Description>
      <Owners>
        <Owner name="" />
      </Owners>
      <Execution id="4da86b60-9c16-45cc-ac8f-e849605a3816" />
      <TestMethod codeBase="F:/TeamCity/buildAgent/work/eee3f59bf291369f/Logitech/Dvs/Messaging/Test/bin/Debug/Logitech.Dvs.Messaging.Test.DLL" adapterTypeName="Microsoft.VisualStudio.TestTools.TestTypes.Unit.UnitTestAdapter, Microsoft.VisualStudio.QualityTools.Tips.UnitTest.Adapter" className="Logitech.Dvs.Messaging.Test.XmppMessageManagerTests, Logitech.Dvs.Messaging.Test, Version=1.0.0.0, Culture=neutral, PublicKeyToken=null" name="Send_CustomResultCode" />
    </UnitTest>
    <UnitTest name="CategoriesFromCache" storage="f:\teamcity\buildagent\work\eee3f59bf291369f\logitech\dvs\web\test\bin\debug\logitech.dvs.web.test.dll" id="cf1fa61e-c8fd-aef1-77dc-d009fabd65d7">
      <Css projectStructure="" iteration="" />
      <Description>Retrieves the list of YouTube categories from the cache if available.</Description>
      <Owners>
        <Owner name="" />
      </Owners>
      <Execution id="e0188764-311c-4698-aaa5-a4423c08d9fa" />
      <TestMethod codeBase="F:/TeamCity/buildAgent/work/eee3f59bf291369f/Logitech/Dvs/Web/Test/bin/Debug/Logitech.Dvs.Web.Test.DLL" adapterTypeName="Microsoft.VisualStudio.TestTools.TestTypes.Unit.UnitTestAdapter, Microsoft.VisualStudio.QualityTools.Tips.UnitTest.Adapter" className="Logitech.Dvs.Web.Test.Model.YouTubeServiceTests, Logitech.Dvs.Web.Test, Version=1.0.0.0, Culture=neutral, PublicKeyToken=null" name="CategoriesFromCache" />
    </UnitTest>
    <UnitTest name="ToNewEntity" storage="f:\teamcity\buildagent\work\eee3f59bf291369f\logitech\dvs\web\test\bin\debug\logitech.dvs.web.test.dll" id="b37edd75-7fce-1bb2-38ca-83b1ecc211da">
      <Css projectStructure="" iteration="" />
      <Description>ToEntity gets a new site when the id's don't match</Description>
      <Owners>
        <Owner name="" />
      </Owners>
      <Execution id="23a952fe-f5b6-414a-a255-eda97d02a70f" />
      <TestMethod codeBase="F:/TeamCity/buildAgent/work/eee3f59bf291369f/Logitech/Dvs/Web/Test/bin/Debug/Logitech.Dvs.Web.Test.DLL" adapterTypeName="Microsoft.VisualStudio.TestTools.TestTypes.Unit.UnitTestAdapter, Microsoft.VisualStudio.QualityTools.Tips.UnitTest.Adapter" className="Logitech.Dvs.Web.Test.SiteAdapterTests, Logitech.Dvs.Web.Test, Version=1.0.0.0, Culture=neutral, PublicKeyToken=null" name="ToNewEntity" />
    </UnitTest>
    <UnitTest name="SaveNew" storage="f:\teamcity\buildagent\work\eee3f59bf291369f\logitech\dvs\web\test\bin\debug\logitech.dvs.web.test.dll" id="02c27551-465c-2f52-4585-e88fd9c04e24">
      <Css projectStructure="" iteration="" />
      <Description>Can save new credentials for the current user.</Description>
      <Owners>
        <Owner name="" />
      </Owners>
      <Execution id="5e36b643-51d8-44dd-b7d5-c2b65a4be42c" />
      <TestMethod codeBase="F:/TeamCity/buildAgent/work/eee3f59bf291369f/Logitech/Dvs/Web/Test/bin/Debug/Logitech.Dvs.Web.Test.DLL" adapterTypeName="Microsoft.VisualStudio.TestTools.TestTypes.Unit.UnitTestAdapter, Microsoft.VisualStudio.QualityTools.Tips.UnitTest.Adapter" className="Logitech.Dvs.Web.Test.Model.ExternalCredentialsTests, Logitech.Dvs.Web.Test, Version=1.0.0.0, Culture=neutral, PublicKeyToken=null" name="SaveNew" />
    </UnitTest>
    <UnitTest name="SiteToSiteInfoIsMapped" storage="f:\teamcity\buildagent\work\eee3f59bf291369f\logitech\dvs\web\test\bin\debug\logitech.dvs.web.test.dll" id="d4ac6b91-762e-06aa-d810-39966bd429cc">
      <Css projectStructure="" iteration="" />
      <Description>Ensures that a site is properly mapped to a SiteInfo</Description>
      <Owners>
        <Owner name="" />
      </Owners>
      <Execution id="760a6ed9-ee5a-4600-83bc-2053f09e81e5" />
      <TestMethod codeBase="F:/TeamCity/buildAgent/work/eee3f59bf291369f/Logitech/Dvs/Web/Test/bin/Debug/Logitech.Dvs.Web.Test.DLL" adapterTypeName="Microsoft.VisualStudio.TestTools.TestTypes.Unit.UnitTestAdapter, Microsoft.VisualStudio.QualityTools.Tips.UnitTest.Adapter" className="Logitech.Dvs.Web.Test.SiteAdapterTests, Logitech.Dvs.Web.Test, Version=1.0.0.0, Culture=neutral, PublicKeyToken=null" name="SiteToSiteInfoIsMapped" />
    </UnitTest>
    <UnitTest name="FindCustomers_ProductKey_Delimited" storage="f:\teamcity\buildagent\work\eee3f59bf291369f\logitech\dvs\web\test\bin\debug\logitech.dvs.web.test.dll" id="9d256a5b-98bf-7774-3bfb-eaa9b25b373a">
      <Css projectStructure="" iteration="" />
      <Description>Tests search by product key</Description>
      <Owners>
        <Owner name="" />
      </Owners>
      <Execution id="1dd6a0a2-0aef-4d12-9c16-9ba04ff3f3e5" />
      <TestMethod codeBase="F:/TeamCity/buildAgent/work/eee3f59bf291369f/Logitech/Dvs/Web/Test/bin/Debug/Logitech.Dvs.Web.Test.DLL" adapterTypeName="Microsoft.VisualStudio.TestTools.TestTypes.Unit.UnitTestAdapter, Microsoft.VisualStudio.QualityTools.Tips.UnitTest.Adapter" className="Logitech.Dvs.Web.Test.SupportServiceTests, Logitech.Dvs.Web.Test, Version=1.0.0.0, Culture=neutral, PublicKeyToken=null" name="FindCustomers_ProductKey_Delimited" />
    </UnitTest>
    <UnitTest name="UploadNoType" storage="f:\teamcity\buildagent\work\eee3f59bf291369f\logitech\dvs\web\test\bin\debug\logitech.dvs.web.test.dll" id="53565c8e-87ec-2641-d55c-b50cfc1a5f10">
      <Css projectStructure="" iteration="" />
      <Description>Upload fails if the content-type header value is missing.</Description>
      <Owners>
        <Owner name="" />
      </Owners>
      <Execution id="00965b7a-f50e-44a8-bd32-8d4f1d4da981" />
      <TestMethod codeBase="F:/TeamCity/buildAgent/work/eee3f59bf291369f/Logitech/Dvs/Web/Test/bin/Debug/Logitech.Dvs.Web.Test.DLL" adapterTypeName="Microsoft.VisualStudio.TestTools.TestTypes.Unit.UnitTestAdapter, Microsoft.VisualStudio.QualityTools.Tips.UnitTest.Adapter" className="Logitech.Dvs.Web.Test.FileRelayServiceTests, Logitech.Dvs.Web.Test, Version=1.0.0.0, Culture=neutral, PublicKeyToken=null" name="UploadNoType" />
    </UnitTest>
    <UnitTest name="ShareToYouTubeNoMediaId" storage="f:\teamcity\buildagent\work\eee3f59bf291369f\logitech\dvs\web\test\bin\debug\logitech.dvs.web.test.dll" id="0b97ae0d-78af-cc90-0f7d-5e1556a074d6">
      <Css projectStructure="" iteration="" />
      <Description>ShareToYouTube throws (400) if the media id address is not specified.</Description>
      <Owners>
        <Owner name="" />
      </Owners>
      <Execution id="27d50417-6112-47c4-8728-257d6ed3f13f" />
      <TestMethod codeBase="F:/TeamCity/buildAgent/work/eee3f59bf291369f/Logitech/Dvs/Web/Test/bin/Debug/Logitech.Dvs.Web.Test.DLL" adapterTypeName="Microsoft.VisualStudio.TestTools.TestTypes.Unit.UnitTestAdapter, Microsoft.VisualStudio.QualityTools.Tips.UnitTest.Adapter" className="Logitech.Dvs.Web.Test.ClipServiceTests, Logitech.Dvs.Web.Test, Version=1.0.0.0, Culture=neutral, PublicKeyToken=null" name="ShareToYouTubeNoMediaId" />
    </UnitTest>
    <UnitTest name="ShouldWrapMessageFalseWithValue" storage="f:\teamcity\buildagent\work\eee3f59bf291369f\logitech\dvs\web\test\bin\debug\logitech.dvs.web.test.dll" id="1aced13f-9df4-9cc3-51f9-cbb1806046cf">
      <Css projectStructure="" iteration="" />
      <Description>ShouldWrapMessage is false when the request header is there but has a value of false</Description>
      <Owners>
        <Owner name="" />
      </Owners>
      <Execution id="16dde006-a95f-4593-b635-2420aa414d9d" />
      <TestMethod codeBase="F:/TeamCity/buildAgent/work/eee3f59bf291369f/Logitech/Dvs/Web/Test/bin/Debug/Logitech.Dvs.Web.Test.DLL" adapterTypeName="Microsoft.VisualStudio.TestTools.TestTypes.Unit.UnitTestAdapter, Microsoft.VisualStudio.QualityTools.Tips.UnitTest.Adapter" className="Logitech.Dvs.Web.Test.ResponseInspectorTests, Logitech.Dvs.Web.Test, Version=1.0.0.0, Culture=neutral, PublicKeyToken=null" name="ShouldWrapMessageFalseWithValue" />
    </UnitTest>
    <UnitTest name="GetKeyInfoForBatchCsv_AllKeys" storage="f:\teamcity\buildagent\work\eee3f59bf291369f\logitech\dvs\web\test\bin\debug\logitech.dvs.web.test.dll" id="295fae18-7c2e-8110-9330-c92298ce58cf">
      <Css projectStructure="" iteration="" />
      <Description>GetKeyInfoForBatchCsv gets all the keys for the specified batch.</Description>
      <Owners>
        <Owner name="" />
      </Owners>
      <Execution id="5bc13371-9707-42fb-983c-df3c1db4068e" />
      <TestMethod codeBase="F:/TeamCity/buildAgent/work/eee3f59bf291369f/Logitech/Dvs/Web/Test/bin/Debug/Logitech.Dvs.Web.Test.DLL" adapterTypeName="Microsoft.VisualStudio.TestTools.TestTypes.Unit.UnitTestAdapter, Microsoft.VisualStudio.QualityTools.Tips.UnitTest.Adapter" className="Logitech.Dvs.Web.Test.CommerceServiceTests, Logitech.Dvs.Web.Test, Version=1.0.0.0, Culture=neutral, PublicKeyToken=null" name="GetKeyInfoForBatchCsv_AllKeys" />
    </UnitTest>
    <UnitTest name="GetShareStatusUnknown" storage="f:\teamcity\buildagent\work\eee3f59bf291369f\logitech\dvs\web\test\bin\debug\logitech.dvs.web.test.dll" id="854cb603-e1d6-242f-f7a7-88ce1a807ce4">
      <Css projectStructure="" iteration="" />
      <Description>GetShareStatus throws (404) for an unknown status token.</Description>
      <Owners>
        <Owner name="" />
      </Owners>
      <Execution id="c3d2771a-ab05-43a8-aa4d-76319c108f4a" />
      <TestMethod codeBase="F:/TeamCity/buildAgent/work/eee3f59bf291369f/Logitech/Dvs/Web/Test/bin/Debug/Logitech.Dvs.Web.Test.DLL" adapterTypeName="Microsoft.VisualStudio.TestTools.TestTypes.Unit.UnitTestAdapter, Microsoft.VisualStudio.QualityTools.Tips.UnitTest.Adapter" className="Logitech.Dvs.Web.Test.ClipServiceTests, Logitech.Dvs.Web.Test, Version=1.0.0.0, Culture=neutral, PublicKeyToken=null" name="GetShareStatusUnknown" />
    </UnitTest>
    <UnitTest name="NoActiveProductTest" storage="f:\teamcity\buildagent\work\eee3f59bf291369f\logitech\dvs\web\test\bin\debug\logitech.dvs.web.test.dll" id="f09dff37-6cce-1f15-e06a-4bd6cf6dee2b">
      <Css projectStructure="" iteration="" />
      <Description>Validates that only active products are returned.</Description>
      <Owners>
        <Owner name="" />
      </Owners>
      <Execution id="9201e027-0099-4c43-aff8-cb06db84ce13" />
      <TestMethod codeBase="F:/TeamCity/buildAgent/work/eee3f59bf291369f/Logitech/Dvs/Web/Test/bin/Debug/Logitech.Dvs.Web.Test.DLL" adapterTypeName="Microsoft.VisualStudio.TestTools.TestTypes.Unit.UnitTestAdapter, Microsoft.VisualStudio.QualityTools.Tips.UnitTest.Adapter" className="Logitech.Dvs.Web.Test.FeatureSecurityServiceTests, Logitech.Dvs.Web.Test, Version=1.0.0.0, Culture=neutral, PublicKeyToken=null" name="NoActiveProductTest" />
    </UnitTest>
    <UnitTest name="GetUnconfirmedCancelledProductTest" storage="f:\teamcity\buildagent\work\eee3f59bf291369f\logitech\dvs\web\test\bin\debug\logitech.dvs.web.test.dll" id="ab1c6851-af4f-2c02-dde6-6150567b43ec">
      <Css projectStructure="" iteration="" />
      <Description>Validates that the latest unconfirmed and cancelled product is returned.</Description>
      <Owners>
        <Owner name="" />
      </Owners>
      <Execution id="ab155753-cc7a-4253-b6f6-2d031a886a3f" />
      <TestMethod codeBase="F:/TeamCity/buildAgent/work/eee3f59bf291369f/Logitech/Dvs/Web/Test/bin/Debug/Logitech.Dvs.Web.Test.DLL" adapterTypeName="Microsoft.VisualStudio.TestTools.TestTypes.Unit.UnitTestAdapter, Microsoft.VisualStudio.QualityTools.Tips.UnitTest.Adapter" className="Logitech.Dvs.Web.Test.FeatureSecurityServiceTests, Logitech.Dvs.Web.Test, Version=1.0.0.0, Culture=neutral, PublicKeyToken=null" name="GetUnconfirmedCancelledProductTest" />
    </UnitTest>
    <UnitTest name="FormatForDisplay" storage="f:\teamcity\buildagent\work\eee3f59bf291369f\logitech\dvs\web\test\bin\debug\logitech.dvs.web.test.dll" id="b343ba75-ed08-fc2c-268c-2ac53b0bf798">
      <Css projectStructure="" iteration="" />
      <Description>FormatForDisplay adds helpful group dashes.</Description>
      <Owners>
        <Owner name="" />
      </Owners>
      <Execution id="30a738d5-4f37-48d8-b311-851ab7b956ce" />
      <TestMethod codeBase="F:/TeamCity/buildAgent/work/eee3f59bf291369f/Logitech/Dvs/Web/Test/bin/Debug/Logitech.Dvs.Web.Test.DLL" adapterTypeName="Microsoft.VisualStudio.TestTools.TestTypes.Unit.UnitTestAdapter, Microsoft.VisualStudio.QualityTools.Tips.UnitTest.Adapter" className="Logitech.Dvs.Web.Test.ProductKeyGeneratorTest, Logitech.Dvs.Web.Test, Version=1.0.0.0, Culture=neutral, PublicKeyToken=null" name="FormatForDisplay" />
    </UnitTest>
    <UnitTest name="ResourceIdIsBadOnDelete" storage="f:\teamcity\buildagent\work\eee3f59bf291369f\logitech\dvs\web\test\bin\debug\logitech.dvs.web.test.dll" id="69d895ae-6cb2-1cb8-70fd-79533e1a0814">
      <Css projectStructure="" iteration="" />
      <Description>Throws and exception if the siteid in the resource uri is bad</Description>
      <Owners>
        <Owner name="" />
      </Owners>
      <Execution id="4820ecc3-f802-4efb-9a12-a105566f2c52" />
      <TestMethod codeBase="F:/TeamCity/buildAgent/work/eee3f59bf291369f/Logitech/Dvs/Web/Test/bin/Debug/Logitech.Dvs.Web.Test.DLL" adapterTypeName="Microsoft.VisualStudio.TestTools.TestTypes.Unit.UnitTestAdapter, Microsoft.VisualStudio.QualityTools.Tips.UnitTest.Adapter" className="Logitech.Dvs.Web.Test.SiteServiceTests, Logitech.Dvs.Web.Test, Version=1.0.0.0, Culture=neutral, PublicKeyToken=null" name="ResourceIdIsBadOnDelete" expectedException="Logitech.Dvs.Web.Services.WebProtocolException, Logitech.Dvs.Web, Version=1.0.3860.27695, Culture=neutral, PublicKeyToken=null" />
    </UnitTest>
    <UnitTest name="ActiveProductTest" storage="f:\teamcity\buildagent\work\eee3f59bf291369f\logitech\dvs\web\test\bin\debug\logitech.dvs.web.test.dll" id="5610cef9-3335-5a7c-ec88-7672ec4c05ff">
      <Css projectStructure="" iteration="" />
      <Description>Validates that only the active product is selected.</Description>
      <Owners>
        <Owner name="" />
      </Owners>
      <Execution id="5dbd0b50-ef82-4a0a-befa-855f95038510" />
      <TestMethod codeBase="F:/TeamCity/buildAgent/work/eee3f59bf291369f/Logitech/Dvs/Web/Test/bin/Debug/Logitech.Dvs.Web.Test.DLL" adapterTypeName="Microsoft.VisualStudio.TestTools.TestTypes.Unit.UnitTestAdapter, Microsoft.VisualStudio.QualityTools.Tips.UnitTest.Adapter" className="Logitech.Dvs.Web.Test.FeatureSecurityServiceTests, Logitech.Dvs.Web.Test, Version=1.0.0.0, Culture=neutral, PublicKeyToken=null" name="ActiveProductTest" />
    </UnitTest>
    <UnitTest name="UpdatePtz" storage="f:\teamcity\buildagent\work\eee3f59bf291369f\logitech\dvs\web\test\bin\debug\logitech.dvs.web.test.dll" id="acc79031-2fc1-4511-9bad-1d454ab1bbe4">
      <Css projectStructure="" iteration="" />
      <Description>The camera service can update PTZ for a camera.</Description>
      <Owners>
        <Owner name="" />
      </Owners>
      <Execution id="665d1324-a1b6-4e8a-9c71-88613ed5779f" />
      <TestMethod codeBase="F:/TeamCity/buildAgent/work/eee3f59bf291369f/Logitech/Dvs/Web/Test/bin/Debug/Logitech.Dvs.Web.Test.DLL" adapterTypeName="Microsoft.VisualStudio.TestTools.TestTypes.Unit.UnitTestAdapter, Microsoft.VisualStudio.QualityTools.Tips.UnitTest.Adapter" className="Logitech.Dvs.Web.Test.CameraServicePtzTests, Logitech.Dvs.Web.Test, Version=1.0.0.0, Culture=neutral, PublicKeyToken=null" name="UpdatePtz" />
    </UnitTest>
    <UnitTest name="GetProductRegistrationByUser_UserNotFound" storage="f:\teamcity\buildagent\work\eee3f59bf291369f\logitech\dvs\web\test\bin\debug\logitech.dvs.web.test.dll" id="aed23c67-c145-4ef3-9f2d-faec8951bd7b">
      <Css projectStructure="" iteration="" />
      <Description>GetProductRegistrationByUser - throws if user is not found</Description>
      <Owners>
        <Owner name="" />
      </Owners>
      <Execution id="9e72d9d3-142f-47d7-9f25-62127cee1c5e" />
      <TestMethod codeBase="F:/TeamCity/buildAgent/work/eee3f59bf291369f/Logitech/Dvs/Web/Test/bin/Debug/Logitech.Dvs.Web.Test.DLL" adapterTypeName="Microsoft.VisualStudio.TestTools.TestTypes.Unit.UnitTestAdapter, Microsoft.VisualStudio.QualityTools.Tips.UnitTest.Adapter" className="Logitech.Dvs.Web.Test.CommerceServiceTests, Logitech.Dvs.Web.Test, Version=1.0.0.0, Culture=neutral, PublicKeyToken=null" name="GetProductRegistrationByUser_UserNotFound" />
    </UnitTest>
    <UnitTest name="UploadPut" storage="f:\teamcity\buildagent\work\eee3f59bf291369f\logitech\dvs\web\test\bin\debug\logitech.dvs.web.test.dll" id="1ad77f0e-72d8-5995-5e96-3842639e0339">
      <Css projectStructure="" iteration="" />
      <Description>Upload works with PUT as well as POST.</Description>
      <Owners>
        <Owner name="" />
      </Owners>
      <Execution id="bfa42a54-8d27-4e13-8dcb-f3ed18437fcc" />
      <TestMethod codeBase="F:/TeamCity/buildAgent/work/eee3f59bf291369f/Logitech/Dvs/Web/Test/bin/Debug/Logitech.Dvs.Web.Test.DLL" adapterTypeName="Microsoft.VisualStudio.TestTools.TestTypes.Unit.UnitTestAdapter, Microsoft.VisualStudio.QualityTools.Tips.UnitTest.Adapter" className="Logitech.Dvs.Web.Test.FileRelayServiceTests, Logitech.Dvs.Web.Test, Version=1.0.0.0, Culture=neutral, PublicKeyToken=null" name="UploadPut" />
    </UnitTest>
    <UnitTest name="AuthenticateTimeout" storage="f:\teamcity\buildagent\work\eee3f59bf291369f\logitech\dvs\web\test\bin\debug\logitech.dvs.web.test.dll" id="168ddae3-466e-5cb8-83af-2fff982941db">
      <Css projectStructure="" iteration="" />
      <Description>An expired nonce results in 401.</Description>
      <Owners>
        <Owner name="" />
      </Owners>
      <Execution id="817985cf-9505-4eee-bdc4-5f43407ba320" />
      <TestMethod codeBase="F:/TeamCity/buildAgent/work/eee3f59bf291369f/Logitech/Dvs/Web/Test/bin/Debug/Logitech.Dvs.Web.Test.DLL" adapterTypeName="Microsoft.VisualStudio.TestTools.TestTypes.Unit.UnitTestAdapter, Microsoft.VisualStudio.QualityTools.Tips.UnitTest.Adapter" className="Logitech.Dvs.Web.Test.DigestAuthenticationTest, Logitech.Dvs.Web.Test, Version=1.0.0.0, Culture=neutral, PublicKeyToken=null" name="AuthenticateTimeout" />
    </UnitTest>
    <UnitTest name="ShareToYouTubeStatusUrl" storage="f:\teamcity\buildagent\work\eee3f59bf291369f\logitech\dvs\web\test\bin\debug\logitech.dvs.web.test.dll" id="0c75538e-6245-5a11-2362-69aeaa4d8c1e">
      <Css projectStructure="" iteration="" />
      <Description>ShareToYouTube strips any request query parameters when building the status location URL.</Description>
      <Owners>
        <Owner name="" />
      </Owners>
      <Execution id="4ecde586-3dd9-4da9-9b11-7143a94316ac" />
      <TestMethod codeBase="F:/TeamCity/buildAgent/work/eee3f59bf291369f/Logitech/Dvs/Web/Test/bin/Debug/Logitech.Dvs.Web.Test.DLL" adapterTypeName="Microsoft.VisualStudio.TestTools.TestTypes.Unit.UnitTestAdapter, Microsoft.VisualStudio.QualityTools.Tips.UnitTest.Adapter" className="Logitech.Dvs.Web.Test.ClipServiceTests, Logitech.Dvs.Web.Test, Version=1.0.0.0, Culture=neutral, PublicKeyToken=null" name="ShareToYouTubeStatusUrl" />
    </UnitTest>
    <UnitTest name="SiteNotFound" storage="f:\teamcity\buildagent\work\eee3f59bf291369f\logitech\dvs\web\test\bin\debug\logitech.dvs.web.test.dll" id="f9171202-42d3-e721-4a22-d62f3021770b">
      <Css projectStructure="" iteration="" />
      <Description>WebProtocolException is thrown when the site is not found</Description>
      <Owners>
        <Owner name="" />
      </Owners>
      <Execution id="b1078a92-52d5-48cb-97af-57dc442983e3" />
      <TestMethod codeBase="F:/TeamCity/buildAgent/work/eee3f59bf291369f/Logitech/Dvs/Web/Test/bin/Debug/Logitech.Dvs.Web.Test.DLL" adapterTypeName="Microsoft.VisualStudio.TestTools.TestTypes.Unit.UnitTestAdapter, Microsoft.VisualStudio.QualityTools.Tips.UnitTest.Adapter" className="Logitech.Dvs.Web.Test.SiteServiceTests, Logitech.Dvs.Web.Test, Version=1.0.0.0, Culture=neutral, PublicKeyToken=null" name="SiteNotFound" expectedException="Logitech.Dvs.Web.Services.WebProtocolException, Logitech.Dvs.Web, Version=1.0.3860.27695, Culture=neutral, PublicKeyToken=null" />
    </UnitTest>
    <UnitTest name="SupportAdminReturns2" storage="f:\teamcity\buildagent\work\eee3f59bf291369f\logitech\dvs\web\test\bin\debug\logitech.dvs.web.test.dll" id="c4cf1838-9271-c8fd-5d32-06e589f77ae9">
      <Css projectStructure="" iteration="" />
      <Owners>
        <Owner name="" />
      </Owners>
      <Execution id="ee4dbd60-385a-4852-9874-318afe690eb9" />
      <TestMethod codeBase="F:/TeamCity/buildAgent/work/eee3f59bf291369f/Logitech/Dvs/Web/Test/bin/Debug/Logitech.Dvs.Web.Test.DLL" adapterTypeName="Microsoft.VisualStudio.TestTools.TestTypes.Unit.UnitTestAdapter, Microsoft.VisualStudio.QualityTools.Tips.UnitTest.Adapter" className="Logitech.Dvs.Web.Test.SupportServiceTests, Logitech.Dvs.Web.Test, Version=1.0.0.0, Culture=neutral, PublicKeyToken=null" name="SupportAdminReturns2" />
    </UnitTest>
    <UnitTest name="TestMethod1" storage="f:\teamcity\buildagent\work\eee3f59bf291369f\logitech\dvs\test\bin\debug\logitech.dvs.test.dll" id="d442d58e-79e8-e6ae-b630-2c8b21787a00">
      <Css projectStructure="" iteration="" />
      <Owners>
        <Owner name="" />
      </Owners>
      <Execution id="bcace812-bf8f-4a36-b570-6dcecaddfcf1" />
      <TestMethod codeBase="F:/TeamCity/buildAgent/work/eee3f59bf291369f/Logitech/Dvs/Test/bin/Debug/Logitech.Dvs.Test.DLL" adapterTypeName="Microsoft.VisualStudio.TestTools.TestTypes.Unit.UnitTestAdapter, Microsoft.VisualStudio.QualityTools.Tips.UnitTest.Adapter" className="Logitech.Dvs.Test.FluentXmlExtensionsExamples, Logitech.Dvs.Test, Version=1.0.0.0, Culture=neutral, PublicKeyToken=null" name="TestMethod1" />
    </UnitTest>
    <UnitTest name="DeliveryDestIsSet" storage="f:\teamcity\buildagent\work\eee3f59bf291369f\logitech\dvs\web\test\bin\debug\logitech.dvs.web.test.dll" id="7f02a2e9-9c6e-70e0-f97a-6e9e560692ef">
      <Css projectStructure="" iteration="" />
      <Owners>
        <Owner name="" />
      </Owners>
      <Execution id="b425c4ae-5711-4ab5-8ae3-2e16bcacec64" />
      <TestMethod codeBase="F:/TeamCity/buildAgent/work/eee3f59bf291369f/Logitech/Dvs/Web/Test/bin/Debug/Logitech.Dvs.Web.Test.DLL" adapterTypeName="Microsoft.VisualStudio.TestTools.TestTypes.Unit.UnitTestAdapter, Microsoft.VisualStudio.QualityTools.Tips.UnitTest.Adapter" className="Logitech.Dvs.Web.Test.LiveStreamTests, Logitech.Dvs.Web.Test, Version=1.0.0.0, Culture=neutral, PublicKeyToken=null" name="DeliveryDestIsSet" />
    </UnitTest>
    <UnitTest name="AddElementAppends" storage="f:\teamcity\buildagent\work\eee3f59bf291369f\logitech\dvs\test\bin\debug\logitech.dvs.test.dll" id="d58b18f6-c906-8409-28b3-c59523d9f8cd">
      <Css projectStructure="" iteration="" />
      <Description>Append appends and returns the new node</Description>
      <Owners>
        <Owner name="" />
      </Owners>
      <Execution id="53236e97-7c9b-4406-a376-41327ceaac89" />
      <TestMethod codeBase="F:/TeamCity/buildAgent/work/eee3f59bf291369f/Logitech/Dvs/Test/bin/Debug/Logitech.Dvs.Test.DLL" adapterTypeName="Microsoft.VisualStudio.TestTools.TestTypes.Unit.UnitTestAdapter, Microsoft.VisualStudio.QualityTools.Tips.UnitTest.Adapter" className="Logitech.Dvs.Test.FluentXmlExtensionsTest, Logitech.Dvs.Test, Version=1.0.0.0, Culture=neutral, PublicKeyToken=null" name="AddElementAppends" />
    </UnitTest>
    <UnitTest name="UploadSuccess" storage="f:\teamcity\buildagent\work\eee3f59bf291369f\logitech\dvs\web\test\bin\debug\logitech.dvs.web.test.dll" id="ea6b4794-2625-a974-63ae-fca965d525cf">
      <Css projectStructure="" iteration="" />
      <Description>Upload reports success (HTTP 201) when successful.</Description>
      <Owners>
        <Owner name="" />
      </Owners>
      <Execution id="2dbb966d-2eea-4ef0-b5a3-bab3735baf6d" />
      <TestMethod codeBase="F:/TeamCity/buildAgent/work/eee3f59bf291369f/Logitech/Dvs/Web/Test/bin/Debug/Logitech.Dvs.Web.Test.DLL" adapterTypeName="Microsoft.VisualStudio.TestTools.TestTypes.Unit.UnitTestAdapter, Microsoft.VisualStudio.QualityTools.Tips.UnitTest.Adapter" className="Logitech.Dvs.Web.Test.FileRelayServiceTests, Logitech.Dvs.Web.Test, Version=1.0.0.0, Culture=neutral, PublicKeyToken=null" name="UploadSuccess" />
    </UnitTest>
    <UnitTest name="GetKeyInfo_NotFound" storage="f:\teamcity\buildagent\work\eee3f59bf291369f\logitech\dvs\web\test\bin\debug\logitech.dvs.web.test.dll" id="c2ae881e-3393-2ae5-cc84-46766b44f89f">
      <Css projectStructure="" iteration="" />
      <Description>GetKeyInfo throws if the specified key is not in the database.</Description>
      <Owners>
        <Owner name="" />
      </Owners>
      <Execution id="8527c6b5-bd47-4afc-b181-2c6ac0559c04" />
      <TestMethod codeBase="F:/TeamCity/buildAgent/work/eee3f59bf291369f/Logitech/Dvs/Web/Test/bin/Debug/Logitech.Dvs.Web.Test.DLL" adapterTypeName="Microsoft.VisualStudio.TestTools.TestTypes.Unit.UnitTestAdapter, Microsoft.VisualStudio.QualityTools.Tips.UnitTest.Adapter" className="Logitech.Dvs.Web.Test.CommerceServiceTests, Logitech.Dvs.Web.Test, Version=1.0.0.0, Culture=neutral, PublicKeyToken=null" name="GetKeyInfo_NotFound" />
    </UnitTest>
    <UnitTest name="GetProductKeyBatches_All" storage="f:\teamcity\buildagent\work\eee3f59bf291369f\logitech\dvs\web\test\bin\debug\logitech.dvs.web.test.dll" id="7f169a47-9550-43de-1c38-f842fed96817">
      <Css projectStructure="" iteration="" />
      <Description>GetProductKeyBatches returns all batches when a batch ID is NOT specified.</Description>
      <Owners>
        <Owner name="" />
      </Owners>
      <Execution id="e017862e-90c7-4bef-9232-dc10423672a1" />
      <TestMethod codeBase="F:/TeamCity/buildAgent/work/eee3f59bf291369f/Logitech/Dvs/Web/Test/bin/Debug/Logitech.Dvs.Web.Test.DLL" adapterTypeName="Microsoft.VisualStudio.TestTools.TestTypes.Unit.UnitTestAdapter, Microsoft.VisualStudio.QualityTools.Tips.UnitTest.Adapter" className="Logitech.Dvs.Web.Test.CommerceServiceTests, Logitech.Dvs.Web.Test, Version=1.0.0.0, Culture=neutral, PublicKeyToken=null" name="GetProductKeyBatches_All" />
    </UnitTest>
    <UnitTest name="FileExistsWaitTimeout" storage="f:\teamcity\buildagent\work\eee3f59bf291369f\logitech\dvs\web\test\bin\debug\logitech.dvs.web.test.dll" id="5c80a589-7209-18be-719c-14a23504c60b">
      <Css projectStructure="" iteration="" />
      <Description>FileExists times out if the second file doesn't exist in time.</Description>
      <Owners>
        <Owner name="" />
      </Owners>
      <Execution id="acd69a5b-70ce-4761-aada-dc334f8ff0a0" />
      <TestMethod codeBase="F:/TeamCity/buildAgent/work/eee3f59bf291369f/Logitech/Dvs/Web/Test/bin/Debug/Logitech.Dvs.Web.Test.DLL" adapterTypeName="Microsoft.VisualStudio.TestTools.TestTypes.Unit.UnitTestAdapter, Microsoft.VisualStudio.QualityTools.Tips.UnitTest.Adapter" className="Logitech.Dvs.Web.Test.ReadChunkManagerTests, Logitech.Dvs.Web.Test, Version=1.0.0.0, Culture=neutral, PublicKeyToken=null" name="FileExistsWaitTimeout" />
    </UnitTest>
    <UnitTest name="UpdatePtz_BadMac" storage="f:\teamcity\buildagent\work\eee3f59bf291369f\logitech\dvs\web\test\bin\debug\logitech.dvs.web.test.dll" id="2e7bccd1-b47a-b397-f26a-9eb155e25d10">
      <Css projectStructure="" iteration="" />
      <Description>The camera service throws (400) for a bad MAC.</Description>
      <Owners>
        <Owner name="" />
      </Owners>
      <Execution id="9055ed67-3588-432b-8772-b626d6f2c254" />
      <TestMethod codeBase="F:/TeamCity/buildAgent/work/eee3f59bf291369f/Logitech/Dvs/Web/Test/bin/Debug/Logitech.Dvs.Web.Test.DLL" adapterTypeName="Microsoft.VisualStudio.TestTools.TestTypes.Unit.UnitTestAdapter, Microsoft.VisualStudio.QualityTools.Tips.UnitTest.Adapter" className="Logitech.Dvs.Web.Test.CameraServicePtzTests, Logitech.Dvs.Web.Test, Version=1.0.0.0, Culture=neutral, PublicKeyToken=null" name="UpdatePtz_BadMac" />
    </UnitTest>
    <UnitTest name="VideoFrameRateIsSet" storage="f:\teamcity\buildagent\work\eee3f59bf291369f\logitech\dvs\web\test\bin\debug\logitech.dvs.web.test.dll" id="e3ed0b31-aa5f-6ea0-57a8-da134d31838a">
      <Css projectStructure="" iteration="" />
      <Owners>
        <Owner name="" />
      </Owners>
      <Execution id="49ae8f97-240a-4bb2-a2ea-398f5d7529c0" />
      <TestMethod codeBase="F:/TeamCity/buildAgent/work/eee3f59bf291369f/Logitech/Dvs/Web/Test/bin/Debug/Logitech.Dvs.Web.Test.DLL" adapterTypeName="Microsoft.VisualStudio.TestTools.TestTypes.Unit.UnitTestAdapter, Microsoft.VisualStudio.QualityTools.Tips.UnitTest.Adapter" className="Logitech.Dvs.Web.Test.LiveStreamTests, Logitech.Dvs.Web.Test, Version=1.0.0.0, Culture=neutral, PublicKeyToken=null" name="VideoFrameRateIsSet" />
    </UnitTest>
    <UnitTest name="UpdatePtz_Offline" storage="f:\teamcity\buildagent\work\eee3f59bf291369f\logitech\dvs\web\test\bin\debug\logitech.dvs.web.test.dll" id="6f2087dd-eb51-1f55-f960-126972805a51">
      <Css projectStructure="" iteration="" />
      <Description>The camera service throws (503) for an offline camera.</Description>
      <Owners>
        <Owner name="" />
      </Owners>
      <Execution id="159f68ec-bbc0-40a1-bddd-fff31a8e5102" />
      <TestMethod codeBase="F:/TeamCity/buildAgent/work/eee3f59bf291369f/Logitech/Dvs/Web/Test/bin/Debug/Logitech.Dvs.Web.Test.DLL" adapterTypeName="Microsoft.VisualStudio.TestTools.TestTypes.Unit.UnitTestAdapter, Microsoft.VisualStudio.QualityTools.Tips.UnitTest.Adapter" className="Logitech.Dvs.Web.Test.CameraServicePtzTests, Logitech.Dvs.Web.Test, Version=1.0.0.0, Culture=neutral, PublicKeyToken=null" name="UpdatePtz_Offline" />
    </UnitTest>
    <UnitTest name="AddElemActionWorks" storage="f:\teamcity\buildagent\work\eee3f59bf291369f\logitech\dvs\test\bin\debug\logitech.dvs.test.dll" id="51fbb91b-7e28-46e2-e6cc-7d28e1440707">
      <Css projectStructure="" iteration="" />
      <Description>Calling add element with an action returns the parent node</Description>
      <Owners>
        <Owner name="" />
      </Owners>
      <Execution id="93b9648e-4a1a-499f-8c76-183fac75b16d" />
      <TestMethod codeBase="F:/TeamCity/buildAgent/work/eee3f59bf291369f/Logitech/Dvs/Test/bin/Debug/Logitech.Dvs.Test.DLL" adapterTypeName="Microsoft.VisualStudio.TestTools.TestTypes.Unit.UnitTestAdapter, Microsoft.VisualStudio.QualityTools.Tips.UnitTest.Adapter" className="Logitech.Dvs.Test.FluentXmlExtensionsTest, Logitech.Dvs.Test, Version=1.0.0.0, Culture=neutral, PublicKeyToken=null" name="AddElemActionWorks" />
    </UnitTest>
    <UnitTest name="DeleteNone" storage="f:\teamcity\buildagent\work\eee3f59bf291369f\logitech\dvs\web\test\bin\debug\logitech.dvs.web.test.dll" id="03458724-4303-c8c7-1a87-0c837a65e16e">
      <Css projectStructure="" iteration="" />
      <Description>Is OK to delete non-existent credentials (no exception thrown or anything).</Description>
      <Owners>
        <Owner name="" />
      </Owners>
      <Execution id="58a0622e-6c41-431f-9b4f-73c7fe5fac41" />
      <TestMethod codeBase="F:/TeamCity/buildAgent/work/eee3f59bf291369f/Logitech/Dvs/Web/Test/bin/Debug/Logitech.Dvs.Web.Test.DLL" adapterTypeName="Microsoft.VisualStudio.TestTools.TestTypes.Unit.UnitTestAdapter, Microsoft.VisualStudio.QualityTools.Tips.UnitTest.Adapter" className="Logitech.Dvs.Web.Test.Model.ExternalCredentialsTests, Logitech.Dvs.Web.Test, Version=1.0.0.0, Culture=neutral, PublicKeyToken=null" name="DeleteNone" />
    </UnitTest>
    <UnitTest name="BasePathSlash" storage="f:\teamcity\buildagent\work\eee3f59bf291369f\logitech\dvs\test\bin\debug\logitech.dvs.test.dll" id="7f8b07bd-34b9-36dd-2116-b96e4d1e9cc1">
      <Css projectStructure="" iteration="" />
      <Description>A path can't go outside of the storage's base path by starting with slash.</Description>
      <Owners>
        <Owner name="" />
      </Owners>
      <Execution id="cec2b7e4-9a8d-4dfb-aeaf-5abaa9ed858d" />
      <TestMethod codeBase="F:/TeamCity/buildAgent/work/eee3f59bf291369f/Logitech/Dvs/Test/bin/Debug/Logitech.Dvs.Test.DLL" adapterTypeName="Microsoft.VisualStudio.TestTools.TestTypes.Unit.UnitTestAdapter, Microsoft.VisualStudio.QualityTools.Tips.UnitTest.Adapter" className="Logitech.Dvs.Test.FileSharedStorageTests, Logitech.Dvs.Test, Version=1.0.0.0, Culture=neutral, PublicKeyToken=null" name="BasePathSlash" />
    </UnitTest>
    <UnitTest name="ToUserEntity_NoIdentity" storage="f:\teamcity\buildagent\work\eee3f59bf291369f\logitech\dvs\test\bin\debug\logitech.dvs.test.dll" id="2e3267d0-16d6-d860-2bdb-182011c7cebb">
      <Css projectStructure="" iteration="" />
      <Owners>
        <Owner name="" />
      </Owners>
      <Execution id="91b76bb1-59ea-4d52-a749-ed54ff6cd36a" />
      <TestMethod codeBase="F:/TeamCity/buildAgent/work/eee3f59bf291369f/Logitech/Dvs/Test/bin/Debug/Logitech.Dvs.Test.DLL" adapterTypeName="Microsoft.VisualStudio.TestTools.TestTypes.Unit.UnitTestAdapter, Microsoft.VisualStudio.QualityTools.Tips.UnitTest.Adapter" className="Logitech.Dvs.Entities.Test.DvsEntityContextTests, Logitech.Dvs.Test, Version=1.0.0.0, Culture=neutral, PublicKeyToken=null" name="ToUserEntity_NoIdentity" />
    </UnitTest>
    <UnitTest name="WrongAuthException" storage="f:\teamcity\buildagent\work\eee3f59bf291369f\logitech\dvs\web\test\bin\debug\logitech.dvs.web.test.dll" id="63a06ed0-cd92-4874-b1ad-11914267baf0">
      <Css projectStructure="" iteration="" />
      <Description>AuthenticateCurrentRequest throws an exception 400 for non 'Digest' authorization.</Description>
      <Owners>
        <Owner name="" />
      </Owners>
      <Execution id="40aa49e3-b9e7-4ff5-829b-885e3615e318" />
      <TestMethod codeBase="F:/TeamCity/buildAgent/work/eee3f59bf291369f/Logitech/Dvs/Web/Test/bin/Debug/Logitech.Dvs.Web.Test.DLL" adapterTypeName="Microsoft.VisualStudio.TestTools.TestTypes.Unit.UnitTestAdapter, Microsoft.VisualStudio.QualityTools.Tips.UnitTest.Adapter" className="Logitech.Dvs.Web.Test.DigestAuthenticationTest, Logitech.Dvs.Web.Test, Version=1.0.0.0, Culture=neutral, PublicKeyToken=null" name="WrongAuthException" />
    </UnitTest>
    <UnitTest name="SourceProtocolIsSet" storage="f:\teamcity\buildagent\work\eee3f59bf291369f\logitech\dvs\web\test\bin\debug\logitech.dvs.web.test.dll" id="78757e75-020b-af27-ebe6-65a70ed793a5">
      <Css projectStructure="" iteration="" />
      <Owners>
        <Owner name="" />
      </Owners>
      <Execution id="2b395fe4-d3f2-4330-905e-f6056060916e" />
      <TestMethod codeBase="F:/TeamCity/buildAgent/work/eee3f59bf291369f/Logitech/Dvs/Web/Test/bin/Debug/Logitech.Dvs.Web.Test.DLL" adapterTypeName="Microsoft.VisualStudio.TestTools.TestTypes.Unit.UnitTestAdapter, Microsoft.VisualStudio.QualityTools.Tips.UnitTest.Adapter" className="Logitech.Dvs.Web.Test.LiveStreamTests, Logitech.Dvs.Web.Test, Version=1.0.0.0, Culture=neutral, PublicKeyToken=null" name="SourceProtocolIsSet" />
    </UnitTest>
    <UnitTest name="AudioSampleRateIsSet" storage="f:\teamcity\buildagent\work\eee3f59bf291369f\logitech\dvs\web\test\bin\debug\logitech.dvs.web.test.dll" id="ef282fc4-46d5-2c94-82a3-354aa05a9fa3">
      <Css projectStructure="" iteration="" />
      <Owners>
        <Owner name="" />
      </Owners>
      <Execution id="11961f02-41ae-4988-acee-e88c58c6b61d" />
      <TestMethod codeBase="F:/TeamCity/buildAgent/work/eee3f59bf291369f/Logitech/Dvs/Web/Test/bin/Debug/Logitech.Dvs.Web.Test.DLL" adapterTypeName="Microsoft.VisualStudio.TestTools.TestTypes.Unit.UnitTestAdapter, Microsoft.VisualStudio.QualityTools.Tips.UnitTest.Adapter" className="Logitech.Dvs.Web.Test.LiveStreamTests, Logitech.Dvs.Web.Test, Version=1.0.0.0, Culture=neutral, PublicKeyToken=null" name="AudioSampleRateIsSet" />
    </UnitTest>
    <UnitTest name="SingleActiveTrial" storage="f:\teamcity\buildagent\work\eee3f59bf291369f\logitech\dvs\web\test\bin\debug\logitech.dvs.web.test.dll" id="f7b4e2ba-beed-bf74-b0b0-da6e95d92999">
      <Css projectStructure="" iteration="" />
      <Owners>
        <Owner name="" />
      </Owners>
      <Execution id="f6904484-3eb1-4c66-83d6-76e22cc2508e" />
      <TestMethod codeBase="F:/TeamCity/buildAgent/work/eee3f59bf291369f/Logitech/Dvs/Web/Test/bin/Debug/Logitech.Dvs.Web.Test.DLL" adapterTypeName="Microsoft.VisualStudio.TestTools.TestTypes.Unit.UnitTestAdapter, Microsoft.VisualStudio.QualityTools.Tips.UnitTest.Adapter" className="Logitech.Dvs.Web.Test.FeatureSecurityServiceTests, Logitech.Dvs.Web.Test, Version=1.0.0.0, Culture=neutral, PublicKeyToken=null" name="SingleActiveTrial" />
    </UnitTest>
    <UnitTest name="ShareToYouTubeFromCameraOffline" storage="f:\teamcity\buildagent\work\eee3f59bf291369f\logitech\dvs\web\test\bin\debug\logitech.dvs.web.test.dll" id="ead6d0a1-2d67-d804-d619-bd9048475f66">
      <Css projectStructure="" iteration="" />
      <Description>ShareToYouTube throws (503) if the clip needs to come from the camera, but the camera is offline.</Description>
      <Owners>
        <Owner name="" />
      </Owners>
      <Execution id="902d5b14-d01a-41b8-97ba-46a58600ab6a" />
      <TestMethod codeBase="F:/TeamCity/buildAgent/work/eee3f59bf291369f/Logitech/Dvs/Web/Test/bin/Debug/Logitech.Dvs.Web.Test.DLL" adapterTypeName="Microsoft.VisualStudio.TestTools.TestTypes.Unit.UnitTestAdapter, Microsoft.VisualStudio.QualityTools.Tips.UnitTest.Adapter" className="Logitech.Dvs.Web.Test.ClipServiceTests, Logitech.Dvs.Web.Test, Version=1.0.0.0, Culture=neutral, PublicKeyToken=null" name="ShareToYouTubeFromCameraOffline" />
    </UnitTest>
    <UnitTest name="GetQueryIndexParam_OutOfRange" storage="f:\teamcity\buildagent\work\eee3f59bf291369f\logitech\dvs\web\test\bin\debug\logitech.dvs.web.test.dll" id="d08e75d3-cf16-798f-e223-fbe200d2c1c1">
      <Css projectStructure="" iteration="" />
      <Description>GetQueryIndexParam throws if invalid</Description>
      <Owners>
        <Owner name="" />
      </Owners>
      <Execution id="f75d4d02-664a-4c5e-b597-30d4553117f9" />
      <TestMethod codeBase="F:/TeamCity/buildAgent/work/eee3f59bf291369f/Logitech/Dvs/Web/Test/bin/Debug/Logitech.Dvs.Web.Test.DLL" adapterTypeName="Microsoft.VisualStudio.TestTools.TestTypes.Unit.UnitTestAdapter, Microsoft.VisualStudio.QualityTools.Tips.UnitTest.Adapter" className="Logitech.Dvs.Web.Test.SupportServiceTests, Logitech.Dvs.Web.Test, Version=1.0.0.0, Culture=neutral, PublicKeyToken=null" name="GetQueryIndexParam_OutOfRange" />
    </UnitTest>
    <UnitTest name="VideoResolutionIsSet" storage="f:\teamcity\buildagent\work\eee3f59bf291369f\logitech\dvs\web\test\bin\debug\logitech.dvs.web.test.dll" id="ebaa38d9-78f1-2484-c953-ca9c91ece858">
      <Css projectStructure="" iteration="" />
      <Owners>
        <Owner name="" />
      </Owners>
      <Execution id="181dc4be-6c7e-465c-941d-ce9785ba8ed5" />
      <TestMethod codeBase="F:/TeamCity/buildAgent/work/eee3f59bf291369f/Logitech/Dvs/Web/Test/bin/Debug/Logitech.Dvs.Web.Test.DLL" adapterTypeName="Microsoft.VisualStudio.TestTools.TestTypes.Unit.UnitTestAdapter, Microsoft.VisualStudio.QualityTools.Tips.UnitTest.Adapter" className="Logitech.Dvs.Web.Test.LiveStreamTests, Logitech.Dvs.Web.Test, Version=1.0.0.0, Culture=neutral, PublicKeyToken=null" name="VideoResolutionIsSet" />
    </UnitTest>
    <UnitTest name="FirmwareHistoryUnchanged" storage="f:\teamcity\buildagent\work\eee3f59bf291369f\logitech\dvs\web\test\bin\debug\logitech.dvs.web.test.dll" id="fefcc614-4c62-f6bc-f523-9ca73806c1f6">
      <Css projectStructure="" iteration="" />
      <Description>A new firmware history entry is NOT created if the firmware version is the same.</Description>
      <Owners>
        <Owner name="" />
      </Owners>
      <Execution id="8a0eaf6f-22d9-4788-a55f-73d0d773aae2" />
      <TestMethod codeBase="F:/TeamCity/buildAgent/work/eee3f59bf291369f/Logitech/Dvs/Web/Test/bin/Debug/Logitech.Dvs.Web.Test.DLL" adapterTypeName="Microsoft.VisualStudio.TestTools.TestTypes.Unit.UnitTestAdapter, Microsoft.VisualStudio.QualityTools.Tips.UnitTest.Adapter" className="Logitech.Dvs.Web.Test.CameraAdapterTests, Logitech.Dvs.Web.Test, Version=1.0.0.0, Culture=neutral, PublicKeyToken=null" name="FirmwareHistoryUnchanged" />
    </UnitTest>
    <UnitTest name="GetKeyInfo_Unused" storage="f:\teamcity\buildagent\work\eee3f59bf291369f\logitech\dvs\web\test\bin\debug\logitech.dvs.web.test.dll" id="23740ab9-b7c2-41f2-8170-04e024ac10b1">
      <Css projectStructure="" iteration="" />
      <Description>GetKetInfo returns detail information about an unused key.</Description>
      <Owners>
        <Owner name="" />
      </Owners>
      <Execution id="52cdaea4-4a36-425d-882d-9f4b0d672ac1" />
      <TestMethod codeBase="F:/TeamCity/buildAgent/work/eee3f59bf291369f/Logitech/Dvs/Web/Test/bin/Debug/Logitech.Dvs.Web.Test.DLL" adapterTypeName="Microsoft.VisualStudio.TestTools.TestTypes.Unit.UnitTestAdapter, Microsoft.VisualStudio.QualityTools.Tips.UnitTest.Adapter" className="Logitech.Dvs.Web.Test.CommerceServiceTests, Logitech.Dvs.Web.Test, Version=1.0.0.0, Culture=neutral, PublicKeyToken=null" name="GetKeyInfo_Unused" />
    </UnitTest>
    <UnitTest name="NewSite" storage="f:\teamcity\buildagent\work\eee3f59bf291369f\logitech\dvs\web\test\bin\debug\logitech.dvs.web.test.dll" id="6260aa57-2cae-adbd-f1dd-70318daac66e">
      <Css projectStructure="" iteration="" />
      <Description>The camera's site is created if it doesn't exist.</Description>
      <Owners>
        <Owner name="" />
      </Owners>
      <Execution id="f90b5b73-53e2-4f4c-a07a-58dae75dbf7b" />
      <TestMethod codeBase="F:/TeamCity/buildAgent/work/eee3f59bf291369f/Logitech/Dvs/Web/Test/bin/Debug/Logitech.Dvs.Web.Test.DLL" adapterTypeName="Microsoft.VisualStudio.TestTools.TestTypes.Unit.UnitTestAdapter, Microsoft.VisualStudio.QualityTools.Tips.UnitTest.Adapter" className="Logitech.Dvs.Web.Test.CameraServiceTest, Logitech.Dvs.Web.Test, Version=1.0.0.0, Culture=neutral, PublicKeyToken=null" name="NewSite" />
    </UnitTest>
    <UnitTest name="Mixed_IsAuthorized" storage="f:\teamcity\buildagent\work\eee3f59bf291369f\logitech\dvs\web\test\bin\debug\logitech.dvs.web.test.dll" id="d0678bf4-2056-ae5f-4669-b413a71c461d">
      <Css projectStructure="" iteration="" />
      <Owners>
        <Owner name="" />
      </Owners>
      <Execution id="def229cc-5d41-4ff4-a1ba-7e5e62bf46c3" />
      <TestMethod codeBase="F:/TeamCity/buildAgent/work/eee3f59bf291369f/Logitech/Dvs/Web/Test/bin/Debug/Logitech.Dvs.Web.Test.DLL" adapterTypeName="Microsoft.VisualStudio.TestTools.TestTypes.Unit.UnitTestAdapter, Microsoft.VisualStudio.QualityTools.Tips.UnitTest.Adapter" className="Logitech.Dvs.Web.Test.RoleSecurityAttributeTests, Logitech.Dvs.Web.Test, Version=1.0.0.0, Culture=neutral, PublicKeyToken=null" name="Mixed_IsAuthorized" />
    </UnitTest>
    <UnitTest name="GetClipNoMac" storage="f:\teamcity\buildagent\work\eee3f59bf291369f\logitech\dvs\web\test\bin\debug\logitech.dvs.web.test.dll" id="d0a0d892-a7ba-ac2a-3933-0195400ddf4c">
      <Css projectStructure="" iteration="" />
      <Description>GetClip throws (400) if the MAC address is not specified.</Description>
      <Owners>
        <Owner name="" />
      </Owners>
      <Execution id="1c3e0239-a778-41f1-9f97-b5b5e2d15afa" />
      <TestMethod codeBase="F:/TeamCity/buildAgent/work/eee3f59bf291369f/Logitech/Dvs/Web/Test/bin/Debug/Logitech.Dvs.Web.Test.DLL" adapterTypeName="Microsoft.VisualStudio.TestTools.TestTypes.Unit.UnitTestAdapter, Microsoft.VisualStudio.QualityTools.Tips.UnitTest.Adapter" className="Logitech.Dvs.Web.Test.ClipServiceTests, Logitech.Dvs.Web.Test, Version=1.0.0.0, Culture=neutral, PublicKeyToken=null" name="GetClipNoMac" />
    </UnitTest>
    <UnitTest name="GenerateLength" storage="f:\teamcity\buildagent\work\eee3f59bf291369f\logitech\dvs\web\test\bin\debug\logitech.dvs.web.test.dll" id="a84e5524-425b-ae82-9880-d479660cb99e">
      <Css projectStructure="" iteration="" />
      <Description>Generate creates a product key of the expected length.</Description>
      <Owners>
        <Owner name="" />
      </Owners>
      <Execution id="99e73381-16c6-4e4e-a3b8-4edf28728b73" />
      <TestMethod codeBase="F:/TeamCity/buildAgent/work/eee3f59bf291369f/Logitech/Dvs/Web/Test/bin/Debug/Logitech.Dvs.Web.Test.DLL" adapterTypeName="Microsoft.VisualStudio.TestTools.TestTypes.Unit.UnitTestAdapter, Microsoft.VisualStudio.QualityTools.Tips.UnitTest.Adapter" className="Logitech.Dvs.Web.Test.ProductKeyGeneratorTest, Logitech.Dvs.Web.Test, Version=1.0.0.0, Culture=neutral, PublicKeyToken=null" name="GenerateLength" />
    </UnitTest>
    <UnitTest name="SupportManagerReturns1" storage="f:\teamcity\buildagent\work\eee3f59bf291369f\logitech\dvs\web\test\bin\debug\logitech.dvs.web.test.dll" id="2921dc7f-4373-4993-073b-6a02cff4cb8c">
      <Css projectStructure="" iteration="" />
      <Owners>
        <Owner name="" />
      </Owners>
      <Execution id="02f80867-fb26-440e-9b93-341566a76d83" />
      <TestMethod codeBase="F:/TeamCity/buildAgent/work/eee3f59bf291369f/Logitech/Dvs/Web/Test/bin/Debug/Logitech.Dvs.Web.Test.DLL" adapterTypeName="Microsoft.VisualStudio.TestTools.TestTypes.Unit.UnitTestAdapter, Microsoft.VisualStudio.QualityTools.Tips.UnitTest.Adapter" className="Logitech.Dvs.Web.Test.SupportServiceTests, Logitech.Dvs.Web.Test, Version=1.0.0.0, Culture=neutral, PublicKeyToken=null" name="SupportManagerReturns1" />
    </UnitTest>
    <UnitTest name="CreateOrUpdateCommander_MissingRequired" storage="f:\teamcity\buildagent\work\eee3f59bf291369f\logitech\dvs\web\test\bin\debug\logitech.dvs.web.test.dll" id="44d71be7-b245-d575-c4c9-f89a17afb55b">
      <Css projectStructure="" iteration="" />
      <Description>CreateOrUpdateCommander throws if empty argument</Description>
      <Owners>
        <Owner name="" />
      </Owners>
      <Execution id="92213a3d-3c7a-4644-ac07-80e1557ad513" />
      <TestMethod codeBase="F:/TeamCity/buildAgent/work/eee3f59bf291369f/Logitech/Dvs/Web/Test/bin/Debug/Logitech.Dvs.Web.Test.DLL" adapterTypeName="Microsoft.VisualStudio.TestTools.TestTypes.Unit.UnitTestAdapter, Microsoft.VisualStudio.QualityTools.Tips.UnitTest.Adapter" className="Logitech.Dvs.Web.Test.CommanderServiceTest, Logitech.Dvs.Web.Test, Version=1.0.0.0, Culture=neutral, PublicKeyToken=null" name="CreateOrUpdateCommander_MissingRequired" expectedException="Logitech.Dvs.Web.Services.WebProtocolException, Logitech.Dvs.Web, Version=1.0.3860.27695, Culture=neutral, PublicKeyToken=null" />
    </UnitTest>
    <UnitTest name="TestChangePasswordTemplate_TextOnly" storage="f:\teamcity\buildagent\work\eee3f59bf291369f\logitech\dvs\web\test\bin\debug\logitech.dvs.web.test.dll" id="963610ce-b904-2542-374d-4d57c3335e71">
      <Css projectStructure="" iteration="" />
      <Owners>
        <Owner name="" />
      </Owners>
      <Execution id="a40b555c-f27c-425b-bf18-1304d4c87294" />
      <TestMethod codeBase="F:/TeamCity/buildAgent/work/eee3f59bf291369f/Logitech/Dvs/Web/Test/bin/Debug/Logitech.Dvs.Web.Test.DLL" adapterTypeName="Microsoft.VisualStudio.TestTools.TestTypes.Unit.UnitTestAdapter, Microsoft.VisualStudio.QualityTools.Tips.UnitTest.Adapter" className="Logitech.Dvs.Web.Test.TemplateTests, Logitech.Dvs.Web.Test, Version=1.0.0.0, Culture=neutral, PublicKeyToken=null" name="TestChangePasswordTemplate_TextOnly" />
    </UnitTest>
    <UnitTest name="ShareUseSavedCredentials" storage="f:\teamcity\buildagent\work\eee3f59bf291369f\logitech\dvs\web\test\bin\debug\logitech.dvs.web.test.dll" id="c51a3e97-0f30-6103-8be0-b94c52f0fc95">
      <Css projectStructure="" iteration="" />
      <Description>Uses saved credentials if none are provided.</Description>
      <Owners>
        <Owner name="" />
      </Owners>
      <Execution id="5c84916f-b74e-4650-a662-bbef08cc1468" />
      <TestMethod codeBase="F:/TeamCity/buildAgent/work/eee3f59bf291369f/Logitech/Dvs/Web/Test/bin/Debug/Logitech.Dvs.Web.Test.DLL" adapterTypeName="Microsoft.VisualStudio.TestTools.TestTypes.Unit.UnitTestAdapter, Microsoft.VisualStudio.QualityTools.Tips.UnitTest.Adapter" className="Logitech.Dvs.Web.Test.Model.YouTubeServiceTests, Logitech.Dvs.Web.Test, Version=1.0.0.0, Culture=neutral, PublicKeyToken=null" name="ShareUseSavedCredentials" />
    </UnitTest>
    <UnitTest name="GetClipToDestination" storage="f:\teamcity\buildagent\work\eee3f59bf291369f\logitech\dvs\web\test\bin\debug\logitech.dvs.web.test.dll" id="cc2f3fe6-b4d5-e1b6-629f-bd067c4ac721">
      <Css projectStructure="" iteration="" />
      <Description>GetClip indirectly retrieves the clip from the camera if an upload destination is supplied.</Description>
      <Owners>
        <Owner name="" />
      </Owners>
      <Execution id="30975b3c-afd5-40d8-96ce-a8b53e625003" />
      <TestMethod codeBase="F:/TeamCity/buildAgent/work/eee3f59bf291369f/Logitech/Dvs/Web/Test/bin/Debug/Logitech.Dvs.Web.Test.DLL" adapterTypeName="Microsoft.VisualStudio.TestTools.TestTypes.Unit.UnitTestAdapter, Microsoft.VisualStudio.QualityTools.Tips.UnitTest.Adapter" className="Logitech.Dvs.Web.Test.ClipServiceTests, Logitech.Dvs.Web.Test, Version=1.0.0.0, Culture=neutral, PublicKeyToken=null" name="GetClipToDestination" />
    </UnitTest>
    <UnitTest name="GetActiationDateNoProducts" storage="f:\teamcity\buildagent\work\eee3f59bf291369f\logitech\dvs\web\test\bin\debug\logitech.dvs.web.test.dll" id="1d70fb29-a6ce-c166-350e-b1656e84572f">
      <Css projectStructure="" iteration="" />
      <Description>Validates that today is returned if there are no active products.</Description>
      <Owners>
        <Owner name="" />
      </Owners>
      <Execution id="42c3f0a7-fac4-4232-a071-19ac033c2439" />
      <TestMethod codeBase="F:/TeamCity/buildAgent/work/eee3f59bf291369f/Logitech/Dvs/Web/Test/bin/Debug/Logitech.Dvs.Web.Test.DLL" adapterTypeName="Microsoft.VisualStudio.TestTools.TestTypes.Unit.UnitTestAdapter, Microsoft.VisualStudio.QualityTools.Tips.UnitTest.Adapter" className="Logitech.Dvs.Web.Test.FeatureSecurityServiceTests, Logitech.Dvs.Web.Test, Version=1.0.0.0, Culture=neutral, PublicKeyToken=null" name="GetActiationDateNoProducts" />
    </UnitTest>
    <UnitTest name="FirmwareHistoryAdded" storage="f:\teamcity\buildagent\work\eee3f59bf291369f\logitech\dvs\web\test\bin\debug\logitech.dvs.web.test.dll" id="0cc04343-86bb-4fac-e2d4-a35c1c45ee8e">
      <Css projectStructure="" iteration="" />
      <Description>A new firmware history entry is created if the firmware version is different.</Description>
      <Owners>
        <Owner name="" />
      </Owners>
      <Execution id="67db219c-a016-43ca-8a6d-1f7a2a97cdfe" />
      <TestMethod codeBase="F:/TeamCity/buildAgent/work/eee3f59bf291369f/Logitech/Dvs/Web/Test/bin/Debug/Logitech.Dvs.Web.Test.DLL" adapterTypeName="Microsoft.VisualStudio.TestTools.TestTypes.Unit.UnitTestAdapter, Microsoft.VisualStudio.QualityTools.Tips.UnitTest.Adapter" className="Logitech.Dvs.Web.Test.CameraAdapterTests, Logitech.Dvs.Web.Test, Version=1.0.0.0, Culture=neutral, PublicKeyToken=null" name="FirmwareHistoryAdded" />
    </UnitTest>
    <UnitTest name="GetClipNoMediaId" storage="f:\teamcity\buildagent\work\eee3f59bf291369f\logitech\dvs\web\test\bin\debug\logitech.dvs.web.test.dll" id="874a76e0-6add-caba-b166-a609882e7ef9">
      <Css projectStructure="" iteration="" />
      <Description>GetClip throws (400) if the media id address is not specified.</Description>
      <Owners>
        <Owner name="" />
      </Owners>
      <Execution id="17cc9c30-0397-41b3-97c9-21f5af87a414" />
      <TestMethod codeBase="F:/TeamCity/buildAgent/work/eee3f59bf291369f/Logitech/Dvs/Web/Test/bin/Debug/Logitech.Dvs.Web.Test.DLL" adapterTypeName="Microsoft.VisualStudio.TestTools.TestTypes.Unit.UnitTestAdapter, Microsoft.VisualStudio.QualityTools.Tips.UnitTest.Adapter" className="Logitech.Dvs.Web.Test.ClipServiceTests, Logitech.Dvs.Web.Test, Version=1.0.0.0, Culture=neutral, PublicKeyToken=null" name="GetClipNoMediaId" />
    </UnitTest>
    <UnitTest name="GetActivationDateWithActiveProduct" storage="f:\teamcity\buildagent\work\eee3f59bf291369f\logitech\dvs\web\test\bin\debug\logitech.dvs.web.test.dll" id="991ea70c-9fd2-6c71-0387-a040154831e9">
      <Css projectStructure="" iteration="" />
      <Description>Validates that the correct activation date is returned when there is a single active product</Description>
      <Owners>
        <Owner name="" />
      </Owners>
      <Execution id="b36c4327-db06-4491-8a67-8a9db148dfb0" />
      <TestMethod codeBase="F:/TeamCity/buildAgent/work/eee3f59bf291369f/Logitech/Dvs/Web/Test/bin/Debug/Logitech.Dvs.Web.Test.DLL" adapterTypeName="Microsoft.VisualStudio.TestTools.TestTypes.Unit.UnitTestAdapter, Microsoft.VisualStudio.QualityTools.Tips.UnitTest.Adapter" className="Logitech.Dvs.Web.Test.FeatureSecurityServiceTests, Logitech.Dvs.Web.Test, Version=1.0.0.0, Culture=neutral, PublicKeyToken=null" name="GetActivationDateWithActiveProduct" />
    </UnitTest>
    <UnitTest name="GetCommandersByQuery_NoCommanders" storage="f:\teamcity\buildagent\work\eee3f59bf291369f\logitech\dvs\web\test\bin\debug\logitech.dvs.web.test.dll" id="dc24f8d1-60cf-2746-c86b-d4aa4be3990f">
      <Css projectStructure="" iteration="" />
      <Description>GetCommandersByQuery throws if username is not specified</Description>
      <Owners>
        <Owner name="" />
      </Owners>
      <Execution id="646b16ed-afb0-4bf0-a042-5283e835e2c1" />
      <TestMethod codeBase="F:/TeamCity/buildAgent/work/eee3f59bf291369f/Logitech/Dvs/Web/Test/bin/Debug/Logitech.Dvs.Web.Test.DLL" adapterTypeName="Microsoft.VisualStudio.TestTools.TestTypes.Unit.UnitTestAdapter, Microsoft.VisualStudio.QualityTools.Tips.UnitTest.Adapter" className="Logitech.Dvs.Web.Test.CommanderServiceTest, Logitech.Dvs.Web.Test, Version=1.0.0.0, Culture=neutral, PublicKeyToken=null" name="GetCommandersByQuery_NoCommanders" />
    </UnitTest>
    <UnitTest name="DirectivesValidated" storage="f:\teamcity\buildagent\work\eee3f59bf291369f\logitech\dvs\web\test\bin\debug\logitech.dvs.web.test.dll" id="79c6520b-60df-daec-348e-8a5e8490e908">
      <Css projectStructure="" iteration="" />
      <Description>ParseDirectives throws an exception 400 if a required directive is missing.</Description>
      <Owners>
        <Owner name="" />
      </Owners>
      <Execution id="1643f282-5190-4ada-a883-3fc770185108" />
      <TestMethod codeBase="F:/TeamCity/buildAgent/work/eee3f59bf291369f/Logitech/Dvs/Web/Test/bin/Debug/Logitech.Dvs.Web.Test.DLL" adapterTypeName="Microsoft.VisualStudio.TestTools.TestTypes.Unit.UnitTestAdapter, Microsoft.VisualStudio.QualityTools.Tips.UnitTest.Adapter" className="Logitech.Dvs.Web.Test.DigestAuthenticationTest, Logitech.Dvs.Web.Test, Version=1.0.0.0, Culture=neutral, PublicKeyToken=null" name="DirectivesValidated" />
    </UnitTest>
    <UnitTest name="GetKeyInfoForBatchCsv_BatchNotSpecified" storage="f:\teamcity\buildagent\work\eee3f59bf291369f\logitech\dvs\web\test\bin\debug\logitech.dvs.web.test.dll" id="9a645fad-61ea-6ebc-137d-303d7b9df07f">
      <Css projectStructure="" iteration="" />
      <Description>GetKeyInfoForBatchCsv throws if a batch ID is not specified.</Description>
      <Owners>
        <Owner name="" />
      </Owners>
      <Execution id="70926d84-0ab1-4d4f-9385-cc81b4430144" />
      <TestMethod codeBase="F:/TeamCity/buildAgent/work/eee3f59bf291369f/Logitech/Dvs/Web/Test/bin/Debug/Logitech.Dvs.Web.Test.DLL" adapterTypeName="Microsoft.VisualStudio.TestTools.TestTypes.Unit.UnitTestAdapter, Microsoft.VisualStudio.QualityTools.Tips.UnitTest.Adapter" className="Logitech.Dvs.Web.Test.CommerceServiceTests, Logitech.Dvs.Web.Test, Version=1.0.0.0, Culture=neutral, PublicKeyToken=null" name="GetKeyInfoForBatchCsv_BatchNotSpecified" />
    </UnitTest>
    <UnitTest name="GetClipInvalidMac" storage="f:\teamcity\buildagent\work\eee3f59bf291369f\logitech\dvs\web\test\bin\debug\logitech.dvs.web.test.dll" id="1b841d61-3d7d-abf3-781b-be8715bfe959">
      <Css projectStructure="" iteration="" />
      <Description>GetClip throws (400) if the MAC address is invalid.</Description>
      <Owners>
        <Owner name="" />
      </Owners>
      <Execution id="e1c76e1d-104c-4b9e-924b-88a19d51c02b" />
      <TestMethod codeBase="F:/TeamCity/buildAgent/work/eee3f59bf291369f/Logitech/Dvs/Web/Test/bin/Debug/Logitech.Dvs.Web.Test.DLL" adapterTypeName="Microsoft.VisualStudio.TestTools.TestTypes.Unit.UnitTestAdapter, Microsoft.VisualStudio.QualityTools.Tips.UnitTest.Adapter" className="Logitech.Dvs.Web.Test.ClipServiceTests, Logitech.Dvs.Web.Test, Version=1.0.0.0, Culture=neutral, PublicKeyToken=null" name="GetClipInvalidMac" />
    </UnitTest>
    <UnitTest name="Send_MapBadRequestPacketException" storage="f:\teamcity\buildagent\work\eee3f59bf291369f\logitech\dvs\messaging\test\bin\debug\logitech.dvs.messaging.test.dll" id="e8ec8686-660c-215e-5004-a69866cacf54">
      <Css projectStructure="" iteration="" />
      <Description>Send maps BadRequestPacketException to HTTP 400.</Description>
      <Owners>
        <Owner name="" />
      </Owners>
      <Execution id="d18551f3-bd7a-4bb6-936b-16acacd41446" />
      <TestMethod codeBase="F:/TeamCity/buildAgent/work/eee3f59bf291369f/Logitech/Dvs/Messaging/Test/bin/Debug/Logitech.Dvs.Messaging.Test.DLL" adapterTypeName="Microsoft.VisualStudio.TestTools.TestTypes.Unit.UnitTestAdapter, Microsoft.VisualStudio.QualityTools.Tips.UnitTest.Adapter" className="Logitech.Dvs.Messaging.Test.XmppMessageManagerTests, Logitech.Dvs.Messaging.Test, Version=1.0.0.0, Culture=neutral, PublicKeyToken=null" name="Send_MapBadRequestPacketException" />
    </UnitTest>
    <UnitTest name="FindCustomers_Last_Comma_First" storage="f:\teamcity\buildagent\work\eee3f59bf291369f\logitech\dvs\web\test\bin\debug\logitech.dvs.web.test.dll" id="64751159-550c-8189-f78b-5adf75923f85">
      <Css projectStructure="" iteration="" />
      <Description>Tests search by full starts with</Description>
      <Owners>
        <Owner name="" />
      </Owners>
      <Execution id="f64cbc4b-4908-4d01-aeb0-45e5f3cb1e5b" />
      <TestMethod codeBase="F:/TeamCity/buildAgent/work/eee3f59bf291369f/Logitech/Dvs/Web/Test/bin/Debug/Logitech.Dvs.Web.Test.DLL" adapterTypeName="Microsoft.VisualStudio.TestTools.TestTypes.Unit.UnitTestAdapter, Microsoft.VisualStudio.QualityTools.Tips.UnitTest.Adapter" className="Logitech.Dvs.Web.Test.SupportServiceTests, Logitech.Dvs.Web.Test, Version=1.0.0.0, Culture=neutral, PublicKeyToken=null" name="FindCustomers_Last_Comma_First" />
    </UnitTest>
    <UnitTest name="Remove" storage="f:\teamcity\buildagent\work\eee3f59bf291369f\logitech\dvs\test\bin\debug\logitech.dvs.test.dll" id="79be4d92-e6ca-5153-f6be-71fd3539dd42">
      <Css projectStructure="" iteration="" />
      <Description>Removes objects when requested.</Description>
      <Owners>
        <Owner name="" />
      </Owners>
      <Execution id="bc0d15cc-2ef4-4c0c-b473-d68b005c0038" />
      <TestMethod codeBase="F:/TeamCity/buildAgent/work/eee3f59bf291369f/Logitech/Dvs/Test/bin/Debug/Logitech.Dvs.Test.DLL" adapterTypeName="Microsoft.VisualStudio.TestTools.TestTypes.Unit.UnitTestAdapter, Microsoft.VisualStudio.QualityTools.Tips.UnitTest.Adapter" className="Logitech.Dvs.Test.FileObjectStoreTests, Logitech.Dvs.Test, Version=1.0.0.0, Culture=neutral, PublicKeyToken=null" name="Remove" />
    </UnitTest>
    <UnitTest name="GetClipFromStorage" storage="f:\teamcity\buildagent\work\eee3f59bf291369f\logitech\dvs\web\test\bin\debug\logitech.dvs.web.test.dll" id="a273857e-3436-ab8e-404f-38e200458464">
      <Css projectStructure="" iteration="" />
      <Description>GetClip successfully retrieves the specified clip from storage (when available) and redirects.</Description>
      <Owners>
        <Owner name="" />
      </Owners>
      <Execution id="ec8401f7-aab5-491a-baa1-75927cce0b6d" />
      <TestMethod codeBase="F:/TeamCity/buildAgent/work/eee3f59bf291369f/Logitech/Dvs/Web/Test/bin/Debug/Logitech.Dvs.Web.Test.DLL" adapterTypeName="Microsoft.VisualStudio.TestTools.TestTypes.Unit.UnitTestAdapter, Microsoft.VisualStudio.QualityTools.Tips.UnitTest.Adapter" className="Logitech.Dvs.Web.Test.ClipServiceTests, Logitech.Dvs.Web.Test, Version=1.0.0.0, Culture=neutral, PublicKeyToken=null" name="GetClipFromStorage" />
    </UnitTest>
    <UnitTest name="ShareAutoCategory" storage="f:\teamcity\buildagent\work\eee3f59bf291369f\logitech\dvs\web\test\bin\debug\logitech.dvs.web.test.dll" id="9b9befa1-a3d6-712a-1905-258907233e5a">
      <Css projectStructure="" iteration="" />
      <Description>Fills in a default category if none is provided when sharing.</Description>
      <Owners>
        <Owner name="" />
      </Owners>
      <Execution id="13b16943-05cc-4482-8b96-3eb69b43d9b2" />
      <TestMethod codeBase="F:/TeamCity/buildAgent/work/eee3f59bf291369f/Logitech/Dvs/Web/Test/bin/Debug/Logitech.Dvs.Web.Test.DLL" adapterTypeName="Microsoft.VisualStudio.TestTools.TestTypes.Unit.UnitTestAdapter, Microsoft.VisualStudio.QualityTools.Tips.UnitTest.Adapter" className="Logitech.Dvs.Web.Test.Model.YouTubeServiceTests, Logitech.Dvs.Web.Test, Version=1.0.0.0, Culture=neutral, PublicKeyToken=null" name="ShareAutoCategory" />
    </UnitTest>
    <UnitTest name="SingleExpiredProduct" storage="f:\teamcity\buildagent\work\eee3f59bf291369f\logitech\dvs\web\test\bin\debug\logitech.dvs.web.test.dll" id="295d52a1-362e-28c6-ee37-9fd12b2f8cdf">
      <Css projectStructure="" iteration="" />
      <Owners>
        <Owner name="" />
      </Owners>
      <Execution id="cafb83b2-2b54-41c3-8ee9-5939a3af5796" />
      <TestMethod codeBase="F:/TeamCity/buildAgent/work/eee3f59bf291369f/Logitech/Dvs/Web/Test/bin/Debug/Logitech.Dvs.Web.Test.DLL" adapterTypeName="Microsoft.VisualStudio.TestTools.TestTypes.Unit.UnitTestAdapter, Microsoft.VisualStudio.QualityTools.Tips.UnitTest.Adapter" className="Logitech.Dvs.Web.Test.FeatureSecurityServiceTests, Logitech.Dvs.Web.Test, Version=1.0.0.0, Culture=neutral, PublicKeyToken=null" name="SingleExpiredProduct" />
    </UnitTest>
    <UnitTest name="RegisterKey_NotFound" storage="f:\teamcity\buildagent\work\eee3f59bf291369f\logitech\dvs\web\test\bin\debug\logitech.dvs.web.test.dll" id="877f8104-6d9d-dc5b-a901-90e84066751e">
      <Css projectStructure="" iteration="" />
      <Description>RegisterKey throws if the supplied keys is not in the database.</Description>
      <Owners>
        <Owner name="" />
      </Owners>
      <Execution id="e40988c5-869e-4618-af14-efb4e12c96f6" />
      <TestMethod codeBase="F:/TeamCity/buildAgent/work/eee3f59bf291369f/Logitech/Dvs/Web/Test/bin/Debug/Logitech.Dvs.Web.Test.DLL" adapterTypeName="Microsoft.VisualStudio.TestTools.TestTypes.Unit.UnitTestAdapter, Microsoft.VisualStudio.QualityTools.Tips.UnitTest.Adapter" className="Logitech.Dvs.Web.Test.CommerceServiceTests, Logitech.Dvs.Web.Test, Version=1.0.0.0, Culture=neutral, PublicKeyToken=null" name="RegisterKey_NotFound" />
    </UnitTest>
    <UnitTest name="ShouldWrapMessageTrue" storage="f:\teamcity\buildagent\work\eee3f59bf291369f\logitech\dvs\web\test\bin\debug\logitech.dvs.web.test.dll" id="bdcc2a9e-b412-5da0-3283-a4f1f8da6a70">
      <Css projectStructure="" iteration="" />
      <Description>ShouldWrapMessage is true when the request header is there.</Description>
      <Owners>
        <Owner name="" />
      </Owners>
      <Execution id="5ae18b46-4702-4493-b17a-f6694a6e0185" />
      <TestMethod codeBase="F:/TeamCity/buildAgent/work/eee3f59bf291369f/Logitech/Dvs/Web/Test/bin/Debug/Logitech.Dvs.Web.Test.DLL" adapterTypeName="Microsoft.VisualStudio.TestTools.TestTypes.Unit.UnitTestAdapter, Microsoft.VisualStudio.QualityTools.Tips.UnitTest.Adapter" className="Logitech.Dvs.Web.Test.ResponseInspectorTests, Logitech.Dvs.Web.Test, Version=1.0.0.0, Culture=neutral, PublicKeyToken=null" name="ShouldWrapMessageTrue" />
    </UnitTest>
    <UnitTest name="Authenticate" storage="f:\teamcity\buildagent\work\eee3f59bf291369f\logitech\dvs\web\test\bin\debug\logitech.dvs.web.test.dll" id="c448e294-27ca-5c77-7be0-3b05bcecf41e">
      <Css projectStructure="" iteration="" />
      <Description>A request with a correct password digest is authenticated.</Description>
      <Owners>
        <Owner name="" />
      </Owners>
      <Execution id="598f5fb5-4ae6-4b13-8764-fd7df7af1811" />
      <TestMethod codeBase="F:/TeamCity/buildAgent/work/eee3f59bf291369f/Logitech/Dvs/Web/Test/bin/Debug/Logitech.Dvs.Web.Test.DLL" adapterTypeName="Microsoft.VisualStudio.TestTools.TestTypes.Unit.UnitTestAdapter, Microsoft.VisualStudio.QualityTools.Tips.UnitTest.Adapter" className="Logitech.Dvs.Web.Test.DigestAuthenticationTest, Logitech.Dvs.Web.Test, Version=1.0.0.0, Culture=neutral, PublicKeyToken=null" name="Authenticate" />
    </UnitTest>
    <UnitTest name="VideoMJPEGQualityIsSet" storage="f:\teamcity\buildagent\work\eee3f59bf291369f\logitech\dvs\web\test\bin\debug\logitech.dvs.web.test.dll" id="1bb2537b-773c-2405-ed5a-be582f0c0b68">
      <Css projectStructure="" iteration="" />
      <Owners>
        <Owner name="" />
      </Owners>
      <Execution id="f7d99c63-00d8-462b-84f8-074bc542c49f" />
      <TestMethod codeBase="F:/TeamCity/buildAgent/work/eee3f59bf291369f/Logitech/Dvs/Web/Test/bin/Debug/Logitech.Dvs.Web.Test.DLL" adapterTypeName="Microsoft.VisualStudio.TestTools.TestTypes.Unit.UnitTestAdapter, Microsoft.VisualStudio.QualityTools.Tips.UnitTest.Adapter" className="Logitech.Dvs.Web.Test.LiveStreamTests, Logitech.Dvs.Web.Test, Version=1.0.0.0, Culture=neutral, PublicKeyToken=null" name="VideoMJPEGQualityIsSet" />
    </UnitTest>
    <UnitTest name="NewCamera" storage="f:\teamcity\buildagent\work\eee3f59bf291369f\logitech\dvs\web\test\bin\debug\logitech.dvs.web.test.dll" id="0bb95ddf-3de8-3b78-14e8-ebc7525419ee">
      <Css projectStructure="" iteration="" />
      <Description>Updating a non-existent camera creates a new one.</Description>
      <Owners>
        <Owner name="" />
      </Owners>
      <Execution id="05bdfa06-ebf4-46e8-a03e-4a4f80e8cadc" />
      <TestMethod codeBase="F:/TeamCity/buildAgent/work/eee3f59bf291369f/Logitech/Dvs/Web/Test/bin/Debug/Logitech.Dvs.Web.Test.DLL" adapterTypeName="Microsoft.VisualStudio.TestTools.TestTypes.Unit.UnitTestAdapter, Microsoft.VisualStudio.QualityTools.Tips.UnitTest.Adapter" className="Logitech.Dvs.Web.Test.CameraAdapterTests, Logitech.Dvs.Web.Test, Version=1.0.0.0, Culture=neutral, PublicKeyToken=null" name="NewCamera" />
    </UnitTest>
  </TestDefinitions>
  <TestLists>
    <TestList name="Results Not in a List" id="8c84fa94-04c1-424b-9868-57a2d4851a1d" />
    <TestList name="All Loaded Results" id="19431567-8539-422a-85d7-44ee4e166bda" />
  </TestLists>
  <TestEntries>
    <TestEntry testId="70855c05-0b37-d8dd-ffc8-e452304d4a81" executionId="52a8c096-7a8e-405b-9312-3864142368c6" testListId="8c84fa94-04c1-424b-9868-57a2d4851a1d" />
    <TestEntry testId="639354b6-4554-f7fa-38c4-078b44a1ca73" executionId="f674cc7b-2363-4e5b-84aa-483efa58abfa" testListId="8c84fa94-04c1-424b-9868-57a2d4851a1d" />
    <TestEntry testId="09ba32c9-e8be-6716-7d60-6051ea86bc18" executionId="4da86b60-9c16-45cc-ac8f-e849605a3816" testListId="8c84fa94-04c1-424b-9868-57a2d4851a1d" />
    <TestEntry testId="95a13b7b-755e-0486-0916-4a7cb1dfef31" executionId="b392ebf9-c1a8-4572-9abf-b0cb06d37d9e" testListId="8c84fa94-04c1-424b-9868-57a2d4851a1d" />
    <TestEntry testId="e8ec8686-660c-215e-5004-a69866cacf54" executionId="d18551f3-bd7a-4bb6-936b-16acacd41446" testListId="8c84fa94-04c1-424b-9868-57a2d4851a1d" />
    <TestEntry testId="a9dc7890-55eb-2426-5b81-38033b5ebd70" executionId="360be316-ff62-4880-85a2-9991212b4eec" testListId="8c84fa94-04c1-424b-9868-57a2d4851a1d" />
    <TestEntry testId="f01ce4d8-38aa-75f1-c777-6c70e9a4cb95" executionId="293b5980-28f1-4d46-82b4-213d4d2f427f" testListId="8c84fa94-04c1-424b-9868-57a2d4851a1d" />
    <TestEntry testId="ed235918-3a30-22bf-d0e2-44751eb6e7d7" executionId="193d7127-27b4-49e0-8d64-f0da7a1dca9b" testListId="8c84fa94-04c1-424b-9868-57a2d4851a1d" />
    <TestEntry testId="518be02c-49a1-5076-9386-db85ba8943b6" executionId="e0eec3c6-1eb9-49f3-8df4-8d2fe198f322" testListId="8c84fa94-04c1-424b-9868-57a2d4851a1d" />
    <TestEntry testId="1cdb7743-0e12-84d8-a550-bf2fa200abaf" executionId="b992cb71-5bfb-455b-ba17-603be3f37e64" testListId="8c84fa94-04c1-424b-9868-57a2d4851a1d" />
    <TestEntry testId="5d72ab7b-73fc-1285-b391-26b440fe1f67" executionId="42ba136c-4779-4a7d-974e-0778f499ed0c" testListId="8c84fa94-04c1-424b-9868-57a2d4851a1d" />
    <TestEntry testId="6e502637-9f4c-e79e-8567-4cfa7a38f6f7" executionId="85d23df3-5b3a-42aa-985a-9a29fe5e3210" testListId="8c84fa94-04c1-424b-9868-57a2d4851a1d" />
    <TestEntry testId="ecce1bc3-8536-51d1-6a3c-e2bee57890b0" executionId="ef119594-7baf-4a41-be07-0b2e27ec7cb8" testListId="8c84fa94-04c1-424b-9868-57a2d4851a1d" />
    <TestEntry testId="be3f905e-2e4d-42b2-c4d7-859062ca4423" executionId="5acd70dd-1d19-4695-ac93-c9969061697d" testListId="8c84fa94-04c1-424b-9868-57a2d4851a1d" />
    <TestEntry testId="877e61ca-37c2-b7fb-09ce-64297537112e" executionId="0f5b6fd9-c286-45ea-84a7-0059e4824a99" testListId="8c84fa94-04c1-424b-9868-57a2d4851a1d" />
    <TestEntry testId="dff45c6f-43ca-2a0f-06f9-505cd94cd0ef" executionId="52162617-2564-40cc-8f87-a716096e0c26" testListId="8c84fa94-04c1-424b-9868-57a2d4851a1d" />
    <TestEntry testId="6bc2b4a9-b39c-59e9-6755-93cc4f936e54" executionId="a26c5b18-d3ca-498f-8916-08badfa8aebe" testListId="8c84fa94-04c1-424b-9868-57a2d4851a1d" />
    <TestEntry testId="c81dc2ae-5712-6f43-8f9a-99a6cf4c09c1" executionId="2dba2029-1a2e-45fc-b7ed-3e76a43685f2" testListId="8c84fa94-04c1-424b-9868-57a2d4851a1d" />
    <TestEntry testId="88e388c1-0aec-cc35-0f60-2b0fa01d6abe" executionId="3b9de46b-a549-47c4-8047-f2183aed2ba0" testListId="8c84fa94-04c1-424b-9868-57a2d4851a1d" />
    <TestEntry testId="64963739-3144-06e4-f320-267fea1cf93d" executionId="9fc8fa1e-04a0-4309-b85f-dc9d8181fb59" testListId="8c84fa94-04c1-424b-9868-57a2d4851a1d" />
    <TestEntry testId="66f41b72-5e75-2f83-64ea-e4a96925a996" executionId="a15af3d8-190f-4cc5-836f-111be3cb5d8b" testListId="8c84fa94-04c1-424b-9868-57a2d4851a1d" />
    <TestEntry testId="808bc6af-768a-bf8e-b55e-dd1b316cc6cb" executionId="a485b532-82d8-42c6-be8b-8dd95a1f617a" testListId="8c84fa94-04c1-424b-9868-57a2d4851a1d" />
    <TestEntry testId="b5fb0b11-94e4-f83c-09a2-0d5d1000db9c" executionId="82a6fbc4-aedf-4f52-acb0-486419e777ad" testListId="8c84fa94-04c1-424b-9868-57a2d4851a1d" />
    <TestEntry testId="2e3267d0-16d6-d860-2bdb-182011c7cebb" executionId="91b76bb1-59ea-4d52-a749-ed54ff6cd36a" testListId="8c84fa94-04c1-424b-9868-57a2d4851a1d" />
    <TestEntry testId="9fd375d6-0bf1-9596-fd59-ca163c89c6f6" executionId="80a64984-b7a6-430e-b3ab-c6ee1679d2f5" testListId="8c84fa94-04c1-424b-9868-57a2d4851a1d" />
    <TestEntry testId="1a1ad031-23a0-7e4e-0ece-2782c90931bb" executionId="27fbd9b9-ba05-43a2-be5a-bd03fcf7b67e" testListId="8c84fa94-04c1-424b-9868-57a2d4851a1d" />
    <TestEntry testId="4deea7c2-8522-9a90-9510-7c9e9f055fc3" executionId="69d38edc-32fc-477d-a29f-84d29c831dfe" testListId="8c84fa94-04c1-424b-9868-57a2d4851a1d" />
    <TestEntry testId="79be4d92-e6ca-5153-f6be-71fd3539dd42" executionId="bc0d15cc-2ef4-4c0c-b473-d68b005c0038" testListId="8c84fa94-04c1-424b-9868-57a2d4851a1d" />
    <TestEntry testId="4833eace-28d1-6cc3-2ee6-812c3df559f1" executionId="69e16bf6-e5b4-4761-80ef-20a3eebaa1b2" testListId="8c84fa94-04c1-424b-9868-57a2d4851a1d" />
    <TestEntry testId="50ade168-ed03-96f1-de8b-682574757345" executionId="70e39a7c-ae95-4093-accd-9dd787e4f412" testListId="8c84fa94-04c1-424b-9868-57a2d4851a1d" />
    <TestEntry testId="6726775e-8c94-6dc7-4475-35d32e3bf34f" executionId="905efd6c-ee34-4e49-afde-cb456671ef7f" testListId="8c84fa94-04c1-424b-9868-57a2d4851a1d" />
    <TestEntry testId="1f9ca9b4-13e6-901c-c158-48a46a802657" executionId="5f38cfe6-35b0-4ff6-87e4-375fd0b28412" testListId="8c84fa94-04c1-424b-9868-57a2d4851a1d" />
    <TestEntry testId="7f8b07bd-34b9-36dd-2116-b96e4d1e9cc1" executionId="cec2b7e4-9a8d-4dfb-aeaf-5abaa9ed858d" testListId="8c84fa94-04c1-424b-9868-57a2d4851a1d" />
    <TestEntry testId="4a17443d-6e12-7397-1ef3-38fbdcd2efdd" executionId="b6aa20d8-116c-4b3e-8843-be8f2b721353" testListId="8c84fa94-04c1-424b-9868-57a2d4851a1d" />
    <TestEntry testId="3f9ec110-78f8-d62b-ce33-f3a21e01968d" executionId="11923f20-7eb4-4ce2-8fad-db8146f9d357" testListId="8c84fa94-04c1-424b-9868-57a2d4851a1d" />
    <TestEntry testId="49ffba92-c8c3-ce4f-4843-8ebc2b9ed8ac" executionId="25d4b18a-3e19-4502-afd2-9c4847f53664" testListId="8c84fa94-04c1-424b-9868-57a2d4851a1d" />
    <TestEntry testId="a44a7fa8-33ab-6b63-92a6-f63ae4eb1fe0" executionId="69389681-1fe2-4ac9-8445-365b35ddb106" testListId="8c84fa94-04c1-424b-9868-57a2d4851a1d" />
    <TestEntry testId="64f30d2a-099b-5d9d-19de-bd769e909c13" executionId="042f88ba-d5c0-4783-beaa-7c82669d43d9" testListId="8c84fa94-04c1-424b-9868-57a2d4851a1d" />
    <TestEntry testId="d442d58e-79e8-e6ae-b630-2c8b21787a00" executionId="bcace812-bf8f-4a36-b570-6dcecaddfcf1" testListId="8c84fa94-04c1-424b-9868-57a2d4851a1d" />
    <TestEntry testId="59bd8471-ac8c-7cf1-7649-528da6ad711e" executionId="4ddf8723-f8e5-4e12-9c77-738852bca81f" testListId="8c84fa94-04c1-424b-9868-57a2d4851a1d" />
    <TestEntry testId="51fbb91b-7e28-46e2-e6cc-7d28e1440707" executionId="93b9648e-4a1a-499f-8c76-183fac75b16d" testListId="8c84fa94-04c1-424b-9868-57a2d4851a1d" />
    <TestEntry testId="d58b18f6-c906-8409-28b3-c59523d9f8cd" executionId="53236e97-7c9b-4406-a376-41327ceaac89" testListId="8c84fa94-04c1-424b-9868-57a2d4851a1d" />
    <TestEntry testId="6b3ff818-c30f-e5c1-89d9-f2f62fd3467f" executionId="7a9da979-f7c0-4ba0-8a72-9f26c18e1e58" testListId="8c84fa94-04c1-424b-9868-57a2d4851a1d" />
    <TestEntry testId="23f1fc44-c621-56c1-9c7f-7e5124c3a919" executionId="6e3070c4-37cb-4ec1-be77-2a2a41c092ec" testListId="8c84fa94-04c1-424b-9868-57a2d4851a1d" />
    <TestEntry testId="fb90422a-1b24-dcfe-4a94-a3092d18cec2" executionId="89390c9f-bdde-48e0-beb8-d86d94dcca6d" testListId="8c84fa94-04c1-424b-9868-57a2d4851a1d" />
    <TestEntry testId="bcacaa8d-7c9f-3762-0ab0-06c0f2d4905f" executionId="f068c9a2-0857-4426-9d56-77537c43912a" testListId="8c84fa94-04c1-424b-9868-57a2d4851a1d" />
    <TestEntry testId="5ebddcea-799f-7d9b-62d2-3ad4e9251e20" executionId="817d10a7-82ec-47f4-ba2f-c21f779088a4" testListId="8c84fa94-04c1-424b-9868-57a2d4851a1d" />
    <TestEntry testId="ab62b200-3fae-2611-c9e8-9e64498a9d71" executionId="5e656e68-2d84-4c26-9b5f-c8d89a03ae98" testListId="8c84fa94-04c1-424b-9868-57a2d4851a1d" />
    <TestEntry testId="0cc04343-86bb-4fac-e2d4-a35c1c45ee8e" executionId="67db219c-a016-43ca-8a6d-1f7a2a97cdfe" testListId="8c84fa94-04c1-424b-9868-57a2d4851a1d" />
    <TestEntry testId="fefcc614-4c62-f6bc-f523-9ca73806c1f6" executionId="8a0eaf6f-22d9-4788-a55f-73d0d773aae2" testListId="8c84fa94-04c1-424b-9868-57a2d4851a1d" />
    <TestEntry testId="0bb95ddf-3de8-3b78-14e8-ebc7525419ee" executionId="05bdfa06-ebf4-46e8-a03e-4a4f80e8cadc" testListId="8c84fa94-04c1-424b-9868-57a2d4851a1d" />
    <TestEntry testId="574ae352-c3c9-11fc-2da7-20681e7e5852" executionId="79d8919e-30cf-49d6-8e9a-58d3c5bb9e78" testListId="8c84fa94-04c1-424b-9868-57a2d4851a1d" />
    <TestEntry testId="b7276fff-df5f-5a75-7169-2b202b346391" executionId="d0fbcb7d-4fd1-4787-bac5-162b246bb9ab" testListId="8c84fa94-04c1-424b-9868-57a2d4851a1d" />
    <TestEntry testId="cbda8f7a-1968-7fba-4f4a-c5138c6fbfde" executionId="e2594d1b-4cb6-4b78-8bcf-0d395d204d55" testListId="8c84fa94-04c1-424b-9868-57a2d4851a1d" />
    <TestEntry testId="5eb54b2f-9683-cdf4-3c7e-ad145d00c238" executionId="42baf2d7-1913-49be-b613-718618a30ab7" testListId="8c84fa94-04c1-424b-9868-57a2d4851a1d" />
    <TestEntry testId="80cf5dc8-1b56-18fa-2f95-0106cd7b91ae" executionId="87945853-7f0c-45e8-bab9-f0ea42b050ec" testListId="8c84fa94-04c1-424b-9868-57a2d4851a1d" />
    <TestEntry testId="81acc424-ea9c-d33d-2904-befd3d439aa5" executionId="c4aeb61f-0595-48f8-99d0-b4bd8c7e75c1" testListId="8c84fa94-04c1-424b-9868-57a2d4851a1d" />
    <TestEntry testId="11404805-0fe9-77a0-0e57-aa2bf9bd1c9c" executionId="18cf86ec-9174-4173-be8c-ed4f6dfbcce8" testListId="8c84fa94-04c1-424b-9868-57a2d4851a1d" />
    <TestEntry testId="acc79031-2fc1-4511-9bad-1d454ab1bbe4" executionId="665d1324-a1b6-4e8a-9c71-88613ed5779f" testListId="8c84fa94-04c1-424b-9868-57a2d4851a1d" />
    <TestEntry testId="2e7bccd1-b47a-b397-f26a-9eb155e25d10" executionId="9055ed67-3588-432b-8772-b626d6f2c254" testListId="8c84fa94-04c1-424b-9868-57a2d4851a1d" />
    <TestEntry testId="5c1f2842-976f-d01c-3cb6-9ec39dbc41b3" executionId="8a196b4f-77cb-4df0-beb4-572db822fe23" testListId="8c84fa94-04c1-424b-9868-57a2d4851a1d" />
    <TestEntry testId="6f2087dd-eb51-1f55-f960-126972805a51" executionId="159f68ec-bbc0-40a1-bddd-fff31a8e5102" testListId="8c84fa94-04c1-424b-9868-57a2d4851a1d" />
    <TestEntry testId="5f09bad3-339e-410b-1044-aaab609c7e24" executionId="a60f3dfd-93bc-4eed-b5ab-26656b6ef8cf" testListId="8c84fa94-04c1-424b-9868-57a2d4851a1d" />
    <TestEntry testId="6260aa57-2cae-adbd-f1dd-70318daac66e" executionId="f90b5b73-53e2-4f4c-a07a-58dae75dbf7b" testListId="8c84fa94-04c1-424b-9868-57a2d4851a1d" />
    <TestEntry testId="1d69a0bd-660e-8631-d113-375ff2c1d013" executionId="c25baf9d-dd2d-4ab3-b292-09b69c4a4576" testListId="8c84fa94-04c1-424b-9868-57a2d4851a1d" />
    <TestEntry testId="1c11f909-62ad-d441-0117-d803de749d17" executionId="22753ec6-1ee8-44d6-bcb8-55425405af77" testListId="8c84fa94-04c1-424b-9868-57a2d4851a1d" />
    <TestEntry testId="b1a5dde0-902d-b14c-1978-2a18db98df95" executionId="7d01d62d-55ec-4bd8-92f6-13b99f6dcd97" testListId="8c84fa94-04c1-424b-9868-57a2d4851a1d" />
    <TestEntry testId="1c8f64df-5cc2-e4fc-7afb-1ee67d22e492" executionId="78cc58ef-1b12-4eb5-a352-19d6a958f193" testListId="8c84fa94-04c1-424b-9868-57a2d4851a1d" />
    <TestEntry testId="6d3e5c91-95f9-6859-be47-0bc8ba4028fc" executionId="8cc00492-7c24-4214-954b-2f5b0f2dae14" testListId="8c84fa94-04c1-424b-9868-57a2d4851a1d" />
    <TestEntry testId="db220476-c2ef-7fd1-d7d5-93c44f89dcf2" executionId="9a78ba16-4ffa-460f-ba81-00b41a354630" testListId="8c84fa94-04c1-424b-9868-57a2d4851a1d" />
    <TestEntry testId="1d223ebe-f7d0-e2e6-7aa3-42defe8090cf" executionId="d31dc9ef-dbc6-4244-880d-189d9aa6118a" testListId="8c84fa94-04c1-424b-9868-57a2d4851a1d" />
    <TestEntry testId="683e417f-2507-1743-f69e-0778e41d8d24" executionId="fa14af4f-7a10-4cc7-9e16-0c76da32f5eb" testListId="8c84fa94-04c1-424b-9868-57a2d4851a1d" />
    <TestEntry testId="a273857e-3436-ab8e-404f-38e200458464" executionId="ec8401f7-aab5-491a-baa1-75927cce0b6d" testListId="8c84fa94-04c1-424b-9868-57a2d4851a1d" />
    <TestEntry testId="f3b8b0ed-3a92-dcde-d586-2f841ba080e1" executionId="821ca473-d566-43b7-ba6f-a8253ea1ddf3" testListId="8c84fa94-04c1-424b-9868-57a2d4851a1d" />
    <TestEntry testId="1b841d61-3d7d-abf3-781b-be8715bfe959" executionId="e1c76e1d-104c-4b9e-924b-88a19d51c02b" testListId="8c84fa94-04c1-424b-9868-57a2d4851a1d" />
    <TestEntry testId="d0a0d892-a7ba-ac2a-3933-0195400ddf4c" executionId="1c3e0239-a778-41f1-9f97-b5b5e2d15afa" testListId="8c84fa94-04c1-424b-9868-57a2d4851a1d" />
    <TestEntry testId="874a76e0-6add-caba-b166-a609882e7ef9" executionId="17cc9c30-0397-41b3-97c9-21f5af87a414" testListId="8c84fa94-04c1-424b-9868-57a2d4851a1d" />
    <TestEntry testId="cc2f3fe6-b4d5-e1b6-629f-bd067c4ac721" executionId="30975b3c-afd5-40d8-96ce-a8b53e625003" testListId="8c84fa94-04c1-424b-9868-57a2d4851a1d" />
    <TestEntry testId="bc7849d6-7432-3f6c-1db1-f6508e4a160d" executionId="beb92c86-3824-44b5-94a3-ffef86d68f44" testListId="8c84fa94-04c1-424b-9868-57a2d4851a1d" />
    <TestEntry testId="8b354b68-7b53-b58a-5aab-f89685fe4cd9" executionId="4c8523c7-826e-4fec-8ad7-11680d862e26" testListId="8c84fa94-04c1-424b-9868-57a2d4851a1d" />
    <TestEntry testId="1b3c1621-47c1-c65d-cab3-63aef7adbcf0" executionId="dce62ec1-2621-41cf-979a-1483761e1dcb" testListId="8c84fa94-04c1-424b-9868-57a2d4851a1d" />
    <TestEntry testId="854cb603-e1d6-242f-f7a7-88ce1a807ce4" executionId="c3d2771a-ab05-43a8-aa4d-76319c108f4a" testListId="8c84fa94-04c1-424b-9868-57a2d4851a1d" />
    <TestEntry testId="273c51e5-436e-07ec-c4de-7e993c2a8d2b" executionId="8edf0b35-3134-4350-981d-58470e66dd7f" testListId="8c84fa94-04c1-424b-9868-57a2d4851a1d" />
    <TestEntry testId="ead6d0a1-2d67-d804-d619-bd9048475f66" executionId="902d5b14-d01a-41b8-97ba-46a58600ab6a" testListId="8c84fa94-04c1-424b-9868-57a2d4851a1d" />
    <TestEntry testId="c9aef68e-bd08-efc0-48b9-27308c13eedd" executionId="6b379972-6dd7-46fd-ae68-a1ccf427e8e4" testListId="8c84fa94-04c1-424b-9868-57a2d4851a1d" />
    <TestEntry testId="12112d10-bfa9-6e97-b9d5-6230b9765721" executionId="0c400daf-2611-49bb-8ff8-aa4ba572e707" testListId="8c84fa94-04c1-424b-9868-57a2d4851a1d" />
    <TestEntry testId="e0b27599-69f7-70dc-ed6c-0fbff189e920" executionId="2c0fa857-db48-410f-9256-e09e9640fb6f" testListId="8c84fa94-04c1-424b-9868-57a2d4851a1d" />
    <TestEntry testId="0b97ae0d-78af-cc90-0f7d-5e1556a074d6" executionId="27d50417-6112-47c4-8728-257d6ed3f13f" testListId="8c84fa94-04c1-424b-9868-57a2d4851a1d" />
    <TestEntry testId="0c75538e-6245-5a11-2362-69aeaa4d8c1e" executionId="4ecde586-3dd9-4da9-9b11-7143a94316ac" testListId="8c84fa94-04c1-424b-9868-57a2d4851a1d" />
    <TestEntry testId="ec57ae2a-31ba-68e8-f889-184e5dfdeeca" executionId="8ac2ab58-4f55-44c9-bd36-4be458555469" testListId="8c84fa94-04c1-424b-9868-57a2d4851a1d" />
    <TestEntry testId="18b21502-278f-0892-5036-e12d53815dc8" executionId="b2e893ed-4ab1-4ba1-af80-cbb0931df5f3" testListId="8c84fa94-04c1-424b-9868-57a2d4851a1d" />
    <TestEntry testId="a886a3f6-2e83-9e31-a598-f40941cfadf5" executionId="4729ea81-aa82-4cf3-8c56-94acf537d577" testListId="8c84fa94-04c1-424b-9868-57a2d4851a1d" />
    <TestEntry testId="44d71be7-b245-d575-c4c9-f89a17afb55b" executionId="92213a3d-3c7a-4644-ac07-80e1557ad513" testListId="8c84fa94-04c1-424b-9868-57a2d4851a1d" />
    <TestEntry testId="3d58a5bc-9d47-e40c-5786-00ca639a7b45" executionId="9c22c8d0-914c-4190-9496-762168b4e8f4" testListId="8c84fa94-04c1-424b-9868-57a2d4851a1d" />
    <TestEntry testId="6ddda81a-f353-b869-8e0a-8e97698408c0" executionId="d34d7057-39c8-4371-9e25-634a2bafd42a" testListId="8c84fa94-04c1-424b-9868-57a2d4851a1d" />
    <TestEntry testId="73765fb5-e537-2360-5ff9-00438445ccf5" executionId="4d1c6cc4-779c-48d1-b550-b1a318d84fc7" testListId="8c84fa94-04c1-424b-9868-57a2d4851a1d" />
    <TestEntry testId="71b7f9d2-97a0-198e-fac5-70f598b5e8e8" executionId="7ec17fcf-37ff-4ad6-997a-841e3a7abe18" testListId="8c84fa94-04c1-424b-9868-57a2d4851a1d" />
    <TestEntry testId="c44aa344-3638-b23c-8c07-deee8e2854f8" executionId="c6b06ba2-a682-4de5-bc63-56181b42cdd1" testListId="8c84fa94-04c1-424b-9868-57a2d4851a1d" />
    <TestEntry testId="dc24f8d1-60cf-2746-c86b-d4aa4be3990f" executionId="646b16ed-afb0-4bf0-a042-5283e835e2c1" testListId="8c84fa94-04c1-424b-9868-57a2d4851a1d" />
    <TestEntry testId="f04869ad-9bdb-81c6-6188-b360687a0841" executionId="c1893d77-2438-4dd5-97f0-1b5cfca91e38" testListId="8c84fa94-04c1-424b-9868-57a2d4851a1d" />
    <TestEntry testId="7d8a69f3-46d6-dff8-c392-55bd86aefbf7" executionId="2bb3a145-e809-4513-94ad-e923f3e8ba51" testListId="8c84fa94-04c1-424b-9868-57a2d4851a1d" />
    <TestEntry testId="f30c2e91-b62b-7795-cc3e-759b7cca1a28" executionId="d4a3a3f1-1956-4239-b129-420c1942f943" testListId="8c84fa94-04c1-424b-9868-57a2d4851a1d" />
    <TestEntry testId="48a56666-8ed2-c485-c1a0-6be47602de4f" executionId="168db4da-e8f1-43b9-9623-9cad3182c094" testListId="8c84fa94-04c1-424b-9868-57a2d4851a1d" />
    <TestEntry testId="fd7f76d6-e3b0-5ad4-a284-348b4d24f2ee" executionId="32c0b03a-1a00-4bdc-a0bb-11c11302eab8" testListId="8c84fa94-04c1-424b-9868-57a2d4851a1d" />
    <TestEntry testId="d28a125a-f8d9-3a83-2820-d38fd4a8cf84" executionId="a053fcc6-11d2-440e-bff2-f74c3559aac7" testListId="8c84fa94-04c1-424b-9868-57a2d4851a1d" />
    <TestEntry testId="56d52520-8e5d-d88e-44b3-acef93ef55bc" executionId="5121ca76-401a-41ff-9dab-5a5a97a86c26" testListId="8c84fa94-04c1-424b-9868-57a2d4851a1d" />
    <TestEntry testId="c2ae881e-3393-2ae5-cc84-46766b44f89f" executionId="8527c6b5-bd47-4afc-b181-2c6ac0559c04" testListId="8c84fa94-04c1-424b-9868-57a2d4851a1d" />
    <TestEntry testId="23740ab9-b7c2-41f2-8170-04e024ac10b1" executionId="52cdaea4-4a36-425d-882d-9f4b0d672ac1" testListId="8c84fa94-04c1-424b-9868-57a2d4851a1d" />
    <TestEntry testId="ba70cfbc-d41c-f566-79e8-7ef5bd55d829" executionId="1ccad0ad-08a7-4279-a03c-0cfff9f7c594" testListId="8c84fa94-04c1-424b-9868-57a2d4851a1d" />
    <TestEntry testId="295fae18-7c2e-8110-9330-c92298ce58cf" executionId="5bc13371-9707-42fb-983c-df3c1db4068e" testListId="8c84fa94-04c1-424b-9868-57a2d4851a1d" />
    <TestEntry testId="0b7e0d44-12d1-49c1-78a8-a4eb544bcc8b" executionId="91bf279b-4bdc-4e30-97eb-2aee0d786dda" testListId="8c84fa94-04c1-424b-9868-57a2d4851a1d" />
    <TestEntry testId="9a645fad-61ea-6ebc-137d-303d7b9df07f" executionId="70926d84-0ab1-4d4f-9385-cc81b4430144" testListId="8c84fa94-04c1-424b-9868-57a2d4851a1d" />
    <TestEntry testId="7f169a47-9550-43de-1c38-f842fed96817" executionId="e017862e-90c7-4bef-9232-dc10423672a1" testListId="8c84fa94-04c1-424b-9868-57a2d4851a1d" />
    <TestEntry testId="367a4ab6-4e43-b4bc-9d2c-8a1884a8e2e8" executionId="b97d84cb-ce45-442e-8c65-3eab8190b676" testListId="8c84fa94-04c1-424b-9868-57a2d4851a1d" />
    <TestEntry testId="dead4c53-8526-5a90-2f5a-51fffe3e061a" executionId="aa974aab-5769-4ccc-90ef-3540874ff994" testListId="8c84fa94-04c1-424b-9868-57a2d4851a1d" />
    <TestEntry testId="ee13f6c0-8b34-9f2f-ac08-2c4e323be5f9" executionId="20a5dc05-8071-4f75-b9ea-78026b0df54b" testListId="8c84fa94-04c1-424b-9868-57a2d4851a1d" />
    <TestEntry testId="98094c08-a7d2-b64f-1e29-3f79397d2a44" executionId="81a303b3-2850-4d04-852c-7dfd3ae9bae5" testListId="8c84fa94-04c1-424b-9868-57a2d4851a1d" />
    <TestEntry testId="c3e304b6-d053-c6d7-bd22-4106cfccdba5" executionId="49e0a60b-9f2a-4976-94aa-b0d44fd590fc" testListId="8c84fa94-04c1-424b-9868-57a2d4851a1d" />
    <TestEntry testId="87d8bb1b-c0de-060b-4d0a-5c7b92bfcd5c" executionId="c90f4a1a-d239-4539-b6cc-554e7ec91fe8" testListId="8c84fa94-04c1-424b-9868-57a2d4851a1d" />
    <TestEntry testId="4da1b380-1e4f-e77f-56ff-e867af970f4d" executionId="1ff8387f-bfb1-410b-ae8f-bfef45e73d0e" testListId="8c84fa94-04c1-424b-9868-57a2d4851a1d" />
    <TestEntry testId="aed23c67-c145-4ef3-9f2d-faec8951bd7b" executionId="9e72d9d3-142f-47d7-9f25-62127cee1c5e" testListId="8c84fa94-04c1-424b-9868-57a2d4851a1d" />
    <TestEntry testId="53b05cc5-4ddc-0d31-24b2-eeba8f9efffe" executionId="087fa547-35f7-4ed7-a751-fef199e3911d" testListId="8c84fa94-04c1-424b-9868-57a2d4851a1d" />
    <TestEntry testId="e21cc24a-1178-a350-7e70-387e48227512" executionId="14b71f07-67f0-4a61-94ca-69b17092508c" testListId="8c84fa94-04c1-424b-9868-57a2d4851a1d" />
    <TestEntry testId="bd40b344-e626-db69-ee37-e7aeff959e22" executionId="9b22ae6b-37d3-4e7b-84af-09a076aeeee9" testListId="8c84fa94-04c1-424b-9868-57a2d4851a1d" />
    <TestEntry testId="877f8104-6d9d-dc5b-a901-90e84066751e" executionId="e40988c5-869e-4618-af14-efb4e12c96f6" testListId="8c84fa94-04c1-424b-9868-57a2d4851a1d" />
    <TestEntry testId="5eb3cb50-06bf-c88b-62e0-45a893499431" executionId="f6e80a9e-481d-4d73-9d63-011cc692a14d" testListId="8c84fa94-04c1-424b-9868-57a2d4851a1d" />
    <TestEntry testId="a20a8c05-c9e8-b130-fe0a-18197f12b7d8" executionId="61d550b1-7dff-4bb1-b050-b132606ac154" testListId="8c84fa94-04c1-424b-9868-57a2d4851a1d" />
    <TestEntry testId="d92dcfad-156a-9104-eb0b-f98da064b1a9" executionId="d717f416-e06d-41ac-9ff9-ce227d646215" testListId="8c84fa94-04c1-424b-9868-57a2d4851a1d" />
    <TestEntry testId="945a0b82-102d-6f18-12a1-8e9f198bb0e7" executionId="2a5303f5-922e-4152-b73d-46328315e534" testListId="8c84fa94-04c1-424b-9868-57a2d4851a1d" />
    <TestEntry testId="7b4a3e8a-c691-250e-17b7-5236f9b5e797" executionId="58c1b0b0-8b86-4681-9df8-c23761a6b0a3" testListId="8c84fa94-04c1-424b-9868-57a2d4851a1d" />
    <TestEntry testId="84e9b135-70c3-e705-7688-94a33e6709ed" executionId="5f0c4b60-7e38-4bb0-bb5b-de264e39f3cd" testListId="8c84fa94-04c1-424b-9868-57a2d4851a1d" />
    <TestEntry testId="0fc815a7-55a1-8277-5c86-06e2d3a6cfc3" executionId="b4cc4f2e-c3a8-481d-b661-90b6e9b4e043" testListId="8c84fa94-04c1-424b-9868-57a2d4851a1d" />
    <TestEntry testId="d51a1c81-9269-3d2d-7a72-9e7e223dfbbb" executionId="d3599cf4-38be-4da2-a234-c896824ed921" testListId="8c84fa94-04c1-424b-9868-57a2d4851a1d" />
    <TestEntry testId="c448e294-27ca-5c77-7be0-3b05bcecf41e" executionId="598f5fb5-4ae6-4b13-8764-fd7df7af1811" testListId="8c84fa94-04c1-424b-9868-57a2d4851a1d" />
    <TestEntry testId="0270e931-dbd3-44cc-9ed9-4d77c939a149" executionId="20bd1d6f-c4e5-4df6-b939-f2e1272a5192" testListId="8c84fa94-04c1-424b-9868-57a2d4851a1d" />
    <TestEntry testId="b6de49ad-1ac4-9644-59f5-fc78bb42025e" executionId="1ce6c90b-c81a-42ab-85ea-9170bf98be1d" testListId="8c84fa94-04c1-424b-9868-57a2d4851a1d" />
    <TestEntry testId="55d2c740-edf8-9c4d-aa75-514513c31e92" executionId="e47f9bb9-181f-4037-b1a3-ff90fee55220" testListId="8c84fa94-04c1-424b-9868-57a2d4851a1d" />
    <TestEntry testId="093fae36-759c-0992-0848-97e9f6e8638e" executionId="d32c848a-c35f-492c-b36b-f32a6001310d" testListId="8c84fa94-04c1-424b-9868-57a2d4851a1d" />
    <TestEntry testId="168ddae3-466e-5cb8-83af-2fff982941db" executionId="817985cf-9505-4eee-bdc4-5f43407ba320" testListId="8c84fa94-04c1-424b-9868-57a2d4851a1d" />
    <TestEntry testId="1462f0b7-7f61-a7e2-fe1c-9f53b86d6845" executionId="4e6346c7-c74b-411f-813b-56a2e67d4371" testListId="8c84fa94-04c1-424b-9868-57a2d4851a1d" />
    <TestEntry testId="2f4d4b00-0424-b3cd-f27d-2861b9f1f0be" executionId="95327028-bdc0-426f-89aa-8a11b18b785c" testListId="8c84fa94-04c1-424b-9868-57a2d4851a1d" />
    <TestEntry testId="b7489c82-3f2a-65af-f22e-e210030033c3" executionId="50d95d02-fa17-49aa-9d53-f6289a893bd3" testListId="8c84fa94-04c1-424b-9868-57a2d4851a1d" />
    <TestEntry testId="79c6520b-60df-daec-348e-8a5e8490e908" executionId="1643f282-5190-4ada-a883-3fc770185108" testListId="8c84fa94-04c1-424b-9868-57a2d4851a1d" />
    <TestEntry testId="4796f98d-aecd-3718-66bb-fce492d0020b" executionId="f23f6c9a-6525-475d-b980-1468369558dd" testListId="8c84fa94-04c1-424b-9868-57a2d4851a1d" />
    <TestEntry testId="7d1b6eb2-17a8-965e-afc6-b3ad8586ce59" executionId="d9bfed8e-6de8-4657-b82a-cc1d7e1d96aa" testListId="8c84fa94-04c1-424b-9868-57a2d4851a1d" />
    <TestEntry testId="7aeb4932-080b-0485-08b3-c7d21077e38e" executionId="7a6e3f58-45ac-40aa-afcd-8aba7cc38bf8" testListId="8c84fa94-04c1-424b-9868-57a2d4851a1d" />
    <TestEntry testId="4d8d1e49-3596-f76e-deed-682b566a71e6" executionId="4fd39df8-deb8-4a3e-a646-2f8391806c29" testListId="8c84fa94-04c1-424b-9868-57a2d4851a1d" />
    <TestEntry testId="63a06ed0-cd92-4874-b1ad-11914267baf0" executionId="40aa49e3-b9e7-4ff5-829b-885e3615e318" testListId="8c84fa94-04c1-424b-9868-57a2d4851a1d" />
    <TestEntry testId="5601629a-d6e3-8737-e14b-9a7a791f8a68" executionId="47d50aea-3e5a-44a9-87fd-eb9ecc4ccafe" testListId="8c84fa94-04c1-424b-9868-57a2d4851a1d" />
    <TestEntry testId="6fd82b1f-f509-acd0-818b-afaf7cff43d4" executionId="6daa5215-f3ec-4ec5-bdb9-c6437ea3e365" testListId="8c84fa94-04c1-424b-9868-57a2d4851a1d" />
    <TestEntry testId="5610cef9-3335-5a7c-ec88-7672ec4c05ff" executionId="5dbd0b50-ef82-4a0a-befa-855f95038510" testListId="8c84fa94-04c1-424b-9868-57a2d4851a1d" />
    <TestEntry testId="d349d629-380f-74a8-b1db-d9690a2d8c89" executionId="e2ca573a-6eac-4e0c-aeac-52dd7d8fe2bb" testListId="8c84fa94-04c1-424b-9868-57a2d4851a1d" />
    <TestEntry testId="1d70fb29-a6ce-c166-350e-b1656e84572f" executionId="42c3f0a7-fac4-4232-a071-19ac033c2439" testListId="8c84fa94-04c1-424b-9868-57a2d4851a1d" />
    <TestEntry testId="991ea70c-9fd2-6c71-0387-a040154831e9" executionId="b36c4327-db06-4491-8a67-8a9db148dfb0" testListId="8c84fa94-04c1-424b-9868-57a2d4851a1d" />
    <TestEntry testId="3be1b4b7-3d88-b186-58fd-af6dd51b2649" executionId="01b85e50-2d70-42c7-b482-7f40e12755be" testListId="8c84fa94-04c1-424b-9868-57a2d4851a1d" />
    <TestEntry testId="d1a3225d-511b-3179-1895-ebdbbc60dd5d" executionId="ea36a2ea-e8ef-4015-816b-989ffa035403" testListId="8c84fa94-04c1-424b-9868-57a2d4851a1d" />
    <TestEntry testId="ab1c6851-af4f-2c02-dde6-6150567b43ec" executionId="ab155753-cc7a-4253-b6f6-2d031a886a3f" testListId="8c84fa94-04c1-424b-9868-57a2d4851a1d" />
    <TestEntry testId="dfbc2566-efa4-3fe8-1ee6-9d5749398db5" executionId="cbda6f26-1d59-4839-b734-8556b68d3626" testListId="8c84fa94-04c1-424b-9868-57a2d4851a1d" />
    <TestEntry testId="f09dff37-6cce-1f15-e06a-4bd6cf6dee2b" executionId="9201e027-0099-4c43-aff8-cb06db84ce13" testListId="8c84fa94-04c1-424b-9868-57a2d4851a1d" />
    <TestEntry testId="b292346f-d637-2277-e3c0-483c4e07f90d" executionId="eab9ac01-30b0-479d-8e8f-35f1aa9ede95" testListId="8c84fa94-04c1-424b-9868-57a2d4851a1d" />
    <TestEntry testId="4a821b40-20bc-8b3c-fc8d-06e73289ff6a" executionId="b84c1282-53da-4210-a175-1d1ca7c1a0c3" testListId="8c84fa94-04c1-424b-9868-57a2d4851a1d" />
    <TestEntry testId="bd6c2930-0f32-e800-1614-2241ab4369de" executionId="d7d17d4b-7e9d-4b56-a122-a2a39449eaa8" testListId="8c84fa94-04c1-424b-9868-57a2d4851a1d" />
    <TestEntry testId="f7b4e2ba-beed-bf74-b0b0-da6e95d92999" executionId="f6904484-3eb1-4c66-83d6-76e22cc2508e" testListId="8c84fa94-04c1-424b-9868-57a2d4851a1d" />
    <TestEntry testId="295d52a1-362e-28c6-ee37-9fd12b2f8cdf" executionId="cafb83b2-2b54-41c3-8ee9-5939a3af5796" testListId="8c84fa94-04c1-424b-9868-57a2d4851a1d" />
    <TestEntry testId="e7d59232-f8fb-f888-d11d-fdf70c81ac08" executionId="d7051498-28a1-42e6-9f95-fcf0e8efb65f" testListId="8c84fa94-04c1-424b-9868-57a2d4851a1d" />
    <TestEntry testId="973a834e-1e0d-5fc6-2db3-a412f5116862" executionId="17211699-d5e9-4751-8ebf-8ccb06e16150" testListId="8c84fa94-04c1-424b-9868-57a2d4851a1d" />
    <TestEntry testId="047caeda-6c83-178b-85fc-ef906a365924" executionId="07d0c15d-4638-44f5-b3db-2f6c532bd905" testListId="8c84fa94-04c1-424b-9868-57a2d4851a1d" />
    <TestEntry testId="76a58247-9f6d-874d-c96a-f28290c95de6" executionId="13584240-b937-4eaa-8246-7d48fac7abb6" testListId="8c84fa94-04c1-424b-9868-57a2d4851a1d" />
    <TestEntry testId="b7d1a352-dd0e-ce25-a3a1-062b65f338c7" executionId="6f92766d-4e86-435c-b633-2ecf3892c073" testListId="8c84fa94-04c1-424b-9868-57a2d4851a1d" />
    <TestEntry testId="1007045e-9832-a97a-85b1-7c0d43f3855a" executionId="9f225328-f135-430a-a32a-ca5632003723" testListId="8c84fa94-04c1-424b-9868-57a2d4851a1d" />
    <TestEntry testId="3823777d-b187-ff23-8f7d-29f5bb14475d" executionId="39b050c8-0bd1-4d0f-8883-07569207f132" testListId="8c84fa94-04c1-424b-9868-57a2d4851a1d" />
    <TestEntry testId="c7555a4b-40e6-c2f2-a50f-0bb25d952227" executionId="e54ab7a7-0d81-41ce-97a5-7544148f79b7" testListId="8c84fa94-04c1-424b-9868-57a2d4851a1d" />
    <TestEntry testId="fcd2bcf4-3942-7ca8-1f60-98693bf7bea1" executionId="119af744-39e3-41fa-8e5b-8e062d1d88a8" testListId="8c84fa94-04c1-424b-9868-57a2d4851a1d" />
    <TestEntry testId="2e858c3c-b461-54ff-4204-7a36a111e581" executionId="8fb50408-9fc7-4922-b018-20898b087381" testListId="8c84fa94-04c1-424b-9868-57a2d4851a1d" />
    <TestEntry testId="0ebfcb8f-d95f-c605-851c-52de316e9cde" executionId="aa033357-c79a-42a7-a4af-4c6b19eab189" testListId="8c84fa94-04c1-424b-9868-57a2d4851a1d" />
    <TestEntry testId="01e483e8-fb5d-59e6-11a2-f59a1ea87dd7" executionId="93aea0d7-6bf0-4d35-a4c6-7461265955fc" testListId="8c84fa94-04c1-424b-9868-57a2d4851a1d" />
    <TestEntry testId="53565c8e-87ec-2641-d55c-b50cfc1a5f10" executionId="00965b7a-f50e-44a8-bd32-8d4f1d4da981" testListId="8c84fa94-04c1-424b-9868-57a2d4851a1d" />
    <TestEntry testId="1ad77f0e-72d8-5995-5e96-3842639e0339" executionId="bfa42a54-8d27-4e13-8dcb-f3ed18437fcc" testListId="8c84fa94-04c1-424b-9868-57a2d4851a1d" />
    <TestEntry testId="ea6b4794-2625-a974-63ae-fca965d525cf" executionId="2dbb966d-2eea-4ef0-b5a3-bab3735baf6d" testListId="8c84fa94-04c1-424b-9868-57a2d4851a1d" />
    <TestEntry testId="981af072-6289-0acc-a3e5-fe3d7fb25f2e" executionId="37edfbd1-3ced-4af3-8bf7-5ddfd9be12bb" testListId="8c84fa94-04c1-424b-9868-57a2d4851a1d" />
    <TestEntry testId="1996ad66-c8b9-c60c-449c-708a68fac6ca" executionId="ecaa9c26-20a8-41a0-9709-b87c0fff3116" testListId="8c84fa94-04c1-424b-9868-57a2d4851a1d" />
    <TestEntry testId="df833cbd-cc30-5b6a-e794-2bf57d95344d" executionId="8ce3d046-e9ae-42ce-a8e8-477d5dd03c5b" testListId="8c84fa94-04c1-424b-9868-57a2d4851a1d" />
    <TestEntry testId="33369c7b-cb48-3abc-9405-b20bc46e8640" executionId="5414d97c-cc9f-4410-8e50-5984c1fe3096" testListId="8c84fa94-04c1-424b-9868-57a2d4851a1d" />
    <TestEntry testId="ef282fc4-46d5-2c94-82a3-354aa05a9fa3" executionId="11961f02-41ae-4988-acee-e88c58c6b61d" testListId="8c84fa94-04c1-424b-9868-57a2d4851a1d" />
    <TestEntry testId="7f02a2e9-9c6e-70e0-f97a-6e9e560692ef" executionId="b425c4ae-5711-4ab5-8ae3-2e16bcacec64" testListId="8c84fa94-04c1-424b-9868-57a2d4851a1d" />
    <TestEntry testId="58970041-1251-2434-bba7-499a587d9497" executionId="ec17663e-ee23-4e83-b9d4-fb1110f06971" testListId="8c84fa94-04c1-424b-9868-57a2d4851a1d" />
    <TestEntry testId="8dfe607a-a74e-6340-1e95-d16aa7f5dad0" executionId="ac098819-23f7-4137-a9bf-00e309598645" testListId="8c84fa94-04c1-424b-9868-57a2d4851a1d" />
    <TestEntry testId="44965f00-6968-5c86-4f0a-5823af6b16d4" executionId="4995032b-b381-4c1c-afde-fb5a2576c210" testListId="8c84fa94-04c1-424b-9868-57a2d4851a1d" />
    <TestEntry testId="4d9c0f58-755e-ebb5-d76b-89e7666e30c6" executionId="ea3bb93a-88d7-4c5a-8be9-ab7f71909d7f" testListId="8c84fa94-04c1-424b-9868-57a2d4851a1d" />
    <TestEntry testId="49ae978e-4307-892b-db0d-f275a3da15ce" executionId="33c34545-a4b3-4667-91d8-7cd123e314c0" testListId="8c84fa94-04c1-424b-9868-57a2d4851a1d" />
    <TestEntry testId="77bf2ac1-d752-3974-1ee9-90607ba5cb45" executionId="abb2cdb5-acea-4e71-9cc3-8dd556b4e621" testListId="8c84fa94-04c1-424b-9868-57a2d4851a1d" />
    <TestEntry testId="520338d9-3310-6ca4-83fe-a4cd5f816fc7" executionId="b1ef5634-7ada-4782-a312-1ea2c04fec0b" testListId="8c84fa94-04c1-424b-9868-57a2d4851a1d" />
    <TestEntry testId="17df41b6-d325-fc85-51b2-9fd7a6a2bbbc" executionId="5e9f1a75-96ee-4e96-8ac1-f04dc0dfa93d" testListId="8c84fa94-04c1-424b-9868-57a2d4851a1d" />
    <TestEntry testId="78757e75-020b-af27-ebe6-65a70ed793a5" executionId="2b395fe4-d3f2-4330-905e-f6056060916e" testListId="8c84fa94-04c1-424b-9868-57a2d4851a1d" />
    <TestEntry testId="9027abc9-6703-bdf0-b231-86f4f2886b47" executionId="258f7b4a-a215-4193-91a6-331ca5e60f98" testListId="8c84fa94-04c1-424b-9868-57a2d4851a1d" />
    <TestEntry testId="2162af3d-17b6-d8c3-a049-b758fc6ecbe6" executionId="b9e0f689-0a37-476c-9bca-0f961a25ab9c" testListId="8c84fa94-04c1-424b-9868-57a2d4851a1d" />
    <TestEntry testId="74241ff2-6e6a-d086-f4a0-2f7c66e5b244" executionId="5bdff20c-01ee-4dbd-b959-8f9bdc0061dd" testListId="8c84fa94-04c1-424b-9868-57a2d4851a1d" />
    <TestEntry testId="4f34aff3-2206-d23d-ab6f-7951729d06e8" executionId="e2f80ad0-420c-497a-bb75-92070a724c9d" testListId="8c84fa94-04c1-424b-9868-57a2d4851a1d" />
    <TestEntry testId="babcf08d-6991-7a58-23b2-3269636b7fe5" executionId="37de7bbf-b0de-4e08-bfea-950010e03867" testListId="8c84fa94-04c1-424b-9868-57a2d4851a1d" />
    <TestEntry testId="aaa03e81-c4a1-b502-2770-5bc61c569b15" executionId="855e2d3a-1f8f-4024-9142-10963cf7c3f7" testListId="8c84fa94-04c1-424b-9868-57a2d4851a1d" />
    <TestEntry testId="2972b5a2-3494-e411-3cf3-8bb4ad237971" executionId="217708a5-0240-44c8-b61f-111ddab8ed5b" testListId="8c84fa94-04c1-424b-9868-57a2d4851a1d" />
    <TestEntry testId="e3ed0b31-aa5f-6ea0-57a8-da134d31838a" executionId="49ae8f97-240a-4bb2-a2ea-398f5d7529c0" testListId="8c84fa94-04c1-424b-9868-57a2d4851a1d" />
    <TestEntry testId="5f442f65-6874-6e7c-7235-196cce38adc5" executionId="dc2d9ef1-bf03-4f8e-90e0-db7fb42a7e06" testListId="8c84fa94-04c1-424b-9868-57a2d4851a1d" />
    <TestEntry testId="c81bdbd4-0d2d-f46f-dd87-351051196418" executionId="aa3add2b-30f7-43d9-a180-942bd48a24f1" testListId="8c84fa94-04c1-424b-9868-57a2d4851a1d" />
    <TestEntry testId="acd688c7-5f8e-189c-98a3-7d5ab2e58f22" executionId="c5af7a01-fb57-49b9-b76d-283e4e468603" testListId="8c84fa94-04c1-424b-9868-57a2d4851a1d" />
    <TestEntry testId="1bb2537b-773c-2405-ed5a-be582f0c0b68" executionId="f7d99c63-00d8-462b-84f8-074bc542c49f" testListId="8c84fa94-04c1-424b-9868-57a2d4851a1d" />
    <TestEntry testId="ebaa38d9-78f1-2484-c953-ca9c91ece858" executionId="181dc4be-6c7e-465c-941d-ce9785ba8ed5" testListId="8c84fa94-04c1-424b-9868-57a2d4851a1d" />
    <TestEntry testId="210c5c08-af38-0ed1-0582-70c4c5433d23" executionId="128ca18c-bd80-4137-b878-cf6ed9c1977b" testListId="8c84fa94-04c1-424b-9868-57a2d4851a1d" />
    <TestEntry testId="a97dae5f-46a9-3fd9-5b7c-c8fd59277347" executionId="8315acbd-5e32-4dc4-a564-3057d56b1991" testListId="8c84fa94-04c1-424b-9868-57a2d4851a1d" />
    <TestEntry testId="03458724-4303-c8c7-1a87-0c837a65e16e" executionId="58a0622e-6c41-431f-9b4f-73c7fe5fac41" testListId="8c84fa94-04c1-424b-9868-57a2d4851a1d" />
    <TestEntry testId="d3cd4eaf-a56a-e290-1002-3e706bce78d8" executionId="293245aa-f21f-46e3-ac2d-d00587678c60" testListId="8c84fa94-04c1-424b-9868-57a2d4851a1d" />
    <TestEntry testId="02c27551-465c-2f52-4585-e88fd9c04e24" executionId="5e36b643-51d8-44dd-b7d5-c2b65a4be42c" testListId="8c84fa94-04c1-424b-9868-57a2d4851a1d" />
    <TestEntry testId="61d5b782-8476-0d04-5f6f-a155ef2079d3" executionId="e5bee7d3-5db4-4442-b499-5e439a374a31" testListId="8c84fa94-04c1-424b-9868-57a2d4851a1d" />
    <TestEntry testId="cf1fa61e-c8fd-aef1-77dc-d009fabd65d7" executionId="e0188764-311c-4698-aaa5-a4423c08d9fa" testListId="8c84fa94-04c1-424b-9868-57a2d4851a1d" />
    <TestEntry testId="7b9ef8c4-da42-d2dd-411f-6c7c3f22a765" executionId="ac399987-f7c9-4d03-bd7c-c0257707b7d7" testListId="8c84fa94-04c1-424b-9868-57a2d4851a1d" />
    <TestEntry testId="cbb5be5f-52c6-0ace-5611-c772f8e7deee" executionId="11d709ce-76c4-4547-9008-67a5f34a3614" testListId="8c84fa94-04c1-424b-9868-57a2d4851a1d" />
    <TestEntry testId="c5b1a520-a3f2-4d01-41f7-2598de8e4886" executionId="a4ad201f-5747-4be4-9580-e83cad6be774" testListId="8c84fa94-04c1-424b-9868-57a2d4851a1d" />
    <TestEntry testId="9b9befa1-a3d6-712a-1905-258907233e5a" executionId="13b16943-05cc-4482-8b96-3eb69b43d9b2" testListId="8c84fa94-04c1-424b-9868-57a2d4851a1d" />
    <TestEntry testId="71878c70-c570-8350-9e8f-4290762d97f8" executionId="874990f3-cb58-4029-b3f7-3b8f8191646f" testListId="8c84fa94-04c1-424b-9868-57a2d4851a1d" />
    <TestEntry testId="98da819a-d6a3-93a4-1bb3-084b26e051c1" executionId="32d5424c-8926-4936-8b1a-385fbee87bce" testListId="8c84fa94-04c1-424b-9868-57a2d4851a1d" />
    <TestEntry testId="25fae873-9ba6-c902-7bef-d531144bc70d" executionId="7b2aef95-e1f1-4002-b63f-c7d03f133338" testListId="8c84fa94-04c1-424b-9868-57a2d4851a1d" />
    <TestEntry testId="e6338982-8fa5-a3c8-3295-90e0b376a454" executionId="d4aa1b40-bd56-471c-ba76-1740fe5499ed" testListId="8c84fa94-04c1-424b-9868-57a2d4851a1d" />
    <TestEntry testId="f4b3e4e1-8421-5622-c497-c38efb22531b" executionId="da1d8b2c-5763-408e-86ee-b7d0e1cd4d76" testListId="8c84fa94-04c1-424b-9868-57a2d4851a1d" />
    <TestEntry testId="c51a3e97-0f30-6103-8be0-b94c52f0fc95" executionId="5c84916f-b74e-4650-a662-bbef08cc1468" testListId="8c84fa94-04c1-424b-9868-57a2d4851a1d" />
    <TestEntry testId="1cd1d41b-e141-63a7-7fcc-d84f5e91d580" executionId="b93d693a-701e-4874-8a17-2889fcd8b612" testListId="8c84fa94-04c1-424b-9868-57a2d4851a1d" />
    <TestEntry testId="aaf31dd7-69a0-cc56-e243-ae869794fb09" executionId="99e7fa07-cb2c-4ffb-b7c7-56e27e06a697" testListId="8c84fa94-04c1-424b-9868-57a2d4851a1d" />
    <TestEntry testId="c1cb954f-9e23-5005-103d-afe0aba8ca33" executionId="8e8f83fc-3435-42b4-b4f5-53ba798d62a6" testListId="8c84fa94-04c1-424b-9868-57a2d4851a1d" />
    <TestEntry testId="9fce87a9-47ce-9ef1-a54b-acbba1b150be" executionId="3a3da042-a456-4791-bcdc-6eb7a75c09e9" testListId="8c84fa94-04c1-424b-9868-57a2d4851a1d" />
    <TestEntry testId="f07c8de4-5fd6-e791-9955-023ba0c6a4bb" executionId="a55f645b-ad06-497a-926f-ec972f7fe936" testListId="8c84fa94-04c1-424b-9868-57a2d4851a1d" />
    <TestEntry testId="cbad4eae-92f4-3c03-7675-69006a663f1f" executionId="1e4ea59a-e3bc-4cf8-9025-576e10d0504e" testListId="8c84fa94-04c1-424b-9868-57a2d4851a1d" />
    <TestEntry testId="04ad5d42-507e-fc31-ae4f-cb10eeeceab8" executionId="4f2762ef-1d89-467d-ac7c-324f031d5671" testListId="8c84fa94-04c1-424b-9868-57a2d4851a1d" />
    <TestEntry testId="19e80751-5d68-ec11-84d2-ba40c841869d" executionId="14ec183f-3b67-436a-994e-05096fd657d2" testListId="8c84fa94-04c1-424b-9868-57a2d4851a1d" />
    <TestEntry testId="b343ba75-ed08-fc2c-268c-2ac53b0bf798" executionId="30a738d5-4f37-48d8-b311-851ab7b956ce" testListId="8c84fa94-04c1-424b-9868-57a2d4851a1d" />
    <TestEntry testId="f893e679-9ec3-656e-1ae3-f8ac5f6ec8cb" executionId="d1f89839-20a1-4e21-846d-bed0e8f044b3" testListId="8c84fa94-04c1-424b-9868-57a2d4851a1d" />
    <TestEntry testId="a84e5524-425b-ae82-9880-d479660cb99e" executionId="99e73381-16c6-4e4e-a3b8-4edf28728b73" testListId="8c84fa94-04c1-424b-9868-57a2d4851a1d" />
    <TestEntry testId="b311d87d-43ef-f7ee-334e-b658a2a65a7e" executionId="ade311cb-883f-4125-bf28-f186bfc11222" testListId="8c84fa94-04c1-424b-9868-57a2d4851a1d" />
    <TestEntry testId="5ef775ae-8af9-259d-ac16-c380c1fd3ea5" executionId="32d8ef29-b9ae-4dbf-9353-b1dca061acf1" testListId="8c84fa94-04c1-424b-9868-57a2d4851a1d" />
    <TestEntry testId="5c80a589-7209-18be-719c-14a23504c60b" executionId="acd69a5b-70ce-4761-aada-dc334f8ff0a0" testListId="8c84fa94-04c1-424b-9868-57a2d4851a1d" />
    <TestEntry testId="06782599-b68e-5dd2-d797-f6d37e46763c" executionId="05a7bdf7-dbbe-4788-b473-a6747305eb78" testListId="8c84fa94-04c1-424b-9868-57a2d4851a1d" />
    <TestEntry testId="83ee1e3d-9439-b0e1-3510-b3601110c423" executionId="a76afa94-bc2e-43c8-943c-d3938f5e230c" testListId="8c84fa94-04c1-424b-9868-57a2d4851a1d" />
    <TestEntry testId="51710cc0-97ba-f137-ccac-fd5d07efc855" executionId="6abecfc5-eec3-46e4-9bb0-4bbbe46fb090" testListId="8c84fa94-04c1-424b-9868-57a2d4851a1d" />
    <TestEntry testId="1aced13f-9df4-9cc3-51f9-cbb1806046cf" executionId="16dde006-a95f-4593-b635-2420aa414d9d" testListId="8c84fa94-04c1-424b-9868-57a2d4851a1d" />
    <TestEntry testId="bdcc2a9e-b412-5da0-3283-a4f1f8da6a70" executionId="5ae18b46-4702-4493-b17a-f6694a6e0185" testListId="8c84fa94-04c1-424b-9868-57a2d4851a1d" />
    <TestEntry testId="222eb68e-08e7-49cc-5364-2062ebb02ded" executionId="33ba9ed1-dc58-44e9-bf78-41fb4e2b50bc" testListId="8c84fa94-04c1-424b-9868-57a2d4851a1d" />
    <TestEntry testId="5a3091d9-a800-1de6-5284-c01298243929" executionId="84d2e36c-5c2d-4739-b6b8-414befc10c93" testListId="8c84fa94-04c1-424b-9868-57a2d4851a1d" />
    <TestEntry testId="3ffa48e4-8d88-8ad5-3f04-ff3dea1b3f2e" executionId="aef1a87f-b9d5-458b-b8b0-419459eecee9" testListId="8c84fa94-04c1-424b-9868-57a2d4851a1d" />
    <TestEntry testId="974004cf-5b93-b1fd-cfef-4114a6b0eb5e" executionId="77f993fe-c2c0-4e9d-9546-823c231862b6" testListId="8c84fa94-04c1-424b-9868-57a2d4851a1d" />
    <TestEntry testId="d0678bf4-2056-ae5f-4669-b413a71c461d" executionId="def229cc-5d41-4ff4-a1ba-7e5e62bf46c3" testListId="8c84fa94-04c1-424b-9868-57a2d4851a1d" />
    <TestEntry testId="a6982e99-95c8-d261-2400-3b753eb23370" executionId="5273fb99-a2c8-4a6b-a411-bb041c614f8e" testListId="8c84fa94-04c1-424b-9868-57a2d4851a1d" />
    <TestEntry testId="6618cda3-743e-003c-67df-1bedf2aee51d" executionId="e4c7959e-9096-4495-a71a-e0e8c64a4d83" testListId="8c84fa94-04c1-424b-9868-57a2d4851a1d" />
    <TestEntry testId="47ccac5f-86fa-182c-dfaa-e5b82d7dadd3" executionId="210c7862-1e74-4afe-aee3-72f821b2df9a" testListId="8c84fa94-04c1-424b-9868-57a2d4851a1d" />
    <TestEntry testId="4a66f570-eeed-4e99-7e57-68178031ec59" executionId="c4644a75-dd39-435e-998b-f19be464d988" testListId="8c84fa94-04c1-424b-9868-57a2d4851a1d" />
    <TestEntry testId="5b6e1a61-fb15-f3c6-56d4-577751f67a63" executionId="56253126-65af-4d8a-8d39-a686ecce9657" testListId="8c84fa94-04c1-424b-9868-57a2d4851a1d" />
    <TestEntry testId="e14b8a6a-9573-e3ef-adf0-747cea86ba40" executionId="be3c2b82-162b-4439-9765-5dc5f73c9bd5" testListId="8c84fa94-04c1-424b-9868-57a2d4851a1d" />
    <TestEntry testId="8ef45a56-1ada-fd3a-c710-ed411d2862eb" executionId="74c5098e-b45e-4aa5-875c-f44004991ae9" testListId="8c84fa94-04c1-424b-9868-57a2d4851a1d" />
    <TestEntry testId="8247ac44-63c9-d63a-9d58-a47b31aa742a" executionId="0f4d7343-bf65-40ce-ad80-37dc8301a549" testListId="8c84fa94-04c1-424b-9868-57a2d4851a1d" />
    <TestEntry testId="797333d9-b4de-df59-a9c7-9f309f2594d5" executionId="ed2617ea-9498-485c-ae1e-49171da7c619" testListId="8c84fa94-04c1-424b-9868-57a2d4851a1d" />
    <TestEntry testId="d4ac6b91-762e-06aa-d810-39966bd429cc" executionId="760a6ed9-ee5a-4600-83bc-2053f09e81e5" testListId="8c84fa94-04c1-424b-9868-57a2d4851a1d" />
    <TestEntry testId="34caa6e3-d475-99e9-ace3-36d10c0a4575" executionId="b066fa42-555f-4148-9b5e-a7a72d7e3a30" testListId="8c84fa94-04c1-424b-9868-57a2d4851a1d" />
    <TestEntry testId="b37edd75-7fce-1bb2-38ca-83b1ecc211da" executionId="23a952fe-f5b6-414a-a255-eda97d02a70f" testListId="8c84fa94-04c1-424b-9868-57a2d4851a1d" />
    <TestEntry testId="69d895ae-6cb2-1cb8-70fd-79533e1a0814" executionId="4820ecc3-f802-4efb-9a12-a105566f2c52" testListId="8c84fa94-04c1-424b-9868-57a2d4851a1d" />
    <TestEntry testId="3e9fc949-c76f-bee7-74ee-4b5c33cc0be3" executionId="25d74577-6ed2-4262-aabf-3a078a242990" testListId="8c84fa94-04c1-424b-9868-57a2d4851a1d" />
    <TestEntry testId="d1280bf6-a6ac-bfb2-1fcf-aafebc04eca5" executionId="51a306d9-9b44-4982-bf73-564d3e1138d0" testListId="8c84fa94-04c1-424b-9868-57a2d4851a1d" />
    <TestEntry testId="484561d4-7ff4-2268-e9a3-02f50bd11545" executionId="a603d885-3795-43cb-bb29-5d5da35c5b04" testListId="8c84fa94-04c1-424b-9868-57a2d4851a1d" />
    <TestEntry testId="f9171202-42d3-e721-4a22-d62f3021770b" executionId="b1078a92-52d5-48cb-97af-57dc442983e3" testListId="8c84fa94-04c1-424b-9868-57a2d4851a1d" />
    <TestEntry testId="a79f4558-938b-b381-8bd6-2b8aa952f320" executionId="349a1324-a700-42b6-a992-b827761ba789" testListId="8c84fa94-04c1-424b-9868-57a2d4851a1d" />
    <TestEntry testId="c8c5e2b4-7393-08dc-10e2-d6faef315820" executionId="28e9ea12-7bb6-4158-b547-d7052f838e5a" testListId="8c84fa94-04c1-424b-9868-57a2d4851a1d" />
    <TestEntry testId="e1225170-b56b-e33b-5d40-b101d0d60a93" executionId="02988631-9e45-4008-b0e0-5e24f26e2490" testListId="8c84fa94-04c1-424b-9868-57a2d4851a1d" />
    <TestEntry testId="095dd165-99bd-9bb7-cdf7-ae12a0e10509" executionId="f7fc874c-fa76-4e9e-95c3-21adeb554ad3" testListId="8c84fa94-04c1-424b-9868-57a2d4851a1d" />
    <TestEntry testId="5081daa7-0188-7815-d711-e2a9248fb260" executionId="91195370-7f30-498d-9f2e-2ce4c142aae9" testListId="8c84fa94-04c1-424b-9868-57a2d4851a1d" />
    <TestEntry testId="070f280e-1211-af84-c8f7-33777304d4d5" executionId="55e098f9-9880-41a9-9012-6f714f78b0cc" testListId="8c84fa94-04c1-424b-9868-57a2d4851a1d" />
    <TestEntry testId="64751159-550c-8189-f78b-5adf75923f85" executionId="f64cbc4b-4908-4d01-aeb0-45e5f3cb1e5b" testListId="8c84fa94-04c1-424b-9868-57a2d4851a1d" />
    <TestEntry testId="84a66a25-e26d-1d6a-bb8b-512b3fae0c7e" executionId="d97ed872-9ff9-4923-a10f-8100d0e086ce" testListId="8c84fa94-04c1-424b-9868-57a2d4851a1d" />
    <TestEntry testId="33d3d3bf-2d62-a4b9-1265-7dfb56cd3ee4" executionId="f9afbb03-2ad5-4422-9811-98bc6fac5d17" testListId="8c84fa94-04c1-424b-9868-57a2d4851a1d" />
    <TestEntry testId="377ad911-bf4f-3a20-9eb8-7d308fe0b249" executionId="6beb300b-5d6d-4b61-b99d-2d2456b93566" testListId="8c84fa94-04c1-424b-9868-57a2d4851a1d" />
    <TestEntry testId="98b4821c-fcd4-7d4e-5984-aa244d43b6fc" executionId="42822ab4-5709-4485-86af-015d186b7431" testListId="8c84fa94-04c1-424b-9868-57a2d4851a1d" />
    <TestEntry testId="9d256a5b-98bf-7774-3bfb-eaa9b25b373a" executionId="1dd6a0a2-0aef-4d12-9c16-9ba04ff3f3e5" testListId="8c84fa94-04c1-424b-9868-57a2d4851a1d" />
    <TestEntry testId="cd32ee02-cad1-f47b-fc16-d6b7d0d0e743" executionId="757e65b6-a4cd-4fff-9256-685a04e83b33" testListId="8c84fa94-04c1-424b-9868-57a2d4851a1d" />
    <TestEntry testId="016754e4-bb80-6970-89b2-50ba660633d5" executionId="ab07d712-7c23-4c8a-8987-0fd00bc6a348" testListId="8c84fa94-04c1-424b-9868-57a2d4851a1d" />
    <TestEntry testId="d08e75d3-cf16-798f-e223-fbe200d2c1c1" executionId="f75d4d02-664a-4c5e-b597-30d4553117f9" testListId="8c84fa94-04c1-424b-9868-57a2d4851a1d" />
    <TestEntry testId="ae1f9064-ec2c-8cf3-b9cf-315800274251" executionId="7704b2b5-894d-4701-b66b-ced149f4fc51" testListId="8c84fa94-04c1-424b-9868-57a2d4851a1d" />
    <TestEntry testId="c15ebafe-119a-8b55-613c-e54acfeaf216" executionId="6f4d20ab-a953-492b-a7ed-9f5f59a3cf24" testListId="8c84fa94-04c1-424b-9868-57a2d4851a1d" />
    <TestEntry testId="07e52639-7084-4242-a4bf-9cc2aacf4022" executionId="be1d5cfd-9df1-44fa-93c6-3c6c76443813" testListId="8c84fa94-04c1-424b-9868-57a2d4851a1d" />
    <TestEntry testId="025623ff-8aa4-03b9-95bf-dadf44e67d04" executionId="f2788626-ac92-487b-baec-71ee3e1bf2b7" testListId="8c84fa94-04c1-424b-9868-57a2d4851a1d" />
    <TestEntry testId="b3c8bdfc-5ee6-a3a3-57fe-74c626d992e6" executionId="fa090bb0-e494-4706-9021-5ed9cade923a" testListId="8c84fa94-04c1-424b-9868-57a2d4851a1d" />
    <TestEntry testId="9432912d-5287-562c-a8c6-63a7ad09ea36" executionId="38b02e38-72b4-401d-a55e-10999cec98a3" testListId="8c84fa94-04c1-424b-9868-57a2d4851a1d" />
    <TestEntry testId="c4cf1838-9271-c8fd-5d32-06e589f77ae9" executionId="ee4dbd60-385a-4852-9874-318afe690eb9" testListId="8c84fa94-04c1-424b-9868-57a2d4851a1d" />
    <TestEntry testId="2921dc7f-4373-4993-073b-6a02cff4cb8c" executionId="02f80867-fb26-440e-9b93-341566a76d83" testListId="8c84fa94-04c1-424b-9868-57a2d4851a1d" />
    <TestEntry testId="74b85d73-6266-98a9-3ad5-010c26e2a7ba" executionId="314cbeda-6465-49ac-859b-d6105398c642" testListId="8c84fa94-04c1-424b-9868-57a2d4851a1d" />
    <TestEntry testId="7446a4da-08dd-641c-70aa-e66239b9ec7f" executionId="19961ddd-5bc7-4e43-96d2-6390621e81b1" testListId="8c84fa94-04c1-424b-9868-57a2d4851a1d" />
    <TestEntry testId="dc795418-04b0-d1d3-9a7b-cb941916f128" executionId="0f350e50-5d67-4e35-991b-5f2925229872" testListId="8c84fa94-04c1-424b-9868-57a2d4851a1d" />
    <TestEntry testId="9b99b463-ef35-95a4-d97d-44c640692673" executionId="1dea4941-0de1-43dd-b501-65339f8a6040" testListId="8c84fa94-04c1-424b-9868-57a2d4851a1d" />
    <TestEntry testId="75bdbe14-6c23-d779-33ae-7b4d2fe28f9a" executionId="11f5e1e7-4bfd-4060-afa4-bfe802bfd14c" testListId="8c84fa94-04c1-424b-9868-57a2d4851a1d" />
    <TestEntry testId="2473f402-63a0-27d8-9b50-46aa4a8bbf8c" executionId="88e58a74-61a2-4501-acf9-c2b3314e6f7b" testListId="8c84fa94-04c1-424b-9868-57a2d4851a1d" />
    <TestEntry testId="39156b50-2cbc-b3bb-8515-a275e94858c0" executionId="c8bdf0d5-4c29-43d9-b16e-6be7cde63991" testListId="8c84fa94-04c1-424b-9868-57a2d4851a1d" />
    <TestEntry testId="ed16e022-71cf-584c-0610-70b051feb390" executionId="0e705729-6a20-44ad-94e6-b0c3ac78b611" testListId="8c84fa94-04c1-424b-9868-57a2d4851a1d" />
    <TestEntry testId="963610ce-b904-2542-374d-4d57c3335e71" executionId="a40b555c-f27c-425b-bf18-1304d4c87294" testListId="8c84fa94-04c1-424b-9868-57a2d4851a1d" />
    <TestEntry testId="c4da9bb7-ad2b-a073-5aef-fe6225f38e3e" executionId="14f66217-3193-4dc1-bbd8-7bab0c8363ee" testListId="8c84fa94-04c1-424b-9868-57a2d4851a1d" />
    <TestEntry testId="662508b4-f085-f22d-3de7-0fdaafabeb6a" executionId="849b05cc-afa2-42a8-8086-17337eee3cf4" testListId="8c84fa94-04c1-424b-9868-57a2d4851a1d" />
    <TestEntry testId="adadfdb4-815b-5b39-8aa5-28696d1ce15b" executionId="ce56cdfb-3228-4c5e-9e70-114a846cf7c5" testListId="8c84fa94-04c1-424b-9868-57a2d4851a1d" />
    <TestEntry testId="97b5cac0-802d-5be6-5d9c-def4088fa9d7" executionId="59612160-c739-4b6b-9f67-4bdcaa6ef0cf" testListId="8c84fa94-04c1-424b-9868-57a2d4851a1d" />
    <TestEntry testId="3774576f-f7ef-72ad-6d17-57888d12ea59" executionId="90470020-e7b6-48b6-ab9c-2286de30d511" testListId="8c84fa94-04c1-424b-9868-57a2d4851a1d" />
  </TestEntries>
  <Results>
    <UnitTestResult executionId="52a8c096-7a8e-405b-9312-3864142368c6" testId="70855c05-0b37-d8dd-ffc8-e452304d4a81" testName="KnownCode" computerName="US07SBUILD01" duration="00:00:00.0296638" startTime="2010-07-27T16:23:41.1927155-06:00" endTime="2010-07-27T16:23:42.0002820-06:00" testType="13cdc9d9-ddb5-4fa4-a97d-d965ccfc6d4b" outcome="Passed" testListId="8c84fa94-04c1-424b-9868-57a2d4851a1d">
      <Output>
      </Output>
    </UnitTestResult>
    <UnitTestResult executionId="f674cc7b-2363-4e5b-84aa-483efa58abfa" testId="639354b6-4554-f7fa-38c4-078b44a1ca73" testName="UnknownCode" computerName="US07SBUILD01" duration="00:00:00.0003804" startTime="2010-07-27T16:23:42.0129765-06:00" endTime="2010-07-27T16:23:42.0578955-06:00" testType="13cdc9d9-ddb5-4fa4-a97d-d965ccfc6d4b" outcome="Passed" testListId="8c84fa94-04c1-424b-9868-57a2d4851a1d">
      <Output>
      </Output>
    </UnitTestResult>
    <UnitTestResult executionId="4da86b60-9c16-45cc-ac8f-e849605a3816" testId="09ba32c9-e8be-6716-7d60-6051ea86bc18" testName="Send_CustomResultCode" computerName="US07SBUILD01" duration="00:00:03.3055885" startTime="2010-07-27T16:23:42.0657075-06:00" endTime="2010-07-27T16:23:45.3789720-06:00" testType="13cdc9d9-ddb5-4fa4-a97d-d965ccfc6d4b" outcome="Passed" testListId="8c84fa94-04c1-424b-9868-57a2d4851a1d">
      <Output>
      </Output>
    </UnitTestResult>
    <UnitTestResult executionId="b392ebf9-c1a8-4572-9abf-b0cb06d37d9e" testId="95a13b7b-755e-0486-0916-4a7cb1dfef31" testName="Send_CustomResultData" computerName="US07SBUILD01" duration="00:00:00.0034699" startTime="2010-07-27T16:23:45.3838545-06:00" endTime="2010-07-27T16:23:45.3906900-06:00" testType="13cdc9d9-ddb5-4fa4-a97d-d965ccfc6d4b" outcome="Passed" testListId="8c84fa94-04c1-424b-9868-57a2d4851a1d">
      <Output>
      </Output>
    </UnitTestResult>
    <UnitTestResult executionId="d18551f3-bd7a-4bb6-936b-16acacd41446" testId="e8ec8686-660c-215e-5004-a69866cacf54" testName="Send_MapBadRequestPacketException" computerName="US07SBUILD01" duration="00:00:00.0075978" startTime="2010-07-27T16:23:45.3916665-06:00" endTime="2010-07-27T16:23:45.4092435-06:00" testType="13cdc9d9-ddb5-4fa4-a97d-d965ccfc6d4b" outcome="Passed" testListId="8c84fa94-04c1-424b-9868-57a2d4851a1d">
      <Output>
      </Output>
    </UnitTestResult>
    <UnitTestResult executionId="360be316-ff62-4880-85a2-9991212b4eec" testId="a9dc7890-55eb-2426-5b81-38033b5ebd70" testName="Send_MapFeatureNotImplementedPacketException" computerName="US07SBUILD01" duration="00:00:00.0018527" startTime="2010-07-27T16:23:45.4111965-06:00" endTime="2010-07-27T16:23:45.4160790-06:00" testType="13cdc9d9-ddb5-4fa4-a97d-d965ccfc6d4b" outcome="Passed" testListId="8c84fa94-04c1-424b-9868-57a2d4851a1d">
      <Output>
      </Output>
    </UnitTestResult>
    <UnitTestResult executionId="293b5980-28f1-4d46-82b4-213d4d2f427f" testId="f01ce4d8-38aa-75f1-c777-6c70e9a4cb95" testName="Send_MapForbiddenPacketException" computerName="US07SBUILD01" duration="00:00:00.0019633" startTime="2010-07-27T16:23:45.4190085-06:00" endTime="2010-07-27T16:23:45.4238910-06:00" testType="13cdc9d9-ddb5-4fa4-a97d-d965ccfc6d4b" outcome="Passed" testListId="8c84fa94-04c1-424b-9868-57a2d4851a1d">
      <Output>
      </Output>
    </UnitTestResult>
    <UnitTestResult executionId="193d7127-27b4-49e0-8d64-f0da7a1dca9b" testId="ed235918-3a30-22bf-d0e2-44751eb6e7d7" testName="Send_MapItemNotFoundPacketException" computerName="US07SBUILD01" duration="00:00:00.0019678" startTime="2010-07-27T16:23:45.4258440-06:00" endTime="2010-07-27T16:23:45.4317030-06:00" testType="13cdc9d9-ddb5-4fa4-a97d-d965ccfc6d4b" outcome="Passed" testListId="8c84fa94-04c1-424b-9868-57a2d4851a1d">
      <Output>
      </Output>
    </UnitTestResult>
    <UnitTestResult executionId="e0eec3c6-1eb9-49f3-8df4-8d2fe198f322" testId="518be02c-49a1-5076-9386-db85ba8943b6" testName="Send_MapPacketException" computerName="US07SBUILD01" duration="00:00:00.0017365" startTime="2010-07-27T16:23:45.4326795-06:00" endTime="2010-07-27T16:23:45.4385385-06:00" testType="13cdc9d9-ddb5-4fa4-a97d-d965ccfc6d4b" outcome="Passed" testListId="8c84fa94-04c1-424b-9868-57a2d4851a1d">
      <Output>
      </Output>
    </UnitTestResult>
    <UnitTestResult executionId="b992cb71-5bfb-455b-ba17-603be3f37e64" testId="1cdb7743-0e12-84d8-a550-bf2fa200abaf" testName="Send_MapServiceUnavailablePacketException" computerName="US07SBUILD01" duration="00:00:00.0019901" startTime="2010-07-27T16:23:45.4404915-06:00" endTime="2010-07-27T16:23:45.4639275-06:00" testType="13cdc9d9-ddb5-4fa4-a97d-d965ccfc6d4b" outcome="Passed" testListId="8c84fa94-04c1-424b-9868-57a2d4851a1d">
      <Output>
      </Output>
    </UnitTestResult>
    <UnitTestResult executionId="42ba136c-4779-4a7d-974e-0778f499ed0c" testId="5d72ab7b-73fc-1285-b391-26b440fe1f67" testName="Send_MapStreamException" computerName="US07SBUILD01" duration="00:00:00.0022648" startTime="2010-07-27T16:23:45.4649040-06:00" endTime="2010-07-27T16:23:45.4824810-06:00" testType="13cdc9d9-ddb5-4fa4-a97d-d965ccfc6d4b" outcome="Passed" testListId="8c84fa94-04c1-424b-9868-57a2d4851a1d">
      <Output>
      </Output>
    </UnitTestResult>
    <UnitTestResult executionId="85d23df3-5b3a-42aa-985a-9a29fe5e3210" testId="6e502637-9f4c-e79e-8567-4cfa7a38f6f7" testName="Send_MapTimeoutException" computerName="US07SBUILD01" duration="00:00:00.0017072" startTime="2010-07-27T16:23:45.4834575-06:00" endTime="2010-07-27T16:23:45.4893165-06:00" testType="13cdc9d9-ddb5-4fa4-a97d-d965ccfc6d4b" outcome="Passed" testListId="8c84fa94-04c1-424b-9868-57a2d4851a1d">
      <Output>
      </Output>
    </UnitTestResult>
    <UnitTestResult executionId="ef119594-7baf-4a41-be07-0b2e27ec7cb8" testId="ecce1bc3-8536-51d1-6a3c-e2bee57890b0" testName="Send_MapXMPPException" computerName="US07SBUILD01" duration="00:00:00.0016781" startTime="2010-07-27T16:23:45.4912695-06:00" endTime="2010-07-27T16:23:45.4961520-06:00" testType="13cdc9d9-ddb5-4fa4-a97d-d965ccfc6d4b" outcome="Passed" testListId="8c84fa94-04c1-424b-9868-57a2d4851a1d">
      <Output>
      </Output>
    </UnitTestResult>
    <UnitTestResult executionId="5acd70dd-1d19-4695-ac93-c9969061697d" testId="be3f905e-2e4d-42b2-c4d7-859062ca4423" testName="Send_OtherException" computerName="US07SBUILD01" duration="00:00:00.0056292" startTime="2010-07-27T16:23:45.5000580-06:00" endTime="2010-07-27T16:23:45.5098230-06:00" testType="13cdc9d9-ddb5-4fa4-a97d-d965ccfc6d4b" outcome="Passed" testListId="8c84fa94-04c1-424b-9868-57a2d4851a1d">
      <Output>
      </Output>
    </UnitTestResult>
    <UnitTestResult executionId="0f5b6fd9-c286-45ea-84a7-0059e4824a99" testId="877e61ca-37c2-b7fb-09ce-64297537112e" testName="Send_ResultTypeMismatch" computerName="US07SBUILD01" duration="00:00:00.0050475" startTime="2010-07-27T16:23:45.5107995-06:00" endTime="2010-07-27T16:23:45.5205645-06:00" testType="13cdc9d9-ddb5-4fa4-a97d-d965ccfc6d4b" outcome="Passed" testListId="8c84fa94-04c1-424b-9868-57a2d4851a1d">
      <Output>
      </Output>
    </UnitTestResult>
    <UnitTestResult executionId="52162617-2564-40cc-8f87-a716096e0c26" testId="dff45c6f-43ca-2a0f-06f9-505cd94cd0ef" testName="GetOptInList" computerName="US07SBUILD01" duration="00:00:00.0127390" startTime="2010-07-27T16:23:45.5254470-06:00" endTime="2010-07-27T16:23:45.9121410-06:00" testType="13cdc9d9-ddb5-4fa4-a97d-d965ccfc6d4b" outcome="Passed" testListId="8c84fa94-04c1-424b-9868-57a2d4851a1d">
      <Output>
      </Output>
    </UnitTestResult>
    <UnitTestResult executionId="a26c5b18-d3ca-498f-8916-08badfa8aebe" testId="6bc2b4a9-b39c-59e9-6755-93cc4f936e54" testName="GetUserByUserName_EmptyUserName" computerName="US07SBUILD01" duration="00:00:01.0073749" startTime="2010-07-27T16:23:45.9160470-06:00" endTime="2010-07-27T16:23:46.9306305-06:00" testType="13cdc9d9-ddb5-4fa4-a97d-d965ccfc6d4b" outcome="Passed" testListId="8c84fa94-04c1-424b-9868-57a2d4851a1d">
      <Output>
      </Output>
    </UnitTestResult>
    <UnitTestResult executionId="2dba2029-1a2e-45fc-b7ed-3e76a43685f2" testId="c81dc2ae-5712-6f43-8f9a-99a6cf4c09c1" testName="GetUserByUserName_NullUserName" computerName="US07SBUILD01" duration="00:00:00.0021656" startTime="2010-07-27T16:23:46.9364895-06:00" endTime="2010-07-27T16:23:46.9452780-06:00" testType="13cdc9d9-ddb5-4fa4-a97d-d965ccfc6d4b" outcome="Passed" testListId="8c84fa94-04c1-424b-9868-57a2d4851a1d">
      <Output>
      </Output>
    </UnitTestResult>
    <UnitTestResult executionId="3b9de46b-a549-47c4-8047-f2183aed2ba0" testId="88e388c1-0aec-cc35-0f60-2b0fa01d6abe" testName="GetUserByUserName_ValidUserName_Cache" computerName="US07SBUILD01" duration="00:00:00.3778742" startTime="2010-07-27T16:23:46.9462545-06:00" endTime="2010-07-27T16:23:47.3339250-06:00" testType="13cdc9d9-ddb5-4fa4-a97d-d965ccfc6d4b" outcome="Passed" testListId="8c84fa94-04c1-424b-9868-57a2d4851a1d">
      <Output>
      </Output>
    </UnitTestResult>
    <UnitTestResult executionId="9fc8fa1e-04a0-4309-b85f-dc9d8181fb59" testId="64963739-3144-06e4-f320-267fea1cf93d" testName="GetUserByUserName_ValidUserName_CaseInsensitive" computerName="US07SBUILD01" duration="00:00:00.0061641" startTime="2010-07-27T16:23:47.3358780-06:00" endTime="2010-07-27T16:23:47.3475960-06:00" testType="13cdc9d9-ddb5-4fa4-a97d-d965ccfc6d4b" outcome="Passed" testListId="8c84fa94-04c1-424b-9868-57a2d4851a1d">
      <Output>
      </Output>
    </UnitTestResult>
    <UnitTestResult executionId="a15af3d8-190f-4cc5-836f-111be3cb5d8b" testId="66f41b72-5e75-2f83-64ea-e4a96925a996" testName="GetUserByUserName_ValidUserName_NoCache" computerName="US07SBUILD01" duration="00:00:00.1568107" startTime="2010-07-27T16:23:47.3505255-06:00" endTime="2010-07-27T16:23:47.8915065-06:00" testType="13cdc9d9-ddb5-4fa4-a97d-d965ccfc6d4b" outcome="Passed" testListId="8c84fa94-04c1-424b-9868-57a2d4851a1d">
      <Output>
      </Output>
    </UnitTestResult>
    <UnitTestResult executionId="a485b532-82d8-42c6-be8b-8dd95a1f617a" testId="808bc6af-768a-bf8e-b55e-dd1b316cc6cb" testName="GetUserOptIns" computerName="US07SBUILD01" duration="00:00:00.0002399" startTime="2010-07-27T16:23:47.8954125-06:00" endTime="2010-07-27T16:23:47.9002950-06:00" testType="13cdc9d9-ddb5-4fa4-a97d-d965ccfc6d4b" outcome="Passed" testListId="8c84fa94-04c1-424b-9868-57a2d4851a1d">
      <Output>
      </Output>
    </UnitTestResult>
    <UnitTestResult executionId="82a6fbc4-aedf-4f52-acb0-486419e777ad" testId="b5fb0b11-94e4-f83c-09a2-0d5d1000db9c" testName="ToUserEntity_EmptyUserName" computerName="US07SBUILD01" duration="00:00:00.0012378" startTime="2010-07-27T16:23:47.9032245-06:00" endTime="2010-07-27T16:23:47.9100600-06:00" testType="13cdc9d9-ddb5-4fa4-a97d-d965ccfc6d4b" outcome="Passed" testListId="8c84fa94-04c1-424b-9868-57a2d4851a1d">
      <Output>
      </Output>
    </UnitTestResult>
    <UnitTestResult executionId="91b76bb1-59ea-4d52-a749-ed54ff6cd36a" testId="2e3267d0-16d6-d860-2bdb-182011c7cebb" testName="ToUserEntity_NoIdentity" computerName="US07SBUILD01" duration="00:00:00.0004366" startTime="2010-07-27T16:23:47.9120130-06:00" endTime="2010-07-27T16:23:47.9188485-06:00" testType="13cdc9d9-ddb5-4fa4-a97d-d965ccfc6d4b" outcome="Passed" testListId="8c84fa94-04c1-424b-9868-57a2d4851a1d">
      <Output>
      </Output>
    </UnitTestResult>
    <UnitTestResult executionId="80a64984-b7a6-430e-b3ab-c6ee1679d2f5" testId="9fd375d6-0bf1-9596-fd59-ca163c89c6f6" testName="ToUserEntity_NoPrinciple" computerName="US07SBUILD01" duration="00:00:00.0005640" startTime="2010-07-27T16:23:47.9217780-06:00" endTime="2010-07-27T16:23:47.9276370-06:00" testType="13cdc9d9-ddb5-4fa4-a97d-d965ccfc6d4b" outcome="Passed" testListId="8c84fa94-04c1-424b-9868-57a2d4851a1d">
      <Output>
      </Output>
    </UnitTestResult>
    <UnitTestResult executionId="27fbd9b9-ba05-43a2-be5a-bd03fcf7b67e" testId="1a1ad031-23a0-7e4e-0ece-2782c90931bb" testName="FileNameSafe" computerName="US07SBUILD01" duration="00:00:00.1406377" startTime="2010-07-27T16:23:47.9325195-06:00" endTime="2010-07-27T16:23:48.0789945-06:00" testType="13cdc9d9-ddb5-4fa4-a97d-d965ccfc6d4b" outcome="Passed" testListId="8c84fa94-04c1-424b-9868-57a2d4851a1d">
      <Output>
      </Output>
    </UnitTestResult>
    <UnitTestResult executionId="69d38edc-32fc-477d-a29f-84d29c831dfe" testId="4deea7c2-8522-9a90-9510-7c9e9f055fc3" testName="PutObject" computerName="US07SBUILD01" duration="00:00:00.0028408" startTime="2010-07-27T16:23:48.0819240-06:00" endTime="2010-07-27T16:23:48.0877830-06:00" testType="13cdc9d9-ddb5-4fa4-a97d-d965ccfc6d4b" outcome="Passed" testListId="8c84fa94-04c1-424b-9868-57a2d4851a1d">
      <Output>
      </Output>
    </UnitTestResult>
    <UnitTestResult executionId="bc0d15cc-2ef4-4c0c-b473-d68b005c0038" testId="79be4d92-e6ca-5153-f6be-71fd3539dd42" testName="Remove" computerName="US07SBUILD01" duration="00:00:00.0049911" startTime="2010-07-27T16:23:48.0926655-06:00" endTime="2010-07-27T16:23:48.1034070-06:00" testType="13cdc9d9-ddb5-4fa4-a97d-d965ccfc6d4b" outcome="Passed" testListId="8c84fa94-04c1-424b-9868-57a2d4851a1d">
      <Output>
      </Output>
    </UnitTestResult>
    <UnitTestResult executionId="69e16bf6-e5b4-4761-80ef-20a3eebaa1b2" testId="4833eace-28d1-6cc3-2ee6-812c3df559f1" testName="Retry" computerName="US07SBUILD01" duration="00:00:00.3086098" startTime="2010-07-27T16:23:48.1043835-06:00" endTime="2010-07-27T16:23:48.4168635-06:00" testType="13cdc9d9-ddb5-4fa4-a97d-d965ccfc6d4b" outcome="Passed" testListId="8c84fa94-04c1-424b-9868-57a2d4851a1d">
      <Output>
      </Output>
    </UnitTestResult>
    <UnitTestResult executionId="70e39a7c-ae95-4093-accd-9dd787e4f412" testId="50ade168-ed03-96f1-de8b-682574757345" testName="RetryLimited" computerName="US07SBUILD01" duration="00:00:00.5151584" startTime="2010-07-27T16:23:48.4197930-06:00" endTime="2010-07-27T16:23:48.9431970-06:00" testType="13cdc9d9-ddb5-4fa4-a97d-d965ccfc6d4b" outcome="Passed" testListId="8c84fa94-04c1-424b-9868-57a2d4851a1d">
      <Output>
      </Output>
    </UnitTestResult>
    <UnitTestResult executionId="905efd6c-ee34-4e49-afde-cb456671ef7f" testId="6726775e-8c94-6dc7-4475-35d32e3bf34f" testName="RoundTrip" computerName="US07SBUILD01" duration="00:00:00.0113204" startTime="2010-07-27T16:23:48.9519855-06:00" endTime="2010-07-27T16:23:48.9734685-06:00" testType="13cdc9d9-ddb5-4fa4-a97d-d965ccfc6d4b" outcome="Passed" testListId="8c84fa94-04c1-424b-9868-57a2d4851a1d">
      <Output>
      </Output>
    </UnitTestResult>
    <UnitTestResult executionId="5f38cfe6-35b0-4ff6-87e4-375fd0b28412" testId="1f9ca9b4-13e6-901c-c158-48a46a802657" testName="BasePathParent" computerName="US07SBUILD01" duration="00:00:00.0100423" startTime="2010-07-27T16:23:48.9763980-06:00" endTime="2010-07-27T16:23:48.9939750-06:00" testType="13cdc9d9-ddb5-4fa4-a97d-d965ccfc6d4b" outcome="Passed" testListId="8c84fa94-04c1-424b-9868-57a2d4851a1d">
      <Output>
      </Output>
    </UnitTestResult>
    <UnitTestResult executionId="cec2b7e4-9a8d-4dfb-aeaf-5abaa9ed858d" testId="7f8b07bd-34b9-36dd-2116-b96e4d1e9cc1" testName="BasePathSlash" computerName="US07SBUILD01" duration="00:00:00.0035004" startTime="2010-07-27T16:23:48.9969045-06:00" endTime="2010-07-27T16:23:49.0066695-06:00" testType="13cdc9d9-ddb5-4fa4-a97d-d965ccfc6d4b" outcome="Passed" testListId="8c84fa94-04c1-424b-9868-57a2d4851a1d">
      <Output>
      </Output>
    </UnitTestResult>
    <UnitTestResult executionId="b6aa20d8-116c-4b3e-8843-be8f2b721353" testId="4a17443d-6e12-7397-1ef3-38fbdcd2efdd" testName="CreateFile" computerName="US07SBUILD01" duration="00:00:00.0033331" startTime="2010-07-27T16:23:49.0105755-06:00" endTime="2010-07-27T16:23:49.0203405-06:00" testType="13cdc9d9-ddb5-4fa4-a97d-d965ccfc6d4b" outcome="Passed" testListId="8c84fa94-04c1-424b-9868-57a2d4851a1d">
      <Output>
      </Output>
    </UnitTestResult>
    <UnitTestResult executionId="11923f20-7eb4-4ce2-8fad-db8146f9d357" testId="3f9ec110-78f8-d62b-ce33-f3a21e01968d" testName="CreateFileAndDirectory" computerName="US07SBUILD01" duration="00:00:00.0062181" startTime="2010-07-27T16:23:49.0379185-06:00" endTime="2010-07-27T16:23:49.0379185-06:00" testType="13cdc9d9-ddb5-4fa4-a97d-d965ccfc6d4b" outcome="Passed" testListId="8c84fa94-04c1-424b-9868-57a2d4851a1d">
      <Output>
      </Output>
    </UnitTestResult>
    <UnitTestResult executionId="25d4b18a-3e19-4502-afd2-9c4847f53664" testId="49ffba92-c8c3-ce4f-4843-8ebc2b9ed8ac" testName="CreateFileOverwrite" computerName="US07SBUILD01" duration="00:00:00.0079834" startTime="2010-07-27T16:23:49.0408480-06:00" endTime="2010-07-27T16:23:49.0564720-06:00" testType="13cdc9d9-ddb5-4fa4-a97d-d965ccfc6d4b" outcome="Passed" testListId="8c84fa94-04c1-424b-9868-57a2d4851a1d">
      <Output>
      </Output>
    </UnitTestResult>
    <UnitTestResult executionId="69389681-1fe2-4ac9-8445-365b35ddb106" testId="a44a7fa8-33ab-6b63-92a6-f63ae4eb1fe0" testName="DeleteFile" computerName="US07SBUILD01" duration="00:00:00.0040259" startTime="2010-07-27T16:23:49.0584250-06:00" endTime="2010-07-27T16:23:49.0711195-06:00" testType="13cdc9d9-ddb5-4fa4-a97d-d965ccfc6d4b" outcome="Passed" testListId="8c84fa94-04c1-424b-9868-57a2d4851a1d">
      <Output>
      </Output>
    </UnitTestResult>
    <UnitTestResult executionId="042f88ba-d5c0-4783-beaa-7c82669d43d9" testId="64f30d2a-099b-5d9d-19de-bd769e909c13" testName="DeleteNoFile" computerName="US07SBUILD01" duration="00:00:00.0024871" startTime="2010-07-27T16:23:49.0750255-06:00" endTime="2010-07-27T16:23:49.0867435-06:00" testType="13cdc9d9-ddb5-4fa4-a97d-d965ccfc6d4b" outcome="Passed" testListId="8c84fa94-04c1-424b-9868-57a2d4851a1d">
      <Output>
      </Output>
    </UnitTestResult>
    <UnitTestResult executionId="bcace812-bf8f-4a36-b570-6dcecaddfcf1" testId="d442d58e-79e8-e6ae-b630-2c8b21787a00" testName="TestMethod1" computerName="US07SBUILD01" duration="00:00:00.0006073" startTime="2010-07-27T16:23:49.0886965-06:00" endTime="2010-07-27T16:23:49.0974850-06:00" testType="13cdc9d9-ddb5-4fa4-a97d-d965ccfc6d4b" outcome="Passed" testListId="8c84fa94-04c1-424b-9868-57a2d4851a1d">
      <Output>
      </Output>
    </UnitTestResult>
    <UnitTestResult executionId="4ddf8723-f8e5-4e12-9c77-738852bca81f" testId="59bd8471-ac8c-7cf1-7649-528da6ad711e" testName="AddElemActionNull" computerName="US07SBUILD01" duration="00:00:00.0084935" startTime="2010-07-27T16:23:49.0984615-06:00" endTime="2010-07-27T16:23:49.1150620-06:00" testType="13cdc9d9-ddb5-4fa4-a97d-d965ccfc6d4b" outcome="Passed" testListId="8c84fa94-04c1-424b-9868-57a2d4851a1d">
      <Output>
      </Output>
    </UnitTestResult>
    <UnitTestResult executionId="93b9648e-4a1a-499f-8c76-183fac75b16d" testId="51fbb91b-7e28-46e2-e6cc-7d28e1440707" testName="AddElemActionWorks" computerName="US07SBUILD01" duration="00:00:00.0288123" startTime="2010-07-27T16:23:49.1170150-06:00" endTime="2010-07-27T16:23:49.1550985-06:00" testType="13cdc9d9-ddb5-4fa4-a97d-d965ccfc6d4b" outcome="Passed" testListId="8c84fa94-04c1-424b-9868-57a2d4851a1d">
      <Output>
        <DebugTrace>*********************************************************************************************
﻿&lt;?xml version="1.0" encoding="utf-8"?&gt;
&lt;first xmlns="urn:logitech-dvs-fluent-xml" /&gt;
*********************************************************************************************
</DebugTrace>
      </Output>
    </UnitTestResult>
    <UnitTestResult executionId="53236e97-7c9b-4406-a376-41327ceaac89" testId="d58b18f6-c906-8409-28b3-c59523d9f8cd" testName="AddElementAppends" computerName="US07SBUILD01" duration="00:00:00.0077722" startTime="2010-07-27T16:23:49.1560750-06:00" endTime="2010-07-27T16:23:49.1716990-06:00" testType="13cdc9d9-ddb5-4fa4-a97d-d965ccfc6d4b" outcome="Passed" testListId="8c84fa94-04c1-424b-9868-57a2d4851a1d">
      <Output>
        <DebugTrace>*********************************************************************************************
﻿&lt;?xml version="1.0" encoding="utf-8"?&gt;
&lt;root xmlns="urn:logitech-dvs-fluent-xml"&gt;
  &lt;elem&gt;1&lt;/elem&gt;
  &lt;elem&gt;2&lt;/elem&gt;
  &lt;elem&gt;3&lt;/elem&gt;
&lt;/root&gt;
*********************************************************************************************
</DebugTrace>
      </Output>
    </UnitTestResult>
    <UnitTestResult executionId="7a9da979-f7c0-4ba0-8a72-9f26c18e1e58" testId="6b3ff818-c30f-e5c1-89d9-f2f62fd3467f" testName="AddElemNull" computerName="US07SBUILD01" duration="00:00:00.0005768" startTime="2010-07-27T16:23:49.1736520-06:00" endTime="2010-07-27T16:23:49.1834170-06:00" testType="13cdc9d9-ddb5-4fa4-a97d-d965ccfc6d4b" outcome="Passed" testListId="8c84fa94-04c1-424b-9868-57a2d4851a1d">
      <Output>
      </Output>
    </UnitTestResult>
    <UnitTestResult executionId="6e3070c4-37cb-4ec1-be77-2a2a41c092ec" testId="23f1fc44-c621-56c1-9c7f-7e5124c3a919" testName="AddElemWorks" computerName="US07SBUILD01" duration="00:00:00.0016393" startTime="2010-07-27T16:23:49.1853700-06:00" endTime="2010-07-27T16:23:49.1951350-06:00" testType="13cdc9d9-ddb5-4fa4-a97d-d965ccfc6d4b" outcome="Passed" testListId="8c84fa94-04c1-424b-9868-57a2d4851a1d">
      <Output>
        <DebugTrace>*********************************************************************************************
﻿&lt;?xml version="1.0" encoding="utf-8"?&gt;
&lt;root xmlns="urn:logitech-dvs-fluent-xml" /&gt;
*********************************************************************************************
</DebugTrace>
      </Output>
    </UnitTestResult>
    <UnitTestResult executionId="89390c9f-bdde-48e0-beb8-d86d94dcca6d" testId="fb90422a-1b24-dcfe-4a94-a3092d18cec2" testName="MergeEnumerable_EliminatesDuplicates" computerName="US07SBUILD01" duration="00:00:00.0402886" startTime="2010-07-27T16:23:49.1961115-06:00" endTime="2010-07-27T16:23:49.2439600-06:00" testType="13cdc9d9-ddb5-4fa4-a97d-d965ccfc6d4b" outcome="Passed" testListId="8c84fa94-04c1-424b-9868-57a2d4851a1d">
      <Output>
      </Output>
    </UnitTestResult>
    <UnitTestResult executionId="f068c9a2-0857-4426-9d56-77537c43912a" testId="bcacaa8d-7c9f-3762-0ab0-06c0f2d4905f" testName="MergeEnumerable_Multiple" computerName="US07SBUILD01" duration="00:00:00.0017412" startTime="2010-07-27T16:23:49.2459130-06:00" endTime="2010-07-27T16:23:49.2566545-06:00" testType="13cdc9d9-ddb5-4fa4-a97d-d965ccfc6d4b" outcome="Passed" testListId="8c84fa94-04c1-424b-9868-57a2d4851a1d">
      <Output>
      </Output>
    </UnitTestResult>
    <UnitTestResult executionId="817d10a7-82ec-47f4-ba2f-c21f779088a4" testId="5ebddcea-799f-7d9b-62d2-3ad4e9251e20" testName="MergeEnumerable_Single" computerName="US07SBUILD01" duration="00:00:00.0013127" startTime="2010-07-27T16:23:49.2576310-06:00" endTime="2010-07-27T16:23:49.2673960-06:00" testType="13cdc9d9-ddb5-4fa4-a97d-d965ccfc6d4b" outcome="Passed" testListId="8c84fa94-04c1-424b-9868-57a2d4851a1d">
      <Output>
      </Output>
    </UnitTestResult>
    <UnitTestResult executionId="5e656e68-2d84-4c26-9b5f-c8d89a03ae98" testId="ab62b200-3fae-2611-c9e8-9e64498a9d71" testName="CameraIPCountryUpdated" computerName="US07SBUILD01" duration="00:00:01.4370619" startTime="2010-07-27T16:23:49.2713020-06:00" endTime="2010-07-27T16:23:51.5250640-06:00" testType="13cdc9d9-ddb5-4fa4-a97d-d965ccfc6d4b" outcome="Passed" testListId="8c84fa94-04c1-424b-9868-57a2d4851a1d">
      <Output>
      </Output>
    </UnitTestResult>
    <UnitTestResult executionId="67db219c-a016-43ca-8a6d-1f7a2a97cdfe" testId="0cc04343-86bb-4fac-e2d4-a35c1c45ee8e" testName="FirmwareHistoryAdded" computerName="US07SBUILD01" duration="00:00:00.0903475" startTime="2010-07-27T16:23:51.5260405-06:00" endTime="2010-07-27T16:23:51.6217375-06:00" testType="13cdc9d9-ddb5-4fa4-a97d-d965ccfc6d4b" outcome="Passed" testListId="8c84fa94-04c1-424b-9868-57a2d4851a1d">
      <Output>
      </Output>
    </UnitTestResult>
    <UnitTestResult executionId="8a0eaf6f-22d9-4788-a55f-73d0d773aae2" testId="fefcc614-4c62-f6bc-f523-9ca73806c1f6" testName="FirmwareHistoryUnchanged" computerName="US07SBUILD01" duration="00:00:00.0152795" startTime="2010-07-27T16:23:51.6246670-06:00" endTime="2010-07-27T16:23:51.6451735-06:00" testType="13cdc9d9-ddb5-4fa4-a97d-d965ccfc6d4b" outcome="Passed" testListId="8c84fa94-04c1-424b-9868-57a2d4851a1d">
      <Output>
      </Output>
    </UnitTestResult>
    <UnitTestResult executionId="05bdfa06-ebf4-46e8-a03e-4a4f80e8cadc" testId="0bb95ddf-3de8-3b78-14e8-ebc7525419ee" testName="NewCamera" computerName="US07SBUILD01" duration="00:00:00.0294752" startTime="2010-07-27T16:23:51.6461500-06:00" endTime="2010-07-27T16:23:51.7018105-06:00" testType="13cdc9d9-ddb5-4fa4-a97d-d965ccfc6d4b" outcome="Passed" testListId="8c84fa94-04c1-424b-9868-57a2d4851a1d">
      <Output>
      </Output>
    </UnitTestResult>
    <UnitTestResult executionId="79d8919e-30cf-49d6-8e9a-58d3c5bb9e78" testId="574ae352-c3c9-11fc-2da7-20681e7e5852" testName="NewCameraInternalIP" computerName="US07SBUILD01" duration="00:00:00.0162786" startTime="2010-07-27T16:23:51.7047400-06:00" endTime="2010-07-27T16:23:51.7262230-06:00" testType="13cdc9d9-ddb5-4fa4-a97d-d965ccfc6d4b" outcome="Passed" testListId="8c84fa94-04c1-424b-9868-57a2d4851a1d">
      <Output>
      </Output>
    </UnitTestResult>
    <UnitTestResult executionId="d0fbcb7d-4fd1-4787-bac5-162b246bb9ab" testId="b7276fff-df5f-5a75-7169-2b202b346391" testName="UpdateCamera" computerName="US07SBUILD01" duration="00:00:00.0108885" startTime="2010-07-27T16:23:51.7281760-06:00" endTime="2010-07-27T16:23:51.7438000-06:00" testType="13cdc9d9-ddb5-4fa4-a97d-d965ccfc6d4b" outcome="Passed" testListId="8c84fa94-04c1-424b-9868-57a2d4851a1d">
      <Output>
      </Output>
    </UnitTestResult>
    <UnitTestResult executionId="e2594d1b-4cb6-4b78-8bcf-0d395d204d55" testId="cbda8f7a-1968-7fba-4f4a-c5138c6fbfde" testName="GetPtz" computerName="US07SBUILD01" duration="00:00:00.6197932" startTime="2010-07-27T16:23:51.7467295-06:00" endTime="2010-07-27T16:23:52.3707140-06:00" testType="13cdc9d9-ddb5-4fa4-a97d-d965ccfc6d4b" outcome="Passed" testListId="8c84fa94-04c1-424b-9868-57a2d4851a1d">
      <Output>
      </Output>
    </UnitTestResult>
    <UnitTestResult executionId="42baf2d7-1913-49be-b613-718618a30ab7" testId="5eb54b2f-9683-cdf4-3c7e-ad145d00c238" testName="GetPtz_BadMac" computerName="US07SBUILD01" duration="00:00:00.0013822" startTime="2010-07-27T16:23:52.3726670-06:00" endTime="2010-07-27T16:23:52.3785260-06:00" testType="13cdc9d9-ddb5-4fa4-a97d-d965ccfc6d4b" outcome="Passed" testListId="8c84fa94-04c1-424b-9868-57a2d4851a1d">
      <Output>
      </Output>
    </UnitTestResult>
    <UnitTestResult executionId="87945853-7f0c-45e8-bab9-f0ea42b050ec" testId="80cf5dc8-1b56-18fa-2f95-0106cd7b91ae" testName="GetPtz_NotAvailable" computerName="US07SBUILD01" duration="00:00:00.0143185" startTime="2010-07-27T16:23:52.3795025-06:00" endTime="2010-07-27T16:23:52.4000090-06:00" testType="13cdc9d9-ddb5-4fa4-a97d-d965ccfc6d4b" outcome="Passed" testListId="8c84fa94-04c1-424b-9868-57a2d4851a1d">
      <Output>
      </Output>
    </UnitTestResult>
    <UnitTestResult executionId="c4aeb61f-0595-48f8-99d0-b4bd8c7e75c1" testId="81acc424-ea9c-d33d-2904-befd3d439aa5" testName="GetPtz_NotFound" computerName="US07SBUILD01" duration="00:00:00.0046930" startTime="2010-07-27T16:23:52.4009855-06:00" endTime="2010-07-27T16:23:52.4107505-06:00" testType="13cdc9d9-ddb5-4fa4-a97d-d965ccfc6d4b" outcome="Passed" testListId="8c84fa94-04c1-424b-9868-57a2d4851a1d">
      <Output>
      </Output>
    </UnitTestResult>
    <UnitTestResult executionId="18cf86ec-9174-4173-be8c-ed4f6dfbcce8" testId="11404805-0fe9-77a0-0e57-aa2bf9bd1c9c" testName="GetPtz_Offline" computerName="US07SBUILD01" duration="00:00:00.0057247" startTime="2010-07-27T16:23:52.4127035-06:00" endTime="2010-07-27T16:23:52.4224685-06:00" testType="13cdc9d9-ddb5-4fa4-a97d-d965ccfc6d4b" outcome="Passed" testListId="8c84fa94-04c1-424b-9868-57a2d4851a1d">
      <Output>
      </Output>
    </UnitTestResult>
    <UnitTestResult executionId="665d1324-a1b6-4e8a-9c71-88613ed5779f" testId="acc79031-2fc1-4511-9bad-1d454ab1bbe4" testName="UpdatePtz" computerName="US07SBUILD01" duration="00:00:00.0138609" startTime="2010-07-27T16:23:52.4253980-06:00" endTime="2010-07-27T16:23:52.4429750-06:00" testType="13cdc9d9-ddb5-4fa4-a97d-d965ccfc6d4b" outcome="Passed" testListId="8c84fa94-04c1-424b-9868-57a2d4851a1d">
      <Output>
      </Output>
    </UnitTestResult>
    <UnitTestResult executionId="9055ed67-3588-432b-8772-b626d6f2c254" testId="2e7bccd1-b47a-b397-f26a-9eb155e25d10" testName="UpdatePtz_BadMac" computerName="US07SBUILD01" duration="00:00:00.0017365" startTime="2010-07-27T16:23:52.4459045-06:00" endTime="2010-07-27T16:23:52.4527400-06:00" testType="13cdc9d9-ddb5-4fa4-a97d-d965ccfc6d4b" outcome="Passed" testListId="8c84fa94-04c1-424b-9868-57a2d4851a1d">
      <Output>
      </Output>
    </UnitTestResult>
    <UnitTestResult executionId="8a196b4f-77cb-4df0-beb4-572db822fe23" testId="5c1f2842-976f-d01c-3cb6-9ec39dbc41b3" testName="UpdatePtz_NotFound" computerName="US07SBUILD01" duration="00:00:00.0102432" startTime="2010-07-27T16:23:52.4556695-06:00" endTime="2010-07-27T16:23:52.4703170-06:00" testType="13cdc9d9-ddb5-4fa4-a97d-d965ccfc6d4b" outcome="Passed" testListId="8c84fa94-04c1-424b-9868-57a2d4851a1d">
      <Output>
      </Output>
    </UnitTestResult>
    <UnitTestResult executionId="159f68ec-bbc0-40a1-bddd-fff31a8e5102" testId="6f2087dd-eb51-1f55-f960-126972805a51" testName="UpdatePtz_Offline" computerName="US07SBUILD01" duration="00:00:00.0109949" startTime="2010-07-27T16:23:52.4732465-06:00" endTime="2010-07-27T16:23:52.4888705-06:00" testType="13cdc9d9-ddb5-4fa4-a97d-d965ccfc6d4b" outcome="Passed" testListId="8c84fa94-04c1-424b-9868-57a2d4851a1d">
      <Output>
      </Output>
    </UnitTestResult>
    <UnitTestResult executionId="a60f3dfd-93bc-4eed-b5ab-26656b6ef8cf" testId="5f09bad3-339e-410b-1044-aaab609c7e24" testName="NewCameraSite" computerName="US07SBUILD01" duration="00:00:00.1454746" startTime="2010-07-27T16:23:52.4908235-06:00" endTime="2010-07-27T16:23:52.6451105-06:00" testType="13cdc9d9-ddb5-4fa4-a97d-d965ccfc6d4b" outcome="Passed" testListId="8c84fa94-04c1-424b-9868-57a2d4851a1d">
      <Output>
      </Output>
    </UnitTestResult>
    <UnitTestResult executionId="f90b5b73-53e2-4f4c-a07a-58dae75dbf7b" testId="6260aa57-2cae-adbd-f1dd-70318daac66e" testName="NewSite" computerName="US07SBUILD01" duration="00:00:00.1604122" startTime="2010-07-27T16:23:52.6480400-06:00" endTime="2010-07-27T16:23:52.8179510-06:00" testType="13cdc9d9-ddb5-4fa4-a97d-d965ccfc6d4b" outcome="Passed" testListId="8c84fa94-04c1-424b-9868-57a2d4851a1d">
      <Output>
      </Output>
    </UnitTestResult>
    <UnitTestResult executionId="c25baf9d-dd2d-4ab3-b292-09b69c4a4576" testId="1d69a0bd-660e-8631-d113-375ff2c1d013" testName="NonExistingCameraPresence" computerName="US07SBUILD01" duration="00:00:00.0183808" startTime="2010-07-27T16:23:52.8189275-06:00" endTime="2010-07-27T16:23:52.8472460-06:00" testType="13cdc9d9-ddb5-4fa4-a97d-d965ccfc6d4b" outcome="Passed" testListId="8c84fa94-04c1-424b-9868-57a2d4851a1d">
      <Output>
      </Output>
    </UnitTestResult>
    <UnitTestResult executionId="22753ec6-1ee8-44d6-bcb8-55425405af77" testId="1c11f909-62ad-d441-0117-d803de749d17" testName="UpdatePresence_StatusChanged" computerName="US07SBUILD01" duration="00:00:00.0237748" startTime="2010-07-27T16:23:52.8501755-06:00" endTime="2010-07-27T16:23:52.8814235-06:00" testType="13cdc9d9-ddb5-4fa4-a97d-d965ccfc6d4b" outcome="Passed" testListId="8c84fa94-04c1-424b-9868-57a2d4851a1d">
      <Output>
      </Output>
    </UnitTestResult>
    <UnitTestResult executionId="7d01d62d-55ec-4bd8-92f6-13b99f6dcd97" testId="b1a5dde0-902d-b14c-1978-2a18db98df95" testName="UpdatePresence_StatusNotChanged" computerName="US07SBUILD01" duration="00:00:00.0142560" startTime="2010-07-27T16:23:52.8843530-06:00" endTime="2010-07-27T16:23:52.9058360-06:00" testType="13cdc9d9-ddb5-4fa4-a97d-d965ccfc6d4b" outcome="Passed" testListId="8c84fa94-04c1-424b-9868-57a2d4851a1d">
      <Output>
      </Output>
    </UnitTestResult>
    <UnitTestResult executionId="78cc58ef-1b12-4eb5-a352-19d6a958f193" testId="1c8f64df-5cc2-e4fc-7afb-1ee67d22e492" testName="LengthFromHeader" computerName="US07SBUILD01" duration="00:00:00.0835907" startTime="2010-07-27T16:23:52.9116950-06:00" endTime="2010-07-27T16:23:53.0132520-06:00" testType="13cdc9d9-ddb5-4fa4-a97d-d965ccfc6d4b" outcome="Passed" testListId="8c84fa94-04c1-424b-9868-57a2d4851a1d">
      <Output>
      </Output>
    </UnitTestResult>
    <UnitTestResult executionId="8cc00492-7c24-4214-954b-2f5b0f2dae14" testId="6d3e5c91-95f9-6859-be47-0bc8ba4028fc" testName="LengthTimeout" computerName="US07SBUILD01" duration="00:00:00.2834195" startTime="2010-07-27T16:23:53.0132520-06:00" endTime="2010-07-27T16:23:53.2974135-06:00" testType="13cdc9d9-ddb5-4fa4-a97d-d965ccfc6d4b" outcome="Passed" testListId="8c84fa94-04c1-424b-9868-57a2d4851a1d">
      <Output>
      </Output>
    </UnitTestResult>
    <UnitTestResult executionId="9a78ba16-4ffa-460f-ba81-00b41a354630" testId="db220476-c2ef-7fd1-d7d5-93c44f89dcf2" testName="ReadAll" computerName="US07SBUILD01" duration="00:00:00.0098898" startTime="2010-07-27T16:23:53.2983900-06:00" endTime="2010-07-27T16:23:53.3335440-06:00" testType="13cdc9d9-ddb5-4fa4-a97d-d965ccfc6d4b" outcome="Passed" testListId="8c84fa94-04c1-424b-9868-57a2d4851a1d">
      <Output>
      </Output>
    </UnitTestResult>
    <UnitTestResult executionId="d31dc9ef-dbc6-4244-880d-189d9aa6118a" testId="1d223ebe-f7d0-e2e6-7aa3-42defe8090cf" testName="GetClipFromCamera" computerName="US07SBUILD01" duration="00:00:00.3805810" startTime="2010-07-27T16:23:53.3354970-06:00" endTime="2010-07-27T16:23:53.7260970-06:00" testType="13cdc9d9-ddb5-4fa4-a97d-d965ccfc6d4b" outcome="Passed" testListId="8c84fa94-04c1-424b-9868-57a2d4851a1d">
      <Output>
      </Output>
    </UnitTestResult>
    <UnitTestResult executionId="fa14af4f-7a10-4cc7-9e16-0c76da32f5eb" testId="683e417f-2507-1743-f69e-0778e41d8d24" testName="GetClipFromCameraOffline" computerName="US07SBUILD01" duration="00:00:00.0196499" startTime="2010-07-27T16:23:53.7319560-06:00" endTime="2010-07-27T16:23:53.7573450-06:00" testType="13cdc9d9-ddb5-4fa4-a97d-d965ccfc6d4b" outcome="Passed" testListId="8c84fa94-04c1-424b-9868-57a2d4851a1d">
      <Output>
      </Output>
    </UnitTestResult>
    <UnitTestResult executionId="ec8401f7-aab5-491a-baa1-75927cce0b6d" testId="a273857e-3436-ab8e-404f-38e200458464" testName="GetClipFromStorage" computerName="US07SBUILD01" duration="00:00:00.0178986" startTime="2010-07-27T16:23:53.7602745-06:00" endTime="2010-07-27T16:23:53.8549950-06:00" testType="13cdc9d9-ddb5-4fa4-a97d-d965ccfc6d4b" outcome="Passed" testListId="8c84fa94-04c1-424b-9868-57a2d4851a1d">
      <Output>
      </Output>
    </UnitTestResult>
    <UnitTestResult executionId="821ca473-d566-43b7-ba6f-a8253ea1ddf3" testId="f3b8b0ed-3a92-dcde-d586-2f841ba080e1" testName="GetClipHostOverride" computerName="US07SBUILD01" duration="00:00:00.0144987" startTime="2010-07-27T16:23:53.8569480-06:00" endTime="2010-07-27T16:23:53.8794075-06:00" testType="13cdc9d9-ddb5-4fa4-a97d-d965ccfc6d4b" outcome="Passed" testListId="8c84fa94-04c1-424b-9868-57a2d4851a1d">
      <Output>
      </Output>
    </UnitTestResult>
    <UnitTestResult executionId="e1c76e1d-104c-4b9e-924b-88a19d51c02b" testId="1b841d61-3d7d-abf3-781b-be8715bfe959" testName="GetClipInvalidMac" computerName="US07SBUILD01" duration="00:00:00.0076504" startTime="2010-07-27T16:23:53.8813605-06:00" endTime="2010-07-27T16:23:53.8969845-06:00" testType="13cdc9d9-ddb5-4fa4-a97d-d965ccfc6d4b" outcome="Passed" testListId="8c84fa94-04c1-424b-9868-57a2d4851a1d">
      <Output>
      </Output>
    </UnitTestResult>
    <UnitTestResult executionId="1c3e0239-a778-41f1-9f97-b5b5e2d15afa" testId="d0a0d892-a7ba-ac2a-3933-0195400ddf4c" testName="GetClipNoMac" computerName="US07SBUILD01" duration="00:00:00.0067472" startTime="2010-07-27T16:23:53.8989375-06:00" endTime="2010-07-27T16:23:53.9135850-06:00" testType="13cdc9d9-ddb5-4fa4-a97d-d965ccfc6d4b" outcome="Passed" testListId="8c84fa94-04c1-424b-9868-57a2d4851a1d">
      <Output>
      </Output>
    </UnitTestResult>
    <UnitTestResult executionId="17cc9c30-0397-41b3-97c9-21f5af87a414" testId="874a76e0-6add-caba-b166-a609882e7ef9" testName="GetClipNoMediaId" computerName="US07SBUILD01" duration="00:00:00.0075076" startTime="2010-07-27T16:23:53.9155380-06:00" endTime="2010-07-27T16:23:53.9321385-06:00" testType="13cdc9d9-ddb5-4fa4-a97d-d965ccfc6d4b" outcome="Passed" testListId="8c84fa94-04c1-424b-9868-57a2d4851a1d">
      <Output>
      </Output>
    </UnitTestResult>
    <UnitTestResult executionId="30975b3c-afd5-40d8-96ce-a8b53e625003" testId="cc2f3fe6-b4d5-e1b6-629f-bd067c4ac721" testName="GetClipToDestination" computerName="US07SBUILD01" duration="00:00:00.0211473" startTime="2010-07-27T16:23:53.9350680-06:00" endTime="2010-07-27T16:23:53.9653395-06:00" testType="13cdc9d9-ddb5-4fa4-a97d-d965ccfc6d4b" outcome="Passed" testListId="8c84fa94-04c1-424b-9868-57a2d4851a1d">
      <Output>
      </Output>
    </UnitTestResult>
    <UnitTestResult executionId="beb92c86-3824-44b5-94a3-ffef86d68f44" testId="bc7849d6-7432-3f6c-1db1-f6508e4a160d" testName="GetClipUnknownMac" computerName="US07SBUILD01" duration="00:00:00.0198125" startTime="2010-07-27T16:23:53.9682690-06:00" endTime="2010-07-27T16:23:53.9956110-06:00" testType="13cdc9d9-ddb5-4fa4-a97d-d965ccfc6d4b" outcome="Passed" testListId="8c84fa94-04c1-424b-9868-57a2d4851a1d">
      <Output>
      </Output>
    </UnitTestResult>
    <UnitTestResult executionId="4c8523c7-826e-4fec-8ad7-11680d862e26" testId="8b354b68-7b53-b58a-5aab-f89685fe4cd9" testName="GetShareStatus" computerName="US07SBUILD01" duration="00:00:00.0118182" startTime="2010-07-27T16:23:53.9975640-06:00" endTime="2010-07-27T16:23:54.0180705-06:00" testType="13cdc9d9-ddb5-4fa4-a97d-d965ccfc6d4b" outcome="Passed" testListId="8c84fa94-04c1-424b-9868-57a2d4851a1d">
      <Output>
      </Output>
    </UnitTestResult>
    <UnitTestResult executionId="dce62ec1-2621-41cf-979a-1483761e1dcb" testId="1b3c1621-47c1-c65d-cab3-63aef7adbcf0" testName="GetShareStatusRemove" computerName="US07SBUILD01" duration="00:00:00.0082837" startTime="2010-07-27T16:23:54.0210000-06:00" endTime="2010-07-27T16:23:54.0376005-06:00" testType="13cdc9d9-ddb5-4fa4-a97d-d965ccfc6d4b" outcome="Passed" testListId="8c84fa94-04c1-424b-9868-57a2d4851a1d">
      <Output>
      </Output>
    </UnitTestResult>
    <UnitTestResult executionId="c3d2771a-ab05-43a8-aa4d-76319c108f4a" testId="854cb603-e1d6-242f-f7a7-88ce1a807ce4" testName="GetShareStatusUnknown" computerName="US07SBUILD01" duration="00:00:00.0078001" startTime="2010-07-27T16:23:54.0415065-06:00" endTime="2010-07-27T16:23:54.0551775-06:00" testType="13cdc9d9-ddb5-4fa4-a97d-d965ccfc6d4b" outcome="Passed" testListId="8c84fa94-04c1-424b-9868-57a2d4851a1d">
      <Output>
      </Output>
    </UnitTestResult>
    <UnitTestResult executionId="8edf0b35-3134-4350-981d-58470e66dd7f" testId="273c51e5-436e-07ec-c4de-7e993c2a8d2b" testName="ShareToYouTubeFromCamera" computerName="US07SBUILD01" duration="00:00:00.0269148" startTime="2010-07-27T16:23:54.0571305-06:00" endTime="2010-07-27T16:23:54.0922845-06:00" testType="13cdc9d9-ddb5-4fa4-a97d-d965ccfc6d4b" outcome="Passed" testListId="8c84fa94-04c1-424b-9868-57a2d4851a1d">
      <Output>
      </Output>
    </UnitTestResult>
    <UnitTestResult executionId="902d5b14-d01a-41b8-97ba-46a58600ab6a" testId="ead6d0a1-2d67-d804-d619-bd9048475f66" testName="ShareToYouTubeFromCameraOffline" computerName="US07SBUILD01" duration="00:00:00.0166266" startTime="2010-07-27T16:23:54.0942375-06:00" endTime="2010-07-27T16:23:54.1166970-06:00" testType="13cdc9d9-ddb5-4fa4-a97d-d965ccfc6d4b" outcome="Passed" testListId="8c84fa94-04c1-424b-9868-57a2d4851a1d">
      <Output>
      </Output>
    </UnitTestResult>
    <UnitTestResult executionId="6b379972-6dd7-46fd-ae68-a1ccf427e8e4" testId="c9aef68e-bd08-efc0-48b9-27308c13eedd" testName="ShareToYouTubeFromStorage" computerName="US07SBUILD01" duration="00:00:00.0085563" startTime="2010-07-27T16:23:54.1196265-06:00" endTime="2010-07-27T16:23:54.1313445-06:00" testType="13cdc9d9-ddb5-4fa4-a97d-d965ccfc6d4b" outcome="Passed" testListId="8c84fa94-04c1-424b-9868-57a2d4851a1d">
      <Output>
      </Output>
    </UnitTestResult>
    <UnitTestResult executionId="0c400daf-2611-49bb-8ff8-aa4ba572e707" testId="12112d10-bfa9-6e97-b9d5-6230b9765721" testName="ShareToYouTubeInvalidMac" computerName="US07SBUILD01" duration="00:00:00.0067125" startTime="2010-07-27T16:23:54.1342740-06:00" endTime="2010-07-27T16:23:54.1479450-06:00" testType="13cdc9d9-ddb5-4fa4-a97d-d965ccfc6d4b" outcome="Passed" testListId="8c84fa94-04c1-424b-9868-57a2d4851a1d">
      <Output>
      </Output>
    </UnitTestResult>
    <UnitTestResult executionId="2c0fa857-db48-410f-9256-e09e9640fb6f" testId="e0b27599-69f7-70dc-ed6c-0fbff189e920" testName="ShareToYouTubeNoMac" computerName="US07SBUILD01" duration="00:00:00.0038591" startTime="2010-07-27T16:23:54.1508745-06:00" endTime="2010-07-27T16:23:54.1586865-06:00" testType="13cdc9d9-ddb5-4fa4-a97d-d965ccfc6d4b" outcome="Passed" testListId="8c84fa94-04c1-424b-9868-57a2d4851a1d">
      <Output>
      </Output>
    </UnitTestResult>
    <UnitTestResult executionId="27d50417-6112-47c4-8728-257d6ed3f13f" testId="0b97ae0d-78af-cc90-0f7d-5e1556a074d6" testName="ShareToYouTubeNoMediaId" computerName="US07SBUILD01" duration="00:00:00.0066368" startTime="2010-07-27T16:23:54.1616160-06:00" endTime="2010-07-27T16:23:54.1723575-06:00" testType="13cdc9d9-ddb5-4fa4-a97d-d965ccfc6d4b" outcome="Passed" testListId="8c84fa94-04c1-424b-9868-57a2d4851a1d">
      <Output>
      </Output>
    </UnitTestResult>
    <UnitTestResult executionId="4ecde586-3dd9-4da9-9b11-7143a94316ac" testId="0c75538e-6245-5a11-2362-69aeaa4d8c1e" testName="ShareToYouTubeStatusUrl" computerName="US07SBUILD01" duration="00:00:00.0139009" startTime="2010-07-27T16:23:54.1743105-06:00" endTime="2010-07-27T16:23:54.1987230-06:00" testType="13cdc9d9-ddb5-4fa4-a97d-d965ccfc6d4b" outcome="Passed" testListId="8c84fa94-04c1-424b-9868-57a2d4851a1d">
      <Output>
      </Output>
    </UnitTestResult>
    <UnitTestResult executionId="8ac2ab58-4f55-44c9-bd36-4be458555469" testId="ec57ae2a-31ba-68e8-f889-184e5dfdeeca" testName="ShareToYouTubeUnknownMac" computerName="US07SBUILD01" duration="00:00:00.0101029" startTime="2010-07-27T16:23:54.2026290-06:00" endTime="2010-07-27T16:23:54.2172765-06:00" testType="13cdc9d9-ddb5-4fa4-a97d-d965ccfc6d4b" outcome="Passed" testListId="8c84fa94-04c1-424b-9868-57a2d4851a1d">
      <Output>
      </Output>
    </UnitTestResult>
    <UnitTestResult executionId="b2e893ed-4ab1-4ba1-af80-cbb0931df5f3" testId="18b21502-278f-0892-5036-e12d53815dc8" testName="CreateOrUpdateCommander_BadId" computerName="US07SBUILD01" duration="00:00:00.1929829" startTime="2010-07-27T16:23:54.2202060-06:00" endTime="2010-07-27T16:23:54.4194140-06:00" testType="13cdc9d9-ddb5-4fa4-a97d-d965ccfc6d4b" outcome="Passed" testListId="8c84fa94-04c1-424b-9868-57a2d4851a1d">
      <Output>
      </Output>
    </UnitTestResult>
    <UnitTestResult executionId="4729ea81-aa82-4cf3-8c56-94acf537d577" testId="a886a3f6-2e83-9e31-a598-f40941cfadf5" testName="CreateOrUpdateCommander_Create" computerName="US07SBUILD01" duration="00:00:00.0540278" startTime="2010-07-27T16:23:54.4203905-06:00" endTime="2010-07-27T16:23:54.4877690-06:00" testType="13cdc9d9-ddb5-4fa4-a97d-d965ccfc6d4b" outcome="Passed" testListId="8c84fa94-04c1-424b-9868-57a2d4851a1d">
      <Output>
      </Output>
    </UnitTestResult>
    <UnitTestResult executionId="92213a3d-3c7a-4644-ac07-80e1557ad513" testId="44d71be7-b245-d575-c4c9-f89a17afb55b" testName="CreateOrUpdateCommander_MissingRequired" computerName="US07SBUILD01" duration="00:00:00.0673342" startTime="2010-07-27T16:23:54.4887455-06:00" endTime="2010-07-27T16:23:54.5610065-06:00" testType="13cdc9d9-ddb5-4fa4-a97d-d965ccfc6d4b" outcome="Passed" testListId="8c84fa94-04c1-424b-9868-57a2d4851a1d">
      <Output>
      </Output>
    </UnitTestResult>
    <UnitTestResult executionId="9c22c8d0-914c-4190-9496-762168b4e8f4" testId="3d58a5bc-9d47-e40c-5786-00ca639a7b45" testName="CreateOrUpdateCommander_UpdateModified" computerName="US07SBUILD01" duration="00:00:00.0169622" startTime="2010-07-27T16:23:54.5639360-06:00" endTime="2010-07-27T16:23:54.5834660-06:00" testType="13cdc9d9-ddb5-4fa4-a97d-d965ccfc6d4b" outcome="Passed" testListId="8c84fa94-04c1-424b-9868-57a2d4851a1d">
      <Output>
      </Output>
    </UnitTestResult>
    <UnitTestResult executionId="d34d7057-39c8-4371-9e25-634a2bafd42a" testId="6ddda81a-f353-b869-8e0a-8e97698408c0" testName="CreateOrUpdateCommander_UpdateNotModified" computerName="US07SBUILD01" duration="00:00:00.0119350" startTime="2010-07-27T16:23:54.5863955-06:00" endTime="2010-07-27T16:23:54.6029960-06:00" testType="13cdc9d9-ddb5-4fa4-a97d-d965ccfc6d4b" outcome="Passed" testListId="8c84fa94-04c1-424b-9868-57a2d4851a1d">
      <Output>
      </Output>
    </UnitTestResult>
    <UnitTestResult executionId="4d1c6cc4-779c-48d1-b550-b1a318d84fc7" testId="73765fb5-e537-2360-5ff9-00438445ccf5" testName="GetCommanderById_BadRequest" computerName="US07SBUILD01" duration="00:00:00.0043857" startTime="2010-07-27T16:23:54.6049490-06:00" endTime="2010-07-27T16:23:54.6147140-06:00" testType="13cdc9d9-ddb5-4fa4-a97d-d965ccfc6d4b" outcome="Passed" testListId="8c84fa94-04c1-424b-9868-57a2d4851a1d">
      <Output>
      </Output>
    </UnitTestResult>
    <UnitTestResult executionId="7ec17fcf-37ff-4ad6-997a-841e3a7abe18" testId="71b7f9d2-97a0-198e-fac5-70f598b5e8e8" testName="GetCommanderById_Found" computerName="US07SBUILD01" duration="00:00:00.0819302" startTime="2010-07-27T16:23:54.6166670-06:00" endTime="2010-07-27T16:23:54.7025990-06:00" testType="13cdc9d9-ddb5-4fa4-a97d-d965ccfc6d4b" outcome="Passed" testListId="8c84fa94-04c1-424b-9868-57a2d4851a1d">
      <Output>
      </Output>
    </UnitTestResult>
    <UnitTestResult executionId="c6b06ba2-a682-4de5-bc63-56181b42cdd1" testId="c44aa344-3638-b23c-8c07-deee8e2854f8" testName="GetCommanderById_NotFound" computerName="US07SBUILD01" duration="00:00:00.0088273" startTime="2010-07-27T16:23:54.7035755-06:00" endTime="2010-07-27T16:23:54.7172465-06:00" testType="13cdc9d9-ddb5-4fa4-a97d-d965ccfc6d4b" outcome="Passed" testListId="8c84fa94-04c1-424b-9868-57a2d4851a1d">
      <Output>
      </Output>
    </UnitTestResult>
    <UnitTestResult executionId="646b16ed-afb0-4bf0-a042-5283e835e2c1" testId="dc24f8d1-60cf-2746-c86b-d4aa4be3990f" testName="GetCommandersByQuery_NoCommanders" computerName="US07SBUILD01" duration="00:00:00.0284863" startTime="2010-07-27T16:23:54.7201760-06:00" endTime="2010-07-27T16:23:54.7553300-06:00" testType="13cdc9d9-ddb5-4fa4-a97d-d965ccfc6d4b" outcome="Passed" testListId="8c84fa94-04c1-424b-9868-57a2d4851a1d">
      <Output>
      </Output>
    </UnitTestResult>
    <UnitTestResult executionId="c1893d77-2438-4dd5-97f0-1b5cfca91e38" testId="f04869ad-9bdb-81c6-6188-b360687a0841" testName="GetCommandersByQuery_NoUserName" computerName="US07SBUILD01" duration="00:00:00.0025489" startTime="2010-07-27T16:23:54.7572830-06:00" endTime="2010-07-27T16:23:54.7690010-06:00" testType="13cdc9d9-ddb5-4fa4-a97d-d965ccfc6d4b" outcome="Passed" testListId="8c84fa94-04c1-424b-9868-57a2d4851a1d">
      <Output>
      </Output>
    </UnitTestResult>
    <UnitTestResult executionId="2bb3a145-e809-4513-94ad-e923f3e8ba51" testId="7d8a69f3-46d6-dff8-c392-55bd86aefbf7" testName="GetCommandersByQuery_WithCommanders" computerName="US07SBUILD01" duration="00:00:00.0138369" startTime="2010-07-27T16:23:54.7699775-06:00" endTime="2010-07-27T16:23:54.7914605-06:00" testType="13cdc9d9-ddb5-4fa4-a97d-d965ccfc6d4b" outcome="Passed" testListId="8c84fa94-04c1-424b-9868-57a2d4851a1d">
      <Output>
      </Output>
    </UnitTestResult>
    <UnitTestResult executionId="d4a3a3f1-1956-4239-b129-420c1942f943" testId="f30c2e91-b62b-7795-cc3e-759b7cca1a28" testName="CreateProductKeyBatch_BatchEntity" computerName="US07SBUILD01" duration="00:00:00.2734747" startTime="2010-07-27T16:23:54.7934135-06:00" endTime="2010-07-27T16:23:55.0736690-06:00" testType="13cdc9d9-ddb5-4fa4-a97d-d965ccfc6d4b" outcome="Passed" testListId="8c84fa94-04c1-424b-9868-57a2d4851a1d">
      <Output>
      </Output>
    </UnitTestResult>
    <UnitTestResult executionId="168db4da-e8f1-43b9-9623-9cad3182c094" testId="48a56666-8ed2-c485-c1a0-6be47602de4f" testName="CreateProductKeyBatch_Count" computerName="US07SBUILD01" duration="00:00:00.0299216" startTime="2010-07-27T16:23:55.0765985-06:00" endTime="2010-07-27T16:23:55.1146820-06:00" testType="13cdc9d9-ddb5-4fa4-a97d-d965ccfc6d4b" outcome="Passed" testListId="8c84fa94-04c1-424b-9868-57a2d4851a1d">
      <Output>
      </Output>
    </UnitTestResult>
    <UnitTestResult executionId="32c0b03a-1a00-4bdc-a0bb-11c11302eab8" testId="fd7f76d6-e3b0-5ad4-a284-348b4d24f2ee" testName="CreateProductKeyBatch_InvalidProduct" computerName="US07SBUILD01" duration="00:00:00.0089176" startTime="2010-07-27T16:23:55.1185880-06:00" endTime="2010-07-27T16:23:55.1430005-06:00" testType="13cdc9d9-ddb5-4fa4-a97d-d965ccfc6d4b" outcome="Passed" testListId="8c84fa94-04c1-424b-9868-57a2d4851a1d">
      <Output>
      </Output>
    </UnitTestResult>
    <UnitTestResult executionId="a053fcc6-11d2-440e-bff2-f74c3559aac7" testId="d28a125a-f8d9-3a83-2820-d38fd4a8cf84" testName="CreateProductKeyBatch_InvalidProductKeyCategory" computerName="US07SBUILD01" duration="00:00:00.0100644" startTime="2010-07-27T16:23:55.1459300-06:00" endTime="2010-07-27T16:23:55.1596010-06:00" testType="13cdc9d9-ddb5-4fa4-a97d-d965ccfc6d4b" outcome="Passed" testListId="8c84fa94-04c1-424b-9868-57a2d4851a1d">
      <Output>
      </Output>
    </UnitTestResult>
    <UnitTestResult executionId="5121ca76-401a-41ff-9dab-5a5a97a86c26" testId="56d52520-8e5d-d88e-44b3-acef93ef55bc" testName="GetKeyInfo_Malformed" computerName="US07SBUILD01" duration="00:00:00.0047818" startTime="2010-07-27T16:23:55.1605775-06:00" endTime="2010-07-27T16:23:55.1703425-06:00" testType="13cdc9d9-ddb5-4fa4-a97d-d965ccfc6d4b" outcome="Passed" testListId="8c84fa94-04c1-424b-9868-57a2d4851a1d">
      <Output>
      </Output>
    </UnitTestResult>
    <UnitTestResult executionId="8527c6b5-bd47-4afc-b181-2c6ac0559c04" testId="c2ae881e-3393-2ae5-cc84-46766b44f89f" testName="GetKeyInfo_NotFound" computerName="US07SBUILD01" duration="00:00:00.0090891" startTime="2010-07-27T16:23:55.1713190-06:00" endTime="2010-07-27T16:23:55.1869430-06:00" testType="13cdc9d9-ddb5-4fa4-a97d-d965ccfc6d4b" outcome="Passed" testListId="8c84fa94-04c1-424b-9868-57a2d4851a1d">
      <Output>
      </Output>
    </UnitTestResult>
    <UnitTestResult executionId="52cdaea4-4a36-425d-882d-9f4b0d672ac1" testId="23740ab9-b7c2-41f2-8170-04e024ac10b1" testName="GetKeyInfo_Unused" computerName="US07SBUILD01" duration="00:00:00.0182157" startTime="2010-07-27T16:23:55.1898725-06:00" endTime="2010-07-27T16:23:55.2123320-06:00" testType="13cdc9d9-ddb5-4fa4-a97d-d965ccfc6d4b" outcome="Passed" testListId="8c84fa94-04c1-424b-9868-57a2d4851a1d">
      <Output>
      </Output>
    </UnitTestResult>
    <UnitTestResult executionId="1ccad0ad-08a7-4279-a03c-0cfff9f7c594" testId="ba70cfbc-d41c-f566-79e8-7ef5bd55d829" testName="GetKeyInfo_Used" computerName="US07SBUILD01" duration="00:00:00.1356951" startTime="2010-07-27T16:23:55.2152615-06:00" endTime="2010-07-27T16:23:55.3588070-06:00" testType="13cdc9d9-ddb5-4fa4-a97d-d965ccfc6d4b" outcome="Passed" testListId="8c84fa94-04c1-424b-9868-57a2d4851a1d">
      <Output>
      </Output>
    </UnitTestResult>
    <UnitTestResult executionId="5bc13371-9707-42fb-983c-df3c1db4068e" testId="295fae18-7c2e-8110-9330-c92298ce58cf" testName="GetKeyInfoForBatchCsv_AllKeys" computerName="US07SBUILD01" duration="00:00:00.0572676" startTime="2010-07-27T16:23:55.4027495-06:00" endTime="2010-07-27T16:23:55.4691515-06:00" testType="13cdc9d9-ddb5-4fa4-a97d-d965ccfc6d4b" outcome="Passed" testListId="8c84fa94-04c1-424b-9868-57a2d4851a1d">
      <Output>
      </Output>
    </UnitTestResult>
    <UnitTestResult executionId="91bf279b-4bdc-4e30-97eb-2aee0d786dda" testId="0b7e0d44-12d1-49c1-78a8-a4eb544bcc8b" testName="GetKeyInfoForBatchCsv_BatchNotFound" computerName="US07SBUILD01" duration="00:00:00.0113603" startTime="2010-07-27T16:23:55.5218825-06:00" endTime="2010-07-27T16:23:55.5394595-06:00" testType="13cdc9d9-ddb5-4fa4-a97d-d965ccfc6d4b" outcome="Passed" testListId="8c84fa94-04c1-424b-9868-57a2d4851a1d">
      <Output>
      </Output>
    </UnitTestResult>
    <UnitTestResult executionId="70926d84-0ab1-4d4f-9385-cc81b4430144" testId="9a645fad-61ea-6ebc-137d-303d7b9df07f" testName="GetKeyInfoForBatchCsv_BatchNotSpecified" computerName="US07SBUILD01" duration="00:00:00.0032755" startTime="2010-07-27T16:23:55.5404360-06:00" endTime="2010-07-27T16:23:55.5531305-06:00" testType="13cdc9d9-ddb5-4fa4-a97d-d965ccfc6d4b" outcome="Passed" testListId="8c84fa94-04c1-424b-9868-57a2d4851a1d">
      <Output>
      </Output>
    </UnitTestResult>
    <UnitTestResult executionId="e017862e-90c7-4bef-9232-dc10423672a1" testId="7f169a47-9550-43de-1c38-f842fed96817" testName="GetProductKeyBatches_All" computerName="US07SBUILD01" duration="00:00:00.0345292" startTime="2010-07-27T16:23:55.5550835-06:00" endTime="2010-07-27T16:23:55.5960965-06:00" testType="13cdc9d9-ddb5-4fa4-a97d-d965ccfc6d4b" outcome="Passed" testListId="8c84fa94-04c1-424b-9868-57a2d4851a1d">
      <Output>
      </Output>
    </UnitTestResult>
    <UnitTestResult executionId="b97d84cb-ce45-442e-8c65-3eab8190b676" testId="367a4ab6-4e43-b4bc-9d2c-8a1884a8e2e8" testName="GetProductKeyBatches_NotFound" computerName="US07SBUILD01" duration="00:00:00.0096981" startTime="2010-07-27T16:23:55.5980495-06:00" endTime="2010-07-27T16:23:55.6117205-06:00" testType="13cdc9d9-ddb5-4fa4-a97d-d965ccfc6d4b" outcome="Passed" testListId="8c84fa94-04c1-424b-9868-57a2d4851a1d">
      <Output>
      </Output>
    </UnitTestResult>
    <UnitTestResult executionId="aa974aab-5769-4ccc-90ef-3540874ff994" testId="dead4c53-8526-5a90-2f5a-51fffe3e061a" testName="GetProductKeyBatches_One" computerName="US07SBUILD01" duration="00:00:00.0345119" startTime="2010-07-27T16:23:55.6136735-06:00" endTime="2010-07-27T16:23:55.6585925-06:00" testType="13cdc9d9-ddb5-4fa4-a97d-d965ccfc6d4b" outcome="Passed" testListId="8c84fa94-04c1-424b-9868-57a2d4851a1d">
      <Output>
      </Output>
    </UnitTestResult>
    <UnitTestResult executionId="20a5dc05-8071-4f75-b9ea-78026b0df54b" testId="ee13f6c0-8b34-9f2f-ac08-2c4e323be5f9" testName="GetProductKeyCategories_ToProductKeyCategoryInfoCollection" computerName="US07SBUILD01" duration="00:00:00.0177698" startTime="2010-07-27T16:23:55.6615220-06:00" endTime="2010-07-27T16:23:55.6869110-06:00" testType="13cdc9d9-ddb5-4fa4-a97d-d965ccfc6d4b" outcome="Passed" testListId="8c84fa94-04c1-424b-9868-57a2d4851a1d">
      <Output>
      </Output>
    </UnitTestResult>
    <UnitTestResult executionId="81a303b3-2850-4d04-852c-7dfd3ae9bae5" testId="98094c08-a7d2-b64f-1e29-3f79397d2a44" testName="GetProductRegistration_ById" computerName="US07SBUILD01" duration="00:00:00.0718515" startTime="2010-07-27T16:23:55.6898405-06:00" endTime="2010-07-27T16:23:55.7689370-06:00" testType="13cdc9d9-ddb5-4fa4-a97d-d965ccfc6d4b" outcome="Passed" testListId="8c84fa94-04c1-424b-9868-57a2d4851a1d">
      <Output>
      </Output>
    </UnitTestResult>
    <UnitTestResult executionId="49e0a60b-9f2a-4976-94aa-b0d44fd590fc" testId="c3e304b6-d053-c6d7-bd22-4106cfccdba5" testName="GetProductRegistration_Invalid" computerName="US07SBUILD01" duration="00:00:00.0059862" startTime="2010-07-27T16:23:55.7728430-06:00" endTime="2010-07-27T16:23:55.7855375-06:00" testType="13cdc9d9-ddb5-4fa4-a97d-d965ccfc6d4b" outcome="Passed" testListId="8c84fa94-04c1-424b-9868-57a2d4851a1d">
      <Output>
      </Output>
    </UnitTestResult>
    <UnitTestResult executionId="c90f4a1a-d239-4539-b6cc-554e7ec91fe8" testId="87d8bb1b-c0de-060b-4d0a-5c7b92bfcd5c" testName="GetProductRegistration_NotFound" computerName="US07SBUILD01" duration="00:00:00.0151401" startTime="2010-07-27T16:23:55.7884670-06:00" endTime="2010-07-27T16:23:55.8109265-06:00" testType="13cdc9d9-ddb5-4fa4-a97d-d965ccfc6d4b" outcome="Passed" testListId="8c84fa94-04c1-424b-9868-57a2d4851a1d">
      <Output>
      </Output>
    </UnitTestResult>
    <UnitTestResult executionId="1ff8387f-bfb1-410b-ae8f-bfef45e73d0e" testId="4da1b380-1e4f-e77f-56ff-e867af970f4d" testName="GetProductRegistrationByUser_All" computerName="US07SBUILD01" duration="00:00:00.0534386" startTime="2010-07-27T16:23:55.8138560-06:00" endTime="2010-07-27T16:23:55.8753755-06:00" testType="13cdc9d9-ddb5-4fa4-a97d-d965ccfc6d4b" outcome="Failed" testListId="8c84fa94-04c1-424b-9868-57a2d4851a1d">
      <Output>
        <ErrorInfo>
          <Message>Test method Logitech.Dvs.Web.Test.CommerceServiceTests.GetProductRegistrationByUser_All threw exception:  System.NullReferenceException: Object reference not set to an instance of an object..</Message>
          <StackTrace>    at Logitech.Dvs.Web.Services.CommerceService.GetProductRegistrationsByUser() in f:\TeamCity\buildAgent\work\eee3f59bf291369f\Logitech\Dvs\Web\Services\CommerceService.cs:line 429
   at Logitech.Dvs.Web.Test.CommerceServiceTests.GetProductRegistrationByUser_All() in f:\TeamCity\buildAgent\work\eee3f59bf291369f\Logitech\Dvs\Web\Test\CommerceServiceTests.cs:line 1262
</StackTrace>
        </ErrorInfo>
      </Output>
    </UnitTestResult>
    <UnitTestResult executionId="9e72d9d3-142f-47d7-9f25-62127cee1c5e" testId="aed23c67-c145-4ef3-9f2d-faec8951bd7b" testName="GetProductRegistrationByUser_UserNotFound" computerName="US07SBUILD01" duration="00:00:00.0071587" startTime="2010-07-27T16:23:55.8773285-06:00" endTime="2010-07-27T16:23:55.8909995-06:00" testType="13cdc9d9-ddb5-4fa4-a97d-d965ccfc6d4b" outcome="Failed" testListId="8c84fa94-04c1-424b-9868-57a2d4851a1d">
      <Output>
        <ErrorInfo>
          <Message>Test method Logitech.Dvs.Web.Test.CommerceServiceTests.GetProductRegistrationByUser_UserNotFound threw exception:  System.NullReferenceException: Object reference not set to an instance of an object..</Message>
          <StackTrace>    at Logitech.Dvs.Web.Services.CommerceService.GetProductRegistrationsByUser() in f:\TeamCity\buildAgent\work\eee3f59bf291369f\Logitech\Dvs\Web\Services\CommerceService.cs:line 429
   at Logitech.Dvs.Web.Test.CommerceServiceTests.GetProductRegistrationByUser_UserNotFound() in f:\TeamCity\buildAgent\work\eee3f59bf291369f\Logitech\Dvs\Web\Test\CommerceServiceTests.cs:line 1210
</StackTrace>
        </ErrorInfo>
      </Output>
    </UnitTestResult>
    <UnitTestResult executionId="087fa547-35f7-4ed7-a751-fef199e3911d" testId="53b05cc5-4ddc-0d31-24b2-eeba8f9efffe" testName="GetProducts_ToProductInfoCollection" computerName="US07SBUILD01" duration="00:00:00.0529329" startTime="2010-07-27T16:23:55.8929525-06:00" endTime="2010-07-27T16:23:55.9525190-06:00" testType="13cdc9d9-ddb5-4fa4-a97d-d965ccfc6d4b" outcome="Passed" testListId="8c84fa94-04c1-424b-9868-57a2d4851a1d">
      <Output>
      </Output>
    </UnitTestResult>
    <UnitTestResult executionId="14b71f07-67f0-4a61-94ca-69b17092508c" testId="e21cc24a-1178-a350-7e70-387e48227512" testName="RegisterKey_AlreadyRegistered" computerName="US07SBUILD01" duration="00:00:00.0411180" startTime="2010-07-27T16:23:55.9554485-06:00" endTime="2010-07-27T16:23:56.0032970-06:00" testType="13cdc9d9-ddb5-4fa4-a97d-d965ccfc6d4b" outcome="Passed" testListId="8c84fa94-04c1-424b-9868-57a2d4851a1d">
      <Output>
      </Output>
    </UnitTestResult>
    <UnitTestResult executionId="9b22ae6b-37d3-4e7b-84af-09a076aeeee9" testId="bd40b344-e626-db69-ee37-e7aeff959e22" testName="RegisterKey_Malformed" computerName="US07SBUILD01" duration="00:00:00.0033303" startTime="2010-07-27T16:23:56.0062265-06:00" endTime="2010-07-27T16:23:56.0247800-06:00" testType="13cdc9d9-ddb5-4fa4-a97d-d965ccfc6d4b" outcome="Passed" testListId="8c84fa94-04c1-424b-9868-57a2d4851a1d">
      <Output>
      </Output>
    </UnitTestResult>
    <UnitTestResult executionId="e40988c5-869e-4618-af14-efb4e12c96f6" testId="877f8104-6d9d-dc5b-a901-90e84066751e" testName="RegisterKey_NotFound" computerName="US07SBUILD01" duration="00:00:00.0141423" startTime="2010-07-27T16:23:56.0277095-06:00" endTime="2010-07-27T16:23:56.0501690-06:00" testType="13cdc9d9-ddb5-4fa4-a97d-d965ccfc6d4b" outcome="Passed" testListId="8c84fa94-04c1-424b-9868-57a2d4851a1d">
      <Output>
      </Output>
    </UnitTestResult>
    <UnitTestResult executionId="f6e80a9e-481d-4d73-9d63-011cc692a14d" testId="5eb3cb50-06bf-c88b-62e0-45a893499431" testName="RegisterKey_Twice" computerName="US07SBUILD01" duration="00:00:00.0239700" startTime="2010-07-27T16:23:56.0521220-06:00" endTime="2010-07-27T16:23:56.0843465-06:00" testType="13cdc9d9-ddb5-4fa4-a97d-d965ccfc6d4b" outcome="Passed" testListId="8c84fa94-04c1-424b-9868-57a2d4851a1d">
      <Output>
      </Output>
    </UnitTestResult>
    <UnitTestResult executionId="61d550b1-7dff-4bb1-b050-b132606ac154" testId="a20a8c05-c9e8-b130-fe0a-18197f12b7d8" testName="RegisterKey_Unused" computerName="US07SBUILD01" duration="00:00:00.0659243" startTime="2010-07-27T16:23:56.0862995-06:00" endTime="2010-07-27T16:23:56.1624665-06:00" testType="13cdc9d9-ddb5-4fa4-a97d-d965ccfc6d4b" outcome="Passed" testListId="8c84fa94-04c1-424b-9868-57a2d4851a1d">
      <Output>
      </Output>
    </UnitTestResult>
    <UnitTestResult executionId="d717f416-e06d-41ac-9ff9-ce227d646215" testId="d92dcfad-156a-9104-eb0b-f98da064b1a9" testName="RegisterKey_UserNotFound" computerName="US07SBUILD01" duration="00:00:00.0211060" startTime="2010-07-27T16:23:56.1683255-06:00" endTime="2010-07-27T16:23:56.1946910-06:00" testType="13cdc9d9-ddb5-4fa4-a97d-d965ccfc6d4b" outcome="Passed" testListId="8c84fa94-04c1-424b-9868-57a2d4851a1d">
      <Output>
      </Output>
    </UnitTestResult>
    <UnitTestResult executionId="2a5303f5-922e-4152-b73d-46328315e534" testId="945a0b82-102d-6f18-12a1-8e9f198bb0e7" testName="RevokeKey_Malformed" computerName="US07SBUILD01" duration="00:00:00.0029037" startTime="2010-07-27T16:23:56.1976205-06:00" endTime="2010-07-27T16:23:56.2083620-06:00" testType="13cdc9d9-ddb5-4fa4-a97d-d965ccfc6d4b" outcome="Passed" testListId="8c84fa94-04c1-424b-9868-57a2d4851a1d">
      <Output>
      </Output>
    </UnitTestResult>
    <UnitTestResult executionId="58c1b0b0-8b86-4681-9df8-c23761a6b0a3" testId="7b4a3e8a-c691-250e-17b7-5236f9b5e797" testName="RevokeKey_NotFound" computerName="US07SBUILD01" duration="00:00:00.0120861" startTime="2010-07-27T16:23:56.2122680-06:00" endTime="2010-07-27T16:23:56.2327745-06:00" testType="13cdc9d9-ddb5-4fa4-a97d-d965ccfc6d4b" outcome="Passed" testListId="8c84fa94-04c1-424b-9868-57a2d4851a1d">
      <Output>
      </Output>
    </UnitTestResult>
    <UnitTestResult executionId="5f0c4b60-7e38-4bb0-bb5b-de264e39f3cd" testId="84e9b135-70c3-e705-7688-94a33e6709ed" testName="RevokeKey_Twice" computerName="US07SBUILD01" duration="00:00:00.0199162" startTime="2010-07-27T16:23:56.2357040-06:00" endTime="2010-07-27T16:23:56.2630460-06:00" testType="13cdc9d9-ddb5-4fa4-a97d-d965ccfc6d4b" outcome="Passed" testListId="8c84fa94-04c1-424b-9868-57a2d4851a1d">
      <Output>
      </Output>
    </UnitTestResult>
    <UnitTestResult executionId="b4cc4f2e-c3a8-481d-b661-90b6e9b4e043" testId="0fc815a7-55a1-8277-5c86-06e2d3a6cfc3" testName="RevokeKey_Unused" computerName="US07SBUILD01" duration="00:00:00.0156299" startTime="2010-07-27T16:23:56.2659755-06:00" endTime="2010-07-27T16:23:56.2894115-06:00" testType="13cdc9d9-ddb5-4fa4-a97d-d965ccfc6d4b" outcome="Passed" testListId="8c84fa94-04c1-424b-9868-57a2d4851a1d">
      <Output>
      </Output>
    </UnitTestResult>
    <UnitTestResult executionId="d3599cf4-38be-4da2-a234-c896824ed921" testId="d51a1c81-9269-3d2d-7a72-9e7e223dfbbb" testName="RevokeKey_Used" computerName="US07SBUILD01" duration="00:00:00.0185339" startTime="2010-07-27T16:23:56.2913645-06:00" endTime="2010-07-27T16:23:56.3187065-06:00" testType="13cdc9d9-ddb5-4fa4-a97d-d965ccfc6d4b" outcome="Passed" testListId="8c84fa94-04c1-424b-9868-57a2d4851a1d">
      <Output>
      </Output>
    </UnitTestResult>
    <UnitTestResult executionId="598f5fb5-4ae6-4b13-8764-fd7df7af1811" testId="c448e294-27ca-5c77-7be0-3b05bcecf41e" testName="Authenticate" computerName="US07SBUILD01" duration="00:00:00.1141086" startTime="2010-07-27T16:23:56.3206595-06:00" endTime="2010-07-27T16:23:56.4495575-06:00" testType="13cdc9d9-ddb5-4fa4-a97d-d965ccfc6d4b" outcome="Passed" testListId="8c84fa94-04c1-424b-9868-57a2d4851a1d">
      <Output>
      </Output>
    </UnitTestResult>
    <UnitTestResult executionId="20bd1d6f-c4e5-4df6-b939-f2e1272a5192" testId="0270e931-dbd3-44cc-9ed9-4d77c939a149" testName="AuthenticateBadNOnceEmpty" computerName="US07SBUILD01" duration="00:00:00.0101716" startTime="2010-07-27T16:23:56.4681110-06:00" endTime="2010-07-27T16:23:56.4895940-06:00" testType="13cdc9d9-ddb5-4fa4-a97d-d965ccfc6d4b" outcome="Passed" testListId="8c84fa94-04c1-424b-9868-57a2d4851a1d">
      <Output>
        <DebugTrace>Missing : separator
</DebugTrace>
      </Output>
    </UnitTestResult>
    <UnitTestResult executionId="1ce6c90b-c81a-42ab-85ea-9170bf98be1d" testId="b6de49ad-1ac4-9644-59f5-fc78bb42025e" testName="AuthenticateBadNOnceFormat" computerName="US07SBUILD01" duration="00:00:00.0023385" startTime="2010-07-27T16:23:56.4925235-06:00" endTime="2010-07-27T16:23:56.4993590-06:00" testType="13cdc9d9-ddb5-4fa4-a97d-d965ccfc6d4b" outcome="Passed" testListId="8c84fa94-04c1-424b-9868-57a2d4851a1d">
      <Output>
        <DebugTrace>Missing : separator
</DebugTrace>
      </Output>
    </UnitTestResult>
    <UnitTestResult executionId="e47f9bb9-181f-4037-b1a3-ff90fee55220" testId="55d2c740-edf8-9c4d-aa75-514513c31e92" testName="AuthenticateBadNOnceNotHex" computerName="US07SBUILD01" duration="00:00:00.0023100" startTime="2010-07-27T16:23:56.5003355-06:00" endTime="2010-07-27T16:23:56.5071710-06:00" testType="13cdc9d9-ddb5-4fa4-a97d-d965ccfc6d4b" outcome="Passed" testListId="8c84fa94-04c1-424b-9868-57a2d4851a1d">
      <Output>
        <DebugTrace>Exception validating nonce
</DebugTrace>
      </Output>
    </UnitTestResult>
    <UnitTestResult executionId="d32c848a-c35f-492c-b36b-f32a6001310d" testId="093fae36-759c-0992-0848-97e9f6e8638e" testName="AuthenticateBadNOnceShort" computerName="US07SBUILD01" duration="00:00:00.0024159" startTime="2010-07-27T16:23:56.5081475-06:00" endTime="2010-07-27T16:23:56.5149830-06:00" testType="13cdc9d9-ddb5-4fa4-a97d-d965ccfc6d4b" outcome="Passed" testListId="8c84fa94-04c1-424b-9868-57a2d4851a1d">
      <Output>
        <DebugTrace>Exception validating nonce
</DebugTrace>
      </Output>
    </UnitTestResult>
    <UnitTestResult executionId="817985cf-9505-4eee-bdc4-5f43407ba320" testId="168ddae3-466e-5cb8-83af-2fff982941db" testName="AuthenticateTimeout" computerName="US07SBUILD01" duration="00:00:00.0096920" startTime="2010-07-27T16:23:56.5159595-06:00" endTime="2010-07-27T16:23:56.5345130-06:00" testType="13cdc9d9-ddb5-4fa4-a97d-d965ccfc6d4b" outcome="Passed" testListId="8c84fa94-04c1-424b-9868-57a2d4851a1d">
      <Output>
        <DebugTrace>Expired nonce 7/27/2010 10:23:56 PM
</DebugTrace>
      </Output>
    </UnitTestResult>
    <UnitTestResult executionId="4e6346c7-c74b-411f-813b-56a2e67d4371" testId="1462f0b7-7f61-a7e2-fe1c-9f53b86d6845" testName="AuthenticateUnknownUser" computerName="US07SBUILD01" duration="00:00:00.0088530" startTime="2010-07-27T16:23:56.5393955-06:00" endTime="2010-07-27T16:23:56.5608785-06:00" testType="13cdc9d9-ddb5-4fa4-a97d-d965ccfc6d4b" outcome="Passed" testListId="8c84fa94-04c1-424b-9868-57a2d4851a1d">
      <Output>
      </Output>
    </UnitTestResult>
    <UnitTestResult executionId="95327028-bdc0-426f-89aa-8a11b18b785c" testId="2f4d4b00-0424-b3cd-f27d-2861b9f1f0be" testName="AuthenticateWrongPassword" computerName="US07SBUILD01" duration="00:00:00.0074448" startTime="2010-07-27T16:23:56.5647845-06:00" endTime="2010-07-27T16:23:56.5833380-06:00" testType="13cdc9d9-ddb5-4fa4-a97d-d965ccfc6d4b" outcome="Passed" testListId="8c84fa94-04c1-424b-9868-57a2d4851a1d">
      <Output>
      </Output>
    </UnitTestResult>
    <UnitTestResult executionId="50d95d02-fa17-49aa-9d53-f6289a893bd3" testId="b7489c82-3f2a-65af-f22e-e210030033c3" testName="AuthenticateXHeader" computerName="US07SBUILD01" duration="00:00:00.0049785" startTime="2010-07-27T16:23:56.5852910-06:00" endTime="2010-07-27T16:23:56.5960325-06:00" testType="13cdc9d9-ddb5-4fa4-a97d-d965ccfc6d4b" outcome="Passed" testListId="8c84fa94-04c1-424b-9868-57a2d4851a1d">
      <Output>
      </Output>
    </UnitTestResult>
    <UnitTestResult executionId="1643f282-5190-4ada-a883-3fc770185108" testId="79c6520b-60df-daec-348e-8a5e8490e908" testName="DirectivesValidated" computerName="US07SBUILD01" duration="00:00:00.0013878" startTime="2010-07-27T16:23:56.5970090-06:00" endTime="2010-07-27T16:23:56.6067740-06:00" testType="13cdc9d9-ddb5-4fa4-a97d-d965ccfc6d4b" outcome="Passed" testListId="8c84fa94-04c1-424b-9868-57a2d4851a1d">
      <Output>
      </Output>
    </UnitTestResult>
    <UnitTestResult executionId="f23f6c9a-6525-475d-b980-1468369558dd" testId="4796f98d-aecd-3718-66bb-fce492d0020b" testName="ParseDirectives" computerName="US07SBUILD01" duration="00:00:00.0013957" startTime="2010-07-27T16:23:56.6077505-06:00" endTime="2010-07-27T16:23:56.6165390-06:00" testType="13cdc9d9-ddb5-4fa4-a97d-d965ccfc6d4b" outcome="Passed" testListId="8c84fa94-04c1-424b-9868-57a2d4851a1d">
      <Output>
      </Output>
    </UnitTestResult>
    <UnitTestResult executionId="d9bfed8e-6de8-4657-b82a-cc1d7e1d96aa" testId="7d1b6eb2-17a8-965e-afc6-b3ad8586ce59" testName="ToFromHex" computerName="US07SBUILD01" duration="00:00:00.0043050" startTime="2010-07-27T16:23:56.6184920-06:00" endTime="2010-07-27T16:23:56.6272805-06:00" testType="13cdc9d9-ddb5-4fa4-a97d-d965ccfc6d4b" outcome="Passed" testListId="8c84fa94-04c1-424b-9868-57a2d4851a1d">
      <Output>
      </Output>
    </UnitTestResult>
    <UnitTestResult executionId="7a6e3f58-45ac-40aa-afcd-8aba7cc38bf8" testId="7aeb4932-080b-0485-08b3-c7d21077e38e" testName="UnauthenticatedException" computerName="US07SBUILD01" duration="00:00:00.0050472" startTime="2010-07-27T16:23:56.6282570-06:00" endTime="2010-07-27T16:23:56.6419280-06:00" testType="13cdc9d9-ddb5-4fa4-a97d-d965ccfc6d4b" outcome="Passed" testListId="8c84fa94-04c1-424b-9868-57a2d4851a1d">
      <Output>
      </Output>
    </UnitTestResult>
    <UnitTestResult executionId="4fd39df8-deb8-4a3e-a646-2f8391806c29" testId="4d8d1e49-3596-f76e-deed-682b566a71e6" testName="UnauthenticatedHeader" computerName="US07SBUILD01" duration="00:00:00.0054456" startTime="2010-07-27T16:23:56.6438810-06:00" endTime="2010-07-27T16:23:56.6585285-06:00" testType="13cdc9d9-ddb5-4fa4-a97d-d965ccfc6d4b" outcome="Passed" testListId="8c84fa94-04c1-424b-9868-57a2d4851a1d">
      <Output>
      </Output>
    </UnitTestResult>
    <UnitTestResult executionId="40aa49e3-b9e7-4ff5-829b-885e3615e318" testId="63a06ed0-cd92-4874-b1ad-11914267baf0" testName="WrongAuthException" computerName="US07SBUILD01" duration="00:00:00.0050598" startTime="2010-07-27T16:23:56.6595050-06:00" endTime="2010-07-27T16:23:56.6751290-06:00" testType="13cdc9d9-ddb5-4fa4-a97d-d965ccfc6d4b" outcome="Passed" testListId="8c84fa94-04c1-424b-9868-57a2d4851a1d">
      <Output>
      </Output>
    </UnitTestResult>
    <UnitTestResult executionId="47d50aea-3e5a-44a9-87fd-eb9ecc4ccafe" testId="5601629a-d6e3-8737-e14b-9a7a791f8a68" testName="RoundTrip" computerName="US07SBUILD01" duration="00:00:00.0768745" startTime="2010-07-27T16:23:56.6770820-06:00" endTime="2010-07-27T16:23:56.7639905-06:00" testType="13cdc9d9-ddb5-4fa4-a97d-d965ccfc6d4b" outcome="Passed" testListId="8c84fa94-04c1-424b-9868-57a2d4851a1d">
      <Output>
      </Output>
    </UnitTestResult>
    <UnitTestResult executionId="6daa5215-f3ec-4ec5-bdb9-c6437ea3e365" testId="6fd82b1f-f509-acd0-818b-afaf7cff43d4" testName="RoundTripBase64" computerName="US07SBUILD01" duration="00:00:00.0437340" startTime="2010-07-27T16:23:56.7659435-06:00" endTime="2010-07-27T16:23:56.8176980-06:00" testType="13cdc9d9-ddb5-4fa4-a97d-d965ccfc6d4b" outcome="Passed" testListId="8c84fa94-04c1-424b-9868-57a2d4851a1d">
      <Output>
      </Output>
    </UnitTestResult>
    <UnitTestResult executionId="5dbd0b50-ef82-4a0a-befa-855f95038510" testId="5610cef9-3335-5a7c-ec88-7672ec4c05ff" testName="ActiveProductTest" computerName="US07SBUILD01" duration="00:00:00.0188280" startTime="2010-07-27T16:23:56.8206275-06:00" endTime="2010-07-27T16:23:56.8430870-06:00" testType="13cdc9d9-ddb5-4fa4-a97d-d965ccfc6d4b" outcome="Passed" testListId="8c84fa94-04c1-424b-9868-57a2d4851a1d">
      <Output>
      </Output>
    </UnitTestResult>
    <UnitTestResult executionId="e2ca573a-6eac-4e0c-aeac-52dd7d8fe2bb" testId="d349d629-380f-74a8-b1db-d9690a2d8c89" testName="ActiveProductTodayTest" computerName="US07SBUILD01" duration="00:00:00.0072461" startTime="2010-07-27T16:23:56.8577345-06:00" endTime="2010-07-27T16:23:56.8801950-06:00" testType="13cdc9d9-ddb5-4fa4-a97d-d965ccfc6d4b" outcome="Passed" testListId="8c84fa94-04c1-424b-9868-57a2d4851a1d">
      <Output>
      </Output>
    </UnitTestResult>
    <UnitTestResult executionId="42c3f0a7-fac4-4232-a071-19ac033c2439" testId="1d70fb29-a6ce-c166-350e-b1656e84572f" testName="GetActiationDateNoProducts" computerName="US07SBUILD01" duration="00:00:00.0302728" startTime="2010-07-27T16:23:56.8801950-06:00" endTime="2010-07-27T16:23:56.9163255-06:00" testType="13cdc9d9-ddb5-4fa4-a97d-d965ccfc6d4b" outcome="Passed" testListId="8c84fa94-04c1-424b-9868-57a2d4851a1d">
      <Output>
      </Output>
    </UnitTestResult>
    <UnitTestResult executionId="b36c4327-db06-4491-8a67-8a9db148dfb0" testId="991ea70c-9fd2-6c71-0387-a040154831e9" testName="GetActivationDateWithActiveProduct" computerName="US07SBUILD01" duration="00:00:00.0194552" startTime="2010-07-27T16:23:56.9202315-06:00" endTime="2010-07-27T16:23:56.9456205-06:00" testType="13cdc9d9-ddb5-4fa4-a97d-d965ccfc6d4b" outcome="Passed" testListId="8c84fa94-04c1-424b-9868-57a2d4851a1d">
      <Output>
      </Output>
    </UnitTestResult>
    <UnitTestResult executionId="01b85e50-2d70-42c7-b482-7f40e12755be" testId="3be1b4b7-3d88-b186-58fd-af6dd51b2649" testName="GetActivationDateWithMultipleProducts" computerName="US07SBUILD01" duration="00:00:00.0284745" startTime="2010-07-27T16:23:56.9495265-06:00" endTime="2010-07-27T16:23:56.9837040-06:00" testType="13cdc9d9-ddb5-4fa4-a97d-d965ccfc6d4b" outcome="Passed" testListId="8c84fa94-04c1-424b-9868-57a2d4851a1d">
      <Output>
      </Output>
    </UnitTestResult>
    <UnitTestResult executionId="ea36a2ea-e8ef-4015-816b-989ffa035403" testId="d1a3225d-511b-3179-1895-ebdbbc60dd5d" testName="GetTrialTest" computerName="US07SBUILD01" duration="00:00:00.0249051" startTime="2010-07-27T16:23:56.9856570-06:00" endTime="2010-07-27T16:23:57.0198345-06:00" testType="13cdc9d9-ddb5-4fa4-a97d-d965ccfc6d4b" outcome="Passed" testListId="8c84fa94-04c1-424b-9868-57a2d4851a1d">
      <Output>
      </Output>
    </UnitTestResult>
    <UnitTestResult executionId="ab155753-cc7a-4253-b6f6-2d031a886a3f" testId="ab1c6851-af4f-2c02-dde6-6150567b43ec" testName="GetUnconfirmedCancelledProductTest" computerName="US07SBUILD01" duration="00:00:00.0113486" startTime="2010-07-27T16:23:57.0217875-06:00" endTime="2010-07-27T16:23:57.0403410-06:00" testType="13cdc9d9-ddb5-4fa4-a97d-d965ccfc6d4b" outcome="Passed" testListId="8c84fa94-04c1-424b-9868-57a2d4851a1d">
      <Output>
      </Output>
    </UnitTestResult>
    <UnitTestResult executionId="cbda6f26-1d59-4839-b734-8556b68d3626" testId="dfbc2566-efa4-3fe8-1ee6-9d5749398db5" testName="GetUnconfirmedExpiredProductTest" computerName="US07SBUILD01" duration="00:00:00.0128083" startTime="2010-07-27T16:23:57.0413175-06:00" endTime="2010-07-27T16:23:57.0637770-06:00" testType="13cdc9d9-ddb5-4fa4-a97d-d965ccfc6d4b" outcome="Passed" testListId="8c84fa94-04c1-424b-9868-57a2d4851a1d">
      <Output>
      </Output>
    </UnitTestResult>
    <UnitTestResult executionId="9201e027-0099-4c43-aff8-cb06db84ce13" testId="f09dff37-6cce-1f15-e06a-4bd6cf6dee2b" testName="NoActiveProductTest" computerName="US07SBUILD01" duration="00:00:00.0054641" startTime="2010-07-27T16:23:57.0667065-06:00" endTime="2010-07-27T16:23:57.0794010-06:00" testType="13cdc9d9-ddb5-4fa4-a97d-d965ccfc6d4b" outcome="Passed" testListId="8c84fa94-04c1-424b-9868-57a2d4851a1d">
      <Output>
      </Output>
    </UnitTestResult>
    <UnitTestResult executionId="eab9ac01-30b0-479d-8e8f-35f1aa9ede95" testId="b292346f-d637-2277-e3c0-483c4e07f90d" testName="NoRegisteredProducts" computerName="US07SBUILD01" duration="00:00:00.1449446" startTime="2010-07-27T16:23:57.0794010-06:00" endTime="2010-07-27T16:23:57.2395470-06:00" testType="13cdc9d9-ddb5-4fa4-a97d-d965ccfc6d4b" outcome="Passed" testListId="8c84fa94-04c1-424b-9868-57a2d4851a1d">
      <Output>
      </Output>
    </UnitTestResult>
    <UnitTestResult executionId="b84c1282-53da-4210-a175-1d1ca7c1a0c3" testId="4a821b40-20bc-8b3c-fc8d-06e73289ff6a" testName="OtherUsersProductsAreNotIncluded" computerName="US07SBUILD01" duration="00:00:00.0116073" startTime="2010-07-27T16:23:57.2405235-06:00" endTime="2010-07-27T16:23:57.2639595-06:00" testType="13cdc9d9-ddb5-4fa4-a97d-d965ccfc6d4b" outcome="Passed" testListId="8c84fa94-04c1-424b-9868-57a2d4851a1d">
      <Output>
      </Output>
    </UnitTestResult>
    <UnitTestResult executionId="d7d17d4b-7e9d-4b56-a122-a2a39449eaa8" testId="bd6c2930-0f32-e800-1614-2241ab4369de" testName="SingleActivePurchase" computerName="US07SBUILD01" duration="00:00:00.0209554" startTime="2010-07-27T16:23:57.2649360-06:00" endTime="2010-07-27T16:23:57.2952075-06:00" testType="13cdc9d9-ddb5-4fa4-a97d-d965ccfc6d4b" outcome="Passed" testListId="8c84fa94-04c1-424b-9868-57a2d4851a1d">
      <Output>
      </Output>
    </UnitTestResult>
    <UnitTestResult executionId="f6904484-3eb1-4c66-83d6-76e22cc2508e" testId="f7b4e2ba-beed-bf74-b0b0-da6e95d92999" testName="SingleActiveTrial" computerName="US07SBUILD01" duration="00:00:00.0218935" startTime="2010-07-27T16:23:57.3000900-06:00" endTime="2010-07-27T16:23:57.3303615-06:00" testType="13cdc9d9-ddb5-4fa4-a97d-d965ccfc6d4b" outcome="Passed" testListId="8c84fa94-04c1-424b-9868-57a2d4851a1d">
      <Output>
      </Output>
    </UnitTestResult>
    <UnitTestResult executionId="cafb83b2-2b54-41c3-8ee9-5939a3af5796" testId="295d52a1-362e-28c6-ee37-9fd12b2f8cdf" testName="SingleExpiredProduct" computerName="US07SBUILD01" duration="00:00:00.0294710" startTime="2010-07-27T16:23:57.3323145-06:00" endTime="2010-07-27T16:23:57.3733285-06:00" testType="13cdc9d9-ddb5-4fa4-a97d-d965ccfc6d4b" outcome="Passed" testListId="8c84fa94-04c1-424b-9868-57a2d4851a1d">
      <Output>
      </Output>
    </UnitTestResult>
    <UnitTestResult executionId="d7051498-28a1-42e6-9f95-fcf0e8efb65f" testId="e7d59232-f8fb-f888-d11d-fdf70c81ac08" testName="SingleExpiredTrial" computerName="US07SBUILD01" duration="00:00:00.0242064" startTime="2010-07-27T16:23:57.3762580-06:00" endTime="2010-07-27T16:23:57.4143415-06:00" testType="13cdc9d9-ddb5-4fa4-a97d-d965ccfc6d4b" outcome="Passed" testListId="8c84fa94-04c1-424b-9868-57a2d4851a1d">
      <Output>
      </Output>
    </UnitTestResult>
    <UnitTestResult executionId="17211699-d5e9-4751-8ebf-8ccb06e16150" testId="973a834e-1e0d-5fc6-2db3-a412f5116862" testName="DownloadNotFound" computerName="US07SBUILD01" duration="00:00:00.2711339" startTime="2010-07-27T16:23:57.4162945-06:00" endTime="2010-07-27T16:23:57.6965500-06:00" testType="13cdc9d9-ddb5-4fa4-a97d-d965ccfc6d4b" outcome="Passed" testListId="8c84fa94-04c1-424b-9868-57a2d4851a1d">
      <Output>
      </Output>
    </UnitTestResult>
    <UnitTestResult executionId="07d0c15d-4638-44f5-b3db-2f6c532bd905" testId="047caeda-6c83-178b-85fc-ef906a365924" testName="DownloadSave" computerName="US07SBUILD01" duration="00:00:00.0341864" startTime="2010-07-27T16:23:57.6994795-06:00" endTime="2010-07-27T16:23:57.7414690-06:00" testType="13cdc9d9-ddb5-4fa4-a97d-d965ccfc6d4b" outcome="Passed" testListId="8c84fa94-04c1-424b-9868-57a2d4851a1d">
      <Output>
      </Output>
    </UnitTestResult>
    <UnitTestResult executionId="13584240-b937-4eaa-8246-7d48fac7abb6" testId="76a58247-9f6d-874d-c96a-f28290c95de6" testName="DownloadSaveComplexQuery" computerName="US07SBUILD01" duration="00:00:00.0128013" startTime="2010-07-27T16:23:57.7443985-06:00" endTime="2010-07-27T16:23:57.7658815-06:00" testType="13cdc9d9-ddb5-4fa4-a97d-d965ccfc6d4b" outcome="Passed" testListId="8c84fa94-04c1-424b-9868-57a2d4851a1d">
      <Output>
      </Output>
    </UnitTestResult>
    <UnitTestResult executionId="6f92766d-4e86-435c-b633-2ecf3892c073" testId="b7d1a352-dd0e-ce25-a3a1-062b65f338c7" testName="DownloadSaveNoFileName" computerName="US07SBUILD01" duration="00:00:00.0107334" startTime="2010-07-27T16:23:57.7688110-06:00" endTime="2010-07-27T16:23:57.7912705-06:00" testType="13cdc9d9-ddb5-4fa4-a97d-d965ccfc6d4b" outcome="Passed" testListId="8c84fa94-04c1-424b-9868-57a2d4851a1d">
      <Output>
      </Output>
    </UnitTestResult>
    <UnitTestResult executionId="9f225328-f135-430a-a32a-ca5632003723" testId="1007045e-9832-a97a-85b1-7c0d43f3855a" testName="DownloadSuccess" computerName="US07SBUILD01" duration="00:00:00.0193465" startTime="2010-07-27T16:23:57.7932235-06:00" endTime="2010-07-27T16:23:57.8234950-06:00" testType="13cdc9d9-ddb5-4fa4-a97d-d965ccfc6d4b" outcome="Passed" testListId="8c84fa94-04c1-424b-9868-57a2d4851a1d">
      <Output>
      </Output>
    </UnitTestResult>
    <UnitTestResult executionId="39b050c8-0bd1-4d0f-8883-07569207f132" testId="3823777d-b187-ff23-8f7d-29f5bb14475d" testName="MethodNotAllowed" computerName="US07SBUILD01" duration="00:00:00.0087784" startTime="2010-07-27T16:23:57.8244715-06:00" endTime="2010-07-27T16:23:57.8440015-06:00" testType="13cdc9d9-ddb5-4fa4-a97d-d965ccfc6d4b" outcome="Passed" testListId="8c84fa94-04c1-424b-9868-57a2d4851a1d">
      <Output>
      </Output>
    </UnitTestResult>
    <UnitTestResult executionId="e54ab7a7-0d81-41ce-97a5-7544148f79b7" testId="c7555a4b-40e6-c2f2-a50f-0bb25d952227" testName="UploadBodyLarge" computerName="US07SBUILD01" duration="00:00:00.0216519" startTime="2010-07-27T16:23:57.8449780-06:00" endTime="2010-07-27T16:23:57.8742730-06:00" testType="13cdc9d9-ddb5-4fa4-a97d-d965ccfc6d4b" outcome="Passed" testListId="8c84fa94-04c1-424b-9868-57a2d4851a1d">
      <Output>
      </Output>
    </UnitTestResult>
    <UnitTestResult executionId="119af744-39e3-41fa-8e5b-8e062d1d88a8" testId="fcd2bcf4-3942-7ca8-1f60-98693bf7bea1" testName="UploadBodySmall" computerName="US07SBUILD01" duration="00:00:00.0068137" startTime="2010-07-27T16:23:57.8781790-06:00" endTime="2010-07-27T16:23:57.8918500-06:00" testType="13cdc9d9-ddb5-4fa4-a97d-d965ccfc6d4b" outcome="Passed" testListId="8c84fa94-04c1-424b-9868-57a2d4851a1d">
      <Output>
      </Output>
    </UnitTestResult>
    <UnitTestResult executionId="8fb50408-9fc7-4922-b018-20898b087381" testId="2e858c3c-b461-54ff-4204-7a36a111e581" testName="UploadEof" computerName="US07SBUILD01" duration="00:00:00.0075875" startTime="2010-07-27T16:23:57.8947795-06:00" endTime="2010-07-27T16:23:57.9123565-06:00" testType="13cdc9d9-ddb5-4fa4-a97d-d965ccfc6d4b" outcome="Passed" testListId="8c84fa94-04c1-424b-9868-57a2d4851a1d">
      <Output>
      </Output>
    </UnitTestResult>
    <UnitTestResult executionId="aa033357-c79a-42a7-a4af-4c6b19eab189" testId="0ebfcb8f-d95f-c605-851c-52de316e9cde" testName="UploadHeader" computerName="US07SBUILD01" duration="00:00:00.0080317" startTime="2010-07-27T16:23:57.9162625-06:00" endTime="2010-07-27T16:23:57.9338395-06:00" testType="13cdc9d9-ddb5-4fa4-a97d-d965ccfc6d4b" outcome="Passed" testListId="8c84fa94-04c1-424b-9868-57a2d4851a1d">
      <Output>
      </Output>
    </UnitTestResult>
    <UnitTestResult executionId="93aea0d7-6bf0-4d35-a4c6-7461265955fc" testId="01e483e8-fb5d-59e6-11a2-f59a1ea87dd7" testName="UploadNoData" computerName="US07SBUILD01" duration="00:00:00.0041608" startTime="2010-07-27T16:23:57.9387220-06:00" endTime="2010-07-27T16:23:57.9514165-06:00" testType="13cdc9d9-ddb5-4fa4-a97d-d965ccfc6d4b" outcome="Passed" testListId="8c84fa94-04c1-424b-9868-57a2d4851a1d">
      <Output>
      </Output>
    </UnitTestResult>
    <UnitTestResult executionId="00965b7a-f50e-44a8-bd32-8d4f1d4da981" testId="53565c8e-87ec-2641-d55c-b50cfc1a5f10" testName="UploadNoType" computerName="US07SBUILD01" duration="00:00:00.0055331" startTime="2010-07-27T16:23:57.9562990-06:00" endTime="2010-07-27T16:23:57.9689935-06:00" testType="13cdc9d9-ddb5-4fa4-a97d-d965ccfc6d4b" outcome="Passed" testListId="8c84fa94-04c1-424b-9868-57a2d4851a1d">
      <Output>
      </Output>
    </UnitTestResult>
    <UnitTestResult executionId="bfa42a54-8d27-4e13-8dcb-f3ed18437fcc" testId="1ad77f0e-72d8-5995-5e96-3842639e0339" testName="UploadPut" computerName="US07SBUILD01" duration="00:00:00.0100677" startTime="2010-07-27T16:23:57.9709465-06:00" endTime="2010-07-27T16:23:57.9914530-06:00" testType="13cdc9d9-ddb5-4fa4-a97d-d965ccfc6d4b" outcome="Passed" testListId="8c84fa94-04c1-424b-9868-57a2d4851a1d">
      <Output>
      </Output>
    </UnitTestResult>
    <UnitTestResult executionId="2dbb966d-2eea-4ef0-b5a3-bab3735baf6d" testId="ea6b4794-2625-a974-63ae-fca965d525cf" testName="UploadSuccess" computerName="US07SBUILD01" duration="00:00:00.0067857" startTime="2010-07-27T16:23:57.9943825-06:00" endTime="2010-07-27T16:23:58.0090300-06:00" testType="13cdc9d9-ddb5-4fa4-a97d-d965ccfc6d4b" outcome="Passed" testListId="8c84fa94-04c1-424b-9868-57a2d4851a1d">
      <Output>
      </Output>
    </UnitTestResult>
    <UnitTestResult executionId="37edfbd1-3ced-4af3-8bf7-5ddfd9be12bb" testId="981af072-6289-0acc-a3e5-fe3d7fb25f2e" testName="TestGetCountry" computerName="US07SBUILD01" duration="00:00:00.0964773" startTime="2010-07-27T16:23:58.0100065-06:00" endTime="2010-07-27T16:23:58.1896825-06:00" testType="13cdc9d9-ddb5-4fa4-a97d-d965ccfc6d4b" outcome="Passed" testListId="8c84fa94-04c1-424b-9868-57a2d4851a1d">
      <Output>
      </Output>
    </UnitTestResult>
    <UnitTestResult executionId="ecaa9c26-20a8-41a0-9709-b87c0fff3116" testId="1996ad66-c8b9-c60c-449c-708a68fac6ca" testName="AudioChannelCountIsSet" computerName="US07SBUILD01" duration="00:00:00.0765426" startTime="2010-07-27T16:23:58.1926120-06:00" endTime="2010-07-27T16:23:58.2785440-06:00" testType="13cdc9d9-ddb5-4fa4-a97d-d965ccfc6d4b" outcome="Passed" testListId="8c84fa94-04c1-424b-9868-57a2d4851a1d">
      <Output>
        <DebugTrace>*********************************************************************************************
﻿&lt;?xml version="1.0" encoding="utf-8"?&gt;
&lt;iq type="result"&gt;
  &lt;StartLiveMediaStream xmlns="urn:logitech-com:logitech-alert:device:media:stream"&gt;
    &lt;MediaFormats&gt;
      &lt;MediaFormat mimeType="audio/PCMA"&gt;
        &lt;Audio channelCount="1" /&gt;
      &lt;/MediaFormat&gt;
    &lt;/MediaFormats&gt;
  &lt;/StartLiveMediaStream&gt;
&lt;/iq&gt;
*********************************************************************************************
</DebugTrace>
      </Output>
    </UnitTestResult>
    <UnitTestResult executionId="8ce3d046-e9ae-42ce-a8e8-477d5dd03c5b" testId="df833cbd-cc30-5b6a-e794-2bf57d95344d" testName="AudioDataRateIsSet" computerName="US07SBUILD01" duration="00:00:00.0106709" startTime="2010-07-27T16:23:58.2873325-06:00" endTime="2010-07-27T16:23:58.3039330-06:00" testType="13cdc9d9-ddb5-4fa4-a97d-d965ccfc6d4b" outcome="Passed" testListId="8c84fa94-04c1-424b-9868-57a2d4851a1d">
      <Output>
        <DebugTrace>*********************************************************************************************
﻿&lt;?xml version="1.0" encoding="utf-8"?&gt;
&lt;iq type="result"&gt;
  &lt;StartLiveMediaStream xmlns="urn:logitech-com:logitech-alert:device:media:stream"&gt;
    &lt;MediaFormats&gt;
      &lt;MediaFormat mimeType="audio/PCMA"&gt;
        &lt;Audio&gt;
          &lt;DataRate target="64000" /&gt;
        &lt;/Audio&gt;
      &lt;/MediaFormat&gt;
    &lt;/MediaFormats&gt;
  &lt;/StartLiveMediaStream&gt;
&lt;/iq&gt;
*********************************************************************************************
</DebugTrace>
      </Output>
    </UnitTestResult>
    <UnitTestResult executionId="5414d97c-cc9f-4410-8e50-5984c1fe3096" testId="33369c7b-cb48-3abc-9405-b20bc46e8640" testName="AudioFormatIsCreated" computerName="US07SBUILD01" duration="00:00:00.0036026" startTime="2010-07-27T16:23:58.3058860-06:00" endTime="2010-07-27T16:23:58.3195570-06:00" testType="13cdc9d9-ddb5-4fa4-a97d-d965ccfc6d4b" outcome="Passed" testListId="8c84fa94-04c1-424b-9868-57a2d4851a1d">
      <Output>
        <DebugTrace>*********************************************************************************************
﻿&lt;?xml version="1.0" encoding="utf-8"?&gt;
&lt;iq type="result"&gt;
  &lt;StartLiveMediaStream xmlns="urn:logitech-com:logitech-alert:device:media:stream"&gt;
    &lt;MediaFormats&gt;
      &lt;MediaFormat mimeType="audio/pcma" /&gt;
    &lt;/MediaFormats&gt;
  &lt;/StartLiveMediaStream&gt;
&lt;/iq&gt;
*********************************************************************************************
</DebugTrace>
      </Output>
    </UnitTestResult>
    <UnitTestResult executionId="11961f02-41ae-4988-acee-e88c58c6b61d" testId="ef282fc4-46d5-2c94-82a3-354aa05a9fa3" testName="AudioSampleRateIsSet" computerName="US07SBUILD01" duration="00:00:00.0049713" startTime="2010-07-27T16:23:58.3205335-06:00" endTime="2010-07-27T16:23:58.3351810-06:00" testType="13cdc9d9-ddb5-4fa4-a97d-d965ccfc6d4b" outcome="Passed" testListId="8c84fa94-04c1-424b-9868-57a2d4851a1d">
      <Output>
        <DebugTrace>*********************************************************************************************
﻿&lt;?xml version="1.0" encoding="utf-8"?&gt;
&lt;iq type="result"&gt;
  &lt;StartLiveMediaStream xmlns="urn:logitech-com:logitech-alert:device:media:stream"&gt;
    &lt;MediaFormats&gt;
      &lt;MediaFormat mimeType="audio/PCMA" sampleRate="1000" /&gt;
    &lt;/MediaFormats&gt;
  &lt;/StartLiveMediaStream&gt;
&lt;/iq&gt;
*********************************************************************************************
</DebugTrace>
      </Output>
    </UnitTestResult>
    <UnitTestResult executionId="b425c4ae-5711-4ab5-8ae3-2e16bcacec64" testId="7f02a2e9-9c6e-70e0-f97a-6e9e560692ef" testName="DeliveryDestIsSet" computerName="US07SBUILD01" duration="00:00:00.0110838" startTime="2010-07-27T16:23:58.3361575-06:00" endTime="2010-07-27T16:23:58.3566640-06:00" testType="13cdc9d9-ddb5-4fa4-a97d-d965ccfc6d4b" outcome="Passed" testListId="8c84fa94-04c1-424b-9868-57a2d4851a1d">
      <Output>
        <DebugTrace>*********************************************************************************************
﻿&lt;?xml version="1.0" encoding="utf-8"?&gt;
&lt;iq type="result"&gt;
  &lt;StartLiveMediaStream xmlns="urn:logitech-com:logitech-alert:device:media:stream"&gt;
    &lt;DeliveryMethod id="RTP_PUSH"&gt;
      &lt;Data&gt;
        &lt;Item name="Url" value="rtsp://192.168.1.95:4530/rtplive/ryan/1.sdp" /&gt;
      &lt;/Data&gt;
    &lt;/DeliveryMethod&gt;
  &lt;/StartLiveMediaStream&gt;
&lt;/iq&gt;
*********************************************************************************************
</DebugTrace>
      </Output>
    </UnitTestResult>
    <UnitTestResult executionId="ec17663e-ee23-4e83-b9d4-fb1110f06971" testId="58970041-1251-2434-bba7-499a587d9497" testName="DeliveryTypeIsSetForMJPEG" computerName="US07SBUILD01" duration="00:00:00.0174963" startTime="2010-07-27T16:23:58.3615465-06:00" endTime="2010-07-27T16:23:58.3879120-06:00" testType="13cdc9d9-ddb5-4fa4-a97d-d965ccfc6d4b" outcome="Passed" testListId="8c84fa94-04c1-424b-9868-57a2d4851a1d">
      <Output>
        <DebugTrace>*********************************************************************************************
﻿&lt;?xml version="1.0" encoding="utf-8"?&gt;
&lt;iq id="15" type="set"&gt;
  &lt;StartLiveMediaStream xmlns="urn:logitech-com:logitech-alert:device:media:stream"&gt;
    &lt;Stream id="Camera_00-12-AB-00-80-85/1.sdp" /&gt;
    &lt;MediaFormats&gt;
      &lt;MediaFormat mimeType="video/MJPEG" /&gt;
    &lt;/MediaFormats&gt;
    &lt;DeliveryMethod id="HTTP_MJPEG_Push"&gt;
      &lt;Data&gt;
        &lt;Item name="Url" value="" /&gt;
      &lt;/Data&gt;
    &lt;/DeliveryMethod&gt;
  &lt;/StartLiveMediaStream&gt;
&lt;/iq&gt;
*********************************************************************************************
</DebugTrace>
      </Output>
    </UnitTestResult>
    <UnitTestResult executionId="ac098819-23f7-4137-a9bf-00e309598645" testId="8dfe607a-a74e-6340-1e95-d16aa7f5dad0" testName="ExplicitAudioTest" computerName="US07SBUILD01" duration="00:00:00.0080895" startTime="2010-07-27T16:23:58.3908415-06:00" endTime="2010-07-27T16:23:58.4064655-06:00" testType="13cdc9d9-ddb5-4fa4-a97d-d965ccfc6d4b" outcome="Passed" testListId="8c84fa94-04c1-424b-9868-57a2d4851a1d">
      <Output>
        <DebugTrace>*********************************************************************************************
﻿&lt;?xml version="1.0" encoding="utf-8"?&gt;
&lt;iq id="16" type="set"&gt;
  &lt;StartLiveMediaStream xmlns="urn:logitech-com:logitech-alert:device:media:stream"&gt;
    &lt;Stream id="Camera_00-12-AB-00-80-85/1.sdp" /&gt;
    &lt;MediaFormats&gt;
      &lt;MediaFormat mimeType="video/H264" /&gt;
      &lt;MediaFormat mimeType="audio/PCMA" sampleRate="1250"&gt;
        &lt;Audio channelCount="1"&gt;
          &lt;DataRate target="64000" /&gt;
        &lt;/Audio&gt;
      &lt;/MediaFormat&gt;
    &lt;/MediaFormats&gt;
    &lt;DeliveryMethod id="RTP_Push"&gt;
      &lt;Data&gt;
        &lt;Item name="IpAddress" value="192.168.1.95" /&gt;
        &lt;Item name="Port" value="4530" /&gt;
        &lt;Item name="Suffix" value="/rtplive/ryan/1.sdp" /&gt;
        &lt;Item name="Username" value="publish" /&gt;
        &lt;Item name="Password" value="test1234" /&gt;
      &lt;/Data&gt;
    &lt;/DeliveryMethod&gt;
  &lt;/StartLiveMediaStream&gt;
&lt;/iq&gt;
*********************************************************************************************
</DebugTrace>
      </Output>
    </UnitTestResult>
    <UnitTestResult executionId="4995032b-b381-4c1c-afde-fb5a2576c210" testId="44965f00-6968-5c86-4f0a-5823af6b16d4" testName="ExplicitVideoTest" computerName="US07SBUILD01" duration="00:00:00.0103096" startTime="2010-07-27T16:23:58.4074420-06:00" endTime="2010-07-27T16:23:58.4269720-06:00" testType="13cdc9d9-ddb5-4fa4-a97d-d965ccfc6d4b" outcome="Passed" testListId="8c84fa94-04c1-424b-9868-57a2d4851a1d">
      <Output>
        <DebugTrace>*********************************************************************************************
﻿&lt;?xml version="1.0" encoding="utf-8"?&gt;
&lt;iq id="17" type="set"&gt;
  &lt;StartLiveMediaStream xmlns="urn:logitech-com:logitech-alert:device:media:stream"&gt;
    &lt;Stream id="Camera_00-12-AB-00-80-85/1.sdp" /&gt;
    &lt;MediaFormats&gt;
      &lt;MediaFormat mimeType="video/H264" sampleRate="30"&gt;
        &lt;Video keyFrameInterval="30"&gt;
          &lt;Resolution width="640" height="480" /&gt;
          &lt;DataRate target="130000" /&gt;
        &lt;/Video&gt;
      &lt;/MediaFormat&gt;
    &lt;/MediaFormats&gt;
    &lt;DeliveryMethod id="RTP_Push"&gt;
      &lt;Data&gt;
        &lt;Item name="IpAddress" value="192.168.1.95" /&gt;
        &lt;Item name="Port" value="4530" /&gt;
        &lt;Item name="Suffix" value="/rtplive/ryan/1.sdp?awesomeMode=true" /&gt;
        &lt;Item name="Username" value="publish" /&gt;
        &lt;Item name="Password" value="test1234" /&gt;
      &lt;/Data&gt;
    &lt;/DeliveryMethod&gt;
  &lt;/StartLiveMediaStream&gt;
&lt;/iq&gt;
*********************************************************************************************
</DebugTrace>
      </Output>
    </UnitTestResult>
    <UnitTestResult executionId="ea3bb93a-88d7-4c5a-8be9-ab7f71909d7f" testId="4d9c0f58-755e-ebb5-d76b-89e7666e30c6" testName="ImplicitAudioTest" computerName="US07SBUILD01" duration="00:00:00.0043036" startTime="2010-07-27T16:23:58.4289250-06:00" endTime="2010-07-27T16:23:58.4406430-06:00" testType="13cdc9d9-ddb5-4fa4-a97d-d965ccfc6d4b" outcome="Passed" testListId="8c84fa94-04c1-424b-9868-57a2d4851a1d">
      <Output>
        <DebugTrace>*********************************************************************************************
﻿&lt;?xml version="1.0" encoding="utf-8"?&gt;
&lt;iq id="18" type="set"&gt;
  &lt;StartLiveMediaStream xmlns="urn:logitech-com:logitech-alert:device:media:stream"&gt;
    &lt;Stream id="Camera_00-12-AB-00-80-85/1.sdp" /&gt;
    &lt;MediaFormats&gt;
      &lt;MediaFormat mimeType="video/H264" /&gt;
      &lt;MediaFormat mimeType="audio/PCMA"&gt;
        &lt;Audio channelCount="1" /&gt;
      &lt;/MediaFormat&gt;
    &lt;/MediaFormats&gt;
    &lt;DeliveryMethod id="RTP_Push"&gt;
      &lt;Data&gt;
        &lt;Item name="IpAddress" value="192.168.1.95" /&gt;
        &lt;Item name="Port" value="4530" /&gt;
        &lt;Item name="Suffix" value="/rtplive/ryan/1.sdp" /&gt;
        &lt;Item name="Username" value="publish" /&gt;
        &lt;Item name="Password" value="test1234" /&gt;
      &lt;/Data&gt;
    &lt;/DeliveryMethod&gt;
  &lt;/StartLiveMediaStream&gt;
&lt;/iq&gt;
*********************************************************************************************
</DebugTrace>
      </Output>
    </UnitTestResult>
    <UnitTestResult executionId="33c34545-a4b3-4667-91d8-7cd123e314c0" testId="49ae978e-4307-892b-db0d-f275a3da15ce" testName="ImplicitVideoTest" computerName="US07SBUILD01" duration="00:00:00.0086865" startTime="2010-07-27T16:23:58.4425960-06:00" endTime="2010-07-27T16:23:58.4591965-06:00" testType="13cdc9d9-ddb5-4fa4-a97d-d965ccfc6d4b" outcome="Passed" testListId="8c84fa94-04c1-424b-9868-57a2d4851a1d">
      <Output>
        <DebugTrace>*********************************************************************************************
﻿&lt;?xml version="1.0" encoding="utf-8"?&gt;
&lt;iq id="19" type="set"&gt;
  &lt;StartLiveMediaStream xmlns="urn:logitech-com:logitech-alert:device:media:stream"&gt;
    &lt;Stream id="Camera_00-12-AB-00-80-85/1.sdp" /&gt;
    &lt;MediaFormats&gt;
      &lt;MediaFormat mimeType="video/H264" /&gt;
    &lt;/MediaFormats&gt;
    &lt;DeliveryMethod id="RTP_Push"&gt;
      &lt;Data&gt;
        &lt;Item name="IpAddress" value="192.168.1.95" /&gt;
        &lt;Item name="Port" value="4530" /&gt;
        &lt;Item name="Suffix" value="/rtplive/ryan/1.sdp" /&gt;
        &lt;Item name="Username" value="publish" /&gt;
        &lt;Item name="Password" value="test1234" /&gt;
      &lt;/Data&gt;
    &lt;/DeliveryMethod&gt;
  &lt;/StartLiveMediaStream&gt;
&lt;/iq&gt;
*********************************************************************************************
</DebugTrace>
      </Output>
    </UnitTestResult>
    <UnitTestResult executionId="abb2cdb5-acea-4e71-9cc3-8dd556b4e621" testId="77bf2ac1-d752-3974-1ee9-90607ba5cb45" testName="ParseStreamId" computerName="US07SBUILD01" duration="00:00:00.0066189" startTime="2010-07-27T16:23:58.4611495-06:00" endTime="2010-07-27T16:23:58.4757970-06:00" testType="13cdc9d9-ddb5-4fa4-a97d-d965ccfc6d4b" outcome="Passed" testListId="8c84fa94-04c1-424b-9868-57a2d4851a1d">
      <Output>
      </Output>
    </UnitTestResult>
    <UnitTestResult executionId="b1ef5634-7ada-4782-a312-1ea2c04fec0b" testId="520338d9-3310-6ca4-83fe-a4cd5f816fc7" testName="ParseStreamIdFail" computerName="US07SBUILD01" duration="00:00:00.0005042" startTime="2010-07-27T16:23:58.4767735-06:00" endTime="2010-07-27T16:23:58.4884915-06:00" testType="13cdc9d9-ddb5-4fa4-a97d-d965ccfc6d4b" outcome="Passed" testListId="8c84fa94-04c1-424b-9868-57a2d4851a1d">
      <Output>
      </Output>
    </UnitTestResult>
    <UnitTestResult executionId="5e9f1a75-96ee-4e96-8ac1-f04dc0dfa93d" testId="17df41b6-d325-fc85-51b2-9fd7a6a2bbbc" testName="ParseStreamIdFailBadMac" computerName="US07SBUILD01" duration="00:00:00.0009601" startTime="2010-07-27T16:23:58.4904445-06:00" endTime="2010-07-27T16:23:58.4992330-06:00" testType="13cdc9d9-ddb5-4fa4-a97d-d965ccfc6d4b" outcome="Passed" testListId="8c84fa94-04c1-424b-9868-57a2d4851a1d">
      <Output>
      </Output>
    </UnitTestResult>
    <UnitTestResult executionId="2b395fe4-d3f2-4330-905e-f6056060916e" testId="78757e75-020b-af27-ebe6-65a70ed793a5" testName="SourceProtocolIsSet" computerName="US07SBUILD01" duration="00:00:00.0234373" startTime="2010-07-27T16:23:58.5011860-06:00" endTime="2010-07-27T16:23:58.5353635-06:00" testType="13cdc9d9-ddb5-4fa4-a97d-d965ccfc6d4b" outcome="Passed" testListId="8c84fa94-04c1-424b-9868-57a2d4851a1d">
      <Output>
        <DebugTrace>*********************************************************************************************
﻿&lt;?xml version="1.0" encoding="utf-8"?&gt;
&lt;iq type="result"&gt;
  &lt;StartLiveMediaStream xmlns="urn:logitech-com:logitech-alert:device:media:stream"&gt;
    &lt;DeliveryMethod id="RTP_Push" /&gt;
  &lt;/StartLiveMediaStream&gt;
&lt;/iq&gt;
*********************************************************************************************
</DebugTrace>
      </Output>
    </UnitTestResult>
    <UnitTestResult executionId="258f7b4a-a215-4193-91a6-331ca5e60f98" testId="9027abc9-6703-bdf0-b231-86f4f2886b47" testName="SourcesAreSet" computerName="US07SBUILD01" duration="00:00:00.0203131" startTime="2010-07-27T16:23:58.5363400-06:00" endTime="2010-07-27T16:23:58.5666115-06:00" testType="13cdc9d9-ddb5-4fa4-a97d-d965ccfc6d4b" outcome="Passed" testListId="8c84fa94-04c1-424b-9868-57a2d4851a1d">
      <Output>
        <DebugTrace>*********************************************************************************************
﻿&lt;?xml version="1.0" encoding="utf-8"?&gt;
&lt;iq type="result"&gt;
  &lt;StartLiveMediaStream xmlns="urn:logitech-com:logitech-alert:device:media:stream"&gt;
    &lt;Sources streamFunction="Single" interval="30"&gt;
      &lt;Device id="00-12-AB-01-23-45" interval="60" /&gt;
      &lt;File id="12345" /&gt;
    &lt;/Sources&gt;
  &lt;/StartLiveMediaStream&gt;
&lt;/iq&gt;
*********************************************************************************************
</DebugTrace>
      </Output>
    </UnitTestResult>
    <UnitTestResult executionId="b9e0f689-0a37-476c-9bca-0f961a25ab9c" testId="2162af3d-17b6-d8c3-a049-b758fc6ecbe6" testName="StopStreamIdOut" computerName="US07SBUILD01" duration="00:00:00.0115989" startTime="2010-07-27T16:23:58.5685645-06:00" endTime="2010-07-27T16:23:58.5920005-06:00" testType="13cdc9d9-ddb5-4fa4-a97d-d965ccfc6d4b" outcome="Passed" testListId="8c84fa94-04c1-424b-9868-57a2d4851a1d">
      <Output>
      </Output>
    </UnitTestResult>
    <UnitTestResult executionId="5bdff20c-01ee-4dbd-b959-8f9bdc0061dd" testId="74241ff2-6e6a-d086-f4a0-2f7c66e5b244" testName="StopStreamSetIn" computerName="US07SBUILD01" duration="00:00:00.0043399" startTime="2010-07-27T16:23:58.6066480-06:00" endTime="2010-07-27T16:23:58.6720735-06:00" testType="13cdc9d9-ddb5-4fa4-a97d-d965ccfc6d4b" outcome="Passed" testListId="8c84fa94-04c1-424b-9868-57a2d4851a1d">
      <Output>
      </Output>
    </UnitTestResult>
    <UnitTestResult executionId="e2f80ad0-420c-497a-bb75-92070a724c9d" testId="4f34aff3-2206-d23d-ab6f-7951729d06e8" testName="StreamIdIsSet" computerName="US07SBUILD01" duration="00:00:00.0033970" startTime="2010-07-27T16:23:58.6847680-06:00" endTime="2010-07-27T16:23:58.6964860-06:00" testType="13cdc9d9-ddb5-4fa4-a97d-d965ccfc6d4b" outcome="Passed" testListId="8c84fa94-04c1-424b-9868-57a2d4851a1d">
      <Output>
        <DebugTrace>*********************************************************************************************
﻿&lt;?xml version="1.0" encoding="utf-8"?&gt;
&lt;iq type="result"&gt;
  &lt;StartLiveMediaStream xmlns="urn:logitech-com:logitech-alert:device:media:stream"&gt;
    &lt;Stream id="Camera_00-12-AB-00-80-85/1.sdp" /&gt;
  &lt;/StartLiveMediaStream&gt;
&lt;/iq&gt;
*********************************************************************************************
</DebugTrace>
      </Output>
    </UnitTestResult>
    <UnitTestResult executionId="37de7bbf-b0de-4e08-bfea-950010e03867" testId="babcf08d-6991-7a58-23b2-3269636b7fe5" testName="TestParseStreamId" computerName="US07SBUILD01" duration="00:00:00.0021899" startTime="2010-07-27T16:23:58.6994155-06:00" endTime="2010-07-27T16:23:58.7453110-06:00" testType="13cdc9d9-ddb5-4fa4-a97d-d965ccfc6d4b" outcome="Passed" testListId="8c84fa94-04c1-424b-9868-57a2d4851a1d">
      <Output>
      </Output>
    </UnitTestResult>
    <UnitTestResult executionId="855e2d3a-1f8f-4024-9142-10963cf7c3f7" testId="aaa03e81-c4a1-b502-2770-5bc61c569b15" testName="VideoDataRateIsSet" computerName="US07SBUILD01" duration="00:00:00.0065511" startTime="2010-07-27T16:23:58.7462875-06:00" endTime="2010-07-27T16:23:58.7570290-06:00" testType="13cdc9d9-ddb5-4fa4-a97d-d965ccfc6d4b" outcome="Passed" testListId="8c84fa94-04c1-424b-9868-57a2d4851a1d">
      <Output>
        <DebugTrace>*********************************************************************************************
﻿&lt;?xml version="1.0" encoding="utf-8"?&gt;
&lt;iq type="result"&gt;
  &lt;StartLiveMediaStream xmlns="urn:logitech-com:logitech-alert:device:media:stream"&gt;
    &lt;MediaFormats&gt;
      &lt;MediaFormat mimeType="video/h264"&gt;
        &lt;Video&gt;
          &lt;DataRate target="135000" /&gt;
        &lt;/Video&gt;
      &lt;/MediaFormat&gt;
    &lt;/MediaFormats&gt;
  &lt;/StartLiveMediaStream&gt;
&lt;/iq&gt;
*********************************************************************************************
</DebugTrace>
      </Output>
    </UnitTestResult>
    <UnitTestResult executionId="217708a5-0240-44c8-b61f-111ddab8ed5b" testId="2972b5a2-3494-e411-3cf3-8bb4ad237971" testName="VideoFormatIsCreated" computerName="US07SBUILD01" duration="00:00:00.0098993" startTime="2010-07-27T16:23:58.7599585-06:00" endTime="2010-07-27T16:23:58.7755825-06:00" testType="13cdc9d9-ddb5-4fa4-a97d-d965ccfc6d4b" outcome="Passed" testListId="8c84fa94-04c1-424b-9868-57a2d4851a1d">
      <Output>
        <DebugTrace>*********************************************************************************************
﻿&lt;?xml version="1.0" encoding="utf-8"?&gt;
&lt;iq type="result"&gt;
  &lt;StartLiveMediaStream xmlns="urn:logitech-com:logitech-alert:device:media:stream"&gt;
    &lt;MediaFormats&gt;
      &lt;MediaFormat mimeType="video/h264" /&gt;
    &lt;/MediaFormats&gt;
  &lt;/StartLiveMediaStream&gt;
&lt;/iq&gt;
*********************************************************************************************
</DebugTrace>
      </Output>
    </UnitTestResult>
    <UnitTestResult executionId="49ae8f97-240a-4bb2-a2ea-398f5d7529c0" testId="e3ed0b31-aa5f-6ea0-57a8-da134d31838a" testName="VideoFrameRateIsSet" computerName="US07SBUILD01" duration="00:00:00.0048936" startTime="2010-07-27T16:23:58.7775355-06:00" endTime="2010-07-27T16:23:58.7999950-06:00" testType="13cdc9d9-ddb5-4fa4-a97d-d965ccfc6d4b" outcome="Passed" testListId="8c84fa94-04c1-424b-9868-57a2d4851a1d">
      <Output>
        <DebugTrace>*********************************************************************************************
﻿&lt;?xml version="1.0" encoding="utf-8"?&gt;
&lt;iq type="result"&gt;
  &lt;StartLiveMediaStream xmlns="urn:logitech-com:logitech-alert:device:media:stream"&gt;
    &lt;MediaFormats&gt;
      &lt;MediaFormat mimeType="video/h264" sampleRate="30" /&gt;
    &lt;/MediaFormats&gt;
  &lt;/StartLiveMediaStream&gt;
&lt;/iq&gt;
*********************************************************************************************
</DebugTrace>
      </Output>
    </UnitTestResult>
    <UnitTestResult executionId="dc2d9ef1-bf03-4f8e-90e0-db7fb42a7e06" testId="5f442f65-6874-6e7c-7235-196cce38adc5" testName="VideoKeyFrameRateIsSet" computerName="US07SBUILD01" duration="00:00:00.0022564" startTime="2010-07-27T16:23:58.8039010-06:00" endTime="2010-07-27T16:23:58.8136660-06:00" testType="13cdc9d9-ddb5-4fa4-a97d-d965ccfc6d4b" outcome="Passed" testListId="8c84fa94-04c1-424b-9868-57a2d4851a1d">
      <Output>
        <DebugTrace>*********************************************************************************************
﻿&lt;?xml version="1.0" encoding="utf-8"?&gt;
&lt;iq type="result"&gt;
  &lt;StartLiveMediaStream xmlns="urn:logitech-com:logitech-alert:device:media:stream"&gt;
    &lt;MediaFormats&gt;
      &lt;MediaFormat mimeType="video/h264"&gt;
        &lt;Video keyFrameInterval="30" /&gt;
      &lt;/MediaFormat&gt;
    &lt;/MediaFormats&gt;
  &lt;/StartLiveMediaStream&gt;
&lt;/iq&gt;
*********************************************************************************************
</DebugTrace>
      </Output>
    </UnitTestResult>
    <UnitTestResult executionId="aa3add2b-30f7-43d9-a180-942bd48a24f1" testId="c81bdbd4-0d2d-f46f-dd87-351051196418" testName="VideoMJPEGBoundaryIsSet" computerName="US07SBUILD01" duration="00:00:00.0026735" startTime="2010-07-27T16:23:58.8224545-06:00" endTime="2010-07-27T16:23:58.8302665-06:00" testType="13cdc9d9-ddb5-4fa4-a97d-d965ccfc6d4b" outcome="Passed" testListId="8c84fa94-04c1-424b-9868-57a2d4851a1d">
      <Output>
        <DebugTrace>*********************************************************************************************
﻿&lt;?xml version="1.0" encoding="utf-8"?&gt;
&lt;iq type="result"&gt;
  &lt;StartLiveMediaStream xmlns="urn:logitech-com:logitech-alert:device:media:stream"&gt;
    &lt;DeliveryMethod&gt;
      &lt;Data&gt;
        &lt;Item name="Boundary" value="--awesome" /&gt;
      &lt;/Data&gt;
    &lt;/DeliveryMethod&gt;
  &lt;/StartLiveMediaStream&gt;
&lt;/iq&gt;
*********************************************************************************************
</DebugTrace>
      </Output>
    </UnitTestResult>
    <UnitTestResult executionId="c5af7a01-fb57-49b9-b76d-283e4e468603" testId="acd688c7-5f8e-189c-98a3-7d5ab2e58f22" testName="VideoMJPEGGroupSizeIsSet" computerName="US07SBUILD01" duration="00:00:00.0027763" startTime="2010-07-27T16:23:58.8322195-06:00" endTime="2010-07-27T16:23:58.8410080-06:00" testType="13cdc9d9-ddb5-4fa4-a97d-d965ccfc6d4b" outcome="Passed" testListId="8c84fa94-04c1-424b-9868-57a2d4851a1d">
      <Output>
        <DebugTrace>*********************************************************************************************
﻿&lt;?xml version="1.0" encoding="utf-8"?&gt;
&lt;iq type="result"&gt;
  &lt;StartLiveMediaStream xmlns="urn:logitech-com:logitech-alert:device:media:stream"&gt;
    &lt;DeliveryMethod&gt;
      &lt;Data&gt;
        &lt;Item name="GroupSize" value="1024" /&gt;
      &lt;/Data&gt;
    &lt;/DeliveryMethod&gt;
  &lt;/StartLiveMediaStream&gt;
&lt;/iq&gt;
*********************************************************************************************
</DebugTrace>
      </Output>
    </UnitTestResult>
    <UnitTestResult executionId="f7d99c63-00d8-462b-84f8-074bc542c49f" testId="1bb2537b-773c-2405-ed5a-be582f0c0b68" testName="VideoMJPEGQualityIsSet" computerName="US07SBUILD01" duration="00:00:00.0044092" startTime="2010-07-27T16:23:58.8419845-06:00" endTime="2010-07-27T16:23:58.8527260-06:00" testType="13cdc9d9-ddb5-4fa4-a97d-d965ccfc6d4b" outcome="Passed" testListId="8c84fa94-04c1-424b-9868-57a2d4851a1d">
      <Output>
        <DebugTrace>*********************************************************************************************
﻿&lt;?xml version="1.0" encoding="utf-8"?&gt;
&lt;iq type="result"&gt;
  &lt;StartLiveMediaStream xmlns="urn:logitech-com:logitech-alert:device:media:stream"&gt;
    &lt;MediaFormats&gt;
      &lt;MediaFormat mimeType="video/h264"&gt;
        &lt;Video&gt;
          &lt;MJPEG jpegQuality="60" /&gt;
        &lt;/Video&gt;
      &lt;/MediaFormat&gt;
    &lt;/MediaFormats&gt;
  &lt;/StartLiveMediaStream&gt;
&lt;/iq&gt;
*********************************************************************************************
</DebugTrace>
      </Output>
    </UnitTestResult>
    <UnitTestResult executionId="181dc4be-6c7e-465c-941d-ce9785ba8ed5" testId="ebaa38d9-78f1-2484-c953-ca9c91ece858" testName="VideoResolutionIsSet" computerName="US07SBUILD01" duration="00:00:00.0041276" startTime="2010-07-27T16:23:58.8537025-06:00" endTime="2010-07-27T16:23:58.8634675-06:00" testType="13cdc9d9-ddb5-4fa4-a97d-d965ccfc6d4b" outcome="Passed" testListId="8c84fa94-04c1-424b-9868-57a2d4851a1d">
      <Output>
        <DebugTrace>*********************************************************************************************
﻿&lt;?xml version="1.0" encoding="utf-8"?&gt;
&lt;iq type="result"&gt;
  &lt;StartLiveMediaStream xmlns="urn:logitech-com:logitech-alert:device:media:stream"&gt;
    &lt;MediaFormats&gt;
      &lt;MediaFormat mimeType="video/h264"&gt;
        &lt;Video&gt;
          &lt;Resolution height="480" width="640" /&gt;
        &lt;/Video&gt;
      &lt;/MediaFormat&gt;
    &lt;/MediaFormats&gt;
  &lt;/StartLiveMediaStream&gt;
&lt;/iq&gt;
*********************************************************************************************
</DebugTrace>
      </Output>
    </UnitTestResult>
    <UnitTestResult executionId="128ca18c-bd80-4137-b878-cf6ed9c1977b" testId="210c5c08-af38-0ed1-0582-70c4c5433d23" testName="TestObfuscateId" computerName="US07SBUILD01" duration="00:00:22.6541158" startTime="2010-07-27T16:23:58.8654205-06:00" endTime="2010-07-27T16:24:21.5251070-06:00" testType="13cdc9d9-ddb5-4fa4-a97d-d965ccfc6d4b" outcome="Passed" testListId="8c84fa94-04c1-424b-9868-57a2d4851a1d">
      <Output>
      </Output>
    </UnitTestResult>
    <UnitTestResult executionId="8315acbd-5e32-4dc4-a564-3057d56b1991" testId="a97dae5f-46a9-3fd9-5b7c-c8fd59277347" testName="Delete" computerName="US07SBUILD01" duration="00:00:00.2178525" startTime="2010-07-27T16:24:21.5270600-06:00" endTime="2010-07-27T16:24:21.7506785-06:00" testType="13cdc9d9-ddb5-4fa4-a97d-d965ccfc6d4b" outcome="Passed" testListId="8c84fa94-04c1-424b-9868-57a2d4851a1d">
      <Output>
      </Output>
    </UnitTestResult>
    <UnitTestResult executionId="58a0622e-6c41-431f-9b4f-73c7fe5fac41" testId="03458724-4303-c8c7-1a87-0c837a65e16e" testName="DeleteNone" computerName="US07SBUILD01" duration="00:00:00.0070067" startTime="2010-07-27T16:24:21.7506785-06:00" endTime="2010-07-27T16:24:21.7633730-06:00" testType="13cdc9d9-ddb5-4fa4-a97d-d965ccfc6d4b" outcome="Passed" testListId="8c84fa94-04c1-424b-9868-57a2d4851a1d">
      <Output>
      </Output>
    </UnitTestResult>
    <UnitTestResult executionId="293245aa-f21f-46e3-ac2d-d00587678c60" testId="d3cd4eaf-a56a-e290-1002-3e706bce78d8" testName="LoadExisting" computerName="US07SBUILD01" duration="00:00:00.0249632" startTime="2010-07-27T16:24:21.7721615-06:00" endTime="2010-07-27T16:24:21.8043860-06:00" testType="13cdc9d9-ddb5-4fa4-a97d-d965ccfc6d4b" outcome="Passed" testListId="8c84fa94-04c1-424b-9868-57a2d4851a1d">
      <Output>
      </Output>
    </UnitTestResult>
    <UnitTestResult executionId="5e36b643-51d8-44dd-b7d5-c2b65a4be42c" testId="02c27551-465c-2f52-4585-e88fd9c04e24" testName="SaveNew" computerName="US07SBUILD01" duration="00:00:00.0256021" startTime="2010-07-27T16:24:21.8053625-06:00" endTime="2010-07-27T16:24:21.8366105-06:00" testType="13cdc9d9-ddb5-4fa4-a97d-d965ccfc6d4b" outcome="Passed" testListId="8c84fa94-04c1-424b-9868-57a2d4851a1d">
      <Output>
      </Output>
    </UnitTestResult>
    <UnitTestResult executionId="e5bee7d3-5db4-4442-b499-5e439a374a31" testId="61d5b782-8476-0d04-5f6f-a155ef2079d3" testName="UpdateExisting" computerName="US07SBUILD01" duration="00:00:00.0208185" startTime="2010-07-27T16:24:21.8375870-06:00" endTime="2010-07-27T16:24:21.8629760-06:00" testType="13cdc9d9-ddb5-4fa4-a97d-d965ccfc6d4b" outcome="Passed" testListId="8c84fa94-04c1-424b-9868-57a2d4851a1d">
      <Output>
      </Output>
    </UnitTestResult>
    <UnitTestResult executionId="e0188764-311c-4698-aaa5-a4423c08d9fa" testId="cf1fa61e-c8fd-aef1-77dc-d009fabd65d7" testName="CategoriesFromCache" computerName="US07SBUILD01" duration="00:00:00.1460618" startTime="2010-07-27T16:24:21.8688350-06:00" endTime="2010-07-27T16:24:22.0211690-06:00" testType="13cdc9d9-ddb5-4fa4-a97d-d965ccfc6d4b" outcome="Passed" testListId="8c84fa94-04c1-424b-9868-57a2d4851a1d">
      <Output>
      </Output>
    </UnitTestResult>
    <UnitTestResult executionId="ac399987-f7c9-4d03-bd7c-c0257707b7d7" testId="7b9ef8c4-da42-d2dd-411f-6c7c3f22a765" testName="GetCategoriesFromYouTube" computerName="US07SBUILD01" duration="00:00:00.0110684" startTime="2010-07-27T16:24:22.0231220-06:00" endTime="2010-07-27T16:24:22.0426520-06:00" testType="13cdc9d9-ddb5-4fa4-a97d-d965ccfc6d4b" outcome="Passed" testListId="8c84fa94-04c1-424b-9868-57a2d4851a1d">
      <Output>
      </Output>
    </UnitTestResult>
    <UnitTestResult executionId="11d709ce-76c4-4547-9008-67a5f34a3614" testId="cbb5be5f-52c6-0ace-5611-c772f8e7deee" testName="NoSavedUserName" computerName="US07SBUILD01" duration="00:00:00.0060231" startTime="2010-07-27T16:24:22.0446050-06:00" endTime="2010-07-27T16:24:22.0592525-06:00" testType="13cdc9d9-ddb5-4fa4-a97d-d965ccfc6d4b" outcome="Passed" testListId="8c84fa94-04c1-424b-9868-57a2d4851a1d">
      <Output>
      </Output>
    </UnitTestResult>
    <UnitTestResult executionId="a4ad201f-5747-4be4-9580-e83cad6be774" testId="c5b1a520-a3f2-4d01-41f7-2598de8e4886" testName="SavedUserName" computerName="US07SBUILD01" duration="00:00:00.0056848" startTime="2010-07-27T16:24:22.0612055-06:00" endTime="2010-07-27T16:24:22.0836650-06:00" testType="13cdc9d9-ddb5-4fa4-a97d-d965ccfc6d4b" outcome="Passed" testListId="8c84fa94-04c1-424b-9868-57a2d4851a1d">
      <Output>
      </Output>
    </UnitTestResult>
    <UnitTestResult executionId="13b16943-05cc-4482-8b96-3eb69b43d9b2" testId="9b9befa1-a3d6-712a-1905-258907233e5a" testName="ShareAutoCategory" computerName="US07SBUILD01" duration="00:00:00.0659307" startTime="2010-07-27T16:24:22.0856180-06:00" endTime="2010-07-27T16:24:22.1608085-06:00" testType="13cdc9d9-ddb5-4fa4-a97d-d965ccfc6d4b" outcome="Passed" testListId="8c84fa94-04c1-424b-9868-57a2d4851a1d">
      <Output>
      </Output>
    </UnitTestResult>
    <UnitTestResult executionId="874990f3-cb58-4029-b3f7-3b8f8191646f" testId="71878c70-c570-8350-9e8f-4290762d97f8" testName="ShareAutoKeywords" computerName="US07SBUILD01" duration="00:00:00.0032861" startTime="2010-07-27T16:24:22.1617850-06:00" endTime="2010-07-27T16:24:22.1735030-06:00" testType="13cdc9d9-ddb5-4fa4-a97d-d965ccfc6d4b" outcome="Passed" testListId="8c84fa94-04c1-424b-9868-57a2d4851a1d">
      <Output>
      </Output>
    </UnitTestResult>
    <UnitTestResult executionId="32d5424c-8926-4936-8b1a-385fbee87bce" testId="98da819a-d6a3-93a4-1bb3-084b26e051c1" testName="ShareMarketingTag" computerName="US07SBUILD01" duration="00:00:00.0032015" startTime="2010-07-27T16:24:22.1744795-06:00" endTime="2010-07-27T16:24:22.1881505-06:00" testType="13cdc9d9-ddb5-4fa4-a97d-d965ccfc6d4b" outcome="Passed" testListId="8c84fa94-04c1-424b-9868-57a2d4851a1d">
      <Output>
      </Output>
    </UnitTestResult>
    <UnitTestResult executionId="7b2aef95-e1f1-4002-b63f-c7d03f133338" testId="25fae873-9ba6-c902-7bef-d531144bc70d" testName="ShareNoCredentials" computerName="US07SBUILD01" duration="00:00:00.0046575" startTime="2010-07-27T16:24:22.1940095-06:00" endTime="2010-07-27T16:24:22.2057275-06:00" testType="13cdc9d9-ddb5-4fa4-a97d-d965ccfc6d4b" outcome="Passed" testListId="8c84fa94-04c1-424b-9868-57a2d4851a1d">
      <Output>
      </Output>
    </UnitTestResult>
    <UnitTestResult executionId="d4aa1b40-bd56-471c-ba76-1740fe5499ed" testId="e6338982-8fa5-a3c8-3295-90e0b376a454" testName="ShareNoTitle" computerName="US07SBUILD01" duration="00:00:00.0017932" startTime="2010-07-27T16:24:22.2096335-06:00" endTime="2010-07-27T16:24:22.2174455-06:00" testType="13cdc9d9-ddb5-4fa4-a97d-d965ccfc6d4b" outcome="Passed" testListId="8c84fa94-04c1-424b-9868-57a2d4851a1d">
      <Output>
      </Output>
    </UnitTestResult>
    <UnitTestResult executionId="da1d8b2c-5763-408e-86ee-b7d0e1cd4d76" testId="f4b3e4e1-8421-5622-c497-c38efb22531b" testName="ShareSaveCredentials" computerName="US07SBUILD01" duration="00:00:00.0052330" startTime="2010-07-27T16:24:22.2193985-06:00" endTime="2010-07-27T16:24:22.2311165-06:00" testType="13cdc9d9-ddb5-4fa4-a97d-d965ccfc6d4b" outcome="Passed" testListId="8c84fa94-04c1-424b-9868-57a2d4851a1d">
      <Output>
      </Output>
    </UnitTestResult>
    <UnitTestResult executionId="5c84916f-b74e-4650-a662-bbef08cc1468" testId="c51a3e97-0f30-6103-8be0-b94c52f0fc95" testName="ShareUseSavedCredentials" computerName="US07SBUILD01" duration="00:00:00.0052699" startTime="2010-07-27T16:24:22.2330695-06:00" endTime="2010-07-27T16:24:22.2457640-06:00" testType="13cdc9d9-ddb5-4fa4-a97d-d965ccfc6d4b" outcome="Passed" testListId="8c84fa94-04c1-424b-9868-57a2d4851a1d">
      <Output>
      </Output>
    </UnitTestResult>
    <UnitTestResult executionId="b93d693a-701e-4874-8a17-2889fcd8b612" testId="1cd1d41b-e141-63a7-7fcc-d84f5e91d580" testName="StatusPending" computerName="US07SBUILD01" duration="00:00:00.0037636" startTime="2010-07-27T16:24:22.2486935-06:00" endTime="2010-07-27T16:24:22.2584585-06:00" testType="13cdc9d9-ddb5-4fa4-a97d-d965ccfc6d4b" outcome="Passed" testListId="8c84fa94-04c1-424b-9868-57a2d4851a1d">
      <Output>
      </Output>
    </UnitTestResult>
    <UnitTestResult executionId="99e7fa07-cb2c-4ffb-b7c7-56e27e06a697" testId="aaf31dd7-69a0-cc56-e243-ae869794fb09" testName="CanonicalizeBad" computerName="US07SBUILD01" duration="00:00:00.0015418" startTime="2010-07-27T16:24:22.2604115-06:00" endTime="2010-07-27T16:24:22.2701765-06:00" testType="13cdc9d9-ddb5-4fa4-a97d-d965ccfc6d4b" outcome="Passed" testListId="8c84fa94-04c1-424b-9868-57a2d4851a1d">
      <Output>
      </Output>
    </UnitTestResult>
    <UnitTestResult executionId="8e8f83fc-3435-42b4-b4f5-53ba798d62a6" testId="c1cb954f-9e23-5005-103d-afe0aba8ca33" testName="CanonicalizeBad2" computerName="US07SBUILD01" duration="00:00:00.0006782" startTime="2010-07-27T16:24:22.2711530-06:00" endTime="2010-07-27T16:24:22.2799415-06:00" testType="13cdc9d9-ddb5-4fa4-a97d-d965ccfc6d4b" outcome="Passed" testListId="8c84fa94-04c1-424b-9868-57a2d4851a1d">
      <Output>
      </Output>
    </UnitTestResult>
    <UnitTestResult executionId="3a3da042-a456-4791-bcdc-6eb7a75c09e9" testId="9fce87a9-47ce-9ef1-a54b-acbba1b150be" testName="CanonicalizeCase" computerName="US07SBUILD01" duration="00:00:00.0010481" startTime="2010-07-27T16:24:22.2818945-06:00" endTime="2010-07-27T16:24:22.2936125-06:00" testType="13cdc9d9-ddb5-4fa4-a97d-d965ccfc6d4b" outcome="Passed" testListId="8c84fa94-04c1-424b-9868-57a2d4851a1d">
      <Output>
      </Output>
    </UnitTestResult>
    <UnitTestResult executionId="a55f645b-ad06-497a-926f-ec972f7fe936" testId="f07c8de4-5fd6-e791-9955-023ba0c6a4bb" testName="CanonicalizeDashes" computerName="US07SBUILD01" duration="00:00:00.0019684" startTime="2010-07-27T16:24:22.2965420-06:00" endTime="2010-07-27T16:24:22.3043540-06:00" testType="13cdc9d9-ddb5-4fa4-a97d-d965ccfc6d4b" outcome="Passed" testListId="8c84fa94-04c1-424b-9868-57a2d4851a1d">
      <Output>
      </Output>
    </UnitTestResult>
    <UnitTestResult executionId="1e4ea59a-e3bc-4cf8-9025-576e10d0504e" testId="cbad4eae-92f4-3c03-7675-69006a663f1f" testName="CanonicalizeLong" computerName="US07SBUILD01" duration="00:00:00.0006053" startTime="2010-07-27T16:24:22.3082600-06:00" endTime="2010-07-27T16:24:22.3180250-06:00" testType="13cdc9d9-ddb5-4fa4-a97d-d965ccfc6d4b" outcome="Passed" testListId="8c84fa94-04c1-424b-9868-57a2d4851a1d">
      <Output>
      </Output>
    </UnitTestResult>
    <UnitTestResult executionId="4f2762ef-1d89-467d-ac7c-324f031d5671" testId="04ad5d42-507e-fc31-ae4f-cb10eeeceab8" testName="CanonicalizeShort" computerName="US07SBUILD01" duration="00:00:00.0007101" startTime="2010-07-27T16:24:22.3190015-06:00" endTime="2010-07-27T16:24:22.3277900-06:00" testType="13cdc9d9-ddb5-4fa4-a97d-d965ccfc6d4b" outcome="Passed" testListId="8c84fa94-04c1-424b-9868-57a2d4851a1d">
      <Output>
      </Output>
    </UnitTestResult>
    <UnitTestResult executionId="14ec183f-3b67-436a-994e-05096fd657d2" testId="19e80751-5d68-ec11-84d2-ba40c841869d" testName="CanonicalizeWhiteSpace" computerName="US07SBUILD01" duration="00:00:00.0012635" startTime="2010-07-27T16:24:22.3326725-06:00" endTime="2010-07-27T16:24:22.3404845-06:00" testType="13cdc9d9-ddb5-4fa4-a97d-d965ccfc6d4b" outcome="Passed" testListId="8c84fa94-04c1-424b-9868-57a2d4851a1d">
      <Output>
      </Output>
    </UnitTestResult>
    <UnitTestResult executionId="30a738d5-4f37-48d8-b311-851ab7b956ce" testId="b343ba75-ed08-fc2c-268c-2ac53b0bf798" testName="FormatForDisplay" computerName="US07SBUILD01" duration="00:00:00.0016507" startTime="2010-07-27T16:24:22.3463435-06:00" endTime="2010-07-27T16:24:22.3814975-06:00" testType="13cdc9d9-ddb5-4fa4-a97d-d965ccfc6d4b" outcome="Passed" testListId="8c84fa94-04c1-424b-9868-57a2d4851a1d">
      <Output>
      </Output>
    </UnitTestResult>
    <UnitTestResult executionId="d1f89839-20a1-4e21-846d-bed0e8f044b3" testId="f893e679-9ec3-656e-1ae3-f8ac5f6ec8cb" testName="GenerateDifferent" computerName="US07SBUILD01" duration="00:00:00.0029442" startTime="2010-07-27T16:24:22.3854035-06:00" endTime="2010-07-27T16:24:22.4400875-06:00" testType="13cdc9d9-ddb5-4fa4-a97d-d965ccfc6d4b" outcome="Passed" testListId="8c84fa94-04c1-424b-9868-57a2d4851a1d">
      <Output>
      </Output>
    </UnitTestResult>
    <UnitTestResult executionId="99e73381-16c6-4e4e-a3b8-4edf28728b73" testId="a84e5524-425b-ae82-9880-d479660cb99e" testName="GenerateLength" computerName="US07SBUILD01" duration="00:00:00.0010115" startTime="2010-07-27T16:24:22.4478995-06:00" endTime="2010-07-27T16:24:22.4771945-06:00" testType="13cdc9d9-ddb5-4fa4-a97d-d965ccfc6d4b" outcome="Passed" testListId="8c84fa94-04c1-424b-9868-57a2d4851a1d">
      <Output>
      </Output>
    </UnitTestResult>
    <UnitTestResult executionId="ade311cb-883f-4125-bf28-f186bfc11222" testId="b311d87d-43ef-f7ee-334e-b658a2a65a7e" testName="FileExistsWaitCreated" computerName="US07SBUILD01" duration="00:00:00.0313333" startTime="2010-07-27T16:24:22.4908655-06:00" endTime="2010-07-27T16:24:22.5475025-06:00" testType="13cdc9d9-ddb5-4fa4-a97d-d965ccfc6d4b" outcome="Passed" testListId="8c84fa94-04c1-424b-9868-57a2d4851a1d">
      <Output>
      </Output>
    </UnitTestResult>
    <UnitTestResult executionId="32d8ef29-b9ae-4dbf-9353-b1dca061acf1" testId="5ef775ae-8af9-259d-ac16-c380c1fd3ea5" testName="FileExistsWaitExists" computerName="US07SBUILD01" duration="00:00:00.0040169" startTime="2010-07-27T16:24:22.5494555-06:00" endTime="2010-07-27T16:24:22.5631265-06:00" testType="13cdc9d9-ddb5-4fa4-a97d-d965ccfc6d4b" outcome="Passed" testListId="8c84fa94-04c1-424b-9868-57a2d4851a1d">
      <Output>
      </Output>
    </UnitTestResult>
    <UnitTestResult executionId="acd69a5b-70ce-4761-aada-dc334f8ff0a0" testId="5c80a589-7209-18be-719c-14a23504c60b" testName="FileExistsWaitTimeout" computerName="US07SBUILD01" duration="00:00:00.2630518" startTime="2010-07-27T16:24:22.5660560-06:00" endTime="2010-07-27T16:24:22.8394770-06:00" testType="13cdc9d9-ddb5-4fa4-a97d-d965ccfc6d4b" outcome="Passed" testListId="8c84fa94-04c1-424b-9868-57a2d4851a1d">
      <Output>
      </Output>
    </UnitTestResult>
    <UnitTestResult executionId="05a7bdf7-dbbe-4788-b473-a6747305eb78" testId="06782599-b68e-5dd2-d797-f6d37e46763c" testName="GetNextEof" computerName="US07SBUILD01" duration="00:00:00.0037208" startTime="2010-07-27T16:24:22.8443595-06:00" endTime="2010-07-27T16:24:22.8560775-06:00" testType="13cdc9d9-ddb5-4fa4-a97d-d965ccfc6d4b" outcome="Passed" testListId="8c84fa94-04c1-424b-9868-57a2d4851a1d">
      <Output>
      </Output>
    </UnitTestResult>
    <UnitTestResult executionId="a76afa94-bc2e-43c8-943c-d3938f5e230c" testId="83ee1e3d-9439-b0e1-3510-b3601110c423" testName="ShouldWrapMessageFalse" computerName="US07SBUILD01" duration="00:00:00.3709085" startTime="2010-07-27T16:24:22.8599835-06:00" endTime="2010-07-27T16:24:23.2378890-06:00" testType="13cdc9d9-ddb5-4fa4-a97d-d965ccfc6d4b" outcome="Passed" testListId="8c84fa94-04c1-424b-9868-57a2d4851a1d">
      <Output>
      </Output>
    </UnitTestResult>
    <UnitTestResult executionId="6abecfc5-eec3-46e4-9bb0-4bbbe46fb090" testId="51710cc0-97ba-f137-ccac-fd5d07efc855" testName="ShouldWrapMessageFalse_BadValue" computerName="US07SBUILD01" duration="00:00:00.0010747" startTime="2010-07-27T16:24:23.2408185-06:00" endTime="2010-07-27T16:24:23.2525365-06:00" testType="13cdc9d9-ddb5-4fa4-a97d-d965ccfc6d4b" outcome="Passed" testListId="8c84fa94-04c1-424b-9868-57a2d4851a1d">
      <Output>
      </Output>
    </UnitTestResult>
    <UnitTestResult executionId="16dde006-a95f-4593-b635-2420aa414d9d" testId="1aced13f-9df4-9cc3-51f9-cbb1806046cf" testName="ShouldWrapMessageFalseWithValue" computerName="US07SBUILD01" duration="00:00:00.0010051" startTime="2010-07-27T16:24:23.2554660-06:00" endTime="2010-07-27T16:24:23.2632780-06:00" testType="13cdc9d9-ddb5-4fa4-a97d-d965ccfc6d4b" outcome="Passed" testListId="8c84fa94-04c1-424b-9868-57a2d4851a1d">
      <Output>
      </Output>
    </UnitTestResult>
    <UnitTestResult executionId="5ae18b46-4702-4493-b17a-f6694a6e0185" testId="bdcc2a9e-b412-5da0-3283-a4f1f8da6a70" testName="ShouldWrapMessageTrue" computerName="US07SBUILD01" duration="00:00:00.0006886" startTime="2010-07-27T16:24:23.2662075-06:00" endTime="2010-07-27T16:24:23.2740195-06:00" testType="13cdc9d9-ddb5-4fa4-a97d-d965ccfc6d4b" outcome="Passed" testListId="8c84fa94-04c1-424b-9868-57a2d4851a1d">
      <Output>
      </Output>
    </UnitTestResult>
    <UnitTestResult executionId="33ba9ed1-dc58-44e9-bf78-41fb4e2b50bc" testId="222eb68e-08e7-49cc-5364-2062ebb02ded" testName="AllowRoles_IsAuthorized" computerName="US07SBUILD01" duration="00:00:00.0090103" startTime="2010-07-27T16:24:23.2769490-06:00" endTime="2010-07-27T16:24:23.2925730-06:00" testType="13cdc9d9-ddb5-4fa4-a97d-d965ccfc6d4b" outcome="Passed" testListId="8c84fa94-04c1-424b-9868-57a2d4851a1d">
      <Output>
      </Output>
    </UnitTestResult>
    <UnitTestResult executionId="84d2e36c-5c2d-4739-b6b8-414befc10c93" testId="5a3091d9-a800-1de6-5284-c01298243929" testName="AllowRoles_IsNotAuthorized" computerName="US07SBUILD01" duration="00:00:00.0009059" startTime="2010-07-27T16:24:23.2994085-06:00" endTime="2010-07-27T16:24:23.3062440-06:00" testType="13cdc9d9-ddb5-4fa4-a97d-d965ccfc6d4b" outcome="Passed" testListId="8c84fa94-04c1-424b-9868-57a2d4851a1d">
      <Output>
      </Output>
    </UnitTestResult>
    <UnitTestResult executionId="aef1a87f-b9d5-458b-b8b0-419459eecee9" testId="3ffa48e4-8d88-8ad5-3f04-ff3dea1b3f2e" testName="DenyRoles_IsAuthorized" computerName="US07SBUILD01" duration="00:00:00.0013554" startTime="2010-07-27T16:24:23.3081970-06:00" endTime="2010-07-27T16:24:23.3160090-06:00" testType="13cdc9d9-ddb5-4fa4-a97d-d965ccfc6d4b" outcome="Passed" testListId="8c84fa94-04c1-424b-9868-57a2d4851a1d">
      <Output>
      </Output>
    </UnitTestResult>
    <UnitTestResult executionId="77f993fe-c2c0-4e9d-9546-823c231862b6" testId="974004cf-5b93-b1fd-cfef-4114a6b0eb5e" testName="DenyRoles_IsNotAuthorized" computerName="US07SBUILD01" duration="00:00:00.0009104" startTime="2010-07-27T16:24:23.3169855-06:00" endTime="2010-07-27T16:24:23.3277270-06:00" testType="13cdc9d9-ddb5-4fa4-a97d-d965ccfc6d4b" outcome="Passed" testListId="8c84fa94-04c1-424b-9868-57a2d4851a1d">
      <Output>
      </Output>
    </UnitTestResult>
    <UnitTestResult executionId="def229cc-5d41-4ff4-a1ba-7e5e62bf46c3" testId="d0678bf4-2056-ae5f-4669-b413a71c461d" testName="Mixed_IsAuthorized" computerName="US07SBUILD01" duration="00:00:00.0009336" startTime="2010-07-27T16:24:23.3335860-06:00" endTime="2010-07-27T16:24:23.3404215-06:00" testType="13cdc9d9-ddb5-4fa4-a97d-d965ccfc6d4b" outcome="Passed" testListId="8c84fa94-04c1-424b-9868-57a2d4851a1d">
      <Output>
      </Output>
    </UnitTestResult>
    <UnitTestResult executionId="5273fb99-a2c8-4a6b-a411-bb041c614f8e" testId="a6982e99-95c8-d261-2400-3b753eb23370" testName="Mixed_IsNotAuthorized" computerName="US07SBUILD01" duration="00:00:00.0008746" startTime="2010-07-27T16:24:23.3472570-06:00" endTime="2010-07-27T16:24:23.3560455-06:00" testType="13cdc9d9-ddb5-4fa4-a97d-d965ccfc6d4b" outcome="Passed" testListId="8c84fa94-04c1-424b-9868-57a2d4851a1d">
      <Output>
      </Output>
    </UnitTestResult>
    <UnitTestResult executionId="e4c7959e-9096-4495-a71a-e0e8c64a4d83" testId="6618cda3-743e-003c-67df-1bedf2aee51d" testName="NotSet_IsAuthorized" computerName="US07SBUILD01" duration="00:00:00.0007783" startTime="2010-07-27T16:24:23.3609280-06:00" endTime="2010-07-27T16:24:23.3687400-06:00" testType="13cdc9d9-ddb5-4fa4-a97d-d965ccfc6d4b" outcome="Passed" testListId="8c84fa94-04c1-424b-9868-57a2d4851a1d">
      <Output>
      </Output>
    </UnitTestResult>
    <UnitTestResult executionId="210c7862-1e74-4afe-aee3-72f821b2df9a" testId="47ccac5f-86fa-182c-dfaa-e5b82d7dadd3" testName="CallsAuthServiceWithUserId" computerName="US07SBUILD01" duration="00:00:00.0140350" startTime="2010-07-27T16:24:23.3736225-06:00" endTime="2010-07-27T16:24:23.3960820-06:00" testType="13cdc9d9-ddb5-4fa4-a97d-d965ccfc6d4b" outcome="Passed" testListId="8c84fa94-04c1-424b-9868-57a2d4851a1d">
      <Output>
      </Output>
    </UnitTestResult>
    <UnitTestResult executionId="c4644a75-dd39-435e-998b-f19be464d988" testId="4a66f570-eeed-4e99-7e57-68178031ec59" testName="ResolveEntityEmptyStringTest" computerName="US07SBUILD01" duration="00:00:00.0765474" startTime="2010-07-27T16:24:23.4156120-06:00" endTime="2010-07-27T16:24:23.5708755-06:00" testType="13cdc9d9-ddb5-4fa4-a97d-d965ccfc6d4b" outcome="Passed" testListId="8c84fa94-04c1-424b-9868-57a2d4851a1d">
      <Output>
      </Output>
    </UnitTestResult>
    <UnitTestResult executionId="56253126-65af-4d8a-8d39-a686ecce9657" testId="5b6e1a61-fb15-f3c6-56d4-577751f67a63" testName="ResolveEntityNullTest" computerName="US07SBUILD01" duration="00:00:00.0023782" startTime="2010-07-27T16:24:23.5884525-06:00" endTime="2010-07-27T16:24:23.6099355-06:00" testType="13cdc9d9-ddb5-4fa4-a97d-d965ccfc6d4b" outcome="Passed" testListId="8c84fa94-04c1-424b-9868-57a2d4851a1d">
      <Output>
      </Output>
    </UnitTestResult>
    <UnitTestResult executionId="be3c2b82-162b-4439-9765-5dc5f73c9bd5" testId="e14b8a6a-9573-e3ef-adf0-747cea86ba40" testName="ResolveNullUserThrows" computerName="US07SBUILD01" duration="00:00:00.0021888" startTime="2010-07-27T16:24:23.6402070-06:00" endTime="2010-07-27T16:24:23.6538780-06:00" testType="13cdc9d9-ddb5-4fa4-a97d-d965ccfc6d4b" outcome="Passed" testListId="8c84fa94-04c1-424b-9868-57a2d4851a1d">
      <Output>
      </Output>
    </UnitTestResult>
    <UnitTestResult executionId="74c5098e-b45e-4aa5-875c-f44004991ae9" testId="8ef45a56-1ada-fd3a-c710-ed411d2862eb" testName="UserNameForDeviceUser" computerName="US07SBUILD01" duration="00:00:00.0249945" startTime="2010-07-27T16:24:23.6587605-06:00" endTime="2010-07-27T16:24:23.6939145-06:00" testType="13cdc9d9-ddb5-4fa4-a97d-d965ccfc6d4b" outcome="Passed" testListId="8c84fa94-04c1-424b-9868-57a2d4851a1d">
      <Output>
      </Output>
    </UnitTestResult>
    <UnitTestResult executionId="0f4d7343-bf65-40ce-ad80-37dc8301a549" testId="8247ac44-63c9-d63a-9d58-a47b31aa742a" testName="UserNameForEndUser" computerName="US07SBUILD01" duration="00:00:00.0136042" startTime="2010-07-27T16:24:23.6958675-06:00" endTime="2010-07-27T16:24:23.7193035-06:00" testType="13cdc9d9-ddb5-4fa4-a97d-d965ccfc6d4b" outcome="Passed" testListId="8c84fa94-04c1-424b-9868-57a2d4851a1d">
      <Output>
      </Output>
    </UnitTestResult>
    <UnitTestResult executionId="ed2617ea-9498-485c-ae1e-49171da7c619" testId="797333d9-b4de-df59-a9c7-9f309f2594d5" testName="UserWithNoDvsEntityKeyReturnsNull" computerName="US07SBUILD01" duration="00:00:00.0074503" startTime="2010-07-27T16:24:23.7241860-06:00" endTime="2010-07-27T16:24:23.7398100-06:00" testType="13cdc9d9-ddb5-4fa4-a97d-d965ccfc6d4b" outcome="Passed" testListId="8c84fa94-04c1-424b-9868-57a2d4851a1d">
      <Output>
      </Output>
    </UnitTestResult>
    <UnitTestResult executionId="760a6ed9-ee5a-4600-83bc-2053f09e81e5" testId="d4ac6b91-762e-06aa-d810-39966bd429cc" testName="SiteToSiteInfoIsMapped" computerName="US07SBUILD01" duration="00:00:00.0129379" startTime="2010-07-27T16:24:23.7456690-06:00" endTime="2010-07-27T16:24:23.7661755-06:00" testType="13cdc9d9-ddb5-4fa4-a97d-d965ccfc6d4b" outcome="Passed" testListId="8c84fa94-04c1-424b-9868-57a2d4851a1d">
      <Output>
      </Output>
    </UnitTestResult>
    <UnitTestResult executionId="b066fa42-555f-4148-9b5e-a7a72d7e3a30" testId="34caa6e3-d475-99e9-ace3-36d10c0a4575" testName="ToExistingEntity" computerName="US07SBUILD01" duration="00:00:00.0209048" startTime="2010-07-27T16:24:23.7710580-06:00" endTime="2010-07-27T16:24:23.7993765-06:00" testType="13cdc9d9-ddb5-4fa4-a97d-d965ccfc6d4b" outcome="Passed" testListId="8c84fa94-04c1-424b-9868-57a2d4851a1d">
      <Output>
      </Output>
    </UnitTestResult>
    <UnitTestResult executionId="23a952fe-f5b6-414a-a255-eda97d02a70f" testId="b37edd75-7fce-1bb2-38ca-83b1ecc211da" testName="ToNewEntity" computerName="US07SBUILD01" duration="00:00:00.0145870" startTime="2010-07-27T16:24:23.8062120-06:00" endTime="2010-07-27T16:24:23.8267185-06:00" testType="13cdc9d9-ddb5-4fa4-a97d-d965ccfc6d4b" outcome="Passed" testListId="8c84fa94-04c1-424b-9868-57a2d4851a1d">
      <Output>
      </Output>
    </UnitTestResult>
    <UnitTestResult executionId="4820ecc3-f802-4efb-9a12-a105566f2c52" testId="69d895ae-6cb2-1cb8-70fd-79533e1a0814" testName="ResourceIdIsBadOnDelete" computerName="US07SBUILD01" duration="00:00:00.2717543" startTime="2010-07-27T16:24:23.8316010-06:00" endTime="2010-07-27T16:24:24.1089270-06:00" testType="13cdc9d9-ddb5-4fa4-a97d-d965ccfc6d4b" outcome="Passed" testListId="8c84fa94-04c1-424b-9868-57a2d4851a1d">
      <Output>
      </Output>
    </UnitTestResult>
    <UnitTestResult executionId="25d74577-6ed2-4262-aabf-3a078a242990" testId="3e9fc949-c76f-bee7-74ee-4b5c33cc0be3" testName="ResourceIdIsBadOnUpdate" computerName="US07SBUILD01" duration="00:00:00.0029140" startTime="2010-07-27T16:24:24.1118565-06:00" endTime="2010-07-27T16:24:24.1186920-06:00" testType="13cdc9d9-ddb5-4fa4-a97d-d965ccfc6d4b" outcome="Passed" testListId="8c84fa94-04c1-424b-9868-57a2d4851a1d">
      <Output>
      </Output>
    </UnitTestResult>
    <UnitTestResult executionId="51a306d9-9b44-4982-bf73-564d3e1138d0" testId="d1280bf6-a6ac-bfb2-1fcf-aafebc04eca5" testName="ResourceIdMatchPutData" computerName="US07SBUILD01" duration="00:00:00.0029453" startTime="2010-07-27T16:24:24.1206450-06:00" endTime="2010-07-27T16:24:24.1274805-06:00" testType="13cdc9d9-ddb5-4fa4-a97d-d965ccfc6d4b" outcome="Passed" testListId="8c84fa94-04c1-424b-9868-57a2d4851a1d">
      <Output>
      </Output>
    </UnitTestResult>
    <UnitTestResult executionId="a603d885-3795-43cb-bb29-5d5da35c5b04" testId="484561d4-7ff4-2268-e9a3-02f50bd11545" testName="SiteChangeNotification" computerName="US07SBUILD01" duration="00:00:00.3514161" startTime="2010-07-27T16:24:24.1313865-06:00" endTime="2010-07-27T16:24:24.4858560-06:00" testType="13cdc9d9-ddb5-4fa4-a97d-d965ccfc6d4b" outcome="Passed" testListId="8c84fa94-04c1-424b-9868-57a2d4851a1d">
      <Output>
      </Output>
    </UnitTestResult>
    <UnitTestResult executionId="b1078a92-52d5-48cb-97af-57dc442983e3" testId="f9171202-42d3-e721-4a22-d62f3021770b" testName="SiteNotFound" computerName="US07SBUILD01" duration="00:00:00.0138431" startTime="2010-07-27T16:24:24.4878090-06:00" endTime="2010-07-27T16:24:24.5092920-06:00" testType="13cdc9d9-ddb5-4fa4-a97d-d965ccfc6d4b" outcome="Passed" testListId="8c84fa94-04c1-424b-9868-57a2d4851a1d">
      <Output>
      </Output>
    </UnitTestResult>
    <UnitTestResult executionId="349a1324-a700-42b6-a992-b827761ba789" testId="a79f4558-938b-b381-8bd6-2b8aa952f320" testName="TestDeleteSite" computerName="US07SBUILD01" duration="00:00:00.0291333" startTime="2010-07-27T16:24:24.5112450-06:00" endTime="2010-07-27T16:24:24.5493285-06:00" testType="13cdc9d9-ddb5-4fa4-a97d-d965ccfc6d4b" outcome="Passed" testListId="8c84fa94-04c1-424b-9868-57a2d4851a1d">
      <Output>
      </Output>
    </UnitTestResult>
    <UnitTestResult executionId="28e9ea12-7bb6-4158-b547-d7052f838e5a" testId="c8c5e2b4-7393-08dc-10e2-d6faef315820" testName="TestDeleteSiteSecurity" computerName="US07SBUILD01" duration="00:00:00.0159654" startTime="2010-07-27T16:24:24.5512815-06:00" endTime="2010-07-27T16:24:24.5737410-06:00" testType="13cdc9d9-ddb5-4fa4-a97d-d965ccfc6d4b" outcome="Passed" testListId="8c84fa94-04c1-424b-9868-57a2d4851a1d">
      <Output>
      </Output>
    </UnitTestResult>
    <UnitTestResult executionId="02988631-9e45-4008-b0e0-5e24f26e2490" testId="e1225170-b56b-e33b-5d40-b101d0d60a93" testName="UpdateSite" computerName="US07SBUILD01" duration="00:00:00.0342476" startTime="2010-07-27T16:24:24.5756940-06:00" endTime="2010-07-27T16:24:24.6245190-06:00" testType="13cdc9d9-ddb5-4fa4-a97d-d965ccfc6d4b" outcome="Passed" testListId="8c84fa94-04c1-424b-9868-57a2d4851a1d">
      <Output>
      </Output>
    </UnitTestResult>
    <UnitTestResult executionId="f7fc874c-fa76-4e9e-95c3-21adeb554ad3" testId="095dd165-99bd-9bb7-cdf7-ae12a0e10509" testName="DeleteSupportUser_Succeeds" computerName="US07SBUILD01" duration="00:00:00.1340902" startTime="2010-07-27T16:24:24.6430725-06:00" endTime="2010-07-27T16:24:24.7944300-06:00" testType="13cdc9d9-ddb5-4fa4-a97d-d965ccfc6d4b" outcome="Passed" testListId="8c84fa94-04c1-424b-9868-57a2d4851a1d">
      <Output>
      </Output>
    </UnitTestResult>
    <UnitTestResult executionId="91195370-7f30-498d-9f2e-2ce4c142aae9" testId="5081daa7-0188-7815-d711-e2a9248fb260" testName="FindCustomer_First_Last" computerName="US07SBUILD01" duration="00:00:00.0916244" startTime="2010-07-27T16:24:24.7954065-06:00" endTime="2010-07-27T16:24:24.8950105-06:00" testType="13cdc9d9-ddb5-4fa4-a97d-d965ccfc6d4b" outcome="Passed" testListId="8c84fa94-04c1-424b-9868-57a2d4851a1d">
      <Output>
      </Output>
    </UnitTestResult>
    <UnitTestResult executionId="55e098f9-9880-41a9-9012-6f714f78b0cc" testId="070f280e-1211-af84-c8f7-33777304d4d5" testName="FindCustomers_ExactEmail" computerName="US07SBUILD01" duration="00:00:00.0410096" startTime="2010-07-27T16:24:24.8969635-06:00" endTime="2010-07-27T16:24:24.9438355-06:00" testType="13cdc9d9-ddb5-4fa4-a97d-d965ccfc6d4b" outcome="Passed" testListId="8c84fa94-04c1-424b-9868-57a2d4851a1d">
      <Output>
      </Output>
    </UnitTestResult>
    <UnitTestResult executionId="f64cbc4b-4908-4d01-aeb0-45e5f3cb1e5b" testId="64751159-550c-8189-f78b-5adf75923f85" testName="FindCustomers_Last_Comma_First" computerName="US07SBUILD01" duration="00:00:00.0474236" startTime="2010-07-27T16:24:24.9467650-06:00" endTime="2010-07-27T16:24:25.0043785-06:00" testType="13cdc9d9-ddb5-4fa4-a97d-d965ccfc6d4b" outcome="Passed" testListId="8c84fa94-04c1-424b-9868-57a2d4851a1d">
      <Output>
      </Output>
    </UnitTestResult>
    <UnitTestResult executionId="d97ed872-9ff9-4923-a10f-8100d0e086ce" testId="84a66a25-e26d-1d6a-bb8b-512b3fae0c7e" testName="FindCustomers_LastName_StartsWith" computerName="US07SBUILD01" duration="00:00:00.0254901" startTime="2010-07-27T16:24:25.0219565-06:00" endTime="2010-07-27T16:24:25.0395335-06:00" testType="13cdc9d9-ddb5-4fa4-a97d-d965ccfc6d4b" outcome="Passed" testListId="8c84fa94-04c1-424b-9868-57a2d4851a1d">
      <Output>
      </Output>
    </UnitTestResult>
    <UnitTestResult executionId="f9afbb03-2ad5-4422-9811-98bc6fac5d17" testId="33d3d3bf-2d62-a4b9-1265-7dfb56cd3ee4" testName="FindCustomers_MacAddress" computerName="US07SBUILD01" duration="00:00:00.0269587" startTime="2010-07-27T16:24:25.0424630-06:00" endTime="2010-07-27T16:24:25.0766405-06:00" testType="13cdc9d9-ddb5-4fa4-a97d-d965ccfc6d4b" outcome="Passed" testListId="8c84fa94-04c1-424b-9868-57a2d4851a1d">
      <Output>
      </Output>
    </UnitTestResult>
    <UnitTestResult executionId="6beb300b-5d6d-4b61-b99d-2d2456b93566" testId="377ad911-bf4f-3a20-9eb8-7d308fe0b249" testName="FindCustomers_NoResults_LastName" computerName="US07SBUILD01" duration="00:00:00.0104918" startTime="2010-07-27T16:24:25.0785935-06:00" endTime="2010-07-27T16:24:25.0971470-06:00" testType="13cdc9d9-ddb5-4fa4-a97d-d965ccfc6d4b" outcome="Passed" testListId="8c84fa94-04c1-424b-9868-57a2d4851a1d">
      <Output>
      </Output>
    </UnitTestResult>
    <UnitTestResult executionId="42822ab4-5709-4485-86af-015d186b7431" testId="98b4821c-fcd4-7d4e-5984-aa244d43b6fc" testName="FindCustomers_PartialEmail" computerName="US07SBUILD01" duration="00:00:00.0105443" startTime="2010-07-27T16:24:25.0981235-06:00" endTime="2010-07-27T16:24:25.1127710-06:00" testType="13cdc9d9-ddb5-4fa4-a97d-d965ccfc6d4b" outcome="Passed" testListId="8c84fa94-04c1-424b-9868-57a2d4851a1d">
      <Output>
      </Output>
    </UnitTestResult>
    <UnitTestResult executionId="1dd6a0a2-0aef-4d12-9c16-9ba04ff3f3e5" testId="9d256a5b-98bf-7774-3bfb-eaa9b25b373a" testName="FindCustomers_ProductKey_Delimited" computerName="US07SBUILD01" duration="00:00:00.0135095" startTime="2010-07-27T16:24:25.1166770-06:00" endTime="2010-07-27T16:24:25.1352305-06:00" testType="13cdc9d9-ddb5-4fa4-a97d-d965ccfc6d4b" outcome="Passed" testListId="8c84fa94-04c1-424b-9868-57a2d4851a1d">
      <Output>
      </Output>
    </UnitTestResult>
    <UnitTestResult executionId="757e65b6-a4cd-4fff-9256-685a04e83b33" testId="cd32ee02-cad1-f47b-fc16-d6b7d0d0e743" testName="GetCustomerDetailInfo_UserNotFound" computerName="US07SBUILD01" duration="00:00:00.0179709" startTime="2010-07-27T16:24:25.1362070-06:00" endTime="2010-07-27T16:24:25.1576900-06:00" testType="13cdc9d9-ddb5-4fa4-a97d-d965ccfc6d4b" outcome="Passed" testListId="8c84fa94-04c1-424b-9868-57a2d4851a1d">
      <Output>
      </Output>
    </UnitTestResult>
    <UnitTestResult executionId="ab07d712-7c23-4c8a-8987-0fd00bc6a348" testId="016754e4-bb80-6970-89b2-50ba660633d5" testName="GetQueryIndexParam_Invalid" computerName="US07SBUILD01" duration="00:00:00.0038387" startTime="2010-07-27T16:24:25.1586665-06:00" endTime="2010-07-27T16:24:25.1674550-06:00" testType="13cdc9d9-ddb5-4fa4-a97d-d965ccfc6d4b" outcome="Passed" testListId="8c84fa94-04c1-424b-9868-57a2d4851a1d">
      <Output>
      </Output>
    </UnitTestResult>
    <UnitTestResult executionId="f75d4d02-664a-4c5e-b597-30d4553117f9" testId="d08e75d3-cf16-798f-e223-fbe200d2c1c1" testName="GetQueryIndexParam_OutOfRange" computerName="US07SBUILD01" duration="00:00:00.0035786" startTime="2010-07-27T16:24:25.1703845-06:00" endTime="2010-07-27T16:24:25.1772200-06:00" testType="13cdc9d9-ddb5-4fa4-a97d-d965ccfc6d4b" outcome="Passed" testListId="8c84fa94-04c1-424b-9868-57a2d4851a1d">
      <Output>
      </Output>
    </UnitTestResult>
    <UnitTestResult executionId="7704b2b5-894d-4701-b66b-ced149f4fc51" testId="ae1f9064-ec2c-8cf3-b9cf-315800274251" testName="GetQueryPageSizeParam_OutOfRange" computerName="US07SBUILD01" duration="00:00:00.0033512" startTime="2010-07-27T16:24:25.1791730-06:00" endTime="2010-07-27T16:24:25.1850320-06:00" testType="13cdc9d9-ddb5-4fa4-a97d-d965ccfc6d4b" outcome="Passed" testListId="8c84fa94-04c1-424b-9868-57a2d4851a1d">
      <Output>
      </Output>
    </UnitTestResult>
    <UnitTestResult executionId="6f4d20ab-a953-492b-a7ed-9f5f59a3cf24" testId="c15ebafe-119a-8b55-613c-e54acfeaf216" testName="GetQueryPageSizeParam_ParseFails" computerName="US07SBUILD01" duration="00:00:00.0058200" startTime="2010-07-27T16:24:25.1879615-06:00" endTime="2010-07-27T16:24:25.1996795-06:00" testType="13cdc9d9-ddb5-4fa4-a97d-d965ccfc6d4b" outcome="Passed" testListId="8c84fa94-04c1-424b-9868-57a2d4851a1d">
      <Output>
      </Output>
    </UnitTestResult>
    <UnitTestResult executionId="be1d5cfd-9df1-44fa-93c6-3c6c76443813" testId="07e52639-7084-4242-a4bf-9cc2aacf4022" testName="GetSupportUserList_ReturnAll" computerName="US07SBUILD01" duration="00:00:00.0182995" startTime="2010-07-27T16:24:25.2006560-06:00" endTime="2010-07-27T16:24:25.2250685-06:00" testType="13cdc9d9-ddb5-4fa4-a97d-d965ccfc6d4b" outcome="Passed" testListId="8c84fa94-04c1-424b-9868-57a2d4851a1d">
      <Output>
      </Output>
    </UnitTestResult>
    <UnitTestResult executionId="f2788626-ac92-487b-baec-71ee3e1bf2b7" testId="025623ff-8aa4-03b9-95bf-dadf44e67d04" testName="GetSupportUserList_ReturnAll_LocationNotFound" computerName="US07SBUILD01" duration="00:00:00.0055970" startTime="2010-07-27T16:24:25.2250685-06:00" endTime="2010-07-27T16:24:25.2358100-06:00" testType="13cdc9d9-ddb5-4fa4-a97d-d965ccfc6d4b" outcome="Passed" testListId="8c84fa94-04c1-424b-9868-57a2d4851a1d">
      <Output>
      </Output>
    </UnitTestResult>
    <UnitTestResult executionId="fa090bb0-e494-4706-9021-5ed9cade923a" testId="b3c8bdfc-5ee6-a3a3-57fe-74c626d992e6" testName="MixedRolesStillWork" computerName="US07SBUILD01" duration="00:00:00.0016454" startTime="2010-07-27T16:24:25.2387395-06:00" endTime="2010-07-27T16:24:25.2436220-06:00" testType="13cdc9d9-ddb5-4fa4-a97d-d965ccfc6d4b" outcome="Passed" testListId="8c84fa94-04c1-424b-9868-57a2d4851a1d">
      <Output>
      </Output>
    </UnitTestResult>
    <UnitTestResult executionId="38b02e38-72b4-401d-a55e-10999cec98a3" testId="9432912d-5287-562c-a8c6-63a7ad09ea36" testName="NonSupportUserReturnsNeg1" computerName="US07SBUILD01" duration="00:00:00.0012068" startTime="2010-07-27T16:24:25.2436220-06:00" endTime="2010-07-27T16:24:25.2494810-06:00" testType="13cdc9d9-ddb5-4fa4-a97d-d965ccfc6d4b" outcome="Passed" testListId="8c84fa94-04c1-424b-9868-57a2d4851a1d">
      <Output>
      </Output>
    </UnitTestResult>
    <UnitTestResult executionId="ee4dbd60-385a-4852-9874-318afe690eb9" testId="c4cf1838-9271-c8fd-5d32-06e589f77ae9" testName="SupportAdminReturns2" computerName="US07SBUILD01" duration="00:00:00.0011311" startTime="2010-07-27T16:24:25.2504575-06:00" endTime="2010-07-27T16:24:25.2563165-06:00" testType="13cdc9d9-ddb5-4fa4-a97d-d965ccfc6d4b" outcome="Passed" testListId="8c84fa94-04c1-424b-9868-57a2d4851a1d">
      <Output>
      </Output>
    </UnitTestResult>
    <UnitTestResult executionId="02f80867-fb26-440e-9b93-341566a76d83" testId="2921dc7f-4373-4993-073b-6a02cff4cb8c" testName="SupportManagerReturns1" computerName="US07SBUILD01" duration="00:00:00.0011970" startTime="2010-07-27T16:24:25.2572930-06:00" endTime="2010-07-27T16:24:25.2660815-06:00" testType="13cdc9d9-ddb5-4fa4-a97d-d965ccfc6d4b" outcome="Passed" testListId="8c84fa94-04c1-424b-9868-57a2d4851a1d">
      <Output>
      </Output>
    </UnitTestResult>
    <UnitTestResult executionId="314cbeda-6465-49ac-859b-d6105398c642" testId="74b85d73-6266-98a9-3ad5-010c26e2a7ba" testName="SupportTechReturns0" computerName="US07SBUILD01" duration="00:00:00.0013188" startTime="2010-07-27T16:24:25.2768230-06:00" endTime="2010-07-27T16:24:25.2836585-06:00" testType="13cdc9d9-ddb5-4fa4-a97d-d965ccfc6d4b" outcome="Passed" testListId="8c84fa94-04c1-424b-9868-57a2d4851a1d">
      <Output>
      </Output>
    </UnitTestResult>
    <UnitTestResult executionId="19961ddd-5bc7-4e43-96d2-6390621e81b1" testId="7446a4da-08dd-641c-70aa-e66239b9ec7f" testName="UpdateSupportUser_Location_NotFound" computerName="US07SBUILD01" duration="00:00:00.0064868" startTime="2010-07-27T16:24:25.2846350-06:00" endTime="2010-07-27T16:24:25.2963530-06:00" testType="13cdc9d9-ddb5-4fa4-a97d-d965ccfc6d4b" outcome="Passed" testListId="8c84fa94-04c1-424b-9868-57a2d4851a1d">
      <Output>
      </Output>
    </UnitTestResult>
    <UnitTestResult executionId="0f350e50-5d67-4e35-991b-5f2925229872" testId="dc795418-04b0-d1d3-9a7b-cb941916f128" testName="UpdateSupportUser_Location_Succeeds" computerName="US07SBUILD01" duration="00:00:00.0054140" startTime="2010-07-27T16:24:25.2973295-06:00" endTime="2010-07-27T16:24:25.3061180-06:00" testType="13cdc9d9-ddb5-4fa4-a97d-d965ccfc6d4b" outcome="Passed" testListId="8c84fa94-04c1-424b-9868-57a2d4851a1d">
      <Output>
      </Output>
    </UnitTestResult>
    <UnitTestResult executionId="1dea4941-0de1-43dd-b501-65339f8a6040" testId="9b99b463-ef35-95a4-d97d-44c640692673" testName="UpdateSupportUser_Role_SupportAdmin" computerName="US07SBUILD01" duration="00:00:00.0046637" startTime="2010-07-27T16:24:25.3070945-06:00" endTime="2010-07-27T16:24:25.3168595-06:00" testType="13cdc9d9-ddb5-4fa4-a97d-d965ccfc6d4b" outcome="Passed" testListId="8c84fa94-04c1-424b-9868-57a2d4851a1d">
      <Output>
      </Output>
    </UnitTestResult>
    <UnitTestResult executionId="11f5e1e7-4bfd-4060-afa4-bfe802bfd14c" testId="75bdbe14-6c23-d779-33ae-7b4d2fe28f9a" testName="UpdateSupportUser_Role_SupportManager" computerName="US07SBUILD01" duration="00:00:00.0039370" startTime="2010-07-27T16:24:25.3168595-06:00" endTime="2010-07-27T16:24:25.3256480-06:00" testType="13cdc9d9-ddb5-4fa4-a97d-d965ccfc6d4b" outcome="Passed" testListId="8c84fa94-04c1-424b-9868-57a2d4851a1d">
      <Output>
      </Output>
    </UnitTestResult>
    <UnitTestResult executionId="88e58a74-61a2-4501-acf9-c2b3314e6f7b" testId="2473f402-63a0-27d8-9b50-46aa4a8bbf8c" testName="UpdateSupportUser_Role_SupportTech" computerName="US07SBUILD01" duration="00:00:00.0040544" startTime="2010-07-27T16:24:25.3266245-06:00" endTime="2010-07-27T16:24:25.3451780-06:00" testType="13cdc9d9-ddb5-4fa4-a97d-d965ccfc6d4b" outcome="Passed" testListId="8c84fa94-04c1-424b-9868-57a2d4851a1d">
      <Output>
      </Output>
    </UnitTestResult>
    <UnitTestResult executionId="c8bdf0d5-4c29-43d9-b16e-6be7cde63991" testId="39156b50-2cbc-b3bb-8515-a275e94858c0" testName="TestAlertTemplate_Image" computerName="US07SBUILD01" duration="00:00:00.2201631" startTime="2010-07-27T16:24:25.3461545-06:00" endTime="2010-07-27T16:24:25.5707495-06:00" testType="13cdc9d9-ddb5-4fa4-a97d-d965ccfc6d4b" outcome="Passed" testListId="8c84fa94-04c1-424b-9868-57a2d4851a1d">
      <Output>
      </Output>
    </UnitTestResult>
    <UnitTestResult executionId="0e705729-6a20-44ad-94e6-b0c3ac78b611" testId="ed16e022-71cf-584c-0610-70b051feb390" testName="TestAlertTemplate_TextOnly" computerName="US07SBUILD01" duration="00:00:00.0160333" startTime="2010-07-27T16:24:25.5717260-06:00" endTime="2010-07-27T16:24:25.5932090-06:00" testType="13cdc9d9-ddb5-4fa4-a97d-d965ccfc6d4b" outcome="Passed" testListId="8c84fa94-04c1-424b-9868-57a2d4851a1d">
      <Output>
      </Output>
    </UnitTestResult>
    <UnitTestResult executionId="a40b555c-f27c-425b-bf18-1304d4c87294" testId="963610ce-b904-2542-374d-4d57c3335e71" testName="TestChangePasswordTemplate_TextOnly" computerName="US07SBUILD01" duration="00:00:00.0114372" startTime="2010-07-27T16:24:25.5961385-06:00" endTime="2010-07-27T16:24:25.6127390-06:00" testType="13cdc9d9-ddb5-4fa4-a97d-d965ccfc6d4b" outcome="Passed" testListId="8c84fa94-04c1-424b-9868-57a2d4851a1d">
      <Output>
      </Output>
    </UnitTestResult>
    <UnitTestResult executionId="14f66217-3193-4dc1-bbd8-7bab0c8363ee" testId="c4da9bb7-ad2b-a073-5aef-fe6225f38e3e" testName="TestChangeUsernameTemplate_TextOnly" computerName="US07SBUILD01" duration="00:00:00.0139238" startTime="2010-07-27T16:24:25.6137155-06:00" endTime="2010-07-27T16:24:25.6342220-06:00" testType="13cdc9d9-ddb5-4fa4-a97d-d965ccfc6d4b" outcome="Passed" testListId="8c84fa94-04c1-424b-9868-57a2d4851a1d">
      <Output>
      </Output>
    </UnitTestResult>
    <UnitTestResult executionId="849b05cc-afa2-42a8-8086-17337eee3cf4" testId="662508b4-f085-f22d-3de7-0fdaafabeb6a" testName="TestResetPasswordTemplate_TextOnly" computerName="US07SBUILD01" duration="00:00:00.0246592" startTime="2010-07-27T16:24:25.6351985-06:00" endTime="2010-07-27T16:24:25.6654700-06:00" testType="13cdc9d9-ddb5-4fa4-a97d-d965ccfc6d4b" outcome="Passed" testListId="8c84fa94-04c1-424b-9868-57a2d4851a1d">
      <Output>
      </Output>
    </UnitTestResult>
    <UnitTestResult executionId="ce56cdfb-3228-4c5e-9e70-114a846cf7c5" testId="adadfdb4-815b-5b39-8aa5-28696d1ce15b" testName="TestWelcomeNewUserTemplate_TextOnly" computerName="US07SBUILD01" duration="00:00:00.0080451" startTime="2010-07-27T16:24:25.6674230-06:00" endTime="2010-07-27T16:24:25.6801175-06:00" testType="13cdc9d9-ddb5-4fa4-a97d-d965ccfc6d4b" outcome="Passed" testListId="8c84fa94-04c1-424b-9868-57a2d4851a1d">
      <Output>
      </Output>
    </UnitTestResult>
    <UnitTestResult executionId="59612160-c739-4b6b-9f67-4bdcaa6ef0cf" testId="97b5cac0-802d-5be6-5d9c-def4088fa9d7" testName="ValidateTransferXml" computerName="US07SBUILD01" duration="00:00:00.0023827" startTime="2010-07-27T16:24:25.6850000-06:00" endTime="2010-07-27T16:24:25.6918355-06:00" testType="13cdc9d9-ddb5-4fa4-a97d-d965ccfc6d4b" outcome="Passed" testListId="8c84fa94-04c1-424b-9868-57a2d4851a1d">
      <Output>
        <DebugTrace>*********************************************************************************************
﻿&lt;?xml version="1.0" encoding="utf-8"?&gt;
&lt;iq id="33" type="set"&gt;
  &lt;Transfer xmlns="urn:logitech-com:logitech-alert:device:media:recording:file"&gt;
    &lt;MediaRecording id="12345" xmlns="urn:logitech-com:logitech-alert:device:media:recording:file" /&gt;
    &lt;FileTransfer xmlns="urn:logitech-com:logitech-alert:file-transfer"&gt;
      &lt;TransferMethod type="urn:logitech-com:logitech-alert:file-transfer:method:http:post"&gt;
        &lt;Property name="Url" value="http://xdevw01.dvs.logitech.com/clips/FF-01-AB-22-33-01/12345" /&gt;
        &lt;Property name="UseOnlineAuthToken" value="1" /&gt;
      &lt;/TransferMethod&gt;
    &lt;/FileTransfer&gt;
  &lt;/Transfer&gt;
&lt;/iq&gt;
*********************************************************************************************
</DebugTrace>
      </Output>
    </UnitTestResult>
    <UnitTestResult executionId="90470020-e7b6-48b6-ab9c-2286de30d511" testId="3774576f-f7ef-72ad-6d17-57888d12ea59" testName="HeadersAreAdded" computerName="US07SBUILD01" duration="00:00:00.0032523" startTime="2010-07-27T16:24:25.6937885-06:00" endTime="2010-07-27T16:24:25.7045300-06:00" testType="13cdc9d9-ddb5-4fa4-a97d-d965ccfc6d4b" outcome="Passed" testListId="8c84fa94-04c1-424b-9868-57a2d4851a1d">
      <Output>
      </Output>
    </UnitTestResult>
  </Results>
</TestRun>