<?xml version="1.0" encoding="UTF-8" ?>
<testsuite errors="0" failures="15" hostname="ruspd-student3" name="TestClass0_0" tests="30" time="1.203"
           timestamp="2008-10-30T17:11:25">
    <properties>
        <property name="java.vendor" value="Sun Microsystems Inc."/>
        <property name="testproject.testoutput.dir"
                  value="C:\TeamCity\buildAgent\work\TestProject/out/test/TestProject"/>
        <property name="compiler.debug" value="on"/>
        <property name="sun.java.launcher" value="SUN_STANDARD"/>
        <property name="teamcity.buildConfName" value="TestProjectBuild"/>
        <property name="sun.management.compiler" value="HotSpot Client Compiler"/>
        <property name="build.number.format" value="{0}"/>
        <property name="agent.home.dir" value="C:\TeamCity\buildAgent"/>
        <property name="module.testproject.basedir" value="C:\TeamCity\buildAgent\work\TestProject"/>
        <property name="os.name" value="Windows XP"/>
        <property name="teamcity.build.properties.file"
                  value="C:\TeamCity\buildAgent\temp\agentTmp\teamcity.build21726.properties"/>
        <property name="sun.boot.class.path"
                  value="C:\Program Files\Java\jdk1.5.0_14\jre\lib\rt.jar;C:\Program Files\Java\jdk1.5.0_14\jre\lib\i18n.jar;C:\Program Files\Java\jdk1.5.0_14\jre\lib\sunrsasign.jar;C:\Program Files\Java\jdk1.5.0_14\jre\lib\jsse.jar;C:\Program Files\Java\jdk1.5.0_14\jre\lib\jce.jar;C:\Program Files\Java\jdk1.5.0_14\jre\lib\charsets.jar;C:\Program Files\Java\jdk1.5.0_14\jre\classes"/>
        <property name="DotNetFramework2.0_Path" value="C:\WINDOWS\Microsoft.NET\Framework\v2.0.50727"/>
        <property name="compiler.args" value=""/>
        <property name="build.number" value="43"/>
        <property name="ant.file.testreportparserplugin" value="C:\TeamCity\buildAgent\work\TestProject\build.xml"/>
        <property name="sun.desktop" value="windows"/>
        <property name="DotNetFramework2.0" value=""/>
        <property name="java.vm.specification.vendor" value="Sun Microsystems Inc."/>
        <property name="agent.name" value="ruspd-student3"/>
        <property name="teamcity.dotnet.nunitlauncher2.0"
                  value="C:\TeamCity\buildAgent\plugins\dotnetPlugin\bin\JetBrains.BuildServer.NUnitLauncher2.0.exe"/>
        <property name="ant.home" value="c:\Program Files\apache-ant-1.7.1"/>
        <property name="java.runtime.version" value="1.5.0_14-b03"/>
        <property name="DotNetFramework1.1" value=""/>
        <property name="teamcity.auth.password" value="vTka1EguUCz4uBF2iXE9ijYYtf5XYHc0"/>
        <property name="teamcity.dotnet.coveragelauncher"
                  value="C:\TeamCity\buildAgent\plugins\dotnetPlugin\bin\TeamCityRunners\JetBrains.dotTrace.TeamCity.CoverageRunner.exe"/>
        <property name="teamcity.dotnet.nunitlauncher1.1"
                  value="C:\TeamCity\buildAgent\plugins\dotnetPlugin\bin\JetBrains.BuildServer.NUnitLauncher1.1.exe"/>
        <property name="agent.flow" value="285781077447990"/>
        <property name="user.name" value="SYSTEM"/>
        <property name="compiler.args.testproject" value=""/>
        <property name="teamcity.build.workingDir" value="C:\TeamCity\buildAgent\work\TestProject"/>
        <property name="DotNetFramework1.1_x86_Path" value="C:\WINDOWS\Microsoft.NET\Framework\v1.1.4322"/>
        <property name="idea.build.agent.port" value="9090"/>
        <property name="teamcity.dotnet.nunitaddin"
                  value="C:\TeamCity\buildAgent\plugins\dotnetPlugin\bin\JetBrains.TeamCity.NUnitAddin-NUnit"/>
        <property name="user.language" value="ru"/>
        <property name="sun.boot.library.path" value="C:\Program Files\Java\jdk1.5.0_14\jre\bin"/>
        <property name="ant.project.name" value="testreportparserplugin"/>
        <property name="java.version" value="1.5.0_14"/>
        <property name="testproject.output.dir"
                  value="C:\TeamCity\buildAgent\work\TestProject/out/production/TestProject"/>
        <property name="user.timezone" value="Europe/Moscow"/>
        <property name="teamcity.dotnet.platform"
                  value="C:\TeamCity\buildAgent\plugins\dotnetPlugin\bin\JetBrains.TeamCity.PlatformProcessRunner.1.1.exe"/>
        <property name="teamcity.buildType.id" value="bt3"/>
        <property name="sun.arch.data.model" value="32"/>
        <property name="java.endorsed.dirs" value="C:\Program Files\Java\jdk1.5.0_14\jre\lib\endorsed"/>
        <property name="sun.cpu.isalist" value=""/>
        <property name="sun.jnu.encoding" value="Cp1251"/>
        <property name="file.encoding.pkg" value="sun.io"/>
        <property name="file.separator" value="\"/>
        <property name="java.specification.name" value="Java Platform API Specification"/>
        <property name="java.class.version" value="49.0"/>
        <property name="path.variable.teamcitydistribution" value="C:/TeamCity"/>
        <property name="user.country" value="RU"/>
        <property name="java.home" value="C:\Program Files\Java\jdk1.5.0_14\jre"/>
        <property name="java.vm.info" value="mixed mode"/>
        <property name="teamcity.auth.userId" value="TeamCityBuildId=80"/>
        <property name="ant.file" value="C:\TeamCity\buildAgent\work\TestProject\build.xml"/>
        <property name="os.version" value="5.1"/>
        <property name="teamcity.dotnet.nunitlauncher.msbuild.task"
                  value="C:\TeamCity\buildAgent\plugins\dotnetPlugin\bin\JetBrains.BuildServer.MSBuildLoggers.dll"/>
        <property name="path.separator" value=";"/>
        <property name="java.vm.version" value="1.5.0_14-b03"/>
        <property name="ant.task.extensions"
                  value="jetbrains.buildServer.agent.ant.CompilerAntExtension,jetbrains.buildServer.agent.ant.EchoAntExtension,jetbrains.buildServer.agent.ant.JUnitFirstTestsToRunExtension,jetbrains.buildServer.coverage.AntCoverageAdapter,jetbrains.buildServer.testng.TestNGTaskExtension,jetbrains.buildServer.testng.TestNGFirstTestsToRunExtension,"/>
        <property name="user.variant" value=""/>
        <property name="ant.library.dir" value="C:\Program Files\apache-ant-1.7.1\lib"/>
        <property name="java.awt.printerjob" value="sun.awt.windows.WPrinterJob"/>
        <property name="sun.io.unicode.encoding" value="UnicodeLittle"/>
        <property name="awt.toolkit" value="sun.awt.windows.WToolkit"/>
        <property name="ant.file.testproject" value="C:\TeamCity\buildAgent\work\TestProject\testproject.xml"/>
        <property name="teamcity.agent.cpuBenchmark" value="70"/>
        <property name="compiler.max.memory" value="128m"/>
        <property name="user.home" value="C:\"/>
        <property name="java.specification.vendor" value="Sun Microsystems Inc."/>
        <property name="java.vendor.url" value="http://java.sun.com/"/>
        <property name="java.library.path"
                  value="C:\Program Files\Java\jdk1.5.0_14\bin;.;C:\WINDOWS\system32;C:\WINDOWS;C:\WINDOWS\system32;C:\WINDOWS;C:\WINDOWS\System32\Wbem;C:\Program Files\Intel\DMIX;C:\Program Files\apache-ant-1.7.1\bin"/>
        <property name="teamcity.projectName" value="TestReportParserPlugin"/>
        <property name="java.vm.vendor" value="Sun Microsystems Inc."/>
        <property name="java.runtime.name" value="Java(TM) 2 Runtime Environment, Standard Edition"/>
        <property name="ant.version" value="Apache Ant version 1.7.1 compiled on June 27 2008"/>
        <property name="java.class.path"
                  value="C:\Program Files\apache-ant-1.7.1\lib\ant-launcher.jar;C:\TeamCity\buildAgent\lib\buildServerRuntimeUtil.jar;C:\TeamCity\buildAgent\plugins\antPlugin\lib\buildServerAntRuntime.jar;C:\Program Files\apache-ant-1.7.1\lib\ant-antlr.jar;C:\Program Files\apache-ant-1.7.1\lib\ant-apache-bcel.jar;C:\Program Files\apache-ant-1.7.1\lib\ant-apache-bsf.jar;C:\Program Files\apache-ant-1.7.1\lib\ant-apache-log4j.jar;C:\Program Files\apache-ant-1.7.1\lib\ant-apache-oro.jar;C:\Program Files\apache-ant-1.7.1\lib\ant-apache-regexp.jar;C:\Program Files\apache-ant-1.7.1\lib\ant-apache-resolver.jar;C:\Program Files\apache-ant-1.7.1\lib\ant-commons-logging.jar;C:\Program Files\apache-ant-1.7.1\lib\ant-commons-net.jar;C:\Program Files\apache-ant-1.7.1\lib\ant-jai.jar;C:\Program Files\apache-ant-1.7.1\lib\ant-javamail.jar;C:\Program Files\apache-ant-1.7.1\lib\ant-jdepend.jar;C:\Program Files\apache-ant-1.7.1\lib\ant-jmf.jar;C:\Program Files\apache-ant-1.7.1\lib\ant-jsch.jar;C:\Program Files\apache-ant-1.7.1\lib\ant-junit.jar;C:\Program Files\apache-ant-1.7.1\lib\ant-launcher.jar;C:\Program Files\apache-ant-1.7.1\lib\ant-netrexx.jar;C:\Program Files\apache-ant-1.7.1\lib\ant-nodeps.jar;C:\Program Files\apache-ant-1.7.1\lib\ant-starteam.jar;C:\Program Files\apache-ant-1.7.1\lib\ant-stylebook.jar;C:\Program Files\apache-ant-1.7.1\lib\ant-swing.jar;C:\Program Files\apache-ant-1.7.1\lib\ant-testutil.jar;C:\Program Files\apache-ant-1.7.1\lib\ant-trax.jar;C:\Program Files\apache-ant-1.7.1\lib\ant-weblogic.jar;C:\Program Files\apache-ant-1.7.1\lib\ant.jar;C:\Program Files\apache-ant-1.7.1\lib\junit-4.5.jar;C:\Program Files\apache-ant-1.7.1\lib\xercesImpl.jar;C:\Program Files\apache-ant-1.7.1\lib\xml-apis.jar;C:\Program Files\Java\jdk1.5.0_14\lib\tools.jar"/>
        <property name="java.vm.specification.name" value="Java Virtual Machine Specification"/>
        <property name="teamcity.dotnet.nunitlauncher"
                  value="C:\TeamCity\buildAgent\plugins\dotnetPlugin\bin\JetBrains.BuildServer.NUnitLauncher.exe"/>
        <property name="java.vm.specification.version" value="1.0"/>
        <property name="build.vcs.number.1" value="1215"/>
        <property name="agent.work.dir" value="C:\TeamCity\buildAgent\work"/>
        <property name="sun.os.patch.level" value="Service Pack 3"/>
        <property name="sun.cpu.endian" value="little"/>
        <property name="java.io.tmpdir" value="C:\TeamCity\buildAgent\temp\buildTmp"/>
        <property name="java.vendor.url.bug" value="http://java.sun.com/cgi-bin/bugreport.cgi"/>
        <property name="agent.classpath"
                  value="C:/TeamCity/buildAgent/lib/utils.jar;C:/TeamCity/buildAgent/plugins/antPlugin/lib/buildServerAntServerLogging.jar;C:/TeamCity/buildAgent/plugins/coveragePlugin/lib/emma.jar;C:/TeamCity/buildAgent/lib/buildServerServerLogging.jar;C:/TeamCity/buildAgent/lib/xmlrpc-2.0.1.jar;C:/TeamCity/buildAgent/lib/xpp3_min-1.1.3.4.M.jar;C:/TeamCity/buildAgent/lib/buildServerXmlRpcWrapper.jar;C:/TeamCity/buildAgent/plugins/testNGPlugin/lib/testNGAntExtension.jar;C:/TeamCity/buildAgent/lib/buildServerCommonRuntime.jar;C:/TeamCity/buildAgent/lib/commons-codec-1.3.jar;C:/TeamCity/buildAgent/lib/xstream-1.2.1.jar;C:/TeamCity/buildAgent/lib/buildServerMessages.jar;C:/TeamCity/buildAgent/plugins/coveragePlugin/lib/coverageAgentRuntime.jar"/>
        <property name="DotNetFramework2.0_x86" value=""/>
        <property name="build.vcs.number.svn__http___st_svn_student_trunk_TestProject" value="1215"/>
        <property name="DotNetFramework1.1_Path" value="C:\WINDOWS\Microsoft.NET\Framework\v1.1.4322"/>
        <property name="build.vcs.number" value="1215"/>
        <property name="java.awt.graphicsenv" value="sun.awt.Win32GraphicsEnvironment"/>
        <property name="os.arch" value="x86"/>
        <property name="teamcity.build.checkoutDir" value="C:\TeamCity\buildAgent\work\TestProject"/>
        <property name="compiler.generate.no.warnings" value="off"/>
        <property name="java.ext.dirs" value="C:\Program Files\Java\jdk1.5.0_14\jre\lib\ext"/>
        <property name="user.dir" value="C:\TeamCity\buildAgent\work\TestProject"/>
        <property name="idea.build.server.build.id" value="80"/>
        <property name="DotNetFramework1.1_x86" value=""/>
        <property name="line.separator" value="
"/>
        <property name="java.vm.name" value="Java HotSpot(TM) Client VM"/>
        <property name="basedir" value="C:\TeamCity\buildAgent\work\TestProject"/>
        <property name="ant.java.version" value="1.5"/>
        <property name="ant.core.lib" value="C:\Program Files\apache-ant-1.7.1\lib\ant.jar"/>
        <property name="file.encoding" value="Cp1251"/>
        <property name="DotNetFramework2.0_x86_Path" value="C:\WINDOWS\Microsoft.NET\Framework\v2.0.50727"/>
        <property name="java.specification.version" value="1.5"/>
        <property name="teamcity.dotnet.nunitlauncher2.0.vsts"
                  value="C:\TeamCity\buildAgent\plugins\dotnetPlugin\bin\JetBrains.BuildServer.NUnitLauncher2.0.VSTS.exe"/>
        <property name="teamcity.build.tempDir" value="C:\TeamCity\buildAgent\temp\buildTmp"/>
    </properties>
    <testcase classname="TestClass0_0" name="test0" time="0.031"/>
    <testcase classname="TestClass0_0" name="test1" time="0.047">
        <failure message="Assertion message form test" type="junit.framework.AssertionFailedError">
            junit.framework.AssertionFailedError: Assertion message form test
            at TestClass0_0.test1(Unknown Source)
        </failure>
    </testcase>
    <testcase classname="TestClass0_0" name="test2" time="0.015"/>
    <testcase classname="TestClass0_0" name="test3" time="0.047">
        <failure message="Assertion message form test" type="junit.framework.AssertionFailedError">
            junit.framework.AssertionFailedError: Assertion message form test
            at TestClass0_0.test3(Unknown Source)
        </failure>
    </testcase>
    <testcase classname="TestClass0_0" name="test4" time="0.016"/>
    <testcase classname="TestClass0_0" name="test5" time="0.031">
        <failure message="Assertion message form test" type="junit.framework.AssertionFailedError">
            junit.framework.AssertionFailedError: Assertion message form test
            at TestClass0_0.test5(Unknown Source)
        </failure>
    </testcase>
    <testcase classname="TestClass0_0" name="test6" time="0.0"/>
    <testcase classname="TestClass0_0" name="test7" time="0.032">
        <failure message="Assertion message form test" type="junit.framework.AssertionFailedError">
            junit.framework.AssertionFailedError: Assertion message form test
            at TestClass0_0.test7(Unknown Source)
        </failure>
    </testcase>
    <testcase classname="TestClass0_0" name="test8" time="0.015"/>
    <testcase classname="TestClass0_0" name="test9" time="0.032">
        <failure message="Assertion message form test" type="junit.framework.AssertionFailedError">
            junit.framework.AssertionFailedError: Assertion message form test
            at TestClass0_0.test9(Unknown Source)
        </failure>
    </testcase>
    <testcase classname="TestClass0_0" name="test10" time="0.0"/>
    <testcase classname="TestClass0_0" name="test11" time="0.015">
        <failure message="Assertion message form test" type="junit.framework.AssertionFailedError">
            junit.framework.AssertionFailedError: Assertion message form test
            at TestClass0_0.test11(Unknown Source)
        </failure>
    </testcase>
    <testcase classname="TestClass0_0" name="test12" time="0.0"/>
    <testcase classname="TestClass0_0" name="test13" time="0.031">
        <failure message="Assertion message form test" type="junit.framework.AssertionFailedError">
            junit.framework.AssertionFailedError: Assertion message form test
            at TestClass0_0.test13(Unknown Source)
        </failure>
    </testcase>
    <testcase classname="TestClass0_0" name="test14" time="0.016"/>
    <testcase classname="TestClass0_0" name="test15" time="0.031">
        <failure message="Assertion message form test" type="junit.framework.AssertionFailedError">
            junit.framework.AssertionFailedError: Assertion message form test
            at TestClass0_0.test15(Unknown Source)
        </failure>
    </testcase>
    <testcase classname="TestClass0_0" name="test16" time="0.0"/>
    <testcase classname="TestClass0_0" name="test17" time="0.016">
        <failure message="Assertion message form test" type="junit.framework.AssertionFailedError">
            junit.framework.AssertionFailedError: Assertion message form test
            at TestClass0_0.test17(Unknown Source)
        </failure>
    </testcase>
    <testcase classname="TestClass0_0" name="test18" time="0.0"/>
    <testcase classname="TestClass0_0" name="test19" time="0.031">
        <failure message="Assertion message form test" type="junit.framework.AssertionFailedError">
            junit.framework.AssertionFailedError: Assertion message form test
            at TestClass0_0.test19(Unknown Source)
        </failure>
    </testcase>
    <testcase classname="TestClass0_0" name="test20" time="0.016"/>
    <testcase classname="TestClass0_0" name="test21" time="0.016">
        <failure message="Assertion message form test" type="junit.framework.AssertionFailedError">
            junit.framework.AssertionFailedError: Assertion message form test
            at TestClass0_0.test21(Unknown Source)
        </failure>
    </testcase>
    <testcase classname="TestClass0_0" name="test22" time="0.0"/>
    <testcase classname="TestClass0_0" name="test23" time="0.016">
        <failure message="Assertion message form test" type="junit.framework.AssertionFailedError">
            junit.framework.AssertionFailedError: Assertion message form test
            at TestClass0_0.test23(Unknown Source)
        </failure>
    </testcase>
    <testcase classname="TestClass0_0" name="test24" time="0.0"/>
    <testcase classname="TestClass0_0" name="test25" time="0.031">
        <failure message="Assertion message form test" type="junit.framework.AssertionFailedError">
            junit.framework.AssertionFailedError: Assertion message form test
            at TestClass0_0.test25(Unknown Source)
        </failure>
    </testcase>
    <testcase classname="TestClass0_0" name="test26" time="0.0"/>
    <testcase classname="TestClass0_0" name="test27" time="0.015">
        <failure message="Assertion message form test" type="junit.framework.AssertionFailedError">
            junit.framework.AssertionFailedError: Assertion message form test
            at TestClass0_0.test27(Unknown Source)
        </failure>
    </testcase>
    <testcase classname="TestClass0_0" name="test28" time="0.0"/>
    <testcase classname="TestClass0_0" name="test29" time="0.016">
        <failure message="Assertion message form test" type="junit.framework.AssertionFailedError">
            junit.framework.AssertionFailedError: Assertion message form test
            at TestClass0_0.test29(Unknown Source)
        </failure>
    </testcase>
    <system-out><![CDATA[]]></system-out>
    <system-err><![CDATA[]]></system-err>
</testsuite>
